30 28.0113 1
35 26.7424 1
23 25.9650 1
8 24.6114 1
42 22.4491 1
2 21.9270 1
16 20.8223 1
14 20.6103 1
28 19.7802 1
31 19.3675 1
46 19.2306 1
25 19.1673 1
19 18.7125 1
24 18.3621 1
37 18.0792 1
29 17.9703 1
34 17.9498 1
4 17.5247 1
43 16.7451 1
12 16.5950 1
5 16.4677 1
13 16.1756 1
9 15.9498 1
11 15.7190 1
26 15.6469 1
21 15.1321 1
10 14.5046 1
0 14.3341 1
38 14.0160 1
6 13.3579 1
18 13.0045 1
15 11.2575 1
33 11.2204 1
22 11.0025 1
36 10.5438 1
39 10.2470 1
494 9.8932 0
49 9.5356 1
120 8.4933 0
20 8.0562 1
69 7.4782 0
551 7.4235 0
45 7.3826 1
207 6.9744 0
417 6.8057 0
944 6.7822 0
17 6.6452 1
3 6.4746 1
1340 6.4580 0
1758 6.3635 0
569 6.3215 0
1995 6.2605 0
64 6.2107 0
55 6.0321 0
1581 5.9767 0
1828 5.9197 0
861 5.7270 0
1733 5.6992 0
61 5.6858 0
1877 5.5977 0
1116 5.5852 0
1782 5.5285 0
532 5.4546 0
1098 5.4387 0
919 5.4364 0
1801 5.3937 0
1 5.3541 1
869 5.3475 0
1358 5.3140 0
1736 5.2977 0
588 5.2802 0
557 5.2427 0
271 5.2248 0
1284 5.1936 0
1191 5.1236 0
1351 5.0875 0
1126 5.0014 0
506 5.0013 0
89 4.9650 0
1820 4.9515 0
230 4.9171 0
77 4.8821 0
837 4.8589 0
563 4.8563 0
182 4.7323 0
1078 4.7029 0
589 4.6983 0
1117 4.6578 0
444 4.6352 0
923 4.6137 0
1157 4.5957 0
644 4.4952 0
1102 4.4636 0
51 4.4603 0
1369 4.4378 0
82 4.4309 0
1386 4.4158 0
1818 4.3951 0
84 4.3615 0
7 4.3341 1
1167 4.3330 0
1492 4.2788 0
482 4.2758 0
410 4.2523 0
313 4.2521 0
1227 4.2219 0
1879 4.2142 0
48 4.2135 1
1883 4.2098 0
1496 4.1623 0
297 4.1444 0
805 4.1400 0
611 4.1128 0
454 4.0715 0
1773 4.0678 0
92 4.0616 0
1153 4.0603 0
269 4.0524 0
1325 4.0293 0
331 4.0240 0
81 4.0215 0
566 4.0127 0
1831 4.0023 0
1987 3.9968 0
580 3.9599 0
401 3.9588 0
1755 3.9217 0
1099 3.8816 0
1872 3.8462 0
829 3.8439 0
1554 3.8376 0
420 3.8347 0
1201 3.8277 0
1769 3.8219 0
1054 3.8192 0
1076 3.7985 0
323 3.7775 0
446 3.7664 0
556 3.7621 0
1052 3.7149 0
1771 3.7079 0
54 3.6932 0
643 3.6843 0
491 3.6724 0
921 3.6689 0
414 3.6647 0
448 3.6615 0
600 3.6415 0
1927 3.6415 0
294 3.5829 0
933 3.5736 0
577 3.5711 0
1855 3.5696 0
1724 3.5610 0
93 3.5374 0
836 3.5349 0
286 3.5321 0
1970 3.5219 0
400 3.5084 0
648 3.4884 0
1133 3.4750 0
413 3.4703 0
267 3.4571 0
1725 3.4527 0
1747 3.4527 0
1730 3.4523 0
1844 3.4418 0
1211 3.4356 0
63 3.4312 0
726 3.4304 0
1979 3.4223 0
407 3.4196 0
1839 3.4116 0
44 3.3986 1
576 3.3878 0
613 3.3828 0
565 3.3621 0
349 3.3612 0
1395 3.3489 0
1130 3.3434 0
1986 3.3429 0
1001 3.3399 0
198 3.3316 0
1062 3.3276 0
1985 3.3276 0
571 3.3262 0
511 3.3258 0
1806 3.3118 0
447 3.3015 0
1889 3.2921 0
550 3.2600 0
279 3.2558 0
428 3.2534 0
599 3.2525 0
1301 3.2398 0
1706 3.2285 0
1796 3.2017 0
593 3.1975 0
1980 3.1910 0
1700 3.1896 0
1805 3.1858 0
1287 3.1818 0
1268 3.1700 0
597 3.1658 0
630 3.1565 0
429 3.1561 0
568 3.1518 0
1260 3.1485 0
607 3.1337 0
66 3.1104 0
1894 3.1101 0
1471 3.1094 0
98 3.0980 0
431 3.0954 0
947 3.0898 0
764 3.0771 0
619 3.0747 0
1977 3.0603 0
131 3.0488 0
492 3.0383 0
870 3.0287 0
1057 3.0071 0
878 3.0063 0
1715 2.9950 0
57 2.9908 0
298 2.9873 0
1816 2.9692 0
1371 2.9580 0
669 2.9555 0
1737 2.9523 0
977 2.9516 0
251 2.9482 0
423 2.9438 0
1891 2.9300 0
1767 2.9268 0
1851 2.9246 0
1451 2.9244 0
554 2.9166 0
96 2.9024 0
1435 2.9016 0
1092 2.8898 0
56 2.8824 0
1380 2.8779 0
653 2.8647 0
1564 2.8620 0
1154 2.8557 0
581 2.8479 0
903 2.8457 0
52 2.8407 0
1642 2.8397 0
1735 2.8320 0
330 2.8173 0
544 2.8088 0
210 2.8050 0
27 2.7984 1
918 2.7914 0
595 2.7762 0
1738 2.7659 0
1837 2.7636 0
1777 2.7605 0
1573 2.7417 0
1885 2.7355 0
1867 2.7223 0
1849 2.7114 0
1162 2.7085 0
818 2.7011 0
1424 2.6941 0
1751 2.6931 0
32 2.6759 1
655 2.6656 0
1285 2.6596 0
40 2.6488 1
72 2.6481 0
641 2.6401 0
1645 2.6148 0
1838 2.6140 0
585 2.6124 0
1861 2.6106 0
474 2.5958 0
949 2.5751 0
1762 2.5635 0
1709 2.5552 0
1832 2.5490 0
1069 2.5475 0
635 2.5457 0
1406 2.5397 0
1452 2.5370 0
252 2.5344 0
1906 2.5244 0
1625 2.5232 0
1834 2.5166 0
1862 2.5148 0
258 2.4984 0
1808 2.4930 0
587 2.4884 0
1414 2.4787 0
902 2.4741 0
1882 2.4675 0
1376 2.4666 0
617 2.4594 0
1237 2.4554 0
477 2.4527 0
1106 2.4453 0
1348 2.4453 0
1812 2.4444 0
97 2.4417 0
602 2.4417 0
1053 2.4370 0
300 2.4304 0
1381 2.4178 0
171 2.4172 0
956 2.4113 0
76 2.4086 0
907 2.4005 0
684 2.3874 0
86 2.3810 0
592 2.3628 0
1901 2.3615 0
443 2.3537 0
1846 2.3416 0
1629 2.3370 0
1833 2.3242 0
1718 2.3119 0
909 2.3055 0
1079 2.2807 0
1748 2.2706 0
1398 2.2696 0
1760 2.2621 0
1103 2.2554 0
1909 2.2509 0
1944 2.2462 0
860 2.2461 0
688 2.2366 0
163 2.2355 0
729 2.2185 0
404 2.2156 0
578 2.2131 0
614 2.2026 0
1800 2.2023 0
1175 2.1879 0
1081 2.1764 0
822 2.1734 0
692 2.1703 0
1483 2.1678 0
299 2.1642 0
1603 2.1514 0
1814 2.1466 0
1034 2.1431 0
1969 2.1333 0
421 2.1332 0
1027 2.1312 0
625 2.1254 0
1892 2.1163 0
1993 2.1124 0
1225 2.1051 0
1943 2.0969 0
70 2.0938 0
558 2.0930 0
645 2.0911 0
1300 2.0752 0
798 2.0732 0
1220 2.0687 0
75 2.0519 0
1539 2.0496 0
433 2.0302 0
263 2.0284 0
445 2.0241 0
1131 2.0171 0
1732 2.0087 0
339 1.9994 0
416 1.9990 0
562 1.9988 0
211 1.9988 0
1196 1.9949 0
503 1.9906 0
927 1.9870 0
1721 1.9726 0
481 1.9683 0
782 1.9631 0
343 1.9565 0
273 1.9531 0
1719 1.9498 0
1475 1.9317 0
1869 1.9268 0
121 1.9254 0
458 1.9187 0
1575 1.9113 0
1006 1.9080 0
1075 1.9013 0
1373 1.8846 0
525 1.8834 0
916 1.8788 0
1929 1.8759 0
529 1.8705 0
129 1.8603 0
1753 1.8579 0
79 1.8576 0
1622 1.8542 0
498 1.8406 0
747 1.8400 0
1378 1.8337 0
810 1.8287 0
78 1.8263 0
321 1.8254 0
1447 1.8202 0
442 1.8195 0
536 1.8150 0
1322 1.8135 0
573 1.8128 0
493 1.8095 0
62 1.8024 0
1323 1.8010 0
290 1.8006 0
1809 1.7990 0
1746 1.7938 0
1723 1.7761 0
1784 1.7670 0
1917 1.7357 0
1717 1.7336 0
1015 1.7316 0
1945 1.7314 0
1255 1.7304 0
403 1.7296 0
1356 1.7240 0
698 1.7215 0
1367 1.7173 0
615 1.7088 0
126 1.7056 0
1337 1.7026 0
276 1.6987 0
1964 1.6978 0
1701 1.6907 0
552 1.6870 0
1572 1.6833 0
832 1.6833 0
1865 1.6806 0
1866 1.6733 0
1864 1.6671 0
1963 1.6657 0
1003 1.6615 0
346 1.6608 0
307 1.6607 0
195 1.6456 0
1473 1.6415 0
284 1.6415 0
1177 1.6341 0
1953 1.6328 0
914 1.6275 0
1811 1.6218 0
117 1.6165 0
106 1.6145 0
842 1.6105 0
608 1.6040 0
1615 1.6008 0
95 1.5985 0
1502 1.5963 0
1393 1.5892 0
591 1.5874 0
1810 1.5866 0
1236 1.5851 0
1490 1.5837 0
41 1.5760 1
1634 1.5675 0
422 1.5643 0
424 1.5556 0
285 1.5494 0
1423 1.5486 0
1063 1.5435 0
1923 1.5433 0
851 1.5414 0
778 1.5408 0
119 1.5402 0
1022 1.5372 0
264 1.5358 0
456 1.5328 0
1246 1.5308 0
164 1.5292 0
1793 1.5269 0
1821 1.5226 0
1148 1.5164 0
594 1.5139 0
838 1.5137 0
702 1.5103 0
1875 1.5055 0
1397 1.5024 0
815 1.4946 0
946 1.4918 0
1073 1.4852 0
453 1.4740 0
866 1.4635 0
1962 1.4634 0
1714 1.4552 0
1705 1.4529 0
175 1.4477 0
567 1.4476 0
315 1.4385 0
816 1.4340 0
1899 1.4334 0
296 1.4233 0
1141 1.4192 0
441 1.4144 0
813 1.4089 0
160 1.4070 0
904 1.4041 0
1974 1.4031 0
1716 1.4023 0
1071 1.3983 0
642 1.3937 0
507 1.3888 0
1873 1.3876 0
1039 1.3793 0
1561 1.3674 0
1852 1.3590 0
1354 1.3583 0
1734 1.3495 0
601 1.3398 0
1105 1.3356 0
1928 1.3346 0
1802 1.3313 0
450 1.3290 0
1107 1.3263 0
885 1.3237 0
1305 1.3222 0
561 1.3165 0
1553 1.3161 0
624 1.3155 0
1815 1.3138 0
1965 1.3124 0
158 1.3103 0
788 1.3022 0
637 1.3010 0
1803 1.2998 0
310 1.2938 0
479 1.2924 0
1319 1.2919 0
1489 1.2852 0
872 1.2843 0
74 1.2811 0
497 1.2806 0
1623 1.2799 0
334 1.2733 0
1764 1.2712 0
227 1.2682 0
1975 1.2655 0
706 1.2647 0
480 1.2632 0
473 1.2628 0
1216 1.2615 0
118 1.2604 0
1335 1.2546 0
1548 1.2530 0
1556 1.2509 0
1135 1.2507 0
1507 1.2417 0
305 1.2403 0
696 1.2356 0
1156 1.2348 0
797 1.2267 0
289 1.2261 0
1976 1.2249 0
1731 1.2198 0
302 1.2164 0
1708 1.2138 0
1392 1.2101 0
771 1.2003 0
610 1.1935 0
691 1.1905 0
1710 1.1889 0
1826 1.1741 0
1256 1.1714 0
1959 1.1692 0
1139 1.1648 0
876 1.1610 0
858 1.1600 0
80 1.1574 0
1498 1.1505 0
53 1.1482 0
436 1.1481 0
590 1.1474 0
1289 1.1472 0
1888 1.1458 0
1382 1.1454 0
432 1.1420 0
1966 1.1404 0
318 1.1394 0
657 1.1351 0
638 1.1325 0
1729 1.1311 0
1094 1.1266 0
440 1.1217 0
784 1.1196 0
859 1.1155 0
1396 1.1148 0
1614 1.1134 0
736 1.1122 0
1066 1.1092 0
467 1.1076 0
1997 1.1063 0
488 1.1004 0
295 1.0972 0
257 1.0961 0
570 1.0900 0
1275 1.0786 0
1954 1.0784 0
387 1.0737 0
1443 1.0700 0
1189 1.0627 0
1469 1.0552 0
1978 1.0533 0
1151 1.0471 0
1890 1.0452 0
1090 1.0425 0
1149 1.0400 0
1713 1.0374 0
306 1.0322 0
155 1.0315 0
1913 1.0302 0
259 1.0268 0
1306 1.0260 0
1430 1.0246 0
123 1.0232 0
418 1.0220 0
133 1.0212 0
843 1.0167 0
943 1.0121 0
618 1.0111 0
1939 1.0042 0
935 0.9979 0
1707 0.9885 0
1389 0.9882 0
586 0.9870 0
47 0.9787 1
1060 0.9784 0
1267 0.9760 0
889 0.9757 0
1084 0.9743 0
150 0.9693 0
1230 0.9692 0
841 0.9655 0
1743 0.9640 0
1114 0.9597 0
59 0.9566 0
682 0.9514 0
1860 0.9490 0
1506 0.9474 0
1294 0.9360 0
948 0.9321 0
395 0.9247 0
515 0.9210 0
1150 0.9177 0
913 0.9134 0
91 0.9056 0
1212 0.9015 0
462 0.8969 0
839 0.8928 0
1744 0.8902 0
1896 0.8681 0
1059 0.8660 0
1822 0.8612 0
1621 0.8604 0
1584 0.8597 0
438 0.8577 0
1366 0.8534 0
415 0.8512 0
83 0.8475 0
216 0.8403 0
360 0.8387 0
1994 0.8360 0
1310 0.8328 0
1843 0.8281 0
291 0.8276 0
1930 0.8264 0
1935 0.8253 0
1302 0.8247 0
1047 0.8241 0
1077 0.8184 0
1463 0.8164 0
549 0.8150 0
1165 0.8115 0
1574 0.8103 0
1113 0.8093 0
1971 0.8082 0
1486 0.8066 0
1070 0.8033 0
237 0.7984 0
1857 0.7940 0
1648 0.7939 0
579 0.7899 0
543 0.7823 0
930 0.7772 0
1044 0.7686 0
60 0.7654 0
865 0.7641 0
1947 0.7639 0
1558 0.7622 0
1643 0.7614 0
584 0.7591 0
1535 0.7580 0
654 0.7546 0
1112 0.7476 0
939 0.7464 0
347 0.7433 0
112 0.7352 0
1058 0.7332 0
1226 0.7264 0
596 0.7186 0
1140 0.7114 0
936 0.7107 0
1330 0.7065 0
471 0.7062 0
260 0.7050 0
942 0.7019 0
1500 0.7002 0
1295 0.6940 0
891 0.6907 0
1446 0.6869 0
1538 0.6772 0
526 0.6769 0
58 0.6762 0
1644 0.6747 0
922 0.6724 0
1403 0.6690 0
178 0.6662 0
877 0.6637 0
1005 0.6548 0
484 0.6512 0
1193 0.6512 0
773 0.6504 0
1249 0.6501 0
340 0.6500 0
1474 0.6486 0
1359 0.6419 0
1217 0.6362 0
911 0.6292 0
1527 0.6288 0
1210 0.6244 0
895 0.6233 0
523 0.6199 0
1848 0.6179 0
1093 0.6167 0
862 0.6111 0
564 0.6099 0
434 0.6033 0
1998 0.5875 0
1531 0.5802 0
1067 0.5769 0
1277 0.5710 0
402 0.5707 0
1334 0.5706 0
1232 0.5696 0
917 0.5670 0
800 0.5618 0
513 0.5527 0
1903 0.5505 0
1646 0.5492 0
825 0.5486 0
929 0.5484 0
1525 0.5471 0
1168 0.5467 0
1360 0.5456 0
1439 0.5430 0
555 0.5387 0
1580 0.5342 0
631 0.5215 0
341 0.5130 0
763 0.5099 0
162 0.5091 0
1000 0.5083 0
281 0.5037 0
1863 0.4997 0
1159 0.4993 0
1042 0.4932 0
1089 0.4918 0
803 0.4901 0
288 0.4891 0
899 0.4887 0
817 0.4871 0
1628 0.4864 0
1712 0.4836 0
1028 0.4806 0
1202 0.4796 0
1587 0.4769 0
1830 0.4698 0
1454 0.4680 0
197 0.4665 0
1797 0.4665 0
647 0.4664 0
856 0.4635 0
1357 0.4569 0
239 0.4563 0
1375 0.4547 0
1413 0.4546 0
301 0.4538 0
875 0.4502 0
165 0.4483 0
142 0.4476 0
1271 0.4468 0
628 0.4425 0
1608 0.4424 0
1002 0.4352 0
537 0.4334 0
945 0.4306 0
1789 0.4254 0
1847 0.4242 0
308 0.4218 0
256 0.4208 0
152 0.4201 0
1517 0.4184 0
1627 0.4172 0
190 0.4127 0
50 0.4052 0
176 0.4040 0
325 0.3977 0
1571 0.3949 0
1100 0.3938 0
338 0.3934 0
994 0.3887 0
941 0.3756 0
1853 0.3691 0
1937 0.3656 0
1080 0.3650 0
1468 0.3636 0
1208 0.3576 0
775 0.3524 0
1924 0.3430 0
1004 0.3351 0
671 0.3346 0
1025 0.3305 0
844 0.3268 0
873 0.3230 0
926 0.3207 0
435 0.3149 0
1023 0.3081 0
1074 0.3014 0
1955 0.3001 0
910 0.2983 0
409 0.2955 0
282 0.2848 0
87 0.2802 0
572 0.2794 0
831 0.2781 0
292 0.2727 0
1589 0.2708 0
1570 0.2668 0
1460 0.2664 0
1552 0.2642 0
1183 0.2592 0
85 0.2568 0
906 0.2547 0
1055 0.2527 0
283 0.2497 0
1018 0.2482 0
1547 0.2420 0
425 0.2397 0
1766 0.2369 0
1254 0.2325 0
1390 0.2260 0
560 0.2256 0
336 0.2250 0
1108 0.2248 0
1914 0.2247 0
752 0.2226 0
1109 0.2181 0
156 0.2133 0
632 0.2085 0
1200 0.2078 0
1563 0.2043 0
791 0.2022 0
1274 0.1995 0
952 0.1988 0
1364 0.1905 0
1176 0.1800 0
1243 0.1736 0
1181 0.1722 0
411 0.1639 0
1487 0.1595 0
1996 0.1542 0
385 0.1529 0
1352 0.1497 0
1174 0.1470 0
582 0.1466 0
896 0.1456 0
1681 0.1443 0
1190 0.1369 0
1775 0.1345 0
108 0.1333 0
1577 0.1321 0
1919 0.1274 0
235 0.1222 0
1807 0.1179 0
527 0.1169 0
819 0.1160 0
1720 0.1158 0
1049 0.1078 0
94 0.1075 0
897 0.1074 0
1876 0.1040 0
459 0.1018 0
1384 0.0974 0
623 0.0973 0
1278 0.0966 0
681 0.0965 0
937 0.0939 0
920 0.0939 0
984 0.0910 0
1037 0.0905 0
1910 0.0862 0
245 0.0849 0
1110 0.0753 0
406 0.0670 0
1829 0.0578 0
275 0.0556 0
1297 0.0532 0
849 0.0503 0
743 0.0457 0
1880 0.0331 0
612 0.0303 0
867 0.0249 0
1321 0.0219 0
1591 0.0215 0
1410 0.0208 0
1024 0.0174 0
1728 0.0124 0
1050 0.0111 0
898 0.0106 0
1845 0.0096 0
1598 0.0090 0
888 0.0064 0
427 0.0059 0
559 -0.0024 0
1361 -0.0106 0
1257 -0.0169 0
1045 -0.0195 0
811 -0.0197 0
1546 -0.0215 0
1551 -0.0216 0
510 -0.0224 0
1926 -0.0227 0
656 -0.0240 0
389 -0.0254 0
1534 -0.0267 0
693 -0.0299 0
857 -0.0368 0
961 -0.0396 0
1329 -0.0420 0
1583 -0.0421 0
371 -0.0423 0
1612 -0.0431 0
659 -0.0447 0
1456 -0.0590 0
1388 -0.0598 0
928 -0.0627 0
620 -0.0631 0
1912 -0.0636 0
1372 -0.0694 0
1213 -0.0720 0
1593 -0.0733 0
606 -0.0782 0
1578 -0.0782 0
1422 -0.0795 0
231 -0.0819 0
1495 -0.0823 0
1597 -0.0837 0
1261 -0.0874 0
189 -0.0969 0
1915 -0.0971 0
719 -0.0974 0
1925 -0.0986 0
412 -0.0999 0
1125 -0.1056 0
1152 -0.1159 0
218 -0.1161 0
985 -0.1162 0
1972 -0.1203 0
1960 -0.1214 0
520 -0.1262 0
1144 -0.1271 0
1204 -0.1334 0
1792 -0.1366 0
1368 -0.1368 0
1336 -0.1406 0
71 -0.1449 0
1222 -0.1459 0
724 -0.1468 0
1961 -0.1503 0
1946 -0.1510 0
1258 -0.1513 0
328 -0.1514 0
900 -0.1558 0
1088 -0.1574 0
1590 -0.1640 0
509 -0.1650 0
1933 -0.1653 0
1566 -0.1718 0
1433 -0.1737 0
1518 -0.1785 0
316 -0.1841 0
1253 -0.1855 0
1247 -0.1885 0
672 -0.1900 0
934 -0.1918 0
1870 -0.1927 0
187 -0.1974 0
1457 -0.2026 0
1172 -0.2142 0
874 -0.2170 0
270 -0.2173 0
1233 -0.2225 0
677 -0.2233 0
335 -0.2235 0
1061 -0.2236 0
1649 -0.2251 0
1858 -0.2287 0
1594 -0.2289 0
1082 -0.2302 0
767 -0.2324 0
1365 -0.2328 0
1279 -0.2330 0
1938 -0.2363 0
1264 -0.2365 0
180 -0.2371 0
616 -0.2375 0
1742 -0.2383 0
1374 -0.2395 0
478 -0.2408 0
327 -0.2415 0
1021 -0.2454 0
1968 -0.2512 0
1582 -0.2551 0
1429 -0.2560 0
280 -0.2560 0
369 -0.2573 0
215 -0.2657 0
1824 -0.2678 0
1040 -0.2703 0
756 -0.2709 0
855 -0.2739 0
1326 -0.2743 0
1887 -0.2757 0
574 -0.2757 0
1950 -0.2806 0
1569 -0.2809 0
781 -0.2843 0
674 -0.2845 0
254 -0.2881 0
915 -0.2892 0
1630 -0.2899 0
455 -0.2926 0
449 -0.2945 0
105 -0.2947 0
379 -0.2957 0
598 -0.2962 0
1952 -0.2965 0
173 -0.3015 0
931 -0.3016 0
1749 -0.3024 0
1478 -0.3048 0
1774 -0.3070 0
90 -0.3130 0
1983 -0.3141 0
848 -0.3142 0
1898 -0.3149 0
1562 -0.3204 0
166 -0.3251 0
721 -0.3259 0
1819 -0.3271 0
1124 -0.3308 0
864 -0.3313 0
1339 -0.3376 0
1817 -0.3408 0
545 -0.3467 0
1545 -0.3502 0
490 -0.3509 0
1868 -0.3532 0
1511 -0.3565 0
483 -0.3592 0
1949 -0.3592 0
1790 -0.3595 0
1228 -0.3657 0
1269 -0.3663 0
1813 -0.3686 0
460 -0.3694 0
1859 -0.3698 0
233 -0.3747 0
1639 -0.3761 0
1740 -0.3781 0
853 -0.3804 0
1911 -0.3858 0
348 -0.3869 0
393 -0.3882 0
1786 -0.3895 0
828 -0.3899 0
255 -0.3954 0
386 -0.3963 0
1097 -0.3974 0
1981 -0.3979 0
358 -0.4032 0
1607 -0.4035 0
1653 -0.4047 0
542 -0.4133 0
1482 -0.4140 0
1309 -0.4164 0
461 -0.4184 0
883 -0.4191 0
1618 -0.4204 0
1437 -0.4208 0
1951 -0.4209 0
1344 -0.4257 0
405 -0.4259 0
1741 -0.4294 0
247 -0.4303 0
1702 -0.4308 0
192 -0.4329 0
1576 -0.4331 0
704 -0.4332 0
894 -0.4361 0
499 -0.4382 0
840 -0.4482 0
1523 -0.4502 0
852 -0.4512 0
170 -0.4555 0
1599 -0.4636 0
1038 -0.4683 0
1363 -0.4700 0
1878 -0.4707 0
1761 -0.4715 0
268 -0.4745 0
177 -0.4761 0
882 -0.4762 0
881 -0.4767 0
99 -0.4781 0
439 -0.4804 0
880 -0.4862 0
1504 -0.4890 0
332 -0.4903 0
809 -0.4935 0
1043 -0.4940 0
1918 -0.4957 0
715 -0.4997 0
646 -0.5025 0
1916 -0.5028 0
1051 -0.5047 0
390 -0.5054 0
783 -0.5062 0
1957 -0.5083 0
1138 -0.5116 0
505 -0.5125 0
1240 -0.5149 0
1293 -0.5183 0
723 -0.5196 0
812 -0.5200 0
1280 -0.5215 0
786 -0.5223 0
1262 -0.5239 0
1245 -0.5296 0
229 -0.5322 0
501 -0.5329 0
1184 -0.5343 0
1391 -0.5372 0
329 -0.5393 0
1182 -0.5467 0
1346 -0.5556 0
651 -0.5565 0
1680 -0.5601 0
1304 -0.5602 0
1798 -0.5622 0
806 -0.5628 0
1095 -0.5688 0
65 -0.5733 0
1685 -0.5747 0
1444 -0.5794 0
1900 -0.5797 0
734 -0.5809 0
621 -0.5810 0
1850 -0.5812 0
700 -0.5818 0
1234 -0.5832 0
992 -0.5847 0
161 -0.5852 0
1662 -0.5853 0
738 -0.5856 0
1219 -0.5858 0
751 -0.5873 0
1703 -0.5896 0
1207 -0.5916 0
868 -0.5950 0
293 -0.5958 0
887 -0.5964 0
1283 -0.5975 0
452 -0.5983 0
1252 -0.6004 0
324 -0.6043 0
1056 -0.6056 0
1519 -0.6078 0
68 -0.6096 0
419 -0.6143 0
408 -0.6168 0
1312 -0.6261 0
1897 -0.6274 0
181 -0.6279 0
512 -0.6332 0
1198 -0.6384 0
1704 -0.6385 0
1605 -0.6438 0
830 -0.6451 0
789 -0.6493 0
1595 -0.6572 0
1722 -0.6616 0
1122 -0.6616 0
1825 -0.6633 0
1494 -0.6651 0
202 -0.6686 0
553 -0.6739 0
535 -0.6748 0
272 -0.6776 0
938 -0.6867 0
1010 -0.7009 0
761 -0.7014 0
67 -0.7059 0
1756 -0.7070 0
1383 -0.7129 0
88 -0.7132 0
1484 -0.7170 0
1555 -0.7192 0
1461 -0.7197 0
1464 -0.7201 0
1505 -0.7208 0
1697 -0.7214 0
1385 -0.7243 0
963 -0.7257 0
660 -0.7281 0
1711 -0.7293 0
250 -0.7316 0
661 -0.7359 0
1313 -0.7362 0
1842 -0.7460 0
711 -0.7472 0
102 -0.7505 0
780 -0.7510 0
196 -0.7517 0
146 -0.7541 0
954 -0.7555 0
1992 -0.7570 0
605 -0.7586 0
183 -0.7611 0
253 -0.7657 0
1307 -0.7671 0
1123 -0.7676 0
262 -0.7681 0
430 -0.7695 0
1048 -0.7699 0
755 -0.7703 0
760 -0.7707 0
1242 -0.7711 0
154 -0.7746 0
1617 -0.7748 0
547 -0.7768 0
383 -0.7863 0
1178 -0.7875 0
1544 -0.7876 0
1317 -0.7911 0
212 -0.7916 0
664 -0.7958 0
287 -0.7977 0
1543 -0.7990 0
727 -0.8006 0
1989 -0.8016 0
1104 -0.8041 0
1727 -0.8086 0
1567 -0.8092 0
1308 -0.8145 0
1436 -0.8158 0
1223 -0.8162 0
1160 -0.8165 0
924 -0.8190 0
1765 -0.8231 0
834 -0.8246 0
1263 -0.8282 0
1902 -0.8294 0
1333 -0.8300 0
1465 -0.8305 0
633 -0.8382 0
366 -0.8393 0
521 -0.8395 0
1982 -0.8419 0
1874 -0.8433 0
1596 -0.8439 0
728 -0.8477 0
1327 -0.8487 0
368 -0.8505 0
796 -0.8534 0
352 -0.8543 0
1541 -0.8548 0
1488 -0.8562 0
833 -0.8583 0
932 -0.8629 0
1804 -0.8632 0
1266 -0.8645 0
1984 -0.8651 0
636 -0.8687 0
451 -0.8713 0
827 -0.8716 0
148 -0.8727 0
892 -0.8743 0
1281 -0.8760 0
495 -0.8774 0
1453 -0.8779 0
1290 -0.8904 0
1349 -0.8928 0
690 -0.9001 0
658 -0.9071 0
241 -0.9105 0
1276 -0.9107 0
871 -0.9137 0
169 -0.9217 0
355 -0.9232 0
1886 -0.9287 0
1568 -0.9306 0
1411 -0.9314 0
785 -0.9318 0
1101 -0.9326 0
1530 -0.9340 0
1739 -0.9347 0
1188 -0.9357 0
847 -0.9377 0
364 -0.9478 0
113 -0.9509 0
1173 -0.9587 0
1854 -0.9614 0
1328 -0.9703 0
1611 -0.9712 0
1068 -0.9754 0
314 -0.9760 0
1029 -0.9772 0
1342 -0.9804 0
912 -0.9849 0
640 -0.9866 0
191 -0.9885 0
683 -0.9948 0
1524 -0.9981 0
1338 -1.0042 0
1314 -1.0097 0
168 -1.0110 0
1343 -1.0149 0
989 -1.0206 0
1776 -1.0233 0
320 -1.0235 0
322 -1.0237 0
1008 -1.0255 0
779 -1.0303 0
962 -1.0343 0
384 -1.0390 0
1472 -1.0392 0
344 -1.0402 0
1147 -1.0460 0
1791 -1.0478 0
1514 -1.0482 0
244 -1.0559 0
905 -1.0575 0
1137 -1.0579 0
213 -1.0580 0
575 -1.0582 0
111 -1.0682 0
174 -1.0685 0
1540 -1.0689 0
209 -1.0705 0
392 -1.0762 0
1241 -1.0794 0
232 -1.0835 0
768 -1.0875 0
345 -1.0876 0
1586 -1.0935 0
634 -1.0970 0
1745 -1.1016 0
351 -1.1035 0
1684 -1.1064 0
246 -1.1105 0
1387 -1.1186 0
1085 -1.1189 0
1485 -1.1212 0
1143 -1.1218 0
1155 -1.1250 0
1999 -1.1328 0
1895 -1.1342 0
1528 -1.1343 0
1011 -1.1346 0
1688 -1.1378 0
1641 -1.1390 0
1315 -1.1400 0
680 -1.1407 0
1455 -1.1532 0
1781 -1.1584 0
709 -1.1601 0
266 -1.1645 0
741 -1.1692 0
1420 -1.1717 0
958 -1.1720 0
1215 -1.1729 0
1606 -1.1763 0
1347 -1.1835 0
1613 -1.1869 0
399 -1.1904 0
718 -1.1921 0
1632 -1.1932 0
151 -1.1946 0
1835 -1.1950 0
777 -1.1960 0
705 -1.1984 0
753 -1.1994 0
1827 -1.2009 0
381 -1.2028 0
1601 -1.2038 0
534 -1.2054 0
470 -1.2086 0
745 -1.2097 0
774 -1.2112 0
533 -1.2122 0
1559 -1.2154 0
1442 -1.2156 0
687 -1.2206 0
373 -1.2225 0
1921 -1.2276 0
186 -1.2328 0
374 -1.2348 0
1893 -1.2391 0
850 -1.2458 0
1251 -1.2466 0
278 -1.2501 0
1931 -1.2507 0
140 -1.2533 0
1799 -1.2569 0
312 -1.2639 0
1904 -1.2677 0
1402 -1.2694 0
725 -1.2698 0
1291 -1.2714 0
823 -1.2732 0
1292 -1.2733 0
304 -1.2829 0
1565 -1.2835 0
807 -1.2873 0
375 -1.2903 0
1407 -1.2923 0
1512 -1.2929 0
886 -1.2948 0
1536 -1.2971 0
1418 -1.2987 0
652 -1.2997 0
821 -1.3105 0
1265 -1.3108 0
1458 -1.3127 0
124 -1.3143 0
1244 -1.3174 0
1431 -1.3181 0
530 -1.3262 0
1199 -1.3392 0
976 -1.3434 0
1726 -1.3453 0
1604 -1.3461 0
1763 -1.3471 0
639 -1.3489 0
1087 -1.3538 0
475 -1.3578 0
863 -1.3602 0
795 -1.3603 0
1592 -1.3636 0
136 -1.3698 0
1479 -1.3709 0
604 -1.3716 0
1585 -1.3756 0
1579 -1.3785 0
846 -1.3789 0
1672 -1.3830 0
966 -1.3881 0
1273 -1.3905 0
1516 -1.3911 0
476 -1.3926 0
1493 -1.3927 0
814 -1.3934 0
1526 -1.3939 0
144 -1.3942 0
1509 -1.4001 0
223 -1.4016 0
1542 -1.4107 0
1836 -1.4113 0
1180 -1.4229 0
1533 -1.4229 0
508 -1.4255 0
548 -1.4272 0
228 -1.4291 0
363 -1.4301 0
185 -1.4335 0
1259 -1.4352 0
1355 -1.4360 0
1086 -1.4370 0
519 -1.4372 0
1370 -1.4418 0
496 -1.4434 0
138 -1.4438 0
1973 -1.4455 0
1450 -1.4467 0
1610 -1.4554 0
1588 -1.4624 0
990 -1.4666 0
103 -1.4763 0
382 -1.4849 0
370 -1.4868 0
1785 -1.4927 0
1940 -1.4979 0
1778 -1.5008 0
426 -1.5013 0
790 -1.5066 0
1296 -1.5066 0
1840 -1.5079 0
199 -1.5093 0
1990 -1.5097 0
665 -1.5114 0
953 -1.5137 0
1394 -1.5157 0
908 -1.5188 0
362 -1.5191 0
1425 -1.5207 0
754 -1.5211 0
238 -1.5219 0
127 -1.5240 0
1163 -1.5244 0
122 -1.5282 0
1046 -1.5288 0
153 -1.5321 0
1936 -1.5385 0
1221 -1.5434 0
1129 -1.5519 0
668 -1.5522 0
801 -1.5525 0
1759 -1.5563 0
516 -1.5575 0
583 -1.5695 0
1757 -1.5708 0
804 -1.5755 0
766 -1.5765 0
1250 -1.5847 0
627 -1.5860 0
835 -1.5887 0
740 -1.5889 0
901 -1.5917 0
333 -1.5928 0
1205 -1.5947 0
1379 -1.5973 0
110 -1.6007 0
799 -1.6025 0
372 -1.6102 0
1192 -1.6140 0
107 -1.6143 0
115 -1.6148 0
391 -1.6157 0
73 -1.6164 0
1142 -1.6197 0
1311 -1.6205 0
1132 -1.6210 0
1409 -1.6226 0
1788 -1.6293 0
1128 -1.6339 0
1235 -1.6362 0
261 -1.6368 0
1209 -1.6478 0
1884 -1.6568 0
1286 -1.6572 0
1298 -1.6604 0
1017 -1.6675 0
172 -1.6691 0
1503 -1.6727 0
772 -1.6735 0
1362 -1.6741 0
1120 -1.6760 0
975 -1.6771 0
1908 -1.6812 0
528 -1.6817 0
1194 -1.6846 0
1438 -1.6910 0
998 -1.6936 0
1016 -1.6938 0
317 -1.6951 0
1417 -1.6959 0
1303 -1.6972 0
1841 -1.6979 0
1399 -1.7049 0
1682 -1.7063 0
1670 -1.7100 0
1497 -1.7117 0
1823 -1.7135 0
234 -1.7157 0
1065 -1.7184 0
311 -1.7192 0
1905 -1.7213 0
879 -1.7230 0
629 -1.7249 0
1513 -1.7281 0
139 -1.7283 0
1772 -1.7287 0
1529 -1.7314 0
808 -1.7359 0
248 -1.7371 0
539 -1.7384 0
1119 -1.7518 0
1427 -1.7543 0
376 -1.7656 0
965 -1.7695 0
1224 -1.7711 0
1448 -1.7829 0
1779 -1.7904 0
1026 -1.7925 0
184 -1.7931 0
1520 -1.7945 0
159 -1.8002 0
468 -1.8016 0
802 -1.8067 0
1134 -1.8068 0
972 -1.8071 0
820 -1.8100 0
194 -1.8103 0
854 -1.8111 0
1510 -1.8128 0
337 -1.8193 0
1136 -1.8201 0
204 -1.8217 0
1515 -1.8265 0
735 -1.8273 0
319 -1.8354 0
274 -1.8390 0
1118 -1.8395 0
1856 -1.8468 0
1171 -1.8512 0
1521 -1.8519 0
1958 -1.8527 0
1600 -1.8792 0
1679 -1.8820 0
765 -1.8840 0
1481 -1.8847 0
1445 -1.8944 0
388 -1.8946 0
1161 -1.8950 0
1426 -1.8953 0
1030 -1.9004 0
1687 -1.9019 0
378 -1.9033 0
1013 -1.9068 0
1948 -1.9107 0
1881 -1.9112 0
1557 -1.9152 0
1907 -1.9220 0
1432 -1.9246 0
1111 -1.9247 0
1115 -1.9263 0
128 -1.9266 0
463 -1.9269 0
893 -1.9301 0
603 -1.9318 0
502 -1.9376 0
1185 -1.9380 0
309 -1.9388 0
708 -1.9436 0
1665 -1.9489 0
1091 -1.9516 0
678 -1.9641 0
1195 -1.9776 0
145 -1.9827 0
748 -1.9845 0
354 -1.9874 0
957 -1.9877 0
1299 -1.9935 0
219 -1.9951 0
1404 -1.9976 0
1014 -1.9995 0
730 -2.0000 0
1041 -2.0006 0
710 -2.0020 0
1770 -2.0041 0
770 -2.0092 0
703 -2.0161 0
1624 -2.0198 0
679 -2.0309 0
514 -2.0359 0
951 -2.0369 0
769 -2.0419 0
1686 -2.0494 0
100 -2.0531 0
1203 -2.0554 0
1158 -2.0565 0
699 -2.0571 0
1072 -2.0717 0
472 -2.0777 0
1942 -2.0812 0
1696 -2.0895 0
1652 -2.0901 0
670 -2.0979 0
353 -2.1021 0
968 -2.1037 0
1083 -2.1073 0
739 -2.1087 0
1434 -2.1100 0
485 -2.1156 0
380 -2.1204 0
1626 -2.1224 0
940 -2.1225 0
1499 -2.1249 0
1272 -2.1249 0
225 -2.1324 0
242 -2.1355 0
1754 -2.1402 0
1794 -2.1416 0
1145 -2.1543 0
1316 -2.1560 0
1871 -2.1569 0
517 -2.1580 0
149 -2.1582 0
1096 -2.1587 0
522 -2.1600 0
1477 -2.1603 0
757 -2.1609 0
749 -2.1615 0
130 -2.1619 0
1270 -2.1663 0
1033 -2.1738 0
179 -2.1766 0
205 -2.1786 0
1466 -2.1793 0
1787 -2.1821 0
201 -2.1836 0
649 -2.1933 0
1690 -2.2020 0
541 -2.2062 0
713 -2.2080 0
666 -2.2088 0
787 -2.2110 0
824 -2.2135 0
1401 -2.2136 0
1692 -2.2156 0
996 -2.2191 0
361 -2.2203 0
1146 -2.2209 0
673 -2.2216 0
342 -2.2280 0
707 -2.2391 0
489 -2.2425 0
993 -2.2513 0
1537 -2.2517 0
1656 -2.2634 0
367 -2.2638 0
733 -2.2638 0
1169 -2.2717 0
518 -2.2720 0
1699 -2.2750 0
980 -2.2887 0
686 -2.2888 0
1449 -2.2910 0
1248 -2.2987 0
1532 -2.3026 0
1320 -2.3310 0
141 -2.3448 0
114 -2.3458 0
356 -2.3541 0
1412 -2.3606 0
167 -2.3635 0
1206 -2.3679 0
776 -2.3726 0
437 -2.3745 0
236 -2.3832 0
1197 -2.3855 0
1440 -2.3946 0
722 -2.3948 0
1036 -2.3964 0
1331 -2.3983 0
1683 -2.4013 0
504 -2.4133 0
792 -2.4280 0
1693 -2.4369 0
695 -2.4419 0
1922 -2.4453 0
1441 -2.4640 0
1657 -2.4790 0
1007 -2.4812 0
1282 -2.4866 0
220 -2.4988 0
759 -2.5075 0
1415 -2.5173 0
398 -2.5241 0
464 -2.5247 0
955 -2.5253 0
1170 -2.5362 0
265 -2.5388 0
1218 -2.5434 0
208 -2.5466 0
890 -2.5471 0
1470 -2.5523 0
1638 -2.5581 0
950 -2.5610 0
1661 -2.5688 0
1631 -2.5779 0
1934 -2.5913 0
101 -2.6017 0
109 -2.6018 0
697 -2.6022 0
203 -2.6084 0
1377 -2.6130 0
1318 -2.6143 0
970 -2.6230 0
1660 -2.6251 0
303 -2.6297 0
1179 -2.6320 0
1522 -2.6354 0
1549 -2.6376 0
995 -2.6445 0
1408 -2.6452 0
1341 -2.6477 0
540 -2.6576 0
609 -2.6616 0
1658 -2.6655 0
1035 -2.6666 0
277 -2.6790 0
1419 -2.6837 0
1932 -2.6858 0
1166 -2.6859 0
685 -2.6884 0
925 -2.6915 0
662 -2.7020 0
1467 -2.7096 0
731 -2.7135 0
1920 -2.7191 0
243 -2.7223 0
845 -2.7241 0
742 -2.7322 0
365 -2.7380 0
143 -2.7419 0
971 -2.7451 0
135 -2.7463 0
1353 -2.7480 0
1239 -2.7522 0
1698 -2.7587 0
1667 -2.7591 0
1609 -2.7646 0
222 -2.7776 0
737 -2.7908 0
1288 -2.8072 0
1031 -2.8104 0
675 -2.8317 0
226 -2.8317 0
1416 -2.8338 0
982 -2.8370 0
1619 -2.8383 0
116 -2.8484 0
689 -2.8526 0
1602 -2.8539 0
1689 -2.8610 0
1640 -2.8658 0
750 -2.8742 0
1674 -2.8876 0
200 -2.8879 0
1121 -2.9049 0
1795 -2.9065 0
1462 -2.9133 0
650 -2.9245 0
457 -2.9256 0
1350 -2.9290 0
987 -2.9297 0
793 -2.9392 0
626 -2.9471 0
1655 -2.9515 0
500 -2.9554 0
1491 -2.9600 0
524 -2.9609 0
394 -2.9658 0
1633 -2.9711 0
744 -2.9737 0
1164 -2.9832 0
1650 -2.9836 0
1637 -3.0030 0
137 -3.0169 0
967 -3.0207 0
1956 -3.0220 0
1324 -3.0330 0
1550 -3.0546 0
240 -3.0791 0
546 -3.0919 0
1616 -3.0930 0
397 -3.1027 0
1032 -3.1111 0
1750 -3.1175 0
214 -3.1221 0
531 -3.1235 0
357 -3.1322 0
326 -3.1397 0
1675 -3.1406 0
147 -3.1445 0
1214 -3.1476 0
249 -3.1579 0
701 -3.1637 0
1988 -3.1712 0
973 -3.1754 0
732 -3.1848 0
720 -3.1875 0
1669 -3.1953 0
188 -3.1963 0
1654 -3.2118 0
884 -3.2246 0
1967 -3.2411 0
1620 -3.2414 0
1659 -3.2418 0
1560 -3.2459 0
1428 -3.2594 0
1480 -3.2662 0
1941 -3.2762 0
465 -3.2764 0
487 -3.2781 0
377 -3.2783 0
1345 -3.2790 0
1501 -3.2916 0
1421 -3.2940 0
964 -3.3402 0
1187 -3.3528 0
1768 -3.3915 0
1186 -3.3976 0
1476 -3.4025 0
224 -3.4156 0
538 -3.4320 0
1691 -3.4650 0
359 -3.4876 0
466 -3.4975 0
676 -3.5135 0
1332 -3.5137 0
694 -3.5171 0
1231 -3.5222 0
1229 -3.5653 0
1238 -3.6110 0
988 -3.6116 0
396 -3.6590 0
983 -3.6722 0
193 -3.7038 0
486 -3.7200 0
1651 -3.7245 0
134 -3.7259 0
794 -3.7294 0
991 -3.7538 0
1647 -3.7759 0
714 -3.7911 0
826 -3.7922 0
1783 -3.7992 0
157 -3.8512 0
1400 -3.8540 0
469 -3.8590 0
217 -3.8671 0
1636 -3.8784 0
997 -3.8842 0
667 -3.9113 0
959 -3.9389 0
221 -3.9600 0
762 -3.9630 0
712 -3.9855 0
1127 -3.9869 0
979 -3.9934 0
1635 -3.9955 0
758 -3.9996 0
622 -4.0153 0
663 -4.0206 0
1064 -4.0248 0
960 -4.0358 0
132 -4.0372 0
1508 -4.0380 0
1671 -4.0821 0
1694 -4.1161 0
1666 -4.2017 0
1678 -4.2411 0
986 -4.2590 0
1695 -4.2625 0
1012 -4.2702 0
1020 -4.2756 0
1668 -4.2883 0
1780 -4.3406 0
1663 -4.3426 0
969 -4.3463 0
1677 -4.4410 0
125 -4.4979 0
717 -4.5134 0
350 -4.5364 0
716 -4.5569 0
206 -4.7422 0
1676 -5.2700 0
1459 -5.3576 0
999 -5.4467 0
1405 -5.5333 0
746 -5.5848 0
1991 -5.5877 0
1019 -5.6075 0
974 -5.6343 0
978 -5.6477 0
1009 -5.7227 0
1673 -5.7361 0
981 -5.7586 0
104 -5.9723 0
1664 -6.0171 0
1752 -7.0686 0
