98 25.6263 1
95 24.3697 1
86 23.9615 1
79 23.8557 1
92 22.1333 1
90 20.6795 1
54 19.3204 1
81 18.9516 1
82 18.1113 1
1748 17.1978 0
89 17.0723 1
70 15.9752 1
50 15.6075 1
61 15.5888 1
94 15.1882 1
91 15.0494 1
1720 14.7918 0
64 14.7579 1
57 14.7413 1
63 14.7283 1
69 14.4849 1
75 14.1668 1
56 13.8026 1
78 13.7156 1
52 13.7154 1
71 13.6954 1
1718 13.6158 0
62 13.4496 1
72 13.0795 1
58 13.0421 1
76 12.9146 1
1730 12.8962 0
1701 12.7096 0
1702 12.4764 0
1736 12.0824 0
96 12.0267 1
60 11.9594 1
80 11.3038 1
83 10.9279 1
68 10.7930 1
59 10.6611 1
51 10.5699 1
99 10.5538 1
67 10.1718 1
1744 9.9749 0
1709 9.6843 0
1735 9.6785 0
1815 9.6616 0
1712 9.4674 0
1746 9.2697 0
85 9.0840 1
55 9.0809 1
623 9.0777 0
1723 8.9202 0
1844 8.6363 0
74 8.6279 1
1700 8.5135 0
77 8.4910 1
1716 8.4408 0
53 8.2915 1
1725 8.2240 0
1747 8.2240 0
1729 8.0587 0
294 8.0297 0
1130 7.8072 0
97 7.7821 1
1724 7.7304 0
1571 7.4430 0
1707 7.2559 0
1743 7.2016 0
1749 6.9286 0
619 6.7966 0
1740 6.7701 0
1719 6.7287 0
1721 6.7132 0
1708 6.6966 0
73 6.6366 1
794 6.4919 0
1706 6.3627 0
87 6.2729 1
37 6.2524 0
1738 6.1567 0
640 6.0970 0
1731 6.0210 0
1737 5.9877 0
605 5.9655 0
1825 5.8439 0
1732 5.7361 0
1176 5.6920 0
121 5.5969 0
1042 5.5401 0
93 5.4773 1
1389 5.4578 0
1820 5.3695 0
1722 5.2784 0
1717 5.2130 0
1705 5.1767 0
1814 5.1391 0
1849 5.0925 0
1018 5.0533 0
88 4.9986 1
261 4.9820 0
1367 4.9597 0
251 4.9345 0
1711 4.9284 0
1889 4.8603 0
346 4.7859 0
1828 4.6282 0
22 4.6033 0
267 4.5484 0
1598 4.5359 0
1374 4.5006 0
1835 4.4916 0
298 4.3398 0
1821 4.3308 0
1734 4.3220 0
1054 4.3085 0
1507 4.2727 0
1198 4.2521 0
192 4.1249 0
1742 4.0719 0
1189 4.0491 0
1035 4.0470 0
934 4.0297 0
1506 4.0014 0
1356 3.9270 0
1241 3.9220 0
191 3.8978 0
1727 3.8293 0
1102 3.7836 0
1773 3.7595 0
1770 3.7149 0
638 3.6049 0
1739 3.5996 0
1715 3.5499 0
27 3.4857 0
1807 3.4547 0
276 3.4506 0
193 3.4435 0
1726 3.4387 0
1163 3.3794 0
642 3.3567 0
1156 3.3410 0
575 3.2835 0
1167 3.2697 0
608 3.2360 0
1182 3.2031 0
1196 3.1930 0
954 3.1720 0
1801 3.1476 0
1888 3.1002 0
1299 3.0962 0
154 3.0831 0
1380 3.0596 0
284 3.0487 0
290 3.0280 0
1836 3.0189 0
1574 3.0179 0
459 3.0083 0
1386 2.9690 0
428 2.9585 0
142 2.9519 0
1166 2.9408 0
1488 2.9021 0
614 2.8615 0
1758 2.8577 0
1819 2.8572 0
1733 2.8284 0
859 2.8241 0
419 2.8216 0
1775 2.7577 0
481 2.7498 0
1539 2.7459 0
972 2.7322 0
1423 2.7305 0
1153 2.7226 0
781 2.7075 0
171 2.6626 0
1034 2.6499 0
1710 2.6490 0
1049 2.6401 0
520 2.6354 0
1151 2.6341 0
1301 2.6274 0
1843 2.5961 0
265 2.5899 0
279 2.5800 0
863 2.5636 0
277 2.5571 0
1395 2.5498 0
1316 2.5483 0
1703 2.5135 0
777 2.5003 0
1789 2.4938 0
38 2.4902 0
317 2.4880 0
1312 2.4441 0
296 2.4324 0
554 2.4184 0
1992 2.3923 0
1812 2.3699 0
1826 2.3636 0
65 2.3003 1
1847 2.2972 0
1378 2.2937 0
503 2.2825 0
767 2.2823 0
1436 2.2691 0
1192 2.2688 0
386 2.2605 0
772 2.2480 0
1996 2.2441 0
174 2.2432 0
589 2.2340 0
1326 2.2182 0
1580 2.2092 0
620 2.2089 0
805 2.2043 0
1169 2.2041 0
813 2.1937 0
1375 2.1877 0
513 2.1837 0
336 2.1660 0
1496 2.1582 0
561 2.1540 0
66 2.1514 1
956 2.1496 0
1728 2.1438 0
39 2.1365 0
1027 2.1307 0
369 2.1277 0
1817 2.1139 0
5 2.0988 0
1175 2.0622 0
278 2.0465 0
904 2.0416 0
315 2.0209 0
633 2.0101 0
1373 2.0053 0
217 2.0051 0
1831 1.9973 0
1381 1.9673 0
182 1.9535 0
903 1.9379 0
799 1.9146 0
613 1.9134 0
104 1.9128 0
1191 1.8855 0
21 1.8716 0
798 1.8603 0
1123 1.8549 0
1564 1.8540 0
895 1.8096 0
1004 1.8090 0
1022 1.8031 0
195 1.7975 0
1136 1.7825 0
1909 1.7800 0
1327 1.7753 0
1037 1.7615 0
1026 1.7333 0
1001 1.7237 0
1535 1.7048 0
762 1.6956 0
1804 1.6849 0
1785 1.6668 0
899 1.6167 0
644 1.5929 0
288 1.5896 0
1057 1.5830 0
950 1.5653 0
1116 1.5636 0
1323 1.5505 0
882 1.5430 0
635 1.5415 0
1480 1.5326 0
360 1.5305 0
790 1.5268 0
1797 1.5228 0
423 1.5164 0
1468 1.4928 0
20 1.4788 0
1070 1.4650 0
1304 1.4613 0
28 1.4478 0
1802 1.4473 0
1322 1.4398 0
855 1.4272 0
313 1.4226 0
1788 1.4187 0
1848 1.4177 0
563 1.4116 0
1554 1.3967 0
264 1.3854 0
1492 1.3849 0
1181 1.3711 0
1435 1.3557 0
1369 1.3399 0
1404 1.3319 0
223 1.3202 0
289 1.3017 0
476 1.2755 0
1046 1.2672 0
631 1.2572 0
1145 1.2540 0
168 1.2473 0
252 1.2398 0
272 1.2365 0
1774 1.2271 0
1816 1.2203 0
838 1.2189 0
1714 1.2103 0
1342 1.2074 0
1579 1.1932 0
1790 1.1894 0
1160 1.1808 0
477 1.1802 0
634 1.1789 0
1757 1.1720 0
1822 1.1672 0
401 1.1568 0
1517 1.1509 0
84 1.1447 1
431 1.1409 0
1036 1.1403 0
1666 1.1400 0
1249 1.1347 0
1359 1.1270 0
933 1.1198 0
707 1.1174 0
425 1.1135 0
274 1.1073 0
0 1.0890 0
1005 1.0858 0
392 1.0853 0
499 1.0775 0
1502 1.0695 0
987 1.0640 0
1294 1.0555 0
643 1.0464 0
335 1.0367 0
1834 1.0363 0
943 1.0331 0
1363 1.0316 0
1394 1.0283 0
1412 1.0272 0
1766 1.0246 0
427 1.0227 0
1308 1.0207 0
1526 1.0193 0
1755 1.0056 0
1813 1.0010 0
353 0.9889 0
932 0.9816 0
593 0.9656 0
1017 0.9613 0
761 0.9612 0
1014 0.9464 0
6 0.9383 0
210 0.9218 0
1292 0.9128 0
1152 0.9114 0
394 0.9019 0
358 0.8794 0
1704 0.8756 0
889 0.8703 0
1021 0.8702 0
299 0.8589 0
286 0.8539 0
856 0.8409 0
1833 0.8332 0
1317 0.8295 0
1445 0.8257 0
295 0.8251 0
750 0.7949 0
1157 0.7941 0
787 0.7903 0
788 0.7853 0
531 0.7844 0
562 0.7823 0
1592 0.7803 0
776 0.7782 0
1509 0.7767 0
1183 0.7707 0
1214 0.7527 0
177 0.7370 0
374 0.7333 0
547 0.7241 0
1897 0.6974 0
585 0.6936 0
1751 0.6816 0
270 0.6791 0
498 0.6642 0
1133 0.6640 0
1219 0.6614 0
542 0.6603 0
250 0.6562 0
915 0.6453 0
884 0.6436 0
1331 0.6396 0
1339 0.6362 0
409 0.6263 0
1185 0.6263 0
256 0.6249 0
418 0.6237 0
779 0.6194 0
350 0.6175 0
468 0.6153 0
1811 0.6068 0
328 0.6008 0
1787 0.5970 0
26 0.5957 0
283 0.5939 0
305 0.5854 0
1952 0.5778 0
1033 0.5770 0
474 0.5677 0
345 0.5533 0
851 0.5445 0
1713 0.5354 0
388 0.5330 0
334 0.5166 0
1534 0.5026 0
873 0.4983 0
1840 0.4973 0
1646 0.4926 0
1199 0.4919 0
648 0.4817 0
886 0.4697 0
432 0.4614 0
1783 0.4557 0
1474 0.4554 0
138 0.4505 0
259 0.4501 0
1565 0.4495 0
518 0.4432 0
726 0.4409 0
258 0.4375 0
1210 0.4359 0
342 0.4312 0
1399 0.4241 0
630 0.4162 0
1060 0.4077 0
1446 0.4048 0
134 0.4032 0
404 0.3938 0
1200 0.3910 0
331 0.3893 0
1869 0.3879 0
1845 0.3878 0
578 0.3862 0
610 0.3587 0
866 0.3564 0
1392 0.3506 0
1871 0.3481 0
116 0.3420 0
557 0.3371 0
995 0.3364 0
1117 0.3286 0
1044 0.3268 0
1832 0.3258 0
161 0.3143 0
1269 0.3141 0
1344 0.3074 0
1818 0.3003 0
860 0.3002 0
1620 0.2997 0
214 0.2993 0
650 0.2935 0
603 0.2929 0
1168 0.2917 0
1781 0.2860 0
1142 0.2824 0
383 0.2800 0
435 0.2796 0
722 0.2707 0
490 0.2598 0
393 0.2535 0
974 0.2529 0
496 0.2487 0
637 0.2333 0
1372 0.2313 0
1072 0.2290 0
1796 0.2224 0
1048 0.2216 0
1013 0.2215 0
1523 0.2201 0
1803 0.2179 0
1854 0.2099 0
618 0.2096 0
538 0.2086 0
1761 0.2082 0
1538 0.1957 0
1583 0.1926 0
1197 0.1924 0
966 0.1858 0
862 0.1802 0
1387 0.1723 0
773 0.1716 0
1465 0.1710 0
1919 0.1693 0
991 0.1633 0
559 0.1618 0
1841 0.1611 0
1753 0.1602 0
500 0.1584 0
1808 0.1570 0
395 0.1562 0
587 0.1558 0
146 0.1551 0
1750 0.1529 0
1202 0.1388 0
1838 0.1379 0
621 0.1361 0
765 0.1326 0
1336 0.1308 0
1837 0.1249 0
1440 0.1091 0
584 0.1087 0
24 0.1086 0
362 0.1073 0
143 0.1042 0
304 0.1015 0
1015 0.0998 0
685 0.0997 0
534 0.0966 0
1051 0.0914 0
1823 0.0899 0
1329 0.0796 0
627 0.0793 0
720 0.0792 0
793 0.0774 0
40 0.0755 0
572 0.0525 0
1800 0.0498 0
586 0.0480 0
268 0.0446 0
1934 0.0402 0
1407 0.0364 0
1390 0.0291 0
1958 0.0270 0
443 0.0192 0
321 0.0144 0
979 0.0136 0
1553 0.0100 0
17 0.0097 0
1794 0.0084 0
190 -0.0035 0
1003 -0.0249 0
544 -0.0269 0
555 -0.0291 0
755 -0.0313 0
159 -0.0318 0
379 -0.0349 0
1563 -0.0362 0
130 -0.0380 0
1865 -0.0388 0
486 -0.0507 0
770 -0.0555 0
287 -0.0707 0
857 -0.0810 0
804 -0.0846 0
497 -0.0971 0
896 -0.0983 0
406 -0.1019 0
1799 -0.1037 0
1201 -0.1047 0
870 -0.1076 0
888 -0.1080 0
123 -0.1080 0
1890 -0.1145 0
1143 -0.1166 0
219 -0.1172 0
885 -0.1184 0
1793 -0.1294 0
1174 -0.1297 0
194 -0.1396 0
1510 -0.1490 0
1493 -0.1498 0
782 -0.1536 0
347 -0.1555 0
449 -0.1590 0
4 -0.1609 0
616 -0.1651 0
1561 -0.1677 0
1362 -0.1687 0
878 -0.1697 0
1546 -0.1760 0
543 -0.1761 0
695 -0.1768 0
238 -0.1850 0
606 -0.1903 0
235 -0.1904 0
23 -0.1926 0
602 -0.1971 0
1824 -0.2076 0
1023 -0.2100 0
1094 -0.2116 0
1536 -0.2124 0
897 -0.2126 0
413 -0.2149 0
581 -0.2201 0
246 -0.2227 0
1855 -0.2243 0
292 -0.2253 0
368 -0.2319 0
1382 -0.2356 0
1745 -0.2359 0
1377 -0.2366 0
1769 -0.2369 0
502 -0.2406 0
1335 -0.2477 0
874 -0.2567 0
314 -0.2633 0
275 -0.2828 0
325 -0.2859 0
697 -0.2903 0
600 -0.2916 0
646 -0.3021 0
173 -0.3060 0
1805 -0.3062 0
370 -0.3212 0
1876 -0.3354 0
1965 -0.3371 0
120 -0.3388 0
1159 -0.3462 0
1403 -0.3560 0
759 -0.3629 0
415 -0.3662 0
495 -0.3663 0
203 -0.3742 0
1230 -0.3793 0
525 -0.3833 0
926 -0.3834 0
390 -0.3867 0
1209 -0.3888 0
105 -0.3906 0
1665 -0.4044 0
1278 -0.4104 0
877 -0.4131 0
385 -0.4139 0
539 -0.4153 0
580 -0.4159 0
1354 -0.4168 0
367 -0.4273 0
356 -0.4292 0
596 -0.4304 0
466 -0.4328 0
718 -0.4377 0
1069 -0.4409 0
1467 -0.4440 0
1528 -0.4464 0
1000 -0.4472 0
1792 -0.4498 0
1039 -0.4509 0
1903 -0.4565 0
1516 -0.4587 0
1188 -0.4621 0
1906 -0.4624 0
1936 -0.4650 0
984 -0.4743 0
1274 -0.4787 0
389 -0.4826 0
729 -0.4877 0
282 -0.4927 0
1541 -0.4970 0
1384 -0.4987 0
1937 -0.5006 0
391 -0.5014 0
929 -0.5048 0
128 -0.5088 0
736 -0.5096 0
396 -0.5112 0
1696 -0.5128 0
880 -0.5176 0
763 -0.5243 0
400 -0.5253 0
1118 -0.5371 0
16 -0.5375 0
674 -0.5473 0
1449 -0.5477 0
758 -0.5508 0
647 -0.5555 0
269 -0.5603 0
1121 -0.5619 0
1310 -0.5633 0
1161 -0.5639 0
187 -0.5654 0
592 -0.5655 0
475 -0.5702 0
1222 -0.5705 0
629 -0.5787 0
541 -0.5804 0
316 -0.5827 0
868 -0.5854 0
352 -0.5933 0
891 -0.5958 0
852 -0.6039 0
517 -0.6060 0
536 -0.6083 0
1154 -0.6092 0
473 -0.6096 0
364 -0.6099 0
311 -0.6103 0
1861 -0.6107 0
1784 -0.6133 0
1920 -0.6137 0
422 -0.6155 0
399 -0.6156 0
556 -0.6163 0
380 -0.6291 0
990 -0.6399 0
1008 -0.6466 0
464 -0.6538 0
1521 -0.6546 0
1778 -0.6551 0
1203 -0.6556 0
703 -0.6589 0
1852 -0.6643 0
754 -0.6643 0
1250 -0.6668 0
1029 -0.6673 0
611 -0.6685 0
456 -0.6710 0
1441 -0.6722 0
996 -0.6783 0
1953 -0.6846 0
1873 -0.6862 0
357 -0.6896 0
1501 -0.6985 0
492 -0.6987 0
310 -0.6988 0
1656 -0.7015 0
1343 -0.7066 0
1752 -0.7170 0
263 -0.7313 0
1295 -0.7318 0
1776 -0.7318 0
1244 -0.7327 0
988 -0.7340 0
1853 -0.7364 0
1771 -0.7376 0
387 -0.7400 0
1388 -0.7403 0
1090 -0.7445 0
1437 -0.7512 0
1915 -0.7539 0
998 -0.7742 0
883 -0.7749 0
1537 -0.7755 0
440 -0.7781 0
1862 -0.7802 0
141 -0.7859 0
1827 -0.7883 0
833 -0.8012 0
1011 -0.8044 0
1147 -0.8055 0
1345 -0.8084 0
101 -0.8115 0
1961 -0.8223 0
1212 -0.8314 0
318 -0.8321 0
1545 -0.8351 0
523 -0.8372 0
1464 -0.8384 0
1165 -0.8391 0
1999 -0.8406 0
131 -0.8434 0
1432 -0.8529 0
622 -0.8542 0
879 -0.8565 0
1505 -0.8573 0
221 -0.8615 0
571 -0.8685 0
573 -0.8754 0
1347 -0.8848 0
598 -0.8864 0
1515 -0.8872 0
869 -0.8892 0
594 -0.8992 0
552 -0.9035 0
1178 -0.9039 0
262 -0.9120 0
213 -0.9136 0
108 -0.9148 0
11 -0.9160 0
489 -0.9170 0
378 -0.9204 0
1114 -0.9209 0
1963 -0.9279 0
1417 -0.9302 0
1681 -0.9335 0
494 -0.9402 0
1164 -0.9421 0
1596 -0.9448 0
1305 -0.9465 0
111 -0.9509 0
1780 -0.9535 0
1229 -0.9552 0
397 -0.9580 0
612 -0.9583 0
1397 -0.9624 0
137 -0.9630 0
43 -0.9650 0
1443 -0.9651 0
165 -0.9693 0
1867 -0.9698 0
163 -0.9766 0
1593 -0.9783 0
1846 -0.9808 0
361 -0.9833 0
1494 -0.9932 0
1063 -0.9940 0
683 -1.0002 0
524 -1.0006 0
789 -1.0013 0
19 -1.0061 0
704 -1.0087 0
743 -1.0148 0
795 -1.0150 0
1627 -1.0161 0
723 -1.0162 0
1558 -1.0170 0
1487 -1.0177 0
1020 -1.0246 0
1260 -1.0255 0
1463 -1.0263 0
172 -1.0265 0
1685 -1.0289 0
1466 -1.0328 0
1315 -1.0337 0
730 -1.0374 0
1129 -1.0390 0
994 -1.0416 0
366 -1.0446 0
1473 -1.0462 0
847 -1.0479 0
1485 -1.0490 0
280 -1.0512 0
417 -1.0514 0
1942 -1.0596 0
1900 -1.0616 0
1503 -1.0648 0
1859 -1.0649 0
1041 -1.0671 0
997 -1.0726 0
2 -1.0728 0
892 -1.0738 0
465 -1.0745 0
151 -1.0753 0
853 -1.0763 0
706 -1.0798 0
918 -1.0827 0
1886 -1.0839 0
1134 -1.0866 0
1967 -1.0905 0
100 -1.0924 0
1050 -1.0947 0
1667 -1.0953 0
1883 -1.0957 0
1842 -1.0958 0
529 -1.0972 0
1422 -1.0998 0
941 -1.1030 0
1206 -1.1043 0
821 -1.1044 0
1795 -1.1066 0
1448 -1.1087 0
659 -1.1135 0
1453 -1.1144 0
1809 -1.1184 0
33 -1.1187 0
1393 -1.1201 0
824 -1.1213 0
493 -1.1227 0
810 -1.1387 0
1856 -1.1426 0
1923 -1.1491 0
1184 -1.1505 0
371 -1.1561 0
971 -1.1570 0
797 -1.1591 0
1956 -1.1604 0
1530 -1.1608 0
815 -1.1654 0
363 -1.1656 0
319 -1.1671 0
1119 -1.1712 0
1155 -1.1747 0
1905 -1.1756 0
1433 -1.1776 0
505 -1.1872 0
1243 -1.1911 0
1858 -1.1915 0
48 -1.1981 0
1040 -1.1998 0
332 -1.2026 0
224 -1.2067 0
1158 -1.2077 0
910 -1.2097 0
1556 -1.2137 0
961 -1.2165 0
504 -1.2179 0
1896 -1.2196 0
992 -1.2197 0
1193 -1.2229 0
247 -1.2299 0
1884 -1.2353 0
1231 -1.2358 0
1416 -1.2381 0
1177 -1.2431 0
1829 -1.2504 0
1414 -1.2607 0
1529 -1.2619 0
42 -1.2695 0
871 -1.2745 0
946 -1.2775 0
1353 -1.2788 0
412 -1.2802 0
982 -1.2803 0
1566 -1.2803 0
712 -1.2869 0
1187 -1.2997 0
377 -1.3022 0
970 -1.3036 0
908 -1.3068 0
574 -1.3079 0
945 -1.3109 0
1601 -1.3129 0
463 -1.3133 0
1252 -1.3148 0
125 -1.3160 0
271 -1.3163 0
46 -1.3179 0
103 -1.3195 0
875 -1.3215 0
686 -1.3216 0
617 -1.3223 0
447 -1.3226 0
1590 -1.3244 0
1606 -1.3263 0
1371 -1.3278 0
307 -1.3306 0
983 -1.3313 0
1444 -1.3324 0
479 -1.3394 0
1684 -1.3497 0
303 -1.3594 0
632 -1.3596 0
1924 -1.3621 0
1047 -1.3632 0
433 -1.3647 0
1595 -1.3717 0
1484 -1.3740 0
1940 -1.3789 0
1140 -1.3812 0
1360 -1.3839 0
1319 -1.4013 0
439 -1.4027 0
372 -1.4028 0
976 -1.4032 0
560 -1.4083 0
285 -1.4096 0
1401 -1.4107 0
1891 -1.4126 0
1233 -1.4185 0
1581 -1.4247 0
930 -1.4292 0
938 -1.4314 0
1779 -1.4344 0
935 -1.4411 0
1077 -1.4443 0
1768 -1.4457 0
725 -1.4479 0
1334 -1.4506 0
458 -1.4522 0
1307 -1.4580 0
1391 -1.4651 0
1220 -1.4662 0
1806 -1.4674 0
739 -1.4675 0
1925 -1.4686 0
1338 -1.4742 0
167 -1.4756 0
668 -1.4810 0
1993 -1.4818 0
1430 -1.4846 0
1898 -1.4851 0
1078 -1.4895 0
1079 -1.4899 0
1872 -1.4914 0
1111 -1.4917 0
1570 -1.4917 0
320 -1.4953 0
1490 -1.4959 0
549 -1.4972 0
344 -1.4972 0
1609 -1.4974 0
1150 -1.4975 0
1340 -1.4978 0
1162 -1.5000 0
196 -1.5036 0
426 -1.5104 0
169 -1.5155 0
1419 -1.5170 0
308 -1.5172 0
1195 -1.5230 0
849 -1.5238 0
1355 -1.5280 0
548 -1.5311 0
491 -1.5326 0
692 -1.5334 0
1994 -1.5379 0
1254 -1.5421 0
139 -1.5452 0
15 -1.5494 0
485 -1.5502 0
711 -1.5537 0
1629 -1.5558 0
1912 -1.5595 0
609 -1.5614 0
1038 -1.5615 0
537 -1.5646 0
959 -1.5651 0
483 -1.5652 0
1324 -1.5663 0
140 -1.5698 0
636 -1.5701 0
1914 -1.5705 0
405 -1.5705 0
424 -1.5716 0
948 -1.5738 0
1007 -1.5748 0
1019 -1.5753 0
1370 -1.5855 0
568 -1.5879 0
1058 -1.5933 0
916 -1.5933 0
1810 -1.5938 0
1995 -1.5952 0
876 -1.5986 0
738 -1.5987 0
337 -1.6027 0
553 -1.6083 0
807 -1.6091 0
1689 -1.6099 0
1068 -1.6105 0
1525 -1.6142 0
255 -1.6174 0
1366 -1.6218 0
639 -1.6253 0
741 -1.6254 0
827 -1.6301 0
1137 -1.6377 0
1085 -1.6396 0
1633 -1.6469 0
1548 -1.6495 0
1103 -1.6543 0
796 -1.6548 0
1053 -1.6556 0
702 -1.6557 0
1349 -1.6578 0
1088 -1.6581 0
792 -1.6617 0
1977 -1.6622 0
1964 -1.6642 0
861 -1.6652 0
306 -1.6676 0
590 -1.6679 0
1662 -1.6701 0
375 -1.6701 0
1839 -1.6718 0
641 -1.6738 0
661 -1.6800 0
1458 -1.6805 0
1223 -1.6837 0
132 -1.6838 0
1945 -1.6880 0
649 -1.6935 0
675 -1.6962 0
1076 -1.6963 0
254 -1.7062 0
454 -1.7077 0
1 -1.7092 0
1135 -1.7106 0
769 -1.7132 0
1402 -1.7239 0
595 -1.7288 0
841 -1.7341 0
341 -1.7346 0
1881 -1.7367 0
1293 -1.7406 0
381 -1.7408 0
1093 -1.7475 0
1483 -1.7483 0
10 -1.7494 0
127 -1.7506 0
324 -1.7519 0
29 -1.7543 0
1080 -1.7600 0
300 -1.7603 0
1885 -1.7620 0
176 -1.7627 0
1927 -1.7648 0
1555 -1.7702 0
1482 -1.7704 0
1016 -1.7730 0
597 -1.7748 0
365 -1.7805 0
420 -1.7844 0
780 -1.7959 0
588 -1.7970 0
700 -1.8088 0
1429 -1.8125 0
1120 -1.8138 0
1690 -1.8139 0
1594 -1.8141 0
323 -1.8178 0
526 -1.8196 0
645 -1.8213 0
1661 -1.8242 0
9 -1.8286 0
1874 -1.8358 0
1101 -1.8473 0
1887 -1.8495 0
1087 -1.8519 0
1253 -1.8551 0
665 -1.8558 0
786 -1.8577 0
917 -1.8581 0
944 -1.8600 0
1660 -1.8612 0
1582 -1.8617 0
3 -1.8622 0
1511 -1.8665 0
1879 -1.8667 0
1144 -1.8681 0
775 -1.8682 0
1586 -1.8702 0
1289 -1.8797 0
189 -1.8859 0
1247 -1.8902 0
1754 -1.8918 0
1313 -1.8982 0
1266 -1.9005 0
823 -1.9057 0
1962 -1.9061 0
448 -1.9081 0
1989 -1.9201 0
402 -1.9202 0
145 -1.9228 0
49 -1.9337 0
760 -1.9342 0
1132 -1.9358 0
1450 -1.9367 0
1650 -1.9396 0
957 -1.9460 0
115 -1.9476 0
446 -1.9534 0
1227 -1.9553 0
1860 -1.9602 0
102 -1.9625 0
1928 -1.9685 0
1341 -1.9706 0
802 -1.9773 0
1287 -1.9802 0
297 -1.9849 0
1179 -1.9851 0
1692 -1.9865 0
527 -2.0011 0
333 -2.0026 0
175 -2.0035 0
1420 -2.0112 0
1557 -2.0122 0
434 -2.0181 0
591 -2.0195 0
1255 -2.0197 0
1406 -2.0202 0
735 -2.0204 0
293 -2.0207 0
1064 -2.0268 0
981 -2.0279 0
1899 -2.0279 0
1457 -2.0294 0
1418 -2.0302 0
1138 -2.0404 0
1361 -2.0405 0
737 -2.0424 0
1983 -2.0432 0
359 -2.0507 0
1186 -2.0518 0
960 -2.0535 0
1588 -2.0568 0
7 -2.0589 0
757 -2.0599 0
689 -2.0615 0
881 -2.0679 0
384 -2.0737 0
1376 -2.0798 0
701 -2.0805 0
514 -2.0809 0
993 -2.0850 0
1893 -2.0854 0
911 -2.0871 0
376 -2.0940 0
225 -2.0947 0
1559 -2.0959 0
977 -2.0963 0
1918 -2.0983 0
837 -2.0990 0
124 -2.0993 0
1948 -2.1012 0
1504 -2.1017 0
1930 -2.1155 0
160 -2.1264 0
1251 -2.1396 0
1056 -2.1434 0
1798 -2.1462 0
416 -2.1474 0
1759 -2.1502 0
1225 -2.1509 0
1242 -2.1517 0
1172 -2.1606 0
753 -2.1614 0
940 -2.1634 0
1194 -2.1651 0
924 -2.1664 0
768 -2.1671 0
1385 -2.1684 0
1764 -2.1706 0
1239 -2.1716 0
1383 -2.1778 0
1379 -2.1788 0
1950 -2.1821 0
1365 -2.1825 0
570 -2.1875 0
551 -2.1898 0
1679 -2.1901 0
533 -2.1929 0
698 -2.1981 0
1128 -2.1990 0
676 -2.2053 0
273 -2.2078 0
1148 -2.2082 0
1318 -2.2088 0
1575 -2.2111 0
501 -2.2148 0
209 -2.2198 0
1002 -2.2206 0
382 -2.2225 0
1951 -2.2249 0
12 -2.2273 0
1425 -2.2292 0
626 -2.2315 0
1442 -2.2359 0
1408 -2.2365 0
816 -2.2477 0
199 -2.2492 0
1413 -2.2513 0
178 -2.2573 0
1368 -2.2624 0
1235 -2.2632 0
1552 -2.2650 0
461 -2.2671 0
1426 -2.2699 0
1777 -2.2703 0
1333 -2.2710 0
566 -2.2752 0
565 -2.2769 0
749 -2.2797 0
751 -2.2808 0
1933 -2.2832 0
1277 -2.2843 0
905 -2.2884 0
800 -2.2910 0
114 -2.3025 0
1991 -2.3063 0
442 -2.3064 0
1693 -2.3080 0
1314 -2.3100 0
864 -2.3104 0
1584 -2.3112 0
1628 -2.3145 0
41 -2.3172 0
989 -2.3193 0
624 -2.3215 0
1226 -2.3216 0
583 -2.3239 0
309 -2.3245 0
444 -2.3291 0
858 -2.3324 0
118 -2.3376 0
931 -2.3387 0
601 -2.3407 0
558 -2.3422 0
1782 -2.3427 0
818 -2.3428 0
1110 -2.3479 0
339 -2.3524 0
1320 -2.3541 0
198 -2.3579 0
1291 -2.3579 0
403 -2.3596 0
968 -2.3658 0
36 -2.3659 0
1988 -2.3688 0
522 -2.3714 0
999 -2.3716 0
1531 -2.3755 0
898 -2.3782 0
867 -2.3853 0
411 -2.3869 0
519 -2.3877 0
615 -2.3881 0
222 -2.3901 0
1971 -2.3912 0
771 -2.3939 0
784 -2.3984 0
484 -2.3985 0
1741 -2.4026 0
1171 -2.4059 0
1096 -2.4064 0
1099 -2.4070 0
942 -2.4152 0
1025 -2.4180 0
744 -2.4231 0
550 -2.4243 0
1284 -2.4252 0
1921 -2.4262 0
607 -2.4263 0
651 -2.4278 0
733 -2.4279 0
1055 -2.4315 0
1030 -2.4321 0
1262 -2.4376 0
1300 -2.4388 0
1756 -2.4462 0
752 -2.4475 0
1589 -2.4540 0
1675 -2.4586 0
978 -2.4638 0
239 -2.4670 0
1091 -2.4678 0
1544 -2.4695 0
693 -2.4706 0
576 -2.4739 0
1524 -2.4740 0
1328 -2.4764 0
1678 -2.4794 0
1908 -2.4838 0
1190 -2.5022 0
1481 -2.5033 0
148 -2.5079 0
1643 -2.5122 0
783 -2.5140 0
936 -2.5155 0
1146 -2.5271 0
1634 -2.5324 0
1520 -2.5363 0
1438 -2.5372 0
1139 -2.5381 0
1613 -2.5386 0
579 -2.5427 0
1411 -2.5436 0
1618 -2.5453 0
158 -2.5501 0
45 -2.5504 0
540 -2.5555 0
678 -2.5561 0
1451 -2.5629 0
1850 -2.5650 0
887 -2.5697 0
1066 -2.5739 0
467 -2.5770 0
694 -2.5790 0
408 -2.5800 0
828 -2.5828 0
1434 -2.5965 0
354 -2.6086 0
472 -2.6120 0
1028 -2.6162 0
129 -2.6180 0
937 -2.6191 0
1173 -2.6196 0
1351 -2.6302 0
928 -2.6368 0
1405 -2.6392 0
482 -2.6419 0
1427 -2.6459 0
1638 -2.6472 0
109 -2.6478 0
732 -2.6519 0
535 -2.6567 0
162 -2.6594 0
652 -2.6606 0
355 -2.6647 0
939 -2.6731 0
1691 -2.6741 0
1532 -2.6865 0
1614 -2.6902 0
106 -2.6908 0
975 -2.6928 0
455 -2.6968 0
338 -2.6995 0
679 -2.6995 0
1576 -2.7011 0
850 -2.7031 0
14 -2.7036 0
351 -2.7048 0
1762 -2.7080 0
1519 -2.7106 0
457 -2.7113 0
1763 -2.7185 0
1086 -2.7261 0
1237 -2.7274 0
530 -2.7347 0
302 -2.7370 0
1597 -2.7388 0
1170 -2.7402 0
149 -2.7422 0
986 -2.7467 0
1591 -2.7502 0
1211 -2.7529 0
1045 -2.7557 0
664 -2.7566 0
515 -2.7602 0
208 -2.7604 0
1877 -2.7623 0
1607 -2.7663 0
951 -2.7710 0
817 -2.7724 0
893 -2.7753 0
1459 -2.7815 0
1009 -2.7846 0
672 -2.7849 0
1577 -2.7878 0
1409 -2.7881 0
1585 -2.7914 0
1658 -2.7935 0
1218 -2.7975 0
122 -2.8012 0
1031 -2.8048 0
848 -2.8079 0
1902 -2.8086 0
260 -2.8096 0
778 -2.8109 0
927 -2.8207 0
453 -2.8214 0
1612 -2.8228 0
1208 -2.8232 0
967 -2.8236 0
766 -2.8295 0
135 -2.8305 0
1475 -2.8318 0
1084 -2.8352 0
969 -2.8377 0
1232 -2.8425 0
150 -2.8450 0
229 -2.8468 0
667 -2.8473 0
567 -2.8475 0
774 -2.8488 0
1215 -2.8533 0
1460 -2.8545 0
1234 -2.8557 0
1065 -2.8761 0
721 -2.8764 0
1224 -2.8782 0
508 -2.8800 0
1204 -2.8856 0
1141 -2.8937 0
1870 -2.8938 0
507 -2.8978 0
1929 -2.8993 0
216 -2.9000 0
1478 -2.9027 0
1439 -2.9043 0
963 -2.9045 0
1998 -2.9088 0
430 -2.9104 0
1228 -2.9135 0
973 -2.9167 0
156 -2.9225 0
1864 -2.9263 0
1400 -2.9282 0
625 -2.9282 0
1699 -2.9324 0
1668 -2.9325 0
1280 -2.9364 0
894 -2.9370 0
188 -2.9417 0
1062 -2.9440 0
1639 -2.9467 0
1477 -2.9475 0
1447 -2.9511 0
811 -2.9579 0
179 -2.9669 0
152 -2.9673 0
1987 -2.9772 0
1791 -2.9781 0
962 -2.9785 0
1767 -2.9832 0
1631 -2.9835 0
1498 -2.9889 0
144 -2.9900 0
1551 -2.9946 0
1364 -2.9954 0
1578 -2.9958 0
184 -2.9961 0
1491 -2.9972 0
1454 -2.9987 0
414 -3.0017 0
1216 -3.0036 0
1350 -3.0101 0
181 -3.0106 0
1213 -3.0189 0
197 -3.0192 0
687 -3.0221 0
1527 -3.0233 0
1657 -3.0252 0
1125 -3.0254 0
373 -3.0276 0
1997 -3.0332 0
1083 -3.0407 0
715 -3.0420 0
451 -3.0432 0
438 -3.0434 0
170 -3.0522 0
112 -3.0566 0
1149 -3.0646 0
842 -3.0687 0
1632 -3.0703 0
1542 -3.0728 0
1635 -3.0783 0
471 -3.0800 0
228 -3.0802 0
226 -3.0918 0
756 -3.0957 0
242 -3.0977 0
32 -3.0978 0
322 -3.1003 0
47 -3.1023 0
1337 -3.1120 0
1095 -3.1204 0
836 -3.1212 0
1104 -3.1251 0
241 -3.1339 0
133 -3.1340 0
1932 -3.1357 0
1264 -3.1364 0
662 -3.1402 0
186 -3.1442 0
1676 -3.1443 0
1621 -3.1460 0
1674 -3.1499 0
157 -3.1512 0
1641 -3.1549 0
742 -3.1586 0
1456 -3.1619 0
1081 -3.1856 0
1097 -3.1871 0
830 -3.1903 0
147 -3.1971 0
901 -3.1990 0
436 -3.2020 0
1461 -3.2057 0
107 -3.2070 0
398 -3.2098 0
1969 -3.2135 0
826 -3.2250 0
839 -3.2303 0
1587 -3.2359 0
1052 -3.2375 0
808 -3.2423 0
656 -3.2444 0
710 -3.2445 0
445 -3.2466 0
1126 -3.2470 0
696 -3.2563 0
705 -3.2572 0
180 -3.2629 0
1486 -3.2682 0
727 -3.2692 0
34 -3.2749 0
532 -3.2943 0
1098 -3.2990 0
902 -3.3040 0
1245 -3.3199 0
1941 -3.3290 0
1916 -3.3316 0
257 -3.3358 0
1497 -3.3362 0
835 -3.3425 0
1760 -3.3461 0
1112 -3.3465 0
914 -3.3546 0
1955 -3.3565 0
1479 -3.3571 0
1543 -3.3579 0
569 -3.3631 0
1926 -3.3677 0
1917 -3.3681 0
803 -3.3690 0
1986 -3.3705 0
1074 -3.3790 0
1256 -3.3801 0
1978 -3.3836 0
1348 -3.3928 0
462 -3.3934 0
1954 -3.3949 0
1421 -3.3959 0
1431 -3.3968 0
30 -3.3984 0
1358 -3.4008 0
1499 -3.4059 0
919 -3.4090 0
1680 -3.4120 0
906 -3.4130 0
953 -3.4300 0
1698 -3.4361 0
1330 -3.4363 0
1533 -3.4365 0
1610 -3.4381 0
1332 -3.4450 0
509 -3.4453 0
1959 -3.4496 0
1892 -3.4513 0
1935 -3.4526 0
820 -3.4546 0
865 -3.4547 0
1306 -3.4570 0
1428 -3.4617 0
215 -3.4679 0
437 -3.4694 0
1309 -3.4730 0
480 -3.4777 0
1248 -3.4781 0
964 -3.4911 0
925 -3.4951 0
478 -3.4971 0
680 -3.4987 0
266 -3.4990 0
1687 -3.5021 0
1697 -3.5024 0
329 -3.5032 0
1686 -3.5069 0
1073 -3.5083 0
1258 -3.5088 0
1636 -3.5118 0
599 -3.5155 0
1655 -3.5216 0
854 -3.5223 0
628 -3.5232 0
13 -3.5240 0
1647 -3.5241 0
577 -3.5282 0
1221 -3.5283 0
822 -3.5381 0
740 -3.5495 0
410 -3.5496 0
844 -3.5517 0
1288 -3.5558 0
688 -3.5592 0
1910 -3.5632 0
1913 -3.5696 0
1973 -3.5706 0
44 -3.5713 0
1396 -3.5734 0
1131 -3.5738 0
281 -3.5775 0
1880 -3.5803 0
1547 -3.5823 0
653 -3.5919 0
746 -3.5984 0
1346 -3.5991 0
1974 -3.6024 0
1512 -3.6060 0
1946 -3.6081 0
1452 -3.6084 0
1866 -3.6089 0
582 -3.6150 0
909 -3.6195 0
708 -3.6241 0
1637 -3.6276 0
907 -3.6456 0
921 -3.6492 0
724 -3.6555 0
1608 -3.6565 0
1352 -3.6609 0
1569 -3.6626 0
1059 -3.6815 0
253 -3.6830 0
1615 -3.6838 0
8 -3.6959 0
1010 -3.7079 0
1857 -3.7205 0
1980 -3.7265 0
1092 -3.7285 0
748 -3.7300 0
1462 -3.7302 0
1268 -3.7306 0
1238 -3.7401 0
1772 -3.7534 0
429 -3.7585 0
655 -3.7611 0
231 -3.7733 0
843 -3.7736 0
243 -3.7744 0
699 -3.7811 0
511 -3.7834 0
1968 -3.7863 0
1669 -3.7916 0
1476 -3.7943 0
955 -3.7944 0
1075 -3.7958 0
814 -3.8002 0
713 -3.8056 0
546 -3.8060 0
1944 -3.8071 0
1259 -3.8126 0
1257 -3.8141 0
326 -3.8145 0
126 -3.8191 0
670 -3.8193 0
1878 -3.8255 0
1514 -3.8380 0
470 -3.8406 0
604 -3.8417 0
1205 -3.8426 0
1217 -3.8427 0
1645 -3.8438 0
421 -3.8445 0
1109 -3.8473 0
1115 -3.8488 0
1024 -3.8500 0
564 -3.8559 0
1966 -3.8582 0
1683 -3.8635 0
714 -3.8640 0
512 -3.8661 0
1682 -3.8749 0
1067 -3.8795 0
900 -3.8804 0
1851 -3.8863 0
1895 -3.8888 0
660 -3.8896 0
244 -3.8969 0
35 -3.8980 0
1568 -3.8992 0
1572 -3.8998 0
1472 -3.9044 0
1640 -3.9050 0
407 -3.9098 0
545 -3.9143 0
764 -3.9239 0
1617 -3.9241 0
845 -3.9262 0
1424 -3.9271 0
204 -3.9285 0
913 -3.9306 0
1455 -3.9310 0
747 -3.9326 0
1298 -3.9518 0
1549 -3.9525 0
1677 -3.9544 0
1415 -3.9563 0
719 -3.9639 0
1489 -3.9670 0
1082 -3.9674 0
657 -3.9681 0
1270 -3.9701 0
1273 -3.9717 0
1947 -3.9762 0
728 -3.9769 0
1107 -3.9771 0
952 -3.9787 0
1263 -3.9924 0
1605 -3.9938 0
846 -3.9967 0
1180 -3.9967 0
1694 -3.9971 0
1931 -3.9983 0
681 -3.9992 0
1122 -4.0040 0
1943 -4.0080 0
1922 -4.0135 0
301 -4.0190 0
136 -4.0240 0
233 -4.0250 0
1275 -4.0267 0
1032 -4.0267 0
809 -4.0386 0
234 -4.0400 0
510 -4.0435 0
1540 -4.0451 0
506 -4.0479 0
1567 -4.0573 0
183 -4.0615 0
248 -4.0733 0
1469 -4.0802 0
1513 -4.1017 0
677 -4.1067 0
671 -4.1106 0
872 -4.1210 0
965 -4.1278 0
113 -4.1283 0
716 -4.1323 0
1297 -4.1327 0
206 -4.1427 0
1286 -4.1433 0
1670 -4.1468 0
785 -4.1510 0
340 -4.1543 0
947 -4.1555 0
1113 -4.1597 0
200 -4.1720 0
330 -4.1723 0
119 -4.1739 0
185 -4.1781 0
912 -4.1897 0
220 -4.1994 0
1957 -4.1996 0
985 -4.2094 0
829 -4.2322 0
923 -4.2404 0
166 -4.2430 0
1603 -4.2522 0
516 -4.2625 0
1981 -4.2667 0
890 -4.2759 0
202 -4.2837 0
1911 -4.2871 0
658 -4.2885 0
230 -4.2920 0
1619 -4.2976 0
1240 -4.2986 0
1611 -4.3004 0
1471 -4.3053 0
1972 -4.3060 0
218 -4.3176 0
1664 -4.3244 0
1907 -4.3337 0
1279 -4.3338 0
1671 -4.3341 0
155 -4.3355 0
1089 -4.3416 0
1562 -4.3422 0
1894 -4.3529 0
312 -4.3543 0
1868 -4.3658 0
469 -4.3699 0
1012 -4.3812 0
1659 -4.3901 0
1602 -4.3922 0
745 -4.4001 0
1984 -4.4026 0
1990 -4.4092 0
1550 -4.4182 0
663 -4.4240 0
528 -4.4260 0
1982 -4.4261 0
806 -4.4265 0
819 -4.4337 0
709 -4.4371 0
1508 -4.4463 0
1573 -4.4504 0
1672 -4.4630 0
488 -4.4654 0
1765 -4.4728 0
1604 -4.4741 0
450 -4.4812 0
1985 -4.4854 0
949 -4.4856 0
684 -4.5099 0
349 -4.5205 0
1207 -4.5231 0
1653 -4.5374 0
1124 -4.5389 0
791 -4.5411 0
1246 -4.5671 0
232 -4.5731 0
731 -4.5841 0
1311 -4.5937 0
840 -4.6035 0
1938 -4.6089 0
1830 -4.6104 0
1630 -4.6117 0
1105 -4.6170 0
832 -4.6195 0
1061 -4.6217 0
717 -4.6259 0
153 -4.6429 0
1522 -4.6449 0
1642 -4.6475 0
1863 -4.6606 0
1470 -4.6644 0
1624 -4.6793 0
1600 -4.6928 0
1904 -4.7247 0
1975 -4.7449 0
1398 -4.7459 0
240 -4.7604 0
1357 -4.7608 0
1100 -4.7660 0
690 -4.7765 0
18 -4.7817 0
211 -4.7929 0
236 -4.7941 0
1043 -4.8366 0
201 -4.8627 0
958 -4.8715 0
1290 -4.8736 0
1281 -4.8826 0
327 -4.8834 0
666 -4.8894 0
237 -4.9089 0
812 -4.9186 0
1282 -4.9238 0
227 -4.9270 0
1321 -4.9443 0
1654 -4.9624 0
834 -4.9774 0
1495 -4.9887 0
1979 -4.9945 0
1625 -5.0070 0
682 -5.0144 0
25 -5.0299 0
1108 -5.0357 0
1649 -5.0468 0
487 -5.0501 0
1786 -5.0741 0
1261 -5.0781 0
1623 -5.0788 0
245 -5.0974 0
521 -5.1089 0
1970 -5.1132 0
1651 -5.1212 0
249 -5.1215 0
1106 -5.1489 0
734 -5.2096 0
117 -5.2224 0
460 -5.2247 0
31 -5.2381 0
1271 -5.2448 0
1006 -5.2505 0
1518 -5.2537 0
1663 -5.2559 0
1410 -5.2652 0
1875 -5.2795 0
348 -5.2841 0
1960 -5.2962 0
691 -5.3214 0
922 -5.3418 0
1285 -5.3504 0
1265 -5.3507 0
291 -5.3514 0
1648 -5.3645 0
1599 -5.3827 0
1949 -5.3886 0
1283 -5.3995 0
1673 -5.4026 0
212 -5.4454 0
441 -5.4856 0
1276 -5.5038 0
673 -5.5043 0
1622 -5.5066 0
1626 -5.5797 0
801 -5.5970 0
1272 -5.6096 0
1127 -5.6183 0
343 -5.6236 0
1688 -5.6602 0
110 -5.6710 0
831 -5.6822 0
1882 -5.7460 0
1560 -5.7616 0
920 -5.7817 0
1500 -5.8154 0
669 -5.8611 0
654 -5.8786 0
452 -5.8832 0
1644 -5.8890 0
1901 -5.8954 0
1939 -5.9702 0
1071 -5.9808 0
980 -6.0351 0
207 -6.0636 0
825 -6.1077 0
1325 -6.2655 0
1296 -6.3434 0
1652 -6.3590 0
1695 -6.3802 0
1267 -6.5103 0
1976 -6.6545 0
1616 -6.7208 0
205 -6.7250 0
1303 -6.7265 0
164 -6.7904 0
1236 -7.1581 0
1302 -7.2735 0
