135 31.4032 1
113 28.0102 1
117 27.1231 1
115 25.6956 1
114 24.6399 1
144 23.3854 1
122 23.1219 1
125 21.6387 1
128 21.3893 1
147 20.5150 1
124 20.0556 1
141 19.7089 1
104 19.5551 1
116 19.3790 1
137 18.3430 1
136 16.4698 1
1990 16.3306 0
127 16.3257 1
126 15.9539 1
101 15.4632 1
139 15.1861 1
100 15.0655 1
130 14.6889 1
148 14.6167 1
149 14.3872 1
132 14.2836 1
129 14.1393 1
102 14.0255 1
112 13.9983 1
145 13.9296 1
131 13.8577 1
119 13.8258 1
109 13.5583 1
111 13.3179 1
108 12.9878 1
138 12.9790 1
142 12.9200 1
134 12.7749 1
118 12.5660 1
1921 12.2202 0
107 12.1394 1
110 12.0983 1
246 11.9730 0
146 11.7663 1
1997 11.4081 0
140 11.1914 1
120 11.0033 1
1977 10.9415 0
123 10.7085 1
1969 10.2622 0
239 10.1713 0
1974 9.8973 0
265 9.8010 0
188 9.7644 0
105 9.7585 1
223 9.3177 0
1912 9.1593 0
208 9.0889 0
1877 8.9152 0
1983 8.5758 0
236 8.5149 0
1968 8.4641 0
106 8.3815 1
1961 8.2422 0
209 8.2402 0
1976 8.1138 0
1970 7.9767 0
261 7.8460 0
186 7.7471 0
1985 7.7412 0
222 7.4941 0
233 7.4861 0
226 7.4707 0
1972 7.4681 0
232 7.4484 0
213 7.4070 0
143 7.2210 1
1950 7.2115 0
1994 7.2075 0
1946 7.1337 0
1908 6.9944 0
215 6.9066 0
170 6.8315 0
1986 6.8187 0
1932 6.7883 0
1885 6.6595 0
1975 6.6471 0
1940 6.6368 0
152 6.5982 0
121 6.5811 1
1982 6.5453 0
287 6.4833 0
1955 6.4439 0
1868 6.4295 0
1833 6.4119 0
1930 6.4102 0
178 6.3936 0
1962 6.2639 0
1219 6.2229 0
296 6.2104 0
198 6.1726 0
278 6.1480 0
249 6.1173 0
1891 6.0743 0
1995 6.0692 0
163 5.9523 0
1866 5.9508 0
1081 5.8757 0
192 5.8414 0
243 5.8276 0
1937 5.8264 0
176 5.7914 0
270 5.6774 0
1956 5.6439 0
229 5.6371 0
1984 5.6273 0
1979 5.5878 0
177 5.5788 0
205 5.5776 0
1963 5.5651 0
193 5.5298 0
601 5.4863 0
1938 5.3911 0
90 5.3831 0
1855 5.2730 0
1966 5.2530 0
189 5.2293 0
185 5.2106 0
688 5.1846 0
183 5.1796 0
266 5.1723 0
1092 5.1580 0
218 5.0697 0
1960 5.0486 0
1848 5.0216 0
1902 5.0089 0
191 4.9336 0
625 4.8275 0
1920 4.8215 0
1917 4.8155 0
1239 4.8092 0
271 4.7682 0
1945 4.7623 0
184 4.7439 0
415 4.6863 0
1819 4.6749 0
1948 4.6532 0
602 4.6059 0
1993 4.5727 0
250 4.5524 0
1742 4.5490 0
1181 4.5285 0
206 4.5245 0
161 4.5235 0
1989 4.5039 0
1904 4.4767 0
181 4.4743 0
1914 4.4556 0
292 4.4060 0
1851 4.3681 0
1965 4.3659 0
1980 4.3503 0
1939 4.3225 0
187 4.3188 0
1845 4.3153 0
241 4.2896 0
1236 4.2159 0
622 4.2043 0
162 4.1964 0
74 4.1856 0
258 4.1741 0
228 4.1705 0
157 4.1524 0
1861 4.1321 0
1929 4.1243 0
202 4.1069 0
220 4.0723 0
173 4.0687 0
1915 4.0577 0
225 4.0541 0
217 4.0517 0
1745 4.0359 0
175 4.0330 0
1964 4.0214 0
1160 4.0118 0
207 4.0025 0
1244 3.9965 0
1931 3.9652 0
227 3.9600 0
1839 3.9466 0
166 3.9332 0
1206 3.9304 0
1878 3.8982 0
1898 3.8950 0
1897 3.8886 0
103 3.8833 1
1397 3.8798 0
169 3.8665 0
203 3.8647 0
406 3.8608 0
244 3.8537 0
196 3.8490 0
901 3.8334 0
1809 3.8326 0
1552 3.8269 0
1713 3.8268 0
1699 3.8091 0
1947 3.7978 0
171 3.7672 0
1562 3.7527 0
197 3.7410 0
1340 3.7358 0
1863 3.7344 0
1094 3.7298 0
269 3.6788 0
1159 3.6485 0
235 3.6366 0
990 3.6315 0
224 3.6236 0
1942 3.6223 0
545 3.5955 0
274 3.5772 0
194 3.5757 0
1823 3.5728 0
1922 3.5653 0
158 3.5531 0
277 3.5364 0
1170 3.5319 0
1959 3.4944 0
179 3.4544 0
1926 3.3912 0
13 3.3153 0
174 3.3110 0
1447 3.2936 0
242 3.2904 0
1701 3.2691 0
1999 3.2642 0
828 3.2594 0
1934 3.2439 0
200 3.2180 0
1029 3.2090 0
1850 3.2071 0
180 3.1763 0
646 3.1716 0
1231 3.1698 0
1981 3.1625 0
1441 3.1618 0
1626 3.1343 0
153 3.1325 0
72 3.1319 0
1831 3.1310 0
1830 3.1050 0
1710 3.1012 0
1883 3.0624 0
260 3.0066 0
1098 2.9716 0
1991 2.9684 0
1610 2.9562 0
1893 2.9561 0
1873 2.9515 0
1928 2.9323 0
219 2.9298 0
71 2.9276 0
824 2.9167 0
1420 2.9038 0
282 2.9021 0
1869 2.8881 0
1631 2.8852 0
1882 2.8834 0
1720 2.8544 0
692 2.8409 0
1871 2.8375 0
160 2.8247 0
1711 2.8145 0
919 2.7996 0
687 2.7966 0
216 2.7858 0
262 2.7855 0
164 2.7817 0
437 2.7790 0
1874 2.7374 0
1953 2.7238 0
253 2.7081 0
1207 2.7079 0
626 2.7034 0
530 2.6798 0
240 2.6728 0
1822 2.6521 0
1175 2.6511 0
165 2.6440 0
1621 2.6404 0
807 2.6269 0
248 2.6247 0
661 2.6087 0
534 2.5878 0
1704 2.5637 0
133 2.5526 1
600 2.5356 0
405 2.5344 0
294 2.5048 0
1158 2.5025 0
1051 2.4981 0
211 2.4754 0
1998 2.4579 0
623 2.4515 0
155 2.4476 0
643 2.4428 0
1901 2.4389 0
764 2.4344 0
591 2.4301 0
1125 2.4228 0
1030 2.4147 0
698 2.4133 0
1927 2.3979 0
182 2.3939 0
231 2.3849 0
32 2.3770 0
1911 2.3020 0
1119 2.2840 0
1062 2.2773 0
221 2.2697 0
1343 2.2681 0
645 2.2666 0
338 2.2593 0
150 2.2213 0
1860 2.2138 0
1899 2.2062 0
22 2.1979 0
1588 2.1966 0
635 2.1750 0
620 2.1445 0
339 2.1261 0
1935 2.1225 0
1071 2.1140 0
3 2.1106 0
535 2.0991 0
830 2.0942 0
1910 2.0940 0
1886 2.0778 0
245 2.0697 0
1880 2.0669 0
1854 2.0661 0
1987 2.0586 0
1735 2.0208 0
1708 2.0208 0
214 2.0102 0
1944 1.9938 0
256 1.9874 0
1572 1.9528 0
536 1.9404 0
1703 1.9362 0
1412 1.9256 0
1844 1.9196 0
190 1.9141 0
1722 1.9075 0
1150 1.8963 0
1766 1.8858 0
1330 1.8829 0
1228 1.8826 0
151 1.8818 0
613 1.8685 0
1227 1.8615 0
1059 1.8612 0
1630 1.8574 0
1188 1.8480 0
515 1.8401 0
12 1.8396 0
1791 1.8375 0
76 1.8232 0
1123 1.8168 0
1957 1.7933 0
35 1.7757 0
1941 1.7674 0
532 1.7670 0
1971 1.7669 0
36 1.7622 0
549 1.7619 0
1589 1.7542 0
1173 1.7501 0
285 1.7459 0
1923 1.7455 0
284 1.7444 0
251 1.7321 0
1335 1.7320 0
1000 1.7312 0
1734 1.7209 0
1821 1.7186 0
1824 1.7148 0
1576 1.7000 0
1918 1.6785 0
1192 1.6764 0
1943 1.6706 0
1775 1.6651 0
25 1.6539 0
1973 1.6441 0
1892 1.6397 0
1988 1.6372 0
247 1.6367 0
1890 1.6362 0
1785 1.6329 0
1758 1.6312 0
1426 1.6145 0
1996 1.6000 0
44 1.5973 0
295 1.5969 0
1155 1.5920 0
1172 1.5909 0
1978 1.5804 0
1268 1.5528 0
159 1.5521 0
1864 1.5473 0
1808 1.5174 0
1815 1.5114 0
1401 1.5108 0
1924 1.4960 0
1619 1.4917 0
1896 1.4916 0
470 1.4817 0
1624 1.4813 0
6 1.4699 0
1812 1.4613 0
273 1.4577 0
63 1.4570 0
414 1.4535 0
804 1.4508 0
238 1.4498 0
845 1.4492 0
716 1.4372 0
1424 1.4304 0
1328 1.4172 0
1895 1.4160 0
78 1.4057 0
934 1.3964 0
1183 1.3940 0
1069 1.3811 0
1793 1.3746 0
1951 1.3740 0
458 1.3623 0
1707 1.3572 0
1008 1.3547 0
167 1.3542 0
1744 1.3420 0
201 1.3364 0
343 1.3351 0
637 1.3216 0
1477 1.3165 0
1834 1.3093 0
1829 1.2953 0
1072 1.2891 0
257 1.2824 0
940 1.2775 0
1727 1.2709 0
1076 1.2679 0
70 1.2595 0
686 1.2556 0
1800 1.2482 0
1164 1.2478 0
1881 1.2478 0
57 1.2466 0
789 1.2459 0
9 1.2428 0
727 1.2389 0
1679 1.2361 0
58 1.2352 0
512 1.2285 0
872 1.2250 0
1847 1.2246 0
1578 1.2233 0
1967 1.2199 0
1795 1.2106 0
543 1.2105 0
1082 1.2044 0
1078 1.2015 0
1169 1.1997 0
87 1.1959 0
756 1.1955 0
264 1.1828 0
849 1.1675 0
1884 1.1591 0
1142 1.1587 0
1151 1.1582 0
95 1.1505 0
1088 1.1445 0
1066 1.1381 0
1584 1.1369 0
1570 1.1369 0
1913 1.1284 0
234 1.1273 0
1853 1.1194 0
1252 1.1148 0
1099 1.1116 0
1916 1.1091 0
699 1.1023 0
259 1.1019 0
1439 1.1012 0
286 1.0967 0
1200 1.0926 0
639 1.0873 0
612 1.0872 0
85 1.0597 0
1958 1.0580 0
945 1.0493 0
1502 1.0476 0
230 1.0427 0
47 1.0299 0
1641 1.0167 0
56 1.0165 0
1235 1.0161 0
199 0.9995 0
953 0.9965 0
1215 0.9958 0
1840 0.9891 0
1859 0.9887 0
1126 0.9845 0
237 0.9762 0
1221 0.9705 0
1738 0.9695 0
1130 0.9590 0
154 0.9516 0
1408 0.9450 0
1430 0.9412 0
503 0.9405 0
585 0.9309 0
1564 0.9272 0
1728 0.9244 0
1598 0.9242 0
842 0.9143 0
1074 0.8927 0
1556 0.8925 0
1230 0.8704 0
819 0.8642 0
843 0.8641 0
1079 0.8633 0
560 0.8625 0
1867 0.8598 0
505 0.8573 0
1217 0.8530 0
263 0.8519 0
80 0.8465 0
1740 0.8313 0
744 0.8285 0
279 0.8212 0
747 0.8202 0
326 0.8181 0
1683 0.8177 0
1805 0.8164 0
1651 0.7947 0
1020 0.7913 0
1056 0.7908 0
1168 0.7876 0
599 0.7876 0
348 0.7730 0
631 0.7671 0
769 0.7658 0
822 0.7652 0
1043 0.7586 0
429 0.7565 0
1894 0.7526 0
328 0.7437 0
1936 0.7436 0
931 0.7352 0
808 0.7318 0
21 0.7255 0
394 0.7192 0
1762 0.7118 0
564 0.7113 0
1903 0.7109 0
1741 0.7079 0
861 0.6997 0
2 0.6985 0
1702 0.6970 0
548 0.6953 0
1462 0.6741 0
735 0.6737 0
34 0.6685 0
1653 0.6592 0
1872 0.6587 0
30 0.6583 0
1148 0.6536 0
1593 0.6513 0
1116 0.6497 0
1876 0.6492 0
711 0.6393 0
836 0.6388 0
1640 0.6357 0
275 0.6354 0
55 0.6312 0
1021 0.6282 0
195 0.6249 0
1240 0.6235 0
886 0.6165 0
48 0.6060 0
1070 0.6031 0
936 0.6030 0
1012 0.6018 0
96 0.6007 0
1748 0.5988 0
1739 0.5938 0
701 0.5928 0
1870 0.5845 0
1134 0.5826 0
511 0.5792 0
1900 0.5717 0
546 0.5691 0
774 0.5627 0
1583 0.5626 0
961 0.5587 0
506 0.5580 0
1073 0.5490 0
1248 0.5489 0
832 0.5450 0
1563 0.5295 0
1406 0.5293 0
38 0.5158 0
1992 0.5154 0
17 0.5118 0
633 0.5118 0
1949 0.4974 0
500 0.4952 0
1836 0.4838 0
1145 0.4768 0
441 0.4756 0
517 0.4754 0
522 0.4748 0
293 0.4706 0
1652 0.4672 0
288 0.4635 0
4 0.4590 0
33 0.4524 0
404 0.4464 0
408 0.4441 0
276 0.4412 0
608 0.4345 0
447 0.4336 0
1421 0.4298 0
23 0.4280 0
1605 0.4212 0
1091 0.4141 0
1846 0.4129 0
1196 0.4122 0
831 0.4083 0
62 0.4054 0
847 0.4002 0
442 0.3976 0
1075 0.3969 0
1909 0.3923 0
1715 0.3872 0
1688 0.3846 0
1086 0.3839 0
1838 0.3815 0
92 0.3782 0
1718 0.3761 0
1120 0.3719 0
1419 0.3582 0
1191 0.3492 0
272 0.3456 0
558 0.3370 0
1038 0.3342 0
603 0.3336 0
802 0.3317 0
8 0.3283 0
524 0.3222 0
1618 0.3216 0
1128 0.3195 0
1875 0.3163 0
1199 0.3127 0
640 0.3060 0
1242 0.2991 0
1705 0.2964 0
1832 0.2901 0
1028 0.2900 0
42 0.2809 0
1954 0.2794 0
1862 0.2764 0
1470 0.2721 0
840 0.2715 0
1673 0.2697 0
356 0.2690 0
1344 0.2676 0
955 0.2664 0
5 0.2614 0
1435 0.2523 0
817 0.2498 0
1437 0.2488 0
1671 0.2464 0
907 0.2425 0
1732 0.2395 0
702 0.2292 0
1714 0.2183 0
734 0.2030 0
1174 0.2011 0
1807 0.1994 0
1097 0.1887 0
806 0.1882 0
66 0.1829 0
540 0.1811 0
1336 0.1795 0
606 0.1721 0
1403 0.1638 0
210 0.1570 0
1208 0.1454 0
510 0.1433 0
1203 0.1410 0
60 0.1401 0
1338 0.1375 0
300 0.1285 0
1245 0.1243 0
523 0.1213 0
663 0.1115 0
1341 0.1115 0
19 0.0923 0
1407 0.0915 0
1709 0.0873 0
1061 0.0855 0
1080 0.0836 0
1440 0.0834 0
1827 0.0769 0
448 0.0724 0
780 0.0705 0
1585 0.0696 0
1925 0.0632 0
825 0.0622 0
88 0.0610 0
669 0.0547 0
1405 0.0512 0
1743 0.0449 0
1887 0.0417 0
1444 0.0346 0
1455 0.0310 0
1250 0.0245 0
679 0.0195 0
1197 0.0159 0
1843 0.0086 0
1674 0.0060 0
1907 0.0036 0
1274 0.0009 0
1606 -0.0012 0
803 -0.0088 0
329 -0.0118 0
1678 -0.0121 0
860 -0.0154 0
1729 -0.0275 0
1508 -0.0298 0
1411 -0.0304 0
452 -0.0319 0
799 -0.0348 0
1152 -0.0409 0
911 -0.0491 0
986 -0.0513 0
976 -0.0513 0
1625 -0.0552 0
1581 -0.0578 0
1322 -0.0619 0
678 -0.0620 0
1622 -0.0642 0
425 -0.0765 0
1178 -0.0777 0
1746 -0.0795 0
1053 -0.0840 0
939 -0.0864 0
1733 -0.0878 0
1468 -0.0886 0
435 -0.0912 0
1096 -0.0974 0
1608 -0.0983 0
1787 -0.1060 0
628 -0.1122 0
1275 -0.1144 0
1459 -0.1198 0
502 -0.1206 0
1004 -0.1231 0
347 -0.1262 0
1784 -0.1264 0
18 -0.1293 0
1753 -0.1294 0
43 -0.1334 0
340 -0.1340 0
1339 -0.1341 0
542 -0.1347 0
997 -0.1377 0
379 -0.1522 0
1567 -0.1524 0
681 -0.1524 0
922 -0.1543 0
683 -0.1771 0
412 -0.1788 0
1646 -0.1821 0
1216 -0.1825 0
561 -0.1905 0
1796 -0.1937 0
1014 -0.1958 0
1825 -0.1963 0
1019 -0.2058 0
621 -0.2083 0
654 -0.2113 0
10 -0.2119 0
1849 -0.2119 0
1189 -0.2163 0
390 -0.2164 0
1140 -0.2210 0
791 -0.2241 0
1717 -0.2308 0
541 -0.2347 0
1730 -0.2367 0
758 -0.2372 0
1143 -0.2433 0
316 -0.2451 0
829 -0.2453 0
212 -0.2494 0
1055 -0.2496 0
1041 -0.2528 0
291 -0.2547 0
1663 -0.2565 0
786 -0.2669 0
1591 -0.2721 0
298 -0.2744 0
1276 -0.2747 0
1137 -0.2756 0
731 -0.2805 0
1157 -0.2834 0
1594 -0.2858 0
1065 -0.2892 0
634 -0.2951 0
638 -0.2992 0
1595 -0.3012 0
577 -0.3037 0
311 -0.3039 0
1478 -0.3117 0
1550 -0.3160 0
508 -0.3223 0
1794 -0.3238 0
315 -0.3266 0
1657 -0.3285 0
1712 -0.3322 0
1010 -0.3338 0
1249 -0.3370 0
1204 -0.3370 0
51 -0.3378 0
910 -0.3398 0
322 -0.3399 0
573 -0.3425 0
1568 -0.3469 0
1650 -0.3492 0
1428 -0.3539 0
382 -0.3622 0
1290 -0.3669 0
7 -0.3682 0
1121 -0.3702 0
833 -0.3709 0
341 -0.3790 0
407 -0.3803 0
482 -0.3841 0
91 -0.3876 0
1180 -0.3880 0
86 -0.3930 0
82 -0.3950 0
1517 -0.3957 0
514 -0.4067 0
1222 -0.4115 0
1052 -0.4173 0
1776 -0.4269 0
1561 -0.4270 0
792 -0.4291 0
73 -0.4305 0
1264 -0.4329 0
450 -0.4369 0
321 -0.4377 0
666 -0.4388 0
563 -0.4432 0
1554 -0.4472 0
45 -0.4510 0
46 -0.4516 0
1431 -0.4526 0
826 -0.4536 0
605 -0.4538 0
28 -0.4563 0
776 -0.4601 0
665 -0.4603 0
835 -0.4628 0
1165 -0.4751 0
1662 -0.4786 0
1050 -0.4809 0
267 -0.4864 0
980 -0.4870 0
1810 -0.4949 0
331 -0.5058 0
611 -0.5071 0
881 -0.5077 0
1110 -0.5115 0
520 -0.5142 0
168 -0.5144 0
1035 -0.5187 0
1445 -0.5239 0
156 -0.5248 0
963 -0.5280 0
283 -0.5331 0
1198 -0.5387 0
1129 -0.5476 0
667 -0.5516 0
1801 -0.5519 0
422 -0.5525 0
898 -0.5665 0
1905 -0.5683 0
985 -0.5695 0
467 -0.5753 0
1781 -0.5764 0
39 -0.5780 0
1017 -0.5798 0
507 -0.5817 0
1350 -0.5831 0
562 -0.5834 0
610 -0.5837 0
979 -0.5872 0
1680 -0.5917 0
927 -0.5946 0
1187 -0.5973 0
1058 -0.5998 0
1349 -0.6130 0
837 -0.6145 0
1309 -0.6191 0
1436 -0.6209 0
1313 -0.6227 0
995 -0.6241 0
1690 -0.6256 0
307 -0.6269 0
714 -0.6316 0
1312 -0.6358 0
1089 -0.6406 0
1382 -0.6427 0
761 -0.6440 0
15 -0.6453 0
1292 -0.6461 0
1725 -0.6555 0
1747 -0.6555 0
1655 -0.6564 0
1731 -0.6595 0
1706 -0.6673 0
1037 -0.6702 0
1542 -0.6813 0
693 -0.6919 0
377 -0.6969 0
1186 -0.6975 0
1597 -0.6975 0
67 -0.6981 0
800 -0.6988 0
801 -0.7025 0
1442 -0.7041 0
1642 -0.7097 0
1569 -0.7331 0
1087 -0.7341 0
1565 -0.7377 0
1234 -0.7379 0
632 -0.7380 0
1460 -0.7424 0
479 -0.7425 0
1311 -0.7432 0
1799 -0.7481 0
941 -0.7521 0
64 -0.7552 0
431 -0.7557 0
1376 -0.7577 0
710 -0.7617 0
31 -0.7656 0
884 -0.7676 0
1083 -0.7804 0
816 -0.7840 0
759 -0.7862 0
1736 -0.7876 0
973 -0.7886 0
1677 -0.7909 0
309 -0.7938 0
14 -0.7984 0
659 -0.7987 0
668 -0.8006 0
1068 -0.8034 0
1577 -0.8042 0
1007 -0.8065 0
981 -0.8077 0
501 -0.8086 0
1342 -0.8103 0
1726 -0.8249 0
951 -0.8395 0
1933 -0.8401 0
364 -0.8412 0
1566 -0.8436 0
1243 -0.8445 0
658 -0.8526 0
325 -0.8529 0
1246 -0.8537 0
729 -0.8551 0
916 -0.8557 0
1117 -0.8568 0
1604 -0.8568 0
1694 -0.8593 0
821 -0.8595 0
1247 -0.8642 0
1803 -0.8651 0
41 -0.8657 0
685 -0.8719 0
1818 -0.8728 0
1190 -0.8731 0
1277 -0.8739 0
630 -0.8748 0
768 -0.8751 0
1027 -0.8781 0
619 -0.8816 0
1423 -0.8834 0
914 -0.8857 0
1555 -0.8877 0
1154 -0.8890 0
1464 -0.8894 0
1813 -0.8906 0
411 -0.8986 0
516 -0.9002 0
1162 -0.9055 0
1044 -0.9090 0
305 -0.9103 0
594 -0.9107 0
579 -0.9139 0
1609 -0.9140 0
1479 -0.9144 0
1324 -0.9160 0
674 -0.9282 0
254 -0.9332 0
607 -0.9357 0
1383 -0.9372 0
1085 -0.9378 0
1105 -0.9383 0
26 -0.9388 0
1067 -0.9451 0
89 -0.9455 0
1131 -0.9534 0
1220 -0.9556 0
1042 -0.9579 0
1410 -0.9598 0
172 -0.9663 0
614 -0.9682 0
330 -0.9685 0
1111 -0.9765 0
949 -0.9831 0
1620 -0.9949 0
1156 -0.9967 0
1433 -0.9994 0
1768 -1.0054 0
1048 -1.0068 0
1828 -1.0115 0
948 -1.0116 0
1266 -1.0133 0
885 -1.0167 0
586 -1.0276 0
318 -1.0286 0
333 -1.0310 0
538 -1.0319 0
1314 -1.0323 0
397 -1.0418 0
466 -1.0476 0
565 -1.0480 0
494 -1.0525 0
1232 -1.0555 0
1396 -1.0557 0
968 -1.0584 0
675 -1.0609 0
1835 -1.0622 0
1760 -1.0660 0
809 -1.0713 0
94 -1.0743 0
964 -1.0747 0
504 -1.0776 0
660 -1.0794 0
1449 -1.0795 0
715 -1.0826 0
1229 -1.0946 0
551 -1.1006 0
991 -1.1014 0
1310 -1.1022 0
937 -1.1025 0
1716 -1.1078 0
1648 -1.1082 0
805 -1.1160 0
848 -1.1160 0
1695 -1.1163 0
375 -1.1188 0
303 -1.1248 0
1769 -1.1268 0
841 -1.1281 0
1109 -1.1299 0
1497 -1.1302 0
1064 -1.1334 0
983 -1.1350 0
61 -1.1411 0
1282 -1.1430 0
1802 -1.1444 0
707 -1.1507 0
366 -1.1551 0
1773 -1.1551 0
368 -1.1551 0
334 -1.1622 0
1820 -1.1701 0
97 -1.1714 0
1224 -1.1721 0
1667 -1.1771 0
1289 -1.1837 0
255 -1.1910 0
677 -1.2014 0
323 -1.2016 0
1394 -1.2020 0
547 -1.2061 0
1493 -1.2062 0
574 -1.2111 0
1498 -1.2113 0
1474 -1.2136 0
1856 -1.2161 0
987 -1.2167 0
905 -1.2235 0
583 -1.2282 0
779 -1.2372 0
1627 -1.2400 0
1659 -1.2405 0
1465 -1.2422 0
820 -1.2426 0
324 -1.2428 0
581 -1.2461 0
327 -1.2524 0
827 -1.2639 0
1637 -1.2641 0
1390 -1.2696 0
763 -1.2704 0
474 -1.2728 0
525 -1.2792 0
393 -1.2793 0
1218 -1.2838 0
596 -1.2841 0
753 -1.2889 0
1095 -1.2914 0
297 -1.2923 0
1238 -1.2941 0
1879 -1.2948 0
1696 -1.3002 0
1814 -1.3003 0
880 -1.3035 0
52 -1.3042 0
1214 -1.3050 0
712 -1.3059 0
746 -1.3139 0
1579 -1.3151 0
1329 -1.3234 0
1018 -1.3331 0
351 -1.3424 0
644 -1.3461 0
436 -1.3464 0
1553 -1.3518 0
741 -1.3578 0
420 -1.3583 0
1400 -1.3600 0
852 -1.3628 0
1023 -1.3631 0
636 -1.3667 0
68 -1.3690 0
301 -1.3693 0
537 -1.3713 0
1133 -1.3714 0
16 -1.3720 0
402 -1.3733 0
1779 -1.3746 0
460 -1.3807 0
609 -1.3822 0
99 -1.3843 0
83 -1.3886 0
433 -1.3898 0
1682 -1.3997 0
592 -1.4006 0
1001 -1.4040 0
1700 -1.4059 0
629 -1.4077 0
1582 -1.4147 0
1451 -1.4158 0
703 -1.4247 0
391 -1.4256 0
1163 -1.4259 0
1213 -1.4268 0
1669 -1.4324 0
952 -1.4384 0
933 -1.4453 0
1488 -1.4494 0
443 -1.4526 0
1551 -1.4598 0
1485 -1.4615 0
1749 -1.4659 0
921 -1.4685 0
767 -1.4738 0
930 -1.4744 0
1144 -1.4771 0
1391 -1.4797 0
615 -1.4803 0
1495 -1.4827 0
1176 -1.4866 0
1772 -1.4882 0
670 -1.4936 0
473 -1.4964 0
1185 -1.4966 0
388 -1.4981 0
1179 -1.5025 0
385 -1.5053 0
1399 -1.5061 0
970 -1.5101 0
1816 -1.5136 0
37 -1.5138 0
1623 -1.5149 0
1211 -1.5172 0
1616 -1.5184 0
1025 -1.5203 0
1107 -1.5213 0
352 -1.5231 0
59 -1.5293 0
1034 -1.5350 0
484 -1.5384 0
453 -1.5386 0
417 -1.5397 0
1139 -1.5425 0
1852 -1.5436 0
722 -1.5461 0
1132 -1.5503 0
1305 -1.5504 0
418 -1.5518 0
1226 -1.5525 0
1448 -1.5532 0
813 -1.5588 0
728 -1.5599 0
65 -1.5612 0
455 -1.5612 0
588 -1.5616 0
1603 -1.5625 0
367 -1.5658 0
480 -1.5678 0
1719 -1.5727 0
1559 -1.5734 0
1475 -1.5760 0
1629 -1.5762 0
899 -1.5777 0
890 -1.5795 0
29 -1.5797 0
1811 -1.5797 0
1416 -1.5884 0
1254 -1.5899 0
733 -1.5900 0
1090 -1.5952 0
695 -1.5981 0
559 -1.6051 0
657 -1.6053 0
1788 -1.6085 0
618 -1.6091 0
1223 -1.6188 0
818 -1.6258 0
1505 -1.6290 0
468 -1.6375 0
389 -1.6384 0
312 -1.6435 0
1575 -1.6437 0
1660 -1.6504 0
289 -1.6611 0
1031 -1.6640 0
1599 -1.6658 0
1124 -1.6669 0
1016 -1.6682 0
69 -1.6720 0
578 -1.6753 0
1054 -1.6761 0
320 -1.6777 0
1166 -1.6778 0
1273 -1.6802 0
929 -1.6803 0
438 -1.6840 0
915 -1.6847 0
978 -1.6875 0
1692 -1.6888 0
1138 -1.6929 0
582 -1.6934 0
676 -1.6938 0
814 -1.6955 0
444 -1.7035 0
893 -1.7080 0
1033 -1.7095 0
1574 -1.7100 0
20 -1.7100 0
1724 -1.7155 0
984 -1.7216 0
281 -1.7286 0
1377 -1.7299 0
1296 -1.7320 0
1636 -1.7333 0
971 -1.7380 0
252 -1.7400 0
387 -1.7435 0
1347 -1.7446 0
1771 -1.7448 0
513 -1.7449 0
784 -1.7549 0
647 -1.7681 0
751 -1.7730 0
449 -1.7737 0
839 -1.7795 0
593 -1.7836 0
1658 -1.7863 0
350 -1.7956 0
392 -1.7958 0
1865 -1.7976 0
317 -1.8039 0
400 -1.8048 0
465 -1.8088 0
401 -1.8116 0
783 -1.8171 0
732 -1.8183 0
1586 -1.8207 0
920 -1.8222 0
1392 -1.8270 0
1842 -1.8271 0
1510 -1.8278 0
1063 -1.8279 0
892 -1.8339 0
778 -1.8349 0
918 -1.8386 0
966 -1.8410 0
1645 -1.8413 0
1590 -1.8422 0
1858 -1.8422 0
531 -1.8489 0
519 -1.8593 0
653 -1.8632 0
811 -1.8635 0
81 -1.8666 0
1514 -1.8683 0
446 -1.8713 0
570 -1.8728 0
957 -1.8740 0
1146 -1.8845 0
575 -1.8860 0
1531 -1.8916 0
1757 -1.8939 0
993 -1.8954 0
1519 -1.8954 0
938 -1.8985 0
77 -1.9001 0
977 -1.9012 0
1167 -1.9016 0
98 -1.9017 0
1380 -1.9017 0
1084 -1.9039 0
1458 -1.9065 0
962 -1.9068 0
410 -1.9098 0
879 -1.9103 0
1450 -1.9127 0
1557 -1.9130 0
1525 -1.9131 0
1384 -1.9145 0
624 -1.9159 0
902 -1.9181 0
1040 -1.9210 0
353 -1.9225 0
897 -1.9270 0
1127 -1.9408 0
1643 -1.9464 0
865 -1.9500 0
369 -1.9506 0
1654 -1.9519 0
1013 -1.9521 0
850 -1.9542 0
908 -1.9545 0
1782 -1.9547 0
403 -1.9576 0
1649 -1.9577 0
771 -1.9612 0
1321 -1.9656 0
598 -1.9658 0
664 -1.9783 0
1804 -1.9784 0
1122 -1.9786 0
571 -1.9788 0
1046 -1.9788 0
1306 -1.9793 0
314 -1.9817 0
1817 -1.9867 0
1634 -1.9944 0
424 -2.0005 0
310 -2.0048 0
365 -2.0105 0
1345 -2.0128 0
1607 -2.0144 0
268 -2.0154 0
1665 -2.0156 0
1469 -2.0165 0
1103 -2.0166 0
529 -2.0216 0
736 -2.0262 0
280 -2.0300 0
440 -2.0323 0
445 -2.0452 0
380 -2.0461 0
526 -2.0464 0
662 -2.0478 0
1919 -2.0491 0
1473 -2.0561 0
1365 -2.0562 0
590 -2.0597 0
1387 -2.0610 0
788 -2.0685 0
1036 -2.0742 0
395 -2.0771 0
1614 -2.0886 0
24 -2.0893 0
1520 -2.0895 0
812 -2.0944 0
1777 -2.0952 0
302 -2.0954 0
1278 -2.0994 0
1675 -2.1048 0
757 -2.1085 0
1537 -2.1100 0
461 -2.1109 0
1413 -2.1153 0
1518 -2.1165 0
362 -2.1176 0
1288 -2.1217 0
344 -2.1234 0
896 -2.1246 0
345 -2.1271 0
906 -2.1282 0
1346 -2.1302 0
862 -2.1349 0
489 -2.1398 0
1422 -2.1400 0
1102 -2.1441 0
765 -2.1447 0
1596 -2.1493 0
1352 -2.1558 0
996 -2.1587 0
1446 -2.1618 0
27 -2.1619 0
1523 -2.1628 0
1093 -2.1644 0
1698 -2.1693 0
386 -2.1744 0
1723 -2.1756 0
1638 -2.1794 0
726 -2.1806 0
1571 -2.1818 0
1612 -2.1942 0
1647 -2.2014 0
1615 -2.2027 0
1480 -2.2063 0
871 -2.2142 0
1 -2.2151 0
54 -2.2188 0
1115 -2.2193 0
1456 -2.2227 0
1780 -2.2253 0
1573 -2.2360 0
1283 -2.2383 0
740 -2.2395 0
1587 -2.2485 0
553 -2.2554 0
1372 -2.2564 0
555 -2.2616 0
457 -2.2619 0
584 -2.2629 0
750 -2.2713 0
616 -2.2721 0
399 -2.2793 0
1481 -2.2803 0
917 -2.2889 0
794 -2.2965 0
567 -2.2966 0
999 -2.2996 0
332 -2.3053 0
1370 -2.3077 0
1503 -2.3113 0
924 -2.3183 0
1307 -2.3222 0
1210 -2.3233 0
1047 -2.3247 0
1548 -2.3277 0
1668 -2.3290 0
451 -2.3350 0
810 -2.3394 0
793 -2.3431 0
1434 -2.3471 0
1418 -2.3486 0
1786 -2.3487 0
1592 -2.3505 0
1317 -2.3534 0
53 -2.3541 0
932 -2.3559 0
1113 -2.3599 0
682 -2.3605 0
1806 -2.3679 0
680 -2.3687 0
308 -2.3714 0
1837 -2.3716 0
336 -2.3755 0
704 -2.3765 0
772 -2.3773 0
762 -2.3777 0
1225 -2.3836 0
904 -2.3843 0
84 -2.3898 0
1763 -2.3970 0
1257 -2.3978 0
604 -2.4013 0
1202 -2.4042 0
1602 -2.4058 0
93 -2.4082 0
965 -2.4121 0
1496 -2.4167 0
1755 -2.4168 0
1417 -2.4193 0
497 -2.4197 0
1778 -2.4236 0
859 -2.4245 0
694 -2.4259 0
708 -2.4260 0
1783 -2.4273 0
1461 -2.4281 0
1104 -2.4314 0
1754 -2.4323 0
1270 -2.4328 0
464 -2.4381 0
539 -2.4412 0
1193 -2.4413 0
1472 -2.4420 0
1486 -2.4438 0
1656 -2.4460 0
1256 -2.4594 0
376 -2.4600 0
1454 -2.4737 0
1153 -2.4797 0
358 -2.4827 0
1515 -2.4844 0
550 -2.4888 0
749 -2.4892 0
1049 -2.4926 0
371 -2.4973 0
834 -2.5008 0
878 -2.5010 0
950 -2.5120 0
576 -2.5186 0
1499 -2.5202 0
1318 -2.5238 0
725 -2.5249 0
1764 -2.5260 0
1011 -2.5337 0
1334 -2.5414 0
527 -2.5418 0
1617 -2.5422 0
894 -2.5455 0
1135 -2.5478 0
378 -2.5492 0
1414 -2.5551 0
419 -2.5611 0
700 -2.5648 0
204 -2.5652 0
1141 -2.5670 0
1404 -2.5681 0
875 -2.5732 0
1409 -2.5776 0
972 -2.5797 0
1284 -2.5825 0
705 -2.5894 0
656 -2.5926 0
718 -2.6010 0
697 -2.6018 0
427 -2.6058 0
1452 -2.6165 0
1182 -2.6167 0
673 -2.6181 0
754 -2.6251 0
909 -2.6368 0
947 -2.6379 0
989 -2.6382 0
1427 -2.6425 0
357 -2.6441 0
982 -2.6496 0
1697 -2.6508 0
1524 -2.6635 0
1527 -2.6664 0
1664 -2.6701 0
1687 -2.6760 0
1003 -2.6769 0
1184 -2.6788 0
346 -2.6788 0
946 -2.6803 0
383 -2.6833 0
372 -2.6839 0
580 -2.6850 0
1005 -2.6977 0
1304 -2.6986 0
1639 -2.6991 0
1077 -2.7028 0
935 -2.7077 0
1402 -2.7100 0
1177 -2.7112 0
1545 -2.7125 0
1482 -2.7173 0
1432 -2.7188 0
1368 -2.7250 0
1425 -2.7294 0
777 -2.7321 0
882 -2.7323 0
1259 -2.7339 0
838 -2.7346 0
354 -2.7351 0
1457 -2.7366 0
1263 -2.7742 0
1483 -2.7829 0
572 -2.7833 0
900 -2.7835 0
1357 -2.7850 0
481 -2.7878 0
912 -2.7941 0
1291 -2.7949 0
359 -2.7951 0
684 -2.8010 0
490 -2.8029 0
1308 -2.8041 0
409 -2.8068 0
713 -2.8153 0
1888 -2.8154 0
1476 -2.8162 0
1558 -2.8179 0
1759 -2.8183 0
426 -2.8186 0
521 -2.8187 0
1798 -2.8188 0
1632 -2.8247 0
787 -2.8314 0
1463 -2.8341 0
533 -2.8379 0
1045 -2.8405 0
709 -2.8494 0
528 -2.8525 0
928 -2.8533 0
649 -2.8535 0
1826 -2.8562 0
384 -2.8610 0
1364 -2.8616 0
1670 -2.8652 0
1363 -2.8761 0
1233 -2.8761 0
1467 -2.8777 0
696 -2.8778 0
1114 -2.8782 0
79 -2.8824 0
363 -2.8834 0
1635 -2.8940 0
1353 -2.8975 0
306 -2.9014 0
1161 -2.9060 0
1466 -2.9118 0
1906 -2.9139 0
1026 -2.9157 0
1857 -2.9159 0
1205 -2.9226 0
1797 -2.9241 0
290 -2.9273 0
493 -2.9296 0
1022 -2.9310 0
815 -2.9318 0
642 -2.9416 0
1666 -2.9454 0
969 -2.9574 0
617 -2.9599 0
495 -2.9657 0
373 -2.9700 0
1009 -2.9762 0
491 -2.9784 0
1529 -2.9788 0
1316 -2.9796 0
689 -2.9897 0
866 -2.9908 0
742 -2.9911 0
1265 -2.9947 0
1294 -2.9947 0
1661 -2.9951 0
745 -2.9973 0
1501 -2.9987 0
1504 -3.0023 0
1492 -3.0041 0
773 -3.0045 0
650 -3.0050 0
1366 -3.0108 0
1613 -3.0125 0
396 -3.0139 0
597 -3.0140 0
1429 -3.0168 0
569 -3.0176 0
11 -3.0191 0
1002 -3.0195 0
1360 -3.0206 0
974 -3.0226 0
1541 -3.0306 0
319 -3.0313 0
1765 -3.0469 0
770 -3.0633 0
40 -3.0654 0
1285 -3.0673 0
595 -3.0676 0
492 -3.0690 0
1453 -3.0738 0
1528 -3.0775 0
1293 -3.0837 0
1287 -3.0839 0
1721 -3.0859 0
1301 -3.0887 0
518 -3.0888 0
1371 -3.0914 0
1253 -3.0924 0
760 -3.0944 0
1681 -3.0948 0
1327 -3.0962 0
544 -3.0971 0
476 -3.1048 0
304 -3.1140 0
869 -3.1141 0
1260 -3.1146 0
1415 -3.1216 0
370 -3.1227 0
1506 -3.1230 0
1513 -3.1314 0
1323 -3.1315 0
1792 -3.1320 0
706 -3.1389 0
959 -3.1398 0
1320 -3.1485 0
0 -3.1516 0
1547 -3.1592 0
1269 -3.1595 0
1060 -3.1626 0
398 -3.1641 0
478 -3.1740 0
1361 -3.1756 0
796 -3.1758 0
462 -3.1762 0
1526 -3.1811 0
857 -3.1929 0
960 -3.1936 0
1737 -3.1989 0
854 -3.2061 0
988 -3.2070 0
1611 -3.2094 0
1536 -3.2094 0
891 -3.2114 0
1522 -3.2142 0
1539 -3.2178 0
1101 -3.2221 0
1261 -3.2234 0
1315 -3.2362 0
313 -3.2547 0
1521 -3.2559 0
1750 -3.2566 0
1147 -3.2591 0
1438 -3.2597 0
1024 -3.2622 0
1262 -3.2672 0
1297 -3.2691 0
1685 -3.2715 0
1790 -3.2830 0
1267 -3.2850 0
1209 -3.3001 0
1535 -3.3049 0
671 -3.3146 0
691 -3.3291 0
895 -3.3317 0
361 -3.3319 0
853 -3.3348 0
1512 -3.3364 0
723 -3.3366 0
1628 -3.3391 0
739 -3.3407 0
434 -3.3407 0
943 -3.3423 0
439 -3.3427 0
475 -3.3462 0
717 -3.3486 0
1684 -3.3511 0
1201 -3.3556 0
1194 -3.3743 0
355 -3.3753 0
1509 -3.3893 0
416 -3.4026 0
975 -3.4071 0
738 -3.4075 0
483 -3.4086 0
1770 -3.4090 0
752 -3.4123 0
1241 -3.4162 0
998 -3.4288 0
471 -3.4321 0
737 -3.4431 0
1393 -3.4451 0
381 -3.4454 0
568 -3.4464 0
876 -3.4488 0
903 -3.4554 0
870 -3.4566 0
1237 -3.4583 0
942 -3.4624 0
1756 -3.4663 0
488 -3.4718 0
1540 -3.4768 0
1443 -3.4774 0
846 -3.4885 0
648 -3.4890 0
1286 -3.4981 0
844 -3.4992 0
721 -3.4999 0
655 -3.5054 0
1272 -3.5085 0
672 -3.5167 0
855 -3.5190 0
766 -3.5233 0
858 -3.5322 0
795 -3.5330 0
423 -3.5331 0
1331 -3.5339 0
627 -3.5371 0
498 -3.5525 0
1385 -3.5553 0
337 -3.5572 0
1369 -3.5577 0
49 -3.5622 0
1039 -3.5649 0
1889 -3.5735 0
1302 -3.5797 0
994 -3.5870 0
889 -3.5891 0
1752 -3.5919 0
1354 -3.5930 0
477 -3.5984 0
1389 -3.6008 0
342 -3.6029 0
1325 -3.6211 0
1108 -3.6219 0
798 -3.6341 0
1057 -3.6348 0
459 -3.6507 0
926 -3.6623 0
1767 -3.6627 0
867 -3.6750 0
883 -3.6877 0
1507 -3.6890 0
1952 -3.7003 0
748 -3.7105 0
873 -3.7212 0
1358 -3.7227 0
1534 -3.7458 0
888 -3.7487 0
1279 -3.7512 0
421 -3.7640 0
887 -3.7676 0
557 -3.7746 0
781 -3.7771 0
877 -3.7914 0
1258 -3.7985 0
782 -3.8020 0
1006 -3.8040 0
1359 -3.8056 0
428 -3.8152 0
1549 -3.8214 0
1560 -3.8218 0
50 -3.8230 0
863 -3.8322 0
1299 -3.8398 0
1489 -3.8627 0
1362 -3.8826 0
1530 -3.8878 0
775 -3.8949 0
1774 -3.9255 0
1388 -3.9257 0
785 -3.9469 0
430 -3.9623 0
1319 -3.9678 0
463 -3.9702 0
1356 -3.9710 0
1580 -3.9726 0
856 -3.9861 0
1490 -3.9867 0
1106 -3.9957 0
743 -3.9980 0
1303 -4.0000 0
1693 -4.0061 0
556 -4.0246 0
823 -4.0317 0
360 -4.0368 0
1112 -4.0467 0
1484 -4.0553 0
874 -4.0583 0
1375 -4.0678 0
730 -4.0771 0
1676 -4.0790 0
1689 -4.0837 0
469 -4.0885 0
1686 -4.0930 0
1600 -4.1043 0
944 -4.1078 0
1691 -4.1269 0
652 -4.1281 0
956 -4.1405 0
719 -4.1423 0
1374 -4.1460 0
1271 -4.1463 0
1032 -4.1483 0
1601 -4.1504 0
1487 -4.1512 0
1251 -4.1549 0
1280 -4.1572 0
1332 -4.1857 0
566 -4.1898 0
651 -4.1950 0
413 -4.1968 0
1761 -4.2102 0
589 -4.2289 0
868 -4.2442 0
509 -4.2542 0
1212 -4.2586 0
1136 -4.2617 0
1532 -4.2641 0
1255 -4.2687 0
724 -4.2700 0
1015 -4.2731 0
992 -4.2781 0
487 -4.2939 0
1633 -4.2950 0
851 -4.2983 0
1378 -4.3017 0
1494 -4.3079 0
1379 -4.3224 0
1500 -4.3345 0
755 -4.3484 0
374 -4.3570 0
913 -4.3587 0
1348 -4.3602 0
75 -4.3652 0
1644 -4.3857 0
967 -4.3869 0
299 -4.3890 0
1672 -4.3992 0
1373 -4.4001 0
797 -4.4049 0
690 -4.4136 0
432 -4.4813 0
1367 -4.4823 0
958 -4.5041 0
925 -4.5455 0
1171 -4.5949 0
1789 -4.6262 0
790 -4.6373 0
1355 -4.6473 0
1337 -4.6485 0
1516 -4.6566 0
954 -4.6813 0
1751 -4.7165 0
349 -4.7835 0
335 -4.7987 0
552 -4.8260 0
641 -4.9204 0
1326 -4.9208 0
864 -4.9226 0
1841 -4.9241 0
1395 -4.9530 0
923 -4.9652 0
1538 -5.0239 0
1381 -5.0403 0
1543 -5.0565 0
554 -5.0747 0
1300 -5.0822 0
1195 -5.0842 0
720 -5.1140 0
587 -5.1793 0
1351 -5.1970 0
1298 -5.2182 0
1398 -5.2517 0
1100 -5.3156 0
499 -5.3659 0
1333 -5.4410 0
1544 -5.4496 0
1511 -5.5084 0
472 -5.5701 0
1471 -5.6960 0
1118 -5.7375 0
1386 -5.9042 0
1281 -5.9057 0
1533 -5.9462 0
1546 -6.0876 0
485 -6.1289 0
496 -6.2513 0
1295 -6.2727 0
1491 -6.3047 0
486 -6.4489 0
456 -6.6679 0
1149 -7.0079 0
454 -7.4457 0
