166 22.0667 1
199 20.8705 1
163 20.5783 1
192 19.6362 1
150 18.9918 1
173 17.9101 1
181 17.8627 1
197 17.8380 1
185 17.8183 1
170 17.7211 1
196 17.7103 1
176 17.6822 1
157 17.3682 1
175 17.2417 1
165 15.5305 1
164 15.2377 1
1839 15.0886 0
179 14.2741 1
155 13.4671 1
188 12.5907 1
1982 12.2819 0
151 12.0897 1
194 11.9360 1
191 11.7614 1
183 11.6830 1
119 11.6183 0
167 11.6119 1
189 11.5202 1
153 11.4494 1
160 11.3683 1
243 11.0321 0
224 11.0303 0
1902 10.9740 0
162 10.8901 1
1983 10.8531 0
161 10.6272 1
1946 10.3545 0
169 10.3083 1
246 10.3061 0
1940 10.2628 0
178 10.1597 1
139 10.1374 0
1926 10.1262 0
152 10.1220 1
1976 10.0951 0
1970 9.7722 0
1945 9.5365 0
249 9.4095 0
154 9.3935 1
1939 9.3676 0
205 9.2994 0
1957 9.2694 0
235 8.9728 0
206 8.8954 0
1990 8.8827 0
1999 8.7959 0
145 8.6940 0
1829 8.4547 0
177 8.4289 1
1974 8.3586 0
1975 8.2327 0
1967 8.2036 0
190 8.2006 1
229 8.0787 0
209 8.0062 0
207 7.9324 0
148 7.5832 0
1950 7.4913 0
184 7.4656 1
198 7.4207 1
1985 7.4039 0
144 7.3243 0
220 7.3068 0
122 7.3063 0
236 7.2771 0
116 7.2714 0
231 7.2481 0
149 7.2381 0
1920 7.1491 0
233 7.1253 0
216 7.0980 0
1955 7.0946 0
1917 7.0057 0
218 7.0014 0
187 6.9805 1
101 6.9701 0
140 6.9590 0
193 6.8971 1
731 6.8920 0
137 6.8442 0
232 6.7731 0
681 6.7709 0
1984 6.7515 0
1938 6.6846 0
239 6.6760 0
159 6.6635 1
1904 6.6238 0
1996 6.5631 0
186 6.5485 1
208 6.4999 0
1867 6.4870 0
215 6.2836 0
1913 6.2757 0
1929 6.1922 0
1972 6.1858 0
120 6.1786 0
105 6.1674 0
203 6.1528 0
1833 6.1446 0
829 6.1285 0
1956 6.0943 0
211 6.0455 0
1803 6.0356 0
128 6.0323 0
1931 6.0026 0
156 5.9976 1
223 5.9857 0
113 5.9782 0
1935 5.9449 0
1954 5.9373 0
171 5.8751 1
1947 5.8416 0
102 5.8382 0
202 5.7217 0
1342 5.7170 0
1912 5.7152 0
1958 5.6865 0
107 5.6690 0
1989 5.6364 0
1994 5.6311 0
1968 5.5960 0
1979 5.5755 0
1969 5.5416 0
1616 5.5413 0
222 5.5384 0
1980 5.5194 0
836 5.4404 0
280 5.4401 0
1910 5.4202 0
1901 5.3144 0
1949 5.3105 0
716 5.3078 0
227 5.2774 0
115 5.2717 0
1997 5.2299 0
195 5.2236 1
819 5.2133 0
1988 5.1765 0
1908 5.1622 0
1960 5.1573 0
1868 5.1464 0
213 5.1390 0
530 5.1373 0
244 5.1361 0
1866 5.0700 0
158 5.0586 1
126 5.0059 0
805 4.9952 0
1865 4.9718 0
253 4.9579 0
1930 4.9565 0
258 4.9446 0
138 4.9166 0
200 4.8653 0
1986 4.8571 0
408 4.8527 0
230 4.7955 0
1928 4.7896 0
265 4.7811 0
228 4.7159 0
110 4.6735 0
817 4.6388 0
1977 4.6346 0
124 4.6295 0
1900 4.6294 0
117 4.5843 0
108 4.5431 0
843 4.5089 0
1880 4.4709 0
255 4.4606 0
1948 4.4215 0
1973 4.4046 0
1993 4.3491 0
130 4.3472 0
1562 4.3423 0
210 4.3359 0
250 4.3320 0
174 4.2985 1
1775 4.2883 0
248 4.2879 0
103 4.2815 0
279 4.2699 0
1981 4.2542 0
1998 4.2258 0
1922 4.1786 0
261 4.1646 0
13 4.1596 0
112 4.1538 0
1845 4.1016 0
698 4.0958 0
1961 4.0859 0
275 4.0722 0
245 4.0476 0
1098 4.0459 0
1914 4.0411 0
808 4.0286 0
1953 3.9828 0
1932 3.9789 0
288 3.9749 0
833 3.9627 0
1855 3.9372 0
1936 3.9327 0
225 3.9205 0
217 3.9191 0
241 3.9188 0
714 3.8801 0
221 3.8740 0
297 3.8677 0
133 3.8674 0
1563 3.8612 0
135 3.8469 0
1916 3.8437 0
433 3.8407 0
1071 3.8402 0
679 3.7710 0
1934 3.7418 0
1844 3.7317 0
168 3.7277 1
1811 3.7239 0
735 3.7104 0
1572 3.6669 0
726 3.6488 0
666 3.6377 0
839 3.6163 0
1966 3.6119 0
1995 3.5820 0
1245 3.5636 0
503 3.5385 0
129 3.5380 0
1891 3.5359 0
719 3.5332 0
1921 3.5298 0
111 3.5168 0
1569 3.5014 0
1944 3.4810 0
234 3.4776 0
1943 3.4695 0
219 3.4603 0
1964 3.4387 0
927 3.4324 0
441 3.3539 0
1074 3.3380 0
741 3.3255 0
702 3.3098 0
238 3.3059 0
715 3.2567 0
263 3.2449 0
703 3.2267 0
1322 3.2258 0
242 3.2218 0
1066 3.2009 0
1589 3.1975 0
1824 3.1938 0
172 3.1649 1
1594 3.1639 0
1925 3.1625 0
905 3.1529 0
591 3.1408 0
832 3.1401 0
1570 3.1291 0
237 3.1159 0
1551 3.0919 0
1883 3.0908 0
1861 3.0774 0
214 3.0727 0
406 3.0609 0
131 3.0424 0
72 3.0228 0
292 3.0064 0
1742 2.9750 0
1328 2.9702 0
1942 2.9697 0
728 2.9402 0
437 2.9321 0
259 2.9262 0
722 2.9063 0
182 2.8982 1
1814 2.8981 0
273 2.8970 0
125 2.8935 0
127 2.8691 0
1834 2.8624 0
1877 2.8527 0
493 2.8523 0
821 2.8121 0
1566 2.8053 0
1793 2.7989 0
1971 2.7855 0
845 2.7852 0
1878 2.7764 0
1276 2.7704 0
252 2.7577 0
1314 2.7348 0
270 2.7323 0
415 2.7059 0
1805 2.6949 0
577 2.6728 0
1924 2.6590 0
1701 2.6505 0
806 2.6447 0
764 2.6352 0
1809 2.6315 0
1848 2.6306 0
254 2.6303 0
828 2.6285 0
1335 2.6278 0
1468 2.6257 0
1763 2.6216 0
1937 2.6147 0
935 2.6069 0
10 2.5886 0
479 2.5830 0
900 2.5789 0
1963 2.5780 0
1021 2.5695 0
1894 2.5662 0
1794 2.5591 0
1555 2.5559 0
201 2.5519 0
1076 2.5512 0
1496 2.5462 0
1778 2.5433 0
147 2.5403 0
446 2.5386 0
136 2.5347 0
143 2.5232 0
747 2.5072 0
1768 2.5063 0
281 2.5045 0
447 2.5007 0
1887 2.4964 0
240 2.4613 0
1893 2.4549 0
296 2.4533 0
407 2.4520 0
599 2.4512 0
1477 2.4453 0
1540 2.4372 0
274 2.4356 0
718 2.4354 0
141 2.4265 0
1172 2.4159 0
1236 2.4081 0
1808 2.3979 0
18 2.3775 0
1987 2.3694 0
282 2.3507 0
109 2.3491 0
1306 2.3395 0
1556 2.3386 0
405 2.3359 0
534 2.3316 0
1678 2.3251 0
1821 2.3153 0
745 2.3100 0
180 2.3077 1
1595 2.3070 0
1830 2.2695 0
705 2.2549 0
212 2.2535 0
990 2.2518 0
1815 2.2426 0
830 2.2294 0
1779 2.2163 0
809 2.2152 0
670 2.2122 0
1524 2.1989 0
710 2.1928 0
910 2.1867 0
31 2.1828 0
1840 2.1756 0
635 2.1706 0
1843 2.1634 0
901 2.1632 0
636 2.1473 0
918 2.1405 0
1346 2.1287 0
1918 2.1187 0
146 2.0939 0
683 2.0831 0
1063 2.0828 0
1619 2.0817 0
1852 2.0762 0
1927 2.0736 0
1849 2.0610 0
1081 2.0508 0
1711 2.0496 0
1089 2.0240 0
25 2.0187 0
1096 2.0177 0
1078 2.0120 0
1951 2.0064 0
928 2.0007 0
1610 1.9981 0
104 1.9980 0
930 1.9907 0
84 1.9625 0
704 1.9398 0
1406 1.9311 0
442 1.9235 0
1578 1.9215 0
256 1.9043 0
1568 1.9032 0
1086 1.8974 0
583 1.8889 0
1884 1.8877 0
939 1.8776 0
278 1.8746 0
734 1.8718 0
1831 1.8697 0
1802 1.8661 0
732 1.8597 0
744 1.8583 0
1593 1.8554 0
404 1.8213 0
1905 1.8201 0
919 1.8195 0
1091 1.8180 0
22 1.8005 0
1092 1.7861 0
1674 1.7834 0
1599 1.7778 0
34 1.7736 0
1756 1.7723 0
807 1.7682 0
749 1.7632 0
1059 1.7614 0
106 1.7584 0
260 1.7567 0
1838 1.7559 0
1087 1.7444 0
1148 1.7402 0
1909 1.7377 0
1400 1.7319 0
1459 1.7259 0
1108 1.7240 0
1056 1.7124 0
1788 1.6924 0
985 1.6872 0
418 1.6837 0
1567 1.6804 0
1915 1.6789 0
251 1.6776 0
818 1.6664 0
1180 1.6538 0
955 1.6461 0
1131 1.6431 0
1587 1.6367 0
142 1.6200 0
1576 1.6179 0
1898 1.6171 0
1823 1.6089 0
847 1.6053 0
1573 1.6047 0
1835 1.6043 0
266 1.6040 0
1933 1.6005 0
1817 1.5995 0
1836 1.5847 0
293 1.5844 0
1070 1.5810 0
1213 1.5801 0
1832 1.5783 0
822 1.5731 0
1082 1.5677 0
123 1.5576 0
1959 1.5542 0
1780 1.5418 0
1083 1.5149 0
768 1.4864 0
1962 1.4764 0
403 1.4763 0
1801 1.4702 0
487 1.4604 0
1885 1.4515 0
848 1.4476 0
1230 1.4449 0
462 1.4306 0
1424 1.4269 0
23 1.4225 0
1879 1.4220 0
1514 1.4202 0
1520 1.4172 0
272 1.4171 0
1822 1.3991 0
740 1.3981 0
595 1.3966 0
1217 1.3957 0
1552 1.3946 0
1290 1.3682 0
291 1.3574 0
1606 1.3418 0
737 1.3372 0
632 1.3358 0
226 1.3231 0
1854 1.3160 0
1853 1.3133 0
26 1.3096 0
1401 1.2930 0
1577 1.2906 0
674 1.2886 0
727 1.2862 0
1679 1.2829 0
1624 1.2796 0
436 1.2794 0
1736 1.2772 0
440 1.2770 0
1024 1.2767 0
948 1.2651 0
76 1.2579 0
1819 1.2546 0
613 1.2534 0
810 1.2527 0
1609 1.2465 0
30 1.2452 0
1759 1.2410 0
326 1.2334 0
639 1.2312 0
708 1.2239 0
1791 1.2230 0
804 1.2208 0
1847 1.2126 0
1881 1.2096 0
1204 1.2064 0
1750 1.2054 0
1542 1.2021 0
1754 1.1926 0
1581 1.1739 0
44 1.1656 0
661 1.1589 0
557 1.1444 0
1870 1.1442 0
1512 1.1347 0
1079 1.1185 0
1591 1.1185 0
696 1.0996 0
39 1.0893 0
1309 1.0868 0
62 1.0865 0
1062 1.0777 0
1505 1.0774 0
1590 1.0686 0
114 1.0632 0
1431 1.0628 0
701 1.0571 0
74 1.0506 0
1588 1.0441 0
1191 1.0391 0
986 1.0335 0
1397 1.0302 0
1757 1.0200 0
1353 1.0186 0
276 1.0167 0
1210 1.0136 0
48 1.0107 0
429 1.0085 0
1310 1.0038 0
1897 0.9991 0
1438 0.9977 0
118 0.9965 0
71 0.9870 0
849 0.9684 0
1549 0.9681 0
1785 0.9672 0
931 0.9657 0
771 0.9523 0
262 0.9445 0
884 0.9442 0
121 0.9415 0
687 0.9360 0
257 0.9356 0
7 0.9286 0
134 0.9204 0
1812 0.9167 0
1531 0.9093 0
1850 0.9052 0
1411 0.9042 0
1105 0.8913 0
1436 0.8869 0
1965 0.8857 0
1286 0.8821 0
17 0.8811 0
364 0.8770 0
949 0.8736 0
1846 0.8426 0
46 0.8357 0
643 0.8305 0
1017 0.8265 0
312 0.8246 0
945 0.8195 0
420 0.8157 0
1631 0.8147 0
1447 0.8145 0
621 0.8137 0
607 0.8069 0
1077 0.8061 0
132 0.8055 0
1842 0.8016 0
1088 0.7931 0
1330 0.7859 0
1630 0.7791 0
748 0.7786 0
271 0.7764 0
645 0.7712 0
1145 0.7666 0
247 0.7636 0
1421 0.7615 0
1752 0.7572 0
1097 0.7528 0
14 0.7437 0
1014 0.7393 0
881 0.7299 0
601 0.7210 0
560 0.7116 0
1084 0.7038 0
325 0.6969 0
922 0.6960 0
612 0.6952 0
1099 0.6935 0
1139 0.6877 0
264 0.6850 0
65 0.6846 0
1273 0.6722 0
936 0.6599 0
375 0.6592 0
1741 0.6564 0
1810 0.6508 0
295 0.6491 0
1419 0.6430 0
1640 0.6375 0
567 0.6271 0
1828 0.6232 0
289 0.6228 0
1786 0.6216 0
269 0.6150 0
1264 0.6130 0
1141 0.6088 0
1688 0.6080 0
516 0.5926 0
963 0.5918 0
36 0.5912 0
1232 0.5870 0
506 0.5760 0
1667 0.5708 0
1065 0.5698 0
535 0.5684 0
359 0.5675 0
56 0.5643 0
1186 0.5614 0
1882 0.5609 0
1215 0.5467 0
733 0.5460 0
724 0.5455 0
1762 0.5431 0
268 0.5394 0
913 0.5388 0
35 0.5336 0
1053 0.5206 0
1694 0.5160 0
438 0.5144 0
285 0.5073 0
1820 0.5018 0
628 0.5009 0
1474 0.4820 0
753 0.4757 0
348 0.4611 0
676 0.4604 0
1402 0.4603 0
267 0.4591 0
648 0.4578 0
713 0.4576 0
1266 0.4549 0
287 0.4534 0
1699 0.4383 0
47 0.4370 0
1090 0.4339 0
1189 0.4247 0
20 0.4216 0
1787 0.4187 0
1461 0.4153 0
1125 0.4147 0
576 0.4068 0
1792 0.4064 0
1051 0.4062 0
417 0.4061 0
341 0.4054 0
1864 0.3909 0
1050 0.3860 0
1869 0.3845 0
1219 0.3832 0
1584 0.3754 0
1119 0.3640 0
1206 0.3600 0
1095 0.3558 0
286 0.3474 0
1826 0.3459 0
946 0.3443 0
929 0.3442 0
1708 0.3363 0
1162 0.3330 0
1281 0.3329 0
32 0.3246 0
1287 0.3129 0
1601 0.3111 0
850 0.3108 0
1154 0.2949 0
909 0.2910 0
723 0.2834 0
1247 0.2822 0
470 0.2746 0
1120 0.2666 0
1467 0.2651 0
1416 0.2603 0
8 0.2539 0
826 0.2534 0
943 0.2460 0
801 0.2436 0
902 0.2386 0
920 0.2367 0
1284 0.2364 0
586 0.2356 0
1058 0.2319 0
1325 0.2314 0
1772 0.2313 0
397 0.2261 0
825 0.2236 0
1890 0.2206 0
951 0.2197 0
1115 0.2168 0
912 0.2139 0
1116 0.2100 0
1029 0.2097 0
769 0.2022 0
1168 0.2016 0
391 0.1951 0
678 0.1846 0
1214 0.1826 0
917 0.1709 0
382 0.1672 0
1550 0.1669 0
1660 0.1663 0
283 0.1640 0
1181 0.1580 0
906 0.1542 0
1426 0.1474 0
435 0.1390 0
1208 0.1356 0
1695 0.1342 0
507 0.1322 0
1899 0.1278 0
1037 0.1261 0
1405 0.1258 0
1519 0.1244 0
413 0.1211 0
908 0.1165 0
428 0.1136 0
730 0.1118 0
1827 0.1070 0
840 0.1069 0
1080 0.1065 0
1806 0.1025 0
1895 0.1011 0
1871 0.0971 0
620 0.0912 0
1341 0.0876 0
1629 0.0855 0
634 0.0790 0
1052 0.0744 0
1978 0.0731 0
548 0.0726 0
1903 0.0623 0
571 0.0613 0
1682 0.0550 0
1221 0.0542 0
1069 0.0518 0
899 0.0424 0
4 0.0421 0
720 0.0399 0
1992 0.0396 0
1804 0.0288 0
444 0.0273 0
1585 0.0255 0
461 0.0241 0
1738 0.0234 0
1626 0.0166 0
872 0.0037 0
1896 0.0024 0
603 0.0002 0
692 -0.0052 0
1207 -0.0077 0
1234 -0.0106 0
1642 -0.0112 0
1112 -0.0132 0
16 -0.0138 0
68 -0.0161 0
1798 -0.0210 0
606 -0.0291 0
300 -0.0295 0
751 -0.0345 0
1106 -0.0405 0
411 -0.0453 0
1825 -0.0507 0
1205 -0.0541 0
911 -0.0559 0
916 -0.0561 0
941 -0.0589 0
1625 -0.0602 0
90 -0.0611 0
390 -0.0624 0
1093 -0.0660 0
721 -0.0697 0
1644 -0.0735 0
1248 -0.0789 0
43 -0.0801 0
570 -0.0827 0
1941 -0.0853 0
1258 -0.0857 0
1991 -0.0903 0
28 -0.1054 0
915 -0.1055 0
1548 -0.1064 0
1586 -0.1134 0
1534 -0.1147 0
1641 -0.1165 0
1067 -0.1167 0
1518 -0.1245 0
1637 -0.1293 0
940 -0.1339 0
1680 -0.1360 0
1872 -0.1381 0
1648 -0.1417 0
1745 -0.1432 0
1851 -0.1458 0
338 -0.1591 0
1338 -0.1634 0
834 -0.1686 0
1513 -0.1700 0
1199 -0.1756 0
416 -0.1805 0
1425 -0.1843 0
485 -0.1844 0
1638 -0.1851 0
360 -0.1854 0
1103 -0.1934 0
1420 -0.1955 0
9 -0.2045 0
1620 -0.2086 0
1703 -0.2186 0
351 -0.2200 0
1451 -0.2222 0
70 -0.2256 0
1498 -0.2289 0
1705 -0.2303 0
1596 -0.2336 0
1427 -0.2349 0
711 -0.2375 0
682 -0.2432 0
1038 -0.2432 0
1800 -0.2447 0
846 -0.2501 0
1482 -0.2520 0
1911 -0.2520 0
1252 -0.2579 0
452 -0.2584 0
532 -0.2594 0
561 -0.2686 0
1761 -0.2796 0
1554 -0.2804 0
1465 -0.2904 0
511 -0.2932 0
1863 -0.2952 0
1485 -0.2994 0
1394 -0.3068 0
1618 -0.3082 0
838 -0.3164 0
907 -0.3189 0
1110 -0.3199 0
1462 -0.3229 0
549 -0.3256 0
841 -0.3281 0
1428 -0.3334 0
717 -0.3417 0
1765 -0.3472 0
1448 -0.3567 0
1604 -0.3570 0
699 -0.3604 0
412 -0.3623 0
514 -0.3702 0
1072 -0.3717 0
1408 -0.3735 0
1048 -0.3740 0
1192 -0.3760 0
1633 -0.3765 0
1413 -0.3808 0
1350 -0.3933 0
1499 -0.3934 0
1041 -0.3962 0
1876 -0.3967 0
1657 -0.4054 0
1202 -0.4096 0
466 -0.4121 0
1383 -0.4177 0
709 -0.4219 0
21 -0.4249 0
1818 -0.4256 0
746 -0.4278 0
597 -0.4336 0
1444 -0.4508 0
1128 -0.4509 0
1773 -0.4513 0
1241 -0.4624 0
52 -0.4646 0
1239 -0.4688 0
0 -0.4696 0
812 -0.4748 0
1075 -0.4759 0
1235 -0.4881 0
15 -0.4936 0
1323 -0.4957 0
1432 -0.4962 0
743 -0.5002 0
384 -0.5009 0
1509 -0.5041 0
434 -0.5138 0
1441 -0.5142 0
1296 -0.5143 0
1418 -0.5153 0
1502 -0.5232 0
1216 -0.5242 0
831 -0.5273 0
393 -0.5403 0
1892 -0.5418 0
1464 -0.5423 0
41 -0.5440 0
742 -0.5455 0
66 -0.5465 0
368 -0.5490 0
667 -0.5532 0
1735 -0.5533 0
663 -0.5555 0
763 -0.5570 0
1473 -0.5603 0
1004 -0.5624 0
1026 -0.5657 0
1517 -0.5680 0
1435 -0.5741 0
1647 -0.5743 0
691 -0.5744 0
894 -0.5759 0
387 -0.5786 0
582 -0.5790 0
425 -0.5794 0
961 -0.5830 0
1450 -0.5864 0
431 -0.5975 0
388 -0.5981 0
553 -0.5982 0
688 -0.6154 0
1559 -0.6237 0
6 -0.6252 0
602 -0.6261 0
1312 -0.6262 0
448 -0.6310 0
367 -0.6312 0
814 -0.6354 0
524 -0.6368 0
1442 -0.6370 0
600 -0.6441 0
684 -0.6445 0
1347 -0.6499 0
1790 -0.6512 0
1336 -0.6556 0
596 -0.6570 0
1073 -0.6662 0
1923 -0.6759 0
284 -0.6769 0
402 -0.6777 0
1602 -0.6791 0
568 -0.6792 0
921 -0.6837 0
1055 -0.6889 0
301 -0.6967 0
1592 -0.6985 0
605 -0.6998 0
975 -0.7028 0
308 -0.7099 0
414 -0.7105 0
508 -0.7133 0
1813 -0.7157 0
1201 -0.7165 0
318 -0.7183 0
1952 -0.7192 0
85 -0.7235 0
1279 -0.7267 0
365 -0.7304 0
410 -0.7326 0
1487 -0.7332 0
450 -0.7345 0
298 -0.7379 0
1526 -0.7385 0
1537 -0.7409 0
1501 -0.7417 0
1874 -0.7428 0
401 -0.7428 0
820 -0.7434 0
1553 -0.7462 0
1683 -0.7552 0
1160 -0.7556 0
1690 -0.7576 0
495 -0.7593 0
574 -0.7609 0
657 -0.7611 0
622 -0.7666 0
725 -0.7666 0
952 -0.7672 0
1598 -0.7675 0
614 -0.7713 0
932 -0.7740 0
800 -0.7754 0
328 -0.7793 0
1783 -0.7797 0
340 -0.7802 0
352 -0.7811 0
1816 -0.7818 0
1270 -0.7835 0
1339 -0.7881 0
784 -0.7892 0
1488 -0.7913 0
1113 -0.7915 0
816 -0.7928 0
488 -0.8028 0
343 -0.8028 0
1457 -0.8102 0
379 -0.8105 0
700 -0.8139 0
309 -0.8144 0
1535 -0.8160 0
1440 -0.8170 0
204 -0.8192 0
736 -0.8262 0
458 -0.8264 0
1671 -0.8327 0
1579 -0.8452 0
1238 -0.8458 0
610 -0.8471 0
950 -0.8486 0
27 -0.8492 0
394 -0.8493 0
588 -0.8504 0
100 -0.8542 0
707 -0.8588 0
626 -0.8600 0
803 -0.8600 0
88 -0.8626 0
1094 -0.8641 0
1028 -0.8684 0
1047 -0.8750 0
1525 -0.8851 0
1274 -0.8865 0
333 -0.8884 0
5 -0.8912 0
1720 -0.8970 0
426 -0.8984 0
396 -0.8993 0
443 -0.9035 0
1561 -0.9046 0
327 -0.9048 0
305 -0.9068 0
362 -0.9076 0
1605 -0.9102 0
1545 -0.9105 0
1764 -0.9196 0
29 -0.9266 0
1354 -0.9284 0
1137 -0.9333 0
1469 -0.9336 0
729 -0.9340 0
1582 -0.9399 0
995 -0.9410 0
1377 -0.9452 0
1919 -0.9524 0
523 -0.9576 0
1669 -0.9581 0
1541 -0.9614 0
1732 -0.9629 0
1159 -0.9634 0
1225 -0.9693 0
1460 -0.9711 0
3 -0.9757 0
1675 -0.9791 0
564 -0.9806 0
686 -0.9860 0
1407 -0.9870 0
886 -0.9874 0
542 -0.9917 0
1445 -0.9940 0
669 -1.0026 0
1277 -1.0033 0
1727 -1.0107 0
1129 -1.0151 0
962 -1.0158 0
673 -1.0198 0
1243 -1.0217 0
852 -1.0231 0
1443 -1.0233 0
482 -1.0252 0
1755 -1.0271 0
313 -1.0275 0
1455 -1.0288 0
914 -1.0299 0
1862 -1.0334 0
315 -1.0363 0
1574 -1.0381 0
1612 -1.0402 0
1340 -1.0421 0
598 -1.0422 0
1875 -1.0457 0
1085 -1.0483 0
923 -1.0511 0
651 -1.0527 0
1722 -1.0547 0
862 -1.0627 0
555 -1.0655 0
903 -1.0681 0
377 -1.0733 0
304 -1.0788 0
1122 -1.0817 0
835 -1.0871 0
1458 -1.0888 0
824 -1.0924 0
623 -1.0940 0
1704 -1.0943 0
860 -1.0946 0
1617 -1.0955 0
1352 -1.1004 0
672 -1.1008 0
42 -1.1056 0
1600 -1.1076 0
802 -1.1139 0
611 -1.1141 0
1729 -1.1175 0
361 -1.1179 0
1621 -1.1197 0
1643 -1.1230 0
356 -1.1260 0
1744 -1.1270 0
1635 -1.1284 0
1275 -1.1303 0
358 -1.1313 0
1470 -1.1332 0
419 -1.1374 0
1134 -1.1397 0
566 -1.1408 0
861 -1.1442 0
1677 -1.1500 0
392 -1.1527 0
1658 -1.1572 0
1315 -1.1591 0
1728 -1.1595 0
1789 -1.1649 0
528 -1.1670 0
60 -1.1674 0
1292 -1.1674 0
1194 -1.1698 0
1001 -1.1700 0
980 -1.1729 0
302 -1.1734 0
1702 -1.1737 0
1178 -1.1775 0
1049 -1.1781 0
1036 -1.1792 0
1152 -1.1798 0
1250 -1.1822 0
999 -1.1828 0
504 -1.1831 0
1107 -1.1836 0
1613 -1.1881 0
378 -1.1891 0
525 -1.1905 0
981 -1.1913 0
1698 -1.1914 0
1278 -1.1915 0
1034 -1.1940 0
1766 -1.1979 0
1751 -1.1992 0
545 -1.2004 0
1558 -1.2039 0
1155 -1.2044 0
1906 -1.2052 0
837 -1.2090 0
1796 -1.2177 0
1144 -1.2208 0
1539 -1.2244 0
1415 -1.2248 0
653 -1.2266 0
1044 -1.2275 0
1706 -1.2305 0
655 -1.2397 0
1734 -1.2437 0
1857 -1.2443 0
465 -1.2510 0
1326 -1.2598 0
1365 -1.2719 0
371 -1.2738 0
1528 -1.2752 0
1061 -1.2766 0
398 -1.2767 0
1663 -1.2778 0
1064 -1.2786 0
1040 -1.2788 0
1799 -1.2827 0
1653 -1.2837 0
1565 -1.2896 0
1888 -1.2917 0
399 -1.2948 0
712 -1.3048 0
875 -1.3057 0
380 -1.3108 0
896 -1.3114 0
1169 -1.3173 0
1533 -1.3221 0
1634 -1.3221 0
1743 -1.3224 0
1203 -1.3242 0
827 -1.3336 0
453 -1.3370 0
706 -1.3422 0
992 -1.3425 0
1140 -1.3430 0
662 -1.3502 0
1209 -1.3540 0
640 -1.3547 0
668 -1.3593 0
484 -1.3652 0
323 -1.3694 0
1510 -1.3701 0
1439 -1.3741 0
395 -1.3761 0
1301 -1.3785 0
1240 -1.3796 0
1837 -1.3861 0
1200 -1.3892 0
369 -1.3938 0
842 -1.3948 0
1795 -1.3974 0
1196 -1.4030 0
93 -1.4042 0
316 -1.4050 0
1399 -1.4058 0
1636 -1.4064 0
1391 -1.4113 0
1298 -1.4126 0
1437 -1.4167 0
888 -1.4170 0
1627 -1.4201 0
933 -1.4210 0
1713 -1.4239 0
854 -1.4276 0
1430 -1.4278 0
1463 -1.4284 0
1183 -1.4288 0
739 -1.4328 0
357 -1.4353 0
491 -1.4376 0
572 -1.4444 0
310 -1.4464 0
1889 -1.4484 0
45 -1.4484 0
993 -1.4519 0
1726 -1.4525 0
1010 -1.4559 0
1715 -1.4669 0
789 -1.4680 0
1226 -1.4699 0
973 -1.4701 0
329 -1.4755 0
1246 -1.4773 0
774 -1.4774 0
947 -1.4826 0
1272 -1.4866 0
1177 -1.4898 0
677 -1.4929 0
445 -1.4942 0
389 -1.4950 0
647 -1.4971 0
1491 -1.5010 0
1045 -1.5014 0
1000 -1.5030 0
1220 -1.5037 0
585 -1.5107 0
427 -1.5118 0
1607 -1.5148 0
1666 -1.5151 0
1334 -1.5277 0
1446 -1.5302 0
783 -1.5322 0
965 -1.5350 0
1182 -1.5438 0
1121 -1.5498 0
1453 -1.5502 0
1229 -1.5509 0
609 -1.5599 0
1564 -1.5758 0
1433 -1.5778 0
1622 -1.5781 0
512 -1.5798 0
608 -1.5808 0
451 -1.5846 0
1054 -1.5881 0
57 -1.5883 0
1652 -1.5936 0
863 -1.5982 0
617 -1.5982 0
1109 -1.6005 0
1022 -1.6006 0
563 -1.6041 0
376 -1.6068 0
422 -1.6149 0
1224 -1.6177 0
885 -1.6204 0
1410 -1.6264 0
1429 -1.6337 0
969 -1.6620 0
1507 -1.6621 0
934 -1.6622 0
1227 -1.6648 0
761 -1.6656 0
811 -1.6659 0
625 -1.6666 0
520 -1.6670 0
844 -1.6682 0
1782 -1.6683 0
1544 -1.6739 0
879 -1.6744 0
658 -1.6752 0
1 -1.6811 0
521 -1.6832 0
1543 -1.6833 0
307 -1.6944 0
1494 -1.6981 0
546 -1.7019 0
97 -1.7033 0
904 -1.7089 0
1355 -1.7108 0
1018 -1.7108 0
78 -1.7141 0
322 -1.7149 0
321 -1.7157 0
697 -1.7158 0
515 -1.7172 0
581 -1.7213 0
1046 -1.7224 0
1384 -1.7262 0
1659 -1.7266 0
424 -1.7302 0
61 -1.7419 0
889 -1.7492 0
776 -1.7514 0
880 -1.7519 0
738 -1.7551 0
1237 -1.7581 0
1025 -1.7587 0
1228 -1.7667 0
1043 -1.7778 0
976 -1.7829 0
519 -1.7872 0
1725 -1.7893 0
1747 -1.7893 0
693 -1.7938 0
791 -1.7986 0
1179 -1.8024 0
680 -1.8089 0
478 -1.8103 0
385 -1.8122 0
1156 -1.8154 0
80 -1.8159 0
480 -1.8161 0
1529 -1.8170 0
1198 -1.8173 0
99 -1.8193 0
1023 -1.8254 0
457 -1.8292 0
311 -1.8312 0
1486 -1.8341 0
619 -1.8357 0
869 -1.8360 0
1307 -1.8373 0
354 -1.8501 0
1324 -1.8575 0
1709 -1.8599 0
1681 -1.8607 0
370 -1.8612 0
1654 -1.8626 0
1907 -1.8635 0
754 -1.8714 0
347 -1.8752 0
77 -1.8785 0
978 -1.8815 0
1253 -1.8844 0
1530 -1.8904 0
1101 -1.8955 0
786 -1.8965 0
1479 -1.9062 0
1860 -1.9107 0
38 -1.9237 0
334 -1.9244 0
1886 -1.9275 0
1242 -1.9366 0
1632 -1.9398 0
1222 -1.9490 0
1188 -1.9505 0
1422 -1.9520 0
1516 -1.9623 0
1042 -1.9642 0
1608 -1.9652 0
937 -1.9668 0
1807 -1.9712 0
40 -1.9722 0
290 -1.9772 0
1211 -1.9775 0
756 -1.9779 0
277 -1.9790 0
306 -1.9819 0
953 -1.9865 0
1231 -1.9910 0
1289 -1.9921 0
1504 -1.9944 0
1662 -1.9962 0
1068 -2.0005 0
363 -2.0032 0
1288 -2.0114 0
799 -2.0171 0
96 -2.0186 0
968 -2.0192 0
1492 -2.0219 0
1508 -2.0286 0
1456 -2.0295 0
1511 -2.0366 0
1733 -2.0371 0
92 -2.0389 0
1527 -2.0394 0
1771 -2.0425 0
1718 -2.0429 0
1396 -2.0486 0
767 -2.0488 0
695 -2.0501 0
1760 -2.0590 0
1770 -2.0602 0
1366 -2.0634 0
584 -2.0639 0
64 -2.0639 0
1597 -2.0668 0
1268 -2.0712 0
1102 -2.0718 0
858 -2.0739 0
1769 -2.0757 0
1497 -2.0779 0
1008 -2.0938 0
1784 -2.0997 0
590 -2.1018 0
1117 -2.1024 0
324 -2.1032 0
569 -2.1045 0
11 -2.1083 0
671 -2.1137 0
1532 -2.1145 0
547 -2.1155 0
1161 -2.1181 0
539 -2.1201 0
1331 -2.1218 0
1781 -2.1236 0
1776 -2.1293 0
366 -2.1295 0
1719 -2.1306 0
815 -2.1358 0
483 -2.1414 0
1164 -2.1489 0
1746 -2.1540 0
87 -2.1550 0
1423 -2.1612 0
1244 -2.1658 0
664 -2.1674 0
866 -2.1682 0
882 -2.1730 0
1263 -2.1732 0
983 -2.1773 0
1495 -2.1782 0
1020 -2.1795 0
1414 -2.1847 0
1522 -2.1868 0
1223 -2.1972 0
1157 -2.2019 0
1187 -2.2022 0
1251 -2.2098 0
1170 -2.2098 0
55 -2.2162 0
646 -2.2223 0
1327 -2.2240 0
1646 -2.2269 0
1417 -2.2317 0
1123 -2.2338 0
971 -2.2339 0
1449 -2.2346 0
957 -2.2409 0
964 -2.2434 0
1185 -2.2437 0
551 -2.2461 0
421 -2.2489 0
1714 -2.2505 0
400 -2.2552 0
409 -2.2588 0
1650 -2.2625 0
51 -2.2642 0
1615 -2.2650 0
1490 -2.2650 0
1127 -2.2671 0
59 -2.2672 0
91 -2.2749 0
573 -2.2824 0
439 -2.2841 0
550 -2.2890 0
350 -2.2918 0
73 -2.3043 0
1124 -2.3066 0
1684 -2.3067 0
823 -2.3084 0
299 -2.3187 0
1311 -2.3202 0
1575 -2.3204 0
1343 -2.3246 0
644 -2.3272 0
780 -2.3304 0
1035 -2.3331 0
527 -2.3333 0
559 -2.3442 0
1434 -2.3470 0
1372 -2.3505 0
1193 -2.3541 0
624 -2.3555 0
1393 -2.3582 0
1645 -2.3590 0
887 -2.3613 0
1267 -2.3744 0
1033 -2.3756 0
423 -2.3757 0
1603 -2.3778 0
505 -2.3793 0
1506 -2.3872 0
1329 -2.3915 0
497 -2.3938 0
353 -2.4056 0
1523 -2.4092 0
1614 -2.4100 0
1841 -2.4190 0
1158 -2.4190 0
1317 -2.4195 0
865 -2.4207 0
878 -2.4214 0
1174 -2.4214 0
1016 -2.4289 0
580 -2.4292 0
989 -2.4323 0
1696 -2.4325 0
303 -2.4327 0
851 -2.4427 0
1357 -2.4444 0
1412 -2.4447 0
1261 -2.4449 0
1005 -2.4476 0
690 -2.4477 0
1583 -2.4528 0
656 -2.4664 0
1476 -2.4724 0
1409 -2.4750 0
1536 -2.4750 0
1257 -2.4816 0
1739 -2.4837 0
1661 -2.4976 0
750 -2.5093 0
355 -2.5139 0
1515 -2.5144 0
319 -2.5171 0
1143 -2.5218 0
996 -2.5262 0
593 -2.5297 0
987 -2.5333 0
1280 -2.5397 0
386 -2.5413 0
332 -2.5438 0
633 -2.5473 0
381 -2.5524 0
1403 -2.5525 0
997 -2.5581 0
1758 -2.5726 0
1767 -2.5900 0
1493 -2.5960 0
853 -2.5964 0
1305 -2.5983 0
1031 -2.6015 0
685 -2.6045 0
660 -2.6072 0
1364 -2.6076 0
1151 -2.6143 0
1777 -2.6153 0
926 -2.6165 0
984 -2.6190 0
615 -2.6292 0
1197 -2.6374 0
518 -2.6411 0
1651 -2.6425 0
1693 -2.6431 0
1481 -2.6441 0
641 -2.6502 0
383 -2.6522 0
294 -2.6552 0
82 -2.6564 0
432 -2.6578 0
1753 -2.6588 0
1269 -2.6623 0
1104 -2.6643 0
1132 -2.6732 0
1500 -2.6788 0
979 -2.6789 0
778 -2.6811 0
95 -2.6815 0
517 -2.6820 0
336 -2.6824 0
1452 -2.6977 0
1382 -2.6978 0
1249 -2.6990 0
554 -2.7007 0
792 -2.7056 0
1013 -2.7071 0
649 -2.7121 0
575 -2.7121 0
1057 -2.7196 0
1370 -2.7204 0
892 -2.7227 0
1130 -2.7232 0
752 -2.7241 0
537 -2.7249 0
501 -2.7253 0
562 -2.7273 0
1858 -2.7289 0
1873 -2.7289 0
339 -2.7314 0
1212 -2.7386 0
652 -2.7402 0
522 -2.7478 0
770 -2.7519 0
58 -2.7580 0
1100 -2.7581 0
1060 -2.7621 0
1138 -2.7710 0
587 -2.7724 0
762 -2.7740 0
859 -2.7745 0
314 -2.7761 0
372 -2.7765 0
694 -2.7776 0
1321 -2.7824 0
1163 -2.7834 0
1628 -2.7858 0
89 -2.7904 0
1655 -2.7940 0
467 -2.8037 0
1538 -2.8152 0
1503 -2.8218 0
579 -2.8241 0
1387 -2.8249 0
1265 -2.8250 0
1012 -2.8269 0
893 -2.8270 0
925 -2.8293 0
513 -2.8328 0
1856 -2.8383 0
449 -2.8466 0
675 -2.8468 0
1454 -2.8485 0
540 -2.8505 0
1293 -2.8634 0
533 -2.8656 0
1375 -2.8664 0
1356 -2.8684 0
1363 -2.8721 0
856 -2.8796 0
1316 -2.8964 0
891 -2.9008 0
464 -2.9010 0
1361 -2.9035 0
991 -2.9040 0
1676 -2.9074 0
498 -2.9154 0
1308 -2.9239 0
1142 -2.9284 0
1146 -2.9340 0
1478 -2.9386 0
1731 -2.9388 0
1176 -2.9452 0
67 -2.9526 0
627 -2.9578 0
1639 -2.9602 0
1721 -2.9634 0
1774 -2.9662 0
556 -2.9679 0
895 -2.9743 0
871 -2.9781 0
1472 -2.9790 0
373 -2.9802 0
53 -2.9836 0
1184 -2.9850 0
758 -2.9908 0
1255 -2.9957 0
1724 -2.9959 0
1030 -2.9983 0
19 -3.0059 0
1466 -3.0060 0
1300 -3.0131 0
1175 -3.0137 0
494 -3.0192 0
320 -3.0225 0
1547 -3.0227 0
538 -3.0233 0
788 -3.0248 0
1611 -3.0254 0
1166 -3.0366 0
637 -3.0374 0
455 -3.0404 0
1670 -3.0471 0
1376 -3.0561 0
543 -3.0576 0
1560 -3.0642 0
785 -3.0696 0
782 -3.0724 0
1404 -3.0748 0
760 -3.0756 0
1748 -3.0763 0
654 -3.0853 0
890 -3.0900 0
1344 -3.0902 0
502 -3.0965 0
998 -3.1173 0
1027 -3.1232 0
1385 -3.1315 0
1668 -3.1316 0
1349 -3.1342 0
1710 -3.1391 0
1332 -3.1438 0
958 -3.1500 0
1304 -3.1551 0
1313 -3.1595 0
1218 -3.1701 0
1687 -3.1717 0
631 -3.1770 0
1859 -3.1813 0
659 -3.1818 0
898 -3.1823 0
1011 -3.1842 0
870 -3.1926 0
1302 -3.1959 0
49 -3.1976 0
1009 -3.2010 0
1318 -3.2058 0
1256 -3.2100 0
317 -3.2122 0
1297 -3.2383 0
1689 -3.2384 0
1032 -3.2443 0
589 -3.2465 0
345 -3.2526 0
1233 -3.2566 0
69 -3.2578 0
1398 -3.2663 0
1697 -3.2675 0
970 -3.2719 0
83 -3.2784 0
1165 -3.2852 0
79 -3.2868 0
1717 -3.2944 0
1351 -3.3021 0
37 -3.3037 0
1133 -3.3118 0
544 -3.3127 0
1489 -3.3148 0
1345 -3.3158 0
1111 -3.3163 0
604 -3.3436 0
883 -3.3446 0
796 -3.3456 0
1707 -3.3459 0
541 -3.3495 0
12 -3.3555 0
1392 -3.3591 0
374 -3.3659 0
642 -3.3691 0
1571 -3.3744 0
1295 -3.3795 0
463 -3.3943 0
460 -3.3980 0
1002 -3.4127 0
1685 -3.4228 0
1262 -3.4320 0
897 -3.4401 0
1283 -3.4414 0
777 -3.4422 0
86 -3.4546 0
529 -3.4646 0
974 -3.4663 0
1673 -3.4805 0
1294 -3.4859 0
1150 -3.4901 0
988 -3.5017 0
1371 -3.5036 0
1740 -3.5053 0
331 -3.5086 0
1692 -3.5157 0
24 -3.5158 0
755 -3.5282 0
1254 -3.5332 0
594 -3.5408 0
1749 -3.5424 0
982 -3.5449 0
1388 -3.5472 0
1291 -3.5492 0
924 -3.5648 0
944 -3.5664 0
766 -3.5716 0
798 -3.5754 0
1546 -3.5834 0
1006 -3.5859 0
1259 -3.5882 0
1118 -3.5912 0
490 -3.5941 0
1360 -3.6190 0
867 -3.6255 0
1003 -3.6263 0
558 -3.6303 0
94 -3.6330 0
813 -3.6340 0
960 -3.6438 0
1320 -3.6476 0
877 -3.6628 0
638 -3.6729 0
972 -3.6747 0
938 -3.6785 0
1039 -3.6787 0
1475 -3.6947 0
469 -3.7023 0
474 -3.7424 0
1173 -3.7536 0
1716 -3.7696 0
330 -3.7790 0
757 -3.7856 0
665 -3.8175 0
471 -3.8229 0
1665 -3.8257 0
54 -3.8367 0
868 -3.8448 0
81 -3.8508 0
1390 -3.8539 0
1664 -3.8739 0
795 -3.8839 0
855 -3.8875 0
481 -3.9058 0
1480 -3.9137 0
775 -3.9151 0
1007 -3.9208 0
956 -3.9272 0
1358 -3.9435 0
342 -3.9534 0
1712 -3.9564 0
50 -3.9587 0
1686 -3.9704 0
1483 -3.9732 0
1521 -3.9860 0
552 -4.0041 0
1797 -4.0221 0
977 -4.0238 0
1656 -4.0382 0
1190 -4.0432 0
1260 -4.0462 0
967 -4.0627 0
772 -4.0700 0
500 -4.0712 0
1285 -4.1081 0
994 -4.1083 0
773 -4.1154 0
765 -4.1248 0
578 -4.1384 0
477 -4.1423 0
1126 -4.1435 0
1730 -4.1447 0
1691 -4.1453 0
472 -4.1553 0
874 -4.1759 0
966 -4.1817 0
1471 -4.1818 0
1649 -4.1937 0
959 -4.1990 0
787 -4.2193 0
942 -4.2206 0
873 -4.2413 0
779 -4.2462 0
1623 -4.2612 0
536 -4.2777 0
63 -4.3273 0
1379 -4.3460 0
98 -4.3610 0
592 -4.3637 0
75 -4.3851 0
1737 -4.3887 0
1153 -4.4024 0
1299 -4.4088 0
689 -4.4096 0
454 -4.4459 0
793 -4.4534 0
430 -4.4600 0
1135 -4.4751 0
473 -4.4862 0
1271 -4.4907 0
526 -4.4967 0
1167 -4.4998 0
954 -4.5040 0
1348 -4.5271 0
335 -4.5301 0
797 -4.5399 0
630 -4.5482 0
618 -4.5775 0
650 -4.5883 0
1333 -4.6002 0
1282 -4.6093 0
344 -4.6140 0
1369 -4.6705 0
616 -4.7060 0
346 -4.7283 0
759 -4.7426 0
1368 -4.7521 0
1114 -4.7925 0
876 -4.8006 0
476 -4.8879 0
475 -4.8885 0
1147 -4.8951 0
1171 -4.9132 0
629 -4.9320 0
781 -4.9325 0
565 -4.9870 0
531 -5.0095 0
1484 -5.0202 0
1015 -5.0263 0
857 -5.0494 0
790 -5.0548 0
1378 -5.0827 0
1195 -5.0962 0
489 -5.1520 0
1136 -5.2097 0
1557 -5.2204 0
1019 -5.2487 0
496 -5.2816 0
33 -5.2951 0
1580 -5.3057 0
1723 -5.3164 0
349 -5.3793 0
1380 -5.3880 0
1303 -5.4578 0
864 -5.4973 0
486 -5.5699 0
1362 -5.5708 0
1374 -5.5725 0
509 -5.6102 0
1395 -5.6816 0
2 -5.6835 0
1672 -5.6924 0
1149 -5.7917 0
1337 -5.9340 0
510 -5.9628 0
1389 -6.0311 0
456 -6.0492 0
492 -6.1027 0
468 -6.3094 0
1367 -6.3145 0
1381 -6.3803 0
1373 -6.3909 0
1319 -6.4041 0
1359 -6.5536 0
1700 -6.5652 0
337 -6.7965 0
1386 -6.8301 0
499 -6.8826 0
794 -7.1030 0
459 -8.0073 0
