209 22.1607 1
217 22.0082 1
243 20.5782 1
239 20.1670 1
223 20.1180 1
249 19.8964 1
240 19.1660 1
244 18.5764 1
213 18.3436 1
222 17.9359 1
218 17.6958 1
232 17.4082 1
237 17.3687 1
202 16.6902 1
242 16.4363 1
216 16.4332 1
214 16.4046 1
224 15.7608 1
205 15.7591 1
220 15.2548 1
160 14.6543 0
245 14.4844 1
201 14.2648 1
233 14.1181 1
246 14.0631 1
212 13.8654 1
228 13.6072 1
229 13.4762 1
1938 13.4487 0
221 13.4276 1
207 13.0225 1
215 12.7285 1
200 12.7219 1
225 12.3991 1
211 11.8798 1
1975 11.7085 0
188 11.5777 0
196 11.0452 0
192 10.6402 0
164 10.5976 0
203 10.4384 1
206 10.2724 1
219 10.1741 1
104 10.0174 0
1985 9.9786 0
1921 9.8146 0
193 9.6004 0
170 9.3760 0
155 9.3223 0
167 9.2928 0
236 9.1757 1
238 9.0788 1
157 9.0700 0
227 9.0323 1
234 8.8432 1
179 8.6963 0
1931 8.4739 0
183 8.4565 0
152 8.3390 0
1868 8.2809 0
176 8.1075 0
208 8.0456 1
158 7.9659 0
1982 7.8559 0
151 7.4399 0
197 7.4113 0
119 7.3380 0
545 7.3290 0
116 7.3185 0
185 7.1512 0
113 7.1220 0
173 7.0909 0
186 7.0844 0
105 7.0322 0
137 7.0077 0
107 7.0009 0
1920 6.9878 0
138 6.9706 0
248 6.8781 1
177 6.8058 0
1934 6.6663 0
166 6.6382 0
1904 6.6039 0
231 6.5963 1
136 6.5635 0
109 6.5530 0
1976 6.5008 0
1910 6.4114 0
161 6.3723 0
181 6.3464 0
169 6.2519 0
1236 6.2148 0
184 6.0688 0
230 6.0494 1
210 5.9836 1
1834 5.9202 0
1342 5.9091 0
1912 5.8991 0
1948 5.8843 0
1939 5.8380 0
115 5.7601 0
1940 5.7519 0
163 5.7421 0
235 5.7420 1
1206 5.7131 0
1995 5.6574 0
139 5.6369 0
254 5.6141 0
154 5.6116 0
1880 5.6011 0
1616 5.5989 0
112 5.5282 0
149 5.4822 0
127 5.3831 0
128 5.3701 0
530 5.0590 0
153 5.0509 0
1631 5.0401 0
1851 5.0348 0
1989 4.9755 0
1974 4.9336 0
198 4.8921 0
1946 4.8575 0
199 4.8501 0
1894 4.8173 0
162 4.7796 0
175 4.7755 0
43 4.7174 0
195 4.7131 0
278 4.6915 0
165 4.6904 0
135 4.6851 0
191 4.6368 0
1416 4.5915 0
1314 4.5870 0
1957 4.5644 0
145 4.5185 0
122 4.4843 0
703 4.3987 0
111 4.3600 0
1814 4.3325 0
1829 4.3262 0
595 4.3244 0
1988 4.3097 0
1983 4.3093 0
190 4.2760 0
150 4.2655 0
1325 4.2600 0
1172 4.2304 0
148 4.2133 0
1917 4.2039 0
1902 4.2000 0
405 4.1867 0
189 4.1784 0
182 4.1632 0
265 4.1474 0
735 4.1068 0
250 4.0872 0
110 4.0583 0
144 3.9952 0
140 3.9829 0
125 3.9360 0
90 3.9264 0
1876 3.9083 0
561 3.8930 0
326 3.8690 0
1932 3.8644 0
159 3.8219 0
1436 3.8098 0
1768 3.7879 0
710 3.7849 0
1999 3.7795 0
102 3.7647 0
117 3.7415 0
187 3.7119 0
1881 3.7090 0
1977 3.6476 0
101 3.6337 0
1929 3.6061 0
1915 3.6026 0
261 3.5819 0
1082 3.5777 0
270 3.5518 0
143 3.5377 0
1401 3.5176 0
1885 3.5128 0
1400 3.4753 0
714 3.4512 0
1840 3.4492 0
1824 3.4462 0
1426 3.4200 0
156 3.3788 0
1405 3.3659 0
118 3.3652 0
1610 3.3564 0
1926 3.3242 0
1968 3.3228 0
406 3.2975 0
133 3.2813 0
1953 3.2735 0
180 3.2667 0
1899 3.2448 0
87 3.2227 0
1819 3.1536 0
1864 3.1365 0
171 3.1160 0
1947 3.1132 0
266 3.0843 0
1922 3.0615 0
586 3.0544 0
1411 3.0493 0
591 3.0382 0
955 3.0294 0
204 2.9896 1
1956 2.9760 0
141 2.9758 0
71 2.9741 0
13 2.9614 0
1220 2.9592 0
1852 2.9580 0
178 2.9171 0
147 2.9012 0
285 2.8861 0
1421 2.8147 0
1936 2.8146 0
275 2.8114 0
845 2.7917 0
931 2.7801 0
1882 2.7794 0
1970 2.7633 0
622 2.7460 0
126 2.7411 0
1442 2.7231 0
273 2.7012 0
1942 2.6854 0
1846 2.6784 0
712 2.6772 0
1971 2.6719 0
194 2.6586 0
810 2.6515 0
72 2.6027 0
1699 2.5976 0
1990 2.5870 0
44 2.5740 0
1551 2.5623 0
258 2.5527 0
1083 2.5514 0
1878 2.5377 0
1998 2.5293 0
639 2.4974 0
120 2.4898 0
297 2.4581 0
1145 2.4404 0
1866 2.4237 0
74 2.4044 0
734 2.3862 0
564 2.3733 0
1459 2.3640 0
728 2.3590 0
1120 2.3507 0
288 2.3491 0
106 2.3462 0
1239 2.3461 0
727 2.3447 0
1916 2.3409 0
580 2.3315 0
1232 2.3291 0
731 2.2991 0
1849 2.2986 0
103 2.2872 0
1720 2.2820 0
1791 2.2542 0
1296 2.2510 0
1861 2.2505 0
18 2.2466 0
769 2.2366 0
283 2.2253 0
741 2.2198 0
718 2.2192 0
806 2.2108 0
1914 2.2048 0
1301 2.1993 0
1845 2.1831 0
1844 2.1814 0
1445 2.1798 0
1815 2.1758 0
1854 2.1657 0
986 2.1483 0
66 2.1444 0
1071 2.1379 0
1081 2.1264 0
108 2.1137 0
100 2.1136 0
1102 2.1130 0
1468 2.1088 0
721 2.1002 0
7 2.0907 0
1312 2.0865 0
1810 2.0827 0
1192 2.0732 0
1116 2.0647 0
990 2.0532 0
1706 2.0440 0
715 2.0284 0
901 2.0257 0
1754 2.0136 0
681 2.0035 0
563 2.0033 0
753 1.9998 0
1928 1.9980 0
124 1.9834 0
829 1.9783 0
1958 1.9764 0
1045 1.9686 0
749 1.9607 0
1900 1.9439 0
264 1.9392 0
812 1.9378 0
253 1.9181 0
1227 1.9167 0
593 1.9147 0
1322 1.9019 0
323 1.9019 0
1738 1.8979 0
1066 1.8902 0
174 1.8854 0
834 1.8711 0
1021 1.8695 0
1986 1.8579 0
1309 1.8484 0
1576 1.8453 0
396 1.8396 0
259 1.8281 0
1879 1.8277 0
1909 1.8272 0
1219 1.8164 0
1883 1.8140 0
1833 1.8106 0
1937 1.7948 0
573 1.7929 0
1821 1.7912 0
548 1.7803 0
576 1.7795 0
1865 1.7725 0
1969 1.7705 0
1964 1.7684 0
1419 1.7673 0
1779 1.7512 0
287 1.7490 0
168 1.7486 0
1129 1.7396 0
801 1.7319 0
1839 1.7303 0
70 1.7276 0
296 1.7199 0
1214 1.7141 0
293 1.7102 0
114 1.7017 0
1979 1.6991 0
1893 1.6979 0
1406 1.6978 0
1960 1.6880 0
1994 1.6776 0
1896 1.6764 0
343 1.6741 0
590 1.6667 0
661 1.6653 0
849 1.6639 0
1290 1.6618 0
919 1.6601 0
862 1.6418 0
1705 1.6318 0
1831 1.6280 0
698 1.6224 0
1117 1.6135 0
535 1.6126 0
607 1.6049 0
146 1.5974 0
1077 1.5922 0
47 1.5855 0
1959 1.5845 0
516 1.5777 0
704 1.5660 0
1895 1.5634 0
643 1.5620 0
1084 1.5616 0
1987 1.5567 0
1469 1.5538 0
1891 1.5468 0
328 1.5408 0
277 1.5374 0
1913 1.5358 0
1962 1.5350 0
68 1.5341 0
257 1.5307 0
621 1.5299 0
348 1.5256 0
1441 1.5210 0
1435 1.5138 0
716 1.5136 0
1811 1.5085 0
1735 1.5055 0
441 1.5036 0
717 1.5018 0
1065 1.4991 0
1950 1.4970 0
600 1.4926 0
1836 1.4901 0
768 1.4886 0
131 1.4786 0
911 1.4675 0
121 1.4668 0
534 1.4603 0
1335 1.4587 0
1793 1.4569 0
52 1.4553 0
1945 1.4531 0
503 1.4513 0
692 1.4495 0
699 1.4443 0
1973 1.4442 0
84 1.4355 0
614 1.4333 0
433 1.4256 0
828 1.4144 0
962 1.4045 0
1086 1.4035 0
56 1.4012 0
1765 1.3961 0
805 1.3925 0
1431 1.3882 0
1967 1.3826 0
35 1.3807 0
1800 1.3635 0
428 1.3621 0
1930 1.3563 0
377 1.3503 0
569 1.3437 0
894 1.3413 0
130 1.3395 0
934 1.3240 0
1076 1.3225 0
701 1.3220 0
1555 1.3213 0
1438 1.3185 0
1186 1.3145 0
1935 1.3122 0
910 1.3114 0
726 1.3063 0
1761 1.2982 0
906 1.2976 0
1907 1.2933 0
263 1.2913 0
1088 1.2913 0
748 1.2896 0
702 1.2791 0
1148 1.2701 0
1162 1.2596 0
1874 1.2567 0
92 1.2528 0
1053 1.2519 0
771 1.2432 0
41 1.2413 0
99 1.2381 0
1609 1.2362 0
1955 1.2246 0
804 1.2191 0
415 1.2091 0
1428 1.2080 0
1776 1.2036 0
1328 1.1933 0
1925 1.1931 0
1984 1.1864 0
645 1.1813 0
1447 1.1802 0
745 1.1767 0
1775 1.1736 0
951 1.1732 0
1679 1.1731 0
1924 1.1731 0
738 1.1625 0
513 1.1616 0
134 1.1602 0
470 1.1587 0
260 1.1583 0
282 1.1570 0
839 1.1482 0
1098 1.1384 0
826 1.1383 0
1125 1.1344 0
713 1.1334 0
241 1.1246 1
1238 1.1225 0
1718 1.1222 0
1908 1.1164 0
453 1.1153 0
1867 1.1090 0
1949 1.1074 0
686 1.1074 0
1823 1.1072 0
267 1.1063 0
504 1.1046 0
528 1.0996 0
1778 1.0947 0
1905 1.0926 0
1619 1.0858 0
1142 1.0806 0
872 1.0650 0
763 1.0631 0
1074 1.0561 0
1944 1.0547 0
1376 1.0546 0
1803 1.0505 0
1424 1.0493 0
1877 1.0475 0
1097 1.0436 0
575 1.0383 0
379 1.0346 0
1637 1.0281 0
1181 1.0221 0
1230 1.0076 0
1524 1.0014 0
129 0.9978 0
1146 0.9976 0
927 0.9953 0
1310 0.9940 0
1812 0.9923 0
915 0.9900 0
913 0.9891 0
1306 0.9867 0
587 0.9792 0
1748 0.9770 0
708 0.9751 0
570 0.9650 0
1089 0.9639 0
1215 0.9631 0
626 0.9581 0
744 0.9571 0
1794 0.9554 0
687 0.9407 0
1174 0.9313 0
1688 0.9298 0
1933 0.9284 0
592 0.9257 0
1857 0.9230 0
700 0.9200 0
598 0.9166 0
1228 0.9098 0
1150 0.9084 0
1180 0.9081 0
1752 0.8890 0
1843 0.8869 0
1660 0.8863 0
1963 0.8833 0
368 0.8828 0
722 0.8826 0
1745 0.8734 0
123 0.8708 0
255 0.8691 0
1168 0.8677 0
719 0.8609 0
506 0.8599 0
817 0.8538 0
843 0.8493 0
562 0.8467 0
1892 0.8458 0
479 0.8426 0
1903 0.8382 0
746 0.8337 0
1189 0.8319 0
747 0.8289 0
566 0.8277 0
271 0.8186 0
1414 0.8178 0
1640 0.8135 0
886 0.8090 0
45 0.8036 0
1869 0.7954 0
394 0.7934 0
1847 0.7881 0
1091 0.7878 0
1029 0.7843 0
42 0.7806 0
1788 0.7774 0
667 0.7723 0
1444 0.7686 0
1330 0.7657 0
1842 0.7630 0
280 0.7621 0
1221 0.7585 0
1051 0.7563 0
905 0.7538 0
142 0.7400 0
1556 0.7205 0
1644 0.7205 0
1131 0.7130 0
1063 0.7112 0
1648 0.7073 0
1087 0.7006 0
1965 0.6976 0
1208 0.6938 0
1182 0.6923 0
1217 0.6916 0
1796 0.6837 0
1477 0.6835 0
1446 0.6775 0
251 0.6771 0
571 0.6741 0
1863 0.6714 0
943 0.6710 0
908 0.6691 0
391 0.6654 0
688 0.6510 0
1185 0.6431 0
361 0.6316 0
1324 0.6192 0
269 0.6174 0
732 0.6160 0
1307 0.6089 0
1038 0.6080 0
1030 0.5983 0
730 0.5932 0
1202 0.5830 0
831 0.5796 0
1809 0.5788 0
1813 0.5711 0
1439 0.5708 0
833 0.5610 0
609 0.5529 0
437 0.5510 0
567 0.5500 0
574 0.5498 0
1853 0.5493 0
559 0.5463 0
835 0.5419 0
1980 0.5279 0
583 0.5248 0
1432 0.5181 0
612 0.5103 0
816 0.4985 0
707 0.4958 0
1579 0.4939 0
291 0.4932 0
1308 0.4856 0
1210 0.4834 0
1653 0.4762 0
313 0.4745 0
1022 0.4742 0
1961 0.4727 0
1286 0.4717 0
705 0.4698 0
62 0.4610 0
262 0.4569 0
85 0.4523 0
95 0.4520 0
776 0.4439 0
351 0.4422 0
1593 0.4413 0
1923 0.4374 0
554 0.4365 0
577 0.4303 0
76 0.4284 0
632 0.4283 0
511 0.4181 0
558 0.4180 0
382 0.4108 0
1941 0.3888 0
1890 0.3872 0
1898 0.3869 0
1105 0.3862 0
1918 0.3844 0
601 0.3753 0
1415 0.3739 0
1187 0.3730 0
1244 0.3718 0
1884 0.3676 0
819 0.3637 0
28 0.3555 0
930 0.3532 0
674 0.3407 0
1320 0.3360 0
830 0.3320 0
932 0.3315 0
507 0.3306 0
900 0.3296 0
132 0.3252 0
1875 0.3221 0
524 0.3211 0
589 0.3194 0
556 0.3192 0
1203 0.3164 0
360 0.3155 0
1264 0.3099 0
1392 0.3083 0
1830 0.3057 0
98 0.3051 0
1079 0.3047 0
709 0.3032 0
1624 0.3029 0
1429 0.3005 0
1479 0.2940 0
847 0.2911 0
272 0.2813 0
514 0.2801 0
1263 0.2800 0
303 0.2768 0
582 0.2760 0
1805 0.2753 0
1067 0.2750 0
1888 0.2741 0
446 0.2705 0
447 0.2701 0
397 0.2613 0
1001 0.2599 0
274 0.2590 0
1397 0.2568 0
1822 0.2506 0
1412 0.2418 0
1750 0.2389 0
1553 0.2373 0
1059 0.2341 0
1090 0.2231 0
761 0.2156 0
502 0.2149 0
1722 0.2130 0
1595 0.2105 0
1252 0.2050 0
1226 0.2027 0
599 0.1989 0
1488 0.1988 0
57 0.1974 0
1638 0.1964 0
1340 0.1954 0
83 0.1923 0
1028 0.1891 0
1462 0.1871 0
1448 0.1829 0
1951 0.1788 0
1602 0.1765 0
1052 0.1738 0
542 0.1722 0
25 0.1658 0
1993 0.1652 0
1647 0.1576 0
928 0.1460 0
603 0.1435 0
1901 0.1430 0
22 0.1428 0
1604 0.1407 0
279 0.1388 0
1746 0.1345 0
903 0.1287 0
729 0.1283 0
1569 0.1261 0
1568 0.1257 0
1759 0.1225 0
739 0.1164 0
1178 0.1164 0
1273 0.1148 0
568 0.1138 0
679 0.1135 0
1440 0.1089 0
820 0.1084 0
1216 0.1083 0
1972 0.1079 0
1151 0.1072 0
276 0.1027 0
1096 0.0993 0
425 0.0986 0
1756 0.0975 0
247 0.0973 1
762 0.0950 0
550 0.0919 0
252 0.0835 0
1762 0.0771 0
1000 0.0709 0
1694 0.0707 0
1726 0.0697 0
290 0.0682 0
60 0.0595 0
1170 0.0545 0
1850 0.0538 0
657 0.0518 0
1108 0.0496 0
1245 0.0455 0
32 0.0391 0
555 0.0352 0
333 0.0281 0
1742 0.0278 0
1418 0.0226 0
338 0.0202 0
1443 0.0191 0
289 0.0188 0
1744 0.0182 0
963 0.0175 0
388 0.0163 0
1855 0.0147 0
416 0.0136 0
1341 0.0104 0
390 0.0068 0
1996 0.0043 0
1413 0.0017 0
1207 -0.0020 0
91 -0.0036 0
375 -0.0042 0
1476 -0.0077 0
1420 -0.0126 0
1169 -0.0128 0
438 -0.0200 0
1871 -0.0278 0
525 -0.0284 0
389 -0.0373 0
546 -0.0408 0
1589 -0.0437 0
696 -0.0568 0
1763 -0.0584 0
1997 -0.0601 0
764 -0.0609 0
1123 -0.0643 0
79 -0.0691 0
725 -0.0692 0
1334 -0.0703 0
1757 -0.0715 0
54 -0.0733 0
825 -0.0747 0
517 -0.0787 0
1772 -0.0822 0
3 -0.0902 0
882 -0.0928 0
1927 -0.0987 0
922 -0.1005 0
418 -0.1177 0
407 -0.1177 0
1780 -0.1203 0
814 -0.1216 0
740 -0.1217 0
352 -0.1235 0
341 -0.1269 0
88 -0.1272 0
1225 -0.1282 0
985 -0.1372 0
14 -0.1382 0
1594 -0.1428 0
1804 -0.1462 0
1095 -0.1468 0
1242 -0.1486 0
1396 -0.1491 0
1496 -0.1557 0
760 -0.1564 0
67 -0.1580 0
1407 -0.1598 0
579 -0.1624 0
48 -0.1659 0
1966 -0.1684 0
1056 -0.1742 0
1711 -0.1747 0
512 -0.1802 0
1135 -0.1826 0
1134 -0.1872 0
933 -0.1936 0
848 -0.1941 0
281 -0.1949 0
808 -0.1965 0
1139 -0.1973 0
1729 -0.1975 0
1336 -0.2028 0
1678 -0.2046 0
1832 -0.2078 0
1626 -0.2107 0
508 -0.2127 0
1154 -0.2210 0
1886 -0.2210 0
295 -0.2242 0
1099 -0.2260 0
890 -0.2268 0
1802 -0.2268 0
597 -0.2306 0
1954 -0.2330 0
1332 -0.2387 0
861 -0.2437 0
939 -0.2506 0
824 -0.2512 0
1474 -0.2515 0
660 -0.2534 0
408 -0.2553 0
757 -0.2562 0
1642 -0.2563 0
1618 -0.2568 0
1674 -0.2711 0
1978 -0.2739 0
1702 -0.2744 0
1109 -0.2745 0
1423 -0.2819 0
807 -0.2824 0
1505 -0.2836 0
750 -0.2839 0
647 -0.2870 0
1981 -0.2888 0
1911 -0.2902 0
21 -0.2914 0
284 -0.2977 0
1194 -0.3003 0
321 -0.3003 0
802 -0.3023 0
1643 -0.3096 0
547 -0.3097 0
809 -0.3109 0
683 -0.3121 0
1826 -0.3190 0
387 -0.3217 0
706 -0.3282 0
952 -0.3304 0
1144 -0.3321 0
1008 -0.3357 0
1408 -0.3390 0
557 -0.3446 0
39 -0.3460 0
1566 -0.3471 0
1635 -0.3492 0
1279 -0.3515 0
395 -0.3581 0
393 -0.3598 0
401 -0.3632 0
1183 -0.3634 0
1062 -0.3637 0
1425 -0.3640 0
1449 -0.3669 0
896 -0.3763 0
1540 -0.3771 0
1427 -0.3800 0
414 -0.3843 0
869 -0.3916 0
442 -0.3934 0
1585 -0.3988 0
917 -0.3993 0
53 -0.3997 0
519 -0.4034 0
935 -0.4170 0
625 -0.4192 0
500 -0.4199 0
1343 -0.4244 0
1138 -0.4256 0
1012 -0.4266 0
1872 -0.4341 0
436 -0.4358 0
1070 -0.4398 0
304 -0.4429 0
1072 -0.4450 0
450 -0.4454 0
1177 -0.4502 0
1004 -0.4503 0
367 -0.4505 0
1730 -0.4515 0
1128 -0.4562 0
1092 -0.4573 0
1281 -0.4596 0
1158 -0.4636 0
268 -0.4684 0
1434 -0.4759 0
1248 -0.4910 0
59 -0.4929 0
1919 -0.4943 0
443 -0.4943 0
466 -0.4948 0
822 -0.4970 0
1404 -0.4998 0
1715 -0.5026 0
308 -0.5110 0
1433 -0.5129 0
585 -0.5165 0
1155 -0.5248 0
1625 -0.5269 0
458 -0.5284 0
1529 -0.5288 0
427 -0.5348 0
358 -0.5357 0
16 -0.5358 0
1464 -0.5390 0
553 -0.5421 0
1176 -0.5499 0
666 -0.5562 0
1766 -0.5597 0
1240 -0.5666 0
1390 -0.5749 0
363 -0.5778 0
412 -0.5779 0
1641 -0.5787 0
1838 -0.5796 0
467 -0.5839 0
1137 -0.5843 0
1270 -0.5886 0
1991 -0.5889 0
286 -0.5922 0
1451 -0.5940 0
1458 -0.5946 0
1703 -0.6034 0
439 -0.6135 0
736 -0.6163 0
172 -0.6164 0
1345 -0.6183 0
793 -0.6185 0
1806 -0.6260 0
1785 -0.6299 0
1422 -0.6318 0
1075 -0.6335 0
711 -0.6382 0
754 -0.6390 0
724 -0.6397 0
1680 -0.6398 0
1621 -0.6412 0
1213 -0.6426 0
1731 -0.6454 0
429 -0.6468 0
572 -0.6468 0
1276 -0.6485 0
1671 -0.6489 0
1992 -0.6528 0
636 -0.6545 0
588 -0.6593 0
1770 -0.6606 0
452 -0.6614 0
902 -0.6629 0
292 -0.6635 0
532 -0.6659 0
1190 -0.6745 0
435 -0.6758 0
1457 -0.6781 0
31 -0.6795 0
1064 -0.6926 0
1453 -0.6935 0
302 -0.7041 0
1313 -0.7068 0
770 -0.7147 0
1188 -0.7164 0
1387 -0.7169 0
784 -0.7187 0
1489 -0.7234 0
1728 -0.7273 0
1873 -0.7282 0
1587 -0.7283 0
921 -0.7283 0
1581 -0.7286 0
1816 -0.7306 0
1620 -0.7361 0
1329 -0.7379 0
226 -0.7398 1
1563 -0.7407 0
1943 -0.7418 0
36 -0.7439 0
1234 -0.7597 0
606 -0.7612 0
1808 -0.7629 0
1023 -0.7674 0
1790 -0.7729 0
1237 -0.7866 0
1862 -0.7874 0
86 -0.7937 0
1817 -0.7951 0
623 -0.7953 0
945 -0.7963 0
410 -0.7989 0
1596 -0.8161 0
1725 -0.8230 0
1747 -0.8230 0
1786 -0.8258 0
64 -0.8265 0
1383 -0.8274 0
1119 -0.8298 0
1094 -0.8314 0
1110 -0.8329 0
1719 -0.8331 0
1058 -0.8419 0
1628 -0.8437 0
1825 -0.8456 0
1787 -0.8542 0
926 -0.8572 0
879 -0.8587 0
385 -0.8600 0
1205 -0.8601 0
1037 -0.8609 0
1026 -0.8643 0
1140 -0.8671 0
774 -0.8703 0
1036 -0.8712 0
929 -0.8728 0
1751 -0.8747 0
852 -0.8749 0
1502 -0.8749 0
1584 -0.8773 0
884 -0.8807 0
1485 -0.8822 0
695 -0.8826 0
1201 -0.8840 0
1048 -0.8870 0
1080 -0.8901 0
823 -0.8923 0
1887 -0.8986 0
1480 -0.9007 0
325 -0.9015 0
1173 -0.9057 0
1347 -0.9072 0
1113 -0.9077 0
1044 -0.9097 0
1590 -0.9111 0
1402 -0.9121 0
34 -0.9139 0
330 -0.9187 0
610 -0.9216 0
1199 -0.9225 0
478 -0.9245 0
1111 -0.9276 0
693 -0.9284 0
1466 -0.9297 0
356 -0.9380 0
362 -0.9389 0
1132 -0.9405 0
1085 -0.9427 0
541 -0.9430 0
1897 -0.9499 0
938 -0.9503 0
340 -0.9507 0
1597 -0.9528 0
73 -0.9584 0
403 -0.9609 0
1430 -0.9615 0
1792 -0.9615 0
758 -0.9659 0
81 -0.9773 0
979 -0.9810 0
840 -0.9816 0
17 -0.9837 0
838 -0.9859 0
1160 -0.9899 0
369 -0.9908 0
1906 -0.9944 0
11 -0.9956 0
1683 -0.9972 0
55 -0.9990 0
1870 -1.0011 0
1630 -1.0023 0
1055 -1.0025 0
82 -1.0029 0
1339 -1.0033 0
336 -1.0039 0
1645 -1.0071 0
1069 -1.0189 0
1617 -1.0216 0
594 -1.0227 0
431 -1.0314 0
918 -1.0323 0
1287 -1.0330 0
1741 -1.0334 0
1157 -1.0348 0
342 -1.0386 0
1384 -1.0389 0
891 -1.0463 0
995 -1.0500 0
1859 -1.0503 0
1122 -1.0518 0
662 -1.0550 0
1367 -1.0578 0
540 -1.0672 0
1613 -1.0682 0
1184 -1.0687 0
49 -1.0723 0
584 -1.0733 0
315 -1.0738 0
299 -1.0739 0
1266 -1.0794 0
1377 -1.0859 0
1380 -1.0870 0
552 -1.0890 0
1017 -1.0922 0
494 -1.0926 0
1858 -1.1030 0
65 -1.1035 0
733 -1.1071 0
836 -1.1075 0
1103 -1.1094 0
1106 -1.1099 0
1204 -1.1100 0
1575 -1.1134 0
859 -1.1141 0
1708 -1.1228 0
1572 -1.1237 0
411 -1.1238 0
1179 -1.1244 0
365 -1.1244 0
1284 -1.1244 0
1704 -1.1265 0
1739 -1.1322 0
987 -1.1377 0
624 -1.1529 0
1165 -1.1565 0
359 -1.1576 0
1682 -1.1612 0
1598 -1.1635 0
1606 -1.1679 0
1288 -1.1681 0
1561 -1.1722 0
742 -1.1729 0
384 -1.1733 0
77 -1.1736 0
1743 -1.1755 0
946 -1.1844 0
1265 -1.1851 0
404 -1.1870 0
818 -1.1875 0
380 -1.1890 0
1470 -1.1908 0
93 -1.1965 0
1338 -1.1983 0
1365 -1.2046 0
920 -1.2205 0
1043 -1.2209 0
364 -1.2252 0
1388 -1.2278 0
1570 -1.2323 0
854 -1.2377 0
1567 -1.2395 0
1003 -1.2425 0
312 -1.2429 0
309 -1.2455 0
1073 -1.2462 0
448 -1.2465 0
1159 -1.2508 0
27 -1.2597 0
33 -1.2607 0
832 -1.2641 0
668 -1.2661 0
457 -1.2662 0
1607 -1.2683 0
789 -1.2715 0
434 -1.2767 0
96 -1.2780 0
682 -1.2816 0
756 -1.2817 0
811 -1.2821 0
1229 -1.2836 0
1841 -1.2844 0
581 -1.2858 0
1355 -1.2896 0
1394 -1.2949 0
974 -1.2989 0
1582 -1.3048 0
720 -1.3064 0
1391 -1.3071 0
1611 -1.3076 0
765 -1.3099 0
880 -1.3117 0
961 -1.3139 0
878 -1.3152 0
1608 -1.3165 0
1781 -1.3191 0
1417 -1.3205 0
792 -1.3235 0
685 -1.3236 0
1732 -1.3245 0
347 -1.3293 0
1035 -1.3302 0
1709 -1.3306 0
1740 -1.3416 0
1577 -1.3466 0
329 -1.3505 0
26 -1.3507 0
691 -1.3605 0
860 -1.3635 0
1247 -1.3647 0
560 -1.3660 0
1818 -1.3669 0
357 -1.3676 0
30 -1.3689 0
815 -1.3701 0
1716 -1.3733 0
1327 -1.3736 0
1501 -1.3738 0
301 -1.3807 0
1690 -1.3810 0
791 -1.3848 0
1461 -1.3894 0
1163 -1.3908 0
1317 -1.3931 0
1658 -1.3953 0
1827 -1.3987 0
417 -1.3995 0
521 -1.4006 0
608 -1.4021 0
875 -1.4030 0
1093 -1.4108 0
1525 -1.4114 0
1300 -1.4117 0
1636 -1.4180 0
676 -1.4199 0
1856 -1.4209 0
648 -1.4237 0
821 -1.4270 0
549 -1.4272 0
1455 -1.4282 0
46 -1.4329 0
1241 -1.4336 0
1292 -1.4341 0
1275 -1.4352 0
1020 -1.4404 0
596 -1.4412 0
298 -1.4423 0
1519 -1.4510 0
538 -1.4515 0
1014 -1.4544 0
484 -1.4552 0
1235 -1.4580 0
1600 -1.4580 0
1723 -1.4594 0
1016 -1.4595 0
483 -1.4599 0
1629 -1.4604 0
788 -1.4613 0
1657 -1.4718 0
539 -1.4743 0
1634 -1.4783 0
505 -1.4802 0
772 -1.4824 0
1047 -1.4937 0
366 -1.4947 0
1061 -1.4949 0
613 -1.5004 0
948 -1.5030 0
785 -1.5106 0
1650 -1.5111 0
474 -1.5146 0
383 -1.5224 0
751 -1.5230 0
1305 -1.5235 0
947 -1.5240 0
444 -1.5297 0
420 -1.5323 0
1166 -1.5376 0
501 -1.5392 0
460 -1.5396 0
1298 -1.5403 0
10 -1.5464 0
971 -1.5486 0
1578 -1.5540 0
1191 -1.5557 0
409 -1.5592 0
461 -1.5609 0
1669 -1.5611 0
1437 -1.5617 0
1592 -1.5666 0
307 -1.5674 0
634 -1.5701 0
953 -1.5702 0
949 -1.5712 0
767 -1.5727 0
1311 -1.5782 0
1050 -1.5789 0
743 -1.5849 0
1835 -1.5884 0
256 -1.5933 0
1399 -1.5935 0
1121 -1.5945 0
1493 -1.5948 0
1487 -1.5955 0
1627 -1.5971 0
899 -1.5991 0
89 -1.5999 0
19 -1.6026 0
339 -1.6062 0
999 -1.6078 0
1848 -1.6086 0
925 -1.6127 0
1889 -1.6131 0
1622 -1.6185 0
1666 -1.6196 0
1481 -1.6275 0
1068 -1.6288 0
853 -1.6306 0
426 -1.6313 0
1586 -1.6333 0
1315 -1.6341 0
1632 -1.6371 0
1799 -1.6400 0
981 -1.6428 0
50 -1.6431 0
980 -1.6491 0
1601 -1.6495 0
5 -1.6509 0
1346 -1.6550 0
316 -1.6554 0
1293 -1.6583 0
1486 -1.6611 0
58 -1.6616 0
1717 -1.6630 0
1801 -1.6656 0
664 -1.6681 0
1259 -1.6687 0
350 -1.6693 0
515 -1.6735 0
465 -1.6737 0
1712 -1.6823 0
923 -1.6825 0
63 -1.6836 0
1352 -1.6911 0
1198 -1.6929 0
518 -1.6932 0
881 -1.6961 0
1755 -1.6969 0
892 -1.7005 0
78 -1.7013 0
1141 -1.7089 0
1562 -1.7148 0
1222 -1.7181 0
658 -1.7242 0
1212 -1.7284 0
1531 -1.7354 0
1646 -1.7357 0
1591 -1.7415 0
1024 -1.7437 0
1278 -1.7464 0
841 -1.7465 0
370 -1.7484 0
482 -1.7488 0
1494 -1.7515 0
1255 -1.7528 0
796 -1.7555 0
1018 -1.7570 0
445 -1.7577 0
1659 -1.7688 0
1798 -1.7724 0
1218 -1.7753 0
786 -1.7758 0
1013 -1.7782 0
1517 -1.7818 0
381 -1.7852 0
300 -1.7854 0
1152 -1.7883 0
310 -1.7891 0
996 -1.7967 0
1143 -1.8018 0
331 -1.8031 0
1820 -1.8039 0
865 -1.8040 0
1773 -1.8047 0
372 -1.8076 0
1118 -1.8088 0
1031 -1.8090 0
1403 -1.8111 0
1783 -1.8113 0
1574 -1.8116 0
1737 -1.8126 0
371 -1.8146 0
1495 -1.8196 0
353 -1.8304 0
1693 -1.8317 0
386 -1.8348 0
1350 -1.8378 0
1484 -1.8393 0
842 -1.8405 0
619 -1.8418 0
1499 -1.8427 0
856 -1.8442 0
1713 -1.8501 0
378 -1.8518 0
1721 -1.8524 0
464 -1.8535 0
314 -1.8593 0
649 -1.8616 0
1360 -1.8617 0
1612 -1.8698 0
376 -1.8810 0
1463 -1.8831 0
485 -1.8867 0
1127 -1.8872 0
640 -1.8874 0
1695 -1.8903 0
424 -1.8972 0
509 -1.8977 0
1049 -1.9029 0
1714 -1.9122 0
799 -1.9127 0
1 -1.9131 0
61 -1.9216 0
937 -1.9263 0
671 -1.9316 0
392 -1.9334 0
1767 -1.9338 0
1654 -1.9375 0
1250 -1.9405 0
885 -1.9407 0
766 -1.9430 0
1246 -1.9440 0
1197 -1.9464 0
20 -1.9583 0
940 -1.9617 0
522 -1.9634 0
1771 -1.9637 0
783 -1.9640 0
888 -1.9643 0
1483 -1.9661 0
1243 -1.9681 0
944 -1.9731 0
684 -1.9750 0
1321 -1.9772 0
615 -1.9794 0
1465 -1.9825 0
23 -1.9852 0
1492 -1.9853 0
491 -1.9865 0
1559 -1.9868 0
8 -1.9871 0
1115 -1.9935 0
957 -1.9944 0
1156 -1.9973 0
670 -1.9989 0
1060 -1.9999 0
1467 -2.0009 0
1409 -2.0055 0
94 -2.0079 0
1656 -2.0118 0
1193 -2.0139 0
488 -2.0168 0
318 -2.0203 0
1677 -2.0235 0
1541 -2.0261 0
651 -2.0263 0
673 -2.0321 0
520 -2.0331 0
1211 -2.0462 0
1333 -2.0486 0
1520 -2.0592 0
1291 -2.0592 0
638 -2.0641 0
1710 -2.0675 0
1272 -2.0680 0
1649 -2.0732 0
451 -2.0759 0
1758 -2.0779 0
863 -2.0881 0
1366 -2.0944 0
75 -2.0979 0
1034 -2.0984 0
1807 -2.1026 0
1472 -2.1054 0
1374 -2.1069 0
644 -2.1092 0
907 -2.1107 0
1010 -2.1120 0
481 -2.1130 0
480 -2.1206 0
646 -2.1264 0
1370 -2.1270 0
487 -2.1272 0
1171 -2.1336 0
432 -2.1338 0
969 -2.1350 0
1478 -2.1374 0
1509 -2.1387 0
1633 -2.1402 0
1782 -2.1410 0
311 -2.1434 0
813 -2.1503 0
1130 -2.1512 0
866 -2.1516 0
413 -2.1578 0
889 -2.1640 0
1573 -2.1680 0
1651 -2.1690 0
616 -2.1728 0
1249 -2.1730 0
15 -2.1756 0
1696 -2.1765 0
1318 -2.1786 0
324 -2.1792 0
305 -2.1838 0
1261 -2.1931 0
1605 -2.1936 0
1359 -2.1946 0
1789 -2.2000 0
1700 -2.2051 0
1277 -2.2084 0
469 -2.2143 0
620 -2.2175 0
1558 -2.2236 0
1005 -2.2275 0
1454 -2.2301 0
954 -2.2304 0
1393 -2.2332 0
51 -2.2339 0
837 -2.2382 0
968 -2.2386 0
355 -2.2393 0
1508 -2.2400 0
973 -2.2406 0
1164 -2.2417 0
857 -2.2526 0
1603 -2.2567 0
893 -2.2586 0
633 -2.2595 0
1668 -2.2603 0
1233 -2.2613 0
1054 -2.2613 0
697 -2.2672 0
1542 -2.2696 0
529 -2.2705 0
1518 -2.2711 0
964 -2.2761 0
914 -2.2786 0
777 -2.2822 0
1262 -2.2853 0
523 -2.2904 0
635 -2.2964 0
1490 -2.2967 0
936 -2.2996 0
462 -2.3002 0
827 -2.3027 0
1344 -2.3032 0
398 -2.3068 0
675 -2.3094 0
1331 -2.3098 0
1042 -2.3107 0
1011 -2.3132 0
1614 -2.3248 0
354 -2.3269 0
795 -2.3296 0
637 -2.3307 0
605 -2.3329 0
1475 -2.3335 0
678 -2.3379 0
334 -2.3403 0
1662 -2.3415 0
1363 -2.3444 0
1537 -2.3513 0
1670 -2.3535 0
1545 -2.3545 0
1663 -2.3569 0
602 -2.3572 0
537 -2.3595 0
1701 -2.3598 0
1513 -2.3645 0
780 -2.3655 0
319 -2.3685 0
941 -2.3688 0
846 -2.3705 0
1323 -2.3763 0
440 -2.3767 0
1369 -2.3807 0
1733 -2.3811 0
1046 -2.3812 0
1039 -2.3840 0
332 -2.3852 0
1860 -2.3879 0
1153 -2.4011 0
1828 -2.4039 0
498 -2.4065 0
1231 -2.4071 0
1124 -2.4079 0
1681 -2.4088 0
778 -2.4096 0
1550 -2.4096 0
1175 -2.4100 0
1104 -2.4100 0
755 -2.4150 0
1379 -2.4166 0
306 -2.4192 0
322 -2.4197 0
1456 -2.4220 0
551 -2.4264 0
1452 -2.4281 0
752 -2.4362 0
1304 -2.4367 0
858 -2.4367 0
527 -2.4369 0
327 -2.4424 0
1107 -2.4438 0
1033 -2.4496 0
1200 -2.4578 0
1724 -2.4581 0
349 -2.4641 0
1289 -2.4660 0
1534 -2.4705 0
779 -2.4713 0
1269 -2.4815 0
1209 -2.4875 0
374 -2.4912 0
782 -2.4917 0
1498 -2.4941 0
983 -2.5043 0
1952 -2.5108 0
1749 -2.5113 0
320 -2.5133 0
689 -2.5138 0
1351 -2.5155 0
1280 -2.5203 0
1041 -2.5340 0
1460 -2.5349 0
965 -2.5459 0
1349 -2.5510 0
1223 -2.5555 0
400 -2.5568 0
887 -2.5578 0
641 -2.5622 0
1615 -2.5647 0
1698 -2.5665 0
1167 -2.5699 0
1532 -2.5715 0
1025 -2.5735 0
1473 -2.5740 0
1353 -2.5903 0
1549 -2.5964 0
317 -2.6039 0
1599 -2.6049 0
984 -2.6105 0
544 -2.6115 0
373 -2.6124 0
956 -2.6178 0
970 -2.6227 0
1303 -2.6254 0
422 -2.6270 0
1114 -2.6271 0
653 -2.6340 0
1655 -2.6387 0
1126 -2.6401 0
950 -2.6414 0
1078 -2.6482 0
1675 -2.6492 0
631 -2.6561 0
1149 -2.6576 0
97 -2.6688 0
883 -2.6749 0
69 -2.6773 0
895 -2.6785 0
1673 -2.6852 0
1057 -2.6950 0
997 -2.6967 0
399 -2.7007 0
1497 -2.7021 0
966 -2.7026 0
656 -2.7050 0
1769 -2.7051 0
543 -2.7064 0
1101 -2.7187 0
1283 -2.7265 0
1133 -2.7268 0
627 -2.7270 0
1274 -2.7285 0
1009 -2.7310 0
669 -2.7351 0
1371 -2.7367 0
1522 -2.7375 0
497 -2.7381 0
1450 -2.7388 0
495 -2.7404 0
1753 -2.7438 0
1357 -2.7507 0
1514 -2.7515 0
988 -2.7524 0
1386 -2.7538 0
759 -2.7596 0
29 -2.7620 0
991 -2.7706 0
1378 -2.7734 0
663 -2.7751 0
294 -2.7837 0
1482 -2.7839 0
1506 -2.7852 0
80 -2.7968 0
419 -2.8095 0
877 -2.8101 0
37 -2.8148 0
1760 -2.8188 0
851 -2.8218 0
1161 -2.8233 0
654 -2.8264 0
690 -2.8276 0
916 -2.8288 0
680 -2.8367 0
1015 -2.8370 0
1282 -2.8407 0
781 -2.8492 0
493 -2.8508 0
1548 -2.8556 0
1362 -2.8609 0
1764 -2.8647 0
510 -2.8658 0
1665 -2.8669 0
1196 -2.8679 0
565 -2.8780 0
1661 -2.8830 0
993 -2.8905 0
1734 -2.8922 0
867 -2.8928 0
723 -2.8931 0
490 -2.8962 0
1652 -2.8964 0
1410 -2.9005 0
1136 -2.9020 0
9 -2.9033 0
1774 -2.9160 0
1727 -2.9228 0
1588 -2.9244 0
40 -2.9292 0
1258 -2.9298 0
630 -2.9333 0
655 -2.9386 0
1685 -2.9489 0
1271 -2.9625 0
1491 -2.9658 0
976 -2.9661 0
1777 -2.9684 0
1112 -2.9705 0
12 -2.9733 0
912 -2.9736 0
454 -2.9762 0
1837 -2.9765 0
1521 -2.9786 0
345 -2.9788 0
526 -2.9814 0
800 -2.9983 0
1224 -3.0013 0
1533 -3.0044 0
1528 -3.0046 0
850 -3.0078 0
617 -3.0209 0
1736 -3.0216 0
975 -3.0328 0
1100 -3.0358 0
871 -3.0366 0
1539 -3.0385 0
1326 -3.0396 0
1361 -3.0463 0
897 -3.0507 0
737 -3.0635 0
904 -3.0693 0
959 -3.0739 0
1535 -3.0782 0
677 -3.0792 0
449 -3.0823 0
924 -3.0834 0
1797 -3.0838 0
844 -3.0922 0
344 -3.0930 0
803 -3.1077 0
642 -3.1168 0
1504 -3.1279 0
1507 -3.1446 0
4 -3.1521 0
1368 -3.1534 0
1557 -3.1537 0
531 -3.1648 0
477 -3.1753 0
1510 -3.1757 0
1515 -3.1760 0
798 -3.1799 0
1294 -3.1807 0
942 -3.1813 0
989 -3.1840 0
629 -3.1849 0
1302 -3.1947 0
1707 -3.1972 0
1686 -3.2054 0
794 -3.2131 0
536 -3.2145 0
1040 -3.2267 0
1385 -3.2273 0
455 -3.2306 0
1564 -3.2309 0
533 -3.2336 0
998 -3.2437 0
1364 -3.2579 0
1667 -3.2615 0
473 -3.2668 0
694 -3.2691 0
790 -3.2803 0
628 -3.2852 0
982 -3.2882 0
463 -3.2928 0
1676 -3.3014 0
1795 -3.3116 0
1027 -3.3166 0
787 -3.3217 0
978 -3.3264 0
402 -3.3308 0
1526 -3.3325 0
1552 -3.3388 0
874 -3.3468 0
1543 -3.3606 0
1538 -3.3826 0
1784 -3.3839 0
1530 -3.3884 0
618 -3.3907 0
1623 -3.3973 0
24 -3.4026 0
1256 -3.4027 0
1295 -3.4048 0
346 -3.4377 0
1375 -3.4389 0
1257 -3.4393 0
578 -3.4497 0
773 -3.4613 0
855 -3.4638 0
1372 -3.4709 0
1356 -3.4796 0
870 -3.4891 0
1389 -3.4899 0
1354 -3.4991 0
1267 -3.5170 0
468 -3.5257 0
1253 -3.5304 0
909 -3.5430 0
1006 -3.5666 0
1251 -3.5718 0
797 -3.5902 0
1511 -3.6061 0
1536 -3.6195 0
665 -3.6225 0
873 -3.6236 0
0 -3.6274 0
1560 -3.6772 0
876 -3.6815 0
1147 -3.6846 0
958 -3.6856 0
672 -3.7156 0
994 -3.7224 0
1583 -3.7338 0
1639 -3.7449 0
972 -3.7546 0
476 -3.7555 0
960 -3.7562 0
1512 -3.7680 0
967 -3.7828 0
1527 -3.7838 0
1268 -3.7857 0
604 -3.8099 0
471 -3.8156 0
1565 -3.8491 0
868 -3.8517 0
1523 -3.8836 0
1002 -3.8898 0
659 -3.8934 0
1316 -3.9413 0
1516 -3.9533 0
775 -3.9789 0
1692 -3.9819 0
1697 -3.9910 0
992 -3.9916 0
1381 -4.0046 0
1195 -4.0057 0
38 -4.0116 0
475 -4.0411 0
1395 -4.0479 0
650 -4.0947 0
430 -4.1064 0
1373 -4.1330 0
335 -4.1675 0
1571 -4.1724 0
489 -4.1741 0
1398 -4.2595 0
652 -4.2622 0
1299 -4.2630 0
1260 -4.2717 0
1544 -4.2728 0
1684 -4.3107 0
1337 -4.3762 0
1382 -4.3803 0
472 -4.3805 0
1547 -4.4612 0
1254 -4.5061 0
2 -4.5129 0
898 -4.5378 0
1348 -4.5452 0
496 -4.5581 0
1285 -4.5943 0
1503 -4.6364 0
1319 -4.6396 0
6 -4.6410 0
1691 -4.6481 0
1358 -4.6538 0
1554 -4.6632 0
486 -4.7288 0
1032 -4.7385 0
1019 -4.7490 0
1689 -4.7512 0
1687 -4.8363 0
1500 -4.8912 0
1664 -4.9337 0
423 -4.9377 0
1297 -5.0457 0
337 -5.0492 0
456 -5.0857 0
1471 -5.1028 0
459 -5.1524 0
977 -5.2056 0
421 -5.2412 0
499 -5.2656 0
864 -5.2923 0
1007 -5.3155 0
492 -5.4357 0
1580 -5.6605 0
1546 -6.4837 0
1672 -6.5022 0
611 -7.6167 0
