295 27.8878 1
250 27.6335 1
259 26.2051 1
252 25.9689 1
275 25.5642 1
281 25.4267 1
280 25.2622 1
291 24.3468 1
269 23.5621 1
287 23.0168 1
297 22.9483 1
283 22.8611 1
285 20.1879 1
286 19.7279 1
254 19.5877 1
253 18.7480 1
273 18.3494 1
279 18.3260 1
266 18.1247 1
258 17.9815 1
270 17.9256 1
277 17.8371 1
263 17.4996 1
298 17.3064 1
271 17.1755 1
174 17.1291 0
260 16.9247 1
293 16.5919 1
296 15.9891 1
268 15.0963 1
288 14.9808 1
261 14.8551 1
294 14.4781 1
267 12.7250 1
292 12.5997 1
264 12.4231 1
177 11.7863 0
289 11.3384 1
272 11.1466 1
290 10.8069 1
1738 10.4215 0
1852 9.8802 0
77 9.5532 0
91 9.3672 0
276 8.9494 1
255 8.9459 1
171 8.5022 0
1705 8.3193 0
257 8.2238 1
278 8.1853 1
265 8.1804 1
256 8.1719 1
22 7.7969 0
299 7.7966 1
585 7.4250 0
262 7.3680 1
1775 7.2083 0
90 7.1525 0
1706 7.1519 0
97 7.0642 0
1725 7.0489 0
1747 7.0489 0
51 6.9492 0
162 6.8221 0
160 6.7694 0
65 6.7570 0
59 6.7531 0
142 6.6297 0
1746 6.6186 0
148 6.5359 0
1730 6.5052 0
1932 6.4125 0
156 6.2424 0
1130 6.2041 0
64 6.1464 0
38 6.0657 0
1101 6.0422 0
1709 6.0302 0
648 6.0176 0
102 5.8737 0
150 5.8307 0
1823 5.7828 0
596 5.6609 0
82 5.6532 0
187 5.6346 0
1946 5.5874 0
1850 5.5670 0
188 5.5570 0
282 5.5089 1
640 5.4287 0
105 5.3827 0
1104 5.3348 0
1735 5.2309 0
57 5.0609 0
1833 5.0456 0
115 5.0284 0
1701 5.0002 0
137 4.8888 0
1335 4.8248 0
89 4.7915 0
164 4.7811 0
1835 4.7368 0
1880 4.7260 0
93 4.6921 0
1825 4.6895 0
1832 4.6544 0
1108 4.6113 0
134 4.5544 0
26 4.4402 0
1748 4.4388 0
141 4.4327 0
1155 4.4255 0
1745 4.4210 0
1744 4.4091 0
189 4.3856 0
80 4.3713 0
108 4.3502 0
1863 4.3177 0
196 4.3068 0
1702 4.2989 0
131 4.2851 0
1878 4.2716 0
1866 4.1652 0
1732 4.1341 0
1135 4.1325 0
1812 4.1223 0
1886 4.0848 0
1198 4.0144 0
613 3.9869 0
74 3.9752 0
704 3.9704 0
1889 3.9586 0
1853 3.9488 0
69 3.9444 0
568 3.8655 0
628 3.8464 0
154 3.7902 0
158 3.7843 0
96 3.7826 0
1731 3.7778 0
1800 3.7526 0
1598 3.7448 0
1721 3.7344 0
718 3.7273 0
563 3.7254 0
637 3.7060 0
1742 3.6918 0
1139 3.6492 0
60 3.6376 0
1902 3.6267 0
274 3.5955 1
1718 3.5909 0
1720 3.5851 0
1958 3.5047 0
1854 3.3898 0
1715 3.3801 0
1102 3.3752 0
1872 3.3664 0
163 3.3473 0
1160 3.2706 0
220 3.2500 0
61 3.2308 0
54 3.2153 0
246 3.2015 0
1895 3.1931 0
55 3.1801 0
1960 3.1634 0
824 3.1622 0
1759 3.1558 0
1884 3.1132 0
586 3.0958 0
1768 3.0950 0
95 3.0703 0
35 3.0536 0
1791 3.0515 0
1986 3.0330 0
1899 3.0109 0
19 3.0067 0
1737 2.9931 0
1940 2.9896 0
739 2.9837 0
1749 2.9763 0
1809 2.9763 0
1109 2.9503 0
1801 2.9331 0
46 2.9212 0
27 2.8896 0
1828 2.8525 0
139 2.8451 0
1978 2.8184 0
644 2.7712 0
1173 2.7310 0
1175 2.7214 0
138 2.7184 0
1103 2.7153 0
203 2.7036 0
1993 2.6822 0
152 2.6750 0
411 2.6628 0
1859 2.6399 0
1896 2.6327 0
1819 2.6252 0
161 2.6081 0
636 2.6072 0
122 2.5719 0
144 2.5490 0
1716 2.5443 0
625 2.5311 0
1189 2.5219 0
1785 2.4932 0
251 2.4756 1
1712 2.4745 0
78 2.4496 0
103 2.4444 0
121 2.4317 0
1982 2.4303 0
1967 2.4203 0
123 2.3970 0
1893 2.3683 0
185 2.3424 0
934 2.3333 0
703 2.3309 0
284 2.3183 1
1871 2.3149 0
50 2.3111 0
844 2.3045 0
1722 2.3019 0
1950 2.2863 0
1793 2.2854 0
190 2.2373 0
755 2.2373 0
575 2.2313 0
52 2.2292 0
715 2.2129 0
837 2.2069 0
1851 2.1997 0
98 2.1969 0
447 2.1932 0
1906 2.1858 0
1152 2.1730 0
552 2.1720 0
109 2.1702 0
165 2.1672 0
1554 2.1618 0
79 2.1513 0
1843 2.1350 0
1116 2.1182 0
588 2.1181 0
1868 2.1038 0
1867 2.0896 0
81 2.0846 0
716 2.0633 0
10 2.0626 0
83 2.0453 0
1729 2.0380 0
56 2.0358 0
125 2.0273 0
1539 2.0200 0
191 2.0197 0
140 2.0035 0
120 1.9827 0
1965 1.9762 0
1710 1.9743 0
170 1.9514 0
1773 1.9222 0
6 1.9198 0
1176 1.9191 0
1151 1.9096 0
1106 1.8925 0
1782 1.8891 0
1142 1.8842 0
1743 1.8647 0
451 1.8497 0
581 1.8376 0
1754 1.8343 0
724 1.8329 0
1117 1.8138 0
101 1.7979 0
1703 1.7972 0
92 1.7882 0
606 1.7876 0
1113 1.7810 0
1186 1.7640 0
559 1.7567 0
1987 1.7541 0
1708 1.7464 0
1580 1.7416 0
1934 1.7415 0
116 1.7386 0
1858 1.7342 0
443 1.6997 0
1244 1.6994 0
619 1.6886 0
86 1.6838 0
198 1.6828 0
1806 1.6521 0
561 1.6463 0
84 1.6323 0
1192 1.6285 0
3 1.6173 0
63 1.5987 0
555 1.5856 0
610 1.5828 0
562 1.5825 0
1133 1.5810 0
1839 1.5804 0
1802 1.5796 0
1989 1.5775 0
404 1.5774 0
645 1.5750 0
612 1.5695 0
1183 1.5690 0
1181 1.5679 0
1831 1.5639 0
1999 1.5580 0
641 1.5525 0
85 1.5517 0
608 1.5492 0
149 1.5471 0
727 1.5170 0
1952 1.4946 0
1719 1.4928 0
749 1.4855 0
87 1.4840 0
1121 1.4729 0
28 1.4694 0
1997 1.4633 0
1971 1.4589 0
1964 1.4528 0
1230 1.4358 0
632 1.4340 0
1779 1.4269 0
128 1.4159 0
859 1.4146 0
639 1.3943 0
1928 1.3860 0
435 1.3784 0
1805 1.3782 0
1849 1.3776 0
1213 1.3770 0
21 1.3619 0
1197 1.3302 0
735 1.3088 0
1740 1.3032 0
1016 1.2789 0
627 1.2758 0
1898 1.2730 0
1553 1.2712 0
42 1.2685 0
554 1.2479 0
88 1.2478 0
247 1.2421 0
1794 1.2382 0
417 1.2339 0
386 1.2293 0
182 1.2165 0
192 1.2165 0
1241 1.2115 0
194 1.2112 0
567 1.1888 0
638 1.1880 0
147 1.1842 0
112 1.1833 0
1857 1.1806 0
589 1.1675 0
1769 1.1573 0
634 1.1506 0
829 1.1485 0
1174 1.1379 0
1727 1.1352 0
1148 1.1287 0
1210 1.1174 0
159 1.1056 0
810 1.0913 0
226 1.0906 0
1931 1.0896 0
173 1.0825 0
1963 1.0816 0
1764 1.0689 0
633 1.0519 0
1855 1.0519 0
833 1.0457 0
1574 1.0405 0
1996 1.0392 0
1945 1.0391 0
1165 1.0373 0
66 1.0258 0
706 1.0221 0
1969 1.0154 0
1342 1.0134 0
1807 1.0127 0
851 1.0089 0
1879 1.0024 0
1890 1.0015 0
592 1.0014 0
481 1.0004 0
1556 1.0003 0
1837 0.9736 0
1903 0.9679 0
231 0.9665 0
107 0.9479 0
913 0.9430 0
1830 0.9071 0
1129 0.9038 0
599 0.9029 0
222 0.8938 0
1141 0.8864 0
741 0.8761 0
1860 0.8468 0
1910 0.8409 0
197 0.8162 0
1619 0.8133 0
15 0.8096 0
737 0.8061 0
1920 0.8020 0
789 0.7795 0
1585 0.7787 0
1507 0.7546 0
843 0.7507 0
369 0.7374 0
1816 0.7270 0
1111 0.6987 0
1231 0.6908 0
1583 0.6903 0
29 0.6876 0
1571 0.6825 0
494 0.6704 0
880 0.6667 0
1112 0.6498 0
1959 0.6360 0
1973 0.6346 0
1733 0.6241 0
166 0.6201 0
1245 0.6059 0
8 0.5972 0
75 0.5914 0
119 0.5859 0
1726 0.5851 0
1094 0.5812 0
1408 0.5779 0
1126 0.5746 0
1570 0.5739 0
1711 0.5621 0
1888 0.5616 0
593 0.5614 0
1552 0.5612 0
72 0.5568 0
406 0.5458 0
473 0.5422 0
99 0.5315 0
1811 0.5183 0
145 0.5096 0
1704 0.5063 0
742 0.4962 0
611 0.4929 0
1780 0.4841 0
352 0.4824 0
609 0.4822 0
1765 0.4768 0
643 0.4706 0
17 0.4662 0
53 0.4547 0
707 0.4521 0
23 0.4507 0
73 0.4463 0
1206 0.4429 0
1023 0.4356 0
1821 0.4329 0
1164 0.4128 0
1951 0.3844 0
421 0.3744 0
1169 0.3633 0
143 0.3614 0
331 0.3597 0
34 0.3572 0
722 0.3454 0
1001 0.3297 0
1815 0.3284 0
155 0.3222 0
1312 0.3144 0
1988 0.2978 0
1766 0.2919 0
748 0.2912 0
238 0.2905 0
1021 0.2897 0
212 0.2748 0
225 0.2599 0
132 0.2512 0
830 0.2495 0
70 0.2410 0
235 0.2405 0
1762 0.2390 0
1933 0.2379 0
76 0.2353 0
440 0.2307 0
616 0.2156 0
744 0.2110 0
130 0.2078 0
792 0.1811 0
100 0.1802 0
1842 0.1733 0
157 0.1715 0
1994 0.1580 0
387 0.1569 0
178 0.1533 0
860 0.1507 0
1865 0.1404 0
1919 0.1305 0
401 0.1164 0
186 0.1101 0
1445 0.1065 0
195 0.0998 0
839 0.0958 0
409 0.0918 0
1220 0.0825 0
566 0.0809 0
175 0.0770 0
41 0.0681 0
11 0.0652 0
117 0.0603 0
168 0.0602 0
529 0.0500 0
16 0.0463 0
929 0.0411 0
1196 0.0335 0
1474 0.0321 0
1679 0.0301 0
1954 0.0285 0
1707 0.0282 0
587 0.0212 0
45 0.0208 0
375 0.0114 0
1990 -0.0188 0
1916 -0.0191 0
1887 -0.0202 0
1005 -0.0213 0
37 -0.0281 0
1861 -0.0286 0
20 -0.0314 0
1131 -0.0356 0
151 -0.0367 0
1912 -0.0390 0
1321 -0.0395 0
1767 -0.0412 0
831 -0.0486 0
1917 -0.0520 0
180 -0.0572 0
774 -0.0585 0
1156 -0.0593 0
1875 -0.0612 0
217 -0.0620 0
1588 -0.0630 0
1663 -0.0638 0
1125 -0.0656 0
394 -0.0720 0
734 -0.0727 0
598 -0.0760 0
1885 -0.0820 0
62 -0.1126 0
700 -0.1234 0
1506 -0.1320 0
725 -0.1345 0
1144 -0.1354 0
1728 -0.1389 0
218 -0.1394 0
205 -0.1401 0
550 -0.1459 0
1926 -0.1535 0
1918 -0.1560 0
1797 -0.1565 0
986 -0.1594 0
384 -0.1604 0
1004 -0.1608 0
172 -0.1660 0
1247 -0.1698 0
948 -0.1730 0
894 -0.1947 0
1489 -0.1965 0
1968 -0.1982 0
603 -0.2011 0
169 -0.2019 0
1517 -0.2045 0
304 -0.2053 0
601 -0.2084 0
1736 -0.2103 0
1983 -0.2105 0
1037 -0.2117 0
416 -0.2160 0
228 -0.2227 0
723 -0.2258 0
777 -0.2285 0
1723 -0.2366 0
1120 -0.2385 0
1846 -0.2402 0
229 -0.2432 0
1957 -0.2479 0
594 -0.2693 0
1310 -0.2739 0
624 -0.2739 0
620 -0.2788 0
1856 -0.2839 0
1717 -0.2887 0
1514 -0.2944 0
933 -0.2951 0
1976 -0.2965 0
962 -0.3000 0
442 -0.3060 0
1277 -0.3081 0
595 -0.3135 0
710 -0.3160 0
1540 -0.3275 0
1760 -0.3291 0
1874 -0.3302 0
33 -0.3325 0
642 -0.3352 0
580 -0.3399 0
728 -0.3505 0
199 -0.3591 0
506 -0.3625 0
1979 -0.3655 0
39 -0.3707 0
719 -0.3716 0
206 -0.3827 0
1322 -0.3908 0
1820 -0.3945 0
1305 -0.3956 0
1929 -0.3979 0
179 -0.4007 0
408 -0.4099 0
1955 -0.4239 0
1336 -0.4272 0
1222 -0.4297 0
1848 -0.4328 0
1292 -0.4390 0
393 -0.4529 0
1048 -0.4565 0
573 -0.4602 0
1182 -0.4700 0
1582 -0.4739 0
623 -0.4749 0
1314 -0.4773 0
1822 -0.4820 0
219 -0.4857 0
1924 -0.4903 0
94 -0.5012 0
695 -0.5031 0
1566 -0.5039 0
647 -0.5044 0
1508 -0.5056 0
1246 -0.5085 0
683 -0.5162 0
503 -0.5377 0
646 -0.5397 0
1063 -0.5463 0
1824 -0.5473 0
1798 -0.5517 0
828 -0.5534 0
1975 -0.5586 0
1017 -0.5619 0
1096 -0.5624 0
104 -0.5629 0
1714 -0.5650 0
605 -0.5668 0
726 -0.5703 0
127 -0.5735 0
1134 -0.5746 0
649 -0.5860 0
746 -0.5961 0
1214 -0.5996 0
1911 -0.5997 0
1115 -0.6011 0
1804 -0.6026 0
1056 -0.6077 0
4 -0.6153 0
769 -0.6166 0
1199 -0.6236 0
1563 -0.6241 0
1325 -0.6261 0
135 -0.6292 0
1781 -0.6341 0
49 -0.6389 0
1000 -0.6401 0
816 -0.6444 0
1953 -0.6463 0
729 -0.6481 0
560 -0.6495 0
1956 -0.6640 0
1399 -0.6648 0
491 -0.6656 0
740 -0.6815 0
941 -0.6905 0
1772 -0.6942 0
58 -0.6964 0
564 -0.7061 0
1936 -0.7069 0
1572 -0.7090 0
1622 -0.7147 0
418 -0.7262 0
572 -0.7279 0
313 -0.7307 0
1606 -0.7326 0
31 -0.7412 0
635 -0.7436 0
558 -0.7450 0
423 -0.7462 0
129 -0.7528 0
591 -0.7549 0
211 -0.7626 0
1405 -0.7634 0
773 -0.7700 0
380 -0.7768 0
705 -0.7773 0
0 -0.7798 0
1927 -0.7846 0
812 -0.7858 0
106 -0.7908 0
930 -0.7915 0
692 -0.7936 0
118 -0.7943 0
622 -0.8050 0
432 -0.8064 0
899 -0.8091 0
681 -0.8212 0
1862 -0.8284 0
1153 -0.8332 0
686 -0.8344 0
1713 -0.8418 0
234 -0.8427 0
1163 -0.8437 0
1930 -0.8470 0
1393 -0.8471 0
1844 -0.8478 0
717 -0.8483 0
898 -0.8638 0
48 -0.8650 0
1625 -0.8673 0
405 -0.8726 0
1505 -0.8751 0
1771 -0.8755 0
1826 -0.8788 0
896 -0.8863 0
536 -0.8897 0
1178 -0.8902 0
714 -0.8908 0
1756 -0.8948 0
1792 -0.8953 0
1150 -0.8959 0
1921 -0.9077 0
1892 -0.9110 0
1558 -0.9182 0
1627 -0.9211 0
730 -0.9265 0
366 -0.9274 0
193 -0.9278 0
530 -0.9278 0
712 -0.9402 0
1891 -0.9413 0
427 -0.9427 0
1397 -0.9461 0
202 -0.9538 0
1897 -0.9559 0
9 -0.9721 0
1066 -0.9813 0
1002 -0.9841 0
597 -0.9861 0
990 -0.9876 0
801 -0.9907 0
669 -0.9912 0
1981 -0.9984 0
183 -1.0067 0
113 -1.0078 0
1977 -1.0095 0
1235 -1.0193 0
1944 -1.0285 0
379 -1.0293 0
1882 -1.0358 0
1753 -1.0380 0
571 -1.0398 0
818 -1.0414 0
1519 -1.0512 0
1018 -1.0598 0
1502 -1.0602 0
747 -1.0608 0
68 -1.0609 0
1623 -1.0617 0
36 -1.0624 0
733 -1.0701 0
702 -1.0714 0
1492 -1.0726 0
1938 -1.0743 0
18 -1.0799 0
614 -1.0828 0
617 -1.0828 0
1377 -1.0860 0
216 -1.0886 0
654 -1.0886 0
631 -1.0891 0
1301 -1.0900 0
1035 -1.0925 0
626 -1.1000 0
1525 -1.1009 0
661 -1.1058 0
1110 -1.1121 0
1776 -1.1133 0
1618 -1.1247 0
968 -1.1251 0
1750 -1.1261 0
176 -1.1264 0
667 -1.1291 0
1847 -1.1322 0
146 -1.1362 0
841 -1.1414 0
310 -1.1464 0
1022 -1.1480 0
474 -1.1537 0
1024 -1.1617 0
1752 -1.1746 0
215 -1.1764 0
438 -1.1778 0
1998 -1.1785 0
731 -1.1805 0
1031 -1.1871 0
126 -1.1872 0
1739 -1.1874 0
1925 -1.1877 0
1734 -1.1915 0
1590 -1.1945 0
743 -1.1953 0
1593 -1.1977 0
905 -1.2099 0
1185 -1.2100 0
961 -1.2110 0
838 -1.2204 0
1074 -1.2258 0
1578 -1.2332 0
1795 -1.2376 0
615 -1.2448 0
745 -1.2455 0
1637 -1.2476 0
1221 -1.2556 0
1943 -1.2575 0
1634 -1.2583 0
1814 -1.2599 0
574 -1.2718 0
1158 -1.2824 0
1984 -1.2888 0
984 -1.2920 0
1942 -1.2955 0
1778 -1.3017 0
1179 -1.3061 0
1624 -1.3087 0
1817 -1.3107 0
7 -1.3147 0
895 -1.3217 0
1596 -1.3274 0
947 -1.3337 0
1545 -1.3349 0
230 -1.3404 0
243 -1.3464 0
1309 -1.3548 0
444 -1.3566 0
1328 -1.3630 0
827 -1.3701 0
1036 -1.3746 0
1435 -1.3773 0
1741 -1.3779 0
1666 -1.3805 0
1633 -1.3810 0
1629 -1.3831 0
1970 -1.3846 0
1565 -1.3852 0
1416 -1.3878 0
600 -1.3890 0
1347 -1.3891 0
1645 -1.4031 0
1966 -1.4067 0
493 -1.4105 0
1783 -1.4112 0
548 -1.4124 0
1909 -1.4133 0
1640 -1.4245 0
1810 -1.4258 0
590 -1.4285 0
863 -1.4292 0
210 -1.4321 0
1014 -1.4334 0
738 -1.4362 0
1167 -1.4367 0
1137 -1.4380 0
400 -1.4458 0
618 -1.4471 0
347 -1.4489 0
916 -1.4515 0
1873 -1.4516 0
541 -1.4583 0
701 -1.4687 0
446 -1.4805 0
1646 -1.4928 0
1483 -1.4935 0
1437 -1.4940 0
124 -1.5091 0
778 -1.5106 0
1595 -1.5110 0
1829 -1.5114 0
330 -1.5151 0
484 -1.5162 0
1236 -1.5171 0
1503 -1.5283 0
1049 -1.5320 0
1579 -1.5379 0
317 -1.5410 0
1052 -1.5430 0
227 -1.5524 0
1138 -1.5537 0
1604 -1.5549 0
374 -1.5608 0
305 -1.5675 0
1594 -1.5676 0
1589 -1.5761 0
1154 -1.5796 0
1827 -1.5847 0
1351 -1.5871 0
181 -1.5902 0
917 -1.5936 0
1191 -1.5958 0
24 -1.5965 0
1757 -1.5969 0
1877 -1.5997 0
25 -1.6049 0
953 -1.6059 0
1901 -1.6085 0
766 -1.6104 0
1947 -1.6166 0
356 -1.6191 0
1157 -1.6366 0
951 -1.6398 0
395 -1.6404 0
1530 -1.6435 0
40 -1.6491 0
1166 -1.6556 0
799 -1.6599 0
1836 -1.6647 0
1208 -1.6682 0
1813 -1.6740 0
1755 -1.6751 0
1796 -1.6815 0
820 -1.6841 0
333 -1.6940 0
956 -1.7014 0
557 -1.7021 0
1787 -1.7027 0
583 -1.7057 0
1057 -1.7082 0
1914 -1.7104 0
1046 -1.7115 0
720 -1.7184 0
1412 -1.7202 0
629 -1.7223 0
1267 -1.7238 0
1124 -1.7348 0
221 -1.7364 0
111 -1.7401 0
367 -1.7427 0
1390 -1.7500 0
1613 -1.7505 0
436 -1.7523 0
1610 -1.7525 0
1451 -1.7548 0
783 -1.7623 0
1922 -1.7627 0
1561 -1.7628 0
1239 -1.7639 0
1513 -1.7699 0
963 -1.7754 0
1603 -1.7763 0
214 -1.7806 0
1205 -1.7873 0
1268 -1.7874 0
415 -1.7949 0
556 -1.7987 0
1161 -1.8118 0
1972 -1.8188 0
584 -1.8268 0
1641 -1.8323 0
357 -1.8369 0
1883 -1.8394 0
1467 -1.8452 0
785 -1.8514 0
577 -1.8542 0
1564 -1.8547 0
1069 -1.8568 0
392 -1.8590 0
389 -1.8701 0
997 -1.8741 0
1105 -1.8743 0
711 -1.8847 0
1790 -1.8917 0
371 -1.8939 0
621 -1.8943 0
907 -1.8963 0
1915 -1.9016 0
1608 -1.9023 0
1509 -1.9127 0
1326 -1.9133 0
1923 -1.9193 0
1051 -1.9236 0
1528 -1.9252 0
372 -1.9375 0
249 -1.9378 0
814 -1.9393 0
1143 -1.9406 0
569 -1.9419 0
433 -1.9470 0
1119 -1.9552 0
926 -1.9598 0
314 -1.9607 0
1260 -1.9629 0
1818 -1.9738 0
1536 -1.9743 0
1601 -1.9854 0
713 -1.9895 0
551 -1.9939 0
553 -1.9940 0
1384 -2.0017 0
1331 -2.0111 0
1270 -2.0145 0
1026 -2.0187 0
1980 -2.0275 0
485 -2.0296 0
1 -2.0297 0
736 -2.0324 0
889 -2.0374 0
1361 -2.0380 0
511 -2.0437 0
1170 -2.0503 0
5 -2.0509 0
996 -2.0528 0
1447 -2.0537 0
868 -2.0540 0
1159 -2.0651 0
1352 -2.0654 0
1488 -2.0658 0
582 -2.0676 0
776 -2.0682 0
807 -2.0683 0
1232 -2.0690 0
1799 -2.0695 0
1319 -2.0716 0
1962 -2.0760 0
798 -2.0761 0
1401 -2.0764 0
602 -2.0764 0
1531 -2.0765 0
1541 -2.0771 0
1761 -2.0849 0
1469 -2.0878 0
1534 -2.0901 0
1430 -2.0983 0
460 -2.0998 0
153 -2.1010 0
1187 -2.1011 0
1834 -2.1015 0
1354 -2.1164 0
1464 -2.1166 0
987 -2.1199 0
332 -2.1203 0
862 -2.1233 0
1344 -2.1256 0
542 -2.1290 0
1529 -2.1306 0
579 -2.1310 0
1560 -2.1380 0
802 -2.1431 0
1383 -2.1457 0
1079 -2.1466 0
1284 -2.1470 0
1905 -2.1512 0
362 -2.1534 0
1257 -2.1598 0
570 -2.1607 0
30 -2.1691 0
1491 -2.1779 0
1193 -2.1800 0
708 -2.1817 0
826 -2.1871 0
945 -2.1947 0
1132 -2.1953 0
232 -2.1971 0
1520 -2.1972 0
999 -2.1999 0
928 -2.2043 0
1763 -2.2043 0
1350 -2.2059 0
1248 -2.2068 0
1468 -2.2114 0
527 -2.2170 0
1632 -2.2278 0
915 -2.2324 0
1700 -2.2345 0
448 -2.2348 0
114 -2.2553 0
358 -2.2583 0
239 -2.2585 0
402 -2.2599 0
1900 -2.2604 0
1006 -2.2619 0
1808 -2.2628 0
891 -2.2658 0
988 -2.2727 0
809 -2.2793 0
1463 -2.2888 0
1216 -2.2898 0
505 -2.2903 0
1034 -2.2946 0
966 -2.2947 0
515 -2.2965 0
14 -2.3035 0
1013 -2.3035 0
1162 -2.3042 0
1029 -2.3048 0
360 -2.3054 0
767 -2.3091 0
888 -2.3103 0
208 -2.3112 0
1537 -2.3121 0
1538 -2.3208 0
525 -2.3212 0
1020 -2.3230 0
110 -2.3238 0
709 -2.3253 0
490 -2.3259 0
688 -2.3273 0
759 -2.3297 0
1215 -2.3354 0
1122 -2.3393 0
508 -2.3398 0
1628 -2.3410 0
1526 -2.3421 0
403 -2.3442 0
1876 -2.3485 0
315 -2.3497 0
407 -2.3529 0
1114 -2.3597 0
883 -2.3598 0
1439 -2.3641 0
67 -2.3664 0
878 -2.3708 0
431 -2.3737 0
921 -2.3774 0
1724 -2.3810 0
441 -2.3864 0
760 -2.3887 0
1496 -2.3900 0
1487 -2.3956 0
1436 -2.3961 0
887 -2.3961 0
884 -2.3990 0
1869 -2.3995 0
1651 -2.4038 0
985 -2.4094 0
1591 -2.4141 0
209 -2.4159 0
578 -2.4184 0
1340 -2.4185 0
1660 -2.4199 0
439 -2.4205 0
1992 -2.4217 0
1427 -2.4270 0
133 -2.4273 0
1894 -2.4301 0
1077 -2.4308 0
1388 -2.4337 0
840 -2.4356 0
1043 -2.4407 0
823 -2.4525 0
368 -2.4555 0
455 -2.4567 0
950 -2.4624 0
399 -2.4633 0
1263 -2.4658 0
1313 -2.4788 0
1250 -2.4847 0
1665 -2.4868 0
1587 -2.4869 0
1460 -2.4885 0
1670 -2.4892 0
445 -2.4902 0
1334 -2.4938 0
336 -2.4991 0
1600 -2.5016 0
815 -2.5110 0
308 -2.5121 0
1602 -2.5154 0
1065 -2.5162 0
943 -2.5234 0
1907 -2.5254 0
1516 -2.5296 0
1777 -2.5307 0
1266 -2.5320 0
534 -2.5381 0
1684 -2.5568 0
1202 -2.5606 0
1039 -2.5656 0
1904 -2.5806 0
1308 -2.5813 0
1329 -2.5837 0
1661 -2.5846 0
1097 -2.5874 0
960 -2.5890 0
848 -2.5911 0
1311 -2.5919 0
349 -2.5976 0
1845 -2.5976 0
1032 -2.6004 0
390 -2.6040 0
653 -2.6085 0
1456 -2.6116 0
1027 -2.6123 0
918 -2.6144 0
391 -2.6148 0
864 -2.6191 0
1015 -2.6217 0
1555 -2.6283 0
1203 -2.6385 0
836 -2.6423 0
804 -2.6480 0
989 -2.6500 0
1083 -2.6642 0
732 -2.6647 0
1620 -2.6692 0
922 -2.6709 0
1557 -2.6713 0
1306 -2.6756 0
167 -2.6849 0
1913 -2.6862 0
1188 -2.6898 0
1047 -2.6918 0
388 -2.6920 0
991 -2.6947 0
1207 -2.7032 0
1457 -2.7057 0
1786 -2.7065 0
1243 -2.7068 0
885 -2.7167 0
754 -2.7172 0
338 -2.7204 0
1418 -2.7299 0
842 -2.7335 0
651 -2.7360 0
1145 -2.7394 0
466 -2.7413 0
370 -2.7493 0
383 -2.7524 0
429 -2.7538 0
1485 -2.7561 0
1961 -2.7569 0
779 -2.7578 0
965 -2.7657 0
1486 -2.7702 0
1424 -2.7714 0
1229 -2.7733 0
1995 -2.7748 0
607 -2.7753 0
805 -2.7795 0
1758 -2.7802 0
378 -2.7812 0
341 -2.7842 0
655 -2.7843 0
1346 -2.7844 0
1592 -2.7897 0
1504 -2.7912 0
1609 -2.7937 0
939 -2.7965 0
1372 -2.8002 0
971 -2.8034 0
1881 -2.8047 0
339 -2.8063 0
1575 -2.8111 0
13 -2.8123 0
1788 -2.8157 0
1948 -2.8162 0
1440 -2.8240 0
1551 -2.8254 0
1123 -2.8314 0
207 -2.8375 0
450 -2.8441 0
1323 -2.8471 0
1532 -2.8497 0
1649 -2.8513 0
1696 -2.8531 0
850 -2.8554 0
1581 -2.8596 0
897 -2.8604 0
365 -2.8629 0
321 -2.8655 0
1363 -2.8666 0
693 -2.8685 0
1426 -2.8693 0
412 -2.8768 0
892 -2.8863 0
1180 -2.8875 0
1864 -2.8900 0
351 -2.8912 0
782 -2.9030 0
1562 -2.9101 0
1042 -2.9152 0
1639 -2.9222 0
1353 -2.9283 0
497 -2.9311 0
1612 -2.9343 0
964 -2.9378 0
937 -2.9472 0
1339 -2.9526 0
517 -2.9543 0
47 -2.9545 0
1687 -2.9588 0
1095 -2.9590 0
1275 -2.9596 0
1217 -2.9633 0
480 -2.9686 0
1939 -2.9686 0
1838 -2.9738 0
1028 -2.9748 0
1403 -2.9780 0
1406 -2.9799 0
1699 -2.9829 0
1453 -2.9833 0
927 -2.9866 0
979 -2.9884 0
1643 -2.9909 0
671 -2.9921 0
1402 -2.9967 0
458 -3.0009 0
1274 -3.0029 0
1546 -3.0043 0
982 -3.0046 0
1442 -3.0081 0
1366 -3.0096 0
1227 -3.0108 0
236 -3.0130 0
12 -3.0149 0
770 -3.0164 0
1423 -3.0181 0
1548 -3.0201 0
1417 -3.0245 0
462 -3.0332 0
1770 -3.0415 0
995 -3.0426 0
1431 -3.0448 0
1012 -3.0467 0
516 -3.0553 0
866 -3.0615 0
1038 -3.0691 0
1692 -3.0692 0
1784 -3.0699 0
853 -3.0756 0
1774 -3.0788 0
1349 -3.0942 0
461 -3.0947 0
1586 -3.0994 0
969 -3.1025 0
1289 -3.1033 0
825 -3.1062 0
1433 -3.1146 0
204 -3.1177 0
1304 -3.1222 0
1559 -3.1252 0
1573 -3.1334 0
751 -3.1342 0
981 -3.1397 0
344 -3.1426 0
750 -3.1469 0
967 -3.1471 0
1128 -3.1510 0
1082 -3.1519 0
1177 -3.1525 0
721 -3.1551 0
1068 -3.1555 0
1070 -3.1557 0
528 -3.1588 0
233 -3.1653 0
1045 -3.1675 0
1512 -3.1692 0
1544 -3.1723 0
903 -3.1753 0
861 -3.1798 0
396 -3.1875 0
1107 -3.1890 0
1064 -3.1936 0
763 -3.1985 0
764 -3.2004 0
1638 -3.2041 0
873 -3.2044 0
630 -3.2072 0
32 -3.2159 0
1991 -3.2169 0
1044 -3.2240 0
454 -3.2296 0
223 -3.2307 0
483 -3.2311 0
1568 -3.2317 0
1535 -3.2433 0
470 -3.2442 0
1054 -3.2470 0
71 -3.2486 0
326 -3.2561 0
983 -3.2575 0
1320 -3.2678 0
1025 -3.2703 0
309 -3.2771 0
1420 -3.2802 0
1510 -3.2818 0
994 -3.2851 0
1690 -3.2870 0
1455 -3.2875 0
363 -3.2918 0
931 -3.2934 0
1477 -3.2949 0
871 -3.3001 0
761 -3.3015 0
576 -3.3022 0
513 -3.3071 0
1652 -3.3092 0
1937 -3.3164 0
794 -3.3207 0
385 -3.3324 0
320 -3.3349 0
972 -3.3362 0
1621 -3.3425 0
425 -3.3506 0
852 -3.3554 0
1617 -3.3579 0
698 -3.3589 0
1392 -3.3632 0
788 -3.3642 0
136 -3.3663 0
1053 -3.3706 0
797 -3.3776 0
382 -3.3820 0
1224 -3.3867 0
909 -3.3871 0
1523 -3.3912 0
870 -3.3978 0
479 -3.4030 0
974 -3.4044 0
1803 -3.4073 0
780 -3.4146 0
1341 -3.4147 0
1635 -3.4159 0
1280 -3.4176 0
1099 -3.4272 0
1147 -3.4275 0
1299 -3.4353 0
424 -3.4361 0
1264 -3.4365 0
1658 -3.4389 0
1454 -3.4423 0
1338 -3.4496 0
1041 -3.4548 0
901 -3.4553 0
935 -3.4560 0
1479 -3.4578 0
881 -3.4615 0
353 -3.4669 0
213 -3.4678 0
1146 -3.4687 0
980 -3.4695 0
1200 -3.4741 0
1300 -3.4753 0
998 -3.4753 0
993 -3.4775 0
674 -3.4799 0
786 -3.4808 0
1290 -3.4814 0
1985 -3.4827 0
1550 -3.4833 0
978 -3.4893 0
477 -3.4917 0
346 -3.5003 0
1533 -3.5048 0
397 -3.5221 0
677 -3.5236 0
1226 -3.5312 0
1315 -3.5343 0
835 -3.5370 0
248 -3.5370 0
1407 -3.5381 0
1288 -3.5395 0
970 -3.5461 0
224 -3.5466 0
1168 -3.5483 0
1840 -3.5506 0
1667 -3.5543 0
694 -3.5546 0
1599 -3.5556 0
1373 -3.5571 0
1615 -3.5584 0
1870 -3.5612 0
1432 -3.5691 0
822 -3.5723 0
419 -3.5726 0
1343 -3.5909 0
1630 -3.5953 0
565 -3.6002 0
1471 -3.6026 0
604 -3.6042 0
1493 -3.6149 0
1040 -3.6225 0
768 -3.6242 0
1678 -3.6287 0
1003 -3.6435 0
1515 -3.6436 0
1081 -3.6457 0
1434 -3.6469 0
1091 -3.6545 0
1441 -3.6590 0
1789 -3.6650 0
1501 -3.6669 0
1059 -3.6696 0
952 -3.6719 0
495 -3.6806 0
514 -3.6838 0
1567 -3.6968 0
1421 -3.6993 0
1078 -3.7033 0
1438 -3.7041 0
1307 -3.7108 0
463 -3.7137 0
858 -3.7150 0
908 -3.7233 0
832 -3.7288 0
361 -3.7298 0
817 -3.7306 0
328 -3.7308 0
936 -3.7418 0
482 -3.7454 0
1543 -3.7469 0
355 -3.7581 0
1302 -3.7584 0
354 -3.7601 0
1364 -3.7627 0
882 -3.7682 0
1055 -3.7746 0
237 -3.7747 0
1327 -3.7753 0
1669 -3.7867 0
811 -3.7884 0
784 -3.7911 0
373 -3.7927 0
1072 -3.8082 0
1073 -3.8082 0
422 -3.8097 0
1317 -3.8233 0
342 -3.8371 0
924 -3.8463 0
1409 -3.8471 0
1330 -3.8478 0
1584 -3.8540 0
457 -3.8540 0
1098 -3.8552 0
756 -3.8597 0
1654 -3.8597 0
1542 -3.8610 0
959 -3.8643 0
923 -3.8644 0
1626 -3.8659 0
819 -3.8701 0
377 -3.8704 0
855 -3.8722 0
1614 -3.8734 0
1184 -3.8741 0
1356 -3.8795 0
957 -3.8815 0
1086 -3.8872 0
1223 -3.8933 0
520 -3.8950 0
324 -3.8994 0
1376 -3.9008 0
414 -3.9104 0
523 -3.9158 0
507 -3.9188 0
1303 -3.9192 0
1211 -3.9254 0
1697 -3.9286 0
879 -3.9291 0
1607 -3.9293 0
932 -3.9309 0
1498 -3.9319 0
420 -3.9338 0
201 -3.9401 0
1648 -3.9474 0
381 -3.9491 0
1389 -3.9497 0
1411 -3.9579 0
2 -3.9627 0
1238 -3.9652 0
464 -3.9756 0
775 -3.9782 0
1219 -3.9805 0
659 -3.9894 0
184 -3.9937 0
1495 -4.0102 0
1085 -4.0110 0
1212 -4.0176 0
413 -4.0191 0
334 -4.0284 0
1272 -4.0285 0
977 -4.0308 0
538 -4.0319 0
1249 -4.0381 0
1127 -4.0395 0
1030 -4.0456 0
800 -4.0474 0
1204 -4.0519 0
696 -4.0536 0
877 -4.0604 0
1008 -4.0623 0
488 -4.0692 0
875 -4.0711 0
1490 -4.0711 0
1481 -4.0712 0
319 -4.0726 0
1461 -4.0729 0
1680 -4.0803 0
1218 -4.0850 0
449 -4.0885 0
1497 -4.0953 0
1444 -4.0999 0
1404 -4.1002 0
1291 -4.1002 0
241 -4.1121 0
660 -4.1140 0
946 -4.1181 0
910 -4.1256 0
1644 -4.1386 0
1273 -4.1469 0
1521 -4.1481 0
1391 -4.1574 0
1462 -4.1629 0
471 -4.1656 0
1494 -4.1698 0
1324 -4.1741 0
1149 -4.1899 0
1472 -4.1967 0
893 -4.1975 0
1500 -4.2027 0
522 -4.2059 0
772 -4.2113 0
1234 -4.2128 0
1511 -4.2165 0
465 -4.2179 0
676 -4.2285 0
1949 -4.2372 0
428 -4.2384 0
906 -4.2389 0
1642 -4.2394 0
1605 -4.2448 0
543 -4.2520 0
456 -4.2521 0
476 -4.2524 0
1355 -4.2645 0
345 -4.2700 0
803 -4.2799 0
1345 -4.2814 0
976 -4.2817 0
502 -4.2828 0
872 -4.2829 0
540 -4.3061 0
1092 -4.3115 0
364 -4.3121 0
795 -4.3123 0
1209 -4.3225 0
752 -4.3256 0
1360 -4.3321 0
1374 -4.3367 0
955 -4.3438 0
1318 -4.3442 0
244 -4.3483 0
1443 -4.3508 0
1242 -4.3579 0
845 -4.3585 0
846 -4.3613 0
1378 -4.3631 0
781 -4.3659 0
958 -4.3676 0
1577 -4.3676 0
796 -4.3704 0
453 -4.3730 0
1480 -4.3746 0
1071 -4.3769 0
1547 -4.3785 0
1088 -4.3797 0
1631 -4.3820 0
691 -4.3876 0
1653 -4.3877 0
44 -4.3887 0
1518 -4.3899 0
1237 -4.3907 0
665 -4.3955 0
1576 -4.3986 0
1365 -4.4020 0
1674 -4.4076 0
1259 -4.4094 0
1171 -4.4131 0
1569 -4.4136 0
359 -4.4189 0
1425 -4.4214 0
1140 -4.4281 0
1636 -4.4283 0
1172 -4.4395 0
1240 -4.4476 0
869 -4.4637 0
200 -4.4677 0
1010 -4.4730 0
499 -4.4734 0
757 -4.4742 0
668 -4.4758 0
544 -4.4808 0
1076 -4.4825 0
1262 -4.5027 0
376 -4.5043 0
1655 -4.5047 0
682 -4.5052 0
43 -4.5056 0
912 -4.5062 0
1387 -4.5179 0
758 -4.5247 0
854 -4.5284 0
1062 -4.5329 0
1371 -4.5387 0
1370 -4.5402 0
914 -4.5460 0
762 -4.5483 0
1527 -4.5532 0
426 -4.5533 0
1019 -4.5538 0
876 -4.5558 0
1449 -4.5563 0
1194 -4.5635 0
512 -4.5677 0
1482 -4.5728 0
954 -4.5765 0
318 -4.5852 0
434 -4.5873 0
1650 -4.5919 0
1089 -4.5985 0
1465 -4.6040 0
1084 -4.6084 0
834 -4.6088 0
678 -4.6155 0
312 -4.6273 0
1499 -4.6312 0
1657 -4.6321 0
658 -4.6328 0
1841 -4.6346 0
1265 -4.6351 0
486 -4.6402 0
1446 -4.6484 0
1422 -4.6492 0
1367 -4.6543 0
1673 -4.6548 0
1466 -4.6575 0
1295 -4.6656 0
1225 -4.6731 0
545 -4.6746 0
1385 -4.6923 0
1941 -4.6960 0
1382 -4.6963 0
302 -4.6986 0
1252 -4.7018 0
753 -4.7018 0
410 -4.7048 0
1348 -4.7227 0
1473 -4.7302 0
430 -4.7416 0
1691 -4.7561 0
1682 -4.7615 0
1448 -4.7776 0
1664 -4.7864 0
350 -4.7926 0
847 -4.7967 0
468 -4.8018 0
1662 -4.8038 0
1908 -4.8065 0
1386 -4.8067 0
467 -4.8132 0
787 -4.8224 0
687 -4.8279 0
1281 -4.8293 0
1011 -4.8343 0
973 -4.8455 0
1254 -4.8460 0
306 -4.8467 0
245 -4.8690 0
1656 -4.8700 0
1470 -4.8726 0
1228 -4.8761 0
1475 -4.8888 0
1685 -4.8906 0
532 -4.9030 0
992 -4.9134 0
1681 -4.9184 0
519 -4.9274 0
675 -4.9275 0
900 -4.9298 0
793 -4.9325 0
1695 -4.9476 0
940 -4.9582 0
501 -4.9599 0
1974 -4.9806 0
1058 -4.9853 0
303 -4.9870 0
1675 -4.9974 0
1419 -5.0016 0
1136 -5.0172 0
680 -5.0195 0
1413 -5.0215 0
1278 -5.0321 0
1296 -5.0408 0
765 -5.0415 0
1381 -5.0469 0
549 -5.0512 0
1287 -5.0553 0
1253 -5.0602 0
1358 -5.0701 0
1694 -5.0703 0
790 -5.0741 0
672 -5.0963 0
1075 -5.1082 0
1100 -5.1306 0
398 -5.1324 0
478 -5.1440 0
806 -5.1475 0
1398 -5.1482 0
1677 -5.1499 0
1269 -5.1526 0
886 -5.1639 0
325 -5.1685 0
1549 -5.1686 0
1414 -5.1704 0
1201 -5.1730 0
1337 -5.1862 0
1396 -5.1869 0
904 -5.1891 0
242 -5.1963 0
1294 -5.2022 0
856 -5.2048 0
849 -5.2096 0
902 -5.2135 0
689 -5.2205 0
1668 -5.2225 0
1276 -5.2235 0
323 -5.2241 0
1611 -5.2318 0
307 -5.2374 0
521 -5.2380 0
1033 -5.2434 0
498 -5.2441 0
857 -5.2453 0
1087 -5.2487 0
890 -5.2488 0
656 -5.2526 0
1410 -5.2586 0
1458 -5.2644 0
472 -5.2793 0
1362 -5.2831 0
1395 -5.2849 0
942 -5.2942 0
1050 -5.2994 0
1093 -5.3014 0
1400 -5.3033 0
1369 -5.3072 0
1450 -5.3141 0
1394 -5.3219 0
1283 -5.3380 0
685 -5.3396 0
340 -5.3423 0
699 -5.3471 0
240 -5.3472 0
1359 -5.3616 0
1616 -5.3617 0
437 -5.3715 0
1090 -5.3739 0
920 -5.3994 0
492 -5.4101 0
452 -5.4184 0
311 -5.4361 0
975 -5.4450 0
535 -5.4580 0
652 -5.4967 0
1683 -5.5002 0
1286 -5.5060 0
539 -5.5237 0
1258 -5.5765 0
1080 -5.5819 0
1476 -5.5986 0
684 -5.6371 0
650 -5.6426 0
329 -5.6649 0
1067 -5.6677 0
771 -5.6791 0
821 -5.6870 0
664 -5.6897 0
657 -5.6963 0
300 -5.7230 0
1522 -5.7284 0
1261 -5.7376 0
1332 -5.7382 0
1195 -5.7385 0
1484 -5.7450 0
1007 -5.7754 0
1316 -5.7840 0
911 -5.7884 0
322 -5.7986 0
1693 -5.8096 0
938 -5.8151 0
1428 -5.8214 0
1751 -5.8227 0
1698 -5.8268 0
679 -5.8272 0
1452 -5.8376 0
663 -5.8426 0
509 -5.8547 0
1060 -5.8621 0
1478 -5.8626 0
459 -5.8676 0
1282 -5.8782 0
533 -5.9021 0
673 -5.9022 0
1659 -5.9245 0
1935 -5.9266 0
808 -5.9305 0
949 -5.9403 0
524 -5.9475 0
1298 -5.9604 0
1375 -5.9611 0
1597 -5.9786 0
813 -5.9814 0
1279 -5.9834 0
1524 -6.0016 0
1293 -6.0076 0
469 -6.0078 0
1647 -6.0176 0
1118 -6.0253 0
662 -6.0545 0
496 -6.0574 0
1190 -6.0688 0
865 -6.0699 0
1415 -6.1104 0
348 -6.1139 0
690 -6.1190 0
1379 -6.1519 0
925 -6.1581 0
1333 -6.1805 0
874 -6.1853 0
1061 -6.2112 0
537 -6.2134 0
335 -6.2223 0
518 -6.2249 0
791 -6.2368 0
1368 -6.2379 0
1429 -6.2530 0
1297 -6.2602 0
666 -6.2696 0
1255 -6.2939 0
867 -6.3241 0
547 -6.3504 0
1256 -6.3656 0
327 -6.3686 0
475 -6.3700 0
526 -6.3727 0
697 -6.4439 0
489 -6.4592 0
1251 -6.5022 0
1233 -6.5936 0
487 -6.6548 0
316 -6.7198 0
1672 -6.7259 0
531 -6.7417 0
337 -6.7894 0
301 -6.9991 0
1676 -7.0472 0
1671 -7.0984 0
1688 -7.1317 0
1271 -7.1445 0
670 -7.1527 0
500 -7.1824 0
546 -7.2174 0
504 -7.2551 0
1357 -7.3025 0
1459 -7.3195 0
510 -7.3839 0
919 -7.3890 0
1285 -7.5605 0
343 -7.6193 0
1009 -7.8691 0
1380 -7.9303 0
944 -8.5246 0
1686 -8.5315 0
1689 -9.1897 0
