301 27.7375 1
329 27.5279 1
325 25.4457 1
318 24.1907 1
322 23.8235 1
321 21.2886 1
315 17.9891 1
302 16.5124 1
326 15.9862 1
343 15.4261 1
344 14.7263 1
317 14.6262 1
310 14.5109 1
319 14.1556 1
336 13.6305 1
303 12.9321 1
316 12.5614 1
324 11.7778 1
300 10.9871 1
348 10.9004 1
1302 10.8837 0
312 10.6636 1
510 10.4894 0
313 9.9161 1
327 9.8380 1
1303 9.7446 0
328 8.6820 1
337 8.4165 1
1305 8.1093 0
894 8.0835 0
1500 8.0309 0
827 8.0304 0
490 7.8272 0
487 7.8260 0
891 7.7125 0
1171 7.5967 0
335 7.4353 1
311 7.1550 1
1439 7.0870 0
349 7.0828 1
332 7.0395 1
305 6.9635 1
323 6.8096 1
477 6.7630 0
879 6.7334 0
1387 6.6994 0
954 6.6594 0
1276 6.6277 0
1141 6.6154 0
1358 6.5751 0
1174 6.4799 0
501 6.3716 0
1100 6.3182 0
771 6.3177 0
677 6.2712 0
803 6.2540 0
331 6.2358 1
488 6.2091 0
1136 6.1716 0
544 6.1501 0
1332 6.1131 0
885 6.1003 0
320 6.0685 1
308 6.0683 1
853 6.0593 0
345 6.0445 1
340 6.0144 1
670 5.9693 0
697 5.9540 0
1344 5.9011 0
1612 5.8729 0
872 5.8349 0
314 5.7801 1
658 5.7520 0
504 5.7489 0
642 5.7351 0
338 5.6859 1
890 5.6449 0
604 5.6049 0
307 5.5670 1
1375 5.5577 0
883 5.5567 0
1127 5.5240 0
1135 5.5059 0
538 5.4817 0
1262 5.4424 0
1683 5.4180 0
1307 5.4176 0
1309 5.4014 0
1364 5.3947 0
1356 5.3138 0
341 5.3113 1
1122 5.2942 0
1405 5.2903 0
1349 5.2860 0
791 5.1839 0
868 5.1741 0
1137 5.1538 0
750 5.1531 0
1320 5.1031 0
1101 5.0651 0
955 5.0227 0
306 4.9950 1
1315 4.9674 0
1334 4.9401 0
1111 4.9337 0
892 4.8929 0
1779 4.8833 0
1246 4.8574 0
1317 4.8319 0
346 4.8144 1
1015 4.7061 0
536 4.6544 0
1186 4.6172 0
549 4.5607 0
1028 4.5328 0
533 4.4678 0
1384 4.4639 0
799 4.4611 0
788 4.4289 0
1434 4.3678 0
1575 4.3614 0
662 4.3304 0
1324 4.3137 0
1180 4.3089 0
334 4.3089 1
517 4.2759 0
1937 4.2686 0
1321 4.2686 0
1147 4.2106 0
694 4.1911 0
1695 4.1636 0
790 4.1310 0
1767 4.1272 0
1379 4.1244 0
639 4.1211 0
1368 4.1074 0
1038 4.1039 0
1664 4.0605 0
1249 4.0245 0
1009 4.0035 0
48 4.0027 0
507 3.9429 0
1104 3.9173 0
1400 3.9123 0
768 3.8981 0
431 3.8848 0
1138 3.8766 0
618 3.8560 0
637 3.8305 0
1115 3.8234 0
1296 3.7979 0
713 3.7659 0
1649 3.7647 0
893 3.7627 0
1132 3.6932 0
1336 3.6737 0
789 3.6470 0
878 3.6365 0
1392 3.6288 0
1161 3.6049 0
1475 3.6024 0
1676 3.6007 0
659 3.5638 0
1411 3.5388 0
678 3.5281 0
884 3.5109 0
347 3.4911 1
672 3.4147 0
1330 3.3791 0
950 3.3716 0
1301 3.3660 0
1311 3.3193 0
691 3.2679 0
1049 3.2522 0
518 3.2521 0
49 3.2465 0
1190 3.2397 0
505 3.2392 0
526 3.1908 0
951 3.1798 0
870 3.1707 0
274 3.1643 0
93 3.1502 0
862 3.1476 0
1114 3.1354 0
1242 3.1083 0
1107 3.1006 0
1194 3.0936 0
1129 3.0835 0
770 3.0639 0
938 3.0426 0
636 3.0395 0
1345 3.0320 0
763 2.9964 0
452 2.9773 0
1270 2.9772 0
524 2.9699 0
1173 2.9620 0
1691 2.9547 0
782 2.9287 0
502 2.9191 0
627 2.9114 0
1318 2.9106 0
889 2.8980 0
690 2.8947 0
851 2.8803 0
1472 2.8763 0
1085 2.8750 0
1300 2.8727 0
1146 2.8680 0
1394 2.8669 0
150 2.8660 0
1145 2.8652 0
1223 2.8611 0
796 2.8547 0
1140 2.8530 0
241 2.8413 0
925 2.8242 0
38 2.8201 0
1365 2.8178 0
1193 2.8172 0
1233 2.8138 0
1203 2.8054 0
1316 2.8023 0
609 2.7883 0
506 2.7631 0
493 2.7423 0
1225 2.7373 0
1770 2.7275 0
1697 2.7230 0
813 2.7130 0
1654 2.7065 0
1991 2.6787 0
852 2.6769 0
798 2.6733 0
527 2.6721 0
309 2.6619 1
1340 2.6373 0
684 2.6357 0
863 2.6088 0
1304 2.5991 0
1125 2.5777 0
489 2.5681 0
1685 2.5613 0
426 2.5342 0
957 2.5228 0
1388 2.5226 0
2 2.5195 0
1410 2.5063 0
968 2.4954 0
631 2.4920 0
669 2.4877 0
579 2.4868 0
1396 2.4837 0
73 2.4817 0
1992 2.4750 0
181 2.4686 0
1067 2.4648 0
961 2.4401 0
531 2.4300 0
1167 2.4255 0
1549 2.4165 0
253 2.3947 0
1494 2.3920 0
479 2.3903 0
873 2.3871 0
1687 2.3800 0
1968 2.3778 0
1380 2.3755 0
1057 2.3603 0
1665 2.3587 0
453 2.3449 0
624 2.3380 0
681 2.3370 0
1406 2.3359 0
1557 2.3125 0
6 2.3043 0
1418 2.2887 0
1229 2.2861 0
1644 2.2714 0
895 2.2660 0
675 2.2621 0
611 2.2560 0
541 2.2525 0
876 2.2442 0
674 2.2425 0
657 2.2420 0
1007 2.2117 0
1610 2.2062 0
979 2.2036 0
1913 2.1919 0
1120 2.1798 0
1263 2.1553 0
342 2.1480 1
775 2.1324 0
224 2.1264 0
1935 2.1233 0
197 2.1161 0
537 2.1082 0
32 2.1057 0
616 2.0928 0
1185 2.0867 0
835 2.0818 0
869 2.0806 0
333 2.0761 1
330 2.0736 1
1444 2.0662 0
1975 2.0587 0
1904 2.0568 0
1019 2.0466 0
516 2.0289 0
1633 2.0256 0
1677 2.0242 0
40 2.0124 0
1128 2.0107 0
1651 2.0029 0
756 1.9999 0
1012 1.9870 0
1241 1.9855 0
698 1.9816 0
663 1.9800 0
1252 1.9783 0
1688 1.9705 0
1123 1.9682 0
783 1.9427 0
1323 1.9395 0
977 1.9268 0
1149 1.9229 0
522 1.9112 0
1118 1.9026 0
854 1.8978 0
1658 1.8827 0
649 1.8762 0
1461 1.8747 0
542 1.8738 0
668 1.8737 0
1385 1.8724 0
874 1.8670 0
153 1.8658 0
617 1.8598 0
856 1.8594 0
543 1.8550 0
1008 1.8489 0
765 1.8432 0
546 1.8276 0
880 1.8214 0
126 1.8053 0
1404 1.8049 0
1109 1.8003 0
127 1.7974 0
164 1.7836 0
651 1.7706 0
1956 1.7597 0
1068 1.7552 0
767 1.7526 0
840 1.7486 0
667 1.7389 0
1112 1.7336 0
1218 1.7125 0
204 1.7118 0
1969 1.7095 0
1280 1.7078 0
1126 1.7058 0
1357 1.7052 0
722 1.6995 0
1660 1.6961 0
540 1.6922 0
772 1.6891 0
689 1.6867 0
1264 1.6851 0
174 1.6839 0
236 1.6799 0
166 1.6750 0
612 1.6739 0
1445 1.6714 0
1414 1.6560 0
1776 1.6527 0
877 1.6406 0
1282 1.6388 0
758 1.6385 0
437 1.6280 0
1124 1.6226 0
478 1.6117 0
630 1.6061 0
1020 1.6037 0
1899 1.5949 0
910 1.5919 0
1449 1.5837 0
1003 1.5674 0
1502 1.5670 0
693 1.5613 0
1055 1.5599 0
47 1.5499 0
1370 1.5416 0
619 1.5335 0
1259 1.5263 0
1377 1.5212 0
240 1.5203 0
766 1.5147 0
1219 1.5124 0
602 1.4980 0
864 1.4942 0
514 1.4938 0
1131 1.4909 0
867 1.4867 0
1741 1.4687 0
513 1.4642 0
1432 1.4586 0
1429 1.4576 0
512 1.4550 0
1238 1.4512 0
740 1.4496 0
1369 1.4432 0
794 1.4357 0
661 1.4301 0
1438 1.4274 0
450 1.4253 0
467 1.4238 0
1121 1.4223 0
841 1.4193 0
1585 1.3990 0
154 1.3987 0
37 1.3971 0
795 1.3965 0
966 1.3920 0
1134 1.3915 0
1281 1.3898 0
1191 1.3739 0
887 1.3725 0
640 1.3648 0
1903 1.3544 0
1907 1.3510 0
1286 1.3370 0
679 1.3346 0
525 1.3257 0
1044 1.3164 0
987 1.3158 0
1333 1.3154 0
886 1.2985 0
1922 1.2938 0
581 1.2746 0
1033 1.2715 0
1025 1.2674 0
496 1.2574 0
199 1.2556 0
1178 1.2524 0
1089 1.2509 0
1150 1.2475 0
1206 1.2459 0
456 1.2380 0
1634 1.2379 0
652 1.2358 0
628 1.2315 0
1458 1.2303 0
1409 1.2299 0
1234 1.2296 0
1017 1.2225 0
140 1.2200 0
1000 1.2176 0
1391 1.2108 0
457 1.2082 0
1484 1.2033 0
650 1.1916 0
1366 1.1913 0
1663 1.1818 0
1972 1.1756 0
503 1.1753 0
665 1.1729 0
653 1.1696 0
1002 1.1657 0
146 1.1564 0
472 1.1554 0
87 1.1551 0
1239 1.1491 0
1117 1.1419 0
480 1.1365 0
660 1.1297 0
1029 1.1274 0
773 1.1201 0
1328 1.1190 0
532 1.1178 0
1062 1.1164 0
565 1.1110 0
600 1.1044 0
1966 1.1022 0
1602 1.1019 0
1715 1.1017 0
997 1.1014 0
1060 1.0983 0
369 1.0957 0
1011 1.0764 0
1153 1.0757 0
1604 1.0744 0
584 1.0682 0
1034 1.0676 0
1361 1.0676 0
289 1.0670 0
103 1.0643 0
156 1.0612 0
1283 1.0582 0
695 1.0562 0
687 1.0482 0
1927 1.0401 0
1631 1.0254 0
1690 1.0164 0
1072 1.0033 0
1179 1.0008 0
1058 0.9887 0
535 0.9882 0
897 0.9858 0
932 0.9842 0
629 0.9810 0
129 0.9787 0
1343 0.9782 0
182 0.9709 0
111 0.9684 0
1686 0.9617 0
1395 0.9613 0
500 0.9609 0
1022 0.9574 0
523 0.9565 0
837 0.9547 0
473 0.9455 0
228 0.9450 0
1026 0.9345 0
399 0.9234 0
1648 0.9224 0
1424 0.9202 0
1386 0.9084 0
1905 0.9051 0
1932 0.9024 0
1043 0.9021 0
1845 0.8916 0
286 0.8846 0
1452 0.8798 0
45 0.8774 0
953 0.8684 0
1667 0.8663 0
1619 0.8652 0
168 0.8504 0
1950 0.8461 0
762 0.8456 0
1684 0.8443 0
1162 0.8442 0
36 0.8308 0
654 0.8276 0
1789 0.8141 0
178 0.8133 0
1351 0.8067 0
965 0.8041 0
202 0.7998 0
292 0.7897 0
1306 0.7817 0
1615 0.7810 0
730 0.7809 0
1299 0.7797 0
816 0.7762 0
578 0.7757 0
1221 0.7715 0
944 0.7711 0
1243 0.7701 0
43 0.7645 0
881 0.7607 0
599 0.7497 0
1091 0.7450 0
1737 0.7426 0
484 0.7398 0
1670 0.7381 0
1407 0.7339 0
829 0.7318 0
339 0.7299 1
1870 0.7276 0
757 0.7198 0
1244 0.7196 0
814 0.7156 0
1839 0.7140 0
1113 0.7123 0
519 0.7119 0
1308 0.7089 0
1024 0.7083 0
385 0.7082 0
85 0.6959 0
1070 0.6947 0
748 0.6915 0
1105 0.6901 0
1561 0.6873 0
159 0.6861 0
165 0.6819 0
50 0.6816 0
1675 0.6809 0
468 0.6799 0
1939 0.6724 0
1555 0.6653 0
1933 0.6604 0
703 0.6577 0
776 0.6571 0
373 0.6555 0
1352 0.6516 0
1031 0.6470 0
1184 0.6450 0
804 0.6433 0
509 0.6432 0
1914 0.6334 0
1198 0.6204 0
1519 0.6074 0
956 0.5940 0
1212 0.5726 0
1087 0.5698 0
1440 0.5653 0
994 0.5558 0
1018 0.5554 0
601 0.5549 0
1373 0.5534 0
1673 0.5428 0
1293 0.5388 0
842 0.5365 0
12 0.5236 0
1924 0.5205 0
1936 0.5194 0
371 0.5140 0
1427 0.5084 0
1093 0.5045 0
381 0.4988 0
1680 0.4898 0
1133 0.4895 0
268 0.4857 0
1014 0.4845 0
647 0.4785 0
1643 0.4780 0
1272 0.4741 0
1738 0.4733 0
622 0.4727 0
1048 0.4632 0
1236 0.4624 0
1564 0.4600 0
1639 0.4527 0
1952 0.4519 0
1347 0.4496 0
247 0.4420 0
1433 0.4405 0
1638 0.4401 0
1990 0.4370 0
1876 0.4315 0
1075 0.4255 0
110 0.4251 0
1782 0.4199 0
855 0.4196 0
71 0.4191 0
764 0.4124 0
157 0.4113 0
709 0.4109 0
1005 0.4010 0
297 0.3966 0
1437 0.3966 0
1046 0.3919 0
383 0.3896 0
633 0.3894 0
1652 0.3880 0
752 0.3862 0
1941 0.3800 0
1346 0.3799 0
1231 0.3693 0
857 0.3617 0
1930 0.3616 0
1337 0.3609 0
1635 0.3573 0
1466 0.3567 0
1080 0.3545 0
1108 0.3530 0
176 0.3508 0
777 0.3474 0
1601 0.3469 0
898 0.3386 0
1266 0.3314 0
1617 0.3296 0
1979 0.3251 0
475 0.3234 0
529 0.3201 0
688 0.3190 0
470 0.3183 0
136 0.3110 0
495 0.3100 0
735 0.2926 0
451 0.2898 0
251 0.2897 0
556 0.2892 0
970 0.2887 0
1119 0.2852 0
279 0.2828 0
1971 0.2801 0
1313 0.2741 0
1574 0.2726 0
238 0.2701 0
1674 0.2648 0
822 0.2635 0
912 0.2608 0
655 0.2585 0
1269 0.2578 0
105 0.2544 0
1331 0.2534 0
682 0.2499 0
476 0.2373 0
738 0.2295 0
539 0.2149 0
643 0.2144 0
590 0.2118 0
280 0.2066 0
959 0.1987 0
462 0.1972 0
1964 0.1958 0
1478 0.1955 0
999 0.1872 0
1614 0.1861 0
1607 0.1819 0
1088 0.1813 0
719 0.1606 0
1211 0.1601 0
1096 0.1502 0
1142 0.1477 0
610 0.1474 0
1943 0.1412 0
1261 0.1366 0
508 0.1272 0
1726 0.1237 0
676 0.1236 0
1858 0.1228 0
1745 0.1207 0
112 0.1192 0
1151 0.1173 0
686 0.1167 0
1650 0.1157 0
811 0.1157 0
1468 0.1148 0
469 0.1142 0
1294 0.1115 0
742 0.1109 0
834 0.1106 0
58 0.1100 0
656 0.1045 0
1586 0.1003 0
974 0.0997 0
151 0.0992 0
559 0.0990 0
1081 0.0934 0
1929 0.0790 0
458 0.0785 0
1389 0.0752 0
1155 0.0702 0
118 0.0693 0
1505 0.0692 0
1428 0.0682 0
632 0.0675 0
589 0.0646 0
1036 0.0643 0
903 0.0617 0
998 0.0603 0
1360 0.0592 0
607 0.0556 0
626 0.0435 0
1700 0.0425 0
575 0.0386 0
861 0.0367 0
1230 0.0333 0
1900 0.0326 0
761 0.0300 0
781 0.0287 0
1314 0.0278 0
608 0.0277 0
547 0.0272 0
785 0.0203 0
1689 0.0201 0
248 0.0146 0
454 0.0133 0
830 0.0101 0
94 0.0099 0
186 0.0093 0
1417 0.0086 0
173 -0.0022 0
1032 -0.0031 0
430 -0.0034 0
882 -0.0040 0
1207 -0.0088 0
208 -0.0171 0
1661 -0.0194 0
664 -0.0201 0
849 -0.0227 0
1483 -0.0264 0
1949 -0.0288 0
1039 -0.0323 0
708 -0.0356 0
1545 -0.0441 0
859 -0.0444 0
1946 -0.0492 0
982 -0.0496 0
1354 -0.0516 0
360 -0.0521 0
530 -0.0521 0
1040 -0.0523 0
1603 -0.0546 0
760 -0.0560 0
1988 -0.0604 0
1310 -0.0632 0
459 -0.0661 0
1027 -0.0667 0
1629 -0.0668 0
152 -0.0714 0
1910 -0.0728 0
486 -0.0769 0
100 -0.0777 0
1210 -0.0779 0
1446 -0.0781 0
350 -0.0805 0
1588 -0.0848 0
1235 -0.0900 0
1657 -0.0906 0
1857 -0.0930 0
124 -0.0951 0
1188 -0.0998 0
780 -0.1012 0
1037 -0.1015 0
17 -0.1028 0
1901 -0.1043 0
1777 -0.1081 0
1668 -0.1081 0
1705 -0.1115 0
161 -0.1127 0
1298 -0.1154 0
1099 -0.1168 0
995 -0.1196 0
230 -0.1203 0
1163 -0.1229 0
666 -0.1459 0
1224 -0.1533 0
1548 -0.1573 0
817 -0.1576 0
1441 -0.1689 0
497 -0.1710 0
1942 -0.1723 0
793 -0.1727 0
1605 -0.1862 0
491 -0.1876 0
1923 -0.1881 0
545 -0.1883 0
1692 -0.1885 0
1919 -0.1924 0
1254 -0.1924 0
759 -0.1951 0
528 -0.1951 0
200 -0.1956 0
1799 -0.1958 0
1997 -0.1976 0
1209 -0.1979 0
104 -0.2017 0
1721 -0.2019 0
1981 -0.2024 0
1678 -0.2075 0
282 -0.2090 0
1723 -0.2097 0
1647 -0.2106 0
461 -0.2195 0
1771 -0.2196 0
291 -0.2221 0
1973 -0.2239 0
1703 -0.2264 0
144 -0.2297 0
1050 -0.2307 0
625 -0.2344 0
293 -0.2450 0
266 -0.2469 0
710 -0.2485 0
1232 -0.2495 0
701 -0.2511 0
696 -0.2533 0
1967 -0.2536 0
737 -0.2555 0
580 -0.2651 0
1359 -0.2695 0
271 -0.2728 0
1739 -0.2754 0
1877 -0.2847 0
1774 -0.2850 0
1398 -0.2854 0
1682 -0.2880 0
225 -0.2886 0
162 -0.2918 0
138 -0.2970 0
815 -0.2994 0
973 -0.3115 0
1710 -0.3145 0
792 -0.3150 0
1637 -0.3181 0
1501 -0.3213 0
466 -0.3219 0
1871 -0.3234 0
441 -0.3252 0
888 -0.3329 0
985 -0.3363 0
1916 -0.3363 0
1865 -0.3363 0
1587 -0.3418 0
926 -0.3428 0
1214 -0.3430 0
1963 -0.3468 0
623 -0.3514 0
634 -0.3526 0
787 -0.3597 0
1701 -0.3623 0
304 -0.3655 1
1488 -0.3697 0
1527 -0.3709 0
109 -0.3710 0
1961 -0.3713 0
1071 -0.3736 0
685 -0.3749 0
1592 -0.3832 0
485 -0.3856 0
120 -0.3862 0
1940 -0.3862 0
583 -0.3881 0
1170 -0.3915 0
1291 -0.3954 0
106 -0.3980 0
390 -0.4002 0
1985 -0.4002 0
482 -0.4012 0
1116 -0.4019 0
80 -0.4039 0
1215 -0.4075 0
1883 -0.4091 0
511 -0.4162 0
1371 -0.4164 0
1728 -0.4202 0
1376 -0.4258 0
1470 -0.4329 0
1182 -0.4385 0
270 -0.4391 0
1004 -0.4418 0
1419 -0.4445 0
460 -0.4477 0
1980 -0.4488 0
751 -0.4548 0
1953 -0.4553 0
1078 -0.4580 0
755 -0.4593 0
875 -0.4614 0
1094 -0.4631 0
605 -0.4642 0
598 -0.4711 0
1750 -0.4722 0
850 -0.4784 0
800 -0.4785 0
215 -0.4793 0
555 -0.4807 0
1518 -0.4812 0
1693 -0.4816 0
1447 -0.4818 0
255 -0.4908 0
378 -0.4960 0
498 -0.4974 0
797 -0.5028 0
865 -0.5045 0
1970 -0.5063 0
422 -0.5074 0
359 -0.5134 0
42 -0.5147 0
267 -0.5154 0
731 -0.5189 0
1754 -0.5221 0
219 -0.5262 0
295 -0.5263 0
838 -0.5302 0
1912 -0.5377 0
1786 -0.5385 0
1480 -0.5386 0
20 -0.5443 0
449 -0.5498 0
553 -0.5599 0
361 -0.5616 0
1462 -0.5629 0
1875 -0.5657 0
1659 -0.5673 0
391 -0.5688 0
245 -0.5754 0
222 -0.5805 0
1255 -0.5830 0
284 -0.5844 0
986 -0.5874 0
1955 -0.5904 0
155 -0.5910 0
992 -0.5912 0
1882 -0.5959 0
1183 -0.5959 0
299 -0.6004 0
1256 -0.6019 0
843 -0.6047 0
858 -0.6092 0
1854 -0.6142 0
1279 -0.6166 0
1945 -0.6169 0
558 -0.6189 0
1106 -0.6212 0
1720 -0.6240 0
35 -0.6269 0
971 -0.6285 0
1790 -0.6296 0
520 -0.6338 0
1749 -0.6380 0
1983 -0.6387 0
1628 -0.6391 0
988 -0.6435 0
972 -0.6573 0
1994 -0.6608 0
1010 -0.6649 0
1275 -0.6697 0
115 -0.6762 0
1222 -0.6770 0
593 -0.6770 0
680 -0.6823 0
831 -0.6827 0
1130 -0.6865 0
1719 -0.6875 0
1608 -0.6917 0
163 -0.6922 0
1006 -0.6936 0
1 -0.6956 0
1944 -0.6965 0
1363 -0.6984 0
298 -0.7052 0
1054 -0.7054 0
183 -0.7074 0
1267 -0.7093 0
1698 -0.7096 0
1630 -0.7110 0
1965 -0.7111 0
1645 -0.7153 0
993 -0.7166 0
1401 -0.7208 0
3 -0.7215 0
754 -0.7265 0
258 -0.7269 0
1154 -0.7289 0
969 -0.7298 0
172 -0.7329 0
1931 -0.7338 0
1611 -0.7352 0
603 -0.7381 0
296 -0.7420 0
33 -0.7440 0
1202 -0.7462 0
188 -0.7488 0
1521 -0.7490 0
984 -0.7501 0
1928 -0.7511 0
621 -0.7532 0
727 -0.7582 0
1284 -0.7637 0
620 -0.7665 0
561 -0.7714 0
1797 -0.7748 0
13 -0.7793 0
1888 -0.7813 0
534 -0.7832 0
366 -0.7856 0
234 -0.8001 0
1863 -0.8004 0
1867 -0.8013 0
1707 -0.8068 0
1053 -0.8086 0
1503 -0.8088 0
1727 -0.8109 0
1374 -0.8125 0
846 -0.8128 0
1090 -0.8145 0
1477 -0.8157 0
1743 -0.8174 0
375 -0.8186 0
362 -0.8220 0
991 -0.8273 0
203 -0.8284 0
1288 -0.8292 0
287 -0.8326 0
231 -0.8339 0
1516 -0.8383 0
1722 -0.8403 0
818 -0.8443 0
1915 -0.8483 0
1327 -0.8514 0
1736 -0.8516 0
1148 -0.8520 0
281 -0.8540 0
1350 -0.8551 0
416 -0.8553 0
844 -0.8556 0
866 -0.8576 0
263 -0.8583 0
1498 -0.8601 0
1993 -0.8602 0
909 -0.8616 0
1925 -0.8656 0
272 -0.8679 0
635 -0.8734 0
1709 -0.8741 0
1382 -0.8746 0
1881 -0.8749 0
116 -0.8872 0
823 -0.8878 0
24 -0.8886 0
123 -0.8937 0
249 -0.8980 0
1954 -0.8981 0
784 -0.8993 0
1613 -0.9014 0
1297 -0.9024 0
1362 -0.9030 0
1627 -0.9121 0
769 -0.9135 0
367 -0.9136 0
1192 -0.9137 0
1646 -0.9182 0
1265 -0.9189 0
1540 -0.9199 0
1851 -0.9209 0
201 -0.9209 0
1383 -0.9230 0
1669 -0.9248 0
1908 -0.9270 0
1197 -0.9303 0
242 -0.9328 0
1073 -0.9338 0
235 -0.9417 0
1426 -0.9417 0
1699 -0.9601 0
1542 -0.9641 0
1995 -0.9647 0
1714 -0.9678 0
1285 -0.9697 0
1290 -0.9746 0
463 -0.9753 0
1381 -0.9760 0
169 -0.9761 0
1986 -0.9852 0
128 -0.9855 0
353 -0.9938 0
1367 -0.9948 0
99 -1.0040 0
928 -1.0072 0
139 -1.0082 0
213 -1.0092 0
728 -1.0107 0
1412 -1.0136 0
606 -1.0165 0
820 -1.0175 0
1640 -1.0182 0
1511 -1.0201 0
900 -1.0218 0
44 -1.0222 0
1489 -1.0224 0
774 -1.0241 0
1509 -1.0310 0
1951 -1.0324 0
15 -1.0397 0
1947 -1.0453 0
860 -1.0475 0
1257 -1.0477 0
21 -1.0498 0
1312 -1.0524 0
135 -1.0546 0
1201 -1.0577 0
84 -1.0613 0
1583 -1.0638 0
1455 -1.0642 0
1731 -1.0657 0
923 -1.0668 0
1623 -1.0780 0
260 -1.0788 0
1061 -1.0811 0
262 -1.0814 0
1240 -1.0825 0
1694 -1.0856 0
1278 -1.0866 0
1227 -1.0885 0
1926 -1.0902 0
1600 -1.0910 0
1672 -1.0932 0
499 -1.0996 0
562 -1.1014 0
278 -1.1057 0
989 -1.1122 0
1642 -1.1136 0
46 -1.1141 0
1581 -1.1195 0
388 -1.1227 0
550 -1.1228 0
778 -1.1246 0
1397 -1.1261 0
67 -1.1283 0
1493 -1.1310 0
644 -1.1319 0
143 -1.1403 0
1077 -1.1406 0
1287 -1.1422 0
671 -1.1515 0
244 -1.1549 0
614 -1.1568 0
107 -1.1572 0
372 -1.1577 0
1195 -1.1588 0
1273 -1.1601 0
914 -1.1668 0
1934 -1.1723 0
119 -1.1753 0
1755 -1.1789 0
455 -1.1813 0
1187 -1.1834 0
1959 -1.1934 0
582 -1.2055 0
187 -1.2085 0
189 -1.2090 0
179 -1.2110 0
117 -1.2127 0
1713 -1.2231 0
1984 -1.2237 0
1906 -1.2274 0
947 -1.2284 0
492 -1.2312 0
393 -1.2331 0
981 -1.2349 0
277 -1.2359 0
1016 -1.2366 0
1974 -1.2375 0
206 -1.2379 0
1064 -1.2418 0
1909 -1.2448 0
1415 -1.2475 0
1408 -1.2489 0
733 -1.2496 0
368 -1.2558 0
1228 -1.2561 0
398 -1.2577 0
638 -1.2591 0
1319 -1.2630 0
1732 -1.2635 0
1102 -1.2650 0
896 -1.2729 0
1277 -1.2775 0
1372 -1.2790 0
370 -1.2827 0
587 -1.2887 0
1625 -1.2930 0
673 -1.2944 0
294 -1.2967 0
1807 -1.2994 0
483 -1.3044 0
716 -1.3057 0
594 -1.3065 0
1730 -1.3099 0
1393 -1.3132 0
1765 -1.3187 0
78 -1.3209 0
1718 -1.3254 0
5 -1.3260 0
1168 -1.3279 0
132 -1.3325 0
871 -1.3325 0
1606 -1.3326 0
79 -1.3340 0
95 -1.3494 0
586 -1.3494 0
1760 -1.3498 0
1390 -1.3528 0
1918 -1.3529 0
1271 -1.3535 0
1960 -1.3567 0
734 -1.3632 0
958 -1.3648 0
433 -1.3687 0
1757 -1.3705 0
158 -1.3719 0
55 -1.3792 0
76 -1.3809 0
212 -1.3820 0
1794 -1.3859 0
471 -1.3874 0
1911 -1.3892 0
254 -1.3900 0
1716 -1.3929 0
1551 -1.3949 0
746 -1.3952 0
1636 -1.3968 0
1443 -1.4014 0
1051 -1.4020 0
1962 -1.4027 0
1175 -1.4089 0
252 -1.4095 0
283 -1.4100 0
250 -1.4131 0
833 -1.4151 0
1295 -1.4152 0
1920 -1.4155 0
435 -1.4171 0
465 -1.4186 0
1746 -1.4210 0
10 -1.4211 0
1744 -1.4279 0
133 -1.4281 0
195 -1.4283 0
1143 -1.4298 0
1866 -1.4301 0
1632 -1.4312 0
380 -1.4443 0
725 -1.4453 0
515 -1.4456 0
1524 -1.4499 0
996 -1.4555 0
1204 -1.4563 0
572 -1.4675 0
1666 -1.4706 0
521 -1.4728 0
812 -1.4730 0
1001 -1.4788 0
198 -1.4798 0
232 -1.4805 0
52 -1.4875 0
275 -1.4899 0
193 -1.4920 0
1711 -1.4971 0
1837 -1.4982 0
428 -1.5017 0
567 -1.5032 0
1226 -1.5087 0
1247 -1.5127 0
432 -1.5166 0
1734 -1.5190 0
1948 -1.5218 0
707 -1.5246 0
1921 -1.5320 0
962 -1.5412 0
177 -1.5419 0
149 -1.5486 0
256 -1.5492 0
952 -1.5522 0
807 -1.5531 0
259 -1.5536 0
1065 -1.5546 0
1172 -1.5603 0
1420 -1.5635 0
1893 -1.5660 0
1066 -1.5702 0
1047 -1.5727 0
114 -1.5763 0
836 -1.5779 0
194 -1.5812 0
358 -1.5844 0
1862 -1.5849 0
1653 -1.5883 0
68 -1.5959 0
1423 -1.6035 0
190 -1.6064 0
729 -1.6077 0
913 -1.6079 0
1471 -1.6143 0
916 -1.6176 0
1787 -1.6323 0
1679 -1.6358 0
1430 -1.6359 0
1450 -1.6364 0
1836 -1.6402 0
1103 -1.6409 0
683 -1.6425 0
826 -1.6452 0
699 -1.6453 0
1335 -1.6483 0
481 -1.6528 0
1656 -1.6545 0
1329 -1.6550 0
1139 -1.6606 0
276 -1.6611 0
223 -1.6638 0
1052 -1.6647 0
379 -1.6651 0
30 -1.6718 0
745 -1.6734 0
615 -1.6749 0
1165 -1.6778 0
1258 -1.6792 0
113 -1.6883 0
1781 -1.6889 0
786 -1.6924 0
1764 -1.7014 0
1818 -1.7026 0
83 -1.7051 0
922 -1.7071 0
1158 -1.7153 0
1199 -1.7169 0
1869 -1.7279 0
1253 -1.7319 0
721 -1.7328 0
736 -1.7333 0
221 -1.7343 0
1978 -1.7438 0
1662 -1.7450 0
712 -1.7477 0
1999 -1.7478 0
1655 -1.7497 0
210 -1.7565 0
809 -1.7576 0
1792 -1.7638 0
374 -1.7659 0
1248 -1.7742 0
410 -1.7755 0
1504 -1.7785 0
613 -1.7819 0
196 -1.7919 0
233 -1.7925 0
1326 -1.7965 0
257 -1.8007 0
1917 -1.8010 0
706 -1.8035 0
1742 -1.8043 0
806 -1.8046 0
1421 -1.8062 0
19 -1.8064 0
1460 -1.8098 0
25 -1.8147 0
1671 -1.8154 0
205 -1.8215 0
1095 -1.8215 0
1558 -1.8261 0
1873 -1.8264 0
387 -1.8291 0
1030 -1.8302 0
1609 -1.8312 0
1856 -1.8381 0
74 -1.8402 0
1780 -1.8404 0
554 -1.8417 0
1729 -1.8418 0
824 -1.8492 0
1457 -1.8506 0
1217 -1.8549 0
1181 -1.8570 0
1289 -1.8619 0
1348 -1.8621 0
23 -1.8654 0
1763 -1.8705 0
131 -1.8763 0
1245 -1.8786 0
397 -1.8787 0
1200 -1.8787 0
191 -1.8798 0
464 -1.8802 0
16 -1.8871 0
1768 -1.8914 0
77 -1.8957 0
723 -1.8964 0
904 -1.9052 0
1822 -1.9077 0
1499 -1.9099 0
1590 -1.9156 0
1598 -1.9167 0
1529 -1.9174 0
1853 -1.9207 0
705 -1.9250 0
1569 -1.9303 0
945 -1.9360 0
1785 -1.9400 0
937 -1.9439 0
839 -1.9450 0
1597 -1.9468 0
1534 -1.9472 0
1322 -1.9501 0
1481 -1.9518 0
1543 -1.9548 0
265 -1.9634 0
63 -1.9640 0
1827 -1.9647 0
145 -1.9675 0
1035 -1.9690 0
148 -1.9719 0
243 -1.9729 0
1796 -1.9746 0
175 -1.9766 0
285 -1.9770 0
942 -1.9816 0
1491 -1.9816 0
141 -1.9818 0
122 -1.9822 0
1292 -1.9824 0
1378 -1.9838 0
1208 -1.9848 0
26 -1.9848 0
1804 -1.9874 0
1538 -1.9932 0
364 -1.9970 0
1213 -1.9973 0
29 -1.9986 0
395 -2.0090 0
1156 -2.0145 0
1469 -2.0154 0
983 -2.0199 0
570 -2.0264 0
577 -2.0295 0
1097 -2.0384 0
1823 -2.0489 0
819 -2.0559 0
927 -2.0573 0
192 -2.0673 0
1753 -2.0673 0
1425 -2.0731 0
137 -2.0751 0
61 -2.0763 0
908 -2.0774 0
1772 -2.0779 0
14 -2.0816 0
1506 -2.0816 0
905 -2.0846 0
1092 -2.0855 0
825 -2.0877 0
53 -2.0936 0
976 -2.0946 0
646 -2.1030 0
1086 -2.1055 0
564 -2.1067 0
56 -2.1132 0
389 -2.1195 0
421 -2.1286 0
1144 -2.1295 0
753 -2.1336 0
54 -2.1349 0
805 -2.1387 0
290 -2.1397 0
1982 -2.1471 0
444 -2.1500 0
801 -2.1624 0
1547 -2.1699 0
1413 -2.1723 0
1041 -2.1728 0
1486 -2.1755 0
1578 -2.1761 0
1618 -2.1772 0
1641 -2.1772 0
1076 -2.1807 0
1902 -2.1946 0
899 -2.1989 0
86 -2.2057 0
1166 -2.2068 0
1069 -2.2079 0
59 -2.2122 0
229 -2.2165 0
1717 -2.2189 0
98 -2.2207 0
1884 -2.2346 0
1783 -2.2372 0
917 -2.2378 0
1756 -2.2415 0
1624 -2.2436 0
414 -2.2454 0
1495 -2.2557 0
1496 -2.2565 0
802 -2.2626 0
207 -2.2683 0
170 -2.2686 0
0 -2.2686 0
1338 -2.2750 0
1880 -2.2765 0
11 -2.2791 0
1987 -2.2820 0
1898 -2.2840 0
1342 -2.2889 0
1251 -2.2910 0
1626 -2.2960 0
1023 -2.2980 0
930 -2.3064 0
907 -2.3077 0
218 -2.3177 0
1546 -2.3203 0
1579 -2.3233 0
1568 -2.3237 0
1465 -2.3260 0
573 -2.3278 0
443 -2.3336 0
749 -2.3427 0
403 -2.3669 0
592 -2.3683 0
1442 -2.3686 0
1513 -2.3690 0
1795 -2.3760 0
1536 -2.3766 0
1958 -2.3772 0
1596 -2.3804 0
1508 -2.3807 0
574 -2.3948 0
1562 -2.3964 0
4 -2.3986 0
828 -2.4037 0
167 -2.4074 0
184 -2.4079 0
964 -2.4087 0
1431 -2.4117 0
1577 -2.4122 0
1013 -2.4171 0
557 -2.4172 0
911 -2.4180 0
1082 -2.4184 0
1497 -2.4186 0
1541 -2.4213 0
1769 -2.4270 0
1339 -2.4283 0
1712 -2.4325 0
261 -2.4332 0
1761 -2.4518 0
1616 -2.4550 0
700 -2.4630 0
160 -2.4710 0
382 -2.4757 0
356 -2.4789 0
1878 -2.4823 0
108 -2.4830 0
494 -2.4861 0
1989 -2.4889 0
88 -2.4961 0
1021 -2.5002 0
1399 -2.5072 0
101 -2.5088 0
1708 -2.5218 0
227 -2.5272 0
1784 -2.5289 0
1526 -2.5298 0
1622 -2.5318 0
1453 -2.5321 0
1416 -2.5329 0
1325 -2.5350 0
1485 -2.5380 0
724 -2.5413 0
51 -2.5416 0
1559 -2.5426 0
1957 -2.5473 0
264 -2.5503 0
1868 -2.5520 0
1436 -2.5548 0
1467 -2.5564 0
1550 -2.5575 0
718 -2.5596 0
130 -2.5625 0
1892 -2.5656 0
732 -2.5716 0
1976 -2.5731 0
363 -2.5757 0
1422 -2.5763 0
743 -2.5781 0
1841 -2.5804 0
1572 -2.5848 0
1554 -2.5907 0
57 -2.5915 0
1274 -2.5935 0
1773 -2.6050 0
7 -2.6123 0
1735 -2.6174 0
357 -2.6192 0
1250 -2.6227 0
963 -2.6253 0
1702 -2.6295 0
147 -2.6363 0
92 -2.6380 0
1176 -2.6511 0
1821 -2.6512 0
832 -2.6535 0
237 -2.6538 0
1824 -2.6659 0
576 -2.6679 0
1576 -2.6717 0
714 -2.6731 0
1528 -2.6769 0
41 -2.6798 0
1886 -2.6829 0
474 -2.6855 0
1056 -2.6876 0
1522 -2.6967 0
1565 -2.6978 0
1788 -2.7101 0
1766 -2.7103 0
60 -2.7107 0
902 -2.7274 0
1454 -2.7303 0
211 -2.7345 0
1835 -2.7346 0
1681 -2.7351 0
1152 -2.7444 0
1045 -2.7451 0
1887 -2.7465 0
1098 -2.7466 0
216 -2.7499 0
1556 -2.7540 0
97 -2.7667 0
384 -2.7680 0
1473 -2.7703 0
1523 -2.7717 0
1507 -2.7793 0
18 -2.7940 0
597 -2.7992 0
692 -2.8006 0
425 -2.8028 0
1539 -2.8203 0
548 -2.8282 0
702 -2.8370 0
406 -2.8494 0
1537 -2.8497 0
595 -2.8554 0
1775 -2.8632 0
355 -2.8725 0
134 -2.8759 0
90 -2.8815 0
568 -2.8887 0
214 -2.8929 0
906 -2.8963 0
1740 -2.8999 0
1177 -2.9130 0
1083 -2.9174 0
1996 -2.9300 0
1517 -2.9381 0
943 -2.9433 0
1532 -2.9452 0
741 -2.9498 0
28 -2.9526 0
408 -2.9547 0
352 -2.9605 0
269 -2.9605 0
220 -2.9613 0
919 -2.9628 0
1448 -2.9652 0
376 -2.9668 0
1567 -2.9707 0
91 -2.9778 0
438 -2.9800 0
180 -2.9814 0
288 -2.9828 0
1042 -2.9853 0
1459 -2.9859 0
1725 -2.9873 0
1747 -2.9873 0
931 -2.9997 0
72 -2.9999 0
1591 -3.0003 0
946 -3.0010 0
588 -3.0013 0
720 -3.0046 0
1874 -3.0065 0
185 -3.0147 0
1435 -3.0210 0
1696 -3.0284 0
1706 -3.0317 0
918 -3.0451 0
386 -3.0483 0
39 -3.0491 0
978 -3.0523 0
934 -3.0537 0
1800 -3.0705 0
967 -3.0752 0
1515 -3.0863 0
1621 -3.0869 0
1189 -3.0889 0
1553 -3.0951 0
82 -3.0959 0
1476 -3.1029 0
935 -3.1120 0
915 -3.1135 0
1819 -3.1141 0
142 -3.1229 0
641 -3.1280 0
424 -3.1309 0
1079 -3.1312 0
1751 -3.1341 0
1544 -3.1408 0
22 -3.1451 0
1560 -3.1454 0
726 -3.1464 0
1260 -3.1598 0
960 -3.1688 0
1778 -3.1793 0
1237 -3.1797 0
1847 -3.1810 0
217 -3.1884 0
1748 -3.1888 0
1402 -3.1922 0
948 -3.1943 0
102 -3.2010 0
744 -3.2030 0
1704 -3.2105 0
27 -3.2136 0
1813 -3.2252 0
1977 -3.2266 0
1463 -3.2280 0
990 -3.2402 0
847 -3.2435 0
1589 -3.2477 0
1552 -3.2521 0
423 -3.2531 0
1482 -3.2559 0
64 -3.2578 0
415 -3.2660 0
1798 -3.2701 0
1595 -3.2710 0
566 -3.2808 0
1474 -3.2814 0
1582 -3.3042 0
351 -3.3076 0
1059 -3.3102 0
1520 -3.3158 0
1791 -3.3162 0
929 -3.3552 0
1341 -3.3660 0
273 -3.3840 0
808 -3.3931 0
1846 -3.3983 0
1084 -3.4178 0
1205 -3.4277 0
845 -3.4283 0
1464 -3.4303 0
75 -3.4375 0
551 -3.4596 0
975 -3.4602 0
1998 -3.4739 0
1762 -3.4810 0
1879 -3.4868 0
1860 -3.4872 0
1169 -3.4945 0
1809 -3.5010 0
1805 -3.5017 0
779 -3.5081 0
65 -3.5161 0
1759 -3.5217 0
1159 -3.5284 0
1479 -3.5319 0
377 -3.5343 0
569 -3.5354 0
1593 -3.5398 0
1220 -3.5454 0
1938 -3.5461 0
125 -3.5465 0
446 -3.5509 0
1403 -3.5604 0
1157 -3.5652 0
412 -3.5674 0
1594 -3.5704 0
1733 -3.5850 0
1355 -3.5945 0
1890 -3.5991 0
121 -3.6179 0
1810 -3.6260 0
70 -3.6327 0
1074 -3.6345 0
1525 -3.6350 0
1828 -3.6384 0
1353 -3.6522 0
1456 -3.6553 0
560 -3.6626 0
31 -3.6707 0
704 -3.6740 0
365 -3.6775 0
1724 -3.6812 0
920 -3.6825 0
939 -3.6829 0
1510 -3.6852 0
1164 -3.6897 0
924 -3.6905 0
1842 -3.6961 0
921 -3.6965 0
1451 -3.7115 0
394 -3.7123 0
1110 -3.7275 0
1584 -3.7289 0
1531 -3.7457 0
648 -3.7547 0
563 -3.7614 0
392 -3.7651 0
1840 -3.7704 0
1535 -3.7744 0
1570 -3.7744 0
1580 -3.7750 0
69 -3.7805 0
739 -3.7883 0
901 -3.7898 0
1861 -3.8042 0
1514 -3.8049 0
1620 -3.8175 0
171 -3.8225 0
1825 -3.8319 0
1563 -3.8375 0
209 -3.8543 0
89 -3.8675 0
246 -3.9049 0
1852 -3.9129 0
1864 -3.9224 0
747 -3.9302 0
1896 -3.9338 0
411 -3.9437 0
96 -3.9473 0
1894 -3.9495 0
1490 -3.9592 0
1530 -3.9766 0
1599 -3.9912 0
552 -4.0052 0
9 -4.0139 0
715 -4.0187 0
1268 -4.0207 0
1512 -4.0263 0
1816 -4.0290 0
1573 -4.0383 0
1872 -4.0422 0
405 -4.0493 0
1891 -4.0912 0
402 -4.0927 0
396 -4.0934 0
239 -4.1103 0
34 -4.1218 0
418 -4.1312 0
717 -4.1326 0
596 -4.1344 0
1492 -4.1685 0
1487 -4.1930 0
585 -4.2050 0
62 -4.2068 0
1859 -4.2124 0
1196 -4.2182 0
941 -4.2519 0
81 -4.2719 0
1063 -4.2777 0
429 -4.2996 0
591 -4.3075 0
1889 -4.3125 0
1160 -4.3151 0
645 -4.3282 0
933 -4.3547 0
1855 -4.3586 0
1831 -4.3640 0
1571 -4.3968 0
1808 -4.4539 0
1216 -4.4641 0
1826 -4.4765 0
8 -4.4775 0
571 -4.5225 0
1533 -4.5390 0
980 -4.5432 0
427 -4.5436 0
440 -4.5704 0
711 -4.6517 0
1566 -4.6604 0
1793 -4.6977 0
936 -4.7305 0
1806 -4.7563 0
1830 -4.7811 0
419 -4.8028 0
400 -4.8882 0
1838 -4.9043 0
1832 -4.9094 0
1815 -4.9131 0
1849 -4.9234 0
1850 -4.9714 0
407 -4.9764 0
1801 -4.9767 0
949 -4.9838 0
1803 -5.0379 0
442 -5.0608 0
1812 -5.0632 0
445 -5.0971 0
1758 -5.1549 0
1833 -5.1748 0
1820 -5.1761 0
1834 -5.2649 0
940 -5.2923 0
1885 -5.3299 0
417 -5.4893 0
354 -5.5563 0
1829 -5.5629 0
848 -5.5677 0
1802 -5.6003 0
226 -5.6382 0
1811 -5.6966 0
447 -5.6971 0
420 -5.7038 0
1752 -5.7466 0
1844 -5.8504 0
66 -5.8783 0
1848 -5.9439 0
1843 -6.0979 0
810 -6.1975 0
436 -6.1986 0
401 -6.2687 0
1817 -6.4539 0
434 -6.5554 0
821 -6.5851 0
1814 -6.6138 0
1895 -6.6185 0
1897 -6.7048 0
404 -7.0610 0
448 -7.1035 0
413 -7.1792 0
439 -7.2570 0
409 -7.5559 0
