396 22.5396 1
361 21.7730 1
351 21.6786 1
364 20.5325 1
382 20.4394 1
356 20.4076 1
394 20.2997 1
353 19.1231 1
357 18.5845 1
350 18.4789 1
384 18.3811 1
377 18.2861 1
376 18.1151 1
352 17.0037 1
354 16.4814 1
392 16.1946 1
359 15.9298 1
389 15.4694 1
355 15.4525 1
365 15.2379 1
395 14.6379 1
386 14.1015 1
372 14.0470 1
363 13.8287 1
366 13.1721 1
399 12.9048 1
390 12.5764 1
381 12.4795 1
978 12.3084 0
370 12.0449 1
358 11.8446 1
367 11.6842 1
398 11.5353 1
397 11.4311 1
393 11.4060 1
368 11.3748 1
1668 11.3248 0
1253 11.2748 0
383 11.2180 1
373 11.0074 1
388 10.9030 1
981 10.8835 0
697 10.6719 0
379 10.6478 1
391 10.6157 1
959 10.5409 0
1252 10.4982 0
1664 10.4827 0
385 10.4225 1
1337 10.2963 0
486 10.0637 0
999 9.8853 0
375 9.6935 1
973 9.4139 0
1035 9.2002 0
1554 9.1968 0
991 9.1025 0
387 9.0034 1
380 8.7556 1
982 8.6827 0
1016 8.5836 0
369 8.3736 1
992 8.0714 0
362 7.8948 1
960 7.8332 0
980 7.7892 0
925 7.7715 0
1783 7.7161 0
997 7.6877 0
732 7.6155 0
1265 7.6005 0
1050 7.5970 0
1036 7.4924 0
1013 7.4026 0
1271 7.3968 0
969 7.3759 0
467 7.3744 0
1569 7.2573 0
1588 7.2016 0
971 7.1726 0
983 7.1717 0
864 6.9933 0
371 6.9283 1
993 6.8712 0
1061 6.8708 0
733 6.8039 0
1257 6.6799 0
1272 6.6730 0
950 6.6519 0
1296 6.6320 0
1295 6.6054 0
1672 6.4486 0
471 6.4359 0
972 6.4247 0
322 6.4242 0
966 6.3112 0
1285 6.3010 0
1014 6.2444 0
1250 6.2184 0
1023 6.2178 0
1085 6.2119 0
1259 6.1605 0
308 6.1432 0
1297 6.0997 0
975 6.0557 0
976 5.9804 0
1089 5.9714 0
1099 5.9655 0
1004 5.9651 0
1291 5.9443 0
502 5.9292 0
998 5.8703 0
1258 5.8604 0
964 5.8261 0
751 5.7520 0
430 5.7204 0
887 5.6846 0
543 5.6704 0
1572 5.6692 0
1032 5.6647 0
988 5.6478 0
967 5.6471 0
968 5.6398 0
1691 5.6116 0
549 5.5760 0
1255 5.5144 0
378 5.5118 1
970 5.4441 0
374 5.3190 1
1669 5.3110 0
979 5.2953 0
965 5.2936 0
1279 5.2819 0
1251 5.2112 0
989 5.1957 0
1422 5.1667 0
1074 5.1648 0
996 5.1402 0
539 5.1231 0
1674 5.1210 0
746 5.1125 0
1375 5.0807 0
1046 5.0686 0
1687 5.0603 0
1559 5.0274 0
1091 5.0153 0
457 5.0056 0
472 4.9506 0
1005 4.9448 0
1395 4.8965 0
1039 4.8326 0
1071 4.8137 0
657 4.7703 0
1017 4.7678 0
974 4.7585 0
900 4.7248 0
995 4.7173 0
1064 4.7102 0
332 4.6945 0
1599 4.6861 0
1578 4.6781 0
752 4.6646 0
1694 4.6368 0
1573 4.5875 0
1254 4.5821 0
1008 4.5710 0
1476 4.5641 0
483 4.5636 0
1467 4.5628 0
695 4.5615 0
1267 4.5530 0
340 4.5472 0
514 4.5420 0
676 4.5395 0
477 4.5205 0
1049 4.5132 0
659 4.4211 0
784 4.4042 0
1677 4.4022 0
1007 4.3972 0
1374 4.3963 0
1098 4.3791 0
1591 4.3508 0
1026 4.3504 0
574 4.3382 0
1299 4.3348 0
758 4.3337 0
469 4.3303 0
1079 4.3196 0
324 4.3051 0
1675 4.2874 0
1670 4.2221 0
854 4.2166 0
93 4.2162 0
1019 4.2121 0
754 4.2013 0
1261 4.1966 0
496 4.1861 0
1615 4.1579 0
1293 4.1562 0
1394 4.1060 0
1012 4.1037 0
1508 4.0941 0
1380 4.0810 0
1417 4.0800 0
521 4.0698 0
1147 4.0382 0
459 4.0328 0
858 4.0097 0
796 3.9936 0
1600 3.9869 0
1068 3.9730 0
1692 3.9675 0
1552 3.9658 0
1612 3.9634 0
1055 3.9541 0
767 3.9531 0
1354 3.9360 0
1576 3.9107 0
1277 3.9052 0
1313 3.9005 0
1362 3.8916 0
1072 3.8854 0
1092 3.8706 0
750 3.8690 0
1590 3.8666 0
1423 3.8639 0
302 3.8500 0
663 3.8398 0
962 3.8230 0
865 3.8175 0
422 3.7942 0
890 3.7926 0
1283 3.7917 0
1057 3.7819 0
955 3.7660 0
1660 3.7621 0
456 3.7509 0
538 3.7278 0
461 3.7204 0
317 3.7190 0
1059 3.7171 0
717 3.6789 0
1490 3.6411 0
757 3.6305 0
1697 3.6248 0
1304 3.6207 0
579 3.6101 0
1317 3.6100 0
1273 3.5844 0
468 3.5697 0
1495 3.5462 0
1594 3.5455 0
994 3.5396 0
1535 3.5130 0
1084 3.5097 0
1586 3.5091 0
1673 3.5060 0
312 3.5024 0
1399 3.4890 0
1331 3.4878 0
1593 3.4876 0
1349 3.4577 0
958 3.4576 0
1439 3.4277 0
1650 3.4255 0
1292 3.4010 0
1589 3.3979 0
522 3.3786 0
1132 3.3777 0
1002 3.3661 0
489 3.3590 0
1369 3.3419 0
1667 3.3372 0
1076 3.3268 0
1750 3.2927 0
1992 3.2899 0
1580 3.2883 0
1009 3.2817 0
1592 3.2741 0
1289 3.2729 0
1412 3.2568 0
40 3.2395 0
1069 3.2272 0
1636 3.2164 0
1270 3.1962 0
1489 3.1847 0
1062 3.1809 0
1577 3.1763 0
952 3.1646 0
1401 3.1580 0
1065 3.1518 0
1095 3.1444 0
1698 3.1132 0
507 3.1038 0
1685 3.0949 0
781 3.0759 0
868 3.0681 0
730 3.0515 0
742 3.0373 0
1338 3.0244 0
783 3.0167 0
1040 3.0167 0
1385 3.0047 0
1275 3.0029 0
1264 2.9990 0
478 2.9872 0
1528 2.9832 0
1427 2.9796 0
1403 2.9715 0
772 2.9305 0
1689 2.9173 0
1789 2.9138 0
1555 2.9095 0
1470 2.9055 0
1344 2.9007 0
45 2.8846 0
1684 2.8820 0
985 2.8800 0
1080 2.8521 0
1460 2.8500 0
650 2.8457 0
660 2.8347 0
743 2.8280 0
476 2.8173 0
1194 2.8007 0
1473 2.8003 0
1081 2.7948 0
787 2.7616 0
1683 2.7559 0
852 2.7453 0
1348 2.7354 0
1655 2.7231 0
498 2.7179 0
490 2.7150 0
1579 2.6828 0
1635 2.6756 0
1676 2.6746 0
281 2.6698 0
1274 2.6668 0
451 2.6526 0
1402 2.6440 0
1634 2.6435 0
336 2.6270 0
766 2.6251 0
1477 2.6161 0
895 2.6049 0
492 2.6042 0
1568 2.6006 0
875 2.5981 0
846 2.5901 0
1298 2.5791 0
1073 2.5750 0
1105 2.5690 0
1127 2.5682 0
1075 2.5661 0
1325 2.5620 0
1666 2.5381 0
1497 2.5370 0
1373 2.5318 0
589 2.5290 0
1466 2.5199 0
1492 2.5076 0
665 2.5058 0
1093 2.5051 0
341 2.4985 0
565 2.4837 0
1566 2.4814 0
1306 2.4714 0
1613 2.4676 0
953 2.4667 0
1083 2.4633 0
1570 2.4602 0
1550 2.4554 0
1343 2.4526 0
1148 2.4508 0
1263 2.4412 0
1334 2.4408 0
1647 2.4400 0
553 2.4180 0
874 2.4049 0
1256 2.3958 0
1088 2.3778 0
329 2.3711 0
466 2.3637 0
458 2.3580 0
1350 2.3567 0
853 2.3488 0
315 2.3423 0
876 2.3304 0
1346 2.3288 0
1382 2.3215 0
449 2.3160 0
867 2.3127 0
888 2.3059 0
944 2.3025 0
463 2.2948 0
1327 2.2883 0
263 2.2827 0
1015 2.2796 0
1601 2.2614 0
1290 2.2578 0
1347 2.2503 0
675 2.2491 0
1665 2.2459 0
1360 2.2456 0
987 2.2413 0
795 2.2198 0
773 2.2050 0
499 2.2037 0
1587 2.2025 0
712 2.1974 0
1294 2.1698 0
1651 2.1677 0
916 2.1626 0
1119 2.1625 0
318 2.1599 0
1553 2.1564 0
607 2.1532 0
584 2.1452 0
1094 2.1426 0
1038 2.1354 0
1483 2.1177 0
1793 2.1170 0
1493 2.1041 0
1760 2.1011 0
1333 2.0977 0
1149 2.0901 0
485 2.0880 0
1097 2.0773 0
961 2.0647 0
1658 2.0644 0
1377 2.0501 0
658 2.0334 0
1066 2.0131 0
689 2.0096 0
547 2.0071 0
1693 2.0050 0
673 1.9997 0
1639 1.9984 0
694 1.9966 0
1288 1.9908 0
1770 1.9787 0
1353 1.9777 0
1011 1.9554 0
1463 1.9435 0
1370 1.9371 0
1391 1.9279 0
1617 1.9225 0
1780 1.9213 0
348 1.9116 0
1614 1.9089 0
193 1.9082 0
1575 1.9070 0
1266 1.8964 0
797 1.8945 0
1452 1.8886 0
1319 1.8832 0
509 1.8795 0
1776 1.8716 0
1782 1.8701 0
1603 1.8600 0
1595 1.8578 0
855 1.8395 0
1415 1.8358 0
1361 1.8341 0
898 1.8313 0
1563 1.8280 0
881 1.8195 0
1067 1.8175 0
1448 1.8125 0
1262 1.8119 0
1087 1.7888 0
880 1.7886 0
534 1.7872 0
1690 1.7811 0
1047 1.7806 0
1409 1.7759 0
851 1.7667 0
790 1.7609 0
1390 1.7500 0
328 1.7421 0
1136 1.7128 0
540 1.7043 0
1574 1.7033 0
652 1.6978 0
723 1.6742 0
1137 1.6708 0
707 1.6704 0
581 1.6701 0
1078 1.6695 0
531 1.6643 0
460 1.6623 0
731 1.6377 0
1332 1.6311 0
497 1.6144 0
1410 1.6056 0
526 1.6010 0
491 1.5968 0
1671 1.5938 0
1316 1.5866 0
570 1.5845 0
301 1.5705 0
1792 1.5692 0
662 1.5570 0
474 1.5467 0
360 1.5322 1
343 1.5309 0
725 1.5287 0
602 1.5238 0
1481 1.5159 0
708 1.4966 0
1389 1.4939 0
1115 1.4915 0
344 1.4912 0
779 1.4852 0
1320 1.4792 0
1268 1.4787 0
1795 1.4781 0
1366 1.4780 0
1326 1.4752 0
1113 1.4546 0
314 1.4490 0
1499 1.4465 0
1329 1.4456 0
1260 1.4379 0
1500 1.4366 0
759 1.4350 0
879 1.4203 0
1583 1.4194 0
655 1.4179 0
1818 1.4148 0
1030 1.4138 0
1051 1.4131 0
1465 1.4034 0
572 1.4030 0
1269 1.4013 0
1797 1.4002 0
1582 1.3964 0
1584 1.3906 0
1496 1.3897 0
793 1.3867 0
73 1.3831 0
1551 1.3734 0
1596 1.3726 0
866 1.3586 0
1547 1.3524 0
1122 1.3496 0
1487 1.3475 0
555 1.3433 0
957 1.3425 0
1485 1.3289 0
1218 1.3170 0
311 1.3162 0
1425 1.3116 0
904 1.3038 0
1359 1.2986 0
736 1.2930 0
1456 1.2915 0
1400 1.2809 0
963 1.2780 0
475 1.2779 0
1772 1.2668 0
1357 1.2665 0
651 1.2551 0
782 1.2525 0
1858 1.2514 0
327 1.2508 0
1287 1.2485 0
776 1.2473 0
1163 1.2452 0
639 1.2416 0
1100 1.2382 0
1367 1.2344 0
1034 1.2264 0
1549 1.2252 0
678 1.2188 0
1781 1.2124 0
769 1.2082 0
1048 1.2042 0
674 1.1888 0
1378 1.1866 0
464 1.1758 0
1003 1.1757 0
1311 1.1749 0
1643 1.1701 0
1363 1.1674 0
1405 1.1503 0
701 1.1346 0
1695 1.1344 0
1678 1.1294 0
1472 1.1181 0
560 1.0978 0
786 1.0966 0
1128 1.0965 0
1546 1.0947 0
1125 1.0925 0
1682 1.0886 0
1952 1.0807 0
1620 1.0794 0
720 1.0776 0
687 1.0697 0
891 1.0675 0
1398 1.0658 0
954 1.0632 0
672 1.0630 0
1006 1.0555 0
1434 1.0409 0
1455 1.0396 0
1558 1.0395 0
1118 1.0393 0
1567 1.0354 0
1033 1.0343 0
1020 1.0255 0
713 1.0210 0
1209 1.0190 0
777 1.0172 0
680 1.0135 0
1161 1.0129 0
1028 1.0092 0
873 1.0078 0
770 0.9994 0
1318 0.9943 0
656 0.9900 0
984 0.9873 0
768 0.9824 0
1305 0.9774 0
883 0.9756 0
1919 0.9685 0
1195 0.9598 0
1661 0.9548 0
1633 0.9432 0
487 0.9416 0
0 0.9404 0
677 0.9351 0
1520 0.9350 0
201 0.9255 0
593 0.9214 0
771 0.9196 0
578 0.9157 0
1225 0.9114 0
345 0.9035 0
1479 0.8916 0
915 0.8857 0
1451 0.8849 0
1381 0.8801 0
668 0.8794 0
1933 0.8770 0
48 0.8668 0
1243 0.8647 0
774 0.8587 0
1300 0.8569 0
29 0.8561 0
455 0.8474 0
1506 0.8454 0
667 0.8412 0
1053 0.8397 0
840 0.8375 0
1480 0.8365 0
1478 0.8360 0
1368 0.8359 0
1598 0.8354 0
654 0.8284 0
791 0.8276 0
1406 0.8250 0
1037 0.8184 0
1688 0.8085 0
334 0.8069 0
1358 0.8015 0
1556 0.7974 0
749 0.7874 0
1280 0.7827 0
1407 0.7730 0
1486 0.7716 0
924 0.7608 0
1086 0.7578 0
899 0.7348 0
1364 0.7278 0
1241 0.7234 0
15 0.7232 0
9 0.7182 0
304 0.7170 0
878 0.7090 0
518 0.7070 0
808 0.7025 0
1681 0.7021 0
684 0.7017 0
756 0.6973 0
1790 0.6920 0
893 0.6810 0
558 0.6809 0
1602 0.6750 0
1041 0.6739 0
877 0.6720 0
1538 0.6718 0
690 0.6655 0
586 0.6640 0
1494 0.6603 0
688 0.6580 0
664 0.6561 0
529 0.6498 0
1027 0.6478 0
892 0.6472 0
861 0.6467 0
1404 0.6398 0
815 0.6383 0
1216 0.6340 0
272 0.6308 0
914 0.6263 0
321 0.6153 0
1652 0.6098 0
1627 0.5897 0
1419 0.5860 0
753 0.5827 0
226 0.5822 0
527 0.5690 0
1010 0.5582 0
826 0.5537 0
1659 0.5512 0
1112 0.5486 0
1754 0.5424 0
1909 0.5356 0
897 0.5342 0
1228 0.5297 0
1282 0.5284 0
1541 0.5262 0
100 0.5258 0
1882 0.5210 0
293 0.5205 0
1771 0.5170 0
1365 0.5125 0
1862 0.5111 0
832 0.5008 0
709 0.4948 0
842 0.4945 0
1796 0.4940 0
737 0.4894 0
802 0.4845 0
1638 0.4842 0
325 0.4812 0
541 0.4774 0
1526 0.4721 0
1679 0.4637 0
1077 0.4597 0
1654 0.4588 0
1571 0.4527 0
872 0.4431 0
462 0.4363 0
515 0.4164 0
1134 0.4137 0
1511 0.4118 0
1341 0.4111 0
1474 0.4098 0
316 0.4082 0
295 0.4063 0
1227 0.3971 0
1628 0.3890 0
1371 0.3884 0
1900 0.3756 0
1861 0.3753 0
511 0.3629 0
221 0.3568 0
1237 0.3500 0
1193 0.3474 0
1126 0.3429 0
87 0.3410 0
1624 0.3370 0
1680 0.3370 0
894 0.3366 0
762 0.3323 0
1468 0.3174 0
799 0.3151 0
1281 0.3108 0
977 0.3095 0
420 0.3017 0
671 0.2997 0
591 0.2992 0
1090 0.2977 0
1284 0.2924 0
1324 0.2895 0
533 0.2871 0
347 0.2805 0
1560 0.2762 0
1328 0.2760 0
309 0.2736 0
202 0.2727 0
1457 0.2712 0
349 0.2665 0
1443 0.2655 0
1444 0.2348 0
1096 0.2346 0
484 0.2332 0
1121 0.2266 0
495 0.2153 0
859 0.2109 0
1607 0.2068 0
1187 0.2051 0
1544 0.1931 0
700 0.1923 0
666 0.1921 0
1778 0.1918 0
421 0.1865 0
481 0.1865 0
1432 0.1765 0
240 0.1728 0
1392 0.1643 0
1699 0.1427 0
1653 0.1378 0
699 0.1301 0
291 0.1223 0
909 0.1217 0
153 0.1152 0
1303 0.0979 0
575 0.0960 0
1774 0.0915 0
342 0.0888 0
1561 0.0743 0
1120 0.0735 0
1537 0.0727 0
1435 0.0587 0
1597 0.0551 0
1388 0.0474 0
1386 0.0457 0
1063 0.0451 0
94 0.0450 0
863 0.0190 0
242 0.0170 0
1387 0.0153 0
814 0.0140 0
705 0.0122 0
437 0.0113 0
1761 0.0102 0
330 0.0078 0
844 0.0061 0
718 0.0053 0
1411 0.0051 0
1102 -0.0025 0
1482 -0.0068 0
1222 -0.0134 0
473 -0.0195 0
1787 -0.0206 0
1352 -0.0206 0
249 -0.0253 0
938 -0.0327 0
721 -0.0338 0
1191 -0.0393 0
99 -0.0442 0
1527 -0.0447 0
1656 -0.0491 0
856 -0.0554 0
520 -0.0578 0
1124 -0.0605 0
1138 -0.0695 0
745 -0.0718 0
1140 -0.0722 0
761 -0.0832 0
1335 -0.0858 0
633 -0.0905 0
1619 -0.0941 0
1060 -0.0947 0
1941 -0.1035 0
685 -0.1062 0
1045 -0.1172 0
1791 -0.1261 0
1562 -0.1288 0
1383 -0.1348 0
1166 -0.1376 0
550 -0.1388 0
1616 -0.1441 0
1608 -0.1446 0
1018 -0.1549 0
848 -0.1667 0
1794 -0.1679 0
568 -0.1686 0
1310 -0.1694 0
500 -0.1715 0
1042 -0.1730 0
65 -0.1788 0
755 -0.1824 0
889 -0.1847 0
724 -0.1862 0
1376 -0.1964 0
886 -0.1968 0
270 -0.2030 0
323 -0.2071 0
1505 -0.2073 0
138 -0.2128 0
1523 -0.2205 0
259 -0.2231 0
510 -0.2267 0
204 -0.2274 0
681 -0.2346 0
319 -0.2386 0
426 -0.2394 0
1543 -0.2406 0
303 -0.2428 0
765 -0.2431 0
1114 -0.2454 0
1416 -0.2490 0
573 -0.2493 0
594 -0.2494 0
1414 -0.2548 0
778 -0.2589 0
822 -0.2613 0
1323 -0.2657 0
200 -0.2706 0
1464 -0.2715 0
1024 -0.2720 0
1498 -0.2734 0
1180 -0.2756 0
43 -0.2827 0
1106 -0.2862 0
567 -0.2927 0
956 -0.2943 0
1471 -0.2948 0
1767 -0.2973 0
403 -0.3069 0
870 -0.3087 0
1226 -0.3198 0
247 -0.3216 0
1645 -0.3223 0
1450 -0.3266 0
1873 -0.3295 0
1622 -0.3333 0
1413 -0.3443 0
561 -0.3697 0
785 -0.3749 0
1384 -0.3760 0
696 -0.3777 0
346 -0.3878 0
1657 -0.4064 0
1545 -0.4093 0
1649 -0.4107 0
1214 -0.4112 0
562 -0.4115 0
1453 -0.4186 0
1144 -0.4202 0
1445 -0.4210 0
305 -0.4295 0
530 -0.4298 0
841 -0.4358 0
299 -0.4425 0
1762 -0.4586 0
1146 -0.4594 0
1207 -0.4636 0
1286 -0.4644 0
253 -0.4655 0
1886 -0.4666 0
269 -0.4773 0
248 -0.4784 0
847 -0.4952 0
942 -0.4973 0
1200 -0.4990 0
789 -0.5057 0
1314 -0.5101 0
592 -0.5110 0
1777 -0.5141 0
24 -0.5147 0
1775 -0.5163 0
1437 -0.5210 0
44 -0.5217 0
1379 -0.5300 0
454 -0.5367 0
537 -0.5422 0
222 -0.5443 0
951 -0.5446 0
1879 -0.5447 0
1484 -0.5483 0
1058 -0.5511 0
480 -0.5528 0
465 -0.5533 0
436 -0.5568 0
1441 -0.5627 0
1201 -0.5685 0
1539 -0.5688 0
275 -0.5698 0
287 -0.5726 0
764 -0.5750 0
1276 -0.5756 0
661 -0.5813 0
214 -0.5840 0
760 -0.5855 0
406 -0.5859 0
548 -0.5872 0
1056 -0.5878 0
1606 -0.5898 0
1609 -0.5949 0
1521 -0.5995 0
1529 -0.6011 0
809 -0.6040 0
1899 -0.6123 0
604 -0.6137 0
728 -0.6176 0
564 -0.6218 0
710 -0.6268 0
435 -0.6451 0
103 -0.6497 0
780 -0.6497 0
1632 -0.6586 0
333 -0.6621 0
1857 -0.6655 0
1197 -0.6710 0
1984 -0.6762 0
1804 -0.6772 0
1605 -0.6808 0
850 -0.6850 0
217 -0.7021 0
1696 -0.7034 0
711 -0.7046 0
1428 -0.7144 0
1321 -0.7193 0
277 -0.7208 0
525 -0.7286 0
693 -0.7307 0
860 -0.7358 0
1174 -0.7388 0
559 -0.7414 0
1351 -0.7443 0
622 -0.7443 0
703 -0.7456 0
1 -0.7493 0
23 -0.7541 0
255 -0.7542 0
488 -0.7554 0
66 -0.7575 0
545 -0.7649 0
930 -0.7703 0
1953 -0.7742 0
231 -0.7751 0
203 -0.7765 0
1765 -0.7765 0
434 -0.7829 0
1516 -0.7947 0
300 -0.7966 0
265 -0.8002 0
1779 -0.8023 0
245 -0.8029 0
30 -0.8049 0
1826 -0.8112 0
1449 -0.8118 0
1440 -0.8150 0
1244 -0.8250 0
1819 -0.8263 0
1626 -0.8342 0
1208 -0.8459 0
1230 -0.8544 0
310 -0.8546 0
1249 -0.8652 0
1176 -0.8664 0
1522 -0.8665 0
335 -0.8668 0
849 -0.8676 0
682 -0.8714 0
882 -0.8767 0
580 -0.8778 0
1895 -0.8779 0
1896 -0.8809 0
1309 -0.8822 0
1224 -0.8834 0
206 -0.8895 0
50 -0.8937 0
20 -0.9091 0
1339 -0.9113 0
288 -0.9170 0
1185 -0.9173 0
1052 -0.9174 0
1179 -0.9209 0
320 -0.9218 0
1629 -0.9267 0
670 -0.9318 0
208 -0.9364 0
792 -0.9411 0
612 -0.9416 0
588 -0.9418 0
653 -0.9470 0
337 -0.9471 0
75 -0.9473 0
1530 -0.9506 0
1908 -0.9585 0
513 -0.9616 0
1837 -0.9631 0
1154 -0.9701 0
1488 -0.9705 0
1107 -0.9767 0
1278 -0.9798 0
1211 -0.9800 0
986 -0.9888 0
556 -0.9907 0
698 -0.9944 0
1644 -0.9947 0
191 -0.9974 0
225 -1.0018 0
1519 -1.0026 0
1604 -1.0101 0
937 -1.0105 0
1565 -1.0106 0
1308 -1.0148 0
1646 -1.0153 0
53 -1.0160 0
1768 -1.0193 0
494 -1.0207 0
1396 -1.0233 0
172 -1.0306 0
512 -1.0359 0
744 -1.0467 0
1510 -1.0518 0
1301 -1.0593 0
1418 -1.0650 0
46 -1.0668 0
282 -1.0729 0
274 -1.0786 0
339 -1.0842 0
41 -1.0844 0
1769 -1.0858 0
156 -1.0891 0
1825 -1.0894 0
1393 -1.0931 0
21 -1.0933 0
554 -1.0942 0
2 -1.0998 0
896 -1.1024 0
1345 -1.1031 0
763 -1.1106 0
1123 -1.1110 0
414 -1.1130 0
523 -1.1189 0
636 -1.1190 0
1836 -1.1195 0
1533 -1.1232 0
1054 -1.1234 0
1536 -1.1339 0
431 -1.1351 0
1853 -1.1487 0
423 -1.1503 0
219 -1.1506 0
517 -1.1538 0
1841 -1.1546 0
857 -1.1562 0
1355 -1.1642 0
1446 -1.1674 0
714 -1.1678 0
686 -1.1682 0
615 -1.1705 0
505 -1.1740 0
1206 -1.1748 0
26 -1.1752 0
794 -1.1790 0
807 -1.1797 0
1135 -1.1804 0
1758 -1.1815 0
37 -1.1871 0
542 -1.1947 0
691 -1.1952 0
298 -1.1977 0
244 -1.1981 0
1044 -1.1986 0
83 -1.1998 0
775 -1.2006 0
424 -1.2085 0
596 -1.2136 0
1330 -1.2190 0
569 -1.2202 0
722 -1.2275 0
243 -1.2337 0
1524 -1.2419 0
739 -1.2441 0
432 -1.2456 0
1509 -1.2460 0
1240 -1.2469 0
1025 -1.2481 0
626 -1.2536 0
428 -1.2567 0
621 -1.2597 0
79 -1.2611 0
112 -1.2778 0
234 -1.2781 0
801 -1.2787 0
1475 -1.2897 0
990 -1.2915 0
174 -1.2977 0
427 -1.2984 0
446 -1.3018 0
56 -1.3289 0
1182 -1.3317 0
702 -1.3317 0
601 -1.3334 0
1503 -1.3491 0
1835 -1.3506 0
33 -1.3584 0
89 -1.3617 0
587 -1.3845 0
196 -1.3871 0
1340 -1.3891 0
1116 -1.3905 0
1967 -1.3912 0
1397 -1.3952 0
1043 -1.4111 0
1235 -1.4115 0
1799 -1.4117 0
1903 -1.4140 0
256 -1.4140 0
788 -1.4186 0
166 -1.4192 0
595 -1.4213 0
811 -1.4236 0
1117 -1.4351 0
482 -1.4383 0
1242 -1.4406 0
1937 -1.4416 0
136 -1.4453 0
106 -1.4509 0
1925 -1.4530 0
613 -1.4533 0
1860 -1.4605 0
1813 -1.4624 0
503 -1.4648 0
1753 -1.4678 0
1302 -1.4691 0
1108 -1.4699 0
798 -1.4739 0
571 -1.4795 0
445 -1.4805 0
508 -1.4848 0
719 -1.4857 0
1662 -1.4906 0
1232 -1.4910 0
642 -1.4954 0
524 -1.4993 0
1878 -1.4998 0
1192 -1.5001 0
250 -1.5039 0
429 -1.5041 0
64 -1.5048 0
748 -1.5049 0
1905 -1.5086 0
149 -1.5087 0
1156 -1.5127 0
12 -1.5180 0
536 -1.5186 0
1849 -1.5263 0
735 -1.5319 0
929 -1.5497 0
1869 -1.5514 0
410 -1.5546 0
1372 -1.5584 0
169 -1.5598 0
326 -1.5657 0
167 -1.5747 0
1810 -1.5800 0
576 -1.5805 0
1585 -1.5892 0
934 -1.5906 0
68 -1.5920 0
1220 -1.5966 0
1564 -1.5988 0
209 -1.6030 0
1557 -1.6050 0
740 -1.6159 0
692 -1.6314 0
1133 -1.6323 0
1172 -1.6372 0
823 -1.6409 0
741 -1.6418 0
260 -1.6419 0
151 -1.6461 0
85 -1.6583 0
617 -1.6606 0
1611 -1.6653 0
501 -1.6684 0
1491 -1.6717 0
1740 -1.6779 0
1173 -1.6818 0
1247 -1.6822 0
1001 -1.6822 0
1170 -1.6823 0
1436 -1.6835 0
1930 -1.6848 0
1785 -1.6878 0
453 -1.6959 0
834 -1.7029 0
1442 -1.7080 0
213 -1.7084 0
1029 -1.7137 0
1109 -1.7199 0
212 -1.7212 0
1663 -1.7250 0
55 -1.7289 0
313 -1.7301 0
1129 -1.7303 0
884 -1.7312 0
184 -1.7316 0
416 -1.7340 0
1462 -1.7343 0
630 -1.7428 0
816 -1.7436 0
1872 -1.7500 0
913 -1.7514 0
932 -1.7546 0
1752 -1.7597 0
546 -1.7742 0
251 -1.7834 0
669 -1.7866 0
1145 -1.7866 0
1623 -1.7867 0
1111 -1.7872 0
1525 -1.7880 0
400 -1.7926 0
146 -1.8016 0
25 -1.8036 0
800 -1.8107 0
1581 -1.8179 0
1814 -1.8201 0
228 -1.8245 0
306 -1.8247 0
1942 -1.8250 0
1507 -1.8337 0
1431 -1.8339 0
862 -1.8360 0
885 -1.8475 0
1433 -1.8486 0
283 -1.8516 0
1248 -1.8517 0
1745 -1.8517 0
1642 -1.8555 0
1995 -1.8618 0
188 -1.8623 0
747 -1.8644 0
1315 -1.8650 0
544 -1.8680 0
838 -1.8686 0
210 -1.8695 0
1459 -1.8712 0
161 -1.8721 0
452 -1.8818 0
943 -1.8824 0
1458 -1.8940 0
404 -1.8962 0
577 -1.9016 0
1721 -1.9047 0
1892 -1.9059 0
123 -1.9067 0
1031 -1.9115 0
1757 -1.9132 0
97 -1.9190 0
1184 -1.9219 0
77 -1.9272 0
125 -1.9291 0
679 -1.9315 0
1974 -1.9334 0
645 -1.9350 0
631 -1.9387 0
871 -1.9433 0
1764 -1.9487 0
168 -1.9514 0
1164 -1.9623 0
67 -1.9633 0
1469 -1.9726 0
109 -1.9787 0
623 -1.9888 0
59 -1.9926 0
1610 -1.9980 0
1756 -2.0015 0
1447 -2.0056 0
1219 -2.0184 0
1504 -2.0235 0
425 -2.0238 0
143 -2.0250 0
1548 -2.0289 0
331 -2.0307 0
447 -2.0336 0
1648 -2.0364 0
1763 -2.0374 0
1186 -2.0408 0
1210 -2.0476 0
215 -2.0497 0
235 -2.0549 0
237 -2.0565 0
1421 -2.0597 0
157 -2.0708 0
644 -2.0774 0
1637 -2.0776 0
195 -2.0780 0
599 -2.0792 0
1811 -2.0825 0
839 -2.0885 0
618 -2.0894 0
1101 -2.0931 0
411 -2.1036 0
110 -2.1042 0
1514 -2.1056 0
415 -2.1085 0
1139 -2.1121 0
150 -2.1131 0
1155 -2.1203 0
140 -2.1258 0
833 -2.1291 0
297 -2.1340 0
1238 -2.1368 0
1408 -2.1370 0
1834 -2.1404 0
1803 -2.1426 0
258 -2.1465 0
582 -2.1556 0
1821 -2.1605 0
1110 -2.1645 0
1722 -2.1670 0
78 -2.1714 0
1968 -2.1755 0
185 -2.1788 0
1870 -2.1852 0
285 -2.1907 0
31 -2.1931 0
252 -2.1937 0
180 -2.1941 0
1938 -2.1967 0
1883 -2.1999 0
1726 -2.2040 0
818 -2.2060 0
90 -2.2140 0
218 -2.2157 0
812 -2.2164 0
1630 -2.2317 0
155 -2.2364 0
1798 -2.2446 0
603 -2.2516 0
1713 -2.2604 0
1989 -2.2610 0
921 -2.2776 0
1686 -2.2826 0
1824 -2.2829 0
1920 -2.2918 0
831 -2.3019 0
504 -2.3022 0
597 -2.3034 0
1190 -2.3097 0
35 -2.3130 0
16 -2.3153 0
1430 -2.3257 0
640 -2.3259 0
42 -2.3280 0
1070 -2.3315 0
1234 -2.3335 0
641 -2.3357 0
88 -2.3385 0
535 -2.3389 0
165 -2.3421 0
1981 -2.3434 0
519 -2.3435 0
448 -2.3449 0
1171 -2.3450 0
199 -2.3461 0
683 -2.3463 0
910 -2.3480 0
1141 -2.3494 0
1880 -2.3560 0
127 -2.3566 0
233 -2.3621 0
1336 -2.3669 0
1898 -2.3716 0
230 -2.3789 0
1307 -2.3806 0
835 -2.3816 0
1991 -2.3839 0
716 -2.3885 0
192 -2.3900 0
134 -2.3950 0
1759 -2.4005 0
14 -2.4006 0
1322 -2.4032 0
1461 -2.4079 0
1914 -2.4097 0
1854 -2.4100 0
470 -2.4105 0
220 -2.4208 0
307 -2.4218 0
1856 -2.4240 0
183 -2.4363 0
211 -2.4437 0
552 -2.4438 0
566 -2.4449 0
1935 -2.4465 0
1746 -2.4470 0
608 -2.4493 0
442 -2.4601 0
1104 -2.4606 0
1733 -2.4650 0
1153 -2.4729 0
1915 -2.4736 0
632 -2.4772 0
1513 -2.4829 0
1246 -2.4833 0
1957 -2.4884 0
479 -2.4884 0
643 -2.4940 0
931 -2.4956 0
34 -2.4979 0
813 -2.4984 0
246 -2.5017 0
1229 -2.5104 0
438 -2.5133 0
1131 -2.5144 0
159 -2.5180 0
1906 -2.5289 0
419 -2.5306 0
727 -2.5387 0
1716 -2.5485 0
1904 -2.5565 0
1784 -2.5585 0
84 -2.5609 0
1424 -2.5619 0
1704 -2.5700 0
1844 -2.5744 0
551 -2.5833 0
1420 -2.5840 0
232 -2.5924 0
619 -2.5952 0
820 -2.5999 0
76 -2.6009 0
1356 -2.6021 0
1625 -2.6052 0
1975 -2.6073 0
1103 -2.6165 0
1641 -2.6183 0
1902 -2.6209 0
405 -2.6229 0
1766 -2.6234 0
1202 -2.6237 0
128 -2.6289 0
52 -2.6294 0
1223 -2.6303 0
1236 -2.6304 0
726 -2.6335 0
1921 -2.6417 0
1710 -2.6437 0
729 -2.6457 0
734 -2.6489 0
290 -2.6523 0
409 -2.6546 0
27 -2.6630 0
131 -2.6631 0
1743 -2.6724 0
273 -2.6753 0
80 -2.6765 0
1867 -2.6803 0
1618 -2.6866 0
1827 -2.6954 0
279 -2.6978 0
1999 -2.7037 0
940 -2.7041 0
229 -2.7089 0
1705 -2.7177 0
1631 -2.7183 0
194 -2.7210 0
280 -2.7253 0
61 -2.7278 0
60 -2.7294 0
1719 -2.7336 0
7 -2.7352 0
1621 -2.7396 0
1165 -2.7428 0
824 -2.7563 0
19 -2.7575 0
1946 -2.7633 0
262 -2.7719 0
493 -2.7766 0
1245 -2.7770 0
130 -2.7779 0
843 -2.7782 0
1741 -2.7798 0
223 -2.7812 0
821 -2.7818 0
1501 -2.7914 0
830 -2.7976 0
945 -2.8041 0
224 -2.8189 0
238 -2.8194 0
1502 -2.8214 0
1731 -2.8232 0
17 -2.8251 0
917 -2.8325 0
1022 -2.8397 0
1707 -2.8411 0
810 -2.8467 0
598 -2.8518 0
528 -2.8545 0
625 -2.8563 0
1312 -2.8698 0
257 -2.8754 0
1993 -2.8776 0
923 -2.8931 0
1874 -2.8937 0
186 -2.9004 0
292 -2.9012 0
289 -2.9204 0
268 -2.9217 0
1215 -2.9220 0
147 -2.9262 0
1988 -2.9334 0
47 -2.9438 0
1715 -2.9515 0
1828 -2.9652 0
118 -2.9653 0
51 -2.9687 0
198 -2.9688 0
266 -2.9690 0
107 -2.9697 0
8 -2.9742 0
1751 -2.9777 0
86 -2.9793 0
1152 -2.9824 0
276 -2.9869 0
1021 -2.9879 0
1730 -2.9906 0
98 -2.9910 0
181 -3.0073 0
133 -3.0073 0
620 -3.0122 0
1840 -3.0151 0
254 -3.0188 0
920 -3.0230 0
271 -3.0251 0
1158 -3.0280 0
1518 -3.0335 0
407 -3.0363 0
1889 -3.0480 0
1517 -3.0567 0
1962 -3.0625 0
845 -3.0632 0
439 -3.0655 0
649 -3.0670 0
1786 -3.0703 0
1859 -3.0724 0
1542 -3.0784 0
1082 -3.0853 0
1910 -3.0883 0
1162 -3.0965 0
36 -3.0966 0
22 -3.1014 0
1956 -3.1021 0
1951 -3.1066 0
3 -3.1173 0
590 -3.1203 0
170 -3.1254 0
92 -3.1283 0
624 -3.1307 0
1852 -3.1323 0
1871 -3.1405 0
444 -3.1623 0
1830 -3.1628 0
1958 -3.1754 0
63 -3.1768 0
1737 -3.1892 0
158 -3.1905 0
1893 -3.2060 0
1888 -3.2102 0
18 -3.2124 0
152 -3.2175 0
1640 -3.2213 0
1143 -3.2240 0
1948 -3.2251 0
82 -3.2268 0
39 -3.2306 0
1994 -3.2390 0
1843 -3.2553 0
906 -3.2574 0
738 -3.2598 0
1805 -3.2699 0
1773 -3.2809 0
1979 -3.2834 0
1188 -3.2848 0
1829 -3.2900 0
1982 -3.2912 0
171 -3.2945 0
1177 -3.3013 0
71 -3.3057 0
13 -3.3236 0
1454 -3.3320 0
1703 -3.3326 0
91 -3.3332 0
1788 -3.3340 0
1907 -3.3356 0
1823 -3.3377 0
57 -3.3426 0
1816 -3.3439 0
1820 -3.3448 0
1865 -3.3505 0
1884 -3.3536 0
286 -3.3651 0
1866 -3.3694 0
1429 -3.3741 0
1142 -3.3772 0
1231 -3.3964 0
1204 -3.4117 0
148 -3.4158 0
450 -3.4187 0
1807 -3.4210 0
1515 -3.4291 0
912 -3.4361 0
1532 -3.4515 0
610 -3.4535 0
433 -3.4597 0
1949 -3.4597 0
1800 -3.4731 0
1426 -3.4737 0
637 -3.4749 0
1923 -3.4750 0
585 -3.4766 0
74 -3.4791 0
190 -3.4794 0
907 -3.4822 0
1971 -3.4867 0
629 -3.4871 0
1966 -3.4873 0
126 -3.5052 0
58 -3.5106 0
1531 -3.5160 0
828 -3.5302 0
532 -3.5386 0
606 -3.5417 0
806 -3.5526 0
1808 -3.5551 0
160 -3.5556 0
1839 -3.5575 0
1963 -3.5621 0
1881 -3.5647 0
829 -3.5653 0
11 -3.5655 0
1863 -3.5673 0
1150 -3.5744 0
1203 -3.5789 0
941 -3.5809 0
1178 -3.5840 0
141 -3.5980 0
1342 -3.5996 0
278 -3.6090 0
124 -3.6135 0
1512 -3.6185 0
187 -3.6218 0
111 -3.6252 0
54 -3.6333 0
1890 -3.6417 0
102 -3.6558 0
5 -3.6589 0
4 -3.6717 0
179 -3.6740 0
1812 -3.6754 0
264 -3.6906 0
178 -3.7020 0
948 -3.7069 0
1749 -3.7089 0
129 -3.7212 0
132 -3.7260 0
1980 -3.7286 0
803 -3.7315 0
1894 -3.7343 0
28 -3.7388 0
1868 -3.7417 0
1212 -3.7481 0
715 -3.7501 0
216 -3.7698 0
647 -3.7880 0
1842 -3.7933 0
105 -3.7980 0
905 -3.8143 0
137 -3.8264 0
1983 -3.8272 0
908 -3.8488 0
239 -3.8578 0
1175 -3.8593 0
1205 -3.8599 0
1727 -3.8654 0
1885 -3.8762 0
1987 -3.8890 0
1838 -3.8908 0
933 -3.8966 0
1198 -3.9019 0
819 -3.9224 0
1954 -3.9226 0
1736 -3.9310 0
928 -3.9431 0
1845 -3.9446 0
583 -3.9488 0
1217 -3.9579 0
837 -3.9640 0
1985 -3.9649 0
10 -3.9674 0
1233 -3.9810 0
119 -3.9851 0
1728 -3.9864 0
1876 -3.9990 0
1897 -3.9992 0
1976 -4.0024 0
294 -4.0035 0
175 -4.0108 0
261 -4.0267 0
139 -4.0331 0
947 -4.0463 0
177 -4.0580 0
949 -4.0589 0
600 -4.0636 0
557 -4.0706 0
1540 -4.0792 0
173 -4.0799 0
1833 -4.0929 0
1851 -4.1122 0
1998 -4.1128 0
1911 -4.1210 0
338 -4.1304 0
69 -4.1370 0
1936 -4.1435 0
236 -4.1453 0
1213 -4.1566 0
1717 -4.1572 0
706 -4.1607 0
1734 -4.1615 0
805 -4.1631 0
922 -4.1632 0
1151 -4.1636 0
95 -4.1661 0
441 -4.1860 0
516 -4.1860 0
911 -4.1979 0
1913 -4.1982 0
927 -4.2102 0
241 -4.2273 0
144 -4.2276 0
1815 -4.2369 0
627 -4.2456 0
1739 -4.2735 0
946 -4.2772 0
1755 -4.2790 0
1809 -4.2796 0
120 -4.2798 0
62 -4.2801 0
412 -4.2819 0
154 -4.2819 0
443 -4.2821 0
116 -4.2907 0
418 -4.2930 0
284 -4.3012 0
935 -4.3103 0
1997 -4.3291 0
176 -4.3309 0
1850 -4.3335 0
1960 -4.3455 0
1130 -4.3594 0
108 -4.3692 0
1891 -4.3827 0
227 -4.4026 0
408 -4.4032 0
1934 -4.4048 0
182 -4.4058 0
114 -4.4145 0
1970 -4.4309 0
926 -4.4349 0
869 -4.4483 0
563 -4.4552 0
1801 -4.4565 0
506 -4.4692 0
96 -4.4708 0
72 -4.4854 0
1912 -4.4943 0
1159 -4.4949 0
1932 -4.4951 0
70 -4.5500 0
1926 -4.5764 0
205 -4.5873 0
1822 -4.6128 0
1706 -4.6198 0
1848 -4.6261 0
1438 -4.6375 0
104 -4.6491 0
704 -4.6496 0
142 -4.6606 0
1986 -4.6681 0
827 -4.6707 0
1534 -4.6863 0
1977 -4.6946 0
1189 -4.7078 0
1875 -4.7094 0
1709 -4.7122 0
440 -4.7191 0
1965 -4.7328 0
1221 -4.7400 0
1802 -4.7500 0
1806 -4.7584 0
614 -4.7625 0
267 -4.7650 0
296 -4.7769 0
101 -4.7870 0
1183 -4.7903 0
207 -4.7993 0
49 -4.8024 0
1714 -4.8027 0
1729 -4.8197 0
32 -4.8201 0
609 -4.8252 0
1748 -4.8390 0
1718 -4.8403 0
1978 -4.8407 0
197 -4.8460 0
38 -4.8602 0
81 -4.8917 0
1711 -4.8926 0
189 -4.8984 0
121 -4.9299 0
122 -4.9314 0
1917 -4.9461 0
1864 -4.9570 0
1973 -4.9571 0
1702 -4.9576 0
1929 -4.9585 0
1239 -5.0203 0
1996 -5.0219 0
817 -5.0381 0
1846 -5.0825 0
628 -5.0841 0
1927 -5.0943 0
6 -5.0967 0
135 -5.0996 0
902 -5.1049 0
1877 -5.1333 0
646 -5.1688 0
402 -5.1847 0
163 -5.2073 0
113 -5.2100 0
1955 -5.2117 0
1742 -5.2381 0
1724 -5.2566 0
939 -5.2596 0
117 -5.2623 0
825 -5.2913 0
1961 -5.2963 0
1160 -5.3018 0
1723 -5.3146 0
1725 -5.3315 0
1747 -5.3315 0
1744 -5.3450 0
1916 -5.3638 0
1831 -5.3703 0
635 -5.3857 0
1167 -5.3859 0
634 -5.3870 0
1817 -5.3999 0
1732 -5.4033 0
1700 -5.4196 0
1738 -5.4362 0
1969 -5.4540 0
1959 -5.4688 0
901 -5.4706 0
1735 -5.4848 0
401 -5.4964 0
1924 -5.5096 0
1199 -5.5185 0
413 -5.5370 0
1708 -5.6046 0
1196 -5.6217 0
1832 -5.6481 0
1720 -5.6751 0
417 -5.6753 0
1940 -5.6889 0
919 -5.6923 0
1712 -5.6931 0
1918 -5.7093 0
1922 -5.7256 0
1945 -5.7520 0
1943 -5.7563 0
1990 -5.7610 0
1847 -5.8106 0
936 -5.8445 0
648 -5.8993 0
115 -5.9597 0
1169 -5.9601 0
804 -5.9842 0
145 -6.0045 0
903 -6.0544 0
1931 -6.0739 0
918 -6.0948 0
1947 -6.0981 0
1168 -6.1705 0
1887 -6.1917 0
1950 -6.2634 0
162 -6.3355 0
1964 -6.3583 0
1855 -6.3759 0
638 -6.4312 0
164 -6.4657 0
1944 -6.5176 0
1939 -6.5350 0
1701 -6.7603 0
1928 -6.7903 0
1181 -6.9135 0
605 -6.9965 0
836 -7.0946 0
1157 -7.1059 0
1000 -7.2352 0
616 -7.3567 0
1901 -7.3840 0
1972 -7.4881 0
611 -7.7024 0
