421 28.1630 1
439 27.7121 1
445 22.6917 1
443 22.4947 1
408 21.6024 1
448 21.2590 1
402 20.8623 1
409 20.8577 1
400 20.2619 1
401 20.0398 1
442 19.7289 1
420 19.1503 1
418 18.6735 1
404 18.0957 1
423 17.9116 1
407 17.4690 1
434 17.3645 1
440 17.2931 1
411 17.1773 1
417 17.1096 1
430 17.1014 1
413 16.6502 1
940 16.6397 0
405 16.5609 1
414 16.2084 1
415 15.6715 1
429 15.3639 1
446 15.2042 1
436 14.8737 1
412 14.6662 1
403 14.3695 1
427 14.3514 1
419 13.8701 1
433 13.5029 1
425 13.1290 1
410 12.0684 1
551 11.6228 0
447 11.4007 1
945 10.6777 0
422 10.3652 1
424 10.0312 1
444 9.1511 1
597 8.4767 0
435 8.0699 1
944 7.2104 0
353 7.1792 0
1884 7.0522 0
416 6.9717 1
596 6.9690 0
441 6.9055 1
1874 6.7109 0
758 6.6333 0
1808 6.4582 0
697 6.4208 0
7 6.3977 0
585 6.3587 0
926 6.3572 0
432 6.2285 1
925 6.2095 0
437 6.1053 1
1887 6.0898 0
1232 6.0330 0
426 5.9340 1
933 5.7038 0
1217 5.7034 0
569 5.4682 0
711 5.3284 0
1084 5.2721 0
480 5.2703 0
936 5.1892 0
1806 5.1092 0
1205 5.0976 0
226 4.9965 0
1895 4.9866 0
1256 4.9805 0
909 4.9630 0
1841 4.9226 0
1850 4.8517 0
364 4.8473 0
582 4.8001 0
1409 4.7733 0
392 4.6587 0
130 4.5869 0
1073 4.5788 0
941 4.5772 0
913 4.5641 0
406 4.5193 1
147 4.4998 0
660 4.4653 0
361 4.3966 0
575 4.3579 0
459 4.3491 0
732 4.3461 0
719 4.3323 0
1204 4.2510 0
1829 4.2205 0
1834 4.1467 0
729 4.1224 0
664 4.0963 0
738 4.0956 0
869 4.0581 0
576 4.0567 0
1040 4.0533 0
390 4.0459 0
1241 4.0261 0
1311 4.0155 0
1837 3.9748 0
726 3.9710 0
1906 3.9602 0
1216 3.9148 0
1585 3.9135 0
1930 3.8918 0
648 3.8083 0
438 3.7956 1
917 3.7894 0
747 3.7678 0
284 3.7346 0
499 3.7331 0
592 3.7111 0
1818 3.6923 0
1082 3.6772 0
1510 3.6453 0
572 3.6136 0
1403 3.6058 0
133 3.6032 0
1478 3.5917 0
577 3.5532 0
590 3.5224 0
727 3.5065 0
552 3.4784 0
473 3.4697 0
683 3.4504 0
1824 3.4459 0
428 3.3671 1
1713 3.3269 0
1891 3.3090 0
1903 3.2990 0
65 3.2839 0
121 3.2720 0
921 3.2492 0
1830 3.2343 0
990 3.2274 0
369 3.2128 0
947 3.1965 0
1003 3.1624 0
722 3.1531 0
114 3.1431 0
214 3.1302 0
566 3.1183 0
1532 3.0704 0
1957 3.0373 0
1828 2.9941 0
1621 2.9659 0
557 2.9559 0
1220 2.9389 0
1048 2.9356 0
1024 2.9303 0
13 2.9192 0
733 2.9187 0
837 2.9172 0
1802 2.9147 0
871 2.9052 0
1279 2.9011 0
874 2.9008 0
471 2.8832 0
532 2.8795 0
595 2.8765 0
456 2.8608 0
775 2.8567 0
1098 2.8410 0
356 2.8251 0
455 2.8237 0
744 2.8105 0
497 2.8094 0
18 2.8040 0
1030 2.8038 0
329 2.8014 0
567 2.7929 0
1840 2.7834 0
529 2.7824 0
891 2.7606 0
1247 2.7485 0
641 2.7391 0
571 2.7299 0
431 2.7195 1
1810 2.7193 0
1213 2.7149 0
492 2.7118 0
916 2.7077 0
383 2.7068 0
1871 2.6843 0
1801 2.6806 0
1777 2.6748 0
861 2.6349 0
1285 2.6264 0
1012 2.6253 0
645 2.6235 0
1451 2.6005 0
537 2.5932 0
879 2.5898 0
555 2.5886 0
939 2.5808 0
934 2.5652 0
919 2.5649 0
700 2.5558 0
1833 2.5512 0
901 2.5460 0
830 2.5302 0
1226 2.5066 0
1435 2.5029 0
1941 2.4956 0
1813 2.4775 0
1037 2.4660 0
882 2.4533 0
350 2.4412 0
1636 2.4384 0
482 2.4273 0
1618 2.4261 0
1811 2.4173 0
1308 2.4086 0
47 2.4061 0
1319 2.3971 0
321 2.3956 0
741 2.3830 0
693 2.3795 0
1886 2.3775 0
1864 2.3730 0
1860 2.3608 0
394 2.3589 0
1280 2.3520 0
1817 2.3311 0
1803 2.3275 0
818 2.3195 0
481 2.3174 0
570 2.3107 0
1463 2.3071 0
1704 2.2991 0
1214 2.2910 0
1382 2.2878 0
707 2.2691 0
1888 2.2689 0
1760 2.2498 0
533 2.2343 0
1838 2.2051 0
1875 2.2031 0
1492 2.2002 0
918 2.1902 0
928 2.1589 0
467 2.1454 0
1867 2.1389 0
33 2.1374 0
587 2.1128 0
1541 2.0986 0
351 2.0927 0
468 2.0734 0
857 2.0652 0
295 2.0608 0
730 2.0512 0
1224 2.0512 0
506 2.0352 0
701 2.0327 0
545 2.0235 0
1412 2.0116 0
556 2.0041 0
1408 2.0002 0
31 1.9950 0
1878 1.9844 0
1473 1.9827 0
856 1.9764 0
1431 1.9720 0
908 1.9568 0
704 1.9521 0
810 1.9519 0
32 1.9473 0
17 1.9352 0
1231 1.9350 0
1075 1.9349 0
665 1.9266 0
685 1.9148 0
489 1.9121 0
1474 1.9073 0
866 1.8855 0
1907 1.8842 0
1074 1.8650 0
1437 1.8452 0
399 1.8412 0
374 1.8405 0
1842 1.8399 0
363 1.8374 0
568 1.8370 0
702 1.8308 0
1707 1.8175 0
1852 1.8163 0
1402 1.7976 0
553 1.7908 0
594 1.7751 0
897 1.7636 0
1446 1.7525 0
4 1.7373 0
715 1.7306 0
1390 1.6806 0
1897 1.6661 0
1943 1.6612 0
1934 1.6512 0
1580 1.6501 0
1441 1.6418 0
749 1.6410 0
348 1.6402 0
946 1.6326 0
335 1.6245 0
716 1.6040 0
1242 1.6026 0
593 1.5850 0
1255 1.5837 0
247 1.5793 0
829 1.5769 0
720 1.5420 0
305 1.5325 0
611 1.5292 0
134 1.5266 0
375 1.5204 0
136 1.5091 0
706 1.5039 0
814 1.4986 0
1211 1.4916 0
366 1.4899 0
1086 1.4855 0
1536 1.4851 0
143 1.4850 0
942 1.4837 0
1484 1.4816 0
1857 1.4758 0
396 1.4713 0
1945 1.4678 0
839 1.4672 0
1794 1.4563 0
912 1.4548 0
1118 1.4544 0
1423 1.4517 0
142 1.4458 0
100 1.4320 0
1237 1.4229 0
975 1.4174 0
920 1.4130 0
15 1.4112 0
1026 1.4096 0
75 1.4087 0
721 1.4053 0
929 1.4041 0
1846 1.4002 0
1023 1.3966 0
453 1.3932 0
943 1.3893 0
1681 1.3799 0
815 1.3794 0
1095 1.3787 0
736 1.3780 0
1800 1.3726 0
1329 1.3722 0
345 1.3709 0
1056 1.3482 0
1260 1.3482 0
55 1.3350 0
710 1.3310 0
865 1.3299 0
1368 1.3282 0
559 1.3275 0
661 1.3170 0
937 1.3054 0
251 1.3045 0
564 1.3032 0
723 1.3015 0
688 1.2898 0
1125 1.2867 0
782 1.2832 0
1356 1.2778 0
1835 1.2778 0
1070 1.2763 0
475 1.2726 0
1523 1.2575 0
625 1.2560 0
663 1.2555 0
1166 1.2535 0
1407 1.2532 0
319 1.2473 0
1013 1.2425 0
734 1.2320 0
1020 1.2275 0
1508 1.2203 0
1415 1.2192 0
1042 1.2118 0
1004 1.2028 0
578 1.2027 0
1784 1.1841 0
898 1.1810 0
560 1.1756 0
526 1.1677 0
1512 1.1548 0
94 1.1483 0
705 1.1468 0
289 1.1422 0
246 1.1417 0
1561 1.1411 0
1453 1.1349 0
563 1.1344 0
745 1.1321 0
495 1.1276 0
1063 1.1265 0
1249 1.1265 0
725 1.1254 0
1792 1.1218 0
232 1.1101 0
1893 1.1061 0
1882 1.1055 0
58 1.1014 0
124 1.1002 0
503 1.0970 0
911 1.0924 0
635 1.0919 0
1659 1.0898 0
1090 1.0840 0
653 1.0816 0
483 1.0725 0
1814 1.0700 0
1097 1.0664 0
709 1.0609 0
1496 1.0587 0
949 1.0518 0
807 1.0496 0
1443 1.0440 0
368 1.0411 0
1820 1.0322 0
1805 1.0281 0
580 1.0233 0
1714 1.0227 0
1831 1.0209 0
357 1.0169 0
922 1.0129 0
1486 0.9977 0
1708 0.9955 0
1491 0.9762 0
574 0.9752 0
34 0.9739 0
1809 0.9705 0
848 0.9690 0
914 0.9548 0
49 0.9387 0
748 0.9311 0
1106 0.9295 0
1099 0.9285 0
1535 0.9242 0
1844 0.9232 0
292 0.9165 0
1061 0.9126 0
906 0.9058 0
855 0.9056 0
1781 0.8934 0
106 0.8809 0
314 0.8696 0
1620 0.8667 0
731 0.8648 0
1276 0.8644 0
386 0.8641 0
318 0.8615 0
111 0.8598 0
1968 0.8591 0
1686 0.8551 0
676 0.8477 0
1977 0.8472 0
809 0.8220 0
324 0.8110 0
1531 0.8104 0
907 0.8100 0
359 0.8078 0
216 0.8033 0
1053 0.7967 0
11 0.7964 0
813 0.7961 0
474 0.7947 0
1454 0.7901 0
1411 0.7846 0
215 0.7712 0
268 0.7623 0
1271 0.7535 0
507 0.7470 0
1413 0.7379 0
322 0.7321 0
1855 0.7210 0
956 0.7187 0
1717 0.7187 0
1744 0.7186 0
1529 0.7065 0
695 0.6902 0
728 0.6889 0
1196 0.6857 0
1703 0.6848 0
377 0.6846 0
1880 0.6815 0
1606 0.6765 0
365 0.6733 0
1851 0.6710 0
325 0.6563 0
1181 0.6515 0
1751 0.6493 0
1245 0.6448 0
498 0.6401 0
1420 0.6400 0
1360 0.6390 0
904 0.6375 0
743 0.6370 0
980 0.6248 0
1043 0.6241 0
724 0.6220 0
525 0.6207 0
1347 0.6186 0
1096 0.6120 0
182 0.6057 0
125 0.6012 0
382 0.5994 0
1780 0.5982 0
1244 0.5938 0
1456 0.5878 0
1863 0.5864 0
355 0.5847 0
1371 0.5822 0
823 0.5776 0
1497 0.5757 0
519 0.5756 0
1706 0.5753 0
1667 0.5716 0
44 0.5643 0
1294 0.5627 0
824 0.5608 0
1528 0.5570 0
666 0.5449 0
1786 0.5385 0
1885 0.5381 0
811 0.5364 0
1459 0.5225 0
1071 0.5199 0
799 0.5194 0
1854 0.5134 0
1 0.5091 0
1069 0.5023 0
591 0.4984 0
1856 0.4977 0
1001 0.4970 0
1959 0.4961 0
88 0.4910 0
836 0.4906 0
323 0.4898 0
1546 0.4878 0
1252 0.4829 0
1036 0.4778 0
320 0.4775 0
812 0.4737 0
1287 0.4726 0
212 0.4704 0
1921 0.4696 0
1962 0.4689 0
1825 0.4630 0
1479 0.4578 0
841 0.4534 0
1393 0.4518 0
336 0.4452 0
860 0.4399 0
10 0.4375 0
1515 0.4358 0
1306 0.4334 0
1712 0.4209 0
317 0.4160 0
1537 0.4149 0
381 0.4120 0
129 0.4087 0
798 0.4064 0
803 0.4022 0
870 0.3989 0
35 0.3987 0
1458 0.3987 0
1646 0.3966 0
104 0.3940 0
45 0.3922 0
1477 0.3918 0
6 0.3910 0
1847 0.3903 0
1735 0.3891 0
1015 0.3873 0
1046 0.3842 0
478 0.3833 0
266 0.3831 0
1045 0.3827 0
802 0.3790 0
1499 0.3787 0
9 0.3778 0
1353 0.3759 0
1092 0.3746 0
1815 0.3730 0
1741 0.3676 0
1762 0.3667 0
673 0.3634 0
1918 0.3555 0
1376 0.3549 0
1007 0.3548 0
1640 0.3521 0
1143 0.3478 0
831 0.3468 0
910 0.3457 0
822 0.3407 0
1733 0.3338 0
902 0.3318 0
1156 0.3315 0
449 0.3305 1
651 0.3302 0
1076 0.3296 0
60 0.3263 0
989 0.3257 0
1093 0.3190 0
354 0.3129 0
334 0.3129 0
384 0.3027 0
80 0.2992 0
699 0.2977 0
832 0.2863 0
1821 0.2815 0
458 0.2764 0
1859 0.2688 0
1366 0.2517 0
1823 0.2439 0
43 0.2435 0
938 0.2331 0
808 0.2318 0
554 0.2266 0
790 0.2236 0
686 0.2215 0
1355 0.2209 0
1827 0.2184 0
1624 0.2098 0
1960 0.2059 0
1826 0.2038 0
1432 0.1989 0
927 0.1924 0
1972 0.1914 0
681 0.1910 0
1870 0.1869 0
1268 0.1828 0
713 0.1797 0
1468 0.1782 0
296 0.1756 0
207 0.1753 0
599 0.1734 0
1485 0.1715 0
1250 0.1707 0
573 0.1706 0
1391 0.1700 0
1518 0.1667 0
1656 0.1664 0
1778 0.1650 0
698 0.1573 0
1422 0.1472 0
1159 0.1412 0
1068 0.1383 0
235 0.1360 0
614 0.1298 0
1142 0.1220 0
371 0.1214 0
1337 0.1121 0
46 0.1119 0
899 0.1109 0
583 0.1106 0
1928 0.1105 0
1059 0.1094 0
1482 0.1089 0
1251 0.1087 0
1275 0.1064 0
735 0.0986 0
1313 0.0976 0
1879 0.0968 0
826 0.0881 0
544 0.0874 0
141 0.0865 0
1504 0.0812 0
973 0.0802 0
952 0.0764 0
708 0.0680 0
1066 0.0680 0
1339 0.0665 0
264 0.0639 0
1691 0.0622 0
1638 0.0619 0
86 0.0580 0
516 0.0526 0
1305 0.0518 0
804 0.0419 0
25 0.0405 0
1911 0.0400 0
379 0.0310 0
954 0.0309 0
391 0.0272 0
1105 0.0216 0
1836 0.0159 0
1021 0.0133 0
1899 0.0110 0
1526 0.0058 0
286 -0.0036 0
1938 -0.0110 0
644 -0.0126 0
1424 -0.0184 0
1298 -0.0232 0
30 -0.0248 0
1064 -0.0264 0
360 -0.0296 0
1448 -0.0311 0
1533 -0.0326 0
70 -0.0361 0
1417 -0.0387 0
890 -0.0397 0
1293 -0.0418 0
1345 -0.0466 0
237 -0.0497 0
1300 -0.0525 0
1766 -0.0564 0
276 -0.0581 0
387 -0.0583 0
1322 -0.0594 0
613 -0.0608 0
389 -0.0616 0
50 -0.0629 0
1373 -0.0649 0
1901 -0.0746 0
900 -0.0778 0
1963 -0.0813 0
367 -0.0843 0
1116 -0.0848 0
1538 -0.0903 0
1297 -0.0934 0
339 -0.0981 0
1055 -0.0992 0
1229 -0.1045 0
513 -0.1093 0
211 -0.1102 0
1861 -0.1114 0
1450 -0.1135 0
8 -0.1159 0
154 -0.1186 0
1352 -0.1202 0
884 -0.1274 0
1110 -0.1341 0
463 -0.1390 0
714 -0.1406 0
1235 -0.1408 0
1201 -0.1435 0
464 -0.1442 0
1192 -0.1523 0
1005 -0.1528 0
1164 -0.1544 0
742 -0.1562 0
957 -0.1638 0
362 -0.1692 0
148 -0.1699 0
1807 -0.1707 0
1550 -0.1718 0
1401 -0.1729 0
1344 -0.1755 0
1029 -0.1777 0
546 -0.1801 0
1889 -0.1897 0
494 -0.1906 0
1442 -0.1925 0
1627 -0.1937 0
1465 -0.1959 0
1044 -0.1990 0
1455 -0.1997 0
1419 -0.2006 0
558 -0.2006 0
227 -0.2009 0
1759 -0.2018 0
1230 -0.2042 0
1588 -0.2060 0
550 -0.2067 0
1501 -0.2069 0
703 -0.2130 0
128 -0.2176 0
1623 -0.2181 0
1299 -0.2203 0
511 -0.2216 0
1462 -0.2240 0
67 -0.2275 0
935 -0.2286 0
589 -0.2288 0
1083 -0.2307 0
1131 -0.2368 0
213 -0.2372 0
994 -0.2377 0
1634 -0.2379 0
838 -0.2381 0
1688 -0.2398 0
1395 -0.2436 0
1993 -0.2631 0
1483 -0.2686 0
662 -0.2702 0
1775 -0.2703 0
972 -0.2714 0
1243 -0.2767 0
1812 -0.2776 0
1731 -0.2842 0
1470 -0.2850 0
924 -0.2943 0
852 -0.2945 0
1397 -0.2973 0
1763 -0.2994 0
1265 -0.3008 0
1748 -0.3016 0
1890 -0.3035 0
1130 -0.3071 0
95 -0.3163 0
849 -0.3189 0
257 -0.3199 0
668 -0.3199 0
636 -0.3209 0
1222 -0.3241 0
1457 -0.3252 0
634 -0.3294 0
717 -0.3300 0
1089 -0.3309 0
1282 -0.3352 0
1848 -0.3355 0
84 -0.3357 0
1054 -0.3387 0
180 -0.3394 0
236 -0.3398 0
393 -0.3401 0
476 -0.3455 0
1560 -0.3467 0
57 -0.3489 0
267 -0.3502 0
672 -0.3546 0
1816 -0.3558 0
240 -0.3649 0
858 -0.3681 0
512 -0.3703 0
1077 -0.3763 0
1049 -0.3773 0
1154 -0.3774 0
183 -0.3782 0
565 -0.3796 0
1389 -0.3846 0
1212 -0.3869 0
220 -0.3917 0
1370 -0.3929 0
1678 -0.3983 0
669 -0.4023 0
847 -0.4033 0
1671 -0.4034 0
29 -0.4043 0
1361 -0.4062 0
854 -0.4094 0
588 -0.4111 0
579 -0.4112 0
41 -0.4148 0
1927 -0.4158 0
21 -0.4174 0
1916 -0.4194 0
646 -0.4222 0
1493 -0.4263 0
1495 -0.4273 0
1278 -0.4375 0
601 -0.4385 0
1464 -0.4390 0
1433 -0.4435 0
234 -0.4447 0
27 -0.4520 0
172 -0.4551 0
1227 -0.4561 0
1711 -0.4613 0
1727 -0.4627 0
1436 -0.4664 0
1584 -0.4675 0
380 -0.4698 0
1027 -0.4797 0
1334 -0.4799 0
1819 -0.4825 0
930 -0.4826 0
1325 -0.4828 0
461 -0.4857 0
352 -0.4857 0
547 -0.4869 0
168 -0.4891 0
1935 -0.4944 0
620 -0.4981 0
880 -0.4995 0
656 -0.5028 0
581 -0.5066 0
103 -0.5126 0
834 -0.5136 0
1949 -0.5199 0
288 -0.5202 0
1014 -0.5205 0
1335 -0.5207 0
1719 -0.5234 0
208 -0.5238 0
853 -0.5268 0
1610 -0.5279 0
1647 -0.5336 0
395 -0.5337 0
385 -0.5379 0
346 -0.5392 0
629 -0.5413 0
806 -0.5439 0
1511 -0.5441 0
1752 -0.5450 0
690 -0.5452 0
1193 -0.5511 0
1291 -0.5539 0
1917 -0.5572 0
1522 -0.5572 0
1645 -0.5586 0
1041 -0.5588 0
514 -0.5647 0
146 -0.5682 0
1197 -0.5742 0
792 -0.5777 0
1996 -0.5779 0
1200 -0.5798 0
1162 -0.5870 0
970 -0.5925 0
1622 -0.5928 0
1626 -0.5934 0
1700 -0.5938 0
602 -0.5941 0
1761 -0.5977 0
1740 -0.5980 0
90 -0.5985 0
1866 -0.6018 0
768 -0.6026 0
171 -0.6058 0
776 -0.6101 0
1426 -0.6109 0
1894 -0.6127 0
269 -0.6139 0
1771 -0.6160 0
1188 -0.6185 0
1177 -0.6206 0
358 -0.6254 0
1562 -0.6310 0
1892 -0.6334 0
62 -0.6337 0
1094 -0.6338 0
1341 -0.6390 0
1947 -0.6453 0
1997 -0.6488 0
1675 -0.6499 0
867 -0.6554 0
1804 -0.6588 0
1543 -0.6592 0
1929 -0.6600 0
518 -0.6640 0
1697 -0.6649 0
791 -0.6695 0
889 -0.6769 0
840 -0.6805 0
1035 -0.6809 0
816 -0.6853 0
1289 -0.6854 0
894 -0.6858 0
883 -0.6865 0
1327 -0.6866 0
1031 -0.6903 0
1328 -0.6904 0
859 -0.6905 0
332 -0.6911 0
1954 -0.6933 0
1670 -0.6954 0
210 -0.7020 0
132 -0.7050 0
1768 -0.7052 0
457 -0.7072 0
885 -0.7125 0
1434 -0.7144 0
1995 -0.7151 0
1185 -0.7153 0
108 -0.7231 0
71 -0.7248 0
1460 -0.7300 0
388 -0.7324 0
1651 -0.7354 0
51 -0.7373 0
1187 -0.7403 0
502 -0.7439 0
1378 -0.7455 0
1438 -0.7489 0
1639 -0.7517 0
1481 -0.7545 0
1475 -0.7563 0
562 -0.7597 0
1519 -0.7650 0
948 -0.7654 0
692 -0.7680 0
1286 -0.7743 0
487 -0.7748 0
1795 -0.7826 0
1067 -0.7842 0
1772 -0.7872 0
605 -0.7903 0
805 -0.7919 0
1525 -0.7963 0
1872 -0.7982 0
1764 -0.7983 0
1430 -0.8055 0
254 -0.8170 0
470 -0.8195 0
1521 -0.8199 0
158 -0.8237 0
1513 -0.8239 0
96 -0.8251 0
1756 -0.8252 0
1721 -0.8307 0
304 -0.8321 0
1253 -0.8335 0
139 -0.8517 0
1862 -0.8532 0
370 -0.8549 0
1853 -0.8608 0
746 -0.8632 0
1342 -0.8706 0
1682 -0.8742 0
689 -0.8760 0
231 -0.8765 0
1517 -0.8774 0
38 -0.8798 0
1062 -0.8823 0
1716 -0.8826 0
239 -0.8897 0
1948 -0.8924 0
1309 -0.8970 0
1199 -0.8971 0
229 -0.8999 0
376 -0.9000 0
1633 -0.9013 0
896 -0.9023 0
1421 -0.9030 0
1793 -0.9077 0
1589 -0.9097 0
1641 -0.9102 0
817 -0.9121 0
159 -0.9173 0
1079 -0.9256 0
1527 -0.9284 0
888 -0.9284 0
1843 -0.9301 0
1680 -0.9354 0
915 -0.9362 0
1160 -0.9371 0
1136 -0.9374 0
1662 -0.9441 0
1025 -0.9469 0
479 -0.9495 0
675 -0.9510 0
201 -0.9565 0
1549 -0.9580 0
1955 -0.9587 0
113 -0.9590 0
24 -0.9702 0
1984 -0.9710 0
1730 -0.9734 0
126 -0.9755 0
223 -0.9765 0
1743 -0.9768 0
1010 -0.9772 0
633 -0.9778 0
1630 -0.9794 0
1359 -0.9837 0
175 -0.9853 0
862 -0.9859 0
1769 -0.9871 0
76 -0.9877 0
238 -0.9920 0
1206 -0.9930 0
262 -0.9959 0
1696 -0.9990 0
1785 -0.9990 0
308 -0.9994 0
1472 -1.0036 0
135 -1.0078 0
1330 -1.0125 0
450 -1.0171 0
931 -1.0209 0
825 -1.0220 0
112 -1.0241 0
1060 -1.0247 0
1207 -1.0253 0
1687 -1.0275 0
1362 -1.0316 0
875 -1.0323 0
1654 -1.0339 0
190 -1.0366 0
109 -1.0368 0
1913 -1.0419 0
1439 -1.0437 0
864 -1.0534 0
1248 -1.0615 0
740 -1.0616 0
932 -1.0633 0
761 -1.0635 0
515 -1.0637 0
750 -1.0640 0
1102 -1.0657 0
1284 -1.0739 0
1586 -1.0774 0
341 -1.0833 0
307 -1.0842 0
1849 -1.0871 0
270 -1.0871 0
1016 -1.0956 0
793 -1.0981 0
1822 -1.1000 0
523 -1.1025 0
1514 -1.1045 0
40 -1.1216 0
1018 -1.1229 0
1269 -1.1238 0
1616 -1.1302 0
36 -1.1400 0
542 -1.1428 0
659 -1.1496 0
1425 -1.1504 0
1272 -1.1511 0
465 -1.1586 0
244 -1.1586 0
1787 -1.1596 0
187 -1.1642 0
1210 -1.1701 0
1563 -1.1746 0
1487 -1.1752 0
224 -1.1753 0
796 -1.1770 0
1869 -1.1774 0
1985 -1.1800 0
1490 -1.1805 0
491 -1.1836 0
101 -1.1939 0
1710 -1.1944 0
1881 -1.1968 0
670 -1.1984 0
221 -1.1989 0
842 -1.2022 0
64 -1.2022 0
1668 -1.2029 0
1693 -1.2037 0
1661 -1.2085 0
349 -1.2152 0
520 -1.2177 0
785 -1.2217 0
657 -1.2220 0
1304 -1.2243 0
91 -1.2293 0
1107 -1.2349 0
1999 -1.2374 0
800 -1.2379 0
282 -1.2391 0
1078 -1.2418 0
1608 -1.2423 0
477 -1.2447 0
1194 -1.2495 0
1461 -1.2496 0
682 -1.2550 0
1570 -1.2572 0
1728 -1.2591 0
195 -1.2599 0
1295 -1.2600 0
600 -1.2719 0
191 -1.2729 0
905 -1.2743 0
1664 -1.2771 0
996 -1.2779 0
219 -1.2795 0
74 -1.2841 0
845 -1.2847 0
1908 -1.2865 0
895 -1.2869 0
1208 -1.2947 0
677 -1.2949 0
1267 -1.2976 0
966 -1.2998 0
330 -1.3003 0
23 -1.3005 0
1615 -1.3055 0
1797 -1.3061 0
179 -1.3088 0
1798 -1.3207 0
178 -1.3216 0
1203 -1.3217 0
118 -1.3233 0
472 -1.3243 0
53 -1.3275 0
116 -1.3282 0
1221 -1.3290 0
844 -1.3292 0
1175 -1.3295 0
107 -1.3383 0
28 -1.3399 0
1965 -1.3447 0
1987 -1.3450 0
1312 -1.3469 0
20 -1.3510 0
1398 -1.3513 0
694 -1.3529 0
66 -1.3534 0
1925 -1.3565 0
1958 -1.3584 0
876 -1.3612 0
1676 -1.3628 0
584 -1.3637 0
969 -1.3665 0
1742 -1.3666 0
1725 -1.3675 0
1747 -1.3675 0
69 -1.3696 0
1932 -1.3764 0
1121 -1.3769 0
1158 -1.3823 0
1236 -1.3872 0
1631 -1.3873 0
1081 -1.3971 0
1944 -1.3982 0
1782 -1.4002 0
1982 -1.4007 0
606 -1.4012 0
1292 -1.4033 0
1699 -1.4033 0
923 -1.4044 0
222 -1.4049 0
105 -1.4057 0
680 -1.4085 0
1137 -1.4087 0
1845 -1.4110 0
12 -1.4124 0
14 -1.4131 0
674 -1.4215 0
277 -1.4218 0
373 -1.4235 0
0 -1.4251 0
1900 -1.4291 0
1087 -1.4303 0
752 -1.4328 0
1877 -1.4332 0
1283 -1.4336 0
460 -1.4350 0
1597 -1.4371 0
1643 -1.4411 0
510 -1.4449 0
1685 -1.4488 0
1148 -1.4488 0
988 -1.4499 0
1865 -1.4512 0
1381 -1.4516 0
1233 -1.4528 0
1873 -1.4552 0
37 -1.4569 0
63 -1.4570 0
1558 -1.4582 0
297 -1.4592 0
658 -1.4602 0
1961 -1.4640 0
1080 -1.4679 0
1980 -1.4704 0
538 -1.4714 0
245 -1.4747 0
778 -1.4783 0
1698 -1.4794 0
167 -1.4794 0
819 -1.4833 0
87 -1.4837 0
344 -1.4874 0
1739 -1.4883 0
892 -1.4915 0
1966 -1.4919 0
217 -1.4955 0
1614 -1.4993 0
981 -1.5054 0
1343 -1.5067 0
1611 -1.5085 0
1990 -1.5095 0
110 -1.5112 0
279 -1.5154 0
19 -1.5194 0
951 -1.5223 0
739 -1.5261 0
1223 -1.5261 0
119 -1.5262 0
1729 -1.5283 0
1170 -1.5344 0
531 -1.5353 0
1773 -1.5385 0
122 -1.5401 0
1008 -1.5429 0
509 -1.5436 0
762 -1.5482 0
786 -1.5488 0
1791 -1.5603 0
684 -1.5614 0
543 -1.5681 0
149 -1.5743 0
1290 -1.5757 0
1350 -1.5765 0
1753 -1.5780 0
1091 -1.5805 0
1951 -1.5810 0
586 -1.5845 0
1902 -1.5857 0
1986 -1.5865 0
123 -1.5936 0
1399 -1.5969 0
1050 -1.5969 0
718 -1.6030 0
1694 -1.6041 0
1720 -1.6073 0
1140 -1.6121 0
1179 -1.6130 0
1989 -1.6139 0
679 -1.6155 0
986 -1.6231 0
1603 -1.6243 0
155 -1.6315 0
773 -1.6327 0
1601 -1.6351 0
801 -1.6359 0
1796 -1.6363 0
1011 -1.6451 0
1147 -1.6459 0
298 -1.6499 0
993 -1.6537 0
79 -1.6550 0
1449 -1.6589 0
1922 -1.6604 0
26 -1.6619 0
1598 -1.6638 0
338 -1.6645 0
1604 -1.6696 0
535 -1.6706 0
193 -1.6706 0
1554 -1.6764 0
1994 -1.6773 0
1705 -1.6778 0
93 -1.6790 0
1052 -1.6815 0
1896 -1.6822 0
150 -1.6827 0
755 -1.6852 0
960 -1.6853 0
117 -1.6896 0
561 -1.6897 0
1723 -1.6901 0
1034 -1.6945 0
138 -1.6961 0
1628 -1.7042 0
505 -1.7131 0
170 -1.7205 0
1754 -1.7295 0
52 -1.7300 0
1692 -1.7305 0
846 -1.7397 0
1100 -1.7404 0
1505 -1.7415 0
1351 -1.7419 0
1266 -1.7445 0
230 -1.7469 0
77 -1.7490 0
754 -1.7520 0
233 -1.7538 0
1374 -1.7584 0
770 -1.7643 0
821 -1.7755 0
963 -1.7769 0
83 -1.7798 0
1427 -1.7911 0
751 -1.7917 0
1145 -1.7976 0
1946 -1.8004 0
185 -1.8021 0
1273 -1.8022 0
1168 -1.8043 0
484 -1.8047 0
120 -1.8057 0
189 -1.8091 0
1998 -1.8122 0
971 -1.8138 0
1567 -1.8149 0
787 -1.8167 0
252 -1.8188 0
1652 -1.8217 0
102 -1.8263 0
81 -1.8303 0
333 -1.8390 0
184 -1.8422 0
281 -1.8471 0
1750 -1.8476 0
137 -1.8500 0
1476 -1.8501 0
1924 -1.8557 0
1609 -1.8579 0
961 -1.8583 0
843 -1.8599 0
1658 -1.8690 0
500 -1.8739 0
1270 -1.8766 0
1202 -1.8767 0
99 -1.8810 0
984 -1.8814 0
598 -1.8866 0
1365 -1.8872 0
1383 -1.8877 0
1240 -1.8890 0
1489 -1.8903 0
1338 -1.8922 0
1613 -1.8965 0
1331 -1.9006 0
1799 -1.9026 0
1132 -1.9037 0
1320 -1.9080 0
1745 -1.9102 0
1414 -1.9110 0
181 -1.9117 0
1498 -1.9151 0
630 -1.9182 0
779 -1.9228 0
1318 -1.9230 0
1981 -1.9322 0
1195 -1.9360 0
1138 -1.9388 0
1340 -1.9481 0
1377 -1.9576 0
1724 -1.9601 0
650 -1.9611 0
991 -1.9638 0
1755 -1.9643 0
1333 -1.9648 0
1653 -1.9656 0
985 -1.9663 0
1757 -1.9692 0
1165 -1.9716 0
1445 -1.9720 0
1642 -1.9758 0
274 -1.9774 0
1469 -1.9804 0
1372 -1.9814 0
78 -1.9929 0
833 -1.9943 0
835 -1.9947 0
169 -1.9959 0
1277 -1.9976 0
256 -2.0044 0
1898 -2.0060 0
397 -2.0076 0
1357 -2.0152 0
1839 -2.0165 0
887 -2.0167 0
255 -2.0221 0
771 -2.0225 0
1428 -2.0263 0
638 -2.0279 0
1581 -2.0308 0
260 -2.0355 0
540 -2.0355 0
1726 -2.0415 0
763 -2.0441 0
604 -2.0490 0
1033 -2.0527 0
1152 -2.0585 0
342 -2.0631 0
328 -2.0663 0
177 -2.0721 0
1732 -2.0756 0
5 -2.0772 0
1488 -2.0891 0
1314 -2.0894 0
39 -2.0896 0
1176 -2.0944 0
850 -2.0946 0
527 -2.0956 0
1261 -2.0966 0
313 -2.0971 0
337 -2.0977 0
863 -2.1031 0
1349 -2.1125 0
1310 -2.1147 0
1592 -2.1171 0
1644 -2.1179 0
1674 -2.1189 0
1447 -2.1204 0
293 -2.1259 0
1363 -2.1285 0
1970 -2.1297 0
1734 -2.1300 0
612 -2.1334 0
160 -2.1338 0
1978 -2.1349 0
1161 -2.1406 0
997 -2.1414 0
1976 -2.1459 0
517 -2.1501 0
1974 -2.1505 0
667 -2.1516 0
1832 -2.1521 0
1146 -2.1549 0
886 -2.1549 0
1625 -2.1570 0
82 -2.1608 0
534 -2.1643 0
637 -2.1685 0
878 -2.1728 0
760 -2.1752 0
1939 -2.1756 0
1480 -2.1796 0
1758 -2.1808 0
280 -2.1864 0
1354 -2.1866 0
273 -2.1884 0
1722 -2.1898 0
967 -2.1930 0
1950 -2.1947 0
1629 -2.1953 0
466 -2.2045 0
1665 -2.2062 0
789 -2.2127 0
950 -2.2205 0
647 -2.2214 0
271 -2.2218 0
1923 -2.2264 0
1317 -2.2308 0
1858 -2.2343 0
1776 -2.2347 0
1303 -2.2366 0
1155 -2.2450 0
621 -2.2479 0
1348 -2.2483 0
218 -2.2491 0
488 -2.2610 0
868 -2.2635 0
1153 -2.2638 0
1307 -2.2732 0
372 -2.2743 0
607 -2.2835 0
780 -2.2852 0
528 -2.2858 0
1085 -2.2867 0
1000 -2.2928 0
1088 -2.2959 0
1737 -2.3035 0
1709 -2.3042 0
1702 -2.3084 0
1992 -2.3173 0
784 -2.3202 0
204 -2.3205 0
1632 -2.3213 0
678 -2.3246 0
1666 -2.3256 0
1406 -2.3258 0
258 -2.3262 0
1910 -2.3265 0
291 -2.3277 0
1587 -2.3279 0
1983 -2.3313 0
1689 -2.3335 0
655 -2.3351 0
893 -2.3403 0
1189 -2.3417 0
327 -2.3426 0
144 -2.3451 0
508 -2.3481 0
309 -2.3526 0
603 -2.3533 0
1931 -2.3543 0
1191 -2.3706 0
1429 -2.3784 0
1072 -2.3830 0
56 -2.3830 0
1919 -2.3838 0
622 -2.3844 0
1219 -2.3849 0
248 -2.3866 0
1301 -2.3925 0
98 -2.3936 0
299 -2.3982 0
1452 -2.3985 0
1039 -2.4022 0
1683 -2.4068 0
1065 -2.4100 0
1701 -2.4192 0
1582 -2.4246 0
1542 -2.4312 0
1530 -2.4330 0
671 -2.4332 0
1969 -2.4338 0
340 -2.4394 0
1058 -2.4420 0
145 -2.4469 0
205 -2.4505 0
1591 -2.4569 0
1263 -2.4631 0
1539 -2.4638 0
712 -2.4674 0
1394 -2.4690 0
287 -2.4693 0
1926 -2.4694 0
1503 -2.4703 0
1547 -2.4727 0
652 -2.4736 0
1234 -2.4784 0
530 -2.4790 0
209 -2.4849 0
1336 -2.4866 0
820 -2.4872 0
1690 -2.4880 0
261 -2.4928 0
536 -2.4942 0
265 -2.4976 0
1416 -2.4993 0
1134 -2.5055 0
163 -2.5065 0
469 -2.5068 0
1599 -2.5170 0
1619 -2.5190 0
608 -2.5214 0
1715 -2.5265 0
1135 -2.5274 0
1386 -2.5294 0
316 -2.5324 0
462 -2.5370 0
294 -2.5440 0
1133 -2.5492 0
737 -2.5497 0
1573 -2.5519 0
1198 -2.5569 0
347 -2.5608 0
1649 -2.5625 0
794 -2.5683 0
1663 -2.5817 0
1553 -2.5875 0
504 -2.5914 0
797 -2.6011 0
198 -2.6065 0
1577 -2.6074 0
654 -2.6105 0
774 -2.6110 0
1595 -2.6144 0
1494 -2.6152 0
995 -2.6169 0
1264 -2.6180 0
22 -2.6209 0
398 -2.6286 0
1936 -2.6400 0
1144 -2.6494 0
1564 -2.6501 0
851 -2.6578 0
16 -2.6584 0
206 -2.6587 0
486 -2.6619 0
199 -2.6627 0
1466 -2.6645 0
192 -2.6650 0
162 -2.6652 0
788 -2.6664 0
1679 -2.6709 0
278 -2.6879 0
696 -2.6886 0
983 -2.6887 0
1790 -2.6889 0
1028 -2.6892 0
1695 -2.6931 0
228 -2.7041 0
1047 -2.7061 0
753 -2.7171 0
1471 -2.7181 0
1937 -2.7192 0
315 -2.7215 0
1324 -2.7300 0
275 -2.7421 0
85 -2.7463 0
253 -2.7536 0
1113 -2.7552 0
1571 -2.7575 0
174 -2.7634 0
1596 -2.7644 0
539 -2.7659 0
1127 -2.7708 0
1367 -2.7768 0
624 -2.7824 0
757 -2.7825 0
541 -2.7829 0
242 -2.7868 0
1912 -2.7871 0
881 -2.7878 0
1749 -2.7923 0
72 -2.7935 0
1605 -2.7947 0
1258 -2.7969 0
795 -2.8034 0
1655 -2.8035 0
1548 -2.8123 0
777 -2.8132 0
1387 -2.8146 0
1540 -2.8183 0
1556 -2.8198 0
1953 -2.8222 0
452 -2.8230 0
311 -2.8266 0
115 -2.8274 0
772 -2.8296 0
1163 -2.8313 0
827 -2.8332 0
1909 -2.8341 0
176 -2.8382 0
1410 -2.8435 0
1228 -2.8498 0
1109 -2.8505 0
3 -2.8505 0
1565 -2.8602 0
1157 -2.8706 0
451 -2.8716 0
250 -2.8762 0
161 -2.8772 0
1500 -2.8775 0
872 -2.8776 0
1180 -2.8935 0
959 -2.8999 0
1746 -2.9018 0
903 -2.9019 0
1942 -2.9037 0
1051 -2.9066 0
1551 -2.9133 0
249 -2.9154 0
521 -2.9200 0
978 -2.9201 0
485 -2.9203 0
1915 -2.9204 0
259 -2.9208 0
619 -2.9324 0
1788 -2.9333 0
196 -2.9345 0
965 -2.9376 0
1178 -2.9383 0
1288 -2.9397 0
1108 -2.9456 0
202 -2.9479 0
1385 -2.9513 0
1120 -2.9620 0
1124 -2.9639 0
1569 -2.9681 0
877 -2.9696 0
1364 -2.9753 0
979 -2.9819 0
623 -2.9844 0
626 -2.9912 0
617 -2.9943 0
610 -3.0011 0
1174 -3.0056 0
285 -3.0068 0
759 -3.0074 0
1559 -3.0080 0
1677 -3.0123 0
1388 -3.0144 0
1126 -3.0191 0
1038 -3.0223 0
1375 -3.0226 0
639 -3.0248 0
1358 -3.0262 0
1684 -3.0277 0
1057 -3.0359 0
998 -3.0360 0
632 -3.0441 0
42 -3.0540 0
1119 -3.0569 0
48 -3.0671 0
1883 -3.0691 0
186 -3.0737 0
1502 -3.0781 0
490 -3.0821 0
131 -3.0913 0
1607 -3.0975 0
1590 -3.1036 0
73 -3.1063 0
1524 -3.1086 0
1933 -3.1156 0
962 -3.1162 0
1868 -3.1227 0
1979 -3.1227 0
1254 -3.1251 0
1123 -3.1342 0
1326 -3.1355 0
89 -3.1435 0
1139 -3.1481 0
1552 -3.1502 0
1150 -3.1559 0
378 -3.1593 0
68 -3.1680 0
1952 -3.1698 0
496 -3.1767 0
127 -3.1893 0
290 -3.1924 0
1516 -3.1960 0
283 -3.2003 0
548 -3.2113 0
1593 -3.2308 0
828 -3.2331 0
1594 -3.2362 0
1239 -3.2398 0
1467 -3.2418 0
1215 -3.2478 0
783 -3.2490 0
92 -3.2503 0
1017 -3.2510 0
1789 -3.2517 0
1572 -3.2603 0
153 -3.2643 0
781 -3.2799 0
272 -3.2848 0
1169 -3.2997 0
1332 -3.3111 0
152 -3.3140 0
97 -3.3165 0
1440 -3.3269 0
303 -3.3321 0
1779 -3.3342 0
61 -3.3489 0
1506 -3.3537 0
1617 -3.3676 0
649 -3.3729 0
1600 -3.3764 0
1964 -3.3830 0
200 -3.3911 0
1557 -3.3957 0
1323 -3.3964 0
1602 -3.3977 0
1520 -3.4126 0
1257 -3.4198 0
1956 -3.4229 0
140 -3.4259 0
1967 -3.4389 0
1151 -3.4476 0
1183 -3.4503 0
1669 -3.4561 0
1657 -3.4741 0
767 -3.4939 0
1648 -3.4946 0
1566 -3.5091 0
454 -3.5218 0
1117 -3.5288 0
1418 -3.5437 0
1914 -3.5453 0
1369 -3.5503 0
968 -3.5532 0
1225 -3.5567 0
955 -3.5728 0
156 -3.5814 0
964 -3.5870 0
1673 -3.5870 0
300 -3.5904 0
1545 -3.5905 0
501 -3.5952 0
643 -3.5953 0
1576 -3.6049 0
1259 -3.6056 0
151 -3.6126 0
1002 -3.6181 0
1650 -3.6183 0
640 -3.6218 0
1186 -3.6264 0
2 -3.6320 0
1767 -3.6362 0
1404 -3.6479 0
59 -3.6713 0
1019 -3.6800 0
1396 -3.6811 0
1988 -3.6935 0
976 -3.6968 0
1171 -3.7036 0
166 -3.7041 0
687 -3.7061 0
1905 -3.7063 0
225 -3.7125 0
1568 -3.7135 0
1904 -3.7198 0
1583 -3.7349 0
1991 -3.7461 0
1765 -3.7496 0
1718 -3.7634 0
173 -3.7972 0
1129 -3.8084 0
1112 -3.8095 0
1111 -3.8128 0
263 -3.8133 0
54 -3.8134 0
769 -3.8137 0
203 -3.8139 0
1400 -3.8269 0
1032 -3.8269 0
766 -3.8364 0
549 -3.8441 0
1173 -3.8648 0
1149 -3.8651 0
616 -3.8651 0
982 -3.8766 0
194 -3.8789 0
1738 -3.8835 0
522 -3.8848 0
188 -3.8908 0
1103 -3.8955 0
1392 -3.9033 0
157 -3.9207 0
1876 -3.9276 0
618 -3.9373 0
1660 -3.9453 0
1281 -3.9544 0
1555 -3.9864 0
1672 -3.9929 0
164 -3.9949 0
1971 -3.9974 0
1940 -4.0020 0
631 -4.0040 0
1262 -4.0323 0
1006 -4.0741 0
1209 -4.0787 0
1009 -4.1027 0
609 -4.1094 0
1637 -4.1095 0
1218 -4.1386 0
1770 -4.1439 0
1022 -4.1548 0
627 -4.1769 0
301 -4.1834 0
992 -4.1935 0
1575 -4.2029 0
524 -4.2301 0
1114 -4.2336 0
999 -4.2346 0
1316 -4.2682 0
165 -4.2813 0
1612 -4.2869 0
1115 -4.2949 0
312 -4.2993 0
628 -4.2995 0
1346 -4.3031 0
987 -4.3064 0
756 -4.3132 0
1380 -4.3175 0
1128 -4.3356 0
1182 -4.3830 0
302 -4.3854 0
1184 -4.3854 0
1975 -4.3964 0
1315 -4.3982 0
331 -4.4225 0
1579 -4.4403 0
1973 -4.4431 0
1444 -4.4534 0
764 -4.5116 0
1578 -4.5299 0
1534 -4.5749 0
1384 -4.6076 0
326 -4.6137 0
1405 -4.6185 0
241 -4.6228 0
1274 -4.6248 0
1574 -4.6432 0
1783 -4.6858 0
958 -4.6887 0
197 -4.7106 0
1635 -4.7396 0
1238 -4.7642 0
1774 -4.7847 0
615 -4.8175 0
1544 -4.8332 0
1296 -4.8384 0
691 -4.8784 0
306 -4.8834 0
343 -4.8838 0
1167 -4.9083 0
1509 -4.9211 0
977 -4.9277 0
974 -4.9395 0
1736 -4.9498 0
1172 -5.0091 0
953 -5.0814 0
1122 -5.1112 0
243 -5.1925 0
765 -5.2050 0
493 -5.2614 0
1246 -5.3071 0
1104 -5.3259 0
642 -5.3283 0
873 -5.3872 0
1507 -5.5049 0
1920 -5.5530 0
1141 -5.7659 0
1101 -5.7854 0
1302 -5.9942 0
1190 -6.1728 0
1321 -6.1773 0
1379 -6.4291 0
310 -6.8541 0
