500 29.9412 1
526 22.8699 1
549 21.3405 1
539 19.5991 1
531 16.9499 1
546 16.1525 1
519 15.8271 1
509 15.4836 1
510 15.2330 1
543 15.1648 1
547 14.9723 1
511 14.5941 1
524 14.2340 1
517 14.1951 1
533 13.6686 1
515 13.0048 1
502 12.9005 1
501 12.5387 1
537 12.4697 1
514 12.3158 1
339 12.2339 0
504 11.9234 1
541 11.3227 1
540 10.9332 1
536 10.8731 1
518 10.7704 1
535 10.2354 1
542 10.0544 1
512 9.8894 1
532 9.8545 1
522 9.3139 1
508 8.5081 1
505 7.9660 1
300 7.8857 0
957 7.7076 0
333 7.7049 0
954 7.4343 0
1857 7.4033 0
1114 7.3221 0
32 7.2628 0
1234 7.2242 0
520 7.0972 1
1905 7.0839 0
1204 7.0228 0
1215 6.8667 0
1135 6.7300 0
1111 6.5645 0
507 6.4976 1
118 6.2907 0
1651 6.1951 0
337 6.1479 0
521 6.0051 1
1688 5.8058 0
529 5.7899 1
528 5.7790 1
1280 5.7758 0
523 5.6317 1
575 5.5596 0
1233 5.4833 0
503 5.3517 1
1851 5.2842 0
1907 5.2741 0
241 5.2731 0
304 5.2610 0
525 5.1337 1
694 5.1272 0
1932 5.0462 0
1221 5.0014 0
544 4.9606 1
450 4.9480 0
890 4.9342 0
1126 4.9301 0
788 4.8843 0
453 4.8831 0
47 4.8799 0
133 4.8761 0
41 4.8352 0
1173 4.8124 0
1871 4.7379 0
1218 4.7002 0
1127 4.6833 0
301 4.6273 0
1922 4.6159 0
1161 4.5641 0
1863 4.5189 0
1214 4.4154 0
534 4.4136 1
1923 4.3991 0
807 4.3863 0
601 4.3645 0
1546 4.3113 0
1213 4.2862 0
1888 4.2819 0
530 4.2767 1
1224 4.2709 0
1877 4.2478 0
338 4.1934 0
278 4.1909 0
1357 4.1885 0
343 4.1719 0
826 4.1634 0
1911 4.1430 0
1683 4.1089 0
1428 4.1054 0
1192 4.0803 0
1950 4.0327 0
1481 4.0293 0
1033 4.0198 0
506 4.0188 1
28 4.0188 0
1248 4.0152 0
126 4.0045 0
1710 3.9973 0
1109 3.9905 0
1101 3.9879 0
1183 3.9874 0
323 3.9802 0
538 3.9759 1
548 3.9756 1
1131 3.9615 0
1938 3.9582 0
334 3.9348 0
1899 3.9344 0
330 3.9130 0
1470 3.9119 0
926 3.9013 0
1206 3.8854 0
1336 3.8848 0
204 3.8708 0
789 3.8576 0
274 3.8471 0
107 3.8378 0
1425 3.8143 0
1856 3.7891 0
1246 3.7798 0
1770 3.7669 0
1020 3.7635 0
1636 3.7556 0
1956 3.7548 0
201 3.7343 0
893 3.7099 0
1239 3.6992 0
990 3.6916 0
1054 3.6893 0
206 3.6738 0
316 3.6734 0
1282 3.6536 0
307 3.6533 0
100 3.6446 0
786 3.6421 0
1343 3.6191 0
326 3.5736 0
426 3.5330 0
318 3.5068 0
1948 3.5039 0
1345 3.4975 0
899 3.4643 0
236 3.4500 0
1494 3.4490 0
806 3.4452 0
986 3.4368 0
467 3.4166 0
1380 3.4103 0
1082 3.3895 0
155 3.3815 0
898 3.3737 0
1427 3.3649 0
1222 3.3620 0
1846 3.3563 0
889 3.3541 0
310 3.3491 0
1081 3.3468 0
311 3.3408 0
834 3.3350 0
1238 3.3164 0
1191 3.3126 0
1219 3.3108 0
678 3.3084 0
801 3.3064 0
1936 3.3054 0
103 3.2960 0
1975 3.2644 0
344 3.2477 0
1771 3.2345 0
1892 3.1903 0
879 3.1572 0
1407 3.1473 0
1229 3.1300 0
1991 3.1180 0
1242 3.1163 0
516 3.1015 1
1203 3.0989 0
374 3.0971 0
831 3.0956 0
1046 3.0830 0
1929 3.0800 0
198 3.0749 0
1976 3.0678 0
1145 3.0629 0
1060 3.0517 0
813 2.9946 0
1906 2.9533 0
545 2.9461 1
1745 2.9238 0
851 2.9232 0
1358 2.9135 0
1881 2.9127 0
127 2.9098 0
908 2.9066 0
479 2.8967 0
1405 2.8947 0
1927 2.8914 0
1841 2.8853 0
637 2.8789 0
849 2.8764 0
1158 2.8663 0
873 2.8647 0
1077 2.8560 0
44 2.8560 0
186 2.8469 0
1714 2.8211 0
1726 2.8207 0
1921 2.8010 0
842 2.7976 0
480 2.7963 0
805 2.7881 0
629 2.7558 0
207 2.7513 0
1208 2.7492 0
1194 2.7423 0
693 2.7408 0
812 2.7341 0
1695 2.7215 0
123 2.7132 0
1447 2.7028 0
793 2.6932 0
491 2.6762 0
822 2.6709 0
1370 2.6635 0
640 2.6591 0
714 2.6565 0
1107 2.6498 0
631 2.6488 0
1862 2.6467 0
1332 2.6406 0
232 2.6181 0
1876 2.6097 0
932 2.6025 0
1063 2.6023 0
1613 2.5954 0
1247 2.5868 0
224 2.5797 0
756 2.5678 0
18 2.5541 0
1180 2.5537 0
1223 2.5528 0
104 2.5505 0
795 2.5435 0
432 2.5376 0
844 2.5330 0
1055 2.5183 0
1207 2.5173 0
1327 2.5153 0
132 2.5110 0
1916 2.5013 0
892 2.4984 0
1462 2.4983 0
85 2.4981 0
303 2.4951 0
828 2.4676 0
653 2.4588 0
817 2.4352 0
146 2.4167 0
462 2.4159 0
1660 2.4144 0
729 2.4131 0
322 2.4089 0
1986 2.4082 0
1920 2.4014 0
197 2.3994 0
1178 2.3886 0
386 2.3881 0
1796 2.3743 0
1418 2.3561 0
1935 2.3464 0
1320 2.3390 0
1080 2.3333 0
1250 2.3314 0
1036 2.3299 0
36 2.3264 0
622 2.3185 0
494 2.3173 0
1133 2.3136 0
340 2.3135 0
1443 2.3125 0
1138 2.3026 0
1939 2.2891 0
1616 2.2824 0
470 2.2801 0
115 2.2685 0
1140 2.2582 0
775 2.2582 0
348 2.2529 0
1176 2.2217 0
331 2.2190 0
677 2.2095 0
604 2.1955 0
1235 2.1912 0
1147 2.1821 0
1356 2.1799 0
1236 2.1794 0
320 2.1676 0
190 2.1670 0
1886 2.1607 0
460 2.1565 0
1529 2.1544 0
129 2.1539 0
903 2.1469 0
172 2.1424 0
951 2.1166 0
1305 2.1052 0
1890 2.1040 0
19 2.1036 0
137 2.0969 0
297 2.0964 0
1484 2.0919 0
1933 2.0872 0
581 2.0867 0
152 2.0859 0
1491 2.0744 0
245 2.0720 0
1751 2.0641 0
1022 2.0601 0
1142 2.0567 0
243 2.0520 0
1188 2.0364 0
527 2.0322 1
1656 2.0310 0
669 2.0258 0
1010 2.0206 0
1379 2.0198 0
205 2.0137 0
674 2.0045 0
1073 2.0034 0
1937 2.0028 0
1783 2.0002 0
755 1.9998 0
211 1.9888 0
774 1.9873 0
1657 1.9816 0
1026 1.9787 0
1326 1.9781 0
1930 1.9732 0
1129 1.9682 0
1947 1.9650 0
1989 1.9597 0
151 1.9572 0
1448 1.9470 0
1741 1.9457 0
443 1.9425 0
1739 1.9421 0
1296 1.9412 0
646 1.9295 0
485 1.9293 0
1389 1.9086 0
329 1.9065 0
1914 1.9045 0
1323 1.9006 0
112 1.8941 0
1653 1.8906 0
317 1.8849 0
1468 1.8826 0
1438 1.8795 0
690 1.8759 0
1340 1.8707 0
1009 1.8625 0
120 1.8601 0
150 1.8579 0
649 1.8560 0
1237 1.8486 0
1664 1.8469 0
847 1.8459 0
1858 1.8439 0
1822 1.8411 0
487 1.8319 0
1034 1.8304 0
1153 1.8293 0
1043 1.8225 0
558 1.8168 0
1088 1.8152 0
22 1.8082 0
639 1.8061 0
1865 1.8054 0
1301 1.7897 0
560 1.7892 0
342 1.7881 0
1924 1.7858 0
227 1.7767 0
1668 1.7753 0
424 1.7717 0
1946 1.7651 0
237 1.7576 0
203 1.7570 0
143 1.7521 0
767 1.7443 0
1170 1.7423 0
182 1.7422 0
1385 1.7392 0
157 1.7376 0
1913 1.7349 0
1144 1.7312 0
1202 1.7278 0
816 1.7278 0
1878 1.7261 0
1908 1.7242 0
223 1.7138 0
1228 1.7122 0
730 1.7119 0
1149 1.7116 0
1037 1.7104 0
315 1.7036 0
815 1.7023 0
809 1.7005 0
1029 1.6939 0
221 1.6863 0
1535 1.6858 0
220 1.6827 0
1231 1.6824 0
38 1.6786 0
1713 1.6752 0
1066 1.6733 0
1044 1.6725 0
1960 1.6720 0
222 1.6668 0
658 1.6655 0
1496 1.6641 0
811 1.6633 0
1226 1.6608 0
1058 1.6592 0
974 1.6588 0
1211 1.6501 0
1790 1.6479 0
923 1.6463 0
248 1.6429 0
239 1.6406 0
1461 1.6403 0
1446 1.6365 0
1619 1.6357 0
814 1.6351 0
910 1.6350 0
488 1.6305 0
659 1.6274 0
244 1.6116 0
1917 1.5969 0
665 1.5889 0
296 1.5873 0
231 1.5809 0
1 1.5789 0
1200 1.5780 0
101 1.5727 0
1422 1.5692 0
633 1.5598 0
312 1.5548 0
1038 1.5530 0
402 1.5494 0
1901 1.5421 0
800 1.5413 0
1364 1.5390 0
302 1.5331 0
647 1.5330 0
1057 1.5306 0
1298 1.5208 0
1249 1.5166 0
1430 1.5144 0
1304 1.5076 0
161 1.5066 0
321 1.5059 0
1018 1.5057 0
1285 1.5031 0
168 1.4931 0
1763 1.4915 0
1048 1.4900 0
1789 1.4874 0
489 1.4874 0
294 1.4870 0
608 1.4754 0
856 1.4749 0
234 1.4670 0
1295 1.4653 0
406 1.4592 0
867 1.4571 0
59 1.4487 0
1187 1.4448 0
1052 1.4436 0
1426 1.4310 0
865 1.4238 0
1773 1.4139 0
1792 1.4112 0
1686 1.4099 0
383 1.4048 0
1944 1.4021 0
1700 1.4012 0
798 1.3989 0
219 1.3985 0
427 1.3970 0
771 1.3875 0
1945 1.3843 0
840 1.3817 0
950 1.3796 0
838 1.3782 0
579 1.3703 0
324 1.3675 0
942 1.3564 0
1439 1.3495 0
1315 1.3486 0
580 1.3463 0
428 1.3429 0
739 1.3397 0
1001 1.3392 0
652 1.3386 0
360 1.3332 0
552 1.3255 0
1940 1.3184 0
1431 1.3174 0
1255 1.3167 0
1002 1.3133 0
1472 1.3118 0
836 1.3096 0
140 1.3088 0
1097 1.3060 0
1369 1.3008 0
286 1.2978 0
765 1.2936 0
102 1.2885 0
584 1.2856 0
621 1.2828 0
991 1.2797 0
686 1.2750 0
254 1.2726 0
513 1.2684 1
829 1.2682 0
1680 1.2658 0
250 1.2652 0
1338 1.2637 0
612 1.2636 0
1962 1.2586 0
1459 1.2560 0
1654 1.2556 0
162 1.2507 0
1122 1.2459 0
229 1.2407 0
1146 1.2356 0
246 1.2342 0
37 1.2339 0
1151 1.2329 0
1132 1.2327 0
1424 1.2318 0
1103 1.2314 0
1698 1.2240 0
73 1.2171 0
1631 1.2055 0
1240 1.2016 0
1835 1.2014 0
1965 1.2012 0
732 1.1993 0
1445 1.1872 0
1209 1.1857 0
6 1.1831 0
1812 1.1790 0
1738 1.1753 0
1455 1.1716 0
760 1.1697 0
1244 1.1678 0
1318 1.1669 0
1602 1.1665 0
1659 1.1662 0
1984 1.1640 0
1868 1.1639 0
1709 1.1592 0
1137 1.1576 0
136 1.1534 0
832 1.1462 0
684 1.1462 0
269 1.1458 0
178 1.1320 0
721 1.1272 0
1969 1.1265 0
1840 1.1209 0
1870 1.1205 0
135 1.1188 0
657 1.1182 0
1302 1.1142 0
1212 1.1140 0
1329 1.1117 0
600 1.1088 0
184 1.1064 0
210 1.1019 0
176 1.0998 0
1966 1.0996 0
1970 1.0951 0
578 1.0939 0
1303 1.0870 0
662 1.0843 0
1538 1.0784 0
878 1.0768 0
1727 1.0702 0
623 1.0650 0
1062 1.0640 0
946 1.0602 0
841 1.0579 0
449 1.0552 0
565 1.0504 0
200 1.0500 0
270 1.0458 0
332 1.0299 0
925 1.0246 0
1869 1.0222 0
803 1.0183 0
71 1.0177 0
1952 1.0172 0
17 1.0160 0
1324 1.0126 0
349 0.9991 0
58 0.9985 0
1012 0.9983 0
1673 0.9966 0
1205 0.9959 0
455 0.9921 0
490 0.9909 0
570 0.9894 0
1270 0.9872 0
654 0.9727 0
1375 0.9716 0
225 0.9715 0
1049 0.9670 0
1817 0.9660 0
1949 0.9651 0
1674 0.9640 0
1024 0.9623 0
1429 0.9622 0
1113 0.9572 0
592 0.9539 0
1023 0.9518 0
183 0.9480 0
484 0.9437 0
819 0.9404 0
1078 0.9375 0
1925 0.9349 0
267 0.9272 0
1859 0.9233 0
95 0.9229 0
216 0.9224 0
1347 0.9154 0
287 0.9119 0
1314 0.9083 0
670 0.9048 0
148 0.9047 0
372 0.8984 0
1504 0.8962 0
1662 0.8897 0
597 0.8884 0
1847 0.8843 0
1971 0.8825 0
645 0.8807 0
1278 0.8789 0
1778 0.8740 0
1186 0.8728 0
109 0.8700 0
474 0.8682 0
708 0.8677 0
968 0.8668 0
382 0.8666 0
1853 0.8662 0
149 0.8619 0
1100 0.8575 0
50 0.8572 0
257 0.8535 0
681 0.8521 0
305 0.8510 0
1867 0.8494 0
1299 0.8468 0
808 0.8425 0
238 0.8404 0
413 0.8384 0
1065 0.8380 0
1625 0.8335 0
1866 0.8316 0
1896 0.8259 0
1139 0.8174 0
1904 0.8147 0
768 0.8107 0
1693 0.8100 0
852 0.8066 0
1401 0.8047 0
1769 0.8033 0
891 0.8031 0
1014 0.8031 0
1308 0.8026 0
682 0.7951 0
1852 0.7950 0
937 0.7923 0
1452 0.7896 0
1275 0.7892 0
208 0.7883 0
1291 0.7834 0
1981 0.7832 0
327 0.7778 0
583 0.7765 0
1366 0.7667 0
385 0.7632 0
1453 0.7620 0
1953 0.7613 0
1724 0.7603 0
262 0.7584 0
1813 0.7543 0
1408 0.7500 0
398 0.7497 0
1549 0.7478 0
1810 0.7464 0
1987 0.7434 0
1992 0.7367 0
598 0.7362 0
1440 0.7355 0
1150 0.7247 0
1321 0.7187 0
156 0.7181 0
562 0.7155 0
173 0.7152 0
1919 0.7150 0
602 0.7146 0
972 0.7132 0
1115 0.7119 0
1643 0.7102 0
147 0.6974 0
953 0.6958 0
997 0.6898 0
679 0.6896 0
979 0.6882 0
1025 0.6833 0
21 0.6829 0
970 0.6820 0
1374 0.6800 0
1733 0.6772 0
1276 0.6766 0
124 0.6724 0
1499 0.6718 0
1404 0.6715 0
1934 0.6693 0
846 0.6652 0
7 0.6643 0
1645 0.6636 0
1779 0.6601 0
1414 0.6595 0
138 0.6591 0
1378 0.6504 0
336 0.6499 0
1893 0.6420 0
1003 0.6360 0
1086 0.6348 0
1676 0.6300 0
1449 0.6283 0
1390 0.6277 0
1635 0.6220 0
268 0.6200 0
457 0.6190 0
128 0.6180 0
1882 0.6164 0
1600 0.6154 0
466 0.6144 0
381 0.6084 0
916 0.6012 0
1220 0.5997 0
872 0.5924 0
564 0.5897 0
1256 0.5853 0
1498 0.5781 0
33 0.5778 0
486 0.5758 0
1450 0.5756 0
625 0.5724 0
1128 0.5714 0
804 0.5710 0
282 0.5705 0
780 0.5693 0
1827 0.5649 0
689 0.5606 0
1860 0.5548 0
411 0.5504 0
1241 0.5494 0
1958 0.5459 0
1900 0.5426 0
1831 0.5400 0
496 0.5361 0
1845 0.5349 0
347 0.5306 0
1972 0.5282 0
1658 0.5229 0
345 0.5138 0
1480 0.5114 0
1649 0.5091 0
1968 0.5086 0
1216 0.5058 0
242 0.5040 0
1110 0.5016 0
1677 0.4996 0
1884 0.4993 0
1818 0.4975 0
1091 0.4954 0
373 0.4943 0
672 0.4910 0
1417 0.4850 0
1912 0.4845 0
823 0.4819 0
1928 0.4819 0
1307 0.4810 0
454 0.4782 0
609 0.4745 0
1980 0.4740 0
1141 0.4655 0
1171 0.4589 0
917 0.4538 0
199 0.4537 0
981 0.4536 0
996 0.4530 0
870 0.4527 0
1685 0.4523 0
191 0.4516 0
1331 0.4504 0
1711 0.4477 0
985 0.4452 0
988 0.4368 0
482 0.4330 0
661 0.4300 0
249 0.4287 0
358 0.4281 0
1092 0.4278 0
1990 0.4254 0
1293 0.4191 0
465 0.4184 0
1406 0.4168 0
1650 0.4108 0
945 0.4087 0
371 0.4083 0
922 0.4079 0
628 0.4061 0
835 0.4041 0
292 0.4036 0
1704 0.4027 0
1465 0.4023 0
1068 0.4013 0
1836 0.4006 0
1670 0.3968 0
1850 0.3964 0
1951 0.3941 0
391 0.3879 0
1458 0.3806 0
959 0.3801 0
1875 0.3775 0
1351 0.3764 0
618 0.3729 0
1165 0.3700 0
1008 0.3698 0
695 0.3670 0
251 0.3647 0
1545 0.3643 0
783 0.3632 0
1915 0.3577 0
964 0.3569 0
181 0.3556 0
105 0.3507 0
1665 0.3476 0
1437 0.3475 0
1210 0.3381 0
235 0.3335 0
475 0.3331 0
24 0.3280 0
989 0.3272 0
944 0.3233 0
108 0.3204 0
1997 0.3198 0
1313 0.3151 0
1767 0.3141 0
1266 0.3128 0
440 0.3112 0
874 0.3111 0
1373 0.3110 0
692 0.3109 0
464 0.3080 0
266 0.3078 0
393 0.3069 0
144 0.3032 0
1067 0.3017 0
1994 0.2997 0
1728 0.2978 0
1148 0.2944 0
1737 0.2926 0
1032 0.2895 0
193 0.2849 0
1918 0.2834 0
1663 0.2780 0
87 0.2774 0
472 0.2704 0
757 0.2702 0
1873 0.2513 0
277 0.2468 0
1094 0.2459 0
1175 0.2456 0
586 0.2454 0
9 0.2404 0
1006 0.2391 0
1363 0.2364 0
1926 0.2357 0
884 0.2356 0
473 0.2318 0
617 0.2297 0
367 0.2288 0
567 0.2258 0
1543 0.2211 0
1993 0.2210 0
1402 0.2207 0
667 0.2159 0
1072 0.2108 0
1155 0.2086 0
748 0.2077 0
230 0.2076 0
1084 0.1990 0
175 0.1983 0
122 0.1944 0
1776 0.1942 0
1957 0.1879 0
915 0.1837 0
306 0.1821 0
1394 0.1813 0
1059 0.1812 0
1395 0.1790 0
1708 0.1783 0
49 0.1762 0
900 0.1751 0
758 0.1746 0
824 0.1713 0
1123 0.1709 0
1225 0.1706 0
987 0.1699 0
1720 0.1667 0
1074 0.1656 0
117 0.1623 0
335 0.1621 0
715 0.1616 0
328 0.1611 0
675 0.1606 0
1671 0.1552 0
1829 0.1551 0
1444 0.1549 0
416 0.1543 0
770 0.1516 0
605 0.1473 0
1053 0.1463 0
170 0.1454 0
1294 0.1453 0
388 0.1416 0
1620 0.1385 0
632 0.1384 0
1798 0.1372 0
664 0.1321 0
159 0.1296 0
187 0.1252 0
48 0.1245 0
754 0.1206 0
350 0.1196 0
1691 0.1171 0
1682 0.1132 0
1742 0.1100 0
75 0.1071 0
1365 0.1064 0
1108 0.1042 0
1021 0.0988 0
551 0.0971 0
706 0.0965 0
437 0.0932 0
1319 0.0927 0
1667 0.0909 0
720 0.0897 0
493 0.0880 0
1642 0.0831 0
1070 0.0743 0
1310 0.0725 0
177 0.0673 0
174 0.0667 0
966 0.0665 0
1099 0.0633 0
215 0.0631 0
791 0.0626 0
1085 0.0610 0
1095 0.0572 0
90 0.0566 0
153 0.0554 0
1334 0.0552 0
492 0.0551 0
405 0.0492 0
240 0.0473 0
1387 0.0466 0
435 0.0447 0
862 0.0430 0
1061 0.0406 0
1675 0.0405 0
362 0.0390 0
992 0.0373 0
1410 0.0356 0
610 0.0319 0
983 0.0241 0
663 0.0241 0
1076 0.0229 0
921 0.0187 0
553 0.0154 0
1678 0.0147 0
375 0.0144 0
1974 0.0141 0
982 0.0137 0
195 0.0127 0
1104 0.0123 0
384 0.0099 0
1501 0.0098 0
1634 0.0096 0
1174 0.0053 0
125 0.0006 0
1622 -0.0041 0
642 -0.0051 0
1134 -0.0121 0
1629 -0.0132 0
827 -0.0178 0
1803 -0.0200 0
1130 -0.0201 0
468 -0.0237 0
1283 -0.0300 0
121 -0.0329 0
1848 -0.0377 0
15 -0.0430 0
379 -0.0460 0
1672 -0.0469 0
1019 -0.0488 0
276 -0.0494 0
1786 -0.0500 0
589 -0.0551 0
145 -0.0556 0
1731 -0.0589 0
1391 -0.0618 0
1830 -0.0624 0
295 -0.0630 0
1344 -0.0634 0
582 -0.0659 0
1638 -0.0690 0
1842 -0.0697 0
218 -0.0732 0
1805 -0.0737 0
1412 -0.0757 0
1093 -0.0761 0
390 -0.0806 0
1661 -0.0852 0
110 -0.0884 0
1601 -0.0896 0
1744 -0.0933 0
1325 -0.0961 0
368 -0.0970 0
1384 -0.1001 0
1777 -0.1014 0
1995 -0.1023 0
430 -0.1076 0
1359 -0.1103 0
476 -0.1106 0
960 -0.1128 0
166 -0.1159 0
869 -0.1186 0
253 -0.1216 0
255 -0.1223 0
875 -0.1224 0
106 -0.1288 0
418 -0.1302 0
1198 -0.1381 0
1377 -0.1447 0
668 -0.1471 0
934 -0.1488 0
1973 -0.1511 0
1262 -0.1521 0
863 -0.1526 0
1505 -0.1552 0
967 -0.1590 0
1261 -0.1593 0
1942 -0.1640 0
212 -0.1642 0
782 -0.1644 0
1837 -0.1648 0
1703 -0.1732 0
655 -0.1793 0
1017 -0.1831 0
1735 -0.1838 0
958 -0.1842 0
1959 -0.1842 0
2 -0.1869 0
930 -0.1876 0
1349 -0.1901 0
180 -0.1902 0
13 -0.1919 0
357 -0.1922 0
630 -0.1935 0
119 -0.1940 0
68 -0.1946 0
1521 -0.1973 0
1641 -0.1996 0
1362 -0.2029 0
1381 -0.2079 0
1350 -0.2103 0
319 -0.2115 0
753 -0.2130 0
313 -0.2146 0
1666 -0.2188 0
412 -0.2248 0
881 -0.2276 0
1797 -0.2314 0
1861 -0.2321 0
291 -0.2326 0
325 -0.2331 0
20 -0.2337 0
1775 -0.2356 0
1749 -0.2364 0
314 -0.2377 0
1243 -0.2385 0
1517 -0.2388 0
1360 -0.2445 0
299 -0.2446 0
698 -0.2474 0
265 -0.2542 0
370 -0.2547 0
973 -0.2623 0
1604 -0.2641 0
1252 -0.2644 0
1497 -0.2652 0
656 -0.2684 0
634 -0.2705 0
1071 -0.2716 0
1050 -0.2732 0
955 -0.2761 0
377 -0.2761 0
1136 -0.2780 0
1460 -0.2782 0
766 -0.2783 0
697 -0.2798 0
422 -0.2837 0
724 -0.2870 0
158 -0.2896 0
1943 -0.2907 0
1608 -0.2925 0
961 -0.2934 0
1717 -0.3009 0
1756 -0.3010 0
952 -0.3017 0
403 -0.3034 0
4 -0.3099 0
940 -0.3155 0
1288 -0.3161 0
614 -0.3184 0
818 -0.3200 0
228 -0.3212 0
773 -0.3217 0
397 -0.3256 0
644 -0.3272 0
1028 -0.3276 0
1181 -0.3293 0
271 -0.3294 0
1854 -0.3314 0
733 -0.3319 0
1286 -0.3336 0
1177 -0.3359 0
1811 -0.3436 0
1467 -0.3457 0
189 -0.3468 0
359 -0.3474 0
1483 -0.3475 0
12 -0.3482 0
380 -0.3490 0
1333 -0.3497 0
247 -0.3512 0
43 -0.3514 0
1874 -0.3527 0
1761 -0.3528 0
722 -0.3568 0
116 -0.3583 0
1979 -0.3668 0
895 -0.3701 0
1478 -0.3709 0
559 -0.3764 0
188 -0.3771 0
1124 -0.3849 0
164 -0.3862 0
1051 -0.3869 0
1485 -0.3875 0
1996 -0.3877 0
1030 -0.3897 0
1300 -0.3899 0
833 -0.3938 0
1522 -0.3940 0
797 -0.4011 0
626 -0.4057 0
1910 -0.4150 0
914 -0.4169 0
1490 -0.4205 0
1339 -0.4211 0
1652 -0.4222 0
977 -0.4245 0
1004 -0.4249 0
1271 -0.4280 0
858 -0.4296 0
192 -0.4302 0
74 -0.4353 0
1542 -0.4375 0
163 -0.4377 0
1397 -0.4382 0
1432 -0.4420 0
179 -0.4451 0
1230 -0.4466 0
1759 -0.4475 0
1903 -0.4479 0
1640 -0.4492 0
88 -0.4518 0
1433 -0.4524 0
651 -0.4559 0
1199 -0.4617 0
995 -0.4643 0
1486 -0.4643 0
1548 -0.4669 0
1909 -0.4677 0
434 -0.4702 0
1646 -0.4708 0
258 -0.4712 0
556 -0.4728 0
854 -0.4734 0
1772 -0.4789 0
113 -0.4795 0
864 -0.4822 0
1500 -0.4860 0
573 -0.4866 0
1883 -0.4872 0
971 -0.4876 0
1316 -0.4882 0
1482 -0.4896 0
202 -0.4915 0
1337 -0.4957 0
666 -0.4957 0
740 -0.4963 0
369 -0.5031 0
134 -0.5093 0
761 -0.5108 0
458 -0.5137 0
1309 -0.5140 0
1164 -0.5184 0
1185 -0.5198 0
1193 -0.5199 0
927 -0.5221 0
1436 -0.5225 0
1297 -0.5243 0
1782 -0.5257 0
171 -0.5260 0
1898 -0.5263 0
555 -0.5267 0
429 -0.5303 0
1715 -0.5303 0
883 -0.5303 0
1679 -0.5377 0
1166 -0.5378 0
1694 -0.5387 0
1955 -0.5416 0
1809 -0.5420 0
1105 -0.5450 0
1098 -0.5485 0
167 -0.5503 0
378 -0.5552 0
1800 -0.5555 0
111 -0.5559 0
978 -0.5564 0
1821 -0.5565 0
213 -0.5589 0
1190 -0.5596 0
1961 -0.5611 0
293 -0.5642 0
1400 -0.5699 0
1045 -0.5707 0
353 -0.5716 0
1330 -0.5763 0
709 -0.5840 0
1702 -0.5849 0
1227 -0.5886 0
1367 -0.5900 0
1699 -0.5902 0
1317 -0.5929 0
1396 -0.5930 0
1254 -0.5963 0
1781 -0.5985 0
713 -0.5986 0
1118 -0.6025 0
1823 -0.6100 0
1807 -0.6129 0
1403 -0.6138 0
1442 -0.6186 0
1263 -0.6195 0
1143 -0.6219 0
1826 -0.6247 0
1152 -0.6265 0
1253 -0.6292 0
280 -0.6296 0
363 -0.6304 0
1466 -0.6319 0
1510 -0.6331 0
481 -0.6337 0
963 -0.6400 0
289 -0.6457 0
877 -0.6498 0
1706 -0.6501 0
1557 -0.6509 0
1416 -0.6523 0
1723 -0.6575 0
1983 -0.6610 0
419 -0.6673 0
1527 -0.6701 0
376 -0.6718 0
1628 -0.6855 0
10 -0.6866 0
308 -0.6888 0
1245 -0.6930 0
1119 -0.6932 0
1895 -0.6947 0
850 -0.6951 0
845 -0.6952 0
913 -0.7004 0
1265 -0.7006 0
1734 -0.7014 0
196 -0.7048 0
885 -0.7051 0
154 -0.7068 0
1342 -0.7069 0
1637 -0.7115 0
660 -0.7118 0
880 -0.7201 0
855 -0.7204 0
67 -0.7234 0
1172 -0.7238 0
1732 -0.7252 0
483 -0.7262 0
1774 -0.7265 0
352 -0.7279 0
78 -0.7291 0
415 -0.7324 0
1838 -0.7334 0
52 -0.7346 0
1090 -0.7349 0
1712 -0.7387 0
399 -0.7424 0
1087 -0.7429 0
1722 -0.7455 0
451 -0.7539 0
1089 -0.7546 0
703 -0.7550 0
912 -0.7551 0
907 -0.7602 0
452 -0.7624 0
772 -0.7628 0
1409 -0.7645 0
998 -0.7701 0
615 -0.7719 0
1887 -0.7727 0
3 -0.7752 0
1696 -0.7754 0
1163 -0.7869 0
1492 -0.7883 0
888 -0.7884 0
1035 -0.7919 0
1341 -0.7926 0
825 -0.7932 0
1121 -0.7943 0
1547 -0.8007 0
607 -0.8026 0
1290 -0.8042 0
561 -0.8048 0
408 -0.8097 0
185 -0.8173 0
1421 -0.8197 0
445 -0.8203 0
463 -0.8227 0
1839 -0.8228 0
687 -0.8239 0
956 -0.8240 0
1411 -0.8242 0
718 -0.8246 0
1361 -0.8264 0
785 -0.8291 0
1368 -0.8307 0
1083 -0.8389 0
395 -0.8395 0
1502 -0.8396 0
1624 -0.8426 0
1005 -0.8430 0
165 -0.8444 0
1353 -0.8444 0
1392 -0.8460 0
799 -0.8508 0
939 -0.8514 0
1614 -0.8517 0
1788 -0.8532 0
650 -0.8537 0
839 -0.8544 0
389 -0.8585 0
1519 -0.8629 0
830 -0.8657 0
566 -0.8696 0
1999 -0.8763 0
423 -0.8826 0
911 -0.8827 0
727 -0.8834 0
309 -0.8915 0
361 -0.8924 0
1352 -0.8945 0
1633 -0.8945 0
1000 -0.8949 0
1463 -0.8960 0
1880 -0.8970 0
906 -0.8970 0
853 -0.8976 0
572 -0.8979 0
887 -0.9016 0
70 -0.9019 0
554 -0.9027 0
747 -0.9036 0
1941 -0.9086 0
759 -0.9144 0
1419 -0.9164 0
478 -0.9168 0
1479 -0.9187 0
366 -0.9227 0
1420 -0.9231 0
410 -0.9278 0
1618 -0.9303 0
699 -0.9333 0
1031 -0.9335 0
1477 -0.9378 0
1705 -0.9388 0
80 -0.9395 0
1371 -0.9451 0
1610 -0.9471 0
568 -0.9486 0
1766 -0.9509 0
1264 -0.9533 0
627 -0.9558 0
685 -0.9571 0
114 -0.9618 0
962 -0.9645 0
256 -0.9651 0
776 -0.9656 0
387 -0.9661 0
1690 -0.9682 0
1612 -0.9687 0
341 -0.9704 0
1117 -0.9758 0
1488 -0.9791 0
14 -0.9806 0
1894 -0.9822 0
1954 -0.9826 0
938 -0.9837 0
35 -0.9908 0
439 -0.9908 0
590 -0.9909 0
1474 -0.9913 0
1306 -0.9922 0
897 -0.9933 0
902 -0.9984 0
477 -0.9997 0
42 -1.0002 0
53 -1.0056 0
1415 -1.0067 0
886 -1.0186 0
421 -1.0210 0
1806 -1.0383 0
1632 -1.0459 0
680 -1.0510 0
904 -1.0547 0
1787 -1.0593 0
141 -1.0594 0
1804 -1.0649 0
444 -1.0653 0
1041 -1.0676 0
619 -1.0678 0
1816 -1.0681 0
1719 -1.0794 0
72 -1.0810 0
1116 -1.0826 0
616 -1.0832 0
736 -1.0840 0
1016 -1.0846 0
1287 -1.0861 0
868 -1.0876 0
1435 -1.0885 0
438 -1.0895 0
993 -1.0964 0
1232 -1.0971 0
696 -1.1069 0
980 -1.1075 0
356 -1.1105 0
252 -1.1105 0
947 -1.1106 0
283 -1.1149 0
1681 -1.1204 0
425 -1.1308 0
461 -1.1314 0
1879 -1.1418 0
1536 -1.1424 0
1575 -1.1444 0
1267 -1.1463 0
65 -1.1464 0
994 -1.1494 0
1469 -1.1553 0
436 -1.1574 0
591 -1.1574 0
557 -1.1675 0
596 -1.1732 0
441 -1.1743 0
848 -1.1757 0
593 -1.1844 0
741 -1.1895 0
495 -1.1957 0
1259 -1.2018 0
1902 -1.2030 0
394 -1.2187 0
447 -1.2264 0
1079 -1.2296 0
750 -1.2320 0
1692 -1.2343 0
1689 -1.2345 0
1162 -1.2394 0
273 -1.2395 0
1064 -1.2441 0
1716 -1.2445 0
1493 -1.2527 0
1011 -1.2571 0
1824 -1.2576 0
1864 -1.2594 0
1585 -1.2602 0
1725 -1.2648 0
1747 -1.2648 0
802 -1.2650 0
209 -1.2665 0
272 -1.2778 0
471 -1.2874 0
1565 -1.2901 0
400 -1.3033 0
777 -1.3055 0
1372 -1.3068 0
288 -1.3080 0
131 -1.3085 0
1441 -1.3096 0
935 -1.3104 0
1655 -1.3113 0
1257 -1.3123 0
1495 -1.3139 0
746 -1.3184 0
194 -1.3196 0
1039 -1.3224 0
1451 -1.3255 0
499 -1.3301 0
969 -1.3308 0
1399 -1.3349 0
943 -1.3350 0
1476 -1.3371 0
1281 -1.3479 0
810 -1.3508 0
594 -1.3508 0
1454 -1.3531 0
1007 -1.3587 0
778 -1.3596 0
928 -1.3609 0
1541 -1.3616 0
1740 -1.3647 0
624 -1.3678 0
94 -1.3704 0
1885 -1.3708 0
588 -1.3727 0
1154 -1.3735 0
924 -1.3744 0
603 -1.3783 0
837 -1.3805 0
469 -1.3846 0
1189 -1.3913 0
1383 -1.4001 0
31 -1.4040 0
259 -1.4052 0
876 -1.4071 0
1750 -1.4081 0
5 -1.4128 0
226 -1.4247 0
866 -1.4303 0
1963 -1.4321 0
1106 -1.4361 0
1814 -1.4369 0
1473 -1.4534 0
1508 -1.4540 0
1511 -1.4562 0
702 -1.4577 0
643 -1.4592 0
64 -1.4626 0
1607 -1.4628 0
749 -1.4652 0
1335 -1.4718 0
1988 -1.4724 0
279 -1.4745 0
84 -1.4765 0
1684 -1.4787 0
717 -1.4865 0
796 -1.4918 0
599 -1.4936 0
743 -1.4986 0
365 -1.4986 0
671 -1.5010 0
857 -1.5047 0
1311 -1.5069 0
1075 -1.5144 0
1701 -1.5168 0
704 -1.5198 0
290 -1.5220 0
1195 -1.5225 0
1729 -1.5234 0
1056 -1.5235 0
1753 -1.5300 0
45 -1.5320 0
431 -1.5344 0
346 -1.5370 0
1754 -1.5375 0
1523 -1.5376 0
905 -1.5381 0
1752 -1.5413 0
1328 -1.5443 0
1457 -1.5444 0
446 -1.5513 0
550 -1.5515 0
574 -1.5517 0
965 -1.5564 0
1977 -1.5564 0
1978 -1.5573 0
99 -1.5598 0
728 -1.5627 0
1382 -1.5668 0
861 -1.5690 0
1434 -1.5698 0
941 -1.5765 0
25 -1.5796 0
130 -1.5836 0
298 -1.5875 0
1609 -1.5953 0
1159 -1.5984 0
420 -1.6031 0
66 -1.6061 0
1985 -1.6062 0
34 -1.6077 0
1277 -1.6154 0
1513 -1.6155 0
711 -1.6156 0
1273 -1.6198 0
355 -1.6221 0
707 -1.6298 0
929 -1.6301 0
745 -1.6311 0
676 -1.6331 0
160 -1.6367 0
1785 -1.6455 0
1872 -1.6483 0
1464 -1.6550 0
459 -1.6629 0
1794 -1.6650 0
752 -1.6678 0
787 -1.6770 0
843 -1.6783 0
1376 -1.7014 0
712 -1.7031 0
1348 -1.7040 0
1197 -1.7092 0
1825 -1.7104 0
1931 -1.7118 0
264 -1.7181 0
46 -1.7189 0
1272 -1.7264 0
1784 -1.7280 0
1802 -1.7308 0
918 -1.7349 0
948 -1.7453 0
1644 -1.7460 0
396 -1.7463 0
354 -1.7479 0
673 -1.7509 0
896 -1.7513 0
792 -1.7530 0
1647 -1.7538 0
1423 -1.7577 0
1534 -1.7585 0
1967 -1.7646 0
169 -1.7662 0
233 -1.7754 0
260 -1.7756 0
595 -1.7823 0
1819 -1.7864 0
790 -1.7892 0
1027 -1.7947 0
1069 -1.7956 0
1606 -1.7978 0
1520 -1.7983 0
1964 -1.8050 0
1269 -1.8076 0
859 -1.8177 0
1791 -1.8188 0
1040 -1.8312 0
1605 -1.8321 0
1799 -1.8342 0
392 -1.8362 0
261 -1.8491 0
414 -1.8529 0
1096 -1.8542 0
284 -1.8570 0
763 -1.8570 0
1801 -1.8572 0
984 -1.8605 0
1509 -1.8692 0
11 -1.8769 0
1748 -1.8817 0
1102 -1.8823 0
1834 -1.8852 0
933 -1.8894 0
62 -1.8899 0
1322 -1.8950 0
1626 -1.8955 0
1514 -1.9033 0
1544 -1.9033 0
1388 -1.9050 0
1292 -1.9067 0
976 -1.9082 0
705 -1.9092 0
142 -1.9099 0
1125 -1.9123 0
214 -1.9157 0
1489 -1.9212 0
57 -1.9223 0
1755 -1.9232 0
1808 -1.9287 0
734 -1.9313 0
16 -1.9313 0
931 -1.9382 0
1746 -1.9405 0
60 -1.9413 0
448 -1.9448 0
636 -1.9707 0
762 -1.9714 0
1515 -1.9732 0
920 -1.9813 0
456 -1.9846 0
40 -1.9866 0
1184 -1.9952 0
1764 -1.9956 0
1743 -1.9962 0
281 -2.0025 0
683 -2.0044 0
1217 -2.0056 0
723 -2.0096 0
1564 -2.0147 0
820 -2.0209 0
285 -2.0235 0
1013 -2.0242 0
1260 -2.0273 0
779 -2.0278 0
1120 -2.0295 0
442 -2.0331 0
999 -2.0348 0
901 -2.0424 0
1196 -2.0432 0
1274 -2.0511 0
1757 -2.0570 0
1528 -2.0586 0
217 -2.0603 0
1516 -2.0649 0
1112 -2.0701 0
1815 -2.0701 0
710 -2.0834 0
1553 -2.0942 0
648 -2.0950 0
571 -2.0983 0
83 -2.0995 0
1179 -2.0997 0
1475 -2.1004 0
894 -2.1023 0
742 -2.1161 0
1697 -2.1164 0
1312 -2.1193 0
726 -2.1197 0
577 -2.1371 0
1456 -2.1400 0
1762 -2.1521 0
1156 -2.1539 0
1611 -2.1551 0
1998 -2.1597 0
55 -2.1637 0
731 -2.1723 0
860 -2.1803 0
1015 -2.1951 0
1687 -2.1983 0
98 -2.2101 0
1765 -2.2282 0
275 -2.2294 0
769 -2.2343 0
1182 -2.2403 0
1630 -2.2445 0
735 -2.2469 0
638 -2.2485 0
1279 -2.2554 0
688 -2.2556 0
1718 -2.2581 0
882 -2.2624 0
1707 -2.2694 0
1503 -2.2754 0
364 -2.2793 0
936 -2.2861 0
716 -2.2861 0
975 -2.2905 0
1251 -2.2952 0
1393 -2.2988 0
407 -2.3053 0
8 -2.3071 0
1844 -2.3112 0
781 -2.3151 0
91 -2.3160 0
1533 -2.3203 0
76 -2.3260 0
1526 -2.3333 0
1849 -2.3336 0
1550 -2.3381 0
606 -2.3402 0
1581 -2.3438 0
139 -2.3548 0
29 -2.3644 0
1615 -2.3724 0
1268 -2.3773 0
1524 -2.3888 0
620 -2.3900 0
404 -2.3967 0
1413 -2.4083 0
1540 -2.4093 0
725 -2.4142 0
1530 -2.4150 0
1768 -2.4187 0
1721 -2.4233 0
1982 -2.4351 0
1506 -2.4381 0
1598 -2.4587 0
1386 -2.4638 0
1531 -2.4682 0
1471 -2.4728 0
1561 -2.4742 0
701 -2.4958 0
351 -2.4974 0
738 -2.4987 0
1648 -2.5175 0
27 -2.5177 0
1627 -2.5196 0
1617 -2.5251 0
1512 -2.5376 0
1795 -2.5551 0
1518 -2.5763 0
92 -2.5783 0
949 -2.5883 0
1897 -2.5906 0
1889 -2.6306 0
1167 -2.6374 0
54 -2.6628 0
1621 -2.6786 0
1560 -2.6970 0
1574 -2.7182 0
1669 -2.7249 0
26 -2.7427 0
821 -2.7472 0
1736 -2.7519 0
587 -2.7597 0
409 -2.7667 0
1047 -2.7713 0
1833 -2.7848 0
1289 -2.8091 0
498 -2.8286 0
641 -2.8369 0
86 -2.8437 0
700 -2.8470 0
1760 -2.8586 0
1525 -2.8599 0
1584 -2.8670 0
61 -2.8957 0
497 -2.8979 0
1168 -2.9022 0
1284 -2.9086 0
23 -2.9189 0
744 -2.9312 0
39 -2.9516 0
1201 -2.9669 0
909 -2.9919 0
563 -2.9920 0
1487 -2.9984 0
871 -2.9990 0
751 -2.9994 0
417 -3.0406 0
69 -3.0431 0
77 -3.0436 0
97 -3.0464 0
82 -3.0494 0
1592 -3.0697 0
585 -3.0706 0
1558 -3.0833 0
1793 -3.0883 0
613 -3.0996 0
1042 -3.1028 0
93 -3.1298 0
1551 -3.1389 0
1891 -3.1486 0
1258 -3.1491 0
1843 -3.1546 0
569 -3.1661 0
1157 -3.1692 0
56 -3.1868 0
1639 -3.2139 0
51 -3.2267 0
401 -3.2319 0
1586 -3.2343 0
1355 -3.2363 0
1730 -3.2916 0
263 -3.3093 0
1603 -3.3268 0
1537 -3.3322 0
1623 -3.3978 0
1828 -3.4441 0
576 -3.4514 0
433 -3.4546 0
1539 -3.5095 0
1354 -3.5221 0
1507 -3.5408 0
81 -3.5544 0
794 -3.5979 0
1820 -3.6542 0
89 -3.6558 0
764 -3.6876 0
96 -3.7487 0
635 -3.7743 0
1596 -3.7749 0
1780 -3.7787 0
1346 -3.7884 0
79 -3.8154 0
719 -3.9154 0
63 -3.9318 0
1169 -3.9580 0
30 -4.0129 0
1555 -4.1104 0
1580 -4.1306 0
1571 -4.2367 0
691 -4.2582 0
611 -4.2759 0
784 -4.2774 0
1532 -4.3030 0
1160 -4.3066 0
1597 -4.3070 0
1599 -4.3133 0
1587 -4.3572 0
1832 -4.4582 0
1582 -4.4810 0
737 -4.6274 0
1556 -4.6323 0
1562 -4.6437 0
919 -4.7129 0
1595 -4.7269 0
1567 -4.8212 0
1568 -4.8524 0
1590 -4.8650 0
1855 -5.2526 0
1588 -5.2541 0
1758 -5.2898 0
1576 -5.2983 0
1563 -5.2997 0
1579 -5.3663 0
1559 -5.4285 0
1591 -5.5453 0
1578 -5.6861 0
0 -5.9329 0
1594 -5.9940 0
1554 -6.1689 0
1577 -6.2824 0
1583 -6.5023 0
1589 -6.5334 0
1569 -6.5368 0
1572 -6.5448 0
1398 -6.6263 0
1593 -6.8954 0
1566 -7.0926 0
1570 -7.6537 0
1552 -7.7472 0
1573 -7.9157 0
