589 36.1925 1
587 30.1008 1
593 27.2165 1
554 27.1365 1
580 26.7725 1
576 26.0833 1
558 25.7057 1
556 25.6338 1
571 23.4904 1
559 23.1825 1
562 22.5411 1
592 22.1421 1
570 21.8900 1
563 20.7738 1
595 20.6476 1
552 19.9578 1
594 18.2921 1
598 17.8352 1
586 17.7935 1
553 16.8937 1
572 16.5370 1
573 16.1236 1
588 16.1026 1
565 15.7918 1
575 15.6728 1
579 15.5487 1
569 15.0314 1
566 14.6773 1
557 14.6276 1
561 13.6799 1
555 12.5264 1
596 12.2925 1
581 11.4428 1
719 10.6854 0
567 10.5580 1
585 10.4768 1
590 9.7961 1
568 8.2920 1
494 7.9478 0
582 7.4313 1
583 7.3432 1
577 7.0558 1
1220 6.9049 0
597 6.7514 1
551 6.5573 1
1301 6.4272 0
564 6.3427 1
416 6.1579 0
1029 6.0221 0
390 5.4665 0
550 5.2051 1
1186 5.1195 0
1618 5.0380 0
417 4.8867 0
1305 4.8812 0
409 4.8478 0
1610 4.7759 0
1402 4.7138 0
591 4.6186 1
210 4.6166 0
450 4.5878 0
700 4.5873 0
944 4.5405 0
65 4.4478 0
1148 4.4361 0
747 4.3964 0
736 4.3930 0
926 4.3914 0
363 4.3892 0
1337 4.3006 0
578 4.2872 1
1861 4.1483 0
10 4.1480 0
430 4.1130 0
1849 4.0934 0
711 4.0873 0
1232 4.0592 0
718 4.0010 0
778 3.9998 0
1897 3.9963 0
529 3.9172 0
725 3.7524 0
681 3.6321 0
830 3.6100 0
361 3.6037 0
1867 3.5402 0
1887 3.5043 0
530 3.4760 0
720 3.4368 0
702 3.4187 0
710 3.3175 0
809 3.2882 0
1860 3.2786 0
705 3.2757 0
1311 3.2694 0
1938 3.2317 0
704 3.2031 0
208 3.1952 0
1320 3.1924 0
505 3.1796 0
1857 3.1471 0
828 3.1113 0
1854 3.0902 0
364 3.0791 0
1077 3.0039 0
837 2.9810 0
1886 2.9610 0
1889 2.9549 0
722 2.9509 0
744 2.9403 0
584 2.9244 1
717 2.8923 0
7 2.8811 0
701 2.8452 0
1808 2.8322 0
1210 2.7817 0
444 2.7607 0
1829 2.7460 0
824 2.7389 0
88 2.7263 0
1818 2.7118 0
841 2.7115 0
1712 2.7018 0
1958 2.6843 0
490 2.6499 0
446 2.6474 0
706 2.6447 0
331 2.6194 0
734 2.5703 0
894 2.5641 0
1621 2.5640 0
21 2.5595 0
418 2.5463 0
1843 2.5246 0
84 2.5208 0
1777 2.5121 0
1636 2.5111 0
749 2.5078 0
707 2.5004 0
738 2.4410 0
369 2.4408 0
497 2.4315 0
731 2.4142 0
726 2.4114 0
716 2.4066 0
1874 2.3788 0
1054 2.3746 0
721 2.3689 0
481 2.3598 0
1833 2.3311 0
1335 2.3183 0
899 2.3048 0
125 2.3014 0
645 2.2901 0
1098 2.2862 0
404 2.2554 0
1846 2.2507 0
1216 2.2071 0
41 2.2059 0
1739 2.2012 0
574 2.1741 1
1786 2.1708 0
683 2.1563 0
862 2.1312 0
247 2.1252 0
432 2.1076 0
441 2.1062 0
516 2.0907 0
1810 2.0824 0
743 2.0703 0
46 2.0645 0
727 2.0552 0
401 2.0548 0
1827 2.0443 0
136 2.0442 0
741 2.0428 0
296 2.0387 0
612 2.0336 0
730 2.0297 0
20 2.0090 0
695 2.0057 0
82 1.9759 0
1855 1.9757 0
406 1.9216 0
1895 1.9018 0
429 1.8989 0
1852 1.8983 0
737 1.8972 0
1837 1.8870 0
353 1.8854 0
599 1.8849 1
1237 1.8841 0
383 1.8816 0
1082 1.8729 0
415 1.8659 0
410 1.8580 0
411 1.8508 0
728 1.8483 0
1102 1.8388 0
360 1.8331 0
288 1.8283 0
75 1.8151 0
156 1.8128 0
90 1.8059 0
911 1.7977 0
748 1.7933 0
739 1.7798 0
1985 1.7732 0
729 1.7426 0
708 1.7347 0
956 1.7287 0
1001 1.7256 0
1075 1.7226 0
439 1.7028 0
842 1.6894 0
1801 1.6825 0
436 1.6802 0
1197 1.6764 0
896 1.6730 0
1815 1.6653 0
1832 1.6581 0
1106 1.6513 0
703 1.6362 0
1325 1.6341 0
24 1.6261 0
307 1.6225 0
632 1.6209 0
611 1.6167 0
158 1.6064 0
833 1.6046 0
724 1.6045 0
1823 1.6016 0
284 1.5917 0
440 1.5790 0
740 1.5785 0
483 1.5487 0
347 1.5432 0
53 1.5388 0
1751 1.5260 0
4 1.5195 0
1878 1.5013 0
1995 1.4925 0
1902 1.4894 0
1031 1.4746 0
1424 1.4732 0
215 1.4618 0
882 1.4459 0
1696 1.4362 0
221 1.4323 0
35 1.4048 0
60 1.3783 0
714 1.3773 0
715 1.3674 0
1806 1.3660 0
299 1.3646 0
834 1.3618 0
1139 1.3481 0
1003 1.3389 0
1706 1.3216 0
1813 1.3155 0
1226 1.3114 0
1807 1.3037 0
1020 1.2990 0
904 1.2931 0
1798 1.2924 0
545 1.2889 0
349 1.2800 0
482 1.2745 0
492 1.2724 0
443 1.2697 0
923 1.2678 0
43 1.2645 0
1865 1.2568 0
1963 1.2387 0
1116 1.2272 0
1820 1.2267 0
1941 1.2215 0
1740 1.2209 0
746 1.2158 0
1243 1.2135 0
6 1.2048 0
984 1.1938 0
1330 1.1880 0
745 1.1849 0
1841 1.1743 0
172 1.1717 0
1627 1.1633 0
699 1.1602 0
735 1.1547 0
394 1.1480 0
1762 1.1438 0
421 1.1430 0
713 1.1364 0
843 1.1362 0
1012 1.1349 0
445 1.1199 0
335 1.0937 0
1819 1.0932 0
1987 1.0830 0
1427 1.0801 0
407 1.0794 0
1817 1.0442 0
1097 1.0397 0
560 1.0395 1
1477 1.0327 0
77 1.0289 0
511 1.0281 0
614 1.0273 0
422 1.0269 0
1202 1.0182 0
1 1.0108 0
348 1.0085 0
1608 1.0053 0
648 1.0046 0
27 1.0033 0
1884 1.0024 0
1399 0.9940 0
433 0.9859 0
256 0.9858 0
802 0.9783 0
625 0.9748 0
1306 0.9649 0
1096 0.9577 0
1548 0.9527 0
1766 0.9501 0
1372 0.9447 0
1492 0.9389 0
1981 0.9362 0
365 0.9304 0
1811 0.9255 0
1978 0.9187 0
801 0.9147 0
1429 0.8938 0
442 0.8892 0
1628 0.8766 0
427 0.8709 0
1135 0.8635 0
742 0.8559 0
1307 0.8558 0
0 0.8475 0
891 0.8458 0
1838 0.8409 0
405 0.8403 0
464 0.8402 0
1133 0.8275 0
1839 0.8257 0
49 0.8249 0
709 0.8242 0
1643 0.8064 0
200 0.8040 0
1966 0.8006 0
1401 0.7961 0
456 0.7548 0
667 0.7392 0
1634 0.7381 0
712 0.7365 0
1185 0.7309 0
385 0.7230 0
227 0.7230 0
507 0.7139 0
1329 0.7031 0
396 0.7024 0
732 0.7016 0
1835 0.6955 0
57 0.6944 0
1247 0.6871 0
26 0.6865 0
1824 0.6831 0
1980 0.6802 0
438 0.6800 0
395 0.6791 0
634 0.6670 0
47 0.6633 0
68 0.6568 0
1847 0.6483 0
366 0.6414 0
393 0.6395 0
954 0.6395 0
223 0.6339 0
18 0.6187 0
1781 0.6164 0
1834 0.6091 0
276 0.6088 0
780 0.5920 0
1644 0.5914 0
371 0.5903 0
238 0.5826 0
816 0.5746 0
938 0.5581 0
859 0.5521 0
503 0.5519 0
1705 0.5290 0
789 0.5288 0
1113 0.5262 0
64 0.5233 0
1965 0.5200 0
50 0.5072 0
1188 0.5070 0
1816 0.4990 0
1844 0.4980 0
812 0.4959 0
1073 0.4864 0
420 0.4864 0
86 0.4842 0
1979 0.4810 0
1760 0.4757 0
178 0.4674 0
447 0.4611 0
1033 0.4588 0
687 0.4459 0
70 0.4291 0
66 0.4194 0
229 0.4187 0
1030 0.4150 0
1165 0.4087 0
857 0.4038 0
1061 0.3941 0
1142 0.3871 0
621 0.3724 0
377 0.3722 0
1204 0.3704 0
425 0.3603 0
823 0.3587 0
508 0.3569 0
1888 0.3530 0
1850 0.3507 0
1174 0.3487 0
1882 0.3478 0
921 0.3477 0
423 0.3473 0
1864 0.3399 0
403 0.3376 0
840 0.3356 0
95 0.3348 0
1604 0.3339 0
1805 0.3304 0
1631 0.3207 0
723 0.3192 0
1408 0.3141 0
147 0.3061 0
384 0.3024 0
1021 0.3022 0
379 0.2992 0
1906 0.2982 0
1336 0.2977 0
1004 0.2918 0
686 0.2884 0
1032 0.2784 0
1561 0.2775 0
1345 0.2765 0
1748 0.2710 0
1215 0.2707 0
600 0.2701 0
775 0.2601 0
431 0.2590 0
1872 0.2485 0
303 0.2465 0
1972 0.2453 0
870 0.2421 0
1976 0.2404 0
17 0.2398 0
1266 0.2392 0
733 0.2385 0
1802 0.2334 0
606 0.2324 0
804 0.2312 0
1735 0.2228 0
319 0.2201 0
244 0.2069 0
175 0.2058 0
45 0.2054 0
1241 0.2027 0
1616 0.2007 0
237 0.1958 0
1638 0.1769 0
399 0.1758 0
1652 0.1694 0
1205 0.1612 0
916 0.1547 0
1312 0.1532 0
1225 0.1500 0
81 0.1392 0
448 0.1386 0
1553 0.1384 0
827 0.1376 0
1737 0.1355 0
1130 0.1313 0
1633 0.1253 0
819 0.1248 0
1830 0.1148 0
1403 0.1136 0
931 0.1109 0
509 0.1021 0
814 0.1015 0
889 0.0959 0
928 0.0890 0
1147 0.0850 0
386 0.0843 0
1081 0.0841 0
920 0.0834 0
1023 0.0826 0
685 0.0743 0
947 0.0494 0
903 0.0462 0
1840 0.0443 0
1435 0.0391 0
1300 0.0357 0
1842 0.0352 0
471 0.0296 0
1993 0.0263 0
1263 0.0235 0
1086 0.0197 0
242 0.0186 0
1729 0.0100 0
251 0.0087 0
1464 0.0074 0
83 0.0026 0
641 -0.0124 0
933 -0.0208 0
1601 -0.0220 0
962 -0.0318 0
1371 -0.0391 0
1800 -0.0445 0
1158 -0.0471 0
1443 -0.0474 0
1343 -0.0499 0
1982 -0.0554 0
1721 -0.0598 0
602 -0.0621 0
1432 -0.0691 0
934 -0.0709 0
1879 -0.0720 0
96 -0.0760 0
1444 -0.0763 0
831 -0.0795 0
1704 -0.0903 0
996 -0.0910 0
1755 -0.0932 0
669 -0.0971 0
74 -0.1020 0
474 -0.1048 0
1953 -0.1079 0
1894 -0.1169 0
28 -0.1181 0
269 -0.1214 0
1231 -0.1229 0
644 -0.1277 0
1896 -0.1297 0
277 -0.1383 0
333 -0.1399 0
1250 -0.1401 0
646 -0.1419 0
368 -0.1442 0
907 -0.1473 0
358 -0.1505 0
29 -0.1547 0
1957 -0.1556 0
1203 -0.1586 0
373 -0.1677 0
1141 -0.1732 0
1342 -0.1777 0
362 -0.1778 0
860 -0.1778 0
458 -0.1938 0
435 -0.1983 0
936 -0.1995 0
945 -0.1997 0
375 -0.2029 0
943 -0.2048 0
1052 -0.2079 0
11 -0.2095 0
350 -0.2108 0
1890 -0.2160 0
151 -0.2168 0
990 -0.2183 0
1005 -0.2354 0
1154 -0.2408 0
367 -0.2418 0
1792 -0.2482 0
240 -0.2519 0
1613 -0.2536 0
1314 -0.2611 0
424 -0.2709 0
58 -0.2733 0
219 -0.2739 0
647 -0.2810 0
372 -0.2810 0
1189 -0.2823 0
1718 -0.2832 0
207 -0.2878 0
1322 -0.2915 0
1961 -0.2936 0
121 -0.2941 0
1425 -0.2998 0
666 -0.3006 0
484 -0.3020 0
1580 -0.3029 0
888 -0.3049 0
1974 -0.3063 0
1862 -0.3099 0
1722 -0.3139 0
1977 -0.3141 0
1892 -0.3153 0
510 -0.3202 0
536 -0.3235 0
391 -0.3237 0
1971 -0.3238 0
1140 -0.3301 0
679 -0.3377 0
85 -0.3449 0
1991 -0.3456 0
267 -0.3740 0
627 -0.3746 0
1035 -0.3795 0
1446 -0.3815 0
89 -0.3854 0
249 -0.3862 0
1010 -0.3904 0
1103 -0.3933 0
1881 -0.3940 0
1863 -0.4000 0
91 -0.4020 0
211 -0.4024 0
1034 -0.4075 0
1956 -0.4081 0
1708 -0.4111 0
1334 -0.4145 0
1390 -0.4235 0
1131 -0.4255 0
321 -0.4387 0
419 -0.4402 0
183 -0.4472 0
1703 -0.4476 0
473 -0.4532 0
1848 -0.4638 0
504 -0.4639 0
542 -0.4659 0
839 -0.4676 0
1836 -0.4751 0
1065 -0.4766 0
752 -0.4823 0
1964 -0.4831 0
637 -0.4874 0
1176 -0.4999 0
1436 -0.5000 0
1421 -0.5005 0
266 -0.5056 0
160 -0.5057 0
1776 -0.5092 0
1193 -0.5095 0
354 -0.5167 0
342 -0.5174 0
413 -0.5209 0
67 -0.5247 0
1008 -0.5258 0
201 -0.5268 0
356 -0.5326 0
763 -0.5383 0
1227 -0.5474 0
33 -0.5514 0
1585 -0.5515 0
1368 -0.5522 0
811 -0.5548 0
1870 -0.5559 0
1129 -0.5564 0
73 -0.5604 0
796 -0.5605 0
1620 -0.5644 0
231 -0.5671 0
932 -0.5693 0
1430 -0.5739 0
858 -0.5838 0
1393 -0.5846 0
1934 -0.5896 0
59 -0.5932 0
603 -0.5952 0
865 -0.5967 0
1415 -0.5997 0
818 -0.6008 0
176 -0.6025 0
1725 -0.6074 0
1747 -0.6074 0
1998 -0.6092 0
902 -0.6094 0
1317 -0.6105 0
264 -0.6121 0
1015 -0.6135 0
1984 -0.6135 0
838 -0.6138 0
52 -0.6209 0
1412 -0.6245 0
760 -0.6255 0
392 -0.6257 0
414 -0.6288 0
1218 -0.6307 0
1265 -0.6324 0
1773 -0.6338 0
382 -0.6343 0
1746 -0.6364 0
1996 -0.6411 0
1794 -0.6578 0
971 -0.6629 0
1571 -0.6635 0
330 -0.6646 0
754 -0.6670 0
880 -0.6672 0
1212 -0.6733 0
871 -0.6738 0
1871 -0.6811 0
1826 -0.6820 0
1037 -0.6835 0
1069 -0.6841 0
1803 -0.6879 0
1299 -0.6922 0
1717 -0.6976 0
792 -0.6988 0
613 -0.6989 0
186 -0.7080 0
1036 -0.7158 0
389 -0.7237 0
120 -0.7249 0
665 -0.7270 0
491 -0.7287 0
636 -0.7297 0
314 -0.7318 0
607 -0.7337 0
1323 -0.7345 0
1474 -0.7378 0
1048 -0.7412 0
1347 -0.7507 0
1222 -0.7571 0
1416 -0.7574 0
1898 -0.7585 0
304 -0.7615 0
195 -0.7693 0
1779 -0.7702 0
1761 -0.7831 0
1426 -0.7848 0
866 -0.7853 0
1431 -0.7870 0
357 -0.7879 0
1969 -0.7899 0
1743 -0.7915 0
1828 -0.7974 0
1809 -0.8024 0
1063 -0.8026 0
109 -0.8027 0
798 -0.8057 0
38 -0.8079 0
182 -0.8081 0
946 -0.8093 0
163 -0.8134 0
1651 -0.8160 0
14 -0.8199 0
320 -0.8211 0
822 -0.8259 0
1105 -0.8259 0
345 -0.8297 0
78 -0.8346 0
15 -0.8361 0
1351 -0.8399 0
1333 -0.8420 0
624 -0.8488 0
513 -0.8604 0
1053 -0.8618 0
462 -0.8647 0
1602 -0.8687 0
1217 -0.8736 0
1825 -0.8779 0
455 -0.8818 0
1088 -0.8925 0
1366 -0.8943 0
901 -0.8974 0
1397 -0.9017 0
905 -0.9033 0
289 -0.9043 0
1970 -0.9059 0
601 -0.9068 0
1341 -0.9086 0
1246 -0.9185 0
412 -0.9187 0
99 -0.9212 0
1327 -0.9239 0
1391 -0.9403 0
199 -0.9440 0
40 -0.9475 0
608 -0.9494 0
132 -0.9510 0
1891 -0.9559 0
895 -0.9565 0
155 -0.9603 0
94 -0.9622 0
1453 -0.9660 0
97 -0.9683 0
1092 -0.9715 0
1907 -0.9728 0
62 -0.9746 0
1465 -0.9748 0
688 -0.9764 0
1014 -0.9781 0
1968 -0.9867 0
1206 -0.9919 0
755 -0.9939 0
1785 -0.9948 0
1442 -0.9965 0
1498 -0.9970 0
844 -0.9973 0
388 -0.9987 0
1472 -0.9994 0
1764 -1.0009 0
1859 -1.0032 0
274 -1.0054 0
1242 -1.0087 0
1733 -1.0103 0
114 -1.0159 0
820 -1.0248 0
696 -1.0264 0
22 -1.0296 0
1156 -1.0301 0
922 -1.0309 0
126 -1.0316 0
967 -1.0346 0
1744 -1.0355 0
428 -1.0385 0
480 -1.0497 0
813 -1.0502 0
939 -1.0510 0
1404 -1.0511 0
317 -1.0536 0
459 -1.0543 0
1144 -1.0582 0
1713 -1.0614 0
1067 -1.0625 0
1049 -1.0640 0
942 -1.0669 0
825 -1.0671 0
502 -1.0712 0
1066 -1.0741 0
692 -1.0756 0
232 -1.0783 0
380 -1.0788 0
1318 -1.0821 0
1211 -1.0825 0
352 -1.0826 0
924 -1.0880 0
42 -1.0881 0
506 -1.0883 0
1973 -1.0885 0
1883 -1.0957 0
268 -1.0974 0
1778 -1.1021 0
1866 -1.1094 0
1727 -1.1126 0
1233 -1.1136 0
55 -1.1179 0
917 -1.1220 0
252 -1.1284 0
1440 -1.1311 0
989 -1.1356 0
1911 -1.1395 0
1648 -1.1403 0
206 -1.1417 0
878 -1.1429 0
912 -1.1459 0
1948 -1.1548 0
1331 -1.1553 0
257 -1.1604 0
316 -1.1636 0
1406 -1.1636 0
1201 -1.1677 0
998 -1.1705 0
1606 -1.1755 0
434 -1.1767 0
87 -1.1770 0
1413 -1.1864 0
817 -1.1867 0
1019 -1.1880 0
698 -1.1988 0
1259 -1.1998 0
191 -1.2032 0
311 -1.2069 0
13 -1.2072 0
453 -1.2109 0
1249 -1.2114 0
979 -1.2175 0
376 -1.2198 0
1110 -1.2203 0
1348 -1.2216 0
673 -1.2339 0
1280 -1.2382 0
966 -1.2400 0
397 -1.2454 0
1954 -1.2502 0
426 -1.2522 0
1719 -1.2541 0
291 -1.2544 0
1858 -1.2632 0
1070 -1.2647 0
633 -1.2711 0
1994 -1.2738 0
512 -1.2740 0
209 -1.2786 0
378 -1.2809 0
940 -1.2813 0
1646 -1.2814 0
298 -1.2819 0
668 -1.2949 0
1496 -1.2959 0
1716 -1.2963 0
856 -1.2983 0
408 -1.2997 0
1945 -1.2999 0
890 -1.3017 0
1667 -1.3135 0
973 -1.3155 0
279 -1.3190 0
488 -1.3192 0
660 -1.3193 0
1407 -1.3270 0
1356 -1.3411 0
387 -1.3436 0
31 -1.3440 0
868 -1.3463 0
919 -1.3503 0
1951 -1.3511 0
675 -1.3537 0
929 -1.3573 0
1271 -1.3627 0
785 -1.3628 0
359 -1.3629 0
1262 -1.3645 0
893 -1.3705 0
1619 -1.3726 0
1072 -1.3767 0
1209 -1.3771 0
255 -1.3846 0
1058 -1.3891 0
76 -1.3952 0
282 -1.4077 0
1675 -1.4097 0
336 -1.4140 0
892 -1.4172 0
1893 -1.4222 0
1710 -1.4243 0
341 -1.4249 0
148 -1.4251 0
1245 -1.4252 0
861 -1.4282 0
1038 -1.4287 0
519 -1.4318 0
1085 -1.4343 0
1405 -1.4345 0
1745 -1.4371 0
1720 -1.4383 0
1921 -1.4384 0
937 -1.4385 0
1787 -1.4387 0
69 -1.4454 0
750 -1.4469 0
192 -1.4474 0
44 -1.4493 0
1757 -1.4494 0
1155 -1.4507 0
803 -1.4540 0
604 -1.4551 0
293 -1.4605 0
961 -1.4620 0
639 -1.4624 0
1877 -1.4632 0
498 -1.4633 0
963 -1.4664 0
1763 -1.4679 0
655 -1.4716 0
1913 -1.4730 0
619 -1.4776 0
514 -1.4797 0
1603 -1.4815 0
34 -1.4817 0
1448 -1.4821 0
202 -1.4827 0
1414 -1.4850 0
635 -1.4926 0
1181 -1.4936 0
1903 -1.5005 0
295 -1.5022 0
265 -1.5096 0
677 -1.5096 0
605 -1.5113 0
869 -1.5135 0
19 -1.5159 0
884 -1.5184 0
1640 -1.5212 0
23 -1.5230 0
694 -1.5240 0
1702 -1.5257 0
1880 -1.5290 0
1986 -1.5340 0
853 -1.5367 0
273 -1.5389 0
1483 -1.5400 0
1959 -1.5407 0
1370 -1.5416 0
300 -1.5429 0
218 -1.5472 0
540 -1.5481 0
782 -1.5520 0
170 -1.5547 0
1775 -1.5566 0
187 -1.5626 0
9 -1.5632 0
1292 -1.5660 0
642 -1.5682 0
461 -1.5694 0
885 -1.5696 0
1230 -1.5745 0
1213 -1.5747 0
16 -1.5753 0
1707 -1.5823 0
146 -1.5824 0
1079 -1.5841 0
1275 -1.5880 0
1741 -1.5899 0
1235 -1.5907 0
222 -1.5922 0
1480 -1.5951 0
941 -1.6011 0
1040 -1.6019 0
297 -1.6041 0
1856 -1.6061 0
1191 -1.6110 0
1017 -1.6254 0
1924 -1.6296 0
225 -1.6307 0
37 -1.6324 0
54 -1.6332 0
1296 -1.6372 0
1198 -1.6385 0
887 -1.6396 0
657 -1.6399 0
370 -1.6406 0
1420 -1.6413 0
101 -1.6437 0
1723 -1.6459 0
1256 -1.6502 0
1291 -1.6514 0
1360 -1.6540 0
245 -1.6557 0
1044 -1.6608 0
1145 -1.6643 0
1043 -1.6649 0
1715 -1.6654 0
791 -1.6673 0
682 -1.6700 0
875 -1.6712 0
1490 -1.6735 0
1161 -1.6791 0
154 -1.6800 0
653 -1.6832 0
661 -1.6844 0
340 -1.6883 0
849 -1.6887 0
1083 -1.6890 0
1428 -1.6902 0
1152 -1.6961 0
836 -1.7012 0
159 -1.7017 0
876 -1.7035 0
260 -1.7057 0
351 -1.7065 0
1885 -1.7071 0
972 -1.7072 0
1173 -1.7120 0
161 -1.7127 0
1071 -1.7128 0
1642 -1.7136 0
1625 -1.7147 0
259 -1.7172 0
776 -1.7173 0
1909 -1.7198 0
1182 -1.7216 0
1338 -1.7227 0
1084 -1.7257 0
325 -1.7258 0
1352 -1.7260 0
1117 -1.7292 0
122 -1.7348 0
1450 -1.7352 0
610 -1.7386 0
758 -1.7403 0
527 -1.7434 0
815 -1.7460 0
5 -1.7510 0
234 -1.7523 0
855 -1.7574 0
1378 -1.7578 0
992 -1.7615 0
1057 -1.7637 0
1462 -1.7660 0
988 -1.7678 0
960 -1.7698 0
1026 -1.7738 0
672 -1.7752 0
616 -1.7758 0
877 -1.7758 0
656 -1.7807 0
1873 -1.7816 0
198 -1.7827 0
1999 -1.7877 0
1788 -1.7915 0
226 -1.7957 0
468 -1.7973 0
769 -1.8053 0
872 -1.8130 0
1960 -1.8144 0
1361 -1.8151 0
1041 -1.8187 0
1383 -1.8270 0
1221 -1.8274 0
1501 -1.8322 0
339 -1.8340 0
476 -1.8412 0
1051 -1.8469 0
525 -1.8483 0
618 -1.8487 0
1460 -1.8487 0
1769 -1.8511 0
1901 -1.8522 0
1099 -1.8534 0
1018 -1.8535 0
781 -1.8552 0
1445 -1.8564 0
1645 -1.8569 0
1093 -1.8576 0
185 -1.8591 0
517 -1.8592 0
180 -1.8609 0
620 -1.8640 0
1814 -1.8646 0
1183 -1.8651 0
913 -1.8652 0
1711 -1.8661 0
676 -1.8716 0
609 -1.8719 0
248 -1.8728 0
477 -1.8738 0
1614 -1.8740 0
1376 -1.8760 0
918 -1.8771 0
278 -1.8776 0
1076 -1.8804 0
1324 -1.8810 0
693 -1.8919 0
520 -1.8922 0
881 -1.8927 0
995 -1.8937 0
71 -1.8950 0
761 -1.8984 0
1639 -1.9056 0
48 -1.9075 0
1166 -1.9084 0
1293 -1.9106 0
1074 -1.9124 0
1055 -1.9131 0
112 -1.9155 0
1321 -1.9165 0
168 -1.9192 0
1283 -1.9205 0
768 -1.9213 0
1417 -1.9227 0
640 -1.9246 0
663 -1.9345 0
948 -1.9346 0
1056 -1.9349 0
1284 -1.9354 0
177 -1.9402 0
381 -1.9423 0
915 -1.9452 0
1375 -1.9498 0
1388 -1.9499 0
32 -1.9543 0
133 -1.9569 0
1647 -1.9611 0
1609 -1.9618 0
51 -1.9734 0
1730 -1.9737 0
957 -1.9740 0
1917 -1.9790 0
1451 -1.9829 0
970 -1.9873 0
1463 -1.9891 0
93 -1.9918 0
1952 -1.9944 0
1011 -1.9987 0
846 -1.9989 0
847 -2.0015 0
355 -2.0018 0
670 -2.0053 0
900 -2.0065 0
1138 -2.0088 0
190 -2.0118 0
1304 -2.0137 0
1799 -2.0141 0
1770 -2.0196 0
130 -2.0228 0
1449 -2.0236 0
1059 -2.0269 0
777 -2.0273 0
470 -2.0307 0
1062 -2.0347 0
753 -2.0360 0
1013 -2.0406 0
774 -2.0414 0
167 -2.0486 0
1666 -2.0487 0
1434 -2.0495 0
659 -2.0532 0
1529 -2.0566 0
807 -2.0578 0
104 -2.0630 0
910 -2.0651 0
193 -2.0652 0
1123 -2.0664 0
329 -2.0714 0
1365 -2.0737 0
166 -2.0744 0
1253 -2.0763 0
1180 -2.0809 0
1701 -2.0830 0
1146 -2.0869 0
103 -2.0906 0
1229 -2.0911 0
142 -2.0968 0
1875 -2.0975 0
999 -2.0985 0
1042 -2.0990 0
1759 -2.1040 0
1795 -2.1055 0
1257 -2.1114 0
980 -2.1190 0
3 -2.1204 0
63 -2.1232 0
1164 -2.1254 0
332 -2.1267 0
1228 -2.1272 0
863 -2.1283 0
189 -2.1317 0
1605 -2.1323 0
1457 -2.1343 0
1392 -2.1372 0
628 -2.1424 0
790 -2.1425 0
1151 -2.1441 0
1655 -2.1510 0
1007 -2.1511 0
991 -2.1514 0
908 -2.1540 0
281 -2.1590 0
1115 -2.1615 0
1094 -2.1619 0
105 -2.1647 0
220 -2.1684 0
773 -2.1700 0
152 -2.1725 0
216 -2.1760 0
1899 -2.1774 0
194 -2.1793 0
1163 -2.1850 0
212 -2.1852 0
137 -2.1856 0
1409 -2.1892 0
173 -2.1903 0
1264 -2.1962 0
1975 -2.2120 0
36 -2.2179 0
1419 -2.2225 0
1955 -2.2227 0
1433 -2.2242 0
1187 -2.2249 0
1111 -2.2333 0
1046 -2.2357 0
652 -2.2361 0
346 -2.2371 0
1479 -2.2374 0
1386 -2.2379 0
1641 -2.2455 0
39 -2.2527 0
787 -2.2530 0
80 -2.2636 0
149 -2.2680 0
1868 -2.2722 0
797 -2.2735 0
1731 -2.2738 0
1328 -2.2766 0
1962 -2.2771 0
751 -2.2836 0
1100 -2.2856 0
61 -2.2857 0
1374 -2.2865 0
848 -2.2869 0
1326 -2.2883 0
1989 -2.2892 0
1487 -2.2895 0
328 -2.2912 0
1170 -2.2913 0
756 -2.2937 0
1068 -2.2979 0
1853 -2.3042 0
1931 -2.3044 0
1319 -2.3061 0
1946 -2.3150 0
1658 -2.3170 0
1983 -2.3212 0
437 -2.3257 0
1143 -2.3273 0
535 -2.3284 0
795 -2.3284 0
784 -2.3293 0
806 -2.3315 0
1272 -2.3353 0
1925 -2.3385 0
79 -2.3414 0
779 -2.3429 0
253 -2.3441 0
622 -2.3511 0
204 -2.3547 0
56 -2.3548 0
1607 -2.3595 0
72 -2.3622 0
927 -2.3632 0
1679 -2.3642 0
181 -2.3716 0
518 -2.3759 0
533 -2.3762 0
1932 -2.3917 0
617 -2.3927 0
1394 -2.3934 0
292 -2.3957 0
1473 -2.3957 0
1224 -2.3966 0
1662 -2.3973 0
1876 -2.3979 0
935 -2.4075 0
1207 -2.4075 0
228 -2.4085 0
1851 -2.4122 0
1389 -2.4229 0
1506 -2.4229 0
486 -2.4235 0
1709 -2.4250 0
867 -2.4252 0
631 -2.4266 0
1738 -2.4273 0
1793 -2.4313 0
689 -2.4389 0
1357 -2.4414 0
1396 -2.4432 0
1269 -2.4447 0
287 -2.4474 0
1260 -2.4500 0
1928 -2.4538 0
285 -2.4648 0
108 -2.4696 0
1649 -2.4699 0
1724 -2.4704 0
1612 -2.4729 0
1381 -2.4768 0
1089 -2.4861 0
864 -2.4877 0
1208 -2.4881 0
767 -2.4896 0
110 -2.4899 0
280 -2.4978 0
852 -2.4991 0
1384 -2.4995 0
953 -2.5021 0
338 -2.5045 0
1313 -2.5108 0
294 -2.5120 0
501 -2.5127 0
1944 -2.5129 0
810 -2.5188 0
771 -2.5214 0
487 -2.5281 0
107 -2.5282 0
246 -2.5288 0
1742 -2.5312 0
162 -2.5395 0
541 -2.5405 0
1268 -2.5407 0
8 -2.5421 0
1153 -2.5429 0
925 -2.5454 0
1078 -2.5515 0
1949 -2.5543 0
1485 -2.5580 0
930 -2.5609 0
1714 -2.5658 0
1918 -2.5660 0
1112 -2.5661 0
129 -2.5677 0
1749 -2.5701 0
1812 -2.5740 0
1617 -2.5771 0
472 -2.5786 0
169 -2.5798 0
982 -2.5826 0
449 -2.5830 0
1437 -2.5851 0
301 -2.5852 0
1668 -2.5886 0
826 -2.5935 0
1765 -2.5939 0
1150 -2.5971 0
92 -2.6001 0
1091 -2.6022 0
906 -2.6060 0
671 -2.6068 0
1244 -2.6088 0
959 -2.6095 0
460 -2.6106 0
1095 -2.6143 0
993 -2.6185 0
1387 -2.6190 0
951 -2.6196 0
983 -2.6202 0
783 -2.6268 0
1124 -2.6269 0
318 -2.6270 0
1022 -2.6275 0
757 -2.6315 0
883 -2.6322 0
171 -2.6363 0
1922 -2.6377 0
662 -2.6389 0
1831 -2.6417 0
1002 -2.6490 0
1784 -2.6593 0
845 -2.6656 0
1478 -2.6788 0
969 -2.6837 0
1441 -2.6845 0
197 -2.6861 0
1753 -2.6893 0
1624 -2.6960 0
1728 -2.6969 0
1771 -2.6975 0
1240 -2.6980 0
1845 -2.7007 0
952 -2.7057 0
1927 -2.7122 0
1997 -2.7140 0
1700 -2.7152 0
165 -2.7154 0
532 -2.7226 0
493 -2.7248 0
1494 -2.7291 0
150 -2.7317 0
832 -2.7336 0
976 -2.7353 0
537 -2.7393 0
1178 -2.7418 0
30 -2.7426 0
1418 -2.7444 0
651 -2.7462 0
205 -2.7471 0
1107 -2.7500 0
1930 -2.7517 0
1732 -2.7524 0
1900 -2.7537 0
465 -2.7545 0
1635 -2.7574 0
1495 -2.7607 0
684 -2.7620 0
1177 -2.7643 0
1564 -2.7654 0
196 -2.7660 0
1315 -2.7661 0
1192 -2.7779 0
1549 -2.7799 0
1367 -2.7836 0
994 -2.7880 0
1219 -2.7897 0
909 -2.7934 0
262 -2.8007 0
310 -2.8007 0
157 -2.8092 0
1047 -2.8099 0
203 -2.8158 0
98 -2.8162 0
1136 -2.8211 0
1654 -2.8226 0
854 -2.8278 0
1309 -2.8308 0
1000 -2.8312 0
1550 -2.8339 0
324 -2.8400 0
272 -2.8460 0
452 -2.8471 0
1332 -2.8475 0
217 -2.8577 0
1563 -2.8624 0
1947 -2.8632 0
1482 -2.8693 0
1796 -2.8747 0
1967 -2.8797 0
1289 -2.8811 0
1353 -2.8831 0
914 -2.8850 0
1790 -2.8913 0
1521 -2.8954 0
1768 -2.8958 0
1114 -2.8959 0
1510 -2.9003 0
1695 -2.9105 0
143 -2.9138 0
1454 -2.9216 0
113 -2.9238 0
1622 -2.9309 0
544 -2.9324 0
1339 -2.9346 0
270 -2.9357 0
402 -2.9369 0
1780 -2.9371 0
1118 -2.9439 0
1308 -2.9458 0
1486 -2.9461 0
1685 -2.9469 0
25 -2.9489 0
213 -2.9498 0
664 -2.9519 0
1632 -2.9536 0
235 -2.9620 0
1109 -2.9653 0
997 -2.9653 0
697 -2.9817 0
1950 -2.9898 0
275 -2.9925 0
1661 -2.9996 0
879 -3.0004 0
230 -3.0078 0
1400 -3.0198 0
1797 -3.0223 0
308 -3.0231 0
106 -3.0264 0
305 -3.0275 0
649 -3.0297 0
1287 -3.0312 0
1385 -3.0321 0
1532 -3.0347 0
1411 -3.0348 0
1822 -3.0360 0
1359 -3.0367 0
1199 -3.0377 0
1214 -3.0432 0
1422 -3.0434 0
759 -3.0457 0
1936 -3.0475 0
680 -3.0491 0
1663 -3.0494 0
1581 -3.0500 0
1493 -3.0569 0
1302 -3.0570 0
1937 -3.0578 0
1782 -3.0586 0
1363 -3.0589 0
1756 -3.0596 0
794 -3.0630 0
1752 -3.0644 0
1373 -3.0648 0
978 -3.0658 0
1101 -3.0712 0
118 -3.0740 0
1128 -3.0759 0
1423 -3.0762 0
1439 -3.0770 0
290 -3.0815 0
1354 -3.0906 0
1615 -3.0912 0
808 -3.0931 0
524 -3.0966 0
214 -3.0979 0
766 -3.0990 0
1248 -3.1033 0
100 -3.1046 0
821 -3.1094 0
690 -3.1159 0
102 -3.1175 0
1626 -3.1202 0
1344 -3.1259 0
1653 -3.1311 0
770 -3.1355 0
454 -3.1392 0
313 -3.1393 0
309 -3.1463 0
1623 -3.1491 0
1726 -3.1529 0
1303 -3.1562 0
1134 -3.1572 0
1659 -3.1644 0
1660 -3.1702 0
548 -3.1712 0
1349 -3.1717 0
1505 -3.1758 0
1540 -3.1813 0
153 -3.1823 0
123 -3.1856 0
1821 -3.1898 0
1481 -3.1904 0
1589 -3.1921 0
1090 -3.1938 0
526 -3.1988 0
124 -3.2021 0
674 -3.2080 0
1588 -3.2147 0
1915 -3.2149 0
1929 -3.2186 0
478 -3.2197 0
1016 -3.2243 0
987 -3.2273 0
1508 -3.2302 0
1369 -3.2309 0
400 -3.2333 0
1469 -3.2347 0
495 -3.2351 0
1611 -3.2370 0
650 -3.2415 0
958 -3.2436 0
141 -3.2540 0
1466 -3.2562 0
1290 -3.2732 0
1497 -3.2768 0
344 -3.2810 0
986 -3.2863 0
466 -3.2904 0
1489 -3.2952 0
1270 -3.2973 0
467 -3.2999 0
1027 -3.2999 0
1484 -3.3031 0
179 -3.3133 0
1184 -3.3157 0
499 -3.3221 0
1541 -3.3234 0
1629 -3.3236 0
1676 -3.3291 0
374 -3.3318 0
1680 -3.3363 0
897 -3.3396 0
623 -3.3439 0
1587 -3.3455 0
1990 -3.3474 0
981 -3.3505 0
1670 -3.3510 0
523 -3.3526 0
547 -3.3567 0
1592 -3.3591 0
119 -3.3610 0
138 -3.3639 0
799 -3.3640 0
1523 -3.3700 0
323 -3.3729 0
1194 -3.3801 0
1196 -3.3829 0
1699 -3.3839 0
1920 -3.3863 0
1919 -3.3864 0
1087 -3.3928 0
1125 -3.3932 0
1630 -3.3965 0
398 -3.3983 0
851 -3.3997 0
286 -3.4133 0
898 -3.4197 0
1236 -3.4205 0
145 -3.4211 0
835 -3.4278 0
1358 -3.4286 0
500 -3.4294 0
479 -3.4297 0
271 -3.4297 0
1573 -3.4317 0
1050 -3.4352 0
1172 -3.4380 0
658 -3.4413 0
678 -3.4453 0
1294 -3.4479 0
538 -3.4713 0
800 -3.4721 0
874 -3.4789 0
534 -3.4801 0
1455 -3.4931 0
546 -3.4997 0
243 -3.5032 0
1598 -3.5103 0
1558 -3.5176 0
1916 -3.5176 0
1064 -3.5383 0
765 -3.5479 0
1121 -3.5534 0
111 -3.5564 0
283 -3.5567 0
139 -3.5574 0
1476 -3.5797 0
224 -3.5864 0
805 -3.5944 0
1395 -3.5974 0
1499 -3.5991 0
1252 -3.6006 0
1171 -3.6009 0
1992 -3.6027 0
1511 -3.6086 0
1754 -3.6172 0
1562 -3.6237 0
1377 -3.6254 0
788 -3.6276 0
131 -3.6314 0
528 -3.6441 0
1869 -3.6479 0
1468 -3.6499 0
643 -3.6534 0
1514 -3.6598 0
1160 -3.6621 0
1169 -3.6627 0
850 -3.6677 0
1539 -3.6731 0
985 -3.6774 0
1380 -3.6785 0
1364 -3.6787 0
1664 -3.6879 0
489 -3.6879 0
1943 -3.6900 0
1586 -3.6913 0
1656 -3.6988 0
1362 -3.7028 0
1804 -3.7034 0
1572 -3.7035 0
1674 -3.7121 0
1555 -3.7128 0
1438 -3.7144 0
254 -3.7165 0
1060 -3.7207 0
955 -3.7356 0
1681 -3.7436 0
1297 -3.7523 0
315 -3.7591 0
1452 -3.7606 0
1126 -3.7631 0
475 -3.7646 0
1251 -3.7673 0
964 -3.7716 0
140 -3.7744 0
1682 -3.7801 0
233 -3.7804 0
1458 -3.7952 0
1137 -3.7981 0
1132 -3.8060 0
1691 -3.8074 0
629 -3.8211 0
1535 -3.8218 0
1502 -3.8247 0
302 -3.8270 0
334 -3.8313 0
1758 -3.8317 0
174 -3.8320 0
1024 -3.8424 0
1767 -3.8440 0
184 -3.8556 0
1908 -3.8558 0
1039 -3.8588 0
1006 -3.8619 0
236 -3.8629 0
531 -3.8649 0
1518 -3.8748 0
1278 -3.8847 0
1447 -3.8934 0
343 -3.9118 0
1239 -3.9151 0
1028 -3.9240 0
1285 -3.9247 0
1678 -3.9296 0
261 -3.9306 0
1692 -3.9340 0
451 -3.9354 0
164 -3.9394 0
1179 -3.9400 0
1565 -3.9484 0
1637 -3.9598 0
1574 -3.9615 0
116 -3.9744 0
134 -3.9831 0
1538 -3.9973 0
965 -4.0065 0
135 -4.0099 0
1223 -4.0117 0
327 -4.0199 0
1456 -4.0251 0
1475 -4.0310 0
1791 -4.0389 0
1167 -4.0475 0
1509 -4.0545 0
250 -4.0602 0
654 -4.0633 0
1531 -4.0707 0
772 -4.0727 0
1940 -4.0809 0
1596 -4.0829 0
950 -4.1165 0
1104 -4.1173 0
1933 -4.1191 0
1288 -4.1200 0
239 -4.1200 0
128 -4.1201 0
1912 -4.1208 0
263 -4.1275 0
1200 -4.1320 0
1080 -4.1321 0
1665 -4.1347 0
1556 -4.1440 0
1382 -4.1456 0
1162 -4.1464 0
1688 -4.1486 0
1694 -4.1538 0
615 -4.1593 0
1238 -4.1639 0
457 -4.1732 0
1939 -4.1746 0
1340 -4.1802 0
144 -4.1820 0
485 -4.1867 0
1310 -4.1894 0
630 -4.1920 0
1690 -4.2014 0
1536 -4.2084 0
1149 -4.2226 0
1583 -4.2277 0
1686 -4.2548 0
1683 -4.2619 0
1935 -4.2623 0
1108 -4.2648 0
1488 -4.2704 0
1926 -4.2778 0
1526 -4.2781 0
1657 -4.2963 0
1923 -4.2999 0
1127 -4.3041 0
1234 -4.3050 0
1672 -4.3152 0
977 -4.3284 0
1904 -4.3352 0
1772 -4.3427 0
1988 -4.3601 0
258 -4.3670 0
1255 -4.4072 0
117 -4.4076 0
521 -4.4285 0
1595 -4.4310 0
1789 -4.4331 0
1045 -4.4427 0
326 -4.4494 0
1503 -4.4594 0
1276 -4.4748 0
1410 -4.4758 0
1513 -4.4895 0
638 -4.4896 0
1677 -4.4955 0
1684 -4.5002 0
1650 -4.5049 0
1698 -4.5314 0
1273 -4.5415 0
829 -4.5424 0
1591 -4.5444 0
1689 -4.5532 0
1579 -4.5740 0
1459 -4.5755 0
1470 -4.5770 0
1600 -4.5895 0
515 -4.6110 0
1942 -4.6360 0
949 -4.6380 0
786 -4.6526 0
1599 -4.6559 0
312 -4.6563 0
1346 -4.6598 0
1507 -4.6706 0
1545 -4.6916 0
1774 -4.6953 0
1175 -4.7038 0
306 -4.7136 0
1570 -4.7190 0
762 -4.7243 0
886 -4.7289 0
1398 -4.7366 0
975 -4.7610 0
1530 -4.7811 0
188 -4.7892 0
1350 -4.7900 0
463 -4.7903 0
873 -4.8020 0
1025 -4.8040 0
1905 -4.8195 0
1590 -4.8250 0
1567 -4.8268 0
1491 -4.8331 0
974 -4.8334 0
1910 -4.8357 0
496 -4.8576 0
1568 -4.9043 0
764 -4.9149 0
539 -4.9166 0
793 -4.9360 0
1582 -4.9488 0
1528 -4.9496 0
1578 -4.9634 0
1551 -4.9774 0
522 -4.9824 0
1159 -4.9864 0
1267 -4.9909 0
1277 -5.0096 0
1697 -5.0097 0
1254 -5.0425 0
1576 -5.0530 0
322 -5.0533 0
1355 -5.0752 0
1274 -5.0944 0
1168 -5.0978 0
337 -5.1072 0
1258 -5.1184 0
1566 -5.1401 0
1593 -5.1429 0
1461 -5.1448 0
1693 -5.1558 0
1120 -5.1850 0
1914 -5.1850 0
1295 -5.1906 0
1527 -5.2035 0
1316 -5.2132 0
1500 -5.2325 0
1554 -5.2364 0
1282 -5.2434 0
1009 -5.2669 0
968 -5.2944 0
543 -5.3113 0
1552 -5.3208 0
1122 -5.3470 0
1534 -5.3633 0
1559 -5.3677 0
626 -5.3798 0
1783 -5.4315 0
127 -5.4392 0
1515 -5.4898 0
1569 -5.4954 0
1533 -5.5125 0
1537 -5.5193 0
1671 -5.5419 0
1594 -5.5651 0
1542 -5.5699 0
2 -5.6137 0
1520 -5.6497 0
1584 -5.6822 0
1543 -5.6874 0
1119 -5.6955 0
1467 -5.7021 0
1522 -5.7096 0
691 -5.7226 0
549 -5.7624 0
1734 -5.8361 0
1669 -5.8623 0
1524 -5.8977 0
12 -5.8989 0
1195 -5.9093 0
1750 -5.9452 0
1261 -5.9565 0
469 -5.9639 0
1512 -5.9834 0
1279 -6.0397 0
1525 -6.0433 0
1687 -6.0915 0
1577 -6.1171 0
1673 -6.1249 0
241 -6.1307 0
1471 -6.1338 0
1557 -6.2792 0
1736 -6.2830 0
1546 -6.3418 0
1597 -6.4021 0
1286 -6.5357 0
1379 -6.5512 0
1544 -6.6241 0
1517 -6.7204 0
1547 -6.7368 0
1575 -6.7947 0
1298 -6.8386 0
1560 -6.8760 0
1157 -6.9984 0
115 -7.0798 0
1519 -7.2475 0
1516 -7.3314 0
1504 -7.4393 0
1190 -7.5384 0
1281 -7.9945 0
