616 26.3375 1
638 25.5835 1
609 23.7268 1
634 22.9176 1
611 22.7954 1
614 21.8561 1
627 21.5170 1
605 21.4047 1
649 20.5446 1
603 20.0086 1
620 19.4704 1
646 18.3199 1
642 17.4077 1
633 16.9756 1
628 15.0018 1
618 14.8099 1
615 14.2858 1
606 13.8292 1
604 13.5247 1
617 13.2698 1
619 13.0653 1
621 12.9315 1
608 12.6559 1
612 11.3333 1
610 11.2900 1
635 10.5262 1
624 10.2431 1
1727 9.8466 0
6 9.7361 0
1489 9.3178 0
626 9.0995 1
1167 9.0355 0
1736 8.8887 0
1828 8.7220 0
1214 8.6382 0
1171 8.3234 0
1303 8.3140 0
3 8.2595 0
637 8.1684 1
630 8.1558 1
654 7.6485 0
417 7.5596 0
1899 7.4337 0
837 7.3392 0
1855 7.1855 0
1767 7.1651 0
1655 7.1515 0
1873 7.1090 0
1057 7.0605 0
648 7.0259 1
636 6.9166 1
1198 6.8669 0
37 6.8381 0
602 6.7517 1
622 6.7217 1
1795 6.6593 0
647 6.6590 1
596 6.5930 0
1864 6.5550 0
1897 6.5312 0
1960 6.4765 0
1794 6.4515 0
639 6.2911 1
424 6.2326 0
1876 6.2189 0
1773 6.2068 0
1887 6.1833 0
1762 6.1162 0
1941 6.1145 0
1490 6.0738 0
402 6.0173 0
413 6.0142 0
1150 5.9962 0
26 5.9695 0
623 5.9202 1
1626 5.8677 0
631 5.8630 1
564 5.8587 0
640 5.8176 1
919 5.7507 0
310 5.7013 0
1734 5.6094 0
1166 5.6087 0
691 5.5985 0
1379 5.5523 0
698 5.5343 0
404 5.4969 0
27 5.4653 0
613 5.3847 1
1216 5.3719 0
1174 5.3129 0
977 5.2556 0
5 5.2238 0
695 5.1819 0
1467 5.1711 0
204 5.1421 0
1165 5.1378 0
2 5.1070 0
49 5.0992 0
904 5.0507 0
764 5.0116 0
58 5.0114 0
40 4.9973 0
1202 4.9644 0
1500 4.9555 0
600 4.9167 1
1473 4.9150 0
1447 4.9134 0
787 4.9056 0
770 4.8920 0
590 4.8884 0
1157 4.8541 0
585 4.8474 0
1492 4.8061 0
1945 4.7478 0
669 4.7353 0
1149 4.7291 0
794 4.6999 0
38 4.6963 0
1653 4.6842 0
1988 4.6652 0
1833 4.6562 0
41 4.6546 0
571 4.6285 0
836 4.5572 0
408 4.5382 0
1152 4.5316 0
772 4.5262 0
223 4.4926 0
1996 4.4738 0
799 4.4709 0
1852 4.4597 0
1476 4.4564 0
1724 4.4486 0
1483 4.4465 0
908 4.4407 0
625 4.4367 1
1783 4.3999 0
1770 4.3878 0
1896 4.3622 0
644 4.3591 1
1507 4.3480 0
1891 4.3425 0
18 4.3376 0
21 4.3343 0
447 4.3031 0
1182 4.3015 0
1453 4.2970 0
948 4.2693 0
1888 4.2669 0
984 4.2485 0
1812 4.2454 0
872 4.2320 0
407 4.2302 0
1479 4.2141 0
1086 4.2004 0
1210 4.1991 0
63 4.1917 0
1464 4.1841 0
1065 4.1839 0
1181 4.1835 0
1782 4.1546 0
29 4.1431 0
392 4.1362 0
1493 4.1248 0
1808 4.0841 0
1340 4.0800 0
1722 4.0780 0
264 4.0545 0
1205 4.0510 0
531 4.0463 0
1851 4.0407 0
30 4.0300 0
1175 4.0111 0
444 4.0087 0
12 4.0061 0
1153 4.0017 0
306 3.9948 0
1623 3.9851 0
1614 3.9806 0
1169 3.9616 0
1532 3.9431 0
1088 3.9378 0
337 3.9259 0
878 3.9227 0
938 3.9155 0
1918 3.9124 0
1922 3.9051 0
425 3.8598 0
1499 3.8413 0
1474 3.8355 0
1486 3.8270 0
941 3.8188 0
1327 3.8067 0
1000 3.8006 0
133 3.7953 0
913 3.7861 0
1775 3.7845 0
51 3.7832 0
804 3.7814 0
1928 3.7427 0
1733 3.7348 0
290 3.7270 0
1178 3.7235 0
643 3.7205 1
1524 3.7159 0
1117 3.7152 0
911 3.7081 0
1408 3.6938 0
440 3.6756 0
727 3.6598 0
719 3.6435 0
722 3.6374 0
516 3.6176 0
1184 3.6072 0
890 3.6000 0
1801 3.5985 0
1672 3.5939 0
792 3.5925 0
1245 3.5902 0
1221 3.5864 0
1832 3.5811 0
694 3.5744 0
1531 3.5684 0
400 3.5664 0
1497 3.5501 0
446 3.5443 0
120 3.5241 0
1463 3.5077 0
903 3.5076 0
1188 3.4960 0
1958 3.4416 0
1725 3.4295 0
1747 3.4295 0
1170 3.4247 0
551 3.4214 0
1675 3.4117 0
1839 3.3915 0
1539 3.3866 0
1583 3.3825 0
100 3.3776 0
724 3.3503 0
356 3.3476 0
914 3.3370 0
1512 3.3344 0
1901 3.3311 0
11 3.3302 0
527 3.3294 0
1397 3.3270 0
1301 3.3160 0
1544 3.3158 0
217 3.3141 0
1729 3.3001 0
736 3.2933 0
1872 3.2932 0
1798 3.2903 0
1459 3.2894 0
730 3.2831 0
561 3.2744 0
1482 3.2589 0
487 3.2576 0
154 3.2563 0
1764 3.2553 0
294 3.2544 0
1488 3.2517 0
409 3.2335 0
583 3.2329 0
1450 3.2205 0
1688 3.2169 0
568 3.1967 0
712 3.1850 0
1080 3.1802 0
8 3.1755 0
437 3.1750 0
1520 3.1739 0
1353 3.1714 0
1836 3.1668 0
354 3.1594 0
1834 3.1532 0
1481 3.1510 0
1470 3.1495 0
1959 3.1472 0
1701 3.1332 0
1372 3.1320 0
189 3.1299 0
1142 3.1279 0
575 3.1229 0
1495 3.1221 0
205 3.1217 0
522 3.1022 0
85 3.0867 0
1786 3.0856 0
1283 3.0848 0
34 3.0838 0
886 3.0780 0
1621 3.0660 0
927 3.0601 0
1726 3.0579 0
233 3.0478 0
1451 3.0411 0
268 3.0360 0
509 3.0045 0
1456 3.0019 0
641 2.9953 1
1237 2.9862 0
1789 2.9838 0
267 2.9700 0
664 2.9574 0
1331 2.9484 0
1884 2.9367 0
1934 2.9307 0
9 2.9250 0
1460 2.9245 0
781 2.9158 0
428 2.9124 0
14 2.9012 0
556 2.8920 0
943 2.8903 0
1228 2.8762 0
942 2.8762 0
145 2.8751 0
258 2.8736 0
1859 2.8734 0
1177 2.8697 0
1618 2.8615 0
435 2.8587 0
123 2.8561 0
1010 2.8558 0
349 2.8554 0
247 2.8505 0
810 2.8264 0
1072 2.8011 0
748 2.7970 0
353 2.7895 0
1641 2.7892 0
1478 2.7862 0
1944 2.7829 0
1296 2.7711 0
544 2.7606 0
667 2.7589 0
1557 2.7572 0
1990 2.7537 0
1206 2.7473 0
743 2.7396 0
1846 2.7326 0
226 2.7262 0
1819 2.7206 0
693 2.7196 0
1227 2.7185 0
153 2.7145 0
879 2.7126 0
661 2.7051 0
121 2.6955 0
1890 2.6860 0
1504 2.6742 0
31 2.6739 0
1889 2.6656 0
758 2.6618 0
309 2.6611 0
726 2.6563 0
1942 2.6546 0
182 2.6456 0
735 2.6396 0
1656 2.6387 0
877 2.6361 0
733 2.6272 0
7 2.6264 0
377 2.6241 0
254 2.6237 0
1172 2.6235 0
78 2.6212 0
1455 2.6165 0
707 2.6156 0
1111 2.6147 0
546 2.6137 0
114 2.6131 0
1173 2.6125 0
1155 2.6104 0
1509 2.6072 0
1649 2.5982 0
10 2.5943 0
687 2.5919 0
525 2.5860 0
466 2.5860 0
1962 2.5849 0
1980 2.5626 0
599 2.5621 0
485 2.5569 0
1502 2.5540 0
961 2.5495 0
1622 2.5493 0
1993 2.5419 0
971 2.5402 0
1254 2.5397 0
132 2.5306 0
728 2.5296 0
1024 2.5214 0
1574 2.5196 0
1602 2.5191 0
411 2.5141 0
592 2.5113 0
563 2.5104 0
1966 2.5088 0
967 2.5073 0
1472 2.5059 0
1517 2.5011 0
747 2.4920 0
1719 2.4919 0
789 2.4863 0
128 2.4748 0
830 2.4732 0
1518 2.4679 0
947 2.4620 0
506 2.4550 0
1826 2.4521 0
1163 2.4495 0
1642 2.4484 0
59 2.4364 0
573 2.4347 0
863 2.4265 0
1758 2.4223 0
299 2.4192 0
1630 2.4177 0
1905 2.4088 0
1603 2.4086 0
396 2.3909 0
1503 2.3899 0
535 2.3829 0
1477 2.3775 0
139 2.3773 0
1714 2.3709 0
586 2.3698 0
1875 2.3685 0
1498 2.3673 0
1307 2.3597 0
1190 2.3566 0
1704 2.3423 0
562 2.3375 0
1606 2.3349 0
1457 2.3346 0
656 2.3204 0
43 2.3186 0
1691 2.3183 0
383 2.3166 0
1168 2.3138 0
65 2.3111 0
1418 2.3052 0
1554 2.3032 0
1561 2.2905 0
1110 2.2896 0
454 2.2882 0
1898 2.2829 0
1484 2.2823 0
949 2.2771 0
70 2.2769 0
1494 2.2735 0
72 2.2732 0
923 2.2727 0
355 2.2655 0
1600 2.2652 0
797 2.2641 0
364 2.2628 0
107 2.2554 0
1718 2.2503 0
1458 2.2478 0
442 2.2475 0
36 2.2393 0
416 2.2389 0
716 2.2254 0
1138 2.2194 0
1189 2.2175 0
348 2.2133 0
1230 2.2133 0
515 2.2122 0
813 2.2113 0
96 2.2045 0
1662 2.2036 0
709 2.2036 0
1112 2.2012 0
1818 2.1993 0
881 2.1990 0
715 2.1987 0
412 2.1982 0
61 2.1961 0
713 2.1954 0
1410 2.1918 0
883 2.1904 0
270 2.1870 0
1670 2.1835 0
705 2.1827 0
1536 2.1809 0
1605 2.1789 0
990 2.1681 0
1078 2.1652 0
260 2.1549 0
503 2.1537 0
931 2.1535 0
1219 2.1502 0
1258 2.1491 0
1640 2.1488 0
92 2.1486 0
1452 2.1385 0
1519 2.1308 0
1549 2.1302 0
1652 2.1228 0
1141 2.1220 0
146 2.1217 0
1054 2.1167 0
1813 2.1160 0
902 2.1143 0
569 2.1125 0
760 2.1093 0
1683 2.1087 0
779 2.0996 0
1176 2.0863 0
46 2.0840 0
896 2.0838 0
572 2.0800 0
1461 2.0800 0
323 2.0787 0
1043 2.0766 0
1345 2.0740 0
935 2.0703 0
936 2.0551 0
1882 2.0523 0
921 2.0481 0
1241 2.0408 0
1243 2.0358 0
1262 2.0343 0
737 2.0323 0
1992 2.0278 0
1382 2.0251 0
956 2.0251 0
1564 2.0215 0
1223 2.0165 0
723 2.0109 0
833 2.0077 0
1510 2.0066 0
39 2.0057 0
1950 2.0057 0
1981 2.0040 0
71 1.9999 0
1196 1.9941 0
1400 1.9875 0
1199 1.9843 0
358 1.9821 0
1321 1.9808 0
1496 1.9792 0
1151 1.9779 0
993 1.9739 0
262 1.9702 0
979 1.9657 0
974 1.9512 0
566 1.9477 0
1830 1.9471 0
33 1.9427 0
1856 1.9411 0
214 1.9338 0
861 1.9212 0
595 1.9208 0
653 1.9194 0
498 1.9172 0
769 1.9079 0
1523 1.9073 0
1951 1.9055 0
907 1.9006 0
552 1.9005 0
827 1.8992 0
236 1.8831 0
1947 1.8827 0
1581 1.8782 0
83 1.8765 0
1422 1.8764 0
1659 1.8759 0
1563 1.8740 0
1220 1.8684 0
932 1.8681 0
1964 1.8631 0
1100 1.8511 0
853 1.8426 0
344 1.8417 0
1204 1.8412 0
230 1.8404 0
1660 1.8391 0
1753 1.8380 0
1961 1.8367 0
517 1.8310 0
1893 1.8142 0
741 1.8137 0
1547 1.8114 0
1793 1.8098 0
1803 1.8087 0
1867 1.8063 0
965 1.8048 0
1847 1.8030 0
143 1.8006 0
1954 1.7962 0
538 1.7958 0
333 1.7917 0
1090 1.7821 0
1212 1.7815 0
433 1.7780 0
1777 1.7734 0
1745 1.7734 0
429 1.7728 0
465 1.7704 0
1050 1.7691 0
1841 1.7603 0
434 1.7583 0
1800 1.7578 0
645 1.7553 1
1829 1.7551 0
1866 1.7535 0
688 1.7476 0
1530 1.7451 0
279 1.7443 0
1904 1.7432 0
1267 1.7426 0
1870 1.7425 0
494 1.7425 0
1491 1.7404 0
703 1.7399 0
19 1.7379 0
169 1.7368 0
203 1.7290 0
1126 1.7263 0
1506 1.7263 0
102 1.7239 0
1716 1.7236 0
275 1.7219 0
986 1.7193 0
1682 1.7185 0
678 1.7172 0
373 1.7117 0
739 1.7115 0
1239 1.7093 0
1356 1.7010 0
1021 1.6984 0
1838 1.6979 0
1055 1.6945 0
1837 1.6939 0
327 1.6918 0
15 1.6918 0
1446 1.6854 0
579 1.6821 0
1 1.6729 0
1631 1.6727 0
928 1.6721 0
1989 1.6708 0
1179 1.6705 0
1667 1.6692 0
1129 1.6681 0
365 1.6680 0
482 1.6602 0
361 1.6592 0
1468 1.6559 0
159 1.6556 0
958 1.6544 0
740 1.6369 0
1785 1.6326 0
1807 1.6320 0
601 1.6283 1
587 1.6223 0
106 1.6199 0
1615 1.6162 0
1825 1.6069 0
1967 1.6000 0
1963 1.5984 0
706 1.5895 0
1288 1.5882 0
594 1.5870 0
1270 1.5839 0
1986 1.5813 0
319 1.5783 0
1920 1.5721 0
851 1.5694 0
1516 1.5622 0
729 1.5518 0
1732 1.5443 0
1355 1.5430 0
13 1.5371 0
1644 1.5327 0
629 1.5303 1
22 1.5288 0
28 1.5269 0
534 1.5246 0
488 1.5213 0
660 1.5138 0
704 1.5125 0
1713 1.5103 0
1972 1.5080 0
1760 1.4977 0
1927 1.4973 0
1769 1.4961 0
232 1.4957 0
557 1.4903 0
436 1.4886 0
1106 1.4870 0
1857 1.4869 0
1526 1.4847 0
69 1.4831 0
530 1.4828 0
1240 1.4819 0
1703 1.4807 0
750 1.4790 0
1525 1.4754 0
1317 1.4729 0
960 1.4714 0
25 1.4712 0
389 1.4711 0
210 1.4701 0
926 1.4672 0
1723 1.4616 0
765 1.4545 0
1469 1.4519 0
1308 1.4475 0
80 1.4475 0
1625 1.4472 0
718 1.4462 0
1438 1.4451 0
964 1.4446 0
873 1.4385 0
1994 1.4342 0
1746 1.4275 0
582 1.4265 0
1073 1.4263 0
802 1.4247 0
1224 1.4226 0
1471 1.4203 0
234 1.4202 0
1711 1.4194 0
711 1.4188 0
129 1.4149 0
280 1.4098 0
352 1.4094 0
1193 1.4092 0
846 1.4088 0
261 1.4081 0
171 1.4023 0
1984 1.4000 0
1234 1.3994 0
101 1.3993 0
183 1.3974 0
982 1.3973 0
1266 1.3880 0
1598 1.3769 0
257 1.3753 0
839 1.3716 0
652 1.3666 0
1965 1.3650 0
570 1.3628 0
784 1.3604 0
798 1.3584 0
532 1.3581 0
588 1.3538 0
1067 1.3526 0
1154 1.3457 0
282 1.3427 0
683 1.3303 0
256 1.3276 0
702 1.3241 0
1394 1.3171 0
1840 1.3159 0
1534 1.3116 0
1012 1.3105 0
1669 1.3093 0
988 1.3091 0
398 1.3035 0
1971 1.3011 0
721 1.3007 0
1730 1.2965 0
934 1.2946 0
242 1.2922 0
1485 1.2891 0
1976 1.2875 0
1004 1.2874 0
777 1.2858 0
342 1.2831 0
816 1.2817 0
1973 1.2806 0
1658 1.2789 0
1991 1.2788 0
1592 1.2780 0
1692 1.2755 0
1820 1.2755 0
714 1.2735 0
1968 1.2696 0
376 1.2678 0
4 1.2662 0
393 1.2655 0
1627 1.2630 0
1384 1.2580 0
1085 1.2558 0
972 1.2497 0
505 1.2489 0
1698 1.2476 0
216 1.2473 0
1790 1.2468 0
1906 1.2460 0
924 1.2435 0
220 1.2418 0
511 1.2363 0
1784 1.2348 0
1466 1.2254 0
1029 1.2233 0
632 1.2229 1
443 1.2187 0
394 1.2176 0
1880 1.2153 0
53 1.2145 0
415 1.2130 0
76 1.2114 0
316 1.2112 0
1755 1.2101 0
686 1.2100 0
998 1.2099 0
1338 1.2075 0
945 1.2070 0
1041 1.2028 0
243 1.2010 0
124 1.1978 0
366 1.1946 0
906 1.1932 0
74 1.1911 0
809 1.1876 0
746 1.1819 0
685 1.1818 0
1689 1.1809 0
1629 1.1775 0
1815 1.1756 0
825 1.1725 0
951 1.1685 0
577 1.1640 0
1465 1.1604 0
1537 1.1583 0
744 1.1562 0
351 1.1486 0
136 1.1458 0
255 1.1458 0
1584 1.1442 0
755 1.1411 0
1580 1.1406 0
1515 1.1401 0
1462 1.1334 0
1894 1.1249 0
439 1.1234 0
198 1.1175 0
1822 1.1174 0
1597 1.1169 0
1863 1.1154 0
771 1.1065 0
528 1.1003 0
1957 1.1003 0
32 1.0957 0
922 1.0880 0
418 1.0864 0
663 1.0864 0
850 1.0789 0
368 1.0701 0
369 1.0678 0
699 1.0550 0
1200 1.0539 0
1681 1.0537 0
1977 1.0488 0
900 1.0487 0
1987 1.0473 0
651 1.0409 0
500 1.0319 0
734 1.0313 0
1056 1.0257 0
1998 1.0180 0
1128 1.0160 0
1674 1.0155 0
1628 1.0155 0
379 1.0128 0
1613 1.0126 0
213 1.0124 0
1428 1.0115 0
405 1.0113 0
841 1.0082 0
554 1.0013 0
1743 1.0009 0
1546 0.9933 0
1978 0.9908 0
1032 0.9728 0
1077 0.9712 0
658 0.9698 0
1522 0.9696 0
1040 0.9696 0
401 0.9672 0
1885 0.9657 0
1731 0.9646 0
56 0.9607 0
1058 0.9544 0
1161 0.9524 0
524 0.9522 0
1131 0.9467 0
842 0.9396 0
399 0.9349 0
55 0.9339 0
1393 0.9287 0
1160 0.9266 0
462 0.9165 0
274 0.9158 0
987 0.9111 0
997 0.9058 0
311 0.9016 0
1806 0.9010 0
1365 0.9001 0
1651 0.8989 0
905 0.8972 0
1007 0.8894 0
1952 0.8865 0
918 0.8862 0
81 0.8843 0
98 0.8824 0
1084 0.8815 0
302 0.8802 0
1309 0.8787 0
944 0.8743 0
391 0.8727 0
1242 0.8723 0
665 0.8708 0
1610 0.8654 0
1865 0.8646 0
759 0.8564 0
795 0.8558 0
77 0.8506 0
1955 0.8477 0
1824 0.8472 0
992 0.8434 0
1912 0.8411 0
395 0.8379 0
1407 0.8372 0
1792 0.8365 0
766 0.8354 0
1521 0.8353 0
1337 0.8346 0
1454 0.8309 0
375 0.8292 0
887 0.8288 0
576 0.8266 0
1974 0.8261 0
491 0.8259 0
1401 0.8142 0
441 0.8114 0
1895 0.8110 0
1366 0.8037 0
237 0.8028 0
512 0.7958 0
298 0.7821 0
211 0.7812 0
1705 0.7802 0
363 0.7793 0
241 0.7715 0
745 0.7701 0
1648 0.7655 0
1127 0.7575 0
1706 0.7547 0
1582 0.7479 0
1607 0.7444 0
917 0.7397 0
1545 0.7333 0
1431 0.7328 0
292 0.7294 0
371 0.7286 0
1034 0.7210 0
1101 0.7194 0
1252 0.7194 0
187 0.7124 0
388 0.7116 0
807 0.7096 0
1001 0.7081 0
1929 0.7054 0
1132 0.7038 0
1136 0.7014 0
1848 0.6967 0
1814 0.6958 0
593 0.6931 0
558 0.6917 0
1970 0.6870 0
1387 0.6858 0
304 0.6836 0
108 0.6805 0
1398 0.6785 0
1439 0.6758 0
968 0.6729 0
1741 0.6673 0
775 0.6668 0
142 0.6660 0
697 0.6647 0
1487 0.6639 0
1156 0.6634 0
1979 0.6633 0
970 0.6626 0
1064 0.6550 0
312 0.6528 0
469 0.6501 0
1419 0.6484 0
1235 0.6456 0
1071 0.6449 0
177 0.6389 0
278 0.6342 0
690 0.6333 0
467 0.6321 0
821 0.6312 0
116 0.6312 0
286 0.6299 0
1567 0.6272 0
1577 0.6269 0
1035 0.6258 0
1209 0.6219 0
410 0.6211 0
372 0.6196 0
768 0.6187 0
0 0.6110 0
218 0.6095 0
848 0.6047 0
1343 0.6042 0
1868 0.6032 0
1006 0.6029 0
1939 0.5992 0
134 0.5989 0
246 0.5986 0
763 0.5985 0
1213 0.5953 0
1721 0.5933 0
1707 0.5887 0
382 0.5881 0
86 0.5876 0
99 0.5860 0
115 0.5836 0
1903 0.5736 0
263 0.5652 0
54 0.5647 0
504 0.5629 0
1528 0.5614 0
550 0.5602 0
1217 0.5537 0
148 0.5425 0
212 0.5378 0
1123 0.5362 0
1817 0.5255 0
122 0.5237 0
541 0.5234 0
1835 0.5204 0
1860 0.5186 0
1293 0.5159 0
273 0.5133 0
513 0.5098 0
1699 0.5074 0
276 0.5064 0
1124 0.5050 0
1513 0.5036 0
598 0.4970 0
749 0.4969 0
1087 0.4958 0
118 0.4949 0
536 0.4945 0
1508 0.4901 0
1831 0.4893 0
560 0.4877 0
1229 0.4845 0
1720 0.4810 0
95 0.4768 0
1671 0.4745 0
1226 0.4740 0
876 0.4719 0
1805 0.4712 0
172 0.4684 0
1997 0.4679 0
1802 0.4649 0
1816 0.4638 0
42 0.4612 0
1956 0.4584 0
341 0.4551 0
980 0.4530 0
144 0.4515 0
1244 0.4483 0
1700 0.4456 0
1749 0.4392 0
1276 0.4352 0
829 0.4349 0
384 0.4292 0
930 0.4272 0
305 0.4270 0
1314 0.4266 0
227 0.4262 0
1005 0.4260 0
940 0.4232 0
289 0.4229 0
1886 0.4207 0
1821 0.4203 0
963 0.4148 0
791 0.4088 0
360 0.4078 0
357 0.4039 0
1137 0.4025 0
1573 0.4022 0
1435 0.4003 0
191 0.3997 0
1238 0.3965 0
197 0.3883 0
801 0.3801 0
82 0.3789 0
386 0.3778 0
1326 0.3765 0
762 0.3739 0
68 0.3713 0
700 0.3687 0
190 0.3680 0
181 0.3667 0
555 0.3614 0
720 0.3587 0
449 0.3586 0
1765 0.3567 0
174 0.3564 0
1480 0.3563 0
717 0.3549 0
1666 0.3528 0
1250 0.3510 0
1060 0.3500 0
137 0.3493 0
710 0.3483 0
127 0.3463 0
776 0.3426 0
869 0.3417 0
1344 0.3404 0
1735 0.3382 0
549 0.3381 0
1094 0.3378 0
362 0.3370 0
1444 0.3352 0
1646 0.3328 0
1931 0.3321 0
565 0.3311 0
1737 0.3286 0
668 0.3229 0
1917 0.3225 0
1686 0.3185 0
1357 0.3119 0
387 0.3107 0
414 0.3101 0
1236 0.3053 0
1514 0.3033 0
597 0.3003 0
1164 0.2991 0
57 0.2987 0
1858 0.2937 0
1542 0.2929 0
60 0.2920 0
111 0.2920 0
832 0.2869 0
584 0.2865 0
1879 0.2844 0
790 0.2834 0
1091 0.2826 0
519 0.2812 0
929 0.2771 0
868 0.2758 0
1042 0.2727 0
1787 0.2635 0
113 0.2615 0
141 0.2587 0
673 0.2581 0
814 0.2521 0
1943 0.2495 0
1661 0.2463 0
1134 0.2447 0
1708 0.2414 0
1742 0.2402 0
135 0.2385 0
1620 0.2377 0
79 0.2369 0
1877 0.2362 0
288 0.2326 0
1143 0.2317 0
1426 0.2273 0
1020 0.2261 0
753 0.2217 0
1342 0.2175 0
946 0.2081 0
126 0.2015 0
666 0.2010 0
1325 0.1963 0
272 0.1953 0
457 0.1939 0
1405 0.1920 0
1280 0.1905 0
1350 0.1888 0
1268 0.1869 0
378 0.1858 0
725 0.1852 0
390 0.1852 0
811 0.1843 0
1926 0.1836 0
117 0.1826 0
507 0.1747 0
1650 0.1744 0
1278 0.1733 0
1352 0.1717 0
1025 0.1714 0
845 0.1695 0
1982 0.1688 0
788 0.1660 0
167 0.1612 0
1797 0.1605 0
87 0.1548 0
1115 0.1526 0
1892 0.1517 0
742 0.1504 0
1556 0.1471 0
523 0.1455 0
1709 0.1436 0
367 0.1435 0
1026 0.1283 0
1907 0.1264 0
338 0.1264 0
1750 0.1254 0
1571 0.1244 0
374 0.1219 0
470 0.1162 0
701 0.1104 0
754 0.1056 0
179 0.1040 0
1247 0.1013 0
1053 0.0940 0
201 0.0923 0
140 0.0909 0
1551 0.0892 0
1068 0.0863 0
783 0.0853 0
1690 0.0848 0
1044 0.0827 0
178 0.0818 0
480 0.0782 0
104 0.0706 0
989 0.0704 0
109 0.0681 0
835 0.0678 0
62 0.0624 0
1038 0.0600 0
35 0.0522 0
1654 0.0515 0
1693 0.0512 0
1702 0.0502 0
1195 0.0493 0
221 0.0490 0
1162 0.0488 0
1924 0.0474 0
1916 0.0464 0
580 0.0454 0
50 0.0444 0
200 0.0412 0
1274 0.0409 0
350 0.0366 0
432 0.0318 0
1061 0.0250 0
1075 0.0229 0
1125 0.0198 0
888 0.0169 0
1096 0.0155 0
862 0.0124 0
1197 0.0122 0
1611 0.0103 0
915 0.0021 0
385 0.0016 0
1185 0.0003 0
1145 -0.0013 0
431 -0.0065 0
975 -0.0069 0
430 -0.0072 0
676 -0.0085 0
423 -0.0115 0
994 -0.0127 0
265 -0.0148 0
1771 -0.0156 0
47 -0.0259 0
16 -0.0291 0
1823 -0.0304 0
219 -0.0377 0
1541 -0.0386 0
607 -0.0409 1
806 -0.0426 0
1874 -0.0471 0
131 -0.0537 0
732 -0.0594 0
996 -0.0595 0
867 -0.0631 0
1919 -0.0654 0
1930 -0.0669 0
1432 -0.0670 0
1116 -0.0726 0
1225 -0.0784 0
1915 -0.0797 0
1677 -0.0896 0
1334 -0.0922 0
1335 -0.0927 0
1548 -0.0981 0
195 -0.1057 0
1599 -0.1063 0
1695 -0.1132 0
1763 -0.1135 0
1113 -0.1147 0
785 -0.1191 0
962 -0.1265 0
499 -0.1268 0
796 -0.1272 0
1211 -0.1340 0
1440 -0.1432 0
1601 -0.1435 0
296 -0.1457 0
689 -0.1488 0
1192 -0.1514 0
1788 -0.1522 0
1187 -0.1529 0
1290 -0.1535 0
1588 -0.1545 0
672 -0.1679 0
1233 -0.1705 0
1261 -0.1735 0
708 -0.1752 0
1645 -0.1782 0
45 -0.1809 0
510 -0.1819 0
780 -0.1822 0
1759 -0.1827 0
1923 -0.1847 0
460 -0.1857 0
1550 -0.2001 0
175 -0.2041 0
1074 -0.2087 0
1796 -0.2091 0
1092 -0.2101 0
1095 -0.2110 0
445 -0.2115 0
1063 -0.2117 0
1414 -0.2138 0
24 -0.2181 0
94 -0.2257 0
591 -0.2280 0
521 -0.2306 0
502 -0.2309 0
953 -0.2314 0
475 -0.2339 0
1932 -0.2385 0
1231 -0.2417 0
455 -0.2472 0
526 -0.2486 0
1135 -0.2497 0
1208 -0.2530 0
1119 -0.2547 0
330 -0.2575 0
910 -0.2624 0
20 -0.2673 0
1728 -0.2713 0
1370 -0.2714 0
185 -0.2757 0
916 -0.2834 0
1853 -0.2852 0
483 -0.2978 0
1558 -0.3000 0
347 -0.3057 0
1299 -0.3061 0
1778 -0.3088 0
1297 -0.3093 0
170 -0.3097 0
1417 -0.3127 0
251 -0.3145 0
215 -0.3161 0
819 -0.3189 0
380 -0.3239 0
23 -0.3240 0
731 -0.3345 0
1938 -0.3381 0
239 -0.3426 0
420 -0.3430 0
427 -0.3434 0
1845 -0.3456 0
293 -0.3458 0
912 -0.3468 0
1772 -0.3595 0
1002 -0.3617 0
1925 -0.3663 0
343 -0.3680 0
1289 -0.3716 0
1093 -0.3751 0
1103 -0.3773 0
1018 -0.3801 0
1403 -0.3836 0
1844 -0.3925 0
880 -0.3929 0
222 -0.3996 0
838 -0.4014 0
1376 -0.4031 0
52 -0.4064 0
1339 -0.4064 0
542 -0.4110 0
1312 -0.4114 0
1975 -0.4117 0
805 -0.4147 0
1540 -0.4198 0
1017 -0.4209 0
339 -0.4219 0
1953 -0.4251 0
1248 -0.4251 0
774 -0.4253 0
831 -0.4263 0
589 -0.4266 0
1850 -0.4315 0
1757 -0.4384 0
1849 -0.4399 0
308 -0.4419 0
1902 -0.4424 0
1313 -0.4443 0
1586 -0.4448 0
1578 -0.4478 0
266 -0.4495 0
1935 -0.4507 0
359 -0.4537 0
403 -0.4656 0
1596 -0.4677 0
1052 -0.4692 0
581 -0.4729 0
1180 -0.4764 0
1404 -0.4765 0
456 -0.4845 0
93 -0.4858 0
66 -0.4895 0
1158 -0.4914 0
17 -0.4917 0
959 -0.5001 0
458 -0.5008 0
578 -0.5010 0
793 -0.5045 0
1390 -0.5091 0
1696 -0.5124 0
870 -0.5185 0
1445 -0.5212 0
692 -0.5216 0
1878 -0.5243 0
939 -0.5290 0
756 -0.5291 0
1083 -0.5347 0
1694 -0.5357 0
1799 -0.5370 0
406 -0.5420 0
250 -0.5429 0
1779 -0.5464 0
1051 -0.5606 0
501 -0.5702 0
253 -0.5719 0
818 -0.5723 0
1657 -0.5764 0
843 -0.5769 0
508 -0.5773 0
1328 -0.5795 0
1036 -0.5847 0
1913 -0.5860 0
1282 -0.5889 0
448 -0.5903 0
1246 -0.5960 0
1183 -0.5968 0
44 -0.5969 0
559 -0.6024 0
1842 -0.6085 0
567 -0.6088 0
1108 -0.6133 0
976 -0.6176 0
202 -0.6180 0
817 -0.6195 0
328 -0.6232 0
1687 -0.6257 0
1843 -0.6265 0
751 -0.6271 0
1047 -0.6293 0
297 -0.6343 0
1809 -0.6346 0
860 -0.6500 0
1104 -0.6532 0
1921 -0.6574 0
248 -0.6620 0
315 -0.6652 0
199 -0.6675 0
329 -0.6704 0
91 -0.6758 0
1008 -0.6805 0
995 -0.6816 0
812 -0.6841 0
1634 -0.6857 0
1909 -0.6948 0
194 -0.6963 0
419 -0.6976 0
1936 -0.6987 0
158 -0.7005 0
157 -0.7010 0
1576 -0.7022 0
682 -0.7029 0
1756 -0.7075 0
1159 -0.7081 0
1079 -0.7082 0
1589 -0.7135 0
1505 -0.7296 0
1130 -0.7311 0
954 -0.7325 0
1949 -0.7341 0
1346 -0.7391 0
1121 -0.7394 0
1710 -0.7397 0
207 -0.7403 0
1396 -0.7418 0
110 -0.7567 0
864 -0.7592 0
67 -0.7724 0
88 -0.7765 0
757 -0.7797 0
1256 -0.7827 0
1587 -0.7902 0
303 -0.8006 0
1031 -0.8038 0
1347 -0.8041 0
1399 -0.8044 0
1300 -0.8081 0
1684 -0.8087 0
1416 -0.8149 0
481 -0.8216 0
1910 -0.8284 0
925 -0.8298 0
1133 -0.8311 0
1264 -0.8322 0
1194 -0.8393 0
1114 -0.8416 0
1854 -0.8441 0
370 -0.8479 0
229 -0.8497 0
952 -0.8530 0
1774 -0.8541 0
1678 -0.8542 0
1985 -0.8589 0
1617 -0.8665 0
1298 -0.8667 0
1374 -0.8668 0
345 -0.8698 0
1292 -0.8800 0
1385 -0.8825 0
1148 -0.8847 0
1048 -0.8903 0
324 -0.8968 0
97 -0.9020 0
1717 -0.9022 0
1663 -0.9027 0
1538 -0.9048 0
1553 -0.9101 0
1097 -0.9130 0
824 -0.9137 0
490 -0.9147 0
421 -0.9180 0
674 -0.9204 0
1679 -0.9277 0
464 -0.9309 0
1612 -0.9310 0
1861 -0.9347 0
1668 -0.9363 0
1059 -0.9387 0
314 -0.9404 0
677 -0.9415 0
1680 -0.9481 0
152 -0.9512 0
1633 -0.9551 0
1349 -0.9586 0
1375 -0.9592 0
1207 -0.9633 0
1827 -0.9702 0
317 -0.9705 0
1940 -0.9758 0
1529 -0.9762 0
901 -0.9803 0
155 -0.9818 0
1285 -0.9833 0
767 -0.9844 0
897 -0.9950 0
1434 -0.9953 0
671 -0.9989 0
340 -1.0004 0
1033 -1.0005 0
397 -1.0010 0
920 -1.0013 0
514 -1.0036 0
1608 -1.0040 0
854 -1.0058 0
1995 -1.0094 0
800 -1.0106 0
778 -1.0112 0
1475 -1.0165 0
1259 -1.0167 0
1364 -1.0170 0
334 -1.0197 0
1639 -1.0226 0
1449 -1.0230 0
1363 -1.0282 0
149 -1.0284 0
48 -1.0340 0
1201 -1.0357 0
849 -1.0372 0
1146 -1.0423 0
244 -1.0461 0
1413 -1.0467 0
650 -1.0470 0
548 -1.0482 0
1147 -1.0541 0
1368 -1.0564 0
1781 -1.0589 0
225 -1.0625 0
1315 -1.0650 0
1609 -1.0786 0
224 -1.0805 0
450 -1.0860 0
1139 -1.0868 0
1983 -1.0932 0
138 -1.0976 0
540 -1.0981 0
1862 -1.1047 0
320 -1.1052 0
847 -1.1116 0
130 -1.1136 0
1427 -1.1148 0
269 -1.1148 0
1069 -1.1182 0
1908 -1.1203 0
1329 -1.1205 0
459 -1.1225 0
240 -1.1230 0
1122 -1.1258 0
1191 -1.1260 0
966 -1.1299 0
461 -1.1315 0
1361 -1.1316 0
543 -1.1317 0
147 -1.1326 0
474 -1.1326 0
1768 -1.1331 0
1780 -1.1395 0
1030 -1.1552 0
857 -1.1574 0
283 -1.1574 0
1433 -1.1607 0
1761 -1.1610 0
1070 -1.1611 0
1791 -1.1613 0
1429 -1.1627 0
1294 -1.1629 0
322 -1.1636 0
1186 -1.1743 0
1810 -1.1801 0
1637 -1.1817 0
1511 -1.1838 0
1402 -1.1892 0
1281 -1.1894 0
545 -1.2051 0
1322 -1.2068 0
168 -1.2112 0
249 -1.2192 0
1420 -1.2281 0
426 -1.2283 0
1369 -1.2313 0
463 -1.2394 0
1022 -1.2518 0
1406 -1.2523 0
1014 -1.2560 0
313 -1.2697 0
1421 -1.2726 0
163 -1.2743 0
1118 -1.2810 0
874 -1.2832 0
1969 -1.2910 0
895 -1.2969 0
1316 -1.3057 0
950 -1.3062 0
675 -1.3070 0
1673 -1.3084 0
518 -1.3118 0
893 -1.3155 0
1632 -1.3176 0
1562 -1.3205 0
245 -1.3209 0
1579 -1.3225 0
659 -1.3229 0
291 -1.3238 0
164 -1.3295 0
761 -1.3316 0
1304 -1.3321 0
284 -1.3343 0
1946 -1.3343 0
1871 -1.3383 0
1360 -1.3407 0
1287 -1.3427 0
828 -1.3489 0
281 -1.3507 0
1424 -1.3544 0
1883 -1.3570 0
1305 -1.3581 0
1881 -1.3585 0
574 -1.3646 0
899 -1.3721 0
1937 -1.3774 0
1425 -1.3823 0
1591 -1.3864 0
300 -1.3919 0
1933 -1.3968 0
865 -1.4029 0
1381 -1.4063 0
192 -1.4074 0
471 -1.4085 0
209 -1.4131 0
1676 -1.4157 0
670 -1.4157 0
1037 -1.4168 0
1715 -1.4202 0
1448 -1.4239 0
1664 -1.4244 0
991 -1.4257 0
208 -1.4269 0
1203 -1.4308 0
180 -1.4317 0
1754 -1.4424 0
885 -1.4462 0
826 -1.4473 0
909 -1.4477 0
1105 -1.4523 0
1395 -1.4541 0
999 -1.4543 0
325 -1.4593 0
884 -1.4623 0
1804 -1.4667 0
64 -1.4728 0
84 -1.4826 0
1389 -1.4894 0
1311 -1.4909 0
1082 -1.4922 0
773 -1.4930 0
307 -1.4967 0
1028 -1.4975 0
1436 -1.5096 0
529 -1.5123 0
259 -1.5157 0
808 -1.5213 0
486 -1.5237 0
969 -1.5352 0
892 -1.5370 0
1999 -1.5417 0
1533 -1.5514 0
156 -1.5535 0
1336 -1.5539 0
1249 -1.5546 0
1555 -1.5581 0
331 -1.5720 0
858 -1.5744 0
1914 -1.5864 0
295 -1.5903 0
150 -1.6014 0
662 -1.6073 0
1120 -1.6146 0
844 -1.6147 0
1257 -1.6176 0
453 -1.6387 0
321 -1.6402 0
1643 -1.6454 0
1744 -1.6454 0
1559 -1.6468 0
1441 -1.6503 0
484 -1.6638 0
1371 -1.6682 0
231 -1.6700 0
1330 -1.6770 0
1098 -1.6784 0
680 -1.6870 0
681 -1.6949 0
165 -1.7354 0
196 -1.7445 0
188 -1.7487 0
1076 -1.7680 0
166 -1.7694 0
823 -1.7718 0
1911 -1.7739 0
553 -1.7881 0
891 -1.7888 0
520 -1.7950 0
176 -1.7993 0
1019 -1.8072 0
1362 -1.8127 0
90 -1.8129 0
1109 -1.8172 0
228 -1.8229 0
1811 -1.8292 0
1685 -1.8304 0
1102 -1.8339 0
112 -1.8411 0
1560 -1.8553 0
105 -1.8554 0
1302 -1.8603 0
1566 -1.8624 0
1568 -1.8633 0
285 -1.8670 0
1535 -1.8683 0
103 -1.8784 0
1015 -1.8845 0
1638 -1.8879 0
381 -1.9042 0
162 -1.9132 0
983 -1.9150 0
738 -1.9196 0
1003 -1.9218 0
252 -1.9229 0
1255 -1.9256 0
782 -1.9263 0
1740 -1.9311 0
1318 -1.9352 0
1748 -1.9354 0
1766 -1.9416 0
1552 -1.9474 0
1341 -1.9578 0
852 -1.9654 0
336 -1.9731 0
1751 -1.9755 0
160 -1.9827 0
238 -1.9828 0
473 -1.9876 0
679 -1.9907 0
1636 -1.9935 0
978 -1.9974 0
1013 -2.0046 0
1412 -2.0131 0
326 -2.0204 0
1324 -2.0261 0
875 -2.0337 0
1527 -2.0360 0
1595 -2.0397 0
1565 -2.0493 0
937 -2.0519 0
859 -2.0594 0
882 -2.0640 0
73 -2.0657 0
1665 -2.0664 0
1900 -2.0680 0
871 -2.0761 0
193 -2.0800 0
332 -2.0860 0
889 -2.0916 0
1391 -2.0941 0
1388 -2.1095 0
119 -2.1187 0
184 -2.1290 0
1218 -2.1366 0
894 -2.1671 0
1310 -2.1702 0
271 -2.1760 0
1739 -2.1794 0
1569 -2.1856 0
477 -2.1858 0
1635 -2.1864 0
1380 -2.2000 0
752 -2.2045 0
452 -2.2047 0
933 -2.2180 0
1378 -2.2213 0
1351 -2.2292 0
539 -2.2293 0
834 -2.2408 0
1604 -2.2535 0
1232 -2.2540 0
1590 -2.2546 0
235 -2.2591 0
1869 -2.2636 0
815 -2.2640 0
1443 -2.2683 0
301 -2.2726 0
820 -2.2764 0
1570 -2.2885 0
1383 -2.2951 0
1046 -2.2957 0
479 -2.3004 0
1049 -2.3064 0
1593 -2.3151 0
206 -2.3210 0
1081 -2.3275 0
1144 -2.3416 0
547 -2.3467 0
472 -2.3477 0
1265 -2.3559 0
1386 -2.4013 0
161 -2.4049 0
1323 -2.4072 0
1776 -2.4073 0
489 -2.4185 0
422 -2.4341 0
1306 -2.4418 0
173 -2.4498 0
125 -2.4543 0
537 -2.4767 0
1392 -2.4914 0
1437 -2.5122 0
1415 -2.5477 0
1377 -2.5490 0
1277 -2.5655 0
1099 -2.5655 0
1222 -2.5676 0
1332 -2.6020 0
1624 -2.6047 0
1430 -2.6055 0
657 -2.6098 0
438 -2.6215 0
1585 -2.6234 0
1423 -2.6399 0
898 -2.6483 0
1359 -2.6536 0
1348 -2.6572 0
1572 -2.6615 0
1320 -2.6664 0
1273 -2.6710 0
1260 -2.6738 0
973 -2.7116 0
533 -2.7126 0
1286 -2.7155 0
89 -2.7277 0
1016 -2.7390 0
1269 -2.7423 0
1295 -2.7455 0
1089 -2.7478 0
151 -2.7718 0
1411 -2.8113 0
1575 -2.8161 0
955 -2.8166 0
1594 -2.8416 0
1543 -2.8732 0
451 -2.8737 0
1045 -2.8883 0
1367 -2.9099 0
335 -2.9150 0
493 -2.9182 0
1738 -2.9263 0
1011 -2.9495 0
495 -2.9555 0
803 -2.9737 0
1616 -2.9818 0
287 -2.9889 0
1215 -3.0107 0
866 -3.0181 0
684 -3.0406 0
1107 -3.0552 0
186 -3.0654 0
1275 -3.0693 0
985 -3.0734 0
497 -3.0747 0
1354 -3.1058 0
1284 -3.1069 0
1023 -3.1084 0
1948 -3.1211 0
1712 -3.1225 0
1647 -3.1407 0
1272 -3.1459 0
822 -3.1460 0
957 -3.1734 0
1409 -3.2034 0
840 -3.2120 0
696 -3.2535 0
1373 -3.2693 0
655 -3.2733 0
318 -3.2744 0
468 -3.2866 0
75 -3.2943 0
1062 -3.3052 0
786 -3.3087 0
1009 -3.3180 0
1358 -3.3349 0
496 -3.3919 0
1251 -3.3979 0
277 -3.4005 0
856 -3.4069 0
1442 -3.4074 0
1697 -3.4118 0
1066 -3.4374 0
981 -3.4547 0
478 -3.5352 0
1619 -3.5386 0
1140 -3.7595 0
492 -3.8126 0
1752 -3.8343 0
476 -3.8467 0
1039 -3.9383 0
1501 -3.9719 0
855 -3.9819 0
1263 -4.0374 0
1291 -4.0466 0
1027 -4.3451 0
1279 -4.4419 0
1319 -4.7853 0
1253 -4.8815 0
1271 -4.9852 0
1333 -5.4502 0
346 -5.7608 0
