716 28.9089 1
736 24.9314 1
742 22.6643 1
727 22.6384 1
713 22.2351 1
730 20.9673 1
740 20.9419 1
744 20.6919 1
717 20.3463 1
726 20.2200 1
731 19.4125 1
746 19.2707 1
739 19.1109 1
709 18.8199 1
701 18.7371 1
747 18.6540 1
722 18.6004 1
714 18.2913 1
711 18.1883 1
732 18.1370 1
734 18.0277 1
735 17.8091 1
728 17.6903 1
708 17.0463 1
748 16.9361 1
749 16.8975 1
705 16.7104 1
710 16.5550 1
741 16.5496 1
721 16.5275 1
725 16.5068 1
738 16.1630 1
707 15.6182 1
720 15.3155 1
737 15.1177 1
723 14.6179 1
704 14.2717 1
1096 14.1140 0
706 14.0078 1
703 13.9836 1
724 13.9746 1
712 13.3970 1
702 12.6008 1
719 12.0803 1
733 11.9793 1
715 11.9285 1
745 11.3726 1
718 10.4281 1
743 9.2418 1
700 9.1375 1
373 8.7272 0
1752 7.3099 0
1399 6.4648 0
1337 6.4025 0
1416 6.3797 0
1063 6.3353 0
789 5.9321 0
587 5.8668 0
1311 5.7216 0
1696 5.7071 0
369 5.5010 0
641 5.4613 0
1012 5.3011 0
665 5.2115 0
577 5.2102 0
396 4.7032 0
1386 4.6349 0
552 4.5839 0
654 4.4645 0
125 4.4554 0
1306 4.3915 0
1799 4.3167 0
594 4.3057 0
645 4.2847 0
377 4.1865 0
1325 4.1688 0
599 4.1603 0
1882 4.1349 0
1115 4.0955 0
1348 4.0646 0
868 4.0509 0
1021 4.0414 0
683 3.9914 0
1359 3.9906 0
1213 3.8918 0
675 3.8756 0
1852 3.8131 0
1489 3.7836 0
888 3.7560 0
1443 3.7261 0
922 3.6858 0
41 3.6514 0
729 3.5642 1
570 3.5640 0
1374 3.4614 0
15 3.4268 0
227 3.4071 0
1471 3.3131 0
1285 3.2384 0
1433 3.2182 0
1324 3.1942 0
1362 3.1792 0
357 3.1324 0
299 3.1054 0
519 3.0871 0
1991 3.0665 0
1364 3.0281 0
363 2.9996 0
564 2.9973 0
597 2.9752 0
354 2.9245 0
1982 2.9094 0
376 2.9053 0
595 2.8960 0
1405 2.8944 0
1407 2.8664 0
1368 2.8484 0
1351 2.8105 0
576 2.7630 0
676 2.6722 0
1381 2.6628 0
1380 2.6572 0
689 2.6122 0
539 2.5939 0
1373 2.5868 0
481 2.5685 0
1330 2.5540 0
995 2.5412 0
851 2.5230 0
669 2.5104 0
1745 2.5065 0
545 2.4978 0
350 2.4962 0
561 2.4438 0
1658 2.4359 0
989 2.4276 0
841 2.4128 0
1483 2.4105 0
695 2.4074 0
574 2.3827 0
954 2.3347 0
364 2.3071 0
1019 2.2939 0
1756 2.2461 0
361 2.2366 0
1412 2.2165 0
416 2.1839 0
1263 2.1782 0
660 2.1632 0
382 2.1584 0
486 2.1554 0
185 2.1551 0
925 2.1276 0
443 2.1217 0
1272 2.1197 0
1369 2.1076 0
1344 2.0919 0
838 2.0716 0
297 2.0708 0
1672 2.0688 0
960 2.0543 0
1806 2.0278 0
1371 1.9948 0
1620 1.9910 0
1627 1.9844 0
136 1.9556 0
1349 1.9204 0
1666 1.9063 0
273 1.9025 0
362 1.8820 0
1378 1.8690 0
1603 1.8683 0
218 1.8637 0
384 1.8532 0
1778 1.8499 0
1360 1.8437 0
1375 1.8277 0
547 1.8228 0
1320 1.7900 0
1781 1.7772 0
379 1.7585 0
947 1.7556 0
1467 1.7255 0
201 1.7248 0
1613 1.7214 0
648 1.7180 0
1616 1.7172 0
155 1.7041 0
1830 1.6959 0
1655 1.6894 0
997 1.6722 0
1686 1.6619 0
435 1.6566 0
693 1.6523 0
1760 1.6510 0
246 1.6490 0
1385 1.6330 0
572 1.6031 0
967 1.6017 0
1134 1.5997 0
1960 1.5956 0
1302 1.5860 0
359 1.5515 0
653 1.5378 0
422 1.5217 0
568 1.5215 0
1779 1.5182 0
1104 1.5091 0
1484 1.5018 0
1780 1.4904 0
573 1.4856 0
659 1.4839 0
1606 1.4821 0
394 1.4599 0
1121 1.4579 0
540 1.4421 0
1138 1.4290 0
982 1.4232 0
44 1.3913 0
557 1.3881 0
288 1.3847 0
1610 1.3770 0
1372 1.3731 0
1367 1.3711 0
383 1.3581 0
349 1.3559 0
598 1.3470 0
1347 1.3418 0
1618 1.3352 0
1798 1.3099 0
411 1.3029 0
1389 1.2963 0
857 1.2941 0
1313 1.2806 0
1634 1.2765 0
1678 1.2703 0
371 1.2657 0
1979 1.2623 0
1600 1.2489 0
1187 1.2289 0
1237 1.2218 0
1808 1.2217 0
551 1.2116 0
512 1.2087 0
1314 1.2070 0
39 1.2012 0
1060 1.1949 0
1427 1.1607 0
1975 1.1586 0
901 1.1392 0
1053 1.1378 0
1653 1.1327 0
685 1.1320 0
999 1.1202 0
1966 1.1201 0
658 1.1116 0
345 1.1076 0
1636 1.1040 0
1439 1.1030 0
1896 1.0972 0
899 1.0923 0
367 1.0903 0
1755 1.0890 0
439 1.0840 0
417 1.0732 0
1757 1.0695 0
998 1.0586 0
1346 1.0545 0
1146 1.0448 0
1318 1.0443 0
368 1.0324 0
40 1.0309 0
569 1.0254 0
1210 1.0147 0
543 1.0025 0
856 0.9992 0
208 0.9856 0
565 0.9732 0
1334 0.9668 0
988 0.9622 0
317 0.9602 0
1785 0.9441 0
584 0.9396 0
962 0.9220 0
365 0.9162 0
864 0.8977 0
18 0.8970 0
295 0.8879 0
440 0.8820 0
822 0.8799 0
1667 0.8792 0
586 0.8671 0
833 0.8640 0
1659 0.8606 0
1217 0.8524 0
1139 0.8488 0
210 0.8479 0
17 0.8470 0
1813 0.8400 0
1978 0.8361 0
812 0.8345 0
68 0.8295 0
921 0.8295 0
497 0.8283 0
1660 0.8257 0
1460 0.8112 0
760 0.8082 0
613 0.8060 0
1838 0.8053 0
1496 0.8019 0
473 0.7998 0
1100 0.7974 0
427 0.7884 0
147 0.7869 0
1552 0.7827 0
835 0.7515 0
503 0.7429 0
329 0.7427 0
1123 0.7420 0
441 0.7333 0
522 0.7300 0
1599 0.7238 0
1880 0.7196 0
1319 0.7180 0
1793 0.7159 0
1829 0.7100 0
823 0.7011 0
260 0.6874 0
1020 0.6822 0
1524 0.6672 0
520 0.6608 0
372 0.6581 0
314 0.6551 0
1192 0.6547 0
1037 0.6511 0
945 0.6490 0
1036 0.6398 0
358 0.6388 0
992 0.6386 0
1875 0.6311 0
966 0.6296 0
403 0.6258 0
1276 0.6170 0
1470 0.6076 0
930 0.6017 0
890 0.5981 0
407 0.5877 0
1858 0.5836 0
1601 0.5799 0
352 0.5782 0
529 0.5722 0
1526 0.5707 0
415 0.5621 0
958 0.5606 0
133 0.5599 0
11 0.5553 0
630 0.5360 0
895 0.5274 0
1448 0.5244 0
937 0.5206 0
1783 0.5172 0
1070 0.5119 0
1751 0.5026 0
1026 0.5026 0
1794 0.4972 0
964 0.4941 0
971 0.4911 0
1461 0.4900 0
452 0.4803 0
1363 0.4782 0
380 0.4757 0
1758 0.4698 0
514 0.4659 0
388 0.4626 0
1003 0.4561 0
1408 0.4548 0
425 0.4480 0
1463 0.4362 0
1370 0.4357 0
1639 0.4345 0
959 0.4321 0
560 0.4298 0
406 0.4296 0
3 0.4265 0
1689 0.4264 0
1684 0.4251 0
1635 0.4229 0
353 0.4229 0
1694 0.4176 0
996 0.4142 0
1633 0.4133 0
1112 0.4049 0
1859 0.3999 0
378 0.3983 0
633 0.3929 0
1352 0.3848 0
258 0.3810 0
374 0.3802 0
1787 0.3700 0
225 0.3602 0
138 0.3593 0
1333 0.3587 0
1904 0.3579 0
142 0.3561 0
1266 0.3517 0
1193 0.3414 0
775 0.3371 0
871 0.3286 0
1394 0.3268 0
405 0.3221 0
1424 0.3193 0
1043 0.3192 0
555 0.3161 0
1544 0.3036 0
836 0.3034 0
1638 0.3008 0
1220 0.2940 0
904 0.2913 0
650 0.2788 0
1014 0.2763 0
1789 0.2758 0
802 0.2748 0
612 0.2662 0
1023 0.2643 0
1692 0.2531 0
231 0.2512 0
102 0.2483 0
614 0.2458 0
444 0.2450 0
938 0.2416 0
1366 0.2396 0
1376 0.2342 0
457 0.2286 0
1455 0.2266 0
905 0.2264 0
571 0.2206 0
257 0.2148 0
389 0.2143 0
880 0.2140 0
1234 0.2139 0
1824 0.2047 0
1082 0.1981 0
171 0.1944 0
319 0.1937 0
1232 0.1824 0
1133 0.1783 0
1417 0.1782 0
1004 0.1781 0
1767 0.1754 0
1905 0.1746 0
1903 0.1723 0
1677 0.1684 0
1885 0.1663 0
923 0.1654 0
757 0.1643 0
1005 0.1589 0
220 0.1572 0
1775 0.1541 0
1536 0.1462 0
335 0.1461 0
48 0.1437 0
1754 0.1391 0
421 0.1380 0
325 0.1357 0
662 0.1198 0
929 0.1190 0
1335 0.1159 0
1898 0.1072 0
321 0.1055 0
1194 0.0975 0
1753 0.0973 0
1474 0.0957 0
1206 0.0916 0
1101 0.0891 0
1652 0.0871 0
1047 0.0829 0
1581 0.0726 0
528 0.0698 0
862 0.0630 0
867 0.0605 0
1567 0.0604 0
214 0.0601 0
1621 0.0428 0
1811 0.0409 0
1952 0.0401 0
984 0.0361 0
390 0.0325 0
1953 0.0315 0
26 0.0184 0
1597 0.0159 0
1563 0.0147 0
370 0.0098 0
1008 0.0092 0
1973 0.0063 0
961 0.0028 0
1970 -0.0064 0
1837 -0.0135 0
778 -0.0138 0
544 -0.0252 0
276 -0.0314 0
391 -0.0348 0
1317 -0.0376 0
66 -0.0394 0
1209 -0.0572 0
360 -0.0600 0
1048 -0.0644 0
550 -0.0644 0
632 -0.0657 0
809 -0.0664 0
934 -0.0698 0
978 -0.0740 0
879 -0.0816 0
1626 -0.0866 0
1125 -0.0882 0
1874 -0.0979 0
1892 -0.0991 0
341 -0.1026 0
1761 -0.1034 0
1615 -0.1034 0
166 -0.1037 0
392 -0.1044 0
393 -0.1055 0
429 -0.1101 0
318 -0.1125 0
1355 -0.1155 0
243 -0.1166 0
301 -0.1191 0
1124 -0.1200 0
1691 -0.1211 0
355 -0.1224 0
322 -0.1283 0
668 -0.1321 0
1304 -0.1348 0
1987 -0.1361 0
548 -0.1411 0
134 -0.1421 0
46 -0.1488 0
324 -0.1494 0
1651 -0.1517 0
274 -0.1654 0
1477 -0.1682 0
1309 -0.1754 0
408 -0.1805 0
1390 -0.1820 0
1899 -0.1897 0
199 -0.1989 0
508 -0.1996 0
1202 -0.2004 0
1671 -0.2015 0
1137 -0.2060 0
972 -0.2221 0
1383 -0.2224 0
941 -0.2237 0
1393 -0.2245 0
108 -0.2303 0
332 -0.2327 0
494 -0.2359 0
1044 -0.2364 0
478 -0.2421 0
1809 -0.2435 0
1963 -0.2504 0
927 -0.2505 0
436 -0.2520 0
293 -0.2532 0
993 -0.2539 0
807 -0.2567 0
805 -0.2600 0
272 -0.2605 0
1890 -0.2611 0
1531 -0.2647 0
366 -0.2708 0
1490 -0.2726 0
336 -0.2761 0
1245 -0.2804 0
1065 -0.2914 0
601 -0.2917 0
1343 -0.2963 0
578 -0.3039 0
1873 -0.3042 0
90 -0.3062 0
940 -0.3079 0
979 -0.3099 0
1426 -0.3139 0
1675 -0.3156 0
974 -0.3210 0
1447 -0.3254 0
1884 -0.3263 0
205 -0.3268 0
1207 -0.3321 0
1887 -0.3336 0
1989 -0.3360 0
562 -0.3469 0
1657 -0.3509 0
1492 -0.3539 0
1688 -0.3545 0
328 -0.3602 0
1222 -0.3610 0
1995 -0.3614 0
916 -0.3618 0
1205 -0.3649 0
109 -0.3651 0
175 -0.3660 0
1481 -0.3732 0
1315 -0.3758 0
398 -0.3763 0
33 -0.3784 0
785 -0.3792 0
1906 -0.3803 0
1010 -0.3813 0
906 -0.3832 0
898 -0.3839 0
1143 -0.3862 0
516 -0.3864 0
1628 -0.3867 0
875 -0.3880 0
1969 -0.3884 0
1886 -0.3891 0
1669 -0.3912 0
535 -0.3921 0
466 -0.3958 0
1861 -0.3964 0
1129 -0.3975 0
1530 -0.3996 0
1395 -0.4000 0
1950 -0.4014 0
1668 -0.4051 0
1067 -0.4058 0
811 -0.4062 0
892 -0.4070 0
556 -0.4071 0
854 -0.4088 0
1850 -0.4119 0
858 -0.4168 0
563 -0.4175 0
431 -0.4191 0
1766 -0.4216 0
162 -0.4238 0
172 -0.4247 0
1338 -0.4318 0
1676 -0.4345 0
387 -0.4367 0
1807 -0.4384 0
249 -0.4402 0
1323 -0.4432 0
575 -0.4491 0
767 -0.4557 0
1682 -0.4558 0
1840 -0.4569 0
839 -0.4587 0
990 -0.4650 0
582 -0.4696 0
1959 -0.4701 0
523 -0.4721 0
1705 -0.4755 0
1614 -0.4779 0
502 -0.4784 0
222 -0.4824 0
1340 -0.4944 0
1480 -0.4961 0
848 -0.4973 0
1819 -0.4975 0
1396 -0.5011 0
1795 -0.5017 0
430 -0.5055 0
1545 -0.5099 0
1204 -0.5143 0
1226 -0.5165 0
84 -0.5194 0
200 -0.5227 0
1647 -0.5236 0
1698 -0.5270 0
970 -0.5278 0
859 -0.5326 0
1342 -0.5339 0
627 -0.5365 0
1770 -0.5394 0
963 -0.5403 0
449 -0.5412 0
1872 -0.5414 0
1289 -0.5418 0
661 -0.5523 0
1486 -0.5534 0
1683 -0.5552 0
1233 -0.5565 0
763 -0.5572 0
438 -0.5576 0
1365 -0.5680 0
913 -0.5683 0
1392 -0.5707 0
141 -0.5710 0
1662 -0.5748 0
238 -0.5768 0
1625 -0.5770 0
1935 -0.5787 0
1802 -0.5821 0
251 -0.5945 0
611 -0.6000 0
1154 -0.6005 0
1644 -0.6111 0
891 -0.6126 0
1993 -0.6140 0
1877 -0.6256 0
1934 -0.6261 0
553 -0.6263 0
351 -0.6266 0
119 -0.6328 0
78 -0.6335 0
1049 -0.6360 0
1640 -0.6449 0
647 -0.6481 0
1253 -0.6497 0
1965 -0.6500 0
1086 -0.6532 0
346 -0.6569 0
211 -0.6596 0
386 -0.6599 0
207 -0.6599 0
446 -0.6608 0
559 -0.6627 0
1203 -0.6631 0
137 -0.6658 0
987 -0.6662 0
1491 -0.6692 0
1331 -0.6693 0
55 -0.6699 0
74 -0.6751 0
65 -0.6752 0
414 -0.6771 0
1573 -0.6786 0
674 -0.6798 0
264 -0.6866 0
1941 -0.6873 0
1283 -0.7036 0
894 -0.7077 0
1358 -0.7099 0
1031 -0.7145 0
86 -0.7163 0
596 -0.7192 0
1550 -0.7205 0
928 -0.7263 0
1592 -0.7264 0
1248 -0.7269 0
1553 -0.7284 0
566 -0.7305 0
484 -0.7367 0
1083 -0.7374 0
1856 -0.7383 0
265 -0.7486 0
1259 -0.7514 0
1665 -0.7535 0
1341 -0.7581 0
1271 -0.7581 0
1981 -0.7586 0
423 -0.7599 0
1216 -0.7607 0
825 -0.7615 0
1288 -0.7622 0
637 -0.7687 0
1353 -0.7704 0
1458 -0.7747 0
1631 -0.7798 0
1810 -0.7864 0
843 -0.7911 0
1262 -0.7920 0
1030 -0.7936 0
1551 -0.7938 0
755 -0.7947 0
1800 -0.7948 0
1558 -0.7954 0
981 -0.8003 0
541 -0.8033 0
1983 -0.8039 0
1816 -0.8041 0
1434 -0.8046 0
1479 -0.8091 0
291 -0.8101 0
305 -0.8155 0
1508 -0.8155 0
969 -0.8159 0
1432 -0.8181 0
877 -0.8197 0
1933 -0.8211 0
1032 -0.8291 0
1084 -0.8298 0
1214 -0.8309 0
459 -0.8316 0
1428 -0.8318 0
433 -0.8320 0
1016 -0.8345 0
1265 -0.8417 0
1888 -0.8453 0
1174 -0.8479 0
1685 -0.8488 0
10 -0.8549 0
591 -0.8551 0
1227 -0.8592 0
240 -0.8644 0
1482 -0.8684 0
532 -0.8694 0
1106 -0.8716 0
183 -0.8741 0
1391 -0.8758 0
852 -0.8767 0
95 -0.8831 0
796 -0.8927 0
186 -0.8937 0
1932 -0.8966 0
1645 -0.8996 0
399 -0.9010 0
1579 -0.9013 0
269 -0.9035 0
1077 -0.9050 0
1299 -0.9097 0
1144 -0.9134 0
1817 -0.9152 0
517 -0.9176 0
644 -0.9189 0
1697 -0.9189 0
860 -0.9213 0
1786 -0.9228 0
1487 -0.9245 0
672 -0.9267 0
308 -0.9320 0
1119 -0.9349 0
917 -0.9371 0
7 -0.9378 0
1878 -0.9383 0
1803 -0.9395 0
521 -0.9414 0
1832 -0.9433 0
1664 -0.9449 0
204 -0.9453 0
1212 -0.9459 0
1250 -0.9468 0
1054 -0.9493 0
580 -0.9529 0
1457 -0.9540 0
1670 -0.9567 0
356 -0.9567 0
1999 -0.9667 0
256 -0.9674 0
1986 -0.9678 0
1094 -0.9751 0
43 -0.9772 0
1 -0.9773 0
16 -0.9774 0
1584 -0.9803 0
145 -0.9889 0
1598 -0.9902 0
1967 -0.9923 0
1076 -0.9972 0
445 -1.0003 0
159 -1.0014 0
1046 -1.0019 0
946 -1.0060 0
583 -1.0061 0
1465 -1.0063 0
1605 -1.0231 0
1235 -1.0232 0
1928 -1.0233 0
1538 -1.0281 0
233 -1.0301 0
625 -1.0354 0
29 -1.0419 0
1141 -1.0434 0
766 -1.0454 0
1842 -1.0465 0
948 -1.0485 0
1328 -1.0560 0
1523 -1.0561 0
678 -1.0604 0
1241 -1.0638 0
315 -1.0639 0
1792 -1.0661 0
28 -1.0694 0
828 -1.0731 0
424 -1.0764 0
1387 -1.0764 0
1980 -1.0769 0
1994 -1.0773 0
1827 -1.0780 0
1765 -1.0809 0
1001 -1.0917 0
375 -1.0918 0
1388 -1.0943 0
217 -1.0999 0
442 -1.1010 0
14 -1.1013 0
1661 -1.1158 0
1589 -1.1186 0
38 -1.1209 0
1585 -1.1226 0
397 -1.1234 0
820 -1.1304 0
190 -1.1304 0
667 -1.1304 0
143 -1.1332 0
1561 -1.1346 0
761 -1.1362 0
980 -1.1371 0
816 -1.1416 0
27 -1.1439 0
770 -1.1443 0
437 -1.1445 0
488 -1.1446 0
270 -1.1449 0
918 -1.1560 0
1499 -1.1572 0
588 -1.1583 0
1879 -1.1585 0
1759 -1.1590 0
280 -1.1618 0
448 -1.1654 0
1843 -1.1670 0
1971 -1.1710 0
1404 -1.1719 0
1184 -1.1746 0
400 -1.1750 0
931 -1.1803 0
664 -1.1828 0
1218 -1.1829 0
977 -1.1893 0
1444 -1.1903 0
1007 -1.1968 0
872 -1.2002 0
1695 -1.2017 0
1442 -1.2030 0
104 -1.2120 0
869 -1.2162 0
1949 -1.2171 0
412 -1.2229 0
302 -1.2237 0
1679 -1.2260 0
513 -1.2292 0
1303 -1.2298 0
834 -1.2302 0
1466 -1.2306 0
908 -1.2334 0
79 -1.2350 0
1502 -1.2370 0
1539 -1.2386 0
769 -1.2403 0
485 -1.2431 0
911 -1.2444 0
866 -1.2458 0
1764 -1.2460 0
1120 -1.2499 0
873 -1.2536 0
215 -1.2562 0
887 -1.2676 0
1916 -1.2708 0
831 -1.2711 0
1790 -1.2747 0
973 -1.2753 0
1619 -1.2803 0
1907 -1.2815 0
953 -1.2826 0
158 -1.2830 0
311 -1.2869 0
1075 -1.2880 0
1595 -1.2921 0
581 -1.2948 0
1500 -1.2949 0
31 -1.2956 0
826 -1.2977 0
1997 -1.2993 0
1420 -1.2999 0
506 -1.3053 0
546 -1.3054 0
1776 -1.3069 0
1518 -1.3100 0
636 -1.3148 0
112 -1.3155 0
252 -1.3157 0
499 -1.3188 0
939 -1.3229 0
281 -1.3258 0
1985 -1.3291 0
750 -1.3319 0
483 -1.3321 0
1411 -1.3324 0
1018 -1.3343 0
434 -1.3364 0
1322 -1.3371 0
1511 -1.3426 0
1864 -1.3439 0
1835 -1.3503 0
253 -1.3518 0
533 -1.3529 0
467 -1.3534 0
840 -1.3552 0
1361 -1.3559 0
1354 -1.3590 0
146 -1.3622 0
1251 -1.3644 0
1249 -1.3726 0
827 -1.3734 0
536 -1.3795 0
1930 -1.3825 0
651 -1.3834 0
1823 -1.3851 0
135 -1.3857 0
617 -1.3885 0
409 -1.3898 0
152 -1.3904 0
1316 -1.3967 0
844 -1.3987 0
180 -1.3992 0
1587 -1.3994 0
649 -1.4006 0
798 -1.4009 0
1211 -1.4010 0
1326 -1.4010 0
1836 -1.4014 0
1224 -1.4020 0
936 -1.4021 0
920 -1.4028 0
1791 -1.4050 0
275 -1.4062 0
1646 -1.4103 0
395 -1.4114 0
1158 -1.4137 0
991 -1.4151 0
1113 -1.4202 0
944 -1.4215 0
1974 -1.4319 0
1540 -1.4359 0
1750 -1.4366 0
983 -1.4375 0
1117 -1.4399 0
250 -1.4408 0
1453 -1.4433 0
410 -1.4443 0
432 -1.4470 0
1845 -1.4483 0
1834 -1.4634 0
1687 -1.4690 0
776 -1.4705 0
882 -1.4719 0
1185 -1.4792 0
1911 -1.4800 0
846 -1.4809 0
1179 -1.4821 0
889 -1.4824 0
1519 -1.4941 0
1488 -1.4954 0
1308 -1.4980 0
1402 -1.5008 0
511 -1.5018 0
1312 -1.5019 0
855 -1.5022 0
818 -1.5037 0
150 -1.5076 0
1041 -1.5212 0
1013 -1.5227 0
1641 -1.5244 0
800 -1.5258 0
176 -1.5272 0
284 -1.5274 0
623 -1.5289 0
1122 -1.5297 0
191 -1.5297 0
1451 -1.5327 0
907 -1.5373 0
475 -1.5390 0
1863 -1.5398 0
179 -1.5459 0
1608 -1.5461 0
262 -1.5463 0
830 -1.5465 0
1629 -1.5487 0
531 -1.5518 0
121 -1.5523 0
1002 -1.5526 0
1849 -1.5528 0
1768 -1.5559 0
100 -1.5568 0
1035 -1.5621 0
110 -1.5653 0
1069 -1.5667 0
1643 -1.5710 0
1148 -1.5730 0
168 -1.5759 0
768 -1.5763 0
1274 -1.5767 0
1221 -1.5772 0
1401 -1.5811 0
986 -1.5812 0
418 -1.5818 0
1541 -1.5833 0
132 -1.5839 0
1821 -1.5839 0
1771 -1.5869 0
883 -1.5895 0
1384 -1.5897 0
652 -1.5900 0
1230 -1.5920 0
174 -1.5984 0
1503 -1.6031 0
334 -1.6110 0
282 -1.6115 0
1955 -1.6204 0
1200 -1.6294 0
878 -1.6328 0
1902 -1.6336 0
504 -1.6350 0
420 -1.6353 0
224 -1.6368 0
49 -1.6386 0
1945 -1.6387 0
1607 -1.6416 0
493 -1.6478 0
1495 -1.6487 0
1673 -1.6572 0
42 -1.6582 0
278 -1.6583 0
1321 -1.6585 0
52 -1.6592 0
1127 -1.6612 0
298 -1.6617 0
758 -1.6618 0
1570 -1.6678 0
771 -1.6697 0
1027 -1.6761 0
122 -1.6773 0
680 -1.6800 0
101 -1.6807 0
1208 -1.6827 0
1719 -1.6894 0
474 -1.6955 0
140 -1.6983 0
968 -1.7013 0
1632 -1.7038 0
1497 -1.7062 0
307 -1.7088 0
1604 -1.7105 0
1654 -1.7122 0
239 -1.7167 0
956 -1.7169 0
801 -1.7195 0
1876 -1.7215 0
195 -1.7219 0
876 -1.7277 0
1437 -1.7349 0
1415 -1.7351 0
870 -1.7352 0
287 -1.7365 0
235 -1.7395 0
245 -1.7404 0
1871 -1.7405 0
1476 -1.7439 0
673 -1.7458 0
1269 -1.7460 0
1642 -1.7482 0
1350 -1.7492 0
63 -1.7602 0
874 -1.7606 0
498 -1.7624 0
1925 -1.7637 0
1663 -1.7697 0
814 -1.7729 0
1532 -1.7773 0
663 -1.7774 0
1052 -1.7817 0
165 -1.7821 0
604 -1.7852 0
1345 -1.7873 0
1741 -1.7899 0
554 -1.7900 0
223 -1.7942 0
1513 -1.7989 0
1881 -1.7997 0
1485 -1.8016 0
1268 -1.8033 0
234 -1.8082 0
797 -1.8102 0
1533 -1.8111 0
1056 -1.8127 0
116 -1.8135 0
642 -1.8167 0
385 -1.8193 0
753 -1.8199 0
1103 -1.8229 0
1147 -1.8237 0
1529 -1.8268 0
19 -1.8276 0
525 -1.8300 0
926 -1.8319 0
1940 -1.8347 0
296 -1.8416 0
338 -1.8449 0
98 -1.8465 0
94 -1.8485 0
1693 -1.8522 0
886 -1.8527 0
187 -1.8539 0
1260 -1.8585 0
1590 -1.8590 0
1029 -1.8640 0
965 -1.8655 0
292 -1.8671 0
45 -1.8675 0
765 -1.8774 0
462 -1.8796 0
326 -1.8813 0
1583 -1.8832 0
1762 -1.8852 0
277 -1.8864 0
1494 -1.8864 0
197 -1.8912 0
196 -1.8939 0
70 -1.8953 0
1922 -1.8959 0
480 -1.8965 0
85 -1.8979 0
461 -1.9054 0
6 -1.9077 0
507 -1.9114 0
1051 -1.9129 0
465 -1.9199 0
447 -1.9200 0
600 -1.9211 0
71 -1.9212 0
1188 -1.9215 0
247 -1.9253 0
526 -1.9255 0
1028 -1.9300 0
896 -1.9317 0
914 -1.9348 0
1846 -1.9350 0
1258 -1.9367 0
477 -1.9368 0
1569 -1.9464 0
157 -1.9542 0
1611 -1.9552 0
347 -1.9561 0
1097 -1.9563 0
1680 -1.9575 0
534 -1.9612 0
1108 -1.9629 0
342 -1.9647 0
1936 -1.9664 0
1105 -1.9678 0
885 -1.9722 0
130 -1.9732 0
25 -1.9750 0
518 -1.9799 0
1992 -1.9800 0
542 -1.9808 0
1291 -1.9815 0
815 -1.9835 0
1804 -1.9844 0
1961 -1.9867 0
1938 -1.9879 0
219 -1.9884 0
1109 -1.9886 0
320 -1.9895 0
1136 -1.9915 0
1593 -1.9925 0
589 -1.9932 0
20 -1.9946 0
107 -1.9952 0
1074 -1.9954 0
850 -1.9960 0
1924 -1.9985 0
1468 -1.9986 0
1033 -2.0039 0
1920 -2.0081 0
22 -2.0112 0
1040 -2.0132 0
1504 -2.0144 0
893 -2.0218 0
863 -2.0233 0
1300 -2.0254 0
950 -2.0257 0
1937 -2.0280 0
91 -2.0322 0
1833 -2.0339 0
1656 -2.0369 0
629 -2.0383 0
688 -2.0410 0
283 -2.0411 0
1865 -2.0468 0
1459 -2.0468 0
310 -2.0504 0
1815 -2.0539 0
610 -2.0654 0
837 -2.0657 0
810 -2.0687 0
1805 -2.0713 0
9 -2.0735 0
1022 -2.0747 0
957 -2.0758 0
128 -2.0782 0
1566 -2.0793 0
622 -2.0808 0
312 -2.0822 0
47 -2.0847 0
1624 -2.0861 0
156 -2.0907 0
1913 -2.0908 0
1746 -2.0926 0
1275 -2.0956 0
1015 -2.0992 0
303 -2.0999 0
1132 -2.1087 0
1472 -2.1103 0
1826 -2.1105 0
323 -2.1112 0
1543 -2.1138 0
1225 -2.1140 0
1951 -2.1191 0
1261 -2.1219 0
1305 -2.1243 0
463 -2.1245 0
87 -2.1258 0
1725 -2.1282 0
1747 -2.1282 0
178 -2.1311 0
1126 -2.1341 0
1818 -2.1356 0
527 -2.1367 0
419 -2.1381 0
1310 -2.1412 0
1649 -2.1423 0
194 -2.1436 0
1128 -2.1442 0
304 -2.1479 0
255 -2.1576 0
476 -2.1601 0
1068 -2.1620 0
585 -2.1652 0
83 -2.1689 0
1176 -2.1706 0
1964 -2.1709 0
666 -2.1715 0
1456 -2.1766 0
1170 -2.1795 0
226 -2.1796 0
1201 -2.1811 0
1797 -2.1817 0
53 -2.1848 0
60 -2.1908 0
464 -2.1933 0
694 -2.1933 0
932 -2.1960 0
1956 -2.1977 0
454 -2.1985 0
1854 -2.1987 0
780 -2.2017 0
1017 -2.2041 0
881 -2.2046 0
1011 -2.2051 0
1229 -2.2076 0
1436 -2.2090 0
1958 -2.2093 0
1414 -2.2098 0
148 -2.2127 0
1292 -2.2138 0
795 -2.2146 0
1273 -2.2153 0
902 -2.2153 0
34 -2.2156 0
1612 -2.2185 0
144 -2.2215 0
401 -2.2237 0
73 -2.2270 0
1357 -2.2280 0
853 -2.2325 0
1398 -2.2327 0
1039 -2.2332 0
1946 -2.2333 0
1699 -2.2377 0
606 -2.2428 0
1180 -2.2431 0
608 -2.2448 0
1801 -2.2474 0
1438 -2.2488 0
1517 -2.2488 0
340 -2.2506 0
330 -2.2538 0
285 -2.2570 0
1556 -2.2612 0
1327 -2.2621 0
182 -2.2622 0
1379 -2.2626 0
468 -2.2680 0
1921 -2.2689 0
626 -2.2729 0
1270 -2.2763 0
228 -2.2766 0
1356 -2.2768 0
1050 -2.2848 0
1153 -2.2849 0
114 -2.2866 0
237 -2.2888 0
1535 -2.2892 0
1066 -2.2925 0
910 -2.2947 0
1057 -2.2980 0
817 -2.3067 0
113 -2.3073 0
1900 -2.3074 0
754 -2.3085 0
1637 -2.3090 0
799 -2.3110 0
163 -2.3128 0
1909 -2.3140 0
1295 -2.3206 0
1588 -2.3290 0
1841 -2.3341 0
1247 -2.3343 0
1894 -2.3347 0
35 -2.3371 0
1186 -2.3385 0
404 -2.3454 0
900 -2.3479 0
567 -2.3496 0
909 -2.3519 0
1733 -2.3533 0
1332 -2.3538 0
1228 -2.3620 0
1868 -2.3623 0
1893 -2.3625 0
1954 -2.3639 0
803 -2.3643 0
1297 -2.3675 0
1246 -2.3689 0
690 -2.3694 0
671 -2.3704 0
129 -2.3724 0
1559 -2.3763 0
994 -2.3829 0
1403 -2.3845 0
173 -2.3915 0
327 -2.3921 0
1957 -2.3925 0
1098 -2.3926 0
1298 -2.3938 0
1901 -2.3994 0
1296 -2.4012 0
1796 -2.4014 0
1440 -2.4038 0
1820 -2.4098 0
124 -2.4114 0
1582 -2.4144 0
193 -2.4147 0
1336 -2.4168 0
1510 -2.4169 0
790 -2.4171 0
1681 -2.4214 0
624 -2.4251 0
37 -2.4315 0
756 -2.4325 0
242 -2.4328 0
1774 -2.4346 0
1000 -2.4358 0
500 -2.4394 0
1163 -2.4413 0
1024 -2.4421 0
1574 -2.4453 0
1650 -2.4455 0
1435 -2.4473 0
1897 -2.4480 0
472 -2.4499 0
1962 -2.4534 0
1073 -2.4540 0
1674 -2.4550 0
266 -2.4619 0
1996 -2.4632 0
1397 -2.4640 0
279 -2.4670 0
88 -2.4685 0
752 -2.4699 0
631 -2.4756 0
1452 -2.4757 0
0 -2.4791 0
1648 -2.4830 0
1602 -2.4845 0
58 -2.4870 0
1498 -2.4873 0
491 -2.4910 0
791 -2.4944 0
131 -2.4964 0
1825 -2.4980 0
607 -2.4982 0
787 -2.4988 0
1860 -2.4993 0
1238 -2.5074 0
1990 -2.5084 0
1406 -2.5223 0
164 -2.5279 0
1917 -2.5313 0
686 -2.5317 0
333 -2.5335 0
261 -2.5337 0
1720 -2.5339 0
458 -2.5355 0
1171 -2.5355 0
1505 -2.5387 0
13 -2.5393 0
115 -2.5397 0
1449 -2.5407 0
1594 -2.5428 0
646 -2.5441 0
1546 -2.5458 0
495 -2.5475 0
1919 -2.5528 0
309 -2.5555 0
1294 -2.5573 0
949 -2.5581 0
1257 -2.5629 0
1088 -2.5679 0
1578 -2.5683 0
1198 -2.5701 0
1454 -2.5754 0
1831 -2.5819 0
154 -2.5820 0
1548 -2.5842 0
1418 -2.5850 0
679 -2.5889 0
1085 -2.5889 0
1773 -2.5984 0
118 -2.5992 0
1883 -2.6027 0
1617 -2.6058 0
1181 -2.6079 0
188 -2.6145 0
1939 -2.6158 0
699 -2.6192 0
1577 -2.6242 0
1740 -2.6334 0
1788 -2.6337 0
681 -2.6397 0
605 -2.6408 0
670 -2.6431 0
1557 -2.6495 0
1847 -2.6510 0
1413 -2.6528 0
656 -2.6551 0
1514 -2.6577 0
1006 -2.6584 0
169 -2.6602 0
1091 -2.6619 0
105 -2.6629 0
1968 -2.6678 0
1177 -2.6683 0
1972 -2.6707 0
1281 -2.6712 0
1918 -2.6838 0
1777 -2.6856 0
1630 -2.6863 0
832 -2.6870 0
1478 -2.6897 0
92 -2.6902 0
1927 -2.6918 0
1475 -2.6933 0
1061 -2.6972 0
1565 -2.6972 0
50 -2.7010 0
1111 -2.7015 0
1191 -2.7023 0
1580 -2.7070 0
1231 -2.7079 0
1703 -2.7115 0
268 -2.7121 0
1554 -2.7158 0
1562 -2.7166 0
82 -2.7193 0
1059 -2.7233 0
1926 -2.7235 0
1107 -2.7243 0
1509 -2.7244 0
254 -2.7244 0
455 -2.7256 0
1844 -2.7274 0
1769 -2.7332 0
1976 -2.7353 0
1947 -2.7370 0
1690 -2.7447 0
1110 -2.7457 0
1839 -2.7511 0
1339 -2.7513 0
1236 -2.7555 0
1895 -2.7566 0
1464 -2.7615 0
381 -2.7649 0
1423 -2.7732 0
603 -2.7802 0
236 -2.7815 0
1784 -2.7941 0
36 -2.7987 0
103 -2.7997 0
1172 -2.8093 0
779 -2.8140 0
620 -2.8153 0
1150 -2.8190 0
1828 -2.8193 0
1445 -2.8193 0
691 -2.8238 0
1473 -2.8370 0
451 -2.8374 0
824 -2.8398 0
975 -2.8440 0
1264 -2.8541 0
777 -2.8593 0
1929 -2.8628 0
1286 -2.8687 0
847 -2.8766 0
884 -2.8800 0
1400 -2.8801 0
1165 -2.8802 0
1596 -2.8836 0
1591 -2.8854 0
915 -2.8859 0
1560 -2.8922 0
489 -2.9042 0
1923 -2.9079 0
1814 -2.9115 0
456 -2.9161 0
1377 -2.9182 0
1749 -2.9192 0
774 -2.9259 0
524 -2.9261 0
81 -2.9266 0
1549 -2.9292 0
1942 -2.9308 0
1912 -2.9408 0
1555 -2.9426 0
943 -2.9461 0
89 -2.9504 0
1055 -2.9698 0
1568 -2.9768 0
515 -2.9818 0
619 -2.9860 0
267 -2.9937 0
21 -2.9952 0
1307 -2.9957 0
402 -2.9979 0
149 -2.9998 0
56 -3.0097 0
209 -3.0162 0
1586 -3.0186 0
1713 -3.0188 0
792 -3.0210 0
426 -3.0258 0
290 -3.0299 0
1287 -3.0327 0
1812 -3.0369 0
1173 -3.0376 0
1704 -3.0383 0
216 -3.0405 0
784 -3.0416 0
1042 -3.0420 0
1431 -3.0532 0
593 -3.0570 0
1522 -3.0595 0
1183 -3.0606 0
1089 -3.0610 0
1944 -3.0644 0
1099 -3.0686 0
1430 -3.0688 0
117 -3.0698 0
1763 -3.0787 0
1527 -3.0796 0
640 -3.0850 0
339 -3.0879 0
1166 -3.0938 0
77 -3.0941 0
1329 -3.0989 0
842 -3.1016 0
263 -3.1100 0
289 -3.1112 0
1131 -3.1116 0
1182 -3.1119 0
259 -3.1151 0
1855 -3.1193 0
1446 -3.1219 0
198 -3.1241 0
829 -3.1271 0
1223 -3.1284 0
189 -3.1288 0
1278 -3.1323 0
618 -3.1336 0
1382 -3.1403 0
232 -3.1410 0
772 -3.1467 0
1469 -3.1482 0
1889 -3.1531 0
1118 -3.1552 0
1520 -3.1579 0
1151 -3.1647 0
1984 -3.1658 0
897 -3.1668 0
469 -3.1819 0
793 -3.1885 0
492 -3.1900 0
590 -3.1905 0
1255 -3.2014 0
221 -3.2055 0
139 -3.2093 0
471 -3.2131 0
1714 -3.2146 0
460 -3.2149 0
628 -3.2156 0
62 -3.2178 0
1623 -3.2209 0
1425 -3.2216 0
1462 -3.2237 0
1280 -3.2268 0
8 -3.2282 0
1290 -3.2287 0
537 -3.2341 0
286 -3.2432 0
1197 -3.2459 0
24 -3.2485 0
331 -3.2500 0
1145 -3.2502 0
1254 -3.2515 0
57 -3.2549 0
1152 -3.2565 0
919 -3.2612 0
762 -3.2775 0
1242 -3.2795 0
76 -3.2804 0
865 -3.2823 0
1072 -3.2861 0
912 -3.2875 0
1243 -3.2932 0
344 -3.3006 0
782 -3.3039 0
1450 -3.3068 0
1853 -3.3117 0
687 -3.3147 0
1093 -3.3149 0
1848 -3.3199 0
655 -3.3233 0
490 -3.3272 0
976 -3.3316 0
1293 -3.3406 0
271 -3.3440 0
530 -3.3494 0
1622 -3.3502 0
184 -3.3512 0
657 -3.3561 0
1506 -3.3610 0
935 -3.3624 0
59 -3.3634 0
1910 -3.3691 0
1058 -3.3713 0
1277 -3.3720 0
127 -3.3746 0
549 -3.3775 0
1708 -3.3807 0
1114 -3.3814 0
203 -3.3867 0
453 -3.3890 0
1734 -3.3931 0
1161 -3.3954 0
1178 -3.3975 0
126 -3.4006 0
1547 -3.4008 0
1142 -3.4119 0
5 -3.4139 0
1772 -3.4168 0
1493 -3.4207 0
1721 -3.4230 0
72 -3.4250 0
1521 -3.4252 0
1870 -3.4257 0
1915 -3.4329 0
1609 -3.4466 0
1095 -3.4471 0
160 -3.4520 0
692 -3.4539 0
1988 -3.4646 0
1156 -3.4648 0
1706 -3.4648 0
1908 -3.4678 0
697 -3.4694 0
783 -3.4738 0
609 -3.4817 0
1528 -3.4837 0
1851 -3.4838 0
1718 -3.4877 0
161 -3.4879 0
813 -3.4998 0
1009 -3.5047 0
1282 -3.5110 0
120 -3.5127 0
677 -3.5134 0
1914 -3.5162 0
635 -3.5199 0
1943 -3.5226 0
1140 -3.5324 0
558 -3.5337 0
602 -3.5463 0
634 -3.5478 0
1744 -3.5492 0
313 -3.5635 0
1409 -3.5674 0
1164 -3.5699 0
470 -3.5710 0
93 -3.5777 0
924 -3.5913 0
64 -3.6151 0
698 -3.6221 0
808 -3.6227 0
1102 -3.6273 0
1737 -3.6283 0
1195 -3.6285 0
1501 -3.6289 0
1215 -3.6311 0
23 -3.6365 0
849 -3.6422 0
343 -3.6572 0
1977 -3.6641 0
167 -3.6729 0
1034 -3.6808 0
1155 -3.6882 0
1724 -3.6892 0
1867 -3.6898 0
316 -3.6925 0
487 -3.6954 0
1516 -3.7023 0
1575 -3.7025 0
1537 -3.7038 0
96 -3.7052 0
1507 -3.7136 0
1410 -3.7149 0
1130 -3.7174 0
1722 -3.7224 0
845 -3.7238 0
1866 -3.7345 0
1700 -3.7379 0
1252 -3.7431 0
786 -3.7461 0
1782 -3.7510 0
213 -3.7568 0
1087 -3.7615 0
1525 -3.7646 0
1572 -3.7691 0
151 -3.7751 0
348 -3.7759 0
1948 -3.7832 0
788 -3.7888 0
106 -3.8005 0
1079 -3.8050 0
99 -3.8083 0
1092 -3.8110 0
177 -3.8116 0
248 -3.8120 0
1534 -3.8241 0
244 -3.8345 0
1080 -3.8359 0
1723 -3.8378 0
643 -3.8428 0
1730 -3.8571 0
1731 -3.8589 0
985 -3.8603 0
1891 -3.8655 0
1071 -3.8746 0
1717 -3.8781 0
952 -3.8861 0
51 -3.9028 0
54 -3.9099 0
1711 -3.9101 0
1244 -3.9110 0
2 -3.9169 0
32 -3.9173 0
1135 -3.9210 0
1869 -3.9225 0
4 -3.9240 0
1710 -3.9320 0
1732 -3.9552 0
1729 -3.9651 0
153 -3.9838 0
1728 -3.9850 0
942 -3.9905 0
1515 -4.0290 0
684 -4.0290 0
479 -4.0610 0
592 -4.0659 0
1931 -4.0659 0
1116 -4.0759 0
1564 -4.0860 0
30 -4.0943 0
1162 -4.0973 0
1064 -4.1053 0
170 -4.1144 0
337 -4.1392 0
123 -4.1403 0
450 -4.1434 0
505 -4.1460 0
206 -4.1504 0
61 -4.1610 0
773 -4.1631 0
538 -4.1782 0
413 -4.1814 0
1168 -4.1832 0
1429 -4.1858 0
751 -4.1863 0
781 -4.1937 0
67 -4.2219 0
1743 -4.2257 0
1422 -4.2388 0
951 -4.2426 0
97 -4.2470 0
1062 -4.2490 0
496 -4.2516 0
1190 -4.2522 0
482 -4.2612 0
861 -4.2763 0
955 -4.2767 0
682 -4.2816 0
1279 -4.2876 0
428 -4.2964 0
759 -4.3156 0
1998 -4.3202 0
1735 -4.3226 0
212 -4.3270 0
111 -4.3621 0
1189 -4.3651 0
229 -4.3746 0
1716 -4.4070 0
1038 -4.4160 0
1175 -4.4285 0
806 -4.4319 0
821 -4.4447 0
69 -4.4642 0
300 -4.4819 0
1571 -4.4884 0
1160 -4.4953 0
294 -4.5057 0
501 -4.5071 0
202 -4.5130 0
1862 -4.5217 0
230 -4.5472 0
639 -4.5508 0
306 -4.5515 0
12 -4.5547 0
1025 -4.5661 0
615 -4.5778 0
75 -4.5971 0
1702 -4.5999 0
1715 -4.6068 0
1727 -4.6114 0
1256 -4.6134 0
621 -4.6223 0
510 -4.6265 0
1284 -4.6436 0
1421 -4.6888 0
1149 -4.6946 0
1822 -4.6951 0
1857 -4.6967 0
1512 -4.7100 0
579 -4.7266 0
696 -4.7360 0
1045 -4.7386 0
509 -4.7565 0
1736 -4.7837 0
1712 -4.8004 0
1441 -4.8063 0
1576 -4.8089 0
794 -4.8219 0
1267 -4.8568 0
1748 -4.8645 0
638 -4.8904 0
1738 -4.8957 0
1169 -4.9323 0
181 -4.9522 0
1167 -4.9715 0
1419 -5.0016 0
1219 -5.0174 0
1159 -5.0185 0
819 -5.0532 0
933 -5.0768 0
616 -5.0999 0
1090 -5.1114 0
1742 -5.1650 0
1239 -5.1962 0
192 -5.2260 0
903 -5.2442 0
1078 -5.2722 0
1301 -5.3001 0
1726 -5.3462 0
80 -5.4138 0
1542 -5.4371 0
1240 -5.4548 0
1739 -5.5995 0
1196 -5.7094 0
1157 -5.7756 0
1707 -5.8347 0
1199 -5.8375 0
1081 -5.8638 0
1701 -5.9612 0
804 -5.9849 0
764 -6.1394 0
1709 -6.4842 0
241 -6.5800 0
