772 31.1931 1
784 25.5864 1
794 23.7494 1
795 23.6784 1
765 19.1145 1
770 18.5159 1
766 18.1254 1
799 17.5697 1
787 17.3216 1
759 17.3156 1
781 16.8889 1
774 16.5318 1
792 16.2054 1
779 16.1349 1
769 15.2247 1
773 14.8029 1
783 14.5615 1
793 14.5200 1
750 14.5084 1
777 14.3487 1
796 13.2315 1
762 13.2137 1
771 13.0771 1
791 13.0514 1
764 12.7374 1
761 12.5854 1
1385 11.7190 0
790 11.6205 1
785 11.4281 1
760 11.3979 1
757 11.2974 1
763 11.0182 1
782 10.8541 1
1263 10.4942 0
754 10.0228 1
751 9.6565 1
797 9.3449 1
752 9.0915 1
758 9.0883 1
756 9.0463 1
319 8.8827 0
984 8.4928 0
804 8.1396 0
460 8.1057 0
776 7.8842 1
1384 7.8613 0
780 7.6360 1
798 7.4353 1
1291 7.4283 0
303 7.3655 0
775 7.0063 1
778 6.9791 1
1752 6.8064 0
1265 6.7109 0
881 6.5034 0
1171 6.3667 0
1330 6.1702 0
1102 6.1424 0
1368 6.0971 0
493 5.9947 0
1136 5.9181 0
1254 5.8737 0
767 5.7739 1
1292 5.7491 0
452 5.7341 0
636 5.7169 0
369 5.5493 0
1289 5.5004 0
1331 5.4931 0
1121 5.4904 0
788 5.4848 1
336 5.4640 0
911 5.4582 0
874 5.3943 0
872 5.3693 0
807 5.3623 0
342 5.3604 0
483 5.3196 0
1015 5.2915 0
789 5.2849 1
803 5.1819 0
1063 5.1431 0
736 5.0886 0
1166 5.0527 0
1663 4.9910 0
1131 4.9594 0
513 4.8869 0
1712 4.8311 0
622 4.8034 0
422 4.7651 0
817 4.7378 0
1333 4.7170 0
1271 4.6737 0
975 4.5591 0
478 4.5524 0
1017 4.5360 0
1565 4.5010 0
902 4.4941 0
891 4.4874 0
88 4.4791 0
768 4.4694 1
1852 4.4571 0
1293 4.4453 0
1266 4.4319 0
1118 4.4219 0
1557 4.4098 0
865 4.3874 0
995 4.3659 0
820 4.3592 0
328 4.3034 0
1941 4.3002 0
632 4.2929 0
1279 4.2804 0
50 4.2753 0
786 4.2652 1
833 4.2650 0
499 4.2456 0
313 4.2223 0
1448 4.2101 0
1144 4.1693 0
863 4.1639 0
349 4.1354 0
490 4.1275 0
755 4.1186 1
1410 4.1172 0
308 4.1149 0
1068 4.0900 0
1132 4.0827 0
487 4.0705 0
334 4.0628 0
331 4.0626 0
1134 4.0590 0
565 4.0123 0
1039 4.0075 0
1269 3.9868 0
1906 3.9595 0
850 3.9578 0
854 3.9410 0
1449 3.9344 0
937 3.8796 0
1501 3.8259 0
1270 3.8194 0
583 3.7975 0
1242 3.7495 0
585 3.7415 0
1223 3.6865 0
727 3.6856 0
309 3.6728 0
920 3.6718 0
1259 3.6459 0
75 3.6312 0
1409 3.6254 0
919 3.5891 0
495 3.5836 0
1433 3.5661 0
694 3.5632 0
1575 3.5589 0
1671 3.5517 0
823 3.5462 0
1025 3.5319 0
968 3.5102 0
272 3.4860 0
813 3.4357 0
316 3.4350 0
857 3.4194 0
893 3.4120 0
971 3.4102 0
1072 3.4056 0
492 3.3828 0
870 3.3797 0
471 3.3729 0
1028 3.3717 0
1339 3.3507 0
706 3.3389 0
451 3.3354 0
1923 3.3333 0
1234 3.3250 0
569 3.3099 0
1209 3.2602 0
869 3.2570 0
998 3.2560 0
1129 3.2481 0
254 3.2411 0
882 3.2397 0
314 3.2324 0
974 3.2274 0
330 3.2106 0
1067 3.1866 0
1255 3.1821 0
831 3.1683 0
713 3.1500 0
479 3.1481 0
293 3.1406 0
678 3.1193 0
1833 3.1024 0
1128 3.0972 0
1258 3.0962 0
1764 3.0885 0
1296 3.0745 0
923 3.0742 0
1393 3.0634 0
1922 3.0486 0
856 3.0325 0
934 3.0286 0
933 3.0225 0
1388 2.9787 0
306 2.9652 0
942 2.9588 0
819 2.9494 0
1561 2.9441 0
329 2.9407 0
1404 2.9386 0
556 2.9318 0
519 2.9139 0
1146 2.9121 0
1091 2.8963 0
1366 2.8585 0
672 2.8544 0
1250 2.8512 0
825 2.8415 0
925 2.8359 0
978 2.8233 0
1870 2.8132 0
1642 2.8080 0
1716 2.7984 0
1668 2.7923 0
1740 2.7867 0
253 2.7854 0
596 2.7835 0
83 2.7763 0
1022 2.7715 0
281 2.7664 0
1697 2.7549 0
1002 2.7411 0
639 2.7391 0
1430 2.7346 0
700 2.7087 0
616 2.7069 0
1060 2.7039 0
859 2.6900 0
1318 2.6888 0
1051 2.6872 0
590 2.6861 0
262 2.6840 0
994 2.6825 0
1332 2.6825 0
1414 2.6672 0
697 2.6578 0
722 2.6559 0
1239 2.6528 0
573 2.6451 0
855 2.6441 0
663 2.6346 0
901 2.6330 0
1105 2.6315 0
742 2.6218 0
332 2.6204 0
1341 2.6026 0
1299 2.5863 0
604 2.5859 0
1079 2.5801 0
1317 2.5744 0
1089 2.5733 0
1096 2.5708 0
525 2.5706 0
1011 2.5666 0
916 2.5642 0
579 2.5567 0
1394 2.5528 0
1211 2.5515 0
1120 2.5161 0
321 2.5080 0
661 2.4857 0
1797 2.4842 0
977 2.4779 0
1365 2.4716 0
1707 2.4672 0
1225 2.4556 0
310 2.4468 0
1138 2.4413 0
627 2.4379 0
924 2.4339 0
156 2.4322 0
448 2.4311 0
1147 2.4198 0
1661 2.4112 0
1261 2.4069 0
461 2.3844 0
1766 2.3844 0
871 2.3821 0
1919 2.3811 0
1316 2.3780 0
861 2.3769 0
843 2.3761 0
957 2.3617 0
1440 2.3587 0
333 2.3520 0
477 2.3483 0
1246 2.3430 0
318 2.3424 0
938 2.3353 0
1390 2.3349 0
918 2.3260 0
1392 2.3142 0
1344 2.3087 0
394 2.3080 0
753 2.3017 1
473 2.2967 0
1748 2.2795 0
12 2.2777 0
1256 2.2583 0
356 2.2542 0
812 2.2451 0
1027 2.2426 0
749 2.2406 0
1311 2.2382 0
1434 2.2378 0
1006 2.2297 0
1711 2.2276 0
674 2.2184 0
1326 2.2157 0
1475 2.2097 0
1376 2.2064 0
907 2.1962 0
724 2.1909 0
290 2.1908 0
841 2.1839 0
1692 2.1797 0
1553 2.1750 0
748 2.1660 0
1257 2.1629 0
1010 2.1590 0
391 2.1484 0
1367 2.1402 0
472 2.1390 0
886 2.1338 0
1755 2.1319 0
274 2.1266 0
1070 2.1230 0
1140 2.1135 0
695 2.1074 0
416 2.0997 0
838 2.0990 0
1302 2.0876 0
1005 2.0837 0
801 2.0778 0
858 2.0737 0
1655 2.0637 0
469 2.0608 0
908 2.0485 0
1685 2.0303 0
1345 2.0292 0
1377 2.0282 0
80 2.0256 0
593 2.0251 0
1466 2.0227 0
1294 2.0165 0
705 2.0068 0
544 1.9946 0
582 1.9905 0
990 1.9838 0
447 1.9767 0
344 1.9632 0
94 1.9632 0
564 1.9505 0
983 1.9465 0
633 1.9459 0
1149 1.9439 0
701 1.9419 0
892 1.9396 0
443 1.9325 0
894 1.9249 0
827 1.9237 0
424 1.9207 0
738 1.9142 0
345 1.9067 0
1273 1.9016 0
241 1.8755 0
1125 1.8652 0
436 1.8649 0
729 1.8552 0
906 1.8540 0
1218 1.8487 0
1946 1.8474 0
311 1.8434 0
324 1.8397 0
877 1.8385 0
1202 1.8336 0
1189 1.8328 0
628 1.8193 0
1776 1.8172 0
1208 1.8143 0
341 1.8079 0
404 1.8074 0
325 1.8062 0
1865 1.8047 0
1431 1.8021 0
1342 1.7955 0
1290 1.7917 0
1686 1.7904 0
1491 1.7892 0
1396 1.7809 0
1336 1.7748 0
347 1.7715 0
524 1.7708 0
548 1.7641 0
954 1.7620 0
922 1.7573 0
1243 1.7569 0
612 1.7547 0
1338 1.7508 0
1696 1.7450 0
1580 1.7420 0
377 1.7409 0
353 1.7367 0
1173 1.7301 0
1828 1.7277 0
1300 1.7055 0
926 1.7033 0
845 1.6930 0
537 1.6915 0
732 1.6898 0
1231 1.6876 0
1435 1.6860 0
516 1.6816 0
1233 1.6715 0
1023 1.6648 0
682 1.6506 0
1429 1.6468 0
1226 1.6269 0
1918 1.6267 0
681 1.6259 0
1148 1.6205 0
1054 1.6195 0
508 1.6173 0
1320 1.6152 0
640 1.6080 0
963 1.6031 0
1327 1.6020 0
728 1.6011 0
1602 1.5989 0
745 1.5970 0
1677 1.5970 0
1571 1.5916 0
896 1.5844 0
607 1.5828 0
1352 1.5816 0
643 1.5794 0
291 1.5729 0
69 1.5663 0
1383 1.5663 0
86 1.5645 0
597 1.5593 0
67 1.5556 0
1057 1.5516 0
1374 1.5500 0
1104 1.5446 0
1718 1.5437 0
837 1.5334 0
840 1.5222 0
1672 1.5167 0
252 1.5105 0
915 1.4975 0
1112 1.4959 0
635 1.4683 0
1395 1.4367 0
1832 1.4308 0
699 1.4301 0
1693 1.4284 0
287 1.4242 0
1287 1.4106 0
1188 1.3945 0
1739 1.3898 0
1743 1.3866 0
1277 1.3858 0
591 1.3841 0
730 1.3820 0
1033 1.3806 0
844 1.3796 0
1309 1.3784 0
397 1.3769 0
1064 1.3768 0
1110 1.3766 0
1703 1.3763 0
1237 1.3762 0
381 1.3693 0
390 1.3638 0
1308 1.3634 0
442 1.3631 0
36 1.3595 0
897 1.3558 0
1426 1.3536 0
1858 1.3465 0
538 1.3408 0
1324 1.3336 0
315 1.3311 0
1228 1.3294 0
103 1.3148 0
132 1.3049 0
468 1.2906 0
939 1.2868 0
885 1.2815 0
1274 1.2789 0
1204 1.2752 0
455 1.2678 0
828 1.2621 0
522 1.2587 0
662 1.2579 0
849 1.2567 0
1361 1.2483 0
667 1.2449 0
320 1.2415 0
1035 1.2297 0
337 1.2284 0
423 1.2277 0
595 1.2190 0
1288 1.2178 0
996 1.2141 0
1823 1.1918 0
1094 1.1821 0
250 1.1821 0
1437 1.1813 0
1774 1.1812 0
427 1.1749 0
603 1.1706 0
875 1.1704 0
1310 1.1652 0
1137 1.1591 0
406 1.1580 0
598 1.1557 0
1203 1.1555 0
669 1.1517 0
1903 1.1493 0
409 1.1467 0
1767 1.1402 0
1788 1.1312 0
982 1.1295 0
1227 1.1283 0
1334 1.1271 0
268 1.1262 0
1690 1.1260 0
815 1.1248 0
535 1.1200 0
614 1.1144 0
378 1.1038 0
1757 1.1037 0
566 1.1018 0
1115 1.1000 0
935 1.0970 0
1055 1.0962 0
979 1.0934 0
1111 1.0880 0
1380 1.0880 0
710 1.0879 0
1286 1.0841 0
696 1.0769 0
602 1.0767 0
1652 1.0739 0
476 1.0701 0
955 1.0658 0
238 1.0635 0
631 1.0619 0
1077 1.0618 0
708 1.0562 0
1807 1.0548 0
1164 1.0543 0
668 1.0530 0
1781 1.0523 0
1322 1.0437 0
1016 1.0431 0
1066 1.0400 0
1778 1.0391 0
621 1.0366 0
1251 1.0358 0
81 1.0346 0
1305 1.0258 0
96 1.0256 0
1004 1.0199 0
530 1.0176 0
1901 1.0133 0
1241 1.0081 0
931 1.0031 0
1126 1.0002 0
385 0.9964 0
221 0.9954 0
904 0.9931 0
1087 0.9930 0
403 0.9902 0
806 0.9750 0
1887 0.9635 0
1382 0.9631 0
1564 0.9547 0
63 0.9527 0
1719 0.9521 0
1717 0.9514 0
280 0.9507 0
921 0.9432 0
1179 0.9410 0
1158 0.9357 0
323 0.9341 0
1917 0.9275 0
1172 0.9256 0
401 0.9169 0
1527 0.9158 0
1056 0.9137 0
1422 0.9135 0
905 0.9112 0
588 0.9089 0
1216 0.9072 0
560 0.9054 0
1319 0.9023 0
1911 0.9013 0
509 0.8966 0
1446 0.8964 0
581 0.8901 0
637 0.8890 0
1943 0.8795 0
1088 0.8771 0
734 0.8663 0
568 0.8652 0
277 0.8593 0
910 0.8552 0
563 0.8484 0
459 0.8480 0
194 0.8468 0
1654 0.8463 0
1343 0.8459 0
578 0.8442 0
1085 0.8397 0
135 0.8393 0
220 0.8386 0
1000 0.8384 0
1554 0.8380 0
1359 0.8377 0
484 0.8328 0
946 0.8303 0
453 0.8262 0
1042 0.8236 0
1312 0.8211 0
611 0.8144 0
802 0.8117 0
1058 0.8113 0
559 0.8098 0
396 0.8056 0
458 0.7948 0
362 0.7801 0
1100 0.7782 0
350 0.7767 0
1169 0.7762 0
1086 0.7761 0
1185 0.7751 0
970 0.7744 0
433 0.7703 0
285 0.7643 0
1145 0.7625 0
457 0.7444 0
1837 0.7432 0
418 0.7407 0
363 0.7395 0
887 0.7348 0
1247 0.7232 0
1284 0.7218 0
1084 0.7152 0
481 0.7106 0
1708 0.7068 0
1729 0.7019 0
431 0.7017 0
1813 0.7016 0
1854 0.6973 0
1253 0.6937 0
501 0.6890 0
497 0.6883 0
411 0.6828 0
1244 0.6774 0
383 0.6736 0
213 0.6695 0
1884 0.6693 0
1014 0.6679 0
541 0.6588 0
1665 0.6548 0
1321 0.6547 0
1124 0.6542 0
1445 0.6525 0
223 0.6520 0
517 0.6507 0
1656 0.6496 0
1695 0.6450 0
1360 0.6436 0
1283 0.6406 0
1095 0.6405 0
269 0.6400 0
584 0.6331 0
1727 0.6280 0
917 0.6259 0
118 0.6251 0
649 0.6164 0
962 0.6140 0
439 0.6138 0
1038 0.6074 0
518 0.6071 0
835 0.6060 0
554 0.6051 0
498 0.6044 0
709 0.6033 0
1153 0.6024 0
1761 0.6022 0
629 0.6020 0
257 0.5997 0
1480 0.5986 0
576 0.5840 0
1682 0.5798 0
1883 0.5783 0
1403 0.5771 0
1856 0.5696 0
1378 0.5680 0
282 0.5626 0
1770 0.5490 0
1061 0.5477 0
826 0.5379 0
1505 0.5332 0
991 0.5329 0
1030 0.5297 0
848 0.5269 0
1219 0.5222 0
1230 0.5198 0
852 0.5079 0
159 0.4986 0
527 0.4957 0
1082 0.4916 0
82 0.4896 0
1099 0.4858 0
275 0.4806 0
71 0.4765 0
1702 0.4755 0
615 0.4732 0
1913 0.4669 0
1936 0.4629 0
740 0.4610 0
1135 0.4600 0
415 0.4491 0
1220 0.4455 0
675 0.4440 0
198 0.4400 0
641 0.4387 0
1992 0.4317 0
202 0.4289 0
567 0.4287 0
1109 0.4286 0
1484 0.4257 0
988 0.4099 0
466 0.4056 0
1351 0.4008 0
425 0.3993 0
388 0.3880 0
1947 0.3803 0
1676 0.3781 0
1212 0.3721 0
420 0.3717 0
464 0.3685 0
1723 0.3676 0
1037 0.3672 0
1180 0.3669 0
1325 0.3657 0
866 0.3651 0
944 0.3612 0
1879 0.3603 0
1275 0.3599 0
278 0.3579 0
60 0.3572 0
219 0.3528 0
1363 0.3510 0
1041 0.3477 0
1205 0.3477 0
883 0.3429 0
414 0.3423 0
234 0.3383 0
1687 0.3339 0
558 0.3268 0
65 0.3252 0
1439 0.3196 0
1335 0.3191 0
232 0.3189 0
467 0.3157 0
670 0.3136 0
1182 0.3102 0
1272 0.3044 0
289 0.3029 0
395 0.3007 0
1926 0.3006 0
1744 0.2859 0
703 0.2856 0
574 0.2832 0
1420 0.2825 0
658 0.2808 0
1400 0.2787 0
1069 0.2751 0
1998 0.2730 0
1662 0.2721 0
1793 0.2675 0
1987 0.2623 0
1824 0.2618 0
687 0.2579 0
1375 0.2555 0
1107 0.2533 0
317 0.2508 0
1407 0.2497 0
1991 0.2481 0
372 0.2443 0
1417 0.2417 0
7 0.2354 0
1373 0.2352 0
1297 0.2328 0
93 0.2297 0
1156 0.2251 0
1307 0.2235 0
115 0.2019 0
1078 0.1976 0
1213 0.1964 0
131 0.1960 0
853 0.1932 0
913 0.1886 0
1684 0.1858 0
197 0.1835 0
58 0.1814 0
1699 0.1810 0
354 0.1794 0
399 0.1742 0
20 0.1739 0
880 0.1672 0
38 0.1651 0
1428 0.1635 0
454 0.1634 0
1386 0.1600 0
599 0.1580 0
1007 0.1559 0
1579 0.1530 0
1988 0.1502 0
1958 0.1473 0
945 0.1469 0
1532 0.1419 0
1036 0.1331 0
953 0.1329 0
1306 0.1301 0
847 0.1203 0
1666 0.1194 0
426 0.1170 0
1835 0.1157 0
1674 0.1131 0
392 0.1115 0
26 0.1048 0
1454 0.0993 0
551 0.0973 0
1768 0.0916 0
18 0.0913 0
864 0.0878 0
368 0.0873 0
987 0.0816 0
618 0.0760 0
1847 0.0757 0
1927 0.0753 0
64 0.0660 0
927 0.0634 0
1389 0.0629 0
144 0.0608 0
743 0.0411 0
53 0.0383 0
739 0.0380 0
606 0.0379 0
441 0.0259 0
605 0.0258 0
973 0.0170 0
1083 0.0110 0
1635 0.0102 0
1114 0.0097 0
876 0.0070 0
247 0.0045 0
1944 0.0029 0
85 0.0025 0
948 -0.0012 0
1427 -0.0014 0
24 -0.0028 0
1650 -0.0051 0
496 -0.0089 0
719 -0.0110 0
1197 -0.0128 0
1673 -0.0207 0
686 -0.0217 0
1167 -0.0280 0
1827 -0.0286 0
1933 -0.0311 0
930 -0.0335 0
375 -0.0353 0
283 -0.0369 0
352 -0.0397 0
903 -0.0480 0
693 -0.0523 0
488 -0.0566 0
707 -0.0582 0
79 -0.0605 0
1754 -0.0608 0
335 -0.0654 0
1700 -0.0660 0
1075 -0.0663 0
1753 -0.0667 0
204 -0.0670 0
1957 -0.0694 0
929 -0.0719 0
1097 -0.0731 0
683 -0.0777 0
76 -0.0787 0
141 -0.0819 0
402 -0.0825 0
1689 -0.0840 0
1003 -0.0894 0
428 -0.0936 0
360 -0.0946 0
266 -0.0980 0
41 -0.0983 0
1161 -0.1056 0
1298 -0.1061 0
1101 -0.1097 0
1048 -0.1106 0
73 -0.1118 0
100 -0.1124 0
800 -0.1135 0
1476 -0.1135 0
87 -0.1213 0
1346 -0.1262 0
735 -0.1285 0
1908 -0.1290 0
725 -0.1303 0
430 -0.1328 0
1260 -0.1354 0
470 -0.1434 0
1574 -0.1450 0
134 -0.1468 0
553 -0.1511 0
1046 -0.1559 0
279 -0.1579 0
1472 -0.1611 0
949 -0.1611 0
1634 -0.1629 0
646 -0.1644 0
340 -0.1659 0
1914 -0.1667 0
267 -0.1744 0
1406 -0.1780 0
1313 -0.1787 0
1929 -0.1792 0
947 -0.1794 0
1398 -0.1814 0
1217 -0.1856 0
1720 -0.1866 0
1680 -0.1938 0
1751 -0.1947 0
1444 -0.1947 0
1191 -0.1966 0
505 -0.1971 0
1679 -0.1994 0
236 -0.2017 0
1925 -0.2175 0
480 -0.2269 0
1741 -0.2322 0
715 -0.2390 0
367 -0.2404 0
1264 -0.2445 0
1238 -0.2469 0
1362 -0.2504 0
1928 -0.2572 0
1737 -0.2623 0
1123 -0.2624 0
130 -0.2634 0
1141 -0.2663 0
400 -0.2669 0
1206 -0.2709 0
326 -0.2713 0
119 -0.2721 0
515 -0.2726 0
270 -0.2755 0
1315 -0.2803 0
889 -0.2812 0
126 -0.2850 0
1187 -0.2899 0
440 -0.2905 0
503 -0.2943 0
1142 -0.2970 0
1252 -0.2998 0
84 -0.3004 0
960 -0.3028 0
986 -0.3046 0
1937 -0.3081 0
741 -0.3136 0
1513 -0.3148 0
1193 -0.3152 0
912 -0.3171 0
702 -0.3184 0
1586 -0.3218 0
1328 -0.3239 0
1024 -0.3241 0
1916 -0.3245 0
389 -0.3278 0
295 -0.3305 0
1704 -0.3344 0
966 -0.3346 0
1021 -0.3354 0
230 -0.3375 0
808 -0.3424 0
1178 -0.3434 0
355 -0.3439 0
692 -0.3456 0
657 -0.3470 0
322 -0.3473 0
157 -0.3489 0
486 -0.3496 0
967 -0.3558 0
380 -0.3585 0
1304 -0.3650 0
200 -0.3673 0
1071 -0.3725 0
1349 -0.3731 0
1026 -0.3746 0
1488 -0.3809 0
109 -0.3838 0
550 -0.3896 0
77 -0.3934 0
1735 -0.3935 0
1795 -0.3961 0
300 -0.3970 0
1799 -0.3984 0
259 -0.4054 0
533 -0.4054 0
1013 -0.4076 0
1805 -0.4092 0
1997 -0.4095 0
1843 -0.4119 0
587 -0.4163 0
376 -0.4175 0
386 -0.4177 0
174 -0.4181 0
562 -0.4211 0
688 -0.4236 0
68 -0.4242 0
1709 -0.4255 0
226 -0.4308 0
999 -0.4323 0
532 -0.4351 0
271 -0.4356 0
1465 -0.4357 0
445 -0.4407 0
997 -0.4463 0
105 -0.4466 0
212 -0.4490 0
900 -0.4522 0
489 -0.4534 0
28 -0.4534 0
1032 -0.4556 0
1029 -0.4624 0
1176 -0.4702 0
54 -0.4736 0
475 -0.4768 0
298 -0.4799 0
504 -0.4825 0
809 -0.4838 0
405 -0.4867 0
1658 -0.4922 0
237 -0.4924 0
1669 -0.4924 0
506 -0.4949 0
1009 -0.4951 0
74 -0.4956 0
609 -0.4964 0
248 -0.5056 0
666 -0.5057 0
1529 -0.5072 0
1133 -0.5122 0
240 -0.5150 0
172 -0.5158 0
138 -0.5208 0
733 -0.5219 0
1065 -0.5261 0
1262 -0.5271 0
255 -0.5294 0
155 -0.5303 0
1443 -0.5325 0
1174 -0.5358 0
1643 -0.5365 0
57 -0.5366 0
56 -0.5412 0
1044 -0.5432 0
1190 -0.5447 0
555 -0.5458 0
950 -0.5460 0
421 -0.5462 0
1093 -0.5483 0
1210 -0.5520 0
652 -0.5551 0
956 -0.5584 0
327 -0.5595 0
1921 -0.5612 0
288 -0.5620 0
1236 -0.5644 0
365 -0.5670 0
70 -0.5749 0
1942 -0.5756 0
842 -0.5762 0
258 -0.5780 0
878 -0.5783 0
1424 -0.5796 0
1405 -0.5830 0
1817 -0.5830 0
225 -0.5836 0
160 -0.5882 0
1742 -0.5887 0
462 -0.5916 0
1355 -0.5934 0
810 -0.6060 0
520 -0.6069 0
1207 -0.6077 0
243 -0.6101 0
1240 -0.6112 0
1886 -0.6121 0
1724 -0.6158 0
1049 -0.6166 0
169 -0.6189 0
171 -0.6198 0
814 -0.6244 0
412 -0.6287 0
3 -0.6289 0
62 -0.6290 0
1170 -0.6308 0
1045 -0.6322 0
284 -0.6336 0
25 -0.6365 0
932 -0.6430 0
1280 -0.6446 0
190 -0.6464 0
1862 -0.6465 0
393 -0.6508 0
44 -0.6509 0
1281 -0.6519 0
1356 -0.6580 0
1902 -0.6599 0
1762 -0.6632 0
619 -0.6649 0
1801 -0.6744 0
879 -0.6747 0
1090 -0.6766 0
648 -0.6800 0
1935 -0.6851 0
1849 -0.6854 0
531 -0.6874 0
1746 -0.6946 0
546 -0.6985 0
217 -0.6992 0
895 -0.7057 0
108 -0.7065 0
1495 -0.7176 0
166 -0.7207 0
1779 -0.7290 0
264 -0.7310 0
744 -0.7339 0
148 -0.7365 0
89 -0.7383 0
358 -0.7400 0
1018 -0.7423 0
1949 -0.7428 0
14 -0.7452 0
821 -0.7456 0
1585 -0.7469 0
1701 -0.7477 0
1681 -0.7487 0
206 -0.7531 0
1844 -0.7537 0
811 -0.7547 0
1364 -0.7605 0
95 -0.7619 0
1888 -0.7636 0
1791 -0.7680 0
610 -0.7687 0
1381 -0.7695 0
1201 -0.7714 0
364 -0.7717 0
884 -0.7737 0
1020 -0.7739 0
165 -0.7757 0
1347 -0.7794 0
185 -0.7875 0
600 -0.7883 0
985 -0.7884 0
1425 -0.7922 0
1615 -0.7934 0
1295 -0.7939 0
1657 -0.7957 0
417 -0.7977 0
914 -0.8023 0
1198 -0.8053 0
1215 -0.8068 0
1103 -0.8075 0
1249 -0.8079 0
557 -0.8085 0
124 -0.8089 0
1222 -0.8106 0
437 -0.8117 0
263 -0.8140 0
1845 -0.8171 0
712 -0.8178 0
1168 -0.8195 0
1967 -0.8218 0
1357 -0.8248 0
286 -0.8248 0
1441 -0.8262 0
419 -0.8322 0
435 -0.8332 0
659 -0.8339 0
1878 -0.8353 0
366 -0.8368 0
1909 -0.8406 0
1074 -0.8415 0
199 -0.8485 0
1073 -0.8504 0
249 -0.8628 0
1976 -0.8639 0
429 -0.8646 0
1052 -0.8659 0
106 -0.8662 0
201 -0.8665 0
260 -0.8678 0
179 -0.8722 0
261 -0.8736 0
1050 -0.8773 0
664 -0.8782 0
1192 -0.8828 0
128 -0.8874 0
122 -0.8889 0
500 -0.8898 0
1912 -0.8972 0
1895 -0.8978 0
952 -0.9058 0
339 -0.9062 0
305 -0.9162 0
1370 -0.9206 0
1722 -0.9240 0
1955 -0.9250 0
1900 -0.9262 0
1730 -0.9279 0
1850 -0.9370 0
1789 -0.9406 0
964 -0.9408 0
1798 -0.9482 0
273 -0.9519 0
449 -0.9544 0
1119 -0.9573 0
154 -0.9617 0
981 -0.9645 0
536 -0.9673 0
1076 -0.9768 0
1034 -0.9799 0
832 -0.9838 0
276 -0.9901 0
1612 -1.0038 0
97 -1.0044 0
1151 -1.0051 0
434 -1.0052 0
370 -1.0088 0
959 -1.0092 0
1194 -1.0097 0
1354 -1.0108 0
1710 -1.0110 0
116 -1.0130 0
446 -1.0174 0
976 -1.0253 0
482 -1.0272 0
13 -1.0281 0
146 -1.0312 0
1391 -1.0356 0
1810 -1.0398 0
1371 -1.0504 0
49 -1.0521 0
1080 -1.0540 0
1081 -1.0541 0
1314 -1.0554 0
846 -1.0597 0
594 -1.0597 0
1040 -1.0706 0
704 -1.0734 0
1785 -1.0745 0
1127 -1.0797 0
1920 -1.0864 0
630 -1.0886 0
203 -1.0896 0
1196 -1.0913 0
1214 -1.0921 0
634 -1.0961 0
1130 -1.0987 0
222 -1.1019 0
1749 -1.1028 0
951 -1.1074 0
117 -1.1143 0
711 -1.1179 0
1494 -1.1225 0
346 -1.1225 0
1122 -1.1270 0
1678 -1.1343 0
862 -1.1357 0
1829 -1.1382 0
438 -1.1413 0
195 -1.1465 0
231 -1.1474 0
1728 -1.1504 0
540 -1.1528 0
1806 -1.1582 0
149 -1.1649 0
1759 -1.1675 0
72 -1.1772 0
1705 -1.1786 0
1116 -1.1797 0
8 -1.1811 0
351 -1.1821 0
1758 -1.1858 0
27 -1.1880 0
685 -1.1911 0
972 -1.1913 0
731 -1.1929 0
1387 -1.1952 0
1245 -1.2013 0
111 -1.2017 0
1876 -1.2024 0
1631 -1.2077 0
348 -1.2092 0
432 -1.2133 0
1567 -1.2149 0
256 -1.2171 0
371 -1.2226 0
1694 -1.2311 0
162 -1.2342 0
1954 -1.2389 0
112 -1.2443 0
1588 -1.2454 0
805 -1.2567 0
1521 -1.2579 0
30 -1.2593 0
1864 -1.2643 0
1734 -1.2683 0
1621 -1.2687 0
59 -1.2694 0
2 -1.2749 0
142 -1.2766 0
191 -1.2802 0
398 -1.2813 0
338 -1.2864 0
387 -1.2886 0
1713 -1.2891 0
1229 -1.2904 0
1150 -1.2928 0
110 -1.2984 0
107 -1.2986 0
1415 -1.3065 0
830 -1.3068 0
1479 -1.3082 0
526 -1.3095 0
613 -1.3142 0
444 -1.3214 0
1183 -1.3217 0
969 -1.3253 0
1783 -1.3272 0
698 -1.3284 0
1372 -1.3298 0
1851 -1.3309 0
180 -1.3310 0
1698 -1.3341 0
1738 -1.3381 0
173 -1.3440 0
158 -1.3469 0
182 -1.3515 0
608 -1.3531 0
1826 -1.3544 0
188 -1.3559 0
121 -1.3633 0
78 -1.3647 0
1614 -1.3662 0
216 -1.3683 0
1401 -1.3721 0
297 -1.3728 0
407 -1.3750 0
99 -1.3788 0
1235 -1.3856 0
534 -1.3906 0
1285 -1.4021 0
1154 -1.4025 0
1840 -1.4083 0
229 -1.4086 0
1163 -1.4122 0
1447 -1.4152 0
1578 -1.4159 0
620 -1.4162 0
374 -1.4166 0
91 -1.4181 0
1268 -1.4182 0
940 -1.4188 0
1892 -1.4243 0
450 -1.4295 0
1031 -1.4300 0
1794 -1.4301 0
150 -1.4367 0
1412 -1.4414 0
1600 -1.4502 0
1160 -1.4559 0
1811 -1.4601 0
1964 -1.4665 0
408 -1.4680 0
104 -1.4732 0
215 -1.4844 0
941 -1.4884 0
1889 -1.4935 0
943 -1.4958 0
1492 -1.5045 0
1540 -1.5080 0
31 -1.5089 0
1763 -1.5127 0
1508 -1.5207 0
152 -1.5218 0
1836 -1.5290 0
502 -1.5344 0
1881 -1.5351 0
224 -1.5399 0
1001 -1.5405 0
679 -1.5419 0
139 -1.5536 0
1819 -1.5556 0
1706 -1.5557 0
1303 -1.5562 0
1977 -1.5594 0
242 -1.5620 0
177 -1.5704 0
1582 -1.5706 0
1733 -1.5711 0
592 -1.5714 0
601 -1.5763 0
140 -1.5792 0
218 -1.5803 0
1647 -1.5806 0
1053 -1.5808 0
1725 -1.5884 0
1747 -1.5884 0
867 -1.5894 0
1184 -1.5920 0
571 -1.5928 0
1162 -1.5964 0
529 -1.5980 0
456 -1.5990 0
196 -1.6020 0
650 -1.6081 0
228 -1.6123 0
1765 -1.6133 0
586 -1.6143 0
32 -1.6147 0
1601 -1.6221 0
1379 -1.6238 0
1221 -1.6353 0
47 -1.6419 0
1592 -1.6420 0
52 -1.6434 0
1841 -1.6457 0
1113 -1.6476 0
1982 -1.6483 0
1159 -1.6515 0
860 -1.6533 0
1965 -1.6545 0
35 -1.6588 0
1043 -1.6659 0
1502 -1.6660 0
1413 -1.6667 0
1632 -1.6793 0
1731 -1.6848 0
1866 -1.6873 0
545 -1.6883 0
899 -1.6901 0
1408 -1.6913 0
888 -1.6939 0
1497 -1.7054 0
491 -1.7077 0
1177 -1.7132 0
10 -1.7146 0
834 -1.7195 0
1 -1.7221 0
183 -1.7242 0
1165 -1.7254 0
1598 -1.7255 0
1756 -1.7257 0
1531 -1.7268 0
1583 -1.7311 0
189 -1.7315 0
1108 -1.7342 0
1267 -1.7370 0
829 -1.7412 0
357 -1.7456 0
1932 -1.7502 0
1604 -1.7561 0
210 -1.7571 0
359 -1.7672 0
1945 -1.7738 0
1808 -1.7741 0
1973 -1.7822 0
673 -1.7861 0
1059 -1.7865 0
1399 -1.7901 0
626 -1.7906 0
1419 -1.7907 0
1469 -1.7917 0
1891 -1.7998 0
1348 -1.8035 0
1530 -1.8055 0
151 -1.8146 0
1809 -1.8158 0
1186 -1.8172 0
824 -1.8196 0
133 -1.8232 0
1745 -1.8401 0
1539 -1.8448 0
192 -1.8533 0
645 -1.8607 0
1483 -1.8620 0
127 -1.8675 0
494 -1.8681 0
245 -1.8736 0
410 -1.8763 0
1971 -1.8817 0
92 -1.8857 0
186 -1.8866 0
1581 -1.8893 0
1659 -1.8910 0
296 -1.8921 0
689 -1.8930 0
168 -1.8989 0
1931 -1.8992 0
1726 -1.9043 0
1660 -1.9049 0
379 -1.9053 0
1989 -1.9095 0
301 -1.9107 0
1772 -1.9126 0
1323 -1.9203 0
1877 -1.9310 0
1820 -1.9330 0
129 -1.9331 0
161 -1.9441 0
1780 -1.9536 0
1493 -1.9565 0
1593 -1.9581 0
818 -1.9603 0
623 -1.9640 0
936 -1.9692 0
178 -1.9699 0
747 -1.9713 0
42 -1.9746 0
552 -1.9795 0
1470 -1.9807 0
1199 -1.9841 0
1547 -1.9855 0
1012 -1.9862 0
961 -1.9904 0
1667 -1.9942 0
1732 -1.9974 0
176 -1.9999 0
1898 -2.0039 0
1369 -2.0185 0
1611 -2.0217 0
1418 -2.0227 0
1951 -2.0228 0
6 -2.0245 0
1062 -2.0253 0
1106 -2.0307 0
1462 -2.0326 0
1978 -2.0331 0
187 -2.0332 0
1796 -2.0411 0
873 -2.0420 0
1619 -2.0442 0
1968 -2.0516 0
507 -2.0544 0
246 -2.0579 0
11 -2.0634 0
1830 -2.0660 0
528 -2.0682 0
1506 -2.0695 0
1397 -2.0724 0
992 -2.0728 0
1549 -2.0786 0
45 -2.0795 0
244 -2.0815 0
1821 -2.0838 0
523 -2.0957 0
1620 -2.0976 0
1047 -2.1003 0
205 -2.1030 0
737 -2.1076 0
1993 -2.1131 0
1784 -2.1192 0
512 -2.1267 0
1451 -2.1310 0
120 -2.1331 0
294 -2.1342 0
1804 -2.1391 0
9 -2.1408 0
723 -2.1454 0
898 -2.1463 0
304 -2.1502 0
958 -2.1542 0
660 -2.1595 0
721 -2.1613 0
539 -2.1641 0
993 -2.1660 0
1358 -2.1674 0
1867 -2.1677 0
1924 -2.1684 0
1282 -2.1703 0
1638 -2.1704 0
1871 -2.1735 0
1966 -2.1815 0
1537 -2.1819 0
1609 -2.1832 0
48 -2.1849 0
1637 -2.1919 0
572 -2.1961 0
1572 -2.1976 0
716 -2.2043 0
265 -2.2067 0
312 -2.2092 0
720 -2.2111 0
965 -2.2131 0
1329 -2.2168 0
868 -2.2242 0
1416 -2.2288 0
1591 -2.2309 0
644 -2.2314 0
577 -2.2342 0
1910 -2.2390 0
1721 -2.2423 0
181 -2.2483 0
1143 -2.2574 0
511 -2.2584 0
1278 -2.2586 0
1301 -2.2593 0
1507 -2.2605 0
1907 -2.2626 0
1543 -2.2649 0
839 -2.2674 0
1872 -2.2724 0
1940 -2.2732 0
1436 -2.2746 0
214 -2.2762 0
1558 -2.2789 0
1769 -2.2792 0
1760 -2.2839 0
1432 -2.2853 0
1842 -2.2935 0
1496 -2.2947 0
570 -2.2958 0
718 -2.2960 0
624 -2.3009 0
1533 -2.3088 0
1782 -2.3185 0
175 -2.3202 0
5 -2.3210 0
251 -2.3242 0
137 -2.3552 0
239 -2.3578 0
1984 -2.3584 0
302 -2.3728 0
208 -2.3733 0
343 -2.3808 0
561 -2.3837 0
145 -2.3893 0
1535 -2.3903 0
102 -2.3907 0
292 -2.4026 0
1019 -2.4056 0
655 -2.4077 0
1570 -2.4099 0
1563 -2.4126 0
1800 -2.4129 0
1152 -2.4150 0
1587 -2.4174 0
1603 -2.4198 0
642 -2.4224 0
1990 -2.4257 0
1714 -2.4329 0
816 -2.4384 0
34 -2.4456 0
1787 -2.4461 0
1139 -2.4465 0
211 -2.4541 0
299 -2.4670 0
1999 -2.4680 0
1777 -2.4683 0
677 -2.4710 0
1477 -2.4730 0
1590 -2.4791 0
1691 -2.4793 0
1423 -2.4806 0
1528 -2.4871 0
1996 -2.4897 0
617 -2.4950 0
1577 -2.5006 0
101 -2.5023 0
19 -2.5033 0
163 -2.5067 0
1960 -2.5213 0
547 -2.5228 0
676 -2.5258 0
1456 -2.5305 0
1664 -2.5402 0
1792 -2.5448 0
1853 -2.5470 0
463 -2.5578 0
1155 -2.5646 0
1595 -2.5679 0
589 -2.5690 0
382 -2.5695 0
113 -2.5786 0
1545 -2.5801 0
1848 -2.5818 0
33 -2.5877 0
90 -2.5904 0
361 -2.5912 0
143 -2.5951 0
1624 -2.5968 0
1485 -2.6117 0
164 -2.6189 0
373 -2.6258 0
1893 -2.6325 0
235 -2.6358 0
1566 -2.6362 0
836 -2.6380 0
514 -2.6400 0
1562 -2.6526 0
1630 -2.6534 0
485 -2.6547 0
1474 -2.6799 0
193 -2.6858 0
1438 -2.6878 0
1519 -2.6969 0
1442 -2.6974 0
1606 -2.7005 0
1092 -2.7093 0
1874 -2.7114 0
1831 -2.7140 0
1812 -2.7249 0
1402 -2.7261 0
1948 -2.7279 0
726 -2.7405 0
665 -2.7410 0
474 -2.7474 0
1863 -2.7500 0
1596 -2.7578 0
1869 -2.7667 0
1750 -2.7674 0
1890 -2.7728 0
1636 -2.7779 0
1584 -2.7801 0
1008 -2.7840 0
1559 -2.7889 0
625 -2.7971 0
1538 -2.7974 0
1857 -2.8009 0
1972 -2.8090 0
1675 -2.8191 0
21 -2.8197 0
1861 -2.8241 0
233 -2.8274 0
15 -2.8298 0
1873 -2.8299 0
1846 -2.8315 0
1552 -2.8342 0
1224 -2.8354 0
1556 -2.8386 0
1815 -2.8413 0
1464 -2.8428 0
51 -2.8509 0
1452 -2.8607 0
1511 -2.8746 0
153 -2.8756 0
1915 -2.8865 0
1875 -2.8868 0
167 -2.8888 0
4 -2.9019 0
1905 -2.9047 0
55 -2.9072 0
1487 -2.9134 0
1555 -2.9203 0
61 -2.9254 0
1939 -2.9272 0
1683 -2.9284 0
1825 -2.9297 0
1181 -2.9359 0
1904 -2.9388 0
1200 -2.9609 0
1934 -2.9629 0
1175 -2.9640 0
307 -2.9647 0
1959 -2.9829 0
114 -3.0043 0
1952 -3.0101 0
1518 -3.0154 0
549 -3.0176 0
1576 -3.0187 0
39 -3.0226 0
1523 -3.0264 0
1953 -3.0281 0
1790 -3.0296 0
851 -3.0383 0
1930 -3.0391 0
1625 -3.0443 0
1544 -3.0482 0
1461 -3.0640 0
1822 -3.0649 0
928 -3.0657 0
1640 -3.0764 0
1771 -3.0765 0
1773 -3.0791 0
207 -3.0809 0
1626 -3.0892 0
465 -3.0909 0
1802 -3.0959 0
1786 -3.1022 0
1157 -3.1236 0
1983 -3.1274 0
1500 -3.1334 0
542 -3.1352 0
1450 -3.1361 0
1350 -3.1414 0
1232 -3.1450 0
1649 -3.1486 0
1605 -3.1508 0
1938 -3.1595 0
17 -3.1618 0
1463 -3.1699 0
647 -3.1729 0
1882 -3.1844 0
184 -3.1874 0
413 -3.1874 0
1455 -3.1946 0
1834 -3.1978 0
1818 -3.1986 0
1594 -3.2080 0
822 -3.2167 0
1486 -3.2178 0
1956 -3.2227 0
1548 -3.2265 0
980 -3.2299 0
580 -3.2355 0
1421 -3.2391 0
227 -3.2433 0
575 -3.2683 0
98 -3.2790 0
1816 -3.2844 0
1607 -3.2849 0
656 -3.2864 0
1855 -3.2909 0
1510 -3.2937 0
1458 -3.3029 0
1551 -3.3088 0
1490 -3.3097 0
1969 -3.3233 0
651 -3.3266 0
1460 -3.3301 0
1520 -3.3349 0
1885 -3.3401 0
1589 -3.3425 0
1896 -3.3607 0
1899 -3.3624 0
170 -3.3762 0
1597 -3.3841 0
638 -3.4144 0
1503 -3.4216 0
1986 -3.4324 0
147 -3.4399 0
1468 -3.4469 0
1981 -3.4489 0
123 -3.4586 0
1975 -3.4666 0
1775 -3.4726 0
1498 -3.4758 0
0 -3.4760 0
989 -3.4764 0
384 -3.4966 0
1985 -3.5029 0
1509 -3.5096 0
746 -3.5233 0
1542 -3.5247 0
680 -3.5264 0
1457 -3.5360 0
1522 -3.5599 0
1715 -3.5743 0
16 -3.5865 0
29 -3.5901 0
909 -3.5918 0
1980 -3.6084 0
1560 -3.6416 0
1478 -3.6421 0
714 -3.6671 0
653 -3.6767 0
1961 -3.6803 0
1337 -3.6820 0
510 -3.6876 0
1814 -3.6917 0
1481 -3.7081 0
671 -3.7083 0
37 -3.7260 0
66 -3.7381 0
890 -3.7453 0
1610 -3.7679 0
1627 -3.7979 0
1608 -3.8184 0
1117 -3.8279 0
1633 -3.8476 0
1860 -3.8578 0
684 -3.8593 0
1276 -3.8809 0
1248 -3.8924 0
1340 -3.9145 0
1353 -3.9186 0
1646 -3.9200 0
1839 -3.9205 0
125 -3.9254 0
1569 -3.9261 0
1526 -3.9476 0
1994 -3.9590 0
1880 -3.9632 0
1473 -3.9731 0
1499 -3.9916 0
1644 -3.9993 0
1098 -4.0033 0
209 -4.0194 0
1894 -4.0451 0
1453 -4.0467 0
1962 -4.0649 0
1613 -4.0947 0
1628 -4.1165 0
1950 -4.1294 0
1651 -4.1308 0
22 -4.1320 0
543 -4.1427 0
1618 -4.1550 0
1629 -4.1739 0
1467 -4.1810 0
40 -4.1834 0
1645 -4.2104 0
1482 -4.2397 0
1670 -4.2401 0
136 -4.2412 0
1617 -4.2512 0
1868 -4.2684 0
1639 -4.2867 0
1568 -4.2963 0
654 -4.3126 0
1516 -4.3154 0
1616 -4.3239 0
1963 -4.3524 0
46 -4.3899 0
1688 -4.3914 0
1195 -4.4195 0
23 -4.4209 0
43 -4.4405 0
1623 -4.4568 0
1541 -4.4604 0
1838 -4.4612 0
1471 -4.5078 0
1970 -4.5223 0
1489 -4.5244 0
1979 -4.5395 0
1974 -4.5888 0
1803 -4.6083 0
1550 -4.6097 0
1995 -4.6384 0
1514 -4.6756 0
1653 -4.7273 0
1534 -4.7361 0
1573 -4.7789 0
1897 -4.7902 0
1524 -4.8091 0
521 -4.8419 0
1736 -4.8548 0
690 -4.8615 0
1515 -4.9049 0
1512 -4.9267 0
1599 -5.0205 0
1411 -5.0316 0
1504 -5.0359 0
1546 -5.1319 0
1648 -5.2279 0
1517 -5.5001 0
1536 -5.5152 0
691 -5.5183 0
1525 -5.5806 0
717 -5.6756 0
1859 -5.6760 0
1459 -6.0730 0
1622 -6.0970 0
1641 -6.4971 0
