821 27.9818 1
812 25.6059 1
845 25.5874 1
829 23.6227 1
819 22.6553 1
848 21.9766 1
808 21.5687 1
825 21.5686 1
800 21.1969 1
822 20.3361 1
806 19.5208 1
820 19.1423 1
826 18.7029 1
831 18.6237 1
818 18.2047 1
817 17.6896 1
804 17.3550 1
843 17.2076 1
828 16.6272 1
836 16.0975 1
801 16.0493 1
840 15.1501 1
803 14.5269 1
807 14.0681 1
847 13.7178 1
802 13.1038 1
830 13.0471 1
815 13.0307 1
809 12.9561 1
924 12.9352 0
839 12.6552 1
833 12.3880 1
824 12.0333 1
805 12.0104 1
844 11.8318 1
814 11.7835 1
441 11.7508 0
837 10.7464 1
832 10.2452 1
785 10.1128 0
841 9.7245 1
846 9.3482 1
838 9.0657 1
1071 8.8613 0
1196 8.8552 0
823 8.6086 1
834 8.5488 1
1832 8.5241 0
1976 8.4717 0
493 8.1278 0
1830 7.9830 0
811 7.7878 1
900 7.7162 0
1195 7.7028 0
1033 7.4091 0
919 7.2197 0
1179 7.2155 0
1169 7.1934 0
1164 7.1640 0
1089 7.1095 0
1093 7.0691 0
915 7.0533 0
1067 6.9803 0
1087 6.9435 0
816 6.7507 1
1784 6.6296 0
80 6.4921 0
1199 6.4716 0
1090 6.2645 0
428 6.2179 0
912 6.1999 0
927 6.1514 0
810 6.1137 1
1106 6.1117 0
835 6.0085 1
569 5.9924 0
1073 5.9433 0
1521 5.9278 0
1059 5.8424 0
910 5.7734 0
933 5.7635 0
928 5.6936 0
1152 5.6894 0
1159 5.6385 0
1108 5.5480 0
1042 5.4897 0
1454 5.4521 0
58 5.4189 0
1172 5.4077 0
1945 5.3638 0
537 5.3372 0
1197 5.3331 0
512 5.3091 0
1064 5.2700 0
1055 5.2263 0
1160 5.2225 0
1024 5.2187 0
1205 5.1992 0
849 5.1950 1
487 5.1754 0
635 5.1444 0
1984 5.1410 0
1168 5.1342 0
498 5.1160 0
461 5.0751 0
827 5.0538 1
1105 5.0248 0
936 5.0085 0
1710 4.9848 0
1741 4.9480 0
641 4.8990 0
123 4.8743 0
1107 4.8299 0
1218 4.8263 0
1532 4.8054 0
1516 4.7671 0
79 4.7624 0
655 4.7048 0
1109 4.6189 0
1155 4.6137 0
645 4.5756 0
638 4.5547 0
1843 4.5511 0
17 4.5398 0
412 4.5391 0
1163 4.5191 0
1357 4.5056 0
705 4.4983 0
943 4.4541 0
47 4.4517 0
1972 4.4485 0
1726 4.4062 0
1157 4.3824 0
731 4.3784 0
920 4.3592 0
741 4.3452 0
1298 4.2949 0
1243 4.2852 0
1819 4.2849 0
51 4.2743 0
935 4.2558 0
1065 4.2538 0
479 4.2482 0
1226 4.2427 0
726 4.2340 0
752 4.2332 0
1094 4.2274 0
1889 4.2199 0
269 4.1995 0
1095 4.1904 0
681 4.1872 0
1271 4.1616 0
1408 4.1289 0
1084 4.1246 0
1175 4.0980 0
1176 4.0950 0
319 4.0837 0
1459 4.0697 0
1847 4.0672 0
732 4.0535 0
621 4.0429 0
1098 4.0383 0
333 4.0203 0
729 4.0155 0
1204 4.0023 0
1021 3.9999 0
472 3.9816 0
1970 3.9675 0
976 3.9275 0
1833 3.9262 0
1052 3.9099 0
129 3.8536 0
1081 3.8362 0
103 3.8312 0
499 3.7727 0
1729 3.7693 0
903 3.7348 0
1846 3.7251 0
148 3.7008 0
405 3.6977 0
865 3.6937 0
1314 3.6925 0
948 3.6869 0
1805 3.6860 0
1951 3.6858 0
1092 3.6828 0
1058 3.6667 0
1753 3.6433 0
1051 3.6325 0
909 3.6249 0
1074 3.6013 0
1126 3.5905 0
1356 3.5600 0
1045 3.5587 0
733 3.5453 0
1110 3.5370 0
1848 3.5364 0
946 3.5173 0
1996 3.5163 0
67 3.5053 0
1322 3.4951 0
1973 3.4832 0
1652 3.4722 0
922 3.4584 0
409 3.4556 0
1542 3.4429 0
356 3.4339 0
1974 3.4147 0
1801 3.4132 0
1348 3.3941 0
470 3.3900 0
1178 3.3629 0
1704 3.3433 0
1544 3.3318 0
444 3.3301 0
122 3.3135 0
1318 3.3091 0
1450 3.2947 0
687 3.2861 0
515 3.2857 0
1706 3.2849 0
541 3.2849 0
492 3.2639 0
1950 3.2636 0
632 3.2457 0
303 3.2170 0
1712 3.2162 0
1727 3.2082 0
907 3.1804 0
584 3.1798 0
1956 3.1796 0
327 3.1726 0
1742 3.1496 0
1162 3.1482 0
235 3.1447 0
1368 3.1413 0
1286 3.1360 0
1711 3.1233 0
766 3.1195 0
1981 3.0771 0
1930 3.0765 0
1112 3.0749 0
1166 3.0741 0
417 3.0725 0
1994 3.0624 0
717 3.0505 0
1156 3.0459 0
1158 3.0313 0
331 3.0301 0
190 3.0280 0
1702 3.0253 0
629 3.0240 0
691 3.0235 0
1187 3.0166 0
1136 2.9998 0
1809 2.9944 0
1185 2.9929 0
1965 2.9820 0
1182 2.9806 0
20 2.9712 0
742 2.9709 0
1575 2.9595 0
1510 2.9566 0
637 2.9455 0
533 2.9434 0
9 2.9406 0
1078 2.9356 0
932 2.9356 0
1245 2.9341 0
842 2.9336 1
1812 2.9276 0
1740 2.9167 0
1681 2.9120 0
485 2.9009 0
1101 2.9000 0
879 2.8884 0
1170 2.8868 0
614 2.8852 0
1491 2.8835 0
1979 2.8703 0
1075 2.8686 0
292 2.8642 0
1001 2.8625 0
375 2.8618 0
1971 2.8611 0
460 2.8605 0
931 2.8538 0
163 2.8521 0
623 2.8519 0
25 2.8457 0
1232 2.8196 0
278 2.8083 0
560 2.7916 0
1755 2.7856 0
937 2.7824 0
795 2.7822 0
871 2.7801 0
1993 2.7597 0
210 2.7405 0
1668 2.7381 0
483 2.7181 0
1732 2.7154 0
1998 2.7090 0
704 2.7075 0
646 2.7068 0
32 2.7064 0
753 2.6993 0
762 2.6940 0
699 2.6908 0
521 2.6839 0
445 2.6772 0
1744 2.6641 0
1345 2.6638 0
777 2.6623 0
436 2.6476 0
1333 2.6285 0
404 2.6221 0
446 2.6142 0
1792 2.6116 0
1623 2.6114 0
563 2.6077 0
1031 2.6063 0
711 2.6042 0
13 2.6026 0
1212 2.5851 0
1044 2.5783 0
429 2.5768 0
653 2.5710 0
268 2.5674 0
1080 2.5574 0
1127 2.5556 0
1573 2.5533 0
1040 2.5429 0
1189 2.5296 0
663 2.5280 0
1534 2.5269 0
78 2.5256 0
491 2.5250 0
1515 2.5195 0
1721 2.5139 0
181 2.5139 0
1222 2.5076 0
534 2.5043 0
1962 2.5032 0
605 2.5017 0
719 2.4937 0
857 2.4906 0
1426 2.4883 0
921 2.4777 0
1177 2.4736 0
1715 2.4659 0
76 2.4642 0
1355 2.4603 0
1174 2.4585 0
74 2.4544 0
1685 2.4491 0
1725 2.4266 0
1747 2.4266 0
414 2.4226 0
938 2.4169 0
120 2.4119 0
1997 2.4008 0
581 2.3957 0
546 2.3915 0
905 2.3863 0
1352 2.3747 0
1897 2.3734 0
305 2.3579 0
1153 2.3528 0
942 2.3523 0
1825 2.3500 0
459 2.3415 0
925 2.3350 0
1198 2.3343 0
902 2.3315 0
1030 2.3263 0
1902 2.3235 0
611 2.3088 0
198 2.3027 0
1786 2.3011 0
1522 2.2850 0
712 2.2848 0
1468 2.2841 0
1682 2.2764 0
1150 2.2716 0
1707 2.2666 0
1568 2.2614 0
1480 2.2524 0
1032 2.2501 0
714 2.2491 0
1818 2.2444 0
294 2.2304 0
1246 2.2296 0
484 2.2293 0
1932 2.2287 0
1083 2.2282 0
734 2.2206 0
1802 2.2189 0
325 2.2173 0
1041 2.2144 0
1564 2.2118 0
1963 2.2098 0
949 2.2096 0
759 2.2012 0
1620 2.1952 0
1066 2.1739 0
312 2.1737 0
1717 2.1712 0
715 2.1707 0
882 2.1653 0
591 2.1617 0
438 2.1532 0
1985 2.1532 0
1165 2.1510 0
1991 2.1506 0
1839 2.1376 0
1068 2.1365 0
142 2.1292 0
1961 2.1261 0
1545 2.1236 0
666 2.1231 0
941 2.1166 0
854 2.1103 0
424 2.1100 0
636 2.1029 0
1410 2.1015 0
872 2.1009 0
247 2.0988 0
1749 2.0985 0
507 2.0943 0
1306 2.0847 0
1479 2.0817 0
1335 2.0813 0
146 2.0757 0
27 2.0658 0
450 2.0646 0
794 2.0546 0
514 2.0466 0
548 2.0459 0
1203 2.0381 0
1708 2.0381 0
791 2.0308 0
649 2.0254 0
1135 2.0232 0
1339 2.0222 0
1385 2.0222 0
1745 2.0195 0
471 2.0121 0
797 2.0091 0
1057 2.0088 0
1096 2.0003 0
965 1.9950 0
1091 1.9827 0
1183 1.9788 0
908 1.9736 0
111 1.9642 0
1181 1.9581 0
170 1.9520 0
1964 1.9485 0
559 1.9456 0
1565 1.9391 0
899 1.9309 0
1413 1.9288 0
1518 1.9246 0
590 1.9140 0
918 1.9072 0
447 1.9064 0
1257 1.9031 0
523 1.9024 0
1533 1.8991 0
547 1.8854 0
1968 1.8838 0
599 1.8708 0
41 1.8702 0
1966 1.8678 0
1436 1.8673 0
1192 1.8669 0
1530 1.8641 0
425 1.8611 0
1586 1.8585 0
628 1.8462 0
116 1.8453 0
1642 1.8401 0
1234 1.8361 0
408 1.8352 0
543 1.8297 0
1312 1.8267 0
561 1.8135 0
119 1.8118 0
413 1.8102 0
126 1.8067 0
1977 1.8034 0
264 1.8004 0
34 1.8001 0
1151 1.7984 0
1272 1.7959 0
1960 1.7883 0
1734 1.7827 0
557 1.7812 0
430 1.7768 0
500 1.7753 0
1201 1.7741 0
1070 1.7671 0
1810 1.7646 0
784 1.7644 0
585 1.7621 0
1983 1.7575 0
640 1.7568 0
1804 1.7561 0
1251 1.7509 0
309 1.7419 0
550 1.7386 0
1343 1.7376 0
1506 1.7340 0
1937 1.7266 0
1173 1.7182 0
580 1.7130 0
334 1.7099 0
1955 1.7092 0
130 1.7055 0
1695 1.7036 0
246 1.6987 0
519 1.6987 0
1293 1.6964 0
1499 1.6860 0
864 1.6809 0
1777 1.6804 0
227 1.6759 0
934 1.6715 0
354 1.6698 0
1567 1.6697 0
1837 1.6667 0
1813 1.6618 0
1425 1.6519 0
1290 1.6473 0
1794 1.6421 0
1361 1.6415 0
22 1.6304 0
1625 1.6289 0
403 1.6249 0
1225 1.6151 0
262 1.6135 0
1790 1.6122 0
61 1.6110 0
1332 1.6106 0
1291 1.6063 0
1723 1.6033 0
1470 1.6004 0
1719 1.6002 0
31 1.5935 0
1188 1.5931 0
1850 1.5916 0
575 1.5880 0
597 1.5817 0
88 1.5798 0
1060 1.5696 0
155 1.5696 0
1115 1.5600 0
1661 1.5560 0
1716 1.5522 0
1393 1.5493 0
158 1.5463 0
1554 1.5439 0
1 1.5404 0
906 1.5398 0
1336 1.5354 0
1798 1.5340 0
300 1.5301 0
1787 1.5229 0
1088 1.5220 0
744 1.5146 0
508 1.5132 0
1952 1.5069 0
1148 1.5064 0
1887 1.5020 0
552 1.5020 0
1476 1.5000 0
1063 1.4993 0
496 1.4972 0
1210 1.4927 0
1334 1.4868 0
1571 1.4866 0
282 1.4810 0
730 1.4704 0
1738 1.4690 0
184 1.4659 0
1616 1.4649 0
796 1.4621 0
1131 1.4604 0
1760 1.4600 0
1227 1.4507 0
549 1.4479 0
1281 1.4414 0
1395 1.4395 0
99 1.4379 0
1649 1.4362 0
1353 1.4354 0
1276 1.4301 0
1326 1.4243 0
136 1.4231 0
1285 1.4196 0
374 1.4179 0
642 1.4175 0
1331 1.4136 0
1748 1.4080 0
1987 1.4017 0
1301 1.3976 0
745 1.3889 0
1663 1.3880 0
813 1.3782 1
774 1.3728 0
1043 1.3712 0
1267 1.3689 0
1731 1.3644 0
727 1.3636 0
1851 1.3625 0
665 1.3597 0
183 1.3596 0
1958 1.3590 0
648 1.3583 0
577 1.3578 0
568 1.3561 0
697 1.3530 0
1223 1.3516 0
1800 1.3447 0
1143 1.3430 0
1769 1.3366 0
1300 1.3331 0
1478 1.3281 0
394 1.3210 0
1147 1.3178 0
511 1.3153 0
1433 1.3114 0
199 1.2919 0
1507 1.2915 0
571 1.2894 0
36 1.2875 0
1917 1.2819 0
1299 1.2789 0
1097 1.2785 0
172 1.2750 0
633 1.2749 0
363 1.2725 0
1365 1.2718 0
482 1.2620 0
1072 1.2574 0
1171 1.2564 0
1828 1.2558 0
211 1.2545 0
710 1.2515 0
1457 1.2511 0
1111 1.2471 0
1841 1.2459 0
1500 1.2413 0
1720 1.2368 0
1806 1.2352 0
1849 1.2332 0
1418 1.2330 0
328 1.2316 0
1020 1.2221 0
1010 1.2171 0
1103 1.2161 0
850 1.2138 0
1287 1.2084 0
1822 1.2054 0
757 1.2044 0
1703 1.2039 0
1852 1.1981 0
30 1.1942 0
1967 1.1927 0
562 1.1918 0
462 1.1855 0
340 1.1816 0
57 1.1752 0
651 1.1719 0
532 1.1701 0
1735 1.1697 0
1728 1.1619 0
1130 1.1617 0
411 1.1583 0
1580 1.1579 0
1550 1.1538 0
448 1.1535 0
1100 1.1476 0
1525 1.1447 0
990 1.1424 0
1022 1.1408 0
110 1.1376 0
776 1.1367 0
256 1.1362 0
926 1.1317 0
410 1.1298 0
1890 1.1259 0
1824 1.1227 0
53 1.1175 0
369 1.1150 0
70 1.1128 0
8 1.1047 0
86 1.1035 0
615 1.1031 0
1845 1.1005 0
1817 1.0970 0
1651 1.0922 0
875 1.0886 0
351 1.0881 0
1140 1.0829 0
593 1.0825 0
1472 1.0790 0
1414 1.0725 0
1216 1.0702 0
1562 1.0677 0
1121 1.0600 0
939 1.0593 0
506 1.0552 0
1864 1.0512 0
1325 1.0493 0
1283 1.0485 0
416 1.0459 0
7 1.0429 0
1856 1.0402 0
1387 1.0367 0
113 1.0366 0
558 1.0354 0
10 1.0193 0
280 1.0159 0
456 1.0127 0
606 1.0112 0
1062 1.0080 0
1371 0.9982 0
1458 0.9866 0
1541 0.9806 0
1988 0.9798 0
83 0.9766 0
1835 0.9757 0
1761 0.9746 0
1099 0.9732 0
639 0.9683 0
1540 0.9647 0
1557 0.9629 0
1485 0.9547 0
1762 0.9466 0
674 0.9463 0
1019 0.9427 0
108 0.9385 0
267 0.9374 0
173 0.9374 0
721 0.9326 0
1549 0.9312 0
382 0.9298 0
1746 0.9216 0
708 0.9215 0
1618 0.9208 0
586 0.9207 0
84 0.9132 0
1858 0.9127 0
669 0.9067 0
528 0.9036 0
75 0.8983 0
308 0.8972 0
1980 0.8971 0
1585 0.8949 0
128 0.8929 0
1002 0.8927 0
1665 0.8913 0
1213 0.8909 0
1919 0.8892 0
1863 0.8890 0
91 0.8836 0
626 0.8773 0
956 0.8732 0
945 0.8726 0
348 0.8689 0
914 0.8675 0
1531 0.8673 0
1931 0.8673 0
1402 0.8637 0
162 0.8602 0
35 0.8587 0
913 0.8529 0
1275 0.8490 0
972 0.8488 0
1512 0.8424 0
197 0.8398 0
1489 0.8376 0
28 0.8372 0
1683 0.8368 0
1006 0.8367 0
1139 0.8331 0
1186 0.8291 0
1266 0.8244 0
1918 0.8210 0
536 0.8102 0
1597 0.8055 0
1820 0.8050 0
1265 0.8032 0
1827 0.8017 0
44 0.7982 0
661 0.7950 0
881 0.7934 0
579 0.7892 0
1311 0.7885 0
929 0.7857 0
746 0.7828 0
418 0.7820 0
698 0.7773 0
261 0.7713 0
787 0.7710 0
396 0.7631 0
352 0.7621 0
1838 0.7540 0
1079 0.7508 0
1577 0.7470 0
1718 0.7469 0
1676 0.7455 0
1247 0.7375 0
917 0.7373 0
1278 0.7362 0
287 0.7338 0
1184 0.7329 0
1969 0.7309 0
1142 0.7293 0
1116 0.7282 0
1854 0.7276 0
1307 0.7259 0
1781 0.7255 0
145 0.7196 0
1145 0.7190 0
1578 0.7127 0
90 0.7094 0
786 0.7066 0
799 0.7009 0
576 0.6999 0
96 0.6990 0
657 0.6968 0
930 0.6916 0
1347 0.6915 0
11 0.6912 0
1309 0.6839 0
583 0.6795 0
572 0.6794 0
1329 0.6768 0
1686 0.6757 0
343 0.6754 0
627 0.6674 0
1228 0.6642 0
1338 0.6552 0
488 0.6549 0
1592 0.6461 0
1815 0.6453 0
1330 0.6442 0
1061 0.6366 0
175 0.6326 0
851 0.6318 0
357 0.6265 0
1879 0.6253 0
56 0.6251 0
132 0.6245 0
98 0.6242 0
1503 0.6211 0
45 0.6161 0
573 0.6086 0
1799 0.6042 0
671 0.6016 0
539 0.5982 0
616 0.5976 0
772 0.5968 0
283 0.5919 0
1305 0.5909 0
1037 0.5908 0
1190 0.5875 0
1296 0.5842 0
683 0.5836 0
1252 0.5827 0
1870 0.5789 0
1054 0.5783 0
916 0.5762 0
736 0.5726 0
1217 0.5720 0
1475 0.5718 0
574 0.5653 0
1903 0.5650 0
85 0.5644 0
896 0.5639 0
1811 0.5606 0
901 0.5572 0
1511 0.5546 0
323 0.5519 0
1990 0.5482 0
1591 0.5440 0
1320 0.5417 0
1012 0.5416 0
1750 0.5411 0
415 0.5401 0
60 0.5388 0
911 0.5378 0
1069 0.5374 0
147 0.5319 0
1788 0.5314 0
336 0.5298 0
398 0.5245 0
702 0.5130 0
400 0.5091 0
1474 0.5058 0
763 0.5039 0
798 0.5012 0
517 0.4994 0
1872 0.4964 0
238 0.4916 0
54 0.4862 0
157 0.4859 0
65 0.4832 0
476 0.4828 0
95 0.4743 0
866 0.4729 0
1429 0.4729 0
722 0.4716 0
1310 0.4666 0
360 0.4610 0
143 0.4593 0
59 0.4541 0
1730 0.4512 0
189 0.4497 0
337 0.4475 0
1242 0.4471 0
380 0.4465 0
604 0.4456 0
274 0.4448 0
747 0.4434 0
856 0.4430 0
296 0.4414 0
771 0.4403 0
1611 0.4340 0
1999 0.4335 0
1986 0.4311 0
853 0.4167 0
1751 0.4106 0
769 0.4104 0
1241 0.4096 0
477 0.4075 0
624 0.4048 0
554 0.4030 0
1007 0.4016 0
1496 0.4015 0
778 0.3986 0
1053 0.3974 0
1699 0.3969 0
433 0.3944 0
1464 0.3920 0
755 0.3899 0
426 0.3856 0
1700 0.3855 0
1713 0.3848 0
610 0.3822 0
1396 0.3805 0
1484 0.3791 0
789 0.3781 0
1886 0.3753 0
97 0.3658 0
1056 0.3658 0
407 0.3640 0
1324 0.3589 0
185 0.3557 0
1995 0.3487 0
1340 0.3480 0
1943 0.3450 0
728 0.3449 0
634 0.3447 0
1141 0.3446 0
1862 0.3420 0
1358 0.3412 0
531 0.3404 0
355 0.3401 0
1270 0.3398 0
1313 0.3359 0
888 0.3345 0
861 0.3283 0
52 0.3260 0
1161 0.3101 0
1274 0.3100 0
243 0.3014 0
1113 0.3002 0
1906 0.2997 0
1739 0.2942 0
1646 0.2916 0
609 0.2886 0
567 0.2871 0
1526 0.2864 0
314 0.2847 0
688 0.2833 0
255 0.2820 0
1705 0.2819 0
1548 0.2803 0
63 0.2793 0
858 0.2742 0
895 0.2706 0
1490 0.2684 0
102 0.2632 0
1797 0.2538 0
49 0.2510 0
1877 0.2493 0
1823 0.2479 0
443 0.2469 0
1202 0.2436 0
692 0.2430 0
940 0.2418 0
1453 0.2330 0
716 0.2290 0
1655 0.2230 0
890 0.2230 0
869 0.2216 0
406 0.2175 0
1701 0.2157 0
1606 0.2124 0
1423 0.2042 0
365 0.2023 0
1462 0.2022 0
1891 0.1995 0
281 0.1976 0
1808 0.1971 0
601 0.1951 0
713 0.1910 0
16 0.1902 0
1050 0.1874 0
1677 0.1863 0
1714 0.1856 0
788 0.1793 0
738 0.1771 0
383 0.1771 0
1233 0.1721 0
1771 0.1683 0
1656 0.1659 0
62 0.1649 0
1237 0.1587 0
1133 0.1574 0
618 0.1522 0
1631 0.1517 0
1194 0.1493 0
478 0.1487 0
440 0.1474 0
1758 0.1426 0
673 0.1424 0
1517 0.1401 0
33 0.1401 0
368 0.1397 0
257 0.1387 0
502 0.1382 0
1235 0.1336 0
923 0.1333 0
82 0.1326 0
203 0.1324 0
442 0.1302 0
1785 0.1211 0
1659 0.1208 0
1816 0.1205 0
1901 0.1203 0
1836 0.1124 0
195 0.1104 0
1898 0.1099 0
373 0.1096 0
947 0.1078 0
1842 0.1061 0
299 0.1061 0
527 0.1000 0
1834 0.0979 0
1144 0.0952 0
318 0.0952 0
1893 0.0912 0
94 0.0898 0
592 0.0897 0
1473 0.0896 0
133 0.0895 0
1599 0.0891 0
21 0.0848 0
339 0.0842 0
286 0.0828 0
891 0.0801 0
664 0.0716 0
1773 0.0663 0
1737 0.0649 0
893 0.0631 0
1014 0.0631 0
260 0.0625 0
1757 0.0576 0
1576 0.0564 0
66 0.0539 0
1308 0.0533 0
522 0.0531 0
667 0.0529 0
680 0.0485 0
1085 0.0469 0
15 0.0462 0
208 0.0424 0
1488 0.0366 0
1481 0.0330 0
1114 0.0317 0
779 0.0284 0
1664 0.0283 0
64 0.0269 0
219 0.0213 0
384 0.0212 0
582 0.0185 0
1315 0.0131 0
1505 0.0121 0
342 0.0119 0
1529 0.0078 0
862 0.0049 0
1256 0.0039 0
464 0.0032 0
376 0.0002 0
371 -0.0002 0
1465 -0.0014 0
23 -0.0042 0
996 -0.0067 0
589 -0.0089 0
1294 -0.0103 0
1214 -0.0109 0
1273 -0.0111 0
501 -0.0162 0
718 -0.0167 0
503 -0.0224 0
737 -0.0267 0
526 -0.0271 0
1654 -0.0300 0
678 -0.0306 0
370 -0.0341 0
894 -0.0346 0
372 -0.0388 0
790 -0.0466 0
1942 -0.0524 0
144 -0.0538 0
353 -0.0622 0
134 -0.0638 0
1129 -0.0646 0
150 -0.0663 0
859 -0.0739 0
1776 -0.0747 0
1791 -0.0772 0
1953 -0.0809 0
367 -0.0821 0
137 -0.0840 0
290 -0.0848 0
1397 -0.0857 0
644 -0.0859 0
619 -0.0863 0
887 -0.0882 0
707 -0.0896 0
1406 -0.0934 0
1831 -0.0953 0
1076 -0.0966 0
1149 -0.0987 0
494 -0.1052 0
1821 -0.1071 0
121 -0.1083 0
233 -0.1204 0
855 -0.1216 0
700 -0.1234 0
1840 -0.1243 0
386 -0.1359 0
366 -0.1372 0
1645 -0.1482 0
1337 -0.1482 0
495 -0.1493 0
72 -0.1499 0
1005 -0.1508 0
504 -0.1537 0
1328 -0.1550 0
451 -0.1605 0
1253 -0.1615 0
1528 -0.1643 0
1422 -0.1673 0
191 -0.1681 0
231 -0.1718 0
1743 -0.1729 0
419 -0.1764 0
1003 -0.1790 0
1691 -0.1801 0
676 -0.1816 0
1598 -0.1837 0
124 -0.1863 0
388 -0.1868 0
980 -0.1880 0
1524 -0.1895 0
1860 -0.1990 0
1853 -0.2053 0
1029 -0.2053 0
696 -0.2137 0
490 -0.2149 0
1626 -0.2159 0
1289 -0.2216 0
1722 -0.2243 0
545 -0.2251 0
1302 -0.2257 0
1378 -0.2269 0
68 -0.2283 0
518 -0.2331 0
1954 -0.2391 0
1978 -0.2409 0
187 -0.2421 0
1398 -0.2444 0
1574 -0.2553 0
679 -0.2566 0
600 -0.2587 0
1349 -0.2604 0
273 -0.2650 0
395 -0.2654 0
125 -0.2812 0
1679 -0.2855 0
780 -0.2856 0
50 -0.2857 0
1614 -0.2896 0
1501 -0.2955 0
358 -0.2964 0
883 -0.2985 0
81 -0.2994 0
1354 -0.3003 0
1733 -0.3014 0
223 -0.3014 0
1563 -0.3094 0
1666 -0.3094 0
1360 -0.3125 0
1440 -0.3127 0
1321 -0.3133 0
1035 -0.3144 0
989 -0.3190 0
783 -0.3210 0
630 -0.3229 0
1752 -0.3236 0
1924 -0.3282 0
1724 -0.3450 0
542 -0.3458 0
1420 -0.3471 0
402 -0.3478 0
304 -0.3543 0
391 -0.3558 0
393 -0.3594 0
253 -0.3621 0
24 -0.3681 0
1431 -0.3688 0
101 -0.3705 0
92 -0.3710 0
668 -0.3750 0
401 -0.3781 0
652 -0.3782 0
765 -0.3856 0
1382 -0.3863 0
1279 -0.3867 0
607 -0.3891 0
1873 -0.3931 0
486 -0.3937 0
1452 -0.3945 0
153 -0.3964 0
1558 -0.3966 0
1793 -0.4043 0
1949 -0.4046 0
284 -0.4068 0
1569 -0.4083 0
18 -0.4093 0
1795 -0.4096 0
473 -0.4116 0
608 -0.4129 0
904 -0.4150 0
1372 -0.4162 0
1383 -0.4197 0
389 -0.4229 0
1520 -0.4273 0
237 -0.4345 0
1671 -0.4359 0
1456 -0.4362 0
265 -0.4418 0
1327 -0.4431 0
991 -0.4446 0
176 -0.4472 0
739 -0.4504 0
149 -0.4524 0
631 -0.4554 0
71 -0.4574 0
252 -0.4576 0
885 -0.4587 0
544 -0.4604 0
1284 -0.4607 0
1374 -0.4608 0
1581 -0.4622 0
1622 -0.4672 0
1471 -0.4688 0
877 -0.4698 0
0 -0.4732 0
1146 -0.4739 0
598 -0.4753 0
1698 -0.4777 0
1026 -0.4813 0
1487 -0.4866 0
1536 -0.4912 0
1789 -0.4927 0
480 -0.4930 0
435 -0.4958 0
622 -0.4970 0
1778 -0.4995 0
55 -0.5029 0
1630 -0.5039 0
740 -0.5047 0
870 -0.5064 0
1263 -0.5080 0
364 -0.5081 0
1415 -0.5100 0
1947 -0.5113 0
961 -0.5123 0
457 -0.5159 0
1469 -0.5164 0
455 -0.5261 0
1028 -0.5272 0
1434 -0.5274 0
510 -0.5274 0
603 -0.5337 0
1118 -0.5363 0
587 -0.5363 0
1509 -0.5391 0
1316 -0.5391 0
625 -0.5479 0
1013 -0.5500 0
1221 -0.5500 0
1138 -0.5542 0
1220 -0.5548 0
178 -0.5589 0
166 -0.5640 0
987 -0.5683 0
1180 -0.5712 0
1803 -0.5791 0
250 -0.5794 0
672 -0.5818 0
706 -0.5833 0
1844 -0.5851 0
1582 -0.5859 0
249 -0.5978 0
200 -0.5978 0
553 -0.5979 0
748 -0.6026 0
1403 -0.6064 0
750 -0.6066 0
874 -0.6082 0
1989 -0.6090 0
362 -0.6102 0
1780 -0.6116 0
248 -0.6149 0
1933 -0.6154 0
889 -0.6157 0
420 -0.6234 0
1250 -0.6262 0
1672 -0.6263 0
1167 -0.6299 0
293 -0.6318 0
291 -0.6330 0
1493 -0.6357 0
188 -0.6376 0
1400 -0.6458 0
39 -0.6516 0
205 -0.6542 0
966 -0.6549 0
1736 -0.6551 0
970 -0.6583 0
782 -0.6587 0
37 -0.6608 0
1230 -0.6637 0
1482 -0.6652 0
1004 -0.6674 0
1959 -0.6698 0
985 -0.6709 0
463 -0.6767 0
1814 -0.6789 0
693 -0.6806 0
1694 -0.6856 0
513 -0.6892 0
944 -0.6893 0
1015 -0.6898 0
612 -0.6933 0
1537 -0.6947 0
1763 -0.6961 0
1709 -0.6965 0
613 -0.7010 0
974 -0.7049 0
1826 -0.7097 0
1444 -0.7099 0
1427 -0.7121 0
1048 -0.7172 0
1628 -0.7219 0
1629 -0.7222 0
897 -0.7269 0
1376 -0.7314 0
1370 -0.7445 0
1944 -0.7449 0
1442 -0.7461 0
1211 -0.7461 0
112 -0.7465 0
107 -0.7496 0
656 -0.7522 0
1447 -0.7564 0
1303 -0.7592 0
556 -0.7600 0
135 -0.7605 0
224 -0.7619 0
316 -0.7660 0
1641 -0.7714 0
756 -0.7758 0
551 -0.7766 0
1104 -0.7796 0
1670 -0.7841 0
1783 -0.7893 0
1295 -0.7896 0
1011 -0.7905 0
213 -0.7917 0
193 -0.7922 0
1922 -0.7923 0
1466 -0.7969 0
1587 -0.8070 0
206 -0.8136 0
1460 -0.8181 0
1560 -0.8237 0
335 -0.8267 0
1416 -0.8276 0
439 -0.8288 0
1477 -0.8297 0
1855 -0.8311 0
1363 -0.8318 0
1437 -0.8369 0
453 -0.8392 0
1639 -0.8398 0
1497 -0.8404 0
1538 -0.8422 0
1341 -0.8484 0
452 -0.8504 0
1911 -0.8508 0
1443 -0.8543 0
1583 -0.8557 0
570 -0.8585 0
1908 -0.8592 0
392 -0.8619 0
588 -0.8670 0
767 -0.8710 0
1467 -0.8718 0
1680 -0.8727 0
4 -0.8738 0
139 -0.8745 0
1508 -0.8785 0
226 -0.8814 0
1975 -0.8826 0
427 -0.8836 0
743 -0.8838 0
720 -0.8882 0
1047 -0.8890 0
1438 -0.8900 0
768 -0.8930 0
1688 -0.8931 0
285 -0.8971 0
1939 -0.8978 0
709 -0.9071 0
307 -0.9089 0
338 -0.9147 0
437 -0.9168 0
377 -0.9190 0
117 -0.9209 0
1082 -0.9224 0
1539 -0.9275 0
1207 -0.9294 0
1036 -0.9304 0
1492 -0.9384 0
1297 -0.9418 0
1632 -0.9457 0
1255 -0.9510 0
276 -0.9546 0
566 -0.9563 0
660 -0.9588 0
1034 -0.9598 0
1258 -0.9605 0
1000 -0.9651 0
1643 -0.9653 0
1775 -0.9657 0
540 -0.9681 0
1605 -0.9698 0
1621 -0.9722 0
1282 -0.9753 0
1137 -0.9774 0
361 -0.9817 0
988 -0.9881 0
216 -0.9884 0
764 -0.9906 0
1913 -0.9932 0
620 -0.9970 0
467 -1.0001 0
595 -1.0032 0
775 -1.0124 0
1513 -1.0137 0
1633 -1.0141 0
975 -1.0142 0
1240 -1.0188 0
115 -1.0198 0
1603 -1.0202 0
1375 -1.0241 0
177 -1.0372 0
229 -1.0468 0
1446 -1.0562 0
1494 -1.0570 0
1439 -1.0605 0
1627 -1.0619 0
1566 -1.0659 0
174 -1.0664 0
524 -1.0673 0
1693 -1.0727 0
1262 -1.0806 0
387 -1.0830 0
1547 -1.0861 0
434 -1.0882 0
880 -1.0897 0
109 -1.0901 0
1667 -1.0911 0
686 -1.0935 0
1392 -1.0974 0
1768 -1.1032 0
468 -1.1044 0
228 -1.1053 0
1756 -1.1053 0
1463 -1.1115 0
1268 -1.1137 0
682 -1.1140 0
596 -1.1179 0
421 -1.1189 0
1367 -1.1247 0
1527 -1.1251 0
1948 -1.1253 0
1209 -1.1277 0
1523 -1.1320 0
104 -1.1378 0
481 -1.1451 0
1584 -1.1479 0
1514 -1.1555 0
724 -1.1584 0
220 -1.1680 0
654 -1.1700 0
1123 -1.1706 0
324 -1.1739 0
1596 -1.1749 0
378 -1.1797 0
594 -1.1890 0
186 -1.1895 0
180 -1.1919 0
1018 -1.1946 0
873 -1.1967 0
466 -1.1995 0
152 -1.2005 0
1292 -1.2016 0
1346 -1.2073 0
1556 -1.2096 0
306 -1.2101 0
677 -1.2107 0
1929 -1.2414 0
1486 -1.2444 0
266 -1.2458 0
275 -1.2491 0
1764 -1.2569 0
156 -1.2576 0
161 -1.2581 0
1280 -1.2627 0
359 -1.2660 0
1867 -1.2702 0
141 -1.2705 0
154 -1.2774 0
773 -1.2845 0
1635 -1.2870 0
1193 -1.2887 0
1871 -1.2922 0
347 -1.2937 0
1369 -1.2963 0
1829 -1.3029 0
1432 -1.3081 0
475 -1.3086 0
1888 -1.3109 0
192 -1.3112 0
1928 -1.3138 0
1552 -1.3154 0
182 -1.3235 0
1658 -1.3317 0
529 -1.3340 0
1249 -1.3405 0
344 -1.3405 0
341 -1.3420 0
1215 -1.3478 0
1796 -1.3553 0
1323 -1.3588 0
1319 -1.3635 0
399 -1.3668 0
1430 -1.3707 0
1553 -1.3724 0
77 -1.3727 0
1657 -1.3737 0
14 -1.3742 0
1428 -1.3795 0
1407 -1.3830 0
222 -1.3892 0
232 -1.4006 0
1362 -1.4029 0
892 -1.4157 0
1260 -1.4190 0
1391 -1.4287 0
171 -1.4355 0
350 -1.4364 0
397 -1.4368 0
1366 -1.4377 0
194 -1.4401 0
215 -1.4460 0
1692 -1.4467 0
1551 -1.4548 0
1640 -1.4568 0
289 -1.4616 0
955 -1.4633 0
114 -1.4645 0
1269 -1.4663 0
884 -1.4682 0
1119 -1.4693 0
1926 -1.4717 0
167 -1.4737 0
1038 -1.4774 0
1572 -1.4782 0
1884 -1.4835 0
993 -1.4842 0
159 -1.4883 0
852 -1.4894 0
1619 -1.4906 0
723 -1.4911 0
196 -1.4940 0
751 -1.4985 0
1455 -1.4996 0
89 -1.5005 0
1017 -1.5012 0
1615 -1.5028 0
761 -1.5046 0
886 -1.5066 0
1921 -1.5079 0
564 -1.5083 0
1595 -1.5139 0
1669 -1.5360 0
983 -1.5442 0
1660 -1.5491 0
1772 -1.5509 0
1200 -1.5544 0
538 -1.5709 0
1546 -1.5758 0
346 -1.5785 0
1927 -1.5789 0
1077 -1.5794 0
1388 -1.5813 0
1982 -1.5872 0
1248 -1.5893 0
1424 -1.5986 0
1401 -1.6007 0
1417 -1.6042 0
670 -1.6138 0
984 -1.6155 0
1896 -1.6171 0
204 -1.6204 0
1859 -1.6224 0
245 -1.6242 0
1046 -1.6369 0
431 -1.6387 0
1027 -1.6426 0
423 -1.6463 0
1236 -1.6478 0
1132 -1.6478 0
792 -1.6493 0
1498 -1.6510 0
1495 -1.6514 0
1380 -1.6574 0
1023 -1.6587 0
1774 -1.6596 0
385 -1.6598 0
969 -1.6653 0
1662 -1.6676 0
1697 -1.6690 0
647 -1.6696 0
1124 -1.6756 0
662 -1.6758 0
277 -1.6775 0
258 -1.6829 0
381 -1.6878 0
1648 -1.6895 0
1384 -1.6913 0
302 -1.6952 0
1570 -1.6966 0
516 -1.7101 0
1936 -1.7104 0
760 -1.7116 0
1404 -1.7126 0
1394 -1.7128 0
321 -1.7154 0
1261 -1.7252 0
1782 -1.7296 0
165 -1.7350 0
489 -1.7364 0
1600 -1.7385 0
1678 -1.7425 0
1766 -1.7453 0
684 -1.7462 0
1559 -1.7516 0
1689 -1.7519 0
963 -1.7527 0
1759 -1.7568 0
1613 -1.7647 0
1277 -1.7666 0
1543 -1.7674 0
43 -1.7687 0
345 -1.7719 0
1128 -1.7719 0
230 -1.7814 0
860 -1.7817 0
689 -1.7830 0
1377 -1.8011 0
1154 -1.8076 0
1288 -1.8076 0
793 -1.8117 0
1231 -1.8127 0
1900 -1.8227 0
535 -1.8267 0
315 -1.8301 0
1461 -1.8309 0
263 -1.8349 0
1754 -1.8360 0
749 -1.8368 0
332 -1.8475 0
1483 -1.8480 0
1875 -1.8500 0
1364 -1.8506 0
1912 -1.8568 0
1874 -1.8606 0
735 -1.8672 0
1892 -1.8683 0
1390 -1.8726 0
1878 -1.8784 0
272 -1.8804 0
617 -1.8817 0
1779 -1.8822 0
867 -1.8841 0
1317 -1.8851 0
986 -1.8871 0
1122 -1.8874 0
349 -1.8910 0
1134 -1.9003 0
26 -1.9116 0
1687 -1.9131 0
1451 -1.9166 0
454 -1.9278 0
164 -1.9359 0
217 -1.9366 0
320 -1.9390 0
1191 -1.9412 0
1208 -1.9474 0
105 -1.9512 0
1009 -1.9562 0
288 -1.9567 0
602 -1.9652 0
995 -1.9658 0
1589 -1.9740 0
1935 -1.9762 0
1925 -1.9810 0
271 -1.9812 0
214 -1.9840 0
1807 -1.9891 0
555 -1.9900 0
46 -1.9932 0
1409 -1.9940 0
5 -2.0000 0
1915 -2.0014 0
73 -2.0019 0
1607 -2.0023 0
1920 -2.0054 0
675 -2.0108 0
1519 -2.0219 0
244 -2.0330 0
982 -2.0371 0
1412 -2.0401 0
329 -2.0428 0
1342 -2.0429 0
1016 -2.0498 0
1399 -2.0516 0
685 -2.0609 0
251 -2.0794 0
505 -2.0951 0
1448 -2.0955 0
151 -2.0999 0
701 -2.1000 0
1866 -2.1149 0
725 -2.1150 0
1259 -2.1154 0
207 -2.1184 0
1916 -2.1272 0
390 -2.1302 0
1881 -2.1487 0
1435 -2.1495 0
242 -2.1526 0
1411 -2.1529 0
322 -2.1584 0
1946 -2.1634 0
578 -2.1641 0
298 -2.1655 0
1941 -2.1722 0
1634 -2.1727 0
1344 -2.1786 0
40 -2.1813 0
1690 -2.1831 0
48 -2.1908 0
770 -2.1991 0
432 -2.2028 0
140 -2.2051 0
100 -2.2056 0
422 -2.2136 0
977 -2.2228 0
781 -2.2231 0
469 -2.2455 0
1351 -2.2480 0
962 -2.2490 0
1206 -2.2497 0
19 -2.2500 0
330 -2.2529 0
87 -2.2556 0
127 -2.2749 0
160 -2.2762 0
1254 -2.2836 0
1638 -2.2880 0
295 -2.2950 0
1617 -2.2952 0
1039 -2.3006 0
311 -2.3024 0
218 -2.3045 0
1883 -2.3051 0
876 -2.3124 0
967 -2.3165 0
317 -2.3174 0
1025 -2.3239 0
234 -2.3311 0
225 -2.3415 0
1379 -2.3444 0
449 -2.3449 0
1304 -2.3470 0
509 -2.3497 0
1229 -2.3499 0
953 -2.3536 0
169 -2.3544 0
474 -2.3633 0
221 -2.3650 0
898 -2.3657 0
994 -2.3731 0
525 -2.3752 0
1770 -2.3936 0
1264 -2.4003 0
1636 -2.4124 0
1914 -2.4152 0
1117 -2.4229 0
1601 -2.4280 0
957 -2.4423 0
992 -2.4451 0
1535 -2.4466 0
1674 -2.4554 0
1647 -2.4562 0
565 -2.4624 0
754 -2.4694 0
703 -2.4737 0
1904 -2.4977 0
979 -2.4989 0
1590 -2.5001 0
998 -2.5162 0
758 -2.5216 0
1049 -2.5217 0
38 -2.5239 0
69 -2.5255 0
1350 -2.5282 0
240 -2.5415 0
202 -2.5472 0
1610 -2.5505 0
1609 -2.5600 0
981 -2.5714 0
1624 -2.5927 0
960 -2.5945 0
1637 -2.5966 0
1373 -2.6006 0
520 -2.6015 0
379 -2.6144 0
2 -2.6210 0
863 -2.6347 0
1909 -2.6449 0
997 -2.6499 0
694 -2.6546 0
1905 -2.6561 0
1612 -2.6599 0
138 -2.6653 0
1923 -2.6732 0
313 -2.6745 0
118 -2.6760 0
212 -2.6769 0
1504 -2.6896 0
971 -2.6909 0
279 -2.6984 0
3 -2.7012 0
1907 -2.7301 0
1650 -2.7452 0
973 -2.7584 0
958 -2.7682 0
1120 -2.7691 0
1957 -2.7752 0
1594 -2.7842 0
964 -2.7846 0
236 -2.7978 0
201 -2.7996 0
1561 -2.8095 0
968 -2.8147 0
1593 -2.8238 0
643 -2.8270 0
209 -2.8364 0
1675 -2.8365 0
1008 -2.8431 0
1421 -2.8537 0
179 -2.8566 0
1940 -2.8633 0
1125 -2.8689 0
1696 -2.8988 0
458 -2.9111 0
1389 -2.9205 0
1579 -2.9345 0
1992 -2.9547 0
659 -2.9555 0
950 -2.9565 0
1869 -2.9813 0
1386 -2.9938 0
93 -3.0458 0
259 -3.0495 0
878 -3.0522 0
1602 -3.0559 0
1895 -3.0611 0
1381 -3.0677 0
1894 -3.0741 0
297 -3.0783 0
695 -3.0848 0
690 -3.0913 0
1673 -3.1062 0
1086 -3.1079 0
959 -3.1288 0
131 -3.1326 0
1224 -3.1496 0
241 -3.1563 0
954 -3.1596 0
1555 -3.1669 0
1865 -3.1867 0
1876 -3.1951 0
951 -3.2053 0
1219 -3.2062 0
254 -3.2204 0
1934 -3.2226 0
1405 -3.2591 0
270 -3.2864 0
1861 -3.2867 0
1239 -3.3243 0
1502 -3.3263 0
1880 -3.3777 0
1765 -3.3930 0
1238 -3.4029 0
999 -3.4474 0
658 -3.4681 0
326 -3.5259 0
1419 -3.5764 0
1885 -3.5873 0
301 -3.5932 0
1604 -3.6542 0
1644 -3.6685 0
310 -3.6691 0
29 -3.6840 0
650 -3.7557 0
465 -3.8046 0
1244 -3.8250 0
497 -3.8331 0
1449 -3.8448 0
1767 -3.8572 0
1899 -3.8716 0
42 -3.9155 0
978 -3.9233 0
1910 -3.9485 0
106 -3.9884 0
1938 -4.0165 0
1588 -4.0208 0
1684 -4.0375 0
6 -4.0415 0
1441 -4.0752 0
1857 -4.0839 0
868 -4.1126 0
952 -4.1289 0
530 -4.1949 0
1445 -4.2385 0
1882 -4.3486 0
1608 -4.3551 0
12 -4.3565 0
1653 -4.4042 0
1868 -4.4110 0
239 -4.6990 0
1102 -4.8532 0
1359 -4.8882 0
168 -5.1730 0
