884 19.0064 1
874 18.6452 1
862 16.7415 1
856 15.6091 1
1411 15.3437 0
880 15.1778 1
1027 15.1386 0
898 15.1168 1
895 14.9088 1
892 14.8258 1
868 13.9444 1
883 13.3608 1
858 13.2560 1
1003 13.1999 0
871 13.0284 1
889 12.8022 1
1303 12.5897 0
876 12.5831 1
870 12.5472 1
894 12.2867 1
1011 12.1920 0
1279 12.0274 0
1419 11.8428 0
1421 11.6020 0
855 11.5475 1
854 11.5445 1
1300 11.3268 0
864 11.2208 1
866 10.7605 1
1271 10.6073 0
495 10.4816 0
1319 10.3988 0
449 10.3741 0
885 10.3497 1
1253 10.2998 0
878 10.2967 1
886 10.2508 1
1015 10.2210 0
314 10.2159 0
882 10.1689 1
954 10.1360 0
1269 10.0929 0
853 10.0713 1
1141 10.0319 0
1275 9.8012 0
891 9.7573 1
1260 9.7335 0
1251 9.6361 0
1442 9.5559 0
346 9.5469 0
1449 9.0311 0
1229 8.9898 0
875 8.9897 1
869 8.9562 1
872 8.9274 1
890 8.7620 1
867 8.7074 1
1329 8.7059 0
478 8.2947 0
1118 8.2620 0
1167 8.2070 0
1422 8.0493 0
1437 7.9165 0
897 7.9077 1
1255 7.8830 0
1018 7.8358 0
852 7.7805 1
1431 7.7784 0
1261 7.7290 0
1409 7.7121 0
1373 7.6964 0
877 7.6551 1
1365 7.6477 0
1310 7.6159 0
1000 7.5549 0
1289 7.5061 0
1270 7.4897 0
1415 7.4491 0
1277 7.3646 0
1697 7.3451 0
1435 7.2945 0
860 7.1592 1
1217 7.1041 0
1256 7.1012 0
1284 7.0889 0
1316 7.0729 0
887 7.0522 1
752 6.9517 0
1293 6.9062 0
957 6.9005 0
1441 6.8895 0
1445 6.8640 0
1001 6.8572 0
977 6.8442 0
1376 6.8287 0
1304 6.7326 0
796 6.7280 0
787 6.7115 0
879 6.6572 1
771 6.4992 0
873 6.4780 1
1287 6.4718 0
347 6.4358 0
1420 6.3933 0
331 6.3293 0
757 6.2905 0
431 6.2572 0
345 6.1558 0
1391 6.1385 0
763 6.1325 0
888 6.1273 1
850 6.1248 1
1432 6.0809 0
1046 6.0514 0
1265 6.0045 0
1136 5.9395 0
422 5.8877 0
1045 5.8830 0
1028 5.8677 0
975 5.8617 0
1349 5.8597 0
510 5.8478 0
797 5.8467 0
1413 5.8155 0
1283 5.8122 0
1276 5.8077 0
1285 5.7954 0
773 5.7867 0
471 5.7820 0
1272 5.7665 0
1423 5.7643 0
1428 5.7226 0
1295 5.7037 0
1147 5.6834 0
343 5.6768 0
1386 5.6135 0
1414 5.5960 0
1298 5.5763 0
1140 5.5541 0
896 5.5497 1
1443 5.5295 0
865 5.5155 1
1332 5.5038 0
859 5.4996 1
1381 5.4516 0
489 5.4301 0
956 5.4293 0
1193 5.3948 0
319 5.3813 0
1448 5.3666 0
1149 5.3626 0
306 5.3536 0
1299 5.3268 0
1348 5.3085 0
1389 5.2704 0
1294 5.2468 0
1264 5.2315 0
1430 5.2223 0
798 5.2016 0
642 5.1000 0
761 5.0926 0
1031 5.0839 0
1019 5.0674 0
1366 5.0588 0
1429 5.0542 0
1043 5.0412 0
1267 5.0378 0
437 5.0274 0
624 4.9760 0
1263 4.9711 0
1302 4.9595 0
1171 4.9379 0
1363 4.9308 0
1292 4.9149 0
609 4.9022 0
1440 4.8963 0
790 4.8959 0
42 4.8881 0
1296 4.8838 0
1212 4.8454 0
793 4.8291 0
1367 4.8208 0
1309 4.7884 0
768 4.7821 0
455 4.7679 0
43 4.7556 0
604 4.7514 0
165 4.7482 0
469 4.7447 0
538 4.7379 0
967 4.7332 0
341 4.7162 0
1375 4.7062 0
1475 4.6883 0
75 4.6808 0
754 4.6736 0
317 4.6647 0
453 4.6629 0
1101 4.6268 0
1575 4.6014 0
1384 4.5748 0
982 4.5486 0
618 4.5349 0
1407 4.5134 0
1426 4.5058 0
1040 4.4895 0
1371 4.4757 0
857 4.4681 1
1194 4.4635 0
1259 4.4596 0
1417 4.4507 0
794 4.4382 0
1222 4.4371 0
1282 4.4242 0
600 4.4101 0
1322 4.4064 0
1356 4.3716 0
1006 4.3536 0
315 4.3286 0
474 4.3182 0
970 4.3143 0
1273 4.2857 0
881 4.2853 1
1100 4.2851 0
1297 4.2735 0
1500 4.2676 0
537 4.2556 0
1404 4.2545 0
334 4.2487 0
457 4.2090 0
73 4.1795 0
454 4.1309 0
776 4.1303 0
1400 4.1233 0
650 4.1180 0
310 4.1137 0
1025 4.0964 0
479 4.0833 0
413 4.0806 0
1405 4.0743 0
782 4.0590 0
1241 4.0480 0
1333 4.0407 0
1370 4.0312 0
344 4.0141 0
1313 4.0078 0
1236 3.9961 0
769 3.9592 0
539 3.9501 0
94 3.9352 0
784 3.9278 0
737 3.9004 0
350 3.8937 0
501 3.8924 0
1120 3.8715 0
509 3.8667 0
483 3.8641 0
1291 3.8582 0
1346 3.8501 0
1258 3.8418 0
1434 3.8296 0
1017 3.8208 0
328 3.8198 0
481 3.8192 0
764 3.8190 0
1324 3.7809 0
349 3.7780 0
1124 3.7674 0
968 3.7582 0
1691 3.7461 0
995 3.7398 0
385 3.7236 0
527 3.7135 0
1104 3.7123 0
1684 3.7029 0
496 3.6992 0
1676 3.6957 0
487 3.6823 0
337 3.6747 0
1268 3.6736 0
1869 3.6276 0
1438 3.6274 0
770 3.6209 0
1208 3.6117 0
1345 3.5980 0
762 3.5764 0
1383 3.5685 0
1334 3.5414 0
1412 3.5311 0
1235 3.5293 0
627 3.5074 0
533 3.5048 0
36 3.5022 0
1132 3.4813 0
775 3.4709 0
780 3.4361 0
1672 3.4353 0
322 3.4136 0
430 3.3968 0
766 3.3820 0
1483 3.3802 0
507 3.3777 0
1394 3.3731 0
1123 3.3589 0
526 3.3068 0
230 3.2988 0
438 3.2925 0
52 3.2778 0
476 3.2773 0
772 3.2724 0
540 3.2623 0
1392 3.2566 0
58 3.2488 0
543 3.2296 0
168 3.2141 0
649 3.2103 0
419 3.1961 0
971 3.1577 0
997 3.1438 0
1362 3.1420 0
1436 3.1420 0
1042 3.1379 0
1191 3.1375 0
611 3.1172 0
998 3.1169 0
765 3.1044 0
1369 3.1022 0
49 3.0939 0
1387 3.0919 0
987 3.0917 0
1427 3.0736 0
497 3.0722 0
492 3.0642 0
969 3.0600 0
461 3.0596 0
791 3.0547 0
336 3.0519 0
1359 3.0273 0
327 3.0244 0
610 3.0181 0
1280 3.0121 0
1339 3.0112 0
643 2.9943 0
617 2.9751 0
632 2.9673 0
966 2.9649 0
861 2.9635 1
973 2.9526 0
758 2.9435 0
994 2.9433 0
1286 2.9407 0
375 2.9282 0
1466 2.9219 0
523 2.9218 0
12 2.9160 0
1239 2.9128 0
1122 2.9096 0
1224 2.9083 0
783 2.9081 0
397 2.8940 0
637 2.8870 0
299 2.8330 0
1686 2.8274 0
373 2.8180 0
993 2.8075 0
1223 2.8052 0
37 2.7978 0
590 2.7884 0
1401 2.7853 0
575 2.7840 0
959 2.7787 0
805 2.7717 0
767 2.7604 0
781 2.7601 0
1340 2.7460 0
2 2.7355 0
362 2.7219 0
549 2.7189 0
1670 2.7184 0
1009 2.7126 0
1005 2.7095 0
1252 2.7022 0
1953 2.6792 0
1899 2.6752 0
546 2.6691 0
1238 2.6632 0
1068 2.6577 0
1114 2.6560 0
332 2.6553 0
1527 2.6548 0
1439 2.6526 0
1870 2.6404 0
1127 2.6331 0
1047 2.6288 0
320 2.6045 0
1749 2.5991 0
514 2.5931 0
1016 2.5855 0
399 2.5677 0
493 2.5662 0
1242 2.5591 0
835 2.5518 0
799 2.5433 0
751 2.5353 0
1180 2.5079 0
792 2.5034 0
1002 2.4995 0
938 2.4827 0
1262 2.4770 0
647 2.4767 0
325 2.4729 0
1306 2.4714 0
1624 2.4371 0
1064 2.4211 0
321 2.4031 0
1085 2.3986 0
578 2.3967 0
1446 2.3805 0
1662 2.3731 0
1337 2.3599 0
899 2.3459 1
1433 2.3450 0
1317 2.3231 0
371 2.3087 0
1266 2.3000 0
1883 2.2936 0
960 2.2932 0
1677 2.2773 0
1562 2.2747 0
10 2.2719 0
1689 2.2686 0
1049 2.2491 0
79 2.2309 0
378 2.2291 0
355 2.2232 0
1257 2.2045 0
1202 2.1939 0
468 2.1868 0
1368 2.1867 0
1680 2.1849 0
958 2.1718 0
1862 2.1669 0
1020 2.1472 0
502 2.1318 0
247 2.1318 0
1723 2.1276 0
284 2.1267 0
1774 2.1248 0
616 2.1245 0
368 2.1238 0
426 2.1218 0
1209 2.1133 0
1467 2.1044 0
1692 2.1027 0
1331 2.0941 0
338 2.0900 0
1519 2.0773 0
1714 2.0771 0
569 2.0745 0
1112 2.0680 0
312 2.0671 0
786 2.0612 0
774 2.0578 0
439 2.0568 0
365 2.0554 0
1378 2.0517 0
1681 2.0491 0
1851 2.0426 0
978 2.0402 0
520 2.0400 0
1841 2.0382 0
1137 2.0378 0
1007 2.0368 0
1933 2.0166 0
795 2.0116 0
445 2.0090 0
393 2.0027 0
398 1.9846 0
1228 1.9841 0
1133 1.9807 0
418 1.9632 0
690 1.9547 0
1117 1.9477 0
962 1.9432 0
777 1.9331 0
779 1.9221 0
1119 1.9184 0
1364 1.9149 0
1773 1.9065 0
1249 1.9042 0
313 1.9020 0
1290 1.9000 0
1508 1.8902 0
1868 1.8890 0
150 1.8820 0
475 1.8713 0
1029 1.8709 0
6 1.8546 0
1350 1.8431 0
1051 1.8417 0
662 1.8385 0
1674 1.8309 0
1995 1.8223 0
93 1.8166 0
1737 1.8057 0
1693 1.8030 0
1992 1.7976 0
381 1.7938 0
1489 1.7937 0
924 1.7845 0
1354 1.7786 0
466 1.7745 0
1513 1.7710 0
387 1.7584 0
376 1.7553 0
1709 1.7514 0
979 1.7449 0
1187 1.7434 0
1254 1.7399 0
1158 1.7396 0
1447 1.7376 0
112 1.7341 0
1656 1.7259 0
421 1.7257 0
989 1.7254 0
1549 1.7249 0
544 1.7245 0
1087 1.7213 0
933 1.6961 0
305 1.6914 0
473 1.6910 0
23 1.6896 0
1685 1.6864 0
251 1.6645 0
1537 1.6606 0
1039 1.6562 0
1012 1.6561 0
988 1.6501 0
1881 1.6300 0
675 1.6273 0
1038 1.6171 0
1146 1.6105 0
759 1.6095 0
893 1.6055 1
335 1.6051 0
668 1.5923 0
1484 1.5776 0
1673 1.5724 0
813 1.5616 0
844 1.5573 0
1619 1.5529 0
1491 1.5511 0
46 1.5497 0
472 1.5438 0
1854 1.5434 0
1663 1.5371 0
391 1.5344 0
1580 1.5260 0
1244 1.5226 0
1665 1.5198 0
730 1.5095 0
756 1.5078 0
467 1.5038 0
723 1.4956 0
689 1.4955 0
1311 1.4946 0
309 1.4813 0
1637 1.4711 0
491 1.4691 0
1471 1.4633 0
392 1.4535 0
1 1.4526 0
340 1.4498 0
708 1.4495 0
1655 1.4429 0
1403 1.4373 0
289 1.4242 0
486 1.4220 0
814 1.4124 0
351 1.4115 0
788 1.4026 0
14 1.3998 0
324 1.3896 0
1599 1.3814 0
1505 1.3781 0
367 1.3747 0
1374 1.3737 0
348 1.3635 0
521 1.3538 0
709 1.3393 0
1465 1.3377 0
1488 1.3341 0
631 1.3341 0
628 1.3313 0
1185 1.3311 0
395 1.3253 0
1013 1.3242 0
169 1.3174 0
1671 1.3147 0
504 1.3036 0
1335 1.3017 0
638 1.2955 0
1990 1.2896 0
1227 1.2774 0
1201 1.2754 0
1057 1.2700 0
1347 1.2690 0
1179 1.2568 0
15 1.2493 0
380 1.2481 0
1232 1.2444 0
1907 1.2345 0
1190 1.2310 0
1308 1.2223 0
525 1.2195 0
506 1.1964 0
672 1.1947 0
428 1.1920 0
713 1.1910 0
83 1.1883 0
1014 1.1879 0
1107 1.1843 0
1858 1.1837 0
462 1.1809 0
370 1.1772 0
0 1.1741 0
85 1.1513 0
1687 1.1481 0
1494 1.1429 0
1919 1.1369 0
596 1.1289 0
1658 1.1274 0
992 1.1229 0
950 1.1216 0
1382 1.1211 0
1050 1.1178 0
1547 1.1136 0
1033 1.1116 0
1455 1.1092 0
452 1.1034 0
1892 1.0990 0
955 1.0984 0
983 1.0956 0
750 1.0906 0
416 1.0905 0
1695 1.0868 0
274 1.0857 0
838 1.0831 0
500 1.0674 0
829 1.0663 0
1172 1.0588 0
330 1.0443 0
301 1.0412 0
972 1.0319 0
577 1.0262 0
980 1.0222 0
318 1.0198 0
536 1.0169 0
1581 1.0126 0
985 1.0098 0
1250 1.0065 0
1035 1.0012 0
1600 1.0012 0
654 1.0011 0
195 0.9969 0
65 0.9935 0
963 0.9906 0
1330 0.9873 0
1288 0.9871 0
460 0.9849 0
1839 0.9833 0
1318 0.9821 0
848 0.9798 0
961 0.9760 0
1675 0.9751 0
1134 0.9662 0
1377 0.9656 0
105 0.9625 0
389 0.9572 0
753 0.9520 0
48 0.9499 0
1457 0.9460 0
1640 0.9421 0
1720 0.9376 0
1814 0.9368 0
812 0.9167 0
1664 0.8985 0
1472 0.8782 0
1683 0.8699 0
1278 0.8501 0
1653 0.8440 0
644 0.8424 0
81 0.8412 0
1690 0.8378 0
851 0.8363 1
1755 0.8196 0
1659 0.8166 0
800 0.8089 0
1545 0.8065 0
1807 0.8050 0
785 0.8044 0
5 0.8039 0
738 0.7935 0
153 0.7873 0
1418 0.7807 0
53 0.7749 0
1704 0.7663 0
1871 0.7656 0
827 0.7631 0
1388 0.7617 0
1741 0.7583 0
1761 0.7554 0
82 0.7549 0
658 0.7545 0
1528 0.7517 0
641 0.7462 0
1973 0.7390 0
1058 0.7377 0
1570 0.7365 0
1541 0.7339 0
944 0.7327 0
517 0.7318 0
50 0.7296 0
138 0.7278 0
1358 0.7246 0
194 0.7245 0
1174 0.7244 0
1320 0.7243 0
840 0.7217 0
1496 0.7193 0
1211 0.7184 0
1634 0.7135 0
845 0.7112 0
1416 0.7077 0
1230 0.7030 0
1482 0.7015 0
953 0.6924 0
3 0.6917 0
981 0.6893 0
725 0.6827 0
1561 0.6813 0
1551 0.6739 0
119 0.6728 0
1004 0.6700 0
657 0.6692 0
1030 0.6681 0
740 0.6673 0
1203 0.6671 0
916 0.6655 0
1103 0.6586 0
1962 0.6553 0
1485 0.6546 0
1543 0.6508 0
1745 0.6503 0
40 0.6502 0
1540 0.6495 0
676 0.6463 0
484 0.6401 0
825 0.6361 0
1480 0.6343 0
463 0.6286 0
1476 0.6213 0
358 0.6199 0
232 0.6173 0
1522 0.6162 0
1633 0.6154 0
1557 0.6139 0
1461 0.6128 0
1444 0.6086 0
1654 0.6083 0
568 0.6039 0
1994 0.6029 0
602 0.5958 0
1501 0.5873 0
530 0.5817 0
815 0.5782 0
964 0.5751 0
1958 0.5674 0
1162 0.5672 0
974 0.5638 0
1328 0.5623 0
534 0.5572 0
1591 0.5543 0
999 0.5543 0
1750 0.5537 0
1402 0.5444 0
1355 0.5406 0
1733 0.5347 0
1164 0.5345 0
68 0.5323 0
1810 0.5308 0
1458 0.5223 0
518 0.5203 0
1090 0.5198 0
529 0.5034 0
1909 0.4944 0
1512 0.4840 0
1213 0.4807 0
1783 0.4773 0
669 0.4702 0
470 0.4694 0
1661 0.4682 0
1635 0.4550 0
547 0.4532 0
603 0.4530 0
1246 0.4469 0
78 0.4440 0
694 0.4437 0
55 0.4436 0
1008 0.4430 0
1056 0.4299 0
388 0.4216 0
1154 0.4205 0
1207 0.4155 0
553 0.4076 0
1061 0.4064 0
1159 0.4014 0
1218 0.3976 0
458 0.3902 0
846 0.3888 0
97 0.3809 0
515 0.3788 0
1233 0.3737 0
1281 0.3730 0
1372 0.3698 0
1716 0.3677 0
1968 0.3674 0
1988 0.3622 0
224 0.3570 0
29 0.3560 0
1760 0.3547 0
991 0.3541 0
1642 0.3371 0
984 0.3353 0
803 0.3340 0
488 0.3274 0
1558 0.3257 0
253 0.3196 0
1903 0.3087 0
1314 0.2986 0
1804 0.2969 0
1550 0.2899 0
402 0.2847 0
778 0.2812 0
1072 0.2699 0
1248 0.2691 0
1770 0.2653 0
206 0.2644 0
172 0.2562 0
1247 0.2559 0
1777 0.2554 0
545 0.2486 0
268 0.2472 0
1722 0.2469 0
1221 0.2412 0
1573 0.2400 0
1225 0.2371 0
198 0.2287 0
89 0.2204 0
182 0.2184 0
316 0.2157 0
685 0.2068 0
1975 0.2026 0
423 0.2014 0
1764 0.1992 0
1044 0.1967 0
1022 0.1950 0
1703 0.1937 0
159 0.1755 0
1135 0.1721 0
1960 0.1710 0
519 0.1647 0
311 0.1628 0
821 0.1579 0
1590 0.1552 0
1553 0.1551 0
952 0.1525 0
131 0.1487 0
1638 0.1449 0
1410 0.1425 0
414 0.1343 0
16 0.1342 0
1630 0.1333 0
166 0.1331 0
996 0.1287 0
156 0.1271 0
1128 0.1215 0
748 0.1193 0
1535 0.1161 0
1905 0.1146 0
1776 0.1099 0
567 0.1092 0
1150 0.1047 0
1088 0.1022 0
1188 0.0896 0
613 0.0885 0
1406 0.0883 0
1344 0.0812 0
456 0.0769 0
219 0.0709 0
180 0.0649 0
1396 0.0610 0
1231 0.0521 0
374 0.0482 0
1913 0.0470 0
677 0.0408 0
339 0.0390 0
1748 0.0363 0
555 0.0313 0
1219 0.0257 0
673 0.0251 0
1173 0.0249 0
1893 0.0208 0
909 0.0189 0
1826 0.0160 0
372 0.0089 0
700 0.0071 0
221 -0.0001 0
745 -0.0018 0
1808 -0.0021 0
560 -0.0042 0
1170 -0.0049 0
733 -0.0158 0
1588 -0.0162 0
118 -0.0276 0
1099 -0.0324 0
383 -0.0333 0
1605 -0.0362 0
1145 -0.0410 0
921 -0.0426 0
1563 -0.0432 0
408 -0.0449 0
976 -0.0470 0
986 -0.0486 0
513 -0.0487 0
446 -0.0518 0
1129 -0.0552 0
1725 -0.0609 0
1747 -0.0609 0
173 -0.0628 0
1094 -0.0655 0
522 -0.0713 0
267 -0.0720 0
353 -0.0732 0
410 -0.0774 0
33 -0.0824 0
1055 -0.0870 0
280 -0.0889 0
582 -0.0892 0
363 -0.0910 0
1554 -0.0913 0
1639 -0.0914 0
451 -0.0923 0
1838 -0.0930 0
1971 -0.0949 0
323 -0.0990 0
1700 -0.1025 0
1091 -0.1027 0
1460 -0.1028 0
236 -0.1097 0
1781 -0.1199 0
1779 -0.1239 0
820 -0.1272 0
1800 -0.1289 0
1728 -0.1332 0
1216 -0.1336 0
379 -0.1345 0
706 -0.1347 0
386 -0.1399 0
1699 -0.1402 0
1454 -0.1433 0
692 -0.1434 0
811 -0.1471 0
366 -0.1482 0
4 -0.1483 0
1668 -0.1528 0
401 -0.1531 0
1237 -0.1565 0
634 -0.1576 0
361 -0.1627 0
66 -0.1627 0
1979 -0.1665 0
162 -0.1690 0
441 -0.1749 0
1395 -0.1789 0
95 -0.1800 0
1657 -0.1806 0
1245 -0.1838 0
1884 -0.1853 0
1493 -0.1856 0
1385 -0.1890 0
505 -0.1949 0
25 -0.1974 0
181 -0.1988 0
1379 -0.2021 0
369 -0.2077 0
531 -0.2115 0
403 -0.2116 0
1896 -0.2139 0
1859 -0.2227 0
228 -0.2236 0
1744 -0.2248 0
427 -0.2281 0
572 -0.2292 0
664 -0.2296 0
443 -0.2331 0
1095 -0.2413 0
24 -0.2459 0
1585 -0.2459 0
1705 -0.2474 0
1079 -0.2499 0
352 -0.2572 0
1083 -0.2578 0
447 -0.2622 0
1825 -0.2636 0
728 -0.2666 0
1966 -0.2689 0
1243 -0.2772 0
591 -0.2776 0
1323 -0.2826 0
1765 -0.2830 0
1949 -0.2850 0
1518 -0.2872 0
1113 -0.2892 0
1121 -0.2962 0
199 -0.2982 0
863 -0.3006 1
695 -0.3016 0
1707 -0.3041 0
633 -0.3046 0
588 -0.3070 0
1906 -0.3117 0
103 -0.3128 0
1866 -0.3136 0
231 -0.3169 0
1102 -0.3203 0
606 -0.3211 0
660 -0.3284 0
841 -0.3311 0
1991 -0.3376 0
9 -0.3379 0
1106 -0.3392 0
830 -0.3439 0
357 -0.3470 0
377 -0.3478 0
1843 -0.3491 0
1797 -0.3515 0
1569 -0.3553 0
1602 -0.3565 0
565 -0.3652 0
1305 -0.3665 0
477 -0.3683 0
69 -0.3701 0
1163 -0.3732 0
1732 -0.3764 0
640 -0.3880 0
1698 -0.3884 0
133 -0.3976 0
1533 -0.3992 0
712 -0.3992 0
140 -0.4044 0
1520 -0.4052 0
1067 -0.4062 0
1200 -0.4077 0
1478 -0.4107 0
225 -0.4184 0
1220 -0.4206 0
161 -0.4369 0
108 -0.4465 0
1694 -0.4466 0
655 -0.4468 0
1479 -0.4481 0
1552 -0.4504 0
674 -0.4555 0
154 -0.4631 0
1978 -0.4677 0
1923 -0.4679 0
1643 -0.4688 0
1669 -0.4720 0
607 -0.4730 0
1312 -0.4864 0
1054 -0.4889 0
1023 -0.4892 0
364 -0.5020 0
80 -0.5057 0
1327 -0.5072 0
45 -0.5100 0
1981 -0.5102 0
277 -0.5162 0
99 -0.5165 0
703 -0.5181 0
678 -0.5183 0
1234 -0.5257 0
390 -0.5266 0
272 -0.5277 0
1165 -0.5284 0
91 -0.5340 0
564 -0.5445 0
127 -0.5490 0
400 -0.5511 0
1041 -0.5514 0
1176 -0.5542 0
931 -0.5559 0
1738 -0.5584 0
1999 -0.5588 0
1326 -0.5589 0
1970 -0.5612 0
1932 -0.5670 0
1380 -0.5825 0
1679 -0.5858 0
836 -0.5878 0
186 -0.5879 0
1352 -0.5901 0
1495 -0.5943 0
1351 -0.5974 0
1341 -0.5991 0
1609 -0.6060 0
1724 -0.6076 0
178 -0.6185 0
292 -0.6206 0
1763 -0.6310 0
167 -0.6311 0
1559 -0.6326 0
802 -0.6367 0
1451 -0.6373 0
245 -0.6401 0
1307 -0.6404 0
241 -0.6428 0
1393 -0.6432 0
1456 -0.6438 0
1877 -0.6462 0
1647 -0.6543 0
1498 -0.6550 0
1789 -0.6606 0
227 -0.6610 0
1586 -0.6695 0
1325 -0.6734 0
1865 -0.6737 0
1131 -0.6788 0
1719 -0.6811 0
190 -0.6843 0
424 -0.6850 0
1731 -0.6858 0
1116 -0.6944 0
1942 -0.6946 0
1948 -0.7056 0
843 -0.7093 0
356 -0.7103 0
342 -0.7136 0
1852 -0.7165 0
11 -0.7181 0
1544 -0.7187 0
485 -0.7206 0
573 -0.7218 0
566 -0.7299 0
1849 -0.7340 0
1574 -0.7388 0
1767 -0.7426 0
612 -0.7443 0
1688 -0.7507 0
1452 -0.7507 0
1734 -0.7552 0
163 -0.7566 0
1469 -0.7600 0
584 -0.7612 0
1151 -0.7631 0
554 -0.7710 0
38 -0.7741 0
1867 -0.7766 0
1977 -0.7788 0
592 -0.7850 0
1215 -0.7857 0
293 -0.7858 0
1794 -0.7873 0
1548 -0.7877 0
1592 -0.7898 0
741 -0.7932 0
1108 -0.7999 0
74 -0.8043 0
535 -0.8062 0
1620 -0.8068 0
184 -0.8070 0
652 -0.8074 0
1771 -0.8077 0
1875 -0.8147 0
849 -0.8158 0
541 -0.8173 0
646 -0.8214 0
1338 -0.8335 0
1983 -0.8347 0
185 -0.8358 0
1844 -0.8364 0
67 -0.8370 0
621 -0.8372 0
1086 -0.8394 0
27 -0.8402 0
923 -0.8403 0
41 -0.8471 0
60 -0.8471 0
1935 -0.8514 0
187 -0.8516 0
192 -0.8593 0
415 -0.8617 0
1743 -0.8904 0
1607 -0.8939 0
129 -0.8946 0
1321 -0.9000 0
1459 -0.9008 0
926 -0.9047 0
1584 -0.9054 0
574 -0.9056 0
965 -0.9071 0
990 -0.9073 0
120 -0.9128 0
1274 -0.9142 0
1470 -0.9168 0
816 -0.9187 0
1888 -0.9240 0
1514 -0.9269 0
1921 -0.9291 0
260 -0.9381 0
1126 -0.9407 0
1546 -0.9429 0
1827 -0.9455 0
1969 -0.9476 0
417 -0.9483 0
619 -0.9502 0
681 -0.9518 0
1857 -0.9611 0
736 -0.9677 0
222 -0.9681 0
1660 -0.9707 0
1178 -0.9727 0
1775 -0.9739 0
151 -0.9823 0
579 -0.9840 0
749 -0.9847 0
1492 -0.9857 0
651 -0.9880 0
1944 -0.9886 0
934 -0.9891 0
1727 -0.9982 0
1729 -1.0028 0
929 -1.0048 0
639 -1.0089 0
834 -1.0090 0
1115 -1.0115 0
904 -1.0132 0
1032 -1.0185 0
1621 -1.0190 0
1706 -1.0193 0
490 -1.0200 0
300 -1.0210 0
943 -1.0228 0
614 -1.0255 0
1889 -1.0264 0
1481 -1.0292 0
1010 -1.0335 0
286 -1.0356 0
905 -1.0359 0
1798 -1.0386 0
1631 -1.0405 0
1503 -1.0451 0
710 -1.0461 0
1696 -1.0499 0
1717 -1.0626 0
837 -1.0649 0
229 -1.0660 0
1872 -1.0677 0
157 -1.0701 0
308 -1.0719 0
1594 -1.0739 0
734 -1.0744 0
436 -1.0816 0
101 -1.0856 0
384 -1.0878 0
915 -1.0889 0
1840 -1.0904 0
1987 -1.0960 0
1925 -1.0969 0
1846 -1.0970 0
550 -1.0980 0
1037 -1.1000 0
907 -1.1103 0
583 -1.1194 0
1993 -1.1227 0
755 -1.1240 0
1754 -1.1252 0
1954 -1.1280 0
930 -1.1312 0
847 -1.1320 0
630 -1.1380 0
1157 -1.1391 0
220 -1.1398 0
1799 -1.1428 0
1070 -1.1474 0
146 -1.1480 0
354 -1.1567 0
1450 -1.1584 0
1608 -1.1587 0
1648 -1.1591 0
1873 -1.1616 0
434 -1.1617 0
261 -1.1667 0
1910 -1.1675 0
831 -1.1707 0
1138 -1.1751 0
729 -1.1759 0
548 -1.1828 0
1463 -1.1853 0
396 -1.1900 0
271 -1.1920 0
1597 -1.1941 0
1183 -1.1981 0
329 -1.2054 0
128 -1.2071 0
31 -1.2085 0
124 -1.2089 0
256 -1.2117 0
1477 -1.2119 0
1984 -1.2151 0
697 -1.2152 0
512 -1.2167 0
1836 -1.2183 0
910 -1.2200 0
1567 -1.2246 0
333 -1.2262 0
420 -1.2275 0
1595 -1.2291 0
731 -1.2314 0
683 -1.2383 0
1816 -1.2413 0
211 -1.2433 0
255 -1.2440 0
359 -1.2511 0
440 -1.2515 0
1125 -1.2531 0
1837 -1.2548 0
1769 -1.2560 0
1390 -1.2587 0
1612 -1.2637 0
1702 -1.2647 0
26 -1.2670 0
1914 -1.2688 0
1204 -1.2728 0
1342 -1.2748 0
464 -1.2773 0
1205 -1.2815 0
203 -1.2833 0
823 -1.2867 0
503 -1.2881 0
1667 -1.2935 0
1861 -1.2972 0
1425 -1.2985 0
1780 -1.3024 0
605 -1.3031 0
1226 -1.3039 0
1855 -1.3051 0
1615 -1.3094 0
201 -1.3099 0
719 -1.3140 0
1601 -1.3199 0
1036 -1.3234 0
691 -1.3253 0
404 -1.3254 0
922 -1.3277 0
1985 -1.3285 0
188 -1.3302 0
1678 -1.3365 0
1240 -1.3390 0
704 -1.3419 0
1811 -1.3419 0
242 -1.3508 0
1062 -1.3546 0
1974 -1.3571 0
412 -1.3628 0
1060 -1.3630 0
1856 -1.3634 0
202 -1.3665 0
183 -1.3667 0
1089 -1.3675 0
1652 -1.3691 0
742 -1.3707 0
200 -1.3711 0
817 -1.3713 0
1098 -1.3714 0
106 -1.3735 0
945 -1.3761 0
1809 -1.3838 0
1842 -1.3859 0
735 -1.3968 0
39 -1.3973 0
170 -1.4035 0
1961 -1.4056 0
809 -1.4092 0
511 -1.4101 0
1111 -1.4119 0
1967 -1.4142 0
276 -1.4162 0
1980 -1.4221 0
908 -1.4339 0
1075 -1.4369 0
1614 -1.4376 0
20 -1.4398 0
394 -1.4471 0
433 -1.4572 0
1499 -1.4597 0
1468 -1.4600 0
96 -1.4605 0
1806 -1.4630 0
1502 -1.4648 0
679 -1.4661 0
1986 -1.4672 0
19 -1.4683 0
653 -1.4695 0
671 -1.4700 0
30 -1.4704 0
1715 -1.4742 0
34 -1.4748 0
1168 -1.4799 0
189 -1.4816 0
77 -1.4866 0
1397 -1.4898 0
1726 -1.4901 0
801 -1.4906 0
1093 -1.4930 0
139 -1.4940 0
54 -1.4992 0
1701 -1.5031 0
1153 -1.5043 0
270 -1.5047 0
1474 -1.5068 0
121 -1.5150 0
498 -1.5158 0
1790 -1.5183 0
1589 -1.5221 0
1336 -1.5244 0
1931 -1.5274 0
1778 -1.5293 0
480 -1.5374 0
1593 -1.5387 0
1486 -1.5398 0
663 -1.5460 0
1721 -1.5470 0
1650 -1.5530 0
1835 -1.5537 0
1587 -1.5555 0
196 -1.5556 0
152 -1.5559 0
1900 -1.5578 0
1941 -1.5581 0
84 -1.5653 0
636 -1.5667 0
1065 -1.5670 0
179 -1.5682 0
1473 -1.5743 0
659 -1.5789 0
832 -1.5804 0
1538 -1.5810 0
212 -1.5835 0
1530 -1.5850 0
1736 -1.5894 0
1069 -1.6008 0
937 -1.6041 0
259 -1.6187 0
705 -1.6201 0
1739 -1.6202 0
307 -1.6245 0
237 -1.6260 0
1824 -1.6272 0
680 -1.6300 0
1524 -1.6331 0
810 -1.6397 0
629 -1.6422 0
808 -1.6437 0
1636 -1.6496 0
1155 -1.6537 0
1957 -1.6575 0
18 -1.6595 0
234 -1.6613 0
524 -1.6635 0
648 -1.6758 0
1831 -1.6802 0
1034 -1.6822 0
1644 -1.6874 0
249 -1.6910 0
47 -1.6926 0
425 -1.6933 0
699 -1.6945 0
623 -1.7050 0
914 -1.7064 0
1916 -1.7088 0
601 -1.7107 0
1142 -1.7120 0
625 -1.7172 0
1084 -1.7228 0
746 -1.7282 0
144 -1.7286 0
1964 -1.7320 0
104 -1.7328 0
233 -1.7362 0
1398 -1.7366 0
1651 -1.7418 0
175 -1.7430 0
932 -1.7559 0
1959 -1.7565 0
1206 -1.7609 0
688 -1.7624 0
1963 -1.7631 0
1801 -1.7710 0
302 -1.7725 0
1523 -1.7739 0
1175 -1.7761 0
279 -1.7816 0
1955 -1.7829 0
528 -1.7872 0
382 -1.7918 0
7 -1.7942 0
22 -1.7946 0
1343 -1.8006 0
116 -1.8056 0
760 -1.8065 0
822 -1.8111 0
1746 -1.8199 0
90 -1.8231 0
1885 -1.8275 0
615 -1.8276 0
1946 -1.8289 0
1529 -1.8301 0
98 -1.8306 0
134 -1.8337 0
56 -1.8396 0
1740 -1.8405 0
1509 -1.8430 0
585 -1.8448 0
32 -1.8456 0
1606 -1.8473 0
826 -1.8477 0
839 -1.8495 0
435 -1.8512 0
204 -1.8556 0
61 -1.8631 0
1603 -1.8636 0
1511 -1.8691 0
701 -1.8736 0
1682 -1.8846 0
1641 -1.8881 0
1497 -1.8882 0
1490 -1.8899 0
1813 -1.8948 0
1053 -1.9018 0
1787 -1.9105 0
171 -1.9121 0
13 -1.9132 0
1757 -1.9170 0
1617 -1.9196 0
1618 -1.9219 0
1565 -1.9234 0
1026 -1.9234 0
1080 -1.9240 0
1782 -1.9250 0
721 -1.9250 0
76 -1.9277 0
1730 -1.9304 0
174 -1.9378 0
724 -1.9485 0
635 -1.9623 0
17 -1.9635 0
1920 -1.9637 0
1922 -1.9691 0
1926 -1.9691 0
598 -1.9753 0
1718 -1.9777 0
1952 -1.9818 0
432 -1.9898 0
265 -1.9939 0
145 -1.9984 0
1989 -2.0001 0
1539 -2.0037 0
1315 -2.0140 0
1818 -2.0155 0
1817 -2.0158 0
620 -2.0229 0
193 -2.0278 0
1998 -2.0297 0
1936 -2.0309 0
581 -2.0365 0
1568 -2.0428 0
1882 -2.0518 0
946 -2.0538 0
1956 -2.0569 0
64 -2.0596 0
1930 -2.0600 0
100 -2.0608 0
1525 -2.0635 0
294 -2.0671 0
1357 -2.0682 0
303 -2.0701 0
59 -2.0703 0
1464 -2.0715 0
1886 -2.0753 0
248 -2.0757 0
1908 -2.0763 0
111 -2.0778 0
1646 -2.0800 0
1487 -2.0808 0
576 -2.0864 0
155 -2.0897 0
1666 -2.0924 0
1521 -2.0940 0
1708 -2.1025 0
599 -2.1040 0
542 -2.1106 0
1645 -2.1149 0
1613 -2.1184 0
1566 -2.1184 0
1152 -2.1198 0
720 -2.1203 0
1812 -2.1217 0
1105 -2.1228 0
218 -2.1237 0
407 -2.1287 0
1912 -2.1360 0
459 -2.1496 0
1965 -2.1583 0
1649 -2.1589 0
35 -2.1596 0
51 -2.1691 0
406 -2.1753 0
1874 -2.1753 0
1453 -2.1881 0
1623 -2.1901 0
1110 -2.1907 0
789 -2.2023 0
824 -2.2031 0
1785 -2.2072 0
1596 -2.2086 0
1166 -2.2088 0
1772 -2.2159 0
360 -2.2195 0
44 -2.2264 0
722 -2.2299 0
570 -2.2307 0
1828 -2.2371 0
1066 -2.2429 0
951 -2.2479 0
1822 -2.2666 0
1802 -2.2777 0
208 -2.2784 0
1820 -2.2810 0
1821 -2.2835 0
143 -2.2955 0
240 -2.2964 0
1576 -2.2968 0
1876 -2.2985 0
1950 -2.3034 0
1424 -2.3056 0
1555 -2.3064 0
304 -2.3080 0
1531 -2.3086 0
594 -2.3086 0
1710 -2.3174 0
714 -2.3174 0
1805 -2.3210 0
442 -2.3265 0
1819 -2.3453 0
1048 -2.3467 0
1610 -2.3469 0
696 -2.3493 0
739 -2.3538 0
1181 -2.3578 0
1210 -2.3615 0
1972 -2.3637 0
561 -2.3675 0
1144 -2.3685 0
693 -2.3964 0
448 -2.3999 0
1532 -2.4013 0
1579 -2.4025 0
1611 -2.4032 0
1860 -2.4048 0
559 -2.4078 0
1192 -2.4115 0
214 -2.4125 0
160 -2.4163 0
86 -2.4168 0
842 -2.4257 0
1189 -2.4325 0
1924 -2.4421 0
28 -2.4463 0
1462 -2.4480 0
1507 -2.4539 0
1578 -2.4668 0
326 -2.4668 0
1713 -2.4674 0
1536 -2.4698 0
556 -2.4712 0
1786 -2.4727 0
1408 -2.4750 0
176 -2.4756 0
1845 -2.4854 0
1096 -2.4861 0
903 -2.4964 0
1139 -2.5003 0
1927 -2.5016 0
1076 -2.5022 0
597 -2.5094 0
716 -2.5095 0
1904 -2.5114 0
238 -2.5132 0
1898 -2.5145 0
1632 -2.5164 0
1361 -2.5225 0
465 -2.5375 0
126 -2.5411 0
626 -2.5438 0
1504 -2.5541 0
57 -2.5560 0
608 -2.5577 0
87 -2.5632 0
70 -2.5660 0
1074 -2.5683 0
298 -2.5696 0
1629 -2.5776 0
444 -2.5880 0
1186 -2.5895 0
1399 -2.5951 0
1788 -2.5960 0
942 -2.6060 0
1951 -2.6109 0
122 -2.6141 0
1864 -2.6175 0
191 -2.6192 0
807 -2.6313 0
1598 -2.6315 0
718 -2.6362 0
258 -2.6383 0
702 -2.6454 0
164 -2.6489 0
532 -2.6499 0
132 -2.6575 0
927 -2.6587 0
21 -2.6634 0
450 -2.6655 0
818 -2.6666 0
213 -2.6719 0
1976 -2.6867 0
1937 -2.6906 0
409 -2.6950 0
1823 -2.7013 0
158 -2.7043 0
707 -2.7144 0
1829 -2.7175 0
665 -2.7181 0
102 -2.7229 0
1097 -2.7265 0
1997 -2.7350 0
1853 -2.7369 0
1625 -2.7370 0
110 -2.7424 0
1506 -2.7468 0
1353 -2.7540 0
244 -2.7652 0
684 -2.7661 0
109 -2.7681 0
1830 -2.7756 0
107 -2.7789 0
1577 -2.7812 0
72 -2.7816 0
1360 -2.7923 0
217 -2.7961 0
8 -2.8030 0
732 -2.8234 0
1059 -2.8267 0
1796 -2.8343 0
136 -2.8406 0
1880 -2.8432 0
1616 -2.8453 0
1572 -2.8460 0
142 -2.8533 0
1792 -2.8667 0
282 -2.8729 0
269 -2.8893 0
925 -2.8903 0
1795 -2.9070 0
1092 -2.9086 0
1604 -2.9123 0
806 -2.9132 0
661 -2.9140 0
149 -2.9210 0
1214 -2.9273 0
278 -2.9282 0
257 -2.9301 0
291 -2.9444 0
1911 -2.9469 0
197 -2.9470 0
1130 -2.9636 0
1024 -2.9637 0
1879 -2.9668 0
1762 -2.9681 0
666 -2.9707 0
686 -2.9718 0
1982 -2.9850 0
1582 -2.9954 0
726 -3.0025 0
1583 -3.0100 0
656 -3.0227 0
239 -3.0281 0
1021 -3.0434 0
551 -3.0443 0
288 -3.0505 0
1198 -3.0509 0
1742 -3.0530 0
928 -3.0584 0
940 -3.0659 0
715 -3.0846 0
622 -3.0869 0
717 -3.0900 0
1890 -3.0954 0
727 -3.0978 0
667 -3.1157 0
429 -3.1191 0
900 -3.1291 0
1628 -3.1308 0
1052 -3.1355 0
1895 -3.1414 0
210 -3.1445 0
571 -3.1567 0
1891 -3.1655 0
508 -3.1659 0
947 -3.1704 0
1077 -3.1911 0
290 -3.1943 0
902 -3.1976 0
1510 -3.2004 0
906 -3.2033 0
266 -3.2291 0
1564 -3.2380 0
148 -3.2428 0
92 -3.2471 0
1878 -3.2475 0
1756 -3.2486 0
552 -3.2562 0
1073 -3.2656 0
1109 -3.2746 0
670 -3.2747 0
1081 -3.2749 0
287 -3.2774 0
295 -3.2882 0
747 -3.2923 0
1063 -3.2923 0
1143 -3.3032 0
264 -3.3036 0
216 -3.3162 0
1832 -3.3234 0
235 -3.3239 0
1934 -3.3247 0
273 -3.3294 0
1534 -3.3296 0
1622 -3.3470 0
71 -3.3497 0
1915 -3.3552 0
743 -3.3665 0
1626 -3.3665 0
63 -3.3698 0
949 -3.3792 0
226 -3.3818 0
296 -3.3818 0
819 -3.3922 0
482 -3.4052 0
918 -3.4112 0
711 -3.4177 0
209 -3.4296 0
935 -3.4392 0
1571 -3.4411 0
1943 -3.4412 0
1929 -3.4509 0
1759 -3.4516 0
1996 -3.4555 0
595 -3.4559 0
1711 -3.4580 0
645 -3.4590 0
115 -3.4621 0
123 -3.4734 0
281 -3.4756 0
1526 -3.4765 0
1148 -3.4780 0
1515 -3.4842 0
911 -3.4907 0
1161 -3.4910 0
1847 -3.4965 0
1516 -3.5042 0
1156 -3.5086 0
917 -3.5174 0
262 -3.5260 0
215 -3.5304 0
117 -3.5351 0
586 -3.5357 0
1712 -3.5511 0
1752 -3.5598 0
223 -3.5613 0
562 -3.5613 0
243 -3.5652 0
62 -3.5873 0
1803 -3.6162 0
1542 -3.6200 0
411 -3.6406 0
1560 -3.6426 0
88 -3.6427 0
516 -3.6602 0
1182 -3.6729 0
744 -3.6754 0
833 -3.6761 0
1894 -3.6762 0
275 -3.6779 0
698 -3.6874 0
499 -3.6925 0
948 -3.7017 0
141 -3.7144 0
1901 -3.7147 0
1199 -3.7214 0
804 -3.7405 0
1195 -3.7458 0
1834 -3.7562 0
1169 -3.7625 0
1196 -3.7665 0
285 -3.8077 0
557 -3.8236 0
912 -3.8245 0
1815 -3.8549 0
920 -3.8724 0
1301 -3.8857 0
1627 -3.8965 0
1768 -3.9050 0
1184 -3.9173 0
405 -3.9189 0
682 -3.9256 0
1917 -3.9307 0
1791 -3.9480 0
1766 -3.9492 0
687 -3.9550 0
589 -3.9571 0
1887 -3.9659 0
207 -3.9704 0
1556 -3.9744 0
1071 -4.0007 0
580 -4.0172 0
1197 -4.0465 0
1850 -4.0588 0
1082 -4.1038 0
1078 -4.1099 0
135 -4.1142 0
283 -4.1212 0
263 -4.1639 0
941 -4.1851 0
252 -4.2063 0
901 -4.2821 0
297 -4.3090 0
558 -4.3298 0
1753 -4.3453 0
177 -4.3784 0
1947 -4.4168 0
1863 -4.4233 0
593 -4.4820 0
919 -4.4925 0
1177 -4.4987 0
130 -4.4991 0
1517 -4.5037 0
1928 -4.5042 0
1160 -4.5905 0
1918 -4.6933 0
563 -4.7004 0
1848 -4.7112 0
587 -4.7211 0
113 -4.7463 0
254 -4.7516 0
125 -4.7528 0
250 -4.7896 0
1751 -4.8563 0
936 -4.8698 0
1784 -4.9174 0
1939 -4.9627 0
137 -5.0021 0
1833 -5.0340 0
828 -5.0395 0
1902 -5.0747 0
939 -5.1219 0
494 -5.1415 0
1735 -5.2366 0
246 -5.2489 0
1945 -5.3076 0
147 -5.3572 0
205 -5.4056 0
1793 -5.5484 0
1940 -5.5539 0
1938 -5.7813 0
913 -6.3562 0
1758 -6.3773 0
114 -6.5542 0
1897 -6.6044 0
