911 29.4274 1
901 27.5276 1
920 27.4536 1
918 23.2424 1
944 21.8283 1
949 20.8330 1
943 20.5712 1
906 20.3565 1
935 19.7053 1
909 19.5949 1
939 19.1166 1
907 19.0401 1
919 19.0207 1
902 18.3681 1
908 18.2076 1
917 17.5600 1
905 17.3374 1
912 16.9870 1
946 16.8482 1
942 16.6916 1
903 16.3123 1
933 16.0876 1
925 16.0474 1
936 15.9626 1
931 15.0702 1
900 14.7771 1
913 14.6729 1
915 14.4484 1
922 13.8763 1
937 13.4465 1
927 13.4078 1
948 13.3340 1
910 12.9385 1
947 12.9009 1
923 12.7795 1
928 12.6081 1
914 12.2074 1
921 11.8893 1
825 11.6215 0
926 10.4544 1
941 10.4167 1
932 10.2322 1
904 9.3320 1
940 8.8787 1
821 8.8703 0
576 8.8042 0
226 8.8018 0
845 8.7965 0
916 8.7776 1
448 8.4821 0
808 8.0124 0
930 8.0116 1
438 7.9088 0
557 7.8305 0
428 7.6104 0
806 7.5746 0
595 7.5484 0
849 7.4034 0
1073 7.3993 0
1201 7.2621 0
682 6.9811 0
587 6.8355 0
583 6.8282 0
740 6.3397 0
834 6.3306 0
1232 6.3278 0
734 6.3155 0
846 6.3152 0
683 6.3072 0
841 6.2824 0
882 6.2691 0
1532 6.2185 0
1226 6.2087 0
790 6.2072 0
565 6.1948 0
550 6.1904 0
460 6.1838 0
819 6.1806 0
1311 6.0632 0
938 5.9833 1
440 5.9814 0
1700 5.9026 0
1739 5.9010 0
1006 5.8764 0
432 5.7755 0
516 5.7594 0
421 5.7430 0
551 5.7370 0
1075 5.6230 0
412 5.5417 0
764 5.5359 0
147 5.5178 0
810 5.4544 0
416 5.4334 0
711 5.4150 0
945 5.3975 1
1254 5.2544 0
498 5.2403 0
594 5.1659 0
444 4.9558 0
1895 4.9522 0
1225 4.9462 0
1327 4.8978 0
1852 4.8936 0
423 4.8766 0
1907 4.8690 0
1548 4.8101 0
811 4.8005 0
745 4.7716 0
1409 4.7558 0
720 4.7429 0
1089 4.7367 0
1864 4.7334 0
791 4.7156 0
1084 4.7137 0
929 4.6904 1
1067 4.6876 0
1330 4.6828 0
1054 4.6783 0
847 4.6526 0
383 4.5998 0
17 4.5995 0
1408 4.5843 0
1078 4.5417 0
1093 4.5038 0
545 4.4832 0
1957 4.4527 0
857 4.4425 0
1429 4.4375 0
454 4.4233 0
990 4.3854 0
817 4.3625 0
1076 4.3579 0
722 4.3429 0
478 4.3286 0
924 4.3107 1
1031 4.3020 0
762 4.2926 0
477 4.2840 0
266 4.2671 0
409 4.2634 0
1878 4.2372 0
66 4.2016 0
705 4.1915 0
436 4.1842 0
354 4.1571 0
125 4.1535 0
597 4.1488 0
826 4.0912 0
1897 4.0762 0
426 4.0678 0
579 4.0465 0
430 4.0208 0
1860 4.0090 0
422 3.9910 0
410 3.9862 0
710 3.9796 0
1245 3.9781 0
665 3.9421 0
569 3.9403 0
813 3.9167 0
769 3.8549 0
1217 3.8522 0
302 3.8464 0
708 3.8282 0
413 3.7623 0
532 3.7132 0
896 3.7011 0
804 3.6918 0
337 3.6766 0
661 3.6360 0
327 3.6272 0
684 3.6173 0
869 3.6044 0
871 3.5739 0
1511 3.5683 0
481 3.5680 0
713 3.5583 0
572 3.5327 0
434 3.5287 0
304 3.5263 0
714 3.4980 0
1413 3.4724 0
844 3.4629 0
591 3.4576 0
1585 3.4445 0
1227 3.4326 0
842 3.4293 0
1256 3.4207 0
1109 3.4134 0
1097 3.4053 0
564 3.3990 0
1329 3.3969 0
765 3.3891 0
1402 3.3849 0
418 3.3841 0
831 3.3809 0
801 3.3776 0
1077 3.3629 0
1059 3.2956 0
743 3.2753 0
859 3.2647 0
1941 3.2595 0
729 3.2547 0
363 3.2467 0
566 3.2354 0
934 3.2205 1
1887 3.2195 0
114 3.2124 0
316 3.2014 0
1171 3.1845 0
674 3.1803 0
709 3.1788 0
1478 3.1663 0
1930 3.1486 0
445 3.1348 0
1564 3.1205 0
1716 3.1141 0
1546 3.1123 0
1058 3.1114 0
1906 3.0759 0
1247 3.0716 0
803 3.0669 0
688 3.0627 0
690 3.0559 0
1098 3.0469 0
323 3.0416 0
277 3.0354 0
1717 3.0267 0
1433 3.0174 0
776 2.9941 0
816 2.9898 0
563 2.9718 0
411 2.9671 0
1713 2.9580 0
439 2.9546 0
485 2.9428 0
553 2.9350 0
1240 2.9051 0
1184 2.8982 0
401 2.8838 0
590 2.8832 0
1728 2.8775 0
521 2.8585 0
533 2.8484 0
738 2.8478 0
1205 2.8361 0
814 2.8293 0
1538 2.8107 0
1718 2.8003 0
818 2.7895 0
986 2.7894 0
771 2.7793 0
721 2.7695 0
1094 2.7685 0
697 2.7675 0
874 2.7436 0
1026 2.7344 0
1297 2.7125 0
1874 2.6944 0
728 2.6929 0
1212 2.6913 0
49 2.6903 0
435 2.6801 0
1032 2.6592 0
815 2.6552 0
1707 2.6526 0
494 2.6501 0
425 2.6340 0
130 2.6298 0
1741 2.6297 0
824 2.6144 0
1208 2.6106 0
1870 2.6099 0
1687 2.5985 0
480 2.5853 0
735 2.5760 0
654 2.5743 0
736 2.5678 0
786 2.5664 0
456 2.5650 0
702 2.5607 0
1426 2.5463 0
427 2.5444 0
700 2.5380 0
779 2.5308 0
1022 2.5085 0
599 2.5076 0
570 2.4969 0
484 2.4830 0
757 2.4813 0
1116 2.4799 0
741 2.4768 0
492 2.4724 0
1343 2.4724 0
966 2.4688 0
400 2.4644 0
1438 2.4566 0
593 2.4528 0
782 2.4482 0
1536 2.4473 0
584 2.4471 0
296 2.4465 0
195 2.4207 0
1704 2.4090 0
284 2.3935 0
496 2.3914 0
1875 2.3884 0
1406 2.3801 0
200 2.3775 0
802 2.3739 0
14 2.3678 0
1268 2.3667 0
1083 2.3611 0
1516 2.3554 0
712 2.3491 0
1667 2.3425 0
1541 2.3400 0
670 2.3399 0
330 2.3389 0
820 2.3358 0
1244 2.3333 0
1096 2.3146 0
1424 2.3146 0
1393 2.3107 0
366 2.3101 0
1105 2.3075 0
67 2.2968 0
531 2.2891 0
353 2.2762 0
1652 2.2621 0
301 2.2557 0
775 2.2392 0
1681 2.2345 0
828 2.2261 0
554 2.2130 0
1884 2.2093 0
696 2.1996 0
787 2.1868 0
503 2.1813 0
431 2.1676 0
1436 2.1645 0
109 2.1640 0
865 2.1569 0
1100 2.1495 0
1784 2.1421 0
1850 2.1342 0
706 2.1244 0
1521 2.1171 0
1300 2.1052 0
733 2.0950 0
680 2.0877 0
1082 2.0821 0
495 2.0816 0
749 2.0731 0
692 2.0660 0
781 2.0638 0
1880 2.0637 0
648 2.0536 0
1154 2.0493 0
577 2.0436 0
1649 2.0408 0
1053 2.0307 0
1501 2.0042 0
419 1.9995 0
641 1.9983 0
571 1.9971 0
627 1.9930 0
172 1.9902 0
848 1.9890 0
199 1.9640 0
653 1.9547 0
223 1.9512 0
1723 1.9475 0
1661 1.9450 0
1315 1.9404 0
499 1.9396 0
1087 1.9307 0
493 1.9231 0
429 1.9208 0
1863 1.9156 0
1099 1.9109 0
407 1.9095 0
369 1.9086 0
360 1.9080 0
732 1.8992 0
799 1.8954 0
699 1.8950 0
660 1.8849 0
1734 1.8812 0
4 1.8788 0
556 1.8760 0
1696 1.8691 0
1052 1.8643 0
1879 1.8580 0
1179 1.8545 0
1708 1.8519 0
537 1.8465 0
403 1.8445 0
433 1.8405 0
473 1.8396 0
1092 1.8334 0
7 1.8296 0
552 1.8272 0
399 1.8214 0
861 1.8203 0
417 1.8176 0
471 1.8165 0
1861 1.8103 0
754 1.8066 0
763 1.8018 0
1024 1.7988 0
1012 1.7944 0
701 1.7859 0
20 1.7815 0
1135 1.7792 0
1210 1.7777 0
795 1.7718 0
325 1.7676 0
843 1.7584 0
306 1.7400 0
159 1.7377 0
777 1.7326 0
1544 1.7308 0
774 1.7298 0
716 1.7152 0
1833 1.7136 0
1889 1.7127 0
52 1.7075 0
1841 1.7057 0
1263 1.7045 0
1865 1.7036 0
1452 1.6922 0
560 1.6918 0
772 1.6916 0
35 1.6857 0
329 1.6836 0
1107 1.6759 0
1242 1.6715 0
1110 1.6647 0
614 1.6519 0
1108 1.6496 0
832 1.6470 0
1051 1.6441 0
761 1.6361 0
313 1.6333 0
1231 1.6318 0
1891 1.6272 0
582 1.6270 0
338 1.6237 0
1442 1.6229 0
1443 1.6100 0
405 1.6022 0
830 1.6021 0
1740 1.5997 0
1090 1.5985 0
742 1.5951 0
687 1.5697 0
812 1.5694 0
581 1.5658 0
1195 1.5653 0
257 1.5649 0
512 1.5635 0
1523 1.5537 0
1420 1.5459 0
1614 1.5401 0
268 1.5356 0
377 1.5336 0
1676 1.5277 0
1685 1.5270 0
1211 1.5212 0
568 1.5192 0
752 1.5169 0
655 1.5011 0
1651 1.4968 0
875 1.4967 0
867 1.4894 0
1701 1.4879 0
833 1.4865 0
1296 1.4825 0
1978 1.4769 0
335 1.4764 0
625 1.4669 0
1142 1.4631 0
1357 1.4628 0
308 1.4615 0
1060 1.4607 0
24 1.4579 0
897 1.4564 0
759 1.4463 0
1302 1.4417 0
778 1.4412 0
1712 1.4335 0
1398 1.4256 0
420 1.4213 0
1203 1.4188 0
84 1.4143 0
1177 1.4129 0
889 1.4107 0
592 1.4082 0
1284 1.3954 0
528 1.3926 0
208 1.3816 0
956 1.3786 0
1251 1.3766 0
1037 1.3738 0
730 1.3736 0
1070 1.3698 0
1729 1.3667 0
1703 1.3566 0
1048 1.3552 0
685 1.3446 0
858 1.3221 0
295 1.3167 0
441 1.3150 0
1586 1.3129 0
182 1.3125 0
1079 1.3068 0
1671 1.3057 0
333 1.3041 0
1854 1.3032 0
300 1.2991 0
783 1.2977 0
126 1.2873 0
1237 1.2815 0
586 1.2797 0
1659 1.2760 0
666 1.2750 0
800 1.2604 0
1416 1.2585 0
1751 1.2438 0
1709 1.2426 0
715 1.2360 0
698 1.2327 0
1621 1.2197 0
1364 1.2169 0
1655 1.2162 0
1001 1.2127 0
1444 1.2113 0
1030 1.2105 0
671 1.2028 0
600 1.1986 0
1911 1.1971 0
693 1.1971 0
657 1.1957 0
1003 1.1954 0
598 1.1882 0
888 1.1846 0
1262 1.1840 0
725 1.1824 0
823 1.1799 0
455 1.1785 0
348 1.1651 0
243 1.1646 0
1206 1.1599 0
379 1.1597 0
320 1.1595 0
838 1.1556 0
402 1.1553 0
632 1.1441 0
1415 1.1325 0
747 1.1126 0
1441 1.1125 0
635 1.1036 0
1140 1.0973 0
1890 1.0960 0
468 1.0926 0
636 1.0895 0
601 1.0890 0
1298 1.0887 0
835 1.0845 0
1856 1.0842 0
1322 1.0712 0
1106 1.0688 0
839 1.0670 0
215 1.0647 0
1434 1.0534 0
482 1.0496 0
1510 1.0476 0
180 1.0443 0
34 1.0406 0
558 1.0375 0
1197 1.0295 0
33 1.0279 0
9 1.0256 0
1902 1.0224 0
16 1.0192 0
202 1.0112 0
809 1.0015 0
517 1.0006 0
1877 0.9906 0
1721 0.9878 0
1243 0.9784 0
79 0.9781 0
667 0.9780 0
1686 0.9771 0
245 0.9695 0
755 0.9666 0
544 0.9666 0
695 0.9552 0
321 0.9531 0
1335 0.9498 0
1688 0.9492 0
1549 0.9472 0
384 0.9349 0
588 0.9319 0
18 0.9299 0
1411 0.9206 0
1033 0.9164 0
1156 0.9110 0
1985 0.9108 0
1337 0.9089 0
459 0.9072 0
1968 0.9071 0
1518 0.8964 0
227 0.8952 0
1571 0.8884 0
630 0.8868 0
1153 0.8847 0
385 0.8828 0
1086 0.8824 0
38 0.8799 0
895 0.8799 0
470 0.8779 0
1423 0.8752 0
1600 0.8744 0
356 0.8743 0
44 0.8708 0
707 0.8694 0
644 0.8684 0
1503 0.8552 0
1753 0.8527 0
1044 0.8512 0
1325 0.8474 0
1 0.8272 0
1458 0.8268 0
47 0.8232 0
1982 0.8197 0
770 0.8178 0
1207 0.8108 0
596 0.8077 0
1958 0.8006 0
15 0.7975 0
548 0.7968 0
342 0.7937 0
1431 0.7905 0
673 0.7826 0
166 0.7817 0
21 0.7802 0
1807 0.7688 0
567 0.7681 0
664 0.7675 0
559 0.7653 0
123 0.7653 0
1341 0.7649 0
668 0.7643 0
1050 0.7600 0
1025 0.7528 0
535 0.7510 0
1283 0.7477 0
1071 0.7405 0
1952 0.7394 0
1345 0.7323 0
100 0.7297 0
1421 0.7286 0
1166 0.7253 0
1113 0.7234 0
1639 0.7206 0
279 0.7164 0
1508 0.7090 0
573 0.7083 0
794 0.7080 0
1966 0.7029 0
1065 0.6931 0
1959 0.6889 0
750 0.6846 0
1186 0.6843 0
1126 0.6837 0
1064 0.6690 0
1080 0.6676 0
866 0.6562 0
336 0.6499 0
840 0.6454 0
1694 0.6435 0
486 0.6431 0
509 0.6408 0
862 0.6362 0
1228 0.6335 0
1102 0.6327 0
562 0.6295 0
1162 0.6289 0
276 0.6166 0
228 0.6161 0
1063 0.6149 0
1241 0.6139 0
1504 0.6128 0
681 0.6070 0
1095 0.6044 0
893 0.6018 0
1034 0.6013 0
792 0.5980 0
1583 0.5970 0
463 0.5958 0
453 0.5946 0
1490 0.5924 0
525 0.5908 0
870 0.5894 0
1689 0.5891 0
462 0.5875 0
206 0.5859 0
1938 0.5858 0
488 0.5775 0
1480 0.5772 0
292 0.5735 0
1360 0.5724 0
1069 0.5716 0
836 0.5686 0
375 0.5668 0
414 0.5612 0
1004 0.5586 0
464 0.5560 0
11 0.5483 0
1282 0.5470 0
679 0.5468 0
1543 0.5466 0
1419 0.5446 0
1314 0.5373 0
807 0.5310 0
962 0.5265 0
555 0.5261 0
118 0.5249 0
651 0.5224 0
398 0.5223 0
744 0.5173 0
880 0.5138 0
252 0.5112 0
1427 0.5087 0
452 0.5080 0
1271 0.5034 0
1999 0.5019 0
102 0.5003 0
1934 0.4980 0
1260 0.4973 0
1348 0.4958 0
237 0.4958 0
307 0.4949 0
1418 0.4924 0
1029 0.4897 0
371 0.4894 0
110 0.4877 0
1209 0.4876 0
1148 0.4863 0
124 0.4859 0
249 0.4813 0
1157 0.4784 0
773 0.4733 0
797 0.4615 0
357 0.4586 0
297 0.4512 0
233 0.4493 0
1160 0.4489 0
1455 0.4485 0
244 0.4473 0
104 0.4439 0
1246 0.4426 0
1714 0.4420 0
1275 0.4405 0
212 0.4394 0
659 0.4388 0
748 0.4365 0
1066 0.4365 0
1574 0.4342 0
1055 0.4337 0
1290 0.4303 0
1085 0.4302 0
1481 0.4291 0
349 0.4278 0
1732 0.4211 0
894 0.4201 0
381 0.4177 0
507 0.4111 0
1749 0.4092 0
719 0.4085 0
1506 0.4059 0
1169 0.4042 0
373 0.3991 0
1505 0.3913 0
364 0.3892 0
1250 0.3885 0
1531 0.3882 0
176 0.3881 0
340 0.3860 0
1642 0.3851 0
240 0.3839 0
589 0.3735 0
1616 0.3713 0
1305 0.3709 0
872 0.3698 0
822 0.3676 0
1672 0.3676 0
1720 0.3649 0
979 0.3640 0
1265 0.3617 0
652 0.3584 0
1668 0.3580 0
527 0.3555 0
510 0.3506 0
1061 0.3437 0
107 0.3419 0
1430 0.3413 0
1482 0.3404 0
1657 0.3398 0
746 0.3347 0
1515 0.3327 0
756 0.3271 0
529 0.3264 0
686 0.3253 0
194 0.3235 0
37 0.3232 0
280 0.3230 0
805 0.3221 0
1702 0.3181 0
676 0.3142 0
626 0.3032 0
133 0.3026 0
1270 0.3004 0
585 0.2969 0
602 0.2962 0
390 0.2900 0
458 0.2853 0
1202 0.2844 0
487 0.2788 0
971 0.2759 0
1072 0.2751 0
1771 0.2732 0
1524 0.2679 0
1057 0.2663 0
856 0.2649 0
1497 0.2644 0
1893 0.2629 0
1056 0.2622 0
474 0.2588 0
1371 0.2580 0
236 0.2563 0
677 0.2494 0
392 0.2493 0
829 0.2466 0
1602 0.2463 0
1919 0.2461 0
270 0.2450 0
620 0.2431 0
1257 0.2410 0
148 0.2409 0
751 0.2396 0
1233 0.2353 0
1223 0.2345 0
1007 0.2334 0
1724 0.2283 0
343 0.2280 0
483 0.2257 0
415 0.2254 0
1143 0.2252 0
881 0.2218 0
457 0.2217 0
1236 0.2201 0
1187 0.2171 0
864 0.2136 0
1040 0.2126 0
1410 0.2112 0
1128 0.2100 0
1239 0.2075 0
87 0.2065 0
511 0.2054 0
1472 0.2003 0
1285 0.1934 0
1678 0.1930 0
0 0.1887 0
1513 0.1881 0
136 0.1876 0
758 0.1874 0
8 0.1866 0
1144 0.1806 0
368 0.1776 0
980 0.1748 0
1888 0.1702 0
309 0.1698 0
380 0.1684 0
65 0.1647 0
798 0.1587 0
1425 0.1586 0
760 0.1579 0
1682 0.1457 0
1045 0.1355 0
143 0.1339 0
753 0.1318 0
1068 0.1294 0
1894 0.1284 0
1376 0.1277 0
1149 0.1261 0
103 0.1242 0
669 0.1215 0
1933 0.1206 0
1435 0.1191 0
129 0.1175 0
39 0.1133 0
1829 0.1112 0
1365 0.1102 0
1450 0.1091 0
546 0.1089 0
1849 0.1087 0
214 0.1085 0
574 0.1046 0
1757 0.1035 0
1909 0.0941 0
518 0.0938 0
1565 0.0895 0
796 0.0888 0
219 0.0853 0
443 0.0817 0
663 0.0815 0
204 0.0793 0
1368 0.0777 0
717 0.0763 0
1971 0.0683 0
1316 0.0627 0
1737 0.0591 0
955 0.0512 0
1168 0.0469 0
365 0.0437 0
106 0.0429 0
645 0.0413 0
1963 0.0405 0
1174 0.0393 0
1886 0.0374 0
1130 0.0371 0
767 0.0356 0
726 0.0351 0
394 0.0344 0
290 0.0303 0
1535 0.0297 0
461 0.0289 0
355 0.0284 0
1470 0.0254 0
1530 0.0250 0
1196 0.0238 0
678 0.0191 0
139 0.0165 0
282 0.0132 0
1399 0.0122 0
116 0.0121 0
374 0.0044 0
1931 -0.0065 0
1370 -0.0092 0
25 -0.0103 0
1404 -0.0121 0
1219 -0.0147 0
142 -0.0250 0
1489 -0.0269 0
1806 -0.0300 0
788 -0.0342 0
1981 -0.0346 0
238 -0.0398 0
287 -0.0430 0
1428 -0.0459 0
1733 -0.0503 0
1351 -0.0525 0
362 -0.0562 0
996 -0.0631 0
242 -0.0634 0
780 -0.0676 0
731 -0.0685 0
1969 -0.0776 0
150 -0.0787 0
1397 -0.0798 0
112 -0.0819 0
173 -0.0864 0
501 -0.0869 0
827 -0.0976 0
1528 -0.1014 0
248 -0.1041 0
887 -0.1081 0
1112 -0.1119 0
975 -0.1120 0
1955 -0.1132 0
122 -0.1163 0
328 -0.1255 0
451 -0.1263 0
972 -0.1263 0
1088 -0.1276 0
446 -0.1328 0
1529 -0.1331 0
1674 -0.1362 0
662 -0.1366 0
179 -0.1387 0
1500 -0.1408 0
213 -0.1420 0
1885 -0.1426 0
1719 -0.1436 0
1625 -0.1454 0
224 -0.1455 0
1042 -0.1462 0
1471 -0.1468 0
1180 -0.1489 0
1527 -0.1491 0
352 -0.1605 0
83 -0.1628 0
1188 -0.1629 0
1103 -0.1672 0
73 -0.1723 0
898 -0.1726 0
267 -0.1760 0
1923 -0.1785 0
1817 -0.1788 0
1691 -0.1789 0
231 -0.1801 0
1997 -0.1823 0
1446 -0.1837 0
1824 -0.1908 0
1670 -0.1958 0
74 -0.1983 0
784 -0.1989 0
1387 -0.2013 0
229 -0.2023 0
264 -0.2033 0
358 -0.2065 0
1937 -0.2078 0
319 -0.2089 0
1320 -0.2185 0
1803 -0.2290 0
1832 -0.2296 0
1301 -0.2297 0
1005 -0.2334 0
1744 -0.2339 0
629 -0.2374 0
235 -0.2391 0
386 -0.2501 0
1853 -0.2524 0
580 -0.2562 0
1046 -0.2588 0
1698 -0.2594 0
1692 -0.2698 0
611 -0.2701 0
1484 -0.2732 0
406 -0.2745 0
149 -0.2755 0
607 -0.2862 0
222 -0.2892 0
1882 -0.2903 0
1818 -0.2906 0
1904 -0.2914 0
984 -0.2930 0
1475 -0.2959 0
132 -0.2962 0
1537 -0.2971 0
324 -0.2972 0
183 -0.2987 0
259 -0.2990 0
1631 -0.3013 0
1826 -0.3013 0
1777 -0.3015 0
1440 -0.3052 0
155 -0.3075 0
1043 -0.3079 0
331 -0.3132 0
689 -0.3145 0
656 -0.3165 0
1347 -0.3231 0
1605 -0.3270 0
211 -0.3272 0
318 -0.3276 0
1163 -0.3276 0
1727 -0.3310 0
184 -0.3329 0
1669 -0.3340 0
1679 -0.3362 0
1136 -0.3364 0
201 -0.3372 0
1382 -0.3382 0
1491 -0.3464 0
1400 -0.3485 0
424 -0.3530 0
1876 -0.3548 0
351 -0.3580 0
1533 -0.3582 0
1695 -0.3588 0
1185 -0.3605 0
472 -0.3648 0
1114 -0.3663 0
1091 -0.3683 0
1461 -0.3710 0
1512 -0.3775 0
1414 -0.3776 0
954 -0.3803 0
299 -0.3830 0
491 -0.3864 0
1238 -0.3892 0
1726 -0.3908 0
60 -0.3918 0
1249 -0.3960 0
395 -0.3971 0
1175 -0.3973 0
561 -0.3980 0
1901 -0.4116 0
347 -0.4123 0
1801 -0.4141 0
205 -0.4158 0
391 -0.4164 0
1514 -0.4373 0
1611 -0.4402 0
1735 -0.4429 0
1786 -0.4435 0
675 -0.4467 0
1432 -0.4512 0
1147 -0.4519 0
1977 -0.4538 0
1494 -0.4542 0
1809 -0.4587 0
1403 -0.4587 0
1987 -0.4638 0
1339 -0.4639 0
359 -0.4667 0
1873 -0.4694 0
30 -0.4718 0
628 -0.4818 0
36 -0.4890 0
1336 -0.4918 0
273 -0.4960 0
1036 -0.4965 0
145 -0.5011 0
892 -0.5032 0
141 -0.5041 0
1916 -0.5051 0
260 -0.5074 0
128 -0.5081 0
891 -0.5098 0
1557 -0.5121 0
724 -0.5132 0
1495 -0.5148 0
168 -0.5160 0
1990 -0.5162 0
1769 -0.5180 0
1920 -0.5182 0
1358 -0.5186 0
1843 -0.5187 0
479 -0.5196 0
450 -0.5206 0
210 -0.5212 0
1918 -0.5217 0
766 -0.5219 0
718 -0.5247 0
144 -0.5253 0
465 -0.5276 0
1612 -0.5345 0
1662 -0.5349 0
207 -0.5369 0
156 -0.5370 0
1638 -0.5372 0
246 -0.5374 0
1469 -0.5393 0
1814 -0.5405 0
28 -0.5407 0
863 -0.5409 0
1334 -0.5416 0
1588 -0.5430 0
1540 -0.5471 0
1307 -0.5514 0
1352 -0.5537 0
1014 -0.5572 0
181 -0.5604 0
1375 -0.5610 0
1881 -0.5613 0
1568 -0.5626 0
899 -0.5632 0
1002 -0.5684 0
13 -0.5695 0
408 -0.5734 0
1448 -0.5763 0
1835 -0.5771 0
1830 -0.5795 0
1522 -0.5802 0
1295 -0.5832 0
1975 -0.5852 0
113 -0.5869 0
40 -0.5878 0
1584 -0.5890 0
188 -0.5900 0
1293 -0.5915 0
367 -0.5955 0
1172 -0.5975 0
1770 -0.5985 0
1592 -0.6017 0
289 -0.6027 0
1454 -0.6041 0
672 -0.6047 0
32 -0.6081 0
1319 -0.6088 0
1819 -0.6153 0
1935 -0.6201 0
234 -0.6222 0
164 -0.6291 0
447 -0.6318 0
1656 -0.6337 0
1604 -0.6341 0
221 -0.6346 0
547 -0.6396 0
303 -0.6447 0
1309 -0.6497 0
1464 -0.6502 0
953 -0.6510 0
1808 -0.6544 0
1291 -0.6560 0
1855 -0.6575 0
1917 -0.6586 0
634 -0.6593 0
1972 -0.6599 0
1871 -0.6630 0
1194 -0.6669 0
1545 -0.6692 0
23 -0.6702 0
658 -0.6709 0
26 -0.6718 0
624 -0.6789 0
99 -0.6798 0
1041 -0.6847 0
1760 -0.6859 0
1813 -0.6870 0
1665 -0.6932 0
1129 -0.6956 0
1715 -0.6963 0
272 -0.7010 0
1015 -0.7111 0
1498 -0.7124 0
854 -0.7158 0
1485 -0.7183 0
1964 -0.7192 0
163 -0.7195 0
1996 -0.7299 0
1204 -0.7344 0
1372 -0.7349 0
1851 -0.7354 0
1834 -0.7368 0
1683 -0.7370 0
19 -0.7380 0
1047 -0.7420 0
1953 -0.7440 0
1008 -0.7471 0
55 -0.7540 0
1276 -0.7557 0
508 -0.7560 0
1857 -0.7603 0
1313 -0.7607 0
157 -0.7627 0
1259 -0.7766 0
146 -0.7796 0
1451 -0.7804 0
1159 -0.7856 0
1447 -0.7866 0
117 -0.7929 0
1634 -0.7932 0
1289 -0.7944 0
1526 -0.7986 0
137 -0.8002 0
739 -0.8040 0
1626 -0.8072 0
1353 -0.8104 0
218 -0.8128 0
631 -0.8133 0
541 -0.8140 0
189 -0.8145 0
1758 -0.8146 0
1021 -0.8193 0
1383 -0.8234 0
382 -0.8254 0
647 -0.8261 0
1898 -0.8271 0
275 -0.8290 0
1998 -0.8320 0
1366 -0.8395 0
1378 -0.8427 0
1272 -0.8482 0
94 -0.8493 0
1989 -0.8524 0
305 -0.8583 0
886 -0.8615 0
1312 -0.8616 0
389 -0.8626 0
1867 -0.8631 0
177 -0.8635 0
1161 -0.8660 0
1492 -0.8672 0
649 -0.8698 0
1903 -0.8714 0
1610 -0.8821 0
93 -0.8833 0
1121 -0.8872 0
1804 -0.8893 0
1502 -0.8936 0
1722 -0.8937 0
1493 -0.8964 0
506 -0.9024 0
1049 -0.9030 0
253 -0.9060 0
314 -0.9097 0
186 -0.9103 0
1391 -0.9110 0
230 -0.9140 0
388 -0.9201 0
1598 -0.9233 0
1342 -0.9239 0
1697 -0.9239 0
850 -0.9247 0
703 -0.9256 0
1013 -0.9265 0
216 -0.9329 0
1742 -0.9345 0
1388 -0.9362 0
1449 -0.9383 0
1960 -0.9384 0
1653 -0.9521 0
162 -0.9531 0
768 -0.9535 0
1664 -0.9616 0
1145 -0.9672 0
1710 -0.9704 0
1761 -0.9732 0
105 -0.9742 0
538 -0.9811 0
1379 -0.9827 0
1847 -0.9830 0
1189 -0.9836 0
1473 -0.9844 0
1623 -0.9849 0
851 -0.9862 0
1412 -0.9875 0
22 -0.9900 0
476 -0.9918 0
1328 -0.9931 0
196 -0.9946 0
88 -0.9957 0
121 -0.9983 0
1731 -1.0002 0
334 -1.0003 0
1900 -1.0006 0
1230 -1.0044 0
1743 -1.0056 0
27 -1.0062 0
346 -1.0103 0
1970 -1.0121 0
884 -1.0128 0
393 -1.0139 0
855 -1.0146 0
1736 -1.0155 0
1738 -1.0170 0
789 -1.0192 0
1146 -1.0196 0
175 -1.0244 0
1609 -1.0252 0
31 -1.0273 0
58 -1.0288 0
1023 -1.0298 0
193 -1.0299 0
1176 -1.0304 0
1980 -1.0308 0
1858 -1.0317 0
134 -1.0332 0
178 -1.0367 0
1439 -1.0372 0
890 -1.0376 0
575 -1.0378 0
1167 -1.0381 0
437 -1.0390 0
526 -1.0427 0
135 -1.0436 0
1463 -1.0445 0
160 -1.0455 0
1542 -1.0478 0
1525 -1.0513 0
540 -1.0524 0
1624 -1.0531 0
1654 -1.0536 0
1973 -1.0564 0
497 -1.0583 0
613 -1.0690 0
1456 -1.0699 0
785 -1.0717 0
376 -1.0742 0
1915 -1.0754 0
1141 -1.0782 0
1677 -1.0793 0
995 -1.0828 0
158 -1.0861 0
513 -1.0866 0
519 -1.0867 0
1961 -1.0877 0
991 -1.0886 0
232 -1.0941 0
1550 -1.0963 0
29 -1.0984 0
154 -1.0996 0
793 -1.1007 0
603 -1.1056 0
1746 -1.1070 0
1496 -1.1072 0
326 -1.1101 0
1253 -1.1122 0
1597 -1.1135 0
1280 -1.1162 0
1269 -1.1211 0
1648 -1.1241 0
1483 -1.1244 0
637 -1.1271 0
621 -1.1284 0
1950 -1.1308 0
1198 -1.1351 0
370 -1.1362 0
1756 -1.1388 0
1306 -1.1469 0
1234 -1.1478 0
1673 -1.1484 0
1028 -1.1514 0
1193 -1.1520 0
970 -1.1650 0
505 -1.1710 0
1581 -1.1769 0
1215 -1.1788 0
387 -1.1814 0
1618 -1.1821 0
1690 -1.1825 0
1640 -1.1839 0
1979 -1.1856 0
1460 -1.1900 0
57 -1.1948 0
606 -1.1969 0
604 -1.1973 0
489 -1.2016 0
1385 -1.2024 0
1954 -1.2027 0
1476 -1.2058 0
1725 -1.2082 0
1747 -1.2082 0
885 -1.2122 0
1401 -1.2186 0
475 -1.2200 0
111 -1.2219 0
1764 -1.2224 0
1020 -1.2227 0
1287 -1.2232 0
1643 -1.2243 0
633 -1.2290 0
247 -1.2290 0
1394 -1.2293 0
1562 -1.2320 0
169 -1.2330 0
1133 -1.2347 0
1519 -1.2360 0
1577 -1.2388 0
1074 -1.2396 0
256 -1.2462 0
10 -1.2484 0
1608 -1.2501 0
1539 -1.2615 0
274 -1.2667 0
989 -1.2676 0
153 -1.2705 0
639 -1.2745 0
1942 -1.2797 0
1355 -1.2804 0
963 -1.2804 0
1949 -1.2811 0
291 -1.2828 0
1944 -1.2839 0
1487 -1.2850 0
1248 -1.2891 0
1392 -1.2893 0
310 -1.2932 0
1279 -1.3017 0
80 -1.3074 0
1912 -1.3085 0
1267 -1.3086 0
622 -1.3097 0
1896 -1.3103 0
868 -1.3112 0
1139 -1.3126 0
220 -1.3136 0
281 -1.3176 0
263 -1.3190 0
691 -1.3201 0
170 -1.3210 0
241 -1.3281 0
1928 -1.3395 0
1988 -1.3400 0
288 -1.3433 0
269 -1.3494 0
1837 -1.3507 0
877 -1.3542 0
1466 -1.3639 0
1170 -1.3644 0
1680 -1.3686 0
1976 -1.3712 0
1308 -1.3729 0
82 -1.3735 0
1361 -1.3805 0
442 -1.3814 0
1647 -1.3816 0
1848 -1.3882 0
1390 -1.3885 0
1118 -1.3888 0
322 -1.3926 0
286 -1.3941 0
6 -1.3983 0
78 -1.4062 0
1925 -1.4076 0
171 -1.4105 0
1417 -1.4240 0
372 -1.4270 0
727 -1.4290 0
1017 -1.4291 0
46 -1.4292 0
1838 -1.4311 0
254 -1.4379 0
1405 -1.4412 0
140 -1.4435 0
1011 -1.4443 0
341 -1.4456 0
1323 -1.4483 0
1637 -1.4508 0
298 -1.4541 0
1499 -1.4552 0
1173 -1.4642 0
1332 -1.4646 0
1658 -1.4660 0
502 -1.4661 0
1479 -1.4699 0
467 -1.4742 0
1191 -1.4777 0
879 -1.4792 0
1009 -1.4812 0
1932 -1.4888 0
165 -1.4906 0
1081 -1.4909 0
312 -1.4915 0
1363 -1.4968 0
1558 -1.4978 0
174 -1.4984 0
1587 -1.5023 0
97 -1.5113 0
1646 -1.5119 0
997 -1.5214 0
5 -1.5217 0
1457 -1.5235 0
860 -1.5235 0
1823 -1.5245 0
1993 -1.5259 0
1520 -1.5280 0
1221 -1.5344 0
1951 -1.5391 0
1630 -1.5391 0
255 -1.5396 0
974 -1.5437 0
737 -1.5454 0
1127 -1.5468 0
883 -1.5520 0
1840 -1.5520 0
1035 -1.5528 0
1317 -1.5613 0
1567 -1.5657 0
1474 -1.5661 0
610 -1.5672 0
43 -1.5683 0
1862 -1.5692 0
1762 -1.5702 0
397 -1.5798 0
152 -1.5851 0
96 -1.5868 0
976 -1.5881 0
1465 -1.5913 0
1636 -1.5926 0
466 -1.5968 0
1947 -1.5972 0
1235 -1.5981 0
618 -1.6003 0
68 -1.6020 0
71 -1.6031 0
1921 -1.6034 0
1965 -1.6035 0
852 -1.6043 0
1010 -1.6054 0
1486 -1.6077 0
524 -1.6118 0
1748 -1.6150 0
48 -1.6153 0
251 -1.6194 0
95 -1.6224 0
1152 -1.6224 0
1303 -1.6318 0
837 -1.6355 0
1766 -1.6494 0
1872 -1.6511 0
1292 -1.6563 0
1016 -1.6662 0
965 -1.6675 0
191 -1.6715 0
1836 -1.6762 0
258 -1.6767 0
961 -1.6784 0
1150 -1.6812 0
1576 -1.6821 0
1913 -1.6821 0
45 -1.6822 0
187 -1.6844 0
1373 -1.6889 0
640 -1.6890 0
262 -1.6904 0
1310 -1.6923 0
42 -1.6935 0
530 -1.6940 0
1892 -1.6992 0
1859 -1.7005 0
1437 -1.7008 0
69 -1.7024 0
1908 -1.7027 0
951 -1.7034 0
1459 -1.7090 0
1273 -1.7130 0
1507 -1.7144 0
1333 -1.7147 0
51 -1.7181 0
1943 -1.7192 0
1956 -1.7355 0
283 -1.7359 0
1798 -1.7443 0
56 -1.7477 0
315 -1.7526 0
1755 -1.7575 0
646 -1.7588 0
396 -1.7682 0
1821 -1.7704 0
578 -1.7704 0
1555 -1.7705 0
1632 -1.7763 0
1883 -1.7772 0
1910 -1.7821 0
1338 -1.7827 0
1468 -1.7828 0
650 -1.7833 0
998 -1.7847 0
1628 -1.7892 0
1117 -1.7894 0
1445 -1.7902 0
345 -1.7918 0
1866 -1.7936 0
1134 -1.7948 0
1842 -1.8026 0
985 -1.8037 0
1986 -1.8057 0
1181 -1.8068 0
1192 -1.8076 0
1984 -1.8122 0
1820 -1.8139 0
1924 -1.8164 0
1967 -1.8169 0
1556 -1.8176 0
609 -1.8202 0
317 -1.8216 0
973 -1.8272 0
1517 -1.8280 0
1178 -1.8284 0
203 -1.8295 0
1706 -1.8393 0
1381 -1.8434 0
101 -1.8441 0
131 -1.8488 0
1131 -1.8532 0
1553 -1.8541 0
1019 -1.8562 0
1699 -1.8582 0
1220 -1.8641 0
523 -1.8701 0
1560 -1.8787 0
1787 -1.8867 0
1839 -1.8889 0
1200 -1.8950 0
1331 -1.8962 0
643 -1.9124 0
1407 -1.9175 0
1124 -1.9195 0
167 -1.9206 0
1797 -1.9208 0
1218 -1.9217 0
1675 -1.9249 0
1344 -1.9326 0
1776 -1.9360 0
1936 -1.9402 0
1782 -1.9424 0
704 -1.9436 0
75 -1.9508 0
1453 -1.9569 0
1666 -1.9633 0
1926 -1.9719 0
1000 -1.9728 0
1362 -1.9747 0
1994 -1.9761 0
1547 -1.9767 0
1213 -1.9770 0
1380 -1.9797 0
1534 -1.9835 0
1660 -2.0010 0
1575 -2.0077 0
1962 -2.0199 0
1563 -2.0283 0
994 -2.0336 0
1693 -2.0363 0
1617 -2.0369 0
1615 -2.0440 0
1252 -2.0465 0
72 -2.0498 0
1038 -2.0536 0
1816 -2.0565 0
1551 -2.0575 0
1582 -2.0586 0
53 -2.0613 0
1983 -2.0694 0
339 -2.0699 0
1324 -2.0751 0
190 -2.0754 0
1810 -2.0764 0
1164 -2.0802 0
723 -2.0909 0
1062 -2.0970 0
1561 -2.0984 0
1991 -2.1006 0
950 -2.1009 0
91 -2.1023 0
1822 -2.1044 0
198 -2.1056 0
1229 -2.1079 0
59 -2.1107 0
115 -2.1123 0
1800 -2.1178 0
1922 -2.1186 0
1580 -2.1218 0
151 -2.1341 0
1578 -2.1356 0
3 -2.1369 0
1644 -2.1433 0
1384 -2.1488 0
1730 -2.1488 0
1633 -2.1566 0
1125 -2.1579 0
612 -2.1606 0
90 -2.1619 0
1596 -2.1630 0
1827 -2.1652 0
209 -2.1703 0
853 -2.1731 0
1974 -2.1750 0
1767 -2.1759 0
332 -2.1774 0
1354 -2.1802 0
1845 -2.1805 0
1299 -2.1870 0
1815 -2.1882 0
1039 -2.1954 0
12 -2.1982 0
1591 -2.1989 0
988 -2.2045 0
616 -2.2117 0
1266 -2.2165 0
41 -2.2196 0
1395 -2.2238 0
1613 -2.2271 0
1422 -2.2277 0
1711 -2.2292 0
1122 -2.2343 0
64 -2.2401 0
1264 -2.2403 0
161 -2.2457 0
1374 -2.2467 0
1645 -2.2503 0
1650 -2.2571 0
1367 -2.2579 0
361 -2.2624 0
1216 -2.2644 0
987 -2.2847 0
1183 -2.2858 0
1620 -2.2858 0
1552 -2.2868 0
967 -2.3099 0
1759 -2.3192 0
1277 -2.3235 0
542 -2.3343 0
1805 -2.3436 0
1948 -2.3478 0
952 -2.3514 0
1995 -2.3531 0
2 -2.3580 0
1386 -2.3639 0
608 -2.3646 0
1619 -2.3775 0
504 -2.3791 0
265 -2.3824 0
1138 -2.3885 0
1182 -2.3905 0
1326 -2.4008 0
1294 -2.4049 0
217 -2.4072 0
694 -2.4085 0
1929 -2.4085 0
1811 -2.4095 0
1940 -2.4222 0
1286 -2.4237 0
1794 -2.4254 0
1321 -2.4257 0
520 -2.4413 0
1606 -2.4486 0
225 -2.4615 0
1477 -2.4627 0
1812 -2.4645 0
1992 -2.4670 0
278 -2.4690 0
1356 -2.4705 0
1377 -2.4783 0
1607 -2.4798 0
1774 -2.4872 0
1224 -2.4896 0
1462 -2.4979 0
1745 -2.4984 0
1274 -2.5033 0
86 -2.5165 0
197 -2.5179 0
1199 -2.5373 0
1155 -2.5506 0
878 -2.5570 0
1825 -2.5600 0
62 -2.5738 0
250 -2.5759 0
1781 -2.5804 0
1349 -2.5805 0
350 -2.5878 0
1278 -2.5887 0
536 -2.5889 0
293 -2.5911 0
1115 -2.5929 0
404 -2.5981 0
1027 -2.5988 0
1318 -2.6089 0
617 -2.6148 0
1389 -2.6345 0
1137 -2.6352 0
261 -2.6357 0
1111 -2.6377 0
1684 -2.6427 0
500 -2.6481 0
449 -2.6492 0
271 -2.6594 0
490 -2.6601 0
120 -2.6622 0
1165 -2.6645 0
1763 -2.6647 0
969 -2.6714 0
50 -2.6725 0
311 -2.6892 0
876 -2.6965 0
992 -2.6984 0
1622 -2.7011 0
1788 -2.7027 0
993 -2.7092 0
515 -2.7122 0
469 -2.7138 0
185 -2.7177 0
81 -2.7240 0
873 -2.7256 0
77 -2.7279 0
1573 -2.7336 0
1946 -2.7405 0
1627 -2.7479 0
89 -2.7541 0
968 -2.7550 0
285 -2.7593 0
1793 -2.7613 0
1927 -2.7668 0
1775 -2.7683 0
92 -2.7751 0
522 -2.7847 0
85 -2.7911 0
192 -2.7929 0
1132 -2.7994 0
1123 -2.8023 0
127 -2.8029 0
1869 -2.8079 0
70 -2.8258 0
1663 -2.8290 0
1509 -2.8521 0
1780 -2.8534 0
1120 -2.8568 0
1569 -2.8606 0
63 -2.8804 0
378 -2.8928 0
294 -2.8966 0
1350 -2.8988 0
239 -2.9265 0
138 -2.9289 0
534 -2.9309 0
1914 -2.9455 0
1304 -2.9486 0
1765 -2.9650 0
1579 -2.9789 0
108 -2.9802 0
1905 -2.9858 0
61 -2.9997 0
1629 -3.0222 0
982 -3.0227 0
1018 -3.0337 0
1796 -3.0598 0
1559 -3.0639 0
1281 -3.0714 0
1222 -3.0718 0
119 -3.0921 0
539 -3.1018 0
957 -3.1018 0
1603 -3.1072 0
1346 -3.1150 0
1945 -3.1269 0
1939 -3.1453 0
1261 -3.1453 0
344 -3.1503 0
1288 -3.1515 0
1340 -3.1544 0
1802 -3.1575 0
1255 -3.1645 0
1369 -3.1657 0
54 -3.1991 0
1214 -3.2005 0
619 -3.2233 0
1789 -3.2255 0
1396 -3.2325 0
1779 -3.2350 0
1488 -3.2383 0
959 -3.2482 0
958 -3.2534 0
514 -3.2656 0
1846 -3.2708 0
1590 -3.2776 0
98 -3.2968 0
1792 -3.2969 0
1799 -3.3263 0
1790 -3.3906 0
605 -3.3975 0
1593 -3.4186 0
1599 -3.4264 0
1635 -3.4702 0
983 -3.4910 0
76 -3.4957 0
1572 -3.4970 0
1570 -3.4974 0
642 -3.5308 0
1359 -3.5378 0
977 -3.5385 0
638 -3.5820 0
1828 -3.6827 0
1258 -3.6992 0
1705 -3.7047 0
981 -3.7158 0
1831 -3.7357 0
1595 -3.7665 0
964 -3.8046 0
623 -3.8793 0
978 -3.9279 0
1119 -3.9311 0
1104 -3.9450 0
1158 -3.9481 0
1151 -3.9650 0
1785 -3.9882 0
615 -4.0050 0
1641 -4.0148 0
1844 -4.0338 0
1601 -4.0427 0
1566 -4.0523 0
1589 -4.0749 0
1594 -4.0871 0
1190 -4.1489 0
1101 -4.1910 0
1773 -4.2172 0
999 -4.3158 0
1899 -4.4110 0
1791 -4.4564 0
960 -4.4670 0
1868 -4.5168 0
543 -4.5392 0
1768 -4.6167 0
1795 -4.7092 0
1467 -4.7921 0
1754 -4.8486 0
1772 -4.8774 0
1750 -4.8969 0
549 -4.9134 0
1554 -5.2880 0
1778 -5.4768 0
1752 -5.7591 0
1783 -6.8469 0
