959 25.8707 1
978 25.6599 1
964 24.2842 1
981 22.9027 1
974 22.3529 1
960 20.7224 1
991 20.1739 1
979 20.0301 1
988 19.3771 1
997 18.5496 1
983 17.9698 1
998 17.8698 1
967 17.6636 1
973 17.3247 1
966 17.2998 1
982 16.4325 1
971 15.8238 1
969 15.1507 1
970 14.8772 1
965 14.8373 1
337 14.8310 0
972 14.0329 1
958 13.6612 1
993 13.1829 1
953 12.5604 1
992 12.4656 1
999 12.3024 1
987 11.7241 1
980 10.7284 1
1601 10.6294 0
1259 9.9872 0
694 9.6583 0
950 9.5162 1
1664 9.3295 0
995 9.2325 1
1921 9.0492 0
306 8.9603 0
951 8.8353 1
1669 8.2807 0
465 8.1311 0
994 7.9632 1
764 7.9627 0
984 7.8117 1
976 7.7533 1
754 7.5288 0
1635 7.4599 0
378 7.4062 0
886 7.2320 0
469 7.2118 0
1149 6.9497 0
996 6.8658 1
1560 6.8147 0
1689 6.7505 0
1572 6.7106 0
104 6.6413 0
1261 6.6331 0
1159 6.6094 0
1258 6.5746 0
1388 6.5524 0
1124 6.5269 0
1578 6.4920 0
449 6.4783 0
510 6.3896 0
977 6.3879 1
1634 6.3371 0
124 6.2825 0
783 6.2808 0
1573 6.2472 0
523 6.1921 0
1586 6.1122 0
1555 6.0204 0
466 5.9885 0
952 5.9696 1
968 5.9308 1
283 5.9178 0
1006 5.8068 0
963 5.7909 1
712 5.7867 0
1268 5.7343 0
1673 5.6636 0
1677 5.6436 0
1417 5.6083 0
1277 5.5053 0
101 5.4836 0
1957 5.3399 0
1296 5.3203 0
1691 5.1612 0
1257 5.1479 0
107 5.1326 0
1264 5.1310 0
36 5.0912 0
1576 5.0736 0
1600 5.0646 0
1448 5.0294 0
1891 5.0183 0
457 4.9397 0
1599 4.8175 0
1856 4.7991 0
521 4.7949 0
106 4.7638 0
295 4.6963 0
1548 4.6688 0
1672 4.6569 0
755 4.6117 0
531 4.6116 0
1536 4.6115 0
1267 4.5977 0
1127 4.5718 0
1161 4.5683 0
1078 4.5427 0
962 4.5332 1
1698 4.5092 0
1774 4.5019 0
773 4.4950 0
147 4.4940 0
961 4.4839 1
986 4.4805 1
1743 4.4725 0
1591 4.4723 0
1641 4.4679 0
1002 4.4550 0
1025 4.4352 0
1190 4.4042 0
824 4.3927 0
949 4.3888 0
989 4.3819 1
1582 4.3774 0
1850 4.3533 0
226 4.3511 0
508 4.3254 0
100 4.3032 0
1568 4.2735 0
1668 4.2502 0
1354 4.2463 0
1722 4.2308 0
535 4.1936 0
1675 4.1916 0
1885 4.1895 0
1602 4.1765 0
737 4.1672 0
1082 4.1615 0
751 4.1366 0
1205 4.1310 0
316 4.1271 0
985 4.1047 1
1297 4.1027 0
234 4.1008 0
114 4.0956 0
652 4.0866 0
542 4.0723 0
1299 4.0612 0
1569 4.0579 0
1535 4.0560 0
741 4.0509 0
1446 4.0499 0
1559 4.0280 0
1432 4.0183 0
1463 4.0125 0
461 3.9998 0
1610 3.9982 0
1594 3.9979 0
1274 3.9974 0
1666 3.9762 0
1008 3.9688 0
372 3.9607 0
1295 3.9494 0
130 3.9401 0
587 3.9310 0
1114 3.9291 0
1579 3.8868 0
1570 3.8808 0
1244 3.8738 0
1092 3.8573 0
784 3.8546 0
1111 3.8517 0
1566 3.8463 0
1589 3.8312 0
1288 3.8205 0
1567 3.8097 0
132 3.7844 0
1452 3.7743 0
1375 3.7689 0
522 3.7605 0
398 3.7397 0
501 3.7356 0
136 3.7183 0
1643 3.7132 0
1283 3.6494 0
1678 3.6332 0
1032 3.6277 0
485 3.6192 0
778 3.6061 0
1552 3.6009 0
1726 3.5968 0
1502 3.5927 0
1350 3.5847 0
1498 3.5813 0
1494 3.5763 0
1593 3.5738 0
1065 3.5728 0
901 3.5718 0
311 3.5598 0
767 3.5556 0
1587 3.5095 0
867 3.4989 0
1022 3.4822 0
1728 3.4780 0
1977 3.4663 0
1596 3.4617 0
771 3.4562 0
1026 3.4150 0
1590 3.3865 0
1292 3.3861 0
451 3.3817 0
1504 3.3323 0
1704 3.3282 0
1962 3.3131 0
1930 3.2819 0
1650 3.2748 0
1676 3.2691 0
1577 3.2597 0
1280 3.2582 0
534 3.2555 0
1657 3.2540 0
1682 3.2509 0
1870 3.2477 0
1394 3.2370 0
1291 3.2298 0
502 3.2192 0
1608 3.2117 0
1574 3.1907 0
930 3.1848 0
1581 3.1600 0
887 3.1522 0
1661 3.1440 0
463 3.1365 0
718 3.1341 0
1595 3.1276 0
1990 3.1267 0
273 3.1250 0
354 3.1211 0
1024 3.1091 0
769 3.1018 0
1617 3.1017 0
117 3.0860 0
1265 3.0703 0
277 3.0496 0
512 3.0461 0
1487 3.0329 0
1523 3.0251 0
1867 3.0183 0
125 3.0124 0
539 3.0117 0
1245 2.9948 0
850 2.9854 0
1866 2.9771 0
1546 2.9745 0
1483 2.9736 0
1547 2.9670 0
547 2.9622 0
890 2.9597 0
1585 2.9448 0
1588 2.9382 0
581 2.9318 0
1803 2.9273 0
1270 2.9134 0
1632 2.9114 0
1020 2.9052 0
1609 2.8962 0
1879 2.8905 0
1282 2.8832 0
1783 2.8819 0
24 2.8747 0
1447 2.8555 0
936 2.8422 0
912 2.8421 0
1651 2.8276 0
1612 2.8261 0
1611 2.8182 0
707 2.8147 0
758 2.8145 0
1881 2.8088 0
676 2.7887 0
264 2.7884 0
1466 2.7858 0
412 2.7784 0
929 2.7735 0
1583 2.7691 0
1467 2.7543 0
1404 2.7540 0
338 2.7399 0
1420 2.7369 0
1321 2.7347 0
1143 2.7343 0
1717 2.7325 0
1950 2.7290 0
84 2.7161 0
1289 2.7152 0
1272 2.7030 0
471 2.7010 0
1562 2.6969 0
1848 2.6820 0
1142 2.6803 0
1824 2.6790 0
1871 2.6746 0
1459 2.6737 0
1400 2.6712 0
1653 2.6702 0
518 2.6639 0
1592 2.6518 0
367 2.6473 0
396 2.6380 0
1575 2.6325 0
134 2.6313 0
490 2.6283 0
1920 2.6207 0
696 2.6202 0
1642 2.6154 0
893 2.6120 0
640 2.6074 0
1762 2.5864 0
1273 2.5855 0
149 2.5855 0
1709 2.5741 0
681 2.5720 0
432 2.5476 0
7 2.5341 0
935 2.5336 0
1077 2.5330 0
359 2.5283 0
1260 2.5245 0
339 2.5188 0
1749 2.5170 0
1254 2.5154 0
384 2.5124 0
1472 2.5104 0
1539 2.5100 0
1693 2.5080 0
481 2.5059 0
704 2.5031 0
651 2.4987 0
1097 2.4946 0
1907 2.4926 0
1188 2.4919 0
1694 2.4901 0
1739 2.4831 0
594 2.4789 0
272 2.4785 0
1382 2.4751 0
1644 2.4709 0
1059 2.4556 0
840 2.4511 0
1444 2.4493 0
1960 2.4484 0
1637 2.4484 0
1809 2.4469 0
1828 2.4263 0
900 2.4208 0
768 2.4160 0
957 2.4106 1
1470 2.4023 0
1674 2.3943 0
1847 2.3936 0
517 2.3905 0
241 2.3782 0
1633 2.3763 0
896 2.3700 0
1542 2.3697 0
656 2.3696 0
1684 2.3689 0
759 2.3666 0
804 2.3657 0
1266 2.3609 0
1946 2.3497 0
549 2.3342 0
455 2.3307 0
135 2.3284 0
458 2.3247 0
1761 2.3102 0
1278 2.3022 0
1934 2.2949 0
1893 2.2941 0
937 2.2912 0
975 2.2804 1
602 2.2802 0
1428 2.2794 0
802 2.2753 0
515 2.2662 0
846 2.2582 0
1263 2.2507 0
266 2.2383 0
195 2.2367 0
752 2.2366 0
1855 2.2244 0
1626 2.2230 0
1132 2.2011 0
381 2.1872 0
774 2.1791 0
671 2.1769 0
1425 2.1739 0
650 2.1736 0
1147 2.1664 0
838 2.1645 0
1563 2.1595 0
525 2.1588 0
538 2.1530 0
1994 2.1508 0
144 2.1419 0
1550 2.1403 0
1461 2.1379 0
419 2.1209 0
1066 2.1144 0
1104 2.1078 0
1622 2.1078 0
1618 2.1041 0
663 2.0983 0
1727 2.0975 0
1468 2.0956 0
1554 2.0931 0
1688 2.0818 0
1061 2.0703 0
1932 2.0697 0
1250 2.0694 0
1187 2.0687 0
1293 2.0523 0
903 2.0479 0
1218 2.0415 0
460 2.0320 0
1772 2.0263 0
333 2.0252 0
49 2.0245 0
686 2.0184 0
1808 1.9991 0
1338 1.9936 0
1556 1.9882 0
454 1.9847 0
1113 1.9794 0
1480 1.9789 0
785 1.9775 0
1176 1.9767 0
464 1.9705 0
1482 1.9700 0
342 1.9436 0
1615 1.9383 0
1956 1.9380 0
143 1.9360 0
1196 1.9323 0
716 1.9313 0
1069 1.9298 0
926 1.9298 0
126 1.9223 0
1108 1.9197 0
310 1.9173 0
1243 1.9138 0
1337 1.9136 0
1701 1.9110 0
680 1.9047 0
1967 1.8988 0
6 1.8986 0
1654 1.8919 0
1169 1.8917 0
1361 1.8898 0
910 1.8876 0
780 1.8857 0
453 1.8837 0
1695 1.8789 0
688 1.8748 0
1030 1.8717 0
637 1.8651 0
1430 1.8643 0
940 1.8594 0
1685 1.8445 0
725 1.8403 0
1048 1.8389 0
902 1.8378 0
1802 1.8359 0
1804 1.8279 0
1316 1.8257 0
847 1.8168 0
760 1.8114 0
479 1.8114 0
276 1.8103 0
1056 1.8056 0
376 1.8039 0
1398 1.8020 0
732 1.8008 0
1647 1.7930 0
205 1.7813 0
1710 1.7801 0
1287 1.7785 0
934 1.7741 0
1768 1.7706 0
1166 1.7693 0
1621 1.7692 0
672 1.7677 0
756 1.7658 0
257 1.7633 0
1985 1.7606 0
892 1.7597 0
1431 1.7586 0
1842 1.7584 0
294 1.7526 0
358 1.7493 0
1457 1.7483 0
1992 1.7265 0
1619 1.7233 0
1213 1.7205 0
788 1.7161 0
1628 1.7047 0
1816 1.7025 0
366 1.6988 0
1998 1.6962 0
948 1.6899 0
1262 1.6888 0
1895 1.6809 0
456 1.6744 0
1544 1.6644 0
1823 1.6642 0
1860 1.6638 0
1565 1.6618 0
1522 1.6578 0
1795 1.6570 0
800 1.6525 0
1509 1.6514 0
1 1.6454 0
920 1.6434 0
1462 1.6345 0
336 1.6314 0
1571 1.6291 0
355 1.6257 0
1497 1.6237 0
1013 1.6212 0
1863 1.6165 0
470 1.5999 0
661 1.5980 0
1807 1.5861 0
362 1.5824 0
907 1.5758 0
865 1.5750 0
1624 1.5556 0
844 1.5546 0
1655 1.5537 0
1405 1.5526 0
1471 1.5491 0
631 1.5443 0
786 1.5438 0
1670 1.5435 0
541 1.5420 0
1890 1.5342 0
1195 1.5332 0
1241 1.5306 0
1041 1.5303 0
1009 1.5296 0
1454 1.5284 0
870 1.5239 0
791 1.5189 0
1453 1.4977 0
1900 1.4901 0
1703 1.4855 0
2 1.4847 0
1683 1.4797 0
397 1.4776 0
1501 1.4759 0
1157 1.4757 0
1370 1.4708 0
1110 1.4692 0
1702 1.4656 0
1878 1.4650 0
770 1.4587 0
1017 1.4525 0
1607 1.4490 0
1279 1.4405 0
1128 1.4349 0
674 1.4295 0
1074 1.4281 0
1079 1.4230 0
1160 1.4198 0
753 1.4175 0
697 1.4162 0
540 1.4161 0
265 1.4136 0
90 1.4116 0
526 1.4108 0
1091 1.4090 0
352 1.3961 0
1156 1.3960 0
1558 1.3922 0
1763 1.3900 0
1219 1.3868 0
1493 1.3847 0
437 1.3844 0
1399 1.3836 0
1785 1.3729 0
1173 1.3603 0
1549 1.3587 0
1551 1.3571 0
1073 1.3487 0
1391 1.3412 0
178 1.3389 0
391 1.3373 0
1251 1.3370 0
1904 1.3365 0
923 1.3349 0
486 1.3285 0
723 1.3228 0
1305 1.3225 0
168 1.3193 0
1465 1.3177 0
1456 1.3118 0
738 1.3039 0
269 1.3027 0
206 1.2948 0
550 1.2916 0
1476 1.2907 0
493 1.2805 0
1731 1.2792 0
842 1.2730 0
1269 1.2676 0
110 1.2631 0
1138 1.2625 0
1050 1.2600 0
762 1.2589 0
39 1.2588 0
1997 1.2572 0
350 1.2570 0
1605 1.2526 0
1754 1.2505 0
1239 1.2501 0
678 1.2493 0
1987 1.2468 0
657 1.2458 0
1281 1.2445 0
1326 1.2372 0
434 1.2368 0
906 1.2367 0
918 1.2270 0
187 1.2234 0
93 1.2196 0
1183 1.2188 0
905 1.2123 0
1186 1.2010 0
361 1.1776 0
1908 1.1757 0
519 1.1711 0
480 1.1709 0
399 1.1680 0
1972 1.1676 0
496 1.1648 0
1402 1.1583 0
1019 1.1580 0
699 1.1573 0
370 1.1559 0
1162 1.1555 0
748 1.1545 0
1438 1.1534 0
380 1.1531 0
1877 1.1468 0
1109 1.1459 0
1088 1.1446 0
941 1.1405 0
659 1.1379 0
1630 1.1357 0
286 1.1330 0
684 1.1328 0
1738 1.1311 0
1192 1.1293 0
777 1.1255 0
724 1.1247 0
1473 1.1238 0
210 1.1221 0
462 1.1143 0
881 1.1143 0
1248 1.1126 0
475 1.1075 0
1714 1.1045 0
1671 1.0990 0
194 1.0950 0
326 1.0928 0
1141 1.0923 0
1791 1.0879 0
1045 1.0874 0
193 1.0866 0
1191 1.0832 0
489 1.0829 0
365 1.0828 0
1101 1.0817 0
575 1.0800 0
669 1.0797 0
1914 1.0764 0
150 1.0751 0
679 1.0723 0
1713 1.0656 0
1051 1.0649 0
250 1.0648 0
1742 1.0621 0
629 1.0600 0
1469 1.0600 0
666 1.0588 0
1383 1.0542 0
1057 1.0478 0
1397 1.0426 0
1099 1.0388 0
1690 1.0369 0
579 1.0328 0
873 1.0301 0
1068 1.0166 0
1145 1.0049 0
159 1.0040 0
3 1.0002 0
1144 0.9978 0
1387 0.9976 0
1797 0.9971 0
156 0.9944 0
1488 0.9906 0
567 0.9794 0
1089 0.9790 0
88 0.9776 0
1933 0.9732 0
789 0.9725 0
500 0.9715 0
1922 0.9708 0
1935 0.9662 0
25 0.9629 0
1862 0.9618 0
917 0.9617 0
703 0.9614 0
946 0.9580 0
1458 0.9577 0
1986 0.9567 0
1207 0.9541 0
1620 0.9532 0
1408 0.9528 0
180 0.9424 0
739 0.9394 0
1744 0.9356 0
1631 0.9346 0
491 0.9345 0
558 0.9340 0
42 0.9301 0
1961 0.9232 0
796 0.9178 0
1197 0.9163 0
1584 0.9129 0
288 0.9091 0
301 0.9021 0
1360 0.9000 0
947 0.8981 0
1603 0.8977 0
214 0.8976 0
1645 0.8974 0
1924 0.8875 0
1036 0.8836 0
1333 0.8834 0
1927 0.8816 0
634 0.8801 0
766 0.8745 0
872 0.8730 0
87 0.8714 0
483 0.8703 0
450 0.8684 0
1122 0.8676 0
1505 0.8672 0
1499 0.8661 0
1357 0.8607 0
1756 0.8605 0
1874 0.8595 0
1636 0.8584 0
1134 0.8571 0
1085 0.8563 0
1790 0.8536 0
1234 0.8493 0
690 0.8491 0
884 0.8455 0
344 0.8442 0
118 0.8415 0
1055 0.8400 0
1384 0.8376 0
1787 0.8375 0
1315 0.8375 0
1858 0.8362 0
1052 0.8352 0
1253 0.8342 0
1506 0.8302 0
158 0.8253 0
667 0.8252 0
1242 0.8242 0
290 0.8210 0
162 0.8192 0
1724 0.8161 0
373 0.8117 0
1699 0.8117 0
1064 0.7982 0
388 0.7938 0
1418 0.7926 0
1915 0.7926 0
323 0.7881 0
763 0.7804 0
599 0.7799 0
826 0.7789 0
608 0.7774 0
1545 0.7772 0
127 0.7744 0
863 0.7697 0
604 0.7691 0
1692 0.7664 0
765 0.7661 0
939 0.7635 0
304 0.7627 0
262 0.7607 0
705 0.7590 0
692 0.7582 0
1329 0.7554 0
1740 0.7440 0
1200 0.7412 0
1857 0.7380 0
1485 0.7367 0
1530 0.7352 0
1980 0.7352 0
1224 0.7332 0
509 0.7326 0
897 0.7263 0
733 0.7224 0
1072 0.7210 0
371 0.7202 0
1999 0.7168 0
1271 0.7161 0
1507 0.7160 0
1312 0.7141 0
1886 0.7099 0
1256 0.7091 0
1486 0.7087 0
1681 0.7079 0
1564 0.7031 0
1163 0.7030 0
296 0.7023 0
1372 0.6991 0
933 0.6988 0
170 0.6941 0
287 0.6939 0
536 0.6929 0
407 0.6924 0
261 0.6915 0
179 0.6915 0
1374 0.6866 0
1660 0.6775 0
505 0.6756 0
1919 0.6747 0
1427 0.6745 0
1884 0.6744 0
689 0.6664 0
1377 0.6618 0
888 0.6616 0
530 0.6610 0
1199 0.6586 0
553 0.6512 0
1136 0.6504 0
196 0.6499 0
174 0.6481 0
1182 0.6473 0
1495 0.6470 0
1228 0.6464 0
270 0.6451 0
618 0.6419 0
592 0.6403 0
955 0.6387 1
1625 0.6346 0
819 0.6332 0
8 0.6306 0
1276 0.6293 0
44 0.6281 0
787 0.6154 0
1538 0.6145 0
240 0.6088 0
677 0.6042 0
1796 0.6024 0
308 0.5970 0
224 0.5919 0
1010 0.5912 0
484 0.5904 0
109 0.5858 0
775 0.5850 0
38 0.5813 0
598 0.5788 0
411 0.5782 0
1118 0.5780 0
805 0.5771 0
944 0.5758 0
1449 0.5716 0
1646 0.5639 0
77 0.5627 0
1869 0.5619 0
635 0.5619 0
904 0.5557 0
186 0.5508 0
545 0.5446 0
1531 0.5431 0
1697 0.5426 0
1203 0.5426 0
1959 0.5421 0
675 0.5413 0
1656 0.5398 0
1327 0.5355 0
1043 0.5334 0
448 0.5320 0
646 0.5277 0
1853 0.5250 0
1951 0.5227 0
1521 0.5174 0
714 0.5152 0
300 0.5137 0
1514 0.5071 0
212 0.5067 0
1194 0.5041 0
1131 0.5032 0
275 0.5014 0
1511 0.4970 0
1284 0.4939 0
619 0.4924 0
63 0.4916 0
911 0.4909 0
1984 0.4814 0
1519 0.4808 0
1629 0.4795 0
1222 0.4780 0
1286 0.4777 0
50 0.4769 0
1325 0.4763 0
1389 0.4731 0
31 0.4724 0
668 0.4669 0
1662 0.4643 0
1363 0.4639 0
1970 0.4600 0
1105 0.4551 0
1537 0.4528 0
744 0.4479 0
1859 0.4443 0
1750 0.4396 0
16 0.4391 0
80 0.4389 0
177 0.4346 0
363 0.4342 0
655 0.4315 0
1520 0.4142 0
76 0.4138 0
357 0.4124 0
932 0.4036 0
216 0.4026 0
1046 0.3989 0
1150 0.3955 0
1042 0.3947 0
249 0.3945 0
1527 0.3910 0
875 0.3857 0
745 0.3850 0
1475 0.3824 0
1708 0.3735 0
1063 0.3697 0
1752 0.3688 0
524 0.3684 0
1175 0.3662 0
1543 0.3659 0
96 0.3647 0
184 0.3631 0
1225 0.3628 0
1825 0.3569 0
73 0.3365 0
528 0.3306 0
1526 0.3284 0
1098 0.3283 0
1021 0.3278 0
146 0.3236 0
1989 0.3201 0
169 0.3172 0
416 0.3129 0
1974 0.3119 0
561 0.3094 0
103 0.3010 0
41 0.2988 0
1613 0.2980 0
220 0.2917 0
1451 0.2909 0
864 0.2869 0
1158 0.2833 0
208 0.2762 0
790 0.2727 0
1937 0.2698 0
633 0.2694 0
529 0.2692 0
34 0.2643 0
1725 0.2606 0
1747 0.2606 0
129 0.2532 0
1247 0.2479 0
720 0.2466 0
199 0.2453 0
1925 0.2448 0
606 0.2430 0
499 0.2414 0
1164 0.2400 0
256 0.2368 0
548 0.2338 0
1226 0.2317 0
1211 0.2271 0
1963 0.2264 0
334 0.2256 0
621 0.2246 0
593 0.2238 0
647 0.2221 0
207 0.2216 0
1667 0.2214 0
1718 0.2177 0
40 0.2124 0
1231 0.2106 0
145 0.2012 0
1168 0.1952 0
588 0.1916 0
1058 0.1899 0
1034 0.1896 0
200 0.1873 0
1638 0.1870 0
596 0.1833 0
601 0.1719 0
589 0.1715 0
1732 0.1702 0
1140 0.1666 0
282 0.1644 0
1513 0.1638 0
1508 0.1607 0
1687 0.1601 0
349 0.1554 0
408 0.1553 0
1525 0.1541 0
1123 0.1534 0
1923 0.1510 0
1401 0.1506 0
1979 0.1479 0
56 0.1414 0
175 0.1387 0
1235 0.1340 0
235 0.1321 0
851 0.1307 0
1737 0.1266 0
514 0.1253 0
1460 0.1236 0
1865 0.1232 0
4 0.1181 0
1954 0.1155 0
1275 0.1145 0
835 0.1042 0
347 0.1020 0
1528 0.0967 0
292 0.0927 0
1421 0.0922 0
734 0.0896 0
1348 0.0892 0
1423 0.0884 0
281 0.0861 0
1318 0.0837 0
1707 0.0826 0
1100 0.0750 0
1721 0.0685 0
467 0.0660 0
1944 0.0534 0
192 0.0532 0
1993 0.0517 0
1490 0.0504 0
1083 0.0495 0
45 0.0444 0
1792 0.0363 0
1729 0.0346 0
1412 0.0292 0
820 0.0288 0
807 0.0282 0
701 0.0256 0
219 0.0185 0
97 0.0175 0
189 0.0161 0
507 0.0149 0
1323 0.0101 0
574 0.0088 0
429 0.0045 0
504 0.0014 0
544 0.0001 0
1940 -0.0001 0
1489 -0.0026 0
312 -0.0030 0
409 -0.0072 0
600 -0.0102 0
1294 -0.0132 0
1053 -0.0148 0
1406 -0.0176 0
889 -0.0198 0
66 -0.0198 0
385 -0.0248 0
1320 -0.0269 0
151 -0.0301 0
1806 -0.0324 0
1541 -0.0343 0
382 -0.0359 0
1336 -0.0416 0
1011 -0.0422 0
546 -0.0431 0
1817 -0.0450 0
1665 -0.0524 0
1829 -0.0528 0
855 -0.0560 0
1355 -0.0607 0
418 -0.0612 0
1071 -0.0664 0
477 -0.0674 0
1905 -0.0675 0
1872 -0.0676 0
227 -0.0722 0
931 -0.0753 0
503 -0.0795 0
1107 -0.0818 0
743 -0.0851 0
1115 -0.0881 0
211 -0.0943 0
1193 -0.0946 0
1352 -0.0963 0
1155 -0.0986 0
1734 -0.0999 0
386 -0.1028 0
1106 -0.1038 0
83 -0.1059 0
1640 -0.1066 0
21 -0.1075 0
513 -0.1076 0
252 -0.1078 0
615 -0.1079 0
814 -0.1081 0
172 -0.1083 0
1419 -0.1090 0
537 -0.1108 0
853 -0.1130 0
1512 -0.1150 0
664 -0.1172 0
12 -0.1198 0
916 -0.1213 0
181 -0.1225 0
423 -0.1227 0
938 -0.1234 0
1409 -0.1242 0
1392 -0.1245 0
1112 -0.1287 0
81 -0.1308 0
1481 -0.1347 0
1167 -0.1381 0
878 -0.1399 0
330 -0.1405 0
1215 -0.1406 0
1639 -0.1416 0
1741 -0.1417 0
1208 -0.1427 0
1969 -0.1441 0
1830 -0.1447 0
569 -0.1478 0
1835 -0.1490 0
1096 -0.1495 0
1604 -0.1516 0
628 -0.1548 0
452 -0.1575 0
298 -0.1585 0
1339 -0.1660 0
74 -0.1668 0
927 -0.1679 0
231 -0.1690 0
476 -0.1691 0
1834 -0.1716 0
248 -0.1717 0
658 -0.1797 0
1851 -0.1817 0
1705 -0.1830 0
1938 -0.1839 0
148 -0.1875 0
576 -0.1875 0
1455 -0.1878 0
1906 -0.1937 0
582 -0.2025 0
1381 -0.2030 0
1839 -0.2072 0
394 -0.2086 0
1533 -0.2129 0
797 -0.2146 0
472 -0.2160 0
1076 -0.2168 0
868 -0.2192 0
735 -0.2236 0
1209 -0.2247 0
809 -0.2255 0
761 -0.2302 0
852 -0.2331 0
1362 -0.2351 0
244 -0.2369 0
1748 -0.2370 0
1864 -0.2382 0
1822 -0.2413 0
246 -0.2425 0
1285 -0.2438 0
813 -0.2443 0
776 -0.2445 0
1229 -0.2455 0
833 -0.2512 0
1978 -0.2514 0
1178 -0.2552 0
59 -0.2561 0
1875 -0.2583 0
1757 -0.2583 0
1973 -0.2590 0
1290 -0.2610 0
1680 -0.2627 0
1340 -0.2630 0
133 -0.2630 0
1614 -0.2631 0
831 -0.2747 0
263 -0.2755 0
377 -0.2759 0
468 -0.2853 0
925 -0.2887 0
1948 -0.2888 0
404 -0.2895 0
1410 -0.2898 0
5 -0.2919 0
99 -0.2939 0
1926 -0.2992 0
424 -0.2995 0
190 -0.3054 0
1440 -0.3072 0
1966 -0.3073 0
1831 -0.3120 0
1148 -0.3123 0
1716 -0.3188 0
1811 -0.3266 0
1719 -0.3333 0
1237 -0.3406 0
65 -0.3423 0
1909 -0.3443 0
1723 -0.3451 0
1230 -0.3455 0
183 -0.3496 0
798 -0.3533 0
1238 -0.3549 0
516 -0.3582 0
369 -0.3599 0
1894 -0.3602 0
1659 -0.3622 0
1139 -0.3667 0
1889 -0.3689 0
609 -0.3695 0
1049 -0.3702 0
803 -0.3709 0
1062 -0.3728 0
15 -0.3745 0
1474 -0.3748 0
430 -0.3859 0
520 -0.3861 0
1679 -0.3878 0
53 -0.3918 0
259 -0.3934 0
1733 -0.3937 0
568 -0.3979 0
374 -0.3989 0
1781 -0.4003 0
185 -0.4057 0
368 -0.4069 0
1845 -0.4074 0
225 -0.4090 0
662 -0.4105 0
858 -0.4117 0
1837 -0.4136 0
532 -0.4138 0
1873 -0.4200 0
708 -0.4247 0
1204 -0.4257 0
492 -0.4262 0
563 -0.4266 0
222 -0.4270 0
1016 -0.4341 0
218 -0.4349 0
626 -0.4353 0
1246 -0.4427 0
142 -0.4428 0
420 -0.4440 0
1385 -0.4450 0
552 -0.4454 0
105 -0.4485 0
1827 -0.4492 0
1395 -0.4517 0
498 -0.4587 0
1598 -0.4588 0
849 -0.4589 0
1047 -0.4591 0
740 -0.4591 0
1765 -0.4671 0
682 -0.4693 0
1037 -0.4750 0
687 -0.4752 0
68 -0.4788 0
1821 -0.4829 0
1942 -0.4829 0
713 -0.4831 0
1815 -0.4835 0
1351 -0.4878 0
1125 -0.4881 0
781 -0.4910 0
1433 -0.4942 0
1344 -0.4998 0
390 -0.5002 0
1789 -0.5009 0
1838 -0.5031 0
1044 -0.5037 0
1623 -0.5041 0
1868 -0.5042 0
495 -0.5062 0
1380 -0.5067 0
924 -0.5111 0
343 -0.5114 0
1343 -0.5149 0
811 -0.5163 0
506 -0.5205 0
1911 -0.5211 0
1952 -0.5221 0
1711 -0.5241 0
1424 -0.5250 0
393 -0.5251 0
605 -0.5283 0
801 -0.5286 0
1189 -0.5301 0
909 -0.5305 0
123 -0.5312 0
642 -0.5322 0
1135 -0.5334 0
1033 -0.5360 0
1516 -0.5368 0
617 -0.5381 0
383 -0.5391 0
1913 -0.5420 0
854 -0.5432 0
1805 -0.5445 0
9 -0.5459 0
497 -0.5462 0
1658 -0.5466 0
1450 -0.5477 0
215 -0.5496 0
410 -0.5498 0
1137 -0.5512 0
1746 -0.5561 0
1627 -0.5568 0
340 -0.5596 0
1353 -0.5633 0
91 -0.5695 0
128 -0.5697 0
866 -0.5701 0
1943 -0.5708 0
1503 -0.5724 0
1775 -0.5885 0
583 -0.5886 0
111 -0.5924 0
202 -0.5977 0
322 -0.5978 0
435 -0.6021 0
817 -0.6088 0
1780 -0.6113 0
795 -0.6181 0
115 -0.6199 0
309 -0.6231 0
279 -0.6259 0
1883 -0.6299 0
401 -0.6317 0
1308 -0.6317 0
1081 -0.6320 0
622 -0.6333 0
1364 -0.6411 0
291 -0.6417 0
1947 -0.6431 0
1861 -0.6437 0
895 -0.6464 0
318 -0.6480 0
616 -0.6489 0
1484 -0.6492 0
1540 -0.6492 0
1553 -0.6494 0
1416 -0.6544 0
237 -0.6578 0
203 -0.6641 0
1652 -0.6646 0
1080 -0.6667 0
1524 -0.6724 0
685 -0.6758 0
1366 -0.6762 0
315 -0.6789 0
827 -0.6800 0
860 -0.6819 0
137 -0.6828 0
120 -0.6855 0
395 -0.6857 0
1580 -0.6871 0
1415 -0.6873 0
1332 -0.6877 0
328 -0.6888 0
1896 -0.6904 0
1876 -0.6910 0
1735 -0.6929 0
1304 -0.6987 0
122 -0.7002 0
555 -0.7037 0
624 -0.7107 0
1964 -0.7109 0
1561 -0.7164 0
141 -0.7175 0
1170 -0.7191 0
990 -0.7192 1
1776 -0.7319 0
632 -0.7325 0
102 -0.7379 0
673 -0.7472 0
731 -0.7538 0
823 -0.7540 0
1407 -0.7551 0
572 -0.7568 0
757 -0.7570 0
728 -0.7582 0
613 -0.7588 0
808 -0.7618 0
1912 -0.7630 0
533 -0.7681 0
822 -0.7682 0
1801 -0.7700 0
1478 -0.7722 0
1434 -0.7741 0
1210 -0.7882 0
623 -0.7927 0
72 -0.7948 0
317 -0.7987 0
1810 -0.7993 0
164 -0.8006 0
1971 -0.8024 0
839 -0.8049 0
29 -0.8074 0
201 -0.8127 0
1119 -0.8129 0
1202 -0.8162 0
1983 -0.8172 0
1832 -0.8175 0
915 -0.8231 0
1517 -0.8274 0
1730 -0.8277 0
1833 -0.8348 0
877 -0.8361 0
722 -0.8394 0
921 -0.8402 0
242 -0.8409 0
1981 -0.8458 0
1014 -0.8467 0
442 -0.8510 0
1663 -0.8526 0
351 -0.8532 0
1557 -0.8534 0
527 -0.8540 0
1500 -0.8585 0
1931 -0.8596 0
379 -0.8646 0
488 -0.8674 0
387 -0.8695 0
1319 -0.8717 0
108 -0.8732 0
414 -0.8739 0
1496 -0.8743 0
305 -0.8762 0
1414 -0.8787 0
710 -0.8794 0
389 -0.8795 0
78 -0.8849 0
954 -0.8858 1
140 -0.8860 0
1359 -0.8863 0
473 -0.8868 0
636 -0.8894 0
1939 -0.8898 0
1358 -0.8927 0
405 -0.8986 0
1518 -0.8989 0
1949 -0.9076 0
1223 -0.9077 0
320 -0.9078 0
188 -0.9097 0
828 -0.9149 0
1347 -0.9149 0
307 -0.9171 0
625 -0.9219 0
584 -0.9222 0
157 -0.9288 0
832 -0.9315 0
160 -0.9319 0
1174 -0.9324 0
1945 -0.9380 0
11 -0.9411 0
302 -0.9419 0
1356 -0.9454 0
620 -0.9483 0
1121 -0.9658 0
1240 -0.9726 0
956 -0.9739 1
614 -0.9739 0
560 -0.9748 0
1534 -0.9776 0
319 -0.9782 0
730 -0.9798 0
749 -0.9841 0
1955 -0.9852 0
274 -0.9871 0
1755 -0.9937 0
1769 -0.9946 0
702 -1.0022 0
721 -1.0041 0
1090 -1.0088 0
1597 -1.0126 0
1437 -1.0168 0
1770 -1.0259 0
1331 -1.0286 0
245 -1.0310 0
611 -1.0336 0
1778 -1.0351 0
883 -1.0362 0
232 -1.0380 0
1917 -1.0393 0
402 -1.0430 0
18 -1.0454 0
845 -1.0465 0
51 -1.0483 0
848 -1.0487 0
20 -1.0490 0
314 -1.0515 0
131 -1.0526 0
1706 -1.0571 0
1120 -1.0571 0
204 -1.0617 0
1529 -1.0618 0
1094 -1.0628 0
1759 -1.0667 0
1477 -1.0677 0
1492 -1.0683 0
1800 -1.0689 0
1936 -1.0730 0
415 -1.0754 0
857 -1.0764 0
426 -1.0821 0
289 -1.0830 0
1180 -1.0849 0
1888 -1.0851 0
1760 -1.0852 0
639 -1.0919 0
1165 -1.0922 0
1464 -1.0938 0
332 -1.0977 0
1023 -1.1012 0
94 -1.1023 0
1649 -1.1054 0
810 -1.1061 0
1965 -1.1098 0
375 -1.1142 0
1000 -1.1252 0
46 -1.1326 0
152 -1.1345 0
1901 -1.1375 0
1093 -1.1406 0
585 -1.1421 0
255 -1.1463 0
750 -1.1486 0
417 -1.1494 0
1368 -1.1528 0
299 -1.1586 0
86 -1.1648 0
830 -1.1696 0
116 -1.1722 0
1968 -1.1749 0
1129 -1.1809 0
1813 -1.1816 0
1812 -1.1831 0
1882 -1.1833 0
356 -1.1840 0
30 -1.1879 0
161 -1.1895 0
119 -1.1949 0
22 -1.1993 0
1322 -1.1996 0
1301 -1.2031 0
1004 -1.2034 0
1846 -1.2037 0
1436 -1.2091 0
324 -1.2100 0
1306 -1.2182 0
1378 -1.2216 0
1153 -1.2217 0
1317 -1.2254 0
139 -1.2263 0
1102 -1.2268 0
1369 -1.2318 0
1712 -1.2327 0
945 -1.2353 0
1798 -1.2365 0
1151 -1.2386 0
1445 -1.2407 0
364 -1.2413 0
268 -1.2415 0
607 -1.2427 0
1028 -1.2509 0
1887 -1.2538 0
1018 -1.2558 0
556 -1.2582 0
1216 -1.2609 0
874 -1.2623 0
69 -1.2639 0
1345 -1.2710 0
278 -1.2733 0
89 -1.2765 0
1003 -1.2828 0
1820 -1.2908 0
165 -1.2923 0
1146 -1.2926 0
61 -1.2987 0
880 -1.3033 0
630 -1.3035 0
698 -1.3051 0
1794 -1.3058 0
670 -1.3073 0
894 -1.3104 0
700 -1.3132 0
459 -1.3191 0
213 -1.3222 0
1185 -1.3257 0
591 -1.3412 0
1086 -1.3449 0
562 -1.3454 0
1067 -1.3470 0
610 -1.3526 0
816 -1.3553 0
1376 -1.3556 0
167 -1.3559 0
233 -1.3597 0
871 -1.3701 0
403 -1.3765 0
645 -1.3773 0
348 -1.3792 0
586 -1.3806 0
1606 -1.3820 0
446 -1.3874 0
782 -1.3914 0
559 -1.3981 0
1442 -1.3995 0
297 -1.4001 0
163 -1.4024 0
1929 -1.4108 0
913 -1.4216 0
691 -1.4268 0
92 -1.4333 0
1087 -1.4361 0
1880 -1.4374 0
155 -1.4494 0
1095 -1.4524 0
1918 -1.4547 0
1214 -1.4637 0
1039 -1.4640 0
1988 -1.4664 0
1403 -1.4687 0
251 -1.4710 0
258 -1.4874 0
1310 -1.4913 0
441 -1.4943 0
1328 -1.4944 0
1510 -1.4946 0
17 -1.4947 0
19 -1.4954 0
799 -1.4991 0
1892 -1.5010 0
335 -1.5016 0
1996 -1.5053 0
746 -1.5053 0
1367 -1.5071 0
303 -1.5107 0
1700 -1.5151 0
236 -1.5173 0
1233 -1.5211 0
1773 -1.5213 0
13 -1.5242 0
1184 -1.5243 0
197 -1.5287 0
794 -1.5355 0
217 -1.5380 0
1898 -1.5392 0
1841 -1.5407 0
229 -1.5462 0
1422 -1.5465 0
1133 -1.5478 0
715 -1.5555 0
173 -1.5580 0
742 -1.5626 0
243 -1.5711 0
353 -1.5723 0
280 -1.5740 0
1696 -1.5757 0
841 -1.5817 0
285 -1.5831 0
209 -1.5860 0
221 -1.5863 0
943 -1.5927 0
228 -1.5976 0
487 -1.6082 0
1426 -1.6096 0
573 -1.6134 0
1479 -1.6166 0
313 -1.6209 0
1745 -1.6214 0
653 -1.6251 0
1075 -1.6282 0
1515 -1.6295 0
254 -1.6333 0
1324 -1.6372 0
0 -1.6381 0
1720 -1.6401 0
879 -1.6433 0
578 -1.6447 0
95 -1.6450 0
1217 -1.6471 0
747 -1.6525 0
82 -1.6574 0
1491 -1.6588 0
543 -1.6615 0
35 -1.6645 0
176 -1.6650 0
876 -1.6766 0
1849 -1.6773 0
1303 -1.6780 0
1177 -1.6789 0
1916 -1.6864 0
331 -1.6898 0
922 -1.6930 0
1928 -1.6963 0
1152 -1.7043 0
166 -1.7068 0
113 -1.7292 0
1029 -1.7330 0
293 -1.7354 0
829 -1.7405 0
1782 -1.7444 0
1040 -1.7510 0
1341 -1.7536 0
440 -1.7570 0
898 -1.7608 0
1212 -1.7665 0
719 -1.7696 0
52 -1.7705 0
1779 -1.7733 0
1958 -1.7743 0
182 -1.7778 0
1788 -1.7798 0
706 -1.7813 0
60 -1.7838 0
112 -1.7842 0
444 -1.7950 0
882 -1.8004 0
253 -1.8077 0
772 -1.8085 0
1818 -1.8207 0
1390 -1.8219 0
928 -1.8236 0
1843 -1.8282 0
779 -1.8349 0
665 -1.8366 0
1799 -1.8441 0
54 -1.8490 0
1393 -1.8619 0
1365 -1.8634 0
1715 -1.8700 0
360 -1.8752 0
792 -1.8781 0
1015 -1.8846 0
1777 -1.8947 0
138 -1.9011 0
1307 -1.9018 0
474 -1.9131 0
1221 -1.9157 0
919 -1.9171 0
1116 -1.9209 0
1648 -1.9294 0
1220 -1.9352 0
1054 -1.9380 0
818 -1.9417 0
891 -1.9421 0
511 -1.9470 0
627 -1.9508 0
438 -1.9557 0
325 -1.9610 0
439 -1.9659 0
47 -1.9675 0
321 -1.9764 0
565 -1.9772 0
1198 -1.9831 0
861 -1.9948 0
57 -1.9976 0
62 -2.0064 0
554 -2.0066 0
1826 -2.0089 0
1902 -2.0091 0
1027 -2.0122 0
1429 -2.0123 0
1103 -2.0154 0
1181 -2.0215 0
153 -2.0282 0
70 -2.0311 0
327 -2.0356 0
717 -2.0375 0
564 -2.0384 0
1255 -2.0387 0
1179 -2.0469 0
271 -2.0502 0
1371 -2.0503 0
644 -2.0552 0
27 -2.0560 0
223 -2.0571 0
1005 -2.0595 0
1201 -2.0598 0
75 -2.0630 0
32 -2.0715 0
1249 -2.0816 0
1130 -2.0980 0
1349 -2.1005 0
571 -2.1114 0
1836 -2.1172 0
1227 -2.1197 0
806 -2.1371 0
198 -2.1417 0
1793 -2.1465 0
1953 -2.1502 0
154 -2.1543 0
1171 -2.1590 0
1982 -2.1607 0
1298 -2.1710 0
1117 -2.1774 0
230 -2.1967 0
654 -2.1986 0
1236 -2.2098 0
793 -2.2107 0
1991 -2.2129 0
825 -2.2141 0
1346 -2.2155 0
48 -2.2162 0
736 -2.2171 0
267 -2.2332 0
413 -2.2358 0
1313 -2.2382 0
597 -2.2415 0
1616 -2.2466 0
603 -2.2470 0
709 -2.2492 0
239 -2.2502 0
1252 -2.2610 0
1413 -2.2622 0
1941 -2.2725 0
726 -2.2753 0
247 -2.2757 0
1035 -2.2954 0
1084 -2.3032 0
908 -2.3032 0
727 -2.3065 0
1910 -2.3123 0
577 -2.3133 0
1764 -2.3172 0
260 -2.3277 0
1852 -2.3322 0
64 -2.3323 0
1686 -2.3417 0
37 -2.3553 0
566 -2.3589 0
1031 -2.3591 0
1897 -2.3677 0
98 -2.3712 0
1995 -2.3757 0
1975 -2.3816 0
885 -2.4013 0
834 -2.4013 0
942 -2.4074 0
10 -2.4120 0
427 -2.4172 0
1335 -2.4174 0
580 -2.4470 0
392 -2.4477 0
1439 -2.4549 0
1443 -2.4756 0
1386 -2.4804 0
1309 -2.5144 0
345 -2.5175 0
641 -2.5207 0
1840 -2.5252 0
1373 -2.5310 0
55 -2.5346 0
638 -2.5504 0
590 -2.5508 0
23 -2.5645 0
346 -2.5746 0
85 -2.5862 0
478 -2.5900 0
191 -2.5964 0
695 -2.6050 0
1753 -2.6082 0
914 -2.6127 0
693 -2.6284 0
1126 -2.6465 0
71 -2.6476 0
836 -2.6521 0
67 -2.6617 0
425 -2.7033 0
14 -2.7081 0
815 -2.7302 0
1154 -2.7325 0
436 -2.7426 0
660 -2.7507 0
33 -2.7529 0
821 -2.7553 0
1903 -2.7571 0
812 -2.7614 0
58 -2.7872 0
1302 -2.7965 0
1314 -2.8155 0
1012 -2.8170 0
1060 -2.8179 0
1001 -2.8185 0
648 -2.8217 0
649 -2.8254 0
1736 -2.8365 0
1379 -2.8521 0
428 -2.8529 0
341 -2.8530 0
1441 -2.8585 0
1819 -2.8746 0
422 -2.8832 0
1899 -2.9150 0
899 -2.9376 0
121 -2.9421 0
238 -2.9461 0
1206 -2.9489 0
445 -2.9544 0
570 -2.9561 0
683 -2.9595 0
1784 -2.9658 0
1232 -2.9952 0
1038 -3.0611 0
1435 -3.0749 0
1311 -3.0897 0
862 -3.1138 0
1814 -3.1431 0
643 -3.1549 0
1976 -3.1720 0
869 -3.1997 0
1334 -3.2017 0
1844 -3.2328 0
171 -3.2428 0
1786 -3.2636 0
284 -3.3010 0
729 -3.3125 0
1411 -3.3505 0
1532 -3.3702 0
482 -3.4399 0
421 -3.4622 0
1172 -3.4753 0
1758 -3.5235 0
551 -3.5248 0
431 -3.5340 0
711 -3.5494 0
1330 -3.5644 0
1854 -3.5747 0
1766 -3.5806 0
612 -3.6003 0
447 -3.6454 0
595 -3.6513 0
400 -3.6785 0
843 -3.7596 0
494 -3.7775 0
443 -3.8219 0
433 -3.8296 0
406 -3.9181 0
1300 -3.9904 0
837 -3.9949 0
1771 -4.0655 0
1070 -4.0789 0
856 -4.0859 0
1751 -4.0954 0
1396 -4.1573 0
329 -4.1983 0
859 -4.2703 0
79 -4.3325 0
1342 -4.4515 0
1767 -4.4909 0
1007 -4.5849 0
26 -4.7303 0
557 -4.7519 0
28 -4.9226 0
43 -6.1085 0
