1019 28.7785 1
1007 28.7262 1
1009 25.8185 1
1022 21.7532 1
1012 19.8408 1
1016 18.7417 1
1038 18.6794 1
1023 16.9909 1
1029 16.3091 1
1028 15.8048 1
1006 14.7683 1
1049 14.5980 1
1002 14.4240 1
1035 13.9625 1
1020 13.3752 1
1039 13.2943 1
1014 13.0321 1
1005 12.3171 1
1008 12.0210 1
1036 10.4969 1
1011 10.1750 1
1010 10.0605 1
1037 9.8287 1
1046 9.7157 1
1788 9.5303 0
1041 9.4779 1
1253 9.2036 0
1047 8.8367 1
884 8.6784 0
1004 8.6703 1
1307 8.6001 0
1260 8.5560 0
650 8.4600 0
1031 8.4481 1
1991 8.4447 0
1390 8.4115 0
1027 8.2702 1
1017 8.2579 1
1032 8.1770 1
350 8.0408 0
1024 7.9829 1
1331 7.9304 0
690 7.8059 0
1671 7.7102 0
1013 7.6388 1
471 7.6170 0
390 7.5611 0
1368 7.5442 0
987 7.4996 0
482 7.4814 0
455 7.4263 0
885 7.2605 0
1040 7.2022 1
399 7.1760 0
382 7.1681 0
1379 7.1153 0
1252 7.1112 0
1480 7.0065 0
1355 6.9691 0
1323 6.9682 0
457 6.9652 0
1562 6.9195 0
1349 6.8806 0
864 6.8416 0
1240 6.8406 0
1665 6.8124 0
742 6.8034 0
493 6.7840 0
391 6.7454 0
1780 6.6851 0
1550 6.6824 0
836 6.6716 0
376 6.6555 0
1018 6.6546 1
1267 6.6546 0
1003 6.6182 1
1597 6.6172 0
1048 6.5726 1
999 6.5430 0
1328 6.5187 0
879 6.5049 0
956 6.4931 0
485 6.4839 0
1557 6.4703 0
953 6.4588 0
887 6.4490 0
392 6.3981 0
1455 6.3372 0
1471 6.3191 0
384 6.2939 0
1580 6.2052 0
1280 6.1961 0
1765 6.1899 0
1057 6.1797 0
1268 6.1543 0
886 6.1197 0
1755 6.0835 0
1209 6.0549 0
1692 5.9988 0
1684 5.9131 0
1358 5.8764 0
1352 5.8672 0
1766 5.8421 0
1429 5.8367 0
1316 5.8030 0
876 5.7465 0
1503 5.7309 0
354 5.7206 0
1604 5.7176 0
682 5.7127 0
729 5.7126 0
1398 5.7078 0
397 5.7067 0
379 5.7056 0
1475 5.7039 0
829 5.7011 0
1502 5.6977 0
1301 5.6732 0
1026 5.5935 1
1632 5.5931 0
1332 5.5884 0
460 5.5771 0
653 5.5694 0
1043 5.5432 1
785 5.5284 0
1372 5.5171 0
1044 5.4932 1
495 5.4876 0
1599 5.4682 0
312 5.4050 0
1341 5.3749 0
974 5.3654 0
1879 5.3472 0
551 5.3443 0
484 5.3106 0
1662 5.2772 0
1077 5.2772 0
861 5.2678 0
778 5.2596 0
365 5.2308 0
857 5.2281 0
1454 5.2134 0
898 5.2035 0
1560 5.1851 0
1693 5.1742 0
346 5.1644 0
364 5.1301 0
342 5.1006 0
1067 5.0859 0
1772 5.0646 0
1351 5.0598 0
530 5.0404 0
1283 5.0306 0
660 5.0197 0
897 4.9866 0
696 4.9854 0
279 4.9744 0
467 4.9351 0
1669 4.9262 0
1495 4.9156 0
1348 4.9049 0
1535 4.9027 0
810 4.8946 0
1547 4.8669 0
1300 4.8631 0
1526 4.8330 0
319 4.8234 0
359 4.8163 0
1522 4.8111 0
925 4.7972 0
91 4.7761 0
1163 4.7573 0
1690 4.7546 0
1406 4.7544 0
385 4.7314 0
1386 4.7018 0
494 4.6830 0
1310 4.6640 0
1296 4.6568 0
684 4.6358 0
168 4.6243 0
378 4.6175 0
651 4.6164 0
1210 4.6105 0
1694 4.6053 0
1678 4.6013 0
870 4.5923 0
1736 4.5699 0
1466 4.5697 0
75 4.5650 0
247 4.5584 0
1697 4.5576 0
561 4.5454 0
1508 4.5439 0
1270 4.5390 0
522 4.5308 0
1291 4.5285 0
285 4.5178 0
387 4.5023 0
1158 4.4955 0
502 4.4950 0
450 4.4873 0
380 4.4844 0
1383 4.4620 0
1353 4.4588 0
280 4.4357 0
994 4.4254 0
389 4.4221 0
1257 4.4206 0
761 4.4094 0
345 4.4073 0
1255 4.4022 0
27 4.4012 0
895 4.3947 0
1201 4.3906 0
474 4.3895 0
1015 4.3615 1
849 4.3602 0
291 4.3601 0
1804 4.3598 0
1687 4.3489 0
1750 4.3486 0
425 4.3437 0
353 4.3328 0
331 4.3276 0
543 4.3220 0
699 4.3151 0
476 4.3026 0
83 4.2968 0
930 4.2881 0
363 4.2861 0
1493 4.2558 0
468 4.2536 0
1740 4.2506 0
1354 4.2156 0
649 4.2115 0
712 4.1965 0
641 4.1959 0
1954 4.1930 0
1325 4.1831 0
1118 4.1822 0
1208 4.1819 0
340 4.1734 0
368 4.1628 0
958 4.1585 0
875 4.1402 0
1523 4.1358 0
855 4.1341 0
691 4.1332 0
366 4.1257 0
540 4.1240 0
1952 4.1087 0
1679 4.1061 0
889 4.1050 0
794 4.0936 0
1630 4.0867 0
851 4.0825 0
670 4.0786 0
1663 4.0711 0
1640 4.0708 0
431 4.0637 0
654 4.0522 0
338 4.0459 0
1045 4.0459 1
1369 4.0418 0
1271 4.0405 0
511 4.0312 0
1365 4.0266 0
1232 4.0250 0
1470 3.9999 0
458 3.9736 0
327 3.9654 0
743 3.9626 0
1313 3.9333 0
394 3.9161 0
890 3.9106 0
1030 3.9028 1
1250 3.9010 0
355 3.9009 0
451 3.8835 0
1282 3.8811 0
1100 3.8719 0
465 3.8632 0
673 3.8630 0
1770 3.8443 0
310 3.8387 0
526 3.8098 0
1521 3.7963 0
1515 3.7915 0
837 3.7858 0
373 3.7856 0
1462 3.7838 0
479 3.7704 0
332 3.7426 0
1185 3.7422 0
367 3.7373 0
1524 3.7338 0
1501 3.6981 0
481 3.6976 0
1256 3.6942 0
1858 3.6907 0
1135 3.6861 0
671 3.6803 0
1327 3.6741 0
1611 3.6527 0
588 3.6366 0
1204 3.6363 0
899 3.5921 0
624 3.5892 0
1373 3.5888 0
1326 3.5769 0
1757 3.5759 0
172 3.5693 0
230 3.5573 0
1514 3.5489 0
524 3.5481 0
370 3.5433 0
1422 3.5427 0
859 3.5264 0
488 3.5113 0
865 3.5094 0
768 3.5071 0
1543 3.5059 0
320 3.5058 0
1274 3.4915 0
1275 3.4893 0
48 3.4861 0
1636 3.4838 0
1410 3.4779 0
322 3.4710 0
1432 3.4669 0
752 3.4619 0
388 3.4608 0
45 3.4526 0
868 3.4499 0
351 3.4458 0
1653 3.4407 0
1246 3.4368 0
1712 3.4350 0
1381 3.4345 0
842 3.4330 0
1309 3.4282 0
1582 3.4175 0
362 3.4152 0
1544 3.4142 0
1637 3.4124 0
657 3.4122 0
501 3.4067 0
1789 3.4040 0
658 3.3970 0
968 3.3959 0
1675 3.3936 0
161 3.3891 0
516 3.3804 0
483 3.3690 0
393 3.3671 0
1761 3.3626 0
675 3.3561 0
496 3.3479 0
1336 3.3474 0
1440 3.3392 0
38 3.3384 0
1491 3.3247 0
872 3.3220 0
1516 3.3188 0
1635 3.3179 0
775 3.3136 0
454 3.3134 0
1615 3.3033 0
1464 3.2987 0
1699 3.2910 0
1909 3.2870 0
386 3.2833 0
1363 3.2805 0
273 3.2739 0
1778 3.2730 0
1290 3.2718 0
1273 3.2635 0
1033 3.2591 1
314 3.2588 0
683 3.2565 0
1214 3.2437 0
1346 3.2174 0
1172 3.2159 0
862 3.2121 0
1238 3.2111 0
473 3.2064 0
290 3.2035 0
1266 3.2010 0
1362 3.1929 0
1360 3.1912 0
1525 3.1829 0
381 3.1662 0
850 3.1542 0
1218 3.1532 0
360 3.1523 0
120 3.1504 0
877 3.1476 0
20 3.1386 0
361 3.1365 0
357 3.1300 0
1242 3.1155 0
1567 3.1085 0
472 3.0916 0
852 3.0895 0
1278 3.0859 0
480 3.0844 0
756 3.0781 0
1289 3.0755 0
1686 3.0678 0
1518 3.0653 0
1900 3.0634 0
1299 3.0557 0
1021 3.0474 1
1075 3.0397 0
40 3.0363 0
963 3.0223 0
1347 3.0160 0
1340 3.0145 0
1294 3.0103 0
672 2.9970 0
1101 2.9918 0
138 2.9910 0
1837 2.9780 0
1527 2.9657 0
43 2.9532 0
892 2.9421 0
453 2.9402 0
661 2.9388 0
487 2.9352 0
1654 2.9346 0
679 2.9306 0
997 2.9297 0
372 2.9291 0
1408 2.9240 0
1164 2.9186 0
1548 2.9126 0
1625 2.9081 0
1575 2.9068 0
1284 2.9054 0
525 2.9027 0
1554 2.8907 0
1295 2.8809 0
79 2.8802 0
1498 2.8801 0
194 2.8799 0
1680 2.8776 0
652 2.8646 0
882 2.8645 0
356 2.8396 0
1689 2.8363 0
1194 2.8356 0
1549 2.8222 0
1487 2.8210 0
371 2.8204 0
1042 2.8195 1
883 2.8105 0
937 2.8081 0
799 2.7923 0
746 2.7894 0
498 2.7855 0
1700 2.7780 0
676 2.7633 0
1140 2.7559 0
833 2.7506 0
1443 2.7314 0
779 2.7253 0
538 2.7249 0
759 2.7247 0
1509 2.7207 0
1025 2.7046 1
869 2.6908 0
1324 2.6862 0
995 2.6736 0
1531 2.6699 0
125 2.6697 0
558 2.6690 0
1656 2.6640 0
1649 2.6637 0
1279 2.6613 0
698 2.6569 0
674 2.6564 0
358 2.6489 0
1534 2.6487 0
1356 2.6486 0
1434 2.6430 0
1465 2.6393 0
617 2.6382 0
1797 2.6365 0
263 2.6167 0
464 2.6164 0
1452 2.6136 0
780 2.6067 0
977 2.5964 0
733 2.5954 0
33 2.5929 0
1650 2.5913 0
1262 2.5866 0
681 2.5844 0
565 2.5745 0
643 2.5723 0
469 2.5696 0
969 2.5661 0
1063 2.5648 0
1602 2.5634 0
1350 2.5625 0
771 2.5569 0
395 2.5496 0
1123 2.5412 0
428 2.5407 0
795 2.5360 0
1306 2.5268 0
787 2.5230 0
656 2.5189 0
259 2.5136 0
945 2.5090 0
579 2.5078 0
873 2.5064 0
513 2.5035 0
1103 2.5032 0
54 2.5008 0
1171 2.4995 0
64 2.4826 0
253 2.4801 0
1667 2.4760 0
932 2.4738 0
1166 2.4734 0
94 2.4718 0
1371 2.4651 0
1682 2.4639 0
1607 2.4624 0
888 2.4554 0
1225 2.4553 0
1951 2.4548 0
1342 2.4533 0
1254 2.4440 0
915 2.4399 0
678 2.4364 0
1919 2.4351 0
1034 2.4297 1
980 2.4279 0
1626 2.4126 0
396 2.4082 0
996 2.4025 0
1510 2.3936 0
1681 2.3922 0
1488 2.3871 0
1061 2.3800 0
1335 2.3780 0
893 2.3732 0
603 2.3715 0
1568 2.3692 0
309 2.3676 0
751 2.3610 0
1648 2.3569 0
267 2.3542 0
1553 2.3524 0
1220 2.3519 0
523 2.3505 0
289 2.3480 0
1594 2.3450 0
1533 2.3450 0
1783 2.3448 0
553 2.3437 0
663 2.3437 0
570 2.3436 0
293 2.3364 0
549 2.3362 0
1673 2.3310 0
825 2.3283 0
347 2.3264 0
520 2.3208 0
677 2.3168 0
477 2.3163 0
1564 2.3163 0
1541 2.3139 0
318 2.3021 0
73 2.3017 0
1896 2.2999 0
854 2.2950 0
1532 2.2917 0
1392 2.2914 0
1746 2.2883 0
1202 2.2857 0
352 2.2799 0
791 2.2786 0
137 2.2783 0
1476 2.2762 0
1345 2.2742 0
1318 2.2699 0
1366 2.2666 0
667 2.2630 0
1124 2.2626 0
199 2.2626 0
1565 2.2623 0
1942 2.2604 0
1378 2.2576 0
1497 2.2413 0
598 2.2392 0
1147 2.2323 0
1068 2.2264 0
796 2.2243 0
1193 2.2242 0
1623 2.2220 0
1159 2.2197 0
1842 2.2195 0
438 2.2067 0
17 2.2051 0
1215 2.2012 0
820 2.2001 0
966 2.1973 0
1867 2.1961 0
201 2.1955 0
981 2.1942 0
19 2.1936 0
1083 2.1860 0
1297 2.1854 0
1732 2.1766 0
564 2.1744 0
492 2.1742 0
1431 2.1683 0
866 2.1666 0
490 2.1649 0
1155 2.1593 0
1992 2.1570 0
53 2.1551 0
1211 2.1486 0
1745 2.1485 0
1239 2.1413 0
539 2.1405 0
1590 2.1328 0
1683 2.1290 0
1892 2.1282 0
1277 2.1254 0
1955 2.1206 0
831 2.1182 0
1096 2.1160 0
1228 2.1152 0
449 2.1104 0
1117 2.1026 0
1619 2.1000 0
1367 2.0984 0
1551 2.0980 0
813 2.0969 0
1511 2.0965 0
1244 2.0899 0
1339 2.0897 0
268 2.0865 0
461 2.0829 0
374 2.0804 0
1530 2.0758 0
774 2.0750 0
1482 2.0682 0
1121 2.0668 0
1001 2.0619 1
68 2.0617 0
1417 2.0592 0
221 2.0570 0
991 2.0570 0
1426 2.0563 0
1674 2.0544 0
1227 2.0501 0
1600 2.0491 0
1113 2.0489 0
1647 2.0481 0
1827 2.0428 0
162 2.0425 0
695 2.0389 0
1478 2.0341 0
1333 2.0303 0
369 2.0265 0
566 2.0219 0
1782 2.0215 0
1251 2.0195 0
1546 2.0192 0
1559 2.0162 0
961 2.0160 0
1397 2.0151 0
1319 2.0048 0
701 1.9895 0
1608 1.9893 0
1160 1.9891 0
1338 1.9824 0
1195 1.9701 0
398 1.9668 0
52 1.9547 0
1730 1.9535 0
459 1.9528 0
790 1.9495 0
1359 1.9422 0
336 1.9410 0
1427 1.9406 0
1825 1.9312 0
753 1.9302 0
1303 1.9281 0
1670 1.9262 0
1658 1.9232 0
754 1.9218 0
1357 1.9185 0
195 1.9136 0
1703 1.9094 0
1142 1.9091 0
1285 1.9084 0
1668 1.9067 0
1517 1.9029 0
1605 1.9003 0
548 1.8981 0
1343 1.8942 0
662 1.8929 0
1774 1.8913 0
1094 1.8871 0
1865 1.8868 0
1456 1.8773 0
1643 1.8747 0
760 1.8726 0
1269 1.8722 0
1292 1.8688 0
766 1.8655 0
1375 1.8636 0
600 1.8635 0
14 1.8631 0
297 1.8607 0
1189 1.8594 0
1659 1.8562 0
447 1.8554 0
983 1.8553 0
544 1.8495 0
1821 1.8436 0
1613 1.8388 0
324 1.8383 0
1425 1.8358 0
786 1.8350 0
463 1.8299 0
749 1.8259 0
1393 1.8240 0
1458 1.8203 0
1578 1.8190 0
827 1.8181 0
1385 1.8165 0
1288 1.8151 0
773 1.8151 0
271 1.8148 0
680 1.8119 0
1587 1.8114 0
1558 1.8088 0
717 1.8024 0
922 1.7964 0
844 1.7958 0
328 1.7937 0
419 1.7929 0
1377 1.7911 0
1776 1.7803 0
1811 1.7793 0
631 1.7767 0
809 1.7753 0
946 1.7746 0
1513 1.7737 0
611 1.7687 0
198 1.7669 0
659 1.7659 0
98 1.7645 0
1644 1.7640 0
982 1.7619 0
1265 1.7606 0
434 1.7532 0
1877 1.7479 0
491 1.7335 0
1259 1.7325 0
1191 1.7323 0
1321 1.7233 0
606 1.7200 0
1479 1.7164 0
1212 1.7129 0
1832 1.7114 0
1771 1.7114 0
1913 1.7110 0
1500 1.7103 0
1058 1.7054 0
1545 1.6994 0
908 1.6877 0
989 1.6873 0
1320 1.6864 0
1612 1.6864 0
1631 1.6861 0
300 1.6845 0
1598 1.6816 0
1998 1.6794 0
1852 1.6783 0
835 1.6778 0
184 1.6695 0
1996 1.6642 0
1396 1.6630 0
375 1.6481 0
16 1.6439 0
798 1.6437 0
317 1.6419 0
1614 1.6351 0
900 1.6301 0
541 1.6271 0
1249 1.6261 0
1624 1.6256 0
85 1.6253 0
313 1.6240 0
874 1.6175 0
770 1.6117 0
1925 1.6077 0
1723 1.6056 0
955 1.6050 0
1304 1.6040 0
1084 1.6001 0
489 1.5990 0
839 1.5930 0
1726 1.5902 0
1439 1.5878 0
193 1.5826 0
1424 1.5749 0
776 1.5747 0
159 1.5746 0
607 1.5712 0
816 1.5678 0
1065 1.5677 0
574 1.5671 0
1846 1.5634 0
581 1.5614 0
512 1.5593 0
1364 1.5557 0
1485 1.5481 0
1716 1.5441 0
165 1.5362 0
655 1.5342 0
1801 1.5334 0
1785 1.5322 0
298 1.5297 0
1721 1.5277 0
665 1.5268 0
732 1.5265 0
1595 1.5221 0
1536 1.5220 0
441 1.5202 0
1391 1.5136 0
66 1.5088 0
1795 1.5058 0
1174 1.4974 0
1329 1.4916 0
1460 1.4902 0
934 1.4835 0
466 1.4830 0
843 1.4809 0
60 1.4744 0
287 1.4658 0
1463 1.4643 0
1810 1.4636 0
1710 1.4547 0
377 1.4392 0
1287 1.4351 0
881 1.4349 0
1596 1.4343 0
1715 1.4332 0
1841 1.4332 0
1241 1.4285 0
1566 1.4249 0
738 1.4207 0
853 1.4203 0
615 1.4176 0
521 1.4163 0
597 1.4152 0
1187 1.4135 0
950 1.4104 0
15 1.4052 0
1775 1.4046 0
1106 1.4031 0
1060 1.3973 0
871 1.3970 0
1272 1.3939 0
1415 1.3936 0
506 1.3932 0
644 1.3903 0
87 1.3877 0
1314 1.3862 0
1382 1.3849 0
1459 1.3844 0
986 1.3834 0
1461 1.3816 0
1261 1.3815 0
559 1.3781 0
1737 1.3767 0
880 1.3680 0
967 1.3677 0
803 1.3640 0
781 1.3618 0
745 1.3510 0
99 1.3460 0
610 1.3456 0
1477 1.3439 0
1395 1.3429 0
800 1.3361 0
1293 1.3360 0
1376 1.3257 0
921 1.3252 0
1905 1.3191 0
1577 1.3119 0
1264 1.3089 0
445 1.3086 0
219 1.3008 0
1403 1.2983 0
1179 1.2971 0
629 1.2745 0
988 1.2693 0
550 1.2687 0
867 1.2663 0
478 1.2655 0
186 1.2643 0
1633 1.2637 0
1792 1.2491 0
1760 1.2458 0
326 1.2441 0
1751 1.2413 0
1170 1.2348 0
430 1.2326 0
188 1.2311 0
274 1.2133 0
1519 1.2110 0
1935 1.2073 0
1621 1.2068 0
1055 1.2067 0
1906 1.2030 0
1756 1.1997 0
1538 1.1977 0
636 1.1968 0
757 1.1965 0
1484 1.1927 0
1512 1.1922 0
1161 1.1895 0
248 1.1860 0
783 1.1841 0
1908 1.1838 0
1848 1.1770 0
577 1.1756 0
1243 1.1746 0
1387 1.1697 0
1698 1.1693 0
1412 1.1685 0
1819 1.1639 0
1444 1.1547 0
1818 1.1544 0
858 1.1512 0
1660 1.1504 0
89 1.1427 0
462 1.1392 0
1175 1.1388 0
1132 1.1380 0
686 1.1373 0
1540 1.1318 0
1176 1.1296 0
1312 1.1244 0
509 1.1202 0
765 1.1178 0
1389 1.1147 0
962 1.1117 0
1769 1.1038 0
938 1.1012 0
687 1.1003 0
769 1.0993 0
167 1.0985 0
180 1.0984 0
518 1.0947 0
11 1.0938 0
97 1.0876 0
1167 1.0871 0
1569 1.0867 0
1706 1.0847 0
475 1.0838 0
750 1.0768 0
923 1.0750 0
1144 1.0733 0
1507 1.0723 0
1696 1.0706 0
1528 1.0650 0
37 1.0629 0
1592 1.0587 0
793 1.0567 0
1895 1.0545 0
1457 1.0517 0
1207 1.0478 0
972 1.0474 0
815 1.0471 0
225 1.0451 0
642 1.0403 0
878 1.0289 0
341 1.0271 0
343 1.0255 0
1591 1.0235 0
1938 1.0123 0
1394 1.0113 0
295 1.0083 0
1505 1.0040 0
150 1.0018 0
204 0.9967 0
1409 0.9872 0
1588 0.9857 0
255 0.9808 0
1200 0.9807 0
811 0.9798 0
568 0.9775 0
264 0.9703 0
281 0.9695 0
792 0.9685 0
183 0.9643 0
1610 0.9596 0
0 0.9584 0
957 0.9535 0
942 0.9523 0
1317 0.9473 0
444 0.9460 0
965 0.9457 0
891 0.9405 0
276 0.9383 0
1661 0.9377 0
979 0.9305 0
590 0.9303 0
948 0.9274 0
834 0.9267 0
330 0.9250 0
299 0.9192 0
985 0.9180 0
1437 0.9178 0
1695 0.9118 0
863 0.9110 0
1563 0.9105 0
1641 0.9098 0
1093 0.9076 0
1718 0.9024 0
762 0.9012 0
1263 0.8942 0
1787 0.8940 0
931 0.8917 0
971 0.8916 0
1691 0.8911 0
1556 0.8847 0
1666 0.8819 0
547 0.8793 0
1504 0.8780 0
1196 0.8728 0
976 0.8706 0
323 0.8701 0
916 0.8631 0
846 0.8586 0
928 0.8469 0
941 0.8389 0
1824 0.8387 0
596 0.8350 0
560 0.8342 0
1370 0.8226 0
604 0.8202 0
917 0.8174 0
65 0.8165 0
1226 0.8147 0
212 0.8140 0
944 0.8122 0
93 0.8122 0
911 0.8094 0
1709 0.7952 0
197 0.7946 0
688 0.7933 0
1784 0.7917 0
1794 0.7869 0
507 0.7837 0
1384 0.7835 0
1361 0.7834 0
903 0.7824 0
1091 0.7817 0
304 0.7704 0
626 0.7685 0
1231 0.7680 0
1749 0.7655 0
383 0.7642 0
1918 0.7613 0
1258 0.7611 0
797 0.7592 0
251 0.7578 0
305 0.7548 0
1529 0.7530 0
1677 0.7487 0
349 0.7483 0
452 0.7453 0
1116 0.7444 0
308 0.7417 0
424 0.7410 0
1154 0.7262 0
914 0.7249 0
1105 0.7246 0
1926 0.7240 0
767 0.7239 0
533 0.7211 0
720 0.7137 0
1672 0.7117 0
433 0.7079 0
1915 0.7053 0
703 0.7032 0
1286 0.7011 0
1137 0.6993 0
586 0.6971 0
1506 0.6962 0
1136 0.6891 0
567 0.6886 0
970 0.6883 0
1000 0.6881 1
1657 0.6860 0
763 0.6780 0
638 0.6648 0
508 0.6645 0
646 0.6623 0
529 0.6618 0
1169 0.6613 0
741 0.6612 0
1276 0.6573 0
1899 0.6558 0
315 0.6522 0
1149 0.6508 0
1959 0.6498 0
141 0.6488 0
856 0.6460 0
26 0.6355 0
61 0.6353 0
578 0.6311 0
1573 0.6304 0
47 0.6127 0
3 0.6078 0
978 0.6059 0
211 0.6025 0
1902 0.5974 0
1107 0.5971 0
860 0.5942 0
689 0.5937 0
486 0.5816 0
583 0.5748 0
777 0.5697 0
1953 0.5683 0
1574 0.5681 0
227 0.5663 0
527 0.5635 0
190 0.5634 0
959 0.5599 0
1102 0.5586 0
782 0.5570 0
1467 0.5510 0
1131 0.5502 0
1494 0.5392 0
1472 0.5382 0
1441 0.5375 0
1777 0.5327 0
830 0.5308 0
1056 0.5291 0
1537 0.5252 0
896 0.5193 0
1688 0.5165 0
1099 0.5134 0
1156 0.5020 0
904 0.4999 0
46 0.4996 0
1773 0.4975 0
29 0.4973 0
1133 0.4969 0
1754 0.4965 0
1839 0.4956 0
939 0.4854 0
951 0.4746 0
1236 0.4686 0
709 0.4672 0
1112 0.4605 0
505 0.4598 0
1115 0.4583 0
1639 0.4555 0
1071 0.4544 0
1585 0.4538 0
277 0.4536 0
952 0.4458 0
1308 0.4421 0
1685 0.4410 0
1486 0.4351 0
1820 0.4336 0
272 0.4320 0
1911 0.4315 0
1177 0.4244 0
1920 0.4233 0
1337 0.4220 0
929 0.4196 0
998 0.4184 0
1438 0.4177 0
1949 0.4134 0
1889 0.4128 0
1186 0.4111 0
605 0.4110 0
427 0.4103 0
181 0.4092 0
44 0.4078 0
344 0.4048 0
632 0.4011 0
1816 0.3945 0
1854 0.3888 0
348 0.3861 0
173 0.3845 0
1833 0.3778 0
1489 0.3750 0
1586 0.3737 0
218 0.3735 0
619 0.3706 0
714 0.3667 0
1108 0.3642 0
1380 0.3590 0
1428 0.3563 0
1145 0.3501 0
1162 0.3490 0
630 0.3459 0
1085 0.3450 0
1875 0.3448 0
1779 0.3371 0
282 0.3228 0
584 0.3218 0
1090 0.3161 0
1836 0.3135 0
1579 0.3134 0
1469 0.3113 0
1281 0.3101 0
920 0.3094 0
1216 0.3064 0
1334 0.3060 0
510 0.3050 0
1188 0.3017 0
435 0.3011 0
1205 0.3003 0
56 0.2993 0
110 0.2961 0
1404 0.2865 0
400 0.2773 0
1388 0.2762 0
1322 0.2738 0
1430 0.2647 0
1552 0.2613 0
918 0.2558 0
303 0.2482 0
1305 0.2386 0
789 0.2321 0
528 0.2229 0
1127 0.2212 0
788 0.2211 0
339 0.2098 0
1603 0.2044 0
1894 0.1974 0
640 0.1961 0
1968 0.1945 0
50 0.1943 0
634 0.1873 0
1628 0.1846 0
134 0.1845 0
1830 0.1839 0
1572 0.1820 0
1606 0.1786 0
1143 0.1739 0
1759 0.1719 0
122 0.1719 0
321 0.1667 0
1128 0.1650 0
1843 0.1646 0
943 0.1635 0
1796 0.1497 0
1453 0.1461 0
1219 0.1431 0
1571 0.1383 0
164 0.1314 0
153 0.1296 0
569 0.1284 0
240 0.1270 0
417 0.1259 0
755 0.1252 0
1738 0.1150 0
555 0.1113 0
1593 0.0961 0
721 0.0953 0
1223 0.0911 0
1655 0.0906 0
1374 0.0876 0
1492 0.0841 0
1079 0.0830 0
1217 0.0825 0
178 0.0793 0
217 0.0788 0
1078 0.0781 0
1072 0.0752 0
1988 0.0728 0
252 0.0727 0
1237 0.0707 0
902 0.0702 0
514 0.0667 0
1933 0.0623 0
329 0.0623 0
602 0.0616 0
13 0.0568 0
1146 0.0567 0
156 0.0562 0
1731 0.0559 0
70 0.0556 0
1781 0.0514 0
166 0.0505 0
74 0.0487 0
1705 0.0466 0
1805 0.0450 0
28 0.0442 0
1634 0.0318 0
554 0.0301 0
984 0.0297 0
905 0.0215 0
1203 0.0200 0
817 0.0142 0
1066 0.0122 0
1589 0.0037 0
589 0.0016 0
808 0.0005 0
622 0.0002 0
1803 -0.0028 0
1230 -0.0038 0
1857 -0.0075 0
1912 -0.0118 0
446 -0.0151 0
627 -0.0160 0
571 -0.0187 0
244 -0.0240 0
202 -0.0274 0
307 -0.0286 0
422 -0.0316 0
1474 -0.0319 0
737 -0.0323 0
697 -0.0333 0
133 -0.0341 0
1856 -0.0381 0
116 -0.0456 0
694 -0.0475 0
152 -0.0484 0
39 -0.0489 0
207 -0.0490 0
260 -0.0530 0
532 -0.0599 0
536 -0.0630 0
1844 -0.0722 0
591 -0.0722 0
470 -0.0753 0
1642 -0.0768 0
1722 -0.0780 0
288 -0.0803 0
562 -0.0811 0
426 -0.0818 0
234 -0.0844 0
1806 -0.0896 0
1051 -0.0934 0
542 -0.0957 0
206 -0.1069 0
1248 -0.1089 0
1609 -0.1129 0
1126 -0.1196 0
1790 -0.1203 0
1711 -0.1206 0
155 -0.1225 0
954 -0.1238 0
1235 -0.1266 0
78 -0.1276 0
1873 -0.1287 0
306 -0.1308 0
1148 -0.1438 0
645 -0.1441 0
1617 -0.1451 0
1993 -0.1471 0
182 -0.1504 0
1826 -0.1506 0
1561 -0.1524 0
711 -0.1528 0
1744 -0.1545 0
666 -0.1545 0
612 -0.1573 0
1222 -0.1589 0
1652 -0.1618 0
924 -0.1654 0
18 -0.1675 0
706 -0.1748 0
499 -0.1790 0
334 -0.1792 0
1468 -0.1842 0
126 -0.1889 0
573 -0.1898 0
1298 -0.1939 0
1152 -0.1969 0
77 -0.1972 0
1076 -0.2025 0
1402 -0.2058 0
572 -0.2121 0
725 -0.2143 0
1496 -0.2163 0
517 -0.2191 0
284 -0.2228 0
592 -0.2259 0
582 -0.2263 0
100 -0.2267 0
1311 -0.2276 0
705 -0.2322 0
772 -0.2337 0
1798 -0.2402 0
609 -0.2499 0
266 -0.2527 0
1978 -0.2550 0
103 -0.2620 0
185 -0.2635 0
1184 -0.2647 0
964 -0.2710 0
256 -0.2742 0
1999 -0.2783 0
270 -0.2802 0
1570 -0.2825 0
1921 -0.2882 0
88 -0.2901 0
262 -0.2959 0
1050 -0.2986 0
169 -0.3015 0
9 -0.3036 0
1151 -0.3106 0
1180 -0.3119 0
975 -0.3141 0
415 -0.3147 0
614 -0.3159 0
848 -0.3184 0
1064 -0.3279 0
420 -0.3287 0
1622 -0.3311 0
59 -0.3320 0
1421 -0.3362 0
1555 -0.3434 0
1120 -0.3491 0
31 -0.3513 0
823 -0.3531 0
1344 -0.3559 0
1752 -0.3590 0
1976 -0.3641 0
601 -0.3648 0
1936 -0.3652 0
926 -0.3665 0
633 -0.3673 0
1840 -0.3673 0
1130 -0.3677 0
1088 -0.3681 0
947 -0.3732 0
102 -0.3757 0
575 -0.3827 0
1664 -0.3902 0
250 -0.3933 0
1198 -0.3951 0
1221 -0.3982 0
1581 -0.4039 0
437 -0.4058 0
1676 -0.4076 0
1168 -0.4123 0
1923 -0.4143 0
1192 -0.4173 0
92 -0.4190 0
685 -0.4201 0
1420 -0.4209 0
118 -0.4212 0
1157 -0.4314 0
1981 -0.4325 0
242 -0.4344 0
1884 -0.4390 0
140 -0.4510 0
1483 -0.4532 0
175 -0.4574 0
144 -0.4579 0
1725 -0.4580 0
1747 -0.4580 0
1053 -0.4592 0
784 -0.4596 0
95 -0.4617 0
692 -0.4638 0
58 -0.4643 0
1742 -0.4706 0
1302 -0.4777 0
1401 -0.4794 0
51 -0.4881 0
432 -0.4894 0
35 -0.4906 0
200 -0.4913 0
67 -0.4942 0
1702 -0.4952 0
664 -0.4956 0
715 -0.4967 0
1173 -0.4992 0
1813 -0.4993 0
245 -0.4996 0
704 -0.5094 0
72 -0.5192 0
23 -0.5216 0
1904 -0.5342 0
235 -0.5373 0
311 -0.5382 0
82 -0.5387 0
1849 -0.5390 0
1931 -0.5391 0
1419 -0.5396 0
215 -0.5399 0
1330 -0.5417 0
990 -0.5497 0
1728 -0.5502 0
907 -0.5548 0
335 -0.5588 0
1190 -0.5645 0
722 -0.5679 0
413 -0.5782 0
1139 -0.5788 0
993 -0.5847 0
406 -0.5910 0
213 -0.5939 0
189 -0.6000 0
1888 -0.6052 0
1247 -0.6197 0
936 -0.6208 0
55 -0.6265 0
1960 -0.6278 0
1814 -0.6284 0
249 -0.6292 0
101 -0.6298 0
534 -0.6414 0
546 -0.6547 0
6 -0.6552 0
229 -0.6582 0
1956 -0.6639 0
174 -0.6704 0
294 -0.6727 0
104 -0.6737 0
57 -0.6830 0
1138 -0.6875 0
901 -0.6949 0
1838 -0.6977 0
693 -0.7021 0
146 -0.7024 0
1095 -0.7050 0
702 -0.7076 0
325 -0.7091 0
1767 -0.7116 0
535 -0.7126 0
1817 -0.7211 0
412 -0.7238 0
1645 -0.7249 0
1982 -0.7281 0
1245 -0.7308 0
106 -0.7386 0
1114 -0.7390 0
148 -0.7411 0
1984 -0.7415 0
1724 -0.7418 0
1964 -0.7446 0
1973 -0.7449 0
1206 -0.7484 0
628 -0.7489 0
1707 -0.7497 0
108 -0.7541 0
1234 -0.7717 0
154 -0.7785 0
960 -0.7793 0
1499 -0.7812 0
1807 -0.7843 0
136 -0.7922 0
1793 -0.7959 0
1520 -0.7987 0
71 -0.8014 0
845 -0.8041 0
812 -0.8052 0
111 -0.8063 0
1315 -0.8087 0
906 -0.8094 0
292 -0.8101 0
707 -0.8134 0
1930 -0.8149 0
1109 -0.8199 0
1451 -0.8205 0
1445 -0.8260 0
436 -0.8333 0
421 -0.8338 0
1768 -0.8367 0
1809 -0.8373 0
1717 -0.8409 0
187 -0.8434 0
418 -0.8566 0
1885 -0.8580 0
333 -0.8584 0
286 -0.8633 0
700 -0.8674 0
992 -0.8712 0
1713 -0.8721 0
124 -0.8760 0
731 -0.8806 0
1052 -0.8844 0
196 -0.8856 0
416 -0.8877 0
1739 -0.8885 0
5 -0.8891 0
740 -0.9018 0
912 -0.9039 0
910 -0.9066 0
1924 -0.9095 0
414 -0.9184 0
237 -0.9189 0
497 -0.9237 0
613 -0.9283 0
1733 -0.9333 0
1883 -0.9425 0
595 -0.9447 0
1874 -0.9562 0
637 -0.9613 0
1910 -0.9619 0
806 -0.9707 0
1584 -0.9711 0
1893 -0.9748 0
1786 -0.9795 0
807 -0.9899 0
442 -0.9926 0
1165 -0.9950 0
545 -0.9982 0
257 -1.0001 0
440 -1.0004 0
1762 -1.0097 0
1627 -1.0242 0
1449 -1.0272 0
1069 -1.0291 0
21 -1.0291 0
222 -1.0309 0
143 -1.0332 0
203 -1.0360 0
1092 -1.0400 0
1199 -1.0412 0
801 -1.0455 0
1763 -1.0465 0
1134 -1.0467 0
208 -1.0578 0
1447 -1.0612 0
1800 -1.0624 0
129 -1.0643 0
648 -1.0646 0
1714 -1.0677 0
1928 -1.0690 0
112 -1.0746 0
1929 -1.0747 0
1708 -1.0796 0
1941 -1.0815 0
1901 -1.0818 0
157 -1.0861 0
1944 -1.0868 0
1450 -1.0875 0
537 -1.0880 0
81 -1.1051 0
1864 -1.1076 0
1435 -1.1125 0
403 -1.1146 0
504 -1.1153 0
708 -1.1156 0
519 -1.1169 0
1859 -1.1186 0
1473 -1.1235 0
1183 -1.1307 0
758 -1.1316 0
608 -1.1324 0
620 -1.1329 0
719 -1.1337 0
1073 -1.1371 0
1890 -1.1563 0
24 -1.1566 0
1985 -1.1722 0
764 -1.1736 0
1945 -1.1741 0
456 -1.1800 0
316 -1.1823 0
503 -1.1928 0
616 -1.1947 0
819 -1.2001 0
1802 -1.2011 0
1086 -1.2028 0
12 -1.2142 0
1719 -1.2180 0
1638 -1.2186 0
1442 -1.2292 0
1629 -1.2307 0
668 -1.2335 0
84 -1.2360 0
1054 -1.2404 0
814 -1.2414 0
1963 -1.2434 0
730 -1.2544 0
623 -1.2609 0
1916 -1.2626 0
1448 -1.2631 0
734 -1.2686 0
1831 -1.2698 0
1414 -1.2757 0
1097 -1.2812 0
515 -1.2836 0
1119 -1.2842 0
105 -1.2889 0
1583 -1.2906 0
1399 -1.2914 0
34 -1.2977 0
1082 -1.3022 0
8 -1.3052 0
22 -1.3063 0
127 -1.3080 0
1074 -1.3083 0
404 -1.3134 0
275 -1.3156 0
805 -1.3222 0
841 -1.3281 0
1748 -1.3339 0
223 -1.3371 0
210 -1.3398 0
41 -1.3400 0
909 -1.3408 0
723 -1.3536 0
618 -1.3576 0
500 -1.3580 0
160 -1.3676 0
1062 -1.3694 0
191 -1.3741 0
1741 -1.3789 0
1939 -1.3867 0
1720 -1.3926 0
563 -1.3942 0
1987 -1.4070 0
1576 -1.4081 0
1990 -1.4115 0
139 -1.4115 0
1876 -1.4212 0
1958 -1.4229 0
423 -1.4259 0
927 -1.4312 0
1917 -1.4322 0
1481 -1.4360 0
1872 -1.4448 0
1847 -1.4668 0
1 -1.4680 0
1961 -1.4689 0
1845 -1.4701 0
1411 -1.4742 0
669 -1.4788 0
935 -1.4814 0
231 -1.4905 0
840 -1.4956 0
1616 -1.4991 0
1980 -1.4995 0
407 -1.5080 0
96 -1.5110 0
1967 -1.5136 0
1059 -1.5175 0
283 -1.5189 0
1089 -1.5243 0
1229 -1.5249 0
552 -1.5252 0
36 -1.5298 0
269 -1.5315 0
238 -1.5349 0
410 -1.5445 0
1937 -1.5474 0
49 -1.5500 0
113 -1.5572 0
69 -1.5575 0
639 -1.5697 0
594 -1.5705 0
1087 -1.5732 0
1834 -1.5777 0
1122 -1.5894 0
107 -1.5921 0
163 -1.5925 0
1863 -1.6003 0
625 -1.6085 0
1181 -1.6163 0
128 -1.6167 0
1957 -1.6229 0
1753 -1.6337 0
109 -1.6342 0
727 -1.6430 0
1950 -1.6506 0
233 -1.6521 0
1734 -1.6591 0
1618 -1.6593 0
1947 -1.6615 0
411 -1.6755 0
647 -1.6772 0
209 -1.6773 0
1620 -1.6805 0
10 -1.6871 0
1727 -1.6900 0
1104 -1.6922 0
42 -1.6929 0
1704 -1.6976 0
973 -1.7009 0
1150 -1.7112 0
1962 -1.7151 0
802 -1.7210 0
151 -1.7383 0
243 -1.7387 0
1853 -1.7393 0
1651 -1.7426 0
580 -1.7507 0
258 -1.7573 0
1815 -1.7758 0
1829 -1.7802 0
1903 -1.7803 0
1866 -1.7976 0
747 -1.7978 0
179 -1.7985 0
847 -1.8017 0
131 -1.8072 0
1828 -1.8404 0
585 -1.8424 0
1927 -1.8445 0
405 -1.8627 0
1213 -1.8632 0
1812 -1.8696 0
913 -1.8706 0
121 -1.8723 0
1178 -1.8753 0
1764 -1.8766 0
232 -1.8842 0
1822 -1.8857 0
1233 -1.8881 0
1989 -1.8895 0
4 -1.8924 0
115 -1.8928 0
1881 -1.9084 0
145 -1.9107 0
1542 -1.9204 0
1878 -1.9409 0
728 -1.9513 0
158 -1.9515 0
894 -1.9525 0
1887 -1.9569 0
1539 -1.9633 0
1125 -1.9750 0
7 -1.9772 0
621 -1.9812 0
176 -1.9816 0
1946 -1.9987 0
593 -2.0072 0
265 -2.0084 0
949 -2.0089 0
824 -2.0107 0
556 -2.0178 0
1943 -2.0243 0
1983 -2.0354 0
1646 -2.0367 0
409 -2.0378 0
239 -2.0473 0
1995 -2.0856 0
408 -2.0910 0
224 -2.1003 0
1743 -2.1041 0
1835 -2.1102 0
1182 -2.1236 0
1994 -2.1330 0
726 -2.1531 0
1081 -2.1537 0
832 -2.1542 0
1862 -2.1547 0
1407 -2.1764 0
1869 -2.1789 0
1799 -2.1791 0
739 -2.1854 0
1141 -2.1874 0
1080 -2.1986 0
261 -2.2082 0
220 -2.2186 0
1986 -2.2198 0
205 -2.2222 0
1948 -2.2434 0
278 -2.2494 0
1886 -2.2541 0
838 -2.2543 0
123 -2.2574 0
1224 -2.2628 0
1413 -2.2630 0
1791 -2.2835 0
1898 -2.2905 0
1808 -2.2918 0
1153 -2.2936 0
228 -2.2946 0
919 -2.3206 0
1490 -2.3226 0
531 -2.3246 0
216 -2.3265 0
828 -2.3369 0
25 -2.3511 0
171 -2.3531 0
1882 -2.3573 0
1855 -2.3610 0
62 -2.3794 0
149 -2.3828 0
86 -2.4174 0
933 -2.4254 0
301 -2.4441 0
214 -2.4574 0
1922 -2.4840 0
1129 -2.5040 0
1870 -2.5043 0
940 -2.5238 0
170 -2.5242 0
1110 -2.5328 0
821 -2.5457 0
429 -2.5699 0
1914 -2.5781 0
1868 -2.5789 0
1861 -2.6286 0
599 -2.6665 0
1729 -2.6782 0
76 -2.6825 0
748 -2.6853 0
80 -2.6861 0
1735 -2.6894 0
142 -2.6900 0
1977 -2.7524 0
1070 -2.7603 0
557 -2.7642 0
1400 -2.7647 0
1891 -2.8029 0
1997 -2.8217 0
236 -2.8336 0
226 -2.8436 0
1972 -2.8819 0
1197 -2.8917 0
296 -2.9015 0
30 -2.9028 0
1446 -2.9160 0
32 -2.9185 0
177 -2.9226 0
254 -2.9304 0
822 -2.9417 0
439 -2.9615 0
1880 -2.9723 0
826 -2.9834 0
241 -3.0025 0
119 -3.0091 0
63 -3.0135 0
402 -3.0272 0
713 -3.0505 0
443 -3.0562 0
818 -3.0631 0
1701 -3.0712 0
1111 -3.0911 0
132 -3.1353 0
1851 -3.1573 0
716 -3.1979 0
1601 -3.2171 0
1436 -3.2206 0
736 -3.2218 0
1871 -3.2278 0
744 -3.2310 0
718 -3.2395 0
1969 -3.2431 0
1823 -3.2437 0
1860 -3.2523 0
1850 -3.3302 0
635 -3.3345 0
117 -3.3558 0
1405 -3.4009 0
1971 -3.4303 0
1433 -3.4354 0
1965 -3.4626 0
735 -3.5047 0
337 -3.5269 0
2 -3.5376 0
1758 -3.5859 0
710 -3.6710 0
1907 -3.6837 0
724 -3.7773 0
246 -3.7979 0
1970 -3.8407 0
1098 -3.8606 0
448 -3.8656 0
1940 -3.9599 0
1966 -4.0341 0
302 -4.0371 0
401 -4.0628 0
114 -4.0673 0
1423 -4.0826 0
1979 -4.0956 0
1934 -4.1576 0
192 -4.2010 0
1418 -4.2127 0
1416 -4.3407 0
1897 -4.4798 0
1932 -4.6142 0
135 -4.6205 0
804 -4.6541 0
587 -4.7317 0
130 -4.7714 0
90 -4.9087 0
147 -4.9750 0
576 -5.0107 0
1975 -5.3453 0
1974 -5.4397 0
