1088 21.3304 1
1060 21.0032 1
1063 20.1378 1
1080 19.8813 1
1062 19.6459 1
1078 17.6557 1
1091 17.5263 1
1074 17.3888 1
1071 17.0284 1
1081 16.8227 1
1066 15.0071 1
1090 14.8993 1
1089 14.3601 1
1059 14.2547 1
1085 13.9999 1
1050 13.6093 1
1087 13.5927 1
1070 13.3189 1
1076 12.9702 1
1052 12.6553 1
1067 12.5833 1
1095 12.4062 1
1055 12.2040 1
1061 12.0177 1
1072 11.9189 1
1093 11.8072 1
1051 11.4274 1
1065 11.4239 1
1079 11.3508 1
1058 11.2422 1
1092 10.4607 1
1069 10.1203 1
1068 9.9353 1
1098 9.3777 1
1099 9.2112 1
1077 8.7191 1
1075 8.5457 1
1084 8.5340 1
1056 7.9442 1
915 7.3862 0
1064 7.3052 1
1097 7.2585 1
1243 7.1608 0
814 7.1514 0
753 6.7981 0
1073 6.6309 1
697 6.3974 0
657 6.3011 0
869 6.3007 0
1082 6.2921 1
726 6.1458 0
441 6.0974 0
1751 5.9876 0
764 5.8090 0
1879 5.7937 0
1054 5.7397 1
1083 5.7091 1
1053 5.6145 1
801 5.5572 0
1034 5.5223 0
1400 5.3520 0
1118 5.3497 0
781 5.2670 0
732 5.2155 0
1096 5.0652 1
579 5.0548 0
1406 5.0050 0
639 4.9916 0
828 4.9253 0
1094 4.8765 1
847 4.8762 0
804 4.8716 0
494 4.8384 0
558 4.8284 0
705 4.8135 0
1148 4.7975 0
696 4.7956 0
795 4.7102 0
587 4.6513 0
819 4.5983 0
838 4.5903 0
1233 4.5891 0
164 4.5841 0
848 4.5206 0
655 4.5036 0
576 4.4714 0
436 4.4663 0
721 4.4580 0
727 4.3835 0
742 4.3501 0
348 4.3388 0
809 4.3236 0
327 4.3083 0
806 4.2513 0
916 4.2470 0
923 4.1531 0
450 4.1470 0
1436 4.1203 0
722 4.0750 0
815 4.0681 0
428 4.0668 0
1435 4.0058 0
903 3.9668 0
1403 3.9548 0
834 3.8633 0
904 3.8270 0
290 3.8216 0
1405 3.8187 0
1140 3.8085 0
816 3.7824 0
1218 3.7541 0
747 3.7080 0
766 3.6971 0
1215 3.6831 0
782 3.6536 0
499 3.6467 0
530 3.6111 0
310 3.6033 0
470 3.5931 0
861 3.5928 0
505 3.5904 0
925 3.5487 0
538 3.5371 0
588 3.5095 0
751 3.5065 0
818 3.5062 0
702 3.4533 0
1242 3.4058 0
826 3.3864 0
216 3.3863 0
832 3.3793 0
1941 3.3652 0
827 3.3484 0
1212 3.3165 0
590 3.2938 0
1033 3.2668 0
736 3.2572 0
458 3.2549 0
479 3.2412 0
510 3.2370 0
790 3.2346 0
342 3.2174 0
334 3.2121 0
1652 3.2072 0
554 3.2055 0
771 3.1840 0
1433 3.1777 0
306 3.1425 0
944 3.1269 0
791 3.1246 0
1442 3.1146 0
900 3.1095 0
598 3.1019 0
759 3.0915 0
580 3.0861 0
36 3.0532 0
937 3.0436 0
478 3.0429 0
567 3.0341 0
1105 3.0301 0
1128 3.0168 0
249 3.0088 0
761 2.9931 0
811 2.9829 0
399 2.9825 0
762 2.9810 0
839 2.9800 0
985 2.9758 0
813 2.9709 0
47 2.9416 0
822 2.9403 0
308 2.9398 0
1919 2.9306 0
715 2.9110 0
1762 2.8859 0
1575 2.8827 0
743 2.8824 0
863 2.8746 0
593 2.8637 0
943 2.8231 0
1415 2.8223 0
765 2.8182 0
565 2.8101 0
1336 2.7975 0
1327 2.7960 0
303 2.7707 0
1301 2.7505 0
1380 2.7462 0
719 2.6951 0
356 2.6812 0
597 2.6750 0
763 2.6705 0
1614 2.6639 0
307 2.6448 0
200 2.6409 0
569 2.6236 0
841 2.6140 0
1057 2.6085 1
544 2.6058 0
805 2.5842 0
607 2.5799 0
333 2.5729 0
946 2.5718 0
773 2.5628 0
589 2.5487 0
731 2.5460 0
754 2.5403 0
483 2.5317 0
825 2.5099 0
920 2.5058 0
504 2.5020 0
772 2.4946 0
244 2.4830 0
788 2.4744 0
942 2.4699 0
709 2.4693 0
1086 2.4675 1
507 2.4623 0
931 2.4621 0
621 2.4570 0
1100 2.4529 0
452 2.4431 0
1382 2.4375 0
1237 2.4297 0
729 2.4284 0
846 2.4267 0
602 2.4228 0
730 2.4177 0
1830 2.4089 0
1401 2.3994 0
886 2.3838 0
881 2.3694 0
821 2.3614 0
123 2.3584 0
1797 2.3569 0
1616 2.3545 0
800 2.3440 0
776 2.3341 0
1413 2.3274 0
802 2.3248 0
829 2.3089 0
1145 2.2983 0
711 2.2960 0
429 2.2730 0
446 2.2683 0
1419 2.2645 0
242 2.2635 0
1846 2.2522 0
1395 2.2330 0
744 2.2291 0
584 2.2019 0
1643 2.2016 0
1333 2.1997 0
1425 2.1928 0
1870 2.1854 0
707 2.1845 0
803 2.1810 0
32 2.1802 0
33 2.1739 0
1908 2.1545 0
1752 2.1538 0
745 2.1426 0
400 2.1426 0
641 2.1357 0
1426 2.1306 0
424 2.1278 0
498 2.1262 0
447 2.1178 0
1385 2.1174 0
240 2.1150 0
94 2.0957 0
1202 2.0905 0
1343 2.0900 0
698 2.0717 0
837 2.0671 0
728 2.0606 0
437 2.0505 0
1410 2.0406 0
812 2.0391 0
1107 2.0234 0
767 2.0045 0
412 1.9933 0
1432 1.9917 0
133 1.9875 0
1122 1.9846 0
394 1.9838 0
363 1.9807 0
796 1.9785 0
453 1.9596 0
205 1.9580 0
237 1.9562 0
1110 1.9366 0
817 1.9365 0
1757 1.9360 0
780 1.9359 0
516 1.9349 0
448 1.9147 0
219 1.9008 0
857 1.8880 0
563 1.8855 0
733 1.8637 0
1449 1.8626 0
749 1.8568 0
1527 1.8390 0
808 1.8291 0
1683 1.8214 0
1225 1.8194 0
385 1.8191 0
454 1.7897 0
1402 1.7865 0
1841 1.7813 0
820 1.7805 0
1452 1.7487 0
599 1.7482 0
1220 1.7472 0
410 1.7403 0
383 1.7274 0
836 1.7232 0
1001 1.7193 0
344 1.7147 0
24 1.7144 0
738 1.7062 0
300 1.7027 0
1735 1.6827 0
553 1.6672 0
720 1.6661 0
353 1.6639 0
511 1.6607 0
1634 1.6602 0
1886 1.6584 0
1890 1.6548 0
777 1.6522 0
35 1.6464 0
28 1.6412 0
302 1.6407 0
1761 1.6339 0
573 1.6251 0
1184 1.6244 0
434 1.6194 0
1214 1.6089 0
1847 1.5972 0
1612 1.5776 0
360 1.5762 0
39 1.5702 0
581 1.5660 0
459 1.5558 0
369 1.5469 0
556 1.5464 0
420 1.5461 0
1203 1.5412 0
725 1.5385 0
906 1.5321 0
1685 1.5279 0
1446 1.5273 0
416 1.5266 0
1211 1.5143 0
592 1.5104 0
1409 1.5009 0
750 1.4961 0
427 1.4918 0
535 1.4916 0
1651 1.4896 0
1756 1.4877 0
1205 1.4839 0
905 1.4823 0
1315 1.4818 0
1438 1.4501 0
824 1.4443 0
1445 1.4387 0
1418 1.4137 0
596 1.4123 0
713 1.4093 0
1428 1.4036 0
1422 1.3956 0
660 1.3954 0
1682 1.3916 0
1173 1.3862 0
1174 1.3852 0
687 1.3807 0
339 1.3804 0
41 1.3749 0
343 1.3579 0
564 1.3543 0
910 1.3428 0
984 1.3414 0
1414 1.3382 0
622 1.3373 0
1440 1.3353 0
1036 1.3279 0
787 1.3264 0
209 1.3219 0
1766 1.3122 0
202 1.3122 0
559 1.3087 0
1172 1.3081 0
1674 1.2986 0
422 1.2901 0
501 1.2891 0
1023 1.2855 0
340 1.2833 0
404 1.2774 0
146 1.2759 0
1129 1.2749 0
30 1.2694 0
1234 1.2687 0
1998 1.2627 0
493 1.2559 0
682 1.2333 0
1689 1.2249 0
833 1.2174 0
197 1.2094 0
1411 1.1967 0
757 1.1939 0
1801 1.1765 0
840 1.1691 0
1842 1.1684 0
328 1.1684 0
568 1.1681 0
1915 1.1660 0
257 1.1609 0
575 1.1599 0
1834 1.1597 0
26 1.1582 0
570 1.1579 0
582 1.1549 0
756 1.1397 0
17 1.1324 0
1781 1.1264 0
789 1.1182 0
769 1.1168 0
681 1.1099 0
891 1.1008 0
1837 1.1004 0
411 1.1000 0
109 1.0948 0
1325 1.0944 0
1394 1.0938 0
1863 1.0905 0
714 1.0899 0
571 1.0872 0
464 1.0855 0
1416 1.0820 0
1370 1.0749 0
1806 1.0734 0
770 1.0724 0
1853 1.0713 0
525 1.0669 0
783 1.0659 0
405 1.0642 0
445 1.0611 0
506 1.0603 0
1604 1.0594 0
195 1.0573 0
248 1.0572 0
45 1.0537 0
1789 1.0524 0
170 1.0438 0
1368 1.0387 0
1902 1.0387 0
151 1.0365 0
1498 1.0326 0
1103 1.0279 0
168 1.0273 0
204 1.0207 0
1943 1.0150 0
774 0.9995 0
710 0.9982 0
1317 0.9919 0
614 0.9900 0
704 0.9859 0
845 0.9785 0
451 0.9785 0
574 0.9758 0
562 0.9660 0
1585 0.9597 0
734 0.9513 0
508 0.9482 0
1026 0.9368 0
228 0.9328 0
513 0.9243 0
1216 0.9231 0
518 0.9222 0
323 0.9189 0
955 0.9160 0
324 0.9039 0
532 0.9013 0
1500 0.9001 0
1542 0.8949 0
1533 0.8907 0
1958 0.8891 0
1696 0.8864 0
245 0.8813 0
1408 0.8787 0
1120 0.8781 0
716 0.8779 0
1639 0.8725 0
1494 0.8723 0
221 0.8649 0
1796 0.8647 0
1291 0.8599 0
934 0.8572 0
1226 0.8567 0
126 0.8561 0
1770 0.8540 0
949 0.8448 0
708 0.8445 0
1423 0.8407 0
1877 0.8394 0
872 0.8240 0
1605 0.8114 0
381 0.8089 0
1266 0.8084 0
426 0.8051 0
471 0.8021 0
335 0.7940 0
1183 0.7845 0
1608 0.7809 0
914 0.7802 0
1227 0.7792 0
1676 0.7769 0
1048 0.7756 0
779 0.7748 0
1809 0.7734 0
1204 0.7689 0
1194 0.7596 0
1114 0.7543 0
1293 0.7487 0
331 0.7486 0
217 0.7478 0
1771 0.7442 0
991 0.7394 0
953 0.7372 0
951 0.7361 0
758 0.7285 0
418 0.7203 0
491 0.7200 0
939 0.7198 0
241 0.7070 0
1787 0.7065 0
11 0.7046 0
517 0.7026 0
1320 0.7014 0
635 0.7008 0
106 0.6987 0
842 0.6979 0
487 0.6933 0
213 0.6908 0
1776 0.6813 0
1758 0.6771 0
408 0.6750 0
1153 0.6734 0
938 0.6657 0
262 0.6655 0
1360 0.6583 0
1119 0.6563 0
1219 0.6555 0
207 0.6533 0
1044 0.6532 0
1857 0.6497 0
1441 0.6458 0
4 0.6397 0
913 0.6396 0
1794 0.6217 0
1564 0.6211 0
49 0.6202 0
182 0.6158 0
1638 0.6157 0
311 0.6151 0
1448 0.6127 0
831 0.6034 0
1501 0.6029 0
724 0.6013 0
1175 0.5934 0
741 0.5930 0
1431 0.5928 0
1759 0.5924 0
1474 0.5895 0
417 0.5888 0
748 0.5866 0
1686 0.5840 0
1496 0.5836 0
952 0.5807 0
1387 0.5788 0
1848 0.5786 0
402 0.5765 0
1255 0.5758 0
1429 0.5595 0
1905 0.5469 0
1957 0.5432 0
902 0.5403 0
932 0.5364 0
1127 0.5352 0
677 0.5255 0
784 0.5249 0
849 0.5177 0
225 0.5159 0
975 0.5087 0
92 0.5080 0
1352 0.5052 0
1948 0.5027 0
1617 0.5002 0
974 0.4973 0
1935 0.4953 0
46 0.4943 0
1358 0.4911 0
316 0.4901 0
701 0.4870 0
1911 0.4844 0
432 0.4831 0
961 0.4827 0
226 0.4821 0
1945 0.4756 0
1668 0.4721 0
1241 0.4692 0
1889 0.4689 0
1862 0.4677 0
577 0.4652 0
1949 0.4645 0
823 0.4638 0
1805 0.4609 0
1540 0.4581 0
690 0.4515 0
1450 0.4502 0
1427 0.4472 0
1314 0.4457 0
990 0.4405 0
735 0.4394 0
1424 0.4381 0
71 0.4374 0
67 0.4333 0
21 0.4320 0
163 0.4263 0
1803 0.4156 0
1882 0.4156 0
1858 0.4155 0
500 0.4143 0
560 0.4042 0
1792 0.3990 0
1838 0.3981 0
88 0.3976 0
102 0.3963 0
1299 0.3943 0
1760 0.3876 0
973 0.3831 0
529 0.3815 0
775 0.3810 0
740 0.3784 0
1404 0.3753 0
520 0.3723 0
231 0.3711 0
1223 0.3703 0
921 0.3700 0
1627 0.3660 0
699 0.3641 0
936 0.3627 0
1296 0.3606 0
1782 0.3560 0
1808 0.3548 0
15 0.3532 0
586 0.3489 0
1827 0.3466 0
957 0.3444 0
645 0.3354 0
282 0.3302 0
1361 0.3286 0
1135 0.3277 0
1251 0.3221 0
246 0.3151 0
718 0.3126 0
131 0.3073 0
442 0.3028 0
68 0.2957 0
956 0.2921 0
1357 0.2904 0
1677 0.2870 0
403 0.2780 0
1802 0.2748 0
1642 0.2717 0
865 0.2701 0
552 0.2537 0
666 0.2523 0
31 0.2516 0
830 0.2359 0
561 0.2354 0
1755 0.2335 0
1246 0.2313 0
1746 0.2260 0
684 0.2248 0
540 0.2222 0
844 0.2175 0
201 0.2166 0
550 0.2160 0
1136 0.2159 0
546 0.2131 0
786 0.2110 0
798 0.2086 0
407 0.2063 0
1239 0.2049 0
25 0.2032 0
1316 0.1957 0
1900 0.1941 0
84 0.1884 0
1658 0.1879 0
927 0.1856 0
1421 0.1786 0
1939 0.1758 0
1952 0.1756 0
1021 0.1648 0
686 0.1647 0
894 0.1633 0
908 0.1626 0
976 0.1585 0
1906 0.1489 0
309 0.1479 0
1925 0.1462 0
1010 0.1433 0
1240 0.1376 0
912 0.1312 0
1907 0.1305 0
548 0.1256 0
545 0.1247 0
392 0.1162 0
1506 0.1134 0
693 0.1131 0
537 0.1122 0
1507 0.1073 0
180 0.1011 0
739 0.1011 0
1571 0.0957 0
536 0.0928 0
922 0.0908 0
423 0.0869 0
386 0.0762 0
528 0.0738 0
1180 0.0673 0
210 0.0544 0
843 0.0532 0
1966 0.0485 0
512 0.0420 0
85 0.0411 0
137 0.0394 0
224 0.0391 0
1462 0.0377 0
968 0.0326 0
890 0.0284 0
349 0.0283 0
69 0.0279 0
542 0.0223 0
1820 0.0217 0
325 0.0184 0
1443 0.0163 0
156 0.0140 0
1913 0.0128 0
467 0.0099 0
129 0.0001 0
794 0.0000 0
1811 -0.0006 0
274 -0.0007 0
1896 -0.0009 0
14 -0.0062 0
1826 -0.0078 0
1377 -0.0090 0
1344 -0.0129 0
1832 -0.0166 0
301 -0.0201 0
583 -0.0251 0
674 -0.0269 0
1619 -0.0270 0
7 -0.0273 0
130 -0.0296 0
218 -0.0302 0
54 -0.0382 0
16 -0.0413 0
173 -0.0458 0
1505 -0.0547 0
1938 -0.0693 0
8 -0.0713 0
364 -0.0716 0
1661 -0.0717 0
993 -0.0727 0
1355 -0.0727 0
38 -0.0750 0
643 -0.0872 0
430 -0.0879 0
1650 -0.0932 0
238 -0.1003 0
1663 -0.1073 0
1822 -0.1187 0
670 -0.1242 0
1866 -0.1255 0
1228 -0.1284 0
1265 -0.1285 0
1914 -0.1308 0
1996 -0.1324 0
1647 -0.1376 0
104 -0.1446 0
706 -0.1469 0
9 -0.1511 0
1444 -0.1517 0
162 -0.1568 0
1767 -0.1593 0
234 -0.1626 0
850 -0.1665 0
1390 -0.1728 0
950 -0.1757 0
1574 -0.1841 0
555 -0.1845 0
1898 -0.1891 0
1602 -0.1892 0
1476 -0.1981 0
694 -0.1982 0
1199 -0.2047 0
515 -0.2059 0
2 -0.2111 0
1490 -0.2184 0
667 -0.2223 0
1397 -0.2253 0
1655 -0.2268 0
1132 -0.2277 0
211 -0.2301 0
235 -0.2323 0
457 -0.2333 0
1699 -0.2335 0
1111 -0.2352 0
947 -0.2359 0
1850 -0.2385 0
214 -0.2393 0
793 -0.2465 0
1786 -0.2487 0
1039 -0.2503 0
877 -0.2540 0
1186 -0.2591 0
1022 -0.2628 0
572 -0.2640 0
1729 -0.2655 0
703 -0.2687 0
186 -0.2727 0
13 -0.2727 0
896 -0.2735 0
236 -0.2780 0
1812 -0.2833 0
59 -0.2949 0
1210 -0.2953 0
541 -0.3032 0
1646 -0.3056 0
1141 -0.3076 0
194 -0.3115 0
527 -0.3132 0
350 -0.3163 0
1046 -0.3185 0
401 -0.3230 0
1492 -0.3291 0
1020 -0.3305 0
388 -0.3312 0
1142 -0.3365 0
1106 -0.3502 0
20 -0.3506 0
888 -0.3541 0
1147 -0.3546 0
239 -0.3564 0
103 -0.3570 0
313 -0.3570 0
1313 -0.3572 0
893 -0.3575 0
1648 -0.3607 0
497 -0.3611 0
337 -0.3626 0
278 -0.3639 0
141 -0.3671 0
1495 -0.3726 0
439 -0.3730 0
601 -0.3817 0
95 -0.3845 0
1345 -0.3903 0
1469 -0.3938 0
1775 -0.3949 0
176 -0.3955 0
1936 -0.3957 0
1816 -0.4004 0
524 -0.4018 0
1726 -0.4065 0
1865 -0.4091 0
415 -0.4116 0
1137 -0.4120 0
1631 -0.4143 0
688 -0.4170 0
110 -0.4258 0
490 -0.4281 0
1583 -0.4292 0
1042 -0.4304 0
1917 -0.4305 0
243 -0.4348 0
1334 -0.4382 0
114 -0.4397 0
1412 -0.4406 0
488 -0.4420 0
152 -0.4433 0
1454 -0.4437 0
1800 -0.4453 0
1976 -0.4464 0
585 -0.4468 0
1636 -0.4488 0
145 -0.4509 0
1121 -0.4549 0
1891 -0.4603 0
1305 -0.4606 0
390 -0.4611 0
1247 -0.4622 0
669 -0.4646 0
1015 -0.4691 0
113 -0.4715 0
1259 -0.4719 0
1321 -0.4760 0
375 -0.4767 0
1262 -0.4771 0
1161 -0.4773 0
395 -0.4791 0
1014 -0.4808 0
1611 -0.4852 0
1840 -0.4908 0
1753 -0.4939 0
19 -0.4990 0
1645 -0.4991 0
879 -0.5102 0
482 -0.5110 0
1810 -0.5134 0
1681 -0.5145 0
948 -0.5145 0
1829 -0.5173 0
1698 -0.5175 0
480 -0.5214 0
112 -0.5233 0
52 -0.5252 0
319 -0.5304 0
431 -0.5309 0
625 -0.5387 0
78 -0.5397 0
1388 -0.5471 0
1378 -0.5474 0
1845 -0.5502 0
5 -0.5586 0
1695 -0.5608 0
172 -0.5619 0
1904 -0.5632 0
18 -0.5639 0
1688 -0.5647 0
1307 -0.5657 0
1112 -0.5667 0
484 -0.5685 0
44 -0.5701 0
359 -0.5705 0
1610 -0.5719 0
1040 -0.5733 0
1798 -0.5804 0
1356 -0.5818 0
995 -0.5838 0
136 -0.5880 0
972 -0.5901 0
1213 -0.5904 0
1529 -0.5981 0
347 -0.5984 0
1545 -0.5995 0
1222 -0.6008 0
1933 -0.6016 0
1177 -0.6053 0
1029 -0.6096 0
1871 -0.6152 0
462 -0.6170 0
1300 -0.6171 0
1793 -0.6185 0
608 -0.6225 0
700 -0.6248 0
1874 -0.6280 0
911 -0.6303 0
1733 -0.6307 0
329 -0.6316 0
336 -0.6354 0
918 -0.6363 0
1331 -0.6396 0
1692 -0.6397 0
119 -0.6421 0
1549 -0.6424 0
591 -0.6454 0
1037 -0.6490 0
785 -0.6492 0
566 -0.6607 0
51 -0.6621 0
1763 -0.6639 0
1920 -0.6649 0
521 -0.6723 0
1473 -0.6746 0
1708 -0.6765 0
83 -0.6793 0
1190 -0.6820 0
27 -0.6852 0
406 -0.6863 0
1644 -0.6882 0
414 -0.6939 0
79 -0.6980 0
53 -0.6990 0
1814 -0.6994 0
1887 -0.7019 0
551 -0.7019 0
1873 -0.7068 0
1764 -0.7085 0
215 -0.7090 0
158 -0.7103 0
1903 -0.7216 0
153 -0.7222 0
1539 -0.7235 0
752 -0.7292 0
1520 -0.7298 0
1799 -0.7312 0
1694 -0.7322 0
64 -0.7331 0
178 -0.7384 0
1308 -0.7420 0
1485 -0.7465 0
1491 -0.7469 0
1468 -0.7480 0
0 -0.7498 0
1821 -0.7501 0
1511 -0.7507 0
1459 -0.7522 0
1883 -0.7578 0
1700 -0.7606 0
212 -0.7608 0
996 -0.7626 0
628 -0.7654 0
983 -0.7683 0
1739 -0.7686 0
1607 -0.7708 0
37 -0.7712 0
1124 -0.7754 0
440 -0.7755 0
444 -0.7764 0
595 -0.7814 0
475 -0.7835 0
1704 -0.7849 0
157 -0.7918 0
12 -0.8008 0
99 -0.8018 0
374 -0.8048 0
1138 -0.8079 0
1024 -0.8093 0
1309 -0.8106 0
1159 -0.8115 0
1499 -0.8117 0
1680 -0.8123 0
1154 -0.8150 0
1930 -0.8175 0
1292 -0.8249 0
1660 -0.8409 0
120 -0.8422 0
723 -0.8425 0
315 -0.8453 0
155 -0.8507 0
455 -0.8530 0
476 -0.8549 0
679 -0.8603 0
1991 -0.8622 0
1249 -0.8643 0
86 -0.8667 0
61 -0.8688 0
1790 -0.8721 0
1481 -0.8727 0
692 -0.8750 0
370 -0.8800 0
1384 -0.8910 0
1339 -0.8915 0
1330 -0.8919 0
1041 -0.8932 0
1396 -0.9000 0
1207 -0.9059 0
1997 -0.9122 0
496 -0.9126 0
389 -0.9149 0
1778 -0.9224 0
1169 -0.9228 0
472 -0.9236 0
181 -0.9293 0
1893 -0.9303 0
1691 -0.9318 0
338 -0.9334 0
1864 -0.9375 0
1289 -0.9391 0
203 -0.9400 0
935 -0.9401 0
1123 -0.9433 0
1392 -0.9500 0
1835 -0.9544 0
314 -0.9546 0
1417 -0.9621 0
485 -0.9649 0
909 -0.9669 0
547 -0.9710 0
161 -0.9737 0
746 -0.9789 0
63 -0.9796 0
933 -0.9827 0
1974 -0.9849 0
43 -0.9867 0
23 -0.9884 0
466 -0.9890 0
1451 -0.9910 0
199 -0.9977 0
1954 -0.9983 0
191 -1.0023 0
140 -1.0102 0
87 -1.0121 0
1635 -1.0153 0
880 -1.0175 0
74 -1.0181 0
1458 -1.0254 0
618 -1.0279 0
1615 -1.0338 0
1478 -1.0362 0
1988 -1.0392 0
421 -1.0399 0
1430 -1.0411 0
1693 -1.0422 0
1193 -1.0429 0
1263 -1.0482 0
970 -1.0502 0
656 -1.0526 0
1399 -1.0532 0
1897 -1.0534 0
22 -1.0583 0
768 -1.0631 0
486 -1.0640 0
1002 -1.0653 0
959 -1.0656 0
854 -1.0657 0
1393 -1.0668 0
606 -1.0684 0
409 -1.0700 0
1804 -1.0726 0
519 -1.0734 0
1872 -1.0746 0
600 -1.0751 0
227 -1.0779 0
1303 -1.0794 0
413 -1.0794 0
664 -1.0924 0
1909 -1.1074 0
887 -1.1086 0
661 -1.1089 0
1867 -1.1096 0
271 -1.1116 0
712 -1.1142 0
34 -1.1147 0
185 -1.1166 0
1987 -1.1171 0
1768 -1.1199 0
62 -1.1238 0
305 -1.1317 0
1238 -1.1334 0
1718 -1.1336 0
29 -1.1362 0
1171 -1.1366 0
1613 -1.1381 0
299 -1.1392 0
1375 -1.1412 0
1004 -1.1445 0
1049 -1.1459 0
321 -1.1524 0
56 -1.1547 0
1601 -1.1579 0
304 -1.1605 0
1901 -1.1615 0
1744 -1.1615 0
870 -1.1639 0
1783 -1.1673 0
522 -1.1691 0
1369 -1.1712 0
1818 -1.1718 0
111 -1.1729 0
1113 -1.1737 0
1851 -1.1750 0
1273 -1.1773 0
468 -1.1792 0
320 -1.1792 0
623 -1.1799 0
1479 -1.1820 0
465 -1.1842 0
533 -1.1916 0
425 -1.1940 0
229 -1.2002 0
1013 -1.2022 0
1703 -1.2051 0
924 -1.2053 0
100 -1.2065 0
1164 -1.2129 0
1391 -1.2251 0
1543 -1.2270 0
1825 -1.2275 0
1719 -1.2275 0
633 -1.2358 0
653 -1.2371 0
1515 -1.2396 0
1516 -1.2407 0
184 -1.2409 0
1740 -1.2418 0
986 -1.2420 0
358 -1.2421 0
1665 -1.2425 0
1854 -1.2483 0
1535 -1.2490 0
283 -1.2495 0
1633 -1.2498 0
1018 -1.2570 0
594 -1.2590 0
192 -1.2596 0
1158 -1.2679 0
367 -1.2726 0
1162 -1.2756 0
1434 -1.2759 0
1609 -1.2770 0
1115 -1.2790 0
1295 -1.2806 0
1737 -1.2822 0
362 -1.2860 0
419 -1.2877 0
1332 -1.2879 0
1347 -1.2891 0
232 -1.2894 0
196 -1.2911 0
1188 -1.2941 0
1486 -1.2943 0
1937 -1.3001 0
40 -1.3044 0
1167 -1.3062 0
1869 -1.3076 0
945 -1.3092 0
1256 -1.3117 0
1654 -1.3133 0
1912 -1.3170 0
807 -1.3196 0
1116 -1.3210 0
1824 -1.3226 0
1254 -1.3286 0
1629 -1.3310 0
1649 -1.3317 0
1534 -1.3335 0
351 -1.3345 0
557 -1.3354 0
1383 -1.3359 0
982 -1.3379 0
144 -1.3390 0
461 -1.3414 0
70 -1.3437 0
1773 -1.3583 0
1731 -1.3609 0
1271 -1.3614 0
1513 -1.3659 0
1170 -1.3672 0
1420 -1.3700 0
1922 -1.3724 0
230 -1.3730 0
393 -1.3733 0
1407 -1.3737 0
810 -1.3740 0
1245 -1.3750 0
1283 -1.3789 0
663 -1.3817 0
159 -1.3859 0
1206 -1.3896 0
778 -1.3937 0
1978 -1.3968 0
1598 -1.3998 0
873 -1.4038 0
539 -1.4044 0
1398 -1.4078 0
1472 -1.4078 0
10 -1.4080 0
1017 -1.4093 0
1732 -1.4102 0
926 -1.4105 0
578 -1.4113 0
919 -1.4132 0
391 -1.4155 0
492 -1.4171 0
341 -1.4190 0
689 -1.4230 0
208 -1.4278 0
1659 -1.4313 0
1269 -1.4323 0
289 -1.4323 0
1600 -1.4358 0
636 -1.4359 0
1125 -1.4367 0
460 -1.4376 0
233 -1.4386 0
1035 -1.4400 0
1885 -1.4418 0
1538 -1.4427 0
326 -1.4438 0
1843 -1.4444 0
117 -1.4471 0
127 -1.4488 0
1005 -1.4503 0
177 -1.4504 0
387 -1.4553 0
354 -1.4620 0
1306 -1.4743 0
604 -1.4777 0
365 -1.4795 0
856 -1.4817 0
799 -1.4819 0
503 -1.4846 0
166 -1.4863 0
1197 -1.4879 0
1813 -1.4985 0
626 -1.4996 0
287 -1.5007 0
534 -1.5122 0
1817 -1.5141 0
1940 -1.5143 0
1861 -1.5190 0
1109 -1.5211 0
797 -1.5230 0
650 -1.5257 0
1348 -1.5261 0
75 -1.5262 0
1875 -1.5304 0
1894 -1.5330 0
640 -1.5388 0
1734 -1.5398 0
108 -1.5405 0
1741 -1.5413 0
928 -1.5429 0
1200 -1.5434 0
1467 -1.5506 0
1497 -1.5527 0
1261 -1.5533 0
1 -1.5551 0
1982 -1.5566 0
149 -1.5568 0
1705 -1.5617 0
531 -1.5630 0
220 -1.5723 0
1032 -1.5780 0
148 -1.5831 0
1666 -1.5833 0
1012 -1.5836 0
1860 -1.5861 0
285 -1.5906 0
1312 -1.5915 0
1156 -1.5924 0
357 -1.5934 0
1439 -1.5943 0
892 -1.5957 0
1512 -1.5957 0
345 -1.5974 0
1947 -1.6003 0
866 -1.6004 0
648 -1.6066 0
1274 -1.6069 0
1836 -1.6076 0
1337 -1.6107 0
668 -1.6113 0
1671 -1.6120 0
1918 -1.6181 0
222 -1.6183 0
1465 -1.6237 0
940 -1.6275 0
1144 -1.6298 0
613 -1.6299 0
122 -1.6356 0
1884 -1.6407 0
1878 -1.6435 0
371 -1.6453 0
1324 -1.6457 0
1713 -1.6514 0
1484 -1.6542 0
1437 -1.6571 0
1230 -1.6611 0
276 -1.6616 0
1518 -1.6617 0
352 -1.6621 0
1464 -1.6624 0
1493 -1.6632 0
1514 -1.6655 0
1592 -1.6669 0
1892 -1.6673 0
969 -1.6678 0
90 -1.6728 0
1150 -1.6738 0
929 -1.6748 0
1968 -1.6763 0
1372 -1.6771 0
1931 -1.6777 0
77 -1.6802 0
255 -1.6809 0
1131 -1.6830 0
297 -1.6839 0
368 -1.6862 0
269 -1.6950 0
930 -1.7025 0
272 -1.7025 0
1318 -1.7026 0
612 -1.7083 0
1588 -1.7112 0
1290 -1.7148 0
135 -1.7154 0
382 -1.7160 0
1788 -1.7171 0
1856 -1.7173 0
330 -1.7182 0
1628 -1.7209 0
175 -1.7227 0
1311 -1.7252 0
867 -1.7283 0
265 -1.7289 0
1475 -1.7334 0
189 -1.7335 0
1956 -1.7365 0
1530 -1.7395 0
258 -1.7434 0
1657 -1.7444 0
1972 -1.7450 0
1351 -1.7471 0
1229 -1.7474 0
1723 -1.7489 0
1365 -1.7542 0
48 -1.7547 0
835 -1.7580 0
223 -1.7595 0
1849 -1.7598 0
60 -1.7599 0
50 -1.7610 0
1541 -1.7620 0
1160 -1.7620 0
1235 -1.7620 0
1038 -1.7634 0
1201 -1.7715 0
1165 -1.7721 0
206 -1.7723 0
901 -1.7733 0
1673 -1.7785 0
859 -1.7785 0
1304 -1.7846 0
332 -1.7850 0
1353 -1.7856 0
266 -1.7917 0
632 -1.7942 0
1852 -1.7957 0
1561 -1.7976 0
1721 -1.8044 0
55 -1.8045 0
379 -1.8073 0
1146 -1.8099 0
1453 -1.8126 0
1656 -1.8138 0
1463 -1.8166 0
1264 -1.8202 0
1923 -1.8214 0
1924 -1.8252 0
1969 -1.8264 0
1910 -1.8300 0
1823 -1.8317 0
1926 -1.8337 0
1302 -1.8398 0
183 -1.8419 0
874 -1.8492 0
1785 -1.8558 0
971 -1.8563 0
1139 -1.8600 0
1196 -1.8614 0
1466 -1.8695 0
1532 -1.8757 0
1965 -1.8759 0
1192 -1.8784 0
1888 -1.8785 0
252 -1.8785 0
899 -1.8809 0
1754 -1.8852 0
994 -1.8898 0
855 -1.9009 0
42 -1.9021 0
1831 -1.9082 0
1743 -1.9084 0
1859 -1.9116 0
1664 -1.9123 0
673 -1.9128 0
672 -1.9186 0
1487 -1.9216 0
992 -1.9259 0
1955 -1.9305 0
514 -1.9312 0
1209 -1.9315 0
1667 -1.9353 0
852 -1.9369 0
198 -1.9374 0
1298 -1.9393 0
1257 -1.9400 0
941 -1.9469 0
631 -1.9573 0
188 -1.9595 0
105 -1.9610 0
1946 -1.9707 0
882 -1.9730 0
1620 -1.9767 0
98 -1.9826 0
1581 -1.9885 0
355 -1.9902 0
1101 -1.9934 0
72 -1.9956 0
317 -1.9966 0
1932 -1.9972 0
378 -2.0041 0
132 -2.0069 0
1524 -2.0073 0
1855 -2.0117 0
1457 -2.0124 0
889 -2.0128 0
1326 -2.0138 0
1488 -2.0157 0
1587 -2.0172 0
630 -2.0179 0
1548 -2.0186 0
1232 -2.0189 0
1632 -2.0235 0
1728 -2.0264 0
1625 -2.0345 0
82 -2.0413 0
1217 -2.0414 0
1553 -2.0489 0
1603 -2.0536 0
433 -2.0556 0
1736 -2.0617 0
373 -2.0697 0
1558 -2.0704 0
1881 -2.0759 0
1329 -2.0781 0
875 -2.0792 0
1769 -2.0797 0
620 -2.0802 0
1929 -2.0810 0
1984 -2.0849 0
979 -2.0878 0
1544 -2.0893 0
380 -2.0901 0
1621 -2.0906 0
477 -2.0918 0
1687 -2.0919 0
885 -2.0941 0
1584 -2.0964 0
65 -2.0965 0
1944 -2.0974 0
160 -2.0995 0
154 -2.1066 0
1341 -2.1072 0
1791 -2.1100 0
760 -2.1148 0
1669 -2.1182 0
66 -2.1197 0
1690 -2.1250 0
1510 -2.1370 0
644 -2.1437 0
980 -2.1451 0
150 -2.1456 0
3 -2.1459 0
1725 -2.1463 0
1747 -2.1463 0
1777 -2.1464 0
1284 -2.1475 0
1323 -2.1577 0
118 -2.1622 0
1322 -2.1670 0
1675 -2.1689 0
1187 -2.1721 0
1989 -2.1738 0
1349 -2.1747 0
1537 -2.1758 0
1191 -2.1801 0
1980 -2.1821 0
1521 -2.1837 0
253 -2.1842 0
1784 -2.1846 0
1963 -2.1871 0
1565 -2.2016 0
1807 -2.2036 0
1819 -2.2120 0
1000 -2.2154 0
1779 -2.2239 0
1899 -2.2270 0
1248 -2.2272 0
1134 -2.2296 0
312 -2.2389 0
1927 -2.2390 0
907 -2.2415 0
1942 -2.2448 0
1282 -2.2491 0
58 -2.2511 0
647 -2.2544 0
1231 -2.2546 0
678 -2.2548 0
1727 -2.2588 0
1253 -2.2592 0
871 -2.2608 0
1031 -2.2677 0
965 -2.2691 0
1003 -2.2753 0
1546 -2.2760 0
1208 -2.2808 0
1335 -2.2889 0
651 -2.2943 0
121 -2.2960 0
1455 -2.3016 0
997 -2.3028 0
397 -2.3050 0
1011 -2.3060 0
1030 -2.3070 0
1163 -2.3074 0
662 -2.3133 0
1364 -2.3155 0
917 -2.3168 0
286 -2.3170 0
1126 -2.3179 0
1828 -2.3196 0
1618 -2.3257 0
1730 -2.3269 0
81 -2.3280 0
377 -2.3295 0
124 -2.3298 0
6 -2.3338 0
469 -2.3371 0
675 -2.3385 0
89 -2.3394 0
281 -2.3452 0
1130 -2.3500 0
372 -2.3507 0
256 -2.3591 0
495 -2.3626 0
962 -2.3638 0
1547 -2.3644 0
116 -2.3651 0
1748 -2.3693 0
1250 -2.3700 0
695 -2.3792 0
1016 -2.3797 0
1027 -2.3885 0
1179 -2.3889 0
1994 -2.3913 0
858 -2.3976 0
1461 -2.4014 0
883 -2.4071 0
1815 -2.4087 0
1672 -2.4098 0
659 -2.4101 0
1374 -2.4113 0
346 -2.4114 0
654 -2.4135 0
187 -2.4141 0
396 -2.4150 0
988 -2.4187 0
987 -2.4190 0
1270 -2.4211 0
366 -2.4222 0
1371 -2.4258 0
1921 -2.4299 0
1480 -2.4323 0
792 -2.4355 0
1606 -2.4370 0
384 -2.4383 0
264 -2.4399 0
93 -2.4539 0
1780 -2.4564 0
1288 -2.4588 0
1185 -2.4599 0
1999 -2.4607 0
853 -2.4634 0
179 -2.4642 0
318 -2.4677 0
1354 -2.4711 0
1720 -2.4727 0
1679 -2.4750 0
1967 -2.4791 0
474 -2.4809 0
1367 -2.4823 0
1707 -2.4872 0
652 -2.4875 0
1992 -2.4876 0
619 -2.4882 0
1765 -2.4894 0
1176 -2.4906 0
1244 -2.4910 0
1702 -2.4983 0
1277 -2.5006 0
76 -2.5104 0
1895 -2.5144 0
1168 -2.5187 0
1712 -2.5323 0
1376 -2.5340 0
101 -2.5354 0
1294 -2.5389 0
676 -2.5389 0
167 -2.5409 0
1916 -2.5451 0
1149 -2.5513 0
443 -2.5626 0
1328 -2.5662 0
999 -2.5717 0
627 -2.5800 0
1285 -2.5860 0
1287 -2.5912 0
435 -2.5938 0
1181 -2.6011 0
611 -2.6039 0
1724 -2.6052 0
1833 -2.6107 0
438 -2.6137 0
1876 -2.6196 0
1555 -2.6200 0
1470 -2.6209 0
637 -2.6352 0
1006 -2.6376 0
376 -2.6431 0
1750 -2.6436 0
1626 -2.6445 0
73 -2.6481 0
642 -2.6549 0
481 -2.6555 0
1152 -2.6597 0
1236 -2.6630 0
1977 -2.6676 0
1508 -2.6684 0
275 -2.6796 0
293 -2.6814 0
1624 -2.6871 0
502 -2.6902 0
1363 -2.6926 0
1340 -2.6951 0
665 -2.6966 0
1678 -2.7015 0
1697 -2.7027 0
549 -2.7062 0
1280 -2.7066 0
1662 -2.7219 0
851 -2.7327 0
174 -2.7337 0
685 -2.7429 0
1641 -2.7456 0
1447 -2.7494 0
1959 -2.7502 0
646 -2.7521 0
1774 -2.7526 0
1221 -2.7546 0
1460 -2.7556 0
270 -2.7558 0
680 -2.7570 0
251 -2.7664 0
1964 -2.7694 0
267 -2.7803 0
683 -2.7856 0
897 -2.7892 0
1155 -2.7899 0
1008 -2.7909 0
1338 -2.7932 0
247 -2.7939 0
717 -2.7957 0
1637 -2.7992 0
960 -2.8018 0
1738 -2.8052 0
1595 -2.8067 0
1489 -2.8136 0
1286 -2.8153 0
1993 -2.8157 0
1586 -2.8192 0
989 -2.8198 0
634 -2.8230 0
1275 -2.8242 0
1133 -2.8252 0
1373 -2.8337 0
954 -2.8355 0
1579 -2.8367 0
1749 -2.8398 0
860 -2.8425 0
398 -2.8490 0
1025 -2.8595 0
981 -2.8598 0
1772 -2.8621 0
1670 -2.8657 0
1951 -2.8694 0
1880 -2.8734 0
97 -2.8751 0
1714 -2.8752 0
115 -2.8752 0
1189 -2.8799 0
57 -2.8849 0
1195 -2.8918 0
473 -2.8926 0
884 -2.8940 0
543 -2.8970 0
1166 -2.9003 0
1143 -2.9046 0
1971 -2.9073 0
268 -2.9085 0
1711 -2.9108 0
868 -2.9143 0
1482 -2.9167 0
895 -2.9201 0
125 -2.9319 0
138 -2.9359 0
1715 -2.9389 0
1178 -2.9427 0
1523 -2.9473 0
190 -2.9544 0
361 -2.9551 0
737 -2.9614 0
91 -2.9627 0
509 -2.9818 0
1043 -2.9860 0
1258 -2.9909 0
624 -3.0051 0
1985 -3.0303 0
1224 -3.0366 0
449 -3.0510 0
1745 -3.0519 0
977 -3.0529 0
96 -3.0640 0
755 -3.0658 0
1622 -3.0726 0
963 -3.0778 0
966 -3.0804 0
1593 -3.0852 0
998 -3.0860 0
295 -3.0880 0
1477 -3.0979 0
876 -3.1002 0
1028 -3.1012 0
298 -3.1116 0
1536 -3.1190 0
1483 -3.1280 0
1528 -3.1368 0
1597 -3.1391 0
80 -3.1391 0
1359 -3.1469 0
322 -3.1574 0
1471 -3.1599 0
1272 -3.1793 0
250 -3.1853 0
1007 -3.1882 0
1868 -3.2007 0
284 -3.2036 0
1577 -3.2061 0
1640 -3.2140 0
967 -3.2151 0
603 -3.2159 0
1572 -3.2187 0
1252 -3.2235 0
1157 -3.2271 0
1509 -3.2292 0
1108 -3.2353 0
1953 -3.2426 0
259 -3.2468 0
1960 -3.2503 0
1502 -3.2525 0
1350 -3.2631 0
1362 -3.2863 0
878 -3.2993 0
1117 -3.3018 0
147 -3.3063 0
1045 -3.3439 0
1531 -3.3487 0
169 -3.3587 0
1279 -3.3626 0
1517 -3.3660 0
1019 -3.3667 0
1983 -3.3781 0
1550 -3.3823 0
1706 -3.3882 0
1310 -3.3898 0
1839 -3.3932 0
254 -3.4010 0
1981 -3.4084 0
1795 -3.4094 0
1928 -3.4094 0
1503 -3.4322 0
1567 -3.4323 0
1979 -3.4480 0
1319 -3.4595 0
691 -3.4658 0
139 -3.4801 0
291 -3.4807 0
1844 -3.4993 0
1366 -3.5002 0
658 -3.5004 0
1563 -3.5062 0
1559 -3.5121 0
1281 -3.5203 0
958 -3.5317 0
456 -3.5362 0
1995 -3.5469 0
864 -3.5471 0
1576 -3.5489 0
629 -3.5496 0
1684 -3.5582 0
615 -3.5618 0
862 -3.5727 0
1551 -3.5785 0
1278 -3.5821 0
1717 -3.5916 0
142 -3.5940 0
1522 -3.5994 0
171 -3.6014 0
605 -3.6131 0
1990 -3.6134 0
128 -3.6157 0
1934 -3.6350 0
1556 -3.6435 0
1526 -3.6465 0
260 -3.6507 0
1623 -3.6641 0
134 -3.6658 0
107 -3.6737 0
193 -3.6751 0
165 -3.6796 0
463 -3.6925 0
296 -3.7035 0
1970 -3.7218 0
1722 -3.7235 0
1653 -3.7263 0
1596 -3.7274 0
489 -3.7338 0
523 -3.7403 0
1267 -3.7403 0
294 -3.7444 0
1519 -3.7576 0
273 -3.7601 0
263 -3.7764 0
1182 -3.7824 0
1742 -3.8146 0
288 -3.8147 0
143 -3.8199 0
1594 -3.8261 0
1389 -3.8450 0
1950 -3.8549 0
964 -3.8650 0
1379 -3.8661 0
1456 -3.8674 0
279 -3.8852 0
1630 -3.8880 0
1104 -3.9081 0
649 -3.9096 0
1260 -3.9262 0
1961 -3.9330 0
1962 -3.9543 0
1151 -3.9862 0
1342 -3.9922 0
978 -4.0189 0
609 -4.0196 0
1716 -4.0280 0
1973 -4.0765 0
1525 -4.0827 0
1580 -4.1168 0
1590 -4.1306 0
617 -4.1389 0
1297 -4.1424 0
261 -4.1536 0
1198 -4.1797 0
671 -4.1973 0
1560 -4.2223 0
1710 -4.2461 0
1566 -4.2590 0
1346 -4.2770 0
1047 -4.2838 0
1591 -4.2983 0
1386 -4.3045 0
1568 -4.3371 0
292 -4.3504 0
526 -4.3659 0
898 -4.3883 0
1570 -4.3938 0
1578 -4.4208 0
1986 -4.4264 0
1009 -4.4400 0
1582 -4.4761 0
1102 -4.4910 0
638 -4.5129 0
1701 -4.5577 0
1709 -4.5946 0
610 -4.6109 0
1504 -4.7815 0
1557 -4.8127 0
1552 -4.8144 0
277 -4.8421 0
280 -4.8450 0
1562 -4.9521 0
1381 -5.0180 0
1554 -5.0258 0
1569 -5.1265 0
1599 -5.1890 0
1268 -5.1941 0
1975 -5.2318 0
1589 -5.2708 0
1573 -5.3644 0
1276 -5.4041 0
616 -5.4261 0
