1104 28.3763 1
1108 28.2020 1
1111 22.0416 1
1115 22.0172 1
1109 20.6762 1
1112 20.2304 1
1135 19.8259 1
1101 18.7328 1
1120 18.6861 1
1105 18.2749 1
1125 18.0919 1
1122 17.6889 1
1136 17.3333 1
1139 17.3211 1
1149 16.7324 1
1113 16.6748 1
1103 16.3448 1
1106 15.9101 1
1302 15.6267 0
1121 15.2977 1
1133 15.1694 1
1143 15.0409 1
1114 14.7509 1
1137 14.6481 1
1132 14.5043 1
1129 12.2833 1
1124 12.0657 1
1119 11.9324 1
1141 11.8439 1
1134 11.5832 1
349 11.4939 0
1305 11.3691 0
1102 11.2350 1
1128 10.5789 1
1107 10.5590 1
1127 10.2651 1
1126 10.2252 1
1116 10.1933 1
1144 9.6886 1
766 9.6460 0
1130 9.0470 1
1145 8.8938 1
1952 8.4975 0
93 8.4164 0
689 8.2491 0
1131 8.2256 1
335 8.0798 0
1147 7.8773 1
332 7.8734 0
1262 7.8661 0
1110 7.7384 1
1385 7.4077 0
798 7.4029 0
1304 7.2889 0
755 7.0946 0
873 7.0622 0
325 6.8673 0
1282 6.8289 0
1889 6.7937 0
1400 6.5802 0
459 6.5364 0
1348 6.3204 0
859 6.1339 0
1341 5.9530 0
1138 5.9227 1
982 5.8706 0
320 5.7701 0
1123 5.5724 1
827 5.3990 0
1270 5.3878 0
1117 5.3360 1
737 5.3164 0
1100 5.2869 1
373 5.2766 0
1225 5.2206 0
97 5.2185 0
509 5.1484 0
1332 5.1279 0
308 5.1105 0
770 5.0478 0
528 4.9828 0
372 4.9497 0
1176 4.9367 0
797 4.9317 0
767 4.8550 0
1259 4.8451 0
794 4.8259 0
1364 4.8132 0
313 4.8034 0
87 4.7828 0
1171 4.7599 0
750 4.7526 0
299 4.7519 0
329 4.7442 0
73 4.7429 0
557 4.7132 0
757 4.7032 0
460 4.6950 0
876 4.6837 0
989 4.6569 0
344 4.6515 0
1919 4.5972 0
1996 4.5821 0
1064 4.5801 0
1500 4.5385 0
1706 4.4968 0
472 4.4752 0
1045 4.4703 0
1254 4.4160 0
774 4.4089 0
333 4.3681 0
303 4.3055 0
311 4.2672 0
1015 4.2201 0
1367 4.1751 0
1373 4.1632 0
1303 4.1324 0
473 4.1196 0
595 4.1123 0
1374 4.0948 0
779 4.0623 0
294 4.0480 0
1167 4.0444 0
769 4.0113 0
773 3.9402 0
527 3.9216 0
883 3.9111 0
1346 3.8926 0
468 3.8857 0
1300 3.8755 0
1691 3.8650 0
1394 3.8275 0
1715 3.7616 0
1730 3.7581 0
1315 3.7576 0
1387 3.7160 0
48 3.6974 0
1146 3.6887 1
1239 3.6217 0
1140 3.6063 1
1329 3.5676 0
1362 3.5552 0
496 3.4675 0
1345 3.4611 0
1344 3.4602 0
1313 3.4508 0
1232 3.4225 0
1316 3.4119 0
493 3.3999 0
336 3.3944 0
1155 3.3806 0
476 3.3389 0
891 3.3293 0
1412 3.3226 0
317 3.3079 0
793 3.3016 0
652 3.2843 0
1534 3.2475 0
566 3.2242 0
868 3.2007 0
967 3.1891 0
1337 3.1752 0
1308 3.1672 0
1249 3.1561 0
776 3.1196 0
492 3.0967 0
924 3.0962 0
966 3.0952 0
864 3.0706 0
662 3.0701 0
1272 3.0241 0
1878 3.0187 0
1317 3.0180 0
469 3.0103 0
1148 2.9784 1
1000 2.9582 0
659 2.9454 0
1288 2.9286 0
675 2.9192 0
988 2.9130 0
803 2.9109 0
348 2.8885 0
77 2.8789 0
1261 2.8779 0
1194 2.8748 0
513 2.8621 0
660 2.8548 0
1363 2.8475 0
893 2.8427 0
1011 2.8350 0
1200 2.7929 0
377 2.7755 0
697 2.7629 0
1697 2.7406 0
650 2.7353 0
760 2.7327 0
1376 2.7146 0
1093 2.7059 0
1557 2.7023 0
142 2.7016 0
1330 2.6838 0
761 2.6808 0
796 2.6759 0
296 2.6692 0
1389 2.6656 0
810 2.6560 0
578 2.6339 0
330 2.6208 0
1284 2.6188 0
1445 2.6187 0
75 2.6151 0
1319 2.6135 0
1301 2.6045 0
839 2.6028 0
452 2.6011 0
284 2.5975 0
960 2.5968 0
1810 2.5899 0
1417 2.5834 0
315 2.5748 0
463 2.5734 0
1206 2.5703 0
1307 2.5603 0
1310 2.5411 0
1392 2.5092 0
1320 2.4926 0
888 2.4921 0
23 2.4910 0
1118 2.4904 1
324 2.4830 0
1405 2.4739 0
65 2.4572 0
1271 2.4290 0
1553 2.4278 0
1186 2.4195 0
1230 2.4176 0
1209 2.4105 0
1844 2.4011 0
131 2.3991 0
1352 2.3916 0
894 2.3909 0
777 2.3882 0
398 2.3875 0
1567 2.3652 0
1907 2.3629 0
307 2.3611 0
1547 2.3488 0
668 2.3364 0
781 2.3093 0
486 2.3081 0
1292 2.3055 0
470 2.2999 0
490 2.2893 0
1098 2.2818 0
878 2.2645 0
1388 2.2403 0
337 2.2387 0
397 2.2323 0
1384 2.2250 0
305 2.2220 0
1333 2.2210 0
456 2.2201 0
1521 2.2158 0
543 2.1964 0
477 2.1952 0
277 2.1932 0
974 2.1823 0
1684 2.1792 0
763 2.1702 0
759 2.1688 0
499 2.1615 0
1257 2.1465 0
785 2.1455 0
479 2.1400 0
889 2.1386 0
498 2.1342 0
765 2.1306 0
1151 2.1293 0
1163 2.1274 0
1311 2.0968 0
863 2.0899 0
1324 2.0839 0
1429 2.0651 0
438 2.0646 0
795 2.0580 0
67 2.0469 0
89 2.0425 0
952 2.0405 0
1575 2.0368 0
66 2.0331 0
1043 2.0297 0
998 2.0295 0
1489 2.0281 0
1377 2.0132 0
1297 2.0123 0
1283 2.0072 0
1038 2.0010 0
1370 2.0000 0
854 1.9959 0
1201 1.9882 0
783 1.9710 0
712 1.9642 0
1665 1.9530 0
314 1.9408 0
1469 1.9267 0
663 1.9164 0
1375 1.9155 0
1858 1.9066 0
1477 1.9010 0
443 1.8929 0
572 1.8767 0
321 1.8481 0
867 1.8481 0
1028 1.8480 0
778 1.8042 0
1153 1.7977 0
55 1.7948 0
494 1.7923 0
59 1.7894 0
784 1.7880 0
1685 1.7858 0
96 1.7844 0
466 1.7812 0
1850 1.7774 0
830 1.7470 0
550 1.7448 0
658 1.7394 0
756 1.7259 0
832 1.7238 0
653 1.7232 0
977 1.7150 0
1422 1.7125 0
1321 1.7076 0
630 1.6864 0
451 1.6844 0
644 1.6712 0
682 1.6712 0
1268 1.6541 0
328 1.6485 0
1331 1.6412 0
1349 1.6252 0
1748 1.6200 0
552 1.6159 0
892 1.5917 0
586 1.5913 0
1488 1.5838 0
811 1.5811 0
754 1.5805 0
665 1.5777 0
1398 1.5743 0
1903 1.5739 0
1568 1.5684 0
1413 1.5640 0
1408 1.5604 0
985 1.5569 0
14 1.5544 0
933 1.5464 0
1537 1.5456 0
1012 1.5445 0
555 1.5407 0
1365 1.5224 0
615 1.5222 0
1251 1.5009 0
340 1.4990 0
1222 1.4852 0
685 1.4840 0
1886 1.4839 0
862 1.4839 0
962 1.4820 0
26 1.4813 0
1386 1.4799 0
629 1.4606 0
978 1.4540 0
1290 1.4448 0
1937 1.4385 0
834 1.4359 0
584 1.4307 0
622 1.4230 0
256 1.4219 0
485 1.4163 0
866 1.4073 0
370 1.3999 0
1017 1.3996 0
687 1.3984 0
1651 1.3984 0
428 1.3971 0
825 1.3775 0
1309 1.3769 0
618 1.3768 0
880 1.3756 0
670 1.3742 0
1150 1.3718 0
1434 1.3617 0
1287 1.3516 0
667 1.3336 0
565 1.3326 0
1220 1.3230 0
1285 1.3227 0
846 1.3202 0
433 1.3199 0
1047 1.3139 0
374 1.3114 0
1944 1.2986 0
1369 1.2932 0
318 1.2886 0
970 1.2796 0
363 1.2753 0
1235 1.2681 0
1033 1.2664 0
632 1.2442 0
792 1.2436 0
851 1.2149 0
1731 1.2119 0
326 1.2110 0
1506 1.2095 0
33 1.2052 0
3 1.1933 0
1075 1.1928 0
1664 1.1866 0
1019 1.1822 0
430 1.1712 0
1253 1.1549 0
12 1.1532 0
1902 1.1511 0
1318 1.1483 0
1612 1.1445 0
648 1.1253 0
588 1.1163 0
1895 1.1011 0
700 1.0955 0
1721 1.0929 0
1383 1.0924 0
673 1.0894 0
421 1.0856 0
1067 1.0737 0
1852 1.0698 0
791 1.0686 0
983 1.0590 0
736 1.0549 0
257 1.0521 0
1663 1.0518 0
1423 1.0421 0
1226 1.0395 0
1265 1.0360 0
1013 1.0283 0
1009 1.0259 0
1941 1.0185 0
1027 1.0079 0
684 1.0057 0
746 1.0008 0
881 0.9951 0
1291 0.9941 0
1565 0.9807 0
1579 0.9789 0
823 0.9761 0
143 0.9741 0
819 0.9739 0
1574 0.9719 0
462 0.9684 0
855 0.9656 0
350 0.9559 0
346 0.9534 0
666 0.9497 0
938 0.9385 0
345 0.9377 0
1142 0.9286 1
431 0.9267 0
488 0.9253 0
481 0.9243 0
1566 0.9184 0
1154 0.9142 0
489 0.9061 0
758 0.9002 0
1378 0.8930 0
1922 0.8892 0
875 0.8843 0
322 0.8787 0
1258 0.8766 0
1679 0.8727 0
787 0.8685 0
334 0.8675 0
1334 0.8642 0
1672 0.8631 0
1263 0.8627 0
52 0.8598 0
1269 0.8541 0
407 0.8510 0
1366 0.8472 0
1674 0.8334 0
752 0.8297 0
574 0.8280 0
1745 0.8250 0
1359 0.8217 0
1090 0.8175 0
1516 0.8121 0
954 0.8111 0
1544 0.8097 0
347 0.8029 0
1635 0.8008 0
858 0.7967 0
788 0.7956 0
395 0.7954 0
521 0.7916 0
480 0.7900 0
57 0.7889 0
1191 0.7875 0
362 0.7874 0
342 0.7867 0
1361 0.7776 0
1862 0.7716 0
357 0.7642 0
233 0.7637 0
886 0.7592 0
844 0.7572 0
753 0.7526 0
1002 0.7513 0
882 0.7497 0
1266 0.7495 0
853 0.7466 0
1040 0.7311 0
1293 0.7288 0
694 0.7248 0
341 0.7216 0
1381 0.7114 0
877 0.7110 0
1718 0.7108 0
996 0.7095 0
995 0.7012 0
388 0.6798 0
703 0.6768 0
639 0.6753 0
1180 0.6743 0
0 0.6595 0
683 0.6558 0
213 0.6497 0
1001 0.6394 0
1682 0.6342 0
1338 0.6314 0
686 0.6212 0
1395 0.6112 0
327 0.6080 0
1083 0.6077 0
562 0.6031 0
240 0.6021 0
780 0.6007 0
1472 0.5977 0
484 0.5931 0
1716 0.5923 0
994 0.5810 0
590 0.5786 0
610 0.5772 0
1010 0.5716 0
1245 0.5707 0
1170 0.5701 0
1039 0.5656 0
914 0.5641 0
371 0.5603 0
447 0.5481 0
724 0.5474 0
1777 0.5462 0
1091 0.5445 0
845 0.5388 0
955 0.5327 0
478 0.5304 0
772 0.5295 0
1350 0.5294 0
319 0.5251 0
118 0.5220 0
408 0.5205 0
134 0.5191 0
649 0.5167 0
921 0.5134 0
637 0.5104 0
1202 0.5083 0
1437 0.5005 0
396 0.4924 0
300 0.4865 0
1157 0.4861 0
976 0.4815 0
957 0.4766 0
1380 0.4762 0
1390 0.4760 0
959 0.4628 0
99 0.4516 0
1208 0.4513 0
1325 0.4482 0
1022 0.4460 0
1812 0.4389 0
963 0.4364 0
306 0.4329 0
1357 0.4326 0
1738 0.4289 0
1224 0.4262 0
1673 0.4262 0
1035 0.4259 0
1260 0.4235 0
288 0.4152 0
1193 0.4148 0
467 0.4102 0
1032 0.4093 0
964 0.4085 0
716 0.4077 0
351 0.4044 0
60 0.3861 0
171 0.3824 0
874 0.3781 0
19 0.3714 0
671 0.3708 0
367 0.3649 0
1530 0.3602 0
1642 0.3577 0
1195 0.3540 0
638 0.3522 0
331 0.3332 0
999 0.3304 0
553 0.3286 0
561 0.3277 0
748 0.3264 0
1023 0.3212 0
1845 0.3197 0
926 0.3104 0
1501 0.3044 0
1490 0.3005 0
968 0.2957 0
1347 0.2829 0
378 0.2800 0
1749 0.2702 0
505 0.2679 0
1475 0.2644 0
1783 0.2572 0
522 0.2547 0
50 0.2512 0
545 0.2486 0
217 0.2484 0
971 0.2480 0
579 0.2442 0
343 0.2348 0
609 0.2328 0
1870 0.2315 0
533 0.2246 0
1649 0.2243 0
896 0.2228 0
369 0.2220 0
1328 0.2165 0
1509 0.2037 0
450 0.1946 0
267 0.1925 0
729 0.1925 0
400 0.1892 0
540 0.1832 0
1543 0.1722 0
1279 0.1689 0
1811 0.1622 0
1661 0.1616 0
28 0.1582 0
64 0.1551 0
1335 0.1519 0
380 0.1477 0
235 0.1469 0
376 0.1409 0
1031 0.1372 0
1659 0.1286 0
1800 0.1255 0
1165 0.1243 0
252 0.1225 0
589 0.1143 0
1512 0.1135 0
897 0.1082 0
439 0.1058 0
1558 0.1012 0
581 0.0913 0
1528 0.0838 0
704 0.0837 0
1453 0.0730 0
391 0.0719 0
799 0.0719 0
230 0.0690 0
158 0.0666 0
884 0.0629 0
1784 0.0628 0
895 0.0600 0
664 0.0587 0
241 0.0521 0
764 0.0492 0
204 0.0346 0
616 0.0316 0
1343 0.0310 0
282 0.0265 0
782 0.0234 0
730 0.0105 0
573 0.0081 0
123 0.0064 0
1915 0.0024 0
749 0.0019 0
1901 -0.0020 0
174 -0.0155 0
1625 -0.0159 0
202 -0.0218 0
365 -0.0319 0
4 -0.0372 0
1085 -0.0391 0
871 -0.0397 0
1379 -0.0416 0
570 -0.0464 0
1592 -0.0519 0
1965 -0.0541 0
491 -0.0546 0
1203 -0.0565 0
701 -0.0584 0
137 -0.0595 0
1872 -0.0644 0
1068 -0.0648 0
268 -0.0648 0
560 -0.0691 0
1368 -0.0716 0
121 -0.0786 0
887 -0.0796 0
530 -0.0809 0
1418 -0.0820 0
1415 -0.0840 0
786 -0.0851 0
292 -0.0860 0
1173 -0.0880 0
1280 -0.0917 0
1710 -0.0969 0
674 -0.0971 0
969 -0.1031 0
1089 -0.1044 0
304 -0.1047 0
132 -0.1162 0
387 -0.1183 0
1051 -0.1242 0
1097 -0.1277 0
1884 -0.1334 0
646 -0.1348 0
1216 -0.1379 0
1099 -0.1457 0
814 -0.1461 0
84 -0.1485 0
1391 -0.1489 0
1213 -0.1507 0
1336 -0.1507 0
813 -0.1520 0
869 -0.1576 0
474 -0.1594 0
917 -0.1609 0
1596 -0.1631 0
1825 -0.1637 0
1188 -0.1652 0
872 -0.1697 0
385 -0.1714 0
852 -0.1716 0
379 -0.1726 0
1073 -0.1753 0
360 -0.1794 0
1909 -0.1804 0
1021 -0.1807 0
1427 -0.1810 0
582 -0.1818 0
669 -0.1854 0
464 -0.1934 0
1548 -0.1944 0
997 -0.1971 0
160 -0.1981 0
352 -0.1995 0
1882 -0.2008 0
1081 -0.2046 0
1485 -0.2050 0
27 -0.2134 0
762 -0.2174 0
393 -0.2189 0
679 -0.2236 0
571 -0.2253 0
818 -0.2287 0
850 -0.2288 0
1569 -0.2296 0
1797 -0.2342 0
1806 -0.2438 0
621 -0.2448 0
541 -0.2485 0
1839 -0.2536 0
454 -0.2674 0
1695 -0.2703 0
1827 -0.2716 0
1252 -0.2779 0
568 -0.2835 0
1183 -0.2867 0
1351 -0.2958 0
1185 -0.2972 0
358 -0.2975 0
916 -0.3030 0
368 -0.3099 0
1753 -0.3152 0
1243 -0.3215 0
538 -0.3289 0
1187 -0.3375 0
115 -0.3428 0
627 -0.3450 0
655 -0.3486 0
483 -0.3499 0
768 -0.3563 0
1591 -0.3578 0
820 -0.3607 0
1018 -0.3637 0
1510 -0.3805 0
1899 -0.3817 0
1892 -0.3858 0
51 -0.3904 0
949 -0.3912 0
302 -0.3921 0
1323 -0.3946 0
885 -0.3955 0
442 -0.3965 0
1289 -0.4014 0
412 -0.4018 0
1409 -0.4025 0
293 -0.4089 0
287 -0.4096 0
861 -0.4118 0
1590 -0.4142 0
201 -0.4171 0
1062 -0.4193 0
71 -0.4271 0
53 -0.4309 0
559 -0.4321 0
1619 -0.4448 0
1628 -0.4510 0
715 -0.4569 0
676 -0.4572 0
1690 -0.4609 0
1058 -0.4616 0
1277 -0.4632 0
717 -0.4657 0
991 -0.4662 0
734 -0.4708 0
594 -0.4716 0
45 -0.4837 0
1356 -0.4876 0
1677 -0.4894 0
461 -0.4898 0
519 -0.4924 0
1652 -0.4928 0
912 -0.4953 0
11 -0.4987 0
1794 -0.4990 0
1016 -0.5137 0
83 -0.5146 0
366 -0.5147 0
1737 -0.5179 0
1340 -0.5223 0
1760 -0.5233 0
1407 -0.5321 0
1218 -0.5475 0
436 -0.5479 0
1923 -0.5503 0
898 -0.5540 0
386 -0.5642 0
740 -0.5654 0
981 -0.5708 0
1174 -0.5731 0
710 -0.5836 0
564 -0.5904 0
1835 -0.5905 0
1714 -0.5953 0
1371 -0.5989 0
956 -0.5996 0
149 -0.6020 0
1397 -0.6059 0
1520 -0.6062 0
751 -0.6082 0
1223 -0.6093 0
1247 -0.6099 0
821 -0.6215 0
475 -0.6236 0
1933 -0.6260 0
1198 -0.6280 0
1463 -0.6288 0
49 -0.6293 0
103 -0.6305 0
708 -0.6343 0
1460 -0.6368 0
625 -0.6372 0
1087 -0.6392 0
608 -0.6395 0
1278 -0.6403 0
1979 -0.6433 0
1545 -0.6449 0
1342 -0.6453 0
1676 -0.6535 0
81 -0.6565 0
449 -0.6647 0
5 -0.6654 0
696 -0.6704 0
993 -0.6707 0
1414 -0.6716 0
1657 -0.6723 0
1006 -0.6728 0
551 -0.6730 0
1508 -0.6752 0
24 -0.6766 0
860 -0.6780 0
69 -0.6783 0
1987 -0.6831 0
563 -0.6898 0
231 -0.6933 0
186 -0.7041 0
1989 -0.7044 0
1299 -0.7070 0
1095 -0.7071 0
437 -0.7200 0
2 -0.7254 0
298 -0.7280 0
577 -0.7321 0
824 -0.7335 0
1746 -0.7383 0
1966 -0.7439 0
718 -0.7548 0
925 -0.7605 0
1983 -0.7635 0
1531 -0.7644 0
159 -0.7674 0
94 -0.7689 0
82 -0.7714 0
800 -0.7732 0
501 -0.7747 0
1210 -0.7747 0
62 -0.7763 0
1654 -0.7777 0
353 -0.7793 0
1658 -0.7807 0
1860 -0.7910 0
291 -0.7959 0
1699 -0.7976 0
856 -0.8003 0
1256 -0.8034 0
409 -0.8048 0
184 -0.8051 0
902 -0.8189 0
816 -0.8195 0
1052 -0.8210 0
604 -0.8292 0
375 -0.8325 0
678 -0.8346 0
514 -0.8380 0
245 -0.8383 0
1426 -0.8431 0
435 -0.8536 0
286 -0.8559 0
908 -0.8564 0
1582 -0.8584 0
1430 -0.8587 0
890 -0.8614 0
312 -0.8675 0
140 -0.8689 0
1571 -0.8703 0
690 -0.8708 0
1450 -0.8784 0
1925 -0.8801 0
1829 -0.8801 0
1881 -0.8917 0
840 -0.9032 0
1823 -0.9079 0
510 -0.9098 0
1910 -0.9114 0
1295 -0.9162 0
681 -0.9168 0
1633 -0.9195 0
806 -0.9208 0
264 -0.9300 0
1898 -0.9300 0
1229 -0.9306 0
247 -0.9307 0
1003 -0.9381 0
15 -0.9439 0
1666 -0.9475 0
567 -0.9543 0
831 -0.9545 0
1425 -0.9685 0
1830 -0.9740 0
1248 -0.9752 0
152 -0.9764 0
44 -0.9852 0
1876 -0.9853 0
1577 -0.9865 0
932 -0.9886 0
1435 -0.9902 0
426 -0.9917 0
29 -0.9926 0
1705 -0.9956 0
1550 -0.9961 0
1061 -0.9969 0
984 -0.9970 0
1483 -0.9977 0
1505 -0.9988 0
1604 -1.0058 0
457 -1.0073 0
1631 -1.0085 0
1056 -1.0095 0
508 -1.0147 0
227 -1.0167 0
54 -1.0170 0
631 -1.0183 0
1372 -1.0199 0
1771 -1.0201 0
1306 -1.0208 0
656 -1.0211 0
1518 -1.0305 0
1875 -1.0339 0
529 -1.0344 0
1482 -1.0367 0
108 -1.0428 0
269 -1.0432 0
1588 -1.0442 0
1175 -1.0511 0
1959 -1.0575 0
909 -1.0599 0
865 -1.0599 0
790 -1.0609 0
634 -1.0622 0
1172 -1.0654 0
725 -1.0695 0
212 -1.0712 0
1931 -1.0841 0
1250 -1.0902 0
172 -1.0917 0
156 -1.0949 0
206 -1.0982 0
1255 -1.1033 0
355 -1.1133 0
835 -1.1133 0
1992 -1.1140 0
1524 -1.1155 0
1595 -1.1160 0
829 -1.1189 0
1327 -1.1212 0
210 -1.1216 0
399 -1.1282 0
1551 -1.1282 0
1846 -1.1316 0
91 -1.1316 0
138 -1.1446 0
1686 -1.1446 0
18 -1.1452 0
531 -1.1473 0
640 -1.1500 0
647 -1.1512 0
1675 -1.1532 0
537 -1.1548 0
1034 -1.1577 0
693 -1.1611 0
597 -1.1653 0
1964 -1.1673 0
1008 -1.1692 0
987 -1.1721 0
1326 -1.1795 0
1623 -1.1807 0
1767 -1.1823 0
958 -1.1826 0
361 -1.1984 0
935 -1.2058 0
22 -1.2085 0
1585 -1.2168 0
1158 -1.2177 0
110 -1.2214 0
1456 -1.2251 0
238 -1.2267 0
1457 -1.2295 0
1869 -1.2305 0
651 -1.2333 0
549 -1.2357 0
356 -1.2420 0
1046 -1.2448 0
1007 -1.2450 0
1693 -1.2451 0
239 -1.2462 0
569 -1.2568 0
1214 -1.2593 0
1196 -1.2654 0
309 -1.2720 0
822 -1.2751 0
167 -1.2777 0
221 -1.2798 0
495 -1.2811 0
802 -1.2816 0
214 -1.2839 0
804 -1.2909 0
220 -1.2967 0
849 -1.2976 0
1515 -1.3089 0
1072 -1.3095 0
381 -1.3116 0
1275 -1.3120 0
56 -1.3151 0
1963 -1.3170 0
1004 -1.3189 0
1314 -1.3194 0
1406 -1.3262 0
364 -1.3275 0
1514 -1.3304 0
1630 -1.3338 0
1669 -1.3370 0
63 -1.3392 0
1856 -1.3397 0
1799 -1.3407 0
731 -1.3437 0
1014 -1.3437 0
1540 -1.3464 0
1773 -1.3534 0
1578 -1.3545 0
1843 -1.3547 0
943 -1.3555 0
1094 -1.3587 0
661 -1.3605 0
1813 -1.3620 0
1480 -1.3674 0
389 -1.3694 0
1645 -1.3695 0
575 -1.3705 0
524 -1.3705 0
1863 -1.3734 0
598 -1.3748 0
1950 -1.3753 0
972 -1.3819 0
1871 -1.3827 0
1561 -1.3880 0
1205 -1.3939 0
641 -1.3967 0
899 -1.3986 0
237 -1.3988 0
592 -1.4035 0
359 -1.4088 0
1670 -1.4112 0
1570 -1.4166 0
1495 -1.4169 0
657 -1.4174 0
1801 -1.4191 0
37 -1.4227 0
1559 -1.4255 0
1953 -1.4270 0
1049 -1.4291 0
1499 -1.4308 0
1969 -1.4367 0
1587 -1.4367 0
1932 -1.4406 0
1178 -1.4485 0
1404 -1.4564 0
847 -1.4571 0
1079 -1.4638 0
1831 -1.4736 0
1221 -1.4758 0
642 -1.4805 0
254 -1.4827 0
390 -1.4905 0
742 -1.4959 0
599 -1.5041 0
1312 -1.5044 0
1541 -1.5049 0
68 -1.5051 0
1552 -1.5052 0
1242 -1.5111 0
1467 -1.5117 0
951 -1.5145 0
947 -1.5182 0
1781 -1.5204 0
944 -1.5253 0
1815 -1.5348 0
392 -1.5373 0
1459 -1.5412 0
1719 -1.5416 0
1476 -1.5418 0
1444 -1.5429 0
1473 -1.5494 0
1929 -1.5501 0
1774 -1.5513 0
842 -1.5535 0
46 -1.5552 0
1908 -1.5584 0
591 -1.5598 0
580 -1.5599 0
1484 -1.5603 0
420 -1.5620 0
1440 -1.5627 0
79 -1.5663 0
1507 -1.5745 0
1613 -1.5755 0
536 -1.5813 0
1207 -1.5819 0
812 -1.5893 0
698 -1.5897 0
1573 -1.5914 0
817 -1.5942 0
1621 -1.5947 0
906 -1.5970 0
1192 -1.6001 0
1065 -1.6078 0
1911 -1.6102 0
520 -1.6142 0
1030 -1.6163 0
1493 -1.6217 0
1634 -1.6257 0
502 -1.6279 0
948 -1.6322 0
382 -1.6423 0
413 -1.6443 0
1246 -1.6495 0
1479 -1.6576 0
383 -1.6577 0
558 -1.6597 0
1993 -1.6637 0
745 -1.6665 0
907 -1.6687 0
1511 -1.6701 0
339 -1.6758 0
1819 -1.6798 0
585 -1.6801 0
1946 -1.6820 0
1598 -1.6822 0
1069 -1.6843 0
168 -1.6906 0
301 -1.6932 0
1917 -1.6935 0
1399 -1.6940 0
290 -1.6966 0
738 -1.6971 0
1696 -1.6990 0
506 -1.7005 0
636 -1.7011 0
1926 -1.7033 0
1227 -1.7037 0
30 -1.7046 0
1536 -1.7084 0
1956 -1.7143 0
1355 -1.7162 0
76 -1.7194 0
1162 -1.7305 0
225 -1.7363 0
1766 -1.7381 0
1041 -1.7396 0
1538 -1.7410 0
1615 -1.7434 0
548 -1.7465 0
789 -1.7467 0
1678 -1.7482 0
446 -1.7486 0
709 -1.7497 0
1981 -1.7497 0
1402 -1.7528 0
1927 -1.7544 0
556 -1.7595 0
843 -1.7613 0
720 -1.7614 0
1687 -1.7672 0
205 -1.7765 0
20 -1.7787 0
445 -1.7809 0
1 -1.7841 0
1053 -1.7848 0
139 -1.7857 0
672 -1.7860 0
1924 -1.7914 0
554 -1.7932 0
1606 -1.7962 0
1818 -1.7991 0
415 -1.8002 0
713 -1.8119 0
1273 -1.8160 0
199 -1.8213 0
1599 -1.8215 0
1486 -1.8232 0
973 -1.8299 0
1949 -1.8302 0
946 -1.8302 0
120 -1.8323 0
147 -1.8331 0
429 -1.8331 0
1184 -1.8402 0
482 -1.8405 0
721 -1.8415 0
633 -1.8431 0
1160 -1.8476 0
927 -1.8503 0
432 -1.8543 0
1025 -1.8565 0
1847 -1.8571 0
910 -1.8592 0
699 -1.8662 0
603 -1.8688 0
688 -1.8807 0
42 -1.8900 0
1683 -1.8900 0
1692 -1.8995 0
1978 -1.9006 0
1726 -1.9012 0
934 -1.9052 0
406 -1.9066 0
402 -1.9088 0
525 -1.9112 0
714 -1.9118 0
250 -1.9136 0
1866 -1.9221 0
979 -1.9338 0
1861 -1.9371 0
219 -1.9372 0
226 -1.9420 0
195 -1.9507 0
1904 -1.9565 0
1660 -1.9572 0
249 -1.9574 0
1396 -1.9605 0
1984 -1.9618 0
58 -1.9646 0
1086 -1.9694 0
1322 -1.9703 0
1059 -1.9755 0
1594 -1.9759 0
316 -1.9762 0
1161 -1.9784 0
229 -1.9799 0
1152 -1.9851 0
1593 -1.9886 0
726 -1.9898 0
1439 -1.9935 0
31 -1.9974 0
1189 -2.0049 0
942 -2.0052 0
1928 -2.0065 0
10 -2.0070 0
1197 -2.0074 0
841 -2.0082 0
1532 -2.0134 0
928 -2.0171 0
1586 -2.0182 0
1036 -2.0203 0
1572 -2.0218 0
1267 -2.0249 0
950 -2.0254 0
1769 -2.0297 0
208 -2.0310 0
403 -2.0311 0
815 -2.0345 0
707 -2.0375 0
1274 -2.0391 0
61 -2.0391 0
680 -2.0438 0
1637 -2.0446 0
735 -2.0449 0
1212 -2.0453 0
1942 -2.0457 0
1865 -2.0487 0
624 -2.0499 0
1968 -2.0530 0
1608 -2.0537 0
497 -2.0544 0
1070 -2.0583 0
427 -2.0621 0
1733 -2.0628 0
1743 -2.0633 0
36 -2.0701 0
1231 -2.0705 0
801 -2.0735 0
1296 -2.0752 0
645 -2.0770 0
1050 -2.0810 0
879 -2.0818 0
1689 -2.0833 0
271 -2.0843 0
1084 -2.0876 0
141 -2.0930 0
503 -2.0933 0
1914 -2.0936 0
1816 -2.0958 0
1836 -2.0958 0
255 -2.0962 0
1758 -2.0964 0
1529 -2.0978 0
1704 -2.0983 0
1632 -2.1013 0
936 -2.1021 0
248 -2.1033 0
265 -2.1036 0
733 -2.1058 0
1888 -2.1072 0
837 -2.1091 0
1728 -2.1214 0
1601 -2.1283 0
1264 -2.1286 0
1930 -2.1339 0
1947 -2.1354 0
587 -2.1376 0
1859 -2.1396 0
1840 -2.1467 0
1662 -2.1495 0
114 -2.1508 0
1240 -2.1574 0
1939 -2.1600 0
1077 -2.1609 0
1602 -2.1613 0
941 -2.1615 0
870 -2.1680 0
183 -2.1713 0
961 -2.1722 0
1481 -2.1740 0
1700 -2.1757 0
196 -2.1793 0
857 -2.1799 0
181 -2.1814 0
1358 -2.1822 0
1751 -2.1829 0
1228 -2.1830 0
1071 -2.1838 0
986 -2.1856 0
1554 -2.1859 0
1393 -2.1882 0
80 -2.1894 0
194 -2.1925 0
593 -2.2002 0
1614 -2.2082 0
243 -2.2098 0
1761 -2.2105 0
232 -2.2116 0
619 -2.2137 0
471 -2.2147 0
270 -2.2150 0
1478 -2.2169 0
136 -2.2170 0
1896 -2.2199 0
617 -2.2243 0
1741 -2.2249 0
1874 -2.2268 0
1060 -2.2283 0
1166 -2.2301 0
1618 -2.2365 0
1786 -2.2402 0
1723 -2.2483 0
1680 -2.2514 0
1603 -2.2527 0
410 -2.2531 0
458 -2.2620 0
1646 -2.2636 0
1181 -2.2653 0
1522 -2.2712 0
135 -2.2725 0
1525 -2.2780 0
1455 -2.2785 0
1066 -2.2787 0
542 -2.2801 0
1549 -2.2843 0
133 -2.2845 0
576 -2.2941 0
1855 -2.2980 0
1403 -2.3014 0
739 -2.3018 0
1809 -2.3036 0
1237 -2.3047 0
1795 -2.3050 0
1802 -2.3076 0
276 -2.3080 0
1504 -2.3124 0
945 -2.3173 0
808 -2.3194 0
198 -2.3220 0
1828 -2.3269 0
242 -2.3284 0
929 -2.3296 0
1294 -2.3345 0
848 -2.3346 0
1382 -2.3374 0
1204 -2.3381 0
85 -2.3414 0
216 -2.3443 0
1164 -2.3444 0
702 -2.3463 0
253 -2.3478 0
7 -2.3574 0
1854 -2.3581 0
1997 -2.3602 0
1580 -2.3607 0
424 -2.3635 0
626 -2.3696 0
1994 -2.3716 0
258 -2.3732 0
1465 -2.3760 0
1698 -2.3791 0
1182 -2.3843 0
517 -2.3845 0
1491 -2.3895 0
601 -2.3964 0
1211 -2.3974 0
455 -2.4004 0
1436 -2.4012 0
1042 -2.4093 0
1562 -2.4133 0
1762 -2.4203 0
1438 -2.4205 0
384 -2.4240 0
990 -2.4263 0
1643 -2.4293 0
1653 -2.4309 0
1611 -2.4320 0
1650 -2.4388 0
1735 -2.4399 0
1787 -2.4421 0
1096 -2.4502 0
401 -2.4506 0
273 -2.4621 0
1656 -2.4659 0
211 -2.4677 0
1717 -2.4704 0
1082 -2.4730 0
975 -2.4741 0
612 -2.4838 0
1864 -2.4848 0
1732 -2.4936 0
416 -2.4953 0
1556 -2.4960 0
338 -2.4991 0
915 -2.5000 0
1503 -2.5041 0
70 -2.5041 0
1581 -2.5096 0
179 -2.5129 0
923 -2.5145 0
182 -2.5155 0
771 -2.5186 0
1934 -2.5283 0
1433 -2.5283 0
1449 -2.5321 0
102 -2.5390 0
1560 -2.5422 0
1702 -2.5482 0
602 -2.5483 0
1298 -2.5484 0
405 -2.5571 0
1533 -2.5617 0
1708 -2.5640 0
1943 -2.5725 0
1877 -2.5749 0
1970 -2.5751 0
728 -2.5789 0
1906 -2.5804 0
953 -2.5811 0
723 -2.5841 0
92 -2.5846 0
1555 -2.5852 0
40 -2.5853 0
931 -2.5866 0
1639 -2.5972 0
278 -2.5975 0
1424 -2.5977 0
16 -2.5980 0
465 -2.5996 0
1276 -2.6078 0
1857 -2.6107 0
965 -2.6145 0
122 -2.6146 0
105 -2.6175 0
1446 -2.6183 0
422 -2.6245 0
354 -2.6282 0
1244 -2.6300 0
1707 -2.6333 0
419 -2.6348 0
1600 -2.6352 0
695 -2.6395 0
1694 -2.6422 0
453 -2.6425 0
251 -2.6444 0
1980 -2.6555 0
1494 -2.6557 0
918 -2.6571 0
1441 -2.6691 0
719 -2.6697 0
904 -2.6721 0
1497 -2.6773 0
259 -2.6786 0
1620 -2.6801 0
165 -2.6866 0
1088 -2.6867 0
111 -2.7035 0
88 -2.7076 0
507 -2.7209 0
1873 -2.7224 0
74 -2.7255 0
1986 -2.7271 0
654 -2.7293 0
1821 -2.7299 0
596 -2.7316 0
1622 -2.7325 0
1470 -2.7348 0
919 -2.7363 0
1498 -2.7418 0
1281 -2.7467 0
1832 -2.7491 0
532 -2.7518 0
613 -2.7629 0
1420 -2.7686 0
1729 -2.7767 0
180 -2.7772 0
1765 -2.7841 0
1709 -2.7890 0
705 -2.7913 0
417 -2.8026 0
940 -2.8030 0
1410 -2.8176 0
1564 -2.8215 0
1736 -2.8272 0
125 -2.8288 0
113 -2.8303 0
1961 -2.8339 0
1607 -2.8348 0
224 -2.8442 0
1991 -2.8448 0
39 -2.8520 0
1834 -2.8549 0
1974 -2.8562 0
1972 -2.8671 0
1722 -2.8674 0
1044 -2.8726 0
144 -2.8753 0
1727 -2.8829 0
1169 -2.8842 0
1913 -2.8862 0
643 -2.8936 0
146 -2.8979 0
1583 -2.8980 0
1725 -2.8981 0
1747 -2.8981 0
1817 -2.8998 0
418 -2.9018 0
1029 -2.9070 0
523 -2.9102 0
1443 -2.9119 0
78 -2.9140 0
1668 -2.9263 0
1451 -2.9264 0
1199 -2.9272 0
1626 -2.9297 0
1955 -2.9313 0
222 -2.9381 0
1958 -2.9396 0
1785 -2.9401 0
727 -2.9418 0
107 -2.9423 0
511 -2.9488 0
1005 -2.9537 0
1921 -2.9537 0
1712 -2.9562 0
518 -2.9620 0
1179 -2.9647 0
1452 -2.9689 0
404 -2.9710 0
836 -2.9720 0
1849 -2.9767 0
440 -2.9785 0
1744 -2.9796 0
512 -2.9823 0
838 -2.9865 0
692 -2.9887 0
732 -2.9891 0
911 -2.9927 0
515 -2.9957 0
1837 -3.0020 0
691 -3.0064 0
809 -3.0087 0
178 -3.0111 0
1238 -3.0173 0
1401 -3.0296 0
1496 -3.0325 0
1918 -3.0365 0
1487 -3.0432 0
611 -3.0460 0
1519 -3.0472 0
1655 -3.0722 0
25 -3.0778 0
285 -3.0807 0
411 -3.0900 0
100 -3.0903 0
1241 -3.0933 0
1962 -3.0998 0
1853 -3.1049 0
677 -3.1050 0
620 -3.1054 0
441 -3.1136 0
1466 -3.1150 0
262 -3.1230 0
826 -3.1302 0
1640 -3.1414 0
1814 -3.1504 0
1526 -3.1510 0
228 -3.1516 0
1419 -3.1522 0
1790 -3.1574 0
72 -3.1687 0
1916 -3.1723 0
1776 -3.1740 0
1517 -3.1784 0
425 -3.1812 0
775 -3.1927 0
130 -3.2025 0
546 -3.2141 0
1360 -3.2186 0
1020 -3.2214 0
1353 -3.2219 0
628 -3.2257 0
516 -3.2281 0
166 -3.2283 0
747 -3.2337 0
127 -3.2347 0
41 -3.2370 0
1629 -3.2395 0
1890 -3.2406 0
744 -3.2466 0
244 -3.2470 0
1995 -3.2518 0
1900 -3.2523 0
1432 -3.2552 0
1597 -3.2600 0
1951 -3.2600 0
1793 -3.2612 0
1808 -3.2631 0
1782 -3.2634 0
1681 -3.2635 0
17 -3.2691 0
1647 -3.2738 0
1627 -3.2747 0
1935 -3.2831 0
310 -3.2858 0
1822 -3.2898 0
1092 -3.2976 0
900 -3.3012 0
1754 -3.3032 0
1057 -3.3056 0
1624 -3.3082 0
1644 -3.3101 0
151 -3.3235 0
1074 -3.3256 0
190 -3.3273 0
32 -3.3309 0
607 -3.3421 0
1936 -3.3450 0
1703 -3.3557 0
905 -3.3579 0
157 -3.3580 0
614 -3.3596 0
920 -3.3607 0
992 -3.3616 0
606 -3.3694 0
1805 -3.3734 0
939 -3.3816 0
38 -3.3847 0
289 -3.3849 0
34 -3.3854 0
1772 -3.3858 0
1535 -3.3912 0
1339 -3.3926 0
1190 -3.3931 0
1641 -3.3939 0
1076 -3.3952 0
1177 -3.3978 0
260 -3.4021 0
1720 -3.4049 0
169 -3.4066 0
1610 -3.4078 0
922 -3.4080 0
274 -3.4099 0
1883 -3.4144 0
448 -3.4166 0
1724 -3.4188 0
1820 -3.4202 0
1546 -3.4208 0
600 -3.4275 0
980 -3.4642 0
1976 -3.4738 0
1842 -3.4798 0
1609 -3.4820 0
1168 -3.4842 0
1513 -3.4871 0
1713 -3.4998 0
743 -3.5086 0
1589 -3.5091 0
218 -3.5131 0
1868 -3.5148 0
1055 -3.5151 0
8 -3.5240 0
1563 -3.5257 0
1848 -3.5377 0
1826 -3.5386 0
1982 -3.5476 0
98 -3.5681 0
129 -3.5764 0
1905 -3.5826 0
1605 -3.6002 0
1957 -3.6109 0
112 -3.6255 0
1063 -3.6305 0
414 -3.6340 0
175 -3.6349 0
583 -3.6384 0
828 -3.6439 0
117 -3.6503 0
207 -3.6587 0
1156 -3.6898 0
394 -3.7132 0
95 -3.7141 0
805 -3.7200 0
1885 -3.7202 0
1945 -3.7237 0
116 -3.7333 0
185 -3.7353 0
1841 -3.7366 0
272 -3.7370 0
1523 -3.7446 0
1667 -3.7484 0
297 -3.7615 0
1584 -3.7656 0
209 -3.7753 0
1740 -3.7835 0
1527 -3.7871 0
173 -3.7881 0
283 -3.7934 0
1037 -3.7963 0
1462 -3.7968 0
1447 -3.8035 0
1464 -3.8074 0
155 -3.8152 0
188 -3.8212 0
1893 -3.8239 0
1912 -3.8295 0
1492 -3.8317 0
153 -3.8358 0
200 -3.8390 0
1421 -3.8529 0
1770 -3.8611 0
279 -3.8655 0
1894 -3.8901 0
1755 -3.8984 0
544 -3.9076 0
1971 -3.9131 0
444 -3.9152 0
1960 -3.9178 0
266 -3.9223 0
1807 -3.9292 0
711 -3.9394 0
1474 -3.9566 0
177 -3.9569 0
1428 -3.9584 0
246 -3.9623 0
1354 -3.9625 0
1638 -3.9690 0
90 -4.0007 0
1973 -4.0140 0
161 -4.0257 0
1411 -4.0365 0
215 -4.0499 0
1838 -4.0565 0
1026 -4.0589 0
126 -4.0591 0
1938 -4.0597 0
434 -4.0657 0
154 -4.0670 0
1539 -4.0759 0
1742 -4.0809 0
9 -4.1000 0
1286 -4.1023 0
1688 -4.1101 0
1763 -4.1175 0
109 -4.1203 0
1778 -4.1348 0
605 -4.1354 0
1416 -4.1360 0
937 -4.1375 0
504 -4.1452 0
1948 -4.1596 0
1999 -4.1639 0
1879 -4.1688 0
261 -4.1689 0
903 -4.1781 0
162 -4.1783 0
539 -4.1795 0
1975 -4.1821 0
203 -4.1916 0
1454 -4.1982 0
1701 -4.2015 0
1234 -4.2136 0
1576 -4.2259 0
145 -4.2268 0
706 -4.2382 0
930 -4.2508 0
1542 -4.2726 0
1671 -4.2880 0
1054 -4.2928 0
1159 -4.2966 0
722 -4.2994 0
1048 -4.3074 0
1798 -4.3141 0
1734 -4.3238 0
500 -4.3452 0
35 -4.3467 0
1217 -4.3871 0
193 -4.3976 0
741 -4.3999 0
1967 -4.4058 0
1468 -4.4495 0
1897 -4.4512 0
1458 -4.4517 0
192 -4.4536 0
1954 -4.4658 0
86 -4.4732 0
1431 -4.5231 0
1824 -4.5262 0
1711 -4.5383 0
1636 -4.5537 0
534 -4.5748 0
47 -4.5750 0
1791 -4.5769 0
1780 -4.5881 0
170 -4.5980 0
1998 -4.6061 0
263 -4.6209 0
833 -4.6290 0
234 -4.6307 0
1775 -4.6312 0
1752 -4.6323 0
1080 -4.6354 0
1867 -4.6406 0
176 -4.6771 0
43 -4.6794 0
1448 -4.7207 0
21 -4.7281 0
191 -4.7309 0
1803 -4.7378 0
163 -4.7413 0
280 -4.7413 0
323 -4.7415 0
1442 -4.7435 0
1461 -4.7591 0
807 -4.7686 0
281 -4.8247 0
1880 -4.8390 0
6 -4.8526 0
223 -4.8534 0
526 -4.8608 0
128 -4.8716 0
1988 -4.8879 0
535 -4.9083 0
1792 -4.9084 0
13 -4.9093 0
1471 -4.9312 0
1796 -4.9335 0
1219 -4.9379 0
1078 -4.9716 0
1977 -5.0156 0
197 -5.0314 0
148 -5.0683 0
1757 -5.0895 0
101 -5.0994 0
1764 -5.1087 0
119 -5.1168 0
150 -5.1250 0
547 -5.2150 0
1739 -5.2356 0
187 -5.2581 0
1768 -5.2713 0
1759 -5.2759 0
1024 -5.3003 0
1616 -5.3110 0
913 -5.3119 0
1851 -5.3296 0
901 -5.3813 0
1617 -5.4038 0
1236 -5.4197 0
1887 -5.4198 0
1804 -5.4243 0
1779 -5.4577 0
236 -5.4704 0
1788 -5.4782 0
635 -5.4835 0
1940 -5.5006 0
189 -5.5067 0
275 -5.5458 0
1920 -5.5543 0
104 -5.6165 0
1833 -5.6508 0
106 -5.6545 0
1756 -5.6560 0
423 -5.6876 0
1502 -5.6965 0
623 -5.7209 0
1215 -5.7757 0
1891 -5.8355 0
1750 -5.8572 0
1233 -5.8895 0
1789 -5.9886 0
1985 -6.0816 0
1990 -6.1421 0
487 -6.2565 0
124 -6.2771 0
1648 -6.3654 0
164 -6.6516 0
295 -7.1960 0
