1160 29.4128 1
1157 24.7864 1
1190 21.6253 1
1169 21.3963 1
1183 19.9271 1
1196 19.5720 1
1168 19.4111 1
1151 19.1553 1
1167 18.9170 1
1165 18.7974 1
1159 18.1125 1
1173 17.6978 1
1199 17.6154 1
1198 17.3754 1
1182 17.0789 1
1175 16.8996 1
1170 16.7023 1
1152 16.5570 1
1178 16.0325 1
1181 14.9955 1
1163 13.7742 1
1723 12.3450 0
1162 12.1975 1
1188 11.5892 1
616 10.9890 0
1150 10.9747 1
1156 10.7337 1
1786 10.6703 0
1724 10.6417 0
638 10.3787 0
1897 10.2892 0
1197 10.2621 1
1184 10.1566 1
1812 10.0785 0
1153 10.0623 1
1155 10.0329 1
1180 9.5409 1
1158 9.3507 1
1179 9.3360 1
1798 9.1537 0
1154 9.1214 1
1172 8.8408 1
1164 8.7835 1
1176 8.7273 1
1189 8.7108 1
1764 8.6873 0
1166 8.5459 1
615 8.4983 0
1195 8.4895 1
1177 8.4113 1
1819 8.2023 0
1030 7.7946 0
298 7.7129 0
621 7.6496 0
1725 7.5458 0
1747 7.5458 0
291 7.3699 0
623 7.3576 0
603 7.3198 0
1784 7.2578 0
1822 7.2575 0
624 7.1521 0
794 7.1206 0
1716 7.0661 0
1706 6.9676 0
629 6.9239 0
642 6.8751 0
600 6.8523 0
80 6.8300 0
1326 6.8094 0
1727 6.7874 0
1899 6.7731 0
1848 6.7702 0
123 6.7661 0
265 6.6499 0
1977 6.6329 0
609 6.5769 0
605 6.4490 0
61 6.4178 0
1840 6.4118 0
322 6.4047 0
626 6.4010 0
635 6.3884 0
1735 6.3255 0
1186 6.2226 1
70 6.1684 0
218 5.9786 0
1276 5.9393 0
1802 5.8794 0
612 5.8724 0
1332 5.8439 0
96 5.8165 0
189 5.7756 0
1171 5.7486 1
1174 5.6641 1
260 5.6304 0
619 5.6289 0
1839 5.6077 0
1303 5.5834 0
1042 5.5570 0
834 5.5427 0
1816 5.5410 0
919 5.5316 0
1018 5.4775 0
543 5.4705 0
640 5.4683 0
78 5.4598 0
610 5.4319 0
1344 5.4187 0
634 5.4049 0
1938 5.3974 0
1833 5.3794 0
158 5.3181 0
221 5.3160 0
1767 5.3110 0
873 5.2897 0
81 5.2766 0
633 5.2188 0
620 5.2039 0
217 5.1934 0
69 5.1807 0
1817 5.1770 0
1719 5.1662 0
1722 5.1347 0
1756 5.1208 0
546 5.1141 0
1623 5.1134 0
72 5.0929 0
614 5.0876 0
1921 5.0495 0
101 5.0432 0
1779 5.0258 0
1795 4.9670 0
515 4.9290 0
1340 4.9248 0
876 4.8572 0
637 4.8412 0
1312 4.8358 0
647 4.8122 0
22 4.8119 0
259 4.7963 0
1346 4.7945 0
853 4.7553 0
1712 4.6551 0
1922 4.6489 0
1770 4.6315 0
1519 4.6217 0
1187 4.5728 1
277 4.5423 0
1773 4.5423 0
1125 4.5403 0
1842 4.5051 0
51 4.5020 0
187 4.4995 0
646 4.4671 0
1732 4.4198 0
1314 4.3844 0
1804 4.3244 0
413 4.3058 0
177 4.2697 0
1776 4.2612 0
1838 4.2542 0
1826 4.2525 0
1721 4.2457 0
538 4.2372 0
54 4.2202 0
1731 4.1951 0
487 4.1819 0
649 4.1769 0
1831 4.1541 0
639 4.1356 0
1322 4.1201 0
1853 4.1128 0
1333 4.1029 0
153 4.0943 0
924 4.0934 0
79 4.0895 0
57 4.0605 0
1580 4.0585 0
1503 4.0070 0
198 3.9956 0
17 3.9953 0
1714 3.9813 0
315 3.9199 0
607 3.9150 0
618 3.8977 0
1975 3.8779 0
1521 3.8686 0
631 3.8649 0
1755 3.8532 0
1475 3.8466 0
1086 3.8398 0
1803 3.7968 0
1813 3.7865 0
1769 3.7541 0
1729 3.7384 0
606 3.7192 0
209 3.7092 0
1847 3.6942 0
1516 3.6712 0
268 3.6685 0
1320 3.6409 0
1807 3.6306 0
1820 3.6297 0
92 3.6162 0
58 3.5894 0
340 3.5850 0
43 3.5734 0
171 3.5585 0
1742 3.5562 0
1791 3.5508 0
878 3.5490 0
1846 3.5388 0
1525 3.5270 0
541 3.5147 0
1868 3.4727 0
1701 3.4559 0
1849 3.4548 0
250 3.4505 0
1313 3.4498 0
1027 3.4381 0
302 3.4274 0
1815 3.4268 0
1759 3.4119 0
528 3.4100 0
1814 3.4093 0
1031 3.4016 0
502 3.3958 0
1733 3.3937 0
97 3.3884 0
1953 3.3829 0
1790 3.3670 0
1117 3.3663 0
1564 3.3641 0
1161 3.3505 1
523 3.3454 0
644 3.3365 0
1896 3.3333 0
344 3.3177 0
895 3.3086 0
1717 3.3057 0
1649 3.2996 0
21 3.2931 0
309 3.2864 0
1927 3.2582 0
821 3.2465 0
1739 3.2431 0
270 3.2396 0
1305 3.2209 0
27 3.2195 0
1860 3.2050 0
539 3.1960 0
632 3.1881 0
75 3.1756 0
1720 3.1741 0
1665 3.1583 0
86 3.1513 0
82 3.1287 0
1726 3.1206 0
343 3.1162 0
1709 3.1142 0
339 3.0964 0
105 3.0960 0
183 3.0703 0
197 3.0662 0
125 3.0486 0
256 3.0365 0
1782 3.0275 0
160 3.0254 0
824 3.0162 0
601 2.9944 0
1704 2.9791 0
1744 2.9669 0
232 2.9529 0
1336 2.9372 0
1316 2.9242 0
148 2.9226 0
1841 2.9178 0
170 2.9095 0
1768 2.9015 0
686 2.8980 0
622 2.8869 0
278 2.8838 0
107 2.8699 0
1741 2.8654 0
60 2.8636 0
1568 2.8392 0
870 2.8372 0
3 2.8342 0
269 2.8314 0
1718 2.8254 0
91 2.8233 0
1734 2.8201 0
509 2.8167 0
56 2.8136 0
121 2.8041 0
99 2.8035 0
71 2.7936 0
1749 2.7857 0
1825 2.7853 0
1737 2.7709 0
295 2.7677 0
64 2.7651 0
42 2.7564 0
934 2.7533 0
1760 2.7495 0
220 2.7438 0
829 2.7351 0
1335 2.7100 0
617 2.6939 0
608 2.6910 0
242 2.6840 0
1761 2.6759 0
1873 2.6404 0
50 2.6379 0
138 2.6261 0
1886 2.6180 0
1995 2.6155 0
190 2.5953 0
1101 2.5939 0
76 2.5856 0
1792 2.5834 0
1895 2.5818 0
312 2.5675 0
1962 2.5488 0
1805 2.5481 0
1318 2.5425 0
1961 2.5407 0
1789 2.5380 0
222 2.5345 0
373 2.5306 0
1376 2.5196 0
779 2.5155 0
1968 2.5138 0
1932 2.5083 0
1740 2.5003 0
1730 2.4723 0
1005 2.4667 0
85 2.4579 0
976 2.4562 0
1888 2.4558 0
1986 2.4554 0
2 2.4553 0
252 2.4391 0
1844 2.4389 0
203 2.4340 0
1092 2.4308 0
1396 2.4205 0
835 2.4194 0
1981 2.4172 0
55 2.4088 0
1715 2.3971 0
797 2.3958 0
294 2.3907 0
1338 2.3851 0
1854 2.3796 0
1507 2.3694 0
348 2.3597 0
127 2.3525 0
1702 2.3134 0
264 2.3119 0
860 2.3109 0
1321 2.3019 0
693 2.2983 0
5 2.2904 0
84 2.2903 0
1778 2.2771 0
273 2.2614 0
1797 2.2538 0
815 2.2524 0
225 2.2352 0
514 2.2305 0
114 2.2269 0
63 2.2084 0
226 2.1892 0
1985 2.1868 0
627 2.1857 0
285 2.1826 0
604 2.1766 0
1317 2.1698 0
1745 2.1413 0
59 2.1401 0
1192 2.1396 1
956 2.1308 0
1781 2.1274 0
234 2.1192 0
205 2.1165 0
1757 2.1006 0
643 2.1000 0
1929 2.0918 0
283 2.0910 0
253 2.0901 0
166 2.0864 0
141 2.0850 0
1123 2.0556 0
318 2.0423 0
1033 2.0376 0
625 2.0235 0
263 2.0192 0
1809 2.0084 0
341 2.0010 0
1393 2.0004 0
299 1.9966 0
1783 1.9919 0
176 1.9901 0
329 1.9854 0
1267 1.9852 0
1994 1.9818 0
1707 1.9817 0
53 1.9727 0
1974 1.9725 0
95 1.9692 0
243 1.9679 0
146 1.9629 0
525 1.9505 0
1983 1.9501 0
223 1.9489 0
1295 1.9416 0
28 1.9376 0
1800 1.9174 0
237 1.9132 0
1302 1.9126 0
342 1.9105 0
894 1.9043 0
1037 1.9028 0
1861 1.8932 0
1711 1.8923 0
1454 1.8855 0
163 1.8838 0
435 1.8794 0
1763 1.8745 0
507 1.8733 0
1571 1.8635 0
1705 1.8611 0
447 1.8551 0
1748 1.8339 0
1772 1.8192 0
255 1.8098 0
244 1.8052 0
288 1.8026 0
1794 1.8007 0
419 1.7982 0
19 1.7935 0
1054 1.7912 0
1373 1.7663 0
1130 1.7629 0
90 1.7593 0
140 1.7452 0
1880 1.7425 0
1885 1.7379 0
147 1.7318 0
1418 1.7303 0
830 1.7280 0
1045 1.7277 0
1026 1.7253 0
1000 1.7239 0
1681 1.7110 0
41 1.7023 0
977 1.6876 0
1230 1.6784 0
1801 1.6771 0
439 1.6732 0
519 1.6714 0
1132 1.6644 0
1551 1.6637 0
1710 1.6596 0
1315 1.6577 0
1821 1.6566 0
628 1.6489 0
347 1.6434 0
261 1.6398 0
331 1.6345 0
1502 1.6307 0
1708 1.6126 0
1286 1.6108 0
1115 1.5967 0
1255 1.5918 0
667 1.5685 0
1304 1.5528 0
179 1.5475 0
245 1.5453 0
316 1.5421 0
145 1.5365 0
1883 1.5354 0
1119 1.5289 0
1912 1.5266 0
813 1.5150 0
1736 1.5135 0
1753 1.5135 0
1823 1.5060 0
1310 1.5048 0
683 1.5039 0
1329 1.4914 0
1480 1.4858 0
520 1.4765 0
212 1.4732 0
178 1.4701 0
1843 1.4594 0
1956 1.4549 0
142 1.4483 0
284 1.4469 0
325 1.4455 0
1194 1.4448 1
1951 1.4422 0
1931 1.4388 0
191 1.4342 0
1976 1.4323 0
164 1.4314 0
1918 1.4309 0
128 1.4284 0
324 1.4270 0
1076 1.4236 0
219 1.4163 0
1889 1.4126 0
98 1.4029 0
154 1.3995 0
533 1.3897 0
1836 1.3875 0
1746 1.3812 0
1758 1.3795 0
1771 1.3786 0
449 1.3610 0
151 1.3601 0
1909 1.3592 0
1958 1.3507 0
1342 1.3428 0
1103 1.3365 0
521 1.3354 0
155 1.3275 0
1988 1.3241 0
1220 1.3238 0
292 1.3191 0
1546 1.3143 0
531 1.3139 0
202 1.3083 0
1128 1.2978 0
332 1.2939 0
1796 1.2913 0
990 1.2799 0
1621 1.2792 0
535 1.2789 0
1136 1.2786 0
1787 1.2742 0
1785 1.2741 0
1856 1.2706 0
1324 1.2536 0
213 1.2511 0
863 1.2490 0
1862 1.2430 0
868 1.2236 0
1713 1.2214 0
536 1.2180 0
1366 1.2061 0
840 1.2018 0
1269 1.1924 0
1505 1.1908 0
1518 1.1795 0
1575 1.1782 0
526 1.1725 0
522 1.1715 0
1583 1.1652 0
94 1.1638 0
552 1.1576 0
314 1.1564 0
827 1.1531 0
1294 1.1444 0
12 1.1408 0
544 1.1358 0
1762 1.1328 0
67 1.1320 0
1120 1.1288 0
89 1.1287 0
496 1.1204 0
1341 1.1181 0
4 1.1154 0
1818 1.1098 0
1048 1.1096 0
1287 1.1034 0
1069 1.0808 0
516 1.0796 0
214 1.0771 0
275 1.0767 0
282 1.0723 0
239 1.0609 0
48 1.0572 0
330 1.0556 0
1890 1.0546 0
120 1.0458 0
877 1.0456 0
115 1.0435 0
37 1.0375 0
424 1.0328 0
1239 1.0310 0
1577 1.0230 0
251 1.0217 0
1129 1.0168 0
1827 1.0112 0
289 1.0108 0
1468 1.0050 0
1743 0.9944 0
149 0.9920 0
271 0.9832 0
1185 0.9797 1
564 0.9749 0
1328 0.9659 0
173 0.9635 0
1700 0.9622 0
500 0.9600 0
1206 0.9499 0
658 0.9468 0
1579 0.9424 0
130 0.9401 0
1774 0.9399 0
1598 0.9290 0
1874 0.9167 0
1777 0.9142 0
1915 0.9135 0
254 0.9103 0
1945 0.9075 0
1085 0.9029 0
231 0.9017 0
1584 0.8955 0
238 0.8933 0
1950 0.8854 0
39 0.8794 0
1339 0.8775 0
132 0.8673 0
112 0.8560 0
1866 0.8547 0
1857 0.8546 0
25 0.8436 0
1808 0.8335 0
1810 0.8271 0
1965 0.8263 0
287 0.8213 0
83 0.8180 0
1924 0.8133 0
1881 0.8124 0
1506 0.8082 0
808 0.8061 0
274 0.8038 0
1672 0.8038 0
46 0.8019 0
1845 0.8010 0
185 0.7990 0
1471 0.7981 0
1898 0.7939 0
1835 0.7905 0
104 0.7890 0
1893 0.7774 0
73 0.7769 0
1906 0.7720 0
49 0.7720 0
74 0.7702 0
402 0.7683 0
1094 0.7672 0
463 0.7656 0
0 0.7654 0
62 0.7653 0
229 0.7567 0
1534 0.7389 0
1970 0.7372 0
1142 0.7275 0
272 0.7202 0
52 0.7173 0
711 0.7160 0
137 0.7151 0
1285 0.7120 0
1137 0.7090 0
1622 0.6885 0
490 0.6880 0
321 0.6831 0
765 0.6811 0
117 0.6772 0
1477 0.6657 0
47 0.6656 0
1122 0.6639 0
301 0.6607 0
903 0.6574 0
1121 0.6564 0
126 0.6519 0
1126 0.6517 0
175 0.6490 0
1656 0.6426 0
505 0.6425 0
1522 0.6353 0
1973 0.6342 0
124 0.6328 0
1141 0.6320 0
517 0.6319 0
933 0.6317 0
1408 0.6305 0
1520 0.6288 0
1012 0.6282 0
1044 0.6276 0
1059 0.6261 0
630 0.6234 0
1242 0.6224 0
370 0.6171 0
1260 0.6078 0
1887 0.6074 0
1565 0.5893 0
1191 0.5866 1
1954 0.5860 0
1509 0.5856 0
799 0.5853 0
266 0.5689 0
1095 0.5529 0
1309 0.5518 0
1100 0.5513 0
16 0.5437 0
1651 0.5380 0
305 0.5319 0
859 0.5275 0
1504 0.5270 0
1937 0.5244 0
1775 0.5147 0
1527 0.5135 0
1035 0.5101 0
512 0.5014 0
406 0.4991 0
180 0.4989 0
9 0.4975 0
1369 0.4924 0
1765 0.4899 0
211 0.4890 0
1752 0.4822 0
1072 0.4811 0
549 0.4809 0
192 0.4771 0
1193 0.4651 1
133 0.4644 0
501 0.4634 0
1281 0.4627 0
1439 0.4617 0
901 0.4514 0
88 0.4498 0
1851 0.4457 0
1055 0.4439 0
215 0.4398 0
660 0.4353 0
1133 0.4335 0
1277 0.4329 0
1946 0.4320 0
249 0.4244 0
1146 0.4224 0
1364 0.4193 0
503 0.4176 0
486 0.4140 0
398 0.4128 0
1058 0.4121 0
942 0.4089 0
671 0.4022 0
36 0.3930 0
1301 0.3909 0
1558 0.3847 0
228 0.3802 0
246 0.3685 0
1811 0.3678 0
1445 0.3627 0
199 0.3551 0
165 0.3425 0
1829 0.3355 0
311 0.3322 0
1738 0.3311 0
1064 0.3297 0
892 0.3274 0
157 0.3210 0
992 0.3177 0
1806 0.3140 0
26 0.3120 0
1869 0.3110 0
102 0.3052 0
1526 0.2926 0
1025 0.2913 0
1788 0.2889 0
874 0.2813 0
1365 0.2765 0
1916 0.2763 0
1 0.2736 0
297 0.2731 0
1043 0.2726 0
566 0.2684 0
1581 0.2659 0
1799 0.2575 0
534 0.2449 0
613 0.2434 0
360 0.2425 0
119 0.2311 0
320 0.2303 0
767 0.2295 0
1331 0.2288 0
1576 0.2283 0
929 0.2261 0
437 0.2158 0
1464 0.2116 0
655 0.1985 0
857 0.1958 0
675 0.1926 0
10 0.1907 0
474 0.1861 0
1538 0.1854 0
689 0.1834 0
240 0.1827 0
893 0.1793 0
258 0.1767 0
216 0.1673 0
1993 0.1668 0
641 0.1535 0
1830 0.1494 0
1098 0.1471 0
890 0.1452 0
103 0.1412 0
542 0.1387 0
425 0.1381 0
1891 0.1347 0
1557 0.1337 0
1967 0.1317 0
1696 0.1262 0
1080 0.1225 0
1457 0.1209 0
513 0.1205 0
1934 0.1183 0
592 0.1162 0
1062 0.1126 0
499 0.1072 0
1754 0.1054 0
1923 0.1009 0
1832 0.0980 0
1903 0.0959 0
645 0.0943 0
1544 0.0916 0
1319 0.0855 0
586 0.0823 0
1264 0.0811 0
1015 0.0768 0
1971 0.0738 0
1952 0.0642 0
1514 0.0637 0
1517 0.0636 0
993 0.0623 0
113 0.0620 0
530 0.0573 0
1964 0.0559 0
296 0.0536 0
1703 0.0422 0
862 0.0417 0
575 0.0394 0
537 0.0391 0
267 0.0380 0
143 0.0333 0
852 0.0283 0
1960 0.0237 0
1542 0.0139 0
1429 0.0125 0
960 0.0001 0
1498 -0.0009 0
1556 -0.0027 0
848 -0.0047 0
856 -0.0056 0
547 -0.0057 0
1334 -0.0074 0
290 -0.0105 0
875 -0.0167 0
1330 -0.0184 0
1963 -0.0186 0
401 -0.0214 0
1625 -0.0256 0
400 -0.0279 0
1936 -0.0284 0
1392 -0.0308 0
374 -0.0348 0
1524 -0.0354 0
1282 -0.0451 0
1641 -0.0506 0
1834 -0.0517 0
233 -0.0519 0
1570 -0.0540 0
1533 -0.0583 0
323 -0.0607 0
891 -0.0612 0
100 -0.0669 0
1850 -0.0692 0
787 -0.0767 0
375 -0.0775 0
880 -0.0830 0
13 -0.0901 0
386 -0.0916 0
1871 -0.0917 0
1024 -0.1011 0
1273 -0.1016 0
872 -0.1030 0
884 -0.1031 0
472 -0.1040 0
1574 -0.1059 0
317 -0.1062 0
428 -0.1146 0
108 -0.1205 0
1837 -0.1223 0
1917 -0.1233 0
1939 -0.1390 0
1211 -0.1391 0
1348 -0.1454 0
310 -0.1465 0
1997 -0.1546 0
1231 -0.1658 0
1268 -0.1671 0
1410 -0.1705 0
1536 -0.1751 0
1223 -0.1820 0
1980 -0.1830 0
467 -0.2001 0
1529 -0.2021 0
961 -0.2022 0
928 -0.2042 0
792 -0.2075 0
313 -0.2080 0
276 -0.2088 0
527 -0.2127 0
33 -0.2130 0
327 -0.2141 0
1252 -0.2155 0
1099 -0.2184 0
1407 -0.2230 0
262 -0.2249 0
879 -0.2307 0
427 -0.2313 0
461 -0.2323 0
204 -0.2350 0
1537 -0.2373 0
1982 -0.2379 0
674 -0.2437 0
77 -0.2442 0
1138 -0.2454 0
1928 -0.2496 0
68 -0.2500 0
810 -0.2588 0
1234 -0.2595 0
983 -0.2647 0
20 -0.2679 0
279 -0.2686 0
562 -0.2689 0
134 -0.2756 0
1004 -0.2773 0
1926 -0.2775 0
1955 -0.2845 0
1590 -0.3007 0
1879 -0.3011 0
1254 -0.3078 0
1050 -0.3094 0
1957 -0.3115 0
1920 -0.3133 0
35 -0.3168 0
831 -0.3272 0
826 -0.3284 0
1139 -0.3322 0
1325 -0.3334 0
442 -0.3348 0
6 -0.3416 0
1987 -0.3419 0
1545 -0.3455 0
1547 -0.3460 0
1212 -0.3485 0
1824 -0.3494 0
411 -0.3539 0
1274 -0.3546 0
1619 -0.3548 0
470 -0.3586 0
1216 -0.3613 0
1118 -0.3636 0
1350 -0.3640 0
29 -0.3675 0
144 -0.3727 0
1515 -0.3761 0
1093 -0.3762 0
1372 -0.3776 0
828 -0.3786 0
1370 -0.3848 0
286 -0.3864 0
1892 -0.3979 0
1068 -0.4036 0
345 -0.4073 0
786 -0.4081 0
883 -0.4086 0
393 -0.4088 0
1637 -0.4097 0
1596 -0.4141 0
882 -0.4159 0
1990 -0.4185 0
1979 -0.4198 0
851 -0.4262 0
1349 -0.4298 0
1487 -0.4301 0
129 -0.4327 0
573 -0.4333 0
668 -0.4379 0
1298 -0.4389 0
1587 -0.4440 0
65 -0.4529 0
1016 -0.4580 0
569 -0.4627 0
1910 -0.4676 0
404 -0.4692 0
1510 -0.4722 0
11 -0.4771 0
1855 -0.4782 0
303 -0.4826 0
1020 -0.4893 0
1751 -0.4907 0
431 -0.4996 0
664 -0.5003 0
979 -0.5037 0
1116 -0.5052 0
1378 -0.5105 0
743 -0.5108 0
293 -0.5145 0
1591 -0.5202 0
1251 -0.5205 0
1914 -0.5206 0
918 -0.5211 0
653 -0.5250 0
1528 -0.5279 0
1088 -0.5402 0
1458 -0.5516 0
818 -0.5532 0
885 -0.5637 0
1065 -0.5652 0
45 -0.5668 0
551 -0.5684 0
1039 -0.5685 0
1218 -0.5705 0
1394 -0.5716 0
1358 -0.5720 0
1877 -0.5749 0
636 -0.5763 0
1966 -0.5776 0
1670 -0.5826 0
1532 -0.5866 0
32 -0.5905 0
938 -0.5944 0
1586 -0.6101 0
932 -0.6134 0
414 -0.6146 0
843 -0.6152 0
161 -0.6161 0
1074 -0.6169 0
307 -0.6193 0
434 -0.6213 0
777 -0.6251 0
1038 -0.6279 0
1002 -0.6299 0
1553 -0.6361 0
504 -0.6365 0
801 -0.6407 0
721 -0.6430 0
1203 -0.6462 0
1940 -0.6475 0
1114 -0.6489 0
800 -0.6563 0
131 -0.6603 0
1046 -0.6618 0
1323 -0.6719 0
1238 -0.6732 0
300 -0.6783 0
570 -0.6790 0
1051 -0.6809 0
1913 -0.6866 0
506 -0.6871 0
1870 -0.6883 0
1948 -0.6914 0
739 -0.6919 0
1593 -0.6928 0
939 -0.6931 0
139 -0.6947 0
1531 -0.6981 0
8 -0.6985 0
280 -0.6991 0
111 -0.7063 0
809 -0.7085 0
186 -0.7088 0
1884 -0.7135 0
109 -0.7183 0
1097 -0.7206 0
816 -0.7221 0
855 -0.7223 0
1110 -0.7240 0
590 -0.7248 0
1999 -0.7259 0
34 -0.7329 0
1383 -0.7346 0
1283 -0.7404 0
1491 -0.7501 0
1919 -0.7512 0
1780 -0.7583 0
580 -0.7643 0
122 -0.7700 0
896 -0.7719 0
389 -0.7749 0
1949 -0.7801 0
1036 -0.7962 0
1559 -0.8024 0
941 -0.8040 0
87 -0.8090 0
805 -0.8176 0
1205 -0.8183 0
1666 -0.8192 0
785 -0.8242 0
967 -0.8257 0
1215 -0.8275 0
1550 -0.8288 0
900 -0.8301 0
1484 -0.8313 0
426 -0.8321 0
1793 -0.8420 0
1347 -0.8456 0
706 -0.8473 0
1387 -0.8524 0
444 -0.8538 0
1875 -0.8628 0
440 -0.8649 0
1473 -0.8660 0
405 -0.8671 0
106 -0.8676 0
838 -0.8714 0
1061 -0.8727 0
789 -0.8735 0
118 -0.8742 0
1066 -0.8745 0
378 -0.8768 0
1648 -0.8801 0
1992 -0.8812 0
181 -0.8818 0
1624 -0.8871 0
1032 -0.8874 0
869 -0.8901 0
1337 -0.8906 0
842 -0.8966 0
1108 -0.8980 0
837 -0.8997 0
381 -0.9015 0
1543 -0.9019 0
1258 -0.9037 0
477 -0.9054 0
1750 -0.9091 0
1083 -0.9103 0
814 -0.9103 0
7 -0.9136 0
1053 -0.9177 0
162 -0.9209 0
692 -0.9222 0
150 -0.9233 0
969 -0.9236 0
493 -0.9251 0
1685 -0.9260 0
951 -0.9308 0
914 -0.9332 0
1363 -0.9472 0
1513 -0.9502 0
1699 -0.9645 0
1406 -0.9686 0
781 -0.9708 0
1686 -0.9714 0
822 -0.9728 0
953 -0.9733 0
206 -0.9745 0
937 -0.9813 0
695 -0.9835 0
854 -0.9842 0
395 -0.9858 0
1959 -0.9887 0
495 -0.9889 0
1728 -0.9924 0
489 -0.9931 0
680 -0.9952 0
871 -0.9965 0
485 -0.9984 0
227 -0.9992 0
152 -1.0001 0
849 -1.0023 0
1135 -1.0075 0
511 -1.0084 0
1284 -1.0128 0
1084 -1.0139 0
1241 -1.0185 0
451 -1.0250 0
753 -1.0265 0
182 -1.0266 0
1618 -1.0272 0
1697 -1.0289 0
912 -1.0351 0
651 -1.0364 0
899 -1.0372 0
484 -1.0400 0
908 -1.0492 0
368 -1.0506 0
839 -1.0544 0
1582 -1.0553 0
412 -1.0559 0
1001 -1.0560 0
1288 -1.0572 0
768 -1.0595 0
596 -1.0596 0
762 -1.0617 0
963 -1.0656 0
1386 -1.0665 0
200 -1.0674 0
23 -1.0683 0
1535 -1.0693 0
548 -1.0728 0
1620 -1.0764 0
508 -1.0792 0
1389 -1.0822 0
820 -1.0825 0
866 -1.0828 0
772 -1.0876 0
1371 -1.0915 0
836 -1.0919 0
585 -1.0985 0
1300 -1.1006 0
110 -1.1068 0
1452 -1.1075 0
1047 -1.1123 0
1250 -1.1164 0
757 -1.1180 0
926 -1.1185 0
416 -1.1192 0
1499 -1.1265 0
1248 -1.1290 0
415 -1.1320 0
1272 -1.1395 0
326 -1.1407 0
881 -1.1442 0
1541 -1.1485 0
1942 -1.1486 0
940 -1.1489 0
1668 -1.1572 0
1492 -1.1573 0
823 -1.1689 0
1307 -1.1722 0
433 -1.1774 0
403 -1.1835 0
1905 -1.1866 0
579 -1.1868 0
1082 -1.1927 0
1388 -1.1928 0
382 -1.1933 0
965 -1.2033 0
1972 -1.2035 0
1555 -1.2060 0
1489 -1.2077 0
1664 -1.2084 0
1660 -1.2088 0
707 -1.2105 0
247 -1.2128 0
845 -1.2160 0
1683 -1.2194 0
905 -1.2208 0
1470 -1.2236 0
1049 -1.2260 0
974 -1.2264 0
1289 -1.2278 0
193 -1.2296 0
1540 -1.2317 0
1998 -1.2344 0
468 -1.2373 0
168 -1.2454 0
584 -1.2474 0
841 -1.2519 0
571 -1.2545 0
478 -1.2565 0
958 -1.2571 0
1262 -1.2605 0
1631 -1.2617 0
563 -1.2705 0
1060 -1.2760 0
1461 -1.2821 0
591 -1.2836 0
1367 -1.2850 0
1219 -1.2863 0
672 -1.2866 0
384 -1.2886 0
195 -1.2894 0
456 -1.2925 0
989 -1.2964 0
1539 -1.2969 0
755 -1.2981 0
1296 -1.3017 0
952 -1.3082 0
917 -1.3097 0
352 -1.3116 0
572 -1.3121 0
1034 -1.3149 0
482 -1.3152 0
999 -1.3165 0
1213 -1.3180 0
1143 -1.3184 0
679 -1.3296 0
1356 -1.3379 0
1482 -1.3422 0
236 -1.3458 0
1073 -1.3490 0
888 -1.3516 0
1013 -1.3579 0
1113 -1.3609 0
1278 -1.3633 0
1549 -1.3634 0
1109 -1.3655 0
788 -1.3658 0
1246 -1.3660 0
1894 -1.3663 0
454 -1.3691 0
902 -1.3698 0
1011 -1.3771 0
488 -1.3828 0
376 -1.3837 0
669 -1.3924 0
698 -1.3946 0
1412 -1.3994 0
1362 -1.4040 0
135 -1.4055 0
1204 -1.4077 0
1943 -1.4086 0
1573 -1.4123 0
391 -1.4125 0
981 -1.4132 0
418 -1.4147 0
662 -1.4173 0
448 -1.4176 0
1578 -1.4196 0
712 -1.4206 0
1595 -1.4217 0
1659 -1.4224 0
1569 -1.4294 0
1343 -1.4298 0
1530 -1.4355 0
1079 -1.4375 0
557 -1.4382 0
1561 -1.4388 0
408 -1.4389 0
1615 -1.4421 0
1599 -1.4430 0
1091 -1.4434 0
550 -1.4443 0
930 -1.4449 0
184 -1.4487 0
555 -1.4488 0
1653 -1.4500 0
1438 -1.4549 0
1695 -1.4559 0
24 -1.4579 0
595 -1.4616 0
196 -1.4625 0
568 -1.4663 0
578 -1.4665 0
1292 -1.4667 0
1594 -1.4678 0
1684 -1.4741 0
1900 -1.4763 0
966 -1.4880 0
1589 -1.4903 0
847 -1.4935 0
379 -1.4988 0
973 -1.4995 0
1306 -1.5001 0
1876 -1.5002 0
659 -1.5075 0
207 -1.5079 0
532 -1.5086 0
920 -1.5091 0
1612 -1.5119 0
357 -1.5174 0
445 -1.5224 0
602 -1.5259 0
561 -1.5294 0
1511 -1.5354 0
923 -1.5358 0
1381 -1.5404 0
995 -1.5405 0
1379 -1.5418 0
1112 -1.5461 0
44 -1.5476 0
1293 -1.5540 0
1353 -1.5582 0
1308 -1.5594 0
959 -1.5627 0
1052 -1.5631 0
1629 -1.5651 0
949 -1.5657 0
844 -1.5670 0
1075 -1.5699 0
846 -1.5724 0
1008 -1.5768 0
978 -1.5781 0
1361 -1.5829 0
1472 -1.5830 0
666 -1.5833 0
358 -1.5851 0
770 -1.5855 0
970 -1.5878 0
1766 -1.5916 0
1691 -1.5981 0
1377 -1.5982 0
910 -1.5999 0
982 -1.6015 0
1405 -1.6024 0
1462 -1.6025 0
1494 -1.6046 0
1562 -1.6059 0
372 -1.6083 0
1227 -1.6175 0
811 -1.6249 0
334 -1.6268 0
913 -1.6284 0
1863 -1.6317 0
1882 -1.6358 0
1512 -1.6364 0
1566 -1.6399 0
1867 -1.6446 0
657 -1.6596 0
1299 -1.6632 0
540 -1.6679 0
991 -1.6688 0
136 -1.6731 0
40 -1.6780 0
1359 -1.6805 0
429 -1.6877 0
1947 -1.6923 0
598 -1.6939 0
803 -1.6953 0
790 -1.6968 0
691 -1.7001 0
1485 -1.7014 0
980 -1.7031 0
387 -1.7036 0
491 -1.7055 0
1449 -1.7065 0
583 -1.7119 0
1606 -1.7148 0
795 -1.7324 0
987 -1.7364 0
1147 -1.7370 0
1351 -1.7390 0
355 -1.7429 0
1447 -1.7435 0
1134 -1.7476 0
346 -1.7481 0
1253 -1.7506 0
423 -1.7541 0
906 -1.7586 0
336 -1.7607 0
553 -1.7746 0
388 -1.7751 0
1402 -1.7772 0
1991 -1.7862 0
714 -1.7892 0
1500 -1.7898 0
663 -1.7916 0
1266 -1.7922 0
432 -1.7929 0
1327 -1.7970 0
1969 -1.8030 0
997 -1.8037 0
116 -1.8106 0
1354 -1.8212 0
1588 -1.8222 0
946 -1.8260 0
812 -1.8279 0
518 -1.8330 0
750 -1.8358 0
281 -1.8389 0
911 -1.8538 0
1090 -1.8539 0
367 -1.8562 0
1469 -1.8570 0
947 -1.8577 0
833 -1.8606 0
897 -1.8626 0
1989 -1.8639 0
1081 -1.8761 0
337 -1.8798 0
1222 -1.8816 0
1859 -1.8854 0
201 -1.8873 0
407 -1.8917 0
1572 -1.8987 0
577 -1.9019 0
1441 -1.9034 0
1688 -1.9053 0
673 -1.9062 0
1398 -1.9161 0
1271 -1.9182 0
14 -1.9237 0
1852 -1.9250 0
371 -1.9253 0
409 -1.9279 0
1878 -1.9288 0
858 -1.9297 0
1040 -1.9331 0
962 -1.9360 0
1385 -1.9383 0
935 -1.9440 0
1548 -1.9518 0
479 -1.9567 0
861 -1.9692 0
443 -1.9746 0
971 -1.9765 0
1828 -1.9850 0
752 -1.9915 0
1395 -1.9933 0
804 -1.9948 0
1597 -1.9982 0
1474 -1.9992 0
1467 -2.0010 0
224 -2.0020 0
611 -2.0064 0
1693 -2.0210 0
1419 -2.0242 0
1104 -2.0247 0
886 -2.0320 0
782 -2.0415 0
230 -2.0440 0
497 -2.0465 0
1642 -2.0466 0
1902 -2.0520 0
1221 -2.0524 0
172 -2.0562 0
328 -2.0596 0
1229 -2.0648 0
1210 -2.0686 0
1585 -2.0690 0
943 -2.0729 0
1630 -2.0764 0
1600 -2.0854 0
1107 -2.0883 0
1391 -2.0890 0
1019 -2.0915 0
1609 -2.0959 0
362 -2.0959 0
257 -2.0972 0
1488 -2.0980 0
964 -2.1148 0
174 -2.1167 0
559 -2.1206 0
1865 -2.1237 0
188 -2.1265 0
1041 -2.1309 0
780 -2.1345 0
457 -2.1394 0
1214 -2.1399 0
480 -2.1402 0
1944 -2.1436 0
1023 -2.1621 0
1523 -2.1631 0
476 -2.1635 0
766 -2.1652 0
241 -2.1680 0
554 -2.1722 0
793 -2.1728 0
475 -2.1756 0
864 -2.1775 0
759 -2.1818 0
1063 -2.1868 0
1077 -2.1897 0
898 -2.1918 0
704 -2.1969 0
1560 -2.2101 0
1311 -2.2142 0
1901 -2.2160 0
648 -2.2175 0
747 -2.2219 0
1613 -2.2228 0
1442 -2.2261 0
887 -2.2317 0
922 -2.2405 0
1390 -2.2539 0
1872 -2.2579 0
319 -2.2604 0
417 -2.2615 0
1384 -2.2644 0
1352 -2.2681 0
1605 -2.2725 0
806 -2.2729 0
1009 -2.2731 0
1935 -2.2793 0
356 -2.2794 0
1257 -2.2857 0
717 -2.2882 0
498 -2.2921 0
1290 -2.2945 0
909 -2.2954 0
1698 -2.2971 0
1563 -2.2976 0
931 -2.2998 0
687 -2.3017 0
1628 -2.3020 0
524 -2.3072 0
1434 -2.3076 0
807 -2.3081 0
661 -2.3089 0
1360 -2.3103 0
581 -2.3219 0
1486 -2.3227 0
1463 -2.3241 0
1374 -2.3256 0
410 -2.3258 0
1658 -2.3263 0
338 -2.3265 0
560 -2.3317 0
380 -2.3354 0
1087 -2.3431 0
682 -2.3451 0
1984 -2.3464 0
802 -2.3469 0
1145 -2.3498 0
957 -2.3528 0
670 -2.3545 0
1941 -2.3562 0
954 -2.3643 0
304 -2.3693 0
1247 -2.3721 0
988 -2.3726 0
1552 -2.3743 0
1422 -2.3809 0
248 -2.3829 0
656 -2.3905 0
688 -2.4041 0
1451 -2.4088 0
945 -2.4152 0
545 -2.4290 0
994 -2.4294 0
1397 -2.4326 0
420 -2.4343 0
907 -2.4350 0
66 -2.4361 0
473 -2.4367 0
1455 -2.4384 0
1490 -2.4489 0
1209 -2.4493 0
1592 -2.4531 0
850 -2.4536 0
593 -2.4552 0
1235 -2.4612 0
678 -2.4614 0
1440 -2.4666 0
1501 -2.4669 0
761 -2.4711 0
1610 -2.4848 0
1430 -2.4848 0
763 -2.4876 0
471 -2.4877 0
760 -2.4922 0
466 -2.4966 0
385 -2.4986 0
422 -2.5025 0
462 -2.5034 0
1627 -2.5157 0
1481 -2.5254 0
1654 -2.5306 0
1431 -2.5307 0
1007 -2.5328 0
38 -2.5420 0
594 -2.5502 0
916 -2.5551 0
1056 -2.5566 0
936 -2.5584 0
796 -2.5591 0
715 -2.5607 0
1676 -2.5619 0
751 -2.5708 0
194 -2.5797 0
15 -2.5797 0
732 -2.5869 0
1603 -2.5880 0
775 -2.5913 0
1105 -2.5917 0
665 -2.5946 0
1687 -2.6076 0
31 -2.6088 0
392 -2.6105 0
972 -2.6195 0
349 -2.6217 0
955 -2.6221 0
1497 -2.6289 0
1106 -2.6406 0
359 -2.6433 0
556 -2.6448 0
889 -2.6457 0
366 -2.6510 0
365 -2.6573 0
1661 -2.6586 0
335 -2.6612 0
1275 -2.6630 0
984 -2.6715 0
1655 -2.6750 0
927 -2.6840 0
1102 -2.6905 0
773 -2.7098 0
700 -2.7157 0
1201 -2.7182 0
652 -2.7286 0
1279 -2.7308 0
1148 -2.7588 0
1864 -2.7656 0
156 -2.7798 0
1495 -2.7814 0
1202 -2.7862 0
1635 -2.7931 0
1645 -2.7933 0
1508 -2.7954 0
1453 -2.8046 0
30 -2.8162 0
1930 -2.8178 0
1028 -2.8211 0
832 -2.8297 0
1111 -2.8313 0
996 -2.8336 0
1249 -2.8414 0
1380 -2.8494 0
1357 -2.8500 0
769 -2.8675 0
985 -2.8700 0
1496 -2.8751 0
1226 -2.8814 0
1017 -2.8931 0
728 -2.8952 0
510 -2.8959 0
948 -2.9052 0
744 -2.9216 0
208 -2.9223 0
758 -2.9231 0
713 -2.9399 0
718 -2.9413 0
694 -2.9463 0
465 -2.9639 0
727 -2.9684 0
18 -2.9736 0
210 -2.9737 0
599 -2.9754 0
1933 -2.9857 0
421 -2.9905 0
1014 -3.0019 0
1682 -3.0020 0
1233 -3.0044 0
436 -3.0090 0
1244 -3.0167 0
1633 -3.0186 0
1375 -3.0332 0
1427 -3.0347 0
998 -3.0355 0
1690 -3.0375 0
681 -3.0430 0
749 -3.0447 0
696 -3.0453 0
1256 -3.0495 0
1904 -3.0537 0
741 -3.0733 0
1611 -3.0757 0
798 -3.0758 0
1345 -3.0823 0
1493 -3.0841 0
1626 -3.0859 0
351 -3.0884 0
587 -3.0971 0
306 -3.0991 0
771 -3.1014 0
1858 -3.1101 0
865 -3.1105 0
167 -3.1121 0
1022 -3.1136 0
1978 -3.1198 0
904 -3.1248 0
1436 -3.1311 0
1907 -3.1311 0
1601 -3.1313 0
817 -3.1339 0
558 -3.1382 0
723 -3.1464 0
1650 -3.1495 0
1640 -3.1510 0
915 -3.1657 0
1421 -3.1672 0
709 -3.1680 0
159 -3.1723 0
742 -3.1821 0
483 -3.1856 0
1435 -3.1919 0
776 -3.2074 0
1456 -3.2110 0
968 -3.2172 0
582 -3.2336 0
453 -3.2382 0
710 -3.2420 0
1667 -3.2502 0
819 -3.2509 0
1070 -3.2514 0
703 -3.2647 0
529 -3.2766 0
1608 -3.2787 0
235 -3.2933 0
677 -3.2978 0
1554 -3.2978 0
708 -3.3026 0
735 -3.3132 0
738 -3.3408 0
354 -3.3414 0
1675 -3.3436 0
650 -3.3440 0
1911 -3.3475 0
1460 -3.3573 0
1140 -3.3609 0
1021 -3.3615 0
93 -3.3630 0
1689 -3.3656 0
1616 -3.3730 0
734 -3.3778 0
1124 -3.3788 0
1908 -3.3860 0
1003 -3.3926 0
685 -3.3966 0
1925 -3.4012 0
1602 -3.4017 0
745 -3.4221 0
654 -3.4260 0
1355 -3.4331 0
308 -3.4384 0
1678 -3.4464 0
684 -3.4649 0
867 -3.4756 0
399 -3.4770 0
1617 -3.4801 0
1466 -3.4819 0
1679 -3.4899 0
567 -3.4996 0
1446 -3.5126 0
1996 -3.5246 0
746 -3.5263 0
455 -3.5267 0
1420 -3.5504 0
740 -3.5546 0
450 -3.5578 0
1567 -3.5652 0
764 -3.5741 0
397 -3.5855 0
1646 -3.5971 0
1029 -3.5985 0
588 -3.5993 0
720 -3.6151 0
1270 -3.6369 0
1694 -3.6420 0
383 -3.6506 0
1297 -3.6592 0
1638 -3.6625 0
986 -3.6629 0
1057 -3.6657 0
1368 -3.6692 0
716 -3.6753 0
731 -3.6779 0
1409 -3.6922 0
441 -3.6952 0
778 -3.7076 0
1265 -3.7084 0
1401 -3.7486 0
1131 -3.7668 0
1232 -3.7669 0
748 -3.7735 0
1089 -3.7803 0
1423 -3.7920 0
1450 -3.7992 0
1217 -3.8144 0
1465 -3.8203 0
1208 -3.8651 0
726 -3.8702 0
565 -3.8761 0
722 -3.8785 0
1078 -3.8830 0
1006 -3.8841 0
1071 -3.9065 0
1483 -3.9066 0
1263 -3.9203 0
729 -3.9334 0
1413 -3.9385 0
597 -3.9481 0
446 -3.9481 0
1228 -3.9701 0
1680 -3.9705 0
1280 -3.9813 0
1433 -3.9896 0
1677 -3.9934 0
1399 -4.0009 0
1243 -4.0177 0
1404 -4.0263 0
725 -4.0277 0
1382 -4.0337 0
921 -4.0500 0
576 -4.0637 0
169 -4.0691 0
1240 -4.0976 0
1207 -4.1093 0
702 -4.1275 0
1662 -4.1408 0
394 -4.1526 0
1426 -4.1549 0
1245 -4.1758 0
1437 -4.1776 0
1443 -4.1839 0
1657 -4.1882 0
1236 -4.1996 0
756 -4.2060 0
589 -4.2093 0
452 -4.2195 0
1652 -4.2319 0
361 -4.2568 0
1636 -4.2823 0
975 -4.2856 0
1291 -4.2983 0
1417 -4.3064 0
574 -4.3350 0
754 -4.3398 0
1671 -4.3553 0
1149 -4.3675 0
1261 -4.3681 0
944 -4.3751 0
1639 -4.3855 0
784 -4.4037 0
458 -4.4238 0
1411 -4.4300 0
350 -4.4447 0
438 -4.4644 0
737 -4.4673 0
1127 -4.4818 0
774 -4.4891 0
1614 -4.5025 0
333 -4.5046 0
1237 -4.5198 0
1424 -4.5242 0
1459 -4.5323 0
1643 -4.5470 0
925 -4.5556 0
1403 -4.5984 0
481 -4.6051 0
369 -4.6447 0
690 -4.6459 0
1432 -4.6481 0
1632 -4.6699 0
377 -4.6785 0
1416 -4.6850 0
1096 -4.7100 0
1479 -4.7274 0
469 -4.7296 0
724 -4.7381 0
1604 -4.7497 0
1647 -4.7653 0
1476 -4.7667 0
396 -4.7791 0
791 -4.7855 0
733 -4.8250 0
1224 -4.8271 0
1448 -4.8474 0
1692 -4.8541 0
1200 -4.8555 0
1444 -4.8826 0
699 -4.9075 0
1673 -4.9254 0
697 -4.9498 0
1144 -4.9798 0
430 -5.0044 0
730 -5.0236 0
719 -5.0552 0
1225 -5.0635 0
1415 -5.0657 0
1425 -5.0724 0
1400 -5.1235 0
353 -5.2101 0
705 -5.2172 0
676 -5.2174 0
1414 -5.2267 0
1669 -5.2720 0
783 -5.2819 0
1644 -5.2898 0
494 -5.3093 0
1478 -5.3641 0
363 -5.3742 0
825 -5.3850 0
492 -5.4338 0
1259 -5.4416 0
950 -5.4819 0
736 -5.5458 0
1634 -5.5710 0
460 -5.5798 0
459 -5.6933 0
1607 -5.6942 0
464 -5.7545 0
1067 -5.9944 0
390 -6.0449 0
1663 -6.0904 0
701 -6.1782 0
364 -6.4905 0
1428 -6.6122 0
1674 -6.6668 0
1010 -6.8046 0
