1224 30.3710 1
1248 26.1375 1
1200 25.7150 1
1221 24.7017 1
1236 24.1773 1
1235 23.0553 1
1229 22.7897 1
1238 20.9368 1
1233 19.9948 1
1214 18.6164 1
1240 18.5643 1
1222 17.1560 1
1246 15.5857 1
1996 14.3724 0
1442 14.1369 0
1411 14.0943 0
1231 13.9785 1
1421 13.1243 0
1215 12.9941 1
1203 12.9078 1
1428 12.2416 0
1247 12.1868 1
1207 11.8006 1
1228 11.6357 1
482 11.2828 0
1217 11.1739 1
1444 11.0335 0
1204 10.7932 1
1202 10.7452 1
1232 10.2134 1
1218 10.1035 1
1415 10.0808 0
1237 9.8894 1
1208 9.7457 1
1213 9.4335 1
1130 9.2470 0
1419 9.0216 0
1212 8.9655 1
1426 8.9433 0
1420 8.8557 0
1422 8.8066 0
1416 8.7623 0
954 8.4701 0
1239 8.2312 1
1991 8.1733 0
1225 8.0383 1
528 7.8325 0
329 7.8271 0
1438 7.7675 0
1234 7.7107 1
1905 7.6311 0
1447 7.6310 0
1424 7.6266 0
450 7.5988 0
1205 7.5977 1
1413 7.5860 0
1223 7.5487 1
1249 7.5312 1
338 7.4854 0
1401 7.4046 0
1206 7.2464 1
1380 7.2441 0
273 7.2016 0
438 7.1698 0
1676 7.0551 0
1211 6.8546 1
303 6.8501 0
1405 6.8373 0
1449 6.7593 0
1244 6.6543 1
1430 6.5453 0
1423 6.4792 0
1345 6.4691 0
903 6.3968 0
1216 6.3573 1
1400 6.2268 0
1933 6.1456 0
284 6.1212 0
1245 6.0606 1
489 6.0334 0
1414 5.9720 0
1226 5.9587 1
1219 5.9373 1
1443 5.9329 0
1403 5.9322 0
1433 5.9216 0
1201 5.9150 1
1437 5.9104 0
1431 5.8933 0
1410 5.8898 0
1227 5.8289 1
464 5.8159 0
1402 5.8132 0
397 5.7997 0
1751 5.7493 0
491 5.7389 0
1404 5.7378 0
1358 5.6832 0
504 5.6777 0
501 5.6685 0
1062 5.5893 0
1435 5.5598 0
346 5.5149 0
756 5.5140 0
1122 5.4947 0
325 5.4804 0
1448 5.4003 0
1110 5.3896 0
1220 5.3815 1
186 5.3516 0
1427 5.2554 0
1441 5.2361 0
322 5.1886 0
1425 5.1842 0
712 5.1727 0
1274 5.1233 0
717 5.0840 0
133 5.0344 0
1446 5.0324 0
1989 4.9021 0
889 4.8702 0
597 4.8317 0
468 4.8243 0
816 4.8185 0
1082 4.8023 0
1070 4.7991 0
879 4.7866 0
396 4.7644 0
554 4.7023 0
11 4.6934 0
516 4.6709 0
857 4.6681 0
1406 4.6363 0
1661 4.6287 0
1418 4.6203 0
1210 4.5925 1
1377 4.5635 0
1209 4.5453 1
1436 4.5368 0
598 4.5304 0
1407 4.5276 0
653 4.5247 0
827 4.5231 0
1948 4.5213 0
497 4.5067 0
1129 4.4958 0
505 4.4938 0
535 4.4818 0
1930 4.4817 0
1186 4.4690 0
241 4.4571 0
1145 4.4565 0
1105 4.4468 0
292 4.4360 0
1038 4.3955 0
738 4.3933 0
955 4.3610 0
345 4.3281 0
1439 4.3253 0
206 4.2986 0
458 4.2900 0
1368 4.2701 0
304 4.2427 0
746 4.2333 0
453 4.1987 0
986 4.1857 0
1381 4.1333 0
487 4.0611 0
47 4.0566 0
529 4.0309 0
813 4.0166 0
156 4.0069 0
587 4.0030 0
508 4.0006 0
1880 3.9974 0
625 3.9832 0
578 3.9798 0
963 3.9665 0
1021 3.9248 0
692 3.9039 0
318 3.8796 0
1395 3.8712 0
470 3.8701 0
1417 3.8357 0
1241 3.7779 1
574 3.7536 0
119 3.7312 0
230 3.7184 0
1491 3.7058 0
383 3.6632 0
32 3.6607 0
486 3.6596 0
479 3.6489 0
957 3.6362 0
793 3.6359 0
718 3.6119 0
190 3.5920 0
472 3.5876 0
536 3.5614 0
335 3.5603 0
1894 3.5566 0
1034 3.5546 0
1397 3.5429 0
1379 3.5224 0
1054 3.5166 0
1001 3.5105 0
1017 3.5085 0
839 3.5079 0
157 3.5004 0
1040 3.4944 0
1315 3.4939 0
1616 3.4930 0
737 3.4875 0
601 3.4710 0
701 3.4313 0
556 3.4105 0
194 3.4058 0
169 3.3974 0
1342 3.3844 0
552 3.3830 0
678 3.3464 0
1445 3.3298 0
810 3.3147 0
865 3.3139 0
1857 3.3023 0
1763 3.2986 0
1440 3.2984 0
426 3.2976 0
1029 3.2956 0
1480 3.2908 0
914 3.2849 0
524 3.2509 0
326 3.2500 0
1432 3.2476 0
148 3.2434 0
851 3.2430 0
302 3.2429 0
286 3.2298 0
456 3.2247 0
1545 3.2049 0
254 3.1969 0
1033 3.1822 0
377 3.1484 0
728 3.1371 0
1242 3.1055 1
892 3.1024 0
1140 3.1022 0
847 3.0997 0
663 3.0739 0
320 3.0676 0
1671 3.0632 0
733 3.0631 0
928 3.0596 0
1031 3.0467 0
488 3.0413 0
1507 3.0198 0
809 3.0193 0
1077 3.0023 0
893 2.9925 0
1663 2.9719 0
462 2.9693 0
1746 2.9689 0
1952 2.9434 0
844 2.9323 0
1369 2.9262 0
1877 2.9156 0
1142 2.9146 0
871 2.9132 0
1311 2.9074 0
197 2.8871 0
1867 2.8859 0
268 2.8757 0
1010 2.8641 0
291 2.8587 0
161 2.8585 0
137 2.8152 0
605 2.8100 0
1863 2.8027 0
1494 2.8004 0
110 2.7944 0
548 2.7876 0
1058 2.7737 0
1662 2.7661 0
48 2.7613 0
704 2.7378 0
1890 2.7334 0
216 2.7297 0
834 2.7088 0
151 2.7084 0
703 2.7033 0
1344 2.7031 0
1936 2.6958 0
1680 2.6808 0
174 2.6712 0
544 2.6647 0
109 2.6643 0
1461 2.6580 0
1668 2.6558 0
339 2.6527 0
1096 2.6278 0
814 2.6251 0
628 2.6161 0
561 2.5958 0
390 2.5903 0
350 2.5879 0
1904 2.5850 0
1408 2.5844 0
1997 2.5797 0
569 2.5720 0
877 2.5470 0
1893 2.5452 0
1950 2.5411 0
1336 2.5325 0
1934 2.4886 0
724 2.4712 0
1585 2.4708 0
385 2.4701 0
897 2.4642 0
1194 2.4620 0
496 2.4566 0
1188 2.4444 0
1745 2.4442 0
227 2.4355 0
460 2.4258 0
226 2.4205 0
1465 2.4190 0
560 2.3912 0
408 2.3711 0
517 2.3592 0
240 2.3590 0
1631 2.3545 0
312 2.3511 0
579 2.3485 0
825 2.3398 0
1678 2.3369 0
1871 2.3343 0
1995 2.3308 0
180 2.3265 0
1102 2.3245 0
648 2.3014 0
1659 2.2928 0
698 2.2860 0
16 2.2857 0
1932 2.2857 0
836 2.2835 0
484 2.2800 0
735 2.2790 0
69 2.2755 0
582 2.2735 0
527 2.2701 0
1144 2.2680 0
1665 2.2640 0
511 2.2636 0
1104 2.2627 0
235 2.2561 0
727 2.2437 0
801 2.2423 0
946 2.2360 0
49 2.2280 0
921 2.2186 0
775 2.2133 0
753 2.2026 0
1539 2.2000 0
418 2.1953 0
1131 2.1848 0
1488 2.1803 0
494 2.1798 0
54 2.1756 0
932 2.1741 0
334 2.1729 0
1101 2.1696 0
1888 2.1696 0
1434 2.1527 0
849 2.1366 0
1043 2.1306 0
1067 2.1286 0
1389 2.1265 0
177 2.1125 0
888 2.0979 0
1429 2.0934 0
1308 2.0912 0
661 2.0854 0
1679 2.0840 0
710 2.0786 0
1807 2.0762 0
207 2.0756 0
546 2.0745 0
1050 2.0724 0
8 2.0597 0
647 2.0596 0
708 2.0596 0
363 2.0436 0
707 2.0402 0
1351 2.0370 0
1692 2.0337 0
720 2.0242 0
162 2.0195 0
846 2.0168 0
1674 2.0157 0
316 2.0094 0
222 1.9920 0
634 1.9858 0
608 1.9833 0
1960 1.9826 0
481 1.9764 0
1656 1.9762 0
73 1.9747 0
229 1.9628 0
1115 1.9596 0
962 1.9415 0
1022 1.9343 0
201 1.9318 0
588 1.9296 0
500 1.9269 0
168 1.9196 0
41 1.9187 0
36 1.9105 0
540 1.9062 0
140 1.9052 0
381 1.8962 0
475 1.8911 0
476 1.8894 0
196 1.8843 0
565 1.8820 0
645 1.8815 0
1192 1.8802 0
789 1.8793 0
549 1.8734 0
199 1.8733 0
1908 1.8703 0
300 1.8694 0
123 1.8675 0
709 1.8449 0
1865 1.8333 0
952 1.8330 0
126 1.8256 0
353 1.8252 0
369 1.8181 0
744 1.8046 0
558 1.8005 0
975 1.7999 0
1111 1.7931 0
361 1.7893 0
1120 1.7846 0
1390 1.7805 0
1055 1.7763 0
855 1.7667 0
317 1.7660 0
1134 1.7632 0
1363 1.7630 0
518 1.7582 0
1087 1.7378 0
173 1.7278 0
220 1.7214 0
1183 1.7167 0
1851 1.7151 0
593 1.7097 0
200 1.7092 0
301 1.7021 0
1966 1.7010 0
1677 1.6966 0
455 1.6865 0
1113 1.6832 0
1571 1.6773 0
1230 1.6742 1
167 1.6719 0
884 1.6642 0
1660 1.6561 0
519 1.6417 0
743 1.6414 0
344 1.6402 0
243 1.6357 0
259 1.6276 0
421 1.6207 0
253 1.6200 0
262 1.6197 0
577 1.6172 0
584 1.6110 0
244 1.6062 0
305 1.6059 0
1280 1.5930 0
480 1.5714 0
943 1.5634 0
1642 1.5576 0
731 1.5566 0
1728 1.5514 0
589 1.5506 0
1527 1.5505 0
886 1.5493 0
331 1.5478 0
1911 1.5466 0
122 1.5452 0
236 1.5437 0
1496 1.5420 0
576 1.5407 0
1359 1.5360 0
1874 1.5287 0
308 1.5246 0
632 1.5180 0
715 1.5148 0
570 1.5103 0
1787 1.5097 0
580 1.5074 0
1903 1.5068 0
1370 1.5052 0
537 1.5027 0
1044 1.5006 0
596 1.4996 0
1243 1.4842 1
277 1.4772 0
860 1.4748 0
637 1.4747 0
1681 1.4704 0
719 1.4591 0
176 1.4529 0
233 1.4519 0
1920 1.4514 0
934 1.4505 0
805 1.4486 0
19 1.4424 0
706 1.4390 0
416 1.4386 0
1282 1.4349 0
102 1.4337 0
1638 1.4311 0
1158 1.4307 0
1386 1.4303 0
730 1.4273 0
542 1.4191 0
1109 1.4137 0
594 1.4084 0
297 1.4043 0
188 1.3997 0
1393 1.3943 0
1673 1.3930 0
1957 1.3881 0
280 1.3828 0
85 1.3757 0
902 1.3692 0
607 1.3653 0
774 1.3640 0
695 1.3590 0
1060 1.3543 0
922 1.3492 0
1772 1.3446 0
1583 1.3393 0
564 1.3350 0
1895 1.3299 0
1023 1.3236 0
1000 1.3218 0
1985 1.3217 0
725 1.3206 0
939 1.3204 0
225 1.3166 0
591 1.3146 0
332 1.3102 0
627 1.3099 0
75 1.3098 0
916 1.3083 0
275 1.3048 0
520 1.2992 0
78 1.2879 0
251 1.2846 0
117 1.2833 0
145 1.2833 0
91 1.2775 0
77 1.2730 0
551 1.2710 0
249 1.2701 0
1382 1.2692 0
786 1.2679 0
131 1.2672 0
1347 1.2672 0
50 1.2598 0
811 1.2527 0
1349 1.2485 0
67 1.2444 0
1057 1.2400 0
1127 1.2358 0
1790 1.2325 0
34 1.2320 0
281 1.2281 0
62 1.2267 0
798 1.2247 0
1172 1.2228 0
203 1.2216 0
1391 1.2099 0
935 1.2092 0
142 1.2077 0
1919 1.2046 0
734 1.2025 0
465 1.1955 0
1988 1.1948 0
1954 1.1892 0
1148 1.1871 0
1027 1.1842 0
108 1.1830 0
1065 1.1805 0
1798 1.1786 0
1521 1.1780 0
907 1.1759 0
670 1.1664 0
1371 1.1655 0
1121 1.1605 0
1792 1.1577 0
1732 1.1574 0
644 1.1538 0
178 1.1523 0
933 1.1488 0
599 1.1487 0
1355 1.1484 0
1193 1.1476 0
1162 1.1459 0
154 1.1416 0
433 1.1348 0
95 1.1330 0
245 1.1311 0
1686 1.1284 0
1083 1.1237 0
573 1.1235 0
1305 1.1193 0
44 1.1186 0
466 1.1172 0
1604 1.1168 0
311 1.1131 0
1774 1.1123 0
298 1.1103 0
1378 1.1101 0
961 1.1088 0
1878 1.1079 0
538 1.1052 0
1564 1.1025 0
669 1.0936 0
1611 1.0855 0
1294 1.0794 0
1667 1.0771 0
101 1.0764 0
956 1.0752 0
1655 1.0733 0
364 1.0711 0
788 1.0700 0
862 1.0698 0
367 1.0696 0
290 1.0615 0
1795 1.0595 0
791 1.0578 0
927 1.0513 0
592 1.0429 0
586 1.0397 0
7 1.0396 0
149 1.0393 0
571 1.0383 0
624 1.0381 0
513 1.0370 0
697 1.0250 0
360 1.0237 0
780 1.0070 0
1725 0.9946 0
1747 0.9946 0
184 0.9942 0
403 0.9940 0
413 0.9929 0
204 0.9807 0
1973 0.9804 0
219 0.9766 0
1327 0.9726 0
899 0.9694 0
387 0.9679 0
127 0.9626 0
985 0.9619 0
1794 0.9540 0
189 0.9511 0
1870 0.9494 0
1812 0.9475 0
1937 0.9441 0
568 0.9404 0
1154 0.9375 0
150 0.9312 0
237 0.9251 0
1856 0.9250 0
705 0.9197 0
1899 0.9161 0
1779 0.9158 0
1982 0.9156 0
35 0.9147 0
1969 0.9117 0
1852 0.9108 0
31 0.9016 0
1549 0.9001 0
745 0.8997 0
234 0.8996 0
1675 0.8975 0
1723 0.8966 0
74 0.8954 0
228 0.8953 0
926 0.8916 0
242 0.8908 0
553 0.8906 0
113 0.8879 0
1854 0.8872 0
459 0.8758 0
89 0.8750 0
1958 0.8738 0
803 0.8648 0
477 0.8626 0
1049 0.8578 0
442 0.8568 0
1412 0.8499 0
1689 0.8444 0
566 0.8443 0
1251 0.8374 0
1387 0.8285 0
895 0.8281 0
1690 0.8267 0
1839 0.8263 0
94 0.8239 0
333 0.8227 0
118 0.8195 0
1835 0.8079 0
640 0.8055 0
655 0.8044 0
1915 0.8030 0
1945 0.8014 0
964 0.7961 0
617 0.7910 0
1373 0.7838 0
321 0.7836 0
1360 0.7682 0
431 0.7642 0
125 0.7626 0
1664 0.7597 0
46 0.7523 0
1481 0.7499 0
1455 0.7473 0
845 0.7415 0
483 0.7395 0
1295 0.7362 0
1467 0.7309 0
1736 0.7303 0
1855 0.7277 0
563 0.7258 0
238 0.7237 0
1269 0.7220 0
763 0.7215 0
13 0.7215 0
1375 0.7207 0
6 0.7188 0
729 0.7145 0
1588 0.7139 0
159 0.7127 0
1152 0.7083 0
898 0.6987 0
905 0.6982 0
595 0.6962 0
1016 0.6960 0
693 0.6893 0
221 0.6875 0
651 0.6809 0
379 0.6807 0
1135 0.6740 0
1097 0.6723 0
270 0.6714 0
1326 0.6663 0
1095 0.6662 0
572 0.6616 0
1778 0.6596 0
910 0.6523 0
666 0.6518 0
163 0.6503 0
686 0.6493 0
1754 0.6468 0
590 0.6440 0
97 0.6426 0
342 0.6297 0
876 0.6285 0
129 0.6285 0
866 0.6255 0
1749 0.6248 0
1850 0.6230 0
172 0.6169 0
1750 0.6115 0
1876 0.6080 0
1972 0.6066 0
1695 0.6062 0
621 0.6020 0
1409 0.5882 0
429 0.5835 0
55 0.5785 0
931 0.5737 0
1902 0.5733 0
1898 0.5733 0
713 0.5731 0
514 0.5712 0
859 0.5671 0
155 0.5620 0
873 0.5618 0
444 0.5599 0
1362 0.5574 0
393 0.5564 0
945 0.5557 0
806 0.5514 0
351 0.5427 0
1602 0.5427 0
1278 0.5414 0
1548 0.5373 0
124 0.5237 0
1540 0.5202 0
1108 0.5188 0
1073 0.5131 0
990 0.5105 0
1955 0.5096 0
842 0.4986 0
562 0.4982 0
279 0.4972 0
824 0.4971 0
906 0.4959 0
147 0.4933 0
1298 0.4903 0
1925 0.4902 0
650 0.4872 0
274 0.4852 0
64 0.4805 0
1766 0.4804 0
1361 0.4788 0
283 0.4718 0
1967 0.4662 0
606 0.4627 0
812 0.4598 0
1685 0.4576 0
27 0.4569 0
532 0.4568 0
348 0.4559 0
365 0.4559 0
375 0.4535 0
371 0.4517 0
714 0.4493 0
1974 0.4442 0
1300 0.4428 0
362 0.4406 0
1785 0.4403 0
1281 0.4366 0
1715 0.4360 0
81 0.4338 0
1737 0.4330 0
1118 0.4281 0
428 0.4216 0
103 0.4158 0
1331 0.4098 0
1853 0.4057 0
205 0.4054 0
1147 0.4053 0
389 0.4032 0
45 0.4026 0
1119 0.4025 0
1841 0.4024 0
388 0.4003 0
702 0.4001 0
419 0.3990 0
792 0.3966 0
1658 0.3961 0
343 0.3930 0
694 0.3904 0
622 0.3901 0
1350 0.3884 0
1609 0.3866 0
293 0.3792 0
909 0.3776 0
545 0.3773 0
782 0.3714 0
1759 0.3697 0
336 0.3659 0
526 0.3643 0
1560 0.3641 0
144 0.3624 0
1990 0.3623 0
700 0.3587 0
1703 0.3578 0
423 0.3564 0
748 0.3527 0
818 0.3500 0
1164 0.3410 0
115 0.3396 0
1975 0.3352 0
1789 0.3321 0
265 0.3307 0
1666 0.3272 0
1868 0.3265 0
1477 0.3240 0
1788 0.3195 0
368 0.3168 0
1864 0.3165 0
620 0.3150 0
4 0.3149 0
1892 0.3137 0
838 0.3134 0
449 0.3109 0
1847 0.3024 0
614 0.2992 0
1994 0.2978 0
443 0.2945 0
1999 0.2937 0
1511 0.2920 0
289 0.2898 0
1887 0.2855 0
211 0.2773 0
1086 0.2730 0
1861 0.2678 0
1466 0.2657 0
1080 0.2598 0
1330 0.2588 0
96 0.2586 0
749 0.2559 0
631 0.2512 0
1976 0.2488 0
1968 0.2484 0
392 0.2466 0
328 0.2443 0
929 0.2432 0
575 0.2413 0
1384 0.2392 0
1802 0.2374 0
828 0.2370 0
936 0.2338 0
760 0.2335 0
1873 0.2328 0
829 0.2265 0
1682 0.2219 0
1916 0.2181 0
603 0.2104 0
380 0.2089 0
1831 0.2082 0
1297 0.2054 0
852 0.2048 0
323 0.2044 0
1712 0.2038 0
23 0.2012 0
1765 0.2006 0
452 0.1997 0
722 0.1978 0
1896 0.1936 0
441 0.1907 0
1533 0.1896 0
152 0.1878 0
266 0.1806 0
1472 0.1787 0
1293 0.1783 0
1037 0.1746 0
800 0.1743 0
1791 0.1732 0
1683 0.1653 0
257 0.1652 0
930 0.1643 0
1114 0.1614 0
1153 0.1590 0
1046 0.1540 0
1727 0.1520 0
646 0.1504 0
341 0.1438 0
1323 0.1434 0
1770 0.1427 0
435 0.1376 0
166 0.1358 0
868 0.1278 0
1800 0.1261 0
642 0.1256 0
1032 0.1250 0
128 0.1249 0
378 0.1248 0
1940 0.1230 0
1493 0.1191 0
192 0.1185 0
287 0.1170 0
1007 0.1169 0
1621 0.1157 0
667 0.1152 0
1739 0.1129 0
1838 0.1058 0
164 0.1048 0
1799 0.1035 0
1837 0.1019 0
924 0.1018 0
105 0.1012 0
218 0.0999 0
941 0.0994 0
1011 0.0978 0
681 0.0958 0
672 0.0918 0
539 0.0915 0
92 0.0910 0
59 0.0896 0
856 0.0877 0
883 0.0868 0
1884 0.0866 0
1722 0.0841 0
395 0.0808 0
25 0.0771 0
1470 0.0706 0
9 0.0677 0
267 0.0675 0
687 0.0674 0
404 0.0659 0
676 0.0566 0
1009 0.0562 0
1304 0.0560 0
116 0.0408 0
1858 0.0408 0
256 0.0378 0
1048 0.0332 0
1116 0.0326 0
741 0.0303 0
904 0.0260 0
160 0.0249 0
826 0.0232 0
18 0.0151 0
451 0.0111 0
1716 0.0098 0
559 0.0076 0
1731 0.0051 0
252 0.0045 0
747 0.0036 0
165 0.0035 0
987 0.0032 0
485 0.0030 0
1125 -0.0036 0
324 -0.0059 0
1633 -0.0068 0
1804 -0.0070 0
685 -0.0080 0
278 -0.0089 0
660 -0.0094 0
1004 -0.0099 0
100 -0.0105 0
1155 -0.0127 0
1734 -0.0133 0
1768 -0.0197 0
949 -0.0199 0
402 -0.0226 0
1943 -0.0233 0
523 -0.0252 0
1910 -0.0268 0
618 -0.0281 0
330 -0.0304 0
1938 -0.0432 0
723 -0.0500 0
1881 -0.0569 0
86 -0.0584 0
1459 -0.0622 0
1396 -0.0627 0
212 -0.0653 0
581 -0.0657 0
1901 -0.0682 0
1181 -0.0737 0
1028 -0.0752 0
1167 -0.0760 0
1801 -0.0788 0
1013 -0.0789 0
1944 -0.0812 0
1259 -0.0847 0
1574 -0.0888 0
22 -0.0893 0
1752 -0.0902 0
495 -0.0915 0
1907 -0.0917 0
410 -0.0924 0
1773 -0.0951 0
319 -0.0976 0
1983 -0.0991 0
1081 -0.0994 0
182 -0.1042 0
506 -0.1069 0
1900 -0.1094 0
1174 -0.1100 0
93 -0.1160 0
1399 -0.1217 0
1460 -0.1221 0
1912 -0.1309 0
432 -0.1312 0
1352 -0.1314 0
515 -0.1318 0
1987 -0.1336 0
1526 -0.1341 0
657 -0.1352 0
370 -0.1389 0
1383 -0.1418 0
677 -0.1432 0
98 -0.1470 0
66 -0.1480 0
1484 -0.1490 0
1906 -0.1536 0
557 -0.1540 0
880 -0.1588 0
1068 -0.1612 0
469 -0.1631 0
1006 -0.1673 0
1913 -0.1712 0
132 -0.1780 0
1649 -0.1786 0
510 -0.1802 0
407 -0.1815 0
61 -0.1816 0
1366 -0.1831 0
139 -0.1896 0
807 -0.1918 0
1846 -0.1952 0
179 -0.1981 0
1597 -0.2023 0
1165 -0.2078 0
1542 -0.2104 0
613 -0.2104 0
1085 -0.2132 0
1691 -0.2150 0
417 -0.2175 0
1971 -0.2177 0
87 -0.2191 0
696 -0.2213 0
1869 -0.2252 0
307 -0.2266 0
1918 -0.2288 0
411 -0.2304 0
819 -0.2319 0
224 -0.2324 0
405 -0.2324 0
1561 -0.2325 0
1066 -0.2325 0
264 -0.2337 0
1078 -0.2363 0
394 -0.2401 0
1998 -0.2404 0
1619 -0.2420 0
1714 -0.2436 0
355 -0.2454 0
633 -0.2508 0
57 -0.2531 0
679 -0.2556 0
1079 -0.2565 0
1946 -0.2616 0
313 -0.2634 0
60 -0.2710 0
33 -0.2716 0
1834 -0.2727 0
83 -0.2731 0
15 -0.2736 0
1775 -0.2800 0
471 -0.2861 0
896 -0.2887 0
1499 -0.2906 0
869 -0.2936 0
611 -0.2941 0
1951 -0.3005 0
1069 -0.3016 0
1842 -0.3048 0
121 -0.3096 0
1698 -0.3102 0
1741 -0.3131 0
1039 -0.3188 0
1818 -0.3220 0
1780 -0.3252 0
689 -0.3303 0
1756 -0.3327 0
1107 -0.3328 0
1647 -0.3359 0
1184 -0.3398 0
1970 -0.3406 0
1191 -0.3430 0
1 -0.3450 0
947 -0.3465 0
314 -0.3466 0
357 -0.3466 0
885 -0.3486 0
690 -0.3494 0
158 -0.3530 0
1334 -0.3557 0
643 -0.3638 0
507 -0.3653 0
1341 -0.3655 0
1139 -0.3657 0
1718 -0.3660 0
492 -0.3700 0
1584 -0.3763 0
1483 -0.3787 0
1657 -0.3788 0
366 -0.3814 0
440 -0.3842 0
894 -0.3896 0
1654 -0.3959 0
1986 -0.4071 0
1648 -0.4081 0
817 -0.4085 0
1643 -0.4103 0
1764 -0.4106 0
1026 -0.4140 0
891 -0.4156 0
867 -0.4209 0
310 -0.4210 0
1825 -0.4232 0
1014 -0.4266 0
1979 -0.4313 0
5 -0.4323 0
1724 -0.4339 0
758 -0.4386 0
195 -0.4389 0
175 -0.4395 0
1151 -0.4418 0
315 -0.4445 0
1941 -0.4530 0
1625 -0.4533 0
1053 -0.4571 0
823 -0.4584 0
1823 -0.4627 0
1253 -0.4667 0
1637 -0.4680 0
1605 -0.4705 0
258 -0.4755 0
382 -0.4768 0
422 -0.4778 0
1289 -0.4802 0
247 -0.4841 0
473 -0.4859 0
420 -0.4894 0
223 -0.4903 0
454 -0.4922 0
232 -0.4939 0
1301 -0.4941 0
1993 -0.4943 0
863 -0.4985 0
1136 -0.4991 0
683 -0.5007 0
457 -0.5024 0
415 -0.5032 0
1394 -0.5124 0
654 -0.5144 0
777 -0.5152 0
1580 -0.5160 0
1252 -0.5181 0
790 -0.5186 0
1189 -0.5201 0
1508 -0.5212 0
1797 -0.5269 0
414 -0.5276 0
430 -0.5312 0
1089 -0.5318 0
1708 -0.5360 0
71 -0.5375 0
20 -0.5393 0
26 -0.5403 0
1388 -0.5408 0
239 -0.5445 0
1367 -0.5486 0
1505 -0.5535 0
376 -0.5575 0
1830 -0.5575 0
1697 -0.5590 0
1883 -0.5598 0
1276 -0.5599 0
271 -0.5607 0
1487 -0.5657 0
1160 -0.5668 0
359 -0.5703 0
352 -0.5711 0
272 -0.5729 0
406 -0.5764 0
1866 -0.5797 0
901 -0.5803 0
951 -0.5805 0
1353 -0.5884 0
1474 -0.5887 0
900 -0.5892 0
1291 -0.5893 0
530 -0.5948 0
1285 -0.5953 0
401 -0.6017 0
1992 -0.6056 0
850 -0.6116 0
861 -0.6158 0
649 -0.6206 0
58 -0.6209 0
1513 -0.6213 0
185 -0.6256 0
1138 -0.6272 0
1644 -0.6281 0
65 -0.6301 0
354 -0.6341 0
662 -0.6370 0
1497 -0.6392 0
1340 -0.6475 0
358 -0.6502 0
1178 -0.6510 0
925 -0.6527 0
1451 -0.6543 0
1137 -0.6590 0
1464 -0.6604 0
231 -0.6642 0
1809 -0.6661 0
1321 -0.6661 0
463 -0.6663 0
1543 -0.6671 0
1035 -0.6678 0
38 -0.6704 0
920 -0.6733 0
972 -0.6746 0
1687 -0.6750 0
1693 -0.6774 0
1544 -0.6775 0
1123 -0.6796 0
1782 -0.6825 0
1452 -0.6871 0
1942 -0.6880 0
937 -0.6886 0
63 -0.6888 0
882 -0.6919 0
255 -0.6932 0
1036 -0.6935 0
958 -0.6943 0
1755 -0.6958 0
1117 -0.6969 0
1822 -0.6994 0
623 -0.7028 0
474 -0.7036 0
1490 -0.7063 0
1019 -0.7063 0
911 -0.7093 0
948 -0.7108 0
106 -0.7162 0
1256 -0.7197 0
950 -0.7210 0
1704 -0.7273 0
1529 -0.7307 0
1848 -0.7309 0
143 -0.7320 0
210 -0.7369 0
1329 -0.7381 0
215 -0.7398 0
1005 -0.7402 0
1325 -0.7425 0
391 -0.7434 0
854 -0.7460 0
1575 -0.7473 0
80 -0.7491 0
399 -0.7491 0
30 -0.7510 0
52 -0.7572 0
1047 -0.7599 0
1720 -0.7613 0
437 -0.7662 0
815 -0.7755 0
1700 -0.7785 0
1103 -0.7811 0
1182 -0.7812 0
187 -0.7876 0
1074 -0.7886 0
1935 -0.7889 0
53 -0.7951 0
1953 -0.7973 0
1914 -0.7980 0
1478 -0.8002 0
14 -0.8047 0
384 -0.8068 0
337 -0.8074 0
446 -0.8139 0
181 -0.8157 0
864 -0.8180 0
170 -0.8188 0
1169 -0.8211 0
1840 -0.8226 0
1310 -0.8230 0
858 -0.8257 0
1509 -0.8310 0
1473 -0.8339 0
29 -0.8378 0
1128 -0.8481 0
183 -0.8501 0
659 -0.8508 0
1639 -0.8520 0
1173 -0.8521 0
1498 -0.8523 0
908 -0.8548 0
1056 -0.8563 0
843 -0.8581 0
1003 -0.8604 0
1553 -0.8605 0
111 -0.8617 0
88 -0.8629 0
1132 -0.8645 0
853 -0.8650 0
72 -0.8652 0
17 -0.8681 0
1171 -0.8682 0
1735 -0.8684 0
841 -0.8717 0
1099 -0.8723 0
1020 -0.8726 0
1771 -0.8742 0
944 -0.8782 0
1392 -0.8789 0
531 -0.8820 0
1632 -0.8824 0
1462 -0.8860 0
522 -0.8894 0
1956 -0.8939 0
1924 -0.8952 0
1343 -0.9016 0
1504 -0.9038 0
1931 -0.9043 0
641 -0.9043 0
521 -0.9046 0
732 -0.9108 0
208 -0.9113 0
1150 -0.9118 0
1177 -0.9154 0
739 -0.9180 0
135 -0.9187 0
1516 -0.9228 0
1781 -0.9239 0
1617 -0.9270 0
635 -0.9301 0
1124 -0.9322 0
1335 -0.9325 0
821 -0.9359 0
1744 -0.9379 0
1592 -0.9435 0
1980 -0.9458 0
202 -0.9578 0
583 -0.9585 0
870 -0.9614 0
1492 -0.9625 0
1190 -0.9630 0
56 -0.9648 0
1290 -0.9653 0
1926 -0.9686 0
918 -0.9734 0
1092 -0.9753 0
776 -0.9769 0
1612 -0.9807 0
1168 -0.9815 0
285 -0.9831 0
668 -0.9844 0
248 -0.9848 0
688 -0.9863 0
509 -0.9874 0
10 -0.9875 0
1260 -0.9947 0
1071 -0.9969 0
1817 -1.0040 0
1091 -1.0103 0
567 -1.0161 0
246 -1.0180 0
1541 -1.0190 0
1875 -1.0217 0
1482 -1.0221 0
754 -1.0251 0
778 -1.0282 0
490 -1.0288 0
1175 -1.0324 0
1984 -1.0363 0
209 -1.0369 0
260 -1.0370 0
1374 -1.0376 0
1589 -1.0408 0
1059 -1.0409 0
1684 -1.0469 0
107 -1.0481 0
1479 -1.0491 0
755 -1.0493 0
198 -1.0540 0
1538 -1.0586 0
1320 -1.0590 0
1356 -1.0594 0
1146 -1.0606 0
872 -1.0612 0
112 -1.0636 0
282 -1.0657 0
604 -1.0677 0
296 -1.0714 0
1959 -1.0779 0
1595 -1.0902 0
141 -1.0944 0
1502 -1.0961 0
1672 -1.0974 0
555 -1.1010 0
726 -1.1046 0
740 -1.1052 0
356 -1.1097 0
1357 -1.1098 0
616 -1.1164 0
1829 -1.1186 0
783 -1.1188 0
104 -1.1215 0
1503 -1.1243 0
1319 -1.1245 0
1706 -1.1292 0
1886 -1.1308 0
424 -1.1364 0
1198 -1.1387 0
51 -1.1419 0
1296 -1.1427 0
682 -1.1465 0
1816 -1.1513 0
1962 -1.1581 0
1814 -1.1605 0
1506 -1.1620 0
837 -1.1622 0
1475 -1.1653 0
585 -1.1667 0
830 -1.1713 0
1710 -1.1730 0
261 -1.1782 0
1569 -1.1798 0
1730 -1.1802 0
781 -1.1879 0
923 -1.1899 0
1257 -1.1954 0
1743 -1.1956 0
1180 -1.1967 0
1760 -1.1978 0
1299 -1.1984 0
436 -1.2044 0
1897 -1.2059 0
478 -1.2074 0
130 -1.2171 0
1309 -1.2210 0
1100 -1.2220 0
770 -1.2228 0
1713 -1.2250 0
1159 -1.2262 0
24 -1.2295 0
1515 -1.2324 0
84 -1.2339 0
1317 -1.2342 0
917 -1.2380 0
994 -1.2391 0
1264 -1.2414 0
82 -1.2415 0
295 -1.2416 0
1733 -1.2449 0
269 -1.2461 0
138 -1.2490 0
1284 -1.2566 0
1651 -1.2570 0
1485 -1.2604 0
1776 -1.2611 0
498 -1.2668 0
1961 -1.2853 0
1170 -1.2875 0
306 -1.2884 0
1652 -1.2929 0
1554 -1.2930 0
1141 -1.2944 0
547 -1.2968 0
874 -1.2985 0
848 -1.2992 0
1635 -1.3059 0
1947 -1.3060 0
1882 -1.3069 0
802 -1.3069 0
1594 -1.3079 0
940 -1.3103 0
40 -1.3119 0
134 -1.3134 0
1126 -1.3155 0
1076 -1.3233 0
136 -1.3294 0
1337 -1.3316 0
1796 -1.3331 0
1579 -1.3341 0
1786 -1.3342 0
1707 -1.3445 0
467 -1.3483 0
1650 -1.3494 0
1636 -1.3501 0
1757 -1.3550 0
276 -1.3558 0
1981 -1.3592 0
600 -1.3633 0
263 -1.3659 0
294 -1.3665 0
1576 -1.3676 0
1456 -1.3677 0
1598 -1.3739 0
1783 -1.3783 0
1978 -1.3795 0
250 -1.3831 0
1565 -1.3865 0
1398 -1.3889 0
1964 -1.3923 0
716 -1.3923 0
1557 -1.3935 0
68 -1.3991 0
434 -1.4001 0
1106 -1.4056 0
512 -1.4141 0
979 -1.4148 0
499 -1.4175 0
1859 -1.4200 0
721 -1.4291 0
1824 -1.4390 0
675 -1.4434 0
28 -1.4492 0
1702 -1.4494 0
1699 -1.4608 0
1450 -1.4643 0
1558 -1.4644 0
1061 -1.4695 0
938 -1.4709 0
1879 -1.4795 0
1711 -1.4897 0
153 -1.5048 0
1041 -1.5073 0
993 -1.5084 0
533 -1.5097 0
1872 -1.5106 0
840 -1.5132 0
525 -1.5155 0
1726 -1.5225 0
771 -1.5248 0
1769 -1.5300 0
822 -1.5314 0
193 -1.5337 0
887 -1.5347 0
349 -1.5358 0
1084 -1.5364 0
398 -1.5469 0
1624 -1.5534 0
447 -1.5574 0
114 -1.5589 0
1889 -1.5617 0
543 -1.5665 0
1909 -1.5699 0
1306 -1.5705 0
1098 -1.5767 0
1929 -1.5798 0
1607 -1.5819 0
878 -1.5829 0
146 -1.5834 0
989 -1.5887 0
1917 -1.5943 0
461 -1.5950 0
1556 -1.5973 0
968 -1.5987 0
288 -1.6034 0
779 -1.6063 0
1762 -1.6071 0
996 -1.6073 0
797 -1.6194 0
534 -1.6273 0
1922 -1.6317 0
976 -1.6366 0
656 -1.6368 0
615 -1.6381 0
736 -1.6461 0
1012 -1.6481 0
742 -1.6507 0
1653 -1.6511 0
1939 -1.6512 0
881 -1.6522 0
1547 -1.6613 0
1090 -1.6617 0
1821 -1.6630 0
70 -1.6667 0
1339 -1.6672 0
1927 -1.6696 0
1112 -1.6725 0
1593 -1.6767 0
1002 -1.6794 0
1156 -1.6839 0
1453 -1.6955 0
658 -1.6974 0
1176 -1.7024 0
1845 -1.7052 0
1528 -1.7132 0
1469 -1.7147 0
665 -1.7173 0
1348 -1.7200 0
1275 -1.7219 0
493 -1.7305 0
1517 -1.7316 0
1581 -1.7354 0
1199 -1.7368 0
1302 -1.7395 0
1688 -1.7407 0
1591 -1.7444 0
171 -1.7480 0
1761 -1.7508 0
550 -1.7545 0
612 -1.7552 0
427 -1.7625 0
1629 -1.7640 0
1025 -1.7643 0
502 -1.7654 0
412 -1.7796 0
1923 -1.7851 0
37 -1.7925 0
1701 -1.7928 0
912 -1.7932 0
1279 -1.7946 0
1753 -1.7971 0
1694 -1.8014 0
1552 -1.8073 0
1891 -1.8078 0
1738 -1.8132 0
43 -1.8182 0
1537 -1.8209 0
1287 -1.8215 0
664 -1.8229 0
766 -1.8338 0
1088 -1.8355 0
1286 -1.8421 0
1721 -1.8421 0
1254 -1.8474 0
90 -1.8495 0
671 -1.8517 0
1826 -1.8563 0
875 -1.8566 0
1767 -1.8570 0
610 -1.8647 0
1836 -1.8689 0
1458 -1.8764 0
1885 -1.8773 0
1149 -1.8802 0
42 -1.8862 0
1486 -1.8992 0
1590 -1.9051 0
1949 -1.9052 0
1613 -1.9112 0
1365 -1.9119 0
1810 -1.9233 0
1161 -1.9269 0
3 -1.9311 0
1263 -1.9319 0
1546 -1.9401 0
750 -1.9520 0
1729 -1.9529 0
980 -1.9532 0
636 -1.9546 0
1292 -1.9557 0
1262 -1.9566 0
1608 -1.9573 0
1261 -1.9693 0
799 -1.9694 0
1364 -1.9816 0
1977 -1.9858 0
1500 -1.9866 0
372 -1.9912 0
1354 -1.9953 0
835 -1.9957 0
1640 -1.9971 0
1312 -1.9991 0
1322 -2.0029 0
1670 -2.0029 0
214 -2.0031 0
915 -2.0150 0
425 -2.0223 0
1463 -2.0362 0
1705 -2.0407 0
1719 -2.0444 0
1568 -2.0448 0
386 -2.0456 0
1064 -2.0464 0
890 -2.0478 0
409 -2.0506 0
619 -2.0537 0
439 -2.0593 0
21 -2.0632 0
1806 -2.0696 0
773 -2.0755 0
1600 -2.0782 0
373 -2.0844 0
1018 -2.0851 0
1566 -2.0916 0
1157 -2.0935 0
1376 -2.1021 0
1587 -2.1047 0
768 -2.1057 0
1843 -2.1132 0
1550 -2.1135 0
1288 -2.1139 0
1495 -2.1149 0
762 -2.1180 0
984 -2.1218 0
1827 -2.1313 0
1614 -2.1315 0
1313 -2.1334 0
652 -2.1356 0
1578 -2.1422 0
191 -2.1578 0
759 -2.1636 0
1709 -2.1717 0
99 -2.1734 0
820 -2.1760 0
1965 -2.1823 0
1646 -2.1834 0
541 -2.1848 0
988 -2.1934 0
609 -2.1950 0
120 -2.2014 0
804 -2.2032 0
1626 -2.2053 0
752 -2.2079 0
1618 -2.2095 0
1072 -2.2099 0
76 -2.2106 0
1051 -2.2161 0
347 -2.2214 0
761 -2.2226 0
1314 -2.2281 0
1015 -2.2290 0
1266 -2.2293 0
1052 -2.2364 0
1555 -2.2380 0
1828 -2.2496 0
1372 -2.2653 0
1075 -2.2656 0
1520 -2.2692 0
1777 -2.2693 0
374 -2.2711 0
1860 -2.2721 0
1332 -2.2750 0
1862 -2.2814 0
448 -2.2814 0
1197 -2.2851 0
639 -2.3024 0
503 -2.3057 0
1530 -2.3058 0
1634 -2.3065 0
1303 -2.3115 0
913 -2.3212 0
1166 -2.3252 0
1250 -2.3287 0
995 -2.3382 0
796 -2.3506 0
1501 -2.3600 0
999 -2.3689 0
1748 -2.3805 0
1196 -2.3840 0
1454 -2.4064 0
757 -2.4095 0
1179 -2.4151 0
1133 -2.4277 0
1628 -2.4301 0
1093 -2.4500 0
969 -2.4565 0
1572 -2.4694 0
217 -2.4703 0
1596 -2.4766 0
1328 -2.4820 0
971 -2.4829 0
1307 -2.4969 0
1265 -2.5031 0
808 -2.5035 0
767 -2.5208 0
1094 -2.5230 0
1813 -2.5278 0
1524 -2.5367 0
1803 -2.5374 0
769 -2.5486 0
680 -2.5496 0
1815 -2.5497 0
602 -2.5587 0
1784 -2.5694 0
1582 -2.5705 0
699 -2.5788 0
1586 -2.5847 0
1024 -2.6034 0
340 -2.6044 0
787 -2.6064 0
1523 -2.6084 0
833 -2.6138 0
765 -2.6245 0
832 -2.6427 0
751 -2.6534 0
991 -2.6622 0
1385 -2.6664 0
1318 -2.6672 0
953 -2.6881 0
327 -2.6928 0
1489 -2.7025 0
998 -2.7065 0
1536 -2.7138 0
1534 -2.7139 0
1008 -2.7223 0
626 -2.7357 0
1522 -2.7463 0
966 -2.7620 0
967 -2.7659 0
1272 -2.7718 0
1849 -2.7957 0
1805 -2.8019 0
1042 -2.8250 0
1645 -2.8262 0
1563 -2.8352 0
684 -2.8379 0
213 -2.8529 0
1811 -2.8583 0
1273 -2.8678 0
299 -2.8738 0
795 -2.8754 0
1758 -2.8870 0
1324 -2.8925 0
1163 -2.8958 0
1610 -2.9203 0
1833 -2.9237 0
1641 -2.9278 0
1820 -2.9328 0
997 -2.9426 0
919 -2.9479 0
1808 -2.9489 0
1510 -2.9506 0
1277 -2.9558 0
1030 -2.9654 0
445 -2.9688 0
1187 -2.9881 0
1623 -3.0247 0
1518 -3.0257 0
1567 -3.0278 0
1143 -3.0330 0
831 -3.0430 0
1630 -3.0442 0
1063 -3.0456 0
1283 -3.0457 0
973 -3.0475 0
1525 -3.0481 0
1268 -3.0555 0
1255 -3.0573 0
1551 -3.0641 0
983 -3.0677 0
673 -3.0704 0
1559 -3.0883 0
638 -3.0930 0
1512 -3.1009 0
1669 -3.1172 0
992 -3.1222 0
1740 -3.1227 0
965 -3.1231 0
1532 -3.1476 0
1601 -3.1518 0
0 -3.1840 0
970 -3.1854 0
1457 -3.1912 0
1717 -3.1969 0
1514 -3.2138 0
1793 -3.2240 0
1844 -3.2358 0
1819 -3.2463 0
1928 -3.2634 0
1570 -3.2675 0
1185 -3.2824 0
977 -3.2958 0
1577 -3.3150 0
1599 -3.3282 0
1531 -3.3648 0
400 -3.3706 0
1270 -3.4542 0
1045 -3.4544 0
1535 -3.4606 0
785 -3.4733 0
981 -3.4856 0
960 -3.4906 0
1519 -3.5139 0
1620 -3.5323 0
79 -3.5442 0
1963 -3.5593 0
1258 -3.5799 0
1562 -3.6110 0
1468 -3.6123 0
772 -3.6386 0
2 -3.6522 0
711 -3.6697 0
1832 -3.6767 0
1921 -3.6775 0
309 -3.7482 0
1476 -3.7584 0
1742 -3.7835 0
982 -3.8077 0
794 -3.8125 0
1271 -3.8429 0
942 -3.8903 0
1338 -3.9204 0
1606 -3.9345 0
630 -3.9954 0
1622 -4.0185 0
1333 -4.0717 0
959 -4.1214 0
1603 -4.1413 0
764 -4.1461 0
629 -4.1646 0
1696 -4.1647 0
1316 -4.1966 0
12 -4.2569 0
784 -4.2866 0
674 -4.3489 0
974 -4.4469 0
1627 -4.4491 0
1615 -4.5339 0
39 -4.5575 0
1471 -4.6163 0
1346 -4.6672 0
691 -4.7804 0
978 -5.1551 0
1573 -5.1898 0
1267 -5.6959 0
1195 -5.8269 0
