1333 26.1751 1
1346 20.6745 1
1318 20.0016 1
1324 18.8260 1
1302 18.7519 1
1332 15.8171 1
1316 14.0382 1
1337 13.8833 1
1300 13.1109 1
1338 12.9328 1
1320 12.6885 1
1103 12.4902 0
1321 12.1874 1
1341 12.1387 1
1015 11.2663 0
1323 11.1827 1
1315 11.1004 1
1306 11.0253 1
1133 10.7099 0
1334 10.6726 1
894 10.6364 0
1112 10.1471 0
1304 10.1203 1
1348 9.9914 1
1311 9.7925 1
1330 9.6569 1
1309 9.4503 1
1115 9.4497 0
1276 9.4478 0
1328 9.3194 1
1319 9.2112 1
313 9.1498 0
1385 9.0414 0
1342 8.9865 1
1272 8.9320 0
1307 8.8973 1
610 8.7962 0
595 8.2429 0
495 8.1157 0
341 8.0869 0
1146 8.0782 0
856 8.0512 0
1317 7.9544 1
478 7.8193 0
820 7.7139 0
1349 7.6827 1
629 7.6653 0
335 7.6085 0
636 7.5797 0
48 7.5277 0
307 7.4993 0
1388 7.4851 0
765 7.4635 0
493 7.3707 0
853 7.2626 0
73 7.2004 0
557 7.1972 0
533 7.1760 0
1347 7.1447 1
1697 7.1039 0
859 6.9573 0
1271 6.8733 0
1387 6.7594 0
1329 6.7578 1
1262 6.6972 0
1335 6.6938 1
1724 6.6925 0
1151 6.6536 0
1392 6.5929 0
885 6.5621 0
303 6.5202 0
1139 6.4000 0
1303 6.3480 1
1125 6.3382 0
373 6.2869 0
1373 6.2375 0
452 6.2158 0
1298 6.1249 0
1286 6.0900 0
75 6.0812 0
284 6.0333 0
767 6.0225 0
924 5.9991 0
1263 5.9560 0
806 5.9341 0
858 5.9173 0
1028 5.9094 0
895 5.8991 0
1365 5.8695 0
1282 5.8614 0
757 5.8587 0
1326 5.8452 1
1909 5.8316 0
1109 5.8292 0
1104 5.8157 0
1209 5.7715 0
891 5.7306 0
560 5.7225 0
910 5.6827 0
1313 5.6596 1
1736 5.6457 0
1396 5.6009 0
870 5.5949 0
1275 5.5914 0
737 5.5811 0
1154 5.5525 0
1310 5.5390 1
328 5.5348 0
347 5.5227 0
325 5.4611 0
1336 5.4609 1
1881 5.2968 0
430 5.2963 0
1299 5.2917 0
615 5.2826 0
868 5.2705 0
873 5.2457 0
835 5.2147 0
762 5.2074 0
791 5.1976 0
1126 5.1874 0
450 5.1363 0
1854 5.1043 0
854 5.0856 0
539 5.0678 0
1429 5.0560 0
1108 5.0489 0
915 5.0144 0
650 5.0083 0
821 5.0044 0
345 4.9998 0
1232 4.9716 0
336 4.9698 0
1250 4.9320 0
1285 4.9274 0
319 4.9052 0
1136 4.9052 0
308 4.8704 0
1190 4.8652 0
1290 4.8188 0
1251 4.7773 0
788 4.7718 0
1153 4.7353 0
766 4.7143 0
1488 4.7037 0
422 4.7009 0
510 4.6910 0
866 4.6827 0
344 4.6637 0
1118 4.6457 0
1187 4.6393 0
1312 4.6183 1
883 4.5948 0
1696 4.5855 0
798 4.5847 0
569 4.5788 0
1752 4.5473 0
892 4.5078 0
1291 4.4769 0
752 4.4568 0
813 4.4502 0
320 4.4203 0
630 4.4189 0
1180 4.3942 0
898 4.3543 0
675 4.3447 0
537 4.3364 0
825 4.3335 0
1111 4.3309 0
1122 4.2784 0
777 4.2628 0
956 4.2351 0
1356 4.2226 0
790 4.2017 0
1185 4.1897 0
1147 4.1754 0
1269 4.1706 0
880 4.1688 0
454 4.1631 0
755 4.1631 0
314 4.1344 0
552 4.0378 0
1374 4.0147 0
461 4.0121 0
864 4.0040 0
1100 3.9986 0
1140 3.9715 0
1195 3.9690 0
1892 3.9624 0
1376 3.9622 0
632 3.9517 0
1144 3.9456 0
1579 3.9359 0
497 3.9169 0
857 3.9081 0
1540 3.8953 0
1031 3.8950 0
882 3.8903 0
899 3.8840 0
1279 3.8599 0
524 3.8482 0
877 3.8281 0
1364 3.8166 0
776 3.8123 0
550 3.8040 0
342 3.7716 0
566 3.7705 0
1117 3.7648 0
750 3.7493 0
1331 3.7233 1
1314 3.7009 1
994 3.6968 0
486 3.6929 0
887 3.6823 0
1107 3.6751 0
829 3.6548 0
1301 3.6434 1
711 3.6434 0
944 3.6432 0
1612 3.6323 0
541 3.6299 0
451 3.6247 0
496 3.6156 0
1553 3.6079 0
759 3.6072 0
1845 3.6013 0
736 3.5977 0
611 3.5939 0
94 3.5821 0
1274 3.5411 0
330 3.5406 0
300 3.5178 0
1362 3.5110 0
1137 3.4909 0
855 3.4663 0
785 3.4558 0
671 3.4544 0
1243 3.4415 0
938 3.4299 0
1543 3.4258 0
775 3.4245 0
1339 3.4161 1
1367 3.4158 0
1255 3.4074 0
462 3.3893 0
499 3.3707 0
863 3.3677 0
823 3.3656 0
641 3.3655 0
897 3.3639 0
1162 3.3614 0
1158 3.3489 0
875 3.3430 0
1203 3.3234 0
1106 3.3049 0
673 3.3004 0
360 3.2981 0
1620 3.2843 0
1868 3.2821 0
14 3.2756 0
70 3.2703 0
738 3.2464 0
1366 3.2456 0
306 3.2355 0
553 3.2315 0
1012 3.2184 0
1284 3.2119 0
622 3.2088 0
570 3.2060 0
1532 3.2009 0
876 3.1966 0
989 3.1915 0
327 3.1904 0
1685 3.1858 0
1101 3.1783 0
1093 3.1569 0
572 3.1259 0
153 3.1253 0
815 3.1232 0
45 3.0897 0
1501 3.0598 0
97 3.0565 0
900 3.0440 0
1393 3.0300 0
652 3.0150 0
834 3.0107 0
871 3.0099 0
33 3.0021 0
706 3.0016 0
1149 2.9947 0
1268 2.9942 0
1557 2.9845 0
773 2.9449 0
869 2.9430 0
874 2.9389 0
1135 2.9316 0
1089 2.9244 0
862 2.9122 0
795 2.8947 0
1194 2.8833 0
1386 2.8644 0
1434 2.8611 0
1157 2.8594 0
428 2.8535 0
514 2.8457 0
669 2.8279 0
332 2.8139 0
475 2.8094 0
1121 2.8039 0
827 2.7986 0
1384 2.7815 0
771 2.7777 0
861 2.7584 0
786 2.7579 0
50 2.7473 0
1650 2.7439 0
831 2.7370 0
1198 2.7314 0
954 2.7195 0
803 2.7077 0
1518 2.7060 0
543 2.6993 0
1047 2.6936 0
1375 2.6814 0
1265 2.6732 0
1253 2.6652 0
1249 2.6588 0
902 2.6450 0
480 2.6424 0
221 2.6192 0
1689 2.6037 0
1009 2.6012 0
903 2.5987 0
763 2.5972 0
723 2.5847 0
331 2.5680 0
1615 2.5661 0
689 2.5613 0
1665 2.5547 0
1716 2.5546 0
1003 2.5538 0
1378 2.5524 0
1120 2.5287 0
740 2.5249 0
1618 2.5123 0
1394 2.5102 0
1102 2.5076 0
378 2.5013 0
1131 2.4999 0
502 2.4798 0
473 2.4749 0
1776 2.4692 0
1733 2.4586 0
730 2.4579 0
438 2.4463 0
1175 2.4381 0
1260 2.4235 0
1281 2.4201 0
637 2.4174 0
1865 2.4131 0
164 2.4104 0
1022 2.3998 0
333 2.3996 0
1138 2.3994 0
1771 2.3937 0
1128 2.3914 0
1045 2.3828 0
321 2.3773 0
1575 2.3720 0
1363 2.3663 0
376 2.3597 0
708 2.3470 0
309 2.3401 0
55 2.3389 0
421 2.3345 0
1114 2.3246 0
1345 2.3155 1
1740 2.3032 0
779 2.2915 0
1511 2.2731 0
349 2.2701 0
484 2.2640 0
817 2.2635 0
472 2.2606 0
1201 2.2606 0
845 2.2557 0
912 2.2456 0
374 2.2447 0
1017 2.2376 0
1412 2.2346 0
1558 2.2341 0
334 2.2134 0
523 2.2130 0
433 2.2053 0
840 2.2017 0
1343 2.2016 1
67 2.1978 0
1923 2.1968 0
551 2.1962 0
458 2.1886 0
1551 2.1724 0
1727 2.1684 0
1105 2.1652 0
865 2.1650 0
852 2.1646 0
1007 2.1610 0
1573 2.1565 0
719 2.1564 0
1717 2.1424 0
1361 2.1319 0
339 2.1310 0
1666 2.1229 0
1033 2.1226 0
1652 2.1207 0
796 2.1179 0
1475 2.1144 0
1494 2.1141 0
660 2.1064 0
705 2.1061 0
1294 2.1060 0
933 2.1004 0
1870 2.0941 0
1684 2.0898 0
822 2.0877 0
792 2.0832 0
1737 2.0791 0
1919 2.0775 0
316 2.0706 0
544 2.0649 0
1305 2.0640 1
1176 2.0626 0
1327 2.0611 1
1199 2.0512 0
1604 2.0417 0
1178 2.0370 0
745 2.0367 0
794 2.0351 0
889 2.0265 0
357 2.0165 0
942 2.0069 0
760 1.9951 0
370 1.9880 0
780 1.9819 0
1410 1.9710 0
1858 1.9664 0
1645 1.9591 0
1206 1.9587 0
888 1.9570 0
425 1.9566 0
1484 1.9557 0
1477 1.9533 0
996 1.9514 0
43 1.9410 0
1695 1.9398 0
1882 1.9379 0
1427 1.9331 0
1638 1.9137 0
483 1.9133 0
576 1.9079 0
311 1.9038 0
1654 1.9029 0
546 1.9006 0
1130 1.9006 0
69 1.9000 0
498 1.8790 0
909 1.8726 0
1042 1.8711 0
1027 1.8678 0
828 1.8665 0
1413 1.8647 0
919 1.8596 0
797 1.8493 0
1371 1.8415 0
932 1.8379 0
1110 1.8352 0
844 1.8273 0
1377 1.8272 0
1011 1.8247 0
896 1.8179 0
588 1.8132 0
761 1.8115 0
749 1.8101 0
340 1.8078 0
1024 1.8063 0
476 1.8058 0
490 1.7900 0
487 1.7831 0
977 1.7812 0
11 1.7735 0
492 1.7713 0
577 1.7549 0
1225 1.7515 0
1261 1.7514 0
1168 1.7485 0
1443 1.7484 0
1372 1.7483 0
83 1.7466 0
1761 1.7454 0
1886 1.7383 0
1193 1.7322 0
268 1.7282 0
1123 1.7246 0
513 1.7237 0
511 1.7198 0
1888 1.7134 0
1522 1.7089 0
928 1.7058 0
1988 1.6925 0
173 1.6864 0
1370 1.6825 0
44 1.6807 0
663 1.6708 0
1070 1.6668 0
893 1.6580 0
1895 1.6574 0
668 1.6399 0
1381 1.6252 0
1679 1.6249 0
911 1.6235 0
1257 1.6234 0
1113 1.6105 0
1660 1.6076 0
1292 1.6047 0
174 1.5925 0
1700 1.5891 0
710 1.5888 0
640 1.5880 0
485 1.5860 0
1273 1.5792 0
1897 1.5782 0
517 1.5773 0
647 1.5772 0
247 1.5742 0
623 1.5712 0
545 1.5709 0
1634 1.5705 0
839 1.5658 0
782 1.5281 0
1906 1.5271 0
1527 1.5239 0
700 1.5110 0
1134 1.5100 0
713 1.5046 0
468 1.4955 0
778 1.4953 0
1129 1.4917 0
1222 1.4893 0
1127 1.4748 0
748 1.4720 0
1635 1.4683 0
1797 1.4618 0
1407 1.4605 0
1639 1.4499 0
1732 1.4466 0
1143 1.4358 0
369 1.4326 0
1646 1.4295 0
326 1.4213 0
1507 1.4074 0
1258 1.4026 0
239 1.3975 0
350 1.3967 0
1212 1.3952 0
1165 1.3938 0
851 1.3891 0
1718 1.3864 0
664 1.3725 0
1389 1.3721 0
68 1.3693 0
1087 1.3652 0
808 1.3649 0
1440 1.3649 0
574 1.3619 0
233 1.3568 0
96 1.3549 0
1738 1.3524 0
1296 1.3469 0
848 1.3420 0
28 1.3369 0
46 1.3338 0
416 1.3334 0
735 1.3312 0
656 1.3231 0
431 1.3194 0
1189 1.3150 0
213 1.3002 0
655 1.3000 0
1072 1.2963 0
238 1.2957 0
681 1.2915 0
453 1.2798 0
784 1.2762 0
343 1.2688 0
159 1.2627 0
1322 1.2621 1
1902 1.2554 0
1096 1.2534 0
521 1.2498 0
729 1.2496 0
1145 1.2489 0
1627 1.2453 0
516 1.2399 0
667 1.2371 0
49 1.2307 0
881 1.2250 0
814 1.2201 0
731 1.2194 0
1533 1.2188 0
225 1.2181 0
781 1.2169 0
156 1.2152 0
768 1.2078 0
1171 1.2030 0
1952 1.1944 0
957 1.1889 0
474 1.1832 0
1044 1.1829 0
1643 1.1805 0
1308 1.1788 1
955 1.1760 0
1723 1.1713 0
1743 1.1680 0
1184 1.1672 0
1659 1.1636 0
181 1.1537 0
1596 1.1537 0
1293 1.1502 0
1119 1.1492 0
1032 1.1459 0
1649 1.1458 0
1613 1.1379 0
1402 1.1348 0
1218 1.1250 0
1680 1.1229 0
1734 1.1228 0
1383 1.1156 0
449 1.1147 0
582 1.1127 0
39 1.1126 0
818 1.1090 0
1937 1.1087 0
830 1.0939 0
709 1.0937 0
742 1.0929 0
860 1.0919 0
995 1.0902 0
245 1.0896 0
1878 1.0886 0
299 1.0829 0
812 1.0775 0
1019 1.0762 0
1417 1.0727 0
89 1.0671 0
555 1.0620 0
1710 1.0610 0
943 1.0555 0
1369 1.0553 0
61 1.0505 0
337 1.0443 0
1453 1.0363 0
925 1.0280 0
1720 1.0276 0
586 1.0183 0
1623 1.0143 0
481 1.0121 0
1861 1.0116 0
811 1.0100 0
847 1.0093 0
1188 1.0085 0
626 1.0046 0
1932 1.0005 0
662 0.9937 0
1605 0.9861 0
54 0.9831 0
1018 0.9790 0
293 0.9749 0
346 0.9692 0
724 0.9582 0
679 0.9497 0
455 0.9450 0
388 0.9393 0
372 0.9296 0
367 0.9258 0
1472 0.9254 0
1480 0.9152 0
1062 0.9116 0
1210 0.9102 0
916 0.9093 0
396 0.9081 0
1283 0.9035 0
1982 0.8992 0
722 0.8916 0
230 0.8915 0
439 0.8889 0
298 0.8854 0
296 0.8846 0
1071 0.8833 0
1773 0.8830 0
1857 0.8791 0
42 0.8766 0
819 0.8751 0
651 0.8653 0
1442 0.8647 0
318 0.8635 0
432 0.8587 0
395 0.8568 0
680 0.8535 0
317 0.8483 0
1565 0.8431 0
1624 0.8393 0
323 0.8391 0
793 0.8371 0
1753 0.8371 0
1211 0.8354 0
503 0.8348 0
841 0.8347 0
1807 0.8341 0
699 0.8274 0
836 0.8272 0
1663 0.8260 0
1471 0.8237 0
1867 0.8232 0
1192 0.8217 0
529 0.8197 0
1693 0.8169 0
443 0.8160 0
1856 0.8123 0
649 0.8086 0
1658 0.8062 0
1368 0.8046 0
1116 0.8044 0
565 0.8029 0
324 0.8020 0
1917 0.8008 0
57 0.7999 0
387 0.7984 0
1611 0.7970 0
1277 0.7956 0
1628 0.7898 0
441 0.7897 0
1078 0.7896 0
1799 0.7896 0
1903 0.7817 0
904 0.7756 0
87 0.7693 0
38 0.7680 0
921 0.7672 0
1810 0.7621 0
769 0.7614 0
1571 0.7590 0
1741 0.7536 0
27 0.7478 0
1182 0.7460 0
406 0.7459 0
1686 0.7448 0
1784 0.7397 0
789 0.7387 0
228 0.7324 0
1040 0.7262 0
229 0.7232 0
66 0.7220 0
1622 0.7194 0
1025 0.7170 0
1860 0.7138 0
282 0.7122 0
717 0.7112 0
1899 0.7069 0
635 0.7039 0
463 0.7012 0
701 0.7005 0
112 0.6995 0
435 0.6992 0
118 0.6975 0
1226 0.6965 0
536 0.6922 0
166 0.6854 0
1073 0.6847 0
1034 0.6833 0
288 0.6831 0
218 0.6804 0
1914 0.6775 0
1529 0.6753 0
1587 0.6745 0
362 0.6680 0
643 0.6555 0
1163 0.6514 0
1325 0.6457 1
198 0.6443 0
1060 0.6443 0
1778 0.6429 0
1400 0.6404 0
1390 0.6335 0
639 0.6328 0
1705 0.6314 0
1721 0.6302 0
1862 0.6215 0
657 0.6204 0
1590 0.6203 0
1625 0.6170 0
1637 0.6151 0
644 0.6092 0
1220 0.6081 0
1852 0.6070 0
584 0.5999 0
520 0.5970 0
1287 0.5954 0
522 0.5911 0
992 0.5904 0
573 0.5878 0
1846 0.5873 0
1132 0.5873 0
1173 0.5761 0
212 0.5759 0
363 0.5704 0
703 0.5583 0
734 0.5569 0
746 0.5568 0
1746 0.5567 0
922 0.5543 0
3 0.5508 0
531 0.5493 0
1549 0.5482 0
1030 0.5456 0
265 0.5452 0
1067 0.5401 0
527 0.5394 0
1266 0.5354 0
1581 0.5347 0
743 0.5278 0
1661 0.5216 0
1241 0.5150 0
1640 0.5113 0
1409 0.5069 0
267 0.5048 0
1609 0.4872 0
985 0.4848 0
1354 0.4846 0
1777 0.4808 0
519 0.4779 0
1005 0.4778 0
304 0.4729 0
1254 0.4716 0
506 0.4712 0
1691 0.4666 0
194 0.4659 0
171 0.4614 0
1246 0.4484 0
1085 0.4474 0
467 0.4470 0
88 0.4419 0
920 0.4340 0
505 0.4340 0
59 0.4305 0
1029 0.4236 0
488 0.4233 0
931 0.4212 0
1568 0.4201 0
397 0.4192 0
1525 0.4163 0
1676 0.4158 0
1425 0.4127 0
393 0.4098 0
1500 0.4082 0
1876 0.4060 0
1580 0.4036 0
1054 0.3997 0
1256 0.3983 0
914 0.3964 0
581 0.3957 0
1344 0.3949 1
578 0.3946 0
1014 0.3875 0
1662 0.3857 0
966 0.3856 0
1174 0.3852 0
1445 0.3840 0
686 0.3824 0
1490 0.3792 0
1570 0.3759 0
1619 0.3702 0
905 0.3663 0
329 0.3660 0
509 0.3538 0
926 0.3535 0
695 0.3517 0
176 0.3492 0
1148 0.3475 0
290 0.3473 0
1152 0.3470 0
1677 0.3403 0
1505 0.3319 0
849 0.3312 0
1064 0.3298 0
1099 0.3226 0
802 0.3207 0
878 0.3206 0
714 0.3156 0
1506 0.3125 0
217 0.3097 0
371 0.3003 0
1534 0.3002 0
787 0.2984 0
1172 0.2970 0
770 0.2950 0
385 0.2900 0
1000 0.2898 0
824 0.2875 0
93 0.2833 0
1889 0.2715 0
1631 0.2715 0
867 0.2701 0
1098 0.2681 0
1221 0.2673 0
1601 0.2649 0
256 0.2616 0
756 0.2585 0
591 0.2536 0
379 0.2520 0
419 0.2478 0
971 0.2458 0
414 0.2445 0
214 0.2444 0
1965 0.2407 0
1227 0.2378 0
35 0.2356 0
1538 0.2354 0
394 0.2328 0
182 0.2267 0
51 0.2263 0
1380 0.2225 0
1992 0.2190 0
0 0.2151 0
1714 0.2132 0
1069 0.2099 0
936 0.2087 0
1169 0.2083 0
494 0.2073 0
1606 0.2068 0
753 0.2026 0
1041 0.2013 0
162 0.1995 0
1043 0.1953 0
92 0.1937 0
976 0.1932 0
579 0.1930 0
398 0.1913 0
846 0.1879 0
733 0.1849 0
1205 0.1787 0
276 0.1782 0
204 0.1772 0
1801 0.1747 0
725 0.1742 0
312 0.1719 0
426 0.1641 0
53 0.1622 0
1051 0.1604 0
1644 0.1600 0
843 0.1591 0
548 0.1537 0
47 0.1530 0
1915 0.1454 0
1657 0.1428 0
1479 0.1320 0
1177 0.1233 0
1166 0.1168 0
1395 0.1124 0
60 0.1107 0
1567 0.1053 0
1053 0.1043 0
659 0.0981 0
1460 0.0951 0
1142 0.0875 0
721 0.0790 0
1502 0.0782 0
946 0.0756 0
445 0.0728 0
1433 0.0701 0
685 0.0700 0
1566 0.0661 0
1288 0.0660 0
1010 0.0628 0
694 0.0624 0
538 0.0598 0
556 0.0531 0
242 0.0519 0
1582 0.0441 0
368 0.0374 0
961 0.0354 0
1592 0.0342 0
18 0.0341 0
1420 0.0260 0
1516 0.0203 0
477 0.0177 0
1038 0.0135 0
937 0.0130 0
19 0.0124 0
24 0.0105 0
58 0.0103 0
1264 0.0055 0
507 0.0054 0
147 0.0001 0
1632 -0.0013 0
648 -0.0016 0
1161 -0.0032 0
1340 -0.0158 1
1564 -0.0180 0
1465 -0.0209 0
151 -0.0213 0
237 -0.0251 0
1916 -0.0260 0
427 -0.0266 0
1252 -0.0304 0
205 -0.0311 0
1470 -0.0317 0
86 -0.0334 0
219 -0.0335 0
653 -0.0346 0
1020 -0.0352 0
1562 -0.0355 0
1485 -0.0378 0
613 -0.0430 0
1083 -0.0436 0
1094 -0.0441 0
1181 -0.0469 0
197 -0.0482 0
71 -0.0512 0
1513 -0.0520 0
103 -0.0531 0
160 -0.0586 0
1483 -0.0619 0
1467 -0.0623 0
826 -0.0625 0
1850 -0.0648 0
800 -0.0659 0
962 -0.0671 0
1230 -0.0694 0
1397 -0.0822 0
1016 -0.0858 0
79 -0.0892 0
998 -0.0892 0
235 -0.0961 0
1280 -0.0971 0
984 -0.1001 0
1833 -0.1050 0
1406 -0.1089 0
1758 -0.1103 0
199 -0.1116 0
1461 -0.1118 0
418 -0.1141 0
1469 -0.1180 0
391 -0.1219 0
884 -0.1259 0
567 -0.1261 0
687 -0.1290 0
5 -0.1355 0
1391 -0.1441 0
542 -0.1570 0
1913 -0.1611 0
1278 -0.1659 0
1035 -0.1679 0
201 -0.1711 0
1968 -0.1715 0
1603 -0.1740 0
715 -0.1748 0
1223 -0.1792 0
975 -0.1792 0
1556 -0.1800 0
148 -0.1805 0
1602 -0.1814 0
960 -0.1817 0
1703 -0.1833 0
599 -0.1838 0
1827 -0.1845 0
1359 -0.1876 0
901 -0.1949 0
1708 -0.1953 0
202 -0.1984 0
1164 -0.2022 0
512 -0.2045 0
1215 -0.2122 0
1202 -0.2125 0
263 -0.2132 0
1352 -0.2256 0
1021 -0.2270 0
1006 -0.2299 0
1997 -0.2410 0
138 -0.2525 0
1973 -0.2562 0
1836 -0.2628 0
605 -0.2688 0
1633 -0.2703 0
772 -0.2769 0
365 -0.2799 0
1642 -0.2818 0
716 -0.2823 0
953 -0.2864 0
1458 -0.2865 0
634 -0.2898 0
563 -0.2947 0
1537 -0.2965 0
666 -0.3090 0
74 -0.3107 0
1595 -0.3108 0
1786 -0.3131 0
1692 -0.3223 0
684 -0.3244 0
683 -0.3247 0
525 -0.3292 0
12 -0.3302 0
1360 -0.3325 0
913 -0.3361 0
262 -0.3366 0
302 -0.3401 0
80 -0.3446 0
1933 -0.3460 0
627 -0.3528 0
1240 -0.3538 0
1674 -0.3545 0
1936 -0.3565 0
1524 -0.3573 0
77 -0.3606 0
1196 -0.3703 0
1996 -0.3755 0
1548 -0.3828 0
65 -0.3833 0
1939 -0.3835 0
1382 -0.3848 0
1951 -0.3878 0
1351 -0.3897 0
1141 -0.3907 0
231 -0.3922 0
1091 -0.3976 0
1416 -0.3977 0
1964 -0.4013 0
1487 -0.4078 0
1476 -0.4091 0
1841 -0.4104 0
460 -0.4106 0
165 -0.4126 0
52 -0.4131 0
1267 -0.4153 0
697 -0.4171 0
1910 -0.4181 0
1080 -0.4202 0
253 -0.4232 0
206 -0.4238 0
587 -0.4252 0
1780 -0.4261 0
179 -0.4303 0
1444 -0.4327 0
315 -0.4342 0
594 -0.4351 0
720 -0.4390 0
1769 -0.4443 0
1559 -0.4465 0
832 -0.4475 0
211 -0.4519 0
628 -0.4553 0
248 -0.4594 0
1531 -0.4596 0
1664 -0.4601 0
381 -0.4641 0
62 -0.4676 0
958 -0.4678 0
1687 -0.4704 0
583 -0.4711 0
1729 -0.4733 0
1002 -0.4760 0
1942 -0.4762 0
1509 -0.4789 0
20 -0.4816 0
1616 -0.4865 0
559 -0.4906 0
1715 -0.4937 0
459 -0.4955 0
1818 -0.4959 0
850 -0.4962 0
1155 -0.4977 0
1656 -0.4982 0
1457 -0.5072 0
243 -0.5185 0
665 -0.5196 0
1081 -0.5217 0
1449 -0.5231 0
1498 -0.5269 0
1090 -0.5290 0
375 -0.5339 0
620 -0.5344 0
1683 -0.5345 0
833 -0.5352 0
358 -0.5420 0
1541 -0.5473 0
1068 -0.5491 0
1669 -0.5518 0
872 -0.5527 0
661 -0.5586 0
618 -0.5617 0
597 -0.5631 0
1186 -0.5642 0
1701 -0.5669 0
1621 -0.5695 0
631 -0.5725 0
72 -0.5773 0
1749 -0.5854 0
1835 -0.5891 0
1228 -0.5915 0
1489 -0.5979 0
1831 -0.5987 0
518 -0.6017 0
1706 -0.6019 0
1647 -0.6061 0
361 -0.6129 0
809 -0.6139 0
261 -0.6139 0
436 -0.6160 0
1398 -0.6172 0
22 -0.6219 0
1725 -0.6250 0
1747 -0.6250 0
1949 -0.6257 0
1544 -0.6301 0
1517 -0.6337 0
1790 -0.6338 0
78 -0.6347 0
799 -0.6382 0
696 -0.6391 0
1245 -0.6433 0
10 -0.6471 0
842 -0.6492 0
1869 -0.6524 0
805 -0.6527 0
1636 -0.6532 0
747 -0.6607 0
1754 -0.6613 0
1451 -0.6639 0
561 -0.6642 0
1967 -0.6644 0
1405 -0.6649 0
469 -0.6653 0
36 -0.6659 0
121 -0.6679 0
691 -0.6741 0
1726 -0.6750 0
1046 -0.6782 0
223 -0.6827 0
1828 -0.6831 0
412 -0.6933 0
255 -0.6938 0
1430 -0.6944 0
758 -0.6980 0
1607 -0.6995 0
801 -0.7059 0
677 -0.7096 0
348 -0.7119 0
1987 -0.7188 0
1197 -0.7316 0
1730 -0.7326 0
1978 -0.7346 0
101 -0.7367 0
1437 -0.7392 0
1092 -0.7402 0
1629 -0.7406 0
1095 -0.7419 0
988 -0.7482 0
1295 -0.7512 0
1463 -0.7517 0
4 -0.7554 0
564 -0.7579 0
624 -0.7693 0
590 -0.7709 0
240 -0.7740 0
927 -0.7831 0
568 -0.7837 0
1097 -0.7962 0
1013 -0.7976 0
906 -0.8029 0
1435 -0.8031 0
1938 -0.8032 0
1546 -0.8047 0
1885 -0.8063 0
1751 -0.8068 0
1673 -0.8078 0
1519 -0.8086 0
917 -0.8111 0
1075 -0.8117 0
601 -0.8157 0
1719 -0.8197 0
1547 -0.8200 0
501 -0.8213 0
137 -0.8213 0
41 -0.8220 0
739 -0.8225 0
1179 -0.8252 0
479 -0.8307 0
1890 -0.8317 0
168 -0.8321 0
1059 -0.8328 0
907 -0.8336 0
1608 -0.8452 0
674 -0.8453 0
1486 -0.8454 0
1452 -0.8488 0
6 -0.8503 0
447 -0.8516 0
305 -0.8532 0
1058 -0.8538 0
1048 -0.8589 0
271 -0.8647 0
352 -0.8653 0
1468 -0.8666 0
285 -0.8698 0
1768 -0.8705 0
1450 -0.8740 0
142 -0.8851 0
1690 -0.8855 0
155 -0.8878 0
732 -0.8900 0
85 -0.8922 0
774 -0.8942 0
1357 -0.8948 0
254 -0.9027 0
1577 -0.9032 0
281 -0.9078 0
82 -0.9085 0
172 -0.9123 0
1682 -0.9135 0
1550 -0.9159 0
1670 -0.9177 0
1983 -0.9186 0
1270 -0.9218 0
81 -0.9220 0
602 -0.9236 0
990 -0.9421 0
935 -0.9421 0
1591 -0.9449 0
1545 -0.9472 0
1896 -0.9513 0
91 -0.9580 0
366 -0.9604 0
1526 -0.9623 0
1535 -0.9652 0
1699 -0.9683 0
1037 -0.9712 0
585 -0.9727 0
1925 -0.9758 0
1593 -0.9777 0
1745 -0.9794 0
169 -0.9816 0
2 -0.9819 0
1966 -0.9824 0
950 -0.9930 0
1798 -0.9951 0
1800 -0.9997 0
838 -0.9999 0
1231 -1.0038 0
292 -1.0040 0
1819 -1.0046 0
837 -1.0059 0
939 -1.0109 0
1039 -1.0112 0
1583 -1.0135 0
364 -1.0222 0
64 -1.0223 0
1883 -1.0280 0
1493 -1.0351 0
149 -1.0372 0
209 -1.0404 0
672 -1.0507 0
682 -1.0569 0
203 -1.0598 0
526 -1.0619 0
693 -1.0624 0
40 -1.0645 0
128 -1.0652 0
30 -1.0653 0
355 -1.0676 0
728 -1.0729 0
210 -1.0752 0
1086 -1.0760 0
1898 -1.0800 0
986 -1.0892 0
1521 -1.0914 0
1927 -1.0942 0
1503 -1.0951 0
589 -1.0980 0
29 -1.0982 0
1853 -1.1009 0
1411 -1.1029 0
1438 -1.1050 0
918 -1.1053 0
979 -1.1055 0
1055 -1.1069 0
1056 -1.1082 0
951 -1.1124 0
220 -1.1126 0
908 -1.1139 0
1816 -1.1187 0
1900 -1.1193 0
562 -1.1195 0
99 -1.1197 0
289 -1.1236 0
967 -1.1259 0
1781 -1.1279 0
1432 -1.1288 0
56 -1.1315 0
380 -1.1343 0
1208 -1.1362 0
1929 -1.1404 0
1641 -1.1425 0
1887 -1.1451 0
1735 -1.1489 0
143 -1.1491 0
642 -1.1524 0
1651 -1.1525 0
754 -1.1579 0
1678 -1.1592 0
297 -1.1597 0
1744 -1.1597 0
1930 -1.1602 0
95 -1.1647 0
1739 -1.1649 0
187 -1.1654 0
1408 -1.1684 0
440 -1.1697 0
84 -1.1731 0
1702 -1.1758 0
997 -1.1772 0
1795 -1.1802 0
974 -1.1819 0
1653 -1.1939 0
972 -1.1953 0
1704 -1.1985 0
1672 -1.1988 0
465 -1.1989 0
1473 -1.2001 0
1934 -1.2001 0
1907 -1.2026 0
1993 -1.2041 0
534 -1.2086 0
1297 -1.2087 0
983 -1.2107 0
929 -1.2143 0
1004 -1.2181 0
76 -1.2259 0
1239 -1.2277 0
310 -1.2355 0
1794 -1.2409 0
1530 -1.2476 0
982 -1.2489 0
604 -1.2498 0
158 -1.2578 0
1871 -1.2660 0
17 -1.2705 0
252 -1.2707 0
1084 -1.2733 0
580 -1.2766 0
999 -1.2804 0
1052 -1.2819 0
1259 -1.2845 0
222 -1.2885 0
190 -1.2954 0
1924 -1.2985 0
1561 -1.2986 0
1200 -1.3025 0
1594 -1.3039 0
810 -1.3053 0
1953 -1.3071 0
16 -1.3087 0
251 -1.3126 0
278 -1.3150 0
727 -1.3220 0
1668 -1.3232 0
1235 -1.3240 0
1150 -1.3263 0
712 -1.3264 0
144 -1.3289 0
410 -1.3307 0
186 -1.3331 0
968 -1.3342 0
1001 -1.3370 0
189 -1.3395 0
1961 -1.3437 0
244 -1.3453 0
1626 -1.3457 0
1242 -1.3470 0
508 -1.3564 0
1774 -1.3674 0
1404 -1.3676 0
1066 -1.3700 0
377 -1.3710 0
1585 -1.3736 0
1050 -1.3743 0
1555 -1.3853 0
558 -1.3861 0
105 -1.3886 0
571 -1.3957 0
1959 -1.4012 0
227 -1.4032 0
1418 -1.4156 0
947 -1.4221 0
783 -1.4247 0
157 -1.4270 0
1918 -1.4295 0
208 -1.4397 0
1474 -1.4443 0
1848 -1.4503 0
1439 -1.4533 0
540 -1.4553 0
471 -1.4586 0
1787 -1.4611 0
991 -1.4673 0
1804 -1.4674 0
890 -1.4691 0
15 -1.4698 0
274 -1.4708 0
389 -1.4761 0
1893 -1.4795 0
23 -1.4804 0
283 -1.4806 0
466 -1.4835 0
1748 -1.4842 0
1805 -1.4922 0
575 -1.4964 0
37 -1.4998 0
1497 -1.5006 0
1770 -1.5021 0
125 -1.5025 0
1806 -1.5058 0
386 -1.5077 0
232 -1.5184 0
1569 -1.5195 0
1424 -1.5198 0
1454 -1.5212 0
491 -1.5228 0
751 -1.5308 0
704 -1.5341 0
1875 -1.5367 0
1614 -1.5420 0
1191 -1.5422 0
993 -1.5437 0
1167 -1.5459 0
249 -1.5470 0
718 -1.5498 0
1922 -1.5529 0
688 -1.5569 0
1379 -1.5575 0
1183 -1.5577 0
279 -1.5577 0
1904 -1.5588 0
175 -1.5665 0
1976 -1.5672 0
140 -1.5678 0
152 -1.5693 0
1492 -1.5729 0
150 -1.5915 0
1832 -1.5974 0
528 -1.5976 0
1423 -1.5997 0
617 -1.6012 0
1233 -1.6070 0
670 -1.6096 0
102 -1.6214 0
161 -1.6239 0
1358 -1.6248 0
131 -1.6252 0
1414 -1.6269 0
1872 -1.6297 0
1079 -1.6324 0
970 -1.6330 0
1793 -1.6388 0
1422 -1.6403 0
1415 -1.6417 0
1456 -1.6418 0
645 -1.6446 0
1946 -1.6454 0
116 -1.6463 0
1229 -1.6481 0
185 -1.6485 0
807 -1.6495 0
272 -1.6511 0
26 -1.6620 0
1431 -1.6622 0
1760 -1.6657 0
106 -1.6675 0
196 -1.6766 0
1462 -1.6827 0
266 -1.6895 0
1698 -1.6901 0
482 -1.6936 0
940 -1.6937 0
607 -1.6937 0
1945 -1.6956 0
195 -1.7056 0
1989 -1.7076 0
1455 -1.7102 0
1891 -1.7147 0
959 -1.7154 0
424 -1.7191 0
1049 -1.7193 0
1789 -1.7195 0
1499 -1.7204 0
1765 -1.7205 0
241 -1.7243 0
816 -1.7243 0
384 -1.7265 0
1597 -1.7282 0
1496 -1.7324 0
257 -1.7351 0
1082 -1.7363 0
963 -1.7377 0
702 -1.7380 0
1008 -1.7447 0
1838 -1.7478 0
707 -1.7503 0
1712 -1.7507 0
638 -1.7540 0
1823 -1.7552 0
178 -1.7569 0
500 -1.7579 0
1874 -1.7581 0
21 -1.7595 0
690 -1.7612 0
1985 -1.7618 0
1767 -1.7619 0
109 -1.7621 0
1 -1.7680 0
163 -1.7688 0
1247 -1.7701 0
608 -1.7764 0
127 -1.7874 0
1894 -1.7912 0
1610 -1.7918 0
291 -1.7923 0
1399 -1.7932 0
600 -1.7967 0
1574 -1.7970 0
31 -1.7981 0
167 -1.8097 0
1124 -1.8161 0
1920 -1.8226 0
1061 -1.8334 0
1817 -1.8379 0
7 -1.8436 0
1830 -1.8449 0
457 -1.8500 0
1880 -1.8533 0
1788 -1.8617 0
1026 -1.8668 0
1248 -1.8767 0
532 -1.8797 0
1742 -1.8814 0
1694 -1.8819 0
1941 -1.8868 0
598 -1.8926 0
1931 -1.8945 0
1785 -1.8983 0
1864 -1.8987 0
1542 -1.9070 0
1598 -1.9090 0
930 -1.9158 0
515 -1.9244 0
547 -1.9263 0
1822 -1.9279 0
1441 -1.9279 0
259 -1.9406 0
215 -1.9424 0
1928 -1.9427 0
1216 -1.9437 0
879 -1.9496 0
25 -1.9546 0
1514 -1.9559 0
1873 -1.9736 0
1419 -1.9749 0
183 -1.9754 0
277 -1.9939 0
1908 -1.9976 0
1675 -2.0051 0
1170 -2.0064 0
154 -2.0101 0
407 -2.0120 0
1986 -2.0122 0
981 -2.0128 0
593 -2.0186 0
934 -2.0238 0
1508 -2.0248 0
1464 -2.0378 0
119 -2.0410 0
470 -2.0437 0
554 -2.0498 0
1403 -2.0498 0
1446 -2.0513 0
301 -2.0514 0
1840 -2.0569 0
1552 -2.0629 0
1762 -2.0640 0
130 -2.0640 0
948 -2.0657 0
1863 -2.0690 0
1536 -2.0738 0
356 -2.0759 0
1036 -2.0762 0
264 -2.0788 0
1156 -2.0930 0
609 -2.1007 0
177 -2.1045 0
1077 -2.1055 0
353 -2.1130 0
1764 -2.1170 0
115 -2.1208 0
1722 -2.1211 0
678 -2.1298 0
1844 -2.1304 0
1950 -2.1309 0
1236 -2.1397 0
399 -2.1458 0
1520 -2.1477 0
258 -2.1495 0
489 -2.1497 0
1234 -2.1579 0
612 -2.1600 0
246 -2.1621 0
549 -2.1629 0
1023 -2.1701 0
1994 -2.1703 0
1515 -2.1876 0
446 -2.1895 0
1528 -2.1912 0
354 -2.2002 0
1879 -2.2068 0
141 -2.2083 0
614 -2.2084 0
338 -2.2098 0
1207 -2.2137 0
429 -2.2161 0
1482 -2.2251 0
1353 -2.2262 0
1617 -2.2270 0
1219 -2.2298 0
392 -2.2367 0
945 -2.2390 0
1057 -2.2423 0
139 -2.2504 0
200 -2.2580 0
1980 -2.2599 0
351 -2.2600 0
1355 -2.2771 0
646 -2.2787 0
1728 -2.2828 0
1847 -2.2847 0
1159 -2.2874 0
286 -2.2909 0
207 -2.2912 0
1217 -2.2936 0
941 -2.2938 0
1826 -2.2964 0
1600 -2.2982 0
280 -2.2993 0
658 -2.3006 0
1523 -2.3026 0
359 -2.3087 0
1495 -2.3094 0
13 -2.3122 0
1160 -2.3186 0
1901 -2.3375 0
1855 -2.3399 0
1655 -2.3513 0
1076 -2.3527 0
383 -2.3561 0
390 -2.3596 0
1956 -2.3614 0
8 -2.3630 0
1972 -2.3750 0
34 -2.3751 0
1350 -2.3770 0
1958 -2.3800 0
1849 -2.3883 0
444 -2.4040 0
949 -2.4138 0
145 -2.4149 0
1224 -2.4294 0
1238 -2.4322 0
923 -2.4352 0
1074 -2.4457 0
409 -2.4471 0
132 -2.4496 0
1599 -2.4549 0
287 -2.4621 0
98 -2.4637 0
408 -2.4685 0
1843 -2.4795 0
1766 -2.4798 0
236 -2.4863 0
1815 -2.4927 0
122 -2.5002 0
1943 -2.5013 0
1510 -2.5017 0
1589 -2.5127 0
63 -2.5182 0
437 -2.5212 0
1491 -2.5268 0
1971 -2.5268 0
110 -2.5304 0
1755 -2.5328 0
400 -2.5421 0
1750 -2.5436 0
1935 -2.5483 0
126 -2.5526 0
1466 -2.5540 0
120 -2.5603 0
1948 -2.5614 0
698 -2.5635 0
180 -2.5734 0
273 -2.5769 0
129 -2.5784 0
1630 -2.5852 0
1214 -2.5880 0
294 -2.5963 0
1802 -2.5996 0
1834 -2.6008 0
1947 -2.6009 0
108 -2.6026 0
1824 -2.6127 0
1421 -2.6230 0
804 -2.6278 0
625 -2.6302 0
1820 -2.6309 0
1539 -2.6548 0
1999 -2.6606 0
134 -2.6666 0
1926 -2.6735 0
616 -2.6862 0
456 -2.6863 0
1707 -2.6866 0
606 -2.6898 0
1955 -2.6946 0
401 -2.6979 0
1842 -2.7046 0
1213 -2.7053 0
464 -2.7116 0
1560 -2.7228 0
1584 -2.7284 0
415 -2.7293 0
535 -2.7300 0
1237 -2.7318 0
654 -2.7432 0
191 -2.7515 0
676 -2.7546 0
1681 -2.7563 0
1428 -2.7578 0
1866 -2.7678 0
1088 -2.7710 0
764 -2.7781 0
886 -2.7829 0
964 -2.7842 0
1459 -2.7885 0
592 -2.7906 0
1578 -2.7944 0
978 -2.8002 0
1984 -2.8135 0
146 -2.8158 0
107 -2.8346 0
1481 -2.8347 0
1829 -2.8416 0
1944 -2.8472 0
1981 -2.8490 0
216 -2.8519 0
1812 -2.8683 0
420 -2.8795 0
744 -2.8841 0
1426 -2.9076 0
1821 -2.9092 0
170 -2.9130 0
952 -2.9200 0
1975 -2.9219 0
1954 -2.9350 0
1811 -2.9374 0
603 -2.9401 0
1837 -2.9470 0
1757 -2.9479 0
1586 -2.9673 0
1289 -2.9687 0
1877 -2.9732 0
1572 -2.9772 0
1825 -2.9802 0
269 -2.9895 0
1731 -2.9899 0
1911 -3.0015 0
270 -3.0019 0
987 -3.0081 0
633 -3.0122 0
275 -3.0173 0
1814 -3.0220 0
423 -3.0315 0
1912 -3.0353 0
9 -3.0360 0
1884 -3.0546 0
1859 -3.0588 0
621 -3.0590 0
1756 -3.0830 0
322 -3.0839 0
1711 -3.0848 0
1667 -3.0872 0
1905 -3.1065 0
1839 -3.1093 0
969 -3.1165 0
1808 -3.1297 0
1974 -3.1366 0
434 -3.1368 0
404 -3.1467 0
184 -3.1493 0
224 -3.1502 0
726 -3.1512 0
1813 -3.1680 0
1512 -3.1690 0
1063 -3.1715 0
113 -3.1820 0
1998 -3.2151 0
382 -3.2223 0
1963 -3.2282 0
692 -3.2334 0
1783 -3.2400 0
260 -3.2427 0
1990 -3.2459 0
123 -3.2709 0
1688 -3.2761 0
973 -3.2858 0
403 -3.2891 0
619 -3.3031 0
114 -3.3148 0
448 -3.3156 0
1401 -3.3287 0
188 -3.3616 0
442 -3.3764 0
1448 -3.3879 0
124 -3.3929 0
1957 -3.3992 0
1065 -3.4122 0
295 -3.4606 0
1979 -3.4669 0
234 -3.4748 0
965 -3.4778 0
1851 -3.4963 0
1779 -3.5102 0
1447 -3.5222 0
1940 -3.5224 0
1809 -3.5313 0
1671 -3.5370 0
1713 -3.5518 0
1588 -3.5742 0
90 -3.5905 0
1792 -3.6031 0
1796 -3.6078 0
1576 -3.6190 0
504 -3.6280 0
111 -3.6311 0
417 -3.6362 0
226 -3.6404 0
1478 -3.6523 0
1504 -3.6760 0
1921 -3.6911 0
741 -3.6911 0
1709 -3.7161 0
192 -3.7167 0
193 -3.7277 0
1775 -3.7308 0
413 -3.7950 0
1782 -3.8156 0
530 -3.8349 0
32 -3.8371 0
1763 -3.8601 0
596 -3.8767 0
1960 -3.9514 0
250 -3.9669 0
1962 -3.9981 0
1991 -4.0178 0
405 -4.0417 0
100 -4.0785 0
1791 -4.1237 0
1204 -4.1274 0
117 -4.2063 0
1970 -4.2335 0
136 -4.2717 0
1995 -4.2826 0
1436 -4.2914 0
1803 -4.3034 0
411 -4.3252 0
1759 -4.4105 0
133 -4.4194 0
1563 -4.4811 0
1244 -4.4969 0
1969 -4.5739 0
402 -4.5934 0
1772 -4.6126 0
104 -4.6900 0
980 -4.7311 0
1977 -4.8150 0
1554 -4.9912 0
1648 -5.1407 0
135 -5.5710 0
