1386 28.5158 1
1359 24.3612 1
1395 22.5148 1
1362 19.8874 1
1351 19.6985 1
1367 18.9394 1
1381 18.7072 1
1380 17.7366 1
1398 17.2622 1
1379 16.8581 1
1369 16.4405 1
1373 16.3167 1
1358 15.8395 1
1378 14.5513 1
1374 14.2370 1
1385 14.0856 1
1389 13.9813 1
1673 13.7218 0
1396 13.4435 1
1371 13.1545 1
1360 13.0489 1
1611 12.5043 0
1689 12.4671 0
1354 11.9847 1
1597 11.7993 0
1355 11.7722 1
1368 11.4841 1
1471 11.4816 0
1337 10.9009 0
1375 10.7671 1
1686 10.5161 0
871 10.2502 0
1399 10.1422 1
1363 10.0501 1
1392 10.0051 1
1557 9.9501 0
1603 9.9451 0
1655 9.9426 0
1466 9.9036 0
652 9.8625 0
1692 9.6455 0
1657 9.5468 0
1387 9.4813 1
630 9.3470 0
1361 9.2962 1
775 9.2616 0
1301 9.1909 0
1527 9.1387 0
1669 9.0066 0
685 8.9865 0
1393 8.9636 1
346 8.8353 0
1607 8.8293 0
1138 8.7582 0
1364 8.6516 1
1526 8.6281 0
349 8.5997 0
675 8.5988 0
1662 8.5823 0
1554 8.4691 0
1384 8.4050 1
689 8.3722 0
1388 8.2402 1
1547 8.1840 0
1672 8.0772 0
1684 8.0747 0
650 8.0702 0
938 8.0581 0
1357 8.0363 1
793 8.0317 0
452 7.8948 0
1542 7.8469 0
1353 7.8360 1
1459 7.7877 0
655 7.7426 0
1350 7.7423 1
335 7.7112 0
1614 7.6465 0
1687 7.6297 0
1680 7.6193 0
1511 7.6160 0
659 7.6085 0
676 7.5938 0
44 7.5596 0
1654 7.5157 0
1671 7.4048 0
1146 7.2778 0
1663 7.2773 0
1675 7.2765 0
307 7.2388 0
1532 7.2080 0
1697 7.1948 0
1517 7.1754 0
1639 7.1677 0
765 7.1362 0
1694 7.1115 0
665 7.0803 0
1530 7.0493 0
1525 7.0394 0
972 7.0249 0
867 6.9847 0
1391 6.9619 1
1372 6.9167 1
1632 6.9072 0
1652 6.9051 0
993 6.8877 0
1366 6.8303 1
1348 6.8108 0
1696 6.8093 0
1606 6.7981 0
1658 6.7845 0
857 6.7723 0
1124 6.7660 0
1627 6.7521 0
1650 6.7497 0
671 6.7371 0
656 6.6903 0
680 6.6852 0
1352 6.6802 1
1047 6.6717 0
1516 6.6420 0
1523 6.6193 0
1646 6.6178 0
1513 6.6115 0
1637 6.6075 0
1693 6.5970 0
1533 6.5755 0
1382 6.5676 1
1376 6.5407 1
1623 6.4925 0
1774 6.4640 0
1543 6.4574 0
1515 6.4295 0
1544 6.4258 0
973 6.4197 0
1177 6.3529 0
33 6.3526 0
1228 6.3346 0
1665 6.3226 0
1633 6.3148 0
521 6.3048 0
828 6.2835 0
1677 6.2828 0
1617 6.2822 0
493 6.2399 0
1233 6.2356 0
1656 6.1937 0
1302 6.1792 0
1682 6.1599 0
414 6.1421 0
1584 6.0904 0
672 6.0861 0
1605 6.0583 0
1522 6.0291 0
1674 5.9990 0
1383 5.9990 1
308 5.9970 0
868 5.9628 0
1698 5.9387 0
688 5.8837 0
1058 5.8807 0
343 5.8582 0
1370 5.8547 1
658 5.8519 0
1626 5.8194 0
623 5.8065 0
975 5.7913 0
801 5.7817 0
1667 5.7772 0
1356 5.7689 1
1659 5.7634 0
653 5.7591 0
1518 5.7491 0
1281 5.7331 0
1184 5.6643 0
306 5.6583 0
978 5.6470 0
1540 5.6299 0
989 5.6168 0
1465 5.6059 0
717 5.5981 0
1070 5.5712 0
1645 5.5482 0
1685 5.5351 0
469 5.5315 0
1578 5.5193 0
662 5.5029 0
420 5.5011 0
1876 5.4942 0
410 5.4859 0
1643 5.4711 0
1636 5.4650 0
40 5.4343 0
1690 5.4334 0
1294 5.4290 0
1080 5.4255 0
1536 5.4091 0
1651 5.3891 0
1504 5.3871 0
316 5.3648 0
684 5.3344 0
654 5.3082 0
1390 5.2824 1
1699 5.2647 0
889 5.2144 0
787 5.2043 0
663 5.2012 0
1524 5.2004 0
1433 5.1915 0
1565 5.1897 0
1308 5.1711 0
594 5.1708 0
999 5.1534 0
1767 5.1458 0
1512 5.1410 0
1304 5.1374 0
748 5.1203 0
691 5.1113 0
1273 5.0922 0
981 5.0801 0
795 5.0791 0
1531 5.0612 0
434 5.0540 0
1480 5.0483 0
1330 5.0349 0
673 5.0162 0
1491 5.0007 0
854 5.0000 0
1514 4.9990 0
1648 4.9846 0
873 4.9757 0
1027 4.9741 0
1647 4.9672 0
1476 4.9569 0
1541 4.9490 0
1545 4.9477 0
1559 4.9393 0
1688 4.9238 0
699 4.9012 0
1615 4.8997 0
1503 4.8958 0
1679 4.8930 0
1537 4.8809 0
1528 4.8784 0
687 4.8736 0
401 4.8660 0
513 4.8561 0
1315 4.8553 0
1521 4.8486 0
226 4.8471 0
949 4.8225 0
1460 4.8156 0
1495 4.8137 0
1320 4.8081 0
241 4.7920 0
693 4.7907 0
1789 4.7892 0
1190 4.7844 0
1209 4.7821 0
1575 4.7793 0
664 4.7775 0
1394 4.7725 1
690 4.7712 0
797 4.7647 0
1343 4.7572 0
660 4.7509 0
919 4.7462 0
1750 4.7430 0
1349 4.7366 0
1039 4.7349 0
1783 4.7309 0
892 4.7018 0
1629 4.6919 0
345 4.6894 0
790 4.6881 0
1482 4.6693 0
724 4.6524 0
756 4.6514 0
856 4.6512 0
1676 4.6450 0
449 4.6346 0
958 4.6239 0
1317 4.6214 0
1454 4.6147 0
791 4.6081 0
866 4.6078 0
1470 4.6035 0
1592 4.5987 0
541 4.5978 0
1475 4.5884 0
1487 4.5881 0
823 4.5815 0
300 4.5789 0
1484 4.5722 0
576 4.5704 0
1430 4.5422 0
961 4.5361 0
1486 4.5321 0
953 4.4988 0
1246 4.4954 0
1334 4.4318 0
98 4.4302 0
1234 4.4267 0
1678 4.4103 0
1297 4.4078 0
1365 4.4030 1
1600 4.4027 0
1580 4.3951 0
1251 4.3690 0
723 4.3588 0
861 4.3407 0
1112 4.3305 0
1053 4.3094 0
429 4.3022 0
1583 4.2992 0
1753 4.2985 0
746 4.2828 0
855 4.2763 0
574 4.2684 0
762 4.2673 0
1497 4.2609 0
1549 4.2523 0
451 4.2449 0
894 4.2413 0
441 4.2245 0
552 4.2243 0
794 4.2188 0
1410 4.2025 0
757 4.1896 0
1107 4.1867 0
969 4.1815 0
619 4.1761 0
1788 4.1756 0
1213 4.1745 0
233 4.1734 0
1683 4.1723 0
1311 4.1678 0
677 4.1614 0
668 4.1528 0
991 4.1474 0
1616 4.1412 0
1620 4.1360 0
1923 4.1341 0
1221 4.1181 0
1604 4.1142 0
81 4.1141 0
1172 4.1091 0
1057 4.1028 0
1520 4.0915 0
1377 4.0811 1
1534 4.0754 0
1509 4.0506 0
1318 4.0470 0
490 4.0469 0
759 4.0410 0
1776 4.0397 0
1661 4.0336 0
442 4.0231 0
1635 4.0168 0
850 4.0093 0
1416 4.0069 0
1319 4.0066 0
880 3.9954 0
1582 3.9711 0
803 3.9689 0
1550 3.9567 0
622 3.9544 0
1153 3.9541 0
1248 3.9489 0
1000 3.9472 0
1586 3.9328 0
706 3.9245 0
1859 3.9128 0
1062 3.9005 0
641 3.8863 0
537 3.8832 0
824 3.8735 0
1274 3.8647 0
444 3.8626 0
1095 3.8591 0
1649 3.8570 0
1560 3.8333 0
1681 3.8323 0
1249 3.8274 0
895 3.8270 0
1780 3.8221 0
882 3.8172 0
884 3.8156 0
1238 3.8057 0
49 3.8016 0
1104 3.7956 0
631 3.7945 0
560 3.7937 0
877 3.7786 0
314 3.7705 0
1154 3.7693 0
407 3.7556 0
342 3.7538 0
331 3.7504 0
373 3.7492 0
879 3.7364 0
1588 3.7334 0
1625 3.7291 0
1494 3.7201 0
1201 3.7181 0
1050 3.7064 0
1235 3.6880 0
1258 3.6856 0
1552 3.6821 0
968 3.6648 0
826 3.6637 0
278 3.6608 0
1218 3.6538 0
740 3.6482 0
626 3.6334 0
777 3.6307 0
860 3.6304 0
528 3.6138 0
941 3.5990 0
980 3.5946 0
1664 3.5943 0
1628 3.5912 0
1881 3.5826 0
810 3.5821 0
1452 3.5720 0
1879 3.5665 0
1758 3.5448 0
1473 3.5423 0
678 3.5337 0
1195 3.5298 0
1641 3.5106 0
1298 3.5097 0
1631 3.5089 0
1151 3.5086 0
874 3.5053 0
1333 3.4965 0
1589 3.4904 0
1660 3.4901 0
1429 3.4889 0
1443 3.4810 0
1286 3.4797 0
965 3.4688 0
1478 3.4576 0
1323 3.4542 0
1765 3.4513 0
1119 3.4411 0
1011 3.4304 0
629 3.4293 0
1066 3.4250 0
404 3.4248 0
1307 3.4167 0
1992 3.4167 0
1642 3.4132 0
1321 3.4096 0
1059 3.4095 0
813 3.4066 0
1224 3.4048 0
772 3.3865 0
544 3.3823 0
709 3.3771 0
1630 3.3721 0
1093 3.3636 0
1031 3.3565 0
643 3.3454 0
1171 3.3398 0
976 3.3315 0
1644 3.3304 0
1346 3.3247 0
1608 3.3193 0
110 3.3183 0
1009 3.3124 0
616 3.3065 0
1695 3.3029 0
1316 3.2999 0
1602 3.2971 0
827 3.2821 0
398 3.2709 0
608 3.2703 0
1345 3.2673 0
1324 3.2587 0
302 3.2575 0
970 3.2565 0
577 3.2559 0
1501 3.2542 0
254 3.2534 0
983 3.2487 0
1500 3.2442 0
800 3.2431 0
1558 3.2413 0
438 3.2271 0
1621 3.2194 0
303 3.2065 0
903 3.2027 0
959 3.2018 0
1447 3.1732 0
1207 3.1720 0
842 3.1658 0
1179 3.1626 0
478 3.1489 0
1561 3.1445 0
377 3.1357 0
347 3.1331 0
725 3.1246 0
781 3.1238 0
1242 3.1227 0
457 3.1219 0
1122 3.1096 0
1237 3.1035 0
1310 3.1004 0
1845 3.0942 0
522 3.0939 0
1422 3.0846 0
1499 3.0839 0
1510 3.0821 0
1634 3.0767 0
904 3.0686 0
798 3.0679 0
853 3.0611 0
1535 3.0574 0
13 3.0446 0
1215 3.0421 0
802 3.0414 0
1397 3.0359 1
1211 3.0256 0
638 3.0210 0
1229 3.0116 0
1263 3.0075 0
1691 3.0061 0
1082 2.9928 0
1598 2.9894 0
551 2.9874 0
816 2.9836 0
1269 2.9818 0
645 2.9807 0
1164 2.9560 0
1891 2.9552 0
1303 2.9532 0
902 2.9511 0
569 2.9479 0
1133 2.9447 0
311 2.9340 0
839 2.9316 0
1217 2.9223 0
1455 2.9214 0
617 2.9105 0
1168 2.9100 0
997 2.9083 0
1243 2.9069 0
1911 2.9058 0
624 2.8856 0
1312 2.8834 0
1015 2.8749 0
990 2.8711 0
912 2.8638 0
1332 2.8638 0
433 2.8566 0
1076 2.8555 0
1428 2.8487 0
1529 2.8466 0
1123 2.8420 0
1236 2.8402 0
695 2.8390 0
1571 2.8376 0
1255 2.8338 0
1653 2.8321 0
1622 2.8304 0
1081 2.8273 0
1594 2.8265 0
1407 2.8239 0
1546 2.8238 0
1060 2.8155 0
1149 2.8098 0
1457 2.8094 0
1092 2.8090 0
935 2.7995 0
1479 2.7987 0
821 2.7985 0
1882 2.7983 0
719 2.7929 0
403 2.7749 0
1182 2.7662 0
896 2.7644 0
1761 2.7611 0
788 2.7604 0
780 2.7575 0
744 2.7477 0
1456 2.7472 0
1556 2.7350 0
1808 2.7348 0
920 2.7290 0
54 2.7222 0
332 2.7160 0
496 2.7139 0
1498 2.7104 0
985 2.7094 0
844 2.7036 0
1772 2.7033 0
406 2.6976 0
1802 2.6846 0
1612 2.6806 0
786 2.6734 0
670 2.6717 0
1260 2.6704 0
1102 2.6673 0
1159 2.6668 0
710 2.6602 0
888 2.6578 0
883 2.6541 0
53 2.6513 0
862 2.6500 0
852 2.6498 0
858 2.6491 0
1160 2.6441 0
845 2.6361 0
1461 2.6357 0
822 2.6271 0
815 2.6191 0
1596 2.6191 0
818 2.6173 0
324 2.6152 0
1439 2.6103 0
891 2.6092 0
1790 2.6083 0
1239 2.6040 0
1885 2.6037 0
501 2.6019 0
1143 2.6010 0
1458 2.6007 0
835 2.5994 0
43 2.5985 0
1227 2.5878 0
682 2.5842 0
705 2.5793 0
1158 2.5761 0
1413 2.5736 0
1519 2.5604 0
1978 2.5422 0
1418 2.5329 0
779 2.5288 0
48 2.5201 0
519 2.5108 0
1875 2.5062 0
1191 2.5044 0
711 2.4777 0
782 2.4766 0
1873 2.4743 0
1277 2.4695 0
427 2.4656 0
1564 2.4611 0
238 2.4598 0
1507 2.4596 0
944 2.4563 0
439 2.4562 0
878 2.4548 0
701 2.4542 0
1197 2.4515 0
971 2.4499 0
320 2.4479 0
1162 2.4452 0
1414 2.4431 0
1799 2.4399 0
1539 2.4375 0
1216 2.4309 0
1022 2.4239 0
948 2.4238 0
887 2.4211 0
1861 2.4201 0
1167 2.4200 0
1877 2.4161 0
940 2.4147 0
1773 2.4037 0
1347 2.4013 0
683 2.4009 0
1245 2.3955 0
881 2.3946 0
738 2.3944 0
1169 2.3907 0
1609 2.3878 0
1846 2.3865 0
820 2.3865 0
1326 2.3803 0
485 2.3687 0
747 2.3617 0
1061 2.3611 0
914 2.3527 0
1451 2.3521 0
647 2.3472 0
402 2.3415 0
1282 2.3405 0
1194 2.3389 0
437 2.3366 0
1424 2.3258 0
657 2.3234 0
1577 2.3190 0
1336 2.3186 0
836 2.3089 0
870 2.3088 0
1129 2.3041 0
825 2.2993 0
581 2.2955 0
463 2.2939 0
1110 2.2894 0
1200 2.2785 0
922 2.2732 0
338 2.2675 0
869 2.2586 0
1508 2.2555 0
1933 2.2500 0
1874 2.2487 0
1157 2.2474 0
588 2.2409 0
1437 2.2403 0
1853 2.2364 0
1100 2.2343 0
118 2.2306 0
1573 2.2271 0
1572 2.2230 0
1223 2.2220 0
1574 2.2170 0
1831 2.2089 0
998 2.2059 0
1771 2.2047 0
1952 2.2030 0
1595 2.2029 0
354 2.2027 0
1450 2.1909 0
841 2.1880 0
686 2.1809 0
792 2.1806 0
376 2.1764 0
1068 2.1694 0
951 2.1689 0
162 2.1616 0
527 2.1580 0
484 2.1538 0
1581 2.1506 0
388 2.1480 0
1591 2.1413 0
370 2.1404 0
1934 2.1366 0
1045 2.1256 0
16 2.1194 0
1412 2.1175 0
510 2.1109 0
1962 2.1105 0
1809 2.0930 0
1462 2.0884 0
1056 2.0871 0
1506 2.0870 0
1183 2.0862 0
1567 2.0818 0
1055 2.0812 0
1032 2.0805 0
524 2.0720 0
1973 2.0660 0
1791 2.0644 0
956 2.0620 0
848 2.0551 0
1870 2.0445 0
360 2.0360 0
1101 2.0345 0
806 2.0338 0
1196 2.0255 0
466 2.0249 0
1787 2.0222 0
1618 2.0221 0
1127 2.0217 0
362 2.0165 0
325 2.0143 0
876 2.0077 0
337 2.0046 0
1090 2.0028 0
666 1.9987 0
1453 1.9974 0
1449 1.9946 0
218 1.9938 0
158 1.9802 0
361 1.9783 0
712 1.9693 0
506 1.9683 0
751 1.9627 0
4 1.9598 0
1668 1.9528 0
694 1.9510 0
422 1.9473 0
1272 1.9472 0
204 1.9448 0
419 1.9404 0
1726 1.9397 0
1827 1.9397 0
1008 1.9388 0
557 1.9379 0
1313 1.9348 0
745 1.9345 0
529 1.9316 0
563 1.9296 0
102 1.9286 0
1156 1.9194 0
713 1.9101 0
1590 1.9036 0
63 1.9011 0
811 1.8959 0
1118 1.8914 0
497 1.8908 0
1096 1.8844 0
364 1.8833 0
805 1.8824 0
1760 1.8701 0
1792 1.8696 0
1619 1.8618 0
1173 1.8599 0
607 1.8514 0
89 1.8413 0
1244 1.8258 0
960 1.8206 0
389 1.8204 0
1002 1.8134 0
358 1.8129 0
326 1.8112 0
1864 1.8111 0
1914 1.8096 0
1071 1.8060 0
924 1.8056 0
455 1.8042 0
1067 1.8010 0
1147 1.7969 0
1198 1.7963 0
545 1.7924 0
1779 1.7882 0
1165 1.7856 0
19 1.7847 0
1502 1.7819 0
340 1.7804 0
1140 1.7793 0
7 1.7781 0
674 1.7743 0
1434 1.7714 0
633 1.7691 0
396 1.7657 0
1837 1.7638 0
515 1.7525 0
1893 1.7506 0
1749 1.7490 0
1117 1.7487 0
702 1.7464 0
405 1.7396 0
1601 1.7388 0
1766 1.7377 0
1292 1.7354 0
1114 1.7335 0
1838 1.7323 0
1030 1.7322 0
642 1.7317 0
114 1.7282 0
339 1.7250 0
135 1.7243 0
667 1.7234 0
1704 1.7230 0
1329 1.7194 0
1038 1.7157 0
495 1.7099 0
476 1.7053 0
1219 1.7040 0
481 1.7035 0
230 1.7029 0
417 1.7015 0
1915 1.6984 0
1493 1.6939 0
395 1.6869 0
1052 1.6861 0
1855 1.6837 0
133 1.6816 0
911 1.6752 0
1797 1.6675 0
309 1.6593 0
1998 1.6506 0
215 1.6487 0
761 1.6419 0
310 1.6332 0
578 1.6308 0
1212 1.6279 0
1778 1.6255 0
239 1.6252 0
928 1.6185 0
1892 1.6142 0
566 1.6132 0
1128 1.6126 0
897 1.6077 0
111 1.6003 0
351 1.5979 0
885 1.5942 0
11 1.5923 0
905 1.5922 0
1966 1.5899 0
954 1.5871 0
472 1.5781 0
1640 1.5781 0
1732 1.5739 0
505 1.5704 0
29 1.5702 0
1402 1.5660 0
416 1.5659 0
847 1.5637 0
930 1.5614 0
1670 1.5600 0
100 1.5581 0
1467 1.5536 0
518 1.5495 0
1538 1.5491 0
1959 1.5480 0
996 1.5450 0
937 1.5376 0
967 1.5359 0
698 1.5324 0
1800 1.5300 0
1613 1.5294 0
812 1.5242 0
1161 1.5227 0
1485 1.5225 0
936 1.5193 0
649 1.5171 0
599 1.5121 0
907 1.5118 0
523 1.5109 0
1262 1.5088 0
381 1.5087 0
1091 1.4960 0
1463 1.4930 0
1150 1.4888 0
1483 1.4868 0
1044 1.4808 0
669 1.4750 0
1555 1.4731 0
977 1.4700 0
753 1.4651 0
831 1.4642 0
1144 1.4611 0
1205 1.4569 0
606 1.4503 0
1001 1.4453 0
984 1.4448 0
1074 1.4439 0
2 1.4416 0
1724 1.4383 0
123 1.4348 0
1126 1.4343 0
1420 1.4242 0
1505 1.4171 0
771 1.4162 0
1764 1.4102 0
932 1.4096 0
1222 1.4058 0
1078 1.3960 0
1403 1.3942 0
62 1.3909 0
767 1.3894 0
470 1.3852 0
547 1.3814 0
1587 1.3813 0
475 1.3776 0
1072 1.3667 0
355 1.3641 0
1189 1.3628 0
10 1.3579 0
612 1.3566 0
431 1.3488 0
1152 1.3487 0
1477 1.3471 0
32 1.3468 0
766 1.3464 0
1199 1.3417 0
909 1.3363 0
421 1.3288 0
144 1.3288 0
809 1.3270 0
284 1.3237 0
534 1.3217 0
863 1.3189 0
886 1.3137 0
482 1.3116 0
755 1.3108 0
614 1.3107 0
1806 1.3094 0
479 1.3052 0
1784 1.3013 0
1638 1.2988 0
41 1.2976 0
906 1.2975 0
1593 1.2938 0
487 1.2933 0
1795 1.2895 0
1226 1.2886 0
1916 1.2871 0
764 1.2834 0
458 1.2821 0
773 1.2803 0
604 1.2769 0
1280 1.2766 0
47 1.2752 0
440 1.2751 0
1225 1.2691 0
281 1.2690 0
1566 1.2603 0
232 1.2572 0
536 1.2406 0
651 1.2402 0
754 1.2365 0
1427 1.2361 0
1406 1.2332 0
1163 1.2306 0
380 1.2295 0
1417 1.2294 0
621 1.2271 0
1974 1.2268 0
875 1.2222 0
1203 1.2211 0
763 1.2197 0
1769 1.2194 0
1570 1.2187 0
1937 1.2136 0
1339 1.2102 0
1232 1.2058 0
180 1.2031 0
1585 1.2018 0
1751 1.1957 0
18 1.1942 0
736 1.1907 0
1192 1.1907 0
1723 1.1896 0
1220 1.1770 0
426 1.1744 0
1995 1.1735 0
1010 1.1712 0
127 1.1681 0
939 1.1601 0
1247 1.1554 0
950 1.1519 0
899 1.1477 0
1188 1.1462 0
24 1.1443 0
448 1.1397 0
1862 1.1339 0
609 1.1305 0
1005 1.1232 0
1295 1.1228 0
1568 1.1217 0
255 1.1168 0
1073 1.1134 0
387 1.1113 0
1021 1.1092 0
1069 1.1037 0
952 1.1036 0
1474 1.1010 0
992 1.1001 0
1563 1.0952 0
341 1.0935 0
715 1.0897 0
679 1.0873 0
334 1.0859 0
117 1.0812 0
1553 1.0810 0
1134 1.0799 0
945 1.0760 0
3 1.0745 0
597 1.0742 0
1464 1.0732 0
646 1.0715 0
704 1.0705 0
1034 1.0702 0
918 1.0686 0
1719 1.0681 0
1734 1.0674 0
336 1.0585 0
957 1.0583 0
1208 1.0514 0
548 1.0507 0
988 1.0463 0
1175 1.0453 0
348 1.0410 0
1017 1.0396 0
236 1.0374 0
42 1.0348 0
531 1.0323 0
627 1.0285 0
1121 1.0267 0
572 1.0182 0
1405 1.0175 0
1446 1.0136 0
228 1.0127 0
378 1.0106 0
1548 1.0093 0
516 1.0078 0
1705 1.0056 0
371 1.0045 0
1065 0.9993 0
471 0.9979 0
615 0.9978 0
504 0.9942 0
700 0.9919 0
532 0.9909 0
1210 0.9899 0
942 0.9858 0
1445 0.9844 0
1099 0.9721 0
1777 0.9665 0
287 0.9661 0
1961 0.9628 0
901 0.9591 0
1737 0.9577 0
979 0.9573 0
1872 0.9544 0
488 0.9543 0
517 0.9528 0
106 0.9440 0
721 0.9414 0
446 0.9361 0
69 0.9312 0
365 0.9232 0
9 0.9225 0
733 0.9165 0
1108 0.9039 0
367 0.9013 0
1489 0.8868 0
1721 0.8862 0
512 0.8840 0
592 0.8818 0
1848 0.8817 0
423 0.8813 0
1426 0.8747 0
1187 0.8726 0
1442 0.8719 0
1894 0.8709 0
1942 0.8701 0
1231 0.8598 0
1145 0.8555 0
752 0.8544 0
1866 0.8471 0
1910 0.8433 0
1798 0.8411 0
494 0.8403 0
1906 0.8277 0
1954 0.8257 0
27 0.8247 0
1016 0.8186 0
1666 0.8152 0
1562 0.8143 0
359 0.8102 0
925 0.8081 0
328 0.8072 0
814 0.8055 0
1064 0.7980 0
1728 0.7949 0
546 0.7934 0
1860 0.7898 0
1178 0.7756 0
697 0.7753 0
573 0.7728 0
520 0.7702 0
1624 0.7689 0
565 0.7644 0
1028 0.7577 0
760 0.7563 0
1490 0.7546 0
770 0.7480 0
625 0.7476 0
1264 0.7429 0
571 0.7385 0
602 0.7277 0
1796 0.7258 0
1886 0.7227 0
1718 0.7185 0
96 0.7101 0
1288 0.7100 0
568 0.7080 0
1049 0.7041 0
245 0.7033 0
1040 0.7005 0
1579 0.6871 0
1754 0.6862 0
1951 0.6858 0
1768 0.6789 0
1488 0.6755 0
480 0.6742 0
1007 0.6737 0
1293 0.6717 0
46 0.6686 0
1411 0.6660 0
1816 0.6624 0
366 0.6610 0
837 0.6575 0
648 0.6566 0
384 0.6491 0
543 0.6465 0
590 0.6447 0
372 0.6440 0
1202 0.6422 0
1988 0.6404 0
570 0.6356 0
556 0.6346 0
350 0.6334 0
182 0.6326 0
436 0.6292 0
291 0.6257 0
1285 0.6222 0
368 0.6216 0
966 0.6160 0
741 0.6133 0
1181 0.6106 0
1869 0.6059 0
1206 0.6035 0
1342 0.6029 0
1289 0.6008 0
730 0.5943 0
70 0.5846 0
931 0.5845 0
293 0.5835 0
600 0.5789 0
1098 0.5788 0
832 0.5781 0
1322 0.5770 0
82 0.5632 0
91 0.5612 0
743 0.5582 0
508 0.5511 0
1895 0.5493 0
393 0.5467 0
851 0.5403 0
1340 0.5388 0
45 0.5220 0
1883 0.5184 0
265 0.5143 0
595 0.5142 0
1807 0.5135 0
1868 0.5033 0
639 0.5023 0
356 0.4983 0
1086 0.4969 0
412 0.4946 0
1268 0.4886 0
1408 0.4845 0
1063 0.4741 0
5 0.4732 0
264 0.4726 0
720 0.4668 0
136 0.4643 0
734 0.4606 0
67 0.4579 0
1148 0.4533 0
1087 0.4520 0
237 0.4511 0
231 0.4427 0
1569 0.4307 0
727 0.4305 0
35 0.4299 0
1903 0.4297 0
921 0.4268 0
1448 0.4263 0
1904 0.4243 0
1137 0.4222 0
149 0.4180 0
21 0.4180 0
12 0.4155 0
344 0.4059 0
273 0.4016 0
277 0.4002 0
1898 0.3988 0
1425 0.3964 0
768 0.3960 0
758 0.3951 0
1935 0.3914 0
859 0.3874 0
750 0.3867 0
555 0.3861 0
632 0.3849 0
301 0.3845 0
374 0.3799 0
722 0.3745 0
1141 0.3734 0
257 0.3616 0
313 0.3614 0
30 0.3611 0
796 0.3589 0
1746 0.3458 0
1136 0.3416 0
910 0.3392 0
1786 0.3345 0
1913 0.3339 0
728 0.3322 0
1834 0.3304 0
1085 0.3301 0
1241 0.3289 0
974 0.3256 0
1763 0.3204 0
103 0.3182 0
982 0.3172 0
995 0.3151 0
1762 0.3134 0
947 0.3130 0
1287 0.3116 0
1599 0.3063 0
214 0.3050 0
661 0.3033 0
1858 0.3020 0
1948 0.3008 0
435 0.2927 0
156 0.2925 0
1757 0.2900 0
186 0.2793 0
424 0.2790 0
251 0.2761 0
413 0.2754 0
491 0.2740 0
1051 0.2683 0
1930 0.2655 0
986 0.2641 0
473 0.2621 0
1725 0.2613 0
1747 0.2613 0
1551 0.2591 0
369 0.2562 0
418 0.2486 0
1759 0.2467 0
799 0.2465 0
327 0.2449 0
739 0.2425 0
299 0.2384 0
1801 0.2310 0
34 0.2309 0
1033 0.2285 0
1094 0.2285 0
1271 0.2277 0
203 0.2262 0
1900 0.2237 0
201 0.2145 0
430 0.2105 0
893 0.2074 0
1185 0.2068 0
1139 0.2053 0
211 0.2036 0
564 0.2027 0
865 0.2025 0
872 0.1967 0
1204 0.1935 0
1919 0.1730 0
923 0.1721 0
582 0.1716 0
1968 0.1675 0
579 0.1671 0
1438 0.1631 0
1299 0.1560 0
1120 0.1550 0
483 0.1549 0
696 0.1549 0
580 0.1526 0
86 0.1485 0
955 0.1468 0
703 0.1454 0
1481 0.1436 0
962 0.1411 0
94 0.1361 0
1888 0.1357 0
454 0.1332 0
1003 0.1299 0
409 0.1286 0
1331 0.1253 0
1781 0.1191 0
1 0.1170 0
1981 0.1157 0
1752 0.1144 0
1230 0.1116 0
784 0.1096 0
1014 0.1059 0
248 0.1052 0
783 0.1012 0
97 0.0957 0
1733 0.0954 0
1435 0.0935 0
272 0.0915 0
1240 0.0899 0
620 0.0880 0
124 0.0856 0
1985 0.0828 0
462 0.0789 0
538 0.0715 0
132 0.0684 0
834 0.0665 0
1135 0.0638 0
1921 0.0604 0
1989 0.0480 0
927 0.0461 0
164 0.0326 0
323 0.0279 0
1468 0.0259 0
1444 0.0208 0
535 0.0204 0
1257 0.0182 0
282 0.0177 0
1610 0.0174 0
1492 0.0110 0
1415 0.0102 0
1822 0.0034 0
1972 0.0021 0
357 0.0005 0
129 -0.0026 0
1472 -0.0062 0
1296 -0.0116 0
587 -0.0123 0
206 -0.0136 0
305 -0.0149 0
584 -0.0153 0
526 -0.0179 0
143 -0.0221 0
1850 -0.0229 0
589 -0.0230 0
1043 -0.0251 0
946 -0.0294 0
737 -0.0305 0
1166 -0.0321 0
618 -0.0370 0
243 -0.0402 0
0 -0.0427 0
200 -0.0527 0
708 -0.0537 0
415 -0.0551 0
1943 -0.0552 0
492 -0.0603 0
1276 -0.0661 0
567 -0.0728 0
207 -0.0827 0
605 -0.0896 0
1309 -0.0901 0
1731 -0.0914 0
1702 -0.0927 0
1716 -0.0948 0
169 -0.1025 0
453 -0.1084 0
171 -0.1105 0
994 -0.1112 0
714 -0.1166 0
499 -0.1194 0
929 -0.1273 0
916 -0.1341 0
1130 -0.1369 0
1261 -0.1372 0
213 -0.1431 0
25 -0.1439 0
1131 -0.1443 0
15 -0.1452 0
329 -0.1463 0
85 -0.1495 0
898 -0.1570 0
817 -0.1636 0
1880 -0.1643 0
819 -0.1748 0
400 -0.1748 0
1041 -0.1763 0
1469 -0.1775 0
1432 -0.1792 0
242 -0.1811 0
637 -0.1838 0
840 -0.1841 0
1328 -0.1856 0
1770 -0.1899 0
1833 -0.1936 0
926 -0.1996 0
1109 -0.2009 0
591 -0.2156 0
408 -0.2156 0
225 -0.2159 0
601 -0.2168 0
933 -0.2198 0
321 -0.2200 0
382 -0.2268 0
1004 -0.2277 0
846 -0.2288 0
1079 -0.2297 0
634 -0.2315 0
681 -0.2329 0
1115 -0.2374 0
1270 -0.2374 0
383 -0.2413 0
934 -0.2441 0
391 -0.2511 0
1884 -0.2584 0
1035 -0.2613 0
1088 -0.2651 0
1941 -0.2697 0
1986 -0.2704 0
1854 -0.2825 0
735 -0.2830 0
562 -0.2846 0
1905 -0.2960 0
1729 -0.2986 0
774 -0.3017 0
533 -0.3034 0
726 -0.3035 0
1024 -0.3065 0
266 -0.3071 0
425 -0.3107 0
464 -0.3174 0
1275 -0.3198 0
379 -0.3199 0
1896 -0.3203 0
1338 -0.3206 0
808 -0.3279 0
1193 -0.3294 0
1889 -0.3299 0
1991 -0.3308 0
789 -0.3320 0
115 -0.3436 0
460 -0.3460 0
126 -0.3535 0
77 -0.3569 0
1306 -0.3625 0
1908 -0.3634 0
66 -0.3654 0
1253 -0.3660 0
731 -0.3676 0
385 -0.3688 0
613 -0.3716 0
635 -0.3750 0
611 -0.3805 0
603 -0.3846 0
1997 -0.3876 0
550 -0.3925 0
1576 -0.3952 0
692 -0.3959 0
1441 -0.3979 0
1344 -0.4001 0
317 -0.4026 0
83 -0.4118 0
447 -0.4122 0
285 -0.4133 0
55 -0.4181 0
290 -0.4231 0
1980 -0.4263 0
450 -0.4278 0
1856 -0.4324 0
1089 -0.4347 0
1132 -0.4351 0
76 -0.4391 0
84 -0.4398 0
56 -0.4416 0
554 -0.4428 0
1829 -0.4486 0
1929 -0.4548 0
167 -0.4590 0
1025 -0.4609 0
1409 -0.4794 0
1180 -0.4825 0
240 -0.4829 0
262 -0.4831 0
168 -0.4837 0
749 -0.4852 0
445 -0.4854 0
1278 -0.4855 0
263 -0.4958 0
1290 -0.5127 0
1936 -0.5234 0
913 -0.5301 0
1782 -0.5303 0
1931 -0.5322 0
1957 -0.5389 0
333 -0.5399 0
73 -0.5453 0
312 -0.5614 0
785 -0.5635 0
92 -0.5743 0
1793 -0.5808 0
1496 -0.6050 0
1075 -0.6251 0
1029 -0.6273 0
1949 -0.6363 0
1186 -0.6378 0
210 -0.6454 0
1945 -0.6462 0
59 -0.6469 0
742 -0.6482 0
1994 -0.6491 0
397 -0.6551 0
1401 -0.6633 0
644 -0.6715 0
20 -0.6716 0
256 -0.6726 0
549 -0.6738 0
352 -0.6751 0
1825 -0.6778 0
112 -0.6800 0
525 -0.6804 0
23 -0.6830 0
113 -0.6851 0
640 -0.6867 0
1996 -0.6883 0
1013 -0.6929 0
1871 -0.6940 0
1018 -0.6980 0
289 -0.6998 0
184 -0.7010 0
1283 -0.7023 0
1214 -0.7097 0
227 -0.7226 0
31 -0.7261 0
188 -0.7277 0
275 -0.7326 0
917 -0.7360 0
1922 -0.7413 0
540 -0.7432 0
304 -0.7470 0
1956 -0.7568 0
1710 -0.7578 0
1912 -0.7589 0
222 -0.7601 0
1901 -0.7614 0
1944 -0.7764 0
1927 -0.7784 0
1828 -0.7824 0
1852 -0.7890 0
319 -0.7914 0
1990 -0.7952 0
1419 -0.7958 0
363 -0.8003 0
330 -0.8037 0
170 -0.8085 0
474 -0.8120 0
260 -0.8127 0
148 -0.8158 0
61 -0.8162 0
36 -0.8202 0
1924 -0.8333 0
1084 -0.8379 0
1842 -0.8452 0
1111 -0.8481 0
1155 -0.8540 0
154 -0.8578 0
1805 -0.8592 0
28 -0.8613 0
1863 -0.8647 0
1727 -0.8665 0
217 -0.8673 0
610 -0.8740 0
1964 -0.8748 0
1279 -0.8864 0
1142 -0.8887 0
1327 -0.8895 0
500 -0.9014 0
1844 -0.9075 0
1878 -0.9086 0
1170 -0.9162 0
1755 -0.9200 0
864 -0.9238 0
1423 -0.9250 0
353 -0.9250 0
1847 -0.9256 0
1785 -0.9264 0
1955 -0.9302 0
294 -0.9344 0
392 -0.9372 0
833 -0.9482 0
628 -0.9506 0
139 -0.9609 0
252 -0.9686 0
74 -0.9691 0
51 -0.9747 0
109 -0.9760 0
101 -0.9834 0
1971 -0.9850 0
107 -0.9944 0
718 -0.9972 0
399 -1.0071 0
1813 -1.0091 0
247 -1.0097 0
1113 -1.0112 0
268 -1.0126 0
140 -1.0127 0
716 -1.0127 0
1920 -1.0165 0
52 -1.0237 0
1706 -1.0254 0
120 -1.0354 0
274 -1.0396 0
172 -1.0403 0
1083 -1.0464 0
1715 -1.0468 0
849 -1.0486 0
1730 -1.0499 0
267 -1.0567 0
1839 -1.0569 0
963 -1.0617 0
1976 -1.0618 0
375 -1.0618 0
1722 -1.0627 0
1300 -1.0651 0
209 -1.0662 0
1960 -1.0704 0
539 -1.0727 0
1020 -1.0740 0
1830 -1.0766 0
1284 -1.0855 0
1947 -1.0864 0
890 -1.0867 0
1103 -1.0869 0
249 -1.0874 0
298 -1.0899 0
283 -1.0908 0
1006 -1.1005 0
1925 -1.1055 0
145 -1.1119 0
193 -1.1227 0
1440 -1.1262 0
1946 -1.1272 0
1743 -1.1321 0
119 -1.1329 0
1712 -1.1523 0
1714 -1.1593 0
17 -1.1594 0
467 -1.1595 0
769 -1.1650 0
1821 -1.1661 0
1820 -1.1666 0
843 -1.1729 0
1176 -1.1792 0
1745 -1.1868 0
1037 -1.1901 0
1939 -1.1912 0
386 -1.1940 0
128 -1.1979 0
121 -1.2054 0
271 -1.2215 0
95 -1.2297 0
1116 -1.2300 0
915 -1.2321 0
964 -1.2327 0
390 -1.2413 0
1938 -1.2425 0
456 -1.2441 0
234 -1.2446 0
1897 -1.2503 0
1812 -1.2519 0
8 -1.2524 0
1836 -1.2572 0
1926 -1.2598 0
542 -1.2697 0
443 -1.2747 0
161 -1.2762 0
1918 -1.2827 0
80 -1.2830 0
561 -1.2832 0
596 -1.2866 0
489 -1.2900 0
1940 -1.2910 0
187 -1.2985 0
152 -1.3197 0
165 -1.3219 0
1314 -1.3273 0
1967 -1.3295 0
1744 -1.3375 0
583 -1.3640 0
1054 -1.3775 0
1756 -1.3799 0
943 -1.3800 0
1804 -1.3885 0
1977 -1.3886 0
1993 -1.3913 0
1965 -1.4003 0
1979 -1.4115 0
1097 -1.4154 0
147 -1.4178 0
108 -1.4183 0
1890 -1.4194 0
598 -1.4331 0
1832 -1.4378 0
1739 -1.4422 0
778 -1.4510 0
177 -1.4514 0
130 -1.4668 0
829 -1.4688 0
1811 -1.4724 0
259 -1.4868 0
189 -1.4879 0
776 -1.4940 0
261 -1.4940 0
88 -1.5060 0
1824 -1.5092 0
553 -1.5103 0
235 -1.5164 0
195 -1.5272 0
216 -1.5286 0
1953 -1.5328 0
1963 -1.5358 0
586 -1.5530 0
908 -1.5555 0
220 -1.5635 0
146 -1.5663 0
1794 -1.5678 0
1887 -1.5809 0
1738 -1.5886 0
1741 -1.5931 0
1907 -1.6060 0
78 -1.6109 0
1818 -1.6130 0
116 -1.6141 0
1106 -1.6218 0
1928 -1.6253 0
1421 -1.6282 0
202 -1.6458 0
1975 -1.6473 0
288 -1.6480 0
1851 -1.6602 0
244 -1.6667 0
575 -1.6725 0
507 -1.6749 0
503 -1.6820 0
57 -1.6912 0
253 -1.6916 0
1742 -1.6924 0
1305 -1.6995 0
208 -1.7043 0
1819 -1.7137 0
1999 -1.7269 0
1909 -1.7322 0
246 -1.7351 0
1048 -1.7381 0
93 -1.7428 0
315 -1.7440 0
150 -1.7441 0
411 -1.7546 0
99 -1.7581 0
229 -1.7591 0
292 -1.7628 0
514 -1.7628 0
838 -1.7646 0
1902 -1.7705 0
1265 -1.7707 0
196 -1.7791 0
987 -1.7869 0
1707 -1.7883 0
1970 -1.7959 0
1840 -1.7983 0
1823 -1.8018 0
707 -1.8078 0
1810 -1.8123 0
1932 -1.8266 0
477 -1.8295 0
223 -1.8433 0
1404 -1.8474 0
461 -1.8539 0
1711 -1.8581 0
729 -1.8704 0
75 -1.8730 0
1254 -1.8756 0
1036 -1.8853 0
190 -1.8869 0
134 -1.8987 0
104 -1.9021 0
1969 -1.9033 0
71 -1.9074 0
1325 -1.9167 0
159 -1.9255 0
297 -1.9294 0
205 -1.9301 0
1042 -1.9467 0
468 -1.9491 0
79 -1.9633 0
1709 -1.9723 0
1899 -1.9998 0
432 -2.0006 0
1431 -2.0063 0
1867 -2.0073 0
558 -2.0157 0
286 -2.0194 0
1865 -2.0270 0
219 -2.0307 0
174 -2.0326 0
1817 -2.0471 0
22 -2.0511 0
160 -2.0530 0
1700 -2.0631 0
1736 -2.0781 0
428 -2.0825 0
593 -2.0880 0
198 -2.1020 0
131 -2.1119 0
1735 -2.1136 0
269 -2.1218 0
153 -2.1258 0
1026 -2.1473 0
1717 -2.1484 0
14 -2.1550 0
1843 -2.1645 0
105 -2.1712 0
87 -2.1765 0
1708 -2.1826 0
137 -2.1901 0
1341 -2.1924 0
1815 -2.2053 0
394 -2.2187 0
1105 -2.2321 0
1046 -2.2395 0
64 -2.2554 0
900 -2.2611 0
559 -2.2822 0
138 -2.2915 0
65 -2.2949 0
58 -2.2994 0
212 -2.3035 0
197 -2.3078 0
511 -2.3323 0
1077 -2.3325 0
1917 -2.3416 0
1987 -2.3482 0
509 -2.3961 0
37 -2.4133 0
1803 -2.4247 0
1266 -2.4687 0
1259 -2.4703 0
142 -2.4771 0
807 -2.4821 0
465 -2.4846 0
1012 -2.4973 0
270 -2.5023 0
183 -2.5024 0
830 -2.5106 0
181 -2.5242 0
1713 -2.5479 0
176 -2.5582 0
157 -2.5708 0
318 -2.5777 0
175 -2.5826 0
502 -2.5918 0
60 -2.6072 0
1019 -2.6092 0
1950 -2.6458 0
258 -2.6505 0
26 -2.6662 0
1958 -2.6692 0
1023 -2.7001 0
6 -2.7105 0
1125 -2.7197 0
179 -2.7526 0
72 -2.7552 0
1748 -2.7689 0
155 -2.7840 0
250 -2.8111 0
173 -2.8153 0
221 -2.8301 0
486 -2.8339 0
280 -2.8384 0
1400 -2.8433 0
1703 -2.8879 0
1436 -2.9106 0
1841 -2.9220 0
1335 -2.9286 0
151 -2.9559 0
1984 -2.9861 0
199 -2.9961 0
122 -3.0354 0
732 -3.0436 0
1720 -3.0628 0
1983 -3.1026 0
279 -3.1035 0
459 -3.1040 0
125 -3.1409 0
1982 -3.1617 0
1252 -3.1756 0
185 -3.1766 0
276 -3.2061 0
224 -3.2753 0
141 -3.3031 0
68 -3.3531 0
178 -3.3556 0
1740 -3.3563 0
322 -3.3569 0
1256 -3.3896 0
39 -3.4573 0
194 -3.4676 0
50 -3.4967 0
1250 -3.5018 0
1857 -3.5118 0
1826 -3.5407 0
38 -3.5437 0
1814 -3.6146 0
636 -3.6389 0
1835 -3.6881 0
585 -3.7711 0
530 -3.8999 0
498 -3.9038 0
166 -3.9041 0
295 -3.9860 0
1775 -3.9910 0
163 -3.9970 0
1174 -4.0258 0
296 -4.1036 0
1267 -4.2288 0
191 -4.3442 0
1291 -4.3986 0
192 -4.4195 0
804 -4.4977 0
1849 -4.7988 0
90 -5.2256 0
1701 -5.7715 0
