1421 29.9586 1
1442 27.1878 1
1411 26.2217 1
1419 25.5459 1
1416 24.8283 1
1415 24.6882 1
1428 22.1431 1
1404 20.7899 1
1423 20.6902 1
1441 20.3266 1
1436 20.0007 1
1435 19.8483 1
1400 18.9002 1
1401 18.7361 1
1414 18.1909 1
1405 17.4843 1
1449 17.0035 1
1403 15.7710 1
1413 15.6375 1
1420 15.1037 1
1448 15.0964 1
1240 14.4624 0
459 13.4050 0
1444 13.2634 1
1437 13.1963 1
464 13.0715 0
1443 13.0172 1
1438 12.9507 1
1431 12.7903 1
1426 12.7276 1
489 12.7070 0
1417 12.5223 1
1446 12.4589 1
1440 12.2285 1
1236 11.9517 0
1238 11.8897 0
1217 10.5837 0
1445 10.1657 1
1430 10.0447 1
468 9.6775 0
1432 9.3377 1
504 9.3172 0
1200 9.2445 0
1434 9.1779 1
1433 9.1144 1
1991 8.8804 0
1224 8.8356 0
455 8.7732 0
1233 8.2588 0
886 8.1274 0
475 8.0247 0
1237 7.7452 0
1409 7.7360 1
482 7.5213 0
1422 7.1662 1
471 7.1396 0
554 7.0743 0
180 7.0655 0
1229 7.0011 0
477 6.9363 0
1227 6.9162 0
304 6.8822 0
438 6.7930 0
1933 6.7720 0
1402 6.5875 1
1412 6.5251 1
476 6.5157 0
164 6.4923 0
497 6.4611 0
1429 6.3248 1
1410 6.0322 1
1638 5.9643 0
1624 5.9203 0
1232 5.9130 0
1418 5.8226 1
1215 5.6914 0
458 5.6887 0
1249 5.6391 0
1228 5.6092 0
1207 5.6049 0
538 5.5822 0
492 5.5422 0
470 5.4261 0
1087 5.3463 0
1439 5.3428 1
1208 5.2232 0
1425 5.2150 1
498 5.1811 0
1461 4.9826 0
1752 4.9749 0
1831 4.8535 0
756 4.8394 0
692 4.8254 0
1220 4.7479 0
1447 4.7250 1
1851 4.7073 0
1246 4.6854 0
1880 4.6501 0
1648 4.6102 0
1424 4.6013 1
600 4.5904 0
346 4.5611 0
1231 4.5356 0
396 4.4750 0
582 4.4377 0
598 4.4300 0
1248 4.3898 0
1867 4.2910 0
244 4.2428 0
1214 4.2274 0
1211 4.2222 0
496 4.2158 0
1576 4.2151 0
385 4.1853 0
230 4.1816 0
473 4.1527 0
964 4.1007 0
119 4.0724 0
1235 4.0479 0
1184 4.0375 0
491 4.0346 0
1540 4.0337 0
429 4.0233 0
1209 3.9871 0
592 3.9546 0
593 3.9101 0
774 3.8678 0
934 3.8519 0
212 3.8459 0
1905 3.8295 0
1585 3.8118 0
1226 3.7848 0
472 3.7585 0
578 3.7574 0
1639 3.7512 0
1319 3.7434 0
856 3.7165 0
1619 3.6829 0
1222 3.6331 0
465 3.6028 0
1957 3.5990 0
11 3.5902 0
954 3.5781 0
1380 3.5704 0
1668 3.5665 0
1221 3.5502 0
1223 3.5313 0
1212 3.5267 0
16 3.5057 0
1617 3.4825 0
1345 3.4798 0
319 3.4733 0
236 3.4715 0
535 3.4714 0
1070 3.4634 0
273 3.4284 0
872 3.4253 0
1911 3.4065 0
1164 3.4005 0
234 3.3864 0
569 3.3842 0
1234 3.3782 0
1041 3.3361 0
1247 3.3287 0
558 3.2895 0
1203 3.2843 0
869 3.2785 0
240 3.2512 0
454 3.2337 0
791 3.2243 0
1406 3.2230 1
1110 3.2222 0
242 3.2141 0
565 3.1968 0
1894 3.1952 0
41 3.1485 0
1043 3.1376 0
894 3.1329 0
1062 3.1170 0
1204 3.1148 0
338 3.1107 0
1427 3.1050 1
885 3.1046 0
1857 3.0987 0
478 3.0711 0
43 3.0542 0
1216 3.0520 0
137 3.0466 0
249 3.0257 0
1588 3.0170 0
431 3.0042 0
540 2.9843 0
975 2.9777 0
32 2.9757 0
334 2.9720 0
1186 2.9715 0
345 2.9692 0
488 2.9627 0
1893 2.9620 0
1327 2.9600 0
466 2.9586 0
1464 2.9513 0
1508 2.9366 0
597 2.9359 0
1213 2.9342 0
579 2.9103 0
1274 2.9063 0
200 2.9045 0
566 2.8792 0
738 2.8508 0
1948 2.8485 0
1870 2.8362 0
1589 2.8150 0
1202 2.8119 0
321 2.8115 0
151 2.8104 0
1311 2.7838 0
167 2.7805 0
962 2.7643 0
1144 2.7615 0
460 2.7501 0
1308 2.7410 0
1763 2.7405 0
1496 2.7401 0
762 2.7362 0
717 2.7189 0
25 2.7103 0
1219 2.6978 0
390 2.6946 0
423 2.6873 0
1466 2.6759 0
1158 2.6717 0
528 2.6520 0
432 2.6458 0
724 2.6411 0
574 2.6262 0
1201 2.6055 0
224 2.6008 0
1205 2.5986 0
415 2.5979 0
302 2.5952 0
955 2.5797 0
986 2.5773 0
426 2.5751 0
1593 2.5646 0
776 2.5646 0
206 2.5643 0
1239 2.5603 0
525 2.5602 0
1583 2.5513 0
186 2.5421 0
1910 2.5393 0
1122 2.5293 0
169 2.5188 0
1368 2.5045 0
1501 2.4700 0
201 2.4672 0
576 2.4664 0
1897 2.4648 0
865 2.4582 0
596 2.4434 0
580 2.4381 0
184 2.4378 0
556 2.4308 0
1604 2.4301 0
1661 2.4287 0
1853 2.4259 0
453 2.4233 0
1644 2.4050 0
1244 2.4001 0
1511 2.3803 0
245 2.3793 0
1242 2.3761 0
383 2.3675 0
196 2.3633 0
1823 2.3567 0
229 2.3329 0
1193 2.3097 0
1772 2.3041 0
45 2.3031 0
1877 2.2874 0
216 2.2829 0
1842 2.2828 0
813 2.2664 0
1082 2.2658 0
227 2.2629 0
1890 2.2550 0
1605 2.2489 0
529 2.2404 0
1064 2.2386 0
1029 2.2375 0
442 2.2374 0
1941 2.2358 0
1616 2.2348 0
1245 2.2305 0
544 2.2272 0
361 2.2142 0
1174 2.2099 0
232 2.2095 0
156 2.2092 0
1865 2.1897 0
1904 2.1767 0
1878 2.1674 0
248 2.1531 0
312 2.1502 0
963 2.1435 0
378 2.1342 0
1647 2.1300 0
709 2.0871 0
109 2.0857 0
1057 2.0832 0
36 2.0825 0
211 2.0807 0
1010 2.0631 0
1083 2.0624 0
914 2.0582 0
187 2.0248 0
317 2.0157 0
1818 2.0143 0
1284 2.0075 0
487 2.0070 0
1391 2.0052 0
7 1.9805 0
162 1.9685 0
843 1.9629 0
1556 1.9591 0
8 1.9496 0
207 1.9477 0
436 1.9464 0
898 1.9461 0
703 1.8889 0
1065 1.8797 0
1764 1.8667 0
780 1.8605 0
219 1.8543 0
1995 1.8518 0
241 1.8499 0
1841 1.8444 0
266 1.8419 0
950 1.8412 0
1071 1.8362 0
177 1.8320 0
484 1.8297 0
931 1.8279 0
590 1.8276 0
1883 1.8271 0
1837 1.8182 0
1089 1.8169 0
1281 1.8168 0
35 1.7943 0
1822 1.7764 0
1750 1.7742 0
467 1.7663 0
625 1.7641 0
263 1.7607 0
315 1.7435 0
1858 1.7365 0
105 1.7262 0
320 1.7240 0
480 1.7211 0
1264 1.7137 0
456 1.7108 0
189 1.7091 0
1881 1.7018 0
1407 1.6999 1
1778 1.6985 0
31 1.6934 0
112 1.6837 0
645 1.6808 0
1282 1.6806 0
1056 1.6660 0
360 1.6616 0
1664 1.6605 0
588 1.6598 0
181 1.6539 0
194 1.6533 0
1095 1.6434 0
930 1.6354 0
1549 1.6227 0
1984 1.6148 0
1031 1.6137 0
1358 1.6093 0
379 1.6078 0
1863 1.6065 0
30 1.6062 0
225 1.6053 0
14 1.5906 0
1218 1.5880 0
38 1.5721 0
946 1.5638 0
336 1.5632 0
1054 1.5614 0
1796 1.5605 0
106 1.5490 0
1488 1.5291 0
1792 1.5279 0
1765 1.5145 0
228 1.5135 0
1892 1.5093 0
1681 1.4974 0
1676 1.4808 0
433 1.4791 0
573 1.4722 0
499 1.4718 0
452 1.4610 0
1912 1.4592 0
444 1.4549 0
862 1.4539 0
816 1.4514 0
1375 1.4397 0
1077 1.4361 0
104 1.4272 0
1295 1.4179 0
567 1.4163 0
135 1.4152 0
1052 1.4140 0
562 1.4120 0
23 1.4090 0
145 1.4058 0
571 1.3979 0
204 1.3976 0
116 1.3909 0
1775 1.3901 0
1025 1.3840 0
1907 1.3822 0
18 1.3720 0
750 1.3714 0
945 1.3677 0
190 1.3598 0
1887 1.3553 0
47 1.3466 0
1776 1.3465 0
511 1.3413 0
1838 1.3394 0
595 1.3332 0
1859 1.3301 0
518 1.3265 0
1021 1.3186 0
846 1.3159 0
781 1.3041 0
1266 1.3003 0
52 1.2963 0
866 1.2949 0
559 1.2917 0
1798 1.2852 0
1636 1.2830 0
1802 1.2823 0
160 1.2784 0
871 1.2737 0
483 1.2677 0
834 1.2670 0
1579 1.2663 0
1533 1.2586 0
111 1.2494 0
524 1.2487 0
34 1.2474 0
910 1.2467 0
1313 1.2464 0
1542 1.2443 0
328 1.2353 0
146 1.2276 0
1263 1.2275 0
1123 1.2268 0
1930 1.2242 0
1895 1.2151 0
122 1.2129 0
1609 1.2124 0
550 1.2075 0
725 1.2052 0
1291 1.2031 0
182 1.2000 0
739 1.1959 0
341 1.1944 0
1871 1.1939 0
788 1.1917 0
1487 1.1884 0
1397 1.1790 0
310 1.1756 0
154 1.1724 0
403 1.1686 0
530 1.1677 0
353 1.1518 0
561 1.1473 0
1864 1.1436 0
669 1.1360 0
1884 1.1322 0
1590 1.1287 0
140 1.1282 0
1001 1.1225 0
1595 1.1182 0
1134 1.1176 0
852 1.1151 0
1074 1.1111 0
1279 1.1094 0
1480 1.1069 0
1886 1.1063 0
664 1.1018 0
443 1.0991 0
239 1.0960 0
418 1.0949 0
1450 1.0921 0
501 1.0838 0
1846 1.0819 0
713 1.0805 0
1989 1.0804 0
1297 1.0738 0
661 1.0677 0
161 1.0660 0
1985 1.0652 0
908 1.0629 0
1977 1.0611 0
153 1.0547 0
915 1.0522 0
849 1.0425 0
246 1.0306 0
462 1.0280 0
1253 1.0269 0
209 1.0075 0
897 1.0073 0
130 1.0058 0
857 1.0019 0
1813 0.9998 0
48 0.9994 0
1243 0.9870 0
1256 0.9858 0
395 0.9857 0
329 0.9772 0
1767 0.9729 0
803 0.9712 0
733 0.9678 0
281 0.9668 0
793 0.9665 0
1255 0.9611 0
778 0.9564 0
404 0.9558 0
1527 0.9491 0
1254 0.9470 0
1034 0.9450 0
1120 0.9413 0
152 0.9368 0
289 0.9368 0
377 0.9310 0
1315 0.9294 0
1931 0.9291 0
782 0.9182 0
117 0.9161 0
1044 0.9141 0
1591 0.8979 0
1520 0.8869 0
170 0.8806 0
490 0.8752 0
607 0.8653 0
262 0.8640 0
220 0.8636 0
1768 0.8628 0
214 0.8498 0
15 0.8488 0
599 0.8429 0
1786 0.8425 0
318 0.8412 0
421 0.8357 0
899 0.8340 0
1261 0.8312 0
42 0.8312 0
157 0.8295 0
1799 0.8291 0
1379 0.8260 0
155 0.8250 0
37 0.8115 0
355 0.8097 0
927 0.8093 0
1555 0.8090 0
1872 0.8073 0
985 0.8054 0
1666 0.8023 0
113 0.7891 0
735 0.7877 0
33 0.7859 0
957 0.7836 0
381 0.7799 0
922 0.7794 0
1538 0.7726 0
1815 0.7714 0
1998 0.7655 0
601 0.7585 0
21 0.7577 0
1594 0.7537 0
369 0.7493 0
545 0.7491 0
163 0.7441 0
305 0.7414 0
760 0.7411 0
408 0.7375 0
589 0.7355 0
1562 0.7344 0
1916 0.7290 0
701 0.7235 0
564 0.7152 0
606 0.7151 0
1932 0.7104 0
280 0.7104 0
583 0.7061 0
1131 0.7045 0
1704 0.7032 0
1323 0.7022 0
1670 0.6989 0
1552 0.6919 0
1968 0.6908 0
1988 0.6906 0
179 0.6881 0
1642 0.6874 0
351 0.6867 0
1671 0.6847 0
1805 0.6753 0
1757 0.6744 0
947 0.6732 0
913 0.6713 0
494 0.6653 0
1560 0.6643 0
1513 0.6595 0
1543 0.6585 0
551 0.6571 0
1023 0.6569 0
1539 0.6563 0
907 0.6522 0
1954 0.6481 0
1569 0.6461 0
1046 0.6445 0
1779 0.6406 0
1335 0.6347 0
1572 0.6307 0
928 0.6248 0
215 0.6245 0
695 0.6244 0
552 0.6223 0
450 0.6211 0
274 0.6154 0
364 0.6109 0
13 0.6104 0
1621 0.6103 0
560 0.6075 0
222 0.6061 0
1210 0.6038 0
1674 0.6013 0
727 0.5987 0
1602 0.5984 0
311 0.5910 0
71 0.5821 0
1138 0.5821 0
758 0.5809 0
1504 0.5768 0
893 0.5759 0
1695 0.5738 0
570 0.5725 0
706 0.5702 0
1955 0.5682 0
1541 0.5661 0
587 0.5657 0
1336 0.5582 0
704 0.5554 0
129 0.5542 0
1067 0.5538 0
1876 0.5534 0
303 0.5534 0
371 0.5527 0
1570 0.5513 0
375 0.5499 0
463 0.5413 0
221 0.5372 0
591 0.5341 0
127 0.5326 0
693 0.5288 0
1382 0.5285 0
1843 0.5258 0
1958 0.5253 0
581 0.5248 0
1178 0.5246 0
393 0.5235 0
66 0.5167 0
397 0.5066 0
430 0.5059 0
205 0.5009 0
1882 0.4977 0
1465 0.4976 0
388 0.4932 0
1847 0.4904 0
409 0.4885 0
1840 0.4766 0
1396 0.4717 0
1903 0.4694 0
1566 0.4689 0
677 0.4685 0
202 0.4636 0
100 0.4580 0
1969 0.4576 0
87 0.4560 0
401 0.4541 0
441 0.4470 0
1088 0.4457 0
1640 0.4416 0
1959 0.4411 0
577 0.4405 0
69 0.4348 0
1745 0.4276 0
1946 0.4265 0
814 0.4218 0
1099 0.4209 0
1300 0.4207 0
173 0.4199 0
1289 0.4188 0
451 0.4153 0
1925 0.4101 0
1011 0.4059 0
1484 0.4037 0
108 0.4017 0
1298 0.3943 0
1181 0.3925 0
402 0.3868 0
912 0.3845 0
1751 0.3825 0
1936 0.3802 0
306 0.3797 0
1899 0.3727 0
1885 0.3715 0
95 0.3683 0
509 0.3622 0
1631 0.3610 0
906 0.3589 0
20 0.3525 0
508 0.3502 0
632 0.3495 0
1002 0.3489 0
243 0.3360 0
237 0.3343 0
1834 0.3279 0
49 0.3267 0
1090 0.3261 0
1915 0.3251 0
905 0.3244 0
326 0.3204 0
1353 0.3153 0
238 0.3129 0
1913 0.3083 0
1349 0.3024 0
362 0.2993 0
807 0.2957 0
1194 0.2939 0
1192 0.2916 0
1060 0.2879 0
987 0.2780 0
1996 0.2763 0
126 0.2716 0
1908 0.2613 0
1230 0.2574 0
694 0.2572 0
644 0.2557 0
1804 0.2550 0
188 0.2528 0
1118 0.2476 0
568 0.2472 0
1607 0.2462 0
753 0.2407 0
1392 0.2387 0
1875 0.2376 0
859 0.2363 0
1148 0.2276 0
1470 0.2236 0
479 0.2233 0
1649 0.2227 0
363 0.2188 0
1820 0.2174 0
270 0.2166 0
994 0.2166 0
1069 0.2081 0
268 0.2055 0
359 0.2022 0
1754 0.2014 0
1188 0.2012 0
1800 0.2007 0
297 0.1995 0
1943 0.1989 0
185 0.1946 0
1408 0.1946 1
425 0.1939 0
1830 0.1896 0
860 0.1864 0
22 0.1785 0
1047 0.1760 0
939 0.1737 0
594 0.1721 0
139 0.1637 0
1280 0.1616 0
72 0.1610 0
168 0.1581 0
1816 0.1574 0
690 0.1572 0
707 0.1568 0
933 0.1532 0
133 0.1508 0
1073 0.1490 0
1973 0.1479 0
1949 0.1476 0
278 0.1451 0
424 0.1425 0
563 0.1422 0
203 0.1420 0
231 0.1415 0
729 0.1380 0
1545 0.1380 0
1038 0.1339 0
469 0.1325 0
505 0.1314 0
1791 0.1306 0
855 0.1189 0
1659 0.1179 0
880 0.1159 0
276 0.1122 0
643 0.1028 0
1920 0.0995 0
358 0.0896 0
1189 0.0872 0
1013 0.0843 0
1645 0.0838 0
1686 0.0827 0
283 0.0821 0
24 0.0793 0
1622 0.0771 0
1891 0.0721 0
1022 0.0719 0
148 0.0656 0
176 0.0654 0
1048 0.0641 0
1960 0.0638 0
851 0.0607 0
1127 0.0547 0
1728 0.0543 0
1787 0.0538 0
352 0.0497 0
325 0.0463 0
39 0.0428 0
1085 0.0334 0
394 0.0315 0
1990 0.0310 0
1053 0.0304 0
1251 0.0301 0
786 0.0230 0
678 0.0199 0
85 0.0183 0
1577 0.0163 0
1377 0.0163 0
192 0.0118 0
28 0.0110 0
172 0.0034 0
73 0.0023 0
1305 0.0009 0
1519 0.0006 0
517 -0.0097 0
1553 -0.0201 0
941 -0.0235 0
935 -0.0246 0
1325 -0.0252 0
1399 -0.0254 0
1241 -0.0286 0
1677 -0.0302 0
1564 -0.0307 0
389 -0.0365 0
1500 -0.0375 0
313 -0.0385 0
942 -0.0420 0
958 -0.0432 0
805 -0.0446 0
1081 -0.0462 0
823 -0.0463 0
549 -0.0514 0
1766 -0.0514 0
1950 -0.0515 0
1142 -0.0526 0
1992 -0.0527 0
1781 -0.0558 0
1967 -0.0568 0
500 -0.0581 0
929 -0.0583 0
1788 -0.0590 0
1491 -0.0613 0
327 -0.0646 0
531 -0.0657 0
1809 -0.0686 0
548 -0.0698 0
1063 -0.0703 0
542 -0.0844 0
553 -0.0850 0
365 -0.0893 0
1129 -0.0950 0
1086 -0.0970 0
1159 -0.0983 0
586 -0.0986 0
323 -0.1008 0
427 -0.1029 0
536 -0.1089 0
863 -0.1105 0
1900 -0.1110 0
819 -0.1165 0
1146 -0.1168 0
800 -0.1202 0
1172 -0.1245 0
159 -0.1273 0
1971 -0.1314 0
824 -0.1344 0
198 -0.1445 0
295 -0.1487 0
668 -0.1487 0
158 -0.1503 0
1821 -0.1635 0
259 -0.1639 0
226 -0.1646 0
1824 -0.1657 0
1003 -0.1658 0
920 -0.1674 0
1901 -0.1757 0
1026 -0.1823 0
874 -0.1862 0
720 -0.1912 0
1972 -0.1914 0
686 -0.1967 0
520 -0.1979 0
1627 -0.2016 0
515 -0.2025 0
1503 -0.2040 0
1770 -0.2103 0
218 -0.2139 0
1807 -0.2167 0
790 -0.2222 0
1296 -0.2228 0
1759 -0.2268 0
761 -0.2269 0
916 -0.2416 0
655 -0.2419 0
197 -0.2470 0
1873 -0.2545 0
271 -0.2570 0
799 -0.2589 0
337 -0.2606 0
1225 -0.2621 0
322 -0.2635 0
1072 -0.2676 0
301 -0.2771 0
1265 -0.2817 0
1561 -0.2828 0
836 -0.2920 0
1789 -0.2930 0
825 -0.2995 0
1078 -0.3113 0
1854 -0.3119 0
1515 -0.3155 0
316 -0.3185 0
118 -0.3239 0
1383 -0.3269 0
526 -0.3382 0
620 -0.3391 0
9 -0.3409 0
102 -0.3418 0
4 -0.3426 0
1516 -0.3427 0
771 -0.3434 0
331 -0.3491 0
839 -0.3513 0
1782 -0.3536 0
1999 -0.3549 0
1528 -0.3555 0
1037 -0.3569 0
884 -0.3592 0
419 -0.3596 0
1494 -0.3611 0
165 -0.3645 0
367 -0.3671 0
1906 -0.3675 0
1381 -0.3690 0
647 -0.3706 0
670 -0.3707 0
124 -0.3715 0
1611 -0.3719 0
699 -0.3734 0
474 -0.3762 0
1183 -0.3762 0
1584 -0.3763 0
40 -0.3774 0
572 -0.3781 0
1331 -0.3807 0
557 -0.3813 0
519 -0.3856 0
1309 -0.3893 0
1330 -0.3925 0
527 -0.3939 0
833 -0.3986 0
746 -0.3994 0
1529 -0.3999 0
1825 -0.4015 0
1365 -0.4017 0
932 -0.4072 0
1119 -0.4087 0
768 -0.4129 0
811 -0.4148 0
1058 -0.4165 0
728 -0.4172 0
1537 -0.4181 0
763 -0.4187 0
128 -0.4209 0
356 -0.4213 0
1888 -0.4229 0
902 -0.4239 0
952 -0.4246 0
719 -0.4266 0
110 -0.4276 0
407 -0.4279 0
1978 -0.4316 0
1150 -0.4357 0
1347 -0.4362 0
877 -0.4375 0
737 -0.4421 0
1874 -0.4422 0
827 -0.4429 0
1953 -0.4443 0
1198 -0.4448 0
1051 -0.4462 0
1546 -0.4565 0
253 -0.4614 0
1019 -0.4625 0
279 -0.4670 0
286 -0.4692 0
1850 -0.4735 0
1921 -0.4740 0
506 -0.4752 0
178 -0.4755 0
1672 -0.4760 0
1514 -0.4776 0
621 -0.4781 0
812 -0.4797 0
1154 -0.4845 0
1328 -0.4892 0
688 -0.4908 0
1462 -0.4918 0
1879 -0.4919 0
138 -0.4924 0
166 -0.4953 0
414 -0.5016 0
435 -0.5051 0
6 -0.5075 0
285 -0.5084 0
904 -0.5122 0
1190 -0.5130 0
943 -0.5144 0
1608 -0.5202 0
1493 -0.5206 0
1848 -0.5207 0
213 -0.5237 0
1975 -0.5242 0
514 -0.5281 0
292 -0.5304 0
1713 -0.5308 0
19 -0.5330 0
275 -0.5354 0
1096 -0.5415 0
1558 -0.5436 0
103 -0.5477 0
251 -0.5478 0
125 -0.5511 0
584 -0.5530 0
1179 -0.5568 0
622 -0.5583 0
392 -0.5590 0
1290 -0.5609 0
626 -0.5625 0
380 -0.5648 0
1536 -0.5663 0
1066 -0.5669 0
1020 -0.5679 0
1741 -0.5689 0
1340 -0.5689 0
235 -0.5704 0
1004 -0.5713 0
149 -0.5721 0
1896 -0.5761 0
1 -0.5766 0
272 -0.5791 0
1165 -0.5814 0
1180 -0.5814 0
1827 -0.5836 0
1505 -0.5859 0
199 -0.5861 0
1660 -0.5873 0
1009 -0.5883 0
765 -0.5898 0
657 -0.5900 0
1032 -0.5930 0
1898 -0.5972 0
1769 -0.6029 0
1845 -0.6036 0
195 -0.6072 0
150 -0.6085 0
175 -0.6101 0
1460 -0.6184 0
924 -0.6187 0
1646 -0.6191 0
752 -0.6209 0
1084 -0.6225 0
1667 -0.6255 0
217 -0.6270 0
702 -0.6298 0
1586 -0.6313 0
387 -0.6358 0
801 -0.6368 0
861 -0.6368 0
631 -0.6369 0
1568 -0.6397 0
94 -0.6409 0
1394 -0.6495 0
1175 -0.6508 0
1472 -0.6531 0
1293 -0.6553 0
1369 -0.6580 0
449 -0.6587 0
775 -0.6614 0
258 -0.6640 0
1260 -0.6648 0
1079 -0.6667 0
1637 -0.6696 0
1987 -0.6757 0
1738 -0.6775 0
710 -0.6816 0
1389 -0.6840 0
1793 -0.6856 0
410 -0.6921 0
845 -0.6981 0
1351 -0.7023 0
411 -0.7100 0
662 -0.7120 0
101 -0.7121 0
608 -0.7154 0
1575 -0.7194 0
835 -0.7220 0
940 -0.7233 0
718 -0.7240 0
513 -0.7244 0
141 -0.7344 0
772 -0.7356 0
1691 -0.7396 0
1132 -0.7396 0
1495 -0.7429 0
330 -0.7430 0
335 -0.7435 0
368 -0.7438 0
17 -0.7463 0
1359 -0.7468 0
1187 -0.7542 0
636 -0.7582 0
70 -0.7582 0
1926 -0.7590 0
1814 -0.7599 0
1919 -0.7601 0
821 -0.7649 0
1036 -0.7680 0
1075 -0.7706 0
926 -0.7716 0
510 -0.7717 0
1321 -0.7726 0
841 -0.7741 0
1578 -0.7779 0
1625 -0.7837 0
1982 -0.7840 0
277 -0.7859 0
1944 -0.7924 0
132 -0.7944 0
888 -0.7945 0
1610 -0.7968 0
749 -0.7985 0
1199 -0.8054 0
1722 -0.8139 0
1035 -0.8143 0
309 -0.8188 0
1481 -0.8199 0
147 -0.8215 0
1790 -0.8256 0
757 -0.8263 0
1094 -0.8327 0
1517 -0.8393 0
1390 -0.8399 0
420 -0.8439 0
1550 -0.8442 0
257 -0.8492 0
679 -0.8495 0
1355 -0.8518 0
481 -0.8615 0
736 -0.8621 0
784 -0.8632 0
1567 -0.8644 0
1507 -0.8656 0
734 -0.8779 0
1856 -0.8866 0
1993 -0.8902 0
867 -0.8906 0
911 -0.8923 0
1917 -0.8958 0
1152 -0.9016 0
1773 -0.9027 0
123 -0.9040 0
1942 -0.9060 0
1522 -0.9078 0
1938 -0.9107 0
1028 -0.9112 0
617 -0.9112 0
1113 -0.9132 0
1531 -0.9141 0
1343 -0.9160 0
1459 -0.9172 0
1145 -0.9203 0
1614 -0.9218 0
613 -0.9224 0
901 -0.9231 0
1276 -0.9288 0
233 -0.9309 0
988 -0.9340 0
1206 -0.9350 0
1136 -0.9357 0
44 -0.9392 0
1587 -0.9449 0
1559 -0.9451 0
448 -0.9451 0
844 -0.9452 0
708 -0.9477 0
875 -0.9580 0
1467 -0.9621 0
502 -0.9625 0
1868 -0.9641 0
909 -0.9645 0
114 -0.9645 0
1523 -0.9706 0
605 -0.9711 0
10 -0.9715 0
891 -0.9753 0
1683 -0.9803 0
555 -0.9829 0
1551 -0.9909 0
585 -0.9999 0
143 -1.0010 0
255 -1.0020 0
191 -1.0035 0
672 -1.0056 0
1366 -1.0076 0
532 -1.0097 0
65 -1.0097 0
1939 -1.0107 0
961 -1.0121 0
1451 -1.0124 0
507 -1.0127 0
1151 -1.0172 0
796 -1.0186 0
1097 -1.0194 0
676 -1.0213 0
1356 -1.0214 0
787 -1.0230 0
1350 -1.0283 0
818 -1.0304 0
29 -1.0420 0
697 -1.0422 0
1278 -1.0486 0
183 -1.0491 0
864 -1.0537 0
174 -1.0578 0
968 -1.0587 0
1935 -1.0624 0
889 -1.0626 0
144 -1.0655 0
809 -1.0681 0
1518 -1.0704 0
1055 -1.0711 0
773 -1.0722 0
256 -1.0726 0
1191 -1.0730 0
770 -1.0739 0
134 -1.0739 0
854 -1.0838 0
115 -1.0848 0
658 -1.0859 0
603 -1.0925 0
802 -1.0931 0
698 -1.0954 0
1485 -1.0959 0
1310 -1.0974 0
792 -1.0983 0
1322 -1.1020 0
2 -1.1030 0
406 -1.1051 0
1475 -1.1065 0
55 -1.1076 0
1197 -1.1077 0
766 -1.1097 0
1102 -1.1110 0
537 -1.1127 0
1535 -1.1151 0
667 -1.1163 0
881 -1.1181 0
1983 -1.1187 0
350 -1.1192 0
348 -1.1202 0
882 -1.1205 0
639 -1.1226 0
1361 -1.1228 0
956 -1.1288 0
789 -1.1341 0
980 -1.1371 0
619 -1.1399 0
121 -1.1406 0
820 -1.1462 0
1469 -1.1470 0
1803 -1.1506 0
74 -1.1521 0
307 -1.1579 0
795 -1.1623 0
1329 -1.1625 0
1628 -1.1634 0
434 -1.1646 0
1008 -1.1661 0
1731 -1.1679 0
759 -1.1761 0
637 -1.1793 0
1360 -1.1813 0
1565 -1.1938 0
343 -1.1948 0
1105 -1.1951 0
1117 -1.1988 0
81 -1.2041 0
837 -1.2114 0
1981 -1.2119 0
1612 -1.2135 0
748 -1.2196 0
1170 -1.2200 0
1966 -1.2215 0
440 -1.2255 0
1641 -1.2258 0
1829 -1.2260 0
687 -1.2267 0
1582 -1.2272 0
1526 -1.2293 0
1613 -1.2298 0
1525 -1.2315 0
1753 -1.2340 0
366 -1.2406 0
798 -1.2422 0
516 -1.2444 0
90 -1.2450 0
522 -1.2510 0
1395 -1.2548 0
723 -1.2577 0
1597 -1.2596 0
1033 -1.2618 0
208 -1.2708 0
495 -1.2722 0
1294 -1.2741 0
730 -1.2758 0
1139 -1.2795 0
485 -1.2833 0
372 -1.2867 0
659 -1.2908 0
254 -1.2957 0
1006 -1.2974 0
1017 -1.2993 0
602 -1.3000 0
546 -1.3009 0
1348 -1.3034 0
740 -1.3043 0
486 -1.3046 0
847 -1.3148 0
1277 -1.3195 0
193 -1.3206 0
754 -1.3230 0
1177 -1.3270 0
903 -1.3285 0
949 -1.3315 0
1049 -1.3336 0
1832 -1.3361 0
1914 -1.3408 0
68 -1.3427 0
405 -1.3431 0
1076 -1.3458 0
67 -1.3484 0
98 -1.3527 0
332 -1.3632 0
653 -1.3637 0
624 -1.3649 0
715 -1.3650 0
1771 -1.3661 0
1698 -1.3693 0
1497 -1.3695 0
1976 -1.3735 0
1655 -1.3757 0
1630 -1.3801 0
523 -1.3859 0
1755 -1.3919 0
1370 -1.3921 0
416 -1.3961 0
1326 -1.3965 0
1477 -1.3983 0
785 -1.4014 0
1100 -1.4029 0
1286 -1.4038 0
1376 -1.4048 0
815 -1.4094 0
439 -1.4120 0
858 -1.4149 0
1952 -1.4252 0
1924 -1.4262 0
1398 -1.4394 0
1168 -1.4411 0
648 -1.4426 0
919 -1.4429 0
1629 -1.4464 0
1378 -1.4498 0
370 -1.4499 0
1544 -1.4517 0
92 -1.4550 0
1269 -1.4565 0
314 -1.4572 0
1502 -1.4589 0
339 -1.4649 0
1828 -1.4698 0
1633 -1.4703 0
1492 -1.4728 0
1275 -1.4736 0
1909 -1.4736 0
1169 -1.4771 0
683 -1.4773 0
1964 -1.4779 0
1091 -1.4804 0
1374 -1.4833 0
1869 -1.4888 0
1866 -1.4970 0
848 -1.4979 0
1547 -1.5010 0
84 -1.5027 0
1784 -1.5067 0
1162 -1.5110 0
700 -1.5167 0
1675 -1.5231 0
925 -1.5272 0
1962 -1.5298 0
1581 -1.5306 0
62 -1.5339 0
1479 -1.5359 0
612 -1.5413 0
1817 -1.5568 0
853 -1.5583 0
1714 -1.5606 0
417 -1.5616 0
996 -1.5618 0
376 -1.5664 0
1927 -1.5665 0
1285 -1.5715 0
1634 -1.5717 0
1980 -1.5725 0
921 -1.5743 0
1812 -1.5754 0
1780 -1.5772 0
260 -1.5824 0
1452 -1.5894 0
722 -1.5985 0
1835 -1.6035 0
828 -1.6042 0
1598 -1.6062 0
842 -1.6064 0
288 -1.6073 0
1785 -1.6096 0
714 -1.6104 0
1889 -1.6203 0
1689 -1.6209 0
1367 -1.6252 0
265 -1.6255 0
1934 -1.6357 0
1141 -1.6434 0
1140 -1.6523 0
1357 -1.6556 0
1453 -1.6599 0
1059 -1.6614 0
1292 -1.6623 0
1563 -1.6662 0
1592 -1.6665 0
1652 -1.6678 0
354 -1.6697 0
1548 -1.6721 0
1372 -1.6757 0
1705 -1.6797 0
142 -1.6847 0
1167 -1.6895 0
1929 -1.6910 0
1455 -1.6929 0
1387 -1.6943 0
340 -1.6945 0
850 -1.6960 0
779 -1.7015 0
1855 -1.7023 0
391 -1.7042 0
324 -1.7052 0
282 -1.7064 0
826 -1.7077 0
654 -1.7173 0
1940 -1.7211 0
398 -1.7226 0
223 -1.7260 0
937 -1.7296 0
1945 -1.7363 0
650 -1.7377 0
641 -1.7379 0
879 -1.7384 0
923 -1.7385 0
46 -1.7397 0
136 -1.7427 0
990 -1.7465 0
1371 -1.7477 0
349 -1.7478 0
797 -1.7550 0
997 -1.7570 0
1303 -1.7610 0
413 -1.7618 0
1007 -1.7660 0
1510 -1.7673 0
1160 -1.7677 0
948 -1.7695 0
57 -1.7705 0
951 -1.7781 0
53 -1.7813 0
1801 -1.7825 0
461 -1.7830 0
1478 -1.7836 0
287 -1.7935 0
1922 -1.7940 0
1344 -1.7958 0
1334 -1.7975 0
1050 -1.8006 0
60 -1.8110 0
1756 -1.8186 0
1685 -1.8203 0
308 -1.8261 0
1599 -1.8275 0
744 -1.8367 0
1125 -1.8382 0
1014 -1.8414 0
883 -1.8419 0
972 -1.8436 0
649 -1.8476 0
1961 -1.8485 0
1317 -1.8519 0
12 -1.8531 0
1808 -1.8568 0
1153 -1.8572 0
627 -1.8611 0
614 -1.8655 0
616 -1.8682 0
969 -1.8687 0
1601 -1.8740 0
1678 -1.8779 0
1795 -1.8824 0
1474 -1.8874 0
1157 -1.8892 0
1155 -1.8925 0
663 -1.8949 0
1844 -1.8950 0
1454 -1.8981 0
783 -1.8992 0
1947 -1.9006 0
705 -1.9044 0
91 -1.9044 0
384 -1.9094 0
1806 -1.9173 0
681 -1.9174 0
764 -1.9179 0
1860 -1.9199 0
1596 -1.9210 0
1703 -1.9213 0
840 -1.9230 0
696 -1.9245 0
1068 -1.9247 0
1093 -1.9251 0
1720 -1.9268 0
810 -1.9304 0
1811 -1.9349 0
876 -1.9378 0
984 -1.9395 0
712 -1.9422 0
965 -1.9428 0
628 -1.9436 0
1554 -1.9454 0
892 -1.9477 0
1456 -1.9516 0
1341 -1.9570 0
291 -1.9570 0
1918 -1.9616 0
1762 -1.9631 0
386 -1.9650 0
685 -1.9689 0
743 -1.9694 0
936 -1.9829 0
107 -1.9843 0
27 -1.9862 0
1632 -1.9874 0
1506 -1.9893 0
742 -1.9912 0
1986 -1.9940 0
1620 -1.9946 0
296 -1.9986 0
1080 -2.0027 0
0 -2.0029 0
120 -2.0091 0
689 -2.0102 0
1302 -2.0204 0
290 -2.0206 0
1951 -2.0246 0
1299 -2.0288 0
56 -2.0311 0
1994 -2.0327 0
1259 -2.0345 0
1573 -2.0377 0
1761 -2.0410 0
1196 -2.0453 0
1937 -2.0562 0
1861 -2.0576 0
357 -2.0598 0
918 -2.0619 0
1760 -2.0673 0
1012 -2.0723 0
646 -2.0729 0
1737 -2.0732 0
995 -2.0796 0
1030 -2.0926 0
1128 -2.0944 0
873 -2.0949 0
660 -2.1001 0
1849 -2.1044 0
1257 -2.1054 0
261 -2.1101 0
1126 -2.1109 0
247 -2.1265 0
534 -2.1269 0
726 -2.1288 0
1018 -2.1361 0
944 -2.1402 0
1386 -2.1458 0
78 -2.1485 0
634 -2.1544 0
1354 -2.1552 0
1288 -2.1559 0
999 -2.1621 0
1923 -2.1621 0
1530 -2.1642 0
832 -2.1697 0
1384 -2.1757 0
171 -2.1775 0
437 -2.1795 0
446 -2.1924 0
1852 -2.1997 0
1332 -2.2023 0
1027 -2.2026 0
1654 -2.2041 0
1314 -2.2063 0
1635 -2.2073 0
512 -2.2106 0
1393 -2.2220 0
1979 -2.2235 0
609 -2.2262 0
269 -2.2277 0
61 -2.2283 0
1262 -2.2371 0
1524 -2.2392 0
1304 -2.2407 0
1185 -2.2496 0
618 -2.2549 0
642 -2.2628 0
1600 -2.2665 0
610 -2.2666 0
1643 -2.2710 0
1098 -2.2789 0
838 -2.2884 0
1690 -2.2910 0
1826 -2.2930 0
1512 -2.2970 0
1682 -2.2983 0
651 -2.3039 0
1342 -2.3047 0
1147 -2.3061 0
1258 -2.3133 0
1171 -2.3147 0
1301 -2.3288 0
1963 -2.3457 0
382 -2.3516 0
250 -2.3618 0
575 -2.3619 0
293 -2.3626 0
1902 -2.3646 0
1699 -2.3674 0
89 -2.3716 0
1509 -2.3783 0
991 -2.3873 0
1182 -2.3877 0
1373 -2.3936 0
1124 -2.3964 0
1482 -2.3967 0
967 -2.4051 0
1663 -2.4137 0
267 -2.4158 0
1363 -2.4178 0
1700 -2.4190 0
666 -2.4205 0
721 -2.4213 0
822 -2.4234 0
1794 -2.4265 0
1679 -2.4316 0
1473 -2.4319 0
1092 -2.4390 0
817 -2.4449 0
1137 -2.4458 0
422 -2.4492 0
769 -2.4599 0
1016 -2.4622 0
1623 -2.4689 0
1061 -2.4718 0
457 -2.4772 0
938 -2.4833 0
1708 -2.4847 0
1777 -2.4881 0
64 -2.4886 0
1252 -2.4923 0
1483 -2.4933 0
58 -2.4967 0
1270 -2.4981 0
1272 -2.4983 0
1161 -2.5047 0
99 -2.5147 0
1970 -2.5230 0
1499 -2.5259 0
1486 -2.5278 0
1005 -2.5298 0
1626 -2.5438 0
623 -2.5569 0
1574 -2.5574 0
399 -2.5680 0
1498 -2.5710 0
1833 -2.5762 0
1490 -2.5786 0
503 -2.5795 0
1339 -2.5803 0
1739 -2.5808 0
1810 -2.5918 0
1693 -2.5977 0
83 -2.6072 0
1725 -2.6076 0
1747 -2.6076 0
284 -2.6262 0
412 -2.6266 0
1306 -2.6352 0
1166 -2.6376 0
830 -2.6472 0
1727 -2.6594 0
1742 -2.6644 0
1839 -2.6645 0
981 -2.6664 0
966 -2.6666 0
1116 -2.6667 0
1974 -2.6680 0
979 -2.6717 0
1688 -2.6733 0
1156 -2.6877 0
1732 -2.6883 0
344 -2.6965 0
54 -2.7054 0
1040 -2.7107 0
1797 -2.7242 0
88 -2.7325 0
1312 -2.7337 0
633 -2.7447 0
673 -2.7450 0
1651 -2.7507 0
751 -2.7517 0
665 -2.7523 0
1997 -2.7525 0
917 -2.7607 0
1283 -2.7638 0
1287 -2.7667 0
26 -2.7692 0
347 -2.7704 0
900 -2.7725 0
1746 -2.7768 0
82 -2.7769 0
86 -2.7770 0
97 -2.7939 0
896 -2.8033 0
63 -2.8051 0
831 -2.8089 0
974 -2.8213 0
1715 -2.8216 0
1111 -2.8348 0
1532 -2.8430 0
1130 -2.8452 0
1388 -2.8493 0
374 -2.8511 0
1706 -2.8677 0
982 -2.8770 0
77 -2.8785 0
1687 -2.9040 0
615 -2.9140 0
745 -2.9218 0
1733 -2.9226 0
1458 -2.9272 0
1320 -2.9356 0
870 -2.9403 0
1656 -2.9546 0
298 -2.9603 0
210 -2.9627 0
1457 -2.9642 0
300 -2.9856 0
1195 -2.9890 0
252 -2.9916 0
1042 -2.9943 0
1736 -2.9986 0
1653 -3.0004 0
1104 -3.0036 0
1045 -3.0172 0
1697 -3.0203 0
533 -3.0392 0
1721 -3.0470 0
806 -3.0554 0
1271 -3.0594 0
1749 -3.0617 0
895 -3.0803 0
1273 -3.0853 0
1015 -3.0882 0
1571 -3.1041 0
1726 -3.1046 0
732 -3.1184 0
1658 -3.1204 0
1928 -3.1224 0
960 -3.1238 0
131 -3.1378 0
1836 -3.1382 0
1680 -3.1501 0
1173 -3.1739 0
755 -3.1745 0
983 -3.1873 0
342 -3.1892 0
890 -3.2114 0
76 -3.2251 0
1149 -3.2421 0
547 -3.2504 0
1965 -3.2568 0
1476 -3.2588 0
428 -3.2666 0
493 -3.2671 0
1133 -3.2791 0
1956 -3.2852 0
264 -3.2895 0
804 -3.3053 0
543 -3.3163 0
1107 -3.3342 0
1521 -3.3348 0
1468 -3.3379 0
1352 -3.3395 0
731 -3.3424 0
1333 -3.3429 0
96 -3.3458 0
1744 -3.3498 0
539 -3.3802 0
1268 -3.4086 0
1711 -3.4104 0
959 -3.4180 0
1743 -3.4191 0
3 -3.4250 0
1121 -3.4382 0
1039 -3.4501 0
868 -3.4533 0
541 -3.4596 0
1665 -3.4645 0
675 -3.4855 0
1650 -3.4979 0
1862 -3.4984 0
51 -3.5079 0
1662 -3.5256 0
1618 -3.5264 0
998 -3.5290 0
1696 -3.5294 0
767 -3.5348 0
970 -3.5380 0
1318 -3.5393 0
93 -3.5423 0
887 -3.5595 0
1692 -3.5642 0
1109 -3.5695 0
1114 -3.5722 0
878 -3.5777 0
400 -3.5823 0
953 -3.5849 0
1819 -3.5880 0
1364 -3.5912 0
1724 -3.5930 0
1707 -3.6067 0
1307 -3.6203 0
635 -3.6382 0
1267 -3.6725 0
1758 -3.6789 0
59 -3.6976 0
741 -3.7101 0
1716 -3.7131 0
1385 -3.7208 0
447 -3.7241 0
50 -3.7393 0
976 -3.7419 0
1463 -3.7495 0
747 -3.7878 0
1534 -3.7883 0
1101 -3.7903 0
1163 -3.7945 0
1603 -3.8030 0
971 -3.8085 0
638 -3.8096 0
445 -3.8152 0
333 -3.8204 0
1346 -3.8389 0
521 -3.8391 0
794 -3.8421 0
1657 -3.8443 0
604 -3.8476 0
1324 -3.8637 0
1719 -3.8641 0
682 -3.8722 0
989 -3.8785 0
684 -3.9172 0
5 -3.9318 0
640 -3.9356 0
75 -3.9651 0
1024 -3.9654 0
1774 -3.9686 0
1606 -3.9760 0
1176 -3.9945 0
294 -4.0108 0
993 -4.0245 0
1710 -4.0462 0
1362 -4.0929 0
1723 -4.1053 0
629 -4.1095 0
1712 -4.1242 0
716 -4.1406 0
1702 -4.1661 0
973 -4.1671 0
671 -4.1679 0
1684 -4.1791 0
1115 -4.2143 0
777 -4.2569 0
829 -4.2688 0
1734 -4.2836 0
373 -4.3073 0
656 -4.3290 0
1000 -4.3458 0
630 -4.3759 0
1471 -4.3913 0
1557 -4.4265 0
1580 -4.4301 0
1103 -4.4336 0
1783 -4.4386 0
711 -4.4885 0
1735 -4.5308 0
1730 -4.5357 0
992 -4.6018 0
1615 -4.6043 0
1694 -4.6634 0
1717 -4.6894 0
680 -4.6924 0
1718 -4.7035 0
1108 -4.8205 0
1729 -4.8519 0
1106 -4.8529 0
674 -4.9274 0
299 -4.9669 0
1112 -4.9689 0
808 -4.9930 0
1748 -5.1328 0
1673 -5.1419 0
1669 -5.1972 0
1701 -5.2234 0
691 -5.3229 0
80 -5.3339 0
1740 -5.3431 0
977 -5.3977 0
652 -5.4428 0
1250 -5.4817 0
1143 -5.5366 0
79 -5.5391 0
1135 -5.5800 0
1338 -5.6187 0
611 -5.6537 0
978 -5.6591 0
1709 -5.6716 0
1337 -6.0268 0
1489 -6.0447 0
1316 -6.8763 0
