1476 27.9770 1
1490 27.3585 1
1479 23.9026 1
1474 22.9228 1
1451 22.4138 1
1450 22.3774 1
1456 22.0468 1
1478 20.7653 1
1483 20.6361 1
1486 20.1486 1
1492 19.5567 1
1481 19.4942 1
1473 18.5360 1
1453 18.1255 1
1495 17.8706 1
1463 17.8030 1
1462 17.4248 1
1485 17.1827 1
1499 17.1612 1
1469 17.1207 1
1468 17.0984 1
1460 17.0502 1
1491 16.2028 1
1455 14.9383 1
1464 14.8758 1
1467 14.7422 1
1484 14.5966 1
1489 14.5450 1
1482 14.0821 1
1471 13.9547 1
1497 13.6661 1
1459 13.4184 1
1454 13.1252 1
1496 12.9326 1
1458 11.9102 1
1466 11.3819 1
1472 10.9279 1
1494 10.5343 1
1452 10.3680 1
1461 10.1746 1
1487 10.1060 1
1398 9.9202 0
691 9.5662 0
1488 9.4659 1
1644 9.0775 0
1457 8.8787 1
656 8.8643 0
1656 8.6970 0
1597 8.5815 0
1278 8.2694 0
1617 8.1955 0
1611 8.0419 0
1498 8.0180 1
1470 7.9928 1
1610 7.7982 0
1493 7.6420 1
1756 7.2918 0
1214 7.2247 0
1357 7.2056 0
1614 7.0658 0
664 7.0542 0
1607 7.0382 0
1465 7.0381 1
1294 7.0260 0
913 6.9564 0
699 6.8375 0
1548 6.8330 0
1010 6.6870 0
454 6.6622 0
40 6.5068 0
690 6.4869 0
400 6.4181 0
670 6.4108 0
940 6.3724 0
1789 6.2406 0
1190 6.2043 0
654 6.1676 0
1655 6.1218 0
1161 5.9985 0
224 5.9339 0
673 5.7859 0
980 5.7746 0
1669 5.7205 0
584 5.6768 0
1510 5.6615 0
1754 5.6500 0
1600 5.5993 0
951 5.5817 0
1550 5.5377 0
947 5.4926 0
1019 5.4823 0
1532 5.4422 0
651 5.4374 0
331 5.3710 0
1628 5.3357 0
1601 5.2893 0
1759 5.2768 0
1636 5.2668 0
1341 5.2664 0
1041 5.2581 0
1353 5.2501 0
1388 5.2481 0
1281 5.2168 0
751 5.1925 0
677 5.1890 0
1768 5.1747 0
1542 5.1735 0
1526 5.1519 0
469 5.1447 0
1547 5.0746 0
1199 5.0694 0
1775 5.0382 0
361 5.0187 0
1643 5.0178 0
419 5.0031 0
168 4.9885 0
1774 4.9088 0
1752 4.8436 0
1629 4.8421 0
1633 4.8356 0
850 4.8262 0
1360 4.8229 0
1549 4.8141 0
604 4.8084 0
1616 4.8074 0
775 4.8048 0
1673 4.7924 0
992 4.7782 0
1635 4.7645 0
1480 4.7587 1
671 4.7445 0
364 4.7358 0
585 4.7205 0
965 4.7158 0
12 4.6844 0
680 4.6701 0
1354 4.6353 0
1694 4.6217 0
1029 4.6146 0
1286 4.5978 0
1648 4.5791 0
1195 4.5751 0
1603 4.5734 0
1625 4.5650 0
1316 4.5400 0
1653 4.5323 0
1355 4.5046 0
1750 4.5041 0
1632 4.4826 0
1527 4.4575 0
653 4.4496 0
1630 4.4183 0
936 4.3915 0
1671 4.3519 0
1177 4.3389 0
1780 4.3354 0
1778 4.3315 0
1688 4.2923 0
446 4.2898 0
1477 4.2892 1
1535 4.2799 0
1557 4.2799 0
1693 4.2310 0
1698 4.2178 0
1592 4.1999 0
1799 4.1671 0
1763 4.1605 0
1390 4.1433 0
15 4.1256 0
1672 4.1249 0
1605 4.1031 0
1692 4.0911 0
25 4.0766 0
544 4.0717 0
1647 4.0629 0
1533 4.0578 0
1522 4.0433 0
1425 4.0098 0
99 3.9828 0
24 3.9665 0
1670 3.9654 0
1832 3.9381 0
1675 3.9380 0
958 3.9324 0
2 3.9157 0
1608 3.9085 0
1843 3.9028 0
1233 3.8951 0
1947 3.8875 0
1650 3.8873 0
1009 3.8824 0
1585 3.8792 0
1204 3.8647 0
1438 3.8528 0
1336 3.8384 0
729 3.8349 0
1212 3.8305 0
1772 3.8157 0
357 3.8121 0
111 3.8074 0
382 3.7488 0
38 3.7477 0
1587 3.7357 0
442 3.7316 0
794 3.7272 0
953 3.7206 0
1561 3.7163 0
564 3.7042 0
31 3.6882 0
453 3.6808 0
1 3.6759 0
1034 3.6756 0
1639 3.6602 0
1615 3.6580 0
1699 3.6369 0
301 3.6359 0
50 3.6276 0
941 3.5923 0
1064 3.5877 0
1418 3.5414 0
1287 3.5398 0
879 3.5342 0
672 3.5326 0
1581 3.5224 0
1689 3.5213 0
842 3.5157 0
986 3.5025 0
1006 3.4977 0
890 3.4957 0
1793 3.4893 0
1783 3.4844 0
1223 3.4840 0
1545 3.4671 0
326 3.4670 0
1546 3.4526 0
167 3.4485 0
652 3.4469 0
1942 3.4376 0
313 3.4333 0
950 3.4291 0
1057 3.4138 0
1280 3.4121 0
1219 3.3762 0
21 3.3757 0
285 3.3525 0
1682 3.3502 0
706 3.3403 0
133 3.3366 0
303 3.3070 0
1638 3.3019 0
1519 3.2840 0
1534 3.2600 0
1555 3.2596 0
1055 3.2252 0
1521 3.2226 0
1124 3.2175 0
402 3.2080 0
1299 3.1968 0
726 3.1903 0
242 3.1820 0
655 3.1705 0
68 3.1519 0
1384 3.1324 0
975 3.1245 0
816 3.1074 0
432 3.1046 0
696 3.0991 0
1919 3.0910 0
1613 3.0901 0
161 3.0764 0
1524 3.0741 0
410 3.0606 0
1500 3.0509 0
1523 3.0494 0
1350 3.0488 0
376 3.0452 0
411 3.0441 0
1089 3.0332 0
1512 3.0300 0
795 3.0216 0
81 3.0137 0
359 2.9943 0
1751 2.9923 0
436 2.9920 0
1612 2.9659 0
437 2.9611 0
1662 2.9531 0
844 2.9455 0
1298 2.9436 0
67 2.9398 0
518 2.9378 0
1559 2.9333 0
994 2.9312 0
1240 2.9249 0
1515 2.9193 0
1000 2.9120 0
1529 2.9067 0
1637 2.9060 0
1377 2.8880 0
1679 2.8840 0
488 2.8831 0
1992 2.8757 0
1093 2.8706 0
1634 2.8653 0
1210 2.8639 0
504 2.8560 0
1758 2.8518 0
1582 2.8481 0
1882 2.8369 0
830 2.8308 0
462 2.8290 0
8 2.8090 0
1912 2.7983 0
1256 2.7942 0
695 2.7878 0
1351 2.7825 0
1791 2.7733 0
448 2.7684 0
1504 2.7591 0
396 2.7570 0
204 2.7474 0
694 2.7403 0
131 2.7391 0
1537 2.7337 0
1790 2.7322 0
387 2.7305 0
1393 2.7268 0
350 2.7221 0
648 2.7211 0
295 2.7172 0
1007 2.7170 0
1841 2.7084 0
1525 2.7012 0
366 2.6844 0
1875 2.6588 0
297 2.6544 0
1937 2.6500 0
1911 2.6455 0
1516 2.6426 0
184 2.6416 0
1824 2.6416 0
1295 2.6373 0
1288 2.6366 0
1681 2.6352 0
35 2.6345 0
782 2.6294 0
414 2.6279 0
999 2.6261 0
937 2.6258 0
657 2.6241 0
1918 2.6202 0
779 2.6128 0
434 2.6066 0
1396 2.6063 0
560 2.6025 0
743 2.5984 0
1904 2.5925 0
790 2.5891 0
1095 2.5857 0
1609 2.5802 0
1143 2.5797 0
104 2.5739 0
1562 2.5642 0
1003 2.5593 0
527 2.5581 0
964 2.5556 0
354 2.5449 0
1945 2.5389 0
1840 2.5341 0
1142 2.5282 0
1626 2.5156 0
1169 2.5132 0
1024 2.5077 0
1379 2.5050 0
45 2.4945 0
1475 2.4899 1
66 2.4893 0
1599 2.4876 0
1760 2.4857 0
1162 2.4848 0
1503 2.4812 0
1061 2.4811 0
1538 2.4810 0
1649 2.4735 0
1376 2.4620 0
820 2.4585 0
1090 2.4557 0
1361 2.4540 0
505 2.4370 0
384 2.4254 0
485 2.4240 0
1255 2.4075 0
34 2.4057 0
1905 2.4050 0
581 2.4007 0
684 2.3784 0
1044 2.3743 0
1796 2.3640 0
338 2.3636 0
399 2.3631 0
925 2.3572 0
755 2.3550 0
9 2.3500 0
783 2.3487 0
949 2.3482 0
904 2.3465 0
1260 2.3413 0
1045 2.3171 0
217 2.3168 0
1302 2.3108 0
30 2.3072 0
678 2.2869 0
1035 2.2819 0
631 2.2783 0
1128 2.2749 0
1541 2.2699 0
257 2.2681 0
1058 2.2616 0
952 2.2571 0
1267 2.2540 0
365 2.2449 0
663 2.2403 0
379 2.2331 0
457 2.2326 0
207 2.2149 0
253 2.2147 0
1586 2.2116 0
94 2.2088 0
1410 2.1976 0
1943 2.1946 0
1382 2.1936 0
1399 2.1911 0
580 2.1891 0
1988 2.1819 0
1842 2.1780 0
1359 2.1774 0
271 2.1773 0
254 2.1703 0
1241 2.1674 0
826 2.1644 0
353 2.1544 0
1573 2.1522 0
1596 2.1521 0
1602 2.1502 0
1036 2.1350 0
1572 2.1173 0
1279 2.1139 0
1048 2.1070 0
739 2.1023 0
1197 2.1012 0
1536 2.0986 0
214 2.0976 0
355 2.0969 0
1352 2.0936 0
390 2.0873 0
1014 2.0819 0
389 2.0765 0
838 2.0757 0
1052 2.0748 0
1517 2.0579 0
1560 2.0538 0
1245 2.0517 0
420 2.0515 0
1984 2.0509 0
1654 2.0400 0
550 2.0138 0
938 2.0138 0
433 2.0119 0
1805 2.0031 0
1761 2.0013 0
1622 2.0000 0
1185 1.9883 0
810 1.9837 0
84 1.9828 0
1242 1.9796 0
1013 1.9687 0
1303 1.9640 0
837 1.9637 0
516 1.9617 0
881 1.9435 0
369 1.9404 0
1690 1.9393 0
394 1.9346 0
1680 1.9346 0
1949 1.9314 0
1159 1.9303 0
385 1.9203 0
358 1.9162 0
1917 1.9046 0
733 1.9036 0
1237 1.8979 0
1103 1.8935 0
819 1.8774 0
1787 1.8686 0
521 1.8664 0
985 1.8614 0
1664 1.8535 0
32 1.8412 0
870 1.8326 0
405 1.8326 0
781 1.8305 0
406 1.8204 0
183 1.8166 0
851 1.8144 0
723 1.8110 0
1565 1.8058 0
1820 1.8047 0
435 1.8009 0
363 1.7986 0
1408 1.7959 0
1936 1.7846 0
1201 1.7819 0
1026 1.7739 0
1081 1.7710 0
1395 1.7708 0
831 1.7702 0
1348 1.7677 0
1719 1.7633 0
1846 1.7607 0
1991 1.7588 0
290 1.7574 0
1580 1.7563 0
1876 1.7497 0
19 1.7484 0
116 1.7392 0
1926 1.7392 0
1563 1.7388 0
732 1.7385 0
1642 1.7280 0
1118 1.7166 0
272 1.7158 0
1784 1.7123 0
440 1.7084 0
330 1.7036 0
981 1.7014 0
1794 1.6991 0
39 1.6979 0
1686 1.6968 0
1645 1.6886 0
269 1.6832 0
1697 1.6774 0
1543 1.6678 0
1576 1.6663 0
1008 1.6661 0
1578 1.6645 0
1194 1.6628 0
754 1.6625 0
281 1.6549 0
1577 1.6541 0
1020 1.6534 0
1663 1.6517 0
1657 1.6441 0
945 1.6422 0
401 1.6375 0
1100 1.6319 0
1149 1.6304 0
193 1.6280 0
480 1.6251 0
887 1.6223 0
1196 1.6191 0
596 1.6183 0
458 1.6080 0
730 1.6047 0
75 1.6007 0
630 1.5839 0
1658 1.5752 0
397 1.5727 0
715 1.5674 0
833 1.5627 0
721 1.5622 0
1307 1.5621 0
356 1.5617 0
439 1.5603 0
1753 1.5542 0
1117 1.5517 0
1068 1.5498 0
441 1.5435 0
1757 1.5397 0
190 1.5381 0
1940 1.5353 0
255 1.5289 0
1925 1.5285 0
660 1.5264 0
1678 1.5141 0
1369 1.5134 0
1141 1.5110 0
275 1.5097 0
1579 1.5052 0
299 1.5014 0
513 1.4974 0
1511 1.4933 0
1909 1.4933 0
289 1.4890 0
802 1.4845 0
1501 1.4842 0
531 1.4816 0
1011 1.4808 0
869 1.4782 0
559 1.4774 0
1770 1.4770 0
1218 1.4753 0
1362 1.4731 0
590 1.4708 0
804 1.4694 0
897 1.4665 0
201 1.4640 0
1339 1.4556 0
1342 1.4550 0
370 1.4541 0
714 1.4516 0
589 1.4456 0
1231 1.4448 0
1104 1.4446 0
1386 1.4431 0
1813 1.4412 0
1042 1.4378 0
351 1.4335 0
536 1.4313 0
1293 1.4306 0
1668 1.4164 0
1084 1.4120 0
451 1.4032 0
1528 1.3997 0
689 1.3987 0
306 1.3984 0
1715 1.3970 0
1910 1.3938 0
1530 1.3934 0
1263 1.3900 0
857 1.3889 0
1150 1.3839 0
13 1.3838 0
443 1.3836 0
395 1.3826 0
1879 1.3763 0
1900 1.3739 0
1147 1.3738 0
304 1.3686 0
1819 1.3684 0
1246 1.3666 0
1924 1.3614 0
1934 1.3601 0
955 1.3572 0
1306 1.3559 0
200 1.3530 0
1594 1.3346 0
1631 1.3345 0
948 1.3345 0
522 1.3340 0
231 1.3334 0
20 1.3330 0
162 1.3262 0
381 1.3227 0
567 1.3182 0
388 1.3181 0
1509 1.3136 0
1604 1.3099 0
1695 1.3097 0
1060 1.3071 0
391 1.3013 0
1508 1.2995 0
1928 1.2939 0
1764 1.2878 0
917 1.2868 0
629 1.2850 0
906 1.2844 0
1337 1.2831 0
1324 1.2809 0
372 1.2794 0
46 1.2748 0
535 1.2729 0
1558 1.2645 0
524 1.2560 0
1030 1.2550 0
423 1.2548 0
1051 1.2515 0
408 1.2511 0
1403 1.2455 0
1948 1.2430 0
1788 1.2403 0
1016 1.2377 0
1959 1.2356 0
383 1.2334 0
415 1.2310 0
71 1.2307 0
977 1.2290 0
495 1.2272 0
1785 1.2226 0
1250 1.2221 0
407 1.2198 0
749 1.2180 0
932 1.2166 0
1171 1.2125 0
1606 1.2085 0
1378 1.2070 0
1325 1.2062 0
54 1.1980 0
1071 1.1950 0
1446 1.1864 0
1168 1.1858 0
95 1.1846 0
742 1.1835 0
197 1.1830 0
5 1.1820 0
1402 1.1806 0
1627 1.1768 0
865 1.1662 0
1269 1.1634 0
1234 1.1634 0
1327 1.1596 0
1157 1.1587 0
1711 1.1569 0
1569 1.1556 0
1284 1.1439 0
106 1.1434 0
563 1.1366 0
1215 1.1360 0
146 1.1326 0
494 1.1285 0
79 1.1205 0
403 1.1183 0
1372 1.1154 0
720 1.1144 0
741 1.1091 0
803 1.1081 0
508 1.1068 0
687 1.1029 0
1739 1.1003 0
717 1.0982 0
792 1.0964 0
368 1.0962 0
343 1.0958 0
1078 1.0902 0
1724 1.0888 0
248 1.0868 0
1226 1.0829 0
191 1.0817 0
157 1.0815 0
1037 1.0789 0
788 1.0711 0
1332 1.0702 0
427 1.0697 0
1056 1.0683 0
1570 1.0671 0
506 1.0631 0
1244 1.0597 0
777 1.0594 0
1696 1.0580 0
928 1.0575 0
956 1.0562 0
349 1.0460 0
1818 1.0432 0
52 1.0431 0
49 1.0428 0
532 1.0400 0
1765 1.0381 0
374 1.0380 0
425 1.0339 0
1114 1.0255 0
1232 1.0244 0
1179 1.0204 0
957 1.0195 0
747 1.0189 0
234 1.0183 0
1273 1.0176 0
1539 1.0158 0
1225 1.0142 0
274 1.0115 0
682 1.0082 0
1556 0.9974 0
1163 0.9956 0
1406 0.9918 0
1922 0.9846 0
307 0.9841 0
1826 0.9789 0
479 0.9780 0
252 0.9779 0
1661 0.9778 0
137 0.9761 0
1129 0.9710 0
847 0.9687 0
625 0.9633 0
1050 0.9619 0
789 0.9614 0
465 0.9587 0
1505 0.9585 0
1920 0.9570 0
1023 0.9536 0
1551 0.9534 0
243 0.9511 0
113 0.9425 0
615 0.9368 0
29 0.9316 0
1356 0.9227 0
1344 0.9223 0
1766 0.9203 0
812 0.9170 0
896 0.9114 0
288 0.9108 0
259 0.9097 0
1252 0.9094 0
718 0.9071 0
154 0.9063 0
1837 0.9059 0
1952 0.9038 0
37 0.9037 0
1748 0.8979 0
1520 0.8971 0
291 0.8946 0
1139 0.8897 0
327 0.8881 0
828 0.8803 0
758 0.8759 0
835 0.8756 0
961 0.8755 0
969 0.8728 0
1381 0.8696 0
537 0.8689 0
1684 0.8689 0
1433 0.8631 0
173 0.8631 0
216 0.8571 0
756 0.8541 0
267 0.8516 0
676 0.8510 0
1276 0.8480 0
1183 0.8423 0
1039 0.8413 0
1367 0.8412 0
1431 0.8400 0
626 0.8391 0
337 0.8342 0
120 0.8339 0
573 0.8337 0
409 0.8307 0
1015 0.8240 0
180 0.8220 0
1005 0.8186 0
233 0.8184 0
293 0.8180 0
312 0.8179 0
889 0.8117 0
593 0.8115 0
1712 0.8044 0
809 0.8036 0
1239 0.7993 0
968 0.7941 0
1894 0.7914 0
712 0.7903 0
1567 0.7861 0
1018 0.7859 0
1804 0.7837 0
1792 0.7814 0
1502 0.7807 0
1683 0.7806 0
1620 0.7793 0
571 0.7750 0
709 0.7742 0
1939 0.7720 0
195 0.7699 0
577 0.7693 0
1817 0.7658 0
1929 0.7656 0
832 0.7611 0
1982 0.7600 0
298 0.7547 0
1046 0.7518 0
791 0.7501 0
380 0.7470 0
0 0.7462 0
11 0.7415 0
1363 0.7401 0
1170 0.7368 0
1767 0.7365 0
679 0.7363 0
692 0.7343 0
1380 0.7331 0
519 0.7313 0
1640 0.7313 0
6 0.7304 0
221 0.7294 0
145 0.7274 0
444 0.7263 0
1001 0.7247 0
260 0.7242 0
1830 0.7221 0
1033 0.7215 0
1049 0.7210 0
122 0.7210 0
647 0.7196 0
1138 0.7196 0
973 0.7168 0
263 0.7081 0
1076 0.7050 0
284 0.6984 0
1207 0.6971 0
813 0.6883 0
899 0.6828 0
1094 0.6781 0
416 0.6718 0
62 0.6706 0
287 0.6692 0
1432 0.6649 0
1822 0.6635 0
1422 0.6613 0
103 0.6569 0
292 0.6561 0
1887 0.6428 0
302 0.6407 0
1776 0.6394 0
773 0.6392 0
1677 0.6353 0
218 0.6351 0
1998 0.6344 0
1927 0.6304 0
246 0.6278 0
486 0.6237 0
1172 0.6204 0
1566 0.6199 0
316 0.6153 0
1191 0.6116 0
1202 0.6102 0
487 0.6086 0
1834 0.6040 0
413 0.6021 0
153 0.5962 0
393 0.5928 0
1182 0.5873 0
367 0.5832 0
1447 0.5827 0
511 0.5813 0
1707 0.5810 0
1667 0.5806 0
942 0.5804 0
737 0.5780 0
210 0.5768 0
205 0.5758 0
1782 0.5729 0
807 0.5725 0
1238 0.5709 0
377 0.5669 0
47 0.5654 0
1574 0.5646 0
1176 0.5633 0
983 0.5564 0
1571 0.5545 0
58 0.5531 0
169 0.5529 0
179 0.5523 0
786 0.5502 0
236 0.5452 0
1553 0.5424 0
1816 0.5420 0
1312 0.5384 0
667 0.5339 0
736 0.5326 0
827 0.5303 0
702 0.5301 0
371 0.5270 0
404 0.5248 0
1700 0.5214 0
1040 0.5208 0
452 0.5137 0
1152 0.5127 0
963 0.5124 0
996 0.5091 0
172 0.5075 0
1153 0.5073 0
1916 0.5043 0
280 0.5037 0
744 0.5035 0
1575 0.5031 0
728 0.5008 0
360 0.4942 0
1506 0.4886 0
1067 0.4869 0
1618 0.4854 0
1345 0.4843 0
335 0.4840 0
309 0.4824 0
930 0.4810 0
258 0.4806 0
868 0.4749 0
912 0.4711 0
1976 0.4710 0
429 0.4673 0
1099 0.4630 0
1915 0.4622 0
1248 0.4618 0
447 0.4574 0
1166 0.4566 0
1080 0.4565 0
1847 0.4554 0
562 0.4538 0
797 0.4520 0
987 0.4512 0
212 0.4480 0
1368 0.4450 0
60 0.4440 0
1053 0.4416 0
1259 0.4408 0
1358 0.4378 0
1595 0.4362 0
119 0.4343 0
753 0.4152 0
174 0.4121 0
460 0.4107 0
1935 0.4096 0
1134 0.4067 0
1951 0.4051 0
1088 0.4042 0
1687 0.4017 0
688 0.4009 0
1623 0.4001 0
1531 0.3990 0
643 0.3990 0
276 0.3987 0
431 0.3986 0
1427 0.3968 0
23 0.3937 0
1836 0.3929 0
1145 0.3926 0
7 0.3909 0
1786 0.3850 0
474 0.3775 0
1392 0.3773 0
1387 0.3768 0
734 0.3737 0
1323 0.3735 0
1713 0.3712 0
923 0.3712 0
805 0.3689 0
1821 0.3686 0
877 0.3670 0
1769 0.3643 0
1845 0.3618 0
1703 0.3616 0
375 0.3567 0
44 0.3549 0
392 0.3540 0
1251 0.3492 0
152 0.3437 0
247 0.3427 0
601 0.3415 0
998 0.3407 0
1831 0.3364 0
1253 0.3357 0
1972 0.3330 0
800 0.3298 0
547 0.3269 0
484 0.3267 0
1217 0.3251 0
1755 0.3212 0
911 0.3163 0
1074 0.3145 0
582 0.3123 0
666 0.3088 0
124 0.3035 0
597 0.3021 0
1102 0.3011 0
1326 0.2954 0
1923 0.2947 0
250 0.2945 0
1730 0.2941 0
129 0.2901 0
763 0.2893 0
16 0.2892 0
927 0.2880 0
1901 0.2837 0
921 0.2799 0
793 0.2774 0
1063 0.2709 0
738 0.2694 0
1735 0.2685 0
607 0.2678 0
18 0.2675 0
155 0.2635 0
1329 0.2594 0
348 0.2551 0
53 0.2551 0
1593 0.2525 0
849 0.2524 0
237 0.2491 0
693 0.2490 0
1590 0.2489 0
1930 0.2453 0
1004 0.2433 0
1674 0.2433 0
1815 0.2397 0
768 0.2397 0
1073 0.2365 0
878 0.2351 0
855 0.2324 0
323 0.2314 0
1243 0.2288 0
1513 0.2262 0
426 0.2245 0
1955 0.2211 0
1203 0.2207 0
1079 0.2200 0
144 0.2192 0
1160 0.2191 0
1734 0.2184 0
1120 0.2162 0
650 0.2142 0
843 0.2113 0
746 0.2111 0
1383 0.2093 0
658 0.2092 0
1144 0.2047 0
534 0.1972 0
362 0.1945 0
1544 0.1832 0
1903 0.1802 0
993 0.1801 0
1193 0.1759 0
1077 0.1721 0
82 0.1713 0
918 0.1696 0
967 0.1682 0
760 0.1648 0
1069 0.1626 0
1338 0.1619 0
220 0.1569 0
1086 0.1551 0
1731 0.1526 0
926 0.1507 0
1264 0.1501 0
244 0.1482 0
1075 0.1453 0
1967 0.1440 0
1066 0.1396 0
1733 0.1362 0
1072 0.1351 0
579 0.1327 0
1907 0.1315 0
1110 0.1310 0
83 0.1307 0
885 0.1278 0
445 0.1273 0
1591 0.1269 0
262 0.1243 0
503 0.1229 0
1779 0.1152 0
1119 0.1121 0
136 0.1079 0
229 0.0998 0
555 0.0972 0
642 0.0918 0
1898 0.0912 0
542 0.0897 0
1983 0.0888 0
1021 0.0836 0
1810 0.0789 0
340 0.0733 0
286 0.0689 0
417 0.0684 0
241 0.0681 0
1806 0.0640 0
1109 0.0632 0
1031 0.0604 0
708 0.0588 0
185 0.0586 0
845 0.0561 0
1749 0.0532 0
77 0.0491 0
978 0.0490 0
1962 0.0481 0
509 0.0442 0
105 0.0320 0
230 0.0303 0
1173 0.0292 0
814 0.0259 0
1032 0.0230 0
1097 0.0199 0
572 0.0178 0
974 0.0175 0
1318 0.0168 0
1978 0.0160 0
787 0.0050 0
1062 -0.0032 0
1335 -0.0033 0
1973 -0.0040 0
215 -0.0088 0
613 -0.0088 0
1158 -0.0151 0
1706 -0.0158 0
1209 -0.0201 0
840 -0.0209 0
1737 -0.0241 0
1771 -0.0288 0
1849 -0.0299 0
483 -0.0303 0
1174 -0.0327 0
624 -0.0353 0
1082 -0.0364 0
1798 -0.0370 0
422 -0.0488 0
1334 -0.0561 0
1116 -0.0570 0
1781 -0.0627 0
1054 -0.0647 0
1347 -0.0653 0
1092 -0.0694 0
143 -0.0719 0
946 -0.0747 0
548 -0.0799 0
421 -0.0818 0
1864 -0.0821 0
1370 -0.0846 0
294 -0.0870 0
553 -0.0885 0
283 -0.0901 0
551 -0.0915 0
1856 -0.0917 0
727 -0.0962 0
1261 -0.0968 0
884 -0.0980 0
89 -0.0987 0
1389 -0.1038 0
895 -0.1080 0
888 -0.1085 0
151 -0.1117 0
1087 -0.1183 0
935 -0.1207 0
713 -0.1226 0
991 -0.1228 0
801 -0.1261 0
73 -0.1355 0
815 -0.1373 0
875 -0.1380 0
1598 -0.1404 0
876 -0.1450 0
159 -0.1473 0
799 -0.1495 0
279 -0.1524 0
811 -0.1582 0
546 -0.1585 0
1825 -0.1696 0
1584 -0.1759 0
424 -0.1769 0
134 -0.1804 0
4 -0.1836 0
1986 -0.1850 0
342 -0.1852 0
541 -0.1857 0
156 -0.1882 0
1216 -0.1887 0
1993 -0.1891 0
170 -0.1891 0
934 -0.1908 0
1777 -0.1932 0
1220 -0.1950 0
386 -0.1986 0
825 -0.2009 0
839 -0.2025 0
1059 -0.2078 0
959 -0.2101 0
141 -0.2149 0
1428 -0.2160 0
848 -0.2169 0
1744 -0.2203 0
352 -0.2243 0
1429 -0.2259 0
675 -0.2260 0
1665 -0.2275 0
1321 -0.2279 0
1140 -0.2307 0
1838 -0.2322 0
1289 -0.2372 0
28 -0.2408 0
194 -0.2418 0
515 -0.2489 0
700 -0.2564 0
1167 -0.2607 0
240 -0.2621 0
10 -0.2621 0
530 -0.2690 0
227 -0.2725 0
378 -0.2743 0
561 -0.2748 0
528 -0.2762 0
558 -0.2853 0
1554 -0.2868 0
1873 -0.2885 0
1660 -0.2899 0
1944 -0.2918 0
1709 -0.2919 0
1333 -0.2952 0
90 -0.2972 0
333 -0.2974 0
943 -0.3049 0
308 -0.3075 0
903 -0.3220 0
574 -0.3223 0
1017 -0.3228 0
65 -0.3242 0
1291 -0.3298 0
1964 -0.3307 0
704 -0.3339 0
1330 -0.3393 0
48 -0.3393 0
1953 -0.3478 0
1175 -0.3538 0
1913 -0.3551 0
251 -0.3559 0
724 -0.3711 0
1589 -0.3732 0
1257 -0.3749 0
1365 -0.3768 0
1309 -0.3918 0
1740 -0.4039 0
1364 -0.4068 0
1178 -0.4069 0
1507 -0.4080 0
1651 -0.4092 0
588 -0.4164 0
846 -0.4166 0
780 -0.4229 0
1666 -0.4261 0
273 -0.4310 0
703 -0.4367 0
1154 -0.4388 0
1131 -0.4405 0
78 -0.4444 0
1809 -0.4461 0
1266 -0.4465 0
1827 -0.4505 0
1320 -0.4607 0
1156 -0.4608 0
1741 -0.4662 0
725 -0.4677 0
836 -0.4684 0
213 -0.4697 0
1659 -0.4757 0
1691 -0.4760 0
686 -0.4776 0
569 -0.4790 0
1568 -0.4809 0
211 -0.4832 0
707 -0.4983 0
300 -0.5042 0
748 -0.5087 0
929 -0.5110 0
430 -0.5128 0
110 -0.5145 0
818 -0.5177 0
545 -0.5208 0
1108 -0.5296 0
1710 -0.5310 0
1762 -0.5344 0
42 -0.5358 0
1963 -0.5410 0
1022 -0.5465 0
14 -0.5558 0
618 -0.5589 0
438 -0.5594 0
127 -0.5631 0
1025 -0.5639 0
1112 -0.5641 0
603 -0.5647 0
1272 -0.5663 0
759 -0.5701 0
1886 -0.5771 0
1742 -0.5797 0
902 -0.5814 0
599 -0.5948 0
1883 -0.5971 0
1797 -0.6001 0
796 -0.6012 0
1808 -0.6044 0
1721 -0.6047 0
822 -0.6062 0
514 -0.6072 0
520 -0.6151 0
556 -0.6209 0
864 -0.6211 0
1308 -0.6218 0
1828 -0.6226 0
649 -0.6248 0
1002 -0.6321 0
745 -0.6331 0
1931 -0.6340 0
979 -0.6410 0
208 -0.6418 0
466 -0.6419 0
1155 -0.6422 0
701 -0.6423 0
529 -0.6440 0
1424 -0.6447 0
1331 -0.6481 0
189 -0.6487 0
1328 -0.6537 0
1127 -0.6539 0
310 -0.6599 0
490 -0.6626 0
1208 -0.6628 0
512 -0.6707 0
922 -0.6737 0
669 -0.6838 0
762 -0.6854 0
989 -0.6917 0
1366 -0.6944 0
266 -0.6984 0
1184 -0.6991 0
697 -0.6993 0
610 -0.7028 0
1811 -0.7066 0
1258 -0.7143 0
17 -0.7145 0
861 -0.7158 0
586 -0.7188 0
1091 -0.7190 0
1416 -0.7192 0
142 -0.7225 0
583 -0.7304 0
602 -0.7322 0
698 -0.7354 0
500 -0.7376 0
235 -0.7408 0
598 -0.7415 0
841 -0.7448 0
1083 -0.7449 0
1236 -0.7491 0
1228 -0.7525 0
412 -0.7554 0
264 -0.7560 0
114 -0.7574 0
1729 -0.7578 0
1394 -0.7606 0
1283 -0.7645 0
1966 -0.7777 0
619 -0.7787 0
766 -0.7791 0
1301 -0.7795 0
86 -0.7857 0
1186 -0.7898 0
1908 -0.7959 0
140 -0.7967 0
778 -0.8014 0
1870 -0.8014 0
566 -0.8014 0
1277 -0.8034 0
1954 -0.8058 0
345 -0.8093 0
605 -0.8103 0
1685 -0.8168 0
1652 -0.8283 0
1743 -0.8300 0
1902 -0.8430 0
1965 -0.8561 0
85 -0.8573 0
711 -0.8607 0
55 -0.8682 0
740 -0.8693 0
852 -0.8700 0
181 -0.8753 0
617 -0.8784 0
525 -0.8786 0
1848 -0.8817 0
565 -0.8868 0
854 -0.8870 0
1624 -0.8892 0
1518 -0.8905 0
148 -0.8912 0
223 -0.8914 0
984 -0.8937 0
1829 -0.8969 0
863 -0.9003 0
858 -0.9006 0
1865 -0.9024 0
96 -0.9054 0
608 -0.9097 0
1641 -0.9108 0
125 -0.9166 0
1385 -0.9177 0
93 -0.9182 0
510 -0.9253 0
3 -0.9274 0
64 -0.9282 0
719 -0.9304 0
1726 -0.9307 0
874 -0.9314 0
1914 -0.9324 0
1107 -0.9348 0
1801 -0.9375 0
198 -0.9408 0
26 -0.9432 0
202 -0.9441 0
1314 -0.9531 0
98 -0.9568 0
187 -0.9573 0
63 -0.9574 0
785 -0.9626 0
765 -0.9645 0
962 -0.9658 0
910 -0.9719 0
916 -0.9727 0
882 -0.9753 0
1969 -0.9786 0
1192 -0.9818 0
344 -0.9819 0
1858 -0.9822 0
1096 -0.9831 0
219 -0.9845 0
539 -0.9881 0
245 -0.9885 0
1981 -0.9890 0
324 -0.9914 0
806 -0.9927 0
1906 -0.9952 0
1732 -0.9975 0
1443 -0.9996 0
645 -1.0147 0
1111 -1.0192 0
56 -1.0197 0
817 -1.0228 0
305 -1.0248 0
196 -1.0381 0
1854 -1.0455 0
1290 -1.0464 0
418 -1.0469 0
1098 -1.0527 0
1296 -1.0533 0
1899 -1.0541 0
1028 -1.0592 0
1980 -1.0649 0
1803 -1.0675 0
108 -1.0680 0
1987 -1.0734 0
175 -1.0734 0
1835 -1.0753 0
808 -1.0763 0
1313 -1.0769 0
853 -1.0789 0
1137 -1.0797 0
1047 -1.0824 0
1430 -1.0943 0
88 -1.0950 0
954 -1.1043 0
43 -1.1067 0
1230 -1.1122 0
117 -1.1140 0
1933 -1.1159 0
988 -1.1202 0
41 -1.1307 0
633 -1.1312 0
130 -1.1403 0
1407 -1.1430 0
971 -1.1456 0
731 -1.1474 0
1877 -1.1519 0
1211 -1.1527 0
909 -1.1601 0
27 -1.1619 0
1646 -1.1643 0
1373 -1.1664 0
685 -1.1678 0
1704 -1.1678 0
995 -1.1766 0
1958 -1.1784 0
238 -1.1836 0
334 -1.1871 0
866 -1.1874 0
859 -1.1911 0
61 -1.1933 0
69 -1.1945 0
1106 -1.1949 0
860 -1.2025 0
1745 -1.2045 0
126 -1.2114 0
1085 -1.2124 0
1270 -1.2129 0
659 -1.2143 0
1448 -1.2158 0
147 -1.2174 0
1187 -1.2192 0
894 -1.2264 0
900 -1.2298 0
1262 -1.2309 0
867 -1.2324 0
972 -1.2355 0
1716 -1.2361 0
182 -1.2377 0
966 -1.2392 0
91 -1.2394 0
1999 -1.2410 0
1180 -1.2425 0
873 -1.2430 0
568 -1.2438 0
1795 -1.2450 0
249 -1.2459 0
1552 -1.2506 0
798 -1.2508 0
1374 -1.2533 0
481 -1.2598 0
944 -1.2605 0
674 -1.2622 0
1271 -1.2639 0
463 -1.2640 0
1880 -1.2660 0
1206 -1.2690 0
1292 -1.2724 0
1121 -1.2738 0
1164 -1.2790 0
1514 -1.2798 0
501 -1.2811 0
1676 -1.2844 0
1971 -1.2858 0
472 -1.2859 0
1227 -1.2916 0
1434 -1.2973 0
662 -1.2977 0
123 -1.2998 0
665 -1.3095 0
1708 -1.3112 0
722 -1.3146 0
222 -1.3171 0
1979 -1.3216 0
1896 -1.3247 0
976 -1.3296 0
1038 -1.3368 0
76 -1.3398 0
132 -1.3416 0
997 -1.3476 0
1426 -1.3532 0
225 -1.3541 0
891 -1.3548 0
1181 -1.3549 0
1932 -1.3564 0
1205 -1.3676 0
770 -1.3691 0
1957 -1.3721 0
716 -1.3744 0
893 -1.3757 0
178 -1.3766 0
970 -1.3780 0
346 -1.3797 0
1371 -1.3811 0
883 -1.3844 0
616 -1.3877 0
1027 -1.3881 0
939 -1.3885 0
1436 -1.3923 0
1397 -1.3989 0
497 -1.3995 0
533 -1.4020 0
1807 -1.4087 0
1105 -1.4101 0
1859 -1.4131 0
1268 -1.4159 0
1773 -1.4164 0
908 -1.4176 0
632 -1.4181 0
1705 -1.4182 0
92 -1.4217 0
517 -1.4246 0
1151 -1.4266 0
1861 -1.4280 0
1315 -1.4281 0
171 -1.4301 0
314 -1.4362 0
496 -1.4365 0
1115 -1.4405 0
347 -1.4461 0
683 -1.4573 0
188 -1.4648 0
203 -1.4748 0
1985 -1.4755 0
1970 -1.4786 0
705 -1.4787 0
661 -1.4816 0
623 -1.4877 0
834 -1.4882 0
523 -1.4959 0
823 -1.4981 0
1720 -1.5083 0
507 -1.5101 0
339 -1.5155 0
1989 -1.5226 0
622 -1.5285 0
1621 -1.5347 0
1275 -1.5373 0
428 -1.5376 0
1852 -1.5451 0
752 -1.5486 0
614 -1.5501 0
1343 -1.5633 0
880 -1.5637 0
933 -1.5679 0
772 -1.5694 0
1148 -1.5711 0
764 -1.5724 0
1960 -1.5762 0
74 -1.5828 0
871 -1.5838 0
821 -1.5891 0
1300 -1.5986 0
761 -1.5986 0
1146 -1.6040 0
824 -1.6042 0
1213 -1.6047 0
1409 -1.6077 0
51 -1.6091 0
1189 -1.6142 0
1950 -1.6146 0
1349 -1.6177 0
1872 -1.6187 0
639 -1.6211 0
278 -1.6218 0
1200 -1.6229 0
36 -1.6241 0
609 -1.6305 0
149 -1.6344 0
199 -1.6374 0
268 -1.6460 0
905 -1.6479 0
1229 -1.6482 0
59 -1.6487 0
1391 -1.6488 0
1728 -1.6528 0
1411 -1.6559 0
1802 -1.6604 0
628 -1.6644 0
1012 -1.6707 0
960 -1.6721 0
1746 -1.6745 0
538 -1.6840 0
1123 -1.6870 0
320 -1.6914 0
1878 -1.6971 0
449 -1.7190 0
57 -1.7215 0
176 -1.7285 0
493 -1.7287 0
1862 -1.7310 0
232 -1.7354 0
1126 -1.7402 0
1995 -1.7441 0
641 -1.7457 0
164 -1.7469 0
757 -1.7489 0
239 -1.7519 0
1065 -1.7532 0
1101 -1.7548 0
1997 -1.7577 0
856 -1.7626 0
1717 -1.7628 0
118 -1.7708 0
1413 -1.7725 0
1188 -1.7807 0
1400 -1.7915 0
898 -1.7986 0
160 -1.7987 0
192 -1.8006 0
1994 -1.8157 0
1322 -1.8194 0
398 -1.8341 0
627 -1.8359 0
1449 -1.8378 0
158 -1.8410 0
1961 -1.8484 0
1853 -1.8519 0
1889 -1.8528 0
1317 -1.8588 0
261 -1.8651 0
634 -1.8675 0
282 -1.8725 0
70 -1.8932 0
109 -1.8956 0
914 -1.8968 0
1401 -1.8968 0
166 -1.8986 0
776 -1.9009 0
97 -1.9013 0
228 -1.9034 0
592 -1.9163 0
1165 -1.9182 0
1977 -1.9280 0
336 -1.9325 0
1222 -1.9342 0
471 -1.9391 0
710 -1.9439 0
107 -1.9521 0
1975 -1.9533 0
990 -1.9636 0
771 -1.9724 0
135 -1.9732 0
450 -1.9807 0
1723 -1.9822 0
206 -1.9910 0
575 -1.9934 0
1070 -2.0137 0
1968 -2.0361 0
735 -2.0399 0
186 -2.0413 0
163 -2.0527 0
1265 -2.0568 0
1247 -2.0575 0
256 -2.0740 0
1319 -2.0793 0
1990 -2.0861 0
1221 -2.0923 0
1718 -2.0989 0
33 -2.1057 0
311 -2.1069 0
1235 -2.1227 0
1814 -2.1283 0
319 -2.1341 0
121 -2.1360 0
924 -2.1466 0
784 -2.1523 0
1702 -2.1690 0
892 -2.1698 0
681 -2.1758 0
1844 -2.1772 0
209 -2.1809 0
1440 -2.1865 0
587 -2.1943 0
750 -2.1971 0
226 -2.2033 0
277 -2.2144 0
1890 -2.2224 0
612 -2.2316 0
1136 -2.2407 0
476 -2.2481 0
1839 -2.2568 0
1423 -2.2612 0
1800 -2.2959 0
1619 -2.2963 0
554 -2.3028 0
80 -2.3050 0
907 -2.3092 0
1727 -2.3213 0
1540 -2.3294 0
1135 -2.3362 0
128 -2.3404 0
1888 -2.3422 0
591 -2.3470 0
915 -2.3493 0
102 -2.3496 0
461 -2.3555 0
1956 -2.3688 0
1130 -2.3746 0
621 -2.3822 0
1444 -2.3918 0
1113 -2.3939 0
526 -2.4107 0
1881 -2.4117 0
470 -2.4168 0
1588 -2.4183 0
1974 -2.4203 0
1249 -2.4360 0
1415 -2.4383 0
139 -2.4475 0
646 -2.4509 0
296 -2.4622 0
1564 -2.4707 0
1892 -2.4789 0
1305 -2.4832 0
578 -2.4896 0
829 -2.4897 0
1132 -2.4914 0
1310 -2.4923 0
931 -2.4943 0
557 -2.5027 0
455 -2.5136 0
502 -2.5252 0
491 -2.5278 0
1439 -2.5334 0
341 -2.5528 0
637 -2.5902 0
540 -2.6009 0
1855 -2.6037 0
112 -2.6108 0
1946 -2.6272 0
600 -2.6377 0
138 -2.6401 0
644 -2.6417 0
177 -2.6433 0
1419 -2.6561 0
543 -2.6842 0
767 -2.6938 0
1375 -2.6952 0
1722 -2.7022 0
464 -2.7321 0
1421 -2.7608 0
22 -2.7632 0
100 -2.7805 0
478 -2.7856 0
499 -2.7989 0
87 -2.8003 0
638 -2.8048 0
1304 -2.8107 0
549 -2.8148 0
668 -2.8201 0
862 -2.8213 0
332 -2.8238 0
1823 -2.8249 0
1893 -2.8316 0
467 -2.8366 0
1812 -2.8520 0
482 -2.8607 0
1274 -2.8640 0
318 -2.8663 0
1346 -2.8836 0
1122 -2.8894 0
373 -2.8918 0
901 -2.9033 0
774 -2.9071 0
1871 -2.9081 0
1043 -2.9104 0
1297 -2.9174 0
606 -2.9174 0
1863 -2.9210 0
1941 -2.9333 0
982 -2.9334 0
1133 -2.9378 0
1285 -2.9501 0
1442 -3.0183 0
1405 -3.0227 0
1857 -3.0284 0
635 -3.0596 0
1125 -3.0651 0
328 -3.0790 0
1897 -3.1117 0
640 -3.1159 0
886 -3.1659 0
150 -3.1663 0
492 -3.1929 0
165 -3.1941 0
1725 -3.2160 0
1747 -3.2160 0
769 -3.2179 0
1412 -3.2246 0
1340 -3.2389 0
1198 -3.2594 0
72 -3.2649 0
1420 -3.2739 0
1414 -3.2834 0
1441 -3.2971 0
1445 -3.3134 0
1714 -3.3296 0
1311 -3.3359 0
1833 -3.3657 0
1437 -3.4188 0
1921 -3.4428 0
321 -3.4466 0
1417 -3.4593 0
475 -3.5147 0
317 -3.5607 0
1938 -3.5839 0
1224 -3.5920 0
101 -3.6254 0
919 -3.6511 0
1866 -3.6599 0
552 -3.6715 0
473 -3.6815 0
1282 -3.6939 0
594 -3.6964 0
1891 -3.7296 0
322 -3.7515 0
270 -3.7675 0
1738 -3.8099 0
1851 -3.8430 0
1874 -3.8506 0
1583 -3.8531 0
315 -3.8641 0
115 -3.8914 0
920 -3.8934 0
1860 -3.9218 0
636 -3.9220 0
620 -3.9436 0
1850 -3.9561 0
570 -3.9822 0
611 -3.9946 0
1884 -4.0597 0
1869 -4.0670 0
1435 -4.1114 0
1996 -4.1646 0
1885 -4.2080 0
1867 -4.2515 0
576 -4.4300 0
1895 -4.4352 0
595 -4.4853 0
456 -4.5574 0
872 -4.5649 0
329 -4.6869 0
1701 -4.7408 0
325 -4.8326 0
265 -5.0543 0
477 -5.2043 0
1868 -5.2589 0
489 -5.3208 0
498 -5.4555 0
1404 -5.9763 0
1736 -6.0875 0
1254 -6.1686 0
468 -6.2162 0
459 -9.8490 0
