1504 23.7344 1
1515 23.1500 1
1544 22.9261 1
1542 22.1897 1
1534 21.5298 1
1512 21.3750 1
1516 21.0075 1
1533 20.8902 1
1520 19.5507 1
1514 18.8126 1
1543 18.6303 1
1546 18.4124 1
1509 18.1618 1
1503 17.9851 1
1507 17.8860 1
1525 17.3823 1
1536 17.3655 1
1511 16.9650 1
1517 16.7872 1
1513 16.4603 1
1523 16.2554 1
1530 15.2141 1
1539 15.1916 1
1538 14.7845 1
1528 14.7596 1
1510 14.2317 1
1535 13.9721 1
1537 13.5459 1
691 13.4464 0
1540 13.4462 1
1531 13.2601 1
1353 13.2176 0
1521 12.9825 1
1527 12.9770 1
684 12.9459 0
1524 12.6640 1
1526 12.5268 1
673 12.3731 0
1529 11.9684 1
1541 11.8424 1
1506 11.8063 1
671 11.7032 0
1560 11.6616 0
1522 11.6488 1
1547 11.4096 1
680 11.3528 0
1596 11.1449 0
1519 10.9725 1
1532 10.7725 1
1398 10.7536 0
1195 10.5951 0
1518 10.3238 1
1597 10.1108 0
656 9.9249 0
690 9.7735 0
1559 8.8738 0
1487 8.8056 0
1548 8.6844 1
1508 8.6642 1
1583 8.6206 0
1565 8.5861 0
1501 8.4090 1
1571 8.2042 0
1459 8.1929 0
1355 8.0363 0
1500 8.0026 1
1505 7.8456 1
1549 7.7848 1
1498 7.7439 0
1611 7.7264 0
1184 7.5899 0
1555 7.4597 0
1577 7.4063 0
1545 7.3853 1
1587 7.2950 0
1556 7.2098 0
1566 7.1735 0
1550 7.1159 0
1629 7.0700 0
1584 6.9834 0
652 6.9102 0
1582 6.8019 0
1493 6.7655 0
1632 6.7365 0
1586 6.5776 0
651 6.5623 0
1687 6.5285 0
1569 6.5167 0
1450 6.4730 0
1454 6.4182 0
521 6.3957 0
1649 6.3752 0
1574 6.2875 0
1473 6.2721 0
1476 6.2350 0
682 6.1826 0
1637 6.1612 0
1471 6.1134 0
1774 6.1098 0
1458 6.0580 0
465 6.0561 0
1456 5.8376 0
1032 5.7949 0
909 5.7400 0
1568 5.7363 0
1580 5.6891 0
1009 5.6640 0
1592 5.6175 0
965 5.5852 0
1598 5.5831 0
1482 5.4699 0
1357 5.3852 0
1753 5.3847 0
1784 5.3431 0
1576 5.2546 0
1625 5.1667 0
1579 5.1588 0
1721 5.1083 0
1591 5.0921 0
1771 5.0463 0
1558 5.0051 0
1573 4.9184 0
1563 4.9153 0
1750 4.8768 0
1495 4.8683 0
1609 4.8662 0
290 4.8579 0
1758 4.8416 0
1463 4.8283 0
1670 4.8123 0
304 4.7951 0
1481 4.7401 0
1486 4.6854 0
626 4.6852 0
1578 4.6686 0
1478 4.6593 0
1593 4.6585 0
1589 4.6327 0
1581 4.5895 0
1674 4.5782 0
629 4.5350 0
1607 4.4849 0
1499 4.4798 0
374 4.4180 0
1622 4.3882 0
61 4.3783 0
1590 4.3508 0
1644 4.3235 0
1628 4.3228 0
1623 4.3051 0
1497 4.2428 0
1557 4.2276 0
968 4.2210 0
1617 4.2136 0
950 4.2135 0
1354 4.1947 0
1551 4.1813 0
54 4.1436 0
699 4.1217 0
1425 4.1051 0
1350 4.0918 0
1255 4.0646 0
1491 4.0559 0
1594 4.0270 0
1467 4.0061 0
1613 3.9908 0
655 3.9614 0
1361 3.9602 0
283 3.9371 0
1143 3.9266 0
1797 3.9239 0
913 3.9205 0
1179 3.8408 0
1315 3.8389 0
1469 3.8335 0
2 3.8268 0
1682 3.8063 0
1889 3.7979 0
1647 3.7782 0
1783 3.7016 0
1453 3.6897 0
1552 3.6548 0
994 3.6432 0
398 3.6180 0
423 3.6110 0
1570 3.5936 0
1561 3.5900 0
696 3.5535 0
1294 3.5530 0
11 3.5404 0
1494 3.5367 0
1025 3.5354 0
1572 3.5290 0
912 3.5019 0
1464 3.4733 0
1624 3.4638 0
1638 3.4244 0
1457 3.4030 0
1372 3.3905 0
1588 3.3817 0
1461 3.3716 0
1554 3.3606 0
12 3.3426 0
17 3.3307 0
1738 3.3088 0
658 3.2934 0
664 3.2559 0
679 3.2518 0
1177 3.2449 0
1399 3.2438 0
1010 3.2272 0
1564 3.2250 0
1274 3.2183 0
463 3.2168 0
40 3.2035 0
1575 3.1852 0
92 3.1793 0
1769 3.1766 0
49 3.1583 0
1595 3.1310 0
1007 3.1135 0
1635 3.1066 0
1465 3.0834 0
355 3.0710 0
1669 3.0692 0
1789 3.0672 0
1952 3.0325 0
1736 3.0255 0
1675 3.0132 0
641 3.0067 0
1488 2.9870 0
1460 2.9729 0
1485 2.9645 0
1452 2.9546 0
1492 2.9529 0
1396 2.9436 0
381 2.9301 0
1777 2.9258 0
51 2.8884 0
670 2.8839 0
1377 2.8817 0
1603 2.8709 0
1630 2.8487 0
650 2.8418 0
1790 2.8165 0
474 2.8079 0
1039 2.8035 0
1693 2.7966 0
1639 2.7957 0
1767 2.7846 0
1759 2.7769 0
1636 2.7318 0
949 2.7318 0
1604 2.7082 0
1654 2.7030 0
1765 2.6976 0
993 2.6931 0
928 2.6893 0
975 2.6700 0
257 2.6654 0
359 2.6515 0
1451 2.6279 0
613 2.6149 0
1920 2.6055 0
1119 2.6002 0
16 2.5979 0
1599 2.5789 0
1768 2.5746 0
1379 2.5681 0
1914 2.5621 0
1690 2.5563 0
1734 2.5010 0
1093 2.4927 0
1090 2.4799 0
688 2.4740 0
1605 2.4504 0
111 2.4434 0
370 2.3919 0
184 2.3849 0
1756 2.3635 0
1280 2.3605 0
1409 2.3391 0
1746 2.3260 0
1643 2.3243 0
486 2.3192 0
873 2.3191 0
1248 2.3179 0
1633 2.3154 0
1910 2.3116 0
432 2.3059 0
992 2.2882 0
451 2.2866 0
1047 2.2817 0
158 2.2722 0
1686 2.2709 0
313 2.2684 0
842 2.2624 0
255 2.2387 0
1689 2.2368 0
1041 2.2299 0
1480 2.2237 0
1988 2.2220 0
271 2.2132 0
1998 2.2096 0
1694 2.1962 0
1610 2.1901 0
1475 2.1804 0
1606 2.1783 0
357 2.1735 0
657 2.1709 0
1657 2.1559 0
867 2.1412 0
617 2.1349 0
1455 2.1320 0
1359 2.1317 0
193 2.1229 0
1754 2.1197 0
1942 2.1141 0
685 2.1106 0
850 2.1105 0
677 2.1082 0
263 2.1050 0
5 2.1033 0
654 2.0854 0
1288 2.0608 0
542 2.0583 0
426 2.0558 0
672 2.0524 0
1362 2.0523 0
832 2.0521 0
69 2.0510 0
24 2.0497 0
1477 2.0432 0
1339 2.0403 0
1470 2.0002 0
1602 1.9959 0
1951 1.9868 0
1352 1.9798 0
1462 1.9786 0
1013 1.9703 0
1479 1.9649 0
659 1.9584 0
164 1.9581 0
547 1.9572 0
723 1.9354 0
1612 1.9318 0
539 1.9210 0
897 1.9179 0
1795 1.9132 0
1650 1.9112 0
1684 1.9069 0
1441 1.8863 0
980 1.8773 0
67 1.8721 0
1199 1.8703 0
384 1.8671 0
56 1.8581 0
1053 1.8552 0
1860 1.8518 0
1502 1.8454 1
1614 1.8234 0
1751 1.8229 0
1284 1.8192 0
1040 1.7831 0
1620 1.7770 0
689 1.7337 0
1234 1.7287 0
399 1.7233 0
354 1.7014 0
1364 1.6813 0
683 1.6774 0
1788 1.6762 0
1615 1.6695 0
1429 1.6626 0
1562 1.6503 0
815 1.6450 0
999 1.6331 0
1667 1.6323 0
972 1.6233 0
1190 1.6221 0
989 1.6160 0
1038 1.6057 0
1192 1.6011 0
898 1.5994 0
526 1.5977 0
1251 1.5869 0
99 1.5824 0
1911 1.5741 0
1671 1.5738 0
914 1.5720 0
1991 1.5562 0
1484 1.5555 0
387 1.5448 0
1008 1.5427 0
134 1.5407 0
1299 1.5347 0
1616 1.5312 0
1954 1.5231 0
1793 1.5189 0
98 1.5182 0
751 1.5059 0
1659 1.4904 0
29 1.4890 0
1360 1.4867 0
662 1.4850 0
1648 1.4797 0
786 1.4739 0
1782 1.4684 0
630 1.4672 0
434 1.4651 0
1298 1.4637 0
1780 1.4628 0
485 1.4619 0
524 1.4518 0
1979 1.4501 0
1388 1.4480 0
309 1.4466 0
534 1.4427 0
1046 1.4402 0
1418 1.4296 0
1258 1.4282 0
365 1.4281 0
375 1.4189 0
1468 1.4049 0
1627 1.4028 0
306 1.3880 0
1608 1.3869 0
1316 1.3846 0
1971 1.3814 0
8 1.3812 0
1601 1.3735 0
1567 1.3733 0
97 1.3668 0
335 1.3627 0
1737 1.3614 0
676 1.3487 0
1799 1.3480 0
469 1.3437 0
835 1.3356 0
1466 1.3355 0
881 1.3268 0
1395 1.3239 0
504 1.3238 0
1651 1.3095 0
77 1.2956 0
666 1.2947 0
653 1.2597 0
527 1.2591 0
0 1.2570 0
520 1.2531 0
1680 1.2511 0
1698 1.2492 0
392 1.2362 0
1166 1.2283 0
958 1.2246 0
386 1.2213 0
1490 1.2178 0
1663 1.1947 0
1215 1.1911 0
1332 1.1855 0
1172 1.1564 0
1980 1.1528 0
358 1.1456 0
1959 1.1391 0
272 1.1352 0
1796 1.1320 0
1943 1.1305 0
275 1.1264 0
925 1.1257 0
1763 1.1127 0
1124 1.1073 0
454 1.0991 0
951 1.0986 0
669 1.0984 0
1281 1.0971 0
1107 1.0927 0
1916 1.0913 0
360 1.0883 0
1776 1.0840 0
351 1.0763 0
1678 1.0720 0
1262 1.0630 0
389 1.0604 0
1973 1.0442 0
1223 1.0396 0
395 1.0386 0
1185 1.0363 0
39 1.0332 0
167 1.0200 0
1080 1.0159 0
753 1.0158 0
780 1.0130 0
1126 1.0110 0
1331 1.0063 0
1371 0.9965 0
1691 0.9927 0
693 0.9926 0
550 0.9885 0
537 0.9854 0
1267 0.9841 0
285 0.9686 0
1766 0.9677 0
1295 0.9615 0
1171 0.9571 0
953 0.9440 0
1189 0.9397 0
1699 0.9344 0
1197 0.9338 0
488 0.9305 0
917 0.9011 0
1163 0.8985 0
258 0.8929 0
1034 0.8895 0
986 0.8856 0
674 0.8830 0
620 0.8820 0
1333 0.8803 0
1182 0.8751 0
1381 0.8690 0
1447 0.8666 0
1342 0.8614 0
1900 0.8581 0
901 0.8567 0
942 0.8501 0
444 0.8457 0
1363 0.8356 0
1213 0.8326 0
1992 0.8302 0
1438 0.8234 0
1313 0.7950 0
1297 0.7943 0
985 0.7770 0
645 0.7746 0
1169 0.7723 0
1382 0.7692 0
1341 0.7664 0
1645 0.7652 0
1078 0.7603 0
1714 0.7538 0
1095 0.7411 0
818 0.7326 0
1640 0.7325 0
698 0.7250 0
643 0.7228 0
1287 0.7222 0
1673 0.7181 0
1049 0.7180 0
1273 0.7139 0
1370 0.7029 0
1791 0.6980 0
1658 0.6969 0
523 0.6906 0
171 0.6816 0
1715 0.6806 0
356 0.6751 0
63 0.6671 0
376 0.6583 0
1634 0.6395 0
1312 0.6384 0
1672 0.6382 0
1730 0.6278 0
695 0.6262 0
1413 0.6246 0
1014 0.6232 0
1832 0.6185 0
906 0.6174 0
602 0.6154 0
1619 0.6023 0
1923 0.5983 0
1472 0.5969 0
1048 0.5951 0
1052 0.5942 0
1713 0.5913 0
1626 0.5891 0
388 0.5885 0
1261 0.5810 0
969 0.5790 0
380 0.5741 0
1116 0.5657 0
1019 0.5655 0
89 0.5647 0
385 0.5527 0
692 0.5504 0
920 0.5454 0
1042 0.5401 0
1760 0.5396 0
1000 0.5326 0
1881 0.5281 0
34 0.5141 0
1402 0.5053 0
307 0.4991 0
607 0.4933 0
1159 0.4932 0
631 0.4867 0
180 0.4815 0
64 0.4769 0
1175 0.4702 0
996 0.4699 0
1045 0.4617 0
59 0.4611 0
1707 0.4578 0
1761 0.4565 0
1128 0.4544 0
1191 0.4496 0
1044 0.4428 0
1181 0.4362 0
628 0.4273 0
937 0.4253 0
83 0.4222 0
976 0.4203 0
143 0.4149 0
1804 0.3982 0
606 0.3926 0
574 0.3925 0
908 0.3899 0
1156 0.3872 0
289 0.3803 0
372 0.3774 0
1653 0.3765 0
1086 0.3759 0
878 0.3757 0
379 0.3751 0
1850 0.3729 0
939 0.3700 0
371 0.3670 0
62 0.3652 0
1006 0.3544 0
1410 0.3511 0
1700 0.3471 0
1692 0.3462 0
172 0.3422 0
1254 0.3403 0
533 0.3360 0
1387 0.3351 0
1307 0.3329 0
382 0.3313 0
1474 0.3250 0
1069 0.3216 0
42 0.3199 0
84 0.3131 0
1749 0.3044 0
1138 0.3044 0
1743 0.2966 0
922 0.2960 0
962 0.2948 0
458 0.2934 0
475 0.2912 0
1277 0.2887 0
1972 0.2861 0
266 0.2844 0
667 0.2623 0
1056 0.2565 0
848 0.2553 0
624 0.2486 0
1719 0.2449 0
400 0.2417 0
402 0.2387 0
1358 0.2336 0
1026 0.2305 0
548 0.2138 0
1949 0.2107 0
1256 0.1941 0
452 0.1928 0
15 0.1841 0
1304 0.1711 0
1646 0.1685 0
1681 0.1600 0
1728 0.1581 0
957 0.1579 0
743 0.1555 0
310 0.1517 0
905 0.1496 0
1907 0.1495 0
1321 0.1484 0
496 0.1429 0
1820 0.1247 0
1150 0.1208 0
1800 0.1195 0
1986 0.1113 0
1948 0.1105 0
1966 0.1104 0
420 0.1067 0
483 0.1044 0
1978 0.0996 0
518 0.0986 0
254 0.0914 0
1787 0.0836 0
1585 0.0824 0
1785 0.0816 0
668 0.0699 0
1723 0.0640 0
1157 0.0554 0
1146 0.0508 0
1282 0.0477 0
497 0.0399 0
93 0.0394 0
1666 0.0289 0
45 0.0283 0
1987 0.0265 0
1662 0.0213 0
1318 0.0182 0
1187 0.0157 0
1925 0.0151 0
1266 0.0070 0
1001 -0.0075 0
81 -0.0079 0
393 -0.0229 0
694 -0.0331 0
893 -0.0348 0
453 -0.0389 0
1153 -0.0405 0
775 -0.0453 0
364 -0.0499 0
140 -0.0524 0
955 -0.0528 0
1825 -0.0554 0
963 -0.0559 0
532 -0.0588 0
788 -0.0589 0
877 -0.0595 0
404 -0.0619 0
1894 -0.0652 0
1064 -0.0665 0
1152 -0.0670 0
1772 -0.0693 0
1031 -0.0694 0
152 -0.0752 0
1697 -0.0756 0
1742 -0.0849 0
1656 -0.0879 0
1963 -0.0959 0
1386 -0.1023 0
1286 -0.1087 0
298 -0.1187 0
675 -0.1210 0
1857 -0.1237 0
663 -0.1273 0
544 -0.1276 0
1098 -0.1312 0
522 -0.1342 0
755 -0.1362 0
1058 -0.1374 0
1641 -0.1380 0
888 -0.1383 0
946 -0.1387 0
464 -0.1401 0
840 -0.1446 0
1122 -0.1458 0
1794 -0.1560 0
1074 -0.1612 0
1936 -0.1617 0
1904 -0.1668 0
904 -0.1724 0
1688 -0.1784 0
582 -0.1791 0
1076 -0.1944 0
1373 -0.1946 0
410 -0.1990 0
1036 -0.2020 0
1964 -0.2024 0
492 -0.2065 0
1100 -0.2110 0
923 -0.2171 0
31 -0.2208 0
279 -0.2220 0
352 -0.2318 0
876 -0.2325 0
1732 -0.2326 0
1427 -0.2369 0
1218 -0.2397 0
943 -0.2443 0
1168 -0.2466 0
1366 -0.2469 0
1994 -0.2486 0
1434 -0.2491 0
1731 -0.2513 0
509 -0.2556 0
1397 -0.2596 0
823 -0.2685 0
440 -0.2695 0
1211 -0.2757 0
1432 -0.2768 0
362 -0.2789 0
1016 -0.2820 0
1422 -0.2864 0
1263 -0.2879 0
686 -0.2897 0
961 -0.2919 0
462 -0.2999 0
1015 -0.3023 0
1655 -0.3053 0
902 -0.3076 0
9 -0.3102 0
312 -0.3103 0
494 -0.3127 0
445 -0.3181 0
1974 -0.3233 0
241 -0.3363 0
1665 -0.3420 0
1346 -0.3497 0
1278 -0.3565 0
1380 -0.3602 0
7 -0.3611 0
1193 -0.3624 0
1913 -0.3627 0
1416 -0.3663 0
1848 -0.3717 0
53 -0.3733 0
739 -0.3775 0
952 -0.3776 0
1897 -0.3842 0
1002 -0.3871 0
1496 -0.3906 0
508 -0.3919 0
1123 -0.3930 0
1293 -0.3969 0
1112 -0.3990 0
929 -0.3991 0
1862 -0.4076 0
480 -0.4078 0
1903 -0.4089 0
1161 -0.4099 0
1856 -0.4167 0
245 -0.4238 0
327 -0.4256 0
1393 -0.4263 0
499 -0.4271 0
919 -0.4293 0
863 -0.4305 0
1351 -0.4323 0
1209 -0.4325 0
1939 -0.4331 0
1062 -0.4351 0
1070 -0.4372 0
543 -0.4414 0
1955 -0.4464 0
611 -0.4470 0
1642 -0.4559 0
27 -0.4621 0
88 -0.4621 0
781 -0.4666 0
252 -0.4677 0
106 -0.4880 0
760 -0.4929 0
1961 -0.4944 0
907 -0.4964 0
1924 -0.4970 0
411 -0.4992 0
1403 -0.5008 0
472 -0.5012 0
619 -0.5047 0
412 -0.5076 0
216 -0.5109 0
1908 -0.5129 0
1702 -0.5259 0
204 -0.5305 0
1741 -0.5327 0
261 -0.5340 0
471 -0.5355 0
1887 -0.5380 0
1770 -0.5408 0
457 -0.5476 0
1061 -0.5484 0
350 -0.5485 0
903 -0.5554 0
1228 -0.5573 0
745 -0.5663 0
248 -0.5691 0
390 -0.5722 0
259 -0.5748 0
1660 -0.5755 0
396 -0.5815 0
65 -0.5866 0
366 -0.5877 0
467 -0.5932 0
305 -0.6034 0
956 -0.6104 0
30 -0.6132 0
1035 -0.6192 0
600 -0.6199 0
1344 -0.6216 0
41 -0.6289 0
785 -0.6303 0
1162 -0.6309 0
44 -0.6312 0
421 -0.6313 0
281 -0.6457 0
1927 -0.6525 0
820 -0.6541 0
809 -0.6579 0
1918 -0.6599 0
430 -0.6639 0
1962 -0.6678 0
91 -0.6699 0
1950 -0.6706 0
168 -0.6788 0
153 -0.6810 0
1063 -0.6826 0
1057 -0.6851 0
1216 -0.6857 0
1114 -0.6878 0
861 -0.6893 0
846 -0.6899 0
1237 -0.6923 0
466 -0.6926 0
1967 -0.6943 0
214 -0.6953 0
916 -0.7013 0
1378 -0.7044 0
66 -0.7061 0
821 -0.7073 0
604 -0.7091 0
397 -0.7112 0
844 -0.7126 0
1023 -0.7142 0
1928 -0.7152 0
1392 -0.7184 0
46 -0.7190 0
291 -0.7198 0
228 -0.7203 0
1792 -0.7204 0
361 -0.7222 0
1391 -0.7252 0
1773 -0.7253 0
337 -0.7268 0
1319 -0.7269 0
803 -0.7373 0
324 -0.7405 0
50 -0.7427 0
580 -0.7472 0
724 -0.7479 0
1390 -0.7503 0
977 -0.7519 0
1348 -0.7552 0
177 -0.7560 0
19 -0.7583 0
660 -0.7589 0
921 -0.7647 0
1368 -0.7701 0
528 -0.7734 0
1059 -0.7887 0
1043 -0.7917 0
973 -0.7932 0
1445 -0.7949 0
1011 -0.7956 0
1483 -0.8006 0
297 -0.8040 0
1077 -0.8077 0
1970 -0.8119 0
644 -0.8181 0
988 -0.8187 0
26 -0.8268 0
1375 -0.8276 0
1981 -0.8327 0
1369 -0.8355 0
1600 -0.8359 0
326 -0.8386 0
1859 -0.8425 0
868 -0.8427 0
1383 -0.8435 0
851 -0.8435 0
1327 -0.8458 0
1931 -0.8459 0
762 -0.8464 0
110 -0.8477 0
1834 -0.8516 0
1317 -0.8553 0
802 -0.8634 0
911 -0.8646 0
1828 -0.8702 0
76 -0.8710 0
273 -0.8760 0
1389 -0.8775 0
194 -0.8794 0
1873 -0.8843 0
151 -0.8914 0
394 -0.8942 0
538 -0.8944 0
230 -0.8970 0
515 -0.8970 0
425 -0.8980 0
1874 -0.9017 0
567 -0.9033 0
1365 -0.9059 0
1257 -0.9063 0
899 -0.9130 0
1446 -0.9134 0
948 -0.9145 0
1384 -0.9174 0
1798 -0.9186 0
935 -0.9211 0
367 -0.9294 0
964 -0.9318 0
1208 -0.9375 0
1252 -0.9381 0
554 -0.9488 0
1245 -0.9511 0
1953 -0.9523 0
38 -0.9568 0
1926 -0.9622 0
601 -0.9667 0
687 -0.9672 0
1489 -0.9703 0
715 -0.9719 0
330 -0.9727 0
1060 -0.9752 0
1984 -0.9809 0
768 -0.9858 0
112 -0.9873 0
1824 -0.9876 0
529 -0.9902 0
1243 -0.9910 0
642 -0.9914 0
302 -0.9939 0
407 -0.9939 0
260 -0.9954 0
1956 -1.0004 0
1079 -1.0007 0
1679 -1.0029 0
1915 -1.0038 0
981 -1.0053 0
212 -1.0105 0
1440 -1.0136 0
4 -1.0168 0
36 -1.0247 0
1233 -1.0315 0
991 -1.0348 0
1186 -1.0374 0
931 -1.0390 0
264 -1.0449 0
787 -1.0480 0
368 -1.0521 0
924 -1.0550 0
1717 -1.0559 0
505 -1.0561 0
941 -1.0565 0
984 -1.0637 0
1347 -1.0665 0
495 -1.0672 0
927 -1.0678 0
779 -1.0710 0
746 -1.0876 0
1219 -1.0891 0
1940 -1.0904 0
293 -1.0914 0
1802 -1.1017 0
1423 -1.1049 0
869 -1.1104 0
560 -1.1114 0
431 -1.1169 0
286 -1.1175 0
1905 -1.1189 0
549 -1.1229 0
1201 -1.1274 0
1117 -1.1307 0
37 -1.1464 0
429 -1.1471 0
792 -1.1518 0
1449 -1.1639 0
1050 -1.1654 0
947 -1.1663 0
1676 -1.1676 0
1836 -1.1686 0
1240 -1.1692 0
512 -1.1692 0
1196 -1.1699 0
1072 -1.1699 0
804 -1.1704 0
10 -1.1705 0
419 -1.1720 0
409 -1.1750 0
1202 -1.1778 0
129 -1.1812 0
1870 -1.1885 0
1933 -1.1901 0
1419 -1.1999 0
758 -1.2032 0
448 -1.2102 0
1685 -1.2111 0
1878 -1.2116 0
1290 -1.2160 0
790 -1.2189 0
1017 -1.2207 0
1328 -1.2214 0
236 -1.2311 0
572 -1.2403 0
55 -1.2404 0
1120 -1.2465 0
237 -1.2470 0
800 -1.2474 0
1618 -1.2508 0
1752 -1.2513 0
1356 -1.2553 0
1250 -1.2555 0
808 -1.2608 0
1214 -1.2654 0
28 -1.2694 0
960 -1.2751 0
1374 -1.2778 0
1164 -1.2782 0
1668 -1.2816 0
1073 -1.2850 0
546 -1.2855 0
1882 -1.2869 0
747 -1.2892 0
883 -1.2937 0
577 -1.2958 0
33 -1.3025 0
157 -1.3026 0
926 -1.3053 0
417 -1.3124 0
531 -1.3146 0
1324 -1.3150 0
936 -1.3182 0
383 -1.3236 0
983 -1.3244 0
1024 -1.3251 0
500 -1.3332 0
320 -1.3337 0
1134 -1.3352 0
1029 -1.3372 0
1436 -1.3381 0
101 -1.3384 0
1147 -1.3442 0
346 -1.3459 0
1109 -1.3495 0
678 -1.3503 0
1054 -1.3523 0
875 -1.3570 0
1696 -1.3621 0
490 -1.3662 0
536 -1.3669 0
859 -1.3721 0
756 -1.3779 0
1757 -1.3783 0
247 -1.3871 0
1631 -1.3888 0
978 -1.3918 0
1815 -1.3926 0
885 -1.3942 0
1718 -1.3984 0
502 -1.3990 0
545 -1.3996 0
21 -1.4023 0
1021 -1.4037 0
940 -1.4041 0
1993 -1.4095 0
103 -1.4123 0
1989 -1.4128 0
1944 -1.4138 0
1320 -1.4183 0
1310 -1.4184 0
959 -1.4186 0
665 -1.4206 0
1786 -1.4222 0
1775 -1.4224 0
265 -1.4248 0
592 -1.4294 0
1003 -1.4336 0
1200 -1.4392 0
413 -1.4414 0
1180 -1.4440 0
1207 -1.4448 0
211 -1.4473 0
1912 -1.4494 0
750 -1.4516 0
201 -1.4552 0
618 -1.4577 0
1764 -1.4602 0
1309 -1.4612 0
406 -1.4618 0
1081 -1.4650 0
1099 -1.4668 0
556 -1.4675 0
697 -1.4706 0
1367 -1.4773 0
1886 -1.4861 0
720 -1.4910 0
1781 -1.4915 0
43 -1.4919 0
1244 -1.4934 0
1740 -1.4943 0
1071 -1.4956 0
1801 -1.4962 0
6 -1.4969 0
871 -1.4999 0
3 -1.5017 0
165 -1.5028 0
1930 -1.5038 0
1835 -1.5043 0
1969 -1.5058 0
1876 -1.5062 0
442 -1.5171 0
1238 -1.5181 0
1879 -1.5195 0
733 -1.5228 0
1960 -1.5238 0
1695 -1.5300 0
160 -1.5308 0
930 -1.5407 0
218 -1.5452 0
1139 -1.5568 0
1118 -1.5577 0
377 -1.5629 0
1085 -1.5702 0
1091 -1.5713 0
1895 -1.5717 0
945 -1.5747 0
353 -1.5795 0
1088 -1.5795 0
1210 -1.5802 0
1652 -1.5803 0
251 -1.5821 0
1935 -1.5849 0
1909 -1.5894 0
1217 -1.5978 0
558 -1.6002 0
1424 -1.6044 0
22 -1.6071 0
1703 -1.6167 0
1376 -1.6192 0
1345 -1.6216 0
967 -1.6230 0
729 -1.6240 0
887 -1.6317 0
295 -1.6334 0
718 -1.6358 0
348 -1.6360 0
189 -1.6424 0
1068 -1.6432 0
1279 -1.6441 0
525 -1.6443 0
589 -1.6456 0
1018 -1.6514 0
1394 -1.6525 0
391 -1.6620 0
1183 -1.6622 0
308 -1.6622 0
1421 -1.6674 0
915 -1.6690 0
1982 -1.6712 0
1683 -1.6721 0
484 -1.6826 0
1283 -1.6838 0
1932 -1.6892 0
1301 -1.6892 0
1083 -1.6913 0
75 -1.6916 0
571 -1.6941 0
648 -1.6947 0
1308 -1.6970 0
491 -1.6982 0
87 -1.6998 0
778 -1.7010 0
1934 -1.7037 0
971 -1.7068 0
1722 -1.7132 0
938 -1.7152 0
717 -1.7186 0
1005 -1.7207 0
179 -1.7219 0
378 -1.7223 0
1725 -1.7257 0
1747 -1.7257 0
918 -1.7278 0
23 -1.7298 0
1705 -1.7321 0
987 -1.7332 0
455 -1.7356 0
332 -1.7375 0
1621 -1.7397 0
932 -1.7452 0
1241 -1.7458 0
244 -1.7459 0
182 -1.7467 0
852 -1.7564 0
770 -1.7578 0
1947 -1.7615 0
1661 -1.7670 0
169 -1.7689 0
1892 -1.7707 0
503 -1.7720 0
1415 -1.7762 0
748 -1.7817 0
590 -1.7874 0
1901 -1.7911 0
80 -1.7937 0
1349 -1.7939 0
1127 -1.8008 0
1975 -1.8023 0
1242 -1.8043 0
506 -1.8050 0
424 -1.8065 0
1269 -1.8100 0
501 -1.8101 0
1170 -1.8133 0
460 -1.8292 0
776 -1.8409 0
1260 -1.8414 0
221 -1.8464 0
1829 -1.8479 0
131 -1.8486 0
1716 -1.8491 0
1401 -1.8584 0
1142 -1.8594 0
449 -1.8597 0
1338 -1.8624 0
476 -1.8649 0
1140 -1.8674 0
1272 -1.8675 0
974 -1.8686 0
200 -1.8716 0
342 -1.8731 0
196 -1.8772 0
408 -1.8790 0
96 -1.8804 0
1121 -1.8816 0
777 -1.8819 0
344 -1.8824 0
1999 -1.8897 0
1858 -1.8911 0
1065 -1.8974 0
185 -1.9021 0
18 -1.9064 0
1302 -1.9065 0
1235 -1.9092 0
1853 -1.9141 0
227 -1.9155 0
998 -1.9194 0
280 -1.9231 0
207 -1.9316 0
262 -1.9358 0
1300 -1.9360 0
373 -1.9410 0
340 -1.9442 0
1087 -1.9459 0
540 -1.9613 0
791 -1.9635 0
82 -1.9685 0
744 -1.9745 0
1149 -1.9747 0
470 -1.9803 0
507 -1.9827 0
436 -1.9894 0
1145 -1.9898 0
14 -1.9983 0
1137 -2.0006 0
282 -2.0042 0
773 -2.0096 0
638 -2.0105 0
997 -2.0134 0
764 -2.0135 0
401 -2.0143 0
772 -2.0144 0
1104 -2.0171 0
1094 -2.0228 0
1084 -2.0229 0
1965 -2.0245 0
1779 -2.0284 0
1037 -2.0336 0
256 -2.0341 0
1132 -2.0347 0
1821 -2.0365 0
224 -2.0370 0
1433 -2.0424 0
559 -2.0438 0
1983 -2.0463 0
1701 -2.0476 0
1144 -2.0547 0
1837 -2.0559 0
1155 -2.0609 0
551 -2.0634 0
757 -2.0637 0
721 -2.0655 0
754 -2.0743 0
333 -2.0788 0
700 -2.0788 0
847 -2.0819 0
649 -2.0902 0
1178 -2.0912 0
1843 -2.0919 0
1270 -2.0963 0
553 -2.0966 0
535 -2.1025 0
1 -2.1039 0
1326 -2.1074 0
856 -2.1095 0
288 -2.1106 0
1997 -2.1116 0
123 -2.1176 0
226 -2.1195 0
585 -2.1267 0
1253 -2.1296 0
1739 -2.1313 0
1711 -2.1399 0
714 -2.1421 0
853 -2.1458 0
1323 -2.1472 0
1113 -2.1491 0
1875 -2.1604 0
933 -2.1625 0
578 -2.1631 0
159 -2.1659 0
478 -2.1744 0
1167 -2.1826 0
276 -2.1875 0
403 -2.1889 0
127 -2.1995 0
435 -2.2018 0
422 -2.2024 0
1996 -2.2031 0
555 -2.2052 0
1412 -2.2054 0
1885 -2.2081 0
872 -2.2084 0
479 -2.2097 0
1968 -2.2148 0
1205 -2.2184 0
1066 -2.2214 0
206 -2.2240 0
603 -2.2242 0
1275 -2.2263 0
231 -2.2273 0
1247 -2.2297 0
208 -2.2304 0
1414 -2.2432 0
1337 -2.2478 0
1729 -2.2522 0
849 -2.2575 0
68 -2.2577 0
1226 -2.2582 0
1154 -2.2583 0
461 -2.2650 0
1264 -2.2669 0
530 -2.2715 0
415 -2.2718 0
1004 -2.2729 0
456 -2.2770 0
1430 -2.2800 0
709 -2.2821 0
191 -2.2876 0
516 -2.2880 0
735 -2.2931 0
1411 -2.2931 0
195 -2.2939 0
1448 -2.2943 0
1227 -2.2964 0
73 -2.2982 0
1033 -2.2988 0
1408 -2.3098 0
1108 -2.3104 0
860 -2.3123 0
138 -2.3141 0
1823 -2.3186 0
1778 -2.3205 0
1028 -2.3206 0
154 -2.3242 0
1906 -2.3250 0
805 -2.3251 0
48 -2.3263 0
1212 -2.3267 0
1330 -2.3269 0
1553 -2.3283 0
1957 -2.3295 0
636 -2.3305 0
427 -2.3424 0
1268 -2.3505 0
807 -2.3520 0
1204 -2.3548 0
970 -2.3567 0
156 -2.3568 0
1420 -2.3675 0
1404 -2.3713 0
1194 -2.3718 0
161 -2.3719 0
482 -2.3720 0
1055 -2.3730 0
267 -2.3787 0
796 -2.3800 0
1664 -2.3823 0
900 -2.3848 0
414 -2.3849 0
181 -2.3970 0
1303 -2.4001 0
1230 -2.4049 0
174 -2.4085 0
303 -2.4098 0
57 -2.4103 0
1872 -2.4131 0
1958 -2.4152 0
990 -2.4168 0
864 -2.4180 0
299 -2.4268 0
487 -2.4309 0
1439 -2.4311 0
1160 -2.4358 0
1096 -2.4374 0
1148 -2.4403 0
1020 -2.4425 0
826 -2.4458 0
813 -2.4494 0
243 -2.4509 0
108 -2.4547 0
704 -2.4573 0
854 -2.4608 0
347 -2.4621 0
784 -2.4670 0
203 -2.4675 0
1236 -2.4700 0
591 -2.4700 0
1941 -2.4701 0
705 -2.4709 0
240 -2.4775 0
1842 -2.4791 0
1221 -2.4813 0
1431 -2.4815 0
855 -2.4934 0
761 -2.5000 0
294 -2.5005 0
1400 -2.5012 0
783 -2.5036 0
865 -2.5053 0
1229 -2.5078 0
979 -2.5087 0
1845 -2.5096 0
1443 -2.5148 0
1012 -2.5153 0
25 -2.5177 0
438 -2.5197 0
874 -2.5256 0
1136 -2.5299 0
1917 -2.5307 0
570 -2.5337 0
944 -2.5343 0
363 -2.5350 0
774 -2.5419 0
188 -2.5442 0
564 -2.5462 0
573 -2.5496 0
1249 -2.5509 0
797 -2.5558 0
625 -2.5575 0
519 -2.5589 0
292 -2.5597 0
1075 -2.5603 0
586 -2.5652 0
1097 -2.5682 0
702 -2.5750 0
1292 -2.5791 0
822 -2.5795 0
79 -2.5818 0
493 -2.5881 0
1051 -2.5881 0
513 -2.5902 0
473 -2.5936 0
1712 -2.5960 0
109 -2.5966 0
799 -2.5987 0
615 -2.5995 0
1880 -2.6028 0
647 -2.6055 0
910 -2.6071 0
405 -2.6072 0
1224 -2.6135 0
1110 -2.6187 0
178 -2.6211 0
759 -2.6216 0
107 -2.6243 0
314 -2.6272 0
60 -2.6280 0
1030 -2.6300 0
175 -2.6352 0
640 -2.6367 0
433 -2.6396 0
1407 -2.6420 0
1428 -2.6429 0
1883 -2.6466 0
879 -2.6555 0
162 -2.6561 0
1929 -2.6608 0
584 -2.6668 0
1877 -2.6703 0
623 -2.6716 0
1101 -2.6750 0
609 -2.6766 0
130 -2.6813 0
341 -2.6836 0
1884 -2.6848 0
827 -2.6941 0
1435 -2.6957 0
220 -2.6963 0
510 -2.6974 0
47 -2.6975 0
794 -2.6976 0
323 -2.6985 0
418 -2.7014 0
270 -2.7024 0
1089 -2.7042 0
825 -2.7079 0
789 -2.7085 0
437 -2.7138 0
890 -2.7201 0
514 -2.7202 0
118 -2.7211 0
594 -2.7236 0
1174 -2.7338 0
891 -2.7400 0
889 -2.7420 0
1334 -2.7425 0
219 -2.7451 0
1822 -2.7503 0
1838 -2.7519 0
1733 -2.7524 0
1027 -2.7551 0
1827 -2.7687 0
209 -2.7694 0
541 -2.7699 0
763 -2.7706 0
661 -2.7798 0
235 -2.7820 0
866 -2.7854 0
610 -2.7896 0
731 -2.7903 0
317 -2.7918 0
858 -2.7938 0
242 -2.7959 0
1813 -2.7966 0
1232 -2.8021 0
1289 -2.8116 0
78 -2.8167 0
100 -2.8176 0
1937 -2.8223 0
1995 -2.8267 0
94 -2.8285 0
1946 -2.8336 0
1677 -2.8403 0
646 -2.8427 0
343 -2.8457 0
1726 -2.8542 0
1276 -2.8570 0
839 -2.8633 0
233 -2.8638 0
1417 -2.8652 0
215 -2.8682 0
982 -2.8736 0
726 -2.8803 0
782 -2.8823 0
824 -2.8852 0
1898 -2.8866 0
811 -2.8974 0
1306 -2.8982 0
71 -2.9024 0
234 -2.9026 0
612 -2.9047 0
831 -2.9141 0
1865 -2.9196 0
1816 -2.9221 0
576 -2.9273 0
1704 -2.9284 0
20 -2.9291 0
1082 -2.9292 0
1130 -2.9344 0
1092 -2.9350 0
238 -2.9351 0
793 -2.9363 0
197 -2.9364 0
287 -2.9372 0
740 -2.9435 0
117 -2.9452 0
1869 -2.9509 0
489 -2.9525 0
149 -2.9537 0
439 -2.9615 0
557 -2.9617 0
1866 -2.9672 0
561 -2.9735 0
710 -2.9743 0
284 -2.9839 0
511 -2.9854 0
210 -2.9856 0
1807 -2.9883 0
562 -2.9921 0
737 -2.9928 0
316 -2.9970 0
627 -2.9997 0
583 -3.0024 0
334 -3.0181 0
725 -3.0218 0
884 -3.0260 0
1806 -3.0267 0
1176 -3.0308 0
85 -3.0314 0
1867 -3.0315 0
1115 -3.0359 0
225 -3.0399 0
443 -3.0413 0
588 -3.0470 0
1812 -3.0592 0
32 -3.0614 0
239 -3.0640 0
141 -3.0659 0
1165 -3.0661 0
1938 -3.0663 0
300 -3.0708 0
563 -3.0743 0
1131 -3.0822 0
1102 -3.0856 0
1735 -3.0990 0
105 -3.1009 0
728 -3.1024 0
1990 -3.1027 0
837 -3.1056 0
1106 -3.1059 0
1744 -3.1061 0
593 -3.1088 0
1871 -3.1121 0
1724 -3.1144 0
732 -3.1181 0
1158 -3.1195 0
1902 -3.1196 0
428 -3.1217 0
146 -3.1225 0
1111 -3.1328 0
70 -3.1431 0
517 -3.1450 0
139 -3.1479 0
711 -3.1501 0
1385 -3.1537 0
870 -3.1566 0
468 -3.1572 0
752 -3.1593 0
349 -3.1596 0
966 -3.1648 0
1325 -3.1671 0
190 -3.1709 0
828 -3.1749 0
1762 -3.1785 0
765 -3.1788 0
1259 -3.1843 0
136 -3.1931 0
1133 -3.2052 0
1135 -3.2070 0
608 -3.2140 0
1919 -3.2144 0
1899 -3.2174 0
1442 -3.2186 0
115 -3.2206 0
170 -3.2281 0
268 -3.2301 0
1708 -3.2306 0
1203 -3.2368 0
581 -3.2370 0
102 -3.2372 0
895 -3.2433 0
599 -3.2440 0
819 -3.2442 0
173 -3.2480 0
296 -3.2509 0
1222 -3.2561 0
1405 -3.2596 0
810 -3.2866 0
995 -3.3035 0
74 -3.3132 0
719 -3.3147 0
1296 -3.3281 0
322 -3.3284 0
1444 -3.3325 0
1311 -3.3336 0
1188 -3.3408 0
1709 -3.3417 0
328 -3.3466 0
1808 -3.3504 0
830 -3.3513 0
622 -3.3515 0
269 -3.3516 0
896 -3.3525 0
1231 -3.3570 0
135 -3.3582 0
1811 -3.3592 0
166 -3.3705 0
148 -3.3761 0
1977 -3.3787 0
1863 -3.3883 0
701 -3.4033 0
338 -3.4046 0
447 -3.4092 0
1314 -3.4149 0
52 -3.4267 0
1129 -3.4324 0
798 -3.4332 0
229 -3.4355 0
741 -3.4359 0
1265 -3.4384 0
882 -3.4437 0
1710 -3.4604 0
1225 -3.4737 0
35 -3.4768 0
222 -3.4785 0
616 -3.4797 0
446 -3.4802 0
86 -3.4878 0
1022 -3.4881 0
749 -3.4914 0
1727 -3.5110 0
1846 -3.5213 0
575 -3.5350 0
114 -3.5374 0
795 -3.5413 0
1291 -3.5512 0
1343 -3.5717 0
1893 -3.5752 0
1141 -3.5792 0
145 -3.6070 0
857 -3.6162 0
632 -3.6400 0
121 -3.6532 0
742 -3.6721 0
253 -3.6728 0
1818 -3.6756 0
806 -3.6763 0
1335 -3.6780 0
1896 -3.6787 0
477 -3.6879 0
722 -3.6896 0
481 -3.6926 0
274 -3.6979 0
315 -3.7072 0
1246 -3.7151 0
1745 -3.7214 0
1206 -3.7216 0
880 -3.7229 0
707 -3.7291 0
331 -3.7398 0
183 -3.7409 0
187 -3.7415 0
213 -3.7457 0
1305 -3.7467 0
771 -3.7558 0
1809 -3.7688 0
1271 -3.7713 0
217 -3.7744 0
450 -3.7757 0
1239 -3.7759 0
621 -3.7768 0
1868 -3.7776 0
1826 -3.7788 0
597 -3.7799 0
635 -3.7851 0
598 -3.7861 0
1840 -3.7867 0
1103 -3.7890 0
113 -3.7994 0
708 -3.8008 0
441 -3.8039 0
155 -3.8061 0
1847 -3.8076 0
1151 -3.8139 0
345 -3.8197 0
119 -3.8227 0
192 -3.8266 0
202 -3.8318 0
1819 -3.8430 0
1945 -3.8478 0
1285 -3.8518 0
566 -3.8578 0
133 -3.8594 0
301 -3.8604 0
816 -3.8718 0
126 -3.8752 0
1817 -3.8799 0
1105 -3.8814 0
1437 -3.8939 0
416 -3.8983 0
1922 -3.9036 0
734 -3.9113 0
1748 -3.9190 0
176 -3.9262 0
250 -3.9266 0
1706 -3.9279 0
727 -3.9296 0
637 -3.9328 0
319 -3.9348 0
579 -3.9358 0
336 -3.9366 0
892 -3.9383 0
706 -3.9414 0
894 -3.9478 0
1720 -3.9507 0
311 -3.9545 0
246 -3.9654 0
124 -3.9885 0
552 -3.9895 0
498 -3.9938 0
568 -4.0372 0
713 -4.0483 0
1849 -4.0575 0
278 -4.0631 0
339 -4.0720 0
142 -4.0798 0
738 -4.0856 0
1340 -4.0974 0
1336 -4.1007 0
801 -4.1160 0
205 -4.1187 0
198 -4.1274 0
954 -4.1335 0
1851 -4.1374 0
587 -4.1399 0
1173 -4.1430 0
1329 -4.1585 0
1067 -4.1656 0
565 -4.1681 0
58 -4.1687 0
232 -4.1774 0
186 -4.1823 0
13 -4.2214 0
812 -4.2257 0
862 -4.2370 0
1755 -4.2495 0
1888 -4.2510 0
1805 -4.2576 0
845 -4.2692 0
766 -4.3050 0
836 -4.3400 0
1985 -4.3453 0
934 -4.3667 0
116 -4.3670 0
1861 -4.3716 0
767 -4.3730 0
72 -4.3808 0
1854 -4.3870 0
1891 -4.3936 0
1831 -4.3950 0
712 -4.4009 0
369 -4.4123 0
128 -4.4261 0
321 -4.4351 0
817 -4.4888 0
703 -4.4996 0
814 -4.5025 0
730 -4.5030 0
838 -4.5190 0
90 -4.5319 0
132 -4.5373 0
144 -4.5407 0
1322 -4.5410 0
1852 -4.5568 0
1833 -4.5651 0
605 -4.6251 0
595 -4.6390 0
249 -4.6419 0
1844 -4.6671 0
614 -4.6688 0
1406 -4.7099 0
569 -4.7129 0
277 -4.7259 0
163 -4.7810 0
199 -4.8269 0
834 -4.8290 0
716 -4.8368 0
1814 -4.8504 0
1841 -4.8525 0
1921 -4.8723 0
1855 -4.8911 0
150 -4.8925 0
841 -4.9067 0
1976 -4.9729 0
886 -5.0292 0
639 -5.0323 0
769 -5.0843 0
596 -5.0859 0
137 -5.1382 0
1125 -5.1471 0
147 -5.1984 0
1864 -5.2010 0
633 -5.2124 0
681 -5.2809 0
1426 -5.3104 0
843 -5.3282 0
95 -5.3750 0
104 -5.4116 0
318 -5.4339 0
634 -5.4461 0
122 -5.4481 0
1198 -5.4515 0
120 -5.5204 0
459 -5.5298 0
1830 -5.6000 0
1839 -5.6142 0
1803 -5.7537 0
1810 -5.8327 0
1220 -5.8705 0
736 -5.8942 0
833 -5.9116 0
1890 -5.9187 0
125 -6.0971 0
223 -6.1595 0
329 -6.6072 0
829 -7.5499 0
325 -7.6067 0
