1576 28.2557 1
1593 27.5672 1
1594 24.4419 1
1573 23.9761 1
1566 23.8162 1
1572 22.9084 1
1570 21.9119 1
1589 21.6736 1
1552 21.0409 1
1591 20.8020 1
1568 20.6551 1
1579 20.5407 1
1595 20.1748 1
1554 20.1106 1
1590 19.1546 1
1559 18.8857 1
1583 18.8747 1
1569 18.7944 1
1597 17.9964 1
1578 17.8372 1
1587 17.6490 1
1560 17.0788 1
1555 17.0078 1
1556 16.8762 1
1563 16.7182 1
1577 16.7030 1
1599 16.0400 1
1582 15.1765 1
1588 14.0302 1
1584 13.7840 1
691 13.0354 0
1398 12.8425 0
1592 12.2477 1
1562 12.2375 1
1551 12.1680 1
1558 12.0544 1
1596 11.7089 1
1565 11.6122 1
1567 11.5768 1
1581 11.4286 1
1586 11.2562 1
1524 11.0346 0
2 10.7607 0
1575 10.5510 1
1539 9.6829 0
1580 9.6346 1
1598 9.5390 1
1525 9.3475 0
1354 9.2346 0
1535 8.8597 0
1517 8.8072 0
1550 8.7595 1
1493 8.7044 0
1523 8.6550 0
680 8.4831 0
1557 8.3244 1
1515 8.3099 0
671 8.2933 0
965 8.2370 0
1281 8.1381 0
980 8.1197 0
1190 8.0539 0
306 7.9879 0
1522 7.9669 0
1520 7.8534 0
1528 7.7968 0
1571 7.6655 1
1622 7.6625 0
1649 7.5709 0
1487 7.4754 0
1530 7.4692 0
1510 7.4685 0
93 7.4054 0
1617 7.3933 0
1521 7.3560 0
1512 7.3083 0
1537 7.3043 0
1611 7.2698 0
1508 7.1985 0
1504 7.1842 0
1532 7.1543 0
1357 7.1133 0
1471 7.0797 0
969 6.9873 0
1482 6.9585 0
1286 6.9287 0
1509 6.8692 0
1519 6.8596 0
964 6.7534 0
1462 6.7039 0
1042 6.7006 0
1149 6.6823 0
1585 6.6583 1
684 6.6438 0
1615 6.6113 0
1648 6.5925 0
690 6.5511 0
1625 6.5108 0
673 6.5024 0
1630 6.4345 0
1574 6.4081 1
354 6.4041 0
1632 6.3668 0
1602 6.2732 0
1612 6.2140 0
1547 6.1888 0
1388 6.0774 0
1476 6.0578 0
1607 6.0563 0
499 6.0559 0
39 6.0105 0
1669 5.9923 0
1298 5.9098 0
1689 5.8765 0
337 5.8760 0
1177 5.8381 0
465 5.8363 0
1542 5.8339 0
1454 5.7918 0
656 5.7678 0
1503 5.7519 0
8 5.7357 0
1124 5.7330 0
1694 5.7299 0
1637 5.6958 0
1653 5.6953 0
1516 5.6884 0
1514 5.6764 0
1780 5.6736 0
1353 5.6543 0
1498 5.6482 0
1518 5.6375 0
1531 5.5371 0
263 5.5258 0
1240 5.5066 0
1355 5.4844 0
1687 5.4753 0
1361 5.4613 0
1397 5.3976 0
1544 5.3428 0
1352 5.3319 0
1614 5.3150 0
651 5.3113 0
626 5.3013 0
1754 5.2791 0
1657 5.2763 0
654 5.2488 0
1526 5.2289 0
1561 5.2156 1
1513 5.2068 0
759 5.1741 0
1756 5.1629 0
1534 5.1421 0
1541 5.1401 0
1459 5.1269 0
1670 4.9499 0
1675 4.9475 0
967 4.9326 0
1691 4.9243 0
1527 4.9026 0
664 4.9000 0
534 4.8775 0
1673 4.8175 0
677 4.7728 0
820 4.7627 0
1639 4.7132 0
451 4.7076 0
993 4.6982 0
81 4.6701 0
1321 4.6559 0
699 4.6539 0
1698 4.6475 0
1382 4.6390 0
1642 4.6176 0
1536 4.6156 0
1458 4.5980 0
692 4.5547 0
1623 4.5253 0
1195 4.4730 0
1655 4.4709 0
1626 4.4601 0
1143 4.4474 0
355 4.4082 0
1069 4.3904 0
802 4.3718 0
958 4.3484 0
978 4.3471 0
1350 4.3239 0
1502 4.3141 0
949 4.3025 0
1605 4.2934 0
976 4.2907 0
1650 4.2861 0
1546 4.2657 0
988 4.2248 0
1472 4.2242 0
485 4.2027 0
744 4.1801 0
1750 4.1770 0
25 4.1720 0
1157 4.1713 0
1671 4.1533 0
1464 4.1484 0
1216 4.1224 0
999 4.1186 0
676 4.1141 0
652 4.1062 0
283 4.0966 0
1644 4.0886 0
1692 4.0786 0
335 4.0773 0
1045 4.0733 0
1488 4.0633 0
1647 4.0540 0
975 4.0477 0
1693 4.0416 0
919 4.0288 0
1234 4.0179 0
800 4.0170 0
1635 4.0156 0
1608 4.0091 0
1707 4.0091 0
1777 4.0048 0
1161 3.9922 0
463 3.9662 0
1545 3.9640 0
672 3.9548 0
34 3.9387 0
1463 3.9198 0
842 3.9129 0
1316 3.9021 0
1804 3.8876 0
1466 3.8798 0
1169 3.8763 0
1470 3.8667 0
313 3.8521 0
1223 3.8353 0
959 3.8295 0
960 3.7724 0
1444 3.7670 0
1633 3.7551 0
653 3.7479 0
1682 3.7477 0
1156 3.7469 0
635 3.7398 0
1684 3.7392 0
469 3.7275 0
950 3.6996 0
981 3.6862 0
1752 3.6635 0
1848 3.6506 0
1764 3.6505 0
1477 3.6464 0
1078 3.6452 0
12 3.6353 0
1609 3.6140 0
290 3.6125 0
1484 3.5693 0
897 3.5507 0
1506 3.5481 0
1703 3.5396 0
983 3.5048 0
1654 3.4894 0
696 3.4826 0
1699 3.4813 0
63 3.4607 0
1457 3.4584 0
1333 3.4367 0
1128 3.4323 0
1274 3.4306 0
1662 3.4215 0
840 3.4183 0
594 3.3868 0
1420 3.3693 0
658 3.3679 0
445 3.3644 0
1686 3.3452 0
66 3.3238 0
1478 3.3221 0
40 3.2663 0
1278 3.2522 0
1480 3.2501 0
848 3.2457 0
1351 3.2443 0
1452 3.2171 0
906 3.2170 0
1013 3.2117 0
1495 3.1978 0
785 3.1953 0
1543 3.1861 0
968 3.1856 0
1500 3.1853 0
1490 3.1800 0
1743 3.1592 0
1690 3.1518 0
659 3.1506 0
56 3.1502 0
30 3.1495 0
1258 3.1254 0
1455 3.1183 0
1006 3.1172 0
850 3.1171 0
694 3.1082 0
755 3.0906 0
1346 3.0850 0
1656 3.0675 0
1603 3.0464 0
1419 3.0446 0
1453 3.0208 0
356 3.0205 0
1486 3.0118 0
1721 3.0115 0
1809 2.9988 0
1688 2.9978 0
832 2.9904 0
1267 2.9734 0
378 2.9571 0
1628 2.9472 0
1793 2.9324 0
1629 2.9308 0
1680 2.9266 0
1167 2.8877 0
935 2.8753 0
1769 2.8703 0
1761 2.8648 0
1723 2.8571 0
1783 2.8458 0
1497 2.8440 0
678 2.8424 0
0 2.8379 0
62 2.8158 0
913 2.8061 0
1025 2.8023 0
1667 2.7964 0
89 2.7950 0
781 2.7677 0
804 2.7634 0
966 2.7607 0
1296 2.7559 0
392 2.7502 0
1024 2.7429 0
1564 2.7392 1
110 2.7277 0
1126 2.7261 0
1168 2.7167 0
1746 2.7027 0
655 2.7019 0
1914 2.7014 0
1465 2.6968 0
994 2.6942 0
1664 2.6891 0
688 2.6674 0
1674 2.6597 0
1456 2.6280 0
1438 2.6231 0
1802 2.6204 0
629 2.6086 0
1187 2.6074 0
1765 2.5980 0
241 2.5836 0
1952 2.5772 0
1475 2.5700 0
1257 2.5601 0
394 2.5589 0
1288 2.5553 0
374 2.5536 0
613 2.5501 0
930 2.5476 0
679 2.5330 0
365 2.5299 0
998 2.5268 0
1638 2.5114 0
1731 2.5094 0
61 2.5048 0
1233 2.4955 0
1533 2.4830 0
190 2.4734 0
434 2.4638 0
1600 2.4629 0
1768 2.4615 0
1728 2.4551 0
1681 2.4503 0
1905 2.4498 0
180 2.4490 0
1447 2.4452 0
1446 2.4406 0
1736 2.4382 0
1659 2.4202 0
764 2.4087 0
58 2.4026 0
1700 2.3976 0
1259 2.3975 0
234 2.3967 0
1450 2.3943 0
1668 2.3933 0
1548 2.3910 0
807 2.3869 0
1196 2.3851 0
1796 2.3776 0
948 2.3760 0
285 2.3760 0
96 2.3687 0
1992 2.3624 0
751 2.3621 0
135 2.3609 0
666 2.3567 0
1461 2.3431 0
641 2.3417 0
117 2.3252 0
1041 2.3167 0
1481 2.3097 0
1894 2.3002 0
779 2.2995 0
863 2.2984 0
1511 2.2902 0
1255 2.2833 0
1766 2.2826 0
1358 2.2817 0
1166 2.2815 0
45 2.2657 0
762 2.2625 0
396 2.2616 0
952 2.2589 0
780 2.2573 0
195 2.2405 0
1499 2.2278 0
1010 2.2227 0
1384 2.2177 0
475 2.2081 0
811 2.2019 0
991 2.1978 0
953 2.1901 0
1645 2.1891 0
1360 2.1875 0
1339 2.1844 0
1385 2.1729 0
91 2.1721 0
824 2.1709 0
742 2.1702 0
99 2.1688 0
741 2.1617 0
1308 2.1592 0
682 2.1546 0
1121 2.1533 0
351 2.1517 0
1942 2.1514 0
1009 2.1412 0
1200 2.1391 0
1643 2.1371 0
698 2.1281 0
1163 2.1249 0
414 2.1228 0
984 2.1170 0
111 2.1133 0
1734 2.1066 0
1318 2.0945 0
1651 2.0930 0
1053 2.0887 0
1319 2.0833 0
51 2.0687 0
923 2.0626 0
1279 2.0533 0
1937 2.0437 0
1485 2.0408 0
518 2.0322 0
1713 2.0303 0
402 2.0245 0
1624 2.0219 0
380 2.0198 0
9 2.0179 0
412 2.0066 0
1277 2.0022 0
1348 2.0010 0
835 1.9995 0
1312 1.9994 0
997 1.9900 0
574 1.9876 0
1473 1.9819 0
5 1.9814 0
790 1.9805 0
669 1.9801 0
1100 1.9799 0
16 1.9724 0
1494 1.9705 0
974 1.9564 0
1287 1.9534 0
1678 1.9525 0
1184 1.9473 0
1399 1.9455 0
424 1.9444 0
754 1.9365 0
1719 1.9273 0
1056 1.9169 0
810 1.9041 0
129 1.9035 0
700 1.8985 0
784 1.8948 0
1621 1.8948 0
758 1.8906 0
1620 1.8885 0
1799 1.8864 0
1774 1.8846 0
1795 1.8831 0
1290 1.8752 0
1683 1.8741 0
1315 1.8669 0
1507 1.8643 0
1640 1.8625 0
970 1.8625 0
1856 1.8617 0
1725 1.8519 0
1747 1.8519 0
972 1.8508 0
973 1.8487 0
1201 1.8448 0
1553 1.8442 1
214 1.8439 0
1627 1.8176 0
963 1.8116 0
1658 1.7968 0
695 1.7871 0
97 1.7842 0
929 1.7717 0
1276 1.7705 0
1715 1.7667 0
818 1.7639 0
1160 1.7637 0
794 1.7594 0
389 1.7531 0
1359 1.7521 0
723 1.7495 0
805 1.7494 0
29 1.7480 0
1912 1.7400 0
1717 1.7396 0
904 1.7364 0
987 1.7295 0
1990 1.7240 0
1205 1.7138 0
1261 1.7104 0
1423 1.7102 0
731 1.7070 0
1185 1.7003 0
1269 1.6978 0
1604 1.6970 0
1057 1.6962 0
1601 1.6957 0
1245 1.6909 0
244 1.6883 0
602 1.6881 0
304 1.6776 0
153 1.6765 0
1738 1.6752 0
643 1.6590 0
735 1.6537 0
760 1.6537 0
1663 1.6530 0
1248 1.6481 0
218 1.6475 0
630 1.6468 0
458 1.6431 0
1469 1.6380 0
272 1.6373 0
1772 1.6353 0
1606 1.6338 0
366 1.6298 0
1646 1.6274 0
1047 1.6259 0
382 1.6218 0
1529 1.6117 0
1697 1.6049 0
212 1.6017 0
657 1.6003 0
352 1.6001 0
67 1.5986 0
689 1.5934 0
444 1.5862 0
1401 1.5852 0
822 1.5844 0
342 1.5810 0
1491 1.5790 0
1179 1.5762 0
1262 1.5720 0
1061 1.5699 0
1910 1.5698 0
532 1.5648 0
728 1.5629 0
1273 1.5595 0
1660 1.5564 0
1790 1.5484 0
420 1.5402 0
1730 1.5346 0
792 1.5324 0
1113 1.5289 0
625 1.5288 0
134 1.5275 0
783 1.5146 0
1679 1.5144 0
226 1.5102 0
466 1.5066 0
951 1.4979 0
1079 1.4934 0
542 1.4929 0
745 1.4919 0
98 1.4907 0
775 1.4892 0
184 1.4861 0
808 1.4831 0
1086 1.4830 0
847 1.4825 0
1393 1.4753 0
144 1.4709 0
77 1.4697 0
1834 1.4693 0
685 1.4678 0
44 1.4660 0
1264 1.4657 0
1252 1.4639 0
962 1.4615 0
1873 1.4553 0
1243 1.4551 0
1489 1.4485 0
1501 1.4390 0
1636 1.4370 0
409 1.4283 0
1363 1.4274 0
372 1.3990 0
377 1.3964 0
425 1.3919 0
1767 1.3838 0
146 1.3833 0
64 1.3782 0
1820 1.3720 0
1396 1.3719 0
108 1.3714 0
168 1.3674 0
171 1.3654 0
1714 1.3636 0
474 1.3622 0
1293 1.3570 0
1988 1.3440 0
83 1.3420 0
398 1.3402 0
890 1.3332 0
1661 1.3124 0
236 1.3082 0
143 1.3021 0
264 1.2981 0
662 1.2940 0
1362 1.2910 0
31 1.2872 0
1828 1.2782 0
1909 1.2717 0
261 1.2645 0
1837 1.2643 0
1610 1.2596 0
1050 1.2579 0
809 1.2562 0
1676 1.2560 0
407 1.2482 0
76 1.2392 0
381 1.2313 0
1797 1.2291 0
375 1.2252 0
1758 1.2223 0
1505 1.2203 0
687 1.2190 0
1068 1.2105 0
738 1.2090 0
971 1.2085 0
1989 1.2025 0
207 1.2007 0
1228 1.1921 0
977 1.1916 0
1800 1.1879 0
1400 1.1858 0
457 1.1839 0
87 1.1774 0
920 1.1774 0
1641 1.1749 0
985 1.1673 0
1695 1.1627 0
1074 1.1583 0
1549 1.1563 0
1244 1.1539 0
1732 1.1492 0
442 1.1487 0
1395 1.1452 0
127 1.1427 0
747 1.1418 0
1740 1.1345 0
1342 1.1272 0
1815 1.1246 0
1332 1.1242 0
1219 1.1219 0
986 1.1194 0
1282 1.1189 0
961 1.1188 0
1150 1.1174 0
94 1.1150 0
1784 1.1134 0
1479 1.1076 0
36 1.1006 0
1822 1.0969 0
1955 1.0935 0
1613 1.0858 0
1672 1.0851 0
1371 1.0836 0
1467 1.0810 0
257 1.0758 0
1718 1.0752 0
1727 1.0669 0
817 1.0548 0
979 1.0438 0
1381 1.0363 0
1851 1.0326 0
989 1.0267 0
1280 1.0204 0
724 1.0189 0
1250 1.0189 0
1122 1.0057 0
705 1.0042 0
133 1.0015 0
693 0.9954 0
663 0.9832 0
357 0.9831 0
1876 0.9810 0
213 0.9781 0
1019 0.9776 0
941 0.9761 0
1908 0.9743 0
1191 0.9734 0
636 0.9712 0
3 0.9653 0
701 0.9600 0
452 0.9581 0
1745 0.9524 0
1052 0.9502 0
1741 0.9498 0
861 0.9465 0
1677 0.9459 0
1422 0.9454 0
413 0.9440 0
390 0.9348 0
939 0.9331 0
7 0.9315 0
1704 0.9292 0
882 0.9242 0
1231 0.9182 0
1759 0.9135 0
461 0.9045 0
887 0.9037 0
786 0.9026 0
1875 0.9026 0
1842 0.9002 0
1451 0.8990 0
826 0.8976 0
1295 0.8955 0
1364 0.8951 0
92 0.8894 0
1421 0.8878 0
1806 0.8838 0
748 0.8817 0
113 0.8806 0
1127 0.8764 0
1297 0.8701 0
827 0.8631 0
1788 0.8556 0
115 0.8524 0
831 0.8524 0
1821 0.8497 0
167 0.8479 0
164 0.8477 0
753 0.8473 0
1943 0.8430 0
1254 0.8418 0
1631 0.8409 0
1341 0.8383 0
1824 0.8361 0
364 0.8348 0
1460 0.8336 0
1080 0.8336 0
1538 0.8334 0
1410 0.8287 0
1138 0.8241 0
1199 0.8218 0
922 0.8189 0
1911 0.8186 0
1702 0.8163 0
996 0.8140 0
1266 0.8133 0
606 0.8102 0
931 0.8056 0
1207 0.8049 0
1212 0.8036 0
386 0.7972 0
1847 0.7945 0
86 0.7682 0
857 0.7681 0
601 0.7671 0
1387 0.7655 0
1039 0.7630 0
1096 0.7525 0
619 0.7445 0
1026 0.7350 0
829 0.7318 0
1823 0.7272 0
1237 0.7249 0
1213 0.7247 0
795 0.7151 0
1016 0.7130 0
479 0.7113 0
194 0.7107 0
631 0.7091 0
140 0.7055 0
1939 0.7046 0
1827 0.7032 0
275 0.6994 0
1251 0.6941 0
1088 0.6938 0
1923 0.6929 0
49 0.6830 0
1441 0.6775 0
927 0.6664 0
410 0.6591 0
1832 0.6586 0
1270 0.6484 0
294 0.6479 0
1838 0.6446 0
1724 0.6406 0
797 0.6284 0
1961 0.6272 0
1123 0.6052 0
1189 0.6052 0
707 0.6013 0
397 0.6009 0
123 0.6000 0
1236 0.5999 0
1164 0.5961 0
1159 0.5945 0
1805 0.5933 0
193 0.5856 0
773 0.5852 0
491 0.5845 0
1634 0.5844 0
1109 0.5819 0
1967 0.5745 0
1434 0.5708 0
388 0.5708 0
1430 0.5671 0
1378 0.5633 0
1540 0.5627 0
359 0.5576 0
60 0.5561 0
1860 0.5556 0
1826 0.5522 0
918 0.5520 0
1885 0.5415 0
309 0.5376 0
1120 0.5373 0
349 0.5355 0
902 0.5326 0
765 0.5325 0
650 0.5299 0
1431 0.5277 0
1787 0.5268 0
116 0.5263 0
383 0.5255 0
1749 0.5237 0
404 0.5211 0
1204 0.5209 0
888 0.5184 0
1246 0.5162 0
1015 0.5147 0
248 0.5145 0
772 0.5123 0
1919 0.5118 0
1147 0.5110 0
589 0.5107 0
912 0.5101 0
455 0.5097 0
371 0.5054 0
84 0.5021 0
710 0.5013 0
384 0.5008 0
645 0.5008 0
620 0.4958 0
665 0.4915 0
1114 0.4896 0
376 0.4886 0
453 0.4778 0
777 0.4752 0
423 0.4727 0
1432 0.4724 0
1324 0.4518 0
1996 0.4478 0
1048 0.4429 0
547 0.4385 0
878 0.4370 0
1931 0.4357 0
266 0.4330 0
674 0.4265 0
548 0.4206 0
509 0.4202 0
370 0.4075 0
1844 0.4046 0
938 0.4028 0
358 0.3987 0
521 0.3984 0
1377 0.3974 0
69 0.3971 0
1916 0.3957 0
1035 0.3909 0
1825 0.3903 0
255 0.3893 0
24 0.3888 0
1402 0.3836 0
733 0.3809 0
1379 0.3798 0
1845 0.3792 0
793 0.3783 0
1900 0.3780 0
1002 0.3733 0
233 0.3727 0
483 0.3720 0
1011 0.3704 0
1666 0.3687 0
395 0.3677 0
408 0.3654 0
1040 0.3593 0
1005 0.3580 0
1063 0.3514 0
1386 0.3489 0
766 0.3482 0
1918 0.3457 0
379 0.3424 0
946 0.3421 0
1289 0.3417 0
1872 0.3404 0
702 0.3395 0
1763 0.3384 0
107 0.3379 0
1816 0.3379 0
1665 0.3331 0
1106 0.3303 0
813 0.3256 0
387 0.3244 0
1771 0.3236 0
1331 0.3220 0
839 0.3188 0
1034 0.3170 0
1175 0.3167 0
1413 0.3135 0
1217 0.3117 0
481 0.3076 0
1712 0.3007 0
1284 0.2997 0
816 0.2963 0
344 0.2903 0
1060 0.2834 0
406 0.2819 0
788 0.2766 0
54 0.2749 0
1085 0.2691 0
330 0.2690 0
209 0.2673 0
876 0.2578 0
1230 0.2557 0
1136 0.2545 0
955 0.2479 0
1029 0.2467 0
179 0.2449 0
1291 0.2440 0
512 0.2410 0
867 0.2410 0
1962 0.2352 0
1118 0.2348 0
1930 0.2343 0
908 0.2255 0
1215 0.2254 0
1998 0.2176 0
1365 0.2154 0
101 0.2139 0
883 0.2137 0
393 0.2131 0
1338 0.2100 0
1442 0.2097 0
1853 0.2096 0
1798 0.2051 0
79 0.2031 0
1755 0.2021 0
1197 0.2005 0
385 0.2005 0
338 0.2005 0
1227 0.1976 0
1059 0.1948 0
1448 0.1878 0
149 0.1837 0
1125 0.1835 0
340 0.1780 0
211 0.1767 0
1111 0.1711 0
686 0.1650 0
1903 0.1642 0
1108 0.1616 0
1868 0.1557 0
494 0.1544 0
42 0.1507 0
803 0.1475 0
1778 0.1447 0
1370 0.1439 0
1337 0.1420 0
1859 0.1417 0
492 0.1406 0
1104 0.1363 0
1366 0.1360 0
1239 0.1357 0
756 0.1340 0
815 0.1333 0
909 0.1307 0
1183 0.1302 0
73 0.1258 0
1119 0.1238 0
873 0.1231 0
145 0.1209 0
497 0.1195 0
200 0.1192 0
1077 0.1132 0
886 0.1079 0
216 0.1049 0
1757 0.1042 0
1071 0.1039 0
1238 0.1004 0
1224 0.0864 0
419 0.0843 0
1987 0.0839 0
1886 0.0819 0
1941 0.0803 0
1737 0.0764 0
787 0.0749 0
32 0.0697 0
844 0.0671 0
400 0.0648 0
1008 0.0642 0
670 0.0641 0
1391 0.0633 0
1972 0.0604 0
59 0.0604 0
399 0.0603 0
299 0.0579 0
1344 0.0561 0
528 0.0558 0
593 0.0528 0
905 0.0521 0
327 0.0513 0
46 0.0504 0
265 0.0491 0
812 0.0475 0
1322 0.0399 0
363 0.0399 0
914 0.0397 0
1058 0.0371 0
493 0.0353 0
22 0.0335 0
1739 0.0316 0
925 0.0299 0
945 0.0275 0
1198 0.0226 0
221 0.0223 0
1317 0.0222 0
1046 0.0220 0
1155 0.0170 0
1716 0.0157 0
1131 0.0126 0
615 0.0100 0
1436 0.0094 0
649 0.0094 0
865 0.0088 0
1830 0.0075 0
496 0.0049 0
522 0.0039 0
490 0.0016 0
1055 0.0014 0
982 -0.0003 0
1492 -0.0082 0
1036 -0.0120 0
1801 -0.0195 0
1145 -0.0201 0
846 -0.0209 0
1409 -0.0214 0
1139 -0.0225 0
713 -0.0255 0
124 -0.0328 0
1032 -0.0364 0
1369 -0.0398 0
801 -0.0417 0
471 -0.0418 0
90 -0.0487 0
1906 -0.0513 0
1437 -0.0546 0
185 -0.0575 0
1162 -0.0575 0
106 -0.0619 0
592 -0.0636 0
1394 -0.0650 0
924 -0.0655 0
1178 -0.0672 0
142 -0.0730 0
1193 -0.0738 0
1424 -0.0779 0
417 -0.0789 0
1884 -0.0817 0
1729 -0.0827 0
353 -0.0876 0
1877 -0.0877 0
703 -0.0930 0
312 -0.0965 0
1247 -0.0974 0
189 -0.0979 0
838 -0.0982 0
851 -0.1029 0
1811 -0.1087 0
1836 -0.1102 0
488 -0.1184 0
82 -0.1187 0
1951 -0.1199 0
1968 -0.1212 0
729 -0.1242 0
486 -0.1248 0
715 -0.1319 0
1929 -0.1331 0
1862 -0.1343 0
411 -0.1349 0
1294 -0.1363 0
1403 -0.1404 0
1449 -0.1441 0
1415 -0.1479 0
877 -0.1480 0
732 -0.1512 0
182 -0.1538 0
1072 -0.1543 0
350 -0.1545 0
660 -0.1553 0
1956 -0.1560 0
217 -0.1561 0
495 -0.1583 0
173 -0.1647 0
647 -0.1663 0
519 -0.1674 0
956 -0.1697 0
17 -0.1795 0
454 -0.1796 0
1307 -0.1804 0
1235 -0.1809 0
616 -0.1814 0
224 -0.1819 0
152 -0.1888 0
711 -0.1900 0
1959 -0.1915 0
1347 -0.1955 0
1116 -0.1956 0
1893 -0.1971 0
853 -0.1982 0
1383 -0.2046 0
1097 -0.2128 0
1843 -0.2168 0
1794 -0.2209 0
544 -0.2215 0
1433 -0.2220 0
1368 -0.2269 0
721 -0.2279 0
1007 -0.2283 0
675 -0.2297 0
870 -0.2348 0
1367 -0.2352 0
439 -0.2361 0
1483 -0.2374 0
11 -0.2420 0
1076 -0.2434 0
462 -0.2461 0
638 -0.2477 0
139 -0.2499 0
362 -0.2525 0
1915 -0.2525 0
415 -0.2539 0
367 -0.2546 0
1044 -0.2549 0
170 -0.2565 0
618 -0.2610 0
262 -0.2627 0
1073 -0.2634 0
1831 -0.2651 0
814 -0.2722 0
227 -0.2728 0
271 -0.2730 0
1840 -0.2740 0
607 -0.2785 0
1070 -0.2787 0
1709 -0.2793 0
447 -0.2800 0
1474 -0.2866 0
926 -0.2915 0
992 -0.3048 0
1619 -0.3124 0
526 -0.3164 0
159 -0.3166 0
1742 -0.3173 0
1879 -0.3234 0
624 -0.3242 0
162 -0.3258 0
1867 -0.3274 0
437 -0.3282 0
245 -0.3317 0
849 -0.3321 0
1326 -0.3322 0
429 -0.3342 0
527 -0.3367 0
798 -0.3391 0
743 -0.3403 0
1242 -0.3499 0
506 -0.3508 0
175 -0.3509 0
282 -0.3535 0
23 -0.3552 0
1065 -0.3564 0
1954 -0.3567 0
303 -0.3579 0
1705 -0.3625 0
855 -0.3648 0
119 -0.3665 0
1064 -0.3669 0
1021 -0.3676 0
823 -0.3677 0
1760 -0.3689 0
530 -0.3713 0
1902 -0.3745 0
320 -0.3753 0
1092 -0.3777 0
13 -0.3807 0
307 -0.3832 0
538 -0.3834 0
1093 -0.3860 0
71 -0.3869 0
112 -0.3921 0
1882 -0.3956 0
722 -0.3967 0
915 -0.3972 0
1889 -0.3979 0
957 -0.3985 0
464 -0.4004 0
718 -0.4074 0
580 -0.4103 0
1618 -0.4108 0
18 -0.4141 0
1098 -0.4162 0
757 -0.4197 0
837 -0.4205 0
1907 -0.4227 0
1392 -0.4236 0
1299 -0.4261 0
480 -0.4301 0
1785 -0.4307 0
763 -0.4347 0
102 -0.4421 0
1947 -0.4461 0
1372 -0.4462 0
942 -0.4496 0
1182 -0.4513 0
75 -0.4531 0
1735 -0.4542 0
1194 -0.4602 0
229 -0.4645 0
1091 -0.4648 0
169 -0.4680 0
368 -0.4713 0
487 -0.4746 0
1283 -0.4753 0
1171 -0.4759 0
746 -0.4775 0
1748 -0.4786 0
1891 -0.4938 0
198 -0.4951 0
1762 -0.4975 0
57 -0.5025 0
1782 -0.5078 0
1256 -0.5092 0
1037 -0.5128 0
243 -0.5129 0
1881 -0.5168 0
440 -0.5215 0
289 -0.5217 0
1014 -0.5220 0
456 -0.5223 0
725 -0.5277 0
438 -0.5294 0
427 -0.5305 0
1701 -0.5342 0
88 -0.5372 0
237 -0.5386 0
422 -0.5409 0
1099 -0.5424 0
181 -0.5430 0
1226 -0.5458 0
768 -0.5519 0
774 -0.5567 0
1203 -0.5600 0
791 -0.5614 0
403 -0.5638 0
898 -0.5675 0
118 -0.5705 0
1176 -0.5716 0
203 -0.5775 0
668 -0.5817 0
995 -0.5904 0
1944 -0.5918 0
1817 -0.5921 0
1733 -0.5931 0
343 -0.5964 0
1935 -0.5985 0
558 -0.6013 0
1030 -0.6017 0
1425 -0.6023 0
430 -0.6075 0
1726 -0.6096 0
1130 -0.6097 0
1878 -0.6157 0
1949 -0.6222 0
1170 -0.6225 0
1192 -0.6233 0
1374 -0.6277 0
470 -0.6292 0
557 -0.6301 0
1132 -0.6330 0
468 -0.6350 0
1137 -0.6406 0
1812 -0.6463 0
157 -0.6466 0
1406 -0.6528 0
109 -0.6530 0
158 -0.6559 0
33 -0.6562 0
1791 -0.6575 0
770 -0.6578 0
789 -0.6638 0
1786 -0.6671 0
302 -0.6709 0
65 -0.6720 0
761 -0.6749 0
907 -0.6773 0
254 -0.6788 0
1940 -0.6790 0
1892 -0.6795 0
80 -0.6842 0
1075 -0.6874 0
1920 -0.6892 0
1260 -0.6902 0
541 -0.6920 0
1174 -0.6969 0
305 -0.7035 0
1062 -0.7037 0
1969 -0.7040 0
426 -0.7069 0
1115 -0.7169 0
875 -0.7228 0
4 -0.7240 0
854 -0.7254 0
1925 -0.7276 0
240 -0.7282 0
1031 -0.7287 0
752 -0.7329 0
1211 -0.7379 0
879 -0.7423 0
333 -0.7435 0
864 -0.7436 0
529 -0.7452 0
1305 -0.7460 0
292 -0.7554 0
550 -0.7618 0
1926 -0.7619 0
1789 -0.7639 0
281 -0.7643 0
881 -0.7706 0
1685 -0.7738 0
100 -0.7776 0
1858 -0.7785 0
172 -0.7793 0
1775 -0.7800 0
141 -0.7810 0
523 -0.7813 0
1214 -0.7814 0
1327 -0.7839 0
1781 -0.7843 0
1241 -0.7897 0
1807 -0.7933 0
165 -0.7939 0
348 -0.7977 0
1833 -0.7984 0
1770 -0.8010 0
1376 -0.8054 0
270 -0.8055 0
515 -0.8107 0
316 -0.8119 0
776 -0.8175 0
1090 -0.8199 0
323 -0.8215 0
287 -0.8239 0
1722 -0.8239 0
1152 -0.8267 0
473 -0.8341 0
478 -0.8345 0
1901 -0.8398 0
504 -0.8442 0
708 -0.8443 0
852 -0.8453 0
476 -0.8454 0
1141 -0.8466 0
1043 -0.8493 0
749 -0.8504 0
1095 -0.8504 0
1440 -0.8507 0
228 -0.8529 0
1154 -0.8530 0
1148 -0.8548 0
122 -0.8565 0
1172 -0.8596 0
1272 -0.8598 0
1017 -0.8636 0
531 -0.8689 0
860 -0.8697 0
1994 -0.8711 0
727 -0.8713 0
1004 -0.8744 0
1210 -0.8750 0
210 -0.8757 0
259 -0.8796 0
1849 -0.8799 0
1292 -0.8808 0
1134 -0.8824 0
202 -0.8897 0
1253 -0.8932 0
1870 -0.8977 0
191 -0.9015 0
1320 -0.9030 0
928 -0.9031 0
472 -0.9083 0
1850 -0.9174 0
418 -0.9252 0
513 -0.9254 0
1389 -0.9308 0
932 -0.9350 0
1309 -0.9372 0
252 -0.9380 0
508 -0.9394 0
246 -0.9575 0
1265 -0.9600 0
525 -0.9612 0
1336 -0.9614 0
709 -0.9671 0
1105 -0.9737 0
1051 -0.9749 0
836 -0.9779 0
1142 -0.9910 0
308 -0.9997 0
1328 -1.0006 0
401 -1.0007 0
324 -1.0085 0
1428 -1.0092 0
900 -1.0110 0
295 -1.0134 0
1808 -1.0175 0
782 -1.0301 0
524 -1.0347 0
874 -1.0378 0
1218 -1.0417 0
940 -1.0444 0
1084 -1.0541 0
536 -1.0557 0
19 -1.0655 0
225 -1.0678 0
604 -1.0688 0
514 -1.0744 0
360 -1.0748 0
432 -1.0764 0
436 -1.0766 0
858 -1.0766 0
717 -1.0780 0
298 -1.0797 0
15 -1.0947 0
1000 -1.0968 0
489 -1.0973 0
95 -1.0995 0
1753 -1.1031 0
516 -1.1063 0
1928 -1.1093 0
1329 -1.1106 0
220 -1.1119 0
188 -1.1133 0
1066 -1.1181 0
1356 -1.1197 0
609 -1.1200 0
1917 -1.1277 0
1792 -1.1312 0
1302 -1.1316 0
1418 -1.1321 0
1209 -1.1344 0
296 -1.1420 0
1863 -1.1453 0
204 -1.1457 0
448 -1.1467 0
1165 -1.1471 0
1818 -1.1493 0
1221 -1.1539 0
276 -1.1542 0
215 -1.1559 0
1112 -1.1585 0
446 -1.1609 0
1874 -1.1633 0
603 -1.1804 0
1 -1.1816 0
505 -1.1837 0
1841 -1.1854 0
828 -1.1916 0
796 -1.1926 0
1904 -1.1943 0
242 -1.1946 0
155 -1.1964 0
1049 -1.1971 0
1871 -1.1982 0
176 -1.1996 0
1706 -1.2088 0
947 -1.2095 0
501 -1.2135 0
1202 -1.2160 0
825 -1.2203 0
405 -1.2311 0
868 -1.2320 0
697 -1.2334 0
52 -1.2355 0
845 -1.2366 0
196 -1.2420 0
546 -1.2422 0
1144 -1.2442 0
1948 -1.2456 0
1710 -1.2457 0
151 -1.2468 0
482 -1.2488 0
934 -1.2539 0
1375 -1.2605 0
1408 -1.2627 0
1932 -1.2672 0
1028 -1.2731 0
599 -1.2753 0
55 -1.2770 0
893 -1.2789 0
1330 -1.2826 0
1271 -1.2863 0
590 -1.2901 0
174 -1.2913 0
128 -1.2926 0
126 -1.3016 0
617 -1.3019 0
1110 -1.3024 0
734 -1.3028 0
1225 -1.3034 0
1880 -1.3060 0
1094 -1.3109 0
896 -1.3121 0
1313 -1.3125 0
623 -1.3143 0
70 -1.3199 0
1869 -1.3215 0
1855 -1.3475 0
704 -1.3535 0
222 -1.3603 0
1977 -1.3622 0
895 -1.3624 0
866 -1.3626 0
644 -1.3628 0
1081 -1.3653 0
1208 -1.3688 0
503 -1.3702 0
1135 -1.3703 0
1310 -1.3759 0
1496 -1.3774 0
1020 -1.3810 0
120 -1.3825 0
726 -1.3887 0
917 -1.3932 0
667 -1.4055 0
347 -1.4067 0
183 -1.4080 0
460 -1.4104 0
103 -1.4144 0
646 -1.4144 0
1857 -1.4186 0
50 -1.4213 0
286 -1.4225 0
1325 -1.4269 0
219 -1.4276 0
449 -1.4290 0
74 -1.4305 0
72 -1.4344 0
1275 -1.4355 0
1304 -1.4373 0
799 -1.4433 0
588 -1.4526 0
1913 -1.4552 0
27 -1.4622 0
334 -1.4688 0
131 -1.4705 0
806 -1.4706 0
990 -1.4739 0
1027 -1.4796 0
1957 -1.4953 0
585 -1.4969 0
1866 -1.5035 0
1303 -1.5073 0
391 -1.5086 0
148 -1.5086 0
1984 -1.5089 0
1390 -1.5122 0
640 -1.5137 0
251 -1.5179 0
597 -1.5215 0
1023 -1.5222 0
1958 -1.5234 0
1380 -1.5243 0
273 -1.5252 0
1814 -1.5260 0
53 -1.5285 0
578 -1.5302 0
582 -1.5323 0
136 -1.5391 0
916 -1.5404 0
1001 -1.5457 0
1181 -1.5470 0
600 -1.5513 0
739 -1.5526 0
1373 -1.5542 0
1934 -1.5564 0
297 -1.5698 0
1980 -1.5714 0
310 -1.5734 0
288 -1.5749 0
138 -1.5863 0
467 -1.5905 0
326 -1.5920 0
433 -1.5966 0
1407 -1.5991 0
163 -1.6047 0
1314 -1.6133 0
421 -1.6155 0
206 -1.6206 0
161 -1.6303 0
1117 -1.6313 0
186 -1.6333 0
821 -1.6334 0
954 -1.6345 0
537 -1.6379 0
1744 -1.6382 0
517 -1.6394 0
130 -1.6397 0
683 -1.6408 0
859 -1.6417 0
1888 -1.6484 0
443 -1.6520 0
911 -1.6530 0
614 -1.6600 0
1445 -1.6609 0
720 -1.6609 0
1186 -1.6726 0
648 -1.6817 0
921 -1.6837 0
431 -1.7012 0
1229 -1.7020 0
1101 -1.7041 0
150 -1.7124 0
1140 -1.7163 0
901 -1.7234 0
14 -1.7329 0
884 -1.7365 0
249 -1.7381 0
1936 -1.7392 0
1153 -1.7406 0
520 -1.7428 0
1417 -1.7435 0
1978 -1.7443 0
1232 -1.7458 0
943 -1.7481 0
584 -1.7499 0
1696 -1.7560 0
910 -1.7672 0
332 -1.7694 0
1414 -1.7756 0
885 -1.7772 0
1970 -1.7805 0
632 -1.7823 0
1263 -1.7880 0
1022 -1.7964 0
1652 -1.8059 0
769 -1.8210 0
1222 -1.8215 0
1102 -1.8238 0
1306 -1.8249 0
936 -1.8391 0
1999 -1.8399 0
1924 -1.8422 0
187 -1.8533 0
484 -1.8557 0
1468 -1.8602 0
314 -1.8654 0
114 -1.8699 0
1887 -1.8702 0
1268 -1.8711 0
1965 -1.8747 0
1087 -1.8933 0
78 -1.8934 0
1946 -1.8954 0
1813 -1.8956 0
1829 -1.9018 0
1146 -1.9025 0
235 -1.9033 0
1018 -1.9103 0
1711 -1.9117 0
192 -1.9131 0
47 -1.9215 0
706 -1.9233 0
1345 -1.9273 0
622 -1.9278 0
498 -1.9303 0
201 -1.9335 0
1334 -1.9337 0
258 -1.9403 0
231 -1.9423 0
428 -1.9429 0
178 -1.9544 0
361 -1.9546 0
247 -1.9555 0
549 -1.9576 0
581 -1.9641 0
642 -1.9770 0
568 -1.9780 0
750 -1.9793 0
1819 -1.9810 0
1953 -1.9850 0
628 -1.9950 0
1839 -2.0037 0
1429 -2.0038 0
1708 -2.0086 0
573 -2.0145 0
369 -2.0179 0
1616 -2.0180 0
20 -2.0218 0
121 -2.0249 0
1443 -2.0259 0
1412 -2.0315 0
293 -2.0319 0
279 -2.0321 0
903 -2.0415 0
1426 -2.0423 0
1439 -2.0504 0
540 -2.0533 0
892 -2.0557 0
239 -2.0576 0
830 -2.0716 0
166 -2.0733 0
1898 -2.0744 0
608 -2.0751 0
737 -2.0769 0
554 -2.0850 0
1107 -2.1004 0
1173 -2.1014 0
156 -2.1078 0
577 -2.1100 0
68 -2.1113 0
637 -2.1141 0
35 -2.1205 0
1404 -2.1209 0
843 -2.1256 0
269 -2.1272 0
1973 -2.1322 0
894 -2.1337 0
1411 -2.1356 0
291 -2.1383 0
1835 -2.1543 0
560 -2.1583 0
311 -2.1636 0
507 -2.1640 0
1012 -2.1661 0
889 -2.1773 0
545 -2.1871 0
21 -2.1890 0
551 -2.1949 0
1323 -2.2045 0
553 -2.2083 0
1993 -2.2221 0
1981 -2.2290 0
1976 -2.2411 0
1896 -2.2458 0
587 -2.2497 0
1158 -2.2516 0
1285 -2.2601 0
328 -2.2614 0
1089 -2.2685 0
208 -2.2732 0
1343 -2.2780 0
1921 -2.2788 0
1082 -2.2798 0
373 -2.2833 0
48 -2.2857 0
621 -2.2962 0
274 -2.2970 0
944 -2.2984 0
160 -2.3059 0
535 -2.3092 0
1852 -2.3160 0
1991 -2.3237 0
1927 -2.3331 0
1846 -2.3347 0
576 -2.3477 0
197 -2.3544 0
238 -2.3554 0
502 -2.3562 0
1945 -2.3575 0
441 -2.3683 0
1776 -2.3779 0
1180 -2.3841 0
869 -2.3894 0
1883 -2.3945 0
565 -2.3987 0
1067 -2.3990 0
937 -2.4091 0
562 -2.4126 0
719 -2.4149 0
341 -2.4157 0
1983 -2.4190 0
1751 -2.4297 0
300 -2.4548 0
1773 -2.4558 0
1864 -2.4599 0
1151 -2.4635 0
268 -2.4647 0
278 -2.4677 0
661 -2.4731 0
177 -2.4906 0
435 -2.4954 0
1249 -2.4976 0
539 -2.4985 0
1083 -2.5150 0
26 -2.5216 0
1979 -2.5438 0
1865 -2.5465 0
1960 -2.5492 0
85 -2.5505 0
1890 -2.5505 0
1966 -2.5524 0
767 -2.5555 0
230 -2.5580 0
1933 -2.5581 0
284 -2.5601 0
37 -2.5737 0
1300 -2.5797 0
336 -2.5814 0
712 -2.5865 0
1335 -2.6112 0
260 -2.6133 0
933 -2.6136 0
41 -2.6150 0
267 -2.6358 0
567 -2.6419 0
871 -2.6458 0
199 -2.6569 0
1349 -2.6571 0
841 -2.6619 0
1188 -2.6743 0
256 -2.6788 0
250 -2.6881 0
232 -2.6920 0
572 -2.7040 0
104 -2.7085 0
634 -2.7168 0
891 -2.7187 0
280 -2.7393 0
1220 -2.7541 0
345 -2.7541 0
1963 -2.7550 0
1810 -2.7809 0
633 -2.7837 0
1720 -2.7903 0
610 -2.8099 0
1427 -2.8232 0
555 -2.8418 0
591 -2.8419 0
639 -2.8756 0
1033 -2.8789 0
1950 -2.8838 0
1301 -2.8848 0
736 -2.8850 0
716 -2.8915 0
1038 -2.8922 0
605 -2.8950 0
563 -2.8975 0
105 -2.9136 0
579 -2.9156 0
778 -2.9303 0
1986 -2.9644 0
450 -2.9729 0
833 -2.9730 0
899 -2.9754 0
1985 -2.9847 0
740 -2.9956 0
1103 -3.0015 0
205 -3.0105 0
10 -3.0160 0
339 -3.0324 0
331 -3.0339 0
1895 -3.0762 0
510 -3.0815 0
564 -3.0990 0
819 -3.1100 0
556 -3.1229 0
1938 -3.1233 0
611 -3.1265 0
1311 -3.1315 0
1003 -3.1322 0
1964 -3.1437 0
561 -3.1551 0
533 -3.1661 0
543 -3.1819 0
552 -3.2141 0
559 -3.2209 0
500 -3.2229 0
154 -3.2326 0
872 -3.2407 0
571 -3.2434 0
566 -3.2517 0
253 -3.2533 0
1054 -3.2688 0
319 -3.2820 0
612 -3.2855 0
681 -3.2958 0
416 -3.3194 0
315 -3.3482 0
223 -3.3709 0
1897 -3.3858 0
322 -3.4053 0
1779 -3.4115 0
1995 -3.4292 0
730 -3.4495 0
1974 -3.4912 0
1129 -3.4924 0
28 -3.5061 0
511 -3.5140 0
1975 -3.5277 0
1405 -3.5387 0
346 -3.5474 0
880 -3.5536 0
856 -3.5590 0
1899 -3.5624 0
627 -3.5626 0
477 -3.5721 0
329 -3.6173 0
1982 -3.6247 0
137 -3.6516 0
1340 -3.6591 0
132 -3.6811 0
596 -3.7317 0
1997 -3.7479 0
583 -3.7523 0
598 -3.7636 0
317 -3.7978 0
714 -3.8164 0
771 -3.8202 0
38 -3.8289 0
147 -3.8598 0
569 -3.8802 0
862 -3.9152 0
586 -3.9217 0
595 -3.9347 0
1854 -4.0067 0
1971 -4.0173 0
277 -4.0668 0
1803 -4.0709 0
1133 -4.0744 0
1922 -4.1121 0
318 -4.1209 0
43 -4.1351 0
834 -4.1567 0
1206 -4.1744 0
570 -4.2195 0
301 -4.3401 0
575 -4.4168 0
459 -4.4185 0
321 -4.4345 0
1861 -4.4828 0
1416 -4.8079 0
1435 -5.0124 0
125 -5.1467 0
6 -5.9655 0
325 -6.5272 0
