1641 28.4863 1
1627 23.0215 1
1645 20.8200 1
1622 20.5902 1
1646 20.4676 1
1617 19.2696 1
1607 19.2248 1
1648 19.1655 1
1647 18.5312 1
1644 18.4669 1
1639 17.3530 1
1640 17.2597 1
1636 17.0615 1
1626 16.8885 1
1603 16.6384 1
1608 16.2136 1
1628 15.8831 1
1624 14.8871 1
1601 14.3665 1
1614 14.1758 1
1606 14.1577 1
1633 13.9285 1
1629 13.7449 1
1604 13.6186 1
1637 13.3991 1
1632 13.0544 1
1605 12.9693 1
1634 12.9361 1
1630 12.7765 1
1638 12.5613 1
1615 12.4490 1
1623 12.4081 1
1618 12.1625 1
1620 12.1380 1
1616 11.9016 1
1609 11.6356 1
1602 11.0709 1
1635 10.8719 1
677 10.8066 0
1611 10.7200 1
992 10.0394 0
1643 9.6674 1
1619 9.5993 1
1560 9.4716 0
1267 9.3210 0
1600 8.7361 1
1613 8.2601 1
1612 8.1724 1
1471 7.7797 0
1264 7.6482 0
958 7.5518 0
699 7.4706 0
1631 7.3311 1
1610 7.2427 1
1599 7.2182 0
456 7.0354 0
1281 7.0226 0
1502 7.0209 0
1522 6.9313 0
656 6.9075 0
1481 6.8119 0
1398 6.7449 0
1479 6.5605 0
1453 6.4135 0
1195 6.3423 0
1547 6.3354 0
1653 6.2844 0
691 6.2525 0
1462 6.2404 0
1875 6.2404 0
1487 6.2100 0
1582 6.1647 0
1499 6.1534 0
1268 6.1473 0
1495 6.1401 0
475 6.1063 0
1621 6.1031 1
950 6.0320 0
1288 6.0129 0
1567 5.7786 0
1476 5.7582 0
1550 5.7501 0
469 5.6694 0
1461 5.6054 0
1486 5.5901 0
1282 5.5632 0
1261 5.5566 0
1573 5.5528 0
1457 5.4695 0
1258 5.4383 0
1456 5.4351 0
654 5.3724 0
684 5.2992 0
1283 5.2849 0
1259 5.2091 0
1562 5.1796 0
1009 5.1449 0
1340 4.9442 0
1490 4.8968 0
980 4.8916 0
999 4.8907 0
650 4.8759 0
1450 4.8502 0
1898 4.7815 0
1473 4.7516 0
1670 4.6912 0
977 4.6659 0
1361 4.6444 0
1532 4.5988 0
1642 4.5919 1
1354 4.5880 0
1696 4.5363 0
1469 4.5237 0
542 4.5071 0
463 4.4351 0
1596 4.3944 0
1514 4.3314 0
690 4.3204 0
981 4.3059 0
1472 4.3017 0
1270 4.2785 0
1002 4.2457 0
1483 4.2423 0
1978 4.2379 0
1025 4.2300 0
1569 4.2283 0
1493 4.2120 0
1489 4.2087 0
951 4.1957 0
1272 4.1935 0
1350 4.1507 0
1557 4.1165 0
1498 4.1049 0
1388 4.0890 0
1500 4.0697 0
1662 4.0518 0
1041 4.0461 0
1497 4.0313 0
1625 4.0008 1
1673 3.9958 0
1455 3.9742 0
1694 3.9375 0
1277 3.8961 0
898 3.8666 0
1278 3.8594 0
1468 3.8396 0
497 3.8170 0
1555 3.8149 0
1669 3.7886 0
1542 3.7837 0
1459 3.7639 0
1512 3.7453 0
965 3.7168 0
1680 3.6863 0
1518 3.6613 0
1460 3.6597 0
1548 3.6482 0
1355 3.6015 0
1568 3.5744 0
673 3.5664 0
953 3.5534 0
1657 3.4993 0
1303 3.4841 0
1451 3.4803 0
1478 3.3963 0
1650 3.3529 0
994 3.3496 0
465 3.3483 0
1855 3.3401 0
1286 3.3004 0
1379 3.2758 0
1185 3.2712 0
1577 3.2589 0
1765 3.2394 0
1006 3.2236 0
989 3.2062 0
1491 3.2004 0
1559 3.1922 0
1434 3.1913 0
1358 3.1835 0
106 3.1813 0
1501 3.1596 0
1432 3.1492 0
978 3.1260 0
1910 3.1258 0
1257 3.0962 0
1671 3.0777 0
969 3.0625 0
1649 3.0469 1
1452 3.0339 0
959 3.0328 0
1549 3.0301 0
523 2.9986 0
1360 2.9880 0
850 2.9580 0
1931 2.9481 0
1597 2.9091 0
1684 2.9025 0
1552 2.9023 0
973 2.9001 0
1045 2.8986 0
1441 2.8937 0
1654 2.8925 0
1551 2.8905 0
1891 2.8485 0
1482 2.8338 0
625 2.7757 0
488 2.7518 0
975 2.7407 0
1962 2.7321 0
1260 2.7245 0
1688 2.7224 0
1290 2.7186 0
1595 2.6869 0
1675 2.6851 0
1463 2.6793 0
1964 2.6763 0
652 2.6682 0
1011 2.6676 0
1882 2.6606 0
1273 2.6175 0
449 2.6165 0
1693 2.5989 0
1428 2.5900 0
1275 2.5717 0
1032 2.5712 0
1543 2.5620 0
887 2.5375 0
1531 2.5258 0
1525 2.5020 0
1973 2.5016 0
1896 2.4943 0
983 2.4932 0
671 2.4930 0
985 2.4921 0
1464 2.4849 0
40 2.4698 0
1594 2.4670 0
547 2.4647 0
1774 2.4580 0
1143 2.4558 0
1352 2.4539 0
1678 2.4177 0
1262 2.4173 0
200 2.4123 0
1698 2.3924 0
1911 2.3814 0
1590 2.3734 0
1679 2.3674 0
1959 2.3664 0
1297 2.3530 0
1859 2.3400 0
1578 2.3155 0
1508 2.3002 0
658 2.2702 0
955 2.2667 0
1485 2.2510 0
1566 2.2302 0
495 2.2299 0
1777 2.2232 0
1905 2.2207 0
987 2.1828 0
1279 2.1780 0
1411 2.1689 0
1399 2.1311 0
1576 2.1272 0
1359 2.1176 0
968 2.1074 0
615 2.1048 0
1396 2.0999 0
957 2.0620 0
1942 2.0433 0
1465 2.0193 0
1924 1.9711 0
967 1.9596 0
1466 1.9560 0
1458 1.9420 0
1474 1.9403 0
675 1.9379 0
327 1.9361 0
1409 1.9212 0
1677 1.9165 0
638 1.9137 0
1296 1.9038 0
184 1.9008 0
326 1.8940 0
1043 1.8817 0
512 1.8803 0
1124 1.8397 0
1295 1.8344 0
1695 1.8280 0
1652 1.8219 0
993 1.8156 0
486 1.7874 0
680 1.7785 0
1664 1.7663 0
1510 1.7335 0
1591 1.7237 0
1421 1.7160 0
349 1.7159 0
534 1.7155 0
1579 1.6974 0
306 1.6879 0
964 1.6874 0
457 1.6871 0
1951 1.6831 0
1007 1.6820 0
1536 1.6819 0
1546 1.6715 0
1492 1.6672 0
1284 1.6556 0
662 1.6551 0
540 1.6280 0
1565 1.6176 0
1362 1.6080 0
485 1.6050 0
1580 1.5925 0
1504 1.5646 0
1265 1.5298 0
694 1.5233 0
458 1.5051 0
886 1.4889 0
1588 1.4869 0
248 1.4776 0
521 1.4687 0
768 1.4615 0
1587 1.4558 0
1570 1.4537 0
1008 1.4331 0
311 1.4109 0
1271 1.4099 0
1589 1.4064 0
1251 1.3852 0
1511 1.3809 0
1672 1.3689 0
1381 1.3599 0
1470 1.3567 0
1276 1.3325 0
1519 1.3207 0
3 1.3196 0
335 1.3069 0
489 1.2998 0
1047 1.2982 0
1019 1.2956 0
948 1.2887 0
1280 1.2829 0
1556 1.2758 0
6 1.2738 0
1353 1.2711 0
1437 1.2639 0
1916 1.2593 0
1199 1.2401 0
1289 1.2380 0
672 1.2359 0
1690 1.2337 0
1423 1.2205 0
312 1.2117 0
255 1.2091 0
1961 1.2067 0
659 1.1735 0
630 1.1618 0
1446 1.1532 0
1658 1.1461 0
1592 1.1371 0
689 1.1298 0
29 1.1232 0
1593 1.1226 0
1357 1.1220 0
1998 1.1202 0
1572 1.1139 0
1981 1.1095 0
651 1.1045 0
1523 1.1043 0
260 1.0939 0
1377 1.0744 0
208 1.0738 0
1763 1.0708 0
450 1.0701 0
1687 1.0547 0
1904 1.0478 0
1858 1.0390 0
193 1.0236 0
1024 1.0173 0
473 1.0113 0
1438 1.0065 0
1146 1.0053 0
492 1.0016 0
1389 1.0013 0
1444 0.9999 0
960 0.9989 0
1540 0.9932 0
1769 0.9840 0
1659 0.9821 0
874 0.9736 0
1663 0.9729 0
1351 0.9722 0
474 0.9722 0
871 0.9719 0
1391 0.9490 0
1692 0.9489 0
478 0.9198 0
1149 0.9194 0
1197 0.9148 0
1869 0.9058 0
1436 0.8924 0
476 0.8891 0
1537 0.8863 0
1513 0.8821 0
580 0.8756 0
952 0.8738 0
1682 0.8536 0
1971 0.8338 0
1427 0.8232 0
1986 0.8143 0
1100 0.8023 0
1535 0.7846 0
1190 0.7775 0
655 0.7734 0
1174 0.7666 0
1863 0.7523 0
1584 0.7495 0
1150 0.7345 0
299 0.7231 0
1182 0.7132 0
1454 0.7056 0
1527 0.7023 0
254 0.6928 0
204 0.6925 0
1298 0.6919 0
1020 0.6899 0
676 0.6817 0
1 0.6779 0
1477 0.6723 0
679 0.6710 0
309 0.6592 0
998 0.6545 0
1689 0.6433 0
685 0.6192 0
201 0.6189 0
1509 0.6171 0
555 0.6150 0
1364 0.6011 0
1467 0.5986 0
1699 0.5961 0
1475 0.5938 0
1285 0.5871 0
1558 0.5667 0
402 0.5470 0
1949 0.5365 0
897 0.5305 0
717 0.5191 0
1674 0.5083 0
1667 0.4991 0
1410 0.4982 0
1287 0.4940 0
867 0.4794 0
1325 0.4712 0
976 0.4625 0
1915 0.4439 0
996 0.4291 0
1686 0.4247 0
670 0.4143 0
1656 0.4099 0
452 0.4065 0
1494 0.4034 0
1681 0.4011 0
285 0.3949 0
1417 0.3938 0
451 0.3920 0
346 0.3916 0
1528 0.3846 0
461 0.3796 0
378 0.3714 0
1135 0.3629 0
629 0.3573 0
778 0.3539 0
286 0.3477 0
307 0.3418 0
215 0.3292 0
663 0.3191 0
1758 0.3108 0
1420 0.3107 0
1772 0.3087 0
1147 0.3077 0
1975 0.3076 0
132 0.2928 0
455 0.2878 0
1894 0.2861 0
1293 0.2763 0
860 0.2657 0
626 0.2650 0
1515 0.2567 0
111 0.2498 0
966 0.2468 0
1783 0.2373 0
589 0.2290 0
762 0.2282 0
1029 0.2242 0
1383 0.2162 0
668 0.2148 0
647 0.2130 0
751 0.2092 0
280 0.2018 0
1553 0.1921 0
1431 0.1809 0
660 0.1772 0
186 0.1771 0
1415 0.1604 0
1876 0.1592 0
1449 0.1572 0
963 0.1524 0
1972 0.1259 0
1980 0.1232 0
507 0.1153 0
1308 0.1020 0
1781 0.0997 0
1666 0.0994 0
289 0.0971 0
464 0.0952 0
876 0.0936 0
1529 0.0936 0
1827 0.0692 0
297 0.0686 0
1191 0.0525 0
1954 0.0349 0
66 0.0319 0
513 0.0319 0
466 0.0301 0
1799 0.0258 0
471 0.0235 0
790 0.0168 0
291 0.0129 0
962 0.0111 0
1953 0.0033 0
1484 -0.0008 0
1795 -0.0167 0
345 -0.0171 0
320 -0.0254 0
529 -0.0316 0
1979 -0.0333 0
1963 -0.0360 0
1933 -0.0393 0
1142 -0.0398 0
1113 -0.0412 0
340 -0.0442 0
1392 -0.0522 0
281 -0.0603 0
1012 -0.0618 0
434 -0.0633 0
1907 -0.0646 0
347 -0.0668 0
949 -0.0753 0
520 -0.0787 0
775 -0.0818 0
1119 -0.0952 0
136 -0.1036 0
270 -0.1044 0
864 -0.1103 0
0 -0.1169 0
1368 -0.1176 0
1363 -0.1177 0
1177 -0.1213 0
1836 -0.1213 0
1683 -0.1337 0
1563 -0.1351 0
1403 -0.1356 0
1013 -0.1401 0
1294 -0.1442 0
1965 -0.1454 0
1952 -0.1456 0
1885 -0.1481 0
1207 -0.1615 0
110 -0.1697 0
1386 -0.1707 0
1263 -0.1861 0
624 -0.1882 0
1416 -0.1960 0
1561 -0.2046 0
997 -0.2100 0
438 -0.2160 0
851 -0.2212 0
276 -0.2366 0
1193 -0.2418 0
1412 -0.2425 0
1853 -0.2438 0
1387 -0.2448 0
930 -0.2680 0
266 -0.2683 0
2 -0.2708 0
102 -0.2725 0
696 -0.2743 0
1524 -0.2770 0
1245 -0.2806 0
1521 -0.2880 0
226 -0.2896 0
693 -0.2931 0
1488 -0.2969 0
541 -0.3130 0
576 -0.3146 0
899 -0.3164 0
370 -0.3189 0
575 -0.3220 0
12 -0.3265 0
995 -0.3266 0
688 -0.3291 0
1660 -0.3292 0
1782 -0.3293 0
974 -0.3326 0
470 -0.3445 0
1533 -0.3751 0
961 -0.3762 0
657 -0.3780 0
1338 -0.3853 0
1400 -0.3867 0
855 -0.3885 0
1382 -0.3953 0
1892 -0.3972 0
665 -0.3981 0
107 -0.3988 0
165 -0.4003 0
1944 -0.4040 0
1159 -0.4086 0
277 -0.4182 0
1269 -0.4269 0
1697 -0.4271 0
890 -0.4348 0
1256 -0.4444 0
1144 -0.4493 0
1341 -0.4498 0
1153 -0.4526 0
432 -0.4543 0
1369 -0.4558 0
972 -0.4565 0
982 -0.4593 0
1424 -0.4607 0
8 -0.4696 0
250 -0.4777 0
167 -0.4794 0
381 -0.4881 0
301 -0.4998 0
480 -0.5004 0
1503 -0.5046 0
271 -0.5067 0
1394 -0.5139 0
1366 -0.5210 0
1323 -0.5214 0
852 -0.5214 0
188 -0.5306 0
1583 -0.5306 0
935 -0.5369 0
1655 -0.5415 0
1367 -0.5422 0
1534 -0.5429 0
398 -0.5444 0
1651 -0.5495 0
1520 -0.5510 0
536 -0.5544 0
1505 -0.5576 0
1254 -0.5577 0
1443 -0.5625 0
241 -0.5644 0
1127 -0.5697 0
481 -0.5785 0
263 -0.5835 0
506 -0.5891 0
1181 -0.6008 0
557 -0.6022 0
929 -0.6041 0
371 -0.6053 0
1313 -0.6077 0
1581 -0.6155 0
1989 -0.6176 0
295 -0.6200 0
30 -0.6264 0
639 -0.6293 0
1992 -0.6297 0
287 -0.6311 0
1056 -0.6313 0
1862 -0.6328 0
233 -0.6339 0
151 -0.6417 0
1927 -0.6446 0
1141 -0.6507 0
941 -0.6563 0
1526 -0.6607 0
893 -0.6627 0
1109 -0.6734 0
1900 -0.6815 0
988 -0.6823 0
1302 -0.6857 0
1893 -0.6880 0
664 -0.6887 0
755 -0.6891 0
562 -0.6922 0
761 -0.6959 0
1943 -0.6980 0
986 -0.7026 0
1372 -0.7027 0
397 -0.7029 0
894 -0.7075 0
468 -0.7130 0
907 -0.7142 0
1901 -0.7145 0
207 -0.7157 0
509 -0.7162 0
1545 -0.7197 0
141 -0.7238 0
1083 -0.7418 0
275 -0.7440 0
131 -0.7502 0
1846 -0.7502 0
1676 -0.7532 0
53 -0.7537 0
140 -0.7571 0
883 -0.7586 0
1252 -0.7682 0
454 -0.7701 0
279 -0.7718 0
1977 -0.7721 0
224 -0.7752 0
1948 -0.7756 0
1418 -0.7764 0
1860 -0.7765 0
858 -0.7855 0
604 -0.7877 0
1397 -0.7888 0
330 -0.7948 0
459 -0.8064 0
649 -0.8103 0
323 -0.8113 0
687 -0.8115 0
1371 -0.8125 0
1170 -0.8220 0
783 -0.8253 0
1179 -0.8261 0
1429 -0.8362 0
1912 -0.8375 0
1016 -0.8380 0
598 -0.8411 0
991 -0.8469 0
152 -0.8492 0
1530 -0.8496 0
912 -0.8588 0
453 -0.8686 0
1319 -0.8853 0
1425 -0.8854 0
1407 -0.8872 0
387 -0.8916 0
1480 -0.8960 0
1447 -0.9012 0
212 -0.9026 0
1517 -0.9098 0
1967 -0.9112 0
548 -0.9113 0
496 -0.9132 0
940 -0.9136 0
427 -0.9187 0
374 -0.9208 0
1419 -0.9228 0
518 -0.9275 0
846 -0.9293 0
854 -0.9305 0
1370 -0.9369 0
262 -0.9374 0
379 -0.9393 0
1030 -0.9435 0
1541 -0.9448 0
33 -0.9480 0
1496 -0.9527 0
1010 -0.9545 0
1321 -0.9545 0
545 -0.9702 0
931 -0.9761 0
1244 -0.9767 0
678 -0.9773 0
1222 -0.9799 0
1661 -0.9875 0
866 -0.9896 0
437 -0.9937 0
1186 -0.9940 0
1155 -0.9946 0
1291 -0.9993 0
498 -1.0079 0
1934 -1.0079 0
1796 -1.0103 0
932 -1.0123 0
1120 -1.0172 0
1349 -1.0278 0
1793 -1.0310 0
1405 -1.0350 0
1292 -1.0370 0
410 -1.0378 0
780 -1.0419 0
1906 -1.0471 0
62 -1.0473 0
127 -1.0490 0
561 -1.0535 0
1922 -1.0581 0
1208 -1.0615 0
154 -1.0639 0
1138 -1.0686 0
720 -1.0700 0
1161 -1.0722 0
228 -1.0902 0
1440 -1.0904 0
1014 -1.0904 0
1919 -1.0981 0
842 -1.0989 0
1753 -1.0996 0
236 -1.1031 0
1133 -1.1115 0
508 -1.1164 0
1376 -1.1178 0
101 -1.1184 0
214 -1.1258 0
609 -1.1288 0
1902 -1.1311 0
1299 -1.1332 0
1374 -1.1377 0
1348 -1.1378 0
970 -1.1432 0
1122 -1.1485 0
344 -1.1506 0
773 -1.1555 0
535 -1.1559 0
1046 -1.1669 0
24 -1.1688 0
105 -1.1698 0
384 -1.1797 0
1064 -1.1890 0
792 -1.1905 0
1872 -1.1971 0
1448 -1.1973 0
1255 -1.1988 0
460 -1.1997 0
1999 -1.2021 0
440 -1.2032 0
578 -1.2135 0
938 -1.2214 0
666 -1.2226 0
1955 -1.2262 0
235 -1.2357 0
31 -1.2361 0
1991 -1.2374 0
1334 -1.2433 0
1439 -1.2454 0
618 -1.2459 0
884 -1.2464 0
610 -1.2499 0
1766 -1.2505 0
553 -1.2534 0
472 -1.2601 0
856 -1.2604 0
927 -1.2639 0
1404 -1.2645 0
1586 -1.2668 0
117 -1.2818 0
67 -1.2837 0
1585 -1.2854 0
1266 -1.2895 0
1347 -1.2904 0
617 -1.2920 0
1538 -1.2921 0
247 -1.2933 0
558 -1.2935 0
367 -1.3013 0
721 -1.3015 0
1864 -1.3024 0
168 -1.3030 0
947 -1.3044 0
419 -1.3055 0
1960 -1.3209 0
875 -1.3240 0
515 -1.3241 0
1219 -1.3316 0
1918 -1.3348 0
239 -1.3432 0
796 -1.3449 0
586 -1.3482 0
1785 -1.3489 0
1339 -1.3489 0
922 -1.3541 0
1926 -1.3547 0
1240 -1.3592 0
1430 -1.3612 0
421 -1.3646 0
76 -1.3651 0
1384 -1.3656 0
942 -1.3667 0
310 -1.3688 0
1238 -1.3718 0
1395 -1.3774 0
272 -1.3835 0
380 -1.3948 0
1838 -1.3954 0
787 -1.3975 0
25 -1.3999 0
304 -1.4014 0
343 -1.4137 0
909 -1.4181 0
582 -1.4188 0
1057 -1.4207 0
68 -1.4294 0
431 -1.4313 0
570 -1.4316 0
1253 -1.4352 0
809 -1.4369 0
759 -1.4372 0
1139 -1.4378 0
724 -1.4435 0
1123 -1.4439 0
1380 -1.4451 0
510 -1.4504 0
504 -1.4527 0
878 -1.4604 0
1691 -1.4661 0
525 -1.4700 0
709 -1.4742 0
1779 -1.4748 0
560 -1.4766 0
1344 -1.4871 0
527 -1.4931 0
334 -1.4933 0
756 -1.4968 0
1378 -1.5014 0
752 -1.5048 0
1194 -1.5084 0
559 -1.5177 0
430 -1.5181 0
288 -1.5204 0
467 -1.5240 0
1816 -1.5311 0
100 -1.5387 0
1995 -1.5391 0
572 -1.5395 0
1575 -1.5398 0
244 -1.5413 0
786 -1.5526 0
362 -1.5570 0
1328 -1.5570 0
1988 -1.5620 0
1375 -1.5712 0
376 -1.5736 0
1899 -1.5809 0
252 -1.5825 0
245 -1.5825 0
365 -1.5832 0
872 -1.5857 0
407 -1.5863 0
490 -1.5865 0
342 -1.5979 0
296 -1.6001 0
99 -1.6081 0
1234 -1.6102 0
358 -1.6161 0
1162 -1.6198 0
692 -1.6250 0
55 -1.6253 0
1433 -1.6264 0
366 -1.6272 0
1956 -1.6322 0
42 -1.6342 0
414 -1.6423 0
1343 -1.6454 0
791 -1.6581 0
1797 -1.6621 0
1985 -1.6732 0
1761 -1.6746 0
1940 -1.6775 0
1787 -1.6780 0
902 -1.6791 0
338 -1.6793 0
234 -1.6815 0
1784 -1.6869 0
153 -1.6886 0
388 -1.6910 0
1950 -1.6976 0
32 -1.7002 0
1821 -1.7032 0
20 -1.7035 0
1329 -1.7061 0
268 -1.7078 0
1826 -1.7083 0
1274 -1.7108 0
1936 -1.7210 0
1866 -1.7225 0
34 -1.7271 0
937 -1.7273 0
1022 -1.7364 0
209 -1.7388 0
1137 -1.7425 0
628 -1.7454 0
1327 -1.7492 0
1873 -1.7503 0
592 -1.7513 0
863 -1.7539 0
1304 -1.7554 0
499 -1.7585 0
298 -1.7659 0
103 -1.7686 0
1768 -1.7711 0
462 -1.7717 0
124 -1.7797 0
316 -1.7833 0
372 -1.7839 0
237 -1.7889 0
1003 -1.7945 0
1320 -1.7959 0
1171 -1.7984 0
1908 -1.7999 0
1808 -1.8013 0
179 -1.8013 0
242 -1.8028 0
1668 -1.8029 0
1987 -1.8036 0
1215 -1.8043 0
746 -1.8090 0
259 -1.8119 0
1152 -1.8138 0
1117 -1.8141 0
180 -1.8316 0
1365 -1.8331 0
788 -1.8349 0
1881 -1.8403 0
1189 -1.8409 0
39 -1.8428 0
1966 -1.8431 0
1218 -1.8465 0
740 -1.8466 0
355 -1.8476 0
1249 -1.8593 0
793 -1.8608 0
1305 -1.8628 0
1307 -1.8638 0
1685 -1.8648 0
754 -1.8768 0
391 -1.8857 0
413 -1.8866 0
769 -1.8878 0
1413 -1.8893 0
945 -1.8907 0
920 -1.8928 0
112 -1.8996 0
1401 -1.8999 0
308 -1.9030 0
1516 -1.9040 0
1393 -1.9095 0
231 -1.9147 0
823 -1.9212 0
1104 -1.9231 0
339 -1.9246 0
865 -1.9291 0
1075 -1.9301 0
302 -1.9337 0
1445 -1.9364 0
1914 -1.9417 0
1770 -1.9422 0
243 -1.9451 0
502 -1.9454 0
1306 -1.9461 0
760 -1.9501 0
314 -1.9516 0
835 -1.9522 0
1913 -1.9567 0
139 -1.9648 0
1156 -1.9681 0
1791 -1.9682 0
1040 -1.9728 0
1079 -1.9767 0
505 -1.9863 0
15 -1.9879 0
595 -1.9970 0
1928 -2.0127 0
1923 -2.0139 0
853 -2.0262 0
1000 -2.0275 0
1017 -2.0361 0
1880 -2.0367 0
293 -2.0455 0
1665 -2.0521 0
574 -2.0544 0
600 -2.0549 0
1767 -2.0565 0
873 -2.0569 0
1015 -2.0589 0
257 -2.0597 0
1036 -2.0608 0
1968 -2.0671 0
914 -2.0690 0
1239 -2.0773 0
1771 -2.0806 0
584 -2.0815 0
159 -2.0858 0
341 -2.0924 0
38 -2.0955 0
72 -2.0959 0
7 -2.0976 0
1148 -2.1126 0
631 -2.1181 0
538 -2.1186 0
1157 -2.1257 0
1402 -2.1273 0
1093 -2.1296 0
300 -2.1297 0
324 -2.1346 0
757 -2.1396 0
785 -2.1409 0
172 -2.1417 0
1038 -2.1485 0
1180 -2.1501 0
1886 -2.1543 0
1173 -2.1553 0
1331 -2.1568 0
143 -2.1573 0
1544 -2.1584 0
1414 -2.1648 0
222 -2.1702 0
18 -2.1737 0
256 -2.1739 0
225 -2.1746 0
317 -2.1905 0
832 -2.1941 0
532 -2.1941 0
748 -2.1999 0
869 -2.2000 0
385 -2.2068 0
1237 -2.2079 0
1039 -2.2086 0
9 -2.2162 0
849 -2.2207 0
683 -2.2247 0
1442 -2.2295 0
896 -2.2311 0
148 -2.2381 0
686 -2.2427 0
1192 -2.2476 0
646 -2.2487 0
862 -2.2551 0
653 -2.2599 0
1804 -2.2608 0
1764 -2.2614 0
284 -2.2623 0
1081 -2.2636 0
1903 -2.2687 0
674 -2.2766 0
583 -2.2814 0
1554 -2.2851 0
1756 -2.2855 0
273 -2.2877 0
1974 -2.2891 0
283 -2.2891 0
1938 -2.2898 0
881 -2.2918 0
1947 -2.2926 0
616 -2.2981 0
979 -2.3005 0
718 -2.3048 0
539 -2.3066 0
182 -2.3071 0
593 -2.3111 0
4 -2.3184 0
530 -2.3191 0
797 -2.3211 0
1994 -2.3215 0
429 -2.3234 0
1312 -2.3237 0
1337 -2.3246 0
514 -2.3275 0
113 -2.3317 0
608 -2.3342 0
333 -2.3343 0
196 -2.3352 0
581 -2.3381 0
1128 -2.3387 0
494 -2.3395 0
1806 -2.3456 0
501 -2.3497 0
905 -2.3503 0
1140 -2.3504 0
913 -2.3514 0
1061 -2.3567 0
477 -2.3720 0
1145 -2.3751 0
1187 -2.3768 0
479 -2.3801 0
543 -2.3823 0
1028 -2.3857 0
258 -2.3863 0
1751 -2.3870 0
484 -2.3886 0
719 -2.3934 0
229 -2.3936 0
195 -2.3944 0
954 -2.3951 0
1851 -2.3970 0
906 -2.4018 0
1990 -2.4026 0
1049 -2.4062 0
1845 -2.4140 0
189 -2.4204 0
766 -2.4250 0
439 -2.4274 0
230 -2.4466 0
1435 -2.4540 0
420 -2.4557 0
928 -2.4586 0
85 -2.4598 0
821 -2.4619 0
565 -2.4637 0
1209 -2.4652 0
134 -2.4671 0
1970 -2.4674 0
1134 -2.4684 0
1005 -2.4730 0
240 -2.4731 0
946 -2.4752 0
1760 -2.4758 0
1506 -2.4825 0
1243 -2.4854 0
303 -2.4877 0
1048 -2.4895 0
1332 -2.4900 0
1925 -2.4902 0
1314 -2.4908 0
227 -2.4916 0
178 -2.4923 0
332 -2.4949 0
1110 -2.4993 0
1935 -2.5118 0
73 -2.5158 0
393 -2.5214 0
373 -2.5225 0
191 -2.5283 0
1125 -2.5295 0
904 -2.5323 0
5 -2.5335 0
1310 -2.5369 0
63 -2.5398 0
1163 -2.5626 0
1034 -2.5642 0
448 -2.5692 0
524 -2.5736 0
190 -2.5765 0
150 -2.5814 0
1794 -2.5817 0
1920 -2.5834 0
1715 -2.5863 0
1373 -2.5939 0
185 -2.5960 0
1090 -2.5977 0
1842 -2.5997 0
19 -2.6008 0
633 -2.6009 0
251 -2.6040 0
528 -2.6058 0
1050 -2.6060 0
1857 -2.6076 0
65 -2.6131 0
739 -2.6140 0
888 -2.6186 0
1309 -2.6216 0
1165 -2.6248 0
249 -2.6367 0
1151 -2.6406 0
1300 -2.6423 0
441 -2.6424 0
731 -2.6426 0
1871 -2.6432 0
483 -2.6441 0
1216 -2.6442 0
118 -2.6454 0
1997 -2.6461 0
1941 -2.6498 0
669 -2.6552 0
577 -2.6563 0
408 -2.6601 0
695 -2.6608 0
418 -2.6618 0
601 -2.6624 0
318 -2.6633 0
1217 -2.6655 0
550 -2.6749 0
1729 -2.6840 0
1356 -2.6861 0
716 -2.6921 0
1107 -2.6936 0
1114 -2.6963 0
44 -2.7049 0
368 -2.7121 0
1929 -2.7148 0
1316 -2.7209 0
274 -2.7266 0
882 -2.7270 0
1229 -2.7374 0
104 -2.7380 0
923 -2.7392 0
328 -2.7395 0
422 -2.7465 0
1175 -2.7493 0
798 -2.7625 0
908 -2.7659 0
1822 -2.7674 0
406 -2.7678 0
1213 -2.7686 0
1136 -2.7694 0
156 -2.7749 0
891 -2.7756 0
924 -2.7781 0
567 -2.7789 0
1223 -2.7886 0
1242 -2.7892 0
21 -2.7906 0
389 -2.7911 0
519 -2.7927 0
348 -2.7966 0
1776 -2.7971 0
889 -2.8082 0
1759 -2.8084 0
1201 -2.8109 0
1574 -2.8164 0
305 -2.8184 0
359 -2.8193 0
183 -2.8209 0
315 -2.8221 0
253 -2.8222 0
1018 -2.8244 0
1754 -2.8261 0
216 -2.8293 0
1762 -2.8344 0
723 -2.8357 0
1564 -2.8487 0
187 -2.8567 0
1345 -2.8578 0
319 -2.8602 0
667 -2.8607 0
1052 -2.8692 0
1728 -2.8767 0
771 -2.8814 0
211 -2.8898 0
627 -2.8922 0
220 -2.8936 0
1748 -2.8963 0
1027 -2.8989 0
845 -2.8989 0
1004 -2.9010 0
971 -2.9050 0
166 -2.9092 0
1231 -2.9152 0
990 -2.9203 0
426 -2.9242 0
1825 -2.9254 0
682 -2.9254 0
777 -2.9260 0
1178 -2.9262 0
35 -2.9266 0
1248 -2.9268 0
1099 -2.9294 0
573 -2.9341 0
146 -2.9584 0
1118 -2.9591 0
594 -2.9613 0
711 -2.9617 0
199 -2.9698 0
1317 -2.9702 0
401 -2.9763 0
526 -2.9802 0
599 -2.9807 0
16 -2.9881 0
261 -2.9895 0
162 -2.9939 0
737 -2.9967 0
351 -2.9974 0
133 -3.0044 0
164 -3.0082 0
1709 -3.0083 0
46 -3.0182 0
782 -3.0306 0
47 -3.0313 0
1198 -3.0360 0
1921 -3.0434 0
1250 -3.0518 0
1719 -3.0534 0
1909 -3.0575 0
1094 -3.0590 0
1993 -3.0600 0
405 -3.0632 0
834 -3.0648 0
702 -3.0654 0
1983 -3.0657 0
1750 -3.0659 0
1121 -3.0677 0
1814 -3.0697 0
1745 -3.0703 0
1072 -3.0708 0
382 -3.0710 0
522 -3.0733 0
23 -3.0762 0
352 -3.0771 0
83 -3.0808 0
1710 -3.0907 0
648 -3.0914 0
779 -3.0958 0
1969 -3.0969 0
357 -3.0970 0
747 -3.0982 0
811 -3.1024 0
1346 -3.1026 0
1111 -3.1049 0
491 -3.1097 0
1390 -3.1106 0
644 -3.1126 0
206 -3.1151 0
175 -3.1154 0
1031 -3.1215 0
130 -3.1231 0
1790 -3.1352 0
956 -3.1411 0
1166 -3.1413 0
1834 -3.1487 0
1874 -3.1538 0
634 -3.1603 0
802 -3.1609 0
400 -3.1703 0
861 -3.1717 0
145 -3.1719 0
1241 -3.1762 0
1867 -3.1800 0
1035 -3.1840 0
171 -3.1886 0
511 -3.1987 0
1068 -3.2019 0
482 -3.2066 0
847 -3.2084 0
1200 -3.2085 0
96 -3.2106 0
399 -3.2119 0
375 -3.2127 0
114 -3.2156 0
56 -3.2191 0
635 -3.2197 0
386 -3.2200 0
210 -3.2223 0
1571 -3.2229 0
714 -3.2232 0
880 -3.2294 0
493 -3.2333 0
710 -3.2351 0
364 -3.2439 0
442 -3.2441 0
403 -3.2453 0
217 -3.2476 0
758 -3.2481 0
612 -3.2529 0
544 -3.2541 0
1115 -3.2557 0
1868 -3.2651 0
925 -3.2758 0
918 -3.2758 0
753 -3.2785 0
1073 -3.2853 0
219 -3.2872 0
1085 -3.2968 0
79 -3.3029 0
1598 -3.3032 0
885 -3.3114 0
1707 -3.3172 0
533 -3.3224 0
895 -3.3228 0
1895 -3.3235 0
1958 -3.3266 0
1844 -3.3352 0
500 -3.3356 0
169 -3.3440 0
1131 -3.3505 0
350 -3.3528 0
161 -3.3560 0
1225 -3.3606 0
125 -3.3672 0
1890 -3.3690 0
149 -3.3710 0
708 -3.3755 0
174 -3.3786 0
221 -3.3856 0
1026 -3.3861 0
781 -3.3883 0
157 -3.3889 0
1053 -3.3961 0
1106 -3.3967 0
181 -3.3990 0
774 -3.4043 0
84 -3.4100 0
1884 -3.4144 0
36 -3.4171 0
48 -3.4171 0
1160 -3.4221 0
1108 -3.4256 0
322 -3.4267 0
1318 -3.4292 0
1788 -3.4314 0
605 -3.4347 0
795 -3.4378 0
868 -3.4386 0
1888 -3.4390 0
321 -3.4411 0
725 -3.4456 0
395 -3.4493 0
643 -3.4517 0
1158 -3.4528 0
1322 -3.4543 0
392 -3.4611 0
701 -3.4663 0
776 -3.4715 0
435 -3.4731 0
203 -3.4759 0
138 -3.4772 0
1059 -3.4894 0
1023 -3.4948 0
213 -3.4959 0
14 -3.4986 0
622 -3.5114 0
910 -3.5125 0
1807 -3.5230 0
1939 -3.5257 0
1087 -3.5294 0
264 -3.5329 0
1042 -3.5340 0
984 -3.5384 0
86 -3.5414 0
1089 -3.5525 0
425 -3.5568 0
607 -3.5593 0
142 -3.5620 0
1932 -3.5716 0
1176 -3.5728 0
1164 -3.5744 0
446 -3.5769 0
1786 -3.5796 0
144 -3.5825 0
1228 -3.5849 0
1841 -3.5883 0
1984 -3.5893 0
715 -3.6004 0
129 -3.6023 0
503 -3.6041 0
1879 -3.6041 0
1722 -3.6048 0
943 -3.6076 0
1154 -3.6231 0
537 -3.6299 0
1168 -3.6330 0
93 -3.6393 0
697 -3.6430 0
831 -3.6510 0
1082 -3.6513 0
1184 -3.6589 0
602 -3.6613 0
1062 -3.6630 0
1856 -3.6664 0
360 -3.6681 0
603 -3.6728 0
554 -3.6755 0
1809 -3.6767 0
90 -3.6860 0
50 -3.6863 0
1333 -3.6892 0
826 -3.6902 0
1775 -3.6918 0
750 -3.6923 0
415 -3.6987 0
763 -3.7005 0
282 -3.7042 0
135 -3.7074 0
202 -3.7103 0
1065 -3.7150 0
126 -3.7163 0
116 -3.7300 0
128 -3.7343 0
158 -3.7344 0
1820 -3.7360 0
727 -3.7370 0
1210 -3.7400 0
412 -3.7407 0
1095 -3.7419 0
1226 -3.7423 0
95 -3.7444 0
1773 -3.7472 0
1883 -3.7671 0
336 -3.7699 0
1058 -3.7726 0
645 -3.7743 0
735 -3.7752 0
354 -3.7780 0
1037 -3.7809 0
1224 -3.7811 0
198 -3.7850 0
1829 -3.7979 0
744 -3.8116 0
1311 -3.8154 0
1051 -3.8160 0
1044 -3.8221 0
1132 -3.8286 0
176 -3.8303 0
1865 -3.8307 0
1870 -3.8503 0
730 -3.8572 0
936 -3.8591 0
109 -3.8604 0
713 -3.8639 0
1703 -3.8671 0
743 -3.8749 0
13 -3.8832 0
1815 -3.8883 0
1211 -3.8897 0
1811 -3.8913 0
1324 -3.8918 0
361 -3.9008 0
423 -3.9029 0
1878 -3.9305 0
734 -3.9326 0
810 -3.9339 0
192 -3.9352 0
703 -3.9401 0
944 -3.9444 0
43 -3.9488 0
1188 -3.9497 0
1169 -3.9538 0
799 -3.9571 0
1247 -3.9571 0
396 -3.9632 0
892 -3.9658 0
17 -3.9815 0
52 -3.9862 0
155 -3.9894 0
97 -4.0012 0
390 -4.0027 0
587 -4.0062 0
80 -4.0062 0
1204 -4.0078 0
844 -4.0123 0
75 -4.0146 0
1130 -4.0148 0
1422 -4.0190 0
704 -4.0258 0
1854 -4.0269 0
1129 -4.0289 0
640 -4.0383 0
1406 -4.0436 0
620 -4.0632 0
729 -4.0633 0
1717 -4.0797 0
1097 -4.0872 0
377 -4.0883 0
839 -4.0907 0
57 -4.0926 0
1076 -4.0961 0
1086 -4.0995 0
1183 -4.1096 0
1721 -4.1185 0
1877 -4.1185 0
1700 -4.1213 0
70 -4.1292 0
232 -4.1297 0
1233 -4.1306 0
60 -4.1340 0
1426 -4.1343 0
194 -4.1377 0
123 -4.1423 0
71 -4.1575 0
700 -4.1611 0
611 -4.1666 0
1824 -4.1705 0
45 -4.1722 0
749 -4.1731 0
98 -4.1742 0
1330 -4.1784 0
1789 -4.2003 0
1714 -4.2015 0
1813 -4.2023 0
1067 -4.2038 0
87 -4.2097 0
94 -4.2099 0
770 -4.2115 0
1716 -4.2117 0
698 -4.2135 0
566 -4.2155 0
121 -4.2190 0
1126 -4.2208 0
269 -4.2236 0
173 -4.2262 0
1976 -4.2279 0
1848 -4.2317 0
801 -4.2419 0
784 -4.2452 0
1102 -4.2568 0
1780 -4.2571 0
745 -4.2572 0
736 -4.2580 0
1235 -4.2659 0
88 -4.2751 0
816 -4.2777 0
1408 -4.2792 0
444 -4.2806 0
1840 -4.2887 0
147 -4.2914 0
1205 -4.3074 0
404 -4.3107 0
1850 -4.3123 0
265 -4.3124 0
765 -4.3169 0
1080 -4.3312 0
1203 -4.3343 0
363 -4.3419 0
1810 -4.3434 0
1070 -4.3497 0
409 -4.3542 0
1116 -4.3714 0
879 -4.3785 0
591 -4.3787 0
549 -4.3813 0
877 -4.3863 0
857 -4.3873 0
1957 -4.4052 0
1749 -4.4152 0
1539 -4.4219 0
218 -4.4410 0
26 -4.4471 0
1342 -4.4593 0
1701 -4.4675 0
915 -4.4741 0
1098 -4.4801 0
416 -4.4882 0
22 -4.4901 0
1063 -4.5031 0
546 -4.5095 0
926 -4.5114 0
58 -4.5156 0
800 -4.5225 0
1315 -4.5238 0
108 -4.5425 0
447 -4.5441 0
1996 -4.5479 0
89 -4.5556 0
822 -4.5803 0
571 -4.5898 0
552 -4.5987 0
267 -4.6037 0
921 -4.6041 0
1755 -4.6209 0
1849 -4.6240 0
445 -4.6270 0
1800 -4.6335 0
1196 -4.6410 0
808 -4.6509 0
1212 -4.6549 0
568 -4.6572 0
1741 -4.6677 0
579 -4.6715 0
1843 -4.6737 0
1060 -4.6746 0
733 -4.6769 0
939 -4.6776 0
613 -4.6792 0
1101 -4.6825 0
313 -4.6848 0
1861 -4.6868 0
417 -4.6881 0
1847 -4.6903 0
840 -4.6932 0
1818 -4.6944 0
1103 -4.6963 0
1835 -4.6983 0
119 -4.7003 0
870 -4.7081 0
531 -4.7123 0
1091 -4.7136 0
1066 -4.7141 0
805 -4.7144 0
238 -4.7225 0
1743 -4.7228 0
789 -4.7270 0
1704 -4.7282 0
1982 -4.7314 0
841 -4.7329 0
1112 -4.7329 0
1713 -4.7444 0
619 -4.7462 0
1001 -4.7495 0
1092 -4.7534 0
1817 -4.7635 0
82 -4.7656 0
1792 -4.7720 0
641 -4.7752 0
1202 -4.7773 0
1946 -4.7792 0
767 -4.7939 0
1805 -4.7969 0
1069 -4.7989 0
1720 -4.7989 0
1206 -4.8016 0
1096 -4.8030 0
859 -4.8161 0
1917 -4.8236 0
1945 -4.8246 0
1071 -4.8259 0
597 -4.8324 0
563 -4.8339 0
81 -4.8441 0
551 -4.8442 0
487 -4.8522 0
1802 -4.8550 0
642 -4.8587 0
1705 -4.8633 0
77 -4.8650 0
290 -4.8651 0
74 -4.8742 0
738 -4.8899 0
1798 -4.8903 0
1937 -4.8909 0
828 -4.8955 0
51 -4.8983 0
1105 -4.9002 0
1221 -4.9030 0
41 -4.9167 0
1021 -4.9176 0
1726 -4.9206 0
1889 -4.9441 0
606 -4.9455 0
331 -4.9501 0
411 -4.9588 0
353 -4.9593 0
742 -4.9606 0
337 -4.9656 0
706 -4.9782 0
803 -4.9797 0
1744 -4.9844 0
424 -4.9884 0
1078 -4.9894 0
383 -4.9902 0
1757 -4.9929 0
764 -5.0050 0
205 -5.0074 0
294 -5.0083 0
292 -5.0238 0
933 -5.0346 0
160 -5.0408 0
516 -5.0441 0
806 -5.0559 0
1897 -5.0622 0
1088 -5.0642 0
1837 -5.0692 0
1077 -5.0720 0
1232 -5.0737 0
1803 -5.0810 0
1074 -5.0829 0
632 -5.0877 0
115 -5.0884 0
170 -5.0891 0
726 -5.0918 0
1084 -5.1047 0
824 -5.1208 0
556 -5.1216 0
1735 -5.1427 0
1819 -5.1501 0
329 -5.1537 0
741 -5.1542 0
916 -5.1673 0
49 -5.1676 0
707 -5.1779 0
325 -5.2016 0
197 -5.2059 0
1708 -5.2115 0
661 -5.2447 0
27 -5.2449 0
900 -5.2536 0
517 -5.2571 0
1702 -5.2733 0
1734 -5.2745 0
177 -5.2788 0
91 -5.2801 0
1801 -5.2848 0
917 -5.2917 0
827 -5.2920 0
1220 -5.3164 0
636 -5.3193 0
1746 -5.3242 0
825 -5.3252 0
1055 -5.3279 0
369 -5.3344 0
37 -5.3418 0
1706 -5.3432 0
1737 -5.3449 0
1752 -5.3451 0
1236 -5.3630 0
1739 -5.3699 0
1167 -5.3794 0
436 -5.3802 0
1385 -5.3932 0
1742 -5.4264 0
1054 -5.4289 0
278 -5.4424 0
1852 -5.4511 0
705 -5.4602 0
28 -5.4630 0
588 -5.4644 0
59 -5.4847 0
623 -5.4921 0
78 -5.4969 0
11 -5.4986 0
621 -5.5094 0
1718 -5.5103 0
122 -5.5168 0
64 -5.5283 0
794 -5.5587 0
61 -5.5609 0
848 -5.5660 0
815 -5.5705 0
1246 -5.5878 0
428 -5.5888 0
722 -5.5946 0
728 -5.5986 0
1730 -5.6052 0
10 -5.6291 0
1230 -5.6365 0
838 -5.6484 0
903 -5.6533 0
356 -5.6600 0
223 -5.6622 0
1740 -5.6840 0
120 -5.6889 0
637 -5.7374 0
1733 -5.7551 0
1172 -5.7996 0
1724 -5.8016 0
1831 -5.8029 0
712 -5.8034 0
1336 -5.8085 0
1507 -5.8179 0
901 -5.8365 0
1214 -5.8375 0
564 -5.8519 0
596 -5.8708 0
830 -5.8722 0
1335 -5.8850 0
1823 -5.9111 0
1738 -5.9683 0
837 -5.9927 0
820 -6.0504 0
817 -6.0748 0
814 -6.0912 0
911 -6.1507 0
1732 -6.1850 0
934 -6.2138 0
1832 -6.2192 0
772 -6.2223 0
54 -6.2644 0
1778 -6.2882 0
1830 -6.2943 0
836 -6.3130 0
813 -6.3164 0
1712 -6.3393 0
443 -6.3792 0
1326 -6.4319 0
1731 -6.4339 0
92 -6.4448 0
1930 -6.4982 0
1887 -6.5643 0
433 -6.5924 0
732 -6.6081 0
681 -6.6465 0
1736 -6.6638 0
1227 -6.6871 0
1812 -6.7096 0
246 -6.7450 0
1301 -6.7571 0
614 -6.8558 0
818 -6.8559 0
1711 -6.8612 0
590 -6.9495 0
812 -6.9605 0
919 -6.9859 0
1033 -7.0893 0
1725 -7.1170 0
1747 -7.1170 0
69 -7.2904 0
585 -7.4154 0
163 -7.4222 0
819 -7.5182 0
807 -7.6190 0
569 -7.6767 0
394 -7.7407 0
1839 -7.7629 0
833 -7.9917 0
843 -8.1086 0
137 -8.2633 0
829 -8.5144 0
1828 -8.5671 0
804 -8.8242 0
1727 -8.8450 0
1833 -8.9493 0
1723 -9.4667 0
