1673 31.6631 1
1692 20.4520 1
1652 20.0336 1
1676 19.6186 1
1687 19.5418 1
1694 19.4254 1
1664 19.2849 1
1658 19.1906 1
1669 19.0146 1
1650 18.9001 1
1653 18.8851 1
1695 18.4831 1
1657 17.4758 1
1677 17.3899 1
1688 17.0874 1
1659 16.8737 1
1665 16.6641 1
1663 16.3401 1
1689 16.1109 1
1667 15.7273 1
1660 15.6148 1
1683 15.5721 1
1690 15.3987 1
1655 15.1624 1
1691 13.8965 1
1662 13.5026 1
1656 13.4690 1
1672 13.3415 1
1698 13.1900 1
1661 13.1275 1
1674 13.0812 1
1680 12.9857 1
1684 12.6264 1
1675 12.6086 1
1678 12.3886 1
1686 12.3449 1
1651 12.3051 1
1696 12.0186 1
1679 11.6697 1
1693 11.5045 1
1666 11.4224 1
1671 11.1906 1
1668 10.8289 1
1685 10.5683 1
1600 10.5440 0
650 9.9822 0
1654 8.8851 1
1682 8.7484 1
867 8.7474 0
676 8.6142 0
457 8.4614 0
337 8.4376 0
868 8.4027 0
1047 8.0511 0
1697 7.9692 1
685 7.9673 0
1360 7.2331 0
997 7.2004 0
343 7.0097 0
1681 6.9440 1
1355 6.8244 0
665 6.7546 0
398 6.7450 0
1039 6.6802 0
999 6.6016 0
978 6.5104 0
1359 6.4817 0
1362 6.3024 0
797 6.2355 0
1670 6.2313 1
1632 6.2276 0
1377 6.2173 0
469 6.1864 0
1699 6.1795 1
981 6.1531 0
960 6.1520 0
1399 6.1346 0
877 5.9790 0
1297 5.9115 0
964 5.8678 0
998 5.8390 0
955 5.7354 0
958 5.6191 0
437 5.5750 0
1127 5.5098 0
967 5.4905 0
1386 5.4672 0
1456 5.4639 0
340 5.4220 0
1497 5.3462 0
1118 5.3229 0
973 5.3036 0
890 5.2958 0
1350 5.2516 0
1295 5.2455 0
1374 5.2048 0
1372 5.1952 0
1584 5.1436 0
1567 5.1408 0
1635 5.1119 0
1459 5.0978 0
1381 5.0503 0
970 4.9915 0
1061 4.9527 0
1454 4.9323 0
1060 4.9315 0
1030 4.9015 0
463 4.8493 0
1016 4.8279 0
354 4.8266 0
531 4.8049 0
1633 4.6603 0
1375 4.5660 0
1597 4.5580 0
1391 4.5504 0
697 4.5429 0
547 4.5324 0
546 4.5309 0
952 4.5261 0
1194 4.5105 0
1941 4.4882 0
1483 4.4706 0
1121 4.4568 0
1467 4.4360 0
382 4.4197 0
959 4.3780 0
1499 4.3588 0
1398 4.3101 0
1273 4.3087 0
1286 4.3031 0
521 4.2772 0
992 4.2577 0
884 4.2472 0
373 4.1989 0
342 4.1772 0
1379 4.1545 0
1470 4.1486 0
1338 4.1332 0
790 4.1129 0
1371 4.1088 0
1337 4.0765 0
674 4.0371 0
1364 4.0033 0
1285 3.9925 0
1460 3.9740 0
983 3.9681 0
1281 3.9578 0
323 3.9221 0
689 3.9182 0
326 3.8680 0
1316 3.8546 0
951 3.8535 0
518 3.8506 0
168 3.8250 0
1357 3.7796 0
994 3.7270 0
993 3.6774 0
465 3.6692 0
1278 3.6511 0
975 3.5896 0
1485 3.5854 0
1161 3.5778 0
944 3.5561 0
989 3.5294 0
1484 3.5280 0
1370 3.5031 0
301 3.4981 0
911 3.4823 0
1272 3.4569 0
1457 3.4378 0
971 3.4000 0
1367 3.3741 0
1017 3.3645 0
1482 3.3609 0
1613 3.3600 0
449 3.3543 0
1586 3.3500 0
1389 3.3339 0
794 3.3083 0
969 3.3033 0
1452 3.3014 0
1363 3.2791 0
976 3.2696 0
510 3.2696 0
1354 3.2386 0
1382 3.2134 0
419 3.2057 0
925 3.2034 0
500 3.1999 0
1086 3.1857 0
627 3.1730 0
1592 3.1622 0
1269 3.1485 0
332 3.1400 0
1476 3.1217 0
693 3.1190 0
1524 3.1030 0
1861 3.0721 0
1024 3.0502 0
940 3.0469 0
1551 3.0443 0
348 3.0401 0
133 3.0269 0
879 3.0138 0
1097 3.0047 0
659 3.0007 0
1537 3.0005 0
767 2.9983 0
1171 2.9926 0
863 2.9816 0
1479 2.9686 0
1557 2.9486 0
914 2.9439 0
1279 2.9396 0
694 2.9219 0
1935 2.9206 0
1369 2.9121 0
977 2.8941 0
1373 2.8935 0
1471 2.8780 0
522 2.8765 0
966 2.8579 0
1489 2.8576 0
1427 2.8570 0
1141 2.8430 0
372 2.8101 0
1259 2.8075 0
1599 2.8046 0
950 2.7823 0
888 2.7800 0
1289 2.7601 0
1080 2.7399 0
1385 2.7369 0
1068 2.7307 0
1559 2.7286 0
1252 2.7228 0
1032 2.7119 0
968 2.7034 0
1929 2.7018 0
787 2.7017 0
854 2.6915 0
1013 2.6802 0
1095 2.6771 0
1251 2.6706 0
1468 2.6634 0
539 2.6215 0
751 2.6180 0
1614 2.6160 0
1923 2.6140 0
652 2.6009 0
1928 2.6004 0
1481 2.5730 0
1594 2.5680 0
329 2.5652 0
1395 2.5615 0
1407 2.5279 0
1120 2.5186 0
1607 2.5183 0
1340 2.5118 0
370 2.4908 0
1005 2.4812 0
874 2.4549 0
953 2.4428 0
312 2.4377 0
663 2.4359 0
1283 2.4344 0
204 2.4340 0
1125 2.4051 0
777 2.3972 0
1774 2.3939 0
957 2.3802 0
327 2.3615 0
617 2.3580 0
1478 2.3308 0
1008 2.3284 0
982 2.3219 0
1096 2.2985 0
1253 2.2949 0
965 2.2631 0
887 2.2603 0
782 2.2456 0
1009 2.2391 0
1050 2.2356 0
1845 2.2325 0
1512 2.2238 0
44 2.2016 0
1907 2.1979 0
1458 2.1947 0
792 2.1818 0
988 2.1798 0
367 2.1762 0
798 2.1641 0
93 2.1544 0
376 2.1366 0
1128 2.1299 0
1298 2.1254 0
1261 2.1202 0
618 2.1166 0
159 2.0921 0
779 2.0532 0
1939 2.0525 0
675 2.0520 0
1465 2.0418 0
604 2.0376 0
1351 2.0334 0
1258 2.0243 0
371 2.0236 0
1366 2.0213 0
439 2.0113 0
1647 2.0044 0
850 2.0013 0
1508 1.9933 0
1466 1.9888 0
1608 1.9883 0
1577 1.9757 0
1554 1.9681 0
773 1.9638 0
1035 1.9491 0
668 1.9407 0
1575 1.9247 0
514 1.9203 0
1947 1.9174 0
352 1.9169 0
344 1.9169 0
737 1.9161 0
720 1.9089 0
1187 1.8849 0
481 1.8829 0
979 1.8746 0
534 1.8629 0
380 1.8409 0
1378 1.8409 0
1149 1.8344 0
1137 1.8327 0
793 1.8269 0
1019 1.8263 0
1937 1.8194 0
1271 1.8146 0
499 1.8099 0
413 1.8054 0
995 1.7983 0
815 1.7909 0
1469 1.7561 0
1326 1.7523 0
532 1.7465 0
451 1.7361 0
366 1.7326 0
1084 1.7314 0
895 1.7307 0
878 1.7032 0
324 1.6912 0
146 1.6874 0
305 1.6674 0
58 1.6619 0
1596 1.6524 0
886 1.6509 0
322 1.6478 0
1555 1.6461 0
355 1.6446 0
1630 1.6404 0
378 1.6380 0
40 1.6357 0
1075 1.6341 0
1276 1.6305 0
657 1.6298 0
1571 1.6255 0
761 1.6217 0
427 1.6131 0
980 1.6127 0
486 1.6079 0
1500 1.6049 0
972 1.5982 0
1640 1.5964 0
855 1.5874 0
1528 1.5811 0
892 1.5791 0
399 1.5581 0
509 1.5578 0
1475 1.5545 0
996 1.5389 0
616 1.5349 0
1015 1.5348 0
1576 1.5342 0
660 1.5330 0
217 1.5316 0
1324 1.5306 0
308 1.5248 0
428 1.5178 0
721 1.5166 0
1588 1.5119 0
1875 1.5067 0
1376 1.5002 0
1578 1.4848 0
306 1.4792 0
654 1.4730 0
1936 1.4714 0
1356 1.4655 0
1563 1.4516 0
1248 1.4372 0
400 1.4066 0
351 1.4054 0
986 1.4029 0
1865 1.3937 0
513 1.3900 0
1646 1.3861 0
748 1.3820 0
434 1.3808 0
1255 1.3806 0
207 1.3799 0
362 1.3787 0
1292 1.3759 0
1049 1.3758 0
1604 1.3757 0
1859 1.3702 0
1124 1.3575 0
883 1.3561 0
1495 1.3473 0
758 1.3435 0
1552 1.3417 0
991 1.3407 0
1119 1.3385 0
1250 1.3225 0
775 1.3207 0
1486 1.3177 0
1195 1.3152 0
963 1.3121 0
662 1.3120 0
345 1.3022 0
100 1.3016 0
813 1.2969 0
1869 1.2934 0
896 1.2923 0
655 1.2923 0
746 1.2912 0
402 1.2884 0
690 1.2794 0
456 1.2766 0
1180 1.2757 0
759 1.2756 0
1260 1.2736 0
241 1.2662 0
875 1.2647 0
228 1.2641 0
487 1.2636 0
1288 1.2561 0
236 1.2548 0
1076 1.2514 0
1352 1.2452 0
795 1.2426 0
1590 1.2411 0
358 1.2366 0
452 1.2363 0
1827 1.2282 0
1257 1.2208 0
765 1.2197 0
365 1.2069 0
912 1.2007 0
1000 1.1983 0
359 1.1848 0
1949 1.1748 0
1409 1.1733 0
723 1.1724 0
1280 1.1660 0
389 1.1616 0
1934 1.1430 0
1595 1.1426 0
770 1.1407 0
1505 1.1389 0
908 1.1306 0
725 1.1304 0
1293 1.1061 0
1167 1.1041 0
1277 1.1004 0
316 1.0952 0
866 1.0900 0
903 1.0853 0
1100 1.0840 0
961 1.0660 0
731 1.0636 0
853 1.0540 0
524 1.0506 0
1836 1.0475 0
1561 1.0375 0
1339 1.0305 0
391 1.0235 0
826 1.0219 0
1826 1.0166 0
1909 1.0069 0
851 1.0016 0
425 0.9930 0
858 0.9895 0
1264 0.9842 0
545 0.9813 0
223 0.9768 0
213 0.9747 0
1 0.9719 0
870 0.9717 0
745 0.9688 0
1455 0.9676 0
475 0.9669 0
1620 0.9660 0
368 0.9547 0
1598 0.9520 0
1569 0.9503 0
549 0.9443 0
990 0.9410 0
1085 0.9405 0
1067 0.9351 0
938 0.9291 0
741 0.9286 0
1783 0.9222 0
384 0.9179 0
1224 0.9137 0
1315 0.9052 0
350 0.9021 0
1229 0.8977 0
388 0.8882 0
1156 0.8737 0
1134 0.8726 0
1011 0.8724 0
426 0.8652 0
1083 0.8636 0
1072 0.8536 0
1553 0.8418 0
79 0.8385 0
678 0.8367 0
1535 0.8252 0
1463 0.8199 0
672 0.8166 0
1943 0.8051 0
1334 0.8001 0
1603 0.7990 0
1519 0.7938 0
144 0.7888 0
224 0.7885 0
904 0.7840 0
507 0.7796 0
832 0.7792 0
526 0.7788 0
543 0.7712 0
1140 0.7669 0
1287 0.7590 0
1221 0.7553 0
333 0.7549 0
1265 0.7507 0
1346 0.7446 0
945 0.7355 0
472 0.7333 0
1634 0.7299 0
929 0.7138 0
1343 0.7111 0
1143 0.7084 0
1490 0.7074 0
1393 0.7072 0
1064 0.7029 0
1637 0.7023 0
1079 0.6974 0
1513 0.6951 0
520 0.6907 0
754 0.6836 0
1275 0.6783 0
440 0.6780 0
1538 0.6765 0
235 0.6731 0
917 0.6678 0
139 0.6670 0
857 0.6644 0
1585 0.6565 0
768 0.6537 0
822 0.6536 0
1765 0.6432 0
1088 0.6383 0
1574 0.6382 0
1241 0.6365 0
339 0.6346 0
1593 0.6335 0
847 0.6310 0
392 0.6253 0
1394 0.6230 0
214 0.6208 0
309 0.6191 0
1900 0.6181 0
1042 0.6179 0
1601 0.6135 0
1014 0.6109 0
707 0.5983 0
760 0.5953 0
846 0.5951 0
1274 0.5937 0
695 0.5927 0
467 0.5917 0
871 0.5895 0
68 0.5842 0
1761 0.5783 0
496 0.5777 0
1025 0.5749 0
889 0.5687 0
206 0.5634 0
320 0.5631 0
1147 0.5627 0
1916 0.5623 0
1383 0.5551 0
628 0.5514 0
1562 0.5447 0
325 0.5391 0
757 0.5344 0
1914 0.5312 0
1615 0.5304 0
1591 0.5289 0
519 0.5285 0
1439 0.5282 0
873 0.5260 0
1925 0.5252 0
1532 0.5133 0
537 0.5095 0
1624 0.5076 0
1560 0.5051 0
1451 0.5039 0
208 0.5017 0
907 0.4996 0
1193 0.4921 0
1254 0.4881 0
1219 0.4880 0
806 0.4830 0
740 0.4795 0
1384 0.4793 0
834 0.4737 0
1530 0.4699 0
962 0.4657 0
1636 0.4613 0
1619 0.4541 0
1104 0.4498 0
1536 0.4458 0
923 0.4397 0
1803 0.4385 0
1821 0.4369 0
700 0.4356 0
852 0.4341 0
1296 0.4330 0
1003 0.4275 0
393 0.4263 0
247 0.4255 0
1491 0.4234 0
1558 0.4230 0
1177 0.4222 0
936 0.4212 0
1244 0.4160 0
1223 0.4095 0
272 0.4049 0
412 0.4016 0
527 0.4010 0
1349 0.3969 0
949 0.3964 0
827 0.3962 0
1122 0.3958 0
335 0.3930 0
116 0.3897 0
985 0.3841 0
1191 0.3805 0
179 0.3766 0
548 0.3673 0
1058 0.3669 0
1541 0.3662 0
1882 0.3628 0
1606 0.3604 0
1450 0.3561 0
935 0.3539 0
1145 0.3499 0
1028 0.3493 0
410 0.3369 0
649 0.3363 0
153 0.3319 0
1268 0.3277 0
1864 0.3036 0
1090 0.3013 0
1387 0.3001 0
984 0.2988 0
1719 0.2925 0
1796 0.2885 0
882 0.2806 0
1040 0.2766 0
1645 0.2740 0
1348 0.2725 0
658 0.2707 0
381 0.2641 0
666 0.2579 0
786 0.2472 0
1641 0.2430 0
225 0.2427 0
1498 0.2325 0
1123 0.2321 0
1361 0.2299 0
411 0.2281 0
799 0.2220 0
1918 0.2198 0
1522 0.2151 0
781 0.2132 0
1514 0.2102 0
395 0.2071 0
1529 0.2056 0
63 0.1916 0
1501 0.1896 0
1132 0.1876 0
1626 0.1779 0
926 0.1754 0
680 0.1735 0
1565 0.1706 0
1526 0.1685 0
1242 0.1652 0
1462 0.1624 0
1583 0.1610 0
664 0.1607 0
523 0.1597 0
1549 0.1587 0
540 0.1562 0
430 0.1558 0
947 0.1503 0
1291 0.1459 0
1464 0.1453 0
328 0.1433 0
1523 0.1340 0
245 0.1320 0
1811 0.1319 0
124 0.1204 0
1751 0.1193 0
1917 0.1171 0
1618 0.1159 0
1840 0.1151 0
424 0.1050 0
1412 0.1050 0
169 0.0980 0
918 0.0959 0
1311 0.0808 0
823 0.0807 0
766 0.0557 0
1038 0.0536 0
445 0.0520 0
838 0.0461 0
535 0.0421 0
533 0.0419 0
1924 0.0334 0
1817 0.0318 0
864 0.0303 0
1027 0.0264 0
422 0.0194 0
1944 0.0139 0
1432 0.0031 0
1056 -0.0022 0
710 -0.0143 0
1534 -0.0176 0
387 -0.0217 0
931 -0.0233 0
1804 -0.0255 0
454 -0.0263 0
1392 -0.0278 0
1582 -0.0293 0
525 -0.0329 0
1388 -0.0332 0
1494 -0.0445 0
698 -0.0445 0
1417 -0.0445 0
909 -0.0480 0
1238 -0.0511 0
841 -0.0532 0
1317 -0.0550 0
1901 -0.0564 0
1841 -0.0593 0
356 -0.0655 0
181 -0.0686 0
240 -0.0698 0
489 -0.0710 0
311 -0.0763 0
772 -0.0853 0
233 -0.0873 0
1933 -0.0901 0
1433 -0.0910 0
80 -0.0912 0
788 -0.0913 0
96 -0.0945 0
921 -0.1012 0
423 -0.1037 0
1138 -0.1217 0
503 -0.1231 0
397 -0.1247 0
303 -0.1281 0
330 -0.1318 0
136 -0.1354 0
1108 -0.1390 0
242 -0.1419 0
1814 -0.1451 0
401 -0.1525 0
881 -0.1595 0
900 -0.1637 0
1872 -0.1709 0
849 -0.1792 0
349 -0.1839 0
314 -0.1861 0
114 -0.1911 0
796 -0.2044 0
1246 -0.2081 0
195 -0.2126 0
357 -0.2131 0
50 -0.2186 0
1314 -0.2200 0
544 -0.2247 0
488 -0.2368 0
374 -0.2389 0
1780 -0.2407 0
1642 -0.2428 0
609 -0.2507 0
67 -0.2529 0
1026 -0.2536 0
708 -0.2540 0
1905 -0.2553 0
1547 -0.2559 0
906 -0.2606 0
317 -0.2614 0
928 -0.2626 0
1233 -0.2629 0
135 -0.2651 0
702 -0.2664 0
630 -0.2739 0
183 -0.2749 0
942 -0.2825 0
696 -0.2828 0
1205 -0.2834 0
300 -0.2883 0
1102 -0.2907 0
1612 -0.2918 0
421 -0.2953 0
876 -0.3024 0
948 -0.3038 0
719 -0.3076 0
462 -0.3087 0
1581 -0.3109 0
713 -0.3139 0
1766 -0.3272 0
490 -0.3290 0
432 -0.3292 0
814 -0.3300 0
800 -0.3320 0
1461 -0.3358 0
1004 -0.3446 0
1091 -0.3467 0
830 -0.3470 0
1477 -0.3513 0
1919 -0.3544 0
1099 -0.3601 0
1579 -0.3637 0
607 -0.3649 0
1829 -0.3696 0
504 -0.3779 0
1566 -0.3801 0
747 -0.3802 0
1807 -0.3805 0
920 -0.3844 0
414 -0.3869 0
1262 -0.3886 0
919 -0.3901 0
364 -0.3912 0
1126 -0.4075 0
1550 -0.4082 0
1453 -0.4099 0
1809 -0.4126 0
529 -0.4180 0
1777 -0.4211 0
143 -0.4226 0
1239 -0.4226 0
1211 -0.4279 0
1749 -0.4327 0
346 -0.4340 0
493 -0.4347 0
347 -0.4358 0
1380 -0.4365 0
299 -0.4416 0
1010 -0.4464 0
1589 -0.4511 0
1816 -0.4626 0
1294 -0.4665 0
9 -0.4682 0
619 -0.4845 0
5 -0.4884 0
142 -0.4889 0
682 -0.4987 0
1520 -0.5058 0
477 -0.5064 0
221 -0.5068 0
1710 -0.5102 0
1270 -0.5118 0
1473 -0.5122 0
248 -0.5172 0
1172 -0.5175 0
218 -0.5190 0
1539 -0.5196 0
408 -0.5317 0
1810 -0.5328 0
1940 -0.5358 0
1218 -0.5370 0
1730 -0.5376 0
76 -0.5388 0
1997 -0.5390 0
1518 -0.5413 0
1094 -0.5491 0
156 -0.5501 0
1069 -0.5502 0
1111 -0.5514 0
1304 -0.5520 0
302 -0.5520 0
701 -0.5536 0
1609 -0.5629 0
902 -0.5761 0
52 -0.5774 0
334 -0.5836 0
1927 -0.5859 0
473 -0.5905 0
1290 -0.5912 0
1390 -0.5919 0
528 -0.5990 0
717 -0.6017 0
632 -0.6061 0
1209 -0.6074 0
512 -0.6102 0
418 -0.6108 0
930 -0.6109 0
752 -0.6132 0
1112 -0.6150 0
626 -0.6202 0
633 -0.6215 0
1849 -0.6221 0
927 -0.6284 0
2 -0.6314 0
1365 -0.6371 0
436 -0.6382 0
730 -0.6404 0
812 -0.6425 0
99 -0.6475 0
1053 -0.6490 0
974 -0.6506 0
474 -0.6507 0
1754 -0.6532 0
1007 -0.6544 0
820 -0.6608 0
1507 -0.6631 0
1045 -0.6642 0
1046 -0.6669 0
202 -0.6704 0
506 -0.6739 0
415 -0.6749 0
924 -0.6786 0
805 -0.6795 0
1063 -0.6820 0
711 -0.6838 0
405 -0.6974 0
856 -0.6982 0
129 -0.7006 0
1808 -0.7010 0
386 -0.7028 0
375 -0.7086 0
1299 -0.7086 0
338 -0.7143 0
435 -0.7144 0
442 -0.7197 0
1533 -0.7235 0
1965 -0.7247 0
1163 -0.7254 0
176 -0.7303 0
420 -0.7318 0
1707 -0.7331 0
48 -0.7351 0
1472 -0.7375 0
508 -0.7388 0
492 -0.7415 0
677 -0.7434 0
128 -0.7461 0
173 -0.7474 0
446 -0.7492 0
1874 -0.7495 0
1545 -0.7578 0
860 -0.7593 0
1544 -0.7595 0
941 -0.7604 0
780 -0.7666 0
234 -0.7687 0
141 -0.7693 0
1770 -0.7833 0
1797 -0.7940 0
1748 -0.7945 0
1844 -0.7980 0
898 -0.7991 0
318 -0.8040 0
1913 -0.8158 0
1587 -0.8169 0
1572 -0.8200 0
86 -0.8249 0
1568 -0.8261 0
865 -0.8316 0
1616 -0.8324 0
750 -0.8343 0
83 -0.8384 0
238 -0.8394 0
212 -0.8394 0
1474 -0.8396 0
735 -0.8398 0
905 -0.8446 0
244 -0.8446 0
403 -0.8470 0
631 -0.8486 0
880 -0.8507 0
1031 -0.8509 0
602 -0.8559 0
110 -0.8580 0
1312 -0.8583 0
939 -0.8640 0
1515 -0.8664 0
1543 -0.8668 0
691 -0.8675 0
1146 -0.8713 0
64 -0.8785 0
1166 -0.8811 0
1093 -0.8811 0
1020 -0.8814 0
282 -0.8836 0
1570 -0.8849 0
1605 -0.8856 0
1892 -0.8858 0
66 -0.8883 0
1347 -0.8884 0
501 -0.8896 0
1303 -0.8941 0
1358 -0.8955 0
1034 -0.8966 0
1948 -0.8970 0
81 -0.9064 0
447 -0.9097 0
1176 -0.9114 0
1051 -0.9117 0
1256 -0.9147 0
1033 -0.9174 0
407 -0.9229 0
1070 -0.9245 0
1071 -0.9257 0
167 -0.9300 0
1716 -0.9347 0
802 -0.9359 0
249 -0.9365 0
722 -0.9451 0
862 -0.9493 0
315 -0.9512 0
739 -0.9515 0
516 -0.9524 0
1843 -0.9544 0
1966 -0.9560 0
783 -0.9570 0
251 -0.9571 0
307 -0.9583 0
1341 -0.9586 0
1621 -0.9597 0
1222 -0.9603 0
1200 -0.9630 0
336 -0.9673 0
1044 -0.9687 0
1819 -0.9717 0
1037 -0.9747 0
1310 -0.9758 0
1207 -0.9764 0
1318 -0.9822 0
1573 -0.9874 0
485 -0.9885 0
1117 -0.9896 0
131 -0.9941 0
801 -1.0007 0
574 -1.0080 0
1308 -1.0109 0
147 -1.0130 0
127 -1.0148 0
476 -1.0210 0
293 -1.0236 0
155 -1.0236 0
753 -1.0425 0
1942 -1.0507 0
1323 -1.0600 0
1320 -1.0617 0
1611 -1.0627 0
461 -1.0640 0
1904 -1.0734 0
1235 -1.0780 0
97 -1.0821 0
431 -1.0837 0
703 -1.0849 0
201 -1.0903 0
1342 -1.0907 0
1018 -1.0935 0
1888 -1.0948 0
819 -1.0955 0
1815 -1.1023 0
651 -1.1030 0
1186 -1.1121 0
1066 -1.1144 0
1628 -1.1187 0
670 -1.1251 0
1953 -1.1267 0
1731 -1.1276 0
1081 -1.1277 0
56 -1.1280 0
1627 -1.1297 0
1806 -1.1300 0
1168 -1.1342 0
1329 -1.1360 0
111 -1.1367 0
762 -1.1391 0
623 -1.1438 0
237 -1.1455 0
385 -1.1456 0
705 -1.1506 0
811 -1.1588 0
1509 -1.1611 0
239 -1.1654 0
483 -1.1686 0
59 -1.1767 0
1492 -1.1862 0
1266 -1.1874 0
844 -1.1884 0
1908 -1.1892 0
542 -1.1901 0
1230 -1.1907 0
1502 -1.1910 0
1036 -1.1914 0
383 -1.2029 0
1860 -1.2156 0
1813 -1.2325 0
641 -1.2455 0
1307 -1.2458 0
1107 -1.2486 0
1154 -1.2497 0
603 -1.2509 0
18 -1.2515 0
803 -1.2640 0
361 -1.2748 0
215 -1.2888 0
157 -1.2889 0
582 -1.2914 0
1215 -1.2961 0
1992 -1.2980 0
453 -1.2986 0
502 -1.3014 0
1876 -1.3090 0
807 -1.3212 0
893 -1.3252 0
1284 -1.3279 0
1511 -1.3292 0
835 -1.3302 0
1263 -1.3315 0
505 -1.3331 0
443 -1.3347 0
1184 -1.3381 0
73 -1.3385 0
1487 -1.3408 0
1931 -1.3504 0
149 -1.3530 0
763 -1.3530 0
845 -1.3547 0
956 -1.3667 0
448 -1.3674 0
744 -1.3695 0
1234 -1.3753 0
712 -1.3763 0
1712 -1.3811 0
1422 -1.3857 0
1059 -1.3912 0
1506 -1.3942 0
742 -1.3951 0
749 -1.3976 0
565 -1.4022 0
1162 -1.4027 0
1968 -1.4033 0
291 -1.4080 0
1012 -1.4127 0
1980 -1.4202 0
1353 -1.4220 0
87 -1.4282 0
187 -1.4282 0
789 -1.4284 0
1029 -1.4311 0
180 -1.4315 0
1959 -1.4387 0
1881 -1.4399 0
943 -1.4407 0
287 -1.4430 0
1243 -1.4486 0
937 -1.4506 0
1898 -1.4538 0
409 -1.4579 0
277 -1.4588 0
922 -1.4602 0
901 -1.4608 0
1142 -1.4623 0
1602 -1.4639 0
222 -1.4675 0
728 -1.4731 0
484 -1.4745 0
1368 -1.4801 0
429 -1.4826 0
538 -1.4842 0
1405 -1.4862 0
1055 -1.4939 0
94 -1.4947 0
1493 -1.4954 0
226 -1.4956 0
1847 -1.4975 0
1838 -1.4999 0
188 -1.5043 0
1895 -1.5067 0
32 -1.5102 0
608 -1.5139 0
1130 -1.5148 0
122 -1.5203 0
1226 -1.5213 0
1170 -1.5240 0
734 -1.5316 0
1983 -1.5319 0
1893 -1.5330 0
274 -1.5351 0
1089 -1.5354 0
470 -1.5456 0
709 -1.5485 0
1116 -1.5540 0
1267 -1.5547 0
714 -1.5587 0
60 -1.5627 0
203 -1.5628 0
1319 -1.5638 0
1510 -1.5660 0
1074 -1.5751 0
134 -1.5757 0
647 -1.5762 0
1092 -1.5836 0
1313 -1.5864 0
243 -1.5871 0
1885 -1.5915 0
25 -1.5927 0
1856 -1.5982 0
71 -1.6027 0
109 -1.6043 0
1728 -1.6105 0
642 -1.6108 0
946 -1.6127 0
1345 -1.6205 0
530 -1.6251 0
1727 -1.6272 0
1400 -1.6284 0
82 -1.6309 0
673 -1.6341 0
1922 -1.6366 0
1212 -1.6478 0
891 -1.6503 0
39 -1.6567 0
150 -1.6593 0
821 -1.6636 0
84 -1.6652 0
1178 -1.6660 0
1723 -1.6713 0
1906 -1.6840 0
1961 -1.6847 0
152 -1.6860 0
294 -1.6870 0
165 -1.6871 0
1129 -1.6879 0
1082 -1.6929 0
219 -1.6940 0
605 -1.6956 0
1504 -1.7008 0
464 -1.7089 0
1204 -1.7152 0
601 -1.7159 0
466 -1.7176 0
1228 -1.7191 0
932 -1.7196 0
1643 -1.7220 0
194 -1.7229 0
89 -1.7248 0
541 -1.7276 0
0 -1.7320 0
62 -1.7349 0
104 -1.7408 0
406 -1.7444 0
360 -1.7549 0
1911 -1.7569 0
578 -1.7644 0
1443 -1.7650 0
1820 -1.7653 0
716 -1.7664 0
1216 -1.7675 0
1448 -1.7693 0
1795 -1.7714 0
377 -1.7825 0
1327 -1.7827 0
171 -1.7847 0
460 -1.7856 0
1644 -1.7916 0
1805 -1.7918 0
1231 -1.7939 0
1622 -1.7947 0
764 -1.7955 0
511 -1.7969 0
861 -1.7978 0
1188 -1.7978 0
113 -1.8012 0
1136 -1.8013 0
842 -1.8087 0
77 -1.8123 0
172 -1.8227 0
479 -1.8255 0
1870 -1.8304 0
220 -1.8326 0
910 -1.8384 0
390 -1.8429 0
120 -1.8488 0
606 -1.8494 0
1756 -1.8552 0
808 -1.8575 0
353 -1.8615 0
230 -1.8630 0
1862 -1.8687 0
1975 -1.8704 0
1999 -1.8710 0
733 -1.8729 0
1449 -1.8757 0
620 -1.8797 0
138 -1.8803 0
1926 -1.8845 0
699 -1.8849 0
848 -1.8902 0
1282 -1.8946 0
112 -1.8947 0
1155 -1.8954 0
1717 -1.8978 0
1781 -1.9029 0
78 -1.9099 0
1406 -1.9137 0
174 -1.9149 0
1740 -1.9174 0
755 -1.9230 0
1227 -1.9367 0
1617 -1.9399 0
726 -1.9403 0
816 -1.9418 0
1041 -1.9488 0
1309 -1.9490 0
331 -1.9524 0
1087 -1.9556 0
1006 -1.9582 0
688 -1.9603 0
396 -1.9669 0
205 -1.9672 0
1206 -1.9689 0
913 -1.9702 0
1903 -1.9731 0
1344 -1.9733 0
1639 -1.9735 0
646 -1.9797 0
599 -1.9865 0
1771 -1.9894 0
231 -1.9909 0
954 -1.9935 0
199 -1.9955 0
1213 -1.9962 0
1546 -2.0004 0
281 -2.0015 0
468 -2.0037 0
106 -2.0037 0
257 -2.0058 0
1990 -2.0086 0
47 -2.0094 0
679 -2.0098 0
1114 -2.0112 0
1871 -2.0119 0
321 -2.0129 0
584 -2.0206 0
1853 -2.0282 0
885 -2.0283 0
211 -2.0289 0
117 -2.0313 0
1048 -2.0336 0
1159 -2.0362 0
1763 -2.0374 0
1610 -2.0394 0
706 -2.0496 0
743 -2.0569 0
102 -2.0577 0
123 -2.0623 0
1724 -2.0625 0
450 -2.0642 0
3 -2.0649 0
1397 -2.0707 0
1832 -2.0721 0
267 -2.0732 0
1249 -2.0809 0
1328 -2.0869 0
583 -2.0870 0
1203 -2.1121 0
132 -2.1134 0
55 -2.1171 0
105 -2.1179 0
732 -2.1222 0
246 -2.1225 0
553 -2.1248 0
1438 -2.1269 0
264 -2.1287 0
915 -2.1355 0
88 -2.1369 0
193 -2.1381 0
738 -2.1398 0
829 -2.1413 0
441 -2.1420 0
1043 -2.1447 0
1322 -2.1503 0
1225 -2.1529 0
1704 -2.1569 0
636 -2.1578 0
869 -2.1595 0
297 -2.1627 0
210 -2.1636 0
897 -2.1665 0
438 -2.1735 0
1734 -2.1736 0
1858 -2.1750 0
126 -2.1752 0
1527 -2.1760 0
1973 -2.1768 0
639 -2.1776 0
379 -2.1776 0
1133 -2.1803 0
115 -2.1839 0
1325 -2.1842 0
480 -2.1875 0
85 -2.1979 0
227 -2.2016 0
1631 -2.2067 0
1994 -2.2125 0
1976 -2.2141 0
1963 -2.2164 0
1837 -2.2177 0
1879 -2.2217 0
1737 -2.2222 0
1396 -2.2238 0
1912 -2.2322 0
1321 -2.2332 0
1480 -2.2359 0
1873 -2.2391 0
416 -2.2415 0
1098 -2.2455 0
107 -2.2473 0
1960 -2.2490 0
363 -2.2507 0
478 -2.2509 0
1746 -2.2547 0
778 -2.2560 0
1151 -2.2574 0
1496 -2.2595 0
611 -2.2639 0
1793 -2.2669 0
572 -2.2680 0
638 -2.2681 0
12 -2.2806 0
687 -2.2818 0
1540 -2.2828 0
686 -2.2919 0
1894 -2.2921 0
304 -2.2925 0
557 -2.2956 0
1822 -2.2987 0
1786 -2.2997 0
1023 -2.3007 0
271 -2.3016 0
1842 -2.3100 0
53 -2.3159 0
1883 -2.3178 0
1488 -2.3228 0
319 -2.3255 0
341 -2.3260 0
1759 -2.3261 0
1525 -2.3273 0
933 -2.3290 0
729 -2.3306 0
824 -2.3323 0
1742 -2.3347 0
656 -2.3388 0
1741 -2.3489 0
289 -2.3540 0
161 -2.3570 0
1721 -2.3630 0
817 -2.3648 0
75 -2.3699 0
1440 -2.3743 0
1164 -2.3746 0
1153 -2.3773 0
635 -2.3790 0
285 -2.3795 0
1556 -2.3829 0
1729 -2.3850 0
1986 -2.3887 0
1800 -2.3902 0
517 -2.3918 0
200 -2.3931 0
29 -2.4025 0
1196 -2.4040 0
828 -2.4080 0
1969 -2.4107 0
1714 -2.4118 0
118 -2.4176 0
1713 -2.4200 0
1198 -2.4215 0
276 -2.4272 0
1564 -2.4363 0
1764 -2.4396 0
1779 -2.4493 0
1884 -2.4504 0
776 -2.4508 0
718 -2.4528 0
1720 -2.4556 0
284 -2.4586 0
833 -2.4626 0
872 -2.4651 0
1201 -2.4745 0
769 -2.4756 0
158 -2.4776 0
313 -2.4807 0
804 -2.4824 0
1113 -2.4990 0
1418 -2.4999 0
232 -2.5007 0
1115 -2.5175 0
784 -2.5256 0
1001 -2.5270 0
625 -2.5297 0
1835 -2.5330 0
190 -2.5350 0
771 -2.5363 0
840 -2.5410 0
1062 -2.5431 0
724 -2.5441 0
175 -2.5447 0
1718 -2.5480 0
1715 -2.5482 0
182 -2.5522 0
634 -2.5528 0
125 -2.5557 0
1210 -2.5689 0
1745 -2.5781 0
1110 -2.5807 0
1743 -2.5820 0
756 -2.5827 0
1445 -2.5848 0
1580 -2.5895 0
166 -2.5907 0
1920 -2.5914 0
15 -2.5951 0
1744 -2.6009 0
831 -2.6020 0
286 -2.6055 0
1336 -2.6074 0
1802 -2.6085 0
736 -2.6118 0
1910 -2.6151 0
692 -2.6165 0
1706 -2.6195 0
1638 -2.6232 0
130 -2.6300 0
1425 -2.6336 0
21 -2.6342 0
1896 -2.6385 0
288 -2.6485 0
1423 -2.6521 0
1174 -2.6539 0
1629 -2.6594 0
594 -2.6599 0
121 -2.6633 0
31 -2.6637 0
140 -2.6685 0
1065 -2.6702 0
57 -2.6719 0
283 -2.6748 0
196 -2.6763 0
1962 -2.6943 0
1441 -2.7002 0
178 -2.7020 0
209 -2.7045 0
1237 -2.7084 0
1812 -2.7090 0
1335 -2.7161 0
1880 -2.7198 0
1752 -2.7207 0
1921 -2.7212 0
1157 -2.7224 0
1848 -2.7232 0
1330 -2.7347 0
498 -2.7389 0
255 -2.7444 0
1705 -2.7549 0
1106 -2.7577 0
253 -2.7582 0
1428 -2.7632 0
254 -2.7644 0
837 -2.7684 0
661 -2.7730 0
1447 -2.7772 0
774 -2.7845 0
610 -2.7868 0
1755 -2.7929 0
1301 -2.7944 0
825 -2.7954 0
1991 -2.7976 0
74 -2.8004 0
515 -2.8030 0
1190 -2.8068 0
1103 -2.8120 0
1915 -2.8229 0
1711 -2.8251 0
1101 -2.8283 0
189 -2.8293 0
621 -2.8310 0
899 -2.8423 0
715 -2.8471 0
1158 -2.8528 0
894 -2.8558 0
579 -2.8583 0
433 -2.8628 0
261 -2.8712 0
624 -2.8735 0
612 -2.8746 0
667 -2.8768 0
1302 -2.8784 0
184 -2.8802 0
1430 -2.8827 0
1757 -2.8846 0
310 -2.8860 0
23 -2.8948 0
1648 -2.8961 0
1970 -2.8970 0
1823 -2.9077 0
1830 -2.9079 0
145 -2.9083 0
1179 -2.9106 0
1834 -2.9135 0
1854 -2.9156 0
259 -2.9229 0
809 -2.9348 0
1946 -2.9367 0
26 -2.9389 0
1978 -2.9395 0
1799 -2.9428 0
1951 -2.9441 0
1750 -2.9497 0
95 -2.9501 0
1708 -2.9540 0
1987 -2.9541 0
1516 -2.9592 0
216 -2.9626 0
791 -2.9654 0
30 -2.9655 0
1956 -2.9706 0
1169 -2.9710 0
229 -2.9766 0
269 -2.9848 0
615 -2.9853 0
1995 -2.9861 0
1052 -2.9865 0
250 -2.9866 0
278 -2.9904 0
916 -2.9940 0
1437 -3.0013 0
101 -3.0044 0
622 -3.0050 0
369 -3.0110 0
91 -3.0142 0
263 -3.0143 0
1331 -3.0163 0
103 -3.0255 0
1982 -3.0258 0
444 -3.0310 0
275 -3.0357 0
1434 -3.0432 0
1938 -3.0445 0
643 -3.0495 0
591 -3.0549 0
1866 -3.0551 0
1736 -3.0570 0
1217 -3.0608 0
567 -3.0610 0
1984 -3.0640 0
1703 -3.0676 0
1709 -3.0742 0
1989 -3.0746 0
1733 -3.0771 0
20 -3.0790 0
1981 -3.0917 0
252 -3.0938 0
69 -3.0998 0
1702 -3.1012 0
41 -3.1088 0
1974 -3.1142 0
1738 -3.1143 0
198 -3.1174 0
417 -3.1200 0
614 -3.1239 0
1979 -3.1260 0
1192 -3.1265 0
1957 -3.1278 0
1408 -3.1299 0
1173 -3.1315 0
653 -3.1338 0
577 -3.1349 0
1967 -3.1382 0
1305 -3.1394 0
34 -3.1494 0
1531 -3.1527 0
934 -3.1557 0
1208 -3.1624 0
1411 -3.1681 0
1760 -3.1713 0
1790 -3.1751 0
555 -3.1789 0
1988 -3.1858 0
1220 -3.1963 0
568 -3.1992 0
494 -3.2076 0
818 -3.2087 0
839 -3.2088 0
1135 -3.2116 0
1109 -3.2118 0
1306 -3.2120 0
108 -3.2144 0
1183 -3.2188 0
266 -3.2272 0
119 -3.2503 0
185 -3.2578 0
1165 -3.2662 0
1769 -3.2722 0
536 -3.2749 0
162 -3.2757 0
36 -3.2772 0
49 -3.2903 0
4 -3.2957 0
987 -3.2976 0
45 -3.3086 0
260 -3.3103 0
590 -3.3150 0
154 -3.3153 0
1784 -3.3170 0
1787 -3.3203 0
1148 -3.3243 0
1891 -3.3303 0
1073 -3.3373 0
1762 -3.3433 0
727 -3.3649 0
1548 -3.3683 0
1788 -3.3705 0
1726 -3.3953 0
551 -3.3994 0
1977 -3.4025 0
1993 -3.4145 0
1002 -3.4181 0
785 -3.4226 0
90 -3.4322 0
1402 -3.4381 0
1649 -3.4395 0
459 -3.4403 0
1185 -3.4408 0
1739 -3.4446 0
27 -3.4511 0
1300 -3.4549 0
46 -3.4555 0
1985 -3.4574 0
491 -3.4604 0
1899 -3.4607 0
33 -3.4698 0
573 -3.4874 0
43 -3.4915 0
191 -3.4934 0
1700 -3.4964 0
1332 -3.5025 0
1890 -3.5025 0
1189 -3.5053 0
298 -3.5085 0
270 -3.5150 0
1887 -3.5163 0
1333 -3.5184 0
170 -3.5241 0
613 -3.5291 0
1824 -3.5344 0
597 -3.5354 0
629 -3.5377 0
54 -3.5411 0
1517 -3.5430 0
1794 -3.5518 0
1424 -3.5530 0
290 -3.5543 0
495 -3.5638 0
61 -3.5897 0
1792 -3.5900 0
279 -3.6038 0
1930 -3.6170 0
1404 -3.6206 0
564 -3.6274 0
859 -3.6276 0
65 -3.6289 0
1521 -3.6312 0
1964 -3.6341 0
1850 -3.6416 0
497 -3.6440 0
19 -3.6655 0
471 -3.6682 0
1245 -3.6738 0
98 -3.6965 0
458 -3.7035 0
1852 -3.7037 0
550 -3.7084 0
7 -3.7096 0
581 -3.7122 0
1415 -3.7146 0
13 -3.7221 0
1735 -3.7265 0
1998 -3.7376 0
1772 -3.7496 0
637 -3.7526 0
671 -3.7538 0
1877 -3.7624 0
280 -3.7698 0
1144 -3.7780 0
1798 -3.7784 0
1971 -3.7795 0
1902 -3.7853 0
1773 -3.7860 0
163 -3.7952 0
1436 -3.7995 0
1413 -3.8003 0
576 -3.8005 0
1868 -3.8050 0
1767 -3.8143 0
1197 -3.8151 0
556 -3.8310 0
1886 -3.8379 0
262 -3.8386 0
1857 -3.8484 0
404 -3.8512 0
1972 -3.8620 0
1825 -3.8621 0
1701 -3.8657 0
704 -3.8749 0
566 -3.8817 0
1839 -3.8904 0
1851 -3.9056 0
571 -3.9091 0
92 -3.9315 0
296 -3.9391 0
561 -3.9559 0
1503 -3.9578 0
1855 -4.0002 0
455 -4.0038 0
1753 -4.0063 0
151 -4.0080 0
394 -4.0112 0
1247 -4.0309 0
1623 -4.0319 0
1801 -4.0532 0
1831 -4.0551 0
1410 -4.0619 0
292 -4.0715 0
1420 -4.0864 0
1078 -4.0923 0
1202 -4.0928 0
1077 -4.0969 0
1431 -4.0991 0
1776 -4.1093 0
1958 -4.1310 0
648 -4.1311 0
595 -4.1324 0
681 -4.1350 0
70 -4.1377 0
24 -4.1391 0
570 -4.1469 0
1054 -4.1590 0
265 -4.1591 0
1057 -4.1593 0
1954 -4.1617 0
1828 -4.1788 0
1105 -4.1797 0
1722 -4.1829 0
268 -4.1937 0
295 -4.2038 0
644 -4.2047 0
1778 -4.2105 0
669 -4.2146 0
1952 -4.2260 0
1818 -4.2286 0
836 -4.2303 0
1932 -4.2413 0
164 -4.2477 0
1131 -4.2510 0
1863 -4.2530 0
16 -4.2641 0
1785 -4.2841 0
1446 -4.2864 0
42 -4.2969 0
1175 -4.3292 0
1955 -4.3365 0
560 -4.3481 0
1021 -4.3559 0
683 -4.3723 0
552 -4.3775 0
588 -4.3818 0
843 -4.3872 0
1732 -4.3882 0
197 -4.4208 0
258 -4.4265 0
186 -4.4296 0
256 -4.4458 0
1725 -4.4583 0
1747 -4.4583 0
1444 -4.4607 0
563 -4.4781 0
586 -4.4812 0
137 -4.4871 0
14 -4.4874 0
8 -4.4996 0
1152 -4.5156 0
1789 -4.5310 0
1421 -4.5311 0
1625 -4.5473 0
148 -4.5572 0
562 -4.5609 0
1160 -4.6186 0
585 -4.6268 0
273 -4.6631 0
640 -4.6827 0
1442 -4.6932 0
17 -4.7063 0
600 -4.7235 0
1889 -4.7364 0
1878 -4.7565 0
598 -4.7628 0
1182 -4.7687 0
645 -4.7773 0
51 -4.7940 0
1181 -4.8436 0
1945 -4.8789 0
1403 -4.8794 0
6 -4.8922 0
810 -4.8973 0
192 -4.8976 0
160 -4.8985 0
1867 -4.9299 0
1768 -4.9643 0
72 -4.9887 0
1139 -4.9999 0
1419 -5.0161 0
1791 -5.0239 0
559 -5.1384 0
1846 -5.1690 0
1150 -5.2460 0
1414 -5.2642 0
37 -5.2908 0
596 -5.3455 0
1426 -5.3558 0
35 -5.3570 0
177 -5.3611 0
22 -5.3854 0
11 -5.4383 0
1758 -5.4644 0
1214 -5.5080 0
1950 -5.5476 0
1232 -5.5760 0
28 -5.6055 0
1429 -5.6500 0
10 -5.7343 0
575 -5.7867 0
1782 -5.8168 0
592 -5.9075 0
1833 -5.9647 0
558 -6.0067 0
1996 -6.0477 0
1897 -6.0546 0
1435 -6.1162 0
593 -6.1751 0
1401 -6.2165 0
587 -6.2227 0
684 -6.2284 0
1542 -6.4764 0
482 -6.5208 0
1199 -6.5246 0
1240 -6.5288 0
1775 -6.5984 0
38 -6.5999 0
580 -6.6234 0
589 -6.8239 0
554 -6.8541 0
1236 -6.8629 0
1022 -6.9263 0
569 -7.0871 0
1416 -7.1109 0
