1709 29.8265 1
1701 26.7763 1
1739 25.5216 1
1712 24.9777 1
1700 23.7310 1
1702 22.4035 1
1717 21.6895 1
1723 21.2026 1
1743 19.9151 1
1734 19.7500 1
1707 19.1813 1
1732 18.3865 1
1735 17.9952 1
1724 17.3627 1
1744 17.3269 1
1711 17.1134 1
1708 17.0197 1
1725 16.9869 1
1747 16.9869 1
1736 16.6401 1
1728 16.4460 1
1742 15.8743 1
1726 15.7262 1
1720 15.7163 1
1730 15.5304 1
1748 15.4560 1
1749 15.2571 1
1713 15.0140 1
1716 14.9379 1
1714 14.9011 1
1729 14.6701 1
1740 13.8214 1
1737 13.6435 1
1731 13.4294 1
1703 13.3127 1
1727 12.5195 1
1706 12.2400 1
1738 12.2354 1
1718 11.9024 1
63 11.8653 0
1715 11.3266 1
1722 11.3155 1
59 11.1376 0
77 10.5401 0
91 10.5378 0
69 10.3817 0
79 10.3715 0
1741 10.2521 1
294 10.1880 0
64 9.9607 0
51 9.5095 0
98 9.4224 0
1733 9.4152 1
54 9.3377 0
89 8.9356 0
1721 8.6914 1
1710 8.4540 1
82 8.1631 0
1704 8.0443 1
92 8.0357 0
1807 7.9140 0
1746 7.8401 1
80 7.7450 0
61 7.6895 0
88 7.4821 0
96 7.4000 0
97 7.3130 0
57 7.3012 0
1835 7.0969 0
1889 6.9003 0
90 6.8662 0
1822 6.8045 0
619 6.8011 0
1719 6.7312 1
60 6.6867 0
640 6.4872 0
86 6.4487 0
72 6.2171 0
56 6.0711 0
1167 5.7710 0
804 5.7505 0
1833 5.7127 0
62 5.5105 0
267 5.4413 0
1130 5.3422 0
583 5.3337 0
1198 5.1880 0
27 5.1610 0
52 5.0970 0
1828 5.0694 0
1819 5.0205 0
918 4.9735 0
1839 4.9404 0
1800 4.8392 0
75 4.8158 0
50 4.7593 0
1815 4.7500 0
81 4.6531 0
1856 4.6501 0
1823 4.5153 0
76 4.4953 0
642 4.3167 0
1848 4.2262 0
1322 4.2072 0
78 4.1721 0
70 4.0680 0
55 4.0069 0
58 4.0055 0
1705 3.9702 1
644 3.9531 0
74 3.9527 0
1018 3.9402 0
121 3.9236 0
99 3.9164 0
1196 3.8106 0
623 3.8035 0
87 3.7856 0
1820 3.6516 0
1883 3.6242 0
1817 3.5629 0
261 3.5116 0
1564 3.4919 0
1812 3.4799 0
1571 3.4498 0
1312 3.4137 0
638 3.3807 0
83 3.3623 0
1160 3.3458 0
1506 3.3426 0
1816 3.3423 0
1825 3.3132 0
71 3.3025 0
68 3.2935 0
906 3.2775 0
614 3.2640 0
1042 3.2030 0
1176 3.1863 0
1849 3.1427 0
635 3.1281 0
1507 3.0827 0
1824 3.0771 0
1539 3.0707 0
1769 3.0573 0
917 3.0525 0
93 3.0075 0
1844 2.9261 0
1847 2.9244 0
286 2.8901 0
935 2.8864 0
901 2.8835 0
298 2.8722 0
94 2.8686 0
95 2.8605 0
1165 2.8556 0
251 2.8380 0
191 2.8137 0
22 2.8001 0
942 2.7947 0
1156 2.7741 0
305 2.7694 0
1152 2.6540 0
5 2.6169 0
1788 2.6146 0
933 2.6074 0
1169 2.6065 0
1999 2.5871 0
1182 2.5692 0
1183 2.5468 0
949 2.5391 0
1757 2.4883 0
1869 2.4867 0
1598 2.4651 0
67 2.4124 0
1189 2.4081 0
53 2.4035 0
1759 2.3999 0
616 2.3811 0
37 2.3550 0
278 2.3378 0
1801 2.3210 0
611 2.2230 0
1175 2.2220 0
1580 2.1926 0
256 2.1268 0
1758 2.1152 0
1574 2.1140 0
819 2.1015 0
1168 2.0788 0
618 2.0746 0
613 2.0361 0
1814 2.0332 0
142 2.0275 0
1793 2.0190 0
296 1.9586 0
1854 1.9373 0
1944 1.9283 0
1791 1.9223 0
1766 1.9199 0
1785 1.8920 0
1157 1.8601 0
1805 1.8559 0
66 1.7897 0
1977 1.7857 0
1832 1.7771 0
860 1.7755 0
605 1.7529 0
108 1.7504 0
171 1.7431 0
946 1.7190 0
1787 1.6793 0
911 1.6751 0
1831 1.6487 0
192 1.6375 0
1181 1.6323 0
1773 1.5688 0
423 1.5679 0
1802 1.5625 0
677 1.5621 0
1784 1.5602 0
1000 1.5436 0
620 1.5265 0
610 1.5044 0
585 1.4921 0
1790 1.4767 0
1952 1.4685 0
1860 1.4669 0
1871 1.4647 0
1155 1.4240 0
1799 1.4153 0
1530 1.3988 0
1166 1.3846 0
1534 1.3794 0
948 1.3288 0
1779 1.3114 0
265 1.2869 0
11 1.2823 0
1958 1.2688 0
1163 1.2481 0
1890 1.2425 0
1804 1.2090 0
1803 1.2089 0
1393 1.2006 0
1054 1.1793 0
520 1.1529 0
1965 1.1526 0
10 1.1348 0
606 1.1252 0
132 1.1168 0
1886 1.1003 0
1178 1.0888 0
621 1.0614 0
936 1.0577 0
1930 1.0481 0
177 1.0421 0
587 1.0399 0
1996 1.0398 0
1850 1.0220 0
1001 0.9925 0
943 0.9685 0
1796 0.9378 0
1745 0.9001 1
859 0.8852 0
929 0.8833 0
1826 0.8777 0
187 0.8777 0
908 0.8622 0
1955 0.8596 0
2 0.8460 0
1888 0.8442 0
134 0.8392 0
794 0.8286 0
503 0.8254 0
882 0.8249 0
680 0.8043 0
290 0.7753 0
39 0.7737 0
897 0.7665 0
1897 0.7549 0
1190 0.7237 0
1806 0.7011 0
1027 0.6981 0
913 0.6955 0
895 0.6865 0
252 0.6645 0
448 0.6584 0
317 0.6438 0
923 0.6348 0
19 0.6306 0
130 0.6240 0
6 0.5939 0
833 0.5677 0
1928 0.5566 0
160 0.5554 0
1775 0.5553 0
85 0.5358 0
939 0.5274 0
905 0.5266 0
292 0.5120 0
264 0.5052 0
1808 0.4875 0
920 0.4777 0
4 0.4548 0
838 0.4508 0
941 0.4478 0
1821 0.4389 0
1963 0.4201 0
73 0.4153 0
1509 0.4074 0
634 0.3878 0
1852 0.3865 0
647 0.3856 0
1151 0.3824 0
271 0.3576 0
347 0.3414 0
1887 0.3397 0
1762 0.3222 0
1161 0.3095 0
824 0.3029 0
125 0.3029 0
916 0.2998 0
1629 0.2997 0
1199 0.2954 0
743 0.2894 0
563 0.2892 0
276 0.2778 0
1503 0.2766 0
609 0.2741 0
1326 0.2632 0
141 0.2572 0
1885 0.2553 0
275 0.2503 0
185 0.2398 0
289 0.1968 0
417 0.1943 0
1408 0.1792 0
250 0.1765 0
1836 0.1545 0
1184 0.1531 0
629 0.1292 0
12 0.1172 0
258 0.1082 0
1206 0.0977 0
646 0.0972 0
777 0.0915 0
172 0.0907 0
147 0.0617 0
283 0.0347 0
1898 0.0049 0
682 0.0023 0
1768 -0.0296 0
1750 -0.0385 0
1754 -0.0408 0
649 -0.0470 0
1918 -0.0491 0
596 -0.0787 0
843 -0.0797 0
807 -0.0815 0
1563 -0.0841 0
1842 -0.0983 0
810 -0.0995 0
254 -0.1073 0
195 -0.1306 0
1789 -0.1334 0
627 -0.1335 0
1926 -0.1449 0
1798 -0.1526 0
1964 -0.1563 0
1829 -0.1701 0
1752 -0.1733 0
821 -0.1776 0
223 -0.1781 0
1197 -0.1883 0
279 -0.2216 0
631 -0.2251 0
154 -0.2266 0
65 -0.2408 0
912 -0.2424 0
1756 -0.2443 0
309 -0.2468 0
1150 -0.2524 0
315 -0.2577 0
1983 -0.2602 0
1173 -0.2793 0
411 -0.2816 0
896 -0.2955 0
1843 -0.2982 0
175 -0.3062 0
1811 -0.3308 0
902 -0.3325 0
1818 -0.3372 0
277 -0.3442 0
1753 -0.3585 0
1969 -0.3595 0
1772 -0.3615 0
17 -0.3640 0
1307 -0.3645 0
217 -0.3689 0
1813 -0.3833 0
603 -0.3889 0
282 -0.3989 0
139 -0.4009 0
648 -0.4019 0
1760 -0.4061 0
1037 -0.4126 0
1356 -0.4168 0
602 -0.4181 0
302 -0.4386 0
1021 -0.4400 0
1993 -0.4621 0
1188 -0.4624 0
263 -0.4690 0
1951 -0.4764 0
158 -0.4789 0
114 -0.4882 0
707 -0.4943 0
1185 -0.4979 0
259 -0.5154 0
272 -0.5190 0
1862 -0.5230 0
49 -0.5358 0
1458 -0.5417 0
1770 -0.5457 0
1116 -0.5464 0
628 -0.5668 0
198 -0.5808 0
718 -0.5863 0
907 -0.5996 0
149 -0.6119 0
578 -0.6132 0
20 -0.6138 0
878 -0.6158 0
1390 -0.6165 0
861 -0.6292 0
101 -0.6329 0
474 -0.6355 0
1517 -0.6413 0
1922 -0.6509 0
268 -0.6691 0
594 -0.6743 0
120 -0.6914 0
1583 -0.6942 0
1927 -0.6969 0
940 -0.6998 0
1339 -0.7090 0
888 -0.7191 0
885 -0.7328 0
1864 -0.7462 0
1135 -0.7471 0
857 -0.7471 0
926 -0.7693 0
165 -0.7805 0
123 -0.7861 0
1541 -0.7869 0
572 -0.7881 0
1961 -0.7966 0
586 -0.8048 0
28 -0.8209 0
203 -0.8213 0
1154 -0.8233 0
400 -0.8243 0
182 -0.8276 0
341 -0.8340 0
280 -0.8398 0
1984 -0.8436 0
1170 -0.8539 0
815 -0.8591 0
1162 -0.8626 0
869 -0.8651 0
284 -0.8670 0
1764 -0.8713 0
1102 -0.8752 0
148 -0.8764 0
1865 -0.8769 0
226 -0.8812 0
568 -0.8813 0
1780 -0.8822 0
608 -0.8835 0
575 -0.8946 0
617 -0.8950 0
174 -0.8951 0
1971 -0.9072 0
562 -0.9074 0
1179 -0.9184 0
1994 -0.9392 0
984 -0.9500 0
552 -0.9502 0
270 -0.9559 0
910 -0.9577 0
288 -0.9593 0
932 -0.9601 0
637 -0.9626 0
84 -0.9628 0
199 -0.9741 0
143 -0.9763 0
1515 -0.9807 0
919 -0.9863 0
1945 -0.9893 0
600 -0.9970 0
517 -1.0081 0
1191 -1.0093 0
937 -1.0123 0
1761 -1.0157 0
166 -1.0206 0
435 -1.0339 0
805 -1.0385 0
893 -1.0547 0
1153 -1.0605 0
915 -1.0624 0
1884 -1.0667 0
262 -1.0687 0
1776 -1.0713 0
1943 -1.0841 0
767 -1.0863 0
1809 -1.0882 0
374 -1.1044 0
346 -1.1201 0
817 -1.1260 0
909 -1.1284 0
104 -1.1401 0
1795 -1.1508 0
1171 -1.1520 0
210 -1.1533 0
541 -1.1587 0
219 -1.1628 0
612 -1.1695 0
956 -1.1700 0
1777 -1.1853 0
1142 -1.1865 0
841 -1.1874 0
163 -1.2068 0
979 -1.2074 0
1755 -1.2108 0
977 -1.2147 0
1308 -1.2170 0
702 -1.2335 0
255 -1.2337 0
974 -1.2411 0
260 -1.2493 0
772 -1.2574 0
700 -1.2594 0
1383 -1.2626 0
301 -1.2629 0
38 -1.2662 0
1177 -1.2679 0
790 -1.2742 0
839 -1.2789 0
1192 -1.2803 0
1967 -1.2832 0
704 -1.2863 0
1445 -1.2869 0
32 -1.2940 0
1838 -1.2981 0
636 -1.2986 0
1932 -1.3087 0
150 -1.3173 0
683 -1.3180 0
1978 -1.3208 0
1048 -1.3242 0
1792 -1.3257 0
505 -1.3294 0
808 -1.3323 0
1519 -1.3347 0
556 -1.3438 0
1786 -1.3477 0
221 -1.3523 0
314 -1.3612 0
178 -1.3687 0
1940 -1.3738 0
834 -1.3826 0
436 -1.3883 0
1516 -1.3909 0
285 -1.3910 0
115 -1.3943 0
593 -1.3989 0
179 -1.4019 0
1117 -1.4074 0
1797 -1.4170 0
530 -1.4178 0
1126 -1.4214 0
269 -1.4378 0
1771 -1.4423 0
873 -1.4431 0
527 -1.4438 0
1094 -1.4501 0
862 -1.4519 0
533 -1.4541 0
495 -1.4549 0
1561 -1.4675 0
1310 -1.4689 0
573 -1.4734 0
762 -1.4781 0
1250 -1.4782 0
847 -1.4819 0
1086 -1.4855 0
176 -1.4905 0
934 -1.4964 0
1314 -1.4969 0
1528 -1.4986 0
1873 -1.5049 0
21 -1.5079 0
9 -1.5092 0
831 -1.5150 0
1853 -1.5179 0
300 -1.5231 0
693 -1.5454 0
103 -1.5525 0
216 -1.5642 0
1477 -1.5660 0
645 -1.5691 0
1859 -1.5719 0
840 -1.5903 0
1989 -1.5950 0
1830 -1.6043 0
247 -1.6059 0
1781 -1.6135 0
1545 -1.6142 0
1837 -1.6162 0
1956 -1.6168 0
595 -1.6172 0
1004 -1.6245 0
632 -1.6257 0
818 -1.6294 0
823 -1.6448 0
542 -1.6454 0
122 -1.6552 0
1 -1.6561 0
1924 -1.6738 0
1114 -1.6740 0
842 -1.6764 0
1329 -1.6831 0
641 -1.6851 0
14 -1.6952 0
1013 -1.7000 0
461 -1.7086 0
1123 -1.7095 0
501 -1.7150 0
428 -1.7220 0
806 -1.7231 0
900 -1.7271 0
119 -1.7284 0
433 -1.7408 0
883 -1.7437 0
170 -1.7464 0
822 -1.7481 0
159 -1.7494 0
548 -1.7496 0
404 -1.7509 0
592 -1.7689 0
1035 -1.7704 0
1915 -1.7721 0
1318 -1.7731 0
189 -1.7744 0
832 -1.7747 0
1026 -1.7836 0
560 -1.7878 0
1505 -1.7884 0
991 -1.7912 0
1354 -1.7939 0
1521 -1.7956 0
877 -1.8108 0
406 -1.8132 0
550 -1.8136 0
1901 -1.8167 0
1912 -1.8218 0
1783 -1.8258 0
828 -1.8282 0
1934 -1.8529 0
1921 -1.8540 0
799 -1.8607 0
1143 -1.8686 0
299 -1.8688 0
712 -1.8701 0
715 -1.8756 0
1372 -1.8759 0
401 -1.8763 0
1376 -1.8793 0
837 -1.8795 0
1581 -1.8810 0
427 -1.8854 0
193 -1.8860 0
1301 -1.8875 0
274 -1.8893 0
344 -1.8954 0
945 -1.8999 0
961 -1.9027 0
1471 -1.9065 0
927 -1.9081 0
1480 -1.9145 0
321 -1.9153 0
1164 -1.9162 0
1051 -1.9171 0
988 -1.9222 0
1537 -1.9247 0
26 -1.9309 0
109 -1.9340 0
224 -1.9354 0
866 -1.9356 0
1241 -1.9374 0
1187 -1.9397 0
1005 -1.9403 0
1558 -1.9409 0
105 -1.9433 0
1827 -1.9461 0
1879 -1.9612 0
855 -1.9622 0
156 -1.9679 0
1751 -1.9700 0
1317 -1.9722 0
1137 -1.9809 0
1907 -1.9812 0
1101 -1.9828 0
615 -1.9856 0
15 -1.9872 0
414 -1.9943 0
792 -1.9987 0
447 -2.0017 0
947 -2.0053 0
845 -2.0202 0
633 -2.0208 0
287 -2.0241 0
1606 -2.0338 0
625 -2.0365 0
1371 -2.0385 0
830 -2.0453 0
726 -2.0495 0
987 -2.0499 0
1363 -2.0552 0
34 -2.0558 0
1315 -2.0580 0
152 -2.0601 0
1092 -2.0645 0
820 -2.0685 0
1896 -2.0704 0
598 -2.0823 0
1649 -2.0835 0
1863 -2.1051 0
227 -2.1055 0
1423 -2.1094 0
1953 -2.1099 0
1782 -2.1114 0
1327 -2.1173 0
1210 -2.1213 0
151 -2.1236 0
1077 -2.1242 0
378 -2.1259 0
1340 -2.1266 0
1554 -2.1283 0
555 -2.1291 0
1524 -2.1326 0
1319 -2.1343 0
904 -2.1352 0
782 -2.1363 0
129 -2.1366 0
1981 -2.1402 0
868 -2.1421 0
1840 -2.1518 0
1292 -2.1536 0
848 -2.1558 0
1601 -2.1659 0
212 -2.1679 0
334 -2.1704 0
439 -2.1713 0
107 -2.1720 0
419 -2.1729 0
1874 -2.1789 0
454 -2.1841 0
480 -2.1882 0
1846 -2.1884 0
462 -2.1902 0
1133 -2.1917 0
173 -2.1979 0
1203 -2.2081 0
880 -2.2170 0
1247 -2.2172 0
225 -2.2186 0
496 -2.2217 0
639 -2.2229 0
1148 -2.2270 0
526 -2.2321 0
1947 -2.2368 0
557 -2.2394 0
836 -2.2434 0
162 -2.2475 0
549 -2.2479 0
1878 -2.2529 0
1174 -2.2563 0
686 -2.2588 0
1223 -2.2632 0
1111 -2.2653 0
7 -2.2755 0
561 -2.2770 0
1957 -2.2791 0
1344 -2.2796 0
1931 -2.2803 0
1109 -2.2803 0
1942 -2.2837 0
1917 -2.2847 0
403 -2.2885 0
580 -2.2942 0
1113 -2.2984 0
324 -2.3046 0
667 -2.3098 0
590 -2.3141 0
769 -2.3156 0
990 -2.3225 0
931 -2.3266 0
1193 -2.3278 0
1870 -2.3388 0
1131 -2.3390 0
853 -2.3401 0
789 -2.3405 0
1373 -2.3441 0
502 -2.3465 0
338 -2.3468 0
1525 -2.3540 0
1144 -2.3593 0
293 -2.3609 0
1620 -2.3637 0
849 -2.3644 0
1906 -2.3648 0
1069 -2.3676 0
1044 -2.3772 0
784 -2.3921 0
1103 -2.3986 0
1596 -2.4037 0
1914 -2.4076 0
802 -2.4121 0
113 -2.4135 0
484 -2.4155 0
835 -2.4169 0
1855 -2.4224 0
543 -2.4231 0
1195 -2.4239 0
1053 -2.4251 0
412 -2.4261 0
1055 -2.4304 0
1950 -2.4386 0
928 -2.4446 0
1763 -2.4474 0
971 -2.4544 0
924 -2.4547 0
209 -2.4718 0
1076 -2.4748 0
1256 -2.4763 0
711 -2.4770 0
1851 -2.4811 0
963 -2.4886 0
776 -2.4935 0
1767 -2.4963 0
1366 -2.4981 0
444 -2.5016 0
466 -2.5039 0
903 -2.5045 0
239 -2.5066 0
744 -2.5208 0
229 -2.5220 0
499 -2.5285 0
601 -2.5297 0
651 -2.5317 0
584 -2.5363 0
131 -2.5450 0
604 -2.5539 0
852 -2.5574 0
137 -2.5620 0
1666 -2.5629 0
1774 -2.5670 0
1474 -2.5676 0
1083 -2.5690 0
328 -2.5774 0
1378 -2.5777 0
336 -2.5795 0
1954 -2.5810 0
1980 -2.5880 0
889 -2.5881 0
1866 -2.5908 0
3 -2.5977 0
624 -2.5988 0
995 -2.6016 0
760 -2.6047 0
525 -2.6063 0
266 -2.6104 0
720 -2.6107 0
1913 -2.6117 0
1220 -2.6148 0
577 -2.6149 0
1929 -2.6163 0
1331 -2.6166 0
1592 -2.6185 0
1252 -2.6215 0
181 -2.6218 0
440 -2.6232 0
1266 -2.6313 0
788 -2.6385 0
1532 -2.6447 0
1454 -2.6455 0
1269 -2.6461 0
536 -2.6506 0
1877 -2.6531 0
1219 -2.6582 0
1364 -2.6643 0
1335 -2.6650 0
1328 -2.6680 0
1484 -2.6685 0
972 -2.6704 0
1510 -2.6720 0
146 -2.6767 0
1891 -2.6783 0
1972 -2.6819 0
1893 -2.6823 0
1321 -2.6827 0
196 -2.6830 0
1347 -2.6835 0
145 -2.6911 0
1992 -2.6953 0
757 -2.6961 0
1970 -2.7032 0
786 -2.7124 0
534 -2.7252 0
723 -2.7288 0
1899 -2.7304 0
297 -2.7324 0
463 -2.7339 0
846 -2.7339 0
518 -2.7399 0
190 -2.7403 0
826 -2.7413 0
206 -2.7424 0
722 -2.7448 0
1139 -2.7499 0
998 -2.7506 0
1778 -2.7518 0
424 -2.7528 0
106 -2.7541 0
1531 -2.7592 0
1336 -2.7632 0
800 -2.7723 0
1936 -2.7743 0
1478 -2.7743 0
1938 -2.7787 0
426 -2.7825 0
797 -2.7847 0
1140 -2.7858 0
754 -2.7863 0
825 -2.7884 0
42 -2.7916 0
1432 -2.7933 0
1299 -2.7935 0
1072 -2.7999 0
1488 -2.8002 0
1520 -2.8039 0
1546 -2.8083 0
1020 -2.8093 0
1982 -2.8095 0
138 -2.8124 0
591 -2.8147 0
1557 -2.8352 0
1526 -2.8353 0
785 -2.8392 0
1585 -2.8407 0
863 -2.8409 0
425 -2.8415 0
1548 -2.8459 0
1392 -2.8491 0
1015 -2.8521 0
1493 -2.8591 0
1765 -2.8640 0
1457 -2.8677 0
1502 -2.8679 0
1254 -2.8682 0
975 -2.8731 0
1463 -2.8741 0
200 -2.8749 0
1608 -2.8752 0
865 -2.8769 0
827 -2.8815 0
599 -2.8823 0
1230 -2.8832 0
738 -2.8870 0
1159 -2.8908 0
48 -2.8935 0
1106 -2.8982 0
214 -2.9055 0
630 -2.9069 0
481 -2.9075 0
679 -2.9080 0
1469 -2.9092 0
220 -2.9097 0
438 -2.9131 0
976 -2.9192 0
1033 -2.9232 0
46 -2.9248 0
1429 -2.9270 0
45 -2.9279 0
1231 -2.9283 0
1959 -2.9297 0
29 -2.9310 0
1440 -2.9311 0
737 -2.9332 0
1968 -2.9346 0
231 -2.9371 0
24 -2.9420 0
1110 -2.9482 0
1066 -2.9483 0
1274 -2.9484 0
1345 -2.9503 0
386 -2.9547 0
1618 -2.9557 0
564 -2.9596 0
982 -2.9607 0
1966 -2.9670 0
1324 -2.9679 0
1872 -2.9705 0
208 -2.9744 0
1590 -2.9795 0
320 -2.9805 0
1242 -2.9808 0
420 -2.9820 0
607 -2.9874 0
1648 -2.9911 0
1063 -2.9942 0
875 -2.9955 0
571 -2.9966 0
1512 -2.9993 0
116 -3.0000 0
858 -3.0005 0
559 -3.0061 0
490 -3.0071 0
1902 -3.0106 0
1900 -3.0158 0
703 -3.0162 0
884 -3.0272 0
735 -3.0278 0
1388 -3.0292 0
1903 -3.0329 0
416 -3.0329 0
1304 -3.0330 0
515 -3.0330 0
1129 -3.0342 0
871 -3.0396 0
238 -3.0403 0
1941 -3.0403 0
498 -3.0438 0
405 -3.0468 0
1288 -3.0489 0
322 -3.0494 0
102 -3.0516 0
922 -3.0577 0
811 -3.0587 0
415 -3.0606 0
774 -3.0610 0
413 -3.0644 0
1365 -3.0659 0
144 -3.0779 0
183 -3.0790 0
1134 -3.0835 0
891 -3.0886 0
671 -3.0894 0
1397 -3.0894 0
1047 -3.0895 0
1591 -3.0896 0
155 -3.0973 0
1418 -3.0984 0
739 -3.1109 0
442 -3.1122 0
626 -3.1142 0
1565 -3.1153 0
1097 -3.1194 0
1584 -3.1202 0
394 -3.1223 0
554 -3.1227 0
1960 -3.1246 0
1132 -3.1256 0
798 -3.1280 0
1381 -3.1280 0
1867 -3.1304 0
874 -3.1330 0
1300 -3.1350 0
213 -3.1462 0
1935 -3.1512 0
547 -3.1522 0
1579 -3.1533 0
970 -3.1561 0
1172 -3.1567 0
741 -3.1598 0
16 -3.1599 0
1962 -3.1647 0
1498 -3.1676 0
513 -3.1678 0
899 -3.1774 0
332 -3.1776 0
1243 -3.1789 0
1997 -3.1819 0
161 -3.1833 0
1845 -3.1847 0
253 -3.1852 0
1556 -3.1854 0
1876 -3.1871 0
997 -3.1874 0
966 -3.1882 0
670 -3.1893 0
765 -3.1926 0
1031 -3.1928 0
431 -3.1977 0
1514 -3.2036 0
734 -3.2051 0
1544 -3.2053 0
993 -3.2124 0
456 -3.2193 0
8 -3.2196 0
747 -3.2199 0
1937 -3.2218 0
194 -3.2315 0
1352 -3.2323 0
333 -3.2324 0
960 -3.2345 0
870 -3.2388 0
1925 -3.2401 0
844 -3.2425 0
522 -3.2426 0
1025 -3.2428 0
1049 -3.2457 0
295 -3.2485 0
531 -3.2500 0
1349 -3.2548 0
1538 -3.2564 0
781 -3.2574 0
1211 -3.2592 0
752 -3.2650 0
449 -3.2667 0
339 -3.2716 0
567 -3.2724 0
755 -3.2745 0
1277 -3.2750 0
1290 -3.2773 0
1995 -3.2817 0
1986 -3.2860 0
445 -3.2914 0
787 -3.2942 0
538 -3.2966 0
409 -3.2980 0
643 -3.2983 0
1084 -3.2992 0
240 -3.2997 0
407 -3.3023 0
1202 -3.3051 0
127 -3.3062 0
969 -3.3087 0
1320 -3.3117 0
519 -3.3123 0
1568 -3.3160 0
512 -3.3198 0
124 -3.3209 0
1639 -3.3210 0
128 -3.3211 0
1939 -3.3227 0
1059 -3.3396 0
579 -3.3422 0
371 -3.3437 0
157 -3.3447 0
136 -3.3491 0
1141 -3.3508 0
1222 -3.3585 0
540 -3.3614 0
1794 -3.3617 0
1536 -3.3618 0
668 -3.3628 0
921 -3.3638 0
876 -3.3668 0
558 -3.3674 0
242 -3.3697 0
362 -3.3735 0
1036 -3.3743 0
814 -3.3802 0
1030 -3.3804 0
1810 -3.3861 0
281 -3.3863 0
1045 -3.3883 0
1370 -3.3905 0
1289 -3.3919 0
1973 -3.3993 0
304 -3.4039 0
327 -3.4054 0
576 -3.4055 0
1566 -3.4061 0
41 -3.4087 0
551 -3.4089 0
331 -3.4103 0
1394 -3.4179 0
959 -3.4282 0
1186 -3.4310 0
1875 -3.4322 0
1586 -3.4335 0
1920 -3.4365 0
215 -3.4369 0
779 -3.4418 0
1226 -3.4461 0
1949 -3.4471 0
1481 -3.4506 0
569 -3.4540 0
1513 -3.4712 0
1262 -3.4738 0
1909 -3.4832 0
493 -3.4843 0
13 -3.4867 0
1056 -3.4874 0
1074 -3.4884 0
1623 -3.4933 0
35 -3.5019 0
1679 -3.5045 0
509 -3.5069 0
758 -3.5071 0
1551 -3.5150 0
1552 -3.5312 0
1523 -3.5323 0
622 -3.5337 0
764 -3.5344 0
1323 -3.5361 0
1529 -3.5389 0
1239 -3.5420 0
566 -3.5425 0
745 -3.5493 0
674 -3.5510 0
1975 -3.5516 0
1412 -3.5521 0
1098 -3.5537 0
1338 -3.5547 0
1180 -3.5572 0
1024 -3.5597 0
962 -3.5624 0
553 -3.5632 0
510 -3.5689 0
1439 -3.5757 0
1570 -3.5902 0
402 -3.5911 0
856 -3.5929 0
180 -3.5984 0
1681 -3.5998 0
1572 -3.6061 0
1588 -3.6073 0
1633 -3.6078 0
514 -3.6131 0
1841 -3.6135 0
816 -3.6156 0
1146 -3.6185 0
768 -3.6198 0
750 -3.6225 0
434 -3.6233 0
938 -3.6234 0
1895 -3.6247 0
1158 -3.6257 0
565 -3.6268 0
369 -3.6299 0
1496 -3.6306 0
40 -3.6420 0
724 -3.6423 0
1916 -3.6473 0
202 -3.6501 0
1988 -3.6520 0
1881 -3.6583 0
1064 -3.6623 0
1082 -3.6627 0
1577 -3.6630 0
1257 -3.6648 0
186 -3.6697 0
1974 -3.6766 0
746 -3.6774 0
443 -3.6782 0
1040 -3.6786 0
1201 -3.6788 0
1559 -3.6807 0
1595 -3.6812 0
477 -3.6849 0
222 -3.6887 0
710 -3.6969 0
1834 -3.6984 0
725 -3.6996 0
1609 -3.7132 0
1078 -3.7156 0
1125 -3.7208 0
588 -3.7224 0
1621 -3.7243 0
1034 -3.7262 0
705 -3.7415 0
393 -3.7419 0
486 -3.7444 0
770 -3.7448 0
23 -3.7463 0
237 -3.7544 0
111 -3.7568 0
589 -3.7569 0
1489 -3.7569 0
716 -3.7576 0
1041 -3.7580 0
1068 -3.7596 0
1492 -3.7650 0
537 -3.7653 0
1136 -3.7672 0
140 -3.7740 0
133 -3.7742 0
1287 -3.7787 0
1085 -3.7800 0
1008 -3.7804 0
1441 -3.8098 0
570 -3.8104 0
497 -3.8171 0
1857 -3.8175 0
372 -3.8219 0
516 -3.8232 0
387 -3.8264 0
696 -3.8282 0
983 -3.8286 0
532 -3.8331 0
1665 -3.8334 0
418 -3.8382 0
740 -3.8441 0
1483 -3.8455 0
523 -3.8475 0
446 -3.8486 0
1582 -3.8602 0
1979 -3.8622 0
721 -3.8673 0
367 -3.8688 0
1052 -3.8767 0
699 -3.8779 0
0 -3.8792 0
996 -3.8821 0
1946 -3.8844 0
211 -3.8897 0
1985 -3.8924 0
1249 -3.9036 0
1482 -3.9111 0
728 -3.9175 0
248 -3.9207 0
1553 -3.9274 0
796 -3.9285 0
1264 -3.9337 0
318 -3.9353 0
30 -3.9361 0
1119 -3.9374 0
500 -3.9392 0
1407 -3.9409 0
1540 -3.9482 0
1868 -3.9510 0
1343 -3.9532 0
1518 -3.9557 0
597 -3.9568 0
1374 -3.9572 0
809 -3.9628 0
685 -3.9635 0
1490 -3.9665 0
1420 -3.9720 0
1235 -3.9729 0
1990 -3.9762 0
778 -3.9805 0
1451 -3.9826 0
1578 -3.9901 0
692 -3.9913 0
1389 -4.0172 0
368 -4.0178 0
851 -4.0278 0
1225 -4.0325 0
429 -4.0326 0
1612 -4.0342 0
529 -4.0353 0
153 -4.0466 0
1127 -4.0477 0
169 -4.0497 0
1248 -4.0534 0
1332 -4.0540 0
1467 -4.0568 0
1684 -4.0578 0
1382 -4.0597 0
1587 -4.0623 0
312 -4.0655 0
36 -4.0704 0
1244 -4.0781 0
1858 -4.0786 0
1624 -4.0836 0
358 -4.0839 0
1504 -4.0846 0
410 -4.0940 0
1377 -4.0950 0
992 -4.1004 0
1205 -4.1030 0
1646 -4.1065 0
408 -4.1094 0
1367 -4.1186 0
360 -4.1240 0
243 -4.1287 0
763 -4.1627 0
388 -4.1648 0
1998 -4.1702 0
829 -4.1753 0
1699 -4.1779 0
1594 -4.1830 0
1043 -4.1844 0
380 -4.1861 0
1628 -4.1870 0
1399 -4.1884 0
1115 -4.1903 0
1455 -4.1906 0
944 -4.1912 0
1670 -4.1929 0
494 -4.1939 0
1245 -4.1941 0
1313 -4.1958 0
1295 -4.1979 0
1099 -4.1992 0
664 -4.2034 0
126 -4.2106 0
44 -4.2153 0
732 -4.2163 0
188 -4.2183 0
952 -4.2211 0
1667 -4.2226 0
1892 -4.2363 0
1468 -4.2386 0
1678 -4.2391 0
989 -4.2401 0
1424 -4.2435 0
950 -4.2492 0
1270 -4.2502 0
850 -4.2531 0
1976 -4.2564 0
1391 -4.2575 0
234 -4.2589 0
43 -4.2619 0
1050 -4.2625 0
1291 -4.2630 0
1562 -4.2630 0
1209 -4.2634 0
698 -4.2636 0
1651 -4.2687 0
1065 -4.2691 0
1145 -4.2714 0
1610 -4.2747 0
1353 -4.2805 0
1597 -4.2845 0
539 -4.2920 0
1112 -4.2929 0
112 -4.2983 0
706 -4.3054 0
468 -4.3068 0
1603 -4.3112 0
663 -4.3145 0
1434 -4.3157 0
581 -4.3216 0
1436 -4.3302 0
1093 -4.3354 0
18 -4.3383 0
167 -4.3393 0
1079 -4.3419 0
1096 -4.3425 0
887 -4.3429 0
485 -4.3595 0
218 -4.3610 0
1640 -4.3681 0
257 -4.3705 0
1589 -4.3711 0
232 -4.3722 0
1309 -4.3731 0
310 -4.3873 0
204 -4.3885 0
1555 -4.3904 0
118 -4.3948 0
1486 -4.3959 0
1341 -4.3977 0
701 -4.3979 0
422 -4.4037 0
1194 -4.4081 0
1128 -4.4087 0
1533 -4.4096 0
1016 -4.4098 0
1278 -4.4150 0
1216 -4.4155 0
432 -4.4210 0
345 -4.4232 0
168 -4.4233 0
662 -4.4244 0
1011 -4.4275 0
491 -4.4292 0
1615 -4.4317 0
1075 -4.4353 0
352 -4.4361 0
1880 -4.4399 0
33 -4.4460 0
1273 -4.4501 0
925 -4.4522 0
695 -4.4553 0
313 -4.4642 0
398 -4.4661 0
854 -4.4679 0
235 -4.4683 0
675 -4.4703 0
1446 -4.4781 0
660 -4.4831 0
1149 -4.4867 0
1294 -4.4876 0
658 -4.4890 0
681 -4.4934 0
316 -4.4945 0
546 -4.4980 0
1334 -4.5005 0
507 -4.5023 0
1511 -4.5044 0
759 -4.5091 0
780 -4.5112 0
524 -4.5140 0
1330 -4.5140 0
1908 -4.5152 0
1275 -4.5157 0
1234 -4.5214 0
391 -4.5220 0
1121 -4.5324 0
244 -4.5337 0
511 -4.5353 0
1251 -4.5443 0
1641 -4.5483 0
1387 -4.5492 0
749 -4.5539 0
1948 -4.5540 0
812 -4.5546 0
1014 -4.5552 0
1697 -4.5598 0
1212 -4.5633 0
1108 -4.5646 0
389 -4.5658 0
1460 -4.5688 0
528 -4.5696 0
967 -4.5705 0
478 -4.5715 0
1487 -4.5731 0
1573 -4.5740 0
1260 -4.5754 0
228 -4.5789 0
582 -4.5851 0
773 -4.5985 0
1923 -4.6021 0
1627 -4.6027 0
1346 -4.6077 0
370 -4.6145 0
1104 -4.6164 0
450 -4.6199 0
1279 -4.6214 0
117 -4.6235 0
1637 -4.6399 0
1258 -4.6400 0
574 -4.6410 0
1642 -4.6429 0
1861 -4.6454 0
1987 -4.6466 0
727 -4.6505 0
1293 -4.6509 0
1267 -4.6529 0
1007 -4.6603 0
1039 -4.6645 0
464 -4.6668 0
1501 -4.6701 0
31 -4.6707 0
1485 -4.6731 0
472 -4.6740 0
1656 -4.6782 0
1019 -4.6783 0
1006 -4.6806 0
356 -4.6817 0
482 -4.6820 0
951 -4.6827 0
1091 -4.6883 0
1284 -4.6888 0
1028 -4.6907 0
1088 -4.6943 0
1402 -4.6953 0
47 -4.6984 0
1265 -4.7002 0
25 -4.7003 0
1472 -4.7110 0
100 -4.7159 0
1593 -4.7179 0
1569 -4.7255 0
1095 -4.7290 0
953 -4.7293 0
508 -4.7317 0
476 -4.7357 0
753 -4.7408 0
1081 -4.7413 0
330 -4.7447 0
691 -4.7464 0
1147 -4.7484 0
373 -4.7538 0
1073 -4.7548 0
1409 -4.7588 0
326 -4.7620 0
441 -4.7672 0
1638 -4.7698 0
1473 -4.7714 0
340 -4.7721 0
1685 -4.7770 0
751 -4.7821 0
881 -4.7863 0
1386 -4.7899 0
1218 -4.7899 0
1631 -4.7905 0
964 -4.7925 0
437 -4.7938 0
1261 -4.8063 0
1444 -4.8087 0
1375 -4.8111 0
1643 -4.8192 0
1576 -4.8195 0
1333 -4.8293 0
1690 -4.8322 0
323 -4.8382 0
1002 -4.8398 0
673 -4.8417 0
465 -4.8417 0
1017 -4.8465 0
379 -4.8516 0
458 -4.8592 0
1494 -4.8624 0
653 -4.8734 0
1433 -4.8756 0
1453 -4.8760 0
1107 -4.8765 0
1475 -4.8783 0
1268 -4.8789 0
1022 -4.8839 0
1253 -4.8865 0
348 -4.8870 0
736 -4.8903 0
343 -4.9067 0
246 -4.9125 0
1046 -4.9151 0
1425 -4.9233 0
1682 -4.9255 0
1465 -4.9349 0
1023 -4.9392 0
1403 -4.9415 0
1683 -4.9444 0
1599 -4.9449 0
1919 -4.9463 0
1622 -4.9488 0
930 -4.9530 0
1061 -4.9617 0
1911 -4.9646 0
471 -4.9699 0
793 -4.9717 0
1305 -4.9811 0
307 -4.9839 0
867 -4.9853 0
291 -4.9891 0
965 -4.9983 0
914 -5.0022 0
1384 -5.0121 0
1350 -5.0133 0
1303 -5.0226 0
473 -5.0244 0
325 -5.0295 0
1003 -5.0318 0
1542 -5.0322 0
1687 -5.0335 0
676 -5.0344 0
1625 -5.0411 0
795 -5.0440 0
544 -5.0533 0
397 -5.0540 0
1602 -5.0551 0
375 -5.0558 0
986 -5.0561 0
1508 -5.0585 0
1012 -5.0760 0
1661 -5.0794 0
1355 -5.0882 0
1120 -5.0975 0
1499 -5.0997 0
1062 -5.1027 0
669 -5.1067 0
1464 -5.1080 0
110 -5.1086 0
892 -5.1164 0
1634 -5.1193 0
1691 -5.1194 0
678 -5.1214 0
1632 -5.1352 0
748 -5.1463 0
1348 -5.1481 0
775 -5.1521 0
319 -5.1559 0
1200 -5.1600 0
1285 -5.1620 0
135 -5.1659 0
864 -5.1704 0
659 -5.1744 0
1271 -5.1746 0
350 -5.1757 0
729 -5.2064 0
1549 -5.2112 0
973 -5.2114 0
1214 -5.2114 0
1362 -5.2188 0
366 -5.2199 0
1227 -5.2227 0
655 -5.2247 0
1547 -5.2347 0
1306 -5.2418 0
1497 -5.2470 0
421 -5.2531 0
329 -5.2583 0
452 -5.2616 0
665 -5.2772 0
1645 -5.2820 0
1413 -5.2880 0
783 -5.2904 0
1282 -5.2954 0
978 -5.3069 0
1090 -5.3151 0
708 -5.3156 0
1617 -5.3232 0
392 -5.3278 0
459 -5.3335 0
1232 -5.3448 0
661 -5.3479 0
1379 -5.3498 0
717 -5.3502 0
355 -5.3543 0
666 -5.3564 0
311 -5.3635 0
470 -5.3705 0
479 -5.3729 0
656 -5.3862 0
1630 -5.3949 0
742 -5.3988 0
1204 -5.4099 0
1221 -5.4132 0
1662 -5.4295 0
1089 -5.4309 0
1080 -5.4414 0
451 -5.4469 0
657 -5.4488 0
713 -5.4489 0
1213 -5.4496 0
1635 -5.4578 0
399 -5.4594 0
1105 -5.4619 0
383 -5.4645 0
1118 -5.4774 0
672 -5.4807 0
395 -5.4859 0
1070 -5.4874 0
894 -5.4881 0
1438 -5.4895 0
999 -5.4983 0
342 -5.4988 0
1337 -5.5007 0
1575 -5.5036 0
1611 -5.5056 0
1910 -5.5088 0
1614 -5.5151 0
1207 -5.5160 0
1060 -5.5247 0
1567 -5.5265 0
1904 -5.5286 0
1613 -5.5294 0
506 -5.5338 0
1385 -5.5488 0
521 -5.5517 0
1660 -5.5650 0
1395 -5.5746 0
467 -5.5768 0
1447 -5.5870 0
1229 -5.5908 0
1296 -5.5914 0
1644 -5.5922 0
709 -5.5968 0
535 -5.5982 0
1653 -5.6069 0
1359 -5.6092 0
1431 -5.6119 0
1461 -5.6155 0
813 -5.6159 0
455 -5.6211 0
457 -5.6311 0
1894 -5.6335 0
719 -5.6450 0
483 -5.6457 0
771 -5.6518 0
994 -5.6530 0
273 -5.6575 0
981 -5.6643 0
233 -5.6651 0
1263 -5.6664 0
1905 -5.6737 0
1543 -5.6824 0
1426 -5.6852 0
898 -5.7093 0
1882 -5.7180 0
1527 -5.7199 0
654 -5.7216 0
1215 -5.7235 0
1032 -5.7339 0
381 -5.7512 0
980 -5.7513 0
1658 -5.7590 0
652 -5.7599 0
1058 -5.7657 0
1228 -5.7787 0
230 -5.7811 0
954 -5.7899 0
714 -5.7901 0
1401 -5.7920 0
236 -5.7959 0
1100 -5.7963 0
1316 -5.7970 0
363 -5.7981 0
1430 -5.7991 0
689 -5.8245 0
249 -5.8299 0
1071 -5.8308 0
390 -5.8318 0
460 -5.8333 0
1688 -5.8366 0
1535 -5.8381 0
968 -5.8381 0
1933 -5.8416 0
245 -5.8493 0
335 -5.8560 0
1479 -5.8618 0
1404 -5.8622 0
1342 -5.8743 0
1442 -5.8767 0
1010 -5.8869 0
201 -5.8883 0
1605 -5.8917 0
354 -5.8920 0
1419 -5.8983 0
1208 -5.9016 0
890 -5.9066 0
365 -5.9069 0
489 -5.9070 0
1360 -5.9096 0
801 -5.9111 0
1417 -5.9116 0
1369 -5.9133 0
1522 -5.9231 0
1449 -5.9252 0
1692 -5.9295 0
761 -5.9333 0
694 -5.9486 0
1698 -5.9514 0
1237 -5.9617 0
1435 -5.9658 0
687 -5.9749 0
1406 -5.9906 0
733 -6.0064 0
1138 -6.0124 0
1626 -6.0168 0
488 -6.0251 0
306 -6.0303 0
1297 -6.0308 0
357 -6.0393 0
1657 -6.0406 0
1619 -6.0517 0
1311 -6.0692 0
1357 -6.0703 0
803 -6.0752 0
359 -6.0803 0
1600 -6.0826 0
1029 -6.0921 0
1659 -6.1045 0
1696 -6.1045 0
349 -6.1069 0
184 -6.1086 0
1607 -6.1127 0
308 -6.1156 0
1283 -6.1269 0
684 -6.1271 0
197 -6.1323 0
1087 -6.1366 0
690 -6.1432 0
1456 -6.1500 0
1410 -6.1740 0
1057 -6.1775 0
1259 -6.1944 0
377 -6.2088 0
1462 -6.2205 0
1604 -6.2207 0
766 -6.2311 0
376 -6.2350 0
1672 -6.2406 0
1693 -6.2702 0
475 -6.2703 0
453 -6.2737 0
337 -6.2752 0
1240 -6.2939 0
650 -6.3075 0
886 -6.3148 0
1361 -6.3275 0
872 -6.3288 0
1459 -6.3330 0
1238 -6.3463 0
985 -6.3687 0
958 -6.3725 0
1246 -6.3751 0
545 -6.3864 0
385 -6.3962 0
487 -6.3993 0
1452 -6.4176 0
353 -6.4298 0
351 -6.4361 0
241 -6.4519 0
364 -6.4701 0
1550 -6.4762 0
731 -6.4907 0
1650 -6.4976 0
384 -6.5000 0
303 -6.5130 0
1655 -6.5133 0
1122 -6.5186 0
1647 -6.5302 0
1396 -6.5323 0
164 -6.5606 0
1466 -6.6131 0
1422 -6.6352 0
1654 -6.6360 0
1680 -6.6390 0
1560 -6.6394 0
1272 -6.6399 0
361 -6.6507 0
688 -6.6529 0
1694 -6.6575 0
1276 -6.6601 0
697 -6.6716 0
1427 -6.6787 0
1450 -6.6876 0
1358 -6.6899 0
205 -6.6950 0
1677 -6.7043 0
1224 -6.7112 0
1124 -6.7197 0
1302 -6.7276 0
756 -6.7328 0
1298 -6.7456 0
1675 -6.7544 0
1663 -6.7742 0
1325 -6.7759 0
1280 -6.7966 0
1421 -6.7975 0
1286 -6.8097 0
492 -6.8234 0
1491 -6.8543 0
955 -6.8696 0
1351 -6.8904 0
1495 -6.8985 0
1616 -6.9268 0
957 -6.9397 0
382 -6.9417 0
1676 -6.9760 0
1669 -7.0238 0
1668 -7.0240 0
1652 -7.0338 0
1398 -7.0578 0
1671 -7.0633 0
791 -7.1671 0
1233 -7.1909 0
1476 -7.2021 0
1255 -7.2134 0
1470 -7.2140 0
430 -7.2219 0
1067 -7.2424 0
730 -7.2463 0
1368 -7.2495 0
1443 -7.2839 0
879 -7.2870 0
1009 -7.3184 0
1636 -7.3505 0
504 -7.4274 0
1415 -7.4367 0
396 -7.4758 0
1437 -7.4970 0
1686 -7.5070 0
1448 -7.5159 0
1400 -7.5738 0
207 -7.5845 0
1414 -7.6407 0
1664 -7.7467 0
1674 -7.7563 0
1689 -7.8057 0
1500 -7.8104 0
1405 -7.8146 0
469 -7.9979 0
1236 -8.0353 0
1380 -8.0520 0
1428 -8.0773 0
1038 -8.1705 0
1411 -8.2960 0
1695 -8.3621 0
1217 -8.4122 0
1281 -8.4428 0
1416 -8.8259 0
1673 -8.8790 0
1991 -8.9863 0
