1758 28.0408 1
1752 27.9805 1
1791 27.7992 1
1772 26.1838 1
1782 22.9692 1
1759 22.5114 1
1750 22.2944 1
1768 22.1797 1
1751 20.7591 1
1779 20.4441 1
1795 19.9618 1
1792 19.5793 1
1774 19.3815 1
1756 19.0519 1
1757 18.9797 1
1788 18.4051 1
1799 18.2455 1
1754 17.9424 1
1778 17.7876 1
1776 17.3435 1
1765 16.4284 1
1780 16.4119 1
1785 16.1777 1
1767 15.6057 1
1798 15.2420 1
1763 15.0730 1
1755 15.0439 1
1760 14.9309 1
1796 14.9002 1
1789 14.8988 1
1771 14.7064 1
1790 14.6189 1
1793 13.9153 1
1775 13.7656 1
1753 13.6935 1
1764 13.4153 1
1784 12.9616 1
1762 12.9376 1
1783 12.7138 1
1786 12.6374 1
1797 12.4361 1
1781 12.1453 1
1787 12.0525 1
1770 11.8746 1
615 9.5128 0
1794 8.9660 1
992 8.5165 0
1766 8.1821 1
26 8.0746 0
3 7.5815 0
1396 7.5393 0
10 7.5138 0
1039 7.5098 0
1390 7.2174 0
1164 6.8007 0
1184 6.7812 0
260 6.7046 0
6 6.7014 0
1773 6.6234 1
1897 6.4284 0
1526 6.3777 0
0 6.1289 0
1623 5.8106 0
1533 5.7320 0
732 5.7175 0
1769 5.4683 1
254 5.3419 0
1199 5.2954 0
1777 5.2235 1
1951 5.0882 0
41 4.9717 0
1622 4.9683 0
1023 4.7768 0
612 4.7674 0
1601 4.7471 0
1026 4.6971 0
1616 4.6699 0
1696 4.6626 0
1170 4.6056 0
1560 4.5746 0
293 4.4445 0
838 4.3494 0
1158 4.2856 0
28 4.2070 0
1726 4.1913 0
1887 4.1875 0
1521 4.1706 0
1503 4.1435 0
1197 4.1401 0
255 4.1322 0
1048 4.0713 0
1152 4.0519 0
359 4.0445 0
646 3.8478 0
1603 3.7034 0
1873 3.5545 0
1885 3.5476 0
482 3.5418 0
1618 3.5078 0
27 3.4652 0
613 3.4513 0
1007 3.4435 0
1546 3.3712 0
204 3.3279 0
1516 3.2960 0
1033 3.2815 0
1307 3.2174 0
1344 3.1876 0
1517 3.1868 0
742 3.1387 0
1037 3.0385 0
1510 3.0036 0
833 2.9902 0
1606 2.9869 0
275 2.9561 0
1182 2.9535 0
1543 2.9514 0
1836 2.9149 0
474 2.8779 0
1515 2.8670 0
1587 2.8559 0
1545 2.8470 0
486 2.8377 0
647 2.8200 0
42 2.8061 0
487 2.7967 0
1047 2.7700 0
1036 2.7677 0
1584 2.7248 0
642 2.7074 0
1860 2.7012 0
1857 2.6922 0
1892 2.6382 0
667 2.6255 0
1155 2.6241 0
1613 2.5649 0
1761 2.5606 1
621 2.5463 0
1541 2.5458 0
1511 2.5376 0
1741 2.5349 0
1629 2.5164 0
1891 2.4747 0
19 2.4717 0
711 2.4656 0
606 2.4591 0
1570 2.4005 0
1582 2.3754 0
1395 2.3745 0
629 2.3698 0
1481 2.3630 0
1645 2.3389 0
1162 2.2964 0
29 2.2576 0
47 2.2573 0
990 2.2161 0
1569 2.2138 0
230 2.2021 0
1628 2.1913 0
1627 2.1625 0
1962 2.1598 0
381 2.1475 0
633 2.1312 0
285 2.1200 0
1179 2.1026 0
17 2.0919 0
1579 2.0815 0
604 2.0747 0
1946 2.0727 0
1580 2.0600 0
1615 2.0489 0
1024 2.0486 0
616 2.0437 0
1353 2.0377 0
1326 2.0298 0
1514 1.9979 0
651 1.9942 0
1734 1.9861 0
1165 1.9847 0
1538 1.9804 0
271 1.9702 0
1559 1.9696 0
1107 1.9631 0
1609 1.9443 0
463 1.9404 0
1736 1.9117 0
1049 1.9071 0
1714 1.9046 0
184 1.9041 0
1987 1.8958 0
1552 1.8662 0
637 1.8644 0
958 1.8642 0
1855 1.8637 0
1553 1.8489 0
804 1.8370 0
1971 1.8299 0
630 1.8016 0
424 1.7546 0
1826 1.7463 0
1742 1.7448 0
977 1.7445 0
1599 1.7421 0
644 1.7372 0
1352 1.7296 0
570 1.7254 0
38 1.7212 0
603 1.6908 0
700 1.6868 0
1418 1.6782 0
1577 1.6641 0
1549 1.6600 0
1294 1.6537 0
1593 1.6446 0
1 1.6338 0
280 1.6167 0
234 1.5884 0
1314 1.5882 0
360 1.5813 0
1745 1.5727 0
253 1.5658 0
24 1.5629 0
291 1.5509 0
1527 1.5496 0
272 1.5347 0
571 1.5279 0
1321 1.5053 0
617 1.4953 0
1590 1.4875 0
1142 1.4703 0
1177 1.4665 0
1825 1.4535 0
384 1.4527 0
1958 1.4440 0
1574 1.4338 0
1567 1.4118 0
721 1.3938 0
514 1.3918 0
1737 1.3916 0
98 1.3789 0
1506 1.3771 0
1566 1.3630 0
1218 1.3619 0
1471 1.3608 0
736 1.3602 0
456 1.3502 0
374 1.3340 0
1554 1.3316 0
262 1.3044 0
638 1.2985 0
739 1.2918 0
467 1.2852 0
1596 1.2700 0
1195 1.2581 0
33 1.2498 0
1528 1.2463 0
1547 1.2412 0
1644 1.2295 0
1556 1.2207 0
623 1.2051 0
1890 1.2005 0
1507 1.1966 0
1621 1.1938 0
40 1.1923 0
1914 1.1918 0
1034 1.1901 0
522 1.1899 0
521 1.1897 0
357 1.1775 0
534 1.1741 0
622 1.1337 0
1977 1.1279 0
1565 1.1244 0
1551 1.1225 0
497 1.1141 0
39 1.1028 0
1856 1.0904 0
1581 1.0857 0
394 1.0607 0
1823 1.0588 0
1161 1.0578 0
1534 1.0566 0
263 1.0359 0
1159 1.0356 0
1301 1.0335 0
1898 1.0183 0
12 1.0134 0
1252 1.0133 0
1354 1.0082 0
636 1.0044 0
706 0.9954 0
1525 0.9950 0
539 0.9895 0
515 0.9847 0
209 0.9840 0
1626 0.9678 0
203 0.9665 0
1598 0.9642 0
1487 0.9614 0
611 0.9582 0
1558 0.9580 0
1009 0.9574 0
1157 0.9514 0
1620 0.9365 0
620 0.9233 0
1894 0.9159 0
527 0.9131 0
20 0.9000 0
1583 0.8896 0
520 0.8890 0
1504 0.8813 0
1452 0.8479 0
1044 0.8367 0
698 0.8329 0
1168 0.8278 0
1709 0.8268 0
4 0.8248 0
310 0.8042 0
1635 0.8015 0
78 0.7804 0
1457 0.7695 0
1700 0.7678 0
624 0.7634 0
1153 0.7614 0
1707 0.7613 0
690 0.7582 0
386 0.7517 0
726 0.7392 0
1824 0.7364 0
1739 0.7312 0
1594 0.7249 0
1379 0.7188 0
1402 0.7103 0
1346 0.7097 0
21 0.7042 0
1711 0.6972 0
509 0.6798 0
1595 0.6649 0
299 0.6586 0
172 0.6554 0
45 0.6513 0
1358 0.6300 0
330 0.6266 0
63 0.6261 0
1323 0.6022 0
154 0.5993 0
161 0.5884 0
1350 0.5805 0
1193 0.5769 0
1486 0.5706 0
1458 0.5677 0
1031 0.5644 0
1670 0.5507 0
1493 0.5503 0
1188 0.5466 0
605 0.5454 0
1040 0.5356 0
1008 0.5336 0
1189 0.5278 0
43 0.5276 0
1725 0.5251 0
1747 0.5251 0
1497 0.5204 0
1468 0.5116 0
643 0.4819 0
1723 0.4748 0
641 0.4630 0
1117 0.4613 0
1835 0.4472 0
1016 0.4426 0
51 0.4339 0
37 0.4239 0
1925 0.4143 0
1524 0.4066 0
1512 0.3972 0
190 0.3968 0
1536 0.3949 0
518 0.3758 0
1325 0.3653 0
465 0.3418 0
1178 0.3220 0
1295 0.3209 0
1535 0.3208 0
523 0.3172 0
1312 0.3161 0
1475 0.2881 0
851 0.2754 0
1733 0.2673 0
281 0.2428 0
192 0.2420 0
1815 0.2377 0
1204 0.2359 0
1746 0.2347 0
1589 0.2263 0
1540 0.2217 0
686 0.2196 0
5 0.2167 0
1154 0.2141 0
635 0.2109 0
1509 0.2096 0
503 0.2057 0
1550 0.2037 0
913 0.1997 0
1156 0.1664 0
22 0.1641 0
566 0.1617 0
1334 0.1532 0
261 0.1453 0
93 0.1402 0
1561 0.1364 0
1715 0.1348 0
1000 0.1323 0
1740 0.1268 0
1502 0.1263 0
899 0.1257 0
1604 0.1236 0
46 0.1162 0
447 0.1010 0
387 0.0935 0
583 0.0921 0
1643 0.0853 0
878 0.0786 0
1571 0.0726 0
608 0.0584 0
7 0.0555 0
1995 0.0540 0
1841 0.0449 0
1576 0.0293 0
187 0.0104 0
1192 0.0037 0
1046 -0.0026 0
628 -0.0034 0
1874 -0.0047 0
873 -0.0059 0
111 -0.0075 0
1955 -0.0090 0
1563 -0.0101 0
649 -0.0123 0
132 -0.0148 0
72 -0.0221 0
1880 -0.0285 0
1646 -0.0426 0
301 -0.0456 0
1254 -0.0466 0
1732 -0.0510 0
355 -0.0523 0
1520 -0.0575 0
1150 -0.0577 0
609 -0.0712 0
598 -0.0743 0
1393 -0.0743 0
383 -0.0775 0
1586 -0.0780 0
1610 -0.0851 0
1467 -0.0959 0
499 -0.1040 0
239 -0.1067 0
733 -0.1087 0
1302 -0.1092 0
238 -0.1127 0
1473 -0.1156 0
1388 -0.1192 0
760 -0.1193 0
1542 -0.1211 0
1463 -0.1253 0
1035 -0.1289 0
1666 -0.1340 0
1172 -0.1375 0
542 -0.1391 0
843 -0.1488 0
84 -0.1557 0
354 -0.1614 0
508 -0.1847 0
1013 -0.1849 0
370 -0.1866 0
1910 -0.1878 0
743 -0.1899 0
339 -0.1919 0
666 -0.1960 0
1518 -0.2077 0
356 -0.2154 0
1369 -0.2193 0
819 -0.2280 0
1557 -0.2327 0
9 -0.2471 0
618 -0.2481 0
1979 -0.2481 0
382 -0.2547 0
692 -0.2550 0
1539 -0.2595 0
312 -0.2633 0
1625 -0.2696 0
1722 -0.2706 0
174 -0.2763 0
1918 -0.2777 0
25 -0.2794 0
1341 -0.2962 0
289 -0.2992 0
100 -0.3017 0
432 -0.3024 0
468 -0.3077 0
1469 -0.3146 0
1513 -0.3156 0
1010 -0.3159 0
138 -0.3241 0
1956 -0.3268 0
1166 -0.3312 0
1681 -0.3319 0
1724 -0.3389 0
716 -0.3404 0
70 -0.3470 0
472 -0.3481 0
1018 -0.3537 0
540 -0.3698 0
1180 -0.3715 0
410 -0.3719 0
994 -0.3848 0
968 -0.3878 0
399 -0.3894 0
1639 -0.3907 0
413 -0.3931 0
166 -0.3994 0
459 -0.4086 0
939 -0.4132 0
1498 -0.4264 0
302 -0.4330 0
1896 -0.4379 0
1532 -0.4450 0
1967 -0.4506 0
1126 -0.4547 0
1953 -0.4591 0
989 -0.4604 0
127 -0.4696 0
1361 -0.4723 0
961 -0.4775 0
256 -0.4798 0
1947 -0.4818 0
32 -0.4896 0
1718 -0.4905 0
631 -0.4909 0
1694 -0.4993 0
350 -0.5045 0
1907 -0.5090 0
1986 -0.5135 0
1266 -0.5196 0
600 -0.5309 0
101 -0.5320 0
656 -0.5340 0
575 -0.5355 0
492 -0.5390 0
1942 -0.5398 0
1749 -0.5433 0
1612 -0.5441 0
88 -0.5464 0
489 -0.5541 0
1999 -0.5553 0
607 -0.5623 0
1461 -0.5643 0
1743 -0.5691 0
1377 -0.5761 0
480 -0.5797 0
1592 -0.5827 0
270 -0.5857 0
634 -0.6003 0
1948 -0.6010 0
130 -0.6058 0
1900 -0.6083 0
1258 -0.6131 0
1985 -0.6167 0
1328 -0.6180 0
176 -0.6181 0
191 -0.6197 0
574 -0.6293 0
863 -0.6296 0
807 -0.6360 0
1186 -0.6432 0
541 -0.6435 0
707 -0.6456 0
1032 -0.6465 0
65 -0.6474 0
650 -0.6477 0
1378 -0.6492 0
115 -0.6506 0
1299 -0.6514 0
226 -0.6595 0
1975 -0.6614 0
1965 -0.6639 0
283 -0.6692 0
134 -0.6811 0
1638 -0.6813 0
379 -0.6847 0
1121 -0.6915 0
1906 -0.7116 0
834 -0.7130 0
333 -0.7176 0
1648 -0.7191 0
1938 -0.7227 0
1480 -0.7294 0
496 -0.7358 0
1351 -0.7362 0
1712 -0.7419 0
645 -0.7459 0
175 -0.7515 0
182 -0.7524 0
1505 -0.7562 0
1611 -0.7579 0
371 -0.7614 0
485 -0.7658 0
279 -0.7672 0
1425 -0.7747 0
23 -0.7814 0
1196 -0.7859 0
535 -0.7860 0
670 -0.7868 0
501 -0.7880 0
342 -0.7886 0
595 -0.7955 0
1634 -0.7964 0
160 -0.7986 0
185 -0.8024 0
1730 -0.8104 0
1380 -0.8108 0
1387 -0.8137 0
155 -0.8195 0
610 -0.8198 0
1703 -0.8202 0
361 -0.8204 0
313 -0.8266 0
1347 -0.8291 0
53 -0.8391 0
1014 -0.8455 0
1288 -0.8494 0
619 -0.8504 0
156 -0.8531 0
1268 -0.8681 0
1729 -0.8746 0
488 -0.8861 0
1114 -0.8913 0
691 -0.9053 0
1607 -0.9064 0
578 -0.9095 0
352 -0.9099 0
148 -0.9113 0
1693 -0.9152 0
1484 -0.9194 0
416 -0.9221 0
568 -0.9254 0
380 -0.9286 0
934 -0.9290 0
528 -0.9328 0
1960 -0.9390 0
999 -0.9400 0
34 -0.9414 0
526 -0.9499 0
1146 -0.9561 0
1713 -0.9566 0
543 -0.9574 0
1976 -0.9581 0
1086 -0.9608 0
1813 -0.9634 0
412 -0.9740 0
1173 -0.9757 0
99 -0.9764 0
59 -0.9817 0
1038 -0.9832 0
1041 -0.9854 0
1617 -0.9877 0
1508 -0.9895 0
237 -0.9992 0
1945 -1.0053 0
510 -1.0067 0
1339 -1.0105 0
1915 -1.0241 0
493 -1.0257 0
1721 -1.0293 0
1476 -1.0425 0
358 -1.0474 0
1744 -1.0528 0
56 -1.0640 0
349 -1.0650 0
1519 -1.0721 0
1043 -1.0734 0
1988 -1.0756 0
1991 -1.0765 0
511 -1.0809 0
573 -1.0831 0
1522 -1.0852 0
389 -1.0886 0
1523 -1.1013 0
1474 -1.1013 0
1588 -1.1020 0
1464 -1.1036 0
929 -1.1130 0
85 -1.1147 0
454 -1.1189 0
392 -1.1228 0
749 -1.1297 0
1187 -1.1318 0
1470 -1.1399 0
1338 -1.1419 0
1408 -1.1427 0
171 -1.1468 0
1608 -1.1491 0
744 -1.1496 0
1564 -1.1504 0
591 -1.1514 0
1216 -1.1517 0
1717 -1.1541 0
1356 -1.1570 0
1927 -1.1574 0
552 -1.1589 0
755 -1.1642 0
897 -1.1675 0
1868 -1.1688 0
286 -1.1709 0
247 -1.1734 0
103 -1.1735 0
391 -1.1737 0
1814 -1.1797 0
1181 -1.1806 0
576 -1.1832 0
322 -1.1842 0
1119 -1.1912 0
1572 -1.1968 0
731 -1.2027 0
1020 -1.2046 0
653 -1.2088 0
663 -1.2090 0
1244 -1.2152 0
587 -1.2182 0
404 -1.2221 0
584 -1.2265 0
1260 -1.2447 0
625 -1.2464 0
1544 -1.2517 0
1684 -1.2577 0
1701 -1.2650 0
1656 -1.2658 0
1902 -1.2671 0
677 -1.2672 0
1274 -1.2705 0
462 -1.2708 0
727 -1.2715 0
1309 -1.2725 0
544 -1.2733 0
375 -1.2781 0
1940 -1.2801 0
1803 -1.2871 0
2 -1.2872 0
113 -1.2883 0
60 -1.2890 0
1287 -1.2978 0
200 -1.2999 0
1125 -1.3004 0
533 -1.3016 0
1981 -1.3040 0
177 -1.3050 0
458 -1.3061 0
1262 -1.3127 0
1530 -1.3143 0
309 -1.3203 0
388 -1.3203 0
1650 -1.3237 0
1844 -1.3272 0
165 -1.3272 0
909 -1.3317 0
996 -1.3326 0
398 -1.3330 0
502 -1.3342 0
1834 -1.3344 0
1308 -1.3384 0
1220 -1.3391 0
431 -1.3416 0
365 -1.3445 0
426 -1.3534 0
1005 -1.3542 0
1555 -1.3564 0
890 -1.3583 0
679 -1.3608 0
205 -1.3658 0
1151 -1.3663 0
475 -1.3699 0
266 -1.3768 0
1191 -1.3779 0
1077 -1.3811 0
1840 -1.3886 0
778 -1.3925 0
1489 -1.3931 0
212 -1.3947 0
1568 -1.3962 0
1636 -1.3983 0
1573 -1.4006 0
1331 -1.4018 0
1372 -1.4049 0
1854 -1.4053 0
1597 -1.4077 0
505 -1.4096 0
117 -1.4117 0
1924 -1.4131 0
632 -1.4146 0
1920 -1.4155 0
1807 -1.4157 0
655 -1.4158 0
1578 -1.4162 0
477 -1.4163 0
932 -1.4223 0
1277 -1.4233 0
1171 -1.4238 0
1649 -1.4252 0
1954 -1.4274 0
61 -1.4301 0
572 -1.4341 0
1015 -1.4387 0
1315 -1.4405 0
290 -1.4422 0
1899 -1.4508 0
1477 -1.4516 0
1916 -1.4520 0
207 -1.4528 0
351 -1.4545 0
1434 -1.4553 0
693 -1.4623 0
797 -1.4695 0
89 -1.4712 0
747 -1.4715 0
719 -1.4763 0
402 -1.4774 0
1069 -1.4786 0
1888 -1.4789 0
1422 -1.4828 0
1921 -1.4872 0
557 -1.4882 0
876 -1.4931 0
1653 -1.4933 0
709 -1.4935 0
62 -1.5024 0
1983 -1.5027 0
1143 -1.5050 0
1705 -1.5090 0
1025 -1.5152 0
222 -1.5155 0
220 -1.5159 0
178 -1.5181 0
1537 -1.5244 0
1360 -1.5273 0
110 -1.5283 0
1316 -1.5309 0
1248 -1.5355 0
546 -1.5378 0
1989 -1.5413 0
332 -1.5419 0
167 -1.5442 0
850 -1.5446 0
1944 -1.5564 0
1872 -1.5571 0
221 -1.5623 0
818 -1.5667 0
590 -1.5668 0
695 -1.5688 0
1647 -1.5769 0
548 -1.5784 0
759 -1.5803 0
723 -1.5806 0
714 -1.5875 0
1893 -1.5886 0
1531 -1.5947 0
559 -1.5955 0
1641 -1.5969 0
753 -1.5982 0
1383 -1.6016 0
151 -1.6026 0
1631 -1.6041 0
346 -1.6173 0
1027 -1.6185 0
777 -1.6202 0
657 -1.6339 0
273 -1.6343 0
547 -1.6385 0
705 -1.6393 0
1992 -1.6403 0
143 -1.6407 0
245 -1.6452 0
48 -1.6491 0
1249 -1.6522 0
1061 -1.6558 0
362 -1.6568 0
1318 -1.6633 0
531 -1.6634 0
147 -1.6658 0
1973 -1.6716 0
1163 -1.6716 0
1054 -1.6731 0
1175 -1.6755 0
55 -1.6765 0
1202 -1.6778 0
54 -1.6799 0
1605 -1.6821 0
57 -1.6821 0
1602 -1.6849 0
725 -1.6914 0
373 -1.6953 0
594 -1.6956 0
1499 -1.7043 0
904 -1.7106 0
1804 -1.7113 0
550 -1.7130 0
414 -1.7153 0
1333 -1.7165 0
232 -1.7238 0
500 -1.7250 0
1496 -1.7260 0
1211 -1.7296 0
1949 -1.7401 0
1397 -1.7441 0
1633 -1.7526 0
77 -1.7543 0
555 -1.7606 0
1994 -1.7606 0
1021 -1.7607 0
297 -1.7617 0
193 -1.7656 0
1459 -1.7656 0
1731 -1.7672 0
1491 -1.7719 0
1996 -1.7742 0
490 -1.7752 0
1303 -1.7778 0
1148 -1.7814 0
717 -1.7827 0
1702 -1.7830 0
506 -1.7849 0
963 -1.7859 0
1980 -1.7876 0
141 -1.7957 0
1950 -1.7982 0
1923 -1.8040 0
1984 -1.8045 0
538 -1.8075 0
1562 -1.8129 0
102 -1.8195 0
106 -1.8249 0
376 -1.8251 0
1132 -1.8262 0
114 -1.8277 0
809 -1.8295 0
36 -1.8392 0
832 -1.8399 0
243 -1.8412 0
92 -1.8414 0
91 -1.8423 0
30 -1.8450 0
31 -1.8590 0
1128 -1.8621 0
1392 -1.8629 0
452 -1.8641 0
215 -1.8672 0
746 -1.8692 0
15 -1.8694 0
307 -1.8703 0
1529 -1.8741 0
1591 -1.8746 0
1964 -1.8748 0
985 -1.8757 0
131 -1.8770 0
879 -1.8812 0
1630 -1.8823 0
343 -1.8860 0
484 -1.8921 0
1004 -1.8921 0
244 -1.8923 0
1169 -1.8926 0
601 -1.8992 0
983 -1.8996 0
368 -1.9048 0
411 -1.9056 0
1190 -1.9061 0
264 -1.9096 0
1848 -1.9131 0
1500 -1.9173 0
563 -1.9264 0
1929 -1.9287 0
201 -1.9321 0
1332 -1.9349 0
808 -1.9366 0
395 -1.9366 0
295 -1.9405 0
367 -1.9428 0
1657 -1.9441 0
1905 -1.9487 0
699 -1.9495 0
372 -1.9499 0
567 -1.9547 0
450 -1.9554 0
1690 -1.9561 0
366 -1.9565 0
1959 -1.9570 0
393 -1.9571 0
813 -1.9613 0
553 -1.9790 0
1365 -1.9796 0
491 -1.9888 0
353 -1.9907 0
1829 -1.9923 0
1719 -1.9947 0
288 -1.9954 0
519 -2.0059 0
562 -2.0083 0
724 -2.0088 0
978 -2.0094 0
8 -2.0147 0
842 -2.0155 0
853 -2.0156 0
953 -2.0173 0
1398 -2.0175 0
210 -2.0183 0
1600 -2.0207 0
530 -2.0244 0
830 -2.0259 0
363 -2.0264 0
1495 -2.0330 0
1340 -2.0349 0
121 -2.0357 0
1928 -2.0393 0
1492 -2.0399 0
1389 -2.0411 0
1904 -2.0489 0
1095 -2.0489 0
1296 -2.0519 0
1167 -2.0551 0
1012 -2.0584 0
1257 -2.0607 0
1364 -2.0629 0
1640 -2.0634 0
377 -2.0642 0
1242 -2.0708 0
1115 -2.0718 0
976 -2.0745 0
1882 -2.0755 0
973 -2.0827 0
1939 -2.0873 0
1926 -2.0897 0
671 -2.0899 0
1895 -2.0915 0
1871 -2.0926 0
1682 -2.0948 0
1042 -2.0980 0
423 -2.1097 0
1982 -2.1135 0
828 -2.1174 0
835 -2.1209 0
1465 -2.1231 0
1269 -2.1282 0
914 -2.1345 0
1427 -2.1371 0
1453 -2.1391 0
1728 -2.1398 0
305 -2.1422 0
1952 -2.1454 0
720 -2.1456 0
1632 -2.1513 0
627 -2.1524 0
331 -2.1525 0
926 -2.1564 0
1922 -2.1644 0
1451 -2.1651 0
1278 -2.1725 0
1371 -2.1823 0
1255 -2.1826 0
1665 -2.1830 0
1313 -2.1861 0
956 -2.1907 0
1447 -2.1947 0
1462 -2.2103 0
140 -2.2118 0
1974 -2.2136 0
324 -2.2207 0
826 -2.2247 0
965 -2.2254 0
1619 -2.2275 0
1185 -2.2358 0
1305 -2.2450 0
1138 -2.2452 0
1183 -2.2542 0
1424 -2.2551 0
1056 -2.2558 0
536 -2.2593 0
1329 -2.2638 0
68 -2.2653 0
470 -2.2660 0
1247 -2.2667 0
1678 -2.2714 0
1291 -2.2735 0
1243 -2.2776 0
1028 -2.2807 0
1833 -2.2845 0
108 -2.2870 0
257 -2.2875 0
341 -2.2897 0
473 -2.2898 0
1074 -2.2913 0
596 -2.2918 0
586 -2.2924 0
476 -2.2969 0
1908 -2.3029 0
1293 -2.3082 0
984 -2.3095 0
449 -2.3126 0
995 -2.3140 0
396 -2.3175 0
1658 -2.3252 0
580 -2.3261 0
1206 -2.3309 0
453 -2.3327 0
1909 -2.3333 0
1082 -2.3358 0
789 -2.3404 0
252 -2.3408 0
71 -2.3419 0
898 -2.3522 0
227 -2.3541 0
1264 -2.3551 0
987 -2.3563 0
1401 -2.3593 0
282 -2.3617 0
1876 -2.3620 0
682 -2.3642 0
741 -2.3645 0
513 -2.3647 0
1485 -2.3679 0
614 -2.3719 0
1651 -2.3723 0
660 -2.3746 0
1382 -2.3767 0
1660 -2.3794 0
1357 -2.3823 0
786 -2.3843 0
1993 -2.3983 0
1456 -2.4011 0
1292 -2.4023 0
16 -2.4032 0
158 -2.4038 0
86 -2.4116 0
672 -2.4146 0
780 -2.4162 0
1943 -2.4186 0
1842 -2.4224 0
1889 -2.4303 0
1282 -2.4311 0
1399 -2.4346 0
152 -2.4348 0
1176 -2.4423 0
1663 -2.4453 0
1212 -2.4584 0
947 -2.4632 0
1614 -2.4674 0
1017 -2.4677 0
648 -2.4684 0
1863 -2.4734 0
464 -2.4752 0
198 -2.4757 0
1849 -2.4791 0
1404 -2.4851 0
1092 -2.4882 0
315 -2.4882 0
397 -2.4907 0
1094 -2.4966 0
83 -2.5017 0
1230 -2.5034 0
1460 -2.5106 0
1642 -2.5117 0
1483 -2.5151 0
928 -2.5207 0
81 -2.5213 0
702 -2.5215 0
923 -2.5235 0
728 -2.5322 0
1432 -2.5342 0
224 -2.5384 0
18 -2.5398 0
537 -2.5437 0
952 -2.5463 0
240 -2.5631 0
1585 -2.5645 0
582 -2.5710 0
507 -2.5739 0
311 -2.5757 0
1298 -2.5760 0
76 -2.5763 0
1972 -2.5831 0
892 -2.5856 0
668 -2.5959 0
930 -2.6013 0
1237 -2.6056 0
1861 -2.6058 0
1934 -2.6064 0
1304 -2.6075 0
674 -2.6144 0
1439 -2.6157 0
1053 -2.6164 0
364 -2.6168 0
1194 -2.6263 0
1209 -2.6285 0
1969 -2.6294 0
135 -2.6295 0
1083 -2.6300 0
881 -2.6307 0
982 -2.6323 0
1073 -2.6334 0
1098 -2.6353 0
1030 -2.6354 0
406 -2.6378 0
1101 -2.6398 0
142 -2.6447 0
1936 -2.6460 0
875 -2.6476 0
1864 -2.6588 0
495 -2.6601 0
967 -2.6701 0
681 -2.6726 0
1381 -2.6780 0
1106 -2.6803 0
199 -2.6828 0
712 -2.6836 0
1214 -2.6839 0
1913 -2.6844 0
407 -2.6854 0
67 -2.6882 0
1688 -2.6886 0
162 -2.6909 0
1917 -2.6909 0
323 -2.6918 0
1250 -2.6929 0
1488 -2.6931 0
1160 -2.6944 0
525 -2.6950 0
1002 -2.6958 0
251 -2.6959 0
504 -2.6960 0
561 -2.7005 0
229 -2.7071 0
335 -2.7087 0
1827 -2.7089 0
1140 -2.7090 0
888 -2.7097 0
128 -2.7112 0
149 -2.7114 0
1283 -2.7130 0
1123 -2.7155 0
1851 -2.7209 0
1137 -2.7325 0
1821 -2.7330 0
1738 -2.7374 0
422 -2.7384 0
1727 -2.7411 0
883 -2.7428 0
1735 -2.7445 0
852 -2.7472 0
1454 -2.7518 0
1846 -2.7553 0
168 -2.7560 0
250 -2.7563 0
1391 -2.7570 0
1110 -2.7592 0
1229 -2.7620 0
887 -2.7679 0
1019 -2.7682 0
1386 -2.7727 0
1345 -2.7759 0
969 -2.7808 0
1654 -2.7838 0
683 -2.7851 0
82 -2.7870 0
1414 -2.7882 0
1672 -2.7899 0
1355 -2.7920 0
751 -2.7928 0
469 -2.7933 0
274 -2.7938 0
1075 -2.8003 0
1968 -2.8030 0
164 -2.8034 0
1931 -2.8044 0
1800 -2.8238 0
259 -2.8276 0
189 -2.8305 0
599 -2.8314 0
817 -2.8384 0
1867 -2.8425 0
673 -2.8425 0
216 -2.8474 0
1068 -2.8501 0
870 -2.8522 0
173 -2.8549 0
986 -2.8589 0
1869 -2.8603 0
704 -2.8604 0
803 -2.8629 0
860 -2.8650 0
1820 -2.8660 0
1862 -2.8682 0
1051 -2.8701 0
420 -2.8740 0
593 -2.8762 0
1174 -2.8830 0
940 -2.8899 0
1213 -2.8900 0
153 -2.8941 0
94 -2.8955 0
317 -2.8966 0
1394 -2.8973 0
997 -2.9004 0
960 -2.9008 0
750 -2.9050 0
767 -2.9067 0
684 -2.9092 0
1085 -2.9097 0
1853 -2.9149 0
925 -2.9177 0
1324 -2.9188 0
1374 -2.9228 0
1935 -2.9244 0
186 -2.9295 0
1420 -2.9299 0
169 -2.9338 0
326 -2.9350 0
1817 -2.9357 0
1330 -2.9363 0
1256 -2.9381 0
602 -2.9401 0
1368 -2.9426 0
1289 -2.9465 0
157 -2.9511 0
109 -2.9532 0
455 -2.9534 0
435 -2.9548 0
233 -2.9549 0
1494 -2.9559 0
1122 -2.9645 0
44 -2.9662 0
1279 -2.9690 0
626 -2.9713 0
1050 -2.9718 0
183 -2.9743 0
163 -2.9762 0
1883 -2.9766 0
524 -2.9774 0
694 -2.9779 0
893 -2.9781 0
428 -2.9905 0
1348 -2.9930 0
903 -2.9936 0
208 -2.9960 0
179 -2.9965 0
159 -3.0008 0
1215 -3.0062 0
1306 -3.0073 0
13 -3.0138 0
1297 -3.0187 0
1686 -3.0238 0
35 -3.0254 0
1281 -3.0268 0
483 -3.0269 0
781 -3.0285 0
498 -3.0298 0
517 -3.0459 0
265 -3.0489 0
924 -3.0502 0
1501 -3.0509 0
1901 -3.0600 0
1317 -3.0615 0
136 -3.0662 0
1652 -3.0717 0
768 -3.0734 0
955 -3.0756 0
730 -3.0771 0
494 -3.0818 0
1310 -3.0842 0
991 -3.0854 0
766 -3.0858 0
770 -3.0869 0
107 -3.0873 0
1978 -3.0894 0
703 -3.0894 0
385 -3.0900 0
1370 -3.0915 0
779 -3.0917 0
1691 -3.0928 0
1067 -3.0996 0
815 -3.1052 0
1875 -3.1090 0
1349 -3.1091 0
1342 -3.1099 0
347 -3.1125 0
125 -3.1139 0
774 -3.1144 0
1662 -3.1175 0
688 -3.1196 0
378 -3.1206 0
1430 -3.1214 0
345 -3.1244 0
872 -3.1323 0
1708 -3.1379 0
118 -3.1383 0
942 -3.1400 0
696 -3.1405 0
1263 -3.1408 0
560 -3.1463 0
1407 -3.1472 0
938 -3.1478 0
126 -3.1482 0
1320 -3.1501 0
877 -3.1571 0
119 -3.1602 0
1811 -3.1628 0
1624 -3.1640 0
1819 -3.1670 0
788 -3.1682 0
1548 -3.1693 0
348 -3.1696 0
1919 -3.1698 0
1144 -3.1719 0
87 -3.1725 0
569 -3.1758 0
738 -3.1835 0
445 -3.1872 0
1096 -3.1961 0
783 -3.1988 0
1311 -3.2009 0
1668 -3.2011 0
597 -3.2107 0
390 -3.2131 0
1234 -3.2145 0
1415 -3.2188 0
1903 -3.2232 0
249 -3.2243 0
1284 -3.2273 0
959 -3.2288 0
451 -3.2329 0
840 -3.2352 0
839 -3.2373 0
1145 -3.2427 0
211 -3.2430 0
1134 -3.2457 0
446 -3.2507 0
1208 -3.2516 0
1685 -3.2517 0
1966 -3.2536 0
1637 -3.2579 0
112 -3.2640 0
1205 -3.2640 0
1810 -3.2689 0
949 -3.2690 0
258 -3.2724 0
1100 -3.2728 0
1362 -3.2731 0
1055 -3.2742 0
950 -3.2807 0
300 -3.2827 0
678 -3.2853 0
822 -3.2859 0
1438 -3.2901 0
231 -3.2915 0
1253 -3.2952 0
1363 -3.2971 0
294 -3.3019 0
1699 -3.3049 0
340 -3.3087 0
1479 -3.3089 0
864 -3.3125 0
697 -3.3142 0
292 -3.3199 0
124 -3.3208 0
481 -3.3215 0
1335 -3.3223 0
639 -3.3254 0
558 -3.3266 0
1816 -3.3284 0
1850 -3.3325 0
276 -3.3390 0
11 -3.3453 0
1998 -3.3534 0
554 -3.3545 0
1064 -3.3665 0
1884 -3.3671 0
796 -3.3683 0
957 -3.3699 0
715 -3.3711 0
1858 -3.3723 0
50 -3.3749 0
14 -3.3752 0
1120 -3.3885 0
49 -3.3901 0
701 -3.3908 0
145 -3.3920 0
1093 -3.3962 0
849 -3.3975 0
267 -3.3984 0
1575 -3.4028 0
823 -3.4051 0
129 -3.4056 0
1886 -3.4131 0
1275 -3.4193 0
1057 -3.4199 0
304 -3.4326 0
97 -3.4342 0
821 -3.4402 0
946 -3.4435 0
448 -3.4442 0
1830 -3.4501 0
868 -3.4515 0
197 -3.4523 0
936 -3.4545 0
1290 -3.4571 0
1231 -3.4572 0
1327 -3.4590 0
1267 -3.4599 0
1080 -3.4647 0
592 -3.4651 0
1276 -3.4838 0
740 -3.4847 0
1084 -3.4928 0
1322 -3.4934 0
1058 -3.4951 0
1695 -3.4983 0
979 -3.4985 0
442 -3.5054 0
855 -3.5114 0
1273 -3.5135 0
757 -3.5158 0
461 -3.5222 0
403 -3.5261 0
1655 -3.5275 0
1070 -3.5287 0
1343 -3.5333 0
1198 -3.5367 0
418 -3.5444 0
1118 -3.5452 0
745 -3.5516 0
588 -3.5517 0
1210 -3.5528 0
585 -3.5540 0
1011 -3.5556 0
64 -3.5585 0
962 -3.5607 0
669 -3.5626 0
1970 -3.5650 0
308 -3.5655 0
1207 -3.5662 0
912 -3.5671 0
848 -3.5675 0
1865 -3.5766 0
1265 -3.5844 0
248 -3.5874 0
1224 -3.5899 0
1410 -3.5906 0
1228 -3.5914 0
758 -3.5921 0
981 -3.6020 0
1200 -3.6040 0
1866 -3.6044 0
675 -3.6050 0
1001 -3.6075 0
314 -3.6087 0
1367 -3.6112 0
654 -3.6156 0
1455 -3.6244 0
217 -3.6278 0
241 -3.6280 0
689 -3.6343 0
1482 -3.6349 0
718 -3.6360 0
1687 -3.6393 0
867 -3.6414 0
1131 -3.6449 0
921 -3.6457 0
1201 -3.6468 0
676 -3.6482 0
841 -3.6510 0
713 -3.6560 0
1072 -3.6574 0
1076 -3.6622 0
577 -3.6639 0
801 -3.6680 0
920 -3.6710 0
1433 -3.6718 0
761 -3.6765 0
652 -3.6771 0
972 -3.6824 0
1720 -3.6854 0
954 -3.6869 0
906 -3.6896 0
439 -3.6926 0
1933 -3.6930 0
792 -3.6978 0
327 -3.7020 0
457 -3.7022 0
1403 -3.7037 0
665 -3.7066 0
794 -3.7072 0
466 -3.7123 0
105 -3.7263 0
1443 -3.7272 0
902 -3.7275 0
1116 -3.7340 0
1149 -3.7376 0
1659 -3.7492 0
320 -3.7496 0
1450 -3.7570 0
219 -3.7648 0
773 -3.7671 0
970 -3.7732 0
441 -3.7769 0
430 -3.7781 0
329 -3.7836 0
1704 -3.7845 0
1241 -3.7851 0
1832 -3.7876 0
891 -3.7876 0
400 -3.7909 0
1961 -3.7940 0
1667 -3.8003 0
846 -3.8099 0
180 -3.8130 0
827 -3.8157 0
206 -3.8161 0
1689 -3.8222 0
202 -3.8310 0
123 -3.8322 0
748 -3.8325 0
1679 -3.8361 0
427 -3.8382 0
885 -3.8458 0
1879 -3.8504 0
869 -3.8541 0
1060 -3.8543 0
1136 -3.8552 0
831 -3.8560 0
1097 -3.8580 0
948 -3.8581 0
1366 -3.8655 0
1838 -3.8690 0
1089 -3.8722 0
196 -3.8757 0
1139 -3.8785 0
1435 -3.8804 0
194 -3.8814 0
436 -3.8823 0
1845 -3.8824 0
908 -3.8874 0
1022 -3.8992 0
836 -3.9035 0
369 -3.9130 0
945 -3.9131 0
225 -3.9138 0
1472 -3.9142 0
798 -3.9149 0
993 -3.9237 0
1805 -3.9248 0
680 -3.9380 0
1997 -3.9390 0
318 -3.9410 0
236 -3.9445 0
998 -3.9518 0
1226 -3.9540 0
811 -3.9540 0
1808 -3.9593 0
223 -3.9615 0
478 -3.9640 0
941 -3.9790 0
857 -3.9828 0
242 -3.9853 0
1078 -3.9939 0
916 -3.9970 0
951 -4.0002 0
1232 -4.0041 0
122 -4.0077 0
800 -4.0084 0
1259 -4.0144 0
662 -4.0148 0
964 -4.0207 0
150 -4.0258 0
722 -4.0267 0
1225 -4.0291 0
1801 -4.0325 0
235 -4.0395 0
1406 -4.0406 0
771 -4.0454 0
1963 -4.0482 0
1697 -4.0497 0
708 -4.0524 0
1219 -4.0587 0
96 -4.0622 0
1716 -4.0643 0
640 -4.0669 0
1285 -4.0675 0
980 -4.0694 0
1373 -4.0931 0
116 -4.0978 0
1843 -4.1011 0
268 -4.1053 0
1280 -4.1066 0
1698 -4.1106 0
933 -4.1109 0
1417 -4.1122 0
816 -4.1166 0
754 -4.1245 0
1706 -4.1282 0
1113 -4.1452 0
69 -4.1487 0
775 -4.1490 0
1466 -4.1525 0
793 -4.1556 0
1109 -4.1575 0
922 -4.1575 0
1261 -4.1591 0
1223 -4.1609 0
1029 -4.1627 0
516 -4.1696 0
1227 -4.1816 0
316 -4.1853 0
74 -4.1927 0
905 -4.1929 0
405 -4.1994 0
735 -4.2005 0
1932 -4.2048 0
344 -4.2107 0
1436 -4.2113 0
1112 -4.2114 0
334 -4.2120 0
581 -4.2135 0
532 -4.2244 0
1063 -4.2317 0
1124 -4.2323 0
710 -4.2366 0
1203 -4.2473 0
228 -4.2551 0
1270 -4.2653 0
1286 -4.2697 0
802 -4.2703 0
765 -4.2719 0
429 -4.2738 0
785 -4.2778 0
1444 -4.2783 0
1847 -4.2819 0
1692 -4.2852 0
1336 -4.2871 0
512 -4.2876 0
1235 -4.2885 0
1059 -4.2926 0
1937 -4.2935 0
1385 -4.2984 0
1238 -4.2995 0
214 -4.3012 0
865 -4.3032 0
298 -4.3052 0
415 -4.3080 0
866 -4.3080 0
1448 -4.3152 0
440 -4.3174 0
218 -4.3215 0
278 -4.3260 0
1859 -4.3282 0
556 -4.3340 0
195 -4.3366 0
1478 -4.3395 0
1680 -4.3481 0
73 -4.3538 0
805 -4.3541 0
1376 -4.3602 0
847 -4.3680 0
1413 -4.3709 0
471 -4.3725 0
1222 -4.3840 0
1135 -4.3842 0
862 -4.3853 0
769 -4.3882 0
425 -4.3893 0
1748 -4.3912 0
837 -4.3935 0
782 -4.3958 0
1881 -4.4095 0
188 -4.4115 0
1066 -4.4118 0
1818 -4.4148 0
1088 -4.4208 0
882 -4.4264 0
988 -4.4294 0
824 -4.4317 0
1437 -4.4382 0
529 -4.4468 0
144 -4.4513 0
1839 -4.4537 0
763 -4.4678 0
284 -4.4719 0
1105 -4.4736 0
408 -4.4825 0
900 -4.4864 0
1081 -4.4995 0
319 -4.5028 0
1141 -4.5056 0
1878 -4.5203 0
1941 -4.5305 0
460 -4.5311 0
1445 -4.5348 0
269 -4.5368 0
246 -4.5427 0
966 -4.5523 0
1251 -4.5547 0
858 -4.5552 0
806 -4.5663 0
1239 -4.5688 0
859 -4.5727 0
139 -4.5773 0
479 -4.5780 0
1669 -4.5788 0
75 -4.5790 0
434 -4.5807 0
1272 -4.5840 0
1677 -4.5904 0
1911 -4.5963 0
1045 -4.5964 0
1245 -4.6018 0
1375 -4.6056 0
1912 -4.6067 0
1337 -4.6128 0
1671 -4.6155 0
409 -4.6178 0
918 -4.6309 0
861 -4.6344 0
1090 -4.6345 0
795 -4.6391 0
971 -4.6434 0
1870 -4.6513 0
1079 -4.6538 0
1099 -4.6567 0
1812 -4.6650 0
1129 -4.6815 0
287 -4.6851 0
974 -4.6860 0
734 -4.6860 0
90 -4.6863 0
1429 -4.6877 0
1675 -4.6880 0
658 -4.6950 0
729 -4.6964 0
52 -4.7041 0
80 -4.7171 0
95 -4.7178 0
1828 -4.7179 0
1221 -4.7179 0
1006 -4.7182 0
685 -4.7236 0
896 -4.7243 0
1676 -4.7331 0
213 -4.7411 0
1683 -4.7447 0
901 -4.7625 0
776 -4.7657 0
549 -4.7677 0
1071 -4.7736 0
1300 -4.7765 0
1065 -4.7836 0
1661 -4.7930 0
336 -4.7945 0
565 -4.7974 0
444 -4.7977 0
1431 -4.7997 0
1446 -4.8051 0
664 -4.8190 0
1384 -4.8332 0
1852 -4.8470 0
1359 -4.8486 0
579 -4.8575 0
1990 -4.8653 0
784 -4.8706 0
927 -4.8735 0
417 -4.8830 0
1440 -4.8876 0
170 -4.9018 0
1490 -4.9117 0
1147 -4.9123 0
79 -4.9203 0
895 -4.9274 0
762 -4.9291 0
787 -4.9361 0
1822 -4.9399 0
337 -4.9467 0
1426 -4.9500 0
1809 -4.9582 0
545 -4.9639 0
799 -4.9656 0
437 -4.9790 0
1062 -4.9857 0
1127 -4.9927 0
564 -4.9993 0
1052 -5.0082 0
1412 -5.0231 0
325 -5.0324 0
1837 -5.0341 0
146 -5.0415 0
907 -5.0433 0
104 -5.0627 0
772 -5.0755 0
338 -5.0826 0
752 -5.1021 0
814 -5.1098 0
58 -5.1144 0
1710 -5.1188 0
1130 -5.1248 0
1102 -5.1251 0
589 -5.1370 0
756 -5.1421 0
1806 -5.1896 0
1319 -5.1934 0
894 -5.2102 0
321 -5.2175 0
1003 -5.2180 0
133 -5.2280 0
296 -5.2644 0
931 -5.2645 0
1957 -5.2750 0
1133 -5.2751 0
1108 -5.3232 0
401 -5.3336 0
1409 -5.3515 0
1271 -5.3693 0
1428 -5.3711 0
1441 -5.3810 0
328 -5.3890 0
1405 -5.4172 0
1449 -5.4183 0
1416 -5.4188 0
303 -5.4415 0
910 -5.4502 0
856 -5.4765 0
66 -5.4827 0
884 -5.5084 0
1673 -5.5263 0
1930 -5.5286 0
419 -5.5340 0
551 -5.5385 0
812 -5.5421 0
1103 -5.5622 0
1246 -5.5642 0
120 -5.5661 0
1674 -5.5769 0
845 -5.6049 0
844 -5.6116 0
889 -5.6133 0
937 -5.6646 0
880 -5.6665 0
1664 -5.6958 0
915 -5.7135 0
1104 -5.7559 0
687 -5.7634 0
1111 -5.7882 0
874 -5.8227 0
661 -5.8613 0
1240 -5.8668 0
421 -5.9054 0
659 -5.9129 0
1233 -5.9219 0
1400 -5.9278 0
1877 -5.9646 0
433 -6.0162 0
790 -6.0326 0
829 -6.0364 0
1419 -6.0464 0
854 -6.0471 0
820 -6.0491 0
443 -6.1013 0
306 -6.1290 0
975 -6.1606 0
737 -6.1699 0
181 -6.1965 0
935 -6.2591 0
917 -6.3026 0
1087 -6.3074 0
791 -6.3227 0
944 -6.3819 0
1802 -6.3876 0
1831 -6.4141 0
1236 -6.4169 0
1091 -6.5659 0
943 -6.5986 0
137 -6.6540 0
1423 -6.6549 0
1217 -6.6642 0
919 -6.6736 0
277 -6.7046 0
871 -6.8164 0
438 -6.9299 0
810 -7.1383 0
764 -7.1885 0
1442 -7.2969 0
911 -7.3354 0
1421 -7.3617 0
886 -7.4279 0
825 -8.0482 0
1411 -8.2998 0
