1811 24.3503 1
1817 23.5377 1
1802 23.2452 1
1844 23.2351 1
1814 22.9393 1
1803 22.5790 1
1831 22.4980 1
1826 22.1923 1
1838 21.8659 1
1849 21.0801 1
1820 20.4149 1
1806 20.1743 1
1812 19.8250 1
1810 18.7521 1
1842 18.6275 1
1805 18.4174 1
1840 18.4128 1
1818 18.4123 1
1843 18.1404 1
1816 17.3923 1
1822 17.0015 1
1841 16.6021 1
1827 16.5541 1
1837 16.5159 1
1828 16.0952 1
1830 15.2954 1
1808 15.2902 1
1809 15.0472 1
1813 14.7407 1
1829 13.5086 1
1847 13.3451 1
1848 13.3074 1
1833 11.9718 1
1821 11.6178 1
1801 10.9286 1
1804 10.8595 1
1832 10.6727 1
1815 10.0515 1
1823 9.8354 1
1839 9.3602 1
1819 9.2312 1
1800 8.0874 1
1835 8.0722 1
1834 8.0448 1
72 7.9688 0
1230 7.0789 0
121 6.8710 0
982 6.7278 0
960 6.5848 0
1807 6.5415 1
1198 6.5153 0
1825 6.4953 1
1846 6.2783 1
1824 6.1976 1
1845 5.9224 1
1725 5.7602 0
1747 5.7602 0
1836 5.6791 1
1883 5.4652 0
1322 5.4476 0
97 5.3116 0
1786 5.2126 0
76 5.2013 0
1701 5.1318 0
61 5.1077 0
648 4.9881 0
51 4.9422 0
60 4.8486 0
1733 4.8153 0
1727 4.8099 0
69 4.8035 0
417 4.7888 0
1710 4.7691 0
85 4.7550 0
970 4.7319 0
860 4.7027 0
1705 4.6259 0
459 4.6160 0
1736 4.5218 0
74 4.5030 0
1945 4.4473 0
57 4.4220 0
674 4.4177 0
70 4.3984 0
1704 4.3817 0
96 4.3606 0
1570 4.2733 0
1742 4.2287 0
264 4.1399 0
37 4.1082 0
82 4.1039 0
605 4.1031 0
1724 4.0860 0
1196 4.0607 0
1862 4.0490 0
1319 4.0280 0
1722 3.9128 0
1897 3.8905 0
256 3.8529 0
1762 3.8392 0
564 3.8001 0
191 3.7540 0
1773 3.7530 0
988 3.7294 0
1018 3.7124 0
1965 3.6850 0
967 3.6754 0
871 3.6480 0
164 3.6468 0
1132 3.6060 0
974 3.5817 0
1572 3.5807 0
833 3.5431 0
80 3.5236 0
1775 3.5201 0
95 3.5201 0
92 3.4697 0
837 3.4298 0
614 3.3949 0
991 3.3780 0
1106 3.3547 0
585 3.3546 0
1755 3.3062 0
413 3.2935 0
1326 3.2868 0
1189 3.2790 0
1086 3.2642 0
90 3.2617 0
608 3.2371 0
86 3.2336 0
282 3.1930 0
205 3.0736 0
1069 3.0634 0
1785 3.0413 0
1589 3.0120 0
1080 3.0073 0
1731 3.0036 0
98 2.9869 0
1860 2.9862 0
611 2.9829 0
58 2.9698 0
1885 2.9642 0
876 2.9495 0
1552 2.9470 0
294 2.9324 0
1735 2.8956 0
1060 2.8864 0
437 2.8654 0
620 2.8500 0
1154 2.7986 0
1887 2.7867 0
1403 2.7590 0
59 2.7289 0
1764 2.6865 0
1335 2.6041 0
1563 2.6030 0
434 2.5953 0
1748 2.5832 0
634 2.5712 0
824 2.5710 0
1183 2.5593 0
1890 2.5513 0
1176 2.5012 0
77 2.4939 0
81 2.4795 0
22 2.4768 0
635 2.4655 0
1853 2.4587 0
1872 2.4551 0
177 2.4377 0
1593 2.4375 0
890 2.4334 0
1738 2.4273 0
79 2.4144 0
115 2.4094 0
1888 2.3738 0
983 2.3665 0
959 2.3514 0
449 2.3459 0
276 2.3326 0
283 2.3173 0
409 2.3172 0
1092 2.3000 0
1729 2.2933 0
145 2.2879 0
646 2.2667 0
1711 2.2577 0
1702 2.2558 0
1706 2.2400 0
1879 2.2353 0
1152 2.2327 0
1599 2.2267 0
192 2.2160 0
1713 2.2103 0
116 2.1990 0
1855 2.1976 0
1595 2.1881 0
1087 2.1868 0
89 2.1685 0
934 2.1510 0
549 2.1501 0
1156 2.1429 0
640 2.1372 0
1716 2.1353 0
1151 2.1216 0
29 2.1059 0
1212 2.0924 0
979 2.0883 0
971 2.0798 0
153 2.0687 0
1708 2.0590 0
987 2.0480 0
972 2.0394 0
53 2.0327 0
46 2.0311 0
896 2.0148 0
1074 2.0103 0
632 1.9822 0
996 1.9812 0
1740 1.9710 0
1856 1.9691 0
1721 1.9564 0
425 1.9511 0
1757 1.9363 0
1686 1.9148 0
1963 1.8856 0
170 1.8829 0
91 1.8819 0
163 1.8753 0
265 1.8583 0
596 1.8539 0
588 1.8510 0
1594 1.8486 0
976 1.8410 0
1850 1.8384 0
1861 1.8365 0
500 1.8328 0
1865 1.8292 0
1717 1.8030 0
1732 1.7989 0
1709 1.7869 0
31 1.7863 0
1720 1.7720 0
1338 1.7704 0
52 1.7654 0
644 1.7475 0
998 1.7204 0
1889 1.6987 0
679 1.6801 0
997 1.6791 0
619 1.6740 0
1 1.6699 0
14 1.6654 0
341 1.6610 0
78 1.6586 0
1746 1.6494 0
1437 1.6368 0
474 1.6362 0
1024 1.6309 0
123 1.6251 0
1314 1.6230 0
875 1.6200 0
1141 1.6171 0
767 1.6119 0
120 1.6119 0
1431 1.5845 0
1416 1.5791 0
552 1.5675 0
187 1.5580 0
1539 1.5552 0
1052 1.5545 0
10 1.5492 0
338 1.5387 0
246 1.5386 0
1317 1.5384 0
964 1.5306 0
607 1.5176 0
1168 1.5140 0
1414 1.5106 0
843 1.5064 0
250 1.4952 0
1181 1.4896 0
515 1.4830 0
638 1.4823 0
1714 1.4711 0
1787 1.4621 0
599 1.4564 0
1793 1.4482 0
571 1.4452 0
814 1.4389 0
801 1.4272 0
296 1.4209 0
288 1.4030 0
43 1.3968 0
178 1.3921 0
829 1.3898 0
1373 1.3875 0
718 1.3852 0
1165 1.3815 0
1718 1.3805 0
1891 1.3788 0
1250 1.3354 0
1648 1.3322 0
623 1.3301 0
1164 1.3271 0
978 1.3218 0
278 1.3195 0
993 1.3173 0
1584 1.3052 0
154 1.2890 0
209 1.2806 0
1130 1.2775 0
696 1.2629 0
1573 1.2621 0
969 1.2523 0
1065 1.2522 0
64 1.2489 0
1723 1.2479 0
900 1.2460 0
568 1.2405 0
168 1.2341 0
71 1.2210 0
591 1.2098 0
578 1.2094 0
1993 1.2057 0
1719 1.1969 0
1794 1.1913 0
1763 1.1853 0
1919 1.1849 0
198 1.1848 0
1103 1.1771 0
726 1.1725 0
1160 1.1717 0
1744 1.1711 0
415 1.1606 0
1059 1.1486 0
1117 1.1457 0
621 1.1449 0
1917 1.1431 0
436 1.1397 0
686 1.1346 0
1448 1.1346 0
25 1.1207 0
806 1.1194 0
1430 1.1004 0
667 1.0967 0
1027 1.0941 0
1767 1.0879 0
54 1.0859 0
1178 1.0851 0
171 1.0833 0
1921 1.0755 0
49 1.0677 0
702 1.0538 0
1881 1.0443 0
103 1.0394 0
810 1.0374 0
1938 1.0354 0
144 1.0262 0
62 1.0253 0
880 1.0026 0
87 0.9973 0
984 0.9965 0
1730 0.9939 0
553 0.9888 0
1620 0.9872 0
189 0.9759 0
1253 0.9658 0
13 0.9600 0
137 0.9521 0
899 0.9136 0
551 0.9118 0
1173 0.9088 0
9 0.9074 0
5 0.8945 0
146 0.8838 0
1868 0.8745 0
1922 0.8743 0
149 0.8735 0
1139 0.8634 0
645 0.8606 0
122 0.8597 0
447 0.8515 0
423 0.8451 0
1119 0.8434 0
1715 0.8409 0
1928 0.8396 0
464 0.8310 0
590 0.8293 0
1590 0.8249 0
628 0.8230 0
1159 0.8133 0
88 0.8117 0
973 0.8017 0
491 0.7990 0
543 0.7910 0
1410 0.7867 0
1325 0.7865 0
175 0.7829 0
290 0.7799 0
125 0.7785 0
1099 0.7769 0
183 0.7723 0
1175 0.7716 0
106 0.7710 0
1778 0.7668 0
878 0.7620 0
466 0.7539 0
263 0.7430 0
666 0.7405 0
1133 0.7275 0
160 0.7179 0
196 0.7125 0
1220 0.7091 0
1076 0.7091 0
139 0.7035 0
1336 0.7029 0
11 0.7019 0
1591 0.7015 0
252 0.6918 0
406 0.6867 0
995 0.6853 0
639 0.6807 0
251 0.6754 0
707 0.6725 0
401 0.6716 0
531 0.6637 0
1445 0.6616 0
273 0.6519 0
440 0.6492 0
1078 0.6377 0
23 0.6367 0
277 0.6329 0
1791 0.6300 0
489 0.6256 0
1085 0.6115 0
1443 0.6061 0
223 0.5988 0
1098 0.5957 0
562 0.5878 0
1752 0.5857 0
104 0.5816 0
0 0.5795 0
1877 0.5783 0
966 0.5746 0
378 0.5708 0
21 0.5658 0
819 0.5628 0
769 0.5541 0
1559 0.5514 0
1554 0.5397 0
1408 0.5362 0
455 0.5349 0
55 0.5313 0
1867 0.5313 0
1982 0.5313 0
446 0.5274 0
435 0.5247 0
411 0.5238 0
151 0.5214 0
1743 0.5175 0
1894 0.5086 0
1873 0.5055 0
16 0.4984 0
580 0.4955 0
1071 0.4903 0
812 0.4868 0
848 0.4855 0
174 0.4733 0
1356 0.4649 0
1761 0.4602 0
258 0.4469 0
1555 0.4446 0
804 0.4288 0
39 0.4136 0
172 0.4131 0
1158 0.4109 0
502 0.4077 0
27 0.4038 0
454 0.4031 0
1869 0.3895 0
802 0.3890 0
26 0.3883 0
606 0.3817 0
618 0.3798 0
1021 0.3792 0
65 0.3782 0
108 0.3771 0
828 0.3660 0
1569 0.3646 0
1417 0.3633 0
1367 0.3585 0
445 0.3543 0
1777 0.3472 0
563 0.3395 0
1292 0.3394 0
1899 0.3338 0
247 0.3173 0
1312 0.3106 0
573 0.3100 0
1586 0.3011 0
642 0.2939 0
1383 0.2884 0
135 0.2860 0
861 0.2725 0
305 0.2676 0
35 0.2630 0
1749 0.2514 0
1976 0.2488 0
444 0.2440 0
1864 0.2424 0
208 0.2422 0
1313 0.2310 0
1576 0.2202 0
597 0.2200 0
661 0.2160 0
555 0.2160 0
1157 0.2142 0
180 0.2121 0
467 0.2120 0
1566 0.2110 0
480 0.2100 0
868 0.2070 0
1372 0.1993 0
34 0.1948 0
682 0.1943 0
285 0.1887 0
1630 0.1872 0
838 0.1767 0
1759 0.1739 0
593 0.1721 0
28 0.1710 0
217 0.1656 0
1082 0.1650 0
529 0.1638 0
1854 0.1575 0
419 0.1570 0
1288 0.1548 0
8 0.1544 0
852 0.1445 0
1613 0.1399 0
1088 0.1369 0
704 0.1331 0
613 0.1329 0
683 0.1307 0
173 0.1258 0
1936 0.1231 0
863 0.1154 0
1394 0.1115 0
1739 0.1112 0
332 0.1085 0
684 0.1050 0
20 0.1048 0
586 0.0945 0
1053 0.0791 0
1066 0.0783 0
743 0.0781 0
161 0.0727 0
1859 0.0723 0
261 0.0708 0
1084 0.0702 0
404 0.0629 0
176 0.0534 0
681 0.0510 0
724 0.0507 0
317 0.0446 0
1726 0.0403 0
691 0.0181 0
1121 0.0175 0
1407 0.0174 0
1269 0.0139 0
610 0.0072 0
1741 0.0051 0
1233 0.0043 0
1553 -0.0003 0
143 -0.0027 0
1798 -0.0038 0
267 -0.0162 0
1447 -0.0172 0
1728 -0.0382 0
1578 -0.0431 0
1054 -0.0566 0
846 -0.0589 0
1946 -0.0602 0
1754 -0.0647 0
800 -0.0666 0
1229 -0.0668 0
238 -0.0811 0
1101 -0.0968 0
981 -0.1066 0
576 -0.1071 0
641 -0.1113 0
1153 -0.1138 0
1169 -0.1145 0
298 -0.1185 0
1081 -0.1195 0
815 -0.1195 0
346 -0.1199 0
1202 -0.1253 0
190 -0.1265 0
18 -0.1306 0
916 -0.1308 0
1079 -0.1462 0
83 -0.1467 0
1155 -0.1515 0
1003 -0.1619 0
1618 -0.1682 0
403 -0.1718 0
888 -0.1830 0
992 -0.1866 0
587 -0.1930 0
63 -0.2044 0
577 -0.2108 0
1055 -0.2136 0
1237 -0.2144 0
612 -0.2157 0
764 -0.2172 0
304 -0.2177 0
94 -0.2197 0
986 -0.2268 0
1020 -0.2271 0
566 -0.2277 0
19 -0.2382 0
1124 -0.2419 0
185 -0.2443 0
471 -0.2480 0
1238 -0.2487 0
1091 -0.2585 0
354 -0.2623 0
1953 -0.2630 0
1852 -0.2701 0
216 -0.2794 0
615 -0.2798 0
1980 -0.2813 0
193 -0.2821 0
1114 -0.2868 0
429 -0.3015 0
299 -0.3041 0
1574 -0.3053 0
482 -0.3061 0
1898 -0.3100 0
958 -0.3114 0
269 -0.3161 0
827 -0.3183 0
1506 -0.3295 0
1068 -0.3319 0
1384 -0.3339 0
1688 -0.3364 0
1851 -0.3374 0
1796 -0.3384 0
410 -0.3414 0
1792 -0.3501 0
1050 -0.3514 0
1433 -0.3543 0
181 -0.3550 0
953 -0.3666 0
1866 -0.3686 0
603 -0.3818 0
1199 -0.3871 0
40 -0.3883 0
706 -0.3911 0
147 -0.4007 0
633 -0.4024 0
866 -0.4025 0
1375 -0.4081 0
1210 -0.4094 0
692 -0.4111 0
1277 -0.4120 0
38 -0.4164 0
1411 -0.4184 0
4 -0.4195 0
1436 -0.4247 0
687 -0.4255 0
1128 -0.4290 0
1795 -0.4301 0
507 -0.4384 0
340 -0.4409 0
622 -0.4426 0
138 -0.4426 0
1235 -0.4440 0
1349 -0.4473 0
1507 -0.4481 0
616 -0.4495 0
630 -0.4602 0
1707 -0.4634 0
1886 -0.4694 0
1556 -0.4714 0
1769 -0.4733 0
68 -0.4749 0
498 -0.4765 0
42 -0.4773 0
1077 -0.4774 0
1874 -0.4782 0
1134 -0.4908 0
1116 -0.4958 0
744 -0.4972 0
1585 -0.4981 0
1386 -0.5034 0
1217 -0.5089 0
1994 -0.5104 0
503 -0.5180 0
1188 -0.5185 0
476 -0.5283 0
152 -0.5290 0
127 -0.5317 0
1509 -0.5323 0
655 -0.5352 0
1974 -0.5371 0
117 -0.5376 0
1756 -0.5399 0
789 -0.5486 0
475 -0.5569 0
1170 -0.5573 0
93 -0.5576 0
226 -0.5580 0
1208 -0.5621 0
858 -0.5675 0
556 -0.5713 0
1163 -0.5772 0
1340 -0.5772 0
989 -0.5811 0
211 -0.5837 0
286 -0.5940 0
1876 -0.5990 0
647 -0.5998 0
1909 -0.6007 0
1061 -0.6041 0
739 -0.6066 0
213 -0.6080 0
202 -0.6086 0
1161 -0.6128 0
1187 -0.6223 0
359 -0.6327 0
1057 -0.6362 0
1577 -0.6377 0
41 -0.6435 0
1197 -0.6467 0
816 -0.6475 0
129 -0.6478 0
1641 -0.6484 0
1112 -0.6540 0
315 -0.6559 0
259 -0.6571 0
56 -0.6612 0
567 -0.6698 0
1397 -0.6715 0
479 -0.6754 0
142 -0.6812 0
725 -0.6849 0
1893 -0.6855 0
808 -0.6903 0
592 -0.6912 0
400 -0.6935 0
1266 -0.6977 0
1699 -0.7007 0
337 -0.7069 0
855 -0.7073 0
1440 -0.7092 0
530 -0.7121 0
1790 -0.7129 0
1363 -0.7322 0
1150 -0.7323 0
1321 -0.7392 0
1058 -0.7447 0
1426 -0.7495 0
1703 -0.7516 0
427 -0.7523 0
857 -0.7556 0
1442 -0.7565 0
257 -0.7642 0
1519 -0.7673 0
1939 -0.7743 0
1051 -0.7783 0
1127 -0.7794 0
1243 -0.7820 0
752 -0.7822 0
839 -0.7906 0
747 -0.7916 0
1224 -0.7926 0
1958 -0.8010 0
1328 -0.8010 0
830 -0.8013 0
234 -0.8053 0
1567 -0.8076 0
1568 -0.8094 0
1587 -0.8128 0
1896 -0.8137 0
1301 -0.8164 0
493 -0.8223 0
1983 -0.8229 0
219 -0.8235 0
1097 -0.8258 0
1095 -0.8306 0
985 -0.8381 0
1180 -0.8387 0
1558 -0.8436 0
851 -0.8458 0
1530 -0.8469 0
1182 -0.8494 0
416 -0.8494 0
1977 -0.8504 0
373 -0.8534 0
705 -0.8603 0
836 -0.8614 0
99 -0.8625 0
1929 -0.8630 0
873 -0.8642 0
637 -0.8668 0
581 -0.8752 0
1227 -0.8771 0
333 -0.8793 0
352 -0.8875 0
1424 -0.8936 0
347 -0.8980 0
1042 -0.8985 0
44 -0.9025 0
1781 -0.9051 0
1177 -0.9055 0
1012 -0.9082 0
274 -0.9085 0
575 -0.9095 0
275 -0.9095 0
1964 -0.9144 0
30 -0.9221 0
310 -0.9305 0
1924 -0.9374 0
574 -0.9391 0
362 -0.9414 0
867 -0.9431 0
105 -0.9433 0
372 -0.9472 0
1205 -0.9500 0
1422 -0.9506 0
6 -0.9576 0
218 -0.9582 0
484 -0.9592 0
398 -0.9617 0
490 -0.9634 0
1043 -0.9689 0
1465 -0.9694 0
1712 -0.9775 0
1216 -0.9797 0
1347 -0.9842 0
1073 -0.9845 0
1247 -0.9869 0
101 -0.9969 0
539 -0.9980 0
210 -0.9983 0
1374 -1.0049 0
1083 -1.0053 0
1571 -1.0070 0
134 -1.0142 0
1734 -1.0167 0
856 -1.0192 0
1222 -1.0230 0
48 -1.0235 0
668 -1.0249 0
850 -1.0252 0
1592 -1.0260 0
1925 -1.0296 0
511 -1.0311 0
915 -1.0332 0
864 -1.0377 0
289 -1.0456 0
465 -1.0463 0
494 -1.0471 0
1148 -1.0480 0
280 -1.0521 0
1610 -1.0579 0
402 -1.0598 0
1617 -1.0679 0
582 -1.0699 0
260 -1.0752 0
1285 -1.0776 0
412 -1.0783 0
481 -1.0790 0
698 -1.0799 0
1094 -1.0812 0
1956 -1.0860 0
448 -1.0868 0
443 -1.0877 0
1758 -1.0905 0
1959 -1.0926 0
735 -1.0965 0
1309 -1.1028 0
1918 -1.1042 0
723 -1.1065 0
1201 -1.1109 0
980 -1.1210 0
609 -1.1311 0
1457 -1.1324 0
1995 -1.1363 0
195 -1.1371 0
1310 -1.1382 0
961 -1.1383 0
703 -1.1395 0
1606 -1.1409 0
1694 -1.1415 0
505 -1.1419 0
1002 -1.1475 0
1598 -1.1478 0
1137 -1.1497 0
664 -1.1528 0
617 -1.1695 0
882 -1.1718 0
649 -1.1728 0
272 -1.1747 0
672 -1.1778 0
826 -1.1843 0
1663 -1.1851 0
1089 -1.1871 0
114 -1.1920 0
141 -1.1922 0
941 -1.1950 0
1261 -1.2005 0
1391 -1.2017 0
1402 -1.2026 0
832 -1.2037 0
433 -1.2053 0
1477 -1.2079 0
165 -1.2079 0
784 -1.2081 0
1564 -1.2089 0
1616 -1.2109 0
885 -1.2157 0
749 -1.2203 0
1880 -1.2215 0
128 -1.2227 0
1961 -1.2242 0
113 -1.2255 0
1123 -1.2281 0
936 -1.2344 0
1562 -1.2368 0
271 -1.2389 0
514 -1.2400 0
424 -1.2405 0
157 -1.2441 0
158 -1.2445 0
624 -1.2465 0
1770 -1.2516 0
1249 -1.2570 0
405 -1.2575 0
1389 -1.2609 0
450 -1.2621 0
1096 -1.2653 0
473 -1.2671 0
1090 -1.2689 0
1404 -1.2724 0
1737 -1.2727 0
84 -1.2733 0
386 -1.2748 0
366 -1.2763 0
942 -1.2782 0
1056 -1.2808 0
470 -1.2838 0
203 -1.2853 0
461 -1.2874 0
601 -1.2886 0
133 -1.2980 0
1461 -1.3015 0
1646 -1.3054 0
428 -1.3055 0
807 -1.3119 0
1627 -1.3171 0
1138 -1.3180 0
598 -1.3212 0
1651 -1.3253 0
1260 -1.3303 0
1004 -1.3362 0
1626 -1.3457 0
1219 -1.3460 0
100 -1.3486 0
497 -1.3520 0
1257 -1.3642 0
1439 -1.3656 0
1467 -1.3693 0
194 -1.3704 0
311 -1.3764 0
884 -1.3796 0
1681 -1.3830 0
1075 -1.3874 0
1986 -1.3888 0
1760 -1.3911 0
572 -1.3969 0
380 -1.3980 0
1551 -1.3994 0
657 -1.4002 0
1193 -1.4125 0
754 -1.4147 0
1870 -1.4189 0
15 -1.4196 0
1466 -1.4257 0
441 -1.4291 0
643 -1.4316 0
811 -1.4338 0
1110 -1.4343 0
715 -1.4358 0
233 -1.4363 0
506 -1.4504 0
669 -1.4507 0
458 -1.4519 0
504 -1.4539 0
859 -1.4543 0
712 -1.4551 0
1941 -1.4572 0
1654 -1.4603 0
1596 -1.4625 0
1621 -1.4654 0
439 -1.4695 0
532 -1.4723 0
1371 -1.4794 0
7 -1.4903 0
821 -1.4904 0
919 -1.4936 0
945 -1.4937 0
3 -1.4982 0
710 -1.5009 0
841 -1.5033 0
1254 -1.5049 0
1947 -1.5064 0
1863 -1.5105 0
1346 -1.5110 0
929 -1.5116 0
1129 -1.5139 0
940 -1.5153 0
1684 -1.5270 0
1696 -1.5342 0
847 -1.5385 0
1359 -1.5414 0
1628 -1.5426 0
889 -1.5454 0
1370 -1.5464 0
904 -1.5465 0
517 -1.5529 0
284 -1.5530 0
279 -1.5564 0
1297 -1.5581 0
926 -1.5595 0
1581 -1.5700 0
1334 -1.5725 0
2 -1.5752 0
1779 -1.5857 0
721 -1.5914 0
1143 -1.5935 0
1675 -1.5971 0
1934 -1.5976 0
840 -1.5987 0
1900 -1.6016 0
1882 -1.6040 0
570 -1.6054 0
225 -1.6079 0
1665 -1.6101 0
956 -1.6106 0
1502 -1.6108 0
1113 -1.6138 0
1452 -1.6183 0
1884 -1.6185 0
199 -1.6270 0
631 -1.6287 0
1671 -1.6297 0
1062 -1.6318 0
1225 -1.6319 0
594 -1.6325 0
237 -1.6355 0
1927 -1.6416 0
1418 -1.6443 0
627 -1.6461 0
1031 -1.6487 0
1304 -1.6491 0
287 -1.6504 0
748 -1.6509 0
270 -1.6527 0
197 -1.6541 0
755 -1.6583 0
126 -1.6590 0
109 -1.6600 0
887 -1.6600 0
206 -1.6662 0
1950 -1.6692 0
550 -1.6705 0
1207 -1.6714 0
321 -1.6730 0
281 -1.6761 0
314 -1.6813 0
665 -1.6827 0
714 -1.6867 0
1401 -1.6878 0
45 -1.6891 0
1378 -1.6951 0
822 -1.6977 0
1070 -1.7120 0
421 -1.7157 0
1780 -1.7158 0
1768 -1.7180 0
845 -1.7200 0
1978 -1.7261 0
1560 -1.7261 0
1458 -1.7330 0
662 -1.7424 0
266 -1.7454 0
805 -1.7459 0
1215 -1.7474 0
384 -1.7528 0
220 -1.7561 0
558 -1.7568 0
1327 -1.7578 0
928 -1.7581 0
1063 -1.7623 0
962 -1.7703 0
1270 -1.7725 0
778 -1.7729 0
947 -1.7757 0
1612 -1.7778 0
140 -1.7781 0
1296 -1.7819 0
1979 -1.7830 0
965 -1.7843 0
162 -1.7875 0
1908 -1.7930 0
685 -1.7973 0
155 -1.8078 0
118 -1.8089 0
393 -1.8170 0
1268 -1.8199 0
1342 -1.8235 0
547 -1.8267 0
243 -1.8287 0
1446 -1.8295 0
520 -1.8319 0
1289 -1.8336 0
420 -1.8355 0
1035 -1.8377 0
339 -1.8409 0
877 -1.8409 0
540 -1.8431 0
663 -1.8441 0
688 -1.8453 0
182 -1.8492 0
561 -1.8504 0
124 -1.8543 0
881 -1.8598 0
625 -1.8622 0
1419 -1.8629 0
745 -1.8649 0
24 -1.8659 0
1376 -1.8665 0
1766 -1.8675 0
1072 -1.8682 0
583 -1.8689 0
130 -1.8699 0
565 -1.8733 0
1432 -1.8843 0
1001 -1.8843 0
921 -1.8852 0
1695 -1.8861 0
1366 -1.8912 0
1008 -1.8924 0
1306 -1.8980 0
1583 -1.8984 0
761 -1.9035 0
820 -1.9044 0
796 -1.9069 0
1357 -1.9077 0
245 -1.9189 0
716 -1.9295 0
292 -1.9297 0
557 -1.9390 0
1782 -1.9411 0
1231 -1.9428 0
1772 -1.9441 0
1264 -1.9501 0
1915 -1.9504 0
1144 -1.9507 0
323 -1.9515 0
741 -1.9542 0
222 -1.9603 0
1406 -1.9654 0
569 -1.9658 0
1108 -1.9685 0
1228 -1.9721 0
1348 -1.9729 0
132 -1.9749 0
1600 -1.9786 0
1907 -1.9853 0
331 -1.9882 0
1115 -1.9902 0
1364 -1.9966 0
112 -2.0020 0
797 -2.0107 0
1685 -2.0123 0
903 -2.0131 0
32 -2.0152 0
1434 -2.0203 0
330 -2.0214 0
894 -2.0217 0
221 -2.0221 0
937 -2.0224 0
1413 -2.0226 0
1944 -2.0229 0
200 -2.0245 0
895 -2.0322 0
1209 -2.0338 0
554 -2.0344 0
492 -2.0347 0
1935 -2.0354 0
783 -2.0359 0
371 -2.0398 0
1799 -2.0403 0
844 -2.0462 0
1299 -2.0507 0
228 -2.0598 0
891 -2.0614 0
1633 -2.0629 0
910 -2.0649 0
1381 -2.0689 0
905 -2.0695 0
1933 -2.0755 0
1412 -2.0758 0
457 -2.0791 0
418 -2.0791 0
295 -2.0793 0
1997 -2.0835 0
1998 -2.0906 0
1147 -2.0909 0
66 -2.0959 0
1343 -2.0970 0
1948 -2.0975 0
1901 -2.0993 0
700 -2.1015 0
1162 -2.1019 0
1678 -2.1037 0
1920 -2.1043 0
1689 -2.1062 0
678 -2.1089 0
462 -2.1133 0
17 -2.1181 0
1392 -2.1212 0
1525 -2.1261 0
952 -2.1275 0
943 -2.1279 0
1037 -2.1295 0
1878 -2.1311 0
1111 -2.1312 0
545 -2.1328 0
963 -2.1338 0
1670 -2.1354 0
1435 -2.1365 0
671 -2.1436 0
1213 -2.1456 0
1382 -2.1508 0
1548 -2.1549 0
1365 -2.1554 0
469 -2.1554 0
546 -2.1556 0
1871 -2.1565 0
302 -2.1594 0
1221 -2.1597 0
1895 -2.1597 0
1632 -2.1618 0
1904 -2.1638 0
1999 -2.1649 0
293 -2.1649 0
862 -2.1671 0
1926 -2.1716 0
1985 -2.1778 0
719 -2.1824 0
201 -2.1856 0
670 -2.1876 0
1857 -2.1910 0
757 -2.1947 0
1300 -2.1951 0
1691 -2.1989 0
215 -2.2006 0
1167 -2.2041 0
528 -2.2046 0
909 -2.2046 0
600 -2.2067 0
1535 -2.2097 0
1441 -2.2141 0
584 -2.2150 0
1048 -2.2180 0
36 -2.2239 0
1244 -2.2268 0
1064 -2.2281 0
1186 -2.2359 0
1579 -2.2365 0
883 -2.2399 0
1645 -2.2406 0
1962 -2.2415 0
107 -2.2456 0
1246 -2.2466 0
442 -2.2535 0
407 -2.2553 0
1858 -2.2569 0
1954 -2.2595 0
924 -2.2641 0
1992 -2.2651 0
999 -2.2659 0
1369 -2.2673 0
1239 -2.2704 0
1968 -2.2767 0
1892 -2.2774 0
1318 -2.2809 0
47 -2.2809 0
1784 -2.2819 0
1622 -2.2857 0
12 -2.2883 0
854 -2.2926 0
367 -2.2938 0
231 -2.2943 0
1905 -2.2974 0
693 -2.3006 0
914 -2.3008 0
548 -2.3012 0
870 -2.3080 0
773 -2.3099 0
1875 -2.3116 0
1455 -2.3134 0
1449 -2.3152 0
1652 -2.3156 0
1629 -2.3162 0
1308 -2.3197 0
527 -2.3265 0
825 -2.3290 0
917 -2.3298 0
148 -2.3317 0
901 -2.3335 0
1640 -2.3335 0
809 -2.3398 0
523 -2.3464 0
1514 -2.3482 0
785 -2.3504 0
818 -2.3525 0
1700 -2.3548 0
75 -2.3556 0
1520 -2.3614 0
1046 -2.3796 0
932 -2.3818 0
1274 -2.3837 0
1561 -2.3856 0
1753 -2.3904 0
387 -2.3908 0
110 -2.4015 0
1655 -2.4061 0
241 -2.4084 0
1660 -2.4105 0
1550 -2.4133 0
297 -2.4174 0
268 -2.4192 0
1420 -2.4212 0
659 -2.4232 0
102 -2.4256 0
365 -2.4403 0
1387 -2.4437 0
432 -2.4466 0
1955 -2.4467 0
73 -2.4470 0
777 -2.4486 0
150 -2.4548 0
472 -2.4587 0
939 -2.4610 0
244 -2.4611 0
931 -2.4615 0
1013 -2.4625 0
1355 -2.4648 0
1987 -2.4668 0
1942 -2.4668 0
675 -2.4692 0
559 -2.4693 0
1145 -2.4733 0
589 -2.4743 0
1483 -2.4753 0
156 -2.4768 0
1320 -2.4773 0
1544 -2.4789 0
1642 -2.4826 0
521 -2.4841 0
1996 -2.4853 0
701 -2.4883 0
1631 -2.5041 0
772 -2.5058 0
1615 -2.5113 0
1329 -2.5199 0
1206 -2.5208 0
131 -2.5210 0
738 -2.5215 0
660 -2.5234 0
759 -2.5254 0
431 -2.5261 0
1661 -2.5267 0
255 -2.5292 0
1023 -2.5356 0
1492 -2.5359 0
1683 -2.5395 0
232 -2.5424 0
358 -2.5427 0
1951 -2.5535 0
1191 -2.5550 0
831 -2.5564 0
636 -2.5598 0
1911 -2.5648 0
1036 -2.5662 0
766 -2.5679 0
930 -2.5681 0
782 -2.5745 0
1241 -2.5777 0
1034 -2.5781 0
753 -2.5811 0
1385 -2.5833 0
1789 -2.5849 0
654 -2.5956 0
1271 -2.5957 0
1601 -2.6109 0
1149 -2.6116 0
1643 -2.6135 0
376 -2.6148 0
1653 -2.6149 0
742 -2.6156 0
1423 -2.6224 0
1988 -2.6281 0
1971 -2.6325 0
1658 -2.6337 0
1914 -2.6339 0
1194 -2.6386 0
1350 -2.6433 0
242 -2.6440 0
236 -2.6474 0
525 -2.6502 0
781 -2.6553 0
1019 -2.6588 0
1489 -2.6635 0
1745 -2.6657 0
1517 -2.6659 0
1033 -2.6716 0
1405 -2.6719 0
729 -2.6729 0
579 -2.6827 0
485 -2.6828 0
1582 -2.6838 0
652 -2.6842 0
368 -2.6860 0
1482 -2.6865 0
788 -2.6875 0
948 -2.6880 0
1245 -2.6907 0
879 -2.6937 0
711 -2.6989 0
1315 -2.7010 0
968 -2.7052 0
787 -2.7171 0
1524 -2.7183 0
1624 -2.7194 0
780 -2.7205 0
309 -2.7216 0
658 -2.7287 0
522 -2.7334 0
763 -2.7426 0
316 -2.7457 0
508 -2.7511 0
382 -2.7514 0
486 -2.7540 0
1937 -2.7549 0
1472 -2.7551 0
1323 -2.7584 0
1093 -2.7649 0
1184 -2.7656 0
1984 -2.7665 0
853 -2.7716 0
771 -2.7786 0
360 -2.7812 0
1040 -2.7890 0
751 -2.7890 0
212 -2.7894 0
709 -2.7948 0
390 -2.8003 0
736 -2.8021 0
1172 -2.8026 0
734 -2.8030 0
1100 -2.8035 0
834 -2.8037 0
1273 -2.8046 0
513 -2.8085 0
463 -2.8157 0
595 -2.8176 0
334 -2.8196 0
1415 -2.8214 0
842 -2.8229 0
452 -2.8266 0
1496 -2.8270 0
1788 -2.8272 0
1534 -2.8275 0
308 -2.8308 0
188 -2.8347 0
307 -2.8396 0
1223 -2.8429 0
1005 -2.8490 0
720 -2.8589 0
526 -2.8638 0
1211 -2.8650 0
994 -2.8670 0
728 -2.8672 0
1361 -2.8672 0
1952 -2.8702 0
758 -2.8741 0
451 -2.8762 0
391 -2.8777 0
793 -2.8826 0
1475 -2.8831 0
977 -2.8849 0
1126 -2.8869 0
262 -2.8870 0
1390 -2.8878 0
1505 -2.8935 0
950 -2.8958 0
320 -2.8967 0
136 -2.9022 0
1923 -2.9066 0
786 -2.9072 0
626 -2.9083 0
990 -2.9130 0
1797 -2.9165 0
835 -2.9198 0
159 -2.9278 0
253 -2.9364 0
768 -2.9390 0
1639 -2.9462 0
933 -2.9529 0
1352 -2.9560 0
388 -2.9584 0
1284 -2.9711 0
770 -2.9721 0
501 -2.9726 0
1179 -2.9785 0
1131 -2.9798 0
1265 -2.9811 0
1204 -2.9825 0
229 -2.9841 0
370 -3.0000 0
50 -3.0004 0
179 -3.0008 0
379 -3.0069 0
230 -3.0084 0
1750 -3.0120 0
911 -3.0164 0
438 -3.0206 0
694 -3.0239 0
1960 -3.0242 0
1421 -3.0267 0
1902 -3.0321 0
673 -3.0436 0
1490 -3.0456 0
1047 -3.0473 0
1022 -3.0593 0
1142 -3.0594 0
249 -3.0627 0
1603 -3.0668 0
1940 -3.0672 0
336 -3.0704 0
227 -3.0792 0
1625 -3.0793 0
1000 -3.0821 0
1200 -3.0838 0
1049 -3.0862 0
496 -3.0866 0
1528 -3.0877 0
1451 -3.0901 0
248 -3.0936 0
1166 -3.0943 0
1044 -3.0955 0
468 -3.0987 0
1399 -3.1022 0
1970 -3.1040 0
1267 -3.1046 0
1783 -3.1092 0
1588 -3.1105 0
324 -3.1143 0
1635 -3.1238 0
798 -3.1265 0
602 -3.1287 0
1967 -3.1332 0
1662 -3.1340 0
1454 -3.1341 0
776 -3.1371 0
1236 -3.1412 0
544 -3.1413 0
1104 -3.1422 0
1039 -3.1430 0
1203 -3.1436 0
1536 -3.1453 0
1547 -3.1531 0
1256 -3.1535 0
656 -3.1733 0
363 -3.1736 0
740 -3.1762 0
653 -3.1797 0
1255 -3.1898 0
737 -3.2060 0
1388 -3.2084 0
1280 -3.2084 0
1776 -3.2167 0
1275 -3.2178 0
166 -3.2196 0
1913 -3.2220 0
1605 -3.2276 0
1190 -3.2310 0
426 -3.2366 0
1698 -3.2372 0
1107 -3.2378 0
680 -3.2390 0
799 -3.2423 0
750 -3.2438 0
1486 -3.2459 0
1931 -3.2463 0
774 -3.2472 0
1339 -3.2500 0
1949 -3.2502 0
913 -3.2505 0
1362 -3.2549 0
369 -3.2563 0
1444 -3.2635 0
1330 -3.2652 0
394 -3.2664 0
1045 -3.2730 0
676 -3.2738 0
1541 -3.2770 0
898 -3.2806 0
1307 -3.2844 0
823 -3.2853 0
240 -3.2873 0
1666 -3.2925 0
355 -3.2952 0
756 -3.2961 0
1429 -3.2962 0
538 -3.3011 0
422 -3.3052 0
1657 -3.3099 0
536 -3.3199 0
1234 -3.3219 0
1537 -3.3223 0
1513 -3.3264 0
1484 -3.3340 0
872 -3.3435 0
1912 -3.3461 0
1125 -3.3497 0
1647 -3.3536 0
478 -3.3601 0
33 -3.3613 0
1146 -3.3626 0
119 -3.3662 0
414 -3.3670 0
254 -3.3698 0
1226 -3.3715 0
1494 -3.3771 0
697 -3.3797 0
1305 -3.3863 0
1259 -3.3868 0
1041 -3.4066 0
350 -3.4071 0
169 -3.4131 0
746 -3.4158 0
512 -3.4165 0
912 -3.4166 0
1030 -3.4199 0
1989 -3.4447 0
1608 -3.4652 0
1771 -3.4781 0
1498 -3.4791 0
869 -3.4840 0
1669 -3.4869 0
389 -3.4886 0
951 -3.4933 0
1503 -3.4956 0
722 -3.4960 0
488 -3.5002 0
1540 -3.5047 0
1214 -3.5057 0
1659 -3.5073 0
1185 -3.5090 0
1251 -3.5106 0
1192 -3.5145 0
1523 -3.5185 0
1474 -3.5251 0
207 -3.5256 0
1324 -3.5277 0
1351 -3.5413 0
1067 -3.5470 0
343 -3.5481 0
813 -3.5566 0
1969 -3.5574 0
874 -3.5585 0
946 -3.5785 0
1637 -3.5814 0
477 -3.5863 0
1538 -3.5879 0
345 -3.5883 0
1337 -3.5890 0
1017 -3.5933 0
1218 -3.5933 0
1680 -3.5963 0
395 -3.5991 0
1903 -3.6034 0
1531 -3.6133 0
1529 -3.6140 0
1026 -3.6153 0
629 -3.6181 0
1545 -3.6199 0
456 -3.6297 0
1242 -3.6304 0
817 -3.6327 0
1341 -3.6353 0
408 -3.6368 0
1011 -3.6369 0
938 -3.6371 0
560 -3.6398 0
1580 -3.6501 0
1331 -3.6528 0
918 -3.6553 0
760 -3.6559 0
1765 -3.6624 0
689 -3.6626 0
397 -3.6686 0
651 -3.6704 0
1682 -3.6725 0
1634 -3.6779 0
1118 -3.6829 0
1487 -3.6849 0
1697 -3.6850 0
542 -3.6869 0
460 -3.7001 0
1252 -3.7009 0
167 -3.7123 0
1693 -3.7137 0
1438 -3.7152 0
186 -3.7167 0
1690 -3.7295 0
399 -3.7347 0
516 -3.7373 0
1916 -3.7451 0
377 -3.7573 0
1140 -3.7581 0
927 -3.7807 0
1425 -3.7928 0
1932 -3.7934 0
1966 -3.7995 0
1038 -3.8041 0
510 -3.8044 0
1672 -3.8184 0
184 -3.8194 0
1676 -3.8318 0
1930 -3.8329 0
1981 -3.8344 0
1295 -3.8431 0
1957 -3.8450 0
361 -3.8538 0
1614 -3.8541 0
1510 -3.8600 0
907 -3.8700 0
1109 -3.8854 0
1102 -3.8917 0
1122 -3.8933 0
1518 -3.8948 0
374 -3.8954 0
1469 -3.8977 0
1512 -3.9103 0
1575 -3.9127 0
1619 -3.9141 0
1491 -3.9197 0
111 -3.9266 0
381 -3.9275 0
677 -3.9342 0
453 -3.9343 0
1668 -3.9354 0
1499 -3.9457 0
1664 -3.9523 0
954 -3.9553 0
1481 -3.9586 0
923 -3.9646 0
1006 -3.9710 0
1016 -3.9721 0
775 -3.9734 0
1906 -3.9853 0
1032 -3.9930 0
1287 -3.9933 0
518 -4.0114 0
1975 -4.0126 0
1677 -4.0173 0
1480 -4.0181 0
1636 -4.0216 0
1565 -4.0223 0
1029 -4.0251 0
1527 -4.0382 0
922 -4.0453 0
1010 -4.0499 0
291 -4.0574 0
1025 -4.0650 0
1135 -4.0670 0
886 -4.0679 0
1427 -4.0716 0
1136 -4.0765 0
1171 -4.0766 0
1611 -4.0778 0
1990 -4.0780 0
1014 -4.0792 0
1393 -4.0795 0
1638 -4.0799 0
537 -4.0814 0
534 -4.0815 0
949 -4.0902 0
975 -4.0904 0
1290 -4.0998 0
1428 -4.1045 0
604 -4.1051 0
732 -4.1101 0
344 -4.1105 0
383 -4.1154 0
765 -4.1254 0
865 -4.1275 0
1463 -4.1301 0
1485 -4.1328 0
483 -4.1522 0
1015 -4.1531 0
731 -4.1616 0
519 -4.1664 0
1333 -4.1681 0
224 -4.1741 0
300 -4.1867 0
1602 -4.1893 0
342 -4.1900 0
1667 -4.1901 0
713 -4.1927 0
1459 -4.1930 0
695 -4.2004 0
1377 -4.2034 0
1468 -4.2097 0
1972 -4.2163 0
509 -4.2164 0
1516 -4.2198 0
920 -4.2238 0
1473 -4.2249 0
1649 -4.2291 0
1687 -4.2351 0
1344 -4.2379 0
1294 -4.2408 0
1276 -4.2591 0
1258 -4.2639 0
1973 -4.2659 0
849 -4.2769 0
1105 -4.2850 0
375 -4.2860 0
792 -4.2875 0
1400 -4.2895 0
306 -4.2928 0
1504 -4.3034 0
1262 -4.3042 0
1240 -4.3099 0
214 -4.3189 0
1291 -4.3211 0
897 -4.3257 0
541 -4.3362 0
349 -4.3373 0
1174 -4.3417 0
1656 -4.3445 0
1774 -4.3451 0
1395 -4.3724 0
1460 -4.3753 0
1248 -4.3782 0
935 -4.4102 0
533 -4.4154 0
1311 -4.4413 0
239 -4.4436 0
319 -4.4604 0
906 -4.4628 0
204 -4.4637 0
1943 -4.4756 0
1497 -4.4898 0
1508 -4.4948 0
1609 -4.4985 0
957 -4.5022 0
328 -4.5033 0
1515 -4.5066 0
1293 -4.5146 0
1679 -4.5209 0
650 -4.5298 0
892 -4.5363 0
727 -4.5424 0
1542 -4.5445 0
318 -4.5457 0
1478 -4.5542 0
385 -4.5563 0
313 -4.5752 0
348 -4.5811 0
1028 -4.5869 0
322 -4.6068 0
795 -4.6171 0
1495 -4.6295 0
1692 -4.6316 0
717 -4.6402 0
1120 -4.6476 0
392 -4.6491 0
1546 -4.6718 0
1283 -4.6775 0
301 -4.6805 0
1380 -4.6858 0
67 -4.6902 0
1526 -4.6969 0
535 -4.7146 0
1604 -4.7623 0
762 -4.7680 0
1522 -4.7731 0
908 -4.7880 0
364 -4.7891 0
1644 -4.7979 0
733 -4.8270 0
1354 -4.8308 0
779 -4.8451 0
1360 -4.8587 0
1607 -4.8686 0
1471 -4.8737 0
1623 -4.8879 0
1462 -4.8925 0
690 -4.9136 0
1751 -4.9158 0
351 -4.9272 0
1470 -4.9509 0
708 -4.9528 0
1316 -4.9552 0
1456 -4.9647 0
524 -4.9767 0
1453 -4.9921 0
944 -4.9930 0
1272 -4.9958 0
1302 -5.0330 0
1650 -5.0937 0
893 -5.1180 0
1521 -5.1442 0
327 -5.1762 0
495 -5.1787 0
699 -5.2191 0
1557 -5.2317 0
1673 -5.2366 0
1396 -5.2557 0
1358 -5.2656 0
1464 -5.2817 0
1488 -5.2833 0
1549 -5.2850 0
803 -5.2853 0
430 -5.2954 0
356 -5.2995 0
329 -5.3098 0
326 -5.3136 0
902 -5.3221 0
312 -5.3328 0
1278 -5.4000 0
1286 -5.4667 0
1345 -5.4946 0
1597 -5.5888 0
1511 -5.5920 0
1368 -5.5968 0
335 -5.6148 0
1281 -5.6550 0
730 -5.6751 0
1543 -5.6862 0
1493 -5.7165 0
1501 -5.7757 0
1282 -5.7882 0
1007 -5.8070 0
1450 -5.8151 0
1195 -5.8277 0
1479 -5.8329 0
790 -5.8334 0
325 -5.8440 0
357 -5.8583 0
1674 -5.9008 0
1910 -5.9149 0
1991 -5.9235 0
1332 -5.9276 0
487 -5.9713 0
1409 -6.0093 0
1379 -6.0146 0
1500 -6.0496 0
794 -6.0504 0
235 -6.0926 0
1303 -6.1207 0
499 -6.1233 0
955 -6.2239 0
1353 -6.2384 0
1279 -6.3371 0
1532 -6.4155 0
396 -6.6192 0
791 -6.7772 0
925 -6.8026 0
1232 -6.8137 0
303 -6.9145 0
1533 -6.9593 0
1263 -6.9605 0
353 -7.0609 0
1398 -7.1694 0
1476 -7.8186 0
1009 -7.8818 0
1298 -8.5210 0
