1868 30.5713 1
1859 30.1105 1
1869 21.6856 1
1857 21.6695 1
1863 20.3620 1
1880 19.2413 1
1866 19.1931 1
1872 18.4452 1
1890 18.0268 1
1851 17.9071 1
1897 16.8042 1
1895 16.7530 1
1864 16.1010 1
1894 15.8199 1
1885 15.2373 1
1884 14.5000 1
1850 14.1817 1
1861 13.6188 1
1871 13.6103 1
1853 12.6946 1
1874 12.6594 1
1876 12.6161 1
1896 12.3133 1
1893 12.2337 1
1892 12.0611 1
1888 11.9587 1
1878 11.7519 1
1855 11.4020 1
114 11.1149 0
1875 11.0853 1
1882 10.7380 1
1898 9.7379 1
1881 9.6679 1
1867 9.3206 1
132 9.1809 0
1899 8.8151 1
1862 8.4658 1
1854 8.3254 1
1858 8.2797 1
1860 8.2072 1
1891 8.1229 1
1886 7.7247 1
717 7.7103 0
647 7.6594 0
952 7.3138 0
1883 7.2299 1
102 7.2185 0
1873 7.1309 1
611 7.0992 0
936 7.0667 0
39 7.0075 0
26 6.9920 0
339 6.9754 0
1865 6.7318 1
147 6.5692 0
947 6.5000 0
1852 6.4802 1
1887 6.3660 1
627 6.2191 0
1708 6.0056 0
226 5.6981 0
1221 5.5556 0
141 5.4625 0
548 5.4472 0
262 5.3794 0
739 5.3703 0
6 5.3387 0
180 5.3271 0
1915 5.3220 0
602 5.3155 0
940 5.2945 0
737 5.2017 0
648 5.1895 0
125 5.1286 0
1117 5.0573 0
1758 4.9015 0
136 4.8356 0
1958 4.7860 0
251 4.7798 0
1206 4.7561 0
270 4.6198 0
643 4.6114 0
941 4.6050 0
1978 4.5385 0
1870 4.5253 1
130 4.5163 0
1938 4.4975 0
1103 4.4549 0
38 4.4162 0
628 4.3945 0
1097 4.3825 0
276 4.3436 0
131 4.3341 0
623 4.2698 0
1762 4.2624 0
1807 4.2521 0
1906 4.2268 0
1982 4.2155 0
880 4.2097 0
330 4.1852 0
100 4.1678 0
552 4.1174 0
1990 3.9717 0
239 3.9513 0
0 3.9215 0
1835 3.8923 0
901 3.8202 0
1325 3.8068 0
1966 3.7678 0
135 3.7508 0
90 3.7476 0
570 3.7242 0
1110 3.7198 0
187 3.7027 0
1608 3.6585 0
1817 3.6367 0
500 3.6331 0
608 3.5723 0
587 3.5584 0
450 3.5502 0
1995 3.5442 0
1404 3.5379 0
715 3.5275 0
595 3.5266 0
72 3.5223 0
4 3.5181 0
1997 3.5040 0
1959 3.4915 0
555 3.4623 0
13 3.4540 0
1987 3.4360 0
1133 3.3701 0
448 3.3652 0
41 3.3231 0
266 3.3138 0
560 3.3032 0
511 3.2870 0
209 3.2829 0
68 3.2687 0
566 3.2673 0
635 3.2608 0
1971 3.2426 0
231 3.2368 0
1224 3.2282 0
138 3.2227 0
638 3.2047 0
1999 3.1803 0
948 3.1801 0
1856 3.1368 1
1796 3.1266 0
1054 3.1230 0
907 3.1045 0
435 3.1002 0
1753 3.0807 0
1144 3.0799 0
121 3.0774 0
711 3.0605 0
1786 3.0505 0
1733 3.0505 0
1416 3.0029 0
924 2.9913 0
22 2.9890 0
1148 2.9425 0
1104 2.9424 0
1305 2.9317 0
929 2.9185 0
115 2.8996 0
949 2.8863 0
154 2.8802 0
520 2.8775 0
591 2.8645 0
1626 2.8302 0
918 2.8194 0
65 2.8163 0
598 2.8023 0
1977 2.7902 0
536 2.7595 0
210 2.7267 0
440 2.7146 0
927 2.7105 0
109 2.7094 0
1981 2.6992 0
636 2.6970 0
634 2.6964 0
1666 2.6913 0
554 2.6839 0
1722 2.6760 0
427 2.6660 0
1803 2.6549 0
557 2.6464 0
37 2.6199 0
1623 2.6079 0
1908 2.6052 0
534 2.5943 0
1174 2.5847 0
1996 2.5810 0
625 2.5606 0
575 2.5516 0
35 2.5218 0
192 2.5140 0
516 2.5040 0
23 2.5036 0
1705 2.4899 0
1641 2.4864 0
1323 2.4795 0
1801 2.4784 0
1139 2.4746 0
268 2.4621 0
28 2.4415 0
32 2.4403 0
1974 2.4320 0
295 2.4060 0
432 2.4040 0
1961 2.3998 0
1944 2.3772 0
1901 2.3770 0
1408 2.3654 0
1980 2.3560 0
117 2.3506 0
1102 2.3171 0
112 2.3076 0
561 2.2827 0
1775 2.2801 0
1910 2.2699 0
43 2.2624 0
203 2.2613 0
902 2.2569 0
483 2.2519 0
1889 2.2493 1
113 2.2351 0
1205 2.2317 0
1232 2.2212 0
46 2.2211 0
1764 2.2132 0
1236 2.1690 0
1973 2.1658 0
42 2.1650 0
19 2.1412 0
416 2.1362 0
1346 2.1126 0
945 2.0970 0
1988 2.0961 0
1268 2.0945 0
177 2.0845 0
1998 2.0757 0
14 2.0540 0
1963 2.0286 0
931 2.0063 0
578 1.9933 0
106 1.9926 0
59 1.9875 0
505 1.9844 0
1724 1.9833 0
1960 1.9810 0
565 1.9733 0
33 1.9665 0
1823 1.9609 0
622 1.9465 0
746 1.9281 0
1648 1.9239 0
743 1.9136 0
178 1.9001 0
1773 1.8985 0
1181 1.8949 0
182 1.8941 0
228 1.8910 0
1059 1.8852 0
1714 1.8762 0
1841 1.8673 0
1979 1.8665 0
1986 1.8530 0
1808 1.8482 0
934 1.8465 0
150 1.8461 0
1696 1.8423 0
1814 1.8397 0
583 1.8392 0
862 1.8342 0
1444 1.8237 0
1052 1.8140 0
29 1.8059 0
1909 1.8003 0
720 1.7894 0
510 1.7864 0
1907 1.7857 0
1720 1.7752 0
734 1.7747 0
789 1.7642 0
137 1.7373 0
1931 1.7239 0
572 1.7182 0
1975 1.7146 0
159 1.7035 0
188 1.6911 0
107 1.6889 0
402 1.6738 0
1781 1.6665 0
104 1.6651 0
529 1.6644 0
1634 1.6568 0
508 1.6526 0
630 1.6204 0
586 1.6183 0
1985 1.6106 0
1777 1.6062 0
937 1.6047 0
645 1.6008 0
747 1.5996 0
292 1.5921 0
494 1.5762 0
563 1.5738 0
1735 1.5481 0
859 1.5461 0
984 1.5406 0
1782 1.5379 0
1051 1.5274 0
127 1.5270 0
1618 1.5269 0
1627 1.5253 0
639 1.5201 0
1405 1.5056 0
592 1.5018 0
979 1.4997 0
1956 1.4970 0
714 1.4892 0
128 1.4762 0
134 1.4665 0
920 1.4606 0
1391 1.4563 0
1228 1.4523 0
1082 1.4395 0
1173 1.4163 0
1972 1.4081 0
248 1.4065 0
277 1.4024 0
589 1.3984 0
1342 1.3625 0
926 1.3592 0
261 1.3498 0
588 1.3424 0
935 1.3393 0
465 1.3351 0
223 1.3276 0
1934 1.3241 0
1798 1.3177 0
1340 1.3122 0
229 1.3103 0
956 1.3074 0
905 1.2966 0
1646 1.2927 0
186 1.2832 0
569 1.2814 0
299 1.2716 0
562 1.2680 0
1917 1.2603 0
347 1.2481 0
1701 1.2331 0
718 1.2286 0
633 1.2266 0
477 1.2140 0
421 1.2107 0
482 1.2083 0
473 1.2055 0
256 1.1936 0
267 1.1925 0
939 1.1914 0
1275 1.1869 0
1793 1.1808 0
288 1.1741 0
541 1.1729 0
1969 1.1673 0
1759 1.1614 0
914 1.1542 0
18 1.1535 0
821 1.1528 0
169 1.1453 0
908 1.1447 0
506 1.1428 0
1902 1.1389 0
712 1.1351 0
640 1.1341 0
1962 1.1322 0
559 1.1288 0
1964 1.1183 0
1319 1.1182 0
568 1.1172 0
118 1.1106 0
1075 1.1093 0
1614 1.1072 0
1828 1.1006 0
296 1.0928 0
145 1.0901 0
704 1.0901 0
467 1.0865 0
3 1.0666 0
610 1.0664 0
480 1.0629 0
1390 1.0609 0
1247 1.0606 0
600 1.0590 0
1197 1.0579 0
946 1.0416 0
1113 1.0329 0
179 1.0318 0
669 1.0313 0
917 1.0184 0
959 1.0182 0
716 1.0140 0
120 1.0127 0
105 1.0110 0
47 1.0042 0
15 1.0019 0
1610 0.9988 0
1652 0.9976 0
1062 0.9914 0
545 0.9871 0
1424 0.9815 0
962 0.9782 0
686 0.9712 0
30 0.9705 0
447 0.9635 0
982 0.9614 0
1989 0.9610 0
215 0.9580 0
1734 0.9529 0
1081 0.9510 0
526 0.9508 0
280 0.9424 0
307 0.9409 0
1621 0.9365 0
12 0.9327 0
27 0.9314 0
260 0.9253 0
21 0.9246 0
1028 0.9245 0
582 0.9241 0
108 0.9171 0
1800 0.9157 0
620 0.9094 0
1413 0.9005 0
1172 0.8956 0
309 0.8951 0
257 0.8777 0
1245 0.8752 0
230 0.8688 0
1727 0.8685 0
823 0.8669 0
558 0.8652 0
1755 0.8597 0
278 0.8583 0
281 0.8567 0
1092 0.8472 0
1328 0.8421 0
156 0.8358 0
605 0.8335 0
609 0.8252 0
1970 0.8234 0
646 0.8225 0
922 0.8167 0
860 0.8149 0
1993 0.8143 0
1264 0.8098 0
1073 0.8060 0
700 0.8056 0
960 0.8044 0
1000 0.8035 0
1553 0.8027 0
149 0.7945 0
20 0.7939 0
1849 0.7897 0
401 0.7843 0
1250 0.7789 0
1421 0.7782 0
1430 0.7771 0
617 0.7668 0
614 0.7591 0
725 0.7562 0
1815 0.7517 0
571 0.7497 0
429 0.7423 0
550 0.7403 0
1619 0.7380 0
1606 0.7354 0
813 0.7219 0
906 0.7213 0
654 0.7118 0
1924 0.7049 0
279 0.7043 0
101 0.6959 0
644 0.6902 0
284 0.6884 0
624 0.6882 0
1406 0.6860 0
1816 0.6855 0
9 0.6773 0
1142 0.6709 0
1640 0.6705 0
724 0.6698 0
1740 0.6643 0
515 0.6634 0
1265 0.6557 0
1220 0.6553 0
1799 0.6505 0
567 0.6497 0
1834 0.6465 0
760 0.6409 0
1932 0.6363 0
269 0.6356 0
1453 0.6254 0
124 0.6211 0
573 0.6179 0
1065 0.6166 0
702 0.6107 0
225 0.6106 0
1170 0.6096 0
349 0.6032 0
10 0.6015 0
612 0.6006 0
1819 0.5880 0
618 0.5841 0
1650 0.5720 0
1106 0.5677 0
1222 0.5648 0
590 0.5636 0
140 0.5593 0
1425 0.5591 0
1231 0.5580 0
1417 0.5575 0
464 0.5521 0
1950 0.5451 0
858 0.5385 0
707 0.5364 0
596 0.5330 0
1967 0.5310 0
1307 0.5278 0
1622 0.5126 0
1131 0.5068 0
749 0.5011 0
549 0.4969 0
1751 0.4867 0
1474 0.4841 0
767 0.4815 0
973 0.4798 0
1954 0.4772 0
1184 0.4512 0
1739 0.4509 0
1216 0.4493 0
1670 0.4473 0
7 0.4350 0
606 0.4340 0
1282 0.4336 0
990 0.4213 0
1428 0.4157 0
706 0.4064 0
1766 0.4010 0
736 0.4005 0
1050 0.3998 0
1154 0.3998 0
1711 0.3962 0
247 0.3916 0
258 0.3886 0
491 0.3786 0
403 0.3783 0
1379 0.3770 0
126 0.3731 0
1213 0.3685 0
1372 0.3607 0
1440 0.3180 0
740 0.3150 0
1101 0.3114 0
1034 0.3076 0
1955 0.3027 0
593 0.3009 0
1983 0.2947 0
584 0.2933 0
237 0.2744 0
553 0.2720 0
576 0.2720 0
540 0.2671 0
597 0.2547 0
1842 0.2545 0
1645 0.2525 0
744 0.2463 0
1620 0.2356 0
727 0.2338 0
242 0.2337 0
1653 0.2305 0
66 0.2272 0
142 0.2198 0
1437 0.2131 0
253 0.2120 0
1165 0.1990 0
1012 0.1921 0
1193 0.1897 0
1631 0.1778 0
1083 0.1765 0
1965 0.1763 0
36 0.1614 0
693 0.1601 0
31 0.1547 0
896 0.1542 0
1806 0.1542 0
1178 0.1488 0
726 0.1344 0
1502 0.1332 0
249 0.1278 0
201 0.1231 0
198 0.1215 0
411 0.1204 0
710 0.1154 0
688 0.1046 0
379 0.1029 0
1821 0.1028 0
50 0.0993 0
1787 0.0920 0
48 0.0872 0
1949 0.0863 0
1237 0.0857 0
1941 0.0849 0
298 0.0660 0
254 0.0622 0
1119 0.0587 0
1445 0.0555 0
1913 0.0542 0
139 0.0527 0
1125 0.0497 0
1382 0.0460 0
245 0.0417 0
1412 0.0403 0
488 0.0401 0
1771 0.0384 0
1877 0.0301 1
1518 0.0232 0
615 0.0190 0
967 0.0172 0
681 0.0162 0
1492 0.0136 0
626 0.0099 0
1256 0.0093 0
1383 0.0038 0
1439 0.0029 0
60 0.0022 0
1953 -0.0101 0
238 -0.0116 0
1660 -0.0136 0
1449 -0.0149 0
122 -0.0167 0
1056 -0.0209 0
422 -0.0244 0
1321 -0.0322 0
406 -0.0387 0
501 -0.0411 0
1160 -0.0414 0
1699 -0.0479 0
459 -0.0533 0
222 -0.0539 0
1423 -0.0571 0
1794 -0.0608 0
1824 -0.0617 0
224 -0.0626 0
85 -0.0676 0
607 -0.0750 0
963 -0.0822 0
1248 -0.0831 0
1704 -0.0864 0
189 -0.0899 0
1616 -0.0902 0
400 -0.0902 0
1239 -0.0910 0
778 -0.0933 0
484 -0.0999 0
499 -0.1024 0
603 -0.1042 0
274 -0.1095 0
1603 -0.1132 0
1244 -0.1143 0
1314 -0.1143 0
1116 -0.1222 0
1188 -0.1242 0
913 -0.1315 0
1826 -0.1343 0
1760 -0.1384 0
1765 -0.1415 0
1698 -0.1418 0
55 -0.1458 0
461 -0.1494 0
580 -0.1513 0
1074 -0.1750 0
1426 -0.1751 0
1180 -0.1763 0
1208 -0.1766 0
1992 -0.1787 0
1418 -0.1801 0
1825 -0.1827 0
1215 -0.1853 0
1717 -0.1859 0
943 -0.1958 0
530 -0.1961 0
912 -0.2031 0
616 -0.2140 0
1832 -0.2187 0
74 -0.2219 0
1229 -0.2236 0
235 -0.2278 0
980 -0.2294 0
1830 -0.2327 0
194 -0.2329 0
436 -0.2365 0
1649 -0.2382 0
556 -0.2383 0
1567 -0.2515 0
1472 -0.2591 0
861 -0.2592 0
5 -0.2601 0
1396 -0.2628 0
1310 -0.2636 0
921 -0.2648 0
1920 -0.2655 0
1968 -0.2702 0
34 -0.2723 0
1984 -0.2738 0
470 -0.2754 0
1846 -0.2756 0
1069 -0.2774 0
1262 -0.2811 0
443 -0.2896 0
729 -0.2941 0
1829 -0.2941 0
1435 -0.2961 0
1285 -0.2983 0
1397 -0.3027 0
1276 -0.3065 0
410 -0.3066 0
1086 -0.3089 0
577 -0.3097 0
1843 -0.3133 0
951 -0.3177 0
481 -0.3180 0
1903 -0.3188 0
1810 -0.3268 0
537 -0.3279 0
462 -0.3288 0
601 -0.3299 0
24 -0.3306 0
202 -0.3311 0
599 -0.3314 0
660 -0.3367 0
1098 -0.3467 0
525 -0.3491 0
1948 -0.3496 0
208 -0.3522 0
57 -0.3533 0
632 -0.3560 0
547 -0.3574 0
420 -0.3612 0
219 -0.3623 0
1738 -0.3655 0
1791 -0.3662 0
498 -0.3741 0
1008 -0.3775 0
381 -0.3797 0
323 -0.3801 0
233 -0.3803 0
933 -0.3853 0
1469 -0.3879 0
412 -0.3922 0
863 -0.3929 0
1138 -0.3960 0
1209 -0.3998 0
216 -0.4061 0
1189 -0.4094 0
63 -0.4100 0
1105 -0.4154 0
453 -0.4171 0
1464 -0.4172 0
489 -0.4179 0
456 -0.4220 0
995 -0.4261 0
512 -0.4264 0
910 -0.4268 0
166 -0.4307 0
1795 -0.4357 0
386 -0.4387 0
667 -0.4410 0
535 -0.4424 0
668 -0.4508 0
1604 -0.4520 0
220 -0.4522 0
1923 -0.4555 0
1126 -0.4579 0
1918 -0.4588 0
728 -0.4620 0
1792 -0.4678 0
240 -0.4741 0
1095 -0.4767 0
250 -0.4800 0
418 -0.4808 0
909 -0.4881 0
1679 -0.4899 0
204 -0.4942 0
1335 -0.5003 0
509 -0.5101 0
539 -0.5116 0
1063 -0.5130 0
497 -0.5135 0
1201 -0.5169 0
1994 -0.5182 0
1341 -0.5203 0
1663 -0.5259 0
834 -0.5297 0
1018 -0.5303 0
998 -0.5322 0
446 -0.5335 0
1091 -0.5355 0
1111 -0.5361 0
502 -0.5399 0
1415 -0.5403 0
1420 -0.5466 0
148 -0.5518 0
433 -0.5613 0
1776 -0.5635 0
161 -0.5642 0
1651 -0.5660 0
954 -0.5692 0
968 -0.5815 0
774 -0.5830 0
1879 -0.5877 1
1235 -0.5885 0
1957 -0.5908 0
338 -0.5984 0
1700 -0.6027 0
475 -0.6107 0
1928 -0.6107 0
847 -0.6121 0
75 -0.6126 0
524 -0.6170 0
445 -0.6224 0
507 -0.6253 0
286 -0.6261 0
1916 -0.6282 0
1513 -0.6284 0
212 -0.6341 0
1259 -0.6344 0
1127 -0.6381 0
1200 -0.6427 0
1713 -0.6429 0
1811 -0.6441 0
1349 -0.6443 0
407 -0.6451 0
1729 -0.6461 0
1219 -0.6466 0
1976 -0.6473 0
301 -0.6510 0
404 -0.6512 0
297 -0.6538 0
1078 -0.6641 0
1169 -0.6693 0
449 -0.6752 0
867 -0.6754 0
1785 -0.6785 0
1922 -0.6789 0
1249 -0.6830 0
1601 -0.6859 0
1756 -0.6923 0
191 -0.6979 0
1211 -0.7040 0
911 -0.7065 0
709 -0.7166 0
1047 -0.7184 0
205 -0.7191 0
1636 -0.7223 0
1327 -0.7225 0
1085 -0.7284 0
528 -0.7359 0
1478 -0.7366 0
988 -0.7370 0
1617 -0.7434 0
1079 -0.7460 0
1442 -0.7467 0
1076 -0.7468 0
514 -0.7482 0
86 -0.7488 0
431 -0.7563 0
1322 -0.7646 0
1742 -0.7694 0
405 -0.7713 0
916 -0.7734 0
1401 -0.7744 0
1940 -0.7759 0
1313 -0.7775 0
1804 -0.7812 0
1 -0.7852 0
341 -0.7858 0
455 -0.7874 0
160 -0.7909 0
1489 -0.7966 0
991 -0.8005 0
78 -0.8187 0
1639 -0.8191 0
372 -0.8213 0
1402 -0.8215 0
1020 -0.8299 0
1033 -0.8365 0
1613 -0.8398 0
395 -0.8406 0
695 -0.8447 0
1947 -0.8509 0
928 -0.8524 0
1676 -0.8540 0
1013 -0.8548 0
1471 -0.8559 0
1483 -0.8612 0
997 -0.8646 0
8 -0.8666 0
371 -0.8670 0
434 -0.8686 0
1919 -0.8726 0
1030 -0.8740 0
517 -0.8748 0
1129 -0.8753 0
62 -0.8753 0
708 -0.8775 0
1164 -0.8789 0
1202 -0.8889 0
1745 -0.8891 0
119 -0.8892 0
892 -0.8902 0
738 -0.8957 0
504 -0.8968 0
1436 -0.9013 0
621 -0.9079 0
981 -0.9080 0
1289 -0.9093 0
1499 -0.9149 0
53 -0.9161 0
594 -0.9168 0
265 -0.9237 0
1246 -0.9277 0
581 -0.9284 0
1185 -0.9338 0
1935 -0.9410 0
1230 -0.9452 0
1291 -0.9477 0
84 -0.9524 0
1728 -0.9526 0
961 -0.9544 0
1946 -0.9606 0
331 -0.9613 0
1644 -0.9663 0
1833 -0.9664 0
1925 -0.9673 0
1744 -0.9720 0
1283 -0.9725 0
964 -0.9763 0
236 -0.9763 0
1470 -0.9786 0
1490 -0.9821 0
1933 -0.9858 0
88 -0.9862 0
52 -0.9872 0
1564 -0.9906 0
1345 -0.9923 0
174 -0.9930 0
1347 -0.9944 0
579 -0.9972 0
953 -0.9977 0
67 -1.0042 0
649 -1.0146 0
1108 -1.0156 0
176 -1.0206 0
1414 -1.0244 0
77 -1.0252 0
165 -1.0290 0
167 -1.0330 0
1943 -1.0352 0
904 -1.0400 0
971 -1.0444 0
899 -1.0482 0
1198 -1.0506 0
1836 -1.0507 0
1479 -1.0508 0
1304 -1.0552 0
1737 -1.0568 0
1677 -1.0572 0
1633 -1.0599 0
692 -1.0619 0
944 -1.0627 0
1156 -1.0635 0
1031 -1.0644 0
884 -1.0660 0
1432 -1.0673 0
846 -1.0722 0
978 -1.0753 0
1400 -1.0759 0
441 -1.0804 0
923 -1.0814 0
1057 -1.0899 0
73 -1.0905 0
1309 -1.0949 0
1061 -1.0987 0
1084 -1.1024 0
1153 -1.1028 0
1393 -1.1172 0
1145 -1.1182 0
474 -1.1185 0
1266 -1.1234 0
546 -1.1263 0
1628 -1.1267 0
408 -1.1267 0
985 -1.1287 0
856 -1.1295 0
1945 -1.1357 0
1207 -1.1358 0
1064 -1.1391 0
1726 -1.1401 0
1630 -1.1409 0
543 -1.1460 0
1089 -1.1472 0
869 -1.1490 0
1743 -1.1521 0
1067 -1.1558 0
1748 -1.1569 0
232 -1.1595 0
1336 -1.1663 0
698 -1.1666 0
95 -1.1675 0
310 -1.1720 0
1441 -1.1726 0
214 -1.1848 0
1736 -1.1888 0
503 -1.1904 0
969 -1.1906 0
143 -1.1967 0
243 -1.1972 0
1451 -1.1982 0
97 -1.1996 0
25 -1.2002 0
1072 -1.2007 0
1905 -1.2081 0
1624 -1.2094 0
1822 -1.2171 0
1066 -1.2174 0
289 -1.2195 0
333 -1.2196 0
1254 -1.2211 0
755 -1.2214 0
1297 -1.2219 0
1446 -1.2243 0
1384 -1.2280 0
1820 -1.2296 0
466 -1.2331 0
1410 -1.2360 0
1683 -1.2386 0
428 -1.2393 0
1929 -1.2412 0
974 -1.2421 0
317 -1.2460 0
1226 -1.2509 0
1912 -1.2523 0
1529 -1.2614 0
983 -1.2664 0
1043 -1.2670 0
264 -1.2685 0
942 -1.2690 0
69 -1.2691 0
972 -1.2702 0
719 -1.2718 0
1561 -1.2728 0
1334 -1.2750 0
393 -1.2752 0
1674 -1.2752 0
1150 -1.2776 0
1818 -1.2798 0
851 -1.2815 0
1225 -1.2882 0
1664 -1.2886 0
184 -1.2894 0
932 -1.2913 0
1455 -1.2941 0
1094 -1.2946 0
1838 -1.2962 0
129 -1.2987 0
1904 -1.2990 0
1407 -1.3006 0
195 -1.3044 0
321 -1.3049 0
1769 -1.3090 0
1772 -1.3103 0
70 -1.3119 0
234 -1.3124 0
146 -1.3159 0
76 -1.3188 0
1448 -1.3210 0
1605 -1.3232 0
197 -1.3236 0
1311 -1.3237 0
358 -1.3244 0
151 -1.3285 0
735 -1.3342 0
1710 -1.3351 0
468 -1.3360 0
521 -1.3366 0
533 -1.3369 0
1797 -1.3382 0
1719 -1.3402 0
1140 -1.3433 0
1151 -1.3473 0
1021 -1.3497 0
1141 -1.3528 0
637 -1.3587 0
866 -1.3592 0
1431 -1.3633 0
1292 -1.3642 0
915 -1.3652 0
444 -1.3672 0
1770 -1.3675 0
1109 -1.3678 0
409 -1.3682 0
1350 -1.3739 0
1458 -1.3769 0
752 -1.3778 0
665 -1.3795 0
1784 -1.3868 0
833 -1.3870 0
721 -1.3878 0
87 -1.3878 0
1477 -1.3911 0
1175 -1.3926 0
413 -1.3958 0
1135 -1.3961 0
1911 -1.3985 0
1779 -1.3993 0
438 -1.4055 0
1741 -1.4116 0
809 -1.4123 0
389 -1.4158 0
1077 -1.4216 0
1187 -1.4289 0
1427 -1.4309 0
1657 -1.4312 0
302 -1.4386 0
1667 -1.4455 0
1486 -1.4457 0
889 -1.4473 0
211 -1.4494 0
1612 -1.4501 0
1155 -1.4516 0
71 -1.4577 0
656 -1.4608 0
1326 -1.4627 0
885 -1.4629 0
1538 -1.4687 0
989 -1.4689 0
171 -1.4727 0
1044 -1.4733 0
970 -1.4758 0
852 -1.4788 0
882 -1.4818 0
1130 -1.4830 0
1036 -1.4874 0
864 -1.4901 0
315 -1.4913 0
1419 -1.4927 0
300 -1.4970 0
82 -1.4976 0
769 -1.4980 0
1343 -1.4984 0
51 -1.5017 0
1434 -1.5036 0
1134 -1.5118 0
878 -1.5126 0
1195 -1.5226 0
1767 -1.5331 0
919 -1.5365 0
661 -1.5447 0
1240 -1.5448 0
1392 -1.5450 0
163 -1.5474 0
1519 -1.5476 0
1087 -1.5494 0
1243 -1.5502 0
532 -1.5541 0
423 -1.5587 0
1146 -1.5616 0
1364 -1.5683 0
763 -1.5687 0
1192 -1.5694 0
825 -1.5750 0
1378 -1.5791 0
294 -1.5798 0
1551 -1.5830 0
1308 -1.5884 0
1303 -1.5893 0
957 -1.5893 0
111 -1.5974 0
486 -1.6112 0
1263 -1.6157 0
1385 -1.6236 0
175 -1.6252 0
518 -1.6264 0
1780 -1.6291 0
986 -1.6292 0
1149 -1.6342 0
564 -1.6345 0
1647 -1.6384 0
390 -1.6385 0
1506 -1.6406 0
392 -1.6410 0
771 -1.6418 0
1041 -1.6436 0
334 -1.6447 0
538 -1.6469 0
703 -1.6478 0
1096 -1.6479 0
1080 -1.6525 0
378 -1.6552 0
1123 -1.6588 0
271 -1.6742 0
1270 -1.6763 0
1376 -1.6782 0
987 -1.6806 0
1658 -1.6813 0
1497 -1.6932 0
1233 -1.6987 0
144 -1.6993 0
318 -1.7022 0
574 -1.7033 0
523 -1.7064 0
244 -1.7089 0
1158 -1.7094 0
877 -1.7162 0
1942 -1.7194 0
1403 -1.7210 0
54 -1.7216 0
1761 -1.7228 0
1272 -1.7233 0
1112 -1.7329 0
1152 -1.7398 0
1508 -1.7514 0
1070 -1.7523 0
818 -1.7574 0
353 -1.7607 0
89 -1.7626 0
152 -1.7705 0
398 -1.7715 0
1038 -1.7723 0
1090 -1.7730 0
291 -1.7738 0
1060 -1.7744 0
172 -1.7767 0
227 -1.7771 0
745 -1.7806 0
886 -1.7814 0
282 -1.7872 0
666 -1.7890 0
1338 -1.7943 0
290 -1.7960 0
853 -1.7991 0
1032 -1.8005 0
1299 -1.8015 0
241 -1.8041 0
996 -1.8076 0
1411 -1.8082 0
1274 -1.8111 0
542 -1.8119 0
311 -1.8160 0
1848 -1.8178 0
387 -1.8186 0
293 -1.8231 0
1706 -1.8268 0
1317 -1.8283 0
1659 -1.8300 0
1540 -1.8315 0
206 -1.8327 0
375 -1.8328 0
1559 -1.8346 0
841 -1.8421 0
368 -1.8451 0
1429 -1.8473 0
832 -1.8482 0
1991 -1.8487 0
430 -1.8513 0
1261 -1.8586 0
1137 -1.8614 0
1709 -1.8643 0
345 -1.8710 0
1520 -1.8784 0
1048 -1.8786 0
1537 -1.8811 0
83 -1.8976 0
1191 -1.8977 0
938 -1.8981 0
887 -1.8995 0
875 -1.9035 0
893 -1.9063 0
723 -1.9088 0
92 -1.9101 0
1725 -1.9217 0
1747 -1.9217 0
796 -1.9258 0
1609 -1.9283 0
255 -1.9297 0
1071 -1.9387 0
1746 -1.9404 0
1324 -1.9414 0
363 -1.9497 0
1004 -1.9529 0
1300 -1.9584 0
1481 -1.9623 0
679 -1.9653 0
490 -1.9685 0
342 -1.9692 0
835 -1.9794 0
1443 -1.9806 0
1147 -1.9823 0
1688 -1.9825 0
780 -1.9865 0
1473 -1.9895 0
162 -1.9912 0
1227 -1.9955 0
1273 -2.0029 0
414 -2.0051 0
687 -2.0087 0
1306 -2.0102 0
1615 -2.0105 0
96 -2.0109 0
1638 -2.0124 0
1001 -2.0138 0
1348 -2.0144 0
335 -2.0156 0
1447 -2.0173 0
881 -2.0186 0
1493 -2.0186 0
1757 -2.0210 0
1010 -2.0211 0
367 -2.0244 0
845 -2.0246 0
1827 -2.0252 0
352 -2.0279 0
394 -2.0282 0
273 -2.0318 0
1027 -2.0359 0
1157 -2.0370 0
551 -2.0402 0
360 -2.0441 0
275 -2.0444 0
1914 -2.0467 0
1654 -2.0467 0
748 -2.0557 0
678 -2.0578 0
1409 -2.0596 0
1840 -2.0623 0
741 -2.0657 0
1690 -2.0661 0
1100 -2.0665 0
460 -2.0751 0
527 -2.0786 0
64 -2.0818 0
849 -2.0820 0
439 -2.0833 0
811 -2.0895 0
701 -2.0911 0
110 -2.0952 0
426 -2.0960 0
1365 -2.0980 0
99 -2.1023 0
1514 -2.1079 0
417 -2.1123 0
513 -2.1129 0
1025 -2.1130 0
123 -2.1147 0
838 -2.1153 0
1099 -2.1249 0
388 -2.1268 0
768 -2.1271 0
199 -2.1276 0
1505 -2.1308 0
1241 -2.1310 0
1183 -2.1341 0
200 -2.1365 0
1115 -2.1390 0
1320 -2.1525 0
1177 -2.1551 0
193 -2.1561 0
876 -2.1568 0
531 -2.1587 0
1783 -2.1680 0
819 -2.1748 0
1812 -2.1785 0
694 -2.1807 0
1927 -2.1844 0
1534 -2.1912 0
1532 -2.1956 0
839 -2.1985 0
1438 -2.2027 0
1629 -2.2048 0
373 -2.2061 0
1186 -2.2100 0
476 -2.2152 0
1107 -2.2191 0
1271 -2.2232 0
283 -2.2329 0
1900 -2.2336 0
362 -2.2526 0
316 -2.2528 0
1005 -2.2562 0
1290 -2.2570 0
976 -2.2583 0
1599 -2.2674 0
1684 -2.2730 0
1029 -2.2731 0
1329 -2.2766 0
1702 -2.2801 0
1460 -2.2849 0
1366 -2.2929 0
1718 -2.2960 0
977 -2.2991 0
1545 -2.3023 0
1496 -2.3029 0
966 -2.3030 0
385 -2.3039 0
1176 -2.3055 0
776 -2.3111 0
133 -2.3119 0
1661 -2.3122 0
1730 -2.3128 0
384 -2.3166 0
659 -2.3183 0
1046 -2.3191 0
1752 -2.3252 0
993 -2.3259 0
1607 -2.3316 0
613 -2.3321 0
699 -2.3368 0
750 -2.3371 0
1763 -2.3384 0
1278 -2.3465 0
1253 -2.3514 0
452 -2.3516 0
1951 -2.3550 0
351 -2.3579 0
1217 -2.3580 0
1936 -2.3596 0
722 -2.3610 0
246 -2.3617 0
733 -2.3687 0
478 -2.3739 0
252 -2.3761 0
1023 -2.3764 0
756 -2.3786 0
788 -2.3799 0
1450 -2.3828 0
1642 -2.3848 0
1288 -2.3931 0
16 -2.4005 0
1337 -2.4083 0
1394 -2.4092 0
786 -2.4126 0
1234 -2.4381 0
1558 -2.4397 0
1579 -2.4446 0
1703 -2.4453 0
1120 -2.4496 0
675 -2.4500 0
1680 -2.4537 0
1656 -2.4550 0
377 -2.4576 0
1257 -2.4617 0
1952 -2.4749 0
1716 -2.4762 0
1344 -2.4789 0
1277 -2.4812 0
366 -2.4818 0
930 -2.4993 0
1088 -2.5000 0
898 -2.5028 0
1560 -2.5034 0
1068 -2.5053 0
785 -2.5058 0
631 -2.5071 0
828 -2.5121 0
463 -2.5148 0
705 -2.5159 0
1562 -2.5175 0
1049 -2.5210 0
355 -2.5236 0
1662 -2.5253 0
1422 -2.5257 0
1318 -2.5264 0
1805 -2.5294 0
871 -2.5304 0
1199 -2.5311 0
1024 -2.5313 0
1721 -2.5358 0
380 -2.5422 0
221 -2.5448 0
153 -2.5450 0
1055 -2.5514 0
1926 -2.5600 0
1452 -2.5641 0
1511 -2.5665 0
865 -2.5677 0
1512 -2.5723 0
1040 -2.5769 0
1707 -2.5770 0
662 -2.5786 0
658 -2.5786 0
213 -2.5788 0
304 -2.5796 0
817 -2.5804 0
1715 -2.5809 0
116 -2.5812 0
1695 -2.5887 0
370 -2.5897 0
207 -2.5928 0
329 -2.5931 0
80 -2.5951 0
40 -2.5968 0
1839 -2.6033 0
196 -2.6158 0
958 -2.6170 0
1768 -2.6187 0
806 -2.6218 0
1312 -2.6221 0
1625 -2.6233 0
424 -2.6254 0
1331 -2.6393 0
872 -2.6529 0
891 -2.6556 0
682 -2.6620 0
895 -2.6644 0
1790 -2.6672 0
836 -2.6679 0
683 -2.6686 0
1203 -2.6729 0
340 -2.6762 0
758 -2.6855 0
91 -2.6923 0
1468 -2.6941 0
1212 -2.6961 0
641 -2.6990 0
1363 -2.7040 0
1602 -2.7055 0
1017 -2.7212 0
1302 -2.7226 0
314 -2.7233 0
1370 -2.7249 0
691 -2.7253 0
992 -2.7265 0
1697 -2.7324 0
1571 -2.7414 0
1333 -2.7460 0
374 -2.7461 0
1179 -2.7467 0
1475 -2.7486 0
328 -2.7509 0
396 -2.7509 0
327 -2.7531 0
17 -2.7617 0
1260 -2.7619 0
1361 -2.7681 0
1655 -2.7711 0
1143 -2.7727 0
1678 -2.7777 0
1501 -2.7791 0
870 -2.7840 0
994 -2.7859 0
364 -2.7994 0
472 -2.8271 0
391 -2.8292 0
1549 -2.8296 0
397 -2.8320 0
874 -2.8401 0
1643 -2.8422 0
1433 -2.8426 0
1003 -2.8522 0
365 -2.8526 0
319 -2.8542 0
356 -2.8561 0
1681 -2.8586 0
1461 -2.8644 0
1588 -2.8646 0
1494 -2.8671 0
742 -2.8698 0
731 -2.8754 0
1375 -2.8831 0
670 -2.8948 0
673 -2.8971 0
1399 -2.8973 0
1921 -2.9000 0
1541 -2.9008 0
1589 -2.9029 0
1238 -2.9040 0
305 -2.9042 0
1284 -2.9057 0
1242 -2.9065 0
1672 -2.9072 0
677 -2.9086 0
56 -2.9125 0
157 -2.9126 0
1371 -2.9134 0
1269 -2.9135 0
1533 -2.9139 0
685 -2.9256 0
1600 -2.9322 0
1507 -2.9345 0
487 -2.9510 0
1053 -2.9540 0
320 -2.9564 0
1168 -2.9572 0
1682 -2.9579 0
831 -2.9624 0
1114 -2.9626 0
354 -2.9681 0
888 -2.9690 0
1301 -2.9763 0
1585 -2.9834 0
1037 -2.9880 0
1749 -2.9932 0
1673 -2.9952 0
383 -2.9962 0
458 -3.0027 0
1495 -3.0139 0
1182 -3.0152 0
1352 -3.0219 0
103 -3.0242 0
1555 -3.0251 0
1358 -3.0278 0
1831 -3.0300 0
1467 -3.0330 0
336 -3.0364 0
805 -3.0427 0
1339 -3.0430 0
1732 -3.0510 0
1258 -3.0532 0
1510 -3.0543 0
357 -3.0544 0
843 -3.0584 0
1167 -3.0713 0
451 -3.0733 0
757 -3.0849 0
1509 -3.0895 0
1162 -3.0931 0
801 -3.0940 0
322 -3.1070 0
890 -3.1077 0
272 -3.1135 0
1210 -3.1183 0
332 -3.1273 0
772 -3.1306 0
783 -3.1351 0
1463 -3.1373 0
1754 -3.1476 0
359 -3.1479 0
697 -3.1485 0
713 -3.1556 0
1204 -3.1603 0
1809 -3.1616 0
1122 -3.1688 0
1576 -3.1721 0
619 -3.1769 0
185 -3.1791 0
857 -3.1810 0
1357 -3.2118 0
799 -3.2183 0
797 -3.2192 0
1813 -3.2212 0
1002 -3.2271 0
855 -3.2325 0
629 -3.2328 0
1128 -3.2357 0
287 -3.2386 0
1389 -3.2420 0
663 -3.2473 0
1731 -3.2559 0
657 -3.2567 0
1330 -3.2609 0
98 -3.2630 0
1847 -3.2632 0
457 -3.2712 0
792 -3.2741 0
1380 -3.2768 0
1354 -3.2792 0
181 -3.2817 0
900 -3.2817 0
798 -3.2854 0
816 -3.2869 0
1035 -3.2894 0
753 -3.2906 0
285 -3.2971 0
808 -3.3002 0
1161 -3.3030 0
1462 -3.3044 0
1550 -3.3069 0
437 -3.3114 0
732 -3.3171 0
259 -3.3189 0
1595 -3.3200 0
1837 -3.3215 0
1121 -3.3217 0
544 -3.3243 0
1548 -3.3289 0
492 -3.3324 0
779 -3.3385 0
807 -3.3387 0
955 -3.3468 0
1582 -3.3478 0
868 -3.3517 0
1590 -3.3617 0
775 -3.3623 0
653 -3.3630 0
1635 -3.3712 0
348 -3.3718 0
1058 -3.3729 0
454 -3.3736 0
1374 -3.3763 0
642 -3.3834 0
11 -3.3834 0
791 -3.3834 0
326 -3.3841 0
1267 -3.3857 0
419 -3.3862 0
61 -3.3883 0
1360 -3.3920 0
1693 -3.3926 0
999 -3.4023 0
604 -3.4078 0
324 -3.4081 0
1194 -3.4095 0
674 -3.4118 0
495 -3.4142 0
873 -3.4193 0
761 -3.4214 0
1685 -3.4250 0
751 -3.4292 0
585 -3.4388 0
690 -3.4414 0
1218 -3.4418 0
1042 -3.4477 0
399 -3.4483 0
1459 -3.4607 0
754 -3.4672 0
781 -3.4763 0
782 -3.4850 0
1457 -3.4895 0
793 -3.4937 0
1637 -3.4950 0
1844 -3.5099 0
1503 -3.5118 0
1530 -3.5125 0
1592 -3.5276 0
442 -3.5300 0
1543 -3.5354 0
730 -3.5477 0
168 -3.5492 0
650 -3.5520 0
303 -3.5555 0
1026 -3.5562 0
676 -3.5647 0
1014 -3.5858 0
94 -3.5875 0
1011 -3.6056 0
1377 -3.6082 0
1563 -3.6142 0
696 -3.6246 0
1691 -3.6315 0
485 -3.6377 0
1930 -3.6435 0
1369 -3.6443 0
1937 -3.6450 0
765 -3.6480 0
217 -3.6511 0
784 -3.6529 0
1132 -3.6682 0
810 -3.6783 0
519 -3.6822 0
844 -3.6879 0
965 -3.6934 0
183 -3.7079 0
306 -3.7106 0
1788 -3.7166 0
1802 -3.7215 0
346 -3.7221 0
1570 -3.7230 0
814 -3.7270 0
1007 -3.7276 0
1124 -3.7531 0
1723 -3.7616 0
830 -3.7802 0
1500 -3.7810 0
1016 -3.7887 0
1279 -3.7908 0
1539 -3.7976 0
1485 -3.7990 0
170 -3.8241 0
93 -3.8276 0
1632 -3.8303 0
1373 -3.8481 0
883 -3.8587 0
824 -3.8698 0
652 -3.8777 0
1045 -3.8812 0
848 -3.8817 0
1093 -3.8827 0
1395 -3.8839 0
1611 -3.8846 0
1487 -3.8909 0
1546 -3.8915 0
496 -3.8929 0
1019 -3.9278 0
689 -3.9305 0
49 -3.9320 0
1015 -3.9346 0
376 -3.9355 0
1498 -3.9380 0
766 -3.9394 0
1368 -3.9404 0
773 -3.9503 0
1315 -3.9552 0
975 -3.9620 0
1669 -3.9651 0
1476 -3.9783 0
361 -3.9787 0
1118 -3.9818 0
1356 -3.9852 0
1531 -3.9934 0
190 -4.0045 0
343 -4.0088 0
312 -4.0134 0
802 -4.0182 0
45 -4.0305 0
764 -4.0422 0
1583 -4.0426 0
1022 -4.0517 0
1544 -4.0521 0
1778 -4.0530 0
1293 -4.0536 0
1294 -4.0554 0
664 -4.0598 0
522 -4.0674 0
1351 -4.0728 0
44 -4.0821 0
1255 -4.0880 0
1466 -4.0898 0
1528 -4.0931 0
471 -4.1025 0
1577 -4.1373 0
344 -4.1430 0
1596 -4.1444 0
1581 -4.1550 0
1456 -4.1644 0
382 -4.1755 0
770 -4.1889 0
762 -4.2041 0
1675 -4.2142 0
1556 -4.2190 0
1381 -4.2191 0
1692 -4.2196 0
1359 -4.2231 0
1286 -4.2260 0
173 -4.2304 0
1367 -4.2345 0
1522 -4.2424 0
672 -4.2456 0
325 -4.2564 0
815 -4.2565 0
1594 -4.2569 0
164 -4.2615 0
842 -4.2663 0
1587 -4.2671 0
854 -4.2832 0
1557 -4.3013 0
1171 -4.3028 0
369 -4.3243 0
1388 -4.3320 0
822 -4.3322 0
479 -4.3463 0
218 -4.3494 0
1214 -4.3670 0
1552 -4.3748 0
1668 -4.3941 0
1287 -4.3951 0
155 -4.3983 0
827 -4.4332 0
1671 -4.4339 0
1694 -4.4581 0
1504 -4.4697 0
1387 -4.4740 0
1574 -4.4770 0
1598 -4.4851 0
1159 -4.4856 0
777 -4.4999 0
1515 -4.5045 0
1488 -4.5156 0
1252 -4.5259 0
1480 -4.5303 0
493 -4.5361 0
759 -4.5455 0
1039 -4.5584 0
1573 -4.5732 0
1163 -4.5816 0
1789 -4.6001 0
950 -4.6025 0
1482 -4.6256 0
158 -4.6286 0
1465 -4.6309 0
2 -4.6340 0
415 -4.6697 0
1845 -4.6778 0
795 -4.6864 0
1296 -4.7113 0
1196 -4.7262 0
894 -4.7493 0
81 -4.7569 0
1665 -4.7685 0
680 -4.7914 0
1593 -4.7956 0
1251 -4.7978 0
1591 -4.8109 0
1774 -4.8175 0
1166 -4.8267 0
1568 -4.8281 0
655 -4.8323 0
671 -4.8557 0
1584 -4.8678 0
350 -4.8811 0
79 -4.8837 0
425 -4.8863 0
800 -4.8902 0
787 -4.8906 0
1586 -4.8967 0
840 -4.9174 0
263 -4.9337 0
1525 -4.9354 0
1362 -4.9467 0
308 -4.9916 0
903 -5.0260 0
313 -5.0380 0
897 -5.0405 0
790 -5.0456 0
1527 -5.0511 0
651 -5.0646 0
1386 -5.0918 0
1536 -5.1049 0
1006 -5.1074 0
1136 -5.1077 0
1686 -5.1086 0
1712 -5.1283 0
1223 -5.1407 0
1566 -5.1588 0
826 -5.1910 0
1750 -5.2361 0
1939 -5.2808 0
1454 -5.2981 0
850 -5.3299 0
1689 -5.3856 0
1524 -5.3910 0
1280 -5.4080 0
1298 -5.4372 0
1281 -5.4404 0
837 -5.4706 0
1332 -5.4880 0
1517 -5.4960 0
469 -5.5097 0
1484 -5.5142 0
803 -5.5284 0
1578 -5.6039 0
1295 -5.6225 0
1521 -5.6607 0
1523 -5.6727 0
1353 -5.7462 0
804 -5.8279 0
1569 -5.8498 0
1009 -5.8830 0
794 -5.9126 0
1572 -5.9499 0
1687 -5.9620 0
1516 -6.0005 0
337 -6.0167 0
1526 -6.0810 0
1565 -6.0948 0
812 -6.1185 0
1547 -6.1253 0
1491 -6.1465 0
58 -6.2087 0
879 -6.2587 0
925 -6.2851 0
1535 -6.3263 0
1190 -6.3884 0
1355 -6.5884 0
829 -6.7144 0
820 -6.7155 0
1580 -6.8074 0
1542 -6.9361 0
684 -6.9766 0
1316 -7.6799 0
1398 -7.8247 0
1597 -9.1779 0
1554 -9.8166 0
1575 -10.2377 0
