1940 25.4709 1
1939 25.3658 1
1947 21.3568 1
1935 21.1177 1
1926 20.3954 1
1901 19.1601 1
1928 19.0237 1
1943 18.7838 1
1929 18.1029 1
1927 16.8004 1
1949 16.4439 1
1936 16.3927 1
1914 16.3889 1
1944 16.0822 1
1925 15.9872 1
1916 15.7252 1
1904 15.7102 1
1924 14.9027 1
1910 14.3959 1
1913 14.3111 1
1922 14.2484 1
1912 14.1216 1
1948 13.9815 1
1918 13.9289 1
1923 13.8447 1
1920 13.1767 1
1900 12.8729 1
1917 12.8136 1
239 12.7081 0
241 12.6405 0
205 12.1712 0
1908 11.7317 1
1934 11.4639 1
1911 11.3532 1
1931 11.2271 1
197 11.2154 0
188 10.7727 0
179 10.1013 0
1946 9.3451 1
246 9.2467 0
235 9.2144 0
1902 9.1384 1
194 9.0215 0
1942 9.0038 1
160 8.9349 0
1938 8.7972 1
1803 8.6824 0
177 8.6169 0
1915 8.6088 1
248 8.5719 0
145 8.4604 0
1941 8.2380 1
169 8.2133 0
236 8.0810 0
167 7.9507 0
192 7.9271 0
238 7.6613 0
196 7.5338 0
1845 7.4608 0
163 7.4584 0
1909 7.3928 1
209 7.2188 0
1921 7.2019 1
1945 7.0677 1
151 6.9953 0
1982 6.9665 0
207 6.9240 0
170 6.7241 0
1903 6.6542 1
1342 6.6363 0
1998 6.6190 0
807 6.5297 0
178 6.3237 0
1905 6.2599 1
202 6.1815 0
1967 6.1270 0
157 6.0215 0
1711 6.0159 0
1988 5.9566 0
227 5.9111 0
1976 5.9094 0
181 5.9001 0
1960 5.8927 0
191 5.8251 0
1937 5.7599 1
228 5.7532 0
1869 5.7519 0
215 5.7356 0
1881 5.7240 0
161 5.7219 0
232 5.6555 0
213 5.6156 0
804 5.5725 0
164 5.4936 0
1990 5.4141 0
185 5.3928 0
1972 5.3351 0
206 5.1820 0
193 5.1587 0
225 5.1350 0
258 5.1305 0
175 5.0920 0
155 5.0766 0
71 5.0608 0
1866 5.0491 0
278 5.0434 0
1836 5.0262 0
1868 5.0194 0
1883 4.9422 0
137 4.9010 0
1997 4.8812 0
186 4.8446 0
44 4.8267 0
1964 4.8130 0
261 4.8043 0
119 4.7975 0
176 4.7906 0
203 4.7831 0
183 4.6498 0
1930 4.5955 1
158 4.5638 0
516 4.5208 0
1436 4.5118 0
234 4.4996 0
1742 4.4869 0
1876 4.4841 0
567 4.4285 0
1160 4.4150 0
1957 4.3634 0
231 4.3084 0
1865 4.2677 0
282 4.2412 0
212 4.2224 0
1206 4.1966 0
140 4.1832 0
1735 4.1823 0
165 4.1377 0
1950 4.0991 0
1181 4.0904 0
88 4.0519 0
139 4.0253 0
107 4.0246 0
1956 4.0231 0
224 3.9480 0
1887 3.8832 0
105 3.8527 0
504 3.8438 0
244 3.8318 0
1814 3.8149 0
323 3.7726 0
326 3.7576 0
1932 3.7085 1
245 3.6586 0
131 3.6549 0
1829 3.6480 0
218 3.6357 0
1000 3.6248 0
1810 3.5788 0
415 3.5780 0
153 3.5736 0
1894 3.5658 0
1219 3.5419 0
168 3.5395 0
643 3.5264 0
1025 3.5217 0
195 3.5181 0
233 3.5111 0
214 3.4899 0
128 3.4500 0
187 3.4496 0
1172 3.4495 0
62 3.4353 0
121 3.4335 0
210 3.4318 0
1609 3.4146 0
806 3.3755 0
1540 3.3414 0
681 3.3386 0
1843 3.3086 0
1986 3.2663 0
211 3.2594 0
1999 3.2404 0
143 3.1899 0
1624 3.1848 0
1613 3.1486 0
1984 3.1450 0
524 3.1447 0
166 3.1437 0
714 3.1283 0
74 3.1214 0
1861 3.0979 0
1531 3.0910 0
1983 3.0815 0
90 3.0803 0
150 3.0606 0
223 3.0479 0
1823 3.0334 0
1082 3.0284 0
1230 3.0144 0
1281 2.9952 0
32 2.9940 0
1192 2.9775 0
1134 2.9590 0
173 2.9531 0
116 2.9449 0
1215 2.9427 0
947 2.9287 0
1768 2.9040 0
1778 2.8711 0
127 2.8687 0
76 2.8043 0
626 2.7506 0
1822 2.7352 0
1847 2.7350 0
115 2.7229 0
1406 2.6987 0
810 2.6875 0
208 2.6725 0
1965 2.6722 0
1821 2.6565 0
1855 2.6513 0
201 2.6385 0
204 2.6315 0
1236 2.6312 0
1977 2.6294 0
1424 2.6280 0
1955 2.6222 0
249 2.6077 0
242 2.5738 0
1832 2.5646 0
1815 2.5575 0
1907 2.5572 1
118 2.5540 0
1974 2.5477 0
1445 2.5438 0
104 2.5419 0
229 2.5355 0
130 2.5305 0
519 2.5287 0
1840 2.5157 0
1640 2.5034 0
1705 2.4956 0
661 2.4929 0
1619 2.4813 0
833 2.4796 0
1066 2.4497 0
220 2.4490 0
1517 2.4382 0
503 2.4180 0
1744 2.4132 0
216 2.4089 0
159 2.4007 0
12 2.3858 0
735 2.3839 0
1529 2.3730 0
1217 2.3592 0
1038 2.3534 0
149 2.3333 0
1877 2.3277 0
428 2.3241 0
1954 2.3208 0
171 2.3029 0
1701 2.3029 0
152 2.2976 0
1049 2.2932 0
1702 2.2906 0
1238 2.2903 0
41 2.2860 0
1874 2.2753 0
1328 2.2498 0
1970 2.2332 0
5 2.2330 0
1180 2.2144 0
1839 2.2088 0
1738 2.1881 0
138 2.1769 0
219 2.1752 0
1021 2.1602 0
1429 2.1546 0
184 2.1472 0
1985 2.1462 0
31 2.1429 0
545 2.1317 0
1129 2.1089 0
1708 2.1076 0
217 2.1023 0
812 2.1019 0
1969 2.1010 0
1844 2.0966 0
936 2.0933 0
189 2.0932 0
42 2.0911 0
1120 2.0892 0
1232 2.0772 0
279 2.0609 0
1796 2.0562 0
528 2.0482 0
583 2.0444 0
728 2.0444 0
267 2.0427 0
548 2.0410 0
935 2.0401 0
18 2.0075 0
533 2.0032 0
1975 2.0007 0
129 1.9946 0
300 1.9944 0
1140 1.9861 0
222 1.9794 0
87 1.9490 0
820 1.9479 0
835 1.9471 0
903 1.9431 0
1991 1.9408 0
92 1.9387 0
1240 1.9374 0
1131 1.9044 0
1168 1.8801 0
1805 1.8774 0
1959 1.8724 0
1933 1.8591 1
1637 1.8590 0
1663 1.8557 0
703 1.8551 0
1963 1.8492 0
1178 1.8435 0
126 1.8343 0
250 1.8269 0
1989 1.8043 0
1961 1.8006 0
1604 1.7849 0
230 1.7846 0
264 1.7839 0
1720 1.7777 0
1263 1.7744 0
1748 1.7722 0
1854 1.7653 0
1834 1.7577 0
14 1.7467 0
135 1.7400 0
23 1.7388 0
39 1.7380 0
311 1.7167 0
577 1.7156 0
1882 1.7101 0
1226 1.7074 0
1144 1.7023 0
1791 1.6754 0
1729 1.6714 0
1710 1.6704 0
265 1.6680 0
1695 1.6672 0
1831 1.6601 0
108 1.6597 0
1022 1.6581 0
1286 1.6573 0
1441 1.6461 0
120 1.6405 0
1971 1.6197 0
1183 1.6130 0
1849 1.6121 0
710 1.6047 0
106 1.6042 0
133 1.5804 0
240 1.5791 0
174 1.5769 0
111 1.5755 0
532 1.5653 0
1978 1.5640 0
338 1.5594 0
146 1.5593 0
307 1.5363 0
696 1.5340 0
923 1.5314 0
1973 1.5310 0
902 1.5299 0
843 1.5296 0
734 1.5280 0
437 1.5244 0
1199 1.5217 0
1284 1.4931 0
1880 1.4912 0
1862 1.4878 0
951 1.4853 0
243 1.4797 0
1584 1.4796 0
450 1.4770 0
28 1.4737 0
1186 1.4720 0
1827 1.4664 0
144 1.4621 0
1107 1.4608 0
927 1.4535 0
109 1.4501 0
1555 1.4463 0
753 1.4425 0
441 1.4385 0
1023 1.4364 0
98 1.4261 0
1699 1.4167 0
1780 1.4047 0
442 1.3976 0
292 1.3976 0
1340 1.3803 0
943 1.3719 0
47 1.3710 0
939 1.3687 0
792 1.3679 0
1793 1.3676 0
1542 1.3668 0
602 1.3652 0
1234 1.3533 0
1496 1.3483 0
1416 1.3418 0
881 1.3398 0
1616 1.3362 0
929 1.3322 0
718 1.3294 0
156 1.3257 0
1372 1.3256 0
294 1.3249 0
257 1.3154 0
788 1.3108 0
1879 1.2988 0
1121 1.2971 0
623 1.2954 0
1712 1.2901 0
546 1.2890 0
237 1.2878 0
52 1.2847 0
928 1.2811 0
805 1.2748 0
749 1.2684 0
1210 1.2647 0
1411 1.2603 0
1824 1.2593 0
68 1.2577 0
1556 1.2555 0
379 1.2527 0
1077 1.2516 0
930 1.2467 0
287 1.2418 0
162 1.2400 0
1878 1.2391 0
1812 1.2357 0
698 1.2254 0
1155 1.2231 0
86 1.2189 0
1514 1.2172 0
1551 1.2148 0
200 1.2125 0
1809 1.2094 0
256 1.2058 0
1393 1.2039 0
1214 1.2038 0
401 1.2018 0
199 1.2016 0
142 1.1978 0
823 1.1959 0
1159 1.1957 0
1856 1.1945 0
1418 1.1933 0
739 1.1893 0
3 1.1890 0
1898 1.1768 0
1169 1.1744 0
715 1.1675 0
748 1.1662 0
591 1.1654 0
1647 1.1620 0
452 1.1529 0
1951 1.1520 0
1145 1.1472 0
1070 1.1415 0
1566 1.1411 0
1421 1.1408 0
1207 1.1397 0
301 1.1385 0
1227 1.1336 0
406 1.1331 0
36 1.1311 0
763 1.1310 0
607 1.1266 0
1056 1.1251 0
110 1.1245 0
113 1.1242 0
817 1.1227 0
1875 1.1218 0
838 1.1103 0
1233 1.1037 0
273 1.0945 0
1641 1.0880 0
926 1.0679 0
70 1.0659 0
500 1.0528 0
1968 1.0521 0
405 1.0512 0
154 1.0505 0
1533 1.0494 0
990 1.0432 0
48 1.0409 0
80 1.0367 0
303 1.0355 0
512 1.0303 0
1524 1.0295 0
701 1.0294 0
1728 1.0266 0
1053 1.0259 0
917 1.0247 0
695 1.0244 0
836 1.0205 0
1891 1.0145 0
922 1.0141 0
1074 1.0120 0
328 1.0102 0
834 1.0094 0
141 1.0052 0
1650 1.0045 0
778 1.0043 0
1044 0.9943 0
828 0.9942 0
768 0.9928 0
1513 0.9839 0
1811 0.9833 0
1203 0.9814 0
112 0.9754 0
1679 0.9719 0
1196 0.9700 0
1080 0.9670 0
103 0.9643 0
1828 0.9627 0
760 0.9577 0
124 0.9352 0
1088 0.9348 0
832 0.9261 0
907 0.9220 0
986 0.9220 0
180 0.9161 0
313 0.9152 0
1223 0.9145 0
1125 0.9091 0
1052 0.9067 0
2 0.9050 0
1442 0.9046 0
1419 0.9010 0
439 0.8897 0
297 0.8746 0
1426 0.8712 0
1071 0.8706 0
43 0.8704 0
1993 0.8683 0
1116 0.8656 0
535 0.8644 0
1992 0.8545 0
1830 0.8495 0
1469 0.8468 0
948 0.8454 0
722 0.8442 0
863 0.8440 0
687 0.8438 0
1400 0.8342 0
1962 0.8328 0
1595 0.8327 0
1301 0.8243 0
1239 0.8224 0
1765 0.8215 0
1060 0.8182 0
1298 0.8105 0
1848 0.8100 0
1987 0.8033 0
1958 0.8027 0
16 0.7982 0
1177 0.7944 0
1870 0.7924 0
678 0.7875 0
394 0.7833 0
122 0.7804 0
1188 0.7728 0
893 0.7718 0
1084 0.7686 0
407 0.7685 0
1857 0.7643 0
1062 0.7599 0
1273 0.7562 0
359 0.7517 0
704 0.7515 0
530 0.7423 0
1638 0.7395 0
899 0.7292 0
1813 0.7290 0
1097 0.7263 0
932 0.7244 0
1438 0.7237 0
1706 0.7182 0
1833 0.7076 0
1779 0.7003 0
1119 0.7000 0
919 0.6939 0
1630 0.6899 0
1846 0.6841 0
1642 0.6837 0
1167 0.6806 0
1190 0.6792 0
1766 0.6782 0
827 0.6692 0
915 0.6677 0
511 0.6642 0
1045 0.6591 0
708 0.6588 0
1719 0.6571 0
447 0.6530 0
811 0.6450 0
700 0.6387 0
1662 0.6380 0
360 0.6359 0
1745 0.6309 0
1980 0.6294 0
601 0.6227 0
1039 0.6166 0
1842 0.6154 0
1501 0.6101 0
770 0.6093 0
1091 0.6090 0
1157 0.6006 0
1919 0.5990 1
1161 0.5976 0
746 0.5969 0
619 0.5937 0
1211 0.5910 0
1130 0.5910 0
1290 0.5900 0
1346 0.5894 0
1690 0.5870 0
1102 0.5861 0
918 0.5827 0
716 0.5821 0
63 0.5743 0
636 0.5712 0
1802 0.5686 0
198 0.5672 0
1899 0.5519 0
1072 0.5507 0
1995 0.5468 0
1433 0.5463 0
101 0.5451 0
1808 0.5438 0
819 0.5408 0
102 0.5359 0
1966 0.5221 0
1568 0.5191 0
309 0.5072 0
585 0.5061 0
1838 0.5040 0
1826 0.4994 0
1715 0.4934 0
720 0.4880 0
522 0.4871 0
1534 0.4850 0
1538 0.4842 0
1678 0.4793 0
1051 0.4760 0
182 0.4707 0
946 0.4684 0
1572 0.4651 0
1505 0.4621 0
95 0.4516 0
1853 0.4470 0
1343 0.4445 0
72 0.4417 0
1401 0.4405 0
921 0.4399 0
740 0.4393 0
1871 0.4375 0
13 0.4301 0
1953 0.4280 0
808 0.4271 0
1014 0.4228 0
4 0.4207 0
1494 0.4163 0
1660 0.4087 0
1743 0.4084 0
1897 0.4051 0
1156 0.4009 0
799 0.3993 0
1339 0.3984 0
1464 0.3976 0
1158 0.3968 0
411 0.3938 0
293 0.3937 0
304 0.3935 0
263 0.3899 0
1202 0.3899 0
1003 0.3879 0
134 0.3861 0
543 0.3820 0
361 0.3795 0
1786 0.3757 0
1563 0.3747 0
1151 0.3728 0
1427 0.3696 0
1688 0.3627 0
81 0.3626 0
1377 0.3610 0
910 0.3553 0
1864 0.3537 0
1076 0.3473 0
933 0.3439 0
764 0.3432 0
1625 0.3407 0
789 0.3402 0
1680 0.3342 0
1008 0.3337 0
732 0.3330 0
1146 0.3299 0
549 0.3210 0
784 0.3197 0
1054 0.3189 0
123 0.3065 0
1666 0.3062 0
608 0.3060 0
1652 0.3019 0
1610 0.2965 0
1264 0.2869 0
1036 0.2850 0
745 0.2796 0
1094 0.2776 0
1895 0.2740 0
1767 0.2723 0
598 0.2693 0
1266 0.2632 0
56 0.2609 0
622 0.2500 0
1509 0.2471 0
931 0.2457 0
1817 0.2455 0
1994 0.2442 0
785 0.2424 0
1291 0.2401 0
1996 0.2393 0
1344 0.2392 0
523 0.2325 0
1867 0.2293 0
517 0.2235 0
1280 0.2220 0
1212 0.2210 0
508 0.2200 0
1820 0.2155 0
1428 0.2119 0
670 0.2093 0
1835 0.1987 0
600 0.1871 0
34 0.1865 0
1686 0.1843 0
816 0.1769 0
955 0.1722 0
25 0.1675 0
1892 0.1648 0
1981 0.1572 0
438 0.1530 0
1028 0.1484 0
1593 0.1469 0
1629 0.1468 0
682 0.1432 0
1896 0.1408 0
629 0.1394 0
1581 0.1387 0
1636 0.1385 0
274 0.1357 0
397 0.1346 0
1048 0.1307 0
597 0.1220 0
1287 0.1213 0
33 0.1206 0
53 0.1168 0
1399 0.1161 0
271 0.1157 0
751 0.1065 0
547 0.0964 0
310 0.0854 0
506 0.0838 0
1209 0.0821 0
479 0.0804 0
1405 0.0787 0
1099 0.0755 0
84 0.0738 0
786 0.0720 0
1782 0.0705 0
1515 0.0689 0
91 0.0683 0
845 0.0672 0
82 0.0635 0
1518 0.0608 0
27 0.0550 0
1231 0.0537 0
1718 0.0531 0
15 0.0521 0
1150 0.0496 0
1397 0.0472 0
609 0.0322 0
1885 0.0265 0
1065 0.0257 0
1024 0.0137 0
67 0.0133 0
1413 0.0101 0
424 0.0090 0
906 0.0083 0
912 0.0070 0
702 0.0038 0
905 0.0023 0
1893 0.0006 0
17 -0.0028 0
529 -0.0056 0
339 -0.0056 0
315 -0.0177 0
1631 -0.0178 0
692 -0.0229 0
1443 -0.0255 0
1860 -0.0261 0
1754 -0.0264 0
1249 -0.0274 0
1717 -0.0322 0
1412 -0.0337 0
1888 -0.0390 0
525 -0.0415 0
826 -0.0422 0
85 -0.0444 0
8 -0.0484 0
1596 -0.0503 0
419 -0.0511 0
706 -0.0535 0
327 -0.0600 0
453 -0.0651 0
825 -0.0662 0
1245 -0.0674 0
1316 -0.0699 0
1384 -0.0710 0
490 -0.0758 0
1740 -0.0775 0
391 -0.0782 0
1594 -0.0803 0
1229 -0.0849 0
1579 -0.1009 0
1727 -0.1012 0
1757 -0.1052 0
1390 -0.1053 0
316 -0.1055 0
1646 -0.1088 0
1247 -0.1184 0
744 -0.1189 0
1525 -0.1195 0
288 -0.1206 0
1191 -0.1207 0
427 -0.1216 0
617 -0.1233 0
1435 -0.1299 0
57 -0.1300 0
1087 -0.1308 0
761 -0.1369 0
416 -0.1416 0
520 -0.1423 0
1979 -0.1464 0
1749 -0.1491 0
1189 -0.1540 0
148 -0.1564 0
1221 -0.1580 0
908 -0.1601 0
631 -0.1612 0
1736 -0.1694 0
1288 -0.1701 0
952 -0.1728 0
515 -0.1729 0
800 -0.1744 0
342 -0.1752 0
616 -0.1775 0
1851 -0.1777 0
1658 -0.1804 0
1096 -0.1836 0
1450 -0.1850 0
1468 -0.1876 0
1312 -0.1910 0
66 -0.1923 0
1383 -0.1925 0
1730 -0.1953 0
942 -0.2002 0
1449 -0.2018 0
61 -0.2020 0
117 -0.2048 0
291 -0.2059 0
132 -0.2109 0
1213 -0.2123 0
432 -0.2124 0
1543 -0.2135 0
1693 -0.2162 0
22 -0.2191 0
262 -0.2208 0
1309 -0.2218 0
645 -0.2249 0
1128 -0.2316 0
1118 -0.2371 0
1440 -0.2391 0
1872 -0.2397 0
1804 -0.2475 0
1123 -0.2476 0
1133 -0.2490 0
59 -0.2501 0
55 -0.2503 0
821 -0.2536 0
1578 -0.2536 0
1139 -0.2540 0
1703 -0.2551 0
596 -0.2596 0
1906 -0.2606 1
1461 -0.2611 0
403 -0.2616 0
1519 -0.2705 0
639 -0.2724 0
269 -0.2727 0
1632 -0.2753 0
26 -0.2788 0
610 -0.2817 0
1335 -0.2822 0
190 -0.2829 0
298 -0.2867 0
1017 -0.2892 0
872 -0.2969 0
1790 -0.2979 0
719 -0.2994 0
260 -0.3009 0
1148 -0.3022 0
1432 -0.3062 0
1182 -0.3087 0
1127 -0.3135 0
30 -0.3174 0
1282 -0.3234 0
1502 -0.3269 0
1753 -0.3368 0
847 -0.3395 0
1467 -0.3409 0
582 -0.3454 0
1075 -0.3455 0
444 -0.3460 0
247 -0.3486 0
426 -0.3527 0
1090 -0.3600 0
1431 -0.3603 0
1598 -0.3624 0
568 -0.3642 0
1255 -0.3659 0
1819 -0.3702 0
1683 -0.3709 0
1657 -0.3737 0
1083 -0.3740 0
1682 -0.3805 0
1466 -0.3805 0
954 -0.3844 0
408 -0.3907 0
1675 -0.3939 0
374 -0.3985 0
1336 -0.3992 0
674 -0.4006 0
1323 -0.4021 0
252 -0.4030 0
436 -0.4038 0
272 -0.4097 0
1734 -0.4110 0
172 -0.4110 0
731 -0.4110 0
1751 -0.4130 0
1137 -0.4217 0
730 -0.4224 0
1165 -0.4262 0
615 -0.4279 0
846 -0.4303 0
1420 -0.4345 0
1667 -0.4370 0
1643 -0.4375 0
1220 -0.4439 0
461 -0.4440 0
1063 -0.4458 0
632 -0.4459 0
1430 -0.4490 0
425 -0.4510 0
380 -0.4533 0
270 -0.4544 0
1762 -0.4562 0
305 -0.4563 0
19 -0.4587 0
1448 -0.4651 0
494 -0.4693 0
679 -0.4713 0
1314 -0.4776 0
1252 -0.4825 0
644 -0.4838 0
1152 -0.4839 0
1104 -0.4848 0
64 -0.4861 0
507 -0.4945 0
1265 -0.4952 0
1577 -0.4972 0
824 -0.5005 0
536 -0.5014 0
1507 -0.5027 0
555 -0.5049 0
1307 -0.5054 0
822 -0.5069 0
540 -0.5145 0
741 -0.5160 0
815 -0.5175 0
302 -0.5188 0
904 -0.5192 0
814 -0.5279 0
369 -0.5287 0
829 -0.5290 0
54 -0.5297 0
1330 -0.5302 0
1244 -0.5310 0
1707 -0.5323 0
114 -0.5339 0
253 -0.5350 0
672 -0.5366 0
1787 -0.5392 0
388 -0.5410 0
1800 -0.5470 0
1491 -0.5492 0
985 -0.5493 0
1884 -0.5516 0
613 -0.5529 0
648 -0.5630 0
50 -0.5635 0
390 -0.5640 0
254 -0.5666 0
544 -0.5667 0
329 -0.5670 0
900 -0.5720 0
259 -0.5796 0
839 -0.5909 0
1138 -0.5972 0
510 -0.5982 0
45 -0.6035 0
1687 -0.6046 0
1356 -0.6052 0
1621 -0.6059 0
869 -0.6062 0
251 -0.6074 0
1018 -0.6075 0
1201 -0.6129 0
448 -0.6157 0
1553 -0.6214 0
957 -0.6226 0
756 -0.6233 0
1454 -0.6241 0
255 -0.6241 0
635 -0.6259 0
977 -0.6276 0
1704 -0.6312 0
1789 -0.6337 0
1154 -0.6341 0
1187 -0.6388 0
1571 -0.6395 0
1788 -0.6396 0
1374 -0.6419 0
1520 -0.6450 0
1600 -0.6466 0
1250 -0.6475 0
1465 -0.6477 0
280 -0.6484 0
1364 -0.6511 0
73 -0.6538 0
1488 -0.6538 0
1558 -0.6609 0
1792 -0.6695 0
818 -0.6739 0
1470 -0.6773 0
429 -0.6823 0
364 -0.6863 0
1278 -0.6883 0
831 -0.6897 0
1179 -0.6924 0
1654 -0.6946 0
852 -0.6947 0
1407 -0.6979 0
1661 -0.6998 0
136 -0.7016 0
1713 -0.7042 0
1379 -0.7044 0
941 -0.7164 0
782 -0.7223 0
1185 -0.7230 0
886 -0.7238 0
1564 -0.7255 0
290 -0.7260 0
542 -0.7265 0
1208 -0.7288 0
1504 -0.7301 0
284 -0.7350 0
550 -0.7372 0
849 -0.7377 0
793 -0.7395 0
771 -0.7424 0
1446 -0.7424 0
1246 -0.7479 0
605 -0.7499 0
285 -0.7505 0
484 -0.7506 0
1132 -0.7547 0
384 -0.7565 0
11 -0.7626 0
1731 -0.7626 0
1041 -0.7626 0
1110 -0.7627 0
1602 -0.7632 0
1644 -0.7675 0
797 -0.7847 0
1248 -0.7854 0
386 -0.7876 0
1184 -0.7991 0
557 -0.8005 0
1237 -0.8048 0
1086 -0.8050 0
984 -0.8058 0
885 -0.8080 0
358 -0.8083 0
803 -0.8155 0
1325 -0.8183 0
1863 -0.8213 0
1092 -0.8220 0
1046 -0.8232 0
920 -0.8239 0
1365 -0.8268 0
712 -0.8299 0
1078 -0.8368 0
518 -0.8372 0
1591 -0.8388 0
1322 -0.8406 0
321 -0.8419 0
318 -0.8495 0
1756 -0.8495 0
96 -0.8560 0
1037 -0.8560 0
1409 -0.8588 0
1645 -0.8618 0
435 -0.8665 0
590 -0.8679 0
347 -0.8688 0
376 -0.8753 0
767 -0.8768 0
769 -0.8773 0
362 -0.8780 0
1479 -0.8790 0
913 -0.8799 0
574 -0.8814 0
1306 -0.8836 0
599 -0.8846 0
1162 -0.8887 0
1567 -0.8902 0
46 -0.8920 0
1347 -0.8942 0
443 -0.8942 0
1606 -0.8944 0
1042 -0.8947 0
1685 -0.8948 0
727 -0.8982 0
99 -0.9009 0
783 -0.9014 0
892 -0.9044 0
1570 -0.9069 0
417 -0.9073 0
1385 -0.9144 0
1380 -0.9167 0
1391 -0.9173 0
1198 -0.9199 0
1204 -0.9205 0
1769 -0.9219 0
1034 -0.9236 0
801 -0.9305 0
1447 -0.9322 0
776 -0.9331 0
377 -0.9337 0
1759 -0.9398 0
418 -0.9491 0
1194 -0.9492 0
1035 -0.9513 0
433 -0.9529 0
396 -0.9533 0
538 -0.9561 0
1026 -0.9576 0
791 -0.9603 0
1 -0.9604 0
1590 -0.9614 0
1474 -0.9630 0
1081 -0.9638 0
1392 -0.9642 0
1444 -0.9676 0
1673 -0.9687 0
1576 -0.9693 0
368 -0.9696 0
1669 -0.9779 0
1396 -0.9824 0
289 -0.9832 0
1499 -0.9844 0
901 -0.9863 0
1485 -0.9867 0
393 -0.9917 0
9 -0.9948 0
1324 -0.9951 0
850 -0.9965 0
1569 -0.9974 0
1267 -0.9983 0
1733 -1.0094 0
344 -1.0115 0
667 -1.0163 0
1111 -1.0166 0
1292 -1.0201 0
779 -1.0219 0
1684 -1.0223 0
1510 -1.0251 0
1506 -1.0273 0
1326 -1.0367 0
431 -1.0368 0
1414 -1.0409 0
628 -1.0458 0
1415 -1.0495 0
487 -1.0497 0
89 -1.0508 0
1635 -1.0524 0
962 -1.0525 0
1200 -1.0540 0
1587 -1.0564 0
383 -1.0585 0
1274 -1.0607 0
1360 -1.0710 0
1367 -1.0718 0
1010 -1.0765 0
1276 -1.0786 0
387 -1.0842 0
945 -1.0869 0
1408 -1.0876 0
340 -1.0882 0
1079 -1.0938 0
1801 -1.0965 0
29 -1.1026 0
680 -1.1031 0
1618 -1.1041 0
1575 -1.1054 0
539 -1.1101 0
1228 -1.1106 0
83 -1.1141 0
499 -1.1196 0
1258 -1.1201 0
1106 -1.1203 0
584 -1.1225 0
21 -1.1226 0
1166 -1.1237 0
1327 -1.1246 0
1057 -1.1247 0
1512 -1.1256 0
875 -1.1263 0
333 -1.1263 0
1089 -1.1314 0
1714 -1.1329 0
382 -1.1338 0
1665 -1.1354 0
755 -1.1355 0
862 -1.1370 0
1310 -1.1377 0
1850 -1.1400 0
475 -1.1409 0
848 -1.1420 0
914 -1.1423 0
467 -1.1427 0
221 -1.1432 0
1163 -1.1434 0
940 -1.1468 0
1030 -1.1483 0
813 -1.1525 0
1085 -1.1530 0
937 -1.1545 0
1750 -1.1566 0
526 -1.1668 0
1597 -1.1682 0
743 -1.1811 0
412 -1.1854 0
60 -1.1856 0
1456 -1.1864 0
1582 -1.1875 0
1816 -1.1889 0
726 -1.1905 0
894 -1.1971 0
77 -1.1978 0
621 -1.1980 0
10 -1.2015 0
1608 -1.2019 0
620 -1.2038 0
752 -1.2107 0
1537 -1.2120 0
1859 -1.2127 0
851 -1.2156 0
1363 -1.2162 0
1197 -1.2237 0
1726 -1.2277 0
1370 -1.2284 0
389 -1.2292 0
724 -1.2297 0
334 -1.2297 0
1315 -1.2324 0
1589 -1.2344 0
306 -1.2371 0
1739 -1.2389 0
1061 -1.2416 0
1225 -1.2427 0
1174 -1.2433 0
604 -1.2445 0
58 -1.2446 0
563 -1.2494 0
1607 -1.2494 0
1366 -1.2529 0
1338 -1.2553 0
296 -1.2554 0
717 -1.2560 0
1059 -1.2583 0
1334 -1.2615 0
367 -1.2666 0
689 -1.2682 0
1620 -1.2694 0
1492 -1.2729 0
483 -1.2742 0
1439 -1.2861 0
1852 -1.2873 0
1841 -1.2877 0
1544 -1.2892 0
1279 -1.2935 0
97 -1.2959 0
1592 -1.2984 0
1331 -1.2984 0
513 -1.3057 0
911 -1.3069 0
723 -1.3071 0
842 -1.3118 0
657 -1.3145 0
1775 -1.3148 0
1530 -1.3179 0
1004 -1.3214 0
1355 -1.3234 0
1818 -1.3238 0
1692 -1.3245 0
1170 -1.3259 0
308 -1.3288 0
78 -1.3362 0
1696 -1.3407 0
100 -1.3461 0
1785 -1.3468 0
332 -1.3484 0
322 -1.3512 0
1722 -1.3519 0
1741 -1.3579 0
343 -1.3580 0
395 -1.3597 0
1256 -1.3598 0
1784 -1.3601 0
1308 -1.3603 0
774 -1.3605 0
478 -1.3626 0
665 -1.3691 0
464 -1.3742 0
865 -1.3744 0
976 -1.3812 0
1376 -1.3815 0
705 -1.3819 0
691 -1.3877 0
1425 -1.3886 0
93 -1.3896 0
1760 -1.3896 0
385 -1.3909 0
1095 -1.3909 0
1013 -1.3913 0
312 -1.3915 0
462 -1.3928 0
1565 -1.3938 0
650 -1.3940 0
664 -1.3974 0
1574 -1.4000 0
420 -1.4038 0
1270 -1.4039 0
1677 -1.4043 0
502 -1.4046 0
375 -1.4057 0
75 -1.4082 0
1205 -1.4099 0
867 -1.4182 0
1493 -1.4199 0
1378 -1.4212 0
1858 -1.4264 0
1746 -1.4264 0
1402 -1.4277 0
606 -1.4286 0
709 -1.4294 0
1437 -1.4324 0
283 -1.4340 0
1516 -1.4373 0
649 -1.4422 0
896 -1.4429 0
1261 -1.4448 0
1122 -1.4466 0
733 -1.4479 0
1511 -1.4494 0
996 -1.4527 0
1242 -1.4604 0
856 -1.4624 0
1403 -1.4649 0
1262 -1.4662 0
335 -1.4670 0
37 -1.4727 0
796 -1.4738 0
51 -1.4825 0
1067 -1.4829 0
491 -1.4902 0
625 -1.4972 0
995 -1.4981 0
1269 -1.4985 0
125 -1.5038 0
888 -1.5038 0
1552 -1.5039 0
1351 -1.5043 0
7 -1.5087 0
1058 -1.5094 0
1277 -1.5105 0
634 -1.5116 0
1285 -1.5160 0
963 -1.5168 0
268 -1.5192 0
1698 -1.5210 0
1295 -1.5211 0
1193 -1.5222 0
1073 -1.5227 0
1268 -1.5236 0
1173 -1.5281 0
1694 -1.5327 0
1522 -1.5336 0
1586 -1.5339 0
1387 -1.5355 0
370 -1.5398 0
924 -1.5400 0
275 -1.5437 0
1033 -1.5477 0
1001 -1.5480 0
363 -1.5518 0
1771 -1.5540 0
1627 -1.5553 0
1389 -1.5586 0
400 -1.5594 0
1732 -1.5614 0
1770 -1.5619 0
147 -1.5764 0
889 -1.5772 0
1633 -1.5791 0
1455 -1.5812 0
1617 -1.5819 0
1478 -1.5842 0
1526 -1.5867 0
1648 -1.5873 0
655 -1.5931 0
750 -1.5936 0
666 -1.5967 0
1235 -1.5982 0
1523 -1.6003 0
1055 -1.6059 0
1807 -1.6086 0
754 -1.6091 0
1141 -1.6112 0
1737 -1.6115 0
1825 -1.6123 0
534 -1.6125 0
1697 -1.6129 0
729 -1.6130 0
641 -1.6151 0
399 -1.6204 0
1797 -1.6250 0
1721 -1.6320 0
879 -1.6339 0
497 -1.6353 0
1117 -1.6380 0
758 -1.6453 0
556 -1.6584 0
1375 -1.6614 0
352 -1.6619 0
830 -1.6666 0
1175 -1.6674 0
454 -1.6679 0
409 -1.6707 0
434 -1.6752 0
1434 -1.6765 0
1527 -1.6773 0
873 -1.6805 0
1164 -1.6806 0
686 -1.6815 0
531 -1.6821 0
1536 -1.6844 0
1490 -1.6864 0
505 -1.6880 0
541 -1.6947 0
1671 -1.6950 0
1535 -1.6993 0
330 -1.7006 0
324 -1.7015 0
586 -1.7074 0
1776 -1.7104 0
1794 -1.7157 0
1761 -1.7194 0
470 -1.7198 0
1487 -1.7211 0
775 -1.7223 0
837 -1.7235 0
588 -1.7244 0
1027 -1.7289 0
683 -1.7373 0
721 -1.7377 0
1050 -1.7393 0
925 -1.7486 0
579 -1.7557 0
1462 -1.7575 0
276 -1.7579 0
859 -1.7665 0
841 -1.7694 0
747 -1.7700 0
1047 -1.7715 0
1410 -1.7727 0
1069 -1.7766 0
357 -1.7817 0
1806 -1.7898 0
713 -1.7925 0
844 -1.7938 0
20 -1.7986 0
1495 -1.8027 0
1656 -1.8044 0
1345 -1.8084 0
1423 -1.8133 0
1460 -1.8135 0
1068 -1.8155 0
1615 -1.8162 0
1725 -1.8212 0
1747 -1.8212 0
336 -1.8240 0
371 -1.8244 0
860 -1.8329 0
1272 -1.8397 0
1781 -1.8440 0
1837 -1.8444 0
612 -1.8463 0
1612 -1.8512 0
79 -1.8546 0
1020 -1.8568 0
1758 -1.8678 0
973 -1.8714 0
458 -1.8759 0
353 -1.8769 0
1773 -1.8820 0
1681 -1.8820 0
802 -1.8871 0
1623 -1.8917 0
1605 -1.8930 0
738 -1.9027 0
430 -1.9045 0
971 -1.9061 0
707 -1.9076 0
640 -1.9110 0
561 -1.9117 0
688 -1.9118 0
1142 -1.9142 0
961 -1.9200 0
35 -1.9305 0
1317 -1.9319 0
1318 -1.9319 0
1176 -1.9323 0
870 -1.9363 0
772 -1.9385 0
495 -1.9411 0
675 -1.9414 0
366 -1.9473 0
1341 -1.9575 0
1473 -1.9582 0
24 -1.9684 0
281 -1.9703 0
1532 -1.9737 0
1457 -1.9774 0
473 -1.9779 0
422 -1.9783 0
1873 -1.9816 0
603 -1.9839 0
1453 -1.9924 0
630 -1.9972 0
611 -1.9986 0
466 -1.9987 0
647 -2.0000 0
277 -2.0081 0
987 -2.0098 0
1573 -2.0136 0
979 -2.0228 0
1549 -2.0295 0
474 -2.0355 0
949 -2.0384 0
1296 -2.0400 0
1124 -2.0419 0
646 -2.0524 0
1103 -2.0528 0
553 -2.0647 0
319 -2.0671 0
1031 -2.0685 0
1257 -2.0764 0
663 -2.0808 0
1009 -2.0872 0
854 -2.0886 0
0 -2.0908 0
569 -2.0937 0
476 -2.0949 0
934 -2.0952 0
1064 -2.0988 0
481 -2.1008 0
1320 -2.1059 0
1475 -2.1073 0
69 -2.1084 0
49 -2.1128 0
1561 -2.1133 0
1361 -2.1204 0
658 -2.1214 0
1622 -2.1244 0
1153 -2.1325 0
1358 -2.1342 0
451 -2.1342 0
780 -2.1350 0
1691 -2.1351 0
866 -2.1355 0
1670 -2.1397 0
1541 -2.1421 0
1889 -2.1436 0
781 -2.1518 0
1371 -2.1547 0
969 -2.1563 0
1357 -2.1614 0
514 -2.1699 0
1659 -2.1706 0
884 -2.1716 0
737 -2.1727 0
970 -2.1811 0
1588 -2.1826 0
980 -2.1830 0
765 -2.1834 0
1241 -2.1837 0
1294 -2.1851 0
673 -2.1863 0
1260 -2.1877 0
656 -2.1917 0
1458 -2.1934 0
1114 -2.1963 0
351 -2.1992 0
1545 -2.2021 0
1599 -2.2042 0
652 -2.2075 0
1275 -2.2081 0
455 -2.2089 0
861 -2.2115 0
402 -2.2121 0
1689 -2.2171 0
565 -2.2183 0
1554 -2.2185 0
564 -2.2187 0
537 -2.2237 0
449 -2.2288 0
457 -2.2288 0
1500 -2.2393 0
1498 -2.2398 0
1482 -2.2421 0
638 -2.2425 0
637 -2.2429 0
1224 -2.2517 0
1481 -2.2523 0
527 -2.2554 0
365 -2.2574 0
668 -2.2635 0
509 -2.2659 0
1289 -2.2667 0
1417 -2.2691 0
1709 -2.2714 0
413 -2.2834 0
1550 -2.2912 0
410 -2.2979 0
662 -2.2992 0
6 -2.3025 0
1253 -2.3052 0
381 -2.3094 0
38 -2.3161 0
975 -2.3162 0
392 -2.3164 0
1547 -2.3184 0
446 -2.3283 0
944 -2.3328 0
1497 -2.3428 0
891 -2.3432 0
1783 -2.3438 0
968 -2.3460 0
1676 -2.3461 0
1109 -2.3518 0
1486 -2.3544 0
65 -2.3568 0
1546 -2.3588 0
1350 -2.3608 0
1472 -2.3613 0
1890 -2.3659 0
1101 -2.3720 0
1480 -2.3724 0
1628 -2.3755 0
571 -2.3779 0
725 -2.3848 0
693 -2.3873 0
1763 -2.3914 0
1404 -2.4044 0
501 -2.4047 0
676 -2.4128 0
498 -2.4211 0
855 -2.4326 0
320 -2.4342 0
1528 -2.4377 0
472 -2.4382 0
618 -2.4426 0
560 -2.4462 0
1283 -2.4514 0
1798 -2.4532 0
1321 -2.4570 0
1313 -2.4619 0
1218 -2.4745 0
877 -2.4768 0
1251 -2.4784 0
1508 -2.4826 0
956 -2.4841 0
938 -2.4861 0
1143 -2.4898 0
341 -2.4978 0
950 -2.4994 0
299 -2.5041 0
463 -2.5102 0
1369 -2.5127 0
314 -2.5211 0
1293 -2.5231 0
1040 -2.5333 0
1626 -2.5357 0
993 -2.5396 0
1271 -2.5408 0
1422 -2.5562 0
1304 -2.5580 0
627 -2.5732 0
1005 -2.5733 0
1649 -2.5805 0
633 -2.5811 0
1349 -2.5819 0
354 -2.5850 0
1700 -2.5877 0
1098 -2.5882 0
880 -2.6044 0
423 -2.6065 0
1484 -2.6141 0
1016 -2.6158 0
1539 -2.6320 0
1557 -2.6340 0
559 -2.6350 0
1243 -2.6355 0
1559 -2.6435 0
651 -2.6478 0
372 -2.6626 0
317 -2.6633 0
1112 -2.6657 0
953 -2.6665 0
1476 -2.6679 0
759 -2.6691 0
331 -2.6692 0
1452 -2.6702 0
1362 -2.6703 0
1105 -2.6803 0
1368 -2.6880 0
1724 -2.6960 0
1562 -2.6976 0
798 -2.7057 0
421 -2.7097 0
356 -2.7145 0
1126 -2.7373 0
883 -2.7414 0
1352 -2.7418 0
595 -2.7445 0
766 -2.7481 0
477 -2.7503 0
325 -2.7669 0
858 -2.7681 0
1503 -2.7723 0
1755 -2.7778 0
460 -2.7789 0
1353 -2.7867 0
1603 -2.7895 0
348 -2.7898 0
581 -2.7923 0
1653 -2.8009 0
404 -2.8035 0
1007 -2.8106 0
1548 -2.8147 0
909 -2.8177 0
414 -2.8224 0
1043 -2.8229 0
1716 -2.8300 0
1664 -2.8370 0
694 -2.8402 0
840 -2.8413 0
350 -2.8423 0
1381 -2.8426 0
711 -2.8480 0
345 -2.8603 0
398 -2.8627 0
566 -2.8685 0
1451 -2.8720 0
1011 -2.8722 0
573 -2.8741 0
989 -2.8811 0
773 -2.8876 0
684 -2.8911 0
1002 -2.8974 0
1359 -2.8991 0
660 -2.9035 0
1651 -2.9100 0
999 -2.9157 0
1601 -2.9375 0
489 -2.9540 0
1674 -2.9570 0
440 -2.9579 0
1373 -2.9625 0
887 -2.9655 0
974 -2.9710 0
1799 -2.9731 0
1477 -2.9774 0
1764 -2.9894 0
1723 -3.0008 0
575 -3.0014 0
551 -3.0072 0
1585 -3.0087 0
1886 -3.0130 0
1311 -3.0134 0
488 -3.0134 0
777 -3.0183 0
337 -3.0249 0
983 -3.0274 0
982 -3.0318 0
624 -3.0349 0
762 -3.0363 0
1752 -3.0443 0
554 -3.0507 0
1463 -3.0646 0
736 -3.0699 0
480 -3.0701 0
882 -3.0710 0
794 -3.0761 0
685 -3.0833 0
916 -3.0862 0
809 -3.0867 0
40 -3.0963 0
998 -3.0987 0
378 -3.1010 0
471 -3.1019 0
578 -3.1048 0
266 -3.1151 0
1113 -3.1163 0
594 -3.1208 0
482 -3.1230 0
653 -3.1323 0
465 -3.1348 0
690 -3.1513 0
1115 -3.1566 0
1171 -3.1582 0
496 -3.1605 0
853 -3.1638 0
654 -3.1842 0
558 -3.1850 0
1093 -3.1883 0
978 -3.1888 0
592 -3.1890 0
874 -3.1946 0
1333 -3.1990 0
562 -3.2022 0
1222 -3.2179 0
898 -3.2405 0
1195 -3.2483 0
1259 -3.2622 0
659 -3.2814 0
1777 -3.2970 0
1012 -3.3025 0
1006 -3.3149 0
1583 -3.3389 0
445 -3.3397 0
1254 -3.3668 0
1305 -3.3693 0
669 -3.3801 0
981 -3.4097 0
614 -3.4282 0
1611 -3.4322 0
871 -3.4371 0
587 -3.4521 0
355 -3.4540 0
1297 -3.4618 0
1382 -3.4640 0
1795 -3.4649 0
552 -3.4713 0
1300 -3.4829 0
878 -3.4890 0
1459 -3.4918 0
1332 -3.4955 0
485 -3.4957 0
286 -3.4963 0
1348 -3.5416 0
295 -3.5517 0
994 -3.6059 0
992 -3.6117 0
1032 -3.6148 0
972 -3.6502 0
1216 -3.6791 0
1386 -3.6803 0
677 -3.7039 0
1394 -3.7076 0
346 -3.7080 0
1772 -3.7131 0
1303 -3.7136 0
1639 -3.7231 0
493 -3.7251 0
642 -3.7397 0
1952 -3.7518 0
468 -3.7562 0
876 -3.7632 0
1521 -3.7690 0
94 -3.7881 0
991 -3.7912 0
1672 -3.8096 0
1395 -3.8166 0
521 -3.8216 0
1100 -3.8223 0
1483 -3.8746 0
1337 -3.8793 0
965 -3.8827 0
895 -3.8837 0
1489 -3.8909 0
1147 -3.9080 0
1108 -3.9276 0
456 -3.9376 0
1655 -3.9455 0
742 -3.9504 0
1149 -3.9591 0
757 -3.9932 0
868 -3.9946 0
1015 -4.0002 0
897 -4.0219 0
890 -4.0345 0
1774 -4.0758 0
857 -4.0760 0
787 -4.1004 0
469 -4.1346 0
988 -4.1421 0
795 -4.1499 0
593 -4.1527 0
1668 -4.1685 0
1560 -4.1732 0
1299 -4.1796 0
671 -4.2146 0
226 -4.2734 0
1354 -4.2825 0
1388 -4.2865 0
1319 -4.3185 0
1029 -4.3603 0
1398 -4.3637 0
580 -4.3664 0
699 -4.3909 0
492 -4.4025 0
572 -4.4259 0
997 -4.4336 0
570 -4.4584 0
1634 -4.4748 0
1302 -4.4908 0
1329 -4.5085 0
960 -4.5109 0
1019 -4.6159 0
486 -4.6627 0
1135 -4.6664 0
373 -4.6689 0
576 -4.7064 0
864 -4.7238 0
1614 -4.7554 0
790 -4.8833 0
349 -4.9000 0
964 -5.0440 0
966 -5.1011 0
1580 -5.1280 0
1471 -5.1985 0
1136 -5.2505 0
697 -5.2608 0
967 -5.2723 0
959 -5.2831 0
958 -5.3516 0
459 -6.1732 0
589 -6.6329 0
