1970 30.7701 1
1974 29.0840 1
1979 27.1146 1
1984 24.5507 1
1981 23.3803 1
1975 23.2986 1
1971 23.1682 1
1969 21.8588 1
1973 21.3471 1
1963 21.0933 1
1978 20.6751 1
1972 20.4681 1
1980 19.9911 1
1995 19.4265 1
1964 19.1637 1
1961 17.7667 1
1967 17.3813 1
1998 16.9990 1
1954 16.9620 1
1994 16.9236 1
1985 16.5651 1
1950 16.5553 1
1986 16.3918 1
1983 16.3322 1
1990 15.6649 1
1997 15.1822 1
1999 14.0768 1
1966 13.4571 1
1993 13.4476 1
1957 13.3483 1
1976 12.9530 1
1965 12.8839 1
1987 12.8104 1
1855 12.3455 0
1989 12.1705 1
1991 11.8159 1
1955 11.8060 1
1982 11.4552 1
1977 11.1844 1
1960 11.1734 1
1953 10.9433 1
1962 10.7918 1
1940 10.7389 0
1932 10.0142 0
1959 9.5404 1
1926 9.2686 0
1951 9.2537 1
197 9.1827 0
169 9.1513 0
1949 9.0586 0
1939 8.9891 0
1943 8.5595 0
1901 8.5435 0
119 8.3752 0
107 8.3362 0
1956 8.0576 1
128 7.9510 0
1938 7.9298 0
120 7.8244 0
1877 7.7549 0
1917 7.7453 0
1928 7.7369 0
1947 7.7101 0
124 7.6520 0
235 7.5858 0
139 7.5826 0
1912 7.5473 0
155 7.5000 0
207 7.4760 0
1711 7.4756 0
170 7.4112 0
1922 7.3730 0
1929 7.2563 0
549 7.2122 0
175 7.1671 0
136 7.1604 0
163 7.1051 0
236 7.0602 0
1236 6.9389 0
1931 6.9340 0
176 6.9133 0
1616 6.8326 0
1944 6.8312 0
115 6.7460 0
1948 6.7361 0
145 6.7313 0
188 6.6787 0
1910 6.6232 0
292 6.4962 0
512 6.4784 0
130 6.4757 0
504 6.3904 0
817 6.3841 0
1911 6.2917 0
843 6.2861 0
1710 6.2800 0
1921 6.2164 0
1868 6.1651 0
166 6.0994 0
1930 6.0935 0
1217 6.0652 0
836 6.0208 0
179 5.9929 0
1913 5.9801 0
907 5.9681 0
1916 5.9601 0
1927 5.8407 0
110 5.8381 0
1945 5.8379 0
547 5.8267 0
526 5.8187 0
194 5.7981 0
189 5.7751 0
142 5.7286 0
1968 5.6869 1
122 5.6812 0
872 5.6217 0
181 5.6148 0
1866 5.5886 0
101 5.5401 0
211 5.5384 0
229 5.5305 0
1988 5.4872 1
192 5.4743 0
6 5.4575 0
117 5.4334 0
1920 5.3920 0
1867 5.3824 0
409 5.3716 0
232 5.2939 0
171 5.2848 0
43 5.2643 0
1908 5.2393 0
147 5.2320 0
131 5.2064 0
108 5.1184 0
186 5.1151 0
126 5.1139 0
1897 5.0809 0
1941 5.0577 0
135 5.0326 0
1937 4.9091 0
265 4.8915 0
1918 4.8771 0
183 4.8506 0
438 4.8390 0
1411 4.8373 0
173 4.8151 0
162 4.8020 0
1424 4.7673 0
138 4.7406 0
1958 4.7399 1
807 4.7056 0
114 4.6867 0
846 4.5841 0
134 4.5745 0
530 4.5738 0
167 4.5692 0
249 4.5616 0
1891 4.5393 0
1861 4.5365 0
1435 4.4424 0
1420 4.4408 0
1172 4.4351 0
150 4.4180 0
1043 4.4104 0
1946 4.4056 0
160 4.3948 0
215 4.3796 0
401 4.3699 0
239 4.3197 0
543 4.3073 0
521 4.2862 0
241 4.2495 0
1902 4.2411 0
1924 4.1990 0
1227 4.1768 0
140 4.1498 0
1079 4.1455 0
1896 4.1225 0
1894 4.0984 0
532 4.0758 0
151 4.0729 0
1648 4.0606 0
1935 4.0348 0
238 4.0134 0
1098 3.9876 0
1447 3.9827 0
596 3.9748 0
1413 3.9735 0
157 3.9605 0
184 3.9295 0
231 3.9021 0
146 3.8552 0
1087 3.8518 0
840 3.8441 0
10 3.8156 0
1903 3.8025 0
546 3.7839 0
674 3.7780 0
612 3.7674 0
833 3.7664 0
227 3.7636 0
1416 3.7574 0
915 3.7538 0
927 3.7489 0
930 3.7320 0
185 3.7256 0
1245 3.7151 0
1907 3.7065 0
508 3.6890 0
514 3.6875 0
153 3.6705 0
931 3.6676 0
196 3.6650 0
1430 3.6649 0
296 3.6357 0
821 3.6158 0
276 3.5792 0
159 3.5782 0
1872 3.5507 0
600 3.5427 0
1192 3.5274 0
1925 3.4872 0
523 3.4810 0
80 3.4734 0
1342 3.4716 0
382 3.4629 0
1936 3.4596 0
515 3.4584 0
1232 3.4488 0
1414 3.4276 0
1874 3.4218 0
164 3.4165 0
178 3.4024 0
1426 3.3906 0
808 3.3903 0
143 3.3396 0
322 3.3338 0
1883 3.3228 0
405 3.3177 0
152 3.3153 0
1540 3.3150 0
248 3.3127 0
280 3.3035 0
1244 3.2970 0
500 3.2951 0
105 3.2843 0
141 3.2678 0
935 3.2436 0
585 3.2169 0
1052 3.2136 0
1636 3.2076 0
1745 3.1985 0
1621 3.1787 0
1436 3.1738 0
1934 3.1699 0
100 3.1561 0
922 3.1305 0
611 3.1157 0
1119 3.1129 0
1885 3.1128 0
116 3.1116 0
1904 3.1049 0
1899 3.1021 0
591 3.1004 0
601 3.0998 0
269 3.0864 0
132 3.0842 0
567 3.0776 0
1923 3.0644 0
1396 3.0609 0
165 3.0255 0
113 3.0144 0
1428 3.0127 0
628 3.0083 0
246 2.9994 0
910 2.9942 0
172 2.9739 0
129 2.9540 0
149 2.9502 0
1314 2.9405 0
714 2.9392 0
1071 2.9267 0
415 2.9182 0
125 2.9098 0
1520 2.9035 0
716 2.8985 0
1208 2.8951 0
408 2.8817 0
533 2.8763 0
1833 2.8647 0
919 2.8460 0
213 2.8366 0
187 2.8253 0
1335 2.8220 0
127 2.8129 0
1701 2.8030 0
1421 2.8020 0
137 2.7992 0
448 2.7921 0
198 2.7870 0
617 2.7731 0
144 2.7485 0
111 2.7368 0
294 2.7348 0
261 2.7273 0
1234 2.7269 0
1788 2.7213 0
1441 2.7207 0
1893 2.7160 0
1081 2.7152 0
602 2.7091 0
1864 2.7020 0
825 2.6924 0
205 2.6824 0
118 2.6556 0
251 2.6407 0
18 2.6273 0
1834 2.6103 0
1182 2.6080 0
1247 2.6022 0
1207 2.5985 0
1181 2.5717 0
1091 2.5641 0
243 2.5603 0
13 2.5451 0
1248 2.5358 0
244 2.5268 0
1448 2.5105 0
830 2.4867 0
1588 2.4800 0
717 2.4724 0
799 2.4673 0
540 2.4545 0
442 2.4470 0
1092 2.4448 0
222 2.4330 0
917 2.4303 0
148 2.4303 0
1438 2.3937 0
190 2.3936 0
274 2.3863 0
1056 2.3773 0
1143 2.3745 0
218 2.3708 0
348 2.3599 0
1843 2.3362 0
1439 2.3276 0
112 2.3088 0
168 2.3030 0
206 2.2915 0
199 2.2847 0
1845 2.2723 0
539 2.2692 0
1407 2.2614 0
404 2.2443 0
1821 2.2375 0
1431 2.2325 0
1915 2.2314 0
1542 2.2262 0
881 2.2207 0
284 2.2201 0
1832 2.2200 0
156 2.2048 0
1328 2.1896 0
1871 2.1835 0
811 2.1708 0
1840 2.1616 0
942 2.1613 0
1644 2.1572 0
58 2.1519 0
624 2.1408 0
1065 2.1347 0
522 2.1338 0
214 2.1221 0
361 2.1062 0
1859 2.1046 0
1066 2.0980 0
845 2.0923 0
1763 2.0808 0
230 2.0709 0
1609 2.0686 0
879 2.0526 0
948 2.0387 0
905 2.0352 0
1433 2.0254 0
200 2.0155 0
1914 2.0108 0
912 2.0070 0
287 2.0062 0
375 1.9832 0
1094 1.9801 0
1150 1.9700 0
583 1.9667 0
1450 1.9571 0
191 1.9553 0
1887 1.9550 0
1409 1.9461 0
774 1.9378 0
23 1.9350 0
250 1.9252 0
692 1.9252 0
1080 1.9228 0
1813 1.9174 0
502 1.9114 0
1340 1.9085 0
84 1.9057 0
340 1.9052 0
209 1.8975 0
223 1.8930 0
1876 1.8917 0
491 1.8824 0
541 1.8798 0
76 1.8650 0
288 1.8539 0
640 1.8499 0
531 1.8330 0
928 1.8304 0
625 1.8264 0
444 1.8216 0
180 1.8214 0
511 1.8212 0
746 1.7912 0
1544 1.7879 0
62 1.7838 0
158 1.7825 0
228 1.7740 0
439 1.7620 0
1224 1.7497 0
535 1.7453 0
1070 1.7398 0
216 1.7283 0
1909 1.7107 0
1204 1.7087 0
279 1.6990 0
509 1.6986 0
253 1.6962 0
1062 1.6961 0
1076 1.6950 0
234 1.6893 0
220 1.6860 0
1134 1.6857 0
1708 1.6718 0
901 1.6674 0
1415 1.6566 0
161 1.6502 0
1839 1.6480 0
525 1.6458 0
1311 1.6355 0
1074 1.6200 0
604 1.6035 0
1531 1.6029 0
524 1.5914 0
17 1.5887 0
1097 1.5839 0
957 1.5743 0
1147 1.5682 0
1406 1.5580 0
1470 1.5552 0
517 1.5433 0
1847 1.5367 0
637 1.5285 0
210 1.5271 0
908 1.5248 0
482 1.5213 0
1400 1.5211 0
903 1.5117 0
1817 1.5109 0
1170 1.5091 0
1178 1.5033 0
1884 1.5000 0
1033 1.4999 0
225 1.4975 0
1418 1.4957 0
453 1.4827 0
1849 1.4650 0
1514 1.4574 0
337 1.4413 0
435 1.4284 0
1090 1.4255 0
1808 1.4145 0
548 1.4083 0
1312 1.3891 0
400 1.3881 0
202 1.3810 0
123 1.3809 0
357 1.3704 0
263 1.3696 0
1437 1.3527 0
918 1.3387 0
1617 1.3263 0
580 1.3225 0
1443 1.3211 0
1226 1.3190 0
1088 1.3177 0
697 1.3156 0
443 1.3135 0
242 1.3127 0
299 1.3118 0
460 1.3092 0
4 1.2971 0
939 1.2921 0
1235 1.2910 0
1180 1.2903 0
436 1.2886 0
1835 1.2860 0
88 1.2760 0
848 1.2747 0
403 1.2740 0
822 1.2728 0
1529 1.2725 0
1679 1.2456 0
1187 1.2362 0
90 1.2313 0
1412 1.2312 0
411 1.2300 0
814 1.2259 0
1742 1.2259 0
32 1.2253 0
1942 1.2226 0
1900 1.2223 0
1792 1.2205 0
1513 1.2192 0
1473 1.2152 0
1401 1.2116 0
900 1.2017 0
470 1.1875 0
224 1.1821 0
384 1.1744 0
421 1.1738 0
1815 1.1722 0
1123 1.1715 0
671 1.1690 0
420 1.1649 0
102 1.1624 0
1851 1.1621 0
203 1.1607 0
1640 1.1528 0
806 1.1476 0
802 1.1475 0
559 1.1361 0
1442 1.1335 0
245 1.1310 0
1563 1.1286 0
1828 1.1282 0
803 1.1250 0
925 1.1245 0
635 1.1186 0
756 1.1179 0
878 1.1132 0
1785 1.1125 0
1789 1.1069 0
720 1.1038 0
1688 1.1020 0
1501 1.1011 0
1477 1.0967 0
1221 1.0951 0
577 1.0945 0
973 1.0935 0
419 1.0907 0
507 1.0879 0
1322 1.0727 0
226 1.0715 0
133 1.0705 0
771 1.0677 0
1000 1.0645 0
233 1.0614 0
1805 1.0582 0
1713 1.0556 0
1631 1.0551 0
1160 1.0474 0
812 1.0366 0
407 1.0344 0
1766 1.0286 0
1996 1.0220 1
1276 1.0208 0
1545 1.0152 0
34 1.0103 0
1213 1.0041 0
1222 1.0034 0
217 0.9986 0
1058 0.9802 0
986 0.9777 0
1246 0.9741 0
1905 0.9736 0
433 0.9733 0
425 0.9641 0
212 0.9570 0
835 0.9556 0
352 0.9473 0
1728 0.9464 0
1343 0.9413 0
479 0.9345 0
277 0.9339 0
1860 0.9326 0
1446 0.9311 0
1830 0.9303 0
36 0.9296 0
1229 0.9277 0
764 0.9266 0
1548 0.9257 0
1188 0.9249 0
31 0.9167 0
1498 0.9011 0
634 0.9004 0
950 0.8969 0
1419 0.8968 0
282 0.8943 0
1812 0.8911 0
440 0.8790 0
1880 0.8766 0
1870 0.8733 0
1422 0.8658 0
923 0.8625 0
516 0.8520 0
1059 0.8462 0
893 0.8448 0
1231 0.8381 0
1898 0.8380 0
909 0.8355 0
792 0.8348 0
21 0.8342 0
429 0.8305 0
1014 0.8279 0
417 0.8223 0
920 0.8207 0
1793 0.8191 0
1061 0.8113 0
949 0.8018 0
319 0.7916 0
809 0.7905 0
1878 0.7888 0
1159 0.7768 0
1594 0.7762 0
1869 0.7739 0
896 0.7725 0
520 0.7708 0
237 0.7622 0
933 0.7564 0
1464 0.7559 0
174 0.7458 0
921 0.7427 0
446 0.7406 0
844 0.7394 0
333 0.7393 0
257 0.7389 0
1095 0.7362 0
1053 0.7317 0
1037 0.7296 0
1549 0.7279 0
1214 0.7274 0
329 0.7270 0
295 0.7233 0
1831 0.7200 0
1299 0.7198 0
1099 0.7165 0
1566 0.7145 0
841 0.7138 0
1505 0.7079 0
856 0.7050 0
256 0.7001 0
849 0.6935 0
1380 0.6884 0
1819 0.6851 0
1215 0.6804 0
631 0.6775 0
681 0.6769 0
195 0.6739 0
1862 0.6676 0
1423 0.6646 0
1168 0.6623 0
528 0.6593 0
286 0.6591 0
1778 0.6563 0
1553 0.6519 0
519 0.6499 0
1638 0.6438 0
1495 0.6359 0
398 0.6355 0
380 0.6349 0
984 0.6312 0
1704 0.6304 0
769 0.6253 0
810 0.6238 0
1326 0.6211 0
1572 0.6179 0
154 0.6123 0
8 0.6121 0
464 0.6076 0
78 0.6059 0
441 0.6053 0
842 0.6025 0
537 0.5993 0
943 0.5989 0
633 0.5951 0
1266 0.5946 0
428 0.5920 0
971 0.5883 0
645 0.5865 0
44 0.5858 0
1798 0.5849 0
272 0.5822 0
829 0.5777 0
704 0.5763 0
1556 0.5759 0
47 0.5752 0
783 0.5747 0
177 0.5710 0
426 0.5704 0
731 0.5673 0
784 0.5654 0
832 0.5649 0
801 0.5632 0
1154 0.5619 0
890 0.5529 0
278 0.5508 0
1784 0.5482 0
592 0.5475 0
406 0.5449 0
936 0.5378 0
106 0.5366 0
1933 0.5344 0
182 0.5297 0
1397 0.5206 0
258 0.5203 0
1404 0.5178 0
1838 0.5131 0
471 0.5127 0
536 0.5127 0
1687 0.4971 0
620 0.4939 0
339 0.4926 0
1707 0.4886 0
1602 0.4866 0
629 0.4813 0
985 0.4769 0
413 0.4767 0
554 0.4763 0
1405 0.4763 0
1425 0.4750 0
1680 0.4718 0
259 0.4686 0
946 0.4682 0
1162 0.4594 0
1072 0.4583 0
1240 0.4583 0
252 0.4557 0
396 0.4536 0
366 0.4504 0
701 0.4438 0
1191 0.4430 0
1358 0.4422 0
327 0.4375 0
356 0.4308 0
1120 0.4304 0
751 0.4297 0
1895 0.4291 0
761 0.4243 0
1733 0.4229 0
1992 0.4225 1
779 0.4208 0
1741 0.4197 0
1820 0.4157 0
310 0.4131 0
982 0.4109 0
937 0.4071 0
605 0.4055 0
1722 0.4039 0
312 0.4001 0
1084 0.3936 0
582 0.3927 0
1399 0.3892 0
770 0.3890 0
103 0.3828 0
816 0.3824 0
1275 0.3723 0
434 0.3716 0
422 0.3667 0
390 0.3555 0
1546 0.3533 0
1496 0.3494 0
1881 0.3442 0
3 0.3379 0
892 0.3366 0
1765 0.3358 0
70 0.3341 0
1045 0.3330 0
414 0.3249 0
1444 0.3245 0
647 0.3219 0
924 0.3216 0
864 0.3192 0
763 0.3158 0
1267 0.3108 0
7 0.3104 0
1624 0.3089 0
1538 0.3083 0
1075 0.3032 0
208 0.3023 0
1331 0.3012 0
402 0.2991 0
247 0.2972 0
824 0.2853 0
1595 0.2809 0
1800 0.2654 0
786 0.2651 0
41 0.2635 0
1 0.2567 0
1082 0.2555 0
72 0.2550 0
945 0.2546 0
1166 0.2531 0
538 0.2510 0
1306 0.2444 0
1637 0.2415 0
646 0.2348 0
885 0.2323 0
351 0.2307 0
1468 0.2301 0
1782 0.2228 0
899 0.2119 0
1619 0.2117 0
1440 0.2115 0
364 0.2082 0
1083 0.2036 0
1139 0.2025 0
608 0.2020 0
1457 0.1997 0
255 0.1962 0
1853 0.1889 0
1185 0.1862 0
739 0.1793 0
418 0.1738 0
1156 0.1722 0
610 0.1714 0
1200 0.1696 0
534 0.1691 0
266 0.1673 0
785 0.1670 0
201 0.1615 0
1353 0.1580 0
1228 0.1543 0
315 0.1521 0
5 0.1496 0
1078 0.1495 0
819 0.1458 0
728 0.1445 0
726 0.1407 0
820 0.1400 0
1593 0.1356 0
447 0.1346 0
1073 0.1328 0
847 0.1279 0
542 0.1275 0
373 0.1237 0
9 0.1176 0
815 0.1168 0
219 0.1163 0
1391 0.1135 0
789 0.1049 0
818 0.1012 0
826 0.0991 0
603 0.0964 0
1201 0.0932 0
1021 0.0887 0
1748 0.0882 0
1727 0.0848 0
71 0.0847 0
837 0.0840 0
616 0.0806 0
1570 0.0736 0
914 0.0657 0
1790 0.0599 0
297 0.0565 0
643 0.0552 0
1341 0.0544 0
623 0.0429 0
1284 0.0359 0
1089 0.0316 0
1086 0.0293 0
1814 0.0288 0
1625 0.0200 0
1206 0.0193 0
1823 0.0024 0
581 0.0004 0
852 -0.0029 0
902 -0.0056 0
1050 -0.0058 0
1759 -0.0064 0
477 -0.0079 0
1552 -0.0094 0
30 -0.0104 0
1822 -0.0128 0
1209 -0.0138 0
555 -0.0247 0
1752 -0.0248 0
796 -0.0342 0
1183 -0.0386 0
305 -0.0422 0
1041 -0.0423 0
193 -0.0461 0
1310 -0.0517 0
1453 -0.0535 0
1825 -0.0581 0
1369 -0.0591 0
1875 -0.0610 0
1403 -0.0712 0
1519 -0.0715 0
1161 -0.0734 0
1408 -0.0775 0
22 -0.0818 0
221 -0.0866 0
1203 -0.0867 0
371 -0.0869 0
1346 -0.0948 0
665 -0.1008 0
778 -0.1104 0
498 -0.1108 0
1551 -0.1194 0
941 -0.1235 0
1109 -0.1266 0
1879 -0.1337 0
1500 -0.1359 0
904 -0.1430 0
1705 -0.1485 0
260 -0.1593 0
1578 -0.1595 0
1137 -0.1766 0
1599 -0.1934 0
609 -0.1940 0
96 -0.1969 0
708 -0.2000 0
993 -0.2055 0
1329 -0.2064 0
1220 -0.2095 0
929 -0.2114 0
740 -0.2123 0
1581 -0.2138 0
48 -0.2194 0
860 -0.2215 0
1339 -0.2231 0
689 -0.2232 0
1651 -0.2285 0
437 -0.2296 0
1351 -0.2307 0
1801 -0.2319 0
484 -0.2367 0
976 -0.2368 0
318 -0.2385 0
606 -0.2411 0
262 -0.2445 0
1562 -0.2486 0
1445 -0.2539 0
1064 -0.2593 0
613 -0.2656 0
1110 -0.2709 0
886 -0.2764 0
1652 -0.2783 0
0 -0.2835 0
1605 -0.2874 0
723 -0.2880 0
1892 -0.2922 0
15 -0.3059 0
385 -0.3074 0
1750 -0.3079 0
560 -0.3108 0
1330 -0.3115 0
1715 -0.3120 0
1888 -0.3123 0
571 -0.3160 0
1695 -0.3179 0
735 -0.3225 0
1856 -0.3239 0
1174 -0.3287 0
828 -0.3351 0
977 -0.3389 0
489 -0.3399 0
331 -0.3407 0
654 -0.3472 0
1093 -0.3483 0
293 -0.3487 0
1171 -0.3577 0
1197 -0.3616 0
1417 -0.3723 0
1366 -0.3741 0
1734 -0.3741 0
306 -0.3776 0
1186 -0.3819 0
1618 -0.3878 0
1610 -0.3930 0
768 -0.3960 0
461 -0.3976 0
393 -0.3977 0
545 -0.3978 0
338 -0.3988 0
1667 -0.4031 0
1475 -0.4049 0
1492 -0.4095 0
368 -0.4148 0
1690 -0.4169 0
410 -0.4197 0
1461 -0.4207 0
1230 -0.4217 0
955 -0.4242 0
831 -0.4305 0
1017 -0.4311 0
1720 -0.4344 0
1292 -0.4363 0
1629 -0.4369 0
1882 -0.4400 0
853 -0.4429 0
972 -0.4443 0
389 -0.4483 0
732 -0.4490 0
1824 -0.4553 0
1726 -0.4604 0
28 -0.4646 0
503 -0.4661 0
636 -0.4670 0
1131 -0.4685 0
1890 -0.4693 0
497 -0.4730 0
1277 -0.4734 0
1844 -0.4750 0
379 -0.4754 0
906 -0.4763 0
1502 -0.4769 0
264 -0.4818 0
1368 -0.4853 0
1486 -0.4990 0
1465 -0.5024 0
271 -0.5058 0
940 -0.5066 0
1165 -0.5068 0
1530 -0.5068 0
1504 -0.5102 0
281 -0.5103 0
1777 -0.5103 0
1250 -0.5127 0
1786 -0.5146 0
1706 -0.5196 0
753 -0.5222 0
690 -0.5232 0
703 -0.5255 0
1063 -0.5289 0
718 -0.5305 0
73 -0.5338 0
66 -0.5376 0
1179 -0.5434 0
1846 -0.5447 0
721 -0.5470 0
1848 -0.5552 0
1512 -0.5561 0
758 -0.5616 0
1809 -0.5619 0
121 -0.5661 0
1829 -0.5705 0
324 -0.5732 0
805 -0.5737 0
53 -0.5765 0
1103 -0.5835 0
684 -0.5846 0
668 -0.5894 0
1469 -0.5960 0
1494 -0.5976 0
1034 -0.6018 0
1338 -0.6020 0
1044 -0.6038 0
1591 -0.6093 0
1854 -0.6111 0
1205 -0.6112 0
1460 -0.6120 0
527 -0.6125 0
1309 -0.6146 0
861 -0.6172 0
1032 -0.6181 0
104 -0.6195 0
109 -0.6258 0
1863 -0.6335 0
747 -0.6396 0
688 -0.6415 0
240 -0.6442 0
1263 -0.6446 0
680 -0.6454 0
1429 -0.6468 0
1603 -0.6512 0
20 -0.6519 0
800 -0.6544 0
343 -0.6623 0
1026 -0.6665 0
1175 -0.6672 0
1601 -0.6693 0
1449 -0.6695 0
626 -0.6716 0
570 -0.6717 0
1482 -0.6734 0
427 -0.6737 0
16 -0.6744 0
68 -0.6755 0
1036 -0.6762 0
913 -0.6783 0
1865 -0.6818 0
1456 -0.6835 0
551 -0.6934 0
1739 -0.6940 0
1476 -0.6979 0
1383 -0.6989 0
1239 -0.7013 0
575 -0.7114 0
1196 -0.7122 0
1105 -0.7262 0
1287 -0.7278 0
74 -0.7281 0
1294 -0.7298 0
1755 -0.7303 0
1528 -0.7328 0
661 -0.7329 0
1736 -0.7341 0
1142 -0.7365 0
1467 -0.7417 0
1130 -0.7423 0
1836 -0.7457 0
710 -0.7465 0
963 -0.7476 0
359 -0.7485 0
1550 -0.7510 0
1827 -0.7546 0
1818 -0.7548 0
648 -0.7568 0
1219 -0.7579 0
39 -0.7584 0
1126 -0.7592 0
1472 -0.7600 0
1647 -0.7620 0
432 -0.7626 0
424 -0.7643 0
568 -0.7648 0
1254 -0.7689 0
1048 -0.7701 0
1756 -0.7715 0
65 -0.7724 0
1051 -0.7753 0
898 -0.7784 0
1740 -0.7794 0
12 -0.7837 0
1158 -0.7855 0
25 -0.7885 0
744 -0.7932 0
1518 -0.7953 0
1427 -0.7959 0
1116 -0.7964 0
204 -0.8005 0
1169 -0.8037 0
1242 -0.8117 0
341 -0.8122 0
1069 -0.8131 0
455 -0.8167 0
889 -0.8175 0
1167 -0.8185 0
693 -0.8191 0
386 -0.8194 0
473 -0.8305 0
1485 -0.8363 0
412 -0.8402 0
804 -0.8427 0
275 -0.8436 0
564 -0.8441 0
970 -0.8456 0
1524 -0.8465 0
1776 -0.8497 0
1190 -0.8498 0
430 -0.8499 0
391 -0.8530 0
506 -0.8536 0
1212 -0.8596 0
1288 -0.8607 0
1522 -0.8611 0
1527 -0.8643 0
1481 -0.8688 0
607 -0.8695 0
664 -0.8716 0
865 -0.8723 0
1157 -0.8727 0
1535 -0.8734 0
1025 -0.8738 0
1004 -0.8743 0
57 -0.8765 0
594 -0.8839 0
715 -0.8858 0
1590 -0.8875 0
1678 -0.8885 0
1117 -0.8911 0
1393 -0.8954 0
1046 -0.8970 0
1020 -0.8994 0
1106 -0.9051 0
1598 -0.9053 0
566 -0.9095 0
1799 -0.9108 0
1189 -0.9154 0
1775 -0.9251 0
1873 -0.9277 0
1238 -0.9281 0
273 -0.9289 0
1125 -0.9322 0
38 -0.9347 0
1729 -0.9385 0
1030 -0.9401 0
1008 -0.9402 0
850 -0.9472 0
298 -0.9542 0
1850 -0.9576 0
588 -0.9589 0
752 -0.9607 0
1607 -0.9615 0
627 -0.9623 0
369 -0.9662 0
1173 -0.9676 0
658 -0.9676 0
24 -0.9681 0
719 -0.9689 0
944 -0.9716 0
303 -0.9742 0
1128 -0.9824 0
270 -0.9838 0
317 -0.9849 0
1653 -0.9864 0
1325 -0.9911 0
1493 -0.9941 0
1323 -0.9981 0
867 -0.9988 0
1216 -0.9999 0
304 -1.0116 0
1151 -1.0139 0
42 -1.0158 0
1028 -1.0162 0
1255 -1.0205 0
978 -1.0211 0
1499 -1.0216 0
1537 -1.0233 0
894 -1.0253 0
1762 -1.0258 0
1202 -1.0292 0
29 -1.0329 0
657 -1.0345 0
734 -1.0396 0
267 -1.0418 0
1674 -1.0545 0
1398 -1.0552 0
875 -1.0564 0
26 -1.0598 0
1589 -1.0601 0
642 -1.0607 0
45 -1.0620 0
558 -1.0626 0
1152 -1.0638 0
40 -1.0641 0
780 -1.0684 0
1511 -1.0713 0
995 -1.0742 0
1811 -1.0769 0
979 -1.0786 0
649 -1.0849 0
1198 -1.0857 0
748 -1.0858 0
678 -1.0878 0
1012 -1.0880 0
480 -1.0883 0
1129 -1.0900 0
1681 -1.0959 0
1237 -1.0970 0
1622 -1.1017 0
754 -1.1067 0
1350 -1.1071 0
1773 -1.1103 0
989 -1.1116 0
85 -1.1121 0
314 -1.1124 0
1642 -1.1179 0
1233 -1.1226 0
82 -1.1298 0
1375 -1.1328 0
1194 -1.1379 0
387 -1.1390 0
934 -1.1396 0
372 -1.1409 0
395 -1.1436 0
593 -1.1462 0
741 -1.1482 0
1670 -1.1513 0
1146 -1.1564 0
1509 -1.1570 0
797 -1.1574 0
1463 -1.1575 0
1807 -1.1580 0
316 -1.1594 0
1455 -1.1596 0
745 -1.1604 0
1779 -1.1643 0
1694 -1.1644 0
445 -1.1644 0
729 -1.1704 0
1155 -1.1721 0
467 -1.1758 0
1308 -1.1800 0
874 -1.1887 0
834 -1.1889 0
1434 -1.1920 0
730 -1.2020 0
268 -1.2052 0
1565 -1.2061 0
1364 -1.2104 0
1672 -1.2112 0
1111 -1.2233 0
1402 -1.2239 0
947 -1.2255 0
1526 -1.2257 0
2 -1.2257 0
1568 -1.2295 0
1140 -1.2318 0
880 -1.2319 0
358 -1.2334 0
1543 -1.2341 0
911 -1.2370 0
980 -1.2370 0
952 -1.2373 0
1195 -1.2381 0
839 -1.2395 0
1384 -1.2413 0
308 -1.2439 0
655 -1.2441 0
1251 -1.2447 0
1781 -1.2470 0
1132 -1.2492 0
590 -1.2493 0
1536 -1.2520 0
672 -1.2589 0
1268 -1.2624 0
1488 -1.2682 0
1249 -1.2692 0
1532 -1.2700 0
1023 -1.2742 0
702 -1.2774 0
1007 -1.2786 0
367 -1.2801 0
347 -1.2836 0
459 -1.2883 0
990 -1.2923 0
823 -1.2940 0
300 -1.2959 0
1573 -1.3074 0
579 -1.3080 0
1826 -1.3124 0
662 -1.3135 0
1163 -1.3161 0
777 -1.3170 0
1365 -1.3213 0
1038 -1.3223 0
376 -1.3247 0
597 -1.3253 0
1709 -1.3257 0
67 -1.3304 0
1002 -1.3374 0
1523 -1.3378 0
1507 -1.3383 0
713 -1.3393 0
1712 -1.3417 0
557 -1.3455 0
431 -1.3466 0
1714 -1.3511 0
1858 -1.3525 0
334 -1.3546 0
1124 -1.3596 0
1639 -1.3597 0
1769 -1.3666 0
962 -1.3737 0
1462 -1.3763 0
1816 -1.3770 0
733 -1.3776 0
618 -1.3848 0
776 -1.3866 0
621 -1.3900 0
1611 -1.3921 0
1218 -1.3961 0
1753 -1.3965 0
1177 -1.3973 0
862 -1.4046 0
1223 -1.4066 0
51 -1.4102 0
996 -1.4116 0
870 -1.4222 0
760 -1.4256 0
712 -1.4284 0
60 -1.4289 0
488 -1.4299 0
1347 -1.4327 0
938 -1.4330 0
423 -1.4331 0
1265 -1.4361 0
854 -1.4380 0
35 -1.4414 0
1320 -1.4450 0
951 -1.4459 0
388 -1.4473 0
1744 -1.4500 0
1027 -1.4513 0
353 -1.4518 0
1193 -1.4530 0
518 -1.4538 0
1451 -1.4564 0
1253 -1.4592 0
988 -1.4608 0
1107 -1.4651 0
285 -1.4656 0
561 -1.4659 0
1283 -1.4683 0
1787 -1.4832 0
1006 -1.4847 0
773 -1.4852 0
416 -1.4882 0
1303 -1.4889 0
1359 -1.4902 0
1791 -1.4905 0
89 -1.4941 0
1349 -1.4943 0
449 -1.4946 0
56 -1.4964 0
711 -1.4986 0
325 -1.5016 0
562 -1.5030 0
873 -1.5040 0
1576 -1.5059 0
868 -1.5066 0
1558 -1.5106 0
791 -1.5127 0
27 -1.5160 0
86 -1.5161 0
397 -1.5163 0
675 -1.5166 0
866 -1.5170 0
1886 -1.5230 0
374 -1.5398 0
722 -1.5468 0
1010 -1.5473 0
55 -1.5481 0
1772 -1.5518 0
1919 -1.5526 0
1569 -1.5534 0
61 -1.5585 0
97 -1.5603 0
1579 -1.5646 0
1376 -1.5654 0
685 -1.5655 0
1691 -1.5678 0
1671 -1.5690 0
309 -1.5776 0
1628 -1.5864 0
1643 -1.5895 0
1127 -1.5902 0
1620 -1.5927 0
1042 -1.5967 0
328 -1.5967 0
981 -1.5976 0
1768 -1.6039 0
362 -1.6040 0
1273 -1.6054 0
1774 -1.6063 0
737 -1.6102 0
1121 -1.6106 0
997 -1.6110 0
638 -1.6128 0
1370 -1.6174 0
466 -1.6177 0
700 -1.6184 0
323 -1.6213 0
968 -1.6224 0
1108 -1.6268 0
1372 -1.6270 0
1587 -1.6273 0
354 -1.6289 0
1057 -1.6289 0
1906 -1.6328 0
793 -1.6352 0
1810 -1.6374 0
1001 -1.6387 0
289 -1.6426 0
983 -1.6445 0
1702 -1.6446 0
1211 -1.6454 0
529 -1.6464 0
573 -1.6546 0
1280 -1.6551 0
1133 -1.6613 0
727 -1.6625 0
1479 -1.6669 0
326 -1.6675 0
967 -1.6681 0
871 -1.6773 0
1164 -1.6782 0
960 -1.6798 0
1614 -1.6891 0
1555 -1.6996 0
1497 -1.7000 0
483 -1.7010 0
501 -1.7035 0
1683 -1.7097 0
1803 -1.7097 0
1256 -1.7165 0
321 -1.7237 0
1717 -1.7383 0
1604 -1.7400 0
599 -1.7400 0
1104 -1.7416 0
1478 -1.7432 0
1290 -1.7434 0
659 -1.7444 0
336 -1.7485 0
1085 -1.7548 0
544 -1.7575 0
749 -1.7599 0
1719 -1.7603 0
694 -1.7611 0
1145 -1.7634 0
553 -1.7648 0
1806 -1.7682 0
891 -1.7717 0
1324 -1.7865 0
370 -1.7897 0
1659 -1.7917 0
1857 -1.7933 0
377 -1.7972 0
1564 -1.7990 0
798 -1.8034 0
1575 -1.8143 0
1503 -1.8150 0
1804 -1.8186 0
1394 -1.8210 0
510 -1.8243 0
574 -1.8268 0
1795 -1.8338 0
1802 -1.8366 0
1357 -1.8411 0
1586 -1.8416 0
1225 -1.8446 0
1068 -1.8510 0
757 -1.8513 0
1662 -1.8517 0
1141 -1.8536 0
563 -1.8579 0
1577 -1.8587 0
1176 -1.8648 0
1841 -1.8765 0
782 -1.8856 0
725 -1.8868 0
50 -1.8904 0
92 -1.8971 0
1297 -1.8976 0
578 -1.9000 0
1480 -1.9022 0
1035 -1.9050 0
1096 -1.9076 0
254 -1.9124 0
660 -1.9137 0
383 -1.9192 0
586 -1.9217 0
46 -1.9253 0
311 -1.9254 0
1664 -1.9301 0
302 -1.9318 0
1313 -1.9415 0
1377 -1.9418 0
1285 -1.9428 0
1344 -1.9434 0
1289 -1.9455 0
450 -1.9498 0
1635 -1.9503 0
1054 -1.9509 0
969 -1.9541 0
1837 -1.9556 0
736 -1.9640 0
1067 -1.9648 0
1199 -1.9682 0
1703 -1.9689 0
598 -1.9727 0
1675 -1.9735 0
1458 -1.9805 0
1842 -1.9850 0
1005 -1.9865 0
1077 -1.9891 0
998 -1.9903 0
1003 -2.0056 0
1684 -2.0079 0
883 -2.0082 0
1751 -2.0095 0
1392 -2.0099 0
953 -2.0115 0
1264 -2.0214 0
926 -2.0220 0
330 -2.0230 0
283 -2.0288 0
632 -2.0356 0
1596 -2.0378 0
1270 -2.0384 0
683 -2.0448 0
709 -2.0459 0
1243 -2.0494 0
991 -2.0496 0
1668 -2.0505 0
1305 -2.0539 0
1301 -2.0545 0
858 -2.0553 0
1490 -2.0604 0
1360 -2.0607 0
639 -2.0608 0
1623 -2.0630 0
1144 -2.0645 0
676 -2.0708 0
1660 -2.0740 0
1371 -2.0749 0
1669 -2.0818 0
619 -2.0822 0
1508 -2.0826 0
363 -2.0840 0
1031 -2.0869 0
1252 -2.0880 0
1024 -2.0898 0
1262 -2.0946 0
869 -2.0957 0
1650 -2.0986 0
1459 -2.0990 0
1764 -2.1013 0
707 -2.1019 0
494 -2.1083 0
1040 -2.1125 0
99 -2.1211 0
964 -2.1227 0
360 -2.1236 0
1257 -2.1247 0
487 -2.1256 0
381 -2.1297 0
1474 -2.1301 0
788 -2.1344 0
1699 -2.1350 0
698 -2.1364 0
705 -2.1365 0
1533 -2.1421 0
695 -2.1430 0
1336 -2.1437 0
1466 -2.1473 0
1780 -2.1487 0
1783 -2.1588 0
301 -2.1590 0
1613 -2.1611 0
1354 -2.1820 0
1019 -2.1836 0
394 -2.1854 0
888 -2.1854 0
1771 -2.1865 0
1561 -2.1882 0
392 -2.1923 0
1293 -2.1946 0
1018 -2.1969 0
975 -2.2066 0
365 -2.2091 0
1389 -2.2159 0
307 -2.2162 0
505 -2.2197 0
14 -2.2202 0
1584 -2.2235 0
569 -2.2235 0
1487 -2.2269 0
767 -2.2285 0
399 -2.2304 0
513 -2.2342 0
1608 -2.2370 0
1630 -2.2402 0
95 -2.2413 0
1113 -2.2438 0
1055 -2.2463 0
1184 -2.2488 0
974 -2.2510 0
1210 -2.2538 0
1757 -2.2547 0
87 -2.2593 0
1661 -2.2634 0
956 -2.2676 0
1582 -2.2678 0
961 -2.2698 0
1770 -2.2757 0
696 -2.2792 0
350 -2.2809 0
355 -2.2881 0
1432 -2.2927 0
1889 -2.3021 0
492 -2.3033 0
475 -2.3058 0
1732 -2.3132 0
313 -2.3141 0
677 -2.3280 0
1632 -2.3286 0
332 -2.3321 0
1515 -2.3342 0
1011 -2.3354 0
992 -2.3355 0
1317 -2.3377 0
1378 -2.3405 0
916 -2.3430 0
1013 -2.3514 0
987 -2.3517 0
1517 -2.3591 0
1009 -2.3614 0
1363 -2.3663 0
1658 -2.3692 0
1676 -2.3713 0
1758 -2.3793 0
994 -2.3917 0
1060 -2.4005 0
859 -2.4034 0
33 -2.4041 0
1574 -2.4091 0
550 -2.4097 0
772 -2.4120 0
775 -2.4130 0
378 -2.4183 0
1685 -2.4213 0
572 -2.4241 0
673 -2.4275 0
1634 -2.4330 0
485 -2.4330 0
1677 -2.4409 0
1698 -2.4499 0
663 -2.4502 0
457 -2.4511 0
1646 -2.4570 0
1724 -2.4596 0
743 -2.4621 0
644 -2.4635 0
1656 -2.4646 0
52 -2.4654 0
1510 -2.4665 0
1016 -2.4744 0
787 -2.4761 0
458 -2.4835 0
1585 -2.4900 0
1600 -2.4956 0
63 -2.5093 0
584 -2.5094 0
37 -2.5121 0
1304 -2.5123 0
64 -2.5212 0
1567 -2.5378 0
1345 -2.5401 0
1754 -2.5404 0
462 -2.5438 0
651 -2.5481 0
1554 -2.5512 0
1627 -2.5534 0
1148 -2.5637 0
1241 -2.5725 0
1735 -2.5752 0
1337 -2.5781 0
556 -2.5785 0
1615 -2.5799 0
1373 -2.5863 0
1693 -2.5882 0
1291 -2.5908 0
1655 -2.6020 0
69 -2.6049 0
965 -2.6159 0
884 -2.6165 0
932 -2.6290 0
622 -2.6295 0
1583 -2.6312 0
1541 -2.6323 0
855 -2.6324 0
1521 -2.6325 0
1738 -2.6445 0
1122 -2.6483 0
474 -2.6489 0
1410 -2.6530 0
650 -2.6532 0
1547 -2.6609 0
958 -2.6636 0
895 -2.6640 0
1534 -2.6686 0
1334 -2.6722 0
1516 -2.6736 0
1761 -2.6793 0
1271 -2.6828 0
1743 -2.6840 0
1749 -2.6855 0
1626 -2.6881 0
291 -2.6911 0
1101 -2.6957 0
1454 -2.6959 0
1654 -2.7035 0
1269 -2.7067 0
959 -2.7101 0
966 -2.7113 0
11 -2.7114 0
1361 -2.7178 0
81 -2.7232 0
1592 -2.7240 0
795 -2.7261 0
887 -2.7268 0
877 -2.7291 0
641 -2.7296 0
19 -2.7346 0
1525 -2.7507 0
1374 -2.7520 0
1489 -2.7578 0
1022 -2.7636 0
589 -2.7732 0
1298 -2.7827 0
1102 -2.7854 0
669 -2.7876 0
1692 -2.7902 0
1663 -2.7918 0
1633 -2.7922 0
1641 -2.7966 0
465 -2.8112 0
456 -2.8228 0
1356 -2.8257 0
1318 -2.8278 0
1379 -2.8481 0
94 -2.8535 0
1138 -2.8538 0
1612 -2.8725 0
1136 -2.8754 0
1327 -2.8764 0
766 -2.8802 0
1387 -2.8862 0
1367 -2.8867 0
954 -2.8907 0
1731 -2.9051 0
1259 -2.9080 0
1645 -2.9173 0
565 -2.9206 0
827 -2.9375 0
1348 -2.9436 0
1606 -2.9467 0
1697 -2.9614 0
882 -2.9641 0
1796 -2.9722 0
759 -2.9735 0
1286 -2.9899 0
1649 -2.9951 0
1952 -2.9952 1
1539 -2.9966 0
1491 -2.9988 0
1115 -2.9997 0
724 -3.0022 0
1039 -3.0048 0
794 -3.0100 0
452 -3.0160 0
1118 -3.0177 0
481 -3.0346 0
493 -3.0461 0
615 -3.0650 0
876 -3.0713 0
653 -3.0813 0
1657 -3.0880 0
1049 -3.0901 0
1362 -3.0950 0
320 -3.1211 0
1388 -3.1243 0
342 -3.1354 0
755 -3.1381 0
1274 -3.1440 0
706 -3.1447 0
1300 -3.1476 0
1321 -3.1487 0
1580 -3.1650 0
1100 -3.1706 0
478 -3.1742 0
1506 -3.1744 0
77 -3.1844 0
1597 -3.2045 0
1716 -3.2549 0
495 -3.2629 0
750 -3.2664 0
1665 -3.2687 0
614 -3.2896 0
1261 -3.2913 0
472 -3.2988 0
1381 -3.3083 0
49 -3.3192 0
1382 -3.3204 0
75 -3.3240 0
679 -3.3297 0
666 -3.3726 0
863 -3.3749 0
1355 -3.3835 0
1452 -3.3863 0
79 -3.3875 0
1029 -3.3993 0
83 -3.4024 0
630 -3.4079 0
1278 -3.4269 0
1279 -3.4347 0
463 -3.4365 0
476 -3.4366 0
1015 -3.4445 0
54 -3.4480 0
1332 -3.4555 0
1153 -3.4732 0
1666 -3.4788 0
1559 -3.4873 0
1682 -3.4983 0
486 -3.5023 0
1721 -3.5148 0
1258 -3.5325 0
490 -3.5590 0
1316 -3.5643 0
468 -3.5991 0
1686 -3.5995 0
1282 -3.6126 0
1114 -3.6182 0
691 -3.6188 0
1352 -3.6272 0
59 -3.6273 0
1386 -3.6558 0
1673 -3.6600 0
1390 -3.6792 0
652 -3.6815 0
857 -3.6931 0
1852 -3.6972 0
451 -3.7005 0
1315 -3.7335 0
1260 -3.7507 0
1272 -3.7580 0
742 -3.7585 0
1718 -3.7603 0
1700 -3.7738 0
738 -3.7807 0
1319 -3.7878 0
587 -3.7905 0
1767 -3.8079 0
999 -3.8209 0
765 -3.8318 0
454 -3.8354 0
1746 -3.8409 0
1725 -3.8451 0
1747 -3.8451 0
838 -3.8454 0
1295 -3.8669 0
1385 -3.8907 0
813 -3.8965 0
656 -3.9074 0
345 -3.9358 0
1047 -3.9444 0
762 -3.9599 0
670 -3.9837 0
1797 -3.9850 0
91 -4.0119 0
1696 -4.0524 0
851 -4.0550 0
499 -4.0611 0
595 -4.0649 0
93 -4.0684 0
344 -4.0842 0
576 -4.1047 0
1689 -4.1053 0
1571 -4.1119 0
98 -4.1209 0
1730 -4.1230 0
290 -4.1358 0
1483 -4.1414 0
1794 -4.2033 0
686 -4.2173 0
496 -4.2192 0
699 -4.2202 0
687 -4.2566 0
897 -4.3352 0
346 -4.3929 0
1307 -4.3946 0
1395 -4.4166 0
1471 -4.4326 0
1302 -4.4606 0
1760 -4.4627 0
1484 -4.4690 0
781 -4.5097 0
1737 -4.5227 0
790 -4.6530 0
1149 -4.7599 0
469 -4.7958 0
1112 -4.8357 0
1296 -4.8957 0
349 -4.9030 0
1723 -4.9535 0
1560 -4.9642 0
552 -5.0596 0
1557 -5.1125 0
667 -5.1730 0
1333 -5.5505 0
335 -5.6941 0
1135 -5.8379 0
1281 -6.0916 0
682 -6.2163 0
