-0SGyyEcsprvCM 0 0
-9IV_ZUDnVrndM 1 1
-EA1j05G4utgYM 1 1
-Emf7jRWRekXGM 0 0
-HwkB23bP6mPCM 1 1
-OnmFSZ2NwUOjM 1 1
-TcgVX12eSjcPM 1 1
-ZTSIYXjegLVVM 1 1
-fFpM2hHuNFBVM 0 0
-g8xY38OJ7yS3M 0 0
-iV4AYs3QkJKUM 0 0
-jY3sn6SDYG_lM 0 0
-lwCQm2-tF4g_M 0 0
-rulE5evxYYMgM 1 1
-s9wrRr2QwHSlM 1 1
-txPdlBL2KA8QM 0 0
0-RKwvvg-5yYWM 1 1
01NUmgYb8UNxkM 1 1
03lPNpu3nJ2aZM 1 1
08Rr7CM2QEjaVM 1 1
0EQAvSueMpTI8M 0 0
0FbRutWnmvpPsM 0 0
0J4chw45MM7z7M 0 0
0QMvwsXrFDUuHM 1 1
0Vbqtfpgl4RXBM 1 1
0WsvpwSy2Jgj5M 1 1
0XvNo09bVaYHJM 1 1
0_cGAZ0WWmMTgM 0 0
0_jLOGp30auiHM 0 0
0eaItiOetpDNXM 0 0
0fFd2eB-DgJjVM 1 1
0gQnflcLG464_M 0 0
0gpY9xCYJgO9ZM 1 1
0lv77S5PaW5vlM 0 0
0u_tmRgIALAmzM 1 1
0v6mUssfdB_KrM 1 1
0wt3zp4j00LopM 0 0
0y-lZ1gb6VTGBM 0 0
0z-OFcvcBROS5M 1 1
10153619346 0 0
1058887763 1 1
10FnEY4apl6ZFM 0 0
11051237434 0 0
11051248724 0 0
11511477725 0 0
12634416373 0 0
1284881937 0 0
13364687405 0 0
13364707755 0 0
13364833663 0 0
13364860403 0 0
13365081964 0 0
13365194834 0 0
13365201694 0 0
13365207704 0 0
13532518743 1 1
1396663845 0 0
14448043550 1 1
14917186237 1 1
15059498059 0 0
15059546670 0 0
15059548550 0 0
15059551180 0 0
15059563689 0 0
15059579519 0 0
15059589659 0 0
15059595650 0 0
15059597279 0 0
15059627869 0 0
15059632190 0 0
15059642370 0 0
15059656040 0 0
15059664650 0 0
15059671120 0 0
15059675760 0 0
15059677907 0 0
15059684900 0 0
15059688838 0 0
15059688980 0 0
15059694130 0 0
15059695998 0 0
15059717748 0 0
15059720268 0 0
15059735618 0 0
15059756518 0 0
15059767108 0 0
15059786598 0 0
15059787757 0 0
15059788758 0 0
15059797287 0 0
15059801477 0 0
15059814087 0 0
15059829217 0 0
15059834548 0 0
15059841438 0 0
15123693394 0 0
15223238526 0 0
15223323336 0 0
15223369746 0 0
15223373146 0 0
15243149461 0 0
15243179551 0 0
15243187901 0 0
15243259851 0 0
15243266301 0 0
15243274441 0 0
15243285751 0 0
15245868752 0 0
15245935632 0 0
15245950062 0 0
15245953002 0 0
15245959232 0 0
15246002142 0 0
15246005782 0 0
15246013242 0 0
15246245025 0 0
15246374335 0 0
15246385395 0 0
15246388975 0 0
154683425 0 0
1552402654 0 0
1600629793 0 0
1600632137 0 0
1601511554 0 0
1601525338 0 0
16257945930 0 0
165350861 0 0
165686705 1 1
165686929 0 0
165687081 1 1
16665020548 0 0
16665224430 0 0
16666461529 0 0
16826734166 0 0
16851451732 0 0
16851557901 0 0
1716421533 1 1
180B_D98zcIljM 1 1
18131930233 0 0
1859812082 0 0
18765681131 0 0
18966804314 0 0
19176556324 0 0
19176611934 0 0
19176669614 0 0
19176702694 0 0
19176728664 0 0
19176756644 0 0
19178259293 0 0
19178355393 0 0
19178373263 0 0
19178455413 0 0
19589372675 0 0
19593691031 0 0
19611165018 0 0
19611165520 0 0
19611187048 0 0
19611189938 0 0
19611207028 0 0
19611215370 0 0
19611219258 0 0
19611233640 0 0
19611256518 0 0
19611268278 0 0
19611303938 0 0
19611311358 0 0
19611333198 0 0
19612538719 0 0
19612554699 0 0
19612573929 0 0
19612590489 0 0
19612593089 0 0
19612657569 0 0
19612668349 0 0
19612682159 0 0
19612712559 0 0
19612726069 0 0
19612741219 0 0
19772972646 0 0
19772988286 0 0
19773111016 0 0
19773179226 0 0
19791875022 0 0
19791900062 0 0
19791906682 0 0
19791926962 0 0
19791934622 0 0
19791956082 0 0
19791979242 0 0
19792002282 0 0
19792027232 0 0
19792048072 0 0
19792065192 0 0
19792067912 0 0
19792078612 0 0
19799174785 0 0
19799249005 0 0
19799272745 0 0
19799285375 0 0
19799291035 0 0
19799296425 0 0
19799314915 0 0
19803978301 0 0
19804019771 0 0
19804046761 0 0
19804049181 0 0
19804103681 0 0
19804127461 0 0
19982632589 0 0
19AhIcOp68rfkM 0 0
19ltca0_k-6FeM 1 1
1Cz3mL1ZO-ykAM 1 1
1ESAPV6P_lj1rM 0 0
1Fx7ou-BY7EizM 0 0
1GFzh9R95zqVoM 1 1
1GQq_8HAeVdHDM 0 0
1KTqyHrTy0OO_M 1 1
1PgzPJ3XSdEywM 0 0
1WUEXLT_bKMIZM 1 1
1XnyQ1PDudrMIM 1 1
1YqsFCTm_HCgCM 1 1
1_4M_8J32bXBwM 1 1
1cgk6TADqmFqQM 1 1
1edZjlJqSkeVRM 0 0
1hLPEN3DM7P2cM 1 1
1oQk906ahZ04dM 1 1
1qNHJPsgGPNzVM 1 1
1rsj9VKnJgiA4M 0 0
1wDYXrA-9hRIdM 1 1
202744067 0 0
2050774705 0 0
2051557952 0 0
20642246516 0 0
20863649034 0 0
20865265263 0 0
20943933474 0 0
20943968074 0 0
20945592533 0 0
20945606573 0 0
21006197124 0 0
21269984364 1 1
21271605713 0 0
21298302040 0 0
21298323070 0 0
21298535958 0 0
21299441399 0 0
21299450269 0 0
21378650180 0 0
21378653950 0 0
21378677770 0 0
21378711460 0 0
21379789329 0 0
21441041630 0 0
21441044410 0 0
21441185518 0 0
21441197718 0 0
21460115916 0 0
21475309172 0 0
21475316772 0 0
21475319412 0 0
21494968151 0 0
21494983761 0 0
21540553246 0 0
21540558486 0 0
21555457372 0 0
21555470972 0 0
21555485152 0 0
21566743665 0 0
21566746555 0 0
21566770395 0 0
21602904096 0 0
21617583272 0 0
21617591852 0 0
21637964651 0 0
21637973321 0 0
21637974551 0 0
21637983001 0 0
21638033081 0 0
2185742926 0 0
21892704215 1 1
21897376721 0 0
2209508665 0 0
2317480389 0 0
2317498481 0 0
2317502881 0 0
23276056622 1 1
24162239 0 0
24317199691 0 0
24373435716 0 0
24373443156 1 1
24373469576 0 0
24399677115 0 0
2453471384 0 0
2469912984 0 0
2487147811 0 0
25288932994 0 0
2532979386 0 0
2565405793 1 1
2573541557 0 0
2574365224 0 0
25800872302 0 0
25800872552 0 0
2594393755 0 0
2594411305 1 1
25973952601 1 1
26014390016 1 1
264835017 0 0
2680197397 1 1
2680200987 1 1
2681014414 1 1
26922375022 0 0
26iD_1535DXjFM 1 1
2701194793 1 1
2701195379 1 1
2701196125 1 1
2701214861 0 0
2701215559 1 1
2701216321 1 1
2701218005 0 0
2702010502 1 1
2702011446 1 1
2702031690 0 0
2709908802 1 1
2714311900 0 0
27198689164 0 0
277044371 1 1
277050936 1 1
277051273 1 1
28532088542 0 0
28559897741 0 0
28639028944 0 0
28639174124 0 0
28640368293 0 0
28641065903 0 0
28642541923 0 0
286877395 0 0
287795545 1 1
287797620 1 1
28854018232 0 0
28973747230 0 0
28973877510 0 0
28973947010 0 0
28975345980 0 0
28975355140 0 0
28975582270 0 0
28985165593 1 1
29153211052 0 0
29155568392 0 0
29155664602 0 0
29183398701 0 0
29217044492 0 0
29227065606 0 0
29227632486 0 0
29227851566 0 0
29228001746 0 0
29229475326 0 0
29261386515 0 0
29261467775 0 0
29262273675 0 0
29263800275 0 0
29263862365 0 0
29263883475 0 0
29528167641 1 1
297281764 1 1
29944927805 1 1
2IZJzyPffMXPUM 1 1
2JyVscFV9wh6cM 1 1
2SvX-muFAHlkLM 1 1
2ZM6fhul5OQdrM 1 1
2cm3x88e2lN6QM 0 0
2eLh-3xzGs1fpM 0 0
2kaFQVEnKLgnmM 1 1
2l7MlikpQ899LM 1 1
2mOTaTfNjazyaM 1 1
2nkVVFPptpUrUM 1 1
2uv49XC-X3YM1M 0 0
326FQXsfbFRMZM 0 0
3280478429 0 0
3292089782 0 0
33885416 0 0
33gOJZ6Sdi444M 1 1
33p90pi3YCBbPM 0 0
3409608717 0 0
3410424234 1 1
3432340272 0 0
3440184201 1 1
3440288687 0 0
3440291611 0 0
3440300829 1 1
3440303701 1 1
3440357823 1 1
3440993726 1 1
3441005480 1 1
3454972981 1 1
3475181395 0 0
3475989952 0 0
3510640557 0 0
3580797091 1 1
3580798147 1 1
3580799417 1 1
3581609018 1 1
3581611462 1 1
3595628365 1 1
3595629595 1 1
3596388774 1 1
3596390118 1 1
3599592327 0 0
35mChzipsdjVbM 0 0
3603085984 0 0
3613622097 0 0
3614439586 1 1
3623203816 1 1
3623208056 1 1
3646192981 1 1
3646208079 1 1
3646213423 0 0
3646220801 1 1
3646224561 0 0
3647003272 1 1
3647006560 1 1
3647023622 1 1
3701625788 1 1
3714704410 0 0
3757690036 0 0
3794903108 1 1
39oAUvvokv63nM 1 1
3H8jo6yFbZ0_xM 1 1
3HrgKs7HZWKW9M 0 0
3IN4joJNNDITcM 1 1
3KNN1ORZLtha9M 0 0
3MKw2Tf6V6cNRM 1 1
3WFKImvGAJD9FM 1 1
3WmMvi3xN3ZKUM 1 1
3ZbS4aYQsdAZtM 1 1
3ax3N4NvhhSu4M 1 1
3cJLRESoiIpbpM 1 1
3dbfwLpneKrB2M 1 1
3nWKXdQBlYcUrM 1 1
3x21b_6E6iJ_1M 0 0
4006305276 1 1
4040771067 0 0
4041516338 0 0
4147323755 0 0
41OTeXyhE2Ae6M 0 0
41unEs1GIXGpfM 1 1
4277333397 0 0
4410303777 0 0
4422622261 1 1
4468805775 1 1
447620130 0 0
44fb7ZZIKnGFUM 1 1
4566640085 0 0
4567271404 0 0
4606362989 1 1
4606364477 1 1
4606367065 1 1
4606368307 1 1
4606437319 1 1
4650458579 1 1
4651074904 1 1
4665875359 0 0
4695431697 1 1
4696067140 1 1
4712196799 1 1
4712839798 1 1
4760473774 1 1
4782428269 1 1
4783063014 1 1
4783670792 1 1
4783670944 1 1
48XJpEptwC2hIM 0 0
4988103538 1 1
4BWedM62yGx5uM 1 1
4CmD0WZ5MZo1GM 0 0
4DaZUr-V37wYTM 1 1
4ETYTSOyunmgwM 1 1
4GTAWFKQ9pKFPM 1 1
4GtBf4WY61HO3M 1 1
4Komohp-Js77uM 1 1
4LUbb9uCmxW6TM 0 0
4MCjeUa2HTcZOM 0 0
4OxlSDhjrvcSMM 0 0
4QNHn3w5kBFLtM 1 1
4VNis_crxLyxdM 1 1
4_twzr6vHocyHM 1 1
4bKPTMiWbwTIbM 1 1
4dkLRdH82nfgFM 1 1
4gHgr_PY_G4MGM 1 1
4hTN6GSKlPnejM 1 1
4kc8xCYlaE2R6M 1 1
4nb1EqJo8XBFfM 0 0
4sVEIp1RVQ1vuM 1 1
4tFIFFTNkzhsMM 0 0
4vlNopAifKRC3M 1 1
4xSdcGkbGIkO9M 1 1
4x_aOhd2WfR2pM 1 1
5077999251 0 0
5124073083 0 0
5124076285 0 0
5124101121 0 0
5124102231 0 0
5124104173 0 0
5124676534 0 0
5124677792 0 0
5124680802 0 0
5124683168 0 0
5124684230 0 0
5124687384 0 0
5144043645 0 0
5241607149 0 0
5249205283 0 0
5249206465 0 0
5249809062 0 0
5305337678 0 0
537302031 0 0
53FdtsnNB-B16M 0 0
5411880957 0 0
556830355 0 0
5639091953 0 0
5639666384 0 0
56i22M0gxppbyM 1 1
57QIJQ0gsIJTMM 0 0
57uJTYPiL4XDkM 1 1
5970LWpLcfUJTM 1 1
5984488099 1 1
5HzUpRE4oe6BDM 0 0
5I5--sAgxuqdvM 0 0
5M3kLd7_oDh_JM 1 1
5OKMzJ1JFAXgYM 0 0
5Q_ExkedfiQZcM 0 0
5QkEocaGSJ5usM 1 1
5RX-3ABw8dTrbM 1 1
5SA377ZR6qaPOM 0 0
5dTuI6WzuCwXaM 0 0
5dU8N4NdeTkihM 1 1
5g68E5qkKXPoyM 0 0
5gVvyJpF0RLDmM 1 1
5l8-ofUuZo5KXM 0 0
5uWqUb4rI1XQyM 1 1
5yT_iK8DCDi-lM 1 1
6073111328 1 1
60sBEyMFwwYLWM 0 0
6103152520 0 0
6122644741 0 0
6123186220 0 0
6123186274 0 0
6123186396 0 0
6384085297 1 1
64tbsrdiVA5SVM 0 0
6844717187 0 0
6844720285 0 0
6874616666 0 0
6898480520 1 1
68WXp4J8jnlxZM 1 1
6964295612 1 1
6986302416 0 0
6986302938 0 0
6986304288 0 0
6986304888 0 0
6986305508 0 0
69RSE4f_-UfGfM 1 1
6AFj7sWhfRcyWM 1 1
6BmyxhUBaEomlM 1 1
6EIxmLBlHRl1pM 0 0
6GG_aOpckYQt0M 1 1
6O-c7nvZ6lzkhM 1 1
6Of6-332lLb6XM 0 0
6WwyE0MECjqTQM 0 0
6Xu7J89wvz8jEM 1 1
6c0gXfxnlqeiUM 0 0
6fR8fToYDCmiuM 0 0
6ftX1uGputLkVM 1 1
6inmKNI0VF6LaM 1 1
6jCJTC5fCMRE5M 0 0
6mKsFfSbJ5WUeM 0 0
6oL2S5lbIH-k7M 0 0
6oQrUlG1bML9oM 1 1
6pKL5DjNhIjcMM 1 1
6qvR0cjiTFW-zM 0 0
6tRkOlR-IG_7_M 0 0
6wxS9ZewPE8TBM 1 1
6yUX5jxewsADXM 1 1
6z6gc8lpWRbaMM 1 1
7044575905 1 1
7064399255 1 1
7129521429 1 1
7132385991 0 0
7132387777 0 0
7132390141 0 0
7132481339 0 0
719569543 0 0
7204473138 1 1
7301763586 0 0
7314691254 0 0
733i9C9tiGqrjM 1 1
7444035010 0 0
768129275 0 0
768366434 1 1
7736254238 0 0
7839894910 0 0
7B-BaqxNKNDo6M 0 0
7GfNBL6MnscAKM 1 1
7IKTXME9x054rM 0 0
7Inq3DNYQZB1nM 1 1
7LepBIG70VwUVM 0 0
7Og6S2EF_nBI1M 1 1
7OjEuOcK98M5mM 1 1
7WRIra5bQuxIfM 1 1
7bYw3LezskDZmM 1 1
7huWy0oQmh-p3M 0 0
7qNtPTqOW6rjuM 1 1
7rvfk_x2l75b4M 1 1
7s-LlrP7T0SY5M 0 0
7unmdId2pnEomM 1 1
8133119078 0 0
8304787595 0 0
8481093913 1 1
8482184768 1 1
8482184864 0 0
8550935105 0 0
8552037528 1 1
8762363817 0 0
8762367863 0 0
8762374701 0 0
8762377943 0 0
8762381269 0 0
8762383291 0 0
8763498700 0 0
8763512898 0 0
8763514448 0 0
88UnPWvtz0txXM 0 0
88udTteX8u5K_M 1 1
89rGkP4m-uwwgM 1 1
8ABml7JmGoo_eM 0 0
8AS1FJ0ilXVMRM 0 0
8CZr826TvRVJUM 1 1
8E2XE6ZY8AwwCM 1 1
8HTHhnx0BDVOsM 1 1
8Mw3zem-ge-uUM 1 1
8WL0XWZYhNjmvM 1 1
8X2TjsrlHQi0HM 0 0
8ZDbkOWdisZEWM 1 1
8cCmNZF48h01kM 1 1
8h07Qk46SbTP0M 1 1
8hdYlLgMJ1M03M 1 1
8jnWuGWmKUxpaM 0 0
8lVyXEHxKiHq2M 0 0
8oxD8ZgaRG5sCM 1 1
8pGggrKrE2ry0M 1 1
8sYV1cN3sL6V2M 1 1
8xq_yMm9BMyAoM 0 0
8yW1I9FUnAMKUM 0 0
90TVqMjnegCRCM 0 0
9135904691 0 0
9454172696 1 1
99snEgEEFV3FkM 1 1
9BYTON5epTudSM 1 1
9BgnyAMNoiBz_M 1 1
9NogekeWqbM7hM 1 1
9SwTXuZlq-Kq9M 0 0
9gVg7pJCguqHQM 1 1
9hopaqw7nwLtSM 0 0
9qJr31cBmaZS2M 1 1
9sx2bUlwt1t_iM 1 1
A-UC0f-9FELryM 1 1
AANs-NmnAwm3VM 1 1
ACGo0pYNayxU0M 1 1
AIADMrkbic8yZM 0 0
AIx0PmBpuOitMM 1 1
ALzCZrBkkkfh-M 0 0
ANx_vgTPJNdeeM 0 0
AUTnbQmqNHTa9M 1 1
Ab9Fa4UWyOQIJM 1 1
AfF7FR5uygyvhM 0 0
Ai5vby3IME1xxM 1 1
Aj7V9FuM9jh7fM 0 0
Ajeio3cOWZSPDM 1 1
Am4pHl5NHwlrNM 1 1
AnP4r55gQQsktM 0 0
Aovyfuv3xAPeAM 1 1
AreZfzjmGI-6oM 0 0
Arqfr7iWe25f7M 1 1
AsLl17HNMyJk-M 0 0
AwJ_cafeocB7bM 0 0
B5VYvwVdO8BgtM 1 1
B5e2K14MV4e5NM 1 1
BA9sb75HYkS1YM 1 1
BIgs6GLivLr3OM 1 1
BPvBHWdcFzW0jM 1 1
BRCF3kV0gXVFzM 1 1
BTvXZmuiEPqoBM 1 1
BYillJiZfXlE_M 1 1
BZnQ3r3ZOTlQpM 1 1
B_CJjjVLHYOntM 1 1
BbOIXJyV_3LvCM 0 0
BfjbIE_v1mVGUM 0 0
BisPNttHn-pMsM 0 0
BkNvuiMYPWJ2gM 1 1
BkrJe7DJGGVmnM 0 0
BlD54B9faYmIZM 1 1
Bo1kcTrpbKE1tM 1 1
Bo1uZkRMu9yWeM 0 0
BwMN8--CbvmKiM 1 1
C30lUO_hYxmj1M 1 1
C3EdicTLsoBhsM 0 0
C4d0un2WqtypdM 0 0
C6wtrR1a5cHfmM 1 1
C8aZ5NepzJ-IFM 1 1
C9GtkvgFGIxHyM 1 1
CEZ9xJZZYfWDLM 0 0
CG33TPeS9Mr9eM 0 0
CIyeIFq2EDbdLM 1 1
CKrLHD0FYJ6fLM 0 0
CM-Q8cZDmtjFpM 1 1
CUwSC59GGjOfMM 1 1
CYgD5oyWXPLbCM 1 1
CYrPWWoDy9VmBM 1 1
CZP1mY36sfbBBM 1 1
CaOsblJq0PgmXM 1 1
CgFeH47UPJXnXM 1 1
Cj3o4lpfoygaqM 1 1
CjY4N7KzVXDUwM 1 1
CmIOyWHYPTxZTM 1 1
Coi5fGmQcFerMM 1 1
CsVcZHkWDKoiHM 0 0
CyUUlD8cIacACM 1 1
D-0eYOJfhOt2OM 1 1
D0IQluu0euuPiM 1 1
D2ZizFbxu2qBMM 1 1
D87EWzBVaJWSVM 1 1
D8rwHhl2k990fM 1 1
DA463SbNR7BWrM 0 0
DEpZ6NHpkdgUkM 0 0
DK7aH10As345zM 1 1
DLdwoFad5E3PxM 0 0
DOj3e2NH7-52OM 0 0
DR4Y2hKkq6CtwM 0 0
D_rjjvKM2MfHPM 0 0
DdKlr9jclpznPM 0 0
DdyKnWoY3Kww9M 1 1
De22Vpe98IDdhM 0 0
DlcQl2PoiEH0aM 1 1
DzFVPk04Ao0UuM 0 0
E-qturcbnGeULM 1 1
E1G9DIVoC8oh_M 0 0
E8HdUtMw4qT-BM 1 1
E8UyQBFPSHB5uM 1 1
EDaFDzIafrfYlM 0 0
EEaA08_StNTqkM 1 1
EJpELQeMl8LF-M 0 0
EN_AI5mi1smelM 0 0
ETHbzVZ0UQfMjM 0 0
EZ7NO_NedjJYyM 0 0
Ebezrox_lna5EM 1 1
Ecf6YqU4ZK0rMM 0 0
EjQ6Gc7t20E8gM 0 0
Epe5Iz_qsUMkHM 0 0
EqyBW5pHMD04jM 1 1
EsLlGMQFfzlN5M 1 1
Evzr6QRVVs-qjM 1 1
EySC1zT3O-uf7M 1 1
F2C0ffmOg-PYcM 0 0
F51wFbHXZVayCM 1 1
F99Bx1i9Fn0Z2M 1 1
F9dctYJ5OY_xlM 1 1
FB6eHv8oC3J_WM 0 0
FCrEt9lWnAmUwM 1 1
FG8vZk_VkPjlJM 1 1
FJhnOAh7UDMq6M 0 0
FKtL7HnzDpYpIM 1 1
FWioWQAWa6HXhM 1 1
FXIDKKJJRUzwXM 1 1
FZNysL63RxqfjM 1 1
F_o5OUxwBSFmkM 0 0
F_oZyIU86mVgaM 1 1
Feyj3ApsiTM0bM 0 0
FvEac5exYtX45M 1 1
Fy1HO2sKVf1v4M 1 1
FzHbJwVXSQ2BTM 1 1
FzKGFrhwcbhZ7M 1 1
G2RriJajyN4vkM 0 0
G5PZhOt5lLu81M 0 0
G65gSxI5o9nLBM 1 1
G8_xYdQGlC6rhM 1 1
GGDxhq6FvhT4dM 1 1
GGsJ5QzJ5pb60M 0 0
GODnH0g9-vlMOM 1 1
GQ7anZpr9kuusM 1 1
GRxlLUFMtpeK6M 1 1
GYphunc-Vs9YwM 1 1
GZY89aHseSD8rM 1 1
GZiX04tQCQANGM 0 0
Gi2xQc0XZmYBHM 0 0
GiZocNA2PiCdQM 1 1
Gk0yr2hfmgHbvM 1 1
GlQKsy_Dct9M-M 1 1
GnqL661korSfQM 1 1
H6dOdAQ4fGsogM 0 0
H7G-3mZ1mYJfmM 1 1
H7PACWqwqEAcSM 1 1
HJGU97mzXhRuwM 1 1
HK19zoeUGp79aM 0 0
HNDFz1fjwFlPpM 0 0
HSF_u37nWBlFZM 1 1
HUc4x-1S6fIgIM 1 1
HUvFX1de5iNoaM 1 1
HUzIGYauFghE8M 0 0
HZ1HAZbI55cqwM 1 1
HaSgICOXlVQKRM 0 0
Hfs8Yp8hk4ssMM 0 0
HjPZr9SCNfUn6M 1 1
Hli8cdLm2HypsM 0 0
HpzZy0F4J1ygcM 0 0
Hr0DyX2pahYLyM 1 1
HtSYc4pL_HHxnM 1 1
HvpcvBFmLC1-DM 1 1
Hw5D3qXS2UYhRM 1 1
HxASd33a4IKRPM 1 1
HzX8qXJmV8PHOM 0 0
I-anv_wkxxK-bM 1 1
I4NYFibTrPfwsM 0 0
I5EIOVV1yhW1yM 0 0
I8oiSyWTn8-63M 0 0
I9CP9PvW0DaGxM 0 0
IKPu61FnwodcqM 1 1
IKx8Ob6GRtmlyM 1 1
IRmRwzRSHfmYcM 1 1
ISltm8ZAH7uUSM 1 1
ITlr0riP04kg7M 1 1
I_ituTwzMHiDCM 0 0
IbSc2jiRaentFM 1 1
IbeUblWZw2giKM 0 0
IfYtcOugH5_5uM 0 0
Ih0RzoXzTC_7DM 1 1
IlJdXQa-44SbNM 1 1
Im0c7I7I_HVNPM 0 0
IoBZcy4n0ROFxM 1 1
J-cuvachGl61JM 1 1
J2NEnPyY3CxCSM 1 1
J3a8RVFNdSy-UM 1 1
J5uPXsd8B2Np2M 1 1
J64VFNImFhT3iM 1 1
J7oEr0LPXpI-SM 0 0
J9CIX1t3VcigMM 1 1
JCJcWhTUq8jGZM 1 1
JD0Byloh3HqirM 1 1
JFyJvPzu026DYM 0 0
JJo0cYxWtS0okM 1 1
JTKhCY3mkuuaNM 1 1
Jb0hDFi4qjj3MM 0 0
JcS6wlnVMfb2JM 1 1
JeEAam7-8DS6QM 0 0
JfAGhbSpoYU3WM 0 0
JfTbOWW8lHIOAM 1 1
JkX0wb3RwHWuIM 1 1
JmpLutKxn4Ih4M 1 1
JqaTdHHg44EmsM 1 1
Jur6QwQ23wEGnM 1 1
JuwWaqnYw51bwM 1 1
JvQbeO3k6vs7kM 1 1
Jx0AZlhVjpzwsM 1 1
JxBmLm3p1r37aM 0 0
K2B4Y6rCwN04HM 0 0
K6Jq9FOC4A_z2M 0 0
K6JsKeOM1T1wOM 1 1
K6oNaYDDoHQHdM 1 1
KOzIpGxaoDwtLM 1 1
KQ46ziBfYB9SgM 1 1
KXzNaCfVUUuTiM 1 1
KeJA8NtJYLHT6M 1 1
Ke_zs8_Wqj6-tM 0 0
KfD1l4HwXJEABM 1 1
KfVP8kOhrC-IiM 1 1
Kt8-sCG7FCgg_M 0 0
Ktm--4J-avd9qM 0 0
L0istfyYpnnYHM 1 1
L1zhjf6ZkyCiaM 1 1
LA0iUULshjzLjM 1 1
LEM2tix2pIKTAM 0 0
LUAdLUETbB0cYM 0 0
LajlXNl7dIRkCM 1 1
LcBG6lxhavNcuM 1 1
LelJ-1CzDmQ7xM 1 1
LhJrITmrN9tKQM 0 0
LlFAOgcjdIkcwM 0 0
LnK0WXeTX2iz0M 1 1
LorReeF2hZuaHM 1 1
Lotg8UGxaaVnbM 0 0
Lr55BXFKj4CocM 1 1
Lt25PkR1X2ON9M 0 0
LwzMCVFRU2_gOM 0 0
M0qyc-ac_cSbYM 0 0
M24NvQDjOmgFWM 0 0
M27viceiTQlXTM 1 1
M5B-qulZBMuhqM 0 0
M6exdNHz69W59M 1 1
M8lF_rDfY96kNM 1 1
MKZQM8EDwOVgcM 1 1
MRgiyb3ZHICziM 1 1
MSyJU-tJPVxvaM 1 1
MUH-xBzY9vckqM 0 0
MWUsiRJ3hqaIPM 1 1
MXhagz0mwGaXuM 0 0
MYFxP53KCGjUHM 1 1
MgS5F7lcXj1tcM 0 0
Mk_tJEh7WcrP2M 1 1
Mm4mlU5Jiz_QjM 1 1
Mtfu09kFEioWKM 1 1
MvNWaC2P2GeQcM 0 0
MzhZSeqUTKbNQM 0 0
N-GNrbz78K33GM 1 1
N56wMlzMAwHZYM 1 1
N6nIBOTPLQQ3ZM 0 0
NC80WT2hxiL69M 1 1
NGYZD4vELzGInM 1 1
NNhdPemF6MBpoM 0 0
NUh2f1g4Ybx7sM 0 0
NXCGmy1a4sp9eM 1 1
Na6hsogLl7-KqM 0 0
NcTlURrb3FIXHM 0 0
NesBBBvG1Zj7sM 1 1
Nhgdi-jibmKsEM 1 1
Ni5vqouW2PoL6M 1 1
NkjGp8lGa_tTUM 1 1
NoDpE75D_kyenM 0 0
NoFD8kRV8tXC8M 1 1
Nq_CGm-yUXvLfM 1 1
Nri2h6vvBJ0uTM 1 1
NtnqyuvZP_UJPM 1 1
NxFaHn-9xu7VXM 0 0
O1_qZI4AOARmPM 1 1
O5RAc7UfpzVozM 1 1
O6EH8YgzftjLuM 1 1
O74TIfobCqHZJM 1 1
ODN_F03lAKsLaM 1 1
OIDEbdiTdfJQjM 1 1
OIhRo5u7ibN6IM 1 1
OJB-at9JJlu-6M 1 1
OKUPl1gItlvYYM 1 1
OSIhEj6EhhWhoM 1 1
OW0rvo-DgUEdEM 0 0
OX4c4qFk6_1uBM 1 1
O_u2_JhtWnFOGM 1 1
Oa5QbRr0tgbEMM 1 1
Oc0qMD5jh1OrzM 0 0
OdPLJTYQoAJl5M 1 1
Ofo6NZTSuYIvnM 1 1
OrU-QHSj-meLMM 1 1
Ork3mxD_s-WvOM 0 0
OuLizI0cF4NDsM 1 1
OuPmRvMKLdoDdM 1 1
OweM6zw2Qv7IJM 1 1
OyeK6eJaFIZGEM 1 1
P-nLEgkDHO7gFM 0 0
P0XkZFaN0OJcTM 0 0
P5HxTK3iTcAv_M 0 0
P7hmWH8Mv_mYFM 1 1
P9Lg1VQHLk-kTM 0 0
P9c4Th3-x4zc6M 1 1
PB-ZAf-j0TWKiM 0 0
PB28eV1Aa6K3hM 0 0
PKgD-6PMG8OGXM 1 1
PKtq0XisnuqxPM 1 1
PR5woN6U_39tVM 1 1
PUgvf_4wywMmBM 0 0
PZpB160jXsaOqM 1 1
P_GkZ2q40akhhM 1 1
Pi4QtWNyMFh8sM 1 1
PkHJQgU0zFo_bM 0 0
PnP-g8psjXOG7M 0 0
PpiIsYcMaHdYUM 1 1
Ppt9mlhd9JzuwM 1 1
PsEslxLyX0Ze4M 1 1
PsTX7JyDTcs5YM 1 1
Puati-ug596eEM 1 1
Pwc4SgRgNko0ZM 0 0
QEQr1y9Zs4D2SM 0 0
QEgFjnJMg_W1fM 1 1
QNg1zoZ4iWh7BM 1 1
Qi8RTc1A7nFxUM 0 0
QmZzKrf6VkjR_M 1 1
Qo5rNcHGJlPPLM 0 0
QqC0TizNuVBicM 1 1
Qz7sfUneddqSRM 1 1
R4AxWDHkBydBGM 0 0
RHuDcN3uITE61M 0 0
RHxrr-NTe8C2QM 1 1
RLo2vHKEw0vCyM 0 0
RPPzJif6uKIpjM 1 1
RUDx0UwNB5j-BM 1 1
RWJEmC0CYd5MJM 0 0
RZeO4HYswsR-nM 1 1
RaK1AdqzpWeOdM 1 1
RfrF1fPkmNfqHM 0 0
RhDG0Zhr2pXDPM 1 1
RikkanyAenBlsM 1 1
RjdO63mKHgVuUM 1 1
Ro8Z5vBFODuWFM 1 1
RrPwtD-TYPjobM 0 0
Rtwex8bj_MpjMM 0 0
Rv7i-Jy9zZr0IM 1 1
RxzYkoif4x31DM 0 0
S3s9hm_Gms6C9M 1 1
S7lOOINmOtO9NM 0 0
S9GlE_lyOasvGM 0 0
SCPFN9EQigDXBM 1 1
SESCgvQbGXAmrM 1 1
SEy7ArZBiDPMPM 0 0
SIdRVqMR6LRTdM 0 0
SIipeU6_2DJ2fM 1 1
SImSRRt0H3PfyM 1 1
SJ7oJFbsb1qYDM 0 0
SMVj93JCMWFpEM 1 1
STKSAoYD2jyGDM 1 1
STn1eCQoDdWUvM 0 0
Sb9piWmm47qrKM 1 1
Sdha5SUxIcwWwM 0 0
Se05vWtqkriIgM 1 1
SnPOlN7gQ0AYRM 1 1
Sp81p2ASlDeKHM 0 0
SpkvAgAFO4VfGM 1 1
SwwwYyynvILqSM 0 0
SxlfMK4UCVuyZM 1 1
T7_FI7k6FCQmgM 1 1
T8mWibaFAShv7M 1 1
T8zFlX8i_H8IBM 1 1
TLak5OUjYNdspM 0 0
TM0omCmKv2TzuM 0 0
TQCGDZfuFcNIIM 1 1
Tf7APu1i1Ai1qM 1 1
Tkm92i8_VaKIDM 1 1
TlQypFAluACV1M 0 0
TnkUoGWoDuQwlM 0 0
To4yBaS68mQrVM 1 1
TrMDpLyJ8cgBVM 1 1
TszsiJsHQQZ5RM 0 0
Twruz9pWLsFUUM 1 1
Txggm1VyLsYVNM 0 0
U1wMexOyVzQaoM 0 0
U7yq_x2FJ5TCUM 1 1
UEkAVmYhiOO_3M 0 0
UF6f0jOxY0aeeM 0 0
UFsrSC9EYcw0mM 0 0
UI2g5xnpI2fL5M 1 1
ULFTzo6bLmyiiM 1 1
UQUqyoskB1n2sM 0 0
URL1-kOwloxw1M 0 0
UUm_gkhYaCvPuM 1 1
UUw-Lu6cF0KXvM 1 1
UYzDslerEHfU4M 1 1
U_GENpXYiGXLeM 1 1
UcIL3Am06Rq7sM 1 1
UewDewlkQVkbqM 1 1
Uft4x2dT-6u0xM 1 1
UgAjVEFg_XnMTM 0 0
Uj2W7Wbi2iN5EM 0 0
UsTw-eLAsu_zEM 1 1
UycNTQmClHjCkM 0 0
Uzo2tDYpEYlDLM 0 0
V-cZc23fG6A56M 1 1
V1FFbfGJZeKHVM 1 1
V1eDBBs_If7vkM 1 1
V2MADERfoiGwEM 0 0
V6xOjNDHQiKKxM 0 0
V9sd1bFfRWy_PM 0 0
VHOOGFQk1xdYWM 1 1
VJlwwKhxiOIFyM 1 1
VQiyjMzSiMiinM 1 1
VWu4cLddo6_46M 1 1
VZSXxHErcYTD_M 0 0
Vd5EMm71WRUnDM 0 0
VhGTuhQuc_ejcM 1 1
VjhP40PsKQdyMM 1 1
Vl8AFIRcGfbK4M 1 1
VmTYB9_yN-JncM 0 0
VmubMbr9jQv7rM 0 0
VoorO2QOB_EfTM 0 0
VywKFAGHoZn8JM 1 1
Vzu0JISTKTRPuM 1 1
W1Mz4uN-HC-W4M 0 0
WDEjSSG6oGr7qM 1 1
WG6LviIJJXfVrM 1 1
WIgaFtgZhZUeEM 1 1
WN8ISv7xvz0QWM 0 0
WkCuVe_ueJNiaM 1 1
WpJLIltRLFNnsM 0 0
WsQ0vH89J0A3BM 1 1
X051MdLtrztWqM 0 0
X31zESG4v_ezIM 1 1
X5tvahD-Hx0-EM 1 1
XAb2Ime9OeD1eM 0 0
XCKRpscii9aAcM 0 0
XIiTFc6d5FnkWM 0 0
XJl35brREN-AcM 0 0
XS8TgjkRiIL-PM 1 1
XSACtCwIB9x1QM 1 1
XUq-MD4EVe2JkM 0 0
XZPX3hSIsqAtZM 1 1
X_7BCCvKNsaC-M 0 0
Xa3pxohV9KjJlM 1 1
XgFWqKdBO0-VpM 0 0
XhzdHmjyW8WxNM 0 0
Xi4iOzv3w2GFgM 0 0
XnLYn18-rz537M 1 1
Xv40nFeFpuKaBM 0 0
Xx6xVexxBtQF7M 1 1
XxnW3Q7fKVGvSM 1 1
XzaoZI-UxzG-9M 0 0
XzcN95yJGQjWQM 0 0
Y3Q2z0SsOLQooM 0 0
Y4II3tMDNxyOQM 1 1
YA2W6ZUoiqvoZM 0 0
YD1PlSJZCBIE4M 0 0
YE7jv3_eKVDUfM 0 0
YKXEQfqh33uAPM 0 0
YYo_vulDcNjGrM 0 0
Yc50QZORu7M8rM 1 1
YiDSp0LnrQBeYM 0 0
Yj1c9ktzSPY8TM 1 1
YjHoG0BcHkjVPM 1 1
Yjl-W03J-0Cr6M 0 0
Yu8bTNIXSwvhvM 0 0
Yx-XJGA2I9O23M 1 1
YxxEKs_9VHK9uM 1 1
Z449sNe8G8OXQM 1 1
Z82-uGodv0ENKM 1 1
ZEwBUtp4MDCOVM 1 1
ZHbp_0bb0pkYyM 1 1
ZJu7jpu7bwUqqM 1 1
ZOPC8uK1Qy4GiM 1 1
ZRabv-sbGxUPpM 1 1
ZS-0QEYAyN5esM 1 1
ZTta7KJG2kRG1M 0 0
ZV0QjptIXPSzbM 0 0
ZVxP38xi6t4NPM 1 1
ZZA7zq-Wi9V7HM 0 0
ZaUcJmNFSR9S2M 1 1
ZdpOM_uidvmnsM 0 0
ZiZooR2FbRF_EM 1 1
Zi_xTSbEg8IzZM 0 0
ZkyIe17Bqf8YCM 1 1
ZlKT3NRfUslyGM 1 1
ZuU9B8M8VuTPOM 1 1
Zwu_eYxqiMjd0M 0 0
_-dgR7DvXpVw2M 0 0
_0YNOoqGft0HJM 1 1
_1dleq3XLVIbqM 0 0
_3TP51fPy7yt4M 0 0
_64G_dS87UrBpM 0 0
_8JPhL9_MgY8PM 0 0
_EGz4knZMZk24M 1 1
_JOhvrv_jMBrEM 1 1
_NMtIKJvdi0EsM 0 0
_PitP5DEpkRmRM 1 1
_SMp5QnpwTwdEM 1 1
_T5iPLVhUi55TM 1 1
_VRQlcgXTWspvM 0 0
_vBQwNmyM_dFdM 1 1
a4JOxsiDjTth_M 0 0
a8zDV3sGgy1RsM 1 1
aC5tzRtYd2lo0M 0 0
aHA-P9d7TSLNFM 1 1
aICPq-uCXJhRMM 1 1
aLHbEge3AeK09M 1 1
aMbZGfs8S9MAMM 1 1
aSPf7b_evlm2SM 0 0
abUYDwjkx4e_2M 0 0
akU-YsQIrvc_2M 0 0
alsfzJIx9JgSPM 1 1
arPh6lRGbUuzVM 1 1
awA2KzWu6_eCcM 0 0
b-DPfUDSnIV9yM 1 1
b60T9TSqT1UGpM 1 1
b6PP8ozRb9VCVM 1 1
b6VrpLAmhZEwtM 1 1
b7gEPip6N1F3rM 0 0
bRq92QZ8B6PQHM 0 0
bUPHyy_yhMgAsM 1 1
bVcV-4OjoaxboM 1 1
bXukz75NoivU0M 1 1
bZRea-5jF4zLEM 0 0
bbp5ehjYtTu4IM 1 1
bhPfycgVcEwIgM 1 1
bnfZU_bycmMytM 1 1
boOOdGIHX0ncuM 0 0
c-QcvfqYazn_-M 0 0
c2vbi26PeLO_3M 0 0
cEN26s3rdJq-2M 1 1
cJzBYY-glcGqnM 0 0
cMQKM7SHep617M 1 1
cMpQl2jfxdGMUM 0 0
cO_29hpXPRegWM 1 1
cOcuE82Tr4s97M 1 1
cWFxitXEbPS42M 0 0
ccAIL_BOBRiNuM 1 1
cdZu1TAxq6uFmM 1 1
clS_H-DvBrMqFM 1 1
cmsP3NMVUSv-iM 0 0
cnn6WQRzeKn1-M 0 0
co6ziTIbSRi7BM 1 1
cojyj7lnBOE8gM 1 1
cpxrA2JorgDU9M 0 0
cxyVfYjGxrmpHM 0 0
czlNNY47qhMbJM 1 1
d0fZ8tIUSWM0wM 1 1
d425JtDjiEWXDM 1 1
d47fyUjtKn_L1M 0 0
dF23vW61oYoN3M 1 1
dGnBhpyAunWSGM 1 1
dImqjcWhZUd_4M 0 0
dJ4G_JBfIyLAHM 1 1
dK6AeoqyCX12GM 1 1
dMlqCIXGhsUcwM 0 0
dNjO_eXnKkd0hM 1 1
dP2Bz2cPhR8WIM 1 1
dQ236KQLoZHGfM 1 1
dRKNHNOxe9hRZM 1 1
dSXF4phDr4SGAM 0 0
dSgbq6HMW6mV5M 1 1
dTeKr5suD7NqBM 1 1
dUhOZpJQm58z4M 1 1
dZd2wmOm6QmI-M 0 0
dfHJyoQq5_fe5M 1 1
dlylf_OazojvMM 0 0
dsOo03m_BQWjqM 0 0
dx2AWYqtlHXonM 1 1
dxM7K7tGHhzoYM 0 0
dyZAnMMh12Mi-M 0 0
e0k6b_Fs4xRSXM 1 1
e2eERsECJGUbRM 1 1
e6Cj_lCMfbr0aM 1 1
e894Cb0Vk0ssmM 0 0
eAfvHOgtK7pVjM 0 0
eCjDrYNNWANhyM 1 1
eEp4UDyLwZn8CM 1 1
eFUDAWnEWmRJ9M 0 0
eHl3n63vzo9thM 0 0
eIOvkwGah9xQVM 1 1
eIh73vdnJ4_SvM 1 1
eLppqjXxMaAUQM 1 1
eNVyEutZLdTNSM 1 1
eQQsa6Ejwwg2RM 1 1
eRTiD37tvg9a-M 1 1
eYb74w-YRanJVM 1 1
eYnBkzTphqgLWM 0 0
eauQHPo6ydjbVM 1 1
eav2-anJTYZqHM 1 1
efI2FeWxYTDKZM 1 1
etsOgeAAJSWwfM 0 0
f25tarWWfOfadM 0 0
f7VzeHLEHtZh3M 1 1
fEAXu_Y5FSCJ4M 0 0
fIHzQEKrPO_whM 0 0
fIfzvcQnea4zsM 0 0
fIloMWLAdOsDkM 1 1
fKNGbjWdhA2KXM 0 0
fLK_434fiyc3aM 0 0
fN3FgLyYVgBSxM 1 1
fO-sCvBzZnJH5M 1 1
fUlCSFdanzn2YM 0 0
fV5saxF0K7wq_M 1 1
fVuA_LPCmGjXDM 0 0
fZQtTjTg3ny7RM 0 0
fe6iW2MeDOGxSM 1 1
flBAOYAbHg-hfM 1 1
fle192Rap9sJIM 0 0
fm6I6_1vy3bBnM 1 1
fsPUbmODG8fT6M 0 0
fvOl5zFcf3qUMM 1 1
fyha_d0cqLxRdM 0 0
g-l5Mlrsu5oarM 1 1
g0X3CTYJM59w2M 1 1
g74H2qqH9s3ZLM 0 0
gFCKFmqclYP0WM 1 1
gImAfXXQo93X-M 1 1
gJ_OPdQn6DlzvM 1 1
gJg9Xu5RPZlvDM 1 1
gKriu0XaOnkcsM 1 1
gNJjWZLRXgQuXM 1 1
gSE_2uoD9aOgWM 0 0
gU_EB4xXA6LLvM 0 0
gVALDscH8oa-3M 1 1
gWuhBKAMHM-drM 1 1
gX0mKv-fY_E6OM 0 0
gYFcSm8u9y5EyM 1 1
g_fBcErsp1-uNM 1 1
gbQdzEQonppHyM 1 1
gbsUI1n7IufvhM 1 1
gdgRrXlFJdjN6M 1 1
gg80LrPr1tnSEM 0 0
ggi-OM6Zkv5hVM 1 1
ggrSH-VSFDCgdM 1 1
giGokXw7e2Ms6M 1 1
gir2ST-sXWEXrM 1 1
gixmYEyy9M1dMM 0 0
goHDgWmphsivYM 1 1
gtN4HzBssv15XM 0 0
guv8qoN2BJP4pM 1 1
gx1ncSNbNSXzEM 1 1
gyuwwjVgQrpFMM 1 1
h1HH-cajq2osYM 0 0
h4EnoqgMtOm9xM 1 1
h7C8yHWUyieFyM 0 0
h8NMraQZeCoWXM 1 1
hBh7wsTiay9RFM 1 1
hCBB8nouoqccWM 1 1
hFTko050DrQhNM 1 1
hGo7P0k2wIM34M 1 1
hNHjFcwLHIO2TM 0 0
hQlqdcOwjkyjgM 1 1
hWpW9LaUzrKquM 0 0
hZdgT8_qA3soSM 0 0
h_n1en7VqjWnYM 0 0
hdMeWQXLRC3bbM 1 1
hg-4PzWmhleMwM 0 0
hk6mesMrHTf_KM 1 1
hkkTBlfG7OovYM 1 1
hrVoIXhq3t1JIM 1 1
htBCODK6E3bkJM 0 0
hwpb3tESVJhYXM 1 1
hxDmu9mTRAH9OM 1 1
hylepwgac8yjWM 1 1
i0fJGSuxTrcmWM 0 0
i0hjLp1wklXmQM 1 1
i61l7gA572AAGM 1 1
i8Az8GRnekOnFM 1 1
i9kaBYgGm_qDIM 0 0
iQliw5cxfEABuM 0 0
iR5dzuWXwRPxVM 0 0
iRC2bHydgBXC9M 1 1
iSdU5_S1lWC9FM 1 1
iVDZW7-XzocgGM 1 1
iW8A0bB_M5oLWM 1 1
iXp3hxS5a6OA5M 1 1
iZ4LL28DgnluyM 1 1
iZugycVfC1TmWM 1 1
i_VLeY6mPBhzMM 1 1
i_uNSs9S7FwkvM 1 1
iejOMsQUaCbq6M 1 1
iiH0VfF1uXM3cM 1 1
ik-oPHZpd54ihM 1 1
imyacEMrYokwvM 1 1
ip3jt6_ka0-sgM 1 1
iqeZxYnPmAMDrM 0 0
is-QNKt_Wc_pSM 0 0
isQIj5iWX8VEGM 0 0
itNXHiV51-ouXM 1 1
iwruwxPGy7S8uM 0 0
ix7YcEXf79r4aM 1 1
ixETzK6eVKFj4M 1 1
iyjg9oyxPE7aIM 0 0
j4QzaEPwH6rhtM 1 1
jAYGaAfF4hJuuM 0 0
jAvjBXLb4I78WM 0 0
jBOQTH8p07uxzM 0 0
jBmY5Jkp1RJZxM 1 1
jDWRrM19S-maDM 0 0
jDciiUiJ86IUlM 1 1
jFIc_TaOFOCzwM 0 0
jIfsWhh_4wGaoM 1 1
jJ4dA-DNnYbt1M 1 1
jLSo1iBSThBLIM 1 1
jMidbgDAuJ2o-M 1 1
jNyQRpZ296F8TM 0 0
jQgpcqOfXRdb8M 0 0
jRHv8HcF6nT-kM 1 1
jS-BYsVFcDW4PM 0 0
jTWPFy-FaQxFqM 1 1
jUull-Ivv_V0BM 1 1
jXt-KzFzBh7FPM 0 0
jbTE6uCw589PIM 1 1
jduZDKhAcCfNsM 1 1
jmClo_uAADPRcM 1 1
jmoHCZd3jAKTFM 1 1
jnOlTGbOKxln6M 0 0
joOcPpC3LzWsPM 1 1
jvWxrASNpSCf9M 1 1
jvuRUG5CVeMlCM 1 1
k1b3ZdIpAfS27M 0 0
k1qSq9u2eISjwM 0 0
k203QUaq6IkLDM 0 0
k4urCN5u_ggZ5M 0 0
k8WYgEWY7mGhvM 1 1
kNCG3c0O49A50M 1 1
kRsnrs2Fi8rx-M 1 1
kaIQJeIyJgVEsM 0 0
kcKXORmxZMZ6jM 1 1
keiUdVaONSZnNM 1 1
ki98cdxw3cvu5M 1 1
kk5aLCQ3a_OGpM 0 0
kmjnIu72JRq_pM 1 1
kr-QRF7bLgpzKM 1 1
krC4eQJRSQZgnM 1 1
ksVOQCSEc9SK1M 1 1
ktwYqjJ4ULbpuM 0 0
kw9jdUV7dBHAEM 0 0
l3amxRKhkzyxLM 1 1
l4djEJBzj2DqhM 1 1
l5keLbk403Pi_M 0 0
lAcZki5idirU3M 0 0
lBKr_fIN_KkwSM 1 1
lQQ6GPkQOSduKM 0 0
lRbCHSayWUUp_M 1 1
lShAa49O342EgM 0 0
lXXGIHbqkdq1ZM 1 1
lcay0hy9fMpGYM 0 0
llna_qZE4pgJeM 0 0
lnqLoKsSk0wkhM 0 0
ltcBRL1Rl9G8EM 1 1
lwknrY0JYbJdHM 1 1
m3oJqHNgYuWCVM 1 1
m4NQgif1JX_IiM 1 1
m5-Pi9xIGY_Q0M 1 1
m507eo1PdadZDM 1 1
m59l4cCfDgox6M 0 0
m5fBthdPHLRQ2M 1 1
m9awUv8jvKVpAM 0 0
mApMQ21T5tJeyM 1 1
mHAtKbxbsia6JM 0 0
mHGhQZLEf0LVtM 1 1
mJ5hOLrwvIX-0M 1 1
mKF31ogYCjNsXM 1 1
mP3yADtG3iyOlM 0 0
mSYTv6KUKMIBzM 0 0
mZERYNwAwHqViM 1 1
mksqKHnnDInEDM 0 0
mmEhNd80MgFXYM 0 0
mo0XC7mUqmifeM 1 1
moKOfFdFfrM8CM 1 1
moSvkzWBUjtTrM 0 0
moi2SS93nRGfpM 0 0
mt75NYOFvcJcrM 0 0
mvhmN6Jc6Sq2uM 1 1
n0Ykcxi-3TB_uM 1 1
n3o102HgK7nh8M 0 0
n6pYQgPjocJkyM 1 1
nBNMasZo8SLmMM 0 0
nBuWLP1bTP66kM 0 0
nCTF6pOPUViaGM 1 1
nCwHcusvbj4fTM 0 0
nDN6uIfIPKhc6M 1 1
nEF1fc711wjxwM 0 0
nFfrzKvgtQFoeM 1 1
nISzgWZ7rRvlZM 1 1
nJSTafWhA0z4EM 0 0
nJig8fF4kwRfFM 1 1
nKMf1CBofh3cAM 1 1
nOcwPffglhnMIM 0 0
nOz4T6Ze5aMmXM 1 1
nQlnmbOXLX5leM 1 1
nRwhfnIlrc9iiM 0 0
nSF0nuOotCu_PM 0 0
nSks59QZsALU1M 1 1
nTTTRra0K-3SKM 1 1
nWPN0K3_2BQkWM 0 0
nX8QsNtZbcU6UM 0 0
napyTF4dPYWNfM 1 1
nd-AdkfumyrAbM 0 0
nerlSk6cztf56M 1 1
ni7AoKqN9u0D7M 0 0
nkUhYCwcd4XlvM 0 0
nkZDnnVH0Fh5xM 0 0
nrR-r3Ws5ZlxLM 0 0
nsprfAUZVWWkyM 1 1
nyZwZfIdb8tzlM 1 1
o-Aty9EpP5JhkM 1 1
o-a9u9GFaF2mhM 1 1
o1iBxYaF1FNxSM 0 0
o3VlKIDCU1sUxM 1 1
o7x9fOSPatpRlM 1 1
oGuRIc8ZZdeahM 1 1
oOdaJvHm_WT3QM 1 1
oRKPXtJnr85S5M 1 1
oRiMf9CkRHS4tM 0 0
o_PJ9PI9eHHhSM 0 0
oa2goCi-q1uD6M 1 1
oaY3Zvh33PizTM 1 1
oc8CpOiJBEhOqM 1 1
oedfQejybeF6tM 1 1
oetMrQYAHS73aM 1 1
ofbxPbIVA_zgIM 1 1
olNyLIzXGMVFbM 1 1
om5jjvdv03Hk_M 1 1
omifODqTSPZONM 0 0
on2IgKNbUmfawM 1 1
osNzKVJsGWKb5M 0 0
outIy32sFc2DQM 1 1
oxXQVcYGK2WfIM 0 0
pD4oD1rXUpWFcM 0 0
pDdjJqAJqPLO6M 0 0
pPE_YGtP4-kSNM 0 0
pQGfUCdhzjfSBM 0 0
pQX7mNY_QVzI_M 1 1
pUw_uiknrwEd0M 0 0
pXZovAl0lVlQ5M 1 1
paeOmOwOImrkWM 0 0
pbLBJXrpQXZeCM 0 0
pjuz6N5_IcPrbM 1 1
pm9EXPFzq_O5sM 1 1
pmUbK5t5-CffEM 1 1
pyK_gGVOKidWyM 1 1
pzCD4vyg9PcthM 0 0
pzRZT0z3XeDubM 1 1
q0H35fr0giAlcM 0 0
q0lH7wVGr-5HDM 1 1
qAvSj0OseXxBVM 1 1
qEmlWDrbXwZpzM 1 1
qIXknQSUSuYDaM 0 0
qJshlTAK7bNVtM 0 0
qKrdddSQZhrGVM 0 0
qLRNdlPJiKw_pM 0 0
qMV1onPR7hlBrM 1 1
qTbzLswe3fNK9M 0 0
qVkuyTjYP5yB1M 0 0
qXKnWw60bD1toM 0 0
qfEpbLkAdzlPpM 1 1
qkRmbE8gZg3kBM 0 0
qkY4vW6STxKyeM 1 1
qnh058MHdjBqqM 1 1
qntY3yYAxckQbM 1 1
qoXQ5peXyLMkRM 1 1
qpaHYkUljiDn8M 1 1
qqTE5axsg9NA_M 1 1
quwxqgvWEZWABM 1 1
qwA2vBRynLUUeM 1 1
r0Oe-OMnhn5V4M 0 0
r2SBp2_Nn-jf5M 1 1
rHz1JzhL41uDSM 1 1
rKVEbiVz4g8utM 1 1
rLH4tcgJvAQhCM 1 1
rNZ_foEZmODLUM 1 1
rOlglPvsJtoQSM 1 1
rVfx0bilxXQgVM 1 1
rbShxKRTA0uqaM 1 1
rcVQgvMCeWJ2JM 1 1
reRl0HLf7uhVAM 1 1
rmB4798k-ivygM 0 0
roSmtAFCcSJ5UM 1 1
rq1cH0EPO_GJTM 1 1
rstmrAS6cqG_fM 0 0
rzoTPSM6ENqO5M 1 1
s2qUlUGWpcDCqM 0 0
s3DZXAizZx8EgM 0 0
s50RVE4Ix3IqsM 1 1
sDvwNE4tJ-AowM 0 0
sIdS1-81xVnJPM 1 1
sKPI_Kb5hlpZ_M 1 1
sVNCLxgzzQgnRM 0 0
sY2BOOWqsKZkuM 0 0
sa7ID76HSbmPnM 1 1
seh4RLBC-2uDhM 1 1
sgwFimJz8EskvM 1 1
sh3PfY_phvh1cM 0 0
siz6bB6VOUpunM 0 0
smzKwFmToZqBpM 1 1
snkIdFG7AE3q-M 0 0
sob5kTNI5ZicxM 1 1
stHFo1N87N7J0M 0 0
svCpi_EyNnrdMM 1 1
svGYgudX35ITtM 0 0
svjHDcLs7FJaSM 0 0
sygL47zPQlxHWM 1 1
t2N5TWsJIymHDM 0 0
t2ukpQq8jFWUJM 1 1
t37QGRg3sHfOJM 1 1
tEUb_1I2McfNSM 0 0
tO95uL9hkO3j2M 1 1
tWAlFIcP5gHweM 1 1
tc27ulxtxyWUPM 1 1
tea67UR89ZO_5M 1 1
tqVaNP5inEmPuM 1 1
truxMcX3FkDVPM 1 1
tz3GzoVgvnJL4M 1 1
tzcGh3L_ZQ6nQM 1 1
u20fnx0nu2oDvM 1 1
u5ygrxKENh4-qM 0 0
u8ytTS10Gl0gqM 0 0
uGoTRlMhd9iO1M 1 1
uLa8BAnBcaV91M 1 1
uNZDgF0BnVQ6AM 1 1
uO25JwIG3IHeTM 1 1
uS4D9oJs21Di5M 0 0
uUXMdVjXYUlNrM 1 1
uWmHN3THUHMb6M 1 1
ubnxEW86-TTfpM 1 1
uk9O2c2id2BPVM 1 1
um-cL4jaSiflvM 0 0
umRKI0fchPMyaM 1 1
uoEh8oo2qCW4YM 1 1
usK0NyB0Q9VsVM 0 0
usq6bt-nTiGQIM 0 0
usyi7INxzLlW6M 0 0
uum9vhCxq2u9jM 0 0
uwKy8makrbHD5M 0 0
uxvWe2oX31bZIM 1 1
uy4qSEpjVbaPsM 0 0
vA0GKkgqEPjj9M 0 0
vCRhR4fb6JCzKM 0 0
vCSxuRLtaFZ2JM 1 1
vQ3QYeh3IH6kZM 0 0
vTBkl_ww43bH4M 1 1
v_I3yRr3om4xoM 0 0
vav3oIEnINfq-M 0 0
vbz0SRH9OYxghM 1 1
vh86FU4uwNoL_M 1 1
vm0ygIcG9Ab-7M 0 0
vq2ya2aHYpYJ1M 0 0
vqboyEVuSi9YLM 0 0
vrpUIaF-TvcEEM 0 0
vwQu9WPx30EsQM 0 0
vyRiDW4Zx9J14M 1 1
w7oRfYvW4Va5RM 1 1
wB6mZwq86caEAM 0 0
wBA41m1R-C1suM 0 0
wG5jMPH2V-UETM 0 0
wLmRchLw4S-jFM 0 0
wNFbCwIzXlLGuM 1 1
wNXRXrofSXzj6M 1 1
wSLFkIUu0L9QIM 1 1
wSg9VJXQn673AM 1 1
wWsnsbSEZEo3FM 1 1
w_cYWQgkRQWXjM 1 1
wdRTlP7cyRmkhM 0 0
wgttAJMnB346UM 1 1
wmLjlk4drRzD9M 0 0
wnfeTyqbcYZGJM 1 1
wu7ean8OM-VRbM 0 0
ww4xx7Z8IoVnMM 0 0
wwFP2uQZa1kCmM 0 0
wwuNFXBbz3LwNM 0 0
wzmfxO4QIxiQ9M 0 0
x1BR9MQMYRUyvM 1 1
x3THP2DVdtYXSM 0 0
xF1GvbJDlhentM 1 1
xI2aMv5EjH4thM 0 0
xJkOz-W0yBnm-M 1 1
xNB2pxYP9qdT3M 0 0
xR9l0BadOJ2PzM 1 1
xSorZwMk55kL8M 0 0
xXWc2x0gl__ScM 1 1
xYjQvODKktNmLM 1 1
xYmh8L5boDR7FM 0 0
xYzc747FcAnmrM 1 1
x_PAb9o25DM4mM 1 1
xeXBERLPsZqmoM 0 0
xhw4y9Nf1uX6bM 1 1
xkBlmuJj2nGayM 0 0
xksU2MPQRLJU8M 1 1
xmePNs8tGgGdfM 0 0
xodcbxX9wF5OSM 1 1
xrQOKsyq4efk0M 1 1
y0jGFroq3HdqAM 1 1
y2SnoOQVvko3mM 1 1
y3XUBOJQobddlM 0 0
y62thV_vvtmGHM 0 0
y97Gq-kmFdHwgM 0 0
yCgGmvAG-zbEgM 0 0
yDIufkFllQczLM 1 1
yFhKzK10mZ23fM 1 1
yKNaEM16Hh5A1M 0 0
yLndSijB46DfkM 1 1
yOoaHjhFOejSWM 0 0
yT40EErbtt4AKM 1 1
yU7d56Fp42dXpM 1 1
yXtWn1wFF1zVvM 0 0
ygdpLKho2LXS9M 1 1
ygg7SxUTqHZNJM 0 0
yoRWOYipHPIJ5M 1 1
yt3HSVdZU80IAM 0 0
ytM__FN58pRVwM 1 1
yu0NZaK751CDYM 0 0
z1atRM3RVdX7FM 0 0
z3bcYtjYv611YM 1 1
z41KqTl-uHUFLM 1 1
z7ff-1TVBfNAaM 1 1
zDdrSJogeAtEVM 0 0
zFZsCIGbCNYoEM 0 0
zOe-P5exsQZVbM 1 1
zWrmFOfl0ckcUM 1 1
zXZOkh_EYF39fM 0 0
zZcCGQt3-dI8KM 1 1
zaXNgDzaLpYTaM 1 1
zfkzapwM_VuexM 0 0
ziHcw-7TsPNNwM 1 1
zjK3J7WjKmTn0M 1 1
zkO2K6lrPZbtlM 1 1
zskSWnHZa-nHoM 1 1
