-74tpCsOfgaCEM 1 1
-FlGbUijmWRu8M 1 1
-KE7aF6hUj7OVM 1 1
-STdL6l3hK4I0M 1 1
-YKhTTh59CSVkM 1 1
-aTRx6_cFcWTeM 1 1
-j8VOOwLGvYY-M 1 1
-thcK14WiLJxVM 1 1
-uFlSzK5BRKpAM 1 1
0-1hGfovjozHVM 1 1
0EzIyuHV_78H7M 1 1
0OJauTHfddLPVM 1 1
0SPDXRg7fVR2EM 1 1
0Sl0LfUsoM_x5M 1 1
0T6_NjtNxVyRGM 1 1
0_K6APcFAp6daM 1 1
0aRGEsqWFaBJgM 1 1
0fsfza4jRNMlxM 1 1
0klkiWAaNWvisM 1 1
0mtTEmLhuR9bhM 1 1
0oy2ZwX0crMSrM 1 1
0wIIz96Mor-m_M 1 1
10011751155 1 1
10011841023 1 1
11548151544 0 0
12765819495 1 1
12947866094 0 0
13018987823 1 1
13019210564 1 1
13019211514 1 1
1312525713 1 1
13142080094 1 1
13517307403 0 0
1420947458 1 1
14339573423 0 0
14393174851 1 1
14416701883 1 1
1470385714 1 1
14740438418 1 1
1477871785 1 1
1477872247 1 1
14962430898 0 0
1498751650 1 1
15063972617 1 1
15115076728 1 1
1517661417 1 1
1518513968 1 1
15236374999 0 0
15417096286 0 0
1546468811 1 1
1547335752 1 1
1547339198 1 1
15578813133 1 1
1560422654 0 0
1580178424 1 1
1580188888 1 1
16138435698 1 1
16397642951 0 0
16599659691 1 1
1665699221 1 1
1665702017 1 1
1665705477 1 1
1665713601 1 1
1665723171 1 1
1665727443 1 1
1665727647 1 1
1665741101 1 1
1665754901 1 1
1665755257 0 0
1665755989 1 1
1665775025 0 0
1665779203 1 1
1665797591 1 1
1665797967 1 1
1665806507 1 1
1665810313 1 1
1665810925 1 1
1665813061 1 1
1665816849 1 1
1665828427 0 0
1665829065 1 1
1665829453 1 1
1665833217 1 1
1665840033 1 1
1665840433 1 1
1665845937 1 1
1666559476 1 1
1666562578 1 1
1666578302 0 0
1666588826 1 1
1666595102 1 1
1666597000 1 1
1666601622 1 1
1666616196 1 1
1666616978 1 1
1666651068 1 1
1666653984 1 1
1666656616 1 1
1666657650 1 1
1666666142 1 1
1666671774 1 1
1666688436 1 1
1666697728 1 1
1666703310 1 1
1666706282 1 1
1666709250 1 1
1666724684 1 1
1679492035 1 1
16869979884 1 1
16870110644 1 1
16870243084 1 1
16870326694 1 1
16870332894 1 1
16870649854 1 1
16870705534 1 1
16870709704 1 1
16870760174 1 1
16870886284 1 1
16870911814 1 1
16870921544 1 1
16870943454 1 1
16871022874 1 1
16871082334 0 0
16871297764 1 1
16871338374 0 0
16871345104 0 0
16871352394 0 0
16871391684 0 0
16871418754 0 0
16871436224 0 0
16871522554 0 0
16871576294 1 1
16871579314 1 1
16871596864 1 1
16871870004 1 1
16872020114 1 1
16872032824 1 1
16872368213 1 1
16872558183 1 1
16872589403 1 1
16872617973 1 1
16872639653 1 1
16872653843 1 1
16872680373 1 1
16872698393 1 1
16872865103 1 1
16873028703 1 1
16873240683 1 1
16873292533 1 1
16873292903 1 1
16873313873 1 1
16873349953 0 0
16873405323 1 1
16873526333 0 0
16873551073 0 0
16873584263 0 0
16873586413 0 0
16873619913 0 0
16873639283 0 0
16873675923 0 0
16873702613 0 0
16873732073 0 0
16874004123 1 1
17304746188 1 1
17304756448 1 1
17304840108 1 1
17304983418 1 1
17305057370 1 1
17305148780 1 1
17305229550 1 1
17305296338 1 1
17305347678 1 1
17305410620 1 1
17305427620 1 1
17305437680 1 1
17305487538 1 1
17305610060 1 1
17305622868 1 1
17305624018 1 1
17305627698 1 1
17305633008 1 1
17305659138 1 1
17305729430 1 1
17305733798 1 1
17305808100 1 1
17305814960 1 1
17305843328 0 0
17305912800 1 1
17305970800 1 1
17306023238 1 1
17306101390 0 0
17306123508 0 0
17306158758 0 0
17306174280 1 1
17306216488 0 0
17306255248 1 1
17306292740 0 0
17306432438 1 1
17306467439 1 1
17306472460 0 0
17306480879 1 1
17306488688 1 1
17306491500 0 0
17306503928 1 1
17306543930 1 1
17306545149 1 1
17306582629 1 1
17306621340 1 1
17306654340 1 1
17306660068 1 1
17306664868 1 1
17306693618 1 1
17306697849 1 1
17306729168 1 1
17306750898 1 1
17306757650 1 1
17306759689 1 1
17306788150 1 1
17306822208 1 1
17306823590 1 1
17306900968 1 1
17306906568 1 1
17306964330 1 1
17306983169 1 1
17306998670 1 1
17307065590 1 1
17307101139 1 1
17307110499 1 1
17307150199 1 1
17307164679 1 1
17307344359 0 0
17307554189 1 1
17307572379 1 1
17307615759 0 0
17307701519 0 0
17307718759 0 0
17307754589 1 1
17307797289 0 0
17307814609 0 0
17307876099 1 1
17307907959 1 1
17307923179 1 1
17308073369 1 1
17466502486 0 0
17466805156 1 1
17466838266 1 1
17467029566 1 1
17467063566 1 1
17467069306 1 1
17467097016 1 1
17467327236 1 1
17467353406 1 1
17467655216 0 0
17467678546 0 0
17467693496 0 0
17467761056 0 0
17467784086 0 0
17467803366 1 1
17467856186 0 0
17468161596 1 1
17468202686 1 1
17468372016 1 1
17468477106 1 1
17468516516 1 1
17468607016 1 1
17468624296 1 1
17468633026 1 1
17490485802 1 1
17490511682 1 1
17490529382 1 1
17490628622 1 1
17490687662 1 1
17490728552 1 1
17490786252 1 1
17490847782 1 1
17490925342 1 1
17491091262 1 1
17491139732 1 1
17491321552 1 1
17491332882 1 1
17491428612 1 1
17491503972 0 0
17491623672 0 0
17491729422 1 1
17491744182 0 0
17491758152 0 0
17491773322 0 0
17491777632 0 0
17491817402 1 1
17491821682 0 0
17491834722 0 0
17491890742 0 0
17491941902 0 0
17492015772 1 1
17492019992 1 1
17492083522 1 1
17492094882 1 1
17492112782 1 1
17492115192 1 1
17492154282 1 1
17492167562 1 1
17492256042 1 1
17492436532 1 1
17492595232 1 1
17492623175 1 1
17492664785 1 1
17492668001 1 1
17492675845 1 1
17492766751 1 1
17492784581 1 1
17492821495 1 1
17492826445 1 1
17492839905 1 1
17492854785 1 1
17492886535 1 1
17493001745 1 1
17493079451 1 1
17493127845 1 1
17493209561 1 1
17493242311 1 1
17493272081 1 1
17493282641 1 1
17493310981 1 1
17493380471 1 1
17493422045 1 1
17493516081 0 0
17493568045 1 1
17493649191 0 0
17493692321 0 0
17493705035 0 0
17493723585 0 0
17493723821 0 0
17493740041 0 0
17493866601 0 0
17493885811 1 1
17493926651 1 1
17493933005 0 0
17493965441 1 1
17493983941 1 1
17494025565 0 0
17494025621 0 0
17494029301 1 1
17494031285 0 0
17494033775 0 0
17494035365 1 1
17494063895 0 0
17494066785 0 0
17494099085 0 0
17494109551 1 1
17494352745 1 1
17494371531 1 1
17494388001 1 1
17494409355 1 1
17494440615 1 1
17494481571 1 1
17494520255 1 1
17494537445 1 1
17494600525 1 1
17494604335 1 1
1749866294 1 1
1811125916 1 1
1811129646 1 1
1814503644 1 1
1814503914 1 1
19044976954 1 1
1988261447 1 1
1988283185 1 1
1988353111 0 0
1988357487 0 0
1988360443 0 0
1988363521 0 0
1988376255 0 0
1988394173 0 0
1988409123 1 1
1988410575 0 0
1988412387 0 0
1988416191 1 1
1988418571 1 1
1988471871 0 0
1988484467 0 0
1988489677 0 0
1988498717 1 1
1989087394 0 0
1989090730 1 1
1989109054 0 0
1989110454 1 1
1989111812 1 1
1989117700 1 1
1989119450 1 1
1989126710 0 0
1989136318 0 0
1989140344 1 1
1989142118 1 1
1989148686 0 0
1989156632 0 0
1989162552 0 0
1989173022 0 0
1989176040 0 0
1989178316 0 0
1989180796 0 0
1989186262 0 0
1989209144 0 0
1989227968 1 1
1989240042 1 1
1989284154 1 1
1CmebPjDXpztGM 1 1
1O7rNoN18cRMaM 1 1
1bJ_15ju4cvSQM 1 1
1cHRixUL5lD2EM 1 1
1gifusWYX8nS4M 1 1
1l3fSb9PIFWXDM 1 1
2022213632 1 1
2064007921 1 1
2069460492 1 1
2069460496 1 1
2069472510 1 1
2069472524 1 1
20D6E0wmV_M7hM 1 1
2113139251 1 1
2117659838 1 1
2121025810 1 1
2127849437 1 1
2127849463 1 1
2152960007 1 1
2153770354 1 1
2156050320 1 1
2158620409 1 1
2185625542 1 1
2192736033 1 1
2192737899 1 1
2193521794 1 1
2193525594 1 1
2193791859 1 1
2193798451 1 1
2193804315 1 1
2193805077 1 1
2193808129 1 1
2193808929 1 1
2193810621 1 1
2193811331 1 1
2193812035 1 1
2194585274 1 1
2194587812 1 1
2194597280 1 1
2194604344 1 1
2194609134 1 1
21dNymJeDuf7JM 1 1
2226789041 1 1
2227578228 1 1
2229478640 1 1
2249181188 1 1
2258977161 1 1
2258981619 1 1
2258982425 1 1
2258983257 1 1
2259775806 1 1
2259776594 1 1
2259781634 1 1
2259782298 1 1
2271405183 1 1
2271429613 1 1
2271434311 1 1
2271435419 1 1
2271438661 1 1
2272197158 1 1
2272209892 1 1
2272210952 1 1
2272219216 1 1
2272237552 1 1
2292066923 1 1
2292070621 1 1
2292856502 1 1
2292858604 1 1
2292864406 1 1
23026811683 1 1
2316196527 1 1
2316197283 1 1
2317005410 1 1
2323844477 1 1
2324606868 1 1
23475207329 1 1
23547619320 1 1
2362999651 1 1
2363837320 1 1
2366177601 1 1
2366178295 1 1
2366178335 1 1
2366178427 1 1
2366178465 1 1
2366178897 1 1
2366178943 1 1
2366179819 1 1
2366181257 1 1
2366181331 0 0
2366181393 0 0
2366181435 1 1
2367013394 1 1
2367014236 1 1
2367014274 1 1
2367014308 1 1
2367014344 1 1
2367014360 1 1
2367015806 1 1
2367015824 1 1
2367015866 1 1
2367015908 1 1
2367016096 1 1
2367016134 0 0
2367016970 1 1
2367017034 1 1
2367017142 1 1
237138885 0 0
237139558 1 1
23734710212 1 1
23734906552 1 1
2440701283 1 1
2449734726 1 1
2509353574 1 1
2509360088 0 0
25537634985 1 1
2570245307 1 1
2571070488 1 1
2571070676 1 1
2571070812 1 1
26399702110 1 1
2640401342 1 1
2642948290 1 1
26597675410 1 1
2698625327 0 0
271279013 1 1
271279123 1 1
271280853 1 1
271281166 1 1
271281256 1 1
271281383 1 1
2724377704 1 1
27986672972 1 1
2889378245 1 1
2889378351 1 1
2890213266 1 1
2890213662 1 1
2890213896 1 1
2890214334 1 1
2954839109 1 1
2954844465 1 1
2954849965 1 1
2K-vYrA6bRar4M 1 1
2Kk5djEc3VcMlM 1 1
2QzIeFjDLXhlzM 1 1
2fs1YZrgfiwJVM 1 1
2hAdaVxHDY-XsM 1 1
2oHqokHZOMJIOM 1 1
2zoEWIreFt1CYM 1 1
300021693 1 1
3121646257 1 1
3131106859 1 1
313375655 1 1
3138484847 1 1
3208342647 1 1
3211851384 0 0
3290542237 1 1
3290542911 1 1
3290544651 1 1
3290544807 1 1
3290546749 1 1
3290547437 1 1
3291360832 1 1
3291361502 1 1
3291363476 0 0
3291363674 1 1
3291364402 1 1
3296807230 1 1
3307519441 0 0
3308337504 1 1
3308351052 1 1
3308713263 1 1
3308713357 1 1
3309541462 1 1
3309541594 0 0
3309541772 1 1
3309541836 1 1
3322093563 1 1
33228853 1 1
3325406575 1 1
3326243916 1 1
3332575711 1 1
3389231661 1 1
3389265297 1 1
3390043374 1 1
3390138418 1 1
3391849093 1 1
3391849417 1 1
3392660046 1 1
3401226933 1 1
3402031344 1 1
3452446371 1 1
3478212218 1 1
3488288101 1 1
3489101398 1 1
3529294615 1 1
3529294669 1 1
3529294795 1 1
3529294823 1 1
3547939332 1 1
3568467319 0 0
3568468249 1 1
3568575609 0 0
3569279424 1 1
3569279972 1 1
3569281310 1 1
3569281690 1 1
3569282962 1 1
3569283292 1 1
3594792975 1 1
3594793051 1 1
3595599730 1 1
3595599808 1 1
3595599940 1 1
3595600158 1 1
3612385371 0 0
3613199804 1 1
3613200110 0 0
3613201110 0 0
3613201420 0 0
3613201738 0 0
3630458667 1 1
3630459061 1 1
3630461007 1 1
3630462139 1 1
3631273452 1 1
3631278158 1 1
3631278600 1 1
3631280596 1 1
3638731210 1 1
3676999115 1 1
371461455 0 0
371461457 1 1
371461460 1 1
371461463 1 1
3728099953 1 1
3728100365 1 1
3728100547 1 1
3728100963 1 1
3728101107 1 1
3728303748 1 1
3728903372 1 1
3728903574 1 1
3728905948 1 1
3762910404 0 0
3762910572 0 0
3799676400 1 1
3810622008 1 1
3872050710 1 1
3887712009 1 1
3888505654 1 1
3888505742 1 1
3888505808 1 1
3888505864 1 1
3888505916 1 1
3888505974 1 1
3888506034 1 1
3888506138 1 1
3888506218 1 1
3888506336 1 1
3888506416 0 0
3888506478 1 1
3922558027 1 1
392608068 1 1
392608103 1 1
3J4ITKharM_RRM 1 1
3MNHhz2ZqaMOfM 1 1
3NdchMAOOw16UM 1 1
3OL5ZHd_3q6NVM 1 1
3XKBnSyg71OeHM 1 1
3brdO1bU21aMAM 0 0
3dsQaHCaCDm0EM 1 1
400263460 1 1
4022644097 1 1
414008858 1 1
4185519919 0 0
4185521181 1 1
4186278286 1 1
4186279654 1 1
419253821 1 1
41apXlQ0NYkqtM 1 1
4274316744 1 1
4312418292 1 1
4332989465 0 0
4415683828 1 1
4422076017 1 1
4422076261 1 1
4422076529 1 1
4422088471 1 1
4422088941 1 1
4422089163 1 1
4422854478 1 1
4496950373 1 1
4555789984 1 1
457210934 1 1
457210942 1 1
457210948 1 1
4589546233 1 1
4589556947 1 1
4590176062 1 1
4590176724 1 1
4594718834 0 0
464559414 1 1
4652681829 1 1
4652682337 1 1
4653302414 1 1
4657044841 1 1
4657045067 1 1
4657045269 1 1
4657045831 1 1
4657046045 1 1
4657046565 1 1
4657047157 1 1
4657047325 1 1
4657049707 1 1
4657053373 1 1
4657053823 1 1
4657054075 1 1
4657054459 1 1
4657054633 1 1
4657055823 1 1
4657057719 1 1
4657057889 1 1
4657059193 1 1
4657059489 1 1
4657059719 1 1
4657061571 1 1
4657062367 1 1
4657062905 1 1
4657063299 1 1
4657063691 0 0
4657064211 1 1
4657064461 1 1
4657064623 1 1
4657064831 1 1
4657065581 1 1
4657065999 1 1
4657066371 1 1
4657066743 1 1
4657066939 1 1
4657067155 1 1
4657067497 1 1
4657067773 1 1
4657069279 1 1
4657069669 1 1
4657664618 1 1
4657664898 1 1
4657667662 1 1
4657668732 1 1
4657668958 1 1
4657669160 1 1
4657670004 1 1
4657671336 1 1
4657672118 1 1
4657672350 1 1
4657672558 1 1
4657672748 1 1
4657672962 1 1
4657673432 1 1
4657674766 1 1
4657675424 1 1
4657676406 1 1
4657676598 1 1
4657676990 1 1
4657677142 1 1
4657678102 1 1
4657678990 1 1
4657682892 1 1
4657683902 1 1
4657684296 1 1
4657684828 1 1
4657685932 1 1
4657686174 1 1
4657686940 1 1
4657688866 1 1
4657689288 1 1
4657689488 1 1
4657689846 1 1
4657690274 1 1
4657691152 0 0
4657691780 1 1
4673997756 1 1
4767376635 1 1
4768012286 0 0
4776321785 0 0
4776322063 0 0
4776323025 0 0
4776323653 0 0
4776955368 1 1
4776955696 0 0
483RypQa-RleBM 1 1
4875889479 0 0
4875889693 1 1
4875890781 0 0
4875891015 0 0
4875891171 0 0
4876497454 0 0
4890413768 1 1
4890414088 1 1
4928278238 1 1
494943588 1 1
494972597 1 1
4956938529 1 1
4956954887 1 1
4984138475 1 1
4984642256 1 1
4989643609 1 1
4989645421 1 1
4989646117 1 1
4989646775 1 1
4989647313 1 1
4989647473 1 1
4989647613 1 1
4989651311 1 1
4989651933 1 1
4989652927 1 1
4989653221 1 1
4989653827 1 1
4989653945 1 1
4989654353 1 1
4989654457 1 1
4989654573 1 1
4989654829 1 1
4989655341 1 1
4989655709 1 1
4989657277 1 1
4989657917 0 0
4990251122 1 1
4990251510 1 1
4990252128 1 1
4990252250 1 1
4990252378 1 1
4990253596 1 1
4990255406 1 1
4990255604 1 1
4990257538 1 1
4990257808 1 1
4990258164 1 1
4990259430 1 1
4990259554 1 1
4990260176 1 1
4990260276 1 1
4990260848 1 1
4990263082 1 1
4990263310 1 1
4990263718 1 1
4DRwIfnnaUQBtM 1 1
4QwE4sZ3PDkeoM 1 1
4_c1D_y9U6146M 1 1
4mg73J0xhvXDcM 1 1
4mjx7kM1KGF50M 0 0
5006013929 0 0
5006014625 1 1
503159262 1 1
5065947815 1 1
5066559714 1 1
5087117232 1 1
5097774113 1 1
5189220934 1 1
5281980612 1 1
53312322 1 1
53316493 1 1
5378051423 1 1
5378080569 1 1
5380030493 1 1
5380042091 1 1
5380050631 1 1
5380119483 1 1
5380172259 1 1
5380677368 1 1
5380709608 1 1
5380749614 1 1
5380781614 1 1
53b6LJ7389VxeM 1 1
5432459041 1 1
544168160 1 1
544168414 0 0
5483065176 1 1
5503594937 1 1
5504187718 1 1
5642741271 0 0
565362718 1 1
5666640297 1 1
5666643695 1 1
5666656601 1 1
5666660125 1 1
5666667183 1 1
5666678297 1 1
5666691189 1 1
5667206102 1 1
5667222264 1 1
5667234130 1 1
5667257756 1 1
5678576154 1 1
5684021319 1 1
5684021761 1 1
5684024973 1 1
5684025259 1 1
5684025403 1 1
5684026675 1 1
5684026879 1 1
5684027393 1 1
5684027513 1 1
5684028679 1 1
5684029019 1 1
5684030027 1 1
5684588630 1 1
5684589548 1 1
5684592666 1 1
5684593582 1 1
5684593938 1 1
5684594628 1 1
5684594802 1 1
5684595262 1 1
5684595908 1 1
5684596114 1 1
5684596700 1 1
5684597038 1 1
5684597178 1 1
5684597352 1 1
5684597704 1 1
5740991808 1 1
5901501697 1 1
5901524525 0 0
5901531967 1 1
5901557435 1 1
5902091398 0 0
5914791207 1 1
5914794477 1 1
5914795167 1 1
5914796403 1 1
5915349136 1 1
5915350048 1 1
5915351722 1 1
5915352460 1 1
5915353284 1 1
5915356678 1 1
5915358668 0 0
5915359300 1 1
5915360232 1 1
5915361066 1 1
5915361940 1 1
5915362690 1 1
5931819289 1 1
5931819489 1 1
5931819921 1 1
5932374436 1 1
5932375718 1 1
59928274 1 1
5ASviJMcjkVX1M 1 1
5MVVXfICpF7mxM 1 1
5NcrsRKsYfe9PM 1 1
5W-xvlJ33KbbAM 1 1
5ajeu1r9RtcmOM 1 1
5kKbipwuv_FfFM 1 1
5niKyXY_s-KobM 1 1
5u94D4gxz0fYlM 1 1
5uGd15A6-OgS5M 1 1
5v1_YFl95t4nPM 1 1
5vmCvObKdpj1FM 1 1
5xOx_PUmAsOgCM 1 1
5y2zp8ZOSqzZaM 1 1
5ybXK9xOU0y-DM 1 1
6-0eu5ML4K2H8M 1 1
6078568247 1 1
6078591243 0 0
6078707139 1 1
6078829963 1 1
6078840717 1 1
6078843385 1 1
6078846889 1 1
6078868273 1 1
6078873615 1 1
6078882399 1 1
6078895929 1 1
6078898363 1 1
6079090392 1 1
6079231522 1 1
6079331812 0 0
6079351572 1 1
6079360772 1 1
6079366680 0 0
6079380294 1 1
6079383706 1 1
6079397850 1 1
6079409902 1 1
6079412832 1 1
6079418470 1 1
6079435268 0 0
6196967300 1 1
6197704111 1 1
6235556290 1 1
6426496037 1 1
655787702 1 1
65fZJ8E65xcVnM 1 1
66PzNR_C6wrtXM 1 1
6757287901 0 0
6757290055 1 1
6757293715 1 1
6757295251 1 1
6757298379 1 1
6759905489 1 1
6759907013 1 1
6819759903 1 1
6819759909 1 1
6831337358 1 1
684010749 1 1
684854002 1 1
6894625397 1 1
6996024800 1 1
6996025908 1 1
6Ts7mGaB8RFEMM 1 1
6_WwunFWkLK7qM 1 1
6dByUxmSRWLGcM 1 1
6djFwEbBI9lIAM 1 1
6hFPssVkzdasEM 1 1
6mPe8Fakp5bEoM 1 1
6q_EAy3YcMxyuM 1 1
6sW3mGVqsw-KOM 1 1
6uVct1zKmMBzWM 1 1
7142109777 1 1
7142111379 1 1
7443324150 0 0
747682809 1 1
748543922 1 1
748552026 1 1
7515590390 1 1
7594631258 1 1
7595018834 1 1
7669699270 1 1
7669699572 1 1
7669699922 1 1
7669700318 1 1
7669700728 1 1
7669701142 1 1
7669701552 0 0
7669702032 1 1
7669702466 1 1
7669702826 1 1
7669703192 1 1
7669703630 1 1
7669703982 1 1
7669704354 0 0
7669704630 1 1
7669705294 1 1
7669705636 1 1
7669706166 1 1
7669706608 1 1
7669707086 1 1
7669707546 1 1
7669707996 1 1
7669708324 1 1
7681030376 1 1
7685314688 1 1
7685494484 1 1
7694430812 1 1
7728890760 0 0
7791216350 1 1
7791222316 1 1
77NoF1N3Qu2XPM 1 1
7849054548 1 1
7849054730 1 1
7849065084 1 1
7857858558 1 1
7993787493 0 0
7993790401 1 1
7Cg27AncQKKSuM 1 1
7GdTaHC7xfALRM 1 1
7TpJi6TGE9cSoM 1 1
7Vh0z0eo3YwCsM 1 1
7a3wJXGkffMQ3M 1 1
7j1eKEuCuNpCTM 1 1
7jnc4hpBQh5rhM 1 1
7oo_N448rMzyTM 0 0
7tevz-1rtYcY9M 1 1
7uicITKlRRsEdM 1 1
8155006571 1 1
8157514037 1 1
8228151370 1 1
8354492697 1 1
8354542469 1 1
8354557583 1 1
8354558779 1 1
8355549398 1 1
8355552736 1 1
8355553510 1 1
8355554350 1 1
8355555070 1 1
8356371637 1 1
8424051369 1 1
8425141254 1 1
8445553387 1 1
8445553581 1 1
8446642370 1 1
8496499923 1 1
8496499953 1 1
8496499991 1 1
8496500059 1 1
8496500181 1 1
8496500199 1 1
8496500287 1 1
8496500369 1 1
8496500421 1 1
8496500463 1 1
8496500699 1 1
8496500727 1 1
8496500767 1 1
8496500831 1 1
8496501053 1 1
8496501519 1 1
8496501753 1 1
8496501853 1 1
8496502139 1 1
8496502389 1 1
8496502481 1 1
8496502821 1 1
8496503011 1 1
8496503059 1 1
8496503385 1 1
8496503439 1 1
8496503571 1 1
8496503615 0 0
8496504057 1 1
8496504071 1 1
8496504119 1 1
8496504347 1 1
8496504361 0 0
8496504397 1 1
8496504465 1 1
8496504595 1 1
8496504685 1 1
8496504925 1 1
8496505067 1 1
8496505165 1 1
8496505197 1 1
8496505267 1 1
8496505297 1 1
8496505333 1 1
8496505557 1 1
8496505757 1 1
8496505805 1 1
8496505935 1 1
8496505967 1 1
8496506183 1 1
8496506343 1 1
8496506453 1 1
8496506535 1 1
8496506605 1 1
8496506749 1 1
8496506797 1 1
8496506935 1 1
8496507129 1 1
8496507211 1 1
8496507231 1 1
8496507397 1 1
8496507789 1 1
8496507917 1 1
8496507949 1 1
8496508037 1 1
8496508157 1 1
8496508237 1 1
8496508317 1 1
8496508363 1 1
8496508509 1 1
8496508587 1 1
8496508865 1 1
8496509051 1 1
8496509085 1 1
8496509253 1 1
8496509417 1 1
8496512571 0 0
8496512797 1 1
8496513103 1 1
8496513305 1 1
8496513343 1 1
8496513367 1 1
8496513449 1 1
8496513561 1 1
8496513577 1 1
8496513595 1 1
8496513655 1 1
8496513749 1 1
8496513853 1 1
8497602930 1 1
8497602990 1 1
8497603034 1 1
8497603070 1 1
8497603192 1 1
8497603246 1 1
8497603290 1 1
8497603354 1 1
8497603472 1 1
8497603550 1 1
8497603598 1 1
8497603840 1 1
8497603884 1 1
8497603918 1 1
8497604100 1 1
8497604394 1 1
8497604440 1 1
8497604570 1 1
8497604594 1 1
8497604656 1 1
8497604850 1 1
8497604880 0 0
8497605008 1 1
8497605042 1 1
8497605268 1 1
8497605290 1 1
8497605648 1 1
8497605670 1 1
8497605786 1 1
8497605832 1 1
8497605892 1 1
8497605938 1 1
8497605984 1 1
8497606012 1 1
8497606142 1 1
8497606284 1 1
8497606388 1 1
8497606532 1 1
8497606672 1 1
8497606714 1 1
8497606882 1 1
8497607142 1 1
8497607166 1 1
8497607210 1 1
8497607372 0 0
8497607410 1 1
8497607480 1 1
8497607514 1 1
8497607532 1 1
8497607546 1 1
8497607574 1 1
8497607618 1 1
8497607644 1 1
8497607740 1 1
8497607764 1 1
8497607888 1 1
8497608024 1 1
8497608138 1 1
8497608178 1 1
8497608392 1 1
8497608436 1 1
8497608468 1 1
8497608896 1 1
8497608938 1 1
8497609008 1 1
8497609026 1 1
8497609178 1 1
8497609242 1 1
8497609284 0 0
8497609498 1 1
8497609568 1 1
8497609588 1 1
8497609600 1 1
8497609640 1 1
8497609764 1 1
8497609962 1 1
8497610066 1 1
8497610334 1 1
8497610618 1 1
8497610756 1 1
8497610776 1 1
8497610930 1 1
8497611112 1 1
8497611126 1 1
8497611406 1 1
8497611544 1 1
8497611710 1 1
8497611982 1 1
8497612038 1 1
8497612160 1 1
8497612240 1 1
8497612364 1 1
8497612434 1 1
8497612498 1 1
8497612512 1 1
8497615830 1 1
8497616106 1 1
8497616146 1 1
8497616184 1 1
8497616320 1 1
8497616832 1 1
8497616854 1 1
8497616894 1 1
8497616946 1 1
8497616970 1 1
8497617010 1 1
8571330418 1 1
8571330766 1 1
8571330854 1 1
8593519448 0 0
8621884413 0 0
8622159859 1 1
8752402985 1 1
8752404511 1 1
8753528974 1 1
8753531224 1 1
8947390105 0 0
8Bsr-M5UKt8-aM 1 1
8G4fJ9vN-xDOlM 1 1
8HQOayVtX4qF-M 1 1
8TvMWnv0dsIxVM 1 1
8YHytojKsRM77M 1 1
8a0HsOZtBx0WbM 1 1
8b6lPZHhm1lfOM 1 1
8uRcue1L9WS3cM 1 1
9024098857 1 1
9024099155 1 1
9026326452 1 1
9026327612 1 1
93841805 1 1
93841806 1 1
93841807 1 1
93841808 1 1
93841809 1 1
93841811 1 1
9727532449 1 1
9727884729 1 1
9825667545 1 1
99121121 1 1
991dvpDR-jjBiM 1 1
9GpaOGnPCLXOKM 1 1
9Nt80BpJK0i4CM 1 1
9O8vdBC-_aE3hM 1 1
9cTtvnbYh8LoYM 1 1
9iY_5D5bR7exLM 1 1
9kg85qpWV7k2QM 1 1
9wxPlQfKr2sROM 1 1
9yFSkLTIsE-gNM 1 1
9yTp6z2kERUzfM 1 1
A1xujHZiUL5KDM 1 1
A5lJsOrdoA4B-M 1 1
A7C19PrI2lOX3M 1 1
AAMikZ9X6uFWJM 1 1
AJoFmlDaPglq0M 1 1
ALJH4Tu7HwZi7M 1 1
ALmxhatJyEfTMM 1 1
ANlAqR9QzPeS1M 1 1
ANs7XcO0OefA1M 1 1
AScC9vOeDJf92M 1 1
AV-y6qhM5qb8XM 1 1
AY46jGep5hW7vM 1 1
Alv7nQnsCYj4oM 1 1
Am5x0DGOffE-wM 1 1
Arft3C3moQlihM 1 1
As23HC4A6UJzkM 1 1
AuyA2BZQ0QREYM 1 1
AyeUktXgO_V4oM 1 1
B27y6rpJYwItzM 1 1
BAOpZWnRCN3NaM 1 1
BBYxOtbd1ng0iM 1 1
BEV9RalVRquX_M 1 1
BJu0FtoLnYj2DM 1 1
BLLiGH4wj2MW-M 1 1
BZLW8WMVBOy1mM 1 1
Bd8r-SE5M2E9fM 1 1
Bf8wtFo22CW2WM 1 1
BgvfcYMFKsxxsM 1 1
Bh0KI3xJh5f24M 1 1
BjlpXPI_DFeQDM 1 1
BtmNAdigp-X1nM 1 1
CB0bAInFQfraIM 1 1
CCeAiCyWIsSH_M 1 1
CsKFP7SuJW4fPM 1 1
D7HD3yu8ak-MnM 1 1
DAsi5yhVkFuX4M 1 1
DC2lbbVacKBtuM 1 1
DGbHmzvdn2FuQM 1 1
DJqXYKWxfDxDdM 1 1
D_HVykQr9_lo6M 1 1
DtoiJsY2-gIRyM 1 1
DzxpPiEkIxllPM 1 1
E4KTJuDB3dq8vM 1 1
EGX1z5C42Mqs2M 1 1
EGeB2alkUt5rBM 1 1
ELisbzHYCzyHMM 0 0
ERcQSIE7kEURIM 1 1
EVL0o8mDNg4bfM 1 1
EXnIS6SoFsBqWM 1 1
EbXVquCKmdu8TM 1 1
EdsPk2iY-MSPFM 1 1
EfnlFGH0FXaBbM 1 1
Em6p9TXDLbei7M 1 1
ErIoSRAJyDjjyM 1 1
EtdRDBouuCzg2M 1 1
EujR22MfK-CKzM 1 1
Ey_du7vNb48b1M 1 1
F0C9va37h_2B-M 1 1
FOyv-h73G5-_fM 1 1
FeSeOkzwc6O1jM 1 1
Fk8EJDrwC8QiXM 1 1
FtQUbUZY2refVM 1 1
FwpUvW2lsI-fnM 1 1
GI1sv7pWQ_aMkM 1 1
GL9IgNa8cA33jM 1 1
GT1LDoYhCmffdM 1 1
GTy0Nq2EkE6RwM 1 1
GWZt5q97LCL22M 1 1
GbA1PwRHT1NmmM 1 1
GbJ3Je5a3QNczM 1 1
GbZcNpbqdoKk6M 1 1
GdTboDeNxZcxbM 1 1
Ggjps79lxUiIlM 1 1
GjJXiinY01K2MM 1 1
Gx0WTebcsyNZrM 1 1
H9WdMhyE3M5DrM 1 1
HHu9SW7UbL6iWM 1 1
HI3kFKCo14qOuM 1 1
HSGu31oevY9VbM 1 1
HUy_XWYci4FOjM 1 1
HdfxIZ0WgyXzxM 1 1
HfkF49qLO4X4FM 1 1
HlP_cGUFWg3fKM 1 1
HuofBufM53wAXM 1 1
I2Z1QrktVx25FM 1 1
I7YVPnqiJXdoXM 1 1
IAVRQTI4-9S5qM 1 1
IHuogPdnln7o4M 1 1
IOrojhq3RVuWiM 1 1
IUnMMigSnfJZmM 1 1
IdpqCIlgug55vM 1 1
Ij1Q3ToL5sevLM 0 0
Iwjdnrcicu86WM 1 1
J51y5h08FRVcUM 1 1
J5sA9QTi11H13M 1 1
JG0JtbXK0zhKKM 1 1
JGacEysXP_ytnM 1 1
JGf0A9kLJqAuzM 1 1
JHVIPNzk5spXZM 1 1
JmTY6oQCuJfDGM 1 1
JpoKTlPmowndOM 1 1
Jq15EAXcCaVSxM 1 1
JsPOjvWlgZ-ddM 1 1
Jxtueuo89gVUWM 1 1
K9CeEhzlN62fiM 1 1
KKw_kCsJkamsnM 1 1
KNA1ieUJ9kAPEM 1 1
KPoNweVu7qIv9M 1 1
KRO4cgY6csXknM 1 1
KckLmv68k_lOFM 1 1
KfqC7k9kYTiESM 1 1
KhEGTCfEBz0NpM 1 1
KoDziH9kX8X4qM 1 1
KwSpM9sZ_fyl0M 1 1
KzKCcl4zzDs6SM 1 1
L-9RffeypYAtoM 1 1
L3aVLccyOdlFsM 1 1
LCNkn_grxUx02M 1 1
LDZy8Eb4ImE7XM 1 1
LNR2Z1VXdjh43M 1 1
LQDAJaWg_CC1pM 1 1
LWdY5WRZDDkc4M 1 1
LpoEnYn7RHLmjM 1 1
LtFUbUgA7yTcmM 1 1
LyO3Eu9q5gqQUM 1 1
MIj9obvgxTey_M 1 1
MNXNoI-FWwoo-M 1 1
MNhHxK6qj1NX5M 1 1
MNlTYzg5kM_KTM 1 1
MPJ8pQRXufHw8M 1 1
MUsvGpLSRe7IbM 1 1
MbDwSXqzs60J5M 1 1
MeYabs20u6lclM 1 1
Mi526uWlSMbopM 1 1
Mlkloioh6XLVqM 1 1
MnrXSlC7LAeYjM 1 1
MtiSoB-OnOsiHM 1 1
N67mS5IQ8fKzBM 1 1
NMjbag0GhX1m2M 1 1
NXWOJQN5HWykRM 1 1
NgLx7fiCYJ9e8M 1 1
NmEm9xTV0sPXgM 1 1
O1oPujj7z7DCqM 1 1
O1s-yVSyItVy9M 1 1
O37dqUqJ04t-1M 1 1
OIvmupji3qqZeM 1 1
OK1qQYEqkgdAwM 1 1
OT_0otY8ulOg8M 1 1
OZGDXjW7pbUrwM 1 1
Oc3lQSxlUFuhsM 1 1
OobHielHWnhPMM 1 1
P4nVTdlktqSEBM 1 1
P6J03J-V9vYjHM 1 1
P6dbxqxAxf4M3M 1 1
P9wkGHXftLvboM 1 1
PBdRDCMv59io7M 1 1
PKPtlyxbIlreNM 0 0
PMJwRdJeMKivcM 1 1
POQJHMUblJRldM 1 1
PR-eRwEjRJzn5M 1 1
PWcTgfBr3WkC5M 1 1
PXm-HW0IV5i49M 1 1
P_oPd50S2FV0yM 1 1
PgNhV7fkAH_pzM 1 1
Q0oqoU9yTXhq4M 1 1
Q3NS8QyBMb8tvM 1 1
QCA4923rCaQdmM 1 1
QIZUFZRxIUCgoM 1 1
QLdCe99cHk3C3M 1 1
QcemNeEBNjMxwM 1 1
QiNxWV9eAENtZM 1 1
QnIwHj7Csw3-oM 1 1
R-l6P58f_YxeRM 1 1
RS4CqGGazkfpWM 0 0
RVpeCNT_bdijdM 1 1
Re2G9NdVptOznM 1 1
RmkGlQt0qg3ghM 1 1
RvXOUU-m8sw0zM 1 1
S2RR7AfuTM5QqM 1 1
S4eS1nLxT4XlJM 1 1
SIDHTj301hZlLM 1 1
SIowWdrqEeay3M 1 1
SJKbP9ElvbK-OM 1 1
SPcdzO6h219hxM 1 1
Sv62nXKnvggxzM 1 1
SwIzS2IeStBRhM 1 1
T9FN9pbV_GZplM 1 1
TCyoNP1viZ2R6M 1 1
TDc-06MIK6b7SM 1 1
TFJBVChhD0ErJM 0 0
TI33lGOKRbicKM 1 1
TITiOQJDjA8h8M 1 1
TPAE0pUWLoDytM 1 1
TSjI2vKh5cOTkM 1 1
TYEB-QiJQEcFtM 1 1
TlL7Mdy7AxNryM 1 1
U6OmqQ1-BRf8YM 1 1
U90RkyWpC6JtRM 1 1
UFNiVas7_k9mcM 1 1
UGuWhM5LkfqYXM 1 1
UKwsq7J0wcsOuM 1 1
URqAoYacEnxEWM 1 1
UXSGE4CNA5VVfM 1 1
V2DMfT0LqjANJM 1 1
V5-JdyQjwK07ZM 1 1
V9vMNcMvymCToM 1 1
VFV7y8qX_l4aVM 1 1
VGf86lpAXb-ucM 1 1
VaByLZeXiBU5DM 1 1
VoLrhMDypVHZpM 1 1
Vop0elvKpBHcKM 1 1
VvOlmEQlFYOjzM 1 1
W134kY1HPngR8M 1 1
W1lZjjYHbvlbKM 1 1
W3KE5QYxh3Ff1M 1 1
W6wATPXhIQqOCM 1 1
WC6kFdQusCiZPM 1 1
WUmbE5o9c0AqJM 0 0
WYa3WKueJgdiRM 1 1
WcgO89sH0h5fIM 1 1
WdkGVdIc4htuiM 1 1
WjxoEGOAh-7XQM 1 1
WllDtqvFYWbSTM 1 1
WlotEIgYli5ofM 1 1
WpKh8_RJ3G7SRM 1 1
X5EQd_gCctvEPM 1 1
XBuokUiKsNAN0M 1 1
XHOplHiWDUWBNM 1 1
XRGVbUOdmdATMM 1 1
XWQD3Ku7k0tnSM 1 1
XWu5iT3mcXSpcM 1 1
XcWlFoLZwF-7VM 1 1
XotgtA34fdhPHM 1 1
XwuXCpTJB1hakM 1 1
Xx5mdwDbrKaUFM 1 1
Y4Z8z9AQuNl2gM 1 1
Y73cI4jx2OnuhM 1 1
YLfqfCeMep_W2M 1 1
YYnSFvjWezIxeM 1 1
YYtlMt6ckB9LOM 0 0
YZXxNbKnJWUGYM 0 0
YZYZ_b018E80EM 0 0
Yi6dFYh1MuREqM 1 1
ZDSJq_57UdtDPM 1 1
ZJf37oLKpEe09M 1 1
ZNXJKk2XRS6kRM 1 1
ZOq3Z4jeNERuFM 1 1
ZT3zEXu7k3V_4M 0 0
ZV_FrephS04A3M 1 1
ZXy1UsFEqgy6ZM 1 1
ZbYXif7Tu782UM 1 1
Zbyl9j8EvIFCzM 1 1
ZcrZjnYnd1K8MM 1 1
Zi88YKm9-PQKBM 1 1
ZiouxsoWPUu-sM 1 1
ZkyGv-BKYOZhXM 1 1
ZqcTcLEjybgMTM 1 1
ZsVOi7IoIsu5rM 1 1
_AHV2x0Oi1e-gM 1 1
_CnJ_qBnDH6YzM 1 1
_D342Fst5Ea6jM 1 1
_GeitD2RyZyr3M 1 1
_IvhzAae0mLIuM 1 1
_Wy3iqevCb_l9M 1 1
_XBVNsfUV3c55M 1 1
_Xmsr2Y9BUczrM 0 0
_cuoc39sV-18OM 1 1
_eRiRZzCzwzNbM 1 1
_nItP79Gs1_eVM 1 1
_s3reZ--wvJJ-M 1 1
_yLkgIrSBpGW4M 1 1
a4k4RwYSZX8xoM 1 1
aHM1PsZkJJW-vM 1 1
aPudPQ8wXcymOM 1 1
aei9qv5q0dT6_M 1 1
anHqdZT1npyLbM 1 1
arkUcuhTxcdSXM 1 1
ase2fJCs67mmrM 1 1
aupMfUD-JzdAXM 1 1
b-aLwrHxX9ELBM 1 1
bQEPBDYYFLdBqM 1 1
brsd2Jm-M0XYmM 1 1
bx5qM8rbQSCP1M 1 1
c5N01_CsGdfvPM 1 1
cIg3ebegCw36XM 1 1
cIyDqvQGUvdU1M 1 1
cJmo22aobuHRCM 1 1
cK9oNvUF42EP_M 1 1
cOl6NHznC2l8UM 1 1
cTk1brPiKMzeeM 1 1
cXiV5Sd0-zg50M 1 1
cc_VfXXElSJFVM 1 1
cdtVeN9V7xwV6M 1 1
d-i7PFdX61Jx0M 1 1
d037q-qC8VeWMM 1 1
d0sHwegTOvyjZM 1 1
dAuvRL6YDwJr1M 0 0
dIlJATov_2b5wM 1 1
dOpMutT3iKhlDM 1 1
dSjy8_Np5k6T_M 1 1
dXSpaO6irKSfGM 1 1
df1p-srQTCCb9M 1 1
dkVe6uxBA9nGNM 1 1
dvw-MJqT-VMqDM 1 1
eC8vlz6hNpdejM 1 1
eCyyv7efezoHNM 1 1
eFsaNHwCcHlvFM 1 1
eKcvz7jaRmmo2M 1 1
eUEokJU_rRFo_M 1 1
eXF-MMFm04cUoM 1 1
eXNpEgTLB_ASWM 1 1
eaXEhELI15ApeM 1 1
enovaEn7hhKb-M 1 1
euu-pU0khSENSM 1 1
f0hMNy6HeSFl2M 1 1
f3hDZjsZ3b7buM 1 1
f3o_oXpnDa42EM 1 1
f7LKpS7nM5ypbM 1 1
f8897xs9VCIMPM 1 1
f9Tam7DtysHeYM 1 1
fJ3y99yjj93cFM 1 1
fJqaT6msC3lFAM 1 1
facF0n2ScbV1UM 1 1
fjRXikpipa7HcM 1 1
flwNe07Rox-f6M 1 1
fmHmOdxHM1d2SM 1 1
g2Ec1vJnL0dDlM 1 1
g3y5MfTMMSP-oM 1 1
g6f4g-QjCNOW1M 1 1
g77fZj9LIFtCyM 1 1
g8hIhrujs5_CcM 1 1
gB77np30trVRwM 0 0
gGsDXSTqq7wNYM 1 1
gKdDyP0v0jvteM 1 1
gQaRSYixYaD4XM 1 1
gl5Au7-gjULxBM 1 1
gowt4-3ZNdx2aM 1 1
gqwRnblDvtGVoM 1 1
gu1x9RY1ylMufM 1 1
hhn8mtClik4haM 1 1
hl4_0SXQV-7KsM 0 0
huWSr4ed-jVo4M 1 1
i0wGeh467Uh_RM 1 1
i4UWxW9wVRamJM 1 1
i4qpkNpP6BYRQM 1 1
i4uxarhClOMXQM 1 1
iEhL0Z3hPdlioM 1 1
iNVNytJ2QDFWWM 1 1
iaKc2BN9lIOThM 1 1
ig7C4wbmAu1N5M 1 1
iifYDVZblVGQIM 1 1
ip2bbvDeq5JLvM 1 1
j5hwMr7GCH5IEM 1 1
j5qjlk6n94WULM 1 1
j7rKaa3Xctqb3M 1 1
j9viHO0LbKLtbM 1 1
jBcbWp0XRiBNeM 1 1
jDGTZAKlkJ2MbM 1 1
jKSIJjLYptuRgM 1 1
jOIBnXRnX5ingM 1 1
jOw2pJYV91baCM 1 1
jQTCOnsVkkKnaM 1 1
jSmWJuc1d7mKgM 1 1
jTXo2bg1Yau9cM 1 1
jfO6CcbzB333dM 1 1
jiIC637LGe7q7M 1 1
jxEfrNaAT48IsM 1 1
k76xqAfYfsBaDM 1 1
k93JWoCotMxv4M 1 1
kJIfY1LGOTrlDM 1 1
ktKR2CF_hWumHM 1 1
l8UfPsWoSZwFzM 1 1
lCc5JZBBa5tX2M 1 1
lcGYUjZlAtU4IM 1 1
lrl6bSqCbWqqPM 1 1
m3tjwuhdrcK8JM 1 1
m5qe9GZvDkVsRM 1 1
m5vS5LhX9aMFiM 1 1
mEoB1-ecBbl6uM 1 1
mLVIJiJkzmA9lM 1 1
mdnNPUL1PWkqeM 1 1
me5v1Z6CrSDEmM 1 1
mgAdVtK1CL1cXM 1 1
miLvLSeYBy5UuM 1 1
mnFMqU39UHbKUM 1 1
mylG3eOh6yDUdM 1 1
n-7PLaUOeYWNSM 1 1
n8DeTgcp452kOM 1 1
nHJPoJmx_Bq3eM 1 1
nMmTOt5xYvSydM 1 1
nMphdgpkRzOx6M 1 1
nN9KSr1vJ05NtM 1 1
nPm3jlKjz5m3TM 1 1
nbzjnWCdgBufpM 1 1
ndnjmL3gpnVk1M 1 1
neq1Ugbw0Dv_cM 1 1
nfPOIlJKcKFwOM 1 1
ngO7oaWcmy8aEM 1 1
nhIhopOHI3UOQM 1 1
nl_UWSTvBERrrM 1 1
nmtCvqwArGrdvM 1 1
noqC1dGMIunuOM 1 1
nr0Wo75yvZmK9M 1 1
o39xAl7AqREkrM 1 1
oDt6wCd1XrGiPM 1 1
oI48ZFEXuDl0xM 1 1
oKqRxg1iRY54gM 1 1
oPavhdXq2K0DNM 1 1
oQY5klc3JzbplM 1 1
oTXBTDN4SnAYcM 1 1
oWpvofQcvfGGJM 1 1
obgr0yB17PxH4M 0 0
olyECVkr24Cl_M 1 1
ozKtBKs24YpFiM 1 1
ozgmUth20cCN3M 1 1
p3I5MpHfUIReGM 1 1
p3PBE2U4gjuAYM 1 1
pSZi-GsQyJhlVM 1 1
pat6kcNTV4FK6M 1 1
pcG_xFYPq2bmbM 1 1
pj3p11l8POErdM 1 1
pp2yZ8TDFx3GJM 1 1
pt7NcEc5DxwiiM 1 1
qAoNLVQKSqK6jM 1 1
qCoSDjkx9zh1LM 1 1
qG1qO_Wmsu2EHM 1 1
qGCm2mEa0jS8lM 1 1
qOKkxN3uOY7pRM 1 1
qPv-v_D2VLbzBM 1 1
qriBWxUPGCAnzM 1 1
r1zg8g2QqRHqLM 1 1
rjAIIRyMGDWjqM 1 1
rmmaTigQDdEQ5M 1 1
rr_KIyKG_AK7GM 0 0
rsHCl8b78CRbiM 0 0
s1Y2-19Cehmh9M 1 1
s2n89L7CozlTZM 1 1
sC8hMxywOcS1aM 1 1
sDvnFq0j0hApHM 1 1
sETt511mFPwVOM 1 1
sKtdaZiJyYq9wM 1 1
sM3RsxuvhIj_WM 1 1
sbsq4yZKOnmGaM 1 1
sdOgS_ZW6rIMfM 1 1
sh4_aZwdzzDfWM 1 1
soQnjcnDZWU4rM 1 1
ssbZDbkCihJZ2M 1 1
symP5abX9L1vpM 1 1
t5Bma6otqYvTXM 1 1
tJCjchJhRMpASM 1 1
tYclGDWdWj7-PM 1 1
tdf5D_wvV4XmcM 1 1
tfFAKzRgr7xvBM 1 1
txNWNTt1az6wbM 1 1
u1EcRqTA4OXiMM 1 1
u1pkO06uiaYZaM 1 1
u39lB20WwL9y0M 1 1
uEtQKrPXCeFTVM 1 1
uKb8xGauR9VkGM 1 1
uMbPtYg3ikx0CM 1 1
uUZP060NrTj3oM 1 1
uaIX4Ar1qqoPHM 1 1
ud9pEQ_NQVOfUM 1 1
ui07ywUwYH_lqM 1 1
ur6utNF7bSqpWM 1 1
uvzP46XEV1GGiM 1 1
v-UdYntxslVqoM 1 1
v6I-lK7SWwl17M 1 1
v9PYcfuvPQugBM 1 1
v9qIJMRhSee7eM 1 1
vMbIqctrTKLypM 1 1
vPrQrlAcCow3xM 1 1
vUEcQr99vaGi3M 1 1
v_Q5I9Tj5qS1kM 1 1
vrY3IOm7I-ZCyM 1 1
vsBaF_NkwfbXRM 1 1
vsCa3ooVuycULM 1 1
w0XX_dqPqHJnRM 1 1
w4Wlx_W0YE_yuM 1 1
wG2Uwmw8ElYrxM 1 1
wRk7Rdy1QuRlDM 1 1
wU1-g5ezWypyVM 1 1
wUQls43r_F6UQM 1 1
wr8yFm9NBRGb9M 1 1
x1BrGyQ2C_yCgM 1 1
x3PjUAEwbclJ2M 1 1
x5t5VLdbB-UPcM 1 1
x93G1IBJO-m7qM 1 1
xG4x9_iiw07PdM 1 1
xQ-KQVJrcOdswM 1 1
xY5xa74Gm5uQeM 1 1
xYP9doShGPKlpM 1 1
xa06dEyfgDkyfM 1 1
xadxRJuWJyIJVM 1 1
xg8vVqH0IqNrDM 1 1
xvsvU1m6LAOdEM 1 1
xxLRBFbSyGyJqM 1 1
yUEhBK5jwOyHyM 1 1
yXaggCNl7vmlaM 1 1
yXdTeLvoiWCphM 1 1
yZ7q0QkZVRx-SM 1 1
yaf0cDsWLn4pvM 1 1
yalZXypk7vBVYM 1 1
ycw9u25iEveJ4M 1 1
z48BDZfmXSoFTM 1 1
z6sCwUcrO9iwmM 1 1
z8dQqVyRcymx1M 1 1
zAEEiNNWFbgPZM 1 1
zAHox9UHaNqYGM 1 1
zCKhLReo1POvVM 1 1
zCUp4ArTazmFLM 1 1
zKR5BKos5DT6uM 1 1
zOmxuJl5sNdV_M 1 1
zT1g559MKQUakM 0 0
zT2OwP8eJImZaM 1 1
zaVFwLDPBGY9zM 1 1
znRA58CAhYDKkM 1 1
zvFd_NnLsxz42M 1 1
zwnz0_DUUt6f0M 1 1
