-7zJBpOSp8IH6M 0 0
-OkfYut9yu3HGM 1 1
-ft1iKg3cTpUfM 1 1
-nFL8H7LDibAbM 0 0
-xHQOVcRcRUMLM 1 1
0BT6oguXF_o32M 0 0
0Dt2IwCHcIfXGM 1 1
0OQ-_1oW9c5AwM 0 0
0Yp3lqTgpBen6M 1 1
0kSUspbDz08eeM 1 1
0usIuvRliEinfM 1 1
1002632528 0 0
1002666952 0 0
10081843376 0 0
10174915433 0 0
10225364666 1 1
10225445003 1 1
10480441463 1 1
10757681163 0 0
10768403556 0 0
1077628639 0 0
1077641671 0 0
1077644161 0 0
1077647097 0 0
1077652379 0 0
1077664471 0 0
1077673373 0 0
1077675885 0 0
10783966855 1 1
1078470996 0 0
1078478416 0 0
1078482980 0 0
1078508414 0 0
1088074961 0 0
1093768779 1 1
11029317473 1 1
1106174989 1 1
110636922 0 0
11147567 0 0
113917013 1 1
113924651 1 1
11499926213 1 1
11513360723 0 0
11522029 1 1
115351813 0 0
11557446926 0 0
115597756 1 1
1173408211 0 0
1173414023 0 0
1173426959 0 0
1173434575 0 0
1173466483 0 0
117348812 0 0
117364389 1 1
1173873489 1 1
1174251832 0 0
1174688452 1 1
1174694242 1 1
1174722214 0 0
117777635 1 1
117845243 1 1
117964905 0 0
1187887461 0 0
12008800 0 0
12016220845 0 0
12099555055 1 1
12099840563 1 1
12100231386 0 0
1217433650 0 0
1249050428 0 0
12592389265 0 0
12629620375 0 0
1279716229 0 0
1279719649 0 0
1280582970 1 1
1280584022 0 0
1280587062 0 0
1280588008 0 0
1280589054 0 0
1280593074 0 0
1280603936 0 0
12XTJI9oTSHHCM 0 0
13001984345 0 0
13002126563 0 0
131498673 0 0
131657839 0 0
1323326854 0 0
1331176951 0 0
134158020 0 0
134583847 1 1
134583914 1 1
134584047 1 1
134584086 1 1
134584133 1 1
134584196 1 1
134584334 0 0
134795806 0 0
1348495794 0 0
1352643777 0 0
1352645441 0 0
1352650583 0 0
1352651775 0 0
1352652515 0 0
1352653643 1 1
1352707313 0 0
1352720175 0 0
1352721151 0 0
1352722517 1 1
1352722901 0 0
1352736403 0 0
1353531966 0 0
1353532716 0 0
1353539408 0 0
1353595900 0 0
1353597418 1 1
1353609768 0 0
1353611158 0 0
1353624098 0 0
1353624448 0 0
1353625508 0 0
1353634228 0 0
1353645046 0 0
1353660398 0 0
13558838993 0 0
1392983428 0 0
14007350970 1 1
140472915 1 1
14082476989 1 1
14082486578 1 1
14082520870 0 0
14082563167 1 1
1408999965 0 0
1411035271 0 0
1411067031 0 0
1411074099 0 0
1411084075 0 0
1411087501 0 0
1411097409 0 0
1411129129 0 0
1411172637 0 0
1411194483 0 0
1411204623 0 0
1411214407 0 0
1411408613 0 0
1411419707 0 0
1411967476 0 0
1411978538 0 0
1411999270 0 0
1412005006 0 0
1412013718 0 0
14120238467 1 1
1412028698 0 0
1412031082 0 0
1412035226 0 0
1412041262 0 0
1412049480 0 0
1412055894 0 0
1412066056 0 0
1412122796 0 0
1412285640 0 0
1412309576 0 0
1418117491 0 0
1418119123 0 0
1418126835 0 0
1419013154 0 0
1424032577 0 0
1424547593 1 1
1424552253 1 1
1424554783 0 0
1424560287 1 1
14246014516 1 1
1424768599 1 1
1424797851 0 0
1425418620 1 1
1425423122 1 1
1425441146 0 0
1425447178 1 1
1425450680 1 1
1425457676 1 1
1425550594 1 1
1425590650 0 0
14268718844 1 1
14268720474 0 0
14268723854 1 1
14269119195 1 1
14269129105 1 1
1428101382 0 0
14287849078 1 1
14393916844 0 0
14459771306 1 1
14466380972 1 1
1447799325 0 0
1447799329 1 1
14489275402 0 0
14516015680 1 1
14558326917 1 1
1465997340 1 1
14696862345 0 0
14700019711 1 1
14720276617 0 0
14721788606 0 0
14737630532 1 1
14742426914 1 1
14742427664 0 0
14759997598 0 0
14814609443 0 0
14862908366 1 1
14875717404 1 1
14882178464 0 0
14882842411 0 0
14883433504 1 1
1492103684 0 0
1492291880 1 1
14974702904 1 1
14986868615 0 0
15030597560 0 0
1504430108 0 0
15050855168 0 0
15084242726 0 0
15093426726 0 0
15104669209 1 1
15145241136 0 0
15146101713 0 0
15165280871 1 1
15172848969 1 1
15173026948 0 0
15175209937 0 0
15184142249 0 0
15193347754 0 0
15208809763 0 0
15216596827 1 1
15255833140 0 0
15255838440 0 0
15255867120 0 0
15255888150 0 0
15255920560 0 0
15255998797 0 0
15262449014 0 0
15262449024 1 1
15265071073 0 0
15265071103 0 0
15265071403 1 1
15276144279 0 0
15276145869 0 0
15276148939 0 0
15276149789 0 0
15276150929 0 0
15276151209 0 0
15276153509 0 0
15276155419 0 0
15276157799 0 0
15276158739 0 0
15276159099 0 0
15276162049 0 0
15276172029 0 0
15276174189 0 0
15276175919 0 0
15276311170 0 0
15276318320 0 0
15276324340 0 0
15276324980 0 0
15276326850 0 0
15276328720 0 0
15276329480 0 0
15276329820 0 0
15276330820 0 0
15276330950 1 1
15276333530 0 0
15276336050 0 0
15276341510 0 0
15276343880 0 0
15276345830 0 0
15276390808 0 0
15276391988 0 0
15276395228 0 0
15276399848 0 0
15276400878 0 0
15276401758 1 1
15276401888 0 0
15276402058 0 0
15276405098 0 0
15276408028 0 0
15276412788 0 0
15276413968 0 0
15276416008 0 0
15276416558 0 0
15276416808 0 0
15276418798 0 0
15276421818 0 0
15276422398 0 0
15276422978 0 0
15276423558 0 0
15276443137 0 0
15276443517 0 0
15276443687 0 0
15276451837 0 0
15276452487 0 0
15276452637 0 0
15276453117 0 0
15276453487 0 0
15276455007 0 0
15276455727 0 0
15276464797 0 0
15276471117 0 0
15276472367 0 0
15276473637 0 0
15276475227 0 0
15276475877 0 0
15276480467 0 0
15301603079 1 1
15308316005 0 0
15310963110 1 1
15311035307 1 1
15374113459 0 0
15384550263 0 0
15394828083 0 0
15414969564 0 0
15418931804 0 0
15419465256 0 0
15419507556 0 0
15439369791 0 0
15439379861 0 0
15439917066 0 0
15439925936 0 0
15439926116 0 0
15439928166 0 0
15439928396 0 0
15439928556 0 0
15439929046 0 0
15439929216 0 0
15439931366 0 0
15439931716 0 0
15439932706 0 0
15439934826 0 0
15439935596 0 0
15439935956 0 0
15439936336 0 0
15439940646 0 0
15439942796 0 0
15439943456 0 0
15439944596 0 0
15439945096 0 0
15439950546 0 0
15439951456 0 0
15439955806 0 0
15439955926 0 0
15439957056 0 0
15442277622 0 0
15442619955 0 0
15448259108 1 1
15459873371 0 0
15459882261 0 0
15459886861 0 0
15459887011 0 0
15459889181 0 0
15459903031 0 0
15459907511 0 0
15459907741 0 0
15459908781 1 1
15459909411 0 0
15462676972 0 0
15462679452 0 0
15462682212 0 0
15462683192 0 0
15462683742 0 0
15462686972 0 0
15462688322 0 0
15462690512 0 0
15462691292 0 0
15462692032 0 0
15462695642 0 0
15462696032 0 0
15462696522 0 0
15462696602 0 0
15462697892 0 0
15462699412 0 0
15462699602 0 0
15462703572 0 0
15462704592 0 0
15462706452 0 0
15462709172 0 0
15463028785 0 0
15463029515 0 0
15463033215 0 0
15463033385 0 0
15463037285 0 0
15463040585 0 0
15463040845 0 0
15463042315 0 0
15463042665 0 0
15463045435 0 0
15463045705 0 0
15463047625 0 0
15463048495 0 0
15463049905 0 0
15463055365 0 0
15463056145 0 0
15463056525 0 0
15463056795 0 0
15463059295 0 0
15467578334 1 1
155395573 1 1
155395742 1 1
155399128 0 0
155399619 1 1
155400289 1 1
155400518 1 1
15571156164 0 0
15571172704 0 0
15628113437 1 1
15631719941 1 1
15631730281 0 0
15642832038 1 1
15697199668 0 0
15697210308 0 0
15697211518 1 1
15697406650 1 1
15697406730 0 0
15698677259 0 0
15698688359 0 0
15698688429 1 1
15698957757 0 0
15724224321 0 0
15730106427 1 1
15773458495 1 1
15779541781 1 1
158206180 0 0
15836185403 0 0
15858896736 0 0
15882728231 1 1
15884063802 0 0
15884718505 1 1
15892366579 1 1
15929753366 0 0
16025106181 0 0
16051009358 1 1
16051143560 0 0
16052642946 1 1
16064093686 0 0
16079216069 0 0
161171920 1 1
16167758666 0 0
16169362120 1 1
16176525567 1 1
16189242092 0 0
162275159 0 0
162276844 1 1
16237706222 1 1
16241192268 1 1
16264386738 0 0
16308298330 0 0
16355841462 0 0
16379911828 0 0
16403555 1 1
16410456831 1 1
16417034011 1 1
164238203 1 1
16437230848 1 1
16518877062 1 1
16663419142 0 0
16766702929 0 0
1681768010 1 1
1681831936 0 0
16zi2TaUVq1UTM 1 1
17339578590 0 0
17658153502 0 0
17721042636 0 0
1789187525 0 0
17943934222 1 1
17943955552 1 1
17943979742 1 1
17947704371 1 1
17947718461 1 1
17947745061 1 1
17vzBsOjkU93UM 1 1
1806102090 0 0
182787470 0 0
182787471 0 0
182790869 1 1
182790873 1 1
182795745 1 1
1859013537 0 0
188076964 1 1
1906594521 0 0
1907434594 1 1
1920567815 0 0
193473925 0 0
1Q9iDKc2jCidHM 0 0
1YfnKapkAm6bpM 0 0
1ZGqTcea90JOBM 1 1
1iaK258XArfAXM 1 1
1z7atj6WKikYNM 1 1
200806222 1 1
200806345 1 1
2026377725 0 0
2026389771 0 0
2029058056 1 1
2049456830 0 0
2063968782 1 1
20750880681 0 0
208261929 0 0
2085194102 1 1
2089820063 1 1
2089820325 0 0
2090605578 0 0
2090605976 0 0
2101909613 0 0
2109950923 1 1
2118969428 1 1
2139046798 0 0
2141947356 1 1
2150794170 1 1
2151486743 1 1
21550176079 0 0
2156711051 0 0
2156714835 0 0
2167395886 0 0
2168423613 0 0
2168425039 0 0
2168427973 0 0
2169219310 0 0
217015508 1 1
2171118551 0 0
2173298104 0 0
2177067629 1 1
21843941546 0 0
2195943893 0 0
2196710666 1 1
2197308575 0 0
2198213498 0 0
2200802861 0 0
2210308641 0 0
2210382597 0 0
2213436470 0 0
2217978148 0 0
2223102251 1 1
2223897364 1 1
2229232551 0 0
2229236531 0 0
2229241927 0 0
2230928361 1 1
2230928503 1 1
2253884193 0 0
2254681776 0 0
2255263987 0 0
2255281921 1 1
2256056634 0 0
2256060790 0 0
2256101359 0 0
2256102025 0 0
2256104293 0 0
2256896336 0 0
2256900046 0 0
2256900744 0 0
2265391058 1 1
22669596743 0 0
22669619453 0 0
2270575218 0 0
2280691502 0 0
2286318849 1 1
2286325489 0 0
2287104646 1 1
2287115738 0 0
2288742633 0 0
228916740 1 1
2296086192 0 0
2302351216 0 0
2318540523 0 0
2320680129 0 0
2320690329 1 1
2321492694 0 0
2321500400 0 0
2322649778 1 1
2325936945 0 0
2326944137 0 0
2326944545 0 0
2329842213 0 0
2330669666 0 0
2330670586 0 0
2330751146 0 0
2339436580 0 0
2339444932 0 0
2349967405 0 0
2350016187 0 0
2350662327 1 1
2350669487 0 0
2350669887 1 1
2350670365 1 1
2351494954 1 1
2383097557 1 1
2385023162 1 1
2385023168 0 0
239307447 1 1
239312376 0 0
2393702671 0 0
2393721455 0 0
2394535020 0 0
2395869711 1 1
2409402050 0 0
2411984776 1 1
2411986458 1 1
2412359384 1 1
2423825342 0 0
2423840816 0 0
2423962866 1 1
242504444 0 0
2432065753 0 0
2432869980 0 0
2435731170 0 0
2438148833 0 0
2438971746 0 0
2438971870 0 0
2439898836 0 0
24422557244 1 1
24525472360 1 1
245563421 1 1
2455915844 1 1
2460826648 1 1
2466133998 0 0
24707829259 0 0
2473310211 0 0
2483835965 1 1
24919375954 0 0
2493409393 1 1
2495069637 1 1
24957348602 0 0
2500674253 1 1
2509971118 1 1
25121665479 1 1
2521966514 1 1
2529856435 1 1
2533774285 1 1
256060907 1 1
2569831943 0 0
26112439366 1 1
2614416129 1 1
2626142228 1 1
2626539352 0 0
2661432926 0 0
266816513 1 1
2670109050 0 0
2685947657 0 0
2685949251 0 0
2687635916 1 1
2715328280 0 0
27230952973 1 1
2729102405 0 0
2729940368 1 1
2732684667 1 1
2732688379 1 1
2733521746 1 1
2736015617 0 0
2736015771 0 0
2742779508 0 0
2766423114 0 0
2772582552 1 1
2772589636 1 1
2789599620 1 1
2789599948 1 1
2789600362 1 1
2789600750 1 1
2800207361 0 0
28018847 0 0
28018948 1 1
2812775336 0 0
2814318331 1 1
282816309 1 1
2832339261 0 0
2833180474 1 1
2837866538 0 0
2842934998 1 1
2847788401 0 0
2848616078 0 0
286356001 0 0
2868886039 1 1
2869713410 1 1
2877599629 0 0
290019565 1 1
2902799784 1 1
2909927721 1 1
2914864596 1 1
2917169862 0 0
2917747474 0 0
2921647056 0 0
2924677343 1 1
2930765795 0 0
2931482372 1 1
2932589106 0 0
2939365382 1 1
2939365394 0 0
2939365402 1 1
2946934885 0 0
2947835573 1 1
2951504726 1 1
2951998685 1 1
2952849458 1 1
2953637729 1 1
2963402397 1 1
2963402401 0 0
2986996200 1 1
2990065277 1 1
2990918800 0 0
2FbocCXGhSiRyM 1 1
2z4-pHDViW0dIM 1 1
3000649082 1 1
3002837603 1 1
3014121320 1 1
3036757544 0 0
304630492 1 1
30507939 0 0
3050881605 1 1
3050881781 0 0
3051719106 1 1
3051720894 0 0
3051721290 0 0
3051722224 0 0
3052952575 1 1
3052952887 0 0
3052953267 1 1
3071398167 0 0
3076110715 1 1
3076942208 1 1
3076942626 1 1
3081763741 1 1
309637115 1 1
3111840436 1 1
3120727309 1 1
3121551466 0 0
3139646177 0 0
3140474172 1 1
314654819 1 1
3153129516 0 0
3161245230 0 0
3168794866 1 1
3168795892 0 0
3186711461 1 1
3187625319 0 0
3189679961 1 1
3194093943 0 0
3194094043 0 0
3194223743 0 0
3194935906 0 0
3205131324 1 1
3215102398 1 1
32167924 1 1
322151111 0 0
322151180 0 0
3223190259 1 1
3223190265 1 1
3225009921 0 0
3225948563 0 0
3229893832 1 1
3229894818 1 1
3232040247 0 0
3232875858 1 1
3232875882 1 1
3256084934 0 0
3266106399 0 0
32775604 1 1
3277880727 1 1
3292118680 1 1
3296540701 1 1
3301333541 0 0
3310208687 0 0
3317587706 1 1
3331899670 0 0
3332806455 0 0
3345646852 0 0
3358788105 0 0
3377942001 0 0
3395759417 0 0
3401784047 0 0
3402586710 0 0
3404004215 1 1
3411210401 0 0
3412018052 0 0
341983685 0 0
342526729 1 1
342526798 1 1
342526902 1 1
342526998 0 0
3430514058 1 1
3431163538 0 0
343329547 0 0
3447212986 1 1
3456972493 1 1
3462547086 1 1
346590088 1 1
346590206 1 1
3475035630 0 0
347556743 0 0
347557092 0 0
347557182 0 0
347557290 0 0
3481128 1 1
3501069874 1 1
3503180792 0 0
3510032735 0 0
3512276911 0 0
3525816988 1 1
3526799784 0 0
3536997347 0 0
3544227789 1 1
3553158993 0 0
3555214359 0 0
3555889913 0 0
3556026330 1 1
3558559365 1 1
3561200747 0 0
3561222267 0 0
3561224823 1 1
3561244621 1 1
3561358289 1 1
3562015718 0 0
3562036652 0 0
3562051370 0 0
3562054630 1 1
3562059970 1 1
3562066250 0 0
3569576113 1 1
3579757023 1 1
3579757713 1 1
3579759225 1 1
3579759509 1 1
3579761061 1 1
3580569052 0 0
3580569512 1 1
3580569908 0 0
3580571386 0 0
3580573136 1 1
3583972086 1 1
360024954 0 0
3603483205 0 0
3604300951 1 1
3640015297 0 0
3640826312 1 1
3640826522 0 0
3642052890 0 0
3642053200 0 0
3642300782 0 0
3642300970 1 1
3651543341 1 1
3652346480 1 1
3658540832 0 0
3665478852 1 1
3665523481 1 1
3665526147 0 0
3665535063 1 1
3666322524 1 1
3666334396 1 1
3666338446 1 1
3667237165 1 1
3670164591 1 1
3670165893 1 1
3670167377 0 0
3670968884 1 1
3670969452 0 0
3670969996 0 0
3670970534 0 0
3670971694 1 1
3728492493 0 0
374684337 1 1
374684409 0 0
3771332829 0 0
3777157798 1 1
3778933535 0 0
3779115201 0 0
3779922698 0 0
3779923618 0 0
3786808101 0 0
3787619866 0 0
3787619956 1 1
38106900 0 0
3831478638 1 1
3843532891 0 0
3844317986 1 1
3846333733 1 1
3860992758 0 0
386142303 1 1
386143169 0 0
3897848102 1 1
3901465558 0 0
3906032281 1 1
392555960 1 1
3927444692 1 1
3933852160 0 0
3937446117 1 1
3937446977 0 0
3937448679 1 1
3938208122 0 0
3938225698 1 1
3972436917 1 1
3972437075 1 1
3972437885 1 1
3972439063 1 1
3981539779 0 0
3981856696 1 1
3981857832 1 1
3982622867 1 1
3983384826 0 0
3991461154 0 0
3Hpyph5gDkG__M 1 1
3I_9qMie9xQfrM 1 1
3V3-dci-4tMIRM 1 1
3WSiQD9XdQ80fM 1 1
3eEGO96yUrJW2M 0 0
3sAHvr3jUWY0-M 1 1
4000268346 1 1
4000268414 1 1
4005001538 1 1
400740932 0 0
403376850 1 1
4047969151 1 1
4047969159 0 0
4051747165 1 1
4052060248 1 1
4065656929 1 1
4072916535 1 1
4073673270 1 1
4073675070 1 1
4073677420 1 1
4087547525 0 0
4090982977 0 0
4090983631 0 0
4090985135 0 0
4091748704 0 0
417931578 0 0
417932974 0 0
4181425067 1 1
419010666 0 0
4200753212 1 1
4208102201 0 0
4209001074 0 0
4223924481 0 0
4224685820 1 1
4240519906 1 1
4278145944 1 1
4278324825 1 1
4278325267 1 1
4313563976 1 1
4321322538 0 0
4335407519 0 0
4341307811 1 1
4341413449 0 0
4351221675 1 1
4352685054 1 1
4352685584 1 1
4359750252 0 0
4371167039 0 0
4371167351 1 1
4371167679 1 1
4371169163 0 0
4372444019 0 0
437789716 0 0
4384482045 0 0
43RCwk-yjdhi3M 1 1
4416768714 0 0
4416768718 0 0
4416814398 0 0
4423781767 0 0
4423781769 1 1
4428756885 1 1
4431738075 1 1
4443805321 0 0
4447092557 0 0
4453774464 1 1
4461400749 0 0
4461400811 1 1
4461401201 1 1
4483607101 0 0
4527690653 0 0
4531873627 1 1
4531874091 1 1
4532684094 1 1
4545594279 0 0
455769558 1 1
455918104 0 0
456622241 1 1
456999813 1 1
4582827313 0 0
4611069712 1 1
4615110345 1 1
4615728144 1 1
4629797792 1 1
4630775 0 0
4651559920 0 0
465580463 1 1
465580567 0 0
465580647 0 0
466952299 1 1
4678866483 1 1
468882370 0 0
4691988188 0 0
4691991066 1 1
4757999 1 1
4759159319 1 1
477860804 1 1
4786301891 1 1
4786943162 1 1
4796190172 0 0
4844151997 1 1
4848083036 1 1
4866790389 0 0
487149488 0 0
4873727111 0 0
4874337184 0 0
4891095891 0 0
48mC-E3rABAtyM 0 0
4900998629 0 0
4900998881 0 0
4901031741 0 0
4901149325 1 1
4901620458 0 0
4901724006 1 1
4901736162 0 0
4902270601 1 1
4939154207 1 1
4952544212 1 1
497199340 1 1
4972330829 0 0
4972947048 0 0
4984722224 1 1
4992148435 1 1
4993738059 1 1
4LHJZ7evxttZoM 1 1
4RXip5lrm_0AJM 1 1
4_SiYY-NWe2W9M 1 1
4_dPsCc5yaJD3M 1 1
4yYk9vy8Tql0xM 1 1
5028373590 1 1
503767770 1 1
5040214218 0 0
5044453182 0 0
5079127626 1 1
5095977037 0 0
5096573580 0 0
5096573606 0 0
5096573752 1 1
50y62n--2i35BM 1 1
5119660419 0 0
5121058021 1 1
5121058657 1 1
5121060129 1 1
5121062479 0 0
5121665236 0 0
5121712272 0 0
5145779547 1 1
5146889354 1 1
5150453477 1 1
5203054733 0 0
5230853218 1 1
5233109632 0 0
5233837989 0 0
5259821457 0 0
5270054485 0 0
5278382286 1 1
5278394088 0 0
5287700431 0 0
5287714391 1 1
5287744849 0 0
5287750343 0 0
5288299536 0 0
5288320774 1 1
5288325604 0 0
5299089429 1 1
52Ab3j_NHLLewM 1 1
5304380165 0 0
5321922764 0 0
5328128343 1 1
5328128565 1 1
5328128705 1 1
5328580547 1 1
5328739836 0 0
5339002153 1 1
5339611200 1 1
5339921892 1 1
536047596 1 1
5373159370 1 1
5382741924 0 0
5382742006 1 1
5409006917 1 1
541499758 1 1
541499760 1 1
541561835 1 1
541616109 1 1
5418457819 0 0
5419067513 1 1
5419099225 0 0
5419663346 1 1
5419667884 1 1
5419694608 1 1
5458335379 0 0
5458939212 1 1
5461683482 1 1
5466422464 1 1
5466437690 0 0
5468156429 1 1
5471841243 1 1
5471841281 0 0
5471841329 1 1
5471841987 1 1
5471842715 0 0
5472433410 1 1
5472433456 0 0
5472433708 0 0
5472434556 1 1
5472435296 1 1
5481673201 1 1
5486841115 1 1
5494896364 1 1
5502196190 1 1
5516469756 1 1
5523816151 0 0
552790051 0 0
554043761 1 1
554054949 1 1
5540776730 0 0
5553151945 1 1
5553735182 1 1
5568264752 0 0
5575505280 1 1
5603117065 0 0
5607156125 0 0
5607168817 1 1
5610562327 0 0
561461913 1 1
5657193009 0 0
5657766716 0 0
5662805990 1 1
5680965507 1 1
5706200166 1 1
5753922448 0 0
5775205655 1 1
5775772666 1 1
5775777132 1 1
5775801476 1 1
5776283103 1 1
5792032573 1 1
5792640546 0 0
5876907459 1 1
5898608848 0 0
5898609846 1 1
5898612408 1 1
5898803949 1 1
5922123252 0 0
5922123434 0 0
59444379 1 1
5990339679 1 1
5990514945 0 0
5990877872 1 1
5P-dKq6IQKWW-M 1 1
5TOv2rp0k6hiNM 1 1
5VS83dwASpTOHM 1 1
5W3rzFzJrFP_OM 1 1
5Yg1n8ypKhQ3qM 1 1
5aKsW7w_2GQsoM 1 1
5gFAuK1kAawLcM 1 1
5kfYPRsdrAyIaM 1 1
5pLPAyTQm7CX8M 1 1
5sdMwKxhxETDIM 1 1
5tmaX8nmh_4znM 1 1
6016156267 1 1
6016759791 1 1
6027359209 0 0
6046852296 1 1
6056980662 0 0
6078821047 1 1
6078837999 0 0
6079192208 0 0
6100452454 0 0
6102408093 0 0
6102760639 1 1
6102955078 0 0
615661972 0 0
6189829540 1 1
6190990551 0 0
6193131249 1 1
6209237095 1 1
6211504533 1 1
6231478591 0 0
6246870264 1 1
6247458816 0 0
6247459090 1 1
6255427594 0 0
6284381401 1 1
6296857329 1 1
6297385370 1 1
6310258192 1 1
6310677311 1 1
6312047264 0 0
6312293030 0 0
6354989601 1 1
6354989957 0 0
6354990419 0 0
6354990687 0 0
6354991129 0 0
6354992505 1 1
6354992715 1 1
6354994007 0 0
6354994185 0 0
6354994649 0 0
6354995767 0 0
6364481083 1 1
6364481165 1 1
6375296079 1 1
6375296853 1 1
6375297747 1 1
6387751059 0 0
639357990 0 0
6448452597 0 0
6448453111 1 1
6448453639 1 1
6448454351 1 1
6490579271 0 0
6534475005 1 1
6534475547 1 1
6534476015 1 1
6534476543 0 0
6534477593 1 1
6534478231 0 0
6534479197 1 1
6534479657 1 1
6534480155 1 1
6577394813 0 0
6577415307 0 0
6577451891 0 0
6577480105 0 0
6587342489 1 1
66028349 1 1
66028403 0 0
66028695 1 1
66028832 0 0
6602908541 1 1
663570467 0 0
663570507 0 0
663570511 0 0
6657689521 0 0
6657923287 0 0
6703331017 0 0
6716679791 1 1
6716680401 0 0
6766029721 1 1
6766043865 0 0
676718166 1 1
6774454289 0 0
6781122788 1 1
6794307571 0 0
6794359545 0 0
6795026359 1 1
6795026505 1 1
6800494238 1 1
6834540730 1 1
6851234800 0 0
6852114282 1 1
6856270219 0 0
6864349002 1 1
6867293676 1 1
6877210738 0 0
6898224258 1 1
6906445076 1 1
6906447776 1 1
6910587907 0 0
6918519370 0 0
6918528954 0 0
6938577310 1 1
6946602899 0 0
6955812430 1 1
6955818130 0 0
6955819106 1 1
6971913997 0 0
6988668246 0 0
6YfuWfm2MLbP3M 1 1
6jMyw1fFk_0dyM 0 0
7-pqlxEJ4IR18M 0 0
7004289446 1 1
7004921288 1 1
7004921652 1 1
70286352 1 1
7052535487 0 0
7052538633 1 1
7061636039 1 1
7064608691 0 0
7077027743 0 0
7079820003 0 0
7101884297 1 1
7134752419 0 0
7151011085 0 0
71531390 1 1
7230945706 1 1
7230946308 1 1
7230947402 1 1
7230947958 1 1
7230948464 0 0
7230949864 1 1
7230951352 0 0
7230952464 0 0
7230952898 1 1
7230953284 0 0
7230953832 1 1
7230955670 1 1
7230956184 1 1
7230956706 1 1
7230958004 1 1
7276280932 1 1
7294024882 1 1
7310768626 0 0
7326138348 1 1
7433959226 1 1
7567363048 0 0
7567364270 0 0
7567365552 0 0
7567367904 0 0
7567369006 0 0
7567371594 0 0
7567373202 0 0
7567377270 0 0
7567378796 0 0
763631069 0 0
764490302 0 0
767481770 0 0
7777709972 0 0
7777710596 0 0
7777711216 0 0
7777711824 0 0
778540681 0 0
7818106976 1 1
7825606142 1 1
7837623210 1 1
7966039316 0 0
7985591781 1 1
7985593355 0 0
7985593731 0 0
7985601226 1 1
7985602184 1 1
7985617163 1 1
7985622009 1 1
7985626742 1 1
7985628562 1 1
7985630434 1 1
7992310761 0 0
7aE3yTEoMDHacM 1 1
7tros2RArdHO-M 1 1
7u2w_s6YIy2ypM 1 1
8009819447 0 0
8009820337 1 1
8009824931 1 1
8009825361 1 1
8009825773 1 1
8009827564 1 1
8009831684 1 1
8009833854 0 0
8036594417 0 0
8043913947 1 1
8045196163 0 0
8054572431 0 0
8116098307 1 1
8116107386 0 0
8116109834 1 1
8121273987 0 0
812i3QUxQZ4ULM 1 1
8138111121 1 1
8182971026 1 1
8203590741 0 0
8211775180 1 1
8241846087 0 0
8242849938 0 0
8242851876 0 0
8242859048 0 0
8242918202 0 0
8242924586 0 0
8254942394 0 0
8272720344 0 0
82865 0 0
82867 0 0
8299702944 0 0
8326928105 0 0
8333753073 1 1
835RXz7Mfxvi9M 1 1
83eOeGLuo4q9aM 1 1
84035796 0 0
84035798 0 0
8413804142 1 1
8428532341 1 1
8428533711 0 0
8429603714 1 1
8429604140 1 1
8429617218 0 0
8429625550 0 0
8429627976 1 1
8429650266 0 0
8429651136 1 1
8429661242 1 1
8432206833 1 1
8432209447 1 1
8432209749 1 1
8433290970 0 0
8468357969 0 0
8475046853 1 1
8478410729 1 1
8478431225 1 1
8520884341 0 0
8522904154 1 1
853618851 1 1
8552147744 0 0
8562909117 1 1
8562909327 1 1
8562909595 1 1
8562909991 1 1
8564014114 1 1
8591470161 0 0
8591472079 1 1
8591473507 0 0
8591473769 0 0
8591474479 1 1
8591475869 1 1
8591477659 1 1
8591477931 1 1
8592570404 0 0
8592570832 1 1
8592571074 1 1
8592571310 0 0
8592571718 0 0
8592573214 1 1
8592575904 1 1
8592576960 1 1
85mNtN3QupAYbM 1 1
8625406121 0 0
86589175 1 1
86590967 0 0
86591710 1 1
8659286161 0 0
8664855966 1 1
8693705831 1 1
8732187960 1 1
87502553 0 0
87503114 1 1
876260770 1 1
8763653301 0 0
8783311711 0 0
8816912964 1 1
8875612341 1 1
8953992129 0 0
8954012545 0 0
8954036509 0 0
8F9jZsel7P25YM 0 0
8OOYb74kUfKGWM 1 1
8Xp64bDZBQ8_TM 1 1
8jcJFeGpUDlLsM 1 1
8lhKoQ1YFcehZM 1 1
9028603695 1 1
9030830226 1 1
9030858682 1 1
9060180071 0 0
9088129316 1 1
930769769 0 0
9342288970 0 0
9356467418 1 1
943844829 1 1
9465963267 1 1
9470028117 0 0
95EFNnFIU8vRJM 1 1
9933423503 1 1
9TGYfSE_LwhieM 1 1
9tZbpK-1WDpb_M 1 1
9vIp_uMUKqgXsM 1 1
AM1_rZy1zEwumM 1 1
AQa3i9dhk_fzGM 1 1
BKMsK-LzhOlPkM 1 1
BKP5HlgzRUbhyM 1 1
BdW75YQBcQZKNM 1 1
BopvQ2xh5YHhKM 0 0
Bt4m3Y5dByiodM 1 1
C3AC6FBmbnY2iM 0 0
CHd7gShwdTQvsM 1 1
CORVixB2EKlcsM 1 1
CSpbtzzPd1sYCM 0 0
CV5Wew2biWfa2M 0 0
CZJziKeRWO2EZM 1 1
CaPSRM-Bz0TaIM 1 1
CaoPSHu7gnb-LM 0 0
CjN-UhAZBc9gtM 1 1
DOqm9cZMjpLjwM 1 1
DW8B_nsw5GWSxM 1 1
Dbs8Ydm4OYPQ4M 1 1
DuthTzhMcqskQM 1 1
DvXlWSeiIwzuAM 1 1
E0pTjvU5v70LQM 1 1
E2k8R4-QR3fmyM 1 1
ENyBURkP4Hpp-M 1 1
E_HdtVYJCL2R8M 0 0
EsTzHrpqCodQNM 1 1
F5nD9FEQN6Cz3M 0 0
F74Fap0R-VR3kM 1 1
FITZIpjPu8jvoM 1 1
FJ8TR4deUKzRKM 0 0
FKbbcHuNOaqM8M 1 1
FVX5GAAIySwkaM 1 1
FgFh8o5VFVbt8M 1 1
FkXLygq17ZU7rM 1 1
GkkRzrLZ5RpdRM 1 1
GrR8elFDSJt-FM 1 1
HENEhpjwsERxcM 1 1
HhjfazlD6FcRZM 1 1
Hk2LQpbTh9eFCM 1 1
IKWK7JEFD0w1AM 1 1
I_tB_NoqqjYTGM 1 1
IbzEGOEKdONxTM 1 1
IhdduuEnJjC5uM 1 1
IoskptlT-zclSM 1 1
Iy7ooqvO26C64M 1 1
JBlKRnn-TPVaVM 0 0
JHJW0GxjF4UIRM 0 0
JIuGrmcAQTSFEM 1 1
JLnZIhPaQk-tDM 1 1
JYDHvxHJDjD8xM 1 1
JkAxJ6MgP4mKzM 1 1
JuKya8ATmMXNXM 1 1
KAGTRNyjev4cGM 1 1
KBOA1v8UB8hRGM 1 1
KC52evFIN6OZvM 1 1
KMVd7s5nUVXrGM 0 0
KRzyA8fDQwte1M 1 1
KTyPYuucfdYxFM 1 1
Kze5F8ycP-VgWM 1 1
LFchqG_c6-WIxM 1 1
LP6v-Nm9kIPLOM 0 0
LS_D1FDRy1N0eM 1 1
LXS6DMeKhIPVcM 1 1
LlG8vCikPViGEM 1 1
LmgOQQthXqR07M 0 0
LurvKngq3LpkUM 1 1
M39LlcZOjFwz-M 1 1
M4migC1JTa3w7M 0 0
MP6EzWNvogB0XM 1 1
MUFlUTg02IS1oM 0 0
MdEp6gwRyZHcuM 1 1
MmMmjWHgyze_OM 1 1
N50uz3LlHHp2zM 1 1
N76BiaWVyH7a3M 1 1
N92GhdSMaFAMhM 1 1
NE8udNFwzjYEfM 1 1
NKpk-XoBey1QfM 1 1
NdpRGrz817QOiM 1 1
NnJ8wcEd_9V1eM 1 1
NoN11436_tAxfM 1 1
NtjijzF1dkiSaM 1 1
NxUa5VNiHjlhqM 0 0
O09rJdGkgsECDM 1 1
OA5K3fS3pWsiDM 1 1
OUBaMIM8c-WSqM 0 0
Oko6dFeGO8NteM 1 1
Ou-GPbWDHboV6M 1 1
OxBcCAPwMCFVyM 1 1
PG6RSH3Vp0Z2tM 1 1
POWNin9tRUmKSM 1 1
PQwGCsxWOnvMKM 1 1
PVHXserviiiLJM 1 1
PXRfM6zOLWji4M 1 1
Q9SlH1jZKhaVBM 0 0
QCo9oJqE4mQEaM 1 1
QPXByFxjVpGKzM 1 1
QSxJxl7tIJN3lM 1 1
QWorPjoMmQrIUM 1 1
Qa5uuw7JWll6hM 1 1
QkomPJop3YYi2M 1 1
R2oCitnKQu3fxM 1 1
R4bcY_8Ph2nigM 1 1
RABeuk-PFl1CaM 0 0
RP02cqIRygcbmM 1 1
S1jgxjjFs94hhM 1 1
S5uVx3-cOyub6M 1 1
S9cCtl16tfCg6M 1 1
SXcImI1Q8c48cM 0 0
SYtU1SVYpoCfhM 0 0
SaJsl_65votkBM 1 1
T-427QIciifwOM 1 1
Tdp54aGRfMXobM 0 0
TlAB3-UgsMMbbM 1 1
TpfqMGzqhBZNWM 0 0
U46d5uRAdohdoM 1 1
UDrbcijyqiQInM 0 0
UOLoE1U3Jw3LyM 1 1
UYImX8IAAnm2pM 0 0
UpMbPUsRvCe_mM 1 1
V4IWWUP32ODbzM 1 1
Vat6JYNWJ6CKeM 0 0
VdypOcLg3FjjXM 1 1
Ve9-Lyo7Iwwj9M 1 1
WHHoPZFPtR-VHM 1 1
WLedj2U0zX1scM 1 1
WNxWSWbTRIQtwM 1 1
WPDztAZtajnGEM 1 1
WVYDTfHTGhyw1M 1 1
WZIXXLY_EmzrnM 1 1
WmbFBGFQYlCdYM 0 0
Wu7RDxSdhGsaFM 1 1
X8ATgvHPtD8IsM 1 1
XTsYEnMV8N7H4M 1 1
Xo_AO6rmxyPycM 1 1
XzQnp2WsuUqldM 1 1
Y3_3b0Afg7JWvM 1 1
Y8h_0-N1iX13EM 1 1
YAVI8XwoUV0EgM 1 1
YOy8zz72SpSpQM 0 0
Ykl3_VVnHNVdBM 0 0
YksQ33UoxZrDJM 0 0
Yy1diFtD2da9MM 0 0
Z5NabBt8n9G4UM 1 1
ZADa6olwxlbwzM 1 1
ZLA4hgLyrjvx_M 1 1
ZLhbuuQmUEeKYM 0 0
ZSbUHZFaWdt4uM 1 1
Ze0nKDhVTpM1AM 1 1
_3Z1vi1GZJzCEM 1 1
_DO6bLeeuWtJqM 1 1
_GiGiQJs5wyegM 0 0
_fV7FN_dbHk0RM 0 0
aB0ZgTS4cts2_M 1 1
aX4jw3qaRhR3MM 1 1
alrfVIFsOigPSM 1 1
alt5h9MaBjTH8M 1 1
bCj6TzkoD02hAM 1 1
bJHu3EHyTl2M4M 0 0
bKY68SZR0zCiNM 0 0
bWdPR2ku63ChfM 1 1
bwuiZ8m-gz6G7M 0 0
byrT2LgnJUAglM 1 1
c1IjFN22ZFXopM 1 1
c5ZTUFp5n1vk5M 0 0
c8JQYAISsQiRuM 1 1
cNRyKnEQH-ptBM 1 1
cXhZZFIzE4JorM 1 1
cc8f-W6RiVqI_M 1 1
cp2JLb7XAAhEbM 0 0
crxXFDKbNfMjwM 1 1
cuo9OFmTS9dclM 1 1
cz-iD59_feAyrM 1 1
d0_teDJXfGzVDM 1 1
d8CZJG5m3ipfqM 0 0
dC3kFDgVLQCELM 0 0
dFhHTDFHWf9arM 1 1
davCoJlI8RneWM 0 0
dfDRvBlDY6PfrM 1 1
dlcXmo0mndxwNM 1 1
eEujQgvytQBk-M 1 1
eRAs9zMTNLdTQM 1 1
eT8uPnrEsDCc9M 1 1
eVfzhpYzFVYItM 1 1
eaGPB-gNFRwKtM 0 0
enTPvRmDfmDTKM 1 1
fLjQGpfmQ6R54M 1 1
fMi5alO4ayz8NM 1 1
fPYa3fKh4lJ32M 1 1
fl8AT3xX4nHhNM 1 1
g7iAaZwBTSPT8M 0 0
h-xewWZyWSzncM 1 1
hG1C9JBfJqZxYM 0 0
hJSf7wbttB-oiM 1 1
hTXcRwQZ-uimgM 1 1
haGqVmkPwE-HtM 1 1
hcERNq0lazFT4M 1 1
hitRh1YX92t30M 1 1
i6tvsZAsDA95OM 1 1
iMSzqBRoRFBqVM 0 0
iWfMMlXOO9kqQM 1 1
ib3IBn7e4RjffM 1 1
jMXcvDzy6DCFuM 1 1
jrQ5_AutUxzu-M 1 1
jzliX2pQA02FeM 0 0
k6z1B8RRK2GImM 1 1
kiv_8QxJo5HDAM 1 1
l1IZdG0vYBOCGM 1 1
l5wWOFWSiT5cCM 0 0
lU6PrKEUYJXaYM 0 0
lfq678uJ8P4VYM 1 1
mHSlriOiTTVSTM 1 1
mK4k28f0hfT_dM 1 1
mPChUD0OfDF5nM 1 1
mSJ2fMoI-8XfkM 1 1
mTmbVd856go2XM 1 1
mXA55iKDH0-cWM 1 1
n2MkRDU--V52RM 1 1
n7eNL0k9c1cp8M 1 1
nGQt0khtSiOy-M 1 1
nXAYuA0c8Sl4_M 1 1
o-nh0wu87rSmMM 1 1
oBKw78fmgXRXbM 1 1
oEU8a23YEC_g2M 1 1
oFxj2PtPQwh6wM 1 1
ofDUY5tTvEhTiM 1 1
ojfLAMeFHvGxQM 1 1
p210WVEpwI1DkM 1 1
p36bv-a1Sb6SyM 1 1
p7xkmiQbGBL-LM 1 1
pFIG2QMlAAagqM 1 1
pH7mWtLwg6ESdM 1 1
pTAhqOJtOdBeJM 1 1
pY2eBUQe-f6HaM 1 1
pm6_Pm7kgnv0zM 0 0
pnawuoHuw6xVjM 1 1
pzY-iGrRIV_TMM 1 1
q3nGhqsU_Sw6xM 1 1
qLxpPLzksWLNBM 1 1
qRDnPgCz7imhtM 1 1
qZy0tIMM709waM 1 1
qcL3_CNB-QqFdM 1 1
qp0-TGbfD738sM 0 0
r-sv2epaqijBQM 1 1
rJgf-lZz9ncSZM 1 1
rLukTSiS-MfZoM 1 1
re85_vrHRD0r6M 1 1
riVMJykGr1llXM 0 0
sCMziohBDP8GFM 0 0
sE3_JBMZqUX0NM 1 1
sLRbaxD2mBZiPM 1 1
sXEhWB-_LaOjNM 1 1
sfz4x_8o_oVJlM 1 1
t-ncJ4iXcdmTgM 0 0
tHVnvonYL-V09M 0 0
tRXi9TuPT_oilM 1 1
tb7bUW4CVoRXaM 1 1
terLH0eRDGs0DM 1 1
topVbtLWHQEtMM 1 1
twDGoxC1quDK9M 0 0
uSKZ-LSFMIOl3M 1 1
unhnHOwfwJjw4M 1 1
uq3QA4HVtOpekM 1 1
v0ozov3TmwXrPM 0 0
v34i3W8S680YfM 1 1
vF3Ad4Hr-2MHoM 1 1
vN16Wb0Ll1jt1M 1 1
vOxL9UuKOm2H_M 1 1
vQknFwhvOq-p3M 1 1
vcF5Hm8w6hRA-M 1 1
vpUX6ZiJuIGIdM 0 0
vs_QP5oSEiTnxM 0 0
wKuGJ1GAQXlXdM 1 1
wnTu5V3HlCbkcM 0 0
wolWi2i-VSmolM 1 1
wsSZUTn5v5bc-M 0 0
wsujAV7ih2a5TM 1 1
x0Y2TdXAREBhiM 1 1
xL1WNa-5Vl9qbM 1 1
xM01fb4ApM_qfM 0 0
xWmsP1eX_B7D3M 0 0
yAiCry37ofbHqM 1 1
yBfPwrhzc8vNbM 1 1
yOzrmTE3IjgxeM 1 1
yPmVQip57nqYuM 1 1
ySO0_Cykoy7zVM 1 1
zMui3GHJCagHdM 1 1
zVVBCnTi8PkJRM 1 1
zfcVCMRyjWCQ7M 1 1
zh-wI3a2vzS2vM 0 0
zhSFWFaZCAwU2M 1 1
zxnCGz3Ucx9CyM 1 1
