-921TUHAVS1bfM 1 1
-Ux7rcrilq7frM 0 0
-jY-Au5l_4LU0M 0 0
0ELKAcp70L0BhM 1 1
0H4Q9LeSPdZLzM 0 0
0SJc_2KJoVlPDM 0 0
0jDZdYgvJY6n5M 1 1
0qRbLVsrErDBEM 1 1
1-clnPWHooOkfM 1 1
1010369857 0 0
1010369905 1 1
1010370309 0 0
1014192134 1 1
10327671345 1 1
10364692774 1 1
10384958335 0 0
10384989905 0 0
10384993756 1 1
10502359583 0 0
10906398483 1 1
1115870029 1 1
1115871947 0 0
1116707592 1 1
1116710736 0 0
11182102475 0 0
11182133184 1 1
11182249463 1 1
11182263113 1 1
1123052078 0 0
11550621554 0 0
11550624094 1 1
11550718376 0 0
11550725433 0 0
11550726636 1 1
11550728116 0 0
11550741943 0 0
11572481205 1 1
11738416015 1 1
11738509215 1 1
11738533335 1 1
11738557115 0 0
11739181736 1 1
11739282046 1 1
118207760 0 0
11881590433 0 0
11935810484 0 0
12076556013 1 1
12076648434 0 0
12076651574 1 1
12076888166 0 0
12076888916 1 1
12076890716 0 0
122245689 1 1
122245690 0 0
12280396915 1 1
123280881 1 1
124833189 1 1
125226256 0 0
12686914044 0 0
12726659455 0 0
12726665475 1 1
12744814403 1 1
127613635 0 0
127790933 0 0
128207417 0 0
13060074103 0 0
13060267524 0 0
1325884469 0 0
1325885903 1 1
132689885 0 0
1333784030 0 0
135394318 1 1
135434873 1 1
1355268313 0 0
1356159922 0 0
135881300 1 1
135881302 0 0
136217941 0 0
136222360 0 0
136222361 1 1
136226184 1 1
136226187 1 1
136226190 0 0
1376942287 1 1
13888383 1 1
13988159652 1 1
1399541533 0 0
1399545507 0 0
1399549225 1 1
1400425890 1 1
14032021142 0 0
140503609 0 0
140503610 0 0
1405180004 1 1
1415437596 0 0
14173430184 0 0
14193497773 1 1
14211462199 1 1
14241983159 0 0
14268457380 0 0
14405510706 0 0
1466008096 1 1
1466008536 1 1
146917986 1 1
1492611881 1 1
149855926 0 0
14997493407 0 0
15116672699 1 1
15116728939 0 0
15116730119 1 1
15116732719 1 1
15116740439 1 1
15116754169 1 1
15116754859 0 0
15116762759 0 0
15116763769 1 1
15116770369 0 0
15116774079 1 1
15116775739 0 0
15116778929 1 1
15116785449 1 1
15116788480 0 0
15116789549 1 1
15116796940 1 1
15116805050 1 1
15116808620 1 1
15116819870 1 1
15116822270 1 1
15116849800 1 1
15116861180 1 1
15116865660 1 1
15116915018 1 1
15116920458 1 1
15116941857 0 0
15116945187 1 1
15116947407 1 1
15116951578 1 1
15116952158 0 0
15116954337 1 1
15116960177 1 1
15116965887 1 1
15116975118 1 1
15116981548 1 1
15116989747 1 1
15116991037 1 1
15117002557 1 1
15117003037 1 1
15117008377 1 1
15117010817 1 1
15117014437 1 1
15117014907 1 1
151172166 1 1
15280447976 0 0
15280451666 1 1
15280457296 1 1
15280464076 1 1
15280466806 1 1
15280481956 1 1
15280500596 1 1
15280504336 1 1
15280515496 1 1
15300363841 1 1
15300369381 1 1
15300369881 1 1
15300376081 1 1
15300376441 1 1
15300380391 1 1
15300417521 1 1
15300421341 1 1
15300424411 1 1
15300429361 1 1
15303138862 1 1
15303142432 1 1
15303149382 1 1
15303152012 1 1
15303154302 1 1
15303156672 0 0
15303158062 1 1
15303171072 1 1
15303175282 1 1
15303182852 1 1
15303190362 1 1
15303196052 1 1
15303197632 1 1
15303501185 1 1
15303526385 1 1
15303555165 1 1
15303556595 1 1
15341041739 1 1
1565648284 1 1
157230435 0 0
157230438 0 0
157287875 1 1
15762608814 0 0
15762623234 0 0
15762674314 0 0
15765064223 0 0
15765102913 1 1
15765108563 1 1
1578823387 1 1
157968166 0 0
1579717508 1 1
1582794329 0 0
158695220 1 1
15911861000 0 0
16022220 0 0
16104782702 1 1
16106204064 0 0
16197416748 1 1
16197421318 1 1
16197426458 0 0
16197436628 1 1
16197439348 1 1
16197460408 1 1
16197506328 0 0
16197627540 0 0
16197639770 1 1
16197644570 1 1
16197672010 1 1
16197700600 0 0
16197703070 1 1
16197739620 1 1
16198819439 1 1
16198873969 0 0
16198919539 0 0
16199124947 1 1
16199215097 1 1
16199231107 1 1
16359080116 1 1
16359131976 1 1
16359137096 1 1
16359149926 1 1
16377688151 0 0
16383335451 0 0
16383340591 1 1
16383357551 1 1
16383365661 1 1
16384164512 1 1
16384187562 1 1
16385105445 0 0
16385132035 0 0
16385147795 1 1
163984397 0 0
163984429 1 1
16411540397 0 0
16505514883 1 1
16533816959 0 0
16602675482 0 0
16602676072 0 0
16616355324 1 1
16664452741 1 1
167121601 0 0
167121806 1 1
167121995 1 1
16734902 1 1
16782170279 1 1
16796677351 1 1
17031350307 1 1
17051239100 0 0
17125022761 1 1
17186946325 0 0
17188563277 0 0
17212817636 0 0
17212824046 1 1
17237067062 0 0
1796108306 0 0
1804929033 0 0
1806595678 0 0
182445503 1 1
182445506 1 1
182463951 0 0
182855727 1 1
1846683261 1 1
184795443 1 1
185328767 0 0
185328768 0 0
185328769 1 1
185328770 0 0
1865130731 0 0
1881921474 0 0
1961593325 0 0
19636653121 0 0
19880204454 1 1
1DDlzCzvmgyGHM 1 1
1LFTz2ggzTsjZM 0 0
1LTIaV8FWI0aVM 0 0
1MUdTD-0bqGZnM 1 1
1SS8eauAdvS1KM 1 1
1r3Oi0zjBCVR8M 0 0
20247151710 0 0
20314335938 1 1
20314366700 0 0
20314514778 1 1
20314824640 1 1
203514085 1 1
203514089 0 0
2046018635 0 0
2046809790 0 0
20476544286 1 1
20493613942 1 1
20493873652 1 1
2050027813 0 0
20502748985 1 1
20506059731 1 1
20508918481 1 1
20512073141 0 0
2055779021 0 0
2055786283 1 1
2069413773 1 1
2070208590 1 1
2070208702 1 1
2070209138 0 0
2079851869 1 1
2080627565 0 0
2080637936 1 1
2082425710 1 1
2082663277 0 0
208651069 0 0
208651112 0 0
2088259170 0 0
2093557553 0 0
2093557647 0 0
2121806233 0 0
2121812443 0 0
2122587946 0 0
2139039741 0 0
2139040013 1 1
213919565 0 0
2144720663 1 1
2150492 1 1
2150514 1 1
2159536650 0 0
2164068292 1 1
21792519254 0 0
2181258010 1 1
2196226089 1 1
2212693081 1 1
2212693733 0 0
2212837261 0 0
2214284353 1 1
2214727474 0 0
2215654318 1 1
2216360814 0 0
2216377028 1 1
2216381354 1 1
2216807608 1 1
2220022305 0 0
2228805582 0 0
2234445634 0 0
2237129725 0 0
2240891914 0 0
2241262759 1 1
224760817 1 1
2270455387 1 1
2282945518 1 1
2287392227 0 0
2292443920 0 0
23018147096 1 1
2307109253 0 0
2307914660 1 1
2318331831 0 0
2321046391 1 1
2321047809 0 0
2321054403 0 0
2321060419 0 0
2321071817 0 0
2321101897 1 1
2321104495 1 1
2321853910 1 1
2321858996 1 1
2321863812 0 0
2321866694 1 1
2321873250 1 1
2321881700 0 0
2321914566 0 0
2323882557 0 0
2326718509 1 1
2342914364 1 1
2343335764 0 0
2343336344 0 0
2358005156 1 1
23647102001 1 1
23730706303 1 1
23859291864 0 0
23881304741 0 0
23919308839 0 0
2394009314 0 0
2397607364 1 1
24000642826 0 0
24021752502 1 1
2405743389 0 0
2406577822 1 1
2415605748 0 0
24205158 1 1
24234228345 0 0
24285943390 0 0
24299919 1 1
24299924 0 0
24317996259 0 0
2435181201 1 1
2435181863 1 1
2435182451 0 0
2435186167 1 1
2435198465 0 0
2435199027 1 1
2435215945 1 1
2435733385 0 0
2435998546 1 1
2436015536 0 0
2436017022 0 0
2436017188 0 0
2436030494 0 0
2436119534 0 0
2436552004 0 0
2436552120 0 0
2436561956 0 0
2436562176 0 0
2439272436 0 0
24489695889 0 0
24510465043 0 0
2453974136 1 1
2455808535 0 0
2457252259 0 0
2457253561 0 0
2458085170 0 0
2458086322 0 0
2464002111 1 1
2472532729 0 0
2484414871 0 0
2497095743 1 1
2502499215 1 1
2505672269 1 1
2505675091 1 1
2505677665 1 1
2509085799 0 0
2513919771 0 0
2546114417 1 1
2546115039 1 1
2546115341 0 0
2546116969 1 1
2546117533 0 0
2546118253 1 1
2546118767 0 0
2546119003 0 0
2546119731 0 0
2546936092 0 0
2546936748 0 0
2546937660 0 0
2546938534 0 0
2546939080 0 0
2546939754 0 0
2546940224 1 1
2546940394 1 1
2546940912 1 1
2546941144 0 0
2546941592 1 1
2546941794 1 1
2554975663 1 1
2555808878 0 0
2560413837 1 1
2561239212 1 1
2567246259 0 0
2567248681 1 1
2567250091 0 0
2567250917 1 1
2567251703 1 1
2568069504 0 0
2587485027 0 0
2589762584 0 0
2592988752 1 1
25933158265 0 0
2619608761 1 1
2619614775 0 0
2619625667 1 1
2620435030 0 0
2620436686 1 1
2620443398 1 1
2620446560 1 1
2620447704 1 1
2620531516 1 1
2624139567 0 0
262535206 1 1
263009540 0 0
263055812 1 1
263055835 1 1
263055858 0 0
263055885 1 1
263055958 1 1
2650227041 1 1
2651088492 1 1
2660132779 1 1
26710083250 0 0
268154812 0 0
2682664350 0 0
27007667086 0 0
27110702730 0 0
2711088848 1 1
2712760151 1 1
2713571580 0 0
2713571774 1 1
2713571956 0 0
2713573202 1 1
272701377 0 0
2729219847 0 0
2730029050 0 0
2730037810 0 0
2730044666 0 0
2730300771 1 1
2730302999 1 1
2731133596 1 1
2731133976 1 1
27376665752 0 0
27416222 1 1
27416234 1 1
27416245 0 0
27416261 0 0
27441660506 0 0
2750687557 0 0
27597397 1 1
277207135 1 1
277299673 1 1
2773415508 1 1
279140516 1 1
2800105810 0 0
2816124536 1 1
284584105 1 1
287236613 0 0
2884700929 1 1
2884701281 1 1
2884702245 1 1
2884702767 0 0
2884703851 0 0
290451506 0 0
2920160201 0 0
2933636993 0 0
294349423 1 1
2953965600 1 1
2954986956 0 0
296346430 1 1
2971892071 0 0
2975002302 1 1
2986285305 0 0
2991571417 0 0
299723824 1 1
2999681760 1 1
2H3PifJJQlam6M 0 0
2NRkxmWTvJ5kHM 1 1
2ULX5qxbaKvLVM 0 0
2YZjWeGfGZlD2M 1 1
2_XD7ndJTA0iXM 1 1
2gnR0uHsgolpvM 1 1
2ldlT_y3qxPpvM 1 1
3032333330 0 0
3039928661 0 0
308723875 0 0
309772534 0 0
3104373957 0 0
3104818007 0 0
3107066738 0 0
3117306295 0 0
312116537 0 0
312116602 0 0
312116665 0 0
312116740 1 1
312116852 1 1
312128107 1 1
3121381328 1 1
3121848351 0 0
3121848481 1 1
3121848577 1 1
312211555 0 0
3122673998 0 0
3123711804 0 0
3132852293 1 1
3134785252 1 1
313625178 1 1
31415434 0 0
3144933912 0 0
3163313861 1 1
3163313871 1 1
3163313873 1 1
3163313877 1 1
3163313895 1 1
3163456649 1 1
3168437996 1 1
3181187639 1 1
3190331796 0 0
3194687311 0 0
3196795272 0 0
3206577841 0 0
3206620173 0 0
3207292658 1 1
3207304520 0 0
3231232985 0 0
3233347470 1 1
3235526812 0 0
3246865519 1 1
3246867021 0 0
3246868017 1 1
3246868263 1 1
3247695666 1 1
3247695980 0 0
3247696148 0 0
325155096 0 0
325155698 0 0
325156307 0 0
325156938 0 0
325637079 0 0
3281977349 0 0
3281979429 0 0
3288620757 0 0
3289437518 0 0
330401337 0 0
330401357 0 0
330401436 1 1
330401465 1 1
330401506 0 0
330401526 1 1
330401537 0 0
330401555 0 0
330402045 1 1
330402065 0 0
330402096 0 0
330430245 0 0
330430274 1 1
3307288959 0 0
3307290957 0 0
3308118268 0 0
331486917 0 0
3316483005 0 0
3318104208 1 1
3321881513 0 0
3328174042 1 1
3333495365 1 1
3356845641 1 1
3357664662 1 1
336558213 0 0
3373525332 1 1
3373568529 1 1
3380234390 0 0
3381688141 0 0
3384839404 0 0
3385611669 0 0
3386443596 0 0
338995883 1 1
3395195438 0 0
339719092 0 0
339719983 0 0
339720911 0 0
339731507 0 0
3416975664 1 1
3430577631 0 0
3431230953 1 1
3439876263 0 0
3439877357 1 1
3440690656 1 1
3440691664 1 1
3453397390 0 0
3454878943 1 1
346108099 1 1
3479212231 1 1
3480020510 1 1
3498797377 1 1
3505089784 0 0
351985113 0 0
3548911332 0 0
3550162543 1 1
3552673957 0 0
3563794872 0 0
360552318 0 0
3611436933 0 0
3611493999 1 1
3612307866 1 1
361480035 1 1
361480057 1 1
361480075 1 1
3615648844 1 1
3616915078 0 0
363115997 0 0
3633300 1 1
3634413524 0 0
364130754 0 0
364131485 0 0
364132168 0 0
366879742 0 0
3685633263 1 1
3685634201 1 1
3685635135 1 1
3686440560 1 1
36o6Ezv39-UoqM 0 0
3700843397 0 0
372401143 0 0
372401158 1 1
3725821285 1 1
372641289 1 1
3726628042 0 0
373977716 0 0
373977717 0 0
3754315451 0 0
3771364114 0 0
3791536650 1 1
379433742 0 0
3816953902 0 0
382002234 0 0
382003198 1 1
383537187 1 1
3835782 1 1
3880194585 1 1
3880194997 1 1
3880990972 1 1
389394090 1 1
3906531061 1 1
392528618 0 0
392531421 1 1
392552699 1 1
392552717 0 0
392552755 1 1
3942958048 1 1
3958621 1 1
3965952373 1 1
3966731582 0 0
3966732246 1 1
397902036 1 1
397902048 0 0
397902057 0 0
398106145 1 1
3982118673 0 0
3982228661 0 0
3987584939 0 0
3988339306 1 1
3996139607 0 0
3EWhyakivWhoxM 1 1
3IwPQIVv73i42M 1 1
3aEhHmb9Y5743M 1 1
3ow7u9SPV89ndM 0 0
4020780085 0 0
4024181911 0 0
403983686 0 0
4048021867 0 0
4051209763 1 1
4051210309 0 0
4051948748 0 0
4051948940 1 1
4056290723 1 1
4056290737 1 1
4056290791 0 0
4056290909 0 0
4056290933 1 1
4056290997 0 0
4056291263 1 1
4056291283 1 1
4056291395 1 1
4056291453 0 0
4057030236 1 1
4057030646 1 1
4057030884 1 1
4057030902 1 1
4069289286 1 1
4108394178 1 1
4122312781 0 0
4136909607 1 1
4151051081 1 1
4154674048 0 0
4154675544 1 1
415478025 0 0
4171458556 0 0
417910731 1 1
418364764 0 0
4189901524 0 0
4193470473 0 0
419488144 1 1
419488664 1 1
4198541734 0 0
41gsxm3mQKrj0M 0 0
4200811119 1 1
421027387 0 0
4221541043 0 0
4221543033 1 1
4222303530 1 1
4229323762 1 1
4233483041 1 1
4233486555 1 1
4233489761 1 1
4233492333 0 0
4234258148 0 0
4234258702 0 0
4234260896 0 0
4235420872 1 1
4235467724 0 0
4235615354 0 0
4238624000 1 1
4238626248 0 0
4257766101 1 1
426015204 1 1
4262875411 1 1
431778417 1 1
431778433 1 1
431778445 1 1
4332901959 1 1
4336332870 0 0
4338660645 1 1
4339405092 0 0
4357359989 0 0
4388986959 1 1
4388988177 0 0
4391749070 1 1
4393566201 0 0
439828032 1 1
439829482 1 1
4415240210 0 0
4428671169 1 1
4429416410 1 1
4429431038 1 1
4447945808 0 0
4449804867 1 1
4449804873 0 0
4449804877 1 1
4452331881 1 1
4452332115 1 1
4453107824 1 1
44781829 1 1
44781840 1 1
4480966253 1 1
4481619514 1 1
4488778556 1 1
4495918800 0 0
45095043 1 1
4510996618 1 1
4511655840 0 0
4525953056 1 1
452670775 0 0
452671251 0 0
4536072263 1 1
4536074251 0 0
4558662171 0 0
4559297130 1 1
4561220214 1 1
4566983671 1 1
4566985713 1 1
4567619554 1 1
4572564282 1 1
4572564792 0 0
4573895609 1 1
4578701542 1 1
458194068 0 0
458208789 0 0
458698665 1 1
458698671 0 0
458698681 0 0
4628640167 1 1
4629243888 0 0
4629250298 0 0
464559414 0 0
4645594609 0 0
4646211174 0 0
465265311 0 0
4652844714 1 1
4653587179 0 0
4654968902 0 0
4655668173 0 0
4657727569 0 0
4657945596 0 0
4657948280 0 0
4658281695 0 0
4658307400 0 0
4658329820 0 0
4664191869 0 0
466587393 1 1
4671477835 1 1
467872776 1 1
467873258 0 0
467884853 0 0
467885041 1 1
469200141 1 1
469200335 1 1
469200531 1 1
469200775 0 0
4699658826 1 1
4751177102 1 1
4752050505 0 0
4752691658 1 1
4761756175 1 1
4761761461 1 1
476694698 0 0
476694708 0 0
476694710 1 1
4767256457 0 0
4767271431 1 1
4767319397 0 0
4767903134 0 0
4823816060 1 1
4833825268 0 0
485911506 1 1
486673109 0 0
486673239 0 0
486673321 0 0
486673415 0 0
48678976 1 1
48679037 1 1
48696482 0 0
48752517 1 1
4882071354 1 1
4887327475 1 1
4889106265 1 1
4889123007 0 0
4889126073 0 0
4889141861 0 0
4889147663 1 1
4889150605 1 1
4889703280 1 1
4889706374 1 1
4889724486 1 1
4889726910 1 1
4889748684 1 1
4897400542 1 1
4910281478 1 1
4910282464 1 1
4910283396 0 0
4916087345 0 0
4928951775 1 1
494349186 1 1
494349188 0 0
494349192 0 0
495250357 0 0
4957826566 1 1
4958804114 0 0
4961257824 0 0
4982920077 0 0
4982922555 1 1
4982926569 1 1
4982940427 1 1
4982947683 1 1
4982950857 1 1
4982955887 1 1
4982961421 1 1
4982969315 1 1
4983529840 0 0
4983534632 0 0
4983541570 1 1
4983542792 0 0
4N-pcAvXw9yApM 0 0
4RlxvuNEcWcDhM 1 1
4vzyIiqDaKZT-M 0 0
4xL5nKQ9fgLBsM 1 1
5003778659 1 1
5003778851 0 0
5004386586 0 0
5004387312 1 1
50109919 1 1
5029660880 0 0
504527635 1 1
5046458875 0 0
5047081584 1 1
505312045 0 0
506189347 0 0
506189383 1 1
5091194937 1 1
5091792148 0 0
5091792454 1 1
5096850931 0 0
5096851355 0 0
5096851485 0 0
5097446660 0 0
5097446894 0 0
511555378 0 0
511560758 0 0
511579761 0 0
512830043 0 0
512830051 1 1
515529820 0 0
5173083469 0 0
518539324 1 1
5185564483 0 0
5211090761 1 1
5232102122 0 0
525208497 0 0
5252846027 1 1
525924392 0 0
525927560 0 0
525927638 0 0
525927670 0 0
525927810 1 1
526015253 1 1
526018531 1 1
5264922837 0 0
5285583591 0 0
52888124 0 0
5296562078 1 1
531381278 0 0
531381294 0 0
5314874843 0 0
5315679011 0 0
5338968019 0 0
5339579000 0 0
5345442051 1 1
5345448933 0 0
5345456561 0 0
5346052464 1 1
5346062778 0 0
5346066712 0 0
5346068754 0 0
5346069496 1 1
5346071358 0 0
535442563 0 0
5366346360 0 0
5380039504 0 0
5388294044 1 1
5402670180 0 0
5403086318 0 0
5404415712 0 0
5442866529 1 1
5449867289 0 0
5451144 1 1
5451279 0 0
5451819857 1 1
5452029 0 0
5452621300 0 0
54809981 0 0
54811426 0 0
54811482 1 1
54811520 0 0
5494952877 0 0
5512385900 1 1
5519972995 1 1
5519973111 1 1
5571431761 1 1
5585335583 0 0
5585335611 1 1
5585335625 0 0
5585335629 0 0
5585335637 0 0
5585335647 0 0
5585910998 1 1
5585911000 0 0
5585911002 1 1
5585911006 1 1
5585911010 0 0
5585911022 0 0
5593459567 0 0
5595571589 0 0
5607356179 1 1
5607356283 1 1
5607356389 0 0
5607938936 0 0
5608351907 0 0
5610447800 0 0
5611734120 0 0
5623396523 1 1
5627596066 0 0
5663000256 1 1
5663000778 0 0
5663001234 0 0
567220179 0 0
5677041344 1 1
5743885083 0 0
5745082209 1 1
5798084080 0 0
5803811821 0 0
5811576224 0 0
5816047547 1 1
581779837 0 0
581779885 0 0
5835956585 1 1
5836994258 0 0
5854304810 0 0
5857532969 1 1
591844912 0 0
5PlixvmlMHJO6M 0 0
5iWPHfRxW2PHKM 0 0
6021608872 1 1
6098348545 0 0
6098884852 0 0
6122316637 1 1
6129201771 1 1
6163026231 1 1
616570941 1 1
6170113715 1 1
617204760 0 0
6182597169 0 0
6185253567 1 1
6221691 0 0
6229547257 1 1
6255989755 1 1
6256519340 1 1
6291868838 0 0
6296547896 0 0
6315028589 0 0
6322550470 0 0
6326863796 0 0
6327613541 0 0
6342283928 0 0
6343546557 1 1
6344297478 0 0
6371979979 0 0
6371988711 1 1
6371992277 0 0
6371995803 0 0
6371999259 1 1
6375384681 1 1
64498273 0 0
64640685 0 0
64644265 0 0
64644266 0 0
64644268 0 0
6532680157 0 0
6532680809 0 0
6532681419 1 1
6532681981 0 0
6532682663 0 0
6532683617 1 1
6532684309 1 1
6532684903 1 1
6532685783 1 1
6532686439 1 1
6532687123 1 1
6532687891 1 1
6532689577 0 0
6532690447 1 1
6532691199 1 1
6571787245 0 0
6590439651 0 0
6610356641 0 0
6674355787 0 0
6685108591 0 0
6691828877 0 0
6715036931 1 1
6715572533 0 0
6732665573 1 1
6760821179 0 0
6760824739 0 0
6762666849 0 0
6776755468 0 0
6776756264 0 0
6776774666 0 0
6776778624 1 1
6776781060 1 1
6776782232 1 1
6776783126 1 1
6776788412 1 1
6776800932 1 1
6776803498 0 0
6776805452 0 0
6776810606 0 0
6777470388 0 0
6777655972 1 1
6777661206 0 0
6795830982 0 0
680141945 0 0
6810091879 0 0
6810264333 0 0
6811942555 1 1
6811943177 1 1
6819082335 0 0
6819082365 0 0
6819082411 0 0
6824455399 0 0
6824455425 0 0
6824455437 0 0
6836636826 1 1
6845550637 0 0
6866953671 0 0
6874209290 0 0
6876206563 1 1
6880880937 0 0
6880882319 1 1
6880883089 1 1
6880883859 1 1
6880887141 0 0
6898610633 0 0
6898695351 0 0
6898792533 0 0
6898874889 0 0
6903620699 0 0
6903636335 1 1
6903743521 0 0
6903818957 1 1
6906206399 0 0
6906206407 0 0
6908771583 0 0
6909725389 1 1
6922885969 1 1
6922888511 0 0
6922890417 0 0
6922894325 0 0
6922896279 1 1
6922910707 0 0
6923578369 0 0
6923582701 0 0
6923774963 0 0
6952819776 0 0
6959548728 1 1
6967918088 0 0
6990560058 0 0
6991851775 1 1
6B6Q47ZfMPb_VM 1 1
6dqXFDpUfmY7_M 0 0
6wlVUpjgzELr-M 0 0
7098894165 1 1
7098898215 0 0
7105657711 0 0
7189531920 1 1
7202425326 0 0
7334794278 1 1
7345215810 0 0
737961231 0 0
7396430294 1 1
7396431804 0 0
7445361246 1 1
7445361558 1 1
750777129 0 0
751310680 0 0
751628750 0 0
751628984 0 0
7647316638 0 0
7647318578 0 0
77810168 0 0
77814373 1 1
7791690106 1 1
7807576456 0 0
7915955726 0 0
7FPhszzYx6r3kM 1 1
7MfrJ91cFqLNHM 0 0
7R7m5uHq-RISAM 1 1
7RR08_suGD979M 0 0
7dH2_zgIOScbAM 0 0
7q4jn3j-rAQYyM 0 0
7sWHqLglfXetPM 1 1
803274021 0 0
8033095212 1 1
804272941 0 0
8059985450 1 1
8059985709 1 1
8059986261 0 0
8063459267 0 0
8069374319 0 0
8069384169 0 0
8102017535 0 0
8102429828 0 0
8129510859 0 0
8129510971 0 0
8129537550 0 0
8129537926 0 0
8138553126 1 1
8149207915 1 1
815103760 1 1
815108300 0 0
8196435488 0 0
8196438670 0 0
8196482690 0 0
8222923933 0 0
8222925127 0 0
8222925605 1 1
8223997328 1 1
8223998414 0 0
82366484 0 0
82366526 0 0
8241884320 1 1
8339916371 0 0
8339916421 0 0
8339916657 1 1
8339916703 1 1
8339916757 1 1
8339916901 1 1
8339917027 0 0
8339917083 1 1
8339917341 0 0
8339917497 1 1
8339917713 0 0
8339917759 0 0
8339924327 0 0
8340975680 0 0
8340976036 0 0
8340976158 0 0
8340976338 0 0
8340976414 1 1
8340976478 0 0
8340976526 1 1
8340976644 1 1
8340976732 1 1
8340976894 1 1
8340976946 1 1
8340977004 0 0
8340977176 1 1
8350963504 0 0
8371651491 0 0
8371667547 0 0
8371671335 0 0
8371678825 0 0
8372734882 0 0
8372741234 0 0
8372744930 0 0
8372748594 0 0
8388615723 0 0
8388623269 0 0
8395344273 0 0
84292009 1 1
84292010 0 0
84292011 0 0
8436451312 1 1
8439508372 0 0
8466876107 1 1
8467942485 0 0
8467969926 1 1
8476044755 1 1
8476044957 1 1
8476045367 1 1
8476046405 1 1
8476046563 0 0
8476047357 1 1
8476047809 1 1
8476048241 1 1
8476048589 1 1
8476049821 1 1
8476050051 1 1
8477134770 1 1
8477135142 1 1
8477135308 1 1
8477135676 0 0
8477136356 1 1
8477136438 1 1
8477136678 1 1
8477137068 1 1
8477137484 1 1
8477137878 1 1
8477138294 1 1
8477138542 1 1
8477138808 1 1
8481293458 0 0
84859702 0 0
84860449 0 0
8494236965 0 0
8496994953 0 0
85001316 0 0
85001570 0 0
85002252 0 0
85002572 0 0
85002768 0 0
85002999 1 1
8500312484 1 1
85003236 1 1
85003496 0 0
85013026 0 0
85013033 1 1
8510912179 0 0
8512024774 0 0
8512026626 0 0
8543542730 0 0
8550371377 0 0
8553138982 0 0
8567659733 0 0
8567671974 1 1
856867299 0 0
856867433 0 0
8568757186 0 0
8571575562 1 1
8572339502 0 0
8591498980 0 0
8618969838 0 0
8624312879 1 1
8625418826 1 1
8633792273 1 1
8639087094 0 0
8643934023 0 0
8643939433 0 0
8643941019 0 0
8643941307 0 0
8643941583 0 0
8643941743 0 0
8643941875 1 1
8643942667 1 1
8645029316 0 0
8645035300 0 0
8645035744 1 1
8645037360 1 1
8645037982 0 0
8645038094 0 0
8645038416 1 1
8645042258 0 0
8672671329 0 0
867375815 0 0
868227520 1 1
868229784 1 1
8703686354 0 0
8724902650 0 0
8724903026 0 0
8727448486 0 0
8727932190 0 0
8737473389 0 0
873789738 0 0
8835416363 1 1
8835431213 0 0
8835438967 1 1
8835444569 1 1
8836017072 0 0
8836021522 1 1
8836029726 1 1
8836034998 1 1
8836040904 1 1
8836050034 0 0
8836064686 0 0
8836084558 1 1
8836091296 0 0
8836101332 0 0
8961219415 0 0
8966325903 0 0
8K7QAkPpWl04GM 1 1
8OA75VPsnxAG-M 0 0
9032053167 0 0
9032054495 1 1
9034294010 1 1
9034295292 1 1
9040514741 1 1
90443500 1 1
9046241063 1 1
9090793781 0 0
9093016888 1 1
9093020324 0 0
912714070 0 0
9138438800 0 0
9156639500 1 1
917480688 0 0
918819932 0 0
92072977 0 0
9215041630 1 1
9224756193 1 1
9227530934 1 1
9260578860 0 0
9311481706 0 0
9478085434 1 1
9532491807 0 0
9532647919 0 0
95639686 1 1
9610033 1 1
9610034 0 0
9610035 0 0
9616430847 1 1
9990939794 1 1
9990950404 1 1
9PsAXr5JWAUT6M 1 1
9QNgEzXhAhyj7M 0 0
9puVpaQATeCL3M 0 0
A-OjR_fI9FSiOM 1 1
A79FHJiIPjrhEM 1 1
ABWTWtzrBnhI3M 1 1
AIFr8NCRERer9M 0 0
AJ9oQmBC5W3s8M 0 0
AWlthUflhues7M 1 1
Ac8YXUb-mfvHlM 0 0
AmA-lItRSpP8NM 1 1
AqGpUMuaSMgpoM 1 1
BLBWbAN7EapBDM 0 0
BT881CPxMS8qNM 1 1
BeYTo9i2hbpKSM 1 1
BfrvvhQFxY06zM 1 1
BtxG9IGVoutiVM 0 0
C0L-W3AEOym_NM 0 0
CJLwmodU-emHtM 1 1
CNiigMDPqGTD8M 1 1
CSeHvb0Qi765NM 1 1
CVpn5wbUoKPJyM 1 1
CdhItOYKuuocjM 0 0
CrXbhtMDJMkn-M 1 1
CyTq5d717qHQlM 0 0
DUqEx_MIAcd6QM 1 1
DkKYFkr1ffugWM 0 0
DrbqIj-AFnHMZM 1 1
EQ4X2K1RlmE85M 0 0
ERdQlCHBgYXgxM 1 1
ERyb4E91rvpqcM 1 1
EkiKCADvYin7hM 0 0
EmggAd_U2Sc1mM 0 0
EmzjbMsx7jrVCM 1 1
FPj-Ghn5maJruM 1 1
FTRxKnJl7GH7GM 0 0
Fd-Ws9c3IHB1KM 1 1
G-eA7kk2POvv1M 1 1
G27Ruk2FdX_zLM 0 0
GOn-6i-DTgyGjM 1 1
GnXVqmMQPV-QkM 1 1
GwEZyu6gAzXuXM 0 0
HcBxJLwkp0V2hM 1 1
HmjMqnWQLg6IXM 0 0
Hy-4POpHKKZk8M 1 1
I245jaib4ztQQM 0 0
I401bp6BTFLFMM 1 1
Ioui34uutES-vM 1 1
JGRjWZT4p791eM 1 1
Johcjdj4DA2v8M 0 0
JqLxv9AZ8zv1PM 0 0
JwMmUae3TLrrXM 1 1
KS-vwdejDPVcuM 1 1
KZKaLpHdpQmGaM 0 0
Kj7K3fBVGxwKqM 1 1
L-slvnwx076k2M 1 1
L3w6cH861IO_tM 1 1
LR4Wb4slKdaYgM 1 1
LZMH7Kd_o5UvlM 1 1
M2Xo4S8ju0pO7M 0 0
M7BiNzAdX04_1M 1 1
MHVlb5AW_co5xM 0 0
MHXlbTPkBb_iQM 0 0
MYN047pLu7RFnM 0 0
Mt_ICMC2_ovF6M 1 1
N-nE_hDlZRGH4M 1 1
N3L4WR53NArkVM 1 1
N8a7PC6c9XpWHM 0 0
NDyq_XFdgg5skM 1 1
NMAqo3hEgn7lWM 1 1
Nhs148wos-V9NM 0 0
NlR4rdLMUlvPbM 1 1
Np8dEOvmk4pS4M 0 0
NsuIoT4zayTqfM 1 1
OKwRyqM2bILn0M 1 1
OVprLs9ndsPq0M 1 1
OkVs74elYjSyOM 0 0
Oms93KL6wqpm5M 1 1
PFxOR2EY_0PtQM 1 1
Pq7xHTZRWAag5M 1 1
QGydZKOv3rihHM 1 1
Ql0pe_SPWhzEtM 1 1
QmEdtChe_K2KJM 0 0
QqKgvSqvXP6VTM 1 1
RKWB_8HCYadkPM 0 0
RYqwEKajMAFiOM 0 0
RZjoS5NcqNeXWM 0 0
RwEmxwa8-yedXM 1 1
SX0iN7ChJ2f9jM 0 0
SZRPco4i-zty_M 0 0
SxVmBa8z_gd9JM 1 1
TR2MetJJ6Hr6VM 1 1
TkxbY8CO1rECEM 1 1
Tu0Q2Pyx2Yt6DM 0 0
U27Mz9Bco1XtqM 0 0
U2oL4S-ie4ANqM 1 1
UJE7BiqWfmA-YM 0 0
UZJgHXoeTaIHMM 0 0
UadHsA7zH5cGcM 1 1
UgBhFgljlIav8M 1 1
UkOJxcKc1YzNlM 0 0
UlEIMeFs12ltZM 1 1
V2oSk4AA2AUc_M 1 1
VNS1rXWAV4nCcM 1 1
VPDVDJSGsE6kNM 1 1
VXVlz6O1aG_6YM 1 1
VcOGwTT4DWPrmM 1 1
VkITVUZ1IA8ibM 0 0
W4hYZl2VUg4NdM 1 1
WJ4Y5RiSnyfGzM 0 0
WQx3e5BjYkLdVM 0 0
WgaSR6QqchofcM 1 1
Wiq0c0izvvAZGM 0 0
WtfzDU-BSZSuzM 0 0
XU5C6hAYTflDRM 0 0
XV4z03KAlz2KMM 0 0
YKNuxfbfCj3zhM 1 1
YQrHqxu4qUsVUM 1 1
Z2Skh8v4B_YO7M 1 1
Z4aa9ICvViQq-M 1 1
Z5Fki_zXmgpkxM 1 1
ZPudD0oqH0itlM 0 0
Zdwky386RDV7GM 1 1
ZiIWsqJUOkfpgM 1 1
ZsjkoPF_C4l5nM 1 1
ZwhI1dV9J17c_M 0 0
_0-quXOwd-pQrM 0 0
_AjBi3gzl9XTZM 0 0
_TTCFwsjRIJxgM 1 1
a68KGPxwEh6O2M 1 1
aKqsEIDH_SK4XM 1 1
ar-iKp1HaM88HM 1 1
azjZrqAHaaN6MM 1 1
bFQIeTK5EgVFkM 1 1
bqLRAREGGlO19M 0 0
bw5dNDmyzVHH2M 0 0
cAnPRZhrhIaioM 1 1
cPXT4YnIMncZqM 1 1
cXUDwGwA19rIbM 1 1
ccLXnO5Mb7QmpM 1 1
dVSPh-wwSOJfAM 1 1
d_dOWtcAccOebM 1 1
dmq6IuQK7cbEhM 1 1
dnyFR5Lcz3CvlM 1 1
dq7ZvoP5g9WuPM 0 0
dqwnyGdF5qrRiM 0 0
elcpnKFgyBk7sM 1 1
eqGq5rIspB3HdM 0 0
euNid71VniE64M 1 1
fFmX3iH1SWqCGM 1 1
fOTVikXs0QQ8hM 0 0
fp5LAvdNxtoFCM 1 1
g1RAR0w_PYezqM 1 1
gHJgn4y-0SS8dM 1 1
gQZTO5GaLyJthM 0 0
gaqZYGDbjJ_1jM 1 1
guVs1Z_j5CiU-M 1 1
h7CiO4PLIhiFWM 1 1
hJGqnmN4q57n6M 1 1
hJHjai0cECVbwM 1 1
hWgvmyOfc5T7-M 1 1
hhlTxg2ixJEd7M 1 1
i81Ylld2lsAT7M 1 1
iNDaZj7bt4Da7M 0 0
iR-CKkdkTTsAaM 1 1
i_AmuF5ENZLHnM 0 0
ioKQYT2b26v90M 1 1
iqVgPry6j8_Y7M 1 1
j-6TmzML-OXWmM 1 1
j4tcP_2aMvEd3M 0 0
j4w2HHkmWSCYlM 1 1
j6KKmfrt4aUfcM 0 0
jBqSIvrIjqJrUM 0 0
jJIpin3_csqrLM 1 1
jXow3oiEezZPFM 0 0
kSjMwkR8nTeFoM 0 0
kWI0oyXLwrNDuM 1 1
kbBzaanRpl7sVM 1 1
kwZ7fv-P1rHARM 1 1
lBUZxKzVS9lr3M 0 0
lJb1I41DWAy1-M 0 0
lOBONU4jhnkTjM 0 0
le__34JyujtTeM 1 1
llPBAYolZje6QM 1 1
lwygE5VSZ9jElM 1 1
mY3Ii0SdzxnbgM 0 0
mdGLU0IYIidzvM 0 0
mdsejTshv7sCzM 1 1
miEnj-XyaQkwVM 1 1
nMzYIfuVaFTWLM 0 0
nPNPOlRlrfArXM 1 1
oTciv4GD7H7vdM 1 1
okvkahSERfoWXM 1 1
p62NAxZnNPsJMM 1 1
p7Zxfaxlv3LE3M 1 1
pBBEVAmJyJwgUM 0 0
pg1KX2_pj6INGM 1 1
phSsH_7laZ2ccM 1 1
pkk0mOEjbkwcvM 1 1
qI_Lj1Ct1dXneM 1 1
qKiu36Ailx8wSM 0 0
qW39N9NBYXbnbM 1 1
qajHEkYjpLWNLM 1 1
qcBOL299H0yW3M 1 1
qzwH2wOCySBnRM 0 0
r2ij3u2Yhd1l8M 1 1
rQ3-iRLBsF_wGM 1 1
rUs8c0dF2o4N8M 1 1
r_1M8i0U0qodsM 0 0
sFWSQWa6ftQ7eM 0 0
sFovdd_fh9LGIM 1 1
sUgsnnceG8vwAM 1 1
sehEwHFS5i5jVM 0 0
sfsiuSTwIKiWGM 1 1
sqhePZfDrA7WWM 0 0
t6KTCNJVJWzSkM 1 1
tCLeq2mRJ_Ul7M 0 0
tNAdN6DA65DjtM 0 0
tfTK1WTEQnFYlM 0 0
u4HRRBnKtXDHfM 0 0
uR_hJj9KfwIZcM 0 0
uZw7_7pgSWVwZM 0 0
ujby3A1vC61PKM 0 0
v-2FtVStvg_R-M 0 0
vAmeDc-q8mwewM 0 0
vEIM-zA8boLvBM 0 0
vdq6EOZCfe6dZM 1 1
vh9JBwaGFJXkCM 0 0
vif-MldIPooo1M 1 1
w-1CsY6rXJdSYM 0 0
wL9hwP-ge1okhM 0 0
wM3-FcE9NAvK7M 1 1
wM3lc6ZF0GpSkM 0 0
wiJhvtZIkdrlDM 1 1
wjtVX4gYDUwTMM 1 1
xMQqDVppH52qPM 1 1
xfPo-ZZnc57J8M 1 1
xt44I9hgmYa-GM 1 1
xxWnsJZD80cEoM 0 0
yTnrZprrQuv7XM 1 1
yrsEVk9dAC2AnM 0 0
ytDqnSaSQ6tEdM 0 0
zDUIo7685T6eFM 1 1
zJD1DsOIKmDRdM 0 0
zMTxbl6EeFEafM 1 1
zTVHF9Q7fl4hRM 1 1
zeueuOHkAhCxpM 1 1
