-6XkWDBSzz7hkM 1 1
-C5ZG8akq6HNMM 1 1
-FZSgp6R0b3k-M 0 0
-dVRFW8zgBBG4M 0 0
-gzWlf1cuK1oaM 1 1
-lO1WXi1SMN-fM 1 1
05pFi8H4kLfGXM 0 0
06exZRBThN73TM 0 0
0IMrb7v8NGl1eM 1 1
0KTc3F6XrMX_KM 1 1
0X4iAKxfco4srM 1 1
0_Al95zsMjxZ1M 0 0
0jBBgSOwXLfttM 1 1
0stpFFb7VFe4cM 1 1
10077580963 0 0
1007770743 1 1
10149674364 0 0
10149731795 1 1
10149736995 1 1
10149780076 1 1
10149817105 1 1
10149819616 1 1
10149826305 1 1
10149829415 1 1
10149848873 0 0
10149859913 1 1
10149867033 1 1
10149875423 1 1
10149899146 1 1
10149918846 0 0
10149921183 1 1
10149964973 1 1
10149966873 1 1
1033220673 1 1
10334332966 0 0
10371415653 0 0
10423944116 0 0
1045978231 0 0
1081620550 1 1
108573553 0 0
10926973185 1 1
10936725574 0 0
1094389 0 0
10955470013 0 0
1098010687 0 0
1098867462 0 0
10999167015 0 0
1111040591 0 0
11211657496 1 1
11216868084 0 0
11216984743 0 0
11297809496 0 0
11481271173 0 0
1154599008 0 0
116624616 0 0
116795089 1 1
1175017691 1 1
1178500606 1 1
1178502066 0 0
118001058 1 1
118280094 0 0
11909066236 0 0
12202780985 0 0
12203249914 0 0
12203299024 0 0
12203319643 1 1
12203567386 1 1
12203580916 1 1
12380702793 0 0
1242111180 0 0
12489013595 1 1
12489483154 1 1
12754097284 1 1
12763668794 1 1
12777313364 0 0
1284653216 0 0
12937287995 1 1
12937545103 1 1
12937547243 0 0
12937854864 1 1
12959246114 0 0
132149921 1 1
132250761 0 0
1332904243 0 0
13344488875 0 0
133642275 0 0
13382020544 0 0
134138550 0 0
1349661330 0 0
13600159184 0 0
13681173303 0 0
13689197684 0 0
1395187026 0 0
13987534192 0 0
1404375378 0 0
141212486 0 0
14145869674 0 0
14240473615 1 1
14267185289 0 0
1427737925 0 0
1427741581 0 0
142787737 0 0
14335087149 0 0
14347805767 1 1
143595842 0 0
1438040880 1 1
14401603932 0 0
14421042715 0 0
14452698284 1 1
145568202 1 1
1468256187 0 0
1475108752 1 1
14801246212 0 0
14803886168 0 0
14898251733 0 0
1492450210 1 1
1499672574 0 0
14YZ7jCWbcmSNM 1 1
15006791810 0 0
15027909244 0 0
15027933994 1 1
15028279594 1 1
15028322324 0 0
15028380224 1 1
15028386214 1 1
15028400784 1 1
15028435844 1 1
15028463874 1 1
15028467674 1 1
15028546634 1 1
15028654643 1 1
15028695153 1 1
15028829763 1 1
15028831793 1 1
15028856983 1 1
15029101113 1 1
15034064321 0 0
15055321055 0 0
15079752190 0 0
15086988839 1 1
15087036190 0 0
15087066079 0 0
15087262237 1 1
15087265568 1 1
15087267858 1 1
15087270997 1 1
15108319 0 0
15132033401 1 1
15159809070 1 1
15159815049 1 1
15159822930 0 0
15159874550 1 1
15159882520 0 0
15159883409 1 1
15159885340 0 0
15159889620 1 1
15159896630 1 1
15159908040 1 1
15159909480 1 1
15159914100 1 1
15159923280 1 1
15159927710 1 1
15159930049 1 1
15159937548 1 1
15159966199 1 1
15159968380 0 0
15159994307 1 1
15159995777 1 1
15160002389 1 1
15160012749 1 1
15160013858 1 1
15160016519 1 1
15160022007 1 1
15160033109 1 1
15160035749 1 1
15160061360 1 1
15160063279 1 1
15160065940 1 1
15160066647 1 1
15160069698 1 1
15160077898 1 1
15160079568 1 1
15160086567 1 1
15160088117 1 1
15160090088 1 1
15160098478 1 1
15160098690 1 1
15160099980 1 1
15160101188 1 1
15160101340 1 1
15160108960 1 1
15160124338 1 1
15160135077 1 1
15160141387 1 1
15160155267 1 1
15160163147 1 1
15160166657 1 1
15160175357 1 1
15160192248 1 1
15160212268 1 1
15160217328 1 1
15160222898 1 1
15160235037 1 1
15160240958 1 1
15160253108 1 1
15160253180 1 1
15160254117 1 1
15160255917 1 1
15160267107 1 1
15160280867 1 1
15160285087 1 1
15160289007 1 1
15160290028 1 1
15160301957 1 1
15160371237 1 1
15170514835 0 0
15238680558 1 1
152694174 0 0
15270630901 1 1
15270712261 1 1
15270717061 1 1
15270720721 1 1
15273442632 1 1
15273732725 0 0
15273733975 1 1
15273736925 1 1
15273823445 0 0
15273829115 1 1
15273830735 0 0
15321771914 1 1
15323506706 0 0
15323574386 1 1
15323584156 1 1
15323633696 1 1
15323637966 1 1
15323661196 1 1
15323748086 1 1
15323762586 1 1
15323807486 1 1
15323976406 1 1
15324388943 1 1
15324409663 1 1
15343366131 1 1
15343370301 1 1
15343461321 1 1
15343482181 1 1
15343488051 1 1
15343490991 1 1
15343520691 1 1
15343527071 1 1
15343549821 1 1
15343591161 1 1
15343592501 1 1
15343623651 1 1
15343773531 1 1
15343779651 1 1
15346268012 0 0
15346270732 1 1
15346320932 1 1
15346337142 1 1
15346338822 1 1
15346355052 1 1
15346400242 1 1
15346410012 1 1
15346411732 1 1
15346506522 1 1
15346510772 1 1
15346554345 0 0
15346707195 1 1
15346718162 1 1
15346789675 1 1
15346806155 1 1
15346826015 1 1
15346968085 1 1
15357452440 1 1
15462039729 1 1
15462061439 1 1
15462140699 1 1
15462183199 1 1
15462188199 1 1
15462238599 0 0
15462315169 1 1
15462331849 1 1
15462401539 1 1
15462614019 0 0
15462638949 1 1
15462651198 1 1
15462668308 1 1
15462982817 1 1
15463055857 1 1
15463102788 0 0
15463162457 1 1
15463169447 1 1
15463230000 0 0
15463318617 0 0
15463619580 1 1
15463629670 1 1
15463631370 1 1
15463652550 1 1
15502546247 1 1
15625033516 1 1
15625054766 0 0
15625091526 1 1
15625246546 1 1
15625263576 1 1
15625434786 1 1
15646046791 1 1
15646081091 1 1
15646295471 1 1
15646331661 1 1
15646426671 1 1
15646431961 1 1
15646460141 1 1
15646504231 1 1
15648707385 1 1
15648755955 0 0
15648759915 1 1
15648982845 1 1
15649003885 1 1
15649184175 1 1
15649287645 1 1
15649489542 1 1
15649797452 1 1
15649828402 1 1
15649877182 1 1
15649886692 1 1
15650007982 0 0
15650052722 1 1
15650109072 1 1
15650118892 1 1
157020083 0 0
1574833376 0 0
15758266057 0 0
15778832393 0 0
15807148208 1 1
15856644077 0 0
15866953320 0 0
15910163280 0 0
15993401983 1 1
16021898093 1 1
16052354509 0 0
16058387019 0 0
16110851751 0 0
16170849038 0 0
16201702817 0 0
16211231718 1 1
16211489400 0 0
16212632469 0 0
16212916600 1 1
16212967887 0 0
16212981187 0 0
16280246226 0 0
16362611672 0 0
16372885786 1 1
16372896966 0 0
16372899586 0 0
16372900556 0 0
16372906326 0 0
16374279146 0 0
16395741460 0 0
16397135691 0 0
16397142021 0 0
16397948872 0 0
16397952912 1 1
16397956312 0 0
16398237613 1 1
16398883935 0 0
16398893095 0 0
16454401750 1 1
16455615099 1 1
16527849975 0 0
16589324945 0 0
16612540462 1 1
16612559132 1 1
16641794625 1 1
16744926596 0 0
16769653631 0 0
16770802895 0 0
1686083174 0 0
16880850710 0 0
17127275180 0 0
17180175412 0 0
17194445892 0 0
1722660056 0 0
1748862995 0 0
17510354512 0 0
1752113409 0 0
179122558 0 0
1797206692 1 1
1804968654 0 0
18231525863 0 0
18428588 0 0
185846955 1 1
18665989669 1 1
18798924 0 0
18847014882 0 0
18852148985 0 0
18854885671 0 0
191865271 0 0
1Md1L4LCYf9D1M 1 1
1RquuLSy3CMSMM 0 0
1S_NDDK4h0Ks2M 1 1
1_K5V89LSCDozM 1 1
1grRBFwvFEFOYM 0 0
1nvJXZiGq4otKM 1 1
1nvOhGavILpf6M 1 1
1o9DjwQtESWBCM 1 1
1wvreDI9mKiX5M 1 1
20079011035 0 0
2009363167 0 0
2010104380 1 1
2010112146 0 0
2010144902 0 0
201568193 1 1
2017726982 0 0
202559030 1 1
202559452 0 0
203465330 0 0
2036545620 1 1
2076932972 0 0
209411509 0 0
20995510246 1 1
2107754641 0 0
212033351 1 1
21211029 1 1
21300619764 0 0
2135382094 0 0
213660600 0 0
2147591434 0 0
214769224 1 1
2155092873 1 1
2168942414 0 0
217403743 0 0
2179562422 0 0
2179562424 0 0
2179562428 0 0
2179562430 1 1
218833451 0 0
2192350885 1 1
2192469321 0 0
2193405496 0 0
2199060320 0 0
22243392784 0 0
22243394284 1 1
22243464124 1 1
22244995193 1 1
22245062443 0 0
22245065813 0 0
22245066503 0 0
2232753399 1 1
22447779567 1 1
22447849737 1 1
22447875638 0 0
22447878798 0 0
2246080220 1 1
22461218671 0 0
22474058609 0 0
22474059329 0 0
22474061999 0 0
2251255295 0 0
225948707 1 1
2261253676 0 0
22668393638 0 0
22675539168 0 0
22678221400 0 0
22678221990 0 0
2271066053 1 1
22840155476 0 0
22840158326 1 1
22840221936 1 1
22852654142 0 0
22852719852 0 0
22866216645 0 0
22866221325 1 1
22877291561 0 0
22877291931 0 0
22877292741 1 1
22877293821 1 1
22877357311 1 1
22877359301 1 1
22877360961 0 0
2295932864 0 0
231080462 0 0
231340344 0 0
23158812 1 1
2322951820 1 1
2335210345 0 0
2343958493 1 1
2354034472 0 0
2369524450 0 0
2369735733 0 0
237381387 1 1
2375222075 0 0
2380944859 0 0
2385441149 0 0
238791270 0 0
2403344547 1 1
2408566409 0 0
2412633436 0 0
241779661 1 1
242644419 0 0
24390032942 1 1
2445904696 0 0
245902123 0 0
245902319 0 0
2461009310 0 0
2461108541 0 0
2466254718 0 0
2470037673 0 0
2472107953 0 0
2473910165 0 0
2477872339 0 0
2494701710 1 1
25020964456 0 0
2507761266 0 0
2516767879 0 0
2524840932 1 1
2533803300 1 1
2535030995 1 1
2542099320 0 0
2552882247 0 0
2553363916 1 1
2554215616 0 0
25580799966 0 0
2564857128 0 0
2568452345 0 0
2568454055 0 0
2568460833 0 0
2568463817 0 0
2568467015 0 0
2568470091 0 0
2568474861 0 0
2569275550 0 0
2569280752 0 0
2569282150 0 0
2569283556 0 0
2569284806 0 0
2569287820 0 0
2569290860 0 0
2569296864 0 0
2569301250 0 0
2570754368 0 0
2578440595 0 0
258003887 0 0
2582371436 0 0
25834994465 0 0
25835187 0 0
2592027177 0 0
25929995671 1 1
2595518772 1 1
25974778734 1 1
2597938605 0 0
2598629117 1 1
2598769520 1 1
2599007594 1 1
2643507126 1 1
2651351746 0 0
265271087 1 1
2654328029 0 0
2655154742 0 0
2666326132 1 1
26759672275 0 0
2696745047 1 1
27030406386 0 0
2704565706 0 0
271644414 0 0
272668062 0 0
273385958 0 0
273386292 0 0
273386845 1 1
2738117971 1 1
2741803678 0 0
2745343992 0 0
2751606359 1 1
27524351941 0 0
27597101111 1 1
2779113972 1 1
2808813482 1 1
2818955780 1 1
2825241033 0 0
284653513 0 0
2862746485 0 0
286980084 1 1
2873131174 1 1
2874232777 0 0
2877712669 0 0
289527487 0 0
28D52LYkVuXD2M 1 1
2919406840 0 0
2921477796 0 0
2926129646 0 0
2926132392 0 0
2932757799 0 0
2935050839 0 0
2938466099 0 0
2946353109 1 1
2958742918 0 0
2961500697 1 1
2970345706 0 0
2973051452 0 0
2974884587 0 0
2AdCnxLjm94SpM 1 1
2DVIHGOosaBDIM 1 1
2J37_l5w_MKA0M 1 1
2UeXvR0Gpxf16M 1 1
2lrRM_D0avGQbM 1 1
2qrofMN4y407IM 1 1
300678932 0 0
301056790 0 0
3017956850 0 0
3026523941 0 0
3032176303 1 1
30381159 0 0
3039404887 0 0
3047652337 0 0
3047653137 0 0
3047655393 0 0
3047655905 0 0
3047658291 0 0
3047658797 0 0
3047660827 0 0
3047661345 0 0
3047662423 0 0
3047664485 0 0
3047665347 0 0
3047665965 0 0
3047666563 0 0
3047667271 0 0
3047669407 0 0
3047669961 0 0
3047670613 0 0
3047671165 0 0
3047671883 0 0
3047675013 0 0
3047675815 0 0
3047676527 0 0
3047677897 0 0
3047679067 0 0
3047680005 0 0
3047685095 0 0
3047689453 0 0
3047691197 0 0
3048492512 0 0
3048493062 0 0
3048493726 0 0
3048495432 0 0
3048495992 0 0
3048496610 0 0
3048498258 0 0
3048498920 0 0
3048500776 0 0
3048501958 0 0
3048506934 0 0
3048507498 0 0
3048507992 0 0
3048512240 0 0
3048512736 0 0
3048513502 0 0
3048516384 0 0
3048521718 0 0
3048522312 0 0
3048522874 0 0
3048523600 0 0
3048524728 0 0
3048525242 0 0
3048526298 0 0
3048526826 0 0
3048527950 0 0
3048529244 0 0
3048616062 0 0
3050485725 0 0
3050487369 0 0
3050488783 0 0
3050490043 0 0
3050490939 0 0
3050495861 0 0
3050496237 0 0
3051323896 0 0
3051325216 0 0
3051325756 0 0
3051326936 0 0
3051328440 0 0
3051330560 0 0
3051331288 0 0
3051331764 0 0
3051332362 0 0
3051332834 0 0
3051333484 0 0
3051333998 0 0
3059367205 0 0
3059369329 0 0
3059370383 0 0
3060205606 0 0
3060206292 0 0
3060206744 0 0
3060207472 0 0
3060207762 0 0
3060208074 0 0
3060208460 0 0
3060208770 0 0
3060209152 0 0
3060209566 0 0
306226049 0 0
307630755 0 0
30779802 1 1
3080875695 1 1
3090008273 0 0
3090011856 1 1
309478474 1 1
3110029453 0 0
3116792841 0 0
3127245098 1 1
313385333 0 0
3141455465 0 0
3143594527 1 1
3147096907 0 0
3147097415 0 0
3147098213 0 0
3147931628 0 0
3147936616 0 0
3147937280 0 0
3160369541 0 0
31893956 0 0
3193208578 0 0
3197511076 0 0
3197512028 0 0
3212255455 0 0
3218532881 0 0
3241537715 0 0
3241539253 0 0
3241540927 0 0
3241541591 0 0
3241542135 0 0
3242289384 0 0
3242373786 0 0
3242374466 0 0
3244880915 0 0
324876047 0 0
3255554993 0 0
3255555533 0 0
3255555897 0 0
3255557321 0 0
3255559235 0 0
3255560347 0 0
3255560857 0 0
3256387232 0 0
3256388208 0 0
3256388806 0 0
3256389300 0 0
3256390352 0 0
326031535 1 1
3264079277 0 0
3279651227 0 0
3283707443 1 1
3284528402 0 0
3297590117 0 0
3297590609 0 0
3297591483 0 0
3297592445 0 0
3297593269 0 0
3298416582 0 0
3298421418 0 0
3298422550 0 0
3320940332 0 0
3324758917 0 0
3324759251 0 0
3324759979 0 0
3324760227 0 0
3324760527 0 0
3324762149 0 0
3324762393 0 0
3324764259 0 0
3324764575 0 0
3324764829 0 0
3324765561 0 0
3325597334 0 0
3325597672 0 0
3325598826 0 0
3325599172 0 0
3325599458 0 0
3325599802 0 0
3325600600 0 0
3325600882 0 0
3325601632 0 0
3326688382 1 1
3333291877 0 0
3333292295 0 0
3333293081 0 0
3333293359 0 0
3333294399 0 0
3333294815 0 0
3333295719 0 0
3333296023 0 0
3333296361 0 0
3334128876 0 0
3334130016 0 0
3334131164 0 0
3334131368 0 0
3334134020 0 0
3334134384 0 0
3336831399 0 0
3337242490 0 0
3337660364 0 0
3337661084 0 0
3339641532 1 1
3341035749 0 0
3357939661 0 0
3377123369 0 0
3395014588 1 1
3408218017 1 1
3417767041 0 0
3418077884 0 0
3418575340 0 0
3422230502 1 1
3422893650 1 1
3435925065 1 1
3447662337 0 0
3472815250 0 0
3473933596 0 0
3474442411 0 0
3487808470 0 0
3490231907 0 0
3493781053 0 0
3494125886 0 0
34D_UD6G4qL99M 0 0
3511294419 0 0
3519147968 0 0
3524022801 1 1
3524861901 1 1
3524864313 1 1
3524866821 1 1
3525669050 1 1
3525672926 1 1
3526215819 0 0
3527163922 1 1
3531382264 0 0
3544132155 0 0
3544173253 1 1
356766845 1 1
3579721768 0 0
3581181212 0 0
3586873747 0 0
3590006757 0 0
3593336215 0 0
3594145322 0 0
3605508859 0 0
360916132 0 0
361636742 0 0
362071279 1 1
3620788629 0 0
3620789315 0 0
3623606568 0 0
3626044004 0 0
3626934466 1 1
3631633602 0 0
36336135 1 1
36416535 1 1
3641661357 0 0
3661455983 1 1
3661456481 1 1
3662256480 0 0
367408004 1 1
368301843 0 0
3692394139 1 1
3708688189 0 0
3729542842 1 1
3766215688 0 0
3769474763 1 1
3796177271 1 1
379877295 0 0
379979102 1 1
3838022760 0 0
3843556113 0 0
3844343866 1 1
3844345970 0 0
3844346136 0 0
3844348478 0 0
385205911 0 0
3853008192 1 1
3856925084 1 1
3856930416 1 1
3857899855 1 1
3859945250 0 0
38630468 1 1
3864600648 0 0
387171812 0 0
3877515123 0 0
3880446076 0 0
388454491 0 0
3886272635 0 0
3887310175 0 0
3888104386 1 1
3912370768 1 1
3949312102 0 0
3959352294 0 0
396027893 1 1
3967983963 1 1
3980559919 1 1
3987004884 0 0
3ISjB0bs4L3Y0M 1 1
3TkuL1DzX6L9RM 0 0
3hIFKcGJV_5MTM 0 0
3lDGbCPMrs2UPM 1 1
3ly19tHDW7Dg2M 1 1
4002371281 0 0
4003590462 0 0
4020860339 0 0
40335671 1 1
4035149478 0 0
4044437934 0 0
4050442750 0 0
4066343983 1 1
4080015914 0 0
4080016114 1 1
4089719545 0 0
40964380 0 0
4123023214 0 0
4129840188 0 0
4138542342 1 1
4138542418 1 1
4155140349 1 1
4166474430 0 0
417217007 0 0
4179187200 0 0
4179882413 0 0
4186442209 0 0
4191485433 0 0
4191491489 0 0
41Te56NAaJb3ZM 1 1
4214864796 0 0
421862487 0 0
421969876 0 0
4229623855 1 1
4243798327 0 0
4261611453 0 0
4262364434 0 0
4273651686 1 1
4273651858 1 1
4273652022 1 1
4275734045 1 1
4276478816 1 1
4279531368 1 1
428349468 0 0
4283868572 0 0
4285031779 0 0
428581607 1 1
4294533598 0 0
4314612802 0 0
4320186505 1 1
4320936785 0 0
43244945 0 0
4331579066 0 0
4331947535 0 0
434264817 0 0
4343447666 0 0
4362171697 1 1
4362252011 1 1
4362993928 1 1
4363789241 1 1
4366017656 0 0
4373611846 0 0
438559272 0 0
441905243 0 0
4421038275 0 0
4425890439 0 0
4438504721 1 1
4454117683 0 0
4454119409 0 0
4458670011 1 1
4475732654 1 1
4496790519 0 0
4500420448 0 0
4524910287 0 0
4530591047 1 1
4530591187 1 1
4530591537 1 1
4530591637 1 1
4530591705 1 1
4530592051 1 1
4530592135 1 1
4530592219 1 1
4530592579 1 1
4530592959 1 1
4530593047 1 1
4530593347 1 1
4530593441 1 1
4530593487 0 0
4530594145 1 1
4530594327 1 1
4530594589 1 1
4530594795 1 1
4530595917 1 1
4530596097 1 1
4530596643 1 1
4530596867 1 1
4530598147 0 0
4530598359 0 0
4530598591 0 0
4530598863 1 1
4530599173 0 0
4530599701 0 0
4531223166 1 1
4531223242 1 1
4531223336 1 1
4531223644 1 1
4531223722 1 1
4531223810 1 1
4531224150 1 1
4531224276 1 1
4531224438 1 1
4531224540 1 1
4531224610 1 1
4531225016 1 1
4531225312 0 0
4531225388 1 1
4531225682 1 1
4531226768 1 1
4531227062 1 1
4531227262 1 1
4531227458 1 1
4531228182 1 1
4531228900 1 1
4531229190 0 0
4531229434 1 1
4531229854 0 0
4531231432 0 0
4531231860 1 1
4531232094 0 0
453265930 0 0
4554617703 0 0
4555245620 1 1
4557159026 0 0
4559379622 0 0
4559397222 1 1
4571974845 0 0
4571974969 1 1
4610501914 0 0
462542275 1 1
4630444472 0 0
4646267843 0 0
4646878039 0 0
4653704439 1 1
4676269654 0 0
4683604736 0 0
4689550998 0 0
4704724290 0 0
4708728477 1 1
4718204437 0 0
4718206207 0 0
4718849094 0 0
4742517122 0 0
4746750641 0 0
476333437 0 0
476892734 0 0
4787947991 0 0
4788563404 0 0
4796780409 0 0
4796780993 0 0
4796782625 0 0
4796784201 0 0
4797404426 0 0
4797407852 0 0
4797410276 0 0
4797410714 0 0
4797412340 0 0
480001409 1 1
4816821467 0 0
483950109 0 0
4871250047 0 0
4883723853 0 0
4902687869 0 0
490890119 0 0
4917102235 0 0
4936121415 0 0
494244967 0 0
494245041 0 0
497535609 0 0
4996494975 1 1
4996663097 0 0
4996664009 0 0
4996665289 0 0
4GZFrV4DWlegnM 1 1
4J5bi4G31bjuGM 1 1
4PI8NmxlRsT3ZM 1 1
4YnIQ9zVCBL8DM 0 0
4gtMl1V2qMFSKM 1 1
4nJF30lRSzWkyM 0 0
5-Uk-Wi3cffbXM 1 1
5020913595 0 0
5020915611 0 0
5020924407 0 0
5020927329 0 0
5021520076 0 0
5021529256 0 0
5029681414 0 0
5029682096 0 0
5034886397 1 1
5039035903 1 1
5039036575 1 1
5039064799 1 1
5039114623 1 1
5039115549 1 1
5039116321 1 1
5039127525 1 1
5039128329 1 1
5039141439 0 0
5039157503 1 1
5039158227 0 0
5039315325 1 1
5039670636 1 1
5039671396 1 1
5039686256 1 1
5039696482 1 1
5039717242 1 1
5039718144 1 1
5039760146 1 1
5039776972 1 1
5039934110 1 1
5039934980 0 0
5039947620 1 1
5039948444 1 1
504321626 1 1
5045787855 0 0
504853805 0 0
507756498 0 0
50797542 1 1
50797636 0 0
509656038 0 0
5106002376 0 0
51092229 0 0
5119300914 0 0
5134518580 0 0
5136078472 0 0
5146795721 1 1
516850301 0 0
5174283670 0 0
5174292326 0 0
5175048053 1 1
5175050587 0 0
5175051073 0 0
5175601530 0 0
5175602904 0 0
5175653108 1 1
5175654342 1 1
5175655586 0 0
5176824343 1 1
5176825325 1 1
5176829907 1 1
5176831219 1 1
5177431888 1 1
5200726512 1 1
5224229789 0 0
5230012926 0 0
5230824081 1 1
5230824421 0 0
5230826501 1 1
5230827387 1 1
5231417544 1 1
5231419430 1 1
5247068805 1 1
5255467807 0 0
5274462636 0 0
52823245 0 0
52823260 0 0
5285197409 0 0
5297051309 0 0
5308130923 0 0
531034737 1 1
5317335579 0 0
5326671599 0 0
5361399289 0 0
5363639359 0 0
537906379 1 1
5388653371 1 1
5403495214 0 0
5404219391 0 0
543226869 0 0
54372668 1 1
5501111882 1 1
5505674380 1 1
55124766 1 1
55124789 1 1
55124934 1 1
55124975 1 1
55125005 1 1
55125048 1 1
55125130 1 1
55125186 1 1
55125267 1 1
55125479 1 1
55125539 1 1
55125574 0 0
55125663 0 0
55125693 1 1
55125787 1 1
55125833 1 1
55125864 1 1
55125893 1 1
55125929 1 1
55125948 1 1
55126056 1 1
55126117 1 1
55126172 1 1
5517123573 0 0
5520142594 1 1
5522885986 0 0
5527520969 0 0
5582976249 0 0
5586161469 0 0
5587524344 0 0
5601342858 1 1
5643020100 0 0
5673921233 1 1
5697218778 0 0
57054381 0 0
5745733123 0 0
5745733303 0 0
5745733427 0 0
5745733549 0 0
5746282386 0 0
5746282780 0 0
5756104175 0 0
5774290530 0 0
5774291276 0 0
5800121875 0 0
5821532221 0 0
5828276835 0 0
5832240361 0 0
5846559290 1 1
5848123235 1 1
5849269341 0 0
5849587447 0 0
5849824868 0 0
5852033241 0 0
5866875765 0 0
5868541471 1 1
5870576237 1 1
5874121935 0 0
588690361 1 1
5899708871 0 0
5908470491 1 1
5908470557 0 0
5908470583 1 1
5908470647 1 1
5908470763 1 1
5909027824 0 0
5909028038 1 1
5910093693 0 0
5925393901 1 1
5929281952 1 1
5943800263 1 1
5943801053 1 1
5944355506 0 0
5967072170 1 1
5972450650 0 0
5975923115 0 0
5977574626 1 1
5991267469 0 0
5E0K2kAVtPEbcM 1 1
5IW9vgO_M5JoFM 1 1
5Jidw2wOLos63M 1 1
5OpVFVjlXaK1uM 1 1
5P4srtpiI7gwiM 1 1
5PC4WDOvyY-niM 1 1
5SpidT5NZCzcPM 1 1
5dtmnceOglXHnM 1 1
5jFJboDrX_RxQM 1 1
5u0xKcgCEtkMHM 0 0
5vG3ixxR9UC5aM 0 0
6-MjFRrgYgGxFM 1 1
6015606832 0 0
6018773931 0 0
60235228 1 1
6046473475 0 0
6047030292 0 0
60530806 0 0
6082613623 0 0
6083196131 0 0
6095429751 0 0
6095971368 0 0
6117196779 0 0
6123586194 0 0
6126480561 0 0
6126516481 0 0
6126996712 0 0
6141809459 0 0
6142363562 1 1
6143618425 0 0
6146190537 1 1
6164705756 1 1
6166187675 0 0
6166408337 1 1
617141947 0 0
6188306491 0 0
6201443733 0 0
62071799 1 1
6217538279 0 0
6218122000 0 0
6221317437 0 0
6240304145 0 0
6240304219 1 1
6250656391 0 0
6253478010 0 0
6253478326 0 0
6261983881 1 1
6262509668 1 1
6283360216 0 0
6286114086 0 0
6293598816 0 0
6294808812 0 0
6294810032 0 0
6295329580 0 0
6336245482 0 0
6345958571 0 0
6350813100 0 0
6358306433 0 0
6389291497 0 0
642774285 0 0
6446653413 1 1
6452159577 1 1
6470635561 1 1
64915476 1 1
64915725 1 1
6493819855 0 0
65033426 0 0
6512160407 1 1
6519344985 0 0
6533792511 0 0
6533793253 0 0
6544458115 0 0
65551791 0 0
6565014 0 0
6620054237 1 1
66313561 0 0
6639757881 0 0
6688639909 1 1
6728076 0 0
6780834610 0 0
6801285353 1 1
6803636379 0 0
6814491945 1 1
6830502556 1 1
6838227149 0 0
6859496121 0 0
6862554582 0 0
6866976528 0 0
6924063124 0 0
6936785119 0 0
6955994598 1 1
6Fv_BsYHXn2OJM 0 0
6Ui7GG59xuX7yM 1 1
6dPP2me7dNE0YM 1 1
6j3wRW0Rjfb7nM 1 1
6kQjsBSy-jMmdM 1 1
6zh9ThXgu1E5xM 1 1
7017371845 0 0
7049278131 0 0
7078589267 0 0
7144622439 0 0
7144654205 0 0
7184578518 0 0
7212654024 0 0
72944723 0 0
72950253 0 0
7356073958 0 0
7384955322 0 0
7386905662 0 0
7386960500 0 0
7402180904 0 0
7402181220 1 1
7516596656 1 1
75432748 0 0
7563030270 0 0
7582987024 0 0
7589788528 0 0
7589810640 0 0
7637351700 0 0
7664287550 0 0
7761756388 0 0
7761764 0 0
77K7Gp9BqQ5j5M 1 1
7810085848 0 0
7810086100 0 0
782892042 1 1
7836230560 0 0
7836241988 1 1
7836254072 1 1
790387871 1 1
7986763261 0 0
7996878171 0 0
7AcoNE4VJMuv7M 0 0
7AwauV9q3bd1aM 1 1
7BTM3jEuxBPU9M 1 1
7Ef6UIlHy7xV7M 1 1
7MxGXZRryAn38M 1 1
7OrEek4mlKbzEM 1 1
7RLj86_FWc356M 1 1
7h6fS7axsNh2PM 1 1
7jMOfB4MTuexpM 1 1
7vk70PTsRjVm8M 1 1
7xXXuKW8PVahRM 1 1
7ykK1bJulinAuM 0 0
8-ycb1JpjSWxzM 0 0
8001771824 0 0
8013969138 1 1
8038055725 1 1
8048032999 0 0
8054280453 0 0
8066546312 1 1
8124548217 1 1
8124590088 1 1
8183042916 0 0
8186187249 0 0
8196179509 0 0
8198721615 0 0
8250001958 1 1
8250002136 0 0
826392918 0 0
8274784545 0 0
8282297009 0 0
8282297065 0 0
8283532079 1 1
8283532233 1 1
8284591738 1 1
8297695157 0 0
8305686400 0 0
8380794990 0 0
8383223706 0 0
8383223866 1 1
8386470507 0 0
8431307525 0 0
8434249001 0 0
8439936978 0 0
8489840049 0 0
8493726904 0 0
8495501713 0 0
8560061448 1 1
8571045779 1 1
8575408777 0 0
8576505070 0 0
8576505410 0 0
8612058239 0 0
8640325901 0 0
86595062 0 0
8666310071 0 0
8667405186 0 0
8687011375 0 0
8695912959 1 1
8697032908 0 0
8712597928 0 0
8723290666 1 1
8757152355 0 0
8761112058 0 0
8900805876 0 0
89037440 0 0
89037454 0 0
89037464 0 0
89037476 0 0
89037541 0 0
89037570 0 0
89037612 0 0
89037659 0 0
89037666 0 0
89037695 0 0
8925092350 0 0
8Yz2oATVO5I5aM 1 1
8bC04zytyVuxpM 1 1
8kw0Wv1EcJpKyM 1 1
8mlVc7SfDL4eOM 1 1
8okY-hB10TAqNM 1 1
8srA5SXdJS0z3M 1 1
8wpMg3moANrH-M 0 0
9-zORZnbsjgTSM 1 1
90059572 0 0
9031909423 1 1
9053768615 1 1
9055997780 1 1
9138155367 0 0
9138666147 0 0
9138684421 0 0
9138710057 1 1
9140306478 0 0
9140887516 0 0
9141190994 0 0
9235016311 0 0
9308391918 0 0
9331100360 0 0
9375573144 0 0
9415653451 0 0
9418406194 1 1
9450171015 1 1
9498724189 0 0
951855867 0 0
9530394451 1 1
9530442817 1 1
9530462987 0 0
9533208480 0 0
9533223698 1 1
9533234712 1 1
9533236514 0 0
9533241958 1 1
9636612791 0 0
965429974 0 0
97058833 0 0
9708115796 1 1
9708138100 1 1
9715784288 0 0
9720393471 1 1
9723601696 0 0
9723618612 1 1
9723623278 1 1
9723647948 1 1
9723662326 0 0
984055513 0 0
99006996 1 1
99465666 0 0
9BArmP2vHXU-UM 1 1
9GLfSM4DIuzGxM 1 1
9Hby-hncSK9W_M 0 0
9RIuINyADl8I7M 0 0
9RUQ-b9ncnMp-M 1 1
9S8RooOhmd7_8M 0 0
9ZKqwqtxdXmAWM 1 1
9ZdaxFzJxe83dM 1 1
9ZjMy1eIrUbCnM 0 0
9_qGMCdEo9P0XM 1 1
9bZVmc7FktX9PM 0 0
9daMWhc1t3rYwM 0 0
9h0nGmBXFqim-M 0 0
9neDHrxnftm21M 1 1
A2UY5A-oQGJVSM 1 1
ACkQfmt6gPD63M 1 1
AJDmA3q8W93G8M 0 0
AKTWli-WO57DOM 1 1
APIe5wUdkiaILM 1 1
Ar-xfQREw_V1cM 1 1
AtPTl29f1aNquM 1 1
B9QAVfPUtJpBzM 1 1
BBvCAP73ZDhd1M 1 1
BL1cYg8eImd0pM 0 0
BQarhcexnxP3IM 1 1
BSlHpgoU5amsMM 1 1
BTfZ4Es_DnWYnM 0 0
BVom2ggi8krY6M 1 1
Bf44vH83Y4kg_M 1 1
BlPk9SSp9TsyNM 1 1
BlaUWhsJw3JLdM 1 1
BwoWy6pG10dtwM 1 1
CG1LmDb4pmPSbM 1 1
CJM3krpWUNLUhM 1 1
CM3-EdVLbKlOPM 0 0
CMjul9wyES4qQM 1 1
CPaQ7KbputSFJM 1 1
CWsFFY-ZHBWe8M 1 1
C_gvG06DzsGloM 1 1
CfGXOWaCmiVjbM 1 1
CiiBRn265qkRfM 1 1
CyUjSInSISCBnM 1 1
D1XKZvzS-OnACM 1 1
D50T8z6Q3jr9xM 1 1
DFpZDufwho01KM 0 0
DNHg82RUIGOpFM 1 1
DQCw0WnA9IIhkM 0 0
DUdApRw5J8l3EM 0 0
DUpNx5Jml2lEgM 1 1
E-fFUar6CvN3vM 1 1
EEIJfua4Px3BmM 0 0
EMwXZuW6taRWtM 1 1
EVkaBzlFSE17VM 1 1
Ew1I6OnpOnCJfM 1 1
F01qU-qJg_MVZM 1 1
F19yVNWI2yJqoM 1 1
F5GizsTNz0-_3M 0 0
F5zocC4UMFbgrM 1 1
FQTrWfzVqIOrCM 1 1
FTb67jjUrG56YM 0 0
FYAFevGoG0P7EM 1 1
FiRTu0onQnxMxM 1 1
Fw91Jy7Be8s2IM 1 1
G8SudP-88fG6_M 1 1
GIUL6WEZqH3bCM 1 1
GIo-gf7vgglb7M 1 1
GPlrmuMzhyEWcM 0 0
GTUwtN7IJKHS6M 1 1
G_6jQ7KRzWDGTM 1 1
GkcqTtpLsIxbzM 1 1
H6WTHR6GcH3jQM 1 1
HE1VJc3RR6TCHM 0 0
HGDvY0riBSO9wM 0 0
HIMohFUuUDYwHM 1 1
HJCQaKSfGQowbM 1 1
HcZdSmcZH8w5WM 1 1
I3mQEf3WAmNN3M 1 1
IB_U7-2ozRzVRM 1 1
IRXdPvZop-ysrM 1 1
Icwiw57Jqb81eM 0 0
IfSeiemG1giB8M 1 1
IkdzSdvFYWXqrM 0 0
IlalG-MqsRXUcM 0 0
IonVCRf-ovxDgM 1 1
ItR4M2XzABU-AM 1 1
Iybwwzz8LMzC1M 0 0
J34wtr1aczzYrM 1 1
JQU-f5Kjsmc6vM 1 1
JQXmktu_vIuloM 1 1
JWj6mx5EFBHUpM 0 0
JXEZZm_QuLfqcM 1 1
JYMOuRbaM7UPVM 0 0
JbqOpAOo6YpAPM 1 1
JhuS-hF6Wyv_sM 0 0
Jo3Wljf_Ba7DSM 1 1
Jp3GM6_R95C57M 1 1
KD_5pFhZVKjcaM 0 0
KEAR3kPnCG1zFM 1 1
KEvyyCmk8hAANM 1 1
KpR7B71j3BAx4M 1 1
KvxjJgqcY40hyM 0 0
Kwxhu3koU4lhFM 0 0
L7C5GF58C23CuM 1 1
LCvEYWLLg4oICM 1 1
Ld3SixmqbfeKCM 0 0
M222PdN-PN5r8M 0 0
M2XrkJoAec86OM 1 1
MHwiVobl6gV_yM 1 1
MJgVCnh9rJfweM 1 1
MON-NqIPrzBC6M 1 1
Me2nFAEsqYU_UM 1 1
MgTxpYaBPSR5BM 0 0
Mrnhr4tRPxRmUM 1 1
N-s0iQG-kLOTbM 1 1
NDcgsvhx-XwUiM 1 1
NRuB3qtqgWqfxM 1 1
Nqfdf6JV4JuoFM 1 1
NtwIDTvkT5JLpM 0 0
Nu_1bnz9Swn1dM 1 1
NvOJcinBS8PcgM 1 1
NwaNj8z-dtIBpM 1 1
O1bzmCA8eHSRhM 0 0
OLAzTu3kuf5e5M 1 1
OMMGunyngwvA1M 1 1
OiQZ2Lipqw8xWM 1 1
OrVNlD0I8Ju7sM 1 1
PIMtKTCxuH-YZM 1 1
PKDcHW3MYALscM 0 0
P_dUXrfzxXMYKM 0 0
PcHcoPjOKsAybM 1 1
PfQTwc3cm4F5aM 0 0
PgMk1LpppEMF_M 1 1
PsdADGGsxTrbXM 1 1
PypKtOYcMuigaM 1 1
Q62B9_KsTPp9DM 1 1
Q7Zf48ERRHeYMM 1 1
Q8IgfSIFGz5bhM 1 1
QF5LIycb0sL_pM 1 1
QQ91cti27GYBrM 1 1
QYGVzAJ9uRBuIM 1 1
QsLEswGFZhrg7M 0 0
QsqoqOXQOeA3UM 1 1
R09CUu2oQzCqhM 0 0
R13BKcbBHuFfVM 1 1
RDnCgyNtKBiMzM 1 1
RIwyWx6diCrhYM 1 1
RPopnd1xwiRzMM 1 1
RVFfV7rAYRfA0M 1 1
RXEzt-BB41502M 1 1
Rdg7irBPUGWfeM 1 1
RhDWUhNO4sdgyM 0 0
Rn218zcHMZT0HM 0 0
S4PrNprqTrp15M 1 1
SFsTXJ7OG_7fNM 1 1
SG-D7lKINMeszM 0 0
SPrj8ui5MZVzJM 1 1
SVI9EWiaOlEniM 1 1
SwPSMQ-vCECf3M 0 0
T3F7TsSb6MoZbM 1 1
TIkZeOlHLFyR6M 1 1
TVkqzQox8hWesM 1 1
TZ7Mlswi5hmqMM 1 1
TonGnLC2GyIigM 1 1
TpyE9Xt2Rqj2tM 1 1
Tswu8iBEMgVzfM 1 1
Ttt7KdDsuD9cIM 1 1
Tu5Cw8EjKcXlyM 1 1
U-MxjSxwM9l8xM 1 1
U03ps8SCLHdTCM 0 0
U2FZP1imWn0JhM 1 1
U7TTIWGOxOgk8M 1 1
UHzWPROqeM3sJM 1 1
UKZDRZ9FM5y-OM 1 1
UO9lQ6-Qois5FM 1 1
USdzCypFAO0JhM 0 0
UZ8ZqTpnk17gDM 1 1
Uh0I5FIijZiEQM 1 1
UtFFqciL0F8OrM 1 1
UvwhpRBySqoogM 1 1
UzKDD4v7IG96qM 1 1
VNFl33Tw1ZyRYM 1 1
VW8P2Ga2NxEKEM 1 1
VeuwsG_oGbOSAM 1 1
Vhy0TbGLW5IJSM 1 1
VpZnZjd3zrrJPM 1 1
VyK6M6lyq1zuPM 1 1
VzjWSVEuifdYqM 1 1
W2n5tYG7CBgqfM 1 1
W78GCSBnMD1M7M 1 1
W9OyqIb1nX3z8M 1 1
WAHqUVyqsYZefM 1 1
WBhSkMGixkcMbM 1 1
WDwp2cDNQVDxeM 1 1
WJHy31deWWaldM 1 1
WJsIT7zCT9KixM 1 1
WYPP3l7COcHwXM 0 0
WYexOVokbfzeZM 1 1
WjCeIvZFJWoWPM 1 1
WkGenCeHnGh-MM 1 1
Wx740rbzyBDcLM 0 0
X2hnXczLqDJdzM 0 0
XBIx7FeFt_WMjM 1 1
XGgCT26CBo83KM 1 1
XLrZHhbuPjWsfM 1 1
Xr3Woqfj37vxRM 0 0
Xtt0LqnAjK0OmM 0 0
Y8xOi9vHn5poGM 1 1
YNgUEzeNKnJoNM 0 0
YYRpBYCHeDbxMM 1 1
YZVZh-jUN6rmbM 1 1
YdOhNTVctE5A9M 1 1
Yfbm3BJF3RhJdM 1 1
Z2t0VYPQtSQkyM 1 1
Z4ZFwzoW1gLPUM 0 0
ZFmsIqHUcQAZrM 1 1
ZbaqT11HgnoRxM 1 1
ZeY_zq_Q6qseUM 1 1
ZmVNysU-piFJsM 1 1
ZmYsGvcIuyUHUM 1 1
ZrDKoCv4J3OhmM 0 0
_mpXgp06aAFd0M 1 1
_oU7smz0zeZlJM 1 1
_uOT7o6A2N46UM 1 1
aDmjJpDFPBhmwM 1 1
aMRhdgFQYpNrcM 1 1
aPboYopbYqppZM 1 1
aSVX1vlpQ4yFFM 1 1
aUPf9L20jQCHAM 1 1
aaZjatRIjPtTfM 1 1
ajQwF6rtAV7wkM 0 0
akbT8ZuSPUoebM 1 1
akd8tnfxbXwNfM 1 1
av7v7QljcRH8YM 1 1
avpKJp082ZxlfM 1 1
axoUyhn2yLavkM 1 1
b0TnM17dsZ1mNM 1 1
b7DhsB2q_1Vt_M 1 1
b7EOikSA9gnSsM 1 1
b8PzVWScwOk54M 1 1
bDZtECN_QMtjkM 1 1
bEXTQabyMT4pyM 0 0
bOasuJoc-bGi8M 0 0
bSkZv4Uu7IscMM 0 0
baDdb24_kaNOUM 1 1
bgr6Z8IHryP4SM 1 1
bx2EAhTWTZyzVM 1 1
bzDLXZ9acSBLFM 0 0
bzlGUzxB2zTPHM 1 1
c00YJ2TBSo1EJM 1 1
c09CQVGi11O2_M 1 1
c0eqL6DifCQErM 1 1
c5DZUBB2tlsN7M 1 1
cDCB28zxItQezM 0 0
cWuT6gmc-u0Q8M 1 1
cXPH-QrR4CFdeM 1 1
cYDGsPpi_lWyBM 1 1
cg1Pgzb5JFMuJM 0 0
clcBbftaMda4tM 1 1
dC-DzuNus7KmPM 0 0
dTS8wYGvZncvLM 1 1
dWKlYwl2c82ruM 1 1
daTyD2M0co2XEM 1 1
ddye_gXbdumZEM 0 0
diaVjLE4sJHjAM 1 1
dja1bAwwPobw7M 0 0
dokJbLRGc6m5CM 0 0
dxM4gakYQYWmDM 0 0
e40nG_rzLo-J6M 0 0
e7MAHNV-ACWv9M 0 0
e9pe8lyzfhwGhM 1 1
eAnoSBSp1D5R1M 1 1
eBUOMsTIkiQhyM 1 1
eI0kHgTRd5Uu1M 1 1
eIjUjyDxIQWs8M 1 1
eL3es9vWnkbinM 1 1
eWoMEin32A6FgM 0 0
eqKIvFVWv_QZvM 1 1
ey7JOweDbqLaNM 1 1
f1bSURiRsVkFzM 1 1
f4Gx2oir7uqpGM 1 1
fD5u-HJI1E21wM 1 1
fFEVmJOdskJJFM 1 1
fRHMbUrgy4kxFM 0 0
fiB0h_shYSyRqM 1 1
g1TsHxLtkVbt8M 1 1
gFEXDnkvD4bg9M 1 1
gMKPEMzsVoiUtM 1 1
gR78gjFYkDzd-M 1 1
gfXh8k9mE3w9HM 1 1
gjwOBmu0otJEXM 0 0
gr3l55ZBazabLM 1 1
gwLcpcmdn1sIYM 0 0
gwTjnjX_8vSmkM 1 1
hF1RAHhqXk3yeM 0 0
hFJFe0LbW_jZCM 0 0
hIqlKo3qet7XlM 1 1
hLtQeWIHQGX3oM 1 1
haXp6r5reOOrxM 1 1
hbdiDzwpll1MzM 1 1
hgJUWoAdTZ0e2M 1 1
hhj8dYRK_UQCYM 0 0
hicyzhXvsu4S6M 1 1
hkMLK9iEwsSWKM 1 1
iACpiqZL-9V9FM 1 1
iFU509UY_s2bUM 1 1
iSidtBO6F5oRvM 1 1
iVMWl70me-BYAM 0 0
iesgRdkZk4niPM 1 1
ifpUxJDS8fm9FM 1 1
inztIcUKzhJtRM 1 1
iv3zLsc0nJAjdM 1 1
j-R6ESFakxJGvM 0 0
j5sooFH_Nj3B-M 1 1
jAYw9D-nC4KJ1M 1 1
jSfwDG39zHPdpM 1 1
jYbpDc2XeanRtM 1 1
je7A0lokR_JR6M 1 1
jfWGXhBcs1-pqM 1 1
jqntHpkLqQ5SsM 1 1
jw814ngJxj4F2M 1 1
k9nArpSoUjqU5M 1 1
kTcheixI-9Jm1M 1 1
kjcGi83JYfg5jM 1 1
kjyyp0nY8aCZ4M 1 1
kwN9Wb5XR04WQM 1 1
l6y_1pbPnQQisM 1 1
l8hiJ40IiojzbM 1 1
l9L53wZVR5YuzM 1 1
lDi1ytaiGETuFM 0 0
lGdE82nFJDScZM 1 1
lNv1XY4D22416M 1 1
lZGlbydQAkUU6M 0 0
ldcimtgf0yK9cM 1 1
lmMfiSuK7MRPpM 0 0
lqcSTX8Rw3E5iM 1 1
lsc51K3B_3f8pM 1 1
luFVloyNscn_MM 1 1
mEAtIxvBEZa-NM 1 1
m_fV5KqqvLpZAM 1 1
mc_OAi8pHSlkzM 1 1
mk_8sRrrwNO9xM 1 1
mmCSfiTV4EDNiM 1 1
mqXW5bqcGnvtpM 1 1
mtcF4f4QalkKfM 1 1
n05seiFdLBz_dM 1 1
n6hVr3GLrHMW_M 1 1
nMcGoLuYPtMeLM 1 1
nODVcsBXTCTE4M 1 1
nbLFKqPxbiaUTM 1 1
nk4DXnjtjlxqoM 1 1
nklMYAj8rQ922M 1 1
ntCl_hmAI0sA5M 1 1
nvplqNAa8RTbXM 0 0
o6aKZGRWFPZYYM 1 1
oGT0e5eyLujsRM 1 1
oJVUJ4EnTgs6nM 1 1
oKqaB7Wo9GZ6YM 0 0
oOTH_q00LfDm3M 1 1
obS3NCAYD0k40M 1 1
oqa6Y4BAqOgxbM 0 0
pB0rZmL9mWx16M 0 0
pCqEKSt1UJla7M 1 1
pUMF2ufuvwP5dM 1 1
peesDQ-xPFs7AM 0 0
pid7C9HXIn4vhM 1 1
poGZQpgtX0r5pM 1 1
pqRg3X01GLei-M 0 0
qEi1jYDZydxVwM 0 0
qFVA9Knl2T-ZeM 1 1
qQzva50tTPqWsM 1 1
qRYS8wenNDKJcM 1 1
qpPEgbm6-pgsMM 1 1
qswdW7zwTiFERM 1 1
qxAvAyF6y-ZvjM 1 1
qyNmx_DVp9Ob4M 1 1
r-WPEHQqat0_AM 1 1
r-dp87PD28evEM 1 1
rUKcDgC-IoIScM 1 1
rifFw0XVuJOXoM 1 1
rlut_zqT3Z_lqM 1 1
rpk1ikegMUvs-M 0 0
rt7RtOymmLAKfM 0 0
rth_1FZZCMiOnM 1 1
rurVCxJlDZFlFM 1 1
sG0Nj5R_kKG4PM 1 1
sHALYmwPy0wdUM 1 1
sNk4r_bVzJ-zPM 0 0
sVbdaRnEX1IrqM 1 1
sbBZZif-zpkAsM 1 1
sbYc6Yd9YCBLAM 0 0
ssvx78Z-g34HJM 1 1
stPSf7EqyWAZ5M 1 1
t-7TpoNIWcO_wM 1 1
tCpUVALUrLlPEM 1 1
tKklkcxrljvKaM 1 1
tOPC2-DhDU2alM 1 1
tTsfYw7hSB7tpM 1 1
u2iuMXICUEQ2HM 1 1
uHNZ2taV_7PJjM 0 0
uIh-h6aTiLfpKM 1 1
uV_fM2K3Au0HNM 0 0
uXFvOqNraGQcRM 1 1
uZ4HXzEDOEK2gM 1 1
v7yhnhrXxFbBoM 1 1
v83zc_Gy4xhfFM 1 1
v91-X8cFN94wWM 1 1
vGY5zM5ej5fFYM 1 1
vILkHcFSgSkZ5M 1 1
vJkupkZ4voFrxM 0 0
vKY1GEM36XEi-M 1 1
vO41Nx17x3xS3M 1 1
vhA0yWgMdGaXsM 0 0
vjQ9imQtdfaTZM 1 1
vlgysFfHQwSZKM 1 1
w03sHYrpmsw-dM 1 1
w3bpiOXN6nckRM 1 1
w6l9qQPsR0v7pM 1 1
wJeIUxrhrGn_TM 1 1
wVF_DbftFGgc2M 1 1
weUZmlbRc778EM 1 1
wjvCunLXpynUfM 1 1
wka3Q-P5kU4GsM 1 1
x3eLN3PASWF34M 1 1
xFd-TzQt64BktM 1 1
xI1_gymA-NRrWM 1 1
xPEK0F7HQuTTAM 1 1
xTvN7ys0LDUO1M 1 1
xeMvA7dLvv3iVM 1 1
xnmjWMUhU0rySM 1 1
xtUGYsrbJN8vsM 1 1
y56nfpJDifh2WM 1 1
yBVQEEOvA7zZFM 1 1
yCv6UV3AbgwAtM 1 1
yT6HA9-3JkO2yM 1 1
yfyb-YVgH2bJAM 1 1
ylzYF4r0KSSwmM 1 1
yn7f6M1BADrZ7M 1 1
yr742LqE8Dp52M 1 1
yv536-WRExdKkM 0 0
z5eMuXTlnniosM 0 0
z6Nt1yNFMfCxwM 0 0
zDeNhYHc3lYfOM 1 1
zERuqPSs1yyAbM 1 1
zJ6jmnH0aoN1cM 0 0
zNOG2ARJUVUeFM 1 1
zPSyiqkYnV5LOM 1 1
zUwjoC-M2K0YzM 1 1
z_ksoPxaI3M9cM 0 0
zexlSx2wXBvoDM 1 1
zhixYHDIBRkLqM 0 0
ztoLn8r0ELweDM 1 1
zz9X2FtVBBDGoM 1 1
