-0SOdRCfIVNF_M 0 0
-2ELYIOhYBoSuM 0 0
-RTy5LyBIuKUkM 0 0
-RryiLxBfJDKQM 1 1
-TQLYqlwPlNkdM 1 1
-VOOkgTk3F-ueM 0 0
-bHoFl3bDdVAqM 0 0
-e5SEaf_DGUBZM 0 0
-sQ23AWazigGqM 1 1
-wGrpTagsRPWFM 0 0
019fbfjtONBNDM 1 1
08SgjJ1REdP-yM 1 1
0Hm_IbaZd_CvMM 0 0
0UCNJOM3Fm6oPM 0 0
0aPKgEzYgCbW3M 0 0
0dWfMXi-xAfzXM 1 1
0lt0ZRPp5Z9RSM 0 0
0lx40jRMdyzo7M 0 0
0ogUhnCDIhSVmM 0 0
0qj_6UlqeaMciM 0 0
0tpkOFQxBcnmGM 0 0
10021528 1 1
10067061975 1 1
10129802973 0 0
10139795673 0 0
10249157644 0 0
10276686005 1 1
102808669 0 0
1029294719 1 1
1029347487 1 1
1030165782 0 0
10336328 0 0
103803644 1 1
1041226996 0 0
1054870654 1 1
1057215836 0 0
10609010 0 0
10796261846 0 0
1095168777 0 0
1095986290 1 1
1096013124 0 0
11015600504 0 0
1118360534 0 0
11217209824 1 1
11264427 1 1
1152698261 1 1
11675678 0 0
11675860 0 0
11752965296 0 0
1189584353 1 1
1198044231 1 1
1198907520 1 1
119917612 0 0
122282437 0 0
1234726950 1 1
123929900 0 0
124683817 0 0
124980443 1 1
12541434754 0 0
12695975643 0 0
12919114085 0 0
130046907 0 0
130050594 0 0
1323617969 0 0
1327670228 0 0
13386624054 1 1
134018844 0 0
134018901 0 0
135937986 0 0
1365163374 0 0
13746361953 0 0
1382929325 0 0
13881101355 1 1
13881105355 0 0
13881492904 1 1
13881503134 1 1
1394125688 0 0
1394126144 0 0
1395204504 1 1
14082364431 0 0
14085550555 0 0
14175540800 0 0
14211409506 0 0
14240815879 0 0
14248942316 0 0
14299010810 1 1
14299054808 0 0
14299140500 0 0
14299214499 0 0
14299218860 0 0
14299222707 0 0
14299236298 0 0
14299260860 0 0
14299331049 0 0
14299374809 0 0
14299416609 1 1
14299566797 0 0
14299635637 0 0
14301132070 0 0
14301184918 1 1
1430124528 0 0
14301923590 0 0
14329491696 1 1
1437079389 0 0
143764858 0 0
14407106447 1 1
14411866258 1 1
14411897239 1 1
14435219456 0 0
14436502771 0 0
14457628263 1 1
14458333915 1 1
14462619666 0 0
14462631596 0 0
14462828756 0 0
14463009206 0 0
14464061067 0 0
14464660886 0 0
14464661796 1 1
14472699573 0 0
14482529631 0 0
14482702731 0 0
14484392461 1 1
14484437144 0 0
14484458474 0 0
14484528424 0 0
14484543822 1 1
14484557622 0 0
14484597602 0 0
14484682092 0 0
14484737412 0 0
14484905412 1 1
14484919612 0 0
14485596235 0 0
14485698525 0 0
14485711815 0 0
14485817955 0 0
14485879385 0 0
14486170185 0 0
14486178905 0 0
14486520184 1 1
14486529002 0 0
14505993903 0 0
14506090953 0 0
14506173743 0 0
14506336883 0 0
14507889493 0 0
14522381653 0 0
14564268580 1 1
146175453 0 0
146507810 1 1
146507850 1 1
14655911577 1 1
14657845760 1 1
14657846150 0 0
14657954498 1 1
14725530452 0 0
14730720581 1 1
14739323756 1 1
14743800618 0 0
14759978364 1 1
14768463660 0 0
1477568006 0 0
14856506803 1 1
14864418553 1 1
14908728118 1 1
14914461639 0 0
14914501000 1 1
14914573308 1 1
14933968607 0 0
150163100 0 0
15023037991 0 0
15048816888 0 0
15049170541 1 1
150497431 0 0
15072043771 1 1
15077420700 1 1
15077566148 1 1
15077723999 1 1
15077889277 1 1
15078159326 1 1
15078161596 1 1
150795798 1 1
15085430131 1 1
15094959142 0 0
15095152362 0 0
15100789352 1 1
1510633898 0 0
15108178075 1 1
15160526987 0 0
15160527808 0 0
15166964899 1 1
15167029000 1 1
15167142388 1 1
15167144318 1 1
15167210617 1 1
15167216137 0 0
15172790606 1 1
15180025766 0 0
1522499336 1 1
15240984836 1 1
15241460356 1 1
15330697966 0 0
15330707546 0 0
15353381792 0 0
15353399092 1 1
15353713325 1 1
153933980 1 1
153934043 1 1
153934063 1 1
15454424305 1 1
155250807 0 0
15568248018 0 0
156209022 0 0
156995326 1 1
1575227370 0 0
158440975 1 1
15877175600 1 1
159422198 1 1
16013448350 0 0
16198877031 1 1
16204722027 0 0
16218300000 1 1
1624402771 0 0
16285572164 1 1
16312216175 0 0
16330299 0 0
165405943 0 0
16540898719 1 1
166708281 1 1
16834743869 0 0
170857647 0 0
170860849 0 0
170867271 0 0
170869519 0 0
170874060 0 0
17315568911 0 0
174989139 1 1
174999133 0 0
17528496431 0 0
1752880340 0 0
17rWysq5GEzShM 1 1
180677687 0 0
181982522 1 1
18243986911 0 0
18735715063 1 1
18735789273 0 0
187731242 0 0
18776270441 1 1
18842525578 0 0
18903096423 1 1
18922871543 1 1
19096655 1 1
19168585270 1 1
19168700738 0 0
19168736888 0 0
19234894760 1 1
19234918658 1 1
19234919608 1 1
19272547294 1 1
19274263823 1 1
19335977208 1 1
1934881631 0 0
19350105072 0 0
1935080721 0 0
19355815978 1 1
1936217969 0 0
19371930880 1 1
19372053568 1 1
19372100728 0 0
19372163280 0 0
19372176748 1 1
19517622696 1 1
19517632226 1 1
19533558576 1 1
19533916026 0 0
19534036976 0 0
19551832712 0 0
19561792098 1 1
196688890 0 0
196689651 0 0
1FSKQzJy0fK8lM 1 1
1QcNZphJqRjoMM 1 1
1RgmJJ1cCsRlpM 0 0
1UhFq_X3wRylCM 1 1
1Z1sMgwRXuDqXM 0 0
1dlv5EXFluZoHM 1 1
1fkh5CK2iURe7M 0 0
1hSkOsQaeWXOUM 0 0
1jOeJUoN9rv1oM 0 0
1oF1tGa9xm4C5M 1 1
1rTXEWau-EGeSM 0 0
1ydL9zWInmc2PM 0 0
200362614 0 0
2015097 0 0
20151269 0 0
20155896 1 1
2022041709 1 1
20236834914 1 1
202567522 0 0
20265477055 1 1
2026842903 0 0
203366093 0 0
20415766388 1 1
2042560847 1 1
2042563193 1 1
2043360656 0 0
2070168395 1 1
20742606643 1 1
20835636599 1 1
208415781 0 0
2086882933 0 0
208878645 0 0
2094589602 1 1
210699786 1 1
210700901 1 1
210701575 1 1
211300271 1 1
211300525 0 0
211301732 0 0
211303826 1 1
21139268053 0 0
21176827659 1 1
21363683635 1 1
2138287840 0 0
2138737637 0 0
21399649136 0 0
2141878320 1 1
2148006116 1 1
21480892534 1 1
215217429 0 0
21572465020 0 0
2161360925 0 0
2162159468 0 0
2172403187 0 0
21734173276 1 1
21734283196 1 1
2175275569 1 1
2175287177 1 1
2175287985 1 1
2175288443 1 1
2175292691 1 1
2175542825 0 0
2175546723 1 1
2175548057 1 1
2176068514 1 1
2176080266 1 1
2176187 0 0
2178117178 0 0
2178142828 0 0
219431451 0 0
219432816 0 0
219477786 0 0
2194995010 0 0
219629635 1 1
220125004 0 0
220125222 0 0
220125388 0 0
220125532 0 0
220125640 0 0
220125964 0 0
22091224492 1 1
2211563871 1 1
224785976 0 0
22478624245 1 1
22489617921 0 0
225141542 1 1
225531658 1 1
22619523514 1 1
22621873983 1 1
22621884763 1 1
2270373594 0 0
2271879347 1 1
228430952 1 1
228456981 1 1
22879987629 1 1
22953420260 1 1
22953430620 1 1
22953876460 1 1
22c9UbLI_P-pAM 1 1
231197925 0 0
23248969095 1 1
2331572191 0 0
233754136 0 0
23461394481 0 0
2348270335 0 0
234890088 1 1
2351820683 1 1
2352649934 1 1
2352650678 1 1
2359093104 0 0
23770090851 0 0
238094978 1 1
23828405981 1 1
238835776 1 1
23933961 1 1
23935931 1 1
239530555 1 1
2395707163 1 1
2395723007 1 1
2395740725 1 1
2395741991 1 1
2395743099 1 1
2396701042 0 0
2397616896 1 1
24033170093 1 1
2405909559 1 1
241472146 1 1
241472291 1 1
24177474676 0 0
242021942 1 1
242022552 1 1
242022750 0 0
2425661822 0 0
2427255474 1 1
24292369309 1 1
2433897529 1 1
2456143753 1 1
24633879726 1 1
2477897122 1 1
248498450 0 0
249587030 1 1
2502813671 0 0
2516631935 1 1
2516633845 1 1
2516634773 1 1
2517450890 1 1
2517452574 0 0
2517454516 1 1
2517457448 0 0
2519548373 0 0
2521230487 1 1
2522048366 1 1
25268665 1 1
25268676 1 1
2532755341 1 1
2532756079 0 0
25332743 1 1
2544362347 1 1
2548785009 0 0
2550241436 1 1
255318099 0 0
2559117220 1 1
2570260958 0 0
2579821880 1 1
25808334953 0 0
25819604964 1 1
2582819170 1 1
2587667132 0 0
2592258380 0 0
2599262439 1 1
2600417065 1 1
2614368565 1 1
262034450 0 0
262034452 1 1
262034455 0 0
2620952151 0 0
2623081391 1 1
2623902492 1 1
2623902910 1 1
2623905700 1 1
2623908194 1 1
2623909008 1 1
262645926 0 0
26340445013 1 1
2636435151 1 1
2637259438 1 1
26385160456 0 0
26411083515 0 0
2643924275 1 1
2644715362 1 1
2651101 1 1
26512766263 1 1
2652679258 1 1
265741493 1 1
2662860042 1 1
266516103 1 1
266516172 0 0
2666228051 0 0
2671241115 1 1
2671246621 0 0
2676499539 1 1
267902750 0 0
2681214211 0 0
268129607 1 1
2681990464 0 0
2682027692 0 0
2682114892 0 0
2682708699 1 1
2700449760 0 0
27068125914 0 0
2707127259 0 0
2707132953 1 1
27116469935 1 1
2715462122 1 1
27200506 0 0
27201083 1 1
27201235 1 1
2725939611 1 1
27282236472 1 1
2734427832 0 0
2734428404 0 0
27346308906 1 1
2735775093 1 1
27392717691 0 0
2739633643 1 1
2740437532 1 1
2740457880 1 1
274313478 0 0
2750064758 0 0
2750065968 0 0
27579943322 0 0
27606294481 1 1
27645694046 1 1
27768494540 0 0
2778434396 0 0
2780920039 1 1
2780921703 1 1
2781783520 1 1
2781786654 0 0
2781826244 1 1
2781827564 1 1
2782120268 1 1
2782121646 1 1
27923464922 0 0
27932955341 1 1
27932976271 1 1
2794870019 1 1
2794875557 1 1
2794921643 1 1
2794930499 1 1
2794945409 1 1
2795731654 1 1
2795736092 1 1
2795769492 0 0
2795782744 0 0
27994053811 1 1
2801964218 0 0
28049339686 1 1
28049340736 1 1
2815190994 0 0
2817993006 0 0
2819627468 0 0
2821502084 0 0
2835951856 0 0
2841614551 1 1
2841643304 1 1
2842604565 1 1
2844556595 0 0
2860595861 0 0
2864379228 1 1
286zcFMHgD66hM 0 0
2875792795 0 0
2877946592 1 1
2877950168 1 1
2877962218 1 1
2879704228 1 1
2879705684 1 1
290590049 0 0
2926944 1 1
2935412141 1 1
2947118266 0 0
2950416237 1 1
2952301059 0 0
2955617867 1 1
2956429870 1 1
2957021427 1 1
2964413183 1 1
298448759 0 0
298994890 1 1
299752991 1 1
299753269 1 1
299753735 1 1
299754116 1 1
29PPOU5uQsEZRM 1 1
2BGGsyWzxf2_7M 1 1
2EnpPMkQcwSKYM 1 1
2NsIpor-jC7XrM 0 0
2UESD9wSz0LZHM 0 0
2a3TUzIJFIMtdM 0 0
2b5e1F00z9YUiM 0 0
2lJ1KROwNZCIWM 1 1
2oQnBb3k552m-M 0 0
2ztHfqCqf0hCpM 0 0
3009448641 0 0
3012414889 0 0
3049092854 0 0
3059050819 0 0
306042711 0 0
3063591009 0 0
307093291 1 1
3071280687 0 0
3072119438 0 0
307596338 1 1
307596378 0 0
307596605 1 1
307596672 1 1
307597077 1 1
307598753 1 1
307599180 1 1
30810582 0 0
3091114824 0 0
3128921940 0 0
313958 0 0
3141113448 0 0
315057329 0 0
31513367 0 0
3157563081 0 0
315943598 0 0
3163911426 0 0
31mMpGxhN8kJVM 0 0
3202958330 1 1
321751591 1 1
324342108 0 0
32557197 0 0
325905343 0 0
3264582710 0 0
3313539565 1 1
3324878643 1 1
3324879279 1 1
3325713086 0 0
3325713678 1 1
3328955435 1 1
3329789944 1 1
3329790490 0 0
3338228165 0 0
3414832180 0 0
3421612377 0 0
3421612465 0 0
3421612799 0 0
3421612907 0 0
3422418142 0 0
3432364227 1 1
3435121282 0 0
34372378 1 1
3457135955 0 0
3457638077 1 1
34603448 0 0
3463673403 0 0
3477948952 1 1
3490764107 1 1
3490769673 1 1
3491579628 1 1
3498903643 1 1
3504905429 0 0
35083123 0 0
3511681228 0 0
3519519808 0 0
3524109225 0 0
3525235969 1 1
3534503673 1 1
3534508993 1 1
3535330132 1 1
3535331518 1 1
3535552492 1 1
3542472299 0 0
3558328951 0 0
3562633113 0 0
3565609120 0 0
3579808658 1 1
3591567359 0 0
3595422069 0 0
3623852131 0 0
3633731225 0 0
3633757375 1 1
3633824119 1 1
3634557644 1 1
3634599824 1 1
3658727692 0 0
3658727694 0 0
3658727708 0 0
3658727710 0 0
3658727714 0 0
3665937282 1 1
3666006702 0 0
3668047929 0 0
36702838 1 1
3704713254 1 1
3710417518 1 1
3710434458 1 1
371102922 0 0
3714983024 1 1
3718638707 1 1
371934121 1 1
371935098 1 1
371939606 1 1
371940634 1 1
3719451588 1 1
3719463674 1 1
3719465212 1 1
371947033 1 1
3719481010 1 1
371949031 1 1
371950987 1 1
371952835 1 1
371954693 1 1
3724217523 1 1
3733258860 1 1
3739281642 1 1
3740534549 1 1
3740534911 1 1
3740559717 1 1
3740560485 1 1
3740561231 0 0
3760101650 1 1
3760333495 0 0
3774441987 0 0
3777407252 0 0
3788617265 1 1
3789161125 0 0
3789398482 1 1
3808140693 0 0
3816653028 1 1
3838212989 1 1
3840816968 0 0
3846492958 1 1
3846514928 1 1
3847308591 1 1
3848156977 1 1
3848442092 1 1
3848905992 1 1
3849266274 0 0
3849271692 0 0
3849277232 0 0
3856151692 1 1
3856720882 0 0
3860774642 1 1
3860777682 1 1
3878122619 1 1
3887743141 0 0
3895133409 0 0
3901606813 1 1
3923701929 0 0
3923714507 0 0
3923722229 0 0
3924470174 0 0
3924474258 0 0
3924505630 0 0
3924509746 0 0
3924513780 0 0
3932377651 1 1
393469379 0 0
3939308693 0 0
3959847567 0 0
3965993420 1 1
3974187700 0 0
3977768532 1 1
3987093026 0 0
3Ky41BrhMZ9OBM 0 0
3NqUbx-piyLdPM 0 0
3SjikbgVfFz68M 0 0
3hU6fsy7eU1QnM 0 0
3n5_3bfPM4kk5M 1 1
3sHRUHf0Irtb3M 1 1
3wkdP-FfJngEEM 1 1
4002045164 0 0
4009251934 0 0
4023044253 1 1
40280306 0 0
4040386822 1 1
4047220878 0 0
41008211 0 0
41008251 1 1
4118240799 1 1
4119000684 1 1
4119177698 1 1
4119225091 1 1
4119227603 1 1
4119227767 0 0
4119227967 1 1
4119998212 1 1
4120000872 1 1
4129174398 0 0
4129206752 0 0
413382903 0 0
4134542093 0 0
41402357 0 0
416263681 0 0
41fNVGrAZH0hvM 0 0
4204713679 1 1
4215873349 0 0
4219672685 0 0
4256882386 1 1
4257575400 0 0
4297032306 0 0
42AtmIuFrtvqpM 0 0
430531105 0 0
4306440461 1 1
4307169728 1 1
4307170830 1 1
4307171006 1 1
4307171676 1 1
4313487595 1 1
4314224238 1 1
4316580623 0 0
431802701 0 0
431806062 1 1
4336233910 0 0
4342022176 0 0
4349263602 0 0
436281375 1 1
436281476 1 1
436281711 1 1
436481529 0 0
43659995 0 0
43803947 1 1
43804031 1 1
4390013163 1 1
4409731249 1 1
4410496494 1 1
441100638 1 1
4421827509 0 0
4423893669 0 0
4451438551 0 0
4495295976 0 0
4505292934 1 1
4546205588 1 1
4546205878 1 1
4546206210 1 1
4547776181 1 1
4548414084 1 1
4580186915 1 1
4583571900 0 0
4607123194 1 1
4660667015 1 1
4660670397 1 1
4661288140 1 1
4661288786 1 1
4661289338 1 1
4661290060 1 1
4661291356 1 1
4669287073 1 1
4688527548 1 1
4711070794 1 1
4715997383 0 0
472217825 0 0
4730888164 1 1
4730888192 1 1
4732284002 0 0
4737954092 1 1
4742045327 1 1
47443454 0 0
4761482532 1 1
4766197527 1 1
4772206567 1 1
4772848750 1 1
4772849736 1 1
4788415165 1 1
4790766164 1 1
4790768999 0 0
4791389222 0 0
4793916430 0 0
4797874791 0 0
4806208984 1 1
4808343197 1 1
4808424889 0 0
4808552707 1 1
4809028052 0 0
4809040454 0 0
4809057464 0 0
4809173300 1 1
4812686056 0 0
4813477287 1 1
4826963334 0 0
4828408221 1 1
4834364866 0 0
4852120482 0 0
4854583016 1 1
4856356441 0 0
4867334323 1 1
486837452 1 1
48703033 1 1
4873199101 0 0
4880963745 1 1
4897640566 1 1
4902203579 0 0
4902327369 0 0
4902353619 1 1
4902921628 1 1
4902946160 1 1
4902946334 1 1
4909463205 1 1
4912891507 0 0
4918205054 0 0
4919587339 1 1
4919590359 1 1
4920185560 1 1
4920187146 1 1
4920188276 0 0
4920188532 1 1
4920189174 1 1
4933274043 0 0
4933361147 1 1
4943022109 0 0
4944261694 1 1
4952332930 1 1
4960520305 1 1
4968122399 1 1
4968123071 1 1
4971848010 1 1
4974874727 0 0
4976882317 0 0
4982803577 1 1
4995829476 1 1
4C8NNuILHTETIM 0 0
4Lc8TTOgQfqvoM 0 0
4MS7lrpdEEbwSM 0 0
4QZTKrYvBVMAUM 0 0
4Zx_A6rvin2_DM 0 0
4bVFCgIAhmQh2M 0 0
4b_kQzBFWWZt3M 0 0
4bslBXT_46xS7M 1 1
4ijy9hiyOQkwZM 1 1
4iyq0PTqcbzMqM 0 0
4zke4IyblMrkiM 1 1
5-LoUvADWUCn8M 0 0
5002332730 0 0
500750357 1 1
5007968948 1 1
5023363362 1 1
5037660856 1 1
5049456342 0 0
50683493 1 1
50683780 1 1
510033090 0 0
51180771 0 0
5125031365 1 1
5125622166 1 1
5125626828 1 1
5125632724 1 1
5125633032 0 0
5125633668 0 0
5125635718 1 1
5125636004 1 1
5166540616 0 0
5169424483 0 0
5179508110 0 0
5192095424 0 0
5196908964 0 0
522360816 0 0
5239210736 0 0
5239893699 0 0
52616342 0 0
527327782 0 0
528637159 0 0
528882413 0 0
5334522824 0 0
5335649272 1 1
5335649692 0 0
5348944409 1 1
5352571907 1 1
5352573843 1 1
536037662 0 0
5364308717 0 0
5364312003 0 0
5364316483 0 0
5371757979 0 0
5372716264 1 1
538674846 1 1
5431973018 0 0
544718948 1 1
5454756297 0 0
5469588017 0 0
5482334234 1 1
5485947230 1 1
5487347808 0 0
5490598518 0 0
5493695535 0 0
5493696551 1 1
5493700993 0 0
5503169704 0 0
5544322191 0 0
5550423300 0 0
5564407240 1 1
5570731794 0 0
5586831368 1 1
559134730 1 1
559136476 1 1
559141396 1 1
559151530 1 1
5596103017 0 0
5622223103 1 1
5622224579 1 1
5622245283 0 0
5622721609 1 1
5622804648 1 1
5622806998 1 1
5622814090 1 1
5622841462 1 1
5622893674 0 0
5640157260 0 0
5647042726 1 1
5647048966 1 1
5690633125 1 1
5691209676 1 1
5709931907 1 1
5709952183 1 1
5709973775 1 1
5709978463 1 1
5710510600 0 0
5710516268 1 1
5726445078 0 0
5733j5kYUNbY_M 0 0
57402472 1 1
5760218616 0 0
576400061 1 1
5770063538 1 1
57854793 1 1
5793464637 1 1
5794125209 0 0
5794468865 1 1
57LhUVOJA8RXrM 1 1
5800667589 0 0
5801067010 0 0
5802548760 1 1
5813242097 0 0
5845307217 1 1
5850317617 1 1
5867724195 0 0
5893957965 1 1
5894512464 1 1
5911299997 0 0
5915191195 1 1
5915750778 1 1
5916374171 0 0
5917056801 1 1
5917615108 1 1
5917640457 0 0
5918201252 0 0
5920332106 0 0
5923971693 0 0
5934698807 1 1
5934718041 1 1
5934719125 1 1
5935270886 1 1
5935275448 1 1
5935276296 1 1
5935278024 0 0
5943562913 1 1
5943660023 1 1
5943660765 1 1
5944206768 1 1
5944216990 1 1
5944218508 1 1
5957218707 1 1
5957223125 1 1
5957780450 0 0
5961715781 0 0
5961717149 0 0
5961720879 0 0
5961722897 0 0
5961725205 0 0
5961727457 0 0
5962273560 0 0
5962284514 0 0
5962287056 0 0
5962289296 0 0
5962292638 0 0
5964296113 1 1
5974631848 1 1
5986223845 0 0
5988762292 1 1
5G-1HSkp-HWBLM 1 1
5PSDtbQePsnslM 0 0
5SXKkVAdF0Np6M 0 0
5fs2hJ7X0zafnM 1 1
5guhlaX-vnhdGM 0 0
5o96EeXYWmsiLM 0 0
5oUDAGPWcJv3yM 1 1
5q6RravDQEOdgM 0 0
5wXIXWJmi4vHtM 1 1
5xUB7xUN8UADtM 0 0
5z4GP605-Sa0HM 0 0
6008938700 0 0
6010237365 0 0
6014634110 1 1
6023492494 1 1
602661951 0 0
6035826127 1 1
6036293778 1 1
6036363204 0 0
6036368186 1 1
6043375967 1 1
6043376475 1 1
6043941876 1 1
6043944684 1 1
6066136453 0 0
6066258726 0 0
6066477010 0 0
6067278717 1 1
6067279451 1 1
6067309131 1 1
6067815028 1 1
6067816438 1 1
6067829536 1 1
6068191623 1 1
6086874750 1 1
6086875830 1 1
60gsjmhy3U9z-M 0 0
6105137867 1 1
6105664318 1 1
6105682982 1 1
6129111006 1 1
6130821377 0 0
6131371188 1 1
6149324148 1 1
6150647810 0 0
6158662300 0 0
6168964861 1 1
6176112814 0 0
6176116228 0 0
6178219053 0 0
6178742124 1 1
6184024945 0 0
6185199751 0 0
6188009103 0 0
6188014159 1 1
6188017681 0 0
6188019685 1 1
6188020597 1 1
6188026453 0 0
6188030447 1 1
6188030955 1 1
6188533014 1 1
6188535354 0 0
6188536130 0 0
6188541780 0 0
6188542230 1 1
61AvC5vA4Wa__M 0 0
61BLGBFvabvZnM 0 0
6204530741 0 0
6204948434 0 0
6230458312 0 0
6236494 1 1
6242231487 1 1
6250837502 1 1
6310498068 0 0
6327070149 0 0
634257611 1 1
634258763 1 1
6409387699 0 0
6413618655 0 0
6413618775 1 1
6413980507 1 1
6417704937 1 1
6417708603 1 1
6417719337 1 1
6417722181 1 1
6417792547 1 1
6417796357 1 1
6417801051 0 0
6417806057 0 0
6417810283 1 1
6417815039 1 1
6417819473 1 1
6417823583 1 1
6417828215 1 1
6417832527 1 1
6417838199 1 1
6417843729 1 1
6417848211 1 1
6417850921 1 1
6417854361 1 1
6417896819 1 1
6417900453 1 1
6417903919 1 1
6417907645 1 1
6417911177 1 1
6417915365 1 1
6417919321 1 1
6422727245 0 0
6424097757 1 1
6424100627 1 1
6424102125 1 1
6424105251 1 1
6424196283 1 1
6424197221 1 1
6424198121 1 1
6424199869 1 1
6424201459 0 0
6424202151 1 1
6424202897 1 1
6424225169 1 1
6424229883 1 1
6424230621 1 1
6424233245 0 0
6424234219 1 1
6424240521 1 1
6424241173 1 1
6424241845 1 1
6424242443 1 1
6424243231 1 1
6424245173 1 1
6424245781 1 1
6447497113 1 1
6461554187 1 1
6538481345 1 1
6538504165 1 1
6538508725 0 0
6561902831 0 0
6622817957 1 1
6666854421 1 1
6700470177 1 1
6789341842 1 1
6789350734 1 1
6811817224 0 0
6868668411 1 1
6868672009 1 1
6883458756 0 0
689471928 1 1
6906859571 0 0
6907622723 1 1
6967379351 1 1
6978790213 0 0
69A0HRkUeT2-5M 0 0
69yOyf-oIOG7XM 1 1
6DLe9C39JsI8-M 1 1
6DywZQs2aZQ7-M 0 0
6IojoEseVZHUpM 1 1
6Jp0m48JodGz2M 0 0
6KwZ9qXAtbPgKM 1 1
6MPNsUkZ9sCbqM 0 0
6O2PRN-PmgIjJM 0 0
6RBKypC0suGAjM 0 0
6TyPRuWLjmoMmM 1 1
6YNaZfj4rRrnBM 0 0
6_AAH3AVBf2fBM 0 0
6_cgniJEiF1gcM 0 0
6eO8AIwweKOgcM 1 1
6iQRpcHxDq013M 0 0
6kpyiqcg1JXqdM 1 1
6ph49a0pxbL79M 0 0
6qt36l0aMsvzkM 0 0
6sVQZZYp3g3zhM 0 0
6xqefz90ghbJBM 0 0
6zTTDWEKxKWclM 0 0
70-12BQdBe5KZM 0 0
7019018831 1 1
7088137577 1 1
7095494459 0 0
7154763252 0 0
7157989222 0 0
7163899773 0 0
7172963833 1 1
71753017 0 0
7198537732 1 1
719_a2cBVC6iGM 1 1
721449183 1 1
7218993198 1 1
7263605940 1 1
7283330804 1 1
72Do530gxM6_aM 0 0
731339569 1 1
7336250246 0 0
7374950898 1 1
7402686182 1 1
7402687650 1 1
7446036508 0 0
7462837636 0 0
7516608312 0 0
7522678804 1 1
7545196012 1 1
7558575334 1 1
7558578288 1 1
757557978 0 0
757567880 0 0
757573070 0 0
7591660556 1 1
7591664782 1 1
7591667424 1 1
7591727690 1 1
7591764056 1 1
7598855276 1 1
7599965640 0 0
7611986224 0 0
7637292112 0 0
7637294322 0 0
764861723 1 1
7664984782 0 0
7694667194 1 1
7698896852 0 0
7711413890 1 1
7711424936 1 1
7732429630 1 1
7735974780 1 1
7742833300 0 0
7792060926 1 1
77dv_hztkh0PuM 0 0
7810936434 0 0
7811601612 1 1
7848891834 0 0
7926460796 1 1
7933004274 0 0
7933463868 0 0
7941429692 0 0
794625496 1 1
794650724 1 1
7960778554 1 1
79658721 0 0
7988147852 1 1
7989108072 0 0
7E5jluht3Ea68M 0 0
7FP9shaEGO8eiM 0 0
7MReFPerHLhYwM 1 1
7VTEon4wQBAW1M 0 0
7ZA8q95J-Ur3OM 1 1
7__TQKmjk6UHuM 0 0
7cJGMsVDJUlK-M 0 0
7hGd1hRf1MiyUM 1 1
7jorogjdYYGtxM 1 1
8015301022 0 0
8015902674 0 0
802488673 0 0
8026986812 0 0
8028016050 0 0
8029526967 0 0
8038651933 1 1
8039658377 0 0
8050883450 1 1
8064446417 0 0
8092439464 0 0
8103284889 1 1
8106798007 0 0
8106810804 1 1
8106835165 1 1
8106837133 1 1
8106840012 1 1
8106844992 1 1
8106912279 1 1
8106920784 1 1
8106938168 1 1
8106962284 1 1
8106976153 0 0
8126794089 0 0
8126795371 0 0
8126798421 1 1
8126803711 0 0
8126804027 1 1
8126804179 1 1
8126805077 1 1
8126805267 1 1
8126806131 0 0
8126806865 0 0
8126807989 1 1
8126810683 1 1
8126813099 1 1
8126814443 1 1
8126816317 1 1
8126816342 1 1
8126819397 0 0
8126819603 0 0
8126821070 1 1
8126821861 0 0
8126822474 0 0
8126822835 0 0
8126823142 1 1
8126823634 1 1
8126826002 1 1
8126826200 0 0
8126828311 0 0
8126828804 0 0
8126830016 1 1
8126832684 1 1
8126833292 1 1
8126833930 1 1
8126834252 1 1
8126836630 0 0
8126839184 1 1
8126839650 1 1
8126839840 1 1
8126840406 0 0
8126842468 0 0
8126842604 1 1
8126843194 0 0
8126843468 0 0
8126844714 1 1
8126845084 1 1
8126845654 1 1
8126846030 1 1
8126846236 1 1
8126847560 1 1
8126849466 0 0
81535432 0 0
8174595141 0 0
8219555531 0 0
824469296 1 1
8281360803 1 1
8282414162 1 1
8292602108 0 0
830285014 0 0
832615801 1 1
833496624 0 0
8341268636 0 0
834275072 1 1
8373666273 1 1
8373667057 1 1
8373669345 1 1
8373670439 1 1
8373673719 1 1
8373675025 1 1
8373677441 1 1
8373681093 1 1
8373681771 1 1
8373682579 1 1
8373686315 1 1
8373688971 1 1
8373690633 1 1
8373698561 1 1
8373709261 0 0
8373714115 0 0
8373716761 1 1
8373718117 1 1
8374736136 1 1
8374736926 1 1
8374740722 1 1
8374745784 1 1
8374749462 1 1
8374750950 1 1
8374752628 1 1
8374756086 1 1
8374756788 1 1
8374758002 1 1
8374760024 1 1
8374762374 0 0
8374765274 1 1
8374766688 1 1
8374767850 0 0
8374783786 1 1
8374791984 0 0
8376690239 1 1
8398296401 1 1
8398298101 1 1
8398300959 1 1
8398303215 1 1
8398312423 1 1
8398314501 1 1
8398318013 1 1
8398319359 1 1
8398321371 1 1
8398325173 1 1
8398331205 1 1
8398339375 1 1
8398343193 1 1
8398345749 1 1
8398347433 0 0
8398352797 1 1
8398377713 1 1
8398380869 0 0
8398384617 1 1
8398386881 1 1
8398389211 0 0
8399375400 1 1
8399376890 1 1
8399390244 1 1
8399395210 1 1
8399411840 1 1
8399413760 1 1
8399418118 1 1
8399419410 1 1
8399425554 1 1
8399433326 1 1
8399440088 1 1
8399441124 0 0
8399444586 1 1
8399458378 0 0
8446083712 0 0
8453340166 1 1
8508593174 0 0
8511484106 1 1
852556519 1 1
8570706216 0 0
8584982164 1 1
859652707 1 1
860227022 1 1
860309822 0 0
860469906 1 1
860795254 0 0
861472732 0 0
864179740 0 0
864410468 1 1
865961887 1 1
865963279 0 0
8661623658 0 0
866816572 0 0
867426291 1 1
867746582 1 1
8685192657 1 1
8700608940 0 0
8713275215 0 0
8743639242 0 0
8765338245 1 1
8765346631 1 1
8837361945 1 1
8837369651 1 1
8837436425 1 1
8838095218 1 1
890023707 0 0
890156465 1 1
890227621 1 1
890433625 1 1
8924731050 0 0
8928003236 1 1
893168787 1 1
8N--14nwYVunoM 0 0
8Zmv2bkX63gNLM 1 1
8ke-Idhg0edE4M 0 0
8rRuV_0zGIl4WM 0 0
8uYUtVibA9C8GM 0 0
9119609238 0 0
92130400 0 0
9218168658 1 1
9238161964 1 1
92927643 1 1
92927694 1 1
9330036964 1 1
9363098605 0 0
9374965977 0 0
9407313079 0 0
9442241383 0 0
946985041 0 0
9489554758 0 0
9497406660 0 0
953620146 1 1
9552501760 1 1
9576763007 1 1
9616731353 1 1
9619964696 1 1
965482457 1 1
9659384936 1 1
9662116891 1 1
9665349936 1 1
966538176 1 1
9734411550 0 0
9787379901 1 1
9787516095 1 1
9787522734 0 0
9787524114 0 0
9787542566 1 1
9787544806 1 1
9787570775 1 1
9787581934 1 1
9787593533 0 0
9787595173 1 1
989166349 0 0
992154776 0 0
9BQ4FA6oD7_MFM 0 0
9QNx2yANFkyzmM 0 0
9oT1R0VrDaJKCM 1 1
9s0NPCrWUoSCoM 1 1
A6Ms7nxMnBTOFM 0 0
A74ayKK9jYc3TM 0 0
A7yld9eN3w-vSM 0 0
AS-7oxT0XrrxwM 0 0
ASU-Qf2gvO1_KM 0 0
A_TG7gMHDYfKmM 0 0
AfnnqPnMUCpOtM 0 0
AgIU7b_GsCwYBM 0 0
AwCqb8u_XJU_RM 1 1
AxZi3YrG9wIdDM 0 0
B3YDItxXj8ZWxM 0 0
BLkHffMG9Z8EXM 0 0
BUS3b_sevBP0JM 0 0
BXQtrLsw4HVynM 0 0
BY1EGiHwC51q-M 1 1
BZ0d7ccVQ22dCM 0 0
CASLf7ZiXThpIM 0 0
CPURXl72PfR7qM 1 1
CROGJ-G_I4NMCM 0 0
CWmD2MVx8mC8oM 1 1
CXnctLpfK-pFeM 0 0
CaxPVDOJz3u7CM 1 1
Cd96UR07Pu1RWM 0 0
Cr86QSLakXuCXM 1 1
D2T9bMnyhfq_AM 0 0
D2n_UjQ_j_9K-M 0 0
D9U4ZkZt6xibxM 1 1
DNTi7uAsEEgfXM 1 1
DYGKB55gIuc6AM 0 0
DYWzdUsEGi3u2M 0 0
DiPnOdbIG7olaM 0 0
DzB_PYCDKZvYFM 0 0
E0KRWjP6-w1L7M 0 0
ECui_92GTQcjVM 0 0
EDN4r26PdM1z3M 0 0
EKSYWdMUmWbDjM 1 1
EOquzActDWW1bM 0 0
ETR0jbe_yD4bOM 0 0
EfCisW4eS_GXrM 1 1
Egd5gKLFrVBlEM 0 0
Ez8fVCfekYK7NM 0 0
F-uFFRNXPqW-DM 1 1
F9RnwX0kW5JXoM 1 1
FE7AJCuAD2DxiM 0 0
FEnyvDGI36MJ3M 0 0
FKK7mAqZReDhQM 0 0
FLVv41_vyMbtfM 0 0
FRr9momEIVBBVM 0 0
Fb41aa3Mk8Qf3M 0 0
Fdzjyk4Zmb0gsM 0 0
FepuBxgg1xO13M 0 0
FkGMUzm15G1GyM 0 0
Fqk6WN-aMQ7DZM 0 0
G6FkSspZVB_grM 0 0
GABwiqHljAtEZM 0 0
GAGAZJ4wiOSPsM 1 1
GHOJ49G57ZissM 1 1
GQmdsmz5HBb1VM 0 0
Gs_l-aegYWw4-M 0 0
GskdvIEWkZUW9M 0 0
Gv5m4cVAyrVy6M 0 0
GyymHlk9-DsdNM 0 0
GzEZIja6lzOimM 0 0
H08WzQeiJnkpWM 0 0
H3UmcBnECJQpVM 1 1
H4YVWNpwOLnpFM 1 1
HFjQGsdzHjcUBM 1 1
HUCjeE_0JuzWIM 1 1
HUK3Au8s1iaSSM 0 0
H_24k1Cb8HgGjM 0 0
HdemNlAa13Y9jM 1 1
HdmfVw7R8dl8hM 0 0
HhIS8wXxLcUl1M 0 0
HiShqYJy6bPVTM 1 1
Hl_YW3i8OlaF7M 1 1
HyX7iBsxygc0mM 1 1
Hz2i7wFsCpW3KM 1 1
IAEAqHYj1cSCTM 0 0
IGsDvL5AilQWwM 0 0
IHymwjTgZLzX4M 1 1
IWZaGTUp32eQMM 0 0
IYbqNECNAiOIHM 1 1
IgIKBXNl9USvJM 1 1
IhEZJmBzs_DptM 0 0
Inh8E0SJudGiMM 0 0
IpJv0XBKn_ej_M 0 0
IpiLOzJse0nhhM 1 1
Ipp_Pmw54mDS_M 0 0
IvwwZfHP7DcOYM 0 0
IzBpupbqfT6gXM 1 1
IzGz5tUfcKw0ZM 1 1
J7f-B22CJt-T7M 0 0
JID6nL-o-byZCM 1 1
JKwbRdPuvPVR8M 0 0
JWP9_Te2SDemHM 1 1
JXdgzURT6Y7pZM 0 0
Jlcufd66aNO_QM 0 0
JrE3xQ-bI8M8LM 1 1
KAFZUEI3hCO2RM 1 1
KBHQDD_ABWrDtM 1 1
KCeSVlaR-9sWOM 0 0
KKvWOMhSgcy2DM 0 0
KNV_i06vCigS2M 1 1
KOsm2tITG8vG6M 1 1
KYuJmPgyBQ1cLM 0 0
KZt5Ib61ZciKxM 0 0
KzlHUQI7s8HckM 0 0
L-b6dlQeUFzQ0M 1 1
L-nGi5qV9EaGsM 0 0
L0_KpI2J06y6zM 1 1
L46Swen14ji3gM 0 0
LALQahB2VjK7LM 0 0
LBRORNlxtdwP_M 0 0
LD5bLVMmi_6uyM 1 1
LIg8S2uks2nJDM 0 0
LNtMnA-XL2VBtM 0 0
LOKczVWa2yo_nM 1 1
LQJFycgrMNuROM 0 0
LRvDxsHWJn0IdM 0 0
LTHYiMijH1QjTM 1 1
Ly70YzyMOZ_fXM 1 1
M3q25CeR9rlVtM 1 1
M828XHEyx0o46M 1 1
MEBz7sadZSfhFM 1 1
MHsfxLCK-ThnDM 1 1
MaGDFtHsGuJ4uM 0 0
Ml8FqgmwG6Ik5M 0 0
MwGSAlZoEfLnmM 0 0
MwshQnjjbV4G9M 1 1
MzmmLgsFExyMDM 0 0
N5_Ltx5Qxa4m1M 0 0
N9T4Aw9d7FEt2M 1 1
NC65Ko55cHFyDM 0 0
NEIV8xU4v3eK_M 1 1
NIjsyC-WTMa6EM 0 0
NOlMJpSboURMEM 0 0
NQRus0l04-zwLM 1 1
Nk-2DSBKLgOPCM 0 0
NtQCZZ5HpPsPDM 1 1
NwC3lT2uSiX2HM 0 0
O434D9ofH-wHcM 1 1
OPRQRSAxrpPnEM 0 0
OTMXceewzGsEmM 1 1
OXVbeCGGFClWoM 1 1
OYqqsQzkXe_DMM 0 0
OaW45fRx-c2N_M 0 0
P2uxo4zvcrtxnM 0 0
P4JWcGZb7Ffi_M 1 1
PJpWZmg4miGZ5M 1 1
PL1Ik7JRpNhjpM 1 1
Pc6-KZjcucuj8M 0 0
PgCBwnjzksJU8M 1 1
PpBABztf5G-gpM 0 0
PtAoYhSXkE6TaM 0 0
Q1Y4PQVjO1pEUM 0 0
QFbXwkP8R5WS_M 0 0
QK_IvohH2qXb8M 0 0
QS4eEd0fRHTHVM 0 0
Qc6dpUawWPjDIM 1 1
QfHK_Pw9_ayLnM 0 0
QgxnCYMMG8C8yM 1 1
QiY2575MDRXGmM 0 0
Qkrcs2c715QvVM 0 0
QwACz_6-LEGSMM 0 0
R1rkCwVR-cVexM 0 0
R8QlxZeRQqC2MM 0 0
ROUuotma6pVYSM 0 0
RexR_8fqVKyGVM 0 0
Rf9A0BwbgRuZLM 0 0
RkEP-eaVC2mlRM 0 0
RnhT2XKOrLfKmM 1 1
S7sZ8OIbVYfk1M 0 0
SBeJDjfyywY87M 1 1
SJdcQU4iJb1-SM 0 0
SNSa0zSTHnL55M 1 1
SPqDz54RvDjoHM 1 1
STVbuBp6T5hGbM 0 0
SX7VrS7MAR6yAM 0 0
SZsl-nsvK_w9sM 1 1
SkVsVJa8KSyYgM 0 0
T4QJ43FObeBbyM 1 1
T6TkfYKbjiSmZM 0 0
TMja5msdDCfwFM 0 0
TTdPWpvFc2DryM 0 0
T_X_TB21Yc3NwM 1 1
TdxK_hBoCoEcyM 0 0
TlTjGWqqSxqN_M 1 1
U2r0un_Z03kKcM 0 0
U61e0QogoUenGM 0 0
U7X9CVxr5osVXM 0 0
UN64QqVNtAz43M 0 0
UWLHoGRqUQGiqM 1 1
UcNjSKE6AQWTtM 1 1
UepRmNtbvOtmwM 0 0
Uj32DexgRkUPFM 0 0
UjKqWqpAqkj5YM 0 0
Um0qEUB27RPUGM 0 0
UrHfnIGuYuhvaM 0 0
UxVayVxv-Fus6M 1 1
V0S8HyV13RUSOM 0 0
VCSkrvFSEUERmM 0 0
VLYT7qLKOtbeRM 1 1
VPuGiZGW_fy_GM 1 1
VSzSVEX8W4mYDM 0 0
VYhsv1zfYqcGTM 0 0
VfJpAAFSsRaNtM 0 0
Vn05ttSHMKKK7M 0 0
Vq2VWU6i1jdaYM 0 0
Vrx3Yujl-i8yFM 0 0
W0Wa26ylESV9HM 0 0
W2Fy4ddrC-X0DM 1 1
W8VSTl-SReMS-M 0 0
WB7YPSTAynxvnM 0 0
WXinRYwEaLIbiM 0 0
WcrdhkwKlQtcTM 0 0
Wd7tB3pmC-_EUM 1 1
WhrZ0qbPKgAOBM 1 1
Wi-jJ-waMaIlsM 0 0
WjutCYHFOCRP0M 1 1
WnaJM69mK7NWkM 0 0
WxOUaOCxvIGSSM 0 0
X0y_xd2pQZR9tM 0 0
X10OhGnCz1r2QM 0 0
X2jjnzBvMd68RM 0 0
XJ6dHcu66b3ihM 1 1
XJD-gVXMA7H1bM 0 0
XSpZcZoH4fx-oM 0 0
XTX41hDhMwGHAM 0 0
XYNDw_9QOEDYUM 0 0
XevNDyggNsOPBM 0 0
Xh0foyZVaoYMbM 0 0
XhscfKhqttRd2M 0 0
Y2ETruAHmZUIXM 1 1
Y6Z2bRiBV1lbEM 1 1
Y9hB781aSHSmGM 0 0
YEdRJCz9R-xbcM 0 0
YFJvzDFWIrYdfM 1 1
YGB5VLmg3md_8M 0 0
YmHnbAB_mcYdtM 1 1
Yq6bOyD0GbLB0M 0 0
YsayYy0YEy3vkM 0 0
YywLSai8ZF2lhM 0 0
Z-hyIA6vj5CV9M 0 0
Z1uU0VSsNGKSRM 0 0
Z1un4g9e4ZIvdM 1 1
Z2OCEz6Pp3t9hM 1 1
ZBCZywVAcjOLqM 0 0
ZEzm7irjbxrGWM 1 1
ZHqVg9LpiBWqBM 0 0
ZKOiqdwRv3mkYM 0 0
ZL28FCJ_VceuEM 1 1
ZLWsR2y86VpMFM 0 0
ZUtm2xB0MLkiXM 0 0
Zb1Icp5Q1tlkRM 0 0
ZxbOcBIpK-mRpM 0 0
_r8mil_BKvWsAM 0 0
_w7zkOpBYuOFPM 0 0
_zcZ8fnMhhmYEM 0 0
a01jIgUv8hz-XM 1 1
aAvMkzq82ExHaM 1 1
aDani_ho65DdRM 1 1
aFUEZyqIHl9Z5M 0 0
aRi2K_CHusyUeM 1 1
aSfLLBiCKZSSHM 0 0
acKvauy9p7yMqM 0 0
adIi6I-UaAitpM 0 0
ags57OKqqO8YoM 0 0
alac6i4UFnfP3M 0 0
amSQQDSy4IYvEM 1 1
amiCS85betddrM 0 0
aoid7itoTIyRgM 0 0
apZOY5AGBfuwCM 1 1
atIuvS1AGV9xcM 0 0
avKf4Ci7RzCbmM 0 0
ayTVDyj1CDGf7M 1 1
aykEm9ImIkye2M 0 0
b206FxhH94e7uM 0 0
bAdusrXih9IxhM 0 0
bCjokfQbrTTclM 0 0
bHo3WSU9s0PMXM 0 0
bSCmAPdzodqciM 0 0
bXxrLbLEvjcLoM 0 0
bbNH_E23si_U1M 0 0
beOU5h8JrnFJfM 1 1
c2e-Fib0qwNBhM 1 1
c7csQTdKQgsrtM 1 1
c7uGdUM7YzXUwM 1 1
cMVahYb03c1weM 1 1
cRKsRgIqulJkLM 1 1
ck1tjLxynmg82M 0 0
cku1oH96OzmCqM 1 1
cujtdSCfdZbLlM 0 0
d-IC5uHQ87RmYM 0 0
d0Fcvbe8DSWQZM 1 1
d9CLtBJqmld1WM 0 0
dMxBjbZED8yNyM 1 1
dQyWlHCGa__54M 0 0
dQyl6-s50BzqwM 0 0
dRr1oniR4RcYPM 0 0
dYjmSzk0birF3M 0 0
d_urEH69SznobM 1 1
dcD4AyBtUCX8iM 0 0
ddsM16SgvA9goM 0 0
dhEjQieJ5tmVAM 1 1
dlHmUElUmuZCsM 1 1
dp6Ixk0q3yxtXM 0 0
dwT5Pl_9GDfI8M 0 0
e8vbRyfvHfGbkM 0 0
eEo36eUjxTBusM 0 0
eK3m2hQoEbaa6M 0 0
eVrmlax0xjL0iM 0 0
eWvsR4HCRNZROM 1 1
egVqBw12ODEkRM 0 0
emluG3NHCr9siM 1 1
esTV8XjpF4bBWM 1 1
f824EoLWk_DX-M 0 0
fAIb-zYUzQad6M 1 1
fBD_UBpjcVLpcM 0 0
fP_HyA7FNCSA1M 1 1
fPkWwLZJX1yCLM 0 0
fS5h_gUggPiYCM 1 1
fSkj6MkMiE4egM 1 1
fTgvbAAcQ9AQmM 1 1
feHEk002PMfJgM 1 1
feZ1FyYg4aPOcM 0 0
fii8ljnl5S0fdM 1 1
fo2OG86-o_Sc3M 1 1
frCAW6NCxhWavM 0 0
g-cSPA7hKii0EM 0 0
g-wNAuG1rlfADM 0 0
g1sZCQ-5mKUMTM 1 1
g33KyzhNOf9JBM 0 0
g3IG2qt6U6N8cM 0 0
g4gky9udUJwtQM 0 0
g8whFllxDFj28M 0 0
gASZ1Nv1qTJqFM 0 0
gJgCFygLjNEnVM 0 0
gMvhWnfTiyecZM 1 1
gOfpi3qNikOYoM 0 0
gPGFm58G29RAuM 0 0
gWLfrckJdK3iaM 1 1
gkx_zCH5LZnw4M 0 0
gmtFakbPaSDp7M 0 0
gp49B4Xkc9xIoM 0 0
h6HGkd_qYmD9uM 0 0
hDcOGiEZxLdugM 0 0
hDzBwUFBb95qYM 0 0
hPrpN36SnmqMNM 0 0
hfj_p-am_nljgM 0 0
hhIW4TJLbDbPjM 0 0
i2yvk_PDSv2cwM 0 0
i3cOzvuXxDi7FM 0 0
iCpw0HerqY0n3M 1 1
iFpEH9prMKcniM 0 0
iLuxYMUJ9LEJYM 0 0
iO7kUdNCYmfcmM 1 1
iOPNhdc5Zij1dM 0 0
iP3OAaXRLGjORM 1 1
iXq-8SOAJR4wFM 0 0
iZZ360FtD_Wx5M 0 0
igI6UYZA6lndSM 0 0
ijRD3c4pZJViVM 0 0
ir06LQtmAEq6vM 0 0
j4DRtVP9huWKLM 0 0
j65A_e_ugZSgKM 1 1
jZjVv0aAs0Cs5M 1 1
jcgq3iAxMIO2pM 1 1
jeJAtqBTn-3z6M 0 0
jkmt5XMsZvs3eM 1 1
jl9TWGxD-t1KmM 0 0
jlEJAWaqc56TZM 0 0
jpW0FyStuIenqM 0 0
jr3Z_comu_QnkM 0 0
jtWzdxD7VIB42M 0 0
jx9IWM6XQldKhM 0 0
k-SX93NhjUD7MM 0 0
k2-rTk02jJX4gM 0 0
kAVFYRG7D27KsM 1 1
kLhncYBFdAkChM 1 1
kRTgHFJskzuxXM 0 0
kUFEztVxIoIjfM 1 1
ke3EGMK4VNzCkM 1 1
kn5kB9BBtH2TRM 0 0
krzsMy8wisXaeM 1 1
kz6-XioxBYMD0M 0 0
l2Wzqo1ttBIcsM 1 1
l4qisUpZgMn-qM 1 1
lFBakWW3v2sVHM 1 1
lQ36n7VhPJvnaM 1 1
lQhtnMkGtQ2FnM 0 0
lRD-Cw2W586AQM 0 0
lTUvw7ivh1KECM 1 1
ly6BemCAk2_kuM 1 1
m8F-MtSjC307LM 0 0
mWAHgbWY_QnXcM 1 1
m_sRwCqWdTHUnM 0 0
maQ8iyvIQ6TMQM 0 0
maZ1L5IGSOw3YM 0 0
mblXbQ92K_frVM 0 0
mpMoNyaLKOq9xM 1 1
mt-PW5txKUGmtM 0 0
n0FPb9ZmWMRfjM 0 0
n0p05O2azGPLVM 1 1
nE1vFgeORXmwrM 1 1
nLcbR8LzgYHFgM 1 1
nPA2Su5-ZFohnM 1 1
nRpZCyQmRYykuM 1 1
naI-he5o49avmM 1 1
o0IXGw1YQ2j7aM 1 1
o1qMOKPimwUWhM 0 0
oMjtIKtcsjVVgM 0 0
oUYDlcLDDqVvtM 0 0
oXTyDP-e8rtfXM 0 0
o_ZCve2GyjnH9M 1 1
obIQsk3dFhDrzM 1 1
oh443wD2agnxPM 0 0
ok3pd8p0ivAKvM 0 0
om5-jtZYdNB_aM 0 0
p0u5_DE6svucdM 0 0
p3fAOebznqMeHM 1 1
p76rbLBHn9IiRM 0 0
pJ5aAQZu13wujM 0 0
pJKMendUseHvXM 1 1
pVHn9AWN6KeujM 0 0
pV_KwvXHPAynVM 1 1
pu1OcW2x4olmpM 0 0
pui9xz6v8nvW-M 1 1
q0cCAO0Uy-qOuM 1 1
q4e3RzxhKNUJdM 0 0
qCphjVZhNsyoCM 0 0
qFbw2Wuf3JPugM 1 1
qM8U1qmaz_PbcM 0 0
qPtpeAmjf162fM 0 0
qXHl3DMSFqNoHM 0 0
qbsZUxvj3eJ36M 0 0
qeBhoKooDHlvEM 0 0
qlQeL_dwskTwTM 1 1
qmxx3YFtlDHP7M 1 1
qr6blXo2dFg-RM 0 0
r-A9feyMHAFjEM 0 0
r3stH1UlMCrmaM 1 1
r4LHzsiQ1_d2KM 0 0
r5mRjHbpE1tapM 1 1
r9s-S2XvD4D6_M 0 0
rDBtu7saB498HM 0 0
rJAgmaBGv42SwM 0 0
rNQUsCVQq443uM 0 0
rRu3F_Zm0Qc8bM 0 0
rmyf_-UiPZXoJM 0 0
rubechTlitTvpM 0 0
rvaascaJSGi7pM 0 0
rxAL2Pa-p2r0HM 0 0
s05QV-efR91CWM 0 0
s8bjlDFpp_zHxM 0 0
sLklGWuPnt9h8M 1 1
sNPU6BoIw4K8sM 1 1
sS3z089mRODIeM 0 0
sYLOuOSF_npkxM 1 1
sfLLkrY7GwnWUM 0 0
sgQNT3I_S-eHkM 1 1
sk1uwxQt-20yzM 0 0
snKH1jcYaFJr7M 0 0
t7EYa63UsDWzOM 0 0
t866O-vnGw78HM 0 0
tEjR4eJI5LJiUM 0 0
tFEb170NUm1B5M 1 1
tFPzM77UpYVdMM 1 1
tIxp8VOxvrcxeM 0 0
tK1XT9r9HY4lkM 1 1
tMaMT0EJfnkG-M 1 1
tVnpVY-MB0vVyM 0 0
taCeMBf6ZNlZsM 0 0
talppsjfuE2tnM 0 0
tgVUEaMB7-ev8M 0 0
tgYZOa0jh-SE-M 0 0
tiX8nvAkIxOYjM 1 1
tnAo9Otx8VmFrM 0 0
tncgxzYg2pN7AM 1 1
u4gMNisMz_JSQM 0 0
uIV-mjQ6jwB8JM 0 0
uQs0zJ-e-VfqDM 0 0
uR9TTCG-gVJLvM 0 0
uSAwBpoEkPeC1M 0 0
uZWB6OP2V0uNwM 0 0
uaZxmpAgTdcUyM 1 1
ubxZTr_lR30ZaM 0 0
ufQJVzxufwzywM 0 0
ulhgGKpMiYX4iM 0 0
uo834z8mY8rQgM 0 0
upzPo98r5kVNUM 0 0
uq6pw4LFNw-npM 1 1
uqaQ7e92ghJGLM 0 0
uyOpAwFtz7Ld_M 0 0
v0-ph5-HTlLGHM 1 1
v5M9oI39MzA9_M 0 0
v8Kqm8GXhuBTLM 0 0
vUnPHEGY77rddM 0 0
vdy6xgjZupe0VM 0 0
veanNpNj5G1s3M 0 0
vtPjPygcDD94zM 1 1
vxIKvll_TX6grM 1 1
w084amZSZ5v77M 0 0
w6dzETHaRIvE5M 0 0
w8Ufit6AagZpyM 0 0
wI_JA5sSZfz2YM 0 0
wQRtfNL3IyBcrM 0 0
wRU3UmLmFUaA5M 0 0
wcFC8B3PGKSHWM 1 1
wdReIDp5NM-QQM 1 1
wtXqWndZ1yKJ9M 1 1
wvv0n9mjGaL3ZM 0 0
wwT34KJ-54lwEM 0 0
x3ZJMyJN3Z1wlM 0 0
x5LQF2sGsS_MrM 1 1
x7hfMi7nCdK-vM 1 1
xBtBuv4WCClynM 0 0
xCx46Oteds4gVM 0 0
xIBhhNLjHH9qmM 0 0
xP0kLaDrb6kukM 0 0
xPi6km1Taet70M 0 0
xYMMQ7V08beMAM 0 0
xuWdz5b5-643fM 1 1
xwiDgfjyZOfZnM 0 0
xyBOxlbQK9L15M 0 0
y8uRJBh7wmuB_M 0 0
yFkF7FC0Zuv66M 0 0
yJMqViTBzKILpM 0 0
yL38vk9wp5bd5M 1 1
yaZ1nO5dTmcdAM 0 0
ydwO8dX39Cfn_M 1 1
yhz4M9dn_hYaXM 1 1
yjALzApabzOllM 0 0
yjB5i_0HdQw6sM 0 0
ynzKkOLnPgfdDM 1 1
ypx1BsccO-1CaM 1 1
yrDyDT0zF_8TcM 1 1
ysM5YSGfKBf7KM 0 0
ytX_BXHVuIf9gM 0 0
yvbVb7qF81hXRM 0 0
yxkzaraxUIYfRM 0 0
z-H4sKLEm00P2M 0 0
z-t-ofZEFg5QAM 0 0
z6ECKPuOud-O2M 1 1
z9RQPyVHzpV1OM 1 1
zJHGYwzjGisdOM 1 1
zJaa-dKK6aBsRM 1 1
zNUU9RB4GhLTSM 1 1
zS-o89x-yldy9M 0 0
zSQ020EEgwU6_M 0 0
zUX6V-orKpD2qM 1 1
zX-QZlvQqOavLM 0 0
zgv0dbeSYCfsyM 1 1
zpCQzLTndsSdfM 1 1
zuc55wDArnBYsM 0 0
zwKKPuSIGwG7tM 1 1
