-Aw8CxZcfAWvXM 1 1
-PckwGEq7AxQEM 1 1
-XNQMKbVZjZooM 1 1
-_EV1D1Z8NMirM 1 1
-d5S5sqQwsyiZM 1 1
-ll86StWCEOkpM 0 0
-oVC8_7cMuR1TM 1 1
-otnF5V2nMOVKM 1 1
-r7QRjia_7Hs0M 1 1
-zMZi3EaB4uVKM 1 1
0GUtrC5eElXAwM 1 1
0NhXgd9kIR14IM 1 1
0SE-Ycbyv4eXNM 0 0
0TBhtziAi3cCcM 1 1
0iTHvKXwivw7lM 1 1
0rKgFL8cAM3MdM 1 1
0yrEzQO38AnlWM 1 1
1002972213 1 1
1002981009 1 1
1003274583 1 1
1003276789 1 1
1003279219 1 1
1003281211 1 1
1003285213 1 1
1003287087 1 1
1003292221 1 1
1003830430 0 0
1003839012 0 0
1003840908 1 1
1003843726 1 1
1004139020 1 1
1004145348 1 1
1004150866 1 1
1004153292 1 1
1004155904 1 1
10046912014 1 1
101086615 1 1
10203797 1 1
103561755 1 1
10363154725 1 1
10430896583 0 0
104349030 1 1
10448232185 1 1
10448232375 1 1
10448252525 1 1
10585163223 1 1
10664624726 0 0
10707803575 1 1
10853239025 0 0
10857588886 1 1
1086495937 1 1
1087357268 1 1
10908181826 1 1
10968627194 1 1
110201472 1 1
11091835686 1 1
11143531215 1 1
11217565525 0 0
11232554196 1 1
113137544 1 1
113138944 1 1
11354204076 1 1
1141366606 1 1
11477801966 1 1
11477832393 1 1
11554030225 1 1
11554050994 0 0
115592281 1 1
11576210734 1 1
11615050385 1 1
11691871244 1 1
11692791143 0 0
11714505363 0 0
1175748349 1 1
1175752261 1 1
117994948 1 1
11826174715 1 1
11826446653 1 1
11912708726 1 1
11912711586 1 1
11912714166 1 1
11912716816 1 1
11921915914 1 1
12039245486 1 1
12041164466 1 1
12140147413 1 1
12140391956 1 1
12140466236 1 1
12210944813 1 1
12210977243 1 1
12238160065 1 1
12238170955 1 1
1227005825 0 0
12276586985 1 1
12290587816 1 1
12347796625 1 1
12355072225 0 0
12601564364 1 1
12881088935 1 1
12881851073 1 1
12970864315 1 1
12Oo669wsIphcM 1 1
130093055 1 1
130093684 1 1
13017927965 1 1
1317454004 1 1
132677094 1 1
13294224124 1 1
13303385 1 1
13317208403 1 1
134805006 1 1
134805728 1 1
134806559 1 1
1348374245 1 1
134905068 1 1
13516970665 0 0
1352398812 1 1
136677282 1 1
13865343185 1 1
13865377483 1 1
13865723664 1 1
13865724984 1 1
13893410864 1 1
139598967 1 1
139598970 1 1
1397512812 0 0
14050048404 1 1
14097298573 1 1
14108877736 1 1
14129504407 0 0
141830994 1 1
14197416784 1 1
14224341801 1 1
1430258575 0 0
14312693721 1 1
143271084 1 1
1439972269 1 1
1440833494 1 1
14414949550 0 0
14472573421 1 1
1447905175 1 1
1447906203 1 1
14511756390 1 1
14525898301 1 1
14538405585 1 1
14538544052 0 0
14547404405 1 1
14552079213 1 1
1460360190 0 0
14608429830 0 0
14650344177 1 1
14660529302 1 1
1468558539 1 1
14704419436 1 1
14734029049 0 0
1475002794 1 1
14836772079 1 1
14836777379 1 1
14836859790 1 1
14836861080 1 1
14855661885 1 1
14859416975 0 0
14862634877 1 1
14888282431 0 0
14926314499 1 1
15023143562 1 1
15023145132 1 1
15023146442 1 1
15090011664 1 1
1510071261 1 1
15106302550 1 1
15120052408 1 1
151334424 1 1
15224244729 1 1
1522719280 1 1
15265577769 1 1
15345399389 1 1
153682509 1 1
15371958075 1 1
15389320669 1 1
15393020903 1 1
15430919703 1 1
15448733862 1 1
15449253682 1 1
15473442520 1 1
15532042045 1 1
15660089072 1 1
15662923207 1 1
15686226476 1 1
15699492 1 1
15711512972 1 1
15744498103 1 1
15779524446 1 1
15852973589 1 1
15853064549 0 0
15993061 1 1
15cNZ1YGKCel0M 1 1
16037134758 1 1
1605358957 1 1
16059068946 1 1
16076904378 0 0
16077092870 1 1
16085144735 1 1
16118672013 1 1
16119649157 1 1
16133529336 1 1
16146919315 1 1
16146927625 1 1
161852457 1 1
162057902 1 1
16241358836 1 1
16241358846 1 1
16242923201 1 1
162574580 1 1
16263669882 1 1
16346293410 1 1
163887266 1 1
16391436434 1 1
16452188399 1 1
16512624349 1 1
1655536848 1 1
16612429836 1 1
16640334910 1 1
16728960355 1 1
16742679796 1 1
16745718035 1 1
16784135271 0 0
16794857622 1 1
16826092748 1 1
16826339590 1 1
1697371727 1 1
1697372317 1 1
16977389398 1 1
170220609 0 0
1716933842 1 1
17314502428 1 1
17465774292 1 1
1752505563 1 1
17681316 0 0
178746078 0 0
1808878575 1 1
1809039139 1 1
1809885820 1 1
1811997841 1 1
1811998009 1 1
186518152 1 1
186793485 1 1
191238401 1 1
191238467 1 1
191356714 1 1
192872502 1 1
192976665 1 1
19475686891 1 1
1949032739 1 1
19508344969 1 1
1971274690 0 0
1UxunTK0_sZ2oM 1 1
1_sBpO1vAQI7MM 1 1
1dsT6F1x56h96M 1 1
200489671 1 1
200602703 1 1
2035278152 1 1
2035755125 1 1
2042902626 1 1
2047829491 1 1
2047829565 1 1
2048619400 1 1
2051115781 1 1
2053343395 1 1
2055099493 1 1
2055800244 1 1
2058384686 1 1
2059573463 1 1
2059659189 1 1
2059660631 1 1
2060405974 1 1
2074810036 1 1
2074811548 1 1
2074812982 1 1
2076446068 1 1
2077882156 1 1
2077884284 1 1
2077886560 1 1
2077888942 1 1
2084090269 1 1
2085708624 1 1
2089276911 1 1
2090063266 1 1
2093167980 1 1
21246043584 1 1
2134049942 1 1
2137929883 1 1
2149924959 1 1
2150599939 1 1
21533310001 1 1
2153734504 1 1
2167122162 1 1
21680745990 1 1
21681916379 1 1
2170310155 1 1
2171554119 1 1
21842635946 1 1
21868802195 1 1
21878408391 1 1
21923679486 1 1
2194764366 1 1
2195937698 1 1
2206773240 1 1
2220864880 1 1
2227260274 1 1
2230861999 1 1
223181092 1 1
22321618974 1 1
22339551493 1 1
2235346796 1 1
2237113290 1 1
223725889 1 1
2246573199 1 1
2250201710 1 1
22559041347 1 1
2258657322 1 1
22642806736 1 1
22680564125 1 1
2268995107 1 1
22789368690 1 1
22830207637 1 1
2283482744 1 1
22867155724 1 1
2287099877 1 1
2293361094 1 1
22964262550 1 1
2300648825 1 1
2300740540 0 0
2300816215 1 1
23008413230 1 1
2301465686 1 1
23080066144 1 1
2315081296 1 1
23258535561 1 1
232793688 1 1
232824520 1 1
2331805419 0 0
23324181942 1 1
23336267545 1 1
23408399056 1 1
23432410696 1 1
23432465705 0 0
23432895315 1 1
2343966817 1 1
234431095 0 0
2349689821 1 1
2350651595 1 1
2351103907 1 1
2351104183 1 1
2351933590 1 1
2351934564 1 1
2351934856 1 1
2351935520 1 1
2354034472 1 1
2356130377 0 0
23573441382 1 1
23594948 1 1
236391260 1 1
2369232420 1 1
2374807448 0 0
238161235 0 0
2390674282 1 1
2391126932 0 0
2393855818 0 0
2397612881 1 1
2405676702 0 0
2412941904 0 0
2415214569 1 1
2415214777 1 1
2416035700 1 1
2432625789 0 0
243407588 1 1
2436088604 1 1
2436090042 1 1
2436091282 0 0
2436092028 1 1
24378352724 1 1
2441025272 1 1
2447439252 1 1
24496989979 1 1
2454593564 1 1
24569114010 1 1
246030906 1 1
2460744584 1 1
246316014 0 0
2464611 1 1
2476782187 1 1
2480734553 1 1
2480734821 1 1
2483578489 1 1
2484369929 1 1
2488195616 1 1
2489783939 1 1
2491366685 1 1
250849420 1 1
2508519707 1 1
25087542574 1 1
25091273213 1 1
250922340 1 1
2523105418 1 1
25234011144 1 1
2528838779 1 1
25385131873 1 1
2540750467 1 1
25417126520 1 1
25622808731 1 1
25622879401 1 1
25622887991 1 1
25674484702 1 1
25691875156 1 1
25713334490 1 1
25717871945 1 1
25776723543 1 1
2581088235 1 1
2581091655 0 0
25836056323 0 0
2584245766 1 1
2592005744 1 1
2594105166 1 1
2594655930 1 1
2598713027 1 1
26068825 1 1
2617515287 1 1
26328998841 1 1
2641441215 0 0
264222113 1 1
26692706014 1 1
2674192784 1 1
2675686473 0 0
2677470340 0 0
2678481117 0 0
2680642644 1 1
26821164193 1 1
26823560936 1 1
26860528055 1 1
2687442723 1 1
2692994998 1 1
270375556 1 1
27092372 1 1
27136015 0 0
2714622723 1 1
2738392272 1 1
2741604371 1 1
2741608311 1 1
2742455390 1 1
2743374781 1 1
2752216784 1 1
27586980392 1 1
2761382657 1 1
2772487569 1 1
277304534 0 0
2773339184 1 1
2773351186 1 1
2780538222 1 1
27845102805 1 1
2788054735 1 1
2788883182 0 0
2788883350 0 0
2793319903 1 1
2794153708 1 1
2798324781 1 1
2799185116 1 1
27WMpnjB40DNkM 1 1
2803593341 1 1
2807080684 1 1
2809347808 0 0
2810370845 1 1
2814824048 1 1
2818067527 1 1
2818070025 1 1
2818458731 0 0
2818461771 1 1
2818762683 1 1
2818917964 1 1
2820287638 1 1
2822035300 1 1
28344151 1 1
284143501 1 1
285013743 1 1
2850522431 1 1
2850600379 1 1
2851438830 1 1
2875669801 1 1
2876281117 1 1
2876498214 1 1
288425631 0 0
2897073715 1 1
28vWDzM0GjElwM 1 1
2900276404 1 1
2908252567 1 1
2909086488 1 1
2916459071 1 1
2918327611 1 1
2918648352 1 1
2922157633 1 1
2922781629 1 1
2924835708 1 1
2924846304 1 1
2925034359 1 1
2927549818 1 1
292761756 1 1
2928622324 1 1
2929595637 1 1
2929595855 1 1
2929882738 1 1
2930451708 1 1
2930452062 1 1
2938119699 1 1
2938498826 1 1
2938720424 1 1
2938929772 1 1
2938960858 1 1
293910857 1 1
2942336975 0 0
2943887373 1 1
2948330857 1 1
2955296069 1 1
2973362650 1 1
2976572188 1 1
2977857750 1 1
2978404228 1 1
2DcqlZvf7g6GcM 1 1
2Vd_nvhuIw18qM 1 1
2bzWi1JN65a37M 1 1
2zVBSJCVPZQ2fM 1 1
3015588455 1 1
3015588459 1 1
3026938313 1 1
3046307098 1 1
306138327 1 1
3068524196 1 1
3072180005 1 1
3076953866 1 1
3078430084 0 0
308884237 1 1
3095646400 0 0
3107432843 1 1
3112989418 0 0
3116806956 1 1
3120824449 1 1
3126270397 1 1
3126569154 1 1
31566595 1 1
3180008916 1 1
3186416341 0 0
3187254972 1 1
3188770201 0 0
3189661285 1 1
319226603 0 0
3204365754 1 1
3214413458 1 1
321762245 1 1
3219972296 1 1
3220968029 1 1
3239216411 1 1
3241455137 1 1
3244091117 1 1
3244917218 1 1
3244919976 1 1
3245938173 1 1
32530284 0 0
3255921359 1 1
3256314812 1 1
3267516905 0 0
3287914019 1 1
3287914939 1 1
3287915451 1 1
3288730590 1 1
3288732136 1 1
3294467867 1 1
3297836364 1 1
3302765238 1 1
3308948690 1 1
3320752091 1 1
3322842919 1 1
3333674137 1 1
333496283 1 1
3339308463 1 1
3342415839 1 1
3355996711 1 1
3355999947 1 1
3356001683 1 1
335615006 1 1
3356816892 1 1
3359430168 1 1
3359897017 1 1
3360715986 1 1
3361248267 1 1
3366254957 1 1
3366787700 1 1
3367252176 1 1
33677742 0 0
3369998868 1 1
3374835154 1 1
3390718440 1 1
3391603997 1 1
3392414780 1 1
3404553395 1 1
3404553437 1 1
3404553525 1 1
3405364714 1 1
3405364820 1 1
3405364838 0 0
3405364856 1 1
3407993863 1 1
3421198684 1 1
3435834832 1 1
344347864 1 1
346227869 1 1
3464489046 1 1
346767815 1 1
3483505967 1 1
348428328 1 1
3500892278 1 1
3503683832 1 1
3507663738 1 1
3510487535 0 0
3511296382 1 1
351205891 1 1
3513095121 1 1
3513348573 0 0
3524815973 1 1
3528513107 1 1
3533661769 1 1
3533661821 1 1
3533661893 0 0
3533662261 1 1
3534479328 1 1
3535186254 1 1
3535823361 1 1
3536635712 1 1
3543412967 1 1
3544140904 1 1
3549948509 1 1
355044619 1 1
3552454945 1 1
3578874975 0 0
3594565402 1 1
359989730 0 0
3601749494 1 1
3609287196 1 1
3618212143 1 1
3620933799 1 1
3621593815 1 1
3621749856 1 1
3621754646 1 1
3621754980 1 1
3639897402 1 1
3671811506 1 1
3683473024 1 1
3699003683 1 1
3706889709 1 1
3710695056 1 1
3713473589 1 1
3715016707 1 1
3719182309 1 1
3719615194 1 1
3719615892 1 1
3720327027 1 1
372319975 1 1
3724911604 0 0
3734175352 1 1
373454127 1 1
3745597102 1 1
3751435599 1 1
375664746 1 1
3758307015 1 1
3759735321 1 1
3759830079 0 0
3760547719 1 1
378092066 1 1
3785324009 1 1
3785324219 1 1
3785324453 1 1
3785324753 1 1
3785324987 1 1
3785325177 0 0
3785325431 1 1
3785325525 1 1
3785325621 1 1
3785326047 1 1
3785326131 1 1
3785326361 1 1
3785326615 1 1
3785326711 1 1
3785326923 1 1
3785327179 1 1
3785327393 1 1
3785327471 1 1
3785327633 1 1
3785327733 1 1
3785327819 1 1
3785328703 1 1
3785328831 1 1
3786131232 1 1
3786131390 1 1
3786131492 1 1
3786131766 1 1
3786131960 1 1
3786132042 1 1
3786132236 1 1
3786132494 1 1
3786132928 1 1
3786133506 1 1
3786133586 1 1
3786134056 1 1
3786135534 1 1
3786135710 1 1
3789938108 1 1
3795277720 0 0
379786076 1 1
3802118613 1 1
3808627420 1 1
3812426685 1 1
3813263968 1 1
3827368118 1 1
3849892928 1 1
3871641170 1 1
3872637640 1 1
389617116 1 1
389618662 1 1
389620188 1 1
3896804910 1 1
3900765625 0 0
3907604340 1 1
3916982166 1 1
3946197957 0 0
3948647195 1 1
3949424828 1 1
3952580222 1 1
3961274185 1 1
396234537 0 0
3977535246 1 1
3981165054 1 1
398201313 1 1
3982699754 1 1
3984269438 0 0
4-1x8QZmIju3QM 1 1
4014636460 1 1
402695778 1 1
402699713 1 1
4030633552 1 1
4041606967 1 1
4042352986 1 1
4044668421 1 1
4045453346 1 1
4048953517 1 1
4051504247 1 1
4057650287 1 1
4062838855 1 1
4063587102 1 1
4067770979 1 1
4076201408 1 1
4081906266 1 1
4085078138 1 1
4091753556 1 1
4094479382 1 1
4103525302 1 1
4103701525 1 1
410765709 1 1
4123022609 1 1
4123092509 1 1
4123792932 1 1
4130275993 1 1
4130276357 1 1
4131038608 1 1
417262017 1 1
4173204787 1 1
4173960862 0 0
417799977 1 1
4185521267 0 0
419517303 1 1
4214320662 1 1
4218378837 1 1
4218379041 1 1
4218380083 1 1
4219143124 1 1
4219144050 1 1
422237435 1 1
4224916044 1 1
4238885237 1 1
4242753897 0 0
425807916 1 1
4270216380 1 1
4273019771 0 0
4307620179 1 1
4311198967 0 0
4311465039 1 1
4313871725 1 1
4317023742 1 1
4317026714 1 1
43183234 1 1
433084971 1 1
4335503628 1 1
4345279973 1 1
4345948427 1 1
4346027566 1 1
4351069731 1 1
4360812521 1 1
4363490635 1 1
4369505840 0 0
4373532689 1 1
4374491918 0 0
4375825845 1 1
4389831535 1 1
4393205645 1 1
4399519397 0 0
4414593249 1 1
4418490633 1 1
4426721394 1 1
4433659019 0 0
4435104646 1 1
4435104790 1 1
4435580043 1 1
4435580381 1 1
4435580767 1 1
4435581109 1 1
4435581439 1 1
4435583957 1 1
4435585159 0 0
4435585607 1 1
4436353790 0 0
4436354018 1 1
4436354342 1 1
4436354712 1 1
4436355104 1 1
4436355454 1 1
4436355772 1 1
4436355944 1 1
4436359958 1 1
4451559785 1 1
4465240343 1 1
4468476973 0 0
4475855313 1 1
4498783374 0 0
4509553478 1 1
4514917689 0 0
4524564468 1 1
4525360462 1 1
453870658 1 1
4541921015 1 1
455243448 1 1
4552604091 1 1
4553321431 1 1
456108142 1 1
4562528797 0 0
4563134020 1 1
4563153680 1 1
4563157840 1 1
4563158688 0 0
4585411406 0 0
4590326044 1 1
4593828055 1 1
4597715744 1 1
4601485574 1 1
4601485606 1 1
4602552851 1 1
4606266741 1 1
460627745 1 1
4614683304 1 1
461814742 1 1
4621525346 1 1
4631307355 1 1
4632318365 1 1
4633036610 1 1
4634126039 1 1
4645730858 1 1
465186164 1 1
4657061416 1 1
4658724262 1 1
4659559379 1 1
4659564089 1 1
4660178262 1 1
4660920136 1 1
4672779153 1 1
4672834429 1 1
4673470637 0 0
4673880601 1 1
4673880757 1 1
4673880959 0 0
4673881247 1 1
4686844504 1 1
4688579137 1 1
4689157899 1 1
4700367133 1 1
47034929 1 1
4729607480 1 1
4730678895 1 1
4731623462 1 1
4733516311 1 1
4733824643 1 1
4739789043 1 1
4740763655 1 1
4753689621 1 1
4785371356 1 1
479494505 1 1
4797928798 1 1
480971094 1 1
4816188728 1 1
483264853 1 1
4842895290 1 1
4843118705 1 1
4843733202 1 1
4872855961 1 1
4872856613 1 1
4873465874 1 1
4880119100 1 1
4883412432 0 0
4887339748 1 1
4892303099 1 1
4892879278 1 1
4892900962 1 1
4893231607 1 1
4913967949 1 1
4920036540 1 1
4920037226 1 1
4920037610 1 1
4951381837 1 1
4962223382 0 0
496330138 1 1
497080620 1 1
4986720731 1 1
4GWLDzod1EaEMM 1 1
4KBqAzRIJqKZSM 1 1
4QhlS6nO0DP8vM 1 1
4UrTxVecu-vf-M 1 1
4mf6HBEGoySrWM 1 1
4qH7PqvqqtYZoM 1 1
4sVuBGwl4AEB5M 1 1
5000639556 1 1
5003851117 1 1
5004459142 1 1
5018844765 1 1
5020565921 1 1
5022808353 1 1
5031234471 1 1
5035206360 1 1
5037646848 1 1
5037660544 1 1
5037678564 1 1
5037678576 1 1
504204650 1 1
5046725181 1 1
5047236545 1 1
504895780 1 1
505822173 0 0
5058840713 1 1
5058843069 1 1
5058843829 0 0
5058844471 1 1
5058845725 1 1
5059454066 1 1
5059454996 1 1
5059457830 1 1
5061017689 1 1
5063000260 1 1
5069086117 1 1
5077151440 1 1
5085983406 1 1
5099126079 1 1
5099723472 1 1
5153640988 1 1
5166796204 1 1
5188021353 1 1
5188081241 1 1
5188082777 1 1
5188095663 1 1
5188097261 1 1
5188117583 1 1
5188621246 1 1
5188627464 0 0
5188629534 1 1
5209173172 0 0
5209908905 1 1
522309535 1 1
522919222 1 1
5230985644 0 0
5280580970 1 1
5284861693 1 1
5295250318 0 0
530226707 1 1
5304463536 1 1
5316186601 1 1
5317845519 1 1
5318439780 1 1
5318440076 1 1
5318440330 1 1
5318440724 1 1
5318441190 1 1
5322613907 1 1
5324577316 1 1
5335760624 1 1
5335760628 1 1
5379048585 1 1
5394725949 1 1
5398625166 1 1
5402470441 1 1
5404286203 1 1
5406983788 1 1
5424360916 1 1
5462744682 1 1
5470207718 1 1
5474896410 0 0
5491215089 1 1
5493297972 1 1
5497685695 1 1
5498719784 1 1
5518731570 1 1
5519844925 1 1
5521168004 1 1
5524750947 1 1
5548595227 1 1
5562171372 1 1
5579675760 0 0
5579675794 1 1
5580635512 1 1
55mmy4Wo_6g6UM 1 1
5600770883 1 1
5607462281 1 1
5607464779 1 1
5607467443 1 1
5607469939 1 1
5608028088 1 1
5608030512 1 1
5608032984 1 1
5608035012 0 0
5608037402 1 1
5608039818 1 1
5608043318 1 1
5622941560 1 1
5624731765 1 1
5628399580 1 1
5634845515 1 1
5634849911 1 1
5634978325 1 1
5634988375 1 1
5634991653 0 0
5635432656 1 1
5636520999 1 1
5637097932 0 0
5641110017 1 1
5697708470 1 1
5697910445 1 1
5701899158 1 1
5709424536 1 1
5710387060 1 1
5710387186 1 1
5717036975 1 1
5717287939 1 1
5717367394 1 1
5717498419 1 1
5717853716 1 1
5720208587 1 1
5720208607 1 1
5735261307 1 1
5737842560 1 1
5743944874 1 1
5745006436 1 1
5750953504 1 1
5755558311 1 1
5774651354 1 1
5774835306 0 0
5778305932 0 0
57908340 1 1
5802527945 1 1
5805723254 1 1
5806673252 1 1
5826611604 1 1
5851594581 0 0
5872336702 1 1
5874121935 1 1
5876790452 1 1
5879401942 1 1
5896284958 1 1
5899708871 1 1
5902224553 1 1
5910767754 1 1
5914453705 1 1
592161471 1 1
5934715744 1 1
5943105330 1 1
5950700715 1 1
5950718413 1 1
5950753665 1 1
5950757677 1 1
5950771599 1 1
5951262490 1 1
5951318566 1 1
5951342400 1 1
5951391291 1 1
5951443625 1 1
5951464741 1 1
5951475563 1 1
5951485177 1 1
5951515597 1 1
5951518937 1 1
5951523777 1 1
5951527613 1 1
5951531913 1 1
5951532639 1 1
5952028244 1 1
5952034062 0 0
5952049116 1 1
5952321423 1 1
5952567107 1 1
5958023599 0 0
5960028471 1 1
5962716011 1 1
5978300862 1 1
5978305256 1 1
5979406663 1 1
5989796542 1 1
5ArDSCSSg3WBpM 1 1
5FS0Av-z0SJ_xM 1 1
5P9StkzqpPFfUM 1 1
5QSTLXdTivyKhM 1 1
5SfK9M9q8wQSvM 1 1
5mr9SB9Q3JnZ6M 1 1
5tN8roJZ27rCnM 1 1
5x90GO68pHvYwM 1 1
5yGkKT_aD_NyIM 1 1
6010158895 1 1
6015696881 0 0
6016168435 1 1
6023560743 0 0
6033039541 1 1
6039024816 1 1
6040108467 1 1
6040110917 1 1
6040121261 1 1
6040655214 1 1
6040662146 1 1
6041006905 1 1
6041008271 0 0
6041555252 0 0
6041555518 0 0
6041557430 0 0
6073361496 1 1
6074489982 1 1
6092173112 1 1
6106875133 0 0
6107269831 1 1
6107270633 1 1
6107272373 1 1
6107522997 0 0
6107816738 1 1
61254071 1 1
6130068307 1 1
6130233308 1 1
6164570270 1 1
6172401527 0 0
6192325463 1 1
6193418209 1 1
6201295814 1 1
6202198779 1 1
6220732969 1 1
6228787762 1 1
6263051642 1 1
62724141 1 1
62WAgP_QC--e2M 1 1
6311980899 1 1
6333001369 1 1
6334126232 1 1
6342356545 0 0
6359376599 1 1
6392863861 1 1
6402307391 1 1
6408437455 1 1
6416667467 1 1
6419068641 1 1
6488719195 1 1
6517271379 1 1
6523802227 1 1
6565185341 1 1
6616276769 1 1
6636055355 1 1
6644961239 1 1
6729139587 1 1
6732213131 1 1
6738025759 1 1
6746040295 1 1
6746040995 1 1
6756259219 0 0
6763956029 1 1
6787744687 1 1
6809503987 1 1
6816334370 1 1
6819579093 1 1
6824333752 1 1
6840078466 1 1
6854288321 0 0
6864201941 1 1
6871341994 1 1
6882591477 1 1
6898316356 1 1
6900277031 1 1
6904256027 1 1
6927903398 1 1
6932178029 1 1
6948345822 1 1
6953631798 1 1
6994435351 1 1
6999975262 1 1
6J-6513KRUxL_M 1 1
6V62OBEEjinBSM 1 1
6VPm09BCOnHksM 1 1
6evfjHVI3tOc_M 1 1
6k9gFw9oNjeyBM 1 1
6tyJr7ac1mQCiM 1 1
6vF6ed5FwguNxM 1 1
7006816341 1 1
7009515077 1 1
7037321769 0 0
7049618265 1 1
7052667637 1 1
7080892841 1 1
713589734 1 1
7142640703 1 1
7165126805 1 1
7177744216 1 1
7232449574 1 1
7298412778 1 1
7315231436 1 1
7315248654 1 1
7350338182 1 1
7350338386 1 1
7352840132 1 1
7362887382 1 1
73936227 1 1
7399055490 0 0
73r6t2nAFLlptM 1 1
7413702698 1 1
7426244054 1 1
7426246202 1 1
7426250644 1 1
74286421 1 1
7451469724 1 1
7455476120 1 1
7455477400 1 1
7455485046 1 1
7455487616 1 1
7455510898 1 1
7455513266 0 0
7455516084 1 1
7455518244 1 1
7455520574 1 1
7455542142 0 0
7455545272 1 1
7455615858 1 1
7455618436 1 1
7455620268 1 1
7455622904 1 1
7455626060 1 1
7455628610 1 1
7455630090 1 1
7455631716 1 1
7455633624 1 1
7455635336 1 1
7455637248 1 1
7455639598 1 1
7455642492 1 1
7455644374 1 1
7455645836 1 1
7455647280 1 1
7455648638 1 1
7455649876 1 1
7455651548 1 1
7455652802 1 1
7455654620 1 1
7455656070 1 1
7456951096 1 1
7458463422 1 1
7469087848 1 1
7469087972 1 1
7469088016 1 1
7469088100 1 1
7469088178 1 1
7469088290 1 1
7469088718 1 1
7472848882 0 0
7495062236 0 0
7509232214 0 0
7531436890 1 1
7531440212 1 1
7531780172 1 1
757400175 0 0
7674471136 1 1
7693707898 1 1
7693708254 1 1
7715002228 1 1
7755456720 0 0
7770179974 1 1
7770787462 1 1
7808937948 1 1
7819891930 1 1
7829119134 1 1
7829119708 1 1
7829119934 1 1
7829120200 1 1
7829120528 1 1
7829121070 1 1
7829121454 1 1
7830696378 1 1
7851706854 1 1
7851707742 1 1
7919360302 1 1
7919360728 1 1
7919360966 1 1
7919361414 1 1
7919361816 1 1
7919362226 1 1
7919362626 1 1
7919363284 1 1
7919363672 1 1
7919364076 1 1
7919364466 1 1
7927915744 1 1
7927939950 1 1
7927948132 1 1
7945635390 0 0
7945698822 1 1
795195272 1 1
7962154836 1 1
7972654732 1 1
7995067189 1 1
7995070011 1 1
7e3FaL36q70_wM 1 1
7gAl8JMfs1fquM 1 1
7nrPTNHPZhuX4M 1 1
8008922880 1 1
80139657 0 0
80143876 1 1
8020233706 1 1
8032750521 1 1
8037182194 1 1
8042146314 0 0
805635250 1 1
8063536227 1 1
8069567190 1 1
8079544656 1 1
8113894546 1 1
8157985484 1 1
8165024960 1 1
8200311101 1 1
8207893103 1 1
8220331090 0 0
8232135863 1 1
8235390683 1 1
8251067270 1 1
8257832181 1 1
8257840439 1 1
8261205009 1 1
8300372246 1 1
83288272 1 1
8333229299 1 1
8335167218 1 1
8335186714 1 1
8374941523 1 1
8376013596 1 1
8426499382 1 1
842710215 1 1
8448196451 1 1
8459487048 1 1
8465359259 1 1
8472877580 1 1
8482998532 1 1
8484014601 0 0
8484918420 1 1
8497543467 1 1
8497544117 1 1
8498646762 1 1
8500656657 1 1
8515167486 1 1
8530693436 0 0
853624602 1 1
853624662 1 1
853624748 1 1
8537849389 1 1
8538956808 1 1
8551985853 1 1
8557088607 0 0
8557089059 0 0
8557089105 0 0
8557405162 1 1
8558197816 1 1
8558197948 1 1
8558197952 1 1
8558198006 1 1
8581382398 1 1
8597580985 0 0
8601412999 1 1
8621491241 1 1
8621785731 1 1
8632921834 1 1
8632922998 1 1
8635683961 1 1
8640839583 1 1
8644134346 1 1
8665157353 1 1
8667499440 1 1
8672214442 1 1
8673895414 1 1
8680599758 1 1
8682017084 1 1
87008925 1 1
871547735 1 1
8721108397 1 1
872398412 1 1
872399898 1 1
8732216315 1 1
8733260588 1 1
8741675787 1 1
8748466575 1 1
87546970 1 1
8881933457 1 1
89037440 0 0
89037454 1 1
89037464 0 0
89037476 0 0
89037541 1 1
89037570 1 1
89037612 1 1
89037659 0 0
89037666 1 1
89037695 1 1
89037716 1 1
8924157 1 1
8991717068 1 1
8BoX1VAZqugcPM 1 1
8CCN87PC3q8RvM 1 1
8WHkdx-mBqANEM 1 1
8b6klZCIM4n3KM 0 0
8gJW1b8AeXZjoM 1 1
8j0IOd1vWgl8YM 1 1
8lsnvl6qEHSaOM 1 1
9037397779 1 1
9052384773 1 1
90526079 1 1
9054128428 0 0
9103641 1 1
9103649 1 1
9117713807 1 1
9118979296 0 0
9225576064 1 1
9265272449 1 1
9312595368 1 1
93442862 1 1
93607545 1 1
9368987660 1 1
9382471318 1 1
9397977046 0 0
9412924789 0 0
9415163706 0 0
9431314039 1 1
944541632 1 1
9472851134 1 1
9477886587 1 1
9513942612 1 1
9530788930 1 1
9550151957 1 1
9582238279 1 1
9585644529 1 1
9588512186 1 1
9595565412 1 1
9595567024 1 1
9595567388 0 0
9595575516 1 1
9605022298 0 0
9612864494 1 1
9624682085 1 1
9637239153 1 1
9637253003 1 1
9637254929 1 1
9640473564 1 1
9640479034 0 0
9640482166 1 1
9640487304 1 1
9640494210 1 1
9640498460 1 1
9640501022 1 1
9645534780 1 1
9675558917 1 1
9677232098 1 1
967988795 1 1
9697056968 1 1
9735686240 1 1
98802211 1 1
9JR-RiJS2ndz9M 1 1
9Qnsh08FmoHNCM 1 1
9cOIcbgHBnTCwM 0 0
9gmNEuXAHxyAxM 1 1
A1ETYC_CzjjwyM 1 1
A24R5HAaKZ1KDM 1 1
A60EwYpIMR-9OM 1 1
AG_mda8F9Aa8GM 1 1
AHEmSAlpZ7hJ6M 1 1
AQvvt0YpIsqLXM 1 1
AY7Ptt55Z2l2KM 1 1
A_HjA-dXZaRjAM 1 1
AitNWFKMjLiQRM 1 1
AmpODXvXiWa_1M 1 1
B4lOHhfoTFMTLM 1 1
BByK9RScAdeaoM 1 1
BCbv1Ad3tntb_M 1 1
BT34tEsAHBqrkM 1 1
BU3ksINY8WOSxM 1 1
BcGPGtLNHUlEXM 1 1
BipFXjEy-A-LSM 1 1
BjGUF9sws1H7RM 1 1
BmcWgZYk6mdtpM 1 1
C7ITvnnGwfyhNM 1 1
CM_LpMssj4qGzM 1 1
CclTcPUxewDViM 1 1
Ce4_s4tt68RX9M 1 1
CeGJRHPq16Ml7M 1 1
CvY3mg5GQkBwaM 1 1
Cy8zArQphPEJ9M 1 1
D2mc9RPUkKAR6M 1 1
DCj-QcRIjwe4JM 1 1
DRVb5rbMMkHTfM 1 1
DXvFT8yiEsYXUM 1 1
DbG_Y8B7GExr5M 1 1
DgRPzTcKlNbjFM 1 1
DmiW6gvVLsu8nM 1 1
DuRGU8_KTbTLyM 1 1
E62DBz2OQCbsAM 1 1
EFp-oCY1vIP1TM 1 1
EPfwPXmV7-R3uM 1 1
EQ6orY5SkFKmoM 1 1
EQTE4e0Plguv4M 1 1
EYjsUuAwrV2xtM 1 1
E_HIFo7My9Cf-M 1 1
EolZX7KgULaowM 1 1
EsZ0S6uvUL-cnM 0 0
EtypXyettRAoPM 1 1
ExtX7SHRtUnRbM 1 1
F0CuOgXYe3rG2M 1 1
F16Y37BlPrIAVM 1 1
F7wwKjJ4p-yzAM 1 1
FJr3vixNMQH_aM 0 0
FUHiZqWt6Y66BM 1 1
FUVKmVmh2sHdvM 1 1
FdkWoqPpIceAVM 1 1
Ff76QcA42HX28M 1 1
Fmu_X9ZvIDVebM 1 1
FtzulrRDrUjgQM 1 1
GQLDAQr_HpDPbM 1 1
GRSER1KAUP-eLM 1 1
GSebULERk_OhlM 1 1
G_dlJwLz4WKcQM 1 1
Gcr7c1t1utcCGM 1 1
GePxiTy9TUeYkM 1 1
Gen9Hx8g0IsqXM 1 1
Gs_GfWk8yix-oM 1 1
GwUoocMkB3X29M 1 1
HLzGcJd97bWhBM 1 1
HWMeI2dYL2VKfM 1 1
HebigDwEV-SVhM 1 1
HmMX5MZKXvSQOM 1 1
Hw9fMKM7lAd2AM 1 1
ItBnE81dSU7A0M 1 1
IwkLJXfwM6RteM 1 1
J0ZYVT6PDDpMpM 1 1
JC-w_Xe04aQDwM 1 1
JEURqUVf7NGdYM 1 1
JEzeJSiIze0eDM 1 1
JJ58uw3Nto7iZM 1 1
JO5_4Qx-GH9ODM 0 0
JSeKJmOIGNzVVM 1 1
Joo-bdS2FcfYlM 1 1
JxHO-FgUJuOWHM 1 1
KCcEls5cFGX3iM 1 1
KIKZzkPol3tk3M 1 1
KJwp8E9dtr_5jM 1 1
KPX6QF9V_J1wfM 1 1
KTq6OQp9yRZRaM 1 1
KVxQ1thLweBhIM 1 1
K_93Oj_HRdMn0M 1 1
KoMnmpX1vu8nAM 1 1
LCxUj1buGJE33M 1 1
LEby9t6iHpgfiM 1 1
LJG-mAals0Um6M 1 1
LPmFzQKX37Z1FM 1 1
LTDytmotsyUHjM 1 1
LWT6v8yJsZKrwM 1 1
Lj1PxK_e-2M0RM 1 1
LmE98Fls_ZK2bM 1 1
LwwDOGdT34iV7M 1 1
M42ocmaqtKlI_M 1 1
M5cG9KD3D0-b2M 1 1
MDBrrT1EhwDg2M 1 1
MMqfbD_snlkPEM 1 1
MaIzaYbkvXM4XM 1 1
MbAWmqw1LIammM 1 1
Mks-GHYm9_uMjM 1 1
MpaGSlsccX2fvM 1 1
N1fscKZblUjpNM 1 1
NAY7CNZVAqna8M 1 1
NI9fQs4JRvziOM 1 1
NSZjK-PQvOgINM 1 1
NZVFwCVi6uG-1M 1 1
NaRSrfhZUM7OnM 1 1
Nbet6yMuF6at1M 0 0
NwM1ZvKmc0-CjM 1 1
NwQ58CAGTsBhMM 1 1
OUmw0-mdLYRMgM 1 1
OY3oY0hZLp22KM 1 1
OsgD6uFSg7JawM 1 1
OuyE4EJ2xyk6UM 1 1
PHX3_1l7SwrY-M 1 1
PJg1Z5kUMJehfM 1 1
PRnG3uzhVGxCSM 1 1
PThqwYlnZva5aM 1 1
PW5KUHc6Mfkw_M 1 1
PcrxufNyM1wNXM 1 1
Pi4Nam_GvoHjAM 1 1
PoMckCZvIDQlSM 1 1
PrwgjYLEtrErRM 1 1
Q2STwiEDDxr_vM 1 1
QBiLoVIWRqDeDM 1 1
QGL7sSWVrw0wSM 1 1
QUdSgSeBYBFVVM 1 1
Qb6L5nFR0c1rxM 1 1
QioHZwgu2eiViM 1 1
R3XpnPCF3liBNM 1 1
R7AXzjfufecbdM 1 1
R8fX0cYyvhLpNM 1 1
RKZuB4p_bRnMxM 1 1
RPK9Y31FqJstTM 1 1
RPNvaZJPNu-OOM 1 1
RQ-Oej48dYCByM 1 1
RQIkfgSX05u3cM 0 0
RS2n8y0B180ZEM 1 1
RS4Z8K3vPCDMEM 1 1
SJIwcjFz_0O30M 1 1
SKin6ZwaBlZ0DM 1 1
SbUjEj54ghDXzM 1 1
SeifMDwBvhlVwM 1 1
SfuzPVoIjhwv0M 1 1
SjYAI1EDtresoM 1 1
Spots9hu97ZJ8M 0 0
T539eRHsYE3CRM 1 1
TG3W16MQS6NzCM 1 1
TLqFXQljuq57KM 1 1
TQAIiWzS3on20M 0 0
TRHCyM-XzpSP2M 1 1
TVkRtOpR4Y9WMM 1 1
TXq0aPZL7VvjAM 1 1
TbmtSkaSzj1pXM 1 1
TjI2sw2PLx1bEM 1 1
TlGp0nO-BeGQ3M 1 1
TsutNfzeuWenRM 0 0
U5_tJtM4qGfE5M 0 0
UFEDkqSIPtfInM 1 1
UUll_kArNcBAXM 1 1
UWfpKZYSHqcx-M 1 1
UkIWK5EgmV9NFM 0 0
UrLOkfTYMiNb2M 1 1
Uu-1p7VEJx50EM 1 1
VHjZvGo48hMU7M 1 1
VTRFCv89tgxYDM 1 1
VUZB2QBGzu3bNM 1 1
VWHJxYnOX3VLHM 1 1
Vh6cuAUjobpvPM 0 0
W6frnV-pGUz33M 1 1
WP9VmE-XgZ3CbM 1 1
W_1kY65xMjSi2M 1 1
Wfma7yvOYtGLCM 1 1
Wx6S4vK8es5AjM 1 1
WyKaSYgI-dqxuM 1 1
XGyIp4e9GstIvM 1 1
XIvy5zadq9MyIM 1 1
XPlPbegVmI5iDM 1 1
XTQLINod73RifM 1 1
XaD5ekaEmul5tM 0 0
XcUdnWWGj4WrWM 1 1
XlYnFvsLMXyyNM 1 1
Y-47GBFqp_XvaM 1 1
YJCiE0PLGbSZ_M 1 1
YPy_orw02pu48M 1 1
YtiOYwvAHu_4lM 1 1
YzJEDPGlZu2xdM 1 1
ZM-uI4aKt876qM 1 1
ZRvqWKKgx-brBM 1 1
ZX9y0MoVmHJEyM 1 1
ZYf0GKpUWKdibM 1 1
ZjL59hty8rJ3BM 1 1
ZnzpOC-HsFgRmM 1 1
ZohhABNusvCnFM 1 1
ZtL0K01oX6GBMM 1 1
Zwk8YECwt3GtqM 1 1
ZzIxMryJs7BYOM 1 1
_1hd61ZtqNtdBM 1 1
_Iuvzx2unTPS2M 1 1
_Lks3p7ikhvdnM 1 1
_PfaAVpFPxRCpM 1 1
_ndWF7vIdwploM 1 1
_oW7FJarlmlEUM 1 1
_wBFTMOz8hmK5M 1 1
_wEp-npl37xyIM 1 1
a0lF76UrOc6zQM 1 1
aDyVE1Z0aQHDWM 1 1
aWh9KKly7YpRuM 1 1
adVj3561a8v-dM 1 1
aola30xqepMHrM 1 1
ari3eo5KuUvrwM 1 1
axUfXiAZnOzJvM 1 1
bPmpGO_rBI4vhM 1 1
bl77rvteRTsqlM 1 1
bn5myXZ2SQA2wM 1 1
bnPkLDXcadDXUM 1 1
boOEbV65v_sKrM 1 1
bqBMDfy8cX6ubM 1 1
by_a6sRhaUIZ5M 1 1
c1ZQ1L74pU05NM 0 0
c2rnLNFP4TalPM 0 0
c3JcP8-Za22KuM 1 1
c6ZLLlLXSpohxM 1 1
cD6pNinYTQC80M 1 1
cK0FWGQBKZo5bM 1 1
cRzH4JtSCqEmDM 1 1
coVUbNELbQib6M 1 1
cuHFXppI6kzGuM 1 1
dFAuHU6uXBlJ-M 1 1
dLXGjJ_6WMZ0BM 1 1
dPRn9FiMPch3RM 1 1
d_yL5dzbJB4F3M 1 1
daeG7m7KRcjZSM 1 1
dci7m3xhqWQaVM 1 1
dkCN-d4vnj-6qM 1 1
dsQuI4PBvgNkJM 1 1
dzeKK546lpL0tM 1 1
e3jimvz3ll3ySM 1 1
eCWy_FucuNgonM 1 1
eRZyu2JMvnXWlM 1 1
eihtzRmIAY4O4M 1 1
ej0_AF-w_q3lIM 1 1
erLTc9xA8qKGIM 1 1
ewiHGMDb6M_VBM 1 1
exrfP0lt4dQNnM 1 1
ez-VSD6RUyeCwM 1 1
ezhS7Q6vwGDmGM 1 1
f5EygyoLapoMgM 1 1
fErK7KnVjd2TrM 1 1
fKb6cx7PEzSKLM 0 0
fRa_l8ds7o_qYM 1 1
fyI3KP8jbUTbbM 1 1
g3bHZGY-uGabSM 1 1
gBUV-PWzhijndM 0 0
gZS6AQlkqyaY1M 1 1
h5cfwYI53IPH7M 1 1
hB9iCsj4wB3v8M 1 1
hBHuyD_cJL9wuM 1 1
hDVn-oODZL4F8M 0 0
hO2FvsvpILfrDM 1 1
hcVtswb2xpcpFM 1 1
hjLupGEttTy9hM 1 1
i1UKJfKH0gqg_M 1 1
i5u6zu64xMQaKM 1 1
i8L8diLJEGFEHM 1 1
i9v5FcXPqwkdCM 1 1
iHClizAOO3knjM 1 1
iJGwPMNua_eRNM 1 1
iNM4v_x6panovM 1 1
iNvoOVP6V05lVM 1 1
jbYC-h7Y97ZnIM 1 1
jiOgtzOL0tfOyM 1 1
jomTZdKxWBaWSM 0 0
k3XFytX1CgiIQM 1 1
k7OIJPYLcD2coM 1 1
kZWBIH1wXR8x2M 1 1
kamM5jiEvwGbyM 1 1
kh8mLmh-2CsFZM 1 1
lJGrRx56KhcKuM 1 1
lN1WmcsA1rve_M 1 1
l_j94IZqx5Iq4M 1 1
lh1kIid6iEJcBM 1 1
m1klSeE5m9XF_M 1 1
mF-YfdNeUeCDnM 1 1
mGxzdne4WtbHdM 1 1
mN-BfFTSVBgYaM 1 1
mR_J-Q0hISd94M 1 1
mgTkYdQyc67Y-M 1 1
mjg79X0SJOv5NM 1 1
msLNvMRf46NxgM 1 1
n1MbCWQNblmPDM 1 1
n2ccu0edSLiN-M 1 1
nZGUihZbZvl4uM 1 1
n_CHrzZAJAwLEM 1 1
nx-qIrocOOO2wM 1 1
nxRupUpUAtS4MM 1 1
o0Pq2cFznMkVIM 1 1
o7yAkv_Rjq5TUM 0 0
oBoU2oz6knyrRM 1 1
oD_OZk6McChR_M 1 1
oIGsH60aCImoDM 1 1
ohS0leTiB3j0GM 1 1
oxCByMEM27Q5YM 1 1
p19r2RRB37YGcM 1 1
pChyJtrw-Tf0yM 1 1
pSCdNyKZWfpCdM 1 1
pdJvluoSQPBhpM 1 1
pdpFvTcdE2zFFM 1 1
pl5LTyDdstR-GM 1 1
qQQLewL2mZo4EM 1 1
qR76-Ie2rLV55M 1 1
qcgItF7hxDM6rM 1 1
qeuWLATWPm8EfM 1 1
qhwI7CfwrJMokM 1 1
qkB2sNiGxrbDwM 1 1
qpEGPPsy0UmH1M 1 1
qpjo2ZcP5cIxjM 1 1
qqRd0-QrDcYfmM 1 1
qt1l1Pe2RhF_rM 1 1
qwooYi027OhDtM 1 1
r28rtbCfu3GONM 1 1
rJeSZlxdTlct-M 1 1
rQfWmzYDkYndFM 1 1
rc6FB6w-xGFBlM 1 1
rfYDPPK4l3TKBM 1 1
rhuBWYbzmUgx-M 1 1
rrlBvq1Tuqf58M 1 1
rrwzJeYw4I6aJM 1 1
rzrq1_fh3JNvnM 1 1
sDK5pweiXLZTgM 1 1
sZzN_-fpUtjIUM 1 1
s_ybapFvN4SPfM 1 1
sq_T9R6tg0_9uM 1 1
t1_vcV3832PbsM 1 1
tDcPqUxtjjx4zM 1 1
tEOWZlxIsW_OAM 1 1
tmF7UZyVohHytM 1 1
ttykVRdOJqkibM 1 1
tvnUfamD4EIqRM 1 1
uF7VRZG43L0hHM 1 1
uKt_FFxIeHziiM 1 1
uLma42VufuQ40M 0 0
uN6LJoGS1XpmEM 1 1
uQSSzaLY-C1wPM 1 1
uav8FaDxvAxYQM 1 1
ubL6BP75acXViM 1 1
uu_UsWt3fx57NM 1 1
uz_YCnO-pVq00M 1 1
v1M39J5pe9JsHM 1 1
vDSdH-gcnmdWUM 1 1
vHiRs8ldh-FidM 1 1
vKxal0yDyXBiyM 1 1
vMA5jUAEzWQJLM 1 1
vWWQ6WQ3bMEkeM 1 1
vZlTqu8MwGLAXM 1 1
vdMehTewIju33M 1 1
vzRdhaIf-V248M 1 1
wHYYrKr0lg7lIM 1 1
wMKdELsvgY5mcM 1 1
w_Rw2tXXU7E0SM 1 1
weQQMX0v8yle0M 1 1
wgo6zLnWFlJWQM 1 1
wtXKvBqqOUIqgM 1 1
wwRNCkINvzpyOM 1 1
wyfIZJ0KAlqVEM 1 1
x12lkEyVQHtvIM 1 1
x1iLElkPNiciYM 1 1
x2YwhVy4QyfpfM 1 1
x86n0B24figCjM 1 1
x8Sf1LM5t7VdnM 1 1
x8t0SpaTdsxS3M 0 0
x9vxUr64Nja_BM 1 1
xCCqE9m5Pp2IFM 1 1
xDqYal_ll7KVBM 0 0
xaTr0Rhb8drG9M 1 1
xjXJI_mgYpWVIM 1 1
xkkRRsc0157GpM 0 0
xm1o8lSdpLpfuM 1 1
xv9cn4_JaMN8aM 1 1
y8TOVVfoKD97RM 1 1
yAtK9ORR4LqHFM 0 0
yCWAhoPmIkXoAM 1 1
yIXvIuYx2ZoZDM 1 1
yPmZRMpGMTSrzM 0 0
yRuatnLitBOUXM 1 1
yb8_2Talt2Z2pM 1 1
ylxfNgJNzKtajM 1 1
z750LBNh0e94HM 1 1
zFevveoKuqIyQM 1 1
zMuLPmeQ2uH7hM 1 1
zNcKp3zJ4uBZWM 1 1
zW5sIOGeIK1hfM 1 1
zZ_fBn0OWd03SM 1 1
zf1g4rkVjjqbMM 0 0
zpwEko2OsET2xM 1 1
