-5fh3WRz_VCCaM 1 1
-GECPsFVmaqjoM 0 0
-PIBZVnQh00mCM 1 1
-c391UCMmhPfhM 1 1
-i34Df0vIgvcBM 1 1
-pmkO62emm5oUM 0 0
05_UBO2JEjz5LM 1 1
05bmroJJr5IZ4M 1 1
09KDtM_9RLTaLM 0 0
0BBRwYelotWloM 1 1
0GeqqySpBF9bOM 1 1
0RXhj2T7qKr9yM 0 0
0cZubvdfeHwxiM 1 1
0nVKnx040lxWjM 1 1
0o8moC-q9V8v2M 0 0
100296787 0 0
10275272166 0 0
10403305 0 0
104960709 0 0
104960766 0 0
104960964 1 1
104961761 0 0
104962256 1 1
10554000585 0 0
105690074 1 1
10588043675 1 1
1064511958 0 0
10780141494 0 0
10984629075 0 0
10vCLb3MtwUerM 1 1
1108635484 1 1
1108638126 1 1
1109629347 1 1
1110472572 1 1
11165737 1 1
11200162866 0 0
11253431406 0 0
11346171844 0 0
113564109 0 0
113565828 1 1
113566494 1 1
11458514164 0 0
11484453153 1 1
11619778175 1 1
11625091733 1 1
11650615393 0 0
116584427 1 1
1170292790 0 0
11719893 1 1
11847287985 1 1
11847376955 1 1
11847426065 0 0
11847671543 0 0
11847731503 0 0
11848151706 0 0
11848266976 0 0
1207313683 1 1
1207401231 0 0
1207945757 0 0
1208115680 1 1
1208138230 0 0
1208208256 0 0
1208754836 0 0
121175296 1 1
12166014085 1 1
1235949794 0 0
1243798563 0 0
1243799437 1 1
1244696177 0 0
1254340064 1 1
126080572 1 1
1261409102 1 1
1266125965 0 0
1281232580 1 1
129352660 1 1
129413014 1 1
12961745175 0 0
130393484 0 0
130399413 0 0
1312301490 1 1
13217926863 0 0
134381549 0 0
1345097 1 1
1345099 1 1
1345103 1 1
1345114 1 1
1345116 1 1
1345118 1 1
1345121 1 1
1345123 1 1
1345132 1 1
1345136 1 1
1345138 1 1
1345625068 0 0
1346497911 1 1
13482006613 0 0
1354891243 1 1
136399278 1 1
13708488714 1 1
13724259415 0 0
13783226305 0 0
1387426444 0 0
13886500029 1 1
13908373632 1 1
1392737895 1 1
1393631510 1 1
1393632272 0 0
139623629 0 0
14044773428 0 0
14048084541 0 0
14060050106 1 1
14060526657 1 1
14060547068 1 1
14070034792 0 0
14070308441 0 0
14073730784 0 0
14097546945 0 0
14125324728 1 1
14148246459 1 1
14152345408 0 0
14155636658 1 1
14170354569 1 1
14185242569 0 0
14185267918 0 0
14185427137 0 0
14226356393 1 1
1427890704 0 0
14299638640 0 0
14304844795 1 1
14318454769 0 0
14319162406 0 0
14348788666 1 1
14370960564 0 0
14482831558 0 0
145019585 1 1
14529990370 0 0
14529992150 0 0
14529996078 1 1
14529997509 0 0
14529998269 0 0
14530003239 0 0
14530003458 0 0
14530008898 0 0
14530208047 0 0
14530208607 0 0
14530211457 0 0
14530214717 0 0
14530215677 0 0
14693651056 1 1
14693653566 0 0
14693653666 1 1
14693655446 0 0
14693658166 0 0
1471120833 1 1
14713472941 0 0
14713473141 0 0
14713476761 0 0
14713482571 0 0
14714261494 0 0
14714263144 0 0
14714271134 0 0
14714272094 0 0
14716358292 0 0
14716364562 0 0
14736516903 0 0
14757023213 1 1
14792325921 1 1
1481869230 0 0
14829039117 0 0
14905815362 0 0
149253778 0 0
14IIIhPES4aG4M 0 0
14NejONxQHUrCM 1 1
15012482251 1 1
15041971 0 0
15043248957 0 0
15043265007 1 1
15044082489 0 0
15055397126 0 0
15060429836 0 0
15078412735 0 0
15193246199 0 0
15193451158 1 1
15193495228 0 0
15193505287 0 0
15193650158 0 0
15193707057 1 1
15194520226 1 1
15225308205 0 0
153161560 0 0
15363863973 1 1
15377003351 0 0
15379741342 0 0
15379792392 1 1
15380122075 1 1
1539856183 1 1
15453939335 0 0
15491590756 1 1
15562183109 1 1
15575611591 1 1
156070971 0 0
15616651368 1 1
15644419901 1 1
1571296049 0 0
15715373077 0 0
15845451830 0 0
15868393153 0 0
15875929286 0 0
15883918306 1 1
15886673048 1 1
15888026939 1 1
159543922 1 1
15957038008 1 1
16016243570 1 1
16025798888 0 0
16030761701 0 0
161149286 1 1
16141983115 1 1
16169374296 1 1
16193324431 0 0
16375539502 0 0
16434514056 0 0
16446985629 0 0
16543570049 1 1
16548269574 1 1
16577368484 1 1
16577369304 1 1
16599337359 1 1
16625601991 0 0
16634003920 1 1
166710 1 1
16821388245 1 1
16hF7-QFyJC_0M 1 1
1719475937 0 0
17199801805 1 1
17212610887 0 0
17234460690 0 0
1736014448 1 1
17421473941 0 0
1752186759 0 0
177346829 1 1
18006850803 0 0
18318863352 1 1
185203703 1 1
1861111227 1 1
186112763 0 0
186963674 1 1
189808536 1 1
191269800 1 1
19364213214 0 0
1965931431 0 0
1965935329 0 0
1965937025 0 0
1965939425 0 0
1965943243 0 0
1965945059 1 1
1965962213 0 0
1965963783 0 0
1966762374 0 0
1966766554 0 0
1966768842 1 1
1966770652 0 0
1966771008 0 0
1966776062 0 0
1966786128 1 1
1966786624 1 1
1966789164 0 0
1966789468 0 0
1966790072 0 0
198402098 1 1
198402101 1 1
1OCt1FPlh_-sLM 0 0
1T7zfmiCKaxmbM 0 0
2010369627 1 1
202703343 0 0
203589336 0 0
2043812314 0 0
20453585 0 0
204609639 0 0
2054231691 1 1
2055014158 0 0
2071030232 0 0
2080703394 0 0
2095858364 1 1
2120231040 1 1
213650302 0 0
21394392023 1 1
2155988394 0 0
21628032056 1 1
2185652109 1 1
2186434876 1 1
21929200686 1 1
2195685553 0 0
2195945100 1 1
22003276502 1 1
2201263932 1 1
2201268176 0 0
2202481337 0 0
2202483133 0 0
2202485523 0 0
2202489003 0 0
2202491955 0 0
2203283644 1 1
22101239883 1 1
2213313897 0 0
2213321711 1 1
2228394020 0 0
2231373518 0 0
2237273277 0 0
2237573082 1 1
2245226597 0 0
2246101890 1 1
226924648 1 1
2275875185 0 0
2280445311 1 1
2293282638 0 0
22q4_kaWp7yDvM 1 1
23073570343 1 1
2308233896 1 1
2314384294 0 0
2318251606 0 0
2329086127 1 1
2357201998 1 1
23592100872 0 0
23618168681 0 0
23618169041 0 0
2362423599 1 1
2363257252 1 1
2364927049 0 0
2369875695 1 1
23744598 1 1
237525882 1 1
2382859568 0 0
2398285662 0 0
2399328411 0 0
240893397 1 1
242088987 0 0
242096969 0 0
242098127 0 0
24228102606 0 0
2429452075 1 1
2434701779 0 0
2435345777 1 1
2438783153 0 0
2440098474 0 0
2447068030 1 1
2451713615 0 0
2452568816 0 0
2452591520 0 0
245430354 1 1
245506503 1 1
2464335305 1 1
24669796159 0 0
2473825000 0 0
2478126015 0 0
2478138665 0 0
2478240417 1 1
2478967704 0 0
24814431 0 0
2495481944 0 0
2495918881 0 0
2511240278 0 0
25293885993 1 1
2534930003 1 1
253727554 0 0
2541189134 1 1
2546518991 1 1
2546958527 1 1
2548876371 1 1
2582071981 0 0
2587025794 0 0
2594626468 0 0
2598390939 1 1
2599080394 0 0
26070409691 1 1
26107398310 1 1
2617388584 0 0
2619285541 1 1
2619287455 0 0
2619289339 0 0
2619293419 0 0
2620115310 0 0
2639462 1 1
26408387952 1 1
26500361 1 1
26552374173 1 1
2675806932 0 0
26772578552 1 1
267874689 0 0
2680980905 1 1
26959173255 0 0
270568100 0 0
270569006 0 0
271717044 0 0
2734157167 0 0
2734198871 0 0
2734224867 1 1
2734293361 1 1
2734300669 1 1
2735057186 1 1
2735068372 0 0
27429365044 1 1
274376462 1 1
274909420 0 0
27562258865 0 0
2761483261 0 0
2771972442 1 1
2772939547 1 1
2773957409 0 0
27749020775 0 0
2775458849 1 1
277684591 0 0
2777384858 1 1
2788699662 0 0
2791686761 1 1
279698953 1 1
280qXhzreHyUBM 1 1
281263324 1 1
2836769212 0 0
2840201741 0 0
2840203943 0 0
2840208079 0 0
2841029744 1 1
2841043828 1 1
2843961135 0 0
2844822320 0 0
2844824276 0 0
2849146585 1 1
2849146811 1 1
2849147159 1 1
2849147611 1 1
2849147689 0 0
2849978286 1 1
2849978618 1 1
2849978758 1 1
2849979368 1 1
286776501 1 1
286776629 1 1
287922440 0 0
2880360450 1 1
2886745149 0 0
289097688 1 1
289097693 0 0
2902721950 1 1
290316642 1 1
2923255937 1 1
2923651738 0 0
2924106864 0 0
2925052846 1 1
2929669049 0 0
2942681548 1 1
294326808 1 1
2943464520 0 0
2947088460 0 0
2950910718 0 0
2955178650 0 0
296682387 1 1
29942341 1 1
2998428149 1 1
2998448371 1 1
2AnUgC9tOioYzM 1 1
2vaUY1PoBD8YQM 1 1
2whdRIuEUFdcnM 1 1
3013683886 1 1
3016941158 1 1
3023936140 1 1
3025622410 1 1
304304080 0 0
305278695 0 0
3063881708 0 0
3064216950 0 0
306824040 1 1
3085128727 0 0
3085128795 0 0
3085129057 0 0
3085129185 0 0
3085129533 1 1
3085129651 1 1
3085129733 0 0
3085129913 1 1
3085130095 0 0
3085130519 0 0
3085131263 0 0
3085137799 0 0
3085137929 1 1
3085138063 1 1
3085138349 0 0
3085138749 0 0
3085138943 0 0
3085138991 1 1
3085139175 0 0
3085139295 1 1
3085139359 0 0
3085139617 1 1
3085139719 0 0
3085139823 0 0
3085140147 0 0
3085140177 0 0
3085140233 0 0
3085140335 1 1
3085140465 0 0
3085140563 0 0
3085140883 0 0
3085141031 0 0
3085141093 0 0
3085967514 0 0
3085967596 0 0
3085967808 0 0
3085967926 0 0
3085968642 1 1
3085968782 0 0
3085968996 0 0
3085969472 1 1
3085969546 1 1
3085969644 1 1
3085969714 0 0
3085976196 1 1
3085976658 0 0
3085976704 1 1
3085976764 1 1
3085976830 0 0
3085976966 0 0
3085977024 0 0
3085977074 0 0
3085977132 0 0
3085977182 1 1
3085977276 0 0
3085977342 1 1
3085977512 0 0
3085977646 1 1
3085977674 1 1
3085977728 0 0
3085977838 0 0
3085977998 1 1
3085978034 1 1
3085978082 1 1
3085978138 1 1
3085978498 0 0
3085978922 1 1
3085979046 0 0
3085979132 0 0
3085979184 0 0
3085979274 0 0
3085979334 0 0
3085979384 0 0
3085979472 1 1
3085979510 1 1
3085979558 1 1
3088563686 0 0
31019970 1 1
3108866130 0 0
311274670 0 0
3113267336 0 0
3114611316 0 0
3137102185 0 0
3137929594 0 0
313872529 1 1
3139090353 0 0
3139095999 0 0
3143974629 1 1
3144801442 0 0
3145011986 0 0
3148391569 1 1
3152308122 0 0
3163519810 1 1
3163615427 0 0
3176811297 0 0
3181961087 1 1
3192440299 1 1
3215258302 1 1
321637646 1 1
321639017 1 1
3234193228 1 1
3261151756 0 0
326610674 0 0
3269184964 1 1
3269454581 1 1
3269463289 0 0
3269479405 0 0
3269487711 0 0
3269513179 0 0
3269520693 0 0
3269524799 1 1
3269532101 0 0
3269541217 0 0
3269559551 0 0
3269565237 0 0
3269573061 0 0
3269586013 1 1
3269596825 0 0
3269608857 0 0
3269629187 0 0
3269635075 0 0
3270269074 0 0
3270270056 0 0
3270280596 0 0
3270302404 0 0
3270304326 0 0
3270351514 1 1
3270356600 0 0
3270372084 0 0
3270378542 0 0
3270405060 1 1
3270440950 0 0
3270458644 0 0
3270460346 0 0
3270464162 0 0
3270466042 0 0
3280887677 1 1
3281752481 0 0
3281759061 0 0
3281760821 0 0
3312430211 1 1
33132299 1 1
3314851588 0 0
3331874797 0 0
3339300319 1 1
3353920731 0 0
3389442348 1 1
339726997 0 0
3402485216 0 0
3404796396 0 0
3405109290 1 1
3413377221 1 1
34179048 1 1
3424234083 0 0
3428652584 1 1
3433954384 1 1
343918074 0 0
3446093413 0 0
3446762932 1 1
3455303288 1 1
3464235451 0 0
34742471 0 0
3495152273 0 0
3520280777 1 1
3532822922 1 1
3533687577 0 0
353676552 0 0
3551475750 0 0
3556648632 0 0
356518792 0 0
3568535673 0 0
3571374672 1 1
35715406 0 0
357206532 0 0
357443355 0 0
3590269839 0 0
359882143 0 0
3603054338 0 0
3618211626 0 0
3618211880 0 0
362309711 0 0
3623374993 1 1
3626746557 1 1
3639099984 0 0
3640121403 0 0
3644226599 0 0
364683421 1 1
364683529 0 0
36494142 0 0
3651333552 1 1
3652817199 0 0
3652817503 0 0
3652818439 0 0
3656328217 0 0
3669339653 0 0
3669340393 1 1
3669341525 1 1
3669342619 1 1
3669343597 0 0
3670152312 1 1
3670549779 0 0
3670551677 1 1
3671351290 1 1
3671353774 0 0
3671354904 1 1
3671357328 1 1
3680477162 0 0
3680479134 1 1
3682518499 0 0
3682534159 0 0
3682536745 0 0
368930335 0 0
368940406 1 1
3690815698 1 1
3705811627 0 0
370786935 0 0
370787003 0 0
370787212 0 0
370787277 0 0
370787338 0 0
3726559291 1 1
3726559509 1 1
3726559565 0 0
3726559633 1 1
3726559669 0 0
3726559707 0 0
3726627785 0 0
3727913633 1 1
3736930935 0 0
3739308057 0 0
3739355635 0 0
3740138092 0 0
3740143262 0 0
3747143861 0 0
3750262237 0 0
3761357560 0 0
3770722735 0 0
3773734182 0 0
3776621142 1 1
3781310889 0 0
3789351406 1 1
3793329499 1 1
3793333309 0 0
379339564 0 0
3794151358 0 0
3802298116 1 1
3806833322 1 1
3806859938 0 0
3828091095 1 1
3832832426 1 1
3843039424 0 0
3866538644 1 1
3870825563 1 1
3872622387 1 1
3872623073 1 1
3872625407 1 1
3872626891 1 1
3872629895 1 1
3872632673 0 0
3872643199 1 1
3872645055 0 0
3872645841 0 0
3872646545 0 0
3872649597 0 0
3872653619 0 0
3872655577 0 0
3872658947 0 0
3872661049 0 0
3872662407 0 0
3872667129 0 0
3872667875 0 0
3872670649 0 0
3872671455 0 0
3872672191 0 0
3872678085 1 1
3872679521 0 0
3872680837 0 0
3872681539 0 0
3872691295 1 1
3873402424 1 1
3873403176 0 0
3873410892 1 1
3873415354 0 0
3873416068 1 1
3873416672 0 0
3873417938 1 1
3873418634 0 0
3873420648 1 1
3873433080 0 0
3873441372 0 0
3873450032 0 0
3873450634 0 0
3873464536 1 1
3873470512 1 1
3873473602 1 1
3873475122 1 1
3873476598 0 0
3929750233 1 1
3930533460 0 0
3930534308 0 0
3931272257 1 1
394107603 1 1
3948589762 0 0
3957324023 0 0
3958093704 0 0
3958097612 0 0
3958099362 0 0
3958101762 0 0
3958108818 0 0
3960357059 1 1
3973019752 0 0
3984004267 0 0
3993440531 1 1
3Alp3EeJsW9CMM 1 1
3D5qLJCwfiBZgM 1 1
3DubzoIzL1zrmM 0 0
3GevyCoWojf6jM 0 0
3I9K8RsIoV0tKM 1 1
3SlhnT_WDCCOQM 1 1
3TRc5BgfcfTpOM 1 1
3bK6U0QR_jXcxM 1 1
3crI2PWqdGOV2M 1 1
3fkV5iyHdMKRWM 1 1
3kvQm3Ba6c2WRM 0 0
3xEPg352p2IIhM 0 0
3xFdF-kNuWzTZM 1 1
4020573479 0 0
4020575489 0 0
4020575731 0 0
4020576407 1 1
4020576935 1 1
4020579017 0 0
4020581109 0 0
4021332136 0 0
4021334300 0 0
405849258 1 1
4075962241 1 1
4075962779 0 0
4075963089 1 1
4092387480 1 1
4141022735 1 1
4144064555 0 0
4144069459 1 1
4144104401 0 0
4144794628 0 0
4144806398 0 0
4144862214 0 0
414770415 0 0
4158919055 1 1
4158920889 1 1
4158937157 0 0
4158940747 1 1
4158941425 0 0
4158943335 0 0
4158943897 0 0
4158947271 0 0
4158954211 0 0
4158972685 0 0
4158978785 0 0
4158982445 0 0
4158988885 0 0
4159014359 0 0
4159689970 0 0
4159697385 0 0
4159699066 0 0
4159715216 1 1
4159718322 1 1
4159721658 0 0
4159724942 0 0
4159733674 0 0
4159743298 0 0
416141683 0 0
4168372422 0 0
420069592 1 1
420070936 0 0
420091889 0 0
420092942 1 1
420181943 0 0
420182878 0 0
420186334 0 0
4207952529 1 1
4229975701 1 1
4230743014 1 1
4237067105 0 0
42482241 0 0
4250693459 1 1
4250695065 0 0
4250695481 1 1
4251467776 0 0
4261434388 1 1
4261436036 0 0
4273603164 0 0
4286372559 0 0
4286786321 0 0
4307340445 0 0
4307356367 1 1
4308026832 0 0
4308028850 0 0
4308078790 0 0
431868473 0 0
4321820695 0 0
4321822047 0 0
4321822205 0 0
4321822747 0 0
4321823559 0 0
4321824683 0 0
4321824871 0 0
4321825457 0 0
4321826063 0 0
4321826901 0 0
4321827853 0 0
4321828001 0 0
4322553366 0 0
4322553698 0 0
4322553938 0 0
4322554120 0 0
4322554352 0 0
4322554674 0 0
4322554922 0 0
4322555400 0 0
4322555566 0 0
4322555972 0 0
4322556480 0 0
4322556646 0 0
4322556960 0 0
4322557212 0 0
4322557398 0 0
4322557522 0 0
4322557716 0 0
4322558498 0 0
4322559060 0 0
4322559596 0 0
4322559836 0 0
4322560012 0 0
4322560400 0 0
4322560584 0 0
4322560778 0 0
4322561558 0 0
4322561764 0 0
4340535716 0 0
4344728183 1 1
4348294516 1 1
4356844079 0 0
4360326649 0 0
4389327483 0 0
4389340113 1 1
4390097776 0 0
4390099384 0 0
4390103872 1 1
4390105238 0 0
4390107104 0 0
4390110574 1 1
4405874259 0 0
4405874703 1 1
4405875511 1 1
4405876777 0 0
4406639302 0 0
4406640952 0 0
4406641736 0 0
44118861 1 1
442352631 1 1
444735580 1 1
4452313192 0 0
4482219253 1 1
4494487357 0 0
4495127676 1 1
4530262079 0 0
4537705690 1 1
4539703219 1 1
4545594483 1 1
4545595505 1 1
4549649855 0 0
4549651979 0 0
4559375139 0 0
45823076 0 0
4585088959 1 1
459015296 0 0
459016610 1 1
46249307 0 0
4681468200 0 0
468556244 1 1
468564950 0 0
468575335 0 0
4698394654 1 1
4698924110 1 1
470936405 1 1
471833150 1 1
472395171 0 0
4735134915 0 0
4736764284 0 0
4741070263 0 0
477003812 1 1
477020331 0 0
47749009 1 1
4775038475 0 0
4775674974 0 0
479419778 0 0
479429838 0 0
479431039 0 0
479434696 0 0
479434967 0 0
479445481 0 0
4795180913 1 1
4795181511 1 1
4795814854 1 1
480780146 0 0
4814140379 0 0
4820230747 1 1
4847764981 1 1
4847766023 1 1
4847766563 1 1
4847780691 1 1
4847803461 1 1
4848387022 1 1
4848389728 1 1
4848403444 1 1
4862973318 0 0
4877468253 0 0
4923523957 1 1
4963966933 0 0
4968385509 1 1
4974762844 0 0
4974763070 0 0
4992733684 0 0
4996946147 1 1
4Aelhmqv28b16M 0 0
4GKtlmM90L__dM 1 1
4GY77b5PtBPQ1M 1 1
4PuJ2XLegbmbRM 1 1
4n7LbDpQO14pHM 1 1
4ql98vFPQD0vKM 0 0
4tPRC4fp4FNVYM 0 0
5002366707 0 0
5026073926 1 1
5029519432 0 0
5042489287 0 0
505373140 0 0
5059545396 0 0
507053891 1 1
507496337 1 1
5077097718 1 1
5079711805 0 0
5092934832 1 1
5092934992 0 0
5092935138 0 0
5092935418 1 1
5116176461 0 0
5128554880 0 0
5131698795 0 0
5132299418 0 0
5135707854 0 0
5138329134 1 1
515782454 0 0
5165865630 0 0
5166794095 1 1
5167497091 1 1
5170731528 1 1
5171016885 0 0
5171020195 1 1
5171023495 1 1
5171619772 1 1
5171622866 1 1
517216309 1 1
5174296901 0 0
5181489413 0 0
5210781339 0 0
5212943625 0 0
5212947033 0 0
5212948147 1 1
5212950741 1 1
5212952649 1 1
5212957261 0 0
5212959399 0 0
5212966281 0 0
5212970245 0 0
5212971375 0 0
5212982741 0 0
5212984677 0 0
5212990917 0 0
5212992493 0 0
5212993973 0 0
5213002059 0 0
5213006663 1 1
5213010393 0 0
5213012017 0 0
5213013027 0 0
5213014029 0 0
5213018151 0 0
521314120 0 0
5213537454 0 0
5213538440 0 0
5213540678 0 0
5213545704 0 0
5213564452 0 0
5213565328 0 0
5213567864 0 0
5213575978 1 1
5213577304 0 0
5213581656 0 0
5213583658 0 0
5213584540 0 0
5213585768 0 0
5213590570 0 0
5213592088 0 0
5213592704 0 0
5213596110 0 0
5213597054 0 0
5213598928 0 0
5213599844 0 0
5213600806 0 0
5213604500 0 0
5213605446 0 0
5213612124 0 0
5213613162 0 0
5221357462 0 0
5252756127 0 0
5259022526 1 1
5275041183 0 0
5283903677 0 0
5300312759 0 0
5300892150 0 0
5300897973 0 0
5300934991 0 0
5300947889 1 1
5300950721 1 1
5301533916 0 0
5302500614 0 0
5311583584 0 0
5312357820 1 1
5316937127 0 0
5328327228 0 0
5348328725 0 0
535063749 1 1
5352131811 0 0
535565283 0 0
535566123 0 0
53598555 1 1
53598556 1 1
5372991273 0 0
5375531151 1 1
5375533301 1 1
5375540153 0 0
5375541993 1 1
5375549249 0 0
5375555007 0 0
5376137084 0 0
537985301 0 0
53856812 1 1
5406322447 1 1
5419859497 1 1
5435274652 0 0
5435276062 0 0
54426859 1 1
5444295252 1 1
5447451812 1 1
5447485926 0 0
545242171 1 1
547458644 0 0
5483078548 1 1
5496304066 1 1
54qem3fmK-YkEM 1 1
5520614283 0 0
5521205454 1 1
5555659201 1 1
5555659407 1 1
5560173151 0 0
5560175793 0 0
5560753860 0 0
5564999214 1 1
5565000992 1 1
5567622746 1 1
560658226 1 1
560660272 1 1
5606982725 1 1
5613974300 0 0
5626463250 0 0
5626774591 0 0
5635550001 0 0
5635552659 0 0
5635553621 0 0
5635559455 0 0
5635562673 0 0
5635563271 0 0
5635572589 0 0
5635588937 0 0
5635599111 0 0
5635601189 0 0
5635603373 0 0
5635611317 0 0
5636129558 1 1
5636136812 0 0
5636138030 0 0
5636145070 0 0
5636148610 0 0
5636149408 0 0
5636150932 0 0
5636160602 1 1
5636180068 0 0
5636180804 0 0
5636182114 0 0
5636184520 0 0
5636185404 0 0
5636186336 0 0
5636187344 0 0
5636188294 0 0
5650431411 1 1
565322093 1 1
566046564 1 1
5695271867 1 1
571788029 0 0
5729809977 0 0
5736475944 1 1
5752099822 0 0
5782395253 0 0
5833451393 0 0
5845169419 1 1
58491807 0 0
5871171757 1 1
5924713912 0 0
5925911759 0 0
5926468746 1 1
5931980337 1 1
5932831115 1 1
5959337687 1 1
5986354085 1 1
5KCAyXCgPXkosM 1 1
5YzjppLXFSCA3M 0 0
5gFNJRdi0y1uaM 1 1
5gGZRzddHt5XxM 0 0
5m9EVu71yEeFiM 1 1
5oVB1YbEItECRM 1 1
6012672099 0 0
60444994 1 1
6051202431 0 0
60561722 0 0
60561728 1 1
6061787 1 1
6137432461 0 0
6148051051 0 0
6156430522 1 1
6157073019 1 1
6158140380 1 1
6159892047 0 0
6161749482 0 0
6174359286 1 1
6194716357 1 1
6197940260 0 0
6209987516 0 0
6210148832 1 1
6211116478 0 0
6217771452 0 0
6269764345 1 1
6296205225 1 1
6316441567 0 0
6320334916 0 0
6334496247 1 1
6335588026 0 0
6337897973 0 0
6403268579 0 0
64070874 0 0
6422818349 0 0
6422850751 0 0
6422906327 0 0
6422948821 1 1
6444954047 0 0
64559391 0 0
6490745633 1 1
6496208579 0 0
6496213569 0 0
6496218285 0 0
6496222463 0 0
6496227193 0 0
6496229067 0 0
6496231409 0 0
6496234447 0 0
6496237145 0 0
6496239829 0 0
6496242313 0 0
6496246407 0 0
6496248559 0 0
6496250983 0 0
6496253393 1 1
6496255453 0 0
6496257627 1 1
6496259881 1 1
6496263071 0 0
6496265401 1 1
6496271583 0 0
6545717121 1 1
6562131929 1 1
6562133169 0 0
6562134511 0 0
6636694 0 0
6692786923 1 1
6763601277 0 0
6791749557 1 1
67iyzqECipRz4M 1 1
6801924964 1 1
6801934950 1 1
6817416835 1 1
6821928 0 0
6845578654 1 1
6887866361 1 1
6888223463 0 0
6888223513 0 0
6888775241 0 0
6888879279 1 1
6908696517 0 0
6914469573 0 0
6914472193 0 0
6914473145 1 1
6914474237 0 0
6914474831 0 0
6914475283 0 0
6914475823 1 1
6914476757 0 0
6914478229 0 0
6914478667 0 0
6914480199 0 0
6914481285 0 0
6914483625 0 0
6914484295 1 1
6914484985 1 1
6914485799 1 1
6914486493 1 1
6914487409 1 1
6914488137 0 0
6914488805 0 0
6977321666 1 1
6979922844 0 0
6979924714 1 1
6983506688 1 1
6DvRPjP6vSm21M 0 0
6S0P3OwFyz3AyM 1 1
6X7C14yGwWVnSM 1 1
6gzUFhQpLDgHCM 0 0
7003486023 1 1
7004556630 1 1
7006184497 0 0
70562391 0 0
7067177993 1 1
70900090 0 0
7104883495 0 0
7104884017 1 1
7104884871 1 1
7104885651 0 0
7104886505 0 0
7104889173 1 1
7104892139 1 1
7104893655 0 0
7123403873 1 1
7123404573 1 1
7126012577 1 1
7178564002 0 0
7216575766 1 1
7254222126 0 0
7285233712 0 0
7313819092 1 1
7317102562 1 1
7339960766 1 1
7360304524 0 0
7428220102 0 0
7461161500 0 0
7530990320 0 0
7641289828 1 1
7654945346 0 0
7662794208 0 0
7662798438 0 0
7672667668 0 0
7717711548 1 1
7730029350 1 1
7730057394 0 0
7740568076 0 0
780582001 1 1
7812086246 0 0
7812134832 0 0
7812138656 0 0
7847255330 0 0
7856552670 1 1
7856555640 0 0
7856558264 0 0
7856560738 0 0
7856563280 1 1
7856565838 0 0
7856568662 1 1
7857009204 1 1
7857012946 0 0
7900870178 1 1
7922236438 1 1
7923139792 1 1
7947908550 0 0
7968336320 1 1
7975765 1 1
7Dm9vvxFfdHREM 1 1
7KzZGP1GG0DSsM 1 1
7SESWJ3vO1lYzM 1 1
7a3ZW8cA16glXM 1 1
7dJXH-wfenYtpM 1 1
7rc0ha0iY1MVQM 1 1
7vJiqNeOnMHGFM 1 1
80102849 0 0
8042081991 1 1
8084666565 0 0
8084687025 0 0
8084911260 1 1
8092885258 1 1
8118917513 0 0
8134700163 1 1
8134700365 0 0
8151437549 1 1
82225658 0 0
82225672 0 0
82342954 0 0
828011929 1 1
8287495125 0 0
8289813895 0 0
8299885569 0 0
8300936808 0 0
8313808384 0 0
8313993735 0 0
8314012671 0 0
8314017675 0 0
8314018727 0 0
8314025619 0 0
8314027705 0 0
8314028849 0 0
8314029889 0 0
8314031021 0 0
8315038600 0 0
8315060120 0 0
8315061246 0 0
8315070394 0 0
8315092498 1 1
8315105660 0 0
8316325845 0 0
8354386476 0 0
8360296356 0 0
8360299010 1 1
8368394223 1 1
8369459086 1 1
8371153574 1 1
8394249566 1 1
8450590783 1 1
8450590837 0 0
8450591017 0 0
8451679524 1 1
8451679538 0 0
8451679642 1 1
8451679734 0 0
8451679758 0 0
8451679826 1 1
8451679834 0 0
8460006264 1 1
846215270 0 0
8475633991 1 1
8475634171 1 1
8475634335 1 1
8476723638 1 1
8476723800 1 1
8476724498 1 1
8488312812 0 0
84c5p-_pch9W1M 1 1
8503395586 0 0
8536418663 1 1
8537519408 0 0
8537520446 1 1
8537523854 0 0
8580070257 1 1
85PWieLAW4KdWM 1 1
85qdoO7b1NxVPM 1 1
8606132319 1 1
8632300561 0 0
868138131 1 1
8689709074 1 1
8709619997 1 1
8727641893 0 0
8731132262 1 1
8773497064 1 1
877790988 1 1
88692694 0 0
89055699 0 0
89184088 1 1
89184120 1 1
8972562528 1 1
8A_TKCmwuKSzMM 1 1
8MGCGKCscCejUM 1 1
8QwiyVDnjC4ODM 1 1
8f8fcmYw3OhVVM 1 1
8xeseZfDNtX_eM 1 1
9035829027 0 0
9068944860 0 0
90Y9z5iWgqjRtM 1 1
9190675127 0 0
9190676935 1 1
9190677247 1 1
9193471240 0 0
9193472768 1 1
9194746653 1 1
9194749405 0 0
9197535192 0 0
9197536212 1 1
9197538652 0 0
9197538878 0 0
9209134471 1 1
9272382977 0 0
9279363769 1 1
9280559010 0 0
9282137248 0 0
9282144978 1 1
9282149210 0 0
9383890195 1 1
93HUEEcT73WKBM 1 1
9456860972 1 1
9470780291 1 1
9525057475 1 1
9525058363 1 1
9527845070 1 1
95301181 0 0
9536609181 0 0
9536611973 0 0
95392793 0 0
9539390232 1 1
95734709 0 0
9630110893 1 1
9656898647 1 1
9675150599 0 0
9697117221 1 1
9712410125 0 0
9715644528 1 1
97786011 1 1
9905646414 1 1
9Iz9MT_dGrct1M 1 1
9Nv7Svn98OcHiM 1 1
9UYadgJNkPR8iM 1 1
9hNG-RMh6EBKiM 1 1
9nRI59nLty7RdM 1 1
A0dklorpqwRHPM 1 1
AHCO4DOZAeq94M 1 1
Aa4r9yijC6QIXM 1 1
Aa6jB2ZPQRaE8M 1 1
At4L1I-07DJrjM 1 1
B1se_nlH5GKFgM 1 1
BAtnvFLz_srOjM 1 1
BNCUNnd2CjXspM 1 1
BP785F9CqXUPLM 0 0
BSCkMEfsoUZGuM 1 1
BSqIizE6bWjQ8M 1 1
Bd1k42SgywXPmM 1 1
Bh7uMil9aBaoRM 1 1
BycTQviZceGcHM 1 1
C6esjHCk9EgixM 1 1
CEkSNWtwsBTAGM 1 1
CHNh3viLKXW5UM 0 0
CrRZ_aLTru9edM 0 0
D8dZioCDejut9M 1 1
DAwwkldTcTQb-M 1 1
DKaYN77fAUUqCM 1 1
DOG7P7o0f6JzSM 1 1
Db4RvVFA7AOgQM 1 1
ECGsyoeNvqWEwM 1 1
EDSEmTW6_J5ciM 1 1
EJafy_cdx3O-MM 1 1
EJqJnK_FaEtfiM 0 0
EOPYCwDu5IktjM 1 1
EXzyvmwKNY27RM 1 1
EeyrM24APkXrmM 1 1
Erz_wOYgRTdPaM 1 1
EwqlEpq-Rm9ryM 1 1
F55j6MMWsWYHBM 1 1
F5kjmKAAbqv7qM 0 0
F9mMOwEkzrJVdM 1 1
FAXzZx9n1ZAslM 1 1
FeqQ-HJ2UJWm8M 1 1
FgISpM79cmC5OM 0 0
FlF28bgOa_KyXM 0 0
Fmm0JUoZ0146CM 1 1
FuhPLMDdfdDlyM 1 1
G3_jFZLDzaSmDM 1 1
GAcqRzgvrFqnNM 1 1
GEbIrT8BO-_VBM 1 1
GGgeT5F6zzpZZM 1 1
GQX99WswUaHfYM 1 1
GeYTs5rVSlTb1M 1 1
GumV9ahNyMfulM 1 1
HBfj4MhPZadTHM 1 1
HEzNQcW8XghLuM 1 1
HTgQcHQTPdVFjM 1 1
HX3UmN3-gj2XJM 1 1
HfAjH-Kt-k0nDM 1 1
HgSXbXXH31Ui-M 0 0
HjR7jzFIPzNqwM 1 1
HnJtIzeLysuPEM 1 1
Hner4Sc1XMjPaM 1 1
HoOxfDfKYQr4PM 1 1
I2NOr6wWt_53JM 1 1
IBM-ytDFbSaiOM 1 1
IJDUv_1y12rfNM 0 0
I_07orI1kRg6cM 1 1
IaJCcX7nA_cfwM 1 1
Ib4G6nUNW0cIHM 1 1
Ip9nX_v1_1hAbM 1 1
IsNbU7sseqW5GM 0 0
J14zZlhpmrTX5M 1 1
JNDSw4kZ0j2sNM 1 1
JTFii_hqiQk32M 1 1
JjHCHL5wML1r4M 1 1
JmWWWNO7u2bZ4M 0 0
JpATp8AD-z8PCM 0 0
K975R0qoFuOP0M 1 1
KYX4SjhCEuv6ZM 1 1
KgJSouNXExWJ4M 1 1
LEdwIaCV9w0K_M 1 1
LFJpmZNiVu2BRM 0 0
LGx0iBdfl53ZJM 1 1
LKcJQ-ryqXFnZM 1 1
LMExWu4a2MUqRM 0 0
LYhAzCkZt0byGM 1 1
MAZSHn2t-TnnjM 1 1
MK5ugwigdeUiaM 1 1
MLJ162OoLfoKCM 0 0
MWA_95bE3ftEqM 1 1
McZARg0SJhJbgM 1 1
MtlgK4MYvjhu0M 0 0
N0egKPeGeRwY9M 1 1
N4e7QU3Sl9ZXwM 1 1
NDiYfZM3q2qVGM 1 1
NQFBiX1-9nX-gM 1 1
NW_hrpGdKNlshM 1 1
NvmiTW67KfjS9M 1 1
NwEO57bKG-yVwM 1 1
O-ZNzp_hLlnGkM 1 1
O41y8uEW3md3DM 1 1
OEc8e2G13eK5aM 1 1
OMm9ME9XAh3JsM 1 1
OMtJmlFu2vz7wM 1 1
OVe2_y8i6mpL4M 0 0
OW7_ruPayrburM 1 1
Odsgpok58vVjsM 1 1
OiG7ikPtkMVTgM 1 1
OjragPgPnW2E2M 0 0
P12gmbW2QvVphM 1 1
PH4oxGwJy36yzM 1 1
PNU8YO_psL5e4M 1 1
PhiUFjJEtsQvjM 0 0
PuMaF10lRIU8VM 1 1
PznYeVWicdzCPM 1 1
Q1Ce4iscXhypsM 0 0
QCo1LkoWDd4zzM 1 1
QErecvTZlUn-qM 1 1
QFRsmXSgiZvQ9M 1 1
QI-MBxNpTWSThM 1 1
QJtKWSJYIJsJAM 0 0
QPOLbUc9EMedZM 0 0
Qi2nb7Fg2SmMCM 0 0
Qj5e9nnkD_5r0M 1 1
Qr18mUcBHRllPM 1 1
QvQlqB-6dTYM0M 1 1
Qz_ATVwMfpig5M 1 1
R3Urny3awPGAwM 0 0
R70RJ4h0UUiOpM 1 1
R8W_kcadSwd0zM 1 1
RJA6-qj5D1PYwM 1 1
RLCedr6pcekUhM 1 1
R_6751yhQfvgQM 1 1
Rhe_q4LMoQLbcM 0 0
RnKboHZRTyHloM 1 1
RrX8rsr0Bcp0JM 1 1
S2rEHkHZBrDJHM 1 1
S8IVpYwCnlZNMM 0 0
S8igg65BDz5LNM 0 0
SEpcoefsduaE4M 1 1
SHGLx2ek7tVLxM 1 1
SHHOrpvI8HjsbM 0 0
SLxJk7x-Sfn1qM 1 1
SUmbi6EzMK9CXM 1 1
SYeUiC4PCVv7WM 0 0
Sg-eBd1ZKwUjVM 1 1
Sljn504iaeGLfM 1 1
Ss-xyKfT5Mm5HM 1 1
TCtQDQNQ2JfG4M 1 1
TFhCwih8vd6aOM 1 1
TFjlC41ib9VK5M 1 1
TJLs_4P8pbmHKM 0 0
TSTb6G4lBjL_2M 1 1
TWY03uRa6jp22M 0 0
TaGv_Y9pQDAsBM 1 1
TcVZ6i8oLwYVAM 1 1
Teo2HGczojm__M 1 1
TiGXwdRuwiXOqM 0 0
TrgayFta2EHWaM 1 1
Tu6VPi8PXaaoeM 1 1
Txj0EKkQU0FAWM 1 1
UBxgYB5SLqsBhM 0 0
UDFaeciT5tAlCM 1 1
UDcGOYOhOmXuyM 1 1
UFLsXXEEDIPAiM 0 0
UVqqmZl9PO9fUM 1 1
UvzTs-4fVtw4jM 1 1
VJaN1VGwdfn8CM 1 1
VKQwQy5dG8xQdM 1 1
VPrqXXmf-iw8FM 1 1
VS2U-2vP9ApfEM 1 1
VUgFChCgyROI8M 1 1
V_9wTQrI8tberM 1 1
VoUy-2rYeR52uM 1 1
WIQPhjroSeUlDM 1 1
WaIUST77cbsDqM 1 1
WeojbwiWiDr7KM 1 1
WgZDYaZseoHEiM 1 1
WsgiUdRZ20d2hM 1 1
WunevGmSvGVQoM 1 1
X3CeAe_LWy10lM 1 1
XS1cC1dFqHH_EM 0 0
XWX-Uaia9Bz-sM 1 1
Xb_SanO0g05-LM 0 0
Xc81QoXP_dgRmM 1 1
XdVLlYj335VAIM 0 0
XeIRkOnt47pHJM 1 1
XtIW43CffkdH6M 1 1
Y1HYEiWqc8nsIM 1 1
Y1P9CiJTCLy1tM 1 1
Y1mkLn31DRS2lM 1 1
YAQ6Jaf5fVyBhM 1 1
YQk-E5k4QHuHWM 1 1
YVvO1hve_mRLNM 1 1
Y_U0P3XrfphduM 1 1
YprQ6L_5bqNiKM 1 1
YrLRLYPFQXJwKM 1 1
Ys1N-UfbVco8JM 0 0
YxIeUzTUKt5iSM 1 1
Z4BjHjQogNexYM 1 1
Z9t4lmNqhYn4rM 1 1
ZPB3hl8De-Y2kM 1 1
ZVAFPUC3zSrs8M 0 0
ZbDT1De1INqgCM 1 1
ZdMwW1h_mGyUmM 1 1
Zj3ctFtD8yIT6M 0 0
ZtlI4U1pBMJmkM 0 0
ZwVL3yrJj8SI1M 1 1
_IrYVflmqRB1qM 1 1
_N0aj0S5CqCpSM 1 1
_NgsjSlTfpWGkM 0 0
_a2eFtG8IziQPM 1 1
_aDFGmUCW-IHWM 1 1
_dm10vp0aYba-M 1 1
_muF0Pg9PIW-AM 1 1
a4Qignfc3hzhxM 1 1
aUjW6urwn7rL6M 1 1
aXag6fD6KQ8RaM 1 1
aatPb-jOwVYOXM 1 1
avuQgLIqO3tyKM 1 1
azq5Dg9Qf4ij7M 1 1
b9Z2XAoQQ2JR-M 1 1
bSjoib30OAgBXM 1 1
b_sDgGjuLlgrzM 1 1
bf282eYaRtpw5M 1 1
bytd6pxsE9W8eM 1 1
bz6_lyvMM6_JyM 0 0
bzpVmSGAeAxiLM 1 1
cI7MIQsX--BNWM 1 1
cKdkiW6GaT8SlM 1 1
cWMs4f4_RZ7nIM 1 1
cjW4ae_7GMo8bM 1 1
cyLfXB2kyNp4AM 1 1
d-qJ2uHywNTeFM 0 0
dKLryuZ8mjviLM 1 1
dV2D0KqLPjljPM 1 1
dfSt1krdG8eIOM 1 1
dp8aZo6dIBnDfM 0 0
du5EsFSJgl7liM 1 1
e0PgsdgtyK6KcM 1 1
e3EYN0E6KY0K8M 1 1
eEWgDtGHw6LLbM 0 0
eHaFmY67z3a9IM 1 1
ePyfYYx2lkL8qM 1 1
ee7sW8QR86WjAM 1 1
epUhptZYY5jv8M 1 1
etMNzA9WumLDKM 1 1
f0Vaik9A5vONfM 1 1
f0txkz1e61PZ1M 1 1
fH516wZtRZJLaM 1 1
fTlIB3K9QgEEgM 1 1
fbHnAUT2uJNn1M 1 1
fkIUg8OXVav9_M 0 0
ftbnlYZoFRALOM 1 1
fvYRFIcofwKWyM 1 1
fvfaBy5fk74YEM 1 1
fy3gkXPgug1XUM 1 1
g1SXX7XSBqumcM 1 1
gGKZDfG-GBPxwM 1 1
gIduLKhDWWcejM 0 0
gOKQfGBkUg0j9M 1 1
gTpTmeq47V3URM 1 1
gdsCfUvKkyNaTM 0 0
ggEGNwy6nDoVtM 1 1
guH6dw6WnyzoLM 1 1
gztyq43SCiN3YM 1 1
h7odnWtWQ0CzMM 1 1
hqARnKpCAWE9HM 1 1
hrjCEW1Rbk1GtM 1 1
hvbtjtZzdwbLDM 1 1
hwHwjj7lqs7ipM 1 1
i6COVcwDSuOCFM 1 1
iB1u26pmU7YeFM 0 0
iKMpRQOjivEptM 1 1
iSS6sM3xrQdSYM 1 1
iZeLv3R-QQk2XM 0 0
iaORVn2BNuZSkM 0 0
ieHRWzwOYzwGiM 1 1
iecNA7q3DKIz8M 1 1
ifZtGUOiVf3zsM 1 1
ivMnlNTXFqhuGM 1 1
j0TGc14xI9s13M 1 1
jpFLBe9zhzus3M 1 1
kDUqh5uaSZZpvM 1 1
kSFOVO6v7pveQM 1 1
kUAZab8_o5mVjM 1 1
kVYBvSLLEgihKM 1 1
kh142lQG7NpTGM 0 0
l1I6bJH7_VLAlM 1 1
l2540ValECaoPM 1 1
l6xtfUjm709ceM 1 1
lDqZ9nAsDUBxoM 1 1
lFznqmSU9lfgNM 1 1
lHhHkukPlDyv2M 1 1
lJ0hVE82uS1C0M 1 1
lPelTBmkpNaNyM 0 0
lUEf9fw0QiA1oM 1 1
lWvSxy7yKpdCyM 0 0
lc3rcVp8_oPbQM 0 0
lqfzwf0WRkDfMM 1 1
lzw6b54I6Y_b1M 1 1
mCWRrL_qSm_9DM 1 1
m_hPJInZ8huuHM 0 0
mpWUHX0G6xmZlM 1 1
ms0WqzJ4kaQuuM 1 1
muMhXsfB542a8M 1 1
muzJlF_PTktD_M 1 1
mvn2xZhNPoLL8M 1 1
n2EweB4W63FbfM 0 0
nBCj0csypVRQpM 0 0
nDeOiZQnH4GYGM 1 1
nFMM5P3FqbbFxM 1 1
nS-O_W-0Qf48mM 1 1
ngv4XroRxKQZ4M 1 1
nkLPGerKvMgGWM 1 1
o0wCr7M6BJUXTM 1 1
o3iG9JgtrUQR5M 1 1
oF3JwXL7wCHaRM 1 1
oJw85Q5Srro9kM 1 1
oSHFZlNDt3aBcM 1 1
ofSDbQTip_WAjM 1 1
ojj6onDznCu1QM 1 1
orbFvgYtoWvBTM 1 1
ozd9pDbAwXwoLM 0 0
p7t6eDBEfQeRgM 1 1
pGozzqcoS3Z6-M 1 1
pHnmZ7Ghs_FBTM 1 1
p_jnYjttnXbngM 1 1
psjXnpDbMrLSPM 1 1
pyruFqPZoJVLcM 1 1
q6_YxjqCao0iZM 1 1
q8ZVtcvz247vDM 1 1
qD15Qi_wQ428AM 1 1
qKjoETTUPPBJnM 0 0
qSybuCYID5AaDM 1 1
q_tNob7DggbbnM 1 1
qymPBaVi1SBVbM 1 1
qzeIVSf-5Xng5M 1 1
r1mswDkhXe1mVM 1 1
rJ38pQ9DgwndcM 1 1
rSHt0Xh-Vmdv6M 1 1
rXJUOTCdbHmkrM 1 1
rdF6FH9Vv3wW7M 0 0
rfZA1XQyPVilSM 1 1
roo_-k8ht9poiM 1 1
rqBnJNuABaUWoM 1 1
rzeftsuz02EpUM 1 1
s6M71UeE8m88nM 1 1
sDe0I8xwCdfAsM 1 1
sE5WSUbXLRqMyM 0 0
sRPhO_U2P5SbiM 0 0
sUT9iA5MkAXThM 1 1
se1tvDwzW5m6-M 1 1
srOMHZU7NxCdhM 1 1
tQYatn8zu11q3M 1 1
tjGwpaPxHoq67M 1 1
tpRrgTELy8Mm3M 1 1
ttIfrUnD7d0MYM 1 1
tuaFwbJDr58v-M 1 1
um-8gnoA0x6u8M 1 1
uoUPWOV9e3kq2M 1 1
urc-H6OEp0iBZM 1 1
uvqNeKeA3ZVMlM 1 1
uwJfLLqi4Cy_oM 1 1
vEJyifV-VsxseM 0 0
vFvKm1LDSfds9M 1 1
vST0csG82M9RJM 0 0
vXlCJIN47IORpM 1 1
vZLktPcmywFkAM 1 1
vk16opbcZcw2_M 1 1
w3BdHVJ_Zd2ozM 1 1
w4Aeihg2wRsFJM 1 1
w8Y4Bu6ezzDbbM 0 0
wCNqZZlfASYzPM 1 1
wHLP66i-Kz6NGM 1 1
wJFDwLcWVqpj7M 1 1
wUi7OPXJJ86pdM 1 1
wWzBtJgBFIqNUM 1 1
wgYt-sibkH62GM 1 1
wju5K5NgN-TelM 1 1
wmJlgy4faW7hkM 1 1
woRF8p8yqWGwJM 1 1
wvlAim7JYvSPTM 1 1
x1c8r2CnQw3ZUM 1 1
x31R8YxInPiHPM 1 1
xHQNNJEann_HJM 1 1
xLugS1_FYaZbkM 1 1
xWz04WjYJWB9NM 1 1
xYfXh7sicsXa5M 1 1
xZ4w9AD94eUVcM 1 1
xga8FAU-7z6REM 1 1
xj8G69y872vyAM 1 1
xukeKPPINEQeTM 0 0
y1LNfxmrbQlzjM 1 1
yBABGBxt7iI6RM 1 1
yEgDYLnhU3YgvM 1 1
yQF3i7e0DMcE-M 1 1
yRcU50HErP8xyM 0 0
yYofSnkiaKXGRM 1 1
yZKMzlZam4CJhM 1 1
y_dhC64enpmbeM 1 1
yk3cjllBrv_gfM 0 0
yp89G66fuSThPM 1 1
yxBLFekTiNHgxM 1 1
yxLjS9G_NqvOTM 0 0
z-CG0oiCtHl0yM 1 1
zHT5TkPRBmRxjM 1 1
zQPgb6Au8kd-BM 1 1
zh_iquiORWeAXM 1 1
