-7QKOj7HKzDleM 0 0
-Eewfik1Xpc-mM 0 0
-YZlbJ3U-0L7fM 0 0
-l0aOeo4tDu_ZM 0 0
0SULT09G0exFwM 0 0
0d0yb2mV38pU7M 0 0
0dzGDluXqrfn8M 0 0
0gTGAjy2wtvraM 1 1
0rAbhKq_dQoXgM 0 0
0xoiEPsYIDYrJM 0 0
10084380534 0 0
10128574345 1 1
10141577485 1 1
1016743164 1 1
10201050804 1 1
10275300085 1 1
10288152193 1 1
102922555 1 1
10364457525 0 0
10386359333 0 0
10415460144 1 1
10449910954 0 0
10520528044 1 1
10564632134 0 0
10572047116 1 1
10576774225 0 0
10606137585 0 0
10609579536 1 1
10611478976 0 0
10695120114 1 1
10793915245 1 1
10843026594 0 0
10939415653 1 1
11010919405 1 1
11010938105 1 1
11010983136 1 1
11011023086 1 1
11011053965 1 1
11042575654 1 1
11117594074 1 1
11121789164 1 1
11147153986 1 1
11181436875 1 1
11181511364 1 1
11181672123 0 0
1120465418 1 1
11306942073 1 1
11426655073 0 0
11449829996 1 1
11449836016 0 0
11449884353 0 0
11479165144 0 0
11519191845 1 1
11550128985 1 1
11550219005 1 1
11550297436 1 1
11550312215 1 1
11550322264 1 1
11550338813 1 1
11550402415 1 1
11550405523 1 1
11550497823 1 1
11550511484 1 1
11550525983 1 1
11550588723 1 1
11550596995 1 1
11550685373 1 1
11550704626 1 1
11550728294 1 1
11550752064 1 1
11550764316 1 1
11550807273 1 1
11550826395 1 1
11550918573 1 1
11550922704 1 1
11550932926 1 1
11550996146 1 1
11551127835 0 0
11551169076 0 0
11551191784 0 0
11551226365 0 0
11551274765 1 1
11551302125 1 1
11551327693 1 1
11551367264 1 1
11551394334 1 1
11551407655 1 1
11551500804 1 1
11551512305 1 1
11551523144 1 1
11551532513 1 1
11551584823 1 1
11551682433 1 1
11556513215 1 1
11556669733 1 1
11626351663 0 0
1175797152 0 0
11761610973 0 0
11843572936 0 0
11863425344 1 1
11919556044 0 0
11924454776 0 0
11985813295 0 0
1206394043 1 1
1207269716 1 1
12106986054 0 0
12133266526 0 0
12187921526 0 0
12292809664 1 1
12316272574 1 1
1233489263 0 0
1233491267 1 1
1234332156 1 1
1234333394 1 1
1234357122 1 1
12389299645 1 1
12428138103 0 0
12515491463 1 1
12596819475 0 0
12620764765 1 1
12843608423 1 1
13008417455 1 1
13024021223 0 0
13086877965 0 0
13126040394 1 1
13167570705 0 0
1317342972 1 1
13249821284 0 0
13286057544 1 1
13301904275 0 0
13500171273 0 0
1354150048 1 1
1357453274 1 1
136319038 1 1
13654198603 0 0
13768640303 1 1
1388725648 1 1
13920622994 0 0
13926277852 0 0
13961159890 0 0
13964879002 0 0
13969134589 0 0
13972848202 0 0
13996595973 1 1
14004690277 1 1
14037931421 0 0
14055125688 1 1
14055131598 1 1
14055135128 1 1
14055136289 1 1
14055143668 1 1
14055167580 1 1
14055179940 1 1
14081693454 0 0
14126094856 0 0
14131750227 1 1
14134803220 1 1
1414070136 1 1
14157065297 0 0
14178564080 1 1
14218624926 1 1
14218640116 1 1
14218644616 1 1
14221233006 1 1
14231966769 1 1
14232007368 1 1
14238489741 1 1
14239550882 1 1
14241772575 1 1
14261954983 1 1
14261957453 1 1
14261958413 1 1
14261973633 1 1
14272715775 1 1
14273420336 0 0
14282370924 1 1
14319289184 1 1
14342523870 0 0
14347153033 1 1
1434757785 1 1
14358109253 0 0
14373486962 0 0
14386007919 1 1
14417117679 0 0
14417118229 0 0
14420260076 0 0
14427957958 0 0
14434617498 1 1
1443582901 1 1
14492630270 0 0
14526398797 0 0
14548735574 1 1
14549306463 0 0
14562836430 1 1
14572249768 1 1
14584069037 0 0
14593608569 0 0
1462349601 1 1
1463204354 1 1
14643168185 0 0
14649349778 1 1
14651665787 0 0
14668181861 0 0
1470784089 1 1
14707899197 1 1
1470793387 1 1
1470807053 1 1
1470826937 1 1
1470837003 1 1
1470839419 1 1
1470850729 1 1
1470852883 1 1
1471606102 1 1
1471653122 1 1
1471684856 1 1
1471687428 1 1
1471689836 1 1
1471715266 1 1
14719887810 1 1
14733878911 0 0
14739467557 0 0
14772353328 1 1
14812997796 1 1
14826684430 1 1
14829682901 1 1
14839261648 0 0
14846943862 1 1
14851417777 1 1
14862031365 0 0
14880681445 1 1
1490726659 0 0
14924763991 1 1
14935962676 1 1
14944026234 1 1
14944600683 1 1
14958965685 1 1
14977267572 0 0
14990342666 1 1
15010834984 0 0
15011415913 0 0
15018422249 0 0
15034371285 0 0
15056126999 0 0
15064463038 1 1
15102887179 0 0
15106687730 0 0
15173090252 0 0
15180757316 1 1
15181110951 1 1
15183993222 0 0
151860921 1 1
15220558307 0 0
15226024968 1 1
15229078543 0 0
15235609242 1 1
152399739 1 1
15265280692 1 1
1529792040 1 1
15311063952 0 0
15312051141 1 1
15360052079 1 1
15363616298 0 0
15372378619 1 1
15374323355 0 0
15399503960 1 1
15435343928 1 1
15438569623 1 1
15439250237 0 0
15439473855 1 1
15445603767 1 1
15446002850 0 0
15448165435 1 1
15501229010 0 0
15531209458 0 0
15547458722 1 1
15562083521 1 1
15576087995 0 0
15631056438 1 1
15631598505 1 1
15632427662 1 1
15632431372 1 1
1563320996 1 1
15660968852 0 0
15662699841 1 1
15694748356 0 0
15695556159 0 0
15700401807 0 0
15734513046 0 0
15737214881 1 1
15755877431 1 1
15829633448 0 0
15855735706 0 0
15863150441 0 0
15864504992 0 0
15958907448 0 0
15961888528 0 0
15962150571 0 0
16009935543 0 0
16046782031 0 0
16086650994 1 1
16089037573 1 1
16102162722 0 0
16120662566 0 0
16194993159 1 1
16204171988 0 0
16207814268 0 0
16228385839 1 1
16244814837 0 0
16325901700 0 0
16327297655 1 1
16390736131 0 0
16455171249 0 0
16501691457 1 1
16571931992 1 1
16575011689 1 1
16584468534 1 1
16611107211 1 1
16674513067 1 1
16684513286 0 0
16719383808 1 1
16735645730 0 0
16777014586 1 1
167937086 1 1
16797207898 1 1
16810566773 0 0
16849690760 0 0
16953297921 0 0
17020706779 0 0
17029179534 0 0
17037215225 0 0
17085418540 1 1
17085423580 1 1
17124623271 1 1
17271165022 1 1
17321419776 0 0
1752834024 1 1
17612972318 0 0
17635548595 1 1
17649811809 1 1
17710211541 0 0
1787465759 1 1
1787466807 1 1
1797510806 1 1
1797529430 1 1
18018336063 1 1
1802121796 1 1
18158512313 1 1
18210172289 1 1
18392222862 1 1
1848926161 1 1
1848942317 1 1
1849758096 1 1
18708825228 0 0
18774223492 1 1
18774226782 1 1
18821918084 0 0
18896650036 0 0
19138051056 1 1
19143317975 1 1
193428641 1 1
19485956896 1 1
1952440700 0 0
196564432 1 1
19725750952 0 0
1988112083 0 0
1KFDiM8jkBTJHM 0 0
1L_w05fXA7uxAM 0 0
1Uhpx9qRaawOsM 0 0
1Zwp7DB_UFKdXM 0 0
1aBruBw6hWImQM 0 0
1bIjdX2tL-KliM 0 0
1du-xedLMKK99M 0 0
1gxo6sKTy7K2xM 0 0
1lZytWSsioJLzM 0 0
2008361049 0 0
2009163810 1 1
20104981316 0 0
20187302 1 1
2027510911 1 1
2027510929 1 1
20290529413 0 0
2037035088 1 1
2042416909 1 1
2044804021 1 1
2045598304 1 1
2045639592 0 0
20669366350 0 0
20780381930 0 0
2081151547 1 1
2081936088 1 1
20820031173 0 0
2091197637 1 1
2091208137 1 1
2091208369 0 0
2091208999 1 1
2091209327 0 0
2091565243 1 1
2091992256 1 1
2091995348 0 0
2091995622 0 0
21323214424 1 1
21326901733 1 1
2141282292 1 1
2152654215 1 1
2153742920 1 1
21541070230 0 0
21635886978 0 0
21694987193 0 0
21705227090 1 1
2186416500 1 1
21921872526 1 1
21935948122 1 1
21951666539 1 1
22016543899 1 1
22039260271 1 1
22089768205 1 1
22129315108 1 1
22213535541 0 0
22322558122 1 1
22346091891 1 1
22434168221 0 0
22490128822 0 0
22491808830 0 0
2262616617 1 1
22730809966 0 0
2277516789 1 1
2279040936 1 1
22802533943 0 0
2291747039 1 1
23149541811 1 1
23246945883 1 1
2325578162 1 1
2341394275 1 1
2341394665 1 1
2342223658 1 1
2342226434 1 1
2342227202 1 1
23480150994 1 1
23484552279 1 1
23503214375 1 1
23543253069 1 1
23732626811 0 0
23782888222 1 1
23784665509 1 1
23784676759 1 1
23784678399 1 1
2381556878 1 1
23865625186 1 1
23885263066 1 1
24044404782 1 1
24044410722 1 1
24044412062 1 1
2406040381 1 1
2406040751 1 1
2406871810 1 1
24069880301 1 1
24069881811 1 1
24069883321 1 1
24088720015 0 0
24126392186 1 1
24134290663 0 0
24152480725 1 1
2422708543 0 0
24309496993 0 0
2442927037 1 1
244577302 1 1
2446228706 1 1
24465254319 0 0
24536738374 1 1
2460247736 1 1
24652700421 1 1
2467409349 1 1
2484913820 1 1
2496326196 1 1
2501538283 1 1
2524641498 1 1
2531994351 1 1
2532808720 0 0
2532810534 0 0
2540827629 1 1
25517651211 1 1
2559538320 1 1
2578810067 1 1
2580819549 0 0
2581662030 1 1
25884054484 0 0
2594991487 1 1
2599237573 0 0
2599243263 0 0
2599246349 0 0
25gzTbEhsA3o-M 0 0
2600064750 1 1
2608685257 1 1
2614431414 1 1
2615576455 1 1
26215750515 0 0
2625906878 1 1
2638243518 1 1
26407952731 0 0
26503873013 1 1
26515959264 0 0
2653607442 1 1
265635766 0 0
2659101186 1 1
26725475264 1 1
26739705853 1 1
26828343615 0 0
27139274864 1 1
271414927 1 1
2720252155 1 1
2728464529 0 0
2728584847 1 1
27295041702 1 1
27296090230 1 1
2751852551 1 1
2761923895 1 1
27651134222 1 1
27672578296 1 1
27719388545 0 0
2787953186 1 1
2792025333 1 1
2792025635 1 1
2792840134 0 0
27948202425 1 1
2815669325 1 1
2820574229 1 1
2840110779 1 1
2842813522 1 1
2844200673 1 1
2847450153 1 1
2848283352 1 1
2849110358 1 1
2861643690 0 0
2874914879 1 1
2875190919 1 1
2880220225 1 1
2886649026 1 1
2886690678 1 1
2888402100 1 1
2888906638 1 1
2890741537 1 1
2910611350 1 1
2915782872 1 1
296256713 1 1
2963678869 1 1
2996597829 0 0
2997440426 0 0
2Bc7Xv8ep666-M 1 1
2Twd1uQDHL89VM 0 0
2YXHGrionqY5kM 0 0
2_2Vbz-z_Y-NrM 1 1
2bnufhMSLn8LqM 0 0
2lZnzoclyHLzzM 1 1
3001887196 1 1
3011648627 1 1
3013341539 1 1
3014181564 1 1
3028129923 0 0
3045622185 1 1
3045622549 1 1
3045623055 1 1
3046455078 1 1
3046456532 1 1
3046457576 1 1
3051680846 1 1
3067060392 1 1
3072226866 0 0
3082540329 1 1
3093254933 0 0
3105806083 1 1
3111522186 0 0
3125035471 1 1
3129286577 1 1
3161757474 1 1
3169180894 1 1
3169183752 1 1
3174730243 1 1
3174730323 1 1
3176085622 0 0
3182136662 1 1
3187310404 0 0
319346094 1 1
3196409179 1 1
3197242606 1 1
3200317202 0 0
3201567859 1 1
3257374218 1 1
3267220194 0 0
3268179733 1 1
3268309733 1 1
3268310161 1 1
3268311143 1 1
3269136064 1 1
3269137922 1 1
3269139084 1 1
3269139608 1 1
3269141174 1 1
3269142400 1 1
3269160583 1 1
3297875082 0 0
32jWMeWg89MeKM 0 0
3315688545 1 1
332501592 1 1
3350470090 1 1
3374184715 1 1
3374209227 0 0
3375023704 1 1
3407860087 1 1
3408666130 1 1
3418568226 0 0
3432791260 1 1
3518239036 1 1
3521287692 1 1
3526385401 0 0
3547414945 1 1
3547419421 1 1
3547429467 1 1
3548227584 0 0
3548236522 1 1
3548237412 1 1
3548239340 1 1
3552427285 1 1
3562256499 1 1
3580351034 1 1
3589769071 0 0
3594147552 0 0
3605472781 1 1
3606281912 1 1
3624645168 1 1
3633582631 1 1
3633583723 1 1
3635171969 1 1
3654701278 1 1
3661011789 1 1
3661012177 1 1
3668205669 1 1
3669027054 1 1
3669101360 1 1
3677351436 1 1
3684461934 0 0
3700839029 1 1
3758344105 1 1
3759140930 1 1
3778010473 0 0
3785284079 1 1
3785284279 1 1
3786092178 1 1
380976081 1 1
3836258881 1 1
3838030802 1 1
3842220912 1 1
3853666754 1 1
3861351668 1 1
3861352594 1 1
3866179167 1 1
3882636036 0 0
3888990764 1 1
3913102351 1 1
3925401094 1 1
3933790907 1 1
3933791983 0 0
3969003927 0 0
3969775584 0 0
3972585771 1 1
3PqiHTyG7wusaM 0 0
3kokb21maNL-kM 1 1
3o6IJHmhfsZQzM 0 0
3xikIp9QJ27CBM 0 0
4020212948 0 0
4026437872 1 1
4071789369 1 1
4100922093 1 1
4108926659 1 1
4108927455 1 1
413005670 1 1
4131662499 1 1
4180373936 0 0
4180779043 1 1
4180811523 1 1
4180815583 1 1
4180817801 1 1
4181410392 1 1
4181412296 1 1
4181526766 1 1
4181572320 1 1
4192513019 1 1
4194679637 1 1
4224676570 1 1
4266482122 1 1
4266482596 1 1
4266483468 1 1
4294893576 0 0
43132874 1 1
4315623452 1 1
4317088951 1 1
4370223258 1 1
4370232308 1 1
4370232450 1 1
4370232560 1 1
4370232706 0 0
4389025233 1 1
4420438639 0 0
4433650474 1 1
4447613005 0 0
4449447501 1 1
4451320721 0 0
4502357438 1 1
4511623037 1 1
4514886435 1 1
4514887501 1 1
4549536041 1 1
4550171874 1 1
4550181296 0 0
4552550862 1 1
4568353288 1 1
4569704650 1 1
4576862779 0 0
4577552426 0 0
4585369515 1 1
4585447717 0 0
4599087962 1 1
45Ss8z_YIHlRxM 1 1
4608306308 1 1
4627437576 0 0
4653418637 1 1
4655928920 0 0
4667358759 0 0
4673848870 1 1
4674719414 0 0
4676907534 1 1
4681813884 1 1
4713241611 0 0
4713246035 0 0
4714963159 1 1
4716083288 0 0
4748368045 0 0
4779167115 1 1
4779801812 1 1
4780163549 0 0
4788190863 1 1
4788191719 1 1
4788191913 1 1
4788192027 0 0
4788192141 1 1
4788192321 1 1
4788192399 1 1
4788819448 1 1
4788820040 1 1
4788820120 1 1
4788820368 1 1
4794332562 0 0
4794356694 1 1
4798347658 0 0
480266788 1 1
4802818499 1 1
4821357147 1 1
4828848615 1 1
4828849363 1 1
4829794847 1 1
4841725351 1 1
4854586737 1 1
4869514761 0 0
4871848621 1 1
4880680797 0 0
4881736484 1 1
4884443408 1 1
4886137074 1 1
4886543510 0 0
4893641393 1 1
4893646609 1 1
4894230926 1 1
4894232718 1 1
4894241448 1 1
4907252794 0 0
4919870336 1 1
4931776364 0 0
4954384727 0 0
4957847435 1 1
4964683498 1 1
4975142793 1 1
4980563125 0 0
4997917329 0 0
4Ad3QVhgUEqebM 0 0
4BAhbWMhiNorhM 0 0
4EgEjQvGAw7tDM 0 0
4IEpz8OEpVKumM 0 0
4dv9M0GGTMwQoM 0 0
4wnjPLklNFSMRM 0 0
5005538157 1 1
5006479291 0 0
5023183796 1 1
5033595905 1 1
5034065711 1 1
5074996676 0 0
5080267922 0 0
5081812585 0 0
5092411292 1 1
5093922203 0 0
5100857744 1 1
5111559486 0 0
5111982372 1 1
5114288353 1 1
5128494970 0 0
5143335370 0 0
5155087245 0 0
51792021 1 1
518649922 1 1
5202632425 1 1
5202632933 1 1
5207074432 1 1
5207492509 0 0
5209715164 0 0
5221379688 1 1
5228213635 0 0
5232316927 1 1
5239889213 0 0
5240811818 0 0
5242344026 1 1
5256017549 0 0
5256555457 1 1
5256555725 1 1
5258478878 0 0
5261301566 0 0
5275605444 0 0
5276263708 1 1
5287030878 1 1
5302630652 1 1
5305095042 0 0
530968831 0 0
530975387 1 1
5325883911 0 0
5330796968 0 0
5331826239 1 1
5347614154 0 0
5349122283 0 0
537310287 0 0
5381385457 1 1
5383108448 1 1
5383198158 1 1
5384892481 0 0
53FDxdJ5XOwrIM 0 0
5439684161 0 0
5455485487 0 0
5463820521 1 1
5477344730 0 0
5481333758 0 0
5481966022 1 1
5484359129 1 1
5484847975 1 1
548494588 1 1
548494638 1 1
5494682358 0 0
54Nfer9g2x3dhM 0 0
5501166511 0 0
5501167393 1 1
5501168207 0 0
5506793726 1 1
5511617307 1 1
5525284092 1 1
5526492385 0 0
5537240748 0 0
5539440409 0 0
5540311310 1 1
5550927502 0 0
5559779433 0 0
5559794399 0 0
5559795165 1 1
5559812995 1 1
5559815009 1 1
5559816969 1 1
5559817581 1 1
5559818585 1 1
5559819733 1 1
5559820809 1 1
5560356142 0 0
5560378358 1 1
5560379050 1 1
5560388346 1 1
5560391208 1 1
5560391886 1 1
5560393242 1 1
5560393844 1 1
5560396670 1 1
5560397774 1 1
5560399048 1 1
5562105988 0 0
5566779544 1 1
5567383437 0 0
5572638657 1 1
5580464749 0 0
5594264274 0 0
5605100377 1 1
5605100427 0 0
5609608287 1 1
5610018635 1 1
5610077464 0 0
5610976283 1 1
5611554292 0 0
5626224293 1 1
5626809026 0 0
5627479041 1 1
5628245873 0 0
5630859435 0 0
5631534748 0 0
5633503119 1 1
5647907533 1 1
5647908357 1 1
5647950719 1 1
5648514586 1 1
5665495850 1 1
5670576688 0 0
5670650483 1 1
5677580777 0 0
5697300589 1 1
5697306335 0 0
5717759781 0 0
5727028745 1 1
5741980574 0 0
5754434735 0 0
5764637611 0 0
5776990401 0 0
5777553937 0 0
5784340341 1 1
5796951175 1 1
5797505578 1 1
5810714715 0 0
5812836962 1 1
5817730555 1 1
5822208395 0 0
5833456516 0 0
5842356884 1 1
5845492768 0 0
5848905567 1 1
5852137518 1 1
5852507676 0 0
5858584504 1 1
5859667426 0 0
5870082831 0 0
5874667572 0 0
5878463386 0 0
5882619032 1 1
5883748389 1 1
5893740459 0 0
5896160553 1 1
5901432198 1 1
5908669113 0 0
5909320472 1 1
5917496707 0 0
5925805034 1 1
5926559887 1 1
5936912419 0 0
5938835295 1 1
5942221250 1 1
5948613011 0 0
5957465573 1 1
5965858138 0 0
5972498451 1 1
5972502093 0 0
5983134659 1 1
5983138320 0 0
5984300007 1 1
5984403666 0 0
5986185213 1 1
5992037833 1 1
5992733695 0 0
5992735599 1 1
5993289092 1 1
5993290982 1 1
5993291608 1 1
5993293068 1 1
5993293664 1 1
5996936766 0 0
5997545644 1 1
5Fja42S-HLBHtM 0 0
5qhCjMWdXEg88M 1 1
5tFceeRoMgttyM 1 1
5usJMWI6qyInwM 0 0
6008920245 1 1
6012532650 1 1
6012933447 0 0
6013045217 1 1
6035260443 0 0
6035816420 0 0
6043265688 1 1
6054833673 0 0
6055009105 0 0
6056780267 0 0
6060266865 0 0
6061681516 1 1
6061688580 1 1
6066311529 0 0
6070781538 0 0
6071065817 0 0
6073863187 0 0
6074442809 1 1
6076993507 0 0
6077226860 1 1
6082664159 1 1
6086696373 0 0
6090573247 1 1
6098350376 1 1
6101731208 0 0
6103430129 1 1
6109866271 1 1
6114810891 1 1
6117798410 0 0
6122794305 0 0
6124316800 1 1
6125473663 1 1
6127259353 0 0
6136253445 1 1
6148266803 1 1
6152862195 0 0
6160009189 1 1
6164767558 1 1
6165204800 0 0
6173166479 1 1
6188159772 0 0
6188911572 1 1
6190735928 1 1
6194823525 0 0
6199883065 0 0
6201978717 0 0
6202727986 0 0
6209019304 0 0
6211890007 1 1
6212093097 0 0
6212093275 1 1
6212396876 0 0
6215403199 0 0
6215666393 0 0
6222789351 1 1
6222814221 0 0
6227892700 1 1
6228832775 0 0
6229958562 1 1
6237751313 0 0
6240140981 0 0
6244904911 0 0
6244905043 0 0
6246036177 0 0
6246519394 0 0
6247293755 0 0
6247803468 0 0
6247806942 0 0
6248997868 0 0
6250503991 1 1
6255868989 1 1
6269066915 1 1
6269068213 0 0
6271105539 0 0
6276023729 0 0
6286068045 0 0
62SzwDuZL3NNTM 0 0
6303529893 0 0
6305350293 1 1
6306550115 0 0
6317696645 1 1
6320130124 0 0
6323418997 1 1
6323759282 0 0
6324002482 0 0
6330164173 0 0
6330857540 0 0
6336029170 1 1
6337495322 1 1
6341505409 0 0
6343210920 1 1
6343220932 1 1
6344636531 1 1
6345385766 0 0
6355822509 0 0
6355824235 0 0
6355824599 1 1
6358680717 1 1
6361607887 1 1
6362001029 0 0
6362842011 1 1
6370078885 0 0
637435183 1 1
637478795 1 1
637485539 0 0
637488913 1 1
637585635 1 1
637604063 0 0
637613641 1 1
637643455 0 0
6380126111 1 1
638361608 1 1
638379662 1 1
638434580 1 1
638538240 0 0
6422193941 0 0
6436529979 0 0
6440754189 0 0
6462944303 1 1
6476947685 1 1
6493378977 0 0
6537713687 0 0
6537929071 0 0
6559368889 1 1
6562617985 1 1
6577644361 1 1
6599368325 1 1
6602644507 0 0
6618241105 0 0
6699931415 0 0
6735728197 1 1
6743528213 1 1
6743969277 0 0
6752815591 1 1
6777524856 1 1
6777786137 1 1
6784082484 1 1
6784089932 1 1
6784090868 0 0
6794624510 1 1
6799226460 0 0
6802846582 1 1
6802848110 1 1
6805857733 1 1
6809920326 0 0
68103587 1 1
6817314129 1 1
6818967505 1 1
6822504229 0 0
6858175777 0 0
6868110397 0 0
6874487370 0 0
6880659201 1 1
6884382019 1 1
6894467094 1 1
6894467848 0 0
6905787160 0 0
6917144857 1 1
6918134623 1 1
6918149843 1 1
6930203343 1 1
6930204479 1 1
6943177026 1 1
6943177956 0 0
6987560916 0 0
6FEXNkdUcwLKMM 1 1
6LCHP9NrMLyNWM 0 0
6S1no-cFWbsxMM 0 0
6ZFTmX8xlWdRXM 0 0
6_YBGglm0eAzaM 0 0
6drMChtGW01k2M 0 0
6lgIRAwJAzDsJM 0 0
6oPS1Yy9THH5mM 0 0
6qSka-YvXnT3lM 0 0
6taMJipvU18ewM 0 0
6uienazwDRvUnM 0 0
6vdfvCaud6blQM 0 0
7-MDrh6mF7TkXM 0 0
7007667602 1 1
7014766613 0 0
7040565025 1 1
7041832733 0 0
7061392797 0 0
7062444713 0 0
7062445575 1 1
7066731795 1 1
7066731801 1 1
7066731809 1 1
7066743587 0 0
7070425045 1 1
707569731 1 1
7076276197 0 0
7095064061 1 1
7103276617 0 0
7104574831 0 0
7117156307 0 0
7123498197 0 0
7124040395 0 0
7137415843 0 0
7146217033 0 0
7163445196 1 1
7165823927 0 0
7174815858 0 0
7188887440 1 1
7189022420 0 0
7196233096 0 0
7200771938 0 0
7219983514 1 1
7238857838 0 0
7268089090 1 1
7269755482 1 1
7274810800 1 1
7294770666 0 0
7312113492 1 1
7331174818 0 0
7343685606 1 1
7347676792 0 0
7389751318 1 1
7389763314 1 1
7398444996 0 0
7410169882 0 0
7412752848 1 1
7420221332 0 0
7420315466 1 1
7443587556 0 0
745455520 0 0
7454817956 1 1
7459730614 0 0
7468287856 0 0
7469239890 1 1
7494301604 0 0
7498691848 0 0
7521920548 0 0
7566171704 0 0
7616978792 0 0
7627736528 0 0
7646278806 1 1
7661711946 0 0
7662905776 0 0
7662906044 1 1
7666198944 0 0
7670537812 1 1
7676639554 0 0
7680226124 0 0
7683183032 0 0
7706171708 0 0
7731288862 0 0
7758618526 0 0
7765774792 0 0
7768819582 0 0
7784124682 1 1
7790508128 1 1
7807377266 1 1
7807382978 1 1
7834390666 0 0
7840573338 0 0
7840596264 0 0
7845161188 0 0
7848437982 1 1
7876666554 1 1
7876916546 1 1
7877420472 0 0
7895734394 0 0
7938770612 0 0
7941552058 0 0
7947545088 0 0
7950229210 0 0
7950389514 1 1
7961469396 1 1
7977569740 0 0
7980136606 1 1
7980142135 1 1
7980145866 1 1
7980149092 0 0
7980152214 1 1
7980154489 1 1
7981502979 0 0
7992604008 0 0
7998327054 0 0
7BzMFVXkbNYYOM 1 1
7FPcihdRvZebHM 0 0
7FfvQUKtJgxmtM 1 1
7S5bFpanpqGHPM 0 0
7T3oBe-OlPt_TM 0 0
7T__9UcFRHcQuM 0 0
7WYmbWVm-dxWsM 0 0
7bqrpPAo0dhm7M 0 0
7iIlJH2Naq_dJM 1 1
8004873575 1 1
8005010606 1 1
8005012653 1 1
8005017643 1 1
8015987623 1 1
8015988165 1 1
8018143697 0 0
8029240757 0 0
8045264399 1 1
8056327423 1 1
8056776960 0 0
8057387646 1 1
8057387715 1 1
8057387754 1 1
8061015240 0 0
8083768070 1 1
8083769217 1 1
8084353200 1 1
8084573114 0 0
8090267128 1 1
8107142465 1 1
8107152400 1 1
8112761868 1 1
8114517710 0 0
8127968354 1 1
8133641360 1 1
8133642706 1 1
8135294804 1 1
8135447944 1 1
8135521202 1 1
8135543812 1 1
8156356223 0 0
8156388740 1 1
8159766682 1 1
8159783080 1 1
8170725056 0 0
8170814143 0 0
8172788203 1 1
8175314423 0 0
8176751511 0 0
8178031243 0 0
8178208989 1 1
8182303069 0 0
8182680313 1 1
8185800317 1 1
8191946825 0 0
8193160789 1 1
8193178331 0 0
8194252464 1 1
8194254942 1 1
8194256810 1 1
8195899460 1 1
8209771935 1 1
8209772185 1 1
8216051899 1 1
8216178497 0 0
8233704787 0 0
8247623997 0 0
8257577465 0 0
8262165828 0 0
8267212203 1 1
8281451029 0 0
8281925008 0 0
8282510810 0 0
8288626677 1 1
8289703160 1 1
8292657323 0 0
8302277900 0 0
8303735901 0 0
8308240528 0 0
8314378974 1 1
834425260 0 0
8349959886 1 1
8349983608 1 1
8352782196 0 0
8371660255 0 0
8372999373 1 1
8374074340 0 0
8377354425 0 0
8379239284 1 1
8379331974 1 1
8386960390 1 1
8391666249 1 1
8396979644 0 0
8406094503 0 0
8425287295 0 0
8426813150 0 0
8430360873 0 0
8434315594 0 0
8435703172 0 0
8436344875 0 0
8440583786 1 1
8444018403 1 1
8448801673 1 1
8451754210 0 0
8454300342 0 0
8454590003 1 1
8458134093 1 1
8469230751 0 0
8474432281 1 1
8475410503 1 1
8476498838 1 1
8476499150 1 1
8489707264 0 0
8507092491 0 0
8512130966 0 0
8512311598 0 0
8512312254 0 0
8521385939 1 1
8528797836 1 1
8534433539 1 1
8536929191 0 0
8562152665 0 0
8576762940 0 0
8579438766 1 1
8581968641 1 1
8583901730 0 0
8583901810 0 0
8597799043 1 1
8597799379 1 1
85oy1ITRxSuBtM 0 0
860164745 1 1
8624472707 1 1
8637097320 0 0
8638548629 0 0
8651803017 1 1
8660558620 1 1
8680426961 0 0
8680553062 0 0
8683533712 1 1
8687306845 0 0
8690352760 1 1
8700195067 1 1
8700199837 1 1
8701318016 1 1
8701322122 1 1
8705232336 1 1
8711695943 1 1
8720364535 0 0
873819448 0 0
8738343091 0 0
8767127273 0 0
8792991943 1 1
8888141615 1 1
8913403583 1 1
8913404623 1 1
8913408825 1 1
8913409667 0 0
8914023412 1 1
8932142048 1 1
8934948260 1 1
8934992776 1 1
8943542657 1 1
8954273633 1 1
8954274515 0 0
8955465164 1 1
8996981027 0 0
8996982811 0 0
8E1k5DTzdIHV2M 0 0
8V1sYUPB1hoJ5M 0 0
8cDUyS0sWJ9RuM 0 0
8evt0rUWxi1uAM 0 0
9-dUaOaPCQhNCM 1 1
905105457 0 0
9060385952 0 0
9109468299 1 1
9109494253 0 0
9129907652 0 0
9141014580 1 1
9141016028 0 0
9141016290 1 1
9233073702 0 0
9262984499 0 0
926922701 0 0
9301953038 1 1
9310704844 1 1
9315505555 0 0
9318296924 0 0
9320531223 1 1
9325010747 1 1
9327805482 1 1
9340751326 0 0
9368649463 0 0
9379080614 1 1
941418148 0 0
9442975380 1 1
9458093231 1 1
9461076444 0 0
9461077892 0 0
9481807397 0 0
9494408259 1 1
9520936040 1 1
9523917307 1 1
9538917265 0 0
9540224058 0 0
9555306291 0 0
9567501956 0 0
9588923092 0 0
9609751924 0 0
9630776038 0 0
9667080538 1 1
9679150387 1 1
9711195123 0 0
9712572885 1 1
9720002546 0 0
9723483574 0 0
9726579957 0 0
9727131900 1 1
9729731426 0 0
9730309559 1 1
9741207601 1 1
9769975686 1 1
9774722911 0 0
9837046074 1 1
9847851344 0 0
9898907923 1 1
9910301805 0 0
9910307085 1 1
9934649543 0 0
99634843 1 1
9985600354 0 0
9EqTePLUw7pXXM 0 0
9Z4ikYlNpoj5yM 0 0
9oKAaJtjkGF86M 0 0
9wJ2knFxdIuFaM 0 0
A5b5KfrVEmITCM 0 0
Aefb96qZ0dGgWM 0 0
Au9whLXlP0P5zM 0 0
AxSSSinkFUCs-M 1 1
B0lRb_S01B93jM 1 1
B2Xfxv0g1nTy9M 0 0
B2ZUASnvNQFOiM 0 0
B8bXwhUBGF3cWM 0 0
B9Trqg_r-LAaJM 0 0
B9vb97ZeAOJrkM 0 0
BD_oFSChYbKsOM 0 0
BELwcwL74kMViM 0 0
BPh1P70WfICxUM 0 0
BRwYy24doC3S5M 0 0
BSULHLEJOwCFMM 0 0
BdnbIiHBXzahDM 0 0
Bt3qLbiocB0lRM 1 1
C9qWzphMwsTGnM 0 0
CF3LPfEtIpkR1M 0 0
CF_9F9wQHcI1mM 0 0
CTpfh_CC6nxNQM 0 0
CZfYu9R2Kp0uxM 0 0
C_z0z2vWYmr3jM 1 1
CgMbsZkPrBklpM 0 0
Ci0lyP2SkRtCbM 0 0
CkkCWZvaVobETM 0 0
CnE2IcmdJM_QAM 1 1
D-t9-cTjjLc7RM 1 1
D5M63KBN9MFgwM 0 0
D6KtnrCNpDe3hM 0 0
D739YSFB21gJxM 0 0
DBSZvt4rvUr3yM 0 0
DF3gG2h8T8DK-M 0 0
DF7NvNqFMCwqSM 0 0
DYBBCFEiytbWfM 0 0
DcLIG890OSQyiM 0 0
DsdT5P7KKluIsM 0 0
E4t2bfrs-ZRnnM 0 0
ECfW08YvpVekjM 0 0
EmBXutsqlkwJvM 0 0
En2KYkDoeB6h6M 0 0
EpL0DQpeT9SiFM 0 0
F-UYp9a4TAWU_M 0 0
FBQ_ktQX6g4UnM 0 0
FCZB4ScKWSwq4M 1 1
FKCEkZsfjS-HAM 0 0
FXsESWrx23-hvM 0 0
FjlswhzMGlB9ZM 1 1
FkIUGLbgI9qWYM 0 0
G1n-mJervofN7M 0 0
GC_MGLcTmSj7DM 0 0
GHXocksMtyENKM 0 0
Ga-KQlJ_2UAZ0M 0 0
GjBJMs_ixE1ZrM 0 0
GlqtjPz_GfNT2M 0 0
H4WlpUnnrq9caM 1 1
HDW4BbHXpTix3M 0 0
HF6MWz_wzV1jqM 0 0
HGBKjc0DFvGMHM 0 0
HPOCcLu3gj-mCM 1 1
HPljnRm5xOejOM 0 0
HlRMQb3-NL7aVM 0 0
Hp4xbDNwJDQ5tM 0 0
I0Zkymh1vZOTaM 0 0
I7IkueELClDtUM 0 0
IAMU2uMUINz2EM 0 0
IC81rGdHgFXzkM 0 0
ICXZI1THVyr76M 1 1
IPMR8J0WaX3EaM 0 0
IPwSPxJYN6QWPM 1 1
I_gHdn4lmQzCpM 0 0
IgOPGmVGcli7BM 1 1
IhbR0xdkxBchtM 0 0
Ijul_5BEMmAk4M 0 0
Im_1ajMTZ8mC3M 0 0
J7jruoq1Mex2WM 0 0
JBkQSMxaGprjkM 0 0
JFclD5IvEx2BaM 0 0
JMbczdjLRIJlQM 1 1
JObFwH7ldPzqPM 0 0
Jf7WNt1ag6qsOM 0 0
Ji4EZkM4_32fDM 0 0
JjwhzMret8d76M 0 0
JrFXvAMuXZsuuM 0 0
K3xyVhHf8m27mM 0 0
KIVg65GkSCKQ6M 0 0
KPuPZF2Qap6RkM 0 0
KR5sbwtSw8WM5M 0 0
KjP2aNLj66_kFM 1 1
KliT_grAUp_g-M 0 0
KtAgtdm1-DEq4M 0 0
KzdXS74SlchWpM 0 0
LIMRPrbtP5a1xM 0 0
LQ1lLv2lgFA01M 0 0
LUOMRHTJjKVYaM 0 0
LViZL8I3Zc8SjM 1 1
L_tQXiUNVsYNbM 0 0
LinzKQXOlu9PIM 1 1
LwoNG3QOYKI3vM 0 0
M3KuF6gPoN-UtM 0 0
MAX-XnbVBH-98M 0 0
MB55gwZckRTf1M 0 0
MJFK-mfnlsOKTM 1 1
MLPBtTf6jnJJjM 0 0
MR5GiMHtpEITOM 0 0
MUN5GApnctQx6M 0 0
MYtkim88VJVvqM 0 0
MZhYWx6D7_2ZvM 0 0
MmhVxnXoVd9GmM 0 0
N1LPApBucqEbnM 0 0
N7t8-JzbuZZvDM 0 0
N_WXM8_0k_j9yM 0 0
Nc_RPKFYIXFl2M 0 0
Ndk47SFv1D75ZM 1 1
NlfI_hdbyh0i7M 0 0
Nqre9W96xE9CaM 0 0
Nw-Jx7SKQ2BIIM 0 0
O7Q9O6UyFXC3zM 0 0
ORk82Dg4ru-SFM 0 0
OSqTtknZH9T9kM 0 0
OULfyvSIsBWjFM 0 0
O_Hi8GBOUZbp2M 0 0
OwCwOe-VlvjzVM 0 0
P5mVIPFk54m9VM 0 0
PJleQ7BB_eYufM 0 0
PWLDW6eAQg0atM 1 1
PebbtZyZHh5l1M 0 0
PfFpFedQWsDodM 0 0
PkfnqqIiif3zMM 0 0
Q4BVQyLrnvCr2M 0 0
Q4y0uKgDmArGPM 0 0
QWR1ucta2hIklM 0 0
QkHS35SWgqSHrM 0 0
RFQN7UFO7fvkDM 0 0
RT1NZqHzOqmSAM 1 1
RUteC42xNPqjCM 0 0
RVDkRaVILiIrfM 0 0
RXbey5777k3qCM 0 0
RemI2BKey3gV1M 1 1
RqBYJTGKEKk-pM 0 0
RrFXZ8xCoX996M 0 0
SFMTIFaFmAaU8M 1 1
SLUE_mbR5HfP7M 0 0
SZXWLrij4XTHbM 0 0
SZdt2JZ--xVIJM 1 1
SbPzjHGZHarXDM 0 0
Sf8akTp3EXN5aM 0 0
Sgrm59tgbYMbDM 0 0
SmSTUS2DIeXUUM 0 0
SvEBn4aSJaLpXM 1 1
T5sFq8j_o3EgvM 1 1
T6_jEhP3cA_ORM 0 0
T6fINOS9BKhmhM 0 0
TPydxpsdtQj-LM 0 0
TYilN-I7zPXHcM 0 0
TZ_kIkySjIpopM 0 0
TmqZzSywadKTxM 1 1
U4qIqlTyqNwmDM 0 0
UFrCDCnD1hJshM 0 0
UJQ4p9aPKgaVuM 0 0
URDGGVVHd7O0_M 0 0
UVFDJSQkPhwJTM 0 0
UmLz-eHf_F-9GM 0 0
UpfpPdWM64SEoM 0 0
UqUFv8ZIT_zfrM 0 0
V0N64ZeEolgZfM 1 1
V152Umw2UEUcfM 1 1
VIkCI2E7KcEfUM 0 0
V_ppeSBhUcZOJM 0 0
VcX_uzN5gkMaRM 1 1
VvUTG5Z1Ki74tM 1 1
W4CtYLZX6zSqgM 1 1
W9waWYG4bgyvMM 0 0
WChEQDHjvDuQsM 0 0
WEomuhapGdJwiM 0 0
WI8TsCp8VUM1AM 0 0
WMpISMMy6345zM 0 0
WQG5F7pMlLPP6M 0 0
WV3SkiJDa_vDdM 0 0
WXNepooEBaqJeM 0 0
WYTDhHgfl0N0XM 0 0
WiEdphVS1CCH9M 0 0
WjO17gQIeiWQ8M 0 0
Wq2LMQjQ2i4CYM 0 0
X9isEcRDv2KJ6M 1 1
XY5xyu79LhrtoM 1 1
XjW6G0kQoMMM_M 0 0
Xlx1tMsSuwta8M 0 0
Y5jyCpX83Y7Y4M 0 0
Y5lMOcGlug1VCM 0 0
YKuSFYJS6DGZ3M 1 1
YRot-i8LkjTw3M 0 0
YZf2SqECBEozlM 0 0
YcnG838VhZlctM 0 0
YwSh3YI15fWkGM 0 0
YzDGkeWaUp8TpM 1 1
Z1xjv_sCfFKCsM 0 0
Z8HsYTikcdHD1M 0 0
ZLH1DZkWIpcrPM 0 0
ZMPW46-FeMpkbM 0 0
ZQ7n74wmh3yIuM 0 0
ZREiyvUf6AxbyM 1 1
ZTieROgmP-4ttM 0 0
ZaW4N10MQvXDaM 0 0
ZmJw2obVAMSRqM 1 1
Zmnh-qsUAxkunM 0 0
_3z6KSyj6CDA1M 0 0
_8xCF-xwLr5-FM 1 1
_DQLP4R5zVW_JM 1 1
_aIUkArLmot4cM 0 0
_ggt-_GNnYS--M 0 0
_xDC23-v6sGppM 0 0
a3Gujz1Uxdg8cM 0 0
a8uzQe6ChRKyGM 1 1
aHeCreBoeIxzPM 0 0
agepb19hncQAzM 0 0
ajqpSe6ArkWCtM 0 0
atFmP_W8zxs3SM 0 0
b0ch3LUa35klGM 0 0
b1ZFwAmLoCyCMM 0 0
bB2xlbkZ-VWcxM 0 0
bOLJIgrYkro8oM 0 0
bPDxB9LVZSYrBM 0 0
bTNdTSb53BTLkM 0 0
bU-gqEU2R4zOXM 1 1
bUPpYPXGlq_mSM 0 0
bZMe8Ang0pOpEM 0 0
ba0NU4Bad3yW2M 0 0
cHBr_yBMOroAeM 0 0
cI7WOJTXcShCSM 0 0
cRZQwYyTpScJYM 1 1
cYkyyF4ZzpfSzM 0 0
dHyqMvZgDdok9M 0 0
dSEnTxc7ZB0gSM 0 0
dSOk9PRXDa0pLM 0 0
dX25rGgJA-WmPM 1 1
djUZ0ds_RMDxGM 0 0
dnK7--9wnNu_IM 0 0
eEJduZz8MgeKAM 0 0
eIX_THxIeiqAqM 0 0
eMHHMWVsIpf5CM 0 0
eNGuMWYZ5EBVuM 0 0
eWj-mMCkwvuErM 0 0
eXOjt6ttbsIeaM 0 0
ew-WaeEVlHOZAM 1 1
fBbc0gosGdWyPM 0 0
fK4DajbFOa5xrM 0 0
fY83ys0QSw_NWM 0 0
fglrWmDRhjLysM 0 0
fq2FHI1wR-kwKM 0 0
gAPTFcgiQvrYzM 1 1
gpAz6bt4WB1THM 0 0
gzbuR1aprp6URM 0 0
hBt1B84tTERydM 0 0
hSoo_nwgtr9mSM 0 0
hl6BHGK5zVyppM 0 0
hnSbV3s6IplFgM 0 0
hrkL8ehi4VWFfM 0 0
htrqhnOI-XvnrM 0 0
hxSXpbJgHL6_bM 0 0
i0eIXjE7oIOToM 0 0
i1gHS0uof4m5MM 0 0
iI30MOZyRWHerM 0 0
iLFaJ2YjIl2X6M 1 1
iLvGP3MQhe-5eM 0 0
iMhlKJ8REoZhdM 1 1
iQajY0usvILcSM 0 0
iV4UxKm-KBIdNM 0 0
ilsWhlXpHDnUDM 0 0
iuzYswwWe-8kpM 0 0
j-04JmEgxKITSM 0 0
j2DlYbZBrSBwYM 0 0
j5Z-ksf0_zDIwM 0 0
j8ITOdbwh-vM4M 0 0
jlrBH0xpS7ZJmM 0 0
jszvr7pXp-592M 0 0
kdEmupcaG_86jM 0 0
lB3HG0sogZuYtM 1 1
lIl6JbC6LExzWM 1 1
lJis8zuKiCWKxM 0 0
lN8NxpYPLuIg9M 0 0
lX20IZn8MkSL5M 0 0
lhcvR2LhEtTIZM 0 0
luxCTnavXLL_vM 0 0
lwsJdwHqsbEvJM 0 0
m3XXZlPGWN9GCM 1 1
m5CM3t9LnMFVxM 0 0
m7ss1wxVIvSYzM 0 0
mL4fHhP2uDEtZM 1 1
mLMPzGD6bCeaoM 1 1
mUH7AT_OzbiRNM 0 0
m_DBTadKEE7suM 0 0
mctmcGGWmB4HMM 0 0
mg6NMHCPQUsn-M 0 0
mpLMFzACQ1wk2M 0 0
mpZc_RKOYJm1fM 0 0
nHXFH9Ayy8RDnM 0 0
nIXdiOk_i08ifM 0 0
nIj_GdcpHwSqvM 0 0
nfUJgvA3aTMMcM 0 0
niwTelK4O3LlnM 0 0
no7P5HZCSMtu4M 0 0
npUQ2DhT8u5F8M 0 0
ns3PG8nWe5jimM 1 1
nwGe0RkeOxUi2M 0 0
oGm9v7QUEgq6yM 0 0
oXmQUWJQjKbe3M 0 0
oaFC0d7vyEH03M 0 0
oje9VUb7-8mjUM 0 0
orlhgB7y6l82lM 1 1
p0HFYCCLmUXa7M 0 0
p6KVSMGSQXezDM 0 0
pG8IlcglZ7ICbM 0 0
pOli0JYnw1aSSM 1 1
pdDG6-J6Yu_irM 0 0
pm0iMXvVDSLzqM 1 1
pmot-jMTtMUNRM 0 0
pxFc9zFWC0jA-M 0 0
qBmxi6Ohjm01XM 1 1
qFcgLlaSez-k1M 0 0
qKrAlXNPe1VhJM 0 0
qOVujz8Duk9CJM 0 0
qUg3HucOD3B3KM 0 0
qYU372a-iqZzcM 0 0
q_317bpkeHmdDM 0 0
qdUv_-aXwVWg6M 0 0
qeqTlpW1ybZnfM 0 0
qldwg_r-rjOPGM 0 0
qrcA83s67BE8bM 0 0
rAPmgRSWaRI2BM 0 0
rStVEitr1gYEVM 0 0
rZ6pGWqqGL13kM 0 0
r_EloBQEd5_oyM 0 0
rlSKHrJtYOD3xM 0 0
sCwREhQLf5jLrM 0 0
sTGbz1sKWUspvM 1 1
se14BuoBSKlqQM 0 0
sj_zV1wRmbCFyM 0 0
tDamb2l7iPry2M 0 0
tJd0mvf0HjkowM 0 0
tY3Eps1Am1MmOM 0 0
tmOGn4u4GkCgBM 0 0
tnYeE93qGW9t4M 1 1
tqEjiXNiO8ncgM 0 0
uCHWvi0Lwv-AaM 0 0
uHn8ljk_nHrgqM 1 1
uP4BQL5TV-9RAM 0 0
uXuGSL-SEW2QzM 0 0
u_aRm7-KnOgIDM 0 0
ugPw8rKnVAqtXM 0 0
uo6TyJbP3ddjXM 0 0
v18iJJnaFLQRFM 0 0
vHbuI3L903by3M 0 0
vK2_rJyx8QJvsM 0 0
vR25pHnXUTctWM 0 0
vVEsEDUSun0fLM 1 1
vXXtS3iGLe0EVM 1 1
vY0LHcqQ32aiZM 0 0
vckPcDeNUYvVvM 0 0
vrhHXzFllvFfcM 0 0
vt7XReif32tfbM 0 0
w4cGzlAQ6sx-lM 0 0
wASkcLvvd0Op2M 0 0
wGeaHvOBqgwC9M 0 0
wKaRnzckrQjKFM 0 0
wOxGVDsxBRm5kM 0 0
wRmlc8bWj-EsXM 0 0
waPmej64w67bzM 0 0
wbmm9QP4mOn9XM 0 0
wmCpPOtdB4iGiM 0 0
wxdeBhI-D4GBrM 0 0
x3sYh7sttZrQSM 0 0
x8g07SMT_oYvsM 0 0
xHYzHzXegulBXM 1 1
xNVdX4-cfBNrBM 0 0
xq8NyJe5t6XqeM 0 0
xr2aR5oF3bgaRM 1 1
xvYUSKmXh_z91M 1 1
xy3W4-QudVCBsM 0 0
y2GWpCbEFQ5vDM 0 0
y7Z02JmWQ8pkMM 1 1
y9PbmktxWkYAfM 0 0
yZLSMbvQ04Ny8M 1 1
yaZ3jjJxkiAfeM 0 0
ymoCQB8-sPFm5M 0 0
z-AfPrlsLZlFKM 0 0
z-PKxn0wZm4feM 0 0
z2GnCTG9qFbwgM 0 0
z54dXexcJGcb-M 0 0
zB8q3OOAKr0u_M 1 1
zBZRLWRts1BLBM 0 0
zYH_1xFgDd8v6M 1 1
zkk1HWSGTDfS5M 0 0
zwtOyI4ZPp4wRM 0 0
zyMzf0FwEvyu0M 0 0
