-BiJVCegsEfnqM 0 0
-DDFt-VKWCKB7M 1 1
-DJqcSu86DxQwM 1 1
-Kukc0Jb5-D4YM 0 0
-PfetC_XgV6JyM 1 1
-Q_I_oaYJ3KRGM 0 0
-_po2Avc9khvtM 1 1
-bHY7ETrrZnJLM 0 0
-nl5oVhOoOB6dM 1 1
-sXlxRFUeaB29M 1 1
0-T1dSn1bZZj8M 0 0
07xNUnDM3k8xbM 1 1
0CPRQ9hRx_kfyM 1 1
0Mhho5wCUTN9WM 0 0
0QSDX_n-mRgzvM 1 1
0RdkGYp8osactM 1 1
0haWe6tkDQXjDM 0 0
0jP_Se18cmKzZM 1 1
0pzpaZiChUInNM 1 1
0tT-3I3JTlbulM 0 0
0yoYbFXbwxRciM 1 1
10018085174 1 1
10018245113 1 1
1002286193 0 0
100548775 0 0
10057665974 1 1
10057666654 1 1
10057696305 1 1
10057789773 1 1
10057790173 1 1
10122862356 0 0
10195468896 0 0
102087532 0 0
10253539613 1 1
10272100385 1 1
1032034238 1 1
10369258614 1 1
10387937476 0 0
10446713944 1 1
10616558476 1 1
10620961236 1 1
10621203553 0 0
10623638384 0 0
1062423228 1 1
10628844876 0 0
10637312626 1 1
10637561213 1 1
10727645766 1 1
10727979995 1 1
10727992875 0 0
10728037305 0 0
10728046256 0 0
10728061194 1 1
10728063586 1 1
10728223973 0 0
10758852895 0 0
10758941814 0 0
10759141873 0 0
10875375585 1 1
10894705505 1 1
10895329436 1 1
10895366006 1 1
10895470953 1 1
10895536954 1 1
10895568484 1 1
10895648433 1 1
10895740743 1 1
10895861843 1 1
10895894454 1 1
10904031345 0 0
1095684155 0 0
1096555274 1 1
11015131605 1 1
11058968564 1 1
1111833613 1 1
11176544173 1 1
11388332423 1 1
1143434079 0 0
1146587404 0 0
11798802514 0 0
11811996544 0 0
11917632776 0 0
12000777786 1 1
12154575964 1 1
12227867614 0 0
12283510136 0 0
12283818636 1 1
1240764883 1 1
1241622420 1 1
1250001177 1 1
12615996425 0 0
12863171433 0 0
12884761704 1 1
12965242094 1 1
1312868587 0 0
1313325021 1 1
1313328167 1 1
13140873435 1 1
13141034774 1 1
1314207002 1 1
1314226706 1 1
133666008 0 0
13621015005 0 0
13676276133 1 1
13936338735 1 1
13944714027 0 0
1396853130 0 0
13971322449 0 0
14011316488 0 0
14034350589 0 0
14034358288 0 0
14034363949 0 0
14034367519 0 0
14034395770 0 0
14034396590 0 0
14034428657 0 0
14034444687 0 0
14034452747 0 0
14038414351 0 0
14054756955 0 0
1412850927 0 0
14161352187 0 0
14194982662 0 0
14197844796 0 0
14197861926 1 1
14197866816 0 0
14197870426 0 0
14197876666 0 0
1420903885 1 1
14217701611 0 0
1421788864 1 1
14218640412 0 0
14218647052 0 0
14218652902 0 0
14220822754 1 1
14220827284 0 0
14220831384 0 0
14220832404 0 0
14220833784 0 0
14221009105 0 0
14221024505 0 0
14240093421 0 0
14241187443 0 0
14241194933 1 1
14265833477 0 0
1427540075 0 0
1427540477 1 1
1427540807 0 0
14329065433 0 0
14334534070 0 0
14435073373 0 0
14438102222 1 1
14438326324 0 0
14444177573 0 0
14461014827 1 1
14475969013 0 0
14487886144 1 1
14561174479 1 1
14572399007 1 1
14572400447 1 1
14637583472 0 0
14644189821 1 1
14651163909 1 1
14651917967 0 0
14651933707 1 1
14659101590 1 1
14679975549 1 1
14682665031 0 0
14697520791 1 1
14705984636 1 1
14707590157 0 0
14722831101 0 0
14727495530 1 1
14728920976 1 1
14731261033 1 1
14731961903 0 0
14734606345 1 1
14738649023 1 1
14748642611 0 0
14755670231 1 1
14766357684 1 1
14791478229 1 1
14803216082 1 1
14805673750 1 1
14819755061 0 0
14828830384 1 1
14838086862 1 1
148421637 1 1
14844032986 0 0
14851803096 1 1
14857011469 1 1
14870540791 1 1
14870543851 1 1
14870978865 0 0
14874844705 1 1
14914163515 1 1
14914164135 1 1
14962275563 0 0
14978433015 1 1
14983602255 1 1
14995442634 1 1
15022577061 0 0
15032490364 0 0
15044405049 1 1
15044406879 1 1
15044483760 1 1
15083603009 1 1
15144471074 0 0
15163880227 0 0
15230796872 0 0
15233265365 1 1
15262456317 1 1
15283384258 0 0
15303377875 1 1
15334188064 0 0
15351186497 1 1
15384006837 1 1
15400174507 0 0
15416153800 0 0
15430917096 1 1
15445851861 1 1
15449021435 1 1
15464955023 0 0
15472591300 1 1
15480361723 0 0
1549059941 0 0
1549906542 0 0
1549911672 0 0
1549917410 0 0
15502303616 0 0
15523813658 1 1
15537851832 0 0
15552146727 0 0
1555460571 1 1
15559275454 0 0
15565357399 0 0
15581689846 1 1
15590917885 1 1
15597151729 1 1
15599048656 1 1
15682663876 0 0
1572220844 1 1
15768480051 0 0
15770438849 0 0
15771589115 0 0
15781961311 1 1
15803673225 0 0
15837283957 1 1
15861363139 1 1
15898851997 0 0
15963523134 0 0
15969690574 1 1
15995582709 1 1
15995583919 1 1
160738171 0 0
16082690081 0 0
16087316632 0 0
16117674362 1 1
16155835106 0 0
16180884332 1 1
16181646575 1 1
16181646905 0 0
16239364503 1 1
16282233755 0 0
16304951 0 0
16313291231 0 0
16332269237 1 1
16398454968 0 0
16419473432 0 0
16429999415 1 1
16559684256 1 1
16559684556 0 0
16584463841 0 0
16584992922 0 0
16601963086 1 1
16616581322 0 0
16620367718 0 0
16758064416 1 1
16812476087 1 1
16968077490 1 1
16968389009 0 0
16972607368 1 1
17249837851 0 0
17378024159 1 1
17528847346 0 0
1768795525 1 1
1768795729 1 1
176ccMbiulQ2eM 0 0
18238401 0 0
1829060830 0 0
18348778178 0 0
18450318303 0 0
18646425024 1 1
18646478134 0 0
18646482524 0 0
18646489534 0 0
18646500824 0 0
18646509534 0 0
18646554984 0 0
18646590464 0 0
18646615864 0 0
18648368813 0 0
18648374143 0 0
18648379283 1 1
18648405103 0 0
18648425393 0 0
18648435723 0 0
18648493423 1 1
18648505843 0 0
18648512233 0 0
18648516503 0 0
18648526423 0 0
18684546803 0 0
1881239334 0 0
19073602300 0 0
19073609848 0 0
19081305328 0 0
19081305530 0 0
19081356248 0 0
19081373710 0 0
19081376188 0 0
19081396140 0 0
19081399868 0 0
19081444258 0 0
19081461700 0 0
19081482348 0 0
19082742609 0 0
19082847129 0 0
19082862469 0 0
19082872309 1 1
19082878579 1 1
19082890729 0 0
19082935489 1 1
19117547458 0 0
19219364755 0 0
19242810496 0 0
19242872036 0 0
19242894256 0 0
19242992966 0 0
19262927292 0 0
19262945452 0 0
19262950852 0 0
19262977612 0 0
19263001092 0 0
19263003322 0 0
19263031782 0 0
19263066722 0 0
19263083622 0 0
19263087462 0 0
19263100972 0 0
19263125012 0 0
19266087908 1 1
19268921435 0 0
19268923205 0 0
19268998635 0 0
19269037585 0 0
19272752181 0 0
19272760561 0 0
19272836691 0 0
19272839701 0 0
19272843861 0 0
19272848181 0 0
19272865831 0 0
19272892171 0 0
19272902151 0 0
19272908831 0 0
19272920591 0 0
19335160352 1 1
19411451243 1 1
19453482056 1 1
19454445690 1 1
19648218888 0 0
19844293558 1 1
19864689169 1 1
19889068912 1 1
19895341322 0 0
19941506142 0 0
19CELcyZ_Ili7M 1 1
1AifqsA672hl8M 1 1
1IvrqlEtYqANrM 1 1
1LEsQacgnjjA6M 1 1
1QhF8Oe4NipAaM 1 1
1XjA8ZXLw-ZCpM 1 1
1ppDR4-0jBuXcM 1 1
1ub_AD5NRjpQkM 1 1
1ujRREU9NPp3aM 1 1
1xS6PU2Qgg2jtM 0 0
20-sEcrgzPFwTM 0 0
200280429 0 0
200280438 0 0
200280442 0 0
200280448 1 1
200280463 1 1
200280476 1 1
200280487 0 0
200280497 1 1
200280503 1 1
200280507 0 0
200280518 1 1
200280525 0 0
200280534 1 1
200280537 1 1
200280545 1 1
200280553 1 1
200280558 1 1
200280567 1 1
200280572 1 1
200280576 0 0
200280581 1 1
200280584 0 0
200280599 1 1
200280605 1 1
200280611 1 1
200280617 0 0
200280621 0 0
200280630 0 0
200280639 0 0
200280647 0 0
200280656 0 0
200280661 1 1
200280668 0 0
200280678 1 1
200280689 0 0
200280705 1 1
200280714 1 1
200280716 0 0
200280722 0 0
200280734 0 0
200280739 0 0
200280745 0 0
200280749 0 0
200280755 1 1
200280762 0 0
200280769 0 0
200280779 0 0
200280790 1 1
200280794 0 0
200280801 1 1
200280808 1 1
200280817 0 0
200280821 0 0
200280825 1 1
200280832 0 0
200280845 1 1
200280853 1 1
200280859 1 1
200280863 1 1
200280873 0 0
200280878 0 0
200280880 1 1
200280891 1 1
200280899 0 0
200280903 0 0
200280909 0 0
200280915 1 1
200280919 0 0
200280927 0 0
200280931 1 1
200280944 1 1
200280949 1 1
200280951 0 0
200280957 0 0
200280966 1 1
200280973 1 1
200280982 1 1
200280990 1 1
20038185371 0 0
20156092631 1 1
20551216045 0 0
20575426574 1 1
2077957371 0 0
20911713299 0 0
21009949780 1 1
21087119914 1 1
21087122974 1 1
21088826003 1 1
21197977495 1 1
21198017805 1 1
2123672218 0 0
21253324470 1 1
2131538011 1 1
21319672142 0 0
21445333804 1 1
21445492204 1 1
21521800440 1 1
21523003739 1 1
2156663344 1 1
2156664704 1 1
2159117357 0 0
21709783105 1 1
21709816655 1 1
21719108291 1 1
21719109291 1 1
2175327935 0 0
21818266593 0 0
2181984715 0 0
21881240699 1 1
218854977 0 0
22041869746 1 1
22055646412 1 1
22068364155 1 1
221287928 1 1
221773112 0 0
2230428965 0 0
2231223622 0 0
22343764938 1 1
22480566113 0 0
2264451298 1 1
2264452276 0 0
2264453322 0 0
2270259359 0 0
2274241187 0 0
2283564885 1 1
22878393345 0 0
2298829280 0 0
2308639815 0 0
2316328197 1 1
23521676253 1 1
23575356060 1 1
237898892 1 1
23846626146 0 0
2385124005 1 1
23914030373 1 1
239161135 0 0
239162126 0 0
23959731970 1 1
2400956001 0 0
24277617351 1 1
24740091995 1 1
2479818366 0 0
2481444777 0 0
2481448413 1 1
2481450127 0 0
2481452021 0 0
2481453887 0 0
2482254736 0 0
2482258066 1 1
2482267516 0 0
24993905772 1 1
2501892215 0 0
2501900403 0 0
2501901805 0 0
2501903109 1 1
2501904537 1 1
2501909819 0 0
2501911299 1 1
2501912617 0 0
2502722778 0 0
2502724176 0 0
2502725468 0 0
2502726906 0 0
2502728412 0 0
2502735452 1 1
2502736686 0 0
2502737990 0 0
2516070195 1 1
2517638177 1 1
2517638797 1 1
2518456352 1 1
2518462321 1 1
25316122 0 0
25411542921 0 0
25496751003 1 1
2550427057 0 0
2550427603 0 0
2550428605 0 0
2551254242 0 0
2551254904 0 0
255823857 1 1
255823859 1 1
255823860 1 1
255823861 1 1
255823864 0 0
257030985 0 0
25940761364 1 1
259690334 1 1
259690374 0 0
259690421 0 0
26114893313 1 1
2613725267 1 1
2614594556 1 1
2616143957 0 0
2616146837 0 0
26348553825 1 1
26407409235 0 0
26407409255 0 0
2651538658 0 0
2652683249 0 0
2654799402 1 1
2657089429 0 0
2668138867 1 1
26770521775 0 0
27175153170 1 1
27175154700 1 1
27224834064 1 1
27288851174 0 0
27295399942 0 0
2750541176 1 1
2750947806 1 1
2753384197 1 1
2757873341 0 0
2759013779 1 1
2761385742 0 0
2766653100 1 1
2768953533 1 1
2772195978 0 0
2775615999 1 1
2779609186 1 1
2779610020 1 1
2803142885 1 1
2810445779 1 1
2813724207 0 0
2824650553 0 0
2830712750 1 1
2835996410 1 1
2838728018 0 0
2842226321 0 0
2843599908 0 0
2843600282 0 0
2852948179 1 1
2872762259 0 0
2890336034 0 0
2891264469 0 0
2891269601 1 1
2892125430 0 0
2898392608 1 1
2907887968 1 1
2930691897 1 1
2974902183 1 1
29mn6Ljztxty2M 1 1
2D1C3-HsEP9q8M 1 1
2GCKJSadoa3UdM 1 1
2GpAXTVT74pD7M 1 1
2JYWGNbBk_6KsM 1 1
2M9aZZo2rwO2nM 0 0
2aIxuoMyQgkoIM 0 0
2faHAC64f1UOGM 0 0
2fnYTFYhnbPLJM 0 0
2i9QJfceP_1D6M 1 1
2nIjxjopzsgMVM 1 1
2pKQkHHQpY6fXM 1 1
2sfA6Rke-9H54M 1 1
3-iXmcLlupIxBM 1 1
3002107872 0 0
3012577184 0 0
3014056879 1 1
3014057165 1 1
3014891306 1 1
3021813136 0 0
3084380010 0 0
3128347999 1 1
3139335643 0 0
3147792690 1 1
3158118035 0 0
3171451908 0 0
3171470706 0 0
3192657870 0 0
3193939180 0 0
320671438 0 0
3207891082 0 0
3231572120 0 0
331331081 1 1
3329547208 0 0
3346875337 1 1
3357057675 0 0
3360257913 0 0
3360418924 1 1
3376376445 0 0
3376688825 1 1
3376690335 1 1
3377507786 1 1
3416623251 1 1
343031398 1 1
3461994512 0 0
347486708 0 0
3477740860 1 1
3480611443 0 0
3480611695 0 0
3481423236 0 0
3485246214 1 1
3497577342 0 0
3497681144 0 0
3498761060 1 1
3504086406 0 0
3504787038 0 0
3537042414 1 1
3538512193 0 0
3555113828 0 0
3563738483 0 0
3564540914 1 1
3564549022 1 1
356526345 0 0
357493578 1 1
35899844 1 1
3604728524 0 0
3604728968 0 0
3639672418 0 0
3649377079 0 0
3649380767 0 0
3649387855 0 0
3649391151 0 0
3650136438 0 0
3650141406 0 0
3650179196 0 0
3650180424 0 0
3650184016 0 0
3650186420 0 0
3650187832 1 1
3650188902 1 1
3650190082 0 0
3650191236 0 0
3650198044 0 0
3665687021 0 0
3707834412 0 0
3716095355 0 0
3717165611 0 0
3718255128 0 0
373556699 0 0
3747925687 1 1
37xNAadcjLW4VM 1 1
3807103305 1 1
3816464963 1 1
3818472791 0 0
3830096417 0 0
3830837678 0 0
3830838548 0 0
3830903048 0 0
3838353000 1 1
3841773403 0 0
3844373935 0 0
3849221040 1 1
3860683216 0 0
3864941685 0 0
3870097243 1 1
3873126802 0 0
3873426690 0 0
3880189199 0 0
3880191573 0 0
3884788870 0 0
3888542444 1 1
3896488429 0 0
3902991941 0 0
3911823680 0 0
3972513002 0 0
398396382 0 0
3EfGXXKGGXRw6M 1 1
3GxJxeRgYXgRsM 0 0
3N3DOvD1fjCQIM 1 1
3PDKVPJXNovTeM 1 1
3WBuyze3kGAVfM 1 1
3aUbnldwGwiLQM 1 1
3bdKmrrgJZAJXM 1 1
3dl6bAAqebjfJM 0 0
3h-N3PWDw_NksM 0 0
3h5F8-_ZOTNMBM 1 1
3l23XkLleidQwM 0 0
3lKpFx1YWPAz7M 1 1
3t9evKDftSuUlM 1 1
3tvUHEYOaTgk8M 1 1
3wJhRiV_6x5xJM 1 1
403316272 1 1
4042991281 1 1
4058786369 0 0
4072120896 0 0
4102329982 1 1
4125156057 0 0
4134227697 1 1
4156481175 1 1
4166456887 1 1
41hvDZyTy2HapM 1 1
42206836 1 1
42206846 1 1
4223230910 0 0
4223706185 1 1
4239402235 0 0
4253314706 1 1
4279843657 0 0
4280587916 0 0
4280918963 1 1
4291909644 0 0
4295162635 0 0
4337219403 0 0
4337970160 0 0
4353046399 1 1
4353805298 1 1
4353885129 0 0
4403575461 0 0
4420605162 1 1
442358767 1 1
445287457 0 0
4457958619 1 1
4458742316 0 0
446646781 1 1
446646831 1 1
446646937 0 0
446646999 0 0
446994415 1 1
4484276320 0 0
4496604212 0 0
4500047723 1 1
4500047989 1 1
4503085943 0 0
4511295235 1 1
4517652738 0 0
4520241825 0 0
452446370 1 1
452465875 1 1
4546864045 0 0
4558427485 0 0
4572106463 0 0
457585245 0 0
4587148247 1 1
4591990529 0 0
4591993361 0 0
4591996167 0 0
4592002313 0 0
4592008943 0 0
4592012699 0 0
4592021143 0 0
4592030133 0 0
4592033417 0 0
4592039049 0 0
4592041763 0 0
4592051235 0 0
4592057959 0 0
4592063763 0 0
4592072695 0 0
4592075541 0 0
4592090657 1 1
4592093957 1 1
4592096727 0 0
4592603634 0 0
4592606516 1 1
4592618768 0 0
4592624258 0 0
4592634478 0 0
4592637280 1 1
4592646360 0 0
4592655328 0 0
4592664484 0 0
4592667614 0 0
4592673452 0 0
4592680334 0 0
4592686374 0 0
4592689238 0 0
4592698224 0 0
4592700934 0 0
4592701566 0 0
4592704362 0 0
4592707184 0 0
459305254 0 0
4595441673 0 0
459588238 0 0
459968040 0 0
460140834 0 0
4619237441 1 1
4633980319 0 0
4667652150 0 0
4702789333 0 0
4703426568 0 0
4718963797 1 1
4718988253 1 1
4758855034 0 0
4761285865 0 0
4773093822 1 1
4803972843 0 0
4809467093 0 0
4830241588 0 0
4831726553 1 1
4831727551 1 1
4831728283 1 1
4832335272 1 1
4832339060 1 1
4845817249 0 0
4858479302 1 1
4868042320 1 1
4868652377 1 1
4869266730 1 1
4869267310 0 0
4876909946 1 1
4876917548 1 1
4876920844 1 1
4886096343 1 1
4886695028 1 1
4886697864 1 1
4901167131 1 1
4901169799 1 1
4905020415 1 1
4907616283 1 1
4913531588 1 1
4917222414 0 0
4918020268 0 0
4918023356 1 1
4924456591 0 0
4924461093 0 0
4925052620 0 0
4925053124 0 0
4925053770 0 0
4925054372 0 0
4925055096 0 0
4925055766 0 0
4929562133 0 0
4943702038 1 1
4950105999 1 1
4955532998 1 1
495563547 1 1
4987899289 0 0
499356268 0 0
4FC4J06kP3AooM 1 1
4MpoH0MGiuZANM 1 1
4ZxetfanGQ5RgM 1 1
4_s3m0KxDW6avM 1 1
4ah2bbH8s46UtM 1 1
4c592fnoK9pPJM 0 0
4dcJuDRvle1I7M 0 0
4eWR25I0pidFLM 1 1
4rMS9ccNDp841M 1 1
5001043832 1 1
5001043974 1 1
5044971595 0 0
5045600664 0 0
5045622592 0 0
5067705904 0 0
5078907587 0 0
5084838624 1 1
5097754735 1 1
5101093131 0 0
5111455713 0 0
514327974 0 0
5144756981 1 1
5160942578 1 1
5160943854 1 1
5168178758 0 0
520808174 0 0
520842127 0 0
520852889 1 1
521544980 0 0
5251773919 0 0
5268677 0 0
52926614 1 1
52926616 1 1
52978726 1 1
5304448100 1 1
5391586733 0 0
5391588799 0 0
5392901705 0 0
5406381973 1 1
5423640731 1 1
5424238454 0 0
5424239576 0 0
5424239976 0 0
5424240462 0 0
5424241014 0 0
5424241440 1 1
5424242500 0 0
5449664283 0 0
5450274940 0 0
545143399 0 0
5471068272 1 1
5471068426 1 1
5471068636 1 1
5471068862 1 1
5482556337 0 0
5482558351 0 0
5482559205 0 0
5482560145 0 0
5482564589 0 0
5482565447 0 0
5482567615 0 0
5482568963 0 0
5482570449 0 0
5482571089 0 0
5483151160 0 0
5483155146 0 0
5483155740 0 0
5483156628 0 0
5483159766 0 0
5483169058 0 0
5488412147 0 0
549187590 0 0
5499350267 1 1
5500901219 1 1
5501314981 0 0
5545970409 0 0
5548872391 0 0
5565810215 0 0
5586391057 0 0
55IyM_lKOWwUhM 1 1
5637637637 0 0
5638518755 1 1
5638541179 1 1
5639999963 0 0
5647431215 0 0
5658117447 1 1
5659797419 0 0
5679337833 0 0
5687561815 1 1
5688113102 1 1
5689173825 1 1
5689178095 0 0
5689180153 0 0
5689281957 0 0
5689741734 0 0
5689743400 0 0
5689744472 0 0
5691758734 0 0
5692195705 1 1
5740632995 0 0
5741186824 0 0
5741187266 0 0
5741187414 0 0
5743757952 0 0
5770100727 0 0
57720481 1 1
5787166201 0 0
5787172437 0 0
5787258125 0 0
5787731788 0 0
5787737634 0 0
5796123069 0 0
5855640733 1 1
5890116958 1 1
5929445533 1 1
5930000054 1 1
5930004136 0 0
5944058063 0 0
5946717459 0 0
5946721369 0 0
5946733477 0 0
5946745473 0 0
5946749605 0 0
5946757463 0 0
5946761917 0 0
5946765847 0 0
5946769293 0 0
5946776685 0 0
5946780177 0 0
5946784067 0 0
5946797361 1 1
5946816765 0 0
5946828413 0 0
5946831965 0 0
5946843525 0 0
5946850871 0 0
5946861475 0 0
5947268828 0 0
5947280310 0 0
5947284502 0 0
5947292338 0 0
5947295996 0 0
5947308078 0 0
5947327686 0 0
5947342444 0 0
5947347124 1 1
5947355948 1 1
5947360302 0 0
5947364152 0 0
5947367298 0 0
5947377244 0 0
5947390318 0 0
5947401550 0 0
5947408716 1 1
5947412120 0 0
5958768309 0 0
5961113197 1 1
5966090960 0 0
5981635119 1 1
5981637621 0 0
5981655797 1 1
5981664951 1 1
5982212614 0 0
5982224492 1 1
5988385253 1 1
5990331717 1 1
5993147593 0 0
5D3Iq4rZYm_FIM 0 0
5In6S9K4cTC8SM 1 1
5ORhQ3b3UTyjbM 0 0
5PU8I2WK3_tjpM 1 1
5ZkrCXWvDpC0rM 0 0
5_8pHtn4bVp7QM 1 1
5_sBRd6rnq2nuM 0 0
5cTTPa6bYaX4xM 1 1
5iKSTDGFdMswIM 1 1
5jQigMCqjRyIAM 1 1
5rr8z6Pe66hTAM 1 1
5yixSNpou8s2wM 1 1
6007754535 1 1
6007779562 1 1
6026006449 1 1
6039752704 1 1
6039756890 1 1
6065226102 0 0
6069680614 1 1
6070385925 1 1
6105468655 1 1
6106013062 1 1
6106013288 1 1
6116387423 1 1
6116387611 1 1
6116387833 1 1
6126508370 1 1
6158617313 1 1
6192580810 1 1
6196298153 1 1
6209481410 1 1
622722613 0 0
6233723272 0 0
6247122516 1 1
6257265323 0 0
6275042791 1 1
6341001295 0 0
635616266 0 0
6384271489 0 0
6398776075 0 0
6398776087 1 1
6403572465 0 0
6478902759 1 1
6502364961 0 0
6588355851 1 1
6588746293 1 1
6675907 0 0
6726840265 1 1
6745393405 0 0
6810259752 1 1
6827637823 1 1
6845554917 1 1
6845558821 1 1
6848034302 0 0
6851437232 1 1
6854348270 0 0
6858162280 1 1
6877640455 1 1
6879481703 0 0
689430112 1 1
6964244659 0 0
6988428339 1 1
6992426535 1 1
69eua8bVPAu-YM 0 0
6D3MJaClfD35gM 1 1
6Lo2-9VOFPEe_M 1 1
6TpxDEWgU3OP5M 1 1
6bfFcpvN4ANWCM 0 0
6ePCMiWpxL7LxM 1 1
6ehl6XEeHnXiaM 1 1
6hWBNjYsTmoSZM 1 1
6mZ7mIYR-nTsmM 0 0
6oIhL5OS4466sM 1 1
7-qmI6CdQrSq4M 0 0
7000468833 0 0
7005852874 0 0
7055164785 0 0
7088136883 0 0
7170722541 0 0
7172985737 1 1
7189385376 0 0
7192625448 0 0
7206070798 0 0
7207380392 0 0
7208481752 0 0
72234714 1 1
7227637384 0 0
7234309634 1 1
7243182842 0 0
7314153480 0 0
7319020020 0 0
7382559650 0 0
7400851496 0 0
7410299450 1 1
7462307442 1 1
7473861236 1 1
7474374440 1 1
7479508522 0 0
7488193470 0 0
7488199508 0 0
7488205216 0 0
7488210794 1 1
7488216480 1 1
7488222294 0 0
7488227634 0 0
7488232138 0 0
7488236206 0 0
7488241902 0 0
7488247590 0 0
7488253442 0 0
7488259584 0 0
7488263814 0 0
7488269740 0 0
7488276938 0 0
7488282986 0 0
7488289446 1 1
7488296152 0 0
7488302056 0 0
7488307860 0 0
7488312870 0 0
7488317598 0 0
7488323426 0 0
7488329584 0 0
7488336042 0 0
7488342154 0 0
7488348086 0 0
7488353980 0 0
7488359918 0 0
7488366122 0 0
7488372144 0 0
7488377770 0 0
7488384218 1 1
7488391762 0 0
7488399488 0 0
7488406832 0 0
7488414178 1 1
7488421408 0 0
7488429098 1 1
7488437056 0 0
7488445022 0 0
7488453126 0 0
7488460312 1 1
7488466820 0 0
7488472908 0 0
7488479150 0 0
7488485300 0 0
7488492190 0 0
7488498274 0 0
7488504446 0 0
7488510822 0 0
7488516904 0 0
7488523296 0 0
7488529348 0 0
7488535260 0 0
7488541272 0 0
7488547364 0 0
7488553548 0 0
7488559736 0 0
7488565766 0 0
7488571880 0 0
7488577992 0 0
7488584632 0 0
7488591624 0 0
7488598434 0 0
7488605692 0 0
7488612602 0 0
7488619362 1 1
7488626306 0 0
7488632824 0 0
7488639578 0 0
7488645982 0 0
7501452802 0 0
7501452810 1 1
7521268854 1 1
7525420400 0 0
7545308180 0 0
7551218180 0 0
7575226170 0 0
7619536304 0 0
7637251288 1 1
764133618 0 0
7645619776 0 0
7650309602 0 0
7654015456 0 0
7669557446 0 0
7680011550 1 1
7680061746 1 1
7718074072 1 1
7723267552 0 0
7734604396 0 0
7739408796 0 0
7768802350 1 1
7834929686 1 1
7839280942 0 0
7846500460 1 1
7846500952 1 1
7853503598 0 0
7885616496 0 0
7885622814 0 0
7885627818 0 0
7885632206 0 0
7885635966 0 0
7885642314 0 0
7885648150 1 1
7885652980 1 1
7885658722 1 1
7885664018 1 1
7885671808 0 0
7885679332 0 0
7885686012 0 0
7885693366 1 1
7885706124 1 1
7885711930 1 1
7885717338 0 0
7885722916 0 0
7885728936 0 0
7885735322 0 0
7885743404 1 1
7885750618 1 1
7885757782 1 1
7885764616 1 1
7885770076 1 1
7885776418 0 0
7885781274 0 0
7885793604 0 0
7885796916 0 0
7885799604 0 0
7885806626 0 0
7885810794 0 0
7885815744 0 0
7885822452 0 0
7885828344 0 0
7885832454 0 0
7885840250 0 0
7885846962 0 0
7885859864 0 0
7885865938 0 0
7885873178 1 1
7885879606 0 0
7885886490 1 1
7885897882 1 1
7885902398 1 1
7885907440 0 0
7885917638 0 0
7885923686 0 0
7885929556 0 0
7885945378 1 1
7885954880 0 0
7885968340 0 0
7885975182 0 0
7885981880 0 0
7885989570 1 1
7885993532 0 0
7908568246 0 0
7926844984 0 0
7942998926 1 1
7943012446 1 1
7974355023 0 0
7980961079 0 0
7AYmTP74gbq0CM 0 0
7DHorlGLyu-e-M 1 1
7K11qo6IRrFQPM 1 1
7La6xE7oKwgykM 1 1
7O4Wpi5xqWd8XM 0 0
7U78ydIjjs5MaM 1 1
7ZBULOyFCBZcLM 0 0
7bamV7zyoWxXfM 1 1
7oXMH1Q5eWQOxM 1 1
8001065484 1 1
8001089591 0 0
8001090801 0 0
8012965913 0 0
8012967618 0 0
8012968756 0 0
8012971948 0 0
8012973038 0 0
8017072469 0 0
8032911131 1 1
8037787700 0 0
8037793210 0 0
8046758666 1 1
8049990181 1 1
8057704846 1 1
8060288631 1 1
8073062643 0 0
8078768672 0 0
8094697188 1 1
80D9TSTZU5R4QM 0 0
8108706901 1 1
8108925600 1 1
8111483007 0 0
8111483282 0 0
8123848163 0 0
8147448310 1 1
8153463749 0 0
8167641157 1 1
8167665551 1 1
8169606989 1 1
8209876335 1 1
8212898276 0 0
821380765 0 0
8234490912 0 0
8261268337 0 0
8320004745 0 0
8328380737 0 0
8330928547 0 0
8343139471 0 0
8366595241 1 1
83MOvC7WHKDOuM 1 1
8448966833 0 0
8466602614 0 0
8471172424 1 1
8489317201 1 1
8496711525 1 1
8538481852 1 1
8542287083 1 1
8543376044 1 1
8567324176 0 0
8567325902 0 0
8567327706 0 0
8586527024 1 1
8586527472 1 1
85915854 0 0
85918057 0 0
8595648222 1 1
8598566380 1 1
8613217695 0 0
8627257 0 0
8692555157 1 1
8697294392 0 0
8724365515 0 0
8769564132 1 1
8857272972 0 0
8883105640 0 0
8899739898 0 0
894859433 1 1
8BEzWRA5Hn3MDM 1 1
8NG3C9JwEKuEAM 1 1
8OsGg851gDS5KM 1 1
8YqyQ273bl9CYM 1 1
8aGuaKHKDdby1M 1 1
8hHW-JfuM9yB2M 1 1
8kRvS1yG-qY6LM 0 0
8nSR_x4rH4VjJM 1 1
9027413488 0 0
9033516827 0 0
9048447217 1 1
9058871983 0 0
9065088011 0 0
9065088067 0 0
908968952 1 1
9121062241 0 0
9166315246 0 0
9172894369 0 0
9172910337 0 0
9173278573 0 0
9173736335 0 0
9173794837 0 0
9173873875 0 0
9173893587 0 0
9173921141 0 0
9173948379 0 0
9173984887 0 0
9174001945 0 0
9174021217 0 0
9174040997 0 0
9174049279 0 0
9174057511 0 0
9174086753 0 0
9174104203 0 0
9174121621 0 0
9174131221 0 0
9174148439 0 0
9174215817 0 0
9174305513 0 0
9174314319 0 0
9174324183 0 0
9174373615 0 0
9174394575 0 0
9174415893 0 0
9174435447 0 0
9174441507 0 0
9174447529 0 0
9175426138 0 0
9175701837 0 0
9175719115 0 0
9175725013 0 0
9175765461 0 0
9175776341 0 0
9175785443 0 0
9175823026 0 0
9175833578 0 0
9175921084 0 0
9176006784 0 0
9176024748 0 0
9176187392 0 0
9176195716 0 0
9176212656 0 0
9176249558 0 0
9176296606 0 0
9176314368 0 0
9176331768 0 0
9176358242 0 0
9176375460 0 0
9176415326 0 0
9176424386 0 0
9176442696 0 0
9176452470 0 0
9176604606 0 0
9177909086 0 0
9177925538 0 0
9177949038 0 0
9177958878 0 0
9177966280 0 0
9177973168 0 0
9177984806 0 0
9177995502 0 0
9178003616 0 0
9183574435 1 1
9183576757 1 1
9183581507 0 0
9183583743 1 1
9183589275 0 0
9183596065 0 0
9183598617 0 0
9183632145 0 0
9183647803 0 0
9183661733 0 0
9185797034 0 0
9185804560 0 0
9185856808 0 0
9231974105 0 0
9294489394 1 1
9330895394 0 0
9352936781 0 0
9364541347 1 1
9407988398 1 1
9425065226 1 1
9425066842 0 0
942562223 0 0
942563691 1 1
943403924 1 1
943408576 1 1
9445860679 0 0
9446310891 0 0
9470891676 0 0
9474942952 1 1
9486287113 1 1
9509129391 1 1
9512573692 1 1
9530806179 1 1
9530806377 1 1
9565905461 0 0
957903060 0 0
95Dq-9Z-RJyOiM 1 1
95kRpli-annV-M 0 0
9607565570 0 0
9612999237 0 0
9614791429 1 1
9622576818 0 0
9622603872 0 0
9643443269 0 0
9649968513 1 1
964tqWkB19Bl1M 1 1
9653527862 1 1
9653528972 1 1
9666857495 0 0
9668694001 1 1
967705137 1 1
9680121906 0 0
9759709682 1 1
9791843596 0 0
97E3Fp10Idl9CM 1 1
9804514405 1 1
9916363534 0 0
9943232744 1 1
99qB2OZCOBqpWM 1 1
99qtZcKyNV-sUM 1 1
9FEDYJnRg8TsJM 1 1
9GPISN0slZt1nM 1 1
9I7Ncchxk4pjBM 1 1
9KN7mRFIgN0frM 1 1
9Ok9DcWj7f3guM 1 1
9P1VHcAbUuMyGM 1 1
9csi92uMNLCJAM 0 0
9fQKvskvVoxh6M 0 0
9h_tRChrhLW2hM 1 1
9q5Jv_HoRnwJhM 0 0
9w1IeZWlkBK7wM 1 1
A9dk1v2Ck5AIEM 1 1
AL3IA2RL2XB0hM 0 0
AW4aIHnJ0QeygM 1 1
AZoLsm3oojnE-M 1 1
Abz1_zEZMH_0JM 0 0
AeLNlTRK-foAxM 1 1
AkoVzOZ0tAZE9M 1 1
Ar_ARAMIle1VHM 1 1
AtQNnIARb4bh3M 1 1
Auhbx972K1itgM 1 1
B46TG--86p-QtM 0 0
BAcif5OWZMnQJM 1 1
BDKEUR4MwWVeCM 1 1
BGnRfN-vxVPO6M 1 1
BGvjXSvXThiD-M 1 1
BHnhtSWpRLOF1M 1 1
BO-dBs1UQo8XMM 0 0
BSNTaPT6c67QHM 1 1
BVuZpbdbOeUTQM 1 1
B_ki58a5MrrQHM 1 1
BqgKWAVr2xjTgM 1 1
BrfkXnOnqjo6dM 1 1
BvuZMnRDIsHISM 1 1
C2hhexpeHXhsNM 1 1
C5vIDyO-XMC96M 1 1
C8fMIgLGW2CfQM 1 1
CCmpB6OnaCtroM 1 1
CFDo0aTLyKON6M 1 1
CHRWGRidkYPWcM 1 1
CSMLwEESapMoYM 0 0
CTfe3QudiSVUUM 1 1
ChpXtiz3cFkAAM 0 0
Cou5NP2tPQ9yHM 1 1
Cuy1NUCcvi1AaM 0 0
Cz5r8_IkWhXJ_M 1 1
CzuyhMbXO0NFKM 0 0
D1umCnwYS3yfNM 0 0
D60-HU066NuVUM 1 1
DFQf0EjauSnjdM 0 0
DIq8VMsiiFjypM 1 1
DJdFUj42v6LJUM 1 1
DNTrwZ0vOx5AJM 1 1
DQQo1MX5NTPUGM 1 1
DSUlwhPnZVdfVM 1 1
DYEUBAeMh0SYTM 0 0
D_4s0opHu-wThM 1 1
Dau_bHrMFz7eNM 1 1
Dfk-r3ONIZRgTM 1 1
Di8AMCnrNpgQbM 1 1
E0ZniYEDmGlspM 1 1
E0pmfypkTUsTGM 1 1
E2btE5RealkBcM 1 1
E6mSq5-7ejhlgM 1 1
E88A1kZSc4InyM 1 1
EG3bmQ11wYkGCM 1 1
EQk70ZXXVOHq7M 1 1
EekecLogwqJ2GM 1 1
EjOr0ksgSp25XM 1 1
ErA-lhMonG6iYM 1 1
F9Kdoi4R_SxYTM 1 1
FUrDr0K-vwwqVM 1 1
FW9h-Ph7lQEY7M 1 1
FfLZp9_7BEEW7M 0 0
FhpB3CjNUWwvZM 1 1
FpZ3A7qQq8RxwM 1 1
Fr7F-GmlLKWXRM 1 1
Ft05vstTT5mqqM 1 1
FthbcrpA6fkfEM 1 1
G0Gj6y7gbxf4XM 1 1
GDOA3SiisKgB5M 1 1
GM3CgKbhYlIf_M 1 1
GOfyhBMKbJGU-M 0 0
GSKb0xTNkukF1M 1 1
GU7bqNFrUTFDvM 1 1
GUXp-XmQ9b19kM 0 0
GXkvxakefTTjlM 1 1
G_V4AQZip1XDwM 1 1
GbuScdi3kRPDbM 1 1
GdwzyTUppuG43M 1 1
H-_l5TaPgbtMPM 1 1
H_Af8B4GRadaoM 1 1
HjR5CPAKdfHjxM 0 0
ITcpeuBUD33mZM 1 1
IVLjuXwn6F9XkM 1 1
IWnVwyW_gvNS5M 1 1
IcMl3aDJYonHXM 1 1
J3mWkEPMLxvcPM 0 0
JF5vAaRwfa2TgM 1 1
JJyfaPEcs7z4VM 1 1
JRBJbSUlYRwpRM 1 1
JSDDaMidUhd9wM 0 0
JSM7nBWGBtoM4M 1 1
JV9hLvW1LdedEM 1 1
Jh68P7Aj0Cf7JM 1 1
JoIjzDN1sZyGpM 1 1
K2V-Dsmv2c9ECM 1 1
K2moHfOWClJ7sM 1 1
K8TD9XgwbIH9gM 0 0
KDdExlc2RZl_XM 1 1
KSe6_RZVwQdFiM 1 1
KTN0_Ubv-9Hh8M 0 0
KUCu8bDp9XvDIM 1 1
KUf3uc4-dCZl5M 1 1
KeO0ZRz_zOhMkM 1 1
KgmKi9JMaRYa2M 0 0
KiTS63Rn0zhekM 0 0
KjjiAJMIwBCaIM 1 1
KkYy141RSKzcbM 1 1
Kr4loTWkIMgbcM 1 1
KuP6fHbmB9OgqM 1 1
Kz8Rv2ilnQzOKM 0 0
L09_mQmdRRMdWM 0 0
LA5-LxA_ZKcnuM 0 0
LG6TuUvIOgTPGM 0 0
LMv5MR27BS7MbM 1 1
LPgzDDLRSOVkwM 0 0
LQe_voEGWN9KYM 0 0
L_EVibY2wLBN_M 1 1
LbEOXgTy16PxvM 1 1
LghQ-imQNqdgxM 1 1
LktwNoEl-G4mNM 0 0
M5gyzbBawAtwBM 0 0
M6dAzS7GbwIzrM 1 1
M9x6Whle9ACl2M 1 1
MCT62EgiwU1CkM 1 1
MCTbBWX327RUYM 1 1
MIlCBTEjg93BcM 1 1
MV8x27sh01dp8M 1 1
MVy2-I1Ij6CETM 1 1
MWGP05IfRYFoLM 1 1
MhCaXvVTNF5oQM 1 1
Mha-lIGUJSwpOM 1 1
MhyJhF2WlJdzmM 1 1
MzqKsjaxwAZOPM 1 1
N4Zgo9uOZCDpiM 1 1
NEHtzZU9H9JSYM 1 1
NKTu4MKe6pHzSM 0 0
NT2SN1Yy5uMW2M 1 1
NW7NsAElZn2ehM 1 1
NXbd4KBaSPcBOM 1 1
NXjhF5-XMpx4ZM 1 1
Na9jY9zJNve98M 1 1
NqXVuZSbMVxH2M 0 0
NqgaIGiBaTgsMM 1 1
Nwrn63m79RFdSM 1 1
NzmV8ufodHQwVM 1 1
OF775n-kYpjfhM 0 0
OPS-WWLNuQBcYM 1 1
OoKIH7wwbLNjHM 0 0
OqfGRgYvLI7XQM 1 1
Or3R4yEkAyDIWM 1 1
P13i8hTgwq8K4M 1 1
P49xzNoOGA2NQM 1 1
P5AoBX42rqHGAM 0 0
PBLQmK_st931uM 1 1
PEDhRhdudwC8aM 0 0
PNING4X95stT_M 1 1
PQviGsNn-VTkIM 1 1
PXAdzlVg7kSamM 0 0
PYDXHQ8FziQqvM 1 1
PjLLOv2xXMpVcM 1 1
PsCOnFgHziwndM 0 0
Ps_b9mm7ZqTrJM 1 1
Q0NCv_fP3a4qnM 1 1
Q4ljuyIHzRHOJM 0 0
QP0qRRGy4iiYIM 1 1
QRQxBQT5miTvzM 0 0
QTfexe7ZMxJDOM 1 1
QeVFM8ialI9ZwM 1 1
QlrAdb3sv1KBkM 1 1
QvrkDIVbMNQSeM 1 1
Qwc_taMLF1jJ4M 1 1
Qx2hGJtCDPZ0sM 1 1
R5_7_K_5jb-fJM 1 1
RCSJW5KYfv4gGM 0 0
RLLsrHm8pk927M 1 1
RNJB4y8OdvZdyM 1 1
RUFTtfArXBK7zM 1 1
RUVMsyhJPCgclM 0 0
RiJBRD7I-GPAzM 1 1
RnIkQiDgK3loqM 1 1
RnoQX7lhSK6m6M 1 1
Rr8vXRyMTnw6EM 1 1
S1oSUMoZfjnsKM 1 1
S7b5CBgUfgPVqM 1 1
S7xVmpuj4uhmbM 1 1
SA31nH5ZMyDx6M 0 0
SC4Qylu7FhEUTM 1 1
SE-VPvmEqheP4M 0 0
SIeJXniIkTQpZM 0 0
SNebID3RDIbjoM 1 1
STw0z-fNbMf3-M 1 1
SlfE44Y1ioGDAM 0 0
Sqqe1AA8_XsoOM 1 1
SxDvxHKuLv35hM 0 0
T61exFzoxSmJqM 1 1
TDeuqTjebMa3hM 1 1
TNlDsyFnV2t4ZM 1 1
TSlbAnCcOZBeJM 0 0
TctmkofWCqmnJM 1 1
Tenmx6X8yrvFaM 0 0
TgVE3bfjfF7AZM 1 1
TsSgs3p_u9Eu2M 1 1
TtdL-UubhqnJHM 1 1
Tx1BFLN6-NdEpM 1 1
TzFCIxrEYL92aM 1 1
TzSQXV5rHMqcyM 0 0
U1wgxfwBSv_EZM 1 1
U5b6IUSiUiW-MM 1 1
U6TYR5XNbt1x8M 0 0
UJkDdIeP45s2-M 1 1
ULqIVzNgBUXvyM 0 0
URMtvAw5iRP4hM 1 1
UWwP-TXjipbg4M 1 1
UWxCrdXvw-oExM 1 1
UYoCzkREPfcr9M 1 1
UbTPiWG13tMgWM 1 1
UhBNsMn-DHXbKM 1 1
UjJLZgJ1G3YBVM 1 1
Ujazz9fDENkn4M 1 1
UnPsfncfoMlo2M 1 1
UtThhG_kX-uCXM 1 1
UweBDoSL4dG2UM 1 1
V4gzkofZEXvzuM 1 1
VE2GBg46Mt_vrM 0 0
VG-cdCdq2pk06M 1 1
VJmntAZzGynvdM 1 1
VQHsnZ8sXo95PM 1 1
VU-s7GHkNWOsJM 1 1
VWwo5coqgLA2EM 0 0
VaVq96PWd9vqXM 1 1
Vim6GqEKmf7VxM 1 1
VoxW5NJt5Qo2DM 0 0
VvmIlvikAFwnlM 0 0
Vvwg-VDobu9JAM 0 0
Vxpei8mIbS2sNM 1 1
W-AU0NT2gLUacM 0 0
WNsa5EPPXwpf-M 0 0
WNyH-BHVK0fktM 1 1
WWdQFVAdyjWSWM 1 1
WX6N3WGttNoA1M 0 0
WaUT2iMx_YmVxM 1 1
WeHIKTqZzZJnwM 1 1
Wgm3gh8ucayCCM 0 0
X22-IG4MCPKGsM 1 1
X2SAqyJfptJaQM 0 0
XEcE8319IsgGAM 1 1
XEcnK6rXyBgYoM 1 1
XR-GhpNvTBcF4M 1 1
XSQM9Sal462V2M 1 1
XWLuRDcWLKipmM 1 1
XWPSBQ2aBpSFaM 1 1
XYApSXm3KoYm-M 1 1
XbQl-TzGQgoHgM 1 1
XeXfoTwcBcK6mM 1 1
Xg33VuL8tr38GM 1 1
XiQzMLaolVlP5M 1 1
XmDn6XXVyl4HAM 0 0
XrUL5pilBAHI9M 1 1
YKTBGy502D9W9M 1 1
YOxr3phk5_Z1oM 0 0
YPY5q_6nO_WdDM 0 0
YRSfzfKR5CPpaM 1 1
YTmNbb7yc4MgJM 1 1
YcVHeS_BVh5eYM 0 0
YkZ2Y2UOY3gTUM 0 0
YvtA_a0NHUyTRM 1 1
Z1fXupq3FrE96M 1 1
Z4R_zNdnbeCjzM 1 1
Z5DGjpIGLFseQM 1 1
ZCJMzDnn9RzlFM 0 0
ZFfnfPXI13KgkM 1 1
ZHRVT21-2KKF5M 1 1
ZLPybVXXxW0HZM 1 1
ZOh7dg4MS0db1M 1 1
ZZF0gkZo0JSG7M 0 0
ZcfnBsUAfUY7hM 1 1
Ze5zF9KBwJYF7M 1 1
ZpN7iyd7GOgjiM 1 1
Zwg3qS5mV3kovM 1 1
Zwgy4V9_y6nAPM 1 1
ZzOL3X32pn82ZM 1 1
_2-dFcHWRHDm3M 1 1
_4v5KRySNqstmM 1 1
_8URubeevoXmZM 1 1
_MUNSlx57iVC0M 1 1
_OiQUqIxZtmpUM 0 0
_aF8SCTWKgOOPM 1 1
_c_1uj1HIzYXBM 1 1
_i4H4wTCmbJlvM 1 1
_pfmt9-XzHcKwM 1 1
_rbOunV1CiBOWM 1 1
_tP09HZGp6TaxM 0 0
a172a9d_laLe6M 1 1
aIdMhzB8EJwF4M 1 1
aJEnEHbMlTGtfM 1 1
aWb4jvt0_R-WgM 1 1
aXakEGLXA_6tTM 1 1
aYpYNMw_TCawpM 0 0
aYtZ0n7tBZVKIM 1 1
aaT8LwjumkwGKM 1 1
azHQp9-79MGR7M 1 1
azj8KFZV81AzFM 1 1
b-e2n0qKa0r5uM 1 1
b-lv7oMMPme8bM 1 1
bAjKbm-IdAm85M 1 1
bCtP-lrP4amZtM 1 1
bL6XNj_kv316EM 0 0
bMPZqA3TCcCweM 1 1
b_qWoHodfOT-oM 1 1
bhpXmnyS9YqxmM 1 1
buLTO_Qkkxrb5M 1 1
bwk2LnTnAxsv2M 1 1
c2S1ica65v7nqM 1 1
c84qvG35b0BayM 0 0
cCPAkH67PNrz0M 0 0
cEQfBMJn6nJGVM 1 1
cHYLKnDa_9b1UM 0 0
cKc6pPHJk0UpjM 1 1
cPT4kVSL4cI8LM 1 1
cP_sRfohWCU_vM 0 0
cS_kCBop0d9f0M 1 1
cYLnS6Kwr_uagM 0 0
cfFUdx8xnTumjM 0 0
czg7Zk4ya0RsKM 0 0
d4R6PkmDEqRXnM 1 1
dFj3FqHMCUcqxM 1 1
dHndQ7MoqnmxaM 1 1
dKPqBBEFRcXLZM 1 1
dMpmieF_slxAYM 1 1
dpWGi8yZ8YTMAM 1 1
dvHOixu0gd4jEM 1 1
e-AyXjFN0iOr0M 1 1
e20UWCp3UF8UHM 1 1
e2Qi2SJspOzePM 1 1
eGgea6KAeOC9YM 0 0
eLjVcXJ1gHxewM 0 0
eQcN40LQ_qLJlM 1 1
eRMmUaI9AQj9dM 1 1
eZqPDm2zb9j1_M 1 1
f39EfKb4hLAYSM 1 1
f3RUkwKPSCNgSM 0 0
fSFbnDZdoJmxeM 1 1
fSLsOnZgNcXTvM 1 1
fUes7jzn4h4OUM 1 1
fbfEBE-3jcN6xM 1 1
frREkrBsVJPf2M 0 0
fvepUUJDP6GrRM 1 1
gN3zcwd54omXXM 1 1
gOiFkTFxu9eO3M 1 1
gP0Kzt6dfQIorM 1 1
gbsPCNaJIcB4-M 0 0
gcfIGAJcpevvaM 1 1
gj03xzOUfhP5fM 0 0
grYhJFscuHdB-M 1 1
guynDa_WZyvsHM 1 1
h2Tf406AEJAHlM 0 0
hDsb2OmFoYrW7M 0 0
hFJ-Z75bCL5N0M 0 0
hJH4wSP4RsUYbM 1 1
hK2D0y-FkjO7yM 1 1
hUiE6sHOND31UM 1 1
h_k3Sd5q4CCP-M 0 0
hey_M91fcuyUbM 1 1
hipNK5oCMxtjGM 1 1
hpHoPgGYZpoIrM 1 1
i-8A5tsLLyV-JM 1 1
i-TgS1Mphve_cM 1 1
i3Az6rojLootMM 1 1
i3o-9xzV4SNJeM 0 0
i7aziQ_sFTsj6M 0 0
iCqQW-wembZs2M 1 1
iDt9KsNM-eHOvM 0 0
iIFlDpH7ELttzM 1 1
iIQa4CxstvkJ8M 1 1
iOB_d7mC1xKYBM 0 0
iOXZQwcpsHrn9M 1 1
iR8KF2bY0qU2dM 0 0
iS2KC3uiycqwTM 0 0
iSaneRzmsHiDwM 1 1
iXwdav92dBgeeM 1 1
i_A4sPFL9ii1IM 1 1
idEqWc1d6HiHrM 1 1
ikNxQFE6jyYkHM 1 1
isXL5uhulWA9LM 1 1
iw088nVnnUBe2M 1 1
ix3IGJFeSF2bBM 1 1
j0sv98VJxymj3M 1 1
j2eQrPHP3EszTM 1 1
j52l3YzV2nx96M 0 0
jA_cn3ZQsQ-WzM 1 1
jAtrw1l41kZp9M 1 1
jBdhkIqKQYQniM 0 0
jFi2SB-XTHpo_M 1 1
jPPh8Kiy1AQQtM 0 0
jVvjqAHd0YG_rM 1 1
j_fTmp6kUbKSeM 1 1
jh6XQ-mTNUDEjM 1 1
jiX7UxOE7WCKkM 1 1
jiX9GUIpvWONdM 1 1
jj2Sc2Iv3-GggM 1 1
juvNDeifbJTG7M 0 0
jwx2vQb33XYjMM 1 1
k2pJTFuSX1zf6M 1 1
kFNl94j6M1VPCM 1 1
kLkWCEg6y2YE7M 1 1
ke4xW300nXpB-M 1 1
kh22oLg1CsqXQM 1 1
kvnRkZnrWMODQM 0 0
l0TjEJ2GZQON0M 0 0
l7DqokrevOaKKM 1 1
lCwK_ZKtLVwgIM 1 1
lKz9w4dHa46EpM 1 1
lVKrxApbxI3xQM 0 0
layjCqLJh4AS7M 1 1
lixphWAyiPMWaM 1 1
llZbm-7dyzvpKM 1 1
lw88f7jwFM0GTM 0 0
lwLVYF5503nOYM 0 0
m0S7MTFonXyNYM 1 1
m37EwmDpOTQHYM 1 1
mDDI0JVZuQl9sM 1 1
mIesOY4kOgiBkM 1 1
mSoixvkS1POXDM 0 0
mWMON4xleEpieM 0 0
m_C1TxO1VPNo-M 1 1
mij3zyfE_wm0KM 1 1
mnuyBbYcunAlEM 0 0
mtcIJy4ebCrRxM 0 0
nBKKNLBfJemCkM 0 0
nJG4SP9YNS_vrM 1 1
nO9D_ma1Q5H7NM 0 0
nbCPhnJA-uGblM 1 1
nfiPJ2itc0wIPM 1 1
niuhT_gtcvq0sM 1 1
nvKWyYOGG4SROM 1 1
nwsuhihAhCgc5M 1 1
o6WnOpgylNAJfM 0 0
o9AgQUqM_FE0TM 1 1
oO3R_n8mMLg_jM 1 1
oPhDQk1K1Px7DM 0 0
oT9nNGxuQLPr1M 1 1
oZGvhO4vtxBWKM 1 1
ojpo78jiufq6zM 1 1
otBn_fD8jnm6qM 0 0
p95DKmyJTU_EMM 1 1
pGqaROFMvw9hbM 1 1
pJMOFdyXclsFSM 1 1
pMIAF5Ap11biqM 1 1
pMM-awOqkDIIMM 0 0
pQ6qIuO7RdOoRM 0 0
pTM00t8aQ0MMuM 0 0
pUtEefAO8vrixM 0 0
padgnh3cj2ZWgM 1 1
pba9M7q4-VRaaM 1 1
phYlh1Q98-QlSM 1 1
phznbgkk3cqUnM 1 1
pluUBUY59y-CSM 1 1
pnpK4GHwy9BHuM 1 1
pq1snsX0wJfOUM 1 1
puGLo9HJTC-xpM 0 0
pyiR9eoD1PwJIM 1 1
qCQthZF7QFBViM 1 1
qEznJyH0bsMBXM 0 0
qUqFA7u4XejLGM 1 1
qWoEg84XHT5_wM 1 1
q_dsR-50mTOx9M 1 1
qs-zXMtNObvqZM 0 0
qxYqpth7DstWAM 1 1
r2cZlGuKVF2IJM 1 1
rG7VNZi7OVvZuM 1 1
rINslUxPmQQUXM 1 1
rKAoGKQEbiJPnM 0 0
rQDHBvTjTtXRMM 1 1
rQP36KpuLmrf7M 1 1
rRDvBVRNQMRXnM 1 1
rb5NyJg2x6W-5M 0 0
rfECU4ghNboTOM 1 1
rgkDvJUP3LrlAM 1 1
rliuXNSKMAbliM 1 1
s4kvm7T7sdOYOM 1 1
sAD1rxISiVPf7M 0 0
sDw7xO0oZbMCYM 1 1
sJFdX_sd2AjP2M 1 1
skoR5-B9o0zhnM 1 1
soBe1KvkbVsr6M 0 0
so_HDrfjRimFSM 1 1
sqSMiGVCqqXwyM 1 1
t-dJlMbaKVUQ_M 1 1
tGZBWeCPxEzQ_M 1 1
tGtxK2GJsrIXeM 1 1
tLRh4AD6FCrAhM 1 1
tQbH4MYFiKw9TM 1 1
tQsS1ol2z5_gNM 1 1
tTJAOL9uf2E0BM 1 1
tc0INiQtkSAJ9M 1 1
tcEGNmLDqWh5XM 1 1
trRQxcPnXFV4wM 0 0
u00-PMUfayUqSM 1 1
u0CqJj29AC8t9M 1 1
u5Rt9nji1wx4jM 0 0
uBP0YJMgHlHAAM 1 1
uBokcFn3OXL97M 1 1
uJ4YQz5TzgpRhM 0 0
uK7rz_pXlsA-9M 1 1
uSQmN9jUkQ3XyM 1 1
uZY2GBw6Dy-dmM 1 1
u_dElJVxp0vMWM 0 0
ucjX94Li1ew4MM 0 0
uj-lHavgbqzbbM 1 1
uwH7gjq0B5B8pM 1 1
uxbxbxeP99arIM 1 1
v20274KzVGVeVM 1 1
vU15lu_VcLRauM 1 1
v_CMLfW3qdtusM 0 0
v_ZhUBNgkaddYM 0 0
vi_e-HHybWp9TM 1 1
vkvc63ATzHnfyM 1 1
vvd6mhh5oWV8cM 1 1
vw9KVi-WDATXyM 0 0
w2Pu3DzbJa01yM 1 1
w2YHaB5KqexyqM 1 1
w9vJRxQGCBwXhM 0 0
wOI7mzyw2aEfaM 1 1
wOz8StL4zFwjAM 1 1
wnPyYc2KsGtM8M 1 1
wsiVHD3FavQB5M 1 1
wyAZPzxn3U06NM 1 1
x09lnb10ntyAeM 1 1
x0lXdo-ZT8dRYM 1 1
x3bgLQ-rr4yGfM 0 0
x4saVQ7JqNR6wM 1 1
x62xi-3Cruo0DM 1 1
x6MtkDOMfwenuM 1 1
x9af9sA8CsaT2M 0 0
xL2koyBZ80qyDM 1 1
xOR_MLvMsVuwQM 1 1
xQoKzQRYkr5YIM 1 1
xau5JAzit-HGjM 1 1
xfd-rk5ZCvf-9M 1 1
xrID14yn2yiT6M 1 1
xrOnqdk7dXfMVM 1 1
xvCicpq3VkupfM 1 1
xxWn0s5AtvQZcM 1 1
y9i7BAItaK0bXM 1 1
yAOG-fsFlgki9M 1 1
yBkdA-L3p4WRaM 0 0
yFQ9uuNB7lP5_M 1 1
yJKSF1i_6BLrKM 0 0
yJqbQva45itCSM 1 1
yQWkuqNLBKXLUM 1 1
yXE3GvChJpUpXM 1 1
yiLci7I_oVwEyM 1 1
yxdjKMoIqQzKOM 1 1
z0eySfpKbLjq_M 1 1
z2503xnkdAzXWM 1 1
z2wvXvwHYQF8NM 1 1
z66Oht7uaTL39M 1 1
z6wgJn6V8ZZhiM 0 0
z9kLbDK0Swu8CM 1 1
zDUZ0d4i-xHx1M 1 1
zQE_z-UVkQqH0M 0 0
zRGRIu4bqlcZfM 1 1
zSD6PAbAK8cbGM 1 1
zViRaD9IIdlDoM 1 1
zYopCVDjl0giKM 1 1
zcmPjgcZkJbUyM 1 1
zoH8f6QYLYy6aM 1 1
zuRdXlonb0Gn3M 1 1
