-2wMHMnOPngBxM 1 1
-8E6uOZiMGkWcM 1 1
-8b6SGbNAvVktM 1 1
-AipdEwgcetttM 1 1
-C3wzx9pOlQs3M 1 1
-CNSKh3TE_SlLM 1 1
-CqkcSYgIF1bJM 1 1
-DTTeTQ4ApAc5M 1 1
-DrPJx84qZ2AuM 0 0
-EOfUAh2Fsx4qM 1 1
-HQA_E6l6iBdDM 1 1
-JjZypaHWdHvBM 1 1
-MI59zl9PNzFlM 1 1
-MviEI5EwuxXcM 1 1
-O_BmUNkQpI5gM 1 1
-PowoxIjN03sNM 0 0
-RyQAISfNNrYWM 1 1
-SL5-oAplDEVwM 0 0
-SQ4iZ1ZlHfJgM 1 1
-S_VtD2lCHYYSM 1 1
-TQmBhkb3BUbPM 1 1
-Twi6tE6UDZb2M 1 1
-UkIIORJo8a35M 1 1
-_9P7R_4APuqEM 1 1
-aZ9VndGmDZqgM 1 1
-cccmB89hEN_IM 1 1
-dKG0nHLS5tEUM 1 1
-f_fYXLSgVHUHM 1 1
-gSuD-_apQsf2M 1 1
-hcKMbCSlKjVHM 1 1
-keE_x-yk6nzoM 1 1
-sXhm6YipmwaEM 1 1
-sYuptpOPg4xIM 1 1
-sp40fbjiN79JM 1 1
-vTF1w9W2DbpQM 1 1
0-MqRkSkO8eHxM 1 1
02IwPMMFyovr0M 1 1
03BNLY-gUW5BkM 1 1
03Y9O63EjRnPkM 1 1
0CaHNlDg1hrQ6M 1 1
0CgseWEp1S9JVM 1 1
0D9OICl1lKQizM 1 1
0FWS5LR_2-osJM 1 1
0Hx00CkcJW-p3M 1 1
0QTr-XC8uXfyNM 1 1
0SgpiyOQL7r1iM 1 1
0a3hsbPxwRJD_M 0 0
0aSXS7igTjKxfM 1 1
0fflEN38MR3ZBM 1 1
0iJ_TN0EbkYfLM 1 1
0icbEQlkQqCD8M 1 1
0jk37pnp-vaHyM 1 1
0jzj7Tgd-oryRM 1 1
0lrWgKV8OtOadM 1 1
0op5xxKPffrFOM 1 1
0semqPxYZlLvZM 1 1
0tDKfUf4m2TFMM 1 1
0zPHfCiv-bjEWM 0 0
1042759666 1 1
10607961584 1 1
116459320 1 1
1170097617 1 1
11KBUCBZtPPDqM 1 1
1215631550 1 1
129381101 1 1
1298637283 0 0
13204676783 1 1
13204843664 1 1
133060754 1 1
13442286445 1 1
13442412343 1 1
13442414993 1 1
1351026303 0 0
13543750504 1 1
13778157365 1 1
13TAgTMLnVq4pM 1 1
13YEkMHsghmREM 1 1
14028413707 1 1
14107750689 1 1
14107793560 1 1
14107795160 1 1
14107891927 1 1
14185857888 1 1
14287876760 1 1
14292472562 1 1
14293898494 1 1
14314625873 1 1
14339177786 1 1
1462333092 0 0
1472158913 1 1
14iwMx4r142vHM 0 0
15015050272 1 1
151584998 0 0
1564603825 1 1
15700811159 1 1
16047445564 1 1
16390434485 1 1
16408864701 1 1
166646803 1 1
16677172827 1 1
16677174247 1 1
16696891708 1 1
16696892018 1 1
16697107710 1 1
16858608336 1 1
16883327402 1 1
16884512985 1 1
1724173 1 1
175zEAv0IXWPLM 1 1
17616119 1 1
17616143 1 1
1811802485 1 1
1811805639 1 1
1812642688 1 1
1812652378 1 1
18372614 0 0
18479344583 1 1
18487350613 1 1
187415356 1 1
18917164988 1 1
18917967670 1 1
18918228550 1 1
18921010488 1 1
18949098580 1 1
18949256839 1 1
18949349030 1 1
19077257135 1 1
19080515216 1 1
19082104716 1 1
19094311272 1 1
19100165872 1 1
19106125305 1 1
19131469242 1 1
1927217392 1 1
19342950046 1 1
19345514 1 1
19XclDtAAAgxCM 1 1
1AKyc2zv2FHTzM 1 1
1AUQGD3afNeEEM 1 1
1CLp5ADnowqfKM 1 1
1CLqG-Q-vtxl2M 1 1
1J0RAX6ifXzHQM 1 1
1JWJnBonh07BYM 1 1
1JllPl5Er-dBBM 1 1
1MNLgS3njMs_bM 1 1
1N0PnyUQAfr-qM 1 1
1N3pYeKLHhHAJM 1 1
1NlyEEPMmb99uM 1 1
1OCT7X7ASrByfM 1 1
1S_Mqz-BeORf4M 1 1
1TptWdKJW1QwvM 1 1
1Ty6_klP_avaJM 1 1
1X-JRYpAIx_0ZM 1 1
1a4DQEHvZXfzdM 0 0
1dPpiqQstr0vyM 1 1
1exYv2_OXNq_RM 1 1
1is0kWzmdsf5mM 1 1
1jsuKd09TI5ooM 1 1
1n8cLmcjj3gjCM 1 1
1nMVKBl8NRnuPM 1 1
1oRmv1dvEOz2uM 1 1
1ooC8a8x0TGreM 1 1
1pGYvsg8L_yo7M 1 1
1qNpK4VwWvthAM 1 1
1qVON9Ucwu-OYM 1 1
1rwDxcgdP_MjlM 1 1
1wefNiZ4rHLDOM 1 1
1x1M7vctWMY1GM 0 0
1zBOQo-73yTI7M 1 1
1zZEWXIR-PUYiM 1 1
1zhTB1-nIyr5sM 1 1
2060274050 1 1
207781063 1 1
211944143 1 1
21209551006 1 1
2123320874 1 1
2128326456 1 1
2140258 1 1
21510337306 1 1
21532394979 0 0
215799872 1 1
2161213434 1 1
2170103824 1 1
2188256236 1 1
2189782393 1 1
21BJP6raPfMERM 1 1
21rA1GpKcOEAJM 1 1
21zSoKKbNzWdUM 1 1
22405116423 1 1
22607911608 1 1
22607925037 1 1
22607929837 1 1
22634778203 1 1
22681526032 1 1
22919924359 1 1
23000216666 1 1
23179560012 1 1
23243117406 1 1
23243129836 1 1
23243135406 1 1
23261882355 1 1
23287869895 1 1
235989309 1 1
2361638129 1 1
236926447 0 0
23722480682 1 1
2411841555 1 1
2433160896 1 1
2433174364 1 1
2433187254 1 1
2434395079 1 1
24668632149 1 1
2499773812 1 1
25035835113 1 1
2515868633 0 0
251732919 1 1
255028533 1 1
25798291906 1 1
25824354855 1 1
259580061 0 0
2598057135 0 0
2598888420 0 0
2598890854 0 0
2599574637 1 1
2600404438 1 1
2600404728 1 1
26058272150 1 1
260JQeZ9J2gS-M 1 1
2663124758 0 0
267390879 1 1
270brrn0o7HbVM 1 1
2726443848 1 1
2749291329 1 1
2754391592 1 1
277499293 0 0
27759941670 1 1
28256908820 1 1
2841233529 0 0
2863455353 1 1
287400360 1 1
2884138534 1 1
28nlqFWOgxvp9M 0 0
28v2RcHglF95MM 0 0
290545837 0 0
292523698 1 1
292525238 1 1
2969558853 1 1
29GGqkfIzVHW4M 0 0
2EIg-TtVf3O9nM 0 0
2HmfIEJl3NHY7M 1 1
2JSIXxlrGA5QrM 1 1
2Jkkd52XiszqtM 1 1
2LnukOy8xBwfiM 1 1
2MZElvsL_8KZmM 1 1
2N9aWckmWGUSxM 1 1
2PVDznRapn5IHM 1 1
2RPLjZAErKMvOM 1 1
2SBGM4AjWXVHRM 1 1
2VjKx3CGkSDzOM 1 1
2W_x8i9FOUo_kM 1 1
2XFH0WlV8MEGNM 1 1
2Zb20j1zUhpBLM 1 1
2_Qfr_levtGC1M 1 1
2cOB0EpNWUZKGM 1 1
2flb-M_ZRNIICM 1 1
2iNLArAEc61TiM 1 1
2l3uE08qP71F2M 1 1
2n0HqzWCKHDBJM 1 1
2o1GbzgCALOlUM 1 1
2pvOq_bW-44YaM 1 1
2rJm13kNNIDw6M 1 1
2wBMWqgxcApOYM 1 1
306274973 0 0
310472378 1 1
3119107073 1 1
3119107451 1 1
3119935120 1 1
3121916557 0 0
313407093 1 1
313407230 1 1
3163937404 0 0
31uO2xa9g8nF9M 1 1
3218851661 1 1
3218851887 1 1
3218852505 1 1
3219702712 0 0
3221322181 1 1
3222175060 1 1
3222175070 1 1
3222175078 1 1
3248030833 1 1
3256567295 1 1
3276167108 1 1
3276175736 0 0
3277512629 1 1
3278332388 1 1
3278332860 1 1
330974221 0 0
3343006536 1 1
3345877572 1 1
33568594 1 1
3361410557 1 1
3361410835 1 1
3361411469 1 1
3361411849 1 1
3361412547 1 1
3361413229 1 1
3361413567 1 1
3361414747 1 1
3361415661 1 1
3361416871 1 1
3361417807 1 1
3361418509 1 1
3361419087 1 1
3361419631 1 1
3361420105 1 1
3361421103 0 0
3361421603 1 1
3361421855 1 1
3361422133 1 1
3361422447 0 0
3361423051 0 0
3362227898 1 1
3362228560 1 1
3362229674 1 1
3362230006 1 1
3362230736 1 1
3362231018 1 1
3362232012 1 1
3362232298 1 1
3362232916 1 1
3362233240 1 1
3362233902 1 1
3362234502 1 1
3362236248 0 0
3362236672 1 1
3362237116 1 1
3362238518 1 1
3362239206 0 0
336266768 0 0
3366593485 1 1
3367416150 1 1
3367417540 1 1
349778474 1 1
34HJOxvuv8WzkM 1 1
3532829955 1 1
3549433136 0 0
3552702338 0 0
3568101539 1 1
3568101713 1 1
3568101767 1 1
3568101837 1 1
3568102011 1 1
3568913198 1 1
3568913314 1 1
3568913656 1 1
3571013637 1 1
358869192 0 0
358869389 1 1
359556801 0 0
3609446595 1 1
3656250582 1 1
369756303 1 1
36G9RPx8qX825M 1 1
36ds0w4lMyuPeM 1 1
3729363212 1 1
3743808235 1 1
3792333682 1 1
3805357221 0 0
380866186 1 1
380866239 1 1
3820439399 1 1
3820439425 0 0
3832682734 1 1
3986706204 1 1
3AhWMT6Jt_ECQM 1 1
3BC9tr-UH-fA1M 1 1
3BzBgNCJewi3HM 1 1
3FkE1ilbrJVcQM 1 1
3GTvLBA_Tp1s6M 1 1
3Hy_EvD7kDACpM 1 1
3Ju2qJRtqZ5WwM 1 1
3O9FGF0VjqpLSM 1 1
3T-28EpRMAoQlM 1 1
3U04Ry4uL_rl3M 0 0
3Y8yWrD1M2FtQM 1 1
3ZF8eFzuwb49uM 1 1
3ddYJcA5Gyhf4M 1 1
3oARj1dkNqevzM 1 1
3qQps2ORNU2gyM 1 1
3qchBgXL5sIdqM 1 1
3qiAzGzvA4IwCM 1 1
3x1PdpDnj0yOwM 1 1
3ykIN8Gn4sf1fM 1 1
4-a1kEkGqTe3RM 1 1
4036773061 1 1
408236225 1 1
408236591 1 1
40on_ZzqKIlx1M 1 1
4136853303 1 1
4151778319 1 1
4183262253 1 1
419407741 0 0
4209757342 1 1
4209757578 1 1
427IkfSNRsCYsM 1 1
429003927 1 1
4294094649 1 1
4372832410 1 1
4374684658 1 1
4413715098 1 1
4470327584 1 1
4503911068 1 1
4504470572 1 1
4581162555 1 1
4631686765 1 1
4677248923 1 1
4677249135 1 1
4677877514 1 1
46nfAIi6SxP-AM 1 1
4703832384 0 0
4759420929 1 1
47XniVgiUIwNkM 1 1
4811810947 1 1
481259674 1 1
4823970516 1 1
4843003908 1 1
4918899793 1 1
4949425548 1 1
49aYPXmWDS0OUM 1 1
49t-VwtyqQ8-8M 1 1
4C0XD_uAj2aCxM 1 1
4LSC9H3HAsscTM 1 1
4LfIDb4t1TdCoM 1 1
4MysAgb8xq2NnM 1 1
4Na9vjTzI3RL7M 1 1
4P1fJRCzVx_5dM 0 0
4PXhByXtpg6DEM 1 1
4PmKEwJ0ic3gUM 1 1
4VljAlnLjBBWgM 1 1
4aPXWuyLYcm6uM 1 1
4brX3EN96x2fBM 1 1
4eAbowsJnURtDM 1 1
4iIufSQMYuSLtM 1 1
4imjPZBf8Z8h1M 1 1
4m7Oy0AVnY3wPM 1 1
4oByJtwBsIT9IM 1 1
4ocX3YwJSOUwtM 1 1
4wR7XDCQfe3UJM 0 0
4zeP16BTkz1ejM 1 1
5037626349 1 1
5065414878 0 0
5075190842 1 1
5075191352 1 1
50q4c1OG56zqEM 1 1
5179978773 1 1
5180007461 1 1
5180015177 1 1
5180024877 1 1
5180025493 1 1
5180572072 1 1
5180585534 1 1
5180594198 1 1
5180600792 1 1
5180623378 1 1
5180626518 1 1
5274083650 1 1
5274972381 1 1
5275586422 1 1
5281667662 1 1
52wl__wCxYX6FM 1 1
5314644 1 1
5356990498 1 1
5385847113 1 1
5392265919 1 1
53dq9pO5c5BsqM 1 1
543323982 0 0
5448070415 1 1
5449019627 1 1
5490253768 1 1
54eP3KeU3v0QMM 1 1
5550899664 1 1
5550900260 1 1
5622042033 1 1
568488453 0 0
56ANz1MGgYE56M 1 1
5765387793 1 1
5799339315 1 1
5917162238 1 1
5BF9NW-nupNNEM 1 1
5IgF77XHAUhU6M 1 1
5LmQQBOEZSkDVM 1 1
5M4pA50N4DOx8M 1 1
5QZAtkkw7icDpM 1 1
5RxxMiv8o2YdtM 1 1
5UBc6FOxXbq2oM 1 1
5Zh9_NvLBrVEGM 1 1
5Zridq0iVqj9ZM 1 1
5aJPJhslStP6cM 0 0
5brcJQPzY3NYHM 1 1
5buw_oRV-hYqBM 1 1
5cquboGuPuj14M 1 1
5dGq74ascjm6qM 1 1
5fDXikiq6LyTbM 0 0
5j4bkg-r8QICBM 1 1
5lYbNgLuSvi0dM 1 1
5m4So6PhQG4WQM 1 1
5mV8NGvueM-IcM 0 0
5n2fPQzT8iyGvM 1 1
5nJsvHsQQkaymM 1 1
5ngNUs6ZPeUZVM 1 1
5pgvEoGc7rmnrM 1 1
5qabBSrYYEM2OM 0 0
5sY8OkwWmrINWM 1 1
5uUmtLSOhojzVM 1 1
5uq5LQ5eCjdarM 1 1
5vNu1MPdknrYgM 1 1
5wa-bMEOZV38OM 1 1
6-cD74K7sx7YrM 1 1
6046573559 1 1
6129969240 0 0
61OgJt9F13xCTM 0 0
62062804 1 1
62LudT5bnICmzM 1 1
6348715937 1 1
6353892705 1 1
6371903567 1 1
638nnpI_YDg_5M 1 1
64323954 1 1
6480411197 1 1
6506897887 1 1
6578768017 1 1
6584061775 1 1
6673298737 1 1
6721603297 1 1
67xZFHK2XaictM 1 1
68134215 1 1
6815907822 0 0
6819226408 1 1
689047802 0 0
6897898336 0 0
68woROBQpJ2GRM 1 1
6904649517 1 1
6939915113 1 1
6964983088 1 1
6993439319 1 1
69horOIcUaUxzM 1 1
6IF4bU3JBsba4M 1 1
6MZ2ZG4Jo_tSUM 1 1
6Ox0BNJoduw5bM 1 1
6RlqIX7rCQn12M 1 1
6SmLGJ4a9T4IFM 1 1
6V0ZSRR4YtaHuM 1 1
6WwPWfh4FgkJRM 1 1
6YHXllq9TgMrqM 1 1
6cU7jueIj2K7oM 1 1
6cUV6065LZueDM 1 1
6dFenhEG6PBPuM 1 1
6fAZWvUsEDkUvM 0 0
6kRpTPW8PIVLMM 1 1
6m8Y7bFvma_bQM 1 1
6mXcz5DSyidtXM 1 1
6qKlM6C5Adjv8M 1 1
6qQby5BLm1X7cM 1 1
6u9UTESyNMjP2M 1 1
6yXjqkishbnEmM 1 1
6yzscqGp4zVEwM 1 1
7-CkgG5BzEzobM 1 1
7063339289 1 1
7092401819 1 1
71cPdmNINXu3EM 1 1
7303895208 1 1
7534925398 1 1
7536055066 1 1
7666944870 1 1
76CozLCHZayTRM 1 1
7715193100 1 1
7722071806 1 1
7898947612 1 1
7942255202 1 1
7942259720 1 1
7979948684 1 1
7987015351 1 1
7ASfk9WndaLSkM 1 1
7CnL_mNgam8v2M 1 1
7DmQ7Bk5LTFJ3M 1 1
7FADuRZHrgdWqM 1 1
7G3ApPxFHHfN-M 1 1
7GPpWUEs5UOgVM 1 1
7H-HyrX8NMbrjM 1 1
7L7pYOg7AVPttM 1 1
7MtU3z3m1X5RjM 1 1
7N6qA14WBg8fxM 1 1
7O6MLqiC5G8tLM 1 1
7O87Hx8c3pEXfM 0 0
7Q4s1aARzk-uhM 1 1
7QADvPknvBqqgM 1 1
7Qwr68Nx4FvkzM 1 1
7R4L9p0wJPteIM 1 1
7Sbn3JQCAOyfFM 1 1
7UQV9AwvTF-5wM 1 1
7XoG18VOdVlauM 1 1
7aago3CQg0W_0M 1 1
7cVJq1GhCtv-FM 1 1
7cl9WhK-XeLezM 1 1
7dIrJOFKTu1oUM 1 1
7dY4KJOBvw34cM 1 1
7eiKvpU_g4pw4M 1 1
7iZCNWqbJzPguM 1 1
7l5Xzrl-e3Z6mM 1 1
7p8qVDMRKQXf3M 1 1
8068713842 1 1
8072635677 1 1
8072635783 1 1
8146340506 1 1
8153608720 1 1
81U-IC-PSQOq-M 1 1
8276396293 1 1
8335414033 1 1
8335415371 1 1
8336463370 1 1
8336464212 1 1
8336465374 1 1
8336466176 1 1
8336467836 1 1
8336478072 1 1
8342031382 1 1
8373458087 1 1
8378018108 1 1
8403219019 1 1
8404311656 1 1
8404312266 0 0
8439436307 1 1
8439819613 1 1
8498384125 0 0
84WqIiZxvrfAYM 1 1
8693354399 1 1
8696753852 1 1
8755093875 1 1
8LXi3rEMxPdmkM 1 1
8PmK8tbrHr6zXM 0 0
8Q5QZkcEfTiaVM 1 1
8QT9JNpLqnR9HM 0 0
8R3Y7lZNPUND_M 1 1
8RNBsWgjs7lqOM 1 1
8SjP9ZuYlUYxAM 1 1
8V2NxUxPu4qKXM 1 1
8VrTcYMUSs_q8M 1 1
8ZVloOVDlqfm0M 1 1
8aUYm7aOJCF6kM 1 1
8cEDQ2DuN4Sk6M 1 1
8fRGVfLrKTRtfM 1 1
8hBee_Uw7vu2oM 1 1
8lEUhZTMWqUpvM 1 1
8lHvTyPv1FfrpM 1 1
8oLOykIVCft2pM 1 1
8p9DVCqocH_qHM 1 1
8ptdkHWA-moh4M 1 1
8pyaXhRFr3TS8M 1 1
8rKWY2PAcJp2iM 1 1
8vQLEu4AUshELM 1 1
8yIFGytMng1CeM 1 1
8yONErs3DfPJ9M 1 1
8yUcNyRhErPYwM 1 1
8y_-bZ9kR4TUoM 1 1
9002451407 1 1
9083441478 1 1
9162877541 1 1
9422801827 1 1
9487344234 1 1
94FxNuFx5iWA4M 0 0
95eLLBpHtivR1M 1 1
9633092829 1 1
9638653751 1 1
96QtINl1R8BFMM 1 1
98LSuZXI08didM 1 1
9FUpf5InpLDqvM 1 1
9JASt94Z3z_mAM 0 0
9Lb6YRtc6O38ZM 1 1
9Lo8IN6e3y7IKM 1 1
9QalRxWoGG5chM 1 1
9UMX7VcWSJD8KM 1 1
9dqf7kJ_mXywNM 1 1
9i8WMjqzINn7dM 1 1
9nJNPTty7R5sIM 1 1
9nrKhH3cqrjqmM 1 1
9rH9yIU2Z3DoPM 1 1
9wzAmfspEPLdTM 0 0
A04TEfAIYW6AOM 1 1
A4I0dhe7vSGcbM 1 1
A6BkOYdOBxnmzM 1 1
A96a0mZ-4Q4ffM 1 1
A9nzDrpWfL43PM 1 1
AISUUIzTl4mOjM 1 1
AIw2sEVsxEi2GM 1 1
AL9Zb5Lmsy95GM 1 1
AOSEJzZeA2Cw_M 1 1
ATxnsac8xdcFZM 1 1
AU4izI8lZMnJbM 0 0
AUYPH_Ve0mEoZM 1 1
AVDucF73odARBM 1 1
AdSYqc46epgs3M 1 1
AdphB1-sim60HM 1 1
Aevg9Hfwx2pQhM 1 1
AhRltcPp41ZGHM 0 0
Ahky2QZ8TsV5eM 1 1
AihNt0dLK5YiQM 1 1
AkORar45JFYIRM 1 1
ApD2b6QSEDxB0M 1 1
AqedKCxpFLWmUM 1 1
AtgTC5LCrRUvBM 0 0
AufRiQs_bP-1rM 1 1
AuwMHW7PMdpQ5M 1 1
AwM0VguRqB-V2M 1 1
AxSHow873PRWeM 1 1
AyWG5xt3hOcbUM 1 1
AzKQu6_3MTQMSM 1 1
B1NO_rltpL5VfM 1 1
B4NJUes3jokqbM 1 1
B9oFYQd26dztEM 1 1
BAGlP-d7ERNWVM 1 1
BDbbaAqIA7LXZM 1 1
BDsiKqg9qH8nUM 1 1
BFaOKYyiDmYJuM 1 1
BHLApLzsyTiwAM 1 1
BKcvibYyH6eDuM 1 1
BSQsdiT7ntaSfM 1 1
BZ4UlZFjP86-pM 1 1
BeOn_iFweTT7WM 1 1
BfDCW0skugg3hM 1 1
Bk7SgHhE3jZzvM 1 1
BmQ3W983MSPeKM 0 0
Bmfe4AUfoax9NM 1 1
BvYLRA5M2YDbfM 1 1
ByCdYBmhbc3vLM 1 1
Bzmv0ffzaF82RM 1 1
C-LBhZv2NhBmgM 1 1
C0tCbq7GLaTLRM 1 1
C2IPnVVA4WGx3M 1 1
C4QxJTj2h4-E2M 1 1
C7i4DCZwKlG-lM 1 1
C7nNCJHWcf4nmM 1 1
CC7sNgSZTnCv8M 1 1
CEWyiK7TK7I-rM 1 1
CF1JUn96i6e00M 1 1
CFwTCP4WmNl8mM 1 1
CImYnf0pZ9kL5M 0 0
CK2tP9ifTggyBM 1 1
CMmhtYnfGQE4oM 1 1
CQ80bQZyNvIM4M 1 1
CTfZH8Iypg21FM 1 1
CVpsacFNQGHlHM 1 1
CWpFkWYxGXwytM 1 1
CaCYlEDXk_RDFM 1 1
CcOnPfML8SSt0M 1 1
Cg1gRAPHsYjZBM 1 1
CgaJ4Cejo4UGwM 1 1
CjZVj2K7fVtBWM 1 1
CkUiVb_8Hq-IQM 1 1
Cp8Z6GPTJmhXzM 0 0
CqnETMkvoBem3M 0 0
CrV9zaAZyVIfMM 1 1
Cs58XdYhIiKDkM 1 1
CsSO6_2yH7tnJM 1 1
CxavETIxlgsBPM 1 1
Cyqy4rATZ8ZvHM 1 1
D1jNDT0QofFftM 1 1
D3-qPxmgG1SmtM 1 1
D4_CMQvGZl-hJM 1 1
D4nwA341qIcoOM 1 1
D6obFJLFb6jo0M 1 1
D8xNut98oHE8eM 1 1
DCTBYbw0PLhMyM 0 0
DGEOwasmdvHedM 1 1
DI0zsn56uWP5JM 1 1
DI9FPXopqMCaWM 1 1
DJcGrpVKZsT4tM 1 1
DM3TkL1bgM7jyM 1 1
DM8kojIBPWgmBM 1 1
DMtqyPPCt8ojCM 1 1
DQpKTn9Gv8mGyM 1 1
DUv2pJsRnqj_VM 1 1
DV3OUUMv3DldGM 1 1
DV41Y0-SLfZbWM 1 1
DX2X-wZzmJcFYM 1 1
DY660R6o8kxauM 1 1
DYkWsn-z0u-3ZM 1 1
DZBuCcDETzDtbM 0 0
DbYRK6B_hnQ7lM 1 1
Dd1sUmYru4S9IM 0 0
DdPVrhGOtV99rM 1 1
DgmEWEJjHtLX4M 1 1
Djy6B59yeENSCM 1 1
DoWjIBVjbgjXzM 1 1
Dpo1djVO5DHrkM 1 1
Dtqgw-y0n3nc1M 1 1
Dzh8ExKGk5fzOM 1 1
Dzoii1x9Q0EzjM 1 1
E-uKJB4ZX5HZRM 1 1
E640RiyWCggAdM 0 0
E6TgxL0Wsab-0M 1 1
E87ijVsQ7H5HLM 1 1
EEt2Kujk_nRx8M 1 1
EGlWPxPcR4QTDM 1 1
EIxMsVe2c655JM 1 1
EJI533ptnHTOVM 1 1
EN9dUE2J75vunM 0 0
ERdNlk5Vi36YqM 1 1
EV-hjdhuYOAJXM 1 1
EWfzbJQp9vqB2M 1 1
EWxu5C6PzwufDM 1 1
EY-UUxRIsNQgQM 1 1
EZRH_QtEJ017YM 1 1
EZiq7r_P_jL7iM 1 1
E_XpPn2-BkuAPM 0 0
EhXuIFxh9hVXQM 0 0
En40vh107gzUuM 1 1
EpIo2XhKwAyDDM 1 1
Er-Ljuuh3eCucM 0 0
Eri8jis9rngqcM 1 1
EuFS53xSW9xmiM 0 0
EwdJtcHL1QxPdM 1 1
Ex0sRCEbBv0ZvM 1 1
Ez_lqQKAIHzVaM 1 1
F0_W4utk81LYmM 1 1
F1n-_RkPxCg1gM 1 1
F2s9Utwl6agetM 1 1
F4MNENNqLEHkuM 1 1
F6Q88G5YancueM 1 1
F7dmDjyk9M-40M 1 1
F85-xeBJiIkAyM 1 1
F8OizSvt7sdxJM 1 1
FE5j_wjs33GhLM 1 1
FEc2a1n_nLbmZM 1 1
FEn1juYXgqyEfM 1 1
FEytqdIlYEgKiM 1 1
FH_iVqO2WKYMOM 1 1
FUnFt1GXAgSCbM 1 1
FWU_9PyLbtK5yM 0 0
FYnO1Ig27d6_tM 1 1
FfUaPU2YTRUORM 1 1
FgjpLgsA64kerM 1 1
FkPNri_mWuiv4M 1 1
FkajDF00zeAknM 1 1
FljrNpt_9_2Q7M 1 1
Fm1ULsyMT2XAqM 1 1
FqH_ZDGe47465M 1 1
FqfmLDTOtOlxrM 1 1
FrN7CiHQ7ouj4M 1 1
FsivwgLSnlgkgM 0 0
FtGthvk2v8X8pM 1 1
FulZCPBPlmgoxM 1 1
FvaqwIRqDvM3rM 1 1
FwjLwb5m5w6EoM 1 1
FzCNTAvcyFtY-M 1 1
G8RL2fOMp6wFPM 1 1
G8wWuHheM0BHaM 0 0
G932eVtVAXu2iM 1 1
GAFkVv89qk0oJM 1 1
GBeLxcCc66-54M 1 1
GEW6Q-dVlW7RPM 1 1
GF9lCMahFAmu_M 1 1
GG38fAjaHufzLM 1 1
GK2kiPRmKgVjRM 1 1
GL6-P21ai_JBKM 1 1
GNbva-Aym-6NYM 1 1
GP2pp7FuhzSGAM 1 1
GPWheTl86iVr1M 0 0
GPgl0XCICGpEyM 1 1
GQUiVBb4bUhB4M 1 1
GRRZDmsXBcwvwM 1 1
GTFfGdPm18tDBM 1 1
GTkViWT5FkB_CM 1 1
GWUP9TeotrmWgM 1 1
GWorDrb2Rz7CrM 1 1
GXkhdO_sUQ2H7M 1 1
GY88wap0OEO2eM 1 1
GbFP6w97Ug4KLM 1 1
GcBSRUuT9xz2CM 0 0
GdDLHpzf8wC8EM 1 1
GftzfgICXD01uM 1 1
Gg3w2GwH6s9tHM 1 1
GgYU94J1CzyGuM 1 1
Gh2yZbzal62CDM 1 1
GimVfs7XyUmJyM 1 1
GoSxW_bVsvHu-M 1 1
Go_QTIE5Tf8HBM 1 1
GpuxhtjVjkr8gM 1 1
Gq1IXh4uLJVhSM 1 1
Gr9uIJhCwFkthM 1 1
GrBQLAwgc8s0dM 1 1
GwAMGiXUX_BsPM 1 1
Gz1P5Nd-9NZ2cM 1 1
H0rrBF9MrHwGfM 1 1
H2xO70dNuy2s4M 1 1
H3sTsv8M8aADZM 1 1
H7EA9OzLUcajSM 1 1
H99h31DA7lvBmM 1 1
HC0odgujhiS43M 1 1
HIRQiS83DbxvhM 1 1
HIhIRgOEbNs6kM 1 1
HLx_zsHbLbyOFM 1 1
HNgWfzb9ssyPlM 1 1
HV3gALD6hGTIwM 1 1
HYJaRE6gQpdK8M 1 1
HZ5I3noH3RLzVM 1 1
H_PflXORZfDXBM 1 1
H_mQ-xyfKGq69M 1 1
HcFbPx9vicPRUM 1 1
HflKZCnu4geddM 1 1
Hgaf9KKHvLyeyM 1 1
HgsgK8i_d7CALM 1 1
HiiRbk3N4JIjGM 1 1
HpIVGLLL8BdIVM 1 1
HqSwdJm1OwgNbM 1 1
HtTAUYdpA6JbTM 1 1
Hu40Ngf_rqyCiM 1 1
Hwkw1FhDKXBf7M 1 1
Hwq6wRZEvRwPkM 1 1
HxDBBfmtuyCdmM 1 1
HxsL7jWUeF9YPM 1 1
I-PfDHaw1eFevM 1 1
I-WwGDXjTlHpTM 1 1
I09GhV8cfBxHyM 1 1
I1luABe34YC6bM 1 1
I5IFlD4ud5VuvM 1 1
I5RckY0OYl6RVM 1 1
I5bl9taxUYJAUM 1 1
I6mIrHfT6KE1dM 1 1
IBBOVptmlRBhMM 1 1
IC9jaiUhaN0PuM 1 1
IDmT88GOubzK-M 1 1
IDqVqf6-GE9SYM 1 1
IFZ3xJwO9oY8GM 1 1
IHZepMGjGuGkkM 1 1
IIt1o-1QDtu3oM 1 1
INpgQ6KdIgXBAM 1 1
IRwWhIrKFROpQM 1 1
IWGwLu28_NaBJM 1 1
IWLd8uzvhiCXXM 0 0
IXzPrdNfO1oH1M 1 1
IZR63X6tH707WM 0 0
IZ_mhUYb5-Vn5M 0 0
IbJddWy98ADheM 1 1
IcyqiUbOSBeEnM 1 1
IoRw0z_HF_F7YM 1 1
IprV-klLO1iEcM 1 1
IqIchzL9YUBsmM 1 1
IssR-3U6mbHeuM 1 1
IugOK3UNvl_mkM 1 1
IwLRqgrpn4ZmxM 1 1
IwgjVu9qSAGmNM 1 1
IxYlQ7lCbZjTjM 1 1
J0K_yNbFFMhbhM 1 1
J3SVpPJQ9Pm1eM 1 1
J6WfVj06_nl6sM 0 0
JByoSm1zsKBQhM 1 1
JGtxu_faZOvH4M 1 1
JHmP3ZWtaiNVKM 1 1
JPzsYO_1cMpWoM 1 1
JR6GY6FJUKhTnM 1 1
JUBGpqRpH8XZSM 1 1
JVqri6fexaztoM 1 1
JXH0BbD6EypzpM 1 1
Jal3EzKUIkJDbM 1 1
Jge5eYVpBpcdgM 1 1
Jh5kMp5xu09mEM 1 1
JhJ2jM7F3R1CRM 1 1
JhgD6bM4oI43RM 1 1
JhrBk95SG4QjXM 1 1
JibIknwp0AJDnM 0 0
JktDfIorkDJ-LM 1 1
JlcsEcAV7nQlJM 1 1
JmmJH4YmBx0vTM 1 1
Jo5BJF60ajdSKM 1 1
JplaKH20ulG6VM 1 1
JqPKz8wMOOwZjM 1 1
Jsls150jhKdSmM 1 1
Jt6oE4U71Cje3M 1 1
JvmcWZRjoUCOgM 1 1
K-AQZ_BLFcjfBM 1 1
K0Yy39Vej7VCcM 1 1
K4CZqgx47zJQYM 1 1
K4VRnP1KZb_j7M 1 1
K8dUijMKRiwLaM 1 1
KAPOHgonUFm9YM 1 1
KE-W9GZfsP5pGM 1 1
KESz5QpIUPXAHM 1 1
KFx8HjTOexkalM 1 1
KI-j5hCFCgKQ7M 1 1
KRimD-9-PgpfYM 1 1
KVJYiuKvF2aFEM 1 1
KW7wXXcotk4ZVM 1 1
KXipRfpgrKnX9M 1 1
KXlXg2Ss0qPJ9M 1 1
KZX5dClqm5hjEM 1 1
KaOhd_5Z0xakmM 1 1
Kd2D-MnQoO3CGM 0 0
KgYQS8DVhk191M 1 1
KiqSJPMMiSPDIM 1 1
KkE_pYBvQKnUIM 1 1
KkY09EjfKyN8TM 1 1
KqhDZCmX05-SxM 1 1
KtIwpUioYisx9M 1 1
KxNAXhwnZoEQ6M 1 1
KybRNMgJu8eI3M 0 0
KzQBu0UguwvVpM 1 1
Kzd8toXrVsGFqM 1 1
L2D3TINun8LFgM 1 1
L3ffh5dh9BmSiM 1 1
L53yzp9w3xecNM 1 1
L6acoz0PSb_GtM 1 1
L861czP5nGo0LM 1 1
L8P0EOMYfHFFuM 1 1
LF4buu7KD4DXrM 1 1
LGWhlzTY3I1kpM 1 1
LGz2hb8THlp6oM 1 1
LJKEydyHhUrwlM 1 1
LKv_jI1ZGSNGXM 1 1
LMgwntoHH3TYJM 1 1
LU4B1jqzEakGgM 1 1
L_-w_ScyITeYBM 0 0
LdI6mzRNlju0PM 0 0
LfJ2w22TiEK_4M 1 1
LfoqxEUHW9sY4M 1 1
Li_-n-CopZmUgM 1 1
LjD32Ttz4qABOM 1 1
LlAqyP4OywkwnM 1 1
Llf0IHf2xlBq0M 1 1
LmwrIzasa8BZIM 1 1
LnT8huaIRMNxuM 1 1
LqxDedPq2UVmeM 0 0
LskeQhcLgluk2M 1 1
LuS-y88mjwTRDM 1 1
M2Hh8AaoMpjnoM 1 1
M84uPiLomg2kFM 1 1
MA2jzNgNRpgMVM 1 1
MCgE1c4Vgu15BM 1 1
MDUr09DDrGRmQM 1 1
MEvrEvaH-EbUmM 1 1
MHeBDmiIhZBdYM 1 1
MJJOD88vXCTslM 1 1
MNeOZJ7DCLcpxM 1 1
MOkCLHtQdN08SM 1 1
MSnfcb63yM6ZIM 1 1
MSuXiDC28XJmZM 1 1
MT6h7UbUh2VQYM 0 0
MUAnDyKLvl2LmM 1 1
MUInfILKHTeIwM 0 0
MVvIGgJz6_sRyM 1 1
MXeZhlhy2MgpSM 1 1
MZ-G1iTFskwgwM 1 1
MZT3Xn4AT-n2IM 1 1
MdZNLTuiOWx_NM 1 1
MgKYaWWwv2BxuM 1 1
Mhaw4pJHt1-m7M 1 1
MhvXCFS4FGykxM 1 1
Mjz_Eij-jhJqwM 0 0
Ml8lgOCOFgLgUM 1 1
MmqB-NE1ADBjlM 1 1
Mn2_DPjJDCt4kM 1 1
MoGjYsM8lCnH9M 1 1
Moh_vID20QIdwM 1 1
Mv_WYX16dNXsMM 1 1
Mx_zV1-y6VN3qM 1 1
N3W18PQ3wvK1QM 0 0
N3tN9qqFEmvDYM 0 0
N8TdYR6lMq7HrM 1 1
N8pzwWXXrIiMVM 1 1
NAiFIzzQd8b7PM 1 1
NB3N22oY8ehjNM 1 1
NBtAXgOpUQYn6M 1 1
NCX0cWbKPPebaM 1 1
NHYrLVYlI1ZrKM 0 0
NIjj0ZWouYf6dM 1 1
NJbCPY92TAM03M 1 1
NKBrY0rcUDNELM 1 1
NKQShfWGikpY7M 1 1
NOLdR9289dfAzM 1 1
NPBpcMjqj7Ib2M 1 1
NPqKNke__mUGFM 0 0
NTvJs6m05_GzzM 1 1
NTzzqn5KK96SAM 1 1
NXsAWOFbftiroM 1 1
Na4LrgVWVTdvYM 1 1
NaajvjW9REPm5M 1 1
Nc11Lto4AtqZAM 1 1
NcDsHkdIrQQykM 1 1
NfjI57glc6k3kM 1 1
NgBvoH5vNmkQpM 1 1
NgccyRRzUmtt1M 1 1
NiOFu0Pq0LchxM 1 1
NmXgcbIY9y-SIM 1 1
NoPrz76zo4zBcM 1 1
NoZC9uNi7wV5FM 1 1
NoodM1prWvoqKM 1 1
Npnlss_ljJ-RUM 1 1
NpobbIroZPDC7M 1 1
NpqWi7knJAg8PM 1 1
O0H_dxMGu1htaM 1 1
O41JyUs-K28TFM 1 1
OBL46NH56JP4kM 0 0
OCFTdZV9ziExCM 0 0
OCuoRnW0qHBMqM 1 1
OEqFA9inUbw1UM 0 0
OF6QIbBhSQ1QEM 1 1
OGUYxAWbv8Ob-M 0 0
OHv7vCSzNerTnM 1 1
OJsDj8OUFvPvcM 1 1
ORPYQZ8OXtghhM 1 1
OV2SQNaeOLhEOM 1 1
OZqrDslAqEXykM 1 1
OaACTZyDQEfmKM 1 1
Oc5mGoyJIfvzpM 1 1
Of6LkUi1cgqJ0M 1 1
OjB0cuBSAxmsCM 1 1
OkR1vus4zaNoYM 1 1
Ol4Tt0DJ3kK2YM 1 1
OlK90a3I64fAzM 1 1
OllWIFTovmWH9M 1 1
OmmHKuHROuRndM 1 1
Oo13bwjZ1iSSHM 1 1
OpwMb5nd21R1eM 1 1
OqIOxuUGKbL50M 0 0
OrcXT14-zi686M 1 1
OtFKzytmsVrrIM 0 0
OtMqW9WXXByYAM 1 1
OxC6JH82p0BYQM 1 1
P6UMfmWkpsLxvM 1 1
P7DX1hKV7jgVyM 0 0
PDxgihtJM111oM 1 1
PFWr7nC6-uYc5M 1 1
PHNlO2NgS3pwUM 1 1
PIUyTRBMcnxt-M 1 1
PN6ZGKA5IjwmwM 1 1
PNITVX3BAfFStM 1 1
PWa4L2GhJWnAgM 1 1
PWaI6HxEzuoGIM 1 1
PZ2P_P_eKIlkNM 1 1
PeVCblGpM74cnM 1 1
PeyDx3dBxXQNHM 1 1
PiBw2OvLok4GfM 1 1
PjAzmb22VO7l8M 0 0
PoXC9yvSQmuUyM 1 1
PsOW2XjpFHfFhM 1 1
Ptr4STvZ4nEeOM 0 0
PuOrP38poCpL3M 1 1
PvIAxg3H1JbmZM 1 1
Q01YWkPqLCR12M 1 1
Q0C4_-QQvYujJM 1 1
Q33xfXstjzJHHM 1 1
Q34vQ4vlnKx6dM 1 1
Q40ePe4BKTibiM 1 1
Q4MIlscLMFW9SM 1 1
Q5hpIDkHxhHUrM 0 0
Q7bmEU2ebc2E9M 1 1
QE1Fuen0xDopOM 0 0
QG77T2qCjzhfmM 1 1
QJCnuv-_hGyd-M 1 1
QK9xv7T8kJcUeM 1 1
QN4rPPg7sa0jdM 0 0
QSEqscpQ1Yh1SM 1 1
QUxwTTTGD80LCM 1 1
QYNyv-xxHNjClM 1 1
QgvJBOKgm9_zcM 1 1
QkezpWu0_hBlRM 1 1
Qn8W3mvH2avnzM 1 1
QncurR5t4ASTsM 0 0
QobeZz4w85NQQM 1 1
QooDYCoxwxKpyM 1 1
Qq3mlwaLYerCWM 1 1
Qrt-yBgWpdmAvM 1 1
QvIQMvaGA0GmBM 1 1
QvwJ5u1K1uxxvM 1 1
QwSgA_ywsl-s6M 0 0
R0wdW3cUcJtcmM 0 0
R2yU8Js2xt6PdM 0 0
R3d7j5h2f8faSM 1 1
R4oQj2IgONkM_M 1 1
RAHkE1RVn7Bq9M 1 1
RE5_OJjEE2ix2M 1 1
RH7J0xfBEI6L4M 1 1
RIzUXXkeZpaOWM 1 1
RNIbNltFfQR4pM 1 1
ROvhUroEfWRj2M 1 1
ROxj272AoCo7nM 1 1
RPIMxYLFhFlPqM 1 1
RTp4ED7irwCtyM 1 1
RY-j5hrEjTtwlM 1 1
Rhs-XKmWCqzafM 1 1
RjFlTUxNeUoXeM 1 1
Rm0eTr8EsgRUIM 0 0
Rn-9d2V4OmWlFM 1 1
Rn7QbPTBP1JcgM 1 1
RoUstXOVbe51SM 1 1
RpnoJf9pgM_QGM 1 1
RqWrpTCDN5vrGM 1 1
RsKIoz_Wa0-b-M 1 1
RwYYmZFM1YgaWM 0 0
S2HPFxKQ8YhmbM 1 1
S3E2poaep55d1M 1 1
S6-CnZxnxsOSlM 1 1
SAW_FqhgQjgcSM 0 0
SB7XdnYy_LMU6M 1 1
SBfMI2xzKqbD4M 1 1
SE2_YFodq_oHyM 1 1
SIHmh5Fb-j3EYM 1 1
SSHAaumRHQt80M 0 0
SSJKI28j6V2EfM 1 1
SXQmOO7JDqKOJM 0 0
SXtl1v2EwsUS7M 1 1
SZAZIuBDPE6NvM 1 1
S_e1kfWLKUgjpM 1 1
SairQMYj7rTLfM 1 1
SbXpHAlG1PR8GM 1 1
ScDFzktlibBP2M 1 1
SfSK5A8eFubb6M 1 1
ShKBWbk4Fm5lHM 1 1
SkGb0ghLK_zzJM 1 1
SnPnTQzv8T5R7M 1 1
SnYeJmmQPFIAkM 0 0
SrgzPX2N6zvuMM 1 1
SrjnkMi2b5gLBM 1 1
SuO7XfGdDH0NXM 1 1
SwK-JgBeuttOoM 1 1
SwgnxejcyEJNUM 1 1
SwkqYNsbpQIecM 0 0
Sy0mUA8E20e4PM 1 1
T-o07MjaLwWd2M 1 1
T2VkiqqvtAg0SM 1 1
T39rUP5ZYIO79M 1 1
T55PVUZSkMrXUM 1 1
T5oPX7Jo67sYFM 1 1
T5yn2PlglSSFAM 0 0
TEwzeD5poPngpM 1 1
TFpR_-oZNejDVM 1 1
TGLJKUmlTpKDfM 1 1
THGNNjqq8vgIFM 1 1
TJqj7HLdBzWbnM 1 1
TLUe_DIoT-YuhM 1 1
TL_SwM1PbRg_KM 1 1
TLdXsXA0tfXfxM 1 1
TOsoxsxS7IFF_M 1 1
TQim6EkZONCbKM 1 1
TQkjO01COzEZQM 1 1
TRv7wO4kkQDI_M 1 1
TVo-WD5WAw5PWM 1 1
TXUXjKtaMUHB4M 1 1
T_FUQHBa5VWPvM 1 1
Tibn5wcCAcWuBM 1 1
TiwAqveX6eFR8M 1 1
TleK_9aKXflO2M 1 1
Tmmn5kk2tX8UxM 1 1
Tn1RCDKbBykrxM 1 1
TpxrfeUjsEtxiM 1 1
TurgYYeEbHZEeM 1 1
Tv52U6kBjoAeLM 1 1
Tv8SAxCigEfNGM 1 1
Ty9fPHAME-9y8M 1 1
U-w3RfzKKpSz9M 1 1
U23fUBHPtXopiM 1 1
U5EuicfjFdGuKM 1 1
UALQUsTkjDHJhM 1 1
UD106qzMDBaFDM 1 1
UDZwf4TVvHAZ7M 1 1
UDz7XqMPjcCErM 1 1
UEfX3vlCqybU_M 1 1
UGJXS-5TbI6E9M 1 1
UKF2yR4SmPmhgM 1 1
UOFqvr2d09JVEM 1 1
UP1vXDPFFJIZ9M 1 1
UQqQ55B1gPvQYM 1 1
URV-buHdItftcM 0 0
URp7cOYHQ9eOuM 1 1
USqFNrCgK0FO_M 1 1
UTyenWB5oaIPeM 1 1
UWC2F7QXcJIi8M 1 1
U_NpYAzALPAboM 1 1
UdCezk9NdK31_M 1 1
UeGFExgM1tMbLM 1 1
UkGc88AwFT8avM 1 1
Umln5kfM1uWlpM 0 0
UoHoNqW0ZCJ6IM 1 1
UrcXICZ0y42pbM 1 1
UsnidCQGJSiwkM 1 1
UtTReLJwg-6zMM 1 1
UvxVNtXc_KgvvM 1 1
Ux-o-XE04vNpIM 1 1
UyQSvKb8AX3nGM 1 1
V-EDlM0yWZjB3M 1 1
V0hwZLDLWEbOoM 1 1
V2KMfH8XiK4tpM 1 1
V2vjjK3lmLaAtM 1 1
V4vEJAFjlpwFUM 1 1
V5ChDl6f6kJDQM 1 1
V6ZEand15SqAkM 1 1
V8ZwWBp5UG1siM 1 1
VAVohrht2excAM 1 1
VAf0Ql17DkvydM 1 1
VBHhCILNLvYYIM 1 1
VDW1x6XrcuY3_M 1 1
VGNitxnGEsM80M 1 1
VISeff-Y6endiM 1 1
VIYuHE_TJQcRTM 1 1
VP4bqLHeFU_qxM 1 1
VPLVicrX1xidtM 1 1
VSkwh5fcPyPMUM 1 1
VUJRFXcEn7Lt4M 1 1
V_-_qS69f4i4YM 1 1
V_X6rjdWhoIdjM 1 1
VagPs0nrZFp2qM 1 1
VarQWMA7ZpMiWM 1 1
VkrsVM-zGz1vkM 1 1
VlPC5UfoXCOOfM 1 1
VomfHhkPJaz0NM 1 1
Vos1ZRcVGepsEM 1 1
Vp8bg1pgh2uRFM 1 1
VrqiK1wei_UieM 1 1
VwhkHan6-UFirM 1 1
W-Wo-TrKanKipM 1 1
W-hLhZCu1-xWLM 1 1
W1SkmOB4lB2KqM 1 1
W3mrSzECLbztjM 1 1
W6IoKPgEHTyXsM 0 0
W6V0TD8mmXmItM 0 0
W6qKPK1lpKzZXM 1 1
W8qzPoURKOdEAM 1 1
W9Q2DadN5TIupM 1 1
WA0-8o51FaH8KM 1 1
WC4410XSIJMEuM 1 1
WE62-zvoPJPozM 1 1
WFtTMUumHsRfCM 1 1
WFxNmeUhZjKX1M 1 1
WHl4_iGbt263cM 1 1
WQBXDOEkuCJWCM 1 1
WQM3DRPlOmRGjM 1 1
WSMfkidSSQwp7M 1 1
WSdwuqhISx3LyM 1 1
WVZ63GYG3o-aAM 1 1
WVr3n9ILxQ64wM 1 1
WWkHvMPgudQl4M 1 1
W_JhGjn6KDEqIM 0 0
Wcke9i0UtbDemM 1 1
Wd-KgPK_63TLlM 1 1
WetLZ-M3umJK2M 1 1
Wg5cc6QsbxnMSM 1 1
Wh8LmkFP7pb_XM 1 1
Wi8tAy5u8CmoaM 1 1
WiDqrXQQnDBZrM 1 1
Wjka7smy5RJtdM 1 1
WmK0JUqXVbjwaM 1 1
WnmC-VgcMOuxdM 1 1
WoGP2NqELa4jcM 1 1
WogHa4hHxD0QmM 1 1
WyeORe6JiG-yhM 1 1
WygR84dfvFpw3M 1 1
WziO4XzKygtiGM 1 1
X0GTX78Rk0rhRM 1 1
X0JUuDzFXLJqjM 1 1
X1uGEI075M2xvM 1 1
X4EnalRga31G9M 1 1
X50HGkGJ5tn-1M 1 1
X8V5JbKi-tJvkM 1 1
XAzAAiNULFCSCM 1 1
XD6VVW8Cyt9ttM 0 0
XK3YrX1iTUi1KM 1 1
XMLJycPmMyNkzM 1 1
XN3J_kUg_kkvSM 1 1
XOFUHPGEOCnAUM 1 1
XQ7ImR9D0BFbxM 1 1
XQbV8lhX1pQHNM 1 1
XV6mtAuhqQRYTM 1 1
XWvpj2VgRSmVrM 1 1
XXp_pbJueZDoIM 0 0
X_2oVYtQKOtVEM 1 1
X_CMQa-BONFF4M 1 1
XbmCI2chhpk_IM 1 1
Xg-Xs5Mmo774JM 0 0
Xg5Y3qJ132h6zM 1 1
Xg7TQCa7Viz82M 1 1
XguGNZeyY-EtbM 1 1
XhYOGXrm8CfbzM 1 1
XipQDP03p6dVtM 0 0
XjVoL7GHgk4E0M 1 1
Xjb6BnykJhT_gM 1 1
XjuFULHa8GSb1M 1 1
Xk-kKJXlIx5NnM 1 1
Xm_T0xrR-AZuaM 1 1
Xnplv_oCjexNKM 1 1
XoCCBy9_vsZMPM 1 1
Xq0sNIW2GMvu5M 1 1
Xwh21cQb1L44eM 1 1
Xy6cDrOkRA01iM 1 1
Y4j9A4A5Jyo4mM 1 1
Y7JfmuwIEpvDuM 1 1
YB7DfzZWyuZe0M 1 1
YCDKp9oeYScQvM 1 1
YDY5WRsEevE5mM 1 1
YI0WeN9v5CRMvM 1 1
YKnjvqfyC6EuRM 1 1
YURbg4xSk4IkFM 1 1
YXi5jbeGA8xtvM 1 1
Y_kuLb2qguRzmM 1 1
YbYOu4bTIvHKLM 1 1
YgFycBtCiRiDKM 0 0
Ygcgdez9YhnNlM 1 1
YkoA5slLVAL-5M 0 0
YvdyWusFEqPoCM 1 1
Yw87AFaYvqexMM 1 1
Yy0DedRjqk4feM 1 1
Z-DaWKApOYMlEM 1 1
Z1ivUidFLHXCOM 1 1
Z1y9pPQsClElhM 1 1
Z4534uyHKoXXbM 1 1
Z5NxnU7zOCdh2M 1 1
Z6qONW07aynujM 1 1
ZCT0g0ZW1bwCTM 1 1
ZCxYB9PNO-nVDM 1 1
ZEVN-2SoVggaHM 1 1
ZF6oimPyIXyPWM 1 1
ZHbaWmO7nNNARM 1 1
ZJEvHZitec2r7M 1 1
ZLwCojR-ujLpUM 1 1
ZMjQWXwBWUGQ0M 1 1
ZNZDRNJhGcjtOM 1 1
ZNwio9qu4B99zM 1 1
ZReHu8zaJycIUM 1 1
ZUCCNdkR8srNrM 1 1
ZV5LzxtEPmsKvM 1 1
ZXJj9nsGTSgxqM 1 1
Zdvfh39b6FEsVM 1 1
Zee-jkj9iNYaQM 0 0
ZfD_OdB5C4RANM 1 1
Zj9uEeO6vLhWLM 1 1
Zjfz6l9hAp_JIM 1 1
Zji3YNDgxQ7FtM 1 1
ZkOMJfWqJ2E5rM 1 1
ZkbBGsxzm8vx5M 1 1
Zme-jeM1rKOWfM 1 1
Zq1IAerbb5Cq5M 1 1
ZqEsWU4YX21ajM 1 1
ZsTl3oJ0OUQ5KM 1 1
Zwc_Dg2bwviWaM 1 1
ZxKO7RUihZF4TM 0 0
Zx_OQ9hhK9db6M 1 1
ZxvUzAtehvA_eM 1 1
ZzlZnFFK7seAKM 1 1
_15-RdRbRzgTeM 1 1
_4hZMDHBxVJTKM 1 1
_776DqW5uM0ZxM 1 1
_7LQuCGudoN5JM 1 1
_8BoSrnwQBZvbM 1 1
_FaiRnorCWwsVM 1 1
_HYKHyfDfjGumM 0 0
_IhmGpZMd5d6SM 1 1
_JJsStKAEBlTQM 1 1
_JlO8aHKdDhmmM 1 1
_L8OGZ0iSRInlM 1 1
_M0pmNDM5BjggM 0 0
_PDnPT_qqxeOMM 1 1
_QyCpTC81CGaNM 1 1
_WGwcCr1nZT7cM 1 1
_YZ4geXH-yea5M 1 1
__5FbXl_z6gNRM 0 0
_dHDxjedr36n9M 1 1
_eunaux24hJV5M 1 1
_hVTPPt_Vx4ASM 1 1
_iQ9skp9TZ_FdM 1 1
_po0LIw9Nd9yVM 1 1
_usiCXg1TNbpAM 1 1
_xAviIAE_BytgM 0 0
_zh7h2vS834dEM 1 1
a2pEqNsQ84EGUM 1 1
a7isO84DR7pPOM 1 1
a8Pf32oRNefq6M 1 1
a8lR4wG7styITM 1 1
aC7bLugGQowYiM 1 1
aESSgnZYbjPjrM 1 1
aEeYEpcy-BOedM 0 0
aElw5mWjsWjNZM 1 1
aF0Tuy7GBF9QfM 1 1
aJV-79XHBY3HMM 1 1
aJmh2883SW9OGM 1 1
aLRKHkWgTCgqIM 1 1
aLwHC9fp5adc-M 1 1
aPc44Xpqb7hExM 1 1
aT4pJ1x1wWzcAM 1 1
aTL8-ke0DY_e8M 1 1
aTbZ4nmXsGZ4JM 1 1
aUC6Kpt2VBMdDM 1 1
aXPntGot0XA0mM 1 1
abEKCo_RAcHsqM 1 1
afzgW9hxxnqWrM 1 1
ajW438rAiB2RNM 1 1
ajW5b_jHmvSwaM 1 1
aphXPLGgRVPIVM 1 1
axxA_-rwH2PfcM 0 0
aynaWVIjgwhhWM 1 1
b0x_nzKlsneRAM 1 1
b3tKNTi19JroYM 1 1
b5Nm3wzEgDGEuM 1 1
b6xxna5YEyyiRM 1 1
b9qfDBOeVlC0GM 1 1
bCqRH2EAXc7A-M 1 1
bI50ukd71FmKFM 1 1
bISeh1HefLHebM 1 1
bJ3VyfUrUlIfLM 1 1
bLV3euJgZXOd3M 1 1
bO1X40p0Kv1ahM 1 1
bQSMDCGxY5eiLM 1 1
bQZmsQuQEMcR4M 1 1
bRq0ahmI_1E-qM 1 1
bVCNuyT5xtcDxM 1 1
bXBJLTlvn4CDsM 1 1
bYgKmtdsD5C-7M 1 1
b_Y35TRirUrAOM 1 1
bb7WVF3iA7DkuM 1 1
bbO_rvC3WS96hM 0 0
begcIyswoV_6pM 1 1
bfHpH6zzcqJbvM 1 1
bhkUHeJXOoyj3M 1 1
bsRNxUnJFFR_nM 0 0
bvW88cbWacR8FM 1 1
bzEdDZuAhgNuvM 1 1
c0CWrUZLV3v13M 1 1
c7EIE2WesQuuNM 0 0
c8V47GL0LA1E0M 1 1
c9cTeU4H3F_z9M 1 1
cALffDwm9lBkCM 0 0
cE3dWMi-ERN1uM 1 1
cH3pjQNar7U0HM 1 1
cK29W4SnTJgEyM 1 1
cLtQm8hH9PEdlM 1 1
cPer5pD91a6fQM 1 1
cRx4PBQp7p_ylM 1 1
cSYaZmZVVQVZEM 1 1
cUzZfof2J4cJQM 1 1
cVIE94bATOm-jM 1 1
c_uckngZ51dxJM 1 1
cb_Ju1FUMk3aHM 1 1
cd_o_CBni4gzzM 1 1
chYDgPn2EoKb4M 1 1
ch_ljI8Q2PrBeM 1 1
cjvtVQivbj_4_M 1 1
crDj0bedQcFmPM 1 1
crmDzc1kUbVspM 0 0
cs8slwBrBhVZJM 1 1
ctBCiTteHtgU3M 1 1
ctePMMncGH8tRM 1 1
cz3khFicBGDKRM 1 1
d3NaHClfWDJdAM 1 1
d45JJhYq_Y7UDM 1 1
d4dcbuondMK0DM 1 1
d7qhd9EH5XHjuM 1 1
d8-_uYCS--2yCM 1 1
d9psAG0cdQcCwM 1 1
dCr6h4Pr94T7wM 1 1
dGPYqTXvuHYgUM 1 1
dH7F--UFhU_QzM 1 1
dIZp02ikKjleyM 1 1
dIp53JKpOgCk_M 1 1
dJF2d3hWGARjtM 1 1
dLB0DFenDrZYrM 1 1
dM4dQrAQkH9I4M 1 1
dMR-tLaCl7gqSM 1 1
dONy57cte4jLoM 1 1
dP0Oau8dx0NTyM 1 1
dTfY9kwKJvbGPM 1 1
dTiVLlYobMvb9M 1 1
dWuXzs_x1hH6RM 1 1
daVw-TVjm16qYM 1 1
dimV5xdjWB-tsM 1 1
dmyp_tBa0Tvf8M 1 1
dnvyp6gDI7EObM 0 0
dujDsAwumY4h-M 0 0
dvsor2kZXyxpYM 1 1
dwTwiRzkQsLYqM 1 1
e0K0L4FbGahWnM 1 1
e2iFTyCH51k4-M 1 1
e8ljDzMxWspwPM 1 1
e9Kxwv6DVt1jTM 1 1
e9binAfIDLyTPM 1 1
eCFYQ5NRHlSsZM 1 1
eG6QGBw59rsD9M 1 1
eJsuPp4TySMAlM 1 1
eP9Setk46zYZiM 1 1
eWnGWn2vCkbJ2M 1 1
eYKFgyfxBMHeMM 1 1
eaRCsdPjifhgDM 1 1
easnW1TAnA-XPM 0 0
efLSUB1jzV56nM 1 1
eiGTGtoSYORSzM 1 1
ejBhvwK2vQGlOM 1 1
emZT8eyFG4bflM 1 1
ensXnAHibXAAdM 1 1
enywsHIpXrXnUM 1 1
eoPbd70wtC6p6M 1 1
ep72fjTLnggnIM 1 1
eqoU1iRNE_NYwM 0 0
eqr0KUwf6E8r0M 1 1
euW59IEw5tml-M 1 1
eubveOnonVHgJM 1 1
eweFV6PJK2R3_M 1 1
ewqGZiOw6TY26M 1 1
eyaNm5tElX35hM 1 1
ezBbHsG-Gsn6WM 1 1
ezzeJTCrdcjheM 1 1
f0uzmFA3OnmnnM 1 1
f1ZWE8LbxysttM 1 1
f1c75wStItRjyM 1 1
f2x9aJs1jSYVFM 1 1
f3k6kfQgQr3ydM 1 1
f7ex75OadCgo6M 1 1
fDtg1YU2h2cfvM 0 0
fECJVIJGuonM2M 1 1
fEku-t_EH3yTCM 1 1
fEqI-YrGGvhljM 1 1
fH38QTR8lTAgcM 1 1
fIBluB9XFbIS3M 0 0
fJQ0Y1CUmYSA5M 1 1
fLYLIDzgi6fB0M 1 1
fMUMB0i9tV2MIM 1 1
fPuiJbSB4l2JAM 1 1
fS5yQ-cgJlrPFM 1 1
fSmI_4awoU3TKM 0 0
fW06iptUTHyRzM 1 1
fWlkYgB-6CrwXM 1 1
faPlO0ur1-4F3M 1 1
fcRFKlc3oW7PtM 1 1
feB4sOlAMXjcaM 1 1
febhoQ-KS-XZKM 1 1
fhES01JXoCefsM 1 1
fhKc-jTdfNKr5M 1 1
flajpMm0HfEItM 1 1
fntkFRNelbqdiM 1 1
fp7ShCaUCaiCJM 1 1
fsI4y00b9zH9IM 1 1
fxNJJwYXHhgvOM 1 1
fyICGrKrp0Rp1M 1 1
g4N2JJ6DOoNQpM 1 1
g5wvz9CnpajYXM 1 1
g75qIjwhJ1Dz7M 1 1
g8sgCtUcFshhFM 1 1
gBMZPPJbaDkCTM 1 1
gBU2NAkZcpjMoM 0 0
gCNCy81l2eDXbM 1 1
gHXmxDEVT9wZeM 1 1
gMccbbdF6fPDHM 1 1
gOxS3fse5HrMVM 1 1
gTZyPN8ffAhRHM 1 1
gZT5JuVf8S1twM 1 1
ga76oS0hx0KQbM 1 1
gdMb9WDWjaV2VM 1 1
gfwBdA7bw4pM2M 1 1
gh9zrKbPX3QJCM 1 1
ghHIEenivqkcSM 1 1
giankEtlujHV4M 1 1
gikvLGYaJHruZM 1 1
gnIeDOIDgnf9CM 1 1
go7NTw04ybKKSM 1 1
gp0Kbsmadbs10M 1 1
gsYmHzxqIJG5IM 1 1
gsx1O6rDKUp1fM 1 1
guFzKK_zhFLbaM 1 1
gwTRCOfjQFL0vM 1 1
gxF7bK8lUukEsM 1 1
gxiv0LJs_h5huM 1 1
h2MLLykQAJ6kwM 1 1
h5ZsbQDpyd8jzM 1 1
h6C50lIU4jiPXM 1 1
h9PUJtdOcAH1uM 1 1
hEbf-m2WrauagM 1 1
hFTcgLl9cTKRmM 0 0
hGDtENUP2RZkaM 1 1
hGpsAMIiwqrp4M 0 0
hHMeBeI1PIlFyM 1 1
hI0TlKHzUMxnJM 1 1
hIbF1UiCavpiKM 1 1
hIsjvCp793R7OM 1 1
hPy4wO9PIzbxRM 1 1
hR8yKu72ptX-FM 1 1
hRqJFwb5PnY1gM 1 1
hSF7beCvtVeqtM 1 1
hVdkC3v3jkMV6M 1 1
hW_Fmu-Z9ChaRM 1 1
hWw6aa0DeMxryM 1 1
haIW8-I_GKpoxM 1 1
hcY8R-aOHe9D4M 1 1
hdI8XZnKD-AupM 1 1
hfMXZ8v72syCoM 1 1
hfsrAxh_Clm93M 1 1
hhQ5IVYPZ7uPgM 0 0
hj_CujdDE0VhgM 1 1
hmAJH3Lrr4xTGM 1 1
hnAFTTCW29FpeM 1 1
hnk73IJ-pNmaAM 1 1
hqGtOEYZd-EbYM 1 1
hr6-XCbncvZt8M 1 1
hrtyAFwP3DF1hM 1 1
hvxiUE6dmYkyuM 1 1
hxyiU9J4oD5WCM 1 1
hyTiJfCAd0XjxM 1 1
i-oK4CSDZ6PDKM 1 1
i3cY3HFSLUbOvM 1 1
iAx5ajP7re1ucM 0 0
iDkUQqhzz9L62M 1 1
iIm6SJkcDx6lwM 1 1
iJwHPnuG3NUp8M 1 1
iKRMeM95pvmsXM 1 1
iKVJQKN8rHHP6M 1 1
iMtiZjCe6XkySM 1 1
iN95C5sFfj8V7M 1 1
iOjGASfWzhSmKM 1 1
iQ2uZ1Ta3xStpM 0 0
iQL2NCe_77u2MM 1 1
iQk8WdQxR9YntM 1 1
iRXhHTg714mGuM 1 1
iSkpwxuhx3R9PM 0 0
iUBt0DCEOb3sqM 1 1
iWgR73RryIMlbM 1 1
iXFCQnQDMuOM0M 1 1
iaSo9G7jOa93HM 1 1
ih_veQn_UCI9uM 1 1
ijeGQNhZpZlwtM 1 1
ilF-_Ys2i0z11M 1 1
ipm-0PPTAETG3M 1 1
iqeKm-p9Di_lbM 1 1
iqy17mb5NINsOM 1 1
iu_hrf70D2Ob1M 1 1
iuxkUX-48WxhaM 1 1
iwh7GX0Stv46_M 1 1
iwzwyOqmHwuPaM 1 1
izoMvVgQ4FQ-wM 1 1
j1PsxbGWP0zsTM 1 1
j7AYm3-CydEgeM 1 1
j7zZNYuReN-kxM 1 1
jFlCvt5biC6ZkM 1 1
jHwhH0X5IKDJOM 0 0
jIxZX4CNMcJlnM 1 1
jKSJZ3ebBOx3tM 1 1
jL24T-zuvQ1kEM 1 1
jOHgt3r0F5sAOM 1 1
jRj-fudV4K51nM 1 1
jTK6PcD0bxOZ6M 1 1
jYfnxhKEFTps_M 0 0
j_eKtPWevqhPdM 1 1
jg-U6pE-m2cRvM 1 1
jkTda4FTBxHUbM 1 1
jo5QyJPWZcwpXM 1 1
jq4wwedx7eC1_M 1 1
jqEdQtOLfEc9LM 1 1
jqRnHmb89bl7_M 1 1
k1bELFc-ag5rSM 1 1
k3UJABJCLJGlpM 1 1
k4WjyzMtlDqWWM 1 1
k8NBdV65mvAX_M 1 1
kAq3ylnf-3mEZM 1 1
kBopu-KJ9sis4M 1 1
kCec6khztsvzdM 1 1
kFenNVOaNXxQhM 1 1
kHMZ9_t4FVNmrM 1 1
kLZHzmpXZzbbGM 0 0
kRKXcIFb8yJ1GM 1 1
kRafjA8OI3wj6M 1 1
kTadMhwDENIB1M 1 1
kXg840ozHlf4_M 0 0
kY4wfHs2SwuQzM 1 1
kaRj0NQ7eRNeXM 1 1
kgBr9S3g9wYiEM 1 1
klKrqrHtPau0vM 1 1
ktW6ZMtWnEJ-pM 1 1
kzg5AN7oSxc-xM 1 1
l0woxtIavZHRAM 1 1
l1LZoBq0xtuTnM 1 1
l1nr127DsVyiEM 1 1
l4KtSGgLKoR5RM 1 1
l6EE4j_cQH7t4M 0 0
l7XiXn0fGPMRBM 1 1
l8EGhoGnVxZG9M 1 1
l8gmX-w0T5UTNM 1 1
lB2vaP5CJuDi1M 1 1
lCxR9tU35eL0DM 1 1
lDBSNZR0c5cg5M 0 0
lFdPIhaqqUxlkM 1 1
lG8fxHi-nl9sSM 1 1
lJu21-siNzn_VM 1 1
lNelMirjTMhWzM 1 1
lO_iz99i5RdNVM 1 1
lPYeIt66PP9pkM 1 1
lRJuTQ0f6dcelM 1 1
lUMiWYoEYOdc-M 1 1
lUUq6LAVvY-zNM 1 1
lVuVziM2Huw8TM 1 1
lW4ZJ3gS9hcDTM 1 1
lX1r4ktQTEX4iM 1 1
lXhM14IzZYg_FM 0 0
lYotQwk_0E1guM 1 1
l_ykjcd0DcD4xM 1 1
laAt3bZgrR6iAM 1 1
le3YR1wLc4tjKM 1 1
leQpODtn0xtVoM 1 1
lfDI0AU76RqwAM 1 1
li6nRmNpMWdiZM 1 1
liZypXIrXj3JlM 1 1
lkJRdl7CuyEj1M 1 1
ll0DszKa12RxEM 0 0
lnNSDauAcnQciM 0 0
lokQh4uPrrqiOM 1 1
lpYvbAWa1MBpoM 1 1
ltWvrjy7VIRQRM 1 1
lws8P2V0ZBqrWM 0 0
m00ak7tnOSsCkM 1 1
m0lyt7oj75C9TM 1 1
m109h-sT8EC8iM 1 1
m1RLPcPuW1hJ3M 1 1
m74_hqy-G_ASdM 1 1
m7ccV2rK_swS5M 1 1
m9gkFBsCnYk4RM 1 1
mBu62HW0zM2auM 1 1
mDspPYRXIlAWAM 1 1
mG2k4tBO5RkI2M 1 1
mLjlPgF3g7P-QM 1 1
mNLmba6TU_mC1M 1 1
mPJ857uA5RO7hM 0 0
mQM07m9QxwcEuM 1 1
mTSJmTIQdVlW5M 1 1
mTck-Uye6jMaYM 1 1
mVOygLxmQEfW8M 1 1
mVSp6bwyZJPpHM 1 1
mc_ew1d6MX4gCM 1 1
mdW8Q1Fp3MmpNM 1 1
mhqU_OhxvnpZ7M 1 1
mhyBJ_7AycwtNM 1 1
mjb4hX4Hf0Ri8M 1 1
mlLjmFo3N6oVVM 0 0
mmqI6LXSubAf4M 1 1
mrX0FfZt_q1nYM 1 1
mtqzAC0Bvy269M 1 1
mtxOWZ7o3aqWxM 1 1
mv18-MbrW416YM 1 1
mv5t27PpnfbYOM 1 1
mvgysp2c4FPUhM 1 1
mw-plrNz0-lTAM 1 1
myZ61Fxi0u9ufM 1 1
n2nNYQhkXisFRM 1 1
n79U3Xb1EhOuhM 1 1
n7jprSY5muPLzM 1 1
nCAaJWCzDrPpBM 1 1
nCaCHl9aBZhF-M 1 1
nFPfS9KEkAwAkM 1 1
nG4ko32o4qsmzM 1 1
nISxaSJh8Zb_GM 0 0
nJ6h2bf-GZ2SJM 1 1
nL-lsXHe4J2pTM 1 1
nPP_wcm1sqMZJM 1 1
nPnoY5MhsSdXnM 1 1
nRX3HMXWmBQ2yM 1 1
nSDWZYPvBAvNoM 1 1
nSaYjs-0FibdOM 1 1
nVlzkWeJpFAsEM 0 0
nVyH4zWJ0F7-aM 0 0
nZJSeUNuSejEbM 1 1
n_3KAlto8w_8mM 1 1
naKsrZelUwH0qM 1 1
nbLWcFsoI1sysM 1 1
ndSmrQO4IYUYRM 1 1
nfEZasSl0BORLM 1 1
nfNvpzxRCpbFkM 1 1
nm9sqCVzKyf9kM 1 1
nqX5jN0OP1GEdM 1 1
nrPQL57VmdtIkM 0 0
ntAJw9XNIBdjyM 1 1
nwJomMiU8KbOqM 1 1
nyTz_cv2F--xwM 1 1
o60UyZQEiMCqoM 1 1
o7YkuKWpmzq4nM 1 1
o7lRn81TgMu-vM 1 1
o95pBvzrsj6FDM 1 1
oBgEv-g74Hyt4M 1 1
oEZXVUIG8jZGIM 1 1
oHsfr3E-QheN_M 1 1
oIIK1RhyKQSaIM 1 1
oLsYOWnfn_xPoM 1 1
oMAbGNXhu_3UxM 1 1
oNESDmr0kSpIAM 1 1
oPvTEkEjHnMtuM 1 1
oStuW7Wziinx6M 1 1
oTEFEY6h4XrK-M 0 0
oWVWpElz85VMJM 1 1
oWgkW1Xgf3KuoM 0 0
oXSSEy83mNOFgM 1 1
oXas9uZznxl16M 1 1
obmYXEPQEXJqRM 1 1
oeMrtkV8nqhQgM 1 1
oea2xb_LMsGbKM 1 1
ogS4MqdttcYJnM 1 1
ohfFg1NGLugbOM 1 1
oi_IHDGwqNnyWM 1 1
ojFwpvJfuQWYzM 1 1
ojnjsq3FUty_kM 1 1
onwTH3cBbxGocM 1 1
ouiWETXw6r3qtM 1 1
oznOJhTmPRhF4M 1 1
p3Kh7vhwkh1t8M 1 1
p4TlOMlRHAyW4M 1 1
p8CP65EZlhMuIM 1 1
p9I5j2csqTtRSM 1 1
pAkAdjg58ENtBM 1 1
pApZ6rDy-_q36M 1 1
pBvC0TgJn_LAMM 1 1
pGrqGLc-Bm3-IM 1 1
pQ_PUmQKrrih7M 1 1
pQxJEzvauKtubM 1 1
pT1bWxnPk2R1zM 1 1
pYg66xkljk8JCM 1 1
pYjn0a1SZB2KFM 1 1
p__Y9GGm3XHC3M 1 1
p_fmnnQcVktiPM 1 1
pcnxNxIj0HmXpM 1 1
pdLnseSXGRS-4M 1 1
pdPyovu1EMS9AM 1 1
pfHYvQwPLzhfeM 1 1
piDuTS2Y7aSJUM 1 1
pjrQQc8A50RfPM 1 1
pjvU_BinRWIuAM 1 1
pl7JfTmbVA0DtM 1 1
pluvW7LoBHG-mM 1 1
pm5mnn8ouWgHsM 1 1
pofdM3OJcTB4DM 1 1
psg0I6SwaQ9eVM 1 1
ptS6R3PsPCdSWM 1 1
pwQTMsb0zLu_eM 0 0
px-N7AOa2w7zZM 1 1
pxiMfD9cbiR7HM 1 1
pyy70okMS83fPM 1 1
pzg22X9t4oQNCM 0 0
pzhBJKg8m2_UTM 1 1
q1M6VkWLB0rSxM 0 0
q7YDUykmYBDg0M 1 1
q86pIJUXUy3F1M 1 1
q8JHOLGj_XqhIM 1 1
qBK1WpSq4-JrAM 1 1
qBzfY8SK_rpMTM 0 0
qG8jb6YSj1-jTM 1 1
qIHjsFgFdDFmBM 0 0
qLzgesCfvqw39M 1 1
qM84vuJrzKC_uM 1 1
qO0Rf31hNg_z_M 1 1
qOawWHOk0hq4AM 1 1
qP5mj4AFdfU6gM 1 1
qTKl33p5z2y4-M 1 1
qUIIgBZeZ4LRHM 1 1
qdi48kDHr0H_rM 0 0
qeZo10xxJt6qnM 0 0
qi-Mb9wt1tottM 1 1
qmDmcUKrxJ_LJM 1 1
qmK3U1hDgYLF8M 1 1
qnAnI45ZaNpq0M 1 1
qsNZfYA7YPQScM 0 0
quNMhe4HTPRFlM 1 1
quVSBT3y0lwWTM 1 1
r07iSxC7cEIs_M 0 0
r6ygc8oDF9PTDM 1 1
r71vslne1E1MnM 1 1
r9gQSZfQKNoBmM 1 1
rBHmuh3oQpIU0M 1 1
rC8Novk46iSzkM 1 1
rDggIK0sgOSg0M 1 1
rJua9V_EbqwGBM 1 1
rMZQSej7nv2LiM 1 1
rNhWBZfSCLlktM 1 1
rSzyH6Rg_7YF5M 0 0
rTAh2AcUdF3-oM 1 1
rVIfeeu-KEBw1M 1 1
rXpqNrpnRBw4NM 1 1
rcFH1sFdr0eFDM 1 1
rcrtyal-A1nrJM 0 0
rg7gFZq_Yp23OM 1 1
rhaUYIccI96ftM 1 1
rkEADV8ggtRyuM 1 1
rkrOclN5i-C5oM 1 1
rmn4Hj0NIXBLCM 1 1
roILtoQUHHo8WM 1 1
rongfXWfc4VJ7M 1 1
rqxxCZJqSvMGPM 1 1
rt6v0s2RZy2qsM 1 1
rwt9sqq1PD5FMM 1 1
rx-CcB3Z03LixM 1 1
rxOPZcUBlRRxYM 1 1
ryB1V4GZPU9noM 1 1
ryjfo3NxG0IZuM 1 1
rzkwJLGmeadWHM 1 1
s11DYkeidBPCjM 0 0
s2NC6emqV0JOYM 1 1
s76_A0x7-226qM 1 1
sApTE98gRkN7eM 1 1
sDgS-zHK52l1YM 1 1
sE2wgdLUlgFFGM 1 1
sEFr4WCdHTinBM 1 1
sEVBVMIw2qzojM 1 1
sGmAwnw9q3vm7M 1 1
sIjBJF9PueqWCM 1 1
sPS8qGbzNExf4M 1 1
sQCiOdT3U36VsM 1 1
sRfDDfcb3zVbNM 1 1
sSOyM17cWaQFaM 1 1
sWRcMp7l_uqMWM 1 1
sWaEBAYb5eTXnM 0 0
s_kmXa8WZupdWM 1 1
sckgFFRpW-2fWM 1 1
sdMYjmkCvo9_0M 1 1
se12KKgasdnfBM 1 1
sfizZiAAtQ2WkM 1 1
siA5_Zu_ow-ybM 1 1
sqrqVh_EU_UVzM 1 1
ssVfwy-c30cc3M 1 1
sx3Y3lfNF7YquM 1 1
sycphKP5md2hhM 1 1
t-2QImJyyzOPjM 1 1
t-_HgOgayedQkM 1 1
t1AYk57oLHocUM 1 1
t1uglC_5eiBDFM 1 1
t2InV_vZD69lQM 1 1
t3Itgz7spdYAyM 1 1
t6mA8XksHXFSBM 1 1
t8JpBkUVOp-gTM 1 1
tBWn5N59SSOFrM 1 1
tBi_W8oFIZrh3M 1 1
tCrt_HwdC9wvFM 1 1
tETbjeUacYf6VM 1 1
tFZSHHHv5v1wWM 1 1
tGLBD7P7TJ-LCM 1 1
tIv4-qYNViG9XM 0 0
tJ8aEqG_crB8gM 1 1
tMYKi8ziiM37YM 1 1
tPajMHTpOFtadM 1 1
tQjH-_TXaKHvhM 1 1
tRd7hY4rrnPvyM 1 1
tUcJ5MS5fKMFuM 1 1
tWLKQIujXiCroM 1 1
tXvfq-UCYCnu-M 1 1
tYc7BKQBrDKHsM 1 1
tYcan8tAn0_6FM 1 1
tZBi0fnE_PXTcM 1 1
tZMROjLAa3T8HM 1 1
tam8oyf2-WrWlM 1 1
tct2l85gzEPAfM 1 1
tdNM9DfShK5LWM 0 0
tiSl8moI9wGP3M 1 1
tiuP6TH9cJ55oM 1 1
tnYABC7DLT20jM 1 1
to_nBBAKXZQdFM 1 1
tp2Jz3dxhpjPuM 1 1
tpBwM4YgQUgAyM 1 1
ts6YLMhVx-ogXM 1 1
tyNcfqb-WWQVxM 1 1
tysfo094aOGOEM 1 1
u1aO3WC4ztSa5M 1 1
u3USdFnBUD2h_M 1 1
u6De3hXtrxPegM 1 1
uE37R_324hFd7M 1 1
uEp839AnjRmYqM 1 1
uFil1EV1xS-c1M 1 1
uJ09m_BKL49bwM 1 1
uJ7NFts9yVlm7M 1 1
uJSqF6JLIC6R5M 1 1
uL7Sta9lirNO3M 1 1
uLYMvWINL8T4wM 0 0
uMWm17E7PBGSOM 1 1
uNrxc2nRP-8elM 1 1
uWA_zfLsLDBZcM 1 1
uZtCClBoO5SRbM 1 1
ud_YY_KRjXcfWM 1 1
uiCc45yOKBmTVM 0 0
uj3FRyw_Q5oR3M 1 1
ukvEauv8T7TbaM 1 1
uqXEFfD6cDn_cM 1 1
uqsO3QtvemzEdM 1 1
uvJk-ZyAQMQDTM 1 1
uvvnaZVTQfaINM 1 1
uzizduTTD4jiFM 1 1
v01ogRKXaeitsM 1 1
v0rT-Ok4d3Tz_M 1 1
v1gb56q0O1c0XM 0 0
v2KuqX3aqdPEwM 1 1
v4azhfJ_MQzOcM 1 1
v5zy1teHNRmu1M 1 1
v6gXMsCveGARVM 1 1
v8E3Fu5N5USC3M 1 1
v9WAVmbmg6PbxM 1 1
vHNk2QI4qt9xTM 1 1
vHzStQRmnGf3yM 1 1
vIRmd6iPnADvfM 1 1
vIdY4GUVwYxB_M 1 1
vOlmDi1kftOIUM 1 1
vT8yrraqz2_3VM 1 1
vUEn2UjxOtjpsM 1 1
v_4i0z9QK3KIDM 1 1
v_Sm_S2Qztr7QM 1 1
veAbss7-UFs59M 1 1
vfOvQTpbdadcTM 1 1
vfhekIIHpejFhM 1 1
vgeFolldW6o4UM 1 1
vlaArAFTI1Yd_M 0 0
vmPbHLZFwkoQcM 1 1
vph6eIzIIqJriM 1 1
vtfQQGe41zjfFM 0 0
vxAaDdlzpuPbjM 1 1
vxwdPOBMGLFb3M 1 1
w--suZy2rvpcGM 1 1
w-CQ07t78uIbqM 1 1
w4xTcxpOER-arM 1 1
w5FhVjPeom4ydM 1 1
w7Ws8tzhTA3-qM 1 1
wFb5mnqt-2m5CM 1 1
wHySBQ6FpTT4yM 1 1
wXSK2nRHshGM-M 1 1
wYZzXUO_FB3keM 1 1
w_0Zr9Hg6i_gnM 1 1
wbgfQcBKvyigmM 1 1
wbp3JANgS5z_YM 1 1
weN-MBMkFSu43M 1 1
wfpzJl3tM5rdqM 1 1
wkfcBqlGmOUu4M 1 1
wld2KCP87qd4JM 1 1
wpgSG4N-H7VNSM 0 0
wpiqmHdbzU7TFM 0 0
wu04nETLhc86dM 1 1
wwoZFAp5amW7AM 1 1
x20BNTEXQtu0lM 1 1
x2p2ox4b_gxQ3M 1 1
x4T5y6DHkZsOEM 0 0
x9u-MR-xJdlCgM 1 1
xDIbVdyDrgWs4M 1 1
xMAFJyBh2vA6dM 1 1
xOENBvVE1tzrfM 1 1
xUXJ68WXYXKpSM 1 1
xZNwBlAzbMWIYM 1 1
xeGfDE7O1_vC2M 1 1
xhkP9DtqtHBH9M 1 1
xicKbGMNmfw3uM 1 1
xns_IMkJFLYl5M 1 1
xoo1LrykDuFA4M 1 1
xovVlPLU2Cg44M 1 1
xsKK0RzPwmGTvM 1 1
xvLR85ZZDfeNrM 1 1
y-gDHPu2O_8JvM 1 1
y1XTXU_K00eFhM 1 1
y1vyEfBnirxCkM 1 1
y2tHJTebklkojM 1 1
y6lgLuQuQIoOIM 1 1
y9MY4HsmIfaI4M 1 1
yAw7hPvIr-CmoM 1 1
yDQu1yFUHHXawM 1 1
yJ2v1W4SFAwcVM 1 1
yNQbXIfNAHVVMM 1 1
yPaiRTqn-pGrhM 1 1
yQ-VR9bT4Hpr4M 1 1
yQCsJjsnVocJhM 0 0
yQVZRBUb4cNlmM 1 1
yRwZTeDM39XuSM 0 0
yS3P46IxG4y-cM 1 1
ySMZzGaVH0uoMM 1 1
yYR1RyfUXPfG4M 0 0
yan23oe5QfD4PM 1 1
yd-MyHnzR9R6MM 1 1
yjIGkDqpySU-LM 1 1
ypY5GRah79sL9M 1 1
ytqk9M5mxAllQM 1 1
ytrf22G9z6O6HM 1 1
yujm63Eef10jQM 1 1
yvPzZzPsfdV2rM 0 0
yyl61N_Q58qI5M 1 1
yzyFfQFyDc5D_M 1 1
z0fVQGKCYQ0YiM 1 1
z5rKIGhZ_--TDM 1 1
z8ajvjFP7ZWxoM 1 1
zBAw05b7eEUTfM 1 1
zClTbB9SZqTnsM 1 1
zE2MR2yuEyI-hM 1 1
zIOko003tnySaM 1 1
zK26bzoPwmuPpM 1 1
zUQum5nDdokNlM 1 1
zWjYJ9tcXmaRdM 1 1
zY2usYI7CV7pWM 1 1
zYAUJCaGhrF4kM 0 0
z_OOBy3VgaHsgM 1 1
zbSyl9iA0Yh3KM 1 1
zcmB1EVSzRfFWM 1 1
zdhPbc2j_IKylM 1 1
zfBMvddHkejG4M 1 1
zfzeAnr0DrBmuM 1 1
zpreOIplARKa1M 0 0
zrc6bs7W5Z_ekM 1 1
zswfBB8SX66QdM 1 1
zyV9Akcp53YTeM 1 1
