-3LI6-NmU0CCvM 1 1
-8lIcwOlDXe8aM 1 1
-Eg3ntJqDO4QUM 1 1
-JefJE_dQjxrUM 1 1
-N8WQMQLMm0Z-M 1 1
-NPeh9ZMwUYwXM 1 1
-OJewP-yjvHWYM 1 1
-rI8c4CTXbQa5M 1 1
-uLDpPeEahWl1M 1 1
0-aluE5AcEhJVM 1 1
00x1vhMFk-knHM 1 1
02cUf-9maNhBpM 1 1
03g6ypd7uRzG1M 1 1
0HOjkE_chWu4VM 1 1
0Hch7Yf8cx0EeM 1 1
0OvO2UNxTL8Q_M 1 1
0WAxQV2IgY89JM 1 1
0jz8Og0Ko8KBzM 0 0
0mjuKFnul-bzSM 1 1
1-9rBqTdNRQsIM 1 1
10022723365 1 1
10174390196 1 1
10195399345 1 1
10203463294 1 1
10203562156 0 0
10203566955 1 1
10203648153 1 1
10203891824 1 1
10239150853 1 1
10299005184 1 1
10344329163 0 0
10482339796 1 1
10524865406 1 1
10524889876 1 1
10524904304 1 1
10524917234 1 1
10534553296 1 1
10563956686 1 1
106028397 0 0
10607209024 1 1
10649072 1 1
10868898226 1 1
10869010484 1 1
10895819264 1 1
1096457613 1 1
1096457731 1 1
1097132781 1 1
11027176496 1 1
11109372734 1 1
11109491623 1 1
111504231 1 1
11213564246 1 1
112363341 1 1
1132839117 1 1
1132844553 1 1
11491265765 1 1
11532036716 1 1
11630887245 1 1
11736090584 1 1
11736107454 1 1
11736454156 1 1
118132790 1 1
118134026 1 1
118298420 1 1
11914219185 1 1
11944339873 1 1
11W35x-wFR1rHM 1 1
12005094566 1 1
120060688 1 1
12075544565 1 1
121765514 0 0
12202976944 1 1
12237988985 1 1
12256525474 0 0
1237883234 1 1
12397073374 1 1
12410048885 1 1
12410309493 0 0
12421167185 0 0
1247782880 1 1
1266548981 1 1
12843109595 1 1
12843109785 1 1
12843646125 1 1
12862807154 1 1
1297354095 1 1
12994642543 1 1
12HsaywXXpVIiM 1 1
13014897095 1 1
131502241 1 1
13251229395 1 1
13305897 1 1
133668634 1 1
1338006999 1 1
1341854826 1 1
1350407660 1 1
13639453595 1 1
138447394 1 1
13875378273 1 1
1387561207 1 1
1387562057 1 1
1387567573 1 1
1387571887 1 1
1387709567 1 1
1388455436 1 1
1388458000 1 1
1388459158 1 1
1388461840 1 1
1388465448 1 1
1388606332 0 0
1388607424 1 1
13919626161 1 1
13928690201 1 1
13934207597 1 1
13934228930 1 1
13934998148 1 1
13947724 0 0
13947908 1 1
13959289339 1 1
13999394776 1 1
1403469062 1 1
140487721 1 1
14066743285 1 1
14144638846 1 1
14164488501 1 1
14164489121 1 1
14167868864 0 0
14245978819 1 1
14271434922 1 1
14281194982 1 1
14299980224 1 1
14313845355 1 1
14319110035 1 1
143199233 1 1
14354320922 1 1
14382767129 1 1
14409842020 1 1
14411776000 1 1
14412022959 1 1
1448385361 1 1
14485617090 1 1
1449238016 1 1
14505699737 1 1
14513847697 1 1
14539246475 1 1
14572687451 1 1
14614244747 1 1
14614247517 1 1
1461686094 1 1
14650253391 1 1
14664365148 1 1
14672103997 1 1
14687897920 1 1
146887500 1 1
14689962744 1 1
14690791701 1 1
14722466367 1 1
1472553003 1 1
14743360511 1 1
147591843 1 1
14774767227 1 1
14782803085 1 1
14803690772 1 1
14816281 1 1
14816282 1 1
14846729832 0 0
14847942381 0 0
14848564784 1 1
14859012894 1 1
14888757230 1 1
14914768952 1 1
14939248188 1 1
14960958522 1 1
14999326772 1 1
15001002950 1 1
15024602697 1 1
15038201884 1 1
15042323112 1 1
15042684105 1 1
15045949782 0 0
15060610241 1 1
15063450202 1 1
151574550 1 1
15161763384 1 1
15169985992 1 1
15205086719 1 1
15217557909 1 1
15227897119 1 1
15265932953 1 1
15309315308 1 1
15311885349 1 1
15331805411 1 1
15337840756 1 1
15381275276 1 1
15396738851 1 1
15432018153 1 1
15476284764 1 1
15483229028 1 1
1550856902 1 1
15539751622 1 1
15564010285 1 1
15587303995 1 1
155912980 1 1
15656996812 1 1
15667372117 1 1
15754340333 1 1
15781720065 1 1
15795682449 1 1
158196296 1 1
1584352280 1 1
15846846173 1 1
158617326 1 1
15864380750 1 1
15870677114 0 0
15871660056 1 1
15873109893 0 0
15873164123 0 0
15906891443 1 1
1592051336 1 1
15944531049 1 1
15967135122 1 1
16003295837 1 1
16095418609 0 0
16152648603 1 1
16181894834 1 1
16187203071 1 1
16187206981 1 1
16194558597 1 1
16194559397 1 1
16205715531 1 1
16233080202 1 1
16305552598 0 0
16305630748 0 0
16306004600 0 0
16307122149 0 0
16307142339 0 0
16351179728 1 1
164332284 1 1
164709489 1 1
164709919 1 1
16493194015 0 0
16493344875 0 0
16521509760 1 1
16526663866 1 1
16570018383 1 1
16578930073 1 1
16588674997 1 1
16647228346 1 1
16686319201 0 0
167952151 1 1
16865720189 1 1
16917035372 1 1
16957290817 1 1
16998907498 1 1
17011253585 1 1
170306515 1 1
17088441298 1 1
17101231498 1 1
17194692525 0 0
17216100930 1 1
17273743822 1 1
17275710621 1 1
173900469 0 0
174148859 1 1
17423447524 1 1
17530821863 1 1
175576341 1 1
17713381876 1 1
17739701935 0 0
17786417308 1 1
17CO1PQMNcKZqM 1 1
182200188 1 1
18410940034 0 0
18410942184 1 1
18411652934 1 1
18412826553 0 0
18412837143 1 1
18591309540 1 1
1859950722 1 1
1865453218 1 1
186677088 1 1
18845763630 0 0
18845773550 1 1
18846351960 1 1
18847305989 0 0
18875462696 1 1
189061895 1 1
18925661642 1 1
19007264156 1 1
19007273326 0 0
19033508685 0 0
19036619601 1 1
19036622821 0 0
19036630641 1 1
1956932758 1 1
19648198003 1 1
19703105226 1 1
197398745 0 0
19747180356 1 1
198123461 1 1
19836565028 1 1
19987619702 1 1
1BlSATT7l1wkvM 0 0
1KpVKu6PIhBMHM 1 1
1P2Hx5rWnBNU_M 0 0
1i-iMKUDIuDy_M 1 1
1illvqVlV5xAbM 1 1
1juRQwTkDftPZM 1 1
1kmUgMlgu3Ex2M 1 1
1oRUQnTOnAZrDM 1 1
1tOUs8KrrfcsPM 1 1
1v1EJITpFm8BXM 1 1
20041686333 1 1
200543712 1 1
20260814392 1 1
203798543 1 1
2042940069 1 1
20485606966 1 1
2052755079 1 1
2053795906 1 1
205464314 1 1
205479795 1 1
20553898510 1 1
20682254939 1 1
20690439898 1 1
2081456383 1 1
2082572712 1 1
2089713278 1 1
2094792856 1 1
20LN18NDyGccsM 1 1
2106394244 0 0
210859901 1 1
21153838063 1 1
21227133561 1 1
2124656284 1 1
21253585990 1 1
212938280 1 1
21386615859 1 1
213930391 1 1
213930392 1 1
213930395 1 1
213930396 1 1
2141502357 1 1
2141525065 1 1
2141525459 1 1
2142292670 1 1
2142315602 1 1
2142317190 1 1
2148387819 1 1
2148394695 1 1
2161958266 1 1
216400465 1 1
2171938991 1 1
2171940375 1 1
2172748932 0 0
21736131 1 1
2174751602 1 1
2176571223 1 1
2180302973 1 1
21845692884 1 1
218500214 0 0
218500403 0 0
218500585 0 0
218500796 0 0
218500947 0 0
218501050 0 0
218641147 0 0
218642880 0 0
218644385 0 0
218645535 0 0
218646656 1 1
218647732 0 0
218648825 0 0
218649518 0 0
218650271 1 1
218651368 0 0
218652390 1 1
218671382 0 0
218671492 0 0
218671595 0 0
219098995 1 1
2196656231 1 1
219696441 0 0
219696902 0 0
219697158 0 0
219698156 0 0
219698524 0 0
219699381 0 0
219699829 0 0
219700238 0 0
219700685 1 1
219700946 0 0
219701337 0 0
219701766 0 0
219702287 0 0
219702815 0 0
219703055 1 1
219703308 0 0
219703604 0 0
219703833 0 0
219704192 0 0
219704504 0 0
2197444378 0 0
21983673690 1 1
21983984678 1 1
22182030731 1 1
221970534 1 1
221971107 0 0
221971762 0 0
221973093 0 0
221973774 0 0
221974380 0 0
221975143 0 0
221975588 0 0
221976227 1 1
221976733 1 1
221977162 1 1
221977683 0 0
22202787068 1 1
22293769 0 0
222997568 1 1
2230546598 1 1
2231055662 1 1
2232769807 1 1
2232770463 1 1
2232771157 1 1
2233561718 1 1
2233563012 1 1
2233713235 1 1
2242979995 0 0
2250079875 1 1
2250879762 1 1
2252977517 1 1
225732706 0 0
225732945 0 0
225733454 0 0
225734113 0 0
225734401 1 1
225734797 0 0
2258725430 1 1
2261420939 1 1
2271202681 1 1
2271970846 1 1
2271999064 1 1
2275613619 1 1
2280613142 1 1
2298926858 1 1
2298926992 0 0
2305276446 1 1
2309557649 1 1
2320556477 1 1
23327420231 1 1
2352787922 1 1
235486510 1 1
2359645328 1 1
2360225330 1 1
2377659017 0 0
2380552805 1 1
2380820265 1 1
2381679244 1 1
2381805401 1 1
238268009 1 1
2383635394 1 1
2396796114 1 1
2398755408 0 0
240923518 1 1
2410386599 1 1
2410672697 1 1
2411211350 1 1
2411217546 1 1
2411221414 1 1
2411224280 1 1
2411494182 1 1
2411509818 1 1
2412748957 1 1
241421037 1 1
241447271 1 1
2417800083 1 1
2422944542 1 1
24248522843 1 1
2427306409 1 1
24287934892 1 1
24329196040 1 1
2441351503 0 0
2446296479 0 0
2449716074 1 1
24502233124 1 1
2454776145 1 1
2454777897 1 1
2455602884 1 1
2455604744 1 1
24599752 1 1
24599764 1 1
24599774 1 1
24599785 1 1
2467376322 1 1
24744799441 1 1
2475988 1 1
24839428715 0 0
2491600741 1 1
2493158767 1 1
2495433553 1 1
2495435443 1 1
2495992880 1 1
24TxGy2ec3N1cM 1 1
25025332 1 1
25025734 1 1
25025842 1 1
2512073438 1 1
2514439696 1 1
251632109 1 1
251632115 1 1
251632122 1 1
251632124 1 1
251632135 1 1
2524755185 1 1
2529208090 1 1
2537828913 0 0
2539211855 1 1
2542273305 1 1
25428740824 1 1
255524473 1 1
256117676 1 1
2566565593 1 1
25770409964 1 1
25823660684 1 1
2586745549 1 1
2587580696 1 1
2591369694 1 1
2592874483 1 1
2593294632 0 0
2600618735 1 1
2601449974 1 1
2601451562 1 1
2601452916 1 1
2608626518 1 1
2611088835 1 1
2616225526 1 1
261680287 1 1
2617289278 1 1
2617910964 1 1
2629416869 1 1
26336174972 1 1
26357643 1 1
26357644 1 1
26357645 1 1
263777807 1 1
26391335714 0 0
26402564616 1 1
26498323141 1 1
2650237525 1 1
265461960 1 1
2656323815 1 1
2656378477 1 1
2660756381 1 1
2661912989 1 1
2663820533 1 1
2664654020 1 1
2665675658 1 1
26679662403 1 1
2674484198 1 1
267874681 1 1
26787583 1 1
26829404632 1 1
2688293957 1 1
2694776645 1 1
2697810620 1 1
27032678125 1 1
2703506241 1 1
2707228237 1 1
2712493458 1 1
27166505053 1 1
2720359358 1 1
2721810506 1 1
2722766062 1 1
2727420467 1 1
2729980128 1 1
273125064 1 1
273703224 1 1
27402187272 1 1
2749330322 1 1
2749330874 1 1
2750668228 1 1
2759218877 1 1
2765168817 1 1
2766009008 1 1
2767856609 1 1
27690359 1 1
2770008765 1 1
2770008793 1 1
2772041503 1 1
27742905595 1 1
27745226296 1 1
27775821365 1 1
2778098039 1 1
2778946444 1 1
2781061100 0 0
2782557683 1 1
2783697819 1 1
2787455276 1 1
2796614290 1 1
2796617998 1 1
2800476190 1 1
28067096855 1 1
2806788512 1 1
2818686692 1 1
2818797252 1 1
2818865482 1 1
2819516880 1 1
2821256755 0 0
2822111196 1 1
2824513177 1 1
2825144075 1 1
2825353330 1 1
2831095551 1 1
2831103417 1 1
2831931466 1 1
2831934094 1 1
2844193233 1 1
2853353266 1 1
2854162714 1 1
2855281231 1 1
286053243 1 1
286053499 1 1
286053587 1 1
286053630 1 1
286053794 1 1
2869220977 1 1
2875072169 1 1
2875077631 1 1
2875615046 1 1
2876234942 1 1
2876235748 1 1
2879495344 1 1
2879551114 1 1
2880126174 1 1
2882379386 1 1
2883645731 1 1
288805573 1 1
288807494 1 1
288907058 1 1
2895590016 1 1
2907115344 1 1
294455183 1 1
294455225 0 0
294455310 0 0
2944577172 1 1
2950770821 1 1
2954179754 1 1
2954332802 0 0
2957160000 1 1
2961549429 1 1
2964348302 1 1
2967643167 1 1
2982689512 1 1
2982690434 1 1
2986553920 1 1
29878232 1 1
29wlk6MoM19vOM 1 1
2Dv_UXxMJa9_iM 1 1
2PadQZRNNSLl2M 1 1
2QFwyQvd8xhQDM 1 1
2RNoMZCgRvZmdM 1 1
2_7JVAYbsHylzM 1 1
2eJUL0R5bB2kqM 1 1
2gvqaDqik6yYbM 1 1
2xreVJMbl_QAoM 1 1
2zg2cD0q9GklCM 1 1
300170577 1 1
300170608 1 1
300170645 1 1
300170711 1 1
300170743 1 1
300171189 1 1
3003076233 1 1
3004089432 0 0
300774253 1 1
300774282 0 0
300774310 1 1
300774355 1 1
300774390 1 1
300774415 1 1
300774428 1 1
300774471 1 1
300774501 1 1
300774544 1 1
3010430425 1 1
3010434401 1 1
3010436545 1 1
3013678540 1 1
3020077389 1 1
3020124486 1 1
3059030341 0 0
3059030921 1 1
3059031057 0 0
3059867472 0 0
3059868222 0 0
3059868356 0 0
3068626651 1 1
308081848 1 1
3097542196 1 1
3104815646 1 1
310684642 1 1
310OJwtzlIpPgM 1 1
31102915 1 1
311633265 1 1
3128833224 1 1
313121454 0 0
3139348788 1 1
3143976934 1 1
314849107 1 1
31514976 0 0
3151742250 1 1
3151747418 0 0
31575060 0 0
3158914940 1 1
3166453455 1 1
318760173 1 1
318761495 1 1
318762527 1 1
318851716 1 1
318851868 1 1
318852057 1 1
318852219 1 1
318852495 1 1
318852740 1 1
318852952 1 1
318853129 1 1
318853232 1 1
318853404 1 1
318853520 1 1
318853717 1 1
318853888 1 1
318854065 1 1
318854192 1 1
318854569 1 1
318854733 1 1
318854925 1 1
318855088 1 1
318862518 1 1
318862675 1 1
318862828 1 1
318862980 1 1
318863168 1 1
318863362 1 1
318863484 1 1
318863599 1 1
318864041 1 1
318864155 1 1
318864459 1 1
318864666 1 1
318864889 1 1
318865039 1 1
318865183 1 1
318865348 1 1
319262590 1 1
3195877692 1 1
3197598194 1 1
319823923 1 1
319823946 0 0
319823996 1 1
319824037 1 1
319824114 1 1
319824147 1 1
319824179 1 1
319824223 1 1
319824282 1 1
319824314 0 0
319824361 1 1
31GGzLtzPzHc3M 1 1
3222517196 1 1
322427347 1 1
322427388 1 1
3227105828 1 1
3233537272 1 1
3233537836 1 1
323572 1 1
325248349 1 1
3271660007 0 0
3272480674 1 1
3276181305 1 1
32825122 0 0
3292028899 1 1
3292853518 1 1
3292853528 1 1
32QvfgyurdlQbM 1 1
3300888557 1 1
330144983 1 1
3307501421 1 1
3321514207 1 1
3322699142 1 1
3338929908 1 1
3360416409 1 1
336158530 1 1
3374608258 1 1
3376025048 1 1
3376028712 1 1
3376032242 1 1
3391486854 1 1
33TKd9dtn6tcxM 1 1
33h_0lOxgCdyPM 1 1
340079850 1 1
340138475 1 1
3442291668 1 1
3442292394 1 1
3449369783 1 1
3449372829 1 1
3462028085 1 1
3463440816 1 1
3469122452 1 1
3470714606 1 1
347583033 1 1
3480576985 0 0
3487360365 1 1
3488211101 1 1
3493877655 1 1
3494694054 1 1
3494694368 1 1
3494931496 1 1
350840445 1 1
350845626 1 1
350847511 1 1
35111610 1 1
3513903950 1 1
3524992600 1 1
3535901578 1 1
3537369182 1 1
3538660207 1 1
3539744776 1 1
3550615461 1 1
3555642171 1 1
3563488167 1 1
356482644 1 1
3569407511 1 1
3572454443 1 1
357853989 1 1
357854177 1 1
357854265 1 1
3582497795 1 1
3582498101 1 1
35829790 1 1
3587077562 1 1
3589596356 1 1
3589709426 1 1
3592827550 1 1
3597773137 1 1
3599417437 0 0
3599438375 0 0
35997188 1 1
35997325 1 1
35997486 1 1
35997627 1 1
35997749 1 1
35998032 1 1
35998168 1 1
35998307 1 1
35998417 1 1
35998536 1 1
35998672 1 1
35998802 1 1
35998955 1 1
35999078 1 1
3600219232 1 1
3601387286 1 1
3608009689 1 1
3610769859 1 1
3615483174 1 1
3620337520 1 1
3625281131 1 1
3625456909 1 1
363585009 1 1
3635882184 0 0
363920727 1 1
3656372115 1 1
365777349 1 1
365777352 1 1
365777353 1 1
365777354 1 1
365777356 1 1
365777357 1 1
365786893 1 1
365786901 1 1
365786908 1 1
365786909 1 1
365786911 1 1
365786913 1 1
365789613 1 1
3672930896 1 1
3678342112 0 0
3678943396 1 1
3682411064 1 1
3691221335 1 1
3691829674 1 1
36Af361bZJEItM 0 0
3711172118 1 1
371133925 1 1
3712366829 1 1
3715121130 1 1
3721923061 1 1
372225256 1 1
3723801048 1 1
3724517228 1 1
3730741535 1 1
373129898 1 1
3737690111 1 1
3756858585 1 1
3757402235 1 1
3759449918 1 1
3763582850 1 1
3768816380 1 1
3784969527 1 1
3785774638 1 1
3785787154 1 1
3785791514 1 1
3788115954 1 1
3789392347 1 1
3790205200 1 1
379614995 1 1
3809041930 1 1
381447567 1 1
3815317471 1 1
3818441112 1 1
3830591314 1 1
3830651190 1 1
3835556265 1 1
3839865431 1 1
3840655382 1 1
3852279638 1 1
3865961075 1 1
3866355255 1 1
3875172521 1 1
3875894268 1 1
3877863602 1 1
3881770853 1 1
3883000284 1 1
3890327366 1 1
3898860182 1 1
3901679190 1 1
3912692237 1 1
3914933787 1 1
3914935639 1 1
3919261854 0 0
3938525077 1 1
3952645143 1 1
395839588 0 0
3959160326 1 1
3963407053 1 1
396376306 1 1
3980650601 1 1
3981224003 0 0
3981981624 1 1
3981983150 1 1
3981985420 1 1
3985182398 1 1
3985248102 1 1
3992484340 1 1
3Ec8LCoKYOSrhM 1 1
3IvsZuTi7PM5_M 1 1
3RajSNE3kZU__M 1 1
3ZdKAEingn9cTM 1 1
3d4HV8ACrjK1uM 1 1
3fWDLsftzpxWqM 1 1
3g5IWBW-6NNqOM 1 1
3gHKLzxAbd1EsM 1 1
3op12l2boq5VZM 1 1
3pN1eQ0z5SNC-M 1 1
4007029686 1 1
4007044828 1 1
403580538 1 1
4040473935 0 0
4041217056 0 0
4041218442 0 0
4041440730 1 1
4043500161 1 1
4044528188 1 1
405577145 1 1
4057986135 1 1
4060573994 1 1
4070061878 1 1
4076918827 1 1
4091105242 0 0
4105180675 1 1
4113562004 1 1
4116699184 1 1
4117470604 1 1
4123631569 1 1
4125125345 1 1
4125731418 1 1
4133931379 1 1
413891709 0 0
4141404769 1 1
4154261655 1 1
416641389 1 1
4182182908 1 1
4225912585 1 1
4229238331 1 1
423947235 1 1
423949004 1 1
423972748 1 1
423976641 1 1
423979071 1 1
4240520563 0 0
4246181418 1 1
4261953443 1 1
42786729 1 1
4303882409 0 0
4324926568 1 1
4328274445 1 1
4329004364 1 1
433753442 0 0
4362506545 1 1
4376985902 0 0
438309474 1 1
4384484439 1 1
4384486147 1 1
4399097688 1 1
4408329171 1 1
4437390190 1 1
44388241 1 1
4451327484 1 1
4458017584 1 1
4471428673 1 1
4476904043 1 1
4477378270 1 1
449550060 1 1
4498259946 1 1
4500163848 1 1
4503840 1 1
4519722060 1 1
4521669258 1 1
452510204 1 1
4528273852 1 1
4530348293 1 1
4540020249 1 1
4546453864 1 1
4560797565 1 1
4560798183 1 1
456975616 1 1
458040209 1 1
45PxL5ou6bxgLM 1 1
4605089515 1 1
4607112526 1 1
4610702898 0 0
4615300027 1 1
4615302993 1 1
4615916558 1 1
4615917540 1 1
4615919440 0 0
4615920500 1 1
4615921636 1 1
4615922510 1 1
4621252332 1 1
4621292737 1 1
4623387221 1 1
4627800271 1 1
4635497194 1 1
4647180119 1 1
465174 1 1
465571405 1 1
46778919 1 1
4693070336 1 1
4695842609 1 1
4751202868 1 1
4758142906 1 1
4760000815 1 1
4760495018 1 1
4760631872 1 1
4765571846 1 1
4767178079 0 0
4768598221 1 1
4769306084 1 1
4769320322 1 1
4770967115 1 1
4771707361 1 1
4772510724 1 1
4778795195 1 1
4780852420 1 1
4792369947 1 1
4793747955 1 1
4800532588 1 1
4802931285 1 1
4809508789 1 1
483916884 1 1
4864208203 1 1
4879327917 1 1
4879456113 1 1
4879543273 1 1
4880032300 1 1
4880072852 1 1
4880145562 1 1
4880174722 1 1
4882330602 1 1
4885439037 1 1
4891796575 1 1
491491907 1 1
4928792046 1 1
4929992656 1 1
4939083607 1 1
4941235952 1 1
4944768699 1 1
49478147 1 1
4953957892 1 1
4960776299 1 1
496817845 1 1
4970453876 1 1
4973896892 1 1
4995696337 1 1
4995851713 1 1
4995852283 1 1
4995852951 1 1
4995855517 1 1
4996457138 1 1
4996457564 1 1
4996458234 1 1
4996459532 1 1
4996460376 1 1
4RP2mflxINnPIM 1 1
4WujBXNHiHG4WM 1 1
4_LpqDkjkUajPM 1 1
4dQ8CoygmTDJTM 1 1
4dxuitAYQrcc-M 1 1
4fyvVnTNOSMCRM 1 1
4hQ5fckVe9doqM 1 1
4sliWMtccJw6UM 1 1
5001161707 1 1
5004380423 1 1
5005060540 1 1
5032156549 1 1
5036505594 1 1
5046374187 1 1
5047650626 1 1
5059688883 1 1
506148780 1 1
506177865 1 1
5065653612 1 1
507322127 1 1
507894637 1 1
5089500907 1 1
5089501481 1 1
5104853756 1 1
5105256055 1 1
5128084675 1 1
514890710 1 1
514891442 1 1
514891776 1 1
5151494549 0 0
515167985 1 1
5160688863 1 1
5171852981 1 1
5203936758 0 0
5222198770 1 1
5226166547 1 1
523236518 1 1
5235258732 1 1
524902209 1 1
5256079856 1 1
527238753 1 1
527240017 1 1
528509331 1 1
5309465234 0 0
5323841630 1 1
533254620 1 1
533254630 1 1
533254634 1 1
533254646 1 1
5337602653 1 1
5337677529 1 1
5338331692 1 1
5346664517 1 1
5346697251 1 1
5347282886 1 1
5347302194 1 1
536178730 1 1
538383671 1 1
540046154 1 1
540230914 1 1
5410605793 1 1
541182877 1 1
5422048041 1 1
54237620 1 1
5441949999 1 1
5442554600 1 1
5446172441 1 1
5449981923 1 1
5449983149 1 1
5476245748 0 0
5484433 1 1
5487746233 1 1
5495570038 1 1
54xpE2ZY0406SM 1 1
5509361659 1 1
5509363361 1 1
5509962378 1 1
5547005449 1 1
5563525390 1 1
5586232001 1 1
559368998 1 1
5632845212 1 1
5637922245 1 1
5638379610 1 1
5646069083 1 1
5646069357 1 1
5652623149 0 0
565699198 1 1
565778350 1 1
5658520457 1 1
566057255 1 1
566089151 1 1
566153121 1 1
566159685 1 1
5663849918 1 1
5681339145 1 1
5699065147 1 1
5700741854 1 1
5709756577 1 1
5710788137 1 1
5738161950 1 1
5747845111 1 1
5750297661 1 1
5765652963 1 1
5777561452 1 1
57Y6wkExQ67e6M 1 1
5813004356 1 1
5816976323 1 1
5820685680 1 1
5821619367 1 1
5824505468 1 1
58255603 1 1
5835338985 1 1
5835348097 1 1
5863112630 1 1
5871380171 0 0
5885330459 0 0
5893321635 0 0
5894118009 1 1
5897653715 1 1
5898680025 1 1
5900207932 1 1
59087158 1 1
592256932 1 1
5946539847 1 1
5947615312 1 1
59787958 1 1
59788156 0 0
5978872499 1 1
5992965333 1 1
5DCQWaJeB5fQoM 1 1
5HWHGeMhBkGHDM 1 1
5XDTVaBY6U9-MM 1 1
5ivpCWpnuBrcXM 1 1
5pJWtrfTebl_TM 1 1
5w_S1mzpUGsIWM 1 1
5xNNeCaiQ7nOcM 1 1
6-osU14rZx7_jM 1 1
60003072 1 1
60003097 1 1
6009548780 1 1
6026168327 1 1
6026723852 1 1
6029978774 1 1
6043358724 1 1
6044813028 1 1
6074072893 1 1
6081062960 1 1
6081064662 1 1
6083537818 0 0
6086062814 1 1
60889787 1 1
60889918 1 1
6115291103 1 1
6128773110 1 1
6154994206 1 1
6163759365 1 1
6198867307 1 1
6204108509 1 1
6210958528 1 1
6212230304 1 1
6226535241 1 1
6255293917 1 1
6260210062 0 0
6279629382 1 1
62901208 1 1
6329137925 1 1
6329889378 1 1
6371012525 0 0
639845421 1 1
640530569 0 0
6405949737 1 1
6405951303 1 1
6405968301 1 1
6408489227 1 1
6455003675 1 1
6467610023 1 1
6544980165 1 1
6545453549 1 1
6589267959 1 1
658995827 1 1
6676674551 1 1
6701402743 1 1
6708350007 0 0
6708351093 0 0
6708352035 0 0
6777591007 1 1
6777591371 1 1
6777591891 1 1
6777600413 1 1
6785424376 0 0
6824575134 1 1
6824619556 1 1
6841115580 1 1
684703688 1 1
6853771227 1 1
6873461054 1 1
6873463568 1 1
6900157712 1 1
6928402556 1 1
6940274482 0 0
6970687711 1 1
6998798846 1 1
6998799564 1 1
6AbG56D1Uo7dmM 1 1
6DveqGkvsRnvpM 1 1
6IQBH55RTvQ4PM 1 1
6TRSYj2i5cBiNM 1 1
6VDq4resL-aa-M 1 1
6fVK6Q_DuPgVJM 1 1
6hxd2M7ftRzNBM 1 1
6lzuDqgTXgXzRM 1 1
7005662891 1 1
7022034115 1 1
7061577067 1 1
7063526 1 1
7099486793 1 1
712fd4xzS7C26M 1 1
71411004 1 1
7144885393 1 1
7144885753 1 1
7159217060 1 1
7161997924 1 1
7166285942 1 1
7182806015 1 1
7182806569 1 1
7189031794 1 1
7189046748 1 1
7189051600 1 1
7189056194 1 1
7190080334 1 1
71EEJBimxEU2lM 1 1
7219440358 1 1
7281259792 1 1
7281261330 1 1
7281265570 1 1
7281270852 1 1
7281288818 1 1
7281290494 1 1
7285443780 1 1
7306659600 1 1
7306659772 1 1
7328571130 1 1
7331130516 1 1
7357115520 1 1
7358549796 1 1
7364455136 1 1
73u7deaV9i1FtM 1 1
7426403614 1 1
7434007282 1 1
7434015934 1 1
7450121588 1 1
7480957988 1 1
7500069140 1 1
7500069512 1 1
7514028364 1 1
7520789070 1 1
7535706706 0 0
7561056954 1 1
7578052618 1 1
7624873836 1 1
7624930342 1 1
7643003784 1 1
765785 1 1
7733083292 1 1
7733483956 1 1
7736349436 1 1
7736353102 1 1
7739272890 1 1
7752663110 0 0
7764989194 1 1
7793013462 1 1
7809005314 1 1
7816737822 1 1
7816741340 1 1
7816748320 1 1
78333805 1 1
7839596912 1 1
7858604844 1 1
7889401074 1 1
7912872948 1 1
7933337520 1 1
7LHx5RTjtde9YM 1 1
7NOc1sDUe_PKIM 1 1
7QGJoSr0-A63WM 1 1
7U0AuOzYjDaMGM 1 1
7W4YS2c7__Ns7M 0 0
7XAl0dw9qey8cM 1 1
7ZV2MqDnY6xZ7M 1 1
7bz6z4JaHimKAM 1 1
7qC4F0qrB0kaVM 1 1
7qGN_WnS5o7tAM 1 1
8003753617 1 1
8009885315 1 1
8024182214 1 1
8060448498 1 1
8085880043 1 1
8098811836 1 1
8105909426 1 1
8108693718 1 1
8113162576 1 1
8115284342 0 0
8118082602 1 1
8118526413 1 1
8144934524 0 0
8154568857 1 1
8196302844 1 1
8196913729 1 1
8199663420 1 1
8205222175 1 1
8228115292 1 1
8239916378 1 1
8243411223 1 1
8251252304 1 1
8294199759 1 1
82ieKyZMSDkCNM 1 1
8310198867 1 1
8315397164 1 1
8329579896 1 1
8330118139 1 1
8346157221 1 1
8394850817 1 1
8418696915 1 1
8419679517 1 1
84328853 1 1
8444263062 1 1
8444263790 1 1
8455235967 1 1
8462978026 1 1
8465715232 1 1
8469093270 1 1
8474664725 1 1
8486041442 1 1
84nLOHX2UgIeRM 1 1
8503469728 1 1
8528606573 1 1
8529721178 1 1
8531325339 1 1
8535620671 1 1
8564014931 1 1
8567582784 1 1
8575478328 1 1
8580237898 1 1
8583059934 1 1
8591022043 1 1
8641579640 1 1
8672471449 1 1
8672561189 1 1
8691578269 1 1
8705790765 1 1
8706911684 1 1
8739088061 0 0
8739101581 1 1
8740206492 1 1
8740206558 1 1
8740219832 1 1
8740220086 1 1
8741373522 0 0
8741375500 1 1
8741910734 0 0
877230403 1 1
8804411547 1 1
89009878 1 1
89009898 1 1
89009946 1 1
8951217047 1 1
8970217203 0 0
8972548261 1 1
8979499899 1 1
8988763879 1 1
8A538xioxyhZfM 1 1
8FErxVnIGdyagM 1 1
8HsybnssdQTNPM 1 1
8Kh62pNat1uvcM 1 1
8LMDe8PDdvJH-M 1 1
8_sSSZwgWVclxM 1 1
8fgOygXvVBGvzM 1 1
8sevFIYvbxC17M 1 1
904092780 1 1
90735321 0 0
9165849697 1 1
9228312661 1 1
9257170826 1 1
9296255808 1 1
9317371576 1 1
9342860254 1 1
9344539140 1 1
9344541114 1 1
9349229499 1 1
941219491 1 1
9442572405 1 1
9487649286 1 1
9488808315 1 1
9489902220 1 1
951675334 1 1
951WifGWUlgD2M 1 1
9527910804 1 1
9529796000 1 1
953335725 1 1
953735326 1 1
9583167114 1 1
9586092280 1 1
9595761664 0 0
9634297909 1 1
9643634375 1 1
9649034169 1 1
9663926428 0 0
966PhKjrudBoEM 1 1
976354745 1 1
976354817 1 1
976355005 0 0
977252848 1 1
9777256311 0 0
9779434811 1 1
9779446272 1 1
9779454952 1 1
9779518471 1 1
9779626304 1 1
97ibmvUG6DhwHM 1 1
987457450 1 1
9892474 1 1
9BytWCd3bVkSaM 1 1
9Cv5Q-ZkF2n9ZM 1 1
9LZokIo8MJAniM 1 1
9OVbJQe_svkbhM 1 1
9Q4yYeDGyTLvmM 1 1
9Uvl21C3noXfoM 1 1
9WZ2eeaY-7mfPM 1 1
9baK2q2fPSju2M 1 1
9eGj8c3HaOjyPM 1 1
9pQUmXmagwYZkM 0 0
A-l2_D5OiDbCbM 1 1
AA87cfFXf3i0UM 1 1
AB5AKi7n6neFpM 1 1
ADupMKai1ETa7M 1 1
AEYZ_vRyameGrM 1 1
ARamuYgMl5G5MM 1 1
AULCiMJDgVGB2M 1 1
AUg7Bw7jOBUNuM 1 1
AdJkLftwgDMfvM 1 1
AlAXn7kdQwvu2M 1 1
AmzaEVww2c1cgM 1 1
An3iYx6GyCc3vM 1 1
AramRU7r6AADGM 1 1
B1ulDJKtdLdFTM 1 1
B3KKMqiPkB600M 1 1
BCqV_nnEjeJk8M 1 1
BKHo70twh8Ih_M 1 1
BNBGtlu9zJTUTM 1 1
BVrmCG_tBMKJfM 1 1
BcJ_qUgtLo8dyM 1 1
BdKgq3WOXZWMYM 1 1
BdrQAtHsT11KaM 1 1
BgDIIP1H9MXGoM 0 0
BhHXR0lDqiUzMM 1 1
Bp_GlBikJuj_RM 1 1
BztkiX5Tle-JDM 1 1
C6IWojqqQfZnXM 1 1
CSEdd_kxvHtQHM 1 1
CTIh4za6aUJ2KM 1 1
C_5w_aAnhcFf5M 1 1
Cas6b9V3nwJ4sM 1 1
CedOMuc37FpNuM 1 1
CfjzPD3YBs3A0M 1 1
CiE3zEnuIWRUZM 0 0
CicRuKt14GVRjM 1 1
CrlHYA-Xyz6IcM 1 1
CxFfB9ZKxddGiM 1 1
D-3hfgxP86cQeM 1 1
D2pcpXwtIE8OrM 1 1
D2s47plFelbVlM 1 1
D6U598tkIFPcZM 1 1
D6_ln2K5e0DyyM 1 1
DDSKQDezYPzQOM 1 1
DH0YVC5sGOkjrM 1 1
DKONavEWP3tOpM 1 1
DOnT8bKI3KKwMM 0 0
DSt058ElxQl84M 1 1
DWFg-0DSmGC0KM 1 1
DZbooaCsEqZWPM 1 1
E9Y98hf39HnMqM 1 1
EPzSxWoKIKiJmM 1 1
E_27SKLxPkI1BM 1 1
Ee4i6tUO7T4KNM 1 1
EpGHEMXlLn1_GM 1 1
FEP-gsYjSHplmM 1 1
FJIwY9cpIofQXM 1 1
FRD0al72CYG3DM 1 1
FWdJ50GdQjZeKM 1 1
FgwaOOG6J6_LIM 1 1
FmP57A5IMQ_RyM 1 1
Fo0ImS466yvaBM 1 1
FtpsNxur9WOVJM 1 1
Fx5AjmSKFQcnHM 1 1
G5d0TMXdmM4zyM 1 1
GE6xWwImFwe9NM 1 1
GLIMBFCDy-WO0M 1 1
GVzUYmaW_pVUPM 1 1
GYWPEXlGTleghM 1 1
GcZ6kIy7a52FcM 1 1
GdSCuV4qNgnyTM 1 1
Gp_7tqy4R_ELYM 1 1
H2moeDXXWNXbEM 1 1
H6CPyK5UcMRP-M 1 1
H8OC35jGtbqxYM 1 1
HEe536PTU91UlM 1 1
HIKFqr51SgRsWM 0 0
HNvCPh-Ez70P3M 1 1
HQYvMafh5P1wKM 1 1
HSsOqgQlFHIC1M 1 1
HZrl10L188BIeM 1 1
HcPuHpqe3O60rM 1 1
Hso8A6sbuyMz8M 1 1
HvXtmLLoinnK_M 1 1
I0cBoGQaxumBFM 1 1
I1qIiXmGGNDLhM 1 1
I6rClEvBZM_PMM 1 1
I77ze_py4NfLYM 1 1
ICQZ5kdLQK8_JM 1 1
INqtvalhKYQMgM 1 1
IROSMw3_UmHtvM 1 1
Ib205-P_16agAM 1 1
IfEUsL9wdWz-XM 1 1
Iol5nuPsAmm7kM 1 1
ItPlA9ug8ErtOM 1 1
IvfA1W4Uujg3DM 1 1
IvukwwuwhYUJDM 1 1
JD6gFd8XOgNgPM 1 1
JEppVrIIZ8mZ3M 1 1
JRfALRJUgMd2qM 1 1
JRi2C2FtkYNi_M 1 1
JjYQhFGdu-ndxM 1 1
Jmsvo7VMYKjdLM 1 1
JvNKUfJ6P5GgSM 1 1
JzMMTht9Cis7KM 1 1
K6xMtEhWX9hxlM 1 1
KBfEjPlSfylr4M 1 1
KG8EM9qJbOKbNM 1 1
KH1AP4dfVJC6jM 1 1
KIMUv7SGKPGhSM 1 1
K_8YnFJT_TKdAM 1 1
KeQ4KQWnr5e6_M 1 1
KieexLZZL8QsfM 1 1
L2qeQ3Lwozdh7M 1 1
LGZbhawsAjLY_M 1 1
LSxKYCO-N6JyUM 1 1
LXtiAL1whFB3WM 1 1
LfA4JIohJBi67M 1 1
Lg6HuhfDReL6lM 1 1
Lg8AEAcaV_F_9M 1 1
LkLvyteBMOcn7M 1 1
LuO3ikN466gwuM 1 1
LxxwUsKHZnH6uM 1 1
LyzQ8siv1MfitM 0 0
M8lWNSBsZSghuM 1 1
MANQUjzW4u-_aM 1 1
MN1N2Qno8kmHpM 1 1
MNLPJTQhKiLg9M 1 1
MO4uWQzCKEQ7MM 1 1
MQ_VYESGeuTbDM 1 1
MScBxLdGUXzX2M 1 1
MTpOGwnGakMdpM 1 1
MVvqTQLUMdbpFM 1 1
M_K2pBsuys5VtM 1 1
MfXIMN4gP44ZaM 1 1
MhYr1HQCHvdyNM 1 1
MmrTA0F5Ne-U_M 1 1
MugSftkuyCgwkM 1 1
MzCjvmalqbpekM 1 1
MzZ32OtFxdprcM 1 1
N7UewvchNCTrcM 1 1
NA-Tvt1kWhchwM 1 1
NCzNCrKMh0nN4M 1 1
Nc2iTT3Yc4zY1M 1 1
NeMA5y8nYjl5GM 1 1
Ng4hxMZAeVyp1M 1 1
O8UhHitAMS8BtM 1 1
OAqOOCzPw7ZYSM 1 1
OUOi3JKP9PL84M 1 1
OXh2OlZ0dBlsLM 1 1
OZKuhrHDoOiHPM 1 1
O_99RxCz0KmHoM 1 1
OaqQfAUcLwCCyM 1 1
ObCtnc6KosT5YM 1 1
ObRMWvZkYdrjUM 0 0
OdHv68W4yq3YLM 0 0
Ok-8MQwGSajC0M 1 1
Oxuf7_jjymOXdM 1 1
PFyNYA226OtVYM 0 0
PR95bKjJ2TY0jM 1 1
PWgR4n4vaRA6tM 1 1
PWqneFH5vhd0_M 1 1
PZ7bVFOdxZ5xyM 1 1
P_YadD90rNG3JM 1 1
PgbvtJoyjmjE6M 1 1
Pvp-Ub-cDILytM 1 1
PxWwQQtWB8mCyM 1 1
Q0VRKEc831WLBM 1 1
QEdB-RvgQbxa4M 1 1
QP7mBDT1GgaJCM 1 1
QZ3mm4tCgTusfM 1 1
QhHbwVPX_m41aM 1 1
QuHwURX68ZRX3M 1 1
Qxs39feZqCgqXM 1 1
RA42O6gRNnLtVM 1 1
RA5j8KQhuIk6VM 1 1
RBXQEW2gn4dnIM 1 1
REnlT9RWLYNZ0M 1 1
RF0JWWZJekdQCM 1 1
RJEH7nDweMpKRM 1 1
RQ8m953EVTKqDM 0 0
RYNg0s91DBHnNM 1 1
RrR3Zz4VqrSkcM 1 1
Ruf35LcCwifFJM 1 1
S7UtPUZ3dHVViM 1 1
SAjnLFQo9EMOTM 1 1
SH6_JHq7OeO1AM 0 0
SRn5n71dZnhqoM 1 1
ST_hq3FlkI9IfM 1 1
SU-JUcCBAeQAeM 1 1
Sac5c2Yj9mzhmM 1 1
Si70i8IlOZNEEM 0 0
SjX3alqpiY9veM 1 1
Sn5rep6kXMzibM 1 1
Sq4_vc4yEjioGM 1 1
T3MEn63igO1n4M 1 1
T941hSQ6PiZhRM 1 1
TFKzJ--t2kHLmM 1 1
TFaFP70rYXYUNM 1 1
THheezuWa2dD8M 1 1
TSq13DFt760nNM 1 1
TTbynW0FuBJrvM 1 1
TYUhMzOkZR47DM 1 1
TooEH5Xg9ZQr4M 1 1
TufoprL1ezlujM 1 1
U0Ei6XeiymLNaM 1 1
U3IfIdueCYSfSM 0 0
U7xNR1NJpjnqiM 0 0
UGeb4roG3U6tzM 1 1
UOJltd5HrfhH6M 1 1
UU6TcMMfflZ-dM 1 1
UZ3sl28Lx88UzM 1 1
Ueevi8t8NC0APM 1 1
Uf34qG-5kKNXTM 1 1
UhMZl7-MDgr7AM 0 0
UlGi0obTNqRB9M 1 1
UmC30hli6KYVdM 1 1
UtAynkymkEW9rM 1 1
UwrmqdvsNlJZHM 1 1
UwxvKYR5Ke2QsM 1 1
Uxt0XgXt6jfJnM 1 1
VA1f1bsp83NCgM 1 1
VDk4t4mDUN600M 1 1
VIcMZR7E5eGixM 1 1
VLqvOSeY6WQ0fM 1 1
VWphiSUOf-NvDM 1 1
VYRMH5UfSYvEDM 1 1
VYm88ly9PH2IuM 1 1
VZxFRf33H0zzYM 1 1
V_kS-c4yLg-kPM 1 1
ViihZ_MBw8XGiM 1 1
VjZTp9B_JHDwnM 1 1
Vm0Oa6Jf-ZMCyM 1 1
VmNzoV5AsR7LnM 1 1
VnACKWmEQNR8CM 1 1
W05GGufu-D0DhM 1 1
W1I1vNtEfSbJjM 1 1
WBABWDv8IvxBSM 1 1
WI-j7FHRlqo9GM 1 1
WLTDKCF8EKKrQM 1 1
WZOCmM1o8Jnn-M 1 1
Wf4233ZVQdhZrM 1 1
Wjdvk9gfEEj88M 0 0
WkVlFprQ1-RzZM 1 1
WrFbSxj5U4BLgM 1 1
Wy96trK_Lca_4M 1 1
X1NQsTOMG2YmCM 0 0
X4GbU5Uyq3z7nM 1 1
XF1pv8vgHPnj-M 1 1
XVb6JJYWGJQo8M 1 1
XWLsivUbAENFsM 1 1
XYKQVDLvwTQ_DM 1 1
XoHZSL1lBV0-8M 0 0
XsCFNdySaY5v6M 1 1
Y1wGZLe-pvJ1dM 1 1
Y5TSDivXfQfmSM 1 1
Y7WeOnAA0ahdJM 1 1
YC9vnpVFrSM21M 1 1
YFkhdnEy6_Ha7M 1 1
YNPh4601L3sCfM 1 1
Yc35kehKlFblQM 1 1
YcWTdNWWp4yBqM 1 1
YlaZrd0Uuhad-M 1 1
Ym2smBXLvWBnXM 0 0
YqUs1bN1IWPdZM 0 0
YrjiePgsrn_XkM 1 1
YtO8LLTe_VuWeM 1 1
YtxxSMK5jnNeXM 1 1
YuKQ74_PZSQZ5M 1 1
YvVbRfuT-qQ5hM 1 1
ZEW5ShIvB4TJpM 1 1
ZYiVPBZhZL6DaM 1 1
Z_2xee15oviYBM 1 1
Zas8TUgtMnwitM 1 1
ZeBvwc0awNoG4M 1 1
ZeQx302BDo4WNM 1 1
Zk1InD_4fRVtPM 1 1
Zni8orw8ykKtpM 1 1
ZvGZhXxB2-dZ0M 1 1
ZxG98RLYBkPPeM 1 1
_71f4uqb7_6kOM 1 1
_7UPPmbIfxnoWM 1 1
_8S4QS9cYe8INM 1 1
_AZz21j2stxk9M 1 1
_E8a5W2j9Rp_EM 1 1
_TbmNOtnFjLnVM 1 1
_VuZ4jyZIbB4kM 1 1
_YKW8p0t1AYjWM 1 1
_dfQEZr-zLt6gM 1 1
_pgZbVI_Qbr1cM 1 1
a5kjTcDXB6iOqM 1 1
a9pKJE_mbKQDvM 1 1
aC4kqSx_W9I6KM 1 1
aEbihpjYCTkaIM 1 1
aIIffBvDDvBjzM 1 1
a_ZKSSEnVBRVjM 1 1
aadTstmVg6lhKM 1 1
abPpDnaaOybMAM 0 0
adGN-Ffs4rtQfM 1 1
afDFeaoDd3Bw-M 1 1
ajTcv-It0HaF0M 1 1
akb4hhohP6S2RM 1 1
anbONsi2mD71yM 1 1
aqVGFpMQhxo5uM 1 1
awBImpMeGMypSM 1 1
b2HpINzJrdD2WM 1 1
b3UmejXy0N-tIM 1 1
b6QVlNz9JuuBJM 1 1
bCc0AC378PqEJM 1 1
bFibF7gKsTz_eM 1 1
bJAbiLbEptxmAM 0 0
bOJLFdKTE8PnpM 1 1
bY6bgxpg43YOGM 1 1
biSGgOQqrW6g4M 1 1
bixzYi8v95rE-M 1 1
bopIe72Uzr1U2M 1 1
bp3xskR9sL9q7M 1 1
bwOYSI0ljoX16M 1 1
c2UQtThfpKb-KM 1 1
c4AhPc2I7K5ymM 1 1
c9oLK9dsi4AlHM 1 1
cN16IqOInjM2RM 1 1
cOBAhyz_eMhlUM 0 0
cTx3GsuF9fQ5VM 1 1
cXXRf5EP-efJ4M 1 1
chQtuyaNVosuqM 1 1
cpBFlRQ2ukyYfM 1 1
crHsOLNq1rj6WM 1 1
cwtFTEYjIjdTUM 1 1
cy0tmNYBsk87-M 1 1
d42h1G8AvsoGkM 1 1
d4WRH-GvMAs2PM 1 1
d4xAezrqOLY0qM 1 1
d8A3FZ1KkpdOCM 1 1
d8fLgDZotkU9aM 1 1
dCUMxwJKtcvOYM 1 1
dKFLdUXjCUNydM 0 0
dRApoYatGSHCPM 1 1
dj2xkiIvvhRalM 1 1
dpjrCFdlYb-qSM 1 1
dqVoJ7yuMICTrM 1 1
duTILz-ZR1nHCM 1 1
dvHNnOeXqZv0YM 1 1
dyGZl--rgt6CwM 1 1
dyIsLlJ0spG66M 1 1
dzqlGZ8Hf2AzRM 1 1
e0ZYSJcYpZQQgM 1 1
eK3m1o1usXijbM 1 1
eMiTxGSM-eZ3ZM 1 1
eNinCemHGuUtsM 0 0
eboEQet_LZa6EM 1 1
ed2MyQJcxLoy8M 1 1
ef5WgWk_fCE7YM 1 1
ekxmugH-eYFliM 1 1
eumSV-M3qTWjvM 1 1
f0Bsr71e1fh6SM 1 1
f5ncZS2H3E1TNM 1 1
fABDl2yUFi9ELM 1 1
fAdSAoZ9EE65NM 1 1
fIKSKWJ5nbEQYM 1 1
fSfp7rcLDFkumM 1 1
fURjzyMpx3b71M 1 1
fbAOJOk0XPLHUM 1 1
ff9gkNv_TpyJDM 1 1
fkLo7WXcEJfi5M 1 1
fsw44MxGUsvZoM 1 1
fszPqvTwWzgfrM 1 1
fxr3Lr6dp1KQ-M 1 1
gLXPLnCQRhF4GM 1 1
gNsN9CN9Y7DM4M 1 1
gQf3FhwxiwngKM 1 1
gXFe4XDfCeOnrM 1 1
gYpv1_abVgFPxM 1 1
gaV5mpEj6tKCzM 1 1
glEAQOwL5QyKFM 1 1
hASOYSJnHV80XM 1 1
hGJqH2_LTSPNlM 0 0
hPubFSjIoOyWyM 1 1
hVt9y2VBC6eXdM 1 1
hdFM64k0RmgHZM 1 1
hlFZUudIKkoTAM 1 1
hmKBWAIcYWxlSM 1 1
hmkCWkUWWJuYvM 1 1
hupALvLDP1AKVM 1 1
i-OZu5DKXMDfUM 1 1
i09mcy6s7scsVM 0 0
i1sXRbN5mbC31M 1 1
i48JZjNKupoKOM 0 0
iDGEzDu8ozmVeM 1 1
iUd2LzXrrzdktM 1 1
iVLK7uyYE_e90M 1 1
ik-HJxZ6snOoYM 1 1
iknS-WBaC8YyLM 1 1
insKVfIa2HirTM 1 1
irJxMfv7ut27pM 1 1
ixXMF841r2cnUM 1 1
jD5mZLZmSNoV5M 1 1
jQn9LFDmYgxDzM 1 1
jRpT6JlS7DmqmM 1 1
jTa5RGQrIKxx9M 1 1
jYL_s3zo-b32ZM 1 1
jYidOS8K1bnrAM 1 1
jeuL_BKTrja7sM 1 1
jtk3CChfbwn_hM 1 1
k5m0C6HRdc7yjM 1 1
kA3Mq4Iw4QI-lM 0 0
kAMOXjd9izsjGM 1 1
kCZFfwVC2SUIPM 1 1
kGK0i6APbbDoVM 1 1
kMbxQv0FuHAl8M 1 1
kRIxLAbfYXLGkM 1 1
kg9GgrIKz0yoyM 1 1
knmwigWuIKIG_M 1 1
koEegWKzqkFF8M 1 1
kurjP0BMUqRiPM 0 0
kvYnu-CPizvf-M 1 1
kvsMJNRd6bGiMM 1 1
kwcCt5w_82H_7M 1 1
kx03i-jqpGPpHM 1 1
l1Ry7NHNqfmcjM 1 1
l5ACNTtg7TBC9M 1 1
l82_g8YuaraF1M 1 1
lIS0Wdau5s0RvM 1 1
lbAzBW2d7fwn1M 1 1
lhvECSjzJHtfmM 1 1
loLvi2rFtbeneM 1 1
m-G-sYA4w9VnvM 1 1
m3KAN2YMlE_oBM 1 1
mBPquiRLaKc_RM 1 1
mCho2IyfUaIszM 1 1
mIqMvrNzAuGkpM 1 1
mMdbK7NTEXpgxM 1 1
mOOIyuFIk2RjBM 1 1
mQ93yT1y68U5cM 1 1
mR6kyLPcalPlWM 1 1
mVCXcNFAZoW45M 1 1
mVIOZW_mXqWndM 1 1
mVz-YYu_G5r2GM 1 1
mZUqXfodTXcFoM 1 1
m_rBZglzTPseFM 1 1
mf88t0D_GsL-dM 1 1
mk3rjUpXvdiHTM 1 1
n1lwrDTc-VwjdM 1 1
n2HTZd1-nJwM5M 1 1
nMoGhXYOfh6TXM 1 1
nMy53yZwWZxb_M 1 1
nNr3Z6rZDpPO9M 1 1
nVXbJVIktHmhLM 1 1
nWfJArSz9soXHM 1 1
nbkFkEXkVBCI3M 1 1
nlLYONhqZaj6qM 1 1
nsTL9izK_JCEaM 1 1
ntOKV92INJT8mM 1 1
nz-RhzTgL-QUvM 1 1
nzw9HUDTShmp6M 1 1
o4Y2vFoUgfBP3M 1 1
oI80UNQhRRIE7M 1 1
oMkahi7ikcoEZM 1 1
oVNJ1kh7uC8Z0M 1 1
obEsVj0pQujzJM 0 0
ojOWF8mip6JbJM 1 1
onvW7Aw3A8R6ZM 1 1
oozs9sh4ouYl5M 1 1
orwrx6_sEH436M 0 0
ozwQgnPidEy1EM 1 1
p37gIdoRmREFXM 1 1
p6XTFASeA5NyvM 1 1
pGopT0wKBDjEFM 1 1
pGx4f5abkA7bhM 0 0
pJp1822bQHH9gM 1 1
pQ1BFvcAOeEr-M 1 1
pa-3zjFlS1JpVM 1 1
pmNF4PKBSN5Y3M 1 1
pny2e_pSl-V8sM 1 1
psOZ9QRQeyxBSM 1 1
pszsrY_5kpdWDM 1 1
pzI_m3DQAxPqaM 1 1
q0OxHohR6xZ4GM 1 1
q8rsEu0fXJz3WM 1 1
qK9UvqLuEmJNnM 1 1
qKV1h6I8WfUn6M 1 1
qPCYAm4MwledqM 0 0
qPwdri88OY-i4M 1 1
qRb2yEPFTy9SNM 1 1
qYVMX2rY0RpfGM 1 1
qa_QEKQ2aSu1oM 1 1
qaoKvsjLyqGgfM 1 1
qbER6RCBG22ytM 1 1
qhrg3_1bqPYeaM 1 1
qijOr3gWo1a-xM 1 1
qlMqO9LjWP0LdM 1 1
qtPJWwXCay0MZM 1 1
qxUvcoU1qyWrdM 1 1
r1gYUYwyCI0ytM 1 1
rJeiUqZCIyuKrM 1 1
rKGUum1rGytPWM 1 1
rQHCG0RnJ9kNpM 1 1
rf3g_9PvaN73MM 1 1
rnZdWsGXMOIDWM 1 1
rrfXvUKl_rHEHM 1 1
rwtHKudexSHLXM 0 0
rzS_VGRSyuO_0M 1 1
s2EhZVnxvK92WM 1 1
sAi0jhD3lzSCRM 1 1
sAr161IB99ThNM 1 1
sFJIapWYbdoBeM 1 1
sLiywmDtoPDDZM 1 1
sQQl2VKp2hMdZM 1 1
saX8DJvJAbXW1M 1 1
scN_FX1wX8PtZM 1 1
sh1TMK69f2Yx9M 1 1
siteNBFZY52f2M 1 1
sxSJStN_8h8aPM 1 1
t-x5PMmzJuQghM 1 1
t10EN-ZizNmY0M 1 1
t1DMBMZ8w51_tM 1 1
tEZmxTXxekacNM 1 1
tJcY_p7QI34QxM 1 1
tJrxfrkzJxXawM 1 1
tN59Q_jo-YjJ_M 1 1
tcoOwkDFadiTFM 1 1
tg2A7InZihY0LM 1 1
tsWw67oTBQ64MM 1 1
u1t8fjtbS1u2JM 1 1
u2OjPoVndbrpgM 1 1
u2r-u0vojReCLM 1 1
uDeYwJv7pRIfHM 1 1
uNHQSscKe_jVaM 1 1
uVZD6YysF6tguM 1 1
uW99b1zWSErRnM 1 1
udcgOGCrbHWUMM 1 1
utoOXl2JdIKcjM 1 1
v1WdI5jhwn956M 1 1
v5RYsk2ou90QUM 1 1
vHVkjZYU9uq5BM 1 1
vVlM2Ol-Fc4MMM 1 1
vWsQNX-rQWOSlM 1 1
vcuuWCZTYnJWsM 1 1
vdv4VNUM37hOOM 1 1
vwjB-N-4C7mr8M 1 1
w4nc8NIsb0WjEM 1 1
w8IGmllyU1HOeM 1 1
wEd3XyzIZ_T9JM 1 1
wMs_ZJyoqA7KCM 1 1
wSirhxYH5U-Y5M 1 1
wcJ9svTtIGZp-M 1 1
wdLYgvwSn0B7AM 0 0
wmuVZE6x7B30oM 1 1
wrojnxZnINTWlM 1 1
wwzLg1E-o0r7-M 1 1
x5LSYFGeNttztM 1 1
xE1TQ5CWx3vB4M 1 1
xKimZvN0BIyUNM 1 1
xeCYZpn8cNC1qM 1 1
xgtKkeN-B3FplM 0 0
xnF-uBdycWzf1M 1 1
xxypybIoDx_S4M 1 1
xycAspmIvIXjmM 1 1
y-JjpcghfVscPM 1 1
yALUNF5iuZ36yM 0 0
yDxKBgnbZm3sjM 1 1
yEOwfv3utWExsM 1 1
yU5-jGSWeJOqxM 1 1
y_54m38dusB3uM 1 1
y_bnnCxzATgAIM 1 1
ydndF9deZJymDM 1 1
yiAb-No78DT61M 1 1
yny1dPYhZLfsnM 1 1
yq1BnxTn-Qhn3M 1 1
yq7m2pQgDba04M 1 1
ytpPg6r61Pz6XM 0 0
yuhi66l_Y9tjpM 1 1
yvbk6WUZCHVCcM 1 1
yzMxXgWz0Y4vUM 1 1
z742UegM89HjMM 1 1
zBOCSj3AHQtvkM 1 1
zKLQXieJfN9GqM 1 1
zQCyrwKIcu0OyM 1 1
zQPnxHpGSTwYvM 1 1
zQYM7eYkFBwy0M 1 1
zQZ9ntBCAoFjWM 0 0
zTLHmRtz177HZM 1 1
zd7qKep6zZABHM 1 1
zdn8_KDGeOvoCM 1 1
zg5ZDEvrga9cRM 1 1
ziUZ-bIwHuR6CM 1 1
znpMn1Ey8GQisM 1 1
zpPOxzeA3i_o-M 1 1
zpehG8M17jVDjM 1 1
zqXUTWfwJiZaPM 1 1
ztkkJ9-nSRl9QM 1 1
zvLKw8oD2V8WbM 1 1
zz8t1Qvyy1gjQM 1 1
