-6VmOJhAy5vPRM 1 1
-95LFa5G0ZDOHM 0 0
-H_bXMT7dLSSbM 1 1
-JItN1PQn2sYHM 0 0
-cWMS8G9DDO5AM 0 0
-goKIzCY1-QWVM 1 1
02KVzL8A-b0BEM 0 0
074NqmS4xUR-6M 0 0
0AEYix0j0zsHkM 0 0
0CFKlWxIFojhdM 1 1
0P_47lbsRB074M 0 0
0R2VfZyCAonbaM 0 0
0iZN7XQ3eOWSGM 0 0
0lBy4cK73Pa__M 1 1
0sHMLIcLpnA-lM 1 1
0vJ8B35jcyKitM 0 0
1-7-IRY6UANu9M 0 0
1000417337 0 0
1001270420 0 0
1001273076 0 0
10027031524 0 0
10027092286 0 0
10027162303 1 1
10066177613 0 0
10328808774 1 1
10363183983 0 0
1037042761 1 1
10396998074 0 0
10397040905 0 0
10397045484 0 0
10397049546 0 0
10397091725 0 0
10397098544 1 1
10397103756 1 1
10397239663 0 0
10397271853 0 0
10434588365 0 0
10452445504 0 0
10506655603 0 0
10511000753 1 1
10516424203 1 1
10519065485 1 1
105566865 1 1
10583121056 1 1
10583151144 0 0
10613173715 1 1
10613173895 1 1
10613201524 1 1
10613202206 0 0
10613505925 1 1
10613532866 1 1
10614090344 0 0
10841599923 1 1
10893040663 0 0
109109919 0 0
109798122 1 1
111422255 1 1
11233621783 0 0
11237249253 0 0
11240452656 0 0
11246139556 0 0
11246197673 0 0
11295440253 0 0
11358400456 0 0
11382824693 1 1
1138871304 1 1
115595069 0 0
115595070 0 0
115595071 0 0
11586003755 0 0
11586120165 0 0
11586347024 0 0
11702746575 1 1
11702992073 0 0
11703098614 0 0
11703116374 0 0
11703136854 1 1
11703475336 0 0
11703506006 0 0
11742513893 0 0
11743027496 1 1
11862096173 0 0
11920164315 0 0
11920202165 0 0
11920642344 1 1
11920651444 0 0
11921900453 1 1
11935335226 0 0
11935335366 0 0
11947807743 1 1
11MTd_PNTN96NM 0 0
12016684213 1 1
120547121 1 1
12183827505 0 0
12209701693 0 0
122374019 0 0
12384090134 1 1
1240235544 1 1
1244117654 1 1
12621094705 1 1
12715141984 1 1
127258234 0 0
127582365 1 1
127582380 0 0
12827234194 0 0
12890297443 0 0
12957925734 1 1
12957926975 1 1
12958031673 0 0
12958034524 0 0
12958144613 1 1
12958436634 1 1
12983213914 0 0
12983215904 1 1
12983280154 0 0
13019644153 1 1
13020294604 0 0
130288930 1 1
13108561505 1 1
13108564225 1 1
1314688394 1 1
13155931214 0 0
13179054615 0 0
13512253604 0 0
13512264504 0 0
13544879625 0 0
1357017020 0 0
13684202525 0 0
1375951221 1 1
13764627 0 0
1385873913 1 1
13885364775 0 0
13907561329 0 0
13932986112 1 1
13955028061 0 0
13978246323 0 0
1399059620 0 0
13994907418 1 1
14024048669 0 0
14032625077 1 1
14074766223 0 0
1414840162 1 1
14155796914 0 0
14187615679 0 0
14254331709 0 0
14254542737 0 0
14254546017 1 1
14256972455 0 0
14267176036 1 1
14298093077 0 0
14383340479 0 0
14417864686 1 1
14428103692 0 0
14436107098 0 0
14437618461 0 0
14439625922 1 1
14439850304 1 1
14472783334 0 0
144786671 0 0
1449291457 0 0
14608468658 0 0
14625297112 1 1
14681434145 1 1
14689339917 1 1
14694527465 0 0
14772119966 1 1
14791852411 1 1
14910099074 1 1
14910336004 1 1
14910361174 0 0
14910409674 0 0
14910939113 1 1
14910973613 0 0
14911026383 0 0
14911053273 0 0
149129480 0 0
149513098 1 1
15042079834 1 1
15042080384 0 0
15064391685 0 0
15089217386 0 0
15186577394 0 0
1519270735 0 0
15222121489 1 1
15222206970 0 0
15229158801 1 1
15266186809 1 1
15266329608 1 1
15266336568 0 0
15266339908 1 1
15266392597 0 0
15267225366 0 0
152678852 0 0
15341799738 0 0
15344255569 0 0
15344508159 1 1
15344536689 0 0
15344660498 0 0
15344683158 1 1
15344768138 0 0
15344836858 1 1
15344865858 0 0
15361101123 1 1
15361104443 1 1
15385837386 0 0
15425730686 0 0
15448053644 1 1
15448796525 0 0
15449791141 0 0
15452957905 1 1
15466608371 0 0
15469743585 0 0
15507323726 0 0
15507330746 1 1
15507427916 0 0
15507480716 0 0
15522003018 1 1
15528156861 0 0
15528351201 0 0
15528357611 1 1
15529250194 1 1
15531078435 0 0
15531101485 0 0
15531942312 0 0
15532002752 0 0
15627027683 1 1
15627028753 1 1
15660138281 0 0
15660139001 1 1
15660140721 0 0
15669335340 1 1
15727766806 0 0
157594785 1 1
15783090896 0 0
1578371011 1 1
15793352800 1 1
15794850667 0 0
15794909497 1 1
15816181950 0 0
15817441669 1 1
15817441979 0 0
15817701227 0 0
15841628 1 1
158730705 0 0
15954816536 0 0
15954890886 1 1
15954908916 1 1
15954913986 1 1
15977664216 1 1
15977664456 1 1
15978579701 1 1
15978622681 1 1
15978700301 1 1
15980678295 1 1
16001480681 0 0
16032474519 0 0
160406822 1 1
16049677998 0 0
16059526420 1 1
16117295587 0 0
16191280213 1 1
16245058211 0 0
16245061211 1 1
16246916555 0 0
16246917505 1 1
16246918815 1 1
16265870076 1 1
16361393991 0 0
16382933377 0 0
16432547634 1 1
164835451 0 0
165360069 0 0
16592188494 1 1
16594436523 0 0
16594443953 0 0
16625082159 0 0
166886642 0 0
166886797 0 0
167912065 1 1
1682128 0 0
17007208117 1 1
17007209557 1 1
17007211767 1 1
17020007145 1 1
17027113540 1 1
17028473409 1 1
17028474449 1 1
17028476609 1 1
17043359102 0 0
17188695386 1 1
17212963862 1 1
17214075061 1 1
17214079061 1 1
17214080501 1 1
1752196179 1 1
1753044950 1 1
17589359 1 1
1767689438 0 0
17707414 0 0
1775763496 0 0
18097558255 0 0
1813089962 1 1
1813089964 1 1
1813089980 1 1
1813133992 1 1
1813133998 1 1
1813134014 0 0
1829921035 1 1
1854037952 0 0
18905581129 0 0
19215083308 0 0
19331916722 1 1
19449257958 0 0
19487953082 1 1
19634799902 1 1
1989482201 1 1
1U61SJ4NoVdeXM 0 0
1UIiQKi52SmHkM 1 1
1aEYaf0Byej4IM 1 1
1fWJolctpQevfM 0 0
1g13c1dLRW6yWM 0 0
1i0GQsJbUOND1M 1 1
1kpOdbC5OlsT3M 1 1
2007418679 0 0
2042613022 1 1
2062390639 1 1
206331002 0 0
206331013 0 0
207526648 0 0
209896431 0 0
2104447094 0 0
2119803339 0 0
2141388239 0 0
214877928 0 0
2150882525 1 1
2151104779 1 1
2151895104 1 1
2153227698 1 1
2162237328 0 0
2189995549 1 1
21929098186 1 1
2201661544 0 0
2201684364 1 1
2202194859 0 0
2213095237 0 0
221852689 1 1
2221920406 0 0
2240017807 1 1
2241668495 0 0
2248661386 0 0
2259053207 0 0
2259053671 1 1
2259054105 1 1
2259851360 0 0
2267138636 0 0
2290178846 0 0
229248370 0 0
2293507837 1 1
2293511489 0 0
2293519367 1 1
229691145 0 0
2302291535 0 0
23089816240 1 1
23160694541 1 1
232553672 1 1
232553743 0 0
232553791 0 0
232553833 1 1
232553899 0 0
2330788298 1 1
2332304425 1 1
2332308947 0 0
2333132422 0 0
23383278 0 0
2338728118 0 0
234883720 0 0
234883721 0 0
234883722 0 0
2351698379 0 0
2351699821 0 0
2352494484 0 0
2365284511 1 1
2367624456 0 0
236774580 0 0
236774583 0 0
237594482 0 0
2376365764 0 0
23785791296 0 0
2383944013 0 0
2385829898 0 0
2396736659 0 0
240727833 0 0
2416967183 1 1
2417782934 0 0
2419639937 1 1
2419641899 0 0
2419644255 1 1
2419646431 0 0
2419655753 1 1
2419665013 1 1
2419667683 1 1
2419668263 0 0
2419670927 1 1
2419672567 1 1
2419673573 1 1
2419676025 1 1
2419680683 1 1
2419682923 1 1
2419685183 1 1
2419690909 1 1
2419693527 1 1
2420460378 1 1
2420462724 1 1
2420464582 1 1
2420466728 1 1
2420471624 1 1
2420473834 1 1
2420476026 1 1
2420485306 1 1
2420501458 1 1
2420509580 1 1
24243693005 0 0
2426029979 0 0
2426679939 1 1
24305255925 0 0
2439971580 0 0
2441382191 0 0
2442208878 1 1
2444301038 0 0
2457519506 0 0
2458783688 0 0
2459025734 0 0
24655381 1 1
2481744272 0 0
254569660 0 0
2547611056 1 1
25476145 1 1
2553495755 1 1
2567185691 1 1
2567230313 1 1
2568052298 1 1
2568052424 1 1
2568052712 1 1
25744896294 1 1
2585015924 0 0
2585017016 1 1
2598392715 0 0
261738798 0 0
26218117963 0 0
2627071259 0 0
2634898367 0 0
264838781 1 1
26540492903 0 0
2659476603 0 0
2663922129 0 0
2680822859 0 0
2680830429 0 0
2681122253 0 0
2681135975 0 0
2681637504 0 0
2681638786 1 1
2681640440 0 0
2681642324 0 0
2681643592 0 0
2681644994 0 0
2681646304 1 1
2681657626 0 0
2681935256 0 0
2681936644 0 0
2681955214 0 0
2681965634 0 0
2681968168 0 0
26821303056 0 0
2687076733 0 0
2689594417 0 0
2689596669 1 1
2689598043 1 1
2689599441 1 1
2689601915 0 0
2690413612 0 0
2690414916 1 1
2690417816 1 1
26904741334 1 1
26924431273 1 1
269930806 0 0
2716741883 0 0
2717554548 0 0
2717555848 0 0
2725953201 0 0
2725953361 0 0
2726778062 0 0
2726778194 0 0
2728253735 1 1
27323653152 0 0
2732923105 0 0
27441613561 1 1
2746031072 1 1
275463696 1 1
2757040863 1 1
2757080189 0 0
2757820186 0 0
2757830928 1 1
2757888902 0 0
2757905898 0 0
2757908052 1 1
2757919298 1 1
2757932128 1 1
2771154957 0 0
2771217389 1 1
2771978176 0 0
2772006564 0 0
2772243376 0 0
2772246024 0 0
277281690 1 1
278473614 1 1
2793632083 0 0
279391126 0 0
2801629906 1 1
281677898 0 0
2822946034 0 0
2839093039 1 1
2839093875 0 0
2839925648 1 1
2839927204 1 1
2872023420 1 1
2886778412 1 1
2886778414 0 0
2886778430 1 1
2886778438 0 0
288714074 1 1
288714194 1 1
2889130116 1 1
2889130124 0 0
2889130126 0 0
2889130130 0 0
2889130138 0 0
2889130146 1 1
2889144776 1 1
2889144786 0 0
2889144796 1 1
2889144806 1 1
2889144812 1 1
2889144816 1 1
2889152850 1 1
2889152862 1 1
2889152864 1 1
2889152872 1 1
2889152878 1 1
2889152882 1 1
2895687016 0 0
290094252 1 1
290094294 1 1
290094316 1 1
290094329 0 0
290094347 0 0
290094371 0 0
290094391 0 0
290094410 0 0
290094425 0 0
290094447 1 1
290094467 0 0
290094482 1 1
290094510 0 0
290094530 1 1
290094545 1 1
290094564 0 0
290094578 1 1
290094596 0 0
290094611 1 1
290094627 0 0
290094647 0 0
290094677 0 0
290094693 0 0
290094717 0 0
290094738 0 0
290094747 0 0
290094767 0 0
290094810 0 0
290202652 1 1
290203070 1 1
290203417 0 0
290203776 0 0
290204240 1 1
290204602 0 0
290204925 0 0
290205223 1 1
290205533 0 0
290205910 0 0
290206265 0 0
290206679 0 0
2906435452 0 0
2914522706 1 1
2951427281 0 0
296797977 1 1
297362910 0 0
2977252709 0 0
2978800031 0 0
2986483008 0 0
2BDqiZWA8nJUaM 1 1
2vcH-WcXxZB-iM 1 1
2vnj2y7iu4GtQM 0 0
301017334 0 0
302609691 0 0
3035856521 1 1
3036121986 1 1
3036124148 0 0
3036775337 0 0
3037278038 0 0
3038970146 0 0
3042411629 0 0
3053747909 0 0
307278770 0 0
308748065 0 0
3107543158 0 0
3113252097 1 1
3114522039 0 0
3127125429 1 1
3158818830 0 0
3160566757 0 0
3163978758 0 0
3165314637 0 0
3169018722 0 0
3170423345 0 0
3179275293 0 0
319212484 1 1
319212615 0 0
319212744 1 1
319212824 0 0
319212910 1 1
319213015 1 1
319213113 1 1
319213221 0 0
319213458 1 1
319213703 1 1
319213885 1 1
319214110 1 1
319214335 0 0
319214452 1 1
319214533 1 1
319214646 1 1
319214758 0 0
319214881 1 1
319214984 0 0
319215089 1 1
319215555 0 0
319215668 1 1
319215753 1 1
319215971 1 1
319216111 1 1
319216341 1 1
319216530 0 0
319216642 0 0
319217175 0 0
319217499 0 0
319218008 1 1
319218459 1 1
3198115752 0 0
3208964879 0 0
3222014017 0 0
3223203447 1 1
3223248394 0 0
3233001087 1 1
3251064477 1 1
326bR-asTy3sqM 0 0
3270028876 0 0
3276656953 1 1
3281514135 0 0
331142594 1 1
3316161500 1 1
3322744111 1 1
3324630297 1 1
3324630613 0 0
3324631045 1 1
3324631641 1 1
3324632083 1 1
3325467748 1 1
334325541 0 0
3346693014 1 1
3350208114 0 0
3357897900 0 0
3358249622 0 0
336844234 0 0
33707624 0 0
3386004480 1 1
340516814 0 0
340517031 0 0
340517222 1 1
3406592961 1 1
341755736 1 1
3443109447 0 0
3443923978 1 1
345211444 1 1
3480244325 1 1
348295708 1 1
348297573 1 1
3489122423 0 0
3494662463 0 0
3494685145 1 1
3494703693 0 0
3494716463 0 0
3495465462 0 0
3495467594 0 0
3495482420 1 1
3495486364 0 0
3495493678 0 0
3495534616 1 1
3495536106 1 1
3495537430 0 0
3529542185 0 0
3530680431 0 0
3537739253 1 1
3549047844 0 0
3550278515 1 1
3551085476 0 0
3564216255 0 0
3565034078 0 0
3565034284 0 0
3565737257 0 0
357285377 0 0
3580811455 0 0
3605100755 0 0
3644773666 0 0
36466394 0 0
3652524303 1 1
367010621 1 1
3677271903 0 0
3680963447 1 1
3680964587 1 1
3680965179 1 1
3681779680 0 0
3681781336 1 1
3681781922 1 1
3685583260 1 1
3686916877 0 0
3699586341 0 0
3717914496 0 0
3720481607 1 1
3725904399 1 1
3725904997 0 0
3726710064 0 0
3733273172 0 0
3734571225 1 1
375818429 1 1
375925714 0 0
3772265207 0 0
3772266055 0 0
3774529813 0 0
3793923897 0 0
3794742412 0 0
3795170319 1 1
3795538576 1 1
3795539052 1 1
3795539778 1 1
3819257628 1 1
382810613 1 1
3835880757 0 0
3843080200 0 0
3845874567 1 1
3846972306 1 1
3849368592 1 1
385529535 1 1
3861290357 1 1
3870909240 1 1
3887766452 0 0
389479939 0 0
3908732008 1 1
3942971595 1 1
3956394662 1 1
3966749623 1 1
3980013652 0 0
3981162713 0 0
3981166089 0 0
3981743272 0 0
3995815602 0 0
3997671851 0 0
3Ltx8a-jmXGamM 1 1
3MwjUEjJrxoZTM 0 0
3UzwwbrfLYy73M 1 1
3hNAPPxJVJw3-M 0 0
3hySLiPK3iGw2M 1 1
3mrEhOR0NBnLgM 0 0
3s9snt0r1v-4hM 1 1
3uOPMsv0h9Ac9M 1 1
400531951 0 0
4011852944 1 1
4013578267 1 1
4013584823 1 1
4018652910 0 0
4023357965 0 0
4024115106 0 0
4024115618 0 0
4024116576 1 1
4024117108 0 0
4034022086 1 1
4056995015 1 1
4057093797 1 1
4057104213 1 1
4057733720 1 1
4057733986 1 1
4057927862 1 1
4060339343 1 1
4060344881 0 0
4060349187 0 0
4061094712 0 0
4061767329 0 0
4074502486 0 0
4075293124 0 0
4080637494 0 0
4086809755 0 0
4089749609 0 0
4092038339 1 1
4094222637 1 1
4096672129 0 0
4110214639 1 1
411913725 0 0
4126986202 0 0
4134973082 0 0
413839480 1 1
413841077 1 1
4150347908 0 0
4173697196 1 1
4178185667 0 0
4189892929 0 0
4190712675 1 1
4194589573 0 0
4195347002 0 0
4205691831 1 1
4207017347 1 1
4221930046 0 0
4221934178 0 0
4229752382 0 0
4234116736 0 0
4235335857 0 0
4243386314 1 1
4251005205 1 1
4255010760 1 1
4255586526 1 1
4270897084 0 0
4297593351 0 0
4299621979 1 1
4299622649 1 1
4299623425 1 1
4299623601 1 1
4299623793 0 0
4299623959 1 1
4300368782 1 1
4300369002 1 1
4300369518 1 1
4300369702 1 1
4300369934 1 1
4300370962 1 1
4306437192 0 0
4308935146 0 0
4327665447 1 1
433113035 0 0
4332989077 0 0
43448493 0 0
4355395191 1 1
4355396137 1 1
4355397203 0 0
4356138368 1 1
4356138998 1 1
4356139296 1 1
4356140962 1 1
4356141400 1 1
4363220691 1 1
436781316 1 1
4372640644 1 1
4373847500 0 0
440421222 0 0
4410119253 1 1
4410885284 0 0
4412116373 0 0
4412883674 1 1
4421384331 0 0
4422501885 0 0
4422501957 0 0
4422502173 1 1
4422502583 1 1
4423069002 1 1
4423266858 0 0
4423267560 0 0
4429887105 1 1
4429888247 1 1
4435297001 0 0
4447077971 0 0
4452978997 0 0
4463515326 0 0
4471050910 0 0
4472915557 0 0
4472915745 1 1
4472916207 0 0
4472916405 1 1
4472916593 0 0
4473692906 0 0
4494476139 0 0
4495126546 0 0
44957510 1 1
44FjYhh6TR7UhM 1 1
4502783049 0 0
4526094489 1 1
4532419131 1 1
4590165779 0 0
4596312152 0 0
4601846671 1 1
4603244614 1 1
4603262999 0 0
460556158 0 0
4612272349 0 0
4612887626 0 0
4613048723 0 0
462427715 0 0
4629409051 0 0
4649011296 0 0
4672798070 0 0
4675860867 0 0
4684840263 1 1
4693686090 1 1
4704875054 1 1
472070622 0 0
472439235 0 0
4733351541 0 0
4733351701 1 1
4762641591 1 1
4827485750 1 1
4828638583 0 0
4836519380 1 1
4840088740 0 0
4840874681 0 0
4853681424 1 1
4877331704 1 1
4878231896 1 1
4880210708 0 0
4882126977 0 0
4882736124 0 0
4886491359 1 1
4896123242 1 1
4896123250 1 1
4896123256 1 1
4896123262 0 0
4896123266 1 1
4896160578 1 1
4896160592 0 0
4913983422 1 1
491398511 1 1
4917974288 1 1
4923341124 1 1
493098385 1 1
4945364123 0 0
4988725939 1 1
4993176214 0 0
4BaTR3fLZANhmM 0 0
4KyNMKf7fZO29M 1 1
4T3Y1OEQiMJROM 0 0
4ThPlDwZDjSdgM 0 0
4jSpaqzlKE_O9M 1 1
4ljRJ_rH2a4RFM 1 1
4o7aQcjpoG9RSM 1 1
4oUoSpvebcA90M 1 1
4tXKM9tLcDKCnM 0 0
4vkHBRPI1Q4iOM 1 1
4wctBURqKnKhGM 1 1
5012998633 1 1
5036137564 0 0
5036304919 0 0
5037690961 0 0
50380905 0 0
5038318182 0 0
5038410570 0 0
5041007213 1 1
5041623444 0 0
5041626038 0 0
5067025491 1 1
5067026863 1 1
5067030347 1 1
5067061265 1 1
5067062767 0 0
5067635366 1 1
5067639388 1 1
5068802990 1 1
5087678437 0 0
5087679093 0 0
5091337845 0 0
509304326 0 0
5093109598 0 0
5093348799 1 1
5093917266 0 0
509483526 0 0
50Wrau0M4oJCoM 1 1
510196145 0 0
510196167 0 0
510obtdKZ41-9M 0 0
5123770161 1 1
5132244972 0 0
5132245686 0 0
5132248108 0 0
5143806951 1 1
5144412262 0 0
5157664067 1 1
5158065778 1 1
5158065866 1 1
5171129398 0 0
5179416326 1 1
5184196709 1 1
5185736875 1 1
5210171566 0 0
522437381 0 0
5226121606 0 0
5238602106 0 0
524070525 0 0
5260110231 0 0
526015698 0 0
5260718226 0 0
5273613137 0 0
5275285562 1 1
5303999562 0 0
5313880842 0 0
5318773628 1 1
532972204 0 0
532973084 0 0
5333718148 0 0
5339098918 1 1
5343971135 1 1
5343971949 1 1
5343972289 0 0
5344581024 0 0
5344581400 1 1
5344581712 1 1
5344582320 0 0
5344583240 0 0
5362218202 0 0
5377993551 0 0
5385675250 0 0
5402867375 0 0
5410583021 0 0
5410583397 0 0
5411195204 1 1
5435527475 0 0
544710755 0 0
5451865096 0 0
5457749771 1 1
5457753433 1 1
5457755577 1 1
5457756833 0 0
5457758443 1 1
5458357366 1 1
5458359806 1 1
5458360876 0 0
5458361510 0 0
5459438019 0 0
5474977302 1 1
5479714628 0 0
5485474880 1 1
5489658623 0 0
5492325925 1 1
5496535117 0 0
5525622711 1 1
5526231100 0 0
5534302682 0 0
5551810109 1 1
5552720974 0 0
5556155333 0 0
5580433070 1 1
5623591900 1 1
5623591996 1 1
5624675209 0 0
5631788035 1 1
5631788543 1 1
5635473909 0 0
5647658241 0 0
5649698152 0 0
5661186533 0 0
5718981812 1 1
573003373 0 0
5740161871 0 0
5744508070 0 0
5755123087 1 1
57569655 0 0
57619120 0 0
5762743467 0 0
57763324 1 1
57765202 0 0
5776896985 0 0
5798080014 0 0
5811095551 0 0
5849843928 0 0
5868936926 1 1
5887434484 0 0
5902682439 1 1
5903243420 1 1
5914453705 0 0
593575303 1 1
5941487917 0 0
5951466030 1 1
5958218757 1 1
5965813285 0 0
5CHtmyRsMPEcJM 1 1
5Q-NkATfja7g7M 0 0
5S6SFCLpxpSSRM 1 1
5SXUoTNu-FT7vM 1 1
5U1SmtzOs2TZfM 0 0
5XVrrRU6uLQiVM 1 1
5bck9mwUvCwQeM 0 0
5jjN7SSIfRlzRM 0 0
5ooCSuGIU_FXuM 1 1
5sBjAjTpjsI-6M 1 1
6000821389 1 1
6009913527 0 0
6009914909 0 0
6009916983 0 0
6009920339 1 1
6009920707 0 0
6009922129 1 1
6009923799 1 1
6009925801 0 0
6009928107 0 0
6010464368 1 1
6010465984 0 0
6010467866 1 1
6010468914 1 1
6010471864 1 1
6010473160 0 0
6081217811 1 1
6081220061 0 0
60909371 0 0
60909416 0 0
60909461 0 0
60932879 1 1
60933163 1 1
6133353453 1 1
6219750837 0 0
6219750859 1 1
6220271680 1 1
6221212285 1 1
6221212897 1 1
6221213365 1 1
6221734092 1 1
6221734250 1 1
6221735164 1 1
6251946844 0 0
6280039205 1 1
6280556870 0 0
629642536 1 1
63158726 1 1
6337384092 0 0
6362164 0 0
6369777689 0 0
6392914617 1 1
6401248235 1 1
6439888361 1 1
6439889923 1 1
6531398069 0 0
6532164559 0 0
6558479829 0 0
6571376611 0 0
6572004295 1 1
65zOkmZ3Pjh8QM 0 0
6601607645 0 0
661475891 1 1
661475933 0 0
661476031 1 1
661476357 1 1
661476713 1 1
661476973 0 0
665cwc6b_9SHIM 0 0
6695380125 1 1
67372818 1 1
6770386871 1 1
6770387925 0 0
6770388965 1 1
6770390897 0 0
6770394131 0 0
6770398417 0 0
6779143157 0 0
6779147591 0 0
6779154163 0 0
6779378503 1 1
6779380477 1 1
6779382895 0 0
6779385017 0 0
6779386723 1 1
6779388619 0 0
6779390649 0 0
6779392911 0 0
6779394775 1 1
6779396329 0 0
6779398479 0 0
6780417589 1 1
6780528466 0 0
6789055110 1 1
6790964252 1 1
6790975878 0 0
6790981052 1 1
6790983078 0 0
6790985880 1 1
6790991354 1 1
6791000134 1 1
6793160546 0 0
6793160918 0 0
6793161392 1 1
6793161766 0 0
6793163070 1 1
6793163446 1 1
6793163856 1 1
6793164246 1 1
6793165680 0 0
6793166200 1 1
6793166752 0 0
6793167170 1 1
6793167516 1 1
6793168474 1 1
6793169102 1 1
6793169726 0 0
6793170266 0 0
6794748846 1 1
6803530432 0 0
6803546874 0 0
6805143636 1 1
6811003087 0 0
6824464390 0 0
6831766343 1 1
6854835159 0 0
6867449506 0 0
6881487213 0 0
6904512269 1 1
6931578934 1 1
6937097703 0 0
6937107527 0 0
6937112925 1 1
6937115357 1 1
6939274491 1 1
6939274867 0 0
6939277165 1 1
6939277581 0 0
6939280225 1 1
6939282981 1 1
6939506679 1 1
6940860151 1 1
6949945569 0 0
6979356525 1 1
6981392268 1 1
6981393004 0 0
6981393914 1 1
6986666964 1 1
6990553556 0 0
6990554556 0 0
6999656767 1 1
6ChyEjdrbEDAEM 1 1
6QloH4l8OegwgM 1 1
6Ww41SUjrkFb2M 1 1
6XFpnX5x7gMRnM 1 1
6Z9nP4pA6obvZM 1 1
6_QxH1Iwh_gOIM 0 0
6kNrqefvZBsDHM 1 1
6wDzRDpcRF5nRM 1 1
7035645865 0 0
7042956345 0 0
7044913073 0 0
7052180587 0 0
7122597367 0 0
7127479697 1 1
7136637325 0 0
71437061 0 0
71437370 1 1
71437373 1 1
71437374 0 0
71437375 0 0
7146124433 0 0
7146125565 0 0
7150263797 1 1
7160991971 0 0
7184357729 1 1
7223326204 0 0
7229610234 1 1
7229613260 1 1
7229616206 1 1
7229618706 1 1
7229621324 1 1
7229622938 1 1
7229624590 1 1
7229625994 1 1
7229627960 1 1
7229630572 1 1
7229632430 1 1
7229633920 1 1
7229636980 1 1
7229638844 1 1
7229642526 1 1
7229644658 1 1
7234373 1 1
7243432940 0 0
7247694220 0 0
7331803232 0 0
7331807090 0 0
7346197020 0 0
7365132710 0 0
7376602962 1 1
73858066 0 0
73861129 0 0
74127355 0 0
742596159 0 0
7433572012 0 0
75564831 0 0
75564832 0 0
75565257 0 0
7633910224 1 1
76B2efI4LLpGWM 0 0
7776545866 1 1
7776547008 1 1
779175525 1 1
779204007 1 1
780055450 0 0
780083184 1 1
780085442 0 0
780088534 0 0
780093602 1 1
7814456636 0 0
7869897384 0 0
7889951582 0 0
7909066546 0 0
792638131 0 0
7933477726 1 1
7973928786 0 0
7UtrMg7bbRTktM 0 0
7WY_uSEB8FQCiM 1 1
7gIVgZl0DGRvkM 0 0
7sGYVzwoCa9CEM 0 0
7xrmduln_jMfOM 1 1
7y1Ih49IWuFzAM 0 0
8008500738 0 0
8012918731 1 1
8022139370 1 1
8022141706 1 1
8024377985 0 0
8040671457 0 0
8040675041 0 0
8043156073 1 1
8047799113 0 0
8047804836 1 1
8072385532 0 0
8144113404 1 1
8144808460 0 0
8177282946 0 0
8184020893 0 0
8184022089 0 0
8184023349 0 0
8184054906 0 0
8184055820 0 0
8184059208 0 0
8199450356 0 0
81MzoQXRLMro6M 1 1
8212709049 1 1
8212739243 0 0
8212933467 0 0
8212938251 1 1
8212945597 1 1
8212951751 0 0
8212960155 1 1
8221207531 0 0
8245520923 1 1
8245609611 1 1
8257291929 0 0
8257774049 0 0
8260476344 0 0
8298270917 1 1
8309027551 1 1
8317482051 0 0
8317483301 0 0
8317483589 0 0
8318537048 1 1
8318537756 0 0
8318539272 1 1
8318540620 0 0
8325431569 0 0
8326490348 0 0
8326490540 0 0
8334794296 0 0
8334794384 0 0
8341451453 1 1
8342780783 1 1
8351929800 0 0
8351946054 0 0
8355812367 1 1
8356052024 0 0
8356380050 0 0
8377662739 0 0
8407330705 0 0
8421677747 1 1
8422772340 1 1
8436219313 0 0
8479051481 1 1
8484580964 0 0
8491421808 0 0
8506364574 1 1
8549138511 0 0
8549153111 0 0
8550253012 1 1
8550781672 0 0
8567295334 0 0
86108862 1 1
86109102 1 1
8610958809 1 1
8610961059 0 0
8610962255 1 1
8610965703 0 0
8612069692 0 0
8612073742 1 1
8612075044 1 1
8665834765 0 0
8725981808 0 0
872935844 1 1
8730199716 1 1
8731570480 0 0
8734554205 0 0
8745762105 1 1
8745765743 0 0
8745768037 1 1
8745769819 1 1
8745771223 1 1
8745772897 0 0
8745774501 1 1
8745776241 0 0
8745782489 1 1
8745783947 1 1
8745784795 1 1
8746886350 0 0
8746889264 0 0
8746900124 1 1
8746901668 0 0
8746903598 1 1
8751161979 1 1
8751165363 1 1
8752285166 1 1
8752286246 1 1
8752288472 0 0
8752290886 0 0
8761695092 1 1
87630733 1 1
876889165 1 1
877734766 1 1
8859263685 1 1
889751346 1 1
89753401 1 1
8975612318 0 0
8BPbzWm2VggVYM 1 1
8LaTljIX-2-rWM 0 0
8QBPomNy2Y0FXM 1 1
8RzInsR0ZxSb4M 0 0
8U05K1NRD3qVTM 1 1
8XtdcKe0IjUoiM 0 0
8ZnRweG30sQSKM 0 0
8bo8urfD-AmDyM 1 1
8cPwqiq7LPwGLM 0 0
8evKLEsmA-JyAM 0 0
8nUwPshiMKk7gM 1 1
8sdmR5rOVOBbrM 1 1
8vSrwEI6XOVG6M 1 1
9047152291 0 0
9049381686 0 0
9053500626 1 1
90718166 0 0
9098373795 0 0
9098373933 1 1
9098374961 1 1
9098375403 1 1
9098375683 1 1
9098376179 0 0
9100607594 1 1
9100608088 1 1
9100609000 1 1
9100609382 1 1
9100609766 1 1
9100609958 0 0
9100610144 1 1
9100610242 1 1
9100610540 1 1
9100610996 1 1
9100611186 1 1
9100611314 1 1
91478240 0 0
9165540718 1 1
91oVHw1-tmZYXM 1 1
9278808916 1 1
9284959023 0 0
9303512933 1 1
9416346020 1 1
9416347190 0 0
942469165 1 1
943309556 1 1
9484454141 1 1
9511787161 1 1
9511789109 1 1
9514582088 1 1
9541633312 0 0
95446204 1 1
9608045694 0 0
9645928165 1 1
9658445233 0 0
96611650 1 1
96611731 1 1
9686990007 1 1
9690162688 0 0
9704826089 1 1
9704829225 1 1
9704830615 1 1
9704831913 1 1
9704839265 0 0
9704844037 0 0
9704848261 0 0
9704849459 1 1
9704850225 0 0
9704851173 0 0
9704852959 0 0
9704854763 0 0
9704856043 0 0
9708059452 1 1
9708062750 0 0
9708067506 0 0
9708068704 0 0
9708070398 1 1
9708071726 1 1
9708072684 1 1
9708075360 0 0
9708080470 1 1
9708081690 0 0
9708149392 1 1
9718687675 1 1
97790719 1 1
979PVrOE43bpGM 0 0
98211363 0 0
989547512 0 0
9VB2Atx7NK9qhM 1 1
9ahrLxby4hlrbM 0 0
9dUaYRSaFRfvOM 1 1
9jum72KODKw_9M 1 1
9trSQidbpaCnYM 0 0
AAkKdvzVMqDFCM 0 0
ABYFuUc4M9RwQM 1 1
ADEOs5HzuwgleM 1 1
AHMXf-CeXTerpM 0 0
AUitDaMqup208M 1 1
Ab_PaIdXYKwoLM 0 0
AgaFuaxUIO8KBM 1 1
B1qxakuaWummQM 1 1
B4Ljq1kLVwTrJM 1 1
B76H9NDFCbpYNM 0 0
BDiGYSu3eo3SYM 1 1
BDrxhknKE1SuIM 1 1
BHIo5WBluPD1AM 1 1
BPKCU0rx9Lg56M 1 1
BYHwWs_9r-2UyM 1 1
B_kgn2MaU2AWHM 1 1
BgvtXSMN6s0jlM 0 0
BmkdakRMKe93oM 0 0
BrAQ0gNv7HH4fM 1 1
BtQ-CJFjNj2egM 1 1
Bzdgp-oqOwK3uM 1 1
C0-n4lzQO7PKzM 0 0
C4EiyOn2QS6AkM 1 1
CJHXmGO1rfMQTM 1 1
CRruq5sTEWxszM 1 1
CX_AEeceIdgOqM 1 1
Ckb38aXMxi6fVM 1 1
CrF2aWscGVMPlM 0 0
D-bq6wLrqppMfM 1 1
D15jzRRscqQLWM 0 0
DFqCPNoN05CG-M 1 1
DJCgqnoYKxr8OM 0 0
DLgys41Y4wNRUM 1 1
DdLKfodRP7p-RM 0 0
Dig3jZyP1AlwIM 0 0
DoETFCCmYdNd4M 1 1
DoePJi16t2cavM 1 1
Dq3GFc8T3ozYJM 0 0
DuYfYF26H9VS6M 0 0
E08MymbdCIRw3M 0 0
E4r9lY75v6zeSM 0 0
EG_wxl39vt8CiM 0 0
ENKmykLJJuHTMM 1 1
EOAHYvvFmhJ3VM 1 1
Ea2ygKWy42Xk-M 1 1
Ed-PfkHaaf63hM 0 0
EhiN-16GGAHYZM 0 0
EvVh6qqnm3JDyM 0 0
EwOz3jio88FqtM 0 0
FH_LXHKn6M9ESM 1 1
FHjN3x8p97EwPM 1 1
FSygBumbl53KLM 1 1
FWpq1-LH8I5s9M 1 1
Fb_Fzm2CFr2qTM 0 0
Fj7EOFfn44BnYM 0 0
Fvego-klRXMbAM 1 1
G26-8x5Kk6gpfM 0 0
G7q9q2MJOuf-_M 0 0
GKZXrfp-J4CT9M 1 1
GUUFu0QSPVRkuM 1 1
GXafsxeI8WFhLM 0 0
G_H_eqvDe841hM 1 1
G_fN9NySUy1YvM 1 1
Ga4r5_aLj_1KPM 1 1
Gb1EGek9ElinwM 1 1
GcvvUpXpY4EB8M 0 0
GjmBe06YsYZlXM 1 1
GnoMFZ2IyaNDRM 0 0
GvrwoOBvU_JYxM 1 1
GzF0LPI6UoXOoM 0 0
H4MmyYM7R1D8IM 0 0
HA2yBMAVoyfMOM 1 1
HKhER4iQ_tMvrM 1 1
HL1gFcvIXSjrSM 0 0
HUW0ECj2nAEcoM 1 1
HXgmL5txyoVroM 1 1
HaNWh4E-lstd0M 0 0
Hjqd9gRJ-_d9cM 1 1
HlR56ltYRPZ5EM 0 0
HzB_kVT4IVAUCM 0 0
I11fnohvWMStaM 1 1
I7XpD1DYdpPt8M 0 0
I8nR9v_BlROZ7M 0 0
IAyTBuHjB_9UFM 0 0
ICfOaX6eELeBZM 1 1
IEd8OaE1ihB2WM 1 1
IF538-c5nYIsFM 1 1
IVt6M_8Q4LJFyM 1 1
IW1CoUDo6s3I6M 1 1
IdqZPmRUMDXthM 0 0
IjHk9tvgToBSpM 1 1
IjhPZes3c1n0MM 0 0
Ings5TbbG5wi2M 1 1
J248wMzwPVPrDM 1 1
JFmQyy7PxGZfOM 1 1
JIhmlDYHsF3FRM 0 0
JMN0_sXitNcgCM 0 0
JeKmi_fSvXnIwM 1 1
JfkKcCWOM2o4bM 1 1
JjBxYVt0fsZz4M 0 0
Jmg1mLrX9jZeEM 1 1
K0mUs5cvfbtUbM 1 1
K7wbEs_SUFmuJM 0 0
KG08uoZmNISnNM 0 0
KJ8CIQWNJE0KfM 1 1
KMprXQrx6bOh1M 0 0
KOP9aGA1wep1VM 0 0
KTsqFGsw2cWw2M 0 0
KYjUqPWNsey4QM 1 1
KoxHLy-RsI3zvM 1 1
KuBy7NzgeV38sM 1 1
L10OoCTiQ01HUM 0 0
LK4A4mbg2JCTPM 1 1
LZiSOBo4lkMy2M 1 1
LpeqlD_skMEqLM 0 0
LqjgyfOJzP7wFM 1 1
M8nVQDD5BcbStM 1 1
MCvANaWvfkYq9M 1 1
MFMBXhinCOYgTM 1 1
MZ_WF4nPS64k6M 1 1
MgVE_ap9IG396M 1 1
Mh237Gb8XkW8SM 0 0
NBwvAC6v-p3OLM 0 0
NHMRMLtXPJmjjM 1 1
NLJ9SceofTzybM 0 0
NTcyVeDe63wNwM 1 1
NUgKM_w5c0ixCM 1 1
NVF2gvNl4A5RuM 0 0
NdYWIjWbsDynUM 1 1
NhwGunJZ2ZyaYM 0 0
NuSAa-9507mLTM 1 1
NwtFu-qG_NVl4M 0 0
O1tGHQ-SJiRV8M 1 1
OEwTJOze5NEiZM 1 1
OJXIS7gOBJNNQM 0 0
OPN8sWsel4C53M 1 1
OQUtq8AvtwliiM 1 1
Or13m7cEXYOmoM 1 1
P1j_IP1gwSP9OM 0 0
P23ipudKhiW9pM 0 0
P2i2WT-nZlPRxM 1 1
P6YFyEUC6X-XEM 1 1
P9r-bGe5EPG3_M 1 1
PJJn5RwkajQsZM 1 1
PKDKphuVGir2uM 0 0
PNsDnn6rikvKpM 0 0
PvHkecdt66X3QM 1 1
Q4xQzZEjKzKoUM 1 1
Q8XIIUhLf6m9BM 1 1
QDq8SJ8RYuQAhM 1 1
QEfw9oZI8yfE3M 1 1
QHPqgBAO10JsvM 1 1
QO-rRKUYIKlvGM 0 0
QQiAhLI4ux_JqM 1 1
QQt3KGK1m8_OWM 0 0
QVIt6GX-DCgEbM 1 1
QaTstEL0D9XhMM 0 0
QasCAnsh9jvPsM 0 0
Qhp37l6WwBOqcM 0 0
R3BjIBN5IFkWcM 1 1
R6xowqo_dbfx5M 1 1
RAKpM0VBE3e6BM 0 0
RDgCjeRKg-kgFM 1 1
RJE-C1o0BaUkCM 0 0
RN9Ckw91ZVxtZM 0 0
RWgzArNZipBOoM 1 1
RZz5XNkm7wqL7M 1 1
RcivE9AyeP5DFM 0 0
RfAVxRZuQ-MEuM 1 1
Rgjc-SOjHr6m7M 0 0
RjfalhAb2O9VVM 1 1
RjzhxEwxVRO_2M 1 1
RkTK5QM8f4TxGM 1 1
Rl5VCD-mufWUBM 0 0
RpwUvs3IB7uZUM 0 0
RtFtsahbRhPEKM 0 0
S-LjkhCdAbu4VM 1 1
SBmSNuPJlpCudM 1 1
SCqkSTLJNnXp3M 0 0
SFDjI-TEnqzQGM 1 1
SGdM07yf3edkzM 1 1
Sb0tcB_iT341UM 1 1
SdZAKZ4OplMwoM 0 0
Sf0BPQ0q9G2whM 0 0
Smr2TZIUTophuM 0 0
SsCgtZCAX-YkEM 0 0
SvGZZr-uz5GiqM 1 1
Sz_5Bsd6w5u32M 1 1
T7QjaJAb-OYFIM 1 1
T8l_8MVV5AUQaM 1 1
THlLhCrbnWyxSM 1 1
TN4qmACz1UiyvM 0 0
TYDEF2yUef2d_M 0 0
T_MG_zEnm4TirM 0 0
TodFWGB85N6OfM 1 1
TyP_cXrLrLZnLM 1 1
U3tqZ4bGPZqDQM 1 1
U5M5dePYhPQMyM 1 1
U8-469kH1CnnCM 0 0
U9FaYorUN1-1OM 0 0
UEPyl-aX_qS75M 1 1
UG0_AQDml835RM 1 1
UGOjzyKJhYJVpM 0 0
USHNgqb705HoyM 0 0
Uv_oVutw5M-0FM 0 0
V6j6NeOZkvHd9M 1 1
V83EsQY79zJjdM 0 0
V9YivQxwOftB4M 1 1
VKkJrK_86vIZCM 0 0
VWbR8i1xTsLmJM 1 1
VXaVB2aluqkdfM 0 0
Vel0XAeKqdmO5M 0 0
VkHpBey_QUITuM 0 0
VldM5VVWJ71pWM 1 1
WCX1-6WUaa5g5M 0 0
WEEwzW-hgD2GEM 0 0
WGeDcnkwvosdrM 1 1
WHhOVXstQLEssM 0 0
WLrqfRjphYMurM 1 1
W_mddcYHzKbNLM 0 0
Wd0M0ETfYuJyMM 1 1
WelWJ5mvUm_FDM 0 0
Wm43-YFbFW74oM 0 0
WmQMvrr4KzPGEM 0 0
WnuH2pU41FedzM 0 0
Wp9rAGR7dawhSM 0 0
WsL59KSRtrSwEM 1 1
Wxkkzr2Rnahe7M 1 1
X1XrjGJbN9_gXM 1 1
X4h1yTVeXpRAiM 1 1
X5SI6NI9xd3BnM 1 1
XHMjnALDYIYcqM 1 1
XLP9FGSeHOrY0M 0 0
XLT03DoxFq-F9M 1 1
XNnsNmOiex2pUM 0 0
XO4lH7ll7jMvpM 1 1
XV-7MJugq-TXKM 0 0
XkjEwOXxFTdrTM 0 0
XpJIKmbiZzkWYM 1 1
XxbbKQYHXeXe3M 0 0
Y-xHN4NLcFHWwM 1 1
YL451K-UhC1z0M 1 1
YQ3w7bNk3zP8tM 0 0
YUgNRCutOwx9rM 1 1
Yc5OAqPU-St0MM 0 0
Yc9siBznfKpsCM 1 1
YgDUnzJrTfzICM 1 1
YztJSCiLmteZLM 1 1
Z0pmpbNpEVqi3M 1 1
Z19fINi_fBqd2M 1 1
Z6OX0nwIvyYyXM 0 0
Z9PV1pR7mXK-DM 1 1
ZHzm3A0QvY4zPM 1 1
ZMN-YVjDQSgCSM 0 0
ZNbzwtZUTloOGM 1 1
ZUv9AMTlvqvjBM 0 0
_GULW_lljlyBBM 1 1
_JF1NUqegE9CdM 1 1
_K0DCIzVY8kRuM 0 0
_KcbLP9fXU9EmM 1 1
_P8HU5VgTa8iYM 0 0
_SQ2yR4W2nUOjM 1 1
__PpNdF0IonkOM 1 1
_hHPxjd30vnVWM 1 1
_hNjGdR83b6VyM 1 1
_iUJYMW0jNS_JM 1 1
_mTu2Lws6Q1EnM 1 1
_sHaGTdgPHkuwM 0 0
_vvxhgJ6Do0CiM 1 1
_zbABPN2lCxZaM 1 1
a7AEx3zUit6YfM 1 1
a8pG_V8VqsPZ4M 1 1
a8s0wYK0i2tX1M 1 1
aKcEMxErR8s7dM 1 1
ab1jZAenA4YP-M 1 1
akriBfjALq9fIM 0 0
alzpv37EqV1VeM 0 0
ayTnkNH9B-FbqM 0 0
ayZ78RbAoCCnNM 1 1
b5SdQJ4jbPgBDM 0 0
b6XPx7MWRDlWTM 1 1
bLminmfJxDds2M 1 1
bNMGySL9vbj0XM 0 0
bRi2k57sUBAUdM 0 0
bVAXGPBatB8_DM 0 0
bWEUbyCSjDTUqM 0 0
bdnThXlRCynNJM 1 1
bpI55_3anaw2AM 1 1
cAlpa52EIp2neM 1 1
cQt7EN25UW-HzM 1 1
cXmvszsn4VQFuM 1 1
dCWLOZ4FWIc4nM 1 1
dFo62ytRBphiSM 1 1
dGf5DZDiZ_J7eM 0 0
dKTN7zshaZnq8M 1 1
dXO-Y261dVXR8M 1 1
diu0nuPz0u7yqM 0 0
dpu_KLT0yn22OM 1 1
drkOi1sT1TD3EM 0 0
e0TVe4vpQjtm7M 1 1
e9jVp-NAJBhoJM 1 1
eGFBqdaS2pA0yM 1 1
eIeb260_-kO1IM 0 0
eIqbGTL0dIek4M 1 1
eJuG6IT7PtVFXM 0 0
eYUxzzCDgCn54M 1 1
eaPzytqkOb9ocM 0 0
efIPAMaroeUQvM 1 1
ekuwT60Q32G5dM 1 1
emCZBhne5kQd_M 1 1
ezMY9vQ2eDLuwM 0 0
f1pK28gyr71TDM 0 0
f22-n4bYE_lV0M 0 0
fQO5qaSqk5TylM 1 1
fQjm9_2Eq0bMPM 0 0
fcBBS8337OIcnM 0 0
flKyv7h4Axx2iM 1 1
foRSFOESvc1xTM 1 1
fuNe4CyZwZvMAM 1 1
g1T10pF8Iw_F9M 0 0
g4E4xeetjRTQ_M 1 1
g6kA_n2JYQCe3M 1 1
gGRjVPVKviypVM 1 1
gJtPgfQhjxq1IM 1 1
gMKLwxxEyvTcsM 0 0
gOZK6vy_juu5WM 0 0
gU7EuGvH51DIYM 0 0
gYCe5haYPSc12M 1 1
ga9ZMOqog4ewsM 0 0
gfrFMpirqYR05M 1 1
gjMlx2GjWvOdpM 1 1
gjRBhCe29bcQsM 0 0
h3x-rz7mT-KJ1M 1 1
h5nHEEc99N7yaM 0 0
hK1WhtEI4BTiNM 0 0
hLLOEaf9Cqzm8M 1 1
hWi_mF8cljny1M 0 0
hX3bVRuSFAZQvM 1 1
h_3P4ChR_HWdOM 0 0
hdRI4w0UeBe5NM 0 0
hgTaYJ6dXied3M 0 0
hhnTsfqbBtio6M 0 0
hjAb5YNMVsdJXM 1 1
hkwE7fGkoJ_SmM 1 1
hnCGDAaTu4G8bM 1 1
hvSEEn3l9FqKWM 1 1
hyw2BJAMTl5ueM 0 0
i3z50PXRe6790M 1 1
i7IuByGsEiSXPM 1 1
iC2TblkApfLmsM 1 1
iDVywalfBUxX5M 1 1
iOTVzHVrsr6b_M 1 1
iOZQVu9nOzkN7M 1 1
iQmNnUKdjPXL_M 0 0
inKbHxRk71TrXM 1 1
isVwj3CSJaaufM 0 0
iuIRk1WtGXPWrM 1 1
j0aIJCAdBIsi9M 0 0
j5ykfO5gNbjxOM 1 1
jALFzArVCx1JBM 1 1
jFXa9EZ9kf2AIM 0 0
jH5bT0XLtNwnJM 0 0
jIBDPVt8pDMx8M 0 0
jIelnxHrcatIWM 1 1
jScxKTU4jvIGxM 1 1
jStzi5aLX7Q2nM 1 1
jTO9kYsf7EBW_M 0 0
jXFBBTIu_EMDGM 1 1
jd8IIADWmsge4M 1 1
je0cjZrJrUan7M 1 1
jgFnqeBEuZ-xcM 1 1
k2_v0rkv0yIXsM 1 1
kD4S8OdfleXxdM 0 0
kG9pIcZLhSi7LM 1 1
kLYuB2zF8VYiIM 1 1
kRu1WX7XV3sM7M 0 0
kXXpgRYvXfEyKM 0 0
kZdmkXsIZczowM 1 1
kab8HFtolu2hPM 0 0
kbTt9ZIYEzP8aM 1 1
kl0VVq59HNo0rM 1 1
klRsaJ-FeF0Y5M 0 0
ko7JntKSdP_8fM 1 1
ks5k6xGvDrPoOM 0 0
l6PAUT4V7VmFvM 1 1
lEMAIKutCWY3qM 0 0
lIv-vXrCGaMIVM 1 1
lLR5B0QQmmAywM 0 0
lLglhH1YeAe1YM 1 1
lS-a-G6aJBhEVM 0 0
lS6Xyaoz65hCTM 0 0
lTjggW00C8MSTM 0 0
lUXbLuM6B9qriM 0 0
lZSLct_qcy6zIM 0 0
lcF9Sf8wtQyjtM 0 0
liPij-YROm-p0M 1 1
loDydq3n00gbWM 0 0
lpG0g3-zC3BX0M 1 1
m0PsQwq-pYfZOM 1 1
m1O9WyJS79rqgM 1 1
mSaKON1u0sYdtM 0 0
mg59IYw4j2LldM 1 1
n0WvneGkur1qwM 1 1
n8h8gfTqqCu-iM 0 0
nQ7IC1KIsn608M 1 1
nVBlhQs37SAfwM 0 0
nafE84NWQA-bDM 0 0
nfKSB8fE_ew03M 1 1
nfwu9MwfX0whWM 0 0
ni08jg_yCj6mbM 1 1
nplAmodzG79DzM 1 1
nrQwZ1sOZ46TUM 0 0
ntNncbuHoUbiYM 1 1
nyfQC3L_sBqMyM 1 1
o9GkuumCb-SADM 0 0
oOlPyvOMz_DSXM 0 0
oRUpY0jdkeNQSM 1 1
oUMfogYmCe2wKM 1 1
oc9yKllaG4qQNM 1 1
om9wity0krOd4M 0 0
omcshdRFfVUm8M 1 1
or_Xcgm7sG_NGM 0 0
osg9WvCDGFZ2RM 0 0
oxY9AbQ4xlDtfM 1 1
oyUXwzbLsmQxSM 1 1
p0_eIpfQ0UQ--M 1 1
p1FtxVfFqsg2mM 0 0
p2dw6trvuGK0AM 1 1
pAI2b762zYHgWM 1 1
pECkY4sTb1DlYM 0 0
pKiqBkf4ColC3M 0 0
pQhyi7D6zo2o9M 1 1
pWD3g1KY37PeyM 0 0
pg_QxR_KcYUZhM 1 1
ph08g1uGS5OLiM 1 1
phNwwFbh729uXM 0 0
pkNVudSe1yTxQM 1 1
pm4TAKIjwtrUlM 0 0
pneFbz5RWCpEYM 1 1
prLVMYXfg_d0qM 1 1
py8-GEa--Y8nBM 1 1
q8Z9H8Behk-RyM 0 0
q8qTKzFwhRSNhM 1 1
qAY1BnLpbDCC2M 1 1
qOkbz9VEqpTN9M 1 1
q_8GzgKx8ONeYM 1 1
qhOovuJKdoyXaM 0 0
qkQ6SBOGMEiywM 1 1
qy2Gucb6JP7OkM 1 1
r5JBf71E4dezfM 1 1
r72D2EI39rqZ6M 1 1
rG9jSa5yf7Uf4M 1 1
rRrh6RyzeOMpoM 1 1
rU3LZZ6YiRxwrM 0 0
rV6cr3-Hk2vcHM 1 1
rVJyDygOrKNa8M 0 0
rWkLNeYWTesMoM 0 0
rl1FiClGRMiHWM 1 1
rvphfBxosOBiDM 0 0
sV3M743ut55GwM 1 1
sfSa__UC1_4I9M 0 0
sgsFzgRnsr8AHM 0 0
skJiVzXVMQXVxM 0 0
soClJCYUUJRgJM 1 1
sow8qLMF24bnpM 1 1
sqFrOuPqmu2hnM 0 0
sxIRVd9jKwtXLM 1 1
t6izP7VkxqN2UM 0 0
tKYOVIDHbLpXjM 1 1
tWI5LaC3Xhpz4M 0 0
tgvKkOhlbqX7WM 1 1
u2TDzGVCchhu8M 1 1
u8zNSjKT9uCz9M 1 1
uB5AjmlgtHwkjM 1 1
uCVs-HtGgOMueM 1 1
uMS50TBDKXgZLM 1 1
uP62x5ggqj49JM 1 1
ufdAJtAMzfflKM 1 1
ugN3BQy8--M7WM 0 0
ulxXUoL1g3zthM 1 1
v0tNIGpEyB9RMM 1 1
v4jT51C6eoFHVM 0 0
v85lNw5hLTj4oM 0 0
vKTWH6ulN8b32M 0 0
v_J9RisuYwqLkM 1 1
vlzVEsID9gleRM 1 1
vo3caHP4XSpNNM 0 0
vpR1mN8YYep0_M 0 0
vzrcHqc9ictM0M 0 0
w-58ZxtSY9jGAM 0 0
w1A94yM5ijtWsM 0 0
w1iL2MzYe-n-sM 1 1
wC8dgzyTvn1eQM 0 0
wCBPGnwXhC92AM 0 0
wDuEe7baKfXabM 0 0
wMjkma6KPxu0wM 1 1
wSCZRreuc_edPM 1 1
wazG39JjS_6f7M 0 0
wd8VtAapg9dQFM 0 0
wrsZCpnFFKBX1M 1 1
wvvNuey7dAiW8M 1 1
x26s1uc5RifLpM 1 1
x6Sn9hs6Z3odEM 0 0
x7T9XvAut_N8NM 1 1
xQpglBKeP0-JTM 1 1
xUTT6er6_VQAAM 0 0
xZtJs1cV2F0CYM 0 0
xnXbBXEZcrEf2M 0 0
xtMeJUH8yUNRSM 0 0
xuS6RwTE1wiubM 0 0
y3nAeOwYR1GhSM 1 1
yLhOQqNu1LvwLM 1 1
yNfOc9b_PwDuWM 0 0
yUNpmtwdQJA9VM 1 1
yUvvrDZktKGlIM 1 1
yV3a1lo6xFiM6M 1 1
yYerDpjyfXaGDM 1 1
ya3XroW85qJ8HM 0 0
ydz_H5Itgy8mwM 1 1
yhtJUdvJSlgT2M 1 1
yligt5uEHUPtKM 1 1
yuYwSNn2f7pd4M 1 1
z2VQyYnbkXKGBM 1 1
z9OUS5WOo_Bs5M 1 1
zK0E5ibwTYyiNM 0 0
zLRPnTRGNCqCRM 1 1
zMd8SMaPLUhaSM 0 0
zQxjMRxn_XROLM 1 1
zbH1ozLR1VzenM 0 0
zlJ7pK2GgyCaUM 0 0
zt-TLCS6ezkDcM 1 1
