-0Xoa79PtSMYQM 1 1
-0bAQODUIQ773M 1 1
-A0x3u2lQ05mOM 1 1
-HsBLXwhW5jf7M 1 1
-SuVTJV67kUWWM 1 1
-wJg7MS4LZdzwM 1 1
0614xHva_TAsgM 1 1
0EWPRQHn2n2FmM 1 1
0F4hjm_cvlMhXM 0 0
0MQ8A7cGJQt_yM 1 1
0VYlhY5XuQjCjM 1 1
0i1jk1aFMenX0M 1 1
0jZ79JIGtsSMAM 1 1
0tAAbKGEtp7EpM 1 1
100433784 1 1
10043483024 1 1
10060850405 1 1
10060972213 1 1
10077267013 1 1
1012249131 1 1
1012252933 1 1
1012514180 1 1
1013111996 1 1
1013112304 1 1
1013115850 1 1
1013133288 1 1
1013134492 1 1
10212689 1 1
10303394144 1 1
10303426504 1 1
10303535583 1 1
10303653034 1 1
10303775766 1 1
10303811636 1 1
10303836264 1 1
10304005825 1 1
10304062595 1 1
10304146116 1 1
10304253123 1 1
104478566 1 1
10476509 1 1
1048417840 1 1
10682881475 1 1
10682933504 1 1
10731138415 0 0
10767367525 1 1
10767630433 1 1
10817124715 1 1
10932889514 1 1
10984639055 1 1
110273882 1 1
110273920 1 1
110273971 1 1
1105388531 1 1
1105413713 1 1
11059345275 1 1
1108693660 0 0
11171443724 1 1
112760180 1 1
11280236815 1 1
11280294726 1 1
11280305144 1 1
11280348863 1 1
11280353954 1 1
11280362024 1 1
11280380033 1 1
11316096935 1 1
11379600964 1 1
1140669200 1 1
11612107865 1 1
11614216343 1 1
11713411276 1 1
117208021 1 1
11745313084 1 1
11763663104 1 1
11792018613 1 1
11792225794 1 1
11792229544 1 1
11798600554 1 1
11811627986 1 1
1183420609 0 0
1183712309 1 1
1184279374 1 1
11930714434 1 1
11949647984 1 1
11987737035 1 1
12007203535 1 1
12007485233 1 1
12007486033 1 1
12007555144 1 1
12008015196 1 1
12298264395 1 1
12298419383 1 1
12298686914 1 1
12311155995 1 1
12311160355 1 1
12311161455 1 1
12311164815 1 1
12311175425 1 1
12311315263 1 1
12311325083 1 1
12311340123 1 1
12311607224 1 1
12311615464 1 1
12311746786 1 1
12311765616 1 1
12311766356 1 1
12330558393 1 1
12368541885 1 1
1244368756 1 1
12469008215 1 1
12469167593 1 1
12469520884 1 1
12489652294 1 1
12514197925 1 1
12514591624 1 1
12550459303 1 1
12577078204 1 1
126364607 1 1
126822013 1 1
1269766027 1 1
12790249995 1 1
12790252845 1 1
12795154665 1 1
12821511 0 0
12828302383 1 1
12828564834 1 1
1289259804 1 1
12893951005 1 1
12900674983 1 1
129043163 1 1
131823732 1 1
131981809 1 1
13240387475 1 1
13273428674 1 1
13337467383 1 1
1338282976 0 0
1343543484 1 1
13461381684 1 1
134734142 1 1
13492rMNqbzxFM 1 1
1351884804 1 1
1358006493 1 1
13632660205 1 1
13632663445 1 1
13632669835 1 1
13632675883 1 1
13632695693 1 1
13632701395 1 1
13632717353 1 1
13632727343 1 1
13632743033 1 1
13633011744 1 1
13633016354 1 1
13633032444 1 1
13633036844 1 1
13633039844 1 1
136477329 1 1
138686130 0 0
13931769669 0 0
13964480298 1 1
14027097838 1 1
140467548 1 1
1409829313 1 1
14104307420 1 1
14124942213 0 0
14160399461 1 1
14196103617 1 1
14196103777 1 1
14210451761 1 1
14228146 1 1
14312113191 1 1
14357298129 1 1
14357457387 1 1
14379203641 1 1
14379204781 1 1
1444875422 1 1
14520816566 1 1
14540520381 1 1
14540521201 1 1
14540523861 1 1
14542388714 0 0
14542391884 1 1
14554202568 1 1
14554794592 1 1
14564022023 1 1
14564025353 1 1
14564025593 1 1
14579582492 1 1
14661955008 1 1
14670393156 1 1
1467627767 0 0
14690231661 1 1
14708052221 1 1
1472009285 1 1
1473056029 1 1
1481578670 1 1
14816874380 1 1
148437224 1 1
14851094496 1 1
14894068973 1 1
14911707852 1 1
14914960760 0 0
14915006330 0 0
14922958279 1 1
1497840292 1 1
15046439925 1 1
15049780330 1 1
15119016 0 0
151349898 1 1
15137035404 1 1
151560167 1 1
15196815 1 1
15213666931 1 1
15224154237 1 1
15232492207 1 1
15318826067 1 1
15318827337 1 1
153616102 1 1
15374084026 1 1
1543429147 1 1
1544292074 1 1
1544292422 1 1
15458219524 1 1
15502251231 1 1
15505040302 1 1
15512420837 1 1
15520931263 1 1
1557290927 1 1
1558196372 1 1
155880669 1 1
15610360539 1 1
15651515361 1 1
15705155835 1 1
15777151892 1 1
158039653 1 1
15851168177 0 0
15874379793 1 1
15885540539 1 1
15893246090 1 1
159240793 1 1
15988423875 1 1
15996628433 1 1
16008815449 1 1
160211299 1 1
16069149597 1 1
16069470025 1 1
160780823 1 1
16082037393 1 1
161800280 1 1
161800281 1 1
16353935170 1 1
16514399678 1 1
16515857959 1 1
16548710779 0 0
16558925183 1 1
16558933333 1 1
16576708645 1 1
16582436051 1 1
16647160256 1 1
16676049736 1 1
166895526 1 1
166896523 1 1
16960726588 1 1
17153173416 1 1
1721066445 1 1
17273685870 1 1
172919634 1 1
172919637 1 1
172919639 1 1
17510092275 1 1
17606377692 1 1
17995637005 1 1
180027088 1 1
180073045 1 1
1802520580 1 1
1803506454 1 1
183111084 1 1
183115507 1 1
183336546 0 0
189340920 1 1
19094005108 1 1
193420554 1 1
194501014 1 1
196160928 1 1
196844292 1 1
1974132908 1 1
19922480654 1 1
1KAmm7U5Ur4UvM 1 1
1WYsupvdbNUP1M 1 1
1_RkIjpoIZ-pIM 1 1
1dfZSFtDTKQaeM 1 1
1oNBfkNxGu_PYM 1 1
1rdcQw_KoZglpM 1 1
20276294465 1 1
2045856575 1 1
204736840 0 0
2051992486 1 1
2053532395 0 0
2086253026 1 1
20925488193 0 0
20928193313 1 1
2098503128 1 1
2098504126 1 1
211498836 1 1
2115328634 1 1
2115343618 1 1
2115911 1 1
211799819 1 1
211799820 1 1
2119691402 1 1
2130721677 0 0
2134560770 0 0
21361458848 1 1
2138883935 0 0
21418223444 0 0
21522180146 0 0
21539449832 1 1
21539607192 1 1
21549310345 1 1
21557820621 1 1
21561145061 1 1
2165106838 1 1
217469766 1 1
217470819 1 1
2176809581 0 0
21801899413 1 1
218782642 1 1
219772595 1 1
2198056388 1 1
2198107953 1 1
2198109057 1 1
2198897030 1 1
2198898244 1 1
22001023216 0 0
2204171603 1 1
2204172287 1 1
2204172809 1 1
2204174899 1 1
2204967330 1 1
22050789171 1 1
2210593495 1 1
22107950386 1 1
221154886 1 1
2217737432 1 1
2218291450 1 1
2222415852 1 1
2232545552 1 1
2236281836 1 1
2244229945 1 1
2244230199 1 1
2244230591 1 1
2244232689 1 1
2245023424 1 1
2245024354 1 1
2245026206 1 1
2245030096 1 1
2245045387 1 1
2248932469 1 1
22613093443 1 1
226275307 1 1
2263221981 0 0
22654318490 1 1
2274792723 1 1
2275584600 1 1
2278809012 1 1
23029703093 1 1
2306958524 1 1
23169609284 1 1
23185733405 1 1
232401868 1 1
2331453895 1 1
2335912976 0 0
2342068316 1 1
234261141 1 1
2361625910 1 1
2366773444 0 0
2368062372 1 1
2373421229 0 0
2380102045 1 1
23890564619 1 1
239024932 1 1
2391037378 1 1
240843989 1 1
2420336085 1 1
2420337547 1 1
2420337811 1 1
2420337877 1 1
2420337935 1 1
2421150364 1 1
2421150484 0 0
2421150608 1 1
2421150752 0 0
2421150850 1 1
2421150946 1 1
2421151462 0 0
2421151606 1 1
2421151796 1 1
2421151874 1 1
2421152132 1 1
2421533110 1 1
243409842 1 1
243409878 1 1
24367530573 1 1
2437060955 0 0
24724301492 1 1
25003630453 1 1
2502971246 1 1
2503191011 1 1
2503191313 1 1
2503191625 1 1
2503191991 1 1
2503193155 1 1
2503986369 1 1
2504024010 1 1
25089526211 1 1
2540234130 1 1
25518579 1 1
25518603 1 1
25518619 1 1
25518635 1 1
25518647 1 1
25518663 1 1
25518690 1 1
25518709 1 1
25518773 1 1
25518834 1 1
25518847 1 1
25518860 1 1
25518877 1 1
25518907 1 1
25518917 1 1
25518940 1 1
25518955 1 1
25518966 1 1
25518986 1 1
255390352 1 1
2556436449 0 0
2556436605 0 0
2556436795 0 0
2556437725 0 0
2556438535 0 0
2556438725 0 0
2556439505 0 0
2556439831 0 0
2556439979 1 1
2556440779 0 0
2556440963 1 1
2556441287 1 1
2556441701 1 1
2556442011 0 0
2556442787 0 0
2556443225 1 1
2557261572 0 0
2557262330 0 0
2557262660 0 0
2557263242 1 1
2557263506 0 0
2557263670 0 0
2557264160 1 1
2557264332 0 0
2557264496 0 0
2557264638 0 0
2557264976 0 0
2557265482 0 0
2557265658 1 1
2557265868 0 0
2557266740 1 1
2557267492 0 0
2557267664 0 0
2557267836 1 1
2557268226 0 0
2557268558 0 0
2557293296 1 1
25594488540 1 1
2572299207 0 0
2572299479 0 0
2572299765 0 0
2572300007 1 1
2572300259 1 1
2572300913 0 0
2572301171 0 0
2572302153 0 0
2572302633 0 0
2572302921 0 0
2572303137 0 0
2572303483 1 1
2572303683 0 0
2572303927 0 0
2572305221 0 0
2572305443 0 0
2573124212 1 1
2573124416 0 0
2573126012 1 1
2573126932 1 1
2573128414 0 0
2573128690 0 0
2573129406 0 0
26018667324 1 1
2603754233 1 1
26193644954 1 1
261944226 1 1
2620115832 0 0
2622866521 1 1
26236872556 1 1
2633079179 1 1
26351039070 1 1
26636660956 1 1
26654568255 1 1
26717725971 1 1
26780117664 0 0
26823203 1 1
26823206 1 1
2682683075 1 1
2682685539 1 1
2682686609 1 1
2682690653 1 1
2682693571 1 1
2682694503 1 1
2682696655 1 1
2682699595 1 1
2682700835 1 1
2682701857 1 1
2682704353 0 0
2682707477 1 1
2682711541 1 1
2682714253 1 1
2683399633 0 0
2683505786 1 1
2683507980 1 1
2683509940 1 1
2683511020 1 1
2683513602 1 1
2683515596 1 1
2683516556 1 1
2683520602 1 1
2683521498 0 0
2683523068 0 0
2683524732 1 1
2683526334 1 1
2683527168 1 1
2683528712 1 1
2683530374 1 1
2683531448 1 1
2683533272 1 1
2683534236 1 1
2683536166 1 1
2683536994 1 1
26939822633 1 1
2714240510 1 1
2716332591 1 1
2720039603 1 1
2721076435 1 1
2721076645 1 1
27221015181 1 1
272262154 1 1
2725791393 1 1
27285831673 1 1
27285840953 1 1
27290767114 1 1
27290767564 0 0
27451666932 1 1
27453815482 1 1
27454833993 1 1
2748860647 1 1
2748861327 1 1
27511178996 1 1
27559363322 0 0
276647310 0 0
276709354 1 1
27701342272 1 1
2776139182 1 1
2787893371 1 1
278802303 1 1
2788757822 1 1
278922647 1 1
2792993591 0 0
2793139976 1 1
2794298032 1 1
2797244559 1 1
2797948157 1 1
2798087752 1 1
2798089322 1 1
27987995936 1 1
2803583541 0 0
2807434898 0 0
2813936427 1 1
2816603368 0 0
2826675165 1 1
2826675313 1 1
2827770777 1 1
2839329391 0 0
2856806579 1 1
2857632080 1 1
2857634780 1 1
2857635000 1 1
2880486474 1 1
2892838046 0 0
2896649513 1 1
2902973329 1 1
291242295 1 1
2928491117 1 1
2929352726 1 1
2933158087 1 1
2934495879 1 1
2948849635 0 0
2965129399 1 1
2976667541 1 1
2989534476 1 1
2A6ThoNt6Tog3M 1 1
2DAVil1GRZHUbM 1 1
3001354445 0 0
3018738184 1 1
3025887076 1 1
3037539483 1 1
3039372888 1 1
3057235887 1 1
3059938760 1 1
3079967068 1 1
3097259849 1 1
3098548581 0 0
3101234976 1 1
3109703422 1 1
3122459779 1 1
3133227871 1 1
3154747351 1 1
3162773837 1 1
3162773899 1 1
3163921489 1 1
3181669873 1 1
31jqjuuTZSG6ZM 1 1
3204107611 1 1
3204108667 1 1
3214176049 1 1
3216255383 1 1
3239425204 0 0
324397564 0 0
3259065810 0 0
327333267 1 1
3280404769 1 1
3282460389 1 1
329288765 1 1
3317394365 1 1
3333851942 1 1
3350138383 1 1
3356413482 0 0
3363413551 1 1
3363415645 1 1
3363422269 1 1
3363427531 1 1
3363429713 1 1
3364237568 1 1
3364239786 1 1
3364244842 1 1
3383178836 1 1
3383847946 1 1
3389702828 1 1
3400437898 0 0
3405970518 1 1
3416094467 0 0
343673245 1 1
343873374 1 1
343873856 1 1
343874170 0 0
343874558 1 1
343875198 1 1
3439953087 1 1
3440766084 1 1
3448277325 1 1
3458669505 1 1
3458676441 1 1
3458685669 1 1
3464197639 1 1
346768215 1 1
3467736376 1 1
3474322636 0 0
3491987890 1 1
3502165024 1 1
3507548193 1 1
356330823 1 1
3579088075 1 1
3586610075 1 1
3594589533 1 1
3595488153 1 1
3596720260 1 1
3599348476 1 1
35o4ZzbgUBWACM 1 1
36090933 1 1
360964457 1 1
3614295553 1 1
3615161380 0 0
3616960695 1 1
3621023390 1 1
3639783260 1 1
3649966891 0 0
366003991 1 1
3670118082 1 1
3673805549 1 1
3677544810 1 1
3682339706 1 1
368584710 1 1
3687494861 1 1
36953852 1 1
3716063159 1 1
3727816657 1 1
3732664248 1 1
3732920068 0 0
3742692727 1 1
3745026474 1 1
3765909709 1 1
3825386284 1 1
3832401440 1 1
3848374407 0 0
3849166670 1 1
385627412 1 1
3857698023 1 1
3858486968 1 1
3858487174 1 1
3858487246 1 1
3858487410 1 1
3858487498 1 1
3858514930 1 1
3863425209 1 1
3863425779 1 1
3864210690 1 1
38653357 1 1
38702556 1 1
387419367 1 1
3900205869 1 1
3900293400 1 1
391416361 1 1
3914966033 1 1
391647622 1 1
3927097405 1 1
3931077202 1 1
3948312324 0 0
3uSAm7bDarmDBM 1 1
401432929 1 1
4020994789 1 1
4038528533 1 1
4044451976 1 1
404705799 1 1
40578658 1 1
4058551044 1 1
4066299258 1 1
4070459569 1 1
4084338192 1 1
4095313442 1 1
4095332742 1 1
4101278999 1 1
4101399506 0 0
4102031578 1 1
4102033890 1 1
41380801 1 1
414096864 1 1
414096868 1 1
414096874 1 1
4188183449 1 1
4189290 1 1
4200093817 1 1
4200405070 0 0
4204595719 0 0
4207259697 1 1
4207260869 1 1
4207261563 1 1
4207262067 1 1
4208019254 1 1
4208022286 0 0
42153094 1 1
4220327075 0 0
4224476871 1 1
4225246868 1 1
4231905110 1 1
4285659555 0 0
429015629 1 1
430157850 1 1
4305937332 1 1
430802377 1 1
43119119 1 1
4326560943 0 0
4328398369 1 1
433190917 1 1
4335640149 1 1
4336298918 1 1
435596741 0 0
4387542005 1 1
440688647 1 1
44126832 1 1
441598830 1 1
441629307 0 0
4432635040 1 1
4443892524 0 0
4449010390 1 1
4452984279 1 1
4453216908 1 1
4466919675 0 0
4471117614 1 1
45182536 0 0
45327167 1 1
4550049174 1 1
4558124904 0 0
4574950678 1 1
458340297 1 1
458342823 0 0
4592230241 1 1
4607080321 1 1
4608104244 1 1
4633146136 1 1
4642218055 1 1
4651799716 1 1
4685968437 1 1
4685968805 1 1
4685969827 1 1
4685970797 1 1
4686601606 1 1
4686601958 1 1
4686602568 1 1
4686602820 1 1
469329092 1 1
4697681310 1 1
4750510450 1 1
475668195 1 1
4757825822 1 1
476462929 1 1
478536886 1 1
4792035915 1 1
4796604404 1 1
4834793351 0 0
4883506371 1 1
4893127984 1 1
4893128162 1 1
4896313898 0 0
4899241823 1 1
4939471003 1 1
4940061756 0 0
4965719197 1 1
4965826839 1 1
4966379070 1 1
4966404256 1 1
4966413908 1 1
4966422414 1 1
4966426474 1 1
4993948861 0 0
4997031075 0 0
49NVMOWPzSyfQM 1 1
4Hga3080O-ePdM 1 1
4NBfNUCp1fIrvM 1 1
4OY0198ZIAgqIM 1 1
4VPGVYcwLDaNAM 1 1
4ZzG1ZEJzJ173M 1 1
4d2oIHS_jtiymM 1 1
4eujUFEzYLJyOM 1 1
4iQtvEPBZc7olM 1 1
4wfIlHpdR0UXiM 1 1
5013528272 0 0
5023806927 1 1
5023807105 1 1
5023807257 1 1
5023807467 1 1
5023808131 1 1
5023808425 1 1
5023809169 1 1
5023811003 1 1
5023811355 1 1
5023811591 1 1
5024416138 1 1
5024417068 1 1
5024417264 0 0
5024417454 1 1
5024418200 1 1
5024418982 1 1
5024419262 1 1
5024419478 1 1
5024419644 1 1
5024419788 1 1
5024420006 1 1
5024420196 1 1
5024420460 1 1
5024420770 1 1
503081443 0 0
5036716782 1 1
5038791111 1 1
5053474328 1 1
5055459393 1 1
5058744216 1 1
5077101404 1 1
5113074955 1 1
5113075659 1 1
5113076751 1 1
5146761372 1 1
5146762382 1 1
5147612540 1 1
515752516 1 1
515752618 1 1
515777671 1 1
515777791 1 1
517005481 1 1
5175152565 1 1
5190782819 1 1
5191377026 1 1
5199138710 1 1
5203618674 1 1
5238767186 1 1
5242686283 1 1
5245955590 1 1
5249990937 1 1
5252669778 1 1
525498142 1 1
5255411514 1 1
5255419078 1 1
5261856655 1 1
526783642 0 0
5282358982 1 1
5310855947 1 1
5330418223 1 1
5339955245 1 1
536084001 1 1
53768032 1 1
5411265257 0 0
5411732144 0 0
54118236 1 1
5413118754 1 1
5419146275 0 0
5427513140 1 1
5435068747 1 1
5443661630 1 1
5447415740 1 1
5448107379 1 1
5451399908 1 1
5451404784 1 1
5457393579 1 1
5463666587 1 1
5468076911 1 1
5482844409 1 1
549011016 1 1
5508238865 1 1
5513544899 0 0
5513608920 0 0
5514141542 0 0
5538256473 0 0
5543405830 1 1
5545023629 1 1
5547655912 1 1
5568601229 1 1
5574839746 1 1
558499494 1 1
5610965592 1 1
5637433549 1 1
566081328 1 1
566081336 1 1
566107260 1 1
5668535217 0 0
5713392187 1 1
5713393291 1 1
5713393461 1 1
5713393553 1 1
5713395577 1 1
5713395771 1 1
5713395891 1 1
5713398025 1 1
5713398397 1 1
5713398675 1 1
5713421249 1 1
5713421945 1 1
5713952202 0 0
5713952260 1 1
5713952906 1 1
5713953770 1 1
5713955304 1 1
5713958026 1 1
5713958324 1 1
5713958632 1 1
5713980658 1 1
5713981188 1 1
5713981656 1 1
5713981828 1 1
5724798341 1 1
5748101956 1 1
5748274954 1 1
5755961205 1 1
5765518660 1 1
5771325522 1 1
5788322673 0 0
5810982795 1 1
5811018510 1 1
5815093602 1 1
5818184369 1 1
5825233234 1 1
5837947541 1 1
5859307290 1 1
5876249495 1 1
5913301103 1 1
5924063735 1 1
5929275569 1 1
5929301712 1 1
5939481725 1 1
5958134197 1 1
5973315606 0 0
5979937611 1 1
5979938981 1 1
5980496282 1 1
5980496670 1 1
5992405711 1 1
5993705457 1 1
5OILr2uC055WUM 1 1
5QfS2BTdAVsjWM 1 1
5_pzoF9t3GAWVM 1 1
5cLzoT0U8fXbgM 1 1
5sXxciZmyK34fM 1 1
5z7aZkg15_OTnM 1 1
6002149651 1 1
6002695628 1 1
6004744956 1 1
6019843481 1 1
6028589946 1 1
6036250872 1 1
6040168931 1 1
604135052 1 1
6044569042 1 1
60493106 1 1
6054097417 1 1
6059809648 1 1
6087174187 1 1
6131821455 1 1
6138333117 1 1
6159433505 0 0
6168464767 1 1
6170302022 1 1
6170908 0 0
6183444269 1 1
6183445101 1 1
6183447211 1 1
6196429496 1 1
6196431744 1 1
6202419894 0 0
6209508381 1 1
6209538485 1 1
6214841773 1 1
6214842021 1 1
6214842245 1 1
6214842881 1 1
6214842983 1 1
6214843099 1 1
6214844209 1 1
6214970598 1 1
6215356414 1 1
6215356510 1 1
6215356768 1 1
6215357612 1 1
6215357850 1 1
6215358848 1 1
6223139091 1 1
6236034738 0 0
6238263220 1 1
624335099 1 1
6243521899 1 1
6267691091 1 1
6271003700 1 1
6285431202 1 1
6285432342 1 1
6303801735 1 1
6313192598 1 1
6334763815 1 1
6334763935 1 1
6353164937 1 1
6368475341 1 1
6368483837 1 1
6371823663 1 1
6373832047 1 1
6373832367 1 1
6373832871 1 1
6377714347 1 1
6378057087 1 1
6382969321 1 1
64517138 0 0
6474898679 1 1
6476096 1 1
6490554773 1 1
65131530 1 1
6538610539 1 1
6545518725 1 1
6545519311 1 1
6549650325 0 0
656229674 1 1
6564585295 1 1
6568301927 1 1
6568307445 1 1
6568309099 1 1
6568310293 1 1
6568311911 1 1
6621315655 1 1
6627245 1 1
6670799533 1 1
6670802423 1 1
6670804229 1 1
6670806549 1 1
6670808495 1 1
6670810055 1 1
6670812855 1 1
6670815605 1 1
6670818071 1 1
6670820825 1 1
6670823143 1 1
6670825263 1 1
6670827925 1 1
6670829769 1 1
6670831545 1 1
6670833473 1 1
6670836501 1 1
6670838591 1 1
6670841203 1 1
6670846321 1 1
6670851927 1 1
6670854169 1 1
6670856407 1 1
6670859327 1 1
6670862281 1 1
6670864923 1 1
6670866993 1 1
6670869411 1 1
6670872357 1 1
6670874263 1 1
6670876425 1 1
6670878617 1 1
6713250003 0 0
6717109153 0 0
6719504415 1 1
6726795557 1 1
6731785711 1 1
6758017 1 1
67715290 1 1
6782420930 1 1
6784105035 1 1
6786104739 1 1
6786111097 1 1
6786116383 1 1
6786126973 1 1
6818156943 1 1
6833934518 1 1
6833936292 1 1
6844393700 1 1
6844442200 1 1
6873767061 1 1
6882609388 1 1
6892322882 1 1
6895001819 1 1
6895002023 1 1
6895002277 1 1
6895002333 1 1
6928541453 1 1
6932915257 1 1
6941513764 1 1
6942631497 1 1
6948001669 1 1
6948254775 1 1
6980109928 1 1
6GjpqvQ852ETnM 1 1
6cYfLitwN8brXM 0 0
6hqESSmR9ASyxM 1 1
6illt9rJPf1pqM 1 1
6tvlfhzvlJeG3M 1 1
6y9HfVkjc3-HDM 1 1
7-__xWKGFNFnfM 0 0
700363498 1 1
700369692 1 1
7008602979 1 1
7008604993 1 1
7028707085 1 1
7028708005 1 1
7028708785 1 1
7052360167 1 1
7053391085 1 1
7084798177 0 0
712315410 1 1
7174744133 1 1
7184999206 1 1
71883059 1 1
71Cji2RA4hzLhM 1 1
7213121940 1 1
7213127700 1 1
7213129850 1 1
7245378074 1 1
732030886 1 1
7373497974 1 1
73759887 1 1
7406193838 1 1
7490335066 1 1
7546473800 0 0
7547238210 1 1
7605613946 1 1
7623850842 0 0
764Gy90dgvG3iM 1 1
7692188170 1 1
7709762406 1 1
7759666738 1 1
7769737182 1 1
777879900 1 1
7792502550 0 0
7868797 1 1
7891684396 1 1
7922692926 1 1
7963264722 1 1
79691017 1 1
7TDixlZPsSbpnM 1 1
7U7lnh_Tz7LZsM 1 1
7YprfijakzU8GM 1 1
7ddRPgJYbBTTpM 1 1
7eE7HtoZHUcQoM 1 1
7jEe8PANcZtwVM 1 1
7jJ4RpTAV5xUKM 1 1
7kMU-QOOGb3hiM 1 1
804122 1 1
8079148650 1 1
8116086673 1 1
8122967336 1 1
8128942226 1 1
816s7vKVLUKBZM 1 1
8171116777 1 1
8206285245 1 1
8220147828 1 1
8228601714 1 1
823202263 1 1
8312234236 1 1
8319690904 0 0
8322470587 1 1
8328156349 1 1
8334787010 1 1
8335101749 1 1
8335104253 0 0
8335105091 0 0
8335108647 1 1
8335109169 1 1
8335115775 0 0
8335116507 0 0
8335117791 0 0
8335121197 0 0
8335122857 1 1
8335124097 1 1
8335124761 1 1
8335125531 1 1
8335127591 1 1
8335128277 1 1
8335140333 1 1
8335141861 1 1
8335142457 1 1
8335142961 1 1
8336151738 1 1
8336155750 1 1
8336157160 0 0
8336158086 0 0
8336161724 0 0
8336164694 0 0
8336173822 0 0
8336176510 1 1
8336182944 1 1
8336188736 1 1
8336192766 1 1
8336193902 1 1
8336195372 1 1
8336197710 1 1
8365717325 1 1
8382846254 1 1
8412556281 1 1
8412681040 0 0
8432769855 1 1
8433481783 1 1
8433821871 1 1
8440871492 1 1
845926811 1 1
8463525500 1 1
8494000958 1 1
850827493 1 1
850829123 1 1
8512302365 1 1
8512302717 1 1
8512302943 1 1
8513414856 1 1
8513415890 1 1
8519856193 1 1
8545924142 1 1
8559481067 1 1
8584732902 1 1
8593773201 1 1
8593773903 1 1
8594820674 1 1
8594872250 1 1
8602537840 1 1
8643184229 0 0
8656925577 1 1
8666934950 0 0
8673976139 1 1
8673977683 0 0
8673978363 0 0
8675080490 1 1
869470187 1 1
8735076693 1 1
8736190164 1 1
8736192038 1 1
8736193664 1 1
8736197018 1 1
8736198758 1 1
8738747199 1 1
8738747459 1 1
8738748197 1 1
8738748403 1 1
8738748807 1 1
8738749965 1 1
8738750139 1 1
8738750491 1 1
8738752167 1 1
8738752749 1 1
8738752997 1 1
8738753699 1 1
8738754073 1 1
8738755375 1 1
8738755603 1 1
8738755829 1 1
8738756085 1 1
8738756183 1 1
8738756809 1 1
8738757345 1 1
8738757489 1 1
8738757919 1 1
8738757957 1 1
8738758111 1 1
8738758623 1 1
8738758875 1 1
8738759577 1 1
8738759987 1 1
8738760411 1 1
8738760627 1 1
8738760759 1 1
8738761045 1 1
8738761155 1 1
8738761299 1 1
8738761605 1 1
8738762005 1 1
8738762811 1 1
8738763027 1 1
8738763039 1 1
8738763569 1 1
8738763929 1 1
8738764183 1 1
8738764467 1 1
8738764631 1 1
8738764763 1 1
8738765145 1 1
8738765295 1 1
8738765453 1 1
8739865362 1 1
8739865738 1 1
8739866194 1 1
8739866210 1 1
8739866592 1 1
8739867080 1 1
8739867232 1 1
8739867748 1 1
8739868154 1 1
8739868486 1 1
8739869250 1 1
8739870586 1 1
8739871466 1 1
8739872026 1 1
8739872128 1 1
8739872432 1 1
8739872786 1 1
8739873014 1 1
8739873438 1 1
8739873572 1 1
8739873976 1 1
8739874656 1 1
8739874736 1 1
8739874906 1 1
8739875036 1 1
8739875398 1 1
8739875402 1 1
8739876536 1 1
8739876672 1 1
8739876972 1 1
8739877182 1 1
8739877308 1 1
8739877418 1 1
8739877524 1 1
8739877824 1 1
8739878282 1 1
8739878418 1 1
8739878792 1 1
8739879186 1 1
8739879592 1 1
8739879690 1 1
8739879966 1 1
8739880180 1 1
8739880606 1 1
8739880710 1 1
8739880858 1 1
8739881770 1 1
8739881938 1 1
8739882248 1 1
8739882556 1 1
8739883032 1 1
8739883182 1 1
8739883432 1 1
8739883842 1 1
8739883854 1 1
8760775569 1 1
8760782101 1 1
8760784287 1 1
8760786341 1 1
8760788911 1 1
8761905862 1 1
877084220 1 1
87992808 1 1
8SFDcFIkU4ay8M 1 1
8SuSwX9f_RjgrM 1 1
8eCN1P7bXFTfuM 1 1
8emL3iRB0PePgM 1 1
8fZgqsCu4KawVM 1 1
8nimiMjR8iJvAM 1 1
8q6mxa_TJyLdmM 1 1
8waJ8_mpPg28UM 1 1
8yBZbgzaaFzPyM 1 1
8yQyCD9jkmBtLM 0 0
9058874490 1 1
9119473695 1 1
9142237 0 0
9159191203 1 1
9179015972 1 1
9190649 1 1
91YyXzr6hiR41M 1 1
9200816372 1 1
9216975389 1 1
9219748398 1 1
9219751180 1 1
9224677079 1 1
9227453752 1 1
9227454646 1 1
9227455896 1 1
9227457874 1 1
9227458786 1 1
9311959526 1 1
9321131527 1 1
9322259957 1 1
9322309853 1 1
9323923100 1 1
9323923432 1 1
9323923456 1 1
9323923558 1 1
9323923786 1 1
9323923836 1 1
9323923914 1 1
9325066202 0 0
9325079868 0 0
9325246449 1 1
9345702509 1 1
9371180692 0 0
93GSQWKwDPIKcM 1 1
9417573307 1 1
9420337546 1 1
9420338468 1 1
9451236151 1 1
9457939463 1 1
9478835723 1 1
9489107968 1 1
9499605268 1 1
9504696 1 1
9532124961 1 1
9532125797 1 1
9534906124 1 1
9534907082 1 1
9534910686 1 1
953587 1 1
9612970183 1 1
9669574816 0 0
9703091832 1 1
973757919 1 1
9739458969 1 1
9879458 1 1
9952877 1 1
9972611913 1 1
9DHHppQH2XR_5M 1 1
9PRpeYAK39fDUM 1 1
9XZN5Yw35HzR2M 1 1
9XZsg2tCO17I6M 0 0
9jcCY3JyIv6l2M 1 1
9p3P9Egq-muKKM 1 1
9v7JFzcRna-UVM 1 1
9xiV8bjBcnKpWM 1 1
A6KVCOVWikb4uM 1 1
A8T2Ofd73_vcfM 1 1
AKj-Z6dx4Qu5tM 1 1
ANWdo6lcQLZ1nM 1 1
Aa1mMC4_jZXFNM 1 1
AgdyjGaXbWJ6fM 1 1
AjL-nBtr_NEaFM 1 1
ArmFFlVOg_BQEM 1 1
B0ZbAiyO23GquM 1 1
B3Qoh4LiI--P_M 0 0
BAAbTgUCGQsCRM 1 1
BEiYfvciQCkqPM 1 1
BNiMB0GpuPNwhM 1 1
BRwrabv9ozs3sM 1 1
BS76YuoOWxZPVM 1 1
BhXDmQCBb7yrsM 1 1
BkyHwm8ceSeWtM 1 1
BpiNATaoX4zjvM 1 1
BwG85wklzmN9oM 1 1
COIMKQQsNJ41eM 1 1
Ce3Din3JlA4ioM 1 1
CfzoIFXj7B5ZIM 1 1
CkLyulf0sBQeGM 1 1
CpnWb-7kXjptKM 1 1
CqOR-C7nEb6lAM 1 1
CrbGIXvNSrT87M 1 1
Cs0AtONPF6__mM 1 1
DAg068apdoCJyM 1 1
DCkny0vTnqn_mM 1 1
DE_6x6HMGhdMUM 1 1
DI7cdfOTWhp4cM 1 1
DQKpjg1jN12fsM 1 1
DZfxwwdxA5X5sM 1 1
Dan1JqWtxgKaIM 1 1
DcQ9fCQLZSZwlM 1 1
DsDPVhyUbBmwGM 1 1
Dtg0tKSxRN3bAM 1 1
DyY1_YaTueQErM 1 1
E0Zudev728pMAM 1 1
E3s_FfjM-B0tvM 1 1
E7r0QKzV5sOs7M 1 1
EK78REcILiGEwM 1 1
EbvAXN1Q87X-AM 1 1
Eg6lm3S8x5gFsM 1 1
En2tv7lfIy0ksM 1 1
EncsPs6FlotnRM 1 1
EpaRFT6_-lBGbM 1 1
EslV7snkAT-O_M 1 1
F19oDFtC3xv6CM 1 1
F68RVC--P3QXMM 1 1
FB7D8NbqZlhmXM 1 1
FFOKHIkghtGQvM 1 1
FKc-NKPUDmOGJM 1 1
FOiLflq1AAXEJM 0 0
FoyeKBdExphYeM 1 1
Fq6sI5LoBI8t6M 1 1
Frnv7v0T2l3fGM 1 1
Fw8eSzZ2gTC_AM 1 1
G1XMKaPkc-kGcM 1 1
GHSsYn3U18AfAM 1 1
GJzBdblzC0Jq2M 1 1
GLXyBSlbcs6wJM 1 1
GPtYt1a-eJlvaM 1 1
GSZUrg6d4sig3M 1 1
Ggg_7Pm72j4HYM 1 1
GoP-WEAScNvVEM 1 1
GpAMtb5DMZyY-M 1 1
GpkDKHVvIglP1M 1 1
HDm1sBo0gqUwGM 1 1
HTnXjZIMli_PlM 1 1
HacXlXvCKaJZUM 1 1
HbiYHjt-MI2PVM 1 1
HnKkrQ0r1Bhi7M 1 1
HnoO1YlCVO7MAM 1 1
HwdrjkIL4lfV1M 1 1
I-Q0MTH30u_1zM 1 1
I5kWIhujdJtbgM 1 1
I9B7-hlyCT5JZM 1 1
I9s72V9afu44tM 1 1
IAWtlQN9xqRJSM 1 1
IFzBFaBn7cat6M 1 1
IZ2h2K6AmHa3sM 1 1
IcyHckh-2a02bM 1 1
IdpazR6fTIwoBM 1 1
Ie3S9d66CpsmOM 1 1
Iv4GX73WIyq7XM 1 1
JVsOqatVuR44uM 1 1
Jd4_JLh0po4FAM 1 1
JksWLCChYY9wSM 1 1
JuwkVnazhu7z5M 1 1
K36zyVcbSUGH7M 1 1
KQBmzcRI70plzM 1 1
KXmQwCfN6tJ1pM 1 1
KlvadlGYRrnmDM 1 1
KpTzMS5b9hQA6M 1 1
Ku9FxOIK7UlhaM 1 1
KyfUls7EkCmgXM 0 0
L1xOm5ok3FQmtM 1 1
LBhFFOAreHjwXM 1 1
LDmV7j5-_Zx7NM 1 1
LZDMU3IwKTS7xM 1 1
Lef3nZiO0CCT1M 1 1
Lh5V-BRiFbt7PM 1 1
LjO-z-I1VR0m1M 1 1
Lv_n4TcfRmO5YM 0 0
M1HzhdNASrpYLM 1 1
M3ilHLSJS5VoeM 1 1
M9-EYq8P8bToBM 1 1
MBLwJxd0PkfoBM 1 1
MNvFHZlVcjQfpM 1 1
MVxVMinXgZrNIM 1 1
MZu2vlzoZVC_nM 1 1
Mg-E5Jb5RnBnYM 1 1
MhQpoTdHUyB-0M 1 1
MvNFwaU2h-JU5M 1 1
MygoJDq-oUOB8M 1 1
NB8KZJHivPsSYM 1 1
NGK1mCf4FzOwMM 1 1
NGayKLZhqo6boM 1 1
NJ1Jzuk_QTTUWM 1 1
NL50jdY9smAlbM 1 1
NRI3SvIDndFsiM 0 0
NapMV3NPgqmJGM 1 1
Nz7Ugon-yvuhuM 1 1
NzayA7i35L_YPM 1 1
O0glYFs_lJ3QiM 1 1
OKFx-nseKjoZfM 1 1
OXR8S-ZdFHq2GM 1 1
Ofj_jpSCuGrrnM 1 1
OkQikpArMpu7ZM 1 1
Ooa5wqfMU4d2DM 1 1
OodH2EI5wwn9bM 1 1
Oqi7gAicg5cLIM 1 1
P0fPnivkuqBgnM 1 1
PI-oCXVuewWb7M 1 1
PPU0BzWU7M3QqM 1 1
PRBwQxCf99OrHM 1 1
PRn3RwfU75cjHM 1 1
PZYK_LoBxSNJSM 1 1
Pa0C974Bfqz-9M 1 1
Pk0iAqdWEm-odM 1 1
PkdhdFJqqMCkmM 1 1
PnNaAaGgA9THBM 1 1
PpWJ_WQhzesfoM 1 1
Ps1saSgGR1Q89M 1 1
PtCfNlQkxZkxWM 1 1
Pu8Ww0pRJ7FEzM 1 1
Py-V39gFM9VAIM 1 1
Q1VoqzTVNDEqGM 1 1
Q7mJC9Jjxp_fTM 1 1
Q8ShoEyAyIpnbM 1 1
QHFEKanWKoGGDM 1 1
QIFVmA1XIwI6TM 1 1
QIGtwu-4lHOXiM 1 1
QIHHVXUBRtK1BM 1 1
Qc4IwNFOgX4YPM 1 1
QcWByJzGnzPC-M 1 1
QovQ6eTehQLyvM 1 1
QwqE3gQ2g25BjM 1 1
R-edO4CZW1UAEM 1 1
R7wLmuTsG1iykM 1 1
R92m5hpN71EVJM 1 1
RQMtyqG0LRrlZM 0 0
RTGQWgH-JgXzkM 1 1
RX0z0H0O19HdcM 1 1
RXsZT6QW9OUNxM 1 1
RYdbtOaFQUC49M 1 1
RagzVahRU3qM1M 1 1
RjJcvzFA_EXWiM 1 1
Rl6BAbIFLZdZzM 1 1
S2pOQ1z4ubrhaM 0 0
SDVK_JK6PbOswM 1 1
T5Kh1yckETvZWM 1 1
T7CkD649IIhkCM 1 1
TCj2rpMVR4VvFM 1 1
TMQ-FwG2K7NZ1M 1 1
TOpBmhLN9VLr7M 1 1
Tv3asAMC-sdsiM 1 1
U0g9Gmfcp0CvzM 1 1
UL1mxFzOwmGp1M 1 1
UO2cPGrZwDFnOM 1 1
UoT8JCyhNPe39M 1 1
Upjy4DIWjK0fwM 1 1
Uz1WMkgana3RuM 0 0
V-PYKq8bMcIQEM 1 1
VBWHtN-wlcSY1M 1 1
VVv2VsrRIoBKXM 1 1
Ve-Sn28tBg2vUM 1 1
Vo4fKUlbeJ55YM 1 1
VokADbnkJRrLeM 1 1
VrcgOsdYzud-MM 1 1
VyJsXLrQqn4q0M 1 1
W3Iu9XR8aKxoVM 1 1
W5Zk34cloxMafM 1 1
W6toP173AnNuEM 1 1
W8_BjmZh-dUE9M 1 1
WI73WbEQkpeNUM 1 1
WIAF3LoTasSMiM 1 1
WIZgFgvtP_cNiM 1 1
WWB6axeJVd5gXM 1 1
WWGa62zVAb6v4M 1 1
Wd7U6V-JzQEevM 1 1
We-aWfT6mjqsdM 1 1
WuATXN3XGv-PlM 1 1
WujzqM-LOnJduM 1 1
X2QLMC42VustiM 1 1
XCzMxmnNbX6VWM 1 1
XJG4s52nZIccAM 1 1
XJigtFW430N31M 1 1
XTiQCt_Gf25smM 1 1
XUS2X7lHj5TcyM 1 1
XY3XKh_ztrYi4M 1 1
XYeyzJxRAyRxPM 1 1
X_USc77SwYQz0M 1 1
Xi-F6LM9kvf7DM 1 1
Xwu4FgXfMenSKM 1 1
Xzs5k4yLoCRLBM 1 1
YFSb-Cb84N08jM 1 1
YSmAgrrGBgpcZM 1 1
Yd606BXgVL-VaM 1 1
YyRXYpLGWk39zM 1 1
Z58l8vW-BAGy0M 1 1
Z8tBi2ksIzBtXM 1 1
ZBVb9V8VZMwFOM 1 1
ZBtJhBOP1yDoMM 1 1
ZORSt0mwB3t5mM 1 1
ZPSWnXljhPUO_M 1 1
ZVWOVnVG7OtzrM 1 1
ZYK9U85gR0JQ8M 1 1
ZheFK3aPFoCCMM 1 1
Zlqp_CogUo-2CM 1 1
ZtMtMcdKa_TmXM 1 1
Zu6OjK2mkczVCM 1 1
_2Nj18Rp4je76M 1 1
_89yEVzxx_0X0M 1 1
_95ekc3ukZf8NM 0 0
_LQPhWaqLVu5wM 1 1
_Ph38a7W_YnZVM 1 1
_T4ctH4boa4_PM 1 1
_X2to1YpSe1OGM 1 1
_kxfl6tptJ6_LM 1 1
a61xe8DVnzNEMM 1 1
a89BvUwG9AKTdM 1 1
aFc7MuXbJ8iQdM 1 1
aOAaLikRPZBnTM 1 1
aPvhADWygTc8fM 1 1
aoR902SFsDPC4M 1 1
ap5Z7o1BHTKiAM 1 1
b0ZUwBsNjhSvnM 1 1
b6sAR5_NnutvyM 1 1
b6yvbNlvh6afCM 1 1
b9NP4CRBCNUNpM 1 1
bA6K1mtC85h_AM 1 1
bKLWU4F7ORkDkM 1 1
bMjQWbYof8h0cM 1 1
bTF5dVX88uGyWM 1 1
bZ1UruUxNgXrBM 1 1
bZPJc9IQyRC-4M 0 0
bq0OeJCkE4fi9M 1 1
bwyKKMHJLlULuM 1 1
cHtQqvr6oi15BM 1 1
cbQ4yMBm1FZcTM 1 1
cfdk4cdqtCRnWM 1 1
cjubdLrSKKN6PM 1 1
dAPgcSyOV_PuDM 1 1
dCd0hWbDBI1j7M 1 1
dJIm-GpGrZ2UsM 1 1
dN_BeQntWzrmcM 1 1
do5TEAk2ESI8iM 1 1
dy_S2gtpIMmPVM 1 1
e0wTidlggx0zuM 1 1
e5ab3uqwWsxRNM 0 0
eF7Fse1vaWo46M 1 1
eKb4x_MUIAJSdM 1 1
eMuQfugDlsmXfM 1 1
eUI94PJor7YYfM 1 1
eZgq69j1v901WM 1 1
eboRP-M-ELqaAM 1 1
ebuGk9XlsLybcM 1 1
ehxad7FwYxXzDM 1 1
f8W8H6l0DKFnDM 1 1
fNFSU6cN0atZJM 1 1
fTVUmuwoKX7t-M 1 1
fX4GdphyjTJvSM 1 1
fa-Ldcouc_5OCM 1 1
feHgJ4o6fB5q4M 1 1
fenoZgY1sAMiuM 1 1
fo6Be8q6zHT4OM 1 1
fsFOigwcdpdLwM 1 1
ftf2QKOMDzolIM 1 1
g8xWJe1WVfVsSM 1 1
gFctmgVJ_WRU4M 1 1
gFfH583Ky2ZAHM 1 1
gqrWCGQOYdVQeM 1 1
gwjk6iCHtQ3zaM 1 1
gzmpUJnaBdC3YM 1 1
h2i9bxfM0bD9eM 1 1
h8vYFqyk97oFwM 1 1
h9kUz_E--wyYJM 1 1
hUkJkjxIjXc85M 1 1
hYvezdzjuJc-MM 1 1
hcy5UBq5BowhqM 1 1
hd8HquBP7M2P9M 1 1
hdOp0gjj2UP8oM 1 1
hkwfjFAofqm2QM 1 1
hm2o7sKLrI9BhM 1 1
hs4WiS5PFTaqPM 1 1
hthrQFHafRfAVM 0 0
i0cuDOsz6VSmLM 1 1
i0eZ-BVTZB5i8M 1 1
i4YwbcEXfcsGNM 1 1
iJLKM27xHfQwpM 1 1
iMMpxFF3XHKtAM 1 1
igEPR8OYMc12EM 1 1
iuI2GeyEKth7pM 1 1
ivji780TsdEV1M 1 1
izpRUg81PsrqlM 1 1
izxDWgv6rgdsmM 1 1
j0fy-yggJ65zMM 1 1
j6BrLp66zL23iM 1 1
jK7S08YZDSaUQM 1 1
jODir8Vj-u5QwM 1 1
jZHRyfpRJzSAPM 1 1
jfrTvIYBo4p6zM 1 1
jjybUyZsAcIzwM 1 1
jqqSq6SLDku3wM 1 1
k1mo3ue3vQ1gPM 1 1
k6mmDz11oLapZM 1 1
k7BQkykKolFJeM 1 1
kDo2LRsRd83LyM 1 1
kLx5HRPajRN2aM 1 1
kMc0bJbuqnWZMM 1 1
kTV89Bg5xccxPM 1 1
kYp-JQhFBVvjsM 1 1
k_FkzYaef9QPdM 1 1
kj5iJ5kz5jqOEM 1 1
kqLt9_DVFpCYEM 1 1
kqON0_v5Sz6utM 1 1
kxOQoCOnmwW6EM 1 1
lRmJJWRxMRNIXM 1 1
ldrs0r-5SXiOyM 1 1
lm7ZqoA7OJf2aM 1 1
mANj2_8UnXWYuM 1 1
mF4GGd7sEz9SlM 1 1
mG2enldQMkVi5M 1 1
mTIhzMqQQ5Aw_M 1 1
mYF2vgX_lwp8yM 1 1
mkQ_eysZDvuB3M 1 1
mtWarW0WChhmdM 1 1
n1RIfQvRX36ChM 1 1
nID4YrfWn_pNzM 1 1
nKLaosIcjqALvM 1 1
nRcleRKjynhhtM 1 1
noJU0zWhp75ZTM 1 1
nqXBlbOgJBDJgM 1 1
nvJcs3K7eS7I1M 1 1
nvSLIDqugCGuWM 1 1
nwzgXrrt7AsotM 1 1
nzfL8yMUpZTTRM 1 1
o2IZTbfX5a3pVM 1 1
oB2p-d21_kMrEM 1 1
oBN7hJ1EgB3HzM 1 1
oH-OPRd_RzR_CM 1 1
oIdCPNVKyCn-2M 1 1
o_k62qjWOtgKLM 1 1
omGrbNRP1KsI6M 1 1
oouWDYzNLsuXgM 1 1
oxBb_TPHN0_9ZM 1 1
p1R1oag2Anp5uM 1 1
p4_TeC8JHqZEWM 1 1
pEhguju_WJqm1M 1 1
pIP1tAzr9kmqlM 1 1
pNfLCEDs9fHbwM 1 1
pTPyoPaqnrw-hM 1 1
pTnZGCvw1haAxM 1 1
pZkyRVOdmGhdKM 1 1
pl7K5I2MfM6c-M 1 1
pxr4algXlciTrM 1 1
q1I9nFu-67onyM 1 1
q2fQmw9DsvfHSM 1 1
q3dG0mxZfCj81M 1 1
qEirTtyrz5cROM 1 1
qEmSdjhFtxe0bM 1 1
qF90sviRzznqRM 1 1
qJC8fMbvs-Jg4M 1 1
qLHqdeRAOsWdQM 1 1
qP3nmYs-gu9HtM 1 1
qRiVWp-Wlqc0cM 1 1
qeeTh15FENd18M 1 1
qkecDwqj07buXM 1 1
qkwgw0I3_Ao1sM 1 1
qn_e9F7Lhz6sfM 1 1
qpIvVW8YIkjJlM 1 1
r7OxmbwqOoaZhM 1 1
r9xviWE0UhXydM 1 1
rEU_pxd_PR64gM 1 1
rS5WB56OuMHcZM 1 1
rT0Fpx7SWODvqM 1 1
rUydlRQgaEBNuM 1 1
rXO8A7YS0ox07M 1 1
riFAWhlB7HcaTM 0 0
rlfKCtUkXf7thM 1 1
s0OgVI8OsOst8M 1 1
sEeDiWPA7Ri8FM 1 1
sGVZgchaQ1Nj7M 1 1
sII8yzfGpacfKM 1 1
sRPxXMh7thA_JM 1 1
sWxvIjnP588BTM 1 1
sZBecxz6kupg8M 1 1
t3Tx5K4tEdv4ZM 1 1
tCTIXTCcQwgO7M 1 1
tOtYrGmN-EJ8iM 1 1
t_7kIt10Gl6V9M 1 1
t_DAn2m0i4KUWM 1 1
thsDuUZ9AETymM 1 1
u34eQYlH3mzzFM 1 1
u4kacBeE3nBpDM 1 1
u8nEDitVKtl_SM 1 1
uFmaBwJXjxWuHM 1 1
uh-G58avXU6mGM 1 1
uxmxE6F-hXsvDM 1 1
v0WJuzqL7HLhBM 0 0
v1vwV4K354orMM 1 1
v7Oa4Wt5E6dcjM 1 1
v9DU2itfbvkvrM 1 1
vJaF4KTqqA80kM 1 1
vKZab1VTSuz4dM 1 1
vMjaCM29QbXryM 1 1
vOhGOTPraAygNM 1 1
vWUcaAnkBQqs4M 1 1
vXpUjUTueb7VpM 1 1
vaPxWSUk6AmA1M 1 1
vghbM7zaR2kfiM 1 1
vzVSetVA7ZHUnM 1 1
w0d9rzHSqVgnYM 1 1
w2SxLOwkSGHXDM 1 1
w5HZFrQcs7McKM 1 1
w5iX9g9CQfIb3M 1 1
w9tUjfHg9OuTXM 1 1
w9u4UlUMddxaWM 1 1
wAb2piusEGgMZM 1 1
wMLCdganSJBNgM 1 1
wOQn5zAuC8bd6M 1 1
wQ9nriOONhSyOM 1 1
wSaIUAdEkJHfoM 1 1
whiPSC3h70OO8M 1 1
wiXMpkS0-FOzZM 1 1
wjGqeRsF4gSQSM 1 1
wpzviZbNkngooM 1 1
xJktxXLgjv4UQM 1 1
xQspmfiLoWC0eM 1 1
xRaIMk-lVkVVxM 1 1
xRq0mFZW24v9XM 1 1
xfKUhd-Q1lFZtM 1 1
xjrUUgKAF2MGiM 1 1
xx-0jypK5ba9bM 1 1
y-GcV1SR637pWM 1 1
y5DN2OFQLuDI-M 1 1
yNSB3CVyas8HtM 0 0
ySVn165r9uT3fM 1 1
yUNWHbJZIe8N6M 1 1
ye9v7i5oM9u6sM 1 1
ys3IFen7oq9IjM 1 1
z9q8uhnT5RCOoM 1 1
zBu8IozC6G0VlM 1 1
zFksdl08s7gPqM 1 1
zN1Val5BbSmr3M 1 1
zOO3mTJ7vIz0jM 1 1
zWps3e5O6n-khM 1 1
zgfUEEFVvVvnGM 1 1
zpl3DP6ZinnMdM 1 1
zv55Bu7tUHMIZM 1 1
