-1LKXDKPOVI70M 1 1
-F2FmfiJC8KPjM 1 1
-H-Qfe_h3mtYiM 1 1
-WQXwF9uIKiQYM 1 1
-_w_ofF1yWX9TM 1 1
-aBw_EPKBrXNIM 1 1
-lM-MqTRweigWM 1 1
-tfLTezUhilaZM 1 1
00-4fwOUrX3E2M 0 0
00SCVJQ2f1-7eM 1 1
0NGvLn3Xb6ZsjM 1 1
0Pkywo7sWQ402M 1 1
0Zd_V7cfyEPQnM 1 1
0bOLwbtvBfvl5M 1 1
0dvWJVm3WJYH3M 1 1
0y3D7TU59rPSSM 1 1
10075110306 1 1
10122062335 1 1
10133627553 1 1
10171498844 1 1
10171504364 1 1
10171522744 1 1
10171647945 1 1
10171754813 1 1
10171761463 1 1
10201252813 1 1
1028255700 1 1
10291617 1 1
10304960415 1 1
103386032 1 1
103386223 1 1
103386385 1 1
103386879 1 1
1037566688 1 1
10385183656 1 1
10420190914 1 1
10454692 1 1
10630259374 1 1
10631142906 1 1
10645944635 1 1
10645953564 1 1
10645957664 1 1
1065567277 1 1
1070427320 1 1
1070428010 1 1
10854008575 1 1
10854154014 1 1
10854154254 1 1
10854154904 1 1
10902438736 1 1
10930045715 0 0
11015641 1 1
11059194006 1 1
111343628 1 1
1121022246 1 1
11239227724 1 1
1124909505 1 1
11295983 1 1
113251641 1 1
113251800 1 1
11394359293 1 1
11406879276 1 1
114754350 1 1
11501431693 1 1
1151117777 1 1
115446241 1 1
11554965345 1 1
116054303 1 1
11695387945 1 1
118245316 1 1
118245685 1 1
1184927232 1 1
1184934144 1 1
11906001924 1 1
119752606 1 1
119809358 1 1
12005983235 1 1
12045335583 1 1
1226282881 1 1
1230348150 1 1
123216703 1 1
1235262945 1 1
12406506934 1 1
12466657605 1 1
12471468225 1 1
12471469695 1 1
12471473135 0 0
12471619183 0 0
1247308095 1 1
12558708183 1 1
12618264755 1 1
12819901954 1 1
12881821075 1 1
129052236 1 1
1310922654 1 1
13116761424 0 0
1320837738 1 1
13224639724 1 1
13242990743 1 1
13287500335 1 1
13337084155 1 1
13338729965 1 1
13452399233 1 1
13477486 1 1
13477517 1 1
13477545 1 1
13491609595 1 1
13525986505 1 1
1360662660 1 1
13675451874 1 1
13833349 1 1
13834291 1 1
13900380044 1 1
13902515516 1 1
1392130901 1 1
1392319052 1 1
14009594074 1 1
14015286342 1 1
14053108267 1 1
14067723214 1 1
14091934438 0 0
141282996 1 1
14133190571 1 1
14238056828 1 1
143328183 1 1
14348486157 1 1
14358175831 1 1
14360465336 1 1
14360465676 1 1
14366240790 1 1
14380384429 1 1
14381973363 1 1
14415616050 1 1
14436769120 1 1
14484972929 1 1
14490421274 1 1
14515984832 1 1
145795045 1 1
14621277 1 1
14621507 1 1
14621698 1 1
14621809 1 1
14656627647 1 1
14691902603 0 0
14760555419 1 1
14760635718 1 1
14760688517 1 1
14760696857 1 1
14772467661 1 1
14772582749 0 0
14772583150 1 1
14772594160 1 1
14772594319 1 1
14772597739 1 1
14772660328 1 1
14788272865 1 1
14803421333 1 1
148145254 1 1
14830370990 1 1
14885424569 1 1
14894445443 1 1
14911201290 1 1
14924746986 1 1
149417344 1 1
14944653681 1 1
14947391932 1 1
14947731215 1 1
14958928182 0 0
15011639933 1 1
15034245803 0 0
1507594693 1 1
1507600639 0 0
1508452410 1 1
15128068086 1 1
15136260663 1 1
15138143798 1 1
15142981646 1 1
15192903454 1 1
15193774917 1 1
15216039063 1 1
15252379478 1 1
15257712737 1 1
15292281733 1 1
15325076274 1 1
15350861563 1 1
15359905261 1 1
15405889007 1 1
15412847154 1 1
15445837247 1 1
15446241260 1 1
15505106599 1 1
15528237966 1 1
15540988826 1 1
15592676112 1 1
15607399758 1 1
15639709427 1 1
15670546905 1 1
15681672675 1 1
15762612686 1 1
15766093991 1 1
15775062282 1 1
15783112438 1 1
15811832446 1 1
15835467345 1 1
15884283201 1 1
15897040544 1 1
159092997 1 1
15943547825 1 1
15944717686 1 1
16021094266 1 1
160673725 1 1
160722788 1 1
16078969804 1 1
16120259128 1 1
16189762137 1 1
16195860589 1 1
16203244502 1 1
16289149922 1 1
16291505780 1 1
16327478377 1 1
16334471659 1 1
16372533931 1 1
16375647850 1 1
16440538831 1 1
16461869810 1 1
16500955277 1 1
16594110981 1 1
16617792523 1 1
16685601524 1 1
1674640224 1 1
16749688435 1 1
16781261 1 1
168512710 1 1
16890967794 1 1
17074866248 1 1
17156820470 1 1
17165183966 1 1
17259308915 1 1
17288518751 1 1
1750378617 1 1
176468254 1 1
17647743 1 1
17648818 1 1
17688609906 1 1
18016834 1 1
18018793008 1 1
18111828910 1 1
18299474115 1 1
184929460 1 1
185182426 0 0
185183352 1 1
186821289 1 1
18908016105 1 1
190334021 1 1
19155420584 1 1
194070771 1 1
19425380599 1 1
1950228 1 1
195622298 1 1
19629601848 1 1
197105719 1 1
1975777695 0 0
19770743022 1 1
197824793 1 1
19953168940 1 1
199853867 1 1
1gQEj6N58BuA6M 1 1
1p86vxyx3X8s7M 1 1
203967343 1 1
203968454 1 1
20412620 1 1
2042159660 1 1
20452434 1 1
205199906 1 1
205200207 1 1
206451248 1 1
20744833172 1 1
20772100982 0 0
2078372489 1 1
2082594774 1 1
2089441234 1 1
2091344257 1 1
209972021 1 1
209973821 1 1
209974381 1 1
2101364617 1 1
21020066859 0 0
21233281214 1 1
21287475 1 1
21288429 1 1
21289606 1 1
2130222705 1 1
2130889426 1 1
21543587 1 1
2158293066 1 1
21624117846 1 1
2166414203 1 1
2166422249 1 1
2166424177 1 1
2166432343 1 1
2166434419 1 1
2166436409 1 1
2166436571 1 1
2166438717 1 1
21668195218 1 1
2167210722 1 1
2167214882 1 1
2167217264 1 1
2167219032 1 1
2167220944 1 1
2167223152 1 1
2167223312 1 1
2167231648 1 1
2167233560 1 1
2178492358 1 1
2184084303 1 1
218778336 1 1
218778393 1 1
218778464 1 1
218778500 1 1
218778672 1 1
218778750 1 1
218778922 1 1
218778977 1 1
218779057 1 1
218779133 1 1
218779296 1 1
218779331 1 1
218779450 1 1
218779500 1 1
218779658 0 0
218779955 1 1
218779989 1 1
218780158 1 1
218780222 1 1
218780284 1 1
218780333 1 1
218795242 0 0
219111593 1 1
2193340594 1 1
2195427735 1 1
2195428435 1 1
2199313964 0 0
22063431273 1 1
222717821 1 1
222718407 1 1
2231042113 1 1
2231834148 1 1
22555082363 1 1
2259501286 1 1
2261795986 1 1
2262765717 1 1
2286891114 1 1
22892288923 1 1
2292563600 1 1
2295892284 1 1
2304597519 1 1
2304917395 1 1
231963356 0 0
231963460 1 1
231963583 1 1
231963950 1 1
231964015 1 1
23221513 1 1
2323401226 1 1
2325303482 1 1
2325308024 1 1
2325313976 1 1
23410925872 1 1
2341230487 1 1
234237378 1 1
2358791210 1 1
2361204050 0 0
236352632 1 1
236712763 1 1
2367459610 1 1
23720849325 1 1
23765475393 1 1
2377701446 1 1
2379761338 1 1
2381222441 1 1
2387636301 1 1
2388057241 1 1
2388058835 1 1
2391571646 1 1
24106053612 1 1
24106056342 1 1
24134025052 1 1
24214110165 1 1
24284037392 1 1
24284039542 1 1
2436073655 1 1
24366049426 1 1
24414167364 1 1
2459020304 1 1
2463234057 1 1
2463911397 1 1
2464908505 1 1
24659701809 1 1
2472470758 1 1
248439261 0 0
2488397248 1 1
24952451 1 1
24952800 1 1
2496945093 1 1
2497773132 1 1
2499146782 0 0
2502736977 1 1
25078263094 1 1
2515497695 1 1
25177553465 1 1
252691139 1 1
252757145 1 1
252757509 1 1
252757964 1 1
252758420 1 1
252762107 1 1
2528512368 1 1
2532268776 0 0
253266147 1 1
2532960481 1 1
2545457655 1 1
25467926 1 1
25471291 1 1
2549552767 1 1
2550379264 1 1
2584557302 1 1
25882044040 1 1
259068886 1 1
259070159 1 1
259084010 1 1
259127104 1 1
260023891 1 1
260024771 1 1
260025672 1 1
260026362 1 1
260027146 1 1
260028024 1 1
260028769 1 1
260029536 1 1
260030216 1 1
2600348596 1 1
26130969312 1 1
2615626519 1 1
2619386324 1 1
2619413519 1 1
2623502800 1 1
2625112419 1 1
2625704107 1 1
264004912 1 1
2642629481 1 1
26535060 1 1
26535206 1 1
26535908 1 1
26540259 1 1
26540477 1 1
2654578461 1 1
2658636876 1 1
2661077138 1 1
26683840291 1 1
2674708338 1 1
2680601376 1 1
2691697703 1 1
26JT3zhfS7P6kM 1 1
2712825983 1 1
2725463695 1 1
2727135333 1 1
2727982147 1 1
2728818878 1 1
27337738 1 1
27338014 1 1
27338430 1 1
27351930 1 1
2743952114 1 1
27464442011 1 1
2750688022 1 1
2755835195 1 1
276940066 1 1
277224014 1 1
27732719505 1 1
2777136327 1 1
2777992962 1 1
278202397 1 1
2787200107 1 1
2787202681 1 1
2788053916 1 1
2788265309 1 1
2789108110 1 1
279088072 1 1
2794314654 1 1
2799604543 1 1
284456945 1 1
2857523001 1 1
287186174 0 0
2875371343 1 1
2878396420 1 1
2878866978 1 1
2891193771 1 1
2891958510 1 1
2896723243 1 1
29049300 1 1
29050082 1 1
29056354 1 1
29207495 1 1
29207825 1 1
29207934 1 1
2920844883 1 1
29270284 1 1
29270444 1 1
29304408 1 1
29305863 1 1
2956239638 1 1
2970850289 1 1
297522471 1 1
2980863589 1 1
298400545 1 1
2988052430 1 1
298934740 1 1
2QdCaZHl-LLzOM 1 1
2TgecuWnzzfs2M 1 1
2VRK80FrE3zAsM 1 1
2Xxi2nosMQDxiM 1 1
2ellL7ZEbUNmwM 1 1
2h3CYsVwMT3tMM 1 1
2intV1bChJzkIM 1 1
30001887 1 1
300406273 1 1
3024842278 1 1
30387595 1 1
30387851 1 1
30388077 1 1
306215748 1 1
3063975878 1 1
3078695232 1 1
3079669506 1 1
3081574561 1 1
3086976500 1 1
309841434 0 0
309841466 0 0
309841509 1 1
3106339702 1 1
3118733008 1 1
3120953322 1 1
3124099177 1 1
3127165554 1 1
312949379 1 1
3133223242 1 1
3136851375 1 1
3137679246 1 1
313812551 1 1
3152748128 1 1
315539247 1 1
3159011327 1 1
315961093 1 1
3167197837 1 1
317383530 1 1
3180191705 1 1
3192675622 1 1
3197091244 1 1
3203586140 1 1
3207473337 1 1
3208320258 1 1
321830273 1 1
3224417565 1 1
3225269680 0 0
3232870978 1 1
3237030642 1 1
3242344413 1 1
32557002 1 1
32557157 1 1
32557381 1 1
32557634 1 1
32557776 1 1
32557898 1 1
32557942 1 1
32558046 1 1
32558173 1 1
32558465 1 1
32558831 1 1
32558948 1 1
32559118 1 1
3256324362 1 1
325897397 1 1
3264367065 0 0
3268897564 1 1
3274322872 1 1
329053702 1 1
3292058950 1 1
32OfDiVdIulG2M 1 1
3300320625 1 1
3301153434 1 1
3304096027 1 1
3307916754 0 0
3311139042 1 1
3314189930 0 0
33142429 1 1
3318958119 1 1
3323263600 1 1
33239155 1 1
3324333297 1 1
3328648866 1 1
332936592 1 1
333086828 1 1
3335786287 1 1
3356468349 1 1
3378373221 1 1
3379973372 1 1
3384126131 1 1
3385303485 1 1
3389862579 0 0
3399037964 1 1
3404162675 1 1
3407397435 1 1
3409868938 1 1
341336105 0 0
34190465 1 1
34191067 1 1
34204149 1 1
34204319 1 1
3437932541 1 1
3455499378 1 1
34631980 1 1
34632254 1 1
34632600 1 1
34632827 1 1
3465696890 1 1
3465783177 1 1
3473979820 1 1
349206957 1 1
34923540 1 1
35148173 1 1
35148468 1 1
35149334 1 1
35150511 1 1
35263213 1 1
35319521 1 1
35319872 1 1
35320306 1 1
35321586 1 1
35321653 1 1
3539292215 1 1
3556881694 1 1
357611723 1 1
3596373528 1 1
3604495046 1 1
36245788 1 1
36247365 1 1
3633298 1 1
364088795 1 1
3652370566 1 1
3657218994 1 1
3659431869 1 1
3665435038 1 1
3667243737 1 1
36676425 1 1
3668009608 1 1
366881993 0 0
36784157 1 1
36784984 1 1
36795966 1 1
3681332541 1 1
3686546525 1 1
3716835325 1 1
3729193584 1 1
3731637998 1 1
3750852525 1 1
377135191 1 1
3774859930 1 1
3775337127 1 1
378543173 1 1
378756255 1 1
3791978236 0 0
379692544 1 1
379692626 1 1
379693286 1 1
379693311 1 1
3799001850 1 1
3815921533 1 1
3832542208 1 1
38339400 0 0
3838946650 1 1
3840544043 1 1
384091123 1 1
3841332672 1 1
3848108888 1 1
3863955491 1 1
3867403066 0 0
386741263 1 1
3870412326 0 0
38857398 1 1
38857511 1 1
38857578 1 1
38857676 1 1
38857774 1 1
38857916 1 1
38858026 1 1
38858355 1 1
3890874999 1 1
3901157440 1 1
3905060710 1 1
390942477 1 1
39144310 1 1
3918581304 1 1
392001017 1 1
3923352753 1 1
3924144506 1 1
3925040783 1 1
392755249 1 1
392870357 1 1
395104480 1 1
39576796 1 1
39577017 1 1
395770549 1 1
39577482 1 1
39582410 1 1
39663463 1 1
39665245 1 1
3980467214 0 0
3982757723 1 1
3990143261 1 1
39917777 1 1
3992454591 1 1
3995218267 1 1
39vvVhC9gi-jHM 1 1
3IQ8mmkuPdS15M 1 1
3NNbma9imsiz4M 1 1
3Uivvi5m_8-iXM 1 1
3VTdlOuXvnlULM 1 1
3a8hMtXXAqwq5M 1 1
3fMEppPcGUVSzM 1 1
4003427435 1 1
4004081869 1 1
401553614 1 1
4023290868 1 1
4024841523 1 1
4031089771 1 1
4031089773 1 1
4032797500 1 1
4042569349 1 1
4051443050 1 1
40557943 1 1
4066045601 1 1
4066052417 1 1
4092802970 1 1
4099384397 1 1
4099384891 1 1
4141457002 1 1
4141478822 1 1
41556459 1 1
4166434983 1 1
41694874 1 1
41695210 1 1
41695402 1 1
41695457 1 1
416961155 1 1
418179629 1 1
419339974 1 1
4200113047 1 1
420536461 1 1
42112739 1 1
42113069 1 1
42113739 1 1
421864939 1 1
422924047 1 1
423971007 1 1
423971643 1 1
423982058 1 1
4241892799 1 1
4248950262 1 1
4252249850 1 1
4254099567 1 1
4264288778 1 1
426726584 1 1
4273846419 1 1
4294981310 1 1
4301121973 1 1
4302847175 1 1
4305980111 1 1
4311778541 1 1
4322382562 1 1
4324682227 1 1
4325542129 1 1
4326577165 1 1
4326580759 1 1
4327168090 1 1
4327312822 1 1
4327315858 1 1
433811426 1 1
434135986 1 1
4350040361 1 1
435178471 1 1
43603660 1 1
43604823 1 1
43605447 1 1
43606401 1 1
4365789427 1 1
4371152008 1 1
4371290061 1 1
4373171623 1 1
4375460679 1 1
4377846483 1 1
4382673578 1 1
43829987 1 1
43830296 1 1
43830568 1 1
43830899 1 1
43831188 1 1
43831416 1 1
43831664 1 1
43831956 1 1
43832286 1 1
43832527 1 1
43832677 1 1
43832793 1 1
43833017 1 1
43833190 1 1
43833327 1 1
43833547 1 1
43833744 1 1
4389336503 1 1
4392013265 1 1
4392783660 1 1
439607674 0 0
440727560 1 1
44100466 1 1
4410623783 1 1
44132697 1 1
44132846 1 1
44133750 1 1
44133938 1 1
4413663417 1 1
44139477 1 1
44139643 1 1
44139876 1 1
4414654784 1 1
4420301576 1 1
442059904 1 1
44256579 1 1
44257864 1 1
443924168 0 0
444040898 1 1
4458749 1 1
4458832255 1 1
4458832363 1 1
4458832579 1 1
4459611434 1 1
4459612090 1 1
4459612202 1 1
4460212472 1 1
446866169 1 1
4468929567 1 1
4472743355 1 1
4473593139 1 1
4473783555 0 0
4474371350 1 1
4480715607 1 1
4480892645 1 1
4493341267 0 0
4506594516 1 1
4509960939 1 1
4510600364 1 1
4517374316 1 1
4524081282 1 1
4529983517 1 1
4534585117 1 1
4534589059 1 1
4537767400 1 1
4547112578 1 1
4563004754 1 1
4563979060 1 1
458129606 1 1
45822613 1 1
45824424 1 1
4586531592 1 1
459330338 1 1
4601982507 1 1
4602597454 1 1
461877177 1 1
463316748 1 1
4638148157 1 1
4639566617 1 1
4650542193 0 0
468864497 1 1
468864995 1 1
468883423 1 1
4697636574 1 1
47074757 1 1
47075054 1 1
4722324669 1 1
4731610472 1 1
4735474359 1 1
4740704110 1 1
476100594 1 1
4765034662 1 1
4767747648 1 1
47742319 1 1
47743616 1 1
47743732 1 1
4775111314 1 1
47795839 1 1
47796113 1 1
478174556 1 1
478191987 1 1
478192363 1 1
4782569328 1 1
4784444285 1 1
4787398225 0 0
47942788 1 1
4799265484 1 1
4799992412 1 1
4802021886 1 1
4802765007 1 1
4804676142 1 1
4812259535 1 1
4812561968 1 1
4812563326 1 1
4813DvJjxNWjdM 1 1
4824853637 1 1
482992926 1 1
4832461541 1 1
4850193874 1 1
4853435812 0 0
4859464967 1 1
486963228 1 1
4875779978 1 1
4885393450 1 1
488552134 1 1
4885820708 1 1
4890061185 1 1
4890649582 1 1
48907644 1 1
49107980 1 1
49108097 1 1
491113684 1 1
4920497493 1 1
4928404461 1 1
4928404671 1 1
4938557462 1 1
494931820 1 1
494932140 1 1
494932278 1 1
49629622 1 1
4972245286 1 1
497522076 1 1
4976963875 1 1
497842164 1 1
4982648447 1 1
4984905057 1 1
4986392720 1 1
498740919 1 1
4998805836 0 0
4BoaXiGlbJy2fM 1 1
4FKMLST-IwFqgM 1 1
4KKrUs7ZasTu7M 1 1
4NZAmU6N5m8JrM 1 1
4VEhHt5qqvm13M 1 1
4bz1WlwoeE8xgM 1 1
4dkr8OPpDv8mPM 1 1
4g4Y9xvaLEnMaM 1 1
4lnUaeruFNHJDM 1 1
4mkkybbtELdh-M 1 1
4vEqgSXnU6e_MM 1 1
4zoc_EGig_I8lM 1 1
5012294595 1 1
5012947686 1 1
5015275922 1 1
50172651 1 1
5025839658 1 1
5025916459 1 1
50260088 1 1
50260620 1 1
50260743 1 1
50261291 1 1
50261385 1 1
504451968 1 1
5047007040 1 1
5047782815 1 1
5047792123 1 1
5048400944 0 0
5048407810 1 1
5048410394 1 1
5055033943 1 1
5058875530 1 1
506337631 1 1
50899554 1 1
50904331 1 1
50904717 1 1
5097514719 1 1
5106484347 1 1
51237876 1 1
5130770148 0 0
513618687 1 1
5142866631 1 1
514657830 1 1
5156090816 1 1
5160756471 1 1
5164025853 1 1
5164025887 1 1
51659833 1 1
51660172 1 1
51660423 1 1
52088984 1 1
52089676 1 1
5224572069 1 1
5224572629 1 1
5225169916 1 1
52311531 1 1
5240825781 1 1
52456732 1 1
5254624630 1 1
5267337900 1 1
5287642598 1 1
5304092602 1 1
5306810824 1 1
5312061568 1 1
5315789282 1 1
5331101801 1 1
5332691422 1 1
5349884981 0 0
5350498334 1 1
535696504 1 1
5358359007 1 1
5358363345 1 1
5358968864 1 1
5358971350 1 1
5358975268 1 1
5358980724 1 1
5377958872 1 1
5382802155 1 1
5387729017 1 1
539635001 1 1
54147537 1 1
542758952 1 1
543667 1 1
543692945 1 1
5438230707 1 1
5456049900 1 1
5496919086 1 1
5503406195 1 1
5505940400 1 1
5508739257 1 1
5508953643 1 1
5520442920 0 0
5526357579 1 1
5528465145 1 1
5528722533 0 0
5536563261 1 1
5539754872 1 1
5551105538 1 1
55547291 1 1
5555596799 1 1
5558978633 1 1
5561553055 1 1
5562131022 1 1
5586449001 1 1
5589969251 1 1
5596072741 1 1
5596654092 1 1
5597143045 1 1
5600185303 1 1
5600766282 1 1
5600766876 1 1
5606069040 1 1
5607904402 1 1
5609699003 1 1
5609699997 1 1
5609700939 1 1
5609711847 1 1
5609712781 1 1
5610281568 1 1
5610289950 1 1
5610577522 1 1
5613811754 1 1
561390767 1 1
56240443 1 1
56240512 1 1
56240546 1 1
56240606 1 1
56240633 1 1
5624259994 1 1
5624496286 1 1
5627855427 1 1
5628303832 1 1
5635555639 1 1
5639024364 1 1
5641007361 1 1
5641570406 1 1
5644094400 1 1
5649354329 1 1
5649358619 1 1
5649914518 1 1
5655704124 1 1
5659335181 1 1
5687634974 1 1
5687737724 1 1
5687741648 1 1
5692512457 1 1
5703489227 1 1
5703489237 1 1
5715051199 1 1
5736162350 1 1
5759349552 1 1
579003850 1 1
5790398559 1 1
5802403674 1 1
5805327811 1 1
5806764899 1 1
5823331217 1 1
5848843 1 1
5850152488 0 0
5854008846 1 1
5854221847 1 1
5855668414 1 1
5882074070 1 1
5886562978 1 1
5892028876 1 1
58oy6Oy4D7s3IM 1 1
5909796220 1 1
5912937 1 1
5917224688 1 1
5922864574 1 1
5931828007 0 0
5936756075 1 1
5941758367 1 1
5949888998 1 1
5961373722 1 1
5967918281 1 1
5970009432 1 1
5973895645 1 1
5973901623 1 1
5974459138 1 1
5974461080 1 1
5990190097 1 1
5AbGzEpRHVR0zM 1 1
5PWqk0mMukG8qM 1 1
5_Jkvu21w3qsgM 1 1
5btfDGcqbmWy-M 1 1
5dQwM5yo_Oq0pM 0 0
5dvUrn99JdZq3M 1 1
5fwMeFfuYdbevM 1 1
5tKySFL-8hn1fM 1 1
6018926264 1 1
6033805696 1 1
6057413662 1 1
6060629323 1 1
6080377411 1 1
6080622 1 1
6088467882 1 1
60905328 1 1
60906062 1 1
6103296093 1 1
6111980201 1 1
6112008501 1 1
6112520044 1 1
6112568034 1 1
6112572026 1 1
6114172310 1 1
6117212003 1 1
6117219029 1 1
6117762344 0 0
6124812545 1 1
6124814925 1 1
6129179101 1 1
6129729876 1 1
6134668208 1 1
6134929218 1 1
6141513207 1 1
6166620122 1 1
6170296166 1 1
6182390715 1 1
6182393141 1 1
6182909838 1 1
6186840156 1 1
6187732852 1 1
6189517017 1 1
6192232182 1 1
6193688187 1 1
6200933828 1 1
6201246970 1 1
6217818169 1 1
6217818999 1 1
6225591794 1 1
6229324937 1 1
6238381338 1 1
6244390581 1 1
6251928072 1 1
6277863116 1 1
6277864244 1 1
6282828862 1 1
6284004322 1 1
6304635570 1 1
6313672363 1 1
6313696775 1 1
6318765257 1 1
6333547100 1 1
64434630 1 1
6458018695 1 1
6472945443 1 1
6504742617 1 1
6532364663 1 1
6542551003 1 1
6596762635 1 1
6596766351 1 1
6635066087 1 1
6668217089 1 1
669781 1 1
6734964 1 1
6737250301 1 1
6775755796 1 1
6776552867 1 1
6788915438 0 0
6801135762 1 1
6816889958 1 1
6826502213 1 1
6830951134 1 1
6849374970 1 1
6849448940 1 1
6853305520 1 1
6853879447 1 1
6855939412 1 1
6856481951 1 1
6861944078 1 1
6863111829 1 1
6872173021 1 1
6872176739 1 1
6875733549 1 1
6877838092 1 1
6883614309 1 1
6892475074 1 1
68955991 1 1
6899398581 1 1
68CjlGeMxCTq_M 1 1
6927224075 1 1
6931648855 1 1
6935249403 1 1
6935497674 1 1
69524380 1 1
69524603 1 1
69524817 1 1
69525070 1 1
69525317 1 1
6953770941 1 1
6957720247 1 1
69600747 1 1
696784773 1 1
6974742146 1 1
697644630 1 1
697671280 1 1
6981373841 1 1
6983115333 1 1
6995491605 1 1
6995499207 0 0
6995501671 1 1
6995571661 1 1
6EfXQ6l90PhHgM 1 1
6JIncOOd4AjNdM 1 1
6Si_LiTnmpbpdM 1 1
6hsfEP8BGdMS2M 1 1
6jMkvGAr_-NQRM 1 1
6rNlBs-6W8MazM 1 1
7003915336 1 1
7004384189 1 1
7006699991 1 1
7011734805 1 1
7014693351 1 1
7023938821 1 1
7058009587 1 1
7077539217 1 1
7095276849 1 1
7103071649 1 1
7105927999 0 0
7127728351 1 1
7132412445 1 1
7146328509 1 1
7161010163 1 1
71731278 1 1
717821165 1 1
7209189514 1 1
7234175406 1 1
7271681426 1 1
7281853154 1 1
73217034 1 1
73217043 1 1
73217046 1 1
73217059 1 1
73217066 1 1
73217074 1 1
7342990118 1 1
7354360452 1 1
7378649704 1 1
7394839300 1 1
74074174 1 1
74074269 1 1
7413076838 1 1
7451295378 1 1
7505464614 0 0
7522307148 1 1
7529548500 1 1
753556390 1 1
7550776270 1 1
7557468812 0 0
7581261060 1 1
7581261526 1 1
7581275208 1 1
7581275464 1 1
7628696050 1 1
7628698798 1 1
7628699472 1 1
7628721026 0 0
7628722650 1 1
7628724730 1 1
7628725282 1 1
7628725668 1 1
7628727648 1 1
7628737528 1 1
7628738082 0 0
7628738726 1 1
7628740184 1 1
7628741138 1 1
7655593262 1 1
76636409 1 1
7713735568 1 1
77z6T9QzD_zPPM 1 1
7807730016 1 1
7842430198 1 1
7860907472 1 1
7915663750 1 1
7921854292 1 1
7944000320 1 1
7961001506 1 1
79644274 1 1
7965837170 1 1
7966813980 1 1
7966853444 1 1
7988877055 1 1
7996318806 1 1
7GsNE0XFmFw94M 1 1
7HKEsYTg3jYzFM 1 1
7QEgW1fY8_NocM 1 1
7TkVTjwz1YEQxM 1 1
7YEdB_7vEwYcbM 1 1
7ZRS0WmKcZ-mUM 1 1
7keMmxidIKhb6M 1 1
7rhgTVvWlWxBTM 1 1
7sejRf49AKGyHM 1 1
8017733323 1 1
8017733477 1 1
8036651976 1 1
8040224165 1 1
8059104293 1 1
8059941295 1 1
8062483244 1 1
8066989608 1 1
8082687000 1 1
8082693125 1 1
8082693243 1 1
8087929292 1 1
8127037681 1 1
8138049656 1 1
8150671932 1 1
8154769008 1 1
8166212946 1 1
8186909637 1 1
8186909819 1 1
8204964671 1 1
8206057278 1 1
8208307435 1 1
8215110737 1 1
8218118241 0 0
8220843277 1 1
8220845981 1 1
8220848239 1 1
8220850639 1 1
8221922410 1 1
8221927238 1 1
8221929804 0 0
8223868930 1 1
8238141789 1 1
8238690840 0 0
8242896716 1 1
8258559960 1 1
8272496548 1 1
83093271 1 1
8353017483 1 1
8361195532 1 1
8373690435 1 1
8373690775 1 1
8373834135 0 0
8374762632 1 1
8374763568 1 1
8380879187 0 0
8398256468 1 1
8400656093 1 1
8400663113 1 1
8413955389 1 1
8424166233 1 1
8429463900 1 1
8430948060 0 0
84348523 1 1
8453679639 1 1
84553362 1 1
84553681 1 1
84553914 1 1
84554300 1 1
847174598 1 1
8477117184 0 0
8478814253 1 1
8510534157 1 1
8514611749 1 1
8531081013 1 1
8543351654 1 1
8553039781 1 1
85574910 1 1
85575149 1 1
85575454 1 1
8596350322 1 1
8621648645 1 1
8621650231 1 1
8621651949 0 0
8633633150 1 1
86578502 1 1
866838382 1 1
8674326962 1 1
8685746 1 1
8695894279 1 1
8700412203 1 1
8701148439 1 1
8703683854 1 1
8714673685 1 1
8714678543 1 1
8714679865 1 1
8714682299 1 1
8715793242 1 1
8715795612 1 1
8715797212 1 1
8715801584 1 1
8725022859 1 1
8726123927 1 1
8726736037 1 1
8735396215 1 1
8747059593 0 0
8832159298 1 1
8832159456 1 1
88514669 1 1
8870631573 1 1
88850836 1 1
8979790977 1 1
8C7ZJ8l21eA0nM 1 1
8CH760hfKrhoLM 1 1
8IGb76qkTOqMIM 1 1
8MBKl87xzmC7xM 0 0
8OdL5SnjJiy1zM 1 1
8ThRfxaMARK22M 1 1
8_pWSEy9FTz9MM 1 1
8sO2-1pujwuQXM 1 1
9050931 1 1
9051231 1 1
9051301 1 1
9064464203 1 1
9131817686 1 1
9174840579 1 1
9225217594 1 1
9225818227 1 1
92292039 1 1
9256425198 1 1
9288265236 1 1
9293735036 1 1
9301413895 1 1
9306482643 1 1
9309308588 1 1
93909821 1 1
94330241 1 1
9458067509 1 1
953515422 1 1
9566990817 1 1
95703951 1 1
95704120 1 1
95777014 1 1
95777022 1 1
9600148325 1 1
9600921186 1 1
96026856 1 1
9656434748 1 1
9691797198 1 1
9709285347 1 1
9712508604 1 1
9712512666 1 1
9712515416 1 1
9712519318 1 1
9737745966 1 1
9740648442 1 1
97685354 1 1
9784862355 1 1
9797888 1 1
9904894803 1 1
99505040 1 1
9955519515 1 1
9962828185 1 1
9969440984 1 1
9994407823 1 1
9996128373 1 1
9996518634 1 1
9996577156 1 1
9996581946 1 1
9GeQBTWdGOJIHM 1 1
9OiAmMEkYNPUhM 1 1
9R7wVqY6mVw7LM 1 1
9VNInU2_nFRtJM 1 1
9ghDbwV0VcDk0M 1 1
9rn5gDLOSPB0BM 1 1
9sPGF3DwWKkZjM 1 1
9wTILj2jXfxedM 0 0
A5Bzf0ryoqyZsM 1 1
A9Vo-F62V9ZjTM 1 1
AASjx-eeky3WcM 1 1
AHwN5uyGHmz-cM 1 1
ALFyW4GsjUB_BM 1 1
AMWdhgHBQlPf0M 0 0
ANAsOZZT7wFUuM 1 1
AXHzmq6GqNr1tM 0 0
AbgKHraVV_HrwM 1 1
AhBavxHJjmjGDM 1 1
Ai8IFQkWW3NZXM 1 1
AiFqS-zVURTUqM 1 1
Aku4E1aM9mMbtM 0 0
Awlaa0EbIyk6UM 1 1
BC7xya_WhBzfLM 1 1
BJPKEXeUvrgGrM 1 1
BaWCLKQADYwvBM 1 1
BcxzxXpt2aLUxM 1 1
BgP6bUgXhnIzCM 1 1
BkZIVaziVky1vM 1 1
BmJsCpuHN3_HkM 1 1
C0ua2oTsiPaciM 1 1
CMVt-dZ_btDckM 1 1
CScIU78z6oRVwM 1 1
CUVuoBYyxaC1dM 1 1
CXP2aZDpMzBdwM 1 1
CaqK8ryAvKuCcM 1 1
Cd2ElC8FI0CADM 1 1
Cj4iw7mHTU3dNM 1 1
CsqjvvdDwLqfjM 1 1
Cwy8yjyO5spsgM 1 1
D99ihAfhUSM6mM 1 1
DC4m1KDmNzG8LM 1 1
DTZmCQiuPUtf2M 1 1
DZnYy2ixvhgC-M 1 1
DsV2yldg5G7KAM 1 1
DwA1pmwWEQRGtM 1 1
DxI5XOcSNBrkRM 1 1
E6sGPqtWcnjNuM 1 1
EBlGebsN4i0OQM 1 1
EJwipbhT_hZ1fM 1 1
ENOwGYELHHM8sM 1 1
ER7pO2eQTHLSxM 1 1
EaeCg_WKVxwwsM 1 1
EhCYvlCMPsHl4M 1 1
Eix-zv4jnakOaM 1 1
ElNOoeHvqPsU5M 1 1
EpH2Od7h2GvjIM 1 1
Esa6iIfyx57pIM 1 1
F01OsmV6fHlB_M 1 1
F0aCNncpdQOWWM 1 1
FAA5rbKiv4ohhM 1 1
FE-_8sjJbkQMMM 1 1
FEHIPiBuiCp1OM 1 1
FTRFs-RJpVgQlM 1 1
FUfmfwEiVcqm0M 1 1
FX-gQMUY53OWVM 1 1
FZFolYNdg8R8nM 1 1
FsvkgJg7En15DM 1 1
G6qDh-QkyJ-1lM 1 1
GB9OL3Ha7e7LBM 1 1
GQqHSyKoxeF4CM 1 1
GR-pWokDYDxYeM 1 1
Gmng1B2OFhDwIM 1 1
GnPzhk7nkTE3IM 0 0
H4GmDXgNEh_SnM 1 1
H8q8xhgUbm7UdM 1 1
HF4HBhRdBFAKVM 1 1
HMqiiJ-OuCuY5M 1 1
HTfF7h0SM9D3GM 1 1
HW-UeCIVv3QVdM 0 0
HbQiKTPN0PLdoM 0 0
Hc8zmJn9UErm4M 1 1
HfnNTzrYhG9vAM 1 1
HjFrhpdOQFWjrM 1 1
HlQ85LbvMsWnmM 1 1
I-PFc79l-P6gCM 1 1
I0RD9-slAgOIlM 1 1
ISjSr7cB-Va80M 1 1
ITE_8P5oXh2_tM 1 1
IbYDXSpf7ibnkM 1 1
Ibc9oz_tyNrqIM 1 1
InTWXeueZ-55WM 1 1
IuOnfumbza-gqM 0 0
IyjUkwj7g459zM 1 1
J7-4FZwqAKUCJM 1 1
J7nYEoduj2D2pM 1 1
JBZ90xGwyFqBLM 1 1
JLRCMLiijrNRlM 1 1
JLeAVoQx2bD4YM 0 0
JXTzpHUkdJrWbM 1 1
Jgp2V23OZCJYsM 1 1
Jh70PTice8yQcM 1 1
JjDYSD4flo1X6M 1 1
Jkq4YlEPZuuozM 1 1
Jr8CN4CcyG1teM 1 1
K0x4GOX25upRSM 1 1
K4Psv0DjPeO7PM 1 1
K4gzf1E2k4LbQM 1 1
K8ldMD5C1iKfmM 1 1
KZSskhb07a9_XM 1 1
KgbNUFz0Kc-TbM 1 1
KpiTlcoSigL4HM 1 1
Kt9IxuE8Z4vlrM 1 1
KuVmkbGHya01XM 1 1
KwAqlWdPaicN_M 1 1
KwJqGozoUbedRM 1 1
L7HoBLna5r6Z0M 1 1
LLimU2JijjRnvM 1 1
LRetj36ZgLh_uM 1 1
LXURdmknInd2UM 1 1
Le1zMcth9dBhbM 1 1
LeRkb6EngLdpGM 1 1
Lm9hV_1Aa67Y1M 1 1
LrCil3MZK8jV9M 1 1
LsYK9C0qKFsgQM 1 1
LtlXgOWXcA3twM 1 1
M-6dk3I67mozLM 1 1
M1NE7slagFk_vM 1 1
M6Xqkc4cyg_cJM 1 1
MCdAoS1WwJacRM 1 1
MaVO0DZFkm3aXM 1 1
Msf4mU6loHwlhM 1 1
N7X4ERu7B9_SwM 1 1
NDplAOQxDlW6XM 1 1
NLQ0Rglvo2Gr_M 1 1
NNAqR7jfAQ-mRM 1 1
NSfKxJ_73OK9-M 1 1
NUqdJnEgxlweEM 1 1
N_BhNvYhluk3DM 1 1
Ng3tE_NTDLcl-M 1 1
NhCZB-h5RjYAWM 1 1
NiwjhoPCCV2eNM 1 1
NpMbkpMXk2IsdM 1 1
NwkIRso5xcQxsM 1 1
O55sV7Hk4dcG-M 1 1
OSe9sIlG_dPxAM 1 1
OqVe1AoKozvMQM 1 1
Ow29oAZcUPvRCM 1 1
P3hYkZhuRE66yM 1 1
PCav9fpSSRghmM 1 1
PS49367JonQNTM 1 1
P_Wknt1yHEZbXM 1 1
PswHAaASdsLuHM 1 1
PzYlfeBvW4OgpM 1 1
Q7Vvn5QCJsmf4M 1 1
QR8flu4Y4XVQ5M 1 1
QS7SuCRy9RtD_M 1 1
QTlpiO3iO0v_GM 1 1
QYdmkZiRcKXOIM 1 1
Qe5pZ_LqWLKD0M 1 1
Qem4EZ8tBhVhwM 0 0
Qh20J1GtdFTSwM 1 1
QojA7NcL8Iqk5M 1 1
QwACRQbAtn7w-M 1 1
QxZvQcjkaSGMkM 1 1
REApbM4d-nZYRM 1 1
RJlh1TPS7uT5eM 1 1
RTZQVVH5BftAYM 1 1
RmaA-i3VMa_b5M 1 1
S3N92rqJxCtJCM 1 1
S83_P9IBai8N3M 1 1
SO6QHdcv6_XlKM 1 1
Sb8ZNCvg8yGJSM 1 1
Skb_XfBAVYIR2M 1 1
Svu1-Mx6KxMZaM 1 1
T8xbxcivl4RKIM 1 1
TFhUwZKg5StuEM 1 1
THRo_sZjGEL7qM 1 1
TLDcz3jNg4FqMM 0 0
Tr8C2KYItdBevM 1 1
TrWnAtsBFOAnVM 0 0
U9OA1fV3RypgWM 1 1
UG0y0Hfnm7qP4M 1 1
UH15K-I6J6ztwM 1 1
UIT-BVioYriVkM 1 1
ULEbJVXIPXMiLM 1 1
ULpi08I8nkNvFM 1 1
UNIFPDETXrk7RM 1 1
UqrkGXD6hEpDAM 1 1
Ur1jgG6mhNvaQM 1 1
UsVva5CTkaQ9mM 1 1
UxPx1GmYTCGGfM 1 1
Ve3ekT0_z1B4EM 1 1
W-mpeU9ydSzJzM 1 1
WFl6BPZ23l0LdM 1 1
WapM7grkmMKGYM 1 1
WrEWmET024PSXM 1 1
WrZW8cHnCarFCM 0 0
X1g6RATt632LjM 1 1
X2tAEEXfJWd-wM 1 1
X5RsgZ1rYxDMbM 1 1
XL-TzTxFtedH0M 1 1
XRFbMWcekuLy3M 1 1
XUvugfkyEspZMM 1 1
XdxVf5CTlwAOMM 0 0
XkVmIzooQzFAfM 1 1
XzqcyfmDTIJ38M 1 1
XzwHGvdKa-zFgM 1 1
Y8RBAPafnjZLbM 1 1
YCaVA-a__bnvIM 1 1
YTJlagXtOvU6QM 1 1
YUK8w6EOfY8AAM 1 1
YbXWLXCSwAgGAM 1 1
Yt0KAmL08Dz7FM 1 1
Yt9aSr0RTJ_IGM 1 1
YxvnEjvvFaarQM 1 1
Z4HXibKpUA9TrM 1 1
ZBBgNkTOVuQXDM 1 1
ZMG2xK_zYRgd7M 1 1
ZTj_5wMOGxuDyM 1 1
ZZpJ8rAGcvLvnM 1 1
ZdEemxzQ7USL3M 1 1
ZjX28gaUk9QEhM 1 1
ZpsPvKoCxTIHFM 1 1
_IYxM4B6AhVO2M 0 0
_J990YH-RSlEmM 1 1
_KrWTZNo7_hXdM 1 1
_NADV4w9BHx2xM 1 1
_Tsk82i8lJUk4M 1 1
_ZQZIT9PfjWkzM 1 1
_rCnWpphO6P5KM 1 1
_uLJ6XkD2eGW6M 1 1
_v5Q7lIx6pQXtM 1 1
_yelbDzO3sO5RM 1 1
_ykgo-XHzcH2jM 1 1
aHURXoz3YsSWGM 1 1
aXkNifBMGiCPnM 1 1
aisTHFuhSIZrEM 1 1
atxgAl_BPqBqvM 1 1
b048P2pxs7CLsM 1 1
b4upQpIBGldPnM 1 1
bFVKOQO0bmdKvM 1 1
bMHqXO6f_2uWaM 1 1
begtA7HLW42rrM 1 1
bfTycD1fZPDHKM 1 1
bjF8qy767HDREM 1 1
buGiUgZFxpkNbM 1 1
buqfSqnkJ8x-iM 1 1
bw-wvNCxXZNTkM 1 1
bwyMpVkOfP3HWM 1 1
c2SkSp3fcW06nM 1 1
c6bdryjIKTWu9M 1 1
cEGWVY3nsyrZ2M 1 1
cEI19rmhy7U2oM 1 1
cRqUiAjzW7G30M 1 1
cbyvR62eddwHuM 1 1
chatO2JirDgQdM 1 1
cvg7QBpoD_pdKM 1 1
cwTwJUELodpi8M 1 1
cwbCMw0-UuXv7M 1 1
cx5xR7WZ2SRv5M 1 1
d7O5XB07yX8bqM 1 1
d8W_hS5V_GAbdM 1 1
dAIcRccPgBQuXM 1 1
dBvo9yWqpCocbM 1 1
dE7ares3rfLpJM 1 1
dHkC6eH3wrFU1M 1 1
dMdr--EXcP2P1M 1 1
dU-Wkk3h3dNy7M 1 1
dYriiM697_e3SM 1 1
e9b5Ir7eGYkkoM 1 1
eEeAI3gGCB6JfM 1 1
eXTEUiWkoR84nM 1 1
ecZbi5cyqKkc1M 0 0
efXiMwy_QtbUrM 1 1
eoDusM36jSrV4M 1 1
f-PCNJnQS81uyM 1 1
f-qwFEyPGL6azM 1 1
f1F-8JuJsHgrUM 1 1
f87gkLQnoASKfM 1 1
fGrtf0Ymqb9_jM 1 1
fUbRHRE5HU-hLM 1 1
fe4H7VURsM-e3M 1 1
fehMnjOJ3z3cwM 1 1
fj6Ohw65OkDFQM 1 1
fkNwoF5eQtgTZM 1 1
g6OG671rxAN9IM 1 1
gJUPK0VE6I8jdM 1 1
gPaUYibI7CHffM 1 1
gQWTKH2bgnrszM 1 1
gYNGfAvrEVPcRM 1 1
gfbXOZFM-Ns-WM 1 1
gwjHCGYqEk0xZM 1 1
hFMd5yWb5IVZqM 1 1
hNcq3LmlKXI_3M 1 1
hP6zFXr3xhaKCM 1 1
hPn-z-vuouIyOM 1 1
haU_Ocpa-buIfM 1 1
hbUkPddhaVoesM 1 1
hrHkfE4kgk-vpM 1 1
i3-VLQtlZTZxAM 1 1
i3EIehuMDayUKM 1 1
i4giwitgcOvzwM 1 1
i9Cps9CdGC7r0M 0 0
iFA3UANHrdAQlM 1 1
iOvVEmen-iXBeM 1 1
idqbyHgPOSVSOM 1 1
iiHmmjY_l6XMIM 1 1
jGWwwN2fZsyG9M 1 1
jPUI90hBr1ViFM 1 1
jRdhW9Pt9HzK3M 1 1
jYTTRX2Owm3gIM 1 1
jezDUCbxo3LKPM 1 1
jvFDNhWEgfxYvM 1 1
k4A-tLJLnHmCBM 1 1
k91IOm2PL4WY7M 1 1
kSsQMpJPYoJw1M 1 1
kcQV3m90F9b9uM 1 1
kfN8xHEik3QOYM 1 1
kp4dDd_netErpM 1 1
l07SP_SW47FTVM 1 1
l0pndwFS4agRxM 1 1
l2FNAX0RZ6jB2M 1 1
lE7eVk8U3D_YMM 1 1
lHG7_9AlTY6zJM 1 1
lS4yyh5u9aVNLM 1 1
lSCGSAHCAlQR_M 1 1
lscEQ_V_8TGXyM 1 1
ltHZitdKAz2aLM 1 1
lzL07LYyLxz78M 1 1
m4RTHhaoj89Q_M 1 1
m4Uvf9WqAZ9hzM 1 1
mLrx2icEMOx_iM 1 1
mfJmp8zmUsRgdM 1 1
mjKzhlxHgS313M 1 1
mlilggpFv8aLWM 1 1
n4aMBo8g7HBx0M 1 1
nBmfy_95ZiKbiM 1 1
nIUfHONuiszrOM 1 1
nJ9ZfOLdUpZ0qM 1 1
nQNSlk5yAuGCBM 1 1
nZl0s8mM88bSYM 1 1
njKFAd85kkhXQM 1 1
nlO2HR0vE_AnkM 1 1
nm84GFZmjpJ_gM 1 1
nnHtQV0e8brelM 1 1
nqsysU_8w28hiM 0 0
o63HvWtZukW0DM 1 1
o9M1TGsNl0pr2M 1 1
o9eoEPOLzNs1lM 1 1
oB3X2UgXLKEScM 1 1
oFK8a0xXtVbkOM 1 1
oHTxCuDu8YJBEM 1 1
oNPhmBqrqd7zPM 1 1
oV2Z9eSN8HQtUM 1 1
oZhPD93sEXEjCM 1 1
osGJh-uTow1i2M 0 0
ot45VTvNX-r-rM 0 0
pBXFtzv9FApPVM 1 1
pOem7hdHiRSdWM 1 1
pUOnwY5uO5-2cM 1 1
pZXyhgaOH_NPbM 1 1
pc90nFcZzbxK9M 1 1
pci-hYjFKUm7wM 1 1
pfYZrOr1U60EAM 1 1
pgq04g4-wTjc7M 1 1
pkt-6y_2VlGgBM 1 1
psZRBP7eBOMM_M 1 1
pte2XeFoWQep5M 1 1
q4YJD-FdphDkxM 1 1
q6EALvqbt8bn0M 1 1
qET53LbJePCeoM 1 1
qbQI7vw7p2X7BM 1 1
qiJY24OMVv4miM 1 1
qqfoeVtdol663M 1 1
qwN964J3q0z-0M 1 1
qx-FUdBTPoTBmM 1 1
r-hPibI7VgEFWM 1 1
r1FltPLIHr4nkM 1 1
r1up-QsUX9pTbM 1 1
rBhiz3RK2X9i4M 1 1
rLCNL-7tw_gNiM 1 1
rNypYjfWe6lIwM 1 1
rZN-_A7qcBWskM 1 1
riGk9KTnFiW5FM 1 1
rtK_nKoZQPf6oM 1 1
s-TLZRzL6NyNlM 0 0
s-rqfYaQ2fgH_M 1 1
sSlyPdykwdLfYM 1 1
saoA6W3ozQAQqM 1 1
ssnaipyXQoe3UM 1 1
swTTAcQkDiWrBM 1 1
t16z57mi765TtM 0 0
t1trrIOKrkPwPM 1 1
t99rG5gfDzFK6M 1 1
tJhD0e2nz-vUBM 1 1
tmUGMKFwcKJghM 1 1
tnA4qKeSZFdMHM 1 1
trxHU1Cf4c1BvM 1 1
tyOsFidmARE8QM 1 1
uP9RSGZW8JV-dM 1 1
uYdrbib5ecKM0M 1 1
uyb8qLhlXB2i9M 1 1
v0S8qo2Fc-r8gM 1 1
v1YqlRvsjRUCOM 1 1
v8PvGweSpW_zJM 1 1
vDTNiStQzsKVLM 1 1
vI6iOEJhEi5P-M 1 1
vOxDc6oviPfcRM 1 1
vPZS5PAElM6L2M 1 1
vdV6ZqmAwq2tnM 1 1
vlTv_CDS6SGZWM 1 1
vnULs6vGOqMloM 1 1
vouHW4Q4Fb2pVM 1 1
vqEREYwsKqgINM 1 1
vqUZcA5-OTmRkM 1 1
vxYYjtFA40aUnM 1 1
w98J2I8ffD44JM 1 1
wH5PwgByyAtGxM 1 1
wHa2NkTI5aTWLM 1 1
wRbyC-5WUhOOWM 1 1
wkznCEZz1ri0jM 1 1
x-e75ySZLVV0zM 1 1
x569oJV1OPHWuM 1 1
x6l9vo9ev3GLOM 1 1
xcaVh5mZ3CYU_M 1 1
xuMmDEc_1olwWM 1 1
xyBch_jRYgYAcM 1 1
y060x3t4HVUYpM 1 1
y1v4IWtK6tmz6M 1 1
y7Sxa0x4xofxIM 1 1
yB_laOUZ9o0_4M 1 1
yT0Mcwnu_cswaM 1 1
yX1I-PzbZEUYGM 1 1
y_v3b7uiYrHkhM 1 1
yeqlji7FJA5nrM 1 1
yg7sCV73EOdpFM 1 1
yq1XFvUI_VCU4M 1 1
ytLbCoTO7OZ48M 0 0
zNe4Jcfeinc4WM 1 1
zVWYksAFeRvt2M 1 1
z_ine0Q9l4-6MM 1 1
zzGTChjprlbrhM 1 1
