-7imHnKojSOjLM 0 0
-ALCrsO8Dqf2tM 0 0
-BdAhEOkveNH1M 1 1
-Tj8Zlx2UOoIwM 1 1
-nW-cdrD3k1BiM 1 1
-xPUH3enos37ZM 0 0
0AQkukQ7fq3PKM 1 1
0AT7gj3i81XkMM 0 0
0CAVE5PA_LCrQM 0 0
0KXwxZevxvdwOM 1 1
0XMrCTj5GFDb0M 1 1
0bSKoVenTaxAHM 1 1
0bwbqBod6-g64M 1 1
0gE9EezY4Svj4M 0 0
0hY2xWH43LFYmM 1 1
0pY_DCpYdXqzuM 0 0
0udkO609bcV3JM 0 0
0x5curIXk6avFM 1 1
10015145704 1 1
10026579786 1 1
10026584905 1 1
10074697564 0 0
10074736915 0 0
10074773216 0 0
10074778166 0 0
10097153494 1 1
10114852744 0 0
10117053343 0 0
10151141155 1 1
1022045873 1 1
10265344293 1 1
10265348053 0 0
10388204005 1 1
10405593643 0 0
10460331283 1 1
10574156623 0 0
1058408515 1 1
1058408873 1 1
106012959 1 1
1064035553 0 0
10644452204 1 1
10664656605 0 0
10667463984 1 1
10667470564 1 1
10667664933 1 1
1084248024 0 0
1110537658 0 0
1114068374 1 1
1117506266 1 1
11347702596 1 1
1141972195 1 1
11477211466 0 0
11477250346 0 0
11483547965 0 0
11485466486 1 1
11636372886 1 1
11682737125 1 1
11682779095 1 1
11683126134 1 1
11756016243 1 1
11756019473 1 1
11821197786 0 0
11858315863 1 1
11926080264 0 0
11966993293 1 1
12008941865 1 1
12014540435 1 1
12015422826 1 1
12136395735 1 1
12191890266 1 1
1235996389 1 1
12456766883 0 0
125568297 1 1
125855262 1 1
12697666025 0 0
12747516194 1 1
12751457164 1 1
12798716974 1 1
12803087183 1 1
12898448463 1 1
12909263034 0 0
12909847274 1 1
12938443315 0 0
12977537054 1 1
13011440325 1 1
13116661674 1 1
13176947603 1 1
1330643106 1 1
13310609953 1 1
13367560213 1 1
133bKMaHfw-03M 0 0
13495594364 0 0
1351027630 0 0
135383122 1 1
135383123 1 1
135383124 1 1
13570961774 0 0
13711217223 1 1
13837374174 0 0
13918184410 1 1
13923043714 1 1
13945325774 1 1
13959258736 0 0
13973893461 1 1
13999873208 1 1
14008323617 0 0
14008930395 0 0
14008985726 0 0
14028334139 0 0
1403408565 1 1
14040124269 0 0
14047519557 0 0
14065118202 0 0
14074765349 1 1
14074783078 1 1
14074806110 1 1
14099638008 1 1
14099716847 1 1
14099787539 0 0
14099905497 0 0
14102946729 0 0
14106258369 0 0
14106606120 1 1
14125247496 1 1
14128469419 0 0
14130264705 1 1
14134600 1 1
1416374842 1 1
14177721419 1 1
14226220662 0 0
14226554754 0 0
14226661266 0 0
14238302156 1 1
14240387538 0 0
14243575975 1 1
14258109091 1 1
14270035286 0 0
14270116026 0 0
14281591943 1 1
14283122721 0 0
14284442362 0 0
14285954614 1 1
14288653051 1 1
14289629305 0 0
14290991162 1 1
14291191792 0 0
14293236725 1 1
14295302903 0 0
14295858951 0 0
14304134827 0 0
14313345423 0 0
14317035138 0 0
14332152397 0 0
14406414856 0 0
14424856966 0 0
14431649849 1 1
14433060340 1 1
14434949384 1 1
14444619341 0 0
14470211204 0 0
14470912472 0 0
14479511854 1 1
14485544671 0 0
14490226383 1 1
14497179615 0 0
14499134805 0 0
14500387560 0 0
14511741565 0 0
14514744381 0 0
14524202970 0 0
1453118764 0 0
14532650090 0 0
14549402100 0 0
145534203 0 0
14561539019 1 1
14626203925 0 0
14772412969 1 1
14772417219 1 1
14772487958 1 1
14772589277 1 1
14790665131 1 1
14790665441 1 1
14817206359 0 0
14830492936 0 0
14869083795 0 0
14892386009 0 0
14897286971 1 1
14902923580 0 0
14909135457 1 1
1491232928 1 1
1491242074 1 1
14936122316 1 1
14948214291 0 0
14948320122 1 1
14959122515 1 1
14959126005 1 1
14963313385 1 1
14963539049 1 1
14968410032 1 1
14981377547 0 0
14989582009 1 1
15003536562 0 0
15015611039 1 1
15111236061 1 1
15112721202 1 1
15131040600 1 1
15146306899 1 1
15150186414 1 1
15189005622 1 1
15202024372 1 1
15209642694 0 0
15227240661 0 0
15253489963 1 1
15253490053 1 1
1525385913 0 0
15256334303 1 1
15270413837 1 1
15281291224 1 1
15283904263 1 1
15283905013 1 1
15283906193 1 1
15346637337 1 1
1538303639 0 0
15401144330 1 1
15418472439 1 1
15458424984 0 0
15477490654 0 0
15480163103 1 1
15486781566 0 0
15521176446 0 0
15583599744 1 1
15584974917 1 1
15585335710 1 1
15589594931 0 0
15589920891 0 0
15589994011 0 0
15593316642 1 1
15644189958 1 1
15685864200 1 1
15689569844 0 0
15689605734 0 0
15692135113 0 0
1569822658 0 0
15715210993 0 0
15716248330 1 1
15717780117 1 1
15719819164 0 0
15719927134 0 0
15722321703 0 0
15726803995 1 1
15730135683 0 0
15743736314 0 0
15744748783 0 0
15746434786 1 1
1575167718 1 1
15757480184 0 0
15757499444 0 0
15759862673 0 0
15759905663 0 0
15759926463 0 0
15759929343 0 0
15768346160 1 1
15780386494 0 0
15791352473 0 0
15824521874 1 1
15831552024 1 1
15847330436 1 1
15871159721 1 1
15873148955 1 1
15873696507 0 0
15877741456 1 1
15877741576 1 1
15903543985 1 1
15903544655 1 1
15905845787 1 1
15913674409 1 1
15914009777 1 1
15939233659 1 1
15NU7_NTBC11AM 1 1
16030234460 0 0
16054659102 1 1
16073691301 1 1
16073691911 1 1
16119803020 0 0
16124611030 0 0
16126154287 0 0
16147722810 0 0
16147735400 0 0
16148909259 0 0
16151693948 1 1
16154662268 0 0
16154669308 0 0
16154986300 0 0
16154993900 0 0
16162325880 0 0
16162659270 1 1
16162665530 1 1
16162709250 0 0
16162711210 0 0
16162716460 0 0
16163862609 0 0
16163891289 0 0
16163895949 0 0
16164196207 0 0
16178515398 0 0
16178536549 0 0
16178609959 0 0
16178836070 0 0
16179912409 0 0
16180234977 0 0
16192232058 0 0
16192488290 0 0
16192976807 1 1
16193631139 0 0
16193650439 0 0
16193668439 1 1
16193704889 0 0
16194004717 0 0
16194012197 0 0
16194016687 0 0
16215210888 0 0
16216317540 0 0
16281241686 0 0
16305383001 0 0
16309171076 0 0
16310186551 0 0
16316402176 0 0
16324125036 0 0
16334235272 0 0
16334251382 0 0
16335099115 0 0
16335138275 0 0
16340159066 0 0
16340206396 0 0
16340504341 0 0
16340600051 1 1
16342239515 0 0
16348268271 1 1
16348306381 0 0
16348319301 0 0
16348321021 0 0
16349139512 1 1
16349150112 1 1
16349678685 0 0
16350039815 0 0
16350090135 0 0
16352021108 1 1
16353896656 0 0
16362507452 0 0
16364434751 0 0
16378170351 0 0
16378198301 0 0
16378970982 0 0
16378979402 0 0
16379015202 0 0
16379889855 0 0
16379938075 0 0
16385407966 0 0
16401106231 0 0
16402859535 0 0
16403718005 1 1
16409106276 0 0
16409617671 0 0
16411391235 1 1
16429231124 0 0
16434139912 0 0
16446091502 1 1
16452296091 1 1
16452319711 0 0
16464386693 1 1
16487874340 0 0
16522024963 1 1
16522027873 1 1
16551251803 1 1
16572600907 0 0
16667560568 1 1
1674178179 1 1
1676287999 0 0
16866265998 0 0
16922674505 1 1
17122708666 1 1
17160116229 0 0
17167077768 1 1
17237536250 0 0
17275959659 0 0
17484269988 0 0
17670495070 0 0
17780863496 1 1
17784201736 0 0
17868299335 1 1
17918432812 0 0
17942975008 0 0
17ns8cZy8IQMvM 0 0
18121296285 1 1
18131943271 1 1
18377273473 0 0
18965239790 0 0
18971451786 0 0
19242144718 1 1
19371980873 1 1
19376684803 1 1
194978599 0 0
1953924902 1 1
19674276706 0 0
19838046903 1 1
19849434990 0 0
1OcvtVxyVoPwoM 1 1
1dU82wjm2ZE5eM 1 1
1s-G7hQwVwMSEM 0 0
20141264246 1 1
20195551393 1 1
203334928 0 0
20412143686 0 0
20486462290 1 1
20517561024 0 0
2058871228 1 1
20623718073 1 1
2073360931 0 0
2079865137 1 1
20807058942 1 1
2089052785 0 0
20951298270 0 0
20983060960 0 0
21057993789 1 1
21163967472 1 1
21182056981 1 1
2121412890 1 1
21487499628 1 1
21581411142 1 1
216781162 0 0
2188422175 1 1
2188423273 1 1
2205685047 1 1
222450452 1 1
222450453 1 1
22270438358 1 1
2227217698 0 0
22335833131 1 1
22337260193 1 1
2234267010 1 1
2237500803 0 0
2254404035 0 0
2255030583 1 1
2255727911 0 0
22601118773 1 1
22766139354 1 1
22768698194 1 1
22869833183 1 1
2307013303 1 1
2307015139 1 1
2308641046 0 0
23266522172 1 1
2326906263 1 1
2326906405 1 1
23326779202 1 1
23365133643 1 1
23414542471 0 0
23462401234 1 1
23494126316 1 1
23511386230 1 1
23722805889 1 1
2373766170 0 0
2398765085 1 1
24064528566 0 0
24233301812 1 1
2434277310 0 0
2439668772 0 0
2442630228 1 1
2446310673 0 0
2446630890 1 1
2446631002 1 1
2452025401 1 1
24558889329 1 1
246005718 1 1
246005720 1 1
24610337061 1 1
2461108467 1 1
24646810034 1 1
24737599601 1 1
24750432422 0 0
2476644232 1 1
2485101762 1 1
24867051075 0 0
2486722297 1 1
2489714953 1 1
2502416238 0 0
2513682604 0 0
2537729956 0 0
2541800094 0 0
25593364104 1 1
2565327543 1 1
25675226963 1 1
2568168143 1 1
2570434226 0 0
257936359 1 1
2579403241 1 1
2584593522 0 0
2584593684 1 1
25851929631 1 1
25866216901 1 1
2587503945 0 0
25883967310 1 1
2594420158 1 1
2595103782 1 1
2598009608 1 1
260878825 0 0
2608950571 0 0
26104318782 1 1
26104320332 1 1
2613197573 1 1
26271766943 1 1
26294838801 1 1
2635164064 1 1
26568403990 1 1
2665672028 0 0
2668363531 1 1
26720132934 0 0
26808441281 1 1
26808444701 1 1
2682927645 1 1
2683748342 1 1
26903404720 0 0
2696638546 0 0
27032361723 1 1
27095107193 1 1
27095163303 1 1
2715099054 1 1
27155278081 1 1
2721353710 0 0
27309967420 1 1
27437432501 1 1
27495221303 1 1
27618935251 0 0
27630928991 1 1
2765595779 1 1
27671491196 1 1
27726739181 0 0
27745512381 0 0
27787944066 0 0
27843774511 0 0
27914465036 0 0
2795793913 1 1
2796747137 1 1
2796809695 1 1
27980093175 0 0
2798711595 1 1
2799875552 0 0
27as8RpmWyA3AM 1 1
2802887285 1 1
28031913655 1 1
2810577074 1 1
28109947175 0 0
2814318836 0 0
2832850706 1 1
2834065525 0 0
2834069923 0 0
2834089689 0 0
2834091751 0 0
2834097023 0 0
2834098379 0 0
2834099027 0 0
2834902270 0 0
2834904674 0 0
2834908168 0 0
2834915166 0 0
2834937406 0 0
2834938162 0 0
2860455207 1 1
2862398144 1 1
2863773345 0 0
2866447568 0 0
2871694387 0 0
2876557600 0 0
2888049120 1 1
2892634352 1 1
289337884 1 1
289621614 0 0
289623002 0 0
289624095 0 0
2899519390 0 0
28Eiiz3aqoxvHM 1 1
2919512491 1 1
2920323222 1 1
2929943355 1 1
2930244420 0 0
2930789410 1 1
2935494534 0 0
2942833804 1 1
2957319090 1 1
2958664593 1 1
2974831160 0 0
2992088062 1 1
29iFSndOKuICPM 0 0
2TK9IoygTAmluM 1 1
2WOyHrd_h99a3M 1 1
2YtMuxnrV1vagM 0 0
2dktSp56CXpikM 1 1
2id7aRySLhaSyM 1 1
2iweFitBcZ6f5M 0 0
2jHGUfxhvyJeIM 0 0
2vFS6IQQB28KZM 1 1
2w2payzHStMVcM 0 0
3033637319 1 1
3033759607 1 1
3033759609 1 1
3038133284 1 1
3043320296 0 0
3044871085 0 0
3051859135 1 1
3052103594 1 1
31037057 1 1
3111140075 1 1
3124066518 0 0
3148921655 1 1
3172689701 1 1
3173522124 0 0
3173522458 1 1
3187008833 1 1
3225231523 1 1
3226087670 1 1
3231694579 1 1
3236032489 0 0
3244776101 1 1
3256034065 1 1
3260960852 1 1
3267813523 1 1
3267814177 0 0
3267814791 0 0
3267891674 0 0
3268639902 0 0
3268640628 1 1
3268641176 0 0
3268728871 0 0
3276745715 0 0
3288801084 0 0
3301352617 0 0
3305717508 0 0
3308225431 1 1
3319497019 1 1
3319497265 1 1
3319497373 1 1
3320322654 0 0
3320325528 1 1
3327238028 1 1
3340512687 1 1
3344384170 1 1
3362913528 0 0
3368204065 0 0
3380885156 0 0
3395718962 0 0
3398013884 1 1
3402998003 1 1
3453350404 1 1
34577038 0 0
3472379403 1 1
3476782283 0 0
3481229856 0 0
3481230164 1 1
348281676 0 0
3483359852 0 0
3489569622 0 0
3490080327 0 0
3494553666 1 1
3496686290 0 0
3499288398 0 0
3500219863 1 1
3500224497 1 1
3512474905 0 0
3515662597 1 1
3521057557 1 1
3536670051 0 0
3537359307 0 0
3538175064 1 1
3538175670 0 0
3540736594 1 1
3545944200 1 1
3548655011 0 0
3551761789 0 0
3552590584 0 0
3564368921 1 1
3574482244 1 1
3577934951 1 1
3596030029 1 1
3599685416 1 1
3599752066 1 1
3600647927 0 0
3607841076 0 0
3609002170 1 1
3615559072 1 1
3641511483 1 1
3642207699 1 1
36647603 1 1
3665437332 1 1
3670226527 1 1
3671804307 1 1
3686993960 1 1
3690711345 1 1
3703248353 0 0
3707438797 1 1
3707447577 1 1
3709772061 0 0
3735471584 0 0
3742922135 1 1
3763510783 0 0
3801519264 0 0
3801519280 1 1
3801519292 1 1
3803612972 1 1
3822826861 0 0
3824053917 1 1
3833020025 1 1
3838366511 0 0
3840466215 0 0
3841257142 0 0
3844931348 0 0
3845459985 0 0
3854412646 0 0
387087489 1 1
3872612499 1 1
3875647634 1 1
3893382027 0 0
3895790514 1 1
3912613032 0 0
3914087848 0 0
3924808 0 0
3925308131 0 0
392698634 0 0
3927894085 1 1
3965416335 0 0
3991074235 1 1
3RCf9yPhOGlYbM 1 1
3VWyn4F_PsrRfM 1 1
3bbhrWeBU0YJ3M 0 0
3nSsSFE5copQjM 1 1
3uvUSLxlVbXicM 0 0
3vA2vCXvDkjC6M 1 1
3vAq_-W7bWZ90M 0 0
3wTawuQd7dINCM 0 0
4003051168 1 1
4004018342 0 0
400778313 1 1
4011162071 0 0
4073605577 1 1
4094289743 1 1
4102181858 0 0
4126776763 1 1
4127115737 1 1
418427907 0 0
4218229046 1 1
4235312154 1 1
42711028 1 1
4285451866 0 0
433261178 0 0
4333850759 1 1
4339264497 1 1
4349170564 1 1
4362648594 0 0
4367821239 0 0
4411307614 1 1
4414937770 1 1
4421747827 0 0
443424162 0 0
4462201582 0 0
4469190976 0 0
4469952871 0 0
4476394573 1 1
4515267609 0 0
4528781779 0 0
453418306 1 1
4541936994 0 0
4543530973 0 0
4554300686 0 0
4559304383 1 1
457070181 0 0
4595395494 1 1
4595475978 1 1
4595973564 1 1
4597112924 1 1
4597125106 1 1
4597300944 1 1
4597338380 1 1
4598476937 1 1
4600990978 0 0
460567998 0 0
4606580324 1 1
4611999926 0 0
4614826258 0 0
4628998930 0 0
4633017331 0 0
4634299926 0 0
4636496254 1 1
4641629049 0 0
4646502889 0 0
4656122635 1 1
4659570007 1 1
4659673670 1 1
4671668287 0 0
4696241967 1 1
4696245317 0 0
4696247999 1 1
4696509366 1 1
4699944561 1 1
4700573750 1 1
4702195779 0 0
4706036086 1 1
4706516657 0 0
4706519515 1 1
4706520159 1 1
4706522695 0 0
4706527799 0 0
4706527891 0 0
4707157448 0 0
4707168140 0 0
4707168622 0 0
4709076909 0 0
4718495907 0 0
4718516075 0 0
4719188838 1 1
4722920101 1 1
4729522067 1 1
4736070620 1 1
4737582159 0 0
474768063 1 1
4748816309 1 1
4749447520 1 1
4749448224 1 1
4749449152 1 1
476612772 1 1
476618791 1 1
4768422156 1 1
4781443338 1 1
4784699674 0 0
4785242882 1 1
4800336355 1 1
4805436428 1 1
4817174714 1 1
4819455656 0 0
4825386384 1 1
4830982058 1 1
4836407579 1 1
4840185274 1 1
4851825970 0 0
485846616 0 0
485877915 0 0
4871759151 1 1
4872366714 1 1
4881964253 1 1
4886146932 1 1
4923219244 0 0
4923409746 1 1
4925935193 0 0
4936774345 1 1
4940344229 0 0
4949129628 1 1
4957454511 1 1
4957549511 1 1
4958047568 1 1
4964978564 1 1
496736635 1 1
4973572019 1 1
4990496167 1 1
4994789563 1 1
4AArHBPZ1vYPMM 0 0
4ARBynR3w1kX4M 1 1
4CDsfq11jeUtzM 1 1
4RKdp66cjqNdiM 0 0
4TDnG5f_wQNR1M 1 1
4mZkwp8jyhPSlM 0 0
4q1ro6OS8THarM 1 1
4u14sGVKqx9VCM 0 0
5005285428 0 0
5018508709 1 1
5019834909 1 1
5023385722 1 1
5035486620 1 1
5044353591 1 1
5076667572 1 1
5085240612 0 0
5113514581 1 1
512153717 1 1
512153725 1 1
5143122493 1 1
5151342124 1 1
5188286275 1 1
5240389200 1 1
5240389678 0 0
5249663346 1 1
5272784731 0 0
5274774319 1 1
5281433046 1 1
528881657 1 1
529023777 1 1
5290593257 1 1
5304157775 0 0
530862565 1 1
530862575 1 1
533788504 1 1
5339545287 1 1
5341945325 1 1
5355876376 1 1
5362979535 0 0
5364899252 0 0
5366692608 0 0
536890803 1 1
53o1xfw7fGxT6M 0 0
541395783 1 1
5418407952 1 1
5424363427 1 1
543355767 1 1
5460636297 0 0
5477949307 1 1
5486365759 1 1
5490283843 0 0
5509547062 1 1
5530561304 0 0
5545097688 0 0
5547705671 0 0
5559191357 0 0
5560528270 1 1
5560564386 1 1
5567295811 0 0
5567801518 0 0
5571262375 1 1
5571850560 0 0
5577365528 0 0
5581418392 0 0
5584476733 1 1
5588206070 0 0
5597840465 0 0
5615172061 1 1
5623829100 1 1
5628159438 0 0
5637019955 1 1
5639173078 0 0
5642338549 0 0
5670307633 1 1
5671405711 0 0
569023614 1 1
56hwoPJoll7yPM 0 0
5703541745 0 0
5708839739 0 0
5716993068 0 0
5733740379 1 1
5734289478 0 0
5740079218 0 0
5745923888 0 0
5771703559 0 0
5772918313 1 1
5776383013 1 1
5782235733 1 1
5787811234 0 0
5789040939 0 0
5790235856 1 1
5791930067 1 1
5792489070 1 1
581069310 1 1
5816151603 1 1
5817158909 0 0
5823395675 1 1
5823942090 1 1
5834542432 0 0
5847449764 1 1
5862691311 0 0
5862691939 0 0
5862692873 0 0
5862692985 0 0
5862693925 0 0
5862695235 0 0
5862696645 0 0
5863241512 0 0
5863242342 0 0
5863242670 0 0
5863244882 0 0
5863245140 0 0
5863245354 0 0
5863245614 1 1
5863246064 0 0
5863246790 0 0
5872898349 1 1
5873264601 1 1
5875621989 0 0
5876180838 0 0
58833741 1 1
5886193374 0 0
5891065067 1 1
5892193956 1 1
5904478907 1 1
5907100561 1 1
5907221827 0 0
5907284204 1 1
5907391056 1 1
5907655996 1 1
5908191373 0 0
5913532687 1 1
5919143395 1 1
5944767601 0 0
5948942557 1 1
5948943297 1 1
5948943437 1 1
5948943491 1 1
5949497706 1 1
5949498302 1 1
5949498378 1 1
5949498504 1 1
5949498650 1 1
5951242698 1 1
596202592 0 0
596202670 0 0
596202806 0 0
598136946 1 1
5986665473 0 0
5C_bRgQ7JTYfZM 0 0
5E0RamQ54TtxJM 0 0
5E0vKRAK6Ykz5M 0 0
5J-TuOqul3IL-M 0 0
5Q8SW0opt-gLlM 0 0
5vLfGj6FtZGz_M 0 0
5zllA6mFYZBLLM 1 1
6008947355 1 1
6012349606 1 1
6015356326 1 1
6016058277 0 0
6016058765 0 0
6016059085 0 0
6023424429 1 1
6040602112 0 0
6062166482 1 1
6067563576 1 1
6079376560 1 1
6086793354 1 1
6088782301 0 0
6089324586 0 0
6089325006 0 0
6089325296 0 0
6120118449 1 1
6124882478 1 1
6130296179 0 0
6141480813 0 0
6147935368 1 1
6173234078 0 0
617694556 1 1
6185321785 1 1
6226457848 1 1
6238711927 1 1
6298887389 1 1
6298969532 0 0
6299414518 0 0
6299415696 0 0
6299419092 0 0
6299828611 0 0
6331807823 1 1
6342833855 1 1
6343888885 0 0
6344165842 0 0
6352833205 0 0
6381995059 1 1
6437623727 1 1
6454065681 0 0
6454145635 0 0
6460171571 1 1
6460173191 1 1
6463120841 1 1
6463120853 0 0
6482392207 0 0
6530275861 1 1
6530276773 1 1
6530278735 1 1
6530295065 0 0
6530295305 0 0
6530295477 1 1
6530295721 0 0
6530296039 0 0
6530296227 0 0
6530296463 0 0
6530296687 0 0
6530296925 0 0
6530297147 0 0
6530297375 0 0
6530297607 0 0
6530298023 0 0
6530298231 0 0
6530298441 0 0
6530298851 0 0
6530299081 0 0
6530300021 0 0
6530300209 0 0
6530300407 0 0
6530300665 0 0
6530300895 0 0
6530301129 0 0
6530301321 0 0
6530301831 0 0
6530302085 0 0
6530302305 0 0
6530302539 0 0
6530302977 0 0
6530303161 0 0
6530303379 0 0
6530303661 0 0
6530303905 0 0
6530304081 0 0
6530304265 0 0
6530304511 0 0
6530304709 0 0
6530304967 0 0
6530305143 0 0
6530305355 0 0
6530306233 0 0
6530306453 0 0
6530307655 0 0
6530307875 0 0
6530308095 0 0
6530308293 0 0
6530308559 0 0
6530308781 0 0
6530309415 0 0
6530309851 0 0
6530310293 0 0
6530310699 0 0
6530311101 0 0
6530311323 0 0
6530311567 0 0
6530312895 0 0
6530313135 0 0
6530313363 0 0
6530313581 0 0
6530313771 0 0
6530314015 0 0
6530314257 0 0
6530314493 0 0
6530314719 0 0
6530314961 0 0
6530315227 0 0
6530315943 0 0
6530316715 0 0
6530316945 0 0
6530317235 0 0
6530317479 0 0
6530317693 0 0
6530318183 0 0
6530318409 0 0
6530318653 0 0
6530318893 0 0
6530319149 0 0
6530319375 0 0
6530319631 0 0
6530319847 0 0
6530320237 0 0
6530320535 0 0
6530320745 0 0
6530321185 0 0
6530321407 0 0
6530321611 0 0
6530321843 0 0
6530322121 0 0
6530322351 0 0
6530322647 0 0
6530322937 0 0
6530323217 0 0
6530323419 0 0
6530323667 0 0
6530323885 0 0
6530324121 0 0
6530324351 0 0
6530324567 0 0
6530324829 0 0
6530325047 0 0
6530325257 0 0
6530325487 0 0
6530325713 0 0
6530325925 0 0
6530326143 0 0
6530326359 0 0
6530326559 0 0
6530326765 0 0
6530326979 0 0
6530327157 0 0
6530327367 0 0
6530327635 0 0
6530327823 0 0
6530328031 0 0
6530328255 0 0
6530328477 0 0
6530328647 0 0
6530328897 0 0
6530329061 0 0
6530329255 0 0
6538399039 1 1
6538400175 0 0
6555728573 0 0
6556434887 0 0
6645616095 0 0
6676226125 0 0
6686521795 0 0
6686555961 1 1
6686562857 0 0
6686574341 0 0
6706679971 1 1
6741808747 0 0
6776199511 0 0
6785488220 1 1
6825710202 1 1
6866889527 1 1
6869532541 1 1
6874588746 1 1
6884142360 1 1
6884296598 1 1
6884310794 1 1
6887620506 1 1
6914791174 1 1
6934529014 0 0
6949576247 0 0
6955770833 1 1
6963011903 1 1
6971829505 1 1
6971837875 0 0
6998513606 1 1
6KpywdPLdu0-TM 0 0
6TkFDci_nhS7nM 1 1
6YpX5FX55V8PyM 1 1
6Z0LU7F-VBEGoM 1 1
6Z4AF1SqY4ffpM 1 1
6_u1o8sYMA-kTM 1 1
6aATu-DABqAdeM 1 1
6dBigySFMOiePM 1 1
6eKapILdHb3tJM 0 0
6fj9Zunc1t4qnM 1 1
6qXMd-rvHJLRrM 1 1
6wDQEVdFM0ZeEM 0 0
6yuVE7eA6J0gJM 1 1
7000378465 1 1
7003255311 1 1
7027983369 0 0
7030414525 1 1
7030421979 1 1
7033718127 0 0
7043983823 1 1
7082597437 1 1
7153425593 1 1
7160046061 0 0
7160917379 0 0
7161109281 1 1
7165375735 0 0
7167283817 1 1
7173081123 0 0
7178816823 1 1
7178817455 1 1
7181836288 1 1
7183567930 1 1
7201293348 0 0
7211389494 1 1
7222791632 1 1
7226134016 1 1
7233805228 0 0
7246582286 0 0
7272352140 0 0
7277073842 1 1
7283471816 0 0
7310870010 0 0
7318424066 1 1
7350587778 1 1
7359311982 0 0
7363687670 0 0
7364047672 1 1
7364050512 1 1
7364051582 1 1
7371463226 1 1
7376136558 0 0
7385177006 1 1
7385181120 1 1
7393344268 0 0
7395736776 1 1
7406257344 1 1
7406813606 1 1
7406815252 0 0
7406821690 0 0
7406823612 1 1
7413443288 0 0
7421932234 0 0
7427479720 0 0
7429103106 0 0
7431483820 1 1
7466067888 0 0
7473045132 1 1
7483491198 1 1
7498349714 1 1
7500202588 1 1
7515001912 1 1
752238061 1 1
7535153428 1 1
7536045224 0 0
7539890676 1 1
7558491920 1 1
7573917614 1 1
7596390880 1 1
7604986352 1 1
7646357722 0 0
7651952312 1 1
7654502546 1 1
7675745872 0 0
7687262140 1 1
7687264306 1 1
7687270280 1 1
7716378410 0 0
7731977078 0 0
7733318808 0 0
7733968454 1 1
7733973786 1 1
7748457132 1 1
7758390678 1 1
7758393218 0 0
7768044908 1 1
7769183150 0 0
7771742896 1 1
7790856388 1 1
7802916532 1 1
7802917594 1 1
7803558434 0 0
7804852874 0 0
7805886134 1 1
7806330976 0 0
7806331748 0 0
7837166204 1 1
7837166610 1 1
7871258942 0 0
7883426192 0 0
7883426696 0 0
7883431800 0 0
7883432248 0 0
7888000296 0 0
7898749892 1 1
7960618430 1 1
7960625960 0 0
7962528728 1 1
7975547808 0 0
7978099133 1 1
7D73e9RXKyHlMM 1 1
7EPsxoyj15havM 1 1
7GWeStMGnss-4M 0 0
7M8wEl5FWkfZ3M 1 1
7NSHKFmQzUP-LM 1 1
7VdkEDmpYaXQSM 1 1
8017321266 0 0
8017321548 0 0
8021914028 1 1
8034376517 1 1
8035899253 0 0
8037147853 1 1
8044630306 1 1
8044670177 1 1
8063019721 0 0
8066442609 1 1
8069914598 0 0
8079853051 1 1
8079856626 0 0
8088400911 0 0
8090513882 1 1
8103389360 1 1
8105126658 1 1
8117681088 1 1
8123917798 1 1
8125721671 0 0
8125726086 1 1
8126559276 0 0
8143066583 1 1
8149757065 1 1
8152520052 1 1
8173128809 0 0
8204274434 1 1
8205366955 1 1
8213394126 1 1
8215261506 1 1
82430026 1 1
8246362478 0 0
8261862748 1 1
8273416589 1 1
8289052078 0 0
8289152634 0 0
8294112734 0 0
82oAkLjWPwF1LM 0 0
8312795476 1 1
8316072715 1 1
8360956440 1 1
8365397184 0 0
8372781047 0 0
8372783175 0 0
8372788069 1 1
8372789215 1 1
8372790763 0 0
8373846640 1 1
8373848694 1 1
8373850224 1 1
8373851350 0 0
8373863210 0 0
8373864772 1 1
8397260383 0 0
8411139785 0 0
8425922514 0 0
8432810594 0 0
8445012932 1 1
8455328234 0 0
8456933669 1 1
846400647 0 0
847026470 1 1
8479455851 0 0
8482043756 1 1
8502706202 0 0
8526689950 1 1
8526696712 1 1
8526703152 1 1
8537232896 0 0
8539429363 1 1
8560516690 0 0
8580840852 0 0
8583460587 1 1
8584561886 1 1
8586157423 0 0
8628092411 1 1
8628762216 1 1
8629168359 0 0
8640624077 1 1
8640625723 1 1
8641727070 1 1
8641728244 1 1
8650009886 1 1
866805358 0 0
867436831 1 1
8681137210 1 1
8693567431 1 1
8694319785 1 1
86N1hTd9EL2g5M 0 0
8724228041 1 1
8725303062 1 1
8725754072 1 1
8725754736 1 1
8729044643 1 1
8730164550 1 1
8734542620 1 1
8734881495 0 0
8738428575 0 0
8738430673 0 0
8739108752 0 0
8740762528 1 1
8740764710 1 1
8740764812 1 1
8742700607 1 1
8742703973 1 1
8742704935 1 1
8743821798 1 1
8764592499 0 0
8764598937 0 0
8764602603 0 0
8767306196 1 1
8767309500 1 1
8767316682 0 0
8769462981 0 0
8786266478 1 1
8870449661 0 0
8928949209 1 1
8929812272 1 1
8940868868 1 1
8941994650 1 1
8983215928 0 0
8983755855 0 0
8996585822 1 1
89jR0ICyqYsKMM 0 0
8A9_Yj4ZzK982M 0 0
8YB0qTbfyVp7rM 0 0
8_obCcWYIt8OtM 1 1
8myDvZJkPgrcvM 1 1
8oSLkxfMpbbKbM 1 1
8pibytBrEXapTM 0 0
8steH0khsJNUZM 0 0
8w_eorGgvasgpM 0 0
8xkLh2s9O1yp_M 1 1
8ybYDPNuSpGT1M 1 1
9-CemFcnoUieFM 1 1
9046553406 0 0
9068552390 1 1
9084874053 0 0
9085077291 1 1
9086917477 0 0
9117590633 0 0
9174189865 0 0
9179710591 1 1
9179836691 1 1
9187579273 1 1
9212074923 1 1
9216856140 1 1
9298150937 1 1
931426008 0 0
9323171495 1 1
9399334574 0 0
93BOT7N0jLaH_M 1 1
9401393404 1 1
9426861240 1 1
9434843817 0 0
9470488249 1 1
9478281879 1 1
9478311009 1 1
9481094562 1 1
950349947 1 1
9512655419 1 1
9530868585 0 0
959Gq9ure3UQ6M 1 1
9621844031 0 0
9621847695 1 1
9657869833 0 0
9661101864 0 0
9672117050 1 1
9672118710 0 0
9672119974 1 1
9699228399 1 1
976138993 1 1
9857516926 1 1
98N49W52qDRIdM 0 0
996522550 1 1
9A9rea3QpZGWNM 0 0
9OeOcgpzxsa3IM 0 0
9OevX_vf9BZVcM 1 1
9QLmwd3VtGV7cM 1 1
9eJKtlDeObbXPM 0 0
9iJOa9ROBkxrSM 0 0
9ubxmXKDpZHRbM 1 1
A-wxJBdZ0a31PM 1 1
A4BrP9dmomUcvM 0 0
A57pjWg8trQ1mM 1 1
AEmAsrez7PrasM 0 0
AFwtYzBGZmF6GM 1 1
AJS6AaHrqMCyvM 0 0
ANvPXwFdZq6pdM 0 0
AOqoMmPGT1uFRM 1 1
ASgemICdwGteRM 0 0
ATiFF_SXNzBGiM 0 0
AgiTcE1u2jcHIM 0 0
Ai1lnl5nQpd6QM 0 0
Ao62v-sY2yCFCM 1 1
Ax-88EUuRpu9WM 1 1
BAq7nxIU0Sl9qM 0 0
BC5vBSGWiy7AkM 1 1
BTV3lesz9gtumM 0 0
BfTT12aN1oJnLM 0 0
Bq6urCw9CrqPhM 0 0
C2snSE56E2VwPM 0 0
CFAoKOBrRSeENM 1 1
CGlcm8njFzCLIM 1 1
CGw_05y7RKfuoM 1 1
CHPbGcbLu0iv6M 0 0
CM91VWsxAnwV1M 1 1
CRw9xiaz5Eb3LM 1 1
CUU7fFZCQdMkqM 1 1
CXwxdAp_jVe-IM 0 0
CiJUY5zUie1KeM 1 1
ClT-bUsnpzYZKM 1 1
Cm1844vVkfRtrM 0 0
CtE7Z_B75V8lkM 1 1
Cu6r3lntY2KavM 0 0
CulcE3rK8JrdqM 1 1
CvFFOIoT8TY17M 0 0
CvlwTZEGboeENM 1 1
D0TPdbibNN9NdM 0 0
D6LiY8F9wwHuvM 0 0
DLmxQv0teDI55M 0 0
DM_dKv-37QXCVM 0 0
DYYrQRFRNC4CuM 0 0
Dd__1R1pSXenFM 1 1
DfLlL5kzvA3M4M 0 0
DqM4-vqFda64cM 0 0
DqY5TE9ABJV9PM 0 0
DtBCjDYh16qs1M 1 1
DukJrRQYbDx-YM 0 0
Dw532JlRSSepoM 0 0
E-Rw4dITFjGmJM 1 1
E1DsXyC9kWxP3M 0 0
E1jspn596BZolM 0 0
E9vLY9EOSbtBDM 0 0
EW_8xqE_yXWE4M 0 0
EYHR3Wq78f5aGM 0 0
Eie9PbjDyojcUM 0 0
EoF_pg4MWrw4lM 0 0
F0rP0wmDqwx7FM 1 1
F4meLpPrqNGznM 0 0
FM0GykBTGWdKMM 1 1
Fc9-cIrS8nUSGM 1 1
FdVElOZEnyQpIM 0 0
FoqIXlbGKoXjlM 1 1
FtfaGAVaxMkMXM 1 1
GFTe79x3LGU3qM 0 0
GKViwWGIBZAffM 0 0
GYvb1QXiG03d8M 0 0
Ga5eRFS7Ds4cnM 0 0
Gen9FneC5Wl3FM 0 0
GlYxhKKAkF8YDM 1 1
HOZJO0EukY6EfM 0 0
HUoNMNSizQQI3M 0 0
HXlXh1E947H5cM 1 1
Hc7MQ1DCXSTdaM 1 1
HfJE4i2aJQpQgM 1 1
HtP4_RCNiXd-1M 1 1
INxqetNqh7YfeM 1 1
ISPR4DgPs7F6fM 1 1
IUzBk1cqx2pxnM 0 0
IVgHQvr6WveHFM 1 1
IXY6V-9Tn6lq2M 0 0
Ib6EdIrDhcarzM 0 0
IeSEWzwvJMe8VM 0 0
IgzZMJlFZn0FBM 1 1
J3XH1Qn3dbWd4M 0 0
JFnWs8OmaTdZeM 0 0
JIz8VekEVNtkBM 0 0
JJkG04_xy6FnGM 1 1
JRSabmfGAdPYbM 0 0
JUzZ4PaRFAAfPM 0 0
JX3kEO-gkY6-QM 1 1
JjSJU5mDhYGyZM 0 0
Jo28A4JBtYmsRM 1 1
JvHi0QT57gMv2M 0 0
JwzLlnm7AayVjM 1 1
K0F35Gzoj_K-vM 1 1
K3j9oe-bGP0gvM 1 1
K4XqLxlIM37qnM 0 0
K5OSqPR39Sm5ZM 1 1
K883Iqs0RPjyIM 1 1
K8JKkQeCR5IgQM 0 0
K9_W70ceFpGtvM 1 1
KPjUHSnhW7WPsM 1 1
KXZs9owLsuV6bM 1 1
KaSDMiLKDsqHlM 0 0
Ke2_zdcvr1XvWM 0 0
KpL_pyRw6oYawM 0 0
KqiiwIpMiYKKpM 1 1
L7sKeyfnVUpWbM 1 1
LA2N84GceYdY5M 1 1
LE1D1AtlImxHkM 0 0
LHTLZ0PpA-6mFM 0 0
LInQBNvQqRGPTM 1 1
LRbiNxFuqSl2ZM 0 0
LXbQpSThFgnOOM 1 1
LZSBMdRkIgBbwM 0 0
LcyOmGQ0dUqzKM 1 1
Ldq4jMoaSvYUuM 0 0
LtTGFghl7-cOQM 0 0
M-k5eObwbbOA0M 0 0
MIKLTJIshs6uLM 1 1
MIL3c-Q3IwwByM 1 1
MPqyTd-QNlpqfM 1 1
MQ8alTzCSZtfwM 0 0
MWOeAiXluPMzdM 1 1
MgpY3tOw92pPDM 1 1
MwRO8Qz7Xvcu-M 0 0
NEtf2qct56cqGM 0 0
NFRSyRJUtjnD8M 0 0
NNLmJqyInifhWM 0 0
NlrPpFC9I6mL6M 0 0
Nru4bEgKTPWLKM 0 0
O1uYGhZc7FBYTM 0 0
O7A7KoDLu306LM 1 1
O95a2LR9Z0izMM 0 0
OB5FNGR3ALEY7M 1 1
OFTYSLImryT8HM 0 0
OSiC9zpy15JXPM 0 0
OqsRlJt6c0DCBM 0 0
OrSH4cBx4FqcfM 1 1
P-YGzLsafyn8GM 1 1
PFlcjnFNTGpc8M 0 0
PZb9Vvo_9ZDObM 0 0
PdmWr9dYXGEhTM 0 0
PjAK4_WK094ThM 0 0
PkvCHXjYGUecyM 1 1
Q14xA0crb8BbtM 1 1
Q1BY21DlmV3TMM 0 0
QGrg58HWAqti8M 1 1
QKHh-BwWAPW8uM 0 0
QNwE-YWxMD3wqM 1 1
QOwUJwJhF8VAbM 1 1
QT7BQc8otxb5QM 0 0
QWpRAcsP3d8HuM 1 1
QfNZHgrFnhCNOM 1 1
Qgx3jH6K4YGriM 1 1
R4krJg0zXes9dM 1 1
R5qONoTPYNMssM 0 0
RCLnmx0XqCYXiM 1 1
RCZz4HWwLqlt3M 1 1
RDWTKVXG3wJc2M 0 0
REWeTQnO8FIilM 1 1
RUGwGLxD4AGoGM 1 1
Rb_9sFAAGZ7wkM 0 0
RfditwSApXqHuM 0 0
RktYaRSwev5xbM 1 1
RqQsOfW61QVLIM 1 1
Rt9MhGVqozXNBM 1 1
S1R_-KeZcP3iyM 1 1
S9XevzyV8ila1M 1 1
SDuWYqWqmD_izM 0 0
SHiQakjyu5gqeM 1 1
SKjKcTlvG46hOM 0 0
SVEY3bAl-FMY-M 1 1
SYOc_g8KE0jIPM 1 1
St-b5EBupDU0YM 0 0
Sxi9fDfh-Js4HM 1 1
SzVwIKk8b9X8_M 1 1
T-gDIzty79aZbM 1 1
T3BkTNXksrpNYM 0 0
T9wZDBiaTYICyM 0 0
TDsNf1TnuuWuRM 0 0
TP6pVkyUyvJizM 0 0
ThnkJNpyYUYQCM 1 1
Ti3CiKgF-RXctM 0 0
TknNuHT1QIq2jM 1 1
TrZLREfTPQV-JM 0 0
TxpWWWCg9PqMGM 1 1
TyaAGb9A2kirNM 0 0
UMcUrTQ8NxBGRM 1 1
UYnhuSJHHzGMRM 0 0
UcIYrB4-jD_abM 1 1
Ui16EtH4xr4-eM 1 1
UnNYjFF8evYgdM 0 0
UoufLIJRulv0rM 1 1
Us7Uekem-q46vM 0 0
V0OEanhUAG6qEM 1 1
V9oz_meUp4ylPM 1 1
VDiTGX1_ho890M 0 0
VECB1GGs5T5QBM 1 1
VH1IHDDxY9VORM 0 0
VK3K8jiNHfa6JM 1 1
VQa_9yvAZpKmoM 1 1
VgvjXYk_NzkKUM 0 0
Vh-Fsn44WDb0oM 1 1
VmV8khC-2nbhPM 0 0
VsIJM4yg3f8PrM 0 0
Vx2lQooG8MOJmM 0 0
W5wGg4P9sNhvOM 1 1
WVwlfoOfv_VBSM 0 0
WXOVoJ2OP6Fv_M 0 0
WgvtaNWoTjUt_M 0 0
Whr5juHXCtRJlM 0 0
WmeMsx_Wit1C3M 0 0
X-1BQh4iIKchKM 0 0
X13x6VM4p7lbNM 0 0
XGdUa-hxX-K-nM 1 1
XIvMxNSlkyHWyM 1 1
XJVKNi5Z2HXhjM 1 1
XZ9UGTr-uzSJTM 0 0
XcCBgBf9dVG_7M 1 1
XgyoJ59041OLDM 0 0
XlQlzDMLzfOEYM 0 0
XyHIa15go1RrfM 0 0
YBECaY30sSVfqM 1 1
YC9zQQgOrLe21M 0 0
YFimfpAFshXlNM 0 0
YNqwzWo0819IfM 1 1
YZD_-or2OtMvTM 0 0
Y_B3HF9f7n6kzM 0 0
Yc7WO_r9-BG0GM 1 1
YsslcBpQvS_hxM 0 0
YxUztmUeBWsx1M 1 1
Z7lrY5uLRXHTIM 0 0
ZW9QVdHFPzPazM 1 1
ZeJq1bn6MkeFiM 0 0
ZmU6Wv7jrlINjM 0 0
ZubAGAl_6StHqM 0 0
Zui-zcvzJ-81OM 0 0
_3-WIV1rxVTwYM 1 1
_4VUpaKB4Y3pLM 1 1
_CP6ABEmQAdWAM 1 1
_KrzZR_diCyZPM 0 0
_t-NJ9EUIQaC6M 0 0
_t4V_Hm2teQmcM 1 1
_w0dL1CwmCkruM 0 0
a-Kp7xzpw3QckM 1 1
a1s8Lmhky-v1-M 1 1
aFFmFauLPAyYwM 0 0
aFSNEshaK2cHeM 1 1
aNf0lr6DY8RABM 0 0
aZ1VeLlMEbWVHM 1 1
b6dH8Cvt3srccM 1 1
bGYZf1QFvTSdKM 1 1
bW-mal8KlIABjM 0 0
bsxaHafzF_-F3M 1 1
c-BPBi4Ob9l8MM 0 0
cLp_Kzik4J7WqM 1 1
cNsY5Uhwca1Q4M 1 1
cSx60gcw57vqdM 0 0
cdfVg41ZsM-YwM 1 1
chnfrGlbiqBPTM 1 1
cmyu453GhL_E9M 1 1
crIZhsYJ2tB27M 1 1
cs4w4tCzHjKNrM 0 0
cwmL_KWPSBkUYM 0 0
d0_Yktr4CFd8cM 0 0
d1k6laBa6JIEBM 1 1
d2Vm6pyNDX-BfM 0 0
dLGMwj72P6D4JM 1 1
dg2VAEnYpXgOrM 1 1
dlnlAjHUj1ks1M 0 0
eIgcuXzEsROo5M 1 1
eJhRAsZc4gcMwM 0 0
eKzJnqtKBncdDM 0 0
ed51OPG8aMWUnM 1 1
ed9bv9IxsX9ALM 1 1
eg5woClb_6LdVM 1 1
egpzoJvIG5mI-M 1 1
ekboZAP5ckzilM 0 0
emvdlRPLiAs9PM 0 0
eremNUstrDs6lM 0 0
ewV9nS8jxoXuPM 0 0
f3jF6oQ0dm9JyM 0 0
fC8nrIPe5uM_vM 1 1
fE4NcFjP7aHFUM 0 0
fRWxriDF71oCJM 1 1
fUyeXxJwUbih2M 0 0
feD5a3TVfm-PMM 0 0
g2yCT66sF_G5fM 1 1
gAt-TRCc_mARuM 0 0
gI-CzjH1WMtqfM 1 1
gOP_Aq3xJ5H0gM 1 1
g_w-Hxnf1UNwfM 0 0
gdFjDAEFBoPkWM 0 0
gmcUjXl07EsC1M 1 1
h9qbBIRcTc_UTM 0 0
hEp2nnuKe5DzzM 1 1
hP0yxMvIBlV6pM 0 0
hPt5bJLQmCz2aM 1 1
hRjE5Nr79-Nt5M 0 0
hS6xGOHYnHxIkM 1 1
hZTEflsfy_jQDM 0 0
h_e9_6MeShfSAM 1 1
hi8xXJNc-t_f8M 1 1
hvouYver7FiyaM 0 0
i1T_iBHAqxnPBM 1 1
iRmGnX-ItY7EgM 1 1
iUdVNGZLyYFyuM 0 0
ia1mzqLEht3KeM 1 1
ie9yqefht76qGM 0 0
if5E4DJUr6VR7M 0 0
ifphZqf9MRx_fM 0 0
ijha937JbXnCfM 1 1
ioEW12DDKdfUQM 1 1
ixTssOh_63NlqM 1 1
iybGiPPfL9SQpM 1 1
j5LIclada3p7BM 1 1
j8aZ_LkkeO_W8M 1 1
jEpiP06hPZecQM 1 1
jJ7tiEUrhcmg9M 0 0
jaSBs5FeEheOXM 1 1
jfy1IvvcEpDQkM 0 0
jxSqZ4bcU5bxOM 1 1
jyynCBpx9zHEZM 1 1
jz1nx2P7kzEZMM 0 0
k-PHHO_76etT7M 1 1
kKQYcgh7eqz7AM 1 1
kL73kGR7V0BVFM 0 0
kMzRzpWAnB1JnM 0 0
kNJXZ1hY_09hoM 1 1
kVI4YTOIiD4ThM 1 1
ka_H00rzEaEMLM 0 0
kc0iz0t75b4cxM 0 0
kj8J-ogjQPFSFM 0 0
kkM-d2955sYkiM 0 0
kp-isJf1K7WNbM 1 1
kt2qNpybssIXsM 0 0
lIw8bceh52yJLM 0 0
lOfeKoQThEhLlM 1 1
leToSGBtbuRyJM 0 0
lht982QZ5aZrVM 0 0
lndSWUUHeK74hM 1 1
lrECrgoyDj2REM 1 1
m3kQE6XvrUeCwM 0 0
mHui3o1TK0udvM 1 1
mOKu0vwzwGALYM 0 0
mSH2wgSphoLsyM 0 0
mePW4JIW6FA0RM 1 1
mht_rDUHAw7SvM 1 1
nAI3Kb14Mowl3M 0 0
nM8YlYeYVbBXcM 1 1
nNm0djuJM_gh3M 0 0
nRZeKZqw_wWniM 1 1
nh-GbPv2qgNIhM 0 0
nnwcT9PUeOAoBM 0 0
nqNmYO8Wi8WdEM 1 1
o-UhIrs1uVOBoM 0 0
o3idySWxUNBK0M 0 0
oVvF9ldTJ-IVHM 0 0
ojImttRjRt4XOM 0 0
ovYSyjDzqior5M 0 0
ovzw29qr3UJUzM 0 0
oyTE6DSgM8xhoM 0 0
pB1ybfVoFR83BM 1 1
pPsy3x2v6DVivM 0 0
pTUkSQ47ZVLrFM 1 1
pXak1oFyE9ySDM 1 1
pimOKw-4-AvesM 1 1
q5UxvymXZmLU3M 0 0
qFVugSBIzX0q4M 1 1
qHFRfEoTyEd6WM 0 0
q_XCWaHEXn-XFM 1 1
qcxr5YO7wVmByM 1 1
qlX2TKByjdNwuM 1 1
qns0OUmhRUWTpM 0 0
rHb1SmZtgsq8mM 0 0
rHhvPrkDkvbpsM 1 1
rPMY7C_6_blnXM 0 0
rVOFr3NVkxfJvM 0 0
rVnCs18sS8h6DM 1 1
rdisdF-RGiRFGM 0 0
rhV7Z26paCbS_M 0 0
rndbrCUc1koHjM 0 0
roV9olI8ktYSzM 1 1
rtqn6rQGF6SrkM 0 0
ruk5EjxXKTSDmM 1 1
rw4bvBxg6IJBUM 0 0
s3ozFFzR5oQ7OM 0 0
s3vAzaNuNM7lFM 1 1
s7dbfq0dIxJnxM 0 0
sW0JQtnQ3UG9vM 0 0
sYKMVAD0w17_fM 0 0
sYmCQjn39wr8NM 1 1
t5KmAhcs9nvxxM 0 0
tF1AOfuMVY5bZM 0 0
tY6OFcuQnWxsZM 1 1
tbZUMO6jKVYncM 0 0
ttJk66fTKTRd3M 1 1
tuspOEFeqKh3JM 0 0
u-GH4VtbJTxDZM 0 0
uIvGW4YMEpLrTM 1 1
uKs45qHlpjyGlM 0 0
uOBI3noOms0R_M 1 1
uUMPGKy_P3YkkM 0 0
u_4wkbk_EtMhgM 1 1
un2efEQpDOltwM 0 0
urS2HKOXderb1M 0 0
v9X5B6xSM_7YfM 0 0
vAduAw_IteRpKM 1 1
veXHMU6I6WHcPM 0 0
vgOgTXaMZXAMsM 0 0
voyGOOVMIMH8OM 0 0
vsyDhxtEtb2SsM 0 0
vy1zpk9hTjrM0M 0 0
vyifFXDTiP3ZEM 0 0
w48K_lLXquEwRM 0 0
wIFMrXvIH6jpTM 1 1
wJg999rNGTk_mM 0 0
wLFW-q_k37LnHM 1 1
wavhoAKfcatSPM 0 0
wmgdOLZAX3U3ZM 0 0
xGDKQKCEQhztuM 1 1
xID7TBiC6lvMFM 1 1
xMhmJdjQjb72gM 0 0
xPBZBzemyW5iPM 0 0
xcGp4O1nQyzDaM 1 1
xlrkm8GxI1zBLM 0 0
xmsnzE4M749BJM 1 1
xxA7MfHqLdohEM 1 1
xyke14EHPYBkeM 0 0
y-z8F-eX_fIsnM 1 1
yBCC_4EkBpbMXM 0 0
yBim10OxHr4ywM 1 1
yGkyj98Be_5fGM 1 1
yJ4S1lsIAAuASM 1 1
yPMF9xBd1vEKqM 1 1
ydTD2trPiTdY9M 0 0
yf9zgj1NyjtMCM 0 0
yfFjLQW7hB4qeM 1 1
ygUFcfsRRmNzBM 1 1
yiLDZ5q0Mv2gDM 0 0
yxBORfB5JXJRXM 0 0
yxZ0__lRk7fUDM 0 0
zEVIJeNOQk0kYM 0 0
zbrmNyK4KkcicM 1 1
zePeelYMmwPflM 0 0
zm7xmP9kN3327M 0 0
zqmEtUPtp3OvgM 1 1
zxpDSlbeVVaO2M 1 1
