-4iNBpTSnXF-LM 1 1
-54M9p5JYqMKgM 0 0
-8Lc04cqOhWbLM 1 1
-8n3OIHzqLskuM 1 1
-JdA1KaOqRW22M 1 1
-L3WAKoybHnp9M 1 1
-NcCBSeq3K8A1M 1 1
-W8dqlkP8NdMHM 1 1
-brfaSQELxoszM 1 1
-fM66OzhHYQzfM 1 1
-s_i8SV9knauNM 1 1
-sepfoyU5Cw6AM 0 0
-x3SinEBlRbMgM 0 0
02DIPZZe7YthiM 0 0
04Wvo4LT63AUhM 1 1
0BTst5jXp2gCHM 1 1
0C20hA6o85qYmM 1 1
0Qody_eee5lBxM 1 1
0V-5BpgdlPhlvM 1 1
0W12AFryFtnqRM 0 0
0YJvqSofEE6FeM 0 0
0gPQ4uKenEZ9OM 1 1
0ggXlsXiOJc56M 1 1
0hXRFNK11coFfM 1 1
0jESLevIwlnojM 1 1
0m9teKxsLoA8-M 0 0
0nyZ06ZTXE6wsM 0 0
0rDu4UJuQ-I83M 1 1
0rYNLgOiA7PeiM 0 0
0sif7zqPVJ8iNM 1 1
105738017 1 1
115016512 1 1
11574950114 0 0
119673223 0 0
121652881 0 0
12272777935 0 0
12272808525 0 0
12272963843 0 0
12273350356 0 0
12273359806 0 0
12TqWeFZHW3ACM 1 1
1318403108 0 0
1356148933 0 0
1356207100 0 0
13M1CVDwmf0qdM 1 1
14498913497 0 0
14682988284 0 0
14682992764 0 0
14705258133 0 0
14822402058 0 0
14840136341 0 0
14843207605 0 0
14912221225 0 0
14929744582 1 1
149581047 0 0
14981634262 0 0
14I--_ULKQc0dM 1 1
152639376 0 0
1542455620 0 0
1542455724 0 0
15599120384 0 0
157499627 0 0
15Kt6Oez17BLeM 0 0
174246320 0 0
1799063762 0 0
17pLcAhjIk235M 1 1
18157616 0 0
18250478 1 1
18250479 1 1
18250480 1 1
18252697 1 1
18252699 1 1
1842357684 0 0
18671217 1 1
18z8ySvvIEohoM 0 0
19067176179 0 0
190688740 0 0
19JCpn7omsBwXM 1 1
1FtzuJ61MjwKaM 1 1
1NV5fHOC06gMgM 0 0
1W8y14PoPGRZNM 1 1
1YN4yTxbOhmqCM 1 1
1dsMQazOpa7R-M 1 1
1hOxRyAVVTQTdM 0 0
1lom8a5nyQSWyM 1 1
1qI6jBE9cquOuM 0 0
1sChZnV9XRVezM 0 0
1sZ2pirBXXnW2M 1 1
1stq3y_LlhYEyM 0 0
1tHb-d2qS4uaCM 1 1
1uJBp07cqnty4M 1 1
1vOglZ_glwd_gM 0 0
20748226022 1 1
2093061623 0 0
2101684819 0 0
21213986764 0 0
21340921832 0 0
2184392032 0 0
2184392060 0 0
220838496 0 0
2209483495 0 0
2210276028 1 1
2235610681 1 1
2241446658 0 0
22473666387 0 0
2259223854 0 0
2272970867 0 0
22878567862 0 0
230251066 1 1
234277669 0 0
2362835870 0 0
23983704249 1 1
23R8SJh3frNA-M 1 1
24325659405 0 0
243315994 0 0
2450932572 0 0
247460768 0 0
249321288 0 0
24948802052 0 0
25073727974 0 0
2514872615 0 0
25157099871 0 0
25360924072 0 0
2542717334 0 0
256382836 0 0
2565742641 1 1
2566667095 1 1
2570989037 0 0
2586225073 0 0
2591182787 0 0
26197242500 0 0
26498526754 0 0
265432859 1 1
265468867 1 1
2670221605 0 0
2703661881 0 0
2710352439 0 0
2711165108 0 0
2749308221 0 0
2771967754 0 0
279272113 0 0
27945859994 0 0
27IwuvTxRqZYXM 0 0
280640317 0 0
28278768500 0 0
28316575226 0 0
28456127992 0 0
28484788351 0 0
28484880771 0 0
28484942351 0 0
28530362626 0 0
285322825 0 0
2906264897 0 0
2909591992 0 0
2909770313 0 0
29263342020 1 1
293199526 0 0
29601277373 1 1
29674086361 0 0
29927001420 0 0
29930143360 1 1
2Akhmj03uKp9DM 0 0
2AoZ6v8cRW96kM 1 1
2BlxHpSReetFfM 0 0
2KKNdFWTZZxk2M 1 1
2MRtBIoFeG5GqM 1 1
2Sz5UK_eqNwmfM 0 0
2W88UWiJxLNIBM 1 1
2WxDf4vWADYQ8M 1 1
2YTsj6Svf_TvUM 0 0
2_0Y5mzhw1JtqM 0 0
2khEovzA9GaXTM 1 1
2pQRvb7pg5P3UM 1 1
2tncAEMNDwlL3M 1 1
2uBnwbMNmamWhM 1 1
2xVNIqavpuGXeM 0 0
2xu36FxnbThcrM 1 1
30137927571 0 0
3034263674 0 0
304107607 0 0
304120297 0 0
3060118683 0 0
3086163442 1 1
30bCibxy3gp-tM 0 0
30q4aZpZhtV6rM 0 0
3139093253 0 0
3165155195 1 1
3169116720 0 0
32056316 0 0
3300806754 1 1
3357684956 0 0
3427998257 1 1
3436256276 0 0
3464119888 0 0
3468924493 0 0
347136162 0 0
34HcdnsxLTFU9M 0 0
3550009688 0 0
3571206714 0 0
3574544869 0 0
357724851 0 0
3635407881 0 0
365315918 0 0
3673654465 0 0
377833044 0 0
3793071368 1 1
3839146709 0 0
3978637190 0 0
3B_amKYyQMPhdM 1 1
3CiWHyJ6Fqt_5M 1 1
3MhkDbFBYcxpSM 0 0
3RSpjYCAKnXfbM 0 0
3U4G5UYMq_83WM 1 1
3Yl5YSb8TvnN7M 0 0
3e86ntSWloykaM 1 1
3eKPWD2no87N0M 1 1
3eLjYC_lOkYqIM 1 1
3eOgGCpJO0xt_M 1 1
3gmTY1nfNG4h2M 1 1
3ipRiE4JnFBc-M 0 0
3jHe1sD7aNOpzM 0 0
3qH_Ds0v3Xcw9M 1 1
3rdUVPFFepUAMM 0 0
3wItqOPrLi8-bM 0 0
4-xLyBfitioI7M 1 1
4006660139 0 0
4010423693 1 1
4014585459 0 0
40237489 1 1
4033239 1 1
4160398911 0 0
4188812364 0 0
41w6TbAoYoUKvM 1 1
4246428976 0 0
4265588332 0 0
42PAnCG2cp1x1M 1 1
4330550325 0 0
4338676672 0 0
4339624986 0 0
4362967680 1 1
4367045353 0 0
438578017 0 0
4388218263 0 0
4388218763 0 0
4388219095 0 0
4388219301 0 0
4388982170 0 0
4388983182 0 0
4388983324 0 0
4432663135 0 0
4456199693 0 0
4461142734 0 0
4498760053 1 1
4506212461 1 1
4583580612 0 0
4626630769 0 0
4663130467 0 0
466479036 0 0
4782058308 0 0
4822342257 0 0
486177668 0 0
4873960435 1 1
4873961061 1 1
4874568314 1 1
4882525711 0 0
4882525935 0 0
4882526017 0 0
4883132074 0 0
4883132212 0 0
4883132514 0 0
4887335028 0 0
48sBJxxdVl-p7M 0 0
49302576 0 0
4939916408 1 1
4965641605 0 0
4DSnQjWGLuhdGM 1 1
4FkoE-zrblRL9M 0 0
4HbL6uTQZlioFM 1 1
4Ks22xUiSVCLAM 1 1
4LPtv6h8y-BvkM 0 0
4MwSrTTkRUSCwM 0 0
4QYulJPHoXP8JM 0 0
4YJCBET0dJeS5M 0 0
4ZyuhQ1zLf1ulM 1 1
4a2jzAHB8gywrM 0 0
4c1g9Qd-8sR1gM 1 1
4cITULKG1HuVbM 0 0
4eIxMQHybG-8TM 0 0
4hx1g5m8Dn0BXM 1 1
4jS7yzfJHeFy1M 1 1
4lJtrBs4Q9HWFM 0 0
4pLgqcqDnCJVmM 1 1
4swF1s_wrEiFoM 0 0
4uFrE0rxIsvgyM 0 0
4vbkeOVF5cYHDM 1 1
4x848PBZdbtfDM 0 0
4xVYE-JK0deJmM 1 1
501123925 1 1
5021401692 0 0
503478973 1 1
5048464567 0 0
5054987961 0 0
5090739560 0 0
5096818261 1 1
5097413932 0 0
50STEK4fIlj5EM 1 1
515565543 1 1
5175559082 0 0
52249235 0 0
5238270435 0 0
5267554416 0 0
5268660089 0 0
5268660167 0 0
526872221 1 1
5269271434 0 0
527130652 0 0
5292504543 1 1
5298394616 0 0
5309285577 0 0
5309287087 1 1
5309874454 0 0
5332666000 0 0
5342742250 0 0
5353791190 0 0
5382123024 0 0
5388278311 1 1
5405182706 1 1
54280853 0 0
5431748293 0 0
5496548641 1 1
5497141802 1 1
5554211961 0 0
5614706841 0 0
5619116701 1 1
56194625 1 1
56194635 0 0
5648460719 1 1
5690965495 0 0
5720580915 0 0
5949997799 0 0
5990706904 0 0
5DF-7MzBm4TMmM 1 1
5JozTZynOH9yDM 0 0
5JuuqM8iulY-RM 0 0
5Lj3KJDTuWo7KM 1 1
5OT6HStWen9O0M 1 1
5P3PORT7Gr8kgM 1 1
5RSxOStQf-QBmM 0 0
5Utnc89A0EucMM 0 0
5VV76V51rk1vhM 1 1
5WM5CvGrvhKS0M 0 0
5_5zJ5Y_cRxy-M 1 1
5fVzPmX-ITrTDM 1 1
5iN1W_66ZxoL2M 0 0
5tldgkc8j7Vy0M 1 1
5wJY7LdkSq1DJM 1 1
5x6j7JkaSSqVwM 0 0
5zaOLPLakLYKdM 0 0
6036239199 0 0
60581754 0 0
6090578970 0 0
6164418228 0 0
6222235139 0 0
6289261038 0 0
6322847001 0 0
6455389881 0 0
6455390821 0 0
6481731407 0 0
654UsF0SGOi71M 0 0
65pV-Ve8J7TPaM 1 1
6780342524 1 1
6789013151 0 0
6810399874 0 0
6870082072 0 0
6885852458 0 0
6887585121 0 0
68XHmTfxU-hJRM 1 1
6969719074 1 1
6984657584 0 0
6Dk4bLYCQVcmAM 0 0
6Eouowi7qyBkcM 1 1
6HE0wpIoq0zk1M 0 0
6HycE2iDeAhl5M 0 0
6IiMd-GtT5_LzM 0 0
6Mu44zSzNktT0M 1 1
6O1W11Ya1aY8hM 1 1
6PtoLimtR3PvCM 1 1
6PugohXHth3qgM 1 1
6Rq_1m-aCQoxXM 1 1
6VIlfQAQvblwhM 0 0
6XOLVshp4GJLLM 1 1
6Y_hI_gZOirLnM 0 0
6dB79qvSAWk5nM 1 1
6gDtwSG6vk2ZNM 0 0
6hXX2elmflSr_M 1 1
6ohgyrUIG3klMM 0 0
6rX_LhAgvtu6YM 1 1
6t8cWoXxqsDYtM 1 1
6uY3Qv2nr1OOUM 1 1
6vpvyVa1Cz_ZuM 0 0
6yBmdMYoOwdxeM 1 1
70394891 0 0
7114883905 0 0
7136656227 0 0
7140881131 0 0
7283627890 0 0
72958732 0 0
72958746 0 0
73lo_UR8PkL8uM 0 0
7463572860 0 0
7463613600 0 0
7463614114 0 0
75lBSkDZJyHIKM 1 1
76015916 0 0
7663939238 0 0
7776862692 0 0
7831482916 0 0
7944209916 0 0
7989716047 1 1
7Dkf9NFlz7zsFM 0 0
7NGOjMoDRFTtCM 1 1
7N_9dRxZsdG9IM 1 1
7Qk1G6DhYCsZ2M 0 0
7SkbovgjSLlHEM 0 0
7VLQfpxDiIgo5M 0 0
7WqprZNW_aorOM 0 0
7ZG2MGzaljegTM 1 1
7a1iDjYAtyAPgM 0 0
7a6qGVuf4az8hM 0 0
7eGEgW2Z0_3WBM 1 1
7eJKfmS7WaqbjM 1 1
7lfUDfRFj9lAxM 0 0
7mAd836K3MxQ1M 1 1
8010870270 0 0
8011171003 0 0
8065066388 0 0
811AjaAaoIGySM 1 1
8131167268 0 0
813213117 0 0
8387722693 0 0
848XR60jlQ7d5M 0 0
8542252747 0 0
8570630674 0 0
8651340432 1 1
8659387592 0 0
8717503870 0 0
8755090013 0 0
877730102 0 0
878923290 0 0
8A0aIxW_NQ7LnM 1 1
8AxyfrxhAQM-EM 0 0
8CvaoQZ8jEuhvM 1 1
8DaYHQzj7lSLnM 1 1
8EUTgfYxdFlgrM 0 0
8NMv2hXPuetyLM 1 1
8OoTTfJdGXEJiM 1 1
8PoQE3VDzZlZMM 1 1
8RaLIKpsKUX4HM 1 1
8TtJkaJTT8ZUPM 0 0
8UWVAHMlv4up6M 0 0
8b3Cl7UUjrUJiM 1 1
8c4ROtAk3jLv4M 1 1
8eJIWUNbdMqPKM 0 0
8gsEvlbXMLKR0M 1 1
8i4Ase43yVXU_M 1 1
8i6_S-LPlHk60M 0 0
8jxZixfOO5CG6M 1 1
8oAjG4CCReMV-M 0 0
8qN1dp7AoxO7BM 0 0
8rUGbAw_go57aM 1 1
8uM9dxDWTjOQcM 1 1
8vtLWHQI7ngi0M 0 0
95XeJWU4v-TybM 0 0
9677681602 0 0
9718244901 1 1
98QxNMSz2TTadM 0 0
98RuqLYlWzV1fM 0 0
99290617 0 0
99_WSNXWC3z-PM 1 1
9JxqL7Eg0b3_LM 1 1
9N4sKTfNj31hRM 1 1
9QXRHPcc5Aw2CM 0 0
9SXAJj8_ZOhv1M 1 1
9TOafOquSFzMvM 1 1
9UQnR_3phwWp7M 0 0
9dFKBbrQpZehkM 1 1
9j7GfDSZt8OyGM 0 0
9ooOV9ye8nDXMM 1 1
9q6tANYD5dxpcM 0 0
9vpSd3dd5Y03XM 1 1
A3LgZBaHrJpYCM 1 1
A9QIZu1XXUy6qM 1 1
AC1lHkwX3oz2qM 1 1
AHozxay8S2LVYM 0 0
AKfLftO1dL5t0M 1 1
ALNWhKL0LXDYsM 1 1
ALWatgNN2PxAsM 0 0
AMoKmsOuzzcHyM 1 1
ANjvg4eZ8ZqYWM 0 0
APu3x2-wYv27cM 0 0
AQMJ5TF2YNtYSM 0 0
AQUrxomx7w5NfM 0 0
AQgEPhyjXmRG8M 0 0
AQuz-xvw4B1IHM 0 0
ARYyv6bV8TNlTM 1 1
AXFbcDhH9uaVoM 0 0
AYySdhyzP26xJM 1 1
AfBzuVmi8LHaWM 1 1
Ahsv8mG0BmRLOM 0 0
Aksn9YBZM1uXvM 1 1
AlPSPGA3Rgn3UM 1 1
AmP6rrBlw66KBM 0 0
ApNgxnSV0JLHUM 1 1
Atkm37VcXnDOKM 1 1
AwXzaNj_MeAYcM 0 0
Ax56RRlsW7U6gM 0 0
B5RG6bfa9_YAUM 1 1
BCj2t_yqyvDFxM 1 1
BEfhmBso5V0aqM 0 0
BLVXoFdOxD_BZM 0 0
BMRN-eTOAOmsGM 1 1
BRI02KhBhBEcmM 0 0
BSV5rSuyAtpU4M 0 0
BU_60w1gK9vYJM 1 1
BUhMLdluO5qqkM 0 0
BZaxfwYvC224qM 0 0
BZbnQU8Q9h5a2M 0 0
BdTSbmpUCXC1nM 1 1
BeAFBGWJGLp81M 1 1
Bp0bw1j-hN3AfM 0 0
BsoHkb_0BBq7tM 1 1
C-KAhJjl7I7-DM 1 1
C-taqLxGb3yDeM 0 0
C27s50L8s-0XmM 0 0
C2_zTmNIFWaPDM 1 1
C6PanD_Hm_R0DM 0 0
CBH4C--VtG6q4M 1 1
CDv1njGG98U65M 1 1
CHdlwMM33Y5yDM 0 0
CPncOBD0tjdzAM 1 1
CW8ZUW20mqjmIM 0 0
CX3Bco8B7HiqdM 1 1
CYKuPL8Dr5W2KM 1 1
CiHnP7RblbXN8M 1 1
Cp0Qgi4OheSw9M 1 1
CpXGXtKRe0NkGM 1 1
CsAF0BSOGawDMM 0 0
CsFVZqlRLOPbFM 1 1
CtLz_hLzDzbl6M 0 0
CuQpj7q7q3gzqM 0 0
CyJUqMIs93dr0M 1 1
D-4gRA_IstyTvM 1 1
D0hLNjr1VtYpXM 0 0
D2JS47TKMeTZrM 0 0
DE_WtENYc1_r_M 0 0
DOQNXWhBQYUpfM 1 1
DP3aPHJedcnQVM 0 0
DPPcFoWoEylHZM 0 0
DUKwcf9I5VCmKM 1 1
Dc8_ahp8Eyg68M 1 1
Dd8lIybzsjS9OM 0 0
DiXW0kdXJvW4VM 0 0
DiZKeb6NI3HYoM 0 0
DlDleha8TT2xqM 0 0
Dlo9Ei4yfW5hFM 1 1
DoT_-zNNRCOHEM 1 1
DqQhicZt0I84zM 0 0
DuQhiDQZOO0imM 1 1
DuRYrg6gMvxrFM 1 1
E-bIrvi8YJVCYM 0 0
E-iiPadF1HjD6M 1 1
E20ywp5_6I1WXM 1 1
E6-wVe4uMGd8sM 0 0
E80GvzMuGwg8VM 0 0
EARcjx9RZuA0OM 1 1
EAdnDZEBHU36RM 0 0
EC4v40yYVRAnRM 0 0
EGw_FT4x74v_wM 0 0
EIIOAhzheQV6ZM 1 1
EKyKnDSW5e9KSM 0 0
EMO_rodUJQ4MNM 0 0
ESoTY0ZT2iWfPM 1 1
EeHCSCTkXPiqtM 1 1
EgKZ46rSTENscM 1 1
Eilhez7mKsRmcM 0 0
EkTyYIQ4F0tyVM 1 1
EkyO8Vf0gZBL2M 1 1
ErhvZM202jFrWM 0 0
EtWWSr7rMTcKQM 1 1
EvV-VGWJbJRkvM 1 1
Ewv8iuTaYTdrbM 0 0
ExnYSfz_bGZayM 1 1
Ez_ifayXr9zzCM 0 0
F-UGbHxGMMlcBM 1 1
F-wwmRMn_lzLDM 1 1
F0OMtRm8wLRD_M 1 1
F9DAk_m8r_mABM 0 0
FBy9PKqC8-fxRM 0 0
FDQzgZoJB1674M 0 0
FFSs9BjjbEjNCM 1 1
FH0AtbYqMzmQ2M 1 1
FHra4bWd9kyMSM 0 0
FT1nopo630026M 1 1
FTW9JjywiK8dDM 0 0
FWuS_kKVnOxY7M 1 1
FXdwsRHViOj9-M 0 0
FajwMaMnDghJtM 1 1
FnHL3lqFNpSwvM 0 0
FraeiQT9bq7jbM 1 1
FyMl0Tobz2bGjM 1 1
FzEvcHyu8B618M 0 0
G4kEaUT0C5NRhM 0 0
GAxP-Q5oZJ08AM 0 0
GB_3IPD1O6AlaM 0 0
GEcRwOhVdhuWyM 0 0
GG1i2SP4QRUZWM 0 0
GIlTkW-UbbtINM 0 0
GKT9Au10ZjJv4M 1 1
GOj0pXdPsfwr_M 1 1
GPLQa05HlywQ8M 1 1
GPl6DZrvJAbdHM 0 0
GPvUIbpNcTUGoM 1 1
GQ0DrCKJZ65ehM 0 0
GTplUAIu8qqN7M 0 0
GUyWMOmBeysc1M 1 1
GX2RAPDPfSQElM 1 1
GgoEcDdk20LzXM 1 1
Ggxu9BRH-1Ca7M 0 0
GiLjsAIwzyY1hM 1 1
Gu3MB3AEfuLZDM 1 1
GuCAZQe0kakNmM 1 1
H1zeYMup_rX1IM 1 1
H569yo92aJpEuM 0 0
H93PcBd-M0P1kM 1 1
HHjNr8lCHAEFlM 1 1
HJThreL0mUqHhM 1 1
HOYhHY9X7aReCM 1 1
HOkTI8g7POv6GM 1 1
HPE59QuLs6WcKM 1 1
HQyTCpY9RqtfkM 0 0
HUvD89WpoAGqEM 1 1
HVpRilgOVCtB9M 1 1
HcFbuk228wT5yM 0 0
Hd8vBLDBy3FIaM 1 1
He-JesZop_v0BM 1 1
He9QQvg7e0fP0M 1 1
Hei15toz6_yYwM 0 0
Hg1O3qs6oo5YZM 0 0
HgruWAQwG7fu1M 1 1
Hn19sk_i9LfZmM 0 0
HpBuWmZpF5wAPM 1 1
Hs7_znhLtrIu-M 0 0
HuAN1Khsj5U1zM 0 0
HvIzw9UQcjWLFM 1 1
I16V3BFOcXPXvM 0 0
I2Rxy1VrjIKKRM 0 0
I3FwylEt-j_5qM 0 0
I4CFNAme9uBYyM 1 1
ICxeP_UWIGOqZM 1 1
IGNi04e6dMCwyM 0 0
IKsjixNOMOshhM 1 1
IRO9fycuut4AnM 1 1
IWKBqx-4cGvOGM 0 0
IaVA_deVNLaDeM 1 1
Ije8ytoqdM8xGM 0 0
Im9JUsDf9kJcoM 1 1
IqRoc_XoNWmLVM 1 1
Itaf8h14wsNjnM 1 1
ItoPy1uuP6dIGM 0 0
IueOJmZFWZiSHM 1 1
Ivor9oem-LR3HM 1 1
Iyr48G8bh0MygM 0 0
J46O9Q4MBPSigM 0 0
J4YsRhBJZEJ-yM 0 0
J4hZykIy_F_BLM 0 0
J8DkXpCSv47tgM 0 0
JHRzpEHGMzAkJM 1 1
JNaUw3d-kDFWWM 1 1
J_60Zs0RG1lE0M 1 1
JfcgSZdPkjkByM 1 1
Jjd2DLEEjeht1M 0 0
Jo7VwxIdVF20DM 0 0
JpN_D4CQtU1tQM 0 0
Jrm-rL2bdKZQKM 0 0
JtARG4ksd5fIcM 1 1
JwsFiaOZ8fRx7M 0 0
K3_xFYpEjmHfTM 0 0
K6kAD-ahBJXIkM 0 0
K91Xjazk9f4kSM 0 0
KGVjh2GdDEonNM 1 1
KHaCAGvyIvficM 1 1
KLwmB8oMGznejM 1 1
KMRxB8B0pGE81M 0 0
KPAzrpv7myoajM 0 0
KPkAUf8G4DA2nM 1 1
KRBjvaHKevmQnM 1 1
KUjo3bHJAO1xsM 1 1
KZyJ0pldhDK8IM 1 1
Kf2ygQd6PyCiJM 1 1
KhgnNTQNE_kr2M 0 0
KlJa_dmBZNTM-M 0 0
KmCeNlODmgt83M 1 1
Knl1JNH_JmapxM 0 0
KoJLf1vGuruBgM 1 1
KpmAhjcRlRwJEM 0 0
KpzDG70qYCM1jM 0 0
Kv9iwXzFXOhpEM 1 1
KwZ1HiXfP0xFiM 1 1
KyEDOdMeAmv4bM 0 0
L-43L7ORgBYqRM 0 0
L0FHJ9bx8tFNRM 1 1
L2xpwpHJany8GM 1 1
LHYOClfIMBpErM 1 1
LL4J93NQVx0ABM 1 1
LLvQU6p2uuPtfM 0 0
LPgv73swywuyLM 0 0
LSn8OdGzj--OTM 1 1
LbrAA9MglqypNM 1 1
LeAXNBaJMGgdNM 0 0
Lf9Oz1qzAb85PM 1 1
LgTR0vPu71HiaM 0 0
Lk2_qLcul2qwoM 1 1
LoeFFe6BCVFNQM 1 1
LwKHxeXdUiIeOM 0 0
LzdjHplaafi9iM 1 1
M-SqFe38Xw8qAM 1 1
M33fZnko1_BDwM 1 1
M72dojyR0xZAmM 1 1
M8lAxwtkY4Ia6M 0 0
ME_4yhyaW0OOXM 1 1
MGPTIQhPo4hJhM 0 0
MIfGfwKFhhNzbM 1 1
MJ97Sp1-2ykMgM 0 0
MJwGFDYUtoe3GM 1 1
MKczlfec988CYM 0 0
ML-ckX3tEbDBcM 1 1
MRc5ECVBhKSo4M 0 0
MS3QmgS6I4LHjM 0 0
MY2nqqdThai13M 1 1
MYu1TxB_dYvgMM 1 1
MbXBXuNhmd-LVM 1 1
MdbeepkHorTVHM 1 1
MfWW8ZgGmBymHM 0 0
MlvDdWSfgO0UXM 1 1
MohYIlE51HTu5M 1 1
MrlJ84e3NkTLuM 1 1
MuecC-SBKJRj-M 0 0
Mv4r-SNuu_eAnM 1 1
MvBKOQPfyACyFM 0 0
Mw1mLqXotuZHLM 1 1
MwAHs1YPc9oQZM 0 0
N0e5PrEBnMeivM 1 1
N0m2mIiLv4631M 1 1
NJp_oAS-WCUWoM 0 0
NL46vRaJkE6JxM 1 1
NM5Oo7AkXpCV2M 0 0
NRqf4csx6MqIAM 1 1
NT7MXoOg6_OQMM 1 1
NUW0xht8i30QgM 0 0
NXa_Sqd-ohaOVM 1 1
NYC9gkO8h0JN_M 0 0
NcKB51YXhDFnAM 1 1
NdaXJItJcRxZpM 1 1
NlQIfKpdQAHVdM 0 0
Nn4_k8jN5iYmBM 0 0
NpV8vLW7z9AxQM 1 1
NyAURI1h1Bx7GM 1 1
O-AyCwBWHIoUNM 1 1
O0kB7OHp2RUDWM 1 1
O1Fds4Xnn159WM 0 0
O4k0_reJSB3x4M 0 0
O53EF0Bq0RNv8M 0 0
O7q6WAX2ypFPhM 1 1
O8TvrrajjEfvjM 1 1
OAxurbZN9yAWzM 0 0
OB5WYgi27YKKSM 0 0
OBr1UvGzhp-7ZM 1 1
ODwGLZCrwN9vZM 1 1
OEOrg7v2gjyrCM 1 1
OEggXcnV2rMKcM 0 0
OFw9CkpoEbFfjM 0 0
OHrtgpRv5J2kCM 0 0
OKZ6bDtF1u-uYM 1 1
OMxF1g0F5--W8M 1 1
OPfekwGFe_ydHM 0 0
OQfp-XImUrrxYM 1 1
OTwzICHx1R7_8M 0 0
OcATTrxyRwbQ-M 1 1
OcrsKIFhrPP5cM 1 1
OhvjdKNEprndkM 0 0
OlpaXozR584KGM 0 0
OzIB9jn8ZrxkhM 0 0
P-O4zkspkalcrM 0 0
P0HNoEbylHMhYM 1 1
P2DkZFkzTXHORM 0 0
P7XjywayZmq9pM 0 0
PEI6hmfOUHkwcM 0 0
PMHO0av8t-_vAM 0 0
PNYnXiGI6GTTZM 0 0
PUUsRH8w886c_M 1 1
PWgSJ80c7pcNxM 1 1
PXZ25jv_6zqaVM 1 1
PZqqEzqCA0-vRM 0 0
PbUaLWEVLURqyM 0 0
PiLjshh5HN_YNM 0 0
PuJXdQMogRLqrM 1 1
PwD3kjXLfXmBIM 1 1
Q1tr4f-kXKSKuM 0 0
Q2whGkE9p66F5M 1 1
Q6QyHSfDVKsD0M 1 1
Q956B59AUMD3WM 1 1
QBnh_xnzSpLzhM 0 0
QDbis-RgnBbb8M 0 0
QDflD_lCx9iaoM 1 1
QGY8u-ph9c5icM 0 0
QKYym38LErEehM 1 1
QMc2AvAtyKtPQM 0 0
QZ-eVvrOL5cLkM 1 1
QZbLMG0yc_WVYM 1 1
QkP32h_MNpydyM 1 1
QlypH8MT6oHD0M 1 1
QmVpToseelLbZM 0 0
QxPNi_CLsHzPbM 0 0
Qy3MOaRGN4gd2M 1 1
R0cFAH0XAHE-IM 1 1
R1mRiYFvM3ZlyM 0 0
R24X8zprGotxfM 0 0
R3QJe3qrxirzjM 0 0
R6NRrUFejbPb4M 1 1
R8SbettBq8utNM 0 0
RBEorhasJmRddM 1 1
RD49hDUkCSVEuM 1 1
REOLXden1z_OhM 1 1
RHXdXhMfJW-uWM 0 0
RJ4w4pHKeX-dyM 1 1
RMdHkU_asbj8NM 0 0
RP7YCZP8fWlzYM 1 1
RPB-CVMCiHTgjM 0 0
RWxqGGGA1WCalM 1 1
RYiJb-CxZB9JSM 0 0
Rcv_hi5_ZQLwMM 1 1
RhY0cDF-92q1cM 1 1
RiM7DrBmcwK_SM 0 0
RkAs7pHRZvmchM 1 1
RzF5uu6lghxTMM 0 0
RzIgQGkBgPSPhM 0 0
S3i1mA5sT5S-GM 1 1
S6SlR6fsFEdcSM 1 1
SClszn6b8M6rsM 1 1
SGKFLWSHt10flM 0 0
SH__FPk5VwcYVM 0 0
SHa9jx4YO67RTM 1 1
SOp5388OMKnPkM 0 0
SQBcxFB0AT1FjM 1 1
SSUU8xNcRRsKkM 0 0
SXU-fkZc8zHDZM 0 0
Sfcq_B8Xs1LOTM 1 1
SikZ5vjOBfWv9M 0 0
SruuOZzoZ5ce_M 0 0
Sv0oApBnSHC76M 0 0
SvS4zqUHM9tl5M 1 1
SvsnphgKun7OKM 1 1
Sy9YwjKAmYW56M 1 1
SzdkuBMc2Hzl7M 1 1
T1SPfBUbXKKIkM 0 0
T6jJnr9RvIuE7M 1 1
TBW23eVUT9lRRM 0 0
TBwwPAVyAZl5yM 1 1
TRgjEsubinsu6M 1 1
TTHJ25Us-SLp5M 1 1
TUj9hUywuB9FYM 1 1
TV4T-03xhMKWlM 1 1
TZ4nVEux94zX9M 0 0
TccN5f6cPUCC_M 0 0
TeFR68xpqwB6YM 1 1
Th1zhw33I7oS1M 1 1
Tj5bWZnNFtubcM 0 0
TkWusYER0iqyzM 1 1
Tl40rMLD_7NGgM 1 1
TqYaP55-ShmB_M 1 1
Tse28EK2KJ6THM 0 0
TvmO8c5dLFMjBM 1 1
TzVkRYwsa-DNvM 1 1
U21boOdFiUxnxM 1 1
U2LvwGZue16gkM 0 0
U2wGA6n1MTrMoM 1 1
U61vOC0yH0gP7M 1 1
U66jWkZm955ADM 0 0
U90MzUy6d2VlzM 0 0
UA2pTd_FMPUXcM 1 1
UBxFy0RG8IigGM 0 0
URT43DtLCbKaMM 0 0
UVkvVM2MhCQ2pM 0 0
UZ-_jez2EgYR4M 1 1
UdBtyiX5l--PDM 0 0
UdZ89_pNQamXxM 0 0
UkPeeatBk7i1wM 1 1
Uo4YN5XPJpX44M 0 0
Us2IBA3XKxr9BM 0 0
UtMmdIfr0MkihM 0 0
Uxq472dvtTc4rM 0 0
V2ww-xITYSkVrM 0 0
V5HGgSWjQZj0KM 1 1
V8nrCypdV7rAJM 1 1
VBKgj09POduDCM 0 0
VDdh2vhn0x4flM 0 0
VF6zGVRjRvb00M 0 0
VGILB0bl6yDzoM 0 0
VHuDwoG5EWZGZM 1 1
VKMrs_L9mQkV5M 1 1
VKdLxRKUGHMUhM 1 1
VL7JNr_Kt0SUBM 0 0
VLbX1MFgZt4l3M 1 1
VMDzd7fuALER6M 1 1
VN9DYso_mVBF0M 1 1
VRP2oaMbupC7OM 0 0
VRZhfpA8xDlhbM 1 1
VSo9eHzmtpijLM 0 0
VXQ2Jtx3GgWkIM 1 1
VZEMtPwKdfvR1M 1 1
VgEQOk4HVlpfZM 1 1
VpOObxqfW_mYmM 1 1
VuLHlKAgkhOiRM 1 1
W06PnG12H5SnMM 1 1
W13oMIxtOXoHeM 0 0
W1JdtetTFc75eM 0 0
W9_Nquy1evIBMM 1 1
WAiD-hmEaFWrIM 1 1
WD1ncg-dbFhdiM 1 1
WDm4BSwcIefsxM 0 0
WEMwjYV3BYnpMM 1 1
WFAoJHe0ndSbFM 0 0
WJzYu8zPEfZcHM 1 1
WKRb4EY43ruaxM 1 1
WKpVotHRUeaMPM 1 1
WMxqF4wC5pBZSM 1 1
WNgsC02Ted9BnM 1 1
WPHlmNiT8XKViM 1 1
W_IKAS6h4CyefM 0 0
Wcslkpxkkh1zIM 0 0
WgNTm-F3roVHaM 1 1
WjqLkuHZvpuP6M 0 0
WnEjXRqTnVr_5M 1 1
WoOBiuPkhSa8yM 1 1
WpA0mQ2M_WOf5M 1 1
X0uBmAbLnklHUM 1 1
X8kDPEChsQGsVM 1 1
X9Uod-qlxhNaFM 0 0
XD25t9bXomCQPM 1 1
XFPbD2KrWA68-M 1 1
XGj_EGeNPuz7GM 0 0
XLvdQ5kdPKYlQM 0 0
XNXMXpNzejR4zM 1 1
XRV6F4zRJgyM3M 1 1
XVjgA_yIzGCMsM 1 1
XVmABTYtlsl8uM 1 1
X_Igj-4xlesFpM 1 1
XfRGIp1VUz_UvM 1 1
Xu0X9C6NcAMWlM 1 1
Xv50OTc5NEAovM 1 1
Y2OqU6C_r53HEM 1 1
Y6Ve7IG1yiZ32M 0 0
Y7UesJtjSsStoM 0 0
Y8y5JM-YW_5PjM 1 1
YBB_Lgb6zUHVhM 0 0
YDQYgZDEKkDDMM 1 1
YDflrR1pHu6HHM 1 1
YF0c5BG2hPzo8M 1 1
YS0_Q76AjiBvzM 0 0
YS3CYvTna3Q93M 0 0
YTSwb1M2DpON_M 1 1
YXSf0c7r_RrMVM 1 1
Y_GQZOESSyBYpM 1 1
Yblovsb45ZMrbM 1 1
YfI9f1n6dAtwfM 1 1
YmHWa0NvLsDYpM 0 0
YpN83aMhXP3gkM 1 1
YsEbhGBTZFp8TM 1 1
YvJBwnrGlurOHM 1 1
YxE0hgJijW3ZmM 1 1
Z-DMig0PSInv7M 0 0
Z0GHJCI0B83EnM 1 1
ZEs6P0RyRExfSM 1 1
ZGvvFnYG5F8YJM 0 0
ZHR5yUaFt-nt0M 0 0
ZJCO8MwBLMcLpM 0 0
ZSLQijsYNfe6RM 0 0
ZStQiP7niHRCMM 0 0
ZUmB5PsIU0BN5M 1 1
ZVBT0dIldHyR2M 1 1
Z_MU_gqv5bWdFM 0 0
Z_V3z-_cI2fdgM 1 1
ZbkWxg-tVewoPM 0 0
ZdYvAFgF5ej2OM 1 1
ZfL6njTTRzLtjM 1 1
ZfLvmLHJwAP6oM 1 1
Zfe8-rN5-syRuM 1 1
ZgLSfdeEoP3CBM 1 1
ZgO4_WA4CW-2qM 1 1
Zm7fR31PTNWJsM 0 0
Zp5EURWoAWs3DM 0 0
ZrZEGInRU_z5gM 1 1
ZsCXPFhtpFMMwM 1 1
ZuoPRhGQQj47AM 0 0
_5O-gZEp5hs3IM 0 0
_E6GGspvAhezLM 0 0
_I2ALVyISOJpyM 0 0
_I8SF9MPLV0RyM 1 1
_IjUXD1hVX5ByM 0 0
_Mqphf9QkDw7IM 1 1
_QeBHv0qYl3ibM 0 0
_T2Gff8sjAcJaM 1 1
_ZO41K_w0_E4RM 0 0
__ndc3-HQ5gflM 1 1
_gO3l24GjGCq8M 1 1
_k9y3k-R40UhRM 0 0
_sh8Or_jNMQI1M 1 1
_tc1Y38eP1GK-M 1 1
_x9gNid3mRMgTM 0 0
_zYbfDJ2QsCV_M 0 0
a-_1wbWN1Cb-hM 0 0
a2yp6Mc3x8nDeM 1 1
aD6iCBWKfCaimM 1 1
aEcubJVppn10PM 1 1
aIl1zxk8d4py8M 0 0
aLbmz6kRiFauPM 0 0
aOOh-7N68YGK4M 1 1
aQvqjYHPyA_LRM 0 0
aUiJr79tsa7vJM 0 0
aWFui04SPQt18M 1 1
aXqmg_DdYp9cuM 1 1
aZEWhdiUVWPz4M 0 0
aZV1KPfk9rgc4M 1 1
abKIciC_ShGKbM 1 1
aig1aF4S15jXyM 0 0
aj1FHGF4ukf1HM 0 0
anmLjlFSJPWVUM 0 0
aqBPZtizdIyI-M 0 0
aqi1dV-M0xlSSM 1 1
b-YiZDjqnG7oBM 1 1
b-vvOEk5XOKUCM 1 1
b5FYAEaJiYT5nM 1 1
b5ov5_n1zHZ0_M 1 1
b8RDELngJa2xmM 0 0
bDn6mFDiL9LokM 1 1
bGoa7QJyoAfV8M 0 0
bGpczJEz0rRyIM 1 1
bKtJvML5Dp7ocM 0 0
bMs-wuWHv5MJHM 1 1
bN9u9oMCchDyOM 0 0
bRxNK7ojvMMn1M 1 1
bVcxD4I01_cImM 1 1
bVhd3X6H_G-zbM 1 1
bbEDUBR9gKz7MM 1 1
bcCXBPq4jP-NgM 1 1
bhN4Ix3_yeTDKM 1 1
bhUSlotrabqfUM 1 1
biSoQCPzXv26aM 0 0
blChADI-FoXq6M 1 1
bmdoNiGwYpJEcM 1 1
bnIGEL5uUA-HAM 0 0
bnrtwxRzs6wlZM 1 1
bsMZcCkgwyCcsM 1 1
buS2c4EWPGBk4M 1 1
buX2vFto7aUvlM 1 1
by7h2kHqqiVkOM 1 1
c4vlU0e6gppS-M 1 1
c9Ih4SLw_iaP5M 1 1
cAevBr6SYRwBjM 1 1
cC-Fo3QWIN6gRM 1 1
cDY7AMRgJIiq3M 1 1
cMl92G58Upow9M 1 1
cXevHiIQfkCDOM 1 1
cZj7vEp8qOppsM 0 0
c_c9yz-jP_5PYM 1 1
cfs7fLnaTmm8NM 0 0
cgx_SZvOMGmn4M 1 1
ciV3HMkxSxuGEM 0 0
cjcihTZqbfwKJM 1 1
cm3G80pfRUa6hM 0 0
csjCnJpsnKC3mM 0 0
cz6OzHe9Lv-lsM 0 0
d3YuD6IwMbbL_M 1 1
d8fMj5hbXnx8bM 0 0
dA6F7j4h5ycp5M 1 1
dHoa_H43FPMFQM 1 1
dIrzFCyNxuhs-M 1 1
dNKfuxsQM6rC0M 1 1
dTk8dqa1-00VtM 1 1
dU-PpcLwVDVtLM 1 1
dXoxnlCBZZJw9M 1 1
dZXY8vNm-a-mrM 1 1
dawRtkVXyfXpuM 1 1
dcUt_Uuco62xCM 0 0
deHYvUlvGkv_eM 0 0
df3VMShXGyyStM 1 1
dfXZGdgwK9JeDM 1 1
dfi4n0lXB1aCZM 0 0
dfikZpWvPB15LM 0 0
ds2_gnuPDye85M 0 0
dsmChDZWN2r0cM 0 0
duVgch7c8MT5jM 1 1
e3Ovi2CARjTzTM 0 0
e7Nj5m2SiDj8_M 0 0
e9IzzLKqkkRp8M 0 0
e9LAVyZiQ1ffsM 1 1
eBnYpjLDZ1j0JM 1 1
eG9ZHdOuyws41M 0 0
eGSRza6P7VurfM 1 1
eLeLUrY2ITBl4M 0 0
eONZTCTuI0gnCM 1 1
eVQ4mBkE9sSvDM 0 0
e_0t9SyTEPBraM 0 0
eaXkWgVr0ytKvM 0 0
edNuSbsYAAWthM 0 0
efMiG8shUArBwM 1 1
ejLAN-xLYT42cM 1 1
elBTriIfbmhkiM 0 0
elOHIcE83WzgIM 1 1
eohE-c2HWa2rWM 1 1
eqJrV3lstwPemM 1 1
es41t3eLSVZwpM 0 0
f0YbX1zQu56CVM 1 1
f1ov0NdFX_HZPM 0 0
f2SvZ7QHgMjlzM 1 1
f6cFGyj2BxFUWM 0 0
fB4YTAV8DG9sQM 1 1
fCkFKObvLh-w8M 0 0
fGD2fxQnoME_-M 1 1
fSmZ6yN7U6SVHM 1 1
fVuW1hV_uVZGpM 1 1
fYUcmZbXobhXcM 0 0
fZDfg5P6NYoFYM 1 1
f_ZVdQUNrvCAfM 1 1
f_xVw-tEuOp4kM 1 1
faTggVvX9ukxGM 0 0
fjg6Vq8BLnHEHM 1 1
fn0VE9hO7TZfFM 1 1
fqTtY_DCyAuqDM 1 1
fsMWa84wtnMR6M 0 0
fuG_kzTkKhbegM 0 0
g6x8Jcmqj-u4yM 0 0
gBY9SH9JxsMF1M 0 0
gCwZljGAAEWpfM 1 1
gE5PykQ85hJsqM 1 1
gKAC_tZDlV7AQM 0 0
gR4F_VA-J6vydM 1 1
gSE59phtBtsnYM 0 0
gUFUbvFpIzcGcM 1 1
gUqUpNEGrH1plM 1 1
gYV7DHbz8bB8yM 1 1
g_QBE-MQuifa0M 1 1
gcuBFhEGSM9YFM 1 1
gemFFJGLGiWOUM 1 1
gfaYrd8DqnttIM 0 0
gfjKHD72-CiMOM 1 1
gk-B4hVWeORvHM 1 1
goXW1CkJaCEUeM 0 0
gzxhrdQX9C3DqM 0 0
h1hjSU4Ggh8pCM 1 1
h32VtgbQ9A_hFM 1 1
h3hoW40aSxMoKM 0 0
h4tk7JhQagcQMM 1 1
h5RPg7InDqx1nM 1 1
h6jKpEtUPug5sM 1 1
h803K0eYC3L9DM 1 1
h9QtIvJ18eeoZM 1 1
hDXf-0KNIiw6bM 1 1
hGrGoTFkw0ux5M 1 1
hP9EcRg6NYrsPM 0 0
hUbiiIzzFq78kM 1 1
hWK3BJNMlY41pM 1 1
hXNewzzl0D42aM 0 0
hYDD6lyrNRcu1M 0 0
hdx6vUxo9kRETM 1 1
he9Fbywclw16kM 0 0
hfk8_ky11JAgIM 1 1
hl4cnuTBgSv-KM 1 1
hqQ3ACF1r-Q-NM 0 0
htrlVxeKg3_2eM 0 0
hwCrYeRI7M4l5M 0 0
hwkHCwx4wpZP7M 1 1
i0is304UaeMBYM 1 1
i4bvnanMccq9HM 0 0
iCpedgR1oJ1ztM 0 0
iFw_l0n_pdZa4M 0 0
iGMrz1iBWTKjHM 0 0
iHr2ob1QlEpWwM 0 0
iIJ7NfhrxhLMzM 1 1
iK-J1iO9tHuXvM 0 0
iK5VcTgo8DoUzM 0 0
iKYb2IpRWFhAdM 0 0
iKkKqlxrnX9CFM 1 1
iL0KPFBOn8pMBM 0 0
iOF5t3a7NAey6M 1 1
iPpwmxrJ3Ck_gM 1 1
iROfyrBTDX2q9M 0 0
iRncOVhljsSCgM 1 1
iSH_EohexRI6fM 1 1
iVcF1FFe65Q3SM 1 1
iZOgii86LhgpOM 1 1
iby7xSK_tYakQM 0 0
ijhkniidWgedPM 1 1
ikWPKhc_vq-t_M 1 1
j-2KgUS5UBoQzM 0 0
j9l_rhXMIlnG4M 0 0
jHUiYgmpE5K1LM 1 1
jLfiuGsqutm-_M 1 1
jNMI0IKHL6UoIM 1 1
jRJU4Q9NuIxvMM 0 0
jXpXwEWY-yxlDM 1 1
jfE2d2i2oyBxEM 1 1
jfLYcxhs4nOunM 0 0
jibCibPsOsvEiM 1 1
jjmwyA-xnd6tnM 0 0
jluHRe9RiYxuwM 0 0
jtVl-dZGocedrM 0 0
k09x5PuW_3HnTM 1 1
k5osmiPiQE7drM 1 1
k6aJVLRFx29o2M 1 1
kFA8p6ovWLdfbM 1 1
kFkozgRZoNsdFM 0 0
kIyTHd_hL6Dy0M 1 1
kJ_VDp7eYJC63M 1 1
kJzBnlA27jvuDM 0 0
kMPKQ8JgATyY3M 1 1
kN15n-K_RhlM5M 1 1
kQ99zcRwK94CbM 1 1
kQKqnub09FkoMM 1 1
kSkZ2VQXErfPUM 0 0
kemB1b1LY5rP7M 0 0
knzAj7CCYHSDBM 1 1
kvCqqYr6_2xMzM 0 0
kxZK4VqHAdSDpM 1 1
kznWlvhcF_WrBM 1 1
l040neN_zRmMtM 1 1
l5Pe5MDu42xr9M 1 1
l61OyTU4uRpURM 1 1
l9IRx9A5WAoPJM 0 0
lD3j7tiYOnqUMM 1 1
lKhlJ_nXFFAdCM 0 0
lL3CnE4hPkQnRM 0 0
lNdV2pkOVAcNBM 0 0
lOgNDmAMGsDiKM 1 1
lV2gDHZuo7jhhM 1 1
lW6Z8LINMI6PHM 1 1
lXHrQN8i8g9SHM 1 1
laa77bxE2PxL8M 0 0
laf2oeYW1n1SbM 1 1
lc7_oyOmEV5ZlM 0 0
lfdvA1HcRK_uhM 0 0
lopsMJyZowLEIM 1 1
luZ-yaT6i0zGmM 0 0
luxLTG99Dka9mM 1 1
lvrnVhn3wQSoXM 1 1
ly0Evinc26pg5M 1 1
m4lrrP8ojTGDPM 0 0
m4qKwi5X_CLCPM 1 1
m6HrXAcm5LeSbM 1 1
m6z6QmDraUxpSM 1 1
mAz21NeHJHWcKM 0 0
mDIx6BQwM-GPCM 0 0
mFCTPG3QmyL8nM 1 1
mGdkSbAShzTKCM 0 0
mSp7f5vCQNE4RM 1 1
mT5y-BsUYxqSyM 0 0
mbO8ccn-AiPvHM 0 0
mdoE4_LSdv8YFM 0 0
mhRGNpyXxq-HGM 1 1
mjRmWwxSE_vixM 1 1
mkr3h__AZTX2OM 0 0
moKkLGPfxpCa4M 0 0
mprlKlimWZp_jM 1 1
msk3D0Y-2lIwqM 1 1
mts3vNNxX6cgsM 0 0
mty6m4bkQA3nrM 1 1
mvNGYY7oZaw21M 0 0
n4KGNumVKYfYpM 0 0
n76SovS2IB_YtM 1 1
nAepFafvRC7X0M 0 0
nD-rk272aJwwxM 0 0
nHu0h_WjYKy88M 0 0
nIZlZRsPFYP2bM 0 0
nIc5xAPhebTeFM 0 0
nN2cwZQ1Jt-z9M 0 0
nNv_NJvOj1V2dM 1 1
nQHr8Wx_Tg1VgM 0 0
nS_nsEceeh1GnM 0 0
nV3owwo5NdlLfM 0 0
ndVnTocbTOkwaM 0 0
nhS_razdW0PXJM 1 1
nkuvf-x88Lks8M 1 1
nlnaHVZ-yaPamM 1 1
npOpUs64oq1a1M 1 1
nuN71L0DRR4cKM 0 0
o3GVsVj1rLXDgM 1 1
o4z7iDmVaXIJ4M 0 0
o7undRfwu4GpvM 0 0
oAHVqi3Qcs4rtM 1 1
oBjbMZWj2KI3KM 1 1
oPEDjJaaY7NXVM 1 1
oPWVBajrtPwo5M 1 1
oUoqqlah1dcJlM 0 0
oVHqyyq8u2HbRM 0 0
oVgk2selh4TEoM 1 1
oYuz34g96BdzfM 0 0
ocgUm9CTMQdVxM 0 0
oeceKLhhQvZEWM 1 1
oh9lk88foQ6onM 0 0
ot81oAnT1aVKCM 1 1
ouwXHOABdSMh0M 1 1
p2OWm75_g3MN9M 1 1
p5BsW73jXLcrnM 1 1
p9CrMs6YMNrzoM 1 1
pACjwwFnUhZVsM 0 0
pB6zAhNaciB3ZM 1 1
pSBFcpneYKwYIM 0 0
p_zTAt1aIIuILM 1 1
pkGdEGLjIKp4GM 0 0
pk_aj-rQKWS-dM 0 0
pqa8ycxHhGhTQM 1 1
ptAkEaO7RLhkwM 1 1
pxA22brAyEPiSM 1 1
q-2zAKr6jfg-7M 1 1
q3rDpe12sMA0aM 0 0
q4Ul7dSglSjO4M 0 0
q5vhnwg3O3x4TM 1 1
q6gBaVGGFw_tSM 0 0
q6nPzWiLiU6EoM 1 1
q9rMHx3mGTViFM 1 1
q9wJRzAy9fpmUM 0 0
qMD6brGn-tMY2M 1 1
qNILtISGrzmJ2M 1 1
qSjqjzQOmY7vJM 1 1
qT9lzt3tXVNNTM 1 1
qTMGDtwJzI--uM 1 1
qTgbSpSZzHjrkM 1 1
qVgcZofGVU5mtM 1 1
qgm_a2WD04-ibM 0 0
qiPj5gNe0aSaPM 1 1
qlqE2abVC02CGM 0 0
qnogCTCBGeuiGM 1 1
qroWbNm_wYSl7M 1 1
qvxS5aSyzAiRoM 0 0
qwZDsy8Fb8mpeM 0 0
qzsnAxveVdPDNM 1 1
r0sVzxQbfnHR7M 0 0
r38mrKxsVoZyOM 0 0
r7MMV_UwKU9-mM 1 1
r8oVpQgsl-UkpM 1 1
rBfDPizheas7YM 1 1
rGwTZpaOo4OLBM 0 0
rHbOVSRqyLKP-M 1 1
rIPobXBlrAOZiM 1 1
rIRfVAw9qvBUHM 0 0
rJ17IHz2bKPG6M 0 0
rTrLB05RXzR2WM 1 1
rUp5pZhfGzFWgM 0 0
rb4sugTPo2QnrM 0 0
rcZ2XcAF0DzKoM 0 0
rdyXYxU5Ga83KM 1 1
rjNPxWoimFUSgM 1 1
rmwAQV_dDwL_8M 1 1
rnDMtEbr9I_RoM 0 0
rnYlf5UA8FnvUM 1 1
rpLRIdib07l1kM 0 0
rqOula5E7hlBaM 1 1
rqw0eRjCNHy3aM 1 1
rsjKazm5EjNOKM 1 1
rtmWJs7IFhjhLM 0 0
rtwYm8_z9mSO0M 1 1
s1kdB3PpNCfokM 1 1
s3DvjU8109XBHM 1 1
s6poTT0V1rsxSM 0 0
s73gF7I7eQOZkM 1 1
s7wUcgOAogsHRM 1 1
s8AFWHDYlAlTSM 0 0
sA_oUCUkajUWTM 1 1
sC-0o_Y3eAOLuM 1 1
sMoWjmCSe6K8dM 1 1
sOCbxx0uYSpWIM 1 1
sOWnDRhdQp5MKM 0 0
sUWwI7mT7aRUUM 0 0
shM2zP9rsbjLDM 0 0
sleCALvxHwKVpM 0 0
sq1rC7zd3_O7iM 1 1
srjjfDQcKVNNiM 1 1
svQVhqOHHXMYhM 0 0
t-A0QP7UwHi8DM 1 1
t2Cg5sO4R1qSZM 1 1
t5iypKj_VFH4kM 1 1
t6TGzuOTTsndMM 1 1
tJPkBHH2hUylLM 1 1
tK-Ocxxr-6PcFM 1 1
tLtw4O61zKXnSM 1 1
tMpbx-ygpoikJM 0 0
tNhejH2nnjkIyM 1 1
tOID9SlZLlyxEM 1 1
tQEFPRChSSHovM 1 1
tTgYWB102kBrVM 0 0
tWfqZZOJyBoFkM 1 1
tg7Pda0TD6nawM 0 0
thFui3HvMMmYvM 1 1
tizkA7Sw13kw5M 1 1
tmVnmBGU_14-NM 0 0
trx3uYs4AmZJWM 0 0
tufi2h1hUEsYFM 1 1
txC5Ifb_1PAtPM 1 1
u1_8mKJTaiaOsM 1 1
u1jHmSDz2ciE-M 0 0
u6Dlepy5jSpOSM 1 1
u6pHpA4F_SQOLM 1 1
u90L8c-QV6YpGM 1 1
uQWTm17dqdjcmM 0 0
uUaOdBWGcbtSDM 0 0
uaamjf0a-asamM 1 1
ucoqqIkfjdKWrM 1 1
ucvar7DFTMaeZM 0 0
ueQaqGr7ca65GM 1 1
ugD5cEtGappjrM 0 0
ugchlM5L9xijwM 0 0
ui5zJ_pfnZ2vyM 1 1
ulC9zUhrcYs_fM 1 1
unB8BRRdD17cdM 0 0
unn-x9MkcUXn3M 1 1
uoyUiCn1SGlOmM 1 1
uqMGpxhN569C5M 1 1
urGdUIHhuTEeMM 1 1
uzNcOoQFW505kM 1 1
v0Qv_ZlD6_zjBM 1 1
v4O5XkXmZjskAM 0 0
v6Hot52tbvOlSM 0 0
v98iE8W2Yoc7_M 0 0
vBXaz_OaEOOEoM 1 1
vCpeF2iboCwriM 1 1
vCqlQY2hNSCg6M 1 1
vCx5coA7vmr6DM 1 1
vFGr6TKaIgcGJM 0 0
vGg9YLfFs3KEvM 0 0
vHF58hTviiNaTM 1 1
vJJvKkh0vUUniM 0 0
vKGA62_-C1JZ5M 0 0
vS44LF4IPA_mBM 0 0
vVu0ubaY8c9PtM 1 1
vWTF-TcFWvkUYM 1 1
vXKZqJodKw2UyM 1 1
w-Sj-I6zGqH1DM 0 0
w3sYcKzMGM1uCM 1 1
w94xwNCKVux1eM 1 1
w95-4oaVYlVY_M 0 0
wI2Ip8oAtOw3xM 0 0
wOXUYsWkAWPRQM 0 0
wOcIMnAnH2CmkM 0 0
wWGVeEZ-pD63WM 0 0
waVxZB096kdGuM 0 0
waqpfjysLXN4CM 0 0
wd6bjHVVHZ0zmM 1 1
weVgQDRaMpqmZM 1 1
wo3TVLybDG6gLM 1 1
wvhFnoZV1lPWYM 1 1
x8qL1zI_1gypLM 1 1
xAIPf3HkweJ6eM 0 0
xAUTQwQHK3r5OM 1 1
xBhPwGJ9V5m_PM 1 1
xC-LlOjsjwspXM 0 0
xCNjhwz5OzuRZM 0 0
xC_gR7DKXDvJmM 1 1
xGIXtznWvnZVdM 1 1
xO0HQYZaz7uLTM 1 1
xWeHou4v_AhR4M 0 0
xajXa-pQwMs5WM 1 1
xaxqCAeVv_IWwM 1 1
xoGXTcm8QhnbaM 1 1
xpkjvPfnD3gcuM 0 0
xt1zY4JPnAqq-M 0 0
y2oBvl14Ch2csM 1 1
yAKnF5SP444ZFM 1 1
yE5WH3qOGq3_cM 0 0
yEcl9Rw1fymPrM 1 1
yFUkD9ZKD0A0UM 1 1
yNOgw_4EIPK35M 0 0
yVl-jlhP7yoBsM 0 0
yWWPz7XF3josVM 1 1
yatU8grjQxfVrM 0 0
yb3KGeBVJ8rFOM 0 0
ygJUvhq3iDkNMM 1 1
yiYDSrh39ReFDM 1 1
yptqk7ZTBBITSM 1 1
yuzIBBzSDXASSM 0 0
yxf6AwEteMBJ-M 0 0
yy0kKre5ivvTRM 1 1
z0ksVpaYSbM9NM 0 0
z2b3GkGGEmJqmM 0 0
zJ8kt03tL1qLnM 0 0
zN8VI-n0_63OpM 1 1
zNOhy-J0ZgLobM 1 1
zOMHAuMiIQYIxM 0 0
zQi-HFSe6XfP_M 0 0
zUG_TIxagLl_7M 1 1
zUsm5Sw4_7k5LM 0 0
z_xLVsD-jTHIZM 0 0
zb1nubcrjMqQ5M 0 0
zbsPte-Unkiy0M 0 0
zfdnole5XVWhuM 1 1
zkUoXvUprQG_MM 0 0
zoAS2lJhlxcYLM 1 1
zrGsxGo63xvWVM 0 0
zsr5HVOAOrdf4M 1 1
ztNvkwSVo_4HKM 1 1
zuKRNTtyDwxqqM 1 1
