-BIpy1kbxvdPNM 1 1
-Srmxf1vf1Wc1M 1 1
-X9WtuPpPyZyBM 1 1
-jPGn-DsG8rGiM 1 1
-ne_yfqrZAraHM 1 1
-pSkIVCd8bT-nM 1 1
-qJYeTA1jUceqM 1 1
-w9dMDaSvZYsOM 1 1
-xWDIbX9rsdiDM 1 1
-yv59mtupMbMdM 1 1
020NI_4miHmpEM 1 1
07PO9jKvs2ydhM 1 1
0K66-OjZtNQ3WM 1 1
0PS1J5FaQJm1EM 1 1
0UhdqhEoZAL4yM 1 1
0Y-ktxWCee0YVM 1 1
0Yj0eIJCZITCNM 1 1
0Z8Ct8EqbM5_zM 1 1
0ZYnTXUx4H1ilM 1 1
0hkOvJhDaJgtfM 1 1
0vY-Z6z80VGQPM 1 1
0wMDzvAM6zXK9M 0 0
10001342613 1 1
10018579035 0 0
10065665025 1 1
10142282 1 1
102245809 1 1
10255382736 1 1
1030483705 0 0
10402737503 1 1
10415324644 1 1
104775283 1 1
10506263 1 1
10535674903 1 1
10582174425 1 1
10582477835 1 1
10635254915 0 0
1066442702 1 1
10708808855 1 1
10714523536 1 1
10745219675 1 1
1075226585 1 1
1077509977 0 0
10826974913 0 0
108793225 1 1
10926012 1 1
10926054 1 1
10931237215 1 1
10961472935 1 1
11003603956 1 1
11051407863 1 1
111814321 1 1
11183439 1 1
1120520495 1 1
1121362094 1 1
11348166735 1 1
114504241 1 1
11519150 1 1
115595226 1 1
1160959422 1 1
1166215910 1 1
11678943043 1 1
118414690 1 1
11905076923 1 1
11974172354 1 1
12038770094 1 1
1204234263 1 1
12153255974 1 1
12202915164 1 1
12202916184 1 1
12202916824 1 1
12203079246 1 1
12203080956 1 1
1234211174 1 1
1245272630 1 1
124794463 1 1
12493692413 1 1
12562968454 0 0
1259499097 0 0
1263462574 1 1
12641017824 0 0
12853234134 1 1
129602927 1 1
12RRVvgcAsh95M 1 1
1305316846 1 1
13053197105 1 1
13053336253 1 1
13053339153 1 1
13053509804 1 1
13053510814 1 1
131456626 1 1
13187728 1 1
133841973 1 1
1347487165 1 1
13474913833 1 1
1347557872 1 1
13477054253 0 0
1348442435 1 1
134929237 0 0
13589445665 1 1
13589489993 1 1
13651606645 1 1
1367860 1 1
13740585114 1 1
13837008934 1 1
1387196783 1 1
13919671223 1 1
1398982185 1 1
140477188 1 1
14050351440 1 1
140628912 0 0
14065841467 1 1
14075475600 1 1
14177975396 0 0
1419714525 1 1
14229263016 1 1
14229281346 1 1
14235982906 0 0
14239225410 1 1
142465166 1 1
14267251988 1 1
14305744755 0 0
143296224 1 1
14336716308 1 1
14338541067 1 1
14352126201 1 1
14382234326 1 1
143940274 1 1
14405124225 1 1
14415135864 1 1
14459266810 0 0
144673028 1 1
145325772 1 1
145457645 1 1
145861133 0 0
14591766294 1 1
146738187 1 1
146738195 1 1
146738199 1 1
14717193361 1 1
14765526518 0 0
1477922302 1 1
14801445796 1 1
1480462021 1 1
14824208399 1 1
14831549041 0 0
148340605 0 0
14868950425 1 1
1492550899 1 1
14940567308 1 1
150194163 1 1
15056018056 1 1
15070650907 1 1
15076004901 1 1
1508751489 1 1
1508761839 1 1
15111023418 1 1
151449957 1 1
15158279565 1 1
15163432727 1 1
15208911493 1 1
152154599 1 1
15255749521 1 1
1528946140 0 0
153303476 1 1
15371185278 1 1
15371273247 1 1
15445451196 1 1
1546447254 1 1
15464825943 1 1
155439107 1 1
15564198130 1 1
15602119668 1 1
15605538680 1 1
15622238779 1 1
15651732029 0 0
15651794906 0 0
15660298196 1 1
15715671719 1 1
15724957917 1 1
1576481579 1 1
1577363714 1 1
15816811734 1 1
1583407873 1 1
15873192559 1 1
15884688780 1 1
15930252120 0 0
15934853337 1 1
15960591896 1 1
15998884 1 1
16157453161 1 1
16162408499 0 0
16186908580 1 1
16195190212 1 1
16196037469 1 1
16211017529 1 1
16224800319 1 1
16226157315 1 1
16255344976 1 1
16311935862 1 1
163272571 1 1
16356663517 1 1
16358373060 0 0
16377258000 1 1
1641502362 1 1
16426811222 1 1
16430729818 1 1
16438883738 1 1
16448074736 1 1
16457086056 1 1
16500091501 1 1
1650084 1 1
166093047 1 1
16687744174 0 0
167801818 1 1
16807355205 0 0
169428407 1 1
16947261536 1 1
17136653102 1 1
17140636 1 1
17170718405 1 1
17288938781 1 1
1731288717 1 1
17332348 1 1
17375547302 1 1
1746184705 0 0
1746196547 1 1
17629990 1 1
17650505344 0 0
17652567783 1 1
17652574363 1 1
1768339054 1 1
17980683323 1 1
1808103818 1 1
18085290288 1 1
18085317928 1 1
18085337938 1 1
18085344118 1 1
18086940359 1 1
18269329852 1 1
18274462341 1 1
18274527781 0 0
1833752185 1 1
1836630922 1 1
1838195932 1 1
18587906 1 1
188647597 1 1
1896839866 1 1
19098120 1 1
1931664020 1 1
19361327 1 1
1940680749 1 1
1943536594 1 1
1945032121 1 1
194539263 1 1
195245495 1 1
19585232780 1 1
196356740 1 1
19745689553 1 1
19bLz6uE8FhGxM 1 1
1BIrzZFA61CEzM 1 1
1Vnw6_YcaSG7jM 1 1
1WopZTuByqsMJM 1 1
1XOus6rXnpBOhM 1 1
1bmzPUjkXe9yjM 1 1
1l-WrjXBbwwbPM 1 1
1lnlxKACwwRRmM 1 1
200196748 1 1
20021233815 1 1
201131415 1 1
202473551 1 1
20362202991 1 1
2043531014 1 1
2043641301 1 1
2048910986 1 1
2050949375 1 1
2051561786 1 1
2055645345 1 1
2060397766 1 1
2067821532 1 1
208351151 1 1
2085520760 1 1
2088779689 1 1
2089175902 0 0
2090829637 1 1
2091282495 1 1
2117112350 1 1
2123596396 1 1
2127446674 1 1
213080387 1 1
2133622556 1 1
2135474071 1 1
213624799 1 1
2144284003 1 1
2146216303 1 1
21539471 1 1
2157519447 1 1
2158210643 1 1
2159001994 1 1
2159007674 1 1
2168222655 1 1
2168285483 1 1
2173219242 1 1
21752626520 1 1
2177439939 1 1
2182543542 1 1
21903050344 1 1
2195810417 1 1
2196391575 1 1
2199642731 1 1
2207854153 1 1
220936351 1 1
2215294398 1 1
2223638354 1 1
2225900419 1 1
222877433 1 1
22298288234 1 1
2233621659 1 1
223981375 1 1
2240076118 1 1
2240128236 1 1
2249467553 1 1
2250265550 0 0
2250267320 1 1
22550207611 1 1
2256655115 1 1
2257863824 1 1
22646654 1 1
2271509665 1 1
2272302164 1 1
22818561342 0 0
2286032830 1 1
2294548326 1 1
2302140208 1 1
2306402150 1 1
2306799211 1 1
2307910004 1 1
231294555 1 1
231294692 1 1
231294803 1 1
2313441031 1 1
2315456284 1 1
2317905954 1 1
2320914166 1 1
2330520016 1 1
233368749 1 1
233388876 1 1
23352901106 1 1
2335419702 0 0
2336574516 1 1
2338429667 1 1
2338880218 1 1
234455943 1 1
23513227 1 1
2352013685 0 0
235829135 1 1
2361957932 1 1
2363703801 1 1
23642143859 1 1
2372282340 1 1
2374538161 1 1
2375670909 1 1
2376402655 1 1
2377081149 1 1
2389412487 1 1
24018089846 1 1
2402981058 1 1
2407988330 1 1
2408720744 1 1
2412149406 1 1
2412155994 1 1
2412811501 1 1
2415230391 1 1
2417688689 1 1
2422488920 1 1
2423452394 1 1
2427053861 1 1
2427862240 1 1
2428128057 1 1
2428129945 1 1
2433457618 1 1
244107534 1 1
2441975533 1 1
2441981205 1 1
2444968021 1 1
244737168 1 1
2453112532 0 0
2454468886 1 1
24579385812 1 1
2458367520 1 1
2467285691 1 1
2469830757 1 1
2470617317 1 1
2471834560 1 1
2472806495 1 1
24801451012 1 1
2486776097 1 1
249051355 1 1
2491070965 1 1
2491885142 1 1
2491889150 1 1
2503674582 1 1
25055404581 1 1
25069632719 0 0
2510415575 1 1
2510435037 1 1
2510442575 1 1
2511270268 1 1
2512626565 1 1
2514084963 1 1
251840424 1 1
25212099674 1 1
25255248589 1 1
2543910833 1 1
2545822226 1 1
2549701980 1 1
2555429 1 1
256021954 0 0
2560663271 1 1
2561446609 1 1
2561901536 0 0
25619202724 1 1
2567710207 1 1
2567925270 0 0
2569309444 1 1
257790111 1 1
2582643387 1 1
2584923563 1 1
2586573107 0 0
2589059730 1 1
25906758456 1 1
2592954485 1 1
2593955438 1 1
26056672334 1 1
26056672434 1 1
2613550053 1 1
2614096967 0 0
261825981 1 1
262437601 1 1
263994089 1 1
26399950203 1 1
26405688263 0 0
2642435319 1 1
264957943 1 1
26508800025 1 1
2651622723 0 0
26542077083 1 1
2660043704 1 1
26602507583 1 1
266513061 1 1
26678713323 1 1
2669090788 1 1
267472366 1 1
2680148463 1 1
2680148879 1 1
2680965722 1 1
26847541211 1 1
268658276 1 1
268658429 1 1
26872246992 1 1
2694276819 1 1
269850641 1 1
26Aua7X65_6mzM 1 1
27169819 1 1
27195953132 1 1
2725931446 1 1
2728174558 1 1
2729101747 1 1
2731952972 0 0
273259307 1 1
2732850411 1 1
2733679098 1 1
27347487366 0 0
2746958527 1 1
275616165 1 1
275662601 0 0
2761975233 1 1
2764745945 1 1
2775103831 1 1
2775536325 1 1
2777621250 1 1
2781825933 1 1
2791892817 1 1
2795102671 1 1
2795311366 1 1
27V9NbHHZJFy1M 1 1
2810415480 1 1
2810846412 0 0
2812084266 1 1
2813601440 1 1
2813950357 1 1
2823632217 1 1
2825288649 1 1
2826590659 1 1
2826591015 1 1
2827428136 1 1
2827446580 0 0
2828104413 1 1
2828942028 1 1
28313689 1 1
28346351 1 1
28346352 1 1
2855090255 1 1
2855925732 1 1
285824183 1 1
2864533607 1 1
2870081780 1 1
2871950154 1 1
2872651687 1 1
2886890851 1 1
2888255701 1 1
2896061517 1 1
290019036 1 1
2923974105 1 1
2926470965 1 1
2926688365 0 0
29269767 1 1
2930003722 1 1
2930182120 1 1
2932792931 1 1
293433591 1 1
29388352 1 1
2940057546 1 1
29457123 1 1
29457427 0 0
295069950 1 1
296420069 1 1
2970481695 1 1
2980248565 1 1
2984954199 0 0
2986699989 1 1
2999630915 1 1
2By9vh9NO-xAAM 0 0
2MktucSXGMkoLM 0 0
2RFcV-qeGdJ3CM 1 1
2UU8RnHiops3eM 1 1
2ayFi4KqnYRCCM 1 1
2caUbaCcktV-4M 1 1
2qTpvsKzANXwfM 1 1
2xH2yrkS1l1DlM 1 1
2zumnESzms2i2M 1 1
3-lK2kpuwo0c0M 1 1
301322337 1 1
3014548935 1 1
301649885 1 1
3017587330 1 1
302026969 1 1
302027095 1 1
302027188 1 1
3034269382 1 1
303577344 1 1
303577411 1 1
303577446 1 1
3042261113 1 1
305342852 1 1
3060109064 0 0
3063690540 1 1
306607501 1 1
3067630142 1 1
30753666 1 1
3082942004 1 1
3083602603 1 1
3084380991 1 1
3088063593 1 1
3090598771 1 1
309631395 1 1
311474553 1 1
311526995 1 1
3115912674 1 1
312394371 1 1
3129306913 1 1
313586608 1 1
314110369 1 1
314110529 1 1
314110601 1 1
315063102 1 1
3152331903 1 1
3159703103 1 1
3163530034 1 1
3163812891 1 1
3169920406 1 1
31706914 1 1
31706915 1 1
317087176 1 1
3174790581 1 1
3188298281 1 1
3189427439 1 1
3189532635 1 1
3189898697 1 1
3191045220 0 0
3194832941 0 0
3207711403 1 1
3211017648 1 1
3214021796 1 1
3218127924 1 1
3225070127 1 1
3231392946 1 1
3233903291 1 1
3241703422 1 1
3241870582 1 1
3243189975 1 1
3247605249 1 1
3255047334 1 1
325821799 0 0
3260518973 1 1
3270360693 1 1
327150460 1 1
3271588153 0 0
3287310984 1 1
3291488283 1 1
3293140339 1 1
3295014249 1 1
3295017481 1 1
330161991 1 1
330162135 1 1
3305923788 1 1
3306252590 1 1
3307946683 1 1
3314557795 1 1
331910734 1 1
33242084 1 1
333417234 1 1
3335526265 1 1
333560747 1 1
3337225914 1 1
3338498076 1 1
3349676041 1 1
3351295000 1 1
3354165867 1 1
3368986969 1 1
3369814336 1 1
337134863 1 1
337134924 1 1
3373381395 1 1
337734659 1 1
3388100079 0 0
3392336072 0 0
3404685949 1 1
3407325298 1 1
3410233378 1 1
3420270500 1 1
3421116119 1 1
3426403375 0 0
3426712544 1 1
3427827606 1 1
3431307703 1 1
3436073183 0 0
3453157948 1 1
3454026926 1 1
3469680293 1 1
3470494036 1 1
3478386778 1 1
347961179 1 1
347962307 1 1
347963574 1 1
3481549362 1 1
3481952217 1 1
3481952975 1 1
348321246 1 1
348566194 1 1
3486833420 1 1
3489544552 1 1
3490553265 1 1
349558265 1 1
349558276 1 1
3502130160 0 0
3508072 1 1
3510964816 1 1
3513297579 1 1
3513297657 1 1
3513300687 1 1
3513301245 1 1
3513301255 1 1
3513302277 1 1
3514106352 0 0
3514106390 1 1
3514106430 1 1
3514109462 1 1
3514109486 1 1
3514110034 1 1
3514110070 1 1
3514110964 1 1
3514483176 1 1
3524655592 1 1
3524883904 1 1
35266649 1 1
35410429 1 1
3550889221 1 1
355357236 1 1
3561007483 0 0
3562928345 1 1
3563083284 1 1
3569044051 1 1
3571201528 1 1
3573027827 1 1
357306163 1 1
3586413307 0 0
3592259791 1 1
3599400315 1 1
362710519 1 1
3629604891 1 1
3632968953 1 1
363643431 1 1
363645834 1 1
363647477 1 1
363647817 1 1
363660639 1 1
364073740 1 1
3643470419 1 1
3644279088 1 1
36460507 1 1
36460508 1 1
3667250860 1 1
3681260074 1 1
3681260774 1 1
3691415080 1 1
370113473 1 1
370389455 1 1
3713441792 1 1
3713783892 1 1
3738210765 1 1
373965365 1 1
3756230097 1 1
375914579 1 1
375969677 1 1
3770905083 1 1
377258489 0 0
3774533132 1 1
37752800 1 1
3775536917 1 1
3777309263 1 1
3781894127 1 1
3781942088 1 1
3783314696 1 1
3804934698 1 1
3819348003 1 1
3820148194 1 1
382871419 1 1
3829479400 1 1
3829479606 1 1
383836479 1 1
383836853 1 1
3838406389 1 1
384351269 1 1
3849955900 1 1
385211503 1 1
386129093 1 1
3861377349 1 1
3862340653 1 1
386598391 1 1
3871171628 0 0
387439581 1 1
388049949 1 1
3887908421 1 1
3888827982 1 1
390331338 1 1
3923040205 0 0
3928675349 1 1
3930737632 1 1
3936265665 1 1
3936351303 1 1
3940143749 1 1
394544820 1 1
3945503288 1 1
3950906337 1 1
395753315 1 1
3962527167 1 1
3973440020 0 0
3980377223 1 1
3982158131 1 1
3982919546 1 1
3984515217 0 0
3986971408 1 1
3991146199 1 1
3991902574 1 1
3997499710 0 0
3999160764 1 1
3AYEXJgTaUQoDM 1 1
3J_w9V2HsRPB_M 1 1
3KUTbPeF3_3msM 0 0
3_kj7EPCMHyOqM 1 1
3bT0DJZz9jhI8M 1 1
3ivCJIrHrJ87VM 1 1
3nvV8z67NscC9M 1 1
3q42SK1EQ_4HXM 1 1
4001479971 0 0
40095032 1 1
4010171353 0 0
4014211294 1 1
4014493705 1 1
4016656699 1 1
4016765608 1 1
401804400 1 1
4022220930 1 1
4022238326 1 1
4022367592 1 1
4030184530 1 1
403384682 1 1
4035751212 1 1
4040273159 1 1
404085600 1 1
4043450926 1 1
4062043729 1 1
4062217696 1 1
4075690315 1 1
408001912 1 1
4084316090 1 1
4092772294 1 1
4100103693 1 1
4103271293 1 1
4120193925 1 1
412939670 1 1
413598228 1 1
4142242612 1 1
4144726817 1 1
4145157026 0 0
4146108909 1 1
4151435920 1 1
4168022733 1 1
4170645440 1 1
417105419 1 1
417339987 1 1
4174476876 1 1
4177885116 1 1
41799373 1 1
4180534917 1 1
4181298900 1 1
4181714791 1 1
4191671582 1 1
41ax0-S1PyKIEM 1 1
4203456551 1 1
420825941 1 1
4228769767 1 1
4229831247 1 1
4234076379 1 1
4237332058 1 1
4237859726 1 1
4248020489 1 1
4254425918 1 1
4261256895 0 0
4262339437 1 1
4273838666 1 1
42816376 1 1
42816452 1 1
4287836483 1 1
4288226177 1 1
4290881847 1 1
4291620398 1 1
4298723582 1 1
42n0QUsTToYTvM 1 1
4314742197 1 1
431833730 1 1
4322863191 1 1
4323644165 1 1
4335895406 1 1
43416201 1 1
4345364400 1 1
4355180 0 0
4360662904 1 1
4368337332 1 1
4368484037 1 1
4370696249 1 1
4378311510 1 1
4385881218 1 1
4389071245 1 1
439119667 1 1
439126418 1 1
4393450302 1 1
4410116941 1 1
4412012299 1 1
44128617 1 1
4414302533 1 1
4420991999 1 1
442208852 1 1
4424882157 1 1
4427901717 0 0
44313334 1 1
4434472948 1 1
443786175 1 1
4439874201 1 1
446469274 1 1
4477293822 1 1
4479522862 1 1
4482491047 1 1
4485379961 1 1
4497031555 1 1
4498337374 1 1
450943951 1 1
451298884 1 1
4513122593 1 1
4528531179 1 1
4529591068 1 1
4531411384 1 1
453330611 1 1
454220133 1 1
4552123420 1 1
4552627310 1 1
45530626 1 1
4567997575 0 0
4574801297 1 1
4580480276 1 1
45847124 1 1
4589148529 1 1
45929248 1 1
4596622609 0 0
4601752169 1 1
460570349 1 1
4610575501 1 1
46232530 1 1
46233293 1 1
4630444358 1 1
4633355891 1 1
4640348623 1 1
4642590310 1 1
4643539331 0 0
464388523 1 1
4662240444 1 1
4682853335 1 1
4683202212 1 1
4696748821 1 1
469823421 1 1
4707061359 1 1
4708411519 1 1
4716116914 1 1
4720993027 1 1
4725360682 1 1
4730530426 0 0
4731683872 1 1
474679690 1 1
475967305 1 1
47600923 1 1
4773061696 1 1
47801079 1 1
4794054422 1 1
4794054724 1 1
479713288 1 1
47rVGAi3ZdJaxM 1 1
4809630239 1 1
4815384698 1 1
4832780532 1 1
483436432 1 1
4841133336 1 1
4842466583 1 1
4842892496 1 1
4872436048 1 1
4882841677 1 1
4884881697 1 1
4889406595 1 1
4901430368 1 1
4907697786 1 1
4909505536 1 1
4913953295 1 1
491528531 1 1
4915942168 1 1
4915964039 1 1
4916570012 1 1
4922587907 1 1
4931361818 1 1
4933868404 1 1
4942637056 1 1
495178006 1 1
4958092703 1 1
4959749795 1 1
4967277330 1 1
4984867450 1 1
4994030142 1 1
4995975610 1 1
4996640220 1 1
49jZ2A-5zLf4DM 1 1
4NxtRWY0aLCCHM 1 1
4NyfFDbXNp1-gM 1 1
4UCvfPfm57ZfbM 1 1
4aaexW74Md0hRM 1 1
4cDSx_L763orhM 1 1
4gfzdq1O-pVHqM 1 1
4k_YA4HQGBeiiM 0 0
4qhfIsjGYbQV-M 1 1
4zl-KBtk609sOM 1 1
5010089005 1 1
5012649453 1 1
5013809226 1 1
5013810086 1 1
5014456101 1 1
501574098 1 1
5039712022 1 1
50438676 1 1
5054585121 1 1
5061928783 1 1
50682402 1 1
5079721444 1 1
5088811374 1 1
510269322 1 1
510366429 1 1
5105287146 1 1
5123915272 0 0
5124398036 1 1
5126816807 0 0
513194471 1 1
5134862 1 1
5154766392 1 1
5156070016 1 1
5159874862 1 1
5163114709 0 0
5163804055 1 1
516718473 1 1
5168435271 1 1
5169843711 1 1
5175037405 1 1
5175646762 1 1
5179396285 0 0
5189134048 1 1
5189274934 0 0
519bR2x0p_l2lM 1 1
5203192065 1 1
5206196188 1 1
520753401 1 1
520799783 1 1
5210750460 1 1
521150445 1 1
5221852411 1 1
5247812000 0 0
5249029444 0 0
525158057 0 0
5253066583 1 1
5253675324 1 1
5257558592 1 1
52594023 1 1
526879758 1 1
5285857993 1 1
5292895076 1 1
5293521349 1 1
5317820857 1 1
53189508 1 1
5339310792 1 1
5347766549 1 1
535234076 1 1
5353436795 1 1
5362797189 1 1
5363803827 1 1
5367184642 1 1
5369743823 1 1
5376317478 1 1
5376968314 1 1
5379149164 1 1
5389369106 1 1
5394811698 1 1
5406525505 1 1
5411603181 1 1
5418495221 1 1
5418495331 1 1
5424093299 1 1
5429689583 1 1
5449945176 1 1
5450108929 1 1
5455056106 1 1
5475113170 1 1
5476075288 1 1
5477642999 1 1
5479627444 1 1
5481296133 0 0
5482445681 0 0
5488714871 1 1
5494506849 1 1
5494506885 0 0
5494507007 1 1
5495958398 1 1
5497261177 1 1
5500237217 1 1
5501507450 1 1
5501818254 1 1
5519798470 1 1
5522011644 0 0
5531674008 1 1
5547113316 0 0
5547983371 1 1
5555820368 1 1
5556168 1 1
5560646557 1 1
5561119563 1 1
5561222350 1 1
5563229323 1 1
5570329931 1 1
5570919264 1 1
55830837 1 1
5583414844 1 1
5585809246 1 1
5597264764 1 1
5599695004 1 1
5615674016 1 1
5617188080 1 1
5643873256 1 1
5647771551 1 1
5650645684 1 1
5661063451 1 1
5681644321 1 1
5683687923 1 1
5684430747 1 1
5686826152 1 1
5692964178 1 1
5693635141 1 1
5703169517 1 1
5707358886 1 1
5717442583 1 1
5731152543 1 1
57390061 1 1
5743819251 1 1
5747248792 1 1
5752797097 1 1
5757481525 1 1
575962580 1 1
5770168042 1 1
57UD9NHrZk5S5M 0 0
5814921739 1 1
5814927147 1 1
5823768928 1 1
5849033017 1 1
5849583949 1 1
5849731382 1 1
5866482215 1 1
5867035144 1 1
5876830738 1 1
5879528013 1 1
5918674595 0 0
5924094734 1 1
5925721467 0 0
5934119938 1 1
5938760471 1 1
5938764579 1 1
5938765959 1 1
5938766253 1 1
5939318098 1 1
5939318432 1 1
5963543423 1 1
5966800221 1 1
5969572316 1 1
5981190865 1 1
5991438295 1 1
59PDcJoCpEQb5M 1 1
5AgNwzkOjOhdLM 1 1
5BPH6x7P-JrErM 1 1
5DEi1KsgM1lfnM 1 1
5HE8_KPx3SKnXM 1 1
5PZPocLeNMZcTM 1 1
5PxKxGklTZiLhM 1 1
5bKpC46L1VMWYM 1 1
5m703XMrvW7d9M 1 1
5qiH2-oslSofdM 1 1
5rVrTtuH-wusdM 1 1
5uJVGjOLpqIn0M 1 1
6026832311 1 1
6032623398 1 1
6047738310 1 1
6057351072 0 0
6067485149 1 1
6069896465 1 1
6099412679 1 1
6103371999 1 1
6130228137 1 1
6130267655 1 1
6130793158 1 1
6130810850 1 1
6130829616 1 1
6143985934 1 1
6152439569 0 0
6158745145 1 1
6159652246 1 1
6166314763 1 1
6166877122 1 1
6171793528 1 1
6176160978 1 1
6178911570 1 1
6193833540 1 1
6205619140 1 1
6206349431 1 1
6206351879 1 1
6254120283 1 1
6255869931 1 1
6262058866 1 1
6276902137 1 1
6276925591 1 1
6306770224 1 1
6313015474 1 1
6313065268 1 1
6317514882 1 1
6318667219 1 1
6322941630 1 1
6332480947 0 0
6332484813 1 1
6332924735 1 1
6334206502 1 1
6335504873 1 1
6344156885 1 1
6344207760 1 1
6349027606 1 1
63769706 1 1
6414127971 1 1
6421448141 1 1
644686108 1 1
6449907967 1 1
6454598211 1 1
6457100477 1 1
646353906 1 1
6475342121 1 1
6497044 1 1
64KkR-h6k8M1fM 1 1
6527667209 1 1
6545460925 1 1
6578345591 1 1
6606242295 1 1
6622761051 1 1
66375813 1 1
6680104767 1 1
6694714 1 1
67491995 1 1
6757056855 1 1
6771490963 1 1
6775442951 1 1
6781841887 1 1
6805385873 1 1
6808858436 1 1
6812109639 1 1
6826575597 1 1
6853586242 1 1
6853587644 0 0
6853588286 0 0
6853591364 1 1
6853591838 1 1
6853592318 1 1
6853594284 1 1
6853596050 1 1
6853598340 0 0
6853599656 1 1
6853600876 1 1
6853602980 1 1
6853603778 1 1
6853605674 1 1
6853606218 1 1
6853609758 1 1
6853613302 1 1
6853615352 1 1
6853618576 1 1
6853624426 1 1
6853624938 1 1
6853625340 1 1
6853626258 1 1
6853627036 1 1
6853627406 1 1
6853627804 1 1
6853628726 1 1
6853629312 1 1
6853629942 1 1
6853631972 1 1
6853632956 1 1
6853633494 1 1
6853637436 1 1
6853640102 1 1
6853640486 1 1
6853640950 1 1
6853643198 1 1
6853644422 1 1
6853644830 1 1
6853645424 1 1
6853645888 1 1
6853647476 1 1
6853648024 1 1
6853650116 1 1
685838236 1 1
6859843730 1 1
6878559087 0 0
6883627764 1 1
68897083 1 1
6892072272 1 1
6892228514 1 1
6896107109 0 0
6896115823 1 1
6896120245 1 1
6896122745 1 1
6896144691 1 1
6896155697 1 1
6896158513 1 1
6897093529 1 1
6912783620 0 0
6943426574 1 1
6958429991 1 1
6958433039 1 1
6958433881 0 0
6958435507 0 0
6958455641 0 0
6975880843 1 1
6986902886 1 1
6996813377 1 1
6999715307 0 0
6999716289 1 1
6999717303 1 1
6999717719 1 1
6999720131 1 1
6999720481 1 1
6999722825 1 1
6999723207 1 1
6999724233 1 1
6999726269 1 1
6999726973 1 1
6999727313 1 1
6999730277 1 1
6999733081 1 1
6999734107 1 1
6999734627 1 1
6999736403 1 1
6999736909 1 1
6999738343 1 1
6999738891 1 1
6999739377 1 1
6999742179 1 1
6999743533 1 1
6999744949 1 1
6999745953 1 1
6999748533 1 1
6999750859 1 1
6999754467 0 0
6999756705 1 1
6999757609 1 1
6999758611 1 1
6999760377 1 1
6999761391 1 1
6999762063 1 1
6999764489 0 0
6999764993 1 1
6999765381 1 1
6999766195 1 1
6999766525 1 1
6999768915 1 1
6999769471 1 1
6999771605 1 1
6999772093 1 1
6QRam_OpYmAjVM 1 1
6T69sNR0bqXvXM 1 1
6TUguV2pABiVPM 1 1
6jfH2cAvihRm1M 1 1
6mu7ecJDjvkcqM 1 1
70124777 1 1
7098365 1 1
7166610285 1 1
7170104710 1 1
7172380620 1 1
7186919993 1 1
718972652 1 1
71asiWwbviGQ5M 1 1
720107188 1 1
7212049120 1 1
7214950216 0 0
7223074052 1 1
723502717 1 1
7236120204 1 1
7236397742 1 1
7238580806 1 1
7258683410 1 1
7267702768 1 1
7275382776 1 1
7282889206 1 1
7284733004 1 1
7289138692 1 1
7301602444 1 1
7307018852 1 1
73400105 0 0
7341607780 1 1
7348259364 0 0
7353489934 0 0
7366507312 1 1
7403469192 1 1
7403974480 1 1
7459805756 1 1
7462525702 0 0
7482958784 1 1
7486751574 1 1
7500739670 1 1
7512998394 0 0
755074841 1 1
7574792598 1 1
7596245542 1 1
7607835768 1 1
7612835026 0 0
7618979 1 1
7664154 1 1
77328293 0 0
7866474954 1 1
78673440 1 1
78xq1PrnGClm1M 1 1
7914686048 1 1
7940326600 1 1
7961978048 1 1
7989935860 1 1
7ZWEVaFnLlzn-M 1 1
7ZfJTxGsa79fyM 0 0
7dPT3ciWslRFzM 0 0
7grb0TADVthSAM 1 1
7jLObV2o7DKQxM 1 1
7jXXAIzmPTWJ5M 1 1
7nxrxKSkjXKtbM 0 0
7ny9YmYUnBOoGM 1 1
7pSa7HM_IO0mqM 1 1
7r4i-HP2o-MdUM 1 1
8055855762 1 1
80632690 1 1
80642676 1 1
8079455340 1 1
8140270897 1 1
8176256192 0 0
8189322292 1 1
8193123943 1 1
8199178227 0 0
8199624711 1 1
8200717570 1 1
8202342348 1 1
8222972494 1 1
8223582482 0 0
8229762316 1 1
8291247820 1 1
8295826867 1 1
8338173280 1 1
8356004296 0 0
8356810770 1 1
8357598550 1 1
8361494198 1 1
836784720 1 1
8376955631 1 1
8382297176 1 1
8395427779 1 1
8395743743 1 1
83epJT7PVywysM 1 1
84096855 1 1
8418326300 1 1
8427588116 1 1
8438105543 1 1
8446796869 1 1
8447200336 1 1
8447603745 1 1
8451076555 1 1
8454603056 1 1
8461597261 1 1
8472774192 1 1
84910476 1 1
8502758815 1 1
8558937815 1 1
8561845896 1 1
856398110 1 1
8565035085 1 1
8565897039 1 1
8574744445 1 1
8586568637 1 1
8607495972 1 1
8611450025 1 1
8627227248 1 1
8631371783 1 1
8637667253 1 1
8665048052 1 1
8666993184 1 1
8680310167 0 0
8686442723 1 1
870967518 1 1
8716777943 1 1
8733870144 1 1
8758226267 0 0
8767205576 1 1
8846030818 1 1
88wKWNk4Q5tiNM 1 1
8920791553 1 1
8973846526 1 1
8FuDozaOJ1hjLM 1 1
8Gb7rhS3jISS-M 1 1
8JNT9UZYCXztQM 1 1
8L_mZ43pFFOOYM 1 1
8VMMxqornI7KMM 1 1
8VnqpKV1i3Q0_M 1 1
8X1iulO4XQ-ccM 1 1
8_5dhw2S4uVADM 1 1
8_6mXsk-pBc5iM 1 1
8_NXIBzxpLUdlM 1 1
8ufjIzls1zX-nM 0 0
8ul1vP3FcAULlM 1 1
8vxW2hTeYuvTEM 1 1
8ymUnjdBrqb_UM 1 1
9020507 1 1
90487083 1 1
9051059498 1 1
9064508620 1 1
9082971832 1 1
9096491311 1 1
909739933 1 1
9107774948 1 1
915130434 1 1
915130448 1 1
915130638 1 1
915130646 1 1
915130662 1 1
91530909 1 1
9163110531 0 0
9207029047 0 0
9214563115 1 1
92145964 1 1
9253580154 0 0
9254553441 1 1
9255932803 1 1
9258702640 1 1
9260123474 0 0
9261685133 1 1
9270244979 1 1
92846311 1 1
92846313 1 1
92850498 1 1
9320096170 1 1
9321251582 0 0
9367587316 1 1
9376644286 1 1
9397057589 1 1
9421597171 1 1
9429785259 1 1
9435363579 1 1
94513081 1 1
9451912821 1 1
9465329623 1 1
9469833915 1 1
9486259490 1 1
9509886541 1 1
9541770478 1 1
957182793 1 1
95750857 1 1
9599509638 1 1
9648572274 1 1
9651119737 1 1
9651141951 1 1
9651154611 1 1
9651242645 1 1
9651255979 1 1
9651296287 1 1
9654414780 1 1
9654441118 1 1
9654516138 1 1
9720842047 1 1
979078830 1 1
9800545553 1 1
9821591074 1 1
98321546 1 1
9862367683 1 1
9990446055 1 1
9BUTZ39unkQHWM 1 1
9DHXM2Z9jaLJ3M 1 1
9HJcSxTbblXTtM 1 1
9KTzGe2lBI3vlM 1 1
9V7Wo_Y1iRZd3M 1 1
9kSxLMQ4BzeFZM 1 1
9kT_-DhckWWhhM 1 1
9qOOXFUoOXgVrM 1 1
9sHQKHx2BexecM 1 1
A0NpzzxIUbQGcM 1 1
AE8CABRnypzdtM 1 1
AIaU1t3rjx7HpM 1 1
ALQNyphTVAjAJM 1 1
AMXNFaa4vh_UdM 1 1
AOhfeM5nTPjcDM 1 1
ASXwe8V8xPPx0M 1 1
AYPHzVKaV2PCtM 1 1
AYzPii7mjYdsZM 1 1
AmhMNafD1mo-9M 0 0
Arl4zOrEVqXHFM 1 1
Aw0NQb1H6DdaPM 1 1
AyVUM_SDXpT8AM 1 1
AzutTMCy5kyJiM 1 1
B6TvNbQAXTsAqM 1 1
B7RY7wcb93KuMM 0 0
BHI3P80olERrIM 1 1
BJ4Ttdjeyi0E2M 1 1
BJXjhNPg-QfM9M 1 1
BMBRsW9R28Dg4M 1 1
BVGY10wE5Z41HM 1 1
BXAbssh_oel2VM 0 0
BdRB9K7YWU6ytM 1 1
BeYSFLTQq94J_M 1 1
BiHUNhbUkE1VjM 1 1
BigZn2bDM0NLNM 1 1
Bjt37dGS6tNLlM 1 1
BmjfYo0_9RygKM 1 1
C0pq2SiC-hOyAM 1 1
C6ozCdpqJIPHSM 1 1
CCpx06XHFwXKOM 1 1
CFu493YZ1BITpM 1 1
CJ1Oaj2kWNAigM 1 1
CNjjXmmgUnTRUM 1 1
COMIc0zV2BSVUM 1 1
CcugcR72ITKXfM 0 0
CcyfnP5UvdrU3M 1 1
CduXEFwInQpeyM 1 1
Cg8MBR5KHdsEmM 1 1
Clnfv9CxZpRiwM 1 1
Cz9yuOHvBPednM 1 1
D2Om_oHAPwwWUM 1 1
D4gyJz9h9TX2-M 1 1
D5GR0PsOFBRwWM 0 0
DBNAfvcg26Vh6M 1 1
DCbZjqSfbjgeDM 1 1
DGGyyAVtweF7JM 1 1
DLmgg03CO83bNM 1 1
DTynvSzNBuqBpM 1 1
DWTtT6jwlzTe7M 0 0
Di2jB3iAZLywFM 1 1
DlORFhQN5u1spM 1 1
Dpi_yBsr89FYqM 1 1
DrKjFXS7m3lDZM 1 1
E3zU1SHbW_C8gM 1 1
E5Et0enHKUn_zM 1 1
ECtgXJZ918AwyM 1 1
ESamhNRJ7UGPqM 1 1
ETq-pAsAM-WWeM 0 0
EVg9nyWxBTYNQM 1 1
EaEU0CdBRHdnRM 0 0
Ebm6o-EeRPUP8M 1 1
Ee7cT2vcRw3gcM 1 1
EfLmMnClHOuajM 1 1
EfvX__HBBk0wiM 1 1
EirP6PLKT3FheM 1 1
EyjnWnzINeq8UM 1 1
FA5N_HWEZy5KWM 1 1
FC3YHz_o0u0gNM 1 1
FCSml1sOaLmABM 1 1
FDGvfNzhxC2igM 1 1
FH4s1vcg10YZzM 1 1
FP_awNg9I600rM 1 1
FTnemPw9NB8CgM 1 1
FV8hrWE5xcqRAM 1 1
FZQVM7EkAl6y3M 1 1
Frb-B33ezxdbeM 1 1
FwSIzWdcrfZUYM 1 1
FzGLmHPTKTnHQM 1 1
GTxD9JazrflggM 1 1
GWmRs5kkk_uDBM 1 1
GbLlgNyy3Wv86M 1 1
Ge1cL10jRGBdgM 1 1
GhIhRAsr3w7ucM 1 1
GrptN5J6aViNrM 1 1
Gx_yAae3vCrzgM 1 1
H1tWjpp0iOxaTM 1 1
HDZPTzJjjOvs8M 1 1
HFhCN6ck8-ULrM 1 1
HGU9RCEL4AbhLM 1 1
HLsYMT_pH7Il0M 1 1
Hb7cNQAP9QE1hM 1 1
HeYuNkQe3p6oUM 1 1
HlboFJCJ11CwmM 1 1
HmVsek639pTLPM 1 1
Hmex-8pQJ9JDHM 1 1
HqgNY92wDDHDSM 1 1
HuAKMNCnWvCfhM 1 1
HvNIzQo0ZoA7iM 1 1
Hxel-qNT6KnwFM 0 0
I1tgW_oSeWnBeM 1 1
I3WUaizOl_oNKM 1 1
IADngmCtYeTHyM 1 1
IaTjgo92TNAAgM 1 1
ImUwMtKu9zs2wM 1 1
IolvNvdyUS_q4M 1 1
J6Sht8My74OroM 1 1
J6qq_oaokPmaBM 1 1
JA5v-b7gMpnGjM 1 1
JO4yPdwPNGf_uM 1 1
JhdWYCfEbeg7WM 1 1
Jj2vHCFCyZFg8M 1 1
JquJ2i9k7qVvsM 0 0
JzJBhWXj75LtxM 0 0
K1tanIfD6fAe9M 1 1
K1zG-f1VERAA4M 1 1
K4397D9BJoDOoM 1 1
K5k6OmAb_OKMWM 1 1
KIrjY-W-sCyfeM 1 1
KNsdJVk6BuJrJM 1 1
KPUN7I54fW3XDM 1 1
KSqFbX_v3DAOmM 1 1
Kfey-lgjgzBBHM 1 1
KmZCJRS65FGZqM 1 1
Kng6HwEQ6877uM 1 1
KxujjED85xUufM 1 1
L65AAsK5Etm-zM 1 1
L6AlAhZB-9jmOM 1 1
LFJS0NfNuWwRIM 1 1
LI19nXWJlHyx5M 1 1
LJQ971HvK19qyM 1 1
LN99VzjPF3h_PM 1 1
LRyQqLN3dJN7UM 0 0
Lx37XNDczorLFM 1 1
M-XuNjiiTWmpGM 1 1
M1cpohwGqsCtMM 1 1
M5Eb2G5AZvwh9M 1 1
MDSpIx9SzG9LKM 1 1
MECw1MUB8W-1-M 1 1
MNdAV4sYwt44RM 1 1
MZM3jE7qEKJZVM 1 1
MjLjRtK0cJZyVM 1 1
Msw-A6CFAP-ttM 1 1
MtTlfYzMuyXhQM 1 1
Mupu7HwWowOCEM 1 1
MwGYt9VdrnTRnM 1 1
MzBC4nOR0IDTwM 1 1
N0jqDhOhuat2TM 1 1
N5mWk5aKws30TM 1 1
N9qAP6jTx_7ZyM 1 1
NFKJod_XtmjVTM 1 1
NK0REv1Tvgdn6M 1 1
NN1xdNeiAkmRQM 1 1
NOaAIh8bn1I1jM 1 1
N_vElsL9pxCXgM 1 1
NaMGujFxYRxidM 0 0
NeOaMCoclTkR9M 1 1
Nf9RWdK7bk_ZUM 1 1
NjXAo0DE5mNRMM 1 1
Npzcd6tqRZgFGM 1 1
NqC3QVJ5oYFzGM 1 1
NqMk2izUjKWzCM 1 1
O-U5sFDZ5-W0aM 1 1
O9g-vkExfe44uM 1 1
OBw3xykiLFsLoM 1 1
OG4NniqQyGrWCM 1 1
ORJ_AQB-ol7lMM 1 1
OTSU1wwgFfu1OM 1 1
OVGFxrGZARANHM 1 1
OWescAJy_rlo3M 1 1
O_Qp1vVU8bwXyM 1 1
OdXNXff8sNGypM 1 1
Oxq8u_1oyPOzOM 1 1
OxyynP4ATLM6MM 0 0
P6AgPV1Nga7CfM 1 1
PBHZqmKaayPtAM 1 1
PBz4EMpwN184IM 1 1
PCNaCZiB9UAK6M 1 1
PeLiW9Ys7AnknM 1 1
Piptg6WEE6vkhM 1 1
PlIqadq28Rg-lM 1 1
PlnZJ9P4iOu9bM 1 1
PoMM7gRMeJ1PvM 0 0
PsjqF17LOpmxjM 1 1
Q2GDzWAc16l2GM 1 1
Q5mY9mL9hfA9YM 0 0
QK8orFS70Grt0M 1 1
Qm6D06Lb5V6HOM 1 1
Quzp53HLQBib2M 1 1
QzfoaroMdtlmiM 0 0
R-MDq3uBDN8yFM 0 0
R4leEoizzuNeyM 1 1
R61p_vtncqSmkM 1 1
RQKxhkDesg0HVM 0 0
RWx1Ldbc_M0bUM 1 1
RzuNg69_n5r7XM 1 1
S8_hmAGebFnGkM 1 1
SGMZuq4YWiWk5M 1 1
SNOldlWBNxOONM 1 1
SOq-3_UIbuBs3M 1 1
Sah5RK9r7vRwcM 1 1
SoziK6VaRiJK3M 1 1
Sq7mL7ESFAoImM 0 0
St-dneFPxhbxGM 1 1
T1b5wgLsL8yatM 0 0
T7mzQQzEnlxvYM 1 1
T9Erjt3FGG2g9M 1 1
TB9rOwiOOXEX2M 1 1
TLSXiO4esCiECM 0 0
TNqVDcSkCsAWsM 1 1
TQ97vblAUOfeFM 1 1
TQNXF6ujPOaMUM 1 1
TWMxxQZUKe5SHM 1 1
TbhmPawoagDsrM 1 1
TemulMAFGFY6LM 1 1
TgwmSniSxSfU8M 1 1
TlSmiRgBBK71cM 1 1
U9hrwHRNcIs93M 1 1
UD1ULD8dS9Vx2M 1 1
UE1laAVCmP-pmM 1 1
US10i0y6hqPuvM 1 1
UcphuPbTZIGjIM 1 1
UeugploNLemHqM 1 1
UxzvdBm2yXNtrM 1 1
V63qFefEIVh6JM 1 1
VFV9qUOTfC0XQM 1 1
VFoFgYzaYEi8SM 1 1
VH0Ms79_5SkDmM 0 0
VH1bIuu9nDt52M 1 1
VJ9o5EgN9COBVM 1 1
VLylT4z88NKM3M 0 0
VPI4ozr0JJtzPM 1 1
VVrDNATLK7G4FM 1 1
VcmI3qois1_FaM 1 1
Vcnt8kygw9s2QM 1 1
ViMcJH2edB9ChM 1 1
VjdCuYNkL2e5jM 1 1
W-umgwxS1QAlOM 1 1
WMnE6BHdm70XQM 1 1
WPvA0JkCdyV3DM 1 1
WXAp007oK64U5M 1 1
W_rwaqrPH9AfjM 0 0
Wjlsn_s5mEZU2M 1 1
WwKq_jchobVmaM 0 0
Wwl087G9c9HslM 1 1
WxfFOhCOuyQ0hM 1 1
X1oQilvu8YfkuM 0 0
X4jSdYR-1nDe8M 1 1
X6WLKwlFs5FvWM 1 1
XG_FM5QKvqey8M 1 1
XKvI7064GSDC3M 1 1
XP2N50KCk2wB9M 1 1
XXe1FzVIjkNSaM 1 1
X_ckR_Y1LKOgJM 1 1
Xgg0PAbmnmXztM 1 1
XiAP6x6xGgtUcM 0 0
Y-lodRYqnx-DqM 0 0
Y05pWogWwilBKM 1 1
Y3BI7nKApf394M 1 1
Y3t-Vthiu9x_kM 1 1
YDER1nNnTZJOEM 1 1
YGENmFFSZVRY_M 1 1
YULH7q02PaQ3PM 1 1
YibYvWVYdBSq1M 1 1
YtULTCPTr1LkGM 1 1
Z1WvhWhFGU642M 1 1
Z3p46XxnaSAL1M 1 1
Z6e3JX4KeSjWoM 0 0
ZB8fBEqrCs46fM 0 0
ZH7DdeheYSIvdM 1 1
ZHsqT9VDFrWMwM 1 1
ZfnwMDCC5xtDUM 0 0
ZhgHQ2Xa4QjkiM 1 1
ZjuO-lKQca7K_M 1 1
ZmdjDZEKRqTTxM 1 1
ZmxT9s9BK8LQGM 0 0
Zxw-bvgO-QVZeM 1 1
_02BhVJJkvC_cM 1 1
_Ip9qv7lXTgj_M 1 1
_OLXRzdhwnHftM 1 1
_PZfA5-EVvNrgM 1 1
_S8xu710yjK60M 0 0
_XkIRRxvG3DzIM 1 1
_hCXgKVhF9jaKM 1 1
_jxUfYhhvPOf0M 1 1
_pPVPAx-iiOs8M 1 1
_u3Dp-FnT1-ScM 1 1
_x6MKQwQEzVtEM 1 1
_yNICPdkP8Z-iM 1 1
_zTPOCk9NzwvDM 1 1
aFQeGhPlhZjhMM 1 1
aHtBCZ_08MJHRM 1 1
aNZnwcsyyWEMRM 1 1
aSf91m7mUxmoDM 1 1
aXAzCKaSR_K6GM 1 1
aXdfTqfljZAdTM 1 1
aed8-X0SbdoE1M 1 1
as1rQAD6j3KPBM 1 1
asxlekPiOYt03M 1 1
b3fyg7lTiiivjM 1 1
b5WenOMMDdEe1M 1 1
b7Ry3KY9NiWMcM 1 1
b8ml4C6vhx5imM 1 1
bMDRELPA3UrSWM 1 1
bQQhA3sFvEOKQM 1 1
bSEyf2rnNCoAkM 0 0
bfRHIRpST7x-OM 1 1
bkFGQFk2dWMFVM 1 1
bqwG3YUrM87flM 1 1
bt4dgjivGQlT-M 1 1
bvsf0wXXkJjlZM 1 1
c0CQYFbLJWSRjM 1 1
cYPBVxZNIo-FFM 0 0
caQKpA_atVHAiM 1 1
cjmwVBmbfoGkdM 1 1
cnfXhjJHdXnjzM 1 1
cpigDp-bxkCKTM 1 1
csxjPhzRt0u7aM 1 1
d1Adl7qdE0LCGM 0 0
d5v4hzbd92BPoM 1 1
d7OFELwFA4ZMIM 1 1
d9XMDjvdJjWnMM 1 1
dDl-XW1ankH4fM 1 1
dERppcEttmRrqM 1 1
dIGPAG9offzoFM 1 1
dJswntujNTyrmM 0 0
dLrGry-F3rlCKM 1 1
dPsIQ_rLQBDHYM 1 1
dSJdKE3cxMKgFM 0 0
dT13qQP1iiiKSM 1 1
dVDirAw2wgxYxM 1 1
dX5UhHVlvZboCM 1 1
dc4OjEeNDpUzWM 0 0
ddW6acpYH18buM 1 1
deKvQO7He_FOlM 0 0
diDHAsDTqbfZRM 1 1
dj21RxsBMWfoHM 0 0
dkxcnWfC5bSppM 1 1
e1BFTd_YeIiYTM 1 1
e5UP5y6CjY3WfM 1 1
eHOLTnx50YRfwM 1 1
eHaoRlnQyk1CrM 1 1
eLtwpa3CQa_lcM 1 1
eRKywj1av1RI3M 1 1
egtoAigP5TLeNM 1 1
erJ5esTcCzPNJM 1 1
esUbDcARaYzJVM 1 1
et8PF4JR1fgjYM 1 1
ex4UuzkBd1Ig9M 1 1
eyWl5_0X9HbWoM 1 1
f8hbfGg8mTPUuM 1 1
fBzUYIHqWz1zqM 0 0
fCHY0Danz3FcJM 1 1
fKt_on6IQkI-wM 0 0
fMfw_ZAu5XX4YM 1 1
fOqPa1wd2Bt2hM 1 1
fRWCSxoOea2d_M 1 1
f_CNNK7xolX_YM 1 1
fcwfh8AvLUyOKM 1 1
fe4OxKY17ZM5jM 0 0
fhsogFG-LEoqbM 1 1
fmD6v9I580-kqM 1 1
fo6DYtFxE-I-fM 1 1
fpewdw6o6QAoSM 1 1
gEd68tWyPdoT3M 1 1
gGRWY3UY9-lV9M 1 1
gHjFOs0Zhf4MpM 1 1
gSzVeEdFajJ4IM 1 1
gXAvZcGGzuigeM 1 1
ga2y5qBtZN72-M 1 1
gph3ZL6iWfYTqM 1 1
gqHiWI2onohy2M 1 1
gqarW-83IA7nxM 1 1
gtm7KeJ8oPJ6fM 1 1
h0tR0ebJTzV-ZM 1 1
h1NbXAu72dEPZM 1 1
hDgaEwZy1ndPLM 1 1
hHsocASvt30e2M 1 1
hI5LbwEzpltpiM 1 1
hQppYoZRNoJduM 1 1
hTUNtMEofEc07M 1 1
hVuW-idlW6JuZM 1 1
haEFpdoyXc4G-M 1 1
haWw-iDupuyyXM 1 1
hv_1TSTfTUYbKM 1 1
hz-sc8NYbGWFcM 1 1
i1J112lQwk9UmM 1 1
i2Ql__SGhCvfNM 1 1
i4JAWZPju0PieM 0 0
i7T7al2a26336M 1 1
iPXReAO9G-BA0M 0 0
iWu43GA4UmYC6M 1 1
id5RnOji2NLpcM 1 1
ijh8zGcPueIpGM 1 1
is1hi9nOqZ2aFM 1 1
j8gc_D0wiqklrM 1 1
jBqCnwZIZFltlM 1 1
jCIgk_AugcfcWM 1 1
jD8oEdcZfbcPgM 0 0
jr-tLhhMlEqulM 1 1
jv0Zz73oA5YoTM 1 1
jzDWTQwOO_hviM 1 1
jzEGsevBFot1yM 1 1
k3ciOSkmROXdjM 0 0
k9DdXQd11ImccM 1 1
kBxVtlP9fmTpMM 1 1
kF_MR3HXsguexM 1 1
kL-ndh3jl068ZM 1 1
kOgV8ZxeznTWMM 1 1
kP3LZAyLCLFeoM 1 1
kWFSow2a2XcWLM 1 1
kZLAcBPcrEzvcM 1 1
kd2UrIl_yjVHOM 1 1
kdNjydiISFBjwM 1 1
ketIgNHslbOcNM 1 1
kmFmCCCO5pAzdM 1 1
ky_SiCyCCexlyM 1 1
l3xMs_k_XVh-qM 0 0
l6KTR3DmY1YWVM 1 1
l7pZ0HZSCESxfM 1 1
lKBFAdWrir2PtM 1 1
lPM1mVo9drSM4M 1 1
lQVJZVOOeSD3zM 1 1
lQw-un8aAhrXtM 0 0
lYmT7js0M70P7M 0 0
m-fWrQJZoJTuhM 1 1
m92BLBUw0s_cDM 1 1
mE4U3M8JjfXPbM 1 1
mKIJ9ztPwehq8M 1 1
mO1bTUGDFtuV-M 1 1
mSgdqoPq-2j9AM 1 1
ma-1uW28U-YTTM 1 1
maDRcAUL0oyeVM 1 1
mkf3LVwZMY0B_M 1 1
mkrtaA9h3n-nPM 1 1
mksad25YIeLOhM 0 0
mnWnyWczlVLO3M 1 1
mn_XrrFEEDXtoM 1 1
mq2Cf1W92xiXdM 1 1
mqf3JnIMSHhW9M 1 1
mtRZ9WsJGKGxiM 1 1
mxKac1paw-KZ2M 0 0
mzOlhAcYNQwNoM 1 1
n50QUPqYx9CzhM 1 1
n6gJGA4RmBYBtM 0 0
nOx9YE4DDdejWM 1 1
nQVR1MGjm_aXhM 1 1
nS2WSOqUP1XfpM 1 1
ng5viurbxETeGM 1 1
nvVmoKKF8JurSM 1 1
nydg6pchKrdDWM 1 1
o1vrGpVYGX_FZM 1 1
oFIC9hK7DMC93M 1 1
oNNz4on27Xe2sM 1 1
onrBv8aSmCA8dM 1 1
ooh7NYarDCNSNM 1 1
oowyEfWWfUgZQM 1 1
ourcN8CYIq6d6M 1 1
oxhRY_Bt7nntbM 1 1
p2xlD0qcQubLGM 1 1
p3xV8gXpjnp4HM 1 1
pFQnPWdQc6uWkM 1 1
pKB_H0I1efvhcM 1 1
pRsdyCT5kT4MFM 1 1
pX1U0QvL9iQNQM 0 0
pXE9Qu_E-ouMfM 1 1
pXMECvHbnA_NrM 1 1
pgPa9H0j8fnxLM 1 1
pxqfNRPmwFzqlM 1 1
q2uvWW04hCPsKM 0 0
q4sleeFNPpdQKM 1 1
q7Dso2Fu_aTa2M 1 1
q7jOAFhxUOpsIM 0 0
qVtYxycnPcjqcM 0 0
qfQrmq7xfRhQhM 1 1
qmJMJ1SOozMQ-M 1 1
qp5j0xNMD3HUcM 1 1
qqP95-yuWP_iFM 1 1
qq_9XfU3f5rcXM 1 1
qttUKbNBFsJacM 1 1
qyxvyBLFa428rM 1 1
r0QYs3YGuVZ5pM 1 1
r5BzEHtCcKXWZM 1 1
r6TKDbE2qLB9LM 1 1
r7akMiftu6GWyM 1 1
rAl1ueY_fHxC8M 1 1
rQ_jLH2bk-mhUM 1 1
rSAM4Rt41ltt4M 1 1
rUJDBj6IfA2twM 1 1
rWHYzuZB_jZs2M 1 1
r_-TQi9rfAtu3M 0 0
ril7dEeq4vxxCM 1 1
rjG77KkokKgtXM 0 0
rzO4U3hvXQMzDM 1 1
sNac_lzqJXNUsM 1 1
sTzgIXHAjsqvFM 1 1
sXmrB8rpMBDhhM 1 1
sdsVcCN6K2KtsM 1 1
smjJ_QQL282lUM 0 0
stlSgIHb6_WLdM 1 1
suMjI-OvhxL0fM 1 1
t4N4aX3A2CdrDM 1 1
tD1vVrL_7GSE8M 1 1
tKN1--FvKqMLlM 1 1
tU2nURZ7TcZIoM 1 1
tYyowTIYPhcQQM 1 1
tZ4a9pcROBMBaM 1 1
tfbxZxAJWxgOgM 1 1
tjqLCUzHqt3aKM 1 1
tpf6wl_-dAlmoM 1 1
tyLKgg47BoV0HM 0 0
tygN-TIiOeewFM 1 1
tyo8p_Z2RnY6jM 1 1
u2rMF5bcnDJ8kM 1 1
uATZhfnz4Il5-M 1 1
uC9zMaqfT_8vfM 0 0
uDdWZvy6zdneMM 1 1
uKb1T6Hu6KUFoM 1 1
uMG-AzzR_fnG6M 1 1
uUT9-z2Wjzn3EM 0 0
uVMgel0jB8vCwM 1 1
ucZUXiuLboupmM 0 0
uhJUp747TvsfdM 1 1
ujb3ft0aRQ7UXM 1 1
v-cG9aCKnGqE8M 1 1
v2mkBO82dYSA3M 0 0
v4k44KH42yz8vM 1 1
v4uiMfPxJVXKHM 1 1
v5nOJM-3eR7GFM 1 1
v6h3OUodkdMSXM 1 1
vHwVb9XIRss7EM 1 1
vP_-izgDQV46KM 1 1
vS1ow0nte7DmsM 1 1
vT-IuVLX-CeedM 1 1
vVxmt2s0aQnY1M 0 0
v_UZfYANa-5MaM 0 0
vahroKcvNKNEhM 1 1
vc8qBuvuIxBeNM 1 1
vpSn0StsaKlbgM 1 1
vstoG4gDpXf6pM 1 1
vtltPIhPyaGTCM 1 1
vxg-p7EhKj4boM 1 1
vxgWtlr7ZfKXpM 0 0
vy69HxvWj9mXPM 1 1
w5hyYuYbVXUDlM 1 1
w66nfYui2Lw2zM 1 1
wCC_4bB7v9JxaM 1 1
wV5wFNWHuk3fgM 1 1
w_ECKbpfeuwAaM 1 1
wd6Ad8x-uSE19M 1 1
whVdrYi21q7AoM 1 1
wmbfJ3F4_J2RpM 1 1
wo5DEuczNg5RoM 1 1
wobk6756zSBUNM 1 1
wxdg9_Ve0o-FMM 0 0
x4V2uIvuph2dzM 1 1
x8Jf_NVp6RGlRM 1 1
x9b3lFKUnTX-4M 1 1
xJye4noTKhELfM 1 1
xQd6KxZBKsiCpM 1 1
xTC5JYgNqDNdKM 1 1
xm4077khH6JVAM 1 1
xodqqkD6CrznaM 1 1
y3mBZxun3c2NdM 1 1
yMnT2nn5Wjk50M 1 1
ySvadDRq--bd0M 1 1
yV2kr3sEUBVH4M 1 1
ydhG0gcbkIkZmM 1 1
ydlABv6NskbEFM 1 1
yqO7TYzhgc99wM 1 1
yrbhUXmwma_K-M 1 1
ytScW2Xt1iXkRM 1 1
yxvcNb2j05B4HM 1 1
z5pdAB3fRXrLPM 1 1
z7fElVPbnEDFuM 1 1
z9UIaJI0YRw1lM 1 1
zCVOlgzBozYsRM 0 0
zEJ6IBtGcofeoM 1 1
zQf1m4rAyrN57M 1 1
zUq00O8nQhzVoM 1 1
zV1EYyTCsWUdmM 1 1
zVlcR1pqgfZLgM 1 1
zZQwwGBvOmGmWM 1 1
zfsNR_8FilS07M 1 1
zhAD4XwJmrYqTM 1 1
zjxKaRD9EmKHyM 1 1
zvMe6J2T8Ra9nM 0 0
zvxGZjkg8eNBWM 0 0
