-1q6xtHYhIgVzM 0 0
-AGAyhL-qBXDIM 1 1
-E-wOO2c9jlS0M 1 1
-I2ib3gzz6rseM 1 1
-R5YKGZSCnvMHM 0 0
-aww1ouf5iilzM 0 0
04902bxxnn2EWM 0 0
0ES4bS6yyheNjM 1 1
0FOKA9mWiogITM 1 1
0RxK1Ta6cBPcYM 1 1
0XaloRTc7D-NNM 1 1
0dIfTvVnpAGe-M 1 1
0eeILIgpLo3-bM 0 0
0iQcOvMCEDIsLM 1 1
0vXGVWTLP-BOiM 1 1
0wilAbThki9RxM 1 1
1--wHoUi-E8bnM 1 1
10010943804 1 1
1012824107 1 1
1012824139 1 1
1019282155 0 0
10234359783 1 1
10253588176 1 1
10319148604 1 1
1033382614 0 0
10336940113 0 0
10352880436 0 0
10372726086 1 1
10462388274 0 0
10483155 0 0
1052790445 0 0
1056796585 1 1
10627547705 1 1
1065249836 0 0
107252071 1 1
107252072 0 0
10789111165 1 1
10917241866 1 1
1094272777 0 0
1095551158 1 1
10998860063 1 1
11051073646 1 1
11052647053 0 0
11092023406 0 0
1110540781 1 1
11140441744 1 1
11180235285 1 1
11260763955 1 1
11271519896 0 0
11285020886 0 0
112860443 0 0
113505479 0 0
11373996555 1 1
1174092460 1 1
1183055764 1 1
11916057813 0 0
11927705803 0 0
11946368996 0 0
1203225063 1 1
12200440784 0 0
12348209635 1 1
12354283144 0 0
12388071944 1 1
12512287023 0 0
127340548 1 1
1278664586 1 1
1297168299 1 1
13297193503 1 1
1344825846 0 0
13454569925 1 1
13454570595 1 1
13454687143 1 1
13481777124 1 1
13593501874 0 0
13658244935 0 0
13667779 0 0
1368157470 1 1
1383773641 0 0
13842134284 1 1
1388141447 1 1
1388155057 0 0
1389019486 0 0
1389540942 0 0
14030630820 1 1
1404983708 1 1
1404983718 0 0
1404983722 0 0
14054875191 0 0
14127733656 0 0
1415899278 0 0
14198863998 1 1
1419996827 1 1
1420878670 0 0
14221336509 1 1
14248590531 0 0
14261689360 0 0
14279646053 0 0
14287722021 0 0
14291062365 0 0
14322744158 0 0
14367258589 0 0
14393327355 1 1
14404333970 1 1
1444387974 1 1
1444395778 1 1
1444407374 1 1
14452615960 1 1
14460195623 1 1
14481123419 0 0
14481129059 0 0
14481141668 0 0
14481142778 1 1
14481148178 0 0
14481313837 0 0
1448855864 0 0
145338437 1 1
14554683374 0 0
14562317919 0 0
14602119004 0 0
14611066823 1 1
14616488760 1 1
14644768926 0 0
1464868093 1 1
14649039427 1 1
14651197940 0 0
146515787 0 0
14651778879 0 0
14664569471 0 0
14667427032 1 1
14667432092 0 0
14667433132 0 0
14667773645 0 0
14680035307 1 1
14686859310 1 1
14687671393 0 0
14703854682 0 0
1475604960 1 1
14771872333 1 1
1484520039 1 1
14848977007 0 0
14853100896 0 0
14871081854 1 1
14888339775 0 0
148905708 0 0
14900811245 1 1
14906466819 0 0
14911213198 0 0
14946696388 1 1
14960425540 0 0
1498541517 1 1
14991841649 1 1
14RGOoFVOy4qxM 1 1
15033824921 0 0
15036351372 1 1
15047644790 0 0
15047762928 1 1
15157075149 0 0
15185891278 0 0
15191225521 0 0
15244700820 0 0
15256561194 1 1
15415074882 1 1
1543272114 0 0
1543281448 0 0
15435211741 0 0
15451447550 0 0
15456567004 1 1
15456568054 1 1
15456570134 1 1
15456571414 1 1
15457376250 0 0
15459212033 1 1
15488200806 1 1
15536710745 1 1
15537957262 1 1
15568709027 0 0
1558649845 0 0
15594819626 1 1
15629560406 1 1
15715340954 1 1
15737136124 0 0
1574871934 0 0
15766316957 0 0
15799967794 0 0
15851655539 0 0
15859073629 1 1
15863173590 0 0
15890586449 1 1
15891433518 1 1
15891434138 1 1
15891435218 1 1
15891593750 1 1
15891594180 1 1
15891594250 1 1
15891594540 1 1
15891594920 1 1
15893124147 1 1
15950091201 0 0
16035852 0 0
16053079966 1 1
16053081256 1 1
16072773518 0 0
16076954931 1 1
16076956031 1 1
16076956551 1 1
16076956811 1 1
16076958861 1 1
16078171012 1 1
16078870655 1 1
16078871835 1 1
16078872585 1 1
16087236123 1 1
16150191638 0 0
16150198558 1 1
16151889827 0 0
16154007 1 1
16154008 1 1
16173363269 0 0
161962593 1 1
16344874059 0 0
16433548200 0 0
16580239436 1 1
16646753468 0 0
16652232577 0 0
16672155040 0 0
16677802231 0 0
16700421515 1 1
16906543451 1 1
17164479486 0 0
17210944759 0 0
17289451759 1 1
17342157108 0 0
173680717 1 1
177086834 1 1
185017893 1 1
186361236 1 1
186361270 1 1
186361287 1 1
188299041 1 1
19112442306 1 1
1918416762 0 0
19210961919 1 1
1938098706 1 1
199162645 1 1
199162646 1 1
1994940030 0 0
1B_hETNnWUteIM 0 0
1EJU4gLo2mdZLM 0 0
1FTfO_kHXC-vRM 1 1
1FVTyQItlYYRNM 1 1
1FdDio8d7q33bM 1 1
1HITw8NAkLqVSM 1 1
1KI60yCE3kURsM 1 1
1_IFM32FA4StwM 0 0
1g0cQDkIpwxVSM 0 0
1gJCccYGiIXb8M 1 1
1jl-mppB0kjhqM 1 1
1mFXTQhkeQjxQM 1 1
1sDZ3uS-CjfglM 1 1
2-HpAWIoU1sCkM 1 1
20039228413 1 1
20091119934 1 1
203112073 0 0
2039045053 0 0
2040864 0 0
2042318222 1 1
2042318292 1 1
20530087140 0 0
2056711624 0 0
2062469419 1 1
2062827119 1 1
20650967272 1 1
2068246464 0 0
2068247536 0 0
206919292 0 0
20712589028 1 1
21012486825 0 0
2107923258 0 0
2123510 1 1
21321774753 1 1
215510338 0 0
216493713 1 1
216500811 0 0
217707925 1 1
21792959393 1 1
21830117425 1 1
2184347990 0 0
2184664247 0 0
21889958498 1 1
2191541389 0 0
21937061058 0 0
21979438266 1 1
2203678763 0 0
22073226945 1 1
22226099930 0 0
22226355358 0 0
222557169 0 0
222624556 0 0
2236798332 1 1
22388069996 0 0
22388071486 0 0
22388072336 0 0
2269607831 1 1
2269983942 1 1
2270852170 0 0
22814649240 1 1
228155043 1 1
228632356 1 1
22942077 0 0
22967299606 0 0
2304846687 0 0
23050042869 0 0
2307022587 0 0
230855170 1 1
2309265820 0 0
2317777479 1 1
23191945169 1 1
23391879476 1 1
2348448124 0 0
2352972828 1 1
2356155117 1 1
2356248376 0 0
2369223134 0 0
23739456704 0 0
2385295730 1 1
2392925041 0 0
2394386311 1 1
2396096419 1 1
240061962 0 0
24049578316 0 0
24075966794 1 1
24094188773 1 1
24094191263 1 1
2411108509 1 1
2411399901 1 1
24115880124 1 1
24179251353 0 0
2418041373 0 0
2418041817 0 0
2419299767 1 1
242551815 1 1
242552307 1 1
2433438953 0 0
24353362009 0 0
2435646565 0 0
24376388129 1 1
24388266950 1 1
24388267400 0 0
2441619798 0 0
2443732879 0 0
24534120423 0 0
2457476775 1 1
2458304776 1 1
24603243132 0 0
24603243952 1 1
2460393485 1 1
24677928706 1 1
24704129595 0 0
24712623281 1 1
24733717611 0 0
247812668 0 0
24800929386 0 0
2499381674 0 0
250559910 0 0
250560864 0 0
250562414 1 1
250563016 1 1
2516477330 1 1
25165944053 0 0
2518206359 0 0
251965059 0 0
2520302292 1 1
2538110079 1 1
2538930658 1 1
2547200536 0 0
2547720430 1 1
25488533396 1 1
2561979336 0 0
2569695609 0 0
2571924890 0 0
2576815952 1 1
2576817458 1 1
2589408963 1 1
2589412461 1 1
2589444565 0 0
2590258498 1 1
2591615840 1 1
2591625454 0 0
2591634226 1 1
25av6FsA4XfPCM 1 1
2600530040 1 1
2606381245 0 0
26093518024 1 1
2609619818 1 1
26150056553 1 1
2618658250 1 1
2621631507 0 0
26217642263 0 0
2632780316 1 1
2653637403 0 0
2657793771 1 1
2666762522 0 0
2671575517 1 1
26730031 0 0
2674875457 1 1
267599592 1 1
2681783955 0 0
2685746058 1 1
2685751906 1 1
26931452330 0 0
26960052742 0 0
2696954979 1 1
27017136 1 1
27029381741 0 0
2726207565 0 0
2727176937 1 1
2729308107 1 1
2729371179 1 1
2735380801 0 0
2735381161 0 0
2741327351 0 0
2741603244 1 1
2742165374 0 0
2742165618 0 0
2746524269 1 1
2746524583 1 1
27469556823 0 0
2747357074 0 0
2757639882 1 1
2758180211 0 0
2758896604 0 0
2763342740 1 1
2764045620 0 0
2764045912 1 1
2767778457 1 1
2767778505 0 0
27821917280 1 1
2788818949 1 1
2789108323 1 1
2792904687 0 0
2797589485 0 0
28068092826 1 1
281187775 1 1
281188804 1 1
281190102 1 1
2812791738 1 1
2815822129 0 0
2815822277 0 0
2816794704 1 1
2819628881 0 0
2824471059 1 1
28272827 1 1
28272874 0 0
2830286139 1 1
2832409174 1 1
2835640555 0 0
2836660571 1 1
284788812 1 1
2850071316 0 0
2868543682 1 1
2874670685 0 0
2877403182 0 0
2884299268 1 1
2905758631 1 1
2908782676 1 1
2913096980 1 1
2922322994 1 1
2927807323 0 0
2940793068 0 0
2941110170 1 1
2957009688 0 0
2966854214 1 1
2970919814 1 1
2984089389 0 0
2989318179 0 0
2995416676 1 1
2997018573 0 0
2A7oAtO2okJA-M 1 1
2J-CXeRxmg4lvM 0 0
2LDqMyW_BmkQVM 1 1
2MzziaZMBiqKIM 0 0
2OmngBI1BbZp6M 1 1
2QU5LcDCqv2LFM 1 1
2RmvuPv4nP8QpM 1 1
2ZHjydsrM1DTIM 1 1
2Zyh0g8mKDJeWM 1 1
2k_VG5cnd5nu6M 0 0
2mwjyNGVLVcEZM 0 0
2oYMAO0NJvoccM 0 0
300672489 0 0
3011004632 0 0
301869376 0 0
3027311195 1 1
3034080931 1 1
3052272871 0 0
3052273835 0 0
3053103874 0 0
3054828857 1 1
3057417679 1 1
3057477993 1 1
3058315074 0 0
3058315342 1 1
3078771789 1 1
3094663453 0 0
3118737647 0 0
3121262144 1 1
3133534478 0 0
3137497924 0 0
3137498402 0 0
313775240 1 1
3138711870 0 0
314762803 1 1
314762854 1 1
3159909991 1 1
3165774191 1 1
3192998056 0 0
3193795571 0 0
3207782631 1 1
3207784063 0 0
3216092754 0 0
3218196927 0 0
3218197011 1 1
3232926476 0 0
3243366831 0 0
3243366835 1 1
3252022380 0 0
3252380429 0 0
3268151161 0 0
3268827539 0 0
3268828135 0 0
328718 0 0
3295924043 0 0
3296849342 1 1
3298362988 0 0
3312851569 1 1
3313677662 1 1
3321363391 0 0
3322194256 0 0
3328876355 1 1
3338914736 1 1
334258696 0 0
334345334 0 0
334345703 1 1
334346344 0 0
334346688 0 0
334346948 0 0
334347284 0 0
334347646 1 1
334347962 0 0
334348204 1 1
334348486 0 0
3376704075 0 0
3377407203 1 1
3377407533 0 0
3377408007 0 0
3377681589 0 0
3378224826 0 0
3378225272 1 1
3378500474 0 0
3386935161 1 1
3387326263 1 1
3387744440 1 1
3396952348 1 1
3397540367 0 0
3412656704 0 0
3419363205 1 1
3420155190 0 0
3428267202 0 0
3436096004 0 0
3439623813 1 1
3439624529 1 1
3440437722 1 1
3440438246 0 0
3441626657 1 1
3443299320 0 0
3451030683 0 0
3457609789 1 1
3458434588 1 1
3462028943 0 0
3468059943 1 1
3477881906 1 1
3477882670 1 1
3490128351 1 1
3494667165 0 0
3494667827 0 0
3496274009 0 0
3506191213 1 1
3526109532 0 0
352893058 1 1
3533677114 0 0
3541402864 1 1
3547155083 1 1
3549861307 1 1
3558686123 0 0
3559488961 0 0
3560300360 0 0
3560300426 1 1
3561011687 1 1
3564463393 1 1
3571252966 1 1
35753318 1 1
35754108 1 1
35754553 1 1
3578304631 1 1
3586509959 0 0
3594283416 1 1
35vbnq1WtkAeEM 1 1
3601234567 0 0
3601436419 1 1
3603708760 0 0
3604533596 1 1
3607286483 0 0
36073392 1 1
3609407974 0 0
3616117273 1 1
3622143581 0 0
3623217368 0 0
3624321842 0 0
3627235009 0 0
3627236827 0 0
3627562834 1 1
3632577752 1 1
3645177296 1 1
3649254346 0 0
365044690 1 1
3651037325 1 1
3651997523 1 1
3652788234 1 1
3653083651 1 1
3661028363 1 1
3661829882 0 0
3661831154 1 1
3671486899 0 0
3673379425 0 0
3673507531 1 1
3677901127 0 0
3678500657 0 0
3678813681 0 0
3682637873 1 1
3686534224 0 0
370407563 0 0
3705551567 1 1
3705554267 0 0
3705557675 0 0
3705916406 0 0
3706067670 0 0
3706227607 1 1
3706397447 1 1
3708314410 0 0
3710241356 0 0
3710241362 0 0
3710241372 0 0
371144279 0 0
3718109593 0 0
3723426375 0 0
3726554033 1 1
3744087081 0 0
3746572690 1 1
374701598 0 0
3751635752 0 0
3752832914 0 0
3753516630 1 1
3755623839 0 0
3760228812 1 1
3760373363 0 0
3761007619 1 1
3761007641 1 1
3771289706 0 0
3777435147 1 1
3779208964 1 1
3779881989 0 0
3789734615 1 1
3792902447 0 0
3793839688 1 1
3797997861 0 0
3799676564 1 1
3807062773 1 1
3807232837 0 0
381112367 1 1
381112372 1 1
3815224293 0 0
3819270141 0 0
3824418791 0 0
3825292041 0 0
3829360815 0 0
3829756041 1 1
383100101 1 1
3838421063 0 0
3839210142 0 0
3839210296 0 0
3841679120 0 0
3843543644 1 1
3846890186 1 1
3852311263 1 1
3857770313 1 1
3862563185 1 1
3863345354 1 1
3876881477 0 0
3881786058 0 0
3887152101 1 1
3890289527 1 1
3906022850 0 0
3907196917 0 0
3907908313 0 0
3912654797 0 0
3913144502 0 0
3918245249 0 0
3919510161 1 1
3927339369 1 1
3929394281 1 1
3932887156 0 0
3934380514 1 1
3938743197 1 1
394793788 0 0
396170820 0 0
3963288121 1 1
3966998057 1 1
3972405531 1 1
3976485740 1 1
3977615559 1 1
3979506990 0 0
3980833679 0 0
3983200960 1 1
3994888257 1 1
3995647728 1 1
3995649134 0 0
39A2BNmQY5BS1M 1 1
3O_TlcVTnRlWMM 0 0
3Pr5qdVUToW_gM 0 0
3mon8vj5AW4BDM 1 1
3rlZiK1LRetukM 1 1
4-nheS4VCWck4M 1 1
4004644303 1 1
4004645131 0 0
4004665898 0 0
4005403432 1 1
4005403554 0 0
4008872727 1 1
4015054704 1 1
4016198990 1 1
4028831368 0 0
4034995603 0 0
4034995649 0 0
4046853260 0 0
4047903409 0 0
4056449313 0 0
4059851403 1 1
4059851513 1 1
4061229559 0 0
4064952329 0 0
4064953671 0 0
407102886 0 0
4083795530 1 1
408527787 0 0
408527829 1 1
408527873 1 1
4087866805 0 0
4087869101 0 0
4087870993 0 0
4087873239 0 0
4087881303 1 1
4087888589 1 1
4087895831 0 0
4087898043 0 0
4087904543 0 0
4087906823 0 0
4087919637 0 0
4087921627 0 0
4087925553 1 1
4087927553 0 0
4088633474 1 1
4088635652 1 1
4088637530 0 0
4088643058 1 1
4088651412 0 0
4088658402 1 1
4088660842 1 1
4088667522 0 0
4088669876 0 0
4088672020 0 0
4088674116 1 1
4088682582 0 0
4088687976 0 0
4092206467 0 0
4136808303 1 1
4137573100 0 0
4137573956 0 0
4137574520 1 1
4137575096 1 1
4137575516 1 1
4137576022 1 1
415154677 0 0
4168260916 0 0
4174743452 0 0
418156250 0 0
418439 0 0
4192373066 1 1
4200903016 0 0
4209846499 1 1
4210610064 1 1
4210611070 1 1
4218361787 0 0
4219127646 0 0
4237097155 0 0
4237097995 1 1
4238550145 1 1
424132532 1 1
4244930537 0 0
4251433005 0 0
4269857367 0 0
42717250 1 1
427211499 0 0
4286437039 1 1
4286898800 0 0
4292345429 0 0
4293025783 0 0
4293087630 0 0
4293087706 0 0
430641150 0 0
4306668937 1 1
4327609459 0 0
4337744611 1 1
4363252176 0 0
4367406529 0 0
4380280827 0 0
4386220569 0 0
439652830 0 0
4396731007 0 0
439830447 0 0
4405262183 0 0
4405262529 1 1
4405262941 1 1
4406026318 1 1
4406027560 1 1
4423896316 1 1
442795568 0 0
4430925004 0 0
4431956116 0 0
4464080938 0 0
4465842647 1 1
4487210756 0 0
4487756319 0 0
4497161332 0 0
4508920596 0 0
4512698883 1 1
4541066325 1 1
4542321318 0 0
4549671759 1 1
4559197261 0 0
4571555819 1 1
4571997353 1 1
4571997417 1 1
4587113312 0 0
4587672891 1 1
4587675225 0 0
4599018723 1 1
4601062273 1 1
4603691293 0 0
46170058 1 1
4617250647 1 1
4618173170 0 0
46276166 0 0
463449466 1 1
4636587883 0 0
4638400286 0 0
4639933319 1 1
4639934179 1 1
4639935161 1 1
4639936977 1 1
4639937143 1 1
4639937419 1 1
4639938613 1 1
4639959573 1 1
4640544330 1 1
4640546086 1 1
4640568186 1 1
4648680498 1 1
4650470206 0 0
4654399569 0 0
4655015358 1 1
4655016378 0 0
4655018418 0 0
4660207679 0 0
466022406 1 1
466022776 0 0
4661757193 0 0
4673110628 1 1
4673161807 1 1
4675611411 1 1
4686368097 0 0
4687109005 1 1
4687121232 1 1
4687121456 1 1
468905622 1 1
4690795694 0 0
4691984720 1 1
4709201087 1 1
4713303282 0 0
4713303932 0 0
4714994987 1 1
4723683585 1 1
4724181314 0 0
4729530123 1 1
4734084965 0 0
4734085517 0 0
4738272173 1 1
4745994453 0 0
4759497532 0 0
4764368525 1 1
4765005398 1 1
4765012414 1 1
4765058048 0 0
4765940970 0 0
4775517716 0 0
4780005097 0 0
4783472546 0 0
4783962793 1 1
4785484980 0 0
4797867774 0 0
479954814 0 0
4802493818 0 0
4805100937 0 0
4806215954 0 0
4806277538 1 1
48201075 0 0
48201431 1 1
4820362504 0 0
4823420859 1 1
4841142423 0 0
4848256958 0 0
4859544599 0 0
4871334901 0 0
4876693204 0 0
4877093328 1 1
4886355745 0 0
4892186513 0 0
489354873 0 0
4896764370 1 1
4900918674 0 0
4904690219 0 0
4916361505 0 0
4935217232 0 0
4938738111 1 1
4957282775 0 0
4957380296 1 1
4960689045 0 0
4975005343 0 0
4981186646 0 0
4983225032 0 0
4986035922 0 0
4991690383 0 0
4C8IUi59ALbHtM 1 1
4IfOq_jpnnNJtM 1 1
4KaQV85xNqCJIM 1 1
4MuUg4YLNj7FfM 1 1
4Ty7JZcKrT1hLM 0 0
4UUB89a_PzwINM 0 0
4guLtjLMWWYDFM 1 1
4n26mKVJSHC03M 0 0
4nFfk4xQUIBgMM 1 1
4pIG8bgdd9kqpM 1 1
5003098426 0 0
5021368307 0 0
5023549490 0 0
5024838218 0 0
5034706399 0 0
5046240618 1 1
5047868425 1 1
5060210879 1 1
5060213449 1 1
5060827808 1 1
5062576562 0 0
5068556749 0 0
5076898400 1 1
5079192626 1 1
5080007587 0 0
5080008543 1 1
5080009017 1 1
5080009547 0 0
5080010023 1 1
5080600824 1 1
5080602098 1 1
5091145397 1 1
5091145831 0 0
5091728900 1 1
5094555755 0 0
5106365819 1 1
5106365903 0 0
5106962952 1 1
5109830004 1 1
5109830074 1 1
5118113155 0 0
5118714890 1 1
5118715090 1 1
5124921637 0 0
5126744776 1 1
5129623495 0 0
513041921 1 1
5130674150 0 0
5141316853 0 0
5146796370 1 1
5171624693 0 0
5176366011 0 0
5190592355 1 1
519264303 0 0
5199585311 0 0
5204622690 0 0
5224726325 0 0
5232290249 0 0
5233404468 1 1
5239825521 0 0
5248897157 0 0
5251288813 0 0
5256883849 1 1
5256884211 1 1
5256884455 1 1
5257494354 1 1
5257494696 1 1
5259117052 1 1
5260560946 0 0
5263930002 0 0
5266197073 0 0
5267057233 1 1
5270125034 0 0
5276790787 1 1
5278851950 0 0
5297482140 0 0
5300784070 1 1
530972823 1 1
5317202382 0 0
5319061268 0 0
533134034 0 0
5340718469 0 0
5345224769 0 0
5345227981 1 1
5346560019 0 0
5355008114 0 0
5358808742 1 1
5358953053 1 1
5363884701 0 0
5378159487 0 0
5379045019 1 1
539692130 0 0
5415344290 1 1
5416860085 1 1
5420330323 0 0
5420607097 0 0
5422426537 0 0
542581737 1 1
5432506948 0 0
5443986363 1 1
5448107856 0 0
5448843941 0 0
5452062047 1 1
5466185651 1 1
5490303753 1 1
5490304577 0 0
5490899106 1 1
5491903349 1 1
54975494 0 0
54V5pqMjopCekM 1 1
5525284196 0 0
5527846552 1 1
5530575857 0 0
553950739 1 1
554500503 1 1
5556237506 1 1
5568114346 0 0
556878509 1 1
5571468261 0 0
5571468331 1 1
5571468411 1 1
5571468675 1 1
5572057656 0 0
5572057786 1 1
5572058294 1 1
5572058548 1 1
5575388055 0 0
5580046090 0 0
5595810680 0 0
5611774931 1 1
562116753 0 0
56341467 1 1
5650313109 0 0
5652160751 1 1
5664730333 0 0
5692704813 0 0
5707199088 0 0
5724860786 0 0
5737281746 1 1
5756605720 0 0
5764886967 1 1
5765430028 1 1
5778394914 0 0
5781834652 0 0
5787959089 0 0
5788512954 1 1
5797467601 0 0
5797591925 1 1
5797600421 1 1
5798146192 1 1
57bWvak54yJ6EM 0 0
5800019657 0 0
5815248865 0 0
5818014482 0 0
5841479481 0 0
5876016859 0 0
5895084271 1 1
5897131137 0 0
5909821152 1 1
5919798616 0 0
5923405102 0 0
5923456035 1 1
592GablXELrJWM 1 1
5930269833 1 1
593081072 1 1
5938847361 0 0
5951303834 1 1
5962155252 1 1
5977535456 1 1
5989288727 1 1
5Hn6QfhfgMZnoM 0 0
5JfFi2mNNQV8lM 1 1
5TmOn8jhnu08qM 1 1
5UQShGV9eAXruM 1 1
5lH3WhD9gMKANM 1 1
5mS8p17qYypmAM 0 0
5pmbRsUg5HldhM 0 0
5s27YcT8Sm3SPM 1 1
5sJZqDZPdJ_8uM 1 1
5vbV6GedYE01zM 0 0
6007026176 1 1
6009238509 0 0
6009511755 1 1
6009515201 1 1
6015059776 1 1
6017715064 0 0
6023224149 0 0
6029987794 1 1
6033794674 0 0
6050986139 0 0
6052411943 0 0
6059619648 1 1
6060071739 0 0
6062625201 0 0
6063424681 1 1
6063469933 1 1
6064031718 0 0
6066313220 0 0
6085731744 0 0
6086641325 0 0
6090454890 0 0
6092772260 1 1
6092777678 1 1
6101596643 1 1
6116326747 0 0
6117271689 0 0
6117818736 0 0
6119077797 0 0
6119880559 0 0
6129363247 0 0
6129364171 0 0
6129364997 1 1
6130255195 0 0
6130261187 1 1
6132611817 0 0
6136825219 1 1
6137346022 1 1
6137431924 1 1
6137939853 1 1
6140248968 1 1
61470255 0 0
6147298070 0 0
6148935264 1 1
6157267358 1 1
6169060285 1 1
6169576584 0 0
6172468076 1 1
6180003568 0 0
6191781851 1 1
6191788483 1 1
6198051178 1 1
6199775016 0 0
6226571726 0 0
6230380542 0 0
6230724215 0 0
6231395693 1 1
6231518633 0 0
6234992260 0 0
6245436478 0 0
625644493 0 0
6258864312 0 0
626504900 0 0
6296133582 0 0
63090581 1 1
6314107074 1 1
6316480515 0 0
6376665357 1 1
6380120773 0 0
6392565979 1 1
6414316731 0 0
6422147407 1 1
643584340 0 0
6453213209 1 1
6453290213 1 1
6457175903 1 1
6469795335 0 0
649141248 1 1
6496810931 0 0
64WX9exzyQRYBM 0 0
6509090701 1 1
653549832 0 0
6539518091 0 0
6539518531 0 0
6565527999 0 0
6571825271 1 1
6571827385 0 0
6623712985 0 0
6623717167 0 0
6642637619 1 1
6642639835 0 0
6681489619 0 0
6711620361 1 1
6729719667 0 0
6731080295 0 0
6747042093 1 1
6762744745 0 0
6766251429 0 0
6783196425 0 0
6796213909 1 1
6831772729 1 1
6831773471 1 1
6873099094 0 0
6880194213 0 0
6883659208 0 0
6896046641 0 0
68Cyq5J613kdaM 1 1
6938969396 0 0
6938969516 0 0
6962058928 0 0
6963587854 0 0
6970426671 0 0
6977093654 0 0
6977143150 0 0
6982283779 0 0
6984694568 1 1
6995493107 1 1
6997361433 1 1
6999315315 0 0
6B9BWhxHn_Ir8M 1 1
6Hog-5bIeKMn6M 1 1
6PIN113qeTHA_M 0 0
6RHtw3mvc0IPPM 1 1
6Y0h26hMivDr6M 0 0
6_ghF1mcXMjOuM 1 1
6lmscwk0ffMz7M 1 1
6oQaQwZ3fimJmM 1 1
7004957741 1 1
702157034 0 0
7022241641 0 0
7085045355 0 0
70vfUw3-MGEMhM 0 0
7123224845 0 0
7123269443 1 1
7125164725 1 1
7127259089 0 0
7164696879 1 1
7167816043 1 1
7173578672 1 1
7176730405 0 0
71902729 0 0
7221415440 1 1
7221417554 0 0
7227516212 1 1
7300097144 0 0
7321259788 1 1
7321261716 1 1
7321264516 0 0
7327913392 0 0
7327916894 0 0
7327918976 0 0
7349826182 1 1
7349908268 0 0
738205917 0 0
7385879042 0 0
7393556800 0 0
73VnV9RkYWg8LM 0 0
7402019790 1 1
7404640038 1 1
7426146652 1 1
7426151204 0 0
7426153152 0 0
7428043746 0 0
7443010904 0 0
7445849344 1 1
7452673356 0 0
7458364318 1 1
7475811028 0 0
7502555358 0 0
7529206046 0 0
7529214798 0 0
7529215020 1 1
7536288522 0 0
7553466800 1 1
7559145890 1 1
756603847 0 0
7570474076 0 0
7578939478 1 1
7616455346 0 0
7619652322 0 0
7637082618 0 0
7637715416 0 0
7656502410 1 1
7662721328 1 1
7662727234 1 1
7662731480 1 1
7668428180 1 1
767801985 1 1
7678853564 0 0
7686321160 1 1
7691907396 0 0
7702326602 0 0
7713984800 0 0
7717623168 1 1
7730966770 0 0
7773898390 1 1
7777190860 0 0
7805441932 1 1
7821155922 1 1
7824000194 0 0
7829254966 1 1
7829255486 0 0
7845038442 0 0
7845039568 0 0
7846426210 0 0
7890484144 0 0
7894789114 0 0
790988834 1 1
7922888328 1 1
7937724754 0 0
7946988748 1 1
7971325408 1 1
7982568898 0 0
7984262525 0 0
7988792601 1 1
7988795445 1 1
7988801274 1 1
7996755900 0 0
7A5gbCDLJGWJzM 0 0
7ATQ2Zpub1bI5M 1 1
7Bzs6n7_jWXybM 0 0
7VnxsywHAD4x0M 0 0
7hyfkUFMf1BOkM 1 1
7mJJvF9ovhRHoM 1 1
7oHSSkH9XtIi5M 1 1
7yizNcCoK6a2EM 1 1
8003558369 0 0
8020222587 0 0
8041009503 0 0
8041014730 1 1
8049674164 0 0
8058087371 0 0
8061170739 0 0
8061175220 0 0
8070651961 0 0
8073756564 0 0
8099878455 0 0
8103516958 0 0
8113915756 0 0
8123286985 0 0
8123551925 1 1
8129032965 0 0
8134790142 0 0
8152332817 0 0
8172475255 0 0
8178159656 0 0
8201757598 1 1
8203702043 0 0
8222900477 0 0
8237394106 0 0
8238686529 1 1
8239752362 1 1
8239753388 0 0
8239754400 0 0
824152569 1 1
828253748 0 0
828930044 1 1
8294789706 0 0
83049B3AFyrAYM 1 1
8305575150 0 0
8346961683 0 0
8361588266 1 1
8379684153 0 0
8384116605 0 0
8396212558 0 0
8417227954 1 1
8424807181 0 0
8425513971 0 0
8425514121 0 0
8426606010 0 0
8430375882 0 0
8440046791 0 0
8440070585 0 0
8441145830 0 0
8452254776 0 0
8476820534 0 0
8486007399 0 0
8488166117 0 0
8496684159 1 1
8505299972 0 0
8519407870 1 1
8519408504 1 1
8523527478 0 0
8526576037 0 0
8536828125 0 0
8544741935 0 0
8553630037 0 0
8554736962 0 0
8565216763 0 0
8565921153 0 0
8565921667 0 0
8567017380 0 0
85834185 0 0
8625387299 1 1
8625522681 0 0
8646497996 0 0
8674086342 1 1
8710034125 1 1
8710590618 0 0
871757554 0 0
872099560 0 0
8724102048 1 1
8728936211 1 1
8731392186 0 0
8732592579 0 0
8734496629 0 0
8737130810 0 0
8743425431 1 1
87oRmb0o8lisUM 1 1
88729529 0 0
88775023 1 1
8930992147 0 0
8976091613 0 0
89783232 1 1
8991936586 0 0
89aZWQUD43WN-M 1 1
8AO7Qs9Eafrs_M 1 1
8LRc64U06j3CVM 1 1
8OEn_aQ3WJ4qtM 0 0
8TyyGBOMlZjEMM 0 0
8Y0SMXBC0ypB1M 0 0
8Yf946zBqyoKjM 0 0
8_e34bQRg9ly3M 0 0
9-jRtF4DovLbrM 0 0
9000599321 1 1
9000600715 0 0
9001784526 0 0
9043432929 0 0
9073235359 0 0
9073236401 1 1
9073236937 1 1
9073237405 1 1
9073238475 0 0
9073239781 0 0
9073240307 0 0
9073240629 0 0
9073244061 0 0
9075465908 0 0
9075469036 0 0
9075473502 0 0
9085355104 0 0
9090250768 0 0
90iF89lYf9_VPM 1 1
9104765030 1 1
9110245312 1 1
913303959 0 0
9147252443 0 0
9178778733 0 0
919211313 0 0
919215071 0 0
920062440 1 1
9206920323 1 1
9224375976 0 0
9233989453 1 1
9250243284 0 0
9256258416 1 1
9260264627 1 1
9276340195 1 1
92797074 0 0
9282837613 1 1
9382853227 0 0
9382965019 0 0
9385646358 1 1
9386327703 0 0
9388135697 0 0
93GhDcmrcGnuvM 0 0
9413281550 1 1
9418444548 0 0
9488889026 0 0
9503157762 1 1
9523738362 0 0
9551493444 1 1
9556572293 1 1
9572263810 1 1
9599705137 0 0
95SODpxlzjUqyM 0 0
9665867689 0 0
9667648328 0 0
9681316407 0 0
9690149056 0 0
9690180230 1 1
9704708686 1 1
9712310089 0 0
9718696685 0 0
9727922120 0 0
9734240641 1 1
9778475286 0 0
9779916013 1 1
9809941963 1 1
9813663385 0 0
9842246023 0 0
9842246643 0 0
9954621094 0 0
99tuSbGQxC_tLM 1 1
9BtZKXIdvNpi9M 0 0
9IdunuNZ2AagRM 1 1
9N_c8c_hYdqHFM 1 1
9Tch-AEeNvniKM 0 0
9Xxi7F3XRpmN3M 1 1
9c2ViamRZRatwM 1 1
9fVlavdTr-7JIM 0 0
9hRvcmHGi6dyBM 0 0
9iSBand0C3IKSM 0 0
9npY3eJIf_wyEM 0 0
9p6ATj7xO3ZyVM 0 0
9rwT-k3Bd3He9M 1 1
9t1Op8zoeqIPMM 0 0
A6xtyEdXL3UHRM 1 1
A71zgg1cDN1wvM 1 1
AATR5gVfhlJT7M 1 1
AGc2gqKxdEXhEM 1 1
AL-HzLb2NfYFcM 1 1
AMZ13wmbaU4UzM 1 1
APCpQcgdF893YM 0 0
ARamJr7MAMIYPM 1 1
AWRmCfSWU8zBNM 1 1
AlOc51DLrblixM 1 1
AodpOgBAB05tsM 1 1
ArMgumY2XcAY_M 1 1
ArkynEflO4VNRM 1 1
B4JvC8U7-vRWRM 1 1
B95Rz7IyAlHncM 1 1
BHKNVGWgzPchcM 0 0
BNecYkYSVb-KGM 1 1
BRYuST81NaggwM 1 1
BZmXbLbalQywIM 0 0
Bkg9fy8B8zPmBM 0 0
BnVoUwUIyACiLM 1 1
BrFEG_JuXXzsuM 1 1
BxjboMolHesKdM 1 1
C-VgH42fRjGhVM 1 1
C8txOvPoId-pxM 0 0
CUJqdOR4CLOO_M 1 1
CZBJjNnO5nF-oM 1 1
CfLwMQM6Nw_M9M 0 0
Ch1rAntAiGyTMM 1 1
CiMejSg-OPwFbM 1 1
CmiD5kjjT_uPlM 1 1
Cw-Cmc-2zrSJlM 1 1
D4MK6VkVNhFrbM 1 1
D72nwJ20pW-RpM 0 0
DAoApeUoZayNKM 1 1
DEbT1JVaSVMCmM 0 0
DMa_s3R5D3jJdM 1 1
DR5l4v5Kgs4VeM 1 1
Db5kSWZJfoBwPM 1 1
DjVRo-EeKWKW6M 0 0
DkMmwaNYShDAyM 1 1
DnnQ1IlZ7VG7pM 1 1
DvTjxFH4Xjjj8M 0 0
E0ZdtRypvmLtOM 1 1
E2ZDU0Gs7u_-dM 0 0
E55o7niREI8SbM 0 0
EAvZwGKhNd6ftM 1 1
ECWeQQtm549jjM 1 1
EEDNmFvHwPBH7M 0 0
EEaB-QehlCEDPM 0 0
EHpQwRSTMvpn0M 1 1
EJwwm2QcZ0AiWM 0 0
EW6tLIdOxEH-TM 0 0
EXj-iP6R9zTnVM 1 1
EYCgEsiXLa1VqM 1 1
Eb-ohEX4IgnfyM 1 1
EmlJaN9QZmjjOM 1 1
Et2Kl4zQuTWsrM 0 0
Exn0ZsILzWfpEM 1 1
FHgqPv3PY2mh4M 1 1
FQAMNGCRmtXicM 1 1
FaROi9Xsf-LwIM 1 1
FiiaYj-bPAiO2M 1 1
FpR9B3dhLTMwwM 1 1
FqbgVJOBbWYJFM 0 0
Fz0HaSgTJdgcnM 0 0
FzFxHCAfJVViZM 1 1
GIGv5TRfCLOKiM 0 0
GJyJjj6eJtiIVM 1 1
GQ5Xlv0S9FRG3M 1 1
Grz8plFHJw2RUM 1 1
H6-Q-nCSlB1q2M 0 0
HH7oRIsRKudUzM 0 0
HNXoSZaiow_AMM 1 1
HQZyP_ikegrslM 0 0
HYwDHCvhvVeJJM 1 1
HcSY9GMxHNv72M 0 0
Hm2JCWXr458QEM 1 1
HpnMe6c2yPe8IM 1 1
HtaPdSJSL8WdNM 1 1
I2bFTXsFEjaOGM 1 1
I5kYkf0p2pQdtM 1 1
IGDonTW81n0qPM 1 1
IHA4SMA3gP9Z8M 0 0
IUMVgjEGTOZIIM 1 1
I_s_pOouDm35HM 1 1
IhxABLInsdpg5M 1 1
IwGy2oORI8YwjM 0 0
IwIIUBTv2czncM 1 1
J1ulw9yOZFk7TM 0 0
J3M1MuXPq2Jd7M 1 1
JAjwGDZj79YMpM 1 1
JKhxQjmq7yGCYM 1 1
JPGy8gMF-olujM 0 0
JPhozEtVKf0vnM 0 0
JXsRdGmMtePpYM 1 1
J_Xtu2WXmR83xM 1 1
JfKfeO6YpYvwmM 0 0
JiC58B_jkjQTBM 1 1
JpbbJrvAcPU3hM 0 0
JvIV_NG7o2VA0M 1 1
JzsoLBpYyvHevM 0 0
K0XviRJtziIZgM 1 1
K0isoXtnN0jKxM 0 0
KACHhrX0t5Ws5M 1 1
KEzwMDQiRkKrHM 1 1
KFNMeTJYkkTFNM 1 1
KOwvGvI2b76bfM 1 1
KbA1-XGOiGrkrM 0 0
Ke1LEybh8im3NM 1 1
Krr94CObaSec5M 1 1
KxKKE8xfXKkw9M 0 0
L0LEH-ZD7SnhNM 1 1
L6GHFRExjfw1eM 1 1
LLbmFcMFpkqu7M 1 1
LPnEOK341LWQjM 1 1
LQFewknDKgkRCM 1 1
LRok0zDeAvI65M 0 0
LSQE27BWSpvSMM 1 1
LVtOv3MwT8JeFM 1 1
Ldh73TdFjv_uvM 1 1
Lgm_RQDiBoGWLM 1 1
Lv4Wipoi3qF99M 1 1
LxVMCpQB63wdYM 1 1
M2mRzV36vD5CYM 0 0
M6nXwteWeIxKcM 1 1
MN0zUYqyLdKl7M 0 0
MRWaM3GSgO9bWM 1 1
Mdhaz_sI2llLRM 1 1
MfC25fpFjvHyoM 1 1
N-7tPs11MF4m-M 0 0
N2kO3HQvKzdnrM 1 1
N7XiVRPjAsnFyM 0 0
NDF7LxcXJF59VM 1 1
NP7cuO5WztLJwM 1 1
NRjBCVXmjoEudM 0 0
NS2rPP3ss_7RAM 0 0
Nc94VWQwbZhFMM 0 0
NpNe7CM5GIBSxM 0 0
NtgOeSJmEngJvM 1 1
Nz9bvScez4GFHM 0 0
O2BapRV4HxVqqM 1 1
O6iX1ASISVfgoM 1 1
OG9nAC_n1fGkeM 1 1
OHumRxOhqCwksM 1 1
OINHslQ2sFOaVM 0 0
OKSCPanJrbu_6M 0 0
OORu9RXvGeJbHM 1 1
OVTtoZtBowPttM 1 1
Offrf62DgSn_IM 0 0
OkubnbauXzxJRM 1 1
P-bArKSYW9MBAM 1 1
P0NhE1sNkHeUKM 1 1
P2IAxjP72G_VMM 1 1
PLYWXnXbBhRYJM 0 0
PT31FIMe-3-xSM 1 1
PWXACRTDZQWNqM 0 0
PZCVAMNCVBE-wM 0 0
PhHB2wUMg0d4gM 1 1
PkERoJ0c7xxc4M 1 1
Pzr615JuTroYOM 1 1
Q0RK4E7biHrOBM 1 1
Q1WdE8h2QX5WTM 1 1
QB0FXLdrUEGjaM 1 1
QZcRfrYVBp_hYM 1 1
QZgJCiqbFRF2GM 1 1
Q_1V1l_wLPpkIM 1 1
QfhB2VtLhlfcPM 0 0
QlG8mcJynkCj-M 1 1
QnwA52kPbNBGRM 1 1
Qw3-NFbVGhrw9M 1 1
QyV0J3c2SeII1M 0 0
R1P2YEJIGJPq6M 1 1
RF9xepCBm98_eM 0 0
RGOCbW33iTkjwM 0 0
RJlqW3RgZWo-yM 1 1
RUyZgVos4dBmMM 0 0
RdzHh1HZaEy6zM 1 1
Rfj9mAwV-PZNgM 0 0
RiuZnu6lmPmo6M 0 0
RqswcE8GDP40IM 0 0
SFBuYBJgjgS7VM 1 1
SNhAu9ycif9cAM 0 0
ScdWsmDp6DmWpM 1 1
Sofic_oVSK8bTM 1 1
StMemcqHmXwGsM 0 0
Su2cu7zuPRZWrM 1 1
SvWQG3UQyL5mQM 1 1
T6zrO0cJSleoyM 1 1
T8BiX6JomSYX0M 1 1
TE6y7xQ9xEgv1M 1 1
THj6CpcowYXh3M 0 0
TLT7OiF3kx0E5M 0 0
TN5yUN50Z72GRM 0 0
TRovI64OmdtU7M 1 1
TU6w1soT4qrUIM 0 0
T_EUPOGRGKaj-M 1 1
TdyIK9Ep-MntFM 1 1
TlQ09CCaH3hEQM 0 0
TmCvMoDOSssqVM 0 0
ToM24WoUeABrdM 1 1
Tt6oew1k_CAW4M 0 0
Ttk9LyJkbdg9SM 0 0
U5ph87n3LRqnhM 0 0
U6-rz4RzFkBrUM 1 1
UAeKtio94J0REM 1 1
UHQEpVLz_Sv6CM 0 0
UQNkkIySarHSsM 0 0
UVNSodPTCDnZGM 1 1
UbnU6BeFhkUVkM 0 0
Uf-gFeoHaThz1M 1 1
Ui9JGkUUGuRFxM 1 1
UikfWl4HdPhmjM 0 0
UsxV0BgFeilkMM 1 1
UvtXo-hZg2JvYM 1 1
UyXFmtudZJ8ovM 1 1
UzA-qjWoBy1eHM 1 1
V0GNJTQ0ADvvaM 0 0
V7BsLi_hVjtDRM 0 0
VGu6oEqIdWjQKM 1 1
VOgxoucNyIlLzM 0 0
VQv930eepzVJfM 1 1
VWB_cZKiLFeV5M 1 1
VaiB00jVBkeb6M 1 1
VfLPqgEm0-xJkM 1 1
VqQnQqPI8W8iQM 1 1
VsepmUrQAZS1GM 0 0
VykHKP73pIULcM 0 0
WGoFRhlGzHSJHM 0 0
WTSmutwcUKZyNM 1 1
Wbdus3QNjc_PxM 1 1
Wd5myrQWM4y5jM 0 0
WenBZRCvuIMxoM 0 0
WlLx-AdGwL1tUM 1 1
WmMgSQRUQM4_sM 1 1
Wmxg6lVYgrTsaM 1 1
WqF8aglYvMKSUM 0 0
WrOeeyfK7aUPpM 1 1
Wu9VFapZfkTa5M 0 0
X23BW9nj_g642M 0 0
X81BfwfJ17XPzM 1 1
XAc0x2o68pPxaM 0 0
XFDZNxlTWdjE7M 0 0
Xd50DifDjKODsM 0 0
XsgPohOo9Mq3CM 1 1
XvjtzJUXYEpHaM 1 1
Y-8SobGeeyW69M 1 1
Y93IDUfZip5nlM 0 0
Y9zuBdUhSXMQiM 0 0
YCj7fUlxxX8WWM 1 1
YGla6HsQ-8S7VM 1 1
YNhIxTwH_SfoPM 0 0
YStNk0pTnTf63M 0 0
YUZUa_cPjbxOnM 1 1
YYfI_u5Bk27VVM 1 1
YhPH29CejUX5EM 1 1
YiX1U39pPLDVrM 1 1
Yt3ZXmOMJsD_zM 0 0
Z10KrG9UZAZnoM 0 0
ZSzaj5r1q2ePMM 1 1
ZicWHds3cpzYkM 0 0
Zkg83m5tAGk1kM 0 0
_3c456wu94OdPM 1 1
_BdjSpfl6jLjiM 0 0
_GGg2yZPW0QgsM 1 1
_K6nyoqz3BoMzM 1 1
_M50qwF5fFX0SM 0 0
_ZV1QrooETkixM 0 0
_bnBSYRAiM8xfM 0 0
_hcInNApIl8F_M 0 0
_iOh1mgNOagPUM 1 1
_lr5-a1glKw_bM 1 1
_u3hc88HxfwUZM 0 0
_upecMKpfvsdyM 0 0
a5G7cuxaTRhwoM 1 1
a5vlh4PxJS4pwM 1 1
a6CmOWEk85deKM 1 1
aLaFLIx0u5LbfM 1 1
aimIptW8nmSoVM 1 1
aimhGcVlvw2wWM 1 1
arAqjlUG8aDlmM 1 1
bETHDoPPeNtRXM 1 1
bEaD_y1FUyyQ0M 0 0
bFnptIbcAFoCaM 0 0
bHKkhzx4obpUNM 1 1
bHmu8-v_pU2NOM 1 1
bJ6IWKLqn6LYjM 1 1
bOH0tnsXoRxDXM 1 1
bQOtfC-XnwBx6M 1 1
bRpH4b6h6wZ-XM 0 0
bZ1UQPuJD-vMvM 0 0
bcHGfRvN9aZE1M 0 0
blSSW2K9ubEmAM 0 0
bp0chkMQwbHxuM 1 1
br98_LKZeO7ZNM 0 0
budtJjQELa8baM 1 1
bwWI4JEa-uONHM 1 1
bwf7DRsDB2-JZM 1 1
c-3pzLHPasZAKM 1 1
c28RJootx48u6M 0 0
cB_gcHsaG8PxtM 1 1
cIjL9NaX5ZyJdM 0 0
cSVL7L1aecf_VM 1 1
cTPZS7gbIV4wPM 1 1
cZZpWL0bV2zzuM 1 1
ce9TXzCdULZDmM 0 0
cgmPZ2ZIu8Ih5M 1 1
cp0Zsf4-HjmKKM 1 1
cvMgvRqa72imvM 0 0
cw7alugqjcbNdM 0 0
cyxjdbPBrw4NlM 1 1
dKvd49pKVkYkRM 1 1
dLmPvdQF5o3IjM 0 0
dMQslDjUDhFvlM 1 1
dNsPaFWa9DTbHM 1 1
dWxkrpxYSZzFBM 0 0
dYTPmdqitXfUyM 0 0
dhx4qy19bvxMNM 0 0
djae-2GL161f6M 0 0
dn3K6ckzi4P_JM 0 0
e13K8UjI2EwgKM 0 0
eI6ouzUTsIFUpM 1 1
eS7ioS4G2-tvYM 1 1
eb3QpWUnVhWbKM 1 1
ed7yRZTgTwVRfM 1 1
eupGUG3wCG1YJM 0 0
eyScW10jn70k4M 1 1
eywRh-ZJx1ZKtM 1 1
fDm6SAtR_MMw4M 1 1
fcIVxpolu8lI6M 1 1
fd-5WU307XplCM 1 1
ffj5PocTaWprvM 0 0
fp05Zow_XViXnM 0 0
fwHMkhgpEHi6wM 0 0
g0xJ9ax3wi2l4M 0 0
g4lkKlm_-JNHjM 0 0
gEbvvGNMozWugM 0 0
gK24Qxj1TmxvdM 1 1
gSJ-zZH9vYTSlM 1 1
gWHy5n73btxirM 1 1
gjEnkM6Wq_jBzM 0 0
gljCd_HMQobyZM 1 1
h0rGi5g_R_KfDM 0 0
h3pYrpl1eJw_PM 1 1
hANb_xfdiPtB2M 1 1
hM9uZTYF05EOPM 1 1
hljjwksfmyS0oM 0 0
i-Yb__dTtWzTJM 1 1
i42f6xsbRlJILM 1 1
iMG5GYpyUF7q9M 0 0
iQQu0K_KJews8M 1 1
iVrnp9R1m7QgPM 1 1
iYqQNmfhfVICDM 1 1
ibakAL9sG26ItM 1 1
ip3IvyAqpZXGnM 0 0
iphzLwz6vMpIhM 0 0
j0CTQV2k2FKY9M 1 1
j1lCwjDqUHOsAM 1 1
jG8jRf6NRlEW9M 1 1
jHHkjWc5ZB9q2M 1 1
jHItBeTHKH5szM 1 1
jHPy76PUmyxHZM 1 1
jJeGQJQ4SW7WgM 0 0
jMRyUrk0odHncM 0 0
jNy5lh8oHtM1sM 1 1
jRxHTL3KvlXIzM 1 1
jfAaCRntq-Mk9M 1 1
k1Q0MLExMVYmAM 1 1
k9pyNXI_TdPfAM 1 1
kIhIpmFqzPR0sM 1 1
kJ2jbgYOhUOxvM 1 1
kMWy6adRbf7pgM 0 0
kOID-xT2geUHCM 0 0
kPtH57LIp5jDTM 0 0
kSvx_DcsIgd0_M 1 1
kjrlyLQEhOdGEM 0 0
kqhy0TF-bjq-PM 0 0
ks7vqSBnZ9s72M 1 1
kxHGg628IDDZHM 0 0
l-OZbAENW5BVEM 1 1
l7SAbFW9lNrXvM 0 0
l7r0uVZqhgOyaM 0 0
lN_a5yl2e_4dsM 1 1
la6C0Vge5SKrQM 1 1
lblBdk3fBhOeAM 1 1
liWC6c0KAubaIM 1 1
llxwt0_UdErcdM 1 1
lwhsrIpRVzUnwM 0 0
m3A1ryB2okwt5M 1 1
mJXVsIDvHRvR0M 0 0
mPuUAdGjblCyCM 1 1
mQ-NphTclG-VGM 1 1
mXIVk4SBNKQ9xM 0 0
mYGwO9sfVlil_M 1 1
mdSDfhqhD5wOlM 1 1
mrl7V6Q3RwgD0M 0 0
ms44jiDjLuatRM 1 1
myK2p11dIHtRoM 1 1
n4kS35HVJeg4aM 0 0
n9PZKRt-TEgQzM 1 1
nT8xp-3C1GGUOM 0 0
nkRUy7DvI0pYKM 1 1
nq0rJf7k9nC8HM 0 0
nwFqmWGdnK0JqM 0 0
nzkrRBsckyU9RM 1 1
o-YM1fwiz7udqM 0 0
o00hTRBQiioZeM 1 1
o3ctD2sawBYkdM 0 0
oCGm5E_HJRZtFM 0 0
oE0KK2V0fOuy-M 0 0
oU4WFKhlXsRA-M 0 0
olBb2AOQHKzntM 0 0
oyp-1vxUDnUu3M 1 1
p4kBJPk3o3T97M 0 0
pF0m1s-q0badlM 1 1
pZJfXubDz8fSyM 0 0
peu2wcY9QhuWDM 0 0
pexCMDXttKBnkM 1 1
pqQdx8efpBrZ5M 1 1
qbpuf_NKiZK8HM 0 0
qexvgItrHy9TKM 1 1
qg5PMYFba-cOgM 1 1
rFPqvJUK5fU3EM 0 0
rIf2fKQkTz6w4M 1 1
rkXcRqczS0WfdM 0 0
rtPUZ5jX_KAfwM 1 1
rtrKoftLQ7rdiM 0 0
rxAUR0PijMF1dM 0 0
s1IwVYtlCSsASM 1 1
sDHYq_h2ku8DAM 1 1
sE6RSnSzXo0KOM 1 1
sKnJopVDhEFpCM 0 0
sLE598pUmsHY0M 1 1
sLbjnbTsOFLelM 1 1
sQWarp87aYjcGM 1 1
sW50OZdoGvNJzM 0 0
s__hSPMrUMjwVM 1 1
shF4gsBLivuBIM 0 0
t33PP0poIXsSUM 0 0
t4ZD0Tg4gEBNLM 1 1
tHwMA3ln-J44hM 1 1
tJu1Wel8CzXiiM 1 1
tVHMLOJprnY0YM 0 0
tcgr0gSixaZeHM 1 1
thkmRAdKzudY8M 0 0
tokH8-PNrsX9cM 1 1
tq4Wkc2SZU8J4M 0 0
tr6FL8gsujZAiM 0 0
u3dYo0G21oV15M 0 0
uE7tItL8vY07HM 1 1
uJ_xrOR4vL8Q9M 0 0
uXXvQ_eI3Jx8IM 0 0
ubj_SXueUGFsDM 0 0
ug7cN5N2L4_bwM 1 1
unp8kNsmTmxSoM 0 0
uohubXwokKw5YM 0 0
uzuoGacGS47-qM 0 0
v3ehJTGXBEMqhM 1 1
vB05akLfjk5I5M 0 0
vD1wjaXuVgM-XM 1 1
vDvTzEmE58nAuM 1 1
vNinJ34sJW9BvM 1 1
vO1a1BjmkIlvVM 0 0
vP_n0TyLD3Jp1M 1 1
ve2nwOZgjXBwPM 0 0
veI74WtAvdhRmM 0 0
viNQBfybAPgTRM 0 0
vlgTsEwbn7V_RM 1 1
votWZRAJnklnrM 0 0
vzonr2958_4FEM 1 1
w-KImf7nx2dz-M 1 1
w2-zCBSJYGgFhM 1 1
wCw-e_iwP6E4RM 0 0
wEw4splphbDlJM 1 1
wGyrF2PU8wj6pM 1 1
wNO5cXWrfrhzsM 0 0
wNuiPuI0SrnLaM 0 0
wUthNauwiqiAZM 1 1
wi8vCYvV-nudiM 0 0
wt6qg2ncJLIkMM 1 1
wye0eQdVTEM9SM 0 0
x3AWIp1aH3BSeM 0 0
x5TOaV8_zEWbhM 1 1
x5pswB89HlerMM 0 0
xWqpr3HJi1iXVM 0 0
xf-WtNzpwDNOkM 0 0
xfzYf9NCT-eAJM 1 1
xhSGAiKqy2mo1M 0 0
xnB80AS2qN4XyM 1 1
xuBe_T1huGEcHM 1 1
y3orwa3BpoXq_M 0 0
y3w8ex1bXCy3cM 1 1
yJWdafKoETy3aM 1 1
yUqNjMjIwI1NgM 0 0
yafq0uhdaDaiHM 1 1
yhcafs4M6Ir37M 1 1
yjpsZI4CPFkVBM 1 1
yuFv3HFjabe86M 1 1
yuKBFib5_imSJM 1 1
z7c5AVGHLPqKyM 1 1
zZM6MPnvVItbxM 1 1
zfMlkThgM0TiRM 1 1
zgVee0_7ePWmcM 1 1
zlsw26a6v4fmvM 0 0
zpJbRdDgMxl3LM 0 0
