-27rKBr4ihqBpM 1 1
-Cw29i5gvp1fJM 1 1
-HJVdHAL0cINzM 1 1
-QEnaCqQPSDI2M 1 1
-UEcQNkRAp4_jM 1 1
-WBmvqLbbiRSIM 1 1
-WYfywqNk55-vM 1 1
-WhM7eCWmi7OPM 1 1
-e24MGmiiM6hsM 1 1
-ezIoDEkL2IuCM 1 1
-soTTgVMtwxaxM 1 1
00U7CELcQDvrqM 1 1
00_11WOEOdZ9yM 1 1
0IE1ejyaPrPm0M 1 1
0Jk430Da-eJQfM 1 1
0OH7AMiK_HEeGM 1 1
0SjJjUIttrTtPM 1 1
0ZHLEJGbkY4blM 1 1
0_0ipMY2-hDMfM 1 1
0nhHL7phASgvHM 1 1
0sVTc2QGBIngOM 1 1
10161824244 1 1
10217564114 1 1
10251660866 1 1
10257613344 1 1
104150402 1 1
104150418 1 1
104222619 1 1
10468513646 1 1
10575688525 1 1
10575693745 1 1
10575716166 1 1
10575728236 1 1
10575742654 1 1
10575952773 1 1
10575958363 1 1
10575967353 1 1
10575973593 1 1
10866413906 0 0
10866414196 0 0
10866530534 1 1
1087547692 1 1
109531588 1 1
11008080515 1 1
11008096435 1 1
11008197586 1 1
11008261244 1 1
11008262164 1 1
11054617606 1 1
11371419775 1 1
11371492624 1 1
115106628 1 1
115625578 1 1
115625620 1 1
115625655 1 1
11788282343 1 1
11793171526 0 0
11839498406 1 1
119369270 1 1
119369273 1 1
119369276 1 1
11dJHCibnWIqsM 1 1
120536944 1 1
121259168 1 1
12217170783 0 0
12221287 1 1
12352701895 1 1
12600564623 1 1
12600581173 1 1
12600991674 1 1
12729938853 1 1
12730263714 1 1
12780730263 1 1
12780743043 1 1
129235076 1 1
13012932953 1 1
13057404803 1 1
13108200285 0 0
1313151507 1 1
13138810285 0 0
134643760 0 0
1351625969 0 0
13543820 1 1
13615082 1 1
1363001803 1 1
13680408074 1 1
13730201865 1 1
13741359033 1 1
13962095157 1 1
14001925170 1 1
14019001361 1 1
1403408814 1 1
14042774965 1 1
14069420848 1 1
14085264008 1 1
1418480151 1 1
1419068372 1 1
14191379575 1 1
1420289252 1 1
14207010064 1 1
14280209453 1 1
142965154 1 1
143521752 1 1
14376258508 1 1
14404469770 1 1
14404473590 1 1
14404544239 1 1
14404685577 1 1
14420986384 1 1
1443911368 1 1
144786779 1 1
144786784 1 1
144910448 1 1
1451145272 1 1
14517789028 1 1
14519415115 1 1
14568117616 1 1
14589205984 1 1
1466426614 1 1
1469960738 1 1
1470348001 0 0
1470348229 1 1
1471205582 1 1
14724757978 1 1
14822104352 0 0
14843437613 1 1
148943275 1 1
1491072419 0 0
149yPYa04IjCjM 1 1
15027203397 1 1
15120584257 1 1
15136522508 1 1
15155791101 1 1
1519814588 1 1
1519814990 1 1
15284102116 1 1
15303973981 1 1
15307137975 1 1
15366925042 1 1
15396931736 1 1
15459003037 1 1
1547238 1 1
1548159122 1 1
15580860800 1 1
15652865770 1 1
1569160498 1 1
15716221551 1 1
15718130695 1 1
15728404530 1 1
1580628468 1 1
15835847151 1 1
15872294319 1 1
159910334 1 1
16006947985 1 1
16023530234 1 1
16037794493 1 1
16122563983 1 1
16164968187 1 1
16185575695 1 1
16276977974 1 1
16404984620 1 1
16642447929 1 1
16751972679 1 1
167927931 1 1
16805794782 1 1
16836256585 1 1
16843516251 1 1
1684430627 1 1
16855976465 1 1
16898365571 1 1
16899345715 1 1
16899352545 1 1
1699730661 0 0
1699797075 0 0
1699811747 0 0
1699824967 0 0
1700469642 0 0
1700497144 0 0
1700509090 0 0
1700525180 0 0
1700541544 0 0
1700556668 0 0
1700568022 0 0
1700595158 0 0
1700620986 0 0
1700635144 0 0
17047772758 1 1
1715562561 1 1
17269388036 1 1
1743349253 0 0
1744053405 0 0
1753099162 1 1
17685563224 1 1
1773427169 1 1
17849485920 1 1
1795299365 1 1
18037155455 1 1
1808131834 1 1
1808949273 0 0
18117966158 1 1
1812408436 1 1
181566881 1 1
182490405 1 1
182490455 1 1
18304698788 0 0
183053290 0 0
18340309168 1 1
1843114025 1 1
1858193592 1 1
1858199810 0 0
1866549795 0 0
18916956094 1 1
18916999464 1 1
19351567808 1 1
19539473065 1 1
19733434414 1 1
19756750625 1 1
1977451430 0 0
19932831685 1 1
1DZiwuvKqHL0TM 1 1
1Ja2yJvBNvPObM 1 1
1UopAPVoyE7AbM 1 1
1XK0CfXlzt9bQM 1 1
1XluKntizrkPiM 1 1
1_2VZNrbEc-IjM 1 1
1aUC7pDLC4pNCM 1 1
1bjKFUEtWzQEtM 1 1
1cexgQX4G4V7OM 0 0
1jbF_yqBJLIc-M 1 1
1sKq4Zd3ZD2OaM 1 1
2022954464 1 1
20329843626 1 1
20400818072 1 1
2042937169 1 1
2042937459 1 1
2042937841 1 1
2047748491 1 1
20478618403 1 1
20499142713 1 1
2051925100 1 1
20550559482 0 0
2055060063 0 0
2055841946 0 0
2058546019 1 1
20652804449 1 1
2073137506 1 1
20911604490 1 1
20911799178 1 1
2094488770 1 1
21073485586 1 1
21107389111 1 1
21107393601 1 1
21110089712 1 1
21120207775 1 1
2119982230 1 1
2127838343 0 0
21280911751 1 1
2133402955 0 0
21425048982 1 1
2151038654 1 1
21710064884 1 1
2175662011 1 1
21808145680 1 1
2203079540 1 1
22168764440 1 1
22169063818 1 1
22169962959 1 1
2217696358 1 1
2222255932 1 1
22226481316 1 1
2224116193 1 1
2226974395 1 1
2231686120 1 1
2232132445 1 1
2233974193 1 1
22367456861 1 1
22488655700 0 0
2254741279 0 0
22562013474 1 1
2258351155 1 1
22602068 1 1
2269378785 1 1
2269879963 1 1
2277897273 1 1
2280259403 1 1
2282459971 1 1
229765559 1 1
23019431195 1 1
23055721839 1 1
23081378263 1 1
23083751271 1 1
231339590 1 1
23164118010 1 1
23176446972 1 1
23224759675 0 0
2324092229 1 1
23266642621 1 1
2331459869 1 1
23349213295 0 0
23379552710 1 1
2338015028 1 1
2344467496 1 1
235570246 1 1
23613312534 1 1
23621169400 1 1
2370036141 0 0
2395239792 1 1
2397366555 1 1
2402324470 0 0
2417204473 1 1
2419388192 1 1
242478241 1 1
2433707077 1 1
24580796714 1 1
245833144 1 1
24594929850 1 1
2460038762 1 1
24609230624 1 1
24609235924 1 1
2485044148 1 1
2485044798 1 1
24864107346 1 1
24872210839 1 1
2490674073 1 1
2490674223 1 1
2491490776 1 1
24915832740 1 1
24915834530 1 1
2494051181 1 1
24944286720 1 1
24944298380 1 1
250160922 1 1
2510081766 1 1
25111007242 1 1
25111304303 0 0
25136060281 1 1
2515202648 1 1
2515203358 1 1
2515204130 1 1
25202978886 1 1
25216311914 1 1
25229258385 1 1
25229317965 1 1
2537801936 1 1
25407716344 1 1
2544260627 1 1
2547407277 1 1
2551536551 1 1
25522579543 1 1
25522580673 1 1
2555205743 1 1
2560137035 1 1
2564981852 1 1
2571867155 1 1
25731851074 1 1
2579549373 1 1
25944305063 1 1
25973904790 1 1
260811832 1 1
26099269286 1 1
26157366184 1 1
2627468705 1 1
2628753644 1 1
26581757750 1 1
26628717335 1 1
26666710290 1 1
2669395182 1 1
2680423951 0 0
2686743739 1 1
26946832675 1 1
26946834975 1 1
2698054850 1 1
269814931 0 0
2698759324 1 1
2700958119 1 1
2704155805 1 1
2712756128 1 1
2714527371 1 1
2715475675 1 1
2725536980 0 0
2725745683 0 0
273480423 0 0
2749245948 0 0
27586722336 1 1
27612219966 1 1
276168574 1 1
27638845715 1 1
27659132385 1 1
2777692881 1 1
2777692911 1 1
27779456602 1 1
278350739 1 1
2798474397 1 1
2798474885 1 1
2798475763 1 1
2798476227 1 1
2799324830 1 1
2799359659 1 1
27QXSEYzy-ZAKM 1 1
2812458006 1 1
28412342241 1 1
2843902308 1 1
285056765 1 1
285056807 1 1
285056959 1 1
2864020806 1 1
2865310941 1 1
2871229593 0 0
28976356884 1 1
29044126686 1 1
29046630963 1 1
290yE8tQ_qXdOM 1 1
2910483358 1 1
2910483460 1 1
291277373 1 1
2914567040 1 1
2921271196 1 1
29226387493 1 1
2924890519 0 0
29319262270 1 1
29380545710 1 1
29380545790 1 1
2943649960 1 1
2943650802 1 1
2944696497 1 1
2948627658 1 1
29521220321 1 1
29538638030 1 1
295416968 0 0
2956024269 1 1
29567655166 1 1
2964579259 1 1
2967332385 1 1
29686780624 1 1
2970369551 1 1
29711786063 1 1
2971213264 1 1
2971859299 1 1
29729687706 1 1
2975459735 0 0
2975736519 1 1
2976310734 1 1
2977439212 1 1
2980082366 1 1
29964944 1 1
2NFiiHW4gzlN2M 1 1
2XRnguPpNPto5M 1 1
2cjlRH3EwOyApM 1 1
2qVVFuS7o4DJiM 1 1
2rJ6muOqTcIPQM 1 1
2zfXysJoSTOGpM 1 1
3004996140 0 0
3014595270 1 1
30187481340 1 1
3025251757 1 1
3028360786 0 0
3042761534 1 1
304727144 0 0
3054783731 1 1
3061849010 1 1
306206439 1 1
3066043285 1 1
3068830639 1 1
3069025638 1 1
3069833877 1 1
3074558026 1 1
3081773454 0 0
308426291 1 1
3089780749 1 1
314406823 1 1
3157254498 1 1
3166728435 1 1
3180987595 1 1
3182889000 1 1
3183298674 0 0
3186615054 1 1
3198900520 1 1
3200069862 1 1
3201835319 1 1
3201994883 1 1
3202841702 1 1
3205022194 1 1
3206573301 1 1
321877127 0 0
3221795155 1 1
3222651520 1 1
3223447533 1 1
3227891950 1 1
3229413614 1 1
3237019277 1 1
3238505857 1 1
3240433892 1 1
3252674238 1 1
3275242697 1 1
327896996 1 1
3285082901 1 1
3290075521 0 0
3290256299 1 1
3290256699 1 1
3290257441 1 1
3290987730 1 1
3291075916 1 1
3291317253 1 1
329402320 1 1
3302053951 1 1
3304956171 0 0
3307943724 1 1
3324720124 1 1
3326037975 1 1
3326874458 1 1
3326875134 0 0
332778028 0 0
3347138723 1 1
3351642561 1 1
3352108337 1 1
3352226551 1 1
3354970975 1 1
3355790048 1 1
3362998724 1 1
3369209324 1 1
3371003895 1 1
3371824782 1 1
3379933657 1 1
3387924784 1 1
3389444959 1 1
3392464923 1 1
3402895831 0 0
3404192195 1 1
3405002422 1 1
3406199549 1 1
3407008442 1 1
3408487470 1 1
3418551772 1 1
3419425185 1 1
342035046 1 1
3423135889 1 1
3423943108 1 1
3424896387 1 1
3425706690 1 1
3461410603 1 1
3461411273 1 1
346210502 1 1
3471698586 0 0
3472954904 1 1
3477601702 0 0
3481335699 0 0
3482148940 1 1
34845319 1 1
34845371 1 1
348652283 1 1
3490229311 1 1
3490229529 1 1
3490229727 1 1
3490229855 1 1
3490230287 1 1
3490230865 1 1
3490231105 1 1
3490231443 1 1
3490232283 1 1
3491044368 1 1
3491044564 1 1
3491045128 1 1
3491045418 1 1
3491045562 1 1
3491045784 1 1
3491046142 1 1
3491046346 1 1
3500310894 0 0
3503833605 1 1
350727926 1 1
3511776685 1 1
3512226067 1 1
3512226467 1 1
3512226785 1 1
3518645657 1 1
3519498438 1 1
3527586373 0 0
3528399092 1 1
352840262 1 1
3535942436 1 1
353957633 1 1
3540423045 0 0
3543225970 1 1
3543226992 1 1
3546885349 1 1
3570087151 1 1
3570901050 1 1
3575229052 1 1
3584195852 1 1
3588218517 1 1
360315886 1 1
3605913890 1 1
3609223348 1 1
361224556 1 1
361224566 1 1
3612281212 1 1
362338567 1 1
364348344 1 1
3649346149 1 1
3657153025 1 1
3657153827 1 1
3657154585 1 1
3657155367 1 1
3657156065 1 1
3657157231 0 0
3657157941 1 1
3657951270 1 1
3657953262 1 1
3665581516 0 0
3670646878 0 0
369695953 1 1
3697957659 1 1
3737004698 1 1
374249720 1 1
3762522025 1 1
3763158909 1 1
3766531265 1 1
3773652404 1 1
37785474 1 1
3796877444 1 1
3802435400 1 1
3805377322 1 1
3823760117 1 1
3832019441 1 1
3857330920 1 1
3859763366 1 1
3859769714 1 1
3860618954 1 1
3867419253 1 1
3872225035 1 1
3872651159 0 0
3873407107 0 0
3874195016 1 1
3877954016 1 1
3888299147 1 1
388870092 1 1
3893105501 1 1
3896866548 1 1
38kYZi2bB6XskM 1 1
3901179845 1 1
390881558 1 1
3910342442 1 1
3912243799 1 1
3913846316 1 1
3915937198 1 1
3921053004 1 1
3922264581 1 1
3925398272 0 0
3932689396 1 1
394200719 1 1
3943640352 1 1
3958905766 1 1
3960670964 1 1
3978874958 1 1
3991473785 1 1
3994990959 1 1
3996368886 1 1
3999289478 1 1
3ATLSTsiDSIgTM 1 1
3J_IpqF7WZ_t3M 1 1
3JfcYBBGo0Oy8M 1 1
3ZU44YdcdS8WBM 1 1
3_LyYspFGR__yM 1 1
3aPHiA_VV1BDrM 1 1
3w-_HTJXvIbvwM 1 1
4002634664 1 1
4006169281 1 1
4009281769 1 1
4014564029 1 1
4020390689 0 0
4020394071 0 0
4020396513 0 0
4020401415 0 0
4020403973 0 0
4020406573 0 0
4021159430 0 0
4021169434 0 0
4021171944 0 0
4021174042 0 0
4021176940 0 0
4027755318 1 1
403060749 1 1
403061904 1 1
4032751537 1 1
4033504526 0 0
4036386713 1 1
4037035877 1 1
4037036187 1 1
4037138032 0 0
403861142 0 0
4039196860 1 1
4039196866 1 1
4040985408 1 1
4043943648 1 1
4044045122 1 1
4046142557 1 1
4055670337 1 1
4055670525 1 1
4055670661 1 1
4055670789 1 1
4064824600 0 0
4064826214 1 1
406867826 1 1
4070789099 0 0
4070885407 1 1
4076342797 1 1
4087124329 0 0
4100290369 1 1
4102993971 1 1
4106937119 1 1
4110683437 1 1
4111038857 1 1
4111448572 1 1
4116803215 1 1
4117573054 1 1
4117573212 1 1
4117573464 1 1
4125826936 1 1
4125827084 1 1
4135899835 1 1
4137950485 1 1
4149413 1 1
416097518 1 1
4165679496 1 1
4190890247 1 1
4195003316 1 1
4198385151 1 1
420459450 1 1
4207868652 0 0
4210356426 1 1
4217743234 1 1
4237914401 1 1
4238417181 1 1
4239719258 1 1
4239762708 1 1
4242911630 1 1
42457278 1 1
42457280 1 1
42457287 1 1
4247618593 1 1
4248391100 1 1
4262246311 1 1
4268501241 1 1
4270316949 1 1
4272355802 1 1
4273651491 1 1
4274395634 1 1
4274836698 1 1
4275549277 0 0
4276528567 1 1
4276529479 1 1
4276530581 0 0
4276530883 0 0
4276531101 1 1
4277273594 1 1
4277273682 0 0
4277273954 1 1
4286312208 1 1
4286312304 1 1
4286312362 1 1
4289484196 1 1
4296095475 1 1
4300701960 1 1
4308101505 1 1
4308839734 1 1
4308840300 1 1
4312700980 0 0
4318672516 1 1
4319583117 1 1
4335711238 1 1
4337730261 1 1
4352071939 1 1
4366533100 1 1
4371900097 1 1
4376528423 0 0
4377066789 1 1
4377188413 1 1
4377277374 1 1
4408159041 1 1
4434089839 1 1
4434865648 1 1
4434866208 1 1
4434866980 1 1
4434867194 1 1
4434867586 1 1
444154100 1 1
4443335211 1 1
445569641 0 0
4460288056 1 1
4465041229 1 1
446798848 1 1
4472167023 0 0
447711355 0 0
4479624061 1 1
449021430 1 1
4520696346 1 1
4526835759 0 0
4526838005 1 1
4526839129 1 1
4527465420 1 1
4527466614 1 1
4527467796 1 1
4538051958 1 1
4539956185 1 1
4545222520 1 1
45716861 1 1
457775988 1 1
4581909872 1 1
4595569885 1 1
4604644166 1 1
4605915622 1 1
4618717345 1 1
4619404798 1 1
4622005098 1 1
463321642 1 1
4649219788 1 1
467935084 1 1
4681064425 1 1
4685571958 1 1
4687041217 0 0
469230346 1 1
4713101973 1 1
4725593209 1 1
4726239596 1 1
472881445 1 1
4766152181 1 1
4768414624 1 1
4801738729 1 1
4806176500 1 1
4823274077 1 1
482716391 1 1
4827645081 1 1
48391129 1 1
483943693 1 1
484308428 1 1
4848063166 1 1
4848065648 1 1
4859497130 1 1
486003146 1 1
486004750 1 1
4865585511 1 1
4866203154 1 1
4920076247 0 0
4943634307 1 1
4946764989 1 1
494689920 1 1
494689922 1 1
494689924 1 1
494689928 1 1
4949159895 0 0
4952167849 1 1
495506160 1 1
4964300199 1 1
4965567331 1 1
4970276895 1 1
4998118084 0 0
4Dg2EVOQOsu-cM 1 1
4KrKSJD68oxJlM 1 1
4MW3apQ6-N06SM 1 1
4OX-jSATOxAEaM 1 1
4PCkMgfdy22JcM 1 1
4TpY3E_Xx2YwVM 1 1
4d5pdMfst2L5JM 1 1
4ibYRiATrM-3vM 1 1
4kGpS0rm_fL9HM 1 1
4ywLmt2ocV9FQM 1 1
5-FjpZPcwUbX3M 1 1
5002782285 1 1
5005341079 1 1
5010011266 1 1
5017992123 1 1
5027862936 1 1
504251713 1 1
5049092427 1 1
5064368494 1 1
507279339 1 1
5079947980 1 1
5084654240 1 1
5087301875 1 1
5110849331 1 1
5111616975 0 0
511613404 1 1
511613438 1 1
511613468 1 1
511613558 1 1
511638525 1 1
511638557 1 1
511638731 0 0
511638771 1 1
511963078 1 1
5120555163 1 1
5120555333 1 1
5120607017 1 1
5133272380 1 1
5147370382 1 1
5153243501 1 1
5161497924 0 0
5163203394 1 1
5163286591 1 1
5165943729 1 1
5176383637 1 1
5189263412 0 0
5192432546 1 1
5195352066 1 1
5202142406 1 1
5205589433 1 1
5211455714 1 1
5220606082 1 1
5222208016 1 1
5223369203 1 1
5224614346 1 1
5229537270 1 1
5235292731 1 1
5239325438 1 1
5241056967 1 1
525116847 1 1
525965609 1 1
5260110231 1 1
5260718226 1 1
526451530 1 1
526542161 1 1
526542541 1 1
5296574143 1 1
52mFL3FlWbNLkM 1 1
5300423058 0 0
5311216495 1 1
5311383918 1 1
5311807932 1 1
5337382519 1 1
5337385919 1 1
5341979603 1 1
5355716687 1 1
53561233 1 1
536144118 1 1
5381571920 1 1
5391680753 0 0
5394461398 1 1
5396712072 1 1
5399881355 1 1
5399881441 1 1
5399881501 1 1
5399881595 1 1
5399881689 1 1
53pELYfFa-NOcM 1 1
5400480506 1 1
54152357 1 1
543295297 1 1
5439185 1 1
5444430119 1 1
5444430695 1 1
5444437777 1 1
5445030718 1 1
5445031236 1 1
544808156 1 1
544808614 1 1
544809192 1 1
544809298 1 1
544943141 1 1
544943491 1 1
544944013 1 1
544944101 1 1
544944173 1 1
544944371 1 1
544944493 1 1
54648659 1 1
5479869817 1 1
5482766818 1 1
5518074455 1 1
5566615239 1 1
5582007409 1 1
5585342675 1 1
56166020 1 1
5617885152 1 1
5627540213 1 1
5649531465 1 1
5672294754 1 1
5678315295 1 1
5686982992 1 1
5686994364 1 1
5686995508 1 1
5689403739 1 1
5689403839 1 1
5689403935 1 1
5689976814 1 1
5694699589 1 1
5695064420 1 1
5701794707 1 1
5712082254 1 1
5727716133 1 1
5727716317 1 1
5728270426 1 1
5746304962 1 1
5754806310 1 1
5761086004 1 1
576695456 1 1
57747068 1 1
578776315 1 1
5800576900 1 1
5815194896 0 0
5832614103 1 1
5834148316 1 1
5861932508 1 1
5866167421 1 1
5866336022 1 1
5873497273 1 1
5882489227 1 1
5893465260 1 1
58jOz89s5YAC6M 1 1
5911855231 1 1
5919142876 1 1
5929316079 1 1
5929320129 1 1
5931078698 1 1
5939978235 1 1
5973767886 1 1
5996432085 0 0
59VJ-jUcZ0T9dM 1 1
5Nd2StS27xGoOM 1 1
5Wc0HqsbFNRvtM 1 1
5cG_ncDy-OVjSM 1 1
5hVnI9SXRm4SzM 1 1
5p8L9PLNsl-s-M 1 1
5rH3bxBYc81zSM 1 1
6006180785 0 0
6022848616 1 1
6074731126 0 0
6083247703 1 1
6091001050 1 1
6128747277 1 1
6129208888 0 0
61426898 1 1
6164571028 0 0
6173638399 1 1
6175691534 1 1
6176453741 1 1
6204680889 1 1
6205198648 0 0
6209091910 1 1
6212507097 1 1
6218359059 1 1
6218878438 1 1
6218879354 0 0
6223840357 1 1
6224616211 0 0
6226863962 0 0
6245604015 1 1
6252439828 1 1
6252552962 1 1
6257631312 0 0
6292668328 1 1
6293860862 1 1
62opteYlhxui4M 1 1
631237695 1 1
6318937791 1 1
632048801 1 1
632101716 1 1
632104644 1 1
6323068101 1 1
6324494760 1 1
6336863944 1 1
6338984642 1 1
6338985418 1 1
6341634697 1 1
6343714462 1 1
638846595 1 1
638846687 1 1
6392453315 1 1
6394678087 0 0
6407431471 1 1
645719341 1 1
646582860 1 1
647460595 1 1
6507627179 1 1
6507634091 1 1
6527649167 1 1
6565355163 0 0
6629591669 1 1
663162182 1 1
663162384 1 1
67213685 1 1
6798607388 1 1
6802144602 1 1
6802144872 1 1
6820023 1 1
6820024 0 0
6828875685 1 1
6831178367 1 1
6843966805 0 0
6845744214 1 1
6848906935 1 1
6851055033 0 0
6861568906 1 1
6874770116 1 1
6879000 1 1
6881469956 1 1
6885095544 1 1
6888882435 1 1
68893988 0 0
68yKggSzCzRvyM 1 1
6911279190 0 0
6925579916 1 1
6933035540 1 1
6954034902 1 1
6962949609 1 1
6962966970 1 1
6966173580 1 1
6970982950 1 1
6972283165 1 1
6974296752 0 0
6982079856 1 1
6997789366 1 1
6WKQlNq7yjpodM 1 1
6XSc0JpUhrRoRM 1 1
6Z4XE67HCTdYfM 1 1
6h3EUhs-PQEJcM 0 0
7-omCraLySK3SM 1 1
7031194313 1 1
7037335339 1 1
7065973733 1 1
7065974327 0 0
7105255527 1 1
7112250199 1 1
7112250385 0 0
71455951 1 1
71456879 1 1
71457082 1 1
7203960524 1 1
7204978738 1 1
7214038078 0 0
7219671850 1 1
7221754108 1 1
7265159796 1 1
7318904518 1 1
7339397678 1 1
7373614804 1 1
738693967 1 1
738693999 1 1
738694025 1 1
73BgStChgnPc6M 1 1
7426686630 1 1
7426686790 1 1
7426686926 1 1
751889840 1 1
7578725298 1 1
758080928 1 1
75994061 1 1
77603948 1 1
776528045 1 1
77857216 1 1
7791951802 1 1
779421332 1 1
7803390100 1 1
78219228 1 1
78219230 1 1
7847091660 0 0
7847094172 1 1
7847495370 0 0
7847496896 1 1
7951844942 1 1
7952371906 0 0
7952496422 1 1
7952498100 1 1
7952498766 1 1
7952499642 1 1
7952500394 1 1
7952501588 1 1
7952504422 1 1
7952505454 1 1
7952601990 1 1
7953071104 1 1
7957216862 1 1
7978586178 1 1
7990599976 1 1
7994401303 1 1
7DYXXrgw14OV2M 1 1
7J8FzAZTKAvGCM 0 0
7PR4E_q3A5tsyM 1 1
7ShVV2nz28ILTM 1 1
7_jAHWPCOxx2OM 1 1
7cMMKKJh22eZ7M 1 1
7gGI3hiwkC_vQM 0 0
7gn0voJomJoBRM 1 1
7kfVHUgIGM9qnM 1 1
7o5FNk-YOpvfuM 1 1
7yE4Quk9NEYLGM 1 1
8010135716 1 1
80294649 1 1
80294668 1 1
80477552 0 0
8051849710 1 1
80658882 1 1
80658883 1 1
806m6vy4PGyUcM 1 1
8094718315 1 1
8099376006 1 1
8104320830 1 1
8106850928 1 1
8111735381 1 1
8113853407 0 0
8120662946 1 1
8134577127 0 0
8184668024 1 1
8194166432 1 1
8204136175 1 1
8205714213 1 1
8233025745 1 1
8265195185 1 1
8266263796 1 1
8267467577 1 1
8325908436 1 1
8334760570 1 1
8349803305 1 1
8349808013 0 0
8350887816 1 1
8368867137 1 1
83741223 1 1
83859992 1 1
8397134758 1 1
8425822234 1 1
84349375 1 1
8436694260 1 1
8447524331 1 1
8502692532 1 1
8510456417 1 1
8525847455 1 1
8551845333 1 1
856454100 1 1
8576034921 1 1
8576035671 1 1
8581594743 1 1
8581594959 1 1
8581596557 0 0
8582695246 1 1
8582695490 1 1
8582696340 1 1
8602824849 1 1
8615502096 0 0
8624047210 1 1
8662483652 1 1
8684896020 1 1
8708754461 1 1
8728534874 1 1
8770172153 1 1
87830816 1 1
8815496841 1 1
8A6LeEHM5pndIM 1 1
8E7LssDj9VwPQM 1 1
8HYlPVK8JrygSM 1 1
8TNwQe9U6-aEwM 1 1
8YsMWT_XMqXxoM 1 1
8tzs3oGdHeqDdM 1 1
9087696519 1 1
91658921 1 1
9186650186 1 1
91886642 1 1
93657591 0 0
939454877 1 1
9418509944 1 1
9450378254 1 1
9471024245 1 1
9482430945 1 1
94rsrjdReQNUdM 1 1
9510029511 1 1
9510946787 1 1
9513192806 1 1
9513734722 1 1
95547024 1 1
95677126 1 1
9588143506 1 1
9602050350 1 1
9629257230 1 1
9629258510 1 1
9655236394 1 1
9665559032 1 1
9784969155 1 1
98277344 1 1
9839889414 1 1
99226535 1 1
9956754685 0 0
9956766934 0 0
9956791576 0 0
9DEw6lrWyfFW_M 1 1
9Q5WzyrphVQNfM 1 1
9TUc_Lz2OaFtnM 1 1
9ZirvOEBDcOz5M 1 1
9h5Bsp-hygrjBM 1 1
9k92G8sVzPyGvM 1 1
9myALyLU8TmkrM 1 1
9r6TicnQ08l-LM 1 1
9xBUtlP18cwAnM 1 1
APdVR5O3fMS7wM 1 1
AaUaTkm0AxdQSM 1 1
Ak-0pBQeCkypuM 1 1
As_AC3XgCYq_rM 1 1
AwiWHZ2SrnWn8M 1 1
B2yETer87OKEPM 1 1
BGUcGXaOtE_bvM 1 1
BL5f1mR85czb2M 1 1
BS49tzh0gSSAyM 1 1
BdEnDJy9MjWNVM 1 1
BmdfAX5MirKsmM 1 1
BqFoy6yQUluRoM 1 1
BvXshNSVD7MwVM 1 1
C4mv8u_weygxoM 1 1
CERK7Sn4rdXHhM 1 1
COcRsqZ8dlPIeM 1 1
CULHxS8pRMWkaM 1 1
CVR28EzGJUoXKM 1 1
Cj2vI7L-VuZABM 1 1
Cv0lJmEf_XmyvM 1 1
D1ls3MSbQ8Pl3M 1 1
DJpsXQq7BTNuTM 1 1
DWWOnzGHeb7KwM 1 1
DWqZLvyF7iSH5M 1 1
DZc9Xx6ko1mMNM 1 1
D_ADHI_9hdoHyM 0 0
DaCzL8WiSeczyM 1 1
Dq7MAzILjGp9zM 1 1
E-FVj-Q23Ul-EM 1 1
EA9sFdtsWAz-eM 1 1
EILaHa0xbv0IUM 1 1
EU4POTAgVS56eM 1 1
EawUFCG75fPA8M 1 1
EcYis9fBwusnXM 1 1
EhqrZCUVh8UarM 1 1
EmNvOZII4eAPsM 1 1
EmXT8qSydLcQkM 1 1
En_uvtTQEA05HM 1 1
Ep5uq8bG4dhaKM 1 1
Epz0pp05Ls9UzM 1 1
F2RdlYlJjsRMfM 1 1
F63fYglUcSmxsM 1 1
FBcqe0ZpCMZxwM 1 1
FV9eXMw3B2mBXM 1 1
FXsmbGUGtXbiZM 1 1
FZ9TW-m5lxc5aM 1 1
FaOQY9GiqR_8fM 1 1
FajlucIcU95g0M 1 1
FbE1IuGVrCxsKM 1 1
FdgbhePS8ZsdFM 1 1
FhUWqn5hGRpmxM 1 1
FhcpOQo_u-eP9M 1 1
FkqKU4d6Tt9UvM 1 1
FsRj1FDeQG1koM 1 1
FsoNHvvKlBZ1CM 0 0
G2rLkFf0EkmURM 0 0
GBE9EEJY3Fu6AM 1 1
GEl-L-jekLUfDM 1 1
GI2JSpHZQ6BCvM 1 1
GJ_jK4i3ghnwGM 1 1
GZpYqGuUoVaK8M 0 0
GiMEOrE21nV4WM 1 1
GskuPAq3jE6zDM 1 1
Gt4ezSVB8pHSwM 1 1
HG61oYYKGHs2vM 1 1
HJfUrtq7v32s_M 1 1
HN7J6KiTXQwhqM 1 1
HQAU_77GA-m10M 1 1
HRaT6G_WcieSDM 1 1
HZuHndFKhcbPiM 1 1
He-wzloabzOZCM 1 1
He7EmorRHDZOkM 1 1
HkFzrgPXLt9B5M 1 1
Hr0sE6uOSBDQMM 1 1
HsmadupgW5I0TM 1 1
I-35H5at7AuhVM 1 1
I1yV9KV_SUlbnM 1 1
I6jSS19jiMUnRM 1 1
ICJ9uotWPM7rAM 1 1
IIDYAKEuLOh0RM 1 1
IcEd4IvMZGzSgM 1 1
IcXDLi6vZHupPM 1 1
Ir8RvcdEF83iiM 1 1
J-U-gkGmi9jSGM 1 1
J2ZWjVq-E8Y5kM 1 1
JDYXtPQfiD1OoM 1 1
JIL587dobuMF-M 1 1
JVthmwBPTFsJ1M 1 1
JrjjBuZDI8IBPM 1 1
K0uMEr5jrWK1WM 1 1
KT4IObyupxk7sM 1 1
KW3K4-63JQspMM 1 1
K_F4-guZG8tCWM 1 1
KhFqJ3K0ZJ9XHM 1 1
Kx-My3aCgnFSJM 0 0
L2Hn9wbte6e03M 1 1
LZ4wk_L0t1hZoM 1 1
LjarU_H8t53CBM 1 1
LlDSJsnWQG10zM 1 1
LlmwGCtymyMvEM 1 1
LmbppjaEW6ur7M 1 1
LsLPhwYfIVjHAM 1 1
LsPRyrY-ViUeEM 1 1
Ltg-TGTHCcR8lM 1 1
M7OFnvBf2C2fXM 1 1
MPtdefiDc6rnqM 1 1
Mh2g2YNdQntS4M 1 1
Mjrlbkbghj0WiM 1 1
MlIzlidUxkrh2M 1 1
MnVGME5KEAcrCM 1 1
MoWtUBAymEoWrM 1 1
Mvxak8-iHYq7RM 1 1
N-HJwcGMADA-nM 1 1
N-wp4sDeYt69DM 1 1
N5i3QVrd9jQtMM 1 1
N7GvQbwJMyIW2M 1 1
N8joxMeP2L7BPM 1 1
NQ_zAbnBWQonxM 1 1
N_Y1wumo89gZRM 1 1
Nd-Xkdq1zES1vM 1 1
NxCys_goDf5xdM 1 1
O59m7bZI4j8IBM 1 1
O8pU9a6Cid1JYM 1 1
OR580lWkK6U6zM 1 1
OcD5E16YGqGF6M 1 1
OgAyQxVqSbFVmM 1 1
P9uuupO-qs6pEM 0 0
PA-w1vYjzlC1qM 1 1
PGcUeEW8AcBtYM 1 1
PPHsVBHKnhpedM 1 1
PRN39H2vSpJ82M 1 1
PTWksHwjKsHOZM 1 1
PWxwfy2c9lqX1M 1 1
PWySHIpOnra6iM 0 0
PevTXR2xkeRj4M 1 1
PgmN7gb06oVelM 1 1
PlnDijB7QwWPrM 1 1
PtLliQ7w7QQ5rM 1 1
Q0tKHlfCBKZbMM 1 1
Q0vn9iCgz7ZKqM 1 1
QCBUgbYSkY8yPM 1 1
QRQTgHkpBv4sQM 1 1
QeO8yNo14O3G8M 1 1
QffcJlUNzzMG7M 1 1
QgXPSIAiUoBe7M 1 1
QgtrcMmn8OcROM 1 1
QkTtd3es_XAk7M 1 1
QqL1lVxTEJr6_M 1 1
Qzda8MQFQkOegM 1 1
RWhwUr7nIMaqGM 1 1
RdPLcIV1mOGSNM 0 0
RswtP4-PpN5BoM 1 1
S-IlL6oSAcjEFM 1 1
S3L17edvmU3BvM 1 1
SAv3nGl5SFSfuM 1 1
SZ8IcSyIG2B3BM 1 1
Say0rO37D7IeSM 1 1
Sc4uKbYw7f49KM 1 1
ScpjGwfudoNavM 1 1
SrzQODOlwPpo2M 1 1
SvtmcTOoS-dVxM 1 1
SyYhPWHbHrAUcM 1 1
Syb7ZAbIKFKf2M 1 1
SycWobWVaOaB9M 1 1
TEXt5x5uiS034M 1 1
TFPavFeK-3M7FM 1 1
TMVWOvM_fU-VjM 1 1
TMXywRRbXbn25M 1 1
TNf7yesi02WOWM 1 1
TYbHFG1vWYe_eM 1 1
ToQvuG9Bkqmd1M 1 1
Tq-gaomO3tu4kM 1 1
Tt99Ey-Ac2luJM 1 1
U7rrLJkFTuVudM 1 1
UJiD4ICo_GCusM 1 1
ULVosQI_Ryh8EM 1 1
UcZgP_y7PB7wXM 1 1
UmWbcM5E2zLdYM 1 1
Ut3wf1TjiXh-OM 1 1
Vhcz6RqJRO46mM 1 1
VukFTE6Ft_Or0M 1 1
Vxr8H1w3EfbnxM 1 1
VzW5RP1YfSlvAM 1 1
VzYjOzLJka3WaM 1 1
W0406dlRUqzlWM 1 1
W19PJYCC2j1PxM 1 1
WDyhKforoEyicM 1 1
WGFAJzrrF9A0fM 1 1
WHAUeh5cTZweyM 1 1
WLCp_svhlh2tsM 1 1
WPZmd2jQDK1b_M 1 1
WRaIGBtGGX3SNM 1 1
WS0FMWr8dTtC2M 1 1
WVPAEuipng3u5M 1 1
WYagYtec_P3ThM 1 1
WwZ0dwLg0_f_ZM 1 1
WxRTvn7n5w2QQM 1 1
X4B9CGI6376eDM 1 1
X6r_JGoQjQVGmM 1 1
X7WcIcEu2abaHM 1 1
XF8-Me6TFxKa7M 1 1
XT39iSGATX7NSM 1 1
XiuMlue29-TD7M 1 1
XjiqVBng5NsIVM 1 1
Xo2yxOLMA7wMOM 1 1
XoUmofnqgIQASM 0 0
XvIGXsg_cxLigM 1 1
Y00BtVNgSkl60M 1 1
Y0Nzx2HialsaPM 1 1
Y1JL0po2V57kKM 1 1
Y3t2lMOstK5j7M 1 1
YQ3vtPuOO3RPQM 1 1
YY2cEZqf0pK0kM 1 1
Yc7QzHG4Un6TxM 1 1
YiFLn4WzBtOr3M 1 1
YnRPDecWc-u4hM 1 1
YqBWYnxqn6nWAM 1 1
Z0ER9nwxVyZcoM 1 1
Z4EkYb38eDGHLM 1 1
Z50tmIuJA3fD-M 1 1
ZAcErh6R7aCSmM 1 1
ZJKW-gepfrqKeM 0 0
ZaFAKXV6EIhBeM 1 1
Zn2CJff_JzU1kM 1 1
_EmiWkrBYUp0mM 1 1
_VBU9HskRwiUiM 1 1
_VTMtypa0fjLQM 1 1
_aH4ZWVg3wW-oM 1 1
_bGizFY1jZmF0M 1 1
_caOv8sIdN_NrM 1 1
_jnzapGs6Up0tM 1 1
_oWYZBRJIzFQmM 1 1
_oyN9mvBNSMsmM 1 1
_q_Aq5KAhnIr9M 1 1
_ukEsvZ_UhVfMM 1 1
a-HsJVesVYiE4M 1 1
a0wSu5TNrhdCLM 1 1
aCjjUMweMj90WM 1 1
aMASt4h-MiPBKM 1 1
aMJSQoF3JpGcZM 1 1
aR7bsJS79TzSKM 1 1
agewSR1_oltkaM 1 1
aiMa2L_ysE9-RM 1 1
aswR2TvthW_ElM 1 1
b49sLKwOoDUOmM 1 1
b6I5-_nfEAm-jM 1 1
bP-aoW78GfSAVM 1 1
bW_gkB8uum0pvM 1 1
badWignRcSRC2M 1 1
bayDSatZBkdC-M 1 1
bbHmELZhvBKA0M 1 1
bcoUdcCJ9PJMxM 1 1
bcuEVdGJaq5TuM 1 1
bhR-4VpuL6RkPM 1 1
bkW902mg6blSjM 1 1
bmOVRit0khBDQM 1 1
bmXzPVr19ocwKM 1 1
breCFf9GuKGqRM 1 1
bu8ZIZHX7qYJvM 1 1
c9pXOVQ5yVi4gM 1 1
cBA6bk7RfJN5PM 1 1
cEXhrxbK8Ot2yM 0 0
cFzkHqZh-yXIBM 1 1
cM6Y82XlBXyJpM 1 1
cND5VckHDwVOhM 1 1
clWFsEkaDvixBM 1 1
coEy59Ddg4cSPM 1 1
cvl6MKVhRHHo2M 1 1
cxrdCHukkURF8M 1 1
cybTFXvvbFq2hM 1 1
cyraT0SLZ1uLtM 1 1
d3fFf_oBBzpOMM 1 1
dDsayOIJioEHeM 1 1
dFGMvuPpEmQIYM 1 1
dYOsef8jifuuIM 0 0
dZ74INLzuYXnyM 1 1
d_g54hW8a3Ex1M 1 1
do4h-_sRnpIz9M 1 1
dxq9_KpoBhhnlM 1 1
e05LOK3HW_XHRM 1 1
eYX_R9smKWl1jM 1 1
egRggjEpKRkDtM 1 1
ek8t0rA3Wgu8oM 0 0
ekbEbLPJkkCeoM 1 1
eun3_GIvS96l5M 1 1
f02Y2s51QuRqBM 1 1
f4rhedrfo2XmSM 0 0
fAeEHzlIe7O74M 1 1
fDyIkxq2UeC--M 1 1
fJ9IALzeFLed9M 1 1
fUTcDe62FItadM 1 1
fdAvbMkfOt6gfM 1 1
feqAmruL4ZKmaM 1 1
ffKoL8oDtqiodM 1 1
fll_0UiMkxfbEM 1 1
fqWFIC6C8MIkxM 1 1
g0YTpdR_YwAmnM 1 1
g7ev9ADU5MfJUM 1 1
gB6vvK0JwnBB2M 1 1
gPqS92gPW0kgSM 1 1
gQO-GOmw3ZIKOM 1 1
gRnN4FGQxWnZAM 1 1
gVkHHtl9KYF3uM 1 1
gu1Af6N1wf2hGM 1 1
gvpbUuN_qZiSTM 1 1
h-XWygT9VigC-M 0 0
h1rDJyTkaBAJiM 1 1
hV6IgsZ9jf1HXM 1 1
hZiN599bQumUzM 1 1
he2byMfW_psmaM 1 1
heHyZmjwXulAnM 0 0
hluPn4ybFjiSZM 0 0
hqQ2Gd2ppjfKIM 1 1
iCKSH-r9sq9DbM 1 1
iJiHBRpMsI2kXM 1 1
iLTj7SZTfFAwWM 1 1
iTKJ_d0dbTSx5M 1 1
iVWdtyVSb1lf6M 1 1
iwxsF-zhRHpOgM 0 0
j4T5ka38iWhTgM 1 1
j4TJmWDGfS9a9M 1 1
j5su7q4fryGhSM 1 1
jF8EHrjCgv6zfM 1 1
jQ9pZ0CbL0WKtM 1 1
jThzY96gRz5mxM 1 1
jWttuF79GrqllM 1 1
jx2lFuysVXSS0M 1 1
k1HAlMJQqtM6RM 1 1
kAiz3b1mywhUuM 1 1
kPqZXNvSNkvlPM 1 1
kVW5lfsEKh342M 1 1
kahvLOa0tGitWM 1 1
klEpKum_9Tym-M 1 1
ktPUIDSxqurZqM 0 0
kt_WVTH33Z2p4M 1 1
kzwkUdJnpbPBuM 1 1
l02xprRZ1lhF6M 1 1
lExsB6zEYqI3LM 1 1
lGXPMwy4wamXRM 1 1
lHQDFIDhvSWrpM 1 1
lIJt2-91DIUbqM 1 1
lIRH-DKQfPecGM 1 1
lRccwuTVkhv-GM 1 1
lTE3ZKIup9qmoM 1 1
lfOxvQima-BGCM 1 1
ljmkYtcReaWd7M 1 1
lpnZCqz-spBQ_M 1 1
lqzz-MyZwotqRM 1 1
lsViIwBcys0_dM 1 1
m07MxzLMmd39mM 1 1
m0dQVHOnDgm3vM 1 1
m7Rd6szvVlRd5M 1 1
m9FETQYtaEGw8M 1 1
mHlnQTQIFSXfFM 1 1
mJL6ZPAXrVA-sM 1 1
mJN1X6SpRFkMPM 1 1
mfOHqHmc6XCPtM 1 1
mk1R7_igqxOZEM 1 1
mx3AhsqCWSHJOM 1 1
mxDqveOHhvcV3M 1 1
myBp6GVW6h98gM 1 1
mzdQ4s_tJgsjMM 1 1
mzgVDQV2ZjvseM 1 1
n2xZvdJo7i77lM 1 1
nJLMO0uFdMtu5M 1 1
nPmn8yUwUNFP6M 1 1
nZGdnnFrA11zOM 1 1
nbz0TEFzO94SXM 1 1
nf7Ao8dDhuUd-M 1 1
nhvt04kkq-lQBM 1 1
njWbVfO4IK3XdM 1 1
nuJeqWTUCEat2M 1 1
nuNbCzNMO03M6M 1 1
ny01P22qlHZSzM 1 1
o9dl3GKyqTQMjM 1 1
oL7PtoIGC3LnfM 1 1
oM8gUA9qomUskM 1 1
oPsb1SCEoos4IM 1 1
oVXbboLqe3aCpM 1 1
om6Q2PxW0jYd1M 1 1
os16jGb4BRG6qM 1 1
ovrjWSfsHqd56M 1 1
p4-vMvZ3jf1yNM 1 1
p8BiTTzFhk1-BM 1 1
pUBjesjchoSJYM 1 1
pUJ-FJcHfGQxNM 1 1
pZj3a4vG7hQ2IM 1 1
pbmQVyP_5z3wLM 1 1
peonbrMey6H7OM 1 1
phcuWaQ8nAqxeM 1 1
q7GCkSYOfJ9ysM 1 1
q7kG1xwmacrZgM 1 1
qHr1Vx37FcxUGM 1 1
qJVYyCcFjrtY4M 1 1
qO0IJKdDUx1VlM 1 1
qRmXnv91nDZcxM 1 1
qbbh0GrVqzOIgM 1 1
qo2DBsIQ6UQD3M 1 1
r5dZ2hs4p_RLgM 1 1
rA-_lf_I4xwOTM 1 1
rA7rZh0emrLBxM 1 1
rIErGc08T50EOM 1 1
rTNh1ygaqMRNOM 1 1
rZshxxSS1g1PwM 1 1
rmPg_TZWChJz2M 1 1
rmRSIYEuPSpBQM 1 1
rrB8kEvCzEVUpM 1 1
rvqTKzdrfdl2YM 1 1
rykwVluFMwP2-M 1 1
s-CFbE4d_beEJM 1 1
sAzph9bqHC-STM 0 0
sFFozGaW4O5f5M 1 1
st2L0WJsYo847M 1 1
t60BlcZrv6nO-M 1 1
tBUO_s9wzei5cM 1 1
tFxvuLYPK6dHTM 1 1
ti4367BMSHx49M 1 1
tqeRKEjJLHxCOM 1 1
u0ozjcaLN6x44M 1 1
u6ZF7lOXc7jfZM 1 1
uCm1zFvgHgVJAM 1 1
uLbc9o1JeGqQYM 1 1
uO4q1w7rgIodWM 1 1
uPreUOXSQGfCHM 1 1
uY2cv-_NFrLdTM 1 1
uk4QUE_KeFCchM 1 1
ulJLPmY4azj9bM 1 1
umnzTxMMLWx2RM 1 1
uuFYw0uOC9SjeM 1 1
v44Own9iZ5qotM 1 1
v7KG4A6s2Q3v8M 1 1
v7t59Q2aA7PJZM 1 1
vM7xr7iTsaFFUM 1 1
vXDhSaDN1WsonM 1 1
vnQrRbS0BNskXM 1 1
voJf-YCJWaQ5VM 1 1
vsm446y1leg-dM 1 1
vtLKfkfJFiskTM 1 1
vzUrTI721cDOTM 1 1
w6VE-fMLNxJCRM 1 1
w6WXt7OZb5-JFM 1 1
w6X1XwMv14LjVM 1 1
wEAa-0Q5Y6n8KM 1 1
wRYUkbhAE5N_VM 1 1
w_MKTpGEm3nCQM 1 1
wgYc28cr36zHWM 1 1
wj5LzA9dnfQaWM 1 1
wjDLObk5e1TKZM 1 1
wuimCJFM4t0WcM 1 1
wwiWkGn81CPpRM 1 1
x1jlRk7LxsurHM 1 1
x2gKNq_dgKzjLM 1 1
xGSwg0bzls6l2M 1 1
xKFAA57o6tDxmM 1 1
xQHxEq_vE5WJaM 1 1
xRwNsqnJgNrgvM 1 1
x_2HR4RqJInhWM 1 1
xcNErlszlwhMVM 1 1
xhH_wDgdzFrMlM 1 1
xlX7h0QWMypL7M 1 1
xocaaFApxaVIYM 1 1
xz8ekwYEHf_DVM 1 1
yCMxwZB39PWcYM 1 1
yImqUGlH49LpTM 1 1
yJuEbJdSFxPNtM 1 1
yMDrFOrSqdRh0M 1 1
yUkUdAJZP6nhzM 1 1
yVKbG5B5_Eo_eM 1 1
yVo7foWXKgtcuM 1 1
yf7SCG9m0bKkIM 1 1
yfAu_tvFP_cCPM 1 1
ylDDCnHQ3Gql4M 0 0
yt6HwU0cZwdmBM 1 1
z2gBjWk2fxjZyM 1 1
zHkNBA5ecgW8JM 1 1
zJwmZrSf7-KwhM 1 1
zUNGYkOqfAm1gM 1 1
z_VsQw4EZ5HLIM 1 1
zgEA19l5smikxM 1 1
zn9rscXbALFhpM 1 1
ztdXVv5d0621cM 1 1
zwE09undeFxrdM 1 1
