-82UDnh7bMt6cM 0 0
-9wTzlYWnfEi9M 1 1
-Bhz0CFxXCj3kM 0 0
-DKtViAl6fuduM 0 0
-Fh4dI5EDXICGM 1 1
-SMXIJYUmhrjDM 0 0
-nV13MalxzyPMM 1 1
-q63Si89CAdr3M 0 0
-sMsU2Xp5ZdX7M 0 0
-yLODLjaF2ebkM 0 0
-ymdfkJYwNjl1M 1 1
016ut0f7bVxWTM 1 1
09RVRtNQvEroiM 0 0
09tNJl4amChZzM 0 0
0R1HGlgWCPPH4M 1 1
0VZ_o2oA7DIpxM 1 1
0Ywb6x086Qo_UM 0 0
0bTF8A3RzZzVCM 1 1
0cx_WWHp9HY6CM 0 0
0ygJjJuDR28HSM 0 0
10083789695 1 1
10083800466 1 1
10083835543 0 0
10083841733 1 1
10083850273 0 0
10092885713 0 0
10101751124 1 1
10233322263 0 0
10247293696 0 0
10247405563 0 0
10331090973 0 0
10332956963 0 0
10408221143 0 0
10490515675 1 1
10490706613 0 0
10491800595 1 1
10506792024 1 1
10514450265 0 0
10514703253 1 1
10537009625 1 1
10570623433 0 0
10640241116 1 1
10665723056 1 1
10764452705 1 1
10776889164 0 0
10788197125 1 1
10826085133 0 0
10901239006 0 0
10961578845 1 1
10961648536 0 0
10961743514 0 0
10961803393 0 0
11029649655 0 0
1105976695 0 0
11074656656 1 1
11081540333 0 0
11088509603 0 0
11117984613 0 0
11179337994 1 1
11240719713 0 0
11253353645 0 0
11253357255 0 0
11253357645 1 1
11253388496 0 0
11253388686 0 0
11253389604 1 1
11253394074 1 1
11253447803 0 0
11253452833 0 0
11311988814 1 1
11312829764 0 0
11354681195 0 0
11365392504 1 1
11465901045 0 0
11466867683 0 0
11499947506 0 0
11522608504 1 1
11522692093 1 1
11523909435 1 1
11533056475 0 0
11631365693 0 0
11664298723 0 0
11723532626 0 0
11752442355 0 0
11791905384 1 1
11799135655 1 1
11841633066 1 1
11851580513 0 0
11879729946 0 0
11894555713 1 1
11927550873 1 1
11927729024 0 0
11928145106 1 1
11935728033 0 0
11981029525 0 0
12043055714 0 0
12143000303 0 0
12169351733 1 1
12204192033 1 1
12235826135 0 0
12268659415 1 1
12269228476 1 1
12272024055 0 0
12277471944 0 0
12309081974 0 0
12344112053 0 0
12398596393 1 1
12417502175 1 1
12434487343 1 1
12456260533 0 0
12512664595 0 0
12559663163 0 0
12562608945 0 0
12562611015 0 0
12573281433 0 0
12575967594 0 0
12576270414 1 1
12602231484 0 0
12641698375 1 1
12730938353 0 0
12738740875 1 1
12739283874 1 1
12759407654 0 0
127945721 0 0
12901579565 0 0
12942979875 0 0
12943387154 1 1
12949742034 0 0
12956507884 0 0
13156938675 1 1
13157918534 0 0
13201942504 1 1
13213288853 1 1
13218086595 1 1
13228984973 0 0
13243311245 1 1
13311181113 1 1
13363114043 1 1
13371994815 1 1
13372378144 0 0
13395139263 1 1
13480260513 1 1
1349815309 1 1
136134544 0 0
13719530124 1 1
13761954674 0 0
13767392085 0 0
13822473654 1 1
13823106514 0 0
13824591605 0 0
13827156964 0 0
13827161864 0 0
13856616253 0 0
13856934844 1 1
13856943774 1 1
13856953934 1 1
13870128624 0 0
13873019464 1 1
13873027054 1 1
13885301116 1 1
13892446209 1 1
13904675907 1 1
13905683018 1 1
13909503212 0 0
13928011454 1 1
13930046963 1 1
13930047353 1 1
13960616107 1 1
13970871791 1 1
13981384776 1 1
13997704975 0 0
13udyIlewBkC9M 0 0
14002883006 1 1
14011014634 0 0
14013808230 1 1
14025586941 0 0
14036850059 0 0
14053632565 0 0
14055918992 0 0
14055919762 0 0
14059117665 0 0
14059566364 1 1
14061997678 0 0
14064347750 1 1
14064374197 1 1
14069015457 1 1
14075127340 0 0
14079155403 1 1
14091240787 0 0
14092265295 0 0
14103340874 1 1
14127724040 0 0
14131364667 1 1
14135074609 0 0
14137423814 1 1
14175525012 0 0
14179189738 0 0
14195780719 1 1
14199362612 1 1
14208921847 1 1
14218350725 0 0
14218570604 1 1
14235765879 1 1
14239058986 1 1
14258852641 1 1
14261349074 0 0
14261739845 0 0
14261781204 1 1
14262180415 1 1
14273389056 1 1
14276065938 1 1
14281051377 1 1
14286203455 1 1
14286699066 0 0
14294869548 1 1
14305455021 0 0
14307981080 1 1
14308025659 1 1
14308035378 1 1
14310122033 0 0
1431320845 0 0
14323205113 0 0
14326458801 1 1
14328047182 1 1
14334616498 1 1
14335554446 1 1
14353460949 0 0
14358440316 1 1
14360159445 1 1
14362419550 0 0
14381481332 1 1
14393215583 1 1
14396443276 1 1
14414748107 0 0
14421685275 0 0
14458984934 0 0
14477411548 1 1
14481939244 1 1
14494643555 1 1
14501597723 1 1
14542359572 0 0
14565255530 0 0
14571985184 1 1
14583098610 0 0
14649442503 1 1
14676745046 0 0
14684284217 0 0
14691546227 0 0
14705267803 1 1
14709807791 0 0
14716256321 0 0
14742845162 1 1
14754653337 1 1
14771194384 0 0
14781605786 1 1
14802137101 1 1
14812173918 1 1
14814022597 1 1
14818306456 1 1
14855095896 0 0
14860717245 1 1
14867728261 1 1
14868349044 0 0
14880612223 1 1
14885514658 0 0
14888966099 0 0
14889896383 1 1
14911498623 0 0
14933625763 1 1
14935544163 1 1
14935806021 1 1
14935808681 1 1
14936159795 1 1
14936738234 1 1
14946550461 1 1
14957030902 0 0
14957290391 1 1
14961747440 1 1
14963635298 1 1
14984710674 1 1
14992043787 1 1
14VJ966Ht7iGTM 0 0
15030743580 1 1
15038323592 1 1
15040955989 1 1
15046608589 0 0
15076619737 1 1
15079230146 1 1
15092352780 1 1
15110110125 0 0
15125390276 1 1
15137057681 0 0
15146148990 0 0
15152045168 1 1
15168601091 0 0
15174916240 1 1
15189762913 0 0
15202827065 1 1
15210564684 1 1
15225152916 0 0
15254053032 0 0
15279454732 1 1
15314470278 1 1
15328557354 0 0
15331232010 0 0
15357967731 1 1
15366840535 1 1
15375223224 1 1
15377842023 0 0
15377842033 1 1
15383353828 0 0
15408127776 1 1
15412959943 0 0
15425152408 0 0
15432795647 1 1
15460600384 0 0
15471863663 1 1
15472642394 0 0
1548942940 1 1
15516079032 0 0
15533790356 0 0
15533792016 1 1
15534894214 0 0
15548276307 1 1
15549204748 1 1
15554583273 1 1
15555250201 1 1
15562370612 1 1
15604010489 1 1
15607288944 1 1
15617366872 0 0
15619623102 1 1
15631326242 0 0
15633336889 1 1
15652420326 0 0
15673691385 1 1
15678627062 0 0
15687689964 0 0
15706970850 0 0
15708112166 1 1
1573571871 1 1
15765079616 1 1
15783784153 1 1
15811467449 1 1
15820301979 1 1
15835752370 1 1
15838518599 0 0
15844039485 1 1
15850815372 0 0
15858525993 1 1
15870596479 1 1
15872847295 1 1
15901659735 1 1
15901849777 1 1
15906922671 1 1
15907880057 1 1
15909534776 1 1
15911745845 0 0
15916092299 0 0
15917730099 0 0
15922231124 1 1
15925072137 1 1
15925211670 1 1
15944506170 1 1
15955568599 0 0
15960399374 0 0
15984927877 1 1
15988101876 1 1
15995489431 1 1
15996861071 1 1
16001987653 1 1
16016766195 0 0
16032596545 1 1
16056139861 1 1
16061518186 0 0
16074738084 1 1
16085044676 0 0
16088746556 1 1
16094962405 0 0
16107042927 1 1
16107853095 0 0
16108685011 1 1
16108916161 1 1
16108916221 1 1
16110101432 1 1
16161403258 1 1
16179670884 1 1
16207065758 0 0
16234455700 1 1
16256552837 1 1
16256582051 0 0
16270903582 1 1
16271718135 1 1
16275745187 0 0
16321403906 1 1
16418845095 1 1
16424952720 0 0
16429545486 0 0
16469513076 1 1
16476758988 0 0
16495533142 1 1
16512455 1 1
16554675777 1 1
16660880241 1 1
16677075589 0 0
16685199201 0 0
16707183336 0 0
16721580292 0 0
1674482784 1 1
16764843692 0 0
16798330049 0 0
16833585908 1 1
16862177491 0 0
16996416284 0 0
17005843808 1 1
17007435368 1 1
17152890201 1 1
17158299735 0 0
17255917771 1 1
17514682926 1 1
17732542854 0 0
17734541353 1 1
17857226598 1 1
18355185775 1 1
18689891346 0 0
18769285041 1 1
18NArGECmjVtWM 0 0
19556108883 1 1
19581958504 0 0
1R_7pnC2AW1eYM 0 0
1VzxCdXYFy_noM 0 0
1ZWTmzgOKSRWJM 0 0
1i6eFGjY2KX5RM 0 0
1qOx-NjvvyIBlM 0 0
1ue6GrMxpHh6tM 1 1
20151531713 1 1
20424491514 0 0
20557324554 1 1
2060726242 1 1
2079405630 1 1
20979104498 0 0
2115135566 0 0
2129338534 1 1
2145135012 0 0
2150359282 1 1
2153337942 0 0
21970313506 0 0
22036368010 0 0
2211784258 1 1
2213116889 0 0
22208440313 1 1
2221685315 0 0
2222476768 1 1
22277010704 1 1
2232300022 1 1
22367628853 0 0
2251383832 1 1
22635529515 0 0
2264101545 0 0
2264102007 0 0
2264102403 0 0
2264893322 0 0
2270291819 0 0
2276069770 1 1
2278050810 0 0
22907159905 1 1
22989736216 1 1
23019134539 1 1
23062461352 1 1
23200112913 0 0
2328891770 0 0
23411393752 1 1
2346695670 0 0
23626090264 1 1
23652776090 1 1
2372918577 1 1
2373734536 1 1
2385362917 1 1
2386203188 1 1
23891839163 1 1
24045767019 1 1
2424685448 1 1
24469544749 0 0
2476756987 0 0
2485045408 1 1
2491520179 0 0
2498487405 1 1
2509910103 1 1
2510284449 1 1
2537245840 0 0
25569331433 1 1
2568259246 1 1
2568259974 1 1
2568263926 0 0
25833402105 0 0
2588029080 1 1
26116644355 1 1
26537235612 1 1
26756013291 0 0
27140600821 0 0
2720147090 0 0
2772638736 1 1
27872570112 1 1
2791329011 1 1
27_tFaUtceHjZM 0 0
2861554709 0 0
2866966504 0 0
2902250493 1 1
2902250945 0 0
2904988133 1 1
2914396870 1 1
2921624421 1 1
2922472910 1 1
293997822 0 0
2940306616 0 0
2950536388 1 1
2951516033 1 1
2952205378 1 1
2954343640 0 0
2954355228 1 1
2963597460 1 1
2994946778 1 1
2998393997 1 1
2OfNqLtptGwbSM 1 1
2PYlHbPNdOo7zM 0 0
2Rz3IVHMaL0WTM 0 0
2_BEVpOdP9Qy7M 0 0
2e57ImHypjpkBM 0 0
2k8W7Oha7sLLOM 1 1
2o4aTJgTOHZhpM 0 0
2o_vhjTcXGtcvM 1 1
2siho0_RejZPjM 1 1
2xoPuPeYGN865M 1 1
2yqiJScfLupx-M 0 0
2zWJ9MPiNyunCM 1 1
2ztTgpZF6bn2RM 0 0
3010109423 0 0
3014654283 1 1
3040865777 1 1
3047155683 0 0
3047156315 1 1
3074428295 1 1
3080771468 0 0
3085183517 1 1
3086022566 1 1
309493704 1 1
3111202366 1 1
3112052811 0 0
3126539351 0 0
3127203010 1 1
3131842490 0 0
3134264841 0 0
3154435669 0 0
3154922035 1 1
3157517551 1 1
3164130198 1 1
3198800917 0 0
3200771769 0 0
3209921624 1 1
3218725489 1 1
3219576544 1 1
3219576864 1 1
3219577332 1 1
3219577768 0 0
3230174704 1 1
3230176000 0 0
3241618531 1 1
3244729545 1 1
3255866572 1 1
3262628785 1 1
3263452924 0 0
3280082458 1 1
3280734064 1 1
3284576560 1 1
3284996855 0 0
3290621303 0 0
3291439850 1 1
3300834496 1 1
3304719350 1 1
3317357316 0 0
3323514328 0 0
3327597888 1 1
3330090540 1 1
3337157792 0 0
3337355466 1 1
3352910452 0 0
3354090060 0 0
3385619257 1 1
3390756654 1 1
3399941676 1 1
3457168807 1 1
3459904539 1 1
3459905371 0 0
3459906155 0 0
3470723459 0 0
3471534080 1 1
3485158526 0 0
3492727476 1 1
3507538250 1 1
3523061311 1 1
3524375954 1 1
3527526436 0 0
3531717231 1 1
3532368739 1 1
3536497540 0 0
3560347594 0 0
3564452143 1 1
3564988707 1 1
3565269792 1 1
3568071716 1 1
3570563894 1 1
3576564095 0 0
3580328868 0 0
3581818909 0 0
3585533831 0 0
3593441798 0 0
3637909774 0 0
3650219151 0 0
3651362015 1 1
3651377763 1 1
3651505685 1 1
3652193612 1 1
3652198868 0 0
3652208312 1 1
3656044600 1 1
3662558151 1 1
3673821294 1 1
3679982483 0 0
3683822689 1 1
3685000759 1 1
3685809378 0 0
36zEmDeqkRy8gM 0 0
3736377065 1 1
3742204371 1 1
3757882421 1 1
3758652032 0 0
3758677784 1 1
3764673538 1 1
3771546421 0 0
3773354764 1 1
3773355098 1 1
3773356630 1 1
3786292289 1 1
3812270438 0 0
3815274674 0 0
3818363882 0 0
3818425217 1 1
3828537666 0 0
3834593907 1 1
3852643211 1 1
3862323340 1 1
3862358058 1 1
3864080732 1 1
3877788605 1 1
3877791313 1 1
3898349390 0 0
38l7uwgyBqqr6M 0 0
3904706271 1 1
3908405598 1 1
3924925080 1 1
3947199367 1 1
3947981768 1 1
3947983514 1 1
3950653836 1 1
3978557847 1 1
3999855682 0 0
3R3oQJe6nPU_EM 1 1
3Sx5myHBzOFIlM 0 0
3aXYxNXNP3nu1M 1 1
3oGUGBLa2-uCqM 0 0
3ozisd5PxHQnBM 0 0
3qaRnUhaWaVfxM 0 0
4013907253 1 1
4023209035 0 0
4046135428 1 1
4065064603 1 1
4065074595 1 1
4070739031 0 0
4081442680 1 1
408405080 1 1
4086833117 1 1
4093868288 1 1
4093868404 1 1
40SGbhe6wCmzuM 0 0
4102595004 1 1
4106836450 1 1
4125108897 1 1
4125877318 1 1
4128004329 1 1
4129503770 0 0
4135303358 0 0
4135303416 1 1
4140293596 1 1
4145447022 0 0
4146860462 1 1
4156756220 0 0
4158990996 1 1
4161046953 1 1
4162583026 1 1
4162584598 1 1
4169298039 1 1
4177091774 0 0
4193001718 1 1
4217094367 1 1
4226157712 1 1
4234690568 1 1
4234762607 1 1
4235504305 1 1
4239068073 1 1
4243321887 1 1
4253332765 1 1
4257847718 1 1
4259788191 0 0
4261448948 1 1
4263097091 0 0
4264093079 1 1
4279167547 1 1
4279974918 1 1
4279993894 1 1
4280022328 1 1
4297614281 0 0
4310688313 1 1
4317101570 0 0
4319957687 1 1
4323797872 1 1
4331986384 0 0
4336330998 0 0
4337858973 1 1
4357575658 1 1
4358499953 1 1
4359242958 1 1
4359243342 1 1
4359244398 1 1
4359670875 1 1
4359673161 1 1
4360410316 1 1
4360902905 1 1
4361603594 1 1
4365620241 1 1
4371797676 1 1
4373168687 1 1
4376629534 1 1
4378751857 1 1
4379505352 0 0
4379506372 1 1
4392129934 1 1
4425328696 1 1
4433127963 1 1
4440475237 1 1
4447941852 0 0
4459301616 0 0
4469727767 0 0
4475640365 1 1
4480485917 0 0
4483334888 1 1
4483335202 1 1
4483335534 1 1
4493408427 1 1
4493416383 1 1
4493436537 0 0
4494023424 0 0
4494053786 1 1
4494076796 0 0
4505980627 0 0
4514768284 1 1
4519749449 1 1
4526495901 0 0
4528734501 0 0
4528737733 0 0
4528738437 1 1
4529368178 0 0
4533440580 0 0
4534237896 0 0
4541239613 0 0
4544677267 1 1
4545044111 1 1
4545256852 1 1
4546663229 1 1
4546669589 0 0
4546670213 0 0
4547298110 0 0
4550198610 1 1
4554698377 1 1
4554698761 0 0
4569374477 1 1
4569621215 1 1
4570259456 1 1
4572969034 1 1
4585162706 1 1
4588432691 0 0
4592787411 1 1
4593039293 1 1
45ojRnj-Qpz7vM 0 0
4609566111 1 1
4616096450 1 1
4617276239 1 1
4624214560 0 0
4628798882 0 0
4628799468 0 0
4650154698 1 1
4653607428 0 0
4675061295 1 1
4680907828 0 0
4690189173 0 0
4690521384 1 1
4693802823 1 1
4714566476 1 1
4714685395 1 1
4714686321 1 1
4714691157 1 1
4720762835 0 0
4721382354 0 0
4743912365 0 0
4781223589 1 1
4788907764 1 1
4790307781 1 1
4795310212 1 1
4802315358 1 1
4803794098 0 0
4804246628 1 1
4818515982 1 1
4856823674 0 0
4859440977 0 0
4859924061 0 0
4869453780 0 0
4869630594 0 0
4884994029 1 1
4926984555 1 1
4961085795 0 0
4965622043 1 1
497903312 0 0
4986667654 1 1
4993942099 1 1
4993953965 1 1
4999600487 1 1
4I3omFDiklfLoM 0 0
4Jc-RRU9PGP2jM 1 1
4OkzMVddSnjP_M 0 0
4YlHvgnKwFduqM 1 1
4iDE0xUPK0wZsM 1 1
4y8MgxhIMJLGdM 0 0
4zBR85hQDMMnUM 0 0
5013635954 1 1
5013636212 0 0
5014423121 1 1
5015030186 1 1
5026964970 1 1
5027526361 1 1
5028286500 1 1
5033608294 0 0
5043728415 0 0
5057470911 1 1
5065422245 0 0
5075851389 1 1
5086530366 0 0
50jsR0FztJT_6M 0 0
51-6RbGKNi7bvM 1 1
5112564620 0 0
5155911924 0 0
5196820363 0 0
5219673012 0 0
5243954846 1 1
5246506425 0 0
5265206286 0 0
5268607390 1 1
5273704242 0 0
5275748118 1 1
5276036267 0 0
5277582406 0 0
5282766507 0 0
5283532033 1 1
5288280499 0 0
5289237678 1 1
5294742637 0 0
5294996091 0 0
5295038025 0 0
5295636276 0 0
5299178802 1 1
5324796813 0 0
5324797003 1 1
5324797617 0 0
5325406216 1 1
5330482162 0 0
5334686284 1 1
5341097559 1 1
5341630213 0 0
5341712468 1 1
5348987847 0 0
5351502275 1 1
5353531548 0 0
5360049334 0 0
5360240305 0 0
5364575734 1 1
5365926344 0 0
5372086139 1 1
5372086181 1 1
5373903909 0 0
5378832913 0 0
5384392813 1 1
5385711852 0 0
5386922980 0 0
5388953346 0 0
5392112167 0 0
5392372856 0 0
5392818005 0 0
5396214192 1 1
5397383050 1 1
5399572180 0 0
5416683267 1 1
5416687327 1 1
5417733665 1 1
5417733723 0 0
5421175671 1 1
5426832117 0 0
5427539429 1 1
5436740685 1 1
5436743217 0 0
5437352908 1 1
5440063689 1 1
5445912339 0 0
5446519177 1 1
5459067154 0 0
5459070330 1 1
5459071610 1 1
5460747377 0 0
5464075084 0 0
5464626233 1 1
5481429234 1 1
5483711829 0 0
5489560490 0 0
5490181627 1 1
5499265345 0 0
5499265407 0 0
5501785200 0 0
5503649852 0 0
5507383846 1 1
5522645077 1 1
5523500762 0 0
5524659602 1 1
5524783897 0 0
5525255321 1 1
5530986840 1 1
5546069689 1 1
5549162110 0 0
5553028642 1 1
5556580885 0 0
5557165116 0 0
5562109333 1 1
5562325777 1 1
5562685554 1 1
5566694773 0 0
5576221297 1 1
5580072410 1 1
5581431706 0 0
5585047925 0 0
5587044940 1 1
5592833833 0 0
5599150976 1 1
5606046604 1 1
5609042637 1 1
5609814233 0 0
5614016689 1 1
5618000921 0 0
5625339777 0 0
5627220377 0 0
5637375506 1 1
5637640680 0 0
5638850741 0 0
5641034367 1 1
5649253386 0 0
5676015471 1 1
5676578018 1 1
5677048584 0 0
5679412409 1 1
5684298442 0 0
5685518018 1 1
5696894727 1 1
5724408705 1 1
5724965764 1 1
5734743181 1 1
5743954531 1 1
5749090933 1 1
5760486306 0 0
5788379385 1 1
5788382015 0 0
5788398743 1 1
5788733676 1 1
5795810881 1 1
5796558454 0 0
5806540900 0 0
5806543306 1 1
5813124581 1 1
5821975980 0 0
5825903797 1 1
5826590666 0 0
5836196963 0 0
5839433132 1 1
5859292729 1 1
5896550739 1 1
5897113478 0 0
5897121356 1 1
5905160883 0 0
5907863274 1 1
5917047124 0 0
5917406796 0 0
5919582889 1 1
5923202040 1 1
5928821743 1 1
5955068653 0 0
5958959191 1 1
5959522570 1 1
5959530096 1 1
5964976210 1 1
5972706800 0 0
5977903130 0 0
5981669344 1 1
5983779298 1 1
5987780308 0 0
5993964823 1 1
5J8hvCzAxPosGM 0 0
5UrqEVk71aCCwM 0 0
5eKnb_MAUPrgdM 0 0
5j2DDsnU1X94mM 0 0
5q4ohl0gWSTLLM 0 0
6007748659 1 1
6008831032 1 1
6009005830 1 1
6022212481 1 1
6029800537 1 1
6033631998 1 1
6041275209 0 0
6041821326 0 0
6059182151 1 1
6071201733 0 0
6071742830 0 0
6082103542 0 0
6082111738 1 1
6090766441 1 1
6116750944 1 1
6134660435 0 0
6141974901 0 0
6149429901 1 1
6163039397 0 0
6166443543 1 1
6169254033 0 0
6193834485 0 0
6194947121 1 1
61BOz2_hxcIOvM 1 1
61Dk_SBx6IjGVM 0 0
61TC-xWyBp47gM 0 0
6203267221 0 0
6206266708 1 1
6208028522 1 1
6208567409 0 0
6210954958 0 0
6212386699 0 0
6218206211 0 0
6218712434 0 0
6225507259 1 1
6230349856 0 0
6250895586 0 0
6262628704 1 1
6265621653 1 1
6265957995 1 1
6286259492 1 1
6290095669 1 1
6291478734 0 0
6298056266 1 1
6323519561 1 1
6324054254 1 1
6326477771 1 1
6327666238 0 0
6363404255 1 1
6364076681 0 0
6393532135 1 1
6393532279 0 0
6398337263 1 1
6404835109 1 1
6456728369 0 0
6466510349 1 1
6466512265 1 1
6477090969 1 1
6487168555 1 1
6489176821 1 1
6497652591 1 1
6497666089 1 1
6508631629 0 0
6513824749 0 0
6528674189 0 0
6531772499 1 1
6531772909 1 1
6531773357 1 1
6559816631 1 1
6562070439 1 1
6571719821 1 1
6574290819 0 0
6612813463 0 0
6615040149 1 1
6633382879 0 0
6643119487 0 0
6660649249 0 0
6681593061 0 0
6681594595 0 0
6689767181 1 1
6694553371 1 1
66psm2BZ860VxM 1 1
671667961 1 1
6720300943 0 0
6720301835 0 0
6720303685 0 0
6735065773 1 1
6741385061 0 0
6743215761 0 0
6743222685 1 1
6745696571 0 0
6748913099 1 1
6789156660 1 1
6793960694 1 1
6805179969 1 1
6808496082 0 0
6819612777 1 1
6823083993 1 1
6845109349 0 0
6853941038 1 1
6856155135 1 1
6860488094 1 1
6860490220 1 1
6869924484 0 0
6879578367 1 1
6882709559 1 1
6887576174 1 1
6887576746 1 1
6890578417 1 1
6895008104 1 1
6896658815 0 0
6899196810 0 0
6903592590 0 0
6903657330 1 1
6905251337 0 0
6905251903 0 0
6912136726 1 1
6912621146 1 1
6914288012 0 0
6929595325 1 1
6931260338 0 0
6940611128 0 0
6949122561 0 0
6953784776 0 0
6957192362 0 0
6957654890 1 1
6966820290 1 1
6985099331 0 0
6991982398 1 1
69Ha-YmGgJQ5OM 0 0
69RMNvsXTlUToM 0 0
6AV2RlyHludVIM 0 0
6DfzS5SHzfFDCM 0 0
6GG1CizJVkIm4M 1 1
6H-zMg5OMAZkBM 0 0
6KEyD72iUWQ3aM 1 1
6QSjqFbKsmSvAM 1 1
6TGO-Kgb4UovmM 1 1
6Tx6kx0GJv6pVM 1 1
6WBVtcjiMltHbM 0 0
6dAewM_llk-vuM 0 0
6jvQWM9ibuSa5M 1 1
6lnu17zLvyQGYM 1 1
6r7nrWaL-1ORyM 1 1
6sZrC4V9TF5J7M 1 1
6zi5VKUvgIF2wM 0 0
7004071274 0 0
7005550877 1 1
7005985195 1 1
7016426171 1 1
7033671429 0 0
7041446861 0 0
7049748657 1 1
7049748935 1 1
7054817339 0 0
7102124297 0 0
7112151551 1 1
7142247629 1 1
7153444147 0 0
7160305016 0 0
7166636650 1 1
7185345850 0 0
718G8fjnpzS3fM 0 0
7206563074 1 1
7206565900 1 1
7227355370 1 1
7227358934 1 1
7227369432 1 1
7240043856 1 1
7243101206 1 1
7321364358 0 0
7357427172 1 1
7359110450 1 1
7359111072 0 0
7359111652 0 0
7371133374 1 1
7386954098 1 1
7401683334 0 0
7434322478 0 0
7476113828 0 0
7476907004 0 0
7480105890 0 0
7514588124 0 0
7514590498 1 1
7541913312 0 0
7551581042 1 1
7567304286 0 0
7567719986 1 1
7591767020 0 0
7625118188 0 0
765406357 1 1
7690019732 0 0
7690478994 1 1
7722319842 1 1
7722320972 0 0
7737707668 1 1
7809417376 1 1
7824484636 0 0
7864924142 1 1
7909244374 1 1
7941992952 0 0
7959329750 1 1
7961245398 1 1
7973407762 0 0
7975815862 1 1
7995811812 0 0
7995890877 0 0
7FouysvVzj3GeM 0 0
7IaAElX_W1NjOM 0 0
7M1FG6xdtXWx_M 1 1
7UTFOTK5rKu3bM 0 0
7WNjNNJrcdYs6M 0 0
7ZxdB2Gb0CUAJM 1 1
7dzF-DIQZV5-aM 0 0
7epwiQKdQL_eQM 0 0
7q6WyP9n6WlvaM 1 1
7tGioJP0f9ehUM 0 0
7v0VpZ-ihVPgqM 1 1
8005164104 0 0
8008929523 1 1
8011891138 1 1
8016214415 1 1
8016215138 0 0
8017731123 0 0
8018680398 1 1
8022439859 1 1
8037797507 1 1
8038575746 0 0
8039916955 1 1
8040949288 1 1
8041989904 0 0
8052647869 0 0
8060257503 0 0
8060297040 1 1
8063123074 1 1
8068769182 1 1
8069111745 1 1
8071305084 0 0
8075963378 0 0
8078210910 1 1
8078721618 0 0
8086256300 1 1
8088283833 0 0
8095542078 0 0
8101230101 0 0
8107499958 1 1
8121012164 1 1
8129556500 1 1
8133181690 1 1
8145504272 1 1
8146211539 1 1
8146211623 1 1
8146211693 1 1
8163027763 0 0
8163028355 0 0
8163059014 0 0
8163563563 1 1
8164515562 1 1
8167283771 1 1
8167288993 0 0
8167291289 1 1
8167320204 1 1
8167321464 1 1
8171255520 1 1
8180412988 1 1
8181491013 0 0
8184718525 1 1
8193922556 1 1
8200605512 1 1
8206074857 0 0
8206075131 1 1
8206822777 1 1
8207165418 0 0
8207165492 1 1
8207586914 1 1
8210062520 1 1
8210064776 0 0
8219374911 0 0
8221911871 0 0
8221912647 0 0
8227652215 1 1
8227940074 0 0
8229349452 1 1
8233078966 0 0
8244911505 0 0
8248697516 0 0
8263210616 0 0
8267257473 1 1
8271204698 1 1
8273506707 1 1
8275322611 1 1
8279055800 0 0
8302369758 1 1
8302812389 0 0
8324568538 0 0
8333286711 1 1
8339747507 0 0
8343365937 0 0
8344424512 1 1
8344424582 1 1
8351485146 0 0
8353572833 1 1
8354631614 0 0
8355592352 0 0
8355593886 0 0
8366323878 1 1
8372747014 0 0
8373883277 1 1
8407775727 1 1
8414565841 0 0
8414919499 1 1
8415056781 0 0
8417021253 0 0
8420327028 0 0
8420423368 1 1
8421414395 1 1
8434663870 1 1
8435225141 1 1
8436313028 0 0
8445452841 1 1
8446699243 0 0
8451642918 1 1
8466800160 0 0
8500781646 0 0
8502298234 1 1
850437 1 1
8510162787 1 1
8511226397 1 1
8526620900 0 0
8534512689 0 0
8554787371 0 0
8558248139 1 1
8562803507 0 0
8566856956 1 1
8576093766 1 1
8578439909 1 1
8581768789 0 0
8581768963 0 0
8581769273 0 0
8582616493 1 1
8582913766 0 0
8584778775 0 0
8584779233 1 1
8585111590 1 1
8586371070 1 1
8596926799 0 0
8599550167 0 0
8599673331 0 0
8599760643 1 1
8608018184 1 1
8608245084 0 0
8611357495 1 1
8620939305 0 0
8620939391 1 1
8623376999 0 0
8624479078 0 0
8625932500 1 1
8634039825 0 0
8649275289 1 1
8653679572 0 0
8655126648 1 1
8662875680 1 1
8672936858 1 1
8688097511 0 0
8688206012 1 1
8693962362 0 0
8697752477 0 0
8703126315 0 0
8703644621 1 1
8703644871 1 1
8703644943 1 1
8704768504 1 1
8719028390 1 1
8725389782 0 0
8735174133 1 1
8739007211 1 1
8751892308 0 0
8762485899 0 0
8762504975 0 0
8789332097 0 0
8799915140 0 0
8814600582 0 0
8841299260 0 0
8841309476 0 0
8859314661 1 1
8876105146 1 1
8908249421 1 1
8963576853 0 0
8964707518 0 0
89HG0D7HjySF4M 1 1
8AkvYDaN2pMydM 1 1
8XJ6wotHW6paXM 0 0
8Y-nc6EAIIfWeM 0 0
8ZEDM7G93GOefM 1 1
8a8-ICr8F8LzsM 1 1
8eMUPENoefjeTM 0 0
8hoPB-7cV8VFBM 1 1
8toHV75tA3dJlM 0 0
8yqwOMlWExyYWM 0 0
9-exxRYzy4-anM 0 0
9000646981 0 0
9026700309 0 0
9042584019 1 1
9075469036 0 0
9078620286 0 0
9082473653 0 0
9096877956 0 0
90XQh30WlGzPuM 0 0
9125391167 0 0
9132224096 1 1
9146515295 1 1
9229853501 1 1
9241594810 1 1
9243090923 1 1
9250292335 1 1
9256249657 0 0
9269654924 1 1
9269655180 1 1
9280506889 1 1
9291775059 1 1
9297595233 1 1
9299200507 1 1
9322459894 0 0
9368112196 1 1
9374877283 1 1
9388146693 0 0
9390794218 0 0
9390921292 1 1
9412926414 1 1
9412929816 0 0
9423941395 0 0
9449850949 1 1
9452635608 1 1
9458496101 0 0
9468265011 0 0
9478493929 0 0
94ZRELri6Cf1UM 1 1
9515471984 0 0
9521469284 0 0
9536874912 0 0
9555391718 0 0
9578320599 0 0
95iMuKWb6FA36M 0 0
9644452427 1 1
9647321218 1 1
9661878577 1 1
9669540126 1 1
9669540222 1 1
9679690880 1 1
9702515675 0 0
9718302312 0 0
9725269328 1 1
9733909237 0 0
9753447521 1 1
9758143921 1 1
9762145325 1 1
9770035752 1 1
9775448105 1 1
9779255644 1 1
9784505855 1 1
9786597736 0 0
9792472235 0 0
9792492714 0 0
9818493036 1 1
9824128083 0 0
9847276453 0 0
9982828544 0 0
9986572245 1 1
999077436 0 0
9AOowQE2pcT5MM 0 0
9Dc6Wr8rEuhirM 0 0
9MOf3_5VsSwlZM 1 1
9POVgboLAUPbOM 1 1
9XXo9iwK_aLNKM 0 0
9Y0oDiry5y8RXM 0 0
9_X4Spnb_B5reM 0 0
9iYDOteOI-8AfM 0 0
9s1M2Jz_1ZPyeM 0 0
A6shperqTBmF_M 0 0
AFbFPDPgKO_fZM 1 1
AJRaQYZtY5i-IM 0 0
ASuHDmHnF1HxkM 0 0
Aq_3qnxkMEm4KM 1 1
AuS8nUDQ8DoPkM 1 1
Awk9vfvWd92zvM 1 1
BJ2h4H660NkKHM 0 0
BR9qJBKvLJ9QCM 1 1
BZf4TKVPdDUtoM 0 0
Bj2u3t6_avYdqM 1 1
Bp5gE6AWIjvloM 0 0
Bta5P5xdYBNCpM 0 0
BubtK_LQNdktxM 0 0
BwCn7RgMaKrRSM 0 0
ByyHeVXAw6wXOM 0 0
C3EMnin3NM4b1M 1 1
CG_nKroOERlFUM 0 0
CHcbqaSqIJCW5M 0 0
CI6UPEVVewaj4M 0 0
Cu52NSNpkI7OPM 0 0
Cy2gC44cI3MHSM 1 1
CyckD3gY4uG00M 1 1
D8SCN7zxF3oneM 0 0
DC0lfzFkYAp5PM 1 1
DPwBJVhhk__HRM 0 0
DQIXNpot2rdbrM 0 0
DSl4bOeHFmKFoM 0 0
DZUjVPO-nnJCDM 0 0
DaYyYdiRcHWWIM 0 0
Dvg0WCDzGBsDSM 1 1
Dw_cbExrLL6ytM 0 0
EXcdiXwn7oefXM 1 1
EZJ8t61XGkjbOM 0 0
EdT_QM65KhoLNM 0 0
Eo12bjk1v_7jKM 0 0
EqgH2wmJzcrQMM 1 1
EtsI_V7M8ne3nM 0 0
FIrku75AZgkpeM 0 0
FQEMT0pXdR0nBM 1 1
FZpvxzn0hUPH6M 1 1
FcMogNBjkk5-bM 1 1
Fj-IYFSieUGyvM 0 0
FktXC7Lwz9w9bM 1 1
FrZVEM1Ot8c4LM 1 1
Ft_eNHotB5y0WM 0 0
FyRUqHdZIjAX5M 0 0
GETIcdVGPCY4VM 0 0
GGNiSwjjxF63lM 1 1
GI-3kRhugsU0tM 0 0
GJ1XHtcVKFKxxM 0 0
Ggvp31r02LBwkM 0 0
H0k7b9R7-58KwM 0 0
H2wQeTpD26zv-M 0 0
H8dLR1u_GCoWFM 0 0
HQE_StRijkd5bM 0 0
HVmfYr1wLJwS1M 0 0
HuEmrePH2yABqM 0 0
I5HdVOq7F1kCJM 0 0
I5j09gu3y2YWvM 0 0
IN1AScSKiCAtPM 0 0
IPUAP6EziucKHM 1 1
Itc45wgOdh9lIM 1 1
IxtOeCODapMlcM 0 0
J92-x5X8Ft8bOM 0 0
JERu4tcEmRIFsM 1 1
JJ5BVcF-JzaCgM 1 1
JJ81eoSMCjieUM 0 0
JOHJ--rU7mHorM 0 0
JPIljc96z_YA8M 0 0
Jej59NiQR4tCBM 1 1
JeoNit0gRJmw2M 1 1
JgBuPeLNXa_2XM 1 1
JnaAH3YzVBaFTM 1 1
Jolhg2Dud2JRhM 0 0
JpFWT2PS5Hz2cM 1 1
Jq4eYNuKAVzjGM 0 0
Jx248gVL2WxCyM 0 0
Jx9Y1n845dDkIM 1 1
K5h9OQQN2qWJCM 1 1
K8jMrRN6vQtIFM 0 0
KQGoHgb7Oje80M 0 0
KSQ3z-0mxKc2aM 0 0
KSpmEZUHA2vYVM 0 0
K_lK2leM__jIVM 0 0
Kh5MafC_Dh2Z1M 0 0
L1LBKKF3YTkvNM 1 1
LTAHbzhrILIzhM 1 1
LfOf5i0-uJQmvM 1 1
LgmTTvaaiZPDTM 0 0
LoD_QpfEDJhLnM 1 1
Lwxij5dCNljtmM 1 1
LzZovEwP5hTskM 0 0
MB-1hnIDVLqiIM 0 0
MCS7mKBO7hzE7M 0 0
MD21a5znKBswqM 0 0
MG3T3QmbOi7RBM 1 1
MIPQLs7NwTDuUM 0 0
MJ5fgZTnC5PxaM 1 1
MLpJtmvXsqWhfM 0 0
MUH7X3nvOz2JzM 1 1
MWkwttdcnCtLqM 0 0
Mi2EkR5KiyMi1M 0 0
MrzyrQJqsK5z1M 1 1
MsbDndTg7vXKTM 1 1
MuzPwjmg8D41sM 0 0
MwYTgm-jpCzqCM 0 0
Mx1_-fSbD2i2FM 0 0
NFckRnQMubbcqM 0 0
NN3oLXLKozwMBM 1 1
N_cOh3o25Lim_M 0 0
Npytgf3Z8pKVVM 0 0
NwWH-w9VrqMQCM 0 0
NzCGV0OCqFNbtM 1 1
O0V5OtI-ZGL1IM 1 1
O7uDYQio6d1YrM 0 0
OG1530S7IwwnBM 0 0
OL8ZuojiITWJ0M 0 0
OQo98-SSYgODaM 1 1
OQvVTnnpxCZQiM 1 1
OSGKQ7RjKc8vzM 0 0
OZUmn08CspnjkM 0 0
OawjVTLZ5JbNtM 0 0
ObtJ3VEc0zrzQM 0 0
OcgCxjV7MJQ_4M 1 1
OdDhcmj3_0lOHM 0 0
OvbhTak0n4LsDM 0 0
OzWSTLKoIBU6xM 0 0
P69zYlKyez5kQM 1 1
P6tAPOGMeVnmQM 1 1
PG149PZFtcQGGM 0 0
PJWekbKa8pXjCM 0 0
PTUdCuzbml5XuM 1 1
Pf6HvHaEHC_R6M 0 0
Pj8QNvF4qs90vM 0 0
PmqXDDqQ-99pKM 1 1
Ps7NagvwXzmmbM 0 0
PvwM2Eh7K-xQsM 0 0
Py-6XXy4Rvm-MM 1 1
Q0sMKI0BAoHB4M 0 0
Q23_CyNj2XZHcM 0 0
Q9em0cjKbaVBaM 0 0
Qq_l007hBcftWM 0 0
QrqmpMyhAywqkM 0 0
Qs9ryudtq2RkDM 0 0
Qy6aqyf-izF0SM 0 0
R74a3eYmP5CF1M 1 1
R7XHbbCGBpE3zM 0 0
RCfw0uf1N4hliM 1 1
RCwgAj5QGAtDdM 0 0
Rsk-vUNQlQ2vKM 1 1
RxqjQPXwPTUtnM 0 0
S5qnO_0M_-zvQM 0 0
SIGxRfgs--37BM 1 1
SQL9HjhDWQbUWM 1 1
STwKGToYvV_FYM 0 0
SVD8Aepg3fyDzM 1 1
SWUMqoFBH3Ta-M 0 0
SYokatGdHN6hoM 1 1
S_k4LW7VJRo5GM 0 0
Sc2e-PYcluS2zM 1 1
SjgIOCo2gFXpYM 1 1
SqWe0vlTiLmknM 1 1
SsSulWCWVqrTbM 0 0
T0lWsz9emGu_zM 0 0
T2MgxQtGL1BKsM 1 1
T5oyFQoVNDRCrM 0 0
T9Zam-NzQCK3HM 0 0
TDs1g4h-62EbpM 0 0
TSjMOY790qXcSM 1 1
TZQhFG8ZV1JVyM 0 0
T_EHd7VplFpotM 1 1
TnhLg2qmNx9ZQM 0 0
TzM9Dnd0a2RvLM 1 1
UAA-WxZg2u-j1M 1 1
UCozFVe7jBy5mM 1 1
UGMdx1axSWFTdM 0 0
UTMjBgviC-9zOM 0 0
UUioxN3rpoGD5M 0 0
UVqyBS5Vc26_ZM 0 0
UYbx5iGVIGegkM 0 0
Ugud4TcRi6RyXM 1 1
UiH4txI5gU044M 0 0
Uq9PT1hrpbPhOM 1 1
V-LqItHDPh5THM 0 0
V0In5FPnRe5nrM 0 0
V2fTjJiaIkM_MM 0 0
V4C3DG5t-3B0kM 0 0
V744ha0ACunJ0M 0 0
V8hG2TU586HWiM 1 1
V8n2tQEpYCPBdM 0 0
VF3gWeTHBMdVBM 0 0
VKEjJST-2xKJaM 0 0
VLH629zwWTgqoM 1 1
VaAUHWUXFJwxNM 0 0
VhxlI7PSzzpO1M 1 1
VnvjpYTFyDP4KM 0 0
Vt53fp23IqGftM 0 0
VuZ_Z6YJQ2HN6M 0 0
Vv9xOA8RZ6ZOcM 0 0
VxbY4E_aaH6pUM 0 0
W3iY0CtwyjYj7M 0 0
WMfo0bZ4NpQx-M 0 0
WMt5LSmNn2mWAM 0 0
WVubToyNYOEveM 0 0
Wa6lJ7CtgGTNQM 0 0
WmBt9E-PGPFh6M 0 0
WndH8c9Bi49YSM 0 0
WoNXkqgruFQcbM 1 1
Ws-8K2fZMD2wAM 0 0
WxpiPl0ofU0YQM 1 1
X7EmAnbqcpt8wM 0 0
XBF6e_otnzNCdM 1 1
XC-gvEzPgiAzfM 0 0
XEC_KPw38CbueM 0 0
XF_CduJeMJRN4M 1 1
XMr9VYfK8l3VCM 0 0
XNw0HoFjT9uneM 0 0
XZUgKvjsv1M7AM 1 1
X_UsODlggKbLCM 0 0
XdAOcvPhlkQ3BM 1 1
Xk0f8_5z_8JBDM 0 0
XsElEKtBHj7PrM 0 0
Xx7fRsWRjkDKiM 0 0
XxXEgBaQAhiOHM 1 1
XxcOS-ZmM_OFyM 0 0
Y0MuRe3T1WF0tM 1 1
Y3kXWo8xUwWpFM 0 0
Y6R2ezuyZ9lItM 1 1
YSpPTWhMAKRHjM 1 1
YWps-dpoecevPM 1 1
Y_bmMxhRkFIMxM 1 1
Yq9MoIR_4VBKIM 1 1
YwrKJfZBOflnlM 0 0
Z1RUYipeeDRgXM 1 1
ZDwL3LKo-ZUl3M 0 0
ZEenGYoITe8FuM 1 1
ZFhqoihCU1p04M 0 0
ZGP1cClq0q5r1M 1 1
ZGY0n8oJvFknqM 0 0
ZHSR71jCRmTqPM 0 0
ZNcOHv_tueUtwM 0 0
ZPFsYTBqVVdsrM 1 1
ZU9p1-OakUN_QM 0 0
ZXESCSJsySKdNM 0 0
ZepvuKWd41dNmM 0 0
ZhGM543Omgf8PM 1 1
Zu90GIa6Z4LyzM 1 1
ZuCCjVOsO3ONsM 0 0
ZwrcvG5D-HssjM 0 0
_0GTsMcFcLraTM 0 0
_2qjxMbhi0wQAM 0 0
_3jiYpd0lWEeDM 0 0
_FBwsglETpfKMM 1 1
_QmY1-dW8cxyRM 0 0
_xFaoK1e0m7bgM 1 1
a3SIJ-eXfbF4dM 0 0
a4ubx9lrukiSbM 0 0
aDjaliFiHeiPJM 0 0
aL_VNIYjWldg_M 0 0
acqXHRTILNXHyM 0 0
alLmCZcH_nPkLM 0 0
ar5WZvfCzgQEHM 0 0
b2LSgGaYqNpyoM 0 0
bDYC7eAbInWttM 1 1
bH4Zoa9CuWFi_M 0 0
bLTbl8hr8u2MpM 1 1
bNx3g5mrCA2L-M 0 0
bbB7FTFbfKlaVM 0 0
bfuHSOoAaBNpoM 1 1
bgkhqX6WT1F_ZM 1 1
bleP7-FkKQ8o0M 1 1
bnkVsLECWtWRHM 0 0
bpSxd6kSX3UohM 0 0
bwyKak7phv4scM 0 0
bxH7JL4GxU3ufM 1 1
cD8znJQwgvhUaM 0 0
cIjiLV4nuft0eM 0 0
cSp2fZJ3q_g_2M 0 0
cXCLxgIxee-AaM 0 0
cYLJzx51Xsn58M 0 0
cYZa8PAsvE5mFM 0 0
c__7hHI3tgJNTM 1 1
cbdVHujm4WosJM 0 0
cc_-H_bMFGBsfM 1 1
ceQbpKltwjwAEM 0 0
clMNFFnjFp4xOM 0 0
d4-J-enr3NbKSM 0 0
d8LYZwVDm-cwAM 0 0
d98yuHvQlvmpTM 0 0
d9KpdRK_S0SGXM 0 0
dIxSnwyDXbh2KM 1 1
dRIUE8TvSjHu3M 0 0
d_HEkt9BVHQ5VM 1 1
dfXHgAAzHQ2uSM 0 0
dk0IceZBSYLQ_M 0 0
dmegRQHjQy2V7M 0 0
du_kz0tAyQ4RbM 0 0
dusMC1zz-CXfNM 0 0
dyX8qNYlqwP3qM 0 0
e3494GBjzTfqyM 1 1
eA20ZwxtCDbJMM 1 1
eHGbo2bpm_wfxM 0 0
eTt5wJWttFEgBM 0 0
eUYXZdYPXkznYM 0 0
eX4Qk7Yzq2R1uM 1 1
e_uenmz3Q3rL6M 0 0
ec4x2aIN-KoTsM 0 0
el-MGtonkKS9xM 1 1
evYhTieHoebc2M 0 0
eymjUd7psW62_M 0 0
f0CbFKglxaGI0M 1 1
fCQ5qlzBFzwPcM 1 1
fKZTgYqIEnO23M 0 0
fP0tI-qvNoOM8M 1 1
fr_5bGm3wGsvDM 0 0
frqtt-fw_ZXIaM 1 1
ftaD1mQLOYShjM 0 0
fxsRi6TVRYOOxM 0 0
fyz4m9sJPCRhmM 1 1
g1ieKRCu_pXySM 0 0
gEZJrbLCksfo7M 0 0
gGY08545wFDr_M 1 1
gMEfzoXA7BL33M 0 0
gOR3xbeM6o-rIM 0 0
gSTWaz8TYAIJXM 0 0
gXc_5LW13mbUQM 0 0
ga5ULbRgKl9KvM 0 0
gbn707qI_Hw9nM 1 1
gtW36GjQTeQRCM 0 0
gtgutFNr_XIDdM 0 0
guLsP42jZn-EAM 1 1
h1jgZghtdvcYpM 1 1
h5mpuyqL3kLb6M 1 1
hCVHMdE4l-GEzM 0 0
hJt5az-M0u0RkM 0 0
hb5ocKycWvcapM 0 0
hd0sSoTEiaql-M 0 0
hmngkFdXA0sz5M 0 0
hvzi-1FIVv5isM 0 0
i55XTRvwS4uNqM 0 0
i5ITNJHn2hTSVM 0 0
iDCaLlSjFDJTjM 0 0
iHUhvHjNbuO-5M 0 0
iV050G3E-YolwM 0 0
i_na9RYcVrUQpM 0 0
i_uAf1-MgLvVsM 0 0
if_DOLCDNSXOYM 0 0
ifkAMdmaP0huGM 1 1
iia3DoFvQu__qM 1 1
inKKkYX6wYlFkM 0 0
iqDO-b1gHU3ldM 0 0
iqSqJApO0g_5wM 0 0
itw9G-bBGZdJkM 0 0
j-k-X89FTaoyWM 0 0
jFh7RQBeaRifWM 1 1
jIaEHzUGFywrsM 0 0
jIbGZ0uRZZRl5M 0 0
jIvwQ2Ycd_lsLM 0 0
jKyohUFi3FW4HM 1 1
jMkOmm-KY7iPYM 1 1
jXlhNIH9SVsl6M 1 1
jYStamHAYqMijM 0 0
jb1fxARuiYVekM 1 1
jgL5ugs1Wh4nkM 1 1
jh8P-2VHXey4TM 0 0
jnzzu8eNpSYebM 1 1
jqsRFBVMlAof-M 0 0
jvhWHvUWgEqsuM 0 0
jzBzqyBv2pAHZM 1 1
k4Sl4CK7I9o2BM 1 1
k8Ww7l0zvZPCiM 0 0
kF29SUHOD2hisM 0 0
kG3RS7SyWhSugM 0 0
kJGCnE882_mHyM 1 1
kKDG5JAJKjDtfM 0 0
kL0s2-R903qKYM 1 1
kLF1Hs1CRgJv7M 0 0
kOIIBI1Yhq2SEM 0 0
kSwkuTRloFUgpM 0 0
kU0c__22KPpZ_M 0 0
kcFKCFxEaz3tsM 0 0
kfVBMtNePus8cM 1 1
kg0fSrISWfxnqM 0 0
krpmZSuZGLTG8M 0 0
ktfNZphI0hAU6M 1 1
l0G9j0pX0C-xtM 0 0
l0GxQ477_JRVbM 0 0
lJdXGuxOnzmx-M 0 0
lZ-OzgbQXTBBsM 1 1
lcEr0AZwGtWjtM 1 1
lpKmd44CE5-seM 0 0
m-Jee13kW_vChM 1 1
m4hSJ2MKPlGV9M 0 0
m6T1Nc3kkDEyRM 1 1
m6Y1yyRiuUUySM 0 0
mAa16JOd7YlS-M 0 0
mEHPlnpN7-PDeM 1 1
mHWQ24-QzeVL2M 1 1
mJEugIsvuYKFvM 1 1
maz_QBT7vuHN9M 0 0
mc9vW22rJR2_IM 0 0
mj0zDE_GqzVMwM 0 0
mq8TF5UzApgfEM 0 0
mz7p8Q7dJhZbBM 1 1
n03xF6_gSOKIWM 1 1
nT04fnKOPFrqlM 1 1
nU5xcxV_JjzefM 0 0
ncws5ezwYWY9vM 0 0
noibicmFXguTjM 1 1
nrin0o77hWwz_M 0 0
o0SwKcv1mSRAvM 1 1
o2J7yTUlho5qAM 1 1
o88LM-GBOcdxuM 1 1
oFpyXWrAoAMZxM 0 0
oLIv07Z_-EnAVM 0 0
oLdz1vQaOI8e9M 0 0
oS23eYwVaObzpM 0 0
oWeCk1nUYq0ZjM 1 1
o_275uWxjw9zpM 0 0
oo6Kp3StALNdNM 1 1
ooS3K-ZkvCBO6M 1 1
osZ2srbBSnwpyM 1 1
p-KXKJk5RN_sLM 0 0
p34qhQTc33RXUM 0 0
pM28Hlmmdj42SM 0 0
pQePT7ybMIanVM 0 0
pcZ-JW_GOm2PSM 1 1
pd-1tM1wj3dTbM 0 0
pdZuYy6WSTitGM 0 0
pfMfAJRQTr9hHM 1 1
pnGDVGzv-FmwkM 0 0
q0WjYos05RNnAM 1 1
q0gKNiaxh60BYM 0 0
qInkBUsExnnA8M 0 0
qKORaBoI4B7C3M 0 0
qbRBzOBKpwiuOM 1 1
ql6tiePy7cYI4M 0 0
qvMPg57jjl-0zM 1 1
qvfhfZwmAvbUWM 0 0
qxSqvttWBJbfaM 0 0
qzlClm3RVyPSXM 0 0
r4VszTjtrQNXpM 0 0
r5Dd01nKTtlkUM 1 1
r7hsnTjXPHHGgM 0 0
rPggWQk_SDjMpM 0 0
rTftLcjmPj-3wM 1 1
rYtA0543zc2_oM 0 0
rjzhjK4HcxGTpM 1 1
rohsnZ1LJyR5eM 0 0
s5IV7a0cCNUCtM 0 0
s5bitzMVvzTcAM 0 0
sAXQki_g6s-kuM 1 1
sHJYcr_kwmyUiM 0 0
sIcF0HSQXlSekM 0 0
sRSDvWi2AglZFM 0 0
sRcdm0CMHzDyMM 0 0
scgBFuMU_GCuqM 0 0
sohMhiRY-4wg2M 0 0
ss4txM-Y9r6nLM 1 1
sx-1rSz1rr2F-M 0 0
t-AY7m0BolBhXM 1 1
tJOZqGv6RwEAwM 0 0
tTcWpYlo1Oj_EM 0 0
th7Z8JMeSVC0oM 0 0
ttM2jRk8wJRY9M 0 0
tyhBMKlWfq8g4M 1 1
u9DcHj9qbD01mM 0 0
uDpBwsT5DF0wXM 0 0
uFcdUZ9FYE5bDM 0 0
uHH2imB7qNeHVM 0 0
uO741r4E_E8DcM 0 0
uY4RWATf2th30M 1 1
uYHZGa9EwkIMnM 1 1
uiZVc5SgZRAf5M 0 0
v-wkrs0ITOsboM 0 0
v6rGrwS8UKQsHM 1 1
vKg-hrI9fl5PTM 0 0
vOQQpJT9qXGQzM 0 0
vilKo986Qd9rbM 1 1
viyK8MqRGULmDM 1 1
vwjeGCsC_ne1ZM 0 0
w0Ksr8F4ldQ6QM 1 1
w5-JUVaPOuonqM 1 1
w7pGmNFdO8NuvM 0 0
w8Dtc9jggT92bM 0 0
wS7kU_YAAknQNM 0 0
wVzkIgjQOKIUDM 0 0
wXgMMp7ePl5syM 0 0
wbN9oUIo_D4DBM 0 0
wbT59q2VDPiYLM 0 0
wet0Y-awRZ8XpM 0 0
wf8r3bQDiErXaM 0 0
wkr0LhPO0vv2UM 1 1
wnsVFgqswbsdeM 1 1
woMEptvuKqk2YM 1 1
wryJ7ZbXN_brcM 0 0
x05TIjZEsJoTsM 0 0
x73RkFHWqr3sRM 0 0
xBLI9S_21LP2oM 0 0
xEzG5ubkrdFInM 1 1
xGp1f9R2RPsgmM 0 0
xH99UoGeZH9dzM 0 0
xHW0k7Y5W5acSM 0 0
xIOv8BBEnPzmyM 0 0
xRJaQwE81flKlM 0 0
xURgXyBhG1efLM 0 0
xVlGtgvGZhLvOM 0 0
xWzpJ0wlzEmtJM 0 0
xi_eM6IwbDXXGM 0 0
xozkLNtuXyKn7M 1 1
xqBdeimKdM7HnM 0 0
xsZeIGxuKTvcsM 0 0
xtYdGQEj0-0IAM 1 1
xydlAVf2ze05PM 1 1
y0VpFuKMCYFIXM 0 0
y7nxllotO7FasM 0 0
yIKOqFgz7WbyfM 0 0
yKfFswGd1d3YVM 1 1
yMhGXPU3_BSGtM 0 0
yP11bCeGW9PAxM 0 0
yRoawAE6SxGY8M 0 0
ySeRYcISpLY_4M 0 0
yTyJHZmWMF_o6M 1 1
yVuwZuVAd5jq5M 0 0
yYrICMdOkg5VwM 0 0
y_ROkazdPksW8M 1 1
y_sQ0RJHSTWBWM 1 1
ye_7CZmv6_FBuM 0 0
yfSjlBts_xqPFM 1 1
ylkIpxB1y0AYyM 0 0
ypH4xhUuWox89M 0 0
ypswSHHWggMIBM 1 1
yuUNk0UMetf5rM 1 1
z0UhtJDXqeDWxM 1 1
z4mgSKA9OXr3hM 1 1
z9lng1qSq9hYEM 0 0
zBqAs8iGHL-ZkM 1 1
zNpBxDKVbZzTFM 1 1
zPcfboA6iwrZqM 0 0
zXvzY6AIOJenhM 0 0
zYbvozjYjAuX9M 0 0
zuXzqmo39vqggM 0 0
