-BqCrKG9Hx3FFM 1 1
-J14gOmJENR4QM 0 0
-LU_z-Z6s3OTcM 0 0
-Z5EEExLmOZoIM 0 0
-fnSxLG6pGU_4M 0 0
-gTF2P-qDurPnM 1 1
-hEfSh3IYeSYdM 0 0
-lyBjbTeHATSCM 0 0
-xp7geFicmkSkM 1 1
05u2F_0BXyPGrM 0 0
0ZMEaZAkQ1gHhM 0 0
0eudDB7-d7skoM 0 0
0kySAnUjN_8DkM 0 0
0sgtlZ3o41-A6M 1 1
10029425273 0 0
100337250 1 1
100337275 1 1
100337294 1 1
100465064 1 1
1007351395 0 0
10145153253 1 1
10222810843 0 0
10266417693 1 1
10284295766 0 0
1030127730 1 1
1032163317 0 0
10339978333 0 0
1034462698 1 1
103948945 1 1
10425293033 1 1
10665690 0 0
10887206133 0 0
10917378206 1 1
1094357177 0 0
109984449 0 0
111196354 1 1
11155527733 1 1
111Fa6Y3T3N6cM 0 0
112001553 1 1
11230679705 1 1
11285673 0 0
11404587923 1 1
1151587230 0 0
11611730503 0 0
11653018763 1 1
11654118634 1 1
117567057 1 1
11785677076 1 1
11793944405 1 1
11826432924 1 1
11852107964 0 0
11853319966 0 0
1185876238 1 1
11870008835 1 1
11963198 1 1
11963219 0 0
11963238 0 0
11963262 0 0
11963310 0 0
11963331 0 0
11Ju4oe4L0EQSM 1 1
12041104825 1 1
12043796855 1 1
1208998448 0 0
12154639516 1 1
12250814205 1 1
123309308 1 1
1234854635 0 0
12401454644 1 1
12412343494 0 0
1249715241 1 1
125413163 0 0
12573740274 1 1
125764786 1 1
1264780227 0 0
12748376634 0 0
12750582083 0 0
12750839324 1 1
12789066625 0 0
12844379 1 1
12863206263 0 0
12865275045 0 0
12873929754 0 0
128744429 1 1
130860469 0 0
13107061273 0 0
13107079065 1 1
1314071306 1 1
131688957 1 1
1318238071 0 0
1318239761 1 1
1319124028 1 1
1319124854 0 0
1323901335 1 1
1324528281 1 1
1324797104 1 1
1325424646 1 1
132562992 0 0
1327066 0 0
1332191663 0 0
13472938804 1 1
13496052455 1 1
1354655524 0 0
13658832585 0 0
13675944303 0 0
137162215 0 0
13886181634 1 1
1392661690 1 1
13928083170 1 1
13935549302 0 0
13935554162 1 1
13935564351 1 1
13941516933 0 0
13958715433 1 1
13958723263 1 1
13968751419 0 0
14007977 0 0
14019272670 0 0
14058827652 1 1
14080042016 0 0
14089539667 0 0
14094098350 1 1
14132228536 1 1
14138075455 0 0
14155367108 0 0
14195087279 1 1
142171194 0 0
14244384060 0 0
14265562238 0 0
14272221840 1 1
14324006116 1 1
14365733038 1 1
1442969902 1 1
14446402422 1 1
14450793842 0 0
1445577436 0 0
1450021739 1 1
14505981222 1 1
14611191351 1 1
14632515570 1 1
14638393164 0 0
1467143145 0 0
146812202 1 1
14695857732 1 1
147143767 1 1
14725601483 1 1
14752543287 1 1
14753682400 1 1
14833700741 1 1
14846041337 0 0
14862279505 1 1
1486298125 1 1
14881902243 1 1
14893356498 1 1
14907813590 1 1
14934149264 1 1
14960196724 1 1
14989682935 1 1
1501435797 1 1
15023918475 1 1
15029893090 0 0
15032616544 0 0
15055029823 0 0
15063225581 1 1
15116905535 1 1
15158400479 1 1
1516973460 1 1
1517403404 1 1
15265200694 1 1
15325188802 0 0
15438050651 0 0
154841605 0 0
1552407231 0 0
15529321112 0 0
15543263198 0 0
15574789 1 1
1561055215 1 1
1561932114 1 1
1561932360 1 1
15649964659 0 0
15659614 1 1
15675333607 1 1
15733544682 1 1
15775426487 0 0
1588194591 1 1
1588198847 0 0
1588200201 0 0
15887114707 1 1
1589081752 0 0
159205359 1 1
15939808538 1 1
15981909430 0 0
16017758311 1 1
16034809399 0 0
16061410554 0 0
16070080547 1 1
16085252830 0 0
16101400413 0 0
16170853027 0 0
16275348110 0 0
163550452 1 1
16371822412 1 1
163874841 0 0
16608203439 1 1
16615555029 1 1
166391112 1 1
16642838810 1 1
16645735904 0 0
16698378159 1 1
167157790 1 1
167158041 0 0
16730078734 1 1
16763553319 0 0
168038 0 0
16825999038 0 0
16906488025 0 0
16933796708 0 0
17009587127 0 0
17137759772 0 0
1716757277 1 1
17225718336 1 1
17373975012 1 1
17385372943 0 0
1755549151 1 1
17590907238 0 0
176891695 0 0
17698751 1 1
17745007481 1 1
17751398839 1 1
179009510 1 1
18151266349 0 0
18177170564 0 0
18295407644 0 0
18386806109 0 0
185015450 0 0
188050435 0 0
18926036 0 0
189303175 0 0
1895529912 1 1
1896571938 0 0
19013543155 1 1
19177476299 0 0
192065192 0 0
1922950745 1 1
19297033 1 1
194813835 0 0
1950024650 1 1
1989583731 1 1
19968621550 1 1
1BQoJv-vfB5-gM 0 0
1IEIcbd1DghkjM 0 0
1LAj9G09frnlwM 1 1
1OZeqjlbHxOtBM 0 0
1V240uxraqrqTM 0 0
1dEjEdvEAq4uqM 0 0
1y26QD2-IBRxxM 1 1
1y416b4QHWJAtM 0 0
2022233893 0 0
2039600775 1 1
2039601861 0 0
20478543024 1 1
2056091237 1 1
2061948314 0 0
2067125216 1 1
207454198 1 1
2074906029 1 1
20784425443 0 0
2087819515 0 0
2087819819 0 0
2090760885 0 0
2092869119 0 0
21017615351 0 0
210852700 1 1
210855665 1 1
2112763568 1 1
2121756175 1 1
2131091257 1 1
2137112462 0 0
21379266136 1 1
2138757767 0 0
2138758037 0 0
2139538860 0 0
2143839446 1 1
2147760021 1 1
2152699902 1 1
2160771379 0 0
21623017183 0 0
2163083938 0 0
217496668 0 0
21778947689 0 0
2184918798 1 1
2188210855 1 1
2206129224 1 1
2208577123 0 0
2221050193 1 1
2224057900 1 1
2224945773 0 0
2228709592 1 1
2236850217 1 1
2237830366 1 1
2240125367 0 0
2241381493 0 0
2250661964 1 1
2260643716 1 1
2261810194 0 0
2262856920 0 0
227098443 0 0
2273179637 0 0
22736381646 0 0
2277460792 0 0
228364883 1 1
2284049431 1 1
2290183213 0 0
2299859567 1 1
231146528 1 1
2323038680 1 1
232615904 0 0
23304762319 1 1
233188001 0 0
2332905684 1 1
2333338849 0 0
23354345074 0 0
2336781224 0 0
2340619610 1 1
23432915312 0 0
23481130214 0 0
2350525043 0 0
2356437450 1 1
23576949562 0 0
2371853461 1 1
2374175857 1 1
2381091618 0 0
2381171980 1 1
238731279 0 0
2389869080 0 0
23942529439 1 1
24140285796 0 0
24143423330 1 1
2416700332 1 1
2419146449 1 1
24203568290 0 0
2420639105 1 1
2421989645 1 1
2428729704 1 1
243136301 0 0
2432514627 1 1
2432516049 1 1
2432520681 1 1
2432521535 1 1
2432530455 1 1
2433318356 1 1
2433321654 1 1
2433323074 1 1
2433325270 1 1
2433330218 1 1
2433332512 1 1
2433334114 1 1
2433339034 1 1
2433341766 0 0
2433342520 1 1
2433343718 0 0
2433344622 0 0
2433350296 1 1
2433351300 0 0
24358074589 0 0
24499489351 1 1
2454162502 0 0
2454796014 1 1
2455107529 1 1
24631847 0 0
2477601449 1 1
24876558556 1 1
2488497311 0 0
2489725521 0 0
2504444987 1 1
2514187378 1 1
2516485092 1 1
2523785444 0 0
252733802 0 0
252884416 0 0
2544755525 1 1
2545580720 1 1
2550663360 0 0
2558588423 1 1
2561343166 1 1
2564602040 1 1
2579540209 1 1
2580349135 1 1
2585170347 0 0
2589550675 0 0
2597345786 0 0
25xTL7hEesJLNM 1 1
26008799172 0 0
2602737473 1 1
2608480341 1 1
2609701995 1 1
26140141506 0 0
2615453769 1 1
2618960892 1 1
262008363 0 0
26224776183 1 1
2627294025 1 1
26346911492 0 0
26387134 1 1
26394499826 0 0
2643140508 1 1
2644832261 1 1
266219457 0 0
2664246394 1 1
2665051868 1 1
2684312265 0 0
26933282264 1 1
2701446155 1 1
2701941592 0 0
2702424160 0 0
270350344 1 1
2711707872 0 0
27214185122 0 0
2721848 0 0
27248082014 0 0
273954799 0 0
2746062510 1 1
2746970107 0 0
2750300036 0 0
2754768879 1 1
27563987480 1 1
2758059897 1 1
2768622897 1 1
2771968212 1 1
277300139 1 1
2780420772 1 1
27823035055 0 0
2785145383 1 1
2809448256 1 1
282357961 0 0
283151527 0 0
283154080 0 0
2831774582 1 1
28336625 0 0
2834362783 0 0
2834971791 1 1
2835198146 0 0
283949373 0 0
2844479418 1 1
2866403772 0 0
2909401693 0 0
2911721967 0 0
292400425 1 1
2929112476 0 0
2929792842 1 1
2932727270 0 0
2936052020 1 1
2936924632 1 1
2937463547 1 1
2938112003 1 1
2949580751 0 0
2949581251 1 1
2959216771 1 1
2964462779 1 1
296572810 0 0
2966955794 1 1
2967581432 0 0
2973615963 0 0
2975977883 1 1
2976229296 0 0
2983493276 0 0
2hZr9NlwHw92nM 0 0
2spnuNleCshv5M 0 0
3-3bzOaAmmV5xM 1 1
3000726010 1 1
3002275244 0 0
300937236 0 0
3011373574 1 1
3039028473 0 0
3053657077 1 1
3055159693 1 1
3056306063 0 0
3082497269 0 0
3082498845 1 1
3082502207 1 1
3096288102 1 1
3097735472 1 1
3099516053 1 1
30Vd-h7DXTrARM 0 0
3105462727 0 0
3107150717 1 1
3111640384 1 1
3135945246 1 1
3141325415 0 0
3144904922 0 0
3147423580 1 1
3150419023 1 1
3155462396 1 1
3156931935 1 1
3160222318 1 1
3164453808 1 1
3170803452 1 1
31729025 0 0
3174111949 0 0
3174554747 0 0
318077341 1 1
3184264824 1 1
3189072380 0 0
31PxR9BeDy_wZM 0 0
31rabp9YqJUz-M 0 0
3204484809 0 0
3206718739 0 0
3208680423 1 1
3215926982 1 1
3218983433 0 0
3222048275 0 0
3237291148 1 1
3240353797 1 1
3240813957 1 1
3241655430 1 1
3242944977 0 0
324425450 1 1
3247058768 0 0
3252024113 0 0
3257397566 1 1
3262162436 1 1
3263801591 1 1
3264413630 0 0
3276028871 1 1
3284573987 1 1
3289223775 0 0
3289950103 0 0
3314469401 0 0
3317359471 1 1
332007335 0 0
333643001 1 1
3338292272 1 1
3353966117 1 1
3355585545 0 0
3358416558 0 0
335937246 1 1
3360349283 1 1
3361047043 1 1
3361468537 0 0
33638932 0 0
3365938086 1 1
336670864 1 1
3370646079 1 1
3370927333 0 0
3371462316 1 1
3371466304 1 1
3376758654 0 0
3383151372 0 0
3397905492 0 0
3414713177 0 0
3422398367 1 1
342518562 1 1
3434802832 1 1
3438041902 1 1
3438070962 0 0
3442533420 1 1
3442576395 1 1
3451012992 1 1
3457376055 1 1
3473684764 0 0
3474068512 0 0
347500060 1 1
348174499 0 0
3487162487 1 1
3487978840 1 1
3498835541 1 1
350297888 1 1
3504013621 1 1
3515787025 1 1
3530252787 1 1
3537237111 0 0
3537237249 1 1
3538050418 1 1
3538050504 0 0
3538634059 1 1
3539445284 1 1
3539445368 1 1
3544282797 1 1
355875725 0 0
356096165 1 1
3563525719 1 1
3565904808 0 0
356827721 0 0
3572572105 1 1
3573218586 1 1
3573959908 1 1
3576833924 1 1
3590656003 0 0
3598558652 0 0
361254841 0 0
36504494 1 1
365470081 1 1
3655969455 1 1
3656349470 1 1
3658181840 1 1
3659256035 0 0
3663200218 0 0
3684255 0 0
3684815749 0 0
371824942 1 1
372263065 1 1
372265188 1 1
3725417352 0 0
3727391349 1 1
3728856117 1 1
3729972668 0 0
3731417137 1 1
3731954664 0 0
3734920194 0 0
3736855338 0 0
3743615703 1 1
3744410380 1 1
374851836 1 1
3758051192 0 0
3764584281 0 0
3766267687 1 1
377235356 0 0
3773377 1 1
3782077029 0 0
3793129246 1 1
379484149 1 1
3795865597 0 0
380627528 1 1
3818840236 0 0
3820962795 0 0
382420026 1 1
3826544974 1 1
3827229042 0 0
3830093475 1 1
3836895080 0 0
383797110 0 0
3842275248 1 1
3848110051 0 0
3850993882 1 1
3852289942 1 1
386201726 0 0
3866586488 1 1
3877269425 0 0
38789252 0 0
3883841716 0 0
3893066421 0 0
3897153209 0 0
3900238926 1 1
3915127610 1 1
3920117496 1 1
3922097703 0 0
392579 1 1
3928703402 0 0
3936240569 1 1
394380345 1 1
3952185039 0 0
3956632595 1 1
3963130679 0 0
397536387 0 0
3978011130 1 1
3978014728 1 1
3978922673 1 1
398052537 1 1
3988493853 1 1
3993267018 1 1
3993772845 0 0
39Iwc7ajR6QfpM 0 0
3JKfOd7YDqeS1M 1 1
3_rD79o5mqtdhM 0 0
3tuvcbAgMczxRM 0 0
4001085212 0 0
4010434953 1 1
4010456229 0 0
4013773812 1 1
4021232232 1 1
4023287336 1 1
4028016990 0 0
4042188061 1 1
404646615 1 1
406608239 1 1
4070267915 1 1
4072345136 0 0
4074090367 1 1
4074451928 1 1
4076874478 0 0
4078157421 1 1
4079761183 1 1
40837453 1 1
408474843 0 0
4088343349 1 1
4105408616 1 1
4114390767 1 1
411908807 0 0
4128843064 0 0
412927812 1 1
412927877 1 1
412927960 0 0
4131399363 1 1
4135885055 1 1
413660538 1 1
4138931750 1 1
4143906320 1 1
415598044 1 1
4156300096 0 0
415980613 0 0
4165310184 0 0
41673913 1 1
4168460983 1 1
4171146650 1 1
4178807768 1 1
4186827426 1 1
4193306796 0 0
4202321310 1 1
4217869291 1 1
4220512990 1 1
4224781908 0 0
4229038806 1 1
4248307998 1 1
4251949220 1 1
4252558602 0 0
4253959536 1 1
4256390770 0 0
4282165464 1 1
4283576792 1 1
4293542713 0 0
4299701409 0 0
42Sx7exW40NcnM 0 0
4300520310 0 0
4305743130 0 0
430713131 1 1
4308283961 0 0
4332287526 0 0
4335206560 1 1
4336412707 1 1
4342505494 0 0
4349184655 1 1
4359247618 1 1
4360138729 1 1
4363548485 1 1
4364289948 1 1
4382536601 1 1
4383902484 0 0
4388607962 0 0
4394121698 1 1
4394991708 1 1
4404712596 1 1
442527757 0 0
4448978348 1 1
4460056226 1 1
447069463 1 1
4480260216 0 0
4481293996 1 1
4482463675 1 1
4482466569 1 1
4482467447 1 1
4482468355 1 1
4482475327 1 1
4482477395 1 1
4482480415 1 1
4482482205 1 1
4482486909 0 0
4482487821 1 1
4483113374 0 0
4483114276 0 0
4483126946 1 1
4483127924 1 1
4483129828 1 1
4483137242 0 0
4483138190 1 1
4484466137 1 1
4486340907 1 1
4495806635 0 0
4502036965 0 0
4506737852 1 1
4520015658 1 1
4523640939 0 0
4533083384 0 0
4538488684 1 1
4538660184 0 0
4544660937 0 0
4547019411 1 1
4555513783 0 0
4561790855 0 0
4569559039 1 1
4573304652 1 1
4573304820 1 1
4574949809 0 0
457691236 1 1
4584820722 0 0
458739003 0 0
459123748 0 0
4592076902 1 1
4596533729 1 1
4596534035 1 1
4597146476 1 1
4597147328 1 1
4597148570 1 1
459899664 0 0
4600546010 1 1
4605264215 0 0
4629158183 0 0
464143327 0 0
4646200795 1 1
4647645304 1 1
4647645322 0 0
4655699714 1 1
4656540118 0 0
4657439804 1 1
4657460946 1 1
4665935840 0 0
4665936268 1 1
467435412 1 1
4676992513 1 1
4679820585 0 0
4679824899 0 0
4679827021 0 0
4679837227 0 0
4680442812 0 0
4680444780 1 1
4680461726 0 0
4680463860 1 1
4680465488 1 1
4681606562 0 0
4682310923 1 1
4692923688 1 1
4694605032 1 1
4699484676 1 1
4700749119 0 0
4700881486 1 1
4705512076 1 1
4706708750 0 0
4707568289 1 1
4710939037 0 0
4714448663 0 0
4719284759 0 0
473206000 1 1
4734084803 1 1
4739054218 0 0
4739562484 1 1
4744479 1 1
4744567 0 0
4749513372 0 0
4786768343 0 0
4786768405 0 0
4787400418 1 1
4797886910 0 0
4802334477 1 1
4812299092 1 1
4814054292 0 0
4822970149 0 0
4842741305 1 1
484866086 1 1
4864614936 1 1
4868965030 1 1
4869684882 1 1
4871728056 1 1
4876620694 0 0
4878702460 1 1
4891051696 1 1
4894689179 1 1
4894689291 1 1
4895284414 1 1
4895284544 1 1
4904436256 0 0
4904462762 0 0
4923949108 1 1
4924655770 1 1
4933599627 1 1
4935794965 1 1
494589183 1 1
4953988654 0 0
4954905062 0 0
4960206133 0 0
496303580 0 0
4978410101 0 0
4994221690 0 0
4996088192 0 0
4NKqERRBgm7d7M 0 0
4OWggf3j8qdOIM 0 0
4S8jXf-_Rq16YM 1 1
4cWs5FpCtRujeM 0 0
5001227590 1 1
500940488 1 1
5023380232 0 0
5027200728 1 1
5033041461 1 1
5034944489 1 1
5044475058 1 1
5050248628 1 1
5050252168 1 1
505160966 1 1
5059666996 1 1
5060344965 0 0
5062536564 0 0
5062537114 1 1
5071647763 1 1
5089847534 0 0
5093948876 0 0
5098044144 0 0
5107356408 1 1
512076927 1 1
512789222 0 0
5136429512 1 1
5141030425 1 1
5143143821 1 1
5159814892 1 1
5161707765 0 0
516392041 1 1
5165614736 0 0
5171153010 1 1
51757981 0 0
5177216081 0 0
5183311947 1 1
518714945 1 1
5188279939 1 1
5203349652 1 1
5203985331 1 1
5212827520 1 1
5218831011 0 0
522451855 1 1
5226796303 0 0
5227506561 0 0
5237086944 1 1
5241259458 1 1
5249970733 1 1
5250447277 0 0
5253472063 0 0
5254337235 0 0
5265681621 1 1
5266185025 0 0
5266840874 0 0
5273115177 0 0
5274430026 0 0
5279531317 0 0
5281527262 0 0
5282445403 0 0
5282781081 0 0
5283538129 0 0
5283539065 0 0
5284135870 1 1
5285030159 0 0
5291162869 1 1
529254947 1 1
5294795403 1 1
5299211620 0 0
5306598279 1 1
5310439095 1 1
5315361829 0 0
5324614123 1 1
5326232327 1 1
5326930071 1 1
5335365433 1 1
5335416934 0 0
5336014298 1 1
5336629597 1 1
5340294541 1 1
5340863393 1 1
5355600291 0 0
5356215336 0 0
5357185705 1 1
5358804811 1 1
5359865680 1 1
5362258007 1 1
5366738269 0 0
5375343524 1 1
5379962836 0 0
5387095566 0 0
5388962871 1 1
5391649808 0 0
5392724246 0 0
5402933314 1 1
5407041586 0 0
5410165906 0 0
5411769437 1 1
5420558557 0 0
5421165736 0 0
5422075278 0 0
5427347361 1 1
5431065101 1 1
5440130181 1 1
5440880552 0 0
5442811295 0 0
5445160667 1 1
5445760074 1 1
5446676707 1 1
5457997772 0 0
5462262646 1 1
5464666909 0 0
546799483 1 1
5470875927 0 0
5474231419 1 1
5474231899 1 1
5475803 0 0
5477975256 0 0
5481426092 0 0
5482078277 1 1
5482394682 0 0
5485498584 1 1
5486521604 0 0
5486860809 1 1
5499177255 1 1
5500824524 0 0
5504886227 0 0
5507387571 0 0
5509415484 1 1
5509604178 1 1
5511998603 1 1
5512317306 0 0
5512598558 0 0
5515226255 0 0
55154684 0 0
5520717896 0 0
5524000805 0 0
5530563440 0 0
5541034635 0 0
5548918 0 0
5549360739 0 0
5556911713 0 0
5556911883 1 1
5557497368 1 1
5558548657 1 1
5560303017 1 1
5560340809 1 1
5563416610 0 0
5570186897 1 1
5570423217 1 1
5574834680 1 1
5574916209 1 1
5578911524 0 0
5585307590 1 1
5596910791 1 1
5597479952 0 0
5597480038 1 1
5597480116 1 1
5601308517 0 0
5601308967 1 1
5601794070 0 0
5601893730 1 1
5601894022 1 1
5603483433 1 1
5605148747 1 1
5620193641 0 0
5621674138 0 0
5626539645 0 0
5626540401 1 1
5626549349 0 0
5626559847 1 1
5627123698 1 1
5627125828 1 1
5631209730 1 1
5634246654 1 1
5639811010 1 1
5642961941 0 0
5642961945 1 1
5642961953 0 0
5642961965 1 1
5642961971 1 1
5655519723 1 1
5655955163 1 1
5658217210 0 0
565889387 0 0
565957208 1 1
5662686664 1 1
5669836407 0 0
5685502179 0 0
5688127228 0 0
5688733870 1 1
5690209594 1 1
5698520370 1 1
5708231 1 1
5709605030 1 1
5717994238 1 1
5736182406 1 1
5741303572 1 1
5764758959 0 0
5772953551 0 0
5782839719 0 0
5799374839 1 1
5838557353 1 1
5838559437 1 1
5838559705 1 1
5838559919 0 0
5838560393 1 1
5838560521 1 1
5838560625 1 1
5838563035 1 1
5838563297 1 1
5839113334 1 1
5839113598 1 1
5839115454 1 1
5856586336 1 1
5872368885 1 1
5872930306 0 0
5877571988 1 1
5891520922 1 1
5912314439 0 0
5914358319 0 0
5914917162 1 1
5914917724 1 1
5914919006 0 0
5914921138 1 1
5914921782 1 1
5915571125 0 0
595025640 1 1
5971064232 0 0
5978229767 1 1
5988543249 0 0
5Bc9oRR4X3CTvM 0 0
5OXIAd2vnxBvWM 0 0
5Qtu67lQssuBeM 1 1
5TfyjFQLOcx7fM 0 0
5auwDsuoOPen-M 0 0
5idvPyrG-ipY9M 1 1
5iz5Eh3c2HnbmM 1 1
6006530661 0 0
6012682557 0 0
6015837820 0 0
6019651042 1 1
6019947104 1 1
6029751894 1 1
6029758536 0 0
6032176745 1 1
6043035844 0 0
6048738180 0 0
6057425173 0 0
6059821433 0 0
6078703565 0 0
6088071662 0 0
6088891196 0 0
6092610698 0 0
6094892535 0 0
6103717799 0 0
6109682054 0 0
6109688940 0 0
6111046206 1 1
6115288185 0 0
6121797456 0 0
6139690609 0 0
6140646146 0 0
6141987683 1 1
6151192726 0 0
6151332347 0 0
6160306547 0 0
616961058 0 0
6174560077 1 1
6188244381 0 0
6189665039 0 0
6195663003 1 1
6196232458 1 1
6219425907 0 0
6222240812 0 0
6222820599 1 1
6223340692 1 1
6226956887 0 0
6231519917 1 1
6232033580 1 1
6232043970 1 1
6232489620 1 1
6246935801 1 1
6246936389 0 0
6258726304 1 1
6259582420 0 0
6267373925 0 0
6269205368 1 1
6278427671 0 0
6283121320 1 1
6283483019 1 1
6290096035 0 0
6292701684 0 0
6293620384 1 1
6299743149 1 1
6330329013 1 1
6330994857 1 1
6352257296 1 1
6361075843 1 1
6365124361 1 1
6369221309 1 1
6371264135 0 0
6372502691 0 0
6384508073 1 1
6398408789 1 1
6410812513 1 1
6410813591 0 0
6479916839 1 1
6487650761 1 1
6499998959 0 0
6518919889 0 0
6548164339 1 1
6568988371 1 1
6585772985 1 1
6593518197 1 1
6618330699 0 0
6642721145 0 0
6658751615 1 1
6667584377 0 0
6679656069 1 1
6691550603 1 1
6691647855 0 0
6696375133 1 1
6696376645 1 1
6696378931 1 1
6715423027 0 0
6715812171 1 1
6715831035 0 0
6735953753 1 1
6743174297 0 0
6755669321 1 1
6763932371 0 0
6765493129 1 1
6778306033 0 0
6781468290 1 1
6782653996 0 0
6785620433 0 0
6786227641 1 1
6786466291 1 1
6788936745 0 0
6791277061 1 1
6793908310 1 1
6803217029 1 1
6806831834 1 1
6810307127 1 1
6812375338 1 1
6814007450 1 1
6817423876 1 1
6823607023 0 0
6832002678 0 0
6833519817 0 0
6841953546 1 1
6848891132 1 1
6867862375 1 1
6869682942 1 1
6878290629 1 1
6881003304 1 1
6882144779 1 1
6885760067 0 0
6894464739 0 0
6912789987 1 1
6912797035 0 0
6917408679 0 0
692740448 0 0
6961901255 0 0
6963824690 0 0
6964853988 0 0
6973332086 0 0
6981785165 0 0
6983029311 0 0
6985487467 0 0
6GsM9dbPfRJOQM 0 0
6OVxltBb3ymXAM 0 0
6bHdlvuQfEmy_M 0 0
6cdoE7yRQKB85M 0 0
6iU_nZGGy12OYM 0 0
6ycRVTwRQxuEeM 1 1
7000556864 1 1
7004735337 0 0
7005597419 0 0
7021949683 0 0
7031709751 1 1
7037696509 0 0
7056439343 0 0
7057141431 1 1
7059426005 1 1
7064486389 0 0
7077962733 0 0
7109126335 1 1
7119415499 0 0
7145082463 1 1
7163640423 0 0
71746817 0 0
71864014 1 1
7186544508 0 0
7236471542 1 1
7251904674 1 1
72eQlbYdrx1n8M 0 0
7312703260 0 0
7339569718 1 1
7375546934 1 1
73822602 1 1
7383419244 1 1
7384697588 0 0
7408152434 1 1
7410287048 1 1
7417277874 1 1
7417277946 1 1
7429589654 1 1
7434423434 0 0
7445854754 0 0
74461715 0 0
7461601224 1 1
7475530 0 0
7477472518 0 0
7492992164 1 1
7499194080 1 1
7499639286 1 1
7535091022 1 1
7553300580 1 1
7567406766 0 0
75826466 1 1
75826473 0 0
7612530450 1 1
764718 0 0
7672242666 1 1
7672254690 0 0
7672255312 0 0
76D-VyoqeiZA-M 1 1
7707227866 1 1
7713694834 1 1
7713695346 1 1
7776910478 1 1
7779997954 1 1
78028649 0 0
7808416702 0 0
7810104142 1 1
7817908160 1 1
782438834 0 0
7840834672 0 0
7856887134 1 1
7865601428 1 1
7867355614 1 1
7872780180 0 0
7877682 0 0
7893055988 1 1
7905931 1 1
7906583004 1 1
7937399952 0 0
7956890756 0 0
7961306226 0 0
7966388530 0 0
7FUgP9tvDvgY_M 0 0
7MaY5ZN8Rm-gMM 0 0
7NO17pXbKyjmzM 0 0
7U0dT-Z3mIiP_M 0 0
7af4jwB5xNXQhM 0 0
7choCwTSWjHaIM 0 0
7epJ1-WQGqRaCM 0 0
7ovs63a0YoUXUM 0 0
8-csPhOoIhvvaM 0 0
801030 1 1
80117562 1 1
8026360854 0 0
8026361415 0 0
8035364424 0 0
8036257207 1 1
8041353568 0 0
8047735052 0 0
8080317450 0 0
8091950249 1 1
8096783611 0 0
8097354 0 0
8119155536 1 1
8121729291 0 0
8129396551 0 0
8134060907 0 0
8134087324 0 0
8134089636 0 0
8177928270 1 1
8180621174 1 1
8203318666 0 0
8218334240 1 1
8219124363 0 0
82212790 0 0
8221373260 1 1
8225232388 0 0
8229764690 0 0
8252878905 1 1
8257804581 1 1
8259350309 0 0
8286723597 1 1
8297272486 1 1
8298746127 1 1
8307141780 0 0
8311527004 1 1
8312027401 0 0
8321077833 1 1
8322134452 1 1
8322136312 1 1
8327516033 1 1
8329852219 1 1
8339506322 0 0
8344887889 0 0
8345945270 1 1
8352463237 0 0
8352675463 1 1
8359941616 0 0
8360057894 1 1
8373031525 1 1
83792141 0 0
8383652639 1 1
8383833395 1 1
8385120266 1 1
8385172874 1 1
83871257 0 0
8393559216 0 0
8403446889 0 0
8404807867 1 1
8407207791 0 0
8412090975 1 1
8412542723 0 0
8435992125 0 0
8449117596 0 0
8452912090 0 0
8468262852 0 0
8469128341 0 0
8469129525 0 0
846992414 1 1
8472843869 1 1
8477809074 1 1
8503905359 0 0
8505471121 1 1
8506928197 0 0
8516260109 1 1
8517528760 1 1
8529553684 1 1
8535826100 0 0
8549777104 1 1
8556232926 1 1
8559219810 1 1
8568909352 0 0
8568910054 1 1
8571692307 1 1
8617113282 1 1
8625280994 0 0
8647827329 0 0
8649328262 0 0
8650978166 0 0
8667511421 1 1
8670427121 1 1
8678630643 0 0
8717625194 1 1
8720143 1 1
8723406263 0 0
8723881740 0 0
8738582779 0 0
8854027547 0 0
8864379807 1 1
8874615919 0 0
8906896285 1 1
8947406708 0 0
8977407239 1 1
8978603158 1 1
8RjyWHDmr__dWM 0 0
8nCpFfbuymdm7M 0 0
9009250 1 1
9061104939 0 0
90650409 0 0
9065506985 1 1
9068765519 1 1
9068767475 0 0
9068772445 1 1
9072389712 1 1
90YbcQlNhCdgXM 0 0
9117612284 0 0
91510564 0 0
9221417681 1 1
9240516100 1 1
9251254304 1 1
9347340811 1 1
9353448140 1 1
9386829697 1 1
9427328187 1 1
9433786035 1 1
9453196719 0 0
9463298398 1 1
9471682624 1 1
9567869487 0 0
9596179844 1 1
9644281799 0 0
9644284845 1 1
9647518354 0 0
9692280448 0 0
9695997130 0 0
97088768 0 0
9721724169 1 1
9731103576 1 1
9832088895 0 0
9862033484 1 1
98679059 0 0
9947442935 1 1
9951460324 1 1
9IcZN8agmy6xPM 1 1
9aNC2kPP_a0IGM 1 1
9i0mmKAaXqsvBM 0 0
9n1pi9SlnxLVQM 1 1
9osCMGtOX87BOM 1 1
9vH34f8MayCUPM 0 0
AEYT4uf-eFWNDM 1 1
AEps-6Zie9CwAM 0 0
AGznzUc4QCzhtM 0 0
AZEFHlWsLeN9wM 0 0
B1TabzmkV0ay2M 0 0
BECoHJXltyOPmM 0 0
BJJeol9GP8c7sM 0 0
BOM52fCi0-AfeM 0 0
BV8_3Den_IbwoM 1 1
BiAwdcnxJiTYgM 1 1
C9OkpXlOJUPyeM 0 0
CXTGNAS6oKhqUM 0 0
ChEtV5FD9YdCgM 0 0
Ckz2CvOPoHeuvM 0 0
Clu81_F-OqR8VM 0 0
CqY95vnvR0SI6M 1 1
Ct5ixnBP1iPPdM 0 0
D1XWrln6CuCL4M 0 0
D8T5Fzokv2tynM 1 1
DBJ4cGoKeTdmXM 1 1
DT80ExD029HzCM 0 0
DTSVHyubjgI8sM 1 1
DfV4kVGwOlIfhM 0 0
DgnnSGh0C1iLbM 0 0
EQCezOI9LTFBwM 0 0
EUJRy0IL6TXqtM 0 0
EbBYS6bP3kYwcM 1 1
EmWZ7FCajWFXcM 0 0
Emqn4NkixzGqmM 0 0
EyJ2Wr6kQfybIM 0 0
F_FUZww-axIluM 0 0
FtAk0wvm1-rvDM 0 0
GOLhjb6HCXFPmM 0 0
Gfb0iW0YSULIJM 0 0
Gkn5eimkX5OUBM 0 0
H0IvJ5owqcEClM 0 0
H0fzV1oxwY12rM 0 0
H2s7L-LtEZrWMM 0 0
H3NVGMpqiioLKM 1 1
H3SlwO9oW9YPCM 0 0
H6geKzXgwAb1ZM 0 0
HAN3LpyvtlRA1M 0 0
Hn-7kXNPW1mM-M 1 1
Hoc2i8kSkGhwdM 0 0
Hr_kAEdfyh52_M 0 0
Hsa4LyjVAXCOTM 0 0
I0Buk5brQJiaoM 0 0
I2hvekIaz6PAqM 0 0
I8RW6grINApK7M 1 1
IKL5R7TBzWGhRM 0 0
IQnnSDrKo71eNM 0 0
IwOnSXWBAajxYM 0 0
JB71IanIN9lOLM 1 1
JEyKgPGccY0v3M 1 1
JsnOqM4xFswxnM 0 0
K0YixSZ5uUaXvM 0 0
KCx67B8A9li6mM 0 0
KDi3Y76CtVuVgM 0 0
KNC_CEd02TAInM 0 0
KYB5Cjx1vgXT-M 0 0
Ku-rNRs6gCQbxM 0 0
L5qmUhlaKgq7mM 0 0
LEJWLri5Wp6ZSM 0 0
LKR7LMg8SuHUVM 0 0
LOFn2bQWGSHnDM 0 0
La4F5w_y_hTYrM 0 0
LkosmTIhGAMp8M 1 1
LoE2TaIbw254uM 0 0
LysnG1B8q_jytM 0 0
LznDoj6Nq7R4oM 0 0
MKjQeX_YB-6Z5M 0 0
MOUYEA3K1BLwLM 0 0
MTmiTLHSQ0tg7M 0 0
MZSSNm--SSuENM 1 1
MbGAZkrajFF2XM 0 0
MlF-vgMBLFRiuM 0 0
Mozuw8RXnPKF6M 0 0
Mp05c64O-fhdGM 1 1
MvYe1ofKdAfe7M 0 0
Myx1gxns4ZC_0M 0 0
N0DqH-DkfLNACM 0 0
NBWpAdYkw3GJQM 1 1
NB_w3zdJw8kxQM 1 1
NIhVS3z6sHSsTM 0 0
NKZI6ZTjftCXfM 0 0
NS3FM3DlEAiR8M 0 0
NUfYkysCsRl2zM 0 0
Nkv71dpMlyeB9M 0 0
OKv97TvfD57wBM 0 0
OYTz_aXVEzF9nM 0 0
Ofl1Bc_e6VxrfM 1 1
OkPBomB-X0fF2M 0 0
OxGY2cjC2QyzBM 0 0
P1se_-P7TraN6M 1 1
POjK9IWME7xhLM 0 0
PVY07EbYIS9vTM 0 0
PW1Z7FIlX5FoNM 0 0
PzwmmeNRhzF8xM 0 0
Q37gEV4yLibSeM 0 0
Q4a8AT-FW1OaUM 0 0
Q5ciCn0JHbkALM 0 0
Q7Q8aFyUYEZCDM 1 1
QBziDPaqGZhMIM 1 1
QCarnu2LY1FkYM 1 1
QDGz_6zN6-a15M 1 1
Q_h--3D3EFJcpM 1 1
QdPPBLYM907OlM 0 0
QpoRwgqjToIWeM 0 0
Qui3LjI3qjBswM 0 0
QwqdSHZidezczM 1 1
RAPL3XHHV3-oZM 0 0
REqPgaYJVRA50M 1 1
RXGr_s1wA-MhHM 0 0
RtJFxH7N3IugUM 0 0
RvQg1bMfX2iLVM 0 0
S0_yvGBwpxZ_lM 0 0
S2czXpfX8CoexM 0 0
SQI8lVHvrNGJqM 0 0
Sa-Kxvgx9gjMUM 1 1
Saw0SqbDWUSDYM 0 0
SdDW2BSJAaaLJM 0 0
SgEvBTZcGv5IpM 0 0
T8bURmE1vERH8M 0 0
TIgTqIRYspFo6M 1 1
Ta1wvy99qWu6BM 1 1
ThoZwkUSWBNL2M 0 0
TsCXn-O7sC6LyM 1 1
UFjOpBsOUAfU9M 0 0
UIyNv7tmGaV-8M 0 0
UVi6kfrhYFBweM 0 0
UdqAfRDJ-xs7dM 0 0
VLLUsc5_hCbLWM 0 0
VR690Slaw-oDfM 0 0
VV2RyVYyEpOBNM 0 0
VWUTgTkW_iOA0M 0 0
VhxGkOyhjdtw9M 0 0
VnEOWDIgw1moUM 0 0
VpvACGJ5FmPjiM 0 0
VtCBAy49kHVomM 0 0
Vzyp4e3GvM-u1M 0 0
W1BopU5Y8cyNYM 0 0
WFAcGZ5x6wwwNM 1 1
WFRb4rfMy-x-lM 1 1
WHjghZ17Tz9ruM 0 0
WRqM043CGTpAMM 0 0
Wd12swo9ZiVCdM 1 1
WthovBeaD6srVM 1 1
WyB-TxBY8I7EuM 1 1
XCbJNc6UHH9G-M 1 1
XD49-k3zS_dmwM 1 1
XHIClnYahgSv-M 1 1
XXZOcWxIMYZPyM 0 0
Xgh-gX7V75WwyM 0 0
XgwkASE8ktTI5M 1 1
Xm2vY92hcytehM 0 0
XpDp_owFsfOLmM 0 0
XuhWjjnRRaN1FM 0 0
XvruRLxGElYfrM 0 0
Xzzc2aobX4J3fM 0 0
YDC8iXQ_sS0YqM 0 0
YDgwJaKnGy7olM 1 1
YIYw4fyuFX-4tM 0 0
YQB6pOfqJz_acM 0 0
YSUgrmmwoA2JNM 0 0
YTAqWWiZ0wTx9M 1 1
YiKnJ7hdH0ljEM 0 0
YlMmmLWpsIBA4M 0 0
Z6QLGZm7kqhmrM 0 0
ZAtLprfmwBBZWM 1 1
ZRKGxfC7G3oJFM 0 0
ZTsu9veJptsbnM 1 1
Zb5dQ_obYqOhRM 0 0
ZfAl-ZIaYFOzQM 1 1
ZupQVtXArp9M4M 0 0
ZxkybAaXYaMzQM 0 0
_8_T0-EMzz0DLM 0 0
_EW-Aoql-kAzoM 1 1
_JluM0ug7g82BM 1 1
_MShQCZR1jOs5M 1 1
_Si9r9TI4Rx0UM 1 1
_xE9KOgsztTlwM 0 0
a4BKL0hapvbOAM 1 1
a9n3TIgIxx7SgM 0 0
aJ_3dQeGhhIffM 1 1
alf1uYtF2BnNsM 0 0
an4AA9O4DMq0DM 1 1
b02WbA5Npc1ToM 0 0
b50xuA9DHBhMfM 1 1
b7rMBMW-lZjymM 1 1
bBy2RHhBcWXSfM 0 0
bPQdk-0w_JJhxM 0 0
bQU7fWZSdj1HFM 0 0
bmIZRtGVl7AwAM 0 0
bsRJONjdied3xM 0 0
c-yrgEyhA5OWXM 0 0
cVNdggM6wGPuiM 0 0
cY8YvaOEhIdPMM 1 1
cZIbpyRBrmHhFM 0 0
clkm4v9buwQR5M 0 0
cmcmYhZdZ-YkvM 1 1
d44J54b2-G4B8M 0 0
dETTCFUdP5zMzM 0 0
dHeT3dxu5ArezM 0 0
dLhose5TBV32BM 1 1
dSijvFlnjDgCyM 0 0
daQ29k-MKWIkvM 0 0
dc_tr25hRFWzVM 0 0
ddmW0hESy2E4eM 1 1
dttO1p4Skfo25M 0 0
eNvK0wQTKD6fJM 0 0
etyz8DcdK8jU-M 1 1
fHlxzHsLnDDrjM 1 1
fMsgVWmBtMGA3M 0 0
g-Xi6mG17iDvmM 0 0
gAu_hKm7dvLhxM 1 1
gDCfN0GTuU3m2M 0 0
gUSRA37dApltAM 0 0
gXqImY33n7YaoM 0 0
h-6rfJwlIhyTqM 1 1
h0-DaVI7KJd_iM 0 0
h28LtQePTanH_M 0 0
h8xhTSTRQqqB-M 1 1
h9muV7JgHk6EoM 0 0
hCFTmUdP3b1MSM 0 0
hChGTEDL8J9zMM 0 0
hFyw_l9xWtQwBM 0 0
hGUGu58NYjh-6M 0 0
hNxoVrVC02WLrM 0 0
i9TytdNRJOWP1M 1 1
iHYpZx3P-BZFyM 1 1
iOSJLzXATJt5kM 0 0
ij1CGsAG4fzo3M 0 0
ikV77azvNKlo7M 0 0
jMKrjTPmIzM2mM 1 1
k-gAz2LW3rEuQM 0 0
k0khI6WDk-KFCM 0 0
k6hEhZLmDRVJ3M 0 0
kRMPeRV8YcXr0M 0 0
lCjEUL7iX6mwMM 0 0
lEdnG80SkX6uMM 0 0
lRuOnYM2d_XuRM 0 0
lrRamf68SP57bM 1 1
mBV_nV_4kZ4o7M 0 0
mFel76z7lzoHeM 0 0
mJEX039KwRIwGM 0 0
mLkm0EeW6PYQCM 1 1
mOkHOvVDSSQitM 0 0
mW68_BcXRzl0vM 0 0
madEthNGH1zQCM 0 0
miUTf5xncoVmuM 1 1
mn_XH36G53HVlM 0 0
mo7WVoDELvrj5M 0 0
nqRMpVYHPoG7hM 1 1
ns3KqRGY85e3aM 0 0
nu90vKeHMc59GM 1 1
nyWC5roOQRrn1M 1 1
o7xeM5zRrDPMbM 0 0
oVEIPjQziV8VAM 1 1
oVp_BaEWk5_t1M 1 1
oWj_lQfvUmEKcM 0 0
ofXpnD3b-xuPqM 0 0
oqq-6fJ9Ox_UIM 1 1
oytCdTGpfmGvlM 0 0
p38xXc00PglkHM 0 0
pGqyhaGuNseAhM 1 1
pL_qA46UXl-fdM 1 1
pP8r21cClbhMnM 0 0
pdNz0s9UmBeAQM 1 1
pe1rN5NCdBoogM 0 0
peTRBXspGIYWTM 1 1
pelndUVOjYsLWM 0 0
q5cPvckQNUdZfM 1 1
qRGIQp_60Z5uNM 1 1
qU-S4fOmwNQJ3M 0 0
qeLdhKthK8X1wM 1 1
qfGSXJcU8_leQM 1 1
r-YVsDmucIjycM 0 0
r49WNrbE_R2zYM 1 1
r5YJTM9OcBEYhM 1 1
r6YwqUxqaP26mM 0 0
rDG_lx1PTQJC6M 1 1
rGkdN22XO3fmvM 0 0
rRem3ryDCxS9XM 1 1
rZa2iBgTigeICM 0 0
rjs0UvcC-xyXdM 1 1
rocY4PqPjcnAIM 0 0
ryMvfaug97zdQM 1 1
s583fRjKTvvT0M 0 0
s5RmuZ3WBVZMrM 0 0
sGlIRyO8E5DJAM 0 0
sJdL4W_1PsWrRM 1 1
sK8M7xmDYe_FLM 0 0
sQwaxShyiR0LpM 0 0
sWLQK0qGY4pJRM 0 0
sXhB5SKuiUtaeM 0 0
sZPjx4ORaUC5hM 0 0
sd1J7BCtrAJFnM 0 0
spoLLr4_Mno08M 1 1
ssddXDCbG2TFZM 0 0
sud942ZAKveCsM 0 0
t-0T936N5Og_fM 0 0
tBgeRxk3gVQzPM 0 0
tCwmmztkp90PDM 0 0
tDNz0ubcIWQBWM 1 1
tRNe7bOqXQkEXM 0 0
tcCBfYRocEPBlM 0 0
tdthz6LZE1dkmM 0 0
tnyaTjHimp2GTM 0 0
uPV6t_NHRGp0bM 0 0
uT3eBDw9NshszM 0 0
uWn268zNlZwX0M 1 1
v0r7fdVEr1A_IM 0 0
vIIQhWEOrjhiMM 0 0
vVEptD-wKX6DKM 0 0
vc1-VjFRxZo2UM 1 1
wB35dN1UIODF3M 1 1
w_FVKJRDuGm78M 1 1
waYW8cLwFtwCeM 0 0
wayKR2PFQ6xqgM 0 0
wkwU8_3wUa574M 0 0
wqaQ2tXMvSM7kM 1 1
wyBvDi1m7gpuQM 0 0
x1eU0kRbjv2YIM 1 1
x5tpDYFdRI9qRM 0 0
xI1Z9nLPp81JeM 0 0
xvP1pljjjufkUM 0 0
y45FdB7wP3qucM 1 1
yDR5NyXA09VGFM 1 1
yDk3Kzaj_LM0AM 0 0
yIg3AEFTOMuHEM 0 0
yWp6tUCW0-8hpM 0 0
yiuOSiUuynWqOM 1 1
ypaYoV2L7BPirM 0 0
zZ5ETu3BKwBOEM 0 0
zyP0I9qVva5dOM 0 0
