-3uIQ_g5WgTQBM 1 1
-4burlwpkrfatM 1 1
-7XM5zJom7WfjM 0 0
-D2vA9Ptb3LqoM 1 1
-MXLWNiFXM-21M 1 1
-TWHQhxenrD9mM 1 1
-VBuQFAqCvfMzM 0 0
-Xb9tU5P37uUNM 0 0
-kVVeWNvBMLJkM 1 1
-kxFVBbwLeGFCM 1 1
-lGwrJ54o6V2IM 0 0
-s1S-UKvztIlSM 1 1
-sNuPO0yw0G7jM 0 0
-ybl6cw9etmpKM 0 0
01s5H4zTr__IaM 1 1
0AlsshXQc_fbnM 1 1
0B0BM-qd8YnLOM 0 0
0GrE_5AS2g9fiM 0 0
0HmohpSxl8V6iM 1 1
0Wj-TA3IbdJOPM 0 0
0ZiZTB6e15qA0M 0 0
0arQn8Q5t8lzxM 1 1
10322223214 0 0
10832041485 0 0
11030861886 0 0
11109392546 0 0
11109401194 0 0
11167250294 0 0
11218501515 0 0
11239598204 1 1
11239613964 1 1
11366974206 0 0
11517157336 1 1
11517211213 1 1
11877660353 0 0
11877807704 1 1
11892591206 0 0
11918145024 1 1
11931895815 0 0
11932164253 0 0
11932183303 0 0
11932343234 0 0
12079537534 0 0
12105650106 1 1
12196773413 0 0
12197215166 0 0
12228347983 0 0
12228747376 0 0
12371788713 0 0
12372096764 1 1
12691429113 0 0
12697032724 1 1
12697116684 1 1
12714031564 1 1
12721859825 1 1
12722319984 1 1
12793683744 1 1
12831035393 0 0
12912178495 0 0
12gfZ1pGHb6O9M 0 0
12wMyzX5rTxCYM 1 1
13064298615 1 1
13064414953 1 1
13064417323 0 0
13132049454 1 1
13351015114 1 1
13357502394 0 0
13432870155 0 0
13524141104 1 1
13828939295 1 1
13828947415 1 1
13828952323 1 1
13828965915 1 1
13829031293 0 0
13829308114 1 1
13829345914 1 1
13829367404 1 1
13869690724 1 1
13983049116 1 1
13986607635 1 1
14053983428 0 0
14053988829 0 0
14054038807 0 0
14098750808 1 1
14144534408 0 0
14207136021 0 0
14217316193 1 1
14238372712 1 1
14269740441 1 1
14327344784 0 0
14444315509 0 0
14444576487 0 0
14475672576 1 1
14558205719 0 0
14588836659 1 1
14712102399 0 0
14724051310 1 1
14772971564 0 0
14773154564 1 1
14786199607 0 0
14813239057 1 1
14821046773 0 0
14875743686 0 0
14878376738 0 0
14925848263 1 1
14927589278 0 0
15079793854 1 1
15319137913 0 0
15354561306 0 0
15371960740 0 0
15533881086 0 0
15543403661 0 0
15644810113 0 0
15644825013 1 1
15676014996 1 1
15706787502 1 1
15710791358 0 0
15715045964 1 1
15790505509 0 0
15811175999 0 0
15864402818 1 1
15919248871 0 0
15919550231 0 0
15928416298 1 1
16018020917 0 0
16046376463 1 1
16054308873 1 1
16077321720 0 0
16078574459 1 1
16078583119 1 1
16103413363 1 1
16149887568 0 0
16150101550 1 1
16173590649 1 1
16198842505 0 0
16238784746 0 0
16245146365 0 0
16245247823 0 0
1625879009 1 1
16264710075 1 1
16274289398 0 0
16274558320 0 0
16275745789 0 0
16292437666 0 0
16507758557 0 0
16609013152 0 0
16631431825 0 0
1664581677 0 0
16712977693 0 0
16826792533 0 0
16830752039 0 0
16889949959 1 1
16994609916 1 1
17145659988 1 1
17147033789 1 1
17197927652 1 1
17213523655 1 1
17259387290 0 0
17331434722 0 0
17575865814 1 1
17673816595 1 1
17771688424 0 0
18084391133 0 0
18182329533 1 1
18199640741 1 1
182078698 1 1
182079455 1 1
18379295094 0 0
18379342254 0 0
18381198433 0 0
18390193282 1 1
1846381513 1 1
18616807099 1 1
18814190260 0 0
18843263836 1 1
18904775344 0 0
19374235655 1 1
195066997 1 1
19570308790 0 0
19688665614 1 1
1EleiNrcBFRVSM 1 1
1Ep6Ib9iE7cDvM 1 1
1NjlNxOiaqlJ5M 0 0
1QEpXrVv7RmlKM 0 0
1X-6fTDKGWZHrM 1 1
1dagbXN9d6VwYM 1 1
1wlZCWBX-1AUBM 1 1
1yR54nUPlMlOAM 1 1
200715924 1 1
20317306971 1 1
20463658816 0 0
20505514268 0 0
20644697378 1 1
20648419662 0 0
20667209846 0 0
20688865452 0 0
20721124313 0 0
20994858744 1 1
21195458752 0 0
2127425618 0 0
2132794180 0 0
2132794618 0 0
2132795040 0 0
21429653720 0 0
21429840128 0 0
21626581411 0 0
2181485356 0 0
2189892758 0 0
21992044969 1 1
22379582171 1 1
2247171762 1 1
2260190106 0 0
22954038606 1 1
2299383750 1 1
22CqyBRBMl5WtM 0 0
2305546489 1 1
23197786155 1 1
232622926 0 0
23666422213 1 1
23758346805 0 0
23873241589 0 0
240452341 0 0
2404997899 1 1
2408451787 1 1
24091759414 1 1
2409492319 0 0
24144364064 1 1
24237080782 1 1
24263867461 1 1
2427461505 0 0
24280001004 1 1
2428274080 0 0
2428274616 1 1
24284855504 0 0
24478970146 1 1
24513019441 0 0
2454097797 1 1
24693713966 1 1
2476457290 1 1
24866814014 1 1
24870631883 1 1
25129798739 0 0
2515133992 1 1
25167806544 0 0
25169424473 0 0
25169469193 0 0
25169491283 0 0
25172386073 0 0
25414432710 0 0
2543563273 1 1
25482583320 1 1
2557351974 1 1
25703169061 0 0
25769990116 0 0
25770070736 0 0
25796035335 0 0
2603110743 0 0
2603928450 1 1
2603946318 0 0
26184160535 1 1
26199452594 0 0
2623931632 0 0
2625437604 1 1
2627259560 0 0
26340782214 1 1
26341891343 0 0
26414569394 0 0
26725421624 0 0
2675863031 0 0
2675878203 0 0
2675887713 0 0
2676716098 1 1
2676725146 1 1
2676888354 1 1
26779919366 0 0
26804093415 0 0
26893261470 0 0
2690982940 0 0
26979320740 1 1
2704833567 0 0
2704839975 0 0
2704841381 0 0
2704846273 0 0
2704848687 0 0
2704873081 0 0
2704874901 1 1
2705653662 0 0
2705657192 0 0
2705659588 0 0
2705665380 0 0
2707226054 1 1
2717066648 1 1
27254569685 0 0
27254577565 1 1
27328972721 1 1
27586492733 0 0
27995064191 1 1
2813498838 1 1
28282595624 0 0
2830579200 1 1
28407305381 1 1
2848174290 1 1
28690396152 0 0
2880009510 0 0
28865792580 0 0
2901714175 1 1
2910065313 1 1
29101298812 0 0
2910910296 0 0
29182130681 0 0
29208985764 0 0
29226654946 0 0
29438584793 0 0
2944772319 1 1
2945635904 1 1
2945651294 0 0
2945651692 0 0
29522729910 0 0
29560612883 0 0
29560616553 1 1
29593338694 0 0
29624671045 0 0
29702057863 1 1
29702060763 1 1
29852464053 1 1
2997276935 0 0
2997285427 0 0
2997294145 0 0
2997306431 0 0
2998123904 0 0
2998132208 0 0
2NeR2TH9M2pKmM 0 0
2S0lvpZPLa1GcM 1 1
2ZyBUK_25hEQKM 1 1
2_4MutD3JB0irM 0 0
2_K7cmcfux29gM 1 1
2gEixH85owYl-M 0 0
2rYPFGq0p4IZlM 0 0
2xK3EvG43EZA_M 0 0
30031769646 0 0
30065290055 0 0
30065318685 0 0
30155436185 0 0
30298223356 0 0
30298228856 0 0
3065260349 1 1
3067090124 0 0
3073489705 1 1
3075981962 1 1
3075983578 1 1
3090866720 0 0
3133116200 0 0
3138283877 0 0
3138287813 0 0
3211622761 1 1
3233804629 1 1
3256832315 0 0
3326818101 0 0
3335726113 0 0
3396276511 1 1
3397088274 1 1
3397088514 0 0
3397152384 1 1
3426814270 1 1
3446605982 1 1
3451618015 0 0
3455048158 0 0
3483182634 0 0
34gkb_HgCi0BKM 1 1
3514093017 1 1
3560501375 0 0
356296292 1 1
3599559667 1 1
363777469 1 1
365817026 1 1
3723750748 0 0
373588450 1 1
3786952025 0 0
3790156907 0 0
3790158055 0 0
3790162705 0 0
3790164279 0 0
3796052121 0 0
3796058817 0 0
3860728967 0 0
3861511752 0 0
386598357 1 1
3869893529 0 0
3869893627 1 1
3869893855 1 1
3902791318 0 0
3B1_ijKzK8a74M 1 1
3CX9BfvwiuxRPM 0 0
3NNbsOMTfrkbyM 1 1
3Q3JO_AHTfCowM 1 1
3U8AOEdlnLQHpM 1 1
3U8U6LKL-aSDiM 0 0
3Ujt0P7QM4P8yM 1 1
3V3JF5JMeez-6M 1 1
3YfRzdTGTPyVcM 1 1
3ePa1Rudqt63dM 1 1
3lpJ_TMdIZqEIM 1 1
3zLa5eKm64AN8M 1 1
4042081601 1 1
4054826816 0 0
4093660965 1 1
4097454646 1 1
4106933695 0 0
4110790768 1 1
4122432821 1 1
4123792938 1 1
4137135409 1 1
4172228813 0 0
4172981786 0 0
420922282 1 1
4214063059 1 1
4214063351 1 1
4214831840 1 1
422773528 1 1
4241013832 1 1
4304701668 0 0
4315997068 1 1
4333431975 1 1
4345980233 0 0
4351235500 1 1
4375165827 0 0
4375381862 0 0
437723712 0 0
438953031 1 1
438953177 1 1
438956960 1 1
4395164205 0 0
4410211798 0 0
4421131059 0 0
4423590983 1 1
4440158497 0 0
4451193800 0 0
4464702169 1 1
447895113 0 0
449299064 0 0
4498697799 0 0
4499331410 0 0
4502544633 0 0
4534606819 1 1
4534710828 1 1
4534711010 0 0
4534711204 1 1
4537776412 0 0
4545937787 0 0
457416765 1 1
457586158 0 0
457601543 0 0
4589927927 1 1
459588310 0 0
4598150913 1 1
4598153137 0 0
45hplDSUtzgIoM 1 1
4603316657 0 0
4681001387 1 1
4711343874 1 1
4729126539 0 0
4729773670 0 0
478275763 0 0
489481255 1 1
4895339627 0 0
489579661 1 1
489585170 0 0
4901049442 0 0
4932924017 0 0
4937642610 0 0
4971378594 0 0
4976643665 0 0
4982195895 1 1
4C-ZxADlhqr-pM 1 1
4D55ny9HnlMptM 1 1
4FeVz-Ml0ONHXM 0 0
4G01GpQry8qLlM 0 0
4IFQwA0UBie6cM 0 0
4IpSY90Z6pqEaM 1 1
4K0N6Bqfu_NNKM 1 1
4L9OMgOpKCSEAM 1 1
4XB1paB4cqFHDM 1 1
4c9vdSpVPCqZxM 0 0
4choanpHhld0sM 1 1
4zbpeQXb4gnsnM 1 1
5014651290 1 1
502989971 0 0
5034490614 0 0
5036923998 0 0
5036927400 0 0
5121221521 0 0
5121221525 0 0
5121221529 1 1
5121221531 1 1
5195932543 1 1
5264917673 0 0
5308180666 1 1
5324834936 0 0
534730929 1 1
534732083 0 0
5375248136 0 0
5402862109 0 0
5403413373 0 0
5403420405 1 1
5407025963 1 1
5431423274 0 0
5453138272 0 0
5453258163 1 1
5458575349 0 0
5497179811 0 0
54y_d87BI_y0xM 0 0
552600154 0 0
5626757667 1 1
5626907771 0 0
5627354088 1 1
5627483732 0 0
5627492794 0 0
5645355865 1 1
5698003153 0 0
5698565974 0 0
5717897613 1 1
5718001957 1 1
5718458958 1 1
5718459010 1 1
5738061055 1 1
5738061139 1 1
5738065371 1 1
5738068263 0 0
5738119175 1 1
5738611502 0 0
5738611768 0 0
5738618890 1 1
5738669474 1 1
5738669550 0 0
5761675796 1 1
5812738089 1 1
5812739457 1 1
5833693187 0 0
5833693579 0 0
5846296631 0 0
5871876773 1 1
5871877199 1 1
5872434040 1 1
5875778165 0 0
5875781125 0 0
5875784705 0 0
5875786071 0 0
5875787907 0 0
5875793121 0 0
5875797775 0 0
5875798821 0 0
5875799627 0 0
5875802395 0 0
5875805027 0 0
5875805693 0 0
5875808349 0 0
5875808799 0 0
5875809373 0 0
5875809943 0 0
5875811057 1 1
5875812821 0 0
5875815139 0 0
5875817383 0 0
5875818557 0 0
5875822593 0 0
5876332974 0 0
5876350882 0 0
5876356500 0 0
5876357198 0 0
5876358588 0 0
5876360654 0 0
5876366666 0 0
5876367576 0 0
5876368366 0 0
5876386268 0 0
5876390102 0 0
5884446278 1 1
5884446886 1 1
5921054719 1 1
5921568484 1 1
5921576056 1 1
5921871234 1 1
5927307754 1 1
5927308010 1 1
5927328976 1 1
5937200309 1 1
5CrVw5Bad-3XXM 1 1
5UqoNCvRikHt7M 1 1
5l0GEJ9S-4iFlM 0 0
5mZa_0w1i-x6QM 0 0
5nzhfijdwgHs3M 1 1
5rO4INnnBHKCBM 1 1
5ytP7HA_JGb9nM 1 1
6001691304 0 0
6002942820 1 1
6007473377 0 0
6041209370 1 1
6069304255 1 1
6069415764 0 0
60Ud5HzbjYgG8M 1 1
6104952536 0 0
6111514497 0 0
6113996390 0 0
612273555 1 1
6123619856 1 1
6123620012 0 0
6123620098 0 0
6140443111 0 0
6175723959 1 1
61ZtyOUrVWw32M 1 1
6220946962 1 1
6283261368 0 0
6314434428 0 0
6322232907 0 0
6336948460 1 1
6337543432 0 0
6357022519 1 1
6371844509 1 1
6522677935 1 1
6553222023 1 1
6569153057 1 1
6569154637 1 1
6628753653 1 1
6665632433 1 1
6665653305 1 1
6817468587 1 1
6821487580 1 1
6843177872 0 0
6917279843 1 1
6967584505 0 0
6967586021 0 0
6AESR_zlrEWr5M 0 0
6XxGbl9ac4OCyM 0 0
6qFvtk94NiP9TM 0 0
6rI-ZglnXV2B7M 1 1
6uUTD_Fc_vH3RM 1 1
6yOeNQh_OItE4M 1 1
7001480972 1 1
7022660399 1 1
7059279509 1 1
7073602561 1 1
7083028955 1 1
7105753685 0 0
7158818665 0 0
7183018759 0 0
7183019005 0 0
7278306056 0 0
7296714400 0 0
7333876384 0 0
7340404730 0 0
7340404796 1 1
7344026910 0 0
7368251242 0 0
7368251762 0 0
7368260096 1 1
7393674608 0 0
7393676944 0 0
7407629132 0 0
7486431734 0 0
7487154050 1 1
7487257108 1 1
7513209068 0 0
7535902512 0 0
7557768832 0 0
7557769364 1 1
7565352252 1 1
7565354584 1 1
75a9e3fc9vjSyM 1 1
7661713424 1 1
7661713884 1 1
7661714436 1 1
7661714962 0 0
7661715524 1 1
7661716094 1 1
7671951400 0 0
76FaqlaOERzzmM 0 0
7751159186 1 1
7757180044 1 1
7757182424 1 1
7785503002 0 0
7785505692 1 1
7785508438 1 1
7785511386 0 0
7785513838 1 1
7785516356 0 0
7832811280 0 0
7858437928 1 1
7905299412 1 1
7Ca3piUmqonVLM 1 1
7JIzbU-cUG_BDM 1 1
7ieN0vH50bNCvM 1 1
7kltyqKahmGmeM 0 0
7lsL4CtdBqPJRM 0 0
7n-wJBPwVAEYqM 1 1
8018850567 0 0
8025404516 0 0
8042437403 1 1
8070955156 1 1
8077348680 1 1
8077358381 0 0
8080011612 0 0
8080169808 0 0
8080203846 0 0
8080210237 0 0
8080247046 0 0
8080253603 0 0
8089486324 1 1
8089486714 1 1
8096214043 0 0
8109954189 0 0
8135036750 0 0
8141428654 0 0
8141429028 0 0
8172068376 1 1
8183554284 1 1
8198552696 0 0
8210688193 0 0
8210719953 1 1
8236654791 0 0
8236656073 1 1
8236656563 0 0
8237723110 0 0
8240028575 0 0
8241476846 0 0
8256553984 0 0
82p1L8BqLyBoDM 1 1
8301660217 1 1
8302717834 1 1
8302723442 0 0
830622200 0 0
8313965230 1 1
8346484366 1 1
8368046845 1 1
8369411615 0 0
8375803621 1 1
8426005497 1 1
8476091840 1 1
8478008653 0 0
8478026457 0 0
8478125699 0 0
8479097336 0 0
8479099534 0 0
8479109318 0 0
8479133826 1 1
8479160922 0 0
8479189196 0 0
8479247418 0 0
8488123134 1 1
8544966515 1 1
8555655401 1 1
8577001508 1 1
8578883306 1 1
8605490057 0 0
8609045845 1 1
8609046313 0 0
8610144826 1 1
8610168810 1 1
8610169762 1 1
8616409999 0 0
8632605916 1 1
8640902447 1 1
8643672599 1 1
8670331163 1 1
8717754996 0 0
8731051961 1 1
8735589880 1 1
8746591293 1 1
8998379238 0 0
8B8uUj_gCurqRM 0 0
8F61XAxmkl3aOM 0 0
8PdHlAUmf7TM8M 1 1
8VMTMwhzUx64DM 1 1
8_AWDNtGL9gQYM 0 0
8fbDzyr7SH5RvM 1 1
8o4frtsNeMlP5M 0 0
8xfE1fjqct689M 1 1
9-c00XSGKcGfcM 1 1
9065349137 0 0
9119706610 1 1
9119751538 1 1
9157533426 0 0
9180657513 1 1
9216388427 0 0
9248000980 1 1
9257676869 1 1
9282729165 1 1
9332251194 1 1
9487542725 0 0
9531081368 0 0
9612802027 1 1
9658758241 0 0
9674746859 0 0
9674750123 0 0
9677974902 1 1
9677984658 1 1
9677987136 1 1
9677990306 1 1
9706965638 1 1
97095760 0 0
9756553061 1 1
9806389574 0 0
9806395655 0 0
9806463213 0 0
9838051944 1 1
9838108706 1 1
9838167903 0 0
9838173723 1 1
9838175553 1 1
9838180663 0 0
9856754304 1 1
9856793496 1 1
9856796535 1 1
9856797246 1 1
9856825456 1 1
9856854023 1 1
9856857073 1 1
9856859513 1 1
9856876013 1 1
9868740115 1 1
9868742005 1 1
9868747495 1 1
9868754026 1 1
9868754504 1 1
9868754505 1 1
9868766776 1 1
9868848183 1 1
9868859733 1 1
9869451646 1 1
9870502785 0 0
9870516624 0 0
9932787234 0 0
9936337435 0 0
9936349435 0 0
9936366226 0 0
9936382086 0 0
9936391725 0 0
9936401984 0 0
9936509693 0 0
9937200196 0 0
9937217364 0 0
9937254604 0 0
9937284596 0 0
9937302984 0 0
9938193635 0 0
9998607185 0 0
9998676766 0 0
9998743603 0 0
9998744983 0 0
9AFT6XtHiAxVoM 1 1
9I8Szd9p20rjYM 1 1
9LZ6X1DY9SoqGM 0 0
9QvQvF0TQiM7hM 0 0
9b3Vd29LuQv3iM 1 1
9gFWAB2yLv-STM 1 1
9gSLUu9ej7YcvM 1 1
9hsMFyhyAw3QcM 1 1
9mwqNWG4fnrCmM 1 1
9otLvjIe3_BR2M 0 0
9pHhjkX4GdFKNM 0 0
9uubJlxvdjxGnM 0 0
9vIBIiByj8NZYM 0 0
A6jO6cVkpQisLM 1 1
AC4QgSm5UkxqWM 1 1
AWR5-RN5eBQS8M 1 1
AtvHv0sQII2v-M 1 1
Ay3-JYUJfvEH8M 1 1
B1VgCS3OYTUqpM 1 1
B1j3evjTLb4kTM 0 0
BHGmj5hA4pnZJM 1 1
BTIKqi6EznHubM 1 1
BX9Zjv0lOAuY3M 1 1
BYrlZ8CJhgCnZM 0 0
BavvoCi4QE2D_M 1 1
BdO_sWMr8copgM 1 1
Bq5SJbRlz3oulM 1 1
BtA_2Xi0qOroVM 0 0
BtHXjS7k3scgfM 1 1
BttFik8nnkaTMM 1 1
BvL1ooTSKWNf4M 1 1
C4nICkKTFvKW4M 0 0
C7krTcInSa6qfM 1 1
C9_ZGf49ZgZL_M 0 0
CAchBAG9yYXgOM 1 1
CJZ_feOFRcXQqM 1 1
CKX5ezV7-bw8GM 0 0
CM9FHJqe8P0msM 0 0
CNn5zKbuOnVsjM 1 1
COPANNgSERUA0M 0 0
CTGMhyGqhlUjSM 1 1
CTZTX4TaznURxM 1 1
CXTwgH1svrg7IM 1 1
CXctRuqJdu-5VM 1 1
CZVWa6zwbpacmM 0 0
Cb2P9Gp-czmeDM 1 1
CccEpe8L66MIyM 1 1
CdkQ4lfM2eOWFM 0 0
CmDC1PMWniekhM 1 1
CocT4ybPOLIGGM 1 1
Cv3M5bI2HIpppM 0 0
D5VBwxjLNmhh9M 1 1
DJLIV4Aa0cmUFM 0 0
DZRMJaN-SRmq1M 1 1
DfpmpRY6GupmjM 1 1
DmvEJc3t5CfihM 1 1
DqdTo5ZoUXubFM 1 1
E-DXV8c7-g34gM 1 1
E0pPjjqA8H-XOM 1 1
E0teqK2_TP6toM 0 0
E33gJrraL75nPM 0 0
E3sxch4zcahMkM 0 0
E7PeRB_C5w40OM 1 1
E9UpSjIK1o7fGM 1 1
EBZUC5Tuq996LM 0 0
ELBee9iWuoot1M 1 1
EOe7stvOp7bWLM 1 1
EQISWVGWeQMqzM 0 0
EY0AEL72XgfwbM 0 0
E_tM4VJv0j7eSM 1 1
EeVYV28tO08c0M 1 1
EsqhsQeDU-zmFM 1 1
EtyjaTeBvuw52M 1 1
F00iYr_bUB3b6M 0 0
FLSUhn1oauWWvM 1 1
FN415JkaoZkYuM 1 1
FNbgEUqx15Fo5M 0 0
FOpwiIu1GbP3ZM 1 1
Fc1crI67d56xRM 1 1
Fj3DiQ25uMthxM 1 1
FmNnxmlVjreXRM 1 1
FpSnB5lBviyX_M 1 1
FthwI4eU9cEVrM 1 1
FzTU8ZNozeKcTM 1 1
G9r1RN0hLm4c0M 1 1
GBfQUnwthCIxSM 1 1
GFXjeFQu9iZYJM 1 1
GGIrApeqpjoD8M 0 0
GMocTZ-zwhZYIM 1 1
GfLH1d_UNUw1vM 1 1
GoeSvxTnFTeI6M 1 1
Gpe88Wm_hQFL2M 1 1
GsVrdg76qEbWDM 1 1
GuxDCYqFLz_9XM 1 1
GvtIK76thyhqVM 0 0
H6YcvlulTmIX3M 0 0
HBDMUJPSo_DhYM 1 1
HJ0s4gOhlCSm-M 0 0
HP5RFHh3iuW-eM 0 0
HWLm1ut-pnu3sM 1 1
Hb-vRpO465HL0M 1 1
Hkwg97LgjqkD8M 1 1
HtKpha6d3d_FFM 0 0
I3QyEMT2V0qD2M 0 0
I8kcIir-eQdtEM 1 1
I9k9_9PugDJM-M 1 1
ICsr3xz2LWg7aM 1 1
IDZ9fuHfaZPUBM 0 0
IHfh9piZ1YmNkM 0 0
IMLJIMbxdlFYQM 1 1
IbpudbDDXr-gsM 0 0
IjLnIBok3UUDcM 0 0
IlLIMByPCWj-hM 1 1
IshsoNkTN_qhgM 1 1
IzD8xIF606yMIM 0 0
JAG4HxyrSUvI_M 0 0
JAyJDo2_Ma4QEM 1 1
JE2DZU9eq5NC5M 0 0
JKqzQ93yWscR3M 0 0
JPfkKyr_vThWGM 1 1
JZS33_ZYnDz5LM 0 0
JbBoToYDSz-BwM 0 0
JgyhASKhORudtM 0 0
JhoIWigFCy8MaM 1 1
Joj9Yfat1IT4wM 1 1
JzHI37lxXqkJNM 0 0
KAZ_XYqyeAmk4M 0 0
KKXKKx4rPAXBoM 1 1
KNihJ2DVCl7idM 1 1
KNpkZIVPP7L3QM 1 1
KilkC6xqMmjRIM 1 1
KoF1JvIrR3Dr_M 0 0
KtD0fUrQEOCFnM 1 1
KxN2XtseGOmfuM 1 1
Ky_KAW3nLw-ixM 1 1
L7rKDFjr06Vv-M 1 1
L895Cnm521j1JM 1 1
LWms8RG42CdJBM 1 1
LiuckXn_2BsSXM 0 0
LktCyfmQe8Hv0M 1 1
Lo7W5CLoy-AQYM 1 1
Lp8vVZL1rCU-GM 1 1
LuAiuR_X9l3k0M 1 1
M3xddFMpkeKtwM 1 1
MDrkAJh_HddQkM 0 0
MUHh0B4j-n41zM 1 1
MlAxchazDxgbiM 1 1
Mtd7Q7RCpKJYdM 1 1
MwnDEax63y6CTM 1 1
My852p8e1lZCvM 1 1
N2H8T6s6-XOYZM 1 1
N3rIoWGJSlfVBM 1 1
N8gNoDvUzr3OAM 0 0
NBhhgEMkBuIRXM 1 1
NGAHHyy7lraIcM 0 0
NJkEriUthzWTLM 0 0
NJtjfskuoDQ__M 0 0
NN8fTmGvqvDhzM 1 1
NPH_9okzAUJCdM 1 1
NSj5wsJg5_nocM 0 0
NSm-OsMHPmh3fM 1 1
NeCn-e9FU7Yv6M 1 1
NfbyXrFGXkAprM 0 0
NrmazgB2cdrc2M 1 1
Ns0BN5kePmORhM 1 1
NuP5IEtmwpBHNM 1 1
NyqIsBm25HdDWM 0 0
O8o7fC-iD3MhZM 1 1
O9ZVStpt7CBZ0M 1 1
OIwcwwMA1prw1M 0 0
Ocm0M5oh69v9AM 1 1
OxgspKOQbTXYGM 0 0
P3hEXB_IpgDD7M 0 0
PE7C2d9GsfaRJM 0 0
PJhE_m21y-PfMM 1 1
PQ52tuBNHAa28M 1 1
PVcoFF1wsx_6LM 0 0
PYjpgrWde1gbzM 1 1
P_dVUtRse9DEGM 0 0
Pk370IAc2y6frM 1 1
PoearicPVLrWnM 0 0
PsaW4yGDnowWKM 0 0
Q1KkWnrbOgmm2M 1 1
Q22cUsVerhS1dM 0 0
Q5JeglZ9EqFYzM 1 1
QB8MQNq80FtHuM 0 0
QI8K-xnlBZhXCM 0 0
QZAClW8GuKeVpM 0 0
QaxL5InNmbgbPM 1 1
QbYwKy26_r6jmM 1 1
QdaDdNkmTFtW3M 0 0
QiM0RCqDrGLxhM 0 0
QicGkSLDug3deM 0 0
Qo6X8jKeH3T5lM 1 1
QtPVmrhXAP8u4M 1 1
RCeOpLfh9CCIQM 1 1
RqsOkIeTsnx81M 0 0
S1RJ7ZUpQZbXBM 0 0
S4EJ9MOQhO4ECM 1 1
SBueMPYEw0_iYM 1 1
SGxqGxmUlrasVM 1 1
SHm6UW_QooM-eM 1 1
SOS8BXuMZv3okM 0 0
SPxWZjDlq9GErM 0 0
SSDhE8Ia0p65tM 1 1
SZyqhbyXqej3ZM 1 1
S_xDVgH7ha2N_M 1 1
SkVhCOX3XNGTaM 0 0
SlKvWV-0XcjmdM 0 0
SlY_zyD2kJfE-M 0 0
SyZIhQYKY65nBM 1 1
TJK595tUdVUaZM 1 1
TLSNG4vt84q4yM 1 1
TMhBCI8_k-EQHM 1 1
Ta2MN8CSeLt4sM 0 0
TcTpaqu1RHdKbM 0 0
Td_2Ru1tqOj_HM 1 1
TexVSrIQGuqxXM 0 0
U1IyEMPsx9dkeM 1 1
U3QoR-jiK_65LM 1 1
ULOqXytIwkMS5M 1 1
ULh4_Iyt0I11ZM 0 0
UWicxo07ji7PuM 0 0
U_sdM00dtiK09M 0 0
UhjZ5OMbwqmrTM 0 0
UjYD71Dno8Cj_M 1 1
UnbB4oTrRYVT-M 1 1
UoDLgvwezBWoCM 0 0
Ut21rRSGGKXqUM 1 1
V0BWFRJWpUi3SM 1 1
V1d9VEcrqv3G1M 1 1
V9vzGL9XcvNoZM 1 1
VRxCEVM9XwIaMM 0 0
VYbNfka4iiRVZM 0 0
VaoKKkjM_AbqSM 0 0
VemGoE11S__UwM 0 0
W0vFRKqwnbKoDM 0 0
WFG-LHMiL7a76M 1 1
WJOoDhUHOLjcIM 0 0
WKK2lMSMq1GA6M 0 0
WM1rcM465hEalM 0 0
WNbb-1vrP43mSM 1 1
WO8gWxWf9fqZ0M 0 0
WgkgmNSyPlmReM 1 1
WocifBDpyxaiBM 0 0
WoqAJgU3DUbT3M 1 1
WylRcvGG9mwMsM 1 1
XHvnwsj2dTQHeM 0 0
XINi1S9HoNqwyM 0 0
XQyLXB08miRQSM 0 0
XS5ZhNuyoHV-bM 1 1
XYtl1XmbdgQ2wM 0 0
XYvz7WNsysYGzM 0 0
XeZOZUxX9emrPM 1 1
XfZviXPogYzBGM 0 0
Xqr2Wh5wYqrVKM 0 0
XrhKUvFShQ5htM 0 0
Y94Mt-8QJqyn1M 0 0
Y9NqMMgosLJweM 1 1
Yav1EA2RFOGMyM 1 1
YcrlpWx9LmjHeM 1 1
Ypabkh06le5w0M 1 1
YqHL2tDIlT3tjM 0 0
YtqWSDzZyOcBrM 1 1
YwxpmK_IlDUwaM 1 1
Z-lecFPF48GInM 0 0
Z1LY9pMOK78GFM 1 1
Z5sQXVLD1J3wmM 1 1
ZAGS9emN7QXzfM 1 1
ZIeZz4LPDCJypM 0 0
ZNojd-QFmZA7OM 0 0
ZOV2_5WnwqhEFM 0 0
ZPDnSdNamAXJ5M 1 1
ZT_jLtq4MZlsMM 1 1
ZWSBywrQrdRCqM 0 0
Zc283BvD91w0jM 0 0
ZojlgnBY0GYiNM 1 1
ZpXd2Nh1TEYufM 0 0
Zuzl9Ug1K7LhnM 1 1
_2cLzm-B3LVGnM 0 0
_2r-7PrxtPpOjM 0 0
_4dhN0x90BUD2M 1 1
_LvxSa_jN0eUVM 1 1
_S-otVhXagVmyM 1 1
_Sz1HDSTgeu8SM 1 1
_oTO8h3JpHSIyM 1 1
_r62uSAg1Rm8PM 0 0
_tJbxv7YQFAanM 1 1
_uy51C21mwXwiM 0 0
_yiSPynoqpzvYM 1 1
a-1itY1xisQP7M 0 0
a-TyFSiJE5mj4M 1 1
a5wwGQGdwGybdM 0 0
a9xVTq95B42XZM 1 1
aABMfIC4f__aOM 0 0
aD2nvbG-cuEN3M 0 0
aJOQgHogglIBYM 1 1
aN8i0_DUfgPF2M 1 1
aVMC0EaFMzkfPM 1 1
aXN7AQ5xXgNDAM 0 0
a_nUBDQ-foX0RM 1 1
abDnNXpnPJDJcM 1 1
acoLbvCm-SpqKM 1 1
aloCh3mEkcKBmM 1 1
apNqSv2q3loiKM 1 1
bAXmqytnaiHK6M 0 0
bCbRRVWluPVRMM 1 1
bH6iOaNOCKtkoM 1 1
bS0g2wJxOux0aM 0 0
bZoF97kOTAycbM 1 1
bel1rpzbNKyxMM 0 0
bge7Y43pbgo3hM 1 1
bnob-vjerekhtM 0 0
bsUEKeLz-f5w4M 0 0
bty5JMHQtV6idM 0 0
buF07CML7lTWUM 0 0
c3FSVVNVkyHgUM 1 1
c7Aba38Rv9upEM 0 0
cCyZs8pQ9L7WcM 0 0
cEX-y1yG3kUNTM 1 1
cIkh_Y9x5FE7VM 1 1
cSoylf-GeBrFIM 0 0
cYR0g-Hek7d2bM 1 1
cYVCZ2Xfaz08AM 1 1
c_d4SqgRS8npZM 0 0
cbHavun4dbo2TM 1 1
cewBJGedYhl0TM 1 1
cq3FJTSkDoeMqM 1 1
cupXTWZBmoHYZM 1 1
d-g-VvuTBiu1BM 1 1
d1oWl6h00ywblM 1 1
dCHAOgO0EzqllM 0 0
dGIIIh3dVnM27M 0 0
dHNpXtTIXviWHM 1 1
dPQD9iBz95qh6M 1 1
dQbyZmTriu9oZM 1 1
dT_1KBAanugP5M 0 0
dWuXXMq8977eNM 0 0
dZJ1vBLzxBfXyM 0 0
d_0Dbfiyha0IjM 0 0
dkExjTxhDFB2_M 0 0
dutGZkn1z3K3CM 1 1
duwJinbWhKCMEM 1 1
eK-YSnqSEsSJsM 0 0
eKAMV3-KuESyOM 1 1
eL1qoXx89Yya7M 1 1
eNPakivBykpCyM 0 0
eXkR2vTSpOU5lM 1 1
eoxb70MQgCnjWM 1 1
ezt6Q4sGimgBFM 0 0
fD8q13MqOWAdoM 1 1
fG1M5lwDon_P9M 0 0
fKtVyNVt6WQUaM 1 1
fQ-qzL1EYggJjM 0 0
fUJrvyCSOa4OwM 1 1
fUUjqqUJ3uYkAM 0 0
f_izxVl5Vf_BuM 0 0
f_wCkP9u12ZUZM 1 1
fekJdCiAmFTFSM 1 1
fem16sEMONMw3M 0 0
fjVlakPbzNuVXM 0 0
fwc6MOaQ0eFzRM 1 1
g32wFjH5uWq6-M 0 0
gXFrrThXmPxLdM 1 1
gcsVgEUudram0M 0 0
gjVe6d5SJeImbM 0 0
grIfklCp40cvzM 0 0
h-wiMBjk4Mpc8M 1 1
h3XOQ1MMSIdTvM 1 1
h47vLxX9D55zwM 0 0
h5XF42jb4D3LkM 0 0
hJUsozP04ip46M 1 1
hLAbkTFl1n95OM 1 1
hSYedtKTo5nrWM 1 1
hTBPhkC5uVIyXM 0 0
hqz2Edy3-slXwM 0 0
i4w4aV8OyysmwM 0 0
i7gNZDySLTyWcM 0 0
i8fFE_wjGlKppM 0 0
iDVpwyec4TQmXM 0 0
iR98PT4Z284R9M 0 0
iTSwAZUf6VdEfM 1 1
iWoVFy7N0NBjYM 1 1
iY0Fm6SUnKy1LM 1 1
i_nGnCfnK7JAMM 0 0
irgzyPAg9J68zM 0 0
ituvaBvLfNhDoM 1 1
ivZ7y3RU-m5-BM 0 0
izOhnwE-h1qtyM 0 0
j1JHbsz1iOSNLM 1 1
j2dy6My9NXcFRM 1 1
jAlVmhm00FwReM 1 1
jJ-DqycGH3M2QM 0 0
jPv6N8XtaCbaBM 1 1
jbWL1s7P5mEvzM 1 1
jj_KMeiP_1BS0M 0 0
jo0Hvrn45PHVOM 1 1
jpVuOAZpGjr9_M 0 0
k-CQVdBGgZVTZM 1 1
k0i0tPUviJ9bTM 1 1
k6vM1xbWGkRS7M 1 1
k8IC5FF_9Xk0IM 0 0
kBTYnB7JVIUDxM 0 0
kG5o9-PVkJaK2M 1 1
kGKLN5vISYfIGM 0 0
kH_YWDCBDPd1UM 1 1
ko5N2904wxbAeM 1 1
koNGg-R9JLQVyM 1 1
l3VhbXvAQFnMgM 0 0
l3WIKz4fDewtrM 1 1
l85wddCjXJVqjM 0 0
l9RtQ_RzDQcC4M 0 0
lJYvQw94i-E-TM 1 1
lK48Q6Gqoaup7M 0 0
lLDy-eBfx7FApM 0 0
lRrSIDKqNLVAJM 0 0
lXrawZ6rtVdlRM 0 0
lg0e3nC3dfWMkM 0 0
ljf7YI8ngCtjWM 1 1
m_wEIn4hfhWe6M 0 0
msMtwYim3KriDM 1 1
mtX79mA6zUrNUM 1 1
n-nlFye_5Ii4yM 0 0
n2l5zj43TLuVKM 1 1
n3NtWV2ZZ2vJ2M 1 1
nBhIPjVc604LNM 1 1
nT5nlEhH29NoPM 1 1
ngPWm4Ds0ycaUM 1 1
nicGtwMKYOz6dM 1 1
njr9e3iL6zXx_M 1 1
nkY5KJ-W-0LCuM 1 1
o6ZKQJIDXXInlM 1 1
o7ploonCEA1e1M 0 0
oCTU6MhxnmIj3M 0 0
oGA-z9IioXns9M 1 1
oIPZig8q55CQsM 0 0
oMqtaN0DkOpBSM 1 1
oNGnIfRQR5u1OM 0 0
oU_44Sx123qvoM 1 1
oWW7WHjeWkU5pM 0 0
oX301gMwuAHvmM 0 0
oXoM5xHd7ahQ6M 0 0
oeHkStwCve0lRM 1 1
oeoDS2VEnNFaNM 1 1
ogvKtLT-2NEFkM 1 1
ouDK3SxjeOs9tM 1 1
ozDvSPuv89pFDM 0 0
p2yzSob1tXcmpM 1 1
pB0JZueiP6R0fM 1 1
pCVzyTqjfXiRNM 0 0
pD2ct1zxl-nykM 0 0
pDFSyIS5r7Dc8M 1 1
pGmF3_I4DhfcmM 1 1
pSg-D0m28YUiFM 1 1
pVaEZMX5j-ZqLM 1 1
p_KHX4AoBdSkUM 1 1
pbymei9pg62uAM 1 1
pcKUgHBvLfBt3M 0 0
pdcIhc-6nzD82M 0 0
pkoueYTrxS3I9M 0 0
pwsvaTE7ifwxpM 1 1
q9h9_er6w8r-FM 0 0
qP_IysX3pmICoM 1 1
qRYxBkrHO1TogM 0 0
qV3de-JZ1LRDyM 0 0
qZIN774FqWSyHM 1 1
q_BEeCVSvOR3PM 1 1
qsPzg0ORel1hjM 1 1
qvVg13GoY-fZbM 1 1
r0mLnFUoEo9icM 0 0
rHh5RSLBOlTMqM 1 1
rYWMb92KZKaZxM 0 0
rbThswqj91Ww8M 0 0
rbaPx69IYT3tBM 0 0
rgPcNrBVNtn1uM 0 0
rhOvJv-ygc5-SM 0 0
rlSQyhWsDCcmFM 1 1
rxKcObASEfiTwM 0 0
s2dKusVxVe9oQM 1 1
sIxuyv1y3Jv-rM 1 1
sUTbdckVGNa68M 0 0
sVux_IxULtKjIM 0 0
sch23wgSLzPhNM 0 0
sg0KSvRviCfFDM 0 0
sgyP9AY2OA0CwM 1 1
snvqtb9nX_-5VM 1 1
st2J7MkAkCpjGM 1 1
t4T0x46KEAzcxM 1 1
t6bYI5obImPW_M 0 0
tHHhRjedWCU7jM 1 1
tINDwiTbkHZC7M 0 0
tKK8UBBpneaEfM 1 1
tKXHX3hW4WnrxM 1 1
tOb3NACrocXjvM 0 0
tVtdDaWMxBiIwM 1 1
tcL8NV4S5X_zmM 0 0
tdHoDcShx3dfCM 1 1
tedl1rGkXDg8rM 0 0
tfEuqKay4HbcnM 0 0
thlHqZnC9nWfBM 1 1
tm2vKlUp9za6WM 1 1
tvA4BclKr13p4M 0 0
uBbG6OiLNxOgZM 0 0
uCw0ujnp-lxOIM 0 0
uDu4ROc4ccWXgM 0 0
uG-afpZhXUzoPM 1 1
uH8qgDcntdwRBM 1 1
uPF7yU1FWMfXuM 0 0
uU16W18fIFq9UM 0 0
uwVEC7WT5umtdM 0 0
uzve7Cc5AedCCM 1 1
v8KrOF_Q-MKy6M 1 1
v8npqEjJn4KAKM 1 1
vFuv3xTUHkgYGM 0 0
vGn3h239NKoTuM 0 0
vNE-AmQFbJuLTM 1 1
vUREWvKJrCGmtM 0 0
v_dcoRAxg3RxEM 1 1
vioiOqzqzN39JM 1 1
vqFgo4wFp830yM 1 1
vxeuzfysuu5WmM 0 0
w0oCGnN4ydp68M 0 0
wFfYvojFOPCp3M 0 0
wHYFQKHdYFQFvM 1 1
wLcQchfWNZbzhM 0 0
wV41weEQlt2CUM 1 1
wWUcGXv9fhLZkM 0 0
wXCRLi4qZzkYTM 0 0
wZ1OfkalHdfVkM 0 0
wcApb4Jl8d-aFM 1 1
wfGCLeHO2zF4IM 0 0
wl1LmM7cJWpjcM 1 1
wrUSJFlP_5x3QM 0 0
wtYRwlIS5IdkgM 1 1
x--CrIEdZWegOM 0 0
xAU8nV5d3FV7kM 0 0
xE1G1sqg5JGtqM 0 0
xPER2BTABZLFeM 0 0
xTqDFZus0VUN1M 1 1
xX3CR6frqd8IDM 1 1
xk_9EPg5ZDimXM 0 0
xpkxsLpREw5fdM 1 1
xrk2vV2GsOIcYM 0 0
xscWRUKcTP_f4M 1 1
xz7zacmNopxeRM 0 0
y0QXPqJ2rFTTWM 0 0
y1UYgUiqr5o15M 0 0
y2G7FCqct7_sVM 1 1
yFOK_AyTx72IgM 1 1
yMhWAIXzSyhREM 1 1
yVg8366pCS5TAM 1 1
yaXVnarhJTGS6M 0 0
ygrPxDQk7b7dVM 1 1
yiauz_cYrIQ-dM 1 1
ypW0_UPsz5jzHM 1 1
z2BLQ8IPPrV5mM 0 0
z6h4zpg79Kna9M 0 0
z7iFk8aILkqj6M 0 0
z8Pp11CRnarqLM 1 1
zIYcIjRYGe78EM 0 0
zWXt3XHo46-z_M 1 1
zc8jSkP2PWKREM 0 0
zh0kP3FfS_LRjM 0 0
