-9M6dADv628rJM 1 1
-BbxwEEpCvVDCM 1 1
-D0QW5hmvf7M_M 1 1
-GtIet6X5rOJNM 1 1
-Jf3ZbzsYXTTaM 1 1
-dr1OBni7RL5EM 1 1
-eUQyUw-4RRFBM 1 1
-klL4P7IY4wt7M 1 1
-nKId38_0g3eNM 1 1
-ondr2XpXucdKM 1 1
-r8N2ZQC-kGYJM 1 1
-rTLqQU-taCAgM 1 1
-vBVLD8EZm33tM 1 1
-xn_K2ZXWMg7rM 1 1
-zST84TsrJ5BtM 1 1
00gseKp15B2wWM 1 1
05tImfKI66iDIM 1 1
06ePtpcJa8yh1M 1 1
0B_Khf13LW7LgM 1 1
0BeioDmPTfQHzM 1 1
0JoOYfk2nUm7hM 1 1
0MZAi3UP80YXBM 1 1
0caF2McT1_9F8M 1 1
0h0nG3wGmmESYM 1 1
0vZbGF0q09QGEM 0 0
0x0rP9Qh96LaoM 1 1
1004710143 1 1
1004715021 1 1
1005674868 1 1
10062178943 1 1
1020128940 1 1
10235792543 1 1
10309404925 1 1
103146547 1 1
10344211385 1 1
1034451648 1 1
10369716596 1 1
10369762396 1 1
10369951223 1 1
1037708069 1 1
1037709371 1 1
1038905402 1 1
1038919318 1 1
1038919446 1 1
103944639 1 1
104032578 0 0
1041585541 0 0
10434583903 1 1
10616749 1 1
1061704913 1 1
10618025 1 1
10638817854 1 1
10638865885 1 1
10638921334 1 1
10638995823 1 1
10639028613 1 1
10639101073 1 1
10639161553 1 1
10648886254 0 0
10648904466 0 0
1077193803 1 1
1086315122 1 1
10876515446 1 1
10876784563 1 1
1089266928 1 1
10929068 1 1
1099144277 1 1
11064881 1 1
11064882 1 1
11065870 1 1
1110084793 1 1
111278294 1 1
11165905145 1 1
11165908215 1 1
11165926216 1 1
11166087623 1 1
11178754165 1 1
11198504063 0 0
1120710005 1 1
1130031 1 1
11331868483 1 1
11424852096 1 1
11425593 1 1
11743288873 0 0
1177233107 1 1
1180124456 1 1
11824256924 1 1
1183919920 1 1
1187278192 1 1
120101030 1 1
120101031 1 1
120101033 1 1
1207625489 1 1
12084088 1 1
12152215495 1 1
12183863216 1 1
12199756506 1 1
12215002245 1 1
12215785026 1 1
12277808166 0 0
12298573315 1 1
12303385636 1 1
1244583207 0 0
1247104380 1 1
12482986283 1 1
12671103123 1 1
12788513853 0 0
12808789053 1 1
12808884885 1 1
12810081475 1 1
12812230885 1 1
128346814 1 1
12869014763 1 1
129122890 1 1
129122891 1 1
130038904 1 1
130038905 1 1
130181935 1 1
13033368425 1 1
13147330264 1 1
13151692583 1 1
131671417 1 1
13327264 1 1
13386073723 0 0
13458948643 1 1
13499779784 1 1
13527321933 1 1
1354135476 1 1
13545299404 1 1
1356869862 0 0
135687067 1 1
13842362533 1 1
1386540400 1 1
1386638136 1 1
13883926181 1 1
13897464696 1 1
13973145774 1 1
13973455080 0 0
13975445291 1 1
140019545 1 1
14063765117 1 1
14064227437 1 1
14079953602 1 1
14103184613 1 1
14103186893 1 1
14149522688 1 1
14149678027 1 1
14149679227 1 1
14176024715 0 0
14229680 1 1
14231557292 1 1
1423295998 1 1
14236077770 1 1
1424413767 1 1
1427321588 1 1
14332846301 1 1
14334490712 1 1
14334491532 1 1
14336126795 1 1
1436188068 0 0
14370806230 1 1
14370806470 1 1
14370807200 1 1
14370892558 1 1
14375153733 0 0
14401212237 1 1
14407980 1 1
14408153 0 0
14465590843 1 1
14478530001 1 1
1449288047 1 1
14495129291 1 1
1450143724 1 1
14523216894 0 0
14525375832 1 1
14534401966 1 1
14534459636 1 1
14556694232 1 1
14557493135 1 1
14565883481 1 1
14577580893 1 1
14587615815 1 1
14620425597 1 1
14628643750 0 0
14628816797 1 1
14628818547 1 1
14628819417 1 1
14637907640 1 1
14637980968 1 1
14638052027 1 1
1465758023 1 1
14687874499 0 0
14717269989 1 1
14801588756 1 1
14801605596 0 0
14804618404 1 1
14804620804 1 1
14812986884 1 1
14812990124 1 1
14815356245 1 1
14821501041 1 1
14822225454 1 1
14824248322 1 1
14855232670 1 1
14855284308 1 1
14855333637 1 1
14855334127 1 1
14906550135 0 0
14974438968 1 1
14974478688 1 1
14979529571 1 1
14991434901 1 1
15018361164 1 1
15018878276 1 1
15038826511 1 1
15038826801 1 1
15038827381 1 1
15041879905 1 1
15043590559 1 1
15043790858 1 1
150790126 1 1
15084426455 1 1
15105214550 1 1
15105344548 1 1
15138021396 1 1
151531774 1 1
15158089851 1 1
15160684192 0 0
15191387451 0 0
15218410102 1 1
15221739655 1 1
15243797132 1 1
15403471427 1 1
15424641365 1 1
15453296770 1 1
15453946432 1 1
15461736809 1 1
15470869964 1 1
15497234358 1 1
15555228958 1 1
15701252444 1 1
15746470286 1 1
15889771355 1 1
15939350534 1 1
16047856385 0 0
16079294063 1 1
16148986313 1 1
16299641770 0 0
16299662560 0 0
163269993 0 0
16351186095 1 1
16361715541 1 1
16372264761 1 1
1637671462 0 0
16561076654 1 1
166119677 1 1
16621066 1 1
16622576 1 1
16745355977 1 1
16758504363 1 1
16774099120 1 1
16897730272 1 1
16941596005 1 1
1695872969 1 1
1695882699 0 0
1696724512 1 1
17137616149 0 0
17171327077 1 1
17171327417 1 1
172143949 1 1
17291512541 0 0
17337819592 1 1
17352832546 1 1
17378797125 1 1
1740756122 1 1
17419041902 1 1
174208792 1 1
17669780335 1 1
1776819992 1 1
179148310 0 0
17B50E8Eo7VD0M 0 0
1810557910 0 0
18155027178 1 1
183019532 1 1
18415492491 1 1
1844004461 1 1
18668086705 1 1
187270634 1 1
18908564326 1 1
189705031 1 1
1897650240 1 1
19160341448 1 1
192251452 1 1
19254368001 1 1
19439561754 1 1
1978161968 1 1
19FbfLXsWXNhMM 1 1
1Fiok9CLixgmWM 0 0
1Iw2Q1Mcxrt2aM 0 0
1RVaDs731EGUrM 1 1
1Rz9DDkdLrA-vM 0 0
1dXKDH1r2Ay7vM 1 1
1ynhwctiAxf_nM 1 1
2041969169 0 0
2051878182 1 1
2061829838 1 1
206190346 1 1
2064427991 1 1
2064428035 1 1
2079283895 1 1
208857629 1 1
2110385003 1 1
2110386329 0 0
2111161664 0 0
21178913671 1 1
2119212041 1 1
21388401141 1 1
2140452883 1 1
2140486503 1 1
2147242694 1 1
215139861 1 1
21555191 1 1
21555261 0 0
21656162294 1 1
2182350469 0 0
2192671163 1 1
2193465862 1 1
2195708241 1 1
21B3IH9rKAr6EM 1 1
21gDP_WhbWdBoM 1 1
22029405868 1 1
220318151 1 1
220318929 1 1
2207438615 1 1
2207439553 1 1
2207439805 1 1
2207440517 1 1
2207441605 1 1
2207441705 1 1
2208230144 1 1
2208232766 1 1
2208233486 1 1
2217844663 1 1
2229528806 1 1
224170271 1 1
22445160809 1 1
225954342 1 1
2277003159 1 1
2277005547 1 1
2277794250 1 1
2286438190 1 1
22q0Za55kDZQQM 0 0
2302133339 1 1
2304260876 1 1
2309103898 1 1
2310915242 1 1
23131261586 1 1
2322302220 1 1
2322329832 1 1
2322767234 1 1
2322958474 1 1
2328635223 0 0
233888241 1 1
2348911939 1 1
2348913881 1 1
234906020 1 1
234921962 1 1
2353251949 1 1
235342684 1 1
2354974285 1 1
2360176883 1 1
2360191567 1 1
2360439173 1 1
2361420499 0 0
2361423825 0 0
2361425629 0 0
2362248636 0 0
237310941 1 1
237313946 1 1
2376672374 1 1
2380506731 1 1
238477941 0 0
238477945 0 0
23949104456 1 1
23PSzURQMaF9TM 1 1
2411787666 0 0
241972255 1 1
2422101690 1 1
24273293322 1 1
2458962082 0 0
2462709209 1 1
2474579878 1 1
2474609308 1 1
2474617898 1 1
2474620776 1 1
24764630359 1 1
2478255496 1 1
24803078 0 0
2483774339 1 1
2483903839 0 0
248538961 1 1
2496043647 1 1
2500900100 0 0
2510465927 1 1
2510467479 1 1
2520240633 1 1
2523488481 0 0
2532658649 1 1
2533426156 1 1
2533427880 1 1
2552803133 1 1
2560037391 1 1
2562894357 1 1
2564537040 1 1
2565225614 1 1
2584300880 1 1
2584308132 1 1
2613006869 1 1
2614939609 0 0
2614939939 1 1
2615767610 1 1
2619816839 1 1
2628596827 0 0
2630988080 1 1
2631568763 1 1
2632853667 1 1
2635875907 1 1
26372721 1 1
2637639426 0 0
2641621453 1 1
2642469307 1 1
2644006306 1 1
26452006044 1 1
26526322224 1 1
2656005212 1 1
2656409021 1 1
2660619822 1 1
2661695848 1 1
2662153681 1 1
2663866693 1 1
2664692096 1 1
26775365714 1 1
2678107789 1 1
2678108897 1 1
2678924004 1 1
2678924642 1 1
26903372792 1 1
2698683602 1 1
2705636390 1 1
27067816470 1 1
2720389008 1 1
2726774571 1 1
2726775463 0 0
2726776327 0 0
2727656710 1 1
2731892657 1 1
2733641711 1 1
27342641135 1 1
27399421681 1 1
27465902131 1 1
2753247317 1 1
2759828202 1 1
2759828392 1 1
2785415369 1 1
2786269842 1 1
2791101063 1 1
2791950822 1 1
2798068550 1 1
279840821 1 1
279840890 1 1
279840934 1 1
279840988 1 1
2799667604 0 0
2801792277 1 1
2830056214 1 1
2838876412 1 1
2842492209 0 0
2850933293 1 1
2856863105 1 1
285977052 1 1
2863775585 1 1
2863775779 1 1
2863775991 1 1
2875961456 1 1
2884218409 1 1
2891043028 1 1
2892448369 1 1
2896248769 0 0
2906363508 1 1
2912859934 1 1
2913984522 1 1
2917747623 1 1
2917747625 1 1
29199733 1 1
29199766 1 1
2948759552 1 1
295101918 1 1
295780501 1 1
2958368382 1 1
2958368778 0 0
2960645267 1 1
2960650215 1 1
2975804000 1 1
298332699 1 1
2985015716 1 1
2986919101 1 1
2988130162 1 1
2992003170 1 1
2994889409 1 1
2KJyh07qbmeLqM 1 1
2KY373kjA7eU3M 1 1
2dyZ-cBmtWM0IM 1 1
2hdIbxzoCveFZM 1 1
2qqWzkZRW_5QyM 1 1
2tu2MPph2gtNgM 1 1
3003836687 1 1
300689826 1 1
300689928 0 0
300995043 0 0
3014737585 0 0
3015573790 0 0
3015578966 0 0
3015579334 0 0
3021331185 1 1
3024131448 1 1
3033406328 1 1
3037758449 1 1
3057279877 1 1
3058105246 1 1
3058114324 1 1
3058703140 1 1
3059438273 1 1
3059438469 1 1
30649714 0 0
3082487958 1 1
3086401834 1 1
3104895519 1 1
3112605608 1 1
3122310131 1 1
3126989215 1 1
3127819642 1 1
3134287339 1 1
3137759484 0 0
3144789673 1 1
3149206919 1 1
3167273477 1 1
3168104888 1 1
316908163 1 1
3173466216 1 1
3190274595 1 1
3198781429 1 1
3206751754 1 1
3211544489 1 1
3226718463 0 0
323512807 1 1
323538273 1 1
3243459940 1 1
3248300482 1 1
3249159485 0 0
3253739985 1 1
3258575475 1 1
3261504481 1 1
3261978839 1 1
3262807452 1 1
3263504697 1 1
3265440397 1 1
3266064806 1 1
3266827725 1 1
3279801027 1 1
3279843246 1 1
3286566435 1 1
3306229881 1 1
331742280 0 0
3321246895 1 1
3322076836 1 1
3328122888 1 1
3334107775 1 1
3336407603 1 1
3336410387 1 1
3339326345 1 1
3343020475 0 0
3343192425 1 1
3345648101 1 1
3345650543 1 1
3353904746 0 0
3353930803 1 1
3369841997 1 1
3369844425 1 1
3373023663 1 1
3373840896 1 1
3378036179 1 1
3385428001 1 1
3394805193 1 1
3395304256 1 1
3397029109 1 1
342259692 0 0
3435342112 1 1
3436277899 1 1
3437086004 1 1
3445027673 1 1
3445180527 1 1
34524119 1 1
34524500 1 1
3453342166 1 1
3469440346 1 1
3472176153 1 1
3476286614 0 0
347670107 1 1
3499050787 1 1
3506789358 1 1
35175200 1 1
351857930 1 1
351865311 1 1
3521540994 0 0
353013162 1 1
353013164 1 1
3533770151 1 1
35408808 1 1
3542270392 1 1
3542270716 0 0
3547129374 1 1
3568353904 1 1
35709782 0 0
3573948331 1 1
3588364914 1 1
35hs2z1Wtqs5vM 1 1
36-OlO6eVyvpjM 1 1
3608202151 1 1
3608298643 1 1
3608367639 0 0
3610882709 1 1
3610883847 0 0
3620580243 1 1
3621398882 1 1
3627716449 1 1
364029317 1 1
364208261 1 1
3644813893 1 1
3644815851 0 0
3655871867 1 1
3663230720 1 1
367048630 1 1
3680772125 1 1
3682955335 1 1
3684814013 1 1
3688965937 1 1
3688967163 1 1
3689773382 1 1
3689781140 1 1
3695136640 1 1
3700416659 1 1
3701195042 1 1
3703548603 1 1
370413095 1 1
3711346357 1 1
3720700311 1 1
3729612779 1 1
3737418741 1 1
3737418957 1 1
37376240 1 1
3738696656 1 1
3741230714 1 1
3742644542 1 1
3754983756 1 1
3757504000 0 0
3770414522 1 1
3774078316 0 0
3776617488 1 1
3780553045 1 1
378968829 1 1
3793818535 1 1
3794638162 1 1
3800359218 1 1
380341 1 1
3804696563 1 1
3806483695 1 1
3807300724 1 1
3809323083 1 1
3812753449 1 1
3820806788 1 1
3822433590 1 1
3822435212 1 1
3845992062 1 1
3848065948 1 1
3853527238 1 1
3865535625 1 1
3865541309 1 1
3904524861 1 1
3905307940 1 1
3910252877 1 1
3910256343 1 1
393869526 1 1
3940263665 1 1
3941044276 1 1
396891951 1 1
396900401 1 1
3977525119 1 1
3978287110 1 1
3990331221 1 1
3998105361 1 1
3998867934 1 1
3C5OIq1j4c3foM 0 0
3CDAM8rjodp2KM 1 1
3QUJ910c4llqtM 0 0
3VvZB9zR8lcr2M 1 1
3aeN3XRBgwqmMM 1 1
3bSc9ctB_rR1tM 0 0
3dlG9Ido-iPnZM 1 1
3fhuJ-ipo1b5IM 1 1
3gSKW7s5N8rZrM 0 0
3gX-KhKOtvuFWM 1 1
3kQYpeK-tceQmM 1 1
3sQW3KoSmkn5QM 1 1
4000150861 1 1
4011336130 1 1
40191869 1 1
40192176 1 1
4021703867 1 1
4030546754 1 1
40460729 1 1
4049440329 1 1
4049440895 1 1
4049441173 1 1
4050186706 1 1
4050187530 1 1
4050187856 1 1
4059370550 1 1
4060146238 1 1
4061483299 1 1
4068389851 0 0
4083475587 0 0
4091745827 1 1
4094475141 1 1
4094475247 1 1
4094480493 1 1
4095234894 1 1
4095235042 1 1
409636917 0 0
409637960 1 1
409641529 1 1
4099073694 1 1
40xX4W6vJpL9kM 1 1
4103583561 1 1
4108083266 1 1
4108273193 1 1
4108530783 1 1
4128008565 1 1
4128013811 1 1
4128778976 1 1
413565954 1 1
4138563747 1 1
4146287708 1 1
416182976 1 1
4167565672 1 1
4167566224 1 1
4169078632 1 1
4181765685 1 1
4201688371 0 0
421751586 1 1
422502709 1 1
422634665 1 1
4230598074 1 1
4250284143 1 1
4251056238 1 1
425293311 1 1
425328004 1 1
4255529938 0 0
4268393455 1 1
4273051667 1 1
4273797952 1 1
4273798966 1 1
4273804706 1 1
4280033243 1 1
4281931919 1 1
4287077710 1 1
4290295339 0 0
4291890151 1 1
4292633886 1 1
4299935942 1 1
4301230156 1 1
4303526438 1 1
4306595784 1 1
4308025952 1 1
4308656540 1 1
4308751477 1 1
4309486924 1 1
4312391821 1 1
4319108122 0 0
4321085076 1 1
432337052 1 1
432478507 1 1
4326325033 1 1
4345845738 0 0
4373821918 1 1
4388074157 0 0
4388075795 0 0
4388076241 1 1
4388077013 0 0
4388835844 0 0
4388836560 1 1
4388838314 0 0
4388838986 0 0
4388840430 1 1
4388841184 0 0
439117134 1 1
4400247143 0 0
4401215549 1 1
4401216413 1 1
44062820 1 1
44062865 1 1
442862736 1 1
444098196 1 1
444098234 1 1
444098266 1 1
444487379 1 1
445108385 1 1
4451268268 0 0
4458243237 1 1
4458592235 1 1
4468073940 1 1
4474394843 1 1
4474444987 0 0
4474458383 1 1
448149513 1 1
448414289 0 0
4485197445 1 1
4503399923 1 1
4508183300 1 1
451695666 1 1
4520206000 1 1
4522836524 1 1
4537540734 1 1
4545353045 1 1
4559852045 1 1
4559852855 1 1
456030510 1 1
45682457 0 0
4571148114 1 1
4574781126 1 1
45870434 1 1
4590562561 0 0
4591182110 0 0
4598095973 1 1
45iGoeQodjz2LM 1 1
4605402625 1 1
4612352033 1 1
461696 1 1
461708 1 1
4628085763 0 0
4657489040 1 1
4674462973 0 0
4674473473 1 1
467550384 1 1
467607753 1 1
4690010895 1 1
4690645444 1 1
4703922623 1 1
4717219246 0 0
4726823409 0 0
4740161097 0 0
4742929711 1 1
4742939457 1 1
4743573012 1 1
4743678066 1 1
4747851583 1 1
4747868025 1 1
4748477488 1 1
4748482966 1 1
4748485794 1 1
4748492446 1 1
4748507324 1 1
4748510122 1 1
4753779122 1 1
4768842794 1 1
4779126413 1 1
4786054253 1 1
4786054921 1 1
4786684256 1 1
4786684860 1 1
479212846 1 1
4804792306 1 1
4815872306 1 1
4817554668 1 1
4865206312 1 1
488044312 1 1
488069969 1 1
4885871807 0 0
4888681531 1 1
488973803 0 0
4899478961 1 1
4900074246 1 1
4901537385 1 1
4902117620 1 1
491039062 1 1
4911680130 1 1
4920675955 1 1
4923334531 0 0
4926701267 1 1
4927052007 1 1
4954498002 1 1
4958154665 1 1
4958749054 1 1
4962943097 1 1
4981175321 1 1
4997357105 1 1
4999422287 1 1
4Be9tG18Z79WYM 1 1
4CxDLs-dN4ZaGM 1 1
4FH83wOPgOSe5M 1 1
4aUNzWIkb5fg2M 0 0
4b-EIUSa3uz-6M 1 1
4g2Wt0Vmt1iHhM 1 1
4p8l78XzQuhBaM 1 1
4pIRxLhUEQVbBM 1 1
4wap61SJulOlNM 1 1
4yYvVeH1sFic3M 1 1
5002945608 1 1
5004380695 1 1
5004381279 0 0
5005853867 1 1
5022760827 1 1
5029953832 1 1
5032948080 1 1
5063082763 0 0
5082773716 1 1
5091843172 1 1
5103657803 0 0
51523667 1 1
51524336 1 1
5155581511 0 0
51561202 1 1
5198999197 1 1
51uczbzotyNxXM 1 1
5223289006 1 1
524220878 0 0
5242323211 1 1
5242962501 1 1
5247555109 1 1
5256049095 1 1
527026139 1 1
527618755 1 1
5279295938 1 1
5285720975 1 1
5285747599 1 1
528785119 1 1
5302574897 1 1
5325182594 1 1
5327930980 1 1
5328018928 0 0
5335812496 1 1
534982125 1 1
5353881137 1 1
5355504366 1 1
535718268 1 1
5360582387 1 1
5366023076 1 1
5369390138 1 1
5371455454 1 1
5392058132 1 1
53UTQnF1Hc6ZjM 1 1
5403757436 1 1
540533212 1 1
540533340 1 1
540644165 1 1
5420540731 1 1
5429401814 1 1
5434738774 1 1
544430561 1 1
5458617873 1 1
5460417450 1 1
5460429994 1 1
54671605 1 1
5469065221 1 1
5474861210 1 1
5481640455 1 1
5484938876 1 1
5503063543 0 0
5513466520 1 1
552631842 1 1
5528648654 1 1
5562777734 1 1
5568639382 0 0
5570110566 1 1
5609101386 1 1
5617874329 1 1
5620048483 1 1
5628059 1 1
5637327693 1 1
5652405381 1 1
5652846105 1 1
5652967886 1 1
5675761277 1 1
5712472579 1 1
5712965109 1 1
5713524728 1 1
5720707519 1 1
5720707603 1 1
5720759821 1 1
5720781825 1 1
5720781933 1 1
5720782051 1 1
5721264982 1 1
5721265274 1 1
5721265620 1 1
5721265734 1 1
5721276336 1 1
5721299698 1 1
5721299828 1 1
5721299946 1 1
5721300056 1 1
5721318256 1 1
5721318376 1 1
5721318492 1 1
5721340144 1 1
5729586385 1 1
5731915963 1 1
5738963854 1 1
5740781057 1 1
5760924906 1 1
5769576939 1 1
5770116320 1 1
578058904 1 1
578060315 1 1
578064014 1 1
578068788 1 1
578075299 1 1
578079344 1 1
578083313 1 1
578089898 1 1
578094218 1 1
580251128 1 1
5817966745 1 1
5821384493 1 1
5821911304 1 1
5822780806 1 1
5863638448 1 1
5867182244 0 0
5873406867 1 1
5882124583 1 1
5882383091 1 1
5882383199 1 1
5882944022 1 1
5882944166 1 1
5887659011 1 1
5888222642 1 1
5889173001 1 1
5893166832 1 1
5920765180 1 1
5931927202 1 1
5937088512 1 1
5937089276 1 1
5945281926 1 1
5946260216 1 1
5960317301 1 1
5962639378 1 1
597069 1 1
5976482280 1 1
5976483038 1 1
5994566941 0 0
5995962006 0 0
59GZ7QZxCNVxmM 1 1
5AnZPv9YL5Ds_M 1 1
5bDSb9-1NN7dtM 1 1
5hfDk7E2et3vbM 1 1
5t8wLfUfy0XpqM 1 1
6011061887 1 1
6021742677 1 1
6023180026 1 1
6027132619 1 1
6027132997 1 1
6027133087 1 1
6027642810 1 1
6027685096 1 1
6050883444 1 1
6061116075 1 1
6068868354 1 1
6090821258 1 1
6096237421 1 1
6098231416 0 0
6098404367 1 1
6098792300 1 1
60IJFkh09fJe0M 1 1
6119169811 1 1
6119700330 1 1
6119722774 1 1
6139858056 1 1
61422028 1 1
61422081 1 1
6236020381 1 1
6252385949 1 1
6261839340 1 1
6264005331 1 1
6264533082 1 1
6276147874 1 1
6281936020 1 1
6287181071 1 1
6290993800 1 1
6300081432 1 1
6301542915 0 0
6313851277 1 1
631704734 1 1
632521533 1 1
6325740566 1 1
6336593012 1 1
6362230157 0 0
6386485079 1 1
6397335117 0 0
6419BWdtBZ71eM 1 1
6452957519 1 1
65156448 1 1
6541848939 1 1
654939772 1 1
6556839333 1 1
6585059331 1 1
6617165367 1 1
6618771287 0 0
6626312829 1 1
6626313275 1 1
6638271849 1 1
6651278915 1 1
6666932577 1 1
6677094031 0 0
6689962377 1 1
6718233301 1 1
6719026939 1 1
6719027445 1 1
6719027857 1 1
673220275 1 1
673274123 1 1
673274843 1 1
673275589 1 1
674135290 1 1
674136936 1 1
6796733036 1 1
6801763672 1 1
6822938335 1 1
6822940415 1 1
6835136412 1 1
6835297068 1 1
6839394025 1 1
6839394161 1 1
6839394443 1 1
6839394557 1 1
6839394711 1 1
6839394861 1 1
6849735718 1 1
6850399148 1 1
686346918 1 1
6868843657 1 1
6889993493 1 1
6898574628 1 1
68bwOYBVOaijAM 1 1
68udMQ_Dx5q_oM 1 1
690138774 1 1
6901683423 1 1
6922660958 1 1
6931123368 1 1
6936878772 1 1
6936879982 1 1
6936881284 1 1
693822380 1 1
6940635674 1 1
6942843661 1 1
6945504776 1 1
6947871333 1 1
6948447009 1 1
6953319150 1 1
6980840939 1 1
6980851107 1 1
6981426389 1 1
6984060114 1 1
6984061156 1 1
6984061232 1 1
6984061338 1 1
6989117384 1 1
6992373304 1 1
6992649502 1 1
6992668314 1 1
6992674452 1 1
6992701136 1 1
6995620287 1 1
6996518845 0 0
6996521027 1 1
6996522605 1 1
6996523293 1 1
6F3LLLX08vJldM 1 1
6U8ixyq5_C4cHM 1 1
6_vsfkE719eQaM 1 1
6ir62Eyug9jehM 1 1
6kdLSFra85AJRM 0 0
6raLVFYojXC7uM 1 1
6tsqxJXeLOR4JM 1 1
6z5ZrHEeFfXXeM 1 1
7022968435 1 1
7044670765 1 1
7058903651 0 0
7068741525 1 1
7068741677 1 1
7077203145 1 1
7082954543 1 1
7082955755 1 1
7082956983 1 1
7082957055 1 1
7086706653 1 1
7086706783 1 1
7093468855 1 1
7108177501 1 1
7120378097 1 1
7120378505 1 1
7130143567 1 1
7138744331 1 1
7138786639 1 1
7156456916 1 1
7159590071 1 1
7160076019 1 1
7174269001 1 1
7174978944 1 1
7176584277 1 1
7181851935 1 1
7181852581 1 1
7185124229 1 1
7193229410 1 1
7202097738 1 1
7202193112 1 1
7202193706 1 1
7202245862 1 1
7242691740 1 1
7244512996 1 1
7333814754 1 1
7367078820 1 1
7367134764 1 1
736qi4jzKtnm3M 1 1
7384867674 1 1
7384867866 1 1
7384868114 1 1
7384868300 1 1
7384869164 1 1
7393841 1 1
7400508498 1 1
7402491588 1 1
7448725802 1 1
7458072982 1 1
7458074664 1 1
7458075000 1 1
7458075720 1 1
7458076546 1 1
7458077280 1 1
7458078520 1 1
7458078960 1 1
7458079344 1 1
7458080106 1 1
7458080452 1 1
7458081470 1 1
7458083778 1 1
7458084414 1 1
7470068504 1 1
7470068696 1 1
7490259176 1 1
749705774 1 1
74EyjbFQ5eKIvM 1 1
7503443768 1 1
7517310688 1 1
7517980336 1 1
7534888660 0 0
7548735552 1 1
7548738134 1 1
7548741778 1 1
7548742248 1 1
7548742758 1 1
7548743392 1 1
7548744324 1 1
7548754164 1 1
7548755080 1 1
7548764968 1 1
7548765170 1 1
7554072874 1 1
7634743906 1 1
7639241206 1 1
7645329678 1 1
7666361798 1 1
7666362008 1 1
7674231910 1 1
7674239638 1 1
770064740 1 1
7720674184 1 1
7733868992 1 1
7743982282 1 1
7743982636 1 1
7743983278 1 1
7743984126 1 1
7743985438 1 1
7743986680 1 1
7743988414 1 1
7743988842 1 1
7743989760 1 1
7743990552 1 1
7743991330 1 1
7744055874 1 1
7744060200 1 1
7744062356 1 1
7744119502 1 1
7755540774 1 1
7780970802 1 1
7817686214 1 1
7837477338 1 1
7849769654 1 1
7849770378 1 1
7849771210 1 1
7850551050 1 1
78518058 1 1
7854365 1 1
78555686 1 1
78555801 1 1
7859650706 1 1
7859653322 1 1
7861392278 1 1
7861393204 1 1
7863123306 1 1
7903557350 1 1
7924345266 1 1
7953612108 1 1
7989780990 1 1
7998533212 1 1
79fHa79k-t1sBM 1 1
7E2ucVxaJrw52M 1 1
7EVb5xEcBCSjmM 1 1
7L_ZxnCKAlpGqM 1 1
7SCOmX6bYOt8yM 1 1
7SPSGt0k-BgbBM 1 1
7U5cyi7TKme0MM 1 1
7VTC_hGyPIIDmM 1 1
7WUSJ9CqD7IhWM 1 1
7kOdN32PjduCIM 1 1
7v3UTrVm5iNo9M 1 1
8001940017 0 0
8017167008 1 1
8022269531 1 1
8022269663 1 1
8022275645 1 1
8022276272 1 1
8022278600 1 1
8022280256 1 1
8022281184 1 1
8023910633 1 1
8031067836 0 0
8031082449 0 0
804718 1 1
806582 1 1
806603 1 1
8094620532 1 1
80_9P0O1Oj92-M 1 1
8104350875 1 1
8104359034 1 1
8104366264 1 1
8104366348 1 1
8104366424 1 1
8122615899 1 1
8129210392 1 1
8160298029 1 1
8198287133 1 1
8201637189 1 1
8201637879 1 1
8201638317 1 1
8201642457 1 1
8201651025 1 1
8201651213 1 1
8201928211 1 1
8202561265 1 1
8202731300 1 1
8202732148 1 1
8202735906 1 1
8202742840 1 1
8202743042 1 1
824570617 1 1
8251753002 1 1
8254165801 0 0
8272277293 1 1
8275950191 1 1
8275950523 1 1
827630913 1 1
8277009832 1 1
8277010980 1 1
828312002 1 1
8288530148 1 1
8288657526 1 1
82936123 1 1
8299998407 1 1
8301051618 1 1
8301052182 1 1
8351336140 1 1
8376940301 1 1
8376941387 1 1
8378641589 1 1
8400842486 1 1
8409024339 1 1
8410117142 1 1
8410118594 1 1
8414496416 0 0
8429111025 1 1
8456878492 0 0
8460489665 1 1
8464692055 1 1
8466735535 1 1
8469862907 1 1
8481932680 0 0
8522948329 1 1
8522948439 1 1
8523416669 1 1
8523417377 1 1
8523426003 1 1
8523479817 1 1
8523519857 1 1
8523534959 1 1
8523535359 1 1
8523537701 1 1
8523558813 1 1
8523580935 1 1
8523656369 1 1
8523656531 1 1
8523656743 1 1
8523701289 1 1
8523701573 1 1
8523701759 1 1
8523701903 1 1
8524014890 1 1
8524015134 1 1
8524544414 1 1
8524633468 1 1
8524648018 1 1
8524649258 1 1
8524670988 1 1
8524693284 1 1
8524769182 1 1
8526796391 1 1
8526796587 1 1
8527911752 1 1
8559434224 1 1
8559437808 1 1
8573452538 1 1
8595182391 1 1
8612346377 1 1
8612837450 1 1
8613788451 1 1
8623835000 1 1
863874454 1 1
8662834106 0 0
8695437214 1 1
8715533590 0 0
8719431409 1 1
8720557026 1 1
8720576492 1 1
8720602782 1 1
8720602884 1 1
8726505853 1 1
8734457140 1 1
8734457232 1 1
873695297 1 1
874522286 1 1
8747148035 1 1
8748273094 1 1
8749128693 1 1
8750255646 1 1
875663340 1 1
8772650081 0 0
8847102771 1 1
8847108807 1 1
8847724550 0 0
8898002756 1 1
88FBSL27SJVGpM 1 1
894549691 1 1
894549701 1 1
894549723 1 1
894549997 1 1
894596721 1 1
894596745 1 1
894596769 1 1
89pycmnBb--GhM 1 1
8CDzW_hZi2JxQM 1 1
8CoAj13eqpwG5M 1 1
8arb39HYdv2MUM 1 1
8fXGJGosvB_g4M 1 1
8nQrMc7CaBN-lM 1 1
9-wDoPevEeQTBM 1 1
9-xZmtKtudvEAM 1 1
90076450 1 1
90081113 0 0
90081569 0 0
90081907 1 1
90082567 1 1
90082753 1 1
9054083040 1 1
9093890150 1 1
9142831381 1 1
9145046264 1 1
9145057638 1 1
9148764568 1 1
9162818049 1 1
9201797335 1 1
920769606 0 0
9220324772 1 1
92253966 1 1
9229932531 1 1
9240971644 1 1
9244498191 1 1
9244498329 1 1
9244543751 1 1
9244544285 1 1
9244546471 1 1
9247278350 1 1
9247278682 1 1
9247278808 1 1
9247279252 1 1
9247325986 1 1
9258234484 1 1
9258236520 1 1
9297245191 1 1
9326295194 1 1
9326295804 1 1
9411215971 1 1
9444275524 1 1
944800495 1 1
9454376807 1 1
9454377227 1 1
9457158636 1 1
9457158754 1 1
9457159000 1 1
9457161664 1 1
9467380303 1 1
9500113836 1 1
9524306689 1 1
9538799744 1 1
9619582011 1 1
9622817976 1 1
9622818406 1 1
9626156753 1 1
9629388132 1 1
9642572503 1 1
9663077028 1 1
9663077250 1 1
9672710034 1 1
9674385061 1 1
9702322692 1 1
9757061562 1 1
9780734952 1 1
9780875005 1 1
9781025873 1 1
9781041503 1 1
985Uni-NZrPrbM 1 1
9891900213 1 1
9E7hlKNXBfayeM 1 1
9EL_uiG_8k_ZCM 1 1
9HaA3LCeQ36GSM 0 0
9_6KPr7tUD6SEM 1 1
9c6ZIsJ-cGzf_M 1 1
9s5tlntjXmO_WM 1 1
9ttqlRbOL7ikOM 1 1
9zgue-2T973CbM 1 1
AD0NIWeDfRAWjM 1 1
ALAGxKQPOKqb0M 1 1
AMMWeEhAdNYrLM 1 1
AN_AywPv6B0q5M 1 1
ASuuvYw8Vx91tM 0 0
AW3dyN_jIbsj_M 1 1
AWi51J8Z11Tx8M 1 1
AXU-xRw8Z0lFxM 0 0
AZJD7yvBdacdGM 1 1
A_ZxVie8EaNFvM 1 1
AaPHTwBEjz5IlM 1 1
AqaFcJ9wRF1d-M 1 1
Ar3ADUgUH56UOM 1 1
AuGFFd5w9syuSM 1 1
AxDM8NaoJZY93M 1 1
AzVS2rjlMrfavM 1 1
B0gaV8B3NP_olM 1 1
B4booFOTfYzAOM 1 1
B8VaDMzW_tJuzM 1 1
BDrL7dbCGwwDGM 1 1
BPWsUofgO3wVOM 1 1
BX_JuEuQZ-3huM 0 0
BivkKcRAdVJSEM 1 1
Bkj-AV9WYcjH1M 1 1
Bpm3MfO-1yWUMM 1 1
BsCbPOTEPJ1EpM 1 1
Bsve1n8IBiygOM 1 1
C-Pjs4dgM5NdoM 1 1
C5E7k42suJgENM 1 1
C7gQqRzcs1C1nM 1 1
CCDiLA5imdV8uM 1 1
CUZikSJvoR7ppM 1 1
Cak2PCt0zinbyM 1 1
ClQ-nkVsd34H2M 1 1
Cm7gpURbZMjLWM 1 1
Cmxt9X1VodC6HM 1 1
CnmPpNLhgDbWCM 1 1
Cu1BLvVREjCtoM 1 1
D0gsedwEAyX9EM 0 0
D2-YoEaDp_13sM 1 1
D3T6XgG73r8rLM 1 1
D7MpBpsru9wHQM 1 1
DGAGLKWAKMSGCM 1 1
DL_ICdEg18fDUM 1 1
DP_aCsk9JE06hM 1 1
DTA_TFa_F4pySM 1 1
DTKd0rFzjP2sbM 0 0
DVW0AwKnsJYKZM 1 1
DVgeXcNtuEJpKM 1 1
DYzonKjGhdfJAM 1 1
DbM7ga4Ms6AqnM 1 1
DyfbAA8mPvrk-M 1 1
E0rpGrvy9q-2DM 1 1
EHEh9CsIGtABXM 1 1
EKZdU3ktEQ8k1M 1 1
EMKZWvuShYH2iM 1 1
EOCPK3fyVS28FM 1 1
EbQSIJdjP7SqQM 1 1
Ec9VcO8u1nF84M 1 1
EfEaiZ4-eVHtFM 1 1
EibEWOuUbrtSUM 1 1
EoKEag0U3zRFyM 1 1
Eve2O7mXR-5btM 1 1
F-TRm_AwUhllVM 1 1
F8Ku_4A6bR1VGM 1 1
FHCwycSOfbUcgM 1 1
FRdvTFhXgNOj3M 1 1
FY4x2aRImYgYlM 1 1
FYS6mY1r0hfxYM 1 1
FYoUaHaK8PKGmM 1 1
FZKgyFsh2PI3iM 1 1
FlV2A9-9nHMimM 1 1
FtWY3YSmxH_P0M 1 1
G4QMolJ4S64P8M 1 1
GHrxYCR2u1F3PM 1 1
GOxdwOCUQEHk-M 0 0
GZ2F_J1Z5JjkoM 1 1
Gm2-1qh7uJW1VM 1 1
GvOeZscy9lm0_M 1 1
GxMNVx9eAGgIcM 1 1
GzFOYm_Ht3mM7M 1 1
H2khzoHjvB8CWM 1 1
HDfl6ApZQhywmM 1 1
HKA0vhrDwIvzVM 1 1
HPfv4lU-uQUeLM 1 1
HwniUGFYUQrMCM 1 1
I0HrJ0D6TOLFfM 1 1
I8i9DGAUrHJToM 1 1
ICnlu6hLVmA6uM 1 1
IDr8fy4czyM8eM 1 1
IObf8fkutZiyoM 1 1
ISf9akFBi_gX9M 1 1
I_ewSXyDe0SVeM 0 0
Igstcqt1cM3VwM 1 1
IhBGcy8zM1t5CM 0 0
InPz7CH2zyg-QM 1 1
IrwsRPsBXAKo-M 1 1
J1OUsMZ78L2EJM 1 1
J6nyAXj78CtceM 1 1
J8L1FsOtSHNYCM 1 1
JD3_CjcqtGlZdM 1 1
JDJrRlwQk2iBDM 1 1
JENqIMB-DHaDaM 1 1
JG-vtGpKLxbPhM 1 1
JNYHIEdnPIZZFM 1 1
Jaztsyte7AwOTM 1 1
JtvzSeND5mDRsM 1 1
Jzl5Lo4ROmXrYM 1 1
K1wXyXnbxzyDcM 1 1
K4e9BMIsXVAI_M 1 1
K5x9hSl27n2QEM 1 1
KD9YOGl1OtEioM 1 1
KInbq59jPK9R7M 1 1
KnhpJoi0pLtuUM 0 0
Kxxdknf3qYGp-M 1 1
KzPF1Iig_46YyM 1 1
L4tgLhbM-G2gBM 1 1
L8IiBJLZhl8YQM 1 1
L9XSIpMbDaBiTM 0 0
LEnKR-jugH-PnM 1 1
LI2gbBrJ_FJreM 1 1
LIML7fecuhFr4M 0 0
Lk8Ni4ZpWoH-LM 1 1
LpnHvWQAhL0ImM 1 1
LtUx2HI6Wwo3PM 1 1
LtnnvSj501IzzM 1 1
Ly7vEqPI4RWD4M 1 1
M1g2wVm1nyjCBM 1 1
M5xXM_GEkJgEsM 1 1
MB7BkSwFkR5NlM 1 1
MBg37WTKPrdciM 1 1
MGXiGqAVotPRuM 1 1
MJPlw0hQLWOxYM 1 1
MPwzfbgDXH7m_M 1 1
MRDo8sIbVjJMyM 1 1
MaGO7A-epacUdM 1 1
Mge6-wC-Q33KPM 1 1
Mh66yN10OpBuMM 1 1
NGQNbR-QYkdF3M 1 1
NHKWngM6LjuO7M 1 1
NNAmlSUljO26jM 0 0
NP6Ag8g7d28KKM 1 1
NYSLp726WZxbBM 1 1
NfYyfPFg01kksM 1 1
Nl2p5YT8roe0wM 1 1
NmVNC2vEpkq34M 1 1
Np_nudBRx1jHLM 1 1
Nq0Y_j9TkQKBAM 1 1
Nr2wjcdhQFUABM 1 1
NrjewH7eLYy6KM 1 1
O9PVGfXTzyfVPM 1 1
O9WE1oiQkqikOM 1 1
OBNsST23CxVj-M 1 1
OEwcONOJWgSs-M 1 1
OLR63_8RmxknYM 1 1
OLaw3-Ylf1oQFM 1 1
OXHA2rMlKT9isM 1 1
OcBVUOBa6_5mNM 1 1
OfHTlbNpG19DUM 1 1
Ooll-dsYjCMJSM 1 1
OrX1s2EzbybAEM 1 1
Ot3iNX25CWGtMM 1 1
P6Ea6qKkJ9ahOM 1 1
PCFNjFI6SwZpkM 1 1
PP9KGvIOshc3_M 1 1
PQR0kzC1NmZORM 1 1
Pbq1Zq_1zWLrSM 1 1
PeV1JtnMp4A3jM 1 1
PfI7D9gqYju97M 1 1
Pq07idD0lZVBRM 0 0
PtBbwtAwaGLcQM 1 1
PtupvcDWT14Z7M 1 1
PuDDcXEbmAAViM 1 1
PvvJ-rr1iEjEvM 1 1
PySC21RKTq2mGM 1 1
Q6XQYkfu9asggM 1 1
QCiV_V7DHU2XWM 1 1
Qam-j-cbp-u-1M 1 1
Qd_k79o71heoHM 1 1
QtasYlX_mKci7M 1 1
Qvej2eBCNEs0JM 1 1
Qwp7vpo5ST_qsM 1 1
QxInQ0zX3An1jM 1 1
R9LlxX1-fMGiqM 1 1
REOWEBKEY_miLM 1 1
RFv0ejdiy0VNBM 1 1
RRV3J8qXiDxxmM 1 1
RdJXxBQOSvtN4M 1 1
RibLC79hMSoCZM 0 0
RoDGdjNnGZSrBM 1 1
RqMG3acFOeTfnM 1 1
Ryrq3EOIqqRF2M 1 1
S15JaYk3ctT41M 1 1
SHeWAbJ38qifqM 1 1
SIJpfQ27Hd4wmM 1 1
SOuWsY4HuCLpfM 1 1
SlK8kimkcgasYM 0 0
SpXMcrxw2cLiVM 0 0
T-DL0msoAMru0M 1 1
T1q9wp_ZM01fDM 1 1
TAEAfT9rgH3yaM 1 1
TBaUV3tLBMamzM 1 1
TC7kjHUiBhTalM 1 1
TVDa_ByeaDjiCM 1 1
T_Vp4S9IKiIifM 1 1
TbtMrvyLageWmM 1 1
TeL4RgRxQM7wGM 1 1
Trtp5-kh-OY3mM 0 0
TvwUf-gIqUgawM 0 0
TzsX0YDjB4bejM 1 1
U-bZ38hnRn8FIM 1 1
U1v4wJGeplGdVM 1 1
UH32iMBJqJXPKM 1 1
UeLKyvMtH-526M 1 1
Ueik3e6_5Zj_EM 1 1
UfwhgLIlNXD2KM 1 1
UoMueVqn8NjXhM 1 1
V-bNgz3Ycp3UIM 1 1
V6i2h8KGyaTrDM 0 0
V8QZqDrhCc98QM 1 1
VOq2oiMoN4P34M 1 1
VSNGcV9BPWRwdM 1 1
VTDf57tFhh-2jM 1 1
VZK13YMQrsPMnM 1 1
VZTSKH9cTn-3nM 1 1
VaVN0IG38ipq6M 1 1
VaeClZrtHylT9M 1 1
W7OD-0TDDQuQgM 1 1
WCC6Km4yqDwlBM 0 0
WDMy_UefzQrhWM 1 1
WRyiyv46ziHKzM 0 0
WSRebOwg8dkbsM 1 1
WTjT-EeQ5Kwo_M 1 1
WXpNjPcLnVV_qM 1 1
WevYX1A9AKrQIM 1 1
Wf6NLJMpB55BZM 1 1
WnxsD6FjgrMUoM 1 1
Wr7ArfhFZo8F2M 1 1
X4vGBmJyAar7VM 1 1
X5qpF8MgBiMyjM 1 1
X7hMKQLxWyVLRM 1 1
XUwP-BXkl9rRiM 1 1
XV_OxsfT_9WqnM 1 1
X_J40-HHUACX5M 1 1
XaK-wv1SKyI0EM 1 1
XsVpjKi7HwiB-M 1 1
XtWO5Aclhl1QSM 1 1
XwhtvuKkEuPD8M 1 1
XwzNk9kJXzoVrM 1 1
Xz8a8XlpvZmAPM 1 1
Y2LZ1rvuPh8-RM 1 1
YFGAt6K26KOr8M 1 1
Y_rqvkFgEC7ZCM 1 1
Ya2v1JbjgbTYLM 1 1
Ywrq6LUWkZSsYM 1 1
YzL7rwYfssstSM 1 1
ZQftCNUxTy8TEM 1 1
ZcnJs7R1Jl8_UM 1 1
ZfdshnJX5mmcTM 1 1
ZlAd26pm388PIM 1 1
ZtEEXNEpDb2_GM 1 1
ZuKn1IdWdhwxfM 1 1
_3A-cFtQY6n4-M 1 1
_4X7jd8JX3uFeM 1 1
_9EORYrhxsG8tM 1 1
_BXQTiHAIl8uxM 1 1
_JBQ-VJ1oDNfLM 1 1
_N94wOEGMe1V9M 1 1
_VBHDDJRMl67UM 0 0
_ndl1_SB3t2w_M 1 1
_uN_7uFdczsSaM 0 0
_wtVR5Pr9w_PqM 1 1
a5DKq5-f1V7q-M 1 1
a6eg6o8m4oan7M 1 1
a9DjH4fxWe1X0M 1 1
aE2cY6HFbAE46M 1 1
aMN5Q-D3kLVgwM 1 1
aR7QAees2qaFFM 0 0
aRHolMiWNGR8dM 1 1
aTXU9FErtmdbjM 1 1
aV9-KQvmGZwEDM 1 1
aaMVOWZD2dvCAM 1 1
ai6OmxVp8nUCqM 1 1
aqGhVmGc2HhzEM 1 1
auXlqbOIA0c-gM 1 1
bNBJtjzBDZsVPM 1 1
bNLloArlDmCM9M 1 1
bn-l-VQKQz7dsM 1 1
btFfbVhtvpjWSM 1 1
c-XE6v739Ye9fM 1 1
cAE5EcqPgv8AYM 1 1
cAdudaI2xZR40M 1 1
cCvxuvCCLfNd4M 1 1
cEgSBYEtCsPooM 1 1
cU6hdJ4veKE3tM 1 1
cWhCbmcnbx46PM 1 1
cgIwo6uI03A7WM 1 1
d8CwetDhVr5A5M 1 1
dAP1VsNJuBr7BM 1 1
dI5WI8pqIEDJhM 1 1
dJDieV1_EqvYPM 1 1
dKUOye6h-9BuHM 1 1
dZE9enJSwpr5IM 1 1
dh6Uixd9rrZaXM 1 1
dyhrQ1SNq2bigM 1 1
e--wLKHcevMR7M 1 1
e6UmnFxQtMi0oM 1 1
eHdnA5BiIZCvhM 1 1
ebxlqwSp94buOM 1 1
edmdBQF1R4ejLM 1 1
ehskRLy_1Vs2uM 1 1
eltVE9Pi_noD0M 1 1
euLg6f0GbUQLSM 1 1
ev9d_QrbM-ofMM 1 1
ewLDkfnlgzbDQM 1 1
ez5yi3lu38OuGM 1 1
f-0Om0xvHeYh_M 1 1
f38iVuc9-kBBVM 1 1
f7SEjkodS_372M 0 0
fG0y4J3MgJxS3M 1 1
fNQXna6g3I4YZM 1 1
fT3Va4kzFNE0tM 1 1
fb4WG6N4HiHX_M 1 1
feyupdH9F_UUQM 1 1
fiKFLL2pVkER5M 1 1
fkt89SvBtt2eoM 1 1
fw0_bKYYoY9G9M 1 1
g1GWiQlD6Ej10M 1 1
g3vgdi4U9My41M 0 0
g9X_YlkfYWRFzM 1 1
gIZDa6lbaDgDjM 1 1
gLqHsfpuZGOYBM 1 1
gRd1fTrR9FA76M 1 1
gcg3sFcP4PEAhM 1 1
giWIAB_3UrNGYM 0 0
gltQyMAn65v4LM 1 1
go5BTDY1IKjUXM 1 1
gzGOESQB7c_F7M 1 1
h2ePwqc6ddzbQM 1 1
h7vPlAB86qej9M 1 1
h9-Rj5XMkMoSVM 1 1
hEdoURKCcviNbM 1 1
hLSEvFh82YiA_M 1 1
hM7NmDu_-bCKWM 0 0
heONcD23SmB-RM 1 1
hlEnUVsmdo6NqM 1 1
hnMtApZdgHm8VM 1 1
hx35UhmqueXfAM 0 0
i2FV-kcK1y5PvM 1 1
iAz0NJzuD23uuM 1 1
iHFoDtBcVaJkgM 1 1
iPkd-hN3ip4N6M 1 1
iR34JKR9ac29iM 1 1
iSnefF9bWQRQCM 1 1
iWa8YgQ9_BvMIM 1 1
iYw2b9iO4MKGrM 1 1
iif6b-W50PtECM 1 1
iz07lho6kFs7yM 1 1
jC7V0awU8IoEYM 1 1
jGsouri9tb2o0M 1 1
jIGewTR-1PvzxM 1 1
jORVkW2Qp8kSLM 1 1
jPJUiN62C7sMdM 1 1
jTC35Mzbni1pIM 0 0
jYZwmFXMMoGbUM 1 1
kM1UvQQGYXygCM 1 1
kckztRH1bUzfxM 0 0
ksqg33BRqArrTM 1 1
kzQyWoZpjXWrcM 1 1
l6hKmADGEvLOBM 1 1
lG6ek4bnKBWlDM 1 1
lUfeLrCbaaiTWM 1 1
lZxIIldnZwPs2M 0 0
logMC_Woyo-kpM 1 1
lyuGk-vV15ss9M 1 1
m2VeWe-pt-CcdM 1 1
m8JOVo8Ybhk1lM 1 1
m9eCQGYMrvnQYM 1 1
mCpQ7P1OjM-4RM 0 0
mM0vjFzPXxy1kM 1 1
mTdcuHB0061nVM 1 1
mUpvqqtvEzVPuM 1 1
mojyLheBcckP7M 1 1
mtX7oV-SaMxXKM 1 1
n3lUV8qBJicmiM 1 1
nCpEIkPb_EFmkM 1 1
nJMqEMWDckUARM 1 1
nQWM14Lgg6YRlM 1 1
nQdqB4EHZIUTgM 1 1
nRRo2sgqmf2lGM 1 1
nUtDrr9VPPRcRM 1 1
nY8Lp_3ejUrnvM 1 1
nfgOqc8HBP5ZqM 1 1
nntpV-ibN54pKM 1 1
npEYb9gpIDp_7M 1 1
nrqZFmenNqdXrM 1 1
nwyZxUsRd507RM 1 1
nyZCOMvLNbYiYM 1 1
oBII9qvnN0k1SM 1 1
oLkz63UeGIH_zM 0 0
oNZCGULHyfBo-M 1 1
obwdnuzdxSOU3M 0 0
onfHz-aYSYTLpM 1 1
oykDOTZvN5Og7M 1 1
p3EHzIkkGBcwjM 1 1
pGaTA__cFmvf0M 1 1
pOv3pWydGzMl4M 1 1
p_Qzd6gzKhEXoM 1 1
pg87ZZvNug69qM 1 1
plKUM_wM76MgzM 1 1
q32DbL2eF3OD_M 1 1
q7Cx7uLUsuBLaM 1 1
q7OGXm0DFZdUeM 0 0
qFXnwEqwJnQiUM 1 1
qNVVO9p9pISCFM 1 1
qUxNy5i-1Z6opM 1 1
qXMFgS2vLCGsfM 1 1
qZrNT0iTL0UCAM 1 1
qefCNIYLfSiR8M 1 1
qvcAWX3WnZhL4M 1 1
qwwHccN3ORtXEM 1 1
r1h6PtTinCCcpM 0 0
r87U6msPPpQvvM 1 1
rBrj3SbnAnNqUM 1 1
rCcfI1dYvp9bwM 1 1
rDJynQ585i03_M 1 1
rJHecTqP9ue_iM 1 1
rKSrYoFwywFMtM 1 1
rPEogYzIRVxM5M 1 1
rR8AHfQNmIXAiM 1 1
rVaAlJvQAcG20M 1 1
rpjunZi45Pw9QM 1 1
s4AfgsbEBFtvnM 1 1
sQFtgOUMolya0M 1 1
sUFYs_pODwgdtM 0 0
sa0CsXR6HmfYAM 1 1
sgPh-ri2cCGabM 1 1
sjfSH4WkX8e7SM 1 1
st_1dVoquQWlhM 1 1
t6a87syr_VY7tM 1 1
tA5ezD0GdAGixM 0 0
tCCJKxigj1ur8M 1 1
tD3rZRBiM359RM 1 1
tJK7Y0Y8dzI__M 1 1
tQJcv8oTLK4OAM 1 1
tWM2a_IVflEOTM 1 1
tX7Q0bTYbIy8-M 1 1
tbTHsuGwlkEE9M 1 1
tjofsRamrXoTVM 1 1
tm4mjsZTp5_wLM 1 1
tuSxG3d9LhRflM 0 0
uOf12XAmoVSdTM 1 1
uZp51bQrq0HeJM 1 1
umu9YtgCPNPi2M 1 1
urP6KK51q9NEPM 1 1
vCrDhaUU3MwHdM 1 1
vDrZyewygiAK4M 1 1
vI0vFODHiGn6NM 1 1
vVrvGwn-KB1yoM 1 1
vZELvijr5Td68M 1 1
vb2QXK2IfNH9uM 1 1
vj1XOwnvybcoXM 1 1
vj_YqOGeK4ythM 1 1
vnItu1hTG2fR_M 1 1
vt4HcXb7nnNQJM 1 1
vv086G1VZwiJSM 1 1
vxz9bGrcXht3tM 0 0
w0tVnkQQbiW94M 1 1
w2PP9hirCUUceM 1 1
w9NOMtLSAdZf5M 1 1
wCYLkYhZNBR2-M 1 1
wGUR_L8LNMBbUM 0 0
wNwtX9NAe5lEWM 1 1
wO01jUEkU-XmoM 1 1
wVDDX32eJ5NZAM 0 0
wYny51a6Azxn6M 0 0
w_mE1cy8TpLEAM 1 1
wjL6PuFH_XklMM 0 0
wji3MeDpxr1SXM 1 1
wo3JeWEK71aEqM 1 1
x131EHtqxCOMBM 0 0
x8eaTt8zZC_nlM 1 1
xIhvuJbo3rTibM 1 1
xJRkOS9qe9j1HM 0 0
xUejBHmKT4ZRTM 1 1
x_ge6Pn-xzDm3M 1 1
xcob4yAhumlFYM 1 1
xjaWdsCCGx6K3M 1 1
xp1wa--4LbR1-M 1 1
xsPy5EettabHLM 1 1
xxsvs-aSALAPiM 1 1
xyvnhXmnRJockM 1 1
y1qn3pgyiIl9PM 1 1
y1vuIZbC27VpDM 1 1
yAoz9CYey-8XDM 1 1
yDor7axjgwzNuM 1 1
yUC66igOaaYzAM 1 1
yl7VN3XSy8ugcM 1 1
yr62VnB1nHaR6M 1 1
z0FMldj_SDkSEM 1 1
z5VG8P0NWQMsaM 1 1
zHqNKQADl6jX-M 1 1
zLrwvelSUGuEPM 1 1
zVRTaaIQLvsT1M 1 1
zVje8aQCbTvbkM 1 1
