-2QtBeloxpv4kM 0 0
-2pr1Rh6ZUDshM 1 1
-I6MxTl6fC8wHM 1 1
-RIKjIlQuBXD2M 1 1
-S5KpyJyC4SbfM 1 1
-U7fNR9yuZuBkM 1 1
-Yah0kTugtWfbM 1 1
-cmGDmIs4TP92M 1 1
-eyI4a1f4eM8sM 1 1
-fru2MPjVqqDaM 0 0
-fvHAM7gk85i1M 1 1
-gvbHP2x-kIn5M 1 1
-hvZOcrjCCbg5M 1 1
-iEMMeqSjeuQaM 1 1
-iZewoX-um6adM 1 1
-pIwkp-fo1n3xM 1 1
-qPPkRWtZLxFIM 1 1
-sE72SLqgQZj9M 1 1
-sJ-aohIu0G2oM 1 1
-tBCxx0xEP-02M 1 1
-uH5wRXZOoUtfM 1 1
-uc6nMLHFOsXVM 1 1
-vp0fQNPDlCCmM 1 1
-zx4kSvOW1byNM 0 0
0BNGFisv_ERAbM 1 1
0DCuDdFF0ml8EM 1 1
0FD8Pr9Ekt4A9M 1 1
0QiDgeeR4HJUaM 1 1
0SIvwgh_UyekuM 1 1
0_KNZ3U1bopEKM 0 0
0e2xXa_EKOzmmM 1 1
0e9IPTzPc4vXlM 1 1
0hPcgGmnSeIv1M 1 1
0nU1jqOfB39CGM 1 1
0sYW0rStU0Yi_M 1 1
0vBgdC7IhwsaRM 1 1
0x2j2YcvdgSA7M 1 1
10086670105 1 1
10093164704 1 1
10445769294 1 1
10445769524 1 1
10445774256 1 1
10445804385 1 1
10445804405 1 1
10511905485 1 1
10511906775 1 1
10511910486 1 1
10511910766 1 1
10511912076 1 1
10511913126 1 1
10511938394 1 1
10511939274 1 1
10533147105 1 1
10645380624 1 1
10834553074 1 1
10913055665 1 1
10942788934 1 1
10942792924 1 1
10942894473 1 1
10942904863 1 1
10943389534 1 1
10943393844 1 1
11197484734 1 1
11238218955 1 1
11238242756 1 1
11238309873 0 0
11238311283 1 1
11814407025 1 1
11932576533 1 1
11933143346 1 1
12559349475 1 1
12884389034 1 1
13826429794 1 1
13826437544 1 1
13880566255 1 1
13880951754 1 1
13901195924 1 1
13946074872 1 1
13NesdyU4kW2EM 1 1
14016051605 1 1
14100195212 1 1
14166376588 1 1
14320205659 1 1
14339417029 1 1
144466747 1 1
14473363636 1 1
14520599307 1 1
14522623501 1 1
14526914923 1 1
14794594124 1 1
14885214648 1 1
1508936219 0 0
15113019097 1 1
15191377264 1 1
15352144354 1 1
153663601 1 1
15395270086 1 1
15444803972 1 1
1544573717 1 1
1544632477 1 1
1545416524 1 1
15494131569 1 1
15532470101 1 1
15683755517 1 1
15843714046 1 1
15868889462 1 1
15994672833 1 1
15ncoLfxrA0RxM 1 1
160465613 1 1
160466533 1 1
16195674896 1 1
16196648448 1 1
16356993969 1 1
16427522890 1 1
16517169594 1 1
16634374429 1 1
16692809833 1 1
16730567553 1 1
16792855887 1 1
16816986729 1 1
17126814079 1 1
17184954830 1 1
17384161151 1 1
17418906164 1 1
17901261783 1 1
18053574661 1 1
18276062833 1 1
186812015 1 1
18891442782 0 0
18902377889 1 1
19201679269 1 1
19301257385 1 1
19946172813 1 1
1ALpKoW311VuyM 0 0
1FCfhrvUEbLgsM 0 0
1FdkikLWF1rkUM 1 1
1GMocnFYZC_oZM 1 1
1H9ScPdQt3rHJM 1 1
1M3Qp04EkWjaBM 0 0
1Mmf78QlwHlOeM 1 1
1UTOZGmSCr55DM 1 1
1Uj_nuUAQaKPdM 1 1
1VHaw9p1PXXpkM 1 1
1aX8AUkHgDLhkM 1 1
1cdZwgLKZqbpaM 1 1
1sFYcu37xc6nhM 1 1
1yZKdrObFw04xM 1 1
1y_QJUAGXtsY1M 1 1
1z2Y_StOMuVXaM 1 1
2-zMhAyV2f7DAM 1 1
20235320868 1 1
20235512540 1 1
20551075779 1 1
20728334182 1 1
20765800911 1 1
21136167498 1 1
21283503822 1 1
2133147372 1 1
22996718851 1 1
22eAvg9g0JKFKM 1 1
23093778660 1 1
232623131 1 1
2377365491 1 1
239Jw27IG0HmNM 1 1
23bHvlt7txnxqM 1 1
2477254189 1 1
2478065588 1 1
24934793223 1 1
2499581617 1 1
24F0wEvxFHfxxM 1 1
24ubYjTHBOZxyM 1 1
2510475391 0 0
25200486860 1 1
25241135170 1 1
25646413205 1 1
2600514135 1 1
2601342448 1 1
260176575 1 1
26036659160 1 1
26525601670 1 1
266455503 1 1
266491624 1 1
266501598 1 1
26660484632 1 1
26680489001 1 1
26733557710 0 0
26804668586 1 1
26978185015 1 1
26978186015 1 1
26978188985 1 1
26998087520 1 1
2711041659 1 1
27343685403 1 1
2736777476 1 1
27739801064 1 1
2779694834 1 1
27805217110 1 1
27982950942 1 1
27983305982 1 1
28031915203 1 1
28073492850 1 1
28089300473 1 1
28175891352 1 1
28277345091 1 1
28363941310 1 1
28381541724 1 1
28465128190 1 1
28648211315 1 1
2911189044 1 1
29232041694 1 1
29232042614 1 1
29418257546 1 1
29859281275 1 1
2CCaucQKF6yQPM 1 1
2F1gmtH5jZPlrM 1 1
2Fyj7Yp0nQxtyM 1 1
2JejoQirzQy_kM 1 1
2UhuKki4EqTsfM 1 1
2XEjUpsd9jyWAM 1 1
2XxWZiBA345x1M 1 1
2a6pEHmw_Eb0SM 1 1
2dgg-k5b6bxfxM 1 1
2ehZqT04BF64JM 1 1
2kHrZfmvH9jWUM 1 1
2nNdFmlspl1JVM 1 1
2q6i9HN929fR8M 1 1
2tVZBfraXVUlXM 1 1
2zK4lmgP9G_-xM 0 0
2zjbSxJ5fPxv9M 1 1
30298703015 1 1
304412584 1 1
3075338441 1 1
309632124 0 0
30c79qxYo6bqTM 1 1
3136471940 1 1
3203678825 1 1
3208302083 1 1
3321168166 1 1
3321172370 1 1
3321461861 1 1
3339748732 1 1
3429173781 1 1
3429177801 1 1
3429955584 1 1
3471540426 1 1
3523246930 1 1
3525680823 1 1
3526330512 1 1
3526542854 1 1
3532244059 1 1
3563235330 1 1
3587933809 1 1
3589882278 1 1
3608212979 1 1
3609035718 1 1
3617271067 1 1
3671137690 1 1
3743053355 1 1
3786757684 1 1
3789007965 0 0
3789008585 0 0
3789819468 0 0
3789819888 1 1
3792135633 1 1
37wej_b654DRSM 1 1
3830305415 1 1
3871313567 1 1
387Ycv36rMFXhM 1 1
3938306709 1 1
3938308473 1 1
3938311225 1 1
3939080570 1 1
3939206792 0 0
3996671026 1 1
3Flapl2rWEyCGM 1 1
3KEUls6O_Y36NM 1 1
3NQp9sMqdmpBYM 1 1
3OCXilsRNxUmbM 1 1
3T6rYMJSBiazKM 1 1
3TQ0a09drxAIEM 1 1
3bXFuNZ0sqR93M 1 1
3bnieXH0IlFtZM 1 1
3dj4UhCDukmOQM 1 1
3gM2wecJf29xpM 1 1
3hNsIg7G3epgHM 1 1
3j1kP2PGTVeVkM 1 1
3mQa1yGgD0_rXM 1 1
3n8k80t3iZk5YM 1 1
3qXiODhdnVGYkM 1 1
3wUG1WqWmIQqwM 1 1
41h89-LvgKr86M 0 0
4285249687 1 1
42rGQMq0vFlSxM 0 0
4306336927 1 1
4361775611 0 0
4361775703 1 1
4361775799 0 0
4361775873 1 1
4361776127 0 0
4362519136 0 0
4362519240 0 0
4362519402 1 1
4362519456 0 0
4362519498 0 0
4362519558 0 0
444596742 1 1
4454918760 1 1
4497263571 1 1
4531358292 1 1
45VOTA7jAWmjUM 1 1
4636186708 1 1
4660594257 0 0
4660594261 1 1
4682544051 1 1
4707662724 1 1
4707663226 1 1
4707666902 1 1
4729830045 1 1
4729830349 1 1
47TTQ7rOYwboPM 1 1
4848503591 0 0
4985742486 0 0
498IOrFYnzTEiM 1 1
49Il-GKqMeeUZM 1 1
4DSwQug7XVHkHM 1 1
4DYVLvZxir2I1M 1 1
4GpRZFOGiLNrOM 1 1
4HrTuokrRm_9hM 0 0
4KwL0_5x2bjNtM 1 1
4QKr5lMUe6BjUM 1 1
4ReLnxvmG8hrpM 1 1
4SIzucL7gQeQZM 1 1
4WyPtUcv75fHYM 1 1
4XICcoDmYaIDRM 1 1
4Y5fKkADvMZDYM 1 1
4dEbVW-vdIzgpM 1 1
4enMkfS1dZWtWM 1 1
4fCnoKqYd2WarM 1 1
4oxEZtbXjJD9rM 1 1
4vfipS8rdRRbbM 0 0
5053609959 1 1
5053610123 1 1
5053610187 1 1
5053610445 1 1
5053610505 1 1
5053610563 1 1
5053610603 1 1
5053611033 1 1
5053611091 1 1
5053611339 1 1
5054230406 1 1
5054230606 1 1
5054230698 1 1
5054230760 1 1
5054231054 1 1
5054231130 1 1
5054231188 1 1
5054231358 1 1
5054231512 1 1
5054231560 1 1
5054231620 1 1
5054231664 1 1
5068867640 1 1
509367866 1 1
5121265108 1 1
512699580 0 0
512700028 0 0
514919763 1 1
516693993 0 0
5182803616 1 1
5219315186 1 1
5363534711 1 1
5367564063 0 0
5442650449 1 1
5445038448 1 1
5505867145 0 0
5703340041 1 1
5703820770 1 1
5704924540 1 1
5721769902 0 0
5730453895 1 1
5761113401 1 1
5821793565 1 1
5821797735 1 1
5821813497 1 1
5852573342 1 1
5871867573 1 1
5917446349 1 1
5918005690 1 1
5934268539 1 1
5937699541 1 1
5938262104 1 1
5953141035 1 1
598560233 1 1
598571061 1 1
5CIISmn0ie4NcM 1 1
5EWgaoDunldblM 1 1
5Iavc8kGKWmqmM 1 1
5IsHU2Dc5sxkyM 1 1
5IynOTJzeW4JqM 1 1
5MPmqfkp5VkfGM 1 1
5My_ff6tsN0UwM 1 1
5R2XGuVUOKSu9M 1 1
5VVe-3kxFOvXdM 1 1
5YhvZkWykdBfjM 1 1
5bQgsZoinUHDZM 1 1
5ckDqw4TK_7CjM 1 1
5kOzox-weEYzFM 1 1
5lRXzSEQKFm50M 0 0
5mLFB3nDNvZtUM 1 1
5nGlX7IgXZ2tkM 1 1
5rFLkcGGNi1biM 1 1
5rQbrVwN1ih2PM 1 1
5svQoLqhgxcO3M 1 1
5v4YwORUatxxtM 1 1
5vFb9-kDGKFNpM 0 0
5yJDcZozccROpM 1 1
6-I6TT_d6IIH8M 1 1
6012361569 1 1
6012908512 1 1
6012908576 1 1
6012908644 1 1
6012908694 1 1
6058901033 1 1
6083389395 1 1
60ctuPDgM38EYM 1 1
6132389880 1 1
6343623372 1 1
6465945985 0 0
64SIhmXjMsY1JM 0 0
65S2FaZWPHPGpM 1 1
66559106 0 0
6741954923 1 1
6741954931 1 1
6756532127 1 1
6784765662 1 1
6787987638 1 1
6788399379 1 1
6790016268 1 1
6813717806 1 1
6813722666 1 1
6859429762 1 1
68dpj0msqnBglM 1 1
6930870655 1 1
6940971644 1 1
6952437428 1 1
6959833549 1 1
6959839001 1 1
69fVJYgU169gSM 1 1
6DtrLyGB2px5CM 1 1
6J7GhN5fbRKcVM 1 1
6OfpaDTSaI1c0M 1 1
6Olt4j3nFUmspM 1 1
6PNGv1S59QwO-M 1 1
6SbWZgzoQHVy3M 1 1
6ToORjd1HjTPPM 1 1
6VJcvo3J2lbjcM 1 1
6W6GalMyHu4j2M 1 1
6YKi6TyCtbHDWM 1 1
6bFEZDlOPZmoAM 1 1
6bmU7QoVNiVAZM 1 1
6e-sNbKIEv_krM 1 1
6eq8PCMVS-w8LM 1 1
6f8uJKdzYlkD8M 1 1
6s9ULLOS6I3k_M 0 0
6tXQ8oaI_JVBOM 1 1
6ymBllckKsoWUM 0 0
7014291403 1 1
7119244375 1 1
7149227575 1 1
7153132673 1 1
7165668151 1 1
7165668205 1 1
7165668251 1 1
7480867074 1 1
7480868806 1 1
7582329204 1 1
7601616046 1 1
76046416 1 1
7691535384 1 1
7858357612 1 1
7873532858 1 1
7987245786 1 1
7BkhiDrzy6U9xM 1 1
7EM-1T2GkEl-WM 1 1
7PlLr3EVmGFPIM 0 0
7_BH-_UL5Qi5CM 1 1
7fJ1SXwNbuKLVM 1 1
7rSIn5iFeBSHuM 1 1
7ry7Z1lGXWBQ_M 1 1
7vwvFzE-r_deIM 0 0
7yIhHmztVJT3RM 1 1
8150816427 1 1
8172853754 1 1
8242204037 0 0
8269439359 1 1
8300781292 1 1
8320240782 1 1
8320241172 1 1
8320241566 1 1
8320241932 1 1
8320242304 1 1
8377171626 1 1
8387493864 1 1
8391142163 1 1
8459608272 1 1
84ggDxKuUSCRCM 1 1
8538468607 1 1
8592119482 1 1
8613838929 1 1
8618928158 1 1
8680455994 1 1
8700821477 1 1
8701412916 1 1
8708508452 1 1
8710250147 1 1
8710255511 1 1
8710256929 1 1
8711374304 1 1
8715805839 1 1
8715805985 1 1
8716926098 1 1
8858343434 1 1
88593951 1 1
8929403317 1 1
8973162958 1 1
8978458646 1 1
89971945 1 1
89mhP7YCxXIglM 0 0
8AW5uBloFO9FOM 1 1
8FbHoMKHxggyeM 0 0
8PnPGkJ8Box6EM 0 0
8ZRKbHl8hndF8M 1 1
8cQTQncyoug2XM 1 1
8d_NLOOs8SkvdM 1 1
8jaJHIDQm4FheM 1 1
8jq5lLd22EolkM 1 1
8lEwmGBLc1LQ0M 1 1
8m-nt34xquiAAM 1 1
8sekni05-XqDGM 1 1
8veXNf5-gBcaqM 1 1
8xrxfJzjEXOO9M 1 1
9083233355 1 1
9085452390 1 1
9114282175 0 0
9116559684 0 0
91NFdH_NH-3TBM 1 1
91vRDNJ_a42epM 1 1
9223371930 1 1
9223374032 1 1
9453694199 1 1
9473036527 0 0
9495844272 1 1
94K2KOJQZ5bFbM 1 1
9502522726 1 1
95fcxscxGR30fM 1 1
96dxrH-SiEVw3M 1 1
9727244791 0 0
9769112666 1 1
9824697804 1 1
9824741984 1 1
9933546943 1 1
9975355763 1 1
99U652UO9pBfrM 1 1
9AYYF5uRKBZelM 0 0
9CGhBsY8KtW4zM 1 1
9CoWA-j3R0lMlM 1 1
9NQSM8f-ItcCzM 1 1
9Qk19CsV4EIKqM 1 1
9UiR96at9PQ35M 1 1
9X7CQAwZISEbBM 1 1
9bmG294ECAqkbM 1 1
9hJWwPmtiwDTfM 1 1
9j4NULRRl7HZjM 1 1
9pk3I8MCbYluMM 1 1
9r2tN8cvpAo5rM 1 1
9sdIDziAUj7VdM 1 1
9u9nFX_88BwfGM 1 1
A-zrfuVA5ZLpQM 1 1
A4NXn3Xner5aRM 1 1
A6mAer5c-P3EcM 1 1
ACNhe7bpw0IV8M 1 1
AHQ-M0YTm2HiNM 1 1
AOEaSCtdaiha3M 1 1
AP0qvdc5a3iXAM 1 1
AT5BBdVCSbHdyM 1 1
AUkmA4b3MpySIM 1 1
AYj7dDnACFrKZM 1 1
AZ6udgzUkCUyGM 1 1
AeZLNF5NZ7pyJM 1 1
AgAAT_wbhRF6RM 1 1
AjZycvSZMjO37M 1 1
AmkbxbzLzhdqcM 1 1
AoYnyGz9c647HM 1 1
Aq3OoBu-Lcf7dM 1 1
AwKzGnQ7BhHDMM 1 1
Ax64c54GF70z1M 1 1
AzYwWxunMCIZ6M 1 1
B76PGl3h2dkNnM 1 1
B91v-paabi2RkM 1 1
BA1ex0_jBIYQrM 1 1
BAAHmhkZ6NXzVM 1 1
BBqUbYt21irMKM 1 1
BEkIhbjNW0PuQM 1 1
BEsqiqOOV7bb-M 1 1
BJ72QfbBxm3DcM 1 1
BQpTA5VogTdDVM 1 1
B_wPDUNI0LWaDM 1 1
BbYELEP1zcyOoM 1 1
BdIlqPkWiYFR7M 1 1
BdOx1IPM9IzCRM 1 1
Bdcbtt4Wm2paHM 1 1
BgnZGtqrvnq6wM 0 0
BmqwDQWzFbCnZM 1 1
BrrOotjwT_ReHM 0 0
BsHyk-aQyL_bfM 1 1
BvX--OR2N08qNM 1 1
C0FmqC4wu0j5kM 1 1
C1jp7zeMQneWTM 1 1
CB_H1B_yrtB_6M 1 1
CCEGMo5byOdJrM 1 1
CCldB6XE2JYpfM 1 1
CD58LhlIdp8axM 1 1
CI82Fio2l-OCTM 1 1
CJXOg0D7n3UYmM 1 1
CJadoIieAnke0M 0 0
CK1r6KoUQnKKIM 1 1
CKSmRXA_WSKG_M 1 1
CKeDSAA8Q6jJeM 0 0
CKoQWQlz3QDNgM 1 1
CMIUH_Zt8gMZsM 1 1
CRpEzsLudyT5HM 1 1
CS1CJIe_UxKepM 1 1
CUGrsfkXBVhfvM 1 1
CXM9jgM19N7CFM 1 1
C_pDw2xtaZZMwM 1 1
CaTjRVIl_fNENM 1 1
CchFx_pueLbP1M 1 1
CeAx-YdjTYDz-M 1 1
Cg_SwLEeCgRi1M 1 1
CmwuUHUyNOdk6M 1 1
CvDAXwrRPZ_84M 1 1
D4atKNVjPt9IEM 1 1
D7LuhXXSdQ_g6M 1 1
D7tb76mFdiWK9M 1 1
DJRHFJXhTDSTVM 0 0
DKfjfsYbjamlaM 0 0
DP8V8lR7U4kf_M 1 1
DPZ3KO4AhP8QIM 1 1
DS2Yw1ISm-hdFM 1 1
DTW7BntHz-EDlM 1 1
DtPrIWz_mrQSuM 1 1
DukwIiyYtgSlVM 1 1
DupOnA8xLdpjnM 1 1
DvGnEi88epD9TM 1 1
E-RcIFOxCk0XOM 1 1
E9YU2Pfi5Q4U4M 1 1
EDiiNT7v0t1fPM 1 1
EDpr1pXj6dcG2M 1 1
EHZZYpsmsOlj2M 0 0
EIqPr5QvpPCu-M 1 1
ELcir_fsr6BrVM 1 1
EMflKbrh_ESySM 0 0
EO4Ky0GD4vW4UM 1 1
EUhT4NJpQJ_RXM 1 1
EVNCXrEPn-V85M 1 1
EfdawwIxVcwdyM 1 1
EhmYpX3iJR7TQM 1 1
Ep8_sj1D5AP1bM 1 1
EqB_4C7bIK9iNM 1 1
Esm5ed6srEvYVM 1 1
FAxYe1Nn5Bj6CM 1 1
FLzcXB67dk-hFM 0 0
FZjpR4PpZlYYYM 1 1
FexrChxRx_qkTM 1 1
FlySs7E3ApU2TM 1 1
Fm9xFKgVFz7ZUM 1 1
Fq1rbPvCxZNCkM 0 0
FqElw14re0wXBM 1 1
FxLV0UHo2qpYgM 1 1
GEEp4VcvNI5TAM 1 1
GMC1O4ioKKsM-M 1 1
GUTraO5Y8j7vSM 0 0
GcTjDwtNaTWZsM 0 0
Gg5Vim4YHiY-uM 1 1
GhJzHXrvN_ElEM 1 1
Gltvhe_8pFI_cM 1 1
GofbkEvIdbX-aM 1 1
GsucNv983aGlIM 1 1
Gu6fmqAdxdPhuM 1 1
H2nj-etgODsuyM 1 1
H5dDwXUYbzBHfM 1 1
HCImtWPGsdDpgM 1 1
HCOKkZjNRxdIaM 1 1
HCpSFDf7dEgMjM 1 1
HGK6hzu0xVNZAM 1 1
HI2U25ejR5RZYM 1 1
HL4_1TbVdF1g4M 1 1
HTCesTk9tPQPSM 1 1
HVR1NGmoW7pbcM 1 1
HVuJxoFj1QXB-M 1 1
H_ocXATvSC9OZM 1 1
Ha4622ftn9XeTM 1 1
HcaZ9UdfQByCcM 0 0
HkgBieqYpYZR3M 1 1
HmQGpBYYDEoDkM 1 1
Ho-tP8cpAAZ1nM 0 0
HosD66xe7W5dUM 1 1
HsxUTeSElmU5YM 1 1
HtsOczgWUxJ6rM 1 1
Hxkg2s-bHtjvgM 1 1
I-PxwawZn6TgnM 1 1
I4bYBCLB7zo3eM 1 1
IAfiBBRH21EMFM 1 1
IAkExyujL4wh4M 1 1
IGBTperCU8fLwM 1 1
IIQbuoL8qeARIM 1 1
IKiKB5anSKV1rM 1 1
IU286GDtjwtzQM 1 1
IXf1jVdTUCfSjM 1 1
IcMyOvRR2hI8uM 1 1
IddgqvSffTPJ0M 1 1
Iqfwt3Xjnxo56M 1 1
IrkYm3fi_tCyEM 1 1
IsdW9ANe8EmGJM 1 1
IsyuMWomIBDHyM 1 1
Ix0-Yd0mkjRTbM 0 0
J5nHTse_D6UpzM 1 1
J9tdjEy-RCNzyM 1 1
JCEHnuOOZ5GmoM 1 1
JF_1IGDivikOtM 1 1
JGjDWsg3beFD5M 1 1
JXdKi8mTdNzTsM 1 1
JYZ0zzt_ri_FGM 1 1
JkBlXUJIZ6ln_M 1 1
Jp4QIVhCJJtLZM 1 1
JtueMA2fdJ3A6M 1 1
JuNTJz4l5-KtAM 0 0
JvJy7BfYFuRUIM 1 1
K-LfSFOicMLWyM 1 1
K22b1oaMb_ZYwM 1 1
K7cpWrGnuW0LJM 1 1
KDtMGSkT7C-gHM 1 1
KH_vcX8XDI21lM 1 1
KIC7aNdDhzfCnM 1 1
KN9dSwaQPJZOkM 0 0
KRkb2VdyhazhHM 1 1
KTBqdHxaIJ0egM 1 1
KTOV9mrjo_902M 1 1
KXEvYRwi7Nb35M 1 1
KXWSXfGP1Hyf2M 1 1
KYHMtzQYtDhkFM 0 0
KZiM2FF22mQvUM 1 1
KaFL6C0Od1Y5EM 1 1
KcQyPBcFck5_sM 1 1
Keww1Nfychq90M 1 1
Kk8E2yybpeOm7M 1 1
L1IelpyZs-4fsM 1 1
L1Ro6dchGG2J8M 1 1
LGXyaLoI81GWVM 1 1
LKm6oiYVh1w2QM 1 1
LPP9RHnDAEqpPM 0 0
LRkY1YNPt9cAVM 1 1
LXVx_hgURc4AUM 1 1
L_d4_pXOebK6dM 1 1
LcqejokBWB9jWM 1 1
LiFyrBgn6LStHM 1 1
LmRNupX_nDFrEM 1 1
LrD5SV_b7BxlPM 1 1
LrR2U7RweC6VuM 1 1
LwGvc9DWwUaQ4M 1 1
LxaBeZuDvm6KgM 1 1
M1Zhf7x-sGlfPM 1 1
M5EnPw7EzT_WVM 1 1
M5qGTIdyOeYKQM 1 1
M64dcmdC1ZydAM 1 1
MBBo90a_MqMt-M 1 1
MDhRBA2LtxbaoM 1 1
MGUs19JQ-j013M 1 1
MN4jL6Sg0i1kfM 1 1
MOZXx0uPu3yW0M 1 1
MP6GQfc5aYUpAM 1 1
MQ5RWkbFMckWWM 1 1
MTdX9VDX-c3O2M 1 1
MWNXKsmdMi2c-M 1 1
MXvY6398-vBtHM 1 1
MZBU5TzuP-BneM 1 1
MaEulwS4-WXj6M 1 1
MdHaHY9NqtLPUM 1 1
MfsCcrbL9BJwUM 1 1
MilAtvO4y_NL1M 1 1
MmVuF83E6Pl4TM 0 0
Mt2tPPoGbc0JKM 1 1
MxrVfQIwGJH9xM 1 1
MyMcbgHpAdMudM 0 0
N0TsOi_buXdM0M 1 1
N9XTVwch5JcGNM 1 1
NBry1A9BPk_2wM 1 1
NN348ve1SGpy8M 1 1
NTR59NRhhscfZM 1 1
NUPmRiCpk7thFM 1 1
NiFMkrz10X8WOM 1 1
NnBwFISfniVd3M 1 1
NnFavOnnpHEgWM 0 0
NopqwlRCZIFtiM 1 1
Npp2Zwu0AzhJcM 1 1
Nqj2cj-gBQH7eM 1 1
NsXoaW-PqJoYuM 0 0
Nt5IQ0K9ZdZY9M 1 1
NvTTXLiIc0ovaM 1 1
NyvjgNYP3rvdHM 1 1
O-CyfnqqLT_fCM 1 1
O5I1Q7XvMB-KIM 1 1
O7F4zqjrBNjuTM 0 0
ODDRMHhtIzCzXM 1 1
ON0-hK--cfHZFM 1 1
ON3JeVzmRuXqpM 1 1
ORyweq5d6ejP0M 1 1
OSX_a3BaX_To4M 1 1
OSd1Ufo1p5QQ1M 1 1
OVzt74Jo07eEbM 1 1
OddtPvJFNBmTtM 1 1
OipawOM2FoqUVM 1 1
OnxRWUFUFSI-UM 1 1
OtN6Ae53gp8tOM 0 0
P4AvxIijIGu5jM 0 0
P5L58FYXv6Iu1M 1 1
P8X5ufndH_ghWM 1 1
PCPndVDFoNoqSM 1 1
PDbkssFn4bL5UM 1 1
PE-LNn9DB03OdM 1 1
PNb04reJ5SWbmM 0 0
PPmPZ8MLLIRdEM 1 1
PPzvWhKtaw-rBM 0 0
PTHRIMak4A_LuM 1 1
PTsdmU08YKIMPM 1 1
PUAfsjVmfqloPM 0 0
PX707DC3JuHexM 1 1
PZJvjb5cngZzRM 1 1
Pj7G7ocLhAD62M 1 1
Pk4vkvGAfWOcPM 1 1
PtK5MhW4HNePjM 1 1
PxNi95NEnopRKM 1 1
Q-VxD5bpPEiZSM 1 1
Q4od6M9rCPOY-M 1 1
QCAwmj3iULEc6M 1 1
QCPeW3z-kaxyKM 1 1
QDuwFvds9GzyLM 0 0
QI8kmFR4zzb-WM 1 1
QR9m2PgebkmwkM 1 1
QZ_5FJXAQxxvVM 1 1
Q_TaPMs8bP4_CM 1 1
QaavybWc9wKt8M 1 1
Qb9J1VcMkdnPvM 1 1
QlOYLElpzYJflM 1 1
QqJ66UO696iNWM 0 0
QreGa0YtDKSPVM 1 1
R02dTaogd30GXM 1 1
R8DJ-dwek4TAoM 1 1
RCv8c5hCSeJo-M 1 1
RDYeRBFQlU3fbM 1 1
RJaUpxfryk8MlM 1 1
RJomA7YgPIvpMM 1 1
RL52Xg2KlseorM 1 1
RLST5lOkYZzkaM 1 1
RLThjMTUYDUA2M 1 1
RUOhj7d00LeCDM 1 1
RY0U4qI9dDqGaM 1 1
RZYdGhpj0CSTyM 1 1
RaXf7jPiW0jz4M 1 1
RbtK9vovf4uL6M 1 1
RcI38zrhETJY4M 1 1
ReJD2LH2CaO_bM 1 1
Rj9crnHOA3ZpKM 1 1
Rl8M97J9wTg47M 1 1
RnNdmtp0IynjtM 1 1
Rq4AugM2K2JvQM 0 0
RumSdq2ibR0VIM 1 1
RvJCaX5B2zWg7M 1 1
RvmgbnsI5MB4XM 1 1
S4rMrn8hD0X2QM 1 1
S8rGqL4zrnOcIM 1 1
S8vZGxlgSETC9M 1 1
SB9FUbZuDMO24M 1 1
SBkzSy22FIxDaM 1 1
SG4ueeqqW2fW2M 1 1
SHfQSkiVfbasHM 1 1
SHrGMUmcuP5-KM 1 1
SMgRckkPEyYCkM 1 1
SNzCYN03a2495M 1 1
SS3Y3Do_1ip85M 1 1
SSK9BCfSQBKS5M 1 1
SSbx_kfw0R0vNM 1 1
ScO49VlFdTbcRM 1 1
SfVJ4rN8iV87NM 1 1
SjJw8GMRtXjtqM 1 1
Sk0yWIh3SKG5wM 1 1
SlXJLsTzCL9ONM 1 1
SvAL9eDQJ4uHXM 1 1
SzsiyhKwKc1TjM 1 1
T0UVVqZ1VQyoaM 1 1
T3mFS7f2akYWgM 0 0
T5BLjkYssjjxCM 1 1
T5M8hBo1aQkBKM 1 1
T5gHoWu4G4s5CM 0 0
TCaxl51Ku0rasM 0 0
TE66hjQgbG-vhM 1 1
TFoQejUR73mHSM 1 1
THtizTNhW0tHnM 1 1
TMdmuqcE18BbuM 1 1
TN5vzbahQCfUlM 1 1
TQnyv-qpuezt8M 1 1
TRnZFhlcuWc1NM 1 1
TftWrDPtPzQWjM 1 1
Thb0Dri8ztfNcM 1 1
TplJNdOQBV3QYM 1 1
TqCf13adotEEOM 1 1
U0AQX7DTI5nRVM 1 1
U0PwRvccThcbDM 1 1
U2NWcJkHuBklDM 1 1
U5RO8GTD_3KH1M 1 1
U7SU0As1IdPsgM 1 1
U9rCx_prB8FttM 1 1
U9vMCOAsGV1noM 1 1
UCF6WImq6uBIMM 1 1
UE838VkCBKE7HM 1 1
UMeRNldP6wF8vM 1 1
UQXlcyEcdgLiaM 1 1
UTchKpx7ffOQlM 0 0
UTiEIR-5UQaapM 0 0
UVm-UOtoYnJnEM 1 1
UZS-gxg3sBJGMM 1 1
UaLTjTRGDPC7mM 1 1
Ub2A_fU-z-nqlM 1 1
Ue3xQHa_T8qY2M 1 1
UfBpjRPqAv8oaM 0 0
Ugm0fxROFXzmRM 1 1
UreqH1c4GDe2pM 1 1
Ut_mNxOlxotgxM 0 0
Uv5By29gjNTxgM 1 1
V-DxhdzF6zyQnM 1 1
V2ZOEiXryTn0pM 1 1
V3re8N6dmKDOtM 1 1
V7boDzLD0wVffM 1 1
VAwlB6H-uylq3M 1 1
VBYRSBLBbUs71M 1 1
VIhSZvowxdY4CM 1 1
VKJsVsB-94IOCM 1 1
VLnSn61Z5h3MYM 1 1
VNASKN-TifYRnM 1 1
VO5F7ufMJ-LQLM 1 1
VRG11uABsQuwzM 0 0
VdA12w1RnXrxIM 1 1
Vlvr0e_5RQQWdM 0 0
VmgtdDNNfdg0iM 1 1
VnyvKR5M9XgTYM 1 1
VtA1FVi5Bm88EM 0 0
VvcYEaIin4tyTM 1 1
Vww6UIX1T2ymxM 1 1
W0Dmh5v0ffxazM 1 1
W35D1k7pVO8DrM 1 1
W9ZEWYLEpH04NM 1 1
WEZKL5lKec7z7M 0 0
WLGeobNoHN1opM 1 1
WNLRz-R0hATobM 0 0
WSwOw_y0eGHSOM 0 0
WUNPs8gRfXOikM 1 1
W_3aB1NL73Y8xM 1 1
WccKT_jw9ftfgM 1 1
WcyGaozVNxFlYM 1 1
WdAibuez3hdDGM 0 0
WkRqtl_JUCU-HM 1 1
Wl11SumvFWTS3M 1 1
WoVP5ae8hWU2uM 1 1
WphG2Wd_AWF7XM 1 1
Wsw9fQfJGsp7sM 1 1
WtQz4TwDmyDPFM 1 1
Wz-39SmlQkyGIM 1 1
X3kJ8gxLyeySLM 1 1
X70w2hjQmZTvIM 1 1
X84AWVC-WXpXUM 1 1
XHMC6EkyVThDkM 1 1
XZpS-8fnPLP1NM 1 1
XdqGaWIAVPzsTM 1 1
XfoZacPEeDP-ZM 1 1
XjzlX-t-uWvodM 1 1
Xn9G1DnwjWStPM 1 1
Xv2TDcfnSlRBQM 1 1
XyJve-Fo58s3-M 1 1
Y5dMTNq9QRu1fM 0 0
Y6qooJ4pJ05zbM 1 1
Y7MvcXn79_nDwM 1 1
YEyPC2znySBLgM 1 1
YPlRzvxHEZXd5M 1 1
YQrwZSp2pyIdOM 1 1
YcLRENYyM-1UDM 1 1
YfgLqrw1w3cUEM 1 1
YfpEajrMI5s9xM 1 1
YheD1s2rRW9oBM 1 1
YjJHR7Ll0RJHgM 1 1
YkBrolItLZF3XM 0 0
Yrdfl7O997J4LM 1 1
Yv1K7Xg72pWLvM 1 1
YvZ51msoYa4QpM 1 1
YwIu5QbpK0xhQM 1 1
YznynONu4jKR-M 1 1
Z4cacDa5zuOErM 1 1
Z68PkgNJW2IxFM 1 1
Z6SeQq6l1GqCKM 0 0
Z9Z4-yt6L7wa6M 1 1
ZK4_0c0G4910pM 1 1
ZMocNFPUwNjq8M 1 1
ZZpzk71cAiSocM 1 1
ZdwvqALJwAqJtM 1 1
Zhzd4ZBqoKWKMM 1 1
ZlMVzQpN81WLhM 1 1
ZmXNjl0N944AaM 1 1
Zs2bgrqDQ04FgM 1 1
ZvZUaL0hUa_fEM 1 1
_07x-o1HwRJD4M 1 1
_0H9MrHBOjWIhM 1 1
_1wsZNs0Zw1uAM 1 1
_5JUXYQTO84VEM 1 1
_75COJD3KFQEJM 1 1
_Bg-ZqBBdw8UMM 1 1
_DVhmVGxbt-jwM 1 1
_FrkhF7FBNNDyM 1 1
_H3tVg5xeGdmPM 1 1
_HXDRAsstJWBiM 1 1
_NokGkWGg3wfOM 1 1
_Pgs9eBkvTCMWM 1 1
_ReXaew5uMA_hM 1 1
_T4TINj3DHA7mM 1 1
_UwP9fDUhkCFLM 1 1
_XpzyEK4hXJIeM 0 0
_Y8vGLz6SPEnnM 1 1
_eKHbgNm6jqS0M 1 1
_eba86SrQYHDPM 1 1
_hD4XFOK8SGl5M 1 1
_iaBEO32CjyZ_M 1 1
_nse2xRa7vsbAM 1 1
a-Anp5pzSvGdxM 1 1
a-fF7WV_glpILM 1 1
a1SM7wBuCsXsEM 1 1
a4hu9OwuzM0knM 0 0
a6CohM2NnumRQM 1 1
a8RP5VGWaEoc_M 1 1
aAVS2P6v2KQd1M 0 0
aDcW53fAuwmzGM 1 1
aDjvJTzsvyMF0M 1 1
aJanbYxrmlTYxM 1 1
aLj2Y3YKlRR8xM 1 1
aMfIuJsIypvw7M 1 1
aPQZsh6H3jaw9M 1 1
aPYeLIxSHhnlkM 1 1
aPYimE302OzedM 1 1
aQcaw5VWvpdZBM 0 0
aVolIn28hQG1xM 1 1
aWTjYkj885swYM 1 1
aWnpfYkd2ITQjM 1 1
aY-hS2qizjBtVM 1 1
ac6ZU3QBqr0vIM 1 1
adLA7Xvj_A0v0M 1 1
ajRIqKMCIOOgfM 1 1
anRmD_mwaRud0M 1 1
ar1fr9u978UAaM 1 1
awZU89vhHar4vM 1 1
b3bsBgghocormM 1 1
b4NXwXUSw82PnM 1 1
b7oHmk6Xd9dQYM 1 1
b9fEXSQgRk_I5M 1 1
bBslG57YA5LVSM 0 0
bCxAoYdPQtLoEM 1 1
bCy0HaPc0VKrvM 1 1
bRwj4VTQo1O4fM 1 1
bSzEoubj6sOkrM 1 1
bh_L_-OdHBlbZM 1 1
boU9jAn25ue9GM 1 1
bvaAkOEP1WDbCM 1 1
bxh8MJvRQknLsM 1 1
byCxBU9w8jxiaM 1 1
byYO3cC6t0kXCM 1 1
c2tsrNTHNSL_IM 1 1
c7-ZmIO4rmPG_M 0 0
c7oADmeh5nHzZM 1 1
c9Wj1QgtO7DinM 1 1
cJsFkaeOWJSLEM 1 1
cLeZcsX6ZQ9IMM 1 1
cR1CVWO0qPH5DM 1 1
cSkjFR2pJFdqwM 1 1
cZRhkjGGiOioaM 0 0
c_p2OekT7owDXM 0 0
ccShLW6bdJ7L7M 1 1
cieJE_T-Oao3YM 1 1
cilDrmM23aGOEM 0 0
cn2XkxokmtFkGM 1 1
cnxmV_tKvwFRYM 1 1
cobR3iyc3XVTsM 1 1
d3NWhGLwHGhebM 1 1
d3b540Yxwa4ICM 1 1
d5SOkVdBtpMZ1M 1 1
d62NRP20nTybYM 1 1
d778LAesxfJIzM 1 1
dFT4Cfno42eX0M 1 1
dGQgpSR6hdf0bM 1 1
dRPgNOT9wGGwuM 1 1
dRtqB2kRqbXeuM 1 1
dSVGGa-ybR3wkM 1 1
dTWVUmQ0ykRPFM 1 1
dV63QIevT-ILUM 1 1
dW98NifYv66QLM 1 1
ddb5D_08Xhou_M 0 0
deLUy6BS1oXW_M 1 1
dg-s_44vTPQZKM 1 1
dgqsOTiHPFLf5M 1 1
diqLOuReqyWzaM 1 1
dnfeG18RVsugtM 1 1
dpnEDsYQVhsjnM 1 1
dr-HG21CJlC7tM 1 1
dwMsyEZUR8pbVM 1 1
e0-mr6e3wlK5BM 1 1
e2W0C7Y0CyxzdM 1 1
eA5-tqXg40JBGM 1 1
eBzsm4vOvj-gdM 1 1
eCUeGzWJDYRfMM 1 1
eDqwxD2ruFlMDM 1 1
eEsLMCct5oSz0M 1 1
eH2JNtDC2mL66M 0 0
eHwjIvx_AzelFM 1 1
eMPKmHhxeU2yZM 1 1
eNxvh33QpCDPqM 1 1
eTMdK2C0BtgDdM 1 1
eUv7yWv2G3XzAM 1 1
eZWOKnujSPPF7M 1 1
eZiNcrQzbqIveM 1 1
eaIyUKILDf_lBM 1 1
eas-R4jFyYsHoM 0 0
ebt8r8POrgZp3M 1 1
efgIg0P1MkgBxM 1 1
eh06BqQFx2YieM 1 1
ejcLY3dxAlkFfM 1 1
eklCpdFW5c4NdM 1 1
eqevXvYo-XrbqM 1 1
eu2DVLxboirmyM 1 1
f20FhevQ3vZOzM 1 1
f7PuVjUjHSK45M 1 1
f8QoDz4qEVV5tM 1 1
f9Fwijhfua6PqM 1 1
fBrt1G2tYOadhM 1 1
fC2pgfnpzdvgnM 1 1
fCT3oaapThhiNM 1 1
fFlISqETU1PHUM 1 1
fMq8NtMNhMeWNM 1 1
fYzBPM9WMhpA_M 1 1
f_l-HEBc7kiu8M 1 1
ffOltQn0M6fjFM 1 1
fjKdAXR90fJHvM 1 1
fvqPVCgVm3dDzM 1 1
fxmkBcNZ9I_tyM 1 1
g8gOxlVLbCu1bM 0 0
gB_oaXv5ilqY1M 1 1
gBaIz8apqQNmcM 1 1
gDuAiJPDyCNaUM 1 1
gIKJms6KKcjvWM 0 0
gLTJUML32udQ9M 1 1
gNZaLfCldNlfhM 1 1
gOMXhiUduuUJnM 1 1
gOhcmafvCSVzuM 0 0
gQ4VlukVRWc56M 0 0
gQLhlM9tHbuzQM 1 1
gV_nQdYWrmwfZM 1 1
gbnM9KwOIJDA0M 1 1
gcNefhaRiTxBEM 0 0
ghRM8N0CHpsMfM 1 1
gjdsPbBlib3W0M 1 1
guduVb7EXWQOEM 1 1
gwNhyr9gLnhy0M 1 1
h-9I7GOLzapgIM 1 1
h2Cje5xX-9JCnM 1 1
h9br4eZg7SpmfM 0 0
hBfhBAUwthfXNM 1 1
hGkQNKZpF_AkxM 1 1
hL8VJi98bVvSvM 1 1
hLM62NZDdY0cpM 1 1
hNlyhizSZdG-XM 0 0
hPNJVMHz4CTtcM 1 1
hQtQiNSybnVuRM 1 1
hUU_YsDfnALn-M 1 1
hZw-05kwGUg6NM 1 1
h_zwc7GoEsXV4M 1 1
hcvoan57sxehzM 1 1
hjdgnCZcUcaQMM 1 1
hqrxuXSdGIgaBM 1 1
hwLmdpyTUiWuwM 1 1
hzk_cJMPtGOeJM 1 1
iCcS766tyNj9vM 1 1
iLX02gM7n_fhoM 1 1
iM_ClHBDbEhXUM 1 1
iO5Ltn8SRh_7VM 1 1
iRvBx0w_ar5vXM 1 1
icRQ7I2NTz8amM 1 1
icZUWXHnyI9l9M 1 1
ihr3v05flhGk6M 1 1
ioyot9bDxaIwWM 1 1
ixrmzsZpi-8hUM 1 1
j4NjnA7MqmlJuM 1 1
j79Dft2xnsWOtM 1 1
j7S6XzghE_cfPM 1 1
j7UACq-QU-ByzM 1 1
j7kqj_8VFVBOcM 1 1
jASnISRqTYpDxM 1 1
jDAjDdy4uxXJkM 1 1
jJRiYdXlZlRcRM 1 1
jKKQ1ZIQJnepEM 1 1
jMRKQkAqzn1J0M 1 1
jZvTvN98We7ZtM 1 1
jaXZ14olOrXl4M 1 1
jkxb-S9pY9KYDM 1 1
jlWeam3OYuAeEM 1 1
jmdOYpPG7cO_AM 1 1
jmm2Awlhc0JDSM 0 0
jrlnT4YFGGF2kM 1 1
k1ThHb9HO6b3qM 1 1
k3bc2GlZdgNR9M 1 1
k7x6uBuvjZN-OM 1 1
kQCwWQvR0UD6yM 1 1
kU7TOUfEa51vLM 1 1
kUGOS-KqJazZDM 1 1
kV-AJZMKyEhLOM 1 1
kVMKy8Hn10GMPM 1 1
kWIWg07u4pcqmM 1 1
kbv_1J84U02jGM 0 0
kee7xoJ4fanU8M 1 1
kkqTsm3m40yOUM 1 1
kmOAa4GjUtrAcM 1 1
koUm_E7pitBxQM 1 1
krvoEiQSH8RAfM 0 0
l4L4L_xMukIooM 1 1
l6Lk5SacBUBRmM 1 1
l6ojnYCCxOPxVM 1 1
l8xiksTsTkt--M 1 1
l9ehagx-IpQZVM 0 0
lEaRksKryEQOOM 1 1
lS-sABizWWd5-M 1 1
lYp7tN9hTjZ-aM 1 1
l_I0G-pXhp7OIM 1 1
lfybPMMCOSn16M 1 1
lkcGipHU-En4UM 1 1
lkzj0q5JGs3AGM 1 1
lrIyeYQjTQhs4M 1 1
luYuYsZdStw1BM 1 1
m1Gs724d9HOs0M 1 1
m1hu8icpDSzerM 0 0
m3KU9zMHxJf5FM 1 1
mA-SXSE0AkUoIM 1 1
mDhj36zPSbsfkM 1 1
mEVyjfliBeIXSM 1 1
mLxVT4T7DgFGCM 1 1
mMTM09vm99Z5JM 1 1
mMcZ9lVWYvK3lM 1 1
mNayKnGbG1RBMM 1 1
mO6t9w93TwB0bM 1 1
mRxI1b9opyjIiM 0 0
mTCSz02Bk4LU_M 1 1
m_NX7XtZ7YxbyM 1 1
mdBXVROyKKD0lM 0 0
me-YzrfVe37MiM 1 1
mfNwkNBn1F_sWM 1 1
mhi9wanhCiqFEM 1 1
mi-baF5pCNBW_M 1 1
mkPA0su6VLzElM 1 1
mpcEsr51VZt0yM 1 1
mtXfQ6j5aBiEdM 1 1
mu5xKwDQKE_CWM 1 1
n1Lktd4Xtx4T7M 1 1
n9DIfkDYZD5ySM 1 1
nAzHdWKQmTuh0M 0 0
nBy3yWmh8oux_M 1 1
nErcsTg7rDPV8M 1 1
nJCqkzy2iYOCNM 1 1
nMrziB_A-sOLQM 1 1
nODpzxdB6cmKpM 1 1
nPPHioS0x1EZnM 1 1
nXpNhnRIpLMBBM 1 1
ne6tXxjwzJLl0M 1 1
ne7GZq0sbPybWM 1 1
nekiZm5ClWZFqM 1 1
nkyf1xpVDkQUiM 1 1
nm4NKsZ-wXCVSM 1 1
nol9iVezambf1M 1 1
nutgyGr8aCz98M 1 1
nzSbmiRi5fzEMM 1 1
o-_pGqgRd4yUaM 1 1
o0TpNCNYla39hM 1 1
oBJ9pKAQXHkg3M 1 1
oBNGG4U43Fe-ZM 1 1
oCn-ukaIa4hykM 0 0
oGjbepMuHkf3eM 1 1
oGpzJJhEe60xpM 1 1
oGwOmFITxOo5DM 1 1
oJX0N2Wp6KjYoM 1 1
oMYyGM75M7JulM 1 1
oNF1IY6VC7RR0M 1 1
oOAt6HuMi4J8BM 1 1
oOJ_Q_GQ3FjzaM 1 1
oPuH0Jrre8nHCM 1 1
oUt1h4gQ2AqF1M 1 1
oVQQ4w40Qcr_SM 1 1
oYrNqSB5DORBvM 1 1
ocRq3zV4tVpKOM 1 1
odraskjAAAEyqM 1 1
oi6neFvTalE11M 1 1
oiIm3THoraQZsM 1 1
ojvinJIIw2cQyM 0 0
opB5cGDqWXLjeM 1 1
otw9oGdmtAxNFM 1 1
ov7QZp1qfNGSIM 1 1
ow5qCSfNEvP9OM 1 1
ozv0kFQkpgCkjM 1 1
p-e0QRgusb67NM 1 1
p5LoxwZmo3brRM 0 0
pF7_Ie-H1wti8M 0 0
pGG6YhKkc3t-3M 0 0
pM0Z6G7m7l08nM 1 1
pN7TrgyUacATJM 1 1
pXiq0t04fvOtYM 1 1
pYZFoWvtmNkSEM 1 1
pcHKJXGXBicZVM 1 1
phIE4qA71tbVHM 1 1
pkUPVDjyPWCtgM 1 1
pl3GAOIZuBA7VM 1 1
plqg_Fjz56S48M 1 1
pqzkXlFwRdNXUM 1 1
prTmjUb26iPt7M 1 1
pt7GI1pCPzQEiM 1 1
q0Ogh0icpuHkuM 1 1
q370lic2bFwVgM 1 1
q8IN4DotYh__EM 1 1
qAbkWOn4uMgcbM 0 0
qB1doVnekpY_9M 1 1
qBYbyURVHRzrlM 1 1
qIxFGgRCsLpYbM 1 1
qKX2QvVpm74xMM 1 1
qO4jLCgfLW-PsM 1 1
qPoevmCyfBir7M 1 1
qngTQ-pm1oSE2M 1 1
qpjjOX0_J2AS_M 1 1
qq7cWOOMamj-EM 1 1
quglJc1_EuNRUM 0 0
qwl7ff5qiWemeM 1 1
r0Z7vsAdkHWFkM 1 1
r2j4M4n_1wIIpM 1 1
r8RMJ253m9AXRM 1 1
r9LP7WDpg_GCJM 1 1
rA0QI5KFTEdj7M 1 1
rK8uT0K1O5r6zM 1 1
rKgU1BUnV5L7yM 1 1
rPLE_pyAUJGlHM 0 0
rV31f5bsK1LknM 1 1
rVuYw4zbeqHC4M 1 1
rW-aY3sziBLFLM 1 1
rW4HxcPQk_z7hM 0 0
rWoIxlAnAgH2iM 1 1
rWoMamk-nWVUWM 1 1
reTvjB0qOtpkmM 1 1
ripGmPrIpBm3YM 1 1
roWpUq593-B3SM 0 0
rolgSw4oJJflfM 1 1
rp3oF8W7-cl7-M 1 1
rt-YUa8gutoidM 0 0
ry3Wbo7gSiS8hM 0 0
ryErJSHoqc8NIM 1 1
rztT0lRHelHT_M 1 1
s6rugMDvmBAE1M 1 1
sCpKihDwOvXRpM 1 1
sDCCWexI7A0zLM 1 1
sDMrLJ7ipyij1M 1 1
sFdVuJMgh3DwvM 1 1
sJLSGGKWugC7HM 1 1
sPukT0DESnkfCM 1 1
sYAHg7bTbPNtIM 1 1
seXFg3ARUSlUXM 1 1
sedAndOeVh51-M 1 1
siUmOyDXFz6i9M 1 1
siv60l2yEyYHbM 1 1
soI7bms_I5vASM 1 1
stazdK9pTXrisM 1 1
sulFOc4pIR0Z5M 0 0
svuFOmO2xAqRfM 1 1
sxPrRlYoSW5GEM 1 1
t-OR8v9HQoCa1M 1 1
t1mtjgOt3KvE0M 0 0
t5MrIABgaqj3eM 1 1
tBpv6WrtmQYpGM 1 1
tBseD3OOroB2GM 1 1
tCddQHTijOMQZM 1 1
tE2jTj3HWzFw9M 1 1
tEvL7NcLd6DeDM 1 1
tFTNza-isAhnMM 1 1
tLPcA2XHjLiAzM 1 1
tMiZI1wkfMMMDM 1 1
tQS_Nh6ZjkOb6M 1 1
tSGZSFI0ziWxeM 1 1
tY1KqlPYGEa1uM 1 1
tY7mKaNKEJbheM 1 1
tZ8J_fEZiw_HdM 1 1
tZdGpN0T4UTOZM 1 1
tZdJtyDJsQ1s5M 1 1
t_NZ6Qvj8BIU6M 1 1
t_PNkn5MWidfCM 1 1
t_nMyVjHNtIUJM 1 1
tci8UFju9h-maM 1 1
tenTTd2s_lZEXM 1 1
tgwaR0vEj8ZpSM 1 1
trend1TOhfPB_M 1 1
tta-fcJNxHoPnM 1 1
tvs8u4Ua8-j9sM 1 1
twl0s5sGHIJFPM 1 1
tylHs27w17ZI3M 1 1
tzkbhIPXZJlK8M 1 1
u013svLCHjUhCM 1 1
u1VqTngRqaYBrM 1 1
u1w-_K9PwGvrhM 1 1
u5OgbR_8jheLFM 1 1
u9lZjrjQMRNqlM 1 1
uAy1AgHAi76GcM 1 1
uE2UjzqiGb8O3M 1 1
uJ8YBwfQrcMLiM 1 1
uLDKPSQEeH0v9M 1 1
uQgdgnJisIVnbM 1 1
uR5N3awT1DiN6M 1 1
uSPTk2dR9Mz4LM 0 0
uUhNB1Y5ffTegM 1 1
uXMUf8Ech8Hq0M 1 1
uXon_8kvdoMgKM 1 1
uYww85cidGFrPM 1 1
ufhr3AkCQ2GZRM 1 1
v-JPZ1CAKF-JWM 0 0
v1p8Wp1obKYzzM 0 0
v5rqKy1mO8hCHM 1 1
v74GRYnzw4nygM 1 1
vBDy_2cOT95nPM 1 1
vBWPV59FglQvUM 1 1
vFhzSXxRk-ohqM 1 1
vJaKvs_b81gLqM 1 1
vOaatxKkDJI5ZM 1 1
vVQ9tXOrrctfgM 1 1
vXcRoU3tHGD8WM 1 1
vXdpZuE8K3cfWM 1 1
vZ_0spnqcPOhNM 1 1
v_NRsE1LulUYXM 1 1
vaqG9L5-MKi0iM 1 1
veJjiPUe-XzTCM 1 1
vewlKzjb1xt2BM 1 1
vi5dE-cvLKEpsM 1 1
viTvoNte68BgGM 1 1
voR6UVh4K0m25M 1 1
vqUCs5jXT4BqQM 1 1
vrSskDcaw7PnjM 1 1
vtVt2IUt88Wk5M 1 1
vub6LrPjY--VxM 1 1
vv4n_hlWUpHTxM 1 1
vyHuKj1LJH1JPM 1 1
w-BZZg80SAzcvM 1 1
w8CVj7rl1d04dM 1 1
wBEpx-z6HEIYbM 1 1
wBa-0TAFfJUzVM 1 1
wBd3a9j960GFwM 1 1
wCYFcsu22w3U7M 1 1
wF3UAI7p6wFwtM 1 1
wFBBt7kCaChRzM 1 1
wICjN3HDBo4V-M 0 0
wL07UnyzPHi6JM 1 1
wNS7I-X6hJwbkM 1 1
wQsYM_UxQ8huwM 1 1
wZcE6dvoNlkpzM 1 1
wdGaUIiXT0WdUM 1 1
wdxIzy6mderTXM 1 1
weO3_ii-xM-bbM 1 1
wfj9N2HT9aepuM 1 1
wp8rnHLSZSD_8M 1 1
wpkQ5cgVBTMeWM 1 1
wpp1vJmncitdqM 1 1
wqiYwIbg4oU_DM 1 1
wrP5ZZKHyF9gDM 1 1
ws6-zp7bGgP52M 1 1
wvok_ujycdN-JM 1 1
x2WdSpYRKnbnSM 1 1
x3K2JGGfg-qSIM 1 1
x8sX_ntHoLoKyM 1 1
xDP59wCCGOQkoM 1 1
xFw5kwm94ncXBM 0 0
xHHvyPj7akK4AM 0 0
xIFAgpAHKP89-M 1 1
xJCGOiBaUyQw1M 1 1
xJODJq6S4JMItM 1 1
xOfzKk60NzVPTM 1 1
xOkiH4fEcyYTFM 1 1
xPNFa2i23YE1rM 1 1
xW1SWmGK1yAgnM 1 1
xZsRW_wQCtUjBM 1 1
x_RRhHH-wCYmqM 1 1
xcEu7snuphmF2M 1 1
xdY6LSqroQB1UM 1 1
xhLvxArXtSSXJM 1 1
xhNAl--si_Hj2M 1 1
xlekDNEf9-ZFoM 1 1
xmZOIhRXBfSY5M 1 1
xqB01Xf5XDyYsM 1 1
xqReGgSCZmv7VM 1 1
xqpgwM94k5P7gM 1 1
xwE04agO7_i1FM 1 1
y3BQBV81b_mquM 1 1
y6q1cM4BvkQPnM 1 1
yB47thnc6ckCvM 1 1
yJtPI3yHhAx-MM 1 1
yQm-D3wwaCJiFM 1 1
ySMgcQQh1As4eM 0 0
yUYHP5_pSmAa8M 1 1
yV8LM332Gh-khM 1 1
yVEpKS1MUiSeEM 1 1
yWIAGNIcsJuq_M 1 1
yYCKX7nnNpTNrM 1 1
yaXB8IbNJ2uo8M 1 1
yb6JCsiovJY1iM 1 1
yct3mnFeBA_KAM 1 1
ydMQh8z_PiQqjM 1 1
ydnQwinr9c3EPM 1 1
ygfjxJGNapvT1M 1 1
ygvWvAmOErQGjM 1 1
yjDDfUU42geXcM 1 1
yjhUA9ycJQZmoM 1 1
z-LXR7evwpZsnM 1 1
z2k2wNP3PXwWIM 1 1
z5vtCrAp439wxM 1 1
zBMCMllEEiSEQM 0 0
zBeYxFs4SrlEUM 1 1
zFMNDRzjIP78QM 1 1
zSxs1R0PLuOTFM 1 1
zTvj73bG0cuI2M 1 1
zVTcZmOvRAs3lM 1 1
zgYh6nU-BK2ffM 1 1
zmAIZ7bav-3OMM 1 1
zrnODwubXUNXbM 1 1
