-0mxwdG3871pgM 1 1
-3cb29KcfQNOMM 0 0
-7qKZMyt-1VHJM 1 1
-Awq39d7NOswQM 0 0
-QAo7TIxGcn7FM 0 0
-TFxsE2ZwAAEGM 1 1
-Uls5Mh38lSujM 1 1
-ZFHOZvDgWOlCM 1 1
-ZUndsEW6XD3hM 1 1
-iYU4f4WlmKHsM 1 1
-u7eVNjzYVucEM 1 1
0-INEYt596SjLM 1 1
042n_8KR6DNf0M 1 1
05fTj5rlP3akiM 0 0
0FWblpnlgxlQPM 1 1
0FY4cHUDyiZWAM 0 0
0I2wqpjdB57-ZM 1 1
0K59XjZ4WFnC0M 1 1
0QseVjc3LsbXrM 0 0
0Ru7SOC6hzkM0M 0 0
0StE8N7syQKDNM 0 0
0c2i8mHj5Qz20M 0 0
0hWiAl520x38fM 1 1
0n0-DnPx6uJ0YM 1 1
0zIN3_7cL5UOpM 1 1
100386049 1 1
101317904 1 1
1022041707 1 1
1022048899 1 1
1022060503 1 1
1022921214 1 1
10392673086 0 0
10392826033 0 0
10457317214 1 1
10481769995 0 0
10541619 1 1
10541668 1 1
10751671073 1 1
10772388976 0 0
1085071052 0 0
1085090962 0 0
108559678 1 1
10869283336 1 1
10930143453 1 1
109741406 0 0
11038678906 1 1
11094486296 0 0
1131333069 0 0
11399727933 0 0
11643531 0 0
116530164 1 1
116530415 0 0
11658314936 1 1
11679603575 1 1
11704694705 0 0
11705433166 0 0
1176994307 0 0
1176994727 0 0
1176995355 0 0
1176995737 0 0
1177850448 0 0
1177850828 0 0
1177851046 0 0
117839400 0 0
11811357595 1 1
11811612673 1 1
11973352376 1 1
11YhgDJ26dEscM 1 1
12018159835 1 1
120510631 1 1
12112760756 1 1
12113993006 1 1
121780410 0 0
12182675343 1 1
12187948213 1 1
12224623966 0 0
122410066 0 0
12282150135 0 0
12315240395 1 1
12356708094 0 0
124986593 0 0
126509788 1 1
126719290 1 1
12687382645 0 0
12687384885 0 0
12687441445 0 0
12687518223 0 0
1271159956 0 0
1303744197 0 0
1304637172 0 0
13075955845 0 0
1308098265 0 0
1308123099 1 1
1309004638 1 1
1309006326 0 0
1309141258 1 1
1313843721 1 1
132540635 1 1
1326321649 1 1
135005109 0 0
13522282565 1 1
1352399551 0 0
1353153359 1 1
1353280548 0 0
13539585164 1 1
1358194174 0 0
13636217285 0 0
136871723 0 0
13771530803 1 1
13771547235 1 1
13849693855 0 0
1388759595 0 0
13915949046 0 0
1393471163 1 1
1393771020 1 1
1395759854 0 0
139914638 0 0
1399614095 1 1
14010864929 0 0
14010884488 0 0
14010907520 0 0
14010936317 0 0
140759174 1 1
1411318520 1 1
1411318534 0 0
14117078197 0 0
14347122132 1 1
1435798671 0 0
14400616453 1 1
14414490929 0 0
14453103869 1 1
14453483363 0 0
14464729332 1 1
144836281 0 0
144836558 0 0
144836709 0 0
14484298272 0 0
14516814852 0 0
14517900615 0 0
14553845 1 1
14595842143 1 1
14605003735 0 0
14609864307 0 0
14628915526 0 0
14722557411 1 1
14722851565 1 1
14744851024 1 1
14745605933 1 1
1476869005 1 1
1476925599 1 1
1477558672 1 1
1477619589 1 1
1477635156 1 1
14806759208 1 1
1485966837 1 1
14867896406 1 1
14880202498 0 0
14880385445 0 0
14968181299 0 0
15009621851 0 0
15091347196 1 1
15103552197 1 1
15134959924 1 1
15159330592 1 1
15211252603 1 1
15211255633 1 1
1521351316 0 0
15226104 1 1
15240031878 1 1
15265055858 1 1
15304068778 0 0
15401685436 0 0
15512217904 0 0
1554378133 0 0
15569054649 1 1
15569197949 0 0
15644876579 1 1
15645529227 0 0
15707288088 0 0
15731354826 0 0
15774724558 0 0
15774726598 0 0
15774728678 0 0
15776105409 0 0
15776401287 0 0
15824951493 0 0
15828801291 0 0
15828804561 1 1
15830669875 0 0
15830675045 0 0
15830677535 1 1
15874403383 1 1
15874547773 0 0
15936345406 0 0
15947110878 1 1
15948796887 1 1
15961471722 0 0
15962796 1 1
15984969539 0 0
15fPH1cZY10tzM 0 0
16118819612 0 0
16119175577 0 0
16126285697 0 0
16144876382 0 0
16178911977 0 0
16309068660 0 0
16309319260 0 0
16326253351 0 0
16326371228 0 0
1634734549 1 1
16392848063 0 0
164455209 1 1
16468455746 0 0
165024973 0 0
16540259811 1 1
16563302123 0 0
166115335 0 0
16612455446 0 0
16773756051 1 1
16784198628 1 1
16805622557 0 0
16825268388 0 0
16825274908 0 0
16828765905 0 0
16986682279 0 0
17001067140 1 1
17012100021 1 1
17013010805 1 1
17171211472 0 0
17336076772 1 1
17368192252 1 1
17488085 1 1
175248714 0 0
17560248415 0 0
175808493 0 0
17669278 0 0
17837439 0 0
17837454 0 0
17837554 0 0
17837592 0 0
17837632 0 0
17838100 0 0
179170671 0 0
1797032255 1 1
180171540 1 1
180173751 1 1
18079500 1 1
1810166165 1 1
185215219 0 0
18686387951 0 0
189656953 0 0
1921814222 1 1
19545485188 0 0
196085054 0 0
196086493 0 0
19808281892 0 0
199265237 1 1
1993634325 1 1
1AbrBjM2JOAp1M 1 1
1OG-GK5EwwYGuM 1 1
1TLDAmg66ZuWkM 1 1
1dhphgzb8T9AuM 1 1
1nJsDZ4umAe9VM 0 0
1o0rvS4XdXunXM 0 0
1s0zqUzAX1r3_M 1 1
205513856 0 0
206186220 0 0
206326743 0 0
2063589656 1 1
207216667 0 0
2072749879 0 0
2073279938 0 0
2084681171 1 1
210358853 0 0
210360069 0 0
210361309 0 0
210362119 0 0
210363125 0 0
210364363 0 0
210367789 0 0
21054858545 1 1
211198733 0 0
2142139297 1 1
2142142899 0 0
2142930958 1 1
2142932446 0 0
2146381704 0 0
2157627082 0 0
2159385133 0 0
21679596 0 0
2171853583 1 1
2194251295 0 0
220019841 0 0
2207050274 0 0
2209619265 0 0
2211459990 1 1
2235111645 1 1
223579911 0 0
2245015875 0 0
224623931 1 1
224623949 1 1
224623975 1 1
224623985 1 1
2249847263 0 0
2261020986 0 0
2272893412 1 1
2272946580 1 1
2275654843 1 1
2279432571 1 1
2279433129 1 1
2279434261 1 1
2279434991 1 1
2280226368 0 0
228033773 1 1
228033866 0 0
230162840 0 0
2303506374 1 1
230636 1 1
230637 1 1
230639 1 1
230640 1 1
230641 1 1
230665 1 1
230668 1 1
230669 1 1
230764 1 1
230765 1 1
230766 1 1
230767 1 1
230773 1 1
230774 1 1
2308009230 0 0
231033 1 1
231036 0 0
2311659192 1 1
2319230348 0 0
2319233490 0 0
23257796415 1 1
2327715311 0 0
2327723251 1 1
2328537996 1 1
2328547906 1 1
2340615207 0 0
23552312853 1 1
23677470315 0 0
2368526319 0 0
2369755712 0 0
2374301478 0 0
2374303598 0 0
2375783693 0 0
2376350816 0 0
23857407140 0 0
2387117274 1 1
2395068303 1 1
24059422111 1 1
2408856721 1 1
2409692496 1 1
2413098514 0 0
2414070511 0 0
2414883650 0 0
24153051905 1 1
2416462821 0 0
2416465749 0 0
2419045252 1 1
2419066930 1 1
2429129019 1 1
2438044476 0 0
2438596731 0 0
2438601251 0 0
2438620637 0 0
2439419242 1 1
2439436824 0 0
2448294232 1 1
24540391 0 0
2464504829 0 0
249587324 0 0
2500532614 0 0
2502268770 1 1
25024647870 0 0
2510048434 1 1
25104140174 1 1
25107910923 1 1
2514763709 1 1
2515829880 0 0
252273229 0 0
2539806615 0 0
25453694103 1 1
2547503526 0 0
25613505252 0 0
25639487181 1 1
25734505565 1 1
258497297 1 1
25948498680 1 1
261006621 1 1
262550051 0 0
2632991874 0 0
2636203567 1 1
2636203997 1 1
2637029404 0 0
2637824 1 1
2650771105 0 0
2658222381 1 1
2661576673 1 1
2665945655 1 1
26777343303 0 0
26911095 1 1
270122347 0 0
2703056584 0 0
270900339 0 0
2714584983 0 0
2720841771 1 1
2730158031 1 1
2740393405 1 1
2740393829 1 1
27480654652 1 1
2754632278 1 1
2758811018 1 1
276763234 0 0
276771317 0 0
27731925081 1 1
27772819536 0 0
27807388785 0 0
278632376 1 1
278682709 0 0
279206797 0 0
2795491323 1 1
2795493297 0 0
2796334794 0 0
2797852235 0 0
2797861087 0 0
2797954152 0 0
2797963598 0 0
280581338 0 0
280581398 0 0
280581438 1 1
2809085031 0 0
2815253177 0 0
284184454 0 0
2852743884 0 0
287157715 0 0
2873347504 1 1
2873491458 0 0
2874285350 0 0
2874928367 0 0
2877404740 1 1
2878355095 0 0
2900068830 0 0
290273646 0 0
2912813045 0 0
291304607 0 0
291304677 1 1
291304732 0 0
291304834 1 1
2919094305 0 0
29203283 0 0
29203308 1 1
29203382 1 1
29203418 1 1
2920893517 0 0
2929414571 0 0
2929437499 0 0
2929440625 1 1
2930298082 0 0
2930304868 1 1
2934924436 1 1
2939886947 0 0
2945475118 0 0
2945479212 1 1
2945483190 0 0
2952436958 1 1
2954966 1 1
2957004469 1 1
2957005341 1 1
2957007991 1 1
2957018533 1 1
2957843144 1 1
2957846498 1 1
2957859946 1 1
2957860804 1 1
2961125601 0 0
2961875231 0 0
2968675818 0 0
2968851642 0 0
2970957650 0 0
2997640938 0 0
2HNYS4HuUSRR8M 1 1
2RjrbxpKhO-t0M 1 1
2RtB5ZgU-0X6rM 0 0
2U34P539pdkYVM 1 1
2VHA5uNDtMFPNM 0 0
2c-hUKP7wXobHM 1 1
2pFOqSR4LMSdhM 0 0
2ptkTJv1mY-9rM 1 1
3001181181 0 0
300119627 0 0
3006145365 0 0
3017257288 0 0
3019222067 0 0
3026126393 0 0
3026514083 1 1
303095414 0 0
3034018646 0 0
3036781187 1 1
3047104043 1 1
3047105467 1 1
3047105907 0 0
3047941266 0 0
3049241234 0 0
3054422296 0 0
3059789219 0 0
306292994 0 0
3066316027 0 0
308017614 1 1
308017987 0 0
3087341884 0 0
3087380603 0 0
3096076043 0 0
3096076595 1 1
3096077851 0 0
3096080817 1 1
3096906844 0 0
3096917734 1 1
3096918804 0 0
3096919610 0 0
3112056007 1 1
3112741088 0 0
3160303052 1 1
3161510135 1 1
3163979891 1 1
3167838019 1 1
3174201813 1 1
320131464 0 0
3207367677 0 0
3216420783 1 1
3221751189 1 1
3221760003 1 1
3221762515 0 0
3222605392 1 1
3222606802 1 1
3222609356 0 0
3222612736 0 0
3233857722 0 0
3234737583 1 1
3268888621 0 0
3268889565 1 1
3268890223 1 1
326906543 0 0
326906585 0 0
326906751 0 0
3269707216 1 1
3269710888 1 1
3281628085 1 1
3281636509 0 0
3290991917 0 0
329181969 0 0
3292678559 0 0
32934760 0 0
329543365 0 0
3298464101 0 0
330307633 1 1
3310941927 1 1
331294646 0 0
331296050 0 0
3313402593 0 0
332042088 1 1
3322327398 1 1
3337086946 1 1
3340136023 0 0
3340585922 1 1
3341352139 0 0
334195920 0 0
3363858138 0 0
3376449511 0 0
3376450635 0 0
3376524033 0 0
3377262922 0 0
3377264526 0 0
3377265602 1 1
3377266676 0 0
3377267688 0 0
3382430833 0 0
3388655161 1 1
3391541032 1 1
3395409276 0 0
3396190373 1 1
340367836 1 1
340367897 0 0
340367974 0 0
3415509414 1 1
3419300796 0 0
3421912349 1 1
3432106064 0 0
3439244949 0 0
3440228256 0 0
3451320979 1 1
3451321123 1 1
3452138254 1 1
3460397555 1 1
346501456 0 0
346502283 0 0
34706210 1 1
3477954879 0 0
3478558998 0 0
3478564331 0 0
3478764862 0 0
3487196181 0 0
348744274 1 1
3494596418 1 1
3499819642 1 1
34T_noa5F5ewNM 1 1
3518440573 0 0
352018793 0 0
352020671 0 0
3523279389 0 0
3532956475 1 1
3536406964 0 0
3539617552 1 1
3559342983 0 0
3562092571 1 1
3562093127 0 0
3562906816 1 1
3562912596 0 0
3562916433 1 1
3564090809 1 1
3565247476 0 0
3573453065 0 0
3597066816 0 0
3597066888 0 0
3609126325 1 1
3611276758 1 1
3614290815 0 0
3619828486 0 0
362029010 0 0
3620649227 0 0
3628635051 0 0
3629051006 0 0
3629892520 1 1
3629892614 0 0
3630005959 0 0
3630007103 1 1
3630821416 1 1
363550164 0 0
3636904824 0 0
3641662841 1 1
3646917229 0 0
3648700307 0 0
365555083 0 0
365577103 0 0
365578443 0 0
3657397822 0 0
3658464965 1 1
3664895204 1 1
3681110669 1 1
3683630466 0 0
3683632240 0 0
3689245255 0 0
3690016104 1 1
3690016420 1 1
3690049762 1 1
3690049988 1 1
3690050648 0 0
3690050816 1 1
3692171268 1 1
3706449383 1 1
3706451495 1 1
3706452007 1 1
3706453587 1 1
3706456623 0 0
3706457043 1 1
3706461759 1 1
3706470777 1 1
3706480923 1 1
3706516701 1 1
3706517167 1 1
3706518419 1 1
3706518783 1 1
3706519273 1 1
3706520025 1 1
3706522567 1 1
3706531663 1 1
3706533107 1 1
3706535025 1 1
3706535449 1 1
3706535889 1 1
3706537753 1 1
3706539509 1 1
3706541205 1 1
3706545051 1 1
3706546859 1 1
3706548677 1 1
3706552901 1 1
3706554847 1 1
3706556605 1 1
3706562401 1 1
3706565549 1 1
3706569001 1 1
3706572003 1 1
3706574133 1 1
3706577827 1 1
3706582137 1 1
3706584113 1 1
3706586125 1 1
3706590409 1 1
3706594259 1 1
3706596341 1 1
3706606617 1 1
3707259462 1 1
3707263020 1 1
3707263198 1 1
3707266832 1 1
3707270520 1 1
3707272112 1 1
3707281112 1 1
3707289008 1 1
3707289534 1 1
3707291204 1 1
3707330166 1 1
3707330608 1 1
3707332278 1 1
3707336990 1 1
3707339040 1 1
3707341028 1 1
3707342824 1 1
3707345554 1 1
3707350844 1 1
3707351610 1 1
3707355792 1 1
3707363280 1 1
3707370840 1 1
3707372666 1 1
3707376596 1 1
3707378466 1 1
3707381184 1 1
3707388632 1 1
3707392914 1 1
3707394476 1 1
3707396472 1 1
3707399462 1 1
3707399840 1 1
3707401428 1 1
3707405022 1 1
3707420760 1 1
3707422976 1 1
3707424474 1 1
3713930587 0 0
3717274893 1 1
3720862613 1 1
3720864909 1 1
3720870125 1 1
3720872485 1 1
3721590968 0 0
3721681830 1 1
37231403 0 0
3747888972 1 1
3777724621 1 1
3778498976 1 1
3778526210 1 1
3778527272 1 1
3790661037 0 0
379352158 0 0
3797041189 0 0
3797857884 0 0
379907412 1 1
3802494486 1 1
3802497236 0 0
3812141353 1 1
381391379 1 1
381392289 1 1
381393062 1 1
381393868 1 1
381394539 1 1
381396098 1 1
381397320 1 1
381398179 1 1
381398989 1 1
3821340295 0 0
3822157552 0 0
3822192576 0 0
3823396813 0 0
3824768973 0 0
3827308938 1 1
38512014 1 1
3855774449 1 1
3856344516 1 1
3857323073 1 1
3863549581 1 1
3865606217 1 1
3868229483 0 0
3869009558 0 0
3869009822 1 1
3869305894 1 1
387518382 1 1
387563883 1 1
387563888 1 1
3876208263 0 0
3882215149 0 0
388276195 1 1
3884644373 1 1
38903762 1 1
389351285 0 0
3895727293 1 1
3895727545 1 1
3895730721 1 1
3896505712 0 0
3896507754 1 1
3896514296 1 1
3896574206 0 0
3901290873 1 1
3908195372 0 0
3908195792 0 0
3914822540 0 0
3917884220 1 1
3930080371 0 0
3935097884 1 1
393725549 1 1
3944329108 0 0
3947990747 0 0
3963037863 1 1
3966954269 0 0
3971650763 0 0
3972418598 0 0
3975922595 0 0
3980519631 1 1
3980522151 0 0
3980945281 1 1
3981287900 0 0
3981289280 1 1
3981705624 0 0
3982867917 1 1
3983623152 1 1
3992620297 0 0
399701159 1 1
3ALa3obOE0KSUM 1 1
3BE1RpL3EcNrYM 0 0
3QYsbSks-Y4gyM 0 0
3RU4GRMcE6TktM 0 0
3TMQKCNoi8NksM 1 1
3af_jmfLYuYmBM 0 0
3eoNrScPMGzGJM 0 0
4-k5iAgI9hklcM 1 1
4001456052 1 1
400279228 0 0
401076133 1 1
4045431684 0 0
4059059010 0 0
4060947023 0 0
4061253643 0 0
4061691016 0 0
4090878738 0 0
4099520876 0 0
4104453925 1 1
4104888266 1 1
4105219020 1 1
410926399 0 0
4117087433 0 0
4121625688 1 1
4131213467 0 0
4131458167 0 0
4131459357 0 0
4131467189 0 0
4131468431 0 0
4132217694 1 1
4132226798 0 0
4132233154 0 0
4148725841 0 0
4149480706 0 0
414974510 1 1
415058668 1 1
4160941069 0 0
4164109423 1 1
4164742999 0 0
4165114016 0 0
4165506646 0 0
4168918915 0 0
4177047876 0 0
4177047914 0 0
4187373987 1 1
4195003609 0 0
419524410 0 0
4199061521 0 0
42190299 0 0
422499117 1 1
4231936860 1 1
4244271733 1 1
4254427491 1 1
4261261426 0 0
4261567799 0 0
4278216268 1 1
4295309801 1 1
429847492 0 0
4324638142 0 0
4330747684 1 1
433904117 0 0
4349344449 1 1
4351849105 1 1
436529134 0 0
4368401498 0 0
4370564441 0 0
4393909772 0 0
4402551346 0 0
4405618217 0 0
4406690065 1 1
4415834696 0 0
4422002082 0 0
4422002764 0 0
4449592839 0 0
4452549599 1 1
4453324034 0 0
44565260 1 1
4462980441 0 0
4465170956 0 0
4467801335 0 0
4468877517 0 0
4468877829 0 0
4469655848 0 0
4469656188 0 0
4469656292 0 0
4473016431 0 0
4473792856 0 0
4473793008 0 0
4479553349 0 0
4480198018 0 0
4481775992 0 0
4499450042 0 0
4512380890 1 1
451982075 0 0
452091090 0 0
452104491 1 1
452104713 1 1
452105177 1 1
452995445 0 0
452995685 0 0
452995743 1 1
452995809 1 1
452995925 0 0
4531783332 1 1
45360111 0 0
4559303998 0 0
4576903247 1 1
4576904467 1 1
4601501150 1 1
460172182 1 1
460172202 1 1
4609910790 0 0
4611013796 1 1
4616165483 1 1
4639091935 1 1
464594638 0 0
4654596919 1 1
4655219028 1 1
4655225908 1 1
4675220084 0 0
4676534055 0 0
4677323062 1 1
4685910443 1 1
4686537268 1 1
4686621819 1 1
4691295748 0 0
46bcs4Er__tAxM 1 1
470785223 0 0
4710810596 0 0
4710812328 1 1
472677666 0 0
4727440509 1 1
4727440897 0 0
4727447915 0 0
4728082904 1 1
4728083670 0 0
4728900174 1 1
4749186075 0 0
477185548 1 1
477203625 0 0
477203753 1 1
4772428062 0 0
477484690 1 1
477485482 1 1
477501953 1 1
4778374987 1 1
4778738758 1 1
4778738824 0 0
478980949 0 0
479445364 0 0
480657062 0 0
480668781 0 0
4824160877 0 0
4851872851 0 0
4852499356 0 0
4856435775 1 1
485796394 0 0
4858958260 0 0
486557846 1 1
486589153 0 0
4868556439 1 1
4868607271 1 1
4869204982 1 1
4869211888 0 0
4869215764 0 0
4869218414 0 0
4872822774 0 0
4878133961 0 0
4879722365 0 0
4880330980 0 0
4883418765 0 0
48906755 0 0
4892726172 1 1
489358204 1 1
4920220169 1 1
4934340825 1 1
4934933434 1 1
4942427901 1 1
4942428003 0 0
4952483877 0 0
4958908066 1 1
4967707798 1 1
4968871097 0 0
4969478612 1 1
498523844 1 1
4990634362 0 0
4JRtbDuu5pJRxM 1 1
4LHskDyHUMdhYM 1 1
4X2UJ-5hJj68BM 1 1
4by5owyqvFzp6M 1 1
4cSCaS-sifLE8M 1 1
4exR9tA6p0fGZM 1 1
4o6ns0MOJIUjtM 0 0
4wdVevChHgtZ1M 0 0
5003140802 0 0
5005300167 1 1
5018136574 1 1
502370703 0 0
5025252876 0 0
5043712554 1 1
5062296390 0 0
5065238495 0 0
5073204393 0 0
509207619 0 0
510858019 0 0
5109275896 1 1
5125553251 0 0
5126152052 0 0
5126731863 0 0
5127323752 0 0
5127325034 1 1
5139806381 0 0
514085729 1 1
514868268 0 0
514880094 0 0
514881340 1 1
514902887 0 0
514904835 0 0
514905311 0 0
514905853 1 1
514906633 0 0
514908689 1 1
5150560048 0 0
5173281694 0 0
517463718 0 0
51762227 1 1
5179228867 0 0
5200757752 1 1
5200758344 1 1
520317679 0 0
521047737 0 0
5217724745 0 0
522301998 0 0
5235481609 1 1
524519179 0 0
5262343718 0 0
5266280797 0 0
526988126 1 1
52894339 1 1
5308325163 0 0
5308912420 0 0
53089202 0 0
5321126413 1 1
5327432211 0 0
5328041608 0 0
5334916373 0 0
5335200908 1 1
5351286932 1 1
5357496670 1 1
5358224687 0 0
5362934693 1 1
5374664782 0 0
5383925312 1 1
539378073 1 1
5396309757 1 1
5408565652 1 1
545290559 1 1
545290603 1 1
5462598753 0 0
5463206290 0 0
5465127317 1 1
5465726048 1 1
5475455929 1 1
5476054018 1 1
5479720381 0 0
547978296 1 1
547990446 0 0
5514785206 0 0
5524758483 0 0
5535911769 0 0
5543048251 1 1
554433427 0 0
5548403031 0 0
5548661419 0 0
5549017984 1 1
5551320449 0 0
5551337445 0 0
5551342403 0 0
5551854716 0 0
5551871976 1 1
555301046 0 0
5560956241 0 0
5560959057 0 0
5565890723 0 0
5603831271 0 0
5606308643 0 0
5606331041 1 1
5606452371 0 0
5606455475 1 1
5606458615 0 0
5606570191 0 0
5606686807 0 0
5606711621 0 0
5606769817 0 0
5606805169 0 0
5606826683 0 0
5606849395 0 0
5606860131 0 0
5606872685 0 0
5606903896 0 0
5607026860 1 1
5607030502 1 1
5607046668 1 1
5607164438 1 1
5607282178 1 1
5607358520 0 0
5607369372 0 0
5607397752 0 0
5607408170 0 0
5607415136 0 0
5607437994 1 1
5607441976 0 0
5616141819 0 0
5649955741 0 0
5659821727 0 0
5706828995 1 1
5707327880 1 1
5748249146 0 0
5749487472 0 0
5749556605 0 0
5749557061 1 1
5750101980 0 0
5750103392 0 0
5771714449 0 0
5790468364 0 0
5794793382 1 1
581499919 1 1
5816028263 0 0
5820610532 1 1
5826442530 0 0
5826583774 1 1
5847230041 0 0
5847237165 0 0
5847252239 0 0
5847588628 0 0
5847595634 0 0
5847596992 0 0
5847791652 0 0
5847806998 0 0
5847821562 0 0
5870752607 1 1
5878059521 1 1
5878612104 0 0
5894770273 0 0
5894802235 1 1
5913697002 0 0
5922444087 0 0
5922447627 0 0
5943046665 1 1
5967505612 0 0
5968232516 1 1
5981023902 0 0
5989339434 1 1
5989342760 1 1
59906949 1 1
5C44LBTX-0UykM 1 1
5T9_KlzbZPijNM 1 1
5iiKQe0t0XBRNM 1 1
5kOxdwCfKP1-VM 1 1
5kwBQDY-XiuOGM 1 1
5pKagvRozXVEDM 1 1
5w41ymXoiZk_tM 0 0
5wzkEY0FaUzmVM 1 1
6039836088 1 1
6046004473 0 0
6062021106 1 1
608yBU-5wElXuM 1 1
6090227637 1 1
6090253926 0 0
6096408923 1 1
61087289 1 1
6111371200 1 1
6122651282 0 0
6150962743 0 0
6153505974 0 0
6159151111 1 1
6159693326 0 0
6212311731 1 1
6214741693 1 1
6234007961 0 0
6249535631 1 1
6267378352 1 1
6276983474 1 1
6285774398 1 1
62Vegf5Z3HiWxM 1 1
6303328554 0 0
6311554044 0 0
6311694762 0 0
6360843407 0 0
6383866211 0 0
6419927081 1 1
645563664 0 0
6471796021 1 1
64966705 0 0
6506017617 1 1
6518135631 0 0
655442883 1 1
6567374223 0 0
6615305995 0 0
6621873423 0 0
6625632885 1 1
66666567 0 0
6699209867 0 0
6710548915 1 1
6710557705 0 0
6710562981 1 1
6710568861 0 0
6710574433 1 1
6710672707 1 1
6710685097 0 0
6710692677 0 0
6710695709 1 1
6710701603 0 0
6710715615 1 1
6710754191 0 0
6710769927 0 0
6710782161 0 0
6710815749 0 0
6710830555 0 0
6776529983 0 0
6776537199 0 0
6823287401 1 1
6848252508 1 1
6857171120 1 1
6858630309 1 1
6858669297 0 0
6868333860 1 1
6880051176 1 1
6907056621 1 1
6911325534 0 0
6913224749 0 0
6923985566 1 1
6928878487 0 0
6936803236 1 1
6940495257 0 0
694903 1 1
6951555122 0 0
6952698511 0 0
6954394219 0 0
6982453590 0 0
699560741 0 0
699661497 0 0
6B087oM7032FtM 1 1
6Ea27muSyJj8oM 1 1
6JKD7JuG5NkVIM 1 1
6Yuz0kV47crz6M 1 1
6_QJLGO7NAi0aM 1 1
6ikZyEHZJvaVzM 1 1
6kTQ7gDi7NjXkM 1 1
7004692896 1 1
7005287256 0 0
7014443925 1 1
7014444735 0 0
7019536029 0 0
7097624245 1 1
7168806645 0 0
7216685238 0 0
72256731 0 0
7277400948 0 0
7277402302 0 0
7277403450 0 0
7277404312 0 0
7356970850 0 0
7389060750 1 1
7389480860 1 1
7420433686 0 0
7421764604 0 0
7429652126 0 0
74337969 0 0
74455766 0 0
7516850408 1 1
7516851014 1 1
7526511706 0 0
7533195324 1 1
7533195526 0 0
7541347952 1 1
7583525818 1 1
7632512762 1 1
7633828014 0 0
76719505 1 1
76719621 1 1
76719702 0 0
76719723 0 0
76719787 1 1
76719813 1 1
7674150754 0 0
7676854986 1 1
7720816684 1 1
7722845940 0 0
7727167692 0 0
774861445 0 0
7779330320 0 0
7781601572 1 1
7845051774 1 1
7847503784 0 0
7862607626 0 0
7868097622 1 1
7880662946 1 1
7913156166 0 0
7927652626 0 0
792956130 0 0
792976925 0 0
7932187414 1 1
7932425144 0 0
7932429770 1 1
7932433172 1 1
7932435542 1 1
7932436344 0 0
7932438378 1 1
7932441874 1 1
7932442828 1 1
7932450356 0 0
7932452090 0 0
79XU-bJ2omcqPM 0 0
7MVQV9okreTKUM 1 1
7Rjt3ynLEK84oM 1 1
7RsUPhTzpLlIbM 1 1
7hcBQ_6A7nr-rM 1 1
7niNa9m-bRDWvM 0 0
7oAwZ9VN59_tdM 0 0
7z76k3Dn42uHIM 1 1
8014166224 1 1
8021407262 0 0
8022233633 1 1
8022233775 1 1
8022234396 1 1
8022237142 1 1
8022295056 1 1
8036197845 1 1
8039306187 0 0
8040088025 0 0
8061250970 1 1
8069030610 1 1
8086531654 0 0
8088702957 1 1
8105727593 0 0
81133167 1 1
81133170 1 1
81133172 1 1
81133173 0 0
81133174 1 1
81160855 1 1
81192669 0 0
81212515 1 1
81212517 1 1
81232832 1 1
81268753 1 1
8185941265 1 1
8187602541 0 0
8204218459 0 0
8212213699 0 0
8235763299 1 1
8238636033 1 1
8238640015 0 0
8239704082 1 1
8247039445 0 0
8247053027 0 0
8248116898 0 0
8248119390 0 0
8268478004 1 1
8286992451 0 0
82gWgbsR_XOiiM 0 0
8316273718 1 1
8319635662 0 0
83269205 1 1
8349797015 0 0
8393141165 1 1
84005297 1 1
84005452 0 0
8403440289 0 0
8405850535 1 1
8405850585 1 1
8415186384 0 0
8433932991 0 0
8435667282 0 0
8450106409 1 1
8451199518 1 1
8457946851 0 0
8459728838 1 1
8464202998 0 0
8473025572 1 1
8474415172 1 1
8477475285 0 0
8483482193 1 1
8486726899 0 0
8487220100 1 1
8491143769 0 0
8501863929 0 0
8502690018 1 1
8502690394 1 1
8505395638 0 0
8512347641 0 0
8514004462 0 0
8518184862 0 0
8520154667 0 0
8539654879 1 1
8561781476 0 0
8584262111 0 0
8585362454 0 0
8594825100 1 1
8608296670 1 1
8623291626 0 0
8638100486 1 1
86438765 0 0
8650929111 0 0
8652034772 0 0
8652040344 0 0
8659132643 0 0
8660233710 0 0
8660234138 0 0
8660324686 1 1
8663338435 1 1
8687267982 0 0
8688682164 0 0
8689099278 1 1
8694682857 1 1
8697849395 1 1
8733298291 1 1
8743738950 1 1
87500100 1 1
87681287 0 0
87855566 0 0
8796810101 0 0
87yo8CaldioKwM 1 1
88016437 1 1
883364209 0 0
8876225729 0 0
8881764504 0 0
8904151150 0 0
8905236259 0 0
8905783562 0 0
8905956888 1 1
8928443929 0 0
8928537511 1 1
8929025816 0 0
8929105576 0 0
8953073099 0 0
8CDY9dlh36IvFM 1 1
8CWSdnTGoja1oM 1 1
8FiX11O2Tzt6AM 1 1
8Oo5Xcylq0SvVM 0 0
8acq-LPKlAr9nM 1 1
8edkh-Mkig39SM 0 0
8fsuP6H3dR8KLM 1 1
8h0uO61i-meKIM 0 0
8lAAxCc8PtzqdM 0 0
9031597030 0 0
9092047943 0 0
90j0aAFSQw1AfM 0 0
9111065781 0 0
9167539203 0 0
9167544773 0 0
9167564005 0 0
9169758020 0 0
9169761904 0 0
9169771398 1 1
9172548640 0 0
9179528772 0 0
9183015363 0 0
9216004720 0 0
9257399977 0 0
9260253792 0 0
9267542560 1 1
931364472 1 1
931364494 1 1
931364636 1 1
9324074388 0 0
93492241 0 0
9362616438 0 0
9362740615 0 0
93WbkLVtZai9IM 1 1
9423118573 1 1
9487064844 1 1
9506477774 0 0
9565456540 1 1
9578170744 1 1
957820950 0 0
9586116979 0 0
96175869 1 1
9617700599 1 1
9626304544 0 0
9640031169 0 0
9640032637 0 0
9640033299 0 0
9640033859 0 0
9643256532 0 0
9643263554 0 0
9643266092 0 0
9643267504 1 1
9782968131 0 0
9782979392 0 0
9783165284 0 0
9783173956 0 0
9783236233 0 0
9787270186 0 0
981852557 0 0
982694366 0 0
9845133405 0 0
996926502 1 1
9AtPpI44wQD1lM 1 1
9B9mwlN4MFPw9M 0 0
9Fd4BIuA4Qfn1M 1 1
9Kc2EnFuNZeHTM 1 1
9LTazHYTr8P2qM 0 0
9U1JwSdkMyWpzM 0 0
9ULKV7J1AQ6NbM 0 0
9YQflBPlXU2luM 0 0
9ZIJ2dI_CLAnxM 1 1
9_MCGaIQ8QSn_M 1 1
9_wC_oE7vsPL-M 1 1
9e-EMkrNjHa2ZM 1 1
9fljQVvyl0VbDM 0 0
9z95p48FY7pjJM 0 0
A6S0Tk0Myzgw3M 1 1
AGlmyU6_n7C2rM 1 1
AKPUHqEHFtNiaM 1 1
APKp1StI701sIM 1 1
AQRamtfKELmd7M 1 1
ARBC4nOPY0lSNM 0 0
AXwl24rbOGmXFM 1 1
AZsPVpWE4_B5uM 0 0
Ae39hx8gMEjSAM 0 0
Ag5qdqVY870_nM 0 0
AocbnCPGXotlVM 1 1
ApGaJ6D3lt2vnM 1 1
Asct9o_TATOg0M 0 0
Av5ydjwYaognGM 1 1
B8c-GD8T_3z4sM 0 0
BBGgJejlFq1bfM 0 0
BCMpyplsUinnrM 0 0
BFbRwtLjKz0tSM 1 1
BMDh7lAWrwgbMM 0 0
BN9wzY01nR9lOM 1 1
BTVE0hXtwE-VRM 0 0
BV9xjTX24LignM 1 1
BgZV6MeVEFeFLM 0 0
BmSfE4MfZU1-JM 1 1
C5azPEd801stjM 1 1
C9k3CbyNWzzaYM 0 0
CDv7wt_GODUVCM 1 1
CT2tnPwbwjmbgM 1 1
CVk2oa12i_MYfM 0 0
CZyo2FlDsstLzM 1 1
CoEs3M9NbmiGeM 0 0
CsYkrwABJiUJTM 1 1
CtxlUX54JFI0pM 0 0
D7oKml-8mB7DgM 1 1
DCjRs2UGpr8fIM 0 0
DHF2VEG_kYCrGM 0 0
DZTvfNzCb_BQ2M 0 0
DlW14Rjr22Z5OM 0 0
DpsRalrNXB0YIM 0 0
DwURTass5opS7M 1 1
E3lQ_SEpFuZ1SM 1 1
E50v-ijh057GGM 1 1
EFf1VOY1BiUEEM 0 0
EHoF3ceIFATHKM 1 1
EJ2BgTBlCXepDM 1 1
EPXuFay2J9V0gM 0 0
ETHpGO9rCNgemM 1 1
EYLJuIUx--Cn6M 1 1
Ea_hCrglTQUEhM 1 1
EmUgGlar7geL0M 1 1
Epdi9pmAjo1mbM 1 1
Esy3_08lAPTr4M 1 1
Ezxde83fu5c5DM 0 0
FHKp108JIFjT9M 1 1
FHuHbLeAAWwk-M 0 0
FIBr9OQNFsaMvM 1 1
FRyTQrIohfewgM 0 0
F_sjJkDN9aaAtM 1 1
Fg15fnY1SIFQxM 1 1
Fkr7tuLa-271SM 0 0
FqatvQ2aNC2DrM 1 1
FqfzfYY4lhD08M 1 1
FtW50Hy7UveASM 0 0
GMirrLzgENkeXM 0 0
GNKI2IubAKkaOM 1 1
Ge8TUZ2cANiW-M 0 0
GgsowVwbXfMyIM 0 0
GlYnoQnqwDH1LM 1 1
GsIoqE_hI9VfXM 0 0
GxbW4pKNVWYLHM 1 1
HBtoW2W1F10HqM 1 1
HFkOs-qyXZukwM 0 0
HQo3pcUqwv4seM 0 0
HXuDEJ6wUBFRyM 1 1
HZ6RpZD0ctBvHM 1 1
HmG1hGIS2vcSAM 1 1
HpjHDhgs6sgqcM 1 1
HtbOlw8ItsZojM 0 0
Hx0CLefP3vUlCM 0 0
Hzz7cJXyR1434M 1 1
I88v_fm2IFvU3M 1 1
I9mBGi-k2eZVgM 0 0
IAnIjy9koytlyM 0 0
IErZzG-6a1P8bM 1 1
IFQSh4pqIjObiM 0 0
IR3K4i8DY2SmmM 0 0
Id55HKg-SI-5cM 1 1
IdPn0BMXvPFo5M 0 0
ImI93JmV64JsqM 0 0
J47yI8I1Nmcg_M 0 0
J9DHWm9-5q5oWM 1 1
JKdNtb5bp-5xpM 0 0
JMEGYs3I-IUW7M 0 0
JnW_wy-Bwqx1mM 0 0
JuJjrGlgPmITTM 0 0
JzfLTJaWJeBeDM 0 0
K2BEZi63cmQy1M 1 1
K2YDey2xW6hfBM 0 0
K3SXAYl-S0d_TM 1 1
K9ut-TejqeoZaM 0 0
KBymMiKYI7qODM 0 0
KFzcPh0NaVmBNM 1 1
KGewozyG2zl-eM 0 0
KJUUH_IQh7FIKM 0 0
KTE8hIGf4IF1qM 1 1
KcWc_qNWHj8JUM 0 0
Ke088JEPXRrYCM 1 1
KeVuIYzD9zY9MM 1 1
Kj7-pjkKyQolmM 1 1
KrVBp3OmW19C6M 1 1
KydtjBGaGsxM_M 1 1
L0SjqEErcYO9RM 0 0
LDummMQ-7WWi-M 0 0
LGhmIiO2_k6WsM 0 0
LLRskEZp62nsJM 1 1
LklX6teu7UFCTM 1 1
Ll6-_z3STV3hLM 1 1
LpIt8BgkiJ2S2M 0 0
Lv_dSFOESGvpWM 1 1
Ly-9E-NVapga8M 1 1
M6MLzOMkNmTsLM 1 1
MNkXnT0crla1DM 1 1
MRTRP2RleI79wM 1 1
MfGKt3YIifVFuM 0 0
MltYLl9pDds5xM 1 1
MrrDqdFt7m7PEM 0 0
N-9DpoKU5-kQNM 1 1
N07NLvAIyY7C5M 1 1
N12rfgrhle4CLM 1 1
N1KxR3nqPCPC3M 1 1
NHk69oLsg9QOtM 0 0
NMJ0A8YgMQW25M 1 1
NPNDdjPW89e2hM 1 1
NPPp79Knf3pxwM 0 0
NUsaO0L9Y8gPRM 0 0
NZcDM8RLq8hYJM 0 0
NblPsZgdItTBwM 1 1
Ngh8rkRsT4dATM 1 1
NhZNQM8BPgeLUM 1 1
NnZDBYB3y4I_hM 0 0
Nsgg2phFCjOFZM 0 0
NxSIrs0LgcTydM 1 1
O3ue4AzwjmQmDM 0 0
O5ZiYOkxLlifnM 1 1
OApVgF05wTTwhM 1 1
OGhmD8y9l0sEkM 0 0
OLcUEFJ6fisB9M 0 0
OLt5fH9NSR52lM 1 1
ONjw64tQZ-YlhM 1 1
OQBwi_usVSDmBM 1 1
ORiqGquKsEOJyM 1 1
Oj6zgdoaiWzbyM 1 1
OknO3DA2R8WCZM 1 1
Ol0AH9wC4hQFVM 0 0
P9mz4laRkYJKKM 1 1
PFe2lV4AL936HM 1 1
PML5n6dOYSECMM 0 0
PWOGSaIfUpxKqM 0 0
PWsnO1UJ-B-2RM 1 1
P_6qW2RuWoSqTM 0 0
PqwJ_37IhCXMvM 1 1
Pz_mMi0JaJidnM 1 1
Pzyy0Sli-v9fcM 1 1
Q94cJRfeFbZckM 1 1
QAMniBdJLddcFM 0 0
QGkTdtbeDkGKgM 0 0
QH6aToFxGuZApM 0 0
QHhAGEm2kM7YGM 1 1
QK4uBq32klRQCM 1 1
QKRgRs7a0lw9ZM 1 1
QTN_ZagqiYAe_M 1 1
QVMkhO0nc4r6eM 0 0
Qb54cAc3Dykw0M 0 0
QcBmcoXaL9-MtM 0 0
QpuYFZiMscLywM 0 0
R-O1xX9mN427zM 1 1
R-ozcA9Nhhn8zM 0 0
R4qaw4U6zgSXdM 0 0
R8cbIWz6BNw1wM 0 0
RBFRyaMBL_aYLM 0 0
RFd4fUCdiin3nM 1 1
RGpzLxW6mFy7oM 0 0
RHBVLxdS5zLgPM 1 1
RJ2dc8EYbBh17M 1 1
RP7lX2VmQpqHXM 1 1
RS5gCUL7EjN07M 1 1
Rbz5FGMPgPleXM 1 1
RqLAEKo-x2Xq6M 1 1
RwupcdLeb3tS3M 0 0
RyZxIEAG5CCTIM 0 0
S9gFkyB2wd6u4M 1 1
S9kAOilOLexOQM 1 1
SEpRMIy3FLmAdM 1 1
SMFkgMfKru5EZM 0 0
SOy1lI-UgLbzWM 1 1
SSuCi47ZTPkIgM 0 0
SUWH5GWG6KRCgM 0 0
SVdqUUIk4QaBJM 0 0
SdqkTv1Y6RP43M 0 0
SirJyhrZEwCLOM 1 1
Sl6RmfqJbx5PUM 1 1
Stw41TxHVPYbuM 0 0
SwWwJ_LTqOugGM 1 1
SyJZkyKVkTugHM 0 0
TBJmJtiAgANztM 0 0
TJmQDCnFN4zD3M 1 1
TPMb3vXuStnpGM 0 0
TTI5CpxjZbWM7M 1 1
TUrzAF9gDQbtLM 1 1
Tgh4KovXF4urfM 1 1
Trgfo63O85wOSM 1 1
U89oIrlm8MRzTM 1 1
UB0FdQzMjjPWlM 1 1
UI_DAcHJnnHNNM 1 1
UIeNWowxWPsIFM 0 0
UMHvwUFUTlWxAM 1 1
UNNE72c1xAO2CM 1 1
UnxBWIWMRcbSbM 1 1
UuZ3aAULdJ5VGM 1 1
UxWXC4gDbmsjdM 0 0
V1b-0nnWjQpcWM 1 1
VICG50fThxMTpM 0 0
VMKNokFrd3LueM 1 1
VUHsfpIRRW9vQM 0 0
Vu_ZtRMOxMpZnM 0 0
W1CKrCjoCgnyHM 1 1
W5iCbyAIqWdRmM 1 1
W6TtcCljQB3eqM 0 0
W7fT1NVVh2DbVM 0 0
W8G0mmfRCpyDFM 0 0
WSNA-alYaejYaM 1 1
Wh3BK98vjt_LxM 0 0
WmbER3B-dBybQM 1 1
Wo51FtpeavuePM 0 0
Wo9zQhdkJUEa6M 1 1
WsjFdQDTSqjUxM 0 0
X24F3qiwVYamhM 1 1
X6Gq251aeM4R7M 1 1
XEXEavRy3ZewyM 1 1
XEhsi-SO8YUkyM 1 1
XGpJLBVS1-TW8M 0 0
XIpI9CQ28NjBkM 1 1
XYuWjE28-tl9YM 1 1
XjO0TY7BLNRJaM 0 0
Xjsbg-px36txYM 1 1
XmzLKCAfnp0qxM 0 0
Y-NzCKT5RbfwpM 0 0
Y8DIh3Dwu2Fh1M 0 0
YIXgeqZCAFon5M 0 0
YWI5TIojI4rwhM 1 1
YXB5l42JrkY6KM 0 0
YZPNQ_vHyFieTM 0 0
YaravzF7Gv-RkM 0 0
Ye0QtidyLhd5PM 0 0
Ye6SlS-ZCVPUsM 1 1
Ye7fxN8_lun2_M 1 1
YhXT-yzVJly6ZM 0 0
YzuJKq761BOR-M 1 1
ZB1xREkxAZdc_M 1 1
ZBFQS8p_v1tAfM 1 1
ZHVYTEV20WypIM 1 1
ZQ_2_3E6bs-NBM 0 0
ZSl-V9QTg2FNDM 1 1
ZTeWl-SgmTOPMM 1 1
ZfCV_55Elpz51M 0 0
ZipM_Lm9dXXnHM 1 1
ZoLvphrJaRz78M 1 1
ZosKFf5aNIKnRM 0 0
Zqc97uie1nlkrM 0 0
Zx_cwebb882vyM 0 0
ZxlQwMKvuLhMzM 0 0
ZzG-i6yoxLKwoM 0 0
_0qfLGTgGQ4ciM 1 1
_5ZsAy3YhKc76M 1 1
_ECndpR9Gq3U5M 1 1
_F6Mc8J6KB-bSM 0 0
_IIBUKlyYFs1-M 0 0
_M_NqqdX2hpNKM 1 1
_Uur5d12n1oVgM 1 1
_j_IBU-K_4WHNM 1 1
_v7JzxuuQFptxM 1 1
a5A61mwJUvlutM 1 1
aS9G2LVNxJpfIM 1 1
aYGp9OL9BFYn3M 1 1
abKSkHosEqGSrM 1 1
abKW6xTzFEH-6M 1 1
ad9KSDxLzHbSqM 1 1
ai5YGAX-CfE_OM 1 1
apqkBLJ36NSVPM 0 0
atXo_rEo-LTKtM 0 0
b-l4FaNruV0MyM 0 0
b8VoOHiYFLVq0M 0 0
b9TtLCfbqFQMdM 1 1
bDPMfm5oiMBH5M 0 0
bDq_PNfEuxS-1M 1 1
bIY_k2L7xAj05M 1 1
bIiz0tjUZAZiiM 0 0
bNp2Kw2ZQAVWbM 0 0
bW1xSnkEql7OfM 1 1
bjgtoI81utZ3eM 0 0
bnsojeYOGIu5cM 0 0
boe4zVwJdvz9vM 1 1
btjnmV8SqgZ9VM 1 1
bvt_dpuavxQ0AM 1 1
cK9HwkWp2YKqRM 0 0
cOdMQRYIHjM1nM 0 0
cVjsI5PGz3vAxM 1 1
ccsEujupjd_CBM 1 1
cpdrAovflKwH5M 1 1
crgtEZ6LBPbE1M 1 1
cu_7ST80hnEx4M 1 1
cw4tuc1jhc8XGM 1 1
cxdjt0XR9i2iXM 1 1
cyX7GB9oZUjzHM 0 0
d9W2XJHvBexUiM 1 1
dAn8vt--cj4kNM 1 1
dJ_mSPRBo4HEFM 1 1
dNvtA2H_gL55mM 1 1
dc--e-j-ui6YZM 1 1
dxZ1LdwNyrAVhM 0 0
e2oPLmsJF5AJ3M 0 0
e7nh0Lqlb35OsM 1 1
eEaeQhLB07wmeM 0 0
eFFPPHgy_PWyqM 1 1
eHBtcH1xAFBpIM 0 0
eNasVQr44EQ_PM 1 1
ebS5CDFv2_8rLM 1 1
eeb2-5fDQHtZpM 1 1
emEJeF52Ew0_YM 1 1
erOqhsrYW_lAFM 1 1
evT2SWMhA6TtOM 1 1
exbcyzHGdkzhVM 1 1
eyGt5egMNWQKrM 1 1
eyTkfo5U9_3n8M 1 1
f0hvWhe9EOYWSM 1 1
f0zSjftw4AS3tM 1 1
f3WDOONxTlJQbM 1 1
f41jm1JklWvaGM 0 0
f51B4N3QmNd6eM 0 0
f86baQX01no2KM 0 0
f8yCh2Pcl-0IeM 0 0
fSvu_Aue7e10pM 0 0
fVAqqJRxmhxYlM 1 1
fdXJ7eDKGSNM0M 0 0
fpeSYbwCnhHP5M 0 0
gCHIRE1omWKdbM 1 1
gFOq99z21TYiZM 0 0
gQyV6s97248BEM 0 0
gYXUIhYuKFJq2M 0 0
gboiXsgnFOp-KM 1 1
ghUkrhBwS9H8GM 1 1
gv3L3RMO__Wk2M 1 1
gviyt4B-uAUJNM 1 1
gx_UJjsnfrwToM 0 0
hExt4F1KVsLjJM 1 1
hHLlGLrdnqtEHM 0 0
hKWIBQkrxEzAxM 1 1
hP51qrLzEltQ_M 1 1
hPGwIFiKYTwMZM 1 1
hZ2lvpHgfgfOxM 1 1
h_Cn7kPmpYfHfM 0 0
hePHIDzPBGd7aM 0 0
heq01nOOPCV_lM 0 0
hgIDitUnzZ6cMM 1 1
hgYSnTEmoSMFnM 0 0
hiYFLNOAK5F6GM 1 1
hisUkoIkc3Ni7M 1 1
hkkRbt7zE-RbMM 0 0
i9erYo5SWmf1gM 0 0
iGgMo0zsQVmIfM 1 1
iN7zxLikvHd-yM 1 1
iS6zWyEprP22oM 0 0
ievsvNzgc6bLEM 1 1
ij-5ZxUIdTZSZM 0 0
ik4zPaIQmu6AjM 0 0
itE2NMkfnG3olM 0 0
iyOmUGbN0mCY3M 0 0
j-zUv-_efr_LMM 0 0
j5uBay-R1zv3WM 1 1
jCrL1mu5JHQJMM 1 1
jGQkEjjTSHrZ3M 0 0
jIP73DQL5jOkZM 1 1
jJpA_im9UCW0_M 0 0
jK7lOVyxsniGXM 1 1
jTlv9k5NGuS3ZM 1 1
jUbj95IOLVfQ6M 1 1
jaa2yCPA29jCdM 0 0
jd0GUhyaDrmYrM 0 0
ji6l84kvDSyu3M 1 1
jjQ4Fa5s7qv35M 0 0
jsPT14JPziEQeM 1 1
jssBnQ8SpjcncM 1 1
k0OGqEW5XHMNIM 1 1
kB3n9K-cOtnjrM 0 0
kCPbYYxS_I86nM 1 1
kDapP0o24ryQgM 0 0
kGfWhYoDiDBF0M 1 1
kJKOyJiMn20YuM 0 0
kTvAC11VmbmU3M 1 1
kZvfzGK4nfiwFM 0 0
k_wVHszfAatKlM 0 0
kfwEcH-0cuiZ0M 1 1
kkaTRxM_-JnrpM 1 1
klZkTPqhqTWkjM 1 1
ky01U2C_4ecmJM 1 1
l-epVh6fiD6pEM 1 1
l01CRqxBixjzUM 1 1
l5RyuTjd6ZE1YM 1 1
l6OuI_PTPvb1pM 0 0
lDc9c73gLug7TM 0 0
lEmnTo4AkyEvJM 1 1
lI_ZXUP9pQyqIM 1 1
lYdyWDtaKA_1iM 0 0
lYecDZmPa2L6ZM 0 0
lYqR7IRXMBexJM 0 0
leHGnWM3VcdkjM 0 0
lgGn1a0uhIcZfM 1 1
lsKZ12DTk1f9kM 0 0
lvRXqgWZbr6reM 1 1
m23za5H7BJz8YM 0 0
mGihbMMe_RkGAM 1 1
mMFyCAbHtHFZfM 0 0
mMxzH6gTHslcCM 0 0
mNt2uzrrkqxHJM 0 0
mXWKPMCeBpjUTM 0 0
mXpbKjfXqn1e-M 1 1
mZV_1cEnqNSOsM 0 0
mfVGyNolDI8IlM 0 0
mkygDORXmUxGWM 0 0
mnQz31tw_MkPEM 1 1
mzMPeqDpeEhN6M 1 1
nGeV6Gckr1nA8M 1 1
nOPIQHQ7JjMHqM 1 1
nPNm08XiAKs-aM 1 1
nUWQBkaWw7GJZM 1 1
nV2TH7ng2eZvRM 0 0
nW7nwVfvwyfvZM 1 1
na6D8Cg1v1iIMM 1 1
nbmiTzdDrcSkcM 0 0
njXFLy8eyHm9fM 1 1
nk7_UK1ruR10aM 1 1
nkVrUhoGnX1zbM 1 1
nvIY7AiG7oJhGM 1 1
nwNlHtWV4ovMAM 0 0
o-ydlOatp3F-pM 1 1
o-zve3TogWC4HM 0 0
o3e5sJt2xMlEeM 1 1
o5cogkRlTj6ATM 1 1
o8Xeov_6hHAH7M 0 0
oJQR73hxarSivM 1 1
oJXIemL_mEiTWM 1 1
oOAwJ5Y2mTieyM 1 1
oRpaZrvIzfuMTM 1 1
oc5C9ZRS_k2IJM 0 0
pAcd0j6q6itsVM 1 1
pKi6ZrmpkgU0YM 1 1
pLQ45FJxJWLqQM 0 0
pVaPXgQRUtN9yM 0 0
pZkNCxwO2ddsSM 1 1
pa8coDsXVgrVEM 1 1
pgtCJKrFSCIHyM 0 0
phkHEaMIjhuNGM 0 0
plGnPu2euDRVxM 1 1
pmszpRMkxl9BtM 0 0
pzUHlzLlVKjH7M 1 1
qCvWIk8NdmlGbM 1 1
qGRrHLaN6Bqc7M 1 1
qGkLez3dcDXv-M 0 0
qP8vufrlx7G7EM 0 0
qXZi4VpWVEzEjM 1 1
qXl3uHXwjkwkfM 0 0
qcW_HtMyqVFtuM 0 0
qe8LW0TqakaNGM 0 0
qk2JP-ShPDX65M 0 0
qpTO4LaZzTYe2M 1 1
qtBu-4I9SQkOHM 0 0
quRYSAu8KT7RLM 0 0
r-D6HfV5LIyNCM 0 0
r06e8rrZsvI4lM 1 1
rH5POe3uMMo_YM 1 1
rKdna8KZi5yDyM 0 0
rUbnzD1eqkXckM 1 1
rgH9rpFS1c4WMM 1 1
rkBbAm1in1YGdM 1 1
rlA66rk3TddhWM 0 0
ruSGbhEnU-5rQM 1 1
ruV1oLRAB4ZpgM 1 1
s4hynu1QSqln7M 0 0
s84iuUM7I0rwBM 0 0
sEGI-4ruOreJ4M 1 1
sIbS-KNlQT2BJM 1 1
sOGffoo-vtAacM 0 0
sQottWBr1-cqMM 0 0
sRKsndxfUdORAM 1 1
sTJCrtUDfgNZnM 1 1
sdEXRftoHIVAeM 1 1
sdYRDE21f2CTDM 1 1
sfueEXny4yu0MM 1 1
si9fxWlABAOBqM 0 0
sv614WbW8aKRaM 1 1
swylFIbuKOy5GM 0 0
syIn5LsDb8ZBAM 1 1
t5P9uKLUTg6n8M 1 1
tBlkrQMnAn3Q7M 0 0
tGJ1tlXu1e5A1M 0 0
tOySfnIGd1sizM 1 1
tP47RxJbD3-TnM 0 0
tS4eiddnG4pmSM 1 1
tTTXXUzA4NDPeM 1 1
tUrgYENvmN2PmM 1 1
tX6cDpo0qioYbM 1 1
tYxW8mmVikMBqM 1 1
tdeKhd9NJ37GYM 1 1
tsI080k3_xM1FM 0 0
ttLby6nvDV7IqM 1 1
tvAqXsXyh7_f4M 1 1
typrlvB3Z_RKPM 0 0
u0qj-9fn6u4kuM 1 1
u4Hpo26KuZ-ENM 1 1
u6t3S_5tG90oUM 0 0
uPXP9s7StDYM5M 0 0
uRQO-iQe43NxgM 1 1
ua-lpnyDNxlWkM 0 0
uibcBFngmWmnqM 1 1
um3CAEwzny2qcM 1 1
uyARraO21ffdzM 0 0
v12VEzaX9jrr4M 0 0
v4u0fjqgdfZFoM 0 0
vPe_RW9LbQoA8M 1 1
vSEb3TPfweNVwM 0 0
vj2H0iTNgRmdOM 1 1
vpn8s2z3iYKmXM 0 0
w1A9pc2K-MrKtM 0 0
w5ZRhUWQElfE1M 1 1
w6aQFsbP8AtkdM 0 0
wcbPWrbC-pRDyM 1 1
wfspQu15l1WTlM 0 0
wksEq1Zv1KZFKM 0 0
wrPvVXf8Rfoe4M 0 0
ws-LJmO5eS9SfM 1 1
wwCKysWF17da-M 0 0
x02Vt7w-DgPhxM 1 1
x5fN9Tah1MjpCM 1 1
x7yNtcAKPu217M 1 1
xHTQa5K_jagKCM 1 1
xId9-J_vwtrlSM 1 1
xNOmrdUZLpmY_M 1 1
xYfmBBRSGK8ufM 1 1
xcRCYbqiYaxdqM 1 1
xe3cq7PnqBkDuM 0 0
xe4yhJZAfAYcLM 1 1
xqfTOvRzmCV4yM 1 1
xrSvUxMcfT4GxM 1 1
xso-4IxbButzmM 0 0
xtjzhN63ZVmPsM 1 1
xzEYor9kE6lyXM 1 1
xzxhvBQ6C324xM 1 1
yUz_K1TpO7RYOM 1 1
ylLmAwrtYmNF3M 0 0
ymXkGY_B1-N3XM 1 1
yp8YaLxPFnt5wM 1 1
yyruzeqTeVq3LM 0 0
yznyAfXNfI-xeM 0 0
z0KocS7rWQgR0M 1 1
z3_WvEeoeXQmHM 1 1
z7s6zy2JgQZY-M 1 1
zBF-Qos9KRYReM 0 0
zKJMMP6_tUrKZM 0 0
zSRCNYq93QHZrM 1 1
zWAEGa8_7UOKBM 1 1
