-GKwp1yVjpibyM 1 1
-KB7XUS7oslkjM 1 1
-SESSXfTf7DiCM 1 1
-TWgi_5ziOwuIM 0 0
-W74jrsfNWqOlM 1 1
-XAKr0LuRZr1qM 1 1
-XLa4AgR__XVdM 1 1
-YsCnA3HICbX9M 1 1
-fAohMsrp228MM 1 1
-fYjZ9EToleo1M 1 1
-nKwU5jpGVzKlM 1 1
-ogHDnpmq14tvM 1 1
-wrYKe74iSNF-M 1 1
040q1NtzRpZlvM 1 1
0AdIYrnD2hP6tM 1 1
0_IZpC2nvB5a7M 1 1
0_UOQuTCMxYLYM 1 1
0cZrWRD5q0QAIM 1 1
0v5v2khNateevM 1 1
10030920843 1 1
10082575424 1 1
10082652446 1 1
10082655646 0 0
10226801984 1 1
10226805664 1 1
10226809514 1 1
10226888875 1 1
10226908145 1 1
10226999053 1 1
10511862403 0 0
10714841905 1 1
10714915584 1 1
10714997786 1 1
10728815205 1 1
1086568291 1 1
1087427720 1 1
11142717424 1 1
1133873371 1 1
1134718464 1 1
114704835 1 1
11477212 0 0
116261967 1 1
116262119 1 1
116774186 1 1
116774631 1 1
11789832154 1 1
11827924453 1 1
118e1nnpb17ePM 1 1
11974512966 1 1
12280693646 1 1
1254559568 0 0
12852931 1 1
12nyiim24DftYM 1 1
130257310 1 1
13203567585 1 1
133780548 1 1
133906436 1 1
133911238 1 1
13458038864 1 1
1353613508 1 1
13674209585 1 1
13786184764 1 1
13796291915 1 1
1382762149 1 1
1382785193 1 1
1401955509 1 1
1402697291 1 1
1402846110 1 1
1402846648 1 1
1402849936 1 1
1402850790 1 1
14118941185 1 1
1417830490 1 1
1424342359 1 1
14397661430 1 1
14397724759 1 1
144826379 1 1
145158925 1 1
14561267006 1 1
14561267886 1 1
14561267906 1 1
14584309455 1 1
14584310155 1 1
14918410652 1 1
14932259714 1 1
15279157357 1 1
15285200410 1 1
15285213020 1 1
15285601428 1 1
154274648 1 1
15455383536 1 1
15471543112 1 1
15534070331 1 1
16013044 1 1
16013056 1 1
16037003087 1 1
163540795 1 1
16572281608 1 1
16654735684 1 1
16656959733 1 1
16656965243 1 1
16743553930 1 1
167859184 1 1
16809804735 1 1
16995833678 1 1
16997414289 1 1
16epbkqQb-5atM 1 1
17183586825 1 1
17200697652 1 1
17276719141 1 1
17277179735 1 1
17277185835 1 1
183334650 1 1
184998138 1 1
18883716518 1 1
19074618531 1 1
19143504278 1 1
19886861743 1 1
1A4fwBDUCbXTrM 1 1
1BBb9pEgFEYLgM 1 1
1C5qi0LG1HwpHM 1 1
1gLqPq5_yhBZUM 1 1
1hddIpXGgpKdYM 1 1
1ikSRWXsJuaGZM 1 1
1nCeu_jFMzKCPM 1 1
1vMWS1YJwDJXgM 1 1
1vxzTGJ1aQmvzM 1 1
1yMpTe6ycWdguM 1 1
20312644260 1 1
20443385851 0 0
20474511036 1 1
2051531648 1 1
20527449298 1 1
2061265052 1 1
2061276092 1 1
207142387 1 1
207143127 1 1
211451116 1 1
2118479703 1 1
214429382 1 1
214430735 1 1
2147499790 1 1
215345777 1 1
215349177 1 1
215357488 1 1
215358579 0 0
21637700763 1 1
2204254183 1 1
2204256399 1 1
2222291541 1 1
2222306379 1 1
2226970360 1 1
2232832542 1 1
2237534044 1 1
223889503 1 1
22449597210 1 1
2249268330 1 1
2263051743 1 1
226610431 1 1
226610632 1 1
226610789 1 1
226610967 1 1
2274692849 1 1
227984408 1 1
2323284277 1 1
2336173584 1 1
2340648699 1 1
2341479406 1 1
2349947720 1 1
23786162204 1 1
23787583093 1 1
2396957024 1 1
2412065949 1 1
2413361252 1 1
2428939435 1 1
24299295 1 1
24388129796 0 0
2446950598 1 1
2453713925 1 1
2454546808 1 1
24691633280 1 1
2476130047 1 1
2476941928 1 1
249289343 1 1
2499304090 1 1
2500344253 1 1
2500345651 1 1
2501173002 1 1
2501173490 1 1
2501176714 1 1
2501473349 1 1
251853607 1 1
2538044125 1 1
256627382 1 1
2569177843 1 1
257284242 1 1
258935758 1 1
25906939340 1 1
26032486846 1 1
260982839 1 1
2614016441 1 1
2614847190 1 1
26218859484 1 1
262710825 1 1
2652747918 1 1
2655387859 1 1
2655393731 1 1
2655406605 1 1
2655412743 1 1
2655419437 1 1
2655424163 1 1
2655437779 1 1
2655440801 1 1
2655444211 1 1
2655447079 1 1
2655460339 1 1
2655463179 1 1
2656208934 1 1
2656211548 1 1
2656217398 1 1
2656222580 1 1
2656225110 1 1
2656227240 1 1
2656230250 1 1
2656236394 1 1
2656248868 1 1
2656256436 1 1
2656258548 1 1
2656261450 1 1
2656276796 1 1
2656279126 1 1
2656281170 1 1
2656283992 1 1
2656293112 1 1
268162322 1 1
2694738656 1 1
26991330352 1 1
2711477190 1 1
2720765131 1 1
2727236110 1 1
2769414733 1 1
280488788 1 1
28144246862 1 1
2881736027 1 1
2882402257 1 1
2898748512 0 0
290086222 1 1
2947379779 1 1
2948235196 1 1
29487384584 1 1
29487433423 1 1
29487491474 1 1
29487515314 1 1
29487605214 1 1
29487642764 1 1
29487663863 1 1
29487675424 1 1
29487720994 0 0
29487729143 1 1
29487767403 1 1
29487795043 1 1
29487810204 1 1
29487820703 1 1
29487844533 1 1
29487925514 1 1
29487940274 1 1
29487950724 1 1
29487960283 1 1
29487963184 1 1
2965589171 0 0
29794763545 1 1
29820712650 1 1
29820719670 1 1
29820859600 1 1
29820889980 1 1
29820939640 1 1
29820993020 1 1
29821005790 1 1
29821055810 1 1
29821096830 1 1
29821166110 1 1
29821246690 0 0
2Ew9WWDjWjTewM 1 1
2GyP7hBkcq00SM 1 1
2XtWMhSnq_kxFM 1 1
2YBW-Zlyh4yQhM 1 1
2g-zjYyK4ucG7M 1 1
2n5Xo0rFQ3OFaM 1 1
2sEBvydTAP390M 1 1
2saNa8CPAQyXLM 1 1
30001282002 1 1
30001360332 1 1
30001430732 1 1
30001538032 1 1
30001585572 1 1
30001666182 1 1
30001739972 1 1
30031532061 1 1
30031550831 1 1
30031677841 1 1
30031714011 1 1
30031748311 1 1
30031776811 1 1
30031804301 1 1
30031814861 1 1
30031897351 1 1
30032022171 1 1
30032041671 0 0
30032142211 1 1
30032231001 1 1
30032243671 1 1
30080729446 0 0
30080785316 1 1
30080938626 1 1
30080945966 1 1
30080974006 1 1
30081026716 1 1
30081074466 1 1
30081321736 1 1
30081457926 1 1
30115462315 1 1
30115473245 1 1
30115506565 1 1
30115530175 1 1
30115604505 1 1
30115979625 1 1
30116050045 1 1
30116133175 1 1
30116143625 1 1
30311407786 1 1
3040909446 1 1
3046645195 1 1
3074849871 1 1
3074857649 1 1
3074869221 1 1
3074869507 1 1
3075695046 1 1
3080037355 1 1
3084813151 1 1
3085652030 1 1
308618606 0 0
3104373957 1 1
3146612167 0 0
3146616255 1 1
3146624903 1 1
3147452550 1 1
3147475900 1 1
3161407360 1 1
3183512966 1 1
322790608 1 1
3239526965 1 1
32453213 1 1
3274332429 1 1
328m6CgdDVndwM 1 1
334985847 0 0
3355304098 1 1
3355557056 1 1
3357422602 1 1
3358046561 1 1
3358864704 1 1
3363607853 0 0
3390292491 1 1
3393131597 1 1
3395223070 1 1
3405685017 1 1
3405688907 1 1
3405693575 1 1
3406494696 1 1
3406498886 1 1
3406503100 1 1
3406504078 1 1
3424577176 1 1
3432081031 1 1
343465266 1 1
3461755081 1 1
3461755817 1 1
3462571526 1 1
3476966249 1 1
3476966543 1 1
3476967037 1 1
3477773486 1 1
3477773762 1 1
3481909355 1 1
3481909615 1 1
3482642862 1 1
3494255017 1 1
3494255965 1 1
3494256625 1 1
3495072196 1 1
3495072394 1 1
3495072500 1 1
3495073188 1 1
3538071382 1 1
3575341996 1 1
3575342006 1 1
3575342022 1 1
3575342028 1 1
3575342038 1 1
3580721297 1 1
3581533286 1 1
36025465 1 1
3625524846 1 1
3626116610 1 1
3638525203 0 0
3640691477 1 1
3657163547 1 1
3659149544 0 0
368729499 1 1
3691123291 1 1
3701341994 1 1
3703670110 1 1
371218307 0 0
3716901791 1 1
3716902241 1 1
3717716488 1 1
3717717072 1 1
3718511208 0 0
3726682425 1 1
3814982053 1 1
386991332 1 1
390637844 1 1
392608794 1 1
3949624369 1 1
3987936183 1 1
3B8Qi4yKEIRRmM 1 1
3Dt1DdT_Filq4M 1 1
3TVA4FbXj9lF2M 1 1
3Y7eBWdNqZbMUM 1 1
3hfpkcj9lylpUM 0 0
3it6rS3FOBywXM 1 1
3mCQFFzwTKlfLM 1 1
3rQDSnGZ7dtAvM 1 1
3x3v1M63-UQGOM 1 1
4020559377 1 1
4021319108 1 1
4021348900 1 1
403265986 1 1
412517915 1 1
412520522 1 1
4188873971 1 1
41vPT2yS-KS5IM 1 1
42-pmKv88MIQyM 1 1
4205019072 1 1
422362623 0 0
4233376299 1 1
4233376467 1 1
4233378195 1 1
4240724573 1 1
4240725279 1 1
4240727731 1 1
4240728335 1 1
4240729049 1 1
4240732079 1 1
4240732747 1 1
4240735173 1 1
4240736411 1 1
4240738339 1 1
4240739073 1 1
4240740285 1 1
4241500814 1 1
4241505122 0 0
4241505720 1 1
4241507008 1 1
4241508248 1 1
4241508936 1 1
4241510874 1 1
4241512146 1 1
4241512748 1 1
4241513476 1 1
4246015983 1 1
4252384920 1 1
4252385190 1 1
4258037166 1 1
426028264 1 1
4264128329 1 1
4317547174 1 1
4328099575 1 1
4328100475 1 1
4328831682 1 1
4328832820 1 1
4338381695 1 1
4338382207 1 1
4338382969 1 1
4338384099 1 1
4338385139 1 1
4338386847 1 1
4339115250 1 1
4339115796 0 0
4339123028 1 1
4339125438 1 1
4339126362 1 1
4339127544 1 1
4339129016 1 1
43514240 1 1
442035619 0 0
4434959180 1 1
4434959272 1 1
4434959380 1 1
4480905483 1 1
4497141849 1 1
4497789988 1 1
461634641 1 1
462357726 1 1
4639427009 0 0
4647580554 0 0
4657590116 1 1
467110201 1 1
4679032797 1 1
4731750437 1 1
4777865366 1 1
4781272544 1 1
4853130637 0 0
487400865 1 1
4875273706 1 1
488215265 1 1
4AidwSduS_oQXM 1 1
4Dge16DSGXRGSM 1 1
4EQVZz6JG33R1M 1 1
4Kjh1uZonMZ60M 1 1
4Q4zxNRYOZc-BM 1 1
4RZhlohYtF-9hM 1 1
4cdKB3I-c22rkM 1 1
4mBcGACyEWKuqM 1 1
4oQN7MDv8lPc1M 1 1
4pwTXjjBBN_M3M 0 0
4ubvI8AbzaMBfM 1 1
5019564779 0 0
50206722 1 1
502225038 1 1
50252355 1 1
50252378 1 1
50252421 1 1
50252434 1 1
50621204 1 1
50621420 1 1
50621643 1 1
50621673 1 1
50621983 0 0
50622042 1 1
5095409487 1 1
512818932 1 1
512822728 1 1
512826096 1 1
512834442 1 1
5146529235 1 1
518345615 1 1
518347013 1 1
5190181261 1 1
5213193896 1 1
5269746483 0 0
5270354354 1 1
5291345808 0 0
53161157 1 1
53371748 1 1
54149621 1 1
54149741 1 1
54149883 1 1
54150056 1 1
5422046292 1 1
5462355757 1 1
5462357517 1 1
5462960982 1 1
5499919463 1 1
5516312428 1 1
5521439609 1 1
5521440055 1 1
5521440439 1 1
5521505548 1 1
5522029564 1 1
5522030008 1 1
5536069127 1 1
5545676938 1 1
5545677280 1 1
5549396072 0 0
556W1vB5CryKjM 1 1
5575123614 1 1
558870099 1 1
5611746340 1 1
5651672501 1 1
5652236882 1 1
5776206689 1 1
5776745328 1 1
5776746786 1 1
583341103 1 1
5862140741 0 0
59196282 1 1
59346805 1 1
5AuWoIpzw4Q6XM 1 1
5GSVuU_6c0lMbM 1 1
5XbpPdCWaAC13M 1 1
5glb5ZHRrtyD4M 1 1
5hdUlEkg82wJzM 1 1
5i22nFICon-hzM 1 1
5nEGN2tCxFJOVM 1 1
5nL1XlXLuK__SM 1 1
5vO8Tsj8LUG-AM 1 1
5vP1QHGBijjpCM 1 1
6016156277 1 1
60iX9A59x7i0eM 1 1
60vKUJQICWG9cM 1 1
6161331755 0 0
6163204303 1 1
6165422769 1 1
6165978520 1 1
6233714807 1 1
6276957660 1 1
6295018951 1 1
62SY7G_cmayE-M 1 1
6314101155 0 0
6372273369 1 1
6372276459 1 1
6375316249 1 1
6536752653 1 1
6536753577 1 1
6542568909 1 1
6559117621 1 1
6783172801 1 1
6786053027 1 1
6786054619 1 1
6786065711 0 0
6786069711 1 1
6786072747 1 1
6786466237 0 0
6894077827 1 1
6901089058 1 1
6901089522 1 1
6901090196 1 1
6939241170 1 1
6947378478 1 1
6947379650 1 1
6947382630 1 1
6994975237 1 1
6995009257 1 1
69t4iCe6TaD4SM 1 1
6CC-JnyiO3gQ3M 1 1
6DGhAriMxA40sM 1 1
6MHp50gAsGD4RM 1 1
6MW9t4oqAGveMM 1 1
6Qi2AXHRwPPvKM 1 1
6RdnLuvxZlgCkM 1 1
6Sg45Fl7BgePsM 1 1
6abwTZgC2ztb0M 1 1
6i3TFftkPIX_2M 1 1
6kIjlyutHZr-4M 1 1
6m4DUQibnIJ8JM 1 1
6q4HIZhSwv62IM 1 1
6wjNAVtNH0FjBM 1 1
6xH-gufNT5O8zM 1 1
6yB7QY2aaAZ0_M 1 1
70184151 1 1
7047182653 1 1
7047183035 1 1
7047183393 0 0
7047185797 1 1
7073332703 1 1
7093451831 0 0
7103812829 1 1
71EmggGlBQbMcM 1 1
720472457 1 1
720494599 1 1
720547529 1 1
720553707 1 1
720560879 1 1
720592499 1 1
721313026 1 1
7219016078 1 1
7307099422 1 1
7436383564 1 1
7436384148 1 1
7436386270 0 0
7436387080 1 1
7498028918 1 1
7498029828 1 1
7498031276 1 1
7501355902 1 1
759ugHedfU-KzM 1 1
7623689616 1 1
7757886226 1 1
7805308328 1 1
7AZYbMh18ryPoM 1 1
7BrEWKPc561tMM 1 1
7DNKvwq-ID6NDM 1 1
7GFUcRN7XpP0-M 1 1
7MZdkNufuHPTuM 1 1
7Qb4Mdl151MqEM 1 1
7TqTwu4fbi7_yM 1 1
7UIB9fD5r5ay2M 0 0
7V2-MbWlCTzu9M 1 1
7XF_JP1xrHfCUM 1 1
7kpsD76Oc-1OJM 1 1
7qMM87CLfZsuQM 0 0
7rwuQ47L4YCutM 1 1
8003598665 1 1
8003598739 1 1
8003598903 1 1
8003598953 1 1
8003599075 1 1
8003600356 1 1
8003600492 0 0
8003600554 1 1
8003600732 1 1
8044996816 1 1
8109483089 1 1
8109980248 1 1
8180428397 1 1
8271439936 1 1
8282125851 1 1
8305036214 1 1
8305187548 1 1
8342347057 1 1
8342347253 1 1
8368356691 0 0
8453994802 0 0
8486849485 1 1
8487939260 1 1
8522345687 1 1
8553140560 1 1
8553140834 1 1
8560325611 1 1
8574455599 1 1
8574457229 1 1
8574457957 0 0
8574459609 1 1
8574461335 1 1
8574462757 1 1
8574463879 1 1
8574464637 1 1
8574468077 0 0
8574468829 1 1
8574469949 1 1
8574476861 1 1
8574479717 1 1
8574480517 1 1
8574484029 1 1
8574487065 1 1
8574487775 1 1
8574491579 1 1
8575549954 1 1
8575553870 1 1
8575559038 1 1
8575559912 1 1
8575560596 1 1
8575564900 1 1
8575567090 1 1
8575567868 1 1
8575568752 1 1
8575569670 1 1
8575571512 1 1
8575575490 1 1
8575578728 1 1
8575581984 1 1
8575582860 0 0
8575583636 1 1
8575584414 1 1
8575586248 1 1
8666242657 1 1
8668463689 1 1
8668463845 1 1
8669567310 1 1
86t1KU8t7SAljM 1 1
8801387420 1 1
8801396782 1 1
8801403074 1 1
887041681 1 1
8987825511 1 1
8As44FdSoCA-mM 1 1
8H-9nsKwa_HloM 1 1
8HWgQf8WtuIYwM 1 1
8R6pJMrJJTC2wM 0 0
8RcwQaAZUSQxaM 1 1
8Rtjvl7XttZ7pM 1 1
8T5LzyrJhgUXPM 1 1
8_byYt9OqMF3GM 1 1
8aMR0hGUE0vjrM 1 1
8ajkir9KLEqHIM 1 1
8d281ckXI_Km7M 0 0
8jIJJf21U1VU9M 1 1
8lMck7GaFldIDM 1 1
8rMKWZyG3T24UM 1 1
8tb0MltTKCF0lM 1 1
8u5hf5pwq0GjoM 1 1
8vCcoktBuDacJM 1 1
8wI0TWWnjJwvdM 1 1
8yPaGo7JqRYP5M 1 1
90_n0r5Zrd8CGM 1 1
9145250553 1 1
9163866515 1 1
91pDOhMZ1x1xZM 1 1
924984807 1 1
924986927 1 1
925797874 1 1
925797940 1 1
925797978 1 1
925798024 1 1
925798098 1 1
925798108 1 1
925829464 1 1
925830608 1 1
925831582 1 1
9268651131 0 0
9349088112 1 1
9503170620 1 1
9504875143 1 1
9504885161 1 1
9504891061 1 1
9507676452 1 1
9507689744 1 1
954udx4Twb0HRM 1 1
9552603720 1 1
95649354 1 1
9577162085 1 1
9588360504 1 1
95t046gdzwflYM 1 1
9942526435 1 1
9993068534 1 1
99_aPxpkmoOsBM 1 1
9A7fLlNZctsLoM 1 1
9AJVvlfnQzC0aM 1 1
9ID8jzXd_rvCaM 1 1
9K0C7RQ85zAETM 1 1
9N2qqRVnDKZGtM 1 1
9QmK11xInDS-oM 1 1
9T-Nnyfx6tu0iM 1 1
9XiQqTtnlVnK7M 1 1
9cIbO3k_LRO71M 1 1
9g_5rrSFcETKYM 0 0
9nh79TUQM16KwM 1 1
9noapIKkipnl4M 1 1
9vVU-jLfYZrwSM 1 1
9vgkDVekWd_djM 1 1
9yrg7o4UdR_tzM 1 1
A0BL7qYLLPvDXM 1 1
A2nmbK_d8OW7PM 1 1
A2qCFAXa9SJwhM 1 1
A5Gp2T9tXGzISM 0 0
A9wT75G5lVMV2M 1 1
AAsM4AYvcSd64M 1 1
AGRR9h7UfmUwIM 1 1
APzW20i02tdFRM 1 1
AUtK7y2ymqj9vM 1 1
AXcXNh4mphCvdM 0 0
A_Osgr_DylPb4M 1 1
AdU40gCjKTMRlM 1 1
AhuydjaKK4usbM 1 1
AiK2mGqqFpjJiM 1 1
Am3PsEw6AJuAfM 1 1
AnpAHvs2cTbJZM 1 1
AsCBW25eB_LrNM 0 0
AvgWmvdbSBmqIM 1 1
B-235j0hNiC6CM 1 1
B-y_GPQsyWSEvM 1 1
B4B6TLIkRoaIbM 1 1
B5k6HQtDcDtH_M 1 1
B7PzyvUfFM8UqM 1 1
BEY3LgWmgla1mM 1 1
BG7HEQUU4Ygm4M 1 1
BGZz74-RDk73VM 1 1
BOfj01KxG9-vWM 1 1
BRVgHqTGpKlkZM 1 1
BRgw2G89rOT3GM 1 1
BSAQkloyMVl_2M 1 1
BWFd-6r3u8VIqM 1 1
B_6lC74vmmmHsM 1 1
BfA0zy7FbetzEM 1 1
Big9erRUca__qM 1 1
BqjEE4MEBNJEbM 0 0
C-oxlE55qczcyM 1 1
CAOl2uvSu138VM 1 1
CHLuSEyQXBv3sM 1 1
CHNzRGL3SCZQ5M 1 1
CLI2spsXQdrlzM 1 1
CMA3SH-qZUAkYM 1 1
COF2ULOYDMLA6M 1 1
CR3oUC6eG-XVNM 1 1
CSPWybI-rofCUM 1 1
CUrBkQlx7OksQM 1 1
Cji9Y0kB_ocB3M 1 1
Cmt9p1hIbvBAdM 1 1
CoHfUG2cc2jKJM 1 1
D-ihqdh_IwhUNM 1 1
D44uro2OOaWUCM 1 1
D4l302xDVf9A5M 1 1
D5sYol4wfWE1aM 1 1
D7BWuFSyIb4tBM 1 1
DACYuwUBcmzi1M 1 1
DBphdxJqgCH-JM 1 1
DCDNEfZevRuLdM 1 1
DFm-hkYOeAWN1M 1 1
DItXJQpGICFwyM 1 1
DNcxyoFkIZmc4M 1 1
DVX5jYLrcCMHEM 1 1
DVsqMeQr7_ItsM 1 1
DW_EKSGM1n4_tM 1 1
D_8WDgbCkOGO0M 1 1
DboyYm05u9foNM 1 1
Dd1oGjPeEQFGGM 1 1
Dd5zTMOp78lT8M 1 1
DdpRhSIYDC5zaM 1 1
DpRXE_Z2nl8wrM 1 1
DpYOV_zpmH5lVM 1 1
DtetEFevMC_FRM 1 1
DtfDh3Xvnl0n4M 1 1
Dw3JyuX4kB2yIM 1 1
DxJH7obJ4WEuVM 1 1
E6CwP6XGLCkrcM 1 1
E7ztrW-iUw_DvM 1 1
ECM_MQrRzvzqPM 1 1
EFHjChu1JNfNOM 1 1
EHSMdbZBHJM30M 1 1
EPbE-OeXWatrMM 1 1
EX0p3rR0aCLl9M 1 1
EYnztqThVZkSRM 1 1
EZKpEyLdvGonNM 1 1
Eaaohx7Wi_ItBM 1 1
EjCs8egmMApn7M 1 1
Elnj563UlLDJ2M 1 1
Emim7BAPvyAaqM 1 1
F0xJWJHH5dwrDM 1 1
F1px6gFy9oyQTM 1 1
F4bc00loG2uYVM 1 1
FDJNZQ5HqWH_cM 1 1
FI4q3ufnaoiyPM 1 1
FI_dQWwwmfs9BM 1 1
FKiTyP5olErsQM 1 1
FLfyv3SNAQKShM 1 1
FPlmcDhBn_rUMM 1 1
FZ8GLQfvQJ1VwM 1 1
F_Nis12Urf2EKM 1 1
FjokL1VuJZVD7M 1 1
FoC-H_7Csc_mkM 1 1
Fr69PV9CDQn4yM 1 1
G6_F3KX2pYbfAM 1 1
GHudTo_qP5Q0SM 1 1
GNYvC8WqKXraDM 1 1
GS3CQvX1SYBmGM 1 1
GVr5_RLYPw7McM 1 1
GX9wSTaQgPXeUM 1 1
GZ8-HtJxXLyoTM 1 1
GZQLKsQZoKZ3AM 1 1
GZZcwag2UBy8fM 1 1
GamWiNjmMDBm9M 1 1
Ggu98zmZoQQ-ZM 1 1
GgvMjIP-eYwt9M 1 1
Gh2plACNQqvwrM 1 1
GqnMYDk8vM9SOM 0 0
GtX5CHbafczpyM 1 1
Gu2AwNWhzU2DwM 1 1
Gwy_jGh_yNYFKM 1 1
Gx9Yog-D2eaU2M 1 1
H4oRJE8im5HbHM 1 1
H8sVswtfQvhC3M 1 1
H9afBQ82rQwj6M 1 1
HEBb__78LyaXZM 1 1
HGWdMda6-oWsaM 1 1
HJxuI4nXhTd_XM 1 1
HSlHqbsPdA-UgM 1 1
HXf7dUC4SoTtPM 1 1
HXhYqtHqT8La-M 1 1
HbHYMwZDmo5YTM 1 1
Hj6BlZ171PrXKM 1 1
HlPye8crZ-VN5M 1 1
HqNyzbxdHmnPWM 1 1
HuT6v4LwKv9NVM 1 1
I-J6k4tbQA2TJM 1 1
ICd1J6vco6VceM 1 1
IJK9m4Sn1hnOtM 1 1
IOYNC4eFE1u4MM 1 1
ITYgkrv_OgqBUM 1 1
IT_DOuSCkCyXqM 1 1
IUCKojLYWTzBBM 1 1
IVTTCTu0GR_R9M 1 1
IVVYnrDTrpxmhM 1 1
IdT2GlyBOyuxZM 1 1
IlGrHY18NcAw8M 1 1
IuhIXygT1IeXIM 1 1
J8pU8ZEiPxfcDM 1 1
JA_cFQYjj-tw0M 1 1
JJXhCqufWI43jM 1 1
JQ6I9QltDfyoaM 1 1
JUU-kuoX6RgZ2M 1 1
Jd_YezLO7mwgBM 1 1
Je0amhzX8ePTQM 1 1
JgTsR_5SWndvZM 1 1
Jy1Z4jLaL45imM 1 1
K-ipvaeX2Lv8eM 1 1
K1_ewB9-HKj3SM 1 1
K9OCrRFMdIfNtM 1 1
KIUN1b_LvQcmnM 1 1
KJ5t0AzdU9QbRM 1 1
KMUp_hgc9pfusM 1 1
KOzqZ1QB05BEGM 1 1
KX72UviKcixUiM 1 1
Kc05J8txNVnvwM 1 1
KodGKDi6aa88uM 1 1
KvmNe0YDrsNOQM 1 1
Kxl7GLB7egObeM 1 1
L09dRpdGhKNg7M 1 1
L1nW3y4CpOxyaM 0 0
L92ciaIM3LHM6M 1 1
LEUhoHhb5RyRoM 0 0
LGkqfgkyS3hFXM 1 1
LHQOu_Sw0q8F0M 1 1
LK3gHzADseJMUM 1 1
LU-RbLyZEkMT-M 1 1
LYvOahtOifRwWM 1 1
Lbfai3hRFzCZXM 1 1
LciCKtlQh8nweM 1 1
LeuhygUiLFGkUM 1 1
LivjplYqy1lR_M 1 1
Lj-gNNejjJ7UNM 1 1
LtjdEA2MI9TckM 1 1
M3edqB1KcAfCkM 1 1
MDP_nEM0XLvRIM 1 1
MEsMHuwNmA5JVM 1 1
MFzpSLI6yKCijM 1 1
ML4Ri5BKRs_2sM 1 1
ML_QPdfCvXiLOM 1 1
MLuOwDWeYOzqCM 1 1
MNTbgAhO3pg8gM 1 1
MPkDOO1YcoytFM 1 1
MWAuyj8qcRxQnM 1 1
MaQFVab2r848yM 1 1
Mtc0OxMpLFo4nM 1 1
MxOfUxNgCFK2cM 1 1
N4njrKzgTDM19M 1 1
N4oVhIeD-UpdxM 1 1
N8SUABjRvGYGcM 1 1
NB2ffERfy3MlTM 1 1
NHNLcRgfxMui1M 1 1
NINCLnv13aDR-M 1 1
NN0frv_QWG2NzM 1 1
NTely3wKJ5LKZM 1 1
NX4k7FT60O-UhM 1 1
NXOLs4hBbL5bPM 1 1
Na59OOvQEjGwdM 1 1
NdOmezRvmtA8FM 1 1
Ndztc616LWFZtM 1 1
NnNW1_gZ5-1-UM 1 1
NooLsTfT8LX7XM 1 1
O3i_OfXE_8yPSM 1 1
O4avL7QIUrNzEM 1 1
OCoBk5vFjywsUM 1 1
OHfhXw5-5Iky3M 0 0
OJ_I_w2wHkrimM 1 1
OM6KThSnStHt9M 1 1
ON18CSQMsGrRsM 1 1
ONyhL9iEYT0hSM 1 1
OPgXNsftKDbBFM 1 1
OQQu9FJaRlEC-M 1 1
OTxjdLsUni1-cM 1 1
O_1VUjsVvbzpBM 1 1
OaYBa5d5IPKORM 1 1
OhKSgyICFn6d7M 1 1
OiOZ0_K53xqPUM 1 1
OpSsuCeUuloK4M 1 1
P5Hy874bvQjPcM 1 1
P7Ccp0EKXbO-rM 1 1
P7PtoWa7RHrx0M 1 1
PBS9IjkuMJqJgM 1 1
PD95PC76-RWT7M 1 1
PLYLyiQj7Rv_RM 1 1
PR7QSJgTIxBXVM 1 1
PUV9COQjZkvDJM 0 0
PWAXvfBKs8ZoUM 1 1
PXWQbn8Tw9sQ0M 1 1
PesgMKq4O5yN_M 1 1
PhdN3J6QidplgM 1 1
PjprwVYbI9khOM 1 1
Prx9APY4fBDIlM 1 1
PtNzdosmExTUlM 1 1
Pu_ybF2WWbPJpM 1 1
PzZDAl-yUWZz4M 1 1
Q0-24h2OU0W6ZM 1 1
Q4X43X0rRACDcM 1 1
QDsY6Xn7pdaF_M 1 1
QIOLSHsVAxWyyM 1 1
QIdwdbaPdZvy5M 1 1
QJ6iGdSMd1BAWM 1 1
QL548lFalvD-5M 1 1
QMzgNkHP_O0c2M 1 1
QZtFcpuwU53NxM 1 1
QiJlg9t0W0mmnM 1 1
RGVRWTueiNuneM 1 1
RHwaO8ddfhzmBM 1 1
RYQrL6w5L7fsJM 1 1
R_uWc1hLe0bzhM 1 1
RbFkZ2hk6XuhyM 1 1
RcsTTj3MDk9kBM 1 1
RjCdApVg94i42M 1 1
Ru-D3ZL0nHnKvM 1 1
Rycv5GGoVope4M 1 1
S0JtxuVjy5EJdM 1 1
SEmSFv05OcofrM 1 1
SIMHNQzJf3g9BM 1 1
SLOlRHGCybtUzM 1 1
SRfWAnfhV_m-DM 1 1
SUkTOEqVlYeEYM 1 1
SWir_2d55JdgeM 1 1
SYmPmEwHw4NIlM 1 1
SfFjqKxmnnwZQM 1 1
Sm6dr5jsZUwrYM 1 1
SnXoCA-k0N18BM 1 1
T-nw3BzW4W1DjM 1 1
TBpO_nVa0AymsM 1 1
TEQcUVznyPPFAM 1 1
TEQwP7CpaVykjM 1 1
TIRSdPj8k8Z0yM 1 1
TY4nj0tLBv0mtM 1 1
TheagPxAYCpJ_M 1 1
TjJPFS3nOAUVxM 1 1
TlBvjSjBlaydsM 1 1
Tn3QnvjytZbShM 1 1
TqsFOKClj5RloM 1 1
TuahRgybqxBJKM 1 1
U1k2SpBDXtGqgM 1 1
U2AeyES0LdUlyM 1 1
U9C9UdsOdyNDrM 1 1
UCQhWPhNnM8U_M 1 1
UKcGPQbGPFFtDM 1 1
ULCQJABg7WosnM 1 1
ULMZ1TDTPipGnM 1 1
ULbnUEgHs45NbM 1 1
UNEQCSqOM4RY0M 1 1
UUQwF-7ugUEP_M 1 1
UWOXTUf7H62feM 1 1
U_pJ4nTzrkvBoM 1 1
Ucw_K1Z5PsMHXM 1 1
UhPMG7H8ZxFJ5M 1 1
Ur03JUQvDTIthM 1 1
UygeUHxrZGJUcM 1 1
UzO0Zbi1D8NRIM 1 1
V-6O7a9YUuclvM 1 1
V-9D2PwA1wQ-MM 1 1
V069hhvZz5U_hM 1 1
V2KOmNBNRI1MOM 1 1
V2j3P-W4GYtdZM 1 1
V2n-TrbJmY6HYM 1 1
V3LwLW9i1KYdmM 1 1
V6UkJ73TQ2mMOM 1 1
V7e3x1y3JCCZ5M 1 1
VCMwEXVfho6W4M 1 1
VJ3GeL8NKnYGnM 1 1
VNMym9ZjTlX_fM 1 1
VQwefrIQIa3ZzM 1 1
VV_vA1o-Z8CGoM 1 1
VVmpfsM8dV5LRM 1 1
VWb-UNOijKH1NM 1 1
VZ5j6wcg6LzY6M 1 1
V_3WC2c_76wIZM 1 1
VmKVOfbZCtk-WM 1 1
VxvocoCs_ALCxM 1 1
W4vW5MYuW3cRNM 1 1
W7UVEn1NpGWWjM 1 1
W93Lhg1UIIu8hM 1 1
W9W_RoObGKh-oM 1 1
WACTl0TYZWXrKM 1 1
WJn5YJTzHSQpLM 1 1
WLr4VzH9xGhUeM 1 1
WRz3nNwrxFm38M 1 1
WSZPL7e5_-hfWM 1 1
WTKjiHj2j5kM1M 1 1
WbtSA3-7JbNQsM 1 1
WcuLptzHm6aUDM 1 1
WdBPTbXTLHaOOM 1 1
Wg0sMIdNnN9srM 0 0
WjXCAK814yPVIM 1 1
WlmAlPMbzh3myM 1 1
Wp8hNmpY72H_kM 1 1
Ws2tpaHgvs3pRM 1 1
WsRxlDgnVl9EKM 1 1
WvyfuWx0QNXo5M 1 1
X0Wh60Ltfm3DLM 1 1
X30umlY7SYBvXM 0 0
X3Rkr8h3cpuANM 1 1
XAx9y8ZNQRmnkM 1 1
XI4eeNaZrpg79M 1 1
XM45LR86JUxelM 1 1
XPvoXEPyJlTQAM 1 1
XwEmZOKOoSA7yM 1 1
Xx6HggUCgUZd2M 1 1
YEaxoY7eciQsHM 0 0
YGzJtnW-RJ-Z-M 1 1
YVmOgd5Z0sniSM 1 1
YW1Ow3dfe1UipM 1 1
YWZjMom0XzfV1M 1 1
YWvTxBQUfX7axM 1 1
YY0qwx84Rb0QyM 1 1
YYG4zX9feWTedM 1 1
YYO13Wdad2PFZM 1 1
Yedoe0P03XmWEM 1 1
YfHv0twf05SAqM 1 1
YgoBXJIWDL38_M 1 1
YsDcTOCzt4jotM 1 1
YvRzbMdEBk7RkM 1 1
Z2DfPFxeRwuiCM 1 1
Z4BD12FtfzA7CM 1 1
ZAFBI3LjNx5h3M 1 1
ZC6-V8b80mPP5M 1 1
ZEa0Stcbh56BiM 1 1
ZGWRdp_GWycw8M 1 1
ZLWYH0rkQrv19M 1 1
ZNrgG4Nem0Cd3M 1 1
ZVbpL1L_4UQ-wM 1 1
ZXPJMhuEZinQ7M 1 1
Zci-qifntx5KmM 1 1
ZgrhZiuC-YxUYM 1 1
ZicSI9SHA2mi6M 1 1
Zz58hl-XIXhkVM 1 1
_9WNFew5aF33pM 1 1
_COYlbrr8aAu_M 1 1
_DBmh4-1NjAiMM 1 1
_HDOhvVHY1-l7M 1 1
_OZ8Hzo47L9XfM 1 1
_PuwBbt2K6zdJM 1 1
_ROAL4pJwR03aM 1 1
_ShMcy4XEvuMtM 1 1
_Ys1xV8FsccnjM 1 1
_b6dTzT1M4pmjM 1 1
_sucIBUyqQHf2M 1 1
_ws-ZgPfzmwN3M 1 1
a1bTHBLkhkQt6M 1 1
a51ulBSyFCUEnM 1 1
a9TMiZ0mFIUv_M 1 1
a9fITBgrCu-wXM 1 1
aD76C-lL7eaXmM 1 1
aKLTw13JCjbtnM 1 1
aKR_WUc9NhZn1M 1 1
aKVlfak9-ilfzM 1 1
aKpCzTh6pxy0AM 1 1
aT8iH_WYNUmK8M 1 1
aTOJoPqw2W_CTM 0 0
aVTHGetm1TuREM 1 1
aWr8JqTp7ujeTM 1 1
aYVwHtkN-Y44GM 1 1
acLypAEfDBKXaM 1 1
ac_NfUyYSIChqM 1 1
ad8kDB-P6ha5SM 1 1
adXVLiL_ERWOEM 1 1
agA9jenzL8uQtM 1 1
agdYRGo2qfTwgM 1 1
ahmNxJRvIwZRtM 1 1
as2gUhumsb5hhM 1 1
auAgTY22RTqDIM 1 1
axYBX8n2haknFM 1 1
bE5wv1TPGddQ6M 1 1
bINp0_VHi7p6rM 1 1
bMtxEv2dXSW8YM 0 0
bQJN4xQY9xfC7M 1 1
bRKSVOCho429aM 1 1
bRTHeg6FapjPcM 1 1
bVbHMniSbP2_CM 1 1
bbZ7W4eD45dz-M 1 1
bhVuQ9DdKYb4DM 1 1
bk_witXkwGuKSM 1 1
bljIWgqJQ2_u5M 1 1
bnUL47hVHgbCxM 1 1
c02mtMIFTFBarM 1 1
c3FD1VPpa9QJmM 1 1
c3WQMbsQvJPlxM 1 1
c5gYv-wiAqWEoM 1 1
c6IdR78GpEJ0oM 1 1
c9Cvf-Zs-JrDWM 1 1
cWcabvIGjUgVRM 1 1
cZDkPVu5QUmOXM 1 1
caqhM0mcHOeE4M 1 1
cbGnIPqdgCOtLM 1 1
cj8LTuW6VovLQM 1 1
cl8wkpLa6Do5LM 1 1
cpbVA859WIUwbM 1 1
cv1SAjcasrukXM 1 1
cw-c37pTsJ_kHM 1 1
d2nc375xI2E3pM 1 1
d4XsAW8G8H0F_M 1 1
d8X2M-HfaHUJXM 1 1
d9u3KCIraQiK0M 1 1
dC8VeiIj3oac8M 1 1
dGlDc3okKo9msM 1 1
dHpdmv11chKnhM 1 1
dJqUk_9qnpKA8M 1 1
dM3Raa8ZGXkSxM 1 1
dSNsWkOHMM5rMM 1 1
dZ0SzylRijPFMM 1 1
dbtT2yNuwUTFSM 1 1
djHaJ7hr_hHrbM 1 1
dlKUF8JNA0YiTM 0 0
dnffh7YUQDhe3M 1 1
drjqx05TZe62wM 1 1
dsmLSqWUXeUE8M 1 1
dsuuw_rFAjsh9M 1 1
eB-1yjHJcpaPiM 1 1
eF4_fMglvR0zGM 1 1
eGn5vERoeKW8GM 1 1
eIdPvIMGjak4lM 1 1
eN0heXrrKKkK5M 1 1
eO12YNiTjEZbWM 1 1
eYhC1PUBbOOjvM 1 1
ed_iDXNYsd9YVM 0 0
emTlBeWRDqV1VM 1 1
enrj1IAp9-LvZM 1 1
eppGzYfQIYSbAM 1 1
esPsNVYnD0DOkM 1 1
ewsJ9FImlNK1CM 1 1
fKhNFkTAdT4BQM 1 1
fOqotwXmq657FM 1 1
fP_xh5uxruG5KM 1 1
fT8oZ3pzKzcFHM 1 1
fYmX_FxUNMWD5M 1 1
fcwOK25NmoSGLM 1 1
frAxK6yzW5W5vM 1 1
fvsFJWsaEooDTM 1 1
g-A-M84rqOnaEM 1 1
gCeiY19FBeZ55M 1 1
gELdVM5SCEOaBM 1 1
gLO_C48QgugzQM 1 1
gOkMO5_9uZKrvM 1 1
gSIEreLhOpBc_M 1 1
gTWhFeeW8kI09M 1 1
gXF-72EWfhjhkM 1 1
gY9MBqIxNEFa-M 1 1
g_dHWe8J6WTDwM 1 1
gifs1qReE9LYfM 1 1
glGJKAOAPfY0DM 1 1
gnF2DS1vA5XbhM 1 1
gq60ow2ndz9NlM 1 1
gzELfoq7diB11M 1 1
h-ax_cVANQjHUM 1 1
h8vzF08J2F7iiM 1 1
h9bn1t3qVbXpXM 1 1
hDS6L0XWNg5MwM 1 1
hIkGxg0prlEgNM 1 1
hPgxXP77lxjdRM 1 1
hQhDtsCFCkINeM 1 1
hThFIIe6V2sRyM 1 1
hkAdUoac5Wr55M 1 1
hmMTfrvCbsdBGM 1 1
hn8My-U3Cu5kbM 1 1
ho7iOSnOx7qLwM 1 1
hzsvp5ibO-YK4M 1 1
i-LCnfWdAbC8UM 1 1
i2DA5QYVUS4dvM 1 1
iAdkzztC-LEuOM 1 1
iD_eCip3boUTxM 1 1
iEz71mviGRcAbM 1 1
iPg8Z7sfEEwezM 0 0
iYLMztv5obs-DM 1 1
ibQ-YHTgsSFzFM 1 1
icL06D6ixyCFqM 1 1
ifRe8odNA5pS0M 1 1
iwG2FUP_NgpJ4M 1 1
j0dwLn402xlbRM 0 0
j0rfyjDlI95CuM 1 1
j49o1WStzA5O-M 0 0
j9AHavg3S8E6TM 0 0
jBrvGnI6MmciXM 1 1
jDhZlgb4gjxQaM 1 1
jY379DqQFR9Y9M 1 1
jahUNs1xjq2bQM 1 1
jcOG8kswMOxx7M 1 1
jd10fYX3TiAzdM 1 1
jgCSK-5O6JEb9M 1 1
jgcVZnJiNX7dfM 1 1
jhNbHh2Hry9mpM 1 1
jpnDqNq972B57M 1 1
k85UdHEriiQ9tM 1 1
k8Fe1_9rkWmiFM 1 1
k8jc8tro6Oh8OM 1 1
kH_SNKjVTDOnrM 1 1
kJjRDBwhtQ_puM 1 1
kK4ndXMplNVRJM 1 1
kOcwBLnYfY5ltM 1 1
kTCiXbBImgYYIM 1 1
kTMx7Z7zjkWxaM 1 1
kZ6VLeTBqHJJAM 0 0
kbxfk_XpAxc50M 1 1
kmQ85xH7pxQZbM 1 1
l-X-GUAIx63vWM 1 1
l0bw-kMcwTnkmM 1 1
l6EkUeM331eOkM 1 1
l7h60LFUsBXtKM 1 1
l7rCLK-Ngbx6pM 1 1
l8eO-pqvUNzSTM 1 1
lGCmNSIkGRMIYM 1 1
lR2a-B04R6tUdM 1 1
lSBsBSiToDNwhM 1 1
lU0vsXygMaT2-M 1 1
lWjdvhnIxLyUoM 1 1
lZA95Wz4_sw7QM 1 1
ldNTs0N0eB_8CM 1 1
lg5AeBwfUnmZEM 1 1
lgbGbaTvHaToIM 1 1
liqiXqoNGRuGYM 1 1
lqz-U9ZWZMLbaM 1 1
lsP1cTAn33uN7M 1 1
lvUkKf62BBNJeM 1 1
lz33ZTqkBkFdvM 1 1
m1pEf29ZSxz6YM 1 1
m6AHiPgkHEV5SM 1 1
m8YxdkRfNo7ZYM 1 1
m9kTYibfmPc3kM 1 1
m9seg6eG4DXD6M 1 1
mAN_ybs6jMXRNM 1 1
mTm5L_lVT92XnM 1 1
mUGqOGfs-DmtrM 1 1
mVCYbcVr3OYZsM 1 1
mXAYBW_Q3mExxM 1 1
mavPjoe_NTzlpM 1 1
mbWvNX6EqbngvM 1 1
mboILf47g7PtHM 1 1
mhWHQoAzI-W_gM 1 1
mr_UYOk0UTP32M 1 1
muaE3UDKMyls2M 1 1
myoHpSPkneUjjM 1 1
n28Aqn_9mAN5OM 1 1
n2LidVJKaZRHyM 1 1
n8QFy2Kbjjt3rM 1 1
n9r94OdeWA3caM 1 1
nAyUmmnhInhCDM 1 1
nClzySdykElZ2M 1 1
nE7OvuBmAj2xqM 1 1
nRoQe-6X1ya10M 1 1
nRwlHn6ZSw6MlM 1 1
nTCQARzFMhYi4M 0 0
neAlpUjNMsXDTM 1 1
nlq3AZ_rdk_B_M 1 1
nmJLc5-5GFRT_M 1 1
nmTETklelTSHQM 1 1
nmgBsvxAHp18BM 1 1
nnPC0solCbaeMM 1 1
nnwtWJmM0pn5MM 1 1
ns5610D6nco4KM 1 1
o-WiYf9uYByf9M 1 1
o4AzoEJEdjulXM 1 1
o5l4u4rsStUaGM 1 1
o63KuC6EEUlX2M 1 1
oIAvqIQ66lzgTM 1 1
oKbApexCFHeZNM 1 1
oQS_zLmjR7Dh2M 1 1
oQe6Q8gJ_8gthM 1 1
oUOMyo-YvrMdoM 1 1
obr_3vAVD-aglM 1 1
oc7yFya7kPzknM 1 1
ohRc5zZYXS6UhM 1 1
ok5-oD8nbO-OJM 1 1
oy5tjNIZI8Q-fM 1 1
oyCwrtp4V5efYM 1 1
oylaAfYuQ2RNYM 1 1
p298QqYsalgWWM 1 1
p5xuE5dhCSxWwM 1 1
pBkk2DtkZCXegM 0 0
pCZv4c7Pf_579M 1 1
pHODFhvkZbBYMM 1 1
pO2bnbmvNpixRM 1 1
pQ3A9PPKw9xU7M 1 1
pS8qOAKzfQrxrM 1 1
pWcvxyo0FqG3NM 1 1
pZW9GiNXBH0-pM 1 1
pd3jP5krvj9g9M 1 1
pdb-uXP9xwbulM 1 1
pr5rrRj08UAlpM 0 0
q-OTVerkPs_tnM 1 1
q2jcpv1YsxU4gM 1 1
q9bRWeU6MG2u2M 1 1
qJExOmShAzz_NM 1 1
qTe0NrGDb3vC-M 1 1
qZsoADdY9JFDUM 1 1
qaJvV51C9mms3M 1 1
qscGPb7xHlMNWM 1 1
qwH-XciyPr2iUM 1 1
qz_vCCHBf8cbMM 0 0
qzesh1DtC41d0M 1 1
r6d7I_hAke28KM 1 1
r73RtX2ABMgGQM 1 1
r8FOz7VpfcMopM 1 1
rCpNm8a_0_v19M 1 1
rJX9YiUEponTeM 1 1
rPl7ZXS9abzLnM 1 1
rVoyo6n8vgCJBM 1 1
rYx-mmBZZ2HVLM 1 1
reGw7n8n_A2fJM 1 1
rf_sNG0EM54eUM 1 1
rhgWNnmrkQFRhM 1 1
rsSUO0cx3GCgrM 1 1
rxYYO8SYrpTcIM 1 1
rzmru0tZxjKI6M 1 1
s4PD_Vo7NA4fSM 1 1
s4ew4AANMaAzyM 1 1
s72HGGv_5QG7WM 1 1
s7Mn96xURs5_3M 0 0
sCwF7HdV6DwrqM 1 1
sJyn34bohx8XtM 1 1
sMoxeJ6T9HDqUM 1 1
sOXTn-od7lRmMM 1 1
sTFpSt1KgECEcM 1 1
s_9CFyjFn4dHqM 1 1
saEa3HKmqidy_M 1 1
sd2qeqry4o1S2M 1 1
siFx0FVKujUtjM 1 1
sjlKvxt5pmREmM 1 1
slfQBVGaAZ4zVM 1 1
ss2YfD9L7__7BM 1 1
swYyI0dkyvwNvM 1 1
syC8-KYuA7arQM 1 1
t0JdpqcPRuEKCM 1 1
t35Gc4Kyhbr3BM 1 1
t57SdUVnWJJ5HM 1 1
t8QNlL26o1CluM 1 1
tFjax8qq3x96KM 1 1
tL-wgB-AMmAo3M 1 1
tQMCo-21RNEfxM 1 1
tTIqCVdQPuL3iM 1 1
tYikUnhhllX-7M 1 1
tby4UNRl1KgMIM 0 0
tc8O28GLtlDNzM 1 1
th4Gb3hjzXoEaM 1 1
th9Gp2tEfsbkOM 1 1
thFs8WQuNfiKNM 1 1
tifLm2-W-kPpaM 1 1
tmeWt-PPwRkDBM 1 1
tq96IDBFpilb4M 1 1
tttCLiPJXMqK9M 1 1
u0gxwWIPyggjjM 1 1
u6c90apZG402oM 1 1
u91Nxwx_6bsS3M 1 1
uC70vPsCEE2m3M 1 1
uJoMTmz1y2YSRM 1 1
uTdORnmhvy8w_M 1 1
ufVrgI-0BYVZRM 1 1
ugkr7gCPZcz1pM 1 1
uh97bX5b3kNgaM 1 1
uhGF1dUaS0agmM 1 1
uin5ftBNcGHieM 1 1
unr6FmjpUph7HM 1 1
ur7GVgFCkHrs0M 1 1
v-CXs8VgcDOcAM 0 0
v7Fowt1ualBhTM 1 1
v8JKwT_uEAjb5M 1 1
vDWa5v7BT5OWgM 1 1
vJ18KbNy_R-P2M 1 1
vJYKs-SJPTBunM 1 1
vMByhf-MZ8BXCM 1 1
vN-4zKTrsm8TlM 1 1
vNqexHWLwkWU0M 1 1
vTMFcg210WplnM 1 1
vYyu80JR_XKtXM 1 1
va20B5M-s2Uo8M 1 1
vmdt6hfD-xg-VM 1 1
vz8Rvhln8SFHxM 1 1
w19Ld1A5r712rM 1 1
w3q722B6tDut4M 1 1
w5Z8dxo6cOrUMM 1 1
wAQmpw6XNFLdZM 1 1
wNbA6oIFgR8CJM 1 1
wOkmfU8k12F_0M 1 1
waVeLZGPsQ--CM 1 1
wnYBgA31l4pYiM 1 1
wuTiHzwa2R7E_M 1 1
wv-YTFORh7SPlM 1 1
wxBQyFcT6NUtHM 1 1
wyjWA_ppC13lHM 1 1
wzsqHhDhqmxSqM 1 1
x-j0Pm7SLalxrM 1 1
x50z_Qj9k1RuyM 1 1
x6x4pAG53BNjoM 1 1
xE2DFmSdSwxpyM 1 1
xL09KNrjmpK45M 1 1
xOKnw72o3_sAcM 1 1
xUxoCdok6-mdiM 0 0
xhO-2UtEMdEDXM 1 1
xvjxyZ9GbCTFUM 1 1
y2nsntaZivp6lM 1 1
y3DNtyPbPD8YIM 1 1
y3RTY9U8h8_L5M 1 1
yBVnmbPM-gDnQM 1 1
yEFtyBe60ydgFM 1 1
yFgGrmG8IC2OZM 1 1
yJh19s2Ijpv_fM 1 1
ycRI471sFKwp5M 1 1
ydCZyNfAL1epjM 1 1
ygbS_prvFAqXHM 1 1
ygkKdknpPs-2WM 1 1
yglapHLwbnyNIM 1 1
yhG-_Bfvl6X1pM 1 1
ykpoMJC4a-NYIM 1 1
yoIqXtecIQsXSM 1 1
yovRcGqdi1z7OM 1 1
ytT7TBjkfOBUnM 1 1
ytuO4wObKBdutM 1 1
ywG8cxzSEVd79M 1 1
z3J91nzzn8pQnM 1 1
zGxlJK6h677tVM 1 1
zI3hrPNCHrrB2M 1 1
zSmUwzEPcmIbhM 1 1
zu7q6j_Y6KDyfM 1 1
zuuxsguebzAa9M 0 0
