-7imHnKojSOjLM.jpg 1 1
-ALCrsO8Dqf2tM.jpg 1 1
-BdAhEOkveNH1M.jpg 1 1
-Tj8Zlx2UOoIwM.jpg 0 0
-nW-cdrD3k1BiM.jpg 1 1
-xPUH3enos37ZM.jpg 1 1
0AQkukQ7fq3PKM.jpg 1 1
0AT7gj3i81XkMM.jpg 1 1
0CAVE5PA_LCrQM.jpg 1 1
0KXwxZevxvdwOM.jpg 0 0
0XMrCTj5GFDb0M.jpg 0 0
0bSKoVenTaxAHM.jpg 1 1
0bwbqBod6-g64M.jpg 1 1
0gE9EezY4Svj4M.jpg 1 1
0hY2xWH43LFYmM.jpg 1 1
0pY_DCpYdXqzuM.jpg 1 1
0udkO609bcV3JM.jpg 1 1
0x5curIXk6avFM.jpg 1 1
10015145704.jpg 0 0
10026579786.jpg 1 1
10026584905.jpg 0 0
10074697564.jpg 1 1
10074736915.jpg 1 1
10074773216.jpg 1 1
10074778166.jpg 1 1
10097153494.jpg 0 0
10114852744.jpg 1 1
10117053343.jpg 1 1
10151141155.jpg 1 1
1022045873.jpg 1 1
10265344293.jpg 1 1
10265348053.jpg 1 1
10388204005.jpg 0 0
10405593643.jpg 1 1
10460331283.jpg 0 0
10574156623.jpg 1 1
1058408515.jpg 1 1
1058408873.jpg 0 0
106012959.jpg 0 0
1064035553.jpg 1 1
10644452204.jpg 0 0
10664656605.jpg 1 1
10667463984.jpg 0 0
10667470564.jpg 1 1
10667664933.jpg 0 0
1084248024.jpg 1 1
1110537658.jpg 1 1
1114068374.jpg 0 0
1117506266.jpg 0 0
11347702596.jpg 0 0
1141972195.jpg 1 1
11477211466.jpg 1 1
11477250346.jpg 1 1
11483547965.jpg 0 0
11485466486.jpg 0 0
11636372886.jpg 0 0
11682737125.jpg 1 1
11682779095.jpg 1 1
11683126134.jpg 1 1
11756016243.jpg 1 1
11756019473.jpg 1 1
11821197786.jpg 1 1
11858315863.jpg 1 1
11926080264.jpg 1 1
11966993293.jpg 0 0
12008941865.jpg 0 0
12014540435.jpg 0 0
12015422826.jpg 0 0
12136395735.jpg 0 0
12191890266.jpg 0 0
1235996389.jpg 1 1
12456766883.jpg 1 1
125568297.jpg 0 0
125855262.jpg 0 0
12697666025.jpg 1 1
12747516194.jpg 0 0
12751457164.jpg 0 0
12798716974.jpg 0 0
12803087183.jpg 0 0
12898448463.jpg 0 0
12909263034.jpg 1 1
12909847274.jpg 0 0
12938443315.jpg 1 1
12977537054.jpg 0 0
13011440325.jpg 0 0
13116661674.jpg 0 0
13176947603.jpg 0 0
1330643106.jpg 1 1
13310609953.jpg 0 0
13367560213.jpg 0 0
133bKMaHfw-03M.jpg 1 1
13495594364.jpg 1 1
1351027630.jpg 1 1
135383122.jpg 0 0
135383123.jpg 0 0
135383124.jpg 0 0
13570961774.jpg 1 1
13711217223.jpg 0 0
13837374174.jpg 0 0
13918184410.jpg 0 0
13923043714.jpg 1 1
13945325774.jpg 0 0
13959258736.jpg 1 1
13973893461.jpg 1 1
13999873208.jpg 0 0
14008323617.jpg 1 1
14008930395.jpg 1 1
14008985726.jpg 1 1
14028334139.jpg 1 1
1403408565.jpg 1 1
14040124269.jpg 1 1
14047519557.jpg 1 1
14065118202.jpg 1 1
14074765349.jpg 0 0
14074783078.jpg 0 0
14074806110.jpg 0 0
14099638008.jpg 1 1
14099716847.jpg 1 1
14099787539.jpg 1 1
14099905497.jpg 1 1
14102946729.jpg 1 1
14106258369.jpg 1 1
14106606120.jpg 1 1
14125247496.jpg 0 0
14128469419.jpg 1 1
14130264705.jpg 1 1
14134600.jpg 0 0
1416374842.jpg 0 0
14177721419.jpg 1 1
14226220662.jpg 1 1
14226554754.jpg 1 1
14226661266.jpg 1 1
14238302156.jpg 0 0
14240387538.jpg 1 1
14243575975.jpg 0 0
14258109091.jpg 0 0
14270035286.jpg 1 1
14270116026.jpg 1 1
14281591943.jpg 0 0
14283122721.jpg 1 1
14284442362.jpg 1 1
14285954614.jpg 1 1
14288653051.jpg 1 1
14289629305.jpg 1 1
14290991162.jpg 1 1
14291191792.jpg 1 1
14293236725.jpg 1 1
14295302903.jpg 1 1
14295858951.jpg 1 1
14304134827.jpg 1 1
14313345423.jpg 1 1
14317035138.jpg 1 1
14332152397.jpg 1 1
14406414856.jpg 1 1
14424856966.jpg 1 1
14431649849.jpg 0 0
14433060340.jpg 0 0
14434949384.jpg 0 0
14444619341.jpg 1 1
14470211204.jpg 1 1
14470912472.jpg 1 1
14479511854.jpg 1 1
14485544671.jpg 1 1
14490226383.jpg 0 0
14497179615.jpg 1 1
14499134805.jpg 1 1
14500387560.jpg 1 1
14511741565.jpg 1 1
14514744381.jpg 1 1
14524202970.jpg 1 1
1453118764.jpg 1 1
14532650090.jpg 1 1
14549402100.jpg 1 1
145534203.jpg 1 1
14561539019.jpg 1 1
14626203925.jpg 1 1
14772412969.jpg 0 0
14772417219.jpg 0 0
14772487958.jpg 1 1
14772589277.jpg 1 1
14790665131.jpg 1 1
14790665441.jpg 0 0
14817206359.jpg 1 1
14830492936.jpg 1 1
14869083795.jpg 1 1
14892386009.jpg 1 1
14897286971.jpg 1 1
14902923580.jpg 1 1
14909135457.jpg 1 1
1491232928.jpg 1 1
1491242074.jpg 1 1
14936122316.jpg 1 1
14948214291.jpg 1 1
14948320122.jpg 0 0
14959122515.jpg 1 1
14959126005.jpg 1 1
14963313385.jpg 0 0
14963539049.jpg 0 0
14968410032.jpg 0 0
14981377547.jpg 1 1
14989582009.jpg 1 1
15003536562.jpg 1 1
15015611039.jpg 0 0
15111236061.jpg 0 0
15112721202.jpg 1 1
15131040600.jpg 0 0
15146306899.jpg 0 0
15150186414.jpg 1 1
15189005622.jpg 0 0
15202024372.jpg 0 0
15209642694.jpg 1 1
15227240661.jpg 0 0
15253489963.jpg 0 0
15253490053.jpg 0 0
1525385913.jpg 1 1
15256334303.jpg 0 0
15270413837.jpg 1 1
15281291224.jpg 0 0
15283904263.jpg 0 0
15283905013.jpg 0 0
15283906193.jpg 0 0
15346637337.jpg 0 0
1538303639.jpg 1 1
15401144330.jpg 0 0
15418472439.jpg 1 1
15458424984.jpg 1 1
15477490654.jpg 1 1
15480163103.jpg 0 0
15486781566.jpg 1 1
15521176446.jpg 1 1
15583599744.jpg 1 1
15584974917.jpg 1 1
15585335710.jpg 0 0
15589594931.jpg 1 1
15589920891.jpg 1 1
15589994011.jpg 1 1
15593316642.jpg 1 1
15644189958.jpg 1 1
15685864200.jpg 0 0
15689569844.jpg 1 1
15689605734.jpg 1 1
15692135113.jpg 1 1
1569822658.jpg 1 1
15715210993.jpg 1 1
15716248330.jpg 0 0
15717780117.jpg 0 0
15719819164.jpg 1 1
15719927134.jpg 1 1
15722321703.jpg 1 1
15726803995.jpg 0 0
15730135683.jpg 1 1
15743736314.jpg 1 1
15744748783.jpg 1 1
15746434786.jpg 0 0
1575167718.jpg 0 0
15757480184.jpg 1 1
15757499444.jpg 1 1
15759862673.jpg 1 1
15759905663.jpg 1 1
15759926463.jpg 1 1
15759929343.jpg 1 1
15768346160.jpg 0 0
15780386494.jpg 1 1
15791352473.jpg 1 1
15824521874.jpg 1 1
15831552024.jpg 1 1
15847330436.jpg 0 0
15871159721.jpg 0 0
15873148955.jpg 0 0
15873696507.jpg 1 1
15877741456.jpg 0 0
15877741576.jpg 0 0
15903543985.jpg 0 0
15903544655.jpg 0 0
15905845787.jpg 0 0
15913674409.jpg 0 0
15914009777.jpg 0 0
15939233659.jpg 0 0
15NU7_NTBC11AM.jpg 0 0
16030234460.jpg 1 1
16054659102.jpg 0 0
16073691301.jpg 0 0
16073691911.jpg 1 1
16119803020.jpg 1 1
16124611030.jpg 1 1
16126154287.jpg 1 1
16147722810.jpg 1 1
16147735400.jpg 1 1
16148909259.jpg 1 1
16151693948.jpg 0 0
16154662268.jpg 1 1
16154669308.jpg 1 1
16154986300.jpg 1 1
16154993900.jpg 1 1
16162325880.jpg 1 1
16162659270.jpg 1 1
16162665530.jpg 1 1
16162709250.jpg 1 1
16162711210.jpg 1 1
16162716460.jpg 1 1
16163862609.jpg 1 1
16163891289.jpg 1 1
16163895949.jpg 1 1
16164196207.jpg 1 1
16178515398.jpg 1 1
16178536549.jpg 1 1
16178609959.jpg 1 1
16178836070.jpg 1 1
16179912409.jpg 1 1
16180234977.jpg 1 1
16192232058.jpg 1 1
16192488290.jpg 1 1
16192976807.jpg 0 0
16193631139.jpg 1 1
16193650439.jpg 1 1
16193668439.jpg 1 1
16193704889.jpg 1 1
16194004717.jpg 1 1
16194012197.jpg 1 1
16194016687.jpg 1 1
16215210888.jpg 1 1
16216317540.jpg 1 1
16281241686.jpg 1 1
16305383001.jpg 1 1
16309171076.jpg 1 1
16310186551.jpg 1 1
16316402176.jpg 1 1
16324125036.jpg 1 1
16334235272.jpg 1 1
16334251382.jpg 1 1
16335099115.jpg 1 1
16335138275.jpg 1 1
16340159066.jpg 1 1
16340206396.jpg 1 1
16340504341.jpg 1 1
16340600051.jpg 1 1
16342239515.jpg 1 1
16348268271.jpg 0 0
16348306381.jpg 1 1
16348319301.jpg 1 1
16348321021.jpg 1 1
16349139512.jpg 0 0
16349150112.jpg 1 1
16349678685.jpg 1 1
16350039815.jpg 1 1
16350090135.jpg 1 1
16352021108.jpg 1 1
16353896656.jpg 1 1
16362507452.jpg 1 1
16364434751.jpg 1 1
16378170351.jpg 1 1
16378198301.jpg 1 1
16378970982.jpg 1 1
16378979402.jpg 1 1
16379015202.jpg 1 1
16379889855.jpg 1 1
16379938075.jpg 1 1
16385407966.jpg 0 0
16401106231.jpg 1 1
16402859535.jpg 1 1
16403718005.jpg 1 1
16409106276.jpg 1 1
16409617671.jpg 1 1
16411391235.jpg 1 1
16429231124.jpg 1 1
16434139912.jpg 1 1
16446091502.jpg 0 0
16452296091.jpg 0 0
16452319711.jpg 1 1
16464386693.jpg 0 0
16487874340.jpg 1 1
16522024963.jpg 1 1
16522027873.jpg 0 0
16551251803.jpg 0 0
16572600907.jpg 1 1
16667560568.jpg 0 0
1674178179.jpg 1 1
1676287999.jpg 1 1
16866265998.jpg 1 1
16922674505.jpg 0 0
17122708666.jpg 0 0
17160116229.jpg 1 1
17167077768.jpg 0 0
17237536250.jpg 1 1
17275959659.jpg 1 1
17484269988.jpg 1 1
17670495070.jpg 1 1
17780863496.jpg 1 1
17784201736.jpg 1 1
17868299335.jpg 0 0
17918432812.jpg 1 1
17942975008.jpg 1 1
17ns8cZy8IQMvM.jpg 1 1
18121296285.jpg 0 0
18131943271.jpg 1 1
18377273473.jpg 1 1
18965239790.jpg 1 1
18971451786.jpg 1 1
19242144718.jpg 1 1
19371980873.jpg 1 1
19376684803.jpg 1 1
194978599.jpg 1 1
1953924902.jpg 0 0
19674276706.jpg 1 1
19838046903.jpg 0 0
19849434990.jpg 1 1
1OcvtVxyVoPwoM.jpg 1 1
1dU82wjm2ZE5eM.jpg 1 1
1s-G7hQwVwMSEM.jpg 1 1
20141264246.jpg 0 0
20195551393.jpg 0 0
203334928.jpg 1 1
20412143686.jpg 1 1
20486462290.jpg 0 0
20517561024.jpg 1 1
2058871228.jpg 0 0
20623718073.jpg 0 0
2073360931.jpg 1 1
2079865137.jpg 1 1
20807058942.jpg 0 0
2089052785.jpg 1 1
20951298270.jpg 1 1
20983060960.jpg 1 1
21057993789.jpg 0 0
21163967472.jpg 0 0
21182056981.jpg 0 0
2121412890.jpg 1 1
21487499628.jpg 1 1
21581411142.jpg 1 1
216781162.jpg 1 1
2188422175.jpg 0 0
2188423273.jpg 0 0
2205685047.jpg 1 1
222450452.jpg 0 0
222450453.jpg 0 0
22270438358.jpg 1 1
2227217698.jpg 1 1
22335833131.jpg 0 0
22337260193.jpg 1 1
2234267010.jpg 0 0
2237500803.jpg 1 1
2254404035.jpg 1 1
2255030583.jpg 0 0
2255727911.jpg 1 1
22601118773.jpg 1 1
22766139354.jpg 0 0
22768698194.jpg 0 0
22869833183.jpg 1 1
2307013303.jpg 0 0
2307015139.jpg 0 0
2308641046.jpg 1 1
23266522172.jpg 1 1
2326906263.jpg 1 1
2326906405.jpg 1 1
23326779202.jpg 0 0
23365133643.jpg 1 1
23414542471.jpg 1 1
23462401234.jpg 1 1
23494126316.jpg 1 1
23511386230.jpg 0 0
23722805889.jpg 0 0
2373766170.jpg 1 1
2398765085.jpg 1 1
24064528566.jpg 0 0
24233301812.jpg 1 1
2434277310.jpg 0 0
2439668772.jpg 1 1
2442630228.jpg 1 1
2446310673.jpg 1 1
2446630890.jpg 0 0
2446631002.jpg 0 0
2452025401.jpg 1 1
24558889329.jpg 0 0
246005718.jpg 0 0
246005720.jpg 0 0
24610337061.jpg 0 0
2461108467.jpg 0 0
24646810034.jpg 0 0
24737599601.jpg 0 0
24750432422.jpg 1 1
2476644232.jpg 1 1
2485101762.jpg 1 1
24867051075.jpg 1 1
2486722297.jpg 1 1
2489714953.jpg 0 0
2502416238.jpg 1 1
2513682604.jpg 1 1
2537729956.jpg 1 1
2541800094.jpg 1 1
25593364104.jpg 0 0
2565327543.jpg 1 1
25675226963.jpg 1 1
2568168143.jpg 1 1
2570434226.jpg 1 1
257936359.jpg 1 1
2579403241.jpg 1 1
2584593522.jpg 1 1
2584593684.jpg 1 1
25851929631.jpg 0 0
25866216901.jpg 0 0
2587503945.jpg 0 0
25883967310.jpg 1 1
2594420158.jpg 1 1
2595103782.jpg 0 0
2598009608.jpg 1 1
260878825.jpg 0 0
2608950571.jpg 1 1
26104318782.jpg 0 0
26104320332.jpg 1 1
2613197573.jpg 0 0
26271766943.jpg 0 0
26294838801.jpg 0 0
2635164064.jpg 1 1
26568403990.jpg 1 1
2665672028.jpg 1 1
2668363531.jpg 1 1
26720132934.jpg 1 1
26808441281.jpg 0 0
26808444701.jpg 1 1
2682927645.jpg 1 1
2683748342.jpg 1 1
26903404720.jpg 1 1
2696638546.jpg 1 1
27032361723.jpg 1 1
27095107193.jpg 1 1
27095163303.jpg 1 1
2715099054.jpg 1 1
27155278081.jpg 1 1
2721353710.jpg 0 0
27309967420.jpg 1 1
27437432501.jpg 0 0
27495221303.jpg 1 1
27618935251.jpg 1 1
27630928991.jpg 1 1
2765595779.jpg 1 1
27671491196.jpg 1 1
27726739181.jpg 1 1
27745512381.jpg 1 1
27787944066.jpg 0 0
27843774511.jpg 1 1
27914465036.jpg 1 1
2795793913.jpg 1 1
2796747137.jpg 1 1
2796809695.jpg 1 1
27980093175.jpg 1 1
2798711595.jpg 0 0
2799875552.jpg 1 1
27as8RpmWyA3AM.jpg 0 0
2802887285.jpg 1 1
28031913655.jpg 0 0
2810577074.jpg 0 0
28109947175.jpg 1 1
2814318836.jpg 1 1
2832850706.jpg 0 0
2834065525.jpg 1 1
2834069923.jpg 1 1
2834089689.jpg 1 1
2834091751.jpg 1 1
2834097023.jpg 1 1
2834098379.jpg 1 1
2834099027.jpg 0 0
2834902270.jpg 1 1
2834904674.jpg 1 1
2834908168.jpg 1 1
2834915166.jpg 1 1
2834937406.jpg 0 0
2834938162.jpg 1 1
2860455207.jpg 1 1
2862398144.jpg 0 0
2863773345.jpg 0 0
2866447568.jpg 1 1
2871694387.jpg 1 1
2876557600.jpg 1 1
2888049120.jpg 1 1
2892634352.jpg 0 0
289337884.jpg 0 0
289621614.jpg 1 1
289623002.jpg 1 1
289624095.jpg 1 1
2899519390.jpg 1 1
28Eiiz3aqoxvHM.jpg 0 0
2919512491.jpg 1 1
2920323222.jpg 1 1
2929943355.jpg 0 0
2930244420.jpg 1 1
2930789410.jpg 0 0
2935494534.jpg 1 1
2942833804.jpg 0 0
2957319090.jpg 1 1
2958664593.jpg 1 1
2974831160.jpg 1 1
2992088062.jpg 1 1
29iFSndOKuICPM.jpg 1 1
2TK9IoygTAmluM.jpg 0 0
2WOyHrd_h99a3M.jpg 1 1
2YtMuxnrV1vagM.jpg 1 1
2dktSp56CXpikM.jpg 1 1
2id7aRySLhaSyM.jpg 0 0
2iweFitBcZ6f5M.jpg 1 1
2jHGUfxhvyJeIM.jpg 1 1
2vFS6IQQB28KZM.jpg 0 0
2w2payzHStMVcM.jpg 1 1
3033637319.jpg 1 1
3033759607.jpg 0 0
3033759609.jpg 0 0
3038133284.jpg 1 1
3043320296.jpg 1 1
3044871085.jpg 0 0
3051859135.jpg 0 0
3052103594.jpg 1 1
31037057.jpg 0 0
3111140075.jpg 0 0
3124066518.jpg 1 1
3148921655.jpg 0 0
3172689701.jpg 1 1
3173522124.jpg 1 1
3173522458.jpg 0 0
3187008833.jpg 0 0
3225231523.jpg 1 1
3226087670.jpg 1 1
3231694579.jpg 1 1
3236032489.jpg 1 1
3244776101.jpg 1 1
3256034065.jpg 0 0
3260960852.jpg 0 0
3267813523.jpg 1 1
3267814177.jpg 1 1
3267814791.jpg 1 1
3267891674.jpg 1 1
3268639902.jpg 1 1
3268640628.jpg 1 1
3268641176.jpg 1 1
3268728871.jpg 1 1
3276745715.jpg 1 1
3288801084.jpg 1 1
3301352617.jpg 1 1
3305717508.jpg 1 1
3308225431.jpg 1 1
3319497019.jpg 1 1
3319497265.jpg 1 1
3319497373.jpg 1 1
3320322654.jpg 1 1
3320325528.jpg 0 0
3327238028.jpg 0 0
3340512687.jpg 0 0
3344384170.jpg 0 0
3362913528.jpg 1 1
3368204065.jpg 0 0
3380885156.jpg 1 1
3395718962.jpg 1 1
3398013884.jpg 0 0
3402998003.jpg 0 0
3453350404.jpg 0 0
34577038.jpg 1 1
3472379403.jpg 0 0
3476782283.jpg 1 1
3481229856.jpg 1 1
3481230164.jpg 1 1
348281676.jpg 1 1
3483359852.jpg 1 1
3489569622.jpg 1 1
3490080327.jpg 1 1
3494553666.jpg 0 0
3496686290.jpg 1 1
3499288398.jpg 1 1
3500219863.jpg 1 1
3500224497.jpg 1 1
3512474905.jpg 1 1
3515662597.jpg 1 1
3521057557.jpg 0 0
3536670051.jpg 1 1
3537359307.jpg 1 1
3538175064.jpg 1 1
3538175670.jpg 1 1
3540736594.jpg 0 0
3545944200.jpg 1 1
3548655011.jpg 1 1
3551761789.jpg 1 1
3552590584.jpg 1 1
3564368921.jpg 1 1
3574482244.jpg 1 1
3577934951.jpg 1 1
3596030029.jpg 1 1
3599685416.jpg 1 1
3599752066.jpg 1 1
3600647927.jpg 1 1
3607841076.jpg 1 1
3609002170.jpg 0 0
3615559072.jpg 0 0
3641511483.jpg 1 1
3642207699.jpg 0 0
36647603.jpg 0 0
3665437332.jpg 1 1
3670226527.jpg 1 1
3671804307.jpg 0 0
3686993960.jpg 1 1
3690711345.jpg 1 1
3703248353.jpg 1 1
3707438797.jpg 0 0
3707447577.jpg 0 0
3709772061.jpg 1 1
3735471584.jpg 1 1
3742922135.jpg 0 0
3763510783.jpg 1 1
3801519264.jpg 1 1
3801519280.jpg 1 1
3801519292.jpg 1 1
3803612972.jpg 0 0
3822826861.jpg 1 1
3824053917.jpg 0 0
3833020025.jpg 1 1
3838366511.jpg 1 1
3840466215.jpg 1 1
3841257142.jpg 1 1
3844931348.jpg 1 1
3845459985.jpg 1 1
3854412646.jpg 0 0
387087489.jpg 0 0
3872612499.jpg 0 0
3875647634.jpg 1 1
3893382027.jpg 1 1
3895790514.jpg 1 1
3912613032.jpg 1 1
3914087848.jpg 1 1
3924808.jpg 1 1
3925308131.jpg 0 0
392698634.jpg 1 1
3927894085.jpg 0 0
3965416335.jpg 0 0
3991074235.jpg 0 0
3RCf9yPhOGlYbM.jpg 0 0
3VWyn4F_PsrRfM.jpg 1 1
3bbhrWeBU0YJ3M.jpg 1 1
3nSsSFE5copQjM.jpg 0 0
3uvUSLxlVbXicM.jpg 1 1
3vA2vCXvDkjC6M.jpg 0 0
3vAq_-W7bWZ90M.jpg 1 1
3wTawuQd7dINCM.jpg 1 1
4003051168.jpg 1 1
4004018342.jpg 1 1
400778313.jpg 1 1
4011162071.jpg 1 1
4073605577.jpg 1 1
4094289743.jpg 0 0
4102181858.jpg 1 1
4126776763.jpg 0 0
4127115737.jpg 1 1
418427907.jpg 1 1
4218229046.jpg 0 0
4235312154.jpg 1 1
42711028.jpg 0 0
4285451866.jpg 1 1
433261178.jpg 1 1
4333850759.jpg 1 1
4339264497.jpg 1 1
4349170564.jpg 0 0
4362648594.jpg 1 1
4367821239.jpg 1 1
4411307614.jpg 1 1
4414937770.jpg 0 0
4421747827.jpg 1 1
443424162.jpg 1 1
4462201582.jpg 1 1
4469190976.jpg 1 1
4469952871.jpg 1 1
4476394573.jpg 1 1
4515267609.jpg 1 1
4528781779.jpg 1 1
453418306.jpg 0 0
4541936994.jpg 1 1
4543530973.jpg 1 1
4554300686.jpg 1 1
4559304383.jpg 0 0
457070181.jpg 1 1
4595395494.jpg 0 0
4595475978.jpg 0 0
4595973564.jpg 1 1
4597112924.jpg 1 1
4597125106.jpg 1 1
4597300944.jpg 1 1
4597338380.jpg 1 1
4598476937.jpg 1 1
4600990978.jpg 1 1
460567998.jpg 1 1
4606580324.jpg 1 1
4611999926.jpg 1 1
4614826258.jpg 1 1
4628998930.jpg 1 1
4633017331.jpg 1 1
4634299926.jpg 1 1
4636496254.jpg 1 1
4641629049.jpg 1 1
4646502889.jpg 0 0
4656122635.jpg 1 1
4659570007.jpg 1 1
4659673670.jpg 1 1
4671668287.jpg 1 1
4696241967.jpg 1 1
4696245317.jpg 1 1
4696247999.jpg 1 1
4696509366.jpg 1 1
4699944561.jpg 1 1
4700573750.jpg 1 1
4702195779.jpg 1 1
4706036086.jpg 1 1
4706516657.jpg 1 1
4706519515.jpg 1 1
4706520159.jpg 1 1
4706522695.jpg 1 1
4706527799.jpg 1 1
4706527891.jpg 1 1
4707157448.jpg 1 1
4707168140.jpg 1 1
4707168622.jpg 1 1
4709076909.jpg 1 1
4718495907.jpg 1 1
4718516075.jpg 0 0
4719188838.jpg 0 0
4722920101.jpg 1 1
4729522067.jpg 1 1
4736070620.jpg 0 0
4737582159.jpg 1 1
474768063.jpg 1 1
4748816309.jpg 0 0
4749447520.jpg 1 1
4749448224.jpg 0 0
4749449152.jpg 1 1
476612772.jpg 0 0
476618791.jpg 0 0
4768422156.jpg 0 0
4781443338.jpg 0 0
4784699674.jpg 1 1
4785242882.jpg 1 1
4800336355.jpg 1 1
4805436428.jpg 0 0
4817174714.jpg 1 1
4819455656.jpg 1 1
4825386384.jpg 0 0
4830982058.jpg 1 1
4836407579.jpg 0 0
4840185274.jpg 1 1
4851825970.jpg 1 1
485846616.jpg 1 1
485877915.jpg 1 1
4871759151.jpg 1 1
4872366714.jpg 1 1
4881964253.jpg 1 1
4886146932.jpg 1 1
4923219244.jpg 1 1
4923409746.jpg 0 0
4925935193.jpg 1 1
4936774345.jpg 0 0
4940344229.jpg 0 0
4949129628.jpg 1 1
4957454511.jpg 0 0
4957549511.jpg 1 1
4958047568.jpg 0 0
4964978564.jpg 1 1
496736635.jpg 0 0
4973572019.jpg 1 1
4990496167.jpg 1 1
4994789563.jpg 1 1
4AArHBPZ1vYPMM.jpg 1 1
4ARBynR3w1kX4M.jpg 0 0
4CDsfq11jeUtzM.jpg 1 1
4RKdp66cjqNdiM.jpg 1 1
4TDnG5f_wQNR1M.jpg 1 1
4mZkwp8jyhPSlM.jpg 1 1
4q1ro6OS8THarM.jpg 0 0
4u14sGVKqx9VCM.jpg 1 1
5005285428.jpg 1 1
5018508709.jpg 1 1
5019834909.jpg 0 0
5023385722.jpg 0 0
5035486620.jpg 0 0
5044353591.jpg 0 0
5076667572.jpg 0 0
5085240612.jpg 1 1
5113514581.jpg 1 1
512153717.jpg 0 0
512153725.jpg 0 0
5143122493.jpg 0 0
5151342124.jpg 1 1
5188286275.jpg 0 0
5240389200.jpg 0 0
5240389678.jpg 1 1
5249663346.jpg 0 0
5272784731.jpg 0 0
5274774319.jpg 1 1
5281433046.jpg 0 0
528881657.jpg 0 0
529023777.jpg 1 1
5290593257.jpg 0 0
5304157775.jpg 1 1
530862565.jpg 0 0
530862575.jpg 0 0
533788504.jpg 1 1
5339545287.jpg 1 1
5341945325.jpg 1 1
5355876376.jpg 1 1
5362979535.jpg 1 1
5364899252.jpg 1 1
5366692608.jpg 1 1
536890803.jpg 1 1
53o1xfw7fGxT6M.jpg 1 1
541395783.jpg 1 1
5418407952.jpg 0 0
5424363427.jpg 0 0
543355767.jpg 0 0
5460636297.jpg 1 1
5477949307.jpg 1 1
5486365759.jpg 1 1
5490283843.jpg 1 1
5509547062.jpg 0 0
5530561304.jpg 1 1
5545097688.jpg 1 1
5547705671.jpg 1 1
5559191357.jpg 1 1
5560528270.jpg 0 0
5560564386.jpg 1 1
5567295811.jpg 1 1
5567801518.jpg 1 1
5571262375.jpg 0 0
5571850560.jpg 1 1
5577365528.jpg 1 1
5581418392.jpg 1 1
5584476733.jpg 1 1
5588206070.jpg 1 1
5597840465.jpg 1 1
5615172061.jpg 1 1
5623829100.jpg 0 0
5628159438.jpg 1 1
5637019955.jpg 1 1
5639173078.jpg 1 1
5642338549.jpg 1 1
5670307633.jpg 1 1
5671405711.jpg 1 1
569023614.jpg 0 0
56hwoPJoll7yPM.jpg 1 1
5703541745.jpg 1 1
5708839739.jpg 1 1
5716993068.jpg 1 1
5733740379.jpg 1 1
5734289478.jpg 1 1
5740079218.jpg 1 1
5745923888.jpg 1 1
5771703559.jpg 1 1
5772918313.jpg 1 1
5776383013.jpg 0 0
5782235733.jpg 0 0
5787811234.jpg 1 1
5789040939.jpg 1 1
5790235856.jpg 0 0
5791930067.jpg 1 1
5792489070.jpg 1 1
581069310.jpg 0 0
5816151603.jpg 1 1
5817158909.jpg 1 1
5823395675.jpg 0 0
5823942090.jpg 1 1
5834542432.jpg 1 1
5847449764.jpg 1 1
5862691311.jpg 1 1
5862691939.jpg 1 1
5862692873.jpg 1 1
5862692985.jpg 1 1
5862693925.jpg 1 1
5862695235.jpg 0 0
5862696645.jpg 1 1
5863241512.jpg 0 0
5863242342.jpg 1 1
5863242670.jpg 1 1
5863244882.jpg 1 1
5863245140.jpg 1 1
5863245354.jpg 1 1
5863245614.jpg 0 0
5863246064.jpg 1 1
5863246790.jpg 1 1
5872898349.jpg 0 0
5873264601.jpg 1 1
5875621989.jpg 1 1
5876180838.jpg 1 1
58833741.jpg 1 1
5886193374.jpg 1 1
5891065067.jpg 0 0
5892193956.jpg 0 0
5904478907.jpg 1 1
5907100561.jpg 1 1
5907221827.jpg 1 1
5907284204.jpg 1 1
5907391056.jpg 0 0
5907655996.jpg 1 1
5908191373.jpg 1 1
5913532687.jpg 0 0
5919143395.jpg 0 0
5944767601.jpg 1 1
5948942557.jpg 0 0
5948943297.jpg 0 0
5948943437.jpg 0 0
5948943491.jpg 0 0
5949497706.jpg 0 0
5949498302.jpg 0 0
5949498378.jpg 1 1
5949498504.jpg 1 1
5949498650.jpg 0 0
5951242698.jpg 1 1
596202592.jpg 1 1
596202670.jpg 1 1
596202806.jpg 1 1
598136946.jpg 1 1
5986665473.jpg 1 1
5C_bRgQ7JTYfZM.jpg 1 1
5E0RamQ54TtxJM.jpg 1 1
5E0vKRAK6Ykz5M.jpg 1 1
5J-TuOqul3IL-M.jpg 1 1
5Q8SW0opt-gLlM.jpg 1 1
5vLfGj6FtZGz_M.jpg 1 1
5zllA6mFYZBLLM.jpg 1 1
6008947355.jpg 0 0
6012349606.jpg 0 0
6015356326.jpg 1 1
6016058277.jpg 1 1
6016058765.jpg 1 1
6016059085.jpg 1 1
6023424429.jpg 0 0
6040602112.jpg 1 1
6062166482.jpg 0 0
6067563576.jpg 0 0
6079376560.jpg 1 1
6086793354.jpg 0 0
6088782301.jpg 1 1
6089324586.jpg 1 1
6089325006.jpg 1 1
6089325296.jpg 1 1
6120118449.jpg 0 0
6124882478.jpg 1 1
6130296179.jpg 1 1
6141480813.jpg 1 1
6147935368.jpg 0 0
6173234078.jpg 1 1
617694556.jpg 1 1
6185321785.jpg 0 0
6226457848.jpg 0 0
6238711927.jpg 0 0
6298887389.jpg 1 1
6298969532.jpg 1 1
6299414518.jpg 1 1
6299415696.jpg 1 1
6299419092.jpg 1 1
6299828611.jpg 1 1
6331807823.jpg 1 1
6342833855.jpg 1 1
6343888885.jpg 1 1
6344165842.jpg 1 1
6352833205.jpg 1 1
6381995059.jpg 0 0
6437623727.jpg 1 1
6454065681.jpg 1 1
6454145635.jpg 1 1
6460171571.jpg 0 0
6460173191.jpg 0 0
6463120841.jpg 1 1
6463120853.jpg 1 1
6482392207.jpg 1 1
6530275861.jpg 1 1
6530276773.jpg 1 1
6530278735.jpg 1 1
6530295065.jpg 1 1
6530295305.jpg 1 1
6530295477.jpg 1 1
6530295721.jpg 1 1
6530296039.jpg 1 1
6530296227.jpg 1 1
6530296463.jpg 1 1
6530296687.jpg 1 1
6530296925.jpg 1 1
6530297147.jpg 1 1
6530297375.jpg 1 1
6530297607.jpg 1 1
6530298023.jpg 1 1
6530298231.jpg 1 1
6530298441.jpg 1 1
6530298851.jpg 1 1
6530299081.jpg 1 1
6530300021.jpg 1 1
6530300209.jpg 1 1
6530300407.jpg 1 1
6530300665.jpg 1 1
6530300895.jpg 1 1
6530301129.jpg 1 1
6530301321.jpg 1 1
6530301831.jpg 1 1
6530302085.jpg 1 1
6530302305.jpg 1 1
6530302539.jpg 1 1
6530302977.jpg 1 1
6530303161.jpg 1 1
6530303379.jpg 1 1
6530303661.jpg 1 1
6530303905.jpg 1 1
6530304081.jpg 1 1
6530304265.jpg 1 1
6530304511.jpg 1 1
6530304709.jpg 1 1
6530304967.jpg 1 1
6530305143.jpg 1 1
6530305355.jpg 1 1
6530306233.jpg 1 1
6530306453.jpg 1 1
6530307655.jpg 1 1
6530307875.jpg 1 1
6530308095.jpg 1 1
6530308293.jpg 1 1
6530308559.jpg 1 1
6530308781.jpg 1 1
6530309415.jpg 1 1
6530309851.jpg 1 1
6530310293.jpg 1 1
6530310699.jpg 1 1
6530311101.jpg 1 1
6530311323.jpg 1 1
6530311567.jpg 1 1
6530312895.jpg 1 1
6530313135.jpg 1 1
6530313363.jpg 1 1
6530313581.jpg 1 1
6530313771.jpg 1 1
6530314015.jpg 1 1
6530314257.jpg 1 1
6530314493.jpg 1 1
6530314719.jpg 1 1
6530314961.jpg 1 1
6530315227.jpg 1 1
6530315943.jpg 1 1
6530316715.jpg 1 1
6530316945.jpg 1 1
6530317235.jpg 1 1
6530317479.jpg 1 1
6530317693.jpg 1 1
6530318183.jpg 1 1
6530318409.jpg 1 1
6530318653.jpg 1 1
6530318893.jpg 1 1
6530319149.jpg 1 1
6530319375.jpg 1 1
6530319631.jpg 1 1
6530319847.jpg 1 1
6530320237.jpg 1 1
6530320535.jpg 1 1
6530320745.jpg 1 1
6530321185.jpg 1 1
6530321407.jpg 1 1
6530321611.jpg 1 1
6530321843.jpg 1 1
6530322121.jpg 1 1
6530322351.jpg 1 1
6530322647.jpg 1 1
6530322937.jpg 1 1
6530323217.jpg 1 1
6530323419.jpg 1 1
6530323667.jpg 1 1
6530323885.jpg 1 1
6530324121.jpg 1 1
6530324351.jpg 1 1
6530324567.jpg 1 1
6530324829.jpg 1 1
6530325047.jpg 1 1
6530325257.jpg 1 1
6530325487.jpg 1 1
6530325713.jpg 1 1
6530325925.jpg 1 1
6530326143.jpg 1 1
6530326359.jpg 1 1
6530326559.jpg 1 1
6530326765.jpg 1 1
6530326979.jpg 1 1
6530327157.jpg 1 1
6530327367.jpg 1 1
6530327635.jpg 1 1
6530327823.jpg 1 1
6530328031.jpg 1 1
6530328255.jpg 1 1
6530328477.jpg 1 1
6530328647.jpg 1 1
6530328897.jpg 1 1
6530329061.jpg 1 1
6530329255.jpg 1 1
6538399039.jpg 0 0
6538400175.jpg 1 1
6555728573.jpg 1 1
6556434887.jpg 1 1
6645616095.jpg 0 0
6676226125.jpg 1 1
6686521795.jpg 1 1
6686555961.jpg 1 1
6686562857.jpg 1 1
6686574341.jpg 1 1
6706679971.jpg 0 0
6741808747.jpg 1 1
6776199511.jpg 1 1
6785488220.jpg 1 1
6825710202.jpg 1 1
6866889527.jpg 0 0
6869532541.jpg 0 0
6874588746.jpg 0 0
6884142360.jpg 0 0
6884296598.jpg 0 0
6884310794.jpg 0 0
6887620506.jpg 1 1
6914791174.jpg 0 0
6934529014.jpg 1 1
6949576247.jpg 1 1
6955770833.jpg 0 0
6963011903.jpg 0 0
6971829505.jpg 1 1
6971837875.jpg 1 1
6998513606.jpg 1 1
6KpywdPLdu0-TM.jpg 1 1
6TkFDci_nhS7nM.jpg 1 1
6YpX5FX55V8PyM.jpg 0 0
6Z0LU7F-VBEGoM.jpg 0 0
6Z4AF1SqY4ffpM.jpg 1 1
6_u1o8sYMA-kTM.jpg 1 1
6aATu-DABqAdeM.jpg 0 0
6dBigySFMOiePM.jpg 1 1
6eKapILdHb3tJM.jpg 1 1
6fj9Zunc1t4qnM.jpg 1 1
6qXMd-rvHJLRrM.jpg 0 0
6wDQEVdFM0ZeEM.jpg 1 1
6yuVE7eA6J0gJM.jpg 1 1
7000378465.jpg 0 0
7003255311.jpg 0 0
7027983369.jpg 1 1
7030414525.jpg 0 0
7030421979.jpg 0 0
7033718127.jpg 1 1
7043983823.jpg 0 0
7082597437.jpg 0 0
7153425593.jpg 1 1
7160046061.jpg 1 1
7160917379.jpg 1 1
7161109281.jpg 0 0
7165375735.jpg 0 0
7167283817.jpg 0 0
7173081123.jpg 1 1
7178816823.jpg 0 0
7178817455.jpg 0 0
7181836288.jpg 1 1
7183567930.jpg 1 1
7201293348.jpg 1 1
7211389494.jpg 0 0
7222791632.jpg 1 1
7226134016.jpg 1 1
7233805228.jpg 1 1
7246582286.jpg 1 1
7272352140.jpg 1 1
7277073842.jpg 0 0
7283471816.jpg 0 0
7310870010.jpg 1 1
7318424066.jpg 1 1
7350587778.jpg 0 0
7359311982.jpg 1 1
7363687670.jpg 1 1
7364047672.jpg 0 0
7364050512.jpg 0 0
7364051582.jpg 0 0
7371463226.jpg 1 1
7376136558.jpg 1 1
7385177006.jpg 0 0
7385181120.jpg 0 0
7393344268.jpg 1 1
7395736776.jpg 1 1
7406257344.jpg 0 0
7406813606.jpg 1 1
7406815252.jpg 1 1
7406821690.jpg 1 1
7406823612.jpg 1 1
7413443288.jpg 1 1
7421932234.jpg 1 1
7427479720.jpg 1 1
7429103106.jpg 1 1
7431483820.jpg 1 1
7466067888.jpg 1 1
7473045132.jpg 0 0
7483491198.jpg 0 0
7498349714.jpg 0 0
7500202588.jpg 0 0
7515001912.jpg 0 0
752238061.jpg 1 1
7535153428.jpg 1 1
7536045224.jpg 1 1
7539890676.jpg 0 0
7558491920.jpg 1 1
7573917614.jpg 0 0
7596390880.jpg 1 1
7604986352.jpg 1 1
7646357722.jpg 1 1
7651952312.jpg 0 0
7654502546.jpg 1 1
7675745872.jpg 1 1
7687262140.jpg 0 0
7687264306.jpg 0 0
7687270280.jpg 0 0
7716378410.jpg 1 1
7731977078.jpg 1 1
7733318808.jpg 1 1
7733968454.jpg 0 0
7733973786.jpg 1 1
7748457132.jpg 0 0
7758390678.jpg 1 1
7758393218.jpg 1 1
7768044908.jpg 1 1
7769183150.jpg 0 0
7771742896.jpg 1 1
7790856388.jpg 1 1
7802916532.jpg 1 1
7802917594.jpg 1 1
7803558434.jpg 1 1
7804852874.jpg 1 1
7805886134.jpg 0 0
7806330976.jpg 1 1
7806331748.jpg 1 1
7837166204.jpg 1 1
7837166610.jpg 1 1
7871258942.jpg 1 1
7883426192.jpg 1 1
7883426696.jpg 1 1
7883431800.jpg 1 1
7883432248.jpg 1 1
7888000296.jpg 1 1
7898749892.jpg 1 1
7960618430.jpg 0 0
7960625960.jpg 1 1
7962528728.jpg 1 1
7975547808.jpg 1 1
7978099133.jpg 0 0
7D73e9RXKyHlMM.jpg 0 0
7EPsxoyj15havM.jpg 0 0
7GWeStMGnss-4M.jpg 1 1
7M8wEl5FWkfZ3M.jpg 1 1
7NSHKFmQzUP-LM.jpg 0 0
7VdkEDmpYaXQSM.jpg 1 1
8017321266.jpg 1 1
8017321548.jpg 1 1
8021914028.jpg 0 0
8034376517.jpg 0 0
8035899253.jpg 1 1
8037147853.jpg 0 0
8044630306.jpg 0 0
8044670177.jpg 1 1
8063019721.jpg 1 1
8066442609.jpg 0 0
8069914598.jpg 1 1
8079853051.jpg 0 0
8079856626.jpg 1 1
8088400911.jpg 1 1
8090513882.jpg 0 0
8103389360.jpg 0 0
8105126658.jpg 0 0
8117681088.jpg 1 1
8123917798.jpg 0 0
8125721671.jpg 1 1
8125726086.jpg 1 1
8126559276.jpg 1 1
8143066583.jpg 1 1
8149757065.jpg 0 0
8152520052.jpg 0 0
8173128809.jpg 1 1
8204274434.jpg 0 0
8205366955.jpg 1 1
8213394126.jpg 0 0
8215261506.jpg 1 1
82430026.jpg 0 0
8246362478.jpg 1 1
8261862748.jpg 0 0
8273416589.jpg 0 0
8289052078.jpg 1 1
8289152634.jpg 1 1
8294112734.jpg 1 1
82oAkLjWPwF1LM.jpg 1 1
8312795476.jpg 0 0
8316072715.jpg 1 1
8360956440.jpg 1 1
8365397184.jpg 1 1
8372781047.jpg 1 1
8372783175.jpg 0 0
8372788069.jpg 0 0
8372789215.jpg 1 1
8372790763.jpg 1 1
8373846640.jpg 0 0
8373848694.jpg 0 0
8373850224.jpg 1 1
8373851350.jpg 1 1
8373863210.jpg 1 1
8373864772.jpg 1 1
8397260383.jpg 1 1
8411139785.jpg 1 1
8425922514.jpg 1 1
8432810594.jpg 1 1
8445012932.jpg 1 1
8455328234.jpg 1 1
8456933669.jpg 0 0
846400647.jpg 1 1
847026470.jpg 0 0
8479455851.jpg 1 1
8482043756.jpg 0 0
8502706202.jpg 1 1
8526689950.jpg 1 1
8526696712.jpg 1 1
8526703152.jpg 1 1
8537232896.jpg 0 0
8539429363.jpg 1 1
8560516690.jpg 1 1
8580840852.jpg 1 1
8583460587.jpg 0 0
8584561886.jpg 0 0
8586157423.jpg 1 1
8628092411.jpg 0 0
8628762216.jpg 1 1
8629168359.jpg 1 1
8640624077.jpg 0 0
8640625723.jpg 0 0
8641727070.jpg 0 0
8641728244.jpg 0 0
8650009886.jpg 0 0
866805358.jpg 1 1
867436831.jpg 0 0
8681137210.jpg 0 0
8693567431.jpg 1 1
8694319785.jpg 0 0
86N1hTd9EL2g5M.jpg 1 1
8724228041.jpg 0 0
8725303062.jpg 1 1
8725754072.jpg 1 1
8725754736.jpg 0 0
8729044643.jpg 0 0
8730164550.jpg 0 0
8734542620.jpg 1 1
8734881495.jpg 1 1
8738428575.jpg 1 1
8738430673.jpg 1 1
8739108752.jpg 1 1
8740762528.jpg 1 1
8740764710.jpg 0 0
8740764812.jpg 0 0
8742700607.jpg 0 0
8742703973.jpg 0 0
8742704935.jpg 0 0
8743821798.jpg 0 0
8764592499.jpg 1 1
8764598937.jpg 1 1
8764602603.jpg 1 1
8767306196.jpg 1 1
8767309500.jpg 1 1
8767316682.jpg 1 1
8769462981.jpg 1 1
8786266478.jpg 0 0
8870449661.jpg 1 1
8928949209.jpg 1 1
8929812272.jpg 1 1
8940868868.jpg 0 0
8941994650.jpg 1 1
8983215928.jpg 1 1
8983755855.jpg 1 1
8996585822.jpg 0 0
89jR0ICyqYsKMM.jpg 1 1
8A9_Yj4ZzK982M.jpg 1 1
8YB0qTbfyVp7rM.jpg 1 1
8_obCcWYIt8OtM.jpg 1 1
8myDvZJkPgrcvM.jpg 0 0
8oSLkxfMpbbKbM.jpg 1 1
8pibytBrEXapTM.jpg 1 1
8steH0khsJNUZM.jpg 1 1
8w_eorGgvasgpM.jpg 1 1
8xkLh2s9O1yp_M.jpg 0 0
8ybYDPNuSpGT1M.jpg 1 1
9-CemFcnoUieFM.jpg 1 1
9046553406.jpg 1 1
9068552390.jpg 1 1
9084874053.jpg 1 1
9085077291.jpg 0 0
9086917477.jpg 1 1
9117590633.jpg 1 1
9174189865.jpg 1 1
9179710591.jpg 0 0
9179836691.jpg 1 1
9187579273.jpg 0 0
9212074923.jpg 1 1
9216856140.jpg 1 1
9298150937.jpg 0 0
931426008.jpg 1 1
9323171495.jpg 1 1
9399334574.jpg 1 1
93BOT7N0jLaH_M.jpg 0 0
9401393404.jpg 1 1
9426861240.jpg 0 0
9434843817.jpg 1 1
9470488249.jpg 1 1
9478281879.jpg 0 0
9478311009.jpg 0 0
9481094562.jpg 0 0
950349947.jpg 1 1
9512655419.jpg 0 0
9530868585.jpg 1 1
959Gq9ure3UQ6M.jpg 0 0
9621844031.jpg 1 1
9621847695.jpg 0 0
9657869833.jpg 1 1
9661101864.jpg 1 1
9672117050.jpg 1 1
9672118710.jpg 1 1
9672119974.jpg 1 1
9699228399.jpg 0 0
976138993.jpg 1 1
9857516926.jpg 1 1
98N49W52qDRIdM.jpg 1 1
996522550.jpg 0 0
9A9rea3QpZGWNM.jpg 1 1
9OeOcgpzxsa3IM.jpg 1 1
9OevX_vf9BZVcM.jpg 0 0
9QLmwd3VtGV7cM.jpg 1 1
9eJKtlDeObbXPM.jpg 1 1
9iJOa9ROBkxrSM.jpg 1 1
9ubxmXKDpZHRbM.jpg 0 0
A-wxJBdZ0a31PM.jpg 1 1
A4BrP9dmomUcvM.jpg 1 1
A57pjWg8trQ1mM.jpg 1 1
AEmAsrez7PrasM.jpg 1 1
AFwtYzBGZmF6GM.jpg 0 0
AJS6AaHrqMCyvM.jpg 1 1
ANvPXwFdZq6pdM.jpg 1 1
AOqoMmPGT1uFRM.jpg 1 1
ASgemICdwGteRM.jpg 1 1
ATiFF_SXNzBGiM.jpg 1 1
AgiTcE1u2jcHIM.jpg 1 1
Ai1lnl5nQpd6QM.jpg 1 1
Ao62v-sY2yCFCM.jpg 1 1
Ax-88EUuRpu9WM.jpg 0 0
BAq7nxIU0Sl9qM.jpg 1 1
BC5vBSGWiy7AkM.jpg 0 0
BTV3lesz9gtumM.jpg 1 1
BfTT12aN1oJnLM.jpg 1 1
Bq6urCw9CrqPhM.jpg 1 1
C2snSE56E2VwPM.jpg 1 1
CFAoKOBrRSeENM.jpg 1 1
CGlcm8njFzCLIM.jpg 0 0
CGw_05y7RKfuoM.jpg 1 1
CHPbGcbLu0iv6M.jpg 1 1
CM91VWsxAnwV1M.jpg 1 1
CRw9xiaz5Eb3LM.jpg 0 0
CUU7fFZCQdMkqM.jpg 1 1
CXwxdAp_jVe-IM.jpg 1 1
CiJUY5zUie1KeM.jpg 1 1
ClT-bUsnpzYZKM.jpg 0 0
Cm1844vVkfRtrM.jpg 1 1
CtE7Z_B75V8lkM.jpg 0 0
Cu6r3lntY2KavM.jpg 1 1
CulcE3rK8JrdqM.jpg 1 1
CvFFOIoT8TY17M.jpg 1 1
CvlwTZEGboeENM.jpg 0 0
D0TPdbibNN9NdM.jpg 1 1
D6LiY8F9wwHuvM.jpg 1 1
DLmxQv0teDI55M.jpg 1 1
DM_dKv-37QXCVM.jpg 1 1
DYYrQRFRNC4CuM.jpg 0 0
Dd__1R1pSXenFM.jpg 0 0
DfLlL5kzvA3M4M.jpg 1 1
DqM4-vqFda64cM.jpg 1 1
DqY5TE9ABJV9PM.jpg 1 1
DtBCjDYh16qs1M.jpg 0 0
DukJrRQYbDx-YM.jpg 1 1
Dw532JlRSSepoM.jpg 1 1
E-Rw4dITFjGmJM.jpg 0 0
E1DsXyC9kWxP3M.jpg 1 1
E1jspn596BZolM.jpg 1 1
E9vLY9EOSbtBDM.jpg 1 1
EW_8xqE_yXWE4M.jpg 1 1
EYHR3Wq78f5aGM.jpg 0 0
Eie9PbjDyojcUM.jpg 1 1
EoF_pg4MWrw4lM.jpg 1 1
F0rP0wmDqwx7FM.jpg 0 0
F4meLpPrqNGznM.jpg 1 1
FM0GykBTGWdKMM.jpg 0 0
Fc9-cIrS8nUSGM.jpg 0 0
FdVElOZEnyQpIM.jpg 1 1
FoqIXlbGKoXjlM.jpg 0 0
FtfaGAVaxMkMXM.jpg 1 1
GFTe79x3LGU3qM.jpg 1 1
GKViwWGIBZAffM.jpg 1 1
GYvb1QXiG03d8M.jpg 1 1
Ga5eRFS7Ds4cnM.jpg 1 1
Gen9FneC5Wl3FM.jpg 1 1
GlYxhKKAkF8YDM.jpg 1 1
HOZJO0EukY6EfM.jpg 1 1
HUoNMNSizQQI3M.jpg 1 1
HXlXh1E947H5cM.jpg 1 1
Hc7MQ1DCXSTdaM.jpg 0 0
HfJE4i2aJQpQgM.jpg 0 0
HtP4_RCNiXd-1M.jpg 0 0
INxqetNqh7YfeM.jpg 1 1
ISPR4DgPs7F6fM.jpg 0 0
IUzBk1cqx2pxnM.jpg 1 1
IVgHQvr6WveHFM.jpg 0 0
IXY6V-9Tn6lq2M.jpg 0 0
Ib6EdIrDhcarzM.jpg 1 1
IeSEWzwvJMe8VM.jpg 1 1
IgzZMJlFZn0FBM.jpg 0 0
J3XH1Qn3dbWd4M.jpg 1 1
JFnWs8OmaTdZeM.jpg 1 1
JIz8VekEVNtkBM.jpg 1 1
JJkG04_xy6FnGM.jpg 0 0
JRSabmfGAdPYbM.jpg 1 1
JUzZ4PaRFAAfPM.jpg 1 1
JX3kEO-gkY6-QM.jpg 1 1
JjSJU5mDhYGyZM.jpg 1 1
Jo28A4JBtYmsRM.jpg 1 1
JvHi0QT57gMv2M.jpg 1 1
JwzLlnm7AayVjM.jpg 0 0
K0F35Gzoj_K-vM.jpg 1 1
K3j9oe-bGP0gvM.jpg 1 1
K4XqLxlIM37qnM.jpg 1 1
K5OSqPR39Sm5ZM.jpg 0 0
K883Iqs0RPjyIM.jpg 0 0
K8JKkQeCR5IgQM.jpg 1 1
K9_W70ceFpGtvM.jpg 1 1
KPjUHSnhW7WPsM.jpg 0 0
KXZs9owLsuV6bM.jpg 1 1
KaSDMiLKDsqHlM.jpg 1 1
Ke2_zdcvr1XvWM.jpg 1 1
KpL_pyRw6oYawM.jpg 1 1
KqiiwIpMiYKKpM.jpg 1 1
L7sKeyfnVUpWbM.jpg 1 1
LA2N84GceYdY5M.jpg 0 0
LE1D1AtlImxHkM.jpg 1 1
LHTLZ0PpA-6mFM.jpg 1 1
LInQBNvQqRGPTM.jpg 1 1
LRbiNxFuqSl2ZM.jpg 1 1
LXbQpSThFgnOOM.jpg 0 0
LZSBMdRkIgBbwM.jpg 1 1
LcyOmGQ0dUqzKM.jpg 1 1
Ldq4jMoaSvYUuM.jpg 1 1
LtTGFghl7-cOQM.jpg 1 1
M-k5eObwbbOA0M.jpg 1 1
MIKLTJIshs6uLM.jpg 1 1
MIL3c-Q3IwwByM.jpg 0 0
MPqyTd-QNlpqfM.jpg 1 1
MQ8alTzCSZtfwM.jpg 1 1
MWOeAiXluPMzdM.jpg 0 0
MgpY3tOw92pPDM.jpg 1 1
MwRO8Qz7Xvcu-M.jpg 1 1
NEtf2qct56cqGM.jpg 0 0
NFRSyRJUtjnD8M.jpg 1 1
NNLmJqyInifhWM.jpg 1 1
NlrPpFC9I6mL6M.jpg 1 1
Nru4bEgKTPWLKM.jpg 1 1
O1uYGhZc7FBYTM.jpg 1 1
O7A7KoDLu306LM.jpg 0 0
O95a2LR9Z0izMM.jpg 1 1
OB5FNGR3ALEY7M.jpg 1 1
OFTYSLImryT8HM.jpg 1 1
OSiC9zpy15JXPM.jpg 1 1
OqsRlJt6c0DCBM.jpg 1 1
OrSH4cBx4FqcfM.jpg 0 0
P-YGzLsafyn8GM.jpg 0 0
PFlcjnFNTGpc8M.jpg 1 1
PZb9Vvo_9ZDObM.jpg 1 1
PdmWr9dYXGEhTM.jpg 0 0
PjAK4_WK094ThM.jpg 1 1
PkvCHXjYGUecyM.jpg 1 1
Q14xA0crb8BbtM.jpg 0 0
Q1BY21DlmV3TMM.jpg 1 1
QGrg58HWAqti8M.jpg 0 0
QKHh-BwWAPW8uM.jpg 1 1
QNwE-YWxMD3wqM.jpg 0 0
QOwUJwJhF8VAbM.jpg 1 1
QT7BQc8otxb5QM.jpg 1 1
QWpRAcsP3d8HuM.jpg 1 1
QfNZHgrFnhCNOM.jpg 0 0
Qgx3jH6K4YGriM.jpg 1 1
R4krJg0zXes9dM.jpg 0 0
R5qONoTPYNMssM.jpg 1 1
RCLnmx0XqCYXiM.jpg 0 0
RCZz4HWwLqlt3M.jpg 1 1
RDWTKVXG3wJc2M.jpg 1 1
REWeTQnO8FIilM.jpg 1 1
RUGwGLxD4AGoGM.jpg 0 0
Rb_9sFAAGZ7wkM.jpg 1 1
RfditwSApXqHuM.jpg 1 1
RktYaRSwev5xbM.jpg 1 1
RqQsOfW61QVLIM.jpg 0 0
Rt9MhGVqozXNBM.jpg 1 1
S1R_-KeZcP3iyM.jpg 0 0
S9XevzyV8ila1M.jpg 0 0
SDuWYqWqmD_izM.jpg 1 1
SHiQakjyu5gqeM.jpg 1 1
SKjKcTlvG46hOM.jpg 0 0
SVEY3bAl-FMY-M.jpg 0 0
SYOc_g8KE0jIPM.jpg 1 1
St-b5EBupDU0YM.jpg 1 1
Sxi9fDfh-Js4HM.jpg 0 0
SzVwIKk8b9X8_M.jpg 1 1
T-gDIzty79aZbM.jpg 0 0
T3BkTNXksrpNYM.jpg 1 1
T9wZDBiaTYICyM.jpg 1 1
TDsNf1TnuuWuRM.jpg 1 1
TP6pVkyUyvJizM.jpg 1 1
ThnkJNpyYUYQCM.jpg 0 0
Ti3CiKgF-RXctM.jpg 1 1
TknNuHT1QIq2jM.jpg 0 0
TrZLREfTPQV-JM.jpg 1 1
TxpWWWCg9PqMGM.jpg 0 0
TyaAGb9A2kirNM.jpg 1 1
UMcUrTQ8NxBGRM.jpg 1 1
UYnhuSJHHzGMRM.jpg 1 1
UcIYrB4-jD_abM.jpg 1 1
Ui16EtH4xr4-eM.jpg 1 1
UnNYjFF8evYgdM.jpg 1 1
UoufLIJRulv0rM.jpg 1 1
Us7Uekem-q46vM.jpg 1 1
V0OEanhUAG6qEM.jpg 0 0
V9oz_meUp4ylPM.jpg 0 0
VDiTGX1_ho890M.jpg 1 1
VECB1GGs5T5QBM.jpg 1 1
VH1IHDDxY9VORM.jpg 1 1
VK3K8jiNHfa6JM.jpg 0 0
VQa_9yvAZpKmoM.jpg 1 1
VgvjXYk_NzkKUM.jpg 1 1
Vh-Fsn44WDb0oM.jpg 1 1
VmV8khC-2nbhPM.jpg 1 1
VsIJM4yg3f8PrM.jpg 1 1
Vx2lQooG8MOJmM.jpg 1 1
W5wGg4P9sNhvOM.jpg 1 1
WVwlfoOfv_VBSM.jpg 1 1
WXOVoJ2OP6Fv_M.jpg 1 1
WgvtaNWoTjUt_M.jpg 1 1
Whr5juHXCtRJlM.jpg 1 1
WmeMsx_Wit1C3M.jpg 1 1
X-1BQh4iIKchKM.jpg 1 1
X13x6VM4p7lbNM.jpg 1 1
XGdUa-hxX-K-nM.jpg 0 0
XIvMxNSlkyHWyM.jpg 0 0
XJVKNi5Z2HXhjM.jpg 0 0
XZ9UGTr-uzSJTM.jpg 1 1
XcCBgBf9dVG_7M.jpg 1 1
XgyoJ59041OLDM.jpg 1 1
XlQlzDMLzfOEYM.jpg 1 1
XyHIa15go1RrfM.jpg 1 1
YBECaY30sSVfqM.jpg 1 1
YC9zQQgOrLe21M.jpg 1 1
YFimfpAFshXlNM.jpg 1 1
YNqwzWo0819IfM.jpg 0 0
YZD_-or2OtMvTM.jpg 1 1
Y_B3HF9f7n6kzM.jpg 1 1
Yc7WO_r9-BG0GM.jpg 0 0
YsslcBpQvS_hxM.jpg 1 1
YxUztmUeBWsx1M.jpg 1 1
Z7lrY5uLRXHTIM.jpg 1 1
ZW9QVdHFPzPazM.jpg 0 0
ZeJq1bn6MkeFiM.jpg 1 1
ZmU6Wv7jrlINjM.jpg 1 1
ZubAGAl_6StHqM.jpg 1 1
Zui-zcvzJ-81OM.jpg 1 1
_3-WIV1rxVTwYM.jpg 0 0
_4VUpaKB4Y3pLM.jpg 1 1
_CP6ABEmQAdWAM.jpg 1 1
_KrzZR_diCyZPM.jpg 1 1
_t-NJ9EUIQaC6M.jpg 1 1
_t4V_Hm2teQmcM.jpg 0 0
_w0dL1CwmCkruM.jpg 1 1
a-Kp7xzpw3QckM.jpg 0 0
a1s8Lmhky-v1-M.jpg 1 1
aFFmFauLPAyYwM.jpg 1 1
aFSNEshaK2cHeM.jpg 0 0
aNf0lr6DY8RABM.jpg 1 1
aZ1VeLlMEbWVHM.jpg 1 1
b6dH8Cvt3srccM.jpg 1 1
bGYZf1QFvTSdKM.jpg 0 0
bW-mal8KlIABjM.jpg 1 1
bsxaHafzF_-F3M.jpg 0 0
c-BPBi4Ob9l8MM.jpg 1 1
cLp_Kzik4J7WqM.jpg 0 0
cNsY5Uhwca1Q4M.jpg 0 0
cSx60gcw57vqdM.jpg 1 1
cdfVg41ZsM-YwM.jpg 0 0
chnfrGlbiqBPTM.jpg 0 0
cmyu453GhL_E9M.jpg 0 0
crIZhsYJ2tB27M.jpg 0 0
cs4w4tCzHjKNrM.jpg 1 1
cwmL_KWPSBkUYM.jpg 0 0
d0_Yktr4CFd8cM.jpg 1 1
d1k6laBa6JIEBM.jpg 0 0
d2Vm6pyNDX-BfM.jpg 1 1
dLGMwj72P6D4JM.jpg 1 1
dg2VAEnYpXgOrM.jpg 0 0
dlnlAjHUj1ks1M.jpg 1 1
eIgcuXzEsROo5M.jpg 0 0
eJhRAsZc4gcMwM.jpg 1 1
eKzJnqtKBncdDM.jpg 1 1
ed51OPG8aMWUnM.jpg 1 1
ed9bv9IxsX9ALM.jpg 0 0
eg5woClb_6LdVM.jpg 0 0
egpzoJvIG5mI-M.jpg 0 0
ekboZAP5ckzilM.jpg 1 1
emvdlRPLiAs9PM.jpg 1 1
eremNUstrDs6lM.jpg 1 1
ewV9nS8jxoXuPM.jpg 1 1
f3jF6oQ0dm9JyM.jpg 1 1
fC8nrIPe5uM_vM.jpg 1 1
fE4NcFjP7aHFUM.jpg 1 1
fRWxriDF71oCJM.jpg 0 0
fUyeXxJwUbih2M.jpg 1 1
feD5a3TVfm-PMM.jpg 1 1
g2yCT66sF_G5fM.jpg 0 0
gAt-TRCc_mARuM.jpg 1 1
gI-CzjH1WMtqfM.jpg 0 0
gOP_Aq3xJ5H0gM.jpg 1 1
g_w-Hxnf1UNwfM.jpg 1 1
gdFjDAEFBoPkWM.jpg 1 1
gmcUjXl07EsC1M.jpg 0 0
h9qbBIRcTc_UTM.jpg 1 1
hEp2nnuKe5DzzM.jpg 1 1
hP0yxMvIBlV6pM.jpg 1 1
hPt5bJLQmCz2aM.jpg 1 1
hRjE5Nr79-Nt5M.jpg 1 1
hS6xGOHYnHxIkM.jpg 0 0
hZTEflsfy_jQDM.jpg 1 1
h_e9_6MeShfSAM.jpg 0 0
hi8xXJNc-t_f8M.jpg 0 0
hvouYver7FiyaM.jpg 1 1
i1T_iBHAqxnPBM.jpg 1 1
iRmGnX-ItY7EgM.jpg 0 0
iUdVNGZLyYFyuM.jpg 1 1
ia1mzqLEht3KeM.jpg 0 0
ie9yqefht76qGM.jpg 1 1
if5E4DJUr6VR7M.jpg 1 1
ifphZqf9MRx_fM.jpg 1 1
ijha937JbXnCfM.jpg 0 0
ioEW12DDKdfUQM.jpg 0 0
ixTssOh_63NlqM.jpg 1 1
iybGiPPfL9SQpM.jpg 0 0
j5LIclada3p7BM.jpg 0 0
j8aZ_LkkeO_W8M.jpg 1 1
jEpiP06hPZecQM.jpg 1 1
jJ7tiEUrhcmg9M.jpg 1 1
jaSBs5FeEheOXM.jpg 1 1
jfy1IvvcEpDQkM.jpg 1 1
jxSqZ4bcU5bxOM.jpg 1 1
jyynCBpx9zHEZM.jpg 1 1
jz1nx2P7kzEZMM.jpg 1 1
k-PHHO_76etT7M.jpg 0 0
kKQYcgh7eqz7AM.jpg 0 0
kL73kGR7V0BVFM.jpg 1 1
kMzRzpWAnB1JnM.jpg 1 1
kNJXZ1hY_09hoM.jpg 0 0
kVI4YTOIiD4ThM.jpg 0 0
ka_H00rzEaEMLM.jpg 1 1
kc0iz0t75b4cxM.jpg 1 1
kj8J-ogjQPFSFM.jpg 1 1
kkM-d2955sYkiM.jpg 1 1
kp-isJf1K7WNbM.jpg 1 1
kt2qNpybssIXsM.jpg 1 1
lIw8bceh52yJLM.jpg 1 1
lOfeKoQThEhLlM.jpg 1 1
leToSGBtbuRyJM.jpg 1 1
lht982QZ5aZrVM.jpg 1 1
lndSWUUHeK74hM.jpg 0 0
lrECrgoyDj2REM.jpg 0 0
m3kQE6XvrUeCwM.jpg 1 1
mHui3o1TK0udvM.jpg 0 0
mOKu0vwzwGALYM.jpg 1 1
mSH2wgSphoLsyM.jpg 1 1
mePW4JIW6FA0RM.jpg 0 0
mht_rDUHAw7SvM.jpg 1 1
nAI3Kb14Mowl3M.jpg 1 1
nM8YlYeYVbBXcM.jpg 0 0
nNm0djuJM_gh3M.jpg 1 1
nRZeKZqw_wWniM.jpg 0 0
nh-GbPv2qgNIhM.jpg 1 1
nnwcT9PUeOAoBM.jpg 1 1
nqNmYO8Wi8WdEM.jpg 1 1
o-UhIrs1uVOBoM.jpg 1 1
o3idySWxUNBK0M.jpg 1 1
oVvF9ldTJ-IVHM.jpg 0 0
ojImttRjRt4XOM.jpg 1 1
ovYSyjDzqior5M.jpg 1 1
ovzw29qr3UJUzM.jpg 1 1
oyTE6DSgM8xhoM.jpg 1 1
pB1ybfVoFR83BM.jpg 0 0
pPsy3x2v6DVivM.jpg 1 1
pTUkSQ47ZVLrFM.jpg 1 1
pXak1oFyE9ySDM.jpg 1 1
pimOKw-4-AvesM.jpg 1 1
q5UxvymXZmLU3M.jpg 1 1
qFVugSBIzX0q4M.jpg 1 1
qHFRfEoTyEd6WM.jpg 1 1
q_XCWaHEXn-XFM.jpg 0 0
qcxr5YO7wVmByM.jpg 1 1
qlX2TKByjdNwuM.jpg 0 0
qns0OUmhRUWTpM.jpg 1 1
rHb1SmZtgsq8mM.jpg 1 1
rHhvPrkDkvbpsM.jpg 0 0
rPMY7C_6_blnXM.jpg 1 1
rVOFr3NVkxfJvM.jpg 1 1
rVnCs18sS8h6DM.jpg 1 1
rdisdF-RGiRFGM.jpg 1 1
rhV7Z26paCbS_M.jpg 1 1
rndbrCUc1koHjM.jpg 1 1
roV9olI8ktYSzM.jpg 1 1
rtqn6rQGF6SrkM.jpg 1 1
ruk5EjxXKTSDmM.jpg 0 0
rw4bvBxg6IJBUM.jpg 1 1
s3ozFFzR5oQ7OM.jpg 1 1
s3vAzaNuNM7lFM.jpg 0 0
s7dbfq0dIxJnxM.jpg 1 1
sW0JQtnQ3UG9vM.jpg 1 1
sYKMVAD0w17_fM.jpg 1 1
sYmCQjn39wr8NM.jpg 0 0
t5KmAhcs9nvxxM.jpg 1 1
tF1AOfuMVY5bZM.jpg 1 1
tY6OFcuQnWxsZM.jpg 1 1
tbZUMO6jKVYncM.jpg 1 1
ttJk66fTKTRd3M.jpg 0 0
tuspOEFeqKh3JM.jpg 1 1
u-GH4VtbJTxDZM.jpg 1 1
uIvGW4YMEpLrTM.jpg 0 0
uKs45qHlpjyGlM.jpg 0 0
uOBI3noOms0R_M.jpg 1 1
uUMPGKy_P3YkkM.jpg 1 1
u_4wkbk_EtMhgM.jpg 0 0
un2efEQpDOltwM.jpg 1 1
urS2HKOXderb1M.jpg 1 1
v9X5B6xSM_7YfM.jpg 1 1
vAduAw_IteRpKM.jpg 0 0
veXHMU6I6WHcPM.jpg 1 1
vgOgTXaMZXAMsM.jpg 1 1
voyGOOVMIMH8OM.jpg 1 1
vsyDhxtEtb2SsM.jpg 1 1
vy1zpk9hTjrM0M.jpg 1 1
vyifFXDTiP3ZEM.jpg 1 1
w48K_lLXquEwRM.jpg 1 1
wIFMrXvIH6jpTM.jpg 0 0
wJg999rNGTk_mM.jpg 1 1
wLFW-q_k37LnHM.jpg 0 0
wavhoAKfcatSPM.jpg 1 1
wmgdOLZAX3U3ZM.jpg 1 1
xGDKQKCEQhztuM.jpg 1 1
xID7TBiC6lvMFM.jpg 1 1
xMhmJdjQjb72gM.jpg 0 0
xPBZBzemyW5iPM.jpg 1 1
xcGp4O1nQyzDaM.jpg 0 0
xlrkm8GxI1zBLM.jpg 1 1
xmsnzE4M749BJM.jpg 0 0
xxA7MfHqLdohEM.jpg 1 1
xyke14EHPYBkeM.jpg 1 1
y-z8F-eX_fIsnM.jpg 0 0
yBCC_4EkBpbMXM.jpg 1 1
yBim10OxHr4ywM.jpg 0 0
yGkyj98Be_5fGM.jpg 1 1
yJ4S1lsIAAuASM.jpg 0 0
yPMF9xBd1vEKqM.jpg 0 0
ydTD2trPiTdY9M.jpg 1 1
yf9zgj1NyjtMCM.jpg 1 1
yfFjLQW7hB4qeM.jpg 1 1
ygUFcfsRRmNzBM.jpg 1 1
yiLDZ5q0Mv2gDM.jpg 1 1
yxBORfB5JXJRXM.jpg 1 1
yxZ0__lRk7fUDM.jpg 1 1
zEVIJeNOQk0kYM.jpg 1 1
zbrmNyK4KkcicM.jpg 1 1
zePeelYMmwPflM.jpg 1 1
zm7xmP9kN3327M.jpg 1 1
zqmEtUPtp3OvgM.jpg 0 0
zxpDSlbeVVaO2M.jpg 1 1
