8 33.8934 1
30 29.2366 1
23 28.9397 1
16 25.8560 1
31 23.8332 1
35 23.7362 1
14 23.3933 1
25 23.3380 1
4 23.2551 1
28 22.7965 1
34 22.4228 1
10 21.2725 1
19 20.6321 1
38 20.4378 1
9 20.0784 1
29 20.0031 1
24 19.7114 1
2 19.0833 1
42 18.9318 1
37 17.9832 1
12 16.9606 1
13 16.8404 1
49 16.8329 1
45 16.5005 1
46 16.3631 1
6 16.2634 1
5 15.5500 1
33 15.0816 1
11 14.8719 1
18 13.3741 1
15 13.1886 1
21 12.8655 1
20 12.3197 1
0 11.8241 1
22 11.4321 1
36 11.4075 1
43 11.2118 1
7 10.1910 1
623 9.7621 0
552 8.2959 0
1849 8.2911 0
1847 8.0847 0
26 8.0086 1
1934 7.9873 0
48 7.9728 1
3 7.9388 1
17 7.8304 1
532 7.8270 0
608 7.8255 0
644 7.7854 0
698 7.7605 0
40 7.2646 1
1760 7.1352 0
1581 6.6924 0
1820 6.6719 0
1834 6.6431 0
423 6.6315 0
569 6.5371 0
1325 6.4152 0
413 6.3719 0
441 6.3718 0
585 6.2542 0
1965 6.1816 0
1814 6.1774 0
1805 6.1485 0
830 6.1165 0
820 6.0935 0
78 6.0836 0
1796 6.0255 0
845 6.0035 0
551 5.9747 0
1838 5.8768 0
637 5.8244 0
809 5.7985 0
1896 5.7947 0
492 5.7895 0
39 5.7722 1
1810 5.7272 0
280 5.7194 0
1797 5.7025 0
267 5.6639 0
1267 5.6500 0
271 5.6466 0
264 5.5950 0
32 5.5146 1
1821 5.4801 0
611 5.4498 0
1368 5.4399 0
447 5.4397 0
1092 5.3865 0
1098 5.2943 0
1801 5.2575 0
684 5.2466 0
436 5.1741 0
654 5.1402 0
612 5.1336 0
163 5.1276 0
645 5.0629 0
1541 5.0545 0
1022 5.0186 0
1769 5.0120 0
122 5.0090 0
1828 4.9473 0
688 4.9193 0
74 4.9129 0
601 4.8747 0
273 4.8697 0
1803 4.8551 0
417 4.8519 0
1930 4.8508 0
511 4.7952 0
1894 4.7851 0
1455 4.7449 0
681 4.7073 0
129 4.6988 0
600 4.6847 0
1777 4.6645 0
440 4.6443 0
117 4.6381 0
79 4.6310 0
1753 4.6178 0
86 4.6170 0
603 4.6076 0
1968 4.5966 0
1094 4.5753 0
550 4.5690 0
1877 4.5482 0
414 4.5413 0
1832 4.5168 0
1502 4.4919 0
653 4.4859 0
1816 4.4595 0
437 4.4562 0
416 4.4342 0
1733 4.4330 0
433 4.4192 0
1872 4.3720 0
1117 4.3535 0
446 4.3415 0
1356 4.3140 0
702 4.2890 0
515 4.2857 0
1300 4.2513 0
182 4.2278 0
1071 4.1967 0
286 4.1593 0
269 4.1515 0
599 4.1513 0
680 4.1434 0
1554 4.0667 0
205 4.0580 0
1572 4.0412 0
596 4.0378 0
878 4.0267 0
1548 3.9842 0
1767 3.9834 0
1623 3.9833 0
506 3.9701 0
503 3.9575 0
1625 3.9512 0
1116 3.9507 0
230 3.9484 0
415 3.9455 0
669 3.9307 0
696 3.9030 0
121 3.8942 0
1452 3.8875 0
1149 3.8749 0
1774 3.8652 0
1717 3.8650 0
953 3.8644 0
1734 3.8599 0
995 3.8273 0
861 3.8180 0
870 3.8056 0
1603 3.8009 0
1386 3.7978 0
1811 3.7972 0
537 3.7735 0
1573 3.7729 0
1720 3.7664 0
977 3.7577 0
816 3.7467 0
678 3.7327 0
691 3.7088 0
1851 3.6959 0
627 3.6838 0
1938 3.6683 0
831 3.6394 0
1515 3.6357 0
1839 3.6299 0
764 3.6186 0
694 3.6133 0
341 3.6050 0
72 3.5562 0
850 3.5514 0
1535 3.5391 0
1705 3.5315 0
1771 3.5038 0
445 3.4992 0
1160 3.4978 0
58 3.4832 0
1496 3.4611 0
801 3.4520 0
1243 3.4499 0
1468 3.4446 0
1399 3.4143 0
1369 3.3917 0
671 3.3724 0
297 3.3528 0
1053 3.3503 0
425 3.3331 0
1706 3.3314 0
1819 3.3209 0
651 3.3180 0
652 3.3074 0
442 3.2987 0
347 3.2937 0
146 3.2937 0
1836 3.2893 0
1957 3.2860 0
1159 3.2828 0
44 3.2726 1
1354 3.2705 0
659 3.2495 0
100 3.2396 0
410 3.2241 0
1351 3.2218 0
808 3.2055 0
69 3.2043 0
1723 3.1934 0
1069 3.1915 0
497 3.1876 0
571 3.1759 0
1172 3.1669 0
1569 3.1595 0
642 3.1563 0
1829 3.1431 0
52 3.1395 0
1594 3.1360 0
1738 3.1321 0
1133 3.1234 0
1478 3.1230 0
1073 3.1042 0
1547 3.0984 0
123 3.0978 0
1718 3.0956 0
848 3.0945 0
1570 3.0764 0
578 3.0685 0
407 3.0618 0
1831 3.0586 0
402 3.0400 0
418 3.0344 0
1359 3.0244 0
837 3.0187 0
649 3.0161 0
1976 3.0052 0
1178 2.9942 0
1 2.9799 1
1891 2.9579 0
1751 2.9543 0
1099 2.9416 0
1882 2.9341 0
268 2.9303 0
1800 2.9212 0
349 2.9191 0
403 2.9144 0
1322 2.9119 0
1704 2.9026 0
643 2.8861 0
1932 2.8684 0
632 2.8670 0
1853 2.8669 0
1843 2.8619 0
536 2.8446 0
1138 2.8391 0
949 2.8313 0
1398 2.8264 0
566 2.8168 0
190 2.8162 0
832 2.8114 0
1148 2.8040 0
1782 2.8034 0
1830 2.7926 0
435 2.7882 0
1358 2.7870 0
1157 2.7808 0
1587 2.7721 0
509 2.7701 0
1486 2.7574 0
1780 2.7433 0
634 2.7432 0
618 2.7347 0
85 2.7313 0
106 2.7312 0
1736 2.7224 0
843 2.7200 0
27 2.7103 1
294 2.7030 0
1391 2.7026 0
1890 2.7001 0
1254 2.6465 0
412 2.6455 0
1634 2.6413 0
454 2.6348 0
625 2.6300 0
773 2.6225 0
1034 2.6065 0
325 2.6010 0
974 2.5998 0
451 2.5966 0
635 2.5858 0
1551 2.5796 0
1997 2.5785 0
1758 2.5694 0
263 2.5661 0
636 2.5530 0
209 2.5515 0
661 2.5511 0
1169 2.5357 0
1917 2.5344 0
1506 2.5322 0
1846 2.5301 0
842 2.5263 0
1280 2.5222 0
1396 2.5188 0
1105 2.5092 0
420 2.5085 0
1390 2.5080 0
313 2.4959 0
880 2.4926 0
1589 2.4910 0
1798 2.4861 0
1191 2.4820 0
1806 2.4795 0
613 2.4766 0
1808 2.4740 0
1432 2.4689 0
1870 2.4683 0
658 2.4667 0
1732 2.4591 0
1809 2.4582 0
969 2.4480 0
1793 2.4450 0
1380 2.4364 0
1503 2.4208 0
162 2.4105 0
1556 2.4004 0
1941 2.3916 0
128 2.3817 0
910 2.3775 0
1615 2.3747 0
1855 2.3717 0
1023 2.3689 0
1865 2.3640 0
1607 2.3486 0
235 2.3443 0
1892 2.3385 0
1750 2.3343 0
187 2.3303 0
868 2.2902 0
1142 2.2765 0
293 2.2761 0
424 2.2575 0
1349 2.2532 0
1220 2.2520 0
822 2.2498 0
894 2.2463 0
987 2.2430 0
1818 2.2408 0
298 2.2370 0
940 2.2340 0
400 2.2031 0
1642 2.2013 0
617 2.1978 0
944 2.1909 0
1614 2.1856 0
1908 2.1817 0
1190 2.1803 0
1881 2.1791 0
1597 2.1763 0
92 2.1722 0
1563 2.1676 0
994 2.1622 0
1530 2.1478 0
1701 2.1478 0
888 2.1441 0
1545 2.1403 0
178 2.1380 0
1835 2.1324 0
427 2.1297 0
51 2.1083 0
60 2.1012 0
871 2.0972 0
189 2.0960 0
540 2.0871 0
1588 2.0834 0
120 2.0795 0
1000 2.0753 0
198 2.0716 0
1827 2.0646 0
915 2.0640 0
150 2.0636 0
500 2.0573 0
1845 2.0556 0
1875 2.0548 0
984 2.0491 0
1621 2.0403 0
911 2.0368 0
1794 2.0365 0
1181 2.0330 0
1841 2.0312 0
983 2.0308 0
480 2.0188 0
992 2.0180 0
817 2.0073 0
1593 2.0070 0
1952 2.0050 0
1526 2.0010 0
47 2.0007 1
609 1.9962 0
1833 1.9921 0
668 1.9886 0
726 1.9862 0
1868 1.9784 0
656 1.9757 0
1361 1.9726 0
804 1.9626 0
103 1.9593 0
1757 1.9539 0
41 1.9526 1
921 1.9442 0
1914 1.9437 0
819 1.9343 0
889 1.9318 0
655 1.9247 0
1813 1.9100 0
1873 1.9099 0
1079 1.9057 0
1177 1.8966 0
173 1.8922 0
806 1.8910 0
153 1.8875 0
1106 1.8845 0
108 1.8842 0
1741 1.8825 0
1817 1.8802 0
1994 1.8783 0
771 1.8783 0
604 1.8752 0
1995 1.8691 0
1860 1.8681 0
1707 1.8611 0
549 1.8546 0
853 1.8525 0
1714 1.8463 0
836 1.8454 0
624 1.8413 0
1696 1.8368 0
846 1.8315 0
1595 1.8271 0
1195 1.8244 0
614 1.8221 0
443 1.8187 0
1867 1.8184 0
1552 1.8181 0
1531 1.8173 0
1458 1.8151 0
137 1.8124 0
346 1.8021 0
976 1.7979 0
990 1.7956 0
1534 1.7946 0
118 1.7927 0
563 1.7851 0
1592 1.7799 0
1084 1.7773 0
1824 1.7754 0
666 1.7713 0
1002 1.7710 0
615 1.7358 0
505 1.7339 0
315 1.7272 0
1893 1.7100 0
460 1.7098 0
1708 1.6989 0
97 1.6976 0
973 1.6924 0
1124 1.6909 0
405 1.6674 0
763 1.6614 0
87 1.6482 0
308 1.6470 0
1539 1.6454 0
1536 1.6266 0
1725 1.6199 0
1747 1.6199 0
1096 1.6193 0
682 1.6187 0
1018 1.6184 0
923 1.6183 0
1649 1.6145 0
1993 1.6143 0
1861 1.6116 0
1558 1.6078 0
1088 1.6069 0
1804 1.6054 0
270 1.6014 0
1947 1.5977 0
1764 1.5918 0
1453 1.5886 0
802 1.5831 0
124 1.5738 0
598 1.5704 0
840 1.5685 0
965 1.5683 0
610 1.5679 0
956 1.5658 0
1077 1.5639 0
1702 1.5633 0
98 1.5623 0
1961 1.5582 0
1080 1.5534 0
1977 1.5476 0
285 1.5460 0
1885 1.5452 0
1204 1.5421 0
1844 1.5351 0
525 1.5184 0
1103 1.5010 0
1611 1.5008 0
1761 1.4933 0
896 1.4929 0
323 1.4832 0
638 1.4819 0
1719 1.4739 0
1498 1.4710 0
753 1.4677 0
1066 1.4579 0
91 1.4547 0
553 1.4546 0
102 1.4544 0
281 1.4488 0
1878 1.4485 0
1230 1.4484 0
630 1.4431 0
616 1.4404 0
61 1.4395 0
1211 1.4249 0
647 1.4240 0
64 1.4235 0
755 1.4222 0
833 1.4221 0
619 1.4185 0
818 1.4165 0
1375 1.4149 0
1189 1.4148 0
1929 1.4097 0
1822 1.4075 0
942 1.4042 0
1006 1.3948 0
1854 1.3927 0
1328 1.3884 0
991 1.3817 0
1773 1.3814 0
1517 1.3807 0
1770 1.3700 0
865 1.3647 0
321 1.3565 0
82 1.3538 0
520 1.3505 0
1648 1.3479 0
1980 1.3426 0
557 1.3409 0
1521 1.3395 0
1344 1.3375 0
1837 1.3344 0
1759 1.3332 0
1450 1.3325 0
1790 1.3291 0
798 1.3235 0
490 1.3212 0
1590 1.3035 0
1317 1.2964 0
1802 1.2929 0
1848 1.2908 0
276 1.2883 0
1879 1.2699 0
1883 1.2625 0
471 1.2567 0
1542 1.2552 0
1392 1.2529 0
1429 1.2515 0
706 1.2452 0
1599 1.2417 0
467 1.2287 0
474 1.2278 0
1884 1.2264 0
1523 1.2242 0
1406 1.2179 0
584 1.2173 0
673 1.2133 0
1907 1.2123 0
829 1.2073 0
593 1.2034 0
1715 1.2028 0
1504 1.2006 0
562 1.1997 0
860 1.1948 0
430 1.1933 0
1313 1.1889 0
481 1.1876 0
866 1.1676 0
936 1.1645 0
259 1.1609 0
1880 1.1592 0
177 1.1533 0
1943 1.1511 0
290 1.1481 0
1330 1.1413 0
1383 1.1279 0
912 1.1209 0
1812 1.1188 0
348 1.1151 0
874 1.1142 0
1165 1.1079 0
499 1.1072 0
1737 1.1006 0
145 1.0989 0
260 1.0970 0
1974 1.0943 0
1307 1.0850 0
1756 1.0789 0
1576 1.0715 0
1457 1.0709 0
1639 1.0553 0
699 1.0450 0
406 1.0398 0
1858 1.0359 0
1577 1.0317 0
1043 1.0297 0
143 1.0269 0
639 1.0260 0
1395 1.0258 0
543 1.0238 0
1709 1.0217 0
90 1.0208 0
824 1.0179 0
1120 1.0150 0
310 1.0129 0
968 1.0103 0
131 1.0087 0
1823 1.0083 0
814 1.0077 0
1754 1.0050 0
1918 1.0048 0
1388 1.0041 0
1731 0.9950 0
620 0.9907 0
174 0.9848 0
1710 0.9754 0
1550 0.9753 0
1791 0.9745 0
1481 0.9701 0
873 0.9646 0
1859 0.9565 0
1933 0.9546 0
1713 0.9491 0
922 0.9488 0
314 0.9477 0
1474 0.9462 0
1721 0.9441 0
1439 0.9400 0
1100 0.9397 0
774 0.9387 0
428 0.9381 0
142 0.9378 0
1840 0.9319 0
939 0.9284 0
577 0.9168 0
1525 0.9127 0
605 0.8956 0
195 0.8939 0
1748 0.8933 0
1507 0.8888 0
507 0.8850 0
629 0.8815 0
1960 0.8713 0
674 0.8701 0
1596 0.8693 0
1622 0.8689 0
1566 0.8677 0
164 0.8653 0
1154 0.8641 0
1492 0.8617 0
1024 0.8544 0
851 0.8501 0
1950 0.8345 0
1617 0.8339 0
170 0.8319 0
261 0.8311 0
1125 0.8261 0
1729 0.8226 0
1039 0.8179 0
729 0.8140 0
1583 0.8138 0
119 0.8137 0
945 0.8119 0
1983 0.8095 0
299 0.8027 0
979 0.8002 0
1568 0.7935 0
1081 0.7795 0
1646 0.7782 0
1027 0.7767 0
172 0.7766 0
1585 0.7761 0
1712 0.7682 0
1612 0.7625 0
1082 0.7566 0
877 0.7542 0
1365 0.7541 0
429 0.7520 0
306 0.7517 0
531 0.7483 0
494 0.7465 0
844 0.7433 0
1102 0.7344 0
1302 0.7342 0
1123 0.7338 0
602 0.7336 0
784 0.7326 0
144 0.7260 0
335 0.7241 0
1352 0.7202 0
1807 0.7194 0
1271 0.7140 0
776 0.7099 0
657 0.7060 0
675 0.7058 0
544 0.7058 0
885 0.7031 0
1119 0.7000 0
180 0.6983 0
1454 0.6964 0
1700 0.6958 0
797 0.6914 0
1990 0.6871 0
1054 0.6870 0
590 0.6868 0
272 0.6850 0
856 0.6821 0
1001 0.6818 0
1019 0.6722 0
564 0.6710 0
154 0.6649 0
573 0.6606 0
148 0.6598 0
1044 0.6586 0
1940 0.6515 0
360 0.6509 0
721 0.6503 0
580 0.6377 0
219 0.6375 0
1310 0.6365 0
1915 0.6344 0
1986 0.6344 0
1078 0.6321 0
171 0.6219 0
766 0.6183 0
567 0.6111 0
767 0.6089 0
1901 0.6017 0
1645 0.5982 0
1610 0.5970 0
1591 0.5969 0
1781 0.5961 0
852 0.5955 0
56 0.5943 0
662 0.5911 0
1724 0.5849 0
1740 0.5759 0
1578 0.5741 0
181 0.5725 0
1308 0.5724 0
541 0.5718 0
1749 0.5680 0
1762 0.5624 0
1444 0.5588 0
1135 0.5587 0
1727 0.5543 0
57 0.5539 0
1863 0.5531 0
891 0.5471 0
226 0.5469 0
477 0.5460 0
1378 0.5393 0
1582 0.5377 0
1122 0.5317 0
770 0.5315 0
96 0.5258 0
1188 0.5158 0
1205 0.5128 0
1283 0.5083 0
1028 0.5083 0
918 0.5030 0
607 0.4971 0
1210 0.4966 0
1562 0.4926 0
1055 0.4909 0
1775 0.4890 0
1629 0.4888 0
1464 0.4873 0
1906 0.4847 0
1987 0.4818 0
907 0.4811 0
1299 0.4809 0
411 0.4800 0
1226 0.4787 0
1202 0.4746 0
576 0.4743 0
317 0.4639 0
700 0.4612 0
924 0.4585 0
1076 0.4583 0
1745 0.4581 0
648 0.4545 0
606 0.4527 0
401 0.4459 0
1972 0.4417 0
982 0.4409 0
282 0.4400 0
807 0.4359 0
1340 0.4289 0
810 0.4271 0
1312 0.4265 0
529 0.4261 0
575 0.4254 0
812 0.4237 0
1784 0.4227 0
758 0.4198 0
1618 0.4174 0
926 0.4169 0
1288 0.4132 0
126 0.4104 0
588 0.4101 0
487 0.4026 0
493 0.3981 0
258 0.3940 0
1633 0.3871 0
796 0.3870 0
1772 0.3865 0
1050 0.3852 0
113 0.3815 0
705 0.3803 0
631 0.3776 0
1584 0.3728 0
1730 0.3704 0
465 0.3660 0
1257 0.3655 0
1042 0.3640 0
1887 0.3523 0
1357 0.3500 0
1912 0.3479 0
71 0.3455 0
1815 0.3449 0
1555 0.3448 0
1056 0.3313 0
283 0.3299 0
1203 0.3294 0
1276 0.3270 0
1085 0.3249 0
1266 0.3203 0
1376 0.3180 0
296 0.3158 0
985 0.3097 0
555 0.3067 0
1888 0.3055 0
905 0.3013 0
1778 0.2997 0
343 0.2959 0
1956 0.2930 0
1924 0.2922 0
1118 0.2886 0
628 0.2839 0
898 0.2811 0
1420 0.2797 0
1871 0.2778 0
1132 0.2777 0
1309 0.2651 0
966 0.2625 0
419 0.2609 0
958 0.2555 0
1008 0.2521 0
114 0.2510 0
1323 0.2475 0
1394 0.2399 0
1850 0.2317 0
1988 0.2290 0
1260 0.2255 0
978 0.2237 0
1852 0.2235 0
115 0.2221 0
854 0.2185 0
1015 0.2179 0
847 0.2159 0
1768 0.2144 0
1490 0.2139 0
1385 0.2127 0
1462 0.2124 0
664 0.2112 0
1509 0.2033 0
821 0.1995 0
692 0.1969 0
191 0.1941 0
1575 0.1855 0
1051 0.1854 0
805 0.1770 0
1430 0.1751 0
1256 0.1746 0
597 0.1730 0
1971 0.1646 0
253 0.1632 0
876 0.1627 0
961 0.1462 0
1389 0.1452 0
316 0.1381 0
1516 0.1311 0
869 0.1305 0
621 0.1294 0
887 0.1261 0
1742 0.1216 0
517 0.1210 0
895 0.1193 0
841 0.1159 0
672 0.1137 0
1574 0.1117 0
1726 0.1117 0
752 0.1063 0
1020 0.1018 0
1021 0.1001 0
839 0.0984 0
862 0.0920 0
1333 0.0885 0
970 0.0864 0
1296 0.0861 0
83 0.0857 0
859 0.0765 0
186 0.0673 0
332 0.0668 0
77 0.0662 0
967 0.0548 0
519 0.0522 0
1347 0.0487 0
892 0.0414 0
1126 0.0407 0
1628 0.0391 0
1945 0.0384 0
1040 0.0377 0
1946 0.0352 0
1643 0.0293 0
1086 0.0292 0
444 0.0284 0
1735 0.0281 0
1869 0.0270 0
516 0.0256 0
1131 0.0241 0
559 0.0217 0
404 0.0212 0
1765 0.0203 0
1318 0.0168 0
960 0.0090 0
996 0.0082 0
1112 0.0080 0
109 0.0044 0
175 0.0040 0
1766 0.0018 0
1499 -0.0026 0
1998 -0.0033 0
855 -0.0042 0
1897 -0.0043 0
1187 -0.0132 0
1876 -0.0167 0
262 -0.0227 0
502 -0.0355 0
1345 -0.0362 0
374 -0.0369 0
933 -0.0388 0
284 -0.0395 0
1716 -0.0456 0
1746 -0.0506 0
1743 -0.0526 0
650 -0.0556 0
1722 -0.0621 0
757 -0.0656 0
1334 -0.0761 0
319 -0.0781 0
93 -0.0799 0
1532 -0.0821 0
782 -0.0825 0
1003 -0.0890 0
1402 -0.0940 0
572 -0.0992 0
1408 -0.1003 0
1225 -0.1014 0
1372 -0.1015 0
324 -0.1127 0
1249 -0.1130 0
449 -0.1170 0
800 -0.1250 0
1108 -0.1299 0
116 -0.1329 0
1057 -0.1345 0
1350 -0.1402 0
426 -0.1405 0
1964 -0.1422 0
59 -0.1462 0
908 -0.1556 0
938 -0.1587 0
1176 -0.1597 0
1216 -0.1611 0
583 -0.1614 0
1393 -0.1624 0
254 -0.1633 0
835 -0.1643 0
1371 -0.1665 0
1982 -0.1709 0
787 -0.1713 0
193 -0.1716 0
1335 -0.1728 0
1367 -0.1734 0
1473 -0.1809 0
879 -0.1816 0
916 -0.1826 0
439 -0.1834 0
941 -0.1838 0
1064 -0.1868 0
495 -0.2002 0
1842 -0.2044 0
527 -0.2057 0
893 -0.2103 0
278 -0.2118 0
750 -0.2120 0
1366 -0.2149 0
1067 -0.2159 0
227 -0.2162 0
421 -0.2178 0
486 -0.2186 0
828 -0.2257 0
1524 -0.2313 0
1889 -0.2347 0
1141 -0.2348 0
1048 -0.2362 0
826 -0.2374 0
1143 -0.2428 0
94 -0.2453 0
80 -0.2468 0
155 -0.2494 0
246 -0.2533 0
998 -0.2605 0
1755 -0.2688 0
54 -0.2727 0
707 -0.2753 0
1253 -0.2778 0
1776 -0.2791 0
475 -0.2823 0
683 -0.2824 0
793 -0.2840 0
1414 -0.2859 0
292 -0.2878 0
1168 -0.2923 0
1074 -0.3045 0
1471 -0.3054 0
1703 -0.3081 0
883 -0.3092 0
1292 -0.3106 0
1355 -0.3138 0
483 -0.3191 0
409 -0.3208 0
1426 -0.3246 0
1134 -0.3275 0
591 -0.3283 0
972 -0.3402 0
1244 -0.3429 0
1512 -0.3445 0
1109 -0.3454 0
63 -0.3460 0
586 -0.3560 0
111 -0.3622 0
1412 -0.3639 0
84 -0.3651 0
882 -0.3766 0
917 -0.3789 0
1795 -0.3791 0
929 -0.3797 0
88 -0.3814 0
1549 -0.3840 0
501 -0.3929 0
592 -0.3936 0
690 -0.3963 0
1137 -0.4015 0
1038 -0.4021 0
1911 -0.4023 0
1235 -0.4027 0
1095 -0.4041 0
811 -0.4051 0
997 -0.4115 0
1170 -0.4126 0
1460 -0.4147 0
232 -0.4236 0
1150 -0.4272 0
1944 -0.4332 0
247 -0.4345 0
646 -0.4352 0
864 -0.4353 0
906 -0.4457 0
815 -0.4487 0
1482 -0.4501 0
1866 -0.4509 0
1898 -0.4564 0
1711 -0.4571 0
211 -0.4580 0
130 -0.4582 0
823 -0.4616 0
1407 -0.4655 0
1059 -0.4663 0
1630 -0.4739 0
514 -0.4766 0
275 -0.4777 0
1409 -0.4829 0
1963 -0.4849 0
1336 -0.4873 0
1031 -0.4884 0
1564 -0.4924 0
863 -0.4947 0
1579 -0.4947 0
1277 -0.4965 0
1379 -0.4984 0
336 -0.4990 0
1483 -0.5022 0
89 -0.5067 0
827 -0.5079 0
1684 -0.5117 0
1886 -0.5251 0
231 -0.5252 0
1373 -0.5270 0
289 -0.5307 0
1440 -0.5329 0
1129 -0.5330 0
104 -0.5376 0
422 -0.5410 0
1145 -0.5460 0
1604 -0.5485 0
1651 -0.5494 0
1857 -0.5568 0
778 -0.5600 0
238 -0.5659 0
1602 -0.5689 0
1862 -0.5693 0
857 -0.5710 0
1182 -0.5722 0
902 -0.5731 0
838 -0.5805 0
1167 -0.5810 0
1951 -0.5822 0
1321 -0.5825 0
641 -0.5849 0
1522 -0.5849 0
1518 -0.5875 0
931 -0.5888 0
951 -0.5967 0
156 -0.5989 0
1237 -0.6040 0
1374 -0.6041 0
132 -0.6045 0
1959 -0.6047 0
1087 -0.6121 0
256 -0.6147 0
1962 -0.6167 0
478 -0.6203 0
1463 -0.6211 0
1567 -0.6233 0
769 -0.6244 0
900 -0.6254 0
780 -0.6263 0
526 -0.6276 0
561 -0.6278 0
1586 -0.6293 0
1363 -0.6329 0
1324 -0.6379 0
1162 -0.6454 0
1487 -0.6466 0
1397 -0.6486 0
1553 -0.6502 0
1559 -0.6520 0
158 -0.6567 0
1370 -0.6625 0
1037 -0.6729 0
665 -0.6796 0
1935 -0.6838 0
1173 -0.6866 0
1107 -0.6868 0
304 -0.6895 0
1937 -0.6896 0
727 -0.6960 0
1654 -0.6964 0
677 -0.6980 0
1218 -0.7004 0
1825 -0.7046 0
1763 -0.7173 0
881 -0.7216 0
1236 -0.7256 0
1201 -0.7275 0
1779 -0.7310 0
1242 -0.7331 0
693 -0.7344 0
210 -0.7387 0
339 -0.7469 0
789 -0.7501 0
959 -0.7507 0
1339 -0.7558 0
1447 -0.7587 0
452 -0.7611 0
1792 -0.7628 0
914 -0.7700 0
1268 -0.7739 0
1219 -0.7774 0
337 -0.7879 0
1984 -0.7905 0
909 -0.8003 0
329 -0.8026 0
518 -0.8066 0
954 -0.8068 0
1445 -0.8072 0
1500 -0.8079 0
993 -0.8082 0
1966 -0.8126 0
952 -0.8129 0
679 -0.8181 0
1561 -0.8185 0
1527 -0.8203 0
1789 -0.8217 0
70 -0.8247 0
1902 -0.8263 0
1304 -0.8287 0
1520 -0.8411 0
463 -0.8418 0
141 -0.8525 0
825 -0.8583 0
581 -0.8670 0
408 -0.8697 0
476 -0.8776 0
640 -0.8861 0
300 -0.8862 0
1456 -0.8891 0
303 -0.8921 0
1113 -0.8949 0
594 -0.8960 0
1152 -0.9039 0
55 -0.9063 0
1635 -0.9088 0
1184 -0.9117 0
1062 -0.9118 0
1438 -0.9121 0
513 -0.9153 0
1921 -0.9160 0
901 -0.9185 0
937 -0.9193 0
747 -0.9260 0
239 -0.9315 0
1480 -0.9409 0
1744 -0.9415 0
484 -0.9421 0
867 -0.9495 0
761 -0.9581 0
589 -0.9666 0
971 -0.9750 0
431 -0.9756 0
858 -0.9768 0
133 -0.9777 0
947 -0.9782 0
1920 -0.9839 0
1685 -0.9877 0
340 -0.9899 0
1250 -0.9951 0
1185 -0.9988 0
1981 -0.9992 0
1999 -1.0008 0
980 -1.0068 0
1161 -1.0109 0
1305 -1.0148 0
1360 -1.0186 0
1466 -1.0260 0
1147 -1.0305 0
448 -1.0342 0
1783 -1.0373 0
946 -1.0431 0
1546 -1.0477 0
1083 -1.0560 0
1928 -1.0560 0
101 -1.0566 0
312 -1.0586 0
334 -1.0630 0
1072 -1.0645 0
333 -1.0685 0
719 -1.0733 0
872 -1.0737 0
203 -1.0762 0
1155 -1.0793 0
890 -1.0802 0
107 -1.0802 0
1070 -1.0828 0
1413 -1.0836 0
1434 -1.0957 0
1262 -1.0972 0
799 -1.0995 0
1627 -1.1051 0
875 -1.1173 0
1978 -1.1186 0
328 -1.1191 0
216 -1.1282 0
1910 -1.1368 0
1270 -1.1405 0
302 -1.1418 0
725 -1.1473 0
930 -1.1488 0
988 -1.1539 0
1856 -1.1543 0
927 -1.1557 0
257 -1.1586 0
1925 -1.1620 0
1110 -1.1651 0
207 -1.1671 0
1477 -1.1751 0
1923 -1.1774 0
1156 -1.1834 0
134 -1.1849 0
369 -1.1891 0
66 -1.1913 0
1362 -1.1942 0
948 -1.1950 0
152 -1.2077 0
266 -1.2087 0
1739 -1.2105 0
582 -1.2124 0
897 -1.2131 0
1259 -1.2155 0
1787 -1.2189 0
1263 -1.2234 0
184 -1.2243 0
981 -1.2256 0
1213 -1.2259 0
1232 -1.2275 0
1231 -1.2283 0
512 -1.2305 0
803 -1.2319 0
1264 -1.2367 0
523 -1.2393 0
183 -1.2408 0
1560 -1.2430 0
1958 -1.2457 0
251 -1.2471 0
1922 -1.2480 0
1672 -1.2599 0
1931 -1.2656 0
1174 -1.2665 0
1699 -1.2778 0
1493 -1.2793 0
1728 -1.2802 0
565 -1.2826 0
1128 -1.2865 0
458 -1.2877 0
759 -1.2998 0
1346 -1.3107 0
1033 -1.3115 0
99 -1.3143 0
685 -1.3155 0
1608 -1.3169 0
1606 -1.3211 0
1234 -1.3223 0
1193 -1.3238 0
320 -1.3261 0
81 -1.3295 0
1319 -1.3298 0
1348 -1.3354 0
754 -1.3437 0
1261 -1.3442 0
928 -1.3527 0
1598 -1.3543 0
362 -1.3611 0
521 -1.3613 0
318 -1.3634 0
204 -1.3697 0
943 -1.3713 0
975 -1.3735 0
686 -1.3797 0
105 -1.3837 0
1289 -1.3972 0
380 -1.4017 0
223 -1.4068 0
775 -1.4072 0
457 -1.4097 0
779 -1.4109 0
1544 -1.4161 0
1192 -1.4174 0
1557 -1.4270 0
935 -1.4288 0
1899 -1.4340 0
964 -1.4421 0
1919 -1.4525 0
1183 -1.4541 0
1538 -1.4589 0
305 -1.4606 0
548 -1.4632 0
110 -1.4682 0
1047 -1.4701 0
1580 -1.4703 0
220 -1.4713 0
1029 -1.4783 0
1208 -1.4800 0
327 -1.4806 0
1528 -1.4809 0
462 -1.4828 0
934 -1.4944 0
469 -1.4949 0
768 -1.4950 0
1010 -1.5017 0
1510 -1.5031 0
330 -1.5037 0
1953 -1.5064 0
62 -1.5089 0
1985 -1.5096 0
579 -1.5117 0
1785 -1.5124 0
1476 -1.5146 0
67 -1.5164 0
1942 -1.5169 0
455 -1.5193 0
489 -1.5198 0
1197 -1.5209 0
1004 -1.5278 0
485 -1.5288 0
545 -1.5308 0
1121 -1.5334 0
295 -1.5379 0
1472 -1.5454 0
886 -1.5479 0
1139 -1.5508 0
667 -1.5521 0
378 -1.5537 0
438 -1.5539 0
461 -1.5561 0
1265 -1.5582 0
1601 -1.5609 0
1874 -1.5648 0
913 -1.5672 0
731 -1.5719 0
1303 -1.5895 0
530 -1.5905 0
1212 -1.5918 0
345 -1.5946 0
813 -1.5951 0
1136 -1.5975 0
1075 -1.6028 0
1491 -1.6051 0
1448 -1.6061 0
225 -1.6065 0
176 -1.6071 0
1620 -1.6079 0
1996 -1.6081 0
622 -1.6118 0
1752 -1.6151 0
322 -1.6170 0
760 -1.6333 0
1035 -1.6354 0
899 -1.6403 0
250 -1.6417 0
723 -1.6425 0
1461 -1.6437 0
1101 -1.6495 0
1417 -1.6558 0
660 -1.6583 0
510 -1.6659 0
1540 -1.6772 0
1970 -1.6803 0
903 -1.6859 0
1301 -1.6885 0
1089 -1.6887 0
920 -1.6982 0
1537 -1.7081 0
434 -1.7119 0
1171 -1.7134 0
1565 -1.7166 0
233 -1.7233 0
1052 -1.7239 0
986 -1.7240 0
1926 -1.7262 0
1475 -1.7307 0
1903 -1.7321 0
1104 -1.7339 0
1158 -1.7376 0
786 -1.7382 0
1543 -1.7391 0
381 -1.7412 0
73 -1.7413 0
1979 -1.7416 0
508 -1.7467 0
479 -1.7501 0
950 -1.7568 0
1404 -1.7619 0
255 -1.7685 0
1955 -1.7718 0
1215 -1.7745 0
1489 -1.7779 0
112 -1.7820 0
367 -1.7844 0
785 -1.7847 0
338 -1.7887 0
574 -1.7936 0
76 -1.7947 0
288 -1.7983 0
1384 -1.8110 0
884 -1.8131 0
1451 -1.8160 0
1449 -1.8169 0
989 -1.8205 0
1401 -1.8216 0
963 -1.8236 0
1788 -1.8272 0
1251 -1.8277 0
1329 -1.8281 0
1469 -1.8290 0
1009 -1.8290 0
1146 -1.8352 0
1046 -1.8416 0
554 -1.8458 0
1387 -1.8492 0
1341 -1.8552 0
743 -1.8620 0
1091 -1.8767 0
587 -1.8794 0
1294 -1.8798 0
546 -1.8841 0
1364 -1.8868 0
1511 -1.8937 0
213 -1.8996 0
558 -1.9078 0
279 -1.9148 0
626 -1.9169 0
252 -1.9227 0
1637 -1.9352 0
1446 -1.9358 0
331 -1.9363 0
1331 -1.9364 0
147 -1.9387 0
711 -1.9421 0
794 -1.9563 0
1343 -1.9639 0
1245 -1.9653 0
1485 -1.9755 0
464 -1.9790 0
1443 -1.9886 0
1287 -1.9900 0
1311 -1.9914 0
1495 -1.9957 0
1065 -1.9967 0
1657 -1.9984 0
1433 -1.9985 0
1005 -2.0092 0
1140 -2.0095 0
208 -2.0148 0
1799 -2.0159 0
1206 -2.0229 0
1163 -2.0260 0
386 -2.0272 0
697 -2.0338 0
534 -2.0365 0
1494 -2.0383 0
999 -2.0387 0
383 -2.0419 0
547 -2.0508 0
734 -2.0537 0
1013 -2.0540 0
1619 -2.0549 0
450 -2.0549 0
453 -2.0553 0
795 -2.0578 0
676 -2.0690 0
1353 -2.0695 0
1233 -2.0699 0
560 -2.0710 0
724 -2.0726 0
1505 -2.0774 0
1682 -2.0835 0
1644 -2.0907 0
1436 -2.0932 0
1241 -2.0960 0
751 -2.0999 0
139 -2.1074 0
167 -2.1089 0
1014 -2.1115 0
570 -2.1169 0
670 -2.1221 0
373 -2.1223 0
1194 -2.1239 0
1939 -2.1264 0
468 -2.1277 0
1011 -2.1364 0
1786 -2.1409 0
1826 -2.1487 0
287 -2.1552 0
790 -2.1555 0
1097 -2.1683 0
197 -2.1789 0
1571 -2.2015 0
1114 -2.2103 0
185 -2.2188 0
1060 -2.2204 0
307 -2.2235 0
387 -2.2341 0
1049 -2.2366 0
1198 -2.2489 0
372 -2.2500 0
1514 -2.2560 0
342 -2.2569 0
194 -2.2604 0
1207 -2.2697 0
1063 -2.2711 0
1273 -2.2725 0
1326 -2.2763 0
1284 -2.2820 0
772 -2.2828 0
542 -2.2874 0
1061 -2.2881 0
568 -2.2931 0
135 -2.2933 0
95 -2.3072 0
715 -2.3107 0
399 -2.3111 0
1115 -2.3154 0
388 -2.3201 0
432 -2.3204 0
1179 -2.3257 0
695 -2.3273 0
687 -2.3399 0
1973 -2.3437 0
1025 -2.3460 0
528 -2.3644 0
188 -2.3650 0
311 -2.3655 0
392 -2.3749 0
160 -2.3797 0
703 -2.3874 0
243 -2.3889 0
1411 -2.4000 0
834 -2.4034 0
919 -2.4066 0
1415 -2.4149 0
68 -2.4153 0
1041 -2.4159 0
1403 -2.4229 0
1652 -2.4277 0
556 -2.4303 0
1431 -2.4307 0
535 -2.4314 0
1864 -2.4371 0
192 -2.4440 0
356 -2.4448 0
1007 -2.4501 0
1698 -2.4560 0
50 -2.4589 0
1418 -2.4685 0
169 -2.4698 0
353 -2.4765 0
1186 -2.4861 0
1405 -2.4888 0
149 -2.4896 0
1605 -2.4903 0
352 -2.4926 0
234 -2.5031 0
1093 -2.5059 0
932 -2.5081 0
792 -2.5160 0
75 -2.5175 0
394 -2.5180 0
125 -2.5201 0
1631 -2.5381 0
1278 -2.5450 0
1164 -2.5540 0
1068 -2.5541 0
237 -2.5541 0
138 -2.5568 0
1900 -2.5648 0
728 -2.5654 0
1913 -2.5688 0
363 -2.5750 0
1295 -2.5752 0
1533 -2.5799 0
1315 -2.5921 0
1199 -2.6036 0
704 -2.6096 0
1016 -2.6122 0
765 -2.6143 0
1400 -2.6231 0
1180 -2.6241 0
710 -2.6254 0
1989 -2.6318 0
1196 -2.6319 0
1030 -2.6357 0
1636 -2.6383 0
1090 -2.6390 0
1600 -2.6439 0
1255 -2.6513 0
1497 -2.6584 0
1519 -2.6614 0
522 -2.6633 0
1214 -2.6634 0
1508 -2.6718 0
1381 -2.6729 0
777 -2.6752 0
957 -2.6816 0
355 -2.6891 0
1269 -2.7011 0
1275 -2.7130 0
1410 -2.7237 0
1674 -2.7314 0
1467 -2.7322 0
274 -2.7344 0
472 -2.7419 0
1513 -2.7447 0
1290 -2.7471 0
358 -2.7490 0
1640 -2.7502 0
1291 -2.7536 0
249 -2.7673 0
539 -2.7689 0
1484 -2.7694 0
1632 -2.7731 0
277 -2.7795 0
212 -2.7841 0
248 -2.7900 0
1916 -2.7911 0
140 -2.7946 0
1130 -2.7975 0
1904 -2.8061 0
1175 -2.8119 0
783 -2.8260 0
1669 -2.8302 0
375 -2.8540 0
196 -2.8592 0
1424 -2.8632 0
127 -2.8636 0
1529 -2.8709 0
1221 -2.8710 0
466 -2.8716 0
1626 -2.8776 0
165 -2.8859 0
1465 -2.8916 0
1655 -2.8917 0
491 -2.9077 0
1227 -2.9136 0
689 -2.9138 0
206 -2.9149 0
1435 -2.9322 0
370 -2.9325 0
473 -2.9344 0
716 -2.9398 0
157 -2.9554 0
1678 -2.9623 0
222 -2.9692 0
1936 -2.9732 0
735 -2.9737 0
371 -2.9761 0
398 -2.9777 0
849 -2.9922 0
1969 -2.9962 0
1909 -3.0197 0
301 -3.0293 0
713 -3.0327 0
1967 -3.0477 0
748 -3.0479 0
663 -3.0527 0
1306 -3.0561 0
1613 -3.0574 0
1954 -3.0608 0
1058 -3.0616 0
1293 -3.0689 0
354 -3.0692 0
1441 -3.0700 0
482 -3.0783 0
159 -3.0874 0
1151 -3.0889 0
504 -3.0969 0
1248 -3.1023 0
161 -3.1076 0
1895 -3.1205 0
533 -3.1222 0
1422 -3.1290 0
595 -3.1389 0
1609 -3.1659 0
1297 -3.1667 0
1428 -3.1766 0
955 -3.1778 0
344 -3.1865 0
1144 -3.1923 0
1217 -3.2050 0
1666 -3.2190 0
1459 -3.2263 0
1948 -3.2383 0
904 -3.2529 0
740 -3.2740 0
1423 -3.2794 0
1332 -3.2807 0
1298 -3.2808 0
756 -3.2815 0
1427 -3.2828 0
1377 -3.2946 0
496 -3.3108 0
385 -3.3118 0
241 -3.3202 0
1693 -3.3309 0
1656 -3.3340 0
1687 -3.3356 0
1382 -3.3430 0
1026 -3.3511 0
359 -3.3530 0
366 -3.3531 0
781 -3.3562 0
459 -3.3618 0
737 -3.3634 0
633 -3.3642 0
1036 -3.3705 0
1252 -3.3727 0
720 -3.3729 0
393 -3.3914 0
1166 -3.3915 0
1425 -3.3940 0
788 -3.4118 0
351 -3.4129 0
1641 -3.4207 0
1223 -3.4220 0
470 -3.4288 0
309 -3.4291 0
1949 -3.4332 0
1694 -3.4607 0
379 -3.4627 0
1209 -3.4692 0
1247 -3.4843 0
1683 -3.4916 0
200 -3.5080 0
718 -3.5261 0
1691 -3.5398 0
962 -3.5416 0
166 -3.5448 0
1670 -3.5592 0
1681 -3.5614 0
397 -3.5836 0
1229 -3.5876 0
733 -3.5879 0
1285 -3.6049 0
224 -3.6063 0
791 -3.6086 0
925 -3.6165 0
701 -3.6302 0
524 -3.6353 0
65 -3.6369 0
739 -3.6405 0
1222 -3.6515 0
1246 -3.6536 0
1488 -3.6548 0
1282 -3.6582 0
1338 -3.6839 0
1224 -3.6883 0
1501 -3.7102 0
1228 -3.7114 0
1316 -3.7201 0
1017 -3.7232 0
395 -3.7310 0
202 -3.7316 0
214 -3.7590 0
384 -3.7625 0
236 -3.7672 0
722 -3.7684 0
749 -3.7716 0
1153 -3.7799 0
377 -3.7809 0
244 -3.7829 0
1675 -3.7958 0
1274 -3.8025 0
1286 -3.8056 0
365 -3.8072 0
1127 -3.8087 0
228 -3.8291 0
498 -3.8318 0
376 -3.8472 0
391 -3.8494 0
1314 -3.8550 0
1239 -3.8823 0
1992 -3.9034 0
291 -3.9219 0
326 -3.9281 0
1638 -3.9324 0
1320 -3.9414 0
382 -3.9472 0
168 -3.9604 0
357 -3.9651 0
1111 -4.0083 0
741 -4.0110 0
242 -4.0189 0
1272 -4.0195 0
1419 -4.0267 0
1421 -4.0394 0
1279 -4.0594 0
732 -4.0611 0
1624 -4.0957 0
368 -4.1098 0
390 -4.1175 0
1342 -4.1830 0
1327 -4.2134 0
1697 -4.2301 0
136 -4.2368 0
1647 -4.2508 0
1661 -4.2571 0
738 -4.2590 0
1663 -4.2630 0
1032 -4.2640 0
229 -4.2815 0
265 -4.2844 0
201 -4.2889 0
709 -4.3007 0
1673 -4.3206 0
1665 -4.3270 0
1991 -4.3793 0
1437 -4.3835 0
1045 -4.3988 0
364 -4.4028 0
1667 -4.4369 0
151 -4.4680 0
730 -4.4715 0
215 -4.4853 0
1664 -4.4877 0
1616 -4.4998 0
396 -4.5264 0
1240 -4.5341 0
218 -4.5470 0
1660 -4.5519 0
1905 -4.5609 0
708 -4.5618 0
1668 -4.6330 0
1258 -4.6808 0
1238 -4.6947 0
389 -4.6999 0
350 -4.7204 0
199 -4.7265 0
1479 -4.7456 0
245 -4.7537 0
1679 -4.7699 0
488 -4.7754 0
240 -4.7891 0
745 -4.8054 0
1442 -4.8060 0
221 -4.8151 0
1676 -4.8176 0
1695 -4.9081 0
762 -4.9262 0
1658 -5.0465 0
1686 -5.0507 0
1653 -5.0568 0
1680 -5.1998 0
1200 -5.2034 0
1677 -5.2158 0
1416 -5.2180 0
742 -5.2213 0
53 -5.2281 0
217 -5.2696 0
1281 -5.3164 0
744 -5.3307 0
1470 -5.4575 0
1689 -5.4777 0
1688 -5.4988 0
1690 -5.5070 0
538 -5.5638 0
1012 -5.5810 0
712 -5.8131 0
179 -5.9845 0
1650 -6.0604 0
1927 -6.0685 0
1975 -6.1141 0
736 -6.3459 0
1692 -6.4007 0
1337 -6.4303 0
361 -6.4956 0
1671 -6.6712 0
1662 -7.0573 0
746 -7.7252 0
456 -7.8141 0
714 -7.9539 0
1659 -8.5108 0
717 -9.0230 0
