86 27.5898 1
62 23.9597 1
95 23.3376 1
82 23.3008 1
56 23.1017 1
54 21.5466 1
81 20.2180 1
94 19.9754 1
98 19.4539 1
92 18.9765 1
69 18.6467 1
58 17.8290 1
64 17.0120 1
80 16.9508 1
55 16.8804 1
96 16.8329 1
90 16.7263 1
63 16.7204 1
1730 16.5718 0
88 16.2196 1
76 15.7549 1
79 15.5903 1
67 15.3451 1
57 15.2908 1
89 15.1891 1
71 15.1094 1
51 15.0171 1
78 14.2413 1
97 13.8858 1
60 13.7857 1
1718 13.6468 0
1746 12.6640 0
99 12.5139 1
1729 12.4399 0
1748 12.2500 0
85 12.2137 1
70 12.1312 1
74 11.9553 1
77 11.9400 1
1712 11.7695 0
61 11.7320 1
1721 11.6023 0
83 11.4450 1
53 11.1707 1
1819 11.1295 0
1720 10.9718 0
1130 10.8522 0
1716 10.8209 0
294 10.5437 0
1701 10.4557 0
91 10.1205 1
1744 9.8835 0
75 9.5879 1
1820 9.5091 0
1844 9.4481 0
1732 9.2705 0
1198 8.8592 0
72 8.7203 1
1815 8.6599 0
1822 8.5428 0
1706 8.3883 0
1702 8.2669 0
1735 8.2014 0
605 8.1855 0
84 8.1253 1
1740 8.0854 0
1727 8.0470 0
1700 8.0180 0
1102 8.0070 0
52 7.9698 1
1843 7.8881 0
1864 7.8153 0
1717 7.7948 0
1742 7.7310 0
298 7.7027 0
1827 7.5865 0
1743 7.4577 0
1821 7.3885 0
263 7.3725 0
1825 7.3641 0
1703 7.2920 0
1847 7.2112 0
73 7.1585 1
1571 7.0392 0
1801 7.0367 0
87 7.0116 1
1722 6.8752 0
627 6.8628 0
1725 6.8165 0
1747 6.8165 0
1896 6.7983 0
1708 6.7956 0
1817 6.7637 0
1705 6.7251 0
1176 6.6769 0
59 6.6746 1
1707 6.6011 0
1849 6.5504 0
793 6.4364 0
1738 6.3444 0
50 6.3175 1
1814 6.2290 0
1731 6.2195 0
640 6.1983 0
1873 6.0392 0
140 6.0333 0
261 6.0110 0
1506 5.9249 0
934 5.9185 0
1711 5.8803 0
1859 5.7432 0
1812 5.7242 0
284 5.6914 0
1816 5.6861 0
1715 5.6802 0
93 5.6689 1
37 5.6387 0
1 5.6015 0
1802 5.5780 0
116 5.5306 0
1169 5.4979 0
1183 5.3892 0
27 5.3387 0
1709 5.3008 0
191 5.2917 0
1733 5.2706 0
1734 5.2253 0
142 5.2249 0
1723 5.1921 0
635 5.1821 0
121 5.1076 0
1163 5.0921 0
1256 5.0902 0
619 5.0740 0
1818 5.0085 0
1749 4.9951 0
1804 4.9650 0
1719 4.9579 0
223 4.8836 0
1153 4.8745 0
283 4.8656 0
1195 4.8528 0
1846 4.8396 0
139 4.7010 0
623 4.6839 0
1182 4.6645 0
1832 4.6542 0
1888 4.6471 0
1160 4.6135 0
1807 4.6104 0
193 4.5763 0
1724 4.5706 0
1598 4.5699 0
1156 4.5299 0
632 4.4757 0
1828 4.4464 0
286 4.4277 0
1805 4.4236 0
1889 4.4180 0
154 4.4118 0
171 4.3863 0
454 4.3770 0
638 4.3495 0
66 4.2147 1
138 4.1896 0
68 4.1780 1
1835 4.1570 0
1196 4.1428 0
513 4.1257 0
1580 4.1124 0
1042 4.1084 0
1151 4.0794 0
1736 4.0585 0
1737 4.0430 0
499 3.9444 0
1710 3.8716 0
1761 3.8211 0
1739 3.8036 0
1965 3.7615 0
1574 3.7549 0
1168 3.7525 0
1565 3.7315 0
1312 3.6870 0
711 3.6385 0
603 3.5693 0
288 3.5056 0
174 3.4761 0
1159 3.4750 0
135 3.4685 0
1539 3.4277 0
876 3.3926 0
290 3.3835 0
1157 3.3772 0
1117 3.3504 0
39 3.3054 0
1288 3.2667 0
1379 3.2528 0
143 3.2515 0
1790 3.2379 0
1564 3.2018 0
1808 3.1977 0
1507 3.1903 0
5 3.1660 0
217 3.1583 0
1841 3.1332 0
1714 3.1276 0
636 3.1252 0
859 3.1154 0
1826 3.1052 0
784 3.0949 0
1541 3.0527 0
1848 3.0027 0
1554 2.9941 0
1728 2.9752 0
22 2.9653 0
448 2.9601 0
285 2.9529 0
1162 2.9273 0
1018 2.9027 0
630 2.8947 0
641 2.8883 0
124 2.8867 0
608 2.8848 0
1189 2.8831 0
192 2.8693 0
272 2.8539 0
642 2.8170 0
1840 2.8058 0
1837 2.8034 0
618 2.7973 0
1806 2.7613 0
866 2.7599 0
250 2.7446 0
1726 2.7406 0
1713 2.7388 0
18 2.6901 0
1750 2.6835 0
1836 2.6676 0
1503 2.6620 0
1181 2.6220 0
486 2.5691 0
338 2.5183 0
141 2.5019 0
259 2.4758 0
1175 2.4358 0
1199 2.4284 0
1891 2.4263 0
1480 2.4106 0
895 2.4056 0
1838 2.3927 0
1872 2.3528 0
1809 2.3509 0
296 2.3329 0
861 2.3315 0
1322 2.3262 0
862 2.2953 0
413 2.2860 0
1775 2.2818 0
1831 2.2633 0
276 2.2506 0
774 2.2473 0
1773 2.2323 0
1245 2.2312 0
1170 2.2307 0
1161 2.2299 0
1150 2.2077 0
252 2.2011 0
1390 2.1971 0
134 2.1953 0
1516 2.1951 0
1704 2.1861 0
897 2.1588 0
275 2.1538 0
1164 2.1510 0
1142 2.1456 0
456 2.1262 0
1797 2.1189 0
1239 2.1121 0
65 2.1085 1
880 2.1075 0
1860 2.1004 0
855 2.0949 0
613 2.0743 0
1166 2.0656 0
609 2.0643 0
213 2.0637 0
1171 2.0568 0
131 2.0418 0
1800 2.0239 0
1586 2.0221 0
41 2.0176 0
1834 2.0051 0
1197 1.9987 0
644 1.9965 0
1344 1.9932 0
629 1.9809 0
942 1.9801 0
1592 1.9543 0
1222 1.9073 0
1167 1.8995 0
685 1.8975 0
281 1.8834 0
857 1.8831 0
1780 1.8574 0
21 1.8339 0
254 1.8298 0
481 1.8239 0
221 1.8095 0
1869 1.8064 0
1342 1.7847 0
1788 1.7711 0
1811 1.7553 0
1558 1.7545 0
1842 1.7510 0
38 1.7054 0
794 1.7039 0
197 1.6936 0
1515 1.6772 0
1952 1.6764 0
1785 1.6721 0
1898 1.6704 0
1779 1.6599 0
614 1.6565 0
1356 1.6393 0
602 1.6382 0
280 1.6124 0
401 1.5955 0
1027 1.5908 0
418 1.5864 0
1796 1.5698 0
145 1.5519 0
779 1.5460 0
1996 1.5428 0
1596 1.5248 0
1862 1.4885 0
1013 1.4847 0
1278 1.4835 0
578 1.4650 0
1152 1.4188 0
1845 1.3926 0
1446 1.3922 0
1133 1.3906 0
1035 1.3902 0
790 1.3835 0
1354 1.3832 0
929 1.3667 0
1783 1.3648 0
268 1.3515 0
1813 1.3481 0
1964 1.3373 0
289 1.3342 0
1583 1.3326 0
251 1.3225 0
1534 1.3087 0
214 1.3043 0
1833 1.3003 0
105 1.2916 0
305 1.2886 0
108 1.2763 0
1769 1.2749 0
1347 1.2692 0
152 1.2468 0
308 1.2350 0
1890 1.2293 0
130 1.2195 0
1223 1.2062 0
860 1.2042 0
646 1.1925 0
1165 1.1760 0
406 1.1565 0
195 1.1516 0
899 1.1472 0
1022 1.1438 0
621 1.1375 0
1154 1.1370 0
1854 1.1284 0
1457 1.1161 0
287 1.1029 0
1214 1.0840 0
189 1.0650 0
256 1.0595 0
1332 1.0538 0
177 1.0503 0
1755 1.0468 0
1823 1.0429 0
1579 1.0391 0
434 1.0346 0
425 1.0341 0
1526 1.0330 0
101 1.0256 0
219 1.0244 0
115 1.0226 0
1321 1.0162 0
128 1.0145 0
269 1.0125 0
610 0.9939 0
427 0.9875 0
111 0.9871 0
802 0.9765 0
476 0.9643 0
196 0.9568 0
293 0.9388 0
1488 0.9341 0
633 0.9187 0
1339 0.9143 0
1885 0.9024 0
1909 0.9012 0
606 0.8868 0
279 0.8856 0
419 0.8802 0
1757 0.8668 0
1318 0.8583 0
28 0.8416 0
1803 0.8202 0
924 0.8192 0
520 0.8058 0
1756 0.8044 0
1766 0.7956 0
11 0.7795 0
896 0.7732 0
975 0.7709 0
856 0.7630 0
1765 0.7596 0
611 0.7515 0
1865 0.7388 0
628 0.7215 0
1015 0.7154 0
1442 0.7135 0
423 0.7081 0
412 0.6986 0
755 0.6902 0
1945 0.6793 0
33 0.6654 0
1770 0.6585 0
612 0.6538 0
226 0.6514 0
210 0.6475 0
439 0.6457 0
1231 0.6399 0
1319 0.6333 0
620 0.6300 0
15 0.6291 0
292 0.6284 0
645 0.6251 0
1341 0.6223 0
1044 0.6214 0
1521 0.6118 0
156 0.6109 0
449 0.6076 0
1031 0.5984 0
277 0.5970 0
882 0.5951 0
42 0.5792 0
468 0.5782 0
1578 0.5782 0
1209 0.5747 0
1589 0.5701 0
216 0.5698 0
1304 0.5691 0
1745 0.5681 0
1509 0.5639 0
6 0.5615 0
1331 0.5586 0
1338 0.5514 0
1192 0.5451 0
883 0.5425 0
264 0.5378 0
112 0.5246 0
1810 0.5212 0
1445 0.5192 0
995 0.5189 0
634 0.5186 0
267 0.5149 0
314 0.5132 0
881 0.5115 0
443 0.5092 0
1148 0.5079 0
1019 0.5035 0
1576 0.5011 0
974 0.5009 0
1178 0.4982 0
1798 0.4926 0
409 0.4784 0
1510 0.4766 0
497 0.4651 0
1420 0.4558 0
1866 0.4499 0
858 0.4482 0
528 0.4445 0
198 0.4272 0
1799 0.4253 0
335 0.4082 0
1795 0.4082 0
1010 0.4032 0
1784 0.3980 0
1299 0.3921 0
1008 0.3872 0
1681 0.3853 0
1502 0.3847 0
1389 0.3800 0
1897 0.3691 0
944 0.3563 0
803 0.3521 0
864 0.3449 0
810 0.3397 0
1919 0.3385 0
1177 0.3312 0
1657 0.3306 0
1781 0.3273 0
187 0.3259 0
282 0.3233 0
1627 0.3208 0
1561 0.3194 0
887 0.3028 0
1899 0.2980 0
1504 0.2756 0
1200 0.2732 0
215 0.2719 0
1774 0.2652 0
1158 0.2547 0
1763 0.2432 0
1559 0.2396 0
615 0.2342 0
474 0.2340 0
582 0.2135 0
1443 0.2120 0
397 0.2107 0
1754 0.2092 0
1590 0.2010 0
1260 0.1862 0
631 0.1855 0
1144 0.1759 0
23 0.1751 0
346 0.1742 0
1593 0.1725 0
1587 0.1709 0
1432 0.1619 0
1155 0.1570 0
1094 0.1511 0
1335 0.1416 0
871 0.1330 0
1942 0.1326 0
706 0.1279 0
560 0.1261 0
118 0.1212 0
500 0.1211 0
1751 0.1209 0
604 0.1140 0
404 0.1119 0
842 0.1114 0
1536 0.1084 0
1752 0.1005 0
875 0.0991 0
420 0.0966 0
1974 0.0938 0
1045 0.0928 0
1777 0.0794 0
414 0.0785 0
24 0.0749 0
402 0.0663 0
1139 0.0618 0
1259 0.0507 0
483 0.0391 0
992 0.0375 0
727 0.0348 0
467 0.0317 0
430 0.0230 0
545 0.0227 0
1211 0.0154 0
1532 0.0096 0
1977 0.0095 0
164 0.0082 0
4 0.0029 0
1308 -0.0051 0
199 -0.0076 0
274 -0.0262 0
868 -0.0293 0
894 -0.0325 0
648 -0.0395 0
1856 -0.0475 0
502 -0.0578 0
1011 -0.0591 0
1883 -0.0628 0
416 -0.0676 0
1793 -0.0783 0
1089 -0.0839 0
19 -0.0853 0
1187 -0.0855 0
1959 -0.0936 0
1188 -0.1085 0
832 -0.1105 0
159 -0.1118 0
1249 -0.1130 0
460 -0.1353 0
1523 -0.1463 0
910 -0.1688 0
1566 -0.1759 0
1493 -0.1888 0
1065 -0.1903 0
34 -0.1920 0
172 -0.1922 0
1046 -0.2017 0
625 -0.2039 0
1906 -0.2058 0
1289 -0.2070 0
1963 -0.2151 0
643 -0.2162 0
144 -0.2164 0
904 -0.2199 0
1024 -0.2305 0
1477 -0.2350 0
1372 -0.2419 0
1333 -0.2500 0
850 -0.2519 0
114 -0.2521 0
1118 -0.2542 0
242 -0.2575 0
132 -0.2603 0
1228 -0.2631 0
1853 -0.2793 0
10 -0.2810 0
1584 -0.2832 0
426 -0.2836 0
190 -0.2896 0
874 -0.2955 0
1326 -0.3076 0
770 -0.3087 0
43 -0.3206 0
496 -0.3237 0
1185 -0.3295 0
1145 -0.3308 0
1758 -0.3421 0
1419 -0.3512 0
729 -0.3569 0
956 -0.3584 0
1387 -0.3591 0
1193 -0.3638 0
1423 -0.3656 0
151 -0.3678 0
1136 -0.3683 0
415 -0.3735 0
180 -0.3767 0
120 -0.3827 0
1229 -0.3860 0
1123 -0.4136 0
1125 -0.4139 0
891 -0.4160 0
463 -0.4177 0
1250 -0.4204 0
1572 -0.4333 0
1926 -0.4370 0
1517 -0.4426 0
886 -0.4485 0
649 -0.4504 0
447 -0.4622 0
1852 -0.4647 0
428 -0.4656 0
495 -0.4804 0
1474 -0.4830 0
374 -0.4839 0
1131 -0.4948 0
1556 -0.4956 0
239 -0.5012 0
1253 -0.5057 0
548 -0.5078 0
1884 -0.5090 0
626 -0.5093 0
1830 -0.5186 0
987 -0.5199 0
16 -0.5235 0
1327 -0.5235 0
1325 -0.5314 0
1317 -0.5317 0
1034 -0.5362 0
1001 -0.5396 0
475 -0.5612 0
1741 -0.5614 0
892 -0.5618 0
581 -0.5689 0
778 -0.5731 0
1468 -0.5742 0
1054 -0.5812 0
1759 -0.5846 0
1281 -0.5871 0
1640 -0.5922 0
1411 -0.5957 0
764 -0.5960 0
693 -0.5988 0
885 -0.5990 0
1179 -0.6035 0
1595 -0.6144 0
777 -0.6185 0
113 -0.6207 0
452 -0.6241 0
772 -0.6241 0
1989 -0.6359 0
1951 -0.6524 0
1563 -0.6620 0
597 -0.6689 0
352 -0.6791 0
266 -0.6805 0
1953 -0.6853 0
1101 -0.6870 0
877 -0.6920 0
616 -0.6968 0
1029 -0.7021 0
1105 -0.7025 0
954 -0.7088 0
1767 -0.7172 0
1768 -0.7209 0
270 -0.7239 0
1778 -0.7243 0
1577 -0.7294 0
1553 -0.7327 0
586 -0.7476 0
799 -0.7494 0
149 -0.7568 0
831 -0.7613 0
424 -0.7670 0
961 -0.7817 0
265 -0.7939 0
337 -0.7958 0
229 -0.7970 0
258 -0.7985 0
1538 -0.7989 0
170 -0.8050 0
230 -0.8074 0
422 -0.8123 0
1912 -0.8128 0
1646 -0.8197 0
1829 -0.8275 0
297 -0.8370 0
1764 -0.8393 0
1385 -0.8484 0
1184 -0.8502 0
1186 -0.8541 0
1012 -0.8556 0
976 -0.8656 0
750 -0.8706 0
752 -0.8729 0
435 -0.8853 0
1301 -0.8895 0
1876 -0.9069 0
585 -0.9140 0
7 -0.9147 0
1382 -0.9167 0
8 -0.9187 0
220 -0.9190 0
194 -0.9257 0
433 -0.9330 0
1360 -0.9338 0
504 -0.9346 0
333 -0.9368 0
1794 -0.9431 0
0 -0.9448 0
330 -0.9460 0
1441 -0.9712 0
1603 -0.9860 0
158 -0.9871 0
955 -0.9877 0
1771 -0.9932 0
127 -0.9955 0
1665 -1.0006 0
1877 -1.0065 0
572 -1.0089 0
813 -1.0128 0
743 -1.0181 0
472 -1.0190 0
1549 -1.0205 0
1216 -1.0207 0
1643 -1.0226 0
125 -1.0259 0
843 -1.0267 0
102 -1.0310 0
1666 -1.0474 0
445 -1.0510 0
482 -1.0569 0
1300 -1.0585 0
977 -1.0610 0
26 -1.0622 0
1895 -1.0640 0
1275 -1.0650 0
1594 -1.0814 0
1400 -1.0826 0
29 -1.0934 0
1858 -1.1195 0
1867 -1.1241 0
667 -1.1242 0
792 -1.1279 0
1021 -1.1287 0
1531 -1.1333 0
898 -1.1405 0
176 -1.1506 0
20 -1.1559 0
1641 -1.1584 0
146 -1.1719 0
1119 -1.1722 0
787 -1.1723 0
617 -1.1836 0
1396 -1.1844 0
921 -1.1850 0
1241 -1.1900 0
1850 -1.1959 0
440 -1.1972 0
1855 -1.2006 0
188 -1.2120 0
757 -1.2139 0
1918 -1.2164 0
100 -1.2221 0
650 -1.2250 0
453 -1.2265 0
1174 -1.2325 0
1416 -1.2335 0
1030 -1.2356 0
1900 -1.2366 0
1585 -1.2415 0
32 -1.2425 0
1313 -1.2473 0
202 -1.2497 0
1244 -1.2556 0
1944 -1.2663 0
1680 -1.2672 0
1402 -1.2745 0
574 -1.2798 0
1753 -1.2799 0
1886 -1.2821 0
331 -1.2887 0
13 -1.2900 0
1789 -1.2906 0
550 -1.2929 0
1451 -1.2929 0
564 -1.3008 0
484 -1.3046 0
1871 -1.3090 0
795 -1.3106 0
212 -1.3108 0
117 -1.3117 0
888 -1.3137 0
1547 -1.3147 0
1020 -1.3149 0
1982 -1.3193 0
1127 -1.3229 0
692 -1.3234 0
1440 -1.3286 0
1307 -1.3292 0
786 -1.3296 0
1661 -1.3301 0
240 -1.3304 0
1424 -1.3306 0
234 -1.3327 0
278 -1.3381 0
1173 -1.3395 0
1251 -1.3406 0
1782 -1.3426 0
1425 -1.3429 0
30 -1.3528 0
1268 -1.3573 0
758 -1.3622 0
1395 -1.3655 0
776 -1.3692 0
893 -1.3771 0
1604 -1.3793 0
1309 -1.3885 0
575 -1.3893 0
1262 -1.3945 0
1851 -1.3999 0
1628 -1.4020 0
455 -1.4057 0
1106 -1.4093 0
818 -1.4105 0
1247 -1.4119 0
1405 -1.4205 0
1172 -1.4217 0
1476 -1.4232 0
1393 -1.4255 0
765 -1.4296 0
804 -1.4352 0
169 -1.4377 0
182 -1.4387 0
1787 -1.4411 0
1310 -1.4427 0
1921 -1.4453 0
844 -1.4489 0
1397 -1.4498 0
160 -1.4602 0
1377 -1.4605 0
153 -1.4661 0
1208 -1.4700 0
1893 -1.4701 0
1560 -1.4701 0
762 -1.4717 0
1055 -1.4772 0
789 -1.4797 0
1263 -1.4808 0
1892 -1.4817 0
940 -1.4851 0
1776 -1.4861 0
1901 -1.4873 0
1569 -1.4876 0
461 -1.4885 0
1270 -1.4946 0
1525 -1.4975 0
785 -1.5001 0
840 -1.5009 0
200 -1.5017 0
889 -1.5031 0
478 -1.5036 0
1236 -1.5075 0
796 -1.5085 0
590 -1.5094 0
1252 -1.5103 0
320 -1.5159 0
107 -1.5237 0
1314 -1.5288 0
17 -1.5327 0
914 -1.5376 0
1567 -1.5414 0
1887 -1.5446 0
514 -1.5447 0
1264 -1.5496 0
179 -1.5497 0
1114 -1.5558 0
238 -1.5593 0
1557 -1.5614 0
807 -1.5615 0
583 -1.5632 0
853 -1.5632 0
378 -1.5704 0
203 -1.5735 0
3 -1.5745 0
1792 -1.5746 0
411 -1.5760 0
1433 -1.5795 0
1924 -1.5799 0
431 -1.5823 0
1320 -1.5828 0
908 -1.5933 0
1284 -1.5972 0
1225 -1.6066 0
870 -1.6068 0
1529 -1.6101 0
391 -1.6127 0
342 -1.6145 0
12 -1.6150 0
596 -1.6157 0
1472 -1.6172 0
255 -1.6197 0
299 -1.6243 0
797 -1.6265 0
1649 -1.6306 0
1043 -1.6350 0
49 -1.6387 0
754 -1.6406 0
607 -1.6409 0
1294 -1.6423 0
148 -1.6448 0
150 -1.6470 0
1824 -1.6518 0
104 -1.6522 0
1003 -1.6540 0
1373 -1.6552 0
14 -1.6576 0
593 -1.6601 0
1040 -1.6654 0
462 -1.6729 0
540 -1.6732 0
147 -1.6813 0
225 -1.6819 0
873 -1.6830 0
798 -1.6835 0
1591 -1.6859 0
369 -1.6898 0
310 -1.6924 0
1004 -1.6955 0
1002 -1.6964 0
184 -1.7019 0
222 -1.7034 0
1696 -1.7081 0
1032 -1.7112 0
1224 -1.7121 0
1915 -1.7152 0
1205 -1.7153 0
567 -1.7216 0
181 -1.7270 0
209 -1.7282 0
1630 -1.7336 0
622 -1.7375 0
1988 -1.7379 0
1235 -1.7426 0
523 -1.7458 0
410 -1.7480 0
1958 -1.7504 0
553 -1.7507 0
1206 -1.7537 0
554 -1.7596 0
1277 -1.7685 0
235 -1.7687 0
403 -1.7710 0
1290 -1.7716 0
932 -1.7768 0
1203 -1.7779 0
1418 -1.7791 0
811 -1.7817 0
1014 -1.7906 0
1386 -1.7911 0
592 -1.7915 0
1962 -1.7972 0
1597 -1.8012 0
1933 -1.8028 0
555 -1.8073 0
1469 -1.8075 0
1329 -1.8102 0
1306 -1.8149 0
742 -1.8149 0
1687 -1.8156 0
698 -1.8196 0
726 -1.8213 0
869 -1.8235 0
1530 -1.8258 0
1007 -1.8259 0
1436 -1.8283 0
341 -1.8326 0
1581 -1.8337 0
2 -1.8346 0
1634 -1.8456 0
845 -1.8491 0
350 -1.8603 0
1940 -1.8655 0
1435 -1.8688 0
1613 -1.8731 0
458 -1.8744 0
1990 -1.8800 0
600 -1.8814 0
1522 -1.8845 0
136 -1.8873 0
175 -1.8878 0
260 -1.8890 0
836 -1.8960 0
527 -1.8991 0
1363 -1.9030 0
1140 -1.9037 0
1434 -1.9115 0
436 -1.9115 0
106 -1.9151 0
624 -1.9177 0
450 -1.9205 0
1438 -1.9227 0
963 -1.9264 0
119 -1.9269 0
1760 -1.9347 0
1295 -1.9356 0
168 -1.9374 0
273 -1.9398 0
833 -1.9434 0
1934 -1.9447 0
362 -1.9479 0
1995 -1.9501 0
854 -1.9530 0
1464 -1.9540 0
1315 -1.9571 0
902 -1.9599 0
1316 -1.9644 0
1449 -1.9681 0
1913 -1.9719 0
1910 -1.9736 0
489 -1.9753 0
1621 -1.9757 0
1037 -1.9771 0
1505 -1.9799 0
1540 -1.9819 0
1232 -1.9912 0
1279 -1.9921 0
531 -1.9927 0
400 -1.9929 0
377 -1.9931 0
1762 -1.9943 0
1528 -1.9960 0
1644 -1.9989 0
1650 -1.9993 0
561 -2.0009 0
1642 -2.0039 0
994 -2.0063 0
1861 -2.0070 0
849 -2.0086 0
1602 -2.0091 0
386 -2.0109 0
1957 -2.0119 0
372 -2.0134 0
1868 -2.0155 0
671 -2.0191 0
1180 -2.0213 0
1149 -2.0226 0
584 -2.0295 0
1606 -2.0365 0
1401 -2.0398 0
1210 -2.0419 0
697 -2.0444 0
938 -2.0537 0
1112 -2.0631 0
1645 -2.0647 0
1459 -2.0682 0
542 -2.0686 0
1863 -2.0823 0
367 -2.0827 0
1366 -2.0843 0
1028 -2.0844 0
417 -2.0847 0
1345 -2.0852 0
647 -2.0988 0
1931 -2.0996 0
1348 -2.1024 0
1292 -2.1049 0
1552 -2.1054 0
1482 -2.1109 0
957 -2.1109 0
543 -2.1120 0
1998 -2.1126 0
1608 -2.1139 0
1881 -2.1188 0
1297 -2.1200 0
1439 -2.1229 0
1430 -2.1269 0
1555 -2.1300 0
1255 -2.1309 0
237 -2.1463 0
1633 -2.1484 0
1875 -2.1504 0
1421 -2.1515 0
984 -2.1606 0
40 -2.1647 0
1005 -2.1706 0
1265 -2.1712 0
511 -2.1723 0
466 -2.1744 0
1367 -2.1747 0
1116 -2.1764 0
490 -2.1771 0
1973 -2.1796 0
767 -2.1871 0
1497 -2.1926 0
1544 -2.1935 0
599 -2.1944 0
1412 -2.2016 0
1070 -2.2087 0
1143 -2.2105 0
1879 -2.2150 0
760 -2.2186 0
1293 -2.2252 0
103 -2.2297 0
1501 -2.2387 0
1623 -2.2413 0
1668 -2.2559 0
1545 -2.2565 0
1938 -2.2568 0
1914 -2.2572 0
835 -2.2619 0
1287 -2.2641 0
1273 -2.2652 0
1619 -2.2653 0
766 -2.2697 0
351 -2.2701 0
446 -2.2768 0
1025 -2.2791 0
1932 -2.2799 0
1285 -2.2801 0
1519 -2.2804 0
123 -2.2833 0
1384 -2.2895 0
1458 -2.2911 0
1135 -2.2932 0
805 -2.2984 0
819 -2.3026 0
501 -2.3067 0
1355 -2.3137 0
718 -2.3144 0
668 -2.3213 0
1049 -2.3250 0
407 -2.3289 0
368 -2.3301 0
890 -2.3310 0
1647 -2.3330 0
336 -2.3352 0
1448 -2.3380 0
1383 -2.3406 0
380 -2.3411 0
1269 -2.3411 0
1632 -2.3436 0
1599 -2.3448 0
247 -2.3505 0
865 -2.3512 0
1407 -2.3583 0
46 -2.3624 0
1074 -2.3647 0
1984 -2.3751 0
1655 -2.3824 0
852 -2.3867 0
1690 -2.3911 0
737 -2.3927 0
1791 -2.3936 0
781 -2.4010 0
1930 -2.4147 0
1103 -2.4179 0
1109 -2.4220 0
830 -2.4226 0
751 -2.4235 0
1324 -2.4236 0
442 -2.4246 0
1937 -2.4275 0
393 -2.4357 0
1380 -2.4377 0
35 -2.4419 0
451 -2.4437 0
1467 -2.4522 0
45 -2.4526 0
1376 -2.4597 0
839 -2.4656 0
1191 -2.4729 0
715 -2.4755 0
827 -2.4765 0
759 -2.4791 0
1993 -2.4796 0
479 -2.4808 0
1048 -2.4832 0
1073 -2.4851 0
1120 -2.4852 0
1911 -2.4948 0
347 -2.4967 0
185 -2.4968 0
1546 -2.4974 0
1660 -2.4977 0
782 -2.4990 0
1463 -2.5134 0
945 -2.5154 0
1276 -2.5226 0
509 -2.5363 0
769 -2.5404 0
304 -2.5455 0
1047 -2.5475 0
173 -2.5480 0
768 -2.5486 0
1601 -2.5489 0
637 -2.5506 0
1129 -2.5510 0
1365 -2.5530 0
867 -2.5576 0
591 -2.5609 0
1568 -2.5623 0
1147 -2.5625 0
1513 -2.5658 0
595 -2.5661 0
1431 -2.5678 0
1220 -2.5689 0
1134 -2.5698 0
828 -2.5705 0
389 -2.5835 0
559 -2.5860 0
271 -2.5885 0
396 -2.5885 0
1992 -2.5894 0
1679 -2.5932 0
1330 -2.5937 0
1987 -2.6000 0
110 -2.6017 0
1693 -2.6018 0
1905 -2.6024 0
1221 -2.6024 0
1352 -2.6040 0
1039 -2.6081 0
1997 -2.6084 0
1266 -2.6086 0
1126 -2.6089 0
1340 -2.6098 0
129 -2.6139 0
1612 -2.6177 0
1925 -2.6215 0
262 -2.6269 0
816 -2.6270 0
303 -2.6274 0
546 -2.6358 0
577 -2.6376 0
167 -2.6396 0
900 -2.6532 0
36 -2.6631 0
1427 -2.6660 0
1947 -2.6668 0
356 -2.6675 0
161 -2.6736 0
1588 -2.6775 0
473 -2.6789 0
1212 -2.6790 0
1141 -2.6814 0
983 -2.6818 0
1403 -2.6822 0
357 -2.6830 0
1484 -2.6832 0
1261 -2.6923 0
1499 -2.6930 0
1874 -2.6969 0
1450 -2.6988 0
1618 -2.7014 0
1132 -2.7092 0
1238 -2.7114 0
719 -2.7119 0
1017 -2.7133 0
848 -2.7139 0
498 -2.7174 0
1452 -2.7231 0
725 -2.7276 0
321 -2.7330 0
1414 -2.7401 0
569 -2.7410 0
1839 -2.7421 0
518 -2.7460 0
457 -2.7508 0
1078 -2.7516 0
1575 -2.7529 0
989 -2.7546 0
1629 -2.7560 0
1128 -2.7621 0
1242 -2.7643 0
363 -2.7722 0
821 -2.7758 0
529 -2.7778 0
837 -2.7787 0
534 -2.7801 0
245 -2.7823 0
1486 -2.7879 0
246 -2.7962 0
1983 -2.7965 0
1291 -2.8016 0
1615 -2.8060 0
1620 -2.8070 0
408 -2.8085 0
673 -2.8158 0
1570 -2.8178 0
952 -2.8247 0
1009 -2.8329 0
9 -2.8367 0
524 -2.8423 0
204 -2.8537 0
469 -2.8647 0
598 -2.8722 0
1033 -2.8735 0
1349 -2.8771 0
566 -2.8808 0
224 -2.8811 0
826 -2.8863 0
1978 -2.8869 0
122 -2.8959 0
381 -2.8965 0
1305 -2.8977 0
344 -2.8981 0
1772 -2.9057 0
601 -2.9103 0
916 -2.9109 0
1698 -2.9115 0
1882 -2.9183 0
1097 -2.9200 0
1201 -2.9215 0
390 -2.9251 0
1786 -2.9317 0
295 -2.9341 0
1669 -2.9418 0
1524 -2.9479 0
968 -2.9501 0
1087 -2.9506 0
1257 -2.9555 0
1582 -2.9566 0
1981 -2.9601 0
1611 -2.9609 0
538 -2.9660 0
951 -2.9701 0
841 -2.9800 0
1417 -2.9858 0
1194 -2.9868 0
1240 -2.9896 0
1064 -2.9958 0
1943 -2.9961 0
1980 -2.9982 0
178 -2.9982 0
1298 -2.9982 0
1258 -3.0046 0
1485 -3.0124 0
313 -3.0165 0
395 -3.0198 0
1465 -3.0253 0
558 -3.0332 0
157 -3.0371 0
1961 -3.0413 0
1902 -3.0446 0
1684 -3.0468 0
1533 -3.0487 0
753 -3.0498 0
392 -3.0510 0
228 -3.0520 0
487 -3.0532 0
1075 -3.0590 0
1512 -3.0607 0
1454 -3.0666 0
165 -3.0712 0
421 -3.0758 0
763 -3.0763 0
1631 -3.0802 0
249 -3.0812 0
1607 -3.0818 0
1121 -3.0827 0
1375 -3.0877 0
465 -3.0923 0
1219 -3.0932 0
1994 -3.0949 0
686 -3.0950 0
208 -3.1015 0
1518 -3.1102 0
1248 -3.1142 0
1691 -3.1163 0
1398 -3.1169 0
1202 -3.1169 0
248 -3.1180 0
1622 -3.1206 0
1230 -3.1338 0
1016 -3.1387 0
960 -3.1435 0
1190 -3.1448 0
1971 -3.1535 0
996 -3.1545 0
361 -3.1619 0
1444 -3.1665 0
345 -3.1676 0
722 -3.1694 0
720 -3.1788 0
1609 -3.1793 0
334 -3.1810 0
1426 -3.1856 0
1923 -3.1898 0
519 -3.1928 0
1280 -3.1959 0
1346 -3.2051 0
652 -3.2077 0
1922 -3.2079 0
1473 -3.2100 0
565 -3.2110 0
946 -3.2186 0
639 -3.2213 0
1674 -3.2340 0
879 -3.2360 0
257 -3.2368 0
383 -3.2369 0
986 -3.2411 0
1353 -3.2443 0
773 -3.2444 0
1399 -3.2573 0
703 -3.2654 0
948 -3.2680 0
441 -3.2685 0
459 -3.2718 0
1036 -3.2766 0
375 -3.2783 0
388 -3.2861 0
1673 -3.2877 0
503 -3.2885 0
370 -3.2966 0
1429 -3.2987 0
1479 -3.3045 0
31 -3.3119 0
823 -3.3134 0
358 -3.3145 0
1656 -3.3177 0
1677 -3.3245 0
201 -3.3300 0
1928 -3.3315 0
1543 -3.3356 0
851 -3.3373 0
1137 -3.3404 0
1975 -3.3450 0
1551 -3.3472 0
517 -3.3498 0
878 -3.3527 0
1520 -3.3572 0
533 -3.3575 0
1410 -3.3582 0
1204 -3.3602 0
1404 -3.3705 0
1096 -3.3720 0
1234 -3.3723 0
912 -3.3778 0
1041 -3.3781 0
1527 -3.3821 0
982 -3.3847 0
1370 -3.3851 0
398 -3.3883 0
166 -3.3883 0
232 -3.3896 0
1422 -3.3937 0
783 -3.4035 0
930 -3.4103 0
137 -3.4151 0
1903 -3.4177 0
399 -3.4188 0
1956 -3.4229 0
678 -3.4282 0
355 -3.4366 0
1637 -3.4398 0
1481 -3.4468 0
863 -3.4531 0
1358 -3.4572 0
1415 -3.4633 0
1081 -3.4661 0
485 -3.4690 0
1392 -3.4729 0
186 -3.4817 0
1985 -3.4839 0
1271 -3.4866 0
183 -3.4868 0
695 -3.4895 0
1038 -3.4962 0
438 -3.4984 0
1682 -3.4998 0
990 -3.5076 0
981 -3.5077 0
253 -3.5084 0
971 -3.5111 0
846 -3.5193 0
1857 -3.5238 0
1226 -3.5374 0
739 -3.5385 0
1692 -3.5466 0
1969 -3.5512 0
1496 -3.5548 0
675 -3.5567 0
1999 -3.5582 0
365 -3.5646 0
1337 -3.5652 0
1935 -3.5767 0
1562 -3.5808 0
1535 -3.5808 0
525 -3.5845 0
571 -3.5906 0
1409 -3.5975 0
1920 -3.6002 0
733 -3.6023 0
1462 -3.6142 0
1670 -3.6155 0
539 -3.6157 0
488 -3.6172 0
872 -3.6219 0
1391 -3.6343 0
508 -3.6378 0
1371 -3.6391 0
544 -3.6425 0
780 -3.6459 0
563 -3.6628 0
568 -3.6632 0
1492 -3.6660 0
1638 -3.6687 0
1916 -3.6692 0
700 -3.6790 0
736 -3.6811 0
1654 -3.6866 0
1146 -3.6895 0
464 -3.6930 0
884 -3.6964 0
471 -3.6969 0
1282 -3.6974 0
937 -3.7016 0
373 -3.7016 0
1091 -3.7052 0
429 -3.7089 0
965 -3.7150 0
1311 -3.7155 0
1880 -3.7227 0
205 -3.7330 0
163 -3.7333 0
694 -3.7371 0
822 -3.7418 0
537 -3.7419 0
1328 -3.7441 0
674 -3.7460 0
211 -3.7535 0
985 -3.7559 0
1026 -3.7584 0
1688 -3.7590 0
676 -3.7651 0
761 -3.7654 0
1243 -3.7666 0
1207 -3.7701 0
1610 -3.7881 0
749 -3.7934 0
1986 -3.7966 0
1676 -3.7986 0
1635 -3.8013 0
662 -3.8015 0
1475 -3.8030 0
1408 -3.8034 0
701 -3.8046 0
1381 -3.8061 0
371 -3.8077 0
959 -3.8130 0
1537 -3.8143 0
926 -3.8206 0
1077 -3.8273 0
730 -3.8276 0
847 -3.8323 0
1955 -3.8337 0
1927 -3.8338 0
979 -3.8394 0
1274 -3.8473 0
659 -3.8476 0
1437 -3.8540 0
1334 -3.8563 0
707 -3.8567 0
1051 -3.8602 0
1573 -3.8614 0
332 -3.8628 0
723 -3.8632 0
915 -3.8680 0
236 -3.8692 0
1979 -3.8748 0
1617 -3.8857 0
1514 -3.8909 0
1967 -3.8916 0
677 -3.8923 0
570 -3.8962 0
291 -3.9075 0
328 -3.9113 0
44 -3.9222 0
1122 -3.9241 0
162 -3.9409 0
366 -3.9427 0
1455 -3.9519 0
970 -3.9567 0
1456 -3.9608 0
1491 -3.9612 0
1111 -3.9625 0
387 -3.9680 0
1368 -3.9751 0
962 -3.9751 0
530 -3.9797 0
512 -3.9895 0
206 -3.9911 0
241 -3.9992 0
1948 -3.9999 0
1949 -4.0002 0
731 -4.0059 0
1227 -4.0060 0
1447 -4.0078 0
972 -4.0148 0
1413 -4.0268 0
1394 -4.0269 0
1511 -4.0272 0
1917 -4.0436 0
1052 -4.0471 0
1453 -4.0479 0
1233 -4.0534 0
339 -4.0607 0
687 -4.0627 0
973 -4.0655 0
376 -4.0731 0
1067 -4.0780 0
1460 -4.0809 0
1639 -4.0820 0
1954 -4.0822 0
829 -4.0890 0
1894 -4.0941 0
800 -4.0971 0
1406 -4.0974 0
713 -4.1030 0
815 -4.1048 0
935 -4.1132 0
549 -4.1307 0
710 -4.1307 0
1636 -4.1312 0
1083 -4.1321 0
680 -4.1368 0
801 -4.1379 0
1080 -4.1455 0
1685 -4.1492 0
1350 -4.1608 0
949 -4.1880 0
747 -4.1924 0
547 -4.1956 0
309 -4.1996 0
1098 -4.2024 0
515 -4.2097 0
1624 -4.2145 0
1336 -4.2199 0
809 -4.2221 0
991 -4.2278 0
1272 -4.2418 0
1237 -4.2479 0
522 -4.2571 0
580 -4.2607 0
244 -4.2635 0
1662 -4.2654 0
1100 -4.2794 0
709 -4.2825 0
933 -4.2861 0
788 -4.2866 0
820 -4.2969 0
1625 -4.2994 0
316 -4.3037 0
824 -4.3049 0
936 -4.3208 0
588 -4.3254 0
1113 -4.3372 0
1369 -4.3389 0
1487 -4.3455 0
927 -4.3466 0
227 -4.3489 0
349 -4.3508 0
651 -4.3532 0
664 -4.3579 0
405 -4.3642 0
327 -4.3803 0
1050 -4.3812 0
317 -4.3815 0
1107 -4.3818 0
1652 -4.3844 0
1658 -4.3883 0
133 -4.3898 0
1023 -4.4010 0
507 -4.4033 0
1362 -4.4188 0
480 -4.4242 0
1495 -4.4265 0
998 -4.4274 0
306 -4.4313 0
1267 -4.4336 0
432 -4.4467 0
1124 -4.4616 0
505 -4.4631 0
931 -4.4697 0
1246 -4.4909 0
384 -4.5008 0
231 -4.5028 0
526 -4.5046 0
470 -4.5069 0
1904 -4.5143 0
655 -4.5158 0
207 -4.5174 0
969 -4.5218 0
556 -4.5264 0
906 -4.5278 0
1323 -4.5281 0
748 -4.5429 0
1088 -4.5486 0
1542 -4.5506 0
510 -4.5515 0
243 -4.5521 0
301 -4.5567 0
941 -4.5608 0
913 -4.5709 0
516 -4.5752 0
1079 -4.5855 0
1378 -4.5913 0
1936 -4.5923 0
233 -4.5939 0
1672 -4.5973 0
812 -4.6068 0
1058 -4.6105 0
838 -4.6106 0
665 -4.6148 0
705 -4.6158 0
1218 -4.6160 0
1648 -4.6227 0
1960 -4.6249 0
1651 -4.6314 0
1428 -4.6331 0
1907 -4.6339 0
364 -4.6389 0
704 -4.6456 0
966 -4.6502 0
1115 -4.6584 0
1461 -4.6642 0
1085 -4.6758 0
814 -4.6916 0
536 -4.6919 0
444 -4.6931 0
1498 -4.6992 0
679 -4.7001 0
48 -4.7137 0
1286 -4.7188 0
1000 -4.7234 0
1056 -4.7297 0
312 -4.7302 0
325 -4.7326 0
712 -4.7460 0
1059 -4.7513 0
1616 -4.7537 0
1086 -4.7545 0
385 -4.7574 0
1694 -4.7600 0
738 -4.7635 0
806 -4.7750 0
683 -4.7843 0
1006 -4.7857 0
1069 -4.7935 0
1626 -4.7955 0
1939 -4.8018 0
993 -4.8029 0
541 -4.8082 0
323 -4.8283 0
353 -4.8298 0
663 -4.8319 0
126 -4.8587 0
1303 -4.8588 0
557 -4.8592 0
437 -4.8877 0
1550 -4.8916 0
1494 -4.8926 0
1678 -4.8980 0
491 -4.9064 0
1663 -4.9094 0
552 -4.9118 0
1490 -4.9161 0
1057 -4.9185 0
689 -4.9195 0
1066 -4.9265 0
1343 -4.9280 0
771 -4.9318 0
532 -4.9344 0
978 -4.9401 0
1605 -4.9472 0
1870 -4.9516 0
494 -4.9566 0
745 -4.9587 0
1941 -4.9686 0
155 -4.9823 0
573 -4.9866 0
923 -4.9896 0
746 -5.0056 0
918 -5.0248 0
1254 -5.0443 0
922 -5.0531 0
1068 -5.0675 0
672 -5.0699 0
1483 -5.0926 0
1697 -5.0981 0
1296 -5.0987 0
943 -5.1009 0
903 -5.1033 0
1950 -5.1194 0
360 -5.1242 0
492 -5.1255 0
1217 -5.1388 0
909 -5.1660 0
775 -5.1811 0
1388 -5.1945 0
1689 -5.2066 0
1082 -5.2072 0
394 -5.2100 0
562 -5.2180 0
25 -5.2337 0
1104 -5.2405 0
589 -5.2462 0
1683 -5.2656 0
997 -5.2697 0
1614 -5.2734 0
808 -5.2812 0
47 -5.2948 0
109 -5.2955 0
735 -5.2963 0
744 -5.2977 0
379 -5.3420 0
300 -5.3436 0
999 -5.3465 0
756 -5.3618 0
1699 -5.3639 0
1138 -5.3864 0
1062 -5.4071 0
1653 -5.4112 0
1508 -5.4142 0
324 -5.4277 0
576 -5.4640 0
1359 -5.4665 0
551 -5.4799 0
359 -5.4857 0
1361 -5.5116 0
721 -5.5412 0
1972 -5.5470 0
920 -5.5554 0
1071 -5.5566 0
1215 -5.5678 0
1061 -5.5825 0
967 -5.5988 0
493 -5.6102 0
1878 -5.6118 0
521 -5.6173 0
925 -5.6195 0
1076 -5.6235 0
988 -5.6484 0
681 -5.6499 0
1364 -5.6502 0
311 -5.6626 0
1302 -5.6678 0
382 -5.6715 0
1946 -5.6821 0
907 -5.6930 0
1686 -5.6942 0
702 -5.6995 0
307 -5.7091 0
791 -5.7091 0
684 -5.7166 0
1283 -5.7398 0
717 -5.7532 0
691 -5.7710 0
734 -5.7746 0
699 -5.7934 0
716 -5.8162 0
817 -5.8206 0
1084 -5.8223 0
658 -5.8302 0
218 -5.8353 0
732 -5.8413 0
535 -5.8692 0
980 -5.9000 0
1108 -5.9226 0
1374 -5.9337 0
708 -5.9338 0
1466 -5.9383 0
953 -5.9464 0
825 -5.9531 0
340 -5.9638 0
741 -5.9970 0
740 -5.9975 0
1908 -6.0032 0
1470 -6.0037 0
354 -6.0076 0
1991 -6.0397 0
654 -6.0643 0
657 -6.0942 0
682 -6.1148 0
343 -6.1149 0
1968 -6.1453 0
728 -6.1514 0
1667 -6.1657 0
1695 -6.1834 0
688 -6.2097 0
1966 -6.2751 0
1489 -6.2857 0
326 -6.3074 0
594 -6.3302 0
1929 -6.3394 0
1213 -6.3536 0
319 -6.3675 0
1478 -6.3793 0
1548 -6.3825 0
1600 -6.4207 0
1072 -6.4330 0
724 -6.4360 0
348 -6.4642 0
1970 -6.4975 0
669 -6.5005 0
1095 -6.5552 0
958 -6.5885 0
1351 -6.5912 0
477 -6.5983 0
964 -6.6381 0
1471 -6.7005 0
1664 -6.7177 0
506 -6.8098 0
1063 -6.8119 0
911 -6.8390 0
318 -6.8422 0
1675 -6.8644 0
1053 -6.8918 0
1976 -6.9233 0
661 -6.9412 0
666 -6.9505 0
579 -6.9973 0
1671 -7.0081 0
928 -7.0130 0
939 -7.0163 0
315 -7.0526 0
690 -7.0572 0
587 -7.1070 0
917 -7.1135 0
656 -7.1401 0
714 -7.1440 0
1090 -7.2131 0
905 -7.2435 0
329 -7.2465 0
1500 -7.2957 0
1099 -7.3566 0
1110 -7.3757 0
670 -7.3807 0
322 -7.3816 0
1093 -7.4526 0
1060 -7.4733 0
1659 -7.5539 0
834 -7.6204 0
1357 -7.6560 0
1092 -7.8540 0
302 -7.8596 0
947 -7.9691 0
950 -8.0412 0
901 -8.1385 0
653 -8.1407 0
919 -9.1136 0
660 -10.4961 0
696 -11.0077 0
