135 36.4104 1
112 28.3531 1
114 27.0286 1
144 26.6141 1
113 24.2255 1
117 24.2225 1
129 24.2206 1
115 23.9707 1
128 23.7509 1
124 23.1411 1
116 21.8169 1
104 20.8452 1
100 20.6387 1
139 20.1425 1
122 19.4524 1
125 17.6933 1
120 17.6638 1
127 16.6637 1
186 16.6180 0
1990 16.1700 0
118 16.1394 1
134 15.6363 1
101 15.5956 1
136 15.4827 1
110 15.0826 1
107 14.9140 1
149 14.8819 1
141 14.7369 1
143 14.5604 1
130 14.5485 1
147 14.3235 1
140 14.2703 1
126 14.1048 1
102 14.0165 1
119 13.9538 1
138 13.7752 1
131 13.6987 1
123 13.5335 1
178 13.3697 0
137 13.0989 1
145 12.9943 1
1968 12.6760 0
1092 12.5379 0
164 12.4160 0
109 12.3953 1
108 11.9351 1
1920 11.5074 0
132 11.5010 1
1878 11.4076 0
176 10.5867 0
146 10.2610 1
1921 10.1295 0
193 10.1143 0
209 9.8460 0
142 9.6095 1
1902 9.5982 0
1950 9.5702 0
594 9.4293 0
1912 9.3710 0
105 9.3611 1
239 9.3479 0
287 9.2873 0
1071 9.2250 0
1972 9.2030 0
148 9.1330 1
111 9.0971 1
1966 9.0314 0
182 9.0271 0
162 9.0003 0
35 8.9936 0
1898 8.9875 0
189 8.8543 0
1908 8.8064 0
13 8.6919 0
121 8.5806 1
1969 8.4916 0
1977 8.4798 0
1914 8.4537 0
1809 8.3359 0
1961 8.3021 0
1947 8.2908 0
215 8.2484 0
1938 8.2436 0
1970 8.2310 0
1974 8.1990 0
265 8.0931 0
1868 8.0880 0
1904 8.0658 0
153 8.0627 0
1955 8.0506 0
183 7.9874 0
1877 7.9773 0
1959 7.9713 0
536 7.9686 0
232 7.7792 0
1932 7.6877 0
822 7.5092 0
106 7.5035 1
250 7.4608 0
261 7.4296 0
236 7.3119 0
228 7.2930 0
1894 7.2131 0
1931 7.1648 0
1975 7.1182 0
227 7.1152 0
1053 7.0467 0
1901 6.9975 0
181 6.9814 0
218 6.9688 0
1986 6.9374 0
90 6.8841 0
1871 6.8415 0
274 6.7912 0
1982 6.7876 0
902 6.7334 0
229 6.7324 0
163 6.7229 0
175 6.7187 0
1830 6.6795 0
1880 6.6306 0
231 6.6061 0
1997 6.5978 0
1940 6.5916 0
1965 6.5389 0
1976 6.5325 0
208 6.5163 0
1944 6.4667 0
1957 6.4207 0
1847 6.3918 0
170 6.3743 0
171 6.3571 0
278 6.3216 0
1983 6.3145 0
1811 6.3044 0
270 6.3030 0
198 6.2693 0
1895 6.2399 0
1980 6.1893 0
260 6.1502 0
185 6.1362 0
1808 6.0726 0
1833 6.0661 0
1911 6.0482 0
266 6.0475 0
1897 6.0129 0
169 6.0060 0
1862 5.9963 0
1098 5.9935 0
1994 5.9656 0
34 5.9565 0
197 5.9428 0
1995 5.9281 0
240 5.9203 0
1882 5.8978 0
1110 5.8891 0
173 5.8801 0
1922 5.8327 0
199 5.8005 0
74 5.7750 0
1822 5.7682 0
1099 5.7599 0
1893 5.7538 0
1979 5.7223 0
1929 5.7206 0
155 5.7102 0
532 5.7020 0
824 5.6946 0
188 5.6940 0
36 5.6848 0
233 5.6733 0
44 5.6654 0
180 5.6262 0
1170 5.6035 0
1930 5.5817 0
152 5.5714 0
202 5.5662 0
191 5.5629 0
1038 5.5257 0
1998 5.5166 0
832 5.5154 0
1985 5.5133 0
246 5.5037 0
1960 5.4865 0
1984 5.4574 0
1918 5.4367 0
1937 5.4145 0
643 5.4052 0
1916 5.3846 0
243 5.3681 0
226 5.3517 0
1076 5.3431 0
1158 5.3316 0
901 5.3287 0
245 5.3195 0
1943 5.2952 0
1838 5.2884 0
467 5.2381 0
157 5.1989 0
249 5.1952 0
1993 5.1744 0
1853 5.1462 0
1956 5.1170 0
1831 5.0830 0
242 5.0669 0
256 5.0595 0
1890 5.0354 0
1704 5.0283 0
1748 5.0175 0
194 5.0004 0
1459 4.9970 0
25 4.9896 0
184 4.9764 0
4 4.9601 0
22 4.9493 0
1061 4.9435 0
269 4.9369 0
1848 4.8913 0
1043 4.8115 0
1962 4.8071 0
1436 4.7937 0
72 4.7889 0
1866 4.7783 0
1886 4.7550 0
573 4.7355 0
244 4.7262 0
1854 4.7062 0
1935 4.6893 0
282 4.6841 0
834 4.6783 0
817 4.6668 0
247 4.6538 0
1946 4.6450 0
103 4.6090 1
1172 4.5939 0
1857 4.5447 0
1066 4.5409 0
1936 4.5204 0
9 4.5023 0
545 4.5015 0
599 4.4938 0
190 4.4845 0
203 4.4746 0
1069 4.4735 0
166 4.4600 0
1126 4.4508 0
1981 4.4349 0
1874 4.4323 0
1971 4.4249 0
57 4.4195 0
808 4.4155 0
1829 4.4116 0
219 4.4024 0
1081 4.3988 0
831 4.3744 0
1850 4.3732 0
206 4.3705 0
1891 4.3558 0
179 4.3016 0
222 4.2843 0
1821 4.2620 0
296 4.2440 0
220 4.2409 0
711 4.2351 0
217 4.2150 0
248 4.2111 0
192 4.2058 0
936 4.1731 0
1934 4.1587 0
506 4.1562 0
645 4.1529 0
820 4.1442 0
1791 4.1437 0
158 4.1292 0
160 4.1254 0
1860 4.1243 0
1074 4.1182 0
626 4.1072 0
819 4.1067 0
1999 4.0975 0
1088 4.0911 0
251 4.0857 0
1624 4.0850 0
728 4.0720 0
1861 4.0610 0
288 4.0467 0
195 4.0399 0
1230 4.0388 0
1844 4.0289 0
435 4.0218 0
1926 4.0194 0
1915 4.0143 0
1948 4.0039 0
1863 4.0026 0
1192 4.0010 0
1885 3.9899 0
1094 3.9860 0
71 3.9769 0
234 3.9662 0
1438 3.9207 0
735 3.9119 0
1964 3.8899 0
1989 3.8874 0
1924 3.8680 0
275 3.8618 0
585 3.8553 0
205 3.8399 0
225 3.8175 0
1142 3.7840 0
881 3.7622 0
1978 3.7577 0
552 3.7531 0
279 3.7502 0
1051 3.7485 0
196 3.7437 0
211 3.7050 0
716 3.6660 0
522 3.6656 0
1939 3.6492 0
1777 3.6332 0
904 3.6320 0
210 3.6320 0
1963 3.6178 0
589 3.6099 0
187 3.5924 0
1836 3.5894 0
1827 3.5712 0
159 3.5709 0
271 3.5411 0
1987 3.5350 0
151 3.5198 0
700 3.5032 0
1056 3.5008 0
663 3.4991 0
1059 3.4774 0
1072 3.4689 0
15 3.4506 0
703 3.4496 0
339 3.4456 0
1211 3.4382 0
707 3.4368 0
916 3.4303 0
1713 3.4046 0
273 3.3905 0
660 3.3895 0
1727 3.3578 0
168 3.3549 0
1815 3.3437 0
207 3.3414 0
150 3.3263 0
1879 3.3001 0
1917 3.2932 0
601 3.2930 0
438 3.2723 0
1640 3.2583 0
1696 3.2523 0
42 3.2501 0
1592 3.2440 0
598 3.2361 0
562 3.2351 0
6 3.2240 0
734 3.2188 0
1243 3.2100 0
580 3.2077 0
1745 3.2075 0
714 3.2057 0
297 3.1973 0
1408 3.1966 0
326 3.1842 0
1052 3.1616 0
1805 3.1518 0
323 3.1439 0
701 3.1400 0
177 3.1343 0
1125 3.1232 0
718 3.0870 0
1722 3.0827 0
1078 3.0791 0
1050 3.0748 0
1813 3.0728 0
429 3.0627 0
849 3.0602 0
1806 3.0586 0
154 3.0550 0
1082 3.0402 0
167 3.0384 0
1065 3.0343 0
756 3.0329 0
1091 3.0316 0
576 3.0033 0
1095 2.9988 0
1084 2.9949 0
990 2.9888 0
1954 2.9793 0
1207 2.9751 0
1834 2.9701 0
519 2.9671 0
987 2.9661 0
801 2.9633 0
955 2.9612 0
851 2.9581 0
780 2.9526 0
1220 2.9506 0
561 2.9383 0
1062 2.9375 0
1219 2.9306 0
1468 2.9270 0
431 2.9259 0
1907 2.8981 0
548 2.8979 0
1735 2.8961 0
161 2.8951 0
1068 2.8942 0
430 2.8857 0
1973 2.8812 0
263 2.8642 0
927 2.8508 0
224 2.8468 0
1581 2.8446 0
1855 2.8373 0
1075 2.8196 0
952 2.8194 0
1224 2.8047 0
587 2.7747 0
1215 2.7717 0
235 2.7693 0
1802 2.7680 0
37 2.7679 0
1447 2.7634 0
541 2.7564 0
3 2.7476 0
1869 2.7467 0
1080 2.7388 0
1097 2.7384 0
1949 2.7370 0
165 2.7031 0
1401 2.7022 0
286 2.7012 0
1717 2.6805 0
414 2.6721 0
1111 2.6720 0
828 2.6706 0
845 2.6606 0
415 2.6534 0
437 2.6525 0
1719 2.6409 0
253 2.6341 0
201 2.6120 0
21 2.6081 0
574 2.5986 0
1942 2.5977 0
1824 2.5863 0
259 2.5645 0
298 2.5530 0
1659 2.5495 0
345 2.5470 0
613 2.5461 0
133 2.5351 1
1242 2.5276 0
726 2.5164 0
810 2.5094 0
934 2.4903 0
65 2.4882 0
1870 2.4868 0
1227 2.4721 0
257 2.4692 0
230 2.4613 0
1925 2.4612 0
28 2.4551 0
405 2.4512 0
1343 2.4480 0
1086 2.4360 0
1437 2.4353 0
12 2.4353 0
511 2.4309 0
1953 2.4303 0
85 2.4280 0
781 2.4156 0
442 2.4152 0
78 2.4108 0
1570 2.4096 0
1089 2.4074 0
583 2.4067 0
1803 2.4056 0
1842 2.4013 0
1941 2.4005 0
1856 2.3993 0
534 2.3893 0
200 2.3852 0
1180 2.3796 0
33 2.3782 0
515 2.3673 0
1213 2.3595 0
713 2.3582 0
1229 2.3448 0
1812 2.3345 0
1588 2.3290 0
1077 2.3149 0
976 2.3131 0
1819 2.3026 0
538 2.3018 0
1631 2.2921 0
1070 2.2917 0
1801 2.2896 0
1245 2.2895 0
535 2.2871 0
1397 2.2870 0
725 2.2844 0
1699 2.2753 0
830 2.2627 0
1839 2.2523 0
216 2.2480 0
1206 2.2409 0
1 2.2362 0
19 2.2346 0
241 2.2249 0
1703 2.2136 0
441 2.2126 0
1951 2.2066 0
1876 2.2036 0
922 2.2006 0
1174 2.2002 0
704 2.1990 0
96 2.1919 0
1235 2.1850 0
514 2.1806 0
847 2.1796 0
768 2.1711 0
692 2.1692 0
213 2.1682 0
1913 2.1453 0
277 2.1425 0
1266 2.1365 0
1279 2.1207 0
791 2.1127 0
1657 2.1036 0
1958 2.0913 0
18 2.0849 0
600 2.0824 0
838 2.0796 0
544 2.0724 0
411 2.0633 0
776 2.0564 0
1054 2.0483 0
1710 2.0477 0
99 2.0446 0
848 2.0257 0
1441 2.0187 0
62 2.0122 0
479 2.0017 0
1426 1.9953 0
1563 1.9817 0
1361 1.9705 0
1000 1.9680 0
1085 1.9666 0
272 1.9617 0
1823 1.9581 0
1079 1.9537 0
602 1.9468 0
1884 1.9445 0
1646 1.9437 0
1155 1.9290 0
1200 1.9285 0
512 1.9097 0
557 1.8990 0
1222 1.8961 0
474 1.8928 0
1239 1.8902 0
1474 1.8899 0
55 1.8895 0
1619 1.8837 0
550 1.8773 0
717 1.8713 0
1711 1.8669 0
5 1.8605 0
586 1.8428 0
1900 1.8365 0
1837 1.8343 0
1903 1.8310 0
1729 1.8214 0
70 1.8060 0
1642 1.8046 0
911 1.7950 0
1899 1.7863 0
846 1.7845 0
262 1.7797 0
995 1.7761 0
276 1.7639 0
1786 1.7596 0
1992 1.7337 0
994 1.7328 0
1653 1.7279 0
255 1.7259 0
842 1.7225 0
1701 1.7216 0
640 1.7202 0
238 1.7114 0
1204 1.7071 0
814 1.7061 0
739 1.7059 0
292 1.7003 0
837 1.6994 0
800 1.6985 0
1800 1.6966 0
825 1.6837 0
451 1.6719 0
1423 1.6698 0
508 1.6638 0
1739 1.6600 0
1835 1.6529 0
525 1.6485 0
1648 1.6313 0
1058 1.6256 0
1455 1.6157 0
743 1.6088 0
412 1.6046 0
1851 1.5985 0
1221 1.5850 0
1742 1.5824 0
87 1.5793 0
446 1.5707 0
1093 1.5697 0
540 1.5656 0
1585 1.5653 0
1562 1.5645 0
559 1.5637 0
466 1.5589 0
221 1.5572 0
503 1.5413 0
1403 1.5149 0
1618 1.5064 0
1584 1.5051 0
30 1.5046 0
1175 1.5033 0
1067 1.5015 0
1945 1.4940 0
1910 1.4918 0
546 1.4882 0
744 1.4868 0
32 1.4760 0
551 1.4733 0
1576 1.4695 0
1060 1.4694 0
1420 1.4676 0
1883 1.4618 0
625 1.4554 0
565 1.4545 0
402 1.4538 0
440 1.4532 0
280 1.4466 0
1406 1.4450 0
311 1.4362 0
695 1.4217 0
537 1.4192 0
648 1.4149 0
374 1.4118 0
10 1.4095 0
470 1.3996 0
1846 1.3987 0
914 1.3963 0
1892 1.3960 0
443 1.3859 0
1231 1.3859 0
1083 1.3770 0
1453 1.3757 0
570 1.3690 0
962 1.3652 0
953 1.3601 0
401 1.3536 0
595 1.3488 0
747 1.3404 0
1063 1.3382 0
1609 1.3371 0
1252 1.3346 0
637 1.3346 0
258 1.3225 0
1988 1.3207 0
510 1.3135 0
517 1.3101 0
223 1.3093 0
353 1.3085 0
1421 1.3034 0
563 1.3012 0
1818 1.3004 0
31 1.2940 0
387 1.2890 0
2 1.2889 0
156 1.2851 0
1322 1.2837 0
45 1.2829 0
1029 1.2803 0
464 1.2780 0
174 1.2745 0
1610 1.2630 0
417 1.2574 0
804 1.2530 0
204 1.2529 0
1234 1.2403 0
949 1.2366 0
1196 1.2296 0
328 1.2246 0
66 1.2197 0
826 1.2158 0
1740 1.2088 0
741 1.2085 0
1405 1.1988 0
1244 1.1972 0
1708 1.1935 0
20 1.1894 0
1448 1.1879 0
529 1.1816 0
1928 1.1707 0
1023 1.1653 0
1572 1.1598 0
688 1.1487 0
7 1.1447 0
1445 1.1417 0
1064 1.1410 0
295 1.1400 0
214 1.1384 0
1826 1.1338 0
504 1.1312 0
1702 1.1269 0
505 1.1252 0
1849 1.1244 0
1115 1.1231 0
1090 1.1225 0
1715 1.1201 0
1594 1.1171 0
237 1.1136 0
1247 1.1103 0
1650 1.1094 0
1116 1.1067 0
944 1.1027 0
1240 1.1012 0
1927 1.0997 0
1205 1.0986 0
924 1.0897 0
375 1.0871 0
1188 1.0864 0
97 1.0849 0
393 1.0845 0
1770 1.0839 0
43 1.0745 0
1816 1.0692 0
366 1.0682 0
406 1.0643 0
710 1.0620 0
1698 1.0585 0
946 1.0578 0
1872 1.0570 0
715 1.0533 0
1159 1.0466 0
738 1.0458 0
1845 1.0384 0
254 1.0348 0
344 1.0271 0
47 1.0249 0
647 1.0248 0
635 1.0186 0
908 1.0145 0
742 1.0143 0
407 1.0126 0
283 1.0125 0
836 1.0075 0
491 0.9998 0
1499 0.9998 0
1662 0.9987 0
1154 0.9987 0
1120 0.9973 0
1782 0.9905 0
579 0.9888 0
26 0.9876 0
1021 0.9869 0
1561 0.9852 0
1677 0.9844 0
294 0.9832 0
300 0.9825 0
1473 0.9657 0
1152 0.9654 0
749 0.9637 0
1055 0.9615 0
447 0.9599 0
1217 0.9529 0
712 0.9513 0
702 0.9499 0
542 0.9488 0
555 0.9451 0
1712 0.9430 0
771 0.9426 0
1123 0.9424 0
1666 0.9314 0
839 0.9271 0
556 0.9259 0
284 0.9234 0
1923 0.9194 0
584 0.9122 0
1190 0.9055 0
612 0.9040 0
54 0.9014 0
264 0.8971 0
1881 0.8873 0
1419 0.8590 0
478 0.8562 0
1741 0.8556 0
350 0.8452 0
1488 0.8292 0
1731 0.8139 0
460 0.8096 0
1428 0.8064 0
1109 0.8052 0
27 0.7972 0
73 0.7915 0
1757 0.7915 0
334 0.7894 0
965 0.7851 0
80 0.7841 0
16 0.7828 0
88 0.7805 0
753 0.7770 0
1639 0.7763 0
948 0.7732 0
1278 0.7718 0
1744 0.7711 0
1424 0.7702 0
1716 0.7677 0
93 0.7656 0
1452 0.7635 0
816 0.7566 0
81 0.7500 0
926 0.7488 0
1430 0.7455 0
923 0.7412 0
1456 0.7408 0
821 0.7387 0
593 0.7307 0
1641 0.7282 0
608 0.7153 0
1141 0.7006 0
396 0.7003 0
1720 0.6955 0
1467 0.6936 0
1569 0.6892 0
1743 0.6820 0
1817 0.6797 0
1781 0.6787 0
267 0.6768 0
1858 0.6707 0
669 0.6703 0
38 0.6692 0
1439 0.6686 0
1668 0.6659 0
639 0.6643 0
427 0.6633 0
291 0.6622 0
1887 0.6607 0
268 0.6600 0
500 0.6564 0
547 0.6561 0
1233 0.6522 0
1335 0.6513 0
329 0.6455 0
759 0.6335 0
963 0.6330 0
516 0.6311 0
1143 0.6228 0
705 0.6215 0
1736 0.6210 0
708 0.6189 0
917 0.6157 0
1416 0.6118 0
425 0.6090 0
1738 0.6088 0
392 0.6054 0
1991 0.6044 0
840 0.6011 0
1114 0.5987 0
1483 0.5959 0
721 0.5856 0
899 0.5856 0
39 0.5834 0
1218 0.5828 0
1087 0.5736 0
1203 0.5678 0
76 0.5664 0
1875 0.5642 0
379 0.5616 0
803 0.5557 0
1129 0.5539 0
399 0.5477 0
1828 0.5467 0
1228 0.5453 0
1412 0.5378 0
79 0.5355 0
307 0.5325 0
1413 0.5200 0
1382 0.5185 0
1112 0.5148 0
331 0.5112 0
1236 0.5106 0
1583 0.5048 0
468 0.5025 0
386 0.4906 0
455 0.4898 0
1714 0.4872 0
807 0.4845 0
0 0.4831 0
1404 0.4791 0
1644 0.4776 0
1248 0.4768 0
986 0.4699 0
1113 0.4678 0
95 0.4666 0
1672 0.4654 0
403 0.4576 0
1103 0.4481 0
631 0.4480 0
1073 0.4476 0
316 0.4473 0
575 0.4414 0
1214 0.4399 0
802 0.4309 0
539 0.4306 0
1575 0.4198 0
1336 0.4188 0
727 0.4126 0
1030 0.4114 0
8 0.4114 0
361 0.4081 0
1096 0.4081 0
1328 0.4076 0
1470 0.4016 0
812 0.4010 0
1725 0.3897 0
1747 0.3897 0
724 0.3889 0
950 0.3864 0
212 0.3790 0
1820 0.3753 0
783 0.3709 0
731 0.3688 0
1723 0.3633 0
961 0.3608 0
1733 0.3574 0
1605 0.3556 0
290 0.3507 0
1888 0.3492 0
1621 0.3485 0
1462 0.3485 0
432 0.3475 0
1705 0.3434 0
509 0.3410 0
1037 0.3407 0
377 0.3398 0
935 0.3392 0
1482 0.3369 0
252 0.3272 0
494 0.3221 0
806 0.3148 0
1749 0.3109 0
17 0.3108 0
1264 0.3088 0
416 0.3081 0
309 0.3070 0
450 0.3030 0
1776 0.2999 0
1764 0.2992 0
872 0.2964 0
656 0.2935 0
520 0.2904 0
560 0.2891 0
611 0.2831 0
299 0.2685 0
650 0.2589 0
945 0.2586 0
1267 0.2510 0
351 0.2509 0
1682 0.2495 0
1226 0.2436 0
1150 0.2398 0
285 0.2370 0
495 0.2366 0
1160 0.2350 0
352 0.2341 0
1793 0.2334 0
1151 0.2258 0
1707 0.2173 0
453 0.2110 0
720 0.2087 0
1183 0.2049 0
1753 0.1937 0
1567 0.1879 0
60 0.1851 0
1589 0.1782 0
301 0.1744 0
48 0.1634 0
507 0.1624 0
523 0.1623 0
1411 0.1623 0
1039 0.1464 0
1223 0.1449 0
1133 0.1435 0
620 0.1400 0
448 0.1397 0
358 0.1368 0
51 0.1325 0
1679 0.1288 0
1001 0.1287 0
1636 0.1209 0
390 0.1184 0
1726 0.1160 0
1321 0.1134 0
920 0.1099 0
1478 0.1073 0
829 0.0990 0
765 0.0982 0
941 0.0968 0
1552 0.0932 0
1435 0.0924 0
1667 0.0897 0
1108 0.0872 0
1479 0.0836 0
930 0.0823 0
1919 0.0778 0
1762 0.0626 0
1688 0.0606 0
1461 0.0562 0
423 0.0543 0
1176 0.0538 0
1433 0.0522 0
657 0.0521 0
1254 0.0470 0
530 0.0410 0
67 0.0358 0
1256 0.0354 0
371 0.0350 0
1591 0.0336 0
461 0.0329 0
590 0.0292 0
1477 0.0208 0
378 0.0183 0
1130 0.0109 0
1327 0.0102 0
289 0.0099 0
1122 0.0087 0
815 0.0064 0
1933 -0.0029 0
1580 -0.0058 0
1198 -0.0109 0
355 -0.0121 0
1443 -0.0132 0
1466 -0.0170 0
748 -0.0254 0
629 -0.0293 0
1144 -0.0360 0
418 -0.0378 0
591 -0.0413 0
1734 -0.0430 0
367 -0.0459 0
444 -0.0473 0
1465 -0.0527 0
655 -0.0531 0
58 -0.0539 0
1498 -0.0604 0
1539 -0.0621 0
1167 -0.0660 0
1843 -0.0727 0
1121 -0.0728 0
480 -0.0730 0
1414 -0.0796 0
1145 -0.0804 0
434 -0.0808 0
1045 -0.0808 0
1238 -0.0876 0
388 -0.0901 0
1637 -0.1066 0
1139 -0.1128 0
1578 -0.1192 0
1148 -0.1202 0
409 -0.1222 0
53 -0.1228 0
777 -0.1232 0
1181 -0.1240 0
843 -0.1251 0
558 -0.1259 0
1616 -0.1304 0
823 -0.1326 0
365 -0.1341 0
1795 -0.1344 0
1593 -0.1360 0
1476 -0.1373 0
553 -0.1418 0
1044 -0.1419 0
1645 -0.1498 0
302 -0.1595 0
1460 -0.1694 0
1289 -0.1753 0
501 -0.1813 0
527 -0.1858 0
92 -0.1909 0
1718 -0.1963 0
1344 -0.2099 0
313 -0.2106 0
1173 -0.2119 0
49 -0.2123 0
1492 -0.2207 0
1194 -0.2231 0
1140 -0.2233 0
1629 -0.2254 0
572 -0.2259 0
1664 -0.2264 0
1681 -0.2289 0
1202 -0.2319 0
1387 -0.2359 0
652 -0.2385 0
465 -0.2394 0
863 -0.2417 0
397 -0.2451 0
454 -0.2456 0
786 -0.2462 0
974 -0.2517 0
1775 -0.2549 0
1660 -0.2552 0
681 -0.2619 0
1810 -0.2775 0
1164 -0.2816 0
913 -0.2822 0
362 -0.2878 0
1622 -0.2885 0
1118 -0.2911 0
885 -0.3003 0
740 -0.3009 0
763 -0.3033 0
1779 -0.3035 0
1756 -0.3052 0
543 -0.3149 0
1495 -0.3182 0
1728 -0.3233 0
528 -0.3239 0
1617 -0.3268 0
1732 -0.3288 0
327 -0.3328 0
526 -0.3338 0
1873 -0.3357 0
1867 -0.3455 0
694 -0.3484 0
1700 -0.3497 0
1784 -0.3593 0
1232 -0.3601 0
1004 -0.3605 0
312 -0.3625 0
1485 -0.3685 0
1042 -0.3693 0
1187 -0.3702 0
1967 -0.3711 0
1191 -0.3724 0
1496 -0.3806 0
1508 -0.3809 0
1128 -0.3815 0
347 -0.3948 0
605 -0.3968 0
1156 -0.3990 0
1377 -0.3992 0
1909 -0.4028 0
1014 -0.4052 0
457 -0.4095 0
1840 -0.4104 0
1276 -0.4155 0
363 -0.4159 0
1651 -0.4194 0
1165 -0.4216 0
475 -0.4307 0
578 -0.4329 0
805 -0.4385 0
59 -0.4399 0
564 -0.4416 0
1579 -0.4469 0
421 -0.4490 0
1294 -0.4493 0
764 -0.4515 0
348 -0.4537 0
1785 -0.4538 0
1535 -0.4611 0
1787 -0.4637 0
1352 -0.4645 0
1425 -0.4657 0
1627 -0.4658 0
29 -0.4660 0
436 -0.4721 0
1400 -0.4725 0
1189 -0.4762 0
758 -0.4789 0
1329 -0.4789 0
809 -0.4792 0
1625 -0.4826 0
483 -0.4874 0
785 -0.4879 0
1797 -0.4889 0
596 -0.4969 0
340 -0.5016 0
333 -0.5022 0
1280 -0.5089 0
1905 -0.5239 0
40 -0.5250 0
1284 -0.5281 0
1320 -0.5281 0
683 -0.5302 0
1163 -0.5302 0
364 -0.5309 0
1331 -0.5315 0
1746 -0.5353 0
1057 -0.5379 0
502 -0.5401 0
907 -0.5418 0
644 -0.5420 0
1507 -0.5434 0
98 -0.5436 0
1542 -0.5509 0
886 -0.5513 0
951 -0.5582 0
1179 -0.5583 0
1031 -0.5615 0
1804 -0.5656 0
1136 -0.5658 0
372 -0.5669 0
1489 -0.5723 0
1556 -0.5730 0
942 -0.5797 0
549 -0.5848 0
172 -0.5869 0
422 -0.5878 0
1530 -0.5949 0
622 -0.5984 0
1486 -0.5992 0
1305 -0.6003 0
1317 -0.6028 0
385 -0.6046 0
1794 -0.6065 0
458 -0.6110 0
368 -0.6115 0
869 -0.6218 0
24 -0.6224 0
1472 -0.6266 0
381 -0.6282 0
1250 -0.6284 0
1287 -0.6305 0
305 -0.6318 0
921 -0.6330 0
1633 -0.6335 0
487 -0.6338 0
1554 -0.6377 0
1440 -0.6387 0
896 -0.6403 0
1241 -0.6425 0
1655 -0.6430 0
788 -0.6446 0
1604 -0.6484 0
1005 -0.6542 0
1661 -0.6550 0
604 -0.6595 0
61 -0.6598 0
1463 -0.6718 0
898 -0.6726 0
50 -0.6764 0
1273 -0.6767 0
618 -0.6788 0
729 -0.6811 0
567 -0.6819 0
1555 -0.6822 0
1545 -0.6856 0
518 -0.6889 0
484 -0.6924 0
1002 -0.6969 0
469 -0.6996 0
83 -0.7036 0
1493 -0.7078 0
722 -0.7162 0
1444 -0.7190 0
370 -0.7249 0
336 -0.7347 0
634 -0.7433 0
1685 -0.7436 0
782 -0.7443 0
1451 -0.7469 0
1635 -0.7483 0
603 -0.7484 0
1814 -0.7486 0
761 -0.7486 0
1773 -0.7487 0
884 -0.7500 0
610 -0.7508 0
1010 -0.7527 0
485 -0.7580 0
1517 -0.7718 0
784 -0.7725 0
1582 -0.7732 0
566 -0.7787 0
91 -0.7804 0
857 -0.7884 0
1225 -0.7926 0
893 -0.7951 0
844 -0.7971 0
1669 -0.8050 0
424 -0.8058 0
636 -0.8071 0
1137 -0.8096 0
1771 -0.8189 0
1676 -0.8215 0
554 -0.8215 0
400 -0.8223 0
1312 -0.8287 0
878 -0.8292 0
664 -0.8296 0
489 -0.8388 0
338 -0.8389 0
391 -0.8435 0
1504 -0.8438 0
1491 -0.8459 0
628 -0.8459 0
1027 -0.8477 0
1490 -0.8497 0
818 -0.8524 0
1132 -0.8544 0
1307 -0.8560 0
588 -0.8582 0
63 -0.8639 0
699 -0.8697 0
1394 -0.8700 0
1333 -0.8727 0
1314 -0.8760 0
1350 -0.8791 0
1550 -0.8825 0
939 -0.8838 0
912 -0.8843 0
698 -0.8848 0
1237 -0.8929 0
1295 -0.8932 0
1033 -0.8994 0
319 -0.8999 0
992 -0.9029 0
709 -0.9046 0
1551 -0.9056 0
769 -0.9182 0
1859 -0.9208 0
330 -0.9217 0
1852 -0.9217 0
1864 -0.9217 0
1049 -0.9250 0
306 -0.9270 0
1360 -0.9296 0
1568 -0.9297 0
1135 -0.9321 0
349 -0.9323 0
1754 -0.9336 0
493 -0.9339 0
1298 -0.9395 0
445 -0.9424 0
597 -0.9459 0
1996 -0.9497 0
577 -0.9520 0
581 -0.9548 0
369 -0.9625 0
293 -0.9658 0
984 -0.9665 0
789 -0.9702 0
906 -0.9727 0
1587 -0.9772 0
408 -0.9777 0
1449 -0.9784 0
1324 -0.9811 0
380 -0.9824 0
760 -0.9831 0
813 -0.9831 0
343 -0.9832 0
751 -0.9860 0
463 -0.9890 0
1446 -0.9957 0
315 -0.9968 0
1537 -0.9978 0
1522 -1.0029 0
23 -1.0087 0
1678 -1.0093 0
1541 -1.0106 0
937 -1.0109 0
865 -1.0122 0
1398 -1.0162 0
1358 -1.0163 0
569 -1.0223 0
1484 -1.0248 0
1454 -1.0312 0
1040 -1.0319 0
1325 -1.0324 0
482 -1.0361 0
376 -1.0409 0
1730 -1.0417 0
979 -1.0445 0
1513 -1.0480 0
1600 -1.0571 0
1034 -1.0612 0
693 -1.0631 0
661 -1.0721 0
1407 -1.0725 0
64 -1.0749 0
571 -1.0766 0
1316 -1.0766 0
968 -1.0766 0
870 -1.0778 0
303 -1.0827 0
1302 -1.0858 0
11 -1.0883 0
1257 -1.0886 0
473 -1.0897 0
667 -1.0927 0
833 -1.1128 0
357 -1.1139 0
1694 -1.1163 0
841 -1.1199 0
1185 -1.1237 0
1427 -1.1257 0
1246 -1.1275 0
891 -1.1378 0
1309 -1.1426 0
41 -1.1547 0
1464 -1.1599 0
775 -1.1635 0
1431 -1.1669 0
1630 -1.1707 0
1789 -1.1740 0
1131 -1.1767 0
630 -1.1777 0
855 -1.1777 0
1046 -1.1779 0
617 -1.1788 0
1706 -1.1822 0
1450 -1.1856 0
1737 -1.1890 0
1036 -1.1909 0
1124 -1.1942 0
513 -1.1970 0
1339 -1.1996 0
1665 -1.2013 0
356 -1.2023 0
1418 -1.2031 0
1798 -1.2032 0
1564 -1.2037 0
1598 -1.2060 0
1832 -1.2065 0
1376 -1.2074 0
1035 -1.2094 0
1865 -1.2130 0
1546 -1.2297 0
1282 -1.2310 0
915 -1.2351 0
1410 -1.2355 0
1107 -1.2418 0
928 -1.2426 0
1383 -1.2437 0
1675 -1.2440 0
1415 -1.2460 0
1277 -1.2477 0
395 -1.2488 0
1391 -1.2566 0
341 -1.2569 0
672 -1.2573 0
719 -1.2657 0
1365 -1.2679 0
1778 -1.2688 0
476 -1.2689 0
1577 -1.2701 0
773 -1.2705 0
723 -1.2716 0
897 -1.2721 0
1721 -1.2734 0
439 -1.2737 0
959 -1.2744 0
1285 -1.2802 0
1025 -1.2804 0
383 -1.2808 0
384 -1.2819 0
459 -1.2851 0
1334 -1.2863 0
1048 -1.2863 0
790 -1.2893 0
690 -1.2901 0
1303 -1.2941 0
607 -1.2994 0
582 -1.2998 0
1638 -1.3030 0
410 -1.3035 0
46 -1.3130 0
1432 -1.3137 0
568 -1.3193 0
1560 -1.3230 0
609 -1.3247 0
490 -1.3254 0
940 -1.3445 0
767 -1.3516 0
1392 -1.3567 0
1157 -1.3599 0
413 -1.3607 0
1292 -1.3623 0
745 -1.3625 0
1357 -1.3628 0
755 -1.3676 0
1652 -1.3687 0
1026 -1.3703 0
1692 -1.3743 0
1690 -1.3752 0
852 -1.3776 0
1286 -1.3782 0
1615 -1.3806 0
1389 -1.3816 0
1338 -1.3817 0
978 -1.3949 0
77 -1.3988 0
850 -1.3992 0
1342 -1.4027 0
1299 -1.4038 0
1540 -1.4072 0
1772 -1.4122 0
943 -1.4129 0
1409 -1.4130 0
888 -1.4137 0
975 -1.4137 0
1422 -1.4193 0
682 -1.4245 0
932 -1.4297 0
533 -1.4317 0
1658 -1.4321 0
471 -1.4361 0
1209 -1.4481 0
1606 -1.4504 0
1127 -1.4516 0
1396 -1.4560 0
1807 -1.4581 0
1210 -1.4629 0
853 -1.4630 0
317 -1.4650 0
69 -1.4653 0
685 -1.4704 0
770 -1.4706 0
919 -1.4779 0
1105 -1.4782 0
1381 -1.4786 0
1799 -1.4805 0
918 -1.4811 0
1341 -1.4822 0
1193 -1.4864 0
1102 -1.4931 0
1599 -1.4958 0
321 -1.4988 0
1275 -1.5063 0
929 -1.5079 0
933 -1.5208 0
1686 -1.5294 0
1315 -1.5305 0
94 -1.5308 0
985 -1.5403 0
706 -1.5443 0
1372 -1.5446 0
1417 -1.5481 0
835 -1.5534 0
1523 -1.5551 0
1497 -1.5581 0
1512 -1.5666 0
531 -1.5669 0
971 -1.5737 0
779 -1.5760 0
1595 -1.5774 0
969 -1.5777 0
1355 -1.5803 0
877 -1.5814 0
677 -1.5819 0
1590 -1.5838 0
674 -1.5845 0
1475 -1.5851 0
1168 -1.5877 0
1750 -1.5881 0
1825 -1.5890 0
389 -1.5904 0
1724 -1.5928 0
1553 -1.5930 0
973 -1.5938 0
1532 -1.5942 0
318 -1.5962 0
1643 -1.5984 0
696 -1.5998 0
342 -1.6043 0
420 -1.6095 0
1626 -1.6096 0
449 -1.6150 0
394 -1.6157 0
670 -1.6300 0
56 -1.6331 0
1138 -1.6359 0
452 -1.6377 0
1767 -1.6384 0
680 -1.6402 0
1559 -1.6445 0
854 -1.6494 0
1571 -1.6614 0
691 -1.6625 0
678 -1.6625 0
947 -1.6632 0
1106 -1.6640 0
1525 -1.6716 0
308 -1.6766 0
1119 -1.6805 0
1393 -1.6820 0
1434 -1.6822 0
1249 -1.6826 0
1104 -1.6853 0
925 -1.6879 0
1565 -1.6900 0
982 -1.6930 0
646 -1.6993 0
1011 -1.7084 0
860 -1.7094 0
905 -1.7164 0
1586 -1.7197 0
1016 -1.7361 0
354 -1.7364 0
1216 -1.7375 0
524 -1.7386 0
324 -1.7457 0
1293 -1.7469 0
1345 -1.7491 0
778 -1.7513 0
1146 -1.7514 0
957 -1.7527 0
1689 -1.7529 0
931 -1.7540 0
1510 -1.7547 0
1471 -1.7563 0
1429 -1.7567 0
1291 -1.7718 0
1162 -1.7768 0
795 -1.7917 0
1117 -1.7949 0
89 -1.7984 0
1008 -1.7993 0
1656 -1.8032 0
981 -1.8141 0
1623 -1.8237 0
82 -1.8282 0
1709 -1.8335 0
606 -1.8339 0
1212 -1.8350 0
867 -1.8358 0
993 -1.8385 0
1620 -1.8495 0
998 -1.8605 0
1201 -1.8612 0
1390 -1.8613 0
997 -1.8625 0
1182 -1.8816 0
762 -1.8825 0
1501 -1.8841 0
892 -1.8873 0
938 -1.8884 0
1608 -1.8904 0
1505 -1.8913 0
1310 -1.8942 0
730 -1.8951 0
1494 -1.9049 0
1896 -1.9071 0
360 -1.9244 0
481 -1.9262 0
1442 -1.9284 0
1134 -1.9300 0
1674 -1.9303 0
649 -1.9316 0
1272 -1.9348 0
1018 -1.9431 0
1269 -1.9487 0
1680 -1.9489 0
1003 -1.9501 0
1503 -1.9559 0
1458 -1.9564 0
859 -1.9594 0
732 -1.9599 0
1006 -1.9609 0
964 -1.9673 0
666 -1.9690 0
398 -1.9714 0
1169 -1.9741 0
1612 -1.9840 0
1557 -1.9850 0
632 -1.9851 0
1330 -1.9903 0
1101 -1.9953 0
966 -1.9963 0
1647 -2.0073 0
752 -2.0096 0
75 -2.0112 0
325 -2.0123 0
1281 -2.0399 0
322 -2.0459 0
1024 -2.0470 0
1208 -2.0499 0
811 -2.0518 0
1028 -2.0526 0
977 -2.0566 0
1683 -2.0588 0
1528 -2.0628 0
1792 -2.0694 0
1166 -2.0772 0
675 -2.0797 0
1340 -2.0838 0
856 -2.0884 0
1751 -2.0887 0
86 -2.0911 0
1558 -2.0948 0
1186 -2.0974 0
492 -2.1017 0
346 -2.1133 0
1673 -2.1142 0
1597 -2.1143 0
1032 -2.1171 0
866 -2.1196 0
1607 -2.1233 0
862 -2.1262 0
52 -2.1296 0
498 -2.1414 0
1518 -2.1531 0
1684 -2.1603 0
1602 -2.1625 0
1774 -2.1644 0
1271 -2.1755 0
337 -2.1785 0
1649 -2.1804 0
428 -2.2077 0
1017 -2.2083 0
281 -2.2137 0
910 -2.2180 0
1952 -2.2222 0
1519 -2.2271 0
320 -2.2349 0
989 -2.2359 0
679 -2.2464 0
1296 -2.2490 0
1533 -2.2518 0
1768 -2.2542 0
1906 -2.2603 0
477 -2.2695 0
497 -2.2720 0
624 -2.2851 0
1262 -2.2926 0
1634 -2.2954 0
1487 -2.2977 0
687 -2.3005 0
1573 -2.3024 0
774 -2.3024 0
1283 -2.3026 0
1566 -2.3070 0
668 -2.3131 0
310 -2.3176 0
746 -2.3188 0
1783 -2.3240 0
1766 -2.3241 0
1790 -2.3248 0
382 -2.3259 0
641 -2.3277 0
659 -2.3278 0
996 -2.3292 0
1100 -2.3294 0
1663 -2.3474 0
1261 -2.3486 0
1263 -2.3602 0
894 -2.3630 0
980 -2.3647 0
1319 -2.3663 0
1695 -2.3780 0
697 -2.3978 0
1022 -2.4024 0
1301 -2.4060 0
883 -2.4064 0
1346 -2.4146 0
861 -2.4154 0
772 -2.4185 0
1469 -2.4191 0
960 -2.4215 0
875 -2.4239 0
1481 -2.4253 0
999 -2.4283 0
1184 -2.4301 0
1628 -2.4333 0
737 -2.4334 0
1332 -2.4498 0
1536 -2.4522 0
373 -2.4532 0
1760 -2.4564 0
1147 -2.4617 0
419 -2.4683 0
1288 -2.4709 0
1601 -2.4713 0
1613 -2.4727 0
68 -2.4841 0
1255 -2.4854 0
1769 -2.4998 0
1306 -2.5070 0
314 -2.5112 0
638 -2.5124 0
1260 -2.5263 0
887 -2.5285 0
1386 -2.5291 0
1259 -2.5310 0
1506 -2.5334 0
1752 -2.5391 0
14 -2.5528 0
1547 -2.5552 0
1759 -2.5623 0
1687 -2.5690 0
1380 -2.5783 0
970 -2.5783 0
1371 -2.5898 0
304 -2.6027 0
1356 -2.6203 0
736 -2.6204 0
1015 -2.6215 0
1788 -2.6288 0
876 -2.6364 0
798 -2.6377 0
673 -2.6383 0
1457 -2.6420 0
1596 -2.6443 0
799 -2.6574 0
1351 -2.6595 0
499 -2.6757 0
623 -2.7110 0
1378 -2.7214 0
991 -2.7260 0
827 -2.7268 0
332 -2.7299 0
1670 -2.7364 0
1362 -2.7445 0
1531 -2.7549 0
900 -2.7576 0
1367 -2.7655 0
793 -2.7763 0
1047 -2.7767 0
1399 -2.7816 0
1511 -2.7877 0
592 -2.7926 0
1574 -2.7944 0
1758 -2.8059 0
871 -2.8101 0
1009 -2.8127 0
684 -2.8134 0
1544 -2.8284 0
488 -2.8341 0
954 -2.8358 0
1347 -2.8461 0
1368 -2.8475 0
1268 -2.8503 0
1012 -2.8504 0
1527 -2.8532 0
796 -2.8633 0
1178 -2.8691 0
654 -2.8692 0
621 -2.8692 0
665 -2.8828 0
1693 -2.8868 0
1364 -2.8881 0
1632 -2.9069 0
1526 -2.9160 0
1761 -2.9204 0
868 -2.9214 0
1395 -2.9294 0
895 -2.9420 0
619 -2.9421 0
1671 -2.9517 0
1603 -2.9555 0
1274 -2.9571 0
1796 -2.9579 0
1521 -2.9584 0
757 -2.9660 0
1363 -2.9671 0
1755 -2.9730 0
1534 -2.9755 0
1265 -2.9844 0
1290 -2.9924 0
462 -3.0017 0
1019 -3.0169 0
1171 -3.0194 0
1520 -3.0326 0
1041 -3.0372 0
1177 -3.0462 0
909 -3.0467 0
1369 -3.0490 0
1013 -3.0560 0
689 -3.0661 0
873 -3.0740 0
686 -3.0763 0
1402 -3.0871 0
1323 -3.0969 0
754 -3.0977 0
335 -3.0989 0
84 -3.0991 0
486 -3.1071 0
766 -3.1090 0
750 -3.1305 0
1270 -3.1352 0
874 -3.1412 0
1388 -3.1562 0
653 -3.1583 0
797 -3.1622 0
1199 -3.1649 0
359 -3.1650 0
1697 -3.1686 0
890 -3.1764 0
404 -3.1858 0
858 -3.2182 0
1375 -3.2228 0
1384 -3.2351 0
472 -3.2355 0
1889 -3.2419 0
1379 -3.2591 0
1326 -3.2651 0
1353 -3.2771 0
1524 -3.3302 0
1297 -3.3318 0
879 -3.3361 0
1548 -3.3415 0
1549 -3.3417 0
642 -3.3482 0
1370 -3.4000 0
972 -3.4034 0
1253 -3.4053 0
903 -3.4226 0
1654 -3.4231 0
1366 -3.4267 0
794 -3.4281 0
1514 -3.4324 0
433 -3.4354 0
627 -3.4470 0
1502 -3.4512 0
662 -3.4724 0
792 -3.4795 0
958 -3.4895 0
1373 -3.5083 0
1691 -3.5090 0
671 -3.5098 0
1308 -3.5406 0
956 -3.5431 0
651 -3.5439 0
1313 -3.5658 0
1304 -3.5794 0
1153 -3.5940 0
983 -3.5979 0
1251 -3.6338 0
1538 -3.6358 0
1197 -3.6419 0
1500 -3.6622 0
1614 -3.6791 0
1354 -3.6859 0
1318 -3.6922 0
1359 -3.7226 0
1161 -3.7626 0
733 -3.7673 0
676 -3.8030 0
1765 -3.8135 0
426 -3.8193 0
1195 -3.8276 0
1611 -3.8643 0
880 -3.8805 0
1509 -3.8888 0
1007 -3.9269 0
616 -3.9676 0
1543 -4.0458 0
1300 -4.0589 0
967 -4.0607 0
1529 -4.0629 0
1780 -4.0995 0
1020 -4.0996 0
988 -4.1208 0
1480 -4.1238 0
1348 -4.1593 0
658 -4.1943 0
882 -4.2172 0
1349 -4.2346 0
1515 -4.3085 0
615 -4.3661 0
1516 -4.3665 0
614 -4.4043 0
1374 -4.4062 0
496 -4.4342 0
787 -4.4517 0
864 -4.4691 0
1311 -4.5871 0
1763 -4.6053 0
1385 -4.6291 0
1337 -4.7730 0
633 -4.8771 0
1841 -4.9145 0
889 -5.0609 0
1258 -5.1192 0
1149 -5.1385 0
456 -5.8488 0
521 -6.5969 0
