185 25.1504 1
181 24.9540 1
197 23.9182 1
166 22.0148 1
176 19.5567 1
191 19.3929 1
157 19.2220 1
164 18.9235 1
175 18.4170 1
151 18.1971 1
170 17.9881 1
173 16.5360 1
150 16.4411 1
162 16.4258 1
179 16.3623 1
192 15.7277 1
199 15.5290 1
165 15.1895 1
154 15.1464 1
163 14.6491 1
189 14.3202 1
187 14.2920 1
183 14.2342 1
161 14.1925 1
178 13.8827 1
139 13.7335 0
153 13.3530 1
194 12.9356 1
215 12.8375 0
1970 12.6216 0
119 12.4661 0
249 12.2247 0
155 12.1742 1
1974 12.1555 0
140 12.1351 0
1982 12.0863 0
196 11.9820 1
145 11.8044 0
1940 11.7671 0
116 11.6819 0
1968 11.5894 0
1949 11.5486 0
159 11.4334 1
1983 11.3488 0
233 11.3087 0
229 11.2880 0
1950 11.2872 0
167 11.1194 1
169 10.9894 1
158 10.9509 1
149 10.9279 0
1939 10.9137 0
144 10.9004 0
193 10.8179 1
228 10.7108 0
190 10.6809 1
244 10.5446 0
1920 10.4164 0
224 10.3277 0
188 10.2263 1
243 10.1615 0
1997 10.1348 0
137 10.0258 0
1833 9.9160 0
156 9.7048 1
253 9.6724 0
135 9.6274 0
1926 9.6024 0
186 9.4811 1
232 9.4764 0
136 9.3510 0
120 9.2583 0
217 9.2381 0
1922 9.2283 0
1916 9.2094 0
1913 9.2056 0
115 9.1945 0
250 9.1828 0
1809 9.1442 0
1805 8.9833 0
124 8.8711 0
246 8.8602 0
206 8.8290 0
1984 8.7680 0
184 8.7410 1
128 8.7077 0
1829 8.6228 0
1979 8.5772 0
1927 8.5563 0
160 8.4884 1
1938 8.4389 0
171 8.3656 1
1954 8.3297 0
117 8.3210 0
112 8.3004 0
225 8.2634 0
202 8.2485 0
231 8.2212 0
1865 8.2170 0
1811 8.0835 0
1990 8.0537 0
1902 8.0471 0
1981 8.0323 0
1972 8.0264 0
1808 7.9745 0
125 7.9685 0
107 7.9368 0
105 7.9216 0
113 7.9003 0
256 7.7974 0
1944 7.7879 0
297 7.7669 0
280 7.7422 0
222 7.7419 0
152 7.6951 1
1947 7.6921 0
1955 7.6428 0
1930 7.6016 0
1960 7.5855 0
236 7.5709 0
1822 7.5105 0
198 7.5098 1
1975 7.3916 0
104 7.3681 0
1985 7.3526 0
207 7.3480 0
1994 7.3440 0
1961 7.3136 0
1999 7.2704 0
247 7.2685 0
1932 7.2406 0
1230 7.2393 0
1901 7.2371 0
265 7.2245 0
275 7.2132 0
239 7.1975 0
138 7.1771 0
268 7.1716 0
90 7.1601 0
241 7.1272 0
255 6.9952 0
269 6.9541 0
182 6.9388 1
263 6.9220 0
177 6.9151 1
1989 6.8859 0
148 6.8290 0
1853 6.8070 0
141 6.8045 0
1945 6.7694 0
833 6.7496 0
1848 6.6343 0
209 6.6156 0
219 6.6140 0
276 6.5680 0
1969 6.5562 0
131 6.5530 0
1775 6.5098 0
248 6.4945 0
288 6.4869 0
1904 6.4701 0
724 6.4558 0
1092 6.4336 0
1935 6.3989 0
261 6.3903 0
1931 6.3702 0
266 6.3577 0
1233 6.3477 0
122 6.3137 0
1855 6.2748 0
1973 6.2709 0
129 6.1104 0
203 6.0704 0
1995 6.0217 0
1847 6.0047 0
270 5.9862 0
594 5.9839 0
180 5.9726 1
1988 5.9726 0
220 5.9556 0
1928 5.9447 0
1976 5.9113 0
242 5.9089 0
1936 5.8598 0
1867 5.8145 0
1624 5.7994 0
212 5.7615 0
278 5.7274 0
1836 5.7050 0
109 5.6972 0
1980 5.6882 0
101 5.6488 0
168 5.6291 1
485 5.6241 0
227 5.5657 0
218 5.5656 0
1946 5.5154 0
1066 5.5128 0
126 5.4872 0
208 5.4290 0
205 5.4277 0
110 5.3983 0
279 5.3719 0
1918 5.3361 0
245 5.3154 0
1806 5.3097 0
1830 5.3091 0
195 5.2899 1
1966 5.2795 0
211 5.2375 0
1912 5.2370 0
1876 5.2189 0
1958 5.2035 0
583 5.1801 0
1911 5.1562 0
216 5.1319 0
1878 5.1303 0
1900 5.1096 0
260 5.0720 0
118 5.0679 0
703 5.0317 0
46 5.0132 0
221 5.0069 0
1986 4.9967 0
1872 4.9886 0
1763 4.9881 0
749 4.9533 0
282 4.9370 0
240 4.8918 0
226 4.8524 0
259 4.8172 0
1793 4.8038 0
200 4.7978 0
1908 4.7756 0
1880 4.7452 0
1843 4.7397 0
601 4.7150 0
722 4.7137 0
102 4.7035 0
223 4.6980 0
1957 4.6816 0
1711 4.6677 0
591 4.6648 0
1929 4.6323 0
1823 4.6127 0
35 4.6046 0
1993 4.6007 0
201 4.5976 0
1914 4.5922 0
272 4.5800 0
281 4.5791 0
1921 4.5163 0
1956 4.4589 0
296 4.4566 0
532 4.4177 0
1701 4.3974 0
254 4.3589 0
1868 4.3475 0
1910 4.3460 0
146 4.3443 0
1071 4.3294 0
251 4.2902 0
1924 4.2715 0
718 4.2625 0
824 4.2521 0
210 4.2247 0
1779 4.1951 0
1576 4.1928 0
273 4.1808 0
1977 4.1701 0
1838 4.1264 0
0 4.1232 0
1827 4.1160 0
1204 4.0779 0
286 4.0346 0
1962 4.0346 0
1893 4.0319 0
1828 4.0206 0
85 4.0065 0
1877 4.0021 0
1818 3.9944 0
1839 3.9844 0
1397 3.9843 0
1820 3.9565 0
1948 3.9418 0
10 3.9297 0
18 3.9040 0
1917 3.8899 0
964 3.8797 0
1821 3.8679 0
295 3.8647 0
552 3.8572 0
1405 3.8564 0
1765 3.8508 0
1963 3.8273 0
1967 3.8027 0
837 3.7942 0
143 3.7895 0
728 3.7829 0
1803 3.7804 0
1903 3.7793 0
287 3.7627 0
745 3.7482 0
1772 3.7335 0
1704 3.7263 0
1925 3.6980 0
643 3.6937 0
819 3.6758 0
805 3.6659 0
645 3.6298 0
506 3.5572 0
142 3.5383 0
1854 3.5244 0
1894 3.5197 0
289 3.4970 0
1098 3.4863 0
562 3.4662 0
1335 3.4560 0
1888 3.4518 0
1845 3.4485 0
716 3.4348 0
828 3.4189 0
111 3.4125 0
1971 3.3809 0
1862 3.3742 0
1054 3.3712 0
1942 3.3711 0
134 3.3542 0
1885 3.3486 0
1800 3.3375 0
1871 3.3363 0
1824 3.3250 0
1777 3.2903 0
1861 3.2715 0
234 3.2668 0
566 3.2583 0
437 3.2563 0
1987 3.2443 0
701 3.2422 0
1814 3.2393 0
1819 3.2266 0
1998 3.2073 0
776 3.1852 0
31 3.1742 0
990 3.1655 0
1436 3.1613 0
123 3.1437 0
1616 3.1392 0
1834 3.1187 0
1798 3.1155 0
913 3.0888 0
1905 3.0850 0
832 3.0846 0
9 3.0774 0
257 3.0622 0
1844 3.0365 0
561 3.0194 0
515 3.0094 0
1063 3.0030 0
100 2.9825 0
1051 2.9799 0
1038 2.9710 0
557 2.9521 0
34 2.9477 0
306 2.9245 0
692 2.9230 0
238 2.9216 0
831 2.9136 0
1815 2.9017 0
613 2.8986 0
1764 2.8984 0
587 2.8835 0
599 2.8784 0
174 2.8773 1
1849 2.8658 0
586 2.8597 0
274 2.8549 0
1641 2.8483 0
1890 2.8458 0
881 2.8254 0
1831 2.7953 0
576 2.7780 0
133 2.7731 0
172 2.7641 1
1835 2.7613 0
1895 2.7369 0
1953 2.6920 0
108 2.6853 0
277 2.6740 0
237 2.6585 0
1859 2.6539 0
1029 2.6262 0
1915 2.6186 0
252 2.5993 0
1053 2.5951 0
700 2.5925 0
590 2.5884 0
706 2.5836 0
62 2.5674 0
1943 2.5624 0
542 2.5535 0
585 2.5448 0
1959 2.5251 0
1842 2.4899 0
1328 2.4864 0
1802 2.4825 0
1050 2.4722 0
801 2.4651 0
504 2.4615 0
1743 2.4607 0
1213 2.4419 0
1581 2.4362 0
719 2.4259 0
56 2.4024 0
267 2.4020 0
1937 2.3913 0
739 2.3857 0
1 2.3850 0
560 2.3650 0
714 2.3601 0
1076 2.3580 0
1858 2.3506 0
1078 2.3460 0
8 2.3448 0
258 2.3397 0
71 2.3372 0
1084 2.3370 0
1074 2.3278 0
1866 2.3215 0
530 2.3137 0
70 2.3033 0
466 2.2995 0
729 2.2986 0
1837 2.2869 0
147 2.2625 0
25 2.2528 0
283 2.2467 0
1083 2.2306 0
648 2.2278 0
1059 2.2194 0
1322 2.2165 0
130 2.2125 0
1812 2.2113 0
1095 2.2046 0
712 2.1937 0
1112 2.1838 0
1445 2.1835 0
1041 2.1781 0
1056 2.1689 0
734 2.1630 0
1406 2.1600 0
1585 2.1530 0
1077 2.1473 0
1933 2.1388 0
986 2.1380 0
1817 2.1350 0
230 2.1288 0
1785 2.1178 0
713 2.1131 0
1081 2.0988 0
271 2.0931 0
1613 2.0909 0
462 2.0890 0
551 2.0575 0
121 2.0565 0
545 2.0554 0
81 2.0433 0
1570 2.0424 0
735 2.0416 0
441 2.0336 0
438 2.0293 0
1832 1.9968 0
1909 1.9879 0
22 1.9791 0
13 1.9779 0
1043 1.9753 0
1108 1.9529 0
610 1.9387 0
484 1.9379 0
1172 1.9370 0
708 1.9298 0
705 1.9202 0
1065 1.9173 0
725 1.9135 0
333 1.8803 0
1099 1.8774 0
1080 1.8675 0
285 1.8645 0
103 1.8624 0
1886 1.8556 0
1069 1.8506 0
634 1.8436 0
290 1.8424 0
748 1.8387 0
807 1.8327 0
731 1.8281 0
1298 1.8153 0
1879 1.8106 0
1864 1.8082 0
114 1.7974 0
132 1.7894 0
44 1.7881 0
1786 1.7874 0
1791 1.7828 0
1451 1.7807 0
1745 1.7781 0
387 1.7741 0
1021 1.7618 0
1508 1.7614 0
1850 1.7524 0
84 1.7507 0
1851 1.7490 0
804 1.7475 0
1891 1.7473 0
838 1.7164 0
17 1.7142 0
293 1.7128 0
1468 1.6920 0
732 1.6902 0
21 1.6863 0
1782 1.6811 0
1569 1.6775 0
1425 1.6661 0
1314 1.6594 0
72 1.6486 0
1742 1.6399 0
1951 1.6338 0
1103 1.6251 0
1881 1.6098 0
379 1.6068 0
74 1.6036 0
41 1.6031 0
919 1.5879 0
48 1.5863 0
564 1.5600 0
941 1.5572 0
843 1.5560 0
740 1.5548 0
822 1.5472 0
623 1.5374 0
1577 1.5297 0
1965 1.5230 0
127 1.5090 0
1549 1.5019 0
1648 1.5015 0
1215 1.5006 0
1129 1.4965 0
936 1.4947 0
1139 1.4911 0
1086 1.4846 0
571 1.4828 0
1754 1.4793 0
1488 1.4776 0
908 1.4722 0
1464 1.4697 0
1724 1.4674 0
1052 1.4649 0
390 1.4528 0
570 1.4493 0
1110 1.4490 0
1898 1.4464 0
16 1.4408 0
1346 1.4284 0
1189 1.4277 0
636 1.4267 0
1907 1.4246 0
1750 1.4235 0
681 1.4210 0
45 1.4118 0
1563 1.4110 0
98 1.4094 0
479 1.4061 0
1875 1.4005 0
704 1.3994 0
1789 1.3966 0
525 1.3846 0
906 1.3765 0
808 1.3743 0
1082 1.3625 0
1884 1.3525 0
503 1.3512 0
1919 1.3451 0
1703 1.3423 0
1141 1.3402 0
93 1.3270 0
264 1.3161 0
443 1.3144 0
605 1.3142 0
1727 1.3133 0
1334 1.2933 0
821 1.2895 0
1408 1.2865 0
1255 1.2846 0
292 1.2731 0
1220 1.2693 0
505 1.2677 0
574 1.2658 0
934 1.2622 0
291 1.2543 0
1562 1.2472 0
26 1.2460 0
1572 1.2321 0
802 1.2294 0
1762 1.2263 0
1245 1.2230 0
747 1.2212 0
771 1.2209 0
406 1.2153 0
491 1.2118 0
1964 1.2087 0
1467 1.2040 0
817 1.1885 0
4 1.1849 0
235 1.1829 0
1934 1.1805 0
471 1.1787 0
1713 1.1727 0
214 1.1692 0
826 1.1651 0
78 1.1639 0
593 1.1605 0
1761 1.1575 0
477 1.1543 0
534 1.1431 0
76 1.1363 0
1768 1.1199 0
1096 1.1064 0
472 1.1016 0
1882 1.0554 0
392 1.0397 0
1558 1.0310 0
836 1.0274 0
1792 1.0185 0
1310 1.0015 0
1840 0.9895 0
573 0.9884 0
1756 0.9832 0
388 0.9810 0
800 0.9807 0
717 0.9782 0
720 0.9766 0
1640 0.9732 0
1752 0.9627 0
1869 0.9619 0
632 0.9614 0
901 0.9468 0
1158 0.9395 0
1477 0.9361 0
204 0.9351 0
563 0.9265 0
1816 0.9251 0
596 0.9243 0
1852 0.9096 0
1174 0.9086 0
1582 0.9061 0
1923 0.8962 0
1243 0.8917 0
1192 0.8877 0
1788 0.8868 0
514 0.8813 0
1589 0.8799 0
830 0.8771 0
1790 0.8737 0
1697 0.8708 0
577 0.8690 0
28 0.8540 0
338 0.8408 0
849 0.8384 0
723 0.8381 0
1231 0.8377 0
1825 0.8367 0
1202 0.8325 0
812 0.8317 0
1111 0.8246 0
1609 0.8207 0
1856 0.8050 0
1778 0.8043 0
738 0.8027 0
1392 0.7966 0
710 0.7726 0
1377 0.7639 0
1804 0.7623 0
1266 0.7464 0
949 0.7405 0
1553 0.7338 0
1874 0.7308 0
1060 0.7208 0
516 0.7166 0
1978 0.7109 0
1091 0.7045 0
1438 0.6966 0
353 0.6920 0
806 0.6856 0
1014 0.6852 0
55 0.6837 0
1131 0.6815 0
927 0.6757 0
1735 0.6723 0
1412 0.6710 0
1219 0.6702 0
1539 0.6691 0
612 0.6665 0
517 0.6642 0
1552 0.6619 0
1170 0.6592 0
1017 0.6578 0
598 0.6440 0
1542 0.6429 0
1414 0.6376 0
1776 0.6331 0
42 0.6302 0
1104 0.6275 0
1591 0.6192 0
15 0.6015 0
715 0.6005 0
396 0.6003 0
1606 0.5998 0
535 0.5896 0
30 0.5852 0
1594 0.5819 0
1619 0.5795 0
1618 0.5784 0
884 0.5742 0
1446 0.5740 0
463 0.5681 0
915 0.5674 0
1733 0.5666 0
1722 0.5632 0
707 0.5630 0
1540 0.5567 0
1426 0.5524 0
95 0.5446 0
1088 0.5312 0
1794 0.5284 0
1307 0.5271 0
213 0.5229 0
1590 0.5212 0
955 0.5156 0
1424 0.5126 0
930 0.5110 0
1497 0.5063 0
416 0.5053 0
377 0.5045 0
1491 0.5037 0
548 0.5020 0
702 0.4988 0
1005 0.4927 0
1227 0.4905 0
1198 0.4894 0
1465 0.4881 0
926 0.4804 0
1276 0.4797 0
1991 0.4791 0
1578 0.4783 0
595 0.4618 0
1485 0.4608 0
1621 0.4602 0
1629 0.4592 0
1180 0.4584 0
511 0.4503 0
841 0.4445 0
737 0.4379 0
436 0.4359 0
741 0.4350 0
435 0.4295 0
1883 0.4294 0
600 0.4276 0
1205 0.4264 0
872 0.4206 0
1319 0.4147 0
1941 0.4130 0
518 0.4120 0
1780 0.4086 0
20 0.4046 0
550 0.3989 0
1211 0.3978 0
1826 0.3891 0
916 0.3851 0
1996 0.3814 0
820 0.3804 0
1636 0.3796 0
726 0.3745 0
670 0.3721 0
294 0.3718 0
1237 0.3709 0
1801 0.3691 0
1667 0.3646 0
764 0.3637 0
1644 0.3620 0
1234 0.3612 0
1321 0.3563 0
1556 0.3562 0
1097 0.3545 0
742 0.3524 0
863 0.3374 0
311 0.3336 0
362 0.3327 0
1660 0.3187 0
597 0.3149 0
743 0.3123 0
627 0.3108 0
1254 0.3016 0
415 0.3014 0
43 0.3001 0
1030 0.2985 0
1531 0.2977 0
1561 0.2919 0
1044 0.2917 0
1286 0.2916 0
451 0.2908 0
555 0.2885 0
357 0.2821 0
1012 0.2808 0
845 0.2732 0
1279 0.2715 0
344 0.2652 0
554 0.2629 0
1536 0.2492 0
851 0.2436 0
1404 0.2418 0
1496 0.2409 0
1152 0.2307 0
424 0.2188 0
816 0.2042 0
1474 0.1985 0
37 0.1958 0
364 0.1937 0
1588 0.1898 0
1517 0.1822 0
397 0.1774 0
581 0.1774 0
1475 0.1753 0
987 0.1708 0
721 0.1700 0
1473 0.1681 0
1341 0.1639 0
1584 0.1602 0
1290 0.1601 0
23 0.1583 0
823 0.1532 0
1008 0.1402 0
1781 0.1390 0
896 0.1261 0
490 0.1253 0
1427 0.1192 0
358 0.1125 0
1992 0.1109 0
433 0.1108 0
1810 0.1069 0
559 0.1046 0
567 0.1039 0
262 0.1034 0
1598 0.1018 0
727 0.0973 0
1702 0.0802 0
711 0.0782 0
106 0.0758 0
77 0.0745 0
1207 0.0732 0
1241 0.0719 0
1622 0.0718 0
1442 0.0688 0
1232 0.0649 0
1252 0.0528 0
11 0.0500 0
411 0.0481 0
374 0.0458 0
1637 0.0410 0
1203 0.0363 0
1759 0.0219 0
1045 0.0197 0
912 0.0109 0
1708 0.0053 0
1441 0.0028 0
1179 -0.0021 0
1113 -0.0075 0
556 -0.0190 0
1070 -0.0194 0
1887 -0.0231 0
1470 -0.0262 0
1273 -0.0283 0
1327 -0.0285 0
947 -0.0341 0
1448 -0.0352 0
840 -0.0356 0
376 -0.0375 0
480 -0.0381 0
695 -0.0382 0
1741 -0.0405 0
814 -0.0459 0
1600 -0.0477 0
6 -0.0646 0
431 -0.0684 0
458 -0.0703 0
1447 -0.0766 0
309 -0.0793 0
753 -0.0856 0
962 -0.0887 0
1214 -0.0994 0
1329 -0.1001 0
1738 -0.1031 0
1545 -0.1194 0
414 -0.1229 0
1119 -0.1294 0
1306 -0.1304 0
459 -0.1484 0
1899 -0.1494 0
1193 -0.1536 0
464 -0.1559 0
1057 -0.1560 0
1423 -0.1573 0
313 -0.1588 0
1625 -0.1627 0
1280 -0.1653 0
1269 -0.1662 0
1421 -0.1703 0
674 -0.1761 0
1079 -0.1809 0
1284 -0.1836 0
1755 -0.1878 0
834 -0.1917 0
1499 -0.1951 0
1434 -0.1955 0
1128 -0.1989 0
1587 -0.2002 0
1599 -0.2078 0
1734 -0.2092 0
687 -0.2125 0
1449 -0.2126 0
307 -0.2142 0
1402 -0.2234 0
1305 -0.2243 0
1579 -0.2247 0
1601 -0.2380 0
661 -0.2431 0
1709 -0.2432 0
803 -0.2484 0
976 -0.2484 0
921 -0.2578 0
1217 -0.2629 0
371 -0.2640 0
1209 -0.2644 0
1620 -0.2703 0
885 -0.2715 0
1514 -0.2856 0
709 -0.2889 0
1537 -0.2904 0
1437 -0.2969 0
1528 -0.2984 0
386 -0.3065 0
640 -0.3065 0
1573 -0.3098 0
736 -0.3107 0
1061 -0.3159 0
1278 -0.3202 0
1416 -0.3210 0
1049 -0.3239 0
1744 -0.3257 0
1595 -0.3265 0
365 -0.3313 0
1435 -0.3421 0
1575 -0.3436 0
1638 -0.3445 0
617 -0.3487 0
994 -0.3500 0
65 -0.3632 0
1565 -0.3681 0
298 -0.3730 0
635 -0.3753 0
1090 -0.3777 0
1863 -0.3830 0
937 -0.3966 0
848 -0.3977 0
375 -0.4043 0
666 -0.4046 0
1681 -0.4048 0
637 -0.4074 0
524 -0.4159 0
29 -0.4234 0
57 -0.4273 0
383 -0.4288 0
1520 -0.4316 0
1295 -0.4329 0
1512 -0.4337 0
698 -0.4340 0
952 -0.4359 0
1023 -0.4361 0
1037 -0.4363 0
1115 -0.4434 0
1187 -0.4443 0
1094 -0.4447 0
527 -0.4464 0
655 -0.4523 0
1106 -0.4593 0
1144 -0.4630 0
370 -0.4638 0
1218 -0.4667 0
1627 -0.4712 0
553 -0.4731 0
1236 -0.4795 0
1493 -0.4796 0
501 -0.4851 0
1813 -0.4896 0
669 -0.4967 0
352 -0.5023 0
1870 -0.5060 0
1519 -0.5093 0
1459 -0.5112 0
304 -0.5120 0
568 -0.5154 0
1006 -0.5158 0
974 -0.5303 0
1087 -0.5351 0
688 -0.5454 0
529 -0.5486 0
455 -0.5493 0
1770 -0.5575 0
1323 -0.5599 0
38 -0.5607 0
1566 -0.5609 0
1746 -0.5623 0
628 -0.5640 0
1302 -0.5658 0
1469 -0.5662 0
1500 -0.5691 0
1533 -0.5695 0
482 -0.5725 0
1287 -0.5839 0
1773 -0.5863 0
1010 -0.5869 0
432 -0.5927 0
1067 -0.6017 0
869 -0.6023 0
51 -0.6049 0
27 -0.6050 0
589 -0.6068 0
519 -0.6086 0
531 -0.6105 0
1686 -0.6113 0
7 -0.6121 0
446 -0.6150 0
1694 -0.6172 0
380 -0.6198 0
756 -0.6217 0
1058 -0.6222 0
611 -0.6242 0
768 -0.6268 0
360 -0.6288 0
1312 -0.6301 0
1897 -0.6307 0
99 -0.6314 0
1659 -0.6366 0
1546 -0.6380 0
789 -0.6390 0
1093 -0.6397 0
1403 -0.6447 0
1568 -0.6456 0
580 -0.6557 0
1226 -0.6560 0
1489 -0.6590 0
1494 -0.6630 0
1642 -0.6647 0
536 -0.6715 0
1617 -0.6766 0
467 -0.6813 0
1698 -0.6817 0
1039 -0.6823 0
1281 -0.6840 0
1004 -0.6849 0
1766 -0.6866 0
1164 -0.6904 0
1293 -0.6945 0
1757 -0.6968 0
393 -0.6984 0
1440 -0.7025 0
473 -0.7128 0
847 -0.7129 0
1610 -0.7136 0
810 -0.7172 0
1271 -0.7198 0
66 -0.7210 0
1505 -0.7343 0
1534 -0.7388 0
1695 -0.7394 0
1516 -0.7414 0
425 -0.7439 0
405 -0.7441 0
620 -0.7483 0
1522 -0.7486 0
1664 -0.7491 0
1748 -0.7494 0
523 -0.7548 0
1356 -0.7554 0
368 -0.7566 0
1452 -0.7616 0
1860 -0.7630 0
588 -0.7663 0
647 -0.7959 0
495 -0.7972 0
1602 -0.7982 0
1178 -0.8002 0
3 -0.8025 0
951 -0.8029 0
1795 -0.8032 0
345 -0.8041 0
1186 -0.8093 0
487 -0.8097 0
1461 -0.8122 0
1443 -0.8132 0
32 -0.8223 0
367 -0.8259 0
1518 -0.8271 0
520 -0.8286 0
829 -0.8295 0
1036 -0.8362 0
334 -0.8391 0
606 -0.8435 0
852 -0.8460 0
565 -0.8541 0
1593 -0.8574 0
1450 -0.8603 0
87 -0.8635 0
1684 -0.8688 0
1046 -0.8689 0
766 -0.8694 0
339 -0.8717 0
1510 -0.8747 0
319 -0.8799 0
496 -0.8805 0
1705 -0.8812 0
1647 -0.8827 0
320 -0.8858 0
423 -0.8970 0
894 -0.9022 0
846 -0.9062 0
1583 -0.9090 0
1350 -0.9131 0
1529 -0.9153 0
584 -0.9159 0
369 -0.9243 0
1089 -0.9278 0
355 -0.9466 0
1264 -0.9473 0
1275 -0.9635 0
1857 -0.9641 0
1507 -0.9671 0
391 -0.9697 0
1479 -0.9727 0
1016 -0.9802 0
385 -0.9805 0
767 -0.9845 0
1206 -0.9862 0
639 -0.9897 0
442 -0.9914 0
1628 -0.9959 0
1194 -0.9996 0
657 -1.0021 0
1906 -1.0049 0
399 -1.0076 0
382 -1.0084 0
918 -1.0128 0
1758 -1.0147 0
348 -1.0187 0
1639 -1.0201 0
579 -1.0238 0
398 -1.0247 0
1666 -1.0273 0
939 -1.0289 0
1631 -1.0313 0
426 -1.0334 0
1700 -1.0383 0
663 -1.0461 0
312 -1.0518 0
1460 -1.0617 0
744 -1.0684 0
602 -1.0727 0
1239 -1.0801 0
1462 -1.0838 0
1401 -1.0853 0
68 -1.0872 0
58 -1.0890 0
410 -1.0909 0
1159 -1.0949 0
450 -1.0961 0
453 -1.0966 0
920 -1.0978 0
1210 -1.0993 0
1411 -1.1015 0
1145 -1.1015 0
1270 -1.1025 0
1952 -1.1055 0
1031 -1.1153 0
403 -1.1167 0
378 -1.1180 0
931 -1.1199 0
1142 -1.1212 0
1580 -1.1222 0
1155 -1.1228 0
1342 -1.1237 0
299 -1.1270 0
1453 -1.1274 0
326 -1.1310 0
1212 -1.1420 0
381 -1.1443 0
1343 -1.1491 0
461 -1.1530 0
507 -1.1570 0
1525 -1.1575 0
1309 -1.1610 0
1025 -1.1715 0
347 -1.1716 0
350 -1.1757 0
447 -1.1794 0
569 -1.1827 0
572 -1.1830 0
1535 -1.1835 0
839 -1.1942 0
1325 -1.1966 0
341 -1.1977 0
59 -1.2010 0
1154 -1.2053 0
1028 -1.2056 0
1431 -1.2059 0
5 -1.2111 0
1730 -1.2126 0
402 -1.2151 0
1646 -1.2164 0
1626 -1.2170 0
539 -1.2180 0
1228 -1.2204 0
395 -1.2211 0
996 -1.2217 0
1635 -1.2252 0
685 -1.2352 0
1725 -1.2352 0
1747 -1.2352 0
1100 -1.2354 0
948 -1.2355 0
886 -1.2390 0
19 -1.2452 0
1048 -1.2459 0
1349 -1.2508 0
1400 -1.2524 0
965 -1.2599 0
1760 -1.2622 0
1336 -1.2673 0
844 -1.2717 0
1024 -1.2725 0
498 -1.2734 0
1339 -1.2773 0
780 -1.2812 0
644 -1.2881 0
1896 -1.2883 0
1731 -1.2917 0
49 -1.2925 0
1324 -1.3025 0
1365 -1.3104 0
646 -1.3106 0
786 -1.3129 0
36 -1.3168 0
950 -1.3196 0
1707 -1.3199 0
61 -1.3241 0
1064 -1.3371 0
1787 -1.3394 0
1676 -1.3395 0
558 -1.3395 0
1120 -1.3428 0
917 -1.3497 0
1592 -1.3507 0
359 -1.3562 0
963 -1.3604 0
351 -1.3622 0
690 -1.3706 0
460 -1.3712 0
1668 -1.3713 0
47 -1.3764 0
1729 -1.3853 0
1125 -1.3898 0
1541 -1.3923 0
83 -1.3945 0
96 -1.3968 0
1554 -1.4061 0
1101 -1.4139 0
1353 -1.4202 0
760 -1.4302 0
413 -1.4314 0
1732 -1.4326 0
1257 -1.4391 0
1513 -1.4407 0
401 -1.4479 0
935 -1.4481 0
607 -1.4494 0
1503 -1.4517 0
1419 -1.4526 0
1026 -1.4532 0
452 -1.4539 0
653 -1.4573 0
673 -1.4576 0
1682 -1.4681 0
1118 -1.4693 0
953 -1.4710 0
1068 -1.4710 0
1148 -1.4779 0
1559 -1.4883 0
440 -1.4927 0
2 -1.4946 0
668 -1.5007 0
1251 -1.5020 0
1643 -1.5062 0
1567 -1.5079 0
1739 -1.5080 0
361 -1.5084 0
946 -1.5128 0
575 -1.5261 0
1544 -1.5398 0
1176 -1.5431 0
1075 -1.5544 0
363 -1.5551 0
1318 -1.5564 0
1530 -1.5573 0
328 -1.5595 0
1487 -1.5607 0
394 -1.5662 0
923 -1.5773 0
1011 -1.5909 0
969 -1.5910 0
1035 -1.5987 0
899 -1.6029 0
1391 -1.6065 0
1892 -1.6080 0
1674 -1.6091 0
1420 -1.6132 0
1001 -1.6139 0
1413 -1.6180 0
1728 -1.6200 0
1326 -1.6233 0
809 -1.6256 0
1807 -1.6257 0
1143 -1.6281 0
1418 -1.6299 0
1472 -1.6410 0
1796 -1.6431 0
1571 -1.6441 0
1123 -1.6457 0
1399 -1.6487 0
412 -1.6492 0
493 -1.6499 0
1410 -1.6518 0
1383 -1.6540 0
1550 -1.6565 0
781 -1.6692 0
427 -1.6693 0
1457 -1.6703 0
1486 -1.6861 0
494 -1.6878 0
999 -1.6956 0
1511 -1.6965 0
993 -1.7015 0
1272 -1.7018 0
1417 -1.7019 0
928 -1.7029 0
1608 -1.7140 0
389 -1.7146 0
1463 -1.7148 0
1357 -1.7160 0
1268 -1.7228 0
284 -1.7429 0
1073 -1.7436 0
14 -1.7444 0
1246 -1.7505 0
1316 -1.7513 0
1062 -1.7539 0
791 -1.7583 0
1146 -1.7600 0
1267 -1.7831 0
957 -1.7868 0
825 -1.7875 0
1495 -1.7903 0
1376 -1.7962 0
1109 -1.7984 0
63 -1.8151 0
1331 -1.8153 0
1723 -1.8154 0
943 -1.8171 0
544 -1.8209 0
761 -1.8214 0
1633 -1.8329 0
730 -1.8335 0
1526 -1.8346 0
1560 -1.8349 0
418 -1.8420 0
945 -1.8564 0
1371 -1.8568 0
1201 -1.8589 0
1338 -1.8675 0
783 -1.8764 0
1422 -1.8782 0
1740 -1.8785 0
502 -1.8818 0
898 -1.8848 0
1524 -1.8871 0
682 -1.8976 0
1238 -1.9011 0
1483 -1.9084 0
1407 -1.9110 0
468 -1.9131 0
540 -1.9150 0
1428 -1.9158 0
1771 -1.9164 0
1169 -1.9200 0
33 -1.9281 0
1444 -1.9286 0
1140 -1.9332 0
372 -1.9436 0
526 -1.9451 0
961 -1.9491 0
1656 -1.9492 0
1162 -1.9504 0
1300 -1.9510 0
1291 -1.9555 0
541 -1.9582 0
861 -1.9644 0
1133 -1.9655 0
1114 -1.9664 0
508 -1.9682 0
1873 -1.9696 0
985 -1.9705 0
1235 -1.9738 0
815 -1.9757 0
1555 -1.9785 0
1294 -1.9796 0
900 -1.9825 0
1715 -1.9845 0
608 -1.9887 0
1690 -1.9947 0
1289 -2.0015 0
1753 -2.0040 0
1002 -2.0089 0
91 -2.0101 0
1498 -2.0104 0
758 -2.0136 0
1543 -2.0172 0
1604 -2.0177 0
1504 -2.0204 0
1653 -2.0300 0
476 -2.0314 0
492 -2.0322 0
944 -2.0392 0
1072 -2.0407 0
497 -2.0476 0
1501 -2.0477 0
667 -2.0496 0
321 -2.0505 0
835 -2.0506 0
1122 -2.0513 0
474 -2.0519 0
1225 -2.0575 0
1720 -2.0618 0
356 -2.0624 0
538 -2.0686 0
1717 -2.0703 0
1370 -2.0748 0
733 -2.0879 0
1492 -2.0976 0
1551 -2.1003 0
650 -2.1033 0
1000 -2.1055 0
1055 -2.1064 0
1315 -2.1084 0
1689 -2.1114 0
995 -2.1163 0
932 -2.1176 0
1714 -2.1230 0
469 -2.1282 0
89 -2.1293 0
626 -2.1310 0
989 -2.1324 0
1710 -2.1360 0
672 -2.1361 0
997 -2.1446 0
967 -2.1447 0
1126 -2.1452 0
1385 -2.1498 0
929 -2.1559 0
448 -2.1571 0
1173 -2.1636 0
1138 -2.1806 0
769 -2.1828 0
1538 -2.1834 0
1247 -2.1853 0
483 -2.1855 0
1769 -2.1891 0
746 -2.1902 0
603 -2.1904 0
1261 -2.1968 0
513 -2.1973 0
1439 -2.1993 0
621 -2.2064 0
465 -2.2158 0
428 -2.2219 0
752 -2.2276 0
891 -2.2327 0
429 -2.2351 0
1846 -2.2355 0
664 -2.2356 0
1432 -2.2433 0
1726 -2.2518 0
656 -2.2542 0
1033 -2.2605 0
966 -2.2630 0
1151 -2.2639 0
537 -2.2667 0
1160 -2.2764 0
622 -2.2770 0
763 -2.2777 0
582 -2.2816 0
1366 -2.2835 0
489 -2.2841 0
73 -2.2841 0
1632 -2.2851 0
318 -2.2888 0
651 -2.2968 0
1612 -2.3005 0
475 -2.3049 0
615 -2.3064 0
1482 -2.3082 0
1476 -2.3132 0
457 -2.3135 0
1783 -2.3183 0
1675 -2.3219 0
308 -2.3268 0
857 -2.3283 0
407 -2.3353 0
853 -2.3376 0
905 -2.3379 0
1250 -2.3444 0
315 -2.3464 0
1430 -2.3468 0
1185 -2.3538 0
1679 -2.3593 0
1671 -2.3702 0
1523 -2.3799 0
978 -2.3805 0
1630 -2.3976 0
910 -2.4047 0
1393 -2.4058 0
1347 -2.4085 0
827 -2.4175 0
850 -2.4195 0
1292 -2.4218 0
1253 -2.4316 0
1317 -2.4378 0
434 -2.4378 0
679 -2.4446 0
1156 -2.4469 0
1265 -2.4471 0
1458 -2.4510 0
327 -2.4583 0
384 -2.4609 0
914 -2.4614 0
1699 -2.4695 0
940 -2.4762 0
79 -2.4780 0
1382 -2.4789 0
1429 -2.4824 0
938 -2.4845 0
959 -2.4917 0
630 -2.4920 0
528 -2.4942 0
902 -2.4966 0
1085 -2.4969 0
988 -2.5002 0
547 -2.5035 0
866 -2.5095 0
1320 -2.5119 0
818 -2.5159 0
778 -2.5175 0
80 -2.5257 0
331 -2.5284 0
625 -2.5344 0
980 -2.5379 0
1415 -2.5392 0
777 -2.5488 0
1718 -2.5600 0
1515 -2.5614 0
64 -2.5645 0
925 -2.5658 0
759 -2.5744 0
1168 -2.5754 0
39 -2.5807 0
686 -2.5832 0
1672 -2.5860 0
1719 -2.5864 0
470 -2.5961 0
960 -2.6013 0
1282 -2.6120 0
614 -2.6123 0
400 -2.6215 0
1107 -2.6235 0
481 -2.6334 0
69 -2.6365 0
1184 -2.6432 0
1677 -2.6432 0
1018 -2.6480 0
444 -2.6505 0
1548 -2.6552 0
1330 -2.6566 0
54 -2.6583 0
785 -2.6595 0
300 -2.6660 0
60 -2.6676 0
1124 -2.6743 0
1191 -2.6808 0
1333 -2.6901 0
1244 -2.6914 0
500 -2.6974 0
1799 -2.7026 0
887 -2.7090 0
1596 -2.7091 0
1197 -2.7092 0
699 -2.7117 0
1685 -2.7123 0
546 -2.7151 0
765 -2.7193 0
1506 -2.7203 0
842 -2.7269 0
1137 -2.7313 0
1574 -2.7314 0
1105 -2.7316 0
366 -2.7374 0
1396 -2.7481 0
878 -2.7546 0
336 -2.7610 0
342 -2.7629 0
373 -2.7632 0
981 -2.7688 0
1182 -2.7719 0
1767 -2.7734 0
604 -2.7796 0
675 -2.7868 0
858 -2.8017 0
1678 -2.8068 0
1749 -2.8080 0
774 -2.8098 0
454 -2.8111 0
991 -2.8150 0
1040 -2.8235 0
972 -2.8299 0
1288 -2.8377 0
1208 -2.8388 0
1670 -2.8453 0
1481 -2.8524 0
860 -2.8546 0
1361 -2.8589 0
316 -2.8669 0
1634 -2.8676 0
1242 -2.8757 0
1258 -2.8763 0
942 -2.8772 0
1784 -2.8815 0
1362 -2.8819 0
1009 -2.8886 0
1372 -2.8897 0
88 -2.8912 0
1433 -2.8947 0
1332 -2.8949 0
354 -2.8987 0
1454 -2.9022 0
1586 -2.9034 0
1409 -2.9080 0
875 -2.9160 0
1662 -2.9185 0
1645 -2.9200 0
1121 -2.9219 0
592 -2.9319 0
958 -2.9346 0
982 -2.9355 0
954 -2.9388 0
1615 -2.9410 0
509 -2.9447 0
323 -2.9487 0
1007 -2.9509 0
983 -2.9529 0
1003 -2.9553 0
1032 -2.9679 0
1249 -2.9768 0
1013 -2.9861 0
1387 -2.9943 0
1381 -3.0075 0
1692 -3.0084 0
1736 -3.0201 0
659 -3.0209 0
1661 -3.0294 0
92 -3.0622 0
1221 -3.0658 0
680 -3.0660 0
619 -3.0739 0
1240 -3.0741 0
922 -3.0883 0
430 -3.0889 0
1135 -3.0920 0
12 -3.0935 0
693 -3.0987 0
82 -3.1000 0
1256 -3.1002 0
683 -3.1074 0
1042 -3.1230 0
578 -3.1258 0
677 -3.1389 0
1652 -3.1390 0
979 -3.1445 0
1378 -3.1500 0
1527 -3.1668 0
1466 -3.1701 0
1706 -3.1816 0
522 -3.1823 0
53 -3.1863 0
1188 -3.1875 0
909 -3.1911 0
1047 -3.1948 0
1509 -3.1954 0
1301 -3.2012 0
1611 -3.2019 0
340 -3.2096 0
1649 -3.2100 0
1216 -3.2117 0
1130 -3.2176 0
968 -3.2254 0
1605 -3.2329 0
1260 -3.2350 0
1456 -3.2383 0
24 -3.2428 0
1175 -3.2479 0
798 -3.2621 0
1344 -3.2639 0
694 -3.2678 0
1224 -3.2701 0
1603 -3.2722 0
1658 -3.3005 0
94 -3.3011 0
691 -3.3071 0
305 -3.3128 0
1663 -3.3136 0
1484 -3.3203 0
629 -3.3252 0
793 -3.3311 0
1597 -3.3385 0
337 -3.3388 0
1774 -3.3412 0
1348 -3.3567 0
1364 -3.3587 0
750 -3.3709 0
409 -3.3734 0
782 -3.3817 0
998 -3.3820 0
784 -3.3876 0
1564 -3.3897 0
1116 -3.3899 0
1277 -3.3901 0
1712 -3.3918 0
895 -3.3976 0
1369 -3.4000 0
404 -3.4382 0
1354 -3.4544 0
1285 -3.4547 0
1490 -3.4580 0
1117 -3.4620 0
1669 -3.4638 0
1020 -3.4756 0
671 -3.4866 0
445 -3.4875 0
811 -3.4908 0
1379 -3.4987 0
970 -3.4998 0
1380 -3.5035 0
751 -3.5213 0
654 -3.5419 0
417 -3.5444 0
488 -3.5464 0
1358 -3.5479 0
1297 -3.5556 0
859 -3.5640 0
788 -3.5652 0
1345 -3.5777 0
754 -3.5780 0
1132 -3.5812 0
1248 -3.5819 0
897 -3.5835 0
421 -3.5871 0
1303 -3.5913 0
973 -3.5913 0
52 -3.5935 0
97 -3.5961 0
862 -3.6065 0
408 -3.6082 0
665 -3.6106 0
871 -3.6140 0
678 -3.6160 0
1027 -3.6232 0
892 -3.6362 0
762 -3.6516 0
1313 -3.6544 0
1455 -3.6548 0
1019 -3.6568 0
1889 -3.6750 0
1480 -3.6808 0
1394 -3.6949 0
624 -3.7008 0
676 -3.7126 0
1299 -3.7130 0
1693 -3.7395 0
1375 -3.7474 0
1134 -3.7496 0
662 -3.7593 0
1177 -3.7718 0
1665 -3.7773 0
1263 -3.7784 0
310 -3.7788 0
1163 -3.7972 0
977 -3.8049 0
40 -3.8258 0
1654 -3.8295 0
755 -3.8311 0
439 -3.8342 0
1721 -3.8406 0
1521 -3.8407 0
1034 -3.8428 0
631 -3.8444 0
1471 -3.8494 0
933 -3.8544 0
329 -3.8961 0
633 -3.8962 0
904 -3.9077 0
1200 -3.9082 0
512 -3.9218 0
1296 -3.9349 0
75 -3.9382 0
1223 -3.9462 0
420 -3.9543 0
302 -3.9607 0
1716 -3.9647 0
911 -3.9679 0
984 -3.9714 0
1384 -3.9754 0
890 -3.9758 0
870 -3.9760 0
1127 -3.9824 0
1623 -3.9912 0
864 -4.0079 0
658 -4.0096 0
642 -4.0173 0
1136 -4.0203 0
533 -4.0210 0
1737 -4.0262 0
1751 -4.0296 0
876 -4.0301 0
1360 -4.0305 0
346 -4.0468 0
1229 -4.0591 0
1199 -4.0672 0
696 -4.0761 0
652 -4.0779 0
1165 -4.0835 0
893 -4.0856 0
775 -4.1120 0
1149 -4.1124 0
660 -4.1152 0
499 -4.1162 0
317 -4.1167 0
67 -4.1268 0
772 -4.1336 0
1153 -4.1356 0
879 -4.1380 0
301 -4.1389 0
796 -4.1441 0
1367 -4.1554 0
1340 -4.1572 0
865 -4.1771 0
1657 -4.1800 0
1398 -4.2092 0
855 -4.2093 0
549 -4.2113 0
877 -4.2156 0
883 -4.2208 0
757 -4.2326 0
1022 -4.2330 0
697 -4.2721 0
867 -4.2779 0
1688 -4.2810 0
1183 -4.2913 0
618 -4.2918 0
813 -4.2932 0
543 -4.2949 0
799 -4.2994 0
510 -4.3115 0
1304 -4.3156 0
1797 -4.3384 0
1102 -4.3423 0
1161 -4.3575 0
343 -4.3669 0
1262 -4.4119 0
1374 -4.4226 0
1696 -4.4298 0
1532 -4.4373 0
868 -4.4388 0
324 -4.4582 0
992 -4.4738 0
1673 -4.4886 0
349 -4.5294 0
795 -4.5355 0
971 -4.5403 0
303 -4.5489 0
1352 -4.5627 0
1363 -4.5841 0
770 -4.6085 0
1355 -4.6087 0
797 -4.6131 0
1478 -4.6134 0
684 -4.6244 0
888 -4.6297 0
335 -4.6537 0
609 -4.7026 0
1181 -4.7466 0
478 -4.7519 0
1390 -4.7522 0
854 -4.7633 0
1607 -4.8025 0
1395 -4.8281 0
856 -4.8292 0
419 -4.8402 0
873 -4.8481 0
956 -4.8896 0
649 -4.9096 0
1147 -4.9167 0
332 -4.9259 0
773 -4.9353 0
975 -4.9428 0
1683 -4.9451 0
1687 -4.9480 0
1557 -4.9480 0
449 -4.9644 0
1650 -5.0169 0
641 -5.0202 0
1308 -5.0512 0
924 -5.0551 0
1283 -5.0731 0
689 -5.1022 0
1274 -5.1162 0
1655 -5.1656 0
1368 -5.1668 0
314 -5.1728 0
1386 -5.1801 0
1259 -5.2038 0
638 -5.2050 0
1015 -5.2070 0
325 -5.2105 0
790 -5.2223 0
1547 -5.2533 0
1691 -5.2868 0
1651 -5.3373 0
1841 -5.3393 0
1311 -5.3836 0
794 -5.3954 0
1680 -5.4073 0
1389 -5.4635 0
521 -5.4720 0
422 -5.4724 0
1222 -5.4828 0
86 -5.4875 0
1195 -5.4959 0
1373 -5.5049 0
1190 -5.5244 0
1388 -5.5343 0
787 -5.5700 0
330 -5.6863 0
322 -5.7383 0
1502 -5.7595 0
903 -5.7774 0
1337 -5.7905 0
50 -5.8028 0
889 -5.8749 0
779 -5.9034 0
1359 -6.0029 0
616 -6.0122 0
1166 -6.1079 0
1614 -6.1088 0
1157 -6.3165 0
1150 -6.3237 0
456 -6.3411 0
1171 -6.4019 0
792 -6.4041 0
1167 -6.4508 0
882 -6.4850 0
907 -6.4953 0
1196 -7.2807 0
880 -7.4608 0
486 -7.6127 0
1351 -7.9394 0
874 -8.0972 0
