297 25.4111 1
250 24.4145 1
291 23.7527 1
252 23.3110 1
286 23.0129 1
270 22.7556 1
271 22.6909 1
280 22.2047 1
295 21.6348 1
287 21.4891 1
259 21.4189 1
283 21.2990 1
269 20.3876 1
275 20.3707 1
263 20.1561 1
268 19.9029 1
277 18.2383 1
285 18.2319 1
288 17.9466 1
293 17.6369 1
253 17.3473 1
261 17.1682 1
281 17.0796 1
272 17.0793 1
289 15.9238 1
298 15.0132 1
279 14.5098 1
257 14.5074 1
294 12.6100 1
260 12.2590 1
254 12.0192 1
187 11.8172 0
255 11.7660 1
296 11.7168 1
188 11.4055 0
273 11.3213 1
292 10.9773 1
142 10.6378 0
266 10.2244 1
171 10.0921 0
256 10.0812 1
1960 10.0798 0
637 9.9162 0
77 9.9037 0
134 9.3407 0
1858 9.2542 0
1730 9.2459 0
265 9.1713 1
258 8.7939 1
56 8.7891 0
1718 8.6613 0
278 8.6481 1
1101 8.6068 0
59 8.4093 0
1732 8.3932 0
141 8.3759 0
185 8.1946 0
94 8.1749 0
82 7.9130 0
1701 7.8937 0
158 7.8767 0
189 7.8716 0
174 7.8135 0
64 7.7642 0
1850 7.7229 0
1746 7.7013 0
1764 7.5376 0
121 7.5300 0
37 7.4775 0
1853 7.4540 0
81 7.4000 0
22 7.2384 0
91 7.1965 0
1735 7.1271 0
1748 7.1024 0
115 7.0954 0
1104 7.0725 0
139 7.0635 0
51 7.0354 0
226 7.0202 0
1173 7.0110 0
96 6.9880 0
57 6.9740 0
1230 6.9111 0
264 6.8368 1
1871 6.7920 0
234 6.7036 0
1809 6.6479 0
97 6.6345 0
198 6.6076 0
267 6.5928 1
1828 6.5879 0
193 6.5348 0
1744 6.5135 0
1793 6.4628 0
131 6.4421 0
60 6.4125 0
1880 6.3898 0
1139 6.2408 0
282 6.2339 1
1969 6.1740 0
1888 6.1566 0
1912 6.0707 0
299 6.0200 1
1950 5.9640 0
54 5.9552 0
290 5.9506 1
274 5.9504 1
648 5.9371 0
1878 5.8332 0
154 5.8189 0
1866 5.8054 0
1896 5.8032 0
1721 5.7392 0
1945 5.7056 0
164 5.6959 0
435 5.6336 0
1868 5.6130 0
1705 5.5921 0
86 5.5874 0
177 5.5847 0
613 5.5707 0
76 5.5641 0
1130 5.5185 0
1703 5.4886 0
511 5.4831 0
406 5.4786 0
95 5.4765 0
1155 5.4654 0
1986 5.4538 0
93 5.4253 0
632 5.4194 0
793 5.4166 0
1865 5.3939 0
90 5.3863 0
1931 5.3714 0
1852 5.3370 0
65 5.3126 0
69 5.2873 0
119 5.2839 0
148 5.2838 0
144 5.2529 0
447 5.2485 0
1335 5.2438 0
149 5.2368 0
1738 5.2365 0
1743 5.2078 0
1725 5.1975 0
1747 5.1975 0
409 5.1838 0
152 5.1723 0
62 5.1319 0
61 5.0781 0
1872 5.0554 0
1745 5.0447 0
74 5.0132 0
1800 5.0101 0
178 5.0085 0
10 4.9763 0
1863 4.9517 0
78 4.9462 0
1198 4.9305 0
1963 4.9285 0
116 4.8761 0
1822 4.8681 0
120 4.8398 0
27 4.8374 0
98 4.8307 0
75 4.7999 0
1765 4.7840 0
703 4.7058 0
168 4.6928 0
137 4.6831 0
596 4.6822 0
1821 4.6808 0
1993 4.6570 0
99 4.6264 0
41 4.6169 0
197 4.6153 0
1952 4.6010 0
1862 4.5836 0
1895 4.5804 0
89 4.5804 0
104 4.5632 0
83 4.5576 0
80 4.5494 0
1978 4.5479 0
1932 4.5383 0
150 4.4808 0
1720 4.4731 0
276 4.4618 1
1835 4.4608 0
1889 4.4588 0
829 4.4530 0
627 4.4367 0
1176 4.4128 0
1940 4.3711 0
1775 4.3589 0
1999 4.3493 0
1972 4.3201 0
1712 4.2935 0
1979 4.2638 0
1598 4.2576 0
1761 4.2409 0
155 4.2375 0
251 4.2294 1
1702 4.2283 0
1990 4.1919 0
101 4.1278 0
112 4.1115 0
561 4.0869 0
1103 4.0537 0
1825 4.0528 0
1109 4.0498 0
1981 4.0360 0
1901 4.0154 0
641 4.0085 0
231 4.0064 0
1102 3.9960 0
1727 3.9636 0
1819 3.9593 0
136 3.9542 0
1174 3.9362 0
156 3.9265 0
1893 3.8950 0
1112 3.8786 0
1773 3.8598 0
567 3.8459 0
1706 3.8342 0
162 3.8327 0
844 3.8141 0
176 3.8015 0
79 3.7691 0
451 3.7597 0
623 3.7337 0
1973 3.7337 0
66 3.7328 0
1851 3.7293 0
456 3.7236 0
1722 3.7192 0
1859 3.7118 0
220 3.6887 0
913 3.6673 0
1951 3.6546 0
1782 3.6519 0
1142 3.6322 0
1794 3.6291 0
55 3.6033 0
1321 3.5918 0
1982 3.5570 0
611 3.5371 0
833 3.5143 0
1902 3.4925 0
123 3.4760 0
105 3.4660 0
1571 3.4654 0
628 3.4593 0
1144 3.4262 0
645 3.4099 0
1715 3.4021 0
1801 3.3792 0
1944 3.3775 0
1539 3.3729 0
1953 3.3700 0
1946 3.3619 0
1791 3.3574 0
1785 3.3538 0
1779 3.3274 0
1959 3.3252 0
454 3.3243 0
1894 3.3037 0
1971 3.3031 0
836 3.2992 0
102 3.2839 0
1094 3.2834 0
1021 3.2727 0
1898 3.2380 0
53 3.2152 0
724 3.1985 0
976 3.1970 0
203 3.1923 0
138 3.1647 0
186 3.1610 0
1606 3.1501 0
550 3.1284 0
1823 3.1278 0
559 3.1268 0
92 3.1248 0
1887 3.1014 0
1843 3.0959 0
608 3.0896 0
1964 3.0751 0
1164 3.0639 0
390 3.0429 0
1954 3.0378 0
1175 3.0348 0
1877 3.0154 0
1742 3.0100 0
63 2.9993 0
157 2.9954 0
1729 2.9826 0
606 2.9774 0
1886 2.9767 0
1131 2.9715 0
1305 2.9712 0
605 2.9635 0
586 2.9582 0
1151 2.9546 0
1934 2.9383 0
1955 2.9360 0
165 2.9050 0
1994 2.9048 0
1192 2.9009 0
640 2.9000 0
588 2.8949 0
88 2.8948 0
1938 2.8868 0
284 2.8796 1
1257 2.8771 0
704 2.8762 0
183 2.8758 0
1325 2.8754 0
1849 2.8396 0
129 2.8092 0
1805 2.8035 0
1115 2.7982 0
1153 2.7929 0
140 2.7621 0
170 2.7482 0
212 2.7420 0
1737 2.7331 0
1961 2.7284 0
159 2.7251 0
26 2.7023 0
1708 2.6976 0
727 2.6933 0
423 2.6814 0
1108 2.6786 0
1709 2.6697 0
132 2.6534 0
1716 2.6494 0
729 2.6385 0
625 2.6287 0
108 2.6214 0
1056 2.6214 0
1129 2.6195 0
1906 2.5971 0
1970 2.5891 0
635 2.5727 0
901 2.5579 0
191 2.5561 0
1832 2.5490 0
1711 2.5336 0
113 2.5153 0
839 2.5140 0
70 2.5068 0
1826 2.4946 0
125 2.4942 0
1920 2.4882 0
1812 2.4706 0
175 2.4629 0
1580 2.4530 0
163 2.4528 0
21 2.4432 0
166 2.4357 0
1918 2.4215 0
610 2.4213 0
755 2.4193 0
1831 2.4158 0
1803 2.4025 0
180 2.4007 0
515 2.3763 0
1506 2.3635 0
429 2.3609 0
644 2.3534 0
1503 2.3519 0
50 2.3323 0
352 2.3177 0
593 2.3003 0
1874 2.2982 0
84 2.2889 0
1942 2.2737 0
1922 2.2712 0
1833 2.2709 0
1717 2.2687 0
147 2.2675 0
1148 2.2597 0
1797 2.2554 0
612 2.2396 0
1790 2.2330 0
939 2.2255 0
1903 2.2188 0
636 2.1672 0
1804 2.1590 0
563 2.1450 0
1815 2.1380 0
639 2.1199 0
554 2.1182 0
1152 2.0905 0
1808 2.0898 0
151 2.0861 0
262 2.0797 1
1890 2.0697 0
1879 2.0680 0
541 2.0604 0
536 2.0439 0
1169 1.9989 0
211 1.9984 0
217 1.9860 0
1432 1.9837 0
196 1.9769 0
1749 1.9591 0
1767 1.9370 0
936 1.9342 0
1627 1.9330 0
366 1.9329 0
1213 1.9231 0
1189 1.9219 0
961 1.9214 0
1232 1.9156 0
1517 1.9100 0
555 1.9075 0
1926 1.9061 0
1117 1.8997 0
205 1.8817 0
210 1.8554 0
590 1.8441 0
1814 1.8258 0
6 1.8213 0
1867 1.8184 0
221 1.8144 0
575 1.7673 0
947 1.7463 0
117 1.7227 0
356 1.7227 0
1031 1.7196 0
1792 1.7140 0
145 1.7061 0
1844 1.7039 0
1989 1.7012 0
1135 1.6945 0
190 1.6891 0
1818 1.6790 0
718 1.6768 0
473 1.6657 0
1848 1.6578 0
1781 1.6568 0
411 1.6405 0
375 1.6364 0
962 1.6327 0
1762 1.6235 0
620 1.6229 0
1899 1.6223 0
1111 1.6043 0
1854 1.5928 0
386 1.5910 0
1641 1.5716 0
739 1.5577 0
619 1.5513 0
463 1.5398 0
1220 1.5368 0
1719 1.5352 0
577 1.5131 0
667 1.5019 0
1855 1.4871 0
822 1.4801 0
1965 1.4489 0
552 1.4457 0
617 1.4363 0
1884 1.4259 0
1181 1.4196 0
1984 1.4121 0
1795 1.4049 0
227 1.3948 0
1734 1.3906 0
1405 1.3593 0
580 1.3579 0
1574 1.3479 0
1646 1.3382 0
1996 1.3306 0
486 1.3081 0
49 1.3063 0
38 1.2956 0
899 1.2952 0
1585 1.2873 0
1704 1.2630 0
837 1.2546 0
1110 1.2441 0
1710 1.2413 0
192 1.2362 0
1975 1.2326 0
381 1.2252 0
393 1.2074 0
225 1.1937 0
58 1.1827 0
35 1.1776 0
859 1.1657 0
818 1.1639 0
1600 1.1495 0
1980 1.1461 0
737 1.1396 0
1754 1.1324 0
634 1.1212 0
8 1.1118 0
247 1.1112 0
570 1.1089 0
439 1.1031 0
103 1.1015 0
902 1.1003 0
1904 1.0985 0
1817 1.0968 0
403 1.0931 0
1 1.0852 0
143 1.0813 0
1183 1.0703 0
789 1.0690 0
1802 1.0612 0
897 1.0542 0
1256 1.0535 0
594 1.0515 0
842 1.0494 0
351 1.0477 0
941 1.0470 0
1915 1.0387 0
1186 1.0381 0
1165 1.0215 0
553 1.0210 0
385 1.0066 0
153 1.0059 0
218 0.9933 0
9 0.9924 0
1073 0.9779 0
1861 0.9717 0
686 0.9670 0
1876 0.9619 0
721 0.9483 0
1958 0.9477 0
1914 0.9449 0
1780 0.9155 0
160 0.9029 0
599 0.8992 0
202 0.8953 0
601 0.8873 0
1733 0.8827 0
1141 0.8813 0
1231 0.8804 0
1807 0.8703 0
135 0.8634 0
1740 0.8585 0
1928 0.8577 0
747 0.8521 0
1786 0.8450 0
442 0.8332 0
1916 0.8282 0
52 0.8266 0
819 0.8174 0
1416 0.8151 0
1834 0.8083 0
1508 0.8079 0
1731 0.8008 0
195 0.7749 0
130 0.7703 0
722 0.7467 0
1116 0.7373 0
1013 0.7360 0
572 0.7277 0
749 0.7222 0
1974 0.7173 0
1967 0.7162 0
562 0.7154 0
1839 0.7060 0
1245 0.6835 0
1910 0.6728 0
585 0.6690 0
922 0.6671 0
1864 0.6570 0
1149 0.6515 0
122 0.6444 0
1397 0.6441 0
748 0.6412 0
910 0.6366 0
1178 0.6364 0
942 0.6326 0
243 0.6320 0
715 0.6218 0
1558 0.6157 0
1768 0.6063 0
716 0.6035 0
216 0.6017 0
513 0.6009 0
1911 0.5978 0
1592 0.5945 0
1239 0.5883 0
1957 0.5801 0
1846 0.5789 0
1811 0.5767 0
591 0.5661 0
34 0.5647 0
20 0.5558 0
399 0.5457 0
1554 0.5422 0
1830 0.5357 0
615 0.5286 0
67 0.5274 0
1860 0.5137 0
1158 0.5124 0
569 0.4995 0
28 0.4934 0
228 0.4917 0
937 0.4911 0
1836 0.4845 0
172 0.4813 0
1645 0.4760 0
1827 0.4693 0
1806 0.4554 0
407 0.4543 0
16 0.4529 0
1445 0.4516 0
127 0.4391 0
1489 0.4306 0
706 0.4300 0
581 0.4170 0
321 0.3926 0
1798 0.3865 0
1182 0.3836 0
72 0.3781 0
1759 0.3616 0
916 0.3571 0
384 0.3560 0
1723 0.3532 0
1331 0.3512 0
1023 0.3432 0
1897 0.3340 0
824 0.3281 0
1052 0.3278 0
1741 0.3222 0
624 0.3195 0
1968 0.3188 0
646 0.3155 0
1160 0.3132 0
1900 0.3066 0
181 0.2936 0
1066 0.2892 0
33 0.2870 0
1983 0.2783 0
843 0.2747 0
1857 0.2705 0
773 0.2546 0
213 0.2542 0
1772 0.2192 0
1976 0.2182 0
233 0.2167 0
222 0.2161 0
1619 0.2116 0
592 0.2104 0
246 0.2095 0
934 0.2088 0
602 0.2083 0
1966 0.2079 0
719 0.1954 0
110 0.1912 0
1840 0.1870 0
23 0.1797 0
1210 0.1668 0
629 0.1641 0
1180 0.1618 0
1051 0.1599 0
42 0.1561 0
626 0.1559 0
87 0.1528 0
921 0.1460 0
114 0.1447 0
380 0.1417 0
1014 0.1334 0
15 0.1323 0
630 0.1249 0
1939 0.1240 0
17 0.1122 0
1620 0.1106 0
953 0.1082 0
714 0.1065 0
638 0.1044 0
1034 0.1020 0
1788 0.0990 0
1306 0.0913 0
1881 0.0838 0
990 0.0747 0
1707 0.0698 0
338 0.0610 0
364 0.0349 0
1507 0.0346 0
124 0.0329 0
556 0.0169 0
743 0.0163 0
926 0.0105 0
412 0.0061 0
740 -0.0023 0
1319 -0.0070 0
1540 -0.0113 0
208 -0.0232 0
1170 -0.0240 0
1163 -0.0244 0
1226 -0.0265 0
339 -0.0277 0
841 -0.0292 0
1930 -0.0307 0
1847 -0.0332 0
46 -0.0355 0
851 -0.0402 0
1179 -0.0425 0
493 -0.0530 0
744 -0.0609 0
1956 -0.0652 0
1924 -0.0813 0
568 -0.0841 0
448 -0.0933 0
1726 -0.0972 0
405 -0.0983 0
1603 -0.0983 0
3 -0.0995 0
333 -0.1042 0
450 -0.1161 0
776 -0.1184 0
1869 -0.1198 0
401 -0.1237 0
1185 -0.1335 0
831 -0.1348 0
1995 -0.1351 0
1545 -0.1362 0
483 -0.1449 0
850 -0.1458 0
18 -0.1472 0
1608 -0.1496 0
603 -0.1612 0
1042 -0.1632 0
1763 -0.1698 0
417 -0.1707 0
85 -0.1973 0
734 -0.1979 0
1077 -0.2129 0
1302 -0.2163 0
1596 -0.2205 0
1113 -0.2261 0
595 -0.2327 0
1997 -0.2350 0
915 -0.2371 0
551 -0.2381 0
1311 -0.2403 0
840 -0.2427 0
966 -0.2451 0
1241 -0.2460 0
1618 -0.2503 0
1987 -0.2525 0
1583 -0.2536 0
1885 -0.2601 0
949 -0.2614 0
1387 -0.2675 0
996 -0.2761 0
1613 -0.2795 0
1054 -0.2820 0
741 -0.2956 0
1535 -0.3004 0
236 -0.3129 0
173 -0.3263 0
1086 -0.3337 0
948 -0.3346 0
1312 -0.3349 0
249 -0.3356 0
1882 -0.3441 0
0 -0.3479 0
215 -0.3501 0
109 -0.3522 0
494 -0.3739 0
810 -0.3802 0
146 -0.3823 0
1211 -0.3825 0
587 -0.3855 0
1125 -0.3876 0
1126 -0.3940 0
520 -0.4082 0
1171 -0.4141 0
1789 -0.4321 0
1921 -0.4394 0
604 -0.4405 0
720 -0.4468 0
438 -0.4473 0
557 -0.4484 0
1197 -0.4552 0
1246 -0.4566 0
1927 -0.4568 0
1156 -0.4757 0
1078 -0.4757 0
1998 -0.4831 0
331 -0.4853 0
935 -0.4898 0
735 -0.4940 0
1728 -0.4964 0
1824 -0.4986 0
1128 -0.5005 0
1029 -0.5007 0
1778 -0.5035 0
1891 -0.5049 0
1856 -0.5072 0
206 -0.5114 0
1698 -0.5136 0
726 -0.5175 0
1837 -0.5248 0
1714 -0.5385 0
1784 -0.5392 0
979 -0.5420 0
1813 -0.5439 0
11 -0.5453 0
389 -0.5485 0
1873 -0.5559 0
880 -0.5643 0
607 -0.5663 0
984 -0.5703 0
1943 -0.5728 0
681 -0.5771 0
1132 -0.5878 0
394 -0.6014 0
764 -0.6066 0
1097 -0.6137 0
710 -0.6171 0
440 -0.6195 0
1541 -0.6239 0
232 -0.6285 0
179 -0.6287 0
1114 -0.6290 0
1949 -0.6290 0
484 -0.6293 0
209 -0.6355 0
540 -0.6359 0
589 -0.6365 0
1624 -0.6410 0
1679 -0.6469 0
1829 -0.6527 0
1753 -0.6624 0
1700 -0.6673 0
582 -0.6858 0
1769 -0.6995 0
305 -0.7015 0
699 -0.7017 0
126 -0.7079 0
622 -0.7095 0
725 -0.7202 0
107 -0.7242 0
1315 -0.7281 0
927 -0.7299 0
421 -0.7301 0
1424 -0.7328 0
1750 -0.7366 0
1724 -0.7448 0
443 -0.7461 0
701 -0.7507 0
397 -0.7536 0
1666 -0.7602 0
1923 -0.7632 0
1875 -0.7641 0
1533 -0.7643 0
1143 -0.7650 0
219 -0.7656 0
566 -0.7682 0
965 -0.7779 0
1053 -0.7801 0
235 -0.7877 0
436 -0.7906 0
359 -0.8058 0
974 -0.8116 0
1621 -0.8248 0
1137 -0.8439 0
530 -0.8451 0
1909 -0.8466 0
1516 -0.8480 0
418 -0.8498 0
1756 -0.8498 0
728 -0.8573 0
560 -0.8597 0
571 -0.8661 0
600 -0.8758 0
1105 -0.8774 0
416 -0.8856 0
912 -0.8887 0
1314 -0.8920 0
400 -0.8958 0
783 -0.9100 0
128 -0.9205 0
1604 -0.9227 0
1377 -0.9307 0
1622 -0.9393 0
199 -0.9422 0
1341 -0.9444 0
1033 -0.9547 0
558 -0.9700 0
404 -0.9714 0
598 -0.9728 0
422 -0.9755 0
687 -0.9794 0
372 -0.9796 0
534 -0.9816 0
1556 -0.9888 0
1043 -0.9915 0
1250 -1.0164 0
1208 -1.0172 0
579 -1.0192 0
369 -1.0204 0
1771 -1.0234 0
647 -1.0278 0
583 -1.0337 0
1236 -1.0340 0
917 -1.0373 0
491 -1.0429 0
237 -1.0521 0
1810 -1.0553 0
849 -1.0561 0
248 -1.0645 0
905 -1.0723 0
310 -1.0736 0
1977 -1.0767 0
964 -1.0831 0
1334 -1.0913 0
238 -1.0931 0
1082 -1.1001 0
597 -1.1126 0
1196 -1.1140 0
424 -1.1147 0
549 -1.1161 0
1694 -1.1182 0
1988 -1.1191 0
642 -1.1239 0
1601 -1.1533 0
564 -1.1614 0
945 -1.1631 0
1074 -1.1648 0
1628 -1.1674 0
1985 -1.1799 0
1332 -1.1958 0
427 -1.1970 0
1308 -1.1985 0
1534 -1.2127 0
19 -1.2188 0
48 -1.2212 0
887 -1.2376 0
1483 -1.2399 0
495 -1.2413 0
161 -1.2416 0
194 -1.2423 0
1642 -1.2437 0
956 -1.2476 0
100 -1.2533 0
490 -1.2603 0
711 -1.2673 0
1303 -1.2705 0
1590 -1.2734 0
336 -1.2779 0
485 -1.2862 0
1841 -1.2881 0
643 -1.2882 0
45 -1.3089 0
991 -1.3113 0
1757 -1.3127 0
1913 -1.3189 0
1640 -1.3190 0
29 -1.3213 0
106 -1.3271 0
527 -1.3343 0
923 -1.3397 0
692 -1.3483 0
1651 -1.3526 0
870 -1.3550 0
838 -1.3607 0
1267 -1.3622 0
1191 -1.3749 0
1106 -1.3769 0
1680 -1.3852 0
503 -1.3872 0
1684 -1.3894 0
31 -1.3997 0
1202 -1.4027 0
36 -1.4035 0
795 -1.4193 0
830 -1.4315 0
763 -1.4420 0
609 -1.4431 0
509 -1.4433 0
978 -1.4448 0
1578 -1.4459 0
1032 -1.4576 0
1936 -1.4639 0
918 -1.4728 0
459 -1.4760 0
245 -1.4765 0
1557 -1.4870 0
395 -1.4898 0
1301 -1.4917 0
7 -1.4982 0
1326 -1.5028 0
1140 -1.5068 0
1035 -1.5112 0
713 -1.5256 0
1947 -1.5269 0
929 -1.5269 0
1215 -1.5284 0
1150 -1.5314 0
1665 -1.5328 0
1408 -1.5358 0
896 -1.5393 0
1935 -1.5421 0
1347 -1.5439 0
1100 -1.5458 0
1467 -1.5571 0
1411 -1.5588 0
695 -1.5642 0
230 -1.5687 0
1586 -1.5689 0
790 -1.5740 0
971 -1.5749 0
925 -1.5802 0
1688 -1.5816 0
39 -1.5854 0
651 -1.5905 0
508 -1.5917 0
1925 -1.5969 0
1820 -1.6047 0
574 -1.6067 0
576 -1.6127 0
1228 -1.6211 0
700 -1.6272 0
383 -1.6274 0
1929 -1.6303 0
13 -1.6313 0
1739 -1.6421 0
573 -1.6422 0
698 -1.6431 0
1088 -1.6468 0
1553 -1.6483 0
367 -1.6552 0
182 -1.6567 0
1575 -1.6571 0
983 -1.6605 0
1892 -1.6666 0
876 -1.6674 0
683 -1.6775 0
1634 -1.6781 0
444 -1.6783 0
1760 -1.6809 0
1917 -1.6828 0
951 -1.6857 0
1318 -1.6865 0
1356 -1.6937 0
860 -1.6941 0
1525 -1.6970 0
1193 -1.7022 0
1511 -1.7026 0
545 -1.7095 0
1092 -1.7096 0
461 -1.7099 0
1184 -1.7153 0
614 -1.7272 0
1120 -1.7275 0
708 -1.7316 0
313 -1.7333 0
1024 -1.7342 0
1352 -1.7508 0
736 -1.7511 0
1436 -1.7746 0
1187 -1.7817 0
1515 -1.7837 0
30 -1.7843 0
1001 -1.7865 0
972 -1.7925 0
1323 -1.7931 0
1016 -1.7955 0
968 -1.7976 0
584 -1.8037 0
986 -1.8168 0
471 -1.8278 0
488 -1.8299 0
529 -1.8352 0
402 -1.8370 0
1048 -1.8422 0
1203 -1.8444 0
1222 -1.8445 0
1161 -1.8562 0
1664 -1.8568 0
1466 -1.8639 0
365 -1.8734 0
1044 -1.8775 0
1519 -1.8830 0
1437 -1.8894 0
1327 -1.8905 0
307 -1.8978 0
1457 -1.9084 0
499 -1.9088 0
1338 -1.9134 0
466 -1.9149 0
1216 -1.9201 0
118 -1.9216 0
1549 -1.9242 0
388 -1.9307 0
1491 -1.9335 0
425 -1.9423 0
341 -1.9511 0
357 -1.9532 0
1015 -1.9535 0
1379 -1.9542 0
649 -1.9583 0
337 -1.9591 0
1661 -1.9633 0
1235 -1.9698 0
814 -1.9700 0
1907 -1.9705 0
1322 -1.9731 0
731 -1.9784 0
330 -1.9851 0
702 -1.9933 0
73 -1.9973 0
1119 -2.0013 0
1006 -2.0049 0
730 -2.0056 0
907 -2.0142 0
959 -2.0232 0
1194 -2.0271 0
931 -2.0331 0
760 -2.0396 0
813 -2.0486 0
539 -2.0506 0
392 -2.0513 0
952 -2.0522 0
1842 -2.0565 0
1214 -2.0619 0
1199 -2.0740 0
868 -2.0758 0
865 -2.0789 0
1243 -2.0799 0
771 -2.0807 0
1200 -2.0814 0
1685 -2.0921 0
396 -2.1060 0
531 -2.1208 0
1247 -2.1225 0
745 -2.1238 0
1217 -2.1276 0
1816 -2.1278 0
1300 -2.1297 0
1057 -2.1304 0
963 -2.1327 0
1290 -2.1335 0
1154 -2.1343 0
1660 -2.1348 0
995 -2.1356 0
111 -2.1462 0
1390 -2.1484 0
1087 -2.1562 0
1037 -2.1588 0
1625 -2.1635 0
398 -2.1706 0
441 -2.1758 0
543 -2.1848 0
895 -2.1894 0
1068 -2.1929 0
184 -2.1932 0
32 -2.2072 0
475 -2.2087 0
430 -2.2122 0
834 -2.2156 0
1514 -2.2182 0
344 -2.2207 0
223 -2.2253 0
792 -2.2305 0
1697 -2.2352 0
1572 -2.2372 0
669 -2.2381 0
578 -2.2390 0
1065 -2.2489 0
464 -2.2543 0
1059 -2.2637 0
1678 -2.2744 0
946 -2.2745 0
1486 -2.2777 0
845 -2.2793 0
374 -2.2803 0
1329 -2.2827 0
414 -2.2875 0
1330 -2.2909 0
1046 -2.2920 0
1454 -2.3048 0
674 -2.3121 0
1643 -2.3416 0
229 -2.3483 0
1488 -2.3512 0
347 -2.3558 0
944 -2.3562 0
1663 -2.3647 0
1933 -2.3738 0
1162 -2.3806 0
1002 -2.3823 0
498 -2.3873 0
1493 -2.3955 0
900 -2.3961 0
1122 -2.4073 0
782 -2.4081 0
1346 -2.4095 0
472 -2.4119 0
1376 -2.4152 0
889 -2.4169 0
204 -2.4229 0
660 -2.4249 0
1285 -2.4298 0
1427 -2.4323 0
481 -2.4339 0
363 -2.4361 0
679 -2.4370 0
892 -2.4383 0
1564 -2.4393 0
1281 -2.4458 0
1577 -2.4486 0
717 -2.4530 0
1069 -2.4580 0
938 -2.4636 0
1477 -2.4650 0
861 -2.4661 0
908 -2.4732 0
1675 -2.4776 0
1632 -2.4809 0
800 -2.4835 0
1758 -2.4928 0
1404 -2.4933 0
920 -2.4943 0
43 -2.4970 0
1752 -2.4994 0
1669 -2.5006 0
827 -2.5018 0
794 -2.5044 0
415 -2.5074 0
460 -2.5124 0
1644 -2.5166 0
682 -2.5198 0
969 -2.5223 0
1434 -2.5238 0
816 -2.5282 0
1672 -2.5304 0
455 -2.5333 0
777 -2.5350 0
886 -2.5385 0
1393 -2.5386 0
1505 -2.5409 0
1050 -2.5416 0
358 -2.5431 0
1948 -2.5446 0
242 -2.5479 0
538 -2.5494 0
239 -2.5501 0
1233 -2.5565 0
1096 -2.5584 0
1227 -2.5590 0
480 -2.5607 0
1776 -2.5620 0
428 -2.5625 0
832 -2.5648 0
1668 -2.5666 0
1107 -2.5693 0
1017 -2.5702 0
1446 -2.5834 0
757 -2.5850 0
1022 -2.5865 0
306 -2.5895 0
975 -2.5919 0
1123 -2.5925 0
1452 -2.5930 0
616 -2.5931 0
1310 -2.6041 0
516 -2.6075 0
1336 -2.6076 0
1615 -2.6085 0
1509 -2.6092 0
877 -2.6137 0
1342 -2.6167 0
989 -2.6184 0
478 -2.6205 0
631 -2.6223 0
1579 -2.6238 0
1589 -2.6338 0
1471 -2.6350 0
502 -2.6381 0
1490 -2.6435 0
960 -2.6469 0
378 -2.6501 0
1423 -2.6531 0
1167 -2.6536 0
1218 -2.6595 0
24 -2.6636 0
1649 -2.6709 0
1410 -2.6737 0
1124 -2.6861 0
353 -2.6888 0
1040 -2.7054 0
848 -2.7089 0
742 -2.7092 0
1565 -2.7116 0
1555 -2.7172 0
1292 -2.7183 0
373 -2.7262 0
835 -2.7306 0
661 -2.7409 0
1536 -2.7436 0
1412 -2.7496 0
1538 -2.7555 0
1212 -2.7572 0
1581 -2.7584 0
1266 -2.7587 0
1602 -2.7611 0
797 -2.7690 0
759 -2.7745 0
40 -2.7785 0
1655 -2.7851 0
654 -2.7946 0
1919 -2.8015 0
1796 -2.8045 0
506 -2.8082 0
1513 -2.8176 0
1426 -2.8201 0
1567 -2.8216 0
1713 -2.8262 0
214 -2.8281 0
663 -2.8326 0
618 -2.8374 0
1636 -2.8447 0
909 -2.8469 0
462 -2.8481 0
544 -2.8490 0
1637 -2.8530 0
25 -2.8574 0
497 -2.8845 0
852 -2.8873 0
1526 -2.8899 0
1195 -2.8914 0
999 -2.8927 0
857 -2.8946 0
774 -2.8970 0
542 -2.9008 0
988 -2.9041 0
169 -2.9058 0
1207 -2.9134 0
320 -2.9186 0
1542 -2.9226 0
1992 -2.9255 0
805 -2.9260 0
914 -2.9280 0
866 -2.9341 0
1652 -2.9413 0
1937 -2.9417 0
342 -2.9436 0
368 -2.9440 0
1061 -2.9474 0
785 -2.9550 0
778 -2.9580 0
1307 -2.9642 0
349 -2.9651 0
1626 -2.9733 0
1474 -2.9736 0
482 -2.9737 0
4 -2.9741 0
1076 -2.9808 0
981 -2.9821 0
1962 -2.9870 0
1201 -2.9897 0
993 -2.9953 0
523 -3.0029 0
1667 -3.0038 0
1845 -3.0067 0
1370 -3.0069 0
47 -3.0074 0
1133 -3.0083 0
1630 -3.0101 0
314 -3.0154 0
512 -3.0311 0
1561 -3.0347 0
1442 -3.0401 0
798 -3.0447 0
382 -3.0461 0
712 -3.0466 0
1205 -3.0472 0
1532 -3.0504 0
350 -3.0526 0
1045 -3.0538 0
1582 -3.0540 0
1049 -3.0576 0
1546 -3.0616 0
1354 -3.0679 0
1774 -3.0707 0
1531 -3.0711 0
1320 -3.0755 0
1522 -3.0797 0
1025 -3.0802 0
894 -3.0825 0
933 -3.0860 0
1755 -3.0892 0
932 -3.0923 0
500 -3.1175 0
1062 -3.1236 0
5 -3.1237 0
1280 -3.1303 0
1237 -3.1321 0
1623 -3.1345 0
930 -3.1398 0
1570 -3.1490 0
1383 -3.1527 0
1349 -3.1530 0
723 -3.1553 0
68 -3.1562 0
1340 -3.1602 0
891 -3.1680 0
1385 -3.1725 0
828 -3.1734 0
707 -3.1738 0
1766 -3.1772 0
1883 -3.1847 0
812 -3.1862 0
1502 -3.1882 0
1392 -3.1899 0
898 -3.1901 0
1496 -3.1942 0
1136 -3.2022 0
1265 -3.2034 0
1465 -3.2150 0
1418 -3.2157 0
335 -3.2160 0
133 -3.2172 0
1770 -3.2195 0
762 -3.2259 0
997 -3.2296 0
526 -3.2302 0
244 -3.2322 0
1447 -3.2338 0
738 -3.2355 0
1282 -3.2365 0
1610 -3.2406 0
1530 -3.2424 0
862 -3.2509 0
1275 -3.2542 0
775 -3.2542 0
815 -3.2543 0
753 -3.2566 0
413 -3.2578 0
1309 -3.2656 0
1361 -3.2687 0
1908 -3.2689 0
940 -3.2808 0
980 -3.2907 0
1433 -3.2927 0
801 -3.2956 0
973 -3.3016 0
906 -3.3164 0
809 -3.3176 0
44 -3.3300 0
1278 -3.3302 0
1617 -3.3320 0
705 -3.3331 0
1430 -3.3343 0
1366 -3.3377 0
807 -3.3394 0
767 -3.3426 0
387 -3.3552 0
201 -3.3579 0
826 -3.3587 0
1328 -3.3594 0
1658 -3.3660 0
977 -3.3765 0
1529 -3.3772 0
496 -3.3813 0
1081 -3.3821 0
621 -3.3873 0
1905 -3.3879 0
1091 -3.3908 0
489 -3.3959 0
1344 -3.4007 0
446 -3.4022 0
71 -3.4081 0
1206 -3.4181 0
362 -3.4187 0
1273 -3.4214 0
1299 -3.4267 0
779 -3.4273 0
1234 -3.4276 0
875 -3.4367 0
1259 -3.4371 0
863 -3.4431 0
883 -3.4434 0
1304 -3.4466 0
1777 -3.4467 0
697 -3.4472 0
668 -3.4486 0
355 -3.4526 0
207 -3.4567 0
853 -3.4567 0
1316 -3.4575 0
1544 -3.4620 0
1422 -3.4716 0
505 -3.4731 0
379 -3.4771 0
1670 -3.4900 0
1464 -3.4914 0
970 -3.4947 0
1345 -3.4996 0
476 -3.5054 0
468 -3.5055 0
657 -3.5087 0
1449 -3.5151 0
1584 -3.5157 0
1026 -3.5261 0
884 -3.5276 0
433 -3.5284 0
1244 -3.5294 0
1098 -3.5318 0
1504 -3.5501 0
410 -3.5515 0
673 -3.5571 0
474 -3.5582 0
954 -3.5636 0
1324 -3.5641 0
1599 -3.5839 0
1041 -3.5843 0
1497 -3.5878 0
224 -3.5925 0
370 -3.5950 0
1439 -3.5967 0
354 -3.6035 0
823 -3.6053 0
1499 -3.6062 0
888 -3.6075 0
14 -3.6076 0
1127 -3.6237 0
1138 -3.6367 0
998 -3.6378 0
885 -3.6507 0
1248 -3.6526 0
1419 -3.6539 0
1403 -3.6622 0
525 -3.6622 0
1317 -3.6644 0
856 -3.6691 0
1252 -3.6721 0
770 -3.6724 0
1168 -3.6732 0
1783 -3.6766 0
528 -3.6774 0
780 -3.6941 0
992 -3.7004 0
855 -3.7014 0
890 -3.7043 0
1420 -3.7141 0
820 -3.7237 0
1500 -3.7343 0
1699 -3.7360 0
458 -3.7430 0
1294 -3.7473 0
878 -3.7504 0
1560 -3.7536 0
864 -3.7739 0
1027 -3.7754 0
1172 -3.7757 0
1656 -3.7768 0
1650 -3.7778 0
1635 -3.7874 0
1010 -3.7883 0
1083 -3.7901 0
1451 -3.7947 0
1406 -3.7954 0
967 -3.8027 0
919 -3.8072 0
1089 -3.8155 0
1038 -3.8185 0
1682 -3.8208 0
426 -3.8212 0
1566 -3.8383 0
678 -3.8394 0
1527 -3.8429 0
1559 -3.8441 0
504 -3.8445 0
781 -3.8487 0
1838 -3.8539 0
517 -3.8696 0
787 -3.8723 0
982 -3.8735 0
1552 -3.8763 0
371 -3.8775 0
1146 -3.8890 0
1288 -3.8931 0
1523 -3.8965 0
1005 -3.9081 0
432 -3.9202 0
872 -3.9251 0
1453 -3.9260 0
240 -3.9286 0
1751 -3.9302 0
1455 -3.9330 0
1421 -3.9346 0
360 -3.9445 0
653 -3.9534 0
1188 -3.9568 0
689 -3.9584 0
518 -3.9611 0
507 -3.9640 0
1343 -3.9676 0
847 -3.9733 0
672 -3.9736 0
1297 -3.9870 0
465 -3.9910 0
709 -4.0009 0
1333 -4.0160 0
943 -4.0239 0
1591 -4.0284 0
1469 -4.0392 0
1472 -4.0490 0
1414 -4.0517 0
1084 -4.0527 0
547 -4.0544 0
332 -4.0619 0
671 -4.0636 0
548 -4.0653 0
1480 -4.0662 0
765 -4.0691 0
1381 -4.0795 0
1391 -4.0945 0
1674 -4.0987 0
746 -4.0997 0
12 -4.1214 0
987 -4.1315 0
811 -4.1353 0
766 -4.1359 0
928 -4.1380 0
1348 -4.1398 0
911 -4.1455 0
873 -4.1474 0
1145 -4.1495 0
391 -4.1521 0
904 -4.1538 0
167 -4.1709 0
1501 -4.1728 0
1441 -4.1749 0
1261 -4.1758 0
1276 -4.1853 0
1787 -4.1941 0
1695 -4.1967 0
200 -4.1986 0
957 -4.2018 0
1028 -4.2018 0
903 -4.2020 0
688 -4.2117 0
1696 -4.2179 0
1396 -4.2271 0
1588 -4.2279 0
1521 -4.2305 0
346 -4.2353 0
1372 -4.2379 0
675 -4.2394 0
1254 -4.2397 0
1444 -4.2499 0
858 -4.2542 0
1524 -4.2646 0
769 -4.2655 0
1389 -4.2657 0
1648 -4.2694 0
796 -4.2750 0
1365 -4.2802 0
1639 -4.2808 0
1799 -4.2817 0
1428 -4.2842 0
1438 -4.2946 0
1367 -4.2952 0
1681 -4.2971 0
1277 -4.2975 0
437 -4.3011 0
1435 -4.3062 0
1629 -4.3129 0
1264 -4.3146 0
791 -4.3182 0
924 -4.3236 0
1036 -4.3446 0
1223 -4.3522 0
1463 -4.3581 0
1004 -4.3583 0
1121 -4.3585 0
1219 -4.3676 0
985 -4.3762 0
1382 -4.3846 0
1373 -4.3903 0
1375 -4.3908 0
1528 -4.3932 0
1070 -4.3932 0
1429 -4.4177 0
1058 -4.4180 0
1020 -4.4198 0
1736 -4.4213 0
546 -4.4216 0
666 -4.4293 0
1242 -4.4305 0
664 -4.4359 0
1394 -4.4413 0
457 -4.4416 0
1611 -4.4513 0
1177 -4.4620 0
311 -4.4661 0
1255 -4.4694 0
477 -4.4719 0
492 -4.4727 0
1339 -4.4833 0
756 -4.4843 0
1470 -4.4934 0
1270 -4.4938 0
694 -4.5017 0
1159 -4.5139 0
1481 -4.5201 0
1609 -4.5322 0
324 -4.5346 0
1018 -4.5406 0
1659 -4.5450 0
799 -4.5475 0
1063 -4.5481 0
1401 -4.5505 0
1692 -4.5515 0
304 -4.5540 0
1633 -4.5561 0
1468 -4.5570 0
1240 -4.5639 0
825 -4.5667 0
376 -4.5731 0
854 -4.5742 0
470 -4.5756 0
1492 -4.5804 0
1363 -4.5807 0
693 -4.5862 0
340 -4.5997 0
241 -4.6016 0
1253 -4.6034 0
1060 -4.6146 0
303 -4.6394 0
1409 -4.6405 0
1263 -4.6446 0
1676 -4.6511 0
652 -4.6537 0
1647 -4.6548 0
685 -4.6604 0
656 -4.6660 0
1019 -4.6679 0
1209 -4.6691 0
316 -4.6716 0
958 -4.6887 0
1357 -4.6982 0
1166 -4.7037 0
846 -4.7057 0
1520 -4.7133 0
1595 -4.7149 0
419 -4.7196 0
453 -4.7233 0
1576 -4.7234 0
1384 -4.7234 0
750 -4.7310 0
871 -4.7421 0
1364 -4.7425 0
1448 -4.7429 0
696 -4.7464 0
537 -4.7494 0
677 -4.7631 0
1271 -4.7673 0
1260 -4.7692 0
1548 -4.7772 0
1462 -4.7884 0
1262 -4.7917 0
1605 -4.7960 0
519 -4.7991 0
1631 -4.7998 0
803 -4.8086 0
1657 -4.8115 0
1612 -4.8229 0
1229 -4.8408 0
806 -4.8420 0
1417 -4.8460 0
680 -4.8486 0
1012 -4.8495 0
1071 -4.8541 0
1204 -4.8545 0
662 -4.8597 0
1072 -4.8604 0
1587 -4.8786 0
1690 -4.8831 0
1443 -4.8867 0
1039 -4.8929 0
1537 -4.9033 0
1594 -4.9224 0
377 -4.9226 0
994 -4.9304 0
1498 -4.9407 0
1687 -4.9447 0
1055 -4.9599 0
1371 -4.9758 0
1597 -4.9798 0
1691 -4.9822 0
1440 -4.9834 0
1407 -4.9946 0
1067 -4.9946 0
565 -4.9957 0
1638 -4.9960 0
1563 -5.0133 0
1225 -5.0221 0
784 -5.0301 0
308 -5.0334 0
1573 -5.0402 0
501 -5.0516 0
309 -5.0576 0
665 -5.0883 0
808 -5.0895 0
761 -5.0922 0
1075 -5.1018 0
1512 -5.1118 0
650 -5.1259 0
300 -5.1324 0
1653 -5.1400 0
691 -5.1436 0
1400 -5.1628 0
1399 -5.1791 0
1991 -5.1845 0
1360 -5.1860 0
1134 -5.1866 0
788 -5.1868 0
1362 -5.1908 0
1118 -5.1923 0
487 -5.2181 0
533 -5.2238 0
1080 -5.2250 0
1413 -5.2303 0
1313 -5.2433 0
659 -5.2587 0
449 -5.2588 0
1870 -5.2756 0
532 -5.2880 0
867 -5.2888 0
1479 -5.2995 0
1686 -5.3150 0
420 -5.3169 0
1355 -5.3170 0
1593 -5.3184 0
732 -5.3214 0
1064 -5.3313 0
1295 -5.3637 0
786 -5.3655 0
1249 -5.3766 0
1607 -5.3855 0
1616 -5.3885 0
1085 -5.3890 0
802 -5.4006 0
1358 -5.4155 0
1291 -5.4224 0
772 -5.4226 0
1079 -5.4329 0
348 -5.4427 0
893 -5.4506 0
1224 -5.4533 0
751 -5.4538 0
955 -5.4541 0
323 -5.4606 0
1093 -5.5168 0
1286 -5.5235 0
633 -5.5251 0
445 -5.5309 0
2 -5.5375 0
1569 -5.5497 0
1551 -5.5603 0
1683 -5.5867 0
869 -5.6016 0
469 -5.6030 0
1293 -5.6280 0
325 -5.6318 0
881 -5.6508 0
1386 -5.6606 0
1458 -5.6686 0
1378 -5.6713 0
1484 -5.6910 0
733 -5.7083 0
1568 -5.7132 0
1673 -5.7182 0
754 -5.7396 0
1415 -5.7881 0
1221 -5.8024 0
1395 -5.8033 0
1562 -5.8202 0
514 -5.8397 0
510 -5.8470 0
1662 -5.8693 0
535 -5.8941 0
1677 -5.9000 0
524 -5.9226 0
408 -5.9272 0
1459 -5.9505 0
1296 -5.9521 0
1425 -5.9608 0
1689 -5.9965 0
1518 -6.0213 0
1047 -6.0277 0
431 -6.0527 0
684 -6.0708 0
328 -6.0785 0
343 -6.0788 0
434 -6.1031 0
817 -6.1447 0
1289 -6.1513 0
1431 -6.1623 0
950 -6.1658 0
318 -6.1733 0
1353 -6.1977 0
1547 -6.2030 0
467 -6.2114 0
1099 -6.2142 0
1456 -6.2273 0
1008 -6.2309 0
301 -6.2494 0
1238 -6.2640 0
1460 -6.2702 0
821 -6.2809 0
1003 -6.2820 0
676 -6.2876 0
1157 -6.3124 0
1147 -6.3548 0
326 -6.3678 0
1279 -6.3732 0
1298 -6.3822 0
1941 -6.3907 0
1494 -6.3919 0
1461 -6.3968 0
655 -6.3994 0
1000 -6.4137 0
1487 -6.4255 0
479 -6.4319 0
1284 -6.4398 0
1095 -6.5476 0
1287 -6.5552 0
317 -6.5563 0
334 -6.5745 0
1543 -6.5965 0
1011 -6.5969 0
804 -6.6230 0
312 -6.6295 0
1009 -6.6778 0
1269 -6.7059 0
1478 -6.7196 0
1274 -6.7422 0
882 -6.7424 0
1268 -6.7454 0
752 -6.8002 0
1350 -6.8100 0
1475 -6.8285 0
874 -6.8628 0
1402 -6.8667 0
329 -6.8728 0
768 -6.8752 0
1693 -6.8886 0
319 -6.9037 0
452 -6.9160 0
1654 -6.9168 0
1485 -6.9624 0
1090 -6.9935 0
1550 -6.9938 0
1510 -7.0127 0
1374 -7.0233 0
1380 -7.0312 0
322 -7.0339 0
1369 -7.0424 0
1190 -7.0736 0
345 -7.1121 0
1388 -7.1212 0
1030 -7.1218 0
1482 -7.1389 0
1614 -7.1900 0
1359 -7.1937 0
522 -7.2498 0
1476 -7.2992 0
1495 -7.3535 0
879 -7.3608 0
1272 -7.4144 0
1671 -7.6108 0
315 -7.6383 0
658 -7.7576 0
361 -7.7856 0
1368 -7.8867 0
1007 -7.9462 0
327 -7.9499 0
1283 -7.9800 0
1473 -7.9837 0
690 -8.0702 0
758 -8.0758 0
1398 -8.1355 0
521 -8.1714 0
1450 -8.2701 0
1351 -8.4430 0
1337 -8.5989 0
670 -9.0172 0
1258 -9.5479 0
302 -9.8316 0
1251 -9.9786 0
