302 29.8304 1
322 27.6381 1
315 24.6590 1
329 22.7521 1
325 20.1552 1
318 19.9425 1
319 19.3639 1
321 17.5933 1
317 15.9141 1
301 15.3865 1
326 14.6465 1
310 14.6405 1
324 14.3273 1
316 13.4083 1
343 13.3262 1
344 13.0851 1
303 12.9985 1
332 12.9792 1
348 12.9581 1
1147 12.5145 0
328 12.3610 1
510 12.1920 0
312 11.5681 1
549 11.2836 0
422 11.2630 0
771 11.0379 0
1303 11.0154 0
323 10.9466 1
300 10.8028 1
336 10.7815 1
1104 10.5893 0
477 10.4360 0
1683 10.0662 0
872 9.9624 0
340 9.9554 1
1340 9.7518 0
1174 9.6093 0
330 9.6073 1
690 9.5447 0
1000 9.3241 0
345 9.2205 1
1132 8.9419 0
1384 8.8819 0
1697 8.8160 0
624 8.7416 0
1225 8.7386 0
335 8.7291 1
1270 8.5804 0
334 8.3533 1
36 8.2912 0
1345 8.2554 0
1242 8.0677 0
1364 7.9711 0
788 7.9408 0
616 7.9253 0
1171 7.9133 0
478 7.8742 0
1137 7.8257 0
1302 7.7173 0
507 7.5344 0
1332 7.5318 0
501 7.4661 0
1136 7.3558 0
320 7.3132 1
349 7.2577 1
799 7.2348 0
890 7.1591 0
697 7.1289 0
763 7.1024 0
649 7.0905 0
1140 7.0414 0
505 6.8953 0
1375 6.8596 0
1020 6.8295 0
341 6.8252 1
489 6.8111 0
877 6.7973 0
1146 6.7410 0
879 6.7058 0
327 6.6433 1
1368 6.6266 0
910 6.6260 0
873 6.5850 0
1357 6.5079 0
518 6.4572 0
609 6.4261 0
1190 6.3895 0
1304 6.3655 0
1658 6.3619 0
1099 6.2989 0
878 6.1625 0
868 6.1416 0
543 6.1328 0
1028 6.1212 0
1101 6.0417 0
533 6.0217 0
884 6.0176 0
889 6.0149 0
1991 5.9904 0
1685 5.9557 0
761 5.9542 0
658 5.9412 0
895 5.8992 0
642 5.8704 0
539 5.8546 0
1343 5.8545 0
954 5.8518 0
1358 5.7905 0
373 5.7589 0
544 5.7505 0
853 5.7130 0
512 5.6945 0
536 5.6859 0
1108 5.6540 0
1490 5.6443 0
834 5.6337 0
497 5.6150 0
313 5.5790 1
1434 5.5728 0
514 5.5233 0
815 5.5064 0
870 5.5056 0
516 5.5025 0
1351 5.4514 0
468 5.4453 0
1122 5.3910 0
304 5.3734 1
1439 5.3721 0
579 5.3685 0
1344 5.3551 0
791 5.3476 0
662 5.3464 0
1085 5.3395 0
1430 5.3278 0
882 5.2748 0
1387 5.2169 0
361 5.1908 0
487 5.1721 0
689 5.1668 0
1388 5.1640 0
538 5.1540 0
783 5.1456 0
1361 5.1339 0
827 5.1303 0
475 5.1200 0
1564 5.1193 0
1904 5.1004 0
331 5.0899 1
762 5.0893 0
732 5.0652 0
1308 5.0589 0
638 5.0546 0
1395 5.0328 0
314 5.0267 1
524 5.0231 0
1315 5.0142 0
339 5.0133 1
311 5.0104 1
526 4.9806 0
1349 4.9565 0
490 4.9433 0
1417 4.9398 0
781 4.9297 0
1575 4.9252 0
600 4.8760 0
1025 4.8723 0
1346 4.8658 0
495 4.8653 0
1318 4.8623 0
1134 4.8443 0
900 4.8330 0
637 4.8330 0
694 4.8261 0
1133 4.8186 0
639 4.7943 0
894 4.7584 0
1301 4.7408 0
546 4.7346 0
770 4.7244 0
565 4.7224 0
520 4.7127 0
1100 4.7088 0
1394 4.6984 0
1392 4.6926 0
1219 4.6731 0
1614 4.6675 0
1015 4.6451 0
1317 4.6424 0
1501 4.6341 0
782 4.6248 0
540 4.6130 0
1400 4.5960 0
519 4.5841 0
1118 4.5779 0
772 4.5753 0
1300 4.5683 0
431 4.5287 0
903 4.5256 0
1336 4.5227 0
1651 4.5213 0
854 4.5184 0
1334 4.5138 0
40 4.5077 0
1321 4.4752 0
1180 4.4722 0
1102 4.4661 0
750 4.4401 0
904 4.4217 0
480 4.4152 0
861 4.4091 0
631 4.4041 0
450 4.4001 0
852 4.3802 0
2 4.3547 0
307 4.3359 1
494 4.3330 0
502 4.3219 0
337 4.3120 1
999 4.3061 0
677 4.3049 0
1075 4.3031 0
803 4.2990 0
467 4.2935 0
1084 4.2714 0
1968 4.2504 0
891 4.2332 0
347 4.2251 1
542 4.2244 0
1067 4.2139 0
1155 4.2027 0
1787 4.1869 0
1267 4.1522 0
789 4.1516 0
47 4.1488 0
1109 4.1301 0
1323 4.1222 0
541 4.1218 0
1040 4.0999 0
1058 4.0955 0
618 4.0912 0
589 4.0626 0
604 4.0542 0
1215 4.0418 0
780 4.0291 0
977 4.0280 0
1125 4.0251 0
1184 4.0189 0
1710 4.0171 0
547 3.9946 0
1305 3.9906 0
1930 3.9727 0
1119 3.9678 0
1799 3.9642 0
1111 3.9427 0
892 3.9418 0
1687 3.9114 0
1092 3.8915 0
883 3.8814 0
530 3.8770 0
473 3.8708 0
1393 3.8439 0
305 3.8427 1
1296 3.8400 0
1248 3.8393 0
841 3.8320 0
1115 3.8296 0
470 3.8253 0
1244 3.8143 0
517 3.8141 0
796 3.7881 0
1347 3.7773 0
106 3.7732 0
1386 3.7574 0
496 3.7531 0
786 3.7523 0
758 3.7502 0
740 3.7396 0
471 3.7208 0
25 3.6709 0
1135 3.6660 0
1359 3.6468 0
346 3.6403 1
1203 3.6380 0
679 3.6147 0
1374 3.5886 0
1654 3.5823 0
1376 3.5808 0
48 3.5782 0
1173 3.5756 0
1120 3.5660 0
1659 3.5604 0
760 3.5603 0
1324 3.5586 0
155 3.5535 0
235 3.5490 0
695 3.5473 0
1453 3.5472 0
1166 3.5357 0
1022 3.5353 0
863 3.5256 0
1065 3.5213 0
1249 3.4980 0
1441 3.4975 0
1103 3.4867 0
1751 3.4764 0
1500 3.4689 0
499 3.4635 0
1660 3.4598 0
1259 3.4532 0
1663 3.4530 0
1604 3.4528 0
1682 3.4487 0
1667 3.4377 0
1072 3.4333 0
308 3.4226 1
669 3.4205 0
1194 3.4179 0
864 3.4053 0
951 3.3982 0
1923 3.3976 0
1328 3.3970 0
534 3.3924 0
607 3.3773 0
1291 3.3626 0
1632 3.3450 0
1369 3.3441 0
1186 3.3397 0
1610 3.3397 0
1262 3.3367 0
522 3.3337 0
1266 3.3312 0
472 3.3237 0
1275 3.3205 0
1254 3.3205 0
1692 3.2980 0
885 3.2910 0
1407 3.2852 0
1071 3.2697 0
486 3.2677 0
1411 3.2588 0
1185 3.2359 0
342 3.2302 1
1695 3.2221 0
506 3.2177 0
1285 3.2147 0
1033 3.1941 0
1380 3.1801 0
768 3.1799 0
670 3.1777 0
1445 3.1629 0
657 3.1626 0
880 3.1607 0
44 3.1588 0
947 3.1574 0
795 3.1528 0
369 3.1404 0
1485 3.1369 0
874 3.1346 0
659 3.1337 0
1121 3.1273 0
453 3.1206 0
1333 3.1074 0
1373 3.1030 0
846 3.0988 0
1903 3.0963 0
684 3.0923 0
1314 3.0917 0
1167 3.0836 0
178 3.0817 0
1644 3.0769 0
765 3.0742 0
3 3.0723 0
1212 3.0671 0
893 3.0549 0
1145 3.0498 0
813 3.0484 0
1391 3.0342 0
1462 3.0290 0
584 3.0284 0
709 3.0279 0
1232 3.0217 0
1432 3.0211 0
1406 3.0195 0
59 3.0097 0
1646 3.0044 0
1073 3.0029 0
1689 3.0024 0
1958 3.0006 0
452 2.9950 0
1665 2.9894 0
578 2.9727 0
1766 2.9662 0
1206 2.9443 0
1038 2.9369 0
1555 2.9100 0
953 2.9097 0
1080 2.9071 0
1664 2.8986 0
513 2.8797 0
1265 2.8792 0
531 2.8728 0
437 2.8706 0
103 2.8693 0
778 2.8660 0
1222 2.8594 0
1263 2.8443 0
817 2.8297 0
509 2.8258 0
1691 2.8242 0
400 2.8122 0
274 2.8025 0
1365 2.7974 0
1366 2.7953 0
333 2.7946 1
835 2.7896 0
1478 2.7851 0
1124 2.7819 0
736 2.7769 0
1217 2.7645 0
754 2.7528 0
291 2.7431 0
1921 2.7403 0
253 2.7345 0
785 2.7242 0
1127 2.7204 0
1484 2.7133 0
1330 2.7009 0
1674 2.6853 0
814 2.6764 0
928 2.6699 0
1223 2.6623 0
1264 2.6594 0
299 2.6586 0
794 2.6534 0
1210 2.6519 0
961 2.6518 0
535 2.6446 0
1396 2.6396 0
1204 2.6385 0
460 2.6342 0
465 2.6244 0
1440 2.6188 0
1418 2.6002 0
985 2.5941 0
525 2.5867 0
1280 2.5864 0
1645 2.5849 0
994 2.5759 0
1055 2.5579 0
598 2.5561 0
511 2.5561 0
766 2.5462 0
1608 2.5456 0
1297 2.5452 0
1307 2.5130 0
876 2.5096 0
968 2.5084 0
672 2.5011 0
1045 2.4965 0
168 2.4922 0
1908 2.4844 0
1095 2.4819 0
1128 2.4792 0
1429 2.4768 0
236 2.4750 0
127 2.4619 0
1631 2.4599 0
218 2.4549 0
1929 2.4529 0
1179 2.4524 0
621 2.4461 0
137 2.4428 0
663 2.4357 0
1449 2.4355 0
611 2.4336 0
1607 2.4291 0
1255 2.4267 0
867 2.4187 0
688 2.4154 0
1508 2.4003 0
1039 2.4002 0
1678 2.3976 0
1496 2.3940 0
925 2.3931 0
1459 2.3914 0
1401 2.3861 0
1034 2.3835 0
1719 2.3810 0
1234 2.3796 0
923 2.3761 0
1676 2.3717 0
350 2.3716 0
225 2.3713 0
1062 2.3681 0
1091 2.3678 0
1126 2.3596 0
1688 2.3566 0
858 2.3526 0
1649 2.3499 0
1003 2.3426 0
1310 2.3265 0
364 2.3238 0
1282 2.3169 0
797 2.2969 0
425 2.2937 0
1670 2.2882 0
580 2.2882 0
930 2.2877 0
479 2.2856 0
1966 2.2834 0
1942 2.2818 0
359 2.2794 0
1937 2.2791 0
1405 2.2686 0
306 2.2622 1
557 2.2496 0
251 2.2472 0
1153 2.2389 0
811 2.2388 0
865 2.2293 0
537 2.2225 0
804 2.2184 0
1870 2.2174 0
887 2.2168 0
1992 2.2106 0
426 2.2097 0
944 2.2082 0
1089 2.2039 0
1914 2.2030 0
1494 2.1997 0
849 2.1994 0
957 2.1923 0
1783 2.1903 0
414 2.1888 0
50 2.1586 0
777 2.1525 0
1438 2.1414 0
459 2.1412 0
1326 2.1361 0
1130 2.1318 0
1356 2.1259 0
1912 2.1235 0
1409 2.1219 0
809 2.1180 0
1675 2.1147 0
1377 2.1132 0
1956 2.1068 0
664 2.1064 0
376 2.1043 0
798 2.1001 0
1309 2.0940 0
1363 2.0882 0
1542 2.0874 0
1399 2.0786 0
462 2.0760 0
1661 2.0507 0
458 2.0504 0
277 2.0336 0
1207 2.0323 0
602 2.0307 0
851 2.0244 0
152 2.0115 0
1941 2.0096 0
1049 2.0078 0
1410 2.0000 0
886 1.9995 0
558 1.9995 0
1031 1.9894 0
224 1.9863 0
1505 1.9855 0
1483 1.9683 0
521 1.9644 0
1337 1.9580 0
248 1.9504 0
126 1.9440 0
1354 1.9399 0
567 1.9352 0
855 1.9322 0
1883 1.9319 0
757 1.9259 0
523 1.9209 0
687 1.9174 0
492 1.9171 0
120 1.9079 0
1316 1.9063 0
133 1.9044 0
110 1.9043 0
719 1.9043 0
1953 1.9018 0
773 1.8971 0
1390 1.8967 0
289 1.8941 0
498 1.8878 0
897 1.8845 0
756 1.8837 0
372 1.8814 0
223 1.8788 0
1086 1.8654 0
309 1.8612 1
693 1.8601 0
617 1.8574 0
1580 1.8506 0
812 1.8490 0
806 1.8472 0
1519 1.8436 0
1093 1.8417 0
640 1.8216 0
1498 1.8192 0
759 1.8023 0
1313 1.8009 0
655 1.7930 0
774 1.7809 0
1789 1.7801 0
1218 1.7796 0
1107 1.7785 0
474 1.7760 0
996 1.7759 0
1060 1.7753 0
1209 1.7752 0
1061 1.7725 0
1603 1.7711 0
1673 1.7665 0
722 1.7656 0
1461 1.7635 0
1917 1.7566 0
801 1.7536 0
1106 1.7459 0
856 1.7399 0
691 1.7388 0
787 1.7347 0
1227 1.7267 0
366 1.7250 0
859 1.7226 0
112 1.7168 0
232 1.7081 0
1352 1.7018 0
914 1.6844 0
1131 1.6779 0
219 1.6602 0
1489 1.6514 0
931 1.6271 0
1029 1.6237 0
751 1.6234 0
1271 1.6224 0
1752 1.6125 0
805 1.6019 0
1548 1.6002 0
652 1.5976 0
1935 1.5888 0
1141 1.5874 0
625 1.5865 0
527 1.5861 0
360 1.5835 0
1655 1.5778 0
1191 1.5739 0
1241 1.5665 0
1905 1.5607 0
1319 1.5534 0
107 1.5512 0
1213 1.5476 0
156 1.5466 0
646 1.5440 0
1466 1.5435 0
432 1.5429 0
1413 1.5422 0
1094 1.5411 0
1088 1.5365 0
384 1.5264 0
1253 1.5209 0
675 1.5139 0
738 1.5104 0
182 1.5055 0
767 1.5033 0
1243 1.5027 0
1776 1.5007 0
385 1.4917 0
857 1.4874 0
1024 1.4837 0
249 1.4740 0
1014 1.4724 0
784 1.4686 0
1052 1.4556 0
881 1.4542 0
1726 1.4534 0
696 1.4494 0
1749 1.4467 0
1952 1.4460 0
601 1.4446 0
753 1.4409 0
927 1.4377 0
504 1.4331 0
1639 1.4321 0
1488 1.4317 0
898 1.4308 0
1619 1.4298 0
1246 1.4283 0
395 1.4231 0
822 1.4225 0
995 1.4212 0
1447 1.4140 0
1633 1.4127 0
1079 1.4109 0
454 1.4071 0
1574 1.4065 0
752 1.3972 0
1479 1.3962 0
9 1.3925 0
730 1.3888 0
1114 1.3844 0
1299 1.3839 0
1057 1.3831 0
1771 1.3778 0
146 1.3761 0
12 1.3724 0
241 1.3655 0
1873 1.3526 0
20 1.3416 0
1936 1.3368 0
258 1.3348 0
1971 1.3266 0
1081 1.3255 0
1342 1.3250 0
1362 1.3230 0
1648 1.3205 0
678 1.3158 0
371 1.3031 0
1096 1.2966 0
1178 1.2919 0
1252 1.2709 0
488 1.2678 0
441 1.2657 0
1382 1.2609 0
129 1.2538 0
1187 1.2532 0
227 1.2531 0
1193 1.2474 0
80 1.2430 0
1149 1.2337 0
456 1.2310 0
819 1.2300 0
634 1.2127 0
1116 1.2107 0
1389 1.2038 0
1909 1.1973 0
816 1.1940 0
262 1.1924 0
660 1.1899 0
829 1.1875 0
1129 1.1869 0
1647 1.1867 0
573 1.1843 0
1208 1.1838 0
769 1.1789 0
1428 1.1788 0
461 1.1701 0
1585 1.1682 0
1845 1.1652 0
1006 1.1546 0
503 1.1479 0
1865 1.1370 0
1520 1.1353 0
1294 1.1347 0
1176 1.1330 0
174 1.1278 0
1925 1.1231 0
850 1.1225 0
545 1.1203 0
869 1.1193 0
1686 1.1189 0
555 1.1138 0
1019 1.1082 0
1468 1.1077 0
1017 1.1061 0
612 1.0939 0
1378 1.0932 0
32 1.0927 0
1372 1.0836 0
860 1.0816 0
1744 1.0697 0
375 1.0687 0
635 1.0652 0
1669 1.0642 0
1237 1.0617 0
1557 1.0482 0
408 1.0474 0
1150 1.0469 0
1513 1.0432 0
1657 1.0328 0
916 1.0278 0
153 1.0234 0
1737 1.0227 0
581 1.0205 0
661 1.0196 0
1070 1.0181 0
1360 1.0151 0
650 1.0067 0
1367 1.0039 0
1320 1.0037 0
681 1.0013 0
1605 1.0010 0
800 0.9989 0
208 0.9969 0
1768 0.9918 0
641 0.9880 0
353 0.9867 0
588 0.9854 0
1684 0.9793 0
1588 0.9777 0
1635 0.9754 0
493 0.9720 0
1642 0.9624 0
500 0.9595 0
552 0.9559 0
1899 0.9540 0
1097 0.9479 0
1967 0.9435 0
204 0.9406 0
802 0.9357 0
729 0.9344 0
1717 0.9326 0
397 0.9310 0
832 0.9293 0
674 0.9198 0
842 0.9183 0
484 0.9181 0
122 0.9107 0
1652 0.8988 0
1148 0.8987 0
1283 0.8979 0
1420 0.8949 0
666 0.8926 0
998 0.8874 0
733 0.8869 0
1980 0.8836 0
81 0.8818 0
956 0.8798 0
1781 0.8753 0
390 0.8741 0
1054 0.8623 0
1995 0.8562 0
1528 0.8521 0
367 0.8446 0
1235 0.8443 0
1913 0.8437 0
94 0.8407 0
559 0.8344 0
1043 0.8333 0
986 0.8309 0
354 0.8203 0
1229 0.8155 0
820 0.8148 0
950 0.8052 0
680 0.8033 0
207 0.7999 0
469 0.7998 0
1012 0.7998 0
246 0.7992 0
1471 0.7970 0
53 0.7954 0
457 0.7911 0
647 0.7888 0
1172 0.7759 0
282 0.7743 0
508 0.7680 0
1881 0.7671 0
1927 0.7655 0
682 0.7592 0
1444 0.7571 0
1048 0.7555 0
264 0.7543 0
1524 0.7528 0
358 0.7475 0
1715 0.7434 0
608 0.7410 0
1672 0.7353 0
614 0.7352 0
93 0.7323 0
967 0.7296 0
1001 0.7197 0
866 0.7121 0
972 0.7071 0
45 0.7052 0
1383 0.6911 0
430 0.6908 0
338 0.6876 1
745 0.6851 0
665 0.6791 0
1769 0.6672 0
1338 0.6665 0
381 0.6659 0
1002 0.6658 0
720 0.6603 0
1404 0.6598 0
1030 0.6579 0
173 0.6558 0
1933 0.6554 0
1707 0.6551 0
826 0.6541 0
1226 0.6541 0
43 0.6515 0
942 0.6439 0
1472 0.6403 0
1628 0.6367 0
1900 0.6363 0
991 0.6314 0
399 0.6295 0
728 0.6236 0
161 0.6105 0
1862 0.6068 0
1919 0.6030 0
240 0.6018 0
1753 0.5989 0
1233 0.5966 0
466 0.5886 0
622 0.5852 0
1932 0.5812 0
1078 0.5799 0
481 0.5762 0
396 0.5705 0
922 0.5705 0
377 0.5689 0
648 0.5626 0
1200 0.5593 0
172 0.5538 0
1211 0.5527 0
1643 0.5466 0
1906 0.5450 0
184 0.5430 0
1239 0.5428 0
1433 0.5346 0
17 0.5309 0
267 0.5268 0
491 0.5165 0
273 0.5145 0
838 0.5119 0
594 0.5083 0
984 0.5033 0
221 0.4974 0
1350 0.4939 0
1714 0.4891 0
839 0.4847 0
1087 0.4777 0
1257 0.4738 0
792 0.4721 0
61 0.4695 0
1969 0.4673 0
974 0.4599 0
610 0.4586 0
1189 0.4572 0
1041 0.4530 0
1866 0.4458 0
104 0.4436 0
275 0.4426 0
656 0.4403 0
888 0.4397 0
1042 0.4396 0
1414 0.4372 0
790 0.4358 0
1736 0.4276 0
1570 0.4259 0
438 0.4212 0
1972 0.4211 0
1650 0.4193 0
1154 0.4169 0
1518 0.4117 0
1341 0.4103 0
1010 0.4028 0
1412 0.4011 0
1123 0.3920 0
1716 0.3899 0
58 0.3898 0
1944 0.3834 0
1888 0.3827 0
1169 0.3798 0
1640 0.3789 0
203 0.3754 0
65 0.3703 0
88 0.3649 0
1138 0.3568 0
1076 0.3549 0
828 0.3549 0
862 0.3533 0
1397 0.3525 0
1408 0.3434 0
1245 0.3373 0
1549 0.3365 0
363 0.3346 0
737 0.3289 0
1139 0.3262 0
1656 0.3156 0
653 0.3058 0
627 0.3021 0
1216 0.2970 0
188 0.2964 0
73 0.2958 0
109 0.2943 0
651 0.2924 0
181 0.2757 0
1214 0.2739 0
1261 0.2684 0
1600 0.2670 0
1940 0.2648 0
1910 0.2641 0
840 0.2640 0
1470 0.2579 0
1424 0.2529 0
1293 0.2516 0
149 0.2438 0
1543 0.2418 0
183 0.2370 0
1960 0.2325 0
1371 0.2312 0
214 0.2300 0
1666 0.2294 0
997 0.2243 0
1066 0.2206 0
1901 0.2156 0
574 0.2128 0
150 0.2105 0
1331 0.2104 0
265 0.2103 0
915 0.2100 0
279 0.2089 0
724 0.2068 0
1511 0.2010 0
1636 0.2000 0
1063 0.1993 0
1161 0.1965 0
1335 0.1945 0
211 0.1940 0
378 0.1854 0
1278 0.1844 0
629 0.1835 0
1192 0.1829 0
1437 0.1696 0
698 0.1685 0
564 0.1653 0
1988 0.1566 0
844 0.1553 0
628 0.1536 0
1924 0.1534 0
1279 0.1477 0
202 0.1463 0
1997 0.1445 0
727 0.1441 0
1077 0.1369 0
1876 0.1331 0
1442 0.1177 0
1112 0.1151 0
983 0.1062 0
603 0.1060 0
1480 0.1055 0
287 0.1017 0
626 0.0971 0
1907 0.0934 0
970 0.0929 0
451 0.0759 0
206 0.0759 0
151 0.0734 0
113 0.0718 0
1162 0.0654 0
1074 0.0627 0
1601 0.0581 0
87 0.0515 0
1538 0.0510 0
973 0.0501 0
1994 0.0476 0
1142 0.0467 0
959 0.0448 0
1677 0.0446 0
1258 0.0401 0
1507 0.0384 0
988 0.0363 0
1947 0.0353 0
1882 0.0349 0
871 0.0348 0
1984 0.0242 0
1068 0.0220 0
705 0.0186 0
1975 0.0185 0
1867 -0.0023 0
708 -0.0051 0
1712 -0.0076 0
1026 -0.0175 0
1475 -0.0234 0
1117 -0.0278 0
962 -0.0305 0
1016 -0.0344 0
1170 -0.0533 0
1983 -0.0584 0
1839 -0.0610 0
464 -0.0620 0
1612 -0.0650 0
1047 -0.0658 0
1306 -0.0670 0
1985 -0.0672 0
1970 -0.0707 0
746 -0.0740 0
5 -0.0812 0
969 -0.0904 0
528 -0.0911 0
1547 -0.0940 0
1426 -0.0956 0
1680 -0.0965 0
1175 -0.1114 0
1236 -0.1137 0
1770 -0.1139 0
1425 -0.1141 0
226 -0.1165 0
483 -0.1178 0
259 -0.1200 0
255 -0.1219 0
764 -0.1314 0
1951 -0.1332 0
382 -0.1351 0
1182 -0.1362 0
280 -0.1378 0
1993 -0.1402 0
278 -0.1455 0
455 -0.1462 0
231 -0.1537 0
1277 -0.1562 0
597 -0.1595 0
123 -0.1629 0
896 -0.1716 0
365 -0.1738 0
1735 -0.1744 0
592 -0.1787 0
1731 -0.1903 0
1950 -0.1908 0
296 -0.1943 0
1590 -0.1950 0
362 -0.1978 0
290 -0.2004 0
1759 -0.2021 0
906 -0.2037 0
1961 -0.2071 0
1491 -0.2087 0
1700 -0.2097 0
875 -0.2098 0
1708 -0.2112 0
1617 -0.2153 0
735 -0.2160 0
118 -0.2164 0
145 -0.2177 0
1165 -0.2195 0
1202 -0.2250 0
1044 -0.2264 0
1976 -0.2265 0
987 -0.2275 0
1250 -0.2307 0
105 -0.2324 0
356 -0.2340 0
1385 -0.2340 0
643 -0.2349 0
1537 -0.2357 0
1353 -0.2359 0
979 -0.2360 0
1339 -0.2380 0
1615 -0.2442 0
926 -0.2507 0
119 -0.2522 0
1581 -0.2545 0
554 -0.2557 0
710 -0.2569 0
1381 -0.2648 0
553 -0.2665 0
1758 -0.2692 0
1854 -0.2719 0
6 -0.2758 0
1979 -0.2773 0
586 -0.2774 0
383 -0.2784 0
144 -0.2862 0
71 -0.2946 0
85 -0.2951 0
1858 -0.3012 0
1064 -0.3058 0
590 -0.3180 0
1611 -0.3180 0
134 -0.3184 0
1928 -0.3193 0
158 -0.3232 0
958 -0.3250 0
685 -0.3268 0
667 -0.3363 0
1807 -0.3367 0
982 -0.3414 0
1856 -0.3418 0
551 -0.3431 0
167 -0.3467 0
1629 -0.3474 0
1777 -0.3643 0
1740 -0.3694 0
1973 -0.3726 0
1857 -0.3746 0
1495 -0.3753 0
712 -0.3789 0
630 -0.3829 0
1594 -0.3843 0
75 -0.3863 0
1205 -0.3869 0
731 -0.3900 0
1877 -0.3927 0
946 -0.4019 0
654 -0.4037 0
1728 -0.4042 0
245 -0.4102 0
1183 -0.4158 0
908 -0.4162 0
1290 -0.4168 0
1251 -0.4174 0
1452 -0.4203 0
1696 -0.4212 0
1379 -0.4217 0
913 -0.4254 0
1348 -0.4263 0
566 -0.4267 0
200 -0.4306 0
1918 -0.4358 0
411 -0.4388 0
419 -0.4390 0
1627 -0.4513 0
561 -0.4514 0
79 -0.4563 0
1370 -0.4651 0
966 -0.4674 0
1036 -0.4674 0
1276 -0.4716 0
485 -0.4800 0
1591 -0.4804 0
1634 -0.4806 0
1476 -0.4833 0
1739 -0.4857 0
1221 -0.4883 0
993 -0.4909 0
847 -0.4910 0
755 -0.4918 0
1325 -0.4919 0
1915 -0.4954 0
1269 -0.4963 0
1690 -0.4969 0
606 -0.5003 0
389 -0.5048 0
1569 -0.5110 0
1986 -0.5203 0
933 -0.5264 0
222 -0.5274 0
1298 -0.5293 0
1595 -0.5356 0
1671 -0.5397 0
198 -0.5504 0
446 -0.5519 0
268 -0.5545 0
1892 -0.5548 0
1540 -0.5556 0
1934 -0.5559 0
1144 -0.5615 0
23 -0.5677 0
379 -0.5726 0
1546 -0.5737 0
1698 -0.5918 0
387 -0.5955 0
615 -0.5965 0
1620 -0.6000 0
213 -0.6012 0
1846 -0.6051 0
1448 -0.6087 0
234 -0.6094 0
582 -0.6095 0
1455 -0.6114 0
1156 -0.6151 0
1996 -0.6180 0
644 -0.6220 0
160 -0.6254 0
252 -0.6275 0
1741 -0.6303 0
1231 -0.6323 0
1497 -0.6343 0
1869 -0.6368 0
1463 -0.6377 0
1990 -0.6383 0
1105 -0.6468 0
941 -0.6484 0
370 -0.6536 0
907 -0.6557 0
1613 -0.6567 0
1693 -0.6574 0
1007 -0.6657 0
1978 -0.6705 0
194 -0.6714 0
1841 -0.6742 0
1662 -0.6763 0
1011 -0.6768 0
82 -0.6797 0
1551 -0.6804 0
449 -0.6818 0
713 -0.6820 0
1312 -0.6832 0
1797 -0.6913 0
1553 -0.6935 0
899 -0.6967 0
952 -0.7018 0
1723 -0.7022 0
830 -0.7027 0
1201 -0.7074 0
89 -0.7075 0
374 -0.7086 0
260 -0.7150 0
1021 -0.7165 0
965 -0.7171 0
1874 -0.7194 0
166 -0.7196 0
1032 -0.7209 0
444 -0.7226 0
148 -0.7242 0
285 -0.7243 0
703 -0.7264 0
1554 -0.7304 0
605 -0.7365 0
228 -0.7438 0
238 -0.7442 0
55 -0.7451 0
1955 -0.7456 0
1948 -0.7464 0
128 -0.7549 0
97 -0.7570 0
1586 -0.7573 0
205 -0.7585 0
271 -0.7603 0
1699 -0.7634 0
428 -0.7648 0
1738 -0.7672 0
1561 -0.7742 0
633 -0.7774 0
1630 -0.7865 0
482 -0.7875 0
1778 -0.7916 0
1477 -0.7919 0
831 -0.7965 0
476 -0.7966 0
1460 -0.7967 0
668 -0.8048 0
1018 -0.8151 0
293 -0.8206 0
68 -0.8207 0
1295 -0.8218 0
1946 -0.8268 0
1181 -0.8288 0
1422 -0.8291 0
1576 -0.8304 0
154 -0.8318 0
237 -0.8351 0
1238 -0.8366 0
1565 -0.8431 0
1521 -0.8435 0
1602 -0.8449 0
776 -0.8450 0
1487 -0.8531 0
1416 -0.8537 0
31 -0.8542 0
352 -0.8549 0
13 -0.8582 0
1945 -0.8587 0
848 -0.8610 0
398 -0.8632 0
256 -0.8674 0
247 -0.8706 0
575 -0.8744 0
976 -0.8794 0
515 -0.8806 0
272 -0.8829 0
945 -0.8872 0
108 -0.8897 0
1790 -0.8976 0
1796 -0.9049 0
140 -0.9069 0
1896 -0.9096 0
1197 -0.9104 0
613 -0.9111 0
195 -0.9122 0
1322 -0.9124 0
1458 -0.9203 0
393 -0.9264 0
1467 -0.9289 0
529 -0.9350 0
424 -0.9351 0
242 -0.9382 0
1745 -0.9429 0
1637 -0.9493 0
955 -0.9517 0
1228 -0.9529 0
187 -0.9530 0
989 -0.9574 0
286 -0.9630 0
824 -0.9638 0
394 -0.9656 0
124 -0.9746 0
912 -0.9755 0
1113 -0.9764 0
919 -0.9968 0
1098 -1.0029 0
1593 -1.0079 0
24 -1.0129 0
1256 -1.0164 0
1989 -1.0297 0
1606 -1.0325 0
403 -1.0410 0
388 -1.0522 0
196 -1.0526 0
254 -1.0620 0
281 -1.0622 0
1922 -1.0633 0
1473 -1.0644 0
1355 -1.0674 0
845 -1.0715 0
1784 -1.0732 0
971 -1.0737 0
263 -1.0743 0
83 -1.0755 0
1964 -1.0763 0
193 -1.0806 0
779 -1.0861 0
1748 -1.0900 0
209 -1.0900 0
1035 -1.0928 0
29 -1.0929 0
963 -1.0940 0
421 -1.0992 0
990 -1.1041 0
351 -1.1041 0
1286 -1.1071 0
30 -1.1116 0
1008 -1.1191 0
1902 -1.1262 0
1916 -1.1327 0
1198 -1.1345 0
717 -1.1363 0
1773 -1.1415 0
1273 -1.1450 0
1431 -1.1515 0
1527 -1.1556 0
201 -1.1560 0
1037 -1.1670 0
1722 -1.1699 0
1826 -1.1738 0
406 -1.1847 0
823 -1.1879 0
1765 -1.1889 0
742 -1.1900 0
1939 -1.1901 0
1711 -1.1931 0
42 -1.1962 0
917 -1.1964 0
793 -1.1988 0
177 -1.2056 0
1813 -1.2068 0
1415 -1.2158 0
818 -1.2176 0
1889 -1.2303 0
368 -1.2342 0
1701 -1.2379 0
95 -1.2388 0
1579 -1.2390 0
380 -1.2399 0
702 -1.2446 0
636 -1.2465 0
199 -1.2471 0
572 -1.2492 0
683 -1.2528 0
1050 -1.2547 0
298 -1.2619 0
1786 -1.2668 0
1545 -1.2691 0
191 -1.2693 0
1926 -1.2702 0
463 -1.2722 0
1959 -1.2742 0
562 -1.2770 0
978 -1.2770 0
391 -1.2902 0
1571 -1.2938 0
1240 -1.2962 0
1943 -1.3065 0
1853 -1.3081 0
216 -1.3137 0
1871 -1.3181 0
960 -1.3263 0
1 -1.3363 0
1963 -1.3380 0
743 -1.3437 0
1163 -1.3441 0
1679 -1.3447 0
1706 -1.3464 0
701 -1.3467 0
1481 -1.3518 0
91 -1.3519 0
157 -1.3581 0
284 -1.3619 0
1402 -1.3665 0
1188 -1.3785 0
443 -1.3842 0
192 -1.3928 0
46 -1.3977 0
992 -1.4004 0
1782 -1.4014 0
1311 -1.4032 0
1224 -1.4047 0
163 -1.4130 0
76 -1.4170 0
676 -1.4208 0
1427 -1.4232 0
21 -1.4240 0
1623 -1.4245 0
292 -1.4306 0
1056 -1.4335 0
266 -1.4353 0
1558 -1.4395 0
77 -1.4404 0
64 -1.4423 0
1568 -1.4428 0
1517 -1.4464 0
1329 -1.4506 0
1443 -1.4546 0
1110 -1.4548 0
1729 -1.4554 0
1618 -1.4564 0
14 -1.4668 0
556 -1.4681 0
585 -1.4701 0
718 -1.4710 0
686 -1.4720 0
418 -1.4728 0
810 -1.4742 0
1962 -1.4803 0
176 -1.4881 0
1931 -1.4945 0
1851 -1.4965 0
1875 -1.4980 0
1023 -1.5018 0
1713 -1.5019 0
1886 -1.5178 0
405 -1.5201 0
1451 -1.5298 0
1013 -1.5301 0
1779 -1.5303 0
932 -1.5358 0
1059 -1.5382 0
1981 -1.5405 0
4 -1.5500 0
1398 -1.5524 0
1898 -1.5526 0
1199 -1.5528 0
1247 -1.5538 0
212 -1.5596 0
837 -1.5633 0
33 -1.5688 0
1469 -1.5702 0
1027 -1.5706 0
35 -1.5750 0
1911 -1.5876 0
749 -1.5898 0
1562 -1.5916 0
620 -1.5927 0
117 -1.5932 0
700 -1.5966 0
1566 -1.5972 0
673 -1.5983 0
808 -1.5997 0
257 -1.6004 0
1597 -1.6031 0
357 -1.6066 0
905 -1.6067 0
1720 -1.6197 0
1272 -1.6225 0
250 -1.6250 0
1474 -1.6279 0
1709 -1.6310 0
1090 -1.6319 0
1457 -1.6342 0
1529 -1.6451 0
294 -1.6542 0
1509 -1.6580 0
929 -1.6595 0
723 -1.6637 0
1522 -1.6689 0
1641 -1.6739 0
1755 -1.6824 0
164 -1.6919 0
1514 -1.6940 0
1694 -1.7065 0
1009 -1.7075 0
1195 -1.7078 0
1288 -1.7087 0
1757 -1.7131 0
1493 -1.7192 0
1292 -1.7193 0
102 -1.7211 0
1482 -1.7258 0
420 -1.7294 0
943 -1.7297 0
570 -1.7368 0
220 -1.7376 0
706 -1.7395 0
1454 -1.7410 0
1456 -1.7471 0
1578 -1.7475 0
1954 -1.7534 0
1268 -1.7534 0
1151 -1.7537 0
386 -1.7558 0
1512 -1.7578 0
295 -1.7668 0
619 -1.7861 0
186 -1.7863 0
1833 -1.8042 0
981 -1.8130 0
1750 -1.8180 0
1920 -1.8273 0
1775 -1.8291 0
1177 -1.8336 0
37 -1.8355 0
138 -1.8373 0
1559 -1.8411 0
1281 -1.8422 0
1705 -1.8455 0
57 -1.8512 0
716 -1.8557 0
189 -1.8592 0
243 -1.8658 0
583 -1.8668 0
1598 -1.8685 0
270 -1.8824 0
571 -1.8847 0
748 -1.8883 0
833 -1.8900 0
1599 -1.8949 0
775 -1.9072 0
1230 -1.9132 0
1046 -1.9182 0
1450 -1.9232 0
447 -1.9268 0
1938 -1.9281 0
1550 -1.9304 0
1761 -1.9315 0
116 -1.9376 0
714 -1.9406 0
1957 -1.9486 0
921 -1.9491 0
1836 -1.9500 0
744 -1.9515 0
392 -1.9529 0
175 -1.9581 0
1051 -1.9667 0
911 -1.9679 0
233 -1.9697 0
1625 -1.9742 0
1486 -1.9818 0
1792 -1.9874 0
1287 -2.0031 0
1532 -2.0070 0
412 -2.0117 0
1530 -2.0212 0
404 -2.0240 0
197 -2.0242 0
825 -2.0283 0
230 -2.0292 0
1083 -2.0320 0
734 -2.0378 0
1730 -2.0410 0
288 -2.0449 0
63 -2.0546 0
671 -2.0755 0
1860 -2.0804 0
692 -2.0809 0
210 -2.0844 0
902 -2.0928 0
78 -2.0955 0
7 -2.0976 0
436 -2.1020 0
99 -2.1049 0
1800 -2.1083 0
1756 -2.1131 0
1626 -2.1159 0
1668 -2.1196 0
239 -2.1252 0
1143 -2.1361 0
132 -2.1416 0
909 -2.1490 0
69 -2.1556 0
924 -2.1579 0
1767 -2.1595 0
269 -2.1685 0
18 -2.1754 0
409 -2.1820 0
170 -2.1846 0
1005 -2.1860 0
726 -2.1887 0
141 -2.1980 0
1743 -2.1983 0
1526 -2.2015 0
1053 -2.2019 0
1774 -2.2071 0
1982 -2.2158 0
1725 -2.2184 0
1747 -2.2184 0
283 -2.2195 0
27 -2.2293 0
1327 -2.2295 0
1158 -2.2332 0
217 -2.2345 0
180 -2.2356 0
1423 -2.2356 0
190 -2.2372 0
1152 -2.2398 0
593 -2.2511 0
595 -2.2584 0
111 -2.2628 0
1703 -2.2671 0
1638 -2.2736 0
948 -2.2738 0
165 -2.2833 0
1082 -2.2942 0
1609 -2.2947 0
8 -2.3008 0
1804 -2.3017 0
1727 -2.3022 0
413 -2.3055 0
131 -2.3089 0
939 -2.3163 0
1535 -2.3267 0
439 -2.3270 0
1732 -2.3279 0
101 -2.3296 0
1733 -2.3313 0
445 -2.3330 0
1624 -2.3365 0
1587 -2.3366 0
1534 -2.3447 0
934 -2.3465 0
229 -2.3472 0
836 -2.3478 0
276 -2.3533 0
975 -2.3553 0
15 -2.3682 0
1220 -2.3742 0
1436 -2.3752 0
1825 -2.3799 0
1573 -2.3812 0
587 -2.3857 0
1828 -2.3892 0
1157 -2.3899 0
568 -2.3918 0
1544 -2.3937 0
1824 -2.4029 0
1702 -2.4031 0
1831 -2.4035 0
1446 -2.4068 0
1284 -2.4112 0
1823 -2.4225 0
560 -2.4249 0
1998 -2.4322 0
179 -2.4364 0
34 -2.4424 0
355 -2.4577 0
10 -2.4976 0
1806 -2.5043 0
72 -2.5070 0
1815 -2.5154 0
1596 -2.5189 0
1788 -2.5299 0
1885 -2.5313 0
980 -2.5348 0
86 -2.5418 0
1746 -2.5428 0
297 -2.5464 0
741 -2.5535 0
843 -2.5611 0
1260 -2.5702 0
807 -2.5784 0
1536 -2.5847 0
1539 -2.5899 0
1572 -2.5917 0
171 -2.5967 0
1887 -2.5972 0
96 -2.5986 0
632 -2.6185 0
215 -2.6212 0
142 -2.6269 0
1965 -2.6365 0
67 -2.6368 0
1552 -2.6510 0
1791 -2.6522 0
159 -2.6526 0
1516 -2.6539 0
935 -2.6585 0
1465 -2.6725 0
1884 -2.6742 0
135 -2.6775 0
1890 -2.6784 0
1718 -2.6855 0
1785 -2.6893 0
130 -2.6921 0
1523 -2.6992 0
52 -2.7197 0
1987 -2.7222 0
1506 -2.7305 0
261 -2.7392 0
918 -2.7490 0
1583 -2.7509 0
16 -2.7571 0
74 -2.7596 0
115 -2.7618 0
162 -2.8067 0
1592 -2.8107 0
1160 -2.8133 0
1515 -2.8146 0
548 -2.8150 0
1847 -2.8222 0
92 -2.8290 0
1004 -2.8321 0
1949 -2.8327 0
100 -2.8349 0
51 -2.8385 0
1794 -2.8416 0
26 -2.8625 0
38 -2.8671 0
416 -2.8685 0
1567 -2.8797 0
704 -2.8834 0
1499 -2.8891 0
1622 -2.8916 0
1653 -2.8942 0
532 -2.8962 0
433 -2.9030 0
1835 -2.9232 0
1863 -2.9437 0
901 -2.9510 0
940 -2.9673 0
576 -2.9979 0
715 -3.0046 0
1772 -3.0057 0
1879 -3.0273 0
1435 -3.0344 0
1999 -3.0362 0
1582 -3.0416 0
1492 -3.0537 0
1827 -3.0734 0
699 -3.0875 0
1724 -3.1218 0
1894 -3.1337 0
90 -3.1356 0
244 -3.1432 0
1681 -3.1447 0
1868 -3.1481 0
401 -3.1599 0
1164 -3.1650 0
1830 -3.1674 0
1861 -3.1751 0
39 -3.1768 0
169 -3.2054 0
429 -3.2071 0
448 -3.2083 0
1880 -3.2086 0
434 -3.2311 0
1852 -3.2328 0
550 -3.2409 0
1844 -3.2412 0
821 -3.2433 0
938 -3.2459 0
410 -3.2511 0
1821 -3.2634 0
739 -3.2652 0
949 -3.2932 0
1403 -3.3113 0
721 -3.3124 0
1803 -3.3131 0
136 -3.3188 0
1503 -3.3226 0
1584 -3.3271 0
66 -3.3283 0
1721 -3.3370 0
435 -3.3396 0
1754 -3.3489 0
402 -3.3596 0
1812 -3.3620 0
1795 -3.3653 0
1742 -3.4024 0
937 -3.4426 0
1510 -3.4571 0
1801 -3.4589 0
98 -3.4603 0
596 -3.4720 0
645 -3.5135 0
185 -3.5139 0
964 -3.5172 0
623 -3.5223 0
1556 -3.5397 0
920 -3.5431 0
1533 -3.5477 0
125 -3.5483 0
139 -3.5582 0
1734 -3.5690 0
1196 -3.5734 0
1895 -3.5845 0
725 -3.5849 0
1589 -3.5865 0
1893 -3.5937 0
1502 -3.6680 0
1805 -3.6795 0
1818 -3.6859 0
143 -3.6906 0
1798 -3.6925 0
1419 -3.7055 0
1780 -3.7073 0
1837 -3.7155 0
442 -3.7205 0
1289 -3.7205 0
415 -3.7645 0
1069 -3.7736 0
1577 -3.7825 0
54 -3.7938 0
747 -3.8051 0
1421 -3.8124 0
0 -3.8136 0
121 -3.8392 0
1704 -3.8392 0
1822 -3.8440 0
28 -3.8444 0
1838 -3.8496 0
56 -3.8688 0
1621 -3.8854 0
147 -3.9021 0
1504 -3.9150 0
707 -3.9484 0
1168 -3.9521 0
84 -3.9651 0
1829 -3.9666 0
569 -3.9896 0
22 -4.0530 0
417 -4.0644 0
41 -4.0777 0
62 -4.1080 0
19 -4.1270 0
936 -4.1300 0
1864 -4.1370 0
11 -4.1515 0
1525 -4.1563 0
1763 -4.1609 0
577 -4.1831 0
1762 -4.2413 0
60 -4.2615 0
1977 -4.2800 0
1859 -4.3009 0
1891 -4.3026 0
1616 -4.3502 0
1541 -4.3784 0
1808 -4.3990 0
1842 -4.4063 0
423 -4.4613 0
1810 -4.4637 0
1872 -4.4903 0
1814 -4.5096 0
591 -4.5426 0
70 -4.5459 0
427 -4.5509 0
1764 -4.5912 0
1560 -4.6297 0
114 -4.6384 0
1563 -4.6621 0
1974 -4.7169 0
1760 -4.7420 0
1832 -4.7834 0
1817 -4.7913 0
1802 -4.8213 0
599 -4.9196 0
49 -4.9846 0
1531 -4.9954 0
407 -5.0442 0
1809 -5.0562 0
1811 -5.0572 0
440 -5.0891 0
1834 -5.1284 0
563 -5.1583 0
1816 -5.1647 0
1878 -5.1653 0
1159 -5.2703 0
1855 -5.3808 0
1464 -5.3981 0
1793 -5.5602 0
1850 -5.6611 0
1840 -5.7023 0
711 -5.8056 0
1848 -6.0461 0
1274 -6.2539 0
1849 -6.2598 0
1819 -6.3453 0
1843 -6.6649 0
1897 -7.4357 0
1820 -7.9239 0
