393 24.1029 1
389 22.7454 1
368 20.9167 1
382 20.4939 1
386 20.4870 1
351 20.3532 1
364 19.8836 1
388 19.5273 1
366 19.2372 1
356 18.6540 1
395 18.5050 1
370 18.4542 1
365 18.0487 1
394 17.4391 1
384 17.0200 1
375 16.4762 1
350 16.4445 1
380 16.2616 1
385 16.2078 1
358 15.5813 1
391 15.4862 1
355 15.3806 1
1311 15.1965 0
354 14.9035 1
353 14.5869 1
359 14.4570 1
399 14.1381 1
392 13.8986 1
383 13.7545 1
1005 13.5534 0
1668 13.5043 0
352 13.4437 1
362 13.1964 1
357 13.0409 1
381 12.8875 1
387 12.8599 1
363 12.6543 1
396 12.5377 1
376 12.4137 1
361 12.0528 1
377 11.8966 1
367 11.7626 1
1016 11.2999 0
390 11.1075 1
1004 10.8258 0
398 10.6197 1
978 10.3672 0
1036 10.0179 0
372 9.9157 1
1023 9.8046 0
1508 9.6127 0
967 9.5907 0
988 9.4462 0
981 9.2117 0
733 9.1651 0
1664 8.5238 0
1061 8.5114 0
997 8.4643 0
964 8.4616 0
371 8.3977 1
1467 8.1987 0
1035 8.1631 0
993 7.9967 0
989 7.9951 0
1032 7.9906 0
1691 7.9462 0
498 7.8239 0
1046 7.6013 0
397 7.5671 1
970 7.3777 0
972 7.3590 0
1014 7.2175 0
1013 7.1142 0
1072 6.8718 0
1258 6.8226 0
676 6.7773 0
998 6.7723 0
983 6.7300 0
736 6.6366 0
689 6.5222 0
1017 6.4748 0
1550 6.3909 0
973 6.3554 0
959 6.3457 0
732 6.2149 0
1374 6.1719 0
979 6.1613 0
1295 6.1577 0
971 6.1242 0
925 6.0661 0
665 6.0422 0
1007 5.9920 0
999 5.8996 0
1274 5.8845 0
521 5.7973 0
1470 5.7733 0
980 5.7583 0
1012 5.7535 0
373 5.7211 1
1068 5.6991 0
966 5.5744 0
991 5.5722 0
374 5.4905 1
1492 5.4764 0
379 5.4583 1
1695 5.4458 0
1091 5.4237 0
659 5.4141 0
1403 5.3834 0
651 5.3522 0
1049 5.3489 0
1351 5.2908 0
658 5.2882 0
1675 5.2851 0
1250 5.2735 0
1677 5.2673 0
1544 5.2514 0
1673 5.2255 0
960 5.2197 0
1370 5.2088 0
1297 5.1249 0
982 5.1057 0
1423 5.0609 0
958 5.0036 0
369 5.0005 1
488 4.9899 0
1090 4.9274 0
1511 4.9140 0
1670 4.8907 0
1227 4.8551 0
1759 4.7911 0
767 4.7615 0
1421 4.7491 0
1337 4.7454 0
996 4.7431 0
1041 4.7381 0
1792 4.6555 0
1248 4.6307 0
1253 4.6166 0
1698 4.6077 0
1272 4.5972 0
673 4.5770 0
1364 4.4888 0
465 4.4686 0
459 4.4588 0
1537 4.4360 0
1287 4.4092 0
1069 4.3667 0
1487 4.3392 0
1051 4.3158 0
1394 4.3052 0
1372 4.2632 0
969 4.2248 0
1758 4.1981 0
1415 4.1372 0
1381 4.1134 0
1427 4.0903 0
491 4.0878 0
1050 4.0552 0
1214 4.0489 0
1458 4.0319 0
653 4.0020 0
724 3.9960 0
1026 3.9865 0
1529 3.9765 0
1527 3.9743 0
955 3.9663 0
1062 3.8884 0
340 3.8785 0
1269 3.8708 0
1362 3.8505 0
1261 3.8403 0
492 3.8323 0
1371 3.8175 0
1019 3.8111 0
1484 3.8058 0
670 3.8056 0
696 3.7781 0
1064 3.7562 0
301 3.7221 0
1128 3.7047 0
1224 3.7012 0
879 3.6851 0
1466 3.6617 0
712 3.6459 0
1350 3.6320 0
1435 3.6317 0
654 3.6289 0
1121 3.6228 0
469 3.6093 0
1653 3.6056 0
668 3.5927 0
1763 3.5798 0
1252 3.5769 0
1589 3.5747 0
453 3.5608 0
950 3.5539 0
1422 3.5462 0
1201 3.5068 0
1039 3.4992 0
1029 3.4969 0
1671 3.4829 0
675 3.4814 0
1074 3.4787 0
709 3.4754 0
1512 3.4754 0
1059 3.4516 0
909 3.4507 0
1285 3.4402 0
1590 3.4085 0
890 3.4043 0
1071 3.3908 0
1401 3.3676 0
1283 3.3652 0
1495 3.3353 0
1579 3.3074 0
1255 3.3022 0
1056 3.3000 0
985 3.2881 0
947 3.2849 0
1292 3.2819 0
666 3.2724 0
529 3.2061 0
1591 3.2059 0
1085 3.2040 0
746 3.1932 0
1395 3.1621 0
1694 3.1613 0
730 3.1589 0
1676 3.1408 0
1514 3.1339 0
1419 3.1278 0
1518 3.1267 0
1343 3.0855 0
662 3.0831 0
1476 3.0777 0
1417 3.0691 0
1595 3.0685 0
745 3.0544 0
1594 3.0326 0
467 3.0321 0
1562 3.0089 0
1586 2.9898 0
1626 2.9747 0
1378 2.9597 0
1047 2.9509 0
741 2.9413 0
360 2.9298 1
1221 2.9045 0
1399 2.8908 0
1510 2.8787 0
1123 2.8732 0
1124 2.8716 0
1689 2.8640 0
1208 2.8626 0
1359 2.8600 0
338 2.8540 0
674 2.8538 0
1389 2.8485 0
1520 2.8307 0
1367 2.8230 0
1138 2.8228 0
1348 2.8218 0
1078 2.8213 0
1780 2.8120 0
1119 2.8036 0
1666 2.7590 0
951 2.7590 0
1053 2.7380 0
1456 2.7263 0
477 2.7070 0
717 2.6968 0
1469 2.6878 0
1669 2.6852 0
1326 2.6808 0
888 2.6650 0
1559 2.6536 0
1369 2.6449 0
1464 2.6425 0
1057 2.6386 0
1616 2.6376 0
1513 2.6263 0
1048 2.6087 0
1674 2.6072 0
1009 2.5710 0
1428 2.5657 0
1375 2.5635 0
867 2.5395 0
742 2.5385 0
994 2.5280 0
701 2.5272 0
1210 2.5211 0
1479 2.5160 0
1499 2.5157 0
1558 2.5107 0
1667 2.5073 0
1687 2.5046 0
1659 2.4919 0
1413 2.4831 0
1497 2.4774 0
1692 2.4695 0
700 2.4581 0
503 2.4571 0
1194 2.4450 0
1407 2.4225 0
345 2.4175 0
1383 2.3896 0
1528 2.3798 0
1020 2.3744 0
1471 2.3703 0
962 2.3603 0
769 2.3431 0
1404 2.3376 0
1366 2.3101 0
1067 2.3062 0
1442 2.3005 0
713 2.2936 0
1040 2.2803 0
660 2.2781 0
1665 2.2777 0
1353 2.2747 0
1655 2.2717 0
1254 2.2627 0
775 2.2429 0
868 2.2388 0
1556 2.2376 0
975 2.2247 0
1127 2.2196 0
408 2.2152 0
1843 2.2130 0
751 2.2106 0
905 2.1725 0
1093 2.1701 0
690 2.1676 0
939 2.1646 0
431 2.1644 0
904 2.1588 0
963 2.1284 0
913 2.1265 0
458 2.1247 0
1412 2.1224 0
293 2.1189 0
1897 2.1146 0
1229 2.0982 0
1200 2.0963 0
661 2.0811 0
1449 2.0754 0
1277 2.0670 0
1063 2.0637 0
1426 2.0604 0
1257 2.0572 0
1125 2.0514 0
657 2.0479 0
1097 2.0232 0
1672 2.0226 0
1483 2.0171 0
1451 2.0149 0
968 1.9842 0
932 1.9827 0
1380 1.9813 0
681 1.9776 0
1482 1.9462 0
461 1.9337 0
1661 1.9311 0
1657 1.9157 0
1289 1.9120 0
664 1.9095 0
1465 1.9007 0
1650 1.8950 0
1485 1.8935 0
87 1.8926 0
1360 1.8812 0
460 1.8717 0
1237 1.8710 0
1437 1.8674 0
1357 1.8634 0
1551 1.8528 0
468 1.8491 0
306 1.8433 0
544 1.8398 0
1099 1.8239 0
483 1.8239 0
451 1.8162 0
1481 1.8153 0
1613 1.8143 0
1439 1.8119 0
1566 1.7998 0
1788 1.7961 0
1472 1.7919 0
682 1.7877 0
1398 1.7843 0
1027 1.7732 0
1787 1.7589 0
1134 1.7584 0
1752 1.7573 0
1060 1.7554 0
457 1.7537 0
464 1.7529 0
1043 1.7520 0
463 1.7509 0
1075 1.7480 0
735 1.7427 0
693 1.7367 0
1400 1.7339 0
1693 1.7058 0
1688 1.7046 0
1410 1.7007 0
987 1.6852 0
1373 1.6786 0
1120 1.6781 0
1279 1.6684 0
738 1.6618 0
1092 1.6495 0
965 1.6487 0
556 1.6483 0
1599 1.6474 0
1656 1.6326 0
574 1.6310 0
1452 1.6242 0
1605 1.6208 0
1306 1.6197 0
708 1.6172 0
1280 1.5939 0
974 1.5915 0
1754 1.5809 0
900 1.5802 0
1076 1.5796 0
1546 1.5794 0
1685 1.5763 0
731 1.5763 0
1392 1.5744 0
1149 1.5716 0
1593 1.5676 0
502 1.5637 0
487 1.5626 0
779 1.5533 0
1498 1.5514 0
1089 1.5509 0
707 1.5501 0
1538 1.5427 0
1281 1.5282 0
1100 1.5067 0
766 1.5049 0
1291 1.5010 0
1217 1.4995 0
1540 1.4888 0
343 1.4863 0
378 1.4787 1
1563 1.4762 0
1313 1.4726 0
84 1.4725 0
1288 1.4721 0
1799 1.4695 0
764 1.4622 0
1686 1.4619 0
1793 1.4591 0
1008 1.4573 0
684 1.4441 0
679 1.4367 0
473 1.4339 0
1461 1.4300 0
1391 1.4276 0
1396 1.4167 0
1363 1.4102 0
1232 1.4056 0
1323 1.3993 0
936 1.3985 0
1608 1.3959 0
694 1.3900 0
725 1.3858 0
1682 1.3828 0
722 1.3808 0
1246 1.3764 0
1516 1.3757 0
1460 1.3716 0
1577 1.3675 0
1346 1.3651 0
1122 1.3593 0
797 1.3589 0
1290 1.3586 0
1992 1.3561 0
778 1.3374 0
1587 1.3323 0
793 1.3288 0
1382 1.3232 0
758 1.3223 0
1778 1.3215 0
873 1.3157 0
1282 1.3119 0
1265 1.3105 0
1606 1.3088 0
1147 1.2885 0
307 1.2807 0
40 1.2473 0
327 1.2463 0
671 1.2443 0
1259 1.2419 0
984 1.2415 0
1273 1.2346 0
1358 1.2274 0
1756 1.2193 0
604 1.2183 0
1434 1.2165 0
1996 1.2146 0
1286 1.2049 0
721 1.2029 0
901 1.2013 0
1209 1.1947 0
1638 1.1900 0
1634 1.1781 0
1095 1.1775 0
1409 1.1679 0
1553 1.1645 0
650 1.1607 0
995 1.1602 0
1771 1.1581 0
912 1.1579 0
1432 1.1534 0
1055 1.1481 0
1137 1.1463 0
1601 1.1460 0
1696 1.1430 0
1783 1.1406 0
727 1.1378 0
1683 1.1342 0
907 1.1201 0
1531 1.1179 0
48 1.1160 0
878 1.1074 0
1505 1.1004 0
325 1.0944 0
1757 1.0856 0
1298 1.0831 0
285 1.0798 0
1448 1.0776 0
756 1.0770 0
1533 1.0763 0
1534 1.0588 0
781 1.0407 0
697 1.0347 0
919 1.0308 0
485 1.0159 0
938 1.0117 0
311 1.0012 0
1572 0.9975 0
1654 0.9862 0
1429 0.9833 0
695 0.9813 0
677 0.9790 0
791 0.9743 0
169 0.9731 0
777 0.9704 0
823 0.9657 0
706 0.9602 0
1751 0.9535 0
470 0.9512 0
1690 0.9448 0
783 0.9446 0
1905 0.9438 0
1301 0.9283 0
685 0.9277 0
1331 0.9254 0
1440 0.9038 0
881 0.8992 0
914 0.8909 0
680 0.8893 0
328 0.8844 0
854 0.8772 0
1543 0.8660 0
714 0.8610 0
324 0.8579 0
1660 0.8576 0
1522 0.8555 0
1541 0.8544 0
1887 0.8532 0
1249 0.8482 0
332 0.8481 0
1545 0.8476 0
1327 0.8469 0
743 0.8439 0
1441 0.8423 0
655 0.8406 0
748 0.8153 0
863 0.8069 0
1753 0.8069 0
1146 0.8044 0
489 0.8044 0
1235 0.8009 0
1386 0.7883 0
992 0.7832 0
753 0.7774 0
446 0.7648 0
522 0.7582 0
1500 0.7561 0
1455 0.7473 0
850 0.7448 0
341 0.7391 0
956 0.7320 0
728 0.7237 0
1776 0.7201 0
893 0.7199 0
1475 0.7085 0
759 0.6997 0
462 0.6911 0
872 0.6887 0
852 0.6852 0
538 0.6764 0
1340 0.6764 0
1241 0.6754 0
438 0.6673 0
1302 0.6659 0
1651 0.6547 0
602 0.6542 0
834 0.6481 0
1222 0.6460 0
1044 0.6446 0
687 0.6425 0
1271 0.6413 0
594 0.6401 0
1849 0.6341 0
1376 0.6323 0
1684 0.6309 0
1530 0.6299 0
750 0.6280 0
800 0.6268 0
833 0.6212 0
1084 0.6208 0
1328 0.6169 0
1385 0.6145 0
1251 0.6133 0
1347 0.6086 0
1647 0.6063 0
1436 0.5890 0
1526 0.5887 0
1402 0.5880 0
1515 0.5827 0
73 0.5810 0
1525 0.5802 0
1486 0.5761 0
455 0.5680 0
481 0.5517 0
466 0.5505 0
1425 0.5485 0
1478 0.5453 0
1652 0.5412 0
1414 0.5332 0
798 0.5287 0
1444 0.5286 0
1597 0.5268 0
877 0.5119 0
1305 0.5109 0
1488 0.5092 0
1184 0.5081 0
757 0.5057 0
349 0.4977 0
1368 0.4965 0
50 0.4929 0
1388 0.4894 0
1480 0.4861 0
411 0.4809 0
337 0.4795 0
1774 0.4791 0
554 0.4655 0
1766 0.4631 0
524 0.4601 0
1405 0.4557 0
450 0.4507 0
1304 0.4493 0
1494 0.4411 0
961 0.4336 0
1316 0.4331 0
752 0.4303 0
1207 0.4223 0
1349 0.4200 0
1575 0.4029 0
548 0.3993 0
652 0.3972 0
1384 0.3937 0
553 0.3922 0
617 0.3852 0
1632 0.3843 0
1058 0.3808 0
1524 0.3690 0
1768 0.3643 0
593 0.3641 0
770 0.3589 0
519 0.3561 0
63 0.3515 0
790 0.3504 0
313 0.3401 0
320 0.3400 0
1377 0.3376 0
539 0.3278 0
1457 0.3217 0
333 0.3182 0
656 0.3157 0
915 0.3114 0
1509 0.3068 0
911 0.3052 0
1490 0.2993 0
851 0.2903 0
1266 0.2903 0
342 0.2747 0
1136 0.2582 0
1560 0.2554 0
1535 0.2526 0
1341 0.2456 0
1496 0.2443 0
1450 0.2402 0
1240 0.2400 0
1445 0.2378 0
1037 0.2357 0
1680 0.2325 0
1596 0.2309 0
1293 0.2283 0
336 0.2277 0
744 0.2111 0
435 0.1991 0
1088 0.1893 0
1416 0.1885 0
630 0.1769 0
1218 0.1679 0
147 0.1648 0
1886 0.1552 0
922 0.1500 0
1320 0.1482 0
474 0.1446 0
799 0.1444 0
710 0.1423 0
1588 0.1387 0
258 0.1384 0
1784 0.1288 0
1317 0.1250 0
796 0.1241 0
1519 0.1236 0
523 0.1201 0
26 0.1179 0
508 0.1105 0
776 0.1079 0
1612 0.1071 0
908 0.1041 0
716 0.0842 0
952 0.0730 0
1883 0.0638 0
540 0.0610 0
1765 0.0458 0
1610 0.0442 0
1030 0.0418 0
1228 0.0387 0
546 0.0371 0
1772 0.0359 0
1106 0.0308 0
957 0.0301 0
545 0.0255 0
607 0.0243 0
691 0.0235 0
520 0.0208 0
1621 0.0202 0
1087 0.0134 0
568 0.0117 0
849 0.0075 0
1202 0.0049 0
1678 0.0022 0
1797 0.0016 0
1453 -0.0130 0
737 -0.0134 0
886 -0.0143 0
1010 -0.0145 0
1852 -0.0210 0
1882 -0.0213 0
1967 -0.0310 0
308 -0.0344 0
1630 -0.0391 0
1294 -0.0436 0
882 -0.0501 0
1796 -0.0525 0
811 -0.0533 0
1086 -0.0587 0
253 -0.0612 0
1338 -0.0621 0
514 -0.0630 0
543 -0.0638 0
860 -0.0665 0
944 -0.0670 0
599 -0.0720 0
1832 -0.0723 0
692 -0.0725 0
1365 -0.0737 0
1303 -0.0831 0
1764 -0.0910 0
322 -0.0918 0
943 -0.0927 0
1314 -0.0960 0
1580 -0.0961 0
1262 -0.1011 0
1018 -0.1071 0
52 -0.1181 0
1760 -0.1236 0
1761 -0.1277 0
740 -0.1378 0
1463 -0.1379 0
445 -0.1528 0
437 -0.1606 0
1611 -0.1631 0
699 -0.1662 0
1569 -0.1735 0
1324 -0.1755 0
334 -0.1809 0
813 -0.1823 0
720 -0.1863 0
976 -0.1887 0
672 -0.1948 0
1096 -0.1955 0
785 -0.2022 0
199 -0.2059 0
326 -0.2105 0
884 -0.2129 0
1387 -0.2144 0
789 -0.2168 0
1662 -0.2226 0
1330 -0.2248 0
1762 -0.2316 0
949 -0.2370 0
841 -0.2406 0
494 -0.2468 0
426 -0.2573 0
805 -0.2573 0
1755 -0.2599 0
1284 -0.2600 0
1052 -0.2662 0
201 -0.2666 0
765 -0.2714 0
1557 -0.2740 0
1379 -0.2753 0
1506 -0.2757 0
896 -0.2808 0
1549 -0.2819 0
1618 -0.2834 0
1493 -0.2903 0
686 -0.2921 0
480 -0.2946 0
786 -0.3017 0
663 -0.3064 0
1082 -0.3081 0
688 -0.3088 0
493 -0.3156 0
452 -0.3242 0
1203 -0.3255 0
1110 -0.3276 0
432 -0.3289 0
647 -0.3291 0
1433 -0.3299 0
723 -0.3316 0
1307 -0.3364 0
537 -0.3438 0
636 -0.3536 0
1247 -0.3568 0
669 -0.3597 0
1315 -0.3622 0
768 -0.3641 0
1144 -0.3704 0
1070 -0.3763 0
1474 -0.3775 0
1567 -0.3800 0
533 -0.3849 0
245 -0.3865 0
1489 -0.3874 0
1002 -0.4005 0
39 -0.4022 0
1006 -0.4028 0
667 -0.4041 0
1502 -0.4050 0
1699 -0.4104 0
1454 -0.4275 0
47 -0.4321 0
1635 -0.4348 0
1336 -0.4405 0
479 -0.4431 0
1786 -0.4441 0
782 -0.4452 0
1620 -0.4535 0
1731 -0.4571 0
1344 -0.4582 0
1107 -0.4595 0
449 -0.4626 0
1795 -0.4672 0
300 -0.4701 0
1145 -0.4773 0
1116 -0.4778 0
1791 -0.4788 0
816 -0.4824 0
1785 -0.4835 0
1561 -0.4845 0
954 -0.4849 0
1080 -0.4868 0
591 -0.4960 0
1244 -0.4970 0
1011 -0.4987 0
1491 -0.5034 0
1028 -0.5074 0
1775 -0.5115 0
1798 -0.5130 0
749 -0.5131 0
1824 -0.5160 0
490 -0.5175 0
471 -0.5196 0
803 -0.5254 0
986 -0.5277 0
1568 -0.5319 0
718 -0.5407 0
1420 -0.5442 0
631 -0.5486 0
1991 -0.5491 0
1507 -0.5515 0
875 -0.5532 0
312 -0.5561 0
530 -0.5651 0
734 -0.5683 0
1919 -0.5747 0
1750 -0.5752 0
1260 -0.5946 0
1767 -0.5951 0
1065 -0.6020 0
917 -0.6038 0
316 -0.6043 0
931 -0.6143 0
1079 -0.6168 0
1114 -0.6175 0
1521 -0.6216 0
1658 -0.6219 0
1584 -0.6276 0
1548 -0.6293 0
240 -0.6333 0
853 -0.6350 0
827 -0.6371 0
754 -0.6375 0
484 -0.6397 0
242 -0.6400 0
1094 -0.6407 0
1263 -0.6425 0
1868 -0.6441 0
549 -0.6441 0
68 -0.6464 0
678 -0.6531 0
1679 -0.6532 0
589 -0.6556 0
578 -0.6747 0
1477 -0.6752 0
1025 -0.6773 0
1321 -0.6829 0
795 -0.6842 0
1592 -0.6935 0
921 -0.6937 0
1236 -0.7016 0
648 -0.7071 0
1880 -0.7083 0
559 -0.7099 0
1539 -0.7110 0
772 -0.7134 0
1066 -0.7158 0
929 -0.7177 0
1243 -0.7177 0
1542 -0.7219 0
1355 -0.7232 0
930 -0.7240 0
515 -0.7264 0
1803 -0.7269 0
1858 -0.7284 0
935 -0.7372 0
505 -0.7563 0
302 -0.7594 0
1984 -0.7632 0
43 -0.7658 0
318 -0.7736 0
1615 -0.7755 0
138 -0.7771 0
456 -0.7777 0
1633 -0.7802 0
821 -0.7845 0
1571 -0.7897 0
1238 -0.7905 0
763 -0.7910 0
761 -0.7946 0
1447 -0.7993 0
1083 -0.7994 0
1212 -0.7999 0
787 -0.8013 0
1649 -0.8056 0
1501 -0.8078 0
1523 -0.8095 0
410 -0.8197 0
501 -0.8222 0
534 -0.8225 0
1552 -0.8225 0
565 -0.8302 0
1459 -0.8307 0
577 -0.8318 0
1361 -0.8323 0
133 -0.8330 0
1820 -0.8352 0
1215 -0.8385 0
891 -0.8396 0
416 -0.8454 0
1424 -0.8463 0
1582 -0.8481 0
1790 -0.8499 0
1077 -0.8500 0
1132 -0.8514 0
576 -0.8561 0
1342 -0.8565 0
1867 -0.8569 0
512 -0.8574 0
1999 -0.8578 0
304 -0.8659 0
1554 -0.8665 0
1643 -0.8693 0
1600 -0.8747 0
1393 -0.8754 0
223 -0.8830 0
1268 -0.8899 0
535 -0.8934 0
792 -0.8988 0
1021 -0.8994 0
1532 -0.8998 0
702 -0.9010 0
518 -0.9014 0
172 -0.9051 0
788 -0.9053 0
1031 -0.9080 0
774 -0.9109 0
705 -0.9140 0
649 -0.9156 0
587 -0.9220 0
1332 -0.9277 0
977 -0.9279 0
1193 -0.9292 0
838 -0.9295 0
869 -0.9309 0
1446 -0.9366 0
180 -0.9394 0
815 -0.9426 0
1102 -0.9433 0
1179 -0.9460 0
1339 -0.9481 0
1115 -0.9490 0
564 -0.9523 0
1113 -0.9525 0
812 -0.9611 0
1625 -0.9636 0
924 -0.9700 0
1187 -0.9702 0
1180 -0.9768 0
1969 -0.9849 0
1225 -0.9876 0
497 -0.9908 0
1001 -0.9909 0
507 -0.9929 0
1573 -0.9957 0
66 -0.9960 0
422 -0.9986 0
1578 -1.0052 0
1645 -1.0148 0
567 -1.0149 0
1143 -1.0163 0
443 -1.0172 0
844 -1.0332 0
1789 -1.0348 0
563 -1.0382 0
1000 -1.0389 0
347 -1.0451 0
1602 -1.0454 0
109 -1.0667 0
1697 -1.0701 0
1777 -1.0776 0
1564 -1.0793 0
1547 -1.0810 0
739 -1.0825 0
633 -1.0833 0
1585 -1.0849 0
265 -1.0856 0
1782 -1.0925 0
531 -1.0956 0
683 -1.0970 0
1161 -1.1007 0
542 -1.1089 0
1333 -1.1098 0
1038 -1.1143 0
1906 -1.1171 0
558 -1.1187 0
1972 -1.1199 0
1354 -1.1245 0
883 -1.1264 0
75 -1.1362 0
1118 -1.1369 0
1139 -1.1370 0
1978 -1.1388 0
596 -1.1401 0
571 -1.1451 0
1627 -1.1477 0
729 -1.1479 0
1239 -1.1525 0
1216 -1.1549 0
1681 -1.1580 0
1628 -1.1608 0
1565 -1.1638 0
584 -1.1729 0
597 -1.1729 0
598 -1.1773 0
272 -1.1869 0
1226 -1.1909 0
526 -1.1933 0
1319 -1.1999 0
500 -1.2011 0
1555 -1.2032 0
1644 -1.2043 0
1278 -1.2084 0
1133 -1.2110 0
1296 -1.2180 0
1609 -1.2210 0
1112 -1.2238 0
1742 -1.2314 0
536 -1.2373 0
609 -1.2384 0
1168 -1.2409 0
1275 -1.2446 0
428 -1.2450 0
810 -1.2466 0
1881 -1.2488 0
482 -1.2491 0
1614 -1.2512 0
230 -1.2533 0
1024 -1.2563 0
262 -1.2622 0
130 -1.2664 0
161 -1.2679 0
1264 -1.2693 0
472 -1.2699 0
1034 -1.2743 0
887 -1.2749 0
773 -1.2805 0
920 -1.2834 0
747 -1.2901 0
271 -1.2981 0
937 -1.3008 0
1073 -1.3048 0
903 -1.3097 0
241 -1.3176 0
581 -1.3189 0
510 -1.3242 0
1140 -1.3289 0
698 -1.3315 0
1583 -1.3334 0
780 -1.3342 0
1443 -1.3346 0
885 -1.3385 0
784 -1.3521 0
1033 -1.3605 0
616 -1.3621 0
1111 -1.3645 0
715 -1.3697 0
588 -1.3702 0
1267 -1.3712 0
1819 -1.3721 0
876 -1.3722 0
561 -1.3766 0
1205 -1.3786 0
425 -1.3813 0
1770 -1.3936 0
204 -1.4015 0
41 -1.4090 0
1603 -1.4096 0
1910 -1.4101 0
1309 -1.4151 0
525 -1.4152 0
646 -1.4200 0
317 -1.4210 0
582 -1.4228 0
874 -1.4270 0
1598 -1.4291 0
1334 -1.4351 0
1213 -1.4362 0
103 -1.4367 0
21 -1.4368 0
1622 -1.4392 0
928 -1.4417 0
1166 -1.4536 0
159 -1.4556 0
1276 -1.4584 0
20 -1.4586 0
281 -1.4720 0
1779 -1.4732 0
441 -1.4737 0
1856 -1.4761 0
1781 -1.4801 0
93 -1.4842 0
622 -1.4946 0
933 -1.4970 0
1322 -1.4996 0
1390 -1.5008 0
953 -1.5053 0
592 -1.5088 0
1738 -1.5100 0
1861 -1.5109 0
560 -1.5128 0
167 -1.5146 0
843 -1.5153 0
864 -1.5154 0
1172 -1.5192 0
257 -1.5257 0
927 -1.5266 0
1981 -1.5308 0
1411 -1.5374 0
314 -1.5383 0
626 -1.5410 0
820 -1.5428 0
606 -1.5428 0
1185 -1.5483 0
1536 -1.5548 0
407 -1.5549 0
46 -1.5605 0
157 -1.5626 0
1206 -1.5631 0
499 -1.5651 0
1155 -1.5665 0
857 -1.5682 0
31 -1.5722 0
814 -1.5755 0
182 -1.5764 0
1223 -1.5791 0
348 -1.5794 0
1851 -1.5820 0
859 -1.5845 0
623 -1.5868 0
1879 -1.5874 0
569 -1.6032 0
1899 -1.6072 0
280 -1.6142 0
1870 -1.6195 0
1406 -1.6227 0
1639 -1.6247 0
244 -1.6323 0
38 -1.6323 0
1736 -1.6325 0
1015 -1.6329 0
1418 -1.6374 0
760 -1.6487 0
423 -1.6495 0
1794 -1.6495 0
1995 -1.6504 0
1941 -1.6546 0
855 -1.6568 0
125 -1.6600 0
1800 -1.6642 0
234 -1.6650 0
7 -1.6701 0
1979 -1.6758 0
1310 -1.6759 0
624 -1.6778 0
1907 -1.6782 0
547 -1.6843 0
1816 -1.6987 0
794 -1.7064 0
1299 -1.7086 0
111 -1.7102 0
719 -1.7197 0
762 -1.7218 0
541 -1.7303 0
1629 -1.7339 0
835 -1.7427 0
1245 -1.7443 0
168 -1.7452 0
100 -1.7473 0
1741 -1.7533 0
1329 -1.7545 0
126 -1.7549 0
1834 -1.7576 0
846 -1.7595 0
210 -1.7597 0
550 -1.7692 0
274 -1.7695 0
1126 -1.7778 0
1987 -1.7782 0
207 -1.7791 0
822 -1.7795 0
1131 -1.7856 0
1186 -1.7886 0
1504 -1.7948 0
847 -1.7957 0
137 -1.7983 0
528 -1.8032 0
1431 -1.8036 0
319 -1.8136 0
330 -1.8156 0
637 -1.8187 0
331 -1.8193 0
802 -1.8210 0
1191 -1.8235 0
346 -1.8236 0
1352 -1.8270 0
1022 -1.8441 0
409 -1.8509 0
1703 -1.8518 0
266 -1.8573 0
611 -1.8605 0
579 -1.8645 0
923 -1.8663 0
942 -1.8670 0
1737 -1.8673 0
1962 -1.8699 0
309 -1.8792 0
825 -1.8795 0
290 -1.8860 0
580 -1.8987 0
1713 -1.8996 0
1895 -1.9086 0
1773 -1.9133 0
511 -1.9166 0
1270 -1.9182 0
628 -1.9274 0
1877 -1.9321 0
1956 -1.9344 0
1148 -1.9403 0
704 -1.9407 0
948 -1.9534 0
1054 -1.9608 0
504 -1.9691 0
1869 -1.9704 0
945 -1.9733 0
323 -1.9789 0
303 -1.9806 0
1909 -1.9881 0
222 -1.9894 0
1623 -1.9921 0
1604 -2.0048 0
771 -2.0082 0
892 -2.0085 0
12 -2.0095 0
1430 -2.0126 0
486 -2.0128 0
1988 -2.0182 0
194 -2.0266 0
1473 -2.0269 0
305 -2.0284 0
1617 -2.0311 0
83 -2.0316 0
573 -2.0356 0
871 -2.0365 0
1933 -2.0388 0
1636 -2.0406 0
1607 -2.0424 0
1854 -2.0427 0
1154 -2.0435 0
32 -2.0527 0
420 -2.0602 0
211 -2.0655 0
434 -2.0779 0
254 -2.0831 0
899 -2.0859 0
289 -2.0864 0
842 -2.0912 0
429 -2.0930 0
1098 -2.0938 0
237 -2.0968 0
475 -2.1011 0
1256 -2.1061 0
620 -2.1069 0
45 -2.1092 0
566 -2.1116 0
562 -2.1258 0
496 -2.1327 0
1913 -2.1340 0
615 -2.1455 0
197 -2.1459 0
400 -2.1537 0
832 -2.1587 0
402 -2.1656 0
830 -2.1657 0
618 -2.1670 0
1300 -2.1733 0
149 -2.1780 0
1745 -2.1795 0
1857 -2.1862 0
247 -2.1874 0
19 -2.1890 0
114 -2.1913 0
243 -2.1917 0
1950 -2.1978 0
14 -2.2007 0
1158 -2.2008 0
1958 -2.2039 0
1503 -2.2047 0
1574 -2.2066 0
1813 -2.2106 0
3 -2.2113 0
49 -2.2115 0
614 -2.2118 0
0 -2.2157 0
495 -2.2168 0
527 -2.2191 0
1663 -2.2236 0
1189 -2.2285 0
1178 -2.2340 0
246 -2.2342 0
1192 -2.2351 0
77 -2.2373 0
403 -2.2435 0
1356 -2.2442 0
1878 -2.2470 0
414 -2.2482 0
1219 -2.2499 0
1397 -2.2560 0
1335 -2.2674 0
1804 -2.2693 0
621 -2.2747 0
906 -2.2756 0
862 -2.2778 0
1730 -2.2797 0
55 -2.2804 0
286 -2.2806 0
208 -2.2844 0
1961 -2.2882 0
195 -2.2961 0
1807 -2.3036 0
639 -2.3086 0
1989 -2.3136 0
613 -2.3151 0
1864 -2.3206 0
214 -2.3207 0
1141 -2.3224 0
1702 -2.3306 0
1915 -2.3321 0
418 -2.3357 0
1318 -2.3399 0
517 -2.3525 0
1640 -2.3633 0
255 -2.3673 0
509 -2.3677 0
1631 -2.3703 0
1875 -2.3710 0
224 -2.3723 0
555 -2.3740 0
218 -2.3747 0
278 -2.3773 0
807 -2.3799 0
6 -2.3882 0
1740 -2.3931 0
1325 -2.3971 0
824 -2.4034 0
344 -2.4064 0
1980 -2.4173 0
837 -2.4235 0
33 -2.4275 0
866 -2.4456 0
200 -2.4490 0
454 -2.4555 0
516 -2.4556 0
1892 -2.4598 0
1642 -2.4603 0
1468 -2.4631 0
865 -2.4661 0
1408 -2.4690 0
946 -2.4726 0
444 -2.4754 0
235 -2.4783 0
1624 -2.4794 0
1945 -2.4905 0
1233 -2.4944 0
916 -2.4982 0
1204 -2.5075 0
1211 -2.5106 0
1152 -2.5147 0
570 -2.5153 0
248 -2.5200 0
897 -2.5205 0
828 -2.5221 0
412 -2.5234 0
65 -2.5243 0
270 -2.5300 0
1231 -2.5348 0
644 -2.5403 0
1728 -2.5432 0
24 -2.5465 0
136 -2.5712 0
826 -2.5744 0
251 -2.5840 0
1825 -2.5857 0
940 -2.6022 0
1105 -2.6049 0
601 -2.6133 0
612 -2.6194 0
1971 -2.6200 0
430 -2.6213 0
645 -2.6217 0
856 -2.6226 0
62 -2.6269 0
37 -2.6289 0
476 -2.6289 0
221 -2.6315 0
817 -2.6331 0
156 -2.6332 0
213 -2.6373 0
1872 -2.6450 0
1576 -2.6462 0
551 -2.6489 0
132 -2.6597 0
836 -2.6606 0
276 -2.6709 0
1966 -2.6715 0
1517 -2.6763 0
1581 -2.6781 0
1839 -2.6783 0
1837 -2.6814 0
9 -2.6819 0
583 -2.6838 0
53 -2.6978 0
198 -2.7046 0
1900 -2.7105 0
575 -2.7106 0
1873 -2.7108 0
918 -2.7141 0
236 -2.7193 0
1438 -2.7239 0
829 -2.7272 0
1162 -2.7326 0
1103 -2.7353 0
1977 -2.7355 0
1176 -2.7502 0
1709 -2.7521 0
642 -2.7522 0
1190 -2.7596 0
861 -2.7615 0
840 -2.7628 0
1718 -2.7635 0
91 -2.7639 0
433 -2.7701 0
990 -2.7708 0
1884 -2.7767 0
335 -2.7809 0
585 -2.7818 0
1952 -2.7903 0
586 -2.7951 0
1970 -2.7967 0
174 -2.8000 0
405 -2.8105 0
193 -2.8145 0
1700 -2.8168 0
1769 -2.8170 0
1345 -2.8185 0
1705 -2.8259 0
808 -2.8311 0
1997 -2.8328 0
1850 -2.8345 0
1973 -2.8368 0
1823 -2.8387 0
478 -2.8462 0
152 -2.8536 0
1894 -2.8550 0
1150 -2.8563 0
310 -2.8611 0
1646 -2.8624 0
1712 -2.8625 0
703 -2.8634 0
532 -2.8676 0
238 -2.8689 0
1165 -2.8693 0
1734 -2.8719 0
1828 -2.8913 0
1994 -2.9077 0
603 -2.9089 0
160 -2.9141 0
227 -2.9188 0
848 -2.9206 0
858 -2.9217 0
145 -2.9229 0
123 -2.9330 0
74 -2.9395 0
1863 -2.9396 0
1990 -2.9404 0
1081 -2.9479 0
1045 -2.9480 0
28 -2.9522 0
902 -2.9603 0
1171 -2.9632 0
448 -2.9747 0
1889 -2.9836 0
1197 -2.9852 0
1859 -2.9861 0
1159 -2.9871 0
1986 -2.9997 0
1648 -3.0018 0
1003 -3.0073 0
1848 -3.0108 0
259 -3.0112 0
590 -3.0143 0
1903 -3.0144 0
321 -3.0198 0
1935 -3.0225 0
60 -3.0248 0
801 -3.0323 0
1853 -3.0329 0
202 -3.0417 0
329 -3.0484 0
59 -3.0529 0
641 -3.0570 0
1998 -3.0612 0
1951 -3.0649 0
419 -3.0685 0
1865 -3.0706 0
275 -3.0717 0
1845 -3.0818 0
30 -3.0853 0
1934 -3.0872 0
29 -3.0982 0
44 -3.0983 0
1891 -3.0991 0
297 -3.1023 0
1744 -3.1092 0
283 -3.1166 0
1726 -3.1179 0
1156 -3.1185 0
572 -3.1235 0
898 -3.1258 0
1953 -3.1327 0
1729 -3.1430 0
1902 -3.1561 0
439 -3.1601 0
268 -3.1611 0
427 -3.1646 0
11 -3.1689 0
1930 -3.1705 0
1749 -3.1920 0
1129 -3.1964 0
1983 -3.2076 0
1242 -3.2147 0
1846 -3.2213 0
552 -3.2223 0
1312 -3.2266 0
78 -3.2286 0
1862 -3.2299 0
711 -3.2369 0
233 -3.2378 0
839 -3.2448 0
1220 -3.2507 0
108 -3.2525 0
260 -3.2549 0
1806 -3.2633 0
1173 -3.2670 0
1234 -3.2670 0
1746 -3.2855 0
148 -3.2869 0
1462 -3.2968 0
154 -3.3019 0
818 -3.3026 0
1701 -3.3038 0
1182 -3.3109 0
600 -3.3130 0
164 -3.3156 0
163 -3.3260 0
1835 -3.3263 0
1888 -3.3284 0
632 -3.3293 0
15 -3.3307 0
436 -3.3524 0
229 -3.3577 0
1708 -3.3665 0
1711 -3.3701 0
1570 -3.3831 0
339 -3.3908 0
1707 -3.3929 0
1109 -3.4051 0
1866 -3.4062 0
1985 -3.4195 0
870 -3.4209 0
1954 -3.4235 0
513 -3.4257 0
10 -3.4366 0
1898 -3.4423 0
173 -3.4471 0
1720 -3.4541 0
219 -3.4562 0
264 -3.4594 0
506 -3.4631 0
291 -3.4736 0
151 -3.4758 0
16 -3.4759 0
1829 -3.4782 0
106 -3.4812 0
634 -3.4858 0
85 -3.4901 0
102 -3.4973 0
67 -3.5037 0
804 -3.5047 0
424 -3.5066 0
1874 -3.5097 0
1 -3.5114 0
1885 -3.5143 0
215 -3.5152 0
1860 -3.5179 0
889 -3.5186 0
1142 -3.5235 0
1619 -3.5307 0
1993 -3.5401 0
625 -3.5433 0
809 -3.5504 0
177 -3.5519 0
1195 -3.5569 0
1170 -3.5595 0
755 -3.5605 0
1976 -3.5732 0
910 -3.5761 0
231 -3.5811 0
261 -3.5825 0
23 -3.5871 0
1163 -3.6006 0
282 -3.6006 0
175 -3.6057 0
1117 -3.6074 0
205 -3.6238 0
1890 -3.6247 0
1733 -3.6250 0
298 -3.6258 0
284 -3.6264 0
101 -3.6283 0
158 -3.6289 0
1871 -3.6303 0
819 -3.6324 0
421 -3.6327 0
17 -3.6505 0
299 -3.6549 0
206 -3.6595 0
1101 -3.6750 0
1925 -3.6756 0
95 -3.6769 0
192 -3.6790 0
627 -3.6838 0
296 -3.6840 0
1805 -3.6924 0
104 -3.6961 0
165 -3.7057 0
1743 -3.7191 0
155 -3.7240 0
629 -3.7245 0
1724 -3.7261 0
190 -3.7282 0
71 -3.7333 0
89 -3.7356 0
1937 -3.7357 0
1893 -3.7422 0
1896 -3.7423 0
610 -3.7427 0
1942 -3.7442 0
184 -3.7641 0
99 -3.7691 0
1130 -3.7698 0
212 -3.7851 0
166 -3.7878 0
1167 -3.7920 0
1637 -3.7953 0
27 -3.8066 0
1982 -3.8089 0
619 -3.8095 0
406 -3.8165 0
8 -3.8194 0
61 -3.8235 0
127 -3.8251 0
1723 -3.8260 0
69 -3.8436 0
18 -3.8538 0
1932 -3.8619 0
92 -3.8630 0
726 -3.8716 0
179 -3.8761 0
1151 -3.8811 0
1164 -3.8824 0
1722 -3.9063 0
1177 -3.9137 0
64 -3.9151 0
413 -3.9213 0
1641 -3.9285 0
595 -3.9317 0
845 -3.9363 0
1830 -3.9609 0
98 -3.9645 0
315 -3.9647 0
1135 -3.9683 0
1725 -3.9746 0
1747 -3.9746 0
1842 -3.9760 0
1710 -3.9782 0
1042 -3.9911 0
1815 -3.9933 0
228 -4.0008 0
118 -4.0063 0
1104 -4.0164 0
196 -4.0192 0
1940 -4.0222 0
1968 -4.0237 0
1844 -4.0248 0
895 -4.0312 0
256 -4.0392 0
880 -4.0490 0
249 -4.0491 0
225 -4.0557 0
1157 -4.0570 0
279 -4.0739 0
1735 -4.0788 0
1721 -4.0795 0
153 -4.0809 0
1811 -4.0816 0
1732 -4.0927 0
1716 -4.1044 0
1946 -4.1070 0
162 -4.1089 0
1836 -4.1127 0
1108 -4.1152 0
1855 -4.1223 0
97 -4.1250 0
203 -4.1354 0
1802 -4.1354 0
94 -4.1425 0
643 -4.1432 0
263 -4.1570 0
1169 -4.1646 0
79 -4.1676 0
54 -4.1762 0
88 -4.1839 0
1908 -4.1902 0
217 -4.1973 0
1715 -4.2057 0
638 -4.2166 0
1876 -4.2233 0
941 -4.2273 0
1308 -4.2413 0
51 -4.2508 0
557 -4.2519 0
1821 -4.2562 0
181 -4.2751 0
894 -4.2778 0
1809 -4.2876 0
608 -4.2995 0
105 -4.2999 0
640 -4.3134 0
401 -4.3172 0
442 -4.3182 0
5 -4.3226 0
1948 -4.3318 0
288 -4.3385 0
1706 -4.3393 0
926 -4.3398 0
185 -4.3412 0
1938 -4.3474 0
605 -4.3524 0
170 -4.3562 0
292 -4.3583 0
220 -4.3671 0
131 -4.3731 0
58 -4.3880 0
1818 -4.4053 0
25 -4.4088 0
1160 -4.4107 0
110 -4.4135 0
216 -4.4155 0
13 -4.4476 0
1198 -4.4521 0
183 -4.4611 0
1827 -4.4714 0
1974 -4.4753 0
72 -4.4757 0
189 -4.4951 0
1975 -4.4957 0
635 -4.5142 0
35 -4.5172 0
150 -4.5221 0
1230 -4.5476 0
1704 -4.5509 0
1714 -4.5560 0
1199 -4.5649 0
1841 -4.5830 0
1949 -4.5849 0
119 -4.5986 0
122 -4.6014 0
1957 -4.6119 0
1739 -4.6185 0
209 -4.6414 0
2 -4.6453 0
934 -4.6489 0
415 -4.6493 0
239 -4.6766 0
252 -4.6778 0
1748 -4.6880 0
232 -4.6882 0
417 -4.6893 0
34 -4.6972 0
1833 -4.7006 0
1936 -4.7268 0
36 -4.7331 0
1963 -4.7486 0
226 -4.7515 0
404 -4.7610 0
140 -4.7634 0
141 -4.7749 0
277 -4.7756 0
120 -4.7938 0
187 -4.8035 0
1955 -4.8091 0
128 -4.8212 0
1188 -4.8297 0
176 -4.8335 0
1719 -4.8545 0
1917 -4.8569 0
121 -4.8801 0
70 -4.9193 0
1964 -4.9325 0
186 -4.9333 0
295 -4.9405 0
81 -4.9567 0
191 -4.9828 0
4 -5.0017 0
1904 -5.0288 0
1153 -5.0472 0
113 -5.0544 0
440 -5.0671 0
806 -5.0798 0
267 -5.1064 0
1920 -5.1338 0
188 -5.1514 0
1183 -5.1747 0
1801 -5.1799 0
134 -5.1810 0
90 -5.1842 0
42 -5.2060 0
146 -5.2338 0
115 -5.2526 0
1174 -5.2883 0
1838 -5.3232 0
57 -5.3284 0
1831 -5.3531 0
273 -5.3864 0
1814 -5.3980 0
171 -5.4416 0
124 -5.4509 0
1717 -5.4641 0
178 -5.4792 0
76 -5.5162 0
1181 -5.5458 0
144 -5.5642 0
116 -5.5831 0
1826 -5.6091 0
1810 -5.6123 0
22 -5.6558 0
1921 -5.6615 0
831 -5.6696 0
1847 -5.6798 0
1808 -5.6867 0
96 -5.6999 0
80 -5.7094 0
56 -5.7486 0
135 -5.7621 0
1959 -5.7710 0
143 -5.7805 0
1822 -5.7876 0
269 -5.7995 0
1175 -5.8085 0
1924 -5.8193 0
107 -5.8843 0
1812 -5.9850 0
112 -6.0084 0
1817 -6.0161 0
294 -6.0487 0
1840 -6.0968 0
1927 -6.1033 0
287 -6.1075 0
1947 -6.1328 0
1965 -6.1867 0
117 -6.1889 0
1727 -6.2603 0
1912 -6.2706 0
250 -6.2929 0
82 -6.3946 0
139 -6.4007 0
1929 -6.4272 0
1916 -6.4307 0
1196 -6.4329 0
1922 -6.5174 0
1914 -6.5469 0
142 -6.6323 0
1931 -6.6789 0
1923 -6.6946 0
129 -6.7849 0
1918 -6.8907 0
1928 -6.9083 0
1926 -6.9382 0
1960 -7.0789 0
86 -7.2074 0
1939 -7.2873 0
1944 -7.5384 0
447 -7.5680 0
1911 -7.7540 0
1901 -8.1664 0
1943 -9.0544 0
