439 27.7733 1
400 26.4463 1
408 25.4075 1
417 24.3315 1
427 23.4082 1
402 22.7709 1
401 22.0932 1
409 21.5690 1
447 21.4773 1
434 21.3985 1
445 21.1679 1
440 20.9934 1
420 20.7775 1
448 20.4043 1
940 20.1145 0
429 19.8296 1
413 19.5913 1
421 19.2367 1
412 19.1090 1
404 18.5216 1
414 18.2508 1
442 18.0551 1
411 17.6010 1
443 17.5769 1
407 17.2395 1
433 16.3463 1
419 16.1417 1
415 15.4785 1
418 15.3338 1
917 15.0098 0
422 14.8337 1
405 13.7035 1
425 13.6192 1
435 13.1180 1
430 12.5412 1
410 12.4442 1
214 12.4417 0
1884 11.9978 0
403 11.9769 1
423 11.8006 1
446 11.5237 1
945 11.1114 0
437 10.5233 1
1834 10.0431 0
416 9.8717 1
936 9.6878 0
424 9.4060 1
910 9.0331 0
935 8.7939 0
941 8.5976 0
351 8.5286 0
926 8.5136 0
432 8.4279 1
441 8.3713 1
948 7.8956 0
569 7.7032 0
436 7.6345 1
956 7.3348 0
1409 7.1439 0
1181 6.7948 0
537 6.5712 0
406 6.5561 1
7 6.4488 0
697 6.4371 0
874 6.4297 0
596 6.4273 0
444 6.3820 1
933 6.3585 0
532 6.1295 0
550 6.0246 0
911 6.0049 0
499 5.9773 0
711 5.9545 0
1003 5.8137 0
901 5.8035 0
390 5.7017 0
551 5.6428 0
944 5.6257 0
1071 5.4909 0
934 5.4799 0
1801 5.4004 0
1813 5.3881 0
947 5.3712 0
1429 5.3522 0
918 5.3299 0
1829 5.3258 0
587 5.3158 0
906 5.2592 0
1886 5.2003 0
924 5.1741 0
1957 5.1647 0
592 5.1629 0
663 5.1618 0
700 5.1103 0
353 5.1057 0
1808 5.1025 0
1205 5.0745 0
1857 5.0373 0
683 5.0119 0
726 5.0000 0
747 4.9691 0
665 4.9275 0
557 4.8077 0
554 4.7952 0
593 4.7752 0
363 4.7617 0
1399 4.7311 0
839 4.6332 0
577 4.6060 0
552 4.5787 0
939 4.5726 0
1408 4.5678 0
702 4.4953 0
946 4.4917 0
321 4.4434 0
324 4.4142 0
4 4.4012 0
1847 4.3894 0
13 4.3788 0
1037 4.3614 0
1069 4.3547 0
392 4.3375 0
571 4.3312 0
66 4.3041 0
1850 4.3016 0
754 4.2443 0
929 4.1985 0
1830 4.1820 0
1941 4.1660 0
1492 4.1528 0
1242 4.1393 0
1838 4.1301 0
920 4.0903 0
902 4.0683 0
1289 4.0568 0
585 4.0527 0
147 4.0449 0
1251 4.0344 0
1385 4.0283 0
597 4.0051 0
582 3.9872 0
949 3.9676 0
114 3.9404 0
1011 3.9402 0
143 3.9367 0
67 3.9071 0
1213 3.8874 0
814 3.8743 0
952 3.8655 0
1736 3.8346 0
1098 3.8260 0
130 3.8259 0
506 3.8133 0
391 3.7999 0
361 3.7957 0
322 3.7928 0
31 3.7800 0
1220 3.7561 0
1001 3.6976 0
336 3.6877 0
559 3.6711 0
49 3.6555 0
399 3.5757 0
856 3.5721 0
1250 3.5611 0
715 3.5419 0
576 3.5388 0
907 3.5248 0
905 3.5101 0
467 3.5032 0
516 3.4911 0
1260 3.4832 0
578 3.4702 0
1024 3.4672 0
533 3.4462 0
1797 3.4313 0
685 3.4303 0
1 3.4261 0
825 3.4043 0
1204 3.3972 0
1824 3.3877 0
662 3.3848 0
837 3.3716 0
1760 3.3569 0
1026 3.3524 0
942 3.3419 0
880 3.3384 0
1073 3.3379 0
339 3.3058 0
750 3.2908 0
1878 3.2843 0
659 3.2723 0
142 3.2711 0
1871 3.2465 0
1226 3.2450 0
146 3.2397 0
1842 3.2320 0
758 3.2317 0
15 3.2285 0
1906 3.2236 0
1870 3.2118 0
117 3.2040 0
995 3.1825 0
648 3.1644 0
190 3.1571 0
492 3.1309 0
857 3.1178 0
847 3.0991 0
563 3.0954 0
128 3.0952 0
483 3.0650 0
1415 3.0611 0
570 3.0545 0
1895 3.0522 0
1811 3.0467 0
1079 3.0413 0
921 3.0259 0
1706 3.0199 0
928 2.9958 0
1441 2.9922 0
1713 2.9838 0
317 2.9825 0
799 2.9825 0
871 2.9801 0
1105 2.9714 0
1256 2.9565 0
364 2.9327 0
943 2.9293 0
669 2.9247 0
1188 2.9242 0
1044 2.9061 0
752 2.8781 0
1486 2.8724 0
882 2.8647 0
531 2.8367 0
734 2.8320 0
1412 2.8287 0
509 2.8228 0
525 2.8162 0
1478 2.8118 0
1864 2.7772 0
1875 2.7636 0
489 2.7566 0
975 2.7563 0
30 2.7480 0
1879 2.7458 0
514 2.7360 0
556 2.7309 0
572 2.7231 0
562 2.7203 0
1852 2.7092 0
869 2.6893 0
635 2.6863 0
52 2.6850 0
1099 2.6532 0
1681 2.6485 0
1082 2.6407 0
729 2.6235 0
1070 2.6143 0
1859 2.6040 0
660 2.5939 0
182 2.5930 0
1423 2.5875 0
476 2.5652 0
477 2.5631 0
1334 2.5605 0
838 2.5559 0
727 2.5494 0
174 2.5478 0
865 2.5383 0
775 2.5344 0
725 2.5118 0
1421 2.4952 0
368 2.4907 0
922 2.4900 0
1727 2.4855 0
1056 2.4836 0
676 2.4819 0
295 2.4802 0
44 2.4788 0
365 2.4738 0
1541 2.4715 0
325 2.4665 0
567 2.4385 0
866 2.4366 0
590 2.4326 0
1929 2.4253 0
708 2.4184 0
661 2.4171 0
431 2.4115 1
573 2.3939 0
1081 2.3836 0
1116 2.3818 0
560 2.3778 0
1943 2.3750 0
1861 2.3671 0
558 2.3655 0
303 2.3513 0
1907 2.3278 0
913 2.3243 0
45 2.3165 0
357 2.3145 0
57 2.3067 0
645 2.2879 0
1810 2.2806 0
704 2.2465 0
375 2.2388 0
1874 2.2190 0
1012 2.2176 0
791 2.2075 0
1280 2.1968 0
1762 2.1939 0
1946 2.1783 0
895 2.1766 0
1934 2.1729 0
990 2.1713 0
599 2.1672 0
1851 2.1519 0
1142 2.1463 0
374 2.1410 0
1077 2.1342 0
755 2.1252 0
497 2.1097 0
575 2.1064 0
18 2.1015 0
916 2.0996 0
909 2.0955 0
455 2.0827 0
118 2.0595 0
1585 2.0555 0
890 2.0464 0
855 2.0454 0
889 2.0416 0
318 2.0340 0
707 1.9867 0
810 1.9844 0
88 1.9764 0
1065 1.9756 0
1046 1.9746 0
698 1.9684 0
693 1.9613 0
27 1.9567 0
1863 1.9468 0
129 1.9461 0
428 1.9454 1
923 1.9236 0
393 1.9223 0
11 1.8989 0
595 1.8986 0
1020 1.8889 0
86 1.8869 0
728 1.8637 0
584 1.8637 0
830 1.8612 0
782 1.8529 0
716 1.8317 0
395 1.8241 0
1000 1.8216 0
1342 1.8198 0
844 1.8101 0
710 1.8099 0
1118 1.8011 0
914 1.7880 0
658 1.7857 0
1803 1.7772 0
1019 1.7756 0
388 1.7537 0
1373 1.7478 0
875 1.7443 0
1840 1.7376 0
1240 1.7336 0
1241 1.7327 0
362 1.7271 0
806 1.7241 0
1806 1.7232 0
1496 1.7230 0
1247 1.7135 0
1474 1.7087 0
859 1.7076 0
35 1.7066 0
1667 1.7044 0
1411 1.6956 0
384 1.6953 0
1802 1.6881 0
1092 1.6703 0
1067 1.6557 0
834 1.6540 0
387 1.6415 0
1013 1.6365 0
761 1.6204 0
1440 1.6116 0
898 1.6097 0
121 1.5993 0
566 1.5965 0
481 1.5960 0
1741 1.5872 0
25 1.5864 0
358 1.5855 0
1892 1.5812 0
1084 1.5789 0
1781 1.5670 0
24 1.5618 0
1049 1.5404 0
355 1.5372 0
1232 1.5301 0
672 1.5236 0
269 1.5187 0
1734 1.4945 0
1004 1.4889 0
675 1.4798 0
135 1.4760 0
383 1.4725 0
614 1.4724 0
5 1.4674 0
802 1.4669 0
594 1.4632 0
718 1.4568 0
1040 1.4548 0
456 1.4530 0
1230 1.4460 0
719 1.4448 0
681 1.4317 0
327 1.4294 0
1815 1.4214 0
1132 1.4180 0
1033 1.4108 0
1266 1.4102 0
386 1.4046 0
300 1.4040 0
366 1.3996 0
471 1.3988 0
1554 1.3975 0
1030 1.3937 0
1750 1.3922 0
564 1.3796 0
938 1.3603 0
58 1.3600 0
1837 1.3407 0
1131 1.3309 0
1891 1.3207 0
1308 1.3181 0
1097 1.3154 0
1948 1.3095 0
579 1.3047 0
17 1.3040 0
100 1.3014 0
1270 1.2990 0
1820 1.2985 0
1075 1.2574 0
332 1.2557 0
1135 1.2532 0
1704 1.2527 0
125 1.2519 0
1244 1.2514 0
885 1.2502 0
28 1.2481 0
1757 1.2468 0
1764 1.2423 0
1873 1.2396 0
1855 1.2348 0
1156 1.2322 0
329 1.2297 0
1845 1.2238 0
819 1.2207 0
886 1.2119 0
682 1.2072 0
738 1.2067 0
1311 1.2039 0
23 1.2036 0
1048 1.2005 0
796 1.1984 0
1074 1.1892 0
193 1.1878 0
1403 1.1845 0
1739 1.1769 0
897 1.1767 0
1996 1.1741 0
438 1.1699 1
1809 1.1670 0
314 1.1651 0
739 1.1644 0
769 1.1548 0
908 1.1462 0
1235 1.1442 0
545 1.1421 0
1055 1.1302 0
664 1.1221 0
1841 1.1183 0
1059 1.1132 0
1483 1.1099 0
1464 1.1074 0
1022 1.1047 0
784 1.1013 0
271 1.0985 0
1816 1.0970 0
721 1.0908 0
101 1.0876 0
696 1.0864 0
808 1.0818 0
1731 1.0558 0
1036 1.0489 0
1217 1.0458 0
899 1.0373 0
284 1.0222 0
273 1.0135 0
113 1.0133 0
480 1.0040 0
1086 1.0022 0
1828 1.0021 0
282 0.9914 0
1053 0.9912 0
313 0.9901 0
1018 0.9768 0
22 0.9692 0
1066 0.9651 0
1733 0.9566 0
473 0.9526 0
352 0.9459 0
1355 0.9402 0
1407 0.9375 0
296 0.9299 0
152 0.9263 0
580 0.9210 0
1490 0.9031 0
1089 0.8976 0
1726 0.8967 0
1654 0.8941 0
1484 0.8911 0
1482 0.8870 0
32 0.8833 0
1835 0.8822 0
1125 0.8817 0
134 0.8764 0
1584 0.8764 0
1267 0.8714 0
1947 0.8691 0
1005 0.8669 0
126 0.8647 0
1688 0.8625 0
836 0.8607 0
479 0.8567 0
816 0.8536 0
346 0.8521 0
426 0.8516 1
1136 0.8490 0
770 0.8449 0
1064 0.8447 0
1341 0.8386 0
1696 0.8359 0
124 0.8331 0
326 0.8235 0
323 0.8228 0
820 0.8184 0
1960 0.8151 0
328 0.8141 0
1035 0.8059 0
763 0.8058 0
482 0.8032 0
1034 0.7998 0
1880 0.7963 0
47 0.7893 0
264 0.7808 0
1768 0.7774 0
1419 0.7704 0
686 0.7638 0
1773 0.7600 0
904 0.7570 0
1229 0.7500 0
861 0.7324 0
757 0.7314 0
38 0.7232 0
1964 0.7217 0
591 0.7136 0
1224 0.7007 0
33 0.6974 0
1378 0.6961 0
1725 0.6948 0
1747 0.6948 0
449 0.6937 1
1993 0.6865 0
1275 0.6795 0
1027 0.6771 0
1794 0.6729 0
510 0.6631 0
826 0.6629 0
1096 0.6576 0
315 0.6557 0
465 0.6523 0
359 0.6481 0
1243 0.6394 0
602 0.6339 0
1437 0.6322 0
1456 0.6288 0
1642 0.6283 0
1292 0.6262 0
1885 0.6180 0
195 0.6092 0
104 0.6091 0
1526 0.6076 0
458 0.6001 0
1882 0.5945 0
223 0.5933 0
712 0.5931 0
835 0.5909 0
720 0.5852 0
1200 0.5801 0
1687 0.5801 0
842 0.5742 0
1058 0.5721 0
468 0.5631 0
1222 0.5569 0
1800 0.5556 0
823 0.5518 0
1921 0.5505 0
1398 0.5479 0
954 0.5469 0
678 0.5463 0
94 0.5447 0
1817 0.5429 0
1120 0.5381 0
1359 0.5363 0
453 0.5331 0
470 0.5328 0
780 0.5287 0
1846 0.5195 0
1413 0.5186 0
804 0.5164 0
850 0.5132 0
971 0.5127 0
292 0.5083 0
1451 0.5031 0
1592 0.5013 0
1990 0.4974 0
1042 0.4950 0
731 0.4950 0
1588 0.4878 0
1836 0.4811 0
106 0.4779 0
987 0.4732 0
1917 0.4714 0
790 0.4699 0
863 0.4676 0
620 0.4662 0
1708 0.4651 0
817 0.4598 0
371 0.4576 0
257 0.4553 0
1110 0.4527 0
1088 0.4519 0
26 0.4472 0
674 0.4434 0
1215 0.4430 0
1389 0.4423 0
87 0.4359 0
238 0.4338 0
1356 0.4276 0
1998 0.4220 0
230 0.4209 0
367 0.4203 0
529 0.4178 0
979 0.4136 0
735 0.4128 0
858 0.4109 0
973 0.4099 0
1431 0.4072 0
1745 0.4062 0
372 0.4058 0
1856 0.4054 0
1930 0.4049 0
915 0.3961 0
1893 0.3924 0
369 0.3845 0
394 0.3797 0
872 0.3775 0
1707 0.3724 0
520 0.3540 0
347 0.3469 0
41 0.3424 0
888 0.3381 0
1345 0.3366 0
927 0.3277 0
641 0.3269 0
650 0.3265 0
385 0.3261 0
1249 0.3255 0
1006 0.3107 0
1144 0.3070 0
1982 0.2966 0
1083 0.2931 0
163 0.2890 0
1211 0.2852 0
912 0.2789 0
1928 0.2748 0
743 0.2735 0
1473 0.2705 0
1788 0.2681 0
46 0.2660 0
974 0.2595 0
108 0.2529 0
1894 0.2499 0
115 0.2496 0
1284 0.2411 0
1772 0.2336 0
172 0.2332 0
1268 0.2308 0
1279 0.2300 0
389 0.2288 0
963 0.2227 0
116 0.2157 0
469 0.2147 0
1680 0.2131 0
8 0.2041 0
633 0.2010 0
71 0.1981 0
776 0.1959 0
196 0.1944 0
9 0.1933 0
1445 0.1883 0
809 0.1712 0
34 0.1576 0
1039 0.1558 0
1145 0.1533 0
1976 0.1501 0
766 0.1497 0
530 0.1475 0
1383 0.1425 0
1938 0.1363 0
1400 0.1361 0
1702 0.1286 0
1087 0.1106 0
513 0.1101 0
883 0.1078 0
1259 0.1042 0
1455 0.1018 0
1955 0.1016 0
1532 0.1005 0
1307 0.0954 0
1714 0.0909 0
16 0.0903 0
350 0.0880 0
1085 0.0873 0
1435 0.0860 0
171 0.0858 0
266 0.0835 0
1754 0.0794 0
581 0.0764 0
1644 0.0707 0
122 0.0685 0
62 0.0681 0
12 0.0659 0
376 0.0652 0
1466 0.0652 0
20 0.0641 0
1453 0.0632 0
622 0.0530 0
1454 0.0524 0
1759 0.0491 0
1347 0.0441 0
1937 0.0361 0
1959 0.0275 0
96 0.0242 0
829 0.0231 0
543 0.0173 0
1160 0.0168 0
1887 0.0138 0
1339 0.0130 0
544 0.0030 0
1317 0.0018 0
1563 0.0016 0
1495 0.0003 0
1076 -0.0036 0
742 -0.0058 0
1094 -0.0076 0
73 -0.0088 0
1263 -0.0089 0
701 -0.0089 0
1123 -0.0093 0
457 -0.0104 0
1209 -0.0123 0
589 -0.0165 0
1236 -0.0175 0
713 -0.0224 0
1278 -0.0254 0
1283 -0.0313 0
1805 -0.0357 0
1935 -0.0381 0
85 -0.0429 0
1468 -0.0467 0
1287 -0.0479 0
1252 -0.0571 0
1234 -0.0583 0
1262 -0.0641 0
1304 -0.0706 0
1751 -0.0797 0
123 -0.0806 0
133 -0.0813 0
549 -0.0906 0
588 -0.0924 0
1897 -0.0966 0
42 -0.1107 0
601 -0.1108 0
1812 -0.1130 0
522 -0.1203 0
205 -0.1225 0
744 -0.1251 0
891 -0.1255 0
1439 -0.1262 0
1531 -0.1268 0
1737 -0.1304 0
246 -0.1318 0
553 -0.1330 0
1692 -0.1339 0
1112 -0.1342 0
10 -0.1345 0
1463 -0.1364 0
341 -0.1370 0
1965 -0.1430 0
1102 -0.1495 0
646 -0.1598 0
606 -0.1620 0
50 -0.1625 0
982 -0.1701 0
1581 -0.1783 0
1903 -0.1819 0
145 -0.1833 0
1833 -0.1845 0
335 -0.1853 0
1972 -0.1892 0
1720 -0.1936 0
705 -0.1947 0
547 -0.1992 0
1203 -0.1997 0
748 -0.2027 0
74 -0.2034 0
1390 -0.2146 0
29 -0.2156 0
1796 -0.2171 0
668 -0.2237 0
396 -0.2257 0
894 -0.2259 0
1458 -0.2268 0
14 -0.2268 0
1061 -0.2288 0
1038 -0.2303 0
604 -0.2322 0
1191 -0.2325 0
824 -0.2345 0
1848 -0.2435 0
1093 -0.2507 0
925 -0.2600 0
1216 -0.2631 0
1395 -0.2636 0
1391 -0.2704 0
226 -0.2722 0
136 -0.2738 0
180 -0.2798 0
854 -0.2866 0
3 -0.2955 0
574 -0.3031 0
1265 -0.3052 0
158 -0.3080 0
1329 -0.3095 0
625 -0.3098 0
694 -0.3137 0
1363 -0.3208 0
1221 -0.3257 0
68 -0.3273 0
740 -0.3321 0
1271 -0.3433 0
793 -0.3472 0
1470 -0.3480 0
1493 -0.3498 0
1072 -0.3517 0
1693 -0.3571 0
1129 -0.3595 0
1014 -0.3605 0
1091 -0.3617 0
1465 -0.3674 0
881 -0.3901 0
1207 -0.3953 0
1827 -0.3963 0
1985 -0.3966 0
1426 -0.3968 0
354 -0.4004 0
286 -0.4014 0
493 -0.4014 0
655 -0.4022 0
1351 -0.4023 0
1459 -0.4113 0
235 -0.4115 0
97 -0.4148 0
486 -0.4153 0
1023 -0.4167 0
1078 -0.4180 0
794 -0.4214 0
1499 -0.4233 0
813 -0.4285 0
821 -0.4311 0
619 -0.4361 0
508 -0.4376 0
1375 -0.4478 0
1472 -0.4513 0
36 -0.4523 0
1860 -0.4554 0
1306 -0.4616 0
730 -0.4670 0
507 -0.4791 0
1792 -0.4815 0
843 -0.4885 0
320 -0.4917 0
1095 -0.4994 0
1869 -0.5044 0
586 -0.5086 0
524 -0.5099 0
1460 -0.5132 0
1021 -0.5198 0
1365 -0.5203 0
1452 -0.5224 0
1858 -0.5314 0
109 -0.5315 0
210 -0.5354 0
333 -0.5357 0
583 -0.5366 0
1231 -0.5402 0
2 -0.5408 0
1414 -0.5431 0
204 -0.5572 0
1371 -0.5594 0
1738 -0.5602 0
1867 -0.5604 0
555 -0.5625 0
340 -0.5640 0
1730 -0.5646 0
1832 -0.5681 0
1245 -0.5719 0
1054 -0.5794 0
528 -0.5798 0
207 -0.5813 0
285 -0.5856 0
356 -0.5892 0
1254 -0.5904 0
1769 -0.5926 0
1029 -0.5943 0
1791 -0.5944 0
63 -0.5971 0
380 -0.5979 0
1293 -0.6011 0
1778 -0.6034 0
893 -0.6059 0
220 -0.6063 0
1703 -0.6104 0
1320 -0.6142 0
75 -0.6156 0
247 -0.6159 0
90 -0.6175 0
1233 -0.6242 0
1723 -0.6246 0
0 -0.6284 0
709 -0.6293 0
1043 -0.6332 0
370 -0.6338 0
262 -0.6392 0
316 -0.6396 0
1777 -0.6437 0
154 -0.6448 0
503 -0.6457 0
786 -0.6463 0
876 -0.6519 0
598 -0.6520 0
1258 -0.6523 0
768 -0.6558 0
1223 -0.6625 0
1285 -0.6642 0
561 -0.6645 0
1253 -0.6653 0
55 -0.6671 0
19 -0.6687 0
1501 -0.6693 0
382 -0.6695 0
1062 -0.6695 0
1839 -0.6708 0
636 -0.6754 0
892 -0.6773 0
994 -0.6790 0
985 -0.6798 0
1119 -0.6836 0
312 -0.6862 0
175 -0.6892 0
360 -0.6897 0
79 -0.6909 0
1883 -0.6918 0
723 -0.6928 0
605 -0.6946 0
1312 -0.6953 0
1923 -0.6979 0
1717 -0.7023 0
1711 -0.7034 0
1425 -0.7054 0
846 -0.7083 0
1922 -0.7107 0
1610 -0.7116 0
1007 -0.7126 0
511 -0.7146 0
546 -0.7156 0
1958 -0.7189 0
1866 -0.7207 0
1291 -0.7227 0
1655 -0.7262 0
1752 -0.7262 0
1825 -0.7349 0
1201 -0.7451 0
1367 -0.7467 0
526 -0.7492 0
1397 -0.7496 0
1450 -0.7534 0
751 -0.7668 0
848 -0.7682 0
1106 -0.7712 0
1107 -0.7787 0
1572 -0.7798 0
778 -0.7940 0
1158 -0.7970 0
1068 -0.8004 0
864 -0.8071 0
870 -0.8074 0
1675 -0.8089 0
827 -0.8098 0
144 -0.8140 0
132 -0.8252 0
959 -0.8262 0
70 -0.8328 0
1969 -0.8333 0
900 -0.8373 0
862 -0.8402 0
771 -0.8432 0
309 -0.8437 0
1690 -0.8539 0
1533 -0.8543 0
1164 -0.8545 0
1386 -0.8581 0
1951 -0.8739 0
1756 -0.8741 0
1945 -0.8809 0
1977 -0.8810 0
1114 -0.8866 0
1674 -0.9046 0
1522 -0.9052 0
191 -0.9056 0
1742 -0.9066 0
1657 -0.9120 0
991 -0.9194 0
1448 -0.9409 0
1963 -0.9438 0
294 -0.9498 0
703 -0.9511 0
105 -0.9588 0
1128 -0.9596 0
1028 -0.9641 0
841 -0.9647 0
565 -0.9849 0
632 -0.9864 0
1008 -0.9917 0
330 -0.9973 0
1161 -0.9979 0
868 -1.0020 0
164 -1.0037 0
289 -1.0049 0
1724 -1.0140 0
512 -1.0159 0
1282 -1.0198 0
1442 -1.0223 0
666 -1.0261 0
896 -1.0353 0
206 -1.0353 0
1512 -1.0357 0
1709 -1.0370 0
753 -1.0415 0
1353 -1.0476 0
1902 -1.0509 0
1380 -1.0511 0
1148 -1.0518 0
1214 -1.0528 0
955 -1.0539 0
1853 -1.0562 0
1444 -1.0598 0
656 -1.0613 0
1177 -1.0616 0
805 -1.0627 0
502 -1.0652 0
454 -1.0669 0
785 -1.0685 0
54 -1.0758 0
231 -1.0775 0
1966 -1.0794 0
1925 -1.0880 0
878 -1.0885 0
213 -1.0894 0
1485 -1.0897 0
1192 -1.0939 0
519 -1.0988 0
818 -1.0990 0
568 -1.1016 0
1546 -1.1055 0
1491 -1.1055 0
1322 -1.1098 0
1732 -1.1113 0
1238 -1.1138 0
381 -1.1159 0
1420 -1.1211 0
267 -1.1331 0
1968 -1.1332 0
1562 -1.1383 0
379 -1.1400 0
1504 -1.1467 0
463 -1.1481 0
77 -1.1570 0
986 -1.1573 0
1915 -1.1575 0
1143 -1.1584 0
688 -1.1644 0
278 -1.1668 0
1890 -1.1701 0
1672 -1.1704 0
932 -1.1732 0
1196 -1.1740 0
1480 -1.1749 0
1710 -1.1976 0
840 -1.2005 0
1787 -1.2008 0
177 -1.2020 0
1239 -1.2027 0
1823 -1.2043 0
338 -1.2081 0
1457 -1.2091 0
1052 -1.2161 0
305 -1.2188 0
37 -1.2203 0
1633 -1.2209 0
1630 -1.2223 0
1621 -1.2242 0
689 -1.2250 0
937 -1.2261 0
600 -1.2325 0
749 -1.2330 0
613 -1.2385 0
1589 -1.2397 0
1418 -1.2408 0
475 -1.2430 0
732 -1.2462 0
1818 -1.2481 0
644 -1.2555 0
1771 -1.2632 0
637 -1.2643 0
474 -1.2672 0
1954 -1.2679 0
1881 -1.2695 0
629 -1.2739 0
279 -1.2740 0
617 -1.2765 0
181 -1.2785 0
496 -1.2808 0
1662 -1.2822 0
527 -1.2931 0
1170 -1.2942 0
1343 -1.2947 0
1228 -1.3009 0
1141 -1.3027 0
1634 -1.3030 0
1793 -1.3066 0
1888 -1.3102 0
82 -1.3108 0
833 -1.3145 0
831 -1.3234 0
1424 -1.3282 0
1318 -1.3307 0
1372 -1.3318 0
1376 -1.3376 0
536 -1.3404 0
377 -1.3433 0
1443 -1.3493 0
1417 -1.3515 0
1139 -1.3528 0
1080 -1.3534 0
178 -1.3561 0
1406 -1.3566 0
687 -1.3597 0
1154 -1.3626 0
535 -1.3753 0
1010 -1.3764 0
845 -1.3821 0
1416 -1.3839 0
807 -1.3888 0
930 -1.3896 0
803 -1.3923 0
141 -1.3969 0
1561 -1.4006 0
487 -1.4046 0
111 -1.4073 0
1298 -1.4129 0
459 -1.4130 0
1729 -1.4149 0
1767 -1.4232 0
1889 -1.4254 0
1580 -1.4285 0
1157 -1.4319 0
1050 -1.4327 0
860 -1.4413 0
159 -1.4453 0
251 -1.4467 0
1819 -1.4485 0
1936 -1.4487 0
1593 -1.4496 0
1553 -1.4509 0
120 -1.4514 0
787 -1.4521 0
1705 -1.4544 0
699 -1.4585 0
667 -1.4596 0
1701 -1.4602 0
1248 -1.4688 0
1700 -1.4694 0
1305 -1.4774 0
1103 -1.4815 0
969 -1.4823 0
1523 -1.4825 0
1261 -1.4867 0
1987 -1.4868 0
849 -1.4935 0
297 -1.4950 0
953 -1.4965 0
308 -1.4994 0
1315 -1.4999 0
131 -1.5001 0
91 -1.5001 0
397 -1.5010 0
1517 -1.5055 0
110 -1.5075 0
1916 -1.5085 0
189 -1.5088 0
1513 -1.5109 0
378 -1.5122 0
491 -1.5124 0
1912 -1.5151 0
1446 -1.5168 0
287 -1.5172 0
998 -1.5179 0
1569 -1.5213 0
788 -1.5213 0
148 -1.5230 0
960 -1.5306 0
1515 -1.5338 0
1761 -1.5416 0
1545 -1.5445 0
342 -1.5499 0
1401 -1.5509 0
989 -1.5554 0
612 -1.5604 0
774 -1.5632 0
21 -1.5672 0
1795 -1.5676 0
1967 -1.5729 0
1716 -1.5731 0
1502 -1.5733 0
1328 -1.5739 0
1121 -1.5753 0
1255 -1.5761 0
852 -1.5762 0
515 -1.5770 0
1507 -1.5791 0
1427 -1.5832 0
832 -1.5840 0
1564 -1.5862 0
306 -1.5887 0
618 -1.5976 0
498 -1.5996 0
931 -1.6000 0
1348 -1.6036 0
334 -1.6046 0
1999 -1.6048 0
173 -1.6114 0
1272 -1.6133 0
1986 -1.6274 0
1090 -1.6363 0
484 -1.6469 0
1952 -1.6475 0
1786 -1.6508 0
1481 -1.6517 0
72 -1.6518 0
647 -1.6554 0
1134 -1.6613 0
773 -1.6651 0
1447 -1.6725 0
1849 -1.6726 0
229 -1.6759 0
1237 -1.6816 0
1394 -1.6862 0
980 -1.6900 0
221 -1.6936 0
517 -1.6950 0
1476 -1.6951 0
1194 -1.6981 0
1798 -1.6993 0
1997 -1.7040 0
1740 -1.7050 0
1303 -1.7072 0
1758 -1.7098 0
1462 -1.7102 0
670 -1.7121 0
1789 -1.7136 0
472 -1.7151 0
234 -1.7152 0
1350 -1.7164 0
1831 -1.7200 0
996 -1.7230 0
1924 -1.7244 0
1432 -1.7287 0
1130 -1.7292 0
1404 -1.7295 0
984 -1.7410 0
741 -1.7419 0
1744 -1.7454 0
233 -1.7485 0
1746 -1.7517 0
254 -1.7528 0
1126 -1.7532 0
1649 -1.7546 0
1619 -1.7554 0
139 -1.7609 0
232 -1.7644 0
1666 -1.7679 0
1652 -1.7696 0
1327 -1.7740 0
98 -1.7742 0
548 -1.7744 0
1799 -1.7753 0
1728 -1.7791 0
1521 -1.7806 0
93 -1.7833 0
107 -1.7843 0
1301 -1.7865 0
518 -1.7902 0
1354 -1.7911 0
319 -1.7911 0
1288 -1.7937 0
1382 -1.7964 0
1779 -1.7982 0
603 -1.7997 0
1111 -1.8000 0
957 -1.8028 0
501 -1.8035 0
1697 -1.8052 0
140 -1.8085 0
1609 -1.8124 0
970 -1.8132 0
1264 -1.8168 0
811 -1.8270 0
1498 -1.8272 0
1785 -1.8280 0
478 -1.8284 0
1899 -1.8313 0
348 -1.8322 0
801 -1.8379 0
1528 -1.8387 0
61 -1.8395 0
1530 -1.8417 0
798 -1.8426 0
65 -1.8509 0
1461 -1.8546 0
679 -1.8580 0
634 -1.8672 0
464 -1.8672 0
1994 -1.8679 0
521 -1.8693 0
1438 -1.8719 0
137 -1.8722 0
1295 -1.8778 0
1505 -1.8802 0
1749 -1.8829 0
1671 -1.8860 0
795 -1.8884 0
1755 -1.8901 0
1310 -1.8922 0
1467 -1.9013 0
170 -1.9042 0
1557 -1.9063 0
183 -1.9093 0
1063 -1.9128 0
69 -1.9130 0
138 -1.9140 0
1865 -1.9141 0
1362 -1.9162 0
495 -1.9253 0
976 -1.9278 0
256 -1.9483 0
1127 -1.9504 0
1352 -1.9684 0
1814 -1.9688 0
1381 -1.9704 0
777 -1.9782 0
1776 -1.9817 0
746 -1.9829 0
1694 -1.9854 0
1535 -1.9946 0
1748 -1.9975 0
1549 -1.9976 0
714 -1.9981 0
1366 -2.0005 0
92 -2.0033 0
1721 -2.0039 0
1599 -2.0057 0
60 -2.0079 0
299 -2.0145 0
762 -2.0145 0
1309 -2.0165 0
1640 -2.0302 0
150 -2.0312 0
981 -2.0320 0
993 -2.0335 0
677 -2.0365 0
1651 -2.0418 0
1294 -2.0475 0
1208 -2.0593 0
1100 -2.0647 0
1140 -2.0648 0
1843 -2.0719 0
1360 -2.0732 0
1534 -2.0746 0
1573 -2.0785 0
1489 -2.0789 0
1978 -2.0889 0
1770 -2.0897 0
1698 -2.0900 0
1338 -2.0948 0
1942 -2.1014 0
1956 -2.1083 0
302 -2.1115 0
1508 -2.1117 0
1469 -2.1123 0
706 -2.1163 0
1780 -2.1227 0
1337 -2.1313 0
276 -2.1324 0
84 -2.1324 0
103 -2.1336 0
1949 -2.1380 0
1911 -2.1473 0
1477 -2.1488 0
772 -2.1573 0
903 -2.1655 0
1212 -2.1673 0
540 -2.1706 0
1658 -2.1796 0
765 -2.1818 0
1782 -2.1819 0
1060 -2.1910 0
288 -2.1912 0
657 -2.1927 0
1002 -2.1963 0
1324 -2.2018 0
812 -2.2222 0
1299 -2.2310 0
1804 -2.2330 0
1570 -2.2367 0
1300 -2.2379 0
1436 -2.2440 0
208 -2.2462 0
1980 -2.2500 0
1908 -2.2590 0
1673 -2.2590 0
541 -2.2617 0
95 -2.2629 0
337 -2.2735 0
219 -2.2813 0
1016 -2.2828 0
40 -2.2873 0
1113 -2.2928 0
78 -2.3006 0
216 -2.3111 0
1333 -2.3112 0
1434 -2.3131 0
1876 -2.3164 0
1269 -2.3203 0
1115 -2.3249 0
1627 -2.3253 0
1524 -2.3376 0
1538 -2.3409 0
261 -2.3435 0
283 -2.3475 0
1877 -2.3505 0
1313 -2.3647 0
1227 -2.3654 0
1784 -2.3668 0
1137 -2.3780 0
1565 -2.3854 0
534 -2.3965 0
652 -2.3967 0
162 -2.3979 0
1335 -2.4078 0
1370 -2.4134 0
1520 -2.4174 0
1430 -2.4213 0
460 -2.4319 0
1206 -2.4351 0
1575 -2.4398 0
523 -2.4491 0
1449 -2.4519 0
1326 -2.4551 0
277 -2.4561 0
1669 -2.4599 0
737 -2.4620 0
736 -2.4645 0
695 -2.4668 0
1189 -2.4681 0
1031 -2.4750 0
398 -2.4774 0
1025 -2.4823 0
623 -2.4831 0
631 -2.4900 0
1124 -2.4904 0
1684 -2.4913 0
1844 -2.4952 0
1913 -2.4989 0
345 -2.5015 0
1620 -2.5025 0
81 -2.5025 0
1393 -2.5065 0
1273 -2.5072 0
611 -2.5084 0
1766 -2.5135 0
76 -2.5153 0
39 -2.5262 0
490 -2.5323 0
199 -2.5342 0
759 -2.5431 0
1297 -2.5455 0
1514 -2.5478 0
1636 -2.5518 0
1316 -2.5580 0
607 -2.5614 0
1868 -2.5639 0
1914 -2.5714 0
1647 -2.5746 0
1163 -2.5980 0
153 -2.6024 0
1898 -2.6044 0
311 -2.6060 0
978 -2.6089 0
756 -2.6098 0
1433 -2.6147 0
1594 -2.6199 0
1988 -2.6216 0
1919 -2.6236 0
1537 -2.6460 0
1479 -2.6474 0
692 -2.6489 0
1712 -2.6502 0
722 -2.6503 0
1475 -2.6508 0
194 -2.6522 0
1807 -2.6602 0
1047 -2.6624 0
1219 -2.6668 0
274 -2.6674 0
1909 -2.6740 0
451 -2.6837 0
203 -2.6844 0
260 -2.6898 0
717 -2.6909 0
1587 -2.6947 0
919 -2.6996 0
51 -2.7002 0
1821 -2.7010 0
853 -2.7033 0
169 -2.7074 0
6 -2.7098 0
879 -2.7179 0
211 -2.7219 0
1822 -2.7250 0
1051 -2.7262 0
539 -2.7288 0
1344 -2.7329 0
1558 -2.7343 0
951 -2.7351 0
1665 -2.7390 0
1896 -2.7422 0
500 -2.7460 0
1689 -2.7553 0
1172 -2.7577 0
253 -2.7585 0
628 -2.7666 0
1009 -2.7749 0
1319 -2.7755 0
781 -2.7808 0
494 -2.7843 0
1187 -2.7875 0
1057 -2.7962 0
1529 -2.8006 0
1497 -2.8026 0
1604 -2.8055 0
222 -2.8145 0
1624 -2.8227 0
1276 -2.8253 0
1774 -2.8272 0
1547 -2.8285 0
1900 -2.8291 0
1552 -2.8292 0
1369 -2.8339 0
1981 -2.8343 0
1197 -2.8346 0
640 -2.8362 0
760 -2.8391 0
102 -2.8401 0
1202 -2.8410 0
298 -2.8483 0
867 -2.8500 0
1210 -2.8521 0
1901 -2.8533 0
1753 -2.8583 0
1166 -2.8663 0
156 -2.8672 0
56 -2.8751 0
1691 -2.8770 0
1503 -2.8798 0
1567 -2.8842 0
1109 -2.8851 0
1146 -2.8865 0
1539 -2.8921 0
155 -2.8956 0
745 -2.8973 0
992 -2.8982 0
1176 -2.9030 0
241 -2.9037 0
1340 -2.9059 0
1218 -2.9122 0
224 -2.9148 0
1387 -2.9180 0
1396 -2.9190 0
1670 -2.9209 0
1379 -2.9216 0
1944 -2.9223 0
950 -2.9238 0
462 -2.9247 0
1603 -2.9290 0
281 -2.9308 0
983 -2.9322 0
1918 -2.9413 0
887 -2.9439 0
1510 -2.9448 0
1643 -2.9450 0
1330 -2.9477 0
1471 -2.9494 0
968 -2.9534 0
304 -2.9535 0
1193 -2.9564 0
293 -2.9590 0
764 -2.9652 0
1525 -2.9723 0
792 -2.9802 0
1152 -2.9810 0
1168 -2.9903 0
1591 -2.9999 0
168 -3.0047 0
1186 -3.0114 0
1590 -3.0124 0
1368 -3.0156 0
680 -3.0197 0
1487 -3.0212 0
1527 -3.0221 0
1402 -3.0258 0
1101 -3.0280 0
1683 -3.0327 0
240 -3.0414 0
967 -3.0478 0
1015 -3.0490 0
1719 -3.0549 0
767 -3.0557 0
1639 -3.0577 0
966 -3.0679 0
1225 -3.0694 0
1677 -3.0742 0
1826 -3.0798 0
1932 -3.0802 0
1349 -3.0829 0
1661 -3.0890 0
1664 -3.0911 0
1854 -3.0942 0
167 -3.1032 0
962 -3.1032 0
1422 -3.1039 0
627 -3.1109 0
1983 -3.1137 0
1939 -3.1171 0
977 -3.1199 0
1679 -3.1290 0
972 -3.1317 0
1629 -3.1345 0
290 -3.1364 0
1159 -3.1413 0
1331 -3.1435 0
1686 -3.1446 0
1374 -3.1462 0
1336 -3.1463 0
965 -3.1583 0
1542 -3.1624 0
272 -3.1639 0
310 -3.1660 0
1555 -3.1669 0
1277 -3.1692 0
621 -3.1789 0
1556 -3.1801 0
1678 -3.1802 0
215 -3.1804 0
450 -3.1811 0
1663 -3.1819 0
1147 -3.1825 0
789 -3.1917 0
1975 -3.1930 0
1775 -3.1952 0
505 -3.1979 0
1405 -3.1987 0
1576 -3.2039 0
1962 -3.2097 0
1991 -3.2165 0
1392 -3.2198 0
1615 -3.2201 0
1927 -3.2212 0
1045 -3.2227 0
250 -3.2242 0
239 -3.2373 0
1586 -3.2423 0
1162 -3.2514 0
1718 -3.2556 0
1257 -3.2629 0
797 -3.2645 0
1323 -3.2754 0
80 -3.2797 0
1544 -3.2840 0
236 -3.2903 0
488 -3.2954 0
1290 -3.2986 0
187 -3.3097 0
1940 -3.3115 0
89 -3.3215 0
43 -3.3229 0
1041 -3.3314 0
1579 -3.3337 0
349 -3.3394 0
877 -3.3416 0
1518 -3.3531 0
192 -3.3573 0
1862 -3.3609 0
1199 -3.3657 0
227 -3.3665 0
1171 -3.3744 0
1783 -3.3751 0
961 -3.3777 0
651 -3.3837 0
1953 -3.3877 0
538 -3.3882 0
1281 -3.3963 0
1117 -3.3995 0
690 -3.4093 0
1984 -3.4194 0
1715 -3.4248 0
1595 -3.4254 0
1989 -3.4255 0
1540 -3.4258 0
653 -3.4342 0
639 -3.4370 0
1543 -3.4382 0
291 -3.4497 0
1506 -3.4523 0
1735 -3.4597 0
1122 -3.4604 0
1174 -3.4614 0
1133 -3.4641 0
1618 -3.4719 0
301 -3.4720 0
1992 -3.4727 0
270 -3.4728 0
263 -3.4752 0
630 -3.4789 0
504 -3.4971 0
1180 -3.4991 0
1151 -3.5005 0
165 -3.5273 0
1905 -3.5276 0
1488 -3.5319 0
1551 -3.5373 0
1763 -3.5377 0
244 -3.5386 0
252 -3.5435 0
1179 -3.5508 0
1566 -3.5538 0
99 -3.5721 0
461 -3.5795 0
724 -3.5803 0
822 -3.5805 0
1150 -3.5829 0
884 -3.5891 0
1017 -3.5915 0
1357 -3.5916 0
1872 -3.6046 0
160 -3.6061 0
53 -3.6108 0
1685 -3.6119 0
608 -3.6274 0
1165 -3.6285 0
373 -3.6292 0
1149 -3.6379 0
1032 -3.6426 0
157 -3.6496 0
83 -3.6518 0
1699 -3.6565 0
1571 -3.6802 0
119 -3.6845 0
1286 -3.6920 0
258 -3.6961 0
1622 -3.6963 0
1722 -3.6991 0
1550 -3.7006 0
1926 -3.7016 0
1511 -3.7132 0
161 -3.7144 0
1274 -3.7285 0
542 -3.7294 0
1597 -3.7297 0
1637 -3.7309 0
1623 -3.7361 0
1346 -3.7449 0
626 -3.7485 0
1548 -3.7510 0
201 -3.7510 0
1656 -3.7598 0
1660 -3.7804 0
1364 -3.7812 0
202 -3.7904 0
1596 -3.7912 0
307 -3.8022 0
1361 -3.8024 0
1607 -3.8226 0
1536 -3.8240 0
1138 -3.8384 0
1611 -3.8481 0
64 -3.8546 0
1560 -3.8569 0
1743 -3.8719 0
237 -3.8726 0
218 -3.8735 0
1682 -3.8795 0
1631 -3.8837 0
1195 -3.8885 0
828 -3.8915 0
1183 -3.8965 0
242 -3.9060 0
997 -3.9228 0
331 -3.9276 0
1974 -3.9300 0
112 -3.9357 0
779 -3.9438 0
1577 -3.9536 0
466 -3.9541 0
673 -3.9567 0
1516 -3.9706 0
198 -3.9712 0
265 -3.9889 0
186 -3.9989 0
1314 -4.0012 0
1605 -4.0065 0
1190 -4.0103 0
1574 -4.0305 0
610 -4.0332 0
1167 -4.0425 0
1325 -4.0433 0
48 -4.0458 0
1961 -4.0472 0
1950 -4.0637 0
783 -4.0664 0
1970 -4.0696 0
248 -4.0723 0
1509 -4.0758 0
1979 -4.0838 0
873 -4.0899 0
1973 -4.0903 0
654 -4.1115 0
609 -4.1118 0
1582 -4.1218 0
1246 -4.1412 0
197 -4.1581 0
1638 -4.1665 0
452 -4.1784 0
1377 -4.1850 0
815 -4.1927 0
1104 -4.2011 0
1765 -4.2122 0
1617 -4.2375 0
1568 -4.2632 0
1578 -4.2638 0
1198 -4.2854 0
1650 -4.2958 0
643 -4.2972 0
1583 -4.3166 0
212 -4.3317 0
149 -4.3341 0
1695 -4.3390 0
1606 -4.3808 0
1175 -4.4028 0
1971 -4.4116 0
1182 -4.4170 0
343 -4.4283 0
1668 -4.4322 0
1933 -4.4465 0
1155 -4.4518 0
1173 -4.4746 0
1628 -4.4828 0
176 -4.4886 0
1625 -4.4895 0
259 -4.4906 0
1559 -4.4948 0
485 -4.5010 0
733 -4.5024 0
615 -4.5167 0
988 -4.5199 0
1428 -4.5201 0
851 -4.5241 0
800 -4.5339 0
1676 -4.5465 0
1178 -4.5529 0
1614 -4.5634 0
1169 -4.5736 0
1645 -4.5817 0
1931 -4.5887 0
59 -4.6021 0
1358 -4.6072 0
1602 -4.6100 0
209 -4.6102 0
1995 -4.6680 0
1632 -4.7137 0
1612 -4.7331 0
1598 -4.7365 0
649 -4.7380 0
1659 -4.7654 0
1388 -4.7700 0
1321 -4.7804 0
166 -4.7832 0
179 -4.7837 0
1410 -4.7891 0
1184 -4.7928 0
225 -4.8220 0
1626 -4.8610 0
1648 -4.8767 0
1646 -4.8874 0
1601 -4.8892 0
1384 -4.9261 0
1910 -4.9541 0
1790 -4.9681 0
1653 -4.9700 0
188 -4.9877 0
1494 -4.9982 0
671 -5.0003 0
1296 -5.0287 0
616 -5.0331 0
1920 -5.0723 0
1185 -5.0756 0
1613 -5.1218 0
200 -5.1255 0
642 -5.2535 0
1500 -5.2542 0
1904 -5.2594 0
151 -5.2606 0
1608 -5.2618 0
1635 -5.2797 0
1616 -5.3033 0
228 -5.3177 0
1332 -5.3224 0
964 -5.3500 0
185 -5.3764 0
1108 -5.4160 0
1600 -5.4479 0
275 -5.4625 0
684 -5.4798 0
1519 -5.4940 0
127 -5.5092 0
958 -5.5287 0
280 -5.5536 0
691 -5.5710 0
184 -5.6043 0
344 -5.6196 0
245 -5.6417 0
249 -5.6993 0
268 -5.8023 0
255 -5.9581 0
999 -6.1523 0
217 -6.3348 0
1302 -6.4371 0
243 -6.6477 0
624 -6.7859 0
638 -7.1464 0
1641 -7.2955 0
1153 -8.9834 0
