456 28.6628 1
468 25.2333 1
498 24.6208 1
459 20.6921 1
488 19.4199 1
499 16.6179 1
496 16.0691 1
489 15.1682 1
1281 14.1296 0
492 14.1003 1
476 13.9108 1
472 13.8184 1
1258 13.5668 0
490 13.2104 1
477 13.1729 1
473 12.5916 1
1554 11.3534 0
778 11.2257 0
1272 10.7329 0
1518 10.6741 0
486 10.6163 1
471 10.5689 1
1297 10.5359 0
1511 10.1146 0
455 10.0436 1
1626 10.0148 0
463 9.8854 1
1265 9.7540 0
1283 9.6023 0
1270 9.5535 0
1475 9.5293 0
1501 9.4766 0
1045 9.3678 0
951 9.1722 0
1136 9.1423 0
361 9.0931 0
1342 9.0258 0
1647 8.9260 0
326 8.7396 0
465 8.5958 1
1282 8.4834 0
1291 8.4706 0
821 8.4667 0
1262 8.4510 0
320 8.3219 0
1504 8.1589 0
764 8.1344 0
464 8.0632 1
461 8.0278 1
1227 7.9610 0
1544 7.9596 0
1293 7.8259 0
386 7.8176 0
1605 7.7563 0
1434 7.6725 0
1295 7.6509 0
378 7.6339 0
1032 7.6335 0
1149 7.5993 0
1566 7.5702 0
1533 7.5694 0
762 7.5559 0
1560 7.5288 0
1578 7.5069 0
1437 7.4893 0
1538 7.4810 0
1524 7.4621 0
336 7.4512 0
1584 7.3701 0
466 7.2921 1
469 7.2689 1
1643 7.2616 0
1278 7.2144 0
1280 7.2056 0
1513 7.1887 0
962 7.1666 0
453 7.1652 1
981 7.1186 0
495 7.0742 1
521 7.0343 0
1379 6.9175 0
784 6.8585 0
1274 6.8477 0
1519 6.8061 0
1559 6.7939 0
478 6.7910 1
318 6.7896 0
1546 6.7646 0
1410 6.7141 0
1526 6.7139 0
327 6.7101 0
1522 6.6933 0
1572 6.6802 0
1582 6.6785 0
1567 6.6750 0
1284 6.6555 0
1536 6.6322 0
754 6.6285 0
482 6.5840 1
1543 6.5708 0
963 6.5663 0
1286 6.5434 0
966 6.5158 0
1261 6.5136 0
493 6.5013 1
1271 6.4856 0
1573 6.4592 0
470 6.3867 1
388 6.3401 0
1531 6.2759 0
578 6.2648 0
995 6.2494 0
1697 6.2347 0
1568 6.2325 0
200 6.2293 0
342 6.2158 0
1788 6.2043 0
983 6.1766 0
1332 6.1759 0
1252 6.1650 0
1602 6.1483 0
800 6.1300 0
395 6.1257 0
1357 6.1080 0
1327 6.0594 0
974 6.0000 0
987 5.9918 0
1927 5.9788 0
319 5.9748 0
460 5.9696 1
393 5.9526 0
1596 5.9508 0
458 5.9494 1
311 5.9243 0
979 5.9193 0
528 5.8872 0
1298 5.8775 0
893 5.8703 0
522 5.8700 0
491 5.8583 1
1006 5.8499 0
1795 5.8393 0
309 5.8301 0
1512 5.8283 0
384 5.8203 0
1180 5.8191 0
538 5.7883 0
376 5.7634 0
1449 5.7530 0
980 5.7139 0
1002 5.6994 0
1516 5.6984 0
1025 5.6972 0
793 5.6954 0
1279 5.6841 0
487 5.6649 1
1642 5.6618 0
389 5.6556 0
978 5.6350 0
302 5.6279 0
547 5.6001 0
1576 5.5888 0
1343 5.5659 0
1577 5.5648 0
996 5.5596 0
1495 5.5317 0
212 5.5094 0
991 5.4856 0
1472 5.4706 0
1287 5.4635 0
1659 5.4548 0
767 5.4349 0
1763 5.4333 0
573 5.4270 0
1681 5.4205 0
957 5.4018 0
1514 5.3846 0
1785 5.3677 0
1586 5.3664 0
335 5.3486 0
1289 5.3390 0
1616 5.3214 0
1534 5.3073 0
1523 5.3067 0
382 5.2978 0
1509 5.2860 0
1456 5.2633 0
785 5.2612 0
1668 5.2512 0
1587 5.2503 0
1680 5.2475 0
1521 5.2471 0
1601 5.2394 0
154 5.2063 0
560 5.1768 0
1771 5.1550 0
1595 5.1396 0
1285 5.1353 0
236 5.1057 0
351 5.0921 0
1417 5.0879 0
75 5.0765 0
1608 5.0571 0
930 5.0503 0
333 5.0426 0
352 5.0231 0
329 5.0201 0
518 5.0179 0
514 4.9992 0
1259 4.9881 0
312 4.9719 0
475 4.9718 1
769 4.9695 0
1905 4.9506 0
1479 4.9470 0
1510 4.9428 0
1401 4.9367 0
1436 4.9290 0
774 4.9256 0
1670 4.9247 0
1630 4.9098 0
1574 4.9098 0
1273 4.9012 0
1418 4.8586 0
1750 4.8348 0
1525 4.7754 0
781 4.7710 0
1171 4.7687 0
1132 4.7569 0
1481 4.7492 0
462 4.7320 1
1323 4.7110 0
1249 4.7016 0
1693 4.7001 0
303 4.6846 0
1257 4.6836 0
451 4.6686 1
1201 4.6609 0
1294 4.6600 0
494 4.6593 1
1009 4.6454 0
1350 4.6446 0
771 4.6430 0
385 4.6419 0
1244 4.6318 0
970 4.6279 0
1451 4.6275 0
931 4.6232 0
1105 4.6221 0
1641 4.6204 0
1695 4.6125 0
394 4.6114 0
1413 4.6110 0
1209 4.5983 0
1636 4.5606 0
1780 4.5588 0
1290 4.5552 0
1673 4.5531 0
315 4.5397 0
248 4.5304 0
372 4.5262 0
523 4.5246 0
752 4.5245 0
973 4.5238 0
807 4.5030 0
766 4.5018 0
1348 4.4841 0
630 4.4809 0
535 4.4749 0
225 4.4740 0
1503 4.4652 0
1268 4.4572 0
751 4.4563 0
1569 4.4549 0
783 4.4466 0
221 4.4443 0
1551 4.4418 0
1030 4.4278 0
690 4.4258 0
89 4.4240 0
1430 4.4225 0
998 4.4165 0
1277 4.4157 0
1909 4.4073 0
1571 4.4040 0
1600 4.3938 0
328 4.3915 0
1384 4.3908 0
1251 4.3729 0
1311 4.3605 0
898 4.3538 0
1690 4.3434 0
337 4.3309 0
1547 4.3296 0
50 4.3201 0
1517 4.3114 0
1118 4.3112 0
1403 4.3059 0
1698 4.2906 0
1319 4.2720 0
66 4.2449 0
357 4.2443 0
1688 4.2361 0
1520 4.2352 0
1489 4.2326 0
1214 4.2184 0
1895 4.2074 0
242 4.2035 0
1515 4.2004 0
1356 4.1998 0
932 4.1984 0
1072 4.1976 0
1106 4.1932 0
510 4.1848 0
485 4.1847 1
915 4.1674 0
1565 4.1655 0
786 4.1546 0
396 4.1500 0
1465 4.1499 0
497 4.1413 1
959 4.1349 0
633 4.1337 0
1557 4.1315 0
230 4.1303 0
562 4.1287 0
1660 4.1248 0
542 4.1215 0
1613 4.1168 0
768 4.1060 0
805 4.1010 0
1292 4.0981 0
1676 4.0974 0
479 4.0957 1
1100 4.0901 0
1507 4.0888 0
985 4.0880 0
937 4.0806 0
1628 4.0669 0
426 4.0668 0
1404 4.0613 0
1127 4.0505 0
986 4.0381 0
1017 4.0158 0
955 3.9829 0
1425 3.9792 0
1675 3.9566 0
245 3.9527 0
559 3.9524 0
1765 3.9482 0
1212 3.9346 0
1469 3.9321 0
960 3.9296 0
358 3.9249 0
1381 3.9216 0
450 3.9167 1
359 3.9165 0
1267 3.9138 0
1637 3.9002 0
1505 3.8930 0
1382 3.8811 0
1537 3.8741 0
1494 3.8735 0
1529 3.8734 0
1345 3.8520 0
1646 3.8475 0
1508 3.8162 0
988 3.8116 0
202 3.8044 0
1540 3.7958 0
379 3.7921 0
1609 3.7857 0
1768 3.7778 0
1194 3.7742 0
1415 3.7676 0
291 3.7609 0
381 3.7589 0
1662 3.7508 0
293 3.7505 0
321 3.7427 0
1147 3.7327 0
964 3.7243 0
391 3.7178 0
1318 3.7176 0
1084 3.7136 0
354 3.7119 0
344 3.6983 0
433 3.6967 0
1530 3.6864 0
1774 3.6777 0
1792 3.6760 0
1638 3.6753 0
1477 3.6731 0
993 3.6665 0
1589 3.6543 0
1471 3.6526 0
815 3.6490 0
1575 3.6476 0
897 3.6349 0
750 3.6266 0
304 3.6211 0
1146 3.6196 0
234 3.6104 0
192 3.6090 0
989 3.5974 0
595 3.5887 0
1237 3.5846 0
826 3.5833 0
992 3.5827 0
760 3.5816 0
545 3.5816 0
165 3.5814 0
1916 3.5798 0
1303 3.5662 0
179 3.5621 0
484 3.5566 1
201 3.5555 0
1685 3.5539 0
313 3.5418 0
1246 3.5370 0
1937 3.5363 0
1562 3.5337 0
1007 3.5289 0
345 3.5282 0
847 3.5259 0
1761 3.5198 0
1144 3.5164 0
697 3.5107 0
1553 3.5089 0
1639 3.5054 0
1407 3.4893 0
524 3.4743 0
1013 3.4695 0
1852 3.4689 0
940 3.4648 0
1558 3.4542 0
1075 3.4500 0
1353 3.4443 0
1644 3.4428 0
1491 3.4367 0
859 3.4359 0
1775 3.4320 0
362 3.4184 0
1864 3.4167 0
481 3.4077 1
984 3.3999 0
214 3.3893 0
772 3.3835 0
1677 3.3797 0
1527 3.3529 0
1594 3.3517 0
1467 3.3386 0
903 3.3355 0
1316 3.3340 0
526 3.3325 0
1499 3.3308 0
1754 3.3196 0
1254 3.3184 0
1248 3.3168 0
982 3.3108 0
746 3.2982 0
375 3.2927 0
1790 3.2907 0
348 3.2903 0
1661 3.2889 0
1640 3.2711 0
1476 3.2604 0
861 3.2586 0
445 3.2565 0
1024 3.2526 0
1448 3.2510 0
1424 3.2457 0
1255 3.2444 0
1073 3.2422 0
1400 3.2405 0
1593 3.2378 0
1446 3.2344 0
204 3.2292 0
565 3.2283 0
1064 3.2201 0
1256 3.2181 0
899 3.2054 0
1305 3.2002 0
1414 3.1936 0
1619 3.1872 0
1939 3.1871 0
1923 3.1810 0
14 3.1783 0
1483 3.1783 0
277 3.1749 0
1008 3.1738 0
808 3.1673 0
1166 3.1570 0
1632 3.1455 0
1631 3.1421 0
823 3.1347 0
1872 3.1343 0
799 3.1332 0
756 3.1292 0
1482 3.1277 0
1125 3.1163 0
1645 3.1086 0
1689 3.1083 0
370 3.1075 0
997 3.1065 0
677 3.1062 0
1242 3.1058 0
1263 3.1004 0
1539 3.0943 0
1396 3.0924 0
1487 3.0889 0
828 3.0865 0
1443 3.0828 0
1556 3.0787 0
1120 3.0614 0
759 3.0592 0
1797 3.0590 0
954 3.0529 0
1653 3.0466 0
502 3.0462 0
1528 3.0427 0
1460 3.0381 0
864 3.0255 0
1397 3.0164 0
818 3.0137 0
904 3.0103 0
387 2.9996 0
398 2.9755 0
229 2.9716 0
1328 2.9706 0
827 2.9673 0
1057 2.9667 0
806 2.9547 0
1825 2.9512 0
241 2.9385 0
794 2.9367 0
804 2.9321 0
504 2.9253 0
1079 2.9173 0
1664 2.9137 0
883 2.8956 0
233 2.8929 0
368 2.8880 0
1615 2.8757 0
1925 2.8719 0
664 2.8686 0
240 2.8662 0
1497 2.8360 0
196 2.8234 0
593 2.8225 0
1542 2.8115 0
1047 2.8099 0
1200 2.8082 0
1347 2.8026 0
791 2.8014 0
1301 2.7996 0
1610 2.7973 0
604 2.7916 0
1464 2.7819 0
1541 2.7794 0
161 2.7751 0
1276 2.7724 0
1656 2.7699 0
413 2.7679 0
1033 2.7640 0
1253 2.7611 0
723 2.7534 0
1102 2.7505 0
540 2.7484 0
1563 2.7428 0
856 2.7425 0
1683 2.7378 0
1590 2.7347 0
1948 2.7254 0
832 2.7175 0
1405 2.7151 0
1370 2.7151 0
919 2.7130 0
1759 2.6961 0
1346 2.6940 0
1919 2.6934 0
1207 2.6810 0
1470 2.6809 0
1658 2.6771 0
452 2.6719 1
1461 2.6696 0
846 2.6687 0
228 2.6596 0
858 2.6514 0
731 2.6489 0
1452 2.6448 0
62 2.6448 0
761 2.6431 0
1692 2.6414 0
952 2.6397 0
353 2.6345 0
224 2.6330 0
215 2.6260 0
1663 2.6144 0
365 2.6101 0
1421 2.5985 0
1038 2.5978 0
1215 2.5918 0
1225 2.5911 0
1627 2.5859 0
1260 2.5831 0
369 2.5803 0
811 2.5785 0
1457 2.5758 0
424 2.5740 0
1003 2.5682 0
796 2.5583 0
825 2.5581 0
1077 2.5463 0
933 2.5357 0
364 2.5323 0
188 2.5150 0
1599 2.5111 0
1492 2.5090 0
392 2.5052 0
1949 2.5014 0
586 2.4964 0
1943 2.4924 0
1583 2.4908 0
1324 2.4900 0
1067 2.4888 0
1996 2.4838 0
467 2.4612 1
834 2.4576 0
533 2.4541 0
777 2.4521 0
1591 2.4481 0
866 2.4478 0
831 2.4455 0
217 2.4391 0
222 2.4308 0
418 2.4254 0
1493 2.4249 0
1913 2.4086 0
556 2.4076 0
1624 2.4035 0
969 2.4032 0
1184 2.4010 0
300 2.3993 0
244 2.3986 0
1104 2.3959 0
584 2.3916 0
206 2.3915 0
972 2.3817 0
817 2.3798 0
1936 2.3789 0
419 2.3714 0
1341 2.3670 0
1233 2.3660 0
183 2.3624 0
53 2.3586 0
674 2.3581 0
184 2.3567 0
1011 2.3560 0
803 2.3520 0
790 2.3486 0
753 2.3408 0
1485 2.3371 0
1687 2.3359 0
958 2.3352 0
1208 2.3276 0
501 2.3216 0
1924 2.3185 0
1635 2.3146 0
1306 2.3117 0
1766 2.3054 0
1409 2.3019 0
346 2.2900 0
1454 2.2897 0
1210 2.2895 0
373 2.2885 0
150 2.2863 0
1128 2.2823 0
1776 2.2689 0
400 2.2637 0
1329 2.2635 0
908 2.2612 0
1783 2.2607 0
787 2.2583 0
812 2.2557 0
1900 2.2527 0
1899 2.2486 0
1992 2.2483 0
1549 2.2464 0
1239 2.2395 0
377 2.2360 0
1131 2.2344 0
1463 2.2330 0
1010 2.2325 0
1093 2.2307 0
1952 2.2240 0
325 2.2238 0
1910 2.2225 0
770 2.2211 0
1772 2.2207 0
448 2.2194 0
912 2.2183 0
1300 2.2180 0
330 2.2131 0
1442 2.2081 0
322 2.2064 0
98 2.1950 0
1304 2.1920 0
316 2.1913 0
1657 2.1880 0
1238 2.1783 0
422 2.1704 0
383 2.1703 0
1488 2.1678 0
1275 2.1646 0
1440 2.1637 0
208 2.1626 0
1459 2.1406 0
1793 2.1313 0
1228 2.1281 0
530 2.1275 0
844 2.1265 0
1611 2.1243 0
350 2.1191 0
1865 2.1152 0
1368 2.1148 0
1975 2.1111 0
763 2.1098 0
374 2.1046 0
247 2.1035 0
512 2.0976 0
757 2.0950 0
404 2.0947 0
516 2.0869 0
863 2.0856 0
1550 2.0847 0
1751 2.0795 0
792 2.0745 0
301 2.0742 0
1686 2.0659 0
95 2.0615 0
976 2.0590 0
775 2.0546 0
699 2.0518 0
1119 2.0507 0
1620 2.0505 0
1365 2.0482 0
1580 2.0432 0
1506 2.0431 0
1737 2.0358 0
1500 2.0250 0
1911 2.0247 0
218 2.0243 0
1473 2.0187 0
566 2.0136 0
743 2.0111 0
1926 2.0105 0
816 2.0076 0
696 2.0073 0
1532 2.0034 0
283 1.9925 0
1682 1.9864 0
1954 1.9855 0
1617 1.9850 0
835 1.9842 0
795 1.9789 0
927 1.9689 0
1857 1.9620 0
1696 1.9550 0
657 1.9548 0
599 1.9537 0
1114 1.9517 0
949 1.9394 0
822 1.9382 0
758 1.9353 0
869 1.9341 0
1090 1.9306 0
851 1.9299 0
591 1.9280 0
1652 1.9275 0
56 1.9270 0
1458 1.9245 0
1232 1.9182 0
802 1.9177 0
1887 1.9166 0
1338 1.9118 0
1579 1.9094 0
1012 1.9087 0
914 1.9085 0
534 1.9063 0
788 1.9063 0
1046 1.8993 0
1122 1.8949 0
1288 1.8891 0
854 1.8873 0
457 1.8865 1
1224 1.8852 0
207 1.8837 0
1085 1.8814 0
237 1.8814 0
73 1.8732 0
1429 1.8731 0
1402 1.8635 0
1195 1.8555 0
1218 1.8532 0
341 1.8528 0
182 1.8436 0
1423 1.8409 0
1781 1.8304 0
454 1.8235 1
692 1.8187 0
1302 1.8170 0
1308 1.8089 0
1389 1.8085 0
1648 1.8053 0
285 1.8042 0
483 1.7997 1
1340 1.7994 0
334 1.7976 0
281 1.7937 0
1140 1.7912 0
570 1.7877 0
776 1.7862 0
402 1.7843 0
520 1.7836 0
881 1.7832 0
670 1.7794 0
1439 1.7775 0
431 1.7702 0
356 1.7642 0
695 1.7625 0
653 1.7620 0
390 1.7603 0
867 1.7570 0
862 1.7535 0
1143 1.7513 0
1426 1.7266 0
529 1.7261 0
1321 1.7256 0
860 1.7246 0
1419 1.7063 0
1650 1.7051 0
1362 1.7048 0
67 1.6871 0
1757 1.6867 0
1548 1.6784 0
306 1.6776 0
1881 1.6758 0
1126 1.6636 0
90 1.6635 0
1083 1.6604 0
64 1.6554 0
1001 1.6541 0
894 1.6505 0
1863 1.6501 0
1846 1.6497 0
340 1.6402 0
1354 1.6271 0
82 1.6265 0
909 1.6232 0
1388 1.6199 0
848 1.6132 0
308 1.6010 0
1234 1.5993 0
525 1.5976 0
840 1.5914 0
338 1.5885 0
1674 1.5882 0
1339 1.5756 0
1684 1.5725 0
151 1.5723 0
654 1.5719 0
295 1.5716 0
1099 1.5698 0
1896 1.5572 0
765 1.5471 0
1376 1.5365 0
1115 1.5358 0
1861 1.5303 0
1901 1.5302 0
428 1.5187 0
257 1.5148 0
194 1.5129 0
1387 1.5104 0
780 1.5074 0
1168 1.5036 0
906 1.5029 0
1078 1.5010 0
819 1.4995 0
1498 1.4984 0
1050 1.4961 0
605 1.4942 0
1654 1.4933 0
1028 1.4912 0
1859 1.4878 0
865 1.4872 0
1151 1.4858 0
290 1.4797 0
1315 1.4783 0
1450 1.4745 0
1882 1.4622 0
1604 1.4602 0
1061 1.4556 0
694 1.4494 0
1606 1.4461 0
1394 1.4428 0
1241 1.4411 0
845 1.4411 0
1598 1.4365 0
1063 1.4359 0
1364 1.4330 0
55 1.4225 0
953 1.4221 0
1383 1.4217 0
789 1.4161 0
850 1.4153 0
1928 1.4077 0
782 1.4024 0
650 1.3983 0
1618 1.3982 0
1352 1.3935 0
332 1.3824 0
1834 1.3771 0
829 1.3763 0
971 1.3757 0
1998 1.3755 0
1148 1.3747 0
474 1.3741 1
907 1.3686 0
1117 1.3669 0
1309 1.3650 0
60 1.3630 0
238 1.3629 0
830 1.3580 0
1756 1.3571 0
399 1.3419 0
11 1.3407 0
1269 1.3381 0
1760 1.3365 0
999 1.3330 0
167 1.3258 0
892 1.3247 0
885 1.3247 0
1889 1.3229 0
956 1.3229 0
1395 1.3229 0
1135 1.3212 0
99 1.3198 0
252 1.3191 0
1552 1.3047 0
1752 1.3024 0
857 1.3022 0
84 1.3011 0
1907 1.2991 0
1377 1.2970 0
853 1.2963 0
1367 1.2948 0
1264 1.2901 0
615 1.2893 0
1988 1.2891 0
213 1.2884 0
934 1.2882 0
166 1.2876 0
1310 1.2821 0
773 1.2789 0
1059 1.2738 0
1671 1.2713 0
729 1.2654 0
1087 1.2597 0
443 1.2574 0
648 1.2543 0
1867 1.2370 0
693 1.2347 0
629 1.2298 0
94 1.2277 0
371 1.2251 0
961 1.2242 0
1360 1.2232 0
87 1.2197 0
639 1.2181 0
561 1.2117 0
663 1.2107 0
136 1.2085 0
397 1.2069 0
1898 1.2044 0
519 1.1951 0
253 1.1929 0
1868 1.1839 0
1944 1.1825 0
500 1.1814 0
1736 1.1766 0
46 1.1733 0
1113 1.1685 0
1667 1.1643 0
1480 1.1632 0
1044 1.1628 0
1933 1.1587 0
1202 1.1555 0
1236 1.1554 0
1545 1.1485 0
132 1.1464 0
138 1.1394 0
872 1.1348 0
1778 1.1340 0
199 1.1310 0
1266 1.1309 0
649 1.1283 0
1679 1.1224 0
509 1.1127 0
1349 1.1085 0
480 1.1064 1
1192 1.1049 0
1385 1.1030 0
1441 1.0984 0
40 1.0965 0
1484 1.0907 0
541 1.0904 0
705 1.0898 0
852 1.0855 0
430 1.0824 0
574 1.0776 0
97 1.0680 0
1422 1.0668 0
1564 1.0653 0
434 1.0596 0
380 1.0557 0
1089 1.0557 0
1223 1.0550 0
1858 1.0542 0
553 1.0521 0
1029 1.0507 0
1466 1.0494 0
232 1.0414 0
1145 1.0408 0
1229 1.0383 0
1789 1.0370 0
589 1.0359 0
408 1.0261 0
1164 1.0252 0
1633 1.0193 0
1468 1.0166 0
1049 1.0139 0
1211 1.0094 0
1015 1.0082 0
1607 0.9989 0
1769 0.9943 0
172 0.9941 0
1380 0.9934 0
1366 0.9919 0
1314 0.9891 0
70 0.9886 0
331 0.9759 0
537 0.9758 0
216 0.9745 0
1561 0.9719 0
1235 0.9711 0
543 0.9667 0
296 0.9575 0
1240 0.9543 0
110 0.9529 0
925 0.9475 0
924 0.9394 0
1758 0.9255 0
1869 0.9204 0
1121 0.9201 0
1876 0.9189 0
673 0.9107 0
1921 0.9080 0
83 0.9059 0
355 0.9057 0
1326 0.8989 0
195 0.8951 0
1162 0.8932 0
871 0.8881 0
173 0.8819 0
707 0.8796 0
797 0.8764 0
152 0.8761 0
1665 0.8661 0
905 0.8631 0
875 0.8603 0
691 0.8551 0
414 0.8548 0
1052 0.8530 0
855 0.8513 0
1666 0.8508 0
198 0.8425 0
1585 0.8414 0
579 0.8310 0
666 0.8271 0
176 0.8270 0
1369 0.8180 0
668 0.8146 0
1962 0.8144 0
950 0.8140 0
1447 0.8139 0
169 0.8093 0
607 0.8078 0
1137 0.8037 0
105 0.8030 0
1989 0.7935 0
324 0.7896 0
193 0.7884 0
842 0.7876 0
1313 0.7866 0
564 0.7857 0
1767 0.7796 0
1942 0.7779 0
539 0.7746 0
1199 0.7737 0
1153 0.7704 0
669 0.7575 0
1873 0.7555 0
39 0.7534 0
323 0.7522 0
755 0.7502 0
360 0.7487 0
929 0.7473 0
409 0.7433 0
1398 0.7424 0
687 0.7419 0
798 0.7383 0
1623 0.7346 0
1391 0.7342 0
1612 0.7319 0
717 0.7279 0
801 0.7274 0
610 0.7225 0
975 0.7146 0
967 0.7093 0
665 0.7088 0
1231 0.7054 0
1973 0.7051 0
681 0.7050 0
1307 0.7035 0
1779 0.7023 0
577 0.6972 0
1331 0.6925 0
675 0.6875 0
1787 0.6834 0
1621 0.6744 0
366 0.6734 0
289 0.6725 0
1885 0.6643 0
1123 0.6573 0
367 0.6527 0
1005 0.6526 0
181 0.6472 0
1019 0.6472 0
737 0.6471 0
527 0.6430 0
1964 0.6313 0
1054 0.6311 0
314 0.6291 0
86 0.6271 0
1333 0.6244 0
174 0.6228 0
1912 0.6217 0
1699 0.6157 0
343 0.6133 0
1206 0.6106 0
1669 0.6044 0
1182 0.6009 0
965 0.5996 0
249 0.5957 0
1784 0.5923 0
1995 0.5905 0
1799 0.5884 0
140 0.5860 0
739 0.5859 0
1355 0.5846 0
944 0.5843 0
1320 0.5781 0
1694 0.5651 0
226 0.5597 0
913 0.5595 0
1955 0.5593 0
258 0.5514 0
508 0.5503 0
420 0.5496 0
884 0.5451 0
1903 0.5435 0
620 0.5394 0
916 0.5357 0
211 0.5279 0
63 0.5227 0
288 0.5151 0
1946 0.5125 0
1435 0.5067 0
266 0.5060 0
1187 0.5031 0
1109 0.5014 0
427 0.4989 0
1603 0.4794 0
555 0.4763 0
191 0.4749 0
1678 0.4709 0
254 0.4707 0
1651 0.4699 0
1247 0.4681 0
255 0.4646 0
631 0.4607 0
1193 0.4563 0
655 0.4482 0
1204 0.4468 0
1039 0.4383 0
571 0.4296 0
1906 0.4266 0
718 0.4214 0
1185 0.4213 0
1023 0.4199 0
517 0.4167 0
891 0.4124 0
1762 0.3973 0
210 0.3892 0
1734 0.3863 0
93 0.3831 0
886 0.3829 0
576 0.3773 0
157 0.3764 0
1222 0.3627 0
1629 0.3518 0
1444 0.3510 0
1036 0.3450 0
900 0.3445 0
112 0.3328 0
449 0.3282 0
1027 0.3272 0
546 0.3213 0
1371 0.3180 0
298 0.3107 0
613 0.3097 0
410 0.3087 0
1412 0.3073 0
968 0.2950 0
1165 0.2866 0
1378 0.2824 0
1138 0.2819 0
1496 0.2816 0
299 0.2807 0
873 0.2763 0
263 0.2717 0
439 0.2662 0
1883 0.2649 0
1393 0.2634 0
1221 0.2560 0
76 0.2548 0
272 0.2511 0
1176 0.2504 0
1416 0.2504 0
317 0.2490 0
513 0.2452 0
1947 0.2420 0
1374 0.2407 0
676 0.2379 0
1406 0.2364 0
1068 0.2339 0
1994 0.2328 0
1967 0.2328 0
1490 0.2324 0
935 0.2277 0
617 0.2248 0
1932 0.2223 0
26 0.2221 0
437 0.2174 0
1186 0.2162 0
531 0.2115 0
548 0.2099 0
724 0.2079 0
1112 0.2067 0
1167 0.2065 0
271 0.2046 0
594 0.2016 0
77 0.1998 0
1866 0.1970 0
1836 0.1962 0
1935 0.1951 0
1111 0.1950 0
1991 0.1897 0
1427 0.1853 0
1031 0.1828 0
1299 0.1793 0
1142 0.1790 0
1502 0.1746 0
1317 0.1677 0
689 0.1663 0
287 0.1658 0
1985 0.1651 0
557 0.1620 0
1337 0.1566 0
1981 0.1561 0
879 0.1490 0
1243 0.1328 0
725 0.1316 0
54 0.1308 0
81 0.1229 0
946 0.1100 0
810 0.1080 0
1363 0.1027 0
1931 0.1012 0
628 0.0987 0
1330 0.0947 0
349 0.0911 0
1953 0.0810 0
920 0.0776 0
1770 0.0749 0
1614 0.0748 0
614 0.0740 0
1920 0.0737 0
48 0.0703 0
31 0.0645 0
684 0.0616 0
1462 0.0591 0
190 0.0589 0
1312 0.0578 0
1 0.0552 0
1107 0.0551 0
1746 0.0492 0
220 0.0464 0
168 0.0450 0
43 0.0437 0
1983 0.0365 0
1880 0.0284 0
363 0.0276 0
1358 0.0243 0
59 0.0164 0
69 0.0160 0
1672 0.0142 0
715 0.0092 0
1069 0.0068 0
1433 0.0057 0
284 0.0048 0
219 0.0045 0
1914 0.0003 0
1997 -0.0079 0
917 -0.0112 0
1743 -0.0178 0
1103 -0.0218 0
239 -0.0234 0
1979 -0.0298 0
307 -0.0321 0
1862 -0.0351 0
1929 -0.0414 0
646 -0.0449 0
943 -0.0612 0
270 -0.0616 0
849 -0.0617 0
347 -0.0638 0
401 -0.0650 0
1390 -0.0657 0
1139 -0.0676 0
403 -0.0696 0
1871 -0.0702 0
1930 -0.0723 0
1108 -0.0764 0
1755 -0.0767 0
107 -0.0774 0
1174 -0.0777 0
1361 -0.0801 0
259 -0.0803 0
1581 -0.0833 0
297 -0.0839 0
994 -0.0866 0
1216 -0.0982 0
1205 -0.0999 0
641 -0.1059 0
1081 -0.1074 0
1870 -0.1091 0
1071 -0.1114 0
700 -0.1120 0
1875 -0.1170 0
977 -0.1278 0
1691 -0.1299 0
1976 -0.1305 0
65 -0.1307 0
720 -0.1341 0
581 -0.1344 0
1850 -0.1406 0
1941 -0.1445 0
1782 -0.1598 0
33 -0.1605 0
432 -0.1633 0
779 -0.1641 0
600 -0.1660 0
1097 -0.1692 0
1021 -0.1715 0
305 -0.1741 0
1101 -0.1850 0
634 -0.1875 0
1055 -0.1894 0
1428 -0.2017 0
1733 -0.2033 0
1719 -0.2140 0
626 -0.2140 0
111 -0.2146 0
1826 -0.2258 0
1177 -0.2278 0
1853 -0.2330 0
1773 -0.2388 0
1133 -0.2403 0
936 -0.2428 0
1076 -0.2448 0
1917 -0.2474 0
637 -0.2487 0
279 -0.2611 0
1250 -0.2638 0
1074 -0.2719 0
58 -0.2733 0
1014 -0.2738 0
640 -0.2742 0
1035 -0.2770 0
7 -0.2830 0
1908 -0.2856 0
109 -0.2866 0
1375 -0.2888 0
1891 -0.2909 0
1098 -0.2931 0
1043 -0.2979 0
567 -0.2981 0
1922 -0.2993 0
447 -0.3030 0
1655 -0.3053 0
170 -0.3054 0
1597 -0.3055 0
262 -0.3059 0
149 -0.3080 0
1095 -0.3081 0
1777 -0.3086 0
1950 -0.3119 0
568 -0.3178 0
1555 -0.3194 0
61 -0.3201 0
1041 -0.3244 0
671 -0.3290 0
910 -0.3363 0
622 -0.3367 0
1890 -0.3392 0
103 -0.3399 0
91 -0.3416 0
415 -0.3418 0
939 -0.3435 0
1703 -0.3460 0
1022 -0.3495 0
1570 -0.3506 0
127 -0.3591 0
47 -0.3659 0
1334 -0.3664 0
874 -0.3683 0
1625 -0.3727 0
505 -0.3738 0
1886 -0.3787 0
572 -0.3799 0
1359 -0.3832 0
1386 -0.3837 0
1026 -0.3844 0
425 -0.3997 0
85 -0.4017 0
57 -0.4034 0
32 -0.4058 0
1892 -0.4093 0
1325 -0.4151 0
1987 -0.4157 0
814 -0.4160 0
1016 -0.4262 0
438 -0.4377 0
1420 -0.4440 0
1588 -0.4475 0
942 -0.4557 0
685 -0.4564 0
1963 -0.4617 0
164 -0.4673 0
921 -0.4756 0
813 -0.4760 0
688 -0.4763 0
1833 -0.4805 0
1744 -0.4830 0
265 -0.4892 0
1730 -0.4909 0
126 -0.5001 0
1158 -0.5004 0
1373 -0.5015 0
1040 -0.5028 0
603 -0.5118 0
1130 -0.5156 0
1336 -0.5207 0
1034 -0.5262 0
721 -0.5307 0
1058 -0.5311 0
876 -0.5311 0
205 -0.5377 0
68 -0.5434 0
656 -0.5443 0
209 -0.5456 0
651 -0.5481 0
878 -0.5513 0
1715 -0.5533 0
1945 -0.5536 0
269 -0.5613 0
1748 -0.5618 0
880 -0.5624 0
636 -0.5729 0
1951 -0.5785 0
1245 -0.5806 0
261 -0.5864 0
1230 -0.5893 0
1048 -0.5902 0
1878 -0.5926 0
918 -0.5945 0
507 -0.5945 0
1116 -0.5986 0
1897 -0.6061 0
887 -0.6099 0
1392 -0.6099 0
3 -0.6106 0
1080 -0.6108 0
661 -0.6261 0
1110 -0.6279 0
1086 -0.6314 0
809 -0.6441 0
1796 -0.6477 0
839 -0.6565 0
1051 -0.6600 0
133 -0.6757 0
618 -0.6817 0
1798 -0.6847 0
180 -0.6968 0
1178 -0.7010 0
1438 -0.7085 0
1726 -0.7108 0
1172 -0.7128 0
1874 -0.7152 0
185 -0.7181 0
928 -0.7192 0
680 -0.7212 0
644 -0.7247 0
714 -0.7257 0
1738 -0.7271 0
733 -0.7361 0
1535 -0.7397 0
1219 -0.7414 0
339 -0.7430 0
243 -0.7433 0
282 -0.7444 0
890 -0.7596 0
1197 -0.7604 0
160 -0.7670 0
96 -0.7673 0
1840 -0.7727 0
280 -0.7740 0
267 -0.7772 0
683 -0.7913 0
436 -0.7965 0
175 -0.7970 0
923 -0.7981 0
153 -0.8017 0
667 -0.8025 0
990 -0.8070 0
1904 -0.8089 0
1091 -0.8108 0
1753 -0.8133 0
712 -0.8156 0
145 -0.8216 0
156 -0.8306 0
44 -0.8368 0
1000 -0.8385 0
1960 -0.8385 0
554 -0.8443 0
4 -0.8513 0
9 -0.8516 0
1134 -0.8526 0
1062 -0.8668 0
1179 -0.8688 0
824 -0.8850 0
1938 -0.8944 0
1592 -0.8977 0
1004 -0.8977 0
922 -0.9002 0
1088 -0.9039 0
1764 -0.9055 0
1335 -0.9090 0
1984 -0.9128 0
598 -0.9168 0
1956 -0.9190 0
1129 -0.9223 0
841 -0.9262 0
1191 -0.9266 0
88 -0.9392 0
1972 -0.9395 0
1070 -0.9439 0
1189 -0.9440 0
706 -0.9462 0
1486 -0.9475 0
148 -0.9486 0
223 -0.9627 0
1213 -0.9652 0
662 -0.9697 0
41 -0.9704 0
597 -0.9716 0
627 -0.9721 0
412 -0.9723 0
235 -0.9778 0
1722 -0.9832 0
406 -0.9939 0
158 -0.9999 0
21 -1.0037 0
582 -1.0042 0
1971 -1.0044 0
896 -1.0047 0
446 -1.0071 0
647 -1.0211 0
1432 -1.0221 0
286 -1.0273 0
1918 -1.0357 0
155 -1.0387 0
171 -1.0416 0
250 -1.0417 0
745 -1.0421 0
1791 -1.0476 0
108 -1.0497 0
1372 -1.0589 0
256 -1.0647 0
1966 -1.0655 0
820 -1.0762 0
1915 -1.0791 0
1978 -1.0835 0
1993 -1.0846 0
833 -1.0913 0
1344 -1.0944 0
92 -1.1022 0
652 -1.1039 0
1884 -1.1086 0
246 -1.1092 0
1940 -1.1097 0
27 -1.1171 0
1718 -1.1209 0
1175 -1.1344 0
1159 -1.1380 0
441 -1.1401 0
658 -1.1409 0
948 -1.1474 0
440 -1.1492 0
1066 -1.1587 0
1902 -1.1623 0
1082 -1.1648 0
1296 -1.1653 0
1351 -1.1664 0
227 -1.1724 0
1198 -1.1733 0
197 -1.1770 0
1634 -1.1775 0
596 -1.1898 0
71 -1.1904 0
1711 -1.1975 0
435 -1.2017 0
1190 -1.2080 0
1980 -1.2110 0
612 -1.2113 0
203 -1.2164 0
947 -1.2383 0
575 -1.2428 0
838 -1.2465 0
1851 -1.2545 0
837 -1.2572 0
659 -1.2701 0
588 -1.2729 0
100 -1.2858 0
1982 -1.2901 0
189 -1.2910 0
1860 -1.2979 0
24 -1.2982 0
1445 -1.2994 0
719 -1.3015 0
159 -1.3035 0
275 -1.3106 0
1835 -1.3194 0
515 -1.3293 0
1934 -1.3378 0
163 -1.3503 0
1961 -1.3533 0
423 -1.3637 0
836 -1.3768 0
741 -1.3793 0
602 -1.3814 0
558 -1.3834 0
843 -1.3838 0
945 -1.3964 0
1060 -1.3989 0
274 -1.4038 0
139 -1.4047 0
609 -1.4071 0
1968 -1.4135 0
870 -1.4138 0
118 -1.4148 0
632 -1.4227 0
411 -1.4233 0
141 -1.4255 0
78 -1.4266 0
938 -1.4490 0
45 -1.4529 0
1970 -1.4660 0
911 -1.4663 0
106 -1.4720 0
1173 -1.4720 0
178 -1.4739 0
679 -1.4818 0
624 -1.4932 0
429 -1.5006 0
549 -1.5038 0
231 -1.5095 0
1894 -1.5210 0
1855 -1.5319 0
704 -1.5379 0
592 -1.5458 0
1959 -1.5463 0
51 -1.5504 0
1893 -1.5662 0
642 -1.5713 0
1124 -1.5717 0
278 -1.5862 0
147 -1.5989 0
1745 -1.6184 0
735 -1.6188 0
703 -1.6248 0
5 -1.6296 0
686 -1.6367 0
1957 -1.6384 0
1152 -1.6449 0
1716 -1.6716 0
1170 -1.6768 0
12 -1.6812 0
672 -1.6815 0
660 -1.6825 0
177 -1.6848 0
122 -1.6946 0
162 -1.6954 0
1854 -1.7007 0
1455 -1.7145 0
1399 -1.7225 0
1649 -1.7227 0
742 -1.7228 0
606 -1.7338 0
1622 -1.7387 0
1807 -1.7393 0
421 -1.7462 0
645 -1.7468 0
1203 -1.7480 0
2 -1.7558 0
1157 -1.7559 0
292 -1.7611 0
1160 -1.7651 0
276 -1.7663 0
1721 -1.7687 0
1092 -1.7691 0
310 -1.7693 0
119 -1.7698 0
260 -1.7742 0
1056 -1.7965 0
621 -1.7998 0
713 -1.8216 0
1739 -1.8256 0
590 -1.8431 0
1804 -1.8454 0
134 -1.8484 0
18 -1.8547 0
1053 -1.8722 0
17 -1.8788 0
550 -1.8812 0
551 -1.8843 0
1986 -1.8853 0
511 -1.9047 0
1474 -1.9058 0
1141 -1.9428 0
1220 -1.9447 0
868 -1.9458 0
131 -1.9575 0
601 -1.9590 0
1706 -1.9639 0
1408 -1.9706 0
407 -1.9743 0
1724 -1.9775 0
702 -1.9832 0
16 -1.9944 0
1742 -1.9945 0
585 -1.9948 0
506 -2.0034 0
643 -2.0139 0
1824 -2.0181 0
882 -2.0273 0
102 -2.0313 0
1714 -2.0414 0
678 -2.0489 0
1705 -2.0496 0
137 -2.0501 0
1720 -2.0522 0
1974 -2.0649 0
442 -2.0954 0
1322 -2.1069 0
544 -2.1204 0
1161 -2.1598 0
1990 -2.1602 0
1453 -2.1695 0
124 -2.1771 0
1431 -2.1855 0
711 -2.1961 0
1042 -2.1979 0
563 -2.1984 0
1845 -2.2012 0
1741 -2.2105 0
142 -2.2144 0
251 -2.2197 0
79 -2.2209 0
901 -2.2227 0
135 -2.2421 0
1888 -2.2500 0
1710 -2.2517 0
0 -2.2562 0
1020 -2.2993 0
1018 -2.3011 0
1478 -2.3049 0
1969 -2.3102 0
72 -2.3186 0
722 -2.3304 0
1841 -2.3521 0
20 -2.3599 0
744 -2.3705 0
701 -2.3769 0
1877 -2.4039 0
130 -2.4168 0
186 -2.4189 0
708 -2.4291 0
1712 -2.4378 0
1749 -2.4490 0
1879 -2.4639 0
926 -2.4649 0
1828 -2.4654 0
1800 -2.4825 0
117 -2.5113 0
902 -2.5517 0
738 -2.5664 0
1999 -2.5689 0
1958 -2.5713 0
726 -2.5752 0
8 -2.5754 0
727 -2.5916 0
611 -2.5919 0
941 -2.6030 0
1155 -2.6133 0
1163 -2.6306 0
1815 -2.6322 0
709 -2.6430 0
264 -2.6628 0
1735 -2.6854 0
1156 -2.6924 0
1709 -2.6941 0
1794 -2.6980 0
1977 -2.7087 0
74 -2.7153 0
1732 -2.7182 0
877 -2.7194 0
1226 -2.7375 0
619 -2.7491 0
749 -2.7496 0
128 -2.7823 0
698 -2.7858 0
1065 -2.7871 0
623 -2.8009 0
104 -2.8137 0
1702 -2.8148 0
37 -2.8312 0
569 -2.8319 0
1094 -2.8358 0
1154 -2.8400 0
29 -2.8426 0
1188 -2.8495 0
1856 -2.8580 0
1700 -2.8636 0
1727 -2.8954 0
1708 -2.9013 0
80 -2.9075 0
1196 -2.9118 0
15 -2.9288 0
123 -2.9393 0
115 -2.9402 0
28 -2.9687 0
1842 -2.9797 0
1844 -3.0090 0
23 -3.0093 0
405 -3.0165 0
1723 -3.0505 0
1707 -3.0736 0
583 -3.0740 0
125 -3.0855 0
1181 -3.1067 0
1217 -3.1082 0
25 -3.1206 0
116 -3.1361 0
1818 -3.1426 0
1096 -3.1491 0
19 -3.1534 0
503 -3.1605 0
1801 -3.1847 0
682 -3.2019 0
34 -3.2118 0
113 -3.2158 0
740 -3.2171 0
1814 -3.2218 0
187 -3.2296 0
587 -3.2354 0
273 -3.2370 0
1704 -3.2647 0
532 -3.2827 0
1701 -3.2933 0
748 -3.3014 0
1812 -3.3205 0
1728 -3.3335 0
268 -3.3339 0
635 -3.3373 0
1829 -3.3501 0
1823 -3.3771 0
1809 -3.3886 0
13 -3.4015 0
730 -3.4050 0
1820 -3.4131 0
1183 -3.4194 0
747 -3.4208 0
895 -3.4345 0
1169 -3.4677 0
536 -3.4705 0
1965 -3.5300 0
101 -3.5366 0
49 -3.5426 0
1411 -3.5567 0
294 -3.5918 0
580 -3.5930 0
638 -3.6249 0
889 -3.6526 0
1731 -3.6551 0
616 -3.6673 0
734 -3.6693 0
728 -3.6822 0
1729 -3.7052 0
625 -3.7083 0
1150 -3.7239 0
30 -3.7244 0
1821 -3.7543 0
1810 -3.7743 0
52 -3.7894 0
143 -3.8176 0
716 -3.8260 0
10 -3.8467 0
444 -3.8567 0
710 -3.9663 0
38 -3.9891 0
888 -3.9962 0
552 -4.0193 0
417 -4.0380 0
1848 -4.0486 0
1037 -4.0980 0
146 -4.1380 0
129 -4.1380 0
144 -4.1502 0
1837 -4.2037 0
42 -4.2192 0
36 -4.2842 0
1725 -4.3686 0
1747 -4.3686 0
1803 -4.4893 0
1811 -4.7555 0
1786 -4.7793 0
1838 -4.8218 0
1805 -4.8354 0
6 -4.8534 0
732 -4.8572 0
1713 -4.8620 0
1839 -4.9067 0
608 -4.9248 0
416 -4.9280 0
1817 -4.9481 0
22 -4.9795 0
1822 -4.9926 0
120 -5.0117 0
1808 -5.0928 0
121 -5.1241 0
1740 -5.2581 0
1819 -5.3217 0
1806 -5.4273 0
1813 -5.4481 0
1831 -5.4679 0
1717 -5.4731 0
114 -5.6225 0
1827 -5.6597 0
35 -5.7726 0
736 -5.8239 0
1830 -6.0861 0
1832 -6.0978 0
1816 -6.3873 0
1847 -6.4530 0
1849 -6.4999 0
1802 -6.7835 0
1843 -7.4820 0
