549 22.8333 1
536 20.6660 1
526 17.6520 1
500 16.2831 1
539 15.8101 1
546 15.2111 1
501 15.0106 1
511 14.8069 1
543 14.6151 1
531 14.6055 1
519 14.5913 1
518 13.0425 1
524 12.8996 1
510 12.6018 1
535 12.3034 1
1857 11.6245 0
525 11.3790 1
1991 11.3361 0
512 11.2492 1
540 11.1820 1
339 10.7533 0
533 10.6546 1
517 10.2464 1
537 10.0066 1
547 9.7178 1
505 9.6828 1
504 9.6093 1
1213 9.3330 0
541 9.3021 1
1892 9.2417 0
1234 9.0579 0
601 8.9479 0
516 8.9354 1
509 8.8876 1
300 8.8874 0
1204 8.6060 0
514 8.5396 1
503 8.4668 1
107 8.3995 0
274 8.2865 0
1923 8.2506 0
323 8.2012 0
508 8.0968 1
1905 8.0794 0
819 8.0077 0
1856 7.7384 0
530 7.7152 1
520 7.6896 1
1885 7.6678 0
847 7.6256 0
1135 7.6050 0
47 7.5030 0
788 7.4472 0
1430 7.4322 0
329 7.3740 0
515 7.3538 1
36 7.3303 0
421 7.1620 0
1402 7.1564 0
182 7.0548 0
1246 7.0445 0
1280 7.0425 0
295 7.0181 0
542 6.9529 1
534 6.9354 1
44 6.9169 0
344 6.7666 0
103 6.7653 0
307 6.7644 0
1428 6.7571 0
1219 6.7491 0
528 6.7136 1
946 6.6481 0
1188 6.6348 0
538 6.6310 1
507 6.5973 1
470 6.5969 0
120 6.5772 0
817 6.5578 0
580 6.5488 0
558 6.5412 0
786 6.4279 0
1447 6.4144 0
1972 6.4120 0
334 6.3814 0
1212 6.3536 0
1418 6.2313 0
552 6.2274 0
697 6.2119 0
126 6.1919 0
304 6.1808 0
1841 6.1068 0
1788 6.1038 0
1215 6.0969 0
453 6.0696 0
893 6.0611 0
834 6.0476 0
522 6.0335 1
923 5.9495 0
579 5.9351 0
1907 5.9104 0
1868 5.8941 0
1111 5.8825 0
1470 5.8643 0
101 5.8250 0
589 5.8124 0
649 5.7932 0
1462 5.7900 0
1244 5.7740 0
1339 5.7468 0
783 5.7313 0
1192 5.7241 0
318 5.7043 0
1101 5.6930 0
1789 5.6653 0
902 5.5844 0
502 5.5720 1
1863 5.5642 0
1971 5.5511 0
521 5.5507 1
1424 5.5357 0
532 5.5310 1
479 5.5108 0
529 5.5081 1
694 5.4998 0
581 5.4895 0
506 5.4703 1
1242 5.4624 0
206 5.4209 0
677 5.4209 0
178 5.4100 0
1504 5.4008 0
679 5.3975 0
432 5.3854 0
809 5.3709 0
768 5.3646 0
1222 5.3331 0
118 5.3267 0
631 5.3186 0
890 5.3081 0
326 5.2911 0
1970 5.2805 0
1714 5.2789 0
102 5.2770 0
203 5.2677 0
1962 5.2112 0
1676 5.2006 0
907 5.1915 0
1438 5.1907 0
1203 5.1894 0
838 5.1651 0
1208 5.1575 0
600 5.1541 0
774 5.1358 0
1538 5.1225 0
1871 5.1220 0
1107 5.1147 0
236 5.1009 0
461 5.0925 0
1026 5.0870 0
450 5.0838 0
1500 5.0816 0
465 5.0535 0
1205 5.0360 0
1109 5.0185 0
609 4.9997 0
1997 4.9886 0
127 4.9785 0
808 4.9490 0
2 4.9432 0
1140 4.9325 0
780 4.9290 0
1315 4.9166 0
1951 4.8952 0
1191 4.8750 0
663 4.8688 0
639 4.8520 0
1697 4.8505 0
1345 4.8452 0
1106 4.8377 0
1494 4.8367 0
1966 4.8232 0
920 4.8157 0
1920 4.8058 0
198 4.8037 0
1950 4.8019 0
1969 4.7825 0
1057 4.7813 0
813 4.7705 0
437 4.7686 0
906 4.7686 0
1239 4.7655 0
523 4.7551 1
1095 4.7395 0
322 4.7376 0
1395 4.7354 0
824 4.7348 0
1248 4.7308 0
851 4.7121 0
1 4.6972 0
1664 4.6556 0
1976 4.6354 0
1990 4.6128 0
1218 4.5944 0
361 4.5847 0
1908 4.5784 0
1114 4.5705 0
1425 4.5687 0
1173 4.5685 0
1113 4.5338 0
1533 4.5218 0
1052 4.5217 0
1025 4.4989 0
110 4.4929 0
1294 4.4887 0
765 4.4843 0
447 4.4805 0
146 4.4794 0
467 4.4756 0
1986 4.4747 0
565 4.4418 0
986 4.4383 0
466 4.4273 0
1956 4.4173 0
825 4.4027 0
328 4.4015 0
1058 4.4007 0
1396 4.3974 0
557 4.3912 0
330 4.3872 0
1147 4.3770 0
1060 4.3571 0
1777 4.3317 0
941 4.3260 0
315 4.3259 0
781 4.3255 0
527 4.3253 1
1416 4.3185 0
1110 4.3181 0
756 4.3102 0
1980 4.3075 0
1893 4.3049 0
1968 4.2962 0
1960 4.2885 0
4 4.2872 0
867 4.2806 0
717 4.2636 0
1902 4.2613 0
1155 4.2597 0
935 4.2342 0
1888 4.2234 0
137 4.2031 0
1325 4.1997 0
239 4.1917 0
1174 4.1881 0
1207 4.1860 0
1862 4.1858 0
633 4.1828 0
1138 4.1772 0
795 4.1768 0
1241 4.1682 0
1003 4.1642 0
1546 4.1576 0
592 4.1575 0
1157 4.1501 0
1228 4.1453 0
316 4.1440 0
149 4.1351 0
17 4.1340 0
1338 4.1291 0
224 4.1268 0
133 4.1114 0
930 4.0900 0
1535 4.0796 0
1737 4.0776 0
559 4.0761 0
1353 4.0638 0
1545 4.0545 0
12 4.0520 0
1225 4.0510 0
494 4.0442 0
168 4.0406 0
333 4.0291 0
1610 4.0237 0
1422 4.0165 0
1256 3.9877 0
1031 3.9791 0
1439 3.9729 0
462 3.9708 0
405 3.9703 0
449 3.9688 0
1906 3.9656 0
828 3.9635 0
1358 3.9598 0
648 3.9550 0
839 3.9513 0
1695 3.9488 0
945 3.9358 0
849 3.9344 0
576 3.9266 0
957 3.9239 0
348 3.9117 0
319 3.9023 0
1929 3.8963 0
379 3.8933 0
1529 3.8928 0
1631 3.8817 0
131 3.8693 0
1267 3.8691 0
729 3.8638 0
32 3.8611 0
31 3.8606 0
1870 3.8571 0
1955 3.8555 0
886 3.8527 0
1959 3.8477 0
954 3.8386 0
464 3.8340 0
800 3.8172 0
459 3.8070 0
761 3.7787 0
345 3.7760 0
652 3.7730 0
150 3.7681 0
1989 3.7650 0
1030 3.7638 0
1919 3.7590 0
1683 3.7540 0
1617 3.7423 0
985 3.7339 0
1975 3.7295 0
826 3.7235 0
241 3.7205 0
1898 3.7196 0
104 3.7167 0
791 3.7158 0
1449 3.7084 0
1876 3.7071 0
621 3.7039 0
604 3.6945 0
100 3.6827 0
570 3.6685 0
1921 3.6535 0
924 3.6528 0
544 3.6483 1
1206 3.6424 0
123 3.6420 0
1063 3.6416 0
1295 3.6346 0
482 3.6298 0
1445 3.6278 0
806 3.6247 0
1657 3.6245 0
1713 3.6218 0
183 3.6173 0
625 3.6126 0
460 3.6090 0
231 3.6085 0
1993 3.6076 0
1543 3.6053 0
321 3.6045 0
1343 3.6035 0
129 3.6033 0
128 3.5999 0
1922 3.5995 0
1097 3.5877 0
1077 3.5730 0
443 3.5665 0
277 3.5640 0
1133 3.5624 0
24 3.5614 0
1659 3.5471 0
9 3.5450 0
1200 3.5448 0
480 3.5407 0
1629 3.5368 0
1937 3.5360 0
1728 3.5332 0
327 3.5296 0
634 3.5207 0
1221 3.5165 0
1882 3.5132 0
948 3.5131 0
338 3.5083 0
889 3.5047 0
1739 3.5044 0
1314 3.4951 0
317 3.4825 0
1211 3.4820 0
1229 3.4802 0
692 3.4587 0
922 3.4542 0
1142 3.4534 0
1542 3.4442 0
491 3.4397 0
210 3.4296 0
1235 3.4294 0
1237 3.4251 0
624 3.4212 0
1984 3.4185 0
248 3.4124 0
1987 3.4120 0
814 3.4114 0
255 3.3952 0
159 3.3903 0
1038 3.3796 0
1171 3.3771 0
1065 3.3714 0
246 3.3702 0
1291 3.3656 0
1498 3.3507 0
1851 3.3429 0
1927 3.3409 0
1867 3.3358 0
802 3.3309 0
468 3.3260 0
1233 3.3249 0
1384 3.3186 0
933 3.3149 0
455 3.3127 0
1018 3.3067 0
349 3.3026 0
678 3.2925 0
112 3.2846 0
1351 3.2842 0
1081 3.2814 0
1496 3.2814 0
656 3.2791 0
1159 3.2788 0
1209 3.2774 0
1932 3.2700 0
1704 3.2621 0
396 3.2619 0
1054 3.2579 0
1501 3.2407 0
424 3.2330 0
414 3.2293 0
325 3.2226 0
772 3.2180 0
1733 3.2128 0
278 3.2038 0
1709 3.1974 0
1958 3.1971 0
190 3.1843 0
1210 3.1825 0
1329 3.1752 0
881 3.1733 0
335 3.1669 0
337 3.1655 0
1859 3.1584 0
1400 3.1513 0
1408 3.1492 0
1686 3.1487 0
640 3.1478 0
1389 3.1453 0
46 3.1447 0
1930 3.1321 0
59 3.1278 0
942 3.1221 0
934 3.1192 0
1387 3.1171 0
1954 3.1076 0
1082 3.1066 0
997 3.1056 0
302 3.1000 0
1636 3.0970 0
1835 3.0852 0
921 3.0807 0
583 3.0781 0
1028 3.0665 0
879 3.0633 0
487 3.0545 0
106 3.0484 0
207 3.0482 0
1001 3.0477 0
822 3.0475 0
21 3.0393 0
1186 3.0273 0
801 3.0204 0
597 3.0194 0
136 3.0141 0
1037 3.0089 0
990 3.0081 0
113 3.0069 0
602 3.0048 0
301 3.0025 0
1167 2.9905 0
1122 2.9871 0
949 2.9859 0
1866 2.9808 0
495 2.9776 0
175 2.9756 0
947 2.9665 0
804 2.9657 0
578 2.9552 0
1089 2.9532 0
1190 2.9448 0
762 2.9417 0
376 2.9385 0
1076 2.9347 0
1911 2.9334 0
1226 2.9323 0
485 2.9292 0
1787 2.9251 0
816 2.9229 0
654 2.9228 0
1917 2.9160 0
1043 2.9031 0
191 2.9029 0
254 2.9027 0
916 2.9013 0
1249 2.8983 0
1327 2.8931 0
1381 2.8905 0
358 2.8895 0
186 2.8875 0
872 2.8774 0
140 2.8729 0
474 2.8626 0
1088 2.8622 0
1051 2.8612 0
1071 2.8570 0
1881 2.8472 0
681 2.8381 0
1934 2.8326 0
928 2.8288 0
672 2.8145 0
1127 2.8143 0
1961 2.8139 0
575 2.8116 0
163 2.8113 0
23 2.8086 0
669 2.8040 0
1674 2.8022 0
842 2.7959 0
1646 2.7926 0
629 2.7855 0
1261 2.7770 0
431 2.7757 0
29 2.7746 0
1357 2.7634 0
1183 2.7623 0
1083 2.7589 0
1231 2.7546 0
1276 2.7531 0
1170 2.7426 0
831 2.7350 0
1455 2.7324 0
554 2.7283 0
15 2.7214 0
1301 2.7214 0
310 2.7114 0
760 2.7084 0
232 2.7026 0
1771 2.7000 0
910 2.6981 0
1796 2.6978 0
926 2.6969 0
1936 2.6956 0
1800 2.6886 0
145 2.6859 0
951 2.6766 0
844 2.6744 0
618 2.6691 0
914 2.6577 0
646 2.6565 0
13 2.6548 0
1074 2.6499 0
294 2.6478 0
1846 2.6454 0
753 2.6401 0
173 2.6326 0
311 2.6270 0
852 2.6179 0
1671 2.6143 0
151 2.6126 0
1947 2.6105 0
793 2.6088 0
1853 2.6048 0
594 2.6047 0
1836 2.6039 0
1988 2.5985 0
1667 2.5957 0
752 2.5946 0
1726 2.5874 0
1108 2.5839 0
863 2.5824 0
280 2.5797 0
1091 2.5780 0
584 2.5780 0
184 2.5759 0
1899 2.5578 0
157 2.5548 0
1896 2.5469 0
350 2.5346 0
422 2.5343 0
1992 2.5304 0
1236 2.5235 0
125 2.5215 0
1303 2.5147 0
1084 2.5103 0
155 2.5071 0
1698 2.5070 0
830 2.5064 0
1033 2.4969 0
1981 2.4959 0
1649 2.4873 0
265 2.4863 0
1390 2.4754 0
383 2.4715 0
109 2.4664 0
775 2.4653 0
1263 2.4551 0
811 2.4496 0
588 2.4453 0
1262 2.4404 0
1045 2.4393 0
968 2.4372 0
1426 2.4346 0
759 2.4332 0
426 2.4317 0
287 2.4308 0
188 2.4307 0
903 2.4293 0
720 2.4272 0
812 2.4259 0
626 2.4226 0
977 2.4197 0
996 2.4187 0
124 2.4112 0
1953 2.4110 0
371 2.4067 0
1979 2.4055 0
457 2.4054 0
1227 2.4016 0
264 2.4000 0
1540 2.3997 0
848 2.3983 0
1945 2.3977 0
571 2.3977 0
324 2.3957 0
1024 2.3930 0
1452 2.3902 0
755 2.3875 0
192 2.3863 0
688 2.3847 0
1048 2.3814 0
1869 2.3795 0
1131 2.3733 0
1406 2.3707 0
1886 2.3651 0
1427 2.3645 0
770 2.3644 0
832 2.3626 0
1154 2.3623 0
291 2.3602 0
805 2.3582 0
1126 2.3561 0
1653 2.3545 0
655 2.3517 0
900 2.3494 0
908 2.3487 0
273 2.3470 0
268 2.3460 0
1679 2.3429 0
296 2.3424 0
199 2.3415 0
1285 2.3404 0
1900 2.3296 0
773 2.3294 0
1334 2.3291 0
1865 2.3255 0
981 2.3224 0
1461 2.3165 0
1442 2.3160 0
357 2.3145 0
1527 2.3024 0
845 2.2994 0
202 2.2978 0
1067 2.2973 0
65 2.2774 0
289 2.2754 0
1158 2.2738 0
303 2.2630 0
1933 2.2625 0
1129 2.2618 0
1070 2.2597 0
724 2.2583 0
1305 2.2550 0
1484 2.2543 0
117 2.2529 0
690 2.2467 0
498 2.2419 0
1145 2.2390 0
1985 2.2388 0
3 2.2383 0
1372 2.2255 0
488 2.2217 0
1978 2.2216 0
1023 2.2214 0
367 2.2175 0
1092 2.2170 0
807 2.2147 0
229 2.2141 0
1472 2.2133 0
771 2.2118 0
275 2.2077 0
1913 2.2077 0
1850 2.2063 0
1100 2.2049 0
132 2.2044 0
1128 2.1980 0
1916 2.1965 0
204 2.1949 0
1489 2.1946 0
1181 2.1933 0
1104 2.1931 0
1468 2.1888 0
1336 2.1802 0
252 2.1801 0
1332 2.1790 0
1394 2.1780 0
441 2.1775 0
1880 2.1647 0
250 2.1645 0
810 2.1640 0
1884 2.1624 0
1397 2.1549 0
927 2.1513 0
1490 2.1509 0
22 2.1507 0
873 2.1484 0
1475 2.1427 0
1745 2.1420 0
1878 2.1408 0
1270 2.1393 0
1299 2.1366 0
1640 2.1355 0
820 2.1351 0
489 2.1308 0
26 2.1173 0
1748 2.1135 0
1861 2.1026 0
1938 2.1018 0
1153 2.0959 0
181 2.0954 0
766 2.0899 0
1144 2.0825 0
782 2.0814 0
1660 2.0774 0
1437 2.0755 0
1727 2.0745 0
1459 2.0726 0
665 2.0707 0
598 2.0666 0
1066 2.0660 0
227 2.0633 0
1641 2.0624 0
105 2.0608 0
179 2.0607 0
1670 2.0533 0
992 2.0490 0
674 2.0462 0
1523 2.0445 0
1915 2.0403 0
353 2.0363 0
134 2.0333 0
929 2.0303 0
166 2.0281 0
1488 2.0272 0
1912 2.0226 0
19 2.0165 0
939 2.0148 0
767 2.0135 0
1883 2.0122 0
262 2.0108 0
513 2.0080 1
20 2.0047 0
1141 2.0043 0
108 2.0031 0
1575 1.9942 0
931 1.9905 0
270 1.9894 0
215 1.9844 0
555 1.9816 0
551 1.9801 0
1330 1.9787 0
41 1.9723 0
1619 1.9692 0
1056 1.9678 0
1224 1.9671 0
176 1.9662 0
1086 1.9475 0
797 1.9439 0
7 1.9433 0
1414 1.9399 0
1644 1.9349 0
402 1.9267 0
1904 1.9243 0
1134 1.9229 0
1895 1.9205 0
1639 1.9119 0
434 1.9114 0
1080 1.9113 0
172 1.9113 0
331 1.9093 0
1423 1.9080 0
336 1.9074 0
1673 1.9062 0
194 1.9056 0
1179 1.9028 0
161 1.9022 0
1536 1.9008 0
1359 1.8937 0
1973 1.8865 0
1093 1.8851 0
746 1.8845 0
68 1.8770 0
883 1.8740 0
815 1.8718 0
644 1.8684 0
1044 1.8677 0
1940 1.8677 0
1742 1.8580 0
148 1.8544 0
1036 1.8454 0
297 1.8366 0
1935 1.8353 0
404 1.8291 0
1444 1.8286 0
354 1.8265 0
1098 1.8252 0
1085 1.8226 0
1633 1.8215 0
1194 1.8180 0
388 1.8160 0
1302 1.8155 0
1407 1.8130 0
223 1.8103 0
251 1.8091 0
413 1.8054 0
1450 1.8022 0
911 1.7991 0
28 1.7987 0
1708 1.7987 0
1860 1.7914 0
582 1.7913 0
1948 1.7905 0
730 1.7860 0
1998 1.7749 0
1055 1.7744 0
256 1.7737 0
454 1.7720 0
1255 1.7719 0
16 1.7676 0
1412 1.7632 0
1668 1.7605 0
492 1.7538 0
167 1.7528 0
864 1.7513 0
156 1.7477 0
1238 1.7472 0
1008 1.7459 0
1616 1.7415 0
1361 1.7365 0
1702 1.7338 0
778 1.7290 0
1282 1.7262 0
1994 1.7245 0
1369 1.7151 0
622 1.7144 0
1034 1.7143 0
143 1.7086 0
412 1.7018 0
1891 1.6988 0
347 1.6937 0
1648 1.6928 0
1420 1.6911 0
1136 1.6860 0
1909 1.6855 0
1635 1.6811 0
147 1.6778 0
359 1.6745 0
266 1.6732 0
1874 1.6727 0
1505 1.6701 0
1877 1.6685 0
1753 1.6655 0
1675 1.6553 0
960 1.6531 0
292 1.6503 0
332 1.6487 0
1247 1.6449 0
1783 1.6402 0
25 1.6377 0
643 1.6365 0
306 1.6358 0
1243 1.6352 0
1690 1.6336 0
153 1.6331 0
660 1.6331 0
1625 1.6280 0
568 1.6228 0
787 1.6170 0
827 1.6073 0
1983 1.6070 0
1858 1.6060 0
1319 1.5978 0
940 1.5942 0
1431 1.5937 0
1720 1.5925 0
647 1.5888 0
390 1.5873 0
596 1.5867 0
1620 1.5846 0
1392 1.5828 0
1296 1.5819 0
1520 1.5782 0
723 1.5763 0
1549 1.5654 0
608 1.5530 0
201 1.5522 0
684 1.5449 0
1654 1.5353 0
796 1.5330 0
72 1.5293 0
1386 1.5246 0
1053 1.5243 0
1417 1.5242 0
53 1.5227 0
312 1.5213 0
1731 1.5196 0
1511 1.5183 0
904 1.5129 0
174 1.5119 0
1963 1.5113 0
1411 1.5101 0
33 1.5027 0
244 1.5020 0
1297 1.4987 0
483 1.4943 0
1903 1.4912 0
162 1.4901 0
1049 1.4899 0
152 1.4892 0
1020 1.4856 0
1254 1.4847 0
1801 1.4836 0
962 1.4821 0
1513 1.4771 0
1964 1.4766 0
603 1.4749 0
1479 1.4738 0
661 1.4722 0
1672 1.4703 0
416 1.4702 0
308 1.4679 0
769 1.4666 0
901 1.4658 0
1813 1.4658 0
1099 1.4624 0
1166 1.4607 0
320 1.4580 0
299 1.4561 0
1467 1.4558 0
1405 1.4514 0
846 1.4461 0
235 1.4371 0
208 1.4350 0
1946 1.4333 0
419 1.4285 0
1767 1.4239 0
230 1.4236 0
1689 1.4184 0
363 1.4121 0
739 1.4121 0
115 1.4117 0
777 1.4072 0
1710 1.4061 0
222 1.4040 0
170 1.3962 0
343 1.3947 0
282 1.3938 0
154 1.3922 0
1304 1.3914 0
34 1.3822 0
1778 1.3699 0
567 1.3695 0
249 1.3640 0
193 1.3614 0
1995 1.3507 0
1112 1.3483 0
1264 1.3458 0
49 1.3433 0
187 1.3386 0
428 1.3384 0
687 1.3378 0
1185 1.3377 0
472 1.3343 0
218 1.3331 0
276 1.3330 0
952 1.3327 0
1075 1.3290 0
1441 1.3226 0
1914 1.3148 0
645 1.3105 0
1691 1.3091 0
1115 1.3077 0
1847 1.3066 0
377 1.3042 0
1032 1.3033 0
556 1.3023 0
865 1.3017 0
138 1.2983 0
43 1.2887 0
478 1.2754 0
1967 1.2650 0
1277 1.2635 0
1873 1.2562 0
475 1.2539 0
1220 1.2531 0
1079 1.2492 0
1146 1.2431 0
1385 1.2354 0
1410 1.2277 0
1647 1.2249 0
369 1.2218 0
1928 1.2190 0
1651 1.2182 0
243 1.2177 0
695 1.2154 0
1125 1.2111 0
959 1.2093 0
1942 1.2074 0
821 1.2064 0
754 1.2055 0
1259 1.2006 0
226 1.1971 0
1178 1.1961 0
368 1.1957 0
657 1.1941 0
1102 1.1932 0
1177 1.1864 0
973 1.1848 0
382 1.1832 0
177 1.1818 0
714 1.1792 0
389 1.1781 0
1741 1.1781 0
496 1.1780 0
1645 1.1724 0
1061 1.1714 0
1260 1.1676 0
1918 1.1674 0
1356 1.1664 0
430 1.1630 0
1682 1.1629 0
1478 1.1534 0
225 1.1516 0
1711 1.1455 0
1347 1.1438 0
1021 1.1414 0
884 1.1409 0
381 1.1405 0
1050 1.1395 0
1839 1.1385 0
1815 1.1327 0
637 1.1261 0
1217 1.1255 0
309 1.1246 0
1681 1.1189 0
169 1.1137 0
1062 1.1008 0
1526 1.0983 0
1103 1.0935 0
917 1.0915 0
406 1.0903 0
1321 1.0847 0
757 1.0821 0
1373 1.0787 0
545 1.0777 1
1401 1.0777 0
1814 1.0771 0
593 1.0769 0
612 1.0766 0
698 1.0756 0
111 1.0719 0
1926 1.0690 0
391 1.0623 0
682 1.0595 0
1944 1.0580 0
1548 1.0564 0
35 1.0564 0
1738 1.0512 0
1715 1.0497 0
799 1.0476 0
1481 1.0413 0
1776 1.0409 0
1565 1.0376 0
1965 1.0363 0
1957 1.0353 0
1252 1.0340 0
610 1.0335 0
1214 1.0334 0
362 1.0272 0
458 1.0168 0
219 1.0144 0
1845 1.0138 0
50 1.0128 0
1370 1.0098 0
216 1.0097 0
1152 1.0085 0
956 1.0062 0
1164 1.0028 0
763 0.9929 0
1521 0.9905 0
1516 0.9815 0
1751 0.9807 0
1924 0.9802 0
211 0.9802 0
718 0.9784 0
1486 0.9777 0
234 0.9735 0
1340 0.9723 0
874 0.9718 0
897 0.9690 0
1446 0.9676 0
1230 0.9676 0
1382 0.9659 0
967 0.9655 0
290 0.9620 0
279 0.9614 0
1087 0.9588 0
858 0.9577 0
1118 0.9565 0
1271 0.9528 0
1894 0.9447 0
144 0.9446 0
1059 0.9342 0
272 0.9270 0
253 0.9257 0
397 0.9216 0
1756 0.9197 0
614 0.9192 0
1352 0.9178 0
1216 0.9161 0
1627 0.9127 0
574 0.9123 0
220 0.9084 0
1688 0.9072 0
373 0.9038 0
1706 0.9012 0
1798 0.8998 0
45 0.8927 0
1337 0.8894 0
853 0.8891 0
444 0.8854 0
189 0.8841 0
1364 0.8832 0
1151 0.8832 0
1557 0.8821 0
616 0.8812 0
932 0.8800 0
1466 0.8795 0
1443 0.8777 0
1096 0.8767 0
360 0.8677 0
875 0.8650 0
1265 0.8617 0
666 0.8613 0
758 0.8591 0
1275 0.8566 0
286 0.8520 0
785 0.8503 0
1662 0.8482 0
836 0.8471 0
562 0.8450 0
341 0.8432 0
1463 0.8429 0
1176 0.8375 0
1433 0.8372 0
1624 0.8358 0
918 0.8315 0
398 0.8259 0
135 0.8214 0
1724 0.8197 0
1331 0.8192 0
119 0.8139 0
440 0.8129 0
313 0.8124 0
983 0.8115 0
1150 0.8096 0
228 0.8038 0
1491 0.7910 0
387 0.7811 0
732 0.7798 0
784 0.7769 0
342 0.7766 0
965 0.7760 0
1454 0.7751 0
630 0.7719 0
1090 0.7687 0
469 0.7679 0
789 0.7671 0
566 0.7648 0
662 0.7635 0
1072 0.7625 0
493 0.7560 0
1722 0.7550 0
1180 0.7517 0
1046 0.7511 0
75 0.7511 0
1202 0.7502 0
1005 0.7482 0
221 0.7461 0
99 0.7406 0
1615 0.7369 0
1195 0.7344 0
650 0.7249 0
1628 0.7249 0
1685 0.7184 0
1650 0.7077 0
1703 0.7068 0
1712 0.7027 0
1603 0.6941 0
617 0.6922 0
1677 0.6888 0
1830 0.6822 0
1696 0.6799 0
141 0.6744 0
11 0.6631 0
738 0.6630 0
870 0.6622 0
1094 0.6619 0
1604 0.6615 0
664 0.6606 0
1854 0.6582 0
1692 0.6562 0
750 0.6550 0
1522 0.6519 0
1317 0.6469 0
1371 0.6452 0
628 0.6372 0
1725 0.6350 0
1747 0.6350 0
1890 0.6299 0
1931 0.6289 0
1307 0.6263 0
1137 0.6259 0
699 0.6256 0
993 0.6243 0
1388 0.6134 0
563 0.6094 0
10 0.6072 0
438 0.6057 0
93 0.6053 0
548 0.6053 1
1196 0.6043 0
689 0.6041 0
1952 0.6021 0
1366 0.5911 0
1132 0.5902 0
196 0.5891 0
1078 0.5830 0
476 0.5823 0
1632 0.5802 0
122 0.5787 0
415 0.5762 0
950 0.5646 0
1656 0.5617 0
590 0.5599 0
569 0.5589 0
130 0.5564 0
998 0.5526 0
1925 0.5524 0
8 0.5497 0
613 0.5480 0
94 0.5477 0
392 0.5460 0
585 0.5455 0
1773 0.5436 0
1232 0.5363 0
1497 0.5349 0
1223 0.5322 0
607 0.5246 0
1605 0.5237 0
490 0.5235 0
1547 0.5229 0
1143 0.5203 0
1435 0.5200 0
1544 0.5188 0
418 0.5168 0
393 0.5167 0
1875 0.5146 0
1148 0.5144 0
891 0.5144 0
1278 0.5122 0
364 0.5113 0
970 0.5106 0
1477 0.5089 0
1123 0.5052 0
653 0.4932 0
365 0.4932 0
862 0.4918 0
1799 0.4909 0
823 0.4874 0
1458 0.4822 0
1068 0.4821 0
1391 0.4820 0
1286 0.4796 0
715 0.4766 0
1375 0.4758 0
14 0.4750 0
88 0.4737 0
1812 0.4680 0
605 0.4664 0
988 0.4655 0
915 0.4640 0
1790 0.4615 0
1403 0.4611 0
1363 0.4550 0
160 0.4505 0
1792 0.4500 0
1872 0.4485 0
372 0.4446 0
1284 0.4396 0
1729 0.4376 0
913 0.4352 0
1842 0.4351 0
197 0.4296 0
696 0.4269 0
1474 0.4260 0
394 0.4243 0
659 0.4227 0
1378 0.4195 0
841 0.4188 0
385 0.4187 0
638 0.4167 0
171 0.4135 0
925 0.4111 0
1701 0.4109 0
18 0.4085 0
1326 0.4078 0
1541 0.4072 0
1687 0.4064 0
1534 0.4049 0
751 0.4019 0
1608 0.3998 0
919 0.3994 0
1752 0.3920 0
378 0.3862 0
442 0.3717 0
1197 0.3708 0
245 0.3659 0
905 0.3644 0
180 0.3602 0
573 0.3505 0
1613 0.3500 0
979 0.3407 0
427 0.3218 0
1763 0.3204 0
463 0.3200 0
1471 0.3173 0
792 0.3155 0
477 0.3111 0
1826 0.3108 0
989 0.3058 0
561 0.3049 0
1910 0.3046 0
374 0.3039 0
95 0.3031 0
370 0.2895 0
1782 0.2889 0
409 0.2817 0
880 0.2813 0
1607 0.2787 0
1514 0.2687 0
200 0.2671 0
693 0.2669 0
675 0.2632 0
1586 0.2598 0
1283 0.2497 0
1367 0.2461 0
877 0.2453 0
1693 0.2444 0
298 0.2443 0
686 0.2440 0
42 0.2400 0
185 0.2359 0
1184 0.2351 0
1735 0.2312 0
1974 0.2290 0
1750 0.2285 0
1999 0.2227 0
1320 0.2204 0
1365 0.2194 0
1175 0.2162 0
158 0.2100 0
269 0.2090 0
1404 0.2087 0
840 0.1985 0
878 0.1955 0
1666 0.1940 0
258 0.1915 0
1831 0.1884 0
869 0.1791 0
994 0.1748 0
1035 0.1746 0
1823 0.1650 0
38 0.1643 0
1609 0.1642 0
1187 0.1595 0
944 0.1575 0
74 0.1562 0
1201 0.1558 0
1306 0.1539 0
733 0.1515 0
683 0.1464 0
1652 0.1417 0
1643 0.1416 0
850 0.1416 0
1772 0.1407 0
1333 0.1365 0
1251 0.1353 0
1855 0.1331 0
861 0.1324 0
259 0.1322 0
30 0.1300 0
1811 0.1175 0
876 0.1147 0
972 0.1126 0
1852 0.1107 0
595 0.1086 0
1844 0.1069 0
606 0.0936 0
386 0.0919 0
87 0.0899 0
195 0.0893 0
1996 0.0872 0
1755 0.0816 0
943 0.0792 0
1047 0.0782 0
497 0.0714 0
451 0.0711 0
1240 0.0710 0
71 0.0693 0
6 0.0646 0
1448 0.0540 0
641 0.0489 0
835 0.0480 0
1786 0.0428 0
1700 0.0388 0
257 0.0386 0
267 0.0340 0
1784 0.0313 0
429 0.0310 0
238 0.0295 0
658 0.0264 0
958 0.0201 0
1757 0.0194 0
1374 0.0188 0
1601 0.0163 0
1602 0.0155 0
1139 0.0141 0
1245 -0.0023 0
423 -0.0113 0
484 -0.0117 0
1165 -0.0174 0
991 -0.0175 0
1834 -0.0196 0
446 -0.0198 0
1393 -0.0242 0
1266 -0.0248 0
1637 -0.0269 0
708 -0.0290 0
1769 -0.0333 0
1341 -0.0339 0
896 -0.0348 0
1000 -0.0434 0
1740 -0.0440 0
1658 -0.0473 0
1600 -0.0478 0
743 -0.0492 0
1622 -0.0505 0
1257 -0.0507 0
1434 -0.0577 0
346 -0.0602 0
553 -0.0653 0
971 -0.0655 0
448 -0.0662 0
978 -0.0726 0
408 -0.0730 0
892 -0.0786 0
260 -0.0792 0
837 -0.0836 0
868 -0.0881 0
1010 -0.0925 0
1485 -0.0978 0
1760 -0.1005 0
271 -0.1008 0
1864 -0.1041 0
1440 -0.1107 0
726 -0.1115 0
1840 -0.1116 0
632 -0.1133 0
1017 -0.1193 0
1193 -0.1195 0
895 -0.1206 0
1943 -0.1227 0
121 -0.1295 0
1362 -0.1347 0
1130 -0.1359 0
1041 -0.1397 0
1298 -0.1425 0
670 -0.1511 0
667 -0.1519 0
1182 -0.1620 0
1012 -0.1685 0
1879 -0.1716 0
964 -0.1717 0
1694 -0.1739 0
1901 -0.1791 0
205 -0.1806 0
1807 -0.1861 0
1380 -0.1898 0
1580 -0.1932 0
1719 -0.1950 0
564 -0.1953 0
591 -0.1982 0
1480 -0.2013 0
1817 -0.2027 0
1399 -0.2030 0
1581 -0.2033 0
642 -0.2079 0
706 -0.2097 0
955 -0.2120 0
1156 -0.2126 0
635 -0.2224 0
898 -0.2259 0
1621 -0.2298 0
1770 -0.2385 0
1409 -0.2406 0
871 -0.2408 0
142 -0.2457 0
1354 -0.2473 0
1029 -0.2497 0
1564 -0.2582 0
887 -0.2635 0
1744 -0.2677 0
1293 -0.2683 0
340 -0.2786 0
651 -0.2941 0
982 -0.3011 0
1116 -0.3014 0
209 -0.3018 0
1469 -0.3023 0
747 -0.3063 0
417 -0.3101 0
1453 -0.3229 0
1585 -0.3262 0
314 -0.3353 0
966 -0.3357 0
288 -0.3387 0
1027 -0.3395 0
1162 -0.3429 0
860 -0.3435 0
407 -0.3461 0
961 -0.3493 0
165 -0.3527 0
894 -0.3577 0
261 -0.3652 0
1810 -0.3681 0
1717 -0.3705 0
727 -0.3725 0
1824 -0.3744 0
1124 -0.3754 0
1073 -0.3786 0
803 -0.3801 0
66 -0.3820 0
403 -0.3948 0
1661 -0.3984 0
1705 -0.4001 0
1383 -0.4058 0
709 -0.4067 0
1308 -0.4190 0
776 -0.4311 0
1344 -0.4341 0
356 -0.4356 0
399 -0.4402 0
1421 -0.4410 0
395 -0.4418 0
798 -0.4512 0
439 -0.4516 0
748 -0.4518 0
1517 -0.4546 0
1323 -0.4580 0
1161 -0.4650 0
1429 -0.4661 0
1977 -0.4682 0
420 -0.4695 0
1198 -0.4737 0
728 -0.4751 0
1531 -0.4769 0
1350 -0.4779 0
375 -0.4781 0
855 -0.4789 0
912 -0.4799 0
355 -0.4855 0
1699 -0.4920 0
673 -0.4997 0
57 -0.5044 0
37 -0.5087 0
1809 -0.5096 0
1665 -0.5096 0
48 -0.5156 0
55 -0.5196 0
745 -0.5224 0
1292 -0.5261 0
1887 -0.5277 0
1004 -0.5297 0
1436 -0.5416 0
857 -0.5416 0
471 -0.5479 0
705 -0.5504 0
1618 -0.5548 0
164 -0.5611 0
366 -0.5647 0
703 -0.5678 0
627 -0.5680 0
456 -0.5681 0
1797 -0.5709 0
1376 -0.5709 0
586 -0.5714 0
410 -0.5746 0
400 -0.5790 0
212 -0.5794 0
242 -0.5876 0
1723 -0.5888 0
1268 -0.5984 0
1678 -0.5986 0
1794 -0.6036 0
1379 -0.6087 0
1518 -0.6159 0
1368 -0.6185 0
237 -0.6186 0
711 -0.6188 0
1766 -0.6265 0
1189 -0.6291 0
352 -0.6355 0
710 -0.6378 0
1064 -0.6387 0
1949 -0.6393 0
284 -0.6441 0
90 -0.6442 0
1355 -0.6450 0
283 -0.6470 0
1002 -0.6501 0
794 -0.6525 0
1473 -0.6606 0
1253 -0.6613 0
1804 -0.6613 0
1655 -0.6697 0
899 -0.6728 0
1040 -0.6831 0
1316 -0.6843 0
680 -0.6924 0
668 -0.6948 0
1663 -0.7016 0
885 -0.7057 0
1612 -0.7098 0
1288 -0.7351 0
790 -0.7391 0
1324 -0.7400 0
984 -0.7444 0
1309 -0.7451 0
854 -0.7495 0
1493 -0.7551 0
1889 -0.7564 0
1287 -0.7578 0
1762 -0.7659 0
938 -0.7725 0
1313 -0.7805 0
1310 -0.7840 0
1014 -0.7848 0
401 -0.7921 0
1734 -0.8043 0
240 -0.8108 0
1606 -0.8138 0
1791 -0.8169 0
1759 -0.8316 0
1105 -0.8322 0
1465 -0.8403 0
1821 -0.8422 0
1598 -0.8452 0
1503 -0.8488 0
1009 -0.8679 0
620 -0.8682 0
1006 -0.8883 0
909 -0.8961 0
1512 -0.8984 0
1117 -0.8992 0
1483 -0.9020 0
734 -0.9061 0
1342 -0.9087 0
116 -0.9103 0
740 -0.9110 0
704 -0.9116 0
1764 -0.9143 0
40 -0.9151 0
1638 -0.9168 0
1039 -0.9236 0
722 -0.9260 0
1360 -0.9369 0
1595 -0.9536 0
1634 -0.9603 0
1016 -0.9615 0
1335 -0.9631 0
843 -0.9734 0
1119 -0.9827 0
411 -0.9846 0
937 -0.9861 0
980 -0.9868 0
380 -0.9872 0
560 -0.9983 0
0 -1.0120 0
1328 -1.0178 0
1779 -1.0186 0
1555 -1.0211 0
736 -1.0399 0
1349 -1.0416 0
1168 -1.0624 0
27 -1.0726 0
213 -1.0794 0
1269 -1.0862 0
623 -1.0933 0
1680 -1.0980 0
1897 -1.0984 0
114 -1.1054 0
1432 -1.1142 0
1524 -1.1147 0
976 -1.1161 0
1825 -1.1241 0
888 -1.1317 0
1838 -1.1647 0
1614 -1.1659 0
1611 -1.1742 0
1377 -1.1759 0
1822 -1.1769 0
1348 -1.1876 0
1837 -1.1884 0
1599 -1.1952 0
744 -1.1960 0
1120 -1.2025 0
818 -1.2094 0
473 -1.2152 0
882 -1.2287 0
1415 -1.2290 0
1460 -1.2348 0
1528 -1.2349 0
233 -1.2436 0
936 -1.2462 0
499 -1.2468 0
1623 -1.2556 0
1273 -1.2564 0
1011 -1.2680 0
749 -1.2733 0
1736 -1.2750 0
67 -1.2759 0
636 -1.2778 0
1828 -1.2816 0
5 -1.2841 0
1716 -1.2894 0
741 -1.3137 0
1250 -1.3320 0
1199 -1.3327 0
1492 -1.3463 0
214 -1.3535 0
452 -1.3710 0
1939 -1.3718 0
1579 -1.3766 0
436 -1.3768 0
987 -1.3790 0
577 -1.3812 0
293 -1.3856 0
1476 -1.3971 0
1149 -1.4022 0
1749 -1.4076 0
1507 -1.4311 0
1015 -1.4440 0
1768 -1.4538 0
1300 -1.4569 0
1069 -1.4633 0
1172 -1.4799 0
1982 -1.4878 0
1774 -1.4992 0
953 -1.5087 0
742 -1.5249 0
1013 -1.5262 0
305 -1.5265 0
1707 -1.5310 0
619 -1.5399 0
1833 -1.5418 0
1626 -1.5552 0
1510 -1.5663 0
1574 -1.5741 0
1781 -1.5787 0
999 -1.5804 0
721 -1.5822 0
445 -1.6065 0
1550 -1.6066 0
1499 -1.6168 0
64 -1.6188 0
829 -1.6264 0
1761 -1.6344 0
1669 -1.6461 0
1007 -1.6542 0
779 -1.6630 0
58 -1.6733 0
1558 -1.6761 0
1456 -1.6786 0
550 -1.6794 0
1848 -1.6826 0
1290 -1.6871 0
1279 -1.6946 0
731 -1.7203 0
1532 -1.7208 0
1022 -1.7369 0
859 -1.7377 0
1684 -1.7462 0
572 -1.7467 0
247 -1.7614 0
1530 -1.7730 0
1413 -1.7764 0
1743 -1.7848 0
139 -1.7989 0
481 -1.8029 0
737 -1.8308 0
866 -1.8320 0
1785 -1.8488 0
856 -1.8876 0
995 -1.9028 0
1487 -1.9104 0
1803 -1.9414 0
351 -1.9763 0
587 -1.9913 0
1121 -1.9974 0
78 -2.0015 0
80 -2.0073 0
84 -2.0115 0
1795 -2.0125 0
1539 -2.0209 0
1163 -2.0478 0
701 -2.0515 0
1941 -2.0636 0
1160 -2.0740 0
702 -2.0753 0
79 -2.0789 0
384 -2.0809 0
1553 -2.0838 0
1584 -2.0899 0
1551 -2.1041 0
1525 -2.1061 0
1508 -2.1075 0
1258 -2.1150 0
974 -2.1166 0
969 -2.1168 0
1318 -2.1176 0
1561 -2.1288 0
719 -2.1450 0
83 -2.1485 0
1509 -2.1486 0
676 -2.1496 0
691 -2.1697 0
1775 -2.1968 0
1718 -2.1979 0
217 -2.1982 0
1346 -2.2217 0
599 -2.2276 0
1537 -2.2312 0
1419 -2.2343 0
671 -2.2428 0
975 -2.2498 0
1019 -2.2547 0
98 -2.2691 0
1591 -2.2769 0
1780 -2.2783 0
712 -2.2795 0
1562 -2.2840 0
486 -2.3000 0
716 -2.3058 0
1457 -2.3075 0
1592 -2.3138 0
833 -2.3167 0
281 -2.3402 0
91 -2.3485 0
96 -2.3544 0
1642 -2.3719 0
963 -2.3773 0
1571 -2.3774 0
81 -2.4160 0
1281 -2.4170 0
713 -2.4246 0
1829 -2.4402 0
1289 -2.4468 0
1597 -2.4534 0
425 -2.4804 0
1322 -2.4814 0
85 -2.4857 0
611 -2.5279 0
1042 -2.5385 0
1515 -2.5519 0
1732 -2.5559 0
1560 -2.5630 0
1827 -2.5812 0
1495 -2.5857 0
1754 -2.5981 0
1451 -2.6183 0
70 -2.6269 0
1818 -2.6415 0
1506 -2.7090 0
60 -2.7363 0
1765 -2.7422 0
1464 -2.7672 0
73 -2.8149 0
39 -2.8366 0
1502 -2.8721 0
1590 -2.8788 0
1808 -2.8991 0
89 -2.9482 0
1802 -2.9503 0
63 -2.9727 0
1272 -2.9864 0
735 -2.9895 0
764 -2.9986 0
1312 -3.0042 0
1570 -3.0046 0
1746 -3.0302 0
1588 -3.0360 0
435 -3.0551 0
1563 -3.0945 0
1519 -3.0968 0
1398 -3.1125 0
1559 -3.1260 0
1843 -3.1805 0
263 -3.1817 0
1793 -3.2124 0
77 -3.2252 0
1577 -3.2332 0
615 -3.2496 0
1596 -3.2589 0
285 -3.2726 0
56 -3.2870 0
1594 -3.3111 0
52 -3.3197 0
1832 -3.3248 0
685 -3.3435 0
1806 -3.3452 0
1805 -3.3548 0
1587 -3.3714 0
1311 -3.4077 0
1482 -3.5012 0
700 -3.5961 0
1819 -3.5962 0
1721 -3.5978 0
433 -3.6015 0
725 -3.6356 0
707 -3.6610 0
1567 -3.6640 0
1758 -3.7502 0
1576 -3.7507 0
1569 -3.7700 0
76 -3.7812 0
51 -3.8277 0
1566 -3.8654 0
1630 -3.8718 0
1849 -3.9547 0
1568 -4.0633 0
1556 -4.0836 0
1816 -4.1701 0
1730 -4.2162 0
1578 -4.2167 0
1169 -4.2201 0
54 -4.2734 0
61 -4.2927 0
1593 -4.3471 0
1583 -4.3490 0
82 -4.4463 0
1573 -4.5590 0
1589 -4.9878 0
92 -5.1003 0
86 -5.1065 0
62 -5.1109 0
1820 -5.1421 0
1582 -5.3365 0
97 -5.4411 0
1274 -5.5617 0
69 -5.8808 0
1552 -6.0800 0
1572 -7.1333 0
1554 -7.3356 0
