633 28.0815 1
609 24.2446 1
634 23.6173 1
603 23.2331 1
638 22.9335 1
642 21.8141 1
649 21.5285 1
627 21.0628 1
621 20.7028 1
616 20.2484 1
605 19.4212 1
646 18.4555 1
614 18.2444 1
608 18.2018 1
615 16.8024 1
610 16.0029 1
604 15.5438 1
618 15.5084 1
1153 15.2717 0
628 15.0536 1
620 13.6180 1
611 13.0992 1
606 12.8542 1
625 12.7860 1
624 12.6140 1
637 12.4534 1
635 12.3925 1
619 12.2976 1
636 12.1705 1
631 11.4220 1
1165 11.3424 0
1154 11.1288 0
1195 10.5305 0
1727 10.2774 0
612 10.2076 1
1859 9.9722 0
1169 9.4874 0
617 9.3483 1
440 9.0893 0
1490 8.8670 0
413 8.7125 0
27 8.5871 0
1303 8.5600 0
1175 8.5273 0
1891 8.4913 0
299 8.4275 0
1605 8.4261 0
1173 8.3957 0
1864 8.2962 0
1198 8.1095 0
1795 8.0347 0
639 7.9139 1
1722 7.8342 0
630 7.6665 1
1826 7.6329 0
407 7.5891 0
1896 7.4040 0
11 7.3623 0
602 7.3422 1
1150 7.3248 0
424 7.3177 0
647 7.1054 1
622 7.0882 1
1840 7.0809 0
1764 7.0696 0
613 7.0371 1
643 6.9671 1
1794 6.9632 0
686 6.9351 0
1872 6.8592 0
1639 6.8532 0
3 6.8426 0
4 6.8419 0
1188 6.7695 0
400 6.7397 0
434 6.7362 0
1630 6.6721 0
607 6.5589 1
402 6.5539 0
28 6.5344 0
1839 6.5157 0
1043 6.4824 0
1065 6.4579 0
26 6.4445 0
1893 6.4104 0
1199 6.3574 0
1432 6.3170 0
1887 6.3161 0
626 6.3010 1
1807 6.2250 0
1801 6.1944 0
1855 6.1732 0
32 6.1017 0
1151 6.0711 0
6 6.0608 0
1890 6.0326 0
1817 5.9921 0
1166 5.9741 0
1714 5.9401 0
1888 5.8077 0
271 5.7792 0
1205 5.7193 0
1489 5.6689 0
30 5.6401 0
205 5.6335 0
1117 5.6300 0
623 5.6271 1
80 5.6105 0
940 5.6062 0
1760 5.5837 0
564 5.5825 0
1841 5.5698 0
698 5.5457 0
0 5.5186 0
1884 5.5021 0
279 5.4906 0
1762 5.4639 0
1834 5.4633 0
1163 5.4272 0
465 5.4218 0
153 5.3711 0
182 5.3577 0
310 5.3576 0
1167 5.3565 0
1773 5.3544 0
900 5.3108 0
1618 5.3080 0
226 5.3024 0
683 5.2777 0
809 5.2141 0
601 5.2061 1
1732 5.1916 0
1181 5.1870 0
1790 5.1760 0
425 5.1729 0
727 5.1691 0
22 5.1540 0
1767 5.1360 0
454 5.1334 0
294 5.0649 0
189 5.0267 0
70 5.0239 0
640 5.0184 1
1473 4.9722 0
644 4.9631 1
1184 4.9528 0
726 4.9489 0
1539 4.9101 0
600 4.9035 1
1723 4.8724 0
1860 4.8418 0
447 4.8337 0
275 4.8329 0
585 4.8048 0
1729 4.7973 0
444 4.7952 0
1177 4.7721 0
60 4.7539 0
1256 4.7531 0
1525 4.7425 0
1182 4.6901 0
1734 4.6900 0
267 4.6204 0
532 4.6203 0
1329 4.6064 0
1485 4.5964 0
792 4.5777 0
1845 4.5691 0
1476 4.5171 0
427 4.5095 0
1769 4.5069 0
811 4.4830 0
1909 4.4679 0
1873 4.4464 0
435 4.4275 0
7 4.4180 0
81 4.4163 0
85 4.4053 0
1818 4.3931 0
1157 4.3629 0
487 4.3480 0
1196 4.3245 0
641 4.3115 1
1789 4.3012 0
632 4.2826 1
1183 4.2650 0
410 4.2485 0
702 4.2310 0
1814 4.2307 0
1706 4.2256 0
648 4.2149 1
666 4.2121 0
1178 4.1598 0
1717 4.1556 0
1507 4.1140 0
1648 4.0880 0
629 4.0874 1
670 4.0838 0
868 4.0825 0
29 4.0705 0
1531 4.0682 0
1161 4.0661 0
794 4.0373 0
1856 3.9982 0
436 3.9967 0
943 3.9786 0
596 3.9678 0
1719 3.9576 0
1808 3.9448 0
295 3.9290 0
1170 3.9282 0
511 3.9166 0
1321 3.8951 0
1906 3.8775 0
1710 3.8766 0
1798 3.8746 0
1649 3.8661 0
1847 3.8580 0
1554 3.8556 0
1725 3.8241 0
1747 3.8241 0
1503 3.8142 0
273 3.8023 0
1156 3.8011 0
870 3.8007 0
1613 3.7943 0
1626 3.7915 0
706 3.7835 0
1897 3.7806 0
500 3.7789 0
1889 3.7786 0
421 3.7750 0
154 3.7677 0
51 3.7640 0
1716 3.7620 0
990 3.7507 0
12 3.7308 0
715 3.7223 0
409 3.6948 0
1746 3.6932 0
919 3.6925 0
61 3.6872 0
1534 3.6842 0
1176 3.6705 0
1825 3.6616 0
1636 3.6538 0
1517 3.6441 0
1781 3.6437 0
1586 3.6433 0
456 3.6370 0
1602 3.6217 0
828 3.6144 0
682 3.6016 0
599 3.5923 0
1617 3.5851 0
258 3.5824 0
1965 3.5730 0
1899 3.5580 0
1957 3.5533 0
838 3.5518 0
263 3.5433 0
1812 3.5334 0
1821 3.5308 0
1536 3.5207 0
174 3.5185 0
592 3.5182 0
1080 3.5086 0
49 3.5016 0
1532 3.4975 0
92 3.4945 0
700 3.4804 0
10 3.4634 0
1628 3.4545 0
1775 3.4437 0
1290 3.4411 0
418 3.4225 0
1516 3.4043 0
408 3.3874 0
687 3.3772 0
19 3.3562 0
45 3.3543 0
1988 3.3351 0
88 3.3319 0
1484 3.3252 0
593 3.3203 0
1189 3.3143 0
77 3.2989 0
78 3.2981 0
797 3.2936 0
1142 3.2813 0
575 3.2766 0
1469 3.2637 0
1804 3.2587 0
535 3.2557 0
1494 3.2205 0
747 3.2199 0
1976 3.2144 0
1496 3.2119 0
667 3.2086 0
65 3.2030 0
1657 3.1912 0
1160 3.1851 0
16 3.1800 0
177 3.1739 0
1506 3.1663 0
280 3.1632 0
1024 3.1485 0
1832 3.1401 0
121 3.1368 0
282 3.1358 0
711 3.1354 0
1641 3.1285 0
550 3.1279 0
1293 3.1148 0
1544 3.0730 0
1601 3.0604 0
1134 3.0532 0
974 3.0445 0
977 3.0391 0
1774 3.0348 0
15 3.0250 0
503 3.0103 0
1450 3.0087 0
1574 2.9885 0
1822 2.9739 0
1088 2.9686 0
5 2.9652 0
1143 2.9631 0
779 2.9533 0
264 2.9400 0
1679 2.9382 0
1393 2.9369 0
1733 2.9356 0
1526 2.9355 0
262 2.9350 0
42 2.9167 0
1360 2.9097 0
53 2.8814 0
298 2.8796 0
802 2.8570 0
1937 2.8519 0
1582 2.8513 0
96 2.8500 0
1220 2.8416 0
255 2.8296 0
822 2.8279 0
721 2.8174 0
1164 2.8133 0
1492 2.8002 0
818 2.7872 0
1973 2.7775 0
652 2.7524 0
33 2.7507 0
1938 2.7447 0
441 2.7416 0
1749 2.7358 0
132 2.7184 0
1459 2.7123 0
1813 2.7018 0
1835 2.6989 0
1806 2.6902 0
1603 2.6782 0
272 2.6746 0
861 2.6719 0
1502 2.6676 0
837 2.6513 0
1185 2.6481 0
1583 2.6438 0
509 2.6403 0
403 2.6380 0
82 2.6377 0
1947 2.6347 0
581 2.6319 0
259 2.6302 0
890 2.6252 0
113 2.6176 0
1704 2.6113 0
741 2.6024 0
1541 2.6007 0
1204 2.6005 0
25 2.5875 0
102 2.5854 0
1610 2.5850 0
554 2.5822 0
546 2.5818 0
936 2.5790 0
976 2.5739 0
1105 2.5638 0
1044 2.5549 0
1174 2.5474 0
1797 2.5305 0
191 2.5295 0
1008 2.5172 0
1945 2.5146 0
38 2.5128 0
1060 2.5120 0
1987 2.5105 0
744 2.5002 0
536 2.4788 0
127 2.4691 0
508 2.4660 0
1898 2.4638 0
1868 2.4570 0
813 2.4567 0
1761 2.4555 0
133 2.4540 0
1705 2.4412 0
1836 2.4401 0
1819 2.4371 0
1827 2.4341 0
1815 2.4226 0
54 2.4013 0
1452 2.3977 0
437 2.3976 0
1510 2.3904 0
204 2.3800 0
1885 2.3773 0
984 2.3772 0
1831 2.3649 0
39 2.3588 0
23 2.3581 0
693 2.3534 0
297 2.3419 0
1787 2.3412 0
1057 2.3387 0
56 2.3360 0
992 2.3351 0
1737 2.3286 0
1750 2.3281 0
1159 2.3279 0
1523 2.3276 0
1481 2.3257 0
1783 2.3237 0
699 2.3216 0
1186 2.3137 0
505 2.3136 0
783 2.3044 0
1880 2.2904 0
106 2.2871 0
1309 2.2870 0
836 2.2865 0
1171 2.2854 0
1606 2.2806 0
552 2.2668 0
1875 2.2537 0
139 2.2494 0
445 2.2375 0
688 2.2375 0
1640 2.2279 0
1596 2.2109 0
878 2.2092 0
35 2.2045 0
98 2.1979 0
1876 2.1977 0
1879 2.1845 0
1519 2.1840 0
1179 2.1763 0
216 2.1740 0
1379 2.1721 0
934 2.1706 0
773 2.1641 0
1560 2.1627 0
20 2.1506 0
284 2.1483 0
14 2.1416 0
904 2.1292 0
1529 2.1285 0
369 2.1236 0
417 2.1189 0
1463 2.1172 0
1479 2.1158 0
1621 2.1089 0
1688 2.1069 0
238 2.1022 0
798 2.0982 0
583 2.0966 0
716 2.0899 0
47 2.0800 0
1339 2.0742 0
1406 2.0725 0
286 2.0650 0
876 2.0587 0
1861 2.0561 0
1755 2.0511 0
62 2.0505 0
1696 2.0343 0
281 2.0270 0
987 2.0251 0
1294 2.0221 0
831 2.0170 0
1736 2.0168 0
1453 2.0155 0
142 2.0153 0
442 2.0132 0
853 2.0007 0
551 1.9959 0
1187 1.9949 0
83 1.9884 0
1307 1.9862 0
829 1.9839 0
1700 1.9832 0
800 1.9824 0
737 1.9714 0
1785 1.9681 0
525 1.9676 0
597 1.9665 0
510 1.9602 0
24 1.9586 0
1055 1.9559 0
84 1.9481 0
1810 1.9478 0
1609 1.9444 0
1910 1.9420 0
1042 1.9405 0
590 1.9385 0
1472 1.9288 0
506 1.9256 0
1335 1.9251 0
801 1.9217 0
577 1.9209 0
1466 1.9162 0
1504 1.9092 0
1724 1.8968 0
1753 1.8823 0
41 1.8817 0
123 1.8768 0
452 1.8757 0
1901 1.8742 0
787 1.8728 0
1308 1.8713 0
805 1.8712 0
1757 1.8676 0
432 1.8671 0
804 1.8532 0
276 1.8525 0
1637 1.8396 0
1780 1.8382 0
1499 1.8359 0
195 1.8308 0
874 1.8247 0
331 1.8210 0
932 1.8153 0
1141 1.8144 0
1197 1.8141 0
820 1.8127 0
1849 1.8003 0
1627 1.7946 0
1838 1.7931 0
1942 1.7809 0
124 1.7748 0
694 1.7737 0
1018 1.7736 0
1912 1.7635 0
1112 1.7574 0
1623 1.7535 0
1721 1.7525 0
1056 1.7488 0
1735 1.7481 0
1693 1.7449 0
1299 1.7433 0
1390 1.7411 0
1155 1.7401 0
1958 1.7377 0
1325 1.7345 0
1524 1.7319 0
1514 1.7316 0
433 1.7311 0
1515 1.7307 0
1509 1.7287 0
1967 1.7268 0
423 1.7221 0
689 1.7187 0
1295 1.7106 0
164 1.7098 0
1455 1.7079 0
337 1.7024 0
1726 1.6999 0
426 1.6966 0
268 1.6927 0
207 1.6895 0
1915 1.6823 0
235 1.6688 0
777 1.6668 0
889 1.6646 0
237 1.6583 0
1863 1.6491 0
246 1.6381 0
292 1.6322 0
1462 1.6297 0
278 1.6295 0
528 1.6259 0
1530 1.6242 0
1482 1.6179 0
1464 1.6132 0
681 1.6118 0
1874 1.6098 0
1 1.6091 0
1680 1.6084 0
1741 1.5994 0
146 1.5982 0
672 1.5892 0
140 1.5793 0
76 1.5708 0
679 1.5659 0
1570 1.5539 0
1538 1.5455 0
2 1.5392 0
582 1.5382 0
517 1.5377 0
1718 1.5348 0
302 1.5302 0
833 1.5281 0
31 1.5215 0
816 1.5214 0
738 1.5199 0
951 1.5156 0
516 1.5154 0
253 1.5149 0
99 1.5045 0
163 1.5008 0
13 1.4923 0
1488 1.4923 0
227 1.4916 0
384 1.4874 0
289 1.4842 0
1930 1.4756 0
933 1.4545 0
1350 1.4537 0
1765 1.4523 0
1829 1.4487 0
1288 1.4479 0
1946 1.4472 0
1533 1.4471 0
961 1.4415 0
1962 1.4337 0
1944 1.4312 0
198 1.4297 0
21 1.4285 0
305 1.4262 0
591 1.4178 0
401 1.4165 0
1556 1.4140 0
1833 1.4116 0
91 1.4086 0
513 1.4071 0
1152 1.4065 0
815 1.4042 0
1098 1.3996 0
1095 1.3949 0
1929 1.3943 0
1777 1.3926 0
1086 1.3925 0
64 1.3898 0
55 1.3867 0
266 1.3847 0
1418 1.3753 0
290 1.3680 0
1495 1.3604 0
654 1.3579 0
443 1.3517 0
1355 1.3465 0
1647 1.3462 0
1622 1.3444 0
1513 1.3427 0
713 1.3369 0
1216 1.3353 0
835 1.3295 0
1638 1.3280 0
1071 1.3256 0
1487 1.3250 0
1191 1.3247 0
544 1.3242 0
1843 1.3217 0
985 1.3126 0
1644 1.3122 0
823 1.3018 0
931 1.3004 0
404 1.2958 0
1779 1.2928 0
1451 1.2859 0
144 1.2857 0
58 1.2844 0
1116 1.2779 0
343 1.2770 0
1796 1.2738 0
1642 1.2683 0
1786 1.2679 0
743 1.2627 0
1471 1.2620 0
937 1.2538 0
1848 1.2526 0
159 1.2524 0
72 1.2514 0
190 1.2509 0
580 1.2486 0
1828 1.2441 0
412 1.2421 0
1578 1.2418 0
1038 1.2374 0
1070 1.2319 0
59 1.2317 0
463 1.2291 0
953 1.2251 0
1102 1.2232 0
457 1.2200 0
729 1.2198 0
1493 1.2141 0
467 1.2139 0
1803 1.2123 0
1050 1.2088 0
1616 1.2024 0
1941 1.1974 0
1866 1.1956 0
1851 1.1941 0
704 1.1927 0
1892 1.1920 0
50 1.1882 0
1964 1.1773 0
450 1.1767 0
420 1.1656 0
1715 1.1637 0
1353 1.1629 0
1934 1.1551 0
1778 1.1495 0
1302 1.1477 0
1820 1.1441 0
827 1.1419 0
1456 1.1408 0
1776 1.1394 0
117 1.1381 0
36 1.1298 0
941 1.1194 0
782 1.1160 0
1853 1.1127 0
921 1.1124 0
1581 1.1071 0
1212 1.1061 0
1960 1.1032 0
1278 1.0981 0
283 1.0976 0
1074 1.0937 0
1992 1.0901 0
1242 1.0826 0
203 1.0787 0
680 1.0728 0
1297 1.0724 0
1782 1.0723 0
1468 1.0700 0
178 1.0648 0
1923 1.0603 0
1330 1.0572 0
69 1.0553 0
1552 1.0501 0
754 1.0479 0
1728 1.0445 0
1740 1.0443 0
1791 1.0429 0
1882 1.0400 0
446 1.0393 0
653 1.0324 0
1600 1.0303 0
1577 1.0224 0
234 1.0212 0
710 1.0201 0
1408 1.0140 0
1862 1.0112 0
1332 1.0070 0
18 1.0065 0
1497 1.0041 0
71 1.0039 0
1811 1.0009 0
1850 0.9994 0
873 0.9991 0
330 0.9968 0
522 0.9930 0
429 0.9916 0
947 0.9873 0
1249 0.9861 0
87 0.9849 0
1805 0.9832 0
549 0.9626 0
695 0.9579 0
43 0.9507 0
1788 0.9433 0
973 0.9429 0
757 0.9428 0
1345 0.9409 0
1069 0.9290 0
1268 0.9234 0
114 0.9227 0
1711 0.9189 0
923 0.9165 0
143 0.9158 0
37 0.9137 0
1926 0.9077 0
956 0.9035 0
669 0.8937 0
68 0.8936 0
48 0.8917 0
1844 0.8900 0
1545 0.8881 0
1598 0.8830 0
1457 0.8820 0
130 0.8805 0
1518 0.8775 0
905 0.8732 0
1709 0.8581 0
1528 0.8557 0
1703 0.8523 0
1312 0.8496 0
288 0.8476 0
1643 0.8457 0
319 0.8379 0
269 0.8369 0
1894 0.8316 0
1854 0.8194 0
824 0.8180 0
1917 0.8174 0
908 0.8119 0
1067 0.7961 0
939 0.7959 0
1918 0.7936 0
1981 0.7911 0
911 0.7888 0
1997 0.7857 0
1631 0.7781 0
1306 0.7712 0
256 0.7689 0
1336 0.7626 0
1254 0.7598 0
886 0.7591 0
63 0.7585 0
79 0.7564 0
312 0.7540 0
257 0.7531 0
927 0.7460 0
755 0.7460 0
494 0.7441 0
323 0.7290 0
1771 0.7275 0
979 0.7093 0
1168 0.7054 0
285 0.7053 0
250 0.7044 0
1763 0.7018 0
1802 0.6984 0
1261 0.6979 0
537 0.6965 0
1033 0.6963 0
1650 0.6910 0
1296 0.6887 0
344 0.6880 0
141 0.6879 0
296 0.6875 0
128 0.6847 0
200 0.6842 0
1730 0.6838 0
93 0.6833 0
1846 0.6810 0
1190 0.6766 0
67 0.6749 0
44 0.6707 0
1953 0.6662 0
57 0.6634 0
872 0.6585 0
1604 0.6540 0
1162 0.6539 0
1563 0.6525 0
187 0.6524 0
916 0.6518 0
1878 0.6516 0
339 0.6501 0
1520 0.6499 0
720 0.6312 0
74 0.6270 0
1707 0.6269 0
217 0.6241 0
360 0.6225 0
661 0.6222 0
1999 0.6174 0
1130 0.6140 0
1689 0.6135 0
1784 0.6134 0
1824 0.6091 0
1094 0.6082 0
676 0.6058 0
708 0.6052 0
903 0.6049 0
1799 0.5996 0
1959 0.5992 0
1952 0.5966 0
859 0.5911 0
952 0.5897 0
548 0.5890 0
470 0.5870 0
531 0.5821 0
574 0.5795 0
181 0.5781 0
248 0.5732 0
1770 0.5683 0
913 0.5619 0
86 0.5611 0
406 0.5587 0
1928 0.5534 0
968 0.5466 0
1280 0.5444 0
1066 0.5420 0
1990 0.5396 0
1139 0.5358 0
9 0.5353 0
1792 0.5304 0
251 0.5302 0
1214 0.5271 0
1301 0.5236 0
1221 0.5215 0
1135 0.5208 0
945 0.5191 0
1034 0.5128 0
714 0.5113 0
75 0.5103 0
1203 0.5049 0
1615 0.5039 0
1745 0.5021 0
895 0.4979 0
1852 0.4942 0
1218 0.4924 0
1483 0.4907 0
512 0.4860 0
1982 0.4820 0
1877 0.4753 0
1522 0.4691 0
949 0.4648 0
129 0.4642 0
568 0.4638 0
1558 0.4629 0
965 0.4622 0
671 0.4585 0
34 0.4493 0
863 0.4479 0
840 0.4473 0
1698 0.4460 0
832 0.4416 0
1149 0.4405 0
1505 0.4246 0
304 0.4220 0
160 0.4219 0
173 0.4146 0
1382 0.4079 0
1751 0.4032 0
967 0.4020 0
893 0.3960 0
1428 0.3938 0
1512 0.3912 0
795 0.3905 0
1001 0.3832 0
843 0.3728 0
588 0.3645 0
1968 0.3589 0
1681 0.3546 0
1458 0.3422 0
1015 0.3400 0
1989 0.3378 0
888 0.3371 0
786 0.3337 0
1564 0.3273 0
567 0.3252 0
325 0.3179 0
770 0.3178 0
316 0.3168 0
515 0.3046 0
1331 0.2998 0
1215 0.2995 0
1341 0.2976 0
1998 0.2966 0
1316 0.2964 0
1629 0.2935 0
569 0.2912 0
709 0.2858 0
1230 0.2846 0
1320 0.2816 0
946 0.2783 0
707 0.2764 0
1461 0.2703 0
1980 0.2675 0
1646 0.2576 0
1687 0.2552 0
785 0.2531 0
291 0.2519 0
739 0.2504 0
1210 0.2503 0
817 0.2500 0
1229 0.2468 0
645 0.2387 1
527 0.2372 0
479 0.2332 0
471 0.2228 0
1991 0.2217 0
1351 0.2206 0
1283 0.2185 0
1731 0.2183 0
1572 0.2153 0
345 0.2148 0
869 0.2143 0
1045 0.2137 0
451 0.2108 0
819 0.2107 0
1347 0.2031 0
1748 0.1929 0
1192 0.1912 0
1758 0.1875 0
120 0.1851 0
1943 0.1833 0
728 0.1753 0
194 0.1744 0
1193 0.1744 0
1342 0.1720 0
1318 0.1686 0
938 0.1644 0
1645 0.1635 0
595 0.1625 0
1372 0.1621 0
1258 0.1571 0
969 0.1419 0
1857 0.1412 0
1236 0.1392 0
1954 0.1383 0
118 0.1363 0
1255 0.1348 0
1699 0.1337 0
991 0.1335 0
935 0.1320 0
915 0.1183 0
233 0.1171 0
460 0.1161 0
730 0.1158 0
1211 0.1137 0
218 0.1119 0
1264 0.1102 0
663 0.1028 0
254 0.1025 0
1608 0.0953 0
1054 0.0940 0
1031 0.0922 0
722 0.0864 0
924 0.0805 0
1672 0.0792 0
1535 0.0785 0
1624 0.0735 0
899 0.0635 0
293 0.0600 0
1314 0.0502 0
789 0.0483 0
152 0.0474 0
180 0.0469 0
1474 0.0465 0
416 0.0437 0
530 0.0436 0
333 0.0412 0
230 0.0406 0
448 0.0395 0
541 0.0359 0
1266 0.0327 0
926 0.0320 0
1206 0.0292 0
1870 0.0247 0
1809 0.0157 0
1480 0.0147 0
559 0.0141 0
723 0.0123 0
765 0.0108 0
740 0.0010 0
469 0.0000 0
1354 -0.0012 0
948 -0.0015 0
361 -0.0044 0
1756 -0.0088 0
767 -0.0146 0
1348 -0.0168 0
523 -0.0174 0
260 -0.0181 0
307 -0.0217 0
1252 -0.0238 0
1048 -0.0245 0
982 -0.0303 0
1219 -0.0322 0
1978 -0.0353 0
1902 -0.0379 0
335 -0.0484 0
115 -0.0527 0
1053 -0.0531 0
1587 -0.0563 0
145 -0.0640 0
474 -0.0651 0
534 -0.0699 0
1002 -0.0717 0
1257 -0.0738 0
560 -0.0783 0
981 -0.0796 0
1816 -0.0800 0
955 -0.0816 0
656 -0.0822 0
1319 -0.0844 0
1037 -0.0902 0
553 -0.0912 0
1961 -0.0917 0
1985 -0.0921 0
771 -0.0947 0
1460 -0.1012 0
1772 -0.1162 0
1047 -0.1170 0
584 -0.1211 0
839 -0.1221 0
1082 -0.1252 0
1553 -0.1256 0
439 -0.1260 0
1971 -0.1289 0
1754 -0.1341 0
877 -0.1350 0
902 -0.1396 0
678 -0.1410 0
1886 -0.1540 0
334 -0.1544 0
830 -0.1561 0
131 -0.1608 0
252 -0.1647 0
1063 -0.1747 0
1871 -0.1762 0
168 -0.1819 0
1402 -0.1852 0
1521 -0.1880 0
1340 -0.1891 0
170 -0.1908 0
8 -0.1968 0
17 -0.1999 0
422 -0.2023 0
995 -0.2062 0
373 -0.2098 0
1550 -0.2118 0
1491 -0.2143 0
1511 -0.2151 0
209 -0.2162 0
415 -0.2230 0
518 -0.2275 0
775 -0.2304 0
746 -0.2354 0
1180 -0.2391 0
980 -0.2492 0
1431 -0.2494 0
1543 -0.2517 0
1478 -0.2530 0
1424 -0.2537 0
705 -0.2567 0
1284 -0.2591 0
100 -0.2594 0
220 -0.2615 0
46 -0.2616 0
1939 -0.2672 0
690 -0.2699 0
842 -0.2783 0
431 -0.2789 0
556 -0.2791 0
865 -0.2795 0
1396 -0.2886 0
156 -0.2887 0
108 -0.2909 0
1995 -0.2944 0
1486 -0.3022 0
94 -0.3073 0
224 -0.3115 0
1433 -0.3136 0
675 -0.3154 0
851 -0.3274 0
239 -0.3308 0
184 -0.3318 0
1148 -0.3374 0
90 -0.3517 0
1083 -0.3540 0
566 -0.3569 0
1963 -0.3595 0
1114 -0.3620 0
95 -0.3622 0
719 -0.3681 0
736 -0.3695 0
1573 -0.3734 0
1720 -0.3756 0
1837 -0.3760 0
844 -0.3799 0
1542 -0.3843 0
1276 -0.3874 0
674 -0.3885 0
1692 -0.3901 0
1246 -0.3908 0
1087 -0.3990 0
40 -0.4011 0
1744 -0.4029 0
772 -0.4108 0
880 -0.4135 0
1300 -0.4142 0
1113 -0.4145 0
183 -0.4152 0
1900 -0.4184 0
848 -0.4194 0
475 -0.4215 0
1395 -0.4233 0
571 -0.4242 0
1075 -0.4249 0
119 -0.4355 0
655 -0.4394 0
1823 -0.4413 0
1951 -0.4417 0
210 -0.4481 0
1217 -0.4641 0
1858 -0.4743 0
213 -0.4750 0
1234 -0.4770 0
651 -0.4793 0
731 -0.4796 0
799 -0.4814 0
766 -0.4870 0
807 -0.4914 0
912 -0.4915 0
565 -0.4948 0
885 -0.5009 0
658 -0.5027 0
993 -0.5062 0
192 -0.5064 0
1977 -0.5071 0
287 -0.5078 0
504 -0.5101 0
1248 -0.5141 0
1739 -0.5162 0
196 -0.5211 0
1454 -0.5228 0
742 -0.5252 0
660 -0.5395 0
758 -0.5408 0
894 -0.5429 0
1931 -0.5493 0
1701 -0.5581 0
490 -0.5591 0
796 -0.5608 0
1635 -0.5701 0
963 -0.5705 0
914 -0.5717 0
116 -0.5728 0
473 -0.5743 0
1158 -0.5761 0
1436 -0.5805 0
1625 -0.5827 0
1338 -0.5859 0
1109 -0.5868 0
1085 -0.5884 0
1062 -0.5927 0
1597 -0.5961 0
1097 -0.5963 0
329 -0.5982 0
579 -0.5997 0
1059 -0.6010 0
1766 -0.6026 0
212 -0.6109 0
1226 -0.6178 0
1440 -0.6192 0
685 -0.6248 0
1571 -0.6266 0
1867 -0.6267 0
1286 -0.6280 0
1565 -0.6346 0
161 -0.6357 0
563 -0.6373 0
1020 -0.6396 0
97 -0.6425 0
677 -0.6433 0
1356 -0.6434 0
1376 -0.6437 0
557 -0.6461 0
1589 -0.6465 0
1076 -0.6494 0
179 -0.6535 0
514 -0.6542 0
1260 -0.6596 0
1924 -0.6622 0
1025 -0.6631 0
1275 -0.6646 0
1241 -0.6666 0
538 -0.6685 0
1907 -0.6696 0
1540 -0.6718 0
1477 -0.6726 0
202 -0.6800 0
978 -0.6817 0
1551 -0.6872 0
957 -0.6889 0
397 -0.6894 0
1895 -0.6908 0
1081 -0.6921 0
788 -0.6999 0
673 -0.7008 0
162 -0.7024 0
1742 -0.7039 0
1129 -0.7046 0
1881 -0.7052 0
864 -0.7076 0
907 -0.7107 0
497 -0.7222 0
1948 -0.7253 0
219 -0.7360 0
363 -0.7374 0
1986 -0.7410 0
1966 -0.7426 0
322 -0.7458 0
847 -0.7467 0
1994 -0.7471 0
277 -0.7477 0
1305 -0.7497 0
176 -0.7510 0
958 -0.7513 0
1549 -0.7515 0
1743 -0.7619 0
1435 -0.7656 0
1738 -0.7668 0
749 -0.7693 0
110 -0.7710 0
223 -0.7726 0
391 -0.7726 0
1974 -0.7739 0
1585 -0.7784 0
1046 -0.7920 0
1358 -0.7921 0
1400 -0.7933 0
483 -0.7955 0
137 -0.8006 0
315 -0.8016 0
171 -0.8042 0
1575 -0.8072 0
214 -0.8088 0
1281 -0.8092 0
1103 -0.8146 0
526 -0.8244 0
862 -0.8310 0
875 -0.8326 0
1568 -0.8361 0
1315 -0.8363 0
351 -0.8375 0
774 -0.8387 0
972 -0.8392 0
109 -0.8447 0
1352 -0.8486 0
1324 -0.8593 0
411 -0.8621 0
703 -0.8625 0
340 -0.8650 0
1612 -0.8660 0
857 -0.8673 0
1768 -0.8677 0
1077 -0.8753 0
1410 -0.8755 0
650 -0.8801 0
1146 -0.8810 0
1800 -0.8818 0
1993 -0.8821 0
1932 -0.8891 0
1064 -0.8895 0
1713 -0.8934 0
555 -0.8945 0
462 -0.9100 0
1674 -0.9157 0
134 -0.9175 0
1548 -0.9185 0
540 -0.9252 0
558 -0.9266 0
732 -0.9273 0
1202 -0.9294 0
1237 -0.9299 0
309 -0.9376 0
1580 -0.9383 0
1682 -0.9450 0
1584 -0.9451 0
1365 -0.9455 0
261 -0.9533 0
405 -0.9549 0
1091 -0.9551 0
1559 -0.9551 0
122 -0.9561 0
338 -0.9583 0
1401 -0.9587 0
1380 -0.9589 0
1441 -0.9606 0
66 -0.9656 0
342 -0.9664 0
1000 -0.9686 0
668 -0.9698 0
1041 -0.9824 0
576 -0.9836 0
761 -0.9844 0
760 -0.9929 0
997 -0.9958 0
988 -0.9988 0
960 -0.9999 0
1361 -1.0034 0
1231 -1.0110 0
826 -1.0139 0
1115 -1.0176 0
1793 -1.0194 0
414 -1.0242 0
502 -1.0335 0
521 -1.0404 0
734 -1.0437 0
1607 -1.0474 0
107 -1.0519 0
1014 -1.0522 0
1232 -1.0539 0
175 -1.0539 0
365 -1.0604 0
306 -1.0652 0
1566 -1.0671 0
994 -1.0774 0
1669 -1.0787 0
482 -1.0794 0
664 -1.0814 0
806 -1.0966 0
725 -1.1004 0
1439 -1.1042 0
918 -1.1104 0
1277 -1.1131 0
1133 -1.1146 0
1322 -1.1178 0
1567 -1.1242 0
1291 -1.1297 0
1546 -1.1321 0
392 -1.1342 0
1537 -1.1386 0
374 -1.1398 0
1235 -1.1407 0
1328 -1.1449 0
1265 -1.1469 0
586 -1.1505 0
879 -1.1521 0
488 -1.1563 0
1409 -1.1696 0
1708 -1.1716 0
542 -1.1729 0
186 -1.1730 0
906 -1.1742 0
1935 -1.1746 0
1712 -1.1800 0
1403 -1.1806 0
274 -1.1822 0
208 -1.1826 0
317 -1.1835 0
852 -1.1858 0
1911 -1.1923 0
1690 -1.2039 0
242 -1.2064 0
135 -1.2081 0
236 -1.2121 0
1132 -1.2147 0
1683 -1.2188 0
917 -1.2219 0
1107 -1.2225 0
1830 -1.2303 0
1326 -1.2338 0
1919 -1.2372 0
1655 -1.2411 0
1407 -1.2417 0
845 -1.2582 0
150 -1.2619 0
928 -1.2667 0
1702 -1.2711 0
735 -1.2731 0
966 -1.2802 0
1273 -1.2819 0
1371 -1.2823 0
1245 -1.2856 0
1323 -1.2873 0
1009 -1.2874 0
930 -1.2887 0
1547 -1.2929 0
1979 -1.2929 0
1078 -1.2937 0
764 -1.2952 0
353 -1.2967 0
1090 -1.3011 0
697 -1.3054 0
249 -1.3061 0
841 -1.3063 0
1670 -1.3156 0
493 -1.3181 0
529 -1.3218 0
125 -1.3253 0
1446 -1.3263 0
301 -1.3432 0
247 -1.3434 0
901 -1.3471 0
355 -1.3478 0
812 -1.3512 0
1145 -1.3513 0
221 -1.3526 0
89 -1.3570 0
1561 -1.3612 0
701 -1.3726 0
458 -1.3826 0
887 -1.3835 0
138 -1.3865 0
572 -1.3907 0
1375 -1.3952 0
1397 -1.3990 0
910 -1.4023 0
1030 -1.4102 0
245 -1.4130 0
1084 -1.4220 0
1562 -1.4236 0
1028 -1.4246 0
1651 -1.4270 0
1557 -1.4277 0
1653 -1.4285 0
1289 -1.4303 0
484 -1.4365 0
1073 -1.4505 0
539 -1.4514 0
1996 -1.4536 0
1140 -1.4592 0
665 -1.4617 0
206 -1.4630 0
959 -1.4721 0
1555 -1.4753 0
1426 -1.4815 0
724 -1.4848 0
662 -1.4882 0
1051 -1.4919 0
1384 -1.4945 0
104 -1.4996 0
1118 -1.5009 0
1865 -1.5056 0
589 -1.5067 0
659 -1.5079 0
1619 -1.5090 0
1013 -1.5186 0
696 -1.5201 0
810 -1.5257 0
1120 -1.5260 0
562 -1.5312 0
381 -1.5408 0
371 -1.5435 0
1200 -1.5436 0
1921 -1.5452 0
453 -1.5494 0
1922 -1.5503 0
326 -1.5520 0
1247 -1.5539 0
1334 -1.5630 0
341 -1.5638 0
1666 -1.5677 0
692 -1.5692 0
507 -1.5705 0
1239 -1.5708 0
375 -1.5779 0
942 -1.5803 0
1213 -1.5868 0
501 -1.5893 0
1058 -1.5938 0
1100 -1.5943 0
1501 -1.6026 0
486 -1.6049 0
1925 -1.6090 0
1387 -1.6107 0
986 -1.6125 0
222 -1.6133 0
1128 -1.6176 0
881 -1.6269 0
712 -1.6292 0
1123 -1.6373 0
1061 -1.6397 0
1378 -1.6435 0
1593 -1.6507 0
867 -1.6511 0
745 -1.6536 0
1752 -1.6552 0
1920 -1.6566 0
324 -1.6578 0
849 -1.6584 0
1470 -1.6624 0
1914 -1.6665 0
691 -1.6666 0
1137 -1.6686 0
520 -1.6718 0
1448 -1.6727 0
265 -1.6752 0
543 -1.6859 0
1271 -1.6866 0
1654 -1.6928 0
1913 -1.6985 0
897 -1.7133 0
228 -1.7229 0
519 -1.7239 0
780 -1.7245 0
1633 -1.7277 0
970 -1.7281 0
1417 -1.7299 0
983 -1.7332 0
430 -1.7376 0
172 -1.7429 0
147 -1.7462 0
1975 -1.7487 0
1394 -1.7524 0
1475 -1.7588 0
1317 -1.7624 0
1333 -1.7709 0
1908 -1.7730 0
1349 -1.7731 0
314 -1.7821 0
111 -1.7821 0
1392 -1.7827 0
1032 -1.7841 0
349 -1.7853 0
1527 -1.7918 0
1984 -1.7923 0
1003 -1.7947 0
1579 -1.7956 0
1940 -1.7961 0
896 -1.7968 0
1124 -1.8069 0
1569 -1.8101 0
466 -1.8205 0
211 -1.8223 0
733 -1.8259 0
270 -1.8356 0
1019 -1.8359 0
357 -1.8365 0
1427 -1.8374 0
1274 -1.8385 0
1404 -1.8395 0
570 -1.8538 0
52 -1.8585 0
1096 -1.8655 0
1282 -1.8864 0
169 -1.8910 0
1010 -1.8944 0
778 -1.8946 0
1225 -1.8958 0
922 -1.8988 0
1588 -1.9008 0
1508 -1.9074 0
759 -1.9094 0
383 -1.9099 0
1026 -1.9162 0
356 -1.9220 0
1955 -1.9286 0
1936 -1.9289 0
1759 -1.9368 0
158 -1.9388 0
850 -1.9432 0
419 -1.9532 0
1500 -1.9608 0
359 -1.9723 0
308 -1.9750 0
858 -1.9798 0
718 -1.9885 0
1222 -1.9917 0
1983 -1.9974 0
498 -1.9991 0
472 -2.0026 0
793 -2.0055 0
327 -2.0057 0
814 -2.0063 0
398 -2.0076 0
1614 -2.0169 0
1667 -2.0187 0
996 -2.0249 0
1223 -2.0289 0
1126 -2.0294 0
1869 -2.0296 0
354 -2.0364 0
225 -2.0375 0
1620 -2.0429 0
763 -2.0435 0
489 -2.0474 0
1366 -2.0499 0
1111 -2.0581 0
1006 -2.0607 0
1243 -2.0622 0
1368 -2.0626 0
1970 -2.0712 0
1611 -2.0758 0
1092 -2.0781 0
909 -2.0804 0
240 -2.0815 0
1425 -2.0818 0
1678 -2.0903 0
313 -2.0904 0
768 -2.0946 0
751 -2.0979 0
598 -2.1072 0
1671 -2.1072 0
1250 -2.1120 0
892 -2.1128 0
573 -2.1182 0
1685 -2.1224 0
399 -2.1238 0
1370 -2.1257 0
387 -2.1288 0
1660 -2.1407 0
1969 -2.1423 0
594 -2.1551 0
1949 -2.1612 0
101 -2.1631 0
748 -2.1653 0
1362 -2.1777 0
155 -2.1786 0
1049 -2.1831 0
461 -2.1835 0
1972 -2.1853 0
480 -2.2003 0
883 -2.2010 0
1346 -2.2054 0
496 -2.2063 0
776 -2.2151 0
989 -2.2228 0
1950 -2.2235 0
1842 -2.2238 0
1883 -2.2254 0
243 -2.2274 0
1079 -2.2322 0
1344 -2.2327 0
1665 -2.2348 0
379 -2.2406 0
1656 -2.2463 0
112 -2.2510 0
1673 -2.2578 0
803 -2.2663 0
1208 -2.2716 0
545 -2.2807 0
372 -2.2864 0
328 -2.2869 0
1429 -2.2927 0
1022 -2.3020 0
860 -2.3054 0
321 -2.3081 0
1072 -2.3136 0
944 -2.3155 0
366 -2.3181 0
1298 -2.3194 0
367 -2.3205 0
1122 -2.3232 0
1416 -2.3466 0
215 -2.3584 0
954 -2.3614 0
884 -2.3699 0
1005 -2.3759 0
1270 -2.3839 0
1292 -2.3879 0
1138 -2.4114 0
1434 -2.4188 0
1595 -2.4335 0
1385 -2.4364 0
1259 -2.4403 0
1040 -2.4454 0
1108 -2.4575 0
1447 -2.4588 0
971 -2.4699 0
920 -2.4739 0
1147 -2.4776 0
1369 -2.4776 0
821 -2.4843 0
428 -2.4866 0
229 -2.4958 0
1021 -2.4966 0
1110 -2.5002 0
561 -2.5117 0
390 -2.5157 0
1576 -2.5263 0
167 -2.5269 0
1422 -2.5352 0
1498 -2.5405 0
1903 -2.5470 0
752 -2.5520 0
464 -2.5521 0
1956 -2.5524 0
303 -2.5599 0
148 -2.5716 0
1228 -2.5806 0
1240 -2.5972 0
449 -2.6011 0
358 -2.6069 0
1029 -2.6094 0
336 -2.6113 0
1267 -2.6123 0
231 -2.6145 0
1413 -2.6187 0
347 -2.6212 0
1127 -2.6230 0
352 -2.6281 0
1209 -2.6287 0
197 -2.6317 0
320 -2.6358 0
380 -2.6520 0
891 -2.6559 0
1927 -2.6574 0
1904 -2.6609 0
1694 -2.6615 0
1423 -2.6615 0
495 -2.6699 0
1905 -2.6753 0
1599 -2.6815 0
1411 -2.7109 0
964 -2.7191 0
1311 -2.7211 0
1272 -2.7223 0
547 -2.7335 0
348 -2.7370 0
1052 -2.7467 0
241 -2.7487 0
1099 -2.7559 0
1104 -2.7669 0
126 -2.7679 0
188 -2.7703 0
1004 -2.7758 0
1101 -2.7768 0
481 -2.7836 0
684 -2.7917 0
1279 -2.7961 0
998 -2.8059 0
1592 -2.8065 0
925 -2.8189 0
1131 -2.8246 0
1676 -2.8287 0
1399 -2.8321 0
232 -2.8336 0
455 -2.8339 0
1310 -2.8689 0
1119 -2.8749 0
1251 -2.8757 0
378 -2.8786 0
1591 -2.8864 0
750 -2.8867 0
1068 -2.8872 0
1444 -2.8900 0
1662 -2.8916 0
1377 -2.8933 0
657 -2.8963 0
846 -2.8964 0
790 -2.9074 0
854 -2.9139 0
1652 -2.9169 0
105 -2.9176 0
871 -2.9204 0
1172 -2.9216 0
753 -2.9315 0
1383 -2.9411 0
1327 -2.9483 0
1658 -2.9521 0
769 -2.9640 0
396 -2.9651 0
762 -2.9678 0
438 -2.9732 0
1414 -2.9895 0
389 -2.9910 0
1244 -2.9974 0
1263 -3.0047 0
1224 -3.0059 0
300 -3.0167 0
395 -3.0200 0
1398 -3.0226 0
1093 -3.0229 0
1686 -3.0244 0
73 -3.0307 0
781 -3.0313 0
193 -3.0441 0
825 -3.0547 0
350 -3.0766 0
1035 -3.0932 0
1089 -3.1142 0
1594 -3.1166 0
1262 -3.1303 0
856 -3.1389 0
376 -3.1427 0
1933 -3.1688 0
1590 -3.1722 0
1016 -3.1746 0
1036 -3.1779 0
834 -3.1787 0
1634 -3.1864 0
578 -3.1961 0
1374 -3.2041 0
1304 -3.2141 0
784 -3.2512 0
370 -3.2533 0
791 -3.2575 0
975 -3.2634 0
103 -3.2784 0
199 -3.2886 0
1420 -3.2937 0
808 -3.3065 0
1039 -3.3182 0
717 -3.3230 0
524 -3.3336 0
499 -3.3383 0
1106 -3.3420 0
1445 -3.3503 0
1287 -3.3569 0
1697 -3.3599 0
1285 -3.3631 0
1027 -3.3666 0
1233 -3.3834 0
1661 -3.3866 0
157 -3.3968 0
318 -3.4084 0
476 -3.4294 0
1125 -3.4397 0
1121 -3.4422 0
485 -3.4782 0
1632 -3.4800 0
1916 -3.5075 0
1337 -3.5087 0
491 -3.5327 0
1465 -3.5408 0
587 -3.5483 0
1663 -3.5608 0
388 -3.5669 0
866 -3.5840 0
346 -3.5886 0
1438 -3.5903 0
1443 -3.5918 0
1405 -3.6104 0
362 -3.6299 0
1136 -3.6344 0
1363 -3.6359 0
929 -3.6467 0
999 -3.6468 0
201 -3.6508 0
1227 -3.6615 0
136 -3.6728 0
1011 -3.6996 0
1695 -3.7284 0
368 -3.7415 0
385 -3.7843 0
1684 -3.7895 0
393 -3.7919 0
1415 -3.8547 0
1664 -3.8679 0
533 -3.8955 0
151 -3.9158 0
1194 -3.9359 0
149 -3.9547 0
1391 -3.9557 0
1364 -3.9887 0
1675 -3.9990 0
1017 -4.0050 0
1659 -4.0123 0
1367 -4.0422 0
492 -4.0711 0
332 -4.0820 0
477 -4.0843 0
166 -4.1137 0
1253 -4.1497 0
244 -4.1512 0
1437 -4.1562 0
1007 -4.1973 0
756 -4.2021 0
1430 -4.2115 0
1207 -4.2212 0
386 -4.2233 0
1449 -4.2393 0
382 -4.2558 0
311 -4.2720 0
1373 -4.3103 0
185 -4.3169 0
1691 -4.3719 0
364 -4.3815 0
1386 -4.3818 0
165 -4.3973 0
377 -4.4241 0
1442 -4.4528 0
962 -4.5387 0
1343 -4.5407 0
1359 -4.5429 0
1412 -4.5629 0
459 -4.5763 0
1357 -4.6022 0
394 -4.6205 0
1023 -4.6449 0
1677 -4.6871 0
898 -4.6921 0
1201 -4.6929 0
855 -4.8049 0
1419 -4.8189 0
1144 -4.8216 0
1421 -4.8286 0
1388 -4.8976 0
1012 -4.9088 0
1467 -5.1026 0
1238 -5.1398 0
1381 -5.1521 0
1389 -5.2179 0
468 -5.3406 0
1313 -5.5384 0
1269 -5.5923 0
1668 -5.8885 0
950 -5.9711 0
882 -6.0067 0
478 -6.2436 0
