744 32.7017 1
742 31.1358 1
736 30.5380 1
714 26.9225 1
708 26.0219 1
701 25.7011 1
732 24.7253 1
716 24.3130 1
712 24.2653 1
741 23.9132 1
748 23.5897 1
734 23.5008 1
740 23.0468 1
738 22.9964 1
707 22.6798 1
747 22.6322 1
725 22.2848 1
704 21.7755 1
728 21.2242 1
735 21.2211 1
749 21.2122 1
727 21.1968 1
709 21.0946 1
717 21.0886 1
710 20.8861 1
730 20.7814 1
746 19.9818 1
726 19.7843 1
703 19.6894 1
731 18.8444 1
733 18.8063 1
719 18.3315 1
745 18.0859 1
720 18.0196 1
722 17.5036 1
713 17.3669 1
702 16.8927 1
711 16.1380 1
737 14.6551 1
705 14.4528 1
723 14.3364 1
721 13.8205 1
1096 13.4645 0
715 13.2850 1
706 12.5432 1
700 12.4524 1
587 12.3358 0
724 9.3208 1
718 9.1182 1
1351 8.4307 0
739 8.2473 1
295 8.0218 0
1359 7.4913 0
653 7.4013 0
1381 7.0516 0
1386 7.0351 0
227 6.9386 0
577 6.8608 0
660 6.8052 0
125 6.6865 0
1489 6.6602 0
417 6.6462 0
1063 6.6369 0
1886 6.6238 0
1012 6.0915 0
1371 6.0501 0
665 5.9170 0
594 5.9011 0
373 5.8489 0
1362 5.7736 0
1399 5.7662 0
90 5.6660 0
519 5.5322 0
597 5.5192 0
676 5.4631 0
1306 5.4373 0
1337 5.3911 0
1134 5.3747 0
273 5.1816 0
838 5.1344 0
552 5.0861 0
570 5.0741 0
1496 4.9891 0
561 4.9363 0
1217 4.8519 0
364 4.8476 0
411 4.8343 0
503 4.8153 0
1353 4.7877 0
551 4.7862 0
1752 4.7692 0
425 4.7468 0
41 4.7011 0
576 4.6390 0
841 4.6054 0
1374 4.5957 0
210 4.5692 0
1884 4.3712 0
1852 4.3528 0
446 4.3214 0
1416 4.2827 0
361 4.0822 0
743 4.0542 1
218 4.0353 0
396 4.0100 0
1798 3.9085 0
1369 3.8838 0
1311 3.8420 0
147 3.8163 0
989 3.7959 0
683 3.7750 0
580 3.7170 0
789 3.6979 0
1824 3.6650 0
599 3.6482 0
410 3.5078 0
1850 3.4820 0
383 3.4564 0
669 3.4458 0
508 3.4405 0
1455 3.3926 0
1213 3.3373 0
133 3.2137 0
297 3.2098 0
187 3.1901 0
1470 3.1618 0
666 3.1414 0
972 3.1389 0
598 3.1252 0
445 3.1079 0
392 3.0976 0
844 3.0859 0
922 3.0817 0
1141 3.0607 0
63 3.0600 0
338 3.0285 0
377 2.9983 0
356 2.9874 0
868 2.9626 0
363 2.9244 0
18 2.9104 0
257 2.9070 0
568 2.8945 0
967 2.8907 0
1245 2.8853 0
231 2.8824 0
369 2.8550 0
171 2.8249 0
84 2.8073 0
1389 2.7798 0
1378 2.7405 0
689 2.7145 0
1036 2.7001 0
407 2.6943 0
353 2.6669 0
823 2.6471 0
574 2.6343 0
429 2.6057 0
833 2.5991 0
1745 2.5952 0
536 2.5924 0
444 2.5887 0
1104 2.5849 0
672 2.5824 0
988 2.5695 0
658 2.5314 0
1882 2.5189 0
416 2.5034 0
365 2.4840 0
394 2.4610 0
675 2.4580 0
901 2.4552 0
1364 2.4485 0
549 2.4113 0
556 2.4103 0
1005 2.3959 0
564 2.3869 0
539 2.3836 0
371 2.3835 0
1808 2.3060 0
1375 2.3036 0
435 2.3013 0
102 2.2696 0
405 2.2314 0
1561 2.2255 0
1779 2.2155 0
414 2.2073 0
1474 2.2054 0
589 2.2023 0
1447 2.1995 0
368 2.1801 0
1783 2.1571 0
1057 2.1295 0
355 2.1110 0
350 2.1052 0
166 2.1037 0
1405 2.0812 0
1969 2.0772 0
85 2.0723 0
1358 2.0704 0
879 2.0636 0
1004 2.0549 0
1686 2.0517 0
1461 2.0513 0
78 2.0223 0
1214 2.0076 0
1082 2.0032 0
1233 1.9930 0
645 1.9698 0
1880 1.9564 0
1115 1.9550 0
1794 1.9459 0
384 1.9359 0
945 1.9185 0
554 1.9180 0
520 1.9141 0
993 1.9055 0
366 1.9055 0
613 1.8984 0
1228 1.8869 0
662 1.8821 0
399 1.8807 0
354 1.8482 0
442 1.8315 0
380 1.8232 0
7 1.8212 0
1811 1.8149 0
828 1.8141 0
959 1.8094 0
1803 1.8077 0
357 1.7974 0
1367 1.7952 0
359 1.7851 0
1111 1.7812 0
982 1.7801 0
584 1.7796 0
1616 1.7645 0
17 1.7583 0
1484 1.7563 0
408 1.7523 0
585 1.7426 0
1830 1.7421 0
1370 1.7324 0
1992 1.7186 0
1972 1.7096 0
1110 1.7090 0
1829 1.7074 0
1499 1.7061 0
1471 1.6676 0
802 1.6521 0
15 1.6267 0
550 1.6266 0
397 1.6248 0
307 1.6202 0
246 1.6177 0
588 1.6136 0
1433 1.6091 0
185 1.6056 0
1206 1.5899 0
1755 1.5880 0
258 1.5761 0
382 1.5663 0
62 1.5551 0
138 1.5493 0
809 1.5483 0
562 1.5438 0
131 1.5383 0
390 1.5301 0
1391 1.5196 0
163 1.5187 0
1467 1.5138 0
1210 1.5054 0
630 1.5041 0
1845 1.4695 0
905 1.4634 0
1016 1.4601 0
180 1.4592 0
913 1.4556 0
287 1.4454 0
1426 1.4433 0
531 1.4320 0
159 1.4292 0
961 1.4225 0
1235 1.4159 0
1778 1.3978 0
563 1.3666 0
1053 1.3599 0
947 1.3590 0
1366 1.3464 0
1851 1.3301 0
553 1.3084 0
27 1.3051 0
406 1.3046 0
1 1.2990 0
387 1.2933 0
890 1.2878 0
1395 1.2598 0
1996 1.2533 0
409 1.2519 0
391 1.2505 0
810 1.2498 0
1320 1.2410 0
266 1.2372 0
1671 1.2317 0
452 1.2260 0
389 1.2155 0
130 1.2070 0
1675 1.1841 0
274 1.1815 0
573 1.1800 0
1781 1.1592 0
101 1.1531 0
1764 1.1500 0
199 1.1419 0
1620 1.1369 0
1760 1.1266 0
1806 1.1237 0
1348 1.1172 0
1691 1.1135 0
916 1.1035 0
1208 1.0963 0
544 1.0890 0
1202 1.0848 0
26 1.0842 0
1487 1.0781 0
1380 1.0765 0
1459 1.0614 0
1759 1.0529 0
1139 1.0528 0
100 1.0335 0
1047 1.0333 0
938 1.0267 0
852 1.0228 0
681 1.0179 0
999 1.0147 0
1315 1.0027 0
586 1.0022 0
1991 0.9962 0
1086 0.9947 0
1349 0.9538 0
1354 0.9473 0
1987 0.9347 0
370 0.9169 0
351 0.9093 0
176 0.8868 0
1464 0.8821 0
191 0.8811 0
1490 0.8734 0
252 0.8693 0
1843 0.8682 0
1839 0.8671 0
223 0.8640 0
970 0.8540 0
285 0.8527 0
301 0.8421 0
991 0.8415 0
1879 0.8361 0
403 0.8334 0
423 0.8278 0
1246 0.8278 0
571 0.8270 0
632 0.8159 0
141 0.8120 0
888 0.7981 0
1863 0.7853 0
964 0.7806 0
268 0.7780 0
1477 0.7692 0
142 0.7689 0
843 0.7674 0
541 0.7638 0
262 0.7508 0
661 0.7487 0
814 0.7451 0
175 0.7440 0
659 0.7355 0
1894 0.7327 0
278 0.7166 0
925 0.7124 0
1483 0.7081 0
360 0.7073 0
1060 0.6986 0
1970 0.6889 0
1373 0.6813 0
1857 0.6739 0
626 0.6585 0
775 0.6448 0
1819 0.6415 0
264 0.6378 0
310 0.6192 0
827 0.6132 0
1368 0.6101 0
393 0.6098 0
687 0.6026 0
971 0.6019 0
1689 0.5978 0
1678 0.5923 0
965 0.5919 0
398 0.5886 0
491 0.5808 0
1021 0.5602 0
1427 0.5600 0
1250 0.5376 0
8 0.5313 0
1757 0.5278 0
1078 0.5263 0
1621 0.5256 0
835 0.5251 0
1982 0.5184 0
921 0.5175 0
1346 0.5167 0
432 0.5143 0
1372 0.5133 0
998 0.5042 0
1046 0.5026 0
1919 0.4968 0
670 0.4886 0
372 0.4865 0
140 0.4794 0
1945 0.4754 0
1544 0.4706 0
1285 0.4673 0
196 0.4660 0
272 0.4656 0
601 0.4614 0
830 0.4532 0
74 0.4450 0
582 0.4358 0
1899 0.4346 0
395 0.4281 0
851 0.4233 0
275 0.4224 0
1392 0.4214 0
1056 0.4203 0
1463 0.4188 0
1041 0.4050 0
546 0.3898 0
1340 0.3869 0
222 0.3828 0
1492 0.3828 0
1014 0.3797 0
902 0.3745 0
208 0.3739 0
1903 0.3713 0
291 0.3686 0
281 0.3627 0
1840 0.3611 0
400 0.3606 0
1146 0.3479 0
517 0.3462 0
1248 0.3439 0
1758 0.3409 0
441 0.3393 0
1766 0.3379 0
555 0.3305 0
1307 0.3296 0
1519 0.3253 0
1144 0.3215 0
1966 0.3212 0
923 0.3168 0
189 0.3131 0
1530 0.3114 0
1672 0.3037 0
401 0.3018 0
1394 0.3017 0
379 0.2855 0
3 0.2838 0
95 0.2799 0
108 0.2793 0
867 0.2787 0
1832 0.2777 0
358 0.2706 0
1119 0.2585 0
1068 0.2557 0
1542 0.2528 0
10 0.2417 0
1355 0.2406 0
1861 0.2388 0
1498 0.2351 0
1497 0.2345 0
1763 0.2243 0
1664 0.2220 0
109 0.2157 0
980 0.2130 0
973 0.2107 0
134 0.2090 0
1765 0.2085 0
256 0.2032 0
648 0.1864 0
1756 0.1619 0
386 0.1604 0
572 0.1580 0
420 0.1536 0
1549 0.1524 0
157 0.1433 0
1905 0.1364 0
679 0.1325 0
960 0.1314 0
1460 0.1260 0
559 0.1212 0
288 0.1209 0
1097 0.1182 0
612 0.1070 0
1967 0.1056 0
162 0.1052 0
917 0.1022 0
984 0.0969 0
1113 0.0940 0
981 0.0916 0
857 0.0906 0
929 0.0888 0
1809 0.0831 0
1873 0.0779 0
969 0.0761 0
238 0.0741 0
1203 0.0740 0
1906 0.0733 0
928 0.0677 0
48 0.0674 0
388 0.0635 0
1453 0.0567 0
1935 0.0345 0
1858 0.0335 0
485 0.0331 0
1341 0.0325 0
1802 0.0284 0
1331 0.0259 0
367 0.0231 0
1785 0.0182 0
1357 0.0108 0
595 0.0073 0
557 0.0051 0
567 0.0032 0
873 0.0022 0
1148 -0.0007 0
1793 -0.0045 0
1837 -0.0228 0
1448 -0.0243 0
529 -0.0275 0
927 -0.0361 0
820 -0.0374 0
506 -0.0387 0
1066 -0.0390 0
13 -0.0409 0
1013 -0.0427 0
123 -0.0453 0
968 -0.0501 0
438 -0.0536 0
837 -0.0573 0
1799 -0.0616 0
1834 -0.0731 0
1049 -0.0752 0
583 -0.0764 0
173 -0.0835 0
1644 -0.0879 0
197 -0.0904 0
415 -0.0982 0
47 -0.1015 0
1043 -0.1019 0
190 -0.1034 0
1054 -0.1062 0
283 -0.1079 0
1838 -0.1112 0
979 -0.1138 0
1390 -0.1156 0
651 -0.1165 0
1451 -0.1306 0
1221 -0.1311 0
1775 -0.1354 0
1026 -0.1363 0
362 -0.1369 0
412 -0.1391 0
558 -0.1428 0
502 -0.1452 0
1479 -0.1496 0
1610 -0.1502 0
591 -0.1511 0
1816 -0.1554 0
920 -0.1747 0
136 -0.1761 0
1500 -0.1797 0
1035 -0.1841 0
1052 -0.1903 0
1200 -0.1932 0
1817 -0.1988 0
668 -0.1992 0
1138 -0.2036 0
1952 -0.2056 0
145 -0.2096 0
695 -0.2104 0
948 -0.2159 0
1482 -0.2333 0
1989 -0.2395 0
504 -0.2480 0
1360 -0.2528 0
201 -0.2583 0
540 -0.2603 0
953 -0.2699 0
1638 -0.2742 0
545 -0.2766 0
448 -0.2786 0
1754 -0.2903 0
1439 -0.3010 0
195 -0.3122 0
114 -0.3149 0
1347 -0.3199 0
443 -0.3226 0
375 -0.3250 0
941 -0.3293 0
515 -0.3305 0
1344 -0.3306 0
654 -0.3371 0
1350 -0.3410 0
909 -0.3412 0
1611 -0.3432 0
418 -0.3432 0
641 -0.3434 0
1651 -0.3526 0
1466 -0.3532 0
65 -0.3554 0
1044 -0.3610 0
168 -0.3765 0
1324 -0.3817 0
155 -0.3828 0
1526 -0.3892 0
1428 -0.3906 0
978 -0.3931 0
818 -0.3948 0
137 -0.3956 0
1668 -0.4056 0
543 -0.4166 0
904 -0.4204 0
682 -0.4246 0
1478 -0.4256 0
38 -0.4291 0
908 -0.4390 0
1865 -0.4398 0
1655 -0.4435 0
952 -0.4454 0
1403 -0.4466 0
52 -0.4512 0
596 -0.4583 0
1204 -0.4604 0
1304 -0.4655 0
805 -0.4794 0
1120 -0.4854 0
836 -0.4960 0
436 -0.5065 0
1207 -0.5067 0
1383 -0.5070 0
807 -0.5074 0
1121 -0.5089 0
259 -0.5092 0
1222 -0.5121 0
494 -0.5181 0
1028 -0.5214 0
1216 -0.5251 0
113 -0.5282 0
996 -0.5295 0
1485 -0.5354 0
1326 -0.5368 0
251 -0.5373 0
839 -0.5394 0
1786 -0.5400 0
1269 -0.5432 0
1017 -0.5438 0
699 -0.5581 0
1218 -0.5640 0
935 -0.5663 0
263 -0.5696 0
1149 -0.5738 0
1101 -0.5777 0
685 -0.5786 0
729 -0.5794 1
71 -0.5823 0
1205 -0.5863 0
439 -0.5876 0
1929 -0.5897 0
1979 -0.5918 0
1363 -0.5930 0
111 -0.6000 0
878 -0.6099 0
1424 -0.6267 0
1361 -0.6315 0
150 -0.6368 0
1827 -0.6405 0
1529 -0.6457 0
352 -0.6497 0
1514 -0.6506 0
1667 -0.6521 0
1069 -0.6538 0
165 -0.6547 0
1317 -0.6568 0
1603 -0.6582 0
30 -0.6665 0
211 -0.6679 0
20 -0.6691 0
812 -0.6710 0
1495 -0.6712 0
1545 -0.6735 0
385 -0.6737 0
1488 -0.6829 0
581 -0.6864 0
255 -0.6884 0
949 -0.6953 0
22 -0.7025 0
975 -0.7096 0
1888 -0.7116 0
376 -0.7121 0
1520 -0.7123 0
528 -0.7416 0
511 -0.7422 0
534 -0.7422 0
1849 -0.7439 0
194 -0.7467 0
606 -0.7504 0
1699 -0.7511 0
1533 -0.7628 0
1805 -0.7705 0
569 -0.7721 0
1486 -0.7728 0
834 -0.7753 0
688 -0.7760 0
174 -0.7787 0
1792 -0.7791 0
1469 -0.7797 0
578 -0.7805 0
424 -0.7820 0
535 -0.7853 0
840 -0.7963 0
1674 -0.7972 0
637 -0.7990 0
1316 -0.8032 0
1632 -0.8105 0
1037 -0.8127 0
1990 -0.8180 0
306 -0.8183 0
34 -0.8222 0
1659 -0.8260 0
487 -0.8286 0
183 -0.8299 0
1124 -0.8326 0
1048 -0.8358 0
987 -0.8401 0
1422 -0.8455 0
1633 -0.8543 0
1541 -0.8552 0
88 -0.8652 0
1983 -0.8732 0
617 -0.8734 0
1143 -0.8762 0
1510 -0.8782 0
148 -0.8793 0
37 -0.8819 0
1411 -0.8824 0
1540 -0.8846 0
151 -0.8972 0
121 -0.8973 0
1698 -0.8981 0
566 -0.9014 0
1993 -0.9036 0
462 -0.9087 0
1408 -0.9100 0
1950 -0.9131 0
440 -0.9148 0
68 -0.9175 0
337 -0.9196 0
1193 -0.9208 0
848 -0.9274 0
1074 -0.9286 0
243 -0.9341 0
1247 -0.9360 0
170 -0.9368 0
939 -0.9453 0
1473 -0.9475 0
156 -0.9495 0
825 -0.9513 0
115 -0.9523 0
87 -0.9527 0
990 -0.9610 0
1201 -0.9626 0
1402 -0.9680 0
1468 -0.9700 0
1127 -0.9737 0
1376 -0.9747 0
1789 -0.9757 0
1438 -0.9771 0
433 -0.9808 0
1480 -0.9891 0
1813 -0.9900 0
1856 -0.9943 0
1528 -0.9945 0
1458 -0.9959 0
254 -1.0059 0
1762 -1.0061 0
1425 -1.0156 0
1379 -1.0212 0
1226 -1.0215 0
298 -1.0240 0
801 -1.0263 0
1224 -1.0269 0
143 -1.0321 0
1958 -1.0332 0
1791 -1.0363 0
466 -1.0436 0
997 -1.0445 0
872 -1.0449 0
293 -1.0476 0
1988 -1.0478 0
664 -1.0549 0
1385 -1.0553 0
1546 -1.0669 0
1076 -1.0713 0
1051 -1.0752 0
1457 -1.0827 0
1835 -1.0969 0
374 -1.1000 0
381 -1.1035 0
1131 -1.1056 0
1432 -1.1058 0
1801 -1.1076 0
1137 -1.1104 0
652 -1.1104 0
1649 -1.1116 0
826 -1.1220 0
1986 -1.1273 0
233 -1.1309 0
1343 -1.1352 0
35 -1.1393 0
32 -1.1394 0
548 -1.1399 0
224 -1.1423 0
756 -1.1432 0
169 -1.1512 0
1230 -1.1551 0
824 -1.1552 0
24 -1.1569 0
277 -1.1616 0
1406 -1.1621 0
161 -1.1638 0
1563 -1.1653 0
1070 -1.1699 0
1537 -1.1831 0
605 -1.1857 0
1007 -1.1866 0
341 -1.1885 0
152 -1.1898 0
1684 -1.1986 0
1407 -1.2000 0
760 -1.2050 0
1266 -1.2091 0
976 -1.2094 0
1442 -1.2130 0
1322 -1.2228 0
1055 -1.2232 0
532 -1.2246 0
1635 -1.2323 0
1397 -1.2323 0
1209 -1.2335 0
644 -1.2343 0
1334 -1.2378 0
40 -1.2384 0
1112 -1.2392 0
1123 -1.2407 0
524 -1.2429 0
631 -1.2434 0
1898 -1.2502 0
1231 -1.2530 0
31 -1.2554 0
604 -1.2588 0
1327 -1.2604 0
1194 -1.2610 0
1274 -1.2610 0
181 -1.2612 0
70 -1.2673 0
311 -1.2673 0
530 -1.2723 0
813 -1.2728 0
1933 -1.2776 0
1795 -1.2828 0
1494 -1.2908 0
1446 -1.2916 0
974 -1.2951 0
1241 -1.2983 0
692 -1.3018 0
1452 -1.3025 0
1934 -1.3047 0
1761 -1.3082 0
1550 -1.3205 0
94 -1.3268 0
447 -1.3282 0
1666 -1.3283 0
1179 -1.3332 0
1465 -1.3333 0
593 -1.3354 0
886 -1.3411 0
1336 -1.3448 0
919 -1.3448 0
885 -1.3452 0
698 -1.3523 0
1023 -1.3554 0
1787 -1.3585 0
983 -1.3656 0
943 -1.3683 0
139 -1.3709 0
1062 -1.3748 0
1234 -1.3829 0
21 -1.3861 0
1881 -1.3861 0
1770 -1.3881 0
1515 -1.3888 0
1653 -1.3997 0
1694 -1.4012 0
1236 -1.4027 0
1953 -1.4065 0
1328 -1.4142 0
918 -1.4197 0
673 -1.4211 0
1600 -1.4236 0
1505 -1.4252 0
265 -1.4252 0
135 -1.4261 0
1065 -1.4264 0
1129 -1.4340 0
896 -1.4396 0
128 -1.4411 0
1696 -1.4446 0
1940 -1.4495 0
1059 -1.4532 0
1191 -1.4534 0
607 -1.4543 0
859 -1.4578 0
1156 -1.4587 0
1039 -1.4701 0
603 -1.4749 0
1077 -1.4775 0
1232 -1.4798 0
269 -1.4808 0
753 -1.4853 0
1114 -1.4860 0
1907 -1.4872 0
1973 -1.4942 0
1551 -1.4954 0
1980 -1.4974 0
1276 -1.4999 0
276 -1.5007 0
1033 -1.5023 0
1382 -1.5024 0
907 -1.5037 0
1323 -1.5054 0
1001 -1.5065 0
1531 -1.5072 0
1301 -1.5112 0
57 -1.5156 0
1900 -1.5159 0
1634 -1.5181 0
177 -1.5203 0
663 -1.5204 0
693 -1.5226 0
523 -1.5245 0
1913 -1.5252 0
1249 -1.5268 0
674 -1.5316 0
1155 -1.5317 0
1887 -1.5318 0
1312 -1.5338 0
284 -1.5375 0
250 -1.5400 0
1790 -1.5446 0
1645 -1.5472 0
1010 -1.5492 0
811 -1.5502 0
286 -1.5554 0
1237 -1.5556 0
900 -1.5564 0
963 -1.5564 0
119 -1.5580 0
829 -1.5636 0
609 -1.5660 0
678 -1.5666 0
421 -1.5681 0
780 -1.5685 0
1387 -1.5699 0
1833 -1.5770 0
620 -1.5776 0
1642 -1.5785 0
413 -1.5795 0
1365 -1.5801 0
954 -1.5832 0
1185 -1.5884 0
995 -1.5896 0
1423 -1.6071 0
124 -1.6075 0
1290 -1.6123 0
950 -1.6126 0
1352 -1.6147 0
575 -1.6193 0
220 -1.6214 0
986 -1.6222 0
1215 -1.6241 0
1125 -1.6252 0
1818 -1.6268 0
1524 -1.6366 0
112 -1.6380 0
985 -1.6390 0
1384 -1.6391 0
1892 -1.6414 0
1902 -1.6419 0
299 -1.6432 0
206 -1.6433 0
1768 -1.6443 0
1583 -1.6446 0
883 -1.6487 0
497 -1.6487 0
158 -1.6579 0
1098 -1.6664 0
91 -1.6682 0
1083 -1.6717 0
1161 -1.6729 0
1592 -1.6769 0
484 -1.6908 0
1313 -1.6966 0
1932 -1.6971 0
1027 -1.6990 0
1599 -1.7065 0
280 -1.7074 0
1071 -1.7088 0
104 -1.7093 0
86 -1.7108 0
1654 -1.7148 0
77 -1.7169 0
1450 -1.7184 0
1073 -1.7198 0
1472 -1.7200 0
1682 -1.7201 0
655 -1.7238 0
67 -1.7239 0
646 -1.7276 0
1444 -1.7344 0
1772 -1.7359 0
533 -1.7362 0
1187 -1.7363 0
936 -1.7390 0
1780 -1.7399 0
958 -1.7414 0
460 -1.7417 0
1108 -1.7438 0
914 -1.7443 0
1661 -1.7510 0
225 -1.7514 0
105 -1.7530 0
1174 -1.7567 0
55 -1.7585 0
1740 -1.7588 0
694 -1.7648 0
628 -1.7699 0
1864 -1.7729 0
1342 -1.7745 0
14 -1.7760 0
1321 -1.7778 0
1703 -1.7817 0
1690 -1.7850 0
1481 -1.7855 0
1476 -1.7916 0
172 -1.7918 0
60 -1.7947 0
153 -1.7967 0
427 -1.8040 0
116 -1.8090 0
1398 -1.8128 0
622 -1.8142 0
926 -1.8172 0
302 -1.8177 0
1415 -1.8179 0
1776 -1.8198 0
1871 -1.8208 0
129 -1.8233 0
93 -1.8234 0
667 -1.8236 0
1094 -1.8258 0
126 -1.8262 0
308 -1.8292 0
1227 -1.8325 0
1445 -1.8340 0
611 -1.8566 0
154 -1.8597 0
486 -1.8614 0
378 -1.8676 0
1746 -1.8676 0
1443 -1.8681 0
296 -1.8713 0
560 -1.8772 0
1491 -1.8812 0
1309 -1.8843 0
449 -1.8900 0
1821 -1.8951 0
1289 -1.8965 0
1750 -1.9074 0
1239 -1.9086 0
1917 -1.9087 0
1031 -1.9094 0
686 -1.9103 0
267 -1.9230 0
1683 -1.9309 0
1796 -1.9371 0
127 -1.9383 0
1705 -1.9423 0
966 -1.9425 0
911 -1.9430 0
198 -1.9432 0
1957 -1.9447 0
680 -1.9467 0
1613 -1.9470 0
1999 -1.9493 0
1660 -1.9507 0
1414 -1.9526 0
1673 -1.9598 0
636 -1.9629 0
634 -1.9690 0
1106 -1.9783 0
1981 -1.9838 0
1243 -1.9864 0
1040 -1.9886 0
1646 -1.9917 0
1142 -1.9925 0
469 -1.9937 0
1954 -1.9938 0
282 -1.9939 0
16 -1.9958 0
1061 -1.9959 0
627 -2.0003 0
650 -2.0094 0
1753 -2.0269 0
1658 -2.0271 0
1677 -2.0281 0
83 -2.0291 0
1513 -2.0361 0
1820 -2.0376 0
1493 -2.0380 0
623 -2.0395 0
1314 -2.0408 0
887 -2.0437 0
346 -2.0441 0
324 -2.0458 0
1220 -2.0462 0
1506 -2.0477 0
1669 -2.0488 0
53 -2.0509 0
657 -2.0510 0
1815 -2.0524 0
253 -2.0532 0
1741 -2.0628 0
1318 -2.0636 0
1034 -2.0724 0
43 -2.0735 0
616 -2.0742 0
1223 -2.0775 0
1767 -2.0781 0
1401 -2.0802 0
1038 -2.0870 0
1128 -2.0875 0
822 -2.0943 0
1404 -2.1031 0
1412 -2.1032 0
1030 -2.1075 0
1294 -2.1084 0
470 -2.1101 0
946 -2.1133 0
1855 -2.1138 0
349 -2.1160 0
271 -2.1212 0
234 -2.1227 0
303 -2.1259 0
521 -2.1312 0
434 -2.1375 0
1736 -2.1392 0
1657 -2.1416 0
96 -2.1423 0
1122 -2.1466 0
906 -2.1549 0
1058 -2.1570 0
1020 -2.1645 0
76 -2.1705 0
1103 -2.1705 0
164 -2.1745 0
1665 -2.1753 0
891 -2.1783 0
1928 -2.1813 0
1936 -2.1814 0
334 -2.1877 0
213 -2.1883 0
860 -2.1952 0
602 -2.2114 0
1256 -2.2157 0
467 -2.2160 0
1511 -2.2161 0
1994 -2.2200 0
785 -2.2212 0
1396 -2.2268 0
98 -2.2302 0
647 -2.2328 0
248 -2.2349 0
614 -2.2351 0
49 -2.2355 0
1507 -2.2359 0
1773 -2.2420 0
1618 -2.2464 0
1720 -2.2512 0
279 -2.2543 0
431 -2.2592 0
514 -2.2625 0
512 -2.2645 0
1558 -2.2648 0
1692 -2.2729 0
1436 -2.2784 0
1512 -2.3058 0
525 -2.3109 0
1091 -2.3124 0
1877 -2.3133 0
899 -2.3174 0
1295 -2.3186 0
1995 -2.3189 0
1847 -2.3201 0
527 -2.3211 0
876 -2.3307 0
1984 -2.3378 0
236 -2.3385 0
69 -2.3388 0
1150 -2.3397 0
1788 -2.3440 0
1751 -2.3452 0
1963 -2.3467 0
1823 -2.3513 0
1862 -2.3517 0
343 -2.3543 0
247 -2.3567 0
863 -2.3580 0
1462 -2.3581 0
1277 -2.3581 0
1189 -2.3585 0
51 -2.3593 0
240 -2.3601 0
33 -2.3608 0
325 -2.3612 0
1107 -2.3643 0
54 -2.3680 0
1456 -2.3730 0
1509 -2.3752 0
513 -2.3817 0
1656 -2.3843 0
1951 -2.3845 0
1867 -2.3876 0
1897 -2.3916 0
855 -2.3970 0
1535 -2.4021 0
1089 -2.4025 0
1186 -2.4052 0
579 -2.4054 0
1896 -2.4110 0
507 -2.4162 0
1949 -2.4188 0
11 -2.4256 0
207 -2.4262 0
270 -2.4291 0
1092 -2.4341 0
1590 -2.4349 0
241 -2.4438 0
289 -2.4444 0
696 -2.4518 0
782 -2.4583 0
1454 -2.4615 0
565 -2.4728 0
671 -2.4768 0
56 -2.4792 0
1539 -2.4794 0
803 -2.4818 0
1008 -2.4883 0
25 -2.4891 0
1377 -2.4898 0
1253 -2.4902 0
292 -2.4914 0
1836 -2.4963 0
402 -2.5011 0
146 -2.5012 0
44 -2.5097 0
1503 -2.5108 0
1413 -2.5128 0
1878 -2.5152 0
92 -2.5169 0
1229 -2.5188 0
1282 -2.5232 0
932 -2.5251 0
1695 -2.5255 0
1018 -2.5267 0
73 -2.5349 0
882 -2.5371 0
1532 -2.5449 0
1975 -2.5466 0
1681 -2.5471 0
1937 -2.5495 0
317 -2.5496 0
1960 -2.5500 0
1938 -2.5563 0
1728 -2.5623 0
842 -2.5693 0
590 -2.5798 0
1287 -2.5839 0
1154 -2.5844 0
1126 -2.5896 0
1693 -2.5910 0
1965 -2.5926 0
1212 -2.5948 0
1029 -2.5973 0
1595 -2.6000 0
1591 -2.6000 0
260 -2.6006 0
314 -2.6045 0
481 -2.6064 0
1627 -2.6074 0
305 -2.6091 0
457 -2.6092 0
1152 -2.6136 0
1388 -2.6143 0
110 -2.6149 0
1955 -2.6161 0
1854 -2.6218 0
500 -2.6219 0
1400 -2.6303 0
1889 -2.6350 0
1961 -2.6361 0
144 -2.6376 0
178 -2.6378 0
1915 -2.6399 0
1876 -2.6460 0
1685 -2.6470 0
1302 -2.6494 0
1971 -2.6552 0
1978 -2.6578 0
1393 -2.6594 0
66 -2.6596 0
426 -2.6597 0
332 -2.6685 0
1310 -2.6771 0
892 -2.6809 0
1440 -2.6830 0
649 -2.6833 0
45 -2.6840 0
316 -2.6964 0
464 -2.6984 0
345 -2.6989 0
235 -2.6999 0
1252 -2.7054 0
1976 -2.7067 0
1640 -2.7093 0
474 -2.7105 0
340 -2.7106 0
39 -2.7135 0
501 -2.7158 0
642 -2.7206 0
118 -2.7222 0
1332 -2.7275 0
1244 -2.7282 0
877 -2.7354 0
994 -2.7355 0
910 -2.7391 0
419 -2.7405 0
792 -2.7412 0
1769 -2.7455 0
798 -2.7510 0
1733 -2.7530 0
1417 -2.7542 0
1730 -2.7557 0
1255 -2.7573 0
193 -2.7611 0
290 -2.7634 0
639 -2.7638 0
1579 -2.7681 0
1286 -2.7683 0
1339 -2.7822 0
1335 -2.7824 0
955 -2.7866 0
1662 -2.7891 0
1652 -2.7911 0
342 -2.7928 0
1508 -2.7939 0
204 -2.8006 0
1807 -2.8082 0
1050 -2.8100 0
348 -2.8112 0
1718 -2.8163 0
1032 -2.8177 0
1883 -2.8182 0
1725 -2.8207 0
1747 -2.8207 0
1875 -2.8298 0
64 -2.8315 0
940 -2.8335 0
656 -2.8336 0
1566 -2.8362 0
1116 -2.8370 0
1631 -2.8405 0
633 -2.8415 0
321 -2.8434 0
894 -2.8448 0
516 -2.8475 0
58 -2.8563 0
1516 -2.8636 0
778 -2.8644 0
122 -2.8725 0
1308 -2.8736 0
1920 -2.8760 0
450 -2.8779 0
1670 -2.8781 0
463 -2.8808 0
1009 -2.8837 0
691 -2.8921 0
1553 -2.8992 0
214 -2.9023 0
1619 -2.9058 0
1625 -2.9059 0
1804 -2.9074 0
1279 -2.9086 0
249 -2.9097 0
808 -2.9181 0
1088 -2.9182 0
1319 -2.9215 0
924 -2.9282 0
192 -2.9283 0
526 -2.9286 0
1598 -2.9319 0
167 -2.9320 0
1947 -2.9321 0
261 -2.9337 0
1956 -2.9390 0
1538 -2.9394 0
1329 -2.9416 0
542 -2.9447 0
1132 -2.9554 0
1918 -2.9569 0
866 -2.9569 0
1525 -2.9571 0
179 -2.9633 0
1211 -2.9672 0
1626 -2.9695 0
117 -2.9754 0
1273 -2.9758 0
1680 -2.9799 0
797 -2.9812 0
1019 -2.9836 0
1711 -2.9836 0
1556 -2.9837 0
1617 -2.9837 0
46 -2.9884 0
1238 -2.9887 0
205 -2.9892 0
1744 -2.9956 0
1199 -2.9966 0
1586 -2.9978 0
1288 -3.0001 0
309 -3.0024 0
107 -3.0060 0
832 -3.0063 0
1948 -3.0076 0
930 -3.0140 0
1825 -3.0159 0
1782 -3.0186 0
1904 -3.0316 0
846 -3.0318 0
437 -3.0335 0
1534 -3.0352 0
1848 -3.0368 0
1912 -3.0476 0
629 -3.0539 0
767 -3.0572 0
1257 -3.0587 0
1853 -3.0589 0
1333 -3.0672 0
347 -3.0748 0
957 -3.0817 0
1939 -3.0875 0
962 -3.0902 0
817 -3.0916 0
221 -3.1031 0
1435 -3.1042 0
1895 -3.1101 0
493 -3.1154 0
465 -3.1190 0
328 -3.1199 0
1734 -3.1297 0
1601 -3.1412 0
454 -3.1437 0
847 -3.1443 0
1105 -3.1449 0
1523 -3.1451 0
1527 -3.1508 0
1643 -3.1525 0
1580 -3.1531 0
1180 -3.1550 0
203 -3.1592 0
1022 -3.1665 0
1518 -3.1734 0
339 -3.1790 0
1650 -3.1801 0
1636 -3.1803 0
1303 -3.1837 0
461 -3.1878 0
815 -3.1955 0
1608 -3.1968 0
182 -3.1973 0
1259 -3.1984 0
430 -3.1998 0
1706 -3.2014 0
1420 -3.2030 0
1169 -3.2096 0
480 -3.2117 0
245 -3.2182 0
1522 -3.2206 0
862 -3.2211 0
1663 -3.2236 0
1562 -3.2296 0
1722 -3.2296 0
1109 -3.2303 0
1860 -3.2311 0
1261 -3.2326 0
1771 -3.2339 0
331 -3.2464 0
592 -3.2474 0
1708 -3.2491 0
800 -3.2528 0
618 -3.2543 0
1687 -3.2574 0
81 -3.2594 0
1418 -3.2679 0
934 -3.2707 0
28 -3.2722 0
635 -3.2790 0
1338 -3.2852 0
1002 -3.2945 0
1968 -3.2968 0
75 -3.3005 0
1042 -3.3023 0
1095 -3.3057 0
768 -3.3064 0
1910 -3.3092 0
1449 -3.3094 0
1280 -3.3112 0
915 -3.3132 0
1219 -3.3138 0
1158 -3.3215 0
1964 -3.3220 0
149 -3.3231 0
1564 -3.3243 0
1585 -3.3244 0
1170 -3.3276 0
1087 -3.3302 0
1410 -3.3356 0
483 -3.3424 0
783 -3.3477 0
188 -3.3535 0
202 -3.3568 0
1260 -3.3594 0
1604 -3.3616 0
1777 -3.3694 0
1145 -3.3734 0
1927 -3.3748 0
850 -3.3780 0
1737 -3.3806 0
1874 -3.3822 0
404 -3.3823 0
853 -3.3858 0
9 -3.3867 0
1240 -3.3871 0
6 -3.3872 0
1173 -3.3886 0
72 -3.3921 0
1605 -3.4041 0
1502 -3.4043 0
625 -3.4047 0
1588 -3.4130 0
1184 -3.4162 0
869 -3.4243 0
758 -3.4268 0
1869 -3.4274 0
854 -3.4346 0
1885 -3.4346 0
1909 -3.4346 0
804 -3.4356 0
323 -3.4358 0
1609 -3.4395 0
1959 -3.4451 0
643 -3.4473 0
1176 -3.4476 0
1702 -3.4508 0
1998 -3.4548 0
217 -3.4575 0
861 -3.4579 0
89 -3.4590 0
1679 -3.4649 0
1925 -3.4819 0
1732 -3.4825 0
1192 -3.4894 0
1330 -3.4903 0
1356 -3.4911 0
336 -3.4925 0
791 -3.4933 0
1866 -3.4953 0
875 -3.4980 0
1742 -3.5075 0
42 -3.5157 0
1844 -3.5168 0
931 -3.5220 0
1084 -3.5242 0
1942 -3.5264 0
219 -3.5297 0
956 -3.5432 0
547 -3.5440 0
1676 -3.5446 0
1434 -3.5455 0
937 -3.5493 0
50 -3.5579 0
19 -3.5627 0
1325 -3.5636 0
1548 -3.5674 0
1278 -3.5713 0
1822 -3.5730 0
1292 -3.5740 0
186 -3.5803 0
1130 -3.5872 0
864 -3.6165 0
0 -3.6186 0
1916 -3.6426 0
1140 -3.6438 0
1891 -3.6446 0
451 -3.6465 0
624 -3.6519 0
132 -3.6528 0
1629 -3.6546 0
318 -3.6628 0
1784 -3.6658 0
82 -3.6727 0
1419 -3.6781 0
1577 -3.6807 0
1571 -3.6839 0
779 -3.6963 0
750 -3.7024 0
1602 -3.7024 0
816 -3.7028 0
1828 -3.7050 0
897 -3.7093 0
1177 -3.7260 0
1298 -3.7448 0
453 -3.7463 0
1859 -3.7474 0
1441 -3.7485 0
1922 -3.7496 0
335 -3.7498 0
640 -3.7500 0
1628 -3.7508 0
1064 -3.7559 0
1962 -3.7589 0
1567 -3.7636 0
244 -3.7653 0
1930 -3.7738 0
1504 -3.7745 0
1870 -3.7763 0
1305 -3.7773 0
951 -3.7902 0
1596 -3.8114 0
1810 -3.8133 0
1297 -3.8152 0
1623 -3.8166 0
1409 -3.8190 0
1081 -3.8204 0
1275 -3.8215 0
881 -3.8242 0
765 -3.8254 0
330 -3.8296 0
1911 -3.8321 0
1085 -3.8390 0
422 -3.8396 0
1011 -3.8414 0
320 -3.8492 0
1606 -3.8512 0
1647 -3.8555 0
1430 -3.8602 0
871 -3.8622 0
849 -3.8646 0
1437 -3.8679 0
79 -3.8717 0
1748 -3.8811 0
1729 -3.8859 0
1997 -3.8943 0
1946 -3.9040 0
1100 -3.9138 0
1281 -3.9160 0
893 -3.9220 0
509 -3.9230 0
537 -3.9250 0
773 -3.9324 0
1299 -3.9338 0
326 -3.9393 0
1890 -3.9469 0
1581 -3.9482 0
1135 -3.9550 0
505 -3.9606 0
230 -3.9628 0
97 -3.9656 0
4 -3.9683 0
1079 -3.9686 0
1612 -3.9780 0
788 -3.9968 0
1846 -3.9981 0
1713 -3.9993 0
1908 -4.0036 0
1272 -4.0043 0
845 -4.0095 0
1242 -4.0145 0
1067 -4.0171 0
1721 -4.0199 0
473 -4.0206 0
1812 -4.0231 0
479 -4.0247 0
776 -4.0300 0
1868 -4.0341 0
944 -4.0385 0
856 -4.0435 0
518 -4.0535 0
61 -4.0540 0
106 -4.0556 0
458 -4.0624 0
1300 -4.0647 0
312 -4.0742 0
5 -4.0757 0
1774 -4.0768 0
1842 -4.0769 0
819 -4.0772 0
1622 -4.0823 0
1731 -4.0887 0
781 -4.0926 0
327 -4.0935 0
755 -4.0994 0
992 -4.1011 0
1517 -4.1016 0
1555 -4.1048 0
942 -4.1060 0
1163 -4.1118 0
1264 -4.1142 0
36 -4.1213 0
858 -4.1276 0
200 -4.1309 0
29 -4.1309 0
1589 -4.1311 0
59 -4.1384 0
1587 -4.1555 0
1421 -4.1563 0
1181 -4.1606 0
903 -4.1724 0
226 -4.1737 0
977 -4.1762 0
1712 -4.1767 0
329 -4.1951 0
1800 -4.2045 0
759 -4.2072 0
1254 -4.2072 0
615 -4.2096 0
1565 -4.2113 0
1133 -4.2164 0
1974 -4.2277 0
793 -4.2331 0
1045 -4.2410 0
1924 -4.2442 0
1225 -4.2453 0
1263 -4.2519 0
1921 -4.2536 0
1738 -4.2552 0
333 -4.2572 0
428 -4.2625 0
1926 -4.2722 0
786 -4.2757 0
538 -4.2788 0
1614 -4.2828 0
459 -4.2904 0
1574 -4.2909 0
1797 -4.2924 0
313 -4.3011 0
482 -4.3032 0
1594 -4.3108 0
184 -4.3149 0
619 -4.3171 0
1102 -4.3175 0
1296 -4.3225 0
1593 -4.3277 0
697 -4.3350 0
1977 -4.3398 0
80 -4.3451 0
771 -4.3502 0
600 -4.3522 0
1985 -4.3539 0
790 -4.3546 0
99 -4.3557 0
608 -4.3572 0
344 -4.3591 0
1003 -4.3676 0
1700 -4.3718 0
1536 -4.3794 0
1941 -4.3822 0
831 -4.3864 0
1569 -4.3925 0
690 -4.3934 0
1168 -4.3944 0
1575 -4.3947 0
475 -4.4022 0
1072 -4.4026 0
1271 -4.4288 0
120 -4.4412 0
1723 -4.4436 0
1831 -4.4550 0
1560 -4.4580 0
757 -4.4670 0
12 -4.4913 0
160 -4.5020 0
522 -4.5030 0
1171 -4.5064 0
1688 -4.5192 0
1090 -4.5192 0
1735 -4.5386 0
1178 -4.5391 0
1719 -4.5436 0
1543 -4.5448 0
796 -4.5528 0
1501 -4.5553 0
1710 -4.5605 0
912 -4.5712 0
229 -4.5827 0
1630 -4.5835 0
1615 -4.5919 0
23 -4.5922 0
898 -4.6098 0
322 -4.6186 0
1584 -4.6198 0
1554 -4.6292 0
1431 -4.6310 0
1025 -4.6363 0
1639 -4.6522 0
1701 -4.6540 0
1093 -4.6583 0
1944 -4.6658 0
1267 -4.6664 0
1000 -4.6689 0
1182 -4.6777 0
1015 -4.6822 0
1080 -4.6964 0
1006 -4.7050 0
1165 -4.7102 0
242 -4.7333 0
1749 -4.7424 0
1197 -4.7494 0
1166 -4.7617 0
1024 -4.7618 0
751 -4.7620 0
1153 -4.7684 0
1557 -4.7698 0
1641 -4.8043 0
1118 -4.8215 0
1559 -4.8235 0
237 -4.8253 0
1697 -4.8259 0
1172 -4.8388 0
1597 -4.8490 0
228 -4.8528 0
1117 -4.8529 0
1901 -4.8639 0
300 -4.8756 0
884 -4.8798 0
216 -4.8820 0
510 -4.8899 0
777 -4.8921 0
1429 -4.9044 0
1162 -4.9147 0
795 -4.9279 0
1293 -4.9303 0
1147 -4.9321 0
472 -4.9323 0
895 -4.9429 0
1923 -4.9429 0
1714 -4.9524 0
794 -4.9767 0
621 -4.9782 0
1914 -5.0025 0
1521 -5.0061 0
1262 -5.0189 0
103 -5.0297 0
1151 -5.0320 0
763 -5.0530 0
870 -5.0539 0
1872 -5.0668 0
1265 -5.0676 0
1717 -5.0831 0
239 -5.1100 0
455 -5.1181 0
495 -5.1236 0
774 -5.1286 0
215 -5.1372 0
1190 -5.1401 0
677 -5.1467 0
821 -5.1503 0
1814 -5.1840 0
1724 -5.2105 0
610 -5.2212 0
1345 -5.2267 0
1893 -5.2321 0
865 -5.2327 0
1582 -5.2329 0
1475 -5.2399 0
1607 -5.2543 0
488 -5.2585 0
1188 -5.2659 0
1284 -5.2705 0
1160 -5.2783 0
1164 -5.3065 0
1251 -5.3238 0
1258 -5.3294 0
1075 -5.3317 0
294 -5.3419 0
478 -5.3462 0
1704 -5.3466 0
471 -5.3759 0
764 -5.3770 0
304 -5.3800 0
806 -5.3922 0
1715 -5.3983 0
1727 -5.4352 0
1167 -5.4414 0
933 -5.4535 0
770 -5.4829 0
232 -5.4983 0
1547 -5.5026 0
1198 -5.5076 0
754 -5.5202 0
1931 -5.5835 0
212 -5.5922 0
1578 -5.6051 0
799 -5.6463 0
209 -5.6657 0
752 -5.6726 0
1707 -5.6927 0
1099 -5.7237 0
1648 -5.7344 0
766 -5.7407 0
880 -5.7416 0
319 -5.7635 0
315 -5.8255 0
1726 -5.8362 0
1268 -5.8528 0
496 -5.8587 0
761 -5.8730 0
1552 -5.9118 0
1943 -5.9214 0
1637 -5.9636 0
1841 -6.0073 0
1291 -6.0238 0
1716 -6.0285 0
1572 -6.0369 0
1624 -6.0469 0
1270 -6.0518 0
638 -6.0779 0
787 -6.0805 0
477 -6.0962 0
2 -6.0999 0
1175 -6.1377 0
1826 -6.1389 0
1157 -6.1988 0
772 -6.2314 0
1743 -6.2446 0
1709 -6.3109 0
762 -6.3235 0
889 -6.3394 0
476 -6.5154 0
1183 -6.5161 0
1739 -6.5585 0
769 -6.5901 0
1195 -6.5971 0
1568 -6.6107 0
1570 -6.6524 0
1136 -6.6635 0
489 -6.6751 0
498 -6.7314 0
684 -6.9238 0
1159 -6.9695 0
874 -6.9918 0
1573 -7.0000 0
490 -7.0000 0
1283 -7.2102 0
1196 -7.5767 0
784 -7.8580 0
499 -8.0358 0
1576 -8.0592 0
492 -8.1014 0
468 -8.2414 0
456 -8.5898 0
