772 30.1151 1
784 25.2200 1
779 17.7406 1
795 17.6170 1
766 17.5693 1
793 16.9027 1
762 16.5896 1
777 16.4682 1
792 15.8207 1
770 15.4719 1
787 15.4115 1
799 15.0335 1
751 14.6850 1
765 14.5564 1
794 14.2779 1
757 14.1976 1
773 13.7275 1
761 13.2243 1
769 13.1527 1
783 12.9848 1
752 12.6583 1
796 12.6462 1
750 12.5344 1
774 12.4269 1
903 12.2929 0
1263 12.1245 0
760 11.9891 1
754 11.6698 1
764 11.5330 1
1291 11.3622 0
791 10.8203 1
785 10.5217 1
763 10.4544 1
984 10.3003 0
798 10.3002 1
797 10.1361 1
1102 9.9346 0
1433 9.6738 0
1118 9.6294 0
776 9.4887 1
771 9.4680 1
758 9.4371 1
782 9.2042 1
1299 9.1814 0
759 9.0160 1
788 8.8776 1
1259 8.8360 0
869 8.5612 0
995 8.5252 0
755 8.1944 1
781 7.9735 1
483 7.8649 0
767 7.7937 1
422 7.7890 0
1265 7.7336 0
316 7.6413 0
1384 7.6100 0
753 7.5954 1
1501 7.5158 0
1167 7.3271 0
790 7.2569 1
778 7.2425 1
756 7.0795 1
1136 7.0585 0
308 7.0384 0
319 7.0146 0
619 6.9796 0
804 6.9615 0
1422 6.8967 0
1166 6.8895 0
789 6.8588 1
1211 6.8328 0
1292 6.8017 0
499 6.7529 0
1015 6.7152 0
1270 6.6999 0
492 6.6979 0
831 6.6126 0
874 6.6057 0
1382 6.5558 0
1169 6.5548 0
36 6.5393 0
881 6.4565 0
1163 6.4500 0
742 6.4218 0
775 6.4038 1
1331 6.3967 0
309 6.3798 0
1099 6.2679 0
493 6.2480 0
683 6.1560 0
360 6.1440 0
1661 6.0968 0
812 6.0424 0
1676 6.0164 0
854 5.9600 0
1333 5.7477 0
1089 5.7462 0
872 5.6955 0
1393 5.6680 0
1262 5.6591 0
318 5.6509 0
533 5.6461 0
1228 5.6199 0
1225 5.5629 0
472 5.5350 0
968 5.5083 0
1380 5.4571 0
336 5.4030 0
865 5.3896 0
591 5.3829 0
313 5.3744 0
1749 5.3680 0
1368 5.3243 0
1028 5.3089 0
342 5.2987 0
870 5.2624 0
1238 5.2611 0
861 5.2184 0
886 5.2035 0
1039 5.1805 0
334 5.1652 0
547 5.1189 0
1067 5.1047 0
1010 5.1010 0
1388 5.0985 0
1018 5.0931 0
490 5.0699 0
858 5.0673 0
496 5.0643 0
882 5.0539 0
1409 4.9993 0
1258 4.9990 0
1079 4.9944 0
320 4.9818 0
631 4.9763 0
736 4.9649 0
856 4.9539 0
1326 4.9299 0
314 4.9279 0
977 4.9245 0
730 4.9235 0
1022 4.9044 0
768 4.8865 1
908 4.8527 0
1677 4.8430 0
328 4.8358 0
1072 4.7970 0
1344 4.7729 0
303 4.7580 0
1116 4.7549 0
678 4.7468 0
1385 4.7418 0
1063 4.7344 0
807 4.7045 0
904 4.6969 0
875 4.6900 0
674 4.6860 0
468 4.6639 0
1209 4.6486 0
467 4.6441 0
544 4.6059 0
1023 4.6000 0
1330 4.5078 0
1190 4.5014 0
1631 4.4734 0
615 4.4642 0
1266 4.4174 0
1271 4.4145 0
998 4.3943 0
80 4.3757 0
1025 4.3699 0
1255 4.3562 0
452 4.3468 0
565 4.3325 0
476 4.3285 0
1923 4.3231 0
956 4.3120 0
1223 4.3026 0
1006 4.2950 0
1269 4.2713 0
1239 4.2652 0
1091 4.2300 0
1656 4.2202 0
697 4.2189 0
819 4.2169 0
971 4.2000 0
321 4.1979 0
478 4.1912 0
663 4.1814 0
672 4.1711 0
1376 4.1701 0
1078 4.1699 0
893 4.1524 0
1133 4.0942 0
1075 4.0887 0
481 4.0638 0
719 4.0626 0
1682 4.0423 0
1435 4.0285 0
1669 4.0047 0
1377 4.0000 0
1105 3.9632 0
461 3.9469 0
333 3.9447 0
1666 3.9435 0
317 3.9413 0
1332 3.9374 0
953 3.9367 0
1400 3.9333 0
1363 3.9203 0
1695 3.9154 0
911 3.9021 0
1430 3.8997 0
1156 3.8912 0
68 3.8538 0
1196 3.8364 0
1100 3.8360 0
315 3.7953 0
1227 3.7906 0
1325 3.7345 0
495 3.7315 0
1147 3.7236 0
1933 3.7137 0
1324 3.7109 0
885 3.6889 0
1652 3.6549 0
996 3.6470 0
335 3.6326 0
1002 3.6014 0
332 3.5953 0
1564 3.5911 0
1426 3.5685 0
1146 3.5684 0
1178 3.5522 0
845 3.5490 0
1275 3.5453 0
507 3.5343 0
347 3.5063 0
1027 3.5003 0
426 3.4985 0
1149 3.4948 0
1318 3.4849 0
944 3.4805 0
931 3.4804 0
1407 3.4798 0
957 3.4669 0
910 3.4633 0
1404 3.4606 0
457 3.4471 0
480 3.4457 0
1383 3.4453 0
486 3.4343 0
1294 3.4265 0
86 3.4251 0
1883 3.4211 0
1356 3.4076 0
1475 3.4048 0
887 3.3997 0
1289 3.3983 0
1414 3.3925 0
1226 3.3518 0
1431 3.3373 0
83 3.3285 0
1216 3.3216 0
1685 3.3099 0
1011 3.2974 0
569 3.2914 0
801 3.2609 0
1360 3.2503 0
81 3.2480 0
1244 3.2401 0
975 3.2122 0
815 3.2044 0
891 3.1904 0
786 3.1849 1
1132 3.1842 0
691 3.1725 0
602 3.1680 0
508 3.1633 0
915 3.1566 0
1065 3.1533 0
96 3.1449 0
94 3.1308 0
1257 3.1071 0
1165 3.1021 0
484 3.0936 0
924 3.0736 0
806 3.0722 0
1121 3.0601 0
1935 3.0444 0
75 3.0396 0
1406 3.0353 0
877 3.0303 0
930 3.0117 0
323 3.0034 0
1191 2.9974 0
1251 2.9972 0
1268 2.9914 0
974 2.9670 0
1322 2.9540 0
1272 2.9448 0
453 2.9433 0
698 2.9429 0
341 2.9376 0
1448 2.9262 0
1162 2.9103 0
1055 2.8871 0
1303 2.8551 0
1287 2.8507 0
1130 2.8315 0
369 2.8312 0
1058 2.8130 0
640 2.8111 0
803 2.8038 0
686 2.7950 0
1300 2.7927 0
1742 2.7867 0
604 2.7839 0
633 2.7804 0
464 2.7733 0
1942 2.7705 0
800 2.7574 0
963 2.7524 0
1663 2.7467 0
823 2.7465 0
1339 2.7391 0
522 2.7315 0
500 2.7276 0
938 2.7223 0
916 2.7120 0
1553 2.7119 0
1439 2.6875 0
1650 2.6870 0
1283 2.6825 0
838 2.6815 0
1007 2.6800 0
864 2.6512 0
983 2.6499 0
1716 2.6489 0
330 2.6299 0
430 2.6171 0
1020 2.5826 0
866 2.5759 0
954 2.5653 0
1410 2.5428 0
1171 2.5357 0
1310 2.5246 0
1084 2.5075 0
857 2.5068 0
641 2.4910 0
1298 2.4876 0
884 2.4865 0
1308 2.4764 0
913 2.4702 0
329 2.4658 0
1173 2.4619 0
937 2.4572 0
354 2.4267 0
458 2.4265 0
1312 2.4190 0
1555 2.4175 0
1097 2.4109 0
1565 2.4068 0
1338 2.4013 0
1466 2.3985 0
1034 2.3939 0
548 2.3917 0
733 2.3912 0
1783 2.3781 0
1343 2.3675 0
966 2.3611 0
1119 2.3529 0
541 2.3479 0
1665 2.3443 0
622 2.3442 0
780 2.3414 1
82 2.3372 0
970 2.3195 0
568 2.3111 0
1580 2.3060 0
300 2.3054 0
1017 2.3049 0
652 2.3038 0
1153 2.2775 0
1740 2.2736 0
1206 2.2715 0
1250 2.2700 0
1009 2.2699 0
1355 2.2592 0
1673 2.2517 0
1937 2.2424 0
855 2.2418 0
1096 2.2410 0
1889 2.2378 0
813 2.2346 0
1192 2.2269 0
829 2.2246 0
835 2.2097 0
1107 2.2095 0
1148 2.2051 0
324 2.1882 0
994 2.1857 0
1252 2.1771 0
584 2.1731 0
1161 2.1616 0
895 2.1610 0
1140 2.1463 0
1212 2.1419 0
327 2.1363 0
1796 2.1273 0
451 2.1271 0
1547 2.1203 0
722 2.1185 0
338 2.1095 0
241 2.0973 0
1234 2.0972 0
1126 2.0943 0
1692 2.0922 0
1042 2.0853 0
1442 2.0780 0
1093 2.0715 0
289 2.0695 0
1176 2.0623 0
880 2.0593 0
377 2.0519 0
1070 2.0426 0
1030 2.0385 0
620 2.0356 0
306 2.0265 0
1911 2.0249 0
1328 2.0153 0
1791 2.0134 0
1054 2.0028 0
1131 1.9965 0
827 1.9908 0
546 1.9758 0
1044 1.9629 0
1643 1.9600 0
1003 1.9468 0
1233 1.9199 0
1064 1.9159 0
693 1.9159 0
1033 1.9089 0
840 1.8997 0
54 1.8981 0
1320 1.8916 0
1488 1.8815 0
1313 1.8694 0
1218 1.8529 0
397 1.8519 0
1696 1.8519 0
639 1.8518 0
1112 1.8495 0
1828 1.8454 0
454 1.8443 0
50 1.8434 0
1201 1.8407 0
860 1.8358 0
934 1.8311 0
1357 1.8284 0
89 1.8274 0
1057 1.8265 0
1279 1.8252 0
349 1.8202 0
3 1.8150 0
871 1.8145 0
2 1.8095 0
836 1.8004 0
1914 1.8002 0
1241 1.7883 0
479 1.7826 0
91 1.7819 0
621 1.7772 0
1317 1.7686 0
979 1.7683 0
933 1.7675 0
1425 1.7634 0
497 1.7556 0
1480 1.7495 0
1736 1.7469 0
997 1.7455 0
1391 1.7328 0
1575 1.7328 0
825 1.7307 0
201 1.7284 0
846 1.7275 0
331 1.7263 0
962 1.7259 0
1302 1.7234 0
361 1.7114 0
743 1.7032 0
744 1.6788 0
832 1.6784 0
53 1.6726 0
1706 1.6620 0
1721 1.6561 0
1180 1.6512 0
1632 1.6373 0
348 1.6360 0
961 1.6248 0
656 1.6213 0
1440 1.6141 0
1085 1.5979 0
1697 1.5970 0
1752 1.5965 0
58 1.5866 0
818 1.5842 0
1261 1.5643 0
616 1.5598 0
1202 1.5587 0
1728 1.5583 0
1087 1.5553 0
343 1.5502 0
951 1.5390 0
709 1.5382 0
437 1.5360 0
1135 1.4983 0
262 1.4933 0
1375 1.4919 0
664 1.4890 0
1615 1.4798 0
1614 1.4752 0
489 1.4715 0
853 1.4694 0
667 1.4580 0
1247 1.4558 0
1077 1.4513 0
655 1.4458 0
40 1.4457 0
1870 1.4425 0
1529 1.4413 0
304 1.4355 0
52 1.4343 0
1061 1.4256 0
1726 1.4176 0
955 1.4134 0
1719 1.4020 0
475 1.3971 0
298 1.3802 0
898 1.3762 0
538 1.3756 0
1687 1.3743 0
1505 1.3727 0
694 1.3704 0
1150 1.3682 0
892 1.3596 0
1293 1.3566 0
897 1.3545 0
431 1.3530 0
1342 1.3416 0
712 1.3309 0
1776 1.3209 0
1285 1.3162 0
1260 1.3098 0
1946 1.3073 0
1290 1.3048 0
1738 1.3029 0
1373 1.2969 0
1222 1.2950 0
471 1.2899 0
1443 1.2850 0
301 1.2778 0
859 1.2777 0
745 1.2730 0
1365 1.2669 0
1172 1.2616 0
61 1.2603 0
1906 1.2546 0
1390 1.2532 0
1727 1.2442 0
842 1.2439 0
623 1.2371 0
1366 1.2364 0
344 1.2338 0
1083 1.2277 0
12 1.2197 0
1046 1.2159 0
1335 1.2094 0
1243 1.2090 0
1603 1.1999 0
850 1.1990 0
1094 1.1928 0
524 1.1884 0
76 1.1837 0
294 1.1829 0
1242 1.1815 0
305 1.1814 0
578 1.1710 0
516 1.1679 0
927 1.1659 0
1447 1.1629 0
1662 1.1611 0
1660 1.1432 0
848 1.1397 0
612 1.1397 0
925 1.1396 0
1304 1.1392 0
253 1.1343 0
950 1.1279 0
1737 1.1271 0
942 1.1257 0
491 1.1249 0
965 1.1192 0
1655 1.1169 0
1601 1.1146 0
1175 1.1033 0
879 1.0950 0
1101 1.0828 0
230 1.0746 0
847 1.0737 0
293 1.0549 0
1753 1.0517 0
607 1.0512 0
1557 1.0512 0
1207 1.0497 0
1214 1.0481 0
902 1.0454 0
322 1.0439 0
1032 1.0439 0
821 1.0411 0
1049 1.0304 0
223 1.0241 0
1903 1.0235 0
1465 1.0228 0
1198 1.0204 0
1683 1.0195 0
695 1.0098 0
896 1.0086 0
366 1.0064 0
1068 1.0050 0
1688 0.9976 0
1561 0.9922 0
1748 0.9872 0
1633 0.9867 0
978 0.9806 0
1052 0.9765 0
999 0.9726 0
1183 0.9698 0
1909 0.9651 0
808 0.9632 0
337 0.9594 0
1337 0.9544 0
1000 0.9387 0
474 0.9267 0
657 0.9250 0
1309 0.9249 0
696 0.9156 0
1634 0.9106 0
1967 0.9036 0
1479 0.9027 0
889 0.9018 0
810 0.8838 0
1316 0.8830 0
1253 0.8757 0
1941 0.8730 0
1699 0.8667 0
1019 0.8537 0
675 0.8466 0
272 0.8453 0
99 0.8446 0
1449 0.8423 0
340 0.8423 0
1203 0.8390 0
662 0.8359 0
258 0.8337 0
1532 0.8219 0
501 0.8091 0
1612 0.8048 0
1361 0.8032 0
1630 0.8024 0
817 0.8010 0
748 0.8008 0
1036 0.7889 0
1498 0.7852 0
739 0.7807 0
455 0.7807 0
1246 0.7779 0
1554 0.7759 0
814 0.7757 0
1001 0.7726 0
805 0.7720 0
1770 0.7648 0
192 0.7635 0
1794 0.7629 0
1367 0.7544 0
1714 0.7419 0
1445 0.7380 0
71 0.7379 0
1926 0.7341 0
1746 0.7215 0
25 0.7200 0
1674 0.7123 0
59 0.7120 0
376 0.7041 0
302 0.7015 0
1120 0.7014 0
1081 0.6992 0
282 0.6992 0
1012 0.6943 0
1778 0.6926 0
45 0.6916 0
1364 0.6816 0
737 0.6759 0
1833 0.6720 0
828 0.6694 0
1040 0.6687 0
1051 0.6676 0
1341 0.6640 0
650 0.6584 0
1210 0.6561 0
943 0.6502 0
1744 0.6497 0
46 0.6307 0
987 0.6254 0
92 0.6207 0
986 0.6183 0
67 0.6051 0
1396 0.5971 0
1144 0.5913 0
1346 0.5846 0
1115 0.5777 0
862 0.5682 0
1720 0.5678 0
56 0.5592 0
1694 0.5571 0
1527 0.5558 0
1856 0.5548 0
425 0.5529 0
1913 0.5480 0
581 0.5382 0
1675 0.5356 0
372 0.5310 0
1797 0.5221 0
658 0.5186 0
1832 0.5186 0
1437 0.5133 0
1693 0.5033 0
460 0.5031 0
1340 0.4967 0
459 0.4948 0
469 0.4929 0
1174 0.4731 0
1585 0.4700 0
378 0.4677 0
512 0.4664 0
1277 0.4548 0
553 0.4408 0
826 0.4336 0
543 0.4321 0
1128 0.4309 0
661 0.4294 0
1904 0.4275 0
1160 0.4253 0
1059 0.4204 0
1927 0.4121 0
73 0.4110 0
1658 0.4036 0
1398 0.4014 0
1395 0.3993 0
1494 0.3969 0
1284 0.3962 0
1288 0.3951 0
20 0.3896 0
232 0.3884 0
1237 0.3822 0
1182 0.3798 0
514 0.3796 0
628 0.3748 0
1690 0.3735 0
1184 0.3618 0
95 0.3599 0
1013 0.3587 0
991 0.3396 0
1327 0.3365 0
670 0.3353 0
1088 0.3335 0
1781 0.3325 0
1757 0.3324 0
1145 0.3323 0
1671 0.3232 0
1392 0.3161 0
1124 0.2959 0
1113 0.2937 0
1873 0.2892 0
247 0.2845 0
345 0.2818 0
130 0.2807 0
1286 0.2801 0
1846 0.2716 0
1301 0.2638 0
535 0.2517 0
424 0.2432 0
214 0.2424 0
1315 0.2354 0
5 0.2288 0
632 0.2259 0
590 0.2255 0
396 0.2254 0
614 0.2228 0
1932 0.2189 0
421 0.1974 0
363 0.1956 0
894 0.1939 0
339 0.1932 0
669 0.1911 0
1446 0.1874 0
1484 0.1862 0
1930 0.1847 0
1758 0.1842 0
914 0.1809 0
390 0.1793 0
1295 0.1634 0
802 0.1632 0
1139 0.1618 0
677 0.1607 0
1647 0.1600 0
1254 0.1551 0
1849 0.1523 0
1919 0.1520 0
1705 0.1503 0
394 0.1499 0
85 0.1483 0
1769 0.1433 0
160 0.1427 0
635 0.1424 0
1852 0.1419 0
883 0.1371 0
1815 0.1367 0
1319 0.1343 0
367 0.1340 0
1276 0.1325 0
1756 0.1305 0
1804 0.1243 0
906 0.1201 0
48 0.1160 0
867 0.1134 0
1454 0.1117 0
1048 0.1012 0
1668 0.0992 0
488 0.0923 0
1189 0.0779 0
1037 0.0749 0
1352 0.0658 0
582 0.0623 0
470 0.0623 0
1925 0.0610 0
1698 0.0608 0
1921 0.0595 0
350 0.0519 0
1713 0.0493 0
64 0.0470 0
221 0.0446 0
1434 0.0414 0
630 0.0356 0
1702 0.0322 0
1735 0.0276 0
1432 0.0257 0
1908 0.0125 0
513 0.0110 0
1095 0.0103 0
466 0.0039 0
531 -0.0043 0
959 -0.0059 0
482 -0.0191 0
1732 -0.0347 0
204 -0.0350 0
504 -0.0423 0
1607 -0.0438 0
1035 -0.0455 0
1428 -0.0500 0
905 -0.0594 0
1779 -0.0770 0
1168 -0.0871 0
51 -0.0916 0
899 -0.0950 0
638 -0.1004 0
668 -0.1022 0
1642 -0.1044 0
922 -0.1071 0
312 -0.1108 0
97 -0.1170 0
863 -0.1194 0
1495 -0.1253 0
1345 -0.1279 0
1900 -0.1287 0
1608 -0.1348 0
1016 -0.1383 0
1619 -0.1463 0
1050 -0.1545 0
33 -0.1555 0
1657 -0.1598 0
420 -0.1601 0
225 -0.1641 0
1394 -0.1676 0
1026 -0.1680 0
1111 -0.1767 0
710 -0.1789 0
1219 -0.1810 0
729 -0.1850 0
74 -0.1962 0
1782 -0.1965 0
346 -0.1987 0
816 -0.2036 0
103 -0.2039 0
515 -0.2106 0
926 -0.2111 0
1403 -0.2140 0
972 -0.2149 0
1416 -0.2162 0
727 -0.2213 0
88 -0.2216 0
982 -0.2257 0
928 -0.2291 0
406 -0.2297 0
31 -0.2299 0
1604 -0.2330 0
110 -0.2395 0
534 -0.2470 0
487 -0.2483 0
654 -0.2495 0
1256 -0.2502 0
63 -0.2532 0
252 -0.2638 0
701 -0.2728 0
55 -0.2744 0
1187 -0.2771 0
1444 -0.2794 0
1578 -0.2807 0
1741 -0.2910 0
1188 -0.2917 0
57 -0.2933 0
1073 -0.2962 0
1205 -0.2966 0
820 -0.3020 0
878 -0.3064 0
1936 -0.3065 0
1267 -0.3125 0
439 -0.3236 0
1137 -0.3261 0
1164 -0.3284 0
1462 -0.3359 0
1080 -0.3439 0
106 -0.3452 0
1378 -0.3461 0
254 -0.3462 0
290 -0.3591 0
1854 -0.3627 0
1349 -0.3672 0
24 -0.3692 0
1491 -0.3694 0
988 -0.3784 0
412 -0.3798 0
362 -0.3865 0
1273 -0.3877 0
1066 -0.3944 0
976 -0.3961 0
1110 -0.3963 0
1138 -0.4019 0
1718 -0.4048 0
1374 -0.4152 0
1370 -0.4183 0
1281 -0.4189 0
234 -0.4194 0
39 -0.4215 0
679 -0.4221 0
837 -0.4256 0
1579 -0.4263 0
1992 -0.4268 0
1944 -0.4326 0
1767 -0.4328 0
1729 -0.4340 0
539 -0.4365 0
606 -0.4411 0
687 -0.4416 0
525 -0.4546 0
326 -0.4638 0
1045 -0.4725 0
62 -0.4756 0
193 -0.4775 0
1571 -0.4818 0
70 -0.4832 0
618 -0.4842 0
286 -0.4856 0
1645 -0.4897 0
1418 -0.4985 0
79 -0.5038 0
1771 -0.5040 0
283 -0.5091 0
1581 -0.5123 0
1194 -0.5196 0
1157 -0.5268 0
731 -0.5516 0
1323 -0.5549 0
1552 -0.5579 0
1056 -0.5582 0
42 -0.5595 0
1789 -0.5614 0
416 -0.5660 0
960 -0.5722 0
1125 -0.5741 0
1786 -0.5748 0
1689 -0.5751 0
822 -0.5761 0
1389 -0.5786 0
1678 -0.5819 0
1707 -0.5822 0
1086 -0.5855 0
1905 -0.5871 0
1098 -0.5883 0
1824 -0.5954 0
310 -0.5986 0
1278 -0.6018 0
1014 -0.6021 0
682 -0.6181 0
849 -0.6291 0
530 -0.6310 0
1282 -0.6385 0
720 -0.6428 0
1005 -0.6479 0
1918 -0.6480 0
1004 -0.6564 0
277 -0.6572 0
132 -0.6584 0
1620 -0.6687 0
952 -0.6728 0
423 -0.6790 0
1129 -0.6793 0
545 -0.6815 0
1076 -0.6881 0
1715 -0.6926 0
311 -0.6957 0
1792 -0.6999 0
637 -0.7040 0
359 -0.7082 0
1177 -0.7100 0
199 -0.7111 0
1924 -0.7288 0
642 -0.7307 0
1354 -0.7310 0
1664 -0.7319 0
1179 -0.7393 0
1572 -0.7416 0
1502 -0.7417 0
599 -0.7425 0
172 -0.7445 0
14 -0.7481 0
1483 -0.7516 0
549 -0.7523 0
1592 -0.7544 0
611 -0.7556 0
284 -0.7591 0
1264 -0.7629 0
1739 -0.7702 0
510 -0.7709 0
1245 -0.7713 0
383 -0.7776 0
1874 -0.7827 0
564 -0.7843 0
1306 -0.7887 0
1576 -0.7908 0
264 -0.7969 0
239 -0.8037 0
1912 -0.8124 0
279 -0.8198 0
946 -0.8225 0
1158 -0.8227 0
126 -0.8413 0
699 -0.8460 0
1922 -0.8474 0
528 -0.8495 0
1530 -0.8503 0
1143 -0.8503 0
918 -0.8520 0
1743 -0.8551 0
1413 -0.8583 0
1307 -0.8601 0
195 -0.8641 0
379 -0.8697 0
381 -0.8699 0
1420 -0.8788 0
705 -0.8802 0
428 -0.8834 0
22 -0.8841 0
1901 -0.8851 0
1329 -0.8851 0
1598 -0.8870 0
713 -0.8964 0
105 -0.8969 0
613 -0.8997 0
224 -0.9132 0
441 -0.9156 0
740 -0.9159 0
990 -0.9184 0
30 -0.9219 0
1193 -0.9226 0
583 -0.9256 0
1793 -0.9267 0
1151 -0.9273 0
1441 -0.9333 0
1353 -0.9369 0
370 -0.9392 0
72 -0.9399 0
1519 -0.9445 0
1297 -0.9456 0
220 -0.9478 0
636 -0.9539 0
1114 -0.9582 0
1386 -0.9632 0
1024 -0.9636 0
307 -0.9637 0
688 -0.9638 0
1071 -0.9689 0
1764 -0.9690 0
1704 -0.9745 0
1964 -0.9800 0
1730 -0.9854 0
374 -0.9899 0
1733 -0.9913 0
1583 -0.9943 0
375 -0.9951 0
711 -0.9991 0
43 -0.9996 0
1844 -1.0023 0
1711 -1.0029 0
1429 -1.0103 0
648 -1.0112 0
364 -1.0123 0
1708 -1.0128 0
197 -1.0170 0
216 -1.0225 0
502 -1.0242 0
1755 -1.0270 0
1467 -1.0371 0
1021 -1.0399 0
1768 -1.0460 0
1236 -1.0489 0
721 -1.0575 0
133 -1.0636 0
49 -1.0680 0
1943 -1.0692 0
572 -1.0736 0
127 -1.0798 0
1751 -1.0862 0
945 -1.0914 0
1724 -1.0938 0
900 -1.0964 0
1181 -1.0974 0
566 -1.1035 0
1654 -1.1083 0
1438 -1.1092 0
1543 -1.1100 0
1170 -1.1125 0
1217 -1.1166 0
1920 -1.1214 0
907 -1.1250 0
240 -1.1266 0
1387 -1.1274 0
1038 -1.1301 0
1103 -1.1320 0
261 -1.1340 0
574 -1.1374 0
567 -1.1396 0
399 -1.1469 0
118 -1.1471 0
1274 -1.1522 0
23 -1.1537 0
852 -1.1568 0
1397 -1.1575 0
1231 -1.1586 0
839 -1.1632 0
1989 -1.1662 0
1700 -1.1666 0
1915 -1.1686 0
1723 -1.1729 0
1109 -1.1761 0
732 -1.1791 0
69 -1.1828 0
494 -1.1866 0
1605 -1.1893 0
235 -1.1926 0
207 -1.2065 0
521 -1.2202 0
1917 -1.2262 0
449 -1.2282 0
77 -1.2293 0
41 -1.2296 0
1334 -1.2323 0
1074 -1.2375 0
919 -1.2383 0
1347 -1.2397 0
1916 -1.2433 0
967 -1.2496 0
958 -1.2496 0
1348 -1.2562 0
1029 -1.2569 0
395 -1.2682 0
407 -1.2720 0
749 -1.2744 0
1127 -1.2758 0
629 -1.2800 0
238 -1.2817 0
1535 -1.2829 0
715 -1.2831 0
1362 -1.2868 0
498 -1.2876 0
1371 -1.2894 0
271 -1.2933 0
973 -1.2947 0
1472 -1.2969 0
456 -1.2979 0
1296 -1.2989 0
1232 -1.2989 0
598 -1.3062 0
1186 -1.3113 0
1766 -1.3113 0
402 -1.3159 0
1195 -1.3161 0
1610 -1.3207 0
473 -1.3219 0
1659 -1.3295 0
1141 -1.3334 0
1280 -1.3335 0
443 -1.3349 0
1240 -1.3516 0
1152 -1.3520 0
1486 -1.3525 0
1761 -1.3578 0
920 -1.3589 0
1427 -1.3596 0
35 -1.3693 0
1910 -1.3700 0
1424 -1.3737 0
442 -1.3752 0
519 -1.3768 0
1928 -1.3791 0
10 -1.3809 0
1471 -1.3856 0
44 -1.3869 0
1798 -1.3881 0
448 -1.3905 0
358 -1.4073 0
1680 -1.4077 0
1507 -1.4079 0
1703 -1.4155 0
248 -1.4170 0
609 -1.4269 0
1123 -1.4277 0
505 -1.4307 0
1948 -1.4310 0
909 -1.4315 0
912 -1.4451 0
1586 -1.4451 0
1369 -1.4453 0
537 -1.4510 0
1415 -1.4548 0
527 -1.4593 0
66 -1.4627 0
1640 -1.4632 0
1947 -1.4700 0
1092 -1.4712 0
391 -1.4801 0
1773 -1.4828 0
1825 -1.4924 0
1712 -1.4932 0
1975 -1.4989 0
242 -1.5083 0
1154 -1.5126 0
644 -1.5178 0
1401 -1.5215 0
1090 -1.5338 0
356 -1.5339 0
140 -1.5379 0
579 -1.5404 0
992 -1.5405 0
98 -1.5438 0
1060 -1.5455 0
1031 -1.5489 0
1487 -1.5507 0
100 -1.5511 0
1509 -1.5525 0
1670 -1.5551 0
1511 -1.5579 0
1314 -1.5628 0
1731 -1.5679 0
1679 -1.5758 0
1651 -1.5858 0
285 -1.5912 0
1644 -1.5991 0
1230 -1.5993 0
365 -1.6014 0
923 -1.6030 0
1686 -1.6122 0
1 -1.6159 0
833 -1.6171 0
37 -1.6223 0
921 -1.6259 0
1774 -1.6281 0
1513 -1.6298 0
1321 -1.6316 0
1762 -1.6321 0
969 -1.6350 0
200 -1.6359 0
1772 -1.6388 0
1681 -1.6392 0
236 -1.6410 0
256 -1.6588 0
392 -1.6630 0
1549 -1.6670 0
368 -1.6712 0
325 -1.6735 0
1082 -1.6781 0
1991 -1.6838 0
1478 -1.6853 0
1635 -1.6855 0
1593 -1.6915 0
685 -1.6920 0
1672 -1.6942 0
964 -1.6948 0
1559 -1.6990 0
84 -1.7106 0
352 -1.7126 0
1684 -1.7136 0
929 -1.7230 0
560 -1.7278 0
1835 -1.7289 0
1813 -1.7318 0
1008 -1.7335 0
1945 -1.7350 0
134 -1.7369 0
689 -1.7390 0
660 -1.7443 0
109 -1.7450 0
841 -1.7597 0
1508 -1.7663 0
1104 -1.7683 0
1725 -1.7778 0
1747 -1.7778 0
1558 -1.7808 0
1476 -1.7867 0
229 -1.7887 0
281 -1.8010 0
353 -1.8032 0
380 -1.8077 0
844 -1.8083 0
415 -1.8103 0
1538 -1.8127 0
811 -1.8127 0
1617 -1.8162 0
725 -1.8218 0
386 -1.8227 0
649 -1.8306 0
243 -1.8321 0
21 -1.8329 0
1199 -1.8384 0
651 -1.8403 0
980 -1.8421 0
1858 -1.8427 0
1801 -1.8452 0
985 -1.8496 0
351 -1.8510 0
194 -1.8535 0
556 -1.8576 0
1379 -1.8647 0
159 -1.8651 0
355 -1.8737 0
385 -1.8789 0
666 -1.8811 0
1556 -1.8814 0
834 -1.8842 0
1788 -1.8966 0
843 -1.9019 0
131 -1.9058 0
1807 -1.9081 0
610 -1.9154 0
287 -1.9161 0
1759 -1.9257 0
1836 -1.9483 0
809 -1.9527 0
1760 -1.9528 0
1461 -1.9543 0
275 -1.9558 0
509 -1.9618 0
586 -1.9674 0
1611 -1.9758 0
26 -1.9808 0
151 -1.9839 0
18 -1.9889 0
1996 -1.9984 0
1862 -2.0034 0
647 -2.0058 0
1860 -2.0058 0
387 -2.0116 0
555 -2.0117 0
388 -2.0125 0
177 -2.0138 0
1653 -2.0142 0
830 -2.0165 0
554 -2.0217 0
203 -2.0368 0
1546 -2.0438 0
87 -2.0474 0
389 -2.0489 0
1799 -2.0500 0
143 -2.0565 0
1517 -2.0631 0
690 -2.0688 0
588 -2.0756 0
427 -2.0833 0
1249 -2.0836 0
1545 -2.0854 0
1185 -2.0981 0
517 -2.0991 0
1041 -2.1043 0
1823 -2.1044 0
450 -2.1068 0
1790 -2.1089 0
692 -2.1109 0
932 -2.1117 0
1639 -2.1157 0
1895 -2.1159 0
1775 -2.1216 0
1197 -2.1272 0
888 -2.1280 0
824 -2.1297 0
1493 -2.1375 0
245 -2.1590 0
219 -2.1649 0
901 -2.1703 0
1843 -2.1788 0
1765 -2.1826 0
1722 -2.1853 0
212 -2.1879 0
706 -2.1914 0
1069 -2.1954 0
1709 -2.2008 0
673 -2.2257 0
1949 -2.2349 0
1062 -2.2379 0
1881 -2.2386 0
1951 -2.2405 0
11 -2.2473 0
1754 -2.2526 0
643 -2.2547 0
981 -2.2590 0
213 -2.2614 0
38 -2.2658 0
726 -2.2664 0
1481 -2.2683 0
1047 -2.2688 0
1691 -2.2705 0
1898 -2.2717 0
403 -2.2721 0
433 -2.2722 0
210 -2.2777 0
1436 -2.2859 0
1596 -2.2885 0
371 -2.2905 0
115 -2.3055 0
299 -2.3056 0
1469 -2.3062 0
1522 -2.3067 0
542 -2.3069 0
111 -2.3125 0
477 -2.3128 0
1106 -2.3144 0
1215 -2.3194 0
558 -2.3196 0
1540 -2.3220 0
1892 -2.3227 0
939 -2.3268 0
1841 -2.3268 0
117 -2.3355 0
1710 -2.3363 0
653 -2.3393 0
418 -2.3408 0
1952 -2.3432 0
1986 -2.3486 0
1627 -2.3509 0
1701 -2.3512 0
104 -2.3615 0
1311 -2.3651 0
700 -2.3671 0
1456 -2.3694 0
1574 -2.3828 0
707 -2.3849 0
9 -2.3869 0
890 -2.3890 0
171 -2.3890 0
597 -2.3896 0
161 -2.3922 0
1977 -2.3923 0
152 -2.4004 0
1902 -2.4021 0
237 -2.4040 0
260 -2.4064 0
1336 -2.4159 0
274 -2.4162 0
523 -2.4209 0
108 -2.4213 0
1122 -2.4271 0
1408 -2.4315 0
1411 -2.4332 0
550 -2.4443 0
436 -2.4497 0
1958 -2.4498 0
1667 -2.4509 0
1887 -2.4554 0
659 -2.4607 0
1485 -2.4614 0
1566 -2.4731 0
1866 -2.4794 0
357 -2.4863 0
1907 -2.4947 0
384 -2.4973 0
1587 -2.5011 0
518 -2.5046 0
741 -2.5047 0
646 -2.5050 0
1826 -2.5077 0
559 -2.5125 0
206 -2.5133 0
1399 -2.5139 0
738 -2.5191 0
257 -2.5242 0
580 -2.5249 0
1453 -2.5309 0
135 -2.5319 0
993 -2.5326 0
1053 -2.5346 0
605 -2.5374 0
1717 -2.5401 0
1497 -2.5414 0
47 -2.5441 0
1405 -2.5500 0
1984 -2.5542 0
1637 -2.5635 0
446 -2.5652 0
268 -2.5657 0
665 -2.5724 0
1539 -2.5751 0
217 -2.5767 0
251 -2.5779 0
278 -2.5785 0
209 -2.5891 0
180 -2.6006 0
1785 -2.6031 0
1134 -2.6045 0
626 -2.6065 0
1358 -2.6197 0
1142 -2.6221 0
1626 -2.6238 0
138 -2.6259 0
156 -2.6275 0
596 -2.6332 0
948 -2.6351 0
1800 -2.6363 0
645 -2.6364 0
291 -2.6386 0
526 -2.6466 0
255 -2.6495 0
1814 -2.6554 0
382 -2.6586 0
65 -2.6587 0
573 -2.6699 0
266 -2.6721 0
1837 -2.6786 0
263 -2.6796 0
520 -2.6826 0
716 -2.6882 0
592 -2.6953 0
1646 -2.7008 0
211 -2.7067 0
989 -2.7163 0
165 -2.7195 0
1482 -2.7204 0
1745 -2.7387 0
1993 -2.7466 0
1795 -2.7502 0
405 -2.7534 0
1582 -2.7627 0
1624 -2.7631 0
941 -2.7697 0
1960 -2.7703 0
1490 -2.7717 0
93 -2.7762 0
728 -2.7780 0
215 -2.7789 0
1869 -2.7823 0
222 -2.7883 0
708 -2.7902 0
1600 -2.7923 0
147 -2.7926 0
589 -2.7938 0
511 -2.7956 0
169 -2.7989 0
1865 -2.7990 0
107 -2.7990 0
121 -2.8002 0
1618 -2.8158 0
1998 -2.8246 0
27 -2.8269 0
174 -2.8299 0
1787 -2.8469 0
536 -2.8476 0
1953 -2.8490 0
1899 -2.8493 0
1506 -2.8529 0
296 -2.8536 0
876 -2.8541 0
1548 -2.8587 0
29 -2.8595 0
1560 -2.8666 0
1812 -2.8667 0
113 -2.8688 0
17 -2.8711 0
188 -2.8797 0
485 -2.8916 0
1734 -2.9040 0
16 -2.9208 0
703 -2.9231 0
1463 -2.9254 0
1451 -2.9428 0
1588 -2.9485 0
1489 -2.9604 0
1412 -2.9641 0
1423 -2.9700 0
1628 -2.9785 0
462 -2.9813 0
141 -2.9899 0
676 -2.9909 0
166 -3.0068 0
1638 -3.0329 0
1784 -3.0530 0
940 -3.0585 0
259 -3.0585 0
408 -3.0673 0
1108 -3.0728 0
1636 -3.1089 0
13 -3.1136 0
158 -3.1172 0
7 -3.1196 0
723 -3.1216 0
1877 -3.1234 0
269 -3.1236 0
60 -3.1338 0
1477 -3.1384 0
1602 -3.1425 0
1831 -3.1522 0
112 -3.1559 0
1359 -3.1610 0
600 -3.1632 0
1621 -3.1700 0
444 -3.1734 0
1965 -3.1843 0
187 -3.1913 0
1988 -3.1951 0
540 -3.1977 0
1534 -3.2007 0
1570 -3.2027 0
577 -3.2029 0
503 -3.2078 0
393 -3.2140 0
1963 -3.2146 0
1950 -3.2178 0
267 -3.2200 0
119 -3.2267 0
1155 -3.2396 0
1459 -3.2463 0
917 -3.2623 0
1623 -3.2630 0
1204 -3.2659 0
404 -3.2669 0
1940 -3.2774 0
575 -3.2852 0
155 -3.2864 0
1512 -3.2880 0
1458 -3.2909 0
587 -3.3122 0
168 -3.3130 0
265 -3.3162 0
1457 -3.3305 0
102 -3.3374 0
28 -3.3487 0
1629 -3.3518 0
1305 -3.3563 0
1845 -3.3572 0
19 -3.3620 0
1954 -3.3646 0
947 -3.3647 0
1763 -3.3693 0
724 -3.3839 0
123 -3.3909 0
124 -3.3920 0
434 -3.3989 0
1473 -3.4048 0
1613 -3.4225 0
78 -3.4265 0
1609 -3.4286 0
1980 -3.4359 0
398 -3.4402 0
34 -3.4428 0
288 -3.4552 0
179 -3.4618 0
413 -3.4679 0
1971 -3.4827 0
1533 -3.4889 0
1474 -3.4912 0
561 -3.4994 0
603 -3.5035 0
149 -3.5250 0
419 -3.5305 0
1521 -3.5343 0
1962 -3.5506 0
593 -3.5548 0
250 -3.5696 0
1987 -3.5791 0
167 -3.5811 0
1810 -3.5863 0
714 -3.5877 0
1470 -3.5941 0
292 -3.5957 0
1955 -3.5984 0
280 -3.6206 0
1864 -3.6213 0
227 -3.6380 0
8 -3.6625 0
571 -3.6650 0
718 -3.6660 0
625 -3.6671 0
851 -3.6698 0
1213 -3.6712 0
270 -3.6743 0
1929 -3.6758 0
671 -3.6993 0
1882 -3.7133 0
1997 -3.7138 0
1524 -3.7239 0
154 -3.7261 0
101 -3.7305 0
1450 -3.7462 0
1460 -3.7543 0
1999 -3.7629 0
1542 -3.7805 0
432 -3.7977 0
1819 -3.7978 0
735 -3.8030 0
617 -3.8153 0
1884 -3.8244 0
1888 -3.8294 0
1934 -3.8367 0
1510 -3.8367 0
178 -3.8384 0
1381 -3.8469 0
122 -3.8599 0
1526 -3.8753 0
182 -3.8839 0
1890 -3.8881 0
1885 -3.8978 0
1839 -3.9032 0
411 -3.9192 0
1514 -3.9278 0
1528 -3.9520 0
1622 -3.9547 0
183 -3.9640 0
1515 -3.9731 0
1492 -3.9757 0
153 -3.9791 0
447 -3.9811 0
1994 -4.0033 0
936 -4.0075 0
562 -4.0080 0
680 -4.0229 0
1597 -4.0256 0
373 -4.0264 0
164 -4.0268 0
1777 -4.0283 0
1590 -4.0392 0
704 -4.0463 0
1573 -4.0473 0
0 -4.0638 0
1973 -4.0769 0
1224 -4.0945 0
935 -4.0966 0
1625 -4.1002 0
1956 -4.1078 0
1780 -4.1172 0
196 -4.1247 0
1537 -4.1311 0
148 -4.1465 0
1931 -4.1480 0
681 -4.1492 0
189 -4.1576 0
1200 -4.1715 0
532 -4.1766 0
1983 -4.1913 0
1896 -4.1970 0
1117 -4.2025 0
1520 -4.2101 0
949 -4.2107 0
1939 -4.2183 0
445 -4.2185 0
1452 -4.2213 0
634 -4.2240 0
129 -4.2248 0
226 -4.2423 0
32 -4.2452 0
136 -4.2514 0
1990 -4.2627 0
202 -4.2730 0
1551 -4.2767 0
429 -4.2788 0
1820 -4.2885 0
157 -4.2904 0
228 -4.2908 0
1606 -4.2961 0
1875 -4.3011 0
276 -4.3041 0
1417 -4.3364 0
585 -4.3452 0
1842 -4.3531 0
273 -4.3584 0
1649 -4.3647 0
173 -4.3762 0
624 -4.3827 0
1878 -4.3991 0
734 -4.4333 0
1523 -4.4334 0
233 -4.4412 0
1803 -4.4488 0
1830 -4.4546 0
551 -4.4750 0
1567 -4.4753 0
231 -4.4773 0
244 -4.4952 0
570 -4.5054 0
1978 -4.5113 0
1568 -4.5146 0
702 -4.5265 0
1500 -4.5300 0
186 -4.5625 0
1541 -4.5684 0
170 -4.5699 0
1867 -4.5780 0
1848 -4.5901 0
747 -4.6091 0
1981 -4.6280 0
1584 -4.6297 0
1805 -4.6377 0
150 -4.6422 0
873 -4.6426 0
116 -4.6433 0
608 -4.6499 0
128 -4.6552 0
139 -4.6588 0
1496 -4.6599 0
410 -4.6815 0
435 -4.7012 0
208 -4.7016 0
1959 -4.7068 0
414 -4.7404 0
1985 -4.7558 0
1876 -4.7575 0
417 -4.7658 0
175 -4.7787 0
1850 -4.7952 0
1589 -4.7960 0
1879 -4.8026 0
595 -4.8137 0
506 -4.8186 0
465 -4.8326 0
1402 -4.8390 0
1851 -4.8540 0
90 -4.8889 0
1594 -4.9087 0
1220 -4.9114 0
1468 -4.9171 0
1894 -4.9272 0
1995 -4.9372 0
627 -4.9392 0
1871 -4.9394 0
1847 -4.9745 0
249 -4.9933 0
295 -5.0167 0
557 -5.0254 0
162 -5.0291 0
184 -5.0292 0
1208 -5.0468 0
1159 -5.0483 0
1525 -5.0611 0
1818 -5.0624 0
198 -5.1017 0
1464 -5.1120 0
125 -5.1122 0
1577 -5.1174 0
1419 -5.1193 0
717 -5.1294 0
1938 -5.1381 0
1972 -5.1490 0
1350 -5.1618 0
1550 -5.1638 0
529 -5.1893 0
746 -5.1907 0
601 -5.1923 0
1569 -5.2008 0
1599 -5.2016 0
1043 -5.2293 0
868 -5.2335 0
114 -5.2351 0
1455 -5.2367 0
1562 -5.2439 0
6 -5.2660 0
1595 -5.3264 0
181 -5.3278 0
1235 -5.3355 0
1372 -5.3435 0
438 -5.3466 0
1591 -5.3543 0
594 -5.3705 0
137 -5.3718 0
15 -5.3811 0
205 -5.4008 0
246 -5.4019 0
145 -5.4141 0
1861 -5.4181 0
176 -5.4513 0
1886 -5.4748 0
1518 -5.4769 0
142 -5.4802 0
1863 -5.4898 0
684 -5.4930 0
1816 -5.5040 0
1853 -5.5115 0
1648 -5.5152 0
1834 -5.5220 0
1229 -5.5394 0
146 -5.5706 0
297 -5.5756 0
1968 -5.5875 0
218 -5.5965 0
163 -5.6238 0
1821 -5.6503 0
1969 -5.6542 0
1976 -5.6757 0
1966 -5.6765 0
1979 -5.6938 0
190 -5.6941 0
1961 -5.7064 0
1616 -5.7179 0
1531 -5.7283 0
401 -5.7875 0
191 -5.8006 0
120 -5.9068 0
1750 -5.9093 0
463 -5.9276 0
1421 -5.9337 0
1544 -5.9697 0
1857 -5.9992 0
563 -6.0611 0
1809 -6.0616 0
1221 -6.0868 0
1563 -6.0994 0
1982 -6.1092 0
552 -6.1745 0
400 -6.1814 0
144 -6.2171 0
1811 -6.2438 0
1641 -6.3349 0
1822 -6.3358 0
1351 -6.4997 0
440 -6.5048 0
1872 -6.5172 0
1897 -6.5411 0
1503 -6.5535 0
1516 -6.5556 0
576 -6.5802 0
4 -6.5865 0
1829 -6.5877 0
409 -6.6643 0
1817 -6.7163 0
1868 -6.8141 0
1891 -6.8157 0
185 -6.8905 0
1499 -7.0437 0
1957 -7.0902 0
1248 -7.1595 0
1880 -7.2354 0
1802 -7.2951 0
1536 -7.5027 0
1970 -7.5090 0
1974 -7.5274 0
1504 -7.5602 0
1827 -7.6231 0
1859 -7.7832 0
1855 -7.9441 0
1808 -8.4037 0
1840 -8.5617 0
1893 -9.1228 0
1838 -9.3020 0
1806 -9.7398 0
