821 27.1134 1
806 26.9516 1
826 24.1105 1
818 22.9727 1
847 22.6794 1
801 21.6237 1
825 21.2798 1
848 20.8225 1
845 20.6597 1
815 20.3894 1
831 20.2679 1
828 20.0873 1
800 19.7881 1
812 19.0373 1
808 17.6599 1
817 16.1624 1
840 15.8333 1
820 15.8289 1
805 15.5434 1
819 15.4170 1
809 15.0826 1
814 15.0218 1
1093 14.4112 0
822 14.2337 1
846 14.0623 1
830 13.2411 1
807 12.8993 1
1090 12.8514 0
1092 12.4313 0
1084 12.4242 0
816 11.9157 1
829 11.5235 1
804 11.2580 1
1059 10.9775 0
428 10.2661 0
824 10.1777 1
1098 10.1531 0
568 10.1338 0
929 9.9385 0
1066 9.8529 0
832 9.8007 1
843 9.7635 1
802 9.5199 1
844 9.4514 1
1099 8.8347 0
563 8.5324 0
1094 8.5295 0
915 8.3988 0
827 8.3649 1
785 8.3155 0
1126 8.2948 0
1105 8.0865 0
932 8.0375 0
1080 7.9674 0
401 7.6460 0
1087 7.5394 0
906 7.2057 0
772 7.1855 0
1065 7.1818 0
784 7.1723 0
472 7.1633 0
441 7.1475 0
839 7.0373 1
1088 7.0363 0
903 7.0217 0
1095 6.9543 0
836 6.7661 1
1976 6.7157 0
1069 6.6670 0
558 6.6537 0
933 6.5693 0
1889 6.5493 0
22 6.5305 0
1079 6.4795 0
907 6.4769 0
1067 6.4635 0
1204 6.4043 0
920 6.3884 0
1312 6.3584 0
1103 6.2923 0
823 6.2880 1
1053 6.2577 0
910 6.2398 0
552 6.1974 0
1243 5.9908 0
492 5.9035 0
835 5.9009 1
10 5.8268 0
894 5.8009 0
1070 5.7758 0
803 5.7682 1
935 5.7167 0
834 5.6660 1
1055 5.6338 0
1064 5.6261 0
547 5.5646 0
1078 5.5540 0
1063 5.5447 0
1081 5.5398 0
579 5.5180 0
928 5.4875 0
1212 5.4539 0
924 5.4423 0
912 5.4388 0
439 5.4354 0
8 5.4303 0
1071 5.3388 0
238 5.3254 0
1196 5.2721 0
761 5.2621 0
1108 5.2135 0
571 5.0976 0
1050 5.0925 0
1089 5.0814 0
937 5.0649 0
946 5.0202 0
1072 5.0144 0
572 4.9990 0
1104 4.9763 0
755 4.9693 0
1074 4.9434 0
1226 4.9129 0
493 4.9106 0
766 4.8855 0
918 4.8301 0
926 4.8134 0
949 4.7933 0
531 4.7386 0
35 4.7355 0
123 4.7260 0
811 4.6988 1
31 4.6914 0
874 4.6727 0
557 4.6308 0
1058 4.6287 0
927 4.6155 0
837 4.6042 1
919 4.5850 0
752 4.5754 0
931 4.5501 0
437 4.5391 0
943 4.5333 0
1075 4.4768 0
1952 4.4283 0
870 4.3946 0
948 4.3567 0
1385 4.3407 0
309 4.3354 0
1136 4.3063 0
1218 4.2987 0
1706 4.2426 0
770 4.2308 0
570 4.1813 0
1704 4.1636 0
1112 4.1397 0
1061 4.1159 0
1073 4.1081 0
865 4.0773 0
348 4.0404 0
1057 4.0134 0
854 4.0031 0
1230 3.9410 0
459 3.9339 0
733 3.9223 0
4 3.9024 0
569 3.8795 0
1318 3.8612 0
9 3.8579 0
592 3.8381 0
133 3.7956 0
753 3.7709 0
774 3.7555 0
1076 3.7521 0
1091 3.7463 0
1122 3.7297 0
416 3.7260 0
319 3.7183 0
103 3.7063 0
938 3.6493 0
1334 3.6477 0
1422 3.6379 0
405 3.6011 0
1033 3.5500 0
576 3.5023 0
838 3.4963 1
1183 3.4860 0
85 3.4797 0
669 3.4725 0
312 3.4479 0
1106 3.4126 0
923 3.4105 0
1100 3.4037 0
1997 3.3896 0
726 3.3793 0
1847 3.3778 0
143 3.3615 0
909 3.3325 0
1233 3.3269 0
287 3.3155 0
1175 3.3153 0
511 3.3087 0
1051 3.2928 0
1083 3.2907 0
583 3.2818 0
1101 3.2675 0
1129 3.2545 0
430 3.2422 0
858 3.2277 0
500 3.2221 0
796 3.1950 0
1060 3.1741 0
944 3.1709 0
23 3.1691 0
769 3.1663 0
922 3.1134 0
1205 3.1060 0
841 3.1010 1
1575 3.0866 0
921 3.0823 0
810 3.0757 1
799 3.0606 0
1021 3.0211 0
515 2.9989 0
1173 2.9635 0
842 2.9536 1
562 2.9528 0
129 2.9508 0
122 2.9345 0
566 2.9331 0
28 2.9284 0
711 2.9268 0
864 2.9011 0
1211 2.8956 0
1077 2.8869 0
464 2.8712 0
412 2.8455 0
1410 2.8439 0
902 2.8195 0
498 2.8097 0
591 2.8053 0
869 2.7545 0
1345 2.7467 0
423 2.7281 0
1475 2.7261 0
1830 2.7261 0
1062 2.7102 0
641 2.7022 0
849 2.7008 1
757 2.6962 0
1293 2.6950 0
1096 2.6840 0
49 2.6758 0
333 2.6707 0
1116 2.6535 0
533 2.6157 0
1054 2.6022 0
905 2.5979 0
1324 2.5834 0
1137 2.5810 0
760 2.5559 0
866 2.5554 0
1271 2.5532 0
521 2.5171 0
432 2.5169 0
303 2.5162 0
911 2.5147 0
1941 2.5079 0
861 2.4782 0
550 2.4654 0
479 2.4520 0
1139 2.4118 0
879 2.4084 0
573 2.3964 0
942 2.3940 0
1128 2.3902 0
1414 2.3850 0
1530 2.3810 0
645 2.3782 0
153 2.3576 0
422 2.3565 0
857 2.3209 0
731 2.3164 0
1119 2.3139 0
1501 2.3117 0
314 2.3030 0
7 2.3026 0
1408 2.3007 0
421 2.2565 0
1835 2.2480 0
580 2.2431 0
1945 2.2385 0
27 2.2352 0
1120 2.2320 0
856 2.2150 0
1310 2.2036 0
1481 2.2014 0
418 2.1975 0
904 2.1908 0
426 2.1823 0
637 2.1813 0
1950 2.1741 0
554 2.1546 0
599 2.1530 0
226 2.1514 0
1085 2.1475 0
1400 2.1409 0
1837 2.1343 0
1012 2.1278 0
732 2.1267 0
1250 2.1134 0
1348 2.0953 0
24 2.0935 0
519 2.0827 0
1052 2.0774 0
1113 2.0762 0
1121 2.0669 0
30 2.0659 0
406 2.0593 0
1056 2.0367 0
1131 2.0320 0
705 2.0304 0
582 2.0289 0
1930 2.0254 0
914 2.0227 0
790 2.0217 0
1251 2.0144 0
1172 1.9937 0
596 1.9913 0
1313 1.9869 0
1433 1.9856 0
1237 1.9835 0
1934 1.9833 0
1107 1.9540 0
595 1.9506 0
898 1.9467 0
1162 1.9456 0
324 1.9372 0
1357 1.9341 0
337 1.9239 0
1839 1.9179 0
1870 1.8829 0
1263 1.8807 0
1314 1.8708 0
1300 1.8668 0
941 1.8542 0
655 1.8455 0
1133 1.8403 0
17 1.8374 0
773 1.8351 0
506 1.8221 0
1442 1.8197 0
930 1.8160 0
447 1.8055 0
1220 1.7972 0
762 1.7967 0
1022 1.7964 0
18 1.7919 0
84 1.7903 0
1741 1.7815 0
198 1.7673 0
516 1.7672 0
1708 1.7661 0
431 1.7619 0
1322 1.7400 0
1127 1.7365 0
880 1.7356 0
283 1.7354 0
1315 1.7203 0
588 1.7144 0
1430 1.6820 0
1276 1.6701 0
1932 1.6674 0
1721 1.6670 0
71 1.6565 0
25 1.6410 0
598 1.6403 0
1734 1.6355 0
1283 1.6343 0
1109 1.6284 0
1811 1.6185 0
1068 1.6175 0
1147 1.6151 0
1406 1.6075 0
798 1.5900 0
327 1.5834 0
163 1.5701 0
1968 1.5609 0
291 1.5568 0
1685 1.5525 0
1333 1.5449 0
1539 1.5399 0
15 1.5392 0
162 1.5337 0
763 1.5321 0
2 1.5287 0
1141 1.5268 0
173 1.5219 0
1812 1.5211 0
1418 1.5120 0
1681 1.5117 0
496 1.4907 0
490 1.4860 0
1972 1.4838 0
1082 1.4630 0
509 1.4601 0
1426 1.4523 0
1376 1.4443 0
1845 1.4241 0
913 1.4129 0
855 1.4084 0
471 1.4049 0
1316 1.4046 0
108 1.4032 0
34 1.3998 0
117 1.3960 0
1983 1.3959 0
109 1.3847 0
707 1.3832 0
1846 1.3778 0
754 1.3743 0
320 1.3675 0
956 1.3666 0
756 1.3665 0
349 1.3582 0
1148 1.3536 0
436 1.3499 0
1585 1.3403 0
178 1.3382 0
593 1.3299 0
499 1.3194 0
777 1.3187 0
483 1.3182 0
597 1.3155 0
625 1.3078 0
1146 1.3030 0
750 1.2958 0
1329 1.2956 0
587 1.2901 0
214 1.2756 0
347 1.2715 0
1705 1.2683 0
1111 1.2681 0
374 1.2595 0
94 1.2574 0
1125 1.2534 0
1545 1.2518 0
1515 1.2508 0
461 1.2299 0
269 1.2259 0
1181 1.2252 0
1441 1.2179 0
529 1.2178 0
52 1.2127 0
1446 1.1989 0
1202 1.1985 0
871 1.1880 0
889 1.1795 0
1132 1.1750 0
560 1.1725 0
793 1.1716 0
1773 1.1674 0
1135 1.1664 0
742 1.1649 0
643 1.1607 0
882 1.1532 0
1338 1.1360 0
719 1.1328 0
110 1.1324 0
901 1.1230 0
514 1.1227 0
1373 1.1103 0
379 1.1064 0
295 1.1014 0
90 1.0933 0
292 1.0922 0
1933 1.0817 0
900 1.0800 0
622 1.0711 0
934 1.0609 0
124 1.0604 0
758 1.0598 0
1546 1.0413 0
893 1.0400 0
701 1.0341 0
1363 1.0291 0
1409 1.0284 0
873 1.0179 0
282 1.0073 0
652 1.0066 0
875 1.0056 0
1303 0.9934 0
678 0.9786 0
771 0.9752 0
534 0.9735 0
698 0.9653 0
243 0.9645 0
1740 0.9631 0
164 0.9591 0
1907 0.9462 0
1305 0.9426 0
586 0.9354 0
1347 0.9353 0
336 0.9276 0
1466 0.9267 0
293 0.9163 0
683 0.9011 0
200 0.8952 0
1299 0.8936 0
415 0.8732 0
628 0.8709 0
897 0.8701 0
1984 0.8563 0
146 0.8557 0
1327 0.8518 0
786 0.8479 0
1291 0.8430 0
791 0.8385 0
614 0.8382 0
1965 0.8367 0
1187 0.8351 0
887 0.8345 0
891 0.8331 0
1270 0.8309 0
881 0.8293 0
1367 0.8188 0
1123 0.8169 0
1266 0.8061 0
1439 0.7915 0
1039 0.7910 0
486 0.7860 0
1955 0.7849 0
1030 0.7816 0
481 0.7811 0
170 0.7730 0
1197 0.7634 0
1823 0.7553 0
257 0.7540 0
908 0.7528 0
1280 0.7519 0
1443 0.7507 0
176 0.7477 0
1561 0.7456 0
1245 0.7423 0
1335 0.7418 0
748 0.7412 0
340 0.7392 0
1328 0.7351 0
470 0.7323 0
995 0.7205 0
776 0.7187 0
58 0.7151 0
883 0.7118 0
307 0.7096 0
1259 0.7038 0
232 0.7025 0
1118 0.6950 0
1444 0.6947 0
1194 0.6874 0
1246 0.6851 0
1228 0.6848 0
1165 0.6847 0
26 0.6712 0
1415 0.6703 0
403 0.6702 0
691 0.6641 0
546 0.6635 0
1011 0.6626 0
789 0.6604 0
1307 0.6598 0
916 0.6565 0
565 0.6502 0
1124 0.6415 0
158 0.6391 0
5 0.6377 0
11 0.6330 0
895 0.6286 0
537 0.6253 0
1833 0.6235 0
939 0.6231 0
231 0.6182 0
1213 0.6062 0
1720 0.6046 0
1302 0.6044 0
119 0.6011 0
1292 0.5801 0
1661 0.5789 0
371 0.5787 0
448 0.5774 0
1827 0.5760 0
589 0.5753 0
305 0.5639 0
1841 0.5601 0
851 0.5495 0
734 0.5434 0
794 0.5404 0
183 0.5331 0
1883 0.5325 0
429 0.5282 0
1265 0.5158 0
665 0.5120 0
522 0.5117 0
601 0.5102 0
177 0.5077 0
1201 0.5035 0
1691 0.5006 0
619 0.4910 0
294 0.4868 0
19 0.4812 0
765 0.4770 0
73 0.4767 0
438 0.4704 0
342 0.4686 0
1726 0.4583 0
703 0.4581 0
1805 0.4539 0
1086 0.4506 0
482 0.4440 0
411 0.4389 0
354 0.4379 0
1990 0.4379 0
585 0.4375 0
115 0.4350 0
1192 0.4273 0
749 0.4242 0
1480 0.4212 0
372 0.4090 0
410 0.4067 0
1744 0.3955 0
704 0.3943 0
93 0.3898 0
590 0.3857 0
1397 0.3822 0
886 0.3805 0
299 0.3790 0
781 0.3752 0
1382 0.3722 0
137 0.3607 0
182 0.3591 0
925 0.3537 0
1592 0.3502 0
917 0.3497 0
1378 0.3447 0
667 0.3316 0
764 0.3257 0
13 0.3233 0
1727 0.3212 0
1097 0.3174 0
442 0.3149 0
954 0.3134 0
264 0.3117 0
476 0.3104 0
1392 0.3052 0
892 0.2995 0
648 0.2889 0
1389 0.2873 0
1216 0.2792 0
1850 0.2732 0
33 0.2723 0
343 0.2667 0
559 0.2660 0
729 0.2643 0
1420 0.2536 0
1222 0.2342 0
1184 0.2327 0
1320 0.2310 0
863 0.2300 0
334 0.2173 0
446 0.2150 0
551 0.2144 0
746 0.2141 0
1317 0.2096 0
795 0.2024 0
1947 0.1982 0
1431 0.1979 0
885 0.1953 0
427 0.1775 0
1027 0.1691 0
578 0.1655 0
1507 0.1618 0
180 0.1599 0
1665 0.1586 0
517 0.1560 0
1713 0.1503 0
1286 0.1472 0
1199 0.1449 0
532 0.1419 0
1412 0.1381 0
1434 0.1357 0
1262 0.1334 0
142 0.1316 0
491 0.1272 0
1440 0.1248 0
417 0.1228 0
945 0.1213 0
1970 0.1203 0
116 0.1194 0
556 0.1188 0
341 0.1088 0
990 0.1063 0
737 0.1034 0
131 0.0966 0
121 0.0940 0
621 0.0862 0
702 0.0825 0
1831 0.0804 0
1210 0.0783 0
1810 0.0708 0
721 0.0682 0
872 0.0654 0
962 0.0631 0
1996 0.0552 0
433 0.0543 0
787 0.0492 0
963 0.0483 0
155 0.0451 0
709 0.0400 0
149 0.0384 0
1168 0.0372 0
278 0.0344 0
1267 0.0314 0
899 0.0301 0
1013 0.0146 0
876 0.0025 0
1697 0.0006 0
543 -0.0028 0
697 -0.0081 0
1227 -0.0128 0
681 -0.0144 0
504 -0.0175 0
1138 -0.0189 0
171 -0.0213 0
1413 -0.0301 0
67 -0.0313 0
1275 -0.0314 0
187 -0.0319 0
1356 -0.0428 0
113 -0.0454 0
443 -0.0522 0
850 -0.0565 0
1468 -0.0583 0
1178 -0.0638 0
1994 -0.0657 0
853 -0.0686 0
1028 -0.0720 0
268 -0.0745 0
3 -0.0756 0
128 -0.0763 0
407 -0.0860 0
751 -0.0886 0
739 -0.0886 0
1938 -0.0900 0
1380 -0.0922 0
1887 -0.0925 0
37 -0.0952 0
1398 -0.1018 0
1043 -0.1223 0
1186 -0.1274 0
235 -0.1300 0
1877 -0.1407 0
1154 -0.1440 0
1388 -0.1442 0
1332 -0.1560 0
632 -0.1575 0
730 -0.1627 0
797 -0.1654 0
252 -0.1656 0
335 -0.1755 0
584 -0.1842 0
409 -0.1860 0
1180 -0.1903 0
213 -0.1973 0
1115 -0.2034 0
1437 -0.2064 0
1191 -0.2077 0
43 -0.2140 0
325 -0.2252 0
20 -0.2266 0
1238 -0.2342 0
581 -0.2416 0
1365 -0.2446 0
1234 -0.2472 0
51 -0.2510 0
1824 -0.2518 0
668 -0.2541 0
567 -0.2558 0
1003 -0.2575 0
1733 -0.2658 0
1682 -0.2685 0
1534 -0.2740 0
1163 -0.2831 0
1737 -0.2880 0
1235 -0.2902 0
216 -0.2964 0
1890 -0.2986 0
1937 -0.3024 0
1917 -0.3052 0
260 -0.3062 0
561 -0.3169 0
1383 -0.3221 0
1044 -0.3261 0
247 -0.3264 0
1330 -0.3420 0
210 -0.3451 0
1037 -0.3500 0
1491 -0.3535 0
1445 -0.3586 0
1171 -0.3638 0
686 -0.3641 0
606 -0.3649 0
623 -0.3684 0
1411 -0.3703 0
782 -0.3726 0
14 -0.3772 0
1002 -0.3779 0
55 -0.3780 0
1940 -0.3784 0
613 -0.3844 0
1144 -0.3864 0
694 -0.3895 0
1017 -0.3920 0
1776 -0.3925 0
369 -0.3928 0
553 -0.3933 0
1149 -0.3957 0
16 -0.3974 0
860 -0.4024 0
1736 -0.4039 0
1951 -0.4065 0
246 -0.4108 0
91 -0.4158 0
329 -0.4213 0
706 -0.4228 0
743 -0.4267 0
664 -0.4325 0
267 -0.4331 0
1416 -0.4376 0
313 -0.4412 0
1842 -0.4494 0
1130 -0.4566 0
723 -0.4655 0
222 -0.4698 0
1993 -0.4729 0
1674 -0.4899 0
1156 -0.4923 0
223 -0.4984 0
1425 -0.5036 0
219 -0.5093 0
274 -0.5105 0
1724 -0.5117 0
40 -0.5145 0
1789 -0.5148 0
1666 -0.5149 0
1902 -0.5218 0
727 -0.5237 0
1273 -0.5309 0
1200 -0.5313 0
1232 -0.5376 0
896 -0.5387 0
1006 -0.5435 0
346 -0.5453 0
203 -0.5509 0
1448 -0.5570 0
1404 -0.5583 0
650 -0.5620 0
629 -0.5630 0
1798 -0.5689 0
747 -0.5730 0
315 -0.5747 0
21 -0.5748 0
1169 -0.5860 0
1903 -0.5948 0
888 -0.5994 0
1110 -0.6035 0
715 -0.6076 0
1670 -0.6076 0
545 -0.6109 0
362 -0.6173 0
1306 -0.6192 0
413 -0.6234 0
1735 -0.6335 0
1683 -0.6392 0
207 -0.6546 0
1304 -0.6604 0
1725 -0.6652 0
1747 -0.6652 0
1728 -0.6714 0
160 -0.6792 0
759 -0.6796 0
1655 -0.6860 0
1695 -0.6897 0
462 -0.6926 0
1134 -0.6955 0
1438 -0.7009 0
1321 -0.7011 0
1370 -0.7061 0
1355 -0.7066 0
1516 -0.7067 0
1 -0.7100 0
778 -0.7108 0
300 -0.7117 0
1340 -0.7158 0
1718 -0.7196 0
674 -0.7217 0
1386 -0.7238 0
166 -0.7251 0
1209 -0.7282 0
190 -0.7346 0
402 -0.7364 0
1034 -0.7374 0
1815 -0.7393 0
1368 -0.7432 0
1755 -0.7476 0
45 -0.7501 0
74 -0.7516 0
549 -0.7578 0
204 -0.7589 0
1852 -0.7609 0
46 -0.7633 0
66 -0.7667 0
1225 -0.7738 0
1745 -0.7801 0
1553 -0.7941 0
1326 -0.8001 0
541 -0.8006 0
1247 -0.8017 0
480 -0.8074 0
1160 -0.8075 0
152 -0.8079 0
1309 -0.8088 0
36 -0.8099 0
290 -0.8112 0
469 -0.8131 0
332 -0.8165 0
710 -0.8185 0
1341 -0.8221 0
339 -0.8223 0
653 -0.8228 0
724 -0.8237 0
101 -0.8246 0
1031 -0.8297 0
1150 -0.8304 0
745 -0.8307 0
720 -0.8327 0
360 -0.8331 0
1435 -0.8349 0
404 -0.8375 0
1739 -0.8402 0
78 -0.8421 0
1407 -0.8520 0
1818 -0.8541 0
555 -0.8578 0
1102 -0.8621 0
501 -0.8632 0
460 -0.8644 0
1231 -0.8655 0
1349 -0.8802 0
1151 -0.8808 0
1702 -0.8852 0
197 -0.8892 0
859 -0.8908 0
1447 -0.8993 0
1170 -0.8994 0
1836 -0.9055 0
1844 -0.9071 0
722 -0.9158 0
736 -0.9172 0
1403 -0.9187 0
1519 -0.9199 0
1731 -0.9242 0
744 -0.9301 0
1256 -0.9342 0
1652 -0.9393 0
266 -0.9397 0
144 -0.9401 0
1009 -0.9410 0
1802 -0.9428 0
1253 -0.9438 0
564 -0.9450 0
1752 -0.9537 0
487 -0.9605 0
1371 -0.9606 0
1207 -0.9634 0
298 -0.9655 0
1423 -0.9709 0
328 -0.9710 0
788 -0.9715 0
188 -0.9751 0
1906 -0.9772 0
527 -0.9824 0
262 -0.9855 0
1277 -0.9892 0
657 -0.9975 0
507 -1.0003 0
1421 -1.0010 0
971 -1.0019 0
610 -1.0088 0
1285 -1.0177 0
310 -1.0230 0
1723 -1.0234 0
331 -1.0258 0
477 -1.0276 0
1986 -1.0329 0
1429 -1.0343 0
1145 -1.0380 0
1001 -1.0387 0
682 -1.0393 0
1814 -1.0472 0
1010 -1.0485 0
1817 -1.0562 0
779 -1.0570 0
425 -1.0584 0
1851 -1.0590 0
1393 -1.0716 0
1541 -1.0730 0
1919 -1.0738 0
631 -1.0763 0
936 -1.0773 0
1820 -1.0900 0
738 -1.0943 0
1488 -1.1036 0
244 -1.1055 0
780 -1.1083 0
1384 -1.1142 0
355 -1.1160 0
1038 -1.1199 0
338 -1.1227 0
1761 -1.1298 0
194 -1.1419 0
1770 -1.1440 0
485 -1.1470 0
225 -1.1568 0
1922 -1.1605 0
960 -1.1639 0
1297 -1.1670 0
1344 -1.1672 0
1325 -1.1717 0
1664 -1.1756 0
1387 -1.1776 0
361 -1.1811 0
1711 -1.1969 0
1848 -1.1977 0
833 -1.2013 1
1339 -1.2063 0
1381 -1.2069 0
112 -1.2072 0
548 -1.2140 0
1822 -1.2159 0
1738 -1.2163 0
708 -1.2210 0
308 -1.2229 0
256 -1.2239 0
1015 -1.2286 0
206 -1.2322 0
877 -1.2349 0
466 -1.2382 0
1782 -1.2390 0
685 -1.2426 0
1804 -1.2430 0
1809 -1.2431 0
97 -1.2460 0
718 -1.2470 0
713 -1.2472 0
1801 -1.2473 0
86 -1.2519 0
453 -1.2550 0
1800 -1.2568 0
510 -1.2616 0
1912 -1.2624 0
1525 -1.2647 0
189 -1.2650 0
735 -1.2662 0
1879 -1.2674 0
414 -1.2680 0
57 -1.2764 0
396 -1.2766 0
1319 -1.2769 0
1958 -1.2769 0
392 -1.2785 0
1796 -1.2790 0
454 -1.2792 0
53 -1.2803 0
502 -1.2836 0
577 -1.2865 0
1477 -1.2879 0
1359 -1.2957 0
1751 -1.3010 0
220 -1.3014 0
611 -1.3017 0
445 -1.3031 0
105 -1.3032 0
1188 -1.3035 0
271 -1.3036 0
513 -1.3090 0
318 -1.3091 0
1177 -1.3097 0
118 -1.3106 0
1791 -1.3128 0
172 -1.3162 0
1503 -1.3200 0
1956 -1.3245 0
250 -1.3256 0
1020 -1.3279 0
1203 -1.3330 0
148 -1.3386 0
712 -1.3439 0
316 -1.3439 0
1757 -1.3484 0
620 -1.3498 0
661 -1.3512 0
1242 -1.3532 0
644 -1.3553 0
1771 -1.3575 0
141 -1.3595 0
41 -1.3647 0
890 -1.3681 0
240 -1.3693 0
1164 -1.3712 0
1506 -1.3738 0
363 -1.3768 0
70 -1.3800 0
1337 -1.3806 0
961 -1.3812 0
138 -1.3820 0
1803 -1.3849 0
47 -1.3859 0
671 -1.3883 0
663 -1.3940 0
321 -1.3962 0
205 -1.4013 0
1272 -1.4021 0
607 -1.4025 0
1819 -1.4035 0
1362 -1.4061 0
725 -1.4127 0
1405 -1.4141 0
1255 -1.4330 0
495 -1.4350 0
1019 -1.4414 0
813 -1.4415 1
1669 -1.4429 0
1529 -1.4454 0
497 -1.4482 0
311 -1.4512 0
1401 -1.4528 0
1282 -1.4540 0
1828 -1.4576 0
740 -1.4583 0
675 -1.4601 0
1619 -1.4606 0
986 -1.4656 0
455 -1.4666 0
1963 -1.4669 0
1198 -1.4698 0
1838 -1.4711 0
317 -1.4713 0
221 -1.4713 0
1364 -1.4735 0
270 -1.4767 0
768 -1.4829 0
181 -1.4851 0
1581 -1.4858 0
1244 -1.4969 0
1512 -1.4977 0
1040 -1.4985 0
475 -1.5025 0
1538 -1.5068 0
775 -1.5096 0
1249 -1.5107 0
1659 -1.5126 0
424 -1.5126 0
1954 -1.5130 0
544 -1.5130 0
420 -1.5204 0
1979 -1.5320 0
783 -1.5375 0
728 -1.5402 0
1391 -1.5423 0
1766 -1.5445 0
1547 -1.5500 0
227 -1.5508 0
1929 -1.5592 0
1374 -1.5635 0
1719 -1.5635 0
1208 -1.5666 0
1140 -1.5674 0
878 -1.5682 0
1189 -1.5702 0
1193 -1.5713 0
520 -1.5730 0
408 -1.5755 0
59 -1.5773 0
77 -1.5783 0
984 -1.5812 0
1369 -1.5813 0
186 -1.5926 0
96 -1.5936 0
692 -1.5939 0
134 -1.6098 0
525 -1.6109 0
1586 -1.6121 0
168 -1.6144 0
139 -1.6182 0
976 -1.6248 0
126 -1.6282 0
1236 -1.6304 0
1352 -1.6315 0
1346 -1.6376 0
378 -1.6491 0
61 -1.6494 0
330 -1.6505 0
288 -1.6532 0
1176 -1.6568 0
175 -1.6588 0
1797 -1.6607 0
741 -1.6619 0
1223 -1.6644 0
767 -1.6685 0
1998 -1.6697 0
98 -1.6907 0
1513 -1.6913 0
575 -1.6919 0
1658 -1.6920 0
494 -1.7021 0
633 -1.7021 0
449 -1.7035 0
1730 -1.7042 0
72 -1.7052 0
467 -1.7057 0
277 -1.7065 0
1289 -1.7104 0
373 -1.7124 0
302 -1.7211 0
1732 -1.7218 0
1217 -1.7219 0
1995 -1.7219 0
1895 -1.7266 0
1583 -1.7356 0
211 -1.7395 0
1161 -1.7425 0
1960 -1.7453 0
484 -1.7460 0
1449 -1.7460 0
1182 -1.7490 0
1155 -1.7495 0
296 -1.7570 0
1269 -1.7612 0
1375 -1.7624 0
63 -1.7629 0
1914 -1.7629 0
1676 -1.7642 0
868 -1.7661 0
947 -1.7727 0
1886 -1.7731 0
1045 -1.7732 0
982 -1.7837 0
1544 -1.7845 0
1816 -1.7882 0
1298 -1.7927 0
1402 -1.7994 0
1781 -1.8060 0
536 -1.8087 0
1331 -1.8113 0
1778 -1.8119 0
518 -1.8165 0
1866 -1.8176 0
1893 -1.8183 0
1806 -1.8202 0
1971 -1.8203 0
79 -1.8216 0
202 -1.8243 0
1925 -1.8272 0
1651 -1.8288 0
574 -1.8323 0
64 -1.8352 0
1856 -1.8369 0
1174 -1.8372 0
297 -1.8404 0
852 -1.8408 0
1756 -1.8474 0
217 -1.8474 0
42 -1.8493 0
970 -1.8505 0
365 -1.8623 0
1454 -1.8651 0
1004 -1.8705 0
377 -1.8729 0
1576 -1.8767 0
636 -1.8831 0
1693 -1.8862 0
95 -1.8895 0
1436 -1.8949 0
526 -1.8953 0
253 -1.8963 0
862 -1.8972 0
672 -1.8999 0
1260 -1.9052 0
1980 -1.9090 0
503 -1.9110 0
1749 -1.9178 0
1772 -1.9180 0
1953 -1.9198 0
1832 -1.9244 0
1224 -1.9262 0
1633 -1.9304 0
1206 -1.9329 0
975 -1.9494 0
1366 -1.9502 0
1029 -1.9519 0
195 -1.9535 0
1254 -1.9570 0
285 -1.9663 0
457 -1.9697 0
1336 -1.9715 0
1018 -1.9746 0
958 -1.9807 0
12 -1.9844 0
639 -1.9845 0
80 -1.9919 0
1712 -1.9947 0
88 -1.9948 0
1826 -1.9994 0
458 -2.0038 0
1709 -2.0126 0
48 -2.0163 0
1565 -2.0176 0
1987 -2.0251 0
306 -2.0272 0
647 -2.0311 0
157 -2.0386 0
265 -2.0411 0
1787 -2.0482 0
397 -2.0571 0
508 -2.0583 0
150 -2.0601 0
1281 -2.0620 0
273 -2.0649 0
1615 -2.0655 0
1023 -2.0679 0
1024 -2.0755 0
1428 -2.0766 0
1343 -2.0788 0
1167 -2.0821 0
524 -2.0899 0
1966 -2.0909 0
451 -2.0926 0
1549 -2.0940 0
1452 -2.0964 0
700 -2.0993 0
1892 -2.1017 0
1854 -2.1023 0
1946 -2.1056 0
89 -2.1059 0
1865 -2.1170 0
1157 -2.1173 0
1563 -2.1177 0
594 -2.1206 0
1543 -2.1250 0
212 -2.1273 0
1042 -2.1278 0
1114 -2.1329 0
1961 -2.1390 0
1753 -2.1395 0
82 -2.1397 0
953 -2.1504 0
1964 -2.1560 0
966 -2.1574 0
135 -2.1592 0
75 -2.1618 0
322 -2.1630 0
1703 -2.1640 0
54 -2.1643 0
1746 -2.1667 0
276 -2.1684 0
1142 -2.1712 0
1969 -2.1717 0
1284 -2.1732 0
1707 -2.1765 0
1857 -2.1782 0
286 -2.1790 0
1768 -2.1818 0
234 -2.1952 0
353 -2.2021 0
0 -2.2063 0
1935 -2.2096 0
32 -2.2121 0
996 -2.2170 0
165 -2.2207 0
99 -2.2256 0
540 -2.2318 0
174 -2.2326 0
1959 -2.2416 0
275 -2.2462 0
994 -2.2468 0
1395 -2.2581 0
624 -2.2584 0
1290 -2.2635 0
616 -2.2781 0
1153 -2.2783 0
251 -2.2798 0
1790 -2.2870 0
1524 -2.2886 0
1279 -2.2888 0
1268 -2.2891 0
1465 -2.2928 0
1631 -2.2968 0
1989 -2.3007 0
626 -2.3014 0
1786 -2.3022 0
1620 -2.3043 0
358 -2.3065 0
1909 -2.3098 0
1518 -2.3123 0
233 -2.3143 0
1301 -2.3173 0
323 -2.3245 0
602 -2.3293 0
1992 -2.3345 0
69 -2.3363 0
104 -2.3367 0
1743 -2.3378 0
167 -2.3396 0
387 -2.3410 0
542 -2.3415 0
1427 -2.3416 0
1742 -2.3421 0
1840 -2.3463 0
1419 -2.3473 0
989 -2.3485 0
646 -2.3589 0
473 -2.3627 0
688 -2.3671 0
1548 -2.3711 0
1390 -2.3720 0
1894 -2.3793 0
1853 -2.3805 0
654 -2.3862 0
1143 -2.3909 0
111 -2.3934 0
452 -2.3936 0
1562 -2.3957 0
1686 -2.3967 0
1981 -2.4026 0
1861 -2.4043 0
792 -2.4048 0
1049 -2.4055 0
367 -2.4094 0
1881 -2.4118 0
1342 -2.4157 0
1634 -2.4161 0
1943 -2.4256 0
87 -2.4288 0
1047 -2.4352 0
505 -2.4366 0
289 -2.4441 0
474 -2.4451 0
1527 -2.4505 0
258 -2.4512 0
1714 -2.4519 0
468 -2.4617 0
1486 -2.4672 0
1152 -2.4693 0
1550 -2.4711 0
1808 -2.4749 0
434 -2.4776 0
1942 -2.4792 0
1221 -2.5060 0
1399 -2.5121 0
528 -2.5141 0
1526 -2.5185 0
1843 -2.5214 0
394 -2.5237 0
245 -2.5243 0
1311 -2.5264 0
1046 -2.5332 0
952 -2.5336 0
156 -2.5337 0
1974 -2.5398 0
1000 -2.5414 0
1825 -2.5584 0
530 -2.5654 0
695 -2.5683 0
1505 -2.5840 0
635 -2.5856 0
218 -2.5931 0
1239 -2.6008 0
359 -2.6021 0
83 -2.6024 0
1849 -2.6055 0
281 -2.6103 0
489 -2.6151 0
208 -2.6159 0
1214 -2.6212 0
1900 -2.6229 0
979 -2.6298 0
968 -2.6331 0
1985 -2.6384 0
965 -2.6384 0
398 -2.6474 0
1394 -2.6536 0
1041 -2.6591 0
380 -2.6604 0
1457 -2.6684 0
1905 -2.6798 0
1991 -2.6830 0
1690 -2.6857 0
391 -2.6889 0
1656 -2.6926 0
1957 -2.7018 0
92 -2.7046 0
50 -2.7060 0
1813 -2.7140 0
1834 -2.7151 0
1769 -2.7179 0
1229 -2.7221 0
687 -2.7240 0
1829 -2.7293 0
1908 -2.7294 0
1715 -2.7416 0
444 -2.7434 0
714 -2.7452 0
699 -2.7455 0
237 -2.7461 0
272 -2.7462 0
1884 -2.7487 0
1517 -2.7503 0
1528 -2.7517 0
1649 -2.7535 0
662 -2.7607 0
1248 -2.7675 0
1008 -2.7694 0
357 -2.7698 0
68 -2.7722 0
1863 -2.7722 0
689 -2.7775 0
65 -2.7796 0
29 -2.7832 0
1453 -2.7905 0
617 -2.7985 0
1904 -2.8008 0
386 -2.8062 0
154 -2.8066 0
1509 -2.8093 0
435 -2.8169 0
1540 -2.8177 0
677 -2.8311 0
969 -2.8367 0
1700 -2.8369 0
1871 -2.8383 0
1308 -2.8421 0
977 -2.8483 0
1667 -2.8526 0
983 -2.8568 0
991 -2.8618 0
248 -2.8711 0
1007 -2.8763 0
1450 -2.8806 0
191 -2.8863 0
997 -2.8867 0
1982 -2.8886 0
1185 -2.8889 0
228 -2.8963 0
1779 -2.8992 0
716 -2.9058 0
1520 -2.9099 0
987 -2.9107 0
1762 -2.9140 0
1780 -2.9149 0
512 -2.9151 0
1777 -2.9166 0
1748 -2.9184 0
985 -2.9189 0
304 -2.9264 0
1923 -2.9311 0
1722 -2.9313 0
201 -2.9325 0
1278 -2.9350 0
1424 -2.9393 0
1873 -2.9410 0
450 -2.9428 0
1716 -2.9475 0
263 -2.9501 0
666 -2.9625 0
239 -2.9655 0
159 -2.9716 0
955 -2.9751 0
62 -2.9767 0
1035 -2.9771 0
145 -2.9772 0
184 -2.9847 0
612 -2.9851 0
1988 -2.9923 0
56 -2.9945 0
957 -3.0086 0
1496 -3.0147 0
383 -3.0180 0
1975 -3.0185 0
1464 -3.0270 0
980 -3.0351 0
1868 -3.0404 0
640 -3.0425 0
1287 -3.0453 0
1432 -3.0512 0
1500 -3.0677 0
1858 -3.0692 0
100 -3.0692 0
1569 -3.0712 0
1920 -3.0903 0
1036 -3.0931 0
1361 -3.0986 0
1195 -3.0994 0
1729 -3.1034 0
1663 -3.1108 0
1323 -3.1117 0
1587 -3.1151 0
1215 -3.1211 0
1794 -3.1276 0
393 -3.1291 0
1821 -3.1357 0
261 -3.1476 0
236 -3.1504 0
345 -3.1575 0
76 -3.1689 0
1417 -3.1732 0
419 -3.1859 0
352 -3.1891 0
368 -3.1921 0
1862 -3.1968 0
974 -3.1993 0
1295 -3.2003 0
867 -3.2016 0
376 -3.2089 0
1158 -3.2145 0
1459 -3.2147 0
1924 -3.2204 0
1241 -3.2254 0
1026 -3.2283 0
1294 -3.2313 0
1005 -3.2395 0
1888 -3.2437 0
1474 -3.2445 0
1489 -3.2509 0
1510 -3.2600 0
693 -3.2613 0
1913 -3.2630 0
940 -3.2693 0
199 -3.2758 0
1257 -3.2763 0
998 -3.2867 0
1560 -3.2907 0
1643 -3.2914 0
1596 -3.2925 0
1014 -3.2935 0
120 -3.2982 0
151 -3.3045 0
523 -3.3099 0
690 -3.3137 0
1572 -3.3396 0
1785 -3.3463 0
193 -3.3531 0
130 -3.3624 0
1962 -3.3775 0
1650 -3.3783 0
1360 -3.3869 0
1872 -3.3928 0
249 -3.4005 0
102 -3.4022 0
634 -3.4063 0
395 -3.4190 0
215 -3.4348 0
284 -3.4351 0
1532 -3.4382 0
1672 -3.4463 0
1898 -3.4581 0
44 -3.4643 0
1921 -3.4683 0
192 -3.4694 0
229 -3.4743 0
1867 -3.4814 0
388 -3.4857 0
1977 -3.4888 0
1754 -3.4906 0
1025 -3.4929 0
478 -3.4947 0
981 -3.4999 0
972 -3.5116 0
604 -3.5129 0
1579 -3.5198 0
1899 -3.5282 0
1379 -3.5330 0
1521 -3.5370 0
1948 -3.5438 0
1918 -3.5454 0
1537 -3.5471 0
1760 -3.5492 0
1784 -3.5509 0
241 -3.5533 0
179 -3.5558 0
1799 -3.5612 0
1472 -3.5678 0
618 -3.5858 0
1750 -3.5863 0
1603 -3.5926 0
1396 -3.5952 0
1642 -3.6045 0
382 -3.6093 0
1717 -3.6213 0
884 -3.6216 0
1354 -3.6304 0
673 -3.6347 0
1533 -3.6386 0
38 -3.6428 0
351 -3.6459 0
1219 -3.6460 0
1568 -3.6684 0
1048 -3.6771 0
600 -3.6772 0
538 -3.6772 0
224 -3.6833 0
125 -3.6864 0
1701 -3.6921 0
1350 -3.6972 0
1179 -3.6992 0
1660 -3.7064 0
1511 -3.7146 0
1896 -3.7168 0
259 -3.7203 0
1614 -3.7217 0
279 -3.7268 0
1973 -3.7407 0
1492 -3.7480 0
630 -3.7577 0
39 -3.7646 0
1117 -3.7649 0
161 -3.7659 0
463 -3.7680 0
356 -3.7737 0
147 -3.7754 0
106 -3.7798 0
1591 -3.7878 0
1759 -3.7998 0
1623 -3.8006 0
659 -3.8025 0
381 -3.8101 0
1625 -3.8119 0
1688 -3.8124 0
370 -3.8149 0
1678 -3.8180 0
1860 -3.8184 0
1612 -3.8224 0
140 -3.8279 0
242 -3.8304 0
1684 -3.8321 0
1522 -3.8626 0
1611 -3.8644 0
230 -3.8663 0
385 -3.8674 0
1668 -3.8696 0
384 -3.8740 0
1377 -3.8802 0
993 -3.8842 0
1166 -3.9171 0
1252 -3.9224 0
656 -3.9259 0
988 -3.9265 0
539 -3.9343 0
1949 -3.9506 0
390 -3.9585 0
1915 -3.9604 0
1462 -3.9620 0
1885 -3.9639 0
1880 -3.9659 0
375 -3.9797 0
196 -3.9812 0
1792 -3.9839 0
1159 -3.9880 0
169 -3.9896 0
132 -3.9954 0
1458 -3.9971 0
254 -4.0020 0
1928 -4.0063 0
127 -4.0186 0
605 -4.0221 0
1535 -4.0231 0
326 -4.0293 0
1502 -4.0317 0
440 -4.0340 0
344 -4.0409 0
1936 -4.0527 0
1240 -4.0678 0
1999 -4.0701 0
717 -4.0723 0
1514 -4.0768 0
1878 -4.0779 0
107 -4.0796 0
1584 -4.0816 0
1654 -4.0835 0
1032 -4.0870 0
615 -4.0982 0
1574 -4.1003 0
1916 -4.1031 0
1555 -4.1035 0
535 -4.1078 0
1261 -4.1097 0
1607 -4.1117 0
1689 -4.1203 0
1578 -4.1279 0
1490 -4.1511 0
660 -4.1511 0
1696 -4.1524 0
1190 -4.1543 0
658 -4.1621 0
400 -4.1643 0
1911 -4.1712 0
209 -4.1747 0
366 -4.1819 0
959 -4.1831 0
1531 -4.1844 0
950 -4.1853 0
1463 -4.1874 0
651 -4.1931 0
1882 -4.1948 0
1967 -4.1988 0
1016 -4.1993 0
301 -4.2066 0
1807 -4.2272 0
1589 -4.2321 0
951 -4.2327 0
1573 -4.2380 0
1564 -4.2529 0
350 -4.2585 0
1710 -4.2593 0
1470 -4.2648 0
1542 -4.2659 0
1901 -4.2821 0
81 -4.3044 0
60 -4.3046 0
679 -4.3075 0
1469 -4.3224 0
642 -4.3226 0
1372 -4.3332 0
1536 -4.3487 0
1551 -4.3539 0
1788 -4.3869 0
1978 -4.4208 0
1677 -4.4315 0
1274 -4.4379 0
1498 -4.4545 0
1944 -4.4805 0
1793 -4.4828 0
1593 -4.5034 0
1692 -4.5116 0
185 -4.5490 0
364 -4.5625 0
1675 -4.5650 0
1559 -4.5850 0
967 -4.5877 0
1698 -4.5953 0
999 -4.5984 0
1855 -4.6037 0
1288 -4.6062 0
1495 -4.6137 0
399 -4.6214 0
1558 -4.6279 0
1567 -4.6567 0
1566 -4.6720 0
1460 -4.6875 0
1610 -4.7023 0
1645 -4.7037 0
389 -4.7118 0
1471 -4.7129 0
1580 -4.7342 0
1557 -4.7369 0
1859 -4.7386 0
488 -4.7612 0
608 -4.7833 0
680 -4.7863 0
684 -4.7892 0
1455 -4.7892 0
1639 -4.7974 0
1910 -4.8076 0
973 -4.8343 0
1875 -4.8362 0
1258 -4.8390 0
603 -4.8404 0
1599 -4.8474 0
1783 -4.8555 0
1571 -4.8792 0
1876 -4.8811 0
1588 -4.9099 0
1926 -4.9105 0
1764 -4.9203 0
1662 -4.9214 0
1508 -4.9282 0
465 -4.9327 0
1467 -4.9380 0
1632 -4.9461 0
696 -4.9759 0
1353 -4.9947 0
1556 -4.9950 0
1594 -4.9971 0
978 -5.0176 0
1478 -5.0927 0
255 -5.1032 0
1602 -5.1201 0
1699 -5.1419 0
280 -5.1534 0
1635 -5.2118 0
1598 -5.2297 0
1351 -5.2407 0
1552 -5.2410 0
1621 -5.2726 0
1629 -5.2832 0
1874 -5.2893 0
1358 -5.2979 0
1640 -5.3071 0
1694 -5.3119 0
1869 -5.3121 0
1570 -5.3367 0
1939 -5.3402 0
1775 -5.3602 0
1637 -5.3695 0
676 -5.4104 0
1504 -5.4276 0
1484 -5.4347 0
1636 -5.4503 0
1264 -5.4609 0
1601 -5.4846 0
1679 -5.4917 0
1600 -5.5016 0
1493 -5.5208 0
1577 -5.5361 0
1653 -5.5471 0
6 -5.5537 0
1590 -5.5554 0
1931 -5.5604 0
1456 -5.5624 0
1864 -5.5703 0
1767 -5.5966 0
1624 -5.6134 0
1765 -5.6221 0
1494 -5.6699 0
456 -5.6722 0
1476 -5.6771 0
1646 -5.7070 0
1673 -5.7528 0
1628 -5.7943 0
1296 -5.8274 0
964 -5.8393 0
1644 -5.8401 0
1485 -5.8497 0
1680 -5.8788 0
649 -5.8802 0
1617 -5.9377 0
992 -5.9788 0
627 -5.9797 0
1604 -5.9815 0
1795 -5.9859 0
114 -5.9867 0
1657 -5.9933 0
1758 -6.0218 0
1487 -6.0393 0
1627 -6.0447 0
638 -6.0598 0
1630 -6.0821 0
1891 -6.0886 0
1595 -6.1308 0
1497 -6.1350 0
609 -6.1412 0
1473 -6.1884 0
1671 -6.2154 0
1483 -6.2411 0
1622 -6.2457 0
1451 -6.3056 0
1638 -6.3730 0
1763 -6.4030 0
1774 -6.4060 0
1554 -6.4070 0
1582 -6.4391 0
1927 -6.5043 0
1687 -6.5661 0
1618 -6.5802 0
1616 -6.6426 0
1648 -6.8266 0
136 -6.8703 0
1605 -6.9073 0
1523 -6.9340 0
1482 -7.0355 0
670 -7.4118 0
1597 -7.4155 0
1608 -7.4211 0
1613 -7.4385 0
1897 -7.4882 0
1499 -7.5410 0
1647 -7.5839 0
1461 -7.8197 0
1479 -8.1083 0
1609 -8.1213 0
1606 -8.2313 0
1626 -8.8846 0
1641 -10.1451 0
