889 22.4244 1
874 21.1979 1
880 13.8475 1
895 13.4971 1
1251 13.4220 0
856 12.9490 1
1300 12.4204 0
882 11.8113 1
314 10.8719 0
346 10.6212 0
868 10.6122 1
1283 10.5920 0
894 10.4638 1
862 10.3843 1
865 10.2293 1
866 10.1376 1
883 9.9373 1
870 9.8463 1
1345 9.7234 0
871 9.4777 1
858 9.3818 1
855 9.2525 1
864 9.2184 1
478 8.8869 0
1333 8.8030 0
1015 8.7513 0
854 8.6720 1
892 8.6664 1
1011 8.5972 0
1267 8.5417 0
649 8.4985 0
449 8.3230 0
1020 8.3095 0
853 8.3086 1
787 8.1851 0
1308 8.1543 0
1291 8.0674 0
1258 8.0426 0
758 7.8869 0
345 7.8709 0
616 7.8287 0
898 7.7921 1
1263 7.7374 0
977 7.7289 0
887 7.7008 1
763 7.6859 0
315 7.6525 0
1133 7.6052 0
1270 7.4714 0
769 7.4420 0
624 7.4320 0
784 7.4225 0
1147 7.4105 0
492 7.3432 0
1260 7.3175 0
1118 7.2723 0
796 7.0595 0
752 7.0413 0
1313 7.0177 0
325 6.9732 0
1261 6.9567 0
317 6.9464 0
1272 6.8730 0
799 6.8559 0
1287 6.8320 0
609 6.8235 0
1157 6.8138 0
1275 6.6756 0
1022 6.6297 0
1099 6.6241 0
1337 6.5597 0
1268 6.5424 0
569 6.5308 0
1085 6.4770 0
1262 6.4646 0
886 6.4565 1
770 6.4452 0
1006 6.4425 0
638 6.4403 0
497 6.4337 0
347 6.3895 0
1368 6.3672 0
499 6.3647 0
1440 6.3286 0
891 6.3283 1
1303 6.3176 0
340 6.3008 0
476 6.2997 0
1072 6.2791 0
43 6.2415 0
343 6.2280 0
1318 6.2180 0
1167 6.1900 0
1271 6.1882 0
1683 6.1845 0
1003 6.1035 0
877 6.0974 1
850 6.0430 1
1000 6.0322 0
750 5.9442 0
477 5.9184 0
1386 5.9129 0
893 5.8977 1
790 5.8703 0
1265 5.8418 0
6 5.8414 0
481 5.8090 0
875 5.7133 1
873 5.7057 1
334 5.7049 0
1292 5.6855 0
881 5.6672 1
1171 5.6411 0
1253 5.6374 0
757 5.6142 0
1373 5.6098 0
1027 5.5680 0
1431 5.5655 0
540 5.5476 0
1299 5.4822 0
38 5.4619 0
1298 5.4527 0
1376 5.4296 0
1136 5.4089 0
1269 5.3864 0
1277 5.3188 0
869 5.2944 1
335 5.2900 0
794 5.2742 0
52 5.2647 0
1284 5.2298 0
876 5.2221 1
1279 5.1961 0
1162 5.1860 0
1019 5.1340 0
1310 5.1309 0
1340 5.1309 0
495 5.0762 0
1080 5.0372 0
1400 4.9827 0
483 4.9686 0
1285 4.9584 0
332 4.9540 0
1365 4.9447 0
1359 4.9343 0
797 4.9333 0
884 4.9326 1
1172 4.9184 0
954 4.9084 0
860 4.8919 1
1356 4.8846 0
1002 4.8571 0
859 4.8565 1
312 4.8151 0
1304 4.7895 0
489 4.7669 0
846 4.7623 0
618 4.7339 0
1383 4.7175 0
1380 4.7025 0
762 4.6846 0
764 4.6557 0
1028 4.6241 0
885 4.6222 1
431 4.6082 0
468 4.5960 0
761 4.5891 0
1324 4.5644 0
878 4.4703 1
533 4.4353 0
475 4.4164 0
526 4.3964 0
1190 4.3857 0
322 4.3820 0
344 4.3759 0
1140 4.3500 0
897 4.3331 1
1697 4.3328 0
330 4.3166 0
1317 4.3145 0
1391 4.2860 0
457 4.2828 0
776 4.2716 0
867 4.2564 1
319 4.2238 0
1389 4.2021 0
1154 4.1985 0
1222 4.1985 0
14 4.1792 0
857 4.1608 1
1614 4.1600 0
592 4.1231 0
1676 4.1169 0
341 4.0546 0
1065 4.0013 0
1502 4.0003 0
1409 4.0001 0
1091 3.9945 0
958 3.9718 0
1075 3.9420 0
1122 3.9194 0
772 3.8856 0
1276 3.8623 0
308 3.8590 0
1367 3.8414 0
767 3.8376 0
1100 3.8250 0
23 3.8201 0
329 3.8011 0
1349 3.7861 0
1695 3.7813 0
1259 3.7727 0
323 3.7709 0
327 3.7706 0
1018 3.7647 0
1089 3.7637 0
2 3.7522 0
1430 3.7457 0
1060 3.7409 0
1330 3.7200 0
58 3.7142 0
1159 3.6949 0
774 3.6858 0
751 3.6835 0
1417 3.6152 0
798 3.6014 0
1309 3.6008 0
1407 3.5713 0
1691 3.5631 0
546 3.5502 0
422 3.5267 0
349 3.5238 0
46 3.5185 0
944 3.5179 0
572 3.4784 0
604 3.4590 0
1012 3.4568 0
300 3.4501 0
931 3.4470 0
328 3.4144 0
1631 3.4053 0
1282 3.3964 0
1238 3.3882 0
795 3.3660 0
1443 3.3641 0
1696 3.3559 0
578 3.3557 0
490 3.3532 0
331 3.3514 0
318 3.3444 0
1030 3.3437 0
957 3.3370 0
642 3.3159 0
1296 3.3139 0
1185 3.2863 0
625 3.2654 0
311 3.2607 0
896 3.2553 1
1449 3.2442 0
1363 3.2436 0
480 3.2209 0
771 3.2023 0
500 3.2017 0
1635 3.1795 0
617 3.1765 0
900 3.1437 0
1432 3.1410 0
602 3.1317 0
909 3.1292 0
1393 3.1236 0
777 3.1182 0
1155 3.0904 0
373 3.0730 0
890 3.0565 1
1411 3.0428 0
1369 3.0397 0
1102 3.0374 0
1244 3.0263 0
299 3.0061 0
453 2.9914 0
753 2.9829 0
1692 2.9655 0
849 2.9595 0
872 2.9567 1
754 2.9454 0
1064 2.9408 0
1266 2.9389 0
1475 2.9296 0
1575 2.9271 0
1420 2.9241 0
310 2.9233 0
1398 2.9098 0
1394 2.8881 0
1381 2.8840 0
1196 2.8812 0
1328 2.8559 0
1392 2.8531 0
430 2.8484 0
235 2.8418 0
1116 2.8393 0
1254 2.8206 0
1870 2.8088 0
861 2.7979 1
1883 2.7794 0
600 2.7707 0
631 2.7640 0
1384 2.7593 0
1062 2.7493 0
1375 2.7449 0
765 2.7329 0
1671 2.7060 0
1188 2.6944 0
1289 2.6882 0
1135 2.6723 0
1490 2.6716 0
1225 2.6670 0
778 2.6605 0
791 2.6583 0
1344 2.6514 0
1684 2.6377 0
956 2.6326 0
320 2.6321 0
336 2.6186 0
1248 2.5938 0
1141 2.5917 0
1332 2.5844 0
535 2.5825 0
324 2.5715 0
768 2.5681 0
342 2.5642 0
1682 2.5585 0
1288 2.5580 0
1168 2.5485 0
1441 2.5442 0
611 2.5160 0
759 2.5076 0
301 2.5026 0
1605 2.4994 0
458 2.4942 0
1358 2.4827 0
1156 2.4677 0
1387 2.4661 0
1655 2.4321 0
1094 2.4066 0
1095 2.4022 0
29 2.3981 0
1354 2.3896 0
1117 2.3855 0
779 2.3839 0
5 2.3837 0
982 2.3774 0
1320 2.3737 0
1153 2.3553 0
1953 2.3493 0
1146 2.3439 0
1274 2.3361 0
321 2.3326 0
852 2.3157 1
879 2.3088 1
1439 2.3045 0
1710 2.2921 0
1378 2.2891 0
309 2.2770 0
1025 2.2747 0
1664 2.2629 0
1286 2.2535 0
565 2.2505 0
1250 2.2426 0
1234 2.2364 0
12 2.2325 0
1434 2.2322 0
1448 2.2250 0
1132 2.2232 0
1977 2.2152 0
79 2.2122 0
983 2.2116 0
455 2.2083 0
36 2.2023 0
1326 2.2004 0
1293 2.1995 0
1134 2.1883 0
992 2.1824 0
545 2.1749 0
888 2.1551 1
995 2.1536 0
1150 2.1378 0
1009 2.1325 0
863 2.1207 1
437 2.1181 0
955 2.1125 0
588 2.1111 0
461 2.1053 0
42 2.1010 0
1657 2.0994 0
1017 2.0951 0
1180 2.0864 0
1047 2.0516 0
1043 2.0463 0
471 2.0434 0
1084 2.0426 0
428 2.0421 0
474 2.0420 0
1137 2.0378 0
966 2.0222 0
1669 2.0131 0
1472 1.9962 0
549 1.9946 0
994 1.9860 0
1444 1.9837 0
493 1.9773 0
543 1.9771 0
1297 1.9747 0
522 1.9729 0
520 1.9697 0
1343 1.9625 0
1401 1.9622 0
1429 1.9620 0
1166 1.9618 0
507 1.9564 0
1145 1.9539 0
962 1.9422 0
1067 1.9416 0
1322 1.9391 0
1314 1.9270 0
1001 1.9112 0
1201 1.9022 0
1846 1.8950 0
425 1.8886 0
97 1.8787 0
1175 1.8704 0
766 1.8607 0
1573 1.8585 0
803 1.8458 0
1178 1.8342 0
1336 1.8134 0
303 1.8091 0
523 1.8044 0
539 1.8028 0
1428 1.7899 0
68 1.7875 0
496 1.7874 0
1070 1.7671 0
1442 1.7614 0
942 1.7584 0
1453 1.7521 0
467 1.7415 0
512 1.7395 0
1749 1.7342 0
1415 1.7244 0
1183 1.6961 0
1039 1.6932 0
607 1.6710 0
1316 1.6691 0
473 1.6556 0
1404 1.6506 0
1346 1.6500 0
1264 1.6493 0
1169 1.6444 0
1405 1.6325 0
103 1.6318 0
1418 1.6205 0
1163 1.6163 0
975 1.6074 0
575 1.6066 0
1197 1.6055 0
1650 1.6006 0
1933 1.5998 0
1673 1.5972 0
1685 1.5863 0
1693 1.5850 0
1338 1.5840 0
960 1.5775 0
1301 1.5681 0
1339 1.5624 0
1726 1.5426 0
1687 1.5272 0
306 1.5211 0
1040 1.5038 0
1672 1.4989 0
786 1.4980 0
1347 1.4902 0
641 1.4897 0
1653 1.4765 0
978 1.4761 0
460 1.4726 0
313 1.4719 0
1501 1.4597 0
1191 1.4537 0
657 1.4523 0
1273 1.4468 0
348 1.4444 0
1662 1.4412 0
621 1.4366 0
1364 1.4331 0
516 1.4181 0
1042 1.4136 0
603 1.4100 0
1736 1.4009 0
538 1.3999 0
1087 1.3882 0
788 1.3849 0
1677 1.3791 0
851 1.3731 1
1174 1.3663 0
1124 1.3656 0
426 1.3538 0
1601 1.3248 0
1505 1.3241 0
184 1.3227 0
1547 1.3189 0
1921 1.3186 0
524 1.3166 0
1543 1.3144 0
755 1.3138 0
1249 1.3101 0
510 1.3039 0
781 1.2951 0
1079 1.2929 0
782 1.2762 0
783 1.2676 0
200 1.2655 0
1173 1.2581 0
981 1.2580 0
560 1.2558 0
1724 1.2314 0
1619 1.2263 0
999 1.2247 0
1032 1.2225 0
1600 1.1918 0
454 1.1885 0
1807 1.1866 0
33 1.1747 0
773 1.1636 0
1374 1.1627 0
998 1.1589 0
1841 1.1495 0
963 1.1492 0
756 1.1451 0
1668 1.1322 0
1252 1.1266 0
1666 1.1252 0
921 1.1212 0
1457 1.1212 0
1108 1.1124 0
1104 1.1081 0
1628 1.1057 0
1665 1.0871 0
1663 1.0850 0
1323 1.0842 0
581 1.0782 0
1280 1.0697 0
1257 1.0599 0
16 1.0521 0
369 1.0519 0
459 1.0398 0
968 1.0205 0
73 1.0160 0
1607 1.0113 0
48 1.0080 0
1177 1.0077 0
1564 1.0049 0
1769 0.9929 0
1226 0.9925 0
484 0.9627 0
1489 0.9582 0
1716 0.9554 0
541 0.9552 0
566 0.9515 0
86 0.9501 0
241 0.9495 0
1164 0.9494 0
1639 0.9444 0
1170 0.9403 0
1029 0.9352 0
1016 0.9315 0
1113 0.9268 0
316 0.9236 0
1223 0.9214 0
1360 0.9197 0
1151 0.9087 0
305 0.9053 0
1377 0.9042 0
793 0.9007 0
1388 0.8995 0
1329 0.8973 0
1010 0.8954 0
1278 0.8945 0
640 0.8890 0
610 0.8828 0
1410 0.8776 0
1395 0.8667 0
1008 0.8588 0
1194 0.8499 0
614 0.8482 0
1700 0.8402 0
1242 0.8285 0
1674 0.8216 0
1195 0.8180 0
542 0.8165 0
378 0.8136 0
1105 0.8132 0
530 0.8127 0
1058 0.8067 0
1219 0.8002 0
1414 0.8002 0
487 0.7992 0
1121 0.7884 0
172 0.7879 0
284 0.7788 0
1740 0.7757 0
694 0.7714 0
501 0.7685 0
479 0.7636 0
785 0.7598 0
1599 0.7597 0
94 0.7536 0
760 0.7458 0
1090 0.7399 0
1675 0.7374 0
635 0.7242 0
1290 0.7237 0
647 0.7204 0
953 0.7203 0
513 0.7182 0
1093 0.7029 0
1024 0.7006 0
1229 0.6978 0
1435 0.6974 0
1985 0.6941 0
1221 0.6919 0
1055 0.6805 0
333 0.6793 0
951 0.6763 0
1995 0.6711 0
664 0.6676 0
1073 0.6557 0
1680 0.6413 0
1224 0.6266 0
1115 0.6201 0
0 0.6125 0
419 0.6110 0
835 0.5987 0
1941 0.5986 0
82 0.5978 0
1362 0.5969 0
1643 0.5911 0
408 0.5809 0
1200 0.5714 0
813 0.5713 0
548 0.5643 0
1240 0.5594 0
451 0.5570 0
214 0.5407 0
1061 0.5379 0
1125 0.5374 0
1305 0.5368 0
78 0.5302 0
1751 0.5284 0
650 0.5271 0
469 0.5264 0
997 0.5155 0
1633 0.5120 0
1182 0.5105 0
517 0.5095 0
1088 0.5072 0
521 0.4952 0
1255 0.4951 0
1186 0.4932 0
980 0.4875 0
1644 0.4804 0
1103 0.4793 0
465 0.4791 0
1176 0.4567 0
505 0.4560 0
996 0.4536 0
925 0.4526 0
938 0.4469 0
1302 0.4461 0
1461 0.4436 0
45 0.4382 0
910 0.4276 0
326 0.4263 0
1193 0.4258 0
1045 0.4200 0
337 0.4190 0
1690 0.4166 0
1413 0.4163 0
1239 0.4146 0
985 0.4127 0
1331 0.4110 0
1937 0.4043 0
792 0.3946 0
633 0.3826 0
1101 0.3623 0
775 0.3561 0
1107 0.3534 0
24 0.3467 0
554 0.3391 0
970 0.3334 0
1206 0.3297 0
1452 0.3290 0
1218 0.3094 0
1930 0.3034 0
1512 0.2981 0
1335 0.2945 0
1468 0.2922 0
1371 0.2916 0
1370 0.2894 0
1637 0.2877 0
1686 0.2867 0
1341 0.2809 0
923 0.2709 0
444 0.2703 0
1670 0.2572 0
615 0.2527 0
436 0.2520 0
1438 0.2502 0
961 0.2499 0
1179 0.2410 0
1068 0.2401 0
1708 0.2378 0
1739 0.2367 0
1437 0.2319 0
1419 0.2207 0
1307 0.2084 0
1465 0.2041 0
502 0.1941 0
1382 0.1788 0
374 0.1787 0
1447 0.1775 0
1485 0.1768 0
1007 0.1755 0
1158 0.1664 0
1123 0.1616 0
583 0.1516 0
470 0.1496 0
1634 0.1496 0
544 0.1495 0
1390 0.1428 0
1689 0.1361 0
1315 0.1338 0
619 0.1295 0
1661 0.1260 0
1106 0.1245 0
1620 0.1240 0
1319 0.1153 0
628 0.1147 0
1083 0.1144 0
674 0.1116 0
72 0.1075 0
908 0.1041 0
1491 0.1003 0
987 0.0880 0
1427 0.0844 0
1962 0.0822 0
937 0.0789 0
1321 0.0692 0
1656 0.0677 0
1446 0.0627 0
924 0.0611 0
1366 0.0607 0
1096 0.0603 0
1294 0.0603 0
959 0.0596 0
1256 0.0530 0
984 0.0511 0
1498 0.0502 0
1615 0.0460 0
1109 0.0413 0
466 0.0397 0
1659 0.0369 0
1351 0.0359 0
80 0.0348 0
1455 0.0342 0
1160 0.0306 0
350 0.0272 0
1165 0.0266 0
1202 0.0251 0
1621 0.0053 0
1181 0.0007 0
677 0.0006 0
1718 -0.0027 0
1484 -0.0040 0
547 -0.0046 0
1372 -0.0098 0
132 -0.0219 0
695 -0.0276 0
1033 -0.0330 0
1707 -0.0372 0
570 -0.0382 0
952 -0.0410 0
1460 -0.0466 0
1445 -0.0538 0
780 -0.0661 0
639 -0.0668 0
678 -0.0670 0
1660 -0.0693 0
1796 -0.0756 0
47 -0.0789 0
1035 -0.0880 0
1462 -0.0892 0
827 -0.0904 0
643 -0.0930 0
1714 -0.0966 0
223 -0.1045 0
1548 -0.1143 0
903 -0.1144 0
1199 -0.1148 0
660 -0.1174 0
1342 -0.1217 0
1903 -0.1414 0
964 -0.1533 0
1713 -0.1612 0
1041 -0.1663 0
626 -0.1759 0
3 -0.1803 0
367 -0.1858 0
1585 -0.1861 0
1325 -0.1965 0
1958 -0.1979 0
1207 -0.1984 0
1744 -0.1998 0
1081 -0.2068 0
11 -0.2214 0
525 -0.2354 0
1031 -0.2414 0
950 -0.2471 0
1241 -0.2529 0
1127 -0.2536 0
1602 -0.2536 0
973 -0.2571 0
1965 -0.2590 0
1076 -0.2592 0
567 -0.2613 0
933 -0.2648 0
376 -0.2681 0
914 -0.2682 0
1481 -0.2697 0
1433 -0.2762 0
1849 -0.2765 0
573 -0.2800 0
691 -0.2801 0
918 -0.2840 0
1187 -0.2851 0
1658 -0.2895 0
555 -0.2967 0
1874 -0.2997 0
494 -0.3020 0
1209 -0.3029 0
504 -0.3091 0
160 -0.3153 0
1126 -0.3154 0
1138 -0.3164 0
1034 -0.3186 0
971 -0.3208 0
1026 -0.3211 0
1636 -0.3273 0
528 -0.3332 0
1236 -0.3344 0
1050 -0.3440 0
608 -0.3451 0
1942 -0.3462 0
1914 -0.3538 0
1604 -0.3567 0
1640 -0.3606 0
1456 -0.3655 0
1720 -0.3667 0
1421 -0.3740 0
1488 -0.3743 0
1130 -0.3898 0
993 -0.3968 0
1992 -0.4017 0
1120 -0.4133 0
974 -0.4135 0
247 -0.4157 0
224 -0.4176 0
668 -0.4178 0
1537 -0.4186 0
242 -0.4233 0
1152 -0.4248 0
251 -0.4390 0
71 -0.4442 0
899 -0.4520 1
1348 -0.4544 0
126 -0.4554 0
1728 -0.4652 0
87 -0.4657 0
28 -0.4703 0
1553 -0.4775 0
1776 -0.4789 0
201 -0.4789 0
304 -0.4793 0
415 -0.4832 0
1355 -0.4860 0
1379 -0.4976 0
230 -0.4991 0
1551 -0.5004 0
1513 -0.5015 0
612 -0.5019 0
934 -0.5078 0
1161 -0.5179 0
360 -0.5263 0
53 -0.5358 0
967 -0.5382 0
105 -0.5464 0
1004 -0.5597 0
50 -0.5613 0
404 -0.5636 0
590 -0.5817 0
106 -0.5838 0
1555 -0.5845 0
1654 -0.5867 0
1570 -0.5912 0
1652 -0.6005 0
1777 -0.6005 0
1478 -0.6013 0
213 -0.6022 0
1612 -0.6055 0
1723 -0.6067 0
1698 -0.6077 0
1281 -0.6128 0
1212 -0.6165 0
1057 -0.6209 0
627 -0.6294 0
1483 -0.6349 0
1781 -0.6361 0
1463 -0.6377 0
1143 -0.6396 0
1748 -0.6403 0
1956 -0.6412 0
1522 -0.6416 0
209 -0.6533 0
527 -0.6547 0
19 -0.6562 0
551 -0.6578 0
1037 -0.6617 0
913 -0.6675 0
1295 -0.6733 0
32 -0.6739 0
1896 -0.6781 0
699 -0.6868 0
1632 -0.6995 0
589 -0.7012 0
1334 -0.7019 0
398 -0.7033 0
646 -0.7152 0
1733 -0.7239 0
215 -0.7306 0
559 -0.7313 0
88 -0.7351 0
1350 -0.7387 0
1192 -0.7401 0
1148 -0.7476 0
420 -0.7494 0
1189 -0.7562 0
1971 -0.7646 0
433 -0.7666 0
40 -0.7861 0
1128 -0.7887 0
1385 -0.7991 0
1056 -0.8051 0
488 -0.8088 0
916 -0.8158 0
1678 -0.8185 0
912 -0.8250 0
915 -0.8268 0
498 -0.8286 0
904 -0.8320 0
1306 -0.8372 0
1203 -0.8384 0
1046 -0.8435 0
1597 -0.8444 0
204 -0.8463 0
1237 -0.8467 0
112 -0.8537 0
1509 -0.8548 0
1071 -0.8613 0
1524 -0.8621 0
1527 -0.8671 0
815 -0.8686 0
1610 -0.8688 0
434 -0.8689 0
1823 -0.8706 0
1425 -0.8731 0
1679 -0.8740 0
1797 -0.8805 0
1119 -0.8815 0
1036 -0.8830 0
1624 -0.8900 0
236 -0.9036 0
732 -0.9094 0
804 -0.9130 0
208 -0.9158 0
1854 -0.9238 0
1211 -0.9331 0
1699 -0.9359 0
1412 -0.9388 0
371 -0.9442 0
553 -0.9501 0
1869 -0.9533 0
536 -0.9671 0
1742 -0.9715 0
1978 -0.9754 0
127 -0.9844 0
1396 -0.9867 0
1694 -0.9896 0
1247 -0.9899 0
644 -0.9968 0
1909 -0.9979 0
1923 -1.0072 0
697 -1.0112 0
1111 -1.0272 0
1422 -1.0279 0
1608 -1.0285 0
1757 -1.0289 0
372 -1.0291 0
1477 -1.0339 0
706 -1.0358 0
1924 -1.0370 0
1038 -1.0391 0
1959 -1.0517 0
1645 -1.0529 0
1051 -1.0541 0
1934 -1.0624 0
693 -1.0675 0
1627 -1.0713 0
472 -1.0756 0
1622 -1.0765 0
1770 -1.0778 0
1712 -1.0999 0
969 -1.1002 0
508 -1.1288 0
1721 -1.1301 0
1454 -1.1375 0
514 -1.1398 0
1408 -1.1422 0
1991 -1.1424 0
1198 -1.1426 0
1235 -1.1433 0
1210 -1.1447 0
1866 -1.1476 0
906 -1.1551 0
1832 -1.1553 0
1208 -1.1558 0
930 -1.1678 0
1925 -1.1715 0
1603 -1.1716 0
1129 -1.1727 0
733 -1.1848 0
339 -1.1857 0
1819 -1.1875 0
1142 -1.1886 0
1761 -1.1972 0
907 -1.2042 0
597 -1.2174 0
1557 -1.2240 0
518 -1.2243 0
1352 -1.2269 0
1049 -1.2276 0
922 -1.2281 0
729 -1.2288 0
1590 -1.2338 0
1216 -1.2472 0
416 -1.2509 0
1565 -1.2510 0
1552 -1.2555 0
1642 -1.2597 0
1815 -1.2619 0
1709 -1.2620 0
249 -1.2647 0
1783 -1.2820 0
1097 -1.2866 0
222 -1.2933 0
1476 -1.2958 0
1228 -1.2981 0
66 -1.3059 0
39 -1.3161 0
819 -1.3207 0
595 -1.3264 0
89 -1.3289 0
49 -1.3389 0
672 -1.3480 0
21 -1.3634 0
75 -1.3640 0
1717 -1.3648 0
1535 -1.3694 0
1074 -1.3696 0
76 -1.3721 0
1243 -1.3731 0
598 -1.3737 0
441 -1.3755 0
988 -1.3766 0
1479 -1.3804 0
1794 -1.3808 0
4 -1.3829 0
1588 -1.3873 0
85 -1.3906 0
1423 -1.3913 0
911 -1.3942 0
1518 -1.3958 0
1220 -1.4058 0
1715 -1.4064 0
464 -1.4084 0
37 -1.4097 0
1629 -1.4148 0
580 -1.4200 0
1403 -1.4217 0
1913 -1.4250 0
438 -1.4267 0
1906 -1.4356 0
1964 -1.4359 0
1647 -1.4391 0
556 -1.4410 0
100 -1.4475 0
1532 -1.4494 0
1215 -1.4499 0
219 -1.4505 0
943 -1.4520 0
1828 -1.4632 0
99 -1.4747 0
146 -1.4747 0
663 -1.4816 0
689 -1.4818 0
636 -1.4822 0
120 -1.4935 0
1496 -1.4975 0
81 -1.5018 0
629 -1.5033 0
1014 -1.5035 0
110 -1.5080 0
192 -1.5104 0
1567 -1.5125 0
637 -1.5144 0
557 -1.5238 0
579 -1.5293 0
381 -1.5296 0
711 -1.5307 0
1919 -1.5344 0
1540 -1.5356 0
307 -1.5422 0
55 -1.5461 0
1013 -1.5501 0
397 -1.5568 0
1595 -1.5585 0
290 -1.5654 0
1753 -1.5673 0
1059 -1.5724 0
131 -1.5808 0
1681 -1.5810 0
274 -1.5840 0
1611 -1.5891 0
95 -1.5972 0
370 -1.5997 0
634 -1.6017 0
486 -1.6045 0
61 -1.6075 0
1787 -1.6083 0
1975 -1.6096 0
675 -1.6163 0
1487 -1.6171 0
421 -1.6259 0
1131 -1.6345 0
529 -1.6353 0
1217 -1.6370 0
84 -1.6477 0
1406 -1.6490 0
221 -1.6652 0
1144 -1.6685 0
1231 -1.6738 0
1824 -1.6766 0
1459 -1.6797 0
1741 -1.6799 0
1892 -1.6843 0
537 -1.6948 0
1904 -1.7043 0
1232 -1.7072 0
1470 -1.7075 0
1774 -1.7112 0
1729 -1.7126 0
1528 -1.7141 0
989 -1.7151 0
452 -1.7158 0
905 -1.7265 0
31 -1.7315 0
730 -1.7405 0
1114 -1.7442 0
586 -1.7512 0
362 -1.7532 0
926 -1.7599 0
1801 -1.7654 0
1804 -1.7668 0
654 -1.7685 0
606 -1.7725 0
1048 -1.7752 0
1638 -1.7758 0
1591 -1.7836 0
482 -1.7873 0
574 -1.7878 0
462 -1.7922 0
379 -1.7994 0
448 -1.8068 0
1508 -1.8119 0
1667 -1.8144 0
1986 -1.8193 0
1402 -1.8194 0
1054 -1.8279 0
1594 -1.8288 0
206 -1.8292 0
1882 -1.8298 0
165 -1.8390 0
1836 -1.8411 0
1782 -1.8427 0
1927 -1.8477 0
965 -1.8499 0
509 -1.8510 0
1623 -1.8604 0
74 -1.8626 0
450 -1.8672 0
1881 -1.8707 0
1149 -1.8707 0
737 -1.8732 0
622 -1.8774 0
1613 -1.8810 0
407 -1.8897 0
228 -1.8898 0
1361 -1.8960 0
1450 -1.9028 0
1357 -1.9046 0
1948 -1.9109 0
1725 -1.9271 0
1747 -1.9271 0
946 -1.9314 0
1052 -1.9402 0
709 -1.9426 0
276 -1.9540 0
665 -1.9589 0
1988 -1.9609 0
1078 -1.9637 0
1987 -1.9659 0
842 -1.9787 0
519 -1.9839 0
1810 -1.9844 0
1580 -1.9897 0
445 -1.9908 0
1495 -1.9935 0
1844 -1.9968 0
1576 -1.9986 0
375 -2.0007 0
1998 -2.0021 0
593 -2.0039 0
1884 -2.0076 0
118 -2.0089 0
1910 -2.0192 0
102 -2.0233 0
1738 -2.0235 0
69 -2.0261 0
1875 -2.0294 0
1538 -2.0374 0
811 -2.0409 0
667 -2.0442 0
1784 -2.0446 0
1616 -2.0463 0
83 -2.0477 0
1618 -2.0489 0
596 -2.0496 0
44 -2.0543 0
1825 -2.0607 0
277 -2.0624 0
1646 -2.0629 0
273 -2.0725 0
1327 -2.0761 0
1799 -2.0762 0
1831 -2.0765 0
377 -2.0796 0
1888 -2.0816 0
1860 -2.0846 0
1719 -2.0866 0
491 -2.0883 0
1649 -2.0889 0
1905 -2.0907 0
1984 -2.1008 0
1889 -2.1016 0
171 -2.1035 0
1899 -2.1072 0
91 -2.1073 0
1482 -2.1080 0
1704 -2.1116 0
723 -2.1117 0
1765 -2.1143 0
1907 -2.1176 0
148 -2.1191 0
358 -2.1270 0
1520 -2.1355 0
843 -2.1445 0
1044 -2.1496 0
652 -2.1510 0
384 -2.1518 0
67 -2.1521 0
1952 -2.1555 0
1885 -2.1576 0
262 -2.1657 0
991 -2.1679 0
920 -2.1787 0
225 -2.1828 0
584 -2.1850 0
1426 -2.1983 0
138 -2.2025 0
96 -2.2044 0
156 -2.2051 0
439 -2.2117 0
413 -2.2175 0
662 -2.2206 0
1584 -2.2269 0
1963 -2.2281 0
1705 -2.2402 0
503 -2.2416 0
976 -2.2419 0
1989 -2.2454 0
248 -2.2509 0
927 -2.2565 0
92 -2.2569 0
1688 -2.2579 0
267 -2.2595 0
979 -2.2606 0
591 -2.2638 0
1436 -2.2649 0
558 -2.2654 0
1891 -2.2661 0
1467 -2.2661 0
65 -2.2715 0
1617 -2.2744 0
1954 -2.2754 0
568 -2.2794 0
1994 -2.2819 0
1529 -2.2911 0
1911 -2.2928 0
1973 -2.3098 0
1473 -2.3142 0
623 -2.3214 0
1771 -2.3244 0
806 -2.3294 0
1204 -2.3299 0
1732 -2.3305 0
229 -2.3439 0
838 -2.3450 0
738 -2.3459 0
1416 -2.3461 0
605 -2.3468 0
1424 -2.3564 0
1609 -2.3597 0
1069 -2.3610 0
1494 -2.3656 0
1005 -2.3678 0
237 -2.3804 0
107 -2.3853 0
816 -2.3855 0
1711 -2.3872 0
1812 -2.3889 0
1568 -2.3896 0
841 -2.4064 0
534 -2.4113 0
1507 -2.4172 0
186 -2.4182 0
202 -2.4410 0
1722 -2.4456 0
1500 -2.4466 0
1813 -2.4530 0
745 -2.4544 0
902 -2.4575 0
59 -2.4577 0
1731 -2.4604 0
1214 -2.4683 0
1112 -2.4711 0
1066 -2.4712 0
837 -2.4714 0
941 -2.4720 0
613 -2.4730 0
396 -2.4770 0
1818 -2.4906 0
463 -2.4943 0
1063 -2.4944 0
254 -2.4961 0
203 -2.5021 0
1480 -2.5048 0
195 -2.5070 0
582 -2.5203 0
260 -2.5248 0
1521 -2.5262 0
289 -2.5266 0
1227 -2.5354 0
1641 -2.5366 0
30 -2.5366 0
70 -2.5424 0
789 -2.5508 0
1593 -2.5548 0
1755 -2.5653 0
1471 -2.5678 0
919 -2.5754 0
812 -2.5759 0
1873 -2.5770 0
1451 -2.5776 0
1497 -2.5799 0
1023 -2.5820 0
227 -2.5844 0
114 -2.5880 0
1519 -2.5915 0
1936 -2.5923 0
1935 -2.5978 0
820 -2.5989 0
972 -2.6002 0
655 -2.6197 0
948 -2.6310 0
359 -2.6394 0
1800 -2.6412 0
1245 -2.6419 0
412 -2.6440 0
363 -2.6510 0
352 -2.6567 0
101 -2.6586 0
928 -2.6595 0
1981 -2.6604 0
1951 -2.6651 0
1702 -2.6679 0
302 -2.6681 0
700 -2.6711 0
111 -2.6756 0
1917 -2.6823 0
1926 -2.6831 0
1767 -2.6854 0
949 -2.6855 0
25 -2.6857 0
161 -2.6880 0
167 -2.6905 0
406 -2.6915 0
136 -2.6975 0
54 -2.7004 0
395 -2.7120 0
155 -2.7121 0
720 -2.7148 0
940 -2.7222 0
1967 -2.7237 0
1312 -2.7303 0
1 -2.7340 0
1469 -2.7444 0
932 -2.7477 0
1139 -2.7522 0
1184 -2.7528 0
256 -2.7587 0
571 -2.7587 0
692 -2.7677 0
929 -2.7706 0
239 -2.7726 0
1246 -2.7757 0
143 -2.7786 0
576 -2.7797 0
1651 -2.7835 0
1558 -2.7924 0
211 -2.7974 0
986 -2.7976 0
707 -2.7981 0
125 -2.8023 0
736 -2.8049 0
168 -2.8065 0
1900 -2.8109 0
1397 -2.8171 0
485 -2.8309 0
1566 -2.8391 0
1630 -2.8443 0
1843 -2.8476 0
338 -2.8573 0
1514 -2.8636 0
1848 -2.8646 0
1868 -2.8682 0
1574 -2.8689 0
20 -2.8711 0
661 -2.8712 0
511 -2.8720 0
194 -2.8744 0
562 -2.8766 0
253 -2.8797 0
1466 -2.8806 0
1205 -2.8818 0
361 -2.8829 0
149 -2.8871 0
140 -2.8896 0
402 -2.8936 0
630 -2.9059 0
1898 -2.9081 0
389 -2.9132 0
1571 -2.9194 0
1648 -2.9200 0
1110 -2.9308 0
845 -2.9320 0
391 -2.9322 0
698 -2.9403 0
564 -2.9467 0
1915 -2.9539 0
385 -2.9559 0
356 -2.9582 0
743 -2.9712 0
1530 -2.9776 0
432 -2.9785 0
442 -2.9791 0
945 -2.9795 0
174 -2.9828 0
240 -2.9830 0
1549 -2.9845 0
1727 -2.9882 0
1474 -2.9911 0
1561 -2.9911 0
109 -3.0051 0
1857 -3.0065 0
1625 -3.0080 0
234 -3.0081 0
658 -3.0106 0
1876 -3.0116 0
354 -3.0120 0
1734 -3.0156 0
705 -3.0186 0
632 -3.0202 0
620 -3.0203 0
531 -3.0256 0
1983 -3.0294 0
443 -3.0343 0
683 -3.0365 0
122 -3.0409 0
1908 -3.0444 0
382 -3.0500 0
104 -3.0560 0
8 -3.0612 0
151 -3.0625 0
135 -3.0657 0
1021 -3.0718 0
429 -3.0723 0
823 -3.0768 0
1855 -3.0772 0
690 -3.0775 0
685 -3.0777 0
1233 -3.0800 0
1996 -3.0801 0
1562 -3.0883 0
232 -3.0996 0
1790 -3.0999 0
169 -3.1002 0
679 -3.1007 0
1493 -3.1135 0
77 -3.1230 0
599 -3.1262 0
282 -3.1292 0
1791 -3.1332 0
1980 -3.1379 0
366 -3.1432 0
1766 -3.1437 0
108 -3.1479 0
57 -3.1483 0
656 -3.1491 0
1752 -3.1502 0
130 -3.1513 0
207 -3.1516 0
1506 -3.1562 0
735 -3.1954 0
193 -3.1973 0
1545 -3.2039 0
1499 -3.2059 0
147 -3.2078 0
832 -3.2079 0
1820 -3.2121 0
1092 -3.2215 0
717 -3.2229 0
218 -3.2240 0
1581 -3.2319 0
1867 -3.2381 0
417 -3.2382 0
1845 -3.2479 0
550 -3.2487 0
1999 -3.2537 0
834 -3.2592 0
1779 -3.2647 0
506 -3.2694 0
1940 -3.2710 0
1492 -3.2764 0
1786 -3.2824 0
424 -3.2983 0
141 -3.2995 0
1814 -3.3006 0
1826 -3.3099 0
671 -3.3366 0
1082 -3.3386 0
1534 -3.3571 0
353 -3.3620 0
1760 -3.3678 0
387 -3.3697 0
1901 -3.3808 0
243 -3.3817 0
296 -3.3833 0
651 -3.3845 0
1587 -3.3849 0
51 -3.4026 0
128 -3.4068 0
1842 -3.4122 0
1735 -3.4129 0
1916 -3.4145 0
1955 -3.4314 0
446 -3.4373 0
388 -3.4416 0
1086 -3.4474 0
1871 -3.4479 0
133 -3.4516 0
1596 -3.4662 0
1862 -3.4736 0
380 -3.4775 0
244 -3.4859 0
123 -3.4898 0
1969 -3.4915 0
1789 -3.4920 0
1743 -3.4980 0
18 -3.5020 0
199 -3.5027 0
825 -3.5050 0
220 -3.5071 0
1773 -3.5091 0
1929 -3.5105 0
1922 -3.5165 0
1932 -3.5199 0
1399 -3.5310 0
179 -3.5332 0
719 -3.5450 0
238 -3.5522 0
27 -3.5554 0
121 -3.5601 0
113 -3.5609 0
15 -3.5620 0
1550 -3.5649 0
383 -3.5665 0
808 -3.5714 0
399 -3.5892 0
93 -3.5923 0
368 -3.6222 0
427 -3.6329 0
990 -3.6379 0
1966 -3.6425 0
1353 -3.6541 0
725 -3.6632 0
1865 -3.6658 0
1877 -3.6678 0
1311 -3.6699 0
351 -3.6708 0
687 -3.6738 0
1944 -3.6775 0
1803 -3.6850 0
1077 -3.6885 0
710 -3.6987 0
1856 -3.7021 0
212 -3.7029 0
1762 -3.7037 0
134 -3.7093 0
278 -3.7105 0
561 -3.7121 0
1993 -3.7222 0
400 -3.7225 0
1890 -3.7371 0
1778 -3.7372 0
1775 -3.7430 0
1817 -3.7502 0
226 -3.7528 0
676 -3.7532 0
1737 -3.7540 0
1542 -3.7585 0
34 -3.7822 0
152 -3.7845 0
1840 -3.7989 0
746 -3.8001 0
839 -3.8013 0
392 -3.8047 0
1928 -3.8124 0
1098 -3.8251 0
1943 -3.8289 0
1546 -3.8340 0
1511 -3.8399 0
601 -3.8466 0
1851 -3.8475 0
364 -3.8524 0
1569 -3.8675 0
1745 -3.8687 0
1945 -3.8698 0
1758 -3.8714 0
142 -3.8718 0
1949 -3.8814 0
255 -3.8858 0
1895 -3.8989 0
1598 -3.9048 0
742 -3.9073 0
814 -3.9083 0
1785 -3.9091 0
731 -3.9201 0
1746 -3.9262 0
648 -3.9450 0
1583 -3.9570 0
403 -3.9619 0
60 -3.9706 0
670 -3.9739 0
1795 -3.9783 0
1816 -3.9873 0
414 -3.9883 0
418 -3.9926 0
1912 -3.9945 0
153 -3.9977 0
298 -4.0053 0
1230 -4.0126 0
1763 -4.0181 0
1931 -4.0194 0
386 -4.0202 0
701 -4.0217 0
594 -4.0246 0
355 -4.0248 0
935 -4.0386 0
210 -4.0636 0
1918 -4.0664 0
1579 -4.0707 0
117 -4.0713 0
365 -4.0831 0
713 -4.0945 0
1863 -4.0956 0
724 -4.0968 0
245 -4.1045 0
410 -4.1165 0
1798 -4.1501 0
702 -4.1502 0
821 -4.1513 0
292 -4.1545 0
9 -4.1551 0
393 -4.1572 0
686 -4.1584 0
1897 -4.1676 0
809 -4.1707 0
1833 -4.1771 0
718 -4.2012 0
266 -4.2067 0
749 -4.2068 0
807 -4.2075 0
272 -4.2112 0
1879 -4.2130 0
1592 -4.2135 0
1544 -4.2167 0
411 -4.2688 0
26 -4.2712 0
1821 -4.2736 0
1517 -4.2806 0
1950 -4.2807 0
98 -4.2857 0
188 -4.2917 0
182 -4.3096 0
216 -4.3196 0
722 -4.3221 0
1730 -4.3267 0
1920 -4.3336 0
177 -4.3369 0
35 -4.3389 0
1536 -4.3421 0
1822 -4.3494 0
740 -4.3574 0
124 -4.3606 0
1974 -4.3645 0
285 -4.3687 0
840 -4.3688 0
183 -4.3855 0
1756 -4.3867 0
836 -4.4042 0
688 -4.4070 0
13 -4.4166 0
739 -4.4301 0
1582 -4.4459 0
1701 -4.4535 0
1706 -4.4575 0
748 -4.4633 0
1554 -4.4635 0
1979 -4.4809 0
90 -4.4845 0
805 -4.4929 0
1531 -4.4951 0
947 -4.4979 0
680 -4.4996 0
587 -4.5019 0
166 -4.5128 0
802 -4.5153 0
1486 -4.5194 0
17 -4.5250 0
265 -4.5316 0
1990 -4.5322 0
150 -4.5381 0
515 -4.5462 0
1533 -4.5508 0
844 -4.5702 0
728 -4.5808 0
721 -4.6062 0
1837 -4.6064 0
180 -4.6073 0
1835 -4.6195 0
696 -4.6286 0
394 -4.6343 0
1893 -4.6509 0
1750 -4.6523 0
233 -4.6537 0
939 -4.6538 0
1515 -4.6560 0
1788 -4.6577 0
1703 -4.6774 0
577 -4.6894 0
833 -4.6922 0
158 -4.7082 0
831 -4.7106 0
246 -4.7323 0
447 -4.7370 0
41 -4.7614 0
10 -4.7615 0
261 -4.7683 0
115 -4.7767 0
231 -4.7846 0
1894 -4.7964 0
116 -4.7975 0
205 -4.8146 0
1759 -4.8157 0
1961 -4.8328 0
1559 -4.8470 0
1516 -4.8580 0
645 -4.8607 0
1886 -4.8642 0
119 -4.8672 0
829 -4.8744 0
279 -4.8916 0
357 -4.8985 0
1947 -4.9041 0
828 -4.9268 0
1972 -4.9300 0
293 -4.9313 0
1861 -4.9392 0
22 -4.9477 0
56 -4.9494 0
1458 -4.9588 0
291 -4.9657 0
63 -4.9820 0
1504 -4.9905 0
1606 -4.9909 0
1764 -4.9942 0
684 -4.9999 0
1938 -5.0032 0
585 -5.0063 0
1578 -5.0130 0
64 -5.0183 0
1946 -5.0233 0
217 -5.0429 0
810 -5.0489 0
1586 -5.0681 0
826 -5.0700 0
822 -5.0746 0
7 -5.0757 0
423 -5.0782 0
1887 -5.0908 0
159 -5.0915 0
259 -5.0941 0
848 -5.1307 0
456 -5.1648 0
258 -5.1655 0
1839 -5.1667 0
1982 -5.1797 0
196 -5.1851 0
1858 -5.1930 0
1525 -5.2277 0
1560 -5.2349 0
1847 -5.2474 0
917 -5.2553 0
1970 -5.2571 0
1902 -5.2681 0
1864 -5.2802 0
1997 -5.2934 0
1213 -5.3024 0
1957 -5.3211 0
275 -5.3328 0
659 -5.3598 0
817 -5.3620 0
294 -5.3636 0
901 -5.3706 0
144 -5.3722 0
712 -5.3754 0
145 -5.3811 0
401 -5.3916 0
1053 -5.4010 0
268 -5.4034 0
1556 -5.4056 0
409 -5.4113 0
1852 -5.4371 0
1780 -5.4457 0
287 -5.4515 0
157 -5.4554 0
726 -5.4626 0
727 -5.4800 0
1976 -5.4930 0
435 -5.5023 0
264 -5.5145 0
673 -5.5239 0
280 -5.5383 0
390 -5.5586 0
154 -5.5681 0
1834 -5.5743 0
252 -5.5950 0
1526 -5.5962 0
716 -5.6003 0
1792 -5.6054 0
1859 -5.6186 0
1754 -5.6193 0
1968 -5.6378 0
270 -5.6654 0
405 -5.6696 0
139 -5.6721 0
187 -5.6845 0
1503 -5.6857 0
1464 -5.6859 0
137 -5.6928 0
190 -5.6997 0
440 -5.7172 0
708 -5.7221 0
1960 -5.7346 0
703 -5.7585 0
734 -5.7610 0
1768 -5.7733 0
1772 -5.7785 0
1523 -5.7796 0
286 -5.7990 0
170 -5.7991 0
1510 -5.8150 0
288 -5.8269 0
1577 -5.8308 0
1939 -5.8562 0
189 -5.8562 0
176 -5.8844 0
1572 -5.8906 0
681 -5.9259 0
175 -5.9422 0
552 -5.9457 0
129 -5.9591 0
936 -5.9923 0
532 -5.9960 0
263 -6.0247 0
1541 -6.0249 0
178 -6.0451 0
1626 -6.0599 0
1827 -6.0682 0
1563 -6.0714 0
257 -6.1165 0
800 -6.1175 0
281 -6.1226 0
714 -6.1329 0
801 -6.1828 0
1829 -6.1928 0
62 -6.2072 0
747 -6.2246 0
741 -6.2247 0
173 -6.2291 0
653 -6.2611 0
197 -6.2655 0
682 -6.2841 0
198 -6.3126 0
1880 -6.3381 0
666 -6.3399 0
1853 -6.3402 0
1830 -6.3912 0
191 -6.3954 0
1589 -6.4554 0
1793 -6.4892 0
1539 -6.5996 0
181 -6.6189 0
1805 -6.6571 0
271 -6.6888 0
1806 -6.7058 0
295 -6.7252 0
164 -6.7406 0
824 -6.7473 0
162 -6.8137 0
744 -6.8491 0
818 -6.9126 0
1878 -6.9487 0
704 -6.9763 0
1850 -7.0623 0
185 -7.0703 0
715 -7.1365 0
163 -7.1565 0
1872 -7.1846 0
1802 -7.3208 0
1838 -7.4844 0
1808 -7.4891 0
1809 -7.5308 0
269 -7.6657 0
283 -7.7137 0
1811 -7.7778 0
250 -7.8039 0
847 -7.9239 0
563 -8.1102 0
830 -8.6755 0
297 -8.8310 0
669 -9.2048 0
