907 28.6395 1
935 25.3490 1
918 24.7681 1
905 24.5582 1
911 24.0339 1
943 23.3547 1
948 22.0383 1
939 21.6115 1
946 21.1424 1
928 21.0793 1
917 20.8204 1
933 20.7542 1
941 19.9807 1
901 19.4993 1
920 18.7202 1
926 18.2272 1
906 17.2061 1
949 17.0408 1
931 16.7350 1
825 16.6738 0
909 16.5087 1
929 16.3349 1
902 14.8906 1
922 14.7122 1
904 14.6263 1
826 14.5183 0
903 14.2287 1
936 13.6347 1
947 13.4533 1
919 12.9007 1
944 12.5452 1
921 12.5122 1
427 12.4367 0
908 12.2918 1
428 12.1197 0
660 12.0396 0
925 11.9056 1
923 11.8566 1
900 11.7835 1
932 11.6611 1
937 11.6540 1
401 11.5955 0
910 11.5493 1
421 11.2566 0
806 11.0616 0
400 10.9776 0
439 10.7892 0
942 10.7585 1
938 10.4515 1
402 10.4159 0
915 10.3559 1
914 10.2122 1
379 9.8488 0
847 9.3851 0
838 9.1686 0
912 9.1236 1
913 9.0135 1
817 8.8253 0
1226 8.8083 0
587 8.7021 0
1089 8.6558 0
430 8.6164 0
1093 8.6019 0
422 8.5906 0
448 8.5427 0
665 8.4591 0
1884 8.4168 0
874 8.3866 0
445 8.3415 0
927 8.3145 1
814 8.3025 0
354 8.2325 0
557 8.1271 0
805 8.0644 0
417 8.0631 0
1079 8.0569 0
711 8.0457 0
821 7.9071 0
940 7.8995 1
551 7.8461 0
442 7.7953 0
945 7.7736 1
438 7.6407 0
816 7.6281 0
579 7.5824 0
435 7.5552 0
845 7.5202 0
819 7.4433 0
423 7.4166 0
550 7.3948 0
412 7.3508 0
572 7.2922 0
1071 7.2168 0
432 7.2071 0
366 7.1853 0
924 7.1679 1
1037 7.1656 0
808 7.1398 0
440 7.1299 0
409 7.0773 0
394 7.0503 0
418 7.0088 0
532 7.0025 0
576 6.9802 0
1094 6.9560 0
696 6.9447 0
790 6.9018 0
732 6.7894 0
820 6.7890 0
916 6.6690 1
1090 6.6569 0
809 6.5824 0
411 6.5258 0
754 6.4900 0
443 6.4793 0
1429 6.4497 0
810 6.4418 0
425 6.3631 0
407 6.3414 0
353 6.3191 0
563 6.2467 0
812 6.2335 0
761 6.1870 0
1099 6.1628 0
429 6.1065 0
416 6.0815 0
1116 6.0433 0
846 5.9990 0
934 5.9216 1
413 5.9100 0
839 5.8733 0
1160 5.8711 0
405 5.8708 0
682 5.8269 0
843 5.7328 0
1076 5.7322 0
1870 5.6840 0
498 5.6562 0
1399 5.6450 0
1408 5.6170 0
1713 5.6160 0
1006 5.6145 0
849 5.5657 0
930 5.5538 1
493 5.5418 0
834 5.5137 0
447 5.4335 0
782 5.4243 0
1957 5.4204 0
363 5.4144 0
521 5.4136 0
1026 5.3822 0
1067 5.3755 0
492 5.3590 0
446 5.3544 0
700 5.3255 0
598 5.2815 0
733 5.2498 0
570 5.2362 0
1409 5.2341 0
589 5.2153 0
414 5.1762 0
791 5.1571 0
672 5.1288 0
410 5.1006 0
364 5.0617 0
133 5.0587 0
1048 5.0522 0
1077 5.0304 0
670 5.0150 0
327 4.9936 0
841 4.9743 0
755 4.8944 0
556 4.8794 0
1126 4.8490 0
226 4.8451 0
465 4.8142 0
565 4.7802 0
1003 4.7720 0
1083 4.7616 0
434 4.7211 0
558 4.7029 0
658 4.6848 0
437 4.6499 0
1708 4.6435 0
384 4.6152 0
399 4.6068 0
889 4.6030 0
1492 4.6025 0
554 4.5959 0
683 4.5957 0
869 4.5684 0
811 4.5645 0
390 4.5602 0
1073 4.5600 0
592 4.5548 0
1087 4.4820 0
801 4.4816 0
433 4.4813 0
594 4.4697 0
595 4.4520 0
831 4.4373 0
848 4.4339 0
1726 4.4016 0
746 4.3880 0
214 4.3603 0
240 4.3468 0
1548 4.3255 0
894 4.3097 0
510 4.3091 0
580 4.2949 0
1106 4.2749 0
383 4.2712 0
1739 4.2603 0
365 4.2588 0
1741 4.2474 0
1110 4.2366 0
1216 4.2259 0
1220 4.2230 0
757 4.2134 0
1938 4.2033 0
798 4.2015 0
420 4.1598 0
1501 4.1473 0
419 4.1462 0
1055 4.1416 0
66 4.1400 0
1329 4.1383 0
1225 4.1152 0
835 4.1138 0
359 4.1126 0
382 4.0996 0
804 4.0791 0
1061 4.0578 0
864 4.0259 0
356 4.0248 0
7 4.0173 0
1731 4.0122 0
547 4.0074 0
813 4.0070 0
1907 3.9997 0
552 3.9981 0
1334 3.9830 0
1327 3.9821 0
1976 3.9632 0
477 3.9492 0
1478 3.9263 0
1941 3.9243 0
734 3.9242 0
1498 3.9112 0
1299 3.8948 0
351 3.8880 0
1416 3.8867 0
1681 3.8783 0
1054 3.8720 0
1084 3.8660 0
1227 3.8653 0
562 3.8460 0
244 3.8391 0
1283 3.8254 0
396 3.8232 0
441 3.8202 0
1906 3.8199 0
956 3.8070 0
829 3.8026 0
1053 3.7935 0
444 3.7848 0
1468 3.7841 0
302 3.7742 0
130 3.7677 0
481 3.7645 0
494 3.7472 0
802 3.7259 0
715 3.7153 0
223 3.6965 0
880 3.6867 0
568 3.6867 0
1072 3.6737 0
1707 3.6716 0
1033 3.6702 0
385 3.6617 0
1095 3.6558 0
1700 3.6459 0
1847 3.6397 0
678 3.6368 0
707 3.6090 0
1034 3.5942 0
537 3.5939 0
1075 3.5912 0
593 3.5864 0
588 3.5851 0
295 3.5628 0
488 3.5595 0
865 3.5566 0
1538 3.5414 0
1543 3.5402 0
764 3.5351 0
842 3.5340 0
666 3.5294 0
720 3.5234 0
953 3.5159 0
710 3.5129 0
1455 3.4849 0
1704 3.4634 0
1724 3.4564 0
1140 3.4543 0
664 3.4515 0
1483 3.4425 0
818 3.4333 0
705 3.4251 0
1886 3.4206 0
596 3.4163 0
872 3.4101 0
799 3.4055 0
1056 3.3958 0
738 3.3823 0
1064 3.3525 0
1902 3.3364 0
1474 3.3153 0
238 3.2931 0
509 3.2902 0
126 3.2898 0
669 3.2870 0
1481 3.2830 0
324 3.2822 0
870 3.2800 0
583 3.2368 0
824 3.2338 0
1852 3.2281 0
698 3.2248 0
1256 3.2208 0
1069 3.2201 0
815 3.2199 0
380 3.2191 0
858 3.2169 0
1250 3.2032 0
898 3.2004 0
850 3.1967 0
1930 3.1929 0
1057 3.1915 0
1879 3.1840 0
519 3.1833 0
1251 3.1829 0
1052 3.1693 0
478 3.1638 0
4 3.1494 0
322 3.1451 0
1141 3.1268 0
708 3.1239 0
990 3.1189 0
763 3.0912 0
1243 3.0857 0
337 3.0579 0
830 3.0421 0
786 3.0320 0
663 3.0273 0
309 3.0119 0
1206 3.0069 0
1887 3.0053 0
1092 3.0021 0
300 2.9996 0
674 2.9990 0
306 2.9986 0
787 2.9974 0
875 2.9844 0
793 2.9746 0
1345 2.9662 0
408 2.9657 0
857 2.9647 0
329 2.9635 0
1059 2.9607 0
751 2.9593 0
1201 2.9538 0
1344 2.9383 0
569 2.9295 0
1232 2.9270 0
1135 2.9257 0
1109 2.9179 0
1133 2.8974 0
662 2.8850 0
301 2.8743 0
844 2.8702 0
1736 2.8680 0
573 2.8649 0
628 2.8631 0
147 2.8611 0
1674 2.8582 0
780 2.8573 0
699 2.8436 0
1100 2.8293 0
1063 2.8192 0
879 2.8185 0
1864 2.8156 0
1336 2.8147 0
386 2.8066 0
559 2.8063 0
899 2.7829 0
1813 2.7724 0
330 2.7601 0
1655 2.7566 0
641 2.7361 0
58 2.7356 0
1740 2.7307 0
415 2.7307 0
1990 2.7167 0
1096 2.7144 0
585 2.7135 0
776 2.7123 0
393 2.6975 0
1527 2.6880 0
1242 2.6811 0
371 2.6735 0
769 2.6670 0
1585 2.6612 0
94 2.6581 0
832 2.6311 0
1247 2.6293 0
803 2.6289 0
822 2.6153 0
1320 2.6106 0
1667 2.6043 0
1241 2.6040 0
1233 2.6033 0
143 2.6004 0
207 2.5984 0
1532 2.5973 0
307 2.5966 0
773 2.5887 0
1357 2.5878 0
79 2.5767 0
313 2.5693 0
1410 2.5666 0
1845 2.5633 0
479 2.5624 0
795 2.5532 0
807 2.5509 0
697 2.5366 0
1418 2.5289 0
1068 2.5206 0
516 2.5130 0
1463 2.5118 0
721 2.5084 0
67 2.5067 0
1098 2.5034 0
202 2.4892 0
828 2.4818 0
424 2.4801 0
403 2.4748 0
1834 2.4669 0
1806 2.4643 0
759 2.4626 0
752 2.4561 0
1466 2.4470 0
728 2.4452 0
716 2.4382 0
717 2.4321 0
724 2.4302 0
213 2.4046 0
1209 2.3978 0
1719 2.3778 0
1561 2.3746 0
1716 2.3684 0
597 2.3675 0
771 2.3641 0
590 2.3621 0
1541 2.3516 0
114 2.3482 0
882 2.3474 0
1196 2.3439 0
823 2.3354 0
1275 2.3146 0
287 2.3094 0
581 2.3089 0
1431 2.2913 0
1875 2.2729 0
482 2.2729 0
340 2.2695 0
1036 2.2574 0
1670 2.2537 0
389 2.2515 0
71 2.2507 0
1013 2.2462 0
1709 2.2354 0
1163 2.2303 0
681 2.2295 0
1800 2.2221 0
553 2.2193 0
1188 2.2170 0
533 2.2098 0
252 2.1962 0
1861 2.1910 0
338 2.1771 0
1065 2.1755 0
1114 2.1723 0
335 2.1723 0
1895 2.1667 0
800 2.1638 0
661 2.1436 0
1267 2.1389 0
856 2.1336 0
1316 2.1325 0
1441 2.1321 0
1142 2.1302 0
1413 2.1265 0
1058 2.1258 0
748 2.1254 0
503 2.1252 0
702 2.1245 0
1934 2.1168 0
861 2.1154 0
101 2.1121 0
564 2.0915 0
355 2.0898 0
471 2.0881 0
1703 2.0834 0
975 2.0749 0
1592 2.0472 0
1310 2.0425 0
1128 2.0384 0
1669 2.0370 0
321 2.0323 0
1210 2.0310 0
1 2.0239 0
1829 2.0037 0
1023 2.0016 0
1516 2.0003 0
620 1.9915 0
648 1.9825 0
1454 1.9801 0
361 1.9750 0
560 1.9666 0
1725 1.9582 0
1747 1.9582 0
739 1.9582 0
743 1.9518 0
1315 1.9458 0
686 1.9456 0
1878 1.9380 0
1664 1.9329 0
685 1.9287 0
1880 1.9254 0
765 1.9251 0
1051 1.9201 0
1443 1.9187 0
1207 1.9140 0
1124 1.9079 0
125 1.9002 0
1208 1.8966 0
890 1.8959 0
1475 1.8835 0
1030 1.8817 0
146 1.8750 0
954 1.8705 0
637 1.8655 0
1889 1.8604 0
837 1.8592 0
614 1.8587 0
1937 1.8573 0
1314 1.8573 0
1520 1.8528 0
92 1.8512 0
1846 1.8489 0
1426 1.8410 0
1535 1.8393 0
566 1.8289 0
599 1.8263 0
1088 1.8103 0
784 1.8097 0
1620 1.8021 0
1414 1.7957 0
1167 1.7949 0
1351 1.7920 0
1737 1.7914 0
1533 1.7838 0
303 1.7812 0
1303 1.7762 0
392 1.7730 0
193 1.7725 0
1097 1.7669 0
1103 1.7610 0
431 1.7597 0
47 1.7581 0
172 1.7530 0
1081 1.7524 0
20 1.7428 0
480 1.7427 0
680 1.7422 0
282 1.7393 0
1011 1.7353 0
1574 1.7271 0
1586 1.7270 0
1712 1.7225 0
1091 1.7195 0
1049 1.7193 0
571 1.7191 0
679 1.7158 0
1710 1.7155 0
459 1.7145 0
73 1.7144 0
1771 1.7080 0
1697 1.7010 0
44 1.6932 0
1347 1.6869 0
86 1.6832 0
470 1.6770 0
794 1.6683 0
1511 1.6664 0
584 1.6533 0
1972 1.6511 0
271 1.6438 0
1531 1.6426 0
1803 1.6388 0
1282 1.6364 0
625 1.6332 0
1004 1.6322 0
1757 1.6314 0
426 1.6309 0
460 1.6158 0
555 1.6126 0
591 1.5944 0
1339 1.5937 0
1156 1.5837 0
182 1.5784 0
871 1.5706 0
1702 1.5700 0
1237 1.5578 0
507 1.5520 0
406 1.5519 0
1738 1.5490 0
1212 1.5380 0
866 1.5337 0
1270 1.5328 0
436 1.5322 0
195 1.5301 0
1300 1.5249 0
635 1.5189 0
368 1.5161 0
1967 1.5156 0
1312 1.5143 0
152 1.5102 0
1985 1.5102 0
1175 1.5027 0
269 1.4955 0
168 1.4941 0
675 1.4940 0
575 1.4851 0
1694 1.4786 0
1131 1.4761 0
714 1.4735 0
1839 1.4680 0
762 1.4661 0
326 1.4544 0
50 1.4526 0
315 1.4518 0
1230 1.4495 0
68 1.4493 0
781 1.4481 0
622 1.4462 0
695 1.4458 0
1652 1.4412 0
1688 1.4371 0
1546 1.4301 0
1966 1.4282 0
491 1.4230 0
52 1.4222 0
1205 1.4214 0
247 1.4202 0
1012 1.4135 0
1415 1.4120 0
1136 1.4120 0
1292 1.4116 0
323 1.4099 0
1651 1.4055 0
836 1.4036 0
333 1.4005 0
1459 1.3954 0
1982 1.3940 0
1859 1.3923 0
632 1.3824 0
1062 1.3820 0
1929 1.3793 0
1149 1.3725 0
1874 1.3693 0
1912 1.3662 0
291 1.3651 0
1177 1.3645 0
1850 1.3584 0
1917 1.3578 0
377 1.3544 0
1105 1.3482 0
1199 1.3463 0
527 1.3355 0
775 1.3352 0
1284 1.3314 0
854 1.3238 0
892 1.3209 0
499 1.3191 0
1018 1.3063 0
1373 1.3055 0
1385 1.3027 0
1653 1.3007 0
84 1.2965 0
1490 1.2914 0
243 1.2891 0
668 1.2887 0
1723 1.2884 0
1470 1.2846 0
154 1.2798 0
1271 1.2754 0
129 1.2703 0
545 1.2567 0
659 1.2512 0
206 1.2505 0
1001 1.2504 0
49 1.2504 0
1513 1.2438 0
236 1.2362 0
897 1.2301 0
1217 1.2267 0
317 1.2250 0
1398 1.2222 0
1935 1.2154 0
789 1.2125 0
1112 1.2051 0
1749 1.2047 0
216 1.1981 0
13 1.1960 0
1452 1.1907 0
729 1.1900 0
318 1.1863 0
760 1.1854 0
1456 1.1854 0
1701 1.1817 0
1721 1.1750 0
963 1.1730 0
1444 1.1727 0
319 1.1722 0
1240 1.1712 0
304 1.1709 0
1462 1.1676 0
1735 1.1675 0
1046 1.1658 0
712 1.1656 0
735 1.1653 0
1493 1.1644 0
740 1.1627 0
104 1.1615 0
1987 1.1599 0
1817 1.1541 0
725 1.1518 0
531 1.1502 0
350 1.1333 0
1634 1.1309 0
1194 1.1263 0
241 1.1248 0
485 1.1237 0
1919 1.1235 0
1545 1.1165 0
115 1.1070 0
1958 1.1055 0
1893 1.0998 0
395 1.0929 0
1394 1.0815 0
753 1.0798 0
1458 1.0738 0
1523 1.0668 0
1734 1.0657 0
369 1.0623 0
1717 1.0619 0
1954 1.0587 0
1526 1.0584 0
404 1.0581 0
1017 1.0502 0
25 1.0482 0
1321 1.0472 0
1238 1.0415 0
1841 1.0376 0
758 1.0323 0
1203 1.0322 0
1951 1.0269 0
979 1.0198 0
1129 1.0143 0
895 1.0135 0
952 1.0095 0
971 1.0082 0
357 1.0082 0
257 1.0052 0
689 1.0042 0
388 1.0033 0
709 0.9939 0
827 0.9746 0
123 0.9659 0
1539 0.9651 0
1732 0.9554 0
1080 0.9521 0
215 0.9444 0
535 0.9429 0
1171 0.9418 0
1228 0.9380 0
312 0.9372 0
375 0.9358 0
863 0.9343 0
544 0.9266 0
142 0.9240 0
264 0.9163 0
650 0.9146 0
1999 0.9086 0
173 0.9036 0
1029 0.9036 0
676 0.9035 0
1440 0.9006 0
1014 0.9003 0
1280 0.9000 0
779 0.8995 0
770 0.8928 0
741 0.8844 0
239 0.8800 0
454 0.8692 0
1499 0.8608 0
358 0.8583 0
693 0.8561 0
235 0.8523 0
200 0.8473 0
174 0.8425 0
1337 0.8420 0
1254 0.8418 0
391 0.8386 0
308 0.8362 0
992 0.8358 0
476 0.8325 0
1824 0.8316 0
777 0.8284 0
296 0.8277 0
1675 0.8222 0
1728 0.8181 0
455 0.8171 0
1035 0.8109 0
1521 0.8088 0
1471 0.8069 0
99 0.8028 0
690 0.8021 0
1333 0.7879 0
962 0.7865 0
1255 0.7792 0
1161 0.7782 0
1922 0.7778 0
796 0.7765 0
1430 0.7685 0
1959 0.7679 0
667 0.7676 0
1890 0.7588 0
1145 0.7553 0
483 0.7450 0
1495 0.7445 0
1305 0.7427 0
1891 0.7420 0
1837 0.7401 0
1714 0.7377 0
980 0.7338 0
166 0.7316 0
1928 0.7300 0
18 0.7259 0
1297 0.7244 0
1390 0.7187 0
995 0.7184 0
1729 0.7158 0
1005 0.6991 0
1435 0.6988 0
367 0.6933 0
1665 0.6918 0
1266 0.6854 0
859 0.6827 0
582 0.6826 0
109 0.6789 0
96 0.6598 0
203 0.6574 0
742 0.6470 0
1388 0.6464 0
1108 0.6438 0
183 0.6397 0
191 0.6389 0
299 0.6366 0
297 0.6357 0
1078 0.6340 0
1619 0.6338 0
1706 0.6334 0
1342 0.6268 0
1130 0.6218 0
1672 0.6149 0
325 0.6123 0
749 0.6066 0
1028 0.6065 0
1422 0.6061 0
586 0.5939 0
451 0.5903 0
687 0.5804 0
1000 0.5775 0
1245 0.5750 0
262 0.5690 0
1169 0.5657 0
524 0.5637 0
657 0.5597 0
1024 0.5546 0
349 0.5538 0
1810 0.5511 0
1482 0.5511 0
1832 0.5499 0
1371 0.5488 0
1066 0.5474 0
881 0.5439 0
285 0.5432 0
1955 0.5412 0
1992 0.5410 0
1496 0.5408 0
1612 0.5387 0
766 0.5332 0
97 0.5329 0
1359 0.5316 0
336 0.5315 0
1404 0.5304 0
1154 0.5260 0
1696 0.5252 0
1512 0.5200 0
1330 0.5163 0
1945 0.5162 0
1348 0.5067 0
163 0.4959 0
567 0.4895 0
1019 0.4851 0
788 0.4843 0
633 0.4830 0
607 0.4807 0
199 0.4663 0
352 0.4654 0
1964 0.4635 0
1218 0.4631 0
747 0.4617 0
1873 0.4563 0
1515 0.4532 0
991 0.4519 0
360 0.4495 0
512 0.4481 0
1787 0.4468 0
1450 0.4397 0
673 0.4352 0
320 0.4330 0
888 0.4316 0
210 0.4297 0
1113 0.4292 0
246 0.4289 0
1811 0.4216 0
387 0.4210 0
131 0.4113 0
283 0.4046 0
1311 0.4003 0
694 0.3992 0
1467 0.3971 0
1969 0.3945 0
1815 0.3865 0
727 0.3771 0
495 0.3753 0
157 0.3743 0
1897 0.3669 0
883 0.3655 0
577 0.3617 0
1191 0.3611 0
1214 0.3551 0
1162 0.3519 0
1148 0.3496 0
1981 0.3491 0
63 0.3481 0
1727 0.3464 0
1524 0.3415 0
574 0.3386 0
316 0.3377 0
1244 0.3375 0
1500 0.3354 0
175 0.3339 0
1365 0.3296 0
1437 0.3240 0
275 0.3158 0
756 0.3131 0
1082 0.3077 0
578 0.3038 0
1947 0.2997 0
145 0.2989 0
461 0.2948 0
458 0.2911 0
17 0.2871 0
1189 0.2857 0
220 0.2846 0
277 0.2833 0
137 0.2821 0
1489 0.2795 0
205 0.2769 0
374 0.2722 0
1860 0.2599 0
1472 0.2583 0
331 0.2564 0
362 0.2557 0
1197 0.2488 0
62 0.2452 0
134 0.2447 0
1970 0.2402 0
1544 0.2393 0
1881 0.2375 0
1289 0.2361 0
136 0.2346 0
1022 0.2280 0
1998 0.2245 0
1743 0.2228 0
1293 0.2206 0
162 0.2152 0
85 0.2146 0
1529 0.2124 0
974 0.2121 0
1573 0.2110 0
745 0.2094 0
61 0.2076 0
118 0.2066 0
1433 0.1910 0
1265 0.1885 0
54 0.1868 0
1505 0.1855 0
290 0.1832 0
1150 0.1826 0
731 0.1797 0
1231 0.1795 0
1698 0.1787 0
1352 0.1782 0
1157 0.1778 0
1514 0.1752 0
87 0.1748 0
245 0.1706 0
342 0.1698 0
124 0.1671 0
1848 0.1634 0
1812 0.1587 0
1448 0.1522 0
639 0.1480 0
1871 0.1465 0
1143 0.1421 0
88 0.1415 0
1988 0.1394 0
347 0.1393 0
381 0.1379 0
1978 0.1348 0
156 0.1295 0
141 0.1279 0
713 0.1213 0
514 0.1202 0
117 0.1179 0
120 0.1158 0
1262 0.1091 0
1518 0.1059 0
1263 0.1047 0
1733 0.1044 0
1683 0.1025 0
80 0.0993 0
164 0.0991 0
1074 0.0931 0
950 0.0890 0
232 0.0878 0
328 0.0868 0
606 0.0819 0
1144 0.0789 0
1856 0.0751 0
1588 0.0712 0
1085 0.0632 0
272 0.0605 0
783 0.0547 0
1484 0.0532 0
57 0.0491 0
266 0.0415 0
1107 0.0348 0
270 0.0325 0
1204 0.0307 0
103 0.0242 0
1447 0.0207 0
862 0.0206 0
1542 0.0142 0
1039 0.0142 0
231 0.0123 0
1971 0.0101 0
1963 0.0077 0
1485 0.0057 0
868 -0.0048 0
1260 -0.0125 0
457 -0.0192 0
1118 -0.0217 0
726 -0.0226 0
525 -0.0229 0
505 -0.0270 0
1654 -0.0444 0
177 -0.0452 0
234 -0.0502 0
1376 -0.0508 0
1378 -0.0525 0
1020 -0.0533 0
1563 -0.0606 0
217 -0.0607 0
1506 -0.0611 0
219 -0.0663 0
189 -0.0673 0
1383 -0.0685 0
180 -0.0749 0
1610 -0.0818 0
1460 -0.0830 0
840 -0.0848 0
1044 -0.0934 0
1857 -0.0966 0
165 -0.1023 0
51 -0.1030 0
59 -0.1056 0
1658 -0.1088 0
1436 -0.1139 0
155 -0.1168 0
1903 -0.1192 0
1916 -0.1238 0
1946 -0.1297 0
453 -0.1430 0
1050 -0.1433 0
237 -0.1468 0
1965 -0.1477 0
548 -0.1536 0
1009 -0.1542 0
1021 -0.1543 0
208 -0.1575 0
339 -0.1621 0
1343 -0.1636 0
1547 -0.1678 0
534 -0.1678 0
1301 -0.1688 0
1996 -0.1702 0
1936 -0.1710 0
528 -0.1780 0
982 -0.1815 0
1166 -0.1862 0
89 -0.1876 0
1855 -0.1958 0
966 -0.1988 0
1193 -0.2016 0
655 -0.2024 0
1942 -0.2076 0
647 -0.2161 0
618 -0.2174 0
1956 -0.2210 0
653 -0.2216 0
1923 -0.2223 0
1307 -0.2271 0
1181 -0.2331 0
1853 -0.2384 0
490 -0.2385 0
1291 -0.2387 0
1246 -0.2569 0
1659 -0.2842 0
370 -0.2901 0
652 -0.2914 0
1657 -0.2934 0
1391 -0.2973 0
1986 -0.3008 0
1355 -0.3042 0
228 -0.3055 0
833 -0.3065 0
1420 -0.3071 0
106 -0.3092 0
636 -0.3108 0
1086 -0.3126 0
1720 -0.3163 0
600 -0.3200 0
877 -0.3212 0
774 -0.3237 0
218 -0.3283 0
1332 -0.3287 0
1213 -0.3299 0
279 -0.3305 0
706 -0.3347 0
1666 -0.3348 0
1858 -0.3371 0
605 -0.3410 0
640 -0.3439 0
1202 -0.3441 0
1840 -0.3461 0
1335 -0.3496 0
242 -0.3497 0
1522 -0.3576 0
1306 -0.3580 0
718 -0.3620 0
1060 -0.3646 0
1842 -0.3672 0
701 -0.3699 0
56 -0.3706 0
11 -0.3798 0
211 -0.3805 0
986 -0.3812 0
1656 -0.3826 0
1259 -0.3844 0
1002 -0.3850 0
1187 -0.3852 0
630 -0.3870 0
609 -0.3900 0
1685 -0.3903 0
1629 -0.3930 0
1751 -0.3933 0
1401 -0.3949 0
1322 -0.3953 0
221 -0.3957 0
139 -0.3959 0
1294 -0.3962 0
487 -0.3969 0
1528 -0.3986 0
530 -0.4127 0
1705 -0.4131 0
604 -0.4148 0
1007 -0.4204 0
517 -0.4246 0
792 -0.4279 0
1324 -0.4297 0
1491 -0.4310 0
887 -0.4328 0
1025 -0.4376 0
171 -0.4401 0
989 -0.4425 0
896 -0.4432 0
450 -0.4460 0
1662 -0.4489 0
722 -0.4499 0
55 -0.4517 0
1164 -0.4522 0
150 -0.4525 0
671 -0.4530 0
855 -0.4546 0
1042 -0.4603 0
1445 -0.4604 0
1326 -0.4606 0
19 -0.4729 0
1695 -0.4734 0
298 -0.4745 0
644 -0.4778 0
1182 -0.4785 0
132 -0.4818 0
36 -0.4827 0
1317 -0.4850 0
1038 -0.4872 0
376 -0.4876 0
201 -0.4888 0
891 -0.4902 0
1691 -0.4935 0
1302 -0.4946 0
484 -0.5027 0
1451 -0.5031 0
1465 -0.5121 0
149 -0.5128 0
1885 -0.5181 0
1397 -0.5184 0
1341 -0.5232 0
1920 -0.5243 0
116 -0.5264 0
1406 -0.5271 0
1008 -0.5307 0
273 -0.5333 0
1581 -0.5333 0
1480 -0.5380 0
1536 -0.5436 0
74 -0.5504 0
1904 -0.5522 0
703 -0.5559 0
885 -0.5578 0
704 -0.5595 0
72 -0.5596 0
1276 -0.5627 0
1170 -0.5631 0
1993 -0.5698 0
1680 -0.5701 0
1407 -0.5714 0
1016 -0.5740 0
31 -0.5761 0
1219 -0.5768 0
730 -0.5782 0
1537 -0.5783 0
334 -0.5809 0
1909 -0.5814 0
98 -0.5823 0
785 -0.5833 0
128 -0.5845 0
1661 -0.5896 0
1261 -0.5898 0
288 -0.5920 0
1530 -0.5931 0
1718 -0.5965 0
1925 -0.5972 0
1838 -0.5984 0
1932 -0.6084 0
1911 -0.6102 0
1402 -0.6107 0
627 -0.6202 0
631 -0.6211 0
1031 -0.6227 0
265 -0.6236 0
69 -0.6250 0
1173 -0.6255 0
645 -0.6269 0
253 -0.6307 0
1711 -0.6351 0
113 -0.6379 0
561 -0.6411 0
1296 -0.6453 0
1882 -0.6468 0
1534 -0.6472 0
1236 -0.6544 0
643 -0.6588 0
1540 -0.6602 0
1730 -0.6662 0
1356 -0.6712 0
1997 -0.6776 0
286 -0.6841 0
91 -0.6855 0
1139 -0.6892 0
276 -0.6992 0
1801 -0.7003 0
194 -0.7020 0
1486 -0.7030 0
1286 -0.7227 0
1502 -0.7287 0
1070 -0.7289 0
14 -0.7299 0
15 -0.7334 0
1138 -0.7345 0
984 -0.7350 0
348 -0.7356 0
95 -0.7357 0
656 -0.7399 0
9 -0.7434 0
1268 -0.7449 0
506 -0.7454 0
1424 -0.7484 0
289 -0.7490 0
397 -0.7520 0
996 -0.7589 0
1913 -0.7596 0
1769 -0.7618 0
1557 -0.7622 0
1309 -0.7679 0
977 -0.7771 0
893 -0.7840 0
332 -0.7867 0
1918 -0.7870 0
227 -0.7971 0
1353 -0.8052 0
76 -0.8056 0
1325 -0.8130 0
1434 -0.8137 0
1370 -0.8222 0
1453 -0.8279 0
1400 -0.8283 0
1387 -0.8287 0
464 -0.8311 0
1273 -0.8372 0
1605 -0.8405 0
1186 -0.8418 0
1215 -0.8480 0
179 -0.8525 0
626 -0.8558 0
1690 -0.8561 0
1921 -0.8663 0
233 -0.8687 0
1389 -0.8773 0
1362 -0.8806 0
2 -0.8815 0
1933 -0.8863 0
737 -0.8889 0
5 -0.8906 0
546 -0.8969 0
473 -0.8977 0
1010 -0.8979 0
398 -0.9057 0
958 -0.9062 0
196 -0.9090 0
1298 -0.9119 0
261 -0.9120 0
1555 -0.9128 0
212 -0.9231 0
1184 -0.9239 0
634 -0.9268 0
1363 -0.9314 0
1367 -0.9319 0
1953 -0.9340 0
474 -0.9344 0
496 -0.9388 0
1504 -0.9410 0
1425 -0.9604 0
542 -0.9669 0
1318 -0.9715 0
1915 -0.9727 0
35 -0.9728 0
105 -0.9735 0
976 -0.9779 0
1807 -0.9810 0
12 -0.9829 0
378 -0.9830 0
34 -0.9888 0
1836 -0.9934 0
629 -0.9938 0
1830 -0.9941 0
1165 -1.0059 0
1689 -1.0097 0
616 -1.0112 0
1257 -1.0126 0
81 -1.0138 0
1253 -1.0157 0
1699 -1.0168 0
973 -1.0172 0
970 -1.0177 0
178 -1.0180 0
472 -1.0187 0
1789 -1.0231 0
1121 -1.0296 0
108 -1.0349 0
541 -1.0350 0
24 -1.0355 0
1366 -1.0380 0
135 -1.0382 0
170 -1.0403 0
30 -1.0429 0
1172 -1.0516 0
1649 -1.0552 0
1715 -1.0556 0
1180 -1.0561 0
310 -1.0608 0
294 -1.0617 0
181 -1.0664 0
1272 -1.0701 0
1446 -1.0728 0
1816 -1.0749 0
1288 -1.0791 0
1392 -1.0862 0
224 -1.0870 0
1382 -1.0882 0
1983 -1.0911 0
1598 -1.0958 0
1411 -1.0992 0
960 -1.0995 0
538 -1.1031 0
684 -1.1160 0
64 -1.1183 0
1952 -1.1208 0
38 -1.1215 0
192 -1.1346 0
41 -1.1383 0
1040 -1.1403 0
1896 -1.1408 0
489 -1.1418 0
248 -1.1450 0
750 -1.1540 0
343 -1.1543 0
250 -1.1606 0
292 -1.1615 0
314 -1.1620 0
772 -1.1645 0
1773 -1.1655 0
1403 -1.1694 0
1777 -1.1698 0
1770 -1.1743 0
497 -1.1746 0
372 -1.1767 0
1814 -1.1828 0
204 -1.1854 0
1497 -1.1904 0
274 -1.1906 0
167 -1.1926 0
22 -1.1980 0
1147 -1.1998 0
1968 -1.2015 0
1973 -1.2032 0
1744 -1.2076 0
209 -1.2083 0
692 -1.2103 0
153 -1.2114 0
229 -1.2135 0
1854 -1.2160 0
1977 -1.2227 0
1550 -1.2245 0
1234 -1.2246 0
1277 -1.2255 0
32 -1.2315 0
1364 -1.2324 0
1211 -1.2408 0
1223 -1.2476 0
159 -1.2504 0
53 -1.2536 0
797 -1.2657 0
688 -1.2705 0
1195 -1.2724 0
1507 -1.2728 0
878 -1.2768 0
176 -1.2820 0
1102 -1.2929 0
110 -1.2979 0
768 -1.3023 0
654 -1.3137 0
1843 -1.3211 0
1575 -1.3227 0
93 -1.3250 0
1428 -1.3260 0
1823 -1.3279 0
500 -1.3298 0
1419 -1.3356 0
1179 -1.3373 0
1032 -1.3381 0
1994 -1.3438 0
619 -1.3465 0
1677 -1.3498 0
222 -1.3502 0
1888 -1.3549 0
1762 -1.3570 0
311 -1.3591 0
1361 -1.3623 0
1101 -1.3627 0
256 -1.3651 0
1939 -1.3764 0
1338 -1.3777 0
1583 -1.3804 0
1043 -1.3848 0
1644 -1.3859 0
651 -1.3876 0
1564 -1.3928 0
1989 -1.3930 0
1442 -1.3937 0
691 -1.3945 0
1784 -1.3972 0
1384 -1.3995 0
1104 -1.4012 0
140 -1.4012 0
1015 -1.4019 0
642 -1.4104 0
873 -1.4130 0
463 -1.4135 0
1457 -1.4283 0
1614 -1.4326 0
82 -1.4348 0
1600 -1.4394 0
518 -1.4400 0
1960 -1.4478 0
258 -1.4485 0
3 -1.4551 0
1892 -1.4571 0
1308 -1.4600 0
1137 -1.4637 0
1151 -1.4654 0
1047 -1.4726 0
1975 -1.4762 0
1568 -1.4815 0
529 -1.4825 0
158 -1.4841 0
1883 -1.4881 0
744 -1.4913 0
778 -1.4969 0
523 -1.4972 0
1746 -1.4978 0
21 -1.4993 0
603 -1.5098 0
1439 -1.5147 0
1678 -1.5226 0
1900 -1.5350 0
1809 -1.5377 0
1979 -1.5413 0
100 -1.5462 0
278 -1.5475 0
513 -1.5500 0
186 -1.5541 0
1660 -1.5703 0
37 -1.5709 0
1650 -1.5829 0
1686 -1.5834 0
1519 -1.5848 0
122 -1.5928 0
853 -1.5941 0
1132 -1.6000 0
1239 -1.6057 0
160 -1.6068 0
102 -1.6132 0
293 -1.6224 0
1503 -1.6275 0
1045 -1.6326 0
1155 -1.6392 0
1818 -1.6399 0
1984 -1.6498 0
522 -1.6529 0
305 -1.6555 0
1776 -1.6584 0
1185 -1.6698 0
1748 -1.6706 0
259 -1.6758 0
45 -1.6758 0
1190 -1.6812 0
536 -1.6844 0
1914 -1.6899 0
1862 -1.6902 0
77 -1.6960 0
1943 -1.6969 0
462 -1.7053 0
1432 -1.7095 0
1438 -1.7132 0
33 -1.7161 0
1851 -1.7196 0
851 -1.7355 0
951 -1.7361 0
188 -1.7393 0
1949 -1.7450 0
1877 -1.7493 0
1525 -1.7496 0
1295 -1.7508 0
1328 -1.7516 0
169 -1.7592 0
1742 -1.7603 0
1469 -1.7619 0
677 -1.7650 0
1264 -1.7736 0
1687 -1.7746 0
1381 -1.7786 0
1111 -1.7790 0
268 -1.7855 0
1761 -1.7882 0
467 -1.7906 0
1627 -1.7933 0
969 -1.7959 0
1927 -1.8055 0
601 -1.8415 0
1331 -1.8461 0
1693 -1.8485 0
1369 -1.8500 0
1374 -1.8566 0
90 -1.8688 0
978 -1.8724 0
1192 -1.8854 0
1313 -1.8875 0
649 -1.8899 0
1375 -1.8977 0
1808 -1.8997 0
723 -1.9007 0
613 -1.9082 0
230 -1.9118 0
1152 -1.9198 0
502 -1.9222 0
1405 -1.9255 0
1412 -1.9372 0
1553 -1.9413 0
972 -1.9415 0
1176 -1.9429 0
1961 -1.9435 0
1461 -1.9445 0
1833 -1.9484 0
70 -1.9533 0
1508 -1.9564 0
1865 -1.9593 0
40 -1.9595 0
852 -1.9604 0
1168 -1.9642 0
148 -1.9650 0
1517 -1.9669 0
1386 -1.9768 0
1827 -1.9794 0
1766 -1.9913 0
1417 -1.9982 0
508 -1.9986 0
119 -2.0030 0
1571 -2.0036 0
1554 -2.0091 0
39 -2.0096 0
1944 -2.0120 0
1476 -2.0155 0
1494 -2.0165 0
1980 -2.0171 0
1901 -2.0192 0
1682 -2.0211 0
1924 -2.0236 0
1153 -2.0278 0
1479 -2.0287 0
1285 -2.0292 0
452 -2.0338 0
1269 -2.0411 0
260 -2.0448 0
1279 -2.0448 0
1684 -2.0476 0
1354 -2.0513 0
251 -2.0672 0
1821 -2.0705 0
225 -2.0827 0
646 -2.0845 0
987 -2.0849 0
1642 -2.0976 0
1549 -2.1015 0
1580 -2.1045 0
197 -2.1048 0
27 -2.1066 0
1950 -2.1148 0
1198 -2.1158 0
1868 -2.1256 0
1584 -2.1294 0
449 -2.1316 0
1304 -2.1362 0
1319 -2.1368 0
1615 -2.1373 0
121 -2.1483 0
1183 -2.1515 0
341 -2.1568 0
466 -2.1625 0
1894 -2.1659 0
1825 -2.1660 0
1756 -2.1678 0
1940 -2.1689 0
1671 -2.1751 0
610 -2.1779 0
1794 -2.1802 0
1146 -2.1872 0
1835 -2.1959 0
961 -2.2005 0
719 -2.2065 0
281 -2.2071 0
1578 -2.2081 0
1290 -2.2096 0
1115 -2.2157 0
1027 -2.2212 0
346 -2.2218 0
75 -2.2251 0
1633 -2.2264 0
1559 -2.2349 0
767 -2.2425 0
345 -2.2440 0
985 -2.2477 0
1127 -2.2483 0
65 -2.2509 0
1948 -2.2563 0
1558 -2.2709 0
1804 -2.2731 0
1863 -2.2783 0
1876 -2.2839 0
254 -2.2867 0
1346 -2.2880 0
1908 -2.2925 0
1617 -2.2928 0
1673 -2.2962 0
1782 -2.3052 0
1567 -2.3227 0
1158 -2.3317 0
1692 -2.3328 0
1805 -2.3344 0
1799 -2.3404 0
860 -2.3524 0
957 -2.3583 0
1668 -2.3614 0
1396 -2.3737 0
1745 -2.3831 0
1125 -2.3983 0
540 -2.4011 0
1120 -2.4044 0
1565 -2.4094 0
1252 -2.4129 0
1849 -2.4179 0
1572 -2.4224 0
1802 -2.4319 0
1174 -2.4462 0
280 -2.4485 0
611 -2.4811 0
469 -2.4812 0
1287 -2.4910 0
1867 -2.4945 0
1866 -2.5002 0
1621 -2.5108 0
1421 -2.5147 0
1899 -2.5233 0
602 -2.5375 0
1635 -2.5435 0
1643 -2.5440 0
486 -2.5454 0
1828 -2.5469 0
1278 -2.5524 0
1596 -2.5748 0
1473 -2.5833 0
1781 -2.5898 0
867 -2.5991 0
23 -2.6048 0
621 -2.6059 0
983 -2.6070 0
16 -2.6083 0
263 -2.6140 0
988 -2.6178 0
1587 -2.6206 0
1640 -2.6225 0
526 -2.6245 0
1637 -2.6279 0
1872 -2.6301 0
999 -2.6397 0
504 -2.6433 0
190 -2.6441 0
1905 -2.6549 0
1624 -2.6553 0
1826 -2.6666 0
501 -2.6692 0
1134 -2.6743 0
1764 -2.6810 0
83 -2.6840 0
981 -2.6895 0
1509 -2.6956 0
1779 -2.6970 0
1796 -2.7103 0
993 -2.7136 0
1551 -2.7161 0
998 -2.7274 0
144 -2.7347 0
994 -2.7377 0
1898 -2.7379 0
267 -2.7608 0
1122 -2.7725 0
965 -2.7794 0
959 -2.7849 0
1372 -2.7868 0
1377 -2.7970 0
10 -2.8011 0
1477 -2.8059 0
151 -2.8075 0
1625 -2.8129 0
1607 -2.8131 0
161 -2.8233 0
617 -2.8279 0
1785 -2.8295 0
520 -2.8312 0
1722 -2.8395 0
1117 -2.8415 0
1962 -2.8483 0
1281 -2.8487 0
1349 -2.8639 0
284 -2.8659 0
1589 -2.8701 0
1562 -2.9079 0
1910 -2.9111 0
468 -2.9134 0
1249 -2.9150 0
1601 -2.9252 0
1577 -2.9390 0
1844 -2.9443 0
1622 -2.9476 0
8 -2.9476 0
1380 -2.9520 0
612 -2.9546 0
1639 -2.9565 0
1487 -2.9725 0
1423 -2.9808 0
0 -3.0099 0
184 -3.0179 0
1597 -3.0209 0
515 -3.0215 0
1178 -3.0216 0
1786 -3.0235 0
1464 -3.0254 0
1797 -3.0936 0
1200 -3.0942 0
884 -3.1008 0
1119 -3.1038 0
997 -3.1060 0
1663 -3.1121 0
1556 -3.1231 0
955 -3.1342 0
511 -3.1355 0
475 -3.1416 0
1926 -3.1442 0
46 -3.1536 0
1603 -3.1543 0
1819 -3.1616 0
1427 -3.1886 0
1602 -3.1926 0
1510 -3.2279 0
1576 -3.2506 0
1636 -3.2521 0
456 -3.2616 0
1631 -3.2647 0
1753 -3.2748 0
249 -3.2845 0
967 -3.2864 0
1579 -3.2900 0
876 -3.3072 0
187 -3.3176 0
1791 -3.3481 0
1750 -3.3540 0
198 -3.3568 0
638 -3.3628 0
1820 -3.3666 0
1488 -3.3693 0
1647 -3.3701 0
1628 -3.3723 0
1831 -3.3841 0
78 -3.4008 0
1393 -3.4023 0
1566 -3.4132 0
255 -3.4213 0
138 -3.4336 0
1350 -3.4370 0
1604 -3.4624 0
127 -3.4698 0
736 -3.4747 0
1991 -3.4751 0
185 -3.5111 0
29 -3.5150 0
60 -3.5200 0
1358 -3.5300 0
42 -3.5604 0
1760 -3.5892 0
623 -3.5910 0
624 -3.6076 0
1759 -3.6314 0
1788 -3.6508 0
1869 -3.6687 0
968 -3.6833 0
1360 -3.6894 0
1792 -3.6904 0
1599 -3.7022 0
1755 -3.7033 0
1449 -3.7172 0
1569 -3.7281 0
1645 -3.7548 0
1822 -3.7615 0
107 -3.7655 0
1790 -3.7693 0
112 -3.7774 0
1591 -3.7927 0
1570 -3.8096 0
111 -3.8420 0
1638 -3.8420 0
1676 -3.8475 0
344 -3.9161 0
1593 -3.9207 0
886 -3.9242 0
1632 -3.9296 0
1609 -3.9465 0
1159 -3.9748 0
1775 -3.9751 0
1679 -4.0034 0
1995 -4.0130 0
1618 -4.0262 0
1613 -4.0535 0
28 -4.0742 0
539 -4.0874 0
1752 -4.1046 0
543 -4.1135 0
373 -4.1824 0
1611 -4.2215 0
1590 -4.2284 0
1041 -4.2737 0
1778 -4.2760 0
1623 -4.3026 0
1395 -4.3161 0
1931 -4.3347 0
1323 -4.3406 0
1123 -4.3597 0
1768 -4.3706 0
1608 -4.3823 0
1229 -4.3944 0
1767 -4.4315 0
608 -4.4408 0
1248 -4.4647 0
1235 -4.5093 0
1974 -4.5420 0
48 -4.5874 0
1772 -4.6374 0
1368 -4.6545 0
1258 -4.6764 0
1594 -4.7950 0
1552 -4.8013 0
1340 -4.8301 0
1222 -4.8523 0
26 -4.8692 0
1758 -4.9042 0
1646 -4.9246 0
1630 -4.9340 0
1595 -4.9522 0
43 -4.9740 0
1560 -5.0505 0
615 -5.0581 0
1379 -5.0695 0
1616 -5.0872 0
549 -5.1107 0
1582 -5.1358 0
6 -5.2959 0
1763 -5.3066 0
1783 -5.3204 0
1606 -5.4308 0
1774 -5.5176 0
964 -5.5374 0
1274 -5.5905 0
1795 -5.6024 0
1224 -5.6038 0
1648 -5.7866 0
1754 -5.9307 0
1793 -5.9852 0
1798 -6.0260 0
1765 -6.4510 0
1221 -6.6318 0
1780 -6.8585 0
1626 -7.1042 0
1641 -7.3559 0
