959 23.8202 1
988 22.8854 1
978 22.7183 1
967 21.5914 1
971 21.1209 1
973 21.0919 1
964 21.0584 1
993 20.5010 1
970 19.6717 1
998 19.0551 1
997 17.8184 1
991 17.4571 1
979 17.3201 1
969 17.2794 1
981 17.1090 1
983 16.7504 1
982 16.4155 1
972 13.9432 1
992 13.3873 1
960 13.3748 1
999 13.2167 1
950 12.5917 1
966 12.4375 1
1274 11.7209 0
965 11.6632 1
984 11.6076 1
987 11.4350 1
953 11.1533 1
1296 11.1264 0
1673 10.7741 0
980 9.8755 1
996 9.7781 1
1634 9.6268 0
1295 9.3771 0
1283 9.3400 0
1258 9.1078 0
958 9.1039 1
995 9.0899 1
951 9.0653 1
1601 8.8278 0
767 8.8197 0
888 8.5988 0
968 8.4551 1
985 8.3127 1
1691 8.1432 0
867 7.9475 0
1311 7.8393 0
994 7.7127 1
1257 7.6964 0
974 7.5202 1
1272 7.4560 0
1299 7.4499 0
1008 7.4023 0
1261 7.3822 0
1641 7.3589 0
465 7.3441 0
977 7.2675 1
306 7.1607 0
976 7.1293 1
989 7.0418 1
1461 7.0393 0
1032 6.9260 0
1668 6.9031 0
975 6.8338 1
512 6.7899 0
1656 6.7193 0
1124 6.6765 0
1535 6.6254 0
372 6.4242 0
1375 6.4130 0
1287 6.3709 0
1605 6.3083 0
378 6.3051 0
1264 6.2330 0
1382 6.2283 0
1277 6.1847 0
457 6.1811 0
1269 6.1322 0
1671 6.1108 0
1502 6.0289 0
1630 6.0184 0
674 5.9850 0
1689 5.9462 0
449 5.9239 0
1142 5.9166 0
1471 5.8474 0
114 5.8082 0
1600 5.7809 0
1653 5.7533 0
1677 5.7404 0
1002 5.7049 0
1698 5.6962 0
529 5.6840 0
1041 5.6535 0
461 5.6390 0
1687 5.6113 0
1675 5.5912 0
909 5.5703 0
884 5.5144 0
1657 5.4422 0
1664 5.4061 0
1696 5.3451 0
1297 5.3200 0
1213 5.3163 0
1554 5.2944 0
1337 5.2102 0
1289 5.2064 0
1661 5.2058 0
778 5.1763 0
394 5.1137 0
1325 5.0740 0
478 5.0552 0
1259 5.0551 0
1423 5.0318 0
1591 5.0104 0
1543 4.9926 0
1552 4.9814 0
659 4.9423 0
1694 4.9109 0
1572 4.8765 0
1650 4.8496 0
676 4.8188 0
467 4.7897 0
1006 4.7812 0
308 4.7761 0
962 4.7635 1
775 4.7583 0
1632 4.7109 0
193 4.7054 0
963 4.7021 1
469 4.6900 0
398 4.6815 0
1284 4.6790 0
923 4.6585 0
1595 4.6494 0
1394 4.6388 0
460 4.6127 0
1427 4.6039 0
1550 4.6010 0
307 4.5946 0
1695 4.5794 0
890 4.5790 0
1774 4.5620 0
1009 4.5614 0
295 4.5473 0
1622 4.5466 0
1686 4.5378 0
521 4.5112 0
961 4.4842 1
955 4.3945 1
1609 4.3883 0
6 4.3860 0
1672 4.3637 0
493 4.3412 0
1616 4.3388 0
730 4.3354 0
1047 4.3009 0
1508 4.2922 0
1348 4.2556 0
409 4.2414 0
1453 4.2273 0
764 4.2226 0
471 4.2118 0
1267 4.1982 0
1254 4.1974 0
354 4.1917 0
1398 4.1804 0
1465 4.1741 0
1487 4.1589 0
1467 4.1541 0
1620 4.1434 0
787 4.1339 0
893 4.1232 0
1292 4.1162 0
283 4.1137 0
1004 4.0892 0
1381 4.0561 0
36 4.0545 0
44 4.0202 0
316 3.9756 0
431 3.9628 0
1642 3.9614 0
488 3.9609 0
1483 3.9565 0
1608 3.9554 0
485 3.9484 0
1143 3.9299 0
453 3.9219 0
337 3.9200 0
1350 3.9085 0
1676 3.9075 0
1452 3.9070 0
901 3.8652 0
1590 3.8624 0
1370 3.8569 0
323 3.8544 0
1016 3.8337 0
1374 3.8304 0
1538 3.8286 0
489 3.7839 0
1260 3.7726 0
936 3.7480 0
1633 3.7279 0
1120 3.7138 0
390 3.6974 0
771 3.6883 0
523 3.6866 0
1638 3.6569 0
1594 3.6553 0
1448 3.6546 0
535 3.6440 0
1241 3.6420 0
1351 3.6411 0
1678 3.6373 0
1383 3.6073 0
1421 3.5850 0
73 3.5699 0
1474 3.5686 0
986 3.5551 1
1494 3.5370 0
733 3.5081 0
1472 3.5000 0
509 3.4931 0
1562 3.4927 0
751 3.4627 0
1537 3.4584 0
952 3.4557 1
1555 3.4531 0
1573 3.4494 0
1617 3.4336 0
104 3.4332 0
311 3.4190 0
916 3.4059 0
495 3.3986 0
1046 3.3893 0
783 3.3761 0
1567 3.3722 0
1564 3.3597 0
522 3.3559 0
913 3.3524 0
1388 3.3522 0
1449 3.3346 0
1652 3.3219 0
810 3.3176 0
928 3.3151 0
1294 3.2912 0
1463 3.2781 0
1138 3.2762 0
1682 3.2761 0
948 3.2652 0
1377 3.2393 0
1216 3.2339 0
289 3.2327 0
351 3.2145 0
330 3.2059 0
911 3.2027 0
1699 3.2018 0
678 3.2014 0
1025 3.2001 0
1242 3.1955 0
527 3.1925 0
1566 3.1844 0
1636 3.1763 0
1863 3.1703 0
871 3.1639 0
696 3.1628 0
1485 3.1609 0
259 3.1524 0
1592 3.1475 0
759 3.1415 0
693 3.1265 0
466 3.1123 0
886 3.1109 0
1579 3.1085 0
1693 3.1068 0
838 3.1068 0
373 3.1011 0
790 3.0983 0
492 3.0980 0
741 3.0870 0
1280 3.0664 0
1921 3.0637 0
1019 3.0630 0
1123 3.0554 0
1690 3.0509 0
1737 3.0453 0
755 3.0431 0
1571 3.0395 0
1588 3.0387 0
661 3.0352 0
241 3.0347 0
1023 3.0302 0
1639 3.0242 0
773 3.0145 0
451 3.0133 0
367 2.9941 0
1544 2.9609 0
1919 2.9559 0
1026 2.9453 0
754 2.9089 0
938 2.9069 0
1497 2.8959 0
484 2.8883 0
1265 2.8863 0
1190 2.8764 0
907 2.8734 0
1578 2.8688 0
93 2.8687 0
736 2.8538 0
1614 2.8523 0
874 2.8417 0
1248 2.8411 0
1663 2.8381 0
363 2.8263 0
954 2.8192 1
273 2.8163 0
1482 2.8158 0
1288 2.8052 0
285 2.8017 0
797 2.7998 0
301 2.7979 0
1364 2.7942 0
524 2.7812 0
422 2.7803 0
690 2.7687 0
1013 2.7652 0
1681 2.7638 0
1618 2.7579 0
1683 2.7419 0
1576 2.7394 0
46 2.7374 0
1279 2.7369 0
694 2.7250 0
1358 2.7145 0
1574 2.7111 0
1604 2.7095 0
1128 2.6944 0
1352 2.6934 0
1626 2.6881 0
1268 2.6800 0
1651 2.6718 0
97 2.6716 0
167 2.6709 0
788 2.6658 0
1122 2.6639 0
264 2.6558 0
516 2.6554 0
1647 2.6524 0
1396 2.6523 0
1667 2.6481 0
366 2.6480 0
1234 2.6450 0
129 2.6436 0
1685 2.6381 0
17 2.6290 0
1495 2.6220 0
1536 2.6200 0
1462 2.6161 0
1323 2.6111 0
364 2.6083 0
1509 2.6058 0
1498 2.6026 0
1428 2.6018 0
689 2.6005 0
1285 2.5913 0
1444 2.5849 0
1344 2.5809 0
1204 2.5777 0
1271 2.5733 0
252 2.5640 0
293 2.5478 0
902 2.5244 0
147 2.5042 0
1557 2.5032 0
334 2.4966 0
332 2.4956 0
657 2.4949 0
1454 2.4911 0
333 2.4866 0
798 2.4756 0
448 2.4732 0
1877 2.4699 0
542 2.4626 0
1546 2.4619 0
355 2.4612 0
1586 2.4589 0
1036 2.4564 0
1473 2.4527 0
1460 2.4506 0
1684 2.4261 0
499 2.4244 0
404 2.4243 0
1362 2.4199 0
538 2.4097 0
641 2.4079 0
1119 2.3951 0
1194 2.3908 0
1624 2.3894 0
1512 2.3864 0
1489 2.3748 0
1545 2.3688 0
365 2.3658 0
1599 2.3497 0
508 2.3489 0
1481 2.3430 0
1635 2.3401 0
294 2.3363 0
476 2.3361 0
940 2.3296 0
59 2.3249 0
935 2.3178 0
502 2.3100 0
1763 2.3069 0
1468 2.3045 0
1270 2.3000 0
491 2.2984 0
304 2.2976 0
1843 2.2933 0
1648 2.2622 0
1395 2.2554 0
136 2.2532 0
1569 2.2527 0
1244 2.2510 0
1506 2.2393 0
939 2.2366 0
362 2.2303 0
506 2.2293 0
655 2.2289 0
120 2.2172 0
946 2.2042 0
1422 2.1931 0
1692 2.1872 0
945 2.1850 0
941 2.1849 0
1030 2.1798 0
1523 2.1797 0
353 2.1768 0
376 2.1649 0
1330 2.1554 0
370 2.1551 0
1000 2.1533 0
1121 2.1506 0
1570 2.1496 0
107 2.1445 0
1556 2.1363 0
1097 2.1322 0
100 2.1286 0
1643 2.1241 0
1870 2.1106 0
395 2.1083 0
215 2.1052 0
1451 2.0988 0
905 2.0977 0
169 2.0964 0
1654 2.0938 0
780 2.0879 0
918 2.0876 0
1548 2.0753 0
795 2.0631 0
1533 2.0585 0
681 2.0507 0
345 2.0499 0
1105 2.0477 0
1621 2.0400 0
957 2.0313 1
1499 2.0242 0
360 2.0240 0
20 2.0193 0
1602 2.0190 0
1679 2.0182 0
1160 2.0103 0
772 2.0082 0
1607 2.0057 0
474 2.0010 0
650 1.9994 0
539 1.9981 0
371 1.9808 0
668 1.9806 0
669 1.9800 0
343 1.9792 0
1149 1.9740 0
769 1.9655 0
1488 1.9630 0
1360 1.9529 0
1338 1.9458 0
208 1.9412 0
396 1.9405 0
1575 1.9382 0
1989 1.9354 0
1987 1.9336 0
1357 1.9336 0
653 1.9256 0
1034 1.9085 0
920 1.9067 0
1824 1.9064 0
1598 1.9028 0
914 1.9010 0
270 1.8967 0
662 1.8922 0
768 1.8906 0
1702 1.8868 0
125 1.8847 0
651 1.8778 0
1251 1.8725 0
84 1.8687 0
766 1.8654 0
498 1.8636 0
944 1.8603 0
792 1.8578 0
892 1.8461 0
753 1.8413 0
1007 1.8282 0
1219 1.8258 0
1051 1.8242 0
1905 1.8169 0
1871 1.8162 0
439 1.8156 0
391 1.8145 0
1371 1.8131 0
1407 1.8106 0
286 1.8078 0
1470 1.8074 0
418 1.8074 0
781 1.8063 0
1253 1.8006 0
1320 1.7998 0
297 1.7875 0
1256 1.7872 0
1410 1.7812 0
377 1.7756 0
779 1.7736 0
1597 1.7727 0
658 1.7649 0
1751 1.7615 0
291 1.7577 0
872 1.7532 0
949 1.7526 0
68 1.7513 0
1611 1.7441 0
1050 1.7394 0
1191 1.7343 0
496 1.7169 0
1585 1.7161 0
1469 1.7147 0
103 1.7114 0
358 1.6986 0
132 1.6953 0
1849 1.6917 0
990 1.6874 1
875 1.6848 0
1992 1.6842 0
1559 1.6814 0
1879 1.6813 0
368 1.6786 0
338 1.6769 0
1147 1.6725 0
672 1.6660 0
1665 1.6646 0
1852 1.6641 0
1063 1.6570 0
458 1.6568 0
1613 1.6568 0
530 1.6550 0
248 1.6507 0
544 1.6404 0
1366 1.6351 0
1593 1.6344 0
1505 1.6330 0
1010 1.6289 0
1492 1.6216 0
1539 1.6214 0
190 1.6146 0
507 1.6085 0
1662 1.6072 0
1565 1.6058 0
1551 1.5990 0
151 1.5976 0
652 1.5954 0
402 1.5942 0
393 1.5941 0
1354 1.5922 0
1363 1.5893 0
1669 1.5889 0
956 1.5860 1
1226 1.5824 0
1674 1.5798 0
774 1.5796 0
1361 1.5774 0
1612 1.5743 0
134 1.5722 0
789 1.5691 0
777 1.5662 0
429 1.5655 0
1644 1.5618 0
328 1.5571 0
1655 1.5563 0
455 1.5560 0
1057 1.5505 0
1610 1.5438 0
1670 1.5386 0
1273 1.5385 0
1455 1.5382 0
1589 1.5319 0
1155 1.5302 0
1440 1.5270 0
1848 1.5203 0
1867 1.5061 0
281 1.5049 0
1355 1.5029 0
1785 1.4973 0
1561 1.4922 0
25 1.4913 0
318 1.4895 0
272 1.4780 0
1577 1.4741 0
1353 1.4715 0
1137 1.4703 0
1932 1.4694 0
243 1.4632 0
1228 1.4565 0
1326 1.4552 0
540 1.4538 0
904 1.4524 0
793 1.4502 0
233 1.4501 0
1263 1.4493 0
896 1.4440 0
1615 1.4283 0
382 1.4246 0
1680 1.4229 0
1042 1.4221 0
1331 1.4177 0
1064 1.4130 0
1372 1.4091 0
356 1.4086 0
762 1.4042 0
1464 1.4042 0
115 1.4004 0
1783 1.4001 0
490 1.3934 0
1237 1.3932 0
383 1.3809 0
1378 1.3774 0
1703 1.3759 0
177 1.3745 0
432 1.3733 0
1005 1.3694 0
290 1.3641 0
1496 1.3582 0
1224 1.3581 0
230 1.3514 0
1740 1.3509 0
206 1.3506 0
1748 1.3489 0
1020 1.3470 0
718 1.3464 0
791 1.3355 0
405 1.3353 0
533 1.3315 0
47 1.3287 0
666 1.3269 0
740 1.3246 0
541 1.3239 0
1365 1.3210 0
1343 1.3080 0
468 1.3061 0
459 1.2918 0
758 1.2871 0
87 1.2857 0
1522 1.2848 0
1491 1.2843 0
1547 1.2834 0
526 1.2818 0
1221 1.2792 0
1384 1.2769 0
77 1.2762 0
1316 1.2754 0
7 1.2679 0
361 1.2647 0
675 1.2596 0
1486 1.2577 0
350 1.2565 0
463 1.2462 0
1109 1.2440 0
11 1.2432 0
1187 1.2431 0
1166 1.2417 0
1526 1.2409 0
714 1.2404 0
322 1.2337 0
517 1.2286 0
1392 1.2258 0
1333 1.2231 0
1210 1.2212 0
1568 1.2211 0
1167 1.2175 0
1336 1.2151 0
724 1.2114 0
1964 1.2092 0
879 1.2057 0
454 1.2052 0
1077 1.2043 0
1134 1.1918 0
757 1.1898 0
670 1.1855 0
1629 1.1849 0
211 1.1777 0
1291 1.1739 0
765 1.1738 0
1417 1.1734 0
1697 1.1730 0
1399 1.1681 0
446 1.1664 0
1660 1.1631 0
480 1.1581 0
1493 1.1531 0
656 1.1527 0
435 1.1515 0
38 1.1503 0
849 1.1500 0
760 1.1483 0
921 1.1480 0
546 1.1458 0
519 1.1442 0
340 1.1405 0
1304 1.1349 0
1603 1.1327 0
1022 1.1319 0
926 1.1303 0
227 1.1278 0
387 1.1269 0
545 1.1242 0
265 1.1226 0
1688 1.1225 0
618 1.1173 0
101 1.1164 0
1031 1.1159 0
784 1.1140 0
1369 1.1130 0
1068 1.1100 0
266 1.1054 0
386 1.1043 0
1107 1.1010 0
1466 1.0932 0
1584 1.0824 0
1874 1.0775 0
1306 1.0762 0
1658 1.0744 0
1521 1.0730 0
537 1.0724 0
1886 1.0687 0
359 1.0683 0
269 1.0652 0
1056 1.0641 0
1102 1.0612 0
1892 1.0547 0
922 1.0521 0
863 1.0508 0
1479 1.0364 0
1156 1.0296 0
1250 1.0264 0
1516 1.0252 0
24 1.0239 0
388 1.0216 0
1558 1.0137 0
1100 1.0129 0
1252 1.0123 0
1389 1.0077 0
1504 1.0064 0
1712 0.9996 0
716 0.9988 0
374 0.9978 0
1500 0.9968 0
748 0.9961 0
242 0.9933 0
255 0.9858 0
1293 0.9855 0
1776 0.9853 0
885 0.9790 0
1048 0.9786 0
1580 0.9768 0
1218 0.9765 0
1017 0.9727 0
1227 0.9725 0
148 0.9708 0
380 0.9696 0
187 0.9638 0
1404 0.9632 0
1281 0.9627 0
1027 0.9549 0
663 0.9505 0
899 0.9492 0
479 0.9448 0
1286 0.9436 0
1178 0.9412 0
908 0.9399 0
1851 0.9387 0
1962 0.9350 0
106 0.9312 0
1432 0.9249 0
1934 0.9240 0
1923 0.9218 0
150 0.9192 0
1215 0.9179 0
1971 0.9173 0
933 0.9118 0
1788 0.9111 0
721 0.9087 0
1075 0.9068 0
1957 0.9065 0
1771 0.9043 0
1456 0.9028 0
1790 0.8992 0
92 0.8723 0
1278 0.8696 0
369 0.8622 0
1127 0.8568 0
298 0.8477 0
878 0.8470 0
782 0.8457 0
827 0.8409 0
728 0.8399 0
180 0.8390 0
1758 0.8360 0
1085 0.8312 0
1060 0.8284 0
133 0.8271 0
1743 0.8192 0
528 0.8124 0
1745 0.8065 0
48 0.7975 0
1868 0.7950 0
591 0.7903 0
1458 0.7851 0
1530 0.7757 0
1920 0.7651 0
1028 0.7570 0
1 0.7557 0
349 0.7544 0
720 0.7521 0
732 0.7517 0
130 0.7479 0
864 0.7468 0
385 0.7426 0
1520 0.7408 0
1627 0.7385 0
746 0.7332 0
1959 0.7285 0
1231 0.7230 0
1628 0.7169 0
247 0.7164 0
1553 0.7164 0
1024 0.7084 0
891 0.7020 0
1044 0.6962 0
1511 0.6962 0
1541 0.6929 0
1961 0.6922 0
277 0.6901 0
192 0.6831 0
1037 0.6811 0
375 0.6809 0
910 0.6789 0
1646 0.6770 0
660 0.6718 0
296 0.6674 0
1113 0.6654 0
1061 0.6640 0
1305 0.6638 0
1876 0.6637 0
699 0.6590 0
462 0.6564 0
1301 0.6526 0
1014 0.6506 0
1409 0.6480 0
1136 0.6475 0
1209 0.6436 0
584 0.6334 0
381 0.6208 0
602 0.6179 0
553 0.6168 0
224 0.6160 0
1979 0.6146 0
1203 0.6139 0
556 0.6132 0
743 0.6127 0
327 0.6097 0
1111 0.6083 0
887 0.6082 0
1282 0.5998 0
1367 0.5988 0
42 0.5937 0
261 0.5928 0
706 0.5894 0
188 0.5853 0
679 0.5848 0
1789 0.5844 0
510 0.5841 0
168 0.5839 0
599 0.5763 0
1182 0.5746 0
937 0.5669 0
117 0.5647 0
1563 0.5624 0
1308 0.5617 0
697 0.5595 0
1858 0.5530 0
344 0.5496 0
320 0.5356 0
1229 0.5302 0
1640 0.5268 0
275 0.5172 0
1815 0.5172 0
683 0.5135 0
417 0.5128 0
146 0.5100 0
1865 0.5090 0
2 0.5084 0
841 0.5080 0
397 0.5077 0
1583 0.5050 0
513 0.5035 0
1821 0.5035 0
280 0.5026 0
1135 0.5002 0
691 0.4971 0
1391 0.4933 0
1931 0.4873 0
1809 0.4872 0
3 0.4859 0
287 0.4817 0
1276 0.4750 0
850 0.4706 0
1853 0.4698 0
574 0.4670 0
165 0.4669 0
145 0.4640 0
464 0.4552 0
1881 0.4538 0
1058 0.4501 0
1172 0.4498 0
1434 0.4488 0
1373 0.4474 0
734 0.4450 0
50 0.4394 0
823 0.4309 0
1072 0.4261 0
470 0.4261 0
1021 0.4234 0
1922 0.4222 0
654 0.4204 0
851 0.4199 0
739 0.4141 0
1998 0.4118 0
1214 0.4029 0
607 0.4024 0
1418 0.3975 0
505 0.3961 0
1716 0.3922 0
897 0.3911 0
403 0.3906 0
111 0.3898 0
258 0.3864 0
639 0.3858 0
220 0.3856 0
408 0.3828 0
1637 0.3783 0
1086 0.3744 0
1091 0.3728 0
532 0.3721 0
1528 0.3704 0
1631 0.3697 0
518 0.3658 0
329 0.3501 0
144 0.3443 0
1742 0.3441 0
1029 0.3421 0
1524 0.3341 0
1315 0.3323 0
74 0.3313 0
1952 0.3312 0
1074 0.3180 0
1893 0.3165 0
1132 0.3161 0
868 0.3156 0
1450 0.3142 0
43 0.3088 0
1721 0.3077 0
520 0.3059 0
433 0.2977 0
664 0.2922 0
1447 0.2920 0
426 0.2883 0
352 0.2872 0
1711 0.2864 0
157 0.2863 0
317 0.2822 0
1233 0.2772 0
91 0.2770 0
1205 0.2679 0
274 0.2670 0
842 0.2639 0
1515 0.2599 0
400 0.2501 0
1446 0.2494 0
1549 0.2480 0
487 0.2451 0
917 0.2422 0
796 0.2420 0
881 0.2388 0
1433 0.2385 0
1666 0.2339 0
423 0.2320 0
89 0.2285 0
717 0.2273 0
1581 0.2219 0
324 0.2201 0
288 0.2190 0
501 0.2143 0
128 0.2116 0
234 0.2111 0
185 0.2090 0
1275 0.2038 0
1313 0.2005 0
725 0.1887 0
947 0.1867 0
315 0.1864 0
1415 0.1852 0
763 0.1838 0
1390 0.1825 0
159 0.1819 0
49 0.1752 0
1726 0.1722 0
684 0.1688 0
384 0.1673 0
199 0.1654 0
1645 0.1652 0
745 0.1635 0
1606 0.1623 0
713 0.1592 0
64 0.1567 0
1206 0.1559 0
1944 0.1526 0
700 0.1501 0
102 0.1477 0
302 0.1465 0
300 0.1444 0
1997 0.1427 0
1426 0.1421 0
342 0.1335 0
1240 0.1298 0
1738 0.1286 0
18 0.1253 0
271 0.1234 0
1534 0.1219 0
313 0.1209 0
750 0.1203 0
250 0.1190 0
8 0.1179 0
1049 0.1124 0
1978 0.1061 0
756 0.1053 0
1938 0.1017 0
1900 0.0988 0
1393 0.0979 0
1930 0.0977 0
1236 0.0971 0
1104 0.0926 0
194 0.0925 0
1946 0.0791 0
1862 0.0789 0
430 0.0758 0
37 0.0748 0
1163 0.0726 0
1114 0.0638 0
1197 0.0610 0
1106 0.0605 0
1625 0.0559 0
1933 0.0533 0
99 0.0514 0
1211 0.0472 0
515 0.0469 0
203 0.0439 0
860 0.0437 0
1141 0.0339 0
1225 0.0254 0
1207 0.0221 0
1710 0.0215 0
1582 0.0214 0
325 0.0132 0
1317 0.0129 0
1349 0.0126 0
1832 0.0083 0
1619 0.0058 0
1243 0.0030 0
809 -0.0025 0
456 -0.0031 0
543 -0.0046 0
1542 -0.0078 0
1397 -0.0123 0
214 -0.0131 0
873 -0.0132 0
135 -0.0141 0
347 -0.0142 0
12 -0.0152 0
186 -0.0155 0
1108 -0.0203 0
943 -0.0238 0
1778 -0.0247 0
1904 -0.0257 0
336 -0.0260 0
1235 -0.0318 0
1346 -0.0337 0
1769 -0.0361 0
79 -0.0363 0
1414 -0.0385 0
19 -0.0404 0
140 -0.0410 0
931 -0.0431 0
687 -0.0450 0
1972 -0.0451 0
1967 -0.0460 0
1112 -0.0485 0
98 -0.0533 0
1339 -0.0551 0
481 -0.0572 0
204 -0.0688 0
597 -0.0694 0
581 -0.0743 0
1401 -0.0764 0
142 -0.0776 0
444 -0.0881 0
722 -0.0882 0
497 -0.0904 0
1993 -0.0969 0
257 -0.0979 0
1503 -0.0983 0
399 -0.1021 0
1804 -0.1079 0
1266 -0.1082 0
1055 -0.1124 0
1701 -0.1129 0
737 -0.1135 0
682 -0.1149 0
1071 -0.1149 0
906 -0.1160 0
1400 -0.1163 0
1043 -0.1169 0
1525 -0.1173 0
631 -0.1173 0
1596 -0.1192 0
819 -0.1248 0
81 -0.1251 0
1379 -0.1284 0
925 -0.1316 0
268 -0.1320 0
1746 -0.1349 0
836 -0.1369 0
112 -0.1371 0
197 -0.1402 0
704 -0.1407 0
695 -0.1467 0
1736 -0.1475 0
181 -0.1554 0
477 -0.1558 0
1179 -0.1561 0
39 -0.1576 0
1970 -0.1582 0
692 -0.1609 0
278 -0.1638 0
1405 -0.1674 0
1368 -0.1676 0
852 -0.1679 0
56 -0.1690 0
110 -0.1695 0
1797 -0.1710 0
640 -0.1712 0
127 -0.1824 0
483 -0.1832 0
108 -0.1833 0
276 -0.1906 0
1517 -0.1922 0
786 -0.1932 0
1039 -0.1959 0
514 -0.2055 0
389 -0.2095 0
1476 -0.2124 0
331 -0.2126 0
567 -0.2140 0
23 -0.2155 0
1803 -0.2204 0
1943 -0.2234 0
833 -0.2234 0
1753 -0.2317 0
1749 -0.2327 0
407 -0.2342 0
1986 -0.2365 0
126 -0.2373 0
1777 -0.2395 0
688 -0.2398 0
379 -0.2413 0
1988 -0.2465 0
1087 -0.2471 0
1965 -0.2475 0
1996 -0.2557 0
1475 -0.2598 0
1067 -0.2606 0
45 -0.2614 0
1380 -0.2615 0
1857 -0.2657 0
623 -0.2715 0
1977 -0.2721 0
1152 -0.2747 0
1079 -0.2768 0
156 -0.2772 0
419 -0.2796 0
1040 -0.2807 0
548 -0.2816 0
1094 -0.2816 0
799 -0.2820 0
434 -0.2844 0
1956 -0.2861 0
1200 -0.2863 0
16 -0.2869 0
1403 -0.2889 0
577 -0.2962 0
282 -0.2987 0
1262 -0.3071 0
1990 -0.3072 0
776 -0.3122 0
1298 -0.3137 0
593 -0.3170 0
1540 -0.3185 0
183 -0.3188 0
357 -0.3192 0
143 -0.3231 0
1139 -0.3234 0
1082 -0.3236 0
162 -0.3333 0
727 -0.3333 0
473 -0.3371 0
580 -0.3399 0
40 -0.3412 0
1913 -0.3422 0
1999 -0.3444 0
213 -0.3452 0
184 -0.3518 0
1914 -0.3569 0
564 -0.3589 0
1531 -0.3614 0
500 -0.3617 0
1376 -0.3638 0
1752 -0.3653 0
604 -0.3653 0
1319 -0.3702 0
1950 -0.3731 0
1223 -0.3743 0
930 -0.3744 0
861 -0.3767 0
1035 -0.3777 0
1507 -0.3778 0
253 -0.3791 0
1792 -0.3829 0
1984 -0.3866 0
839 -0.3898 0
924 -0.3916 0
1212 -0.3956 0
707 -0.3992 0
1801 -0.4015 0
1321 -0.4021 0
617 -0.4063 0
677 -0.4073 0
813 -0.4175 0
450 -0.4267 0
1249 -0.4300 0
744 -0.4370 0
673 -0.4382 0
1757 -0.4421 0
645 -0.4468 0
1759 -0.4510 0
1159 -0.4550 0
31 -0.4571 0
1003 -0.4571 0
903 -0.4574 0
785 -0.4609 0
1186 -0.4624 0
1732 -0.4640 0
1387 -0.4681 0
10 -0.4683 0
1834 -0.4706 0
158 -0.4741 0
1779 -0.4808 0
207 -0.4860 0
54 -0.4884 0
1587 -0.4887 0
1985 -0.4919 0
196 -0.4934 0
442 -0.4977 0
254 -0.4981 0
1955 -0.4991 0
1860 -0.4991 0
1729 -0.5019 0
1359 -0.5051 0
1053 -0.5064 0
109 -0.5082 0
440 -0.5094 0
912 -0.5095 0
1969 -0.5122 0
52 -0.5152 0
1185 -0.5170 0
29 -0.5198 0
1839 -0.5204 0
1484 -0.5231 0
1101 -0.5234 0
53 -0.5256 0
1302 -0.5264 0
69 -0.5279 0
1800 -0.5286 0
752 -0.5312 0
437 -0.5323 0
60 -0.5378 0
648 -0.5404 0
536 -0.5480 0
348 -0.5485 0
1478 -0.5542 0
1927 -0.5636 0
175 -0.5650 0
1490 -0.5656 0
1033 -0.5712 0
1310 -0.5715 0
934 -0.5722 0
216 -0.5832 0
1755 -0.5883 0
1529 -0.5922 0
452 -0.5976 0
1735 -0.5997 0
217 -0.6003 0
1975 -0.6056 0
1717 -0.6077 0
1436 -0.6086 0
1719 -0.6092 0
877 -0.6099 0
1431 -0.6151 0
1328 -0.6197 0
1232 -0.6201 0
1709 -0.6287 0
63 -0.6290 0
1088 -0.6357 0
1835 -0.6430 0
1146 -0.6487 0
898 -0.6494 0
1076 -0.6519 0
201 -0.6532 0
335 -0.6574 0
1878 -0.6584 0
1750 -0.6644 0
164 -0.6646 0
326 -0.6683 0
1073 -0.6700 0
1994 -0.6727 0
1897 -0.6727 0
1385 -0.6867 0
1412 -0.6872 0
401 -0.6884 0
494 -0.6902 0
1966 -0.6964 0
1217 -0.6983 0
598 -0.7044 0
671 -0.7059 0
1208 -0.7136 0
708 -0.7145 0
1078 -0.7147 0
119 -0.7152 0
1246 -0.7202 0
665 -0.7255 0
1885 -0.7258 0
805 -0.7298 0
86 -0.7306 0
1765 -0.7311 0
1201 -0.7362 0
1942 -0.7391 0
1115 -0.7449 0
1327 -0.7460 0
256 -0.7467 0
1973 -0.7504 0
531 -0.7505 0
1873 -0.7523 0
5 -0.7530 0
279 -0.7563 0
406 -0.7597 0
26 -0.7605 0
263 -0.7618 0
742 -0.7618 0
811 -0.7636 0
525 -0.7651 0
550 -0.7692 0
1189 -0.7717 0
1192 -0.7783 0
1457 -0.7793 0
116 -0.7834 0
1062 -0.7893 0
853 -0.7999 0
942 -0.8021 0
1991 -0.8031 0
1958 -0.8066 0
235 -0.8068 0
1980 -0.8091 0
172 -0.8094 0
21 -0.8174 0
1907 -0.8175 0
1995 -0.8232 0
643 -0.8233 0
346 -0.8270 0
630 -0.8285 0
1222 -0.8343 0
161 -0.8407 0
1856 -0.8409 0
883 -0.8412 0
427 -0.8413 0
1741 -0.8546 0
1145 -0.8549 0
1705 -0.8549 0
534 -0.8612 0
83 -0.8649 0
1744 -0.8697 0
1514 -0.8717 0
1869 -0.8775 0
472 -0.8800 0
1413 -0.8810 0
1424 -0.8826 0
1875 -0.8833 0
626 -0.8865 0
613 -0.8866 0
236 -0.8886 0
705 -0.8952 0
80 -0.8956 0
15 -0.8959 0
122 -0.9036 0
436 -0.9085 0
1169 -0.9134 0
309 -0.9154 0
854 -0.9156 0
702 -0.9186 0
1704 -0.9240 0
321 -0.9241 0
209 -0.9303 0
447 -0.9387 0
1532 -0.9401 0
421 -0.9475 0
1513 -0.9546 0
1501 -0.9547 0
680 -0.9586 0
1095 -0.9654 0
1340 -0.9672 0
14 -0.9686 0
1425 -0.9705 0
932 -0.9771 0
1951 -0.9777 0
1715 -0.9792 0
223 -0.9794 0
1144 -0.9824 0
1560 -0.9851 0
1290 -0.9883 0
1510 -0.9983 0
1782 -1.0008 0
1963 -1.0029 0
709 -1.0080 0
219 -1.0085 0
179 -1.0129 0
804 -1.0188 0
410 -1.0235 0
443 -1.0305 0
1125 -1.0338 0
1775 -1.0420 0
1954 -1.0431 0
747 -1.0448 0
1084 -1.0476 0
568 -1.0491 0
549 -1.0524 0
284 -1.0530 0
1898 -1.0544 0
319 -1.0554 0
1408 -1.0569 0
1154 -1.0660 0
1791 -1.0691 0
600 -1.0694 0
900 -1.0774 0
1724 -1.0846 0
1527 -1.0910 0
1001 -1.0981 0
624 -1.1023 0
929 -1.1047 0
1915 -1.1087 0
1096 -1.1097 0
392 -1.1100 0
1924 -1.1158 0
482 -1.1180 0
149 -1.1200 0
35 -1.1245 0
710 -1.1374 0
1883 -1.1515 0
559 -1.1658 0
1981 -1.1672 0
1442 -1.1696 0
231 -1.1721 0
1910 -1.1732 0
583 -1.1866 0
1195 -1.1924 0
1818 -1.2077 0
569 -1.2103 0
424 -1.2169 0
1089 -1.2249 0
90 -1.2347 0
1659 -1.2352 0
504 -1.2364 0
1739 -1.2445 0
1948 -1.2480 0
1322 -1.2563 0
1238 -1.2589 0
1649 -1.2613 0
411 -1.2623 0
1911 -1.2691 0
72 -1.2724 0
1828 -1.2725 0
1864 -1.2726 0
195 -1.2750 0
1480 -1.2758 0
870 -1.2764 0
1070 -1.2794 0
251 -1.2903 0
212 -1.2932 0
1386 -1.2984 0
1116 -1.3038 0
1419 -1.3045 0
105 -1.3052 0
1054 -1.3055 0
1066 -1.3077 0
1459 -1.3086 0
555 -1.3129 0
1435 -1.3200 0
152 -1.3322 0
239 -1.3438 0
882 -1.3450 0
51 -1.3455 0
1184 -1.3589 0
1728 -1.3627 0
1406 -1.3754 0
1909 -1.3785 0
835 -1.3791 0
1090 -1.3821 0
1177 -1.3849 0
96 -1.3984 0
1882 -1.4039 0
576 -1.4104 0
808 -1.4151 0
1110 -1.4162 0
1807 -1.4213 0
701 -1.4227 0
1255 -1.4234 0
857 -1.4235 0
1342 -1.4272 0
303 -1.4287 0
1918 -1.4390 0
32 -1.4419 0
628 -1.4427 0
915 -1.4557 0
1960 -1.4617 0
445 -1.4620 0
1945 -1.4629 0
1140 -1.4657 0
1518 -1.4661 0
735 -1.4708 0
438 -1.4714 0
75 -1.4760 0
1245 -1.4777 0
412 -1.4780 0
1441 -1.4836 0
1798 -1.4843 0
1430 -1.4845 0
1706 -1.4848 0
644 -1.4872 0
1713 -1.4896 0
137 -1.4952 0
1890 -1.4978 0
174 -1.4987 0
1935 -1.5003 0
629 -1.5042 0
1718 -1.5097 0
1011 -1.5100 0
189 -1.5102 0
822 -1.5116 0
1015 -1.5127 0
1202 -1.5142 0
547 -1.5183 0
41 -1.5213 0
711 -1.5226 0
1059 -1.5240 0
1052 -1.5290 0
511 -1.5455 0
832 -1.5473 0
594 -1.5493 0
13 -1.5506 0
1324 -1.5528 0
170 -1.5538 0
1901 -1.5599 0
1131 -1.5604 0
94 -1.5736 0
1445 -1.5808 0
1416 -1.5830 0
1083 -1.5879 0
1162 -1.5908 0
1720 -1.5930 0
794 -1.5977 0
260 -1.5978 0
1180 -1.6033 0
173 -1.6067 0
703 -1.6067 0
118 -1.6075 0
1148 -1.6077 0
1173 -1.6084 0
1902 -1.6093 0
1895 -1.6103 0
22 -1.6143 0
1477 -1.6161 0
1722 -1.6187 0
855 -1.6243 0
1439 -1.6260 0
1884 -1.6273 0
1171 -1.6274 0
1906 -1.6360 0
927 -1.6368 0
305 -1.6385 0
1889 -1.6387 0
1332 -1.6406 0
200 -1.6424 0
246 -1.6425 0
770 -1.6462 0
67 -1.6464 0
166 -1.6473 0
222 -1.6536 0
9 -1.6554 0
608 -1.6567 0
76 -1.6591 0
590 -1.6631 0
866 -1.6641 0
1309 -1.6698 0
667 -1.6781 0
803 -1.6845 0
565 -1.6857 0
1168 -1.6868 0
834 -1.6907 0
415 -1.6957 0
1831 -1.7028 0
1861 -1.7032 0
1983 -1.7100 0
582 -1.7103 0
1766 -1.7127 0
817 -1.7134 0
1880 -1.7148 0
1239 -1.7195 0
1833 -1.7196 0
1846 -1.7198 0
262 -1.7235 0
1411 -1.7250 0
761 -1.7299 0
416 -1.7319 0
1770 -1.7335 0
686 -1.7354 0
1734 -1.7452 0
1912 -1.7474 0
611 -1.7510 0
27 -1.7595 0
1802 -1.7656 0
1161 -1.7670 0
1707 -1.7698 0
1974 -1.7731 0
312 -1.7739 0
840 -1.7802 0
865 -1.7855 0
34 -1.7897 0
244 -1.7907 0
578 -1.8005 0
1761 -1.8043 0
1438 -1.8070 0
1917 -1.8088 0
1816 -1.8183 0
1773 -1.8187 0
202 -1.8195 0
858 -1.8219 0
1443 -1.8240 0
637 -1.8273 0
341 -1.8275 0
1941 -1.8311 0
1731 -1.8316 0
1130 -1.8348 0
1937 -1.8371 0
1300 -1.8397 0
649 -1.8419 0
1437 -1.8491 0
1837 -1.8503 0
1976 -1.8507 0
1793 -1.8589 0
171 -1.8645 0
1891 -1.8651 0
1787 -1.8651 0
619 -1.8668 0
420 -1.8677 0
61 -1.8737 0
475 -1.8753 0
245 -1.8817 0
428 -1.8840 0
1126 -1.8897 0
1756 -1.9030 0
1820 -1.9208 0
62 -1.9215 0
749 -1.9217 0
1098 -1.9258 0
837 -1.9274 0
1845 -1.9277 0
1230 -1.9303 0
1730 -1.9343 0
1786 -1.9412 0
1170 -1.9490 0
715 -1.9528 0
859 -1.9531 0
1916 -1.9555 0
55 -1.9625 0
314 -1.9681 0
1850 -1.9686 0
633 -1.9850 0
1519 -1.9894 0
816 -1.9990 0
1811 -2.0069 0
1968 -2.0112 0
65 -2.0120 0
155 -2.0165 0
228 -2.0221 0
1700 -2.0226 0
30 -2.0240 0
585 -2.0247 0
646 -2.0340 0
339 -2.0404 0
154 -2.0445 0
1822 -2.0466 0
603 -2.0470 0
1151 -2.0545 0
1940 -2.0633 0
1193 -2.0734 0
1165 -2.0746 0
1247 -2.0757 0
1823 -2.0859 0
191 -2.0922 0
647 -2.0929 0
719 -2.0997 0
225 -2.1055 0
1045 -2.1167 0
1784 -2.1185 0
57 -2.1185 0
176 -2.1359 0
33 -2.1420 0
1176 -2.1427 0
237 -2.1462 0
1896 -2.1539 0
1347 -2.1615 0
1341 -2.1672 0
141 -2.1700 0
1894 -2.1702 0
1795 -2.1758 0
1103 -2.1771 0
221 -2.1795 0
1080 -2.1886 0
1402 -2.1993 0
82 -2.1993 0
486 -2.1993 0
1723 -2.2004 0
620 -2.2099 0
862 -2.2135 0
685 -2.2160 0
1220 -2.2171 0
609 -2.2172 0
1708 -2.2195 0
552 -2.2254 0
698 -2.2258 0
218 -2.2354 0
1129 -2.2365 0
1949 -2.2381 0
919 -2.2502 0
824 -2.2574 0
1926 -2.2606 0
178 -2.2650 0
28 -2.2674 0
1714 -2.2685 0
723 -2.2704 0
1303 -2.2799 0
1356 -2.2868 0
1334 -2.2880 0
1164 -2.2882 0
807 -2.2984 0
895 -2.3051 0
1903 -2.3321 0
1158 -2.3385 0
1764 -2.3397 0
229 -2.3404 0
249 -2.3410 0
612 -2.3411 0
1725 -2.3419 0
1747 -2.3419 0
605 -2.3476 0
869 -2.3647 0
1982 -2.3761 0
1081 -2.3827 0
800 -2.3909 0
575 -2.3921 0
1772 -2.3992 0
1760 -2.3993 0
1768 -2.4040 0
232 -2.4068 0
139 -2.4142 0
182 -2.4185 0
123 -2.4190 0
1174 -2.4207 0
1936 -2.4228 0
153 -2.4317 0
1928 -2.4472 0
1727 -2.4492 0
1887 -2.4751 0
825 -2.4988 0
557 -2.5012 0
894 -2.5071 0
1012 -2.5127 0
830 -2.5165 0
1908 -2.5318 0
0 -2.5426 0
876 -2.5457 0
1623 -2.5470 0
829 -2.5477 0
1825 -2.5486 0
814 -2.5495 0
1805 -2.5591 0
634 -2.5621 0
1133 -2.5640 0
1794 -2.5696 0
240 -2.5731 0
573 -2.5735 0
1018 -2.5851 0
124 -2.5993 0
802 -2.6004 0
160 -2.6040 0
712 -2.6170 0
1335 -2.6284 0
1429 -2.6315 0
1925 -2.6328 0
622 -2.6370 0
95 -2.6605 0
1183 -2.6607 0
621 -2.6663 0
1092 -2.6716 0
844 -2.6902 0
131 -2.7134 0
560 -2.7272 0
1830 -2.7358 0
121 -2.7511 0
210 -2.7630 0
845 -2.7673 0
635 -2.7726 0
731 -2.7937 0
1829 -2.7967 0
1307 -2.8031 0
1754 -2.8112 0
615 -2.8417 0
1038 -2.8467 0
503 -2.8498 0
1157 -2.8557 0
310 -2.8604 0
642 -2.8650 0
1099 -2.8658 0
1196 -2.8757 0
88 -2.8835 0
1844 -2.8921 0
138 -2.8938 0
1813 -2.9177 0
636 -2.9274 0
1069 -2.9278 0
1181 -2.9420 0
588 -2.9440 0
1762 -2.9497 0
226 -2.9500 0
1899 -2.9517 0
1947 -2.9611 0
570 -2.9762 0
1796 -2.9893 0
846 -2.9923 0
1188 -2.9955 0
847 -3.0095 0
614 -3.0260 0
113 -3.0386 0
292 -3.0511 0
554 -3.0551 0
163 -3.0624 0
1939 -3.0898 0
66 -3.1128 0
616 -3.1144 0
1812 -3.1418 0
1929 -3.1428 0
729 -3.1498 0
1318 -3.1595 0
1799 -3.1620 0
1733 -3.1885 0
267 -3.1955 0
843 -3.2247 0
726 -3.2297 0
1806 -3.2419 0
606 -3.2448 0
1312 -3.2563 0
571 -3.2757 0
1065 -3.2821 0
1345 -3.2967 0
831 -3.2967 0
632 -3.3041 0
625 -3.3258 0
1888 -3.3343 0
198 -3.3358 0
818 -3.3450 0
1314 -3.3457 0
238 -3.3718 0
566 -3.3793 0
595 -3.3829 0
1153 -3.4011 0
596 -3.4099 0
589 -3.4127 0
1198 -3.4156 0
587 -3.4346 0
579 -3.4431 0
1854 -3.4731 0
1329 -3.4733 0
1836 -3.4807 0
1175 -3.4844 0
1199 -3.4989 0
856 -3.5120 0
1093 -3.5121 0
826 -3.5589 0
848 -3.6085 0
610 -3.6142 0
1117 -3.6437 0
1953 -3.6527 0
561 -3.6905 0
441 -3.7188 0
299 -3.7200 0
1767 -3.7840 0
738 -3.7884 0
1866 -3.7890 0
4 -3.7946 0
1808 -3.8096 0
1150 -3.8623 0
586 -3.8740 0
1780 -3.8853 0
558 -3.9516 0
601 -3.9810 0
70 -3.9836 0
627 -3.9879 0
205 -4.0017 0
1118 -4.0080 0
551 -4.0147 0
71 -4.0332 0
414 -4.0381 0
1838 -4.0918 0
1819 -4.1043 0
1847 -4.1885 0
880 -4.2000 0
1842 -4.2009 0
820 -4.2354 0
572 -4.2463 0
815 -4.2697 0
1859 -4.3020 0
1781 -4.3332 0
58 -4.3372 0
812 -4.3851 0
1814 -4.4235 0
78 -4.4595 0
563 -4.6071 0
425 -4.6365 0
562 -4.6745 0
592 -4.7681 0
85 -4.7864 0
1827 -4.8240 0
413 -4.8285 0
821 -4.8720 0
638 -4.9685 0
1855 -5.1168 0
1810 -5.2328 0
828 -5.4587 0
1841 -5.5113 0
806 -5.7159 0
801 -5.8426 0
1817 -5.8573 0
1872 -6.0330 0
1826 -6.2214 0
1420 -6.2638 0
1840 -6.8871 0
889 -7.0087 0
