1019 22.2670 1
1007 20.5459 1
1005 19.4311 1
1012 19.0669 1
1004 18.8465 1
1016 18.4183 1
1046 16.8735 1
1036 16.7367 1
1009 15.7266 1
895 15.2833 0
1035 14.4537 1
1253 13.4921 0
1029 13.1390 1
1020 11.4157 1
1049 11.1808 1
1011 11.1696 1
377 10.8764 0
1018 10.8516 1
1002 10.6430 1
391 10.5484 0
889 10.4526 0
368 10.0804 0
733 10.0147 0
383 9.9058 0
389 9.5608 0
1014 9.4583 1
1037 9.2635 1
1274 8.9886 0
394 8.8366 0
882 8.6453 0
1432 8.6400 0
370 8.5870 0
1006 8.5416 1
1032 8.4256 1
1420 8.3675 0
1010 8.3583 1
350 8.1653 0
1023 8.0467 1
1630 7.9573 0
1283 7.8792 0
1849 7.8581 0
1435 7.8293 0
1284 7.8290 0
1467 7.7794 0
859 7.6812 0
1026 7.6340 1
1209 7.6024 0
980 7.5902 0
1013 7.5861 1
1258 7.5790 0
1379 7.5772 0
1008 7.4781 1
388 7.4457 0
73 7.3419 0
52 7.3131 0
1246 7.3078 0
857 7.2966 0
1040 7.2413 1
1248 7.2186 0
1024 7.2055 1
455 7.1924 0
880 7.1867 0
749 7.1485 0
862 7.1337 0
701 7.1266 0
1047 7.0861 1
1272 7.0703 0
1337 7.0060 0
736 7.0016 0
356 6.9933 0
1048 6.9687 1
1281 6.9652 0
1843 6.8625 0
393 6.8623 0
363 6.8620 0
1017 6.7483 1
68 6.7326 0
884 6.7319 0
864 6.6856 0
1250 6.6201 0
1003 6.6105 1
357 6.5673 0
1041 6.5303 1
1249 6.5080 0
709 6.5079 0
376 6.5036 0
708 6.4530 0
1668 6.4348 0
1027 6.4288 1
386 6.4269 0
364 6.3947 0
399 6.3902 0
1429 6.3897 0
1261 6.3824 0
395 6.3798 0
1799 6.3507 0
380 6.3461 0
475 6.3119 0
1118 6.2938 0
1529 6.2835 0
1353 6.2727 0
392 6.2320 0
488 6.2012 0
496 6.1801 0
1996 6.1614 0
1788 6.1388 0
450 6.0716 0
711 6.0595 0
875 6.0139 0
1740 5.9322 0
352 5.9295 0
1039 5.9239 1
382 5.8918 0
1279 5.8553 0
1235 5.8524 0
374 5.8240 0
1437 5.7822 0
1038 5.7515 1
855 5.7447 0
355 5.7242 0
378 5.6791 0
1221 5.6350 0
1759 5.6201 0
390 5.6050 0
738 5.5388 0
1553 5.5366 0
362 5.5032 0
742 5.4893 0
699 5.4736 0
1442 5.4681 0
732 5.4523 0
1316 5.4511 0
1487 5.4147 0
473 5.3796 0
1755 5.3675 0
925 5.3621 0
741 5.3578 0
1820 5.3529 0
351 5.3509 0
856 5.3331 0
1257 5.3131 0
1760 5.3016 0
1403 5.2969 0
1372 5.2955 0
1412 5.2896 0
1260 5.2573 0
1626 5.2463 0
1311 5.2458 0
385 5.2447 0
358 5.2354 0
1324 5.2169 0
397 5.2081 0
561 5.1846 0
1287 5.1742 0
966 5.1738 0
1495 5.0936 0
1157 5.0668 0
548 5.0546 0
1772 5.0486 0
712 5.0269 0
1268 5.0217 0
476 5.0123 0
38 5.0123 0
868 5.0066 0
798 4.9815 0
367 4.9756 0
359 4.9751 0
888 4.9668 0
1286 4.9631 0
886 4.9570 0
1124 4.9526 0
481 4.9404 0
342 4.9400 0
1161 4.9231 0
1229 4.9066 0
1816 4.9043 0
1796 4.8893 0
757 4.8769 0
1196 4.8767 0
477 4.8491 0
858 4.8321 0
870 4.8150 0
75 4.7899 0
1786 4.7864 0
1768 4.7768 0
1158 4.7744 0
365 4.7637 0
172 4.7623 0
459 4.7523 0
1232 4.7493 0
372 4.7388 0
1780 4.7362 0
458 4.7346 0
898 4.7026 0
1265 4.7009 0
987 4.6974 0
746 4.6860 0
1304 4.6843 0
1280 4.6686 0
419 4.6543 0
735 4.6470 0
314 4.6360 0
1342 4.6202 0
958 4.6060 0
480 4.5702 0
1001 4.5538 1
398 4.5499 0
456 4.5422 0
373 4.5385 0
381 4.5163 0
1044 4.4728 1
748 4.4702 0
1549 4.4621 0
1159 4.4582 0
1285 4.4497 0
796 4.4323 0
1273 4.4129 0
1669 4.4044 0
366 4.3913 0
330 4.3534 0
1292 4.3395 0
1421 4.3357 0
1492 4.3353 0
1899 4.3266 0
375 4.3045 0
425 4.3042 0
434 4.3038 0
1022 4.2703 1
1340 4.2667 0
1208 4.2620 0
1360 4.2616 0
1813 4.2253 0
540 4.2248 0
723 4.2244 0
1415 4.2160 0
1693 4.2133 0
1758 4.2123 0
769 4.2107 0
1318 4.1932 0
1481 4.1866 0
526 4.1866 0
1240 4.1820 0
1742 4.1753 0
1131 4.1715 0
750 4.1654 0
1371 4.1228 0
1297 4.1150 0
484 4.1090 0
491 4.1068 0
687 4.1042 0
1471 4.1020 0
754 4.0938 0
1326 4.0856 0
1301 4.0802 0
1298 4.0744 0
1663 4.0394 0
1724 4.0243 0
1784 4.0075 0
1348 4.0071 0
907 3.9826 0
1269 3.9812 0
1819 3.9754 0
1312 3.9452 0
1655 3.9417 0
745 3.9386 0
1797 3.8910 0
1214 3.8893 0
1217 3.8716 0
1184 3.8669 0
1754 3.8480 0
1557 3.8461 0
874 3.8398 0
1621 3.8206 0
1247 3.8146 0
1224 3.8135 0
452 3.8042 0
969 3.7992 0
1842 3.7944 0
1370 3.7866 0
1063 3.7798 0
1252 3.7755 0
686 3.7643 0
1713 3.7610 0
714 3.7593 0
667 3.7575 0
210 3.7544 0
353 3.7525 0
1345 3.7450 0
1145 3.7377 0
41 3.7099 0
1293 3.6933 0
1472 3.6841 0
1778 3.6830 0
972 3.6768 0
396 3.6715 0
1121 3.6698 0
1299 3.6637 0
764 3.6556 0
1619 3.6529 0
1320 3.6487 0
1313 3.6448 0
468 3.6370 0
752 3.6315 0
1787 3.6174 0
1336 3.6155 0
1134 3.6138 0
1431 3.6097 0
597 3.6074 0
653 3.6036 0
1374 3.5988 0
482 3.5797 0
728 3.5753 0
1241 3.5732 0
1291 3.5727 0
489 3.5615 0
279 3.5563 0
1172 3.5442 0
1381 3.5356 0
1427 3.5126 0
1288 3.5119 0
650 3.5017 0
1188 3.5003 0
449 3.4832 0
1692 3.4738 0
1455 3.4611 0
1367 3.4421 0
1271 3.4358 0
1365 3.4067 0
1200 3.4055 0
1227 3.3968 0
890 3.3806 0
379 3.3653 0
1484 3.3648 0
472 3.3598 0
1664 3.3559 0
696 3.3496 0
1255 3.3426 0
892 3.3250 0
1725 3.3082 0
1747 3.3082 0
869 3.2995 0
1387 3.2978 0
87 3.2944 0
1913 3.2938 0
1687 3.2680 0
1033 3.2605 1
1183 3.2571 0
737 3.2475 0
813 3.2442 0
1030 3.2431 1
503 3.2358 0
1322 3.2259 0
309 3.2249 0
1343 3.2230 0
523 3.2188 0
1419 3.2176 0
1846 3.2139 0
1448 3.2097 0
1501 3.2030 0
327 3.1940 0
338 3.1846 0
1897 3.1734 0
1236 3.1709 0
729 3.1557 0
850 3.1489 0
1502 3.1456 0
471 3.1434 0
1690 3.1319 0
495 3.1308 0
1057 3.1215 0
1062 3.1155 0
66 3.1141 0
1341 3.1140 0
1464 3.1136 0
1251 3.1103 0
974 3.1046 0
1034 3.0984 1
1383 3.0977 0
740 3.0859 0
387 3.0848 0
1695 3.0812 0
262 3.0810 0
938 3.0774 0
1325 3.0659 0
1051 3.0652 0
679 3.0644 0
1752 3.0550 0
1275 3.0533 0
827 3.0501 0
660 3.0397 0
1731 3.0342 0
310 3.0329 0
1440 3.0320 0
544 3.0228 0
668 3.0120 0
1560 3.0076 0
1422 3.0052 0
1181 2.9982 0
490 2.9952 0
1679 2.9829 0
1680 2.9815 0
521 2.9784 0
595 2.9781 0
661 2.9780 0
1133 2.9765 0
1832 2.9591 0
617 2.9478 0
1168 2.9459 0
915 2.9449 0
304 2.9426 0
779 2.9364 0
887 2.9319 0
1100 2.9250 0
677 2.9242 0
899 2.9237 0
1627 2.9160 0
160 2.9097 0
1178 2.9043 0
1393 2.8989 0
1117 2.8874 0
1739 2.8850 0
626 2.8837 0
1329 2.8800 0
1378 2.8734 0
883 2.8654 0
1677 2.8590 0
1123 2.8499 0
1102 2.8488 0
675 2.8401 0
1684 2.8380 0
1436 2.8354 0
897 2.8327 0
713 2.8320 0
575 2.8293 0
1166 2.8207 0
1389 2.8196 0
877 2.8168 0
633 2.8014 0
1933 2.7923 0
1140 2.7914 0
854 2.7860 0
1309 2.7825 0
836 2.7816 0
1201 2.7791 0
1665 2.7751 0
799 2.7748 0
1476 2.7667 0
867 2.7422 0
1376 2.7395 0
1323 2.7348 0
1256 2.7314 0
1290 2.7293 0
1656 2.7238 0
1310 2.7095 0
1277 2.7091 0
498 2.7071 0
138 2.7011 0
502 2.6988 0
199 2.6978 0
1308 2.6949 0
361 2.6923 0
995 2.6883 0
1327 2.6851 0
1414 2.6634 0
793 2.6558 0
1331 2.6535 0
1949 2.6515 0
354 2.6512 0
1763 2.6425 0
533 2.6330 0
1469 2.6328 0
1113 2.6188 0
1330 2.6048 0
829 2.5957 0
1411 2.5942 0
79 2.5877 0
1238 2.5767 0
787 2.5732 0
775 2.5731 0
524 2.5648 0
1404 2.5632 0
1636 2.5589 0
1466 2.5568 0
964 2.5505 0
792 2.5451 0
1480 2.5378 0
1852 2.5342 0
1708 2.5329 0
1470 2.5269 0
1199 2.5266 0
963 2.5178 0
1600 2.5157 0
159 2.5142 0
348 2.5118 0
1519 2.5101 0
1567 2.5080 0
1350 2.5068 0
982 2.5036 0
1021 2.5004 1
1339 2.4972 0
871 2.4910 0
1153 2.4869 0
1164 2.4809 0
1474 2.4647 0
560 2.4625 0
1315 2.4597 0
80 2.4563 0
853 2.4556 0
909 2.4554 0
1806 2.4525 0
1366 2.4501 0
1757 2.4345 0
1733 2.4233 0
430 2.4148 0
851 2.3842 0
1738 2.3817 0
245 2.3772 0
1761 2.3601 0
1485 2.3578 0
1682 2.3519 0
1616 2.3483 0
1146 2.3471 0
683 2.3459 0
669 2.3366 0
1456 2.3334 0
1762 2.3240 0
384 2.3124 0
1449 2.3068 0
910 2.2991 0
657 2.2933 0
1864 2.2875 0
621 2.2867 0
937 2.2823 0
1654 2.2804 0
1064 2.2788 0
1335 2.2726 0
223 2.2707 0
1443 2.2694 0
1300 2.2662 0
794 2.2642 0
879 2.2591 0
530 2.2531 0
704 2.2465 0
1635 2.2462 0
598 2.2428 0
1175 2.2305 0
1096 2.2235 0
1750 2.2219 0
893 2.2193 0
1774 2.2148 0
1554 2.2134 0
1660 2.2080 0
1425 2.1938 0
1609 2.1920 0
1489 2.1914 0
1202 2.1896 0
1351 2.1859 0
1138 2.1746 0
1068 2.1735 0
1410 2.1727 0
1346 2.1722 0
1305 2.1661 0
1170 2.1652 0
1906 2.1637 0
222 2.1596 0
1493 2.1563 0
1482 2.1552 0
1804 2.1551 0
1613 2.1516 0
538 2.1496 0
1031 2.1449 1
1377 2.1385 0
1344 2.1379 0
335 2.1336 0
1550 2.1277 0
993 2.1269 0
1225 2.1261 0
1091 2.1253 0
751 2.1223 0
674 2.1217 0
1187 2.1117 0
676 2.1092 0
1289 2.1064 0
615 2.1059 0
1369 2.1051 0
1362 2.1030 0
63 2.0942 0
492 2.0900 0
649 2.0748 0
346 2.0692 0
1356 2.0647 0
1705 2.0640 0
1072 2.0486 0
1396 2.0370 0
885 2.0304 0
1115 2.0238 0
1407 2.0163 0
1216 2.0159 0
1354 2.0156 0
876 2.0112 0
235 2.0085 0
1231 1.9989 0
1056 1.9898 0
1314 1.9860 0
1439 1.9844 0
1386 1.9810 0
1781 1.9795 0
1767 1.9789 0
1537 1.9765 0
1282 1.9709 0
1126 1.9708 0
1925 1.9694 0
835 1.9614 0
812 1.9600 0
1641 1.9410 0
996 1.9257 0
1637 1.9245 0
11 1.9238 0
371 1.9145 0
1423 1.9093 0
1163 1.9081 0
922 1.9071 0
992 1.8978 0
724 1.8974 0
1303 1.8934 0
1718 1.8930 0
1625 1.8922 0
953 1.8900 0
1499 1.8887 0
485 1.8879 0
950 1.8859 0
1582 1.8834 0
1307 1.8806 0
505 1.8805 0
1520 1.8802 0
1776 1.8752 0
1359 1.8689 0
1259 1.8681 0
929 1.8670 0
1447 1.8663 0
1653 1.8659 0
1766 1.8609 0
369 1.8574 0
1697 1.8567 0
670 1.8530 0
494 1.8507 0
891 1.8468 0
1756 1.8461 0
1711 1.8453 0
218 1.8437 0
1104 1.8432 0
1363 1.8333 0
999 1.8325 0
1218 1.8245 0
1807 1.8237 0
313 1.8217 0
257 1.8074 0
1956 1.8037 0
1045 1.7949 1
1775 1.7919 0
240 1.7915 0
632 1.7840 0
656 1.7747 0
1659 1.7709 0
1645 1.7702 0
664 1.7655 0
1296 1.7635 0
1674 1.7630 0
727 1.7600 0
1169 1.7583 0
1347 1.7559 0
1278 1.7501 0
1874 1.7350 0
706 1.7337 0
786 1.7288 0
1237 1.7262 0
768 1.7192 0
703 1.7184 0
478 1.7157 0
1394 1.7156 0
1647 1.7142 0
1319 1.7019 0
816 1.6986 0
654 1.6921 0
1332 1.6919 0
844 1.6883 0
1709 1.6865 0
988 1.6859 0
865 1.6839 0
1844 1.6837 0
666 1.6796 0
710 1.6751 0
1992 1.6731 0
345 1.6702 0
782 1.6697 0
1015 1.6615 1
1295 1.6591 0
568 1.6563 0
1349 1.6556 0
1573 1.6476 0
88 1.6466 0
913 1.6413 0
791 1.6406 0
1173 1.6368 0
1391 1.6336 0
1681 1.6320 0
1783 1.6280 0
224 1.6265 0
1457 1.6140 0
957 1.6136 0
1152 1.6122 0
421 1.6052 0
1082 1.6049 0
486 1.6030 0
1624 1.6005 0
1854 1.5846 0
1792 1.5794 0
939 1.5781 0
770 1.5664 0
1454 1.5649 0
1364 1.5646 0
1622 1.5638 0
1700 1.5607 0
756 1.5578 0
983 1.5575 0
1244 1.5559 0
693 1.5504 0
1116 1.5482 0
1054 1.5216 0
1716 1.5216 0
1210 1.5211 0
1101 1.5088 0
1400 1.5074 0
1302 1.5043 0
593 1.5031 0
6 1.5023 0
577 1.5001 0
863 1.4994 0
1497 1.4993 0
37 1.4952 0
244 1.4941 0
1177 1.4941 0
663 1.4830 0
1194 1.4723 0
1114 1.4716 0
1373 1.4707 0
453 1.4693 0
721 1.4685 0
512 1.4624 0
1795 1.4591 0
311 1.4589 0
908 1.4563 0
1666 1.4510 0
1070 1.4478 0
1712 1.4408 0
682 1.4405 0
1707 1.4339 0
586 1.4273 0
1276 1.4246 0
873 1.4236 0
689 1.4178 0
1147 1.4166 0
1547 1.4164 0
1392 1.4149 0
681 1.4098 0
78 1.4095 0
1328 1.4022 0
229 1.4001 0
1149 1.3996 0
1638 1.3957 0
1903 1.3874 0
1073 1.3867 0
860 1.3865 0
734 1.3840 0
1167 1.3818 0
1321 1.3761 0
1691 1.3735 0
1151 1.3717 0
852 1.3679 0
778 1.3627 0
1479 1.3553 0
1782 1.3510 0
960 1.3507 0
581 1.3502 0
1885 1.3498 0
1150 1.3417 0
847 1.3402 0
1368 1.3363 0
1741 1.3338 0
1841 1.3327 0
730 1.3310 0
932 1.3260 0
900 1.3257 0
1606 1.3225 0
1789 1.3180 0
968 1.3177 0
426 1.3169 0
1453 1.3145 0
700 1.3114 0
1426 1.3113 0
1614 1.3092 0
989 1.3053 0
457 1.3007 0
678 1.2972 0
914 1.2947 0
1148 1.2943 0
1176 1.2934 0
1434 1.2910 0
763 1.2892 0
1524 1.2866 0
111 1.2826 0
451 1.2819 0
1193 1.2808 0
1540 1.2807 0
1770 1.2769 0
1764 1.2749 0
1935 1.2682 0
921 1.2638 0
785 1.2597 0
1180 1.2590 0
131 1.2579 0
1800 1.2548 0
545 1.2539 0
722 1.2497 0
1445 1.2448 0
931 1.2443 0
1661 1.2387 0
336 1.2338 0
320 1.2315 0
1206 1.2296 0
838 1.2226 0
658 1.2203 0
1623 1.2148 0
1358 1.2055 0
1823 1.1960 0
691 1.1940 0
606 1.1936 0
1514 1.1935 0
1405 1.1834 0
1662 1.1793 0
1130 1.1778 0
26 1.1777 0
520 1.1722 0
1748 1.1707 0
1417 1.1614 0
50 1.1600 0
1385 1.1593 0
343 1.1499 0
1189 1.1427 0
1513 1.1304 0
1486 1.1285 0
1127 1.1279 0
1198 1.1267 0
1744 1.1227 0
493 1.1183 0
731 1.1128 0
1028 1.1081 1
665 1.0961 0
1154 1.0931 0
1815 1.0923 0
1765 1.0888 0
866 1.0864 0
1642 1.0814 0
1575 1.0791 0
955 1.0685 0
1958 1.0633 0
1494 1.0615 0
1751 1.0605 0
1135 1.0598 0
1223 1.0551 0
719 1.0527 0
1675 1.0522 0
776 1.0439 0
1699 1.0421 0
1357 1.0390 0
1696 1.0377 0
465 1.0376 0
1109 1.0361 0
1052 1.0357 0
622 1.0322 0
1521 1.0213 0
759 1.0168 0
291 1.0136 0
1580 1.0132 0
1475 1.0098 0
646 1.0077 0
1380 1.0077 0
1723 1.0007 0
1165 0.9967 0
271 0.9898 0
1558 0.9796 0
1162 0.9767 0
635 0.9642 0
1490 0.9589 0
970 0.9575 0
1909 0.9547 0
662 0.9428 0
1306 0.9411 0
744 0.9399 0
1458 0.9327 0
349 0.9318 0
1726 0.9240 0
514 0.9224 0
1222 0.9211 0
1451 0.9177 0
281 0.9039 0
97 0.9038 0
1043 0.9021 1
1617 0.8904 0
566 0.8883 0
1532 0.8881 0
1416 0.8874 0
582 0.8852 0
1144 0.8817 0
1430 0.8756 0
1791 0.8732 0
272 0.8678 0
978 0.8674 0
312 0.8653 0
1798 0.8588 0
201 0.8561 0
619 0.8528 0
461 0.8482 0
1856 0.8425 0
1428 0.8309 0
1500 0.8262 0
795 0.8251 0
717 0.8229 0
95 0.8171 0
273 0.8124 0
1673 0.8058 0
1793 0.8034 0
1683 0.7964 0
221 0.7963 0
275 0.7947 0
1869 0.7872 0
1498 0.7716 0
640 0.7647 0
902 0.7639 0
1266 0.7638 0
903 0.7567 0
1543 0.7531 0
463 0.7524 0
1904 0.7498 0
1604 0.7471 0
930 0.7464 0
823 0.7444 0
842 0.7399 0
984 0.7383 0
443 0.7352 0
1948 0.7341 0
1061 0.7301 0
268 0.7294 0
1528 0.7288 0
801 0.7285 0
33 0.7284 0
529 0.7230 0
507 0.7224 0
14 0.7219 0
454 0.7171 0
474 0.7167 0
1395 0.7146 0
716 0.7107 0
147 0.7092 0
1460 0.7019 0
620 0.7007 0
1552 0.6972 0
1262 0.6903 0
510 0.6854 0
1640 0.6837 0
1143 0.6822 0
641 0.6819 0
1702 0.6812 0
360 0.6803 0
340 0.6754 0
934 0.6695 0
961 0.6635 0
1678 0.6626 0
1562 0.6585 0
1915 0.6499 0
483 0.6455 0
347 0.6445 0
762 0.6406 0
584 0.6364 0
1952 0.6362 0
1270 0.6347 0
1069 0.6312 0
567 0.6304 0
1953 0.6271 0
1441 0.6253 0
528 0.6182 0
1686 0.6180 0
1927 0.6152 0
949 0.6109 0
919 0.6080 0
790 0.6035 0
920 0.6032 0
1160 0.6022 0
464 0.6017 0
1465 0.5990 0
600 0.5957 0
1141 0.5940 0
807 0.5772 0
195 0.5724 0
1729 0.5720 0
460 0.5713 0
1710 0.5713 0
469 0.5697 0
94 0.5657 0
981 0.5637 0
1338 0.5561 0
1794 0.5531 0
1505 0.5516 0
508 0.5482 0
1728 0.5460 0
237 0.5430 0
22 0.5384 0
1263 0.5316 0
596 0.5301 0
1602 0.5289 0
1053 0.5261 0
698 0.5244 0
40 0.5241 0
971 0.5193 0
673 0.5140 0
1511 0.5061 0
1671 0.4957 0
651 0.4945 0
773 0.4890 0
1233 0.4812 0
1618 0.4773 0
1526 0.4766 0
839 0.4747 0
720 0.4614 0
266 0.4587 0
797 0.4528 0
1703 0.4517 0
285 0.4513 0
1518 0.4420 0
1608 0.4418 0
951 0.4311 0
1398 0.4307 0
715 0.4293 0
1670 0.4240 0
277 0.4170 0
954 0.4169 0
1896 0.4146 0
861 0.4128 0
1155 0.4125 0
446 0.4098 0
942 0.3927 0
1110 0.3844 0
1888 0.3839 0
1535 0.3828 0
1508 0.3819 0
166 0.3806 0
1599 0.3670 0
956 0.3618 0
428 0.3609 0
286 0.3561 0
1067 0.3549 0
975 0.3522 0
803 0.3498 0
58 0.3470 0
1254 0.3439 0
1192 0.3428 0
948 0.3388 0
878 0.3260 0
83 0.3248 0
1910 0.3238 0
267 0.3217 0
912 0.3177 0
1406 0.3092 0
542 0.3070 0
292 0.3049 0
227 0.2938 0
1212 0.2895 0
1936 0.2870 0
1865 0.2870 0
48 0.2816 0
644 0.2773 0
1128 0.2768 0
1473 0.2672 0
207 0.2572 0
1611 0.2550 0
252 0.2520 0
1902 0.2495 0
809 0.2486 0
1399 0.2480 0
1561 0.2421 0
1112 0.2368 0
554 0.2365 0
39 0.2327 0
1999 0.2319 0
1658 0.2285 0
1203 0.2232 0
258 0.2226 0
1375 0.2189 0
1967 0.2140 0
344 0.2138 0
1629 0.2107 0
105 0.2099 0
1891 0.2053 0
168 0.2045 0
1267 0.2045 0
610 0.2044 0
241 0.2042 0
1837 0.1985 0
1156 0.1965 0
91 0.1897 0
0 0.1796 0
1773 0.1759 0
1817 0.1713 0
1785 0.1699 0
1522 0.1659 0
1643 0.1633 0
1333 0.1615 0
1533 0.1591 0
774 0.1574 0
896 0.1565 0
331 0.1553 0
1650 0.1516 0
918 0.1475 0
1207 0.1389 0
672 0.1378 0
156 0.1370 0
1195 0.1343 0
1544 0.1205 0
57 0.1180 0
553 0.1113 0
1720 0.1106 0
962 0.1100 0
905 0.1003 0
1093 0.0972 0
1264 0.0966 0
1769 0.0957 0
135 0.0944 0
965 0.0812 0
416 0.0807 0
1905 0.0804 0
1185 0.0784 0
556 0.0778 0
848 0.0768 0
834 0.0763 0
945 0.0736 0
1867 0.0723 0
1402 0.0696 0
287 0.0655 0
1548 0.0608 0
1717 0.0606 0
1111 0.0547 0
270 0.0545 0
121 0.0541 0
1461 0.0535 0
760 0.0484 0
1732 0.0421 0
642 0.0415 0
1836 0.0392 0
767 0.0386 0
1685 0.0315 0
1137 0.0264 0
1845 0.0263 0
1615 0.0192 0
1294 0.0191 0
1317 0.0132 0
1483 0.0092 0
1531 0.0052 0
1883 0.0040 0
623 0.0008 0
613 0.0003 0
1438 -0.0095 0
1182 -0.0096 0
1694 -0.0108 0
647 -0.0139 0
1566 -0.0163 0
1736 -0.0166 0
414 -0.0173 0
1730 -0.0216 0
1078 -0.0225 0
1538 -0.0231 0
837 -0.0239 0
1450 -0.0244 0
780 -0.0296 0
1384 -0.0302 0
624 -0.0327 0
1607 -0.0342 0
1649 -0.0345 0
462 -0.0416 0
820 -0.0429 0
126 -0.0431 0
607 -0.0461 0
636 -0.0489 0
1401 -0.0495 0
1179 -0.0543 0
685 -0.0577 0
234 -0.0622 0
688 -0.0638 0
705 -0.0666 0
1714 -0.0669 0
85 -0.0675 0
726 -0.0717 0
211 -0.0750 0
1942 -0.0757 0
238 -0.0774 0
1584 -0.0775 0
1612 -0.0785 0
986 -0.0810 0
578 -0.0812 0
1089 -0.0877 0
1191 -0.0889 0
513 -0.0944 0
517 -0.0948 0
967 -0.0984 0
260 -0.1030 0
1055 -0.1093 0
1881 -0.1197 0
1749 -0.1250 0
881 -0.1252 0
1771 -0.1300 0
1409 -0.1334 0
1847 -0.1338 0
148 -0.1355 0
1197 -0.1383 0
47 -0.1454 0
519 -0.1482 0
1628 -0.1498 0
202 -0.1521 0
100 -0.1521 0
906 -0.1536 0
1076 -0.1538 0
1644 -0.1588 0
840 -0.1599 0
253 -0.1604 0
497 -0.1612 0
1571 -0.1627 0
1734 -0.1637 0
1074 -0.1664 0
307 -0.1667 0
1075 -0.1730 0
1186 -0.1740 0
1530 -0.1748 0
761 -0.1837 0
1810 -0.1944 0
59 -0.1954 0
1859 -0.1962 0
547 -0.2053 0
639 -0.2096 0
1851 -0.2114 0
1085 -0.2271 0
789 -0.2294 0
924 -0.2297 0
431 -0.2338 0
297 -0.2345 0
1646 -0.2494 0
1171 -0.2534 0
944 -0.2544 0
334 -0.2546 0
1892 -0.2557 0
1059 -0.2611 0
589 -0.2623 0
1468 -0.2640 0
177 -0.2727 0
167 -0.2731 0
1545 -0.2742 0
1390 -0.2763 0
293 -0.2799 0
466 -0.2804 0
411 -0.2856 0
303 -0.2865 0
1632 -0.3028 0
194 -0.3068 0
1634 -0.3076 0
1042 -0.3161 1
1142 -0.3233 0
109 -0.3247 0
1706 -0.3317 0
631 -0.3320 0
1477 -0.3323 0
337 -0.3358 0
1889 -0.3370 0
952 -0.3401 0
1462 -0.3456 0
1827 -0.3457 0
1077 -0.3459 0
280 -0.3501 0
810 -0.3581 0
1491 -0.3603 0
242 -0.3607 0
42 -0.3641 0
1834 -0.3654 0
1689 -0.3665 0
846 -0.3667 0
161 -0.3668 0
594 -0.3683 0
1838 -0.3691 0
103 -0.3702 0
1119 -0.3747 0
697 -0.3874 0
1527 -0.3879 0
499 -0.3942 0
608 -0.3977 0
1977 -0.3977 0
1103 -0.3989 0
574 -0.3993 0
811 -0.4006 0
86 -0.4020 0
305 -0.4064 0
1962 -0.4075 0
501 -0.4099 0
1132 -0.4159 0
136 -0.4161 0
743 -0.4168 0
1000 -0.4181 1
300 -0.4184 0
592 -0.4223 0
579 -0.4261 0
1546 -0.4288 0
1463 -0.4311 0
438 -0.4373 0
1908 -0.4411 0
509 -0.4417 0
479 -0.4448 0
546 -0.4469 0
1413 -0.4515 0
1090 -0.4527 0
515 -0.4537 0
289 -0.4553 0
43 -0.4575 0
254 -0.4580 0
169 -0.4634 0
67 -0.4644 0
1488 -0.4660 0
1478 -0.4685 0
110 -0.4742 0
108 -0.4758 0
29 -0.4837 0
1334 -0.4885 0
638 -0.4902 0
299 -0.4917 0
332 -0.4936 0
1805 -0.4944 0
1848 -0.5010 0
1459 -0.5187 0
1190 -0.5239 0
1831 -0.5305 0
1737 -0.5307 0
70 -0.5351 0
1509 -0.5359 0
1875 -0.5375 0
588 -0.5393 0
991 -0.5431 0
1219 -0.5462 0
298 -0.5499 0
325 -0.5516 0
1753 -0.5521 0
1 -0.5533 0
534 -0.5565 0
99 -0.5686 0
339 -0.5711 0
570 -0.5782 0
1087 -0.5792 0
1855 -0.5799 0
576 -0.5844 0
1998 -0.5858 0
747 -0.5869 0
1534 -0.5877 0
1866 -0.5908 0
406 -0.5928 0
165 -0.5948 0
781 -0.5967 0
1105 -0.6073 0
758 -0.6147 0
1919 -0.6158 0
1745 -0.6164 0
1025 -0.6191 1
1887 -0.6264 0
1676 -0.6279 0
1234 -0.6331 0
637 -0.6341 0
1452 -0.6351 0
1496 -0.6364 0
255 -0.6370 0
89 -0.6372 0
21 -0.6424 0
1715 -0.6490 0
306 -0.6564 0
504 -0.6586 0
27 -0.6691 0
555 -0.6700 0
1991 -0.6711 0
616 -0.6727 0
1830 -0.6735 0
1139 -0.6754 0
333 -0.6793 0
1094 -0.6795 0
1107 -0.6803 0
977 -0.6822 0
1245 -0.6862 0
1639 -0.6889 0
739 -0.6896 0
1779 -0.6909 0
590 -0.6962 0
1106 -0.7020 0
1551 -0.7061 0
725 -0.7087 0
213 -0.7147 0
93 -0.7148 0
1590 -0.7163 0
1215 -0.7247 0
60 -0.7324 0
1880 -0.7325 0
1565 -0.7426 0
1812 -0.7435 0
225 -0.7485 0
1801 -0.7492 0
1825 -0.7538 0
230 -0.7551 0
1129 -0.7583 0
1790 -0.7586 0
1083 -0.7688 0
203 -0.7730 0
1620 -0.7754 0
1985 -0.7796 0
19 -0.7814 0
1722 -0.7820 0
239 -0.7846 0
23 -0.7847 0
54 -0.7910 0
1878 -0.7968 0
32 -0.7999 0
487 -0.8003 0
753 -0.8018 0
49 -0.8068 0
535 -0.8121 0
1424 -0.8151 0
1987 -0.8164 0
1877 -0.8172 0
420 -0.8179 0
1818 -0.8220 0
1746 -0.8262 0
276 -0.8264 0
1050 -0.8281 0
933 -0.8344 0
985 -0.8404 0
997 -0.8411 0
1721 -0.8447 0
1444 -0.8456 0
645 -0.8460 0
1397 -0.8533 0
1701 -0.8570 0
321 -0.8590 0
541 -0.8617 0
1095 -0.8640 0
1595 -0.8657 0
707 -0.8708 0
1926 -0.8727 0
197 -0.8741 0
583 -0.8754 0
634 -0.8880 0
1512 -0.8981 0
564 -0.9001 0
1870 -0.9024 0
826 -0.9211 0
973 -0.9279 0
1228 -0.9322 0
61 -0.9388 0
1631 -0.9393 0
821 -0.9463 0
1900 -0.9473 0
833 -0.9509 0
1811 -0.9522 0
804 -0.9585 0
436 -0.9611 0
1978 -0.9658 0
1657 -0.9808 0
1174 -0.9862 0
1672 -0.9985 0
1596 -1.0046 0
1954 -1.0217 0
1603 -1.0235 0
563 -1.0251 0
1648 -1.0305 0
283 -1.0388 0
55 -1.0405 0
1211 -1.0449 0
295 -1.0471 0
188 -1.0509 0
284 -1.0596 0
580 -1.0728 0
1860 -1.0850 0
1824 -1.0864 0
212 -1.0871 0
1872 -1.0932 0
328 -1.0960 0
630 -1.0963 0
1688 -1.0972 0
1884 -1.0988 0
655 -1.0997 0
1911 -1.1017 0
341 -1.1067 0
841 -1.1171 0
979 -1.1175 0
15 -1.1197 0
1667 -1.1222 0
155 -1.1243 0
783 -1.1286 0
1993 -1.1298 0
46 -1.1310 0
943 -1.1336 0
1577 -1.1340 0
1574 -1.1348 0
946 -1.1364 0
1929 -1.1381 0
849 -1.1382 0
777 -1.1417 0
1727 -1.1432 0
1898 -1.1457 0
572 -1.1484 0
894 -1.1503 0
1541 -1.1523 0
1895 -1.1542 0
152 -1.1653 0
180 -1.1689 0
1828 -1.1694 0
518 -1.1859 0
766 -1.1895 0
1125 -1.2016 0
527 -1.2035 0
274 -1.2054 0
308 -1.2064 0
193 -1.2089 0
16 -1.2090 0
1525 -1.2133 0
130 -1.2169 0
1243 -1.2170 0
214 -1.2199 0
917 -1.2201 0
179 -1.2216 0
315 -1.2249 0
1989 -1.2282 0
278 -1.2394 0
1840 -1.2398 0
901 -1.2419 0
1388 -1.2458 0
467 -1.2488 0
1588 -1.2500 0
20 -1.2518 0
1239 -1.2521 0
1698 -1.2642 0
1984 -1.2682 0
1605 -1.2721 0
1515 -1.2723 0
145 -1.2781 0
1542 -1.2786 0
1555 -1.2822 0
219 -1.2837 0
423 -1.2838 0
1598 -1.2864 0
1591 -1.2939 0
1871 -1.2970 0
444 -1.3108 0
815 -1.3163 0
609 -1.3198 0
1592 -1.3230 0
1876 -1.3245 0
92 -1.3245 0
1882 -1.3289 0
77 -1.3311 0
1924 -1.3361 0
1060 -1.3422 0
1080 -1.3437 0
1220 -1.3506 0
695 -1.3514 0
288 -1.3598 0
998 -1.3616 0
318 -1.3653 0
151 -1.3659 0
204 -1.3704 0
101 -1.3734 0
113 -1.3746 0
1937 -1.3878 0
1633 -1.3924 0
1743 -1.3935 0
569 -1.4074 0
301 -1.4193 0
1585 -1.4213 0
1945 -1.4215 0
628 -1.4285 0
256 -1.4358 0
1988 -1.4377 0
990 -1.4455 0
1928 -1.4520 0
412 -1.4532 0
72 -1.4640 0
591 -1.4646 0
74 -1.4691 0
692 -1.4692 0
157 -1.4705 0
694 -1.4711 0
445 -1.4762 0
928 -1.4771 0
1382 -1.4780 0
1226 -1.4942 0
702 -1.4959 0
927 -1.5048 0
1803 -1.5080 0
1507 -1.5090 0
1361 -1.5123 0
1890 -1.5249 0
1205 -1.5310 0
1916 -1.5313 0
1907 -1.5381 0
1084 -1.5462 0
525 -1.5535 0
765 -1.5558 0
536 -1.5595 0
1946 -1.5608 0
1446 -1.5700 0
261 -1.5781 0
551 -1.5883 0
1858 -1.5960 0
1965 -1.5973 0
324 -1.6026 0
994 -1.6034 0
1652 -1.6083 0
143 -1.6254 0
290 -1.6261 0
84 -1.6295 0
618 -1.6306 0
120 -1.6316 0
718 -1.6349 0
824 -1.6432 0
947 -1.6573 0
81 -1.6597 0
133 -1.6658 0
1921 -1.6668 0
1610 -1.6681 0
788 -1.6722 0
1517 -1.6728 0
611 -1.6835 0
1081 -1.6865 0
1559 -1.6946 0
1058 -1.6955 0
1862 -1.6961 0
1516 -1.6996 0
1850 -1.7036 0
680 -1.7130 0
162 -1.7133 0
1939 -1.7160 0
114 -1.7216 0
601 -1.7294 0
923 -1.7461 0
557 -1.7469 0
1122 -1.7508 0
1120 -1.7581 0
1966 -1.7593 0
1826 -1.7612 0
625 -1.7641 0
911 -1.7702 0
125 -1.7794 0
1777 -1.7828 0
163 -1.7892 0
872 -1.7922 0
1835 -1.7959 0
935 -1.8054 0
326 -1.8189 0
418 -1.8200 0
1097 -1.8237 0
53 -1.8239 0
206 -1.8251 0
96 -1.8348 0
614 -1.8425 0
1352 -1.8457 0
559 -1.8525 0
643 -1.8542 0
539 -1.8551 0
1951 -1.8556 0
251 -1.8623 0
814 -1.8735 0
442 -1.8737 0
755 -1.8835 0
845 -1.8851 0
1861 -1.8880 0
1108 -1.8883 0
1912 -1.8965 0
226 -1.9001 0
149 -1.9022 0
1098 -1.9059 0
1568 -1.9101 0
603 -1.9110 0
422 -1.9165 0
186 -1.9274 0
1408 -1.9286 0
1735 -1.9310 0
198 -1.9312 0
511 -1.9332 0
1821 -1.9450 0
424 -1.9491 0
629 -1.9546 0
1504 -1.9551 0
543 -1.9576 0
805 -1.9586 0
648 -1.9596 0
604 -1.9617 0
123 -1.9720 0
319 -1.9734 0
1066 -1.9737 0
1814 -1.9770 0
236 -1.9847 0
140 -1.9850 0
1433 -1.9850 0
941 -1.9889 0
1893 -2.0013 0
259 -2.0201 0
1934 -2.0312 0
1931 -2.0339 0
1099 -2.0386 0
772 -2.0390 0
1594 -2.0394 0
1086 -2.0438 0
1894 -2.0443 0
65 -2.0452 0
209 -2.0484 0
248 -2.0492 0
659 -2.0570 0
1601 -2.0731 0
1839 -2.0759 0
228 -2.0772 0
1886 -2.0806 0
1963 -2.0811 0
408 -2.0861 0
1969 -2.0872 0
612 -2.0949 0
118 -2.1083 0
191 -2.1095 0
9 -2.1153 0
565 -2.1172 0
413 -2.1206 0
1964 -2.1248 0
1955 -2.1310 0
247 -2.1497 0
1917 -2.1542 0
1136 -2.1553 0
440 -2.1618 0
1941 -2.1648 0
106 -2.1656 0
818 -2.1758 0
76 -2.1981 0
200 -2.2020 0
1079 -2.2043 0
141 -2.2061 0
828 -2.2133 0
1088 -2.2172 0
185 -2.2176 0
599 -2.2274 0
132 -2.2360 0
1704 -2.2427 0
427 -2.2493 0
441 -2.2536 0
671 -2.2598 0
137 -2.2736 0
562 -2.2737 0
403 -2.2816 0
537 -2.2864 0
1918 -2.2986 0
232 -2.3037 0
800 -2.3093 0
1986 -2.3134 0
522 -2.3175 0
18 -2.3280 0
1510 -2.3313 0
196 -2.3329 0
3 -2.3361 0
1506 -2.3376 0
28 -2.3425 0
127 -2.3432 0
208 -2.3521 0
1822 -2.3577 0
819 -2.3658 0
1940 -2.3695 0
45 -2.3726 0
1920 -2.3744 0
1564 -2.3755 0
329 -2.3911 0
1957 -2.3979 0
174 -2.4029 0
1355 -2.4035 0
102 -2.4035 0
243 -2.4168 0
571 -2.4395 0
34 -2.4401 0
1569 -2.4412 0
294 -2.4465 0
684 -2.4487 0
627 -2.4588 0
250 -2.4632 0
64 -2.4690 0
1651 -2.4694 0
1583 -2.4702 0
1863 -2.4719 0
112 -2.4723 0
410 -2.4747 0
1973 -2.4806 0
246 -2.4807 0
1563 -2.4876 0
1879 -2.4953 0
115 -2.4995 0
296 -2.5111 0
104 -2.5172 0
690 -2.5222 0
976 -2.5363 0
1578 -2.5410 0
1922 -2.5772 0
1947 -2.5806 0
187 -2.5839 0
602 -2.6119 0
1930 -2.6211 0
1587 -2.6231 0
470 -2.6296 0
12 -2.6304 0
264 -2.6320 0
1536 -2.6367 0
802 -2.6685 0
150 -2.6804 0
8 -2.6868 0
269 -2.6941 0
500 -2.7085 0
1523 -2.7094 0
215 -2.7124 0
808 -2.7145 0
926 -2.7327 0
825 -2.7388 0
158 -2.7527 0
1802 -2.7563 0
322 -2.7623 0
51 -2.7713 0
1579 -2.7765 0
146 -2.7781 0
1995 -2.7833 0
552 -2.7978 0
217 -2.8060 0
128 -2.8188 0
1950 -2.8254 0
192 -2.8262 0
82 -2.8286 0
400 -2.8306 0
1593 -2.8338 0
404 -2.8349 0
170 -2.8380 0
282 -2.8424 0
1213 -2.8463 0
1994 -2.8471 0
1829 -2.8624 0
1719 -2.8630 0
317 -2.8656 0
1873 -2.8796 0
71 -2.8810 0
134 -2.8976 0
249 -2.9106 0
532 -2.9133 0
822 -2.9176 0
516 -2.9199 0
44 -2.9264 0
263 -2.9313 0
116 -2.9509 0
1418 -2.9761 0
17 -2.9808 0
817 -2.9828 0
90 -2.9890 0
98 -2.9997 0
220 -3.0023 0
1943 -3.0067 0
231 -3.0188 0
448 -3.0316 0
1981 -3.0748 0
1868 -3.0758 0
178 -3.0836 0
1983 -3.0914 0
1857 -3.0994 0
573 -3.1097 0
806 -3.1234 0
1597 -3.1325 0
10 -3.1348 0
323 -3.1365 0
62 -3.1475 0
1809 -3.1571 0
784 -3.1735 0
171 -3.1769 0
175 -3.1901 0
652 -3.1941 0
916 -3.2048 0
843 -3.2081 0
216 -3.2329 0
415 -3.2376 0
1503 -3.2401 0
447 -3.2417 0
959 -3.2440 0
940 -3.2466 0
1901 -3.2512 0
1589 -3.2784 0
1972 -3.2943 0
1556 -3.3041 0
1960 -3.3251 0
1808 -3.3326 0
1997 -3.3419 0
437 -3.3632 0
936 -3.3641 0
142 -3.3645 0
830 -3.3653 0
2 -3.3796 0
1230 -3.3923 0
402 -3.3935 0
30 -3.3980 0
904 -3.3988 0
435 -3.3989 0
24 -3.4202 0
144 -3.4338 0
265 -3.4385 0
531 -3.4404 0
7 -3.4421 0
1586 -3.4467 0
605 -3.4578 0
429 -3.4816 0
558 -3.4979 0
1570 -3.5233 0
122 -3.5379 0
189 -3.5442 0
190 -3.5610 0
506 -3.5624 0
316 -3.5905 0
35 -3.5976 0
107 -3.6207 0
1833 -3.6223 0
1242 -3.6230 0
182 -3.6472 0
1572 -3.6610 0
1944 -3.6794 0
1938 -3.6912 0
1975 -3.7382 0
154 -3.7644 0
36 -3.7809 0
585 -3.7903 0
549 -3.7949 0
1979 -3.8158 0
1923 -3.8190 0
1932 -3.8599 0
1982 -3.8611 0
183 -3.8805 0
433 -3.8894 0
184 -3.9042 0
1853 -3.9375 0
587 -3.9400 0
1581 -3.9599 0
1092 -3.9715 0
1914 -3.9748 0
1959 -3.9769 0
124 -3.9769 0
31 -3.9917 0
831 -4.0011 0
1980 -4.0194 0
432 -4.0311 0
181 -4.0434 0
1968 -4.0548 0
771 -4.0807 0
205 -4.0848 0
117 -4.1276 0
1990 -4.1315 0
176 -4.1355 0
832 -4.1412 0
417 -4.1716 0
407 -4.1973 0
1065 -4.2026 0
69 -4.2271 0
139 -4.2279 0
129 -4.2499 0
1976 -4.2716 0
1971 -4.2961 0
1961 -4.3449 0
1974 -4.3972 0
119 -4.3981 0
5 -4.4133 0
1576 -4.4673 0
1204 -4.4823 0
1539 -4.5163 0
405 -4.5416 0
173 -4.5777 0
550 -4.7013 0
164 -4.7231 0
233 -4.7292 0
1970 -4.7493 0
153 -4.7661 0
409 -4.8106 0
25 -4.8362 0
401 -4.9092 0
13 -4.9177 0
56 -4.9588 0
1071 -4.9823 0
439 -5.3788 0
4 -5.4812 0
302 -8.5858 0
