1080 24.1988 1
1065 23.7474 1
1090 22.9244 1
1095 20.7918 1
1059 19.8861 1
1093 19.6088 1
1099 19.0861 1
1060 19.0736 1
1070 18.0818 1
1066 17.9702 1
1088 17.6772 1
1092 17.5422 1
1074 17.0487 1
1091 16.8658 1
1063 16.7751 1
1072 16.6692 1
1050 15.9943 1
1084 15.7384 1
1067 15.1176 1
1076 14.9168 1
1062 14.8636 1
1069 14.3528 1
1085 14.1791 1
1061 14.0552 1
1071 13.3287 1
1089 13.2111 1
1055 13.0107 1
1094 12.6640 1
1081 12.6495 1
1098 12.2375 1
1068 11.6956 1
1058 11.2180 1
1056 10.4616 1
1087 10.1758 1
1051 9.9740 1
1053 9.8611 1
915 9.7621 0
815 9.7563 0
1075 9.7351 1
1079 9.5335 1
791 9.2854 0
814 9.2721 0
441 9.0370 0
826 8.6187 0
800 8.5986 0
1052 8.5920 1
1078 8.4853 1
872 8.1494 0
825 8.0257 0
806 8.0130 0
820 7.7465 0
766 7.6151 0
761 7.4379 0
904 7.2223 0
1083 7.2083 1
777 7.0886 0
756 7.0499 0
906 6.8609 0
805 6.8438 0
751 6.7885 0
1082 6.5643 1
303 6.3397 0
592 6.3299 0
319 6.2033 0
848 6.1328 0
1243 6.0475 0
625 6.0382 0
1991 6.0037 0
334 5.9888 0
583 5.9188 0
889 5.9040 0
1575 5.8788 0
1064 5.8396 1
416 5.8312 0
869 5.8032 0
1445 5.7892 0
783 5.7648 0
328 5.7610 0
579 5.7481 0
1218 5.7396 0
1685 5.6900 0
1291 5.6579 0
558 5.6246 0
812 5.6230 0
607 5.6141 0
847 5.5493 0
944 5.5332 0
602 5.5193 0
479 5.5136 0
323 5.5063 0
470 5.4997 0
931 5.4590 0
1431 5.4391 0
1212 5.4373 0
801 5.4037 0
771 5.3685 0
588 5.3342 0
412 5.3137 0
821 5.3136 0
1202 5.3118 0
329 5.2962 0
953 5.2950 0
782 5.2838 0
834 5.2698 0
1435 5.2649 0
310 5.1985 0
1400 5.1737 0
733 5.1321 0
900 5.1270 0
846 5.0990 0
772 5.0958 0
759 5.0832 0
817 5.0618 0
1118 5.0359 0
818 5.0190 0
903 5.0037 0
535 5.0003 0
1410 4.9970 0
937 4.9910 0
732 4.9771 0
726 4.9746 0
544 4.9737 0
563 4.9384 0
525 4.9307 0
348 4.9227 0
719 4.8735 0
324 4.8451 0
1086 4.8414 1
1327 4.8190 0
824 4.7971 0
905 4.7953 0
652 4.7763 0
646 4.7477 0
1416 4.6960 0
407 4.6573 0
753 4.6465 0
507 4.6405 0
1334 4.6212 0
1422 4.6196 0
1317 4.6088 0
754 4.6052 0
1205 4.5970 0
843 4.5901 0
1266 4.5844 0
923 4.5657 0
655 4.5616 0
340 4.5278 0
437 4.4680 0
1676 4.4632 0
405 4.4549 0
832 4.4396 0
1666 4.4133 0
316 4.4075 0
428 4.4039 0
1403 4.3926 0
1695 4.3802 0
1097 4.3794 1
831 4.3719 0
829 4.3408 0
742 4.3239 0
1870 4.3202 0
1426 4.3184 0
422 4.3106 0
1664 4.2999 0
683 4.2906 0
598 4.2797 0
1116 4.2444 0
552 4.2434 0
566 4.2314 0
511 4.1921 0
840 4.1907 0
943 4.1864 0
914 4.1586 0
401 4.1461 0
1128 4.0876 0
483 4.0727 0
343 4.0509 0
302 4.0396 0
333 4.0328 0
881 4.0206 0
498 4.0166 0
788 4.0053 0
366 3.9970 0
1073 3.9886 1
828 3.9829 0
724 3.9693 0
1683 3.9628 0
576 3.9597 0
1382 3.9510 0
920 3.9388 0
769 3.9190 0
1408 3.8934 0
580 3.8928 0
822 3.8797 0
819 3.8748 0
311 3.8555 0
1141 3.8322 0
925 3.8268 0
745 3.8198 0
660 3.8105 0
1204 3.7742 0
1433 3.7696 0
907 3.7600 0
315 3.7442 0
1466 3.7155 0
1096 3.7002 1
1404 3.6948 0
1194 3.6491 0
299 3.6463 0
709 3.6456 0
510 3.6429 0
764 3.6416 0
431 3.6255 0
530 3.6149 0
565 3.6142 0
345 3.6027 0
1034 3.5947 0
337 3.5921 0
1425 3.5857 0
1057 3.5726 1
823 3.5622 0
1501 3.5452 0
863 3.5406 0
763 3.5393 0
457 3.5234 0
784 3.5186 0
1345 3.5140 0
551 3.5093 0
661 3.5068 0
1438 3.4823 0
758 3.4492 0
557 3.4446 0
865 3.4372 0
1406 3.4280 0
1103 3.4147 0
1220 3.4099 0
1207 3.3988 0
501 3.3746 0
1401 3.3680 0
1633 3.3617 0
1023 3.3571 0
894 3.3463 0
702 3.3360 0
308 3.2882 0
781 3.2837 0
589 3.2618 0
353 3.2610 0
1100 3.2447 0
816 3.2376 0
657 3.2054 0
779 3.2007 0
845 3.1952 0
1442 3.1867 0
109 3.1594 0
1430 3.1557 0
317 3.1492 0
322 3.1388 0
984 3.1168 0
1206 3.1005 0
841 3.0961 0
1436 3.0941 0
560 3.0902 0
1655 3.0646 0
804 3.0638 0
1234 3.0583 0
715 3.0523 0
587 3.0521 0
1355 3.0480 0
344 3.0327 0
721 3.0323 0
327 3.0302 0
123 3.0197 0
570 3.0196 0
762 3.0190 0
596 3.0173 0
599 3.0169 0
1441 3.0034 0
747 2.9781 0
1215 2.9753 0
932 2.9717 0
1226 2.9693 0
408 2.9682 0
674 2.9603 0
708 2.8964 0
590 2.8954 0
3 2.8944 0
413 2.8855 0
516 2.8837 0
916 2.8787 0
930 2.8779 0
927 2.8707 0
1039 2.8691 0
950 2.8652 0
464 2.8652 0
133 2.8595 0
1054 2.8534 1
300 2.8465 0
827 2.8446 0
711 2.8420 0
1329 2.8392 0
704 2.8390 0
1129 2.8383 0
1414 2.8300 0
857 2.8264 0
757 2.8222 0
458 2.8152 0
1122 2.8139 0
748 2.8125 0
182 2.8100 0
765 2.8005 0
727 2.7861 0
47 2.7410 0
690 2.7379 0
879 2.7299 0
312 2.7224 0
1976 2.7214 0
1357 2.7162 0
1868 2.7125 0
504 2.7009 0
1474 2.6763 0
347 2.6757 0
628 2.6704 0
1225 2.6470 0
780 2.6443 0
326 2.6437 0
785 2.6209 0
1314 2.6043 0
1667 2.6033 0
1360 2.5830 0
35 2.5760 0
838 2.5632 0
621 2.5619 0
799 2.5614 0
454 2.5513 0
1751 2.5370 0
517 2.5320 0
949 2.5297 0
606 2.5278 0
1384 2.4994 0
571 2.4942 0
432 2.4881 0
618 2.4851 0
1883 2.4663 0
1237 2.4542 0
1432 2.4490 0
1238 2.4393 0
653 2.4309 0
411 2.4253 0
705 2.4196 0
730 2.4176 0
1440 2.4068 0
795 2.3986 0
740 2.3970 0
1437 2.3917 0
487 2.3912 0
531 2.3648 0
986 2.3601 0
168 2.3569 0
714 2.3528 0
1211 2.3456 0
1296 2.3432 0
622 2.3382 0
809 2.3338 0
1343 2.3198 0
1446 2.3186 0
425 2.3129 0
750 2.3113 0
997 2.3091 0
1147 2.3078 0
1634 2.3071 0
802 2.3016 0
573 2.2871 0
1359 2.2785 0
339 2.2720 0
1140 2.2695 0
1933 2.2656 0
546 2.2654 0
519 2.2647 0
469 2.2565 0
1028 2.2519 0
204 2.2494 0
796 2.2482 0
325 2.2451 0
1146 2.2377 0
985 2.2343 0
1247 2.2288 0
318 2.2279 0
614 2.2213 0
321 2.2139 0
1659 2.2025 0
231 2.2004 0
1398 2.1958 0
887 2.1948 0
1392 2.1925 0
1131 2.1823 0
1077 2.1803 1
575 2.1738 0
611 2.1622 0
1124 2.1438 0
568 2.1424 0
1263 2.1396 0
1443 2.1322 0
790 2.1320 0
656 2.1255 0
947 2.1145 0
803 2.1142 0
1380 2.1125 0
770 2.1104 0
1495 2.1031 0
467 2.0939 0
1661 2.0890 0
1894 2.0673 0
1415 2.0631 0
379 2.0627 0
1674 2.0479 0
1905 2.0457 0
877 2.0434 0
382 2.0414 0
910 2.0300 0
636 2.0263 0
955 2.0207 0
354 2.0170 0
476 2.0159 0
1241 2.0151 0
1907 2.0120 0
214 2.0039 0
752 1.9988 0
4 1.9966 0
1686 1.9940 0
729 1.9893 0
1121 1.9833 0
1797 1.9778 0
913 1.9701 0
365 1.9659 0
436 1.9584 0
811 1.9537 0
1546 1.9415 0
490 1.9404 0
1303 1.9374 0
1136 1.9357 0
1251 1.9275 0
459 1.9192 0
1110 1.9174 0
1662 1.9161 0
1672 1.9079 0
601 1.9000 0
559 1.8938 0
1227 1.8837 0
335 1.8817 0
1126 1.8770 0
1429 1.8739 0
453 1.8686 0
1402 1.8472 0
249 1.8429 0
572 1.8418 0
387 1.8404 0
410 1.8349 0
885 1.8330 0
1669 1.8300 0
1228 1.8289 0
1658 1.8246 0
896 1.8188 0
1485 1.8182 0
415 1.8151 0
933 1.8138 0
670 1.8047 0
491 1.8045 0
672 1.7962 0
202 1.7903 0
581 1.7873 0
1484 1.7646 0
52 1.7601 0
385 1.7572 0
567 1.7377 0
1001 1.7371 0
968 1.7321 0
1413 1.7320 0
1000 1.7278 0
363 1.7273 0
584 1.7263 0
760 1.7260 0
1242 1.7232 0
942 1.7096 0
554 1.7007 0
1469 1.6919 0
285 1.6903 0
1439 1.6843 0
1459 1.6774 0
743 1.6767 0
1409 1.6714 0
384 1.6706 0
480 1.6674 0
393 1.6651 0
767 1.6639 0
1689 1.6606 0
499 1.6604 0
358 1.6535 0
874 1.6432 0
1201 1.6423 0
687 1.6326 0
975 1.6260 0
854 1.6152 0
1112 1.6115 0
738 1.6077 0
361 1.6026 0
755 1.6005 0
1407 1.5941 0
798 1.5927 0
386 1.5894 0
1447 1.5821 0
830 1.5818 0
624 1.5808 0
1857 1.5803 0
912 1.5729 0
1453 1.5666 0
1781 1.5603 0
295 1.5575 0
349 1.5477 0
718 1.5440 0
1137 1.5360 0
388 1.5358 0
789 1.5323 0
262 1.5312 0
696 1.5274 0
1478 1.5259 0
739 1.5259 0
744 1.4952 0
505 1.4939 0
1127 1.4918 0
471 1.4899 0
481 1.4856 0
698 1.4822 0
493 1.4819 0
362 1.4804 0
1033 1.4802 0
307 1.4786 0
332 1.4677 0
593 1.4616 0
1405 1.4607 0
1652 1.4387 0
1479 1.4328 0
706 1.4305 0
1255 1.4157 0
1388 1.4144 0
532 1.4022 0
369 1.3997 0
722 1.3991 0
562 1.3974 0
891 1.3950 0
1680 1.3932 0
1491 1.3789 0
808 1.3767 0
1386 1.3612 0
633 1.3591 0
892 1.3519 0
807 1.3478 0
1889 1.3478 0
999 1.3460 0
1240 1.3423 0
1419 1.3421 0
1427 1.3387 0
929 1.3284 0
994 1.3240 0
222 1.3228 0
922 1.3226 0
723 1.3197 0
710 1.3160 0
359 1.3153 0
728 1.3019 0
1154 1.2916 0
1449 1.2869 0
1697 1.2833 0
1428 1.2819 0
402 1.2789 0
10 1.2780 0
859 1.2766 0
528 1.2763 0
518 1.2703 0
963 1.2634 0
1692 1.2614 0
689 1.2579 0
1356 1.2536 0
403 1.2536 0
837 1.2535 0
893 1.2531 0
396 1.2499 0
33 1.2497 0
1217 1.2494 0
439 1.2477 0
870 1.2467 0
1839 1.2440 0
1941 1.2435 0
713 1.2429 0
694 1.2400 0
850 1.2388 0
1470 1.2319 0
1041 1.2280 0
594 1.2248 0
341 1.2192 0
1232 1.2104 0
691 1.2096 0
1142 1.2029 0
443 1.2005 0
550 1.2003 0
908 1.1981 0
701 1.1935 0
1561 1.1786 0
836 1.1772 0
1233 1.1755 0
938 1.1724 0
355 1.1674 0
1896 1.1563 0
734 1.1523 0
1631 1.1517 0
15 1.1515 0
856 1.1507 0
392 1.1506 0
1958 1.1423 0
1846 1.1402 0
514 1.1363 0
643 1.1348 0
1396 1.1343 0
1113 1.1288 0
1448 1.1220 0
427 1.1106 0
313 1.0946 0
1682 1.0933 0
206 1.0833 0
1391 1.0810 0
731 1.0796 0
371 1.0730 0
1698 1.0723 0
682 1.0711 0
1125 1.0667 0
1036 1.0630 0
444 1.0581 0
1471 1.0569 0
1643 1.0517 0
720 1.0489 0
712 1.0444 0
637 1.0430 0
375 1.0410 0
1585 1.0365 0
32 1.0350 0
1735 1.0235 0
1046 1.0213 0
158 1.0133 0
569 0.9936 0
164 0.9875 0
438 0.9827 0
1677 0.9820 0
962 0.9808 0
1132 0.9669 0
547 0.9629 0
360 0.9610 0
1734 0.9609 0
309 0.9603 0
886 0.9582 0
776 0.9570 0
1390 0.9507 0
634 0.9483 0
338 0.9391 0
506 0.9350 0
664 0.9324 0
320 0.9172 0
1373 0.9170 0
28 0.9152 0
839 0.9118 0
1773 0.9109 0
741 0.9039 0
66 0.9012 0
553 0.8894 0
180 0.8847 0
1005 0.8797 0
945 0.8781 0
844 0.8773 0
1223 0.8747 0
1851 0.8693 0
786 0.8689 0
1019 0.8671 0
1239 0.8665 0
383 0.8607 0
367 0.8535 0
582 0.8509 0
364 0.8499 0
522 0.8443 0
1011 0.8380 0
1375 0.8373 0
928 0.8323 0
1411 0.8314 0
1879 0.8269 0
1906 0.8222 0
1412 0.8188 0
1352 0.8174 0
336 0.8145 0
1688 0.8126 0
1004 0.8116 0
600 0.8094 0
1665 0.7977 0
957 0.7972 0
450 0.7960 0
669 0.7957 0
1265 0.7928 0
835 0.7918 0
1417 0.7894 0
1111 0.7866 0
1801 0.7832 0
990 0.7811 0
663 0.7795 0
911 0.7787 0
1498 0.7755 0
445 0.7657 0
597 0.7607 0
430 0.7587 0
235 0.7571 0
1246 0.7556 0
1364 0.7451 0
190 0.7398 0
1418 0.7213 0
257 0.7180 0
1216 0.7154 0
1316 0.7152 0
707 0.7132 0
534 0.7112 0
918 0.7100 0
351 0.7042 0
1029 0.6952 0
156 0.6937 0
1997 0.6727 0
686 0.6716 0
1947 0.6689 0
1135 0.6679 0
1693 0.6675 0
995 0.6615 0
389 0.6520 0
1969 0.6416 0
1138 0.6395 0
357 0.6371 0
996 0.6370 0
1987 0.6369 0
1190 0.6333 0
1945 0.6315 0
1670 0.6306 0
94 0.6299 0
1044 0.6297 0
861 0.6255 0
1333 0.6250 0
1948 0.6246 0
1184 0.6201 0
153 0.6199 0
538 0.6138 0
200 0.6135 0
1282 0.6117 0
1108 0.6079 0
1244 0.6055 0
446 0.5986 0
1236 0.5904 0
271 0.5874 0
1293 0.5859 0
1467 0.5858 0
131 0.5830 0
342 0.5756 0
1850 0.5736 0
649 0.5723 0
1302 0.5702 0
36 0.5689 0
639 0.5683 0
909 0.5561 0
1299 0.5521 0
591 0.5518 0
1496 0.5496 0
118 0.5487 0
497 0.5478 0
620 0.5477 0
574 0.5458 0
1271 0.5444 0
201 0.5423 0
1049 0.5398 0
273 0.5382 0
946 0.5374 0
1367 0.5369 0
306 0.5366 0
681 0.5360 0
314 0.5343 0
1902 0.5303 0
631 0.5213 0
1650 0.5206 0
1548 0.5165 0
1305 0.5067 0
1420 0.5052 0
475 0.5035 0
555 0.5023 0
875 0.5023 0
466 0.4998 0
424 0.4885 0
374 0.4873 0
494 0.4846 0
203 0.4828 0
1203 0.4784 0
500 0.4742 0
286 0.4703 0
1421 0.4693 0
1787 0.4582 0
1261 0.4530 0
1210 0.4524 0
536 0.4511 0
965 0.4502 0
716 0.4253 0
508 0.4242 0
667 0.4209 0
736 0.4089 0
1863 0.4042 0
541 0.4036 0
1776 0.4005 0
173 0.3998 0
1619 0.3998 0
935 0.3994 0
1651 0.3994 0
421 0.3980 0
926 0.3972 0
1020 0.3932 0
1295 0.3925 0
368 0.3911 0
746 0.3838 0
93 0.3664 0
429 0.3607 0
1862 0.3593 0
1605 0.3561 0
1016 0.3501 0
902 0.3468 0
1656 0.3440 0
195 0.3405 0
434 0.3337 0
1835 0.3329 0
647 0.3297 0
1145 0.3271 0
1361 0.3262 0
884 0.3254 0
1307 0.3248 0
301 0.3206 0
605 0.3195 0
1368 0.3160 0
399 0.3158 0
1434 0.3153 0
26 0.3139 0
548 0.3042 0
1018 0.2977 0
1104 0.2928 0
851 0.2885 0
1107 0.2785 0
7 0.2755 0
194 0.2707 0
775 0.2706 0
1884 0.2641 0
1663 0.2639 0
699 0.2621 0
692 0.2596 0
793 0.2592 0
376 0.2587 0
970 0.2560 0
1267 0.2549 0
1424 0.2538 0
1038 0.2509 0
878 0.2496 0
395 0.2419 0
492 0.2359 0
952 0.2347 0
703 0.2346 0
1675 0.2346 0
608 0.2262 0
106 0.2236 0
627 0.2210 0
1262 0.2181 0
236 0.2129 0
1283 0.2113 0
1778 0.2100 0
1488 0.2045 0
1219 0.1938 0
882 0.1921 0
1473 0.1919 0
1681 0.1915 0
695 0.1870 0
287 0.1836 0
539 0.1830 0
162 0.1804 0
391 0.1794 0
1919 0.1793 0
240 0.1758 0
1105 0.1743 0
1003 0.1735 0
1988 0.1699 0
1328 0.1577 0
238 0.1543 0
228 0.1452 0
0 0.1452 0
1315 0.1449 0
866 0.1435 0
1864 0.1424 0
749 0.1338 0
1671 0.1325 0
1336 0.1266 0
24 0.1248 0
1761 0.1246 0
1462 0.1234 0
1376 0.1206 0
1607 0.1181 0
442 0.1142 0
1331 0.1068 0
1490 0.1022 0
1673 0.1011 0
849 0.0917 0
564 0.0886 0
899 0.0842 0
1527 0.0835 0
267 0.0826 0
987 0.0813 0
1468 0.0797 0
654 0.0792 0
207 0.0781 0
974 0.0763 0
1921 0.0718 0
515 0.0682 0
679 0.0614 0
296 0.0610 0
283 0.0596 0
1002 0.0503 0
293 0.0486 0
1133 0.0472 0
297 0.0457 0
1610 0.0451 0
1660 0.0450 0
871 0.0324 0
1383 0.0318 0
1180 0.0290 0
1865 0.0277 0
842 0.0222 0
159 0.0164 0
1588 0.0151 0
472 0.0145 0
1330 0.0118 0
83 0.0104 0
666 0.0060 0
977 0.0047 0
971 0.0033 0
474 0.0017 0
1186 -0.0063 0
426 -0.0069 0
160 -0.0131 0
1796 -0.0157 0
543 -0.0168 0
1191 -0.0189 0
58 -0.0202 0
1101 -0.0228 0
873 -0.0261 0
27 -0.0270 0
1825 -0.0314 0
1932 -0.0323 0
205 -0.0346 0
380 -0.0355 0
406 -0.0387 0
268 -0.0410 0
372 -0.0423 0
460 -0.0472 0
810 -0.0477 0
675 -0.0485 0
1259 -0.0515 0
521 -0.0589 0
1726 -0.0597 0
451 -0.0617 0
420 -0.0677 0
356 -0.0706 0
533 -0.0736 0
858 -0.0737 0
1886 -0.0767 0
390 -0.0829 0
1017 -0.0830 0
1766 -0.0886 0
1847 -0.0904 0
1326 -0.0926 0
12 -0.0936 0
1230 -0.0981 0
787 -0.1109 0
1690 -0.1256 0
613 -0.1270 0
1397 -0.1271 0
1657 -0.1305 0
1929 -0.1363 0
100 -0.1363 0
852 -0.1366 0
650 -0.1402 0
1463 -0.1449 0
773 -0.1517 0
979 -0.1522 0
1861 -0.1534 0
197 -0.1559 0
1174 -0.1597 0
188 -0.1602 0
1444 -0.1709 0
1213 -0.1754 0
45 -0.1763 0
890 -0.1788 0
735 -0.1817 0
126 -0.1839 0
1545 -0.1871 0
853 -0.1885 0
1250 -0.1893 0
948 -0.1898 0
924 -0.1924 0
529 -0.1940 0
1119 -0.2007 0
648 -0.2050 0
1935 -0.2083 0
289 -0.2111 0
246 -0.2151 0
1024 -0.2174 0
833 -0.2212 0
31 -0.2256 0
1542 -0.2272 0
1895 -0.2326 0
951 -0.2330 0
266 -0.2331 0
1705 -0.2346 0
1555 -0.2369 0
1694 -0.2422 0
1353 -0.2481 0
1608 -0.2533 0
137 -0.2603 0
549 -0.2608 0
917 -0.2696 0
290 -0.2744 0
1363 -0.2801 0
1770 -0.2816 0
1603 -0.2823 0
1012 -0.2845 0
1347 -0.2876 0
146 -0.2986 0
252 -0.3027 0
1908 -0.3071 0
452 -0.3073 0
244 -0.3077 0
1481 -0.3147 0
1876 -0.3155 0
161 -0.3157 0
1148 -0.3174 0
693 -0.3185 0
1257 -0.3258 0
1755 -0.3358 0
537 -0.3359 0
17 -0.3376 0
862 -0.3439 0
860 -0.3445 0
1139 -0.3485 0
595 -0.3574 0
1475 -0.3598 0
272 -0.3617 0
1794 -0.3682 0
417 -0.3714 0
1877 -0.3811 0
1040 -0.3821 0
1930 -0.3829 0
30 -0.3836 0
1968 -0.3853 0
1890 -0.3906 0
1035 -0.3911 0
87 -0.3920 0
855 -0.3924 0
370 -0.3924 0
1620 -0.4040 0
768 -0.4078 0
1378 -0.4140 0
1616 -0.4141 0
49 -0.4185 0
880 -0.4204 0
556 -0.4247 0
278 -0.4260 0
545 -0.4263 0
1808 -0.4320 0
1888 -0.4325 0
645 -0.4332 0
774 -0.4375 0
1706 -0.4427 0
1370 -0.4501 0
381 -0.4504 0
1313 -0.4514 0
1992 -0.4525 0
1507 -0.4610 0
513 -0.4612 0
512 -0.4614 0
1450 -0.4634 0
1476 -0.4672 0
1898 -0.4693 0
1245 -0.4729 0
103 -0.4740 0
1275 -0.4741 0
1366 -0.4798 0
1539 -0.4826 0
241 -0.4860 0
1365 -0.4878 0
447 -0.4891 0
1893 -0.4960 0
414 -0.4985 0
1900 -0.4986 0
1699 -0.4998 0
218 -0.4998 0
1231 -0.5057 0
610 -0.5145 0
1938 -0.5166 0
1612 -0.5182 0
1975 -0.5183 0
91 -0.5203 0
1173 -0.5280 0
1187 -0.5293 0
1899 -0.5334 0
1109 -0.5365 0
1214 -0.5376 0
1487 -0.5378 0
110 -0.5381 0
220 -0.5391 0
1339 -0.5422 0
155 -0.5444 0
350 -0.5473 0
102 -0.5489 0
1167 -0.5500 0
291 -0.5501 0
1188 -0.5522 0
969 -0.5555 0
961 -0.5682 0
248 -0.5697 0
1209 -0.5787 0
609 -0.5790 0
1841 -0.5791 0
604 -0.5846 0
1752 -0.5905 0
1014 -0.5926 0
612 -0.5929 0
697 -0.6001 0
1292 -0.6026 0
1866 -0.6051 0
219 -0.6110 0
1264 -0.6239 0
778 -0.6248 0
1458 -0.6282 0
1762 -0.6329 0
1279 -0.6340 0
1395 -0.6409 0
79 -0.6416 0
626 -0.6538 0
1601 -0.6549 0
55 -0.6552 0
1389 -0.6562 0
1358 -0.6573 0
1460 -0.6622 0
210 -0.6699 0
1494 -0.6751 0
561 -0.6822 0
941 -0.6826 0
1925 -0.6973 0
1280 -0.7037 0
1628 -0.7115 0
462 -0.7117 0
635 -0.7149 0
113 -0.7235 0
212 -0.7252 0
658 -0.7287 0
1909 -0.7312 0
1048 -0.7366 0
1729 -0.7380 0
224 -0.7396 0
1845 -0.7449 0
988 -0.7468 0
1943 -0.7613 0
482 -0.7631 0
524 -0.7680 0
1022 -0.7701 0
331 -0.7720 0
1294 -0.7734 0
1753 -0.7750 0
1270 -0.7849 0
163 -0.7868 0
259 -0.7964 0
1972 -0.7983 0
1505 -0.7994 0
23 -0.8076 0
423 -0.8131 0
352 -0.8147 0
230 -0.8157 0
1298 -0.8184 0
1791 -0.8231 0
1526 -0.8299 0
254 -0.8299 0
1394 -0.8327 0
665 -0.8332 0
794 -0.8351 0
1021 -0.8390 0
1646 -0.8438 0
461 -0.8443 0
495 -0.8459 0
991 -0.8502 0
503 -0.8534 0
455 -0.8546 0
1362 -0.8577 0
105 -0.8625 0
1114 -0.8728 0
1764 -0.8743 0
239 -0.8755 0
85 -0.8779 0
685 -0.8817 0
1965 -0.8829 0
282 -0.8864 0
465 -0.8902 0
1936 -0.8922 0
1627 -0.8999 0
895 -0.9071 0
1966 -0.9100 0
1740 -0.9106 0
68 -0.9122 0
51 -0.9196 0
8 -0.9222 0
883 -0.9231 0
864 -0.9267 0
1385 -0.9277 0
13 -0.9323 0
468 -0.9337 0
108 -0.9450 0
50 -0.9452 0
585 -0.9571 0
502 -0.9582 0
1882 -0.9808 0
264 -0.9825 0
305 -0.9832 0
1492 -0.9860 0
1454 -0.9875 0
1166 -0.9926 0
14 -0.9951 0
1423 -0.9954 0
1649 -0.9955 0
939 -0.9960 0
275 -1.0069 0
1332 -1.0072 0
1465 -1.0094 0
1917 -1.0194 0
1618 -1.0239 0
1858 -1.0290 0
966 -1.0313 0
294 -1.0350 0
1777 -1.0355 0
956 -1.0362 0
1989 -1.0388 0
1691 -1.0391 0
1515 -1.0412 0
1457 -1.0426 0
1996 -1.0478 0
1565 -1.0524 0
48 -1.0557 0
397 -1.0569 0
1639 -1.0579 0
215 -1.0581 0
177 -1.0678 0
1617 -1.0794 0
983 -1.0886 0
298 -1.0897 0
330 -1.0930 0
1260 -1.1073 0
128 -1.1079 0
688 -1.1115 0
208 -1.1131 0
22 -1.1138 0
1632 -1.1144 0
243 -1.1235 0
484 -1.1285 0
1106 -1.1346 0
1027 -1.1368 0
1746 -1.1374 0
1923 -1.1390 0
1614 -1.1396 0
578 -1.1434 0
1954 -1.1449 0
227 -1.1459 0
1952 -1.1469 0
1178 -1.1610 0
1737 -1.1616 0
226 -1.1630 0
509 -1.1658 0
1760 -1.1680 0
1013 -1.1706 0
1369 -1.1757 0
1252 -1.1864 0
1880 -1.1865 0
1642 -1.1904 0
1229 -1.1921 0
1030 -1.1927 0
1393 -1.2006 0
662 -1.2036 0
1340 -1.2084 0
1120 -1.2096 0
616 -1.2107 0
394 -1.2191 0
1253 -1.2200 0
1269 -1.2205 0
304 -1.2212 0
186 -1.2217 0
919 -1.2218 0
1322 -1.2303 0
151 -1.2309 0
229 -1.2358 0
346 -1.2371 0
1738 -1.2414 0
1452 -1.2434 0
232 -1.2439 0
77 -1.2496 0
178 -1.2511 0
1644 -1.2545 0
1381 -1.2560 0
641 -1.2573 0
124 -1.2598 0
1703 -1.2621 0
39 -1.2679 0
1335 -1.2683 0
1500 -1.2689 0
1324 -1.2706 0
1837 -1.2735 0
1143 -1.2760 0
998 -1.2943 0
617 -1.2993 0
1881 -1.3007 0
1824 -1.3086 0
11 -1.3088 0
1940 -1.3108 0
183 -1.3161 0
1892 -1.3162 0
1727 -1.3167 0
1150 -1.3258 0
1483 -1.3313 0
1834 -1.3321 0
1993 -1.3449 0
25 -1.3551 0
1037 -1.3597 0
1962 -1.3598 0
586 -1.3672 0
1461 -1.3675 0
377 -1.3690 0
1506 -1.3730 0
1645 -1.3734 0
90 -1.3735 0
898 -1.3751 0
477 -1.3766 0
1914 -1.3768 0
1984 -1.3836 0
496 -1.3838 0
1679 -1.3843 0
1319 -1.3880 0
1031 -1.3928 0
677 -1.3947 0
1344 -1.4003 0
1855 -1.4056 0
1687 -1.4089 0
1130 -1.4095 0
993 -1.4149 0
671 -1.4158 0
1176 -1.4187 0
174 -1.4194 0
1885 -1.4219 0
897 -1.4239 0
1915 -1.4243 0
1852 -1.4260 0
1756 -1.4301 0
1377 -1.4312 0
1678 -1.4331 0
223 -1.4396 0
1630 -1.4417 0
69 -1.4423 0
225 -1.4456 0
813 -1.4456 0
269 -1.4567 0
192 -1.4584 0
1387 -1.4619 0
982 -1.4640 0
1629 -1.4641 0
1341 -1.4682 0
5 -1.4715 0
1273 -1.4736 0
980 -1.4759 0
1300 -1.4768 0
1998 -1.4768 0
1497 -1.4780 0
1032 -1.4821 0
1830 -1.4862 0
1480 -1.4871 0
1529 -1.4874 0
1957 -1.4877 0
1767 -1.4878 0
972 -1.4913 0
1744 -1.4987 0
167 -1.4993 0
489 -1.5057 0
1249 -1.5087 0
157 -1.5091 0
797 -1.5109 0
1312 -1.5127 0
485 -1.5196 0
1256 -1.5217 0
263 -1.5228 0
2 -1.5262 0
41 -1.5346 0
1970 -1.5381 0
1534 -1.5416 0
71 -1.5466 0
1912 -1.5483 0
1823 -1.5633 0
198 -1.5666 0
279 -1.5779 0
179 -1.5786 0
418 -1.5819 0
1635 -1.5867 0
1654 -1.5871 0
1611 -1.5959 0
1653 -1.5964 0
281 -1.5980 0
978 -1.6040 0
1621 -1.6185 0
237 -1.6214 0
526 -1.6266 0
725 -1.6277 0
527 -1.6288 0
1602 -1.6310 0
184 -1.6317 0
84 -1.6326 0
9 -1.6379 0
737 -1.6394 0
1916 -1.6434 0
630 -1.6458 0
242 -1.6475 0
1304 -1.6518 0
1782 -1.6585 0
1878 -1.6604 0
40 -1.6656 0
1615 -1.6700 0
1284 -1.6743 0
1287 -1.6745 0
678 -1.6763 0
959 -1.6802 0
1604 -1.6803 0
1277 -1.6838 0
1696 -1.6844 0
1399 -1.6851 0
253 -1.6918 0
216 -1.6927 0
112 -1.6959 0
1785 -1.6965 0
19 -1.7024 0
1833 -1.7098 0
623 -1.7100 0
1973 -1.7106 0
1149 -1.7117 0
21 -1.7164 0
1789 -1.7214 0
1951 -1.7244 0
245 -1.7326 0
170 -1.7328 0
901 -1.7346 0
1741 -1.7350 0
642 -1.7355 0
1349 -1.7362 0
934 -1.7365 0
127 -1.7495 0
542 -1.7498 0
1719 -1.7564 0
1541 -1.7577 0
478 -1.7604 0
1636 -1.7619 0
1736 -1.7746 0
1025 -1.7758 0
486 -1.7845 0
1873 -1.7861 0
1486 -1.7896 0
1584 -1.7908 0
1934 -1.7920 0
1980 -1.7972 0
717 -1.7974 0
449 -1.7996 0
42 -1.8018 0
18 -1.8079 0
187 -1.8112 0
1903 -1.8121 0
145 -1.8137 0
1102 -1.8242 0
1043 -1.8246 0
684 -1.8253 0
122 -1.8255 0
1745 -1.8282 0
921 -1.8296 0
258 -1.8442 0
276 -1.8536 0
1516 -1.8561 0
1156 -1.8607 0
577 -1.8607 0
46 -1.8666 0
1530 -1.8695 0
1798 -1.8723 0
1583 -1.8914 0
1828 -1.8950 0
1493 -1.8997 0
1278 -1.9079 0
121 -1.9142 0
166 -1.9172 0
1953 -1.9178 0
973 -1.9280 0
16 -1.9384 0
1175 -1.9388 0
175 -1.9602 0
1222 -1.9647 0
1720 -1.9665 0
1592 -1.9667 0
404 -1.9673 0
680 -1.9687 0
169 -1.9717 0
199 -1.9729 0
638 -1.9736 0
1779 -1.9794 0
1254 -1.9823 0
1289 -1.9982 0
1144 -1.9993 0
1010 -2.0232 0
1765 -2.0257 0
1374 -2.0351 0
1 -2.0368 0
44 -2.0450 0
1456 -2.0474 0
1769 -2.0503 0
29 -2.0549 0
251 -2.0619 0
1704 -2.0629 0
967 -2.0678 0
640 -2.0740 0
234 -2.0742 0
673 -2.0808 0
1913 -2.0968 0
1904 -2.1014 0
1803 -2.1036 0
1827 -2.1045 0
989 -2.1053 0
1564 -2.1063 0
172 -2.1092 0
1009 -2.1169 0
1586 -2.1310 0
1708 -2.1344 0
43 -2.1437 0
1799 -2.1444 0
1956 -2.1528 0
644 -2.1577 0
992 -2.1659 0
1351 -2.1744 0
378 -2.1773 0
1549 -2.1813 0
1489 -2.1832 0
217 -2.1856 0
107 -2.1870 0
129 -2.1880 0
1547 -2.1888 0
64 -2.1996 0
211 -2.2038 0
1172 -2.2056 0
117 -2.2061 0
1472 -2.2080 0
1553 -2.2081 0
115 -2.2195 0
1532 -2.2238 0
1276 -2.2284 0
409 -2.2524 0
1193 -2.2588 0
1323 -2.2591 0
1967 -2.2727 0
1301 -2.2729 0
523 -2.2819 0
265 -2.2848 0
288 -2.2852 0
1718 -2.2857 0
1115 -2.2861 0
59 -2.2919 0
1911 -2.3050 0
1714 -2.3087 0
1983 -2.3106 0
209 -2.3178 0
1872 -2.3328 0
1318 -2.3367 0
143 -2.3405 0
1853 -2.3406 0
119 -2.3424 0
1810 -2.3484 0
1768 -2.3511 0
1994 -2.3514 0
1783 -2.3540 0
73 -2.3600 0
1990 -2.3703 0
149 -2.3720 0
1942 -2.3804 0
1451 -2.3836 0
141 -2.3897 0
1832 -2.3930 0
1979 -2.3978 0
1309 -2.4017 0
1716 -2.4042 0
88 -2.4061 0
213 -2.4072 0
1836 -2.4122 0
1871 -2.4465 0
876 -2.4470 0
659 -2.4523 0
1937 -2.4640 0
1042 -2.4668 0
1814 -2.4679 0
1910 -2.4684 0
74 -2.4750 0
1795 -2.4767 0
1464 -2.4782 0
603 -2.4802 0
1321 -2.4877 0
1026 -2.4905 0
256 -2.4912 0
619 -2.4986 0
1047 -2.5051 0
1513 -2.5052 0
1813 -2.5054 0
1235 -2.5055 0
65 -2.5124 0
954 -2.5185 0
1840 -2.5227 0
1179 -2.5236 0
111 -2.5270 0
1728 -2.5290 0
1723 -2.5367 0
1702 -2.5393 0
1971 -2.5436 0
936 -2.5439 0
1950 -2.5450 0
1759 -2.5494 0
1576 -2.5499 0
1562 -2.5503 0
1757 -2.5505 0
130 -2.5517 0
1311 -2.5517 0
1804 -2.5531 0
125 -2.5815 0
274 -2.5852 0
1580 -2.5861 0
1829 -2.5975 0
700 -2.5988 0
1860 -2.6034 0
1208 -2.6089 0
1995 -2.6121 0
632 -2.6163 0
1806 -2.6186 0
1508 -2.6226 0
1717 -2.6258 0
960 -2.6364 0
1842 -2.6392 0
1574 -2.6511 0
1771 -2.6572 0
1805 -2.6638 0
20 -2.6658 0
1308 -2.6680 0
1538 -2.6693 0
1517 -2.6707 0
1713 -2.6719 0
1733 -2.6730 0
1006 -2.6743 0
888 -2.6749 0
250 -2.6767 0
373 -2.6777 0
1668 -2.6804 0
1600 -2.6840 0
981 -2.6892 0
1707 -2.6978 0
1750 -2.6986 0
1955 -2.6988 0
1008 -2.7004 0
1800 -2.7012 0
176 -2.7096 0
1499 -2.7117 0
233 -2.7123 0
615 -2.7139 0
1371 -2.7151 0
1613 -2.7189 0
1123 -2.7213 0
37 -2.7269 0
1533 -2.7282 0
488 -2.7317 0
1731 -2.7344 0
247 -2.7426 0
63 -2.7442 0
1350 -2.7465 0
150 -2.7571 0
1552 -2.7680 0
97 -2.7752 0
116 -2.7827 0
1570 -2.7879 0
1772 -2.7957 0
1248 -2.7987 0
98 -2.8026 0
72 -2.8053 0
520 -2.8074 0
1285 -2.8101 0
1887 -2.8115 0
473 -2.8117 0
196 -2.8119 0
1625 -2.8138 0
280 -2.8154 0
1640 -2.8155 0
53 -2.8208 0
1596 -2.8208 0
1007 -2.8232 0
1015 -2.8272 0
1844 -2.8286 0
189 -2.8327 0
1310 -2.8344 0
1342 -2.8369 0
1597 -2.8377 0
1999 -2.8385 0
1192 -2.8461 0
958 -2.8515 0
792 -2.8529 0
1268 -2.8567 0
1638 -2.8599 0
1320 -2.8621 0
193 -2.8629 0
1045 -2.8678 0
1519 -2.8692 0
138 -2.8715 0
1158 -2.8726 0
1788 -2.8773 0
1986 -2.8783 0
1348 -2.8899 0
221 -2.8982 0
1843 -2.8993 0
1790 -2.9107 0
1869 -2.9112 0
1722 -2.9308 0
1959 -2.9337 0
78 -2.9350 0
1859 -2.9354 0
1511 -2.9368 0
1544 -2.9388 0
668 -2.9436 0
1811 -2.9441 0
292 -2.9445 0
1960 -2.9460 0
152 -2.9470 0
1963 -2.9547 0
1818 -2.9602 0
38 -2.9670 0
99 -2.9696 0
976 -2.9882 0
1949 -2.9901 0
1581 -2.9932 0
1622 -2.9990 0
440 -3.0133 0
1749 -3.0274 0
255 -3.0389 0
1721 -3.0490 0
1512 -3.0505 0
135 -3.0518 0
1521 -3.0616 0
1924 -3.0648 0
651 -3.0651 0
1985 -3.0684 0
1535 -3.0794 0
1161 -3.0934 0
1200 -3.0948 0
1297 -3.0954 0
1587 -3.0956 0
1648 -3.0998 0
61 -3.1058 0
1224 -3.1064 0
1946 -3.1119 0
277 -3.1203 0
1944 -3.1223 0
1809 -3.1298 0
1867 -3.1352 0
400 -3.1385 0
154 -3.1397 0
181 -3.1417 0
1185 -3.1491 0
1856 -3.1515 0
867 -3.1538 0
1372 -3.1561 0
140 -3.1606 0
165 -3.1655 0
132 -3.1756 0
1710 -3.1804 0
1711 -3.1810 0
1775 -3.1924 0
1593 -3.1952 0
67 -3.1973 0
1684 -3.2045 0
1792 -3.2139 0
1477 -3.2147 0
1982 -3.2232 0
148 -3.2271 0
1821 -3.2393 0
1647 -3.2488 0
435 -3.2513 0
1537 -3.2571 0
1931 -3.2581 0
1258 -3.2601 0
1579 -3.2613 0
95 -3.2631 0
1117 -3.2670 0
34 -3.2811 0
1609 -3.2881 0
1338 -3.2959 0
1786 -3.3074 0
62 -3.3183 0
1572 -3.3184 0
1875 -3.3186 0
1637 -3.3188 0
1920 -3.3226 0
1543 -3.3363 0
1528 -3.3408 0
1624 -3.3489 0
1854 -3.3636 0
1623 -3.3684 0
1165 -3.3811 0
60 -3.3850 0
136 -3.3851 0
1551 -3.3864 0
1822 -3.3922 0
1170 -3.4007 0
1849 -3.4060 0
1964 -3.4112 0
1754 -3.4120 0
1578 -3.4260 0
1709 -3.4295 0
1807 -3.4525 0
191 -3.4577 0
1558 -3.4640 0
1571 -3.4840 0
964 -3.5050 0
1540 -3.5142 0
1763 -3.5153 0
1455 -3.5183 0
139 -3.5240 0
1563 -3.5310 0
1346 -3.5312 0
1922 -3.5498 0
1325 -3.5505 0
1162 -3.5513 0
1725 -3.5538 0
1747 -3.5538 0
1514 -3.5761 0
398 -3.5792 0
1520 -3.5798 0
1591 -3.5851 0
1550 -3.5966 0
1272 -3.6173 0
270 -3.6425 0
1286 -3.6462 0
1560 -3.6500 0
419 -3.6526 0
1802 -3.6550 0
1816 -3.6629 0
1715 -3.6778 0
1171 -3.6818 0
1290 -3.6833 0
54 -3.6923 0
1815 -3.7147 0
1502 -3.7185 0
1928 -3.7186 0
1848 -3.7502 0
868 -3.7558 0
92 -3.7561 0
1155 -3.7600 0
1901 -3.7617 0
1820 -3.7624 0
1554 -3.7712 0
81 -3.7723 0
1556 -3.7754 0
676 -3.7808 0
104 -3.7829 0
1598 -3.7845 0
80 -3.7868 0
1281 -3.8007 0
1177 -3.8017 0
260 -3.8022 0
261 -3.8111 0
540 -3.8134 0
448 -3.8158 0
1977 -3.8190 0
1134 -3.8674 0
940 -3.8699 0
1978 -3.8702 0
1712 -3.8794 0
1739 -3.8826 0
1742 -3.8969 0
89 -3.9058 0
1503 -3.9186 0
1981 -3.9188 0
1152 -3.9272 0
1221 -3.9298 0
1831 -3.9509 0
1758 -3.9547 0
171 -3.9659 0
1793 -3.9759 0
1774 -3.9773 0
1182 -3.9946 0
57 -4.0032 0
6 -4.0323 0
1525 -4.0345 0
1626 -4.0360 0
1354 -4.0390 0
144 -4.0576 0
463 -4.0669 0
1557 -4.0876 0
96 -4.0900 0
1482 -4.1284 0
1569 -4.1328 0
1730 -4.1352 0
1838 -4.1369 0
82 -4.1778 0
1379 -4.1812 0
1523 -4.2025 0
1288 -4.2064 0
1812 -4.2180 0
1189 -4.2377 0
1732 -4.2380 0
120 -4.2396 0
1599 -4.2400 0
134 -4.2427 0
75 -4.2550 0
1524 -4.2732 0
1183 -4.2786 0
1918 -4.2822 0
1274 -4.2848 0
1509 -4.2950 0
629 -4.2999 0
1181 -4.3113 0
433 -4.3163 0
1606 -4.3273 0
1784 -4.3307 0
1819 -4.3740 0
1743 -4.4140 0
1724 -4.4158 0
1160 -4.4314 0
142 -4.4337 0
1641 -4.4368 0
147 -4.4701 0
1522 -4.4909 0
1577 -4.4991 0
1874 -4.5012 0
1891 -4.5056 0
1590 -4.5312 0
101 -4.5398 0
1826 -4.5555 0
1531 -4.5633 0
1589 -4.5780 0
1169 -4.6002 0
56 -4.6106 0
1594 -4.6341 0
1961 -4.6435 0
86 -4.6589 0
284 -4.6734 0
1510 -4.6924 0
1595 -4.6929 0
1195 -4.7183 0
1927 -4.7629 0
1701 -4.8349 0
1197 -4.8356 0
76 -4.8378 0
1748 -4.8399 0
1198 -4.8424 0
1817 -4.8469 0
1974 -4.8587 0
185 -4.8886 0
1780 -4.8971 0
1559 -4.9619 0
1518 -4.9738 0
1939 -5.0352 0
1567 -5.0633 0
1306 -5.0702 0
1153 -5.1330 0
1566 -5.2336 0
1700 -5.2520 0
1164 -5.3142 0
1536 -5.3636 0
114 -5.3806 0
1151 -5.4185 0
1926 -5.4222 0
1504 -5.4665 0
1196 -5.6400 0
1163 -5.7393 0
70 -5.7663 0
1582 -5.8267 0
1337 -6.1706 0
456 -6.2472 0
1568 -6.3027 0
1573 -6.9438 0
1897 -7.0918 0
1157 -7.1095 0
1159 -7.3569 0
1168 -7.6526 0
1199 -7.8907 0
