1104 25.0874 1
1108 23.6522 1
1120 23.0791 1
1103 21.1776 1
1125 20.3736 1
1137 18.4965 1
1133 18.3073 1
1109 18.0482 1
1122 17.2079 1
1101 16.4522 1
1113 16.4176 1
1102 16.4114 1
1132 16.2092 1
1111 15.7130 1
1147 14.9514 1
1149 14.8500 1
1106 14.3106 1
1119 14.2521 1
1128 14.1571 1
1115 13.2881 1
1121 13.1988 1
1123 12.7645 1
1127 12.2932 1
1136 11.4730 1
1135 11.4570 1
1144 11.1671 1
1171 11.0457 0
1126 10.8259 1
299 10.8205 0
1143 10.8093 1
1259 10.7924 0
1302 10.4819 0
1129 10.3435 1
1139 10.2792 1
1107 10.1942 1
1148 10.1815 1
372 10.1183 0
75 10.0041 0
629 9.9679 0
770 9.7888 0
689 9.3848 0
1691 9.3105 0
486 9.1473 0
1114 9.0909 1
766 8.9547 0
492 8.8928 0
1130 8.8757 1
433 8.8149 0
1112 8.8048 1
1105 8.7270 1
1100 8.5668 1
1176 8.4515 0
873 8.4079 0
1124 8.3975 1
769 8.3399 0
65 8.1639 0
4 8.1406 0
1330 7.8219 0
1374 7.6847 0
1311 7.5059 0
1300 7.4920 0
781 7.3115 0
14 7.2260 0
509 7.2038 0
811 7.1761 0
1064 7.1597 0
794 7.0680 0
493 7.0668 0
349 7.0524 0
1952 6.9632 0
1061 6.9269 0
468 6.8116 0
876 6.6418 0
785 6.5943 0
477 6.5768 0
459 6.5717 0
1118 6.4827 1
1400 6.4774 0
443 6.4413 0
658 6.4212 0
340 6.4132 0
1153 6.4085 0
1336 6.3863 0
1303 6.3391 0
373 6.2658 0
1140 6.2281 1
659 6.2247 0
1313 6.1923 0
1364 6.1630 0
1015 6.1610 0
1363 6.1453 0
362 6.1159 0
358 6.1076 0
1434 6.1060 0
757 6.0937 0
464 6.0762 0
985 6.0165 0
1006 6.0042 0
409 5.9937 0
1116 5.9722 1
784 5.9690 0
1134 5.9353 1
886 5.9023 0
499 5.8772 0
586 5.8288 0
460 5.7942 0
1348 5.7844 0
23 5.7788 0
97 5.7498 0
970 5.7462 0
854 5.7051 0
687 5.7032 0
1332 5.6652 0
996 5.6619 0
1305 5.6459 0
1715 5.5914 0
348 5.5854 0
752 5.5554 0
864 5.5441 0
1346 5.5309 0
1196 5.4682 0
1285 5.3919 0
755 5.3764 0
763 5.3451 0
998 5.3411 0
1021 5.3402 0
1283 5.3340 0
753 5.3227 0
868 5.3189 0
982 5.2978 0
799 5.2519 0
1072 5.1395 0
1547 5.1296 0
343 5.1137 0
793 5.1091 0
983 5.0956 0
94 5.0824 0
853 5.0610 0
473 5.0487 0
874 5.0442 0
1387 5.0252 0
1131 5.0005 1
320 4.9941 0
305 4.9863 0
288 4.9670 0
1225 4.9615 0
429 4.9440 0
1323 4.9256 0
332 4.9188 0
142 4.9116 0
1850 4.8982 0
513 4.8766 0
1748 4.8740 0
779 4.8608 0
1265 4.8326 0
840 4.7962 0
1270 4.7806 0
767 4.7656 0
966 4.7601 0
829 4.7335 0
1145 4.7261 1
498 4.7070 0
798 4.6640 0
93 4.6514 0
454 4.6369 0
1188 4.5955 0
1033 4.5857 0
73 4.5795 0
467 4.5240 0
796 4.5215 0
774 4.4848 0
95 4.4844 0
778 4.4687 0
1340 4.4685 0
1075 4.4284 0
1347 4.4271 0
1304 4.4248 0
1292 4.4116 0
889 4.3786 0
1308 4.3688 0
1845 4.3580 0
1376 4.3270 0
648 4.3104 0
1744 4.3064 0
1394 4.2847 0
888 4.2531 0
815 4.2162 0
1683 4.2131 0
1175 4.1830 0
1022 4.1763 0
333 4.1540 0
1889 4.1477 0
490 4.1448 0
1367 4.1329 0
1146 4.1194 1
1230 4.1190 0
470 4.1113 0
555 4.1037 0
997 4.0754 0
397 4.0551 0
1085 4.0523 0
324 4.0474 0
870 4.0361 0
393 4.0352 0
787 4.0121 0
1297 4.0030 0
790 3.9972 0
1437 3.9887 0
893 3.9804 0
561 3.9747 0
819 3.9641 0
1208 3.9581 0
1730 3.9519 0
795 3.9011 0
618 3.8954 0
1413 3.8933 0
1417 3.8836 0
64 3.8828 0
803 3.8786 0
797 3.8772 0
59 3.8752 0
981 3.8740 0
1262 3.8587 0
1665 3.8296 0
750 3.8225 0
1320 3.8058 0
287 3.7940 0
370 3.7413 0
880 3.7372 0
331 3.7087 0
336 3.7043 0
1180 3.6971 0
1163 3.6879 0
53 3.6786 0
284 3.6758 0
1614 3.6723 0
376 3.6453 0
989 3.6299 0
988 3.6248 0
668 3.6145 0
954 3.6078 0
123 3.5968 0
639 3.5818 0
538 3.5577 0
1844 3.5477 0
737 3.5451 0
921 3.5409 0
313 3.5270 0
1091 3.5268 0
226 3.5031 0
1291 3.4854 0
1401 3.4741 0
1721 3.4583 0
439 3.4347 0
1378 3.4229 0
971 3.4112 0
1310 3.4109 0
1324 3.3931 0
1685 3.3910 0
50 3.3862 0
1167 3.3816 0
66 3.3812 0
1384 3.3709 0
1029 3.3521 0
1306 3.3520 0
1271 3.3248 0
762 3.3238 0
1370 3.3237 0
1718 3.3125 0
883 3.3066 0
1706 3.3040 0
214 3.2977 0
67 3.2734 0
48 3.2633 0
1682 3.2599 0
1934 3.2463 0
718 3.2373 0
1661 3.2317 0
662 3.2245 0
469 3.2027 0
1673 3.1990 0
395 3.1982 0
344 3.1905 0
213 3.1721 0
335 3.1662 0
644 3.1653 0
475 3.1624 0
46 3.1526 0
304 3.1525 0
664 3.1467 0
783 3.1360 0
77 3.1163 0
1557 3.1027 0
1282 3.0986 0
257 3.0895 0
1903 3.0842 0
1315 3.0797 0
891 3.0774 0
489 3.0725 0
58 3.0707 0
649 3.0652 0
521 3.0607 0
1567 3.0585 0
914 3.0433 0
1028 3.0405 0
282 3.0383 0
345 3.0322 0
1591 3.0292 0
240 3.0216 0
625 3.0117 0
1239 3.0020 0
653 2.9958 0
624 2.9938 0
1329 2.9907 0
1040 2.9809 0
172 2.9787 0
478 2.9672 0
1341 2.9627 0
314 2.9424 0
1155 2.9384 0
684 2.9209 0
859 2.9132 0
431 2.9019 0
962 2.8948 0
11 2.8777 0
1316 2.8761 0
1405 2.8740 0
1594 2.8669 0
1186 2.8644 0
276 2.8633 0
654 2.8617 0
375 2.8569 0
1373 2.8517 0
1093 2.8470 0
545 2.8406 0
1042 2.8235 0
1377 2.8169 0
1566 2.8167 0
367 2.8161 0
1185 2.8107 0
638 2.8072 0
652 2.7981 0
675 2.7928 0
993 2.7917 0
1716 2.7803 0
1301 2.7483 0
1489 2.7462 0
758 2.7053 0
146 2.6987 0
527 2.6912 0
1595 2.6900 0
704 2.6834 0
1254 2.6830 0
956 2.6667 0
1810 2.6501 0
1846 2.6330 0
955 2.6285 0
435 2.6240 0
60 2.6225 0
1194 2.6146 0
89 2.6001 0
387 2.5963 0
816 2.5917 0
881 2.5824 0
1392 2.5755 0
1099 2.5687 0
1309 2.5679 0
411 2.5650 0
699 2.5610 0
1051 2.5479 0
1882 2.5471 0
772 2.5469 0
291 2.5444 0
79 2.5439 0
29 2.5431 0
540 2.5394 0
1366 2.5258 0
210 2.5239 0
342 2.5228 0
462 2.5210 0
773 2.5120 0
923 2.5089 0
350 2.5071 0
1073 2.5064 0
685 2.5025 0
878 2.4778 0
827 2.4608 0
479 2.4519 0
2 2.4504 0
1592 2.4473 0
1408 2.4343 0
892 2.4182 0
882 2.4166 0
1362 2.4156 0
759 2.4036 0
671 2.4027 0
1380 2.3974 0
447 2.3882 0
1720 2.3870 0
1337 2.3867 0
121 2.3761 0
1782 2.3732 0
1349 2.3450 0
57 2.3445 0
1472 2.3404 0
967 2.3390 0
404 2.3301 0
1244 2.3298 0
1389 2.3262 0
740 2.3253 0
972 2.3241 0
949 2.3233 0
543 2.3216 0
514 2.3194 0
1477 2.3041 0
481 2.3030 0
1200 2.3015 0
1201 2.2820 0
660 2.2779 0
897 2.2740 0
788 2.2711 0
1342 2.2682 0
1468 2.2653 0
1407 2.2590 0
1365 2.2552 0
1084 2.2375 0
1325 2.2360 0
861 2.2329 0
1077 2.2284 0
1878 2.2269 0
453 2.2262 0
651 2.2168 0
1195 2.2105 0
557 2.2008 0
1023 2.1969 0
325 2.1884 0
328 2.1804 0
528 2.1554 0
1812 2.1394 0
1415 2.1151 0
860 2.1097 0
697 2.1080 0
657 2.1054 0
691 2.0995 0
1002 2.0984 0
951 2.0938 0
1226 2.0921 0
1670 2.0865 0
1345 2.0843 0
1141 2.0840 1
1519 2.0445 0
1395 2.0392 0
1263 2.0325 0
991 2.0309 0
1062 2.0225 0
1892 2.0163 0
960 2.0078 0
1249 2.0008 0
457 1.9847 0
1695 1.9819 0
242 1.9798 0
1166 1.9787 0
1052 1.9772 0
1490 1.9755 0
24 1.9715 0
1422 1.9705 0
686 1.9691 0
1142 1.9642 1
378 1.9549 0
294 1.9486 0
1193 1.9458 0
386 1.9434 0
858 1.9400 0
1253 1.9215 0
1169 1.8908 0
374 1.8873 0
5 1.8822 0
221 1.8747 0
456 1.8713 0
791 1.8674 0
296 1.8651 0
480 1.8587 0
381 1.8498 0
666 1.8484 0
388 1.8271 0
1371 1.8259 0
1038 1.8243 0
777 1.8221 0
1579 1.8178 0
978 1.8133 0
1518 1.8086 0
1841 1.8003 0
1174 1.7939 0
40 1.7887 0
1590 1.7880 0
895 1.7857 0
1097 1.7849 0
1575 1.7829 0
1258 1.7825 0
961 1.7806 0
1318 1.7686 0
1919 1.7680 0
541 1.7576 0
1343 1.7341 0
530 1.7264 0
1067 1.7204 0
887 1.7184 0
641 1.7119 0
1151 1.7119 0
1652 1.7074 0
1883 1.7032 0
630 1.7008 0
832 1.6988 0
1352 1.6819 0
632 1.6763 0
235 1.6730 0
1232 1.6684 0
667 1.6535 0
497 1.6522 0
932 1.6485 0
327 1.6310 0
520 1.6259 0
96 1.6244 0
754 1.6224 0
1017 1.6203 0
805 1.6199 0
866 1.6027 0
1784 1.5836 0
1117 1.5824 1
1996 1.5820 0
452 1.5808 0
1307 1.5764 0
1369 1.5761 0
1393 1.5759 0
247 1.5750 0
315 1.5613 0
160 1.5529 0
1059 1.5512 0
855 1.5457 0
973 1.5378 0
27 1.5354 0
12 1.5263 0
1027 1.5231 0
1551 1.5126 0
382 1.5105 0
505 1.5099 0
330 1.5089 0
1074 1.5048 0
1429 1.4986 0
1090 1.4890 0
380 1.4858 0
252 1.4840 0
912 1.4832 0
1866 1.4766 0
617 1.4725 0
1827 1.4649 0
224 1.4604 0
1354 1.4598 0
616 1.4511 0
1357 1.4496 0
1157 1.4428 0
676 1.4376 0
1383 1.4264 0
1039 1.4222 0
1095 1.4196 0
813 1.4174 0
347 1.4135 0
168 1.4100 0
1558 1.4055 0
1852 1.4009 0
495 1.4007 0
1172 1.3983 0
578 1.3978 0
54 1.3888 0
959 1.3854 0
466 1.3594 0
1222 1.3591 0
894 1.3542 0
952 1.3457 0
110 1.3426 0
428 1.3425 0
436 1.3381 0
764 1.3304 0
149 1.3302 0
1828 1.3299 0
1275 1.3292 0
279 1.3243 0
256 1.3235 0
995 1.3184 0
851 1.3132 0
839 1.3098 0
1242 1.3093 0
422 1.3059 0
1287 1.3003 0
751 1.2993 0
865 1.2976 0
1439 1.2973 0
1466 1.2931 0
941 1.2851 0
408 1.2834 0
425 1.2748 0
55 1.2723 0
1896 1.2700 0
615 1.2686 0
979 1.2545 0
1344 1.2526 0
786 1.2493 0
1814 1.2490 0
1501 1.2472 0
1668 1.2467 0
1110 1.2445 1
760 1.2353 0
365 1.2323 0
1435 1.2316 0
78 1.2280 0
739 1.2267 0
771 1.2259 0
694 1.2217 0
1749 1.2171 0
412 1.2159 0
406 1.2144 0
626 1.2095 0
1619 1.2061 0
1388 1.1983 0
1909 1.1773 0
919 1.1751 0
109 1.1656 0
1184 1.1641 0
1937 1.1634 0
938 1.1608 0
1705 1.1584 0
1593 1.1542 0
1397 1.1477 0
1423 1.1440 0
461 1.1408 0
562 1.1401 0
438 1.1307 0
553 1.1264 0
749 1.1257 0
1840 1.1251 0
1375 1.1216 0
856 1.1203 0
1524 1.1129 0
957 1.1081 0
82 1.1048 0
132 1.1022 0
1368 1.1006 0
174 1.0996 0
103 1.0993 0
700 1.0898 0
1959 1.0862 0
403 1.0742 0
1317 1.0664 0
1335 1.0627 0
780 1.0578 0
1427 1.0574 0
776 1.0510 0
1587 1.0470 0
1404 1.0459 0
1783 1.0424 0
1449 1.0281 0
308 1.0261 0
986 1.0256 0
968 1.0245 0
1001 1.0185 0
1173 1.0177 0
1321 1.0116 0
1674 1.0112 0
1512 1.0100 0
1550 1.0077 0
1199 0.9990 0
91 0.9961 0
577 0.9948 0
1081 0.9932 0
474 0.9897 0
246 0.9882 0
673 0.9835 0
933 0.9751 0
220 0.9748 0
360 0.9746 0
83 0.9677 0
1277 0.9634 0
688 0.9581 0
229 0.9524 0
603 0.9512 0
581 0.9454 0
867 0.9438 0
1272 0.9408 0
1210 0.9398 0
277 0.9352 0
494 0.9344 0
1676 0.9280 0
1190 0.9272 0
600 0.9271 0
1025 0.9159 0
1854 0.9126 0
877 0.9102 0
45 0.9079 0
99 0.9066 0
1328 0.9042 0
250 0.9001 0
1574 0.8887 0
1359 0.8876 0
969 0.8777 0
1086 0.8642 0
963 0.8608 0
300 0.8577 0
1012 0.8457 0
1773 0.8452 0
1899 0.8448 0
936 0.8419 0
575 0.8385 0
709 0.8242 0
1071 0.8219 0
1651 0.8174 0
1553 0.8136 0
1250 0.8021 0
1863 0.8005 0
1565 0.7970 0
334 0.7911 0
312 0.7847 0
637 0.7829 0
1257 0.7825 0
1034 0.7748 0
32 0.7655 0
1632 0.7651 0
1402 0.7593 0
926 0.7586 0
821 0.7505 0
31 0.7486 0
1069 0.7484 0
1573 0.7470 0
310 0.7464 0
319 0.7461 0
398 0.7408 0
818 0.7390 0
911 0.7383 0
413 0.7285 0
1202 0.7196 0
311 0.7196 0
1500 0.7166 0
977 0.7099 0
1031 0.7094 0
400 0.7075 0
852 0.7070 0
693 0.7042 0
377 0.7030 0
1657 0.6991 0
389 0.6965 0
267 0.6960 0
1440 0.6924 0
1032 0.6874 0
1963 0.6856 0
896 0.6851 0
1056 0.6777 0
1760 0.6759 0
984 0.6757 0
1177 0.6752 0
721 0.6751 0
1187 0.6636 0
1020 0.6626 0
56 0.6512 0
1068 0.6470 0
1797 0.6189 0
33 0.6095 0
1931 0.6087 0
1162 0.6035 0
278 0.5981 0
1030 0.5967 0
1586 0.5907 0
1481 0.5867 0
1660 0.5796 0
1412 0.5780 0
655 0.5684 0
533 0.5619 0
846 0.5538 0
516 0.5534 0
1246 0.5489 0
1178 0.5422 0
556 0.5378 0
1406 0.5378 0
371 0.5313 0
1333 0.5211 0
437 0.5159 0
241 0.5135 0
152 0.5118 0
341 0.5060 0
1786 0.4977 0
849 0.4900 0
1663 0.4873 0
908 0.4808 0
1150 0.4749 0
1698 0.4737 0
736 0.4727 0
232 0.4698 0
158 0.4628 0
1459 0.4569 0
1576 0.4540 0
1802 0.4475 0
909 0.4438 0
205 0.4417 0
999 0.4402 0
218 0.4301 0
918 0.4290 0
642 0.4218 0
1290 0.4217 0
582 0.4191 0
1381 0.4186 0
147 0.4174 0
352 0.4171 0
426 0.4153 0
1825 0.4073 0
441 0.4039 0
483 0.4019 0
26 0.4010 0
729 0.3979 0
1326 0.3880 0
451 0.3816 0
43 0.3790 0
1521 0.3728 0
1956 0.3705 0
476 0.3672 0
1227 0.3652 0
368 0.3650 0
607 0.3579 0
1697 0.3572 0
301 0.3410 0
1806 0.3403 0
1559 0.3320 0
584 0.3312 0
415 0.3271 0
1568 0.3253 0
1319 0.3227 0
1549 0.3071 0
906 0.3059 0
108 0.3035 0
1066 0.2975 0
863 0.2952 0
1418 0.2873 0
1924 0.2849 0
595 0.2827 0
1738 0.2827 0
463 0.2771 0
683 0.2724 0
1666 0.2695 0
87 0.2682 0
1327 0.2645 0
564 0.2644 0
3 0.2624 0
661 0.2607 0
1544 0.2513 0
1158 0.2492 0
674 0.2453 0
1870 0.2444 0
1444 0.2438 0
363 0.2410 0
506 0.2378 0
1894 0.2356 0
1746 0.2352 0
1331 0.2348 0
608 0.2302 0
76 0.2262 0
589 0.2147 0
292 0.2035 0
568 0.2006 0
1386 0.2004 0
1563 0.1859 0
529 0.1840 0
1269 0.1768 0
1018 0.1767 0
511 0.1642 0
735 0.1642 0
631 0.1635 0
902 0.1606 0
1628 0.1524 0
1672 0.1474 0
484 0.1436 0
1213 0.1404 0
1914 0.1356 0
369 0.1292 0
18 0.1245 0
217 0.1088 0
346 0.1069 0
1409 0.1021 0
351 0.1011 0
432 0.0825 0
407 0.0735 0
850 0.0707 0
1735 0.0679 0
590 0.0674 0
656 0.0672 0
445 0.0668 0
913 0.0666 0
885 0.0659 0
1251 0.0636 0
1612 0.0607 0
1058 0.0599 0
1537 0.0594 0
1817 0.0557 0
924 0.0515 0
285 0.0472 0
1255 0.0457 0
1385 0.0433 0
1794 0.0336 0
1189 0.0253 0
1256 0.0245 0
1675 0.0162 0
455 0.0141 0
958 0.0098 0
647 0.0088 0
1874 0.0074 0
289 0.0068 0
1053 0.0066 0
1183 0.0007 0
1895 -0.0043 0
559 -0.0126 0
385 -0.0147 0
208 -0.0155 0
219 -0.0182 0
1865 -0.0202 0
1699 -0.0317 0
944 -0.0335 0
1391 -0.0398 0
1211 -0.0401 0
802 -0.0410 0
450 -0.0419 0
663 -0.0494 0
1625 -0.0501 0
1921 -0.0530 0
1299 -0.0585 0
1687 -0.0636 0
1314 -0.0642 0
1603 -0.0642 0
1491 -0.0702 0
680 -0.0737 0
572 -0.0800 0
317 -0.0821 0
1010 -0.0825 0
1677 -0.0878 0
1607 -0.0911 0
1753 -0.0947 0
1350 -0.0955 0
1664 -0.0955 0
30 -0.0968 0
114 -0.1130 0
1268 -0.1140 0
471 -0.1191 0
1965 -0.1219 0
1452 -0.1323 0
1767 -0.1327 0
92 -0.1381 0
1745 -0.1444 0
303 -0.1456 0
270 -0.1468 0
890 -0.1504 0
1220 -0.1512 0
0 -0.1525 0
390 -0.1526 0
834 -0.1603 0
1600 -0.1623 0
844 -0.1651 0
620 -0.1663 0
1049 -0.1713 0
472 -0.1723 0
186 -0.1741 0
1082 -0.1771 0
1289 -0.1812 0
1722 -0.1885 0
609 -0.1903 0
1372 -0.2015 0
570 -0.2049 0
1904 -0.2057 0
1569 -0.2112 0
1801 -0.2156 0
1777 -0.2200 0
931 -0.2267 0
1252 -0.2313 0
1581 -0.2339 0
862 -0.2396 0
465 -0.2440 0
768 -0.2453 0
80 -0.2457 0
307 -0.2504 0
253 -0.2512 0
1445 -0.2518 0
1839 -0.2529 0
698 -0.2535 0
1832 -0.2545 0
1475 -0.2577 0
879 -0.2590 0
716 -0.2652 0
746 -0.2703 0
1138 -0.2724 1
841 -0.2729 0
842 -0.2730 0
322 -0.2849 0
131 -0.2853 0
1057 -0.2894 0
1876 -0.2920 0
151 -0.2926 0
1165 -0.2944 0
81 -0.3031 0
681 -0.3084 0
134 -0.3096 0
216 -0.3111 0
1871 -0.3200 0
1216 -0.3216 0
201 -0.3304 0
1024 -0.3304 0
1076 -0.3318 0
1421 -0.3412 0
1505 -0.3430 0
942 -0.3438 0
1930 -0.3449 0
714 -0.3535 0
262 -0.3560 0
1700 -0.3585 0
1170 -0.3590 0
1564 -0.3637 0
1266 -0.3645 0
875 -0.3646 0
1011 -0.3730 0
1356 -0.3744 0
837 -0.3801 0
1288 -0.3816 0
548 -0.3877 0
592 -0.3942 0
364 -0.4017 0
574 -0.4050 0
401 -0.4090 0
1047 -0.4126 0
1089 -0.4130 0
1689 -0.4200 0
929 -0.4263 0
1339 -0.4371 0
1045 -0.4460 0
259 -0.4472 0
1543 -0.4479 0
1577 -0.4505 0
104 -0.4588 0
1191 -0.4595 0
496 -0.4633 0
28 -0.4682 0
446 -0.4732 0
628 -0.4758 0
1334 -0.4806 0
822 -0.4848 0
1506 -0.4875 0
366 -0.4877 0
1631 -0.4885 0
133 -0.4909 0
523 -0.4935 0
309 -0.4939 0
987 -0.4955 0
1879 -0.4976 0
396 -0.4991 0
1442 -0.5002 0
593 -0.5011 0
1881 -0.5025 0
857 -0.5055 0
836 -0.5059 0
679 -0.5074 0
1206 -0.5188 0
835 -0.5219 0
611 -0.5226 0
161 -0.5277 0
245 -0.5442 0
884 -0.5457 0
356 -0.5635 0
606 -0.5652 0
1361 -0.5671 0
1217 -0.5678 0
488 -0.5685 0
976 -0.5685 0
745 -0.5693 0
601 -0.5716 0
619 -0.5737 0
1457 -0.5831 0
491 -0.5856 0
204 -0.5940 0
1080 -0.6034 0
1215 -0.6093 0
1958 -0.6159 0
180 -0.6171 0
223 -0.6193 0
1925 -0.6194 0
1580 -0.6220 0
430 -0.6223 0
1589 -0.6227 0
1398 -0.6290 0
845 -0.6302 0
1719 -0.6313 0
318 -0.6363 0
1645 -0.6423 0
554 -0.6429 0
1728 -0.6590 0
1941 -0.6747 0
1154 -0.6789 0
695 -0.6789 0
355 -0.6815 0
789 -0.6825 0
1065 -0.6831 0
994 -0.6967 0
1338 -0.7043 0
1824 -0.7055 0
1528 -0.7155 0
1578 -0.7258 0
487 -0.7278 0
937 -0.7320 0
1278 -0.7335 0
665 -0.7353 0
1424 -0.7353 0
1508 -0.7375 0
357 -0.7379 0
251 -0.7449 0
1935 -0.7500 0
708 -0.7503 0
135 -0.7524 0
215 -0.7565 0
449 -0.7569 0
1279 -0.7582 0
1280 -0.7594 0
52 -0.7606 0
502 -0.7640 0
1414 -0.7726 0
682 -0.7727 0
588 -0.7764 0
266 -0.7812 0
243 -0.7846 0
1197 -0.7965 0
670 -0.7984 0
329 -0.8016 0
339 -0.8043 0
1830 -0.8055 0
1598 -0.8057 0
1181 -0.8097 0
1260 -0.8114 0
138 -0.8145 0
51 -0.8198 0
1611 -0.8205 0
353 -0.8230 0
765 -0.8249 0
391 -0.8261 0
69 -0.8342 0
1534 -0.8347 0
792 -0.8393 0
1771 -0.8401 0
622 -0.8467 0
1669 -0.8541 0
233 -0.8549 0
1712 -0.8576 0
1917 -0.8601 0
512 -0.8609 0
211 -0.8615 0
696 -0.8623 0
19 -0.8627 0
159 -0.8634 0
546 -0.8718 0
1087 -0.8722 0
1494 -0.8796 0
567 -0.8847 0
900 -0.8867 0
1159 -0.8910 0
1245 -0.8960 0
743 -0.9028 0
237 -0.9063 0
1964 -0.9126 0
1684 -0.9227 0
728 -0.9232 0
898 -0.9278 0
1831 -0.9292 0
761 -0.9322 0
1035 -0.9345 0
1083 -0.9349 0
1351 -0.9468 0
1182 -0.9517 0
1556 -0.9530 0
458 -0.9536 0
271 -0.9606 0
915 -0.9618 0
16 -0.9632 0
1009 -0.9635 0
1872 -0.9646 0
1717 -0.9726 0
1063 -0.9731 0
573 -0.9741 0
169 -0.9805 0
1267 -0.9808 0
1419 -0.9810 0
1908 -0.9893 0
1953 -0.9938 0
70 -1.0030 0
442 -1.0049 0
98 -1.0090 0
1993 -1.0111 0
1743 -1.0127 0
724 -1.0154 0
916 -1.0164 0
1842 -1.0174 0
585 -1.0230 0
418 -1.0285 0
1520 -1.0287 0
1875 -1.0319 0
1679 -1.0328 0
1192 -1.0346 0
953 -1.0385 0
1856 -1.0400 0
1942 -1.0409 0
1813 -1.0417 0
209 -1.0471 0
1562 -1.0509 0
39 -1.0546 0
1088 -1.0561 0
633 -1.0588 0
1858 -1.0589 0
111 -1.0591 0
8 -1.0614 0
1613 -1.0654 0
980 -1.0700 0
614 -1.0717 0
1248 -1.0745 0
1198 -1.0749 0
1811 -1.0807 0
1509 -1.0827 0
1688 -1.0833 0
930 -1.0891 0
1906 -1.0943 0
1821 -1.0958 0
872 -1.0977 0
112 -1.0985 0
268 -1.0993 0
61 -1.1000 0
207 -1.1003 0
672 -1.1092 0
137 -1.1122 0
1152 -1.1184 0
1835 -1.1194 0
15 -1.1197 0
1623 -1.1263 0
599 -1.1263 0
1877 -1.1289 0
602 -1.1297 0
690 -1.1319 0
551 -1.1343 0
1634 -1.1409 0
1050 -1.1564 0
1164 -1.1568 0
1769 -1.1664 0
281 -1.1675 0
1857 -1.1772 0
1823 -1.1824 0
1555 -1.1836 0
943 -1.1881 0
1530 -1.1902 0
1571 -1.1905 0
650 -1.1925 0
1781 -1.1954 0
286 -1.2024 0
610 -1.2051 0
974 -1.2106 0
542 -1.2214 0
1488 -1.2232 0
1436 -1.2268 0
1656 -1.2298 0
635 -1.2328 0
560 -1.2339 0
1809 -1.2382 0
713 -1.2422 0
646 -1.2428 0
354 -1.2429 0
1785 -1.2443 0
1420 -1.2468 0
1599 -1.2550 0
1548 -1.2623 0
1008 -1.2624 0
1522 -1.2686 0
1013 -1.2824 0
571 -1.2938 0
1983 -1.2979 0
126 -1.2993 0
427 -1.2993 0
359 -1.3020 0
1733 -1.3045 0
715 -1.3052 0
1826 -1.3133 0
1516 -1.3147 0
1642 -1.3175 0
1945 -1.3178 0
1981 -1.3239 0
1926 -1.3253 0
1731 -1.3276 0
518 -1.3340 0
1554 -1.3344 0
21 -1.3443 0
1078 -1.3468 0
183 -1.3482 0
1596 -1.3497 0
1724 -1.3552 0
604 -1.3579 0
613 -1.3635 0
1696 -1.3657 0
1867 -1.3672 0
756 -1.3778 0
1843 -1.3790 0
1635 -1.3833 0
612 -1.3842 0
1847 -1.3935 0
1016 -1.4058 0
1860 -1.4066 0
143 -1.4068 0
703 -1.4077 0
1886 -1.4080 0
392 -1.4080 0
1484 -1.4140 0
1855 -1.4182 0
290 -1.4185 0
1836 -1.4222 0
621 -1.4248 0
222 -1.4273 0
1454 -1.4296 0
1900 -1.4389 0
405 -1.4404 0
1905 -1.4427 0
1887 -1.4435 0
321 -1.4494 0
669 -1.4591 0
194 -1.4598 0
1982 -1.4610 0
171 -1.4677 0
1868 -1.4689 0
1915 -1.4795 0
1849 -1.4813 0
337 -1.4863 0
1358 -1.4889 0
804 -1.4910 0
1447 -1.4919 0
1572 -1.4947 0
283 -1.4955 0
975 -1.4959 0
1060 -1.5054 0
500 -1.5089 0
1432 -1.5160 0
1778 -1.5187 0
677 -1.5193 0
741 -1.5209 0
1761 -1.5281 0
692 -1.5421 0
1659 -1.5421 0
940 -1.5524 0
1517 -1.5536 0
1862 -1.5641 0
869 -1.5642 0
113 -1.5692 0
1898 -1.5727 0
1433 -1.5768 0
118 -1.5781 0
935 -1.5870 0
1212 -1.5871 0
1238 -1.5883 0
800 -1.5886 0
249 -1.5905 0
1430 -1.5917 0
720 -1.5973 0
1819 -1.6000 0
1570 -1.6024 0
1411 -1.6044 0
1019 -1.6071 0
1446 -1.6090 0
1650 -1.6110 0
37 -1.6116 0
1791 -1.6132 0
1399 -1.6152 0
1160 -1.6183 0
747 -1.6186 0
1938 -1.6190 0
1273 -1.6261 0
1379 -1.6277 0
1608 -1.6294 0
723 -1.6304 0
1977 -1.6369 0
1207 -1.6391 0
106 -1.6455 0
1204 -1.6457 0
1218 -1.6476 0
1231 -1.6502 0
184 -1.6592 0
1913 -1.6637 0
1800 -1.6650 0
510 -1.6691 0
678 -1.6831 0
1966 -1.6851 0
712 -1.6880 0
1156 -1.6958 0
1098 -1.7076 0
410 -1.7104 0
1261 -1.7111 0
273 -1.7117 0
920 -1.7181 0
1686 -1.7253 0
901 -1.7305 0
1390 -1.7341 0
1281 -1.7392 0
1585 -1.7415 0
525 -1.7421 0
72 -1.7492 0
265 -1.7494 0
634 -1.7509 0
127 -1.7580 0
155 -1.7713 0
830 -1.7766 0
263 -1.7773 0
734 -1.7875 0
508 -1.7915 0
1507 -1.7994 0
1658 -1.8017 0
421 -1.8078 0
1702 -1.8105 0
1643 -1.8149 0
1737 -1.8169 0
306 -1.8197 0
167 -1.8267 0
1209 -1.8275 0
1891 -1.8310 0
1933 -1.8339 0
254 -1.8389 0
1237 -1.8413 0
1678 -1.8517 0
544 -1.8545 0
1 -1.8583 0
244 -1.8595 0
1762 -1.8628 0
482 -1.8731 0
1236 -1.8758 0
260 -1.8811 0
206 -1.8814 0
1984 -1.8885 0
115 -1.8892 0
323 -1.8955 0
117 -1.8958 0
420 -1.9003 0
1990 -1.9080 0
141 -1.9181 0
13 -1.9197 0
1480 -1.9309 0
1295 -1.9338 0
501 -1.9349 0
1322 -1.9360 0
733 -1.9409 0
594 -1.9411 0
1807 -1.9441 0
102 -1.9442 0
144 -1.9541 0
298 -1.9542 0
549 -1.9668 0
917 -1.9670 0
1079 -1.9678 0
725 -1.9679 0
196 -1.9688 0
1168 -1.9696 0
1976 -1.9731 0
990 -1.9741 0
181 -1.9751 0
732 -1.9780 0
234 -1.9786 0
1901 -1.9865 0
645 -1.9876 0
419 -1.9876 0
1293 -1.9891 0
1732 -1.9921 0
719 -2.0017 0
922 -2.0022 0
1312 -2.0026 0
727 -2.0076 0
1725 -2.0093 0
1747 -2.0093 0
507 -2.0094 0
71 -2.0110 0
1604 -2.0137 0
730 -2.0205 0
534 -2.0348 0
202 -2.0360 0
1822 -2.0379 0
1235 -2.0390 0
537 -2.0395 0
230 -2.0397 0
1992 -2.0474 0
231 -2.0481 0
1943 -2.0504 0
905 -2.0674 0
1770 -2.0715 0
1714 -2.0786 0
1458 -2.0820 0
1441 -2.0854 0
1820 -2.0857 0
1276 -2.0911 0
871 -2.0952 0
1610 -2.0964 0
1036 -2.0984 0
1848 -2.0998 0
178 -2.1012 0
20 -2.1022 0
248 -2.1025 0
228 -2.1097 0
1805 -2.1101 0
1360 -2.1227 0
384 -2.1235 0
1757 -2.1252 0
1796 -2.1335 0
847 -2.1392 0
1003 -2.1417 0
1884 -2.1529 0
440 -2.1584 0
1713 -2.1607 0
195 -2.1642 0
782 -2.1664 0
1775 -2.1668 0
1014 -2.1685 0
1426 -2.1725 0
1294 -2.1737 0
517 -2.1915 0
1818 -2.1923 0
1916 -2.1936 0
1776 -2.1975 0
190 -2.2039 0
1536 -2.2041 0
1911 -2.2081 0
907 -2.2112 0
939 -2.2117 0
1986 -2.2178 0
1736 -2.2181 0
1869 -2.2296 0
636 -2.2305 0
1655 -2.2307 0
326 -2.2417 0
1223 -2.2433 0
1529 -2.2438 0
423 -2.2629 0
597 -2.2655 0
1403 -2.2731 0
187 -2.2818 0
107 -2.2858 0
1465 -2.2860 0
710 -2.2862 0
1620 -2.2892 0
402 -2.2915 0
116 -2.2931 0
945 -2.2973 0
274 -2.3026 0
1693 -2.3034 0
1833 -2.3128 0
522 -2.3234 0
1228 -2.3239 0
701 -2.3250 0
1861 -2.3252 0
200 -2.3270 0
1203 -2.3304 0
414 -2.3348 0
1043 -2.3360 0
1985 -2.3666 0
212 -2.3666 0
1161 -2.3692 0
1927 -2.3829 0
379 -2.3891 0
946 -2.3902 0
90 -2.3977 0
927 -2.4040 0
156 -2.4047 0
1615 -2.4049 0
934 -2.4079 0
1864 -2.4085 0
1944 -2.4091 0
1740 -2.4216 0
295 -2.4219 0
515 -2.4294 0
1690 -2.4331 0
1897 -2.4344 0
1994 -2.4377 0
809 -2.4456 0
904 -2.4483 0
1932 -2.4509 0
1247 -2.4586 0
1070 -2.4709 0
444 -2.4712 0
806 -2.4729 0
272 -2.4735 0
1918 -2.4759 0
36 -2.4836 0
1601 -2.4847 0
524 -2.4934 0
1482 -2.4969 0
1545 -2.5018 0
1853 -2.5063 0
1989 -2.5078 0
1723 -2.5085 0
1829 -2.5091 0
1355 -2.5150 0
569 -2.5150 0
1540 -2.5170 0
1633 -2.5174 0
707 -2.5194 0
1692 -2.5211 0
948 -2.5220 0
1532 -2.5224 0
717 -2.5255 0
424 -2.5282 0
34 -2.5352 0
823 -2.5422 0
1888 -2.5465 0
1094 -2.5582 0
1443 -2.5691 0
1286 -2.5693 0
565 -2.5695 0
1922 -2.5748 0
485 -2.5805 0
1727 -2.5931 0
1928 -2.6005 0
139 -2.6041 0
1460 -2.6116 0
1710 -2.6159 0
1790 -2.6162 0
1939 -2.6272 0
1960 -2.6294 0
63 -2.6314 0
925 -2.6315 0
105 -2.6403 0
1298 -2.6589 0
124 -2.6617 0
1988 -2.6813 0
1448 -2.6839 0
1708 -2.6864 0
1803 -2.6900 0
1653 -2.6905 0
576 -2.6927 0
22 -2.6992 0
1046 -2.6993 0
448 -2.7013 0
1476 -2.7144 0
1969 -2.7156 0
1726 -2.7181 0
1951 -2.7201 0
68 -2.7255 0
1243 -2.7472 0
1646 -2.7506 0
1962 -2.7535 0
1873 -2.7565 0
1234 -2.7660 0
539 -2.7670 0
128 -2.7687 0
591 -2.7820 0
125 -2.7838 0
1425 -2.7847 0
417 -2.7861 0
1654 -2.7884 0
153 -2.7921 0
1923 -2.7970 0
775 -2.7970 0
1912 -2.8020 0
558 -2.8088 0
1469 -2.8088 0
269 -2.8167 0
535 -2.8226 0
1804 -2.8262 0
1787 -2.8275 0
1214 -2.8285 0
1799 -2.8310 0
1815 -2.8321 0
1179 -2.8409 0
1264 -2.8430 0
1453 -2.8431 0
1588 -2.8499 0
1538 -2.8580 0
1463 -2.8601 0
831 -2.8607 0
100 -2.8731 0
587 -2.8755 0
1998 -2.8767 0
101 -2.8779 0
910 -2.8820 0
1987 -2.8926 0
84 -2.8959 0
1513 -2.9084 0
1000 -2.9248 0
1709 -2.9462 0
130 -2.9464 0
1851 -2.9575 0
140 -2.9722 0
157 -2.9730 0
1526 -2.9748 0
1224 -2.9770 0
1004 -2.9836 0
1680 -2.9903 0
1955 -2.9908 0
808 -2.9991 0
1948 -3.0079 0
255 -3.0228 0
1602 -3.0237 0
1701 -3.0269 0
1221 -3.0305 0
120 -3.0311 0
188 -3.0324 0
1240 -3.0395 0
705 -3.0426 0
44 -3.0466 0
826 -3.0487 0
86 -3.0520 0
1893 -3.0543 0
10 -3.0550 0
1495 -3.0559 0
848 -3.0601 0
1621 -3.0624 0
275 -3.0677 0
7 -3.0735 0
1774 -3.0798 0
1054 -3.0909 0
1502 -3.0945 0
552 -3.0967 0
1816 -3.0998 0
1946 -3.1083 0
702 -3.1179 0
1041 -3.1386 0
42 -3.1411 0
1561 -3.1469 0
47 -3.1560 0
1640 -3.1605 0
744 -3.1633 0
738 -3.1635 0
1396 -3.1774 0
1729 -3.1859 0
1630 -3.1878 0
1539 -3.1893 0
225 -3.1896 0
547 -3.1981 0
1274 -3.1997 0
1584 -3.2091 0
1978 -3.2110 0
899 -3.2134 0
748 -3.2142 0
1483 -3.2243 0
1880 -3.2479 0
198 -3.2547 0
49 -3.2639 0
383 -3.2774 0
1092 -3.2891 0
1704 -3.2946 0
1974 -3.2949 0
1741 -3.3052 0
1382 -3.3058 0
199 -3.3059 0
1498 -3.3185 0
1859 -3.3278 0
136 -3.3289 0
627 -3.3333 0
1936 -3.3392 0
1284 -3.3458 0
236 -3.3561 0
1456 -3.3563 0
1752 -3.3590 0
843 -3.3597 0
812 -3.3608 0
531 -3.3662 0
1890 -3.3784 0
1910 -3.3803 0
258 -3.3882 0
1451 -3.3937 0
536 -3.3955 0
1751 -3.4031 0
1766 -3.4037 0
1808 -3.4096 0
1837 -3.4106 0
1637 -3.4347 0
122 -3.4380 0
731 -3.4414 0
1428 -3.4440 0
1885 -3.4576 0
1455 -3.4587 0
1582 -3.4628 0
1980 -3.4639 0
227 -3.4671 0
189 -3.4700 0
814 -3.4775 0
1485 -3.4823 0
1667 -3.4925 0
434 -3.4990 0
148 -3.5060 0
1606 -3.5156 0
580 -3.5376 0
261 -3.5411 0
1462 -3.5556 0
1233 -3.5600 0
1979 -3.5606 0
817 -3.5616 0
1947 -3.5625 0
726 -3.5645 0
1902 -3.5714 0
640 -3.5734 0
532 -3.6205 0
1795 -3.6207 0
1957 -3.6231 0
1438 -3.6299 0
1496 -3.6411 0
1241 -3.6472 0
1999 -3.6504 0
1954 -3.6606 0
1410 -3.6606 0
166 -3.6719 0
416 -3.6807 0
239 -3.6823 0
154 -3.6834 0
1486 -3.6879 0
947 -3.6973 0
566 -3.7011 0
1515 -3.7017 0
903 -3.7040 0
623 -3.7129 0
1971 -3.7155 0
203 -3.7200 0
1834 -3.7223 0
1597 -3.7237 0
1929 -3.7328 0
1639 -3.7330 0
1048 -3.7332 0
88 -3.7567 0
264 -3.7681 0
838 -3.7837 0
1527 -3.7910 0
162 -3.8015 0
605 -3.8226 0
1789 -3.8327 0
1005 -3.8388 0
1734 -3.8528 0
150 -3.8531 0
1662 -3.8621 0
1431 -3.8722 0
992 -3.8808 0
316 -3.8874 0
1961 -3.8909 0
1037 -3.8964 0
175 -3.9142 0
1450 -3.9186 0
1055 -3.9191 0
193 -3.9216 0
1995 -3.9304 0
38 -3.9320 0
1219 -3.9446 0
192 -3.9470 0
179 -3.9538 0
965 -3.9618 0
182 -3.9773 0
1907 -3.9805 0
1296 -3.9918 0
177 -3.9982 0
1949 -4.0068 0
1764 -4.0105 0
1768 -4.0152 0
165 -4.0229 0
1514 -4.0425 0
238 -4.0439 0
503 -4.0532 0
399 -4.0659 0
1523 -4.0760 0
643 -4.0770 0
85 -4.0805 0
361 -4.0938 0
1605 -4.0965 0
1754 -4.0967 0
1205 -4.0987 0
1626 -4.1176 0
1997 -4.1217 0
1493 -4.1251 0
1649 -4.1623 0
1487 -4.1656 0
1627 -4.1759 0
1541 -4.1770 0
1707 -4.1832 0
6 -4.1863 0
1044 -4.2056 0
1478 -4.2206 0
824 -4.2252 0
1622 -4.2315 0
579 -4.2355 0
1503 -4.2390 0
197 -4.2581 0
1583 -4.2973 0
928 -4.2985 0
583 -4.3447 0
1755 -4.3483 0
1970 -4.3621 0
394 -4.3838 0
1511 -4.3893 0
1739 -4.3943 0
164 -4.4042 0
1026 -4.4081 0
825 -4.4150 0
173 -4.4254 0
1497 -4.4466 0
1560 -4.4984 0
1671 -4.5030 0
170 -4.5035 0
9 -4.5275 0
145 -4.5428 0
1229 -4.5441 0
810 -4.5641 0
598 -4.5661 0
1792 -4.5705 0
1467 -4.6048 0
176 -4.6342 0
964 -4.6544 0
526 -4.6657 0
293 -4.6681 0
1531 -4.7214 0
1546 -4.7305 0
1798 -4.7458 0
1750 -4.7547 0
25 -4.7589 0
1838 -4.7680 0
1703 -4.7698 0
1473 -4.7919 0
1479 -4.8141 0
1647 -4.8144 0
119 -4.8205 0
1636 -4.8262 0
1618 -4.8527 0
1694 -4.8829 0
706 -4.8854 0
1096 -4.8876 0
1742 -4.9196 0
280 -4.9200 0
722 -4.9977 0
1772 -4.9997 0
338 -5.0053 0
596 -5.0235 0
1510 -5.0346 0
163 -5.0393 0
1950 -5.0403 0
950 -5.0827 0
41 -5.0866 0
1972 -5.0910 0
1758 -5.1005 0
563 -5.1314 0
74 -5.1528 0
129 -5.1716 0
1975 -5.1821 0
1552 -5.1960 0
1492 -5.2143 0
1779 -5.2324 0
1711 -5.2380 0
35 -5.2830 0
1973 -5.3058 0
1499 -5.3179 0
1542 -5.3215 0
17 -5.3730 0
833 -5.4078 0
1464 -5.4152 0
1788 -5.4268 0
1416 -5.4590 0
62 -5.4712 0
1920 -5.4767 0
1353 -5.4771 0
820 -5.4846 0
1007 -5.5298 0
1609 -5.5939 0
1470 -5.6265 0
1793 -5.6628 0
1629 -5.7313 0
1644 -5.7525 0
550 -5.8003 0
1967 -5.8101 0
1504 -5.8157 0
1780 -5.8368 0
1461 -5.9227 0
519 -5.9313 0
1617 -5.9399 0
1681 -5.9873 0
504 -6.0476 0
185 -6.0784 0
1641 -6.1241 0
828 -6.1419 0
1471 -6.1437 0
1940 -6.1454 0
742 -6.1548 0
297 -6.1586 0
1968 -6.2091 0
801 -6.3130 0
1535 -6.3275 0
191 -6.4910 0
1624 -6.4957 0
1765 -6.5392 0
807 -6.6487 0
302 -6.7242 0
1638 -6.7504 0
1525 -6.8164 0
1648 -6.9079 0
1616 -6.9475 0
1533 -6.9726 0
1474 -6.9900 0
1756 -7.6371 0
1991 -7.6957 0
1759 -7.8333 0
1763 -9.1015 0
711 -9.1245 0
