1196 28.1366 1
1183 23.9451 1
1199 21.5332 1
1168 18.5169 1
1175 18.3044 1
1153 18.0285 1
1157 16.8993 1
1159 16.8794 1
1165 16.2161 1
1169 15.4487 1
638 14.8180 0
621 14.5955 0
1151 14.2497 1
1173 14.1076 1
1181 13.7776 1
1197 13.6532 1
80 13.4741 0
616 13.2261 0
1198 12.9938 1
1150 12.8612 1
1163 12.3659 1
1897 12.3370 0
1786 12.2926 0
1162 12.0827 1
1826 11.9713 0
633 11.9414 0
1164 11.5128 1
1195 11.3372 1
1161 11.0365 1
1817 10.7039 0
1798 10.6129 0
1721 10.5571 0
1170 10.4041 1
615 9.9439 0
1784 9.9237 0
619 9.6987 0
1802 9.6951 0
1177 9.6459 1
1182 9.2018 1
635 9.0454 0
1780 8.9485 0
610 8.8126 0
1160 8.7804 1
1841 8.6894 0
1154 8.6403 1
1799 8.6158 0
1188 8.3981 1
686 8.3061 0
642 8.2089 0
1831 8.2065 0
1812 7.9304 0
1840 7.8760 0
608 7.8111 0
870 7.8048 0
70 7.7606 0
22 7.6653 0
603 7.6516 0
609 7.6361 0
614 7.5740 0
1155 7.4378 1
1156 7.3868 1
1152 6.9320 1
1732 6.7341 0
1042 6.6273 0
1321 6.6216 0
667 6.5921 0
1167 6.5364 1
934 6.4418 0
61 6.4221 0
629 6.4215 0
114 6.3978 0
76 6.3832 0
1189 6.2948 1
1184 6.2938 1
1804 6.2172 0
818 6.1922 0
1839 6.1249 0
1320 5.9844 0
160 5.8806 0
895 5.8297 0
1842 5.7951 0
82 5.7837 0
1775 5.7547 0
1772 5.7088 0
622 5.7008 0
1818 5.6930 0
292 5.6411 0
92 5.6356 0
1874 5.6289 0
1827 5.6099 0
1172 5.6068 1
1887 5.5095 0
919 5.5040 0
1178 5.4881 1
54 5.4393 0
1490 5.4117 0
1820 5.3929 0
876 5.3765 0
643 5.3308 0
1819 5.2713 0
1810 5.2712 0
1749 5.2562 0
284 5.2374 0
1037 5.1801 0
1758 5.1716 0
1860 5.1196 0
1816 5.0841 0
1325 5.0801 0
81 4.9941 0
641 4.9879 0
1759 4.8820 0
86 4.8694 0
96 4.8492 0
1740 4.8336 0
1822 4.7664 0
1813 4.7604 0
1312 4.7554 0
1727 4.7314 0
624 4.7180 0
78 4.7068 0
1974 4.6706 0
1807 4.6558 0
1185 4.6524 1
1946 4.6494 0
1179 4.6370 1
1724 4.6193 0
1837 4.6135 0
1755 4.5418 0
99 4.5343 0
1130 4.5300 0
53 4.5222 0
27 4.4868 0
1815 4.4438 0
1848 4.4398 0
1844 4.4226 0
275 4.3961 0
880 4.3821 0
51 4.3615 0
1722 4.3231 0
32 4.3093 0
1193 4.3044 1
1782 4.2196 0
620 4.1944 0
625 4.1686 0
1706 4.1438 0
1754 4.1378 0
1031 4.1085 0
1787 4.1068 0
606 4.0767 0
65 4.0744 0
1768 4.0694 0
1190 4.0682 1
637 4.0650 0
1806 4.0534 0
1814 4.0248 0
1158 4.0069 1
1338 3.9567 0
1795 3.9243 0
1716 3.9162 0
72 3.8980 0
121 3.8603 0
631 3.8560 0
1700 3.8216 0
1725 3.8100 0
1747 3.8100 0
623 3.7953 0
1739 3.7795 0
1166 3.7299 1
1889 3.7140 0
43 3.6999 0
646 3.6947 0
245 3.6589 0
1790 3.6415 0
1221 3.6306 0
924 3.6205 0
829 3.6141 0
237 3.6048 0
1793 3.5794 0
209 3.5763 0
640 3.5748 0
1176 3.5687 1
1623 3.5301 0
671 3.5137 0
1830 3.4941 0
1845 3.4873 0
1767 3.4664 0
627 3.4456 0
1335 3.4052 0
279 3.3998 0
1856 3.3806 0
260 3.3785 0
634 3.3733 0
1764 3.3411 0
682 3.2997 0
1789 3.2951 0
39 3.2839 0
1773 3.2655 0
1026 3.2330 0
1186 3.2222 1
177 3.1996 0
1811 3.1855 0
1757 3.1705 0
142 3.1632 0
1796 3.1549 0
1489 3.1300 0
271 3.1287 0
1309 3.1223 0
37 3.1206 0
636 3.0877 0
1525 3.0554 0
1760 3.0553 0
1314 3.0493 0
794 3.0335 0
1015 2.9912 0
1726 2.9903 0
1838 2.9832 0
1385 2.9804 0
1788 2.9803 0
836 2.9640 0
868 2.9574 0
1792 2.9504 0
1756 2.9419 0
200 2.9046 0
828 2.8843 0
1937 2.8641 0
305 2.8548 0
85 2.8481 0
612 2.8276 0
1517 2.8267 0
808 2.8143 0
1971 2.8017 0
331 2.7828 0
1985 2.7803 0
626 2.7744 0
1762 2.7656 0
605 2.7585 0
1953 2.7581 0
28 2.7479 0
840 2.7381 0
649 2.7329 0
1849 2.7107 0
1791 2.7048 0
1821 2.7007 0
1229 2.6883 0
1333 2.6868 0
1192 2.6452 1
809 2.6442 0
217 2.6386 0
813 2.6332 0
1174 2.6251 1
143 2.6239 0
426 2.6146 0
1776 2.6105 0
1480 2.5872 0
1977 2.5807 0
152 2.5740 0
628 2.5704 0
1649 2.5247 0
1859 2.5244 0
57 2.5085 0
1805 2.4951 0
330 2.4488 0
298 2.4482 0
1301 2.4254 0
888 2.4167 0
632 2.4059 0
88 2.3982 0
839 2.3919 0
153 2.3874 0
678 2.3819 0
1008 2.3226 0
1746 2.3089 0
1044 2.2900 0
1961 2.2866 0
33 2.2837 0
1048 2.2778 0
1942 2.2775 0
1715 2.2750 0
216 2.2725 0
1105 2.2711 0
1018 2.2550 0
1720 2.2476 0
45 2.2472 0
1951 2.2332 0
68 2.2317 0
1719 2.2308 0
1843 2.2247 0
1310 2.2163 0
253 2.2134 0
440 2.2095 0
291 2.1939 0
294 2.1770 0
212 2.1755 0
1322 2.1702 0
1117 2.1577 0
1770 2.1434 0
1337 2.1388 0
259 2.1144 0
711 2.1057 0
1774 2.0946 0
853 2.0806 0
874 2.0558 0
205 2.0423 0
1981 2.0423 0
1503 2.0238 0
1248 2.0056 0
1872 1.9676 0
1113 1.9673 0
801 1.9670 0
1200 1.9535 0
213 1.9527 0
1723 1.9426 0
862 1.9324 0
1866 1.9027 0
95 1.8915 0
144 1.8719 0
1959 1.8662 0
1306 1.8581 0
1763 1.8458 0
848 1.8401 0
1710 1.8396 0
1801 1.8097 0
255 1.7854 0
1316 1.7819 0
263 1.7699 0
1222 1.7693 0
1598 1.7671 0
1547 1.7612 0
1709 1.7598 0
289 1.7487 0
811 1.7388 0
1926 1.7301 0
1794 1.7286 0
293 1.7217 0
1339 1.7124 0
845 1.7057 0
276 1.7034 0
1714 1.6754 0
130 1.6670 0
1982 1.6530 0
1999 1.6464 0
505 1.6453 0
639 1.6415 0
97 1.6291 0
1504 1.6266 0
875 1.6258 0
116 1.6233 0
1290 1.6074 0
132 1.5907 0
1340 1.5665 0
19 1.5341 0
1854 1.5335 0
1891 1.5314 0
569 1.5200 0
1276 1.5141 0
147 1.5050 0
1007 1.5016 0
113 1.4906 0
936 1.4666 0
244 1.4629 0
56 1.4570 0
1986 1.4564 0
6 1.4544 0
861 1.4299 0
1344 1.4182 0
10 1.4111 0
309 1.4027 0
513 1.4015 0
41 1.3846 0
103 1.3699 0
1521 1.3681 0
683 1.3667 0
1107 1.3635 0
75 1.3541 0
101 1.3423 0
1965 1.3391 0
858 1.3306 0
1781 1.3291 0
1962 1.3237 0
138 1.3190 0
611 1.3128 0
1728 1.3088 0
1308 1.3075 0
1303 1.2950 0
11 1.2923 0
58 1.2923 0
684 1.2898 0
1733 1.2845 0
618 1.2808 0
1462 1.2741 0
901 1.2690 0
127 1.2556 0
274 1.2433 0
1126 1.2361 0
568 1.2327 0
1753 1.2188 0
450 1.2144 0
135 1.2126 0
644 1.2053 0
59 1.1916 0
1134 1.1868 0
1027 1.1826 0
1112 1.1807 0
1964 1.1697 0
679 1.1571 0
1958 1.1448 0
224 1.1422 0
847 1.1392 0
226 1.1291 0
1717 1.1230 0
940 1.1178 0
89 1.1148 0
1741 1.1135 0
111 1.1121 0
139 1.1034 0
1978 1.0985 0
1286 1.0969 0
1625 1.0893 0
1713 1.0866 0
286 1.0846 0
1836 1.0832 0
250 1.0802 0
798 1.0693 0
282 1.0621 0
1892 1.0312 0
669 1.0304 0
421 1.0285 0
1230 1.0283 0
1778 1.0269 0
666 1.0247 0
857 1.0197 0
1797 1.0138 0
1108 1.0111 0
419 1.0109 0
1809 1.0077 0
215 1.0075 0
232 1.0008 0
1047 0.9957 0
1769 0.9806 0
1024 0.9780 0
786 0.9711 0
46 0.9685 0
1235 0.9677 0
1535 0.9613 0
1731 0.9571 0
1284 0.9532 0
26 0.9526 0
1994 0.9501 0
1587 0.9456 0
252 0.9330 0
60 0.9305 0
424 0.9293 0
67 0.9238 0
256 0.9099 0
1133 0.9043 0
1705 0.9041 0
184 0.9033 0
1336 0.9008 0
98 0.8985 0
124 0.8964 0
1729 0.8940 0
1890 0.8899 0
64 0.8835 0
120 0.8818 0
1376 0.8814 0
680 0.8767 0
1224 0.8544 0
685 0.8397 0
687 0.8374 0
1825 0.8306 0
1300 0.8166 0
877 0.8107 0
189 0.8057 0
1980 0.8034 0
288 0.7992 0
1950 0.7888 0
482 0.7816 0
1783 0.7725 0
1330 0.7720 0
647 0.7625 0
1704 0.7563 0
171 0.7450 0
9 0.7339 0
187 0.7229 0
1742 0.7219 0
1324 0.7163 0
1568 0.6913 0
1899 0.6861 0
1579 0.6808 0
698 0.6797 0
1828 0.6763 0
1712 0.6606 0
1711 0.6570 0
265 0.6565 0
1581 0.6510 0
14 0.6504 0
1983 0.6475 0
1299 0.6430 0
500 0.6417 0
193 0.6373 0
1829 0.6373 0
1106 0.6326 0
1927 0.6113 0
107 0.6085 0
1428 0.6027 0
1342 0.5972 0
1707 0.5932 0
79 0.5833 0
1808 0.5809 0
1915 0.5775 0
1718 0.5761 0
1779 0.5735 0
1835 0.5724 0
1036 0.5644 0
831 0.5592 0
1486 0.5562 0
268 0.5558 0
234 0.5516 0
902 0.5488 0
1009 0.5478 0
84 0.5409 0
658 0.5329 0
1393 0.5292 0
221 0.5273 0
1510 0.5168 0
1803 0.5092 0
1752 0.5043 0
73 0.4991 0
1187 0.4900 1
849 0.4757 0
1924 0.4744 0
613 0.4593 0
1523 0.4560 0
242 0.4535 0
1560 0.4517 0
1318 0.4472 0
1956 0.4403 0
1331 0.4374 0
882 0.4340 0
1565 0.4258 0
1888 0.4223 0
1045 0.4067 0
1143 0.4021 0
277 0.4019 0
1558 0.4015 0
140 0.3996 0
958 0.3986 0
148 0.3977 0
1268 0.3918 0
1123 0.3838 0
229 0.3790 0
1702 0.3781 0
1529 0.3755 0
131 0.3747 0
0 0.3639 0
23 0.3581 0
239 0.3560 0
55 0.3465 0
222 0.3443 0
1540 0.3423 0
198 0.3384 0
595 0.3278 0
822 0.3273 0
1893 0.3208 0
1963 0.3208 0
1750 0.3161 0
1832 0.2889 0
918 0.2878 0
864 0.2786 0
673 0.2678 0
873 0.2535 0
1139 0.2509 0
1536 0.2507 0
251 0.2480 0
40 0.2480 0
1873 0.2434 0
104 0.2427 0
1556 0.2391 0
1744 0.2365 0
736 0.2309 0
672 0.2268 0
797 0.2236 0
314 0.2228 0
1552 0.2054 0
1003 0.2027 0
912 0.1912 0
1955 0.1908 0
1949 0.1882 0
1998 0.1826 0
117 0.1554 0
447 0.1469 0
211 0.1347 0
597 0.1346 0
304 0.1275 0
1995 0.1230 0
1735 0.1177 0
1216 0.1169 0
807 0.1139 0
688 0.1102 0
262 0.1071 0
1351 0.0946 0
91 0.0882 0
976 0.0831 0
1979 0.0806 0
69 0.0761 0
238 0.0736 0
897 0.0735 0
1372 0.0714 0
269 0.0713 0
1138 0.0711 0
207 0.0675 0
1582 0.0650 0
938 0.0647 0
1256 0.0585 0
1847 0.0495 0
299 0.0416 0
1945 0.0254 0
1406 0.0224 0
961 0.0217 0
803 0.0202 0
913 0.0141 0
178 0.0093 0
228 0.0044 0
161 0.0041 0
123 0.0026 0
1455 0.0026 0
192 0.0011 0
604 -0.0002 0
1975 -0.0042 0
910 -0.0071 0
992 -0.0127 0
1952 -0.0203 0
1745 -0.0395 0
1250 -0.0527 0
815 -0.0566 0
1691 -0.0569 0
181 -0.0575 0
1524 -0.0616 0
1834 -0.0630 0
842 -0.0631 0
233 -0.0667 0
1681 -0.0706 0
258 -0.0707 0
921 -0.0742 0
1477 -0.0750 0
1302 -0.0774 0
129 -0.0784 0
203 -0.0788 0
590 -0.0877 0
287 -0.0892 0
648 -0.0893 0
283 -0.0901 0
977 -0.0941 0
1909 -0.0946 0
1918 -0.1032 0
1277 -0.1071 0
1208 -0.1217 0
1570 -0.1265 0
1823 -0.1290 0
170 -0.1305 0
1484 -0.1307 0
1846 -0.1360 0
1578 -0.1362 0
1553 -0.1419 0
1313 -0.1501 0
42 -0.1503 0
1180 -0.1523 1
1371 -0.1529 0
1566 -0.1576 0
270 -0.1629 0
1274 -0.1655 0
1509 -0.1705 0
1766 -0.1743 0
29 -0.1913 0
94 -0.1940 0
134 -0.1957 0
1231 -0.1982 0
21 -0.2033 0
1583 -0.2058 0
663 -0.2082 0
77 -0.2088 0
149 -0.2100 0
1589 -0.2100 0
1885 -0.2113 0
220 -0.2116 0
1921 -0.2143 0
272 -0.2191 0
219 -0.2281 0
1800 -0.2339 0
146 -0.2354 0
1864 -0.2382 0
125 -0.2388 0
1203 -0.2463 0
1191 -0.2467 1
675 -0.2483 0
1748 -0.2490 0
62 -0.2601 0
939 -0.2669 0
105 -0.2782 0
5 -0.2837 0
770 -0.2849 0
1043 -0.2851 0
128 -0.2863 0
52 -0.2867 0
1115 -0.2868 0
1472 -0.2961 0
894 -0.2967 0
197 -0.3015 0
1833 -0.3029 0
1908 -0.3068 0
827 -0.3069 0
118 -0.3089 0
1593 -0.3118 0
601 -0.3139 0
110 -0.3146 0
1992 -0.3217 0
264 -0.3239 0
106 -0.3244 0
1922 -0.3258 0
1046 -0.3284 0
1103 -0.3284 0
1901 -0.3296 0
899 -0.3376 0
47 -0.3395 0
1101 -0.3430 0
509 -0.3449 0
1219 -0.3461 0
30 -0.3550 0
280 -0.3553 0
1586 -0.3557 0
810 -0.3638 0
1551 -0.3676 0
83 -0.3715 0
865 -0.3719 0
1734 -0.3721 0
699 -0.3730 0
249 -0.3735 0
339 -0.3777 0
1252 -0.3830 0
1751 -0.3846 0
1960 -0.3853 0
158 -0.3898 0
1615 -0.3944 0
1507 -0.4082 0
290 -0.4191 0
428 -0.4206 0
1246 -0.4228 0
165 -0.4330 0
1025 -0.4408 0
1334 -0.4479 0
435 -0.4510 0
230 -0.4540 0
1275 -0.4682 0
1463 -0.4690 0
1564 -0.4742 0
843 -0.4759 0
1550 -0.4760 0
1771 -0.4817 0
956 -0.4823 0
1730 -0.4862 0
1004 -0.4977 0
1269 -0.4977 0
787 -0.4984 0
145 -0.5007 0
1934 -0.5029 0
802 -0.5034 0
35 -0.5056 0
1171 -0.5066 1
1233 -0.5186 0
1871 -0.5194 0
449 -0.5236 0
607 -0.5263 0
20 -0.5358 0
1519 -0.5383 0
261 -0.5434 0
1 -0.5435 0
887 -0.5439 0
16 -0.5464 0
1387 -0.5561 0
1875 -0.5589 0
404 -0.5760 0
2 -0.5766 0
564 -0.5780 0
1574 -0.5796 0
12 -0.5838 0
433 -0.5898 0
1346 -0.5922 0
1701 -0.6004 0
406 -0.6093 0
1913 -0.6173 0
1970 -0.6280 0
1500 -0.6337 0
1506 -0.6357 0
18 -0.6503 0
1476 -0.6532 0
285 -0.6557 0
662 -0.6576 0
799 -0.6585 0
883 -0.6635 0
1561 -0.6757 0
816 -0.6760 0
176 -0.6764 0
1596 -0.6848 0
805 -0.6859 0
1522 -0.6883 0
243 -0.6894 0
1332 -0.6923 0
668 -0.6953 0
1454 -0.7016 0
1665 -0.7048 0
1557 -0.7081 0
661 -0.7115 0
373 -0.7169 0
779 -0.7171 0
1567 -0.7187 0
1319 -0.7214 0
1973 -0.7232 0
63 -0.7234 0
821 -0.7249 0
689 -0.7380 0
1609 -0.7410 0
49 -0.7429 0
838 -0.7438 0
860 -0.7488 0
179 -0.7513 0
1906 -0.7524 0
1502 -0.7553 0
141 -0.7603 0
659 -0.7607 0
1249 -0.7633 0
1326 -0.7663 0
517 -0.7677 0
1217 -0.7817 0
617 -0.7859 0
31 -0.7864 0
295 -0.8030 0
582 -0.8104 0
427 -0.8119 0
38 -0.8136 0
1914 -0.8156 0
502 -0.8184 0
676 -0.8212 0
522 -0.8230 0
1013 -0.8337 0
1347 -0.8338 0
1469 -0.8481 0
1526 -0.8482 0
515 -0.8536 0
1912 -0.8576 0
523 -0.8615 0
755 -0.8625 0
1910 -0.8654 0
1247 -0.8662 0
990 -0.8665 0
516 -0.8719 0
1765 -0.8731 0
806 -0.8731 0
1516 -0.8799 0
677 -0.8800 0
1021 -0.8912 0
1039 -0.8970 0
1630 -0.9023 0
1602 -0.9039 0
1287 -0.9092 0
572 -0.9105 0
1641 -0.9142 0
844 -0.9142 0
835 -0.9165 0
1853 -0.9178 0
565 -0.9213 0
1390 -0.9236 0
1348 -0.9254 0
533 -0.9262 0
1539 -0.9386 0
773 -0.9419 0
1984 -0.9448 0
1020 -0.9593 0
235 -0.9639 0
1408 -0.9640 0
514 -0.9651 0
654 -0.9664 0
550 -0.9787 0
1988 -0.9808 0
1903 -0.9834 0
301 -0.9841 0
202 -0.9906 0
1220 -0.9914 0
360 -0.9932 0
1288 -0.9960 0
1260 -0.9973 0
952 -1.0005 0
1038 -1.0048 0
1590 -1.0056 0
1966 -1.0145 0
1573 -1.0147 0
917 -1.0152 0
1349 -1.0168 0
1528 -1.0220 0
1879 -1.0230 0
1576 -1.0245 0
540 -1.0265 0
855 -1.0312 0
833 -1.0346 0
1278 -1.0347 0
1877 -1.0398 0
737 -1.0444 0
156 -1.0464 0
436 -1.0511 0
1925 -1.0543 0
17 -1.0576 0
1111 -1.0644 0
1990 -1.0655 0
503 -1.0736 0
278 -1.0780 0
1855 -1.0828 0
1930 -1.1033 0
1631 -1.1072 0
1030 -1.1084 0
241 -1.1090 0
1738 -1.1124 0
1883 -1.1148 0
310 -1.1178 0
1931 -1.1200 0
1737 -1.1231 0
36 -1.1250 0
1212 -1.1258 0
281 -1.1260 0
191 -1.1308 0
1597 -1.1349 0
1939 -1.1386 0
1604 -1.1388 0
1137 -1.1404 0
434 -1.1419 0
1141 -1.1435 0
1363 -1.1436 0
898 -1.1503 0
1928 -1.1519 0
102 -1.1530 0
1341 -1.1566 0
1223 -1.1578 0
1622 -1.1633 0
167 -1.1646 0
1429 -1.1673 0
1245 -1.1818 0
1944 -1.1825 0
1594 -1.1868 0
1938 -1.1908 0
544 -1.1911 0
854 -1.1920 0
542 -1.1991 0
199 -1.1991 0
174 -1.2017 0
890 -1.2098 0
869 -1.2104 0
1294 -1.2115 0
1708 -1.2136 0
1329 -1.2172 0
1577 -1.2173 0
1530 -1.2212 0
1450 -1.2217 0
866 -1.2248 0
1777 -1.2296 0
273 -1.2309 0
1599 -1.2335 0
1954 -1.2338 0
1648 -1.2349 0
1743 -1.2361 0
1514 -1.2361 0
157 -1.2373 0
945 -1.2403 0
693 -1.2464 0
1917 -1.2496 0
871 -1.2517 0
1563 -1.2524 0
653 -1.2531 0
846 -1.2547 0
474 -1.2550 0
1114 -1.2610 0
342 -1.2655 0
1613 -1.2713 0
681 -1.2749 0
706 -1.2774 0
463 -1.2834 0
1264 -1.2953 0
630 -1.2987 0
1571 -1.3022 0
344 -1.3054 0
1365 -1.3144 0
527 -1.3151 0
1033 -1.3164 0
74 -1.3183 0
1997 -1.3212 0
575 -1.3299 0
24 -1.3301 0
1054 -1.3330 0
1466 -1.3467 0
307 -1.3512 0
442 -1.3528 0
1824 -1.3586 0
1520 -1.3591 0
186 -1.3617 0
166 -1.3618 0
246 -1.3620 0
1919 -1.3656 0
1621 -1.3736 0
240 -1.3737 0
115 -1.3765 0
1532 -1.3767 0
172 -1.3832 0
1109 -1.3916 0
867 -1.3917 0
418 -1.4069 0
1902 -1.4142 0
223 -1.4168 0
50 -1.4259 0
884 -1.4302 0
1124 -1.4364 0
889 -1.4517 0
1534 -1.4605 0
1457 -1.4669 0
541 -1.4691 0
346 -1.4710 0
1703 -1.4732 0
451 -1.4738 0
1967 -1.4865 0
155 -1.4878 0
1296 -1.5035 0
852 -1.5071 0
1968 -1.5100 0
190 -1.5274 0
159 -1.5384 0
266 -1.5388 0
600 -1.5398 0
164 -1.5400 0
48 -1.5434 0
789 -1.5528 0
475 -1.5562 0
577 -1.5624 0
652 -1.5659 0
1328 -1.5673 0
1629 -1.5679 0
1538 -1.5681 0
1559 -1.5695 0
1987 -1.5715 0
1014 -1.5771 0
484 -1.5792 0
1478 -1.5797 0
196 -1.5817 0
1940 -1.5827 0
1418 -1.5847 0
949 -1.5903 0
1595 -1.5913 0
1612 -1.5921 0
1481 -1.5969 0
512 -1.5978 0
1993 -1.5993 0
1996 -1.6021 0
1145 -1.6083 0
1493 -1.6126 0
1482 -1.6149 0
1034 -1.6165 0
1881 -1.6173 0
851 -1.6211 0
1373 -1.6219 0
548 -1.6240 0
183 -1.6258 0
100 -1.6261 0
1389 -1.6267 0
932 -1.6276 0
587 -1.6346 0
1606 -1.6358 0
1785 -1.6448 0
660 -1.6477 0
175 -1.6488 0
1311 -1.6519 0
34 -1.6554 0
267 -1.6560 0
1210 -1.6578 0
1378 -1.6588 0
415 -1.6595 0
1682 -1.6609 0
650 -1.6642 0
1957 -1.6663 0
785 -1.6664 0
792 -1.6672 0
254 -1.6675 0
760 -1.6677 0
804 -1.6721 0
960 -1.6768 0
247 -1.6857 0
1895 -1.6880 0
1149 -1.6921 0
537 -1.6956 0
257 -1.6968 0
1761 -1.6979 0
413 -1.7026 0
729 -1.7028 0
430 -1.7068 0
1204 -1.7219 0
1878 -1.7287 0
581 -1.7359 0
782 -1.7359 0
1040 -1.7367 0
1548 -1.7393 0
423 -1.7399 0
800 -1.7418 0
374 -1.7437 0
892 -1.7527 0
1600 -1.7530 0
1474 -1.7535 0
946 -1.7543 0
71 -1.7567 0
1638 -1.7567 0
980 -1.7603 0
1876 -1.7647 0
1464 -1.7655 0
1011 -1.7670 0
1135 -1.7697 0
1546 -1.7756 0
664 -1.7802 0
1471 -1.7805 0
1427 -1.7852 0
87 -1.7866 0
1637 -1.7867 0
1236 -1.7898 0
1273 -1.7929 0
1867 -1.7930 0
937 -1.7960 0
15 -1.7965 0
1850 -1.8133 0
133 -1.8313 0
462 -1.8353 0
1304 -1.8361 0
591 -1.8380 0
1485 -1.8389 0
137 -1.8424 0
1923 -1.8469 0
1129 -1.8496 0
903 -1.8531 0
163 -1.8537 0
1862 -1.8546 0
1396 -1.8635 0
1005 -1.8637 0
122 -1.8668 0
136 -1.8668 0
567 -1.8679 0
1102 -1.8749 0
194 -1.8822 0
204 -1.8906 0
25 -1.8917 0
1049 -1.8943 0
1679 -1.9027 0
528 -1.9075 0
1035 -1.9087 0
691 -1.9091 0
1118 -1.9148 0
208 -1.9161 0
1307 -1.9224 0
1473 -1.9272 0
1262 -1.9316 0
1010 -1.9325 0
1383 -1.9351 0
410 -1.9397 0
536 -1.9401 0
1499 -1.9406 0
859 -1.9422 0
710 -1.9490 0
218 -1.9595 0
1543 -1.9685 0
506 -1.9736 0
1281 -1.9743 0
225 -1.9856 0
1305 -1.9892 0
511 -1.9894 0
968 -1.9896 0
173 -1.9897 0
571 -1.9912 0
538 -1.9918 0
768 -1.9920 0
1377 -1.9972 0
1531 -2.0048 0
1933 -2.0133 0
651 -2.0181 0
908 -2.0216 0
1585 -2.0252 0
154 -2.0313 0
696 -2.0314 0
210 -2.0320 0
1253 -2.0371 0
108 -2.0476 0
1545 -2.0481 0
1948 -2.0529 0
1858 -2.0537 0
444 -2.0713 0
560 -2.0730 0
896 -2.0731 0
302 -2.0791 0
1684 -2.0793 0
1125 -2.0834 0
1900 -2.0967 0
1232 -2.0969 0
1431 -2.0973 0
586 -2.1033 0
837 -2.1080 0
656 -2.1125 0
1226 -2.1150 0
1619 -2.1219 0
1367 -2.1221 0
1882 -2.1221 0
765 -2.1274 0
1272 -2.1277 0
948 -2.1403 0
1419 -2.1439 0
1298 -2.1446 0
1592 -2.1465 0
1148 -2.1491 0
788 -2.1500 0
420 -2.1507 0
1515 -2.1607 0
1989 -2.1695 0
774 -2.1772 0
547 -2.1783 0
478 -2.1807 0
878 -2.1863 0
44 -2.1927 0
7 -2.1963 0
1225 -2.1991 0
841 -2.2009 0
1255 -2.2040 0
1411 -2.2200 0
1505 -2.2222 0
1947 -2.2227 0
746 -2.2296 0
1456 -2.2307 0
891 -2.2353 0
1366 -2.2357 0
1104 -2.2386 0
1884 -2.2400 0
670 -2.2446 0
1315 -2.2480 0
1468 -2.2525 0
1016 -2.2610 0
971 -2.2624 0
1140 -2.2692 0
824 -2.2696 0
1354 -2.2706 0
879 -2.2716 0
796 -2.2720 0
432 -2.2723 0
483 -2.2765 0
1491 -2.2788 0
1241 -2.2798 0
1019 -2.2837 0
481 -2.2871 0
1211 -2.2872 0
1496 -2.2915 0
201 -2.3014 0
1131 -2.3076 0
1650 -2.3094 0
195 -2.3240 0
119 -2.3290 0
1616 -2.3345 0
957 -2.3358 0
341 -2.3371 0
1279 -2.3415 0
1205 -2.3477 0
795 -2.3478 0
501 -2.3516 0
180 -2.3633 0
1869 -2.3636 0
448 -2.3759 0
554 -2.3852 0
112 -2.3912 0
1270 -2.3927 0
962 -2.3947 0
1537 -2.4038 0
925 -2.4060 0
1201 -2.4074 0
695 -2.4124 0
694 -2.4162 0
1475 -2.4214 0
1380 -2.4325 0
1555 -2.4349 0
926 -2.4387 0
508 -2.4405 0
1353 -2.4435 0
534 -2.4457 0
757 -2.4489 0
545 -2.4522 0
1736 -2.4537 0
521 -2.4550 0
185 -2.4584 0
1001 -2.4774 0
1293 -2.4780 0
431 -2.4795 0
969 -2.4808 0
227 -2.4810 0
1461 -2.4812 0
1886 -2.4841 0
8 -2.4858 0
929 -2.4995 0
1317 -2.5029 0
1852 -2.5047 0
1527 -2.5070 0
335 -2.5074 0
1360 -2.5116 0
1432 -2.5140 0
1492 -2.5167 0
1943 -2.5297 0
1494 -2.5299 0
1880 -2.5352 0
126 -2.5448 0
214 -2.5526 0
994 -2.5579 0
1460 -2.5617 0
13 -2.5650 0
1239 -2.5772 0
495 -2.5784 0
893 -2.5800 0
439 -2.5830 0
580 -2.5830 0
982 -2.5849 0
369 -2.5972 0
1240 -2.6014 0
1420 -2.6049 0
1242 -2.6074 0
834 -2.6087 0
1935 -2.6116 0
1654 -2.6125 0
467 -2.6179 0
941 -2.6265 0
1678 -2.6349 0
1497 -2.6356 0
168 -2.6381 0
345 -2.6475 0
1512 -2.6641 0
1122 -2.6708 0
1920 -2.6713 0
739 -2.6720 0
520 -2.6767 0
914 -2.6770 0
1345 -2.6780 0
1086 -2.6860 0
1370 -2.6886 0
645 -2.6951 0
730 -2.6955 0
817 -2.6961 0
963 -2.6979 0
405 -2.6979 0
1128 -2.6985 0
1374 -2.7028 0
823 -2.7036 0
705 -2.7080 0
1896 -2.7082 0
738 -2.7144 0
1542 -2.7162 0
1017 -2.7190 0
885 -2.7221 0
206 -2.7224 0
1218 -2.7257 0
553 -2.7333 0
1588 -2.7333 0
529 -2.7450 0
1603 -2.7539 0
1575 -2.7539 0
407 -2.7593 0
920 -2.7610 0
499 -2.7649 0
780 -2.7667 0
1452 -2.7693 0
690 -2.7790 0
556 -2.7802 0
403 -2.7834 0
151 -2.7873 0
725 -2.7890 0
1624 -2.7919 0
1142 -2.7983 0
248 -2.8025 0
1213 -2.8091 0
1132 -2.8159 0
1898 -2.8267 0
1459 -2.8289 0
583 -2.8304 0
1399 -2.8330 0
965 -2.8344 0
480 -2.8350 0
826 -2.8358 0
1541 -2.8435 0
496 -2.8442 0
1976 -2.8573 0
692 -2.8630 0
1402 -2.8646 0
1362 -2.8672 0
749 -2.8700 0
772 -2.8700 0
1458 -2.8715 0
1356 -2.8732 0
1549 -2.8737 0
1410 -2.8749 0
1444 -2.8754 0
830 -2.8807 0
954 -2.8823 0
585 -2.8879 0
886 -2.8900 0
697 -2.8906 0
1121 -2.8911 0
297 -2.9030 0
530 -2.9132 0
526 -2.9164 0
1642 -2.9223 0
1369 -2.9248 0
236 -2.9257 0
1904 -2.9262 0
1358 -2.9320 0
1580 -2.9366 0
1263 -2.9449 0
602 -2.9471 0
1289 -2.9472 0
162 -2.9508 0
927 -2.9662 0
322 -2.9692 0
90 -2.9698 0
967 -2.9750 0
1392 -2.9766 0
1202 -2.9777 0
150 -2.9789 0
1443 -2.9790 0
998 -2.9823 0
313 -2.9862 0
1584 -2.9886 0
599 -2.9907 0
1425 -3.0000 0
1929 -3.0033 0
1936 -3.0073 0
332 -3.0095 0
1544 -3.0096 0
1639 -3.0206 0
1518 -3.0207 0
1323 -3.0220 0
1251 -3.0242 0
1969 -3.0249 0
169 -3.0294 0
900 -3.0357 0
532 -3.0418 0
1407 -3.0480 0
296 -3.0539 0
555 -3.0579 0
1292 -3.0809 0
584 -3.0965 0
317 -3.1002 0
1254 -3.1017 0
928 -3.1022 0
1375 -3.1031 0
655 -3.1089 0
814 -3.1121 0
832 -3.1221 0
922 -3.1284 0
1257 -3.1370 0
338 -3.1390 0
596 -3.1418 0
1451 -3.1442 0
1453 -3.1518 0
592 -3.1519 0
743 -3.1579 0
574 -3.1605 0
1591 -3.1631 0
1618 -3.1696 0
1267 -3.1730 0
993 -3.1739 0
1666 -3.1806 0
1651 -3.1828 0
911 -3.1843 0
776 -3.1905 0
723 -3.1907 0
970 -3.1924 0
311 -3.1937 0
700 -3.1943 0
458 -3.2006 0
525 -3.2022 0
1395 -3.2030 0
812 -3.2120 0
1398 -3.2141 0
438 -3.2173 0
417 -3.2203 0
1863 -3.2231 0
461 -3.2267 0
347 -3.2274 0
906 -3.2311 0
850 -3.2341 0
400 -3.2359 0
1214 -3.2567 0
518 -3.2586 0
1350 -3.2597 0
966 -3.2683 0
1932 -3.2799 0
1146 -3.2888 0
1012 -3.2964 0
429 -3.2967 0
1655 -3.3156 0
367 -3.3168 0
947 -3.3183 0
472 -3.3235 0
981 -3.3238 0
1206 -3.3278 0
1297 -3.3297 0
959 -3.3348 0
1656 -3.3356 0
983 -3.3433 0
1110 -3.3506 0
1379 -3.3522 0
1865 -3.3562 0
778 -3.3659 0
416 -3.3691 0
987 -3.3734 0
973 -3.3736 0
713 -3.3743 0
66 -3.3838 0
93 -3.3972 0
561 -3.3979 0
1488 -3.4026 0
1285 -3.4045 0
397 -3.4112 0
1696 -3.4119 0
1002 -3.4198 0
1096 -3.4233 0
1100 -3.4235 0
1911 -3.4314 0
316 -3.4329 0
991 -3.4358 0
989 -3.4486 0
942 -3.4494 0
487 -3.4606 0
1562 -3.4702 0
1368 -3.4717 0
1617 -3.4760 0
1601 -3.4799 0
1215 -3.4830 0
1610 -3.4874 0
1120 -3.4934 0
1916 -3.4964 0
414 -3.5034 0
1660 -3.5098 0
974 -3.5151 0
493 -3.5168 0
1271 -3.5200 0
1388 -3.5251 0
1635 -3.5306 0
724 -3.5334 0
425 -3.5341 0
593 -3.5346 0
490 -3.5347 0
300 -3.5361 0
1628 -3.5365 0
380 -3.5466 0
1941 -3.5546 0
3 -3.5590 0
1448 -3.5611 0
979 -3.5643 0
863 -3.5645 0
767 -3.5674 0
1508 -3.5685 0
727 -3.5692 0
1424 -3.5722 0
1119 -3.5727 0
1237 -3.5775 0
383 -3.5811 0
1870 -3.5979 0
1426 -3.5982 0
1258 -3.6091 0
497 -3.6112 0
312 -3.6114 0
1487 -3.6159 0
1282 -3.6280 0
466 -3.6288 0
443 -3.6319 0
378 -3.6412 0
777 -3.6422 0
1513 -3.6439 0
674 -3.6474 0
1611 -3.6487 0
306 -3.6624 0
665 -3.6668 0
1023 -3.6714 0
1238 -3.6749 0
1022 -3.6810 0
1394 -3.6841 0
1144 -3.6865 0
764 -3.6881 0
1670 -3.6904 0
1147 -3.6914 0
531 -3.6983 0
984 -3.6992 0
1209 -3.7004 0
570 -3.7061 0
1572 -3.7075 0
752 -3.7108 0
445 -3.7140 0
856 -3.7265 0
715 -3.7335 0
935 -3.7357 0
740 -3.7377 0
109 -3.7445 0
357 -3.7515 0
494 -3.7581 0
333 -3.7582 0
1636 -3.7590 0
758 -3.7608 0
446 -3.7613 0
454 -3.7715 0
793 -3.7799 0
1352 -3.7821 0
985 -3.7918 0
1672 -3.8035 0
747 -3.8103 0
719 -3.8122 0
1077 -3.8128 0
750 -3.8238 0
399 -3.8255 0
437 -3.8372 0
907 -3.8380 0
588 -3.8408 0
753 -3.8409 0
722 -3.8417 0
728 -3.8424 0
598 -3.8486 0
1907 -3.8495 0
507 -3.8522 0
381 -3.8592 0
1533 -3.8643 0
1244 -3.8678 0
735 -3.8682 0
1364 -3.8739 0
1693 -3.8742 0
909 -3.8751 0
1397 -3.8839 0
1991 -3.8905 0
543 -3.8982 0
1669 -3.9002 0
1433 -3.9068 0
1439 -3.9090 0
422 -3.9091 0
820 -3.9098 0
718 -3.9126 0
231 -3.9169 0
394 -3.9248 0
337 -3.9311 0
1972 -3.9411 0
398 -3.9416 0
972 -3.9577 0
955 -3.9587 0
377 -3.9600 0
881 -3.9733 0
1361 -3.9822 0
479 -3.9908 0
1412 -3.9950 0
916 -3.9979 0
460 -3.9991 0
1868 -4.0003 0
453 -4.0005 0
707 -4.0018 0
734 -4.0037 0
452 -4.0465 0
372 -4.0543 0
1441 -4.0550 0
356 -4.0581 0
1261 -4.0584 0
1391 -4.0640 0
1861 -4.0641 0
1698 -4.0689 0
657 -4.0718 0
1064 -4.0793 0
1569 -4.0824 0
469 -4.0993 0
1430 -4.1081 0
741 -4.1095 0
1194 -4.1143 1
943 -4.1166 0
1554 -4.1180 0
412 -4.1205 0
563 -4.1225 0
1413 -4.1377 0
721 -4.1438 0
411 -4.1455 0
1265 -4.1456 0
510 -4.1489 0
784 -4.1515 0
1381 -4.1529 0
1657 -4.1574 0
1382 -4.1611 0
1645 -4.1616 0
391 -4.1952 0
790 -4.1957 0
1028 -4.2046 0
334 -4.2154 0
733 -4.2217 0
1259 -4.2262 0
1687 -4.2400 0
933 -4.2520 0
308 -4.2546 0
1422 -4.2547 0
708 -4.2569 0
324 -4.2878 0
1055 -4.2884 0
1116 -4.2917 0
1699 -4.2942 0
457 -4.2965 0
504 -4.2983 0
402 -4.2996 0
717 -4.3057 0
1032 -4.3061 0
1234 -4.3061 0
1894 -4.3162 0
362 -4.3185 0
1851 -4.3194 0
549 -4.3198 0
546 -4.3293 0
999 -4.3324 0
930 -4.3353 0
379 -4.3354 0
535 -4.3389 0
1280 -4.3453 0
1401 -4.3479 0
1291 -4.3564 0
978 -4.3570 0
359 -4.3640 0
915 -4.3734 0
951 -4.3754 0
953 -4.3812 0
1483 -4.3812 0
763 -4.3815 0
327 -4.3881 0
1359 -4.4144 0
1343 -4.4146 0
390 -4.4187 0
188 -4.4206 0
1327 -4.4260 0
1449 -4.4330 0
748 -4.4407 0
1000 -4.4507 0
387 -4.4537 0
1446 -4.4538 0
704 -4.4560 0
1073 -4.4730 0
1626 -4.4760 0
995 -4.4906 0
1653 -4.4922 0
1674 -4.5008 0
363 -4.5039 0
731 -4.5047 0
762 -4.5050 0
1415 -4.5082 0
1511 -4.5091 0
1097 -4.5106 0
819 -4.5149 0
370 -4.5159 0
558 -4.5170 0
1605 -4.5274 0
485 -4.5322 0
336 -4.5394 0
714 -4.5428 0
988 -4.5467 0
761 -4.5489 0
1029 -4.5516 0
476 -4.5564 0
745 -4.5814 0
343 -4.5863 0
1661 -4.5895 0
1384 -4.6018 0
701 -4.6038 0
566 -4.6062 0
1243 -4.6076 0
578 -4.6427 0
1057 -4.6504 0
409 -4.6534 0
1434 -4.6540 0
1668 -4.6573 0
1647 -4.6604 0
539 -4.6604 0
1094 -4.6671 0
1041 -4.6716 0
579 -4.6767 0
1447 -4.6796 0
1435 -4.6922 0
1640 -4.7039 0
1644 -4.7078 0
355 -4.7092 0
931 -4.7100 0
1405 -4.7120 0
1465 -4.7295 0
964 -4.7322 0
1082 -4.7350 0
455 -4.7362 0
1479 -4.7443 0
709 -4.7449 0
456 -4.7492 0
1409 -4.7536 0
349 -4.7548 0
769 -4.7552 0
465 -4.7657 0
371 -4.7657 0
1087 -4.7674 0
4 -4.7859 0
975 -4.7891 0
323 -4.7920 0
1905 -4.7965 0
1498 -4.8056 0
720 -4.8267 0
576 -4.8290 0
1386 -4.8419 0
321 -4.8422 0
771 -4.8474 0
1078 -4.8485 0
944 -4.8523 0
486 -4.8635 0
1470 -4.8747 0
352 -4.8767 0
1228 -4.8788 0
573 -4.9168 0
319 -4.9272 0
1689 -4.9308 0
1495 -4.9487 0
1683 -4.9570 0
552 -4.9571 0
1437 -4.9587 0
1620 -4.9624 0
781 -4.9847 0
1688 -4.9908 0
1614 -5.0088 0
1643 -5.0161 0
1445 -5.0299 0
325 -5.0321 0
1501 -5.0332 0
1685 -5.0356 0
702 -5.0578 0
732 -5.0583 0
358 -5.0675 0
320 -5.0900 0
1692 -5.0998 0
350 -5.1063 0
1266 -5.1080 0
1421 -5.1188 0
905 -5.1407 0
524 -5.1479 0
1006 -5.1610 0
489 -5.1946 0
742 -5.1969 0
1075 -5.2044 0
1438 -5.2118 0
1127 -5.2123 0
1098 -5.2191 0
1083 -5.2232 0
1136 -5.2486 0
557 -5.2811 0
1404 -5.2819 0
712 -5.2904 0
1400 -5.3198 0
1423 -5.3236 0
491 -5.3344 0
744 -5.3478 0
783 -5.3573 0
376 -5.3649 0
904 -5.3681 0
1058 -5.3927 0
401 -5.4077 0
519 -5.4193 0
348 -5.4303 0
825 -5.4624 0
1417 -5.4715 0
473 -5.4741 0
775 -5.4882 0
716 -5.4955 0
559 -5.5412 0
1686 -5.5434 0
1658 -5.5463 0
182 -5.5503 0
1053 -5.5675 0
1283 -5.5889 0
361 -5.5919 0
1680 -5.6144 0
1652 -5.6167 0
389 -5.6203 0
375 -5.6254 0
1357 -5.6299 0
923 -5.6355 0
1690 -5.6454 0
997 -5.6461 0
1857 -5.6554 0
754 -5.6592 0
318 -5.6595 0
384 -5.6603 0
759 -5.6658 0
703 -5.6805 0
368 -5.6836 0
328 -5.6850 0
470 -5.6888 0
1677 -5.6921 0
1355 -5.6939 0
996 -5.7035 0
1207 -5.7197 0
1607 -5.7257 0
551 -5.7282 0
1436 -5.7388 0
766 -5.7466 0
594 -5.7500 0
1663 -5.7770 0
464 -5.7921 0
562 -5.7984 0
1697 -5.8001 0
1627 -5.8155 0
1052 -5.8566 0
1066 -5.8663 0
1608 -5.8802 0
1659 -5.8974 0
340 -5.9145 0
388 -5.9456 0
1675 -5.9571 0
1667 -5.9620 0
1081 -5.9700 0
872 -5.9885 0
1056 -5.9920 0
353 -6.0043 0
1069 -6.0375 0
726 -6.0589 0
392 -6.0647 0
1671 -6.0761 0
1440 -6.0843 0
471 -6.0932 0
1694 -6.0959 0
1089 -6.1135 0
441 -6.2183 0
1067 -6.2235 0
1414 -6.2251 0
1403 -6.2906 0
1295 -6.3266 0
1227 -6.3304 0
756 -6.3959 0
326 -6.4085 0
303 -6.4132 0
1079 -6.4212 0
408 -6.4306 0
1646 -6.4390 0
1676 -6.5460 0
1068 -6.5561 0
385 -6.5705 0
1442 -6.5970 0
1051 -6.6069 0
315 -6.6172 0
1076 -6.6229 0
1084 -6.6231 0
1634 -6.6381 0
589 -6.6769 0
366 -6.7022 0
395 -6.7353 0
329 -6.7618 0
354 -6.8409 0
1062 -6.8604 0
1095 -6.9161 0
364 -6.9311 0
1664 -6.9442 0
1467 -6.9703 0
1085 -6.9806 0
382 -7.0221 0
393 -7.0802 0
365 -7.1180 0
1061 -7.1339 0
1632 -7.1655 0
1416 -7.1669 0
1091 -7.1694 0
986 -7.1866 0
1093 -7.1906 0
396 -7.2061 0
1633 -7.2123 0
1662 -7.2549 0
386 -7.2670 0
791 -7.2822 0
351 -7.3192 0
1092 -7.3648 0
1050 -7.4141 0
477 -7.4271 0
751 -7.4743 0
488 -7.4773 0
1673 -7.5120 0
1059 -7.5853 0
492 -7.6078 0
1695 -7.7134 0
950 -7.8031 0
1063 -7.8192 0
1080 -7.8388 0
1060 -7.9627 0
1065 -8.0734 0
1070 -8.0796 0
1074 -8.3620 0
1071 -8.4345 0
1088 -8.4946 0
468 -8.6709 0
1072 -8.7405 0
1090 -9.0593 0
1099 -9.5813 0
459 -9.7915 0
498 -10.2747 0
