1229 29.7476 1
1222 27.8818 1
1224 25.3450 1
1200 25.2831 1
1248 24.4052 1
1221 24.2263 1
1235 21.6298 1
1411 15.9441 0
1240 13.9535 1
1420 13.8559 0
1416 12.3665 0
1238 11.9990 1
1247 11.5927 1
1433 11.4525 0
1442 11.3187 0
1246 11.2704 1
1991 10.7749 0
1223 10.5562 1
1249 10.4986 1
1419 9.8035 0
1423 9.2561 0
1430 9.1533 0
1421 8.5923 0
1208 8.3677 1
1236 8.2886 1
1403 8.0802 0
1933 7.9056 0
1415 7.8372 0
1438 7.5785 0
1239 7.5657 1
450 7.2399 0
1417 7.0988 0
1428 6.8826 0
1443 6.5438 0
1228 6.5141 1
338 6.4720 0
1231 6.3956 1
1449 6.2907 0
1799 6.2869 0
1327 6.2621 0
1996 6.0952 0
1245 5.9684 1
332 5.9554 0
1217 5.9112 1
528 5.8598 0
1436 5.8228 0
1213 5.8106 1
1435 5.7839 0
1007 5.5958 0
563 5.5585 0
1205 5.4652 1
1787 5.3747 0
1401 5.2862 0
1431 5.2786 0
597 5.2704 0
1441 5.2571 0
1439 5.2525 0
774 5.2505 0
459 5.2381 0
1692 5.0845 0
834 4.9572 0
884 4.8650 0
1446 4.7881 0
517 4.7866 0
1447 4.6806 0
1751 4.6394 0
1123 4.6363 0
531 4.6161 0
886 4.6131 0
1445 4.5519 0
1340 4.4874 0
772 4.4476 0
1424 4.4019 0
827 4.3778 0
284 4.3580 0
419 4.2892 0
855 4.2491 0
1214 4.2224 1
464 4.2090 0
1437 4.2082 0
80 4.1978 0
844 4.1833 0
546 4.1321 0
1209 4.1245 1
1321 4.1145 0
812 4.1135 0
529 4.1060 0
1759 4.0827 0
504 4.0495 0
520 4.0240 0
1395 4.0186 0
1212 4.0043 1
1207 3.9576 1
1026 3.9559 0
1470 3.9445 0
1227 3.8981 1
1905 3.8801 0
1413 3.8735 0
322 3.8687 0
156 3.8629 0
1130 3.8356 0
482 3.8250 0
489 3.7499 0
1426 3.7479 0
1429 3.7389 0
793 3.7151 0
1444 3.7129 0
210 3.6974 0
86 3.6846 0
1676 3.6536 0
1344 3.6522 0
501 3.6509 0
1427 3.6218 0
1422 3.6106 0
1410 3.5752 0
310 3.5702 0
1140 3.5683 0
508 3.5659 0
1216 3.5399 1
1414 3.5136 0
346 3.4997 0
1425 3.4931 0
1405 3.4738 0
300 3.4337 0
1225 3.4220 1
1037 3.4191 0
1390 3.3458 0
1662 3.3419 0
538 3.3239 0
373 3.3234 0
1210 3.3135 1
455 3.2962 0
801 3.2894 0
458 3.2659 0
1386 3.2235 0
301 3.1982 0
1404 3.1872 0
1058 3.1856 0
1788 3.1852 0
1041 3.1701 0
1400 3.1654 0
1039 3.1249 0
1389 3.0843 0
1036 3.0827 0
1009 3.0642 0
1375 3.0586 0
1183 3.0438 0
1381 3.0116 0
809 3.0112 0
1412 2.9996 0
1393 2.9718 0
1387 2.9679 0
1432 2.9667 0
873 2.9466 0
570 2.9428 0
95 2.9319 0
1474 2.9316 0
1070 2.9102 0
1244 2.9072 1
1658 2.9017 0
199 2.9004 0
1663 2.8989 0
1380 2.8949 0
1120 2.8882 0
558 2.8824 0
598 2.8536 0
279 2.8318 0
746 2.8202 0
595 2.7525 0
277 2.7474 0
223 2.7348 0
1048 2.7266 0
1237 2.7036 1
1649 2.6787 0
1467 2.6617 0
337 2.6614 0
1181 2.6606 0
1488 2.6437 0
1021 2.6412 0
792 2.6351 0
539 2.6325 0
1050 2.6299 0
549 2.6268 0
345 2.5910 0
1203 2.5877 1
265 2.5873 0
1233 2.5595 1
361 2.5517 0
1484 2.5398 0
1368 2.5199 0
1406 2.5120 0
578 2.4933 0
1168 2.4729 0
847 2.4267 0
1679 2.4020 0
65 2.4008 0
540 2.3991 0
67 2.3965 0
1358 2.3788 0
882 2.3741 0
1295 2.3553 0
1155 2.3494 0
749 2.3475 0
961 2.3026 0
324 2.2821 0
1686 2.2464 0
1211 2.2180 1
491 2.2041 0
561 2.1925 0
1967 2.1780 0
1402 2.1737 0
1360 2.1647 0
1448 2.1359 0
1131 2.1335 0
231 2.1324 0
1372 2.1138 0
1031 2.0956 0
325 2.0849 0
582 2.0819 0
756 2.0811 0
1660 2.0788 0
1219 2.0707 1
502 2.0694 0
505 2.0506 0
438 2.0482 0
1055 2.0420 0
1954 2.0403 0
1363 2.0264 0
1232 2.0180 1
828 2.0164 0
708 2.0160 0
456 2.0154 0
526 2.0117 0
461 2.0055 0
697 2.0038 0
813 2.0034 0
303 1.9918 0
1013 1.9728 0
168 1.9725 0
1684 1.9643 0
986 1.9638 0
1407 1.9533 0
344 1.9459 0
1351 1.9423 0
1111 1.9184 0
1775 1.8829 0
73 1.8786 0
383 1.8770 0
1040 1.8696 0
1049 1.8545 0
190 1.8534 0
1089 1.8513 0
1184 1.8486 0
475 1.8360 0
547 1.8348 0
159 1.8248 0
1763 1.8145 0
839 1.8133 0
784 1.7722 0
1012 1.7709 0
94 1.7439 0
81 1.7228 0
328 1.7119 0
729 1.7037 0
523 1.6926 0
1005 1.6910 0
533 1.6906 0
1655 1.6889 0
524 1.6881 0
421 1.6742 0
1122 1.6692 0
663 1.6676 0
1323 1.6472 0
281 1.6461 0
1668 1.6383 0
770 1.6366 0
1 1.6285 0
1034 1.6256 0
47 1.6240 0
1215 1.6226 1
1768 1.6090 0
1378 1.6039 0
236 1.5995 0
1752 1.5989 0
738 1.5963 0
62 1.5927 0
516 1.5817 0
1304 1.5804 0
761 1.5774 0
781 1.5737 0
1145 1.5699 0
329 1.5682 0
807 1.5616 0
1144 1.5560 0
1950 1.5499 0
1671 1.5434 0
796 1.5370 0
1038 1.5316 0
434 1.5300 0
286 1.5289 0
1105 1.5276 0
1501 1.5227 0
468 1.5162 0
317 1.5151 0
1043 1.5143 0
1711 1.5081 0
1057 1.5057 0
1280 1.5011 0
810 1.4953 0
693 1.4888 0
53 1.4838 0
1121 1.4802 0
1204 1.4758 1
251 1.4611 0
1162 1.4610 0
449 1.4567 0
1756 1.4485 0
557 1.4438 0
895 1.4396 0
472 1.4345 0
511 1.4337 0
330 1.4310 0
1755 1.4224 0
188 1.4158 0
1046 1.4125 0
54 1.4069 0
488 1.4065 0
840 1.3928 0
1948 1.3827 0
512 1.3790 0
447 1.3681 0
471 1.3627 0
245 1.3474 0
1014 1.3443 0
339 1.3440 0
857 1.3409 0
1789 1.3279 0
37 1.3272 0
1003 1.3247 0
390 1.3212 0
1186 1.3181 0
1888 1.3179 0
1817 1.3084 0
1119 1.3078 0
1396 1.3071 0
1661 1.3026 0
1497 1.3004 0
1693 1.2994 0
1830 1.2923 0
544 1.2906 0
1902 1.2851 0
1681 1.2645 0
518 1.2598 0
1677 1.2544 0
950 1.2535 0
166 1.2376 0
736 1.2369 0
552 1.2313 0
701 1.2296 0
1127 1.2238 0
1673 1.2230 0
1722 1.2216 0
378 1.2177 0
568 1.2083 0
40 1.2015 0
543 1.1991 0
836 1.1925 0
377 1.1899 0
158 1.1868 0
136 1.1779 0
157 1.1763 0
1016 1.1737 0
187 1.1548 0
709 1.1519 0
1874 1.1416 0
55 1.1257 0
712 1.1246 0
1385 1.1209 0
573 1.1173 0
903 1.1090 0
811 1.1073 0
1379 1.0988 0
151 1.0962 0
314 1.0937 0
1062 1.0855 0
1132 1.0782 0
1282 1.0679 0
1683 1.0639 0
1665 1.0571 0
201 1.0526 0
273 1.0415 0
1632 1.0370 0
1138 1.0297 0
140 1.0254 0
292 1.0231 0
1118 1.0229 0
719 1.0118 0
934 1.0085 0
594 1.0081 0
1813 1.0002 0
1835 0.9959 0
138 0.9917 0
1397 0.9916 0
1798 0.9820 0
859 0.9707 0
287 0.9697 0
1955 0.9688 0
1161 0.9635 0
302 0.9607 0
898 0.9555 0
799 0.9555 0
957 0.9554 0
530 0.9549 0
1264 0.9486 0
876 0.9483 0
71 0.9333 0
507 0.9319 0
1695 0.9309 0
1691 0.9225 0
788 0.9222 0
808 0.9177 0
1092 0.9163 0
202 0.9066 0
1202 0.8984 1
1206 0.8924 1
692 0.8868 0
1129 0.8866 0
1004 0.8840 0
1664 0.8758 0
194 0.8700 0
90 0.8677 0
268 0.8675 0
777 0.8675 0
27 0.8393 0
899 0.8387 0
1085 0.8386 0
824 0.8385 0
1234 0.8331 1
127 0.8313 0
1680 0.8290 0
1465 0.8203 0
496 0.8157 0
1052 0.8105 0
1864 0.7983 0
420 0.7839 0
762 0.7821 0
110 0.7807 0
1940 0.7775 0
751 0.7759 0
1022 0.7611 0
1035 0.7563 0
1029 0.7523 0
814 0.7449 0
1336 0.7431 0
1218 0.7386 1
443 0.7377 0
829 0.7371 0
506 0.7349 0
863 0.7300 0
1317 0.7080 0
1690 0.7064 0
750 0.7015 0
235 0.6988 0
131 0.6937 0
1010 0.6915 0
1952 0.6913 0
1077 0.6872 0
554 0.6866 0
510 0.6793 0
879 0.6786 0
1783 0.6772 0
803 0.6746 0
1281 0.6646 0
785 0.6634 0
724 0.6617 0
1002 0.6422 0
964 0.6402 0
1418 0.6370 0
860 0.6315 0
1278 0.6290 0
1137 0.6288 0
717 0.6274 0
987 0.6120 0
775 0.6098 0
846 0.6089 0
732 0.6046 0
1114 0.6046 0
1786 0.6033 0
1305 0.6019 0
1969 0.6018 0
752 0.5981 0
88 0.5932 0
348 0.5925 0
120 0.5909 0
341 0.5902 0
137 0.5863 0
579 0.5859 0
718 0.5733 0
57 0.5730 0
722 0.5687 0
75 0.5542 0
1716 0.5529 0
1678 0.5490 0
1929 0.5478 0
107 0.5446 0
1487 0.5440 0
1766 0.5433 0
327 0.5422 0
1125 0.5397 0
1936 0.5383 0
1575 0.5325 0
466 0.5288 0
536 0.5165 0
155 0.5164 0
730 0.5100 0
253 0.5093 0
1720 0.4828 0
1194 0.4793 0
650 0.4785 0
1087 0.4771 0
681 0.4764 0
1434 0.4731 0
1493 0.4656 0
1179 0.4631 0
1469 0.4542 0
576 0.4468 0
225 0.4441 0
372 0.4423 0
1082 0.4381 0
311 0.4339 0
1142 0.4322 0
890 0.4297 0
1068 0.4227 0
291 0.4223 0
1913 0.4153 0
240 0.4077 0
1883 0.3987 0
414 0.3968 0
470 0.3932 0
1320 0.3897 0
779 0.3891 0
1001 0.3876 0
66 0.3855 0
418 0.3731 0
685 0.3666 0
1269 0.3575 0
778 0.3492 0
274 0.3486 0
1656 0.3478 0
1047 0.3404 0
1496 0.3378 0
1462 0.3343 0
1093 0.3297 0
1158 0.3230 0
145 0.3148 0
589 0.3131 0
305 0.3113 0
849 0.3036 0
925 0.3018 0
357 0.3004 0
800 0.2923 0
1479 0.2834 0
162 0.2748 0
391 0.2687 0
711 0.2678 0
1838 0.2606 0
974 0.2605 0
399 0.2596 0
768 0.2591 0
1958 0.2560 0
1455 0.2532 0
497 0.2505 0
331 0.2497 0
1192 0.2492 0
845 0.2467 0
453 0.2457 0
1675 0.2449 0
148 0.2382 0
1925 0.2368 0
161 0.2318 0
1633 0.2308 0
996 0.2276 0
285 0.2246 0
430 0.2237 0
307 0.2221 0
1667 0.2199 0
1491 0.2193 0
244 0.2163 0
1636 0.2083 0
1451 0.2025 0
333 0.1943 0
485 0.1937 0
440 0.1936 0
487 0.1935 0
368 0.1882 0
1150 0.1880 0
206 0.1869 0
1956 0.1835 0
1377 0.1793 0
254 0.1786 0
312 0.1780 0
56 0.1703 0
241 0.1654 0
1816 0.1635 0
1624 0.1626 0
1992 0.1589 0
221 0.1543 0
1685 0.1503 0
167 0.1493 0
1044 0.1459 0
1953 0.1453 0
467 0.1419 0
1080 0.1417 0
479 0.1393 0
1697 0.1391 0
955 0.1347 0
78 0.1327 0
1472 0.1284 0
1728 0.1280 0
135 0.1207 0
1640 0.1198 0
1359 0.1165 0
280 0.1133 0
1196 0.1075 0
356 0.1067 0
212 0.1026 0
1033 0.0984 0
100 0.0974 0
1478 0.0945 0
1744 0.0905 0
207 0.0896 0
1174 0.0878 0
1998 0.0863 0
177 0.0828 0
1188 0.0753 0
500 0.0732 0
1689 0.0633 0
1920 0.0536 0
1373 0.0525 0
1892 0.0520 0
1841 0.0488 0
275 0.0488 0
84 0.0427 0
954 0.0395 0
1856 0.0385 0
113 0.0368 0
1780 0.0366 0
465 0.0305 0
728 0.0290 0
1858 0.0255 0
203 0.0235 0
1367 0.0100 0
1319 0.0090 0
1384 0.0071 0
1097 0.0043 0
1619 0.0008 0
1348 0.0004 0
495 -0.0017 0
272 -0.0038 0
1494 -0.0050 0
342 -0.0177 0
703 -0.0177 0
706 -0.0242 0
514 -0.0254 0
83 -0.0264 0
193 -0.0365 0
1408 -0.0373 0
1580 -0.0377 0
394 -0.0399 0
1495 -0.0431 0
105 -0.0474 0
534 -0.0480 0
289 -0.0521 0
1178 -0.0533 0
587 -0.0566 0
715 -0.0652 0
1456 -0.0700 0
833 -0.0737 0
176 -0.0793 0
1461 -0.0814 0
1101 -0.0823 0
1553 -0.0837 0
48 -0.0841 0
1338 -0.0861 0
319 -0.0927 0
632 -0.0941 0
196 -0.0947 0
152 -0.0954 0
385 -0.1063 0
1659 -0.1087 0
1220 -0.1121 1
1927 -0.1122 0
173 -0.1207 0
306 -0.1259 0
1916 -0.1342 0
852 -0.1343 0
64 -0.1369 0
1885 -0.1381 0
797 -0.1382 0
927 -0.1400 0
224 -0.1423 0
1298 -0.1445 0
1156 -0.1450 0
704 -0.1480 0
326 -0.1526 0
748 -0.1542 0
60 -0.1557 0
880 -0.1596 0
494 -0.1603 0
960 -0.1662 0
76 -0.1717 0
1957 -0.1737 0
1989 -0.1740 0
1023 -0.1769 0
1096 -0.1789 0
92 -0.1804 0
818 -0.1811 0
1154 -0.1847 0
993 -0.1870 0
218 -0.1872 0
320 -0.1926 0
448 -0.1936 0
1024 -0.1965 0
571 -0.1977 0
1241 -0.2005 1
1682 -0.2029 0
1365 -0.2034 0
1066 -0.2047 0
1736 -0.2052 0
661 -0.2111 0
1260 -0.2124 0
1745 -0.2142 0
1201 -0.2167 1
112 -0.2337 0
392 -0.2377 0
1259 -0.2386 0
821 -0.2390 0
694 -0.2418 0
1549 -0.2491 0
408 -0.2507 0
740 -0.2507 0
474 -0.2514 0
1669 -0.2539 0
1255 -0.2575 0
1369 -0.2601 0
733 -0.2605 0
1020 -0.2622 0
1638 -0.2639 0
191 -0.2690 0
764 -0.2700 0
930 -0.2707 0
1388 -0.2716 0
343 -0.2761 0
208 -0.2806 0
1985 -0.2848 0
856 -0.2854 0
1230 -0.2873 1
794 -0.2891 0
584 -0.2912 0
405 -0.2913 0
484 -0.2931 0
1011 -0.2979 0
1394 -0.2985 0
1973 -0.2985 0
1279 -0.3012 0
1473 -0.3065 0
432 -0.3090 0
1650 -0.3149 0
1966 -0.3149 0
1485 -0.3158 0
1353 -0.3160 0
1826 -0.3184 0
50 -0.3206 0
293 -0.3254 0
1294 -0.3293 0
705 -0.3311 0
263 -0.3372 0
1699 -0.3384 0
1341 -0.3396 0
211 -0.3424 0
1904 -0.3455 0
1454 -0.3516 0
1354 -0.3518 0
404 -0.3530 0
1362 -0.3562 0
1666 -0.3567 0
1941 -0.3575 0
1308 -0.3581 0
396 -0.3613 0
566 -0.3706 0
1303 -0.3720 0
759 -0.3731 0
198 -0.3750 0
1019 -0.3799 0
1333 -0.3873 0
1256 -0.3896 0
564 -0.3897 0
1253 -0.3904 0
1811 -0.3920 0
1391 -0.3955 0
593 -0.3987 0
1907 -0.3987 0
1776 -0.3997 0
786 -0.4034 0
735 -0.4048 0
1197 -0.4096 0
842 -0.4107 0
476 -0.4145 0
364 -0.4155 0
1706 -0.4226 0
891 -0.4307 0
745 -0.4358 0
96 -0.4360 0
760 -0.4452 0
1104 -0.4478 0
1027 -0.4495 0
250 -0.4542 0
1942 -0.4558 0
87 -0.4605 0
44 -0.4642 0
1476 -0.4653 0
229 -0.4664 0
795 -0.4696 0
452 -0.4713 0
766 -0.4720 0
838 -0.4746 0
988 -0.4776 0
369 -0.4808 0
1074 -0.4812 0
851 -0.4844 0
969 -0.4895 0
896 -0.4907 0
726 -0.4911 0
513 -0.4930 0
1900 -0.4956 0
1585 -0.4980 0
1480 -0.4986 0
353 -0.5002 0
316 -0.5004 0
238 -0.5011 0
457 -0.5036 0
537 -0.5038 0
1507 -0.5059 0
1008 -0.5068 0
150 -0.5139 0
79 -0.5145 0
371 -0.5175 0
336 -0.5193 0
1975 -0.5194 0
1617 -0.5214 0
1779 -0.5265 0
1349 -0.5323 0
1243 -0.5332 1
866 -0.5342 0
185 -0.5369 0
15 -0.5392 0
1935 -0.5413 0
387 -0.5413 0
815 -0.5414 0
204 -0.5456 0
1545 -0.5511 0
1355 -0.5519 0
574 -0.5530 0
89 -0.5538 0
1045 -0.5566 0
1063 -0.5569 0
1842 -0.5587 0
1166 -0.5588 0
1134 -0.5626 0
1919 -0.5672 0
1591 -0.5673 0
1625 -0.5694 0
165 -0.5720 0
820 -0.5730 0
1293 -0.5805 0
1970 -0.5819 0
897 -0.5823 0
525 -0.5825 0
519 -0.5835 0
1806 -0.5954 0
82 -0.5971 0
985 -0.6018 0
85 -0.6028 0
1778 -0.6035 0
1067 -0.6047 0
26 -0.6053 0
854 -0.6069 0
769 -0.6093 0
1081 -0.6095 0
1345 -0.6119 0
1069 -0.6161 0
103 -0.6192 0
186 -0.6224 0
169 -0.6256 0
318 -0.6292 0
991 -0.6296 0
1364 -0.6298 0
262 -0.6367 0
63 -0.6383 0
560 -0.6412 0
1765 -0.6421 0
1909 -0.6441 0
742 -0.6477 0
885 -0.6533 0
1285 -0.6553 0
1772 -0.6564 0
1159 -0.6592 0
689 -0.6599 0
1374 -0.6649 0
1876 -0.6687 0
1641 -0.6695 0
486 -0.6715 0
1571 -0.6721 0
1332 -0.6769 0
1466 -0.6812 0
1490 -0.6835 0
981 -0.6863 0
1949 -0.6864 0
125 -0.6872 0
1171 -0.6924 0
1852 -0.6933 0
1460 -0.6953 0
972 -0.6957 0
1136 -0.6961 0
99 -0.6961 0
460 -0.7025 0
363 -0.7033 0
1306 -0.7064 0
197 -0.7077 0
1191 -0.7085 0
1807 -0.7102 0
1644 -0.7104 0
256 -0.7125 0
1060 -0.7135 0
567 -0.7186 0
968 -0.7190 0
1153 -0.7216 0
1076 -0.7223 0
111 -0.7224 0
848 -0.7249 0
1877 -0.7258 0
232 -0.7259 0
951 -0.7300 0
575 -0.7304 0
765 -0.7305 0
782 -0.7375 0
334 -0.7439 0
1440 -0.7470 0
672 -0.7474 0
222 -0.7475 0
914 -0.7477 0
1999 -0.7488 0
478 -0.7517 0
714 -0.7518 0
1674 -0.7565 0
1242 -0.7615 1
556 -0.7646 0
910 -0.7655 0
1053 -0.7660 0
893 -0.7677 0
1302 -0.7713 0
1477 -0.7769 0
858 -0.7773 0
555 -0.7796 0
1647 -0.7800 0
133 -0.7804 0
822 -0.7839 0
379 -0.7960 0
659 -0.7962 0
577 -0.7984 0
1315 -0.7994 0
1654 -0.8034 0
723 -0.8047 0
1187 -0.8098 0
509 -0.8125 0
323 -0.8143 0
160 -0.8207 0
1865 -0.8209 0
1793 -0.8213 0
21 -0.8299 0
142 -0.8314 0
802 -0.8321 0
1710 -0.8352 0
1846 -0.8410 0
1712 -0.8457 0
1059 -0.8469 0
1997 -0.8528 0
1866 -0.8544 0
980 -0.8548 0
990 -0.8557 0
924 -0.8566 0
1993 -0.8584 0
359 -0.8598 0
1867 -0.8599 0
220 -0.8611 0
1962 -0.8627 0
734 -0.8687 0
227 -0.8688 0
1146 -0.8694 0
144 -0.8788 0
826 -0.8804 0
1499 -0.8831 0
174 -0.8884 0
1995 -0.8907 0
181 -0.8913 0
441 -0.8932 0
1250 -0.8935 0
1740 -0.8957 0
237 -0.8970 0
41 -0.8977 0
548 -0.8982 0
581 -0.9060 0
946 -0.9061 0
883 -0.9113 0
1054 -0.9120 0
321 -0.9147 0
376 -0.9164 0
806 -0.9174 0
388 -0.9179 0
219 -0.9185 0
362 -0.9198 0
562 -0.9199 0
498 -0.9268 0
1978 -0.9275 0
1857 -0.9286 0
350 -0.9473 0
213 -0.9475 0
172 -0.9492 0
1083 -0.9506 0
1968 -0.9560 0
1688 -0.9576 0
1079 -0.9587 0
1979 -0.9610 0
1343 -0.9612 0
1604 -0.9613 0
1157 -0.9632 0
1110 -0.9667 0
900 -0.9724 0
1198 -0.9731 0
1922 -0.9782 0
352 -0.9782 0
875 -0.9897 0
605 -0.9931 0
1357 -0.9932 0
1257 -0.9994 0
1331 -1.0027 0
1028 -1.0063 0
635 -1.0135 0
429 -1.0236 0
789 -1.0237 0
1851 -1.0248 0
1318 -1.0256 0
1017 -1.0280 0
592 -1.0323 0
1459 -1.0347 0
1837 -1.0413 0
1078 -1.0458 0
521 -1.0471 0
295 -1.0496 0
163 -1.0522 0
340 -1.0525 0
58 -1.0538 0
843 -1.0557 0
1115 -1.0567 0
1726 -1.0571 0
415 -1.0572 0
550 -1.0574 0
1392 -1.0636 0
374 -1.0647 0
1871 -1.0692 0
259 -1.0699 0
1090 -1.0699 0
1483 -1.0731 0
1073 -1.0827 0
1310 -1.0830 0
710 -1.0835 0
68 -1.0853 0
1107 -1.0877 0
1366 -1.0886 0
1342 -1.0896 0
945 -1.0939 0
255 -1.0961 0
1557 -1.0989 0
1583 -1.1017 0
252 -1.1056 0
1709 -1.1134 0
1657 -1.1141 0
1263 -1.1149 0
18 -1.1176 0
264 -1.1203 0
1802 -1.1225 0
586 -1.1307 0
1316 -1.1311 0
1334 -1.1311 0
175 -1.1390 0
1584 -1.1426 0
963 -1.1441 0
992 -1.1557 0
655 -1.1559 0
791 -1.1570 0
1254 -1.1572 0
243 -1.1582 0
248 -1.1675 0
1091 -1.1703 0
725 -1.1713 0
739 -1.1732 0
1141 -1.1765 0
170 -1.1776 0
921 -1.1781 0
522 -1.1798 0
1148 -1.1806 0
1291 -1.1812 0
1147 -1.1833 0
183 -1.1922 0
217 -1.1994 0
216 -1.2013 0
1951 -1.2073 0
1631 -1.2097 0
601 -1.2097 0
1463 -1.2125 0
215 -1.2146 0
270 -1.2197 0
335 -1.2269 0
1597 -1.2289 0
892 -1.2293 0
967 -1.2315 0
297 -1.2324 0
631 -1.2409 0
1324 -1.2432 0
269 -1.2454 0
1599 -1.2466 0
246 -1.2490 0
1862 -1.2510 0
1899 -1.2525 0
9 -1.2575 0
887 -1.2606 0
720 -1.2628 0
1151 -1.2695 0
688 -1.2712 0
624 -1.2720 0
22 -1.2759 0
358 -1.2803 0
1051 -1.2811 0
1758 -1.2862 0
1274 -1.2878 0
1911 -1.2938 0
763 -1.2952 0
640 -1.2965 0
674 -1.2966 0
304 -1.2998 0
8 -1.3036 0
473 -1.3067 0
108 -1.3073 0
545 -1.3103 0
116 -1.3113 0
580 -1.3122 0
966 -1.3140 0
1960 -1.3149 0
1301 -1.3196 0
1718 -1.3207 0
1687 -1.3216 0
1173 -1.3300 0
622 -1.3306 0
713 -1.3330 0
1565 -1.3357 0
109 -1.3359 0
932 -1.3384 0
835 -1.3412 0
1297 -1.3430 0
1135 -1.3442 0
1347 -1.3471 0
1804 -1.3499 0
469 -1.3541 0
52 -1.3603 0
1475 -1.3606 0
382 -1.3613 0
1252 -1.3632 0
234 -1.3644 0
841 -1.3704 0
656 -1.3709 0
1746 -1.3725 0
667 -1.3736 0
1139 -1.3743 0
395 -1.3744 0
997 -1.3745 0
535 -1.3764 0
1289 -1.3775 0
962 -1.3836 0
830 -1.3916 0
43 -1.3964 0
1561 -1.3974 0
398 -1.4010 0
397 -1.4056 0
1311 -1.4058 0
411 -1.4058 0
871 -1.4095 0
10 -1.4103 0
308 -1.4124 0
1642 -1.4128 0
1492 -1.4151 0
1986 -1.4158 0
228 -1.4192 0
380 -1.4245 0
130 -1.4261 0
1797 -1.4283 0
1182 -1.4284 0
983 -1.4292 0
1326 -1.4317 0
958 -1.4363 0
757 -1.4393 0
1481 -1.4395 0
1100 -1.4397 0
242 -1.4405 0
1739 -1.4428 0
1983 -1.4489 0
1921 -1.4495 0
915 -1.4497 0
101 -1.4503 0
999 -1.4516 0
668 -1.4530 0
572 -1.4537 0
1450 -1.4576 0
1275 -1.4585 0
117 -1.4610 0
1796 -1.4623 0
975 -1.4635 0
1754 -1.4668 0
1126 -1.4671 0
817 -1.4715 0
1095 -1.4732 0
1757 -1.4739 0
727 -1.4749 0
121 -1.4753 0
965 -1.4754 0
442 -1.4814 0
678 -1.4818 0
74 -1.4866 0
1350 -1.4882 0
743 -1.4941 0
1498 -1.4993 0
1945 -1.5002 0
1792 -1.5024 0
1924 -1.5032 0
1032 -1.5055 0
1815 -1.5059 0
1609 -1.5060 0
865 -1.5077 0
621 -1.5087 0
959 -1.5091 0
902 -1.5107 0
1590 -1.5108 0
365 -1.5119 0
1562 -1.5122 0
1926 -1.5160 0
179 -1.5213 0
134 -1.5325 0
1112 -1.5346 0
1994 -1.5387 0
154 -1.5399 0
406 -1.5403 0
1382 -1.5429 0
1694 -1.5459 0
823 -1.5501 0
1836 -1.5504 0
1972 -1.5541 0
1937 -1.5570 0
178 -1.5571 0
1170 -1.5577 0
91 -1.5639 0
426 -1.5647 0
1296 -1.5663 0
1946 -1.5669 0
1803 -1.5711 0
119 -1.5722 0
1988 -1.5732 0
1840 -1.5793 0
1371 -1.5830 0
1337 -1.5857 0
1672 -1.5875 0
758 -1.6030 0
747 -1.6085 0
1735 -1.6105 0
1482 -1.6107 0
643 -1.6145 0
1630 -1.6173 0
1276 -1.6173 0
1167 -1.6209 0
1065 -1.6248 0
313 -1.6264 0
677 -1.6293 0
249 -1.6301 0
1398 -1.6330 0
1325 -1.6365 0
1464 -1.6377 0
1869 -1.6379 0
1262 -1.6401 0
1742 -1.6488 0
1890 -1.6491 0
1770 -1.6493 0
403 -1.6560 0
695 -1.6588 0
1190 -1.6591 0
1700 -1.6596 0
1284 -1.6634 0
1903 -1.6634 0
126 -1.6716 0
867 -1.6718 0
994 -1.6741 0
559 -1.6743 0
686 -1.6795 0
1061 -1.6834 0
737 -1.6848 0
370 -1.6869 0
288 -1.6901 0
367 -1.6904 0
1863 -1.6957 0
129 -1.6958 0
1537 -1.6980 0
591 -1.7046 0
70 -1.7050 0
1086 -1.7126 0
1917 -1.7207 0
1914 -1.7237 0
877 -1.7248 0
349 -1.7255 0
98 -1.7289 0
439 -1.7300 0
1075 -1.7312 0
1769 -1.7325 0
282 -1.7350 0
1963 -1.7353 0
1829 -1.7395 0
1971 -1.7421 0
1286 -1.7450 0
462 -1.7465 0
1980 -1.7494 0
143 -1.7495 0
192 -1.7555 0
189 -1.7567 0
878 -1.7578 0
258 -1.7578 0
102 -1.7583 0
1015 -1.7618 0
416 -1.7647 0
278 -1.7648 0
675 -1.7696 0
744 -1.7729 0
515 -1.7735 0
104 -1.7801 0
553 -1.7802 0
995 -1.7846 0
989 -1.7859 0
1932 -1.7870 0
1918 -1.7903 0
503 -1.7930 0
676 -1.7990 0
401 -1.7993 0
1094 -1.8027 0
36 -1.8038 0
767 -1.8047 0
1339 -1.8059 0
1346 -1.8098 0
690 -1.8127 0
33 -1.8182 0
1313 -1.8247 0
1873 -1.8272 0
20 -1.8274 0
542 -1.8282 0
888 -1.8294 0
864 -1.8360 0
976 -1.8426 0
1943 -1.8467 0
1193 -1.8470 0
1312 -1.8472 0
1352 -1.8522 0
266 -1.8545 0
267 -1.8598 0
565 -1.8619 0
1616 -1.8640 0
805 -1.8672 0
1605 -1.8682 0
7 -1.8694 0
687 -1.8746 0
1653 -1.8763 0
233 -1.8772 0
1809 -1.8807 0
1592 -1.8816 0
1486 -1.8845 0
973 -1.8848 0
1546 -1.8873 0
669 -1.8913 0
118 -1.8923 0
360 -1.8982 0
463 -1.9043 0
139 -1.9049 0
1128 -1.9051 0
1084 -1.9090 0
1169 -1.9094 0
315 -1.9095 0
1790 -1.9100 0
122 -1.9108 0
1652 -1.9122 0
1152 -1.9143 0
1938 -1.9145 0
1309 -1.9165 0
351 -1.9174 0
862 -1.9186 0
384 -1.9279 0
1784 -1.9279 0
952 -1.9292 0
1845 -1.9313 0
1588 -1.9323 0
1314 -1.9334 0
283 -1.9369 0
1964 -1.9380 0
1781 -1.9392 0
1645 -1.9395 0
424 -1.9499 0
870 -1.9538 0
832 -1.9541 0
1827 -1.9637 0
355 -1.9655 0
276 -1.9703 0
1750 -1.9711 0
1199 -1.9720 0
1906 -1.9812 0
1749 -1.9873 0
662 -1.9933 0
979 -1.9959 0
375 -1.9980 0
1850 -1.9994 0
590 -2.0050 0
128 -2.0061 0
1452 -2.0072 0
1109 -2.0112 0
1322 -2.0129 0
35 -2.0138 0
1376 -2.0183 0
1748 -2.0239 0
1635 -2.0251 0
1277 -2.0253 0
454 -2.0318 0
1939 -2.0326 0
1564 -2.0393 0
816 -2.0395 0
1928 -2.0538 0
1670 -2.0558 0
853 -2.0562 0
1639 -2.0588 0
1468 -2.0595 0
1703 -2.0596 0
214 -2.0664 0
1356 -2.0665 0
1265 -2.0674 0
483 -2.0691 0
881 -2.0704 0
1383 -2.0713 0
1409 -2.0764 0
1525 -2.0799 0
366 -2.0922 0
389 -2.0950 0
1764 -2.0980 0
1025 -2.1040 0
1915 -2.1065 0
180 -2.1082 0
982 -2.1146 0
149 -2.1169 0
1773 -2.1211 0
1266 -2.1234 0
850 -2.1243 0
481 -2.1273 0
837 -2.1282 0
1102 -2.1313 0
1524 -2.1341 0
1819 -2.1366 0
612 -2.1371 0
1370 -2.1398 0
1879 -2.1405 0
1108 -2.1416 0
1886 -2.1434 0
1542 -2.1475 0
1226 -2.1503 1
1307 -2.1537 0
260 -2.1646 0
1947 -2.1661 0
477 -2.1824 0
1261 -2.1854 0
164 -2.1875 0
869 -2.1882 0
51 -2.1886 0
1895 -2.1909 0
780 -2.1913 0
1271 -2.1916 0
1984 -2.1964 0
1071 -2.2008 0
1072 -2.2010 0
1881 -2.2075 0
171 -2.2145 0
115 -2.2151 0
1335 -2.2174 0
1637 -2.2175 0
444 -2.2358 0
309 -2.2394 0
600 -2.2428 0
754 -2.2430 0
831 -2.2463 0
17 -2.2478 0
393 -2.2506 0
296 -2.2509 0
354 -2.2559 0
1098 -2.2563 0
804 -2.2565 0
1505 -2.2573 0
1782 -2.2624 0
1177 -2.2632 0
1651 -2.2725 0
1522 -2.2782 0
1113 -2.2788 0
1124 -2.2834 0
1185 -2.2862 0
607 -2.2878 0
386 -2.2893 0
613 -2.2917 0
1976 -2.2985 0
1042 -2.3031 0
32 -2.3064 0
1056 -2.3100 0
230 -2.3126 0
1729 -2.3140 0
970 -2.3205 0
1707 -2.3277 0
257 -2.3385 0
1528 -2.3385 0
106 -2.3401 0
1824 -2.3459 0
971 -2.3472 0
1595 -2.3474 0
436 -2.3505 0
1629 -2.3540 0
147 -2.3585 0
1831 -2.3600 0
645 -2.3632 0
298 -2.3747 0
1030 -2.3780 0
1163 -2.3782 0
1175 -2.3836 0
1106 -2.3861 0
1180 -2.3862 0
872 -2.3867 0
527 -2.3869 0
153 -2.3942 0
665 -2.3996 0
819 -2.4095 0
114 -2.4141 0
626 -2.4148 0
1987 -2.4188 0
1529 -2.4233 0
1732 -2.4246 0
825 -2.4286 0
1165 -2.4331 0
664 -2.4386 0
956 -2.4387 0
1453 -2.4423 0
1701 -2.4443 0
904 -2.4492 0
617 -2.4541 0
1696 -2.4563 0
1502 -2.4583 0
1288 -2.4624 0
1859 -2.4659 0
25 -2.4685 0
1812 -2.4709 0
1270 -2.4730 0
1833 -2.4778 0
290 -2.4819 0
1273 -2.4864 0
1741 -2.4931 0
1614 -2.5052 0
790 -2.5072 0
1982 -2.5082 0
596 -2.5130 0
707 -2.5151 0
1875 -2.5165 0
1730 -2.5230 0
648 -2.5237 0
938 -2.5267 0
195 -2.5338 0
1908 -2.5342 0
1981 -2.5345 0
657 -2.5370 0
1847 -2.5434 0
77 -2.5465 0
1893 -2.5486 0
721 -2.5559 0
1513 -2.5572 0
787 -2.5580 0
1887 -2.5581 0
1018 -2.5589 0
1530 -2.5590 0
141 -2.5628 0
1733 -2.5660 0
1880 -2.5781 0
425 -2.5807 0
97 -2.5861 0
1172 -2.6106 0
1598 -2.6229 0
1164 -2.6234 0
1844 -2.6242 0
1708 -2.6328 0
699 -2.6346 0
868 -2.6404 0
1912 -2.6444 0
490 -2.6623 0
916 -2.6698 0
978 -2.6702 0
783 -2.6755 0
1540 -2.6760 0
61 -2.6797 0
1251 -2.6800 0
1258 -2.6867 0
69 -2.6883 0
271 -2.6899 0
1471 -2.6985 0
984 -2.6986 0
1810 -2.7074 0
1814 -2.7139 0
1853 -2.7162 0
889 -2.7219 0
1974 -2.7233 0
1737 -2.7326 0
616 -2.7367 0
1600 -2.7371 0
1526 -2.7437 0
776 -2.7465 0
1189 -2.7473 0
347 -2.7536 0
1761 -2.7557 0
409 -2.7575 0
731 -2.7603 0
1825 -2.7613 0
1931 -2.7616 0
741 -2.7629 0
646 -2.7690 0
998 -2.7747 0
1717 -2.7820 0
1361 -2.7911 0
861 -2.8118 0
1721 -2.8128 0
1821 -2.8137 0
1555 -2.8188 0
1878 -2.8257 0
31 -2.8506 0
651 -2.8566 0
1760 -2.8597 0
1116 -2.8632 0
146 -2.8684 0
1823 -2.8747 0
588 -2.8750 0
1724 -2.8759 0
1558 -2.8784 0
922 -2.8786 0
205 -2.8788 0
1457 -2.8798 0
1064 -2.8887 0
24 -2.8904 0
798 -2.8940 0
1648 -2.9127 0
1643 -2.9149 0
1626 -2.9172 0
1791 -2.9179 0
1734 -2.9189 0
1548 -2.9200 0
644 -2.9231 0
771 -2.9271 0
691 -2.9294 0
1176 -2.9374 0
1731 -2.9379 0
1563 -2.9381 0
1977 -2.9420 0
1634 -2.9462 0
239 -2.9486 0
652 -2.9511 0
1509 -2.9519 0
431 -2.9550 0
1738 -2.9590 0
1601 -2.9604 0
1808 -2.9716 0
929 -2.9726 0
413 -2.9761 0
912 -2.9767 0
755 -2.9801 0
1959 -2.9868 0
412 -2.9905 0
1554 -2.9911 0
493 -2.9963 0
583 -2.9967 0
619 -2.9989 0
1508 -2.9997 0
93 -3.0048 0
3 -3.0052 0
59 -3.0112 0
1822 -3.0151 0
1088 -3.0174 0
417 -3.0357 0
184 -3.0362 0
1702 -3.0366 0
1520 -3.0430 0
34 -3.0469 0
1611 -3.0549 0
1818 -3.0637 0
1805 -3.0742 0
1149 -3.0758 0
1646 -3.0797 0
1785 -3.0815 0
1620 -3.0835 0
647 -3.0895 0
679 -3.0913 0
1843 -3.0955 0
1828 -3.0958 0
1849 -3.0980 0
410 -3.1022 0
629 -3.1259 0
1910 -3.1265 0
1762 -3.1302 0
1607 -3.1414 0
1898 -3.1451 0
423 -3.1484 0
1774 -3.1561 0
1854 -3.1642 0
1889 -3.1678 0
1930 -3.1686 0
1627 -3.1695 0
532 -3.1725 0
1613 -3.1796 0
753 -3.1822 0
1901 -3.1826 0
1884 -3.1974 0
639 -3.2058 0
942 -3.2079 0
433 -3.2093 0
294 -3.2132 0
1569 -3.2193 0
45 -3.2290 0
451 -3.2325 0
653 -3.2387 0
200 -3.2423 0
944 -3.2449 0
642 -3.2450 0
1894 -3.2500 0
908 -3.2538 0
1500 -3.2545 0
1705 -3.2795 0
1610 -3.2801 0
1586 -3.2842 0
953 -3.2895 0
1521 -3.2899 0
1000 -3.2924 0
1990 -3.2966 0
1329 -3.3084 0
1458 -3.3214 0
917 -3.3290 0
1801 -3.3297 0
124 -3.3303 0
1328 -3.3397 0
937 -3.3579 0
940 -3.3617 0
1287 -3.3622 0
1961 -3.3625 0
30 -3.3671 0
1618 -3.3706 0
1923 -3.3817 0
682 -3.3856 0
1160 -3.3865 0
1594 -3.3888 0
1753 -3.3913 0
1715 -3.4038 0
381 -3.4046 0
1143 -3.4122 0
480 -3.4138 0
1290 -3.4177 0
123 -3.4187 0
427 -3.4290 0
604 -3.4306 0
1489 -3.4345 0
1006 -3.4362 0
541 -3.4444 0
913 -3.4458 0
1550 -3.4460 0
1399 -3.4462 0
683 -3.4564 0
773 -3.4608 0
1839 -3.4635 0
1834 -3.4635 0
1570 -3.4798 0
606 -3.4944 0
261 -3.4983 0
1870 -3.4985 0
422 -3.4990 0
1608 -3.5032 0
6 -3.5171 0
445 -3.5174 0
602 -3.5177 0
1299 -3.5223 0
1117 -3.5307 0
716 -3.5396 0
641 -3.5437 0
1944 -3.5481 0
1515 -3.5550 0
977 -3.5552 0
1725 -3.5558 0
1747 -3.5558 0
1965 -3.5633 0
1860 -3.5735 0
1861 -3.5830 0
623 -3.5844 0
947 -3.5901 0
1547 -3.5935 0
1292 -3.5975 0
894 -3.6161 0
1517 -3.6172 0
1602 -3.6264 0
1615 -3.6285 0
1934 -3.6325 0
1567 -3.6342 0
1510 -3.6448 0
670 -3.6645 0
1544 -3.6696 0
698 -3.6723 0
492 -3.6794 0
13 -3.6848 0
628 -3.6894 0
585 -3.7001 0
428 -3.7228 0
446 -3.7340 0
696 -3.7422 0
437 -3.7481 0
1330 -3.7484 0
936 -3.7523 0
247 -3.7605 0
1514 -3.7621 0
700 -3.7714 0
935 -3.7792 0
654 -3.7911 0
1576 -3.8258 0
182 -3.8353 0
1622 -3.8378 0
1621 -3.8459 0
1897 -3.8524 0
599 -3.8593 0
1603 -3.8593 0
1579 -3.8634 0
1523 -3.8829 0
1195 -3.8836 0
1698 -3.8890 0
1848 -3.9105 0
1868 -3.9148 0
11 -3.9165 0
1800 -3.9457 0
1574 -3.9544 0
1606 -3.9921 0
1300 -3.9925 0
1541 -4.0051 0
28 -4.0075 0
1581 -4.0078 0
1714 -4.0223 0
1268 -4.0305 0
941 -4.0307 0
435 -4.0328 0
1535 -4.0434 0
625 -4.0543 0
1506 -4.0680 0
5 -4.0767 0
16 -4.0934 0
1777 -4.0942 0
702 -4.1058 0
1832 -4.1071 0
1713 -4.1089 0
72 -4.1205 0
634 -4.1278 0
132 -4.1334 0
1534 -4.1344 0
1099 -4.1402 0
1551 -4.1476 0
1743 -4.1495 0
42 -4.1511 0
1103 -4.1518 0
1723 -4.1531 0
1519 -4.1533 0
1882 -4.1674 0
928 -4.1969 0
551 -4.2116 0
1719 -4.2369 0
23 -4.2439 0
1267 -4.2479 0
1623 -4.2484 0
673 -4.2508 0
1612 -4.2544 0
1593 -4.2616 0
1566 -4.2857 0
1533 -4.2992 0
209 -4.3040 0
610 -4.3171 0
1536 -4.3263 0
636 -4.3279 0
1767 -4.3300 0
1896 -4.3551 0
618 -4.3592 0
1531 -4.3681 0
1727 -4.3778 0
1272 -4.3971 0
931 -4.4242 0
658 -4.4417 0
907 -4.4445 0
1771 -4.4650 0
226 -4.4714 0
1503 -4.4744 0
1538 -4.4852 0
906 -4.5029 0
569 -4.5166 0
46 -4.5204 0
1539 -4.5205 0
637 -4.5429 0
1795 -4.5438 0
1794 -4.5537 0
1628 -4.5738 0
1532 -4.6052 0
1589 -4.6062 0
1872 -4.6107 0
407 -4.6135 0
402 -4.6209 0
400 -4.6351 0
923 -4.6501 0
1820 -4.6655 0
1596 -4.6829 0
943 -4.7202 0
608 -4.7238 0
666 -4.7845 0
684 -4.7900 0
1704 -4.7942 0
1518 -4.8132 0
933 -4.8150 0
620 -4.8518 0
1552 -4.8621 0
926 -4.9224 0
649 -4.9383 0
660 -4.9521 0
614 -4.9972 0
1559 -5.0198 0
1560 -5.0498 0
948 -5.1015 0
1587 -5.1095 0
1516 -5.1303 0
1568 -5.1543 0
1527 -5.1668 0
603 -5.1711 0
949 -5.1738 0
1572 -5.1744 0
39 -5.2797 0
1573 -5.2970 0
2 -5.3220 0
630 -5.3413 0
19 -5.3479 0
1578 -5.3594 0
627 -5.3742 0
611 -5.3818 0
874 -5.3911 0
1577 -5.4225 0
1511 -5.4584 0
49 -5.4808 0
1891 -5.5122 0
499 -5.5531 0
38 -5.5840 0
1556 -5.6230 0
920 -5.6278 0
29 -5.6315 0
1543 -5.7386 0
1512 -5.7640 0
633 -5.8074 0
1283 -5.8274 0
671 -5.8449 0
1582 -5.9465 0
1855 -5.9600 0
909 -6.0128 0
905 -6.0501 0
901 -6.0867 0
911 -6.1359 0
638 -6.1596 0
12 -6.1894 0
939 -6.2856 0
1504 -6.3137 0
4 -6.3318 0
919 -6.4303 0
680 -6.5171 0
609 -6.7246 0
0 -6.7982 0
918 -6.8711 0
1133 -6.8954 0
615 -6.9162 0
299 -6.9214 0
14 -7.6572 0
