1258 25.4331 1
1272 21.8203 1
1283 21.6627 1
1274 19.2322 1
1287 16.3760 1
1251 14.7522 1
1265 13.0206 1
1298 12.9329 1
1292 12.8942 1
1286 12.8614 1
1268 12.0164 1
784 11.6139 0
1289 11.2322 1
1291 11.2240 1
1512 11.0908 0
492 10.9693 0
1285 10.5735 1
874 10.5544 0
1006 10.5537 0
1337 10.4449 0
1281 10.3706 1
1261 10.2376 1
1284 10.2003 1
1297 9.8726 1
1271 9.7637 1
1270 9.7465 1
1279 9.5510 1
962 9.3200 0
1030 9.3090 0
1267 8.9650 1
468 8.9394 0
1002 8.6694 0
963 8.5640 0
964 8.5455 0
1277 8.5303 1
1475 8.3498 0
1288 8.2252 1
1293 8.1921 1
978 8.1357 0
758 8.0951 0
778 7.9986 0
752 7.9800 0
787 7.8801 0
1273 7.8534 1
980 7.8288 0
1573 7.8067 0
1260 7.7992 1
769 7.7651 0
1295 7.7482 1
981 7.6903 0
449 7.6701 0
1262 7.6122 1
954 7.4369 0
1668 7.4019 0
489 7.3583 0
1252 7.3112 1
522 7.2174 0
1300 7.1894 0
1032 7.0962 0
864 7.0855 0
958 7.0253 0
1502 6.9950 0
1263 6.9844 1
1522 6.9678 0
1518 6.9151 0
496 6.8860 0
1306 6.8824 0
476 6.8496 0
960 6.6947 0
750 6.6329 0
995 6.5867 0
858 6.5803 0
875 6.5682 0
1011 6.5185 0
309 6.5093 0
1269 6.4850 1
312 6.4217 0
867 6.3787 0
871 6.3724 0
893 6.3105 0
909 6.2894 0
1290 6.2891 1
987 6.2464 0
499 6.2252 0
1259 6.1277 1
998 6.1042 0
764 6.0593 0
754 6.0037 0
983 5.9534 0
883 5.9456 0
398 5.9314 0
1333 5.8828 0
898 5.8434 0
1318 5.8056 0
456 5.7955 0
1508 5.7009 0
1693 5.6995 0
1278 5.6787 1
1253 5.6472 1
955 5.6173 0
1064 5.6108 0
1276 5.5952 1
1671 5.5734 0
1543 5.5488 0
959 5.5404 0
1676 5.5044 0
966 5.4632 0
1382 5.4107 0
1027 5.4003 0
1440 5.3590 0
308 5.3308 0
1136 5.2087 0
1448 5.2059 0
1313 5.1431 0
977 5.1218 0
1697 5.1141 0
790 5.0998 0
493 5.0941 0
378 5.0800 0
762 5.0790 0
1275 5.0748 1
796 5.0605 0
453 5.0286 0
757 5.0190 0
821 5.0022 0
1409 5.0009 0
865 4.9774 0
1383 4.9048 0
1009 4.8996 0
982 4.8750 0
866 4.8741 0
1147 4.7799 0
1324 4.7632 0
886 4.7423 0
776 4.7250 0
1016 4.7231 0
1338 4.7026 0
862 4.6924 0
327 4.6807 0
1346 4.6802 0
1692 4.6753 0
1349 4.6709 0
882 4.5990 0
346 4.5897 0
472 4.5834 0
850 4.5368 0
767 4.5267 0
868 4.5253 0
1575 4.5045 0
1314 4.5037 0
473 4.4953 0
1299 4.4537 1
768 4.4434 0
459 4.4372 0
937 4.4296 0
461 4.4259 0
1501 4.4094 0
1552 4.4083 0
1012 4.4061 0
535 4.3951 0
477 4.3817 0
533 4.3663 0
1537 4.3588 0
1045 4.3418 0
451 4.3110 0
1682 4.2618 0
892 4.2561 0
341 4.2381 0
1328 4.1942 0
591 4.1308 0
1637 4.1305 0
854 4.1281 0
1677 4.0958 0
1019 4.0857 0
1304 4.0643 0
1690 4.0601 0
1072 4.0529 0
426 4.0305 0
1319 3.9870 0
763 3.9848 0
1000 3.9818 0
1379 3.9807 0
856 3.9688 0
1007 3.9387 0
478 3.9350 0
545 3.9313 0
1003 3.9235 0
973 3.9099 0
1025 3.8971 0
469 3.8949 0
1008 3.8625 0
1600 3.7689 0
1310 3.7453 0
772 3.7404 0
1255 3.7293 1
872 3.7271 0
1365 3.7082 0
1472 3.6794 0
951 3.6662 0
1017 3.6578 0
897 3.6481 0
869 3.6385 0
1180 3.6362 0
881 3.6099 0
1654 3.5790 0
1407 3.5780 0
1513 3.5569 0
1624 3.5545 0
578 3.5358 0
306 3.5348 0
1650 3.5149 0
957 3.4965 0
1343 3.4947 0
970 3.4684 0
774 3.4550 0
483 3.4358 0
344 3.4223 0
999 3.4008 0
1670 3.3973 0
889 3.3752 0
1536 3.3620 0
1684 3.3354 0
1376 3.3342 0
1673 3.3227 0
1309 3.3168 0
521 3.3123 0
526 3.3085 0
1547 3.2831 0
1431 3.2408 0
891 3.2349 0
1282 3.2279 1
884 3.2259 0
1250 3.2157 1
1683 3.2092 0
1524 3.2020 0
751 3.1837 0
753 3.1757 0
1664 3.1343 0
1105 3.1308 0
1630 3.1277 0
1505 3.1191 0
1509 3.1138 0
887 3.1131 0
247 3.1116 0
431 3.1010 0
498 3.0926 0
345 3.0824 0
465 3.0561 0
1201 3.0531 0
1254 3.0214 1
1535 3.0172 0
475 3.0128 0
1461 3.0097 0
1418 3.0039 0
1519 2.9986 0
320 2.9920 0
1118 2.9872 0
1659 2.9824 0
1605 2.9772 0
1013 2.9702 0
1370 2.9642 0
1724 2.9566 0
1047 2.9239 0
885 2.9052 0
328 2.8699 0
1695 2.8630 0
471 2.8620 0
853 2.8588 0
1294 2.8554 1
799 2.8544 0
1264 2.8297 1
1041 2.7913 0
1528 2.7897 0
448 2.7851 0
797 2.7719 0
1533 2.7696 0
855 2.7523 0
1339 2.7498 0
1580 2.7397 0
314 2.7289 0
214 2.7283 0
1553 2.7255 0
1449 2.7221 0
547 2.7193 0
457 2.7087 0
1020 2.7008 0
1410 2.6901 0
1736 2.6884 0
315 2.6839 0
495 2.6789 0
330 2.6691 0
428 2.6691 0
488 2.6671 0
1481 2.6591 0
1531 2.6465 0
760 2.6404 0
334 2.6296 0
985 2.6289 0
877 2.6270 0
479 2.6153 0
785 2.6095 0
1584 2.5940 0
1564 2.5861 0
894 2.5703 0
1257 2.5666 1
846 2.5544 0
1529 2.5312 0
1015 2.5279 0
1373 2.5162 0
1653 2.5157 0
1560 2.4892 0
1345 2.4691 0
318 2.4678 0
1465 2.4445 0
1075 2.4424 0
1680 2.4197 0
1663 2.4174 0
326 2.4141 0
336 2.3782 0
1504 2.3681 0
466 2.3668 0
1100 2.3565 0
1381 2.3500 0
1350 2.3481 0
1320 2.3255 0
952 2.3226 0
548 2.3205 0
434 2.3191 0
538 2.3128 0
668 2.3093 0
913 2.3063 0
1256 2.3023 1
311 2.2920 0
1266 2.2647 1
1493 2.2636 0
565 2.2593 0
993 2.2451 0
347 2.2360 0
851 2.2309 0
908 2.2239 0
1631 2.2197 0
1400 2.2003 0
1367 2.1888 0
852 2.1886 0
1311 2.1363 0
1010 2.1311 0
994 2.1306 0
1487 2.1300 0
1391 2.1278 0
455 2.1139 0
777 2.0951 0
1689 2.0735 0
1296 2.0615 1
433 2.0582 0
1470 2.0417 0
200 2.0221 0
1599 2.0135 0
931 2.0076 0
1510 2.0050 0
325 2.0021 0
1308 1.9952 0
761 1.9930 0
1099 1.9873 0
1687 1.9835 0
1613 1.9789 0
1244 1.9771 0
540 1.9667 0
490 1.9401 0
1585 1.9114 0
783 1.8974 0
766 1.8818 0
481 1.8746 0
1234 1.8644 0
1146 1.8501 0
953 1.8433 0
1582 1.8295 0
1238 1.8244 0
201 1.8165 0
500 1.8140 0
1511 1.8133 0
967 1.8044 0
1348 1.8034 0
825 1.7968 0
798 1.7949 0
1696 1.7875 0
895 1.7862 0
408 1.7722 0
1743 1.7695 0
770 1.7665 0
1004 1.7651 0
919 1.7639 0
467 1.7629 0
560 1.7547 0
1394 1.7376 0
974 1.7274 0
1527 1.7197 0
1347 1.7144 0
794 1.7144 0
497 1.7111 0
1392 1.7075 0
351 1.7068 0
381 1.7043 0
617 1.6946 0
1488 1.6875 0
677 1.6829 0
1514 1.6739 0
1046 1.6613 0
569 1.6591 0
1672 1.6521 0
1018 1.6516 0
480 1.6441 0
1404 1.6434 0
1280 1.6429 1
462 1.6383 0
1342 1.6256 0
523 1.6128 0
48 1.6050 0
1681 1.5991 0
1225 1.5858 0
1218 1.5650 0
340 1.5556 0
1157 1.5471 0
975 1.5184 0
542 1.5091 0
1083 1.5016 0
1425 1.4883 0
1133 1.4870 0
289 1.4746 0
524 1.4570 0
1322 1.4567 0
803 1.4490 0
375 1.4444 0
1491 1.4423 0
1675 1.4345 0
484 1.4177 0
863 1.4121 0
992 1.4047 0
1540 1.4034 0
1883 1.3922 0
1520 1.3896 0
793 1.3865 0
530 1.3801 0
971 1.3546 0
1648 1.3516 0
1674 1.3511 0
1329 1.3489 0
880 1.3483 0
1167 1.3368 0
657 1.3279 0
165 1.3273 0
1375 1.3126 0
1567 1.3066 0
1647 1.3007 0
649 1.2953 0
1538 1.2921 0
474 1.2804 0
924 1.2753 0
1635 1.2733 0
529 1.2668 0
1869 1.2603 0
1525 1.2598 0
1662 1.2585 0
1356 1.2463 0
333 1.2433 0
1615 1.2271 0
984 1.2223 0
1022 1.2217 0
230 1.2139 0
1602 1.2129 0
934 1.2030 0
539 1.1870 0
1371 1.1725 0
46 1.1722 0
969 1.1699 0
781 1.1592 0
1656 1.1573 0
1168 1.1514 0
342 1.1389 0
1521 1.1337 0
1389 1.1029 0
771 1.0991 0
1089 1.0921 0
1639 1.0904 0
1562 1.0886 0
1323 1.0859 0
1331 1.0660 0
1145 1.0639 0
463 1.0612 0
1640 1.0565 0
1691 1.0560 0
1341 1.0356 0
1079 1.0283 0
786 1.0027 0
808 0.9999 0
1374 0.9917 0
1565 0.9882 0
860 0.9850 0
68 0.9781 0
1557 0.9773 0
543 0.9765 0
674 0.9745 0
1223 0.9671 0
502 0.9665 0
301 0.9659 0
460 0.9573 0
1335 0.9498 0
1159 0.9265 0
352 0.9150 0
1156 0.9035 0
1084 0.9028 0
1102 0.9013 0
1626 0.8994 0
1452 0.8925 0
1194 0.8858 0
1609 0.8803 0
507 0.8784 0
1014 0.8763 0
374 0.8759 0
664 0.8756 0
1132 0.8738 0
804 0.8544 0
1317 0.8527 0
528 0.8427 0
1604 0.8408 0
940 0.8327 0
976 0.8308 0
319 0.8276 0
1332 0.8252 0
1534 0.8213 0
1192 0.8184 0
1698 0.8082 0
1434 0.8049 0
1669 0.8045 0
516 0.8014 0
300 0.7854 0
1870 0.7532 0
1783 0.7478 0
1377 0.7424 0
1530 0.7411 0
1660 0.7368 0
437 0.7280 0
404 0.7270 0
1162 0.7228 0
1385 0.7214 0
1090 0.7177 0
1641 0.7161 0
415 0.7133 0
1363 0.7115 0
556 0.7101 0
1456 0.7095 0
1820 0.7080 0
1568 0.6991 0
458 0.6957 0
1028 0.6915 0
1435 0.6873 0
961 0.6769 0
920 0.6679 0
1316 0.6428 0
304 0.6399 0
1087 0.6272 0
1171 0.6196 0
1413 0.6164 0
878 0.5948 0
1550 0.5757 0
1930 0.5752 0
332 0.5656 0
968 0.5540 0
1085 0.5504 0
317 0.5472 0
1364 0.5452 0
430 0.5429 0
1380 0.5429 0
1330 0.5422 0
1151 0.5352 0
1666 0.5337 0
225 0.5266 0
1428 0.5186 0
1571 0.5157 0
1442 0.5144 0
1443 0.5044 0
906 0.5017 0
1742 0.4922 0
633 0.4894 0
759 0.4744 0
1454 0.4705 0
989 0.4643 0
1776 0.4610 0
1368 0.4532 0
807 0.4517 0
933 0.4488 0
896 0.4467 0
1417 0.4382 0
485 0.4226 0
607 0.4226 0
420 0.3999 0
242 0.3935 0
1182 0.3901 0
1369 0.3766 0
876 0.3763 0
1597 0.3759 0
944 0.3755 0
1340 0.3625 0
84 0.3607 0
385 0.3475 0
1694 0.3438 0
370 0.3379 0
400 0.3354 0
1362 0.3261 0
350 0.3231 0
464 0.3227 0
1658 0.3205 0
1544 0.3190 0
925 0.3183 0
322 0.3167 0
1166 0.3138 0
697 0.3129 0
339 0.3097 0
1172 0.3048 0
916 0.3013 0
553 0.2954 0
1566 0.2874 0
1905 0.2802 0
827 0.2782 0
391 0.2731 0
1515 0.2477 0
321 0.2379 0
1080 0.2356 0
1029 0.2346 0
419 0.2299 0
546 0.2256 0
1629 0.2250 0
512 0.2223 0
1463 0.2181 0
1195 0.2164 0
1124 0.2152 0
1163 0.1999 0
1419 0.1993 0
335 0.1969 0
806 0.1939 0
1825 0.1864 0
229 0.1849 0
773 0.1840 0
1043 0.1731 0
819 0.1672 0
965 0.1605 0
487 0.1597 0
780 0.1587 0
1621 0.1485 0
343 0.1475 0
782 0.1388 0
1713 0.1341 0
253 0.1317 0
1636 0.1256 0
988 0.1200 0
1700 0.1171 0
1439 0.1155 0
1622 0.1126 0
942 0.0911 0
1177 0.0907 0
527 0.0866 0
1091 0.0812 0
1240 0.0735 0
1841 0.0678 0
151 0.0666 0
1686 0.0604 0
1726 0.0596 0
823 0.0556 0
899 0.0475 0
1507 0.0456 0
1591 0.0421 0
356 0.0414 0
912 0.0388 0
1728 0.0342 0
1495 0.0314 0
1590 0.0312 0
1354 0.0304 0
1429 0.0281 0
1398 0.0267 0
599 0.0113 0
1588 0.0101 0
1241 0.0032 0
1326 0.0016 0
938 -0.0021 0
1372 -0.0137 0
1688 -0.0161 0
1785 -0.0230 0
1704 -0.0342 0
1714 -0.0368 0
1548 -0.0384 0
241 -0.0514 0
192 -0.0519 0
1913 -0.0607 0
956 -0.0659 0
1403 -0.0678 0
1601 -0.0728 0
1460 -0.0808 0
1464 -0.0858 0
1415 -0.0903 0
1134 -0.0914 0
1804 -0.0944 0
1685 -0.1147 0
1733 -0.1162 0
1665 -0.1170 0
1576 -0.1207 0
1824 -0.1287 0
1211 -0.1327 0
1523 -0.1357 0
1033 -0.1362 0
302 -0.1386 0
1049 -0.1514 0
184 -0.1539 0
126 -0.1584 0
389 -0.1619 0
1457 -0.1629 0
849 -0.1703 0
291 -0.1753 0
665 -0.1893 0
1366 -0.1994 0
1005 -0.2043 0
791 -0.2089 0
910 -0.2165 0
1657 -0.2256 0
1237 -0.2258 0
950 -0.2420 0
215 -0.2457 0
835 -0.2463 0
765 -0.2481 0
1135 -0.2485 0
103 -0.2503 0
572 -0.2504 0
1236 -0.2511 0
930 -0.2528 0
1378 -0.2556 0
581 -0.2565 0
775 -0.2571 0
1427 -0.2667 0
43 -0.2672 0
305 -0.2673 0
525 -0.2676 0
991 -0.2731 0
38 -0.2732 0
1661 -0.2744 0
1153 -0.2775 0
1113 -0.2775 0
997 -0.2781 0
568 -0.2978 0
939 -0.3012 0
795 -0.3027 0
1933 -0.3050 0
1468 -0.3061 0
996 -0.3114 0
1191 -0.3121 0
1219 -0.3224 0
221 -0.3287 0
1325 -0.3302 0
639 -0.3315 0
1542 -0.3365 0
482 -0.3390 0
641 -0.3404 0
1242 -0.3407 0
1441 -0.3465 0
1516 -0.3544 0
1638 -0.3564 0
1643 -0.3572 0
331 -0.3577 0
731 -0.3640 0
1667 -0.3646 0
859 -0.3665 0
1187 -0.3711 0
857 -0.3746 0
593 -0.3746 0
602 -0.3782 0
1655 -0.3869 0
1610 -0.3878 0
1492 -0.3921 0
1414 -0.3924 0
172 -0.4031 0
179 -0.4075 0
1937 -0.4308 0
1447 -0.4313 0
1126 -0.4435 0
150 -0.4515 0
259 -0.4565 0
1739 -0.4641 0
1910 -0.4701 0
274 -0.4752 0
1175 -0.4793 0
213 -0.4796 0
792 -0.4819 0
1106 -0.4827 0
382 -0.4904 0
1305 -0.4916 0
1678 -0.4954 0
1471 -0.4962 0
618 -0.5028 0
491 -0.5049 0
586 -0.5080 0
873 -0.5140 0
929 -0.5145 0
1446 -0.5293 0
1652 -0.5322 0
918 -0.5358 0
1620 -0.5376 0
1842 -0.5389 0
55 -0.5498 0
1073 -0.5521 0
1062 -0.5545 0
1482 -0.5623 0
779 -0.5635 0
1430 -0.5667 0
470 -0.5676 0
900 -0.5690 0
1583 -0.5713 0
337 -0.5721 0
349 -0.5870 0
737 -0.5888 0
450 -0.5889 0
1709 -0.5925 0
1001 -0.5944 0
224 -0.5958 0
1444 -0.6036 0
1467 -0.6054 0
948 -0.6159 0
870 -0.6162 0
661 -0.6230 0
1469 -0.6245 0
788 -0.6261 0
640 -0.6326 0
290 -0.6425 0
1836 -0.6442 0
1517 -0.6443 0
549 -0.6449 0
1060 -0.6459 0
1384 -0.6534 0
1164 -0.6605 0
169 -0.6643 0
1426 -0.6683 0
537 -0.6726 0
1867 -0.6756 0
832 -0.6760 0
1422 -0.6788 0
97 -0.6826 0
228 -0.6898 0
1039 -0.6966 0
1823 -0.6998 0
1848 -0.7074 0
1598 -0.7099 0
99 -0.7139 0
1738 -0.7252 0
1483 -0.7266 0
1619 -0.7308 0
1885 -0.7318 0
1040 -0.7325 0
544 -0.7352 0
1174 -0.7509 0
1036 -0.7565 0
397 -0.7606 0
1818 -0.7655 0
861 -0.7687 0
1551 -0.7716 0
816 -0.7743 0
1303 -0.7797 0
439 -0.7834 0
675 -0.7840 0
921 -0.7852 0
1497 -0.7870 0
508 -0.7921 0
1359 -0.7948 0
1423 -0.7998 0
399 -0.8021 0
573 -0.8029 0
368 -0.8064 0
707 -0.8130 0
293 -0.8188 0
1895 -0.8198 0
359 -0.8225 0
1127 -0.8236 0
1741 -0.8244 0
927 -0.8246 0
132 -0.8277 0
316 -0.8359 0
725 -0.8376 0
1185 -0.8399 0
1067 -0.8502 0
1421 -0.8535 0
1734 -0.8535 0
739 -0.8597 0
923 -0.8706 0
1941 -0.8714 0
446 -0.8736 0
831 -0.8748 0
1024 -0.8755 0
1549 -0.8829 0
1861 -0.8870 0
355 -0.8901 0
1054 -0.8915 0
610 -0.8927 0
504 -0.9010 0
1203 -0.9046 0
1769 -0.9130 0
445 -0.9175 0
582 -0.9181 0
1226 -0.9230 0
1854 -0.9349 0
1996 -0.9364 0
1777 -0.9452 0
1720 -0.9535 0
1614 -0.9642 0
1558 -0.9764 0
650 -0.9859 0
234 -0.9864 0
1152 -0.9877 0
501 -0.9922 0
518 -0.9945 0
402 -1.0022 0
1617 -1.0061 0
705 -1.0083 0
324 -1.0097 0
72 -1.0130 0
755 -1.0162 0
756 -1.0251 0
1327 -1.0272 0
11 -1.0295 0
583 -1.0423 0
1312 -1.0457 0
61 -1.0484 0
1608 -1.0490 0
255 -1.0542 0
626 -1.0575 0
73 -1.0584 0
222 -1.0587 0
1395 -1.0628 0
1708 -1.0671 0
1800 -1.0676 0
628 -1.0700 0
643 -1.0720 0
1919 -1.0775 0
235 -1.0816 0
1094 -1.0888 0
1190 -1.0920 0
1723 -1.0986 0
1462 -1.1052 0
1199 -1.1061 0
534 -1.1066 0
729 -1.1093 0
313 -1.1179 0
514 -1.1190 0
609 -1.1195 0
1949 -1.1220 0
372 -1.1230 0
559 -1.1320 0
1826 -1.1354 0
376 -1.1355 0
50 -1.1423 0
1921 -1.1453 0
1068 -1.1455 0
1555 -1.1487 0
323 -1.1517 0
422 -1.1527 0
418 -1.1584 0
367 -1.1585 0
1554 -1.1629 0
1450 -1.1679 0
694 -1.1701 0
1500 -1.1731 0
1506 -1.1736 0
1437 -1.1767 0
915 -1.1774 0
1140 -1.1874 0
348 -1.1888 0
377 -1.1904 0
1985 -1.1940 0
1393 -1.1941 0
1498 -1.1955 0
1721 -1.1990 0
208 -1.1991 0
1702 -1.2040 0
1424 -1.2052 0
2 -1.2067 0
1532 -1.2088 0
1193 -1.2096 0
1026 -1.2144 0
87 -1.2159 0
986 -1.2189 0
843 -1.2198 0
1716 -1.2329 0
1485 -1.2425 0
75 -1.2450 0
170 -1.2463 0
388 -1.2486 0
517 -1.2602 0
1596 -1.2640 0
979 -1.2677 0
1248 -1.2695 0
1546 -1.2707 0
1232 -1.2717 0
161 -1.2777 0
1909 -1.2808 0
692 -1.2810 0
1570 -1.2834 0
1207 -1.2842 0
1405 -1.2929 0
373 -1.2965 0
1763 -1.3078 0
1903 -1.3123 0
277 -1.3241 0
393 -1.3244 0
1559 -1.3276 0
1545 -1.3298 0
1334 -1.3326 0
396 -1.3398 0
1095 -1.3542 0
1035 -1.3651 0
427 -1.3670 0
1942 -1.3689 0
369 -1.3748 0
1473 -1.3752 0
1956 -1.3783 0
1679 -1.3906 0
379 -1.3935 0
166 -1.4031 0
745 -1.4058 0
272 -1.4127 0
613 -1.4200 0
1489 -1.4208 0
1731 -1.4256 0
624 -1.4274 0
972 -1.4344 0
1243 -1.4370 0
425 -1.4466 0
236 -1.4572 0
244 -1.4637 0
631 -1.4665 0
1165 -1.4773 0
567 -1.4828 0
204 -1.4925 0
676 -1.4930 0
663 -1.4987 0
1355 -1.5011 0
949 -1.5057 0
1224 -1.5079 0
452 -1.5108 0
1411 -1.5158 0
1401 -1.5196 0
248 -1.5235 0
604 -1.5247 0
223 -1.5264 0
1212 -1.5267 0
1616 -1.5299 0
1412 -1.5307 0
566 -1.5313 0
841 -1.5361 0
69 -1.5404 0
1122 -1.5414 0
1173 -1.5447 0
1215 -1.5455 0
815 -1.5505 0
1906 -1.5511 0
149 -1.5580 0
907 -1.5657 0
520 -1.5681 0
837 -1.5740 0
1141 -1.5834 0
932 -1.5921 0
1761 -1.5929 0
395 -1.5942 0
1358 -1.5959 0
1899 -1.5984 0
1749 -1.5985 0
1399 -1.6062 0
1202 -1.6139 0
1737 -1.6171 0
513 -1.6244 0
1503 -1.6253 0
1595 -1.6281 0
1496 -1.6329 0
1360 -1.6366 0
1815 -1.6374 0
905 -1.6491 0
1484 -1.6551 0
52 -1.6570 0
211 -1.6602 0
1096 -1.6614 0
39 -1.6624 0
848 -1.6666 0
167 -1.6743 0
1204 -1.6844 0
1088 -1.6880 0
185 -1.6964 0
254 -1.7097 0
1771 -1.7122 0
285 -1.7170 0
564 -1.7214 0
1732 -1.7240 0
53 -1.7353 0
1315 -1.7354 0
1479 -1.7457 0
1594 -1.7482 0
1116 -1.7509 0
206 -1.7514 0
1953 -1.7514 0
1924 -1.7517 0
1216 -1.7546 0
1889 -1.7552 0
494 -1.7555 0
1607 -1.7637 0
901 -1.7688 0
1178 -1.7705 0
922 -1.7816 0
1160 -1.7891 0
1451 -1.7985 0
1123 -1.7998 0
1115 -1.8052 0
237 -1.8089 0
1792 -1.8111 0
1344 -1.8120 0
203 -1.8148 0
1222 -1.8175 0
1699 -1.8180 0
1707 -1.8254 0
105 -1.8275 0
329 -1.8295 0
1844 -1.8305 0
353 -1.8397 0
1148 -1.8411 0
1137 -1.8428 0
1239 -1.8447 0
713 -1.8456 0
1480 -1.8463 0
1249 -1.8487 0
1881 -1.8491 0
1143 -1.8518 0
1061 -1.8529 0
1070 -1.8560 0
1170 -1.8561 0
1107 -1.8599 0
1077 -1.8776 0
690 -1.8838 0
238 -1.8848 0
879 -1.8871 0
1574 -1.8893 0
280 -1.8907 0
1992 -1.8909 0
1056 -1.8928 0
615 -1.8959 0
570 -1.8971 0
620 -1.9026 0
1197 -1.9070 0
1158 -1.9131 0
595 -1.9170 0
188 -1.9241 0
1189 -1.9274 0
654 -1.9296 0
70 -1.9316 0
720 -1.9323 0
1526 -1.9359 0
1031 -1.9363 0
679 -1.9397 0
5 -1.9415 0
1846 -1.9444 0
218 -1.9545 0
1059 -1.9572 0
1887 -1.9642 0
299 -1.9647 0
1477 -1.9664 0
295 -1.9684 0
66 -1.9738 0
1822 -1.9814 0
1455 -1.9818 0
1796 -1.9886 0
1814 -1.9904 0
914 -1.9932 0
6 -1.9988 0
1831 -2.0001 0
1432 -2.0025 0
1086 -2.0062 0
1336 -2.0076 0
603 -2.0080 0
789 -2.0142 0
183 -2.0199 0
700 -2.0212 0
303 -2.0248 0
1774 -2.0257 0
662 -2.0263 0
1627 -2.0268 0
1228 -2.0287 0
1740 -2.0351 0
724 -2.0376 0
917 -2.0386 0
1757 -2.0391 0
681 -2.0406 0
138 -2.0436 0
394 -2.0458 0
630 -2.0481 0
1628 -2.0510 0
802 -2.0543 0
1386 -2.0622 0
1837 -2.0661 0
65 -2.0687 0
1712 -2.0752 0
147 -2.0759 0
1499 -2.0768 0
1233 -2.0773 0
946 -2.0803 0
1058 -2.0879 0
1050 -2.0894 0
575 -2.0947 0
1021 -2.0949 0
1891 -2.0952 0
1069 -2.1023 0
1453 -2.1085 0
1205 -2.1182 0
813 -2.1192 0
1138 -2.1195 0
1748 -2.1198 0
1900 -2.1228 0
36 -2.1232 0
1023 -2.1233 0
1623 -2.1246 0
1081 -2.1288 0
1611 -2.1373 0
154 -2.1377 0
1093 -2.1596 0
307 -2.1613 0
1042 -2.1701 0
622 -2.1761 0
1051 -2.1794 0
435 -2.1809 0
935 -2.1875 0
260 -2.1880 0
1875 -2.1909 0
845 -2.1927 0
365 -2.1970 0
243 -2.1980 0
689 -2.1996 0
1977 -2.2005 0
1144 -2.2006 0
562 -2.2006 0
1438 -2.2010 0
207 -2.2039 0
219 -2.2042 0
1476 -2.2063 0
1781 -2.2079 0
733 -2.2113 0
743 -2.2190 0
1044 -2.2261 0
362 -2.2290 0
1097 -2.2302 0
1196 -2.2464 0
182 -2.2473 0
1964 -2.2479 0
486 -2.2497 0
699 -2.2500 0
1975 -2.2502 0
828 -2.2605 0
555 -2.2611 0
89 -2.2617 0
51 -2.2634 0
1711 -2.2634 0
403 -2.2657 0
444 -2.2681 0
1208 -2.2727 0
77 -2.2732 0
270 -2.2733 0
1866 -2.2825 0
945 -2.2852 0
360 -2.2891 0
202 -2.2980 0
1034 -2.3065 0
181 -2.3089 0
1632 -2.3124 0
127 -2.3150 0
1117 -2.3254 0
1579 -2.3274 0
693 -2.3300 0
392 -2.3317 0
252 -2.3328 0
171 -2.3340 0
721 -2.3422 0
1962 -2.3436 0
45 -2.3476 0
1833 -2.3513 0
1494 -2.3525 0
152 -2.3549 0
645 -2.3552 0
1065 -2.3562 0
155 -2.3565 0
41 -2.3624 0
735 -2.3647 0
454 -2.3712 0
515 -2.3720 0
1176 -2.3722 0
1862 -2.3743 0
1644 -2.3748 0
160 -2.3768 0
1725 -2.3838 0
1747 -2.3838 0
251 -2.3869 0
1352 -2.3872 0
1849 -2.4061 0
1245 -2.4093 0
217 -2.4299 0
741 -2.4325 0
1209 -2.4331 0
1406 -2.4351 0
1994 -2.4383 0
1744 -2.4398 0
1618 -2.4402 0
1715 -2.4457 0
199 -2.4470 0
67 -2.4506 0
436 -2.4526 0
64 -2.4539 0
1882 -2.4608 0
614 -2.4637 0
148 -2.4649 0
1983 -2.4685 0
1235 -2.4687 0
371 -2.4710 0
1103 -2.4733 0
670 -2.4803 0
209 -2.4860 0
358 -2.4884 0
826 -2.4900 0
1397 -2.4952 0
298 -2.4966 0
1149 -2.4983 0
256 -2.5045 0
12 -2.5123 0
386 -2.5161 0
834 -2.5170 0
266 -2.5196 0
1154 -2.5198 0
111 -2.5200 0
412 -2.5213 0
1076 -2.5225 0
424 -2.5226 0
1198 -2.5229 0
1038 -2.5294 0
0 -2.5310 0
719 -2.5363 0
1587 -2.5452 0
1078 -2.5498 0
1063 -2.5531 0
833 -2.5648 0
644 -2.5664 0
990 -2.5688 0
718 -2.5713 0
156 -2.5747 0
106 -2.5834 0
519 -2.5860 0
600 -2.5861 0
1852 -2.5863 0
1703 -2.5919 0
1603 -2.5953 0
1829 -2.6072 0
1634 -2.6105 0
1834 -2.6129 0
1797 -2.6269 0
387 -2.6288 0
74 -2.6296 0
193 -2.6300 0
936 -2.6348 0
429 -2.6417 0
1986 -2.6446 0
423 -2.6537 0
800 -2.6599 0
1569 -2.6600 0
1037 -2.6639 0
1642 -2.6641 0
212 -2.6666 0
1907 -2.6693 0
541 -2.6717 0
85 -2.6730 0
1302 -2.6750 0
432 -2.6928 0
550 -2.6935 0
220 -2.6948 0
1200 -2.7002 0
1871 -2.7004 0
926 -2.7028 0
1812 -2.7030 0
805 -2.7237 0
49 -2.7276 0
683 -2.7279 0
1082 -2.7294 0
1586 -2.7299 0
723 -2.7369 0
1984 -2.7448 0
1119 -2.7464 0
281 -2.7510 0
928 -2.7590 0
157 -2.7613 0
1858 -2.7614 0
1353 -2.7626 0
1128 -2.7643 0
588 -2.7693 0
14 -2.7738 0
380 -2.7757 0
947 -2.7762 0
943 -2.7768 0
1886 -2.7797 0
1539 -2.7802 0
678 -2.7810 0
384 -2.7854 0
283 -2.7891 0
1561 -2.7968 0
232 -2.8063 0
1995 -2.8106 0
1927 -2.8114 0
271 -2.8158 0
1387 -2.8175 0
1718 -2.8205 0
1 -2.8222 0
1120 -2.8238 0
1139 -2.8246 0
262 -2.8300 0
82 -2.8358 0
413 -2.8359 0
571 -2.8388 0
1795 -2.8473 0
364 -2.8534 0
153 -2.8550 0
596 -2.8620 0
1402 -2.8644 0
1161 -2.8676 0
1231 -2.8681 0
656 -2.8697 0
1206 -2.8866 0
1321 -2.8885 0
1247 -2.8898 0
63 -2.8930 0
134 -2.9010 0
1048 -2.9100 0
592 -2.9104 0
1121 -2.9115 0
98 -2.9185 0
198 -2.9206 0
409 -2.9206 0
554 -2.9383 0
1926 -2.9418 0
1989 -2.9457 0
1055 -2.9465 0
1952 -2.9538 0
1651 -2.9598 0
1770 -2.9613 0
1593 -2.9616 0
1765 -2.9618 0
642 -2.9621 0
844 -2.9640 0
112 -2.9670 0
667 -2.9673 0
275 -2.9707 0
361 -2.9711 0
1821 -2.9715 0
1775 -2.9758 0
1890 -2.9818 0
1606 -2.9847 0
1874 -2.9897 0
1541 -2.9949 0
1807 -2.9966 0
58 -2.9970 0
245 -2.9980 0
1762 -3.0023 0
1227 -3.0088 0
354 -3.0117 0
576 -3.0120 0
842 -3.0124 0
44 -3.0128 0
195 -3.0306 0
1810 -3.0331 0
1939 -3.0337 0
672 -3.0338 0
1436 -3.0352 0
1111 -3.0359 0
1213 -3.0442 0
1968 -3.0491 0
1169 -3.0499 0
1925 -3.0524 0
180 -3.0551 0
406 -3.0665 0
1916 -3.0679 0
93 -3.0780 0
716 -3.0810 0
196 -3.0834 0
227 -3.0844 0
1104 -3.0859 0
888 -3.0923 0
1918 -3.0978 0
584 -3.1014 0
1873 -3.1089 0
1945 -3.1101 0
1633 -3.1219 0
257 -3.1227 0
417 -3.1232 0
647 -3.1257 0
605 -3.1260 0
1998 -3.1283 0
505 -3.1286 0
1988 -3.1307 0
1181 -3.1311 0
338 -3.1321 0
890 -3.1325 0
263 -3.1325 0
1922 -3.1353 0
284 -3.1447 0
1860 -3.1451 0
1612 -3.1475 0
510 -3.1486 0
1917 -3.1495 0
1705 -3.1496 0
411 -3.1567 0
1915 -3.1627 0
1914 -3.1661 0
1074 -3.1707 0
655 -3.1735 0
1357 -3.1748 0
1396 -3.1814 0
1936 -3.1835 0
1098 -3.1865 0
1893 -3.1944 0
261 -3.1964 0
646 -3.1971 0
1966 -3.2068 0
590 -3.2131 0
1951 -3.2286 0
619 -3.2314 0
104 -3.2327 0
1578 -3.2429 0
1813 -3.2469 0
1727 -3.2581 0
561 -3.2600 0
1184 -3.2720 0
110 -3.2723 0
1898 -3.2776 0
383 -3.2796 0
651 -3.2973 0
634 -3.2991 0
279 -3.3056 0
216 -3.3076 0
706 -3.3105 0
71 -3.3230 0
26 -3.3256 0
840 -3.3380 0
1486 -3.3422 0
1779 -3.3462 0
19 -3.3464 0
836 -3.3512 0
278 -3.3580 0
83 -3.3583 0
194 -3.3685 0
401 -3.3711 0
606 -3.3716 0
1746 -3.3733 0
1052 -3.3754 0
1131 -3.3797 0
1071 -3.3991 0
531 -3.4051 0
730 -3.4212 0
1186 -3.4233 0
21 -3.4303 0
1445 -3.4310 0
1307 -3.4361 0
174 -3.4367 0
91 -3.4384 0
1210 -3.4409 0
239 -3.4413 0
506 -3.4433 0
1420 -3.4492 0
81 -3.4511 0
820 -3.4529 0
1935 -3.4615 0
249 -3.4623 0
296 -3.4675 0
574 -3.4710 0
691 -3.4744 0
363 -3.4755 0
1408 -3.4844 0
177 -3.4928 0
704 -3.5038 0
1923 -3.5062 0
297 -3.5087 0
1801 -3.5094 0
1948 -3.5147 0
1901 -3.5163 0
1183 -3.5247 0
1790 -3.5259 0
443 -3.5275 0
131 -3.5290 0
189 -3.5299 0
40 -3.5313 0
357 -3.5320 0
1803 -3.5348 0
811 -3.5411 0
1920 -3.5513 0
1929 -3.5556 0
1828 -3.5658 0
16 -3.5684 0
658 -3.5717 0
135 -3.5719 0
1764 -3.5745 0
421 -3.5749 0
1459 -3.5866 0
748 -3.5916 0
118 -3.5928 0
1066 -3.5968 0
226 -3.6171 0
1981 -3.6230 0
1114 -3.6270 0
191 -3.6309 0
288 -3.6367 0
109 -3.6369 0
267 -3.6463 0
33 -3.6522 0
1865 -3.6531 0
685 -3.6553 0
59 -3.6712 0
1625 -3.6746 0
17 -3.6779 0
1433 -3.6847 0
648 -3.6856 0
1155 -3.6883 0
598 -3.6947 0
1730 -3.6957 0
108 -3.7013 0
175 -3.7049 0
1592 -3.7132 0
818 -3.7184 0
587 -3.7276 0
1835 -3.7313 0
187 -3.7403 0
130 -3.7489 0
1982 -3.7517 0
1944 -3.7530 0
1125 -3.7561 0
714 -3.7614 0
1876 -3.7634 0
822 -3.7807 0
1710 -3.7867 0
143 -3.7881 0
390 -3.7882 0
190 -3.7884 0
1701 -3.7915 0
1717 -3.7916 0
1794 -3.7923 0
42 -3.7929 0
1879 -3.7959 0
258 -3.7960 0
1856 -3.7973 0
687 -3.7991 0
636 -3.7992 0
1950 -3.8041 0
414 -3.8070 0
611 -3.8176 0
164 -3.8263 0
1112 -3.8404 0
1782 -3.8407 0
903 -3.8413 0
1991 -3.8514 0
1888 -3.8547 0
146 -3.8589 0
1877 -3.8611 0
1940 -3.8674 0
282 -3.8684 0
1722 -3.8744 0
173 -3.8748 0
90 -3.8756 0
1179 -3.8756 0
621 -3.8764 0
673 -3.8783 0
1773 -3.8794 0
1791 -3.8887 0
1057 -3.8929 0
503 -3.8964 0
1934 -3.9011 0
695 -3.9073 0
577 -3.9114 0
1581 -3.9239 0
1904 -3.9250 0
176 -3.9275 0
625 -3.9390 0
1101 -3.9408 0
1972 -3.9416 0
1767 -3.9497 0
269 -3.9509 0
1645 -3.9570 0
1458 -3.9669 0
1142 -3.9710 0
701 -3.9718 0
1390 -3.9727 0
1928 -3.9839 0
107 -4.0074 0
442 -4.0097 0
1221 -4.0113 0
536 -4.0159 0
1959 -4.0169 0
1750 -4.0226 0
1832 -4.0230 0
1819 -4.0301 0
1361 -4.0359 0
310 -4.0361 0
1214 -4.0404 0
168 -4.0421 0
1896 -4.0430 0
246 -4.0479 0
814 -4.0505 0
1993 -4.0543 0
1943 -4.0554 0
612 -4.0647 0
1188 -4.0715 0
1220 -4.0751 0
638 -4.0775 0
76 -4.0994 0
410 -4.1003 0
125 -4.1161 0
749 -4.1250 0
1897 -4.1313 0
817 -4.1320 0
1301 -4.1395 0
1802 -4.1402 0
136 -4.1440 0
660 -4.1451 0
88 -4.1503 0
23 -4.1535 0
1735 -4.1551 0
1230 -4.1578 0
1351 -4.1719 0
941 -4.1745 0
47 -4.1803 0
585 -4.1811 0
812 -4.1831 0
24 -4.1979 0
197 -4.2017 0
1229 -4.2087 0
29 -4.2329 0
205 -4.2411 0
1958 -4.2412 0
416 -4.2446 0
740 -4.2477 0
1946 -4.2482 0
287 -4.2617 0
1788 -4.2618 0
1719 -4.2656 0
366 -4.2666 0
122 -4.2758 0
1912 -4.2809 0
133 -4.2837 0
1892 -4.2858 0
742 -4.2901 0
509 -4.2907 0
178 -4.2916 0
101 -4.2939 0
240 -4.2952 0
623 -4.2964 0
698 -4.2966 0
838 -4.2993 0
1246 -4.3007 0
1760 -4.3014 0
1778 -4.3334 0
1839 -4.3399 0
1963 -4.3463 0
1931 -4.3486 0
911 -4.3500 0
31 -4.3594 0
688 -4.3640 0
27 -4.3668 0
1851 -4.3681 0
1857 -4.3915 0
629 -4.3981 0
659 -4.3992 0
1577 -4.4001 0
141 -4.4063 0
728 -4.4163 0
703 -4.4201 0
32 -4.4358 0
95 -4.4375 0
1932 -4.4390 0
268 -4.4523 0
1388 -4.4577 0
847 -4.4611 0
1478 -4.4627 0
1466 -4.4667 0
579 -4.4718 0
102 -4.4738 0
686 -4.4764 0
1853 -4.4785 0
276 -4.4822 0
79 -4.4966 0
1646 -4.5107 0
405 -4.5189 0
1109 -4.5257 0
54 -4.5265 0
158 -4.5372 0
233 -4.5412 0
727 -4.5421 0
22 -4.5451 0
839 -4.5457 0
551 -4.5627 0
231 -4.5666 0
1809 -4.5688 0
1987 -4.5880 0
1990 -4.5926 0
1150 -4.5932 0
601 -4.5943 0
616 -4.5959 0
1129 -4.5983 0
96 -4.6093 0
1840 -4.6159 0
20 -4.6174 0
1217 -4.6291 0
830 -4.6325 0
286 -4.6369 0
1961 -4.6397 0
3 -4.6591 0
1884 -4.6688 0
128 -4.6713 0
140 -4.6781 0
1092 -4.6802 0
1965 -4.6963 0
1845 -4.6968 0
671 -4.7222 0
56 -4.7257 0
734 -4.7260 0
1868 -4.7316 0
1980 -4.7345 0
1130 -4.7480 0
1787 -4.7484 0
137 -4.7565 0
145 -4.7687 0
1908 -4.7688 0
92 -4.7874 0
1753 -4.7940 0
1490 -4.7947 0
440 -4.8076 0
80 -4.8114 0
265 -4.8122 0
1947 -4.8313 0
902 -4.8329 0
78 -4.8462 0
1816 -4.8507 0
1971 -4.8521 0
589 -4.8569 0
1976 -4.8650 0
1649 -4.8813 0
558 -4.8868 0
60 -4.8879 0
710 -4.8893 0
120 -4.8970 0
57 -4.8975 0
86 -4.9019 0
117 -4.9036 0
163 -4.9175 0
1979 -4.9416 0
273 -4.9493 0
1784 -4.9500 0
1911 -4.9509 0
637 -4.9539 0
1556 -4.9575 0
264 -4.9581 0
747 -4.9612 0
744 -4.9648 0
712 -4.9656 0
702 -4.9825 0
708 -4.9915 0
100 -4.9925 0
1999 -5.0017 0
1789 -5.0207 0
18 -5.0281 0
597 -5.0440 0
1967 -5.0497 0
441 -5.0508 0
1756 -5.0623 0
1978 -5.0684 0
28 -5.0718 0
1863 -5.0966 0
119 -5.1067 0
829 -5.1078 0
407 -5.1151 0
94 -5.1195 0
113 -5.1318 0
810 -5.1326 0
1957 -5.1439 0
292 -5.1545 0
1729 -5.1633 0
1110 -5.1639 0
1589 -5.1711 0
250 -5.1861 0
1850 -5.1864 0
1572 -5.1944 0
715 -5.1944 0
1416 -5.2221 0
696 -5.2686 0
294 -5.2706 0
1827 -5.2819 0
635 -5.3152 0
666 -5.3457 0
801 -5.3511 0
37 -5.3571 0
1811 -5.3639 0
1755 -5.3643 0
709 -5.3791 0
1805 -5.3800 0
594 -5.3842 0
1745 -5.3856 0
632 -5.3889 0
1955 -5.3972 0
1843 -5.3980 0
736 -5.4236 0
1880 -5.4486 0
1474 -5.4539 0
1772 -5.4559 0
1830 -5.4767 0
7 -5.4773 0
511 -5.4788 0
114 -5.4829 0
652 -5.4836 0
447 -5.4962 0
557 -5.5053 0
722 -5.5095 0
532 -5.5660 0
1969 -5.5694 0
123 -5.5851 0
669 -5.5882 0
210 -5.5908 0
627 -5.5952 0
1817 -5.6002 0
139 -5.6186 0
738 -5.6288 0
9 -5.6317 0
1563 -5.6548 0
186 -5.6666 0
1754 -5.6678 0
159 -5.6681 0
824 -5.6714 0
438 -5.6725 0
116 -5.6988 0
1766 -5.7373 0
1938 -5.7448 0
1997 -5.7494 0
809 -5.7498 0
904 -5.7870 0
1954 -5.8019 0
608 -5.8027 0
1864 -5.8035 0
1706 -5.8239 0
15 -5.8326 0
732 -5.8339 0
717 -5.8388 0
1960 -5.8523 0
62 -5.8648 0
124 -5.8951 0
1053 -5.8994 0
129 -5.9103 0
1973 -5.9195 0
1793 -5.9253 0
144 -5.9453 0
680 -5.9683 0
13 -5.9686 0
1751 -6.0063 0
1872 -6.0123 0
726 -6.0716 0
1108 -6.0763 0
684 -6.1097 0
1855 -6.1522 0
142 -6.1783 0
115 -6.1809 0
1768 -6.2234 0
121 -6.2587 0
30 -6.2817 0
34 -6.3469 0
1786 -6.3726 0
653 -6.4761 0
1838 -6.4795 0
1752 -6.5097 0
162 -6.5120 0
1806 -6.5137 0
746 -6.5991 0
1878 -6.7042 0
1859 -6.7609 0
1847 -6.7817 0
1894 -6.7913 0
10 -6.8667 0
25 -6.8687 0
4 -6.9111 0
711 -6.9145 0
1808 -6.9504 0
580 -6.9968 0
552 -7.1209 0
1758 -7.1323 0
1970 -7.1783 0
35 -7.2405 0
682 -7.3022 0
563 -7.3263 0
1780 -7.5017 0
1974 -7.5056 0
1902 -7.7031 0
1799 -7.7215 0
1798 -8.0618 0
1759 -8.0758 0
8 -8.0984 0
