1337 22.7101 1
1324 18.0836 1
1313 13.8423 1
1153 13.1763 0
1321 12.1644 1
1346 12.0923 1
1318 11.8368 1
1146 11.7671 0
1332 11.4612 1
1349 11.3755 1
1319 10.8801 1
1302 10.6057 1
919 10.5559 0
1115 10.4718 0
1320 10.4502 1
1301 10.1877 1
1309 10.1780 1
1333 10.0171 1
1306 9.9769 1
1300 9.6338 1
48 9.5595 0
1199 9.5513 0
1133 9.5260 0
870 9.4262 0
1314 9.2700 1
1147 9.0951 0
1374 9.0410 0
1328 8.8589 1
1341 8.8028 1
1108 8.7312 0
1290 8.6929 0
1338 8.5611 1
1201 8.5324 0
1304 8.4238 1
790 8.2822 0
478 8.2510 0
854 8.2310 0
1316 8.1208 1
1724 8.0272 0
73 7.8762 0
1315 7.8299 1
1303 7.7831 1
1103 7.7803 0
944 7.7498 0
1310 7.7181 1
1180 7.6766 0
1323 7.6189 1
1104 7.6177 0
428 7.5401 0
1149 7.5034 0
1335 7.4626 1
1519 7.4602 0
1347 7.4554 1
1015 7.4182 0
1151 7.4131 0
898 7.3193 0
1169 7.2722 0
360 7.2447 0
1250 7.2181 0
1286 7.2118 0
1308 7.1311 1
864 7.1189 0
1691 7.0262 0
1344 7.0073 1
499 6.9720 0
895 6.6323 0
876 6.6020 0
1872 6.5587 0
1163 6.5574 0
1190 6.5353 0
373 6.5313 0
887 6.5274 0
533 6.4947 0
889 6.4265 0
1176 6.4002 0
1376 6.3498 0
892 6.2714 0
1419 6.2699 0
1489 6.2506 0
1367 6.2502 0
1384 6.2448 0
866 6.2213 0
888 6.2016 0
1370 6.1974 0
1373 6.1880 0
894 6.1851 0
97 6.1494 0
1196 6.1446 0
1175 6.0780 0
755 5.9753 0
1362 5.9687 0
1276 5.9369 0
1137 5.9269 0
856 5.8816 0
853 5.8719 0
858 5.8213 0
477 5.7795 0
874 5.7646 0
1121 5.6721 0
1330 5.6453 1
1392 5.6365 0
1364 5.6045 0
560 5.4750 0
1828 5.4371 0
1020 5.4083 0
1017 5.4075 0
1162 5.3983 0
629 5.3627 0
610 5.3160 0
490 5.3024 0
611 5.2932 0
877 5.2739 0
331 5.2721 0
1307 5.2588 1
868 5.2228 0
873 5.2216 0
641 5.2177 0
341 5.2132 0
1721 5.1932 0
1342 5.1681 1
1272 5.1648 0
1334 5.1358 1
1388 5.1308 0
904 5.1094 0
75 5.0896 0
59 5.0762 0
493 5.0653 0
1109 5.0417 0
319 5.0365 0
1369 5.0258 0
1434 5.0044 0
498 4.9743 0
1251 4.9655 0
1167 4.9640 0
1101 4.9332 0
882 4.8736 0
852 4.8461 0
1387 4.8382 0
314 4.8225 0
1348 4.8207 1
1173 4.7967 0
1139 4.7875 0
1165 4.7798 0
903 4.7772 0
84 4.7709 0
1136 4.7534 0
942 4.7441 0
869 4.7189 0
762 4.6893 0
1189 4.6788 0
307 4.6712 0
897 4.6435 0
1263 4.5931 0
1381 4.5883 0
1336 4.5786 1
14 4.5721 0
1371 4.5434 0
1668 4.5328 0
313 4.5282 0
1099 4.5002 0
861 4.4900 0
243 4.4837 0
798 4.4765 0
1340 4.4741 1
1012 4.4630 0
1326 4.4416 1
749 4.4108 0
1659 4.4094 0
860 4.3737 0
928 4.3728 0
883 4.3655 0
891 4.3586 0
1359 4.3400 0
1273 4.3339 0
1118 4.3220 0
1128 4.3179 0
631 4.3023 0
783 4.2918 0
452 4.2714 0
1127 4.2704 0
481 4.2598 0
835 4.2102 0
1366 4.2047 0
89 4.2037 0
623 4.1991 0
335 4.1659 0
760 4.1649 0
309 4.1434 0
1749 4.1339 0
1826 4.1214 0
1285 4.1038 0
1705 4.1038 0
1417 4.0998 0
1122 4.0690 0
643 4.0518 0
815 4.0432 0
1357 4.0361 0
1030 4.0282 0
1144 4.0061 0
865 4.0021 0
938 3.9754 0
1277 3.9625 0
1368 3.9601 0
1389 3.9589 0
671 3.9566 0
1363 3.9527 0
954 3.9498 0
586 3.9387 0
376 3.9340 0
346 3.9262 0
343 3.9222 0
299 3.9189 0
1343 3.9179 1
595 3.9096 0
642 3.8992 0
2 3.8680 0
468 3.8655 0
1168 3.8622 0
1311 3.8138 1
1378 3.7974 0
1351 3.7965 0
248 3.7729 0
1198 3.7652 0
1386 3.7522 0
1170 3.7445 0
794 3.7415 0
389 3.7339 0
372 3.7195 0
152 3.7035 0
1102 3.6953 0
1477 3.6828 0
1126 3.6765 0
780 3.6557 0
776 3.6552 0
46 3.6496 0
616 3.6310 0
788 3.6300 0
628 3.6242 0
1296 3.6052 0
977 3.5943 0
1889 3.5846 0
1166 3.5811 0
438 3.5601 0
1112 3.5587 0
654 3.5578 0
1670 3.5390 0
1385 3.5291 0
43 3.5291 0
1172 3.5218 0
1000 3.5049 0
797 3.4839 0
915 3.4835 0
330 3.4825 0
1697 3.4806 0
1111 3.4778 0
862 3.4757 0
1854 3.4740 0
1171 3.4683 0
476 3.4650 0
880 3.4605 0
70 3.4425 0
1719 3.4320 0
1365 3.4308 0
426 3.4102 0
370 3.4004 0
354 3.3829 0
1259 3.3820 0
1025 3.3790 0
565 3.3777 0
1157 3.3565 0
1509 3.3474 0
1413 3.3396 0
320 3.3265 0
311 3.3229 0
1810 3.3117 0
1124 3.3039 0
1558 3.3015 0
725 3.2942 0
664 3.2934 0
855 3.2919 0
975 3.2784 0
1322 3.2648 1
1160 3.2637 0
342 3.2502 0
1226 3.2407 0
1033 3.2326 0
691 3.2287 0
759 3.2233 0
336 3.2221 0
1195 3.1885 0
1383 3.1878 0
382 3.1833 0
1840 3.1291 0
909 3.1255 0
1193 3.1226 0
1740 3.1218 0
925 3.1129 0
394 3.1107 0
1291 3.1064 0
247 3.1025 0
803 3.0976 0
956 3.0831 0
1818 3.0791 0
1305 3.0767 1
1921 3.0667 0
771 3.0481 0
1695 3.0406 0
488 3.0338 0
359 3.0282 0
1475 3.0125 0
1299 2.9994 0
1329 2.9984 1
1270 2.9978 0
201 2.9838 0
1185 2.9830 0
1728 2.9677 0
1187 2.9672 0
795 2.9562 0
957 2.9558 0
875 2.9528 0
1298 2.9374 0
347 2.9351 0
1178 2.9327 0
1698 2.9229 0
50 2.9169 0
1814 2.9135 0
879 2.8730 0
422 2.8655 0
431 2.8619 0
604 2.8559 0
1683 2.8543 0
918 2.8514 0
375 2.8421 0
805 2.8403 0
1952 2.8370 0
1116 2.8334 0
1992 2.8214 0
849 2.8176 0
1018 2.8164 0
1444 2.7970 0
1393 2.7968 0
1026 2.7964 0
1262 2.7927 0
793 2.7926 0
893 2.7874 0
1331 2.7844 1
750 2.7830 0
369 2.7817 0
541 2.7771 0
652 2.7754 0
653 2.7749 0
1138 2.7499 0
393 2.7415 0
1061 2.7364 0
572 2.7262 0
1093 2.7182 0
639 2.7146 0
395 2.6900 0
1427 2.6850 0
660 2.6822 0
496 2.6678 0
1919 2.6675 0
799 2.6534 0
358 2.6465 0
12 2.6370 0
1006 2.6337 0
1148 2.6328 0
1339 2.6272 1
1107 2.6265 0
1841 2.6015 0
543 2.6002 0
845 2.5974 0
791 2.5941 0
773 2.5939 0
66 2.5770 0
1022 2.5711 0
1287 2.5686 0
1490 2.5659 0
1194 2.5559 0
1538 2.5396 0
486 2.5293 0
958 2.5098 0
398 2.5098 0
1073 2.5048 0
316 2.5006 0
315 2.4996 0
731 2.4985 0
1255 2.4974 0
1415 2.4899 0
922 2.4811 0
931 2.4763 0
867 2.4756 0
1161 2.4744 0
1573 2.4440 0
1845 2.4409 0
636 2.4228 0
505 2.4210 0
1715 2.4172 0
775 2.4112 0
1317 2.4106 1
364 2.4099 0
213 2.4072 0
348 2.4031 0
753 2.4027 0
53 2.4012 0
1757 2.4011 0
1736 2.3965 0
615 2.3806 0
1612 2.3640 0
374 2.3617 0
367 2.3552 0
473 2.3486 0
1288 2.3468 0
306 2.3460 0
765 2.3296 0
1040 2.3294 0
340 2.3293 0
1661 2.3268 0
1664 2.3254 0
1684 2.3184 0
1502 2.3168 0
1361 2.2941 0
1174 2.2938 0
1045 2.2811 0
495 2.2688 0
757 2.2658 0
1135 2.2393 0
1733 2.2365 0
1380 2.2355 0
36 2.2348 0
1100 2.2343 0
1297 2.2340 0
1067 2.2306 0
1543 2.2280 0
1665 2.2246 0
1883 2.2229 0
1269 2.2164 0
1209 2.2157 0
1131 2.2154 0
1345 2.2131 1
1292 2.2093 0
325 2.1935 0
1059 2.1923 0
288 2.1799 0
1125 2.1793 0
796 2.1722 0
1106 2.1664 0
388 2.1565 0
989 2.1485 0
787 2.1479 0
1557 2.1439 0
1265 2.1260 0
161 2.1202 0
695 2.1149 0
627 2.1077 0
226 2.1074 0
1039 2.0912 0
1356 2.0776 0
878 2.0719 0
1903 2.0694 0
1746 2.0623 0
735 2.0526 0
1547 2.0425 0
323 2.0369 0
901 2.0290 0
344 2.0174 0
362 2.0171 0
657 2.0162 0
1771 2.0148 0
1275 2.0043 0
555 2.0024 0
675 1.9862 0
590 1.9632 0
843 1.9618 0
1735 1.9600 0
1418 1.9584 0
816 1.9564 0
1821 1.9553 0
1660 1.9552 0
1391 1.9535 0
667 1.9515 0
300 1.9503 0
1058 1.9421 0
1506 1.9284 0
1881 1.9274 0
756 1.9198 0
397 1.9184 0
890 1.9147 0
1505 1.9135 0
449 1.8973 0
1804 1.8824 0
1904 1.8783 0
160 1.8763 0
1156 1.8761 0
1710 1.8638 0
241 1.8579 0
588 1.8576 0
630 1.8545 0
378 1.8536 0
91 1.8467 0
1412 1.8294 0
396 1.8248 0
1718 1.8197 0
1177 1.8192 0
1028 1.8108 0
1699 1.8060 0
688 1.8059 0
386 1.7967 0
962 1.7960 0
1258 1.7957 0
1784 1.7875 0
1686 1.7859 0
284 1.7733 0
996 1.7722 0
777 1.7711 0
153 1.7681 0
1031 1.7652 0
1114 1.7631 0
1685 1.7585 0
1689 1.7560 0
464 1.7539 0
1132 1.7498 0
1832 1.7494 0
485 1.7255 0
910 1.7203 0
1395 1.7197 0
899 1.7119 0
1700 1.7090 0
304 1.7083 0
763 1.7066 0
1117 1.7060 0
786 1.7014 0
1508 1.6874 0
1261 1.6865 0
242 1.6858 0
782 1.6759 0
1682 1.6747 0
1513 1.6739 0
480 1.6667 0
253 1.6641 0
1072 1.6578 0
1029 1.6437 0
1377 1.6415 0
1437 1.6359 0
1210 1.6325 0
1652 1.6195 0
914 1.6165 0
767 1.6124 0
1183 1.6096 0
932 1.6023 0
106 1.5987 0
1274 1.5852 0
703 1.5808 0
1544 1.5763 0
1925 1.5667 0
527 1.5491 0
943 1.5478 0
1449 1.5473 0
1518 1.5449 0
1524 1.5422 0
483 1.5370 0
308 1.5316 0
1021 1.5293 0
1243 1.5278 0
61 1.5269 0
384 1.5076 0
1846 1.4971 0
502 1.4888 0
1394 1.4609 0
609 1.4590 0
1723 1.4560 0
1882 1.4497 0
1354 1.4470 0
1182 1.4387 0
1669 1.4336 0
321 1.4282 0
1405 1.4239 0
696 1.4217 0
1564 1.4160 0
1590 1.4133 0
318 1.4071 0
907 1.4047 0
40 1.4024 0
949 1.3958 0
1807 1.3957 0
352 1.3930 0
1941 1.3912 0
1870 1.3860 0
961 1.3850 0
475 1.3819 0
1271 1.3751 0
1422 1.3692 0
1713 1.3659 0
971 1.3584 0
939 1.3521 0
355 1.3480 0
72 1.3444 0
377 1.3437 0
810 1.3430 0
1465 1.3352 0
1663 1.3311 0
1325 1.3194 1
1554 1.3189 0
1480 1.3171 0
51 1.3132 0
1090 1.3124 0
1113 1.3081 0
1023 1.3036 0
337 1.2957 0
920 1.2932 0
1831 1.2892 0
1421 1.2850 0
1130 1.2845 0
707 1.2822 0
470 1.2725 0
829 1.2715 0
638 1.2697 0
1910 1.2595 0
379 1.2564 0
632 1.2536 0
1253 1.2495 0
837 1.2471 0
1120 1.2467 0
1032 1.2436 0
930 1.2336 0
225 1.2297 0
1047 1.2260 0
1110 1.2231 0
1696 1.2203 0
1666 1.2193 0
1675 1.2151 0
556 1.2124 0
381 1.2122 0
826 1.2092 0
1559 1.2067 0
1491 1.2039 0
1401 1.2017 0
85 1.1979 0
1096 1.1932 0
274 1.1898 0
1009 1.1873 0
1867 1.1761 0
58 1.1745 0
857 1.1697 0
237 1.1652 0
668 1.1641 0
497 1.1563 0
998 1.1529 0
1516 1.1527 0
1761 1.1505 0
474 1.1497 0
1888 1.1479 0
1312 1.1473 1
23 1.1464 0
1918 1.1391 0
1442 1.1363 0
769 1.1330 0
290 1.1306 0
933 1.1278 0
1906 1.1278 0
461 1.1124 0
896 1.1064 0
1738 1.1015 0
1454 1.0928 0
371 1.0893 0
492 1.0850 0
1662 1.0847 0
948 1.0739 0
1197 1.0686 0
1988 1.0669 0
328 1.0624 0
1227 1.0580 0
911 1.0567 0
24 1.0529 0
1671 1.0480 0
110 1.0446 0
1812 1.0427 0
614 1.0385 0
484 1.0322 0
385 1.0292 0
1859 1.0268 0
1027 1.0267 0
259 1.0192 0
1216 1.0168 0
1129 1.0055 0
1887 1.0044 0
1154 1.0027 0
350 1.0024 0
1613 1.0008 0
353 0.9968 0
1143 0.9927 0
1282 0.9899 0
1445 0.9689 0
513 0.9602 0
1566 0.9601 0
205 0.9523 0
1865 0.9512 0
634 0.9459 0
1574 0.9454 0
103 0.9423 0
387 0.9423 0
276 0.9372 0
482 0.9368 0
1396 0.9305 0
25 0.9210 0
1702 0.9178 0
523 0.9153 0
813 0.9096 0
1708 0.9071 0
1677 0.8966 0
1726 0.8935 0
758 0.8925 0
1923 0.8847 0
1875 0.8838 0
211 0.8832 0
1935 0.8797 0
1909 0.8703 0
1844 0.8696 0
1048 0.8684 0
68 0.8666 0
1244 0.8655 0
1431 0.8628 0
1188 0.8628 0
291 0.8605 0
622 0.8594 0
1694 0.8562 0
752 0.8556 0
1232 0.8547 0
92 0.8546 0
329 0.8517 0
368 0.8435 0
1908 0.8431 0
1011 0.8422 0
626 0.8412 0
648 0.8339 0
1076 0.8278 0
366 0.8209 0
640 0.8195 0
698 0.8162 0
209 0.8151 0
538 0.8150 0
686 0.8148 0
1095 0.8046 0
1501 0.8039 0
82 0.8022 0
1064 0.8003 0
673 0.7987 0
785 0.7968 0
1327 0.7889 1
1901 0.7828 0
267 0.7794 0
871 0.7742 0
663 0.7720 0
472 0.7715 0
584 0.7659 0
365 0.7596 0
1596 0.7556 0
1656 0.7542 0
1037 0.7527 0
772 0.7512 0
841 0.7428 0
1650 0.7411 0
1822 0.7378 0
606 0.7353 0
55 0.7340 0
380 0.7290 0
1036 0.7274 0
1896 0.7256 0
1164 0.7249 0
1407 0.7194 0
69 0.7124 0
406 0.7009 0
1737 0.6962 0
453 0.6950 0
244 0.6905 0
619 0.6898 0
1937 0.6874 0
1410 0.6832 0
859 0.6813 0
625 0.6804 0
737 0.6769 0
1241 0.6741 0
19 0.6729 0
1577 0.6710 0
789 0.6695 0
655 0.6683 0
1060 0.6555 0
1527 0.6509 0
1119 0.6488 0
999 0.6420 0
745 0.6348 0
817 0.6319 0
706 0.6278 0
457 0.6233 0
1591 0.6175 0
1443 0.6165 0
1571 0.6134 0
1924 0.6116 0
301 0.6112 0
1890 0.6070 0
633 0.6065 0
1712 0.6056 0
1953 0.6049 0
1817 0.6044 0
1827 0.6001 0
1159 0.5922 0
459 0.5915 0
1134 0.5856 0
198 0.5840 0
1568 0.5837 0
1716 0.5819 0
1191 0.5744 0
280 0.5736 0
1540 0.5734 0
1780 0.5728 0
1225 0.5643 0
202 0.5587 0
1052 0.5535 0
1654 0.5515 0
1823 0.5497 0
1634 0.5476 0
88 0.5459 0
99 0.5452 0
600 0.5398 0
42 0.5285 0
1800 0.5261 0
1087 0.5198 0
1926 0.5147 0
754 0.5080 0
349 0.5056 0
509 0.5055 0
637 0.4951 0
77 0.4922 0
607 0.4819 0
221 0.4812 0
1879 0.4782 0
680 0.4764 0
1042 0.4740 0
941 0.4728 0
608 0.4685 0
54 0.4678 0
1625 0.4659 0
820 0.4649 0
169 0.4634 0
768 0.4613 0
1268 0.4607 0
96 0.4599 0
64 0.4461 0
263 0.4392 0
1140 0.4390 0
1079 0.4359 0
356 0.4358 0
489 0.4313 0
94 0.4299 0
1748 0.4208 0
1123 0.4207 0
761 0.4206 0
78 0.4178 0
1731 0.4173 0
1819 0.4172 0
1632 0.4155 0
277 0.4146 0
811 0.4052 0
332 0.4035 0
463 0.3994 0
779 0.3986 0
1511 0.3980 0
450 0.3887 0
946 0.3886 0
1586 0.3867 0
1068 0.3798 0
1572 0.3794 0
689 0.3786 0
1352 0.3767 0
997 0.3697 0
553 0.3691 0
1578 0.3648 0
827 0.3609 0
228 0.3568 0
1462 0.3563 0
1532 0.3514 0
240 0.3495 0
982 0.3473 0
1242 0.3465 0
1915 0.3364 0
1075 0.3286 0
1676 0.3205 0
80 0.3127 0
212 0.3090 0
11 0.3059 0
850 0.3039 0
52 0.3036 0
1866 0.3028 0
1595 0.2967 0
1704 0.2928 0
1487 0.2870 0
1264 0.2853 0
1404 0.2842 0
722 0.2827 0
1635 0.2825 0
1520 0.2771 0
1653 0.2738 0
1848 0.2736 0
1372 0.2727 0
1856 0.2720 0
1714 0.2706 0
906 0.2685 0
238 0.2685 0
678 0.2647 0
1917 0.2578 0
651 0.2483 0
831 0.2427 0
1414 0.2401 0
1215 0.2290 0
1741 0.2276 0
808 0.2267 0
1257 0.2252 0
548 0.2248 0
1674 0.2235 0
1085 0.2201 0
1375 0.2164 0
620 0.2047 0
902 0.2031 0
324 0.2006 0
1184 0.1991 0
326 0.1985 0
770 0.1897 0
5 0.1895 0
672 0.1798 0
1428 0.1796 0
1914 0.1762 0
846 0.1755 0
842 0.1745 0
451 0.1734 0
1911 0.1713 0
1054 0.1696 0
1581 0.1641 0
1051 0.1624 0
569 0.1587 0
1934 0.1486 0
1041 0.1451 0
1284 0.1414 0
542 0.1356 0
1958 0.1335 0
546 0.1323 0
1720 0.1257 0
63 0.1225 0
262 0.1196 0
1530 0.1193 0
1753 0.1168 0
601 0.1154 0
219 0.1152 0
624 0.1149 0
905 0.1069 0
800 0.1042 0
462 0.0965 0
1461 0.0887 0
357 0.0830 0
1429 0.0720 0
1007 0.0694 0
515 0.0675 0
1833 0.0665 0
1815 0.0618 0
121 0.0586 0
303 0.0574 0
1706 0.0566 0
1594 0.0496 0
32 0.0469 0
1794 0.0428 0
391 0.0404 0
929 0.0304 0
1528 0.0207 0
1651 0.0195 0
1645 0.0192 0
884 0.0123 0
510 0.0069 0
581 0.0043 0
568 0.0010 0
1782 0.0003 0
1678 -0.0000 0
1152 -0.0031 0
1254 -0.0059 0
83 -0.0061 0
719 -0.0086 0
234 -0.0157 0
1796 -0.0176 0
1744 -0.0186 0
970 -0.0189 0
766 -0.0192 0
934 -0.0234 0
1615 -0.0248 0
1739 -0.0258 0
751 -0.0262 0
181 -0.0286 0
1550 -0.0286 0
1891 -0.0293 0
1214 -0.0312 0
1551 -0.0359 0
327 -0.0369 0
1852 -0.0384 0
1446 -0.0429 0
174 -0.0534 0
986 -0.0562 0
921 -0.0591 0
1837 -0.0600 0
649 -0.0626 0
1355 -0.0640 0
1537 -0.0704 0
1240 -0.0707 0
1619 -0.0787 0
1239 -0.0819 0
1912 -0.0837 0
1203 -0.0841 0
1579 -0.0841 0
1553 -0.1050 0
1899 -0.1066 0
1223 -0.1075 0
618 -0.1143 0
561 -0.1157 0
825 -0.1184 0
49 -0.1362 0
1600 -0.1365 0
1732 -0.1402 0
1655 -0.1436 0
960 -0.1453 0
746 -0.1489 0
764 -0.1560 0
1561 -0.1696 0
1569 -0.1712 0
1949 -0.1731 0
45 -0.1806 0
1192 -0.1807 0
1398 -0.1873 0
281 -0.1927 0
1687 -0.1934 0
1212 -0.1938 0
1238 -0.1947 0
236 -0.1948 0
469 -0.1991 0
282 -0.2014 0
589 -0.2040 0
1013 -0.2040 0
1252 -0.2185 0
37 -0.2187 0
1945 -0.2232 0
1567 -0.2237 0
1218 -0.2269 0
923 -0.2272 0
1281 -0.2278 0
363 -0.2358 0
1219 -0.2371 0
524 -0.2388 0
172 -0.2391 0
491 -0.2392 0
1084 -0.2393 0
1515 -0.2478 0
848 -0.2596 0
1862 -0.2638 0
885 -0.2749 0
1448 -0.2804 0
1633 -0.2820 0
1035 -0.2825 0
154 -0.2828 0
1555 -0.2871 0
334 -0.2882 0
215 -0.2885 0
512 -0.2911 0
1743 -0.2971 0
1145 -0.3002 0
687 -0.3065 0
8 -0.3170 0
239 -0.3183 0
1587 -0.3236 0
1186 -0.3282 0
950 -0.3297 0
268 -0.3303 0
674 -0.3436 0
1964 -0.3465 0
1631 -0.3466 0
712 -0.3506 0
1207 -0.3556 0
1725 -0.3645 0
1747 -0.3645 0
724 -0.3711 0
597 -0.3734 0
34 -0.3749 0
392 -0.3785 0
436 -0.3803 0
7 -0.3839 0
1457 -0.3850 0
819 -0.3866 0
339 -0.3878 0
39 -0.3897 0
1279 -0.3910 0
1592 -0.3925 0
1521 -0.3931 0
1942 -0.3949 0
1614 -0.4010 0
1529 -0.4047 0
487 -0.4126 0
1806 -0.4147 0
605 -0.4215 0
658 -0.4217 0
839 -0.4294 0
1077 -0.4305 0
1657 -0.4328 0
1692 -0.4369 0
647 -0.4472 0
298 -0.4485 0
1534 -0.4517 0
1548 -0.4524 0
1206 -0.4543 0
390 -0.4587 0
578 -0.4605 0
1150 -0.4642 0
1082 -0.4662 0
1839 -0.4698 0
1860 -0.4706 0
76 -0.4733 0
778 -0.4738 0
245 -0.4750 0
1514 -0.4761 0
709 -0.4780 0
748 -0.4786 0
252 -0.4810 0
1078 -0.4853 0
224 -0.4949 0
1967 -0.4968 0
1010 -0.4976 0
1233 -0.5007 0
1900 -0.5009 0
550 -0.5038 0
662 -0.5063 0
1773 -0.5083 0
1673 -0.5108 0
1931 -0.5146 0
1913 -0.5212 0
1938 -0.5315 0
1507 -0.5330 0
784 -0.5352 0
834 -0.5353 0
1897 -0.5370 0
1717 -0.5388 0
1729 -0.5395 0
1802 -0.5405 0
705 -0.5406 0
29 -0.5452 0
168 -0.5477 0
983 -0.5530 0
994 -0.5530 0
733 -0.5582 0
1933 -0.5589 0
900 -0.5600 0
1658 -0.5614 0
1593 -0.5619 0
644 -0.5641 0
455 -0.5642 0
822 -0.5647 0
1500 -0.5761 0
730 -0.5761 0
133 -0.5782 0
1141 -0.5798 0
9 -0.5838 0
955 -0.5850 0
1237 -0.5924 0
592 -0.5945 0
233 -0.5994 0
1575 -0.6007 0
1228 -0.6035 0
972 -0.6166 0
261 -0.6181 0
1956 -0.6207 0
361 -0.6212 0
1539 -0.6263 0
1565 -0.6264 0
1424 -0.6287 0
1620 -0.6327 0
1983 -0.6357 0
102 -0.6358 0
575 -0.6427 0
1781 -0.6515 0
1549 -0.6568 0
863 -0.6597 0
79 -0.6615 0
1727 -0.6674 0
507 -0.6689 0
1556 -0.6738 0
1512 -0.6787 0
881 -0.6836 0
275 -0.6853 0
1498 -0.6871 0
494 -0.6888 0
1754 -0.6961 0
1483 -0.7090 0
20 -0.7099 0
86 -0.7148 0
200 -0.7188 0
230 -0.7227 0
1546 -0.7227 0
1094 -0.7255 0
3 -0.7297 0
466 -0.7299 0
57 -0.7355 0
433 -0.7358 0
1155 -0.7410 0
214 -0.7430 0
229 -0.7466 0
1016 -0.7472 0
927 -0.7550 0
460 -0.7563 0
148 -0.7567 0
1936 -0.7587 0
1895 -0.7720 0
603 -0.7720 0
1062 -0.7741 0
1734 -0.7749 0
310 -0.7756 0
530 -0.7760 0
1439 -0.7867 0
812 -0.7875 0
743 -0.7906 0
1494 -0.7940 0
821 -0.7941 0
935 -0.7983 0
1089 -0.7988 0
1858 -0.7997 0
1791 -0.8013 0
18 -0.8083 0
1019 -0.8101 0
924 -0.8137 0
1202 -0.8166 0
1905 -0.8177 0
1769 -0.8280 0
38 -0.8332 0
218 -0.8366 0
1576 -0.8391 0
30 -0.8391 0
132 -0.8397 0
289 -0.8576 0
1014 -0.8580 0
454 -0.8588 0
1876 -0.8597 0
1382 -0.8656 0
65 -0.8684 0
792 -0.8716 0
1460 -0.8722 0
1752 -0.8747 0
738 -0.8821 0
1742 -0.8823 0
612 -0.8828 0
1680 -0.8850 0
1843 -0.8860 0
1466 -0.8863 0
1836 -0.8894 0
557 -0.8924 0
283 -0.9120 0
694 -0.9155 0
293 -0.9164 0
1455 -0.9193 0
613 -0.9305 0
539 -0.9324 0
1211 -0.9328 0
1420 -0.9341 0
305 -0.9347 0
1766 -0.9351 0
1049 -0.9351 0
123 -0.9486 0
1492 -0.9553 0
222 -0.9572 0
679 -0.9590 0
781 -0.9673 0
1928 -0.9707 0
345 -0.9760 0
171 -0.9795 0
1249 -0.9838 0
351 -0.9878 0
333 -1.0060 0
806 -1.0076 0
1525 -1.0079 0
1397 -1.0138 0
113 -1.0171 0
258 -1.0187 0
551 -1.0197 0
1482 -1.0306 0
1440 -1.0377 0
1091 -1.0381 0
544 -1.0409 0
216 -1.0428 0
1390 -1.0456 0
232 -1.0507 0
1260 -1.0561 0
574 -1.0587 0
156 -1.0616 0
194 -1.0649 0
908 -1.0681 0
665 -1.0686 0
126 -1.0709 0
945 -1.0751 0
21 -1.0791 0
1001 -1.0799 0
1409 -1.0829 0
118 -1.0943 0
1847 -1.0961 0
1406 -1.0972 0
1453 -1.1118 0
33 -1.1144 0
818 -1.1194 0
1790 -1.1196 0
1599 -1.1243 0
1786 -1.1254 0
520 -1.1264 0
458 -1.1267 0
1982 -1.1368 0
926 -1.1424 0
1603 -1.1473 0
149 -1.1486 0
1057 -1.1502 0
1959 -1.1506 0
1611 -1.1517 0
294 -1.1534 0
1690 -1.1553 0
1797 -1.1581 0
699 -1.1605 0
383 -1.1619 0
16 -1.1666 0
432 -1.1688 0
1835 -1.1727 0
666 -1.1731 0
1939 -1.1753 0
559 -1.1812 0
992 -1.1829 0
1402 -1.1873 0
701 -1.1901 0
1526 -1.2067 0
1584 -1.2080 0
937 -1.2086 0
979 -1.2181 0
124 -1.2217 0
804 -1.2256 0
264 -1.2265 0
1758 -1.2297 0
189 -1.2325 0
1358 -1.2384 0
1672 -1.2406 0
1762 -1.2475 0
967 -1.2479 0
1294 -1.2501 0
278 -1.2501 0
249 -1.2503 0
1805 -1.2524 0
416 -1.2525 0
656 -1.2535 0
814 -1.2542 0
1930 -1.2555 0
567 -1.2714 0
1776 -1.2751 0
1220 -1.2832 0
1379 -1.2842 0
1056 -1.2915 0
220 -1.2951 0
966 -1.2968 0
1825 -1.2974 0
1456 -1.3013 0
1646 -1.3024 0
1034 -1.3040 0
322 -1.3196 0
1234 -1.3212 0
1088 -1.3215 0
257 -1.3218 0
1853 -1.3252 0
645 -1.3297 0
1585 -1.3336 0
1360 -1.3413 0
1770 -1.3429 0
650 -1.3515 0
1932 -1.3524 0
1783 -1.3531 0
1517 -1.3573 0
1580 -1.3581 0
1764 -1.3589 0
141 -1.3638 0
1707 -1.3660 0
1787 -1.3667 0
963 -1.3669 0
1038 -1.3676 0
1722 -1.3688 0
742 -1.3762 0
511 -1.3779 0
71 -1.3803 0
399 -1.3845 0
774 -1.3944 0
1944 -1.3968 0
142 -1.4001 0
74 -1.4098 0
1083 -1.4119 0
146 -1.4159 0
223 -1.4159 0
1981 -1.4185 0
28 -1.4203 0
844 -1.4235 0
534 -1.4264 0
151 -1.4296 0
1408 -1.4416 0
1063 -1.4482 0
1642 -1.4487 0
279 -1.4516 0
1985 -1.4593 0
1999 -1.4648 0
980 -1.4663 0
976 -1.4733 0
471 -1.4820 0
593 -1.4827 0
1283 -1.4834 0
138 -1.4851 0
591 -1.4895 0
697 -1.4914 0
1849 -1.4936 0
479 -1.4952 0
1481 -1.4957 0
1570 -1.5068 0
1995 -1.5101 0
430 -1.5131 0
87 -1.5381 0
1730 -1.5441 0
677 -1.5442 0
1604 -1.5442 0
635 -1.5529 0
1074 -1.5636 0
952 -1.5661 0
1181 -1.5678 0
1479 -1.5690 0
1069 -1.5754 0
312 -1.5755 0
177 -1.5762 0
317 -1.5857 0
108 -1.5981 0
1399 -1.6028 0
1623 -1.6115 0
1643 -1.6132 0
120 -1.6144 0
285 -1.6163 0
988 -1.6300 0
166 -1.6355 0
964 -1.6371 0
31 -1.6374 0
1922 -1.6408 0
1640 -1.6430 0
1289 -1.6453 0
516 -1.6496 0
1522 -1.6498 0
109 -1.6645 0
1256 -1.6670 0
711 -1.6806 0
256 -1.6860 0
1927 -1.6919 0
1920 -1.6931 0
415 -1.6982 0
602 -1.7019 0
167 -1.7019 0
1880 -1.7078 0
564 -1.7116 0
1869 -1.7120 0
1778 -1.7173 0
1426 -1.7235 0
833 -1.7298 0
1842 -1.7308 0
838 -1.7337 0
617 -1.7356 0
1582 -1.7394 0
1541 -1.7406 0
545 -1.7463 0
155 -1.7482 0
521 -1.7486 0
1430 -1.7512 0
1589 -1.7521 0
913 -1.7537 0
951 -1.7658 0
1943 -1.7672 0
1471 -1.7677 0
710 -1.7692 0
993 -1.7696 0
27 -1.7734 0
1803 -1.7769 0
995 -1.7794 0
217 -1.7863 0
587 -1.7937 0
1605 -1.7996 0
199 -1.8079 0
1562 -1.8098 0
180 -1.8119 0
1411 -1.8133 0
158 -1.8211 0
35 -1.8268 0
1476 -1.8306 0
537 -1.8311 0
912 -1.8343 0
95 -1.8354 0
740 -1.8361 0
1602 -1.8379 0
872 -1.8472 0
525 -1.8562 0
723 -1.8569 0
682 -1.8652 0
991 -1.8704 0
1877 -1.8768 0
178 -1.8811 0
1055 -1.8952 0
81 -1.9016 0
159 -1.9031 0
1425 -1.9161 0
1086 -1.9173 0
93 -1.9175 0
1610 -1.9197 0
562 -1.9202 0
1963 -1.9311 0
570 -1.9318 0
1400 -1.9332 0
206 -1.9377 0
1996 -1.9432 0
439 -1.9488 0
1861 -1.9529 0
104 -1.9637 0
179 -1.9641 0
204 -1.9692 0
1756 -1.9719 0
1003 -1.9764 0
260 -1.9963 0
1598 -1.9982 0
456 -2.0007 0
1467 -2.0018 0
1503 -2.0033 0
1246 -2.0051 0
157 -2.0106 0
579 -2.0107 0
1638 -2.0157 0
1679 -2.0208 0
287 -2.0247 0
1824 -2.0253 0
1435 -2.0288 0
1799 -2.0309 0
1878 -2.0312 0
137 -2.0321 0
1789 -2.0322 0
1488 -2.0358 0
1801 -2.0407 0
718 -2.0455 0
1851 -2.0462 0
1916 -2.0491 0
1892 -2.0494 0
271 -2.0529 0
251 -2.0605 0
67 -2.0620 0
670 -2.0633 0
807 -2.0673 0
1873 -2.0711 0
847 -2.0821 0
444 -2.0849 0
1004 -2.0900 0
22 -2.0929 0
296 -2.0944 0
1458 -2.0963 0
1484 -2.0982 0
197 -2.0989 0
566 -2.1095 0
517 -2.1121 0
1266 -2.1181 0
1158 -2.1257 0
1468 -2.1267 0
1693 -2.1271 0
1280 -2.1344 0
1760 -2.1366 0
1472 -2.1446 0
659 -2.1556 0
0 -2.1580 0
1863 -2.1601 0
1092 -2.1616 0
1552 -2.1692 0
1451 -2.1702 0
111 -2.1731 0
1496 -2.1747 0
1230 -2.1872 0
547 -2.1968 0
1898 -2.2136 0
186 -2.2169 0
1433 -2.2204 0
1624 -2.2250 0
1066 -2.2363 0
437 -2.2489 0
1894 -2.2502 0
164 -2.2514 0
693 -2.2518 0
721 -2.2598 0
1545 -2.2632 0
98 -2.2633 0
1813 -2.2682 0
573 -2.2750 0
518 -2.2762 0
981 -2.2804 0
583 -2.2822 0
13 -2.2866 0
1986 -2.2872 0
1293 -2.2891 0
1608 -2.2946 0
1701 -2.2952 0
425 -2.2980 0
1994 -2.3068 0
514 -2.3095 0
959 -2.3097 0
467 -2.3176 0
254 -2.3236 0
441 -2.3245 0
165 -2.3285 0
250 -2.3302 0
1667 -2.3366 0
193 -2.3515 0
1855 -2.3519 0
1767 -2.3569 0
1793 -2.3600 0
552 -2.3677 0
210 -2.3694 0
1452 -2.3713 0
1081 -2.3723 0
1998 -2.3734 0
1097 -2.3794 0
734 -2.3823 0
832 -2.3824 0
1231 -2.3826 0
41 -2.3836 0
131 -2.3903 0
700 -2.3907 0
1703 -2.3950 0
272 -2.3980 0
692 -2.4011 0
255 -2.4014 0
580 -2.4069 0
984 -2.4082 0
1478 -2.4084 0
598 -2.4092 0
1946 -2.4098 0
1868 -2.4104 0
851 -2.4325 0
936 -2.4362 0
1588 -2.4386 0
985 -2.4536 0
1688 -2.4539 0
195 -2.4609 0
916 -2.4622 0
744 -2.4721 0
139 -2.4753 0
1105 -2.4762 0
500 -2.4873 0
823 -2.4880 0
1024 -2.4888 0
713 -2.5026 0
147 -2.5129 0
582 -2.5158 0
1447 -2.5306 0
973 -2.5318 0
227 -2.5361 0
1681 -2.5401 0
1245 -2.5462 0
1002 -2.5492 0
676 -2.5578 0
729 -2.5618 0
684 -2.5705 0
435 -2.5777 0
1470 -2.5805 0
60 -2.5814 0
297 -2.5918 0
418 -2.5936 0
1560 -2.6018 0
423 -2.6026 0
448 -2.6084 0
143 -2.6161 0
302 -2.6175 0
1980 -2.6208 0
526 -2.6226 0
17 -2.6247 0
1597 -2.6268 0
585 -2.6298 0
519 -2.6437 0
56 -2.6467 0
1278 -2.6534 0
265 -2.6555 0
1005 -2.6577 0
1583 -2.6584 0
1647 -2.6677 0
1236 -2.6699 0
969 -2.6712 0
577 -2.6930 0
683 -2.6932 0
1247 -2.6967 0
1441 -2.7157 0
47 -2.7160 0
207 -2.7261 0
1629 -2.7319 0
720 -2.7324 0
4 -2.7349 0
1750 -2.7357 0
1709 -2.7393 0
1071 -2.7440 0
1885 -2.7473 0
886 -2.7634 0
1965 -2.7665 0
1966 -2.7689 0
978 -2.7766 0
1495 -2.7869 0
661 -2.8005 0
1008 -2.8141 0
1053 -2.8165 0
1050 -2.8183 0
338 -2.8203 0
1179 -2.8252 0
917 -2.8255 0
44 -2.8263 0
183 -2.8300 0
1044 -2.8335 0
231 -2.8442 0
716 -2.8454 0
801 -2.8469 0
286 -2.8488 0
1874 -2.8646 0
1886 -2.8656 0
1976 -2.8765 0
1607 -2.8799 0
1857 -2.8865 0
836 -2.8941 0
739 -2.8948 0
1816 -2.9068 0
947 -2.9081 0
1436 -2.9158 0
134 -2.9185 0
203 -2.9199 0
115 -2.9255 0
974 -2.9272 0
6 -2.9332 0
162 -2.9334 0
1536 -2.9381 0
1459 -2.9389 0
540 -2.9417 0
144 -2.9447 0
535 -2.9495 0
727 -2.9522 0
127 -2.9602 0
732 -3.0030 0
717 -3.0039 0
531 -3.0062 0
404 -3.0123 0
188 -3.0206 0
105 -3.0377 0
1751 -3.0454 0
1463 -3.0467 0
940 -3.0503 0
669 -3.0573 0
529 -3.0726 0
504 -3.0761 0
1510 -3.0830 0
419 -3.0926 0
122 -3.0934 0
1871 -3.0947 0
828 -3.1024 0
135 -3.1061 0
266 -3.1075 0
1621 -3.1122 0
1820 -3.1123 0
427 -3.1243 0
1929 -3.1307 0
1993 -3.1324 0
26 -3.1339 0
1542 -3.1442 0
1432 -3.1476 0
292 -3.1490 0
1775 -3.1584 0
1535 -3.1723 0
1601 -3.1752 0
953 -3.1847 0
112 -3.1919 0
1497 -3.1999 0
1142 -3.2013 0
1830 -3.2099 0
1947 -3.2122 0
187 -3.2245 0
410 -3.2412 0
824 -3.2453 0
145 -3.2475 0
1499 -3.2477 0
117 -3.2506 0
1907 -3.2518 0
1350 -3.2526 0
1504 -3.2629 0
1795 -3.2643 0
1768 -3.2680 0
1486 -3.2730 0
690 -3.2770 0
192 -3.2817 0
1531 -3.2862 0
685 -3.2865 0
1968 -3.3037 0
1977 -3.3447 0
235 -3.3453 0
990 -3.3591 0
1637 -3.3627 0
1711 -3.3742 0
1208 -3.3790 0
150 -3.3837 0
503 -3.3862 0
1043 -3.3896 0
554 -3.3933 0
728 -3.3966 0
549 -3.4142 0
1973 -3.4261 0
558 -3.4415 0
1438 -3.4439 0
596 -3.4514 0
1217 -3.4514 0
182 -3.4603 0
571 -3.4636 0
1222 -3.4675 0
1893 -3.4694 0
1765 -3.4763 0
1984 -3.4812 0
1792 -3.4928 0
646 -3.4982 0
208 -3.5026 0
1950 -3.5057 0
10 -3.5096 0
830 -3.5106 0
246 -3.5305 0
1469 -3.5310 0
1 -3.5343 0
1474 -3.5387 0
429 -3.5412 0
1046 -3.5615 0
445 -3.5648 0
413 -3.5659 0
1098 -3.5713 0
599 -3.5823 0
1961 -3.5826 0
1978 -3.6088 0
116 -3.6102 0
1267 -3.6121 0
1884 -3.6123 0
1809 -3.6345 0
501 -3.6372 0
1948 -3.6428 0
576 -3.6526 0
741 -3.6613 0
1850 -3.6684 0
1838 -3.6715 0
1618 -3.6726 0
1622 -3.6771 0
270 -3.7159 0
1353 -3.7274 0
1962 -3.7410 0
1644 -3.7417 0
1829 -3.7696 0
528 -3.7754 0
1450 -3.7765 0
196 -3.7916 0
403 -3.8208 0
130 -3.8573 0
101 -3.8585 0
708 -3.8738 0
1224 -3.8808 0
1070 -3.8842 0
1834 -3.9034 0
129 -3.9096 0
465 -3.9125 0
62 -3.9404 0
726 -3.9513 0
1416 -3.9560 0
1533 -3.9598 0
621 -3.9626 0
1403 -3.9686 0
1523 -3.9730 0
401 -3.9758 0
1485 -3.9850 0
446 -3.9946 0
747 -3.9963 0
1204 -4.0016 0
1772 -4.0304 0
1563 -4.0371 0
170 -4.0453 0
532 -4.0540 0
114 -4.0715 0
402 -4.1002 0
1979 -4.1111 0
704 -4.1287 0
1785 -4.1532 0
1779 -4.1692 0
1065 -4.1704 0
968 -4.1720 0
1200 -4.1756 0
840 -4.1786 0
176 -4.1879 0
1940 -4.2433 0
536 -4.2496 0
414 -4.2559 0
1798 -4.2601 0
1080 -4.2790 0
1639 -4.2855 0
1957 -4.3013 0
802 -4.3035 0
434 -4.3066 0
522 -4.3338 0
1997 -4.3434 0
1493 -4.3627 0
1989 -4.3730 0
90 -4.3757 0
1974 -4.3915 0
1954 -4.4103 0
965 -4.4112 0
681 -4.4159 0
1955 -4.4243 0
1423 -4.4274 0
1609 -4.4379 0
1990 -4.4382 0
1987 -4.4455 0
1745 -4.4606 0
1626 -4.4623 0
119 -4.4834 0
107 -4.5072 0
1630 -4.5113 0
506 -4.5127 0
1951 -4.5282 0
443 -4.5293 0
1649 -4.5333 0
412 -4.5698 0
184 -4.5730 0
409 -4.5821 0
1627 -4.6195 0
1636 -4.6328 0
1811 -4.6388 0
269 -4.6560 0
1606 -4.6840 0
1213 -4.6887 0
191 -4.7051 0
125 -4.7072 0
405 -4.7414 0
702 -4.7806 0
173 -4.8067 0
128 -4.8211 0
508 -4.8515 0
1295 -4.8670 0
1864 -4.8721 0
1628 -4.8739 0
714 -4.8837 0
163 -4.9164 0
1975 -4.9257 0
1774 -4.9336 0
1902 -4.9584 0
736 -4.9618 0
442 -4.9637 0
295 -4.9677 0
1221 -4.9847 0
1808 -4.9913 0
15 -4.9918 0
400 -5.1159 0
1648 -5.1228 0
175 -5.1519 0
140 -5.1620 0
1641 -5.1957 0
1972 -5.2015 0
1777 -5.2177 0
594 -5.2628 0
715 -5.2835 0
1970 -5.3103 0
1473 -5.3125 0
563 -5.3251 0
1755 -5.3362 0
411 -5.3587 0
1617 -5.4025 0
417 -5.4182 0
190 -5.4234 0
1248 -5.4395 0
1464 -5.4495 0
408 -5.4600 0
420 -5.4620 0
1971 -5.5160 0
1960 -5.6204 0
987 -5.6666 0
447 -5.7279 0
1759 -5.7284 0
100 -5.7578 0
1616 -5.9425 0
421 -6.0356 0
424 -6.0578 0
1969 -6.2711 0
1235 -6.3561 0
1991 -6.3747 0
136 -6.5228 0
1788 -6.6010 0
407 -6.6507 0
1205 -6.7420 0
273 -6.8549 0
440 -7.1891 0
185 -7.6630 0
1229 -7.8919 0
809 -7.9675 0
1763 -9.3588 0
