1351 23.3433 1
1359 23.2365 1
1386 21.6288 1
1368 20.1994 1
1369 18.6312 1
1374 18.4989 1
1362 15.3739 1
1381 15.3625 1
1367 13.7118 1
1380 13.5710 1
1389 13.4551 1
1399 12.6947 1
1373 12.6033 1
452 12.5125 0
1364 12.2261 1
1349 12.2080 0
1388 12.1783 1
1398 12.1615 1
1358 11.7455 1
1337 11.5821 0
1395 11.4824 1
1355 11.1675 1
1313 11.1517 0
652 10.8835 0
1366 10.5580 1
1378 10.5462 1
879 10.5146 0
1614 10.4226 0
1384 10.4084 1
1361 10.2186 1
1274 10.1967 0
1611 10.0676 0
1662 10.0615 0
1597 10.0133 0
1138 9.8051 0
346 9.7982 0
975 9.6753 0
1686 9.6628 0
658 9.6556 0
1146 9.5471 0
1391 9.5314 1
676 9.4525 0
1671 9.2490 0
691 9.1305 0
1677 9.0753 0
1633 9.0221 0
1557 9.0134 0
775 8.9135 0
1509 8.8521 0
1699 8.8005 0
404 8.7448 0
1304 8.7049 0
1521 8.6700 0
1626 8.6315 0
659 8.6225 0
1680 8.5785 0
314 8.4684 0
1357 8.4009 1
1527 8.3981 0
1363 8.3198 1
653 8.2101 0
792 8.1949 0
1352 8.1699 1
665 8.0563 0
1390 8.0493 1
1360 8.0309 1
1370 8.0260 1
1692 7.9451 0
873 7.9251 0
688 7.8487 0
1632 7.7141 0
1487 7.7130 0
1774 7.6664 0
1694 7.5905 0
1691 7.5398 0
1201 7.5340 0
1523 7.5246 0
856 7.5148 0
449 7.4738 0
654 7.4449 0
1531 7.4363 0
571 7.4241 0
1651 7.3923 0
1375 7.3460 1
1301 7.3273 0
1379 7.3101 1
1645 7.3083 0
1396 7.2915 1
1385 7.2812 1
867 7.2521 0
1544 7.2148 0
420 7.2027 0
746 7.1966 0
1941 7.1597 0
1495 7.1554 0
855 7.1326 0
1354 7.1262 1
730 7.0963 0
1766 7.0879 0
1350 7.0487 1
882 7.0443 0
1548 7.0365 0
1392 7.0293 1
671 7.0021 0
1371 7.0016 1
40 6.9923 0
1655 6.9703 0
1550 6.9374 0
1502 6.8845 0
1672 6.8775 0
1306 6.8734 0
1554 6.8548 0
1511 6.8439 0
1058 6.8014 0
655 6.7917 0
1634 6.7877 0
1652 6.7634 0
673 6.7362 0
1346 6.7332 0
854 6.6762 0
1348 6.6731 0
373 6.6717 0
1372 6.6467 1
1603 6.6170 0
1515 6.6118 0
1612 6.6003 0
1482 6.5972 0
1547 6.5937 0
731 6.5915 0
1582 6.5767 0
1654 6.5433 0
1353 6.5110 1
662 6.5013 0
1060 6.4806 0
1532 6.4704 0
950 6.4663 0
1480 6.4651 0
1659 6.4571 0
684 6.4546 0
989 6.3875 0
852 6.3857 0
1663 6.3794 0
860 6.3390 0
503 6.3040 0
1221 6.2916 0
733 6.2901 0
1673 6.2866 0
1689 6.2755 0
589 6.1902 0
1758 6.1291 0
1326 6.1284 0
656 6.0832 0
533 6.0801 0
1461 6.0784 0
419 6.0211 0
1121 6.0193 0
887 6.0005 0
1560 5.9944 0
675 5.9687 0
1693 5.9359 0
1479 5.8946 0
685 5.8765 0
866 5.8651 0
680 5.8629 0
410 5.8486 0
1561 5.8417 0
1240 5.8337 0
1273 5.8122 0
670 5.8024 0
1394 5.8022 1
478 5.7903 0
756 5.7857 0
1147 5.7841 0
1525 5.7405 0
878 5.7177 0
1498 5.7057 0
1433 5.7003 0
1223 5.6789 0
1027 5.6701 0
1635 5.6567 0
1658 5.6241 0
1518 5.6182 0
1311 5.6060 0
1656 5.6049 0
1466 5.5975 0
889 5.5669 0
1552 5.5340 0
623 5.5222 0
1678 5.5144 0
1422 5.5038 0
1607 5.4994 0
1549 5.4984 0
689 5.4865 0
1519 5.4864 0
1653 5.4848 0
1047 5.4523 0
797 5.4421 0
841 5.4402 0
1510 5.4354 0
1465 5.4230 0
415 5.4106 0
768 5.3944 0
1471 5.3939 0
1464 5.3793 0
1675 5.3685 0
1093 5.3625 0
668 5.3364 0
1606 5.3286 0
744 5.2847 0
1657 5.2627 0
751 5.2478 0
1646 5.2366 0
1451 5.2197 0
1107 5.2127 0
486 5.2066 0
717 5.1665 0
316 5.1644 0
1302 5.1603 0
1578 5.1327 0
1623 5.1319 0
1343 5.1126 0
1119 5.1124 0
1617 5.1123 0
469 5.0879 0
341 5.0459 0
1059 5.0369 0
529 5.0364 0
576 5.0219 0
1577 4.9796 0
311 4.9724 0
359 4.9696 0
876 4.9640 0
1526 4.9611 0
1754 4.9542 0
812 4.9402 0
1007 4.9346 0
1455 4.9223 0
1517 4.9187 0
1536 4.8996 0
762 4.8749 0
1443 4.8671 0
1695 4.8658 0
1750 4.8583 0
651 4.8377 0
972 4.8154 0
1696 4.8130 0
1328 4.8072 0
672 4.8067 0
343 4.8001 0
1340 4.7923 0
1684 4.7894 0
1190 4.7889 0
354 4.7843 0
1493 4.7814 0
1277 4.7811 0
1224 4.7584 0
1543 4.7551 0
308 4.7437 0
1377 4.7347 1
506 4.7308 0
1760 4.7094 0
1317 4.7052 0
1288 4.7047 0
1063 4.6954 0
719 4.6940 0
1484 4.6933 0
1494 4.6929 0
1559 4.6901 0
1332 4.6895 0
1323 4.6871 0
1679 4.6815 0
1308 4.6623 0
63 4.6590 0
1228 4.6294 0
572 4.6159 0
1476 4.5965 0
307 4.5840 0
1249 4.5816 0
552 4.5770 0
745 4.5762 0
726 4.5734 0
521 4.5711 0
1356 4.5623 1
1450 4.5557 0
696 4.5509 0
1486 4.5461 0
405 4.5342 0
444 4.5214 0
1780 4.5200 0
903 4.5137 0
1382 4.5004 1
563 4.4983 0
1690 4.4852 0
843 4.4757 0
556 4.4756 0
1246 4.4633 0
890 4.4630 0
1514 4.4559 0
722 4.4544 0
578 4.4537 0
488 4.4484 0
1574 4.4483 0
1269 4.4440 0
1533 4.4342 0
433 4.4315 0
1458 4.4280 0
1055 4.4278 0
543 4.4208 0
1238 4.4199 0
1583 4.4164 0
1041 4.4081 0
1565 4.3978 0
666 4.3796 0
1068 4.3707 0
1752 4.3679 0
201 4.3636 0
1681 4.3577 0
877 4.3400 0
795 4.3255 0
1263 4.3090 0
1144 4.3066 0
1473 4.3017 0
1413 4.2873 0
562 4.2835 0
723 4.2807 0
1260 4.2790 0
1625 4.2560 0
1796 4.2501 0
1650 4.2198 0
1134 4.2191 0
360 4.2090 0
1207 4.2020 0
417 4.1996 0
967 4.1770 0
957 4.1733 0
1045 4.1647 0
1157 4.1529 0
1687 4.1476 0
1630 4.1448 0
1082 4.1379 0
1530 4.1353 0
1296 4.1303 0
1783 4.1203 0
1092 4.1073 0
678 4.1058 0
1334 4.0986 0
1298 4.0880 0
1503 4.0803 0
892 4.0717 0
1537 4.0693 0
1596 4.0617 0
1402 4.0542 0
539 4.0514 0
1149 4.0376 0
348 4.0323 0
398 4.0302 0
958 4.0195 0
1669 4.0164 0
48 4.0141 0
1090 4.0040 0
1307 3.9977 0
1215 3.9973 0
303 3.9916 0
1096 3.9867 0
1244 3.9726 0
1268 3.9725 0
862 3.9668 0
1771 3.9654 0
416 3.9561 0
808 3.9455 0
1520 3.9273 0
1919 3.9167 0
1365 3.8835 1
1643 3.8470 0
1516 3.8434 0
573 3.8388 0
880 3.8387 0
1393 3.8320 1
1216 3.8318 0
1491 3.8268 0
779 3.8259 0
1255 3.8218 0
1456 3.8188 0
1499 3.8025 0
1235 3.7894 0
709 3.7883 0
1615 3.7842 0
585 3.7837 0
1336 3.7618 0
773 3.7613 0
1460 3.7447 0
1376 3.7360 1
1194 3.7328 0
470 3.7202 0
49 3.7146 0
1504 3.7105 0
800 3.6999 0
1237 3.6956 0
1541 3.6914 0
43 3.6893 0
335 3.6883 0
1500 3.6825 0
986 3.6823 0
1177 3.6821 0
569 3.6803 0
1605 3.6719 0
705 3.6650 0
1642 3.6612 0
1281 3.6550 0
1287 3.6310 0
1124 3.6297 0
614 3.6287 0
1599 3.6251 0
681 3.6228 0
568 3.6163 0
1767 3.6082 0
1534 3.6050 0
1670 3.6021 0
891 3.5996 0
788 3.5975 0
1911 3.5956 0
1022 3.5930 0
86 3.5855 0
1330 3.5827 0
1838 3.5724 0
1948 3.5661 0
1683 3.5660 0
1647 3.5551 0
664 3.5400 0
1245 3.5348 0
1289 3.5312 0
693 3.5282 0
1444 3.5274 0
1497 3.5154 0
1778 3.5118 0
732 3.5041 0
495 3.4986 0
1736 3.4986 0
780 3.4976 0
1524 3.4928 0
1478 3.4858 0
1383 3.4828 1
1566 3.4712 0
554 3.4697 0
630 3.4687 0
1319 3.4661 0
1206 3.4589 0
964 3.4478 0
1258 3.4441 0
695 3.4379 0
1407 3.4278 0
690 3.4237 0
347 3.4217 0
1620 3.4132 0
1229 3.4102 0
41 3.4083 0
1837 3.4067 0
871 3.4012 0
1347 3.3910 0
1542 3.3716 0
1564 3.3700 0
702 3.3698 0
1161 3.3662 0
394 3.3658 0
984 3.3600 0
580 3.3548 0
1137 3.3509 0
438 3.3488 0
1609 3.3487 0
988 3.3384 0
997 3.3378 0
1324 3.3268 0
1243 3.3204 0
814 3.3158 0
1427 3.3064 0
407 3.3033 0
857 3.2927 0
1475 3.2921 0
1772 3.2833 0
1209 3.2819 0
1685 3.2800 0
712 3.2713 0
52 3.2709 0
515 3.2706 0
790 3.2702 0
1285 3.2697 0
1222 3.2664 0
376 3.2532 0
1861 3.2524 0
1457 3.2522 0
382 3.2489 0
1162 3.2477 0
893 3.2369 0
1584 3.2326 0
1939 3.2276 0
584 3.2272 0
1882 3.2271 0
669 3.2239 0
1214 3.2089 0
1095 3.2067 0
1528 3.2034 0
485 3.2003 0
858 3.1925 0
332 3.1846 0
677 3.1834 0
1129 3.1694 0
1040 3.1632 0
1869 3.1540 0
835 3.1537 0
874 3.1500 0
1551 3.1442 0
1572 3.1395 0
1513 3.1344 0
1637 3.1281 0
1649 3.1262 0
998 3.1139 0
557 3.1038 0
1936 3.0889 0
1430 3.0773 0
1251 3.0741 0
736 3.0725 0
660 3.0717 0
1792 3.0673 0
1088 3.0569 0
657 3.0532 0
1127 3.0531 0
1417 3.0381 0
619 3.0368 0
1489 3.0267 0
1454 3.0176 0
340 3.0140 0
1629 3.0039 0
992 2.9977 0
1753 2.9829 0
883 2.9828 0
1286 2.9777 0
324 2.9666 0
765 2.9620 0
1613 2.9579 0
1122 2.9512 0
616 2.9460 0
1661 2.9413 0
1290 2.9302 0
1881 2.9224 0
1512 2.9208 0
241 2.9146 0
1621 2.9143 0
1638 2.9056 0
440 2.8946 0
342 2.8913 0
853 2.8848 0
401 2.8819 0
1556 2.8810 0
1598 2.8724 0
574 2.8702 0
1923 2.8680 0
364 2.8678 0
1061 2.8603 0
1079 2.8596 0
441 2.8595 0
1131 2.8523 0
1333 2.8473 0
14 2.8430 0
512 2.8421 0
1724 2.8377 0
248 2.8278 0
306 2.8196 0
1387 2.8180 1
888 2.8153 0
759 2.8099 0
869 2.8082 0
1602 2.8065 0
1467 2.8014 0
566 2.7940 0
1676 2.7911 0
1210 2.7902 0
1908 2.7822 0
1114 2.7822 0
1588 2.7799 0
1462 2.7754 0
387 2.7649 0
1327 2.7602 0
1664 2.7553 0
587 2.7460 0
559 2.7430 0
1135 2.7427 0
1247 2.7424 0
1571 2.7418 0
349 2.7366 0
570 2.7329 0
1009 2.7310 0
1723 2.7298 0
1506 2.7129 0
502 2.7127 0
993 2.7118 0
1118 2.7083 0
1076 2.7070 0
1505 2.7058 0
1416 2.7052 0
1660 2.7030 0
445 2.6990 0
1001 2.6894 0
1282 2.6863 0
1600 2.6835 0
1470 2.6712 0
1303 2.6583 0
1873 2.6536 0
1262 2.6532 0
791 2.6531 0
1341 2.6487 0
750 2.6472 0
1331 2.6466 0
590 2.6402 0
1928 2.6389 0
301 2.6330 0
378 2.6314 0
1029 2.6292 0
824 2.6241 0
1905 2.6178 0
1879 2.6125 0
849 2.6118 0
457 2.6098 0
588 2.5943 0
1925 2.5807 0
894 2.5768 0
94 2.5703 0
1555 2.5688 0
1896 2.5616 0
535 2.5568 0
1017 2.5495 0
1768 2.5491 0
434 2.5475 0
1668 2.5403 0
1425 2.5382 0
772 2.5289 0
1447 2.5161 0
699 2.5029 0
1011 2.4982 0
615 2.4824 0
896 2.4773 0
1485 2.4761 0
482 2.4638 0
1453 2.4580 0
1003 2.4436 0
1168 2.4400 0
942 2.4356 0
742 2.4334 0
353 2.4220 0
577 2.4166 0
1562 2.4109 0
414 2.4101 0
1927 2.4099 0
1231 2.4090 0
716 2.4067 0
1439 2.3985 0
631 2.3967 0
1259 2.3924 0
803 2.3884 0
368 2.3822 0
810 2.3816 0
868 2.3789 0
1434 2.3750 0
1062 2.3701 0
418 2.3697 0
944 2.3685 0
446 2.3607 0
1616 2.3603 0
1031 2.3598 0
1463 2.3513 0
1159 2.3468 0
310 2.3422 0
1015 2.3397 0
752 2.3387 0
825 2.3288 0
1010 2.3280 0
1535 2.3266 0
1115 2.3193 0
513 2.3044 0
497 2.3039 0
904 2.3030 0
938 2.3018 0
805 2.3013 0
365 2.2960 0
1481 2.2908 0
1428 2.2897 0
1294 2.2888 0
663 2.2852 0
875 2.2787 0
932 2.2708 0
1586 2.2661 0
1469 2.2660 0
300 2.2657 0
1733 2.2587 0
1415 2.2583 0
553 2.2535 0
546 2.2508 0
694 2.2496 0
642 2.2471 0
1759 2.2462 0
13 2.2435 0
361 2.2359 0
741 2.2335 0
885 2.2326 0
1810 2.2323 0
1083 2.2256 0
1204 2.2241 0
555 2.2124 0
994 2.2106 0
1057 2.2033 0
861 2.2014 0
339 2.2004 0
1318 2.1998 0
1227 2.1992 0
1220 2.1954 0
650 2.1922 0
844 2.1876 0
991 2.1852 0
391 2.1836 0
1342 2.1751 0
737 2.1622 0
337 2.1570 0
1592 2.1560 0
1580 2.1506 0
1631 2.1473 0
377 2.1389 0
923 2.1372 0
44 2.1371 0
1070 2.1365 0
1769 2.1345 0
389 2.1313 0
864 2.1309 0
830 2.1263 0
747 2.1203 0
1816 2.1185 0
1405 2.1168 0
592 2.1139 0
1338 2.0993 0
357 2.0935 0
940 2.0853 0
338 2.0821 0
167 2.0805 0
1191 2.0777 0
397 2.0775 0
1688 2.0767 0
796 2.0750 0
1315 2.0741 0
1929 2.0730 0
395 2.0708 0
541 2.0628 0
848 2.0612 0
204 2.0542 0
813 2.0500 0
1033 2.0495 0
233 2.0434 0
1233 2.0336 0
1116 2.0318 0
1248 2.0283 0
532 2.0265 0
491 2.0232 0
1309 2.0192 0
1314 2.0189 0
1587 2.0177 0
811 2.0129 0
815 2.0126 0
1072 2.0092 0
1639 1.9988 0
1412 1.9948 0
798 1.9841 0
448 1.9777 0
29 1.9742 0
50 1.9707 0
396 1.9700 0
1795 1.9700 0
206 1.9679 0
264 1.9661 0
821 1.9571 0
567 1.9566 0
1284 1.9553 0
801 1.9531 0
319 1.9466 0
1546 1.9344 0
999 1.9342 0
424 1.9241 0
622 1.9154 0
1410 1.9105 0
1069 1.9089 0
1674 1.9082 0
1030 1.9067 0
1591 1.9058 0
42 1.9053 0
64 1.9014 0
1133 1.9004 0
371 1.8960 0
1140 1.8885 0
1039 1.8873 0
1622 1.8821 0
350 1.8731 0
1212 1.8719 0
679 1.8688 0
1569 1.8609 0
1035 1.8597 0
20 1.8579 0
1608 1.8574 0
558 1.8539 0
1344 1.8531 0
1935 1.8517 0
367 1.8457 0
384 1.8440 0
1477 1.8433 0
1023 1.8398 0
523 1.8391 0
507 1.8318 0
133 1.8298 0
1110 1.8273 0
608 1.8228 0
953 1.8208 0
1171 1.8188 0
1834 1.8137 0
1213 1.8105 0
593 1.8057 0
930 1.8042 0
1610 1.7966 0
820 1.7961 0
1746 1.7957 0
1111 1.7953 0
1299 1.7885 0
1573 1.7821 0
240 1.7817 0
1667 1.7813 0
960 1.7769 0
456 1.7741 0
1397 1.7741 1
313 1.7635 0
1545 1.7508 0
111 1.7493 0
1904 1.7485 0
909 1.7473 0
549 1.7410 0
1418 1.7354 0
1098 1.7351 0
1827 1.7348 0
1275 1.7345 0
91 1.7317 0
67 1.7201 0
1801 1.7111 0
385 1.7103 0
409 1.7099 0
1404 1.6957 0
807 1.6927 0
838 1.6914 0
859 1.6903 0
379 1.6895 0
777 1.6843 0
804 1.6778 0
1446 1.6753 0
1529 1.6745 0
551 1.6717 0
973 1.6713 0
870 1.6663 0
954 1.6657 0
323 1.6630 0
643 1.6590 0
817 1.6583 0
582 1.6547 0
1053 1.6521 0
1757 1.6463 0
955 1.6444 0
1636 1.6438 0
7 1.6395 0
1735 1.6393 0
1802 1.6385 0
1025 1.6348 0
6 1.6328 0
1568 1.6273 0
1073 1.6186 0
1081 1.6178 0
1264 1.6136 0
1943 1.6124 0
1310 1.6101 0
318 1.6093 0
329 1.6087 0
479 1.6084 0
919 1.6072 0
1784 1.6059 0
962 1.6029 0
969 1.5931 0
1718 1.5917 0
1791 1.5803 0
1424 1.5762 0
1705 1.5761 0
687 1.5750 0
721 1.5587 0
1644 1.5586 0
1522 1.5575 0
1339 1.5523 0
718 1.5500 0
1052 1.5497 0
1776 1.5458 0
748 1.5444 0
33 1.5423 0
833 1.5356 0
806 1.5349 0
408 1.5335 0
436 1.5330 0
19 1.5322 0
1091 1.5291 0
1538 1.5269 0
724 1.5241 0
661 1.5222 0
968 1.5176 0
738 1.5151 0
1697 1.5134 0
1883 1.5099 0
1253 1.5051 0
1770 1.5015 0
1236 1.5012 0
1619 1.4990 0
979 1.4962 0
1665 1.4945 0
345 1.4943 0
370 1.4859 0
1563 1.4853 0
943 1.4847 0
971 1.4847 0
1028 1.4837 0
536 1.4805 0
1501 1.4795 0
530 1.4774 0
388 1.4769 0
2 1.4714 0
1593 1.4614 0
330 1.4579 0
1226 1.4575 0
1200 1.4558 0
981 1.4514 0
1640 1.4491 0
505 1.4440 0
356 1.4431 0
727 1.4424 0
1280 1.4423 0
1508 1.4418 0
1648 1.4280 0
380 1.4218 0
1099 1.4215 0
527 1.4199 0
834 1.4182 0
706 1.4174 0
1018 1.4162 0
1316 1.4162 0
509 1.4135 0
1442 1.4115 0
633 1.4105 0
425 1.4077 0
1187 1.4061 0
1756 1.4007 0
1755 1.3991 0
816 1.3970 0
743 1.3964 0
474 1.3961 0
399 1.3895 0
598 1.3880 0
1867 1.3863 0
1078 1.3857 0
1038 1.3830 0
928 1.3830 0
1934 1.3793 0
1329 1.3747 0
355 1.3630 0
487 1.3595 0
597 1.3566 0
579 1.3537 0
325 1.3502 0
1049 1.3449 0
1540 1.3420 0
363 1.3390 0
413 1.3381 0
789 1.3381 0
897 1.3367 0
1725 1.3356 0
1747 1.3356 0
1345 1.3321 0
1150 1.3305 0
565 1.3267 0
369 1.3245 0
1916 1.3233 0
508 1.3213 0
1992 1.3186 0
1272 1.3176 0
25 1.3155 0
24 1.3108 0
1218 1.3062 0
1449 1.3060 0
34 1.3047 0
1933 1.3025 0
89 1.3023 0
1702 1.3018 0
959 1.2948 0
884 1.2932 0
403 1.2920 0
302 1.2914 0
1278 1.2909 0
442 1.2893 0
390 1.2865 0
447 1.2839 0
58 1.2836 0
667 1.2792 0
30 1.2790 0
1991 1.2776 0
1016 1.2773 0
1208 1.2718 0
466 1.2677 0
383 1.2651 0
1907 1.2603 0
439 1.2587 0
1915 1.2584 0
1032 1.2562 0
423 1.2519 0
504 1.2482 0
392 1.2410 0
1241 1.2337 0
476 1.2331 0
284 1.2298 0
674 1.2294 0
84 1.2284 0
465 1.2247 0
1182 1.2244 0
15 1.2242 0
1590 1.2221 0
47 1.2189 0
277 1.2138 0
331 1.2130 0
1790 1.2086 0
290 1.2023 0
1845 1.1968 0
429 1.1920 0
59 1.1911 0
1589 1.1846 0
1406 1.1780 0
581 1.1779 0
707 1.1774 0
1276 1.1667 0
1219 1.1667 0
826 1.1656 0
1064 1.1646 0
1008 1.1624 0
1595 1.1587 0
1734 1.1544 0
898 1.1536 0
1765 1.1530 0
1202 1.1419 0
1567 1.1387 0
1234 1.1355 0
1180 1.1331 0
714 1.1326 0
38 1.1321 0
1579 1.1320 0
607 1.1272 0
596 1.1263 0
970 1.1232 0
1034 1.1209 0
1604 1.1159 0
1178 1.1078 0
794 1.1047 0
626 1.1009 0
1558 1.0991 0
1627 1.0959 0
75 1.0941 0
1910 1.0914 0
1957 1.0873 0
548 1.0865 0
525 1.0852 0
1737 1.0847 0
586 1.0792 0
839 1.0792 0
783 1.0704 0
980 1.0612 0
1870 1.0581 0
327 1.0544 0
1900 1.0506 0
829 1.0477 0
1087 1.0447 0
464 1.0419 0
1851 1.0408 0
12 1.0388 0
1799 1.0387 0
528 1.0379 0
1086 1.0378 0
239 1.0339 0
1751 1.0318 0
254 1.0317 0
520 1.0304 0
799 1.0270 0
518 1.0256 0
328 1.0243 0
498 1.0238 0
1829 1.0223 0
757 1.0214 0
82 1.0081 0
956 1.0074 0
1553 1.0015 0
847 0.9980 0
1997 0.9943 0
802 0.9844 0
475 0.9795 0
1401 0.9726 0
1108 0.9705 0
1292 0.9684 0
56 0.9638 0
1507 0.9538 0
432 0.9471 0
686 0.9404 0
1894 0.9390 0
381 0.9358 0
1474 0.9333 0
320 0.9332 0
496 0.9302 0
725 0.9266 0
845 0.9242 0
1863 0.9231 0
933 0.9152 0
1833 0.9072 0
426 0.8940 0
1704 0.8932 0
977 0.8912 0
69 0.8890 0
710 0.8884 0
334 0.8849 0
1101 0.8820 0
982 0.8803 0
842 0.8768 0
238 0.8735 0
1875 0.8699 0
1117 0.8656 0
1862 0.8621 0
1420 0.8608 0
865 0.8582 0
237 0.8582 0
1917 0.8519 0
850 0.8478 0
1728 0.8394 0
317 0.8372 0
1012 0.8366 0
545 0.8347 0
1411 0.8298 0
230 0.8286 0
692 0.8235 0
1014 0.8166 0
236 0.8123 0
1320 0.8099 0
73 0.8076 0
1496 0.7970 0
1000 0.7954 0
1252 0.7875 0
1225 0.7866 0
758 0.7823 0
461 0.7821 0
534 0.7786 0
1839 0.7743 0
715 0.7675 0
1846 0.7671 0
1807 0.7668 0
1618 0.7597 0
965 0.7552 0
473 0.7512 0
1196 0.7392 0
645 0.7387 0
358 0.7376 0
1918 0.7224 0
537 0.7217 0
1721 0.7177 0
83 0.7172 0
754 0.7082 0
1483 0.6993 0
1872 0.6970 0
103 0.6883 0
1472 0.6840 0
1128 0.6837 0
72 0.6824 0
375 0.6766 0
793 0.6684 0
1797 0.6554 0
214 0.6552 0
1261 0.6505 0
344 0.6486 0
591 0.6455 0
1293 0.6409 0
641 0.6397 0
1996 0.6329 0
1906 0.6262 0
352 0.6249 0
1074 0.6164 0
1666 0.6143 0
1152 0.6123 0
1026 0.6061 0
1203 0.6059 0
17 0.6040 0
234 0.6022 0
454 0.5830 0
753 0.5808 0
1199 0.5792 0
1154 0.5745 0
782 0.5744 0
713 0.5637 0
1682 0.5636 0
1143 0.5629 0
1967 0.5599 0
480 0.5588 0
98 0.5574 0
1297 0.5560 0
93 0.5498 0
1312 0.5492 0
1857 0.5478 0
1188 0.5468 0
1426 0.5442 0
245 0.5441 0
996 0.5415 0
1279 0.5393 0
32 0.5352 0
463 0.5327 0
1042 0.5305 0
924 0.5281 0
1719 0.5262 0
1151 0.5205 0
1762 0.5160 0
151 0.5097 0
787 0.5081 0
66 0.5074 0
647 0.5015 0
985 0.5012 0
366 0.5006 0
1429 0.4962 0
761 0.4893 0
749 0.4844 0
1242 0.4762 0
211 0.4758 0
697 0.4748 0
1806 0.4742 0
274 0.4670 0
182 0.4643 0
698 0.4629 0
1136 0.4627 0
1988 0.4622 0
649 0.4566 0
682 0.4560 0
494 0.4559 0
1322 0.4558 0
362 0.4493 0
1459 0.4443 0
604 0.4433 0
595 0.4426 0
644 0.4421 0
267 0.4361 0
1539 0.4330 0
406 0.4312 0
770 0.4270 0
484 0.4231 0
1641 0.4210 0
412 0.4201 0
106 0.4191 0
517 0.4132 0
1858 0.4008 0
53 0.3967 0
158 0.3964 0
1744 0.3924 0
1205 0.3889 0
1403 0.3872 0
1763 0.3846 0
431 0.3823 0
3 0.3818 0
786 0.3776 0
703 0.3770 0
1435 0.3728 0
1184 0.3725 0
1186 0.3720 0
1956 0.3716 0
1853 0.3673 0
1239 0.3617 0
1217 0.3517 0
823 0.3491 0
531 0.3482 0
1148 0.3431 0
243 0.3408 0
1946 0.3353 0
594 0.3302 0
1085 0.3281 0
1051 0.3241 0
683 0.3220 0
109 0.3199 0
427 0.3169 0
1156 0.3139 0
1968 0.3029 0
1050 0.3027 0
1066 0.3007 0
1004 0.3001 0
863 0.2967 0
1909 0.2956 0
766 0.2919 0
1706 0.2876 0
1414 0.2846 0
4 0.2769 0
76 0.2764 0
926 0.2747 0
1166 0.2744 0
1197 0.2633 0
899 0.2542 0
493 0.2530 0
1731 0.2507 0
1601 0.2498 0
1295 0.2480 0
1903 0.2465 0
39 0.2458 0
1448 0.2422 0
952 0.2412 0
1077 0.2403 0
326 0.2301 0
1794 0.2189 0
1947 0.2170 0
922 0.2147 0
1431 0.2060 0
1926 0.2026 0
386 0.1990 0
1492 0.1940 0
1167 0.1938 0
1400 0.1913 0
450 0.1897 0
781 0.1860 0
1976 0.1849 0
1195 0.1838 0
560 0.1790 0
168 0.1636 0
304 0.1513 0
1104 0.1506 0
1793 0.1426 0
1021 0.1359 0
1024 0.1230 0
701 0.1226 0
231 0.0999 0
760 0.0979 0
840 0.0971 0
221 0.0942 0
646 0.0923 0
740 0.0778 0
393 0.0770 0
1708 0.0736 0
459 0.0731 0
785 0.0715 0
28 0.0692 0
336 0.0684 0
575 0.0617 0
74 0.0580 0
900 0.0563 0
77 0.0553 0
210 0.0508 0
599 0.0476 0
1818 0.0455 0
244 0.0390 0
625 0.0139 0
963 0.0103 0
542 0.0086 0
169 0.0077 0
351 0.0068 0
1581 0.0026 0
499 0.0003 0
372 -0.0023 0
925 -0.0060 0
205 -0.0061 0
1120 -0.0104 0
519 -0.0125 0
538 -0.0127 0
1409 -0.0132 0
1892 -0.0164 0
1761 -0.0202 0
8 -0.0204 0
612 -0.0240 0
720 -0.0247 0
1181 -0.0247 0
258 -0.0251 0
627 -0.0277 0
481 -0.0312 0
983 -0.0319 0
1798 -0.0388 0
640 -0.0395 0
516 -0.0400 0
309 -0.0406 0
1005 -0.0508 0
45 -0.0531 0
1575 -0.0639 0
1130 -0.0643 0
1937 -0.0730 0
561 -0.0731 0
1067 -0.0731 0
46 -0.0783 0
1842 -0.0894 0
251 -0.0949 0
92 -0.0966 0
1781 -0.1030 0
1913 -0.1056 0
1211 -0.1128 0
1891 -0.1133 0
1013 -0.1213 0
524 -0.1225 0
920 -0.1278 0
1158 -0.1284 0
945 -0.1308 0
1749 -0.1333 0
755 -0.1370 0
321 -0.1431 0
1709 -0.1461 0
1189 -0.1480 0
1787 -0.1495 0
895 -0.1647 0
1193 -0.1696 0
294 -0.1727 0
1803 -0.1802 0
1830 -0.1804 0
61 -0.1863 0
1726 -0.1864 0
1921 -0.1954 0
1265 -0.2008 0
462 -0.2031 0
1712 -0.2094 0
453 -0.2131 0
1742 -0.2199 0
160 -0.2283 0
1966 -0.2289 0
1840 -0.2294 0
490 -0.2310 0
818 -0.2337 0
1785 -0.2367 0
1145 -0.2401 0
550 -0.2432 0
1707 -0.2447 0
16 -0.2488 0
1438 -0.2573 0
1300 -0.2573 0
443 -0.2624 0
1164 -0.2634 0
917 -0.2662 0
428 -0.2822 0
196 -0.2868 0
1335 -0.2868 0
1468 -0.2941 0
1889 -0.2956 0
97 -0.2960 0
195 -0.2984 0
322 -0.3012 0
172 -0.3043 0
735 -0.3059 0
1932 -0.3089 0
161 -0.3113 0
1732 -0.3164 0
774 -0.3215 0
708 -0.3244 0
846 -0.3253 0
1440 -0.3261 0
5 -0.3302 0
1036 -0.3320 0
96 -0.3335 0
734 -0.3385 0
312 -0.3426 0
1698 -0.3520 0
483 -0.3546 0
1165 -0.3676 0
62 -0.3678 0
526 -0.3850 0
305 -0.3903 0
1878 -0.4035 0
974 -0.4038 0
976 -0.4154 0
70 -0.4155 0
54 -0.4177 0
1788 -0.4201 0
262 -0.4222 0
961 -0.4250 0
1160 -0.4254 0
837 -0.4271 0
1729 -0.4289 0
292 -0.4484 0
1922 -0.4605 0
946 -0.4659 0
1123 -0.4681 0
1944 -0.4751 0
1848 -0.4815 0
1172 -0.4838 0
1419 -0.4839 0
1745 -0.4871 0
255 -0.4996 0
212 -0.5037 0
700 -0.5111 0
929 -0.5124 0
1163 -0.5165 0
88 -0.5167 0
564 -0.5192 0
638 -0.5233 0
1570 -0.5289 0
1176 -0.5295 0
1813 -0.5335 0
1789 -0.5385 0
1805 -0.5403 0
246 -0.5530 0
1490 -0.5560 0
1895 -0.5602 0
68 -0.5698 0
764 -0.5714 0
472 -0.5742 0
915 -0.5774 0
422 -0.5786 0
1488 -0.5805 0
11 -0.5805 0
914 -0.5814 0
881 -0.5815 0
152 -0.5825 0
906 -0.5974 0
1250 -0.6029 0
510 -0.6209 0
402 -0.6213 0
1109 -0.6228 0
1777 -0.6350 0
613 -0.6353 0
1271 -0.6379 0
1730 -0.6445 0
229 -0.6452 0
190 -0.6474 0
609 -0.6504 0
1183 -0.6528 0
156 -0.6547 0
1949 -0.6576 0
179 -0.6589 0
1877 -0.6621 0
634 -0.6658 0
621 -0.6721 0
704 -0.6853 0
31 -0.6940 0
1773 -0.6979 0
611 -0.7041 0
1019 -0.7081 0
232 -0.7106 0
1717 -0.7163 0
1174 -0.7195 0
1924 -0.7287 0
477 -0.7337 0
1859 -0.7498 0
1980 -0.7538 0
1044 -0.7659 0
1914 -0.7735 0
1800 -0.7773 0
281 -0.7824 0
374 -0.7859 0
1585 -0.7871 0
1898 -0.7881 0
1105 -0.7887 0
1902 -0.7948 0
1232 -0.8044 0
1715 -0.8146 0
600 -0.8156 0
1743 -0.8172 0
165 -0.8195 0
51 -0.8199 0
739 -0.8273 0
831 -0.8286 0
1056 -0.8397 0
601 -0.8402 0
629 -0.8420 0
1703 -0.8490 0
827 -0.8512 0
1738 -0.8516 0
458 -0.8522 0
610 -0.8542 0
1432 -0.8544 0
223 -0.8584 0
1809 -0.8587 0
1075 -0.8619 0
1112 -0.8689 0
624 -0.8695 0
26 -0.8722 0
421 -0.8756 0
60 -0.8763 0
1938 -0.8807 0
1106 -0.8814 0
87 -0.8819 0
501 -0.8864 0
1786 -0.9007 0
1173 -0.9010 0
315 -0.9066 0
1065 -0.9130 0
180 -0.9131 0
935 -0.9131 0
648 -0.9150 0
1437 -0.9182 0
1920 -0.9194 0
173 -0.9235 0
118 -0.9287 0
216 -0.9413 0
1820 -0.9477 0
1899 -0.9508 0
544 -0.9539 0
1890 -0.9547 0
1741 -0.9609 0
174 -0.9704 0
1628 -0.9808 0
1856 -0.9810 0
1321 -0.9822 0
27 -0.9829 0
1436 -0.9862 0
1880 -0.9942 0
10 -1.0020 0
836 -1.0020 0
1952 -1.0037 0
1257 -1.0110 0
1097 -1.0160 0
978 -1.0165 0
18 -1.0179 0
1828 -1.0211 0
1710 -1.0226 0
1441 -1.0242 0
1141 -1.0371 0
606 -1.0430 0
9 -1.0467 0
1961 -1.0469 0
126 -1.0584 0
951 -1.0606 0
55 -1.0626 0
207 -1.0642 0
1972 -1.0642 0
921 -1.0670 0
778 -1.0686 0
1037 -1.0717 0
1594 -1.0745 0
632 -1.0779 0
1113 -1.0897 0
1942 -1.0921 0
198 -1.0999 0
242 -1.1037 0
163 -1.1064 0
784 -1.1118 0
177 -1.1136 0
1305 -1.1166 0
947 -1.1188 0
1740 -1.1239 0
763 -1.1256 0
511 -1.1338 0
1931 -1.1384 0
430 -1.1405 0
213 -1.1512 0
1267 -1.1520 0
1998 -1.1537 0
583 -1.1571 0
1048 -1.1607 0
21 -1.1657 0
247 -1.1705 0
1825 -1.1779 0
455 -1.1797 0
1720 -1.1877 0
1993 -1.1939 0
620 -1.1965 0
1080 -1.2084 0
1046 -1.2123 0
1020 -1.2184 0
71 -1.2494 0
1185 -1.2497 0
1270 -1.2545 0
1054 -1.2565 0
1126 -1.2619 0
1266 -1.2634 0
1452 -1.2698 0
266 -1.2711 0
1821 -1.2738 0
822 -1.2753 0
1844 -1.2763 0
1094 -1.2771 0
1102 -1.2858 0
1886 -1.2935 0
618 -1.3127 0
1198 -1.3242 0
939 -1.3269 0
1876 -1.3439 0
166 -1.3443 0
500 -1.3638 0
769 -1.3818 0
222 -1.3839 0
148 -1.3843 0
23 -1.3867 0
1445 -1.3884 0
872 -1.3887 0
102 -1.3898 0
81 -1.3967 0
1576 -1.4097 0
1823 -1.4222 0
1831 -1.4249 0
194 -1.4281 0
1714 -1.4287 0
617 -1.4308 0
57 -1.4438 0
1885 -1.4452 0
937 -1.4517 0
771 -1.4600 0
1835 -1.4601 0
225 -1.4688 0
468 -1.4748 0
1155 -1.4773 0
776 -1.4894 0
636 -1.4973 0
1866 -1.5075 0
146 -1.5079 0
934 -1.5120 0
990 -1.5144 0
1421 -1.5158 0
1871 -1.5284 0
1291 -1.5393 0
1100 -1.5457 0
1727 -1.5642 0
1624 -1.5739 0
1987 -1.5815 0
299 -1.5846 0
639 -1.5875 0
1192 -1.5955 0
1962 -1.5962 0
293 -1.6023 0
1832 -1.6053 0
171 -1.6063 0
185 -1.6125 0
1103 -1.6144 0
966 -1.6234 0
110 -1.6240 0
1722 -1.6387 0
522 -1.6395 0
1964 -1.6442 0
400 -1.6511 0
100 -1.6587 0
218 -1.6599 0
1897 -1.6627 0
936 -1.6689 0
1071 -1.6774 0
927 -1.6954 0
912 -1.6959 0
79 -1.7000 0
235 -1.7142 0
1940 -1.7184 0
1854 -1.7188 0
227 -1.7305 0
916 -1.7496 0
150 -1.7645 0
1716 -1.7661 0
911 -1.7681 0
1739 -1.7691 0
602 -1.7709 0
224 -1.7722 0
1824 -1.7727 0
1865 -1.7855 0
1852 -1.7942 0
1254 -1.7971 0
1782 -1.7983 0
159 -1.8014 0
199 -1.8100 0
283 -1.8154 0
1901 -1.8176 0
1912 -1.8182 0
628 -1.8239 0
170 -1.8336 0
941 -1.8444 0
219 -1.8506 0
1888 -1.8514 0
711 -1.8526 0
1808 -1.8659 0
1002 -1.8668 0
1874 -1.8696 0
1084 -1.8704 0
1779 -1.8753 0
257 -1.8782 0
1089 -1.8794 0
435 -1.8796 0
202 -1.9289 0
208 -1.9325 0
1864 -1.9336 0
1995 -1.9534 0
1953 -1.9547 0
252 -1.9617 0
1713 -1.9659 0
1836 -1.9859 0
1977 -1.9907 0
987 -2.0070 0
605 -2.0087 0
1764 -2.0098 0
1142 -2.0167 0
107 -2.0208 0
603 -2.0401 0
130 -2.0411 0
1893 -2.0420 0
193 -2.0586 0
1711 -2.0687 0
828 -2.0734 0
1132 -2.0992 0
809 -2.1057 0
851 -2.1169 0
1179 -2.1265 0
1139 -2.1299 0
85 -2.1333 0
1256 -2.1401 0
217 -2.1402 0
471 -2.1438 0
995 -2.1537 0
1884 -2.1541 0
105 -2.1547 0
186 -2.1592 0
1153 -2.1808 0
220 -2.1815 0
460 -2.1861 0
1811 -2.1920 0
261 -2.2007 0
145 -2.2110 0
905 -2.2118 0
1973 -2.2255 0
1951 -2.2307 0
108 -2.2345 0
99 -2.2357 0
35 -2.2468 0
137 -2.2493 0
1125 -2.2519 0
913 -2.2569 0
1175 -2.2632 0
65 -2.2707 0
729 -2.2824 0
333 -2.2966 0
95 -2.2990 0
635 -2.3087 0
157 -2.3124 0
1408 -2.3209 0
200 -2.3288 0
902 -2.3415 0
127 -2.3537 0
285 -2.3578 0
728 -2.3757 0
1775 -2.3761 0
1423 -2.3901 0
1860 -2.4027 0
1958 -2.4072 0
948 -2.4184 0
437 -2.4255 0
918 -2.4319 0
451 -2.4487 0
1994 -2.4537 0
1700 -2.4678 0
514 -2.4742 0
467 -2.4887 0
22 -2.4979 0
767 -2.5028 0
1169 -2.5073 0
547 -2.5123 0
1841 -2.5188 0
1748 -2.5359 0
411 -2.5448 0
1043 -2.5474 0
278 -2.5494 0
1170 -2.5496 0
949 -2.5778 0
1855 -2.5888 0
0 -2.6044 0
1887 -2.6156 0
189 -2.6200 0
1804 -2.6242 0
1006 -2.6350 0
197 -2.6375 0
1975 -2.6469 0
228 -2.6479 0
832 -2.6491 0
36 -2.6567 0
1701 -2.6757 0
1 -2.6760 0
291 -2.6808 0
1945 -2.6852 0
265 -2.6857 0
78 -2.7183 0
1963 -2.7228 0
1930 -2.7256 0
138 -2.7578 0
907 -2.7597 0
260 -2.7658 0
1965 -2.7733 0
1983 -2.7890 0
1974 -2.8224 0
1812 -2.8311 0
153 -2.8343 0
1960 -2.8616 0
910 -2.8634 0
637 -2.8852 0
191 -2.9021 0
1849 -2.9022 0
1814 -2.9112 0
1985 -2.9423 0
1989 -2.9473 0
181 -2.9529 0
1982 -2.9719 0
296 -2.9731 0
1817 -2.9747 0
162 -3.0036 0
80 -3.0192 0
184 -3.0211 0
282 -3.0213 0
298 -3.0239 0
1325 -3.0262 0
1981 -3.0265 0
183 -3.0289 0
136 -3.0618 0
931 -3.1111 0
1954 -3.1147 0
273 -3.1375 0
1822 -3.1501 0
1850 -3.1543 0
1955 -3.1564 0
37 -3.1592 0
259 -3.1658 0
295 -3.1882 0
175 -3.1901 0
154 -3.1967 0
268 -3.2455 0
121 -3.2475 0
1999 -3.2619 0
122 -3.2722 0
142 -3.3098 0
1978 -3.3161 0
908 -3.3214 0
901 -3.3266 0
164 -3.3381 0
147 -3.3486 0
192 -3.3830 0
1984 -3.3873 0
1230 -3.3892 0
540 -3.3963 0
1815 -3.3971 0
489 -3.4381 0
1868 -3.4402 0
155 -3.4825 0
269 -3.4973 0
143 -3.5091 0
249 -3.5185 0
1986 -3.5546 0
1843 -3.5616 0
1283 -3.5663 0
132 -3.5988 0
176 -3.6230 0
123 -3.6283 0
819 -3.6506 0
188 -3.6828 0
178 -3.7087 0
209 -3.7175 0
1979 -3.7845 0
1950 -3.8136 0
128 -3.8383 0
215 -3.8397 0
203 -3.8439 0
1959 -3.8686 0
1970 -3.8877 0
253 -3.8879 0
1847 -3.8939 0
117 -4.0170 0
140 -4.0401 0
256 -4.0533 0
263 -4.0580 0
119 -4.0888 0
101 -4.1086 0
297 -4.1108 0
271 -4.1537 0
113 -4.1538 0
276 -4.1596 0
289 -4.1787 0
1990 -4.1829 0
886 -4.2006 0
272 -4.2260 0
124 -4.2332 0
288 -4.2862 0
90 -4.3383 0
187 -4.3545 0
129 -4.3664 0
141 -4.4040 0
131 -4.5700 0
149 -4.6528 0
492 -4.6621 0
1819 -4.6663 0
226 -4.8847 0
1971 -4.9103 0
114 -4.9904 0
287 -5.0088 0
1826 -5.0114 0
286 -5.0900 0
280 -5.1327 0
275 -5.1471 0
116 -5.1554 0
134 -5.1625 0
270 -5.2127 0
135 -5.2238 0
144 -5.2468 0
125 -5.2795 0
250 -5.2812 0
139 -5.3585 0
112 -5.3823 0
1969 -5.4126 0
115 -5.5127 0
279 -5.6149 0
120 -5.6202 0
104 -5.6984 0
