1419 31.0765 1
1421 27.4559 1
1416 24.4253 1
1415 23.9630 1
1420 20.2164 1
1442 19.7106 1
1417 19.4578 1
1431 18.1609 1
1413 17.8397 1
1428 17.7018 1
1403 17.4156 1
1445 17.2128 1
1436 17.1167 1
1423 16.9503 1
1441 16.4467 1
1401 16.0702 1
1437 15.7782 1
1435 15.2697 1
1411 14.9532 1
477 14.8329 0
1412 14.6289 1
1414 14.3705 1
1429 13.8602 1
1443 13.8084 1
1224 13.4552 0
1238 13.4495 0
1433 13.4379 1
1404 13.0419 1
1449 12.7975 1
1438 12.2955 1
1229 12.1971 0
459 11.7415 0
1041 11.6960 0
1440 11.6941 1
1444 11.6335 1
1240 11.5934 0
1217 11.5061 0
563 11.4446 0
1446 11.4217 1
558 11.2773 0
1221 10.6782 0
1426 10.5272 1
579 10.4061 0
1405 10.4016 1
1430 10.3735 1
1448 10.3582 1
1434 10.1447 1
471 10.0932 0
1327 9.8835 0
498 9.8321 0
1200 9.6106 0
592 9.6102 0
1222 8.9126 0
1933 8.8323 0
1432 8.7330 1
562 8.6933 0
489 8.5352 0
1410 8.3975 1
468 8.2656 0
504 8.0776 0
573 8.0757 0
464 8.0575 0
1249 7.9994 0
458 7.9609 0
554 7.9225 0
566 7.7710 0
1991 7.7707 0
473 7.6630 0
1400 7.6469 1
1402 7.6349 1
1247 7.6295 0
455 7.4273 0
1488 7.4165 0
1427 7.1481 1
321 6.9068 0
476 6.8711 0
1235 6.8695 0
1409 6.8416 1
1209 6.7875 0
1470 6.7260 0
1624 6.6386 0
315 6.6001 0
492 6.5591 0
524 6.5279 0
1425 6.5008 1
1649 6.4365 0
1227 6.4296 0
1439 6.2401 1
856 6.2010 0
587 6.1672 0
834 6.1566 0
1080 6.1468 0
1050 6.0565 0
1205 6.0268 0
1085 5.9288 0
1424 5.8485 1
1905 5.8311 0
950 5.7864 0
1248 5.7781 0
538 5.7519 0
1236 5.6673 0
1562 5.6456 0
595 5.5552 0
1816 5.5458 0
729 5.5283 0
812 5.4912 0
898 5.4761 0
482 5.4427 0
1022 5.4258 0
472 5.4030 0
1067 5.3728 0
438 5.2873 0
598 5.2742 0
1253 5.2431 0
589 5.2385 0
1264 5.2271 0
1245 5.1354 0
900 5.0795 0
1208 5.0665 0
1291 5.0649 0
319 4.9586 0
1806 4.9586 0
570 4.9456 0
550 4.9103 0
872 4.8966 0
1319 4.8784 0
1638 4.8644 0
1372 4.8375 0
809 4.8370 0
886 4.8318 0
1648 4.8174 0
73 4.8096 0
488 4.7884 0
1090 4.7878 0
1576 4.7698 0
528 4.7649 0
593 4.7431 0
1254 4.7315 0
1207 4.6817 0
378 4.6760 0
774 4.6267 0
692 4.6165 0
326 4.5978 0
1826 4.5953 0
1467 4.5874 0
1043 4.5810 0
1246 4.5775 0
596 4.5632 0
1228 4.5619 0
526 4.5387 0
1266 4.5230 0
318 4.5226 0
1237 4.5108 0
1954 4.5095 0
1808 4.4972 0
392 4.4828 0
889 4.4699 0
1406 4.4504 1
561 4.4207 0
559 4.4201 0
1323 4.3929 0
1830 4.3928 0
1220 4.3805 0
1201 4.3707 0
346 4.3464 0
1127 4.3429 0
756 4.3397 0
320 4.3267 0
385 4.3142 0
999 4.2848 0
1019 4.2510 0
1447 4.2263 1
388 4.2147 0
1453 4.2136 0
1842 4.1920 0
576 4.1795 0
1501 4.1703 0
1261 4.1652 0
1087 4.1422 0
531 4.1368 0
1239 4.1076 0
1802 4.1001 0
1418 4.0854 1
1305 4.0847 0
1408 4.0771 1
987 4.0737 0
582 4.0701 0
556 4.0644 0
1817 4.0407 0
1007 4.0376 0
1985 4.0286 0
1375 4.0074 0
1296 4.0020 0
986 3.9988 0
337 3.9956 0
491 3.9800 0
501 3.9756 0
1282 3.9484 0
517 3.9479 0
1583 3.9429 0
963 3.9292 0
1065 3.9141 0
1640 3.9116 0
1136 3.8960 0
395 3.8907 0
325 3.8809 0
1181 3.8563 0
1422 3.8544 1
188 3.8435 0
1186 3.8169 0
499 3.8167 0
1069 3.8153 0
557 3.7911 0
1823 3.7774 0
1029 3.7728 0
1813 3.7634 0
1668 3.7537 0
1083 3.7522 0
791 3.7503 0
1591 3.7487 0
490 3.7377 0
586 3.7339 0
588 3.7311 0
1223 3.7254 0
1487 3.7094 0
866 3.7032 0
310 3.6965 0
485 3.6857 0
328 3.6847 0
475 3.6836 0
1062 3.6677 0
1827 3.6550 0
303 3.6492 0
964 3.6449 0
1214 3.6294 0
1857 3.6285 0
322 3.6262 0
828 3.6150 0
1841 3.5876 0
1644 3.5552 0
66 3.5493 0
496 3.5309 0
1838 3.5298 0
1215 3.4935 0
778 3.4899 0
302 3.4823 0
594 3.4690 0
1232 3.4619 0
1212 3.4225 0
1295 3.4134 0
607 3.3964 0
1474 3.3726 0
1298 3.3553 0
1000 3.3531 0
927 3.3442 0
329 3.3358 0
1525 3.3132 0
1380 3.2985 0
1070 3.2865 0
1671 3.2830 0
539 3.2782 0
1012 3.2757 0
1001 3.2667 0
1594 3.2667 0
1893 3.2497 0
1461 3.2449 0
925 3.2401 0
518 3.2298 0
1647 3.2288 0
1865 3.2249 0
1258 3.2105 0
1570 3.2041 0
386 3.1821 0
560 3.1811 0
801 3.1693 0
228 3.1667 0
1475 3.1624 0
1641 3.1559 0
974 3.1511 0
1537 3.1504 0
338 3.1444 0
1158 3.1376 0
1728 3.1355 0
1888 3.1308 0
375 3.1136 0
1075 3.1117 0
1508 3.1098 0
312 3.0924 0
371 3.0817 0
1099 3.0736 0
1231 3.0717 0
1234 3.0703 0
317 3.0601 0
547 3.0464 0
1542 3.0443 0
408 3.0406 0
1003 3.0359 0
871 3.0313 0
943 3.0255 0
300 3.0048 0
1356 3.0028 0
502 2.9922 0
855 2.9816 0
1076 2.9811 0
1786 2.9788 0
444 2.9761 0
824 2.9707 0
1391 2.9604 0
1822 2.9479 0
581 2.9405 0
869 2.9379 0
916 2.9342 0
1868 2.9145 0
122 2.9142 0
575 2.9140 0
1057 2.9123 0
430 2.8998 0
393 2.8991 0
915 2.8908 0
432 2.8782 0
1020 2.8556 0
600 2.8539 0
1676 2.8507 0
1605 2.8451 0
1251 2.8330 0
551 2.8172 0
231 2.8147 0
1883 2.8114 0
568 2.8054 0
544 2.8030 0
1886 2.7928 0
1573 2.7922 0
1572 2.7741 0
235 2.7706 0
1279 2.7522 0
1996 2.7449 0
1093 2.7438 0
1522 2.7427 0
462 2.7330 0
1967 2.7146 0
362 2.7132 0
1627 2.7102 0
249 2.7017 0
803 2.6964 0
1089 2.6877 0
1697 2.6828 0
199 2.6774 0
1969 2.6772 0
1897 2.6744 0
201 2.6513 0
236 2.6463 0
352 2.6425 0
1368 2.6422 0
470 2.6330 0
931 2.6313 0
336 2.6312 0
571 2.6166 0
1073 2.6028 0
1876 2.5904 0
1271 2.5884 0
1225 2.5881 0
344 2.5856 0
1855 2.5850 0
203 2.5838 0
1584 2.5820 0
1074 2.5784 0
1270 2.5682 0
597 2.5511 0
1395 2.5492 0
1890 2.5421 0
1058 2.5341 0
497 2.5262 0
1654 2.4994 0
1353 2.4992 0
930 2.4971 0
311 2.4965 0
905 2.4855 0
1686 2.4834 0
1203 2.4719 0
985 2.4716 0
1955 2.4711 0
860 2.4697 0
355 2.4659 0
796 2.4597 0
1002 2.4483 0
1569 2.4482 0
580 2.4255 0
1011 2.4200 0
370 2.4178 0
169 2.4153 0
1141 2.4081 0
1281 2.4039 0
1280 2.3992 0
1174 2.3862 0
534 2.3777 0
1219 2.3711 0
1056 2.3662 0
1272 2.3595 0
661 2.3584 0
535 2.3573 0
1293 2.3545 0
421 2.3522 0
1642 2.3487 0
419 2.3438 0
590 2.3429 0
1123 2.3277 0
202 2.3213 0
1150 2.3145 0
1202 2.3112 0
382 2.3042 0
894 2.2860 0
1916 2.2843 0
244 2.2690 0
1989 2.2680 0
71 2.2609 0
995 2.2583 0
1880 2.2551 0
1297 2.2458 0
1851 2.2306 0
1072 2.2205 0
1924 2.2139 0
1233 2.2139 0
1588 2.2113 0
946 2.2056 0
1952 2.1981 0
357 2.1918 0
505 2.1813 0
885 2.1747 0
334 2.1711 0
1218 2.1672 0
157 2.1662 0
578 2.1618 0
833 2.1544 0
1998 2.1461 0
1610 2.1329 0
565 2.1300 0
1485 2.1194 0
1518 2.1172 0
1585 2.1156 0
1009 2.1112 0
552 2.1096 0
125 2.1082 0
1464 2.1047 0
764 2.1001 0
225 2.0920 0
483 2.0875 0
449 2.0863 0
510 2.0856 0
1390 2.0809 0
1081 2.0803 0
1360 2.0803 0
248 2.0758 0
942 2.0627 0
862 2.0622 0
1079 2.0522 0
1881 2.0508 0
961 2.0470 0
606 2.0437 0
1818 2.0393 0
717 2.0247 0
1006 2.0099 0
1674 1.9956 0
520 1.9950 0
519 1.9950 0
273 1.9886 0
1755 1.9863 0
776 1.9809 0
1497 1.9783 0
1867 1.9744 0
368 1.9724 0
396 1.9714 0
1289 1.9669 0
837 1.9611 0
682 1.9585 0
750 1.9557 0
1479 1.9545 0
466 1.9412 0
880 1.9331 0
1568 1.9250 0
1589 1.9157 0
1285 1.9126 0
1560 1.9112 0
1772 1.9108 0
1784 1.9072 0
769 1.9053 0
1829 1.9004 0
480 1.8939 0
591 1.8924 0
1762 1.8727 0
1840 1.8726 0
487 1.8722 0
1345 1.8608 0
1084 1.8573 0
1837 1.8552 0
962 1.8522 0
540 1.8508 0
1595 1.8490 0
1494 1.8463 0
670 1.8434 0
1590 1.8428 0
1053 1.8383 0
1460 1.8353 0
358 1.8326 0
1005 1.8291 0
863 1.8241 0
1514 1.8234 0
1393 1.8179 0
1035 1.8108 0
1900 1.8061 0
1577 1.8024 0
1621 1.8024 0
1283 1.8008 0
186 1.7999 0
474 1.7986 0
843 1.7869 0
751 1.7723 0
941 1.7676 0
1052 1.7634 0
481 1.7591 0
937 1.7559 0
693 1.7514 0
1884 1.7459 0
954 1.7418 0
1948 1.7407 0
1992 1.7401 0
895 1.7355 0
1787 1.7134 0
1263 1.7100 0
523 1.7098 0
1308 1.7097 0
875 1.7049 0
1977 1.7031 0
1520 1.7024 0
327 1.6996 0
1343 1.6978 0
238 1.6819 0
365 1.6752 0
1631 1.6737 0
136 1.6728 0
1664 1.6714 0
341 1.6699 0
752 1.6546 0
516 1.6538 0
1274 1.6427 0
1951 1.6417 0
1333 1.6413 0
376 1.6407 0
1060 1.6407 0
858 1.6391 0
494 1.6297 0
1528 1.6289 0
723 1.6279 0
1478 1.6268 0
428 1.6249 0
461 1.6240 0
1131 1.6222 0
200 1.6210 0
1026 1.6177 0
390 1.6063 0
904 1.6031 0
720 1.5933 0
1925 1.5854 0
1861 1.5816 0
1091 1.5808 0
196 1.5802 0
384 1.5782 0
1473 1.5664 0
1484 1.5643 0
529 1.5635 0
958 1.5551 0
771 1.5535 0
679 1.5528 0
1032 1.5381 0
1197 1.5359 0
351 1.5346 0
383 1.5307 0
1622 1.5155 0
1028 1.5150 0
1619 1.5145 0
1313 1.5137 0
1639 1.5102 0
1885 1.5087 0
1179 1.5053 0
827 1.5019 0
511 1.5011 0
1095 1.5011 0
677 1.4844 0
1013 1.4800 0
1936 1.4623 0
148 1.4556 0
1094 1.4491 0
240 1.4434 0
1629 1.4332 0
207 1.4318 0
1913 1.4153 0
460 1.4080 0
850 1.4029 0
241 1.4008 0
825 1.3966 0
224 1.3933 0
1037 1.3933 0
1051 1.3921 0
1828 1.3916 0
883 1.3913 0
914 1.3816 0
339 1.3812 0
564 1.3798 0
1831 1.3796 0
165 1.3742 0
1646 1.3560 0
41 1.3509 0
988 1.3465 0
957 1.3377 0
884 1.3364 0
372 1.3362 0
711 1.3348 0
1265 1.3279 0
1469 1.3222 0
1088 1.3184 0
140 1.3127 0
1365 1.3084 0
1819 1.3072 0
508 1.3042 0
553 1.3033 0
991 1.3021 0
697 1.3012 0
569 1.3008 0
947 1.2965 0
452 1.2961 0
260 1.2896 0
712 1.2820 0
1949 1.2807 0
735 1.2775 0
1082 1.2768 0
1999 1.2713 0
687 1.2644 0
1213 1.2603 0
892 1.2600 0
1255 1.2587 0
1210 1.2545 0
761 1.2542 0
161 1.2524 0
583 1.2458 0
891 1.2330 0
1768 1.2190 0
1847 1.2167 0
1552 1.2153 0
1500 1.2150 0
1814 1.2133 0
398 1.2131 0
1769 1.2127 0
1385 1.2103 0
1863 1.2052 0
1892 1.2003 0
555 1.1964 0
1122 1.1953 0
738 1.1934 0
1976 1.1924 0
374 1.1900 0
1666 1.1857 0
436 1.1848 0
102 1.1816 0
1465 1.1795 0
1025 1.1747 0
1820 1.1743 0
1791 1.1742 0
1492 1.1708 0
969 1.1696 0
781 1.1678 0
859 1.1661 0
1677 1.1595 0
151 1.1578 0
1516 1.1577 0
1010 1.1524 0
567 1.1492 0
1617 1.1476 0
1636 1.1462 0
1907 1.1437 0
1096 1.1430 0
1736 1.1375 0
1504 1.1362 0
313 1.1339 0
664 1.1325 0
1796 1.1211 0
1048 1.1206 0
1192 1.1194 0
525 1.1069 0
1637 1.1063 0
1049 1.1057 0
1920 1.1052 0
1554 1.1045 0
1262 1.0993 0
549 1.0987 0
1493 1.0986 0
1559 1.0985 0
686 1.0983 0
1317 1.0922 0
1549 1.0902 0
1538 1.0885 0
356 1.0857 0
377 1.0786 0
762 1.0739 0
265 1.0711 0
479 1.0688 0
349 1.0675 0
208 1.0649 0
572 1.0630 0
177 1.0604 0
1450 1.0506 0
434 1.0427 0
1869 1.0369 0
1397 1.0282 0
1773 1.0269 0
1068 1.0254 0
387 1.0199 0
227 1.0082 0
953 1.0079 0
209 1.0034 0
746 0.9916 0
176 0.9912 0
65 0.9881 0
1593 0.9851 0
1623 0.9821 0
909 0.9789 0
1513 0.9768 0
934 0.9745 0
1244 0.9687 0
274 0.9591 0
784 0.9588 0
1604 0.9550 0
389 0.9543 0
1567 0.9512 0
826 0.9506 0
467 0.9493 0
1546 0.9473 0
17 0.9459 0
218 0.9421 0
851 0.9419 0
206 0.9402 0
314 0.9365 0
1152 0.9315 0
167 0.9250 0
215 0.9186 0
166 0.9182 0
478 0.9145 0
1616 0.9064 0
1789 0.9014 0
1739 0.8959 0
1856 0.8942 0
1533 0.8940 0
1859 0.8870 0
646 0.8842 0
1978 0.8783 0
1194 0.8708 0
1853 0.8658 0
1144 0.8621 0
450 0.8617 0
1805 0.8582 0
617 0.8549 0
1463 0.8539 0
980 0.8421 0
127 0.8328 0
1284 0.8318 0
823 0.8304 0
442 0.8291 0
1941 0.8286 0
411 0.8277 0
1962 0.8266 0
1693 0.8222 0
928 0.8210 0
1563 0.8200 0
1799 0.8189 0
1660 0.8113 0
1625 0.8107 0
1540 0.8103 0
1529 0.8076 0
1016 0.8040 0
106 0.8009 0
758 0.7996 0
1898 0.7942 0
1145 0.7941 0
1794 0.7939 0
1599 0.7938 0
1505 0.7887 0
605 0.7873 0
1303 0.7847 0
1745 0.7839 0
401 0.7830 0
667 0.7795 0
1329 0.7782 0
1286 0.7768 0
718 0.7766 0
242 0.7729 0
1496 0.7676 0
1690 0.7600 0
830 0.7541 0
1187 0.7481 0
739 0.7463 0
1606 0.7408 0
799 0.7376 0
1054 0.7346 0
1267 0.7286 0
1341 0.7270 0
1995 0.7256 0
1958 0.7251 0
47 0.7203 0
1077 0.7197 0
807 0.7179 0
1206 0.7078 0
429 0.7052 0
162 0.7027 0
896 0.7020 0
1216 0.6984 0
1630 0.6972 0
820 0.6953 0
1811 0.6947 0
379 0.6884 0
1021 0.6874 0
168 0.6843 0
1226 0.6829 0
1358 0.6803 0
380 0.6800 0
1586 0.6789 0
542 0.6780 0
1260 0.6736 0
881 0.6717 0
1530 0.6688 0
1502 0.6671 0
1854 0.6657 0
1848 0.6654 0
1661 0.6614 0
1047 0.6607 0
1178 0.6606 0
1340 0.6603 0
737 0.6580 0
1040 0.6549 0
1618 0.6478 0
1804 0.6472 0
1326 0.6467 0
156 0.6462 0
1164 0.6435 0
1979 0.6404 0
133 0.6358 0
1803 0.6326 0
841 0.6277 0
1027 0.6271 0
515 0.6248 0
484 0.6193 0
984 0.6171 0
1140 0.6133 0
1349 0.5969 0
1919 0.5925 0
772 0.5884 0
754 0.5878 0
1355 0.5863 0
1046 0.5798 0
1275 0.5761 0
1988 0.5722 0
1503 0.5707 0
391 0.5706 0
307 0.5682 0
1132 0.5669 0
332 0.5667 0
1055 0.5644 0
753 0.5619 0
1871 0.5536 0
1911 0.5512 0
1904 0.5463 0
420 0.5423 0
1515 0.5410 0
1609 0.5402 0
1825 0.5381 0
1973 0.5350 0
847 0.5326 0
704 0.5303 0
1211 0.5302 0
1350 0.5237 0
507 0.5194 0
1966 0.5157 0
1086 0.5145 0
719 0.5132 0
184 0.5095 0
821 0.5086 0
1277 0.5077 0
842 0.5055 0
367 0.5000 0
1268 0.4978 0
956 0.4976 0
714 0.4953 0
835 0.4930 0
1507 0.4888 0
1387 0.4702 0
852 0.4687 0
1110 0.4665 0
715 0.4632 0
1543 0.4594 0
1100 0.4525 0
1982 0.4489 0
1269 0.4451 0
966 0.4397 0
6 0.4372 0
899 0.4338 0
1662 0.4337 0
1887 0.4332 0
409 0.4331 0
1824 0.4274 0
129 0.4256 0
1711 0.4255 0
101 0.4242 0
1767 0.4192 0
1929 0.4134 0
324 0.4108 0
1120 0.4087 0
1667 0.4081 0
400 0.4027 0
1575 0.4010 0
1004 0.3995 0
1858 0.3914 0
119 0.3908 0
724 0.3902 0
1940 0.3829 0
1695 0.3768 0
1866 0.3765 0
112 0.3685 0
1874 0.3677 0
1472 0.3631 0
1722 0.3606 0
394 0.3605 0
806 0.3536 0
1318 0.3520 0
448 0.3427 0
763 0.3340 0
601 0.3274 0
1551 0.3190 0
1832 0.2985 0
1862 0.2959 0
1807 0.2897 0
1860 0.2890 0
219 0.2862 0
158 0.2795 0
972 0.2769 0
1407 0.2726 1
0 0.2713 0
882 0.2680 0
1875 0.2674 0
1974 0.2664 0
994 0.2624 0
345 0.2620 0
111 0.2604 0
1257 0.2596 0
1063 0.2590 0
48 0.2576 0
304 0.2561 0
990 0.2556 0
373 0.2512 0
87 0.2508 0
323 0.2465 0
1975 0.2450 0
1839 0.2348 0
335 0.2346 0
810 0.2177 0
222 0.2125 0
194 0.2074 0
1953 0.2074 0
180 0.2058 0
1034 0.2028 0
316 0.2013 0
1981 0.1978 0
1078 0.1977 0
245 0.1942 0
268 0.1938 0
211 0.1935 0
1788 0.1878 0
713 0.1864 0
968 0.1853 0
210 0.1761 0
1781 0.1746 0
1689 0.1733 0
1776 0.1720 0
1114 0.1683 0
759 0.1682 0
1579 0.1681 0
1835 0.1609 0
650 0.1582 0
903 0.1527 0
416 0.1513 0
1199 0.1509 0
1971 0.1462 0
364 0.1435 0
622 0.1413 0
1670 0.1380 0
463 0.1374 0
1795 0.1353 0
1545 0.1338 0
1495 0.1268 0
967 0.1256 0
1566 0.1251 0
1607 0.1242 0
154 0.1185 0
640 0.1152 0
243 0.1144 0
1895 0.1116 0
887 0.1078 0
1383 0.1038 0
1553 0.1016 0
152 0.1010 0
1650 0.0966 0
1873 0.0936 0
397 0.0928 0
955 0.0873 0
760 0.0845 0
170 0.0838 0
1315 0.0828 0
309 0.0816 0
1527 0.0788 0
108 0.0786 0
1512 0.0759 0
1511 0.0722 0
1956 0.0710 0
1984 0.0683 0
213 0.0679 0
707 0.0676 0
1381 0.0669 0
1031 0.0668 0
137 0.0616 0
1097 0.0599 0
150 0.0568 0
978 0.0546 0
147 0.0519 0
1779 0.0449 0
1039 0.0388 0
1017 0.0338 0
1741 0.0327 0
88 0.0278 0
522 0.0239 0
1168 0.0231 0
932 0.0213 0
836 0.0081 0
1620 0.0047 0
1462 0.0018 0
1310 -0.0033 0
1608 -0.0047 0
952 -0.0059 0
543 -0.0072 0
437 -0.0080 0
399 -0.0110 0
1334 -0.0118 0
36 -0.0123 0
1658 -0.0144 0
431 -0.0147 0
545 -0.0149 0
1292 -0.0190 0
251 -0.0231 0
548 -0.0283 0
1877 -0.0329 0
1373 -0.0339 0
1066 -0.0361 0
1183 -0.0381 0
1726 -0.0423 0
743 -0.0449 0
1134 -0.0462 0
1524 -0.0480 0
1709 -0.0494 0
1752 -0.0522 0
160 -0.0567 0
512 -0.0598 0
813 -0.0608 0
1800 -0.0755 0
1335 -0.0778 0
1038 -0.0802 0
918 -0.0804 0
993 -0.0819 0
1970 -0.0836 0
1932 -0.0850 0
1922 -0.0869 0
1392 -0.0887 0
1459 -0.0957 0
1304 -0.0986 0
602 -0.1021 0
647 -0.1022 0
839 -0.1032 0
109 -0.1076 0
935 -0.1091 0
944 -0.1131 0
1626 -0.1133 0
1798 -0.1138 0
873 -0.1170 0
417 -0.1281 0
625 -0.1349 0
1477 -0.1442 0
1783 -0.1452 0
361 -0.1466 0
1972 -0.1472 0
1154 -0.1487 0
68 -0.1514 0
893 -0.1549 0
1714 -0.1549 0
530 -0.1591 0
1322 -0.1654 0
1756 -0.1659 0
1499 -0.1686 0
278 -0.1710 0
742 -0.1714 0
1600 -0.1741 0
912 -0.1748 0
456 -0.1811 0
1204 -0.1825 0
1815 -0.1839 0
1092 -0.1856 0
1544 -0.1876 0
1189 -0.1878 0
262 -0.1970 0
1378 -0.2007 0
130 -0.2015 0
465 -0.2050 0
655 -0.2073 0
703 -0.2076 0
800 -0.2078 0
1276 -0.2114 0
333 -0.2131 0
1015 -0.2159 0
782 -0.2164 0
521 -0.2236 0
608 -0.2302 0
848 -0.2336 0
1681 -0.2354 0
347 -0.2371 0
849 -0.2374 0
1307 -0.2400 0
1059 -0.2403 0
1539 -0.2523 0
708 -0.2537 0
628 -0.2598 0
1946 -0.2602 0
230 -0.2603 0
1821 -0.2612 0
353 -0.2614 0
426 -0.2644 0
1309 -0.2679 0
705 -0.2749 0
1456 -0.2801 0
1601 -0.2804 0
1909 -0.2808 0
1332 -0.2809 0
306 -0.2879 0
495 -0.2881 0
1852 -0.2900 0
865 -0.2919 0
817 -0.2924 0
350 -0.2926 0
811 -0.3022 0
1615 -0.3027 0
877 -0.3043 0
960 -0.3058 0
1846 -0.3096 0
445 -0.3119 0
1937 -0.3126 0
788 -0.3144 0
1751 -0.3184 0
1042 -0.3228 0
1915 -0.3236 0
1321 -0.3293 0
220 -0.3338 0
1105 -0.3356 0
425 -0.3362 0
138 -0.3364 0
190 -0.3373 0
1935 -0.3498 0
1188 -0.3508 0
1184 -0.3515 0
159 -0.3515 0
414 -0.3568 0
308 -0.3641 0
381 -0.3643 0
1036 -0.3700 0
1014 -0.3723 0
1550 -0.3725 0
1635 -0.3727 0
1582 -0.3806 0
62 -0.3836 0
85 -0.3860 0
330 -0.3887 0
1193 -0.3913 0
698 -0.3926 0
1324 -0.3977 0
1342 -0.4007 0
929 -0.4009 0
846 -0.4023 0
100 -0.4028 0
1466 -0.4028 0
1548 -0.4105 0
574 -0.4149 0
1509 -0.4171 0
205 -0.4213 0
938 -0.4248 0
42 -0.4281 0
363 -0.4290 0
197 -0.4304 0
695 -0.4314 0
1526 -0.4336 0
453 -0.4395 0
1986 -0.4407 0
577 -0.4421 0
1764 -0.4438 0
1914 -0.4442 0
527 -0.4467 0
804 -0.4475 0
1878 -0.4500 0
340 -0.4524 0
876 -0.4571 0
1843 -0.4629 0
1018 -0.4676 0
770 -0.4698 0
1850 -0.4712 0
1347 -0.4734 0
732 -0.4767 0
1792 -0.4792 0
802 -0.4835 0
1778 -0.4848 0
951 -0.4938 0
734 -0.4939 0
173 -0.4955 0
1481 -0.4992 0
1314 -0.5026 0
120 -0.5034 0
1394 -0.5059 0
1491 -0.5078 0
1536 -0.5106 0
348 -0.5125 0
45 -0.5176 0
1910 -0.5187 0
1633 -0.5198 0
1983 -0.5226 0
1581 -0.5241 0
1614 -0.5279 0
1987 -0.5309 0
1451 -0.5383 0
819 -0.5385 0
21 -0.5408 0
1119 -0.5514 0
1964 -0.5590 0
1632 -0.5609 0
710 -0.5726 0
187 -0.5728 0
992 -0.5762 0
1742 -0.5768 0
1044 -0.5782 0
1571 -0.5795 0
1558 -0.5808 0
214 -0.5826 0
1592 -0.5850 0
615 -0.5857 0
144 -0.5913 0
1172 -0.5954 0
1945 -0.5957 0
1241 -0.6019 0
149 -0.6022 0
1994 -0.6098 0
624 -0.6102 0
1682 -0.6103 0
683 -0.6156 0
43 -0.6164 0
546 -0.6190 0
1754 -0.6197 0
920 -0.6217 0
1139 -0.6233 0
1 -0.6241 0
155 -0.6317 0
301 -0.6386 0
1775 -0.6429 0
814 -0.6432 0
922 -0.6435 0
1118 -0.6479 0
907 -0.6481 0
343 -0.6518 0
632 -0.6604 0
1980 -0.6616 0
233 -0.6626 0
701 -0.6666 0
1724 -0.6698 0
1587 -0.6718 0
857 -0.6747 0
1809 -0.6779 0
777 -0.6805 0
965 -0.6841 0
1045 -0.6849 0
1191 -0.6865 0
1531 -0.6881 0
1033 -0.6955 0
1138 -0.6962 0
1793 -0.7013 0
1061 -0.7015 0
832 -0.7037 0
181 -0.7053 0
1476 -0.7088 0
706 -0.7103 0
768 -0.7150 0
500 -0.7168 0
845 -0.7181 0
1535 -0.7187 0
815 -0.7205 0
1645 -0.7249 0
1198 -0.7269 0
1396 -0.7357 0
1346 -0.7396 0
621 -0.7401 0
1180 -0.7420 0
3 -0.7423 0
910 -0.7431 0
117 -0.7432 0
996 -0.7561 0
792 -0.7576 0
1452 -0.7598 0
212 -0.7620 0
959 -0.7646 0
584 -0.7720 0
1517 -0.7722 0
945 -0.7723 0
1628 -0.7767 0
728 -0.7778 0
854 -0.7827 0
786 -0.7856 0
1683 -0.7891 0
1810 -0.7912 0
626 -0.7948 0
1250 -0.7955 0
1918 -0.7961 0
636 -0.7979 0
105 -0.7981 0
908 -0.8032 0
1471 -0.8066 0
919 -0.8087 0
645 -0.8129 0
1367 -0.8148 0
153 -0.8152 0
191 -0.8160 0
1906 -0.8218 0
933 -0.8225 0
1348 -0.8230 0
1685 -0.8238 0
1389 -0.8275 0
179 -0.8276 0
840 -0.8324 0
660 -0.8347 0
1960 -0.8362 0
1700 -0.8415 0
982 -0.8428 0
410 -0.8442 0
1386 -0.8461 0
1243 -0.8476 0
1704 -0.8491 0
506 -0.8495 0
1691 -0.8528 0
405 -0.8532 0
1643 -0.8591 0
709 -0.8627 0
1252 -0.8689 0
1713 -0.8719 0
264 -0.8719 0
1780 -0.8753 0
514 -0.8759 0
195 -0.8794 0
685 -0.8827 0
145 -0.8838 0
69 -0.8869 0
1777 -0.8878 0
1185 -0.8886 0
237 -0.8914 0
366 -0.8923 0
1357 -0.8929 0
1872 -0.8970 0
1071 -0.9006 0
1950 -0.9017 0
247 -0.9064 0
1278 -0.9067 0
1963 -0.9093 0
360 -0.9110 0
114 -0.9152 0
256 -0.9185 0
1879 -0.9229 0
1833 -0.9265 0
172 -0.9267 0
1300 -0.9347 0
1669 -0.9355 0
1707 -0.9360 0
24 -0.9381 0
1613 -0.9402 0
997 -0.9410 0
668 -0.9438 0
1482 -0.9452 0
1162 -0.9497 0
1901 -0.9499 0
785 -0.9512 0
354 -0.9575 0
1344 -0.9577 0
84 -0.9614 0
1684 -0.9630 0
740 -0.9676 0
755 -0.9688 0
1457 -0.9700 0
1379 -0.9707 0
131 -0.9771 0
1943 -0.9777 0
204 -0.9794 0
1167 -0.9810 0
730 -0.9877 0
844 -0.9891 0
1541 -0.9949 0
537 -1.0003 0
189 -1.0006 0
52 -1.0009 0
1142 -1.0033 0
1931 -1.0049 0
1155 -1.0061 0
1273 -1.0091 0
1030 -1.0097 0
766 -1.0139 0
1927 -1.0281 0
1993 -1.0297 0
853 -1.0302 0
749 -1.0350 0
404 -1.0360 0
536 -1.0369 0
666 -1.0393 0
1311 -1.0394 0
1687 -1.0462 0
38 -1.0483 0
1534 -1.0487 0
725 -1.0490 0
789 -1.0507 0
1902 -1.0533 0
185 -1.0536 0
175 -1.0591 0
1758 -1.0619 0
726 -1.0625 0
924 -1.0676 0
1957 -1.0679 0
433 -1.0684 0
439 -1.0734 0
721 -1.0851 0
1708 -1.0904 0
113 -1.0907 0
948 -1.0925 0
1596 -1.0952 0
1766 -1.0957 0
906 -1.0963 0
221 -1.0991 0
1256 -1.1027 0
657 -1.1064 0
1990 -1.1071 0
1161 -1.1084 0
192 -1.1088 0
1564 -1.1096 0
1968 -1.1106 0
254 -1.1135 0
1166 -1.1201 0
643 -1.1327 0
1287 -1.1338 0
1171 -1.1413 0
1703 -1.1567 0
229 -1.1594 0
1555 -1.1633 0
1611 -1.1689 0
1294 -1.1721 0
757 -1.1723 0
639 -1.1737 0
37 -1.1758 0
699 -1.1774 0
1836 -1.1870 0
1864 -1.1876 0
1942 -1.1949 0
864 -1.1949 0
1899 -1.1987 0
1316 -1.2032 0
1336 -1.2107 0
533 -1.2128 0
1961 -1.2137 0
174 -1.2140 0
681 -1.2164 0
1603 -1.2197 0
861 -1.2205 0
503 -1.2286 0
867 -1.2318 0
722 -1.2336 0
1785 -1.2338 0
103 -1.2339 0
767 -1.2414 0
1455 -1.2448 0
1894 -1.2464 0
1870 -1.2477 0
926 -1.2498 0
116 -1.2499 0
1384 -1.2553 0
1146 -1.2563 0
981 -1.2563 0
1729 -1.2574 0
1312 -1.2584 0
1849 -1.2614 0
674 -1.2693 0
1242 -1.2696 0
1760 -1.2735 0
921 -1.2738 0
1759 -1.2768 0
1770 -1.2807 0
1483 -1.2829 0
1743 -1.2850 0
1064 -1.2903 0
139 -1.2979 0
1454 -1.2984 0
403 -1.3003 0
132 -1.3038 0
1480 -1.3050 0
1363 -1.3060 0
733 -1.3072 0
780 -1.3126 0
1498 -1.3169 0
1891 -1.3181 0
1692 -1.3315 0
424 -1.3405 0
1556 -1.3405 0
246 -1.3413 0
9 -1.3446 0
1328 -1.3544 0
1578 -1.3570 0
913 -1.3622 0
949 -1.3637 0
1930 -1.3687 0
1761 -1.3713 0
1750 -1.3755 0
1331 -1.3782 0
1182 -1.3800 0
1921 -1.3870 0
888 -1.3883 0
1371 -1.3928 0
1738 -1.3938 0
292 -1.3939 0
1230 -1.3986 0
110 -1.4031 0
1124 -1.4040 0
989 -1.4087 0
441 -1.4097 0
1903 -1.4124 0
787 -1.4141 0
198 -1.4159 0
92 -1.4273 0
90 -1.4277 0
1612 -1.4299 0
1602 -1.4302 0
74 -1.4363 0
126 -1.4406 0
890 -1.4416 0
1098 -1.4452 0
620 -1.4511 0
1382 -1.4554 0
879 -1.4575 0
1659 -1.4639 0
1896 -1.4655 0
662 -1.4722 0
369 -1.4760 0
70 -1.4765 0
1782 -1.4794 0
427 -1.4799 0
1519 -1.4816 0
1290 -1.4816 0
975 -1.4821 0
35 -1.4881 0
1306 -1.4961 0
1190 -1.4979 0
8 -1.5029 0
1749 -1.5100 0
1938 -1.5183 0
22 -1.5236 0
1506 -1.5241 0
1923 -1.5257 0
46 -1.5271 0
289 -1.5273 0
1753 -1.5308 0
1354 -1.5351 0
80 -1.5370 0
939 -1.5382 0
255 -1.5393 0
1652 -1.5423 0
1719 -1.5449 0
1165 -1.5503 0
1710 -1.5636 0
1521 -1.5648 0
104 -1.5656 0
422 -1.5669 0
619 -1.5684 0
1111 -1.5822 0
266 -1.5852 0
290 -1.5854 0
983 -1.5916 0
267 -1.5964 0
818 -1.6015 0
748 -1.6016 0
618 -1.6083 0
118 -1.6095 0
91 -1.6152 0
1757 -1.6175 0
727 -1.6197 0
651 -1.6289 0
1675 -1.6314 0
656 -1.6326 0
702 -1.6347 0
226 -1.6348 0
1727 -1.6355 0
831 -1.6381 0
44 -1.6398 0
1947 -1.6432 0
783 -1.6442 0
822 -1.6510 0
1597 -1.6520 0
731 -1.6609 0
634 -1.6686 0
977 -1.6714 0
1339 -1.6728 0
744 -1.6793 0
451 -1.6864 0
1917 -1.6879 0
700 -1.6916 0
163 -1.6952 0
1912 -1.7007 0
1672 -1.7016 0
7 -1.7047 0
649 -1.7125 0
121 -1.7186 0
1364 -1.7211 0
970 -1.7220 0
27 -1.7278 0
911 -1.7312 0
280 -1.7323 0
1148 -1.7342 0
1734 -1.7386 0
89 -1.7433 0
623 -1.7436 0
1679 -1.7459 0
86 -1.7482 0
690 -1.7665 0
1701 -1.7675 0
1195 -1.7679 0
635 -1.7733 0
1737 -1.7742 0
1812 -1.7799 0
83 -1.7813 0
1156 -1.7829 0
1369 -1.7858 0
798 -1.7863 0
1486 -1.7982 0
53 -1.8027 0
998 -1.8108 0
902 -1.8140 0
1008 -1.8164 0
1696 -1.8241 0
1678 -1.8244 0
107 -1.8271 0
665 -1.8291 0
1288 -1.8313 0
1523 -1.8406 0
868 -1.8416 0
1731 -1.8532 0
1112 -1.8560 0
829 -1.8566 0
1160 -1.8682 0
745 -1.8695 0
297 -1.8713 0
1170 -1.8782 0
1889 -1.8797 0
443 -1.8801 0
1351 -1.8872 0
1126 -1.8893 0
1175 -1.8906 0
616 -1.8987 0
18 -1.9028 0
680 -1.9081 0
765 -1.9154 0
26 -1.9160 0
1147 -1.9246 0
234 -1.9247 0
287 -1.9273 0
878 -1.9278 0
1926 -1.9306 0
1399 -1.9439 0
1844 -1.9508 0
1361 -1.9522 0
435 -1.9656 0
917 -1.9687 0
342 -1.9719 0
631 -1.9730 0
446 -1.9792 0
276 -1.9810 0
1490 -1.9839 0
279 -1.9843 0
599 -1.9868 0
39 -1.9925 0
305 -1.9931 0
216 -1.9933 0
1320 -1.9951 0
1129 -1.9985 0
644 -2.0053 0
253 -2.0118 0
611 -2.0124 0
1177 -2.0285 0
164 -2.0315 0
797 -2.0317 0
223 -2.0347 0
736 -2.0367 0
716 -2.0479 0
1845 -2.0524 0
1125 -2.0667 0
1746 -2.0698 0
182 -2.0712 0
541 -2.0715 0
54 -2.0749 0
457 -2.0761 0
285 -2.0775 0
469 -2.0881 0
816 -2.0927 0
671 -2.0939 0
1763 -2.0973 0
124 -2.0985 0
1790 -2.1010 0
1376 -2.1018 0
1908 -2.1031 0
870 -2.1070 0
747 -2.1073 0
1159 -2.1100 0
1580 -2.1166 0
1705 -2.1188 0
1458 -2.1220 0
33 -2.1287 0
359 -2.1387 0
1882 -2.1406 0
793 -2.1444 0
1565 -2.1451 0
1574 -2.1493 0
295 -2.1591 0
1939 -2.1628 0
1121 -2.1720 0
232 -2.1734 0
897 -2.1820 0
976 -2.1828 0
178 -2.1840 0
805 -2.1876 0
1665 -2.1981 0
794 -2.2133 0
672 -2.2161 0
1115 -2.2185 0
1698 -2.2207 0
55 -2.2209 0
1765 -2.2216 0
402 -2.2296 0
193 -2.2309 0
673 -2.2319 0
331 -2.2354 0
258 -2.2372 0
1510 -2.2411 0
663 -2.2418 0
1797 -2.2513 0
95 -2.2602 0
513 -2.2628 0
610 -2.2760 0
284 -2.2796 0
1362 -2.2807 0
1699 -2.2848 0
1959 -2.2891 0
676 -2.2975 0
1723 -2.3018 0
808 -2.3027 0
57 -2.3134 0
1398 -2.3179 0
1733 -2.3426 0
58 -2.3467 0
10 -2.3473 0
652 -2.3504 0
28 -2.3512 0
99 -2.3531 0
1117 -2.3621 0
440 -2.3652 0
286 -2.3653 0
79 -2.3849 0
61 -2.3969 0
11 -2.4081 0
415 -2.4156 0
1598 -2.4212 0
642 -2.4220 0
1720 -2.4263 0
658 -2.4306 0
790 -2.4381 0
5 -2.4418 0
1547 -2.4488 0
98 -2.4493 0
259 -2.4496 0
1716 -2.4524 0
2 -2.4526 0
1301 -2.4528 0
1359 -2.4562 0
1663 -2.4600 0
141 -2.4624 0
412 -2.4733 0
217 -2.4749 0
1634 -2.4776 0
1104 -2.4778 0
135 -2.4784 0
795 -2.4785 0
637 -2.4795 0
1366 -2.4813 0
694 -2.4846 0
493 -2.4942 0
653 -2.4968 0
25 -2.4977 0
1944 -2.4990 0
973 -2.5073 0
1688 -2.5094 0
688 -2.5177 0
630 -2.5200 0
1259 -2.5207 0
612 -2.5211 0
296 -2.5218 0
1717 -2.5339 0
1655 -2.5377 0
979 -2.5479 0
1735 -2.5497 0
123 -2.5527 0
281 -2.5527 0
1997 -2.5597 0
454 -2.5662 0
1834 -2.5682 0
613 -2.5711 0
143 -2.5714 0
49 -2.5751 0
1024 -2.5838 0
614 -2.5952 0
257 -2.6012 0
1330 -2.6031 0
1113 -2.6032 0
239 -2.6143 0
901 -2.6241 0
629 -2.6284 0
779 -2.6296 0
1377 -2.6377 0
134 -2.6490 0
1928 -2.6492 0
1680 -2.6601 0
696 -2.6632 0
19 -2.6764 0
299 -2.6780 0
1169 -2.7043 0
23 -2.7096 0
1153 -2.7295 0
1128 -2.7302 0
1302 -2.7364 0
1771 -2.7477 0
923 -2.7480 0
20 -2.7650 0
1370 -2.7660 0
261 -2.7721 0
81 -2.7721 0
1106 -2.7739 0
16 -2.8048 0
1725 -2.8079 0
1747 -2.8079 0
183 -2.8097 0
15 -2.8287 0
1023 -2.8427 0
1137 -2.8451 0
269 -2.8492 0
741 -2.8623 0
1557 -2.8753 0
1774 -2.8767 0
641 -2.8823 0
270 -2.8855 0
72 -2.8888 0
1337 -2.8913 0
609 -2.8975 0
838 -2.8982 0
82 -2.8999 0
971 -2.9003 0
1299 -2.9093 0
115 -2.9098 0
1388 -2.9213 0
1374 -2.9245 0
874 -2.9286 0
603 -2.9369 0
678 -2.9657 0
64 -2.9682 0
51 -2.9710 0
418 -2.9780 0
627 -2.9863 0
78 -3.0032 0
291 -3.0054 0
1706 -3.0142 0
675 -3.0291 0
413 -3.0309 0
1561 -3.0368 0
406 -3.0378 0
298 -3.0382 0
29 -3.0553 0
59 -3.0602 0
1702 -3.0731 0
585 -3.1172 0
1173 -3.1232 0
1740 -3.1272 0
128 -3.1359 0
1163 -3.1534 0
1744 -3.1659 0
684 -3.1706 0
283 -3.1866 0
1656 -3.1982 0
1673 -3.2126 0
12 -3.2273 0
1196 -3.2391 0
76 -3.2458 0
1732 -3.2659 0
50 -3.2812 0
1149 -3.3072 0
1712 -3.3081 0
34 -3.3136 0
423 -3.3264 0
407 -3.3363 0
31 -3.3392 0
1107 -3.3416 0
638 -3.3487 0
936 -3.3501 0
32 -3.3507 0
93 -3.3592 0
1694 -3.3782 0
146 -3.4239 0
1151 -3.4408 0
509 -3.4427 0
1934 -3.4444 0
1657 -3.4487 0
648 -3.4595 0
940 -3.4637 0
171 -3.4683 0
63 -3.4914 0
775 -3.5005 0
252 -3.5041 0
532 -3.5275 0
1338 -3.5440 0
40 -3.5771 0
1157 -3.5793 0
1325 -3.5894 0
277 -3.6007 0
1468 -3.6208 0
1532 -3.6296 0
691 -3.6432 0
1133 -3.6746 0
1653 -3.6978 0
282 -3.7135 0
659 -3.7150 0
1352 -3.7410 0
486 -3.7459 0
1715 -3.7828 0
1965 -3.7994 0
689 -3.8438 0
60 -3.8497 0
1108 -3.8511 0
1801 -3.8589 0
288 -3.8739 0
97 -3.9273 0
250 -3.9413 0
1101 -3.9601 0
13 -3.9693 0
272 -3.9937 0
67 -4.0046 0
263 -4.0130 0
94 -4.0414 0
669 -4.0657 0
275 -4.0733 0
271 -4.0784 0
1176 -4.1172 0
1116 -4.1490 0
77 -4.1495 0
293 -4.1747 0
30 -4.1969 0
447 -4.2090 0
654 -4.2158 0
604 -4.2517 0
96 -4.2599 0
633 -4.2786 0
1130 -4.3533 0
1103 -4.4612 0
4 -4.5710 0
142 -4.5943 0
14 -4.6540 0
773 -4.6799 0
75 -4.8469 0
1748 -4.8531 0
1730 -4.9228 0
56 -4.9749 0
1135 -4.9942 0
1721 -5.0117 0
1109 -5.0644 0
1489 -5.1351 0
1718 -5.1739 0
1143 -5.2012 0
294 -5.7620 0
1651 -5.8251 0
1102 -6.9325 0
