1504 24.5649 1
1536 21.2140 1
1525 19.7797 1
1533 19.4911 1
1523 18.7313 1
1527 18.4822 1
1516 18.4375 1
1503 18.4157 1
1511 18.3070 1
1514 18.1246 1
1500 17.7256 1
1510 17.6254 1
1515 16.9254 1
1544 16.8820 1
1531 16.7922 1
684 16.5992 0
1542 15.6553 1
1543 15.5963 1
1512 15.5410 1
1520 14.8930 1
1538 14.5787 1
1509 14.5779 1
1535 14.4055 1
1539 14.2748 1
1526 14.0225 1
1528 13.4486 1
1560 13.1203 0
1529 13.0658 1
1597 13.0630 0
1548 13.0619 1
1517 13.0236 1
1586 12.6153 0
1534 12.4127 1
1521 12.3657 1
671 12.2504 0
1541 12.1666 1
680 11.8351 0
673 11.8297 0
1522 11.7648 1
1518 11.6052 1
1559 11.4932 0
1578 11.3773 0
1552 11.1984 0
1546 11.1669 1
1540 11.1275 1
1530 10.9959 1
1507 10.9092 1
1519 10.8843 1
1596 10.8809 0
1582 10.7820 0
1506 10.7543 1
1547 10.7520 1
690 10.6745 0
1458 10.5419 0
1771 10.1889 0
1577 10.0728 0
1550 9.9605 0
1589 9.7802 0
1568 9.7172 0
1671 9.5256 0
1537 9.3840 1
1556 9.1013 0
1513 8.9545 1
1587 8.8062 0
1471 8.5956 0
1571 8.5554 0
1598 8.3978 0
398 8.3349 0
1524 8.2815 1
1574 8.2307 0
1498 8.1718 0
1450 8.1406 0
355 8.0464 0
1588 8.0254 0
1532 7.8232 1
1505 7.7843 1
1611 7.5448 0
1572 7.5405 0
1563 7.4221 0
1579 7.3821 0
1625 7.3565 0
691 7.3389 0
1398 7.3247 0
1493 7.2449 0
1654 7.1428 0
1355 7.0415 0
950 7.0215 0
651 7.0212 0
670 6.9987 0
696 6.9829 0
1583 6.9816 0
1593 6.9149 0
1566 6.8484 0
521 6.8304 0
965 6.7526 0
1637 6.6996 0
1482 6.6379 0
290 6.5847 0
1353 6.5503 0
17 6.5502 0
1623 6.5498 0
656 6.4091 0
1487 6.4008 0
1648 6.3949 0
1584 6.3334 0
653 6.2807 0
1591 6.1114 0
1599 6.0008 0
1551 5.9050 0
1569 5.9038 0
679 5.8879 0
1478 5.7850 0
1565 5.7488 0
1774 5.7441 0
1606 5.7155 0
61 5.6758 0
1647 5.6694 0
1508 5.6643 1
1622 5.5805 0
463 5.4941 0
1678 5.4616 0
1638 5.4425 0
1495 5.4092 0
1576 5.3808 0
1680 5.3595 0
1750 5.3144 0
1590 5.2975 0
1675 5.2300 0
1274 5.2051 0
654 5.2033 0
381 5.1620 0
1545 5.1351 1
1690 5.1333 0
1689 5.1250 0
677 5.1022 0
976 5.0884 0
1499 5.0854 0
1454 5.0228 0
1464 5.0123 0
1134 4.9973 0
1549 4.9753 1
1382 4.9674 0
462 4.9496 0
1595 4.9320 0
1694 4.9270 0
1554 4.9189 0
1465 4.8904 0
657 4.8839 0
1617 4.8409 0
1737 4.8402 0
1629 4.8274 0
1352 4.8232 0
1555 4.7643 0
1672 4.7340 0
1361 4.6759 0
1557 4.6457 0
305 4.6289 0
1635 4.6203 0
1575 4.5977 0
1090 4.5954 0
1562 4.5435 0
1594 4.4526 0
1195 4.4501 0
1790 4.4299 0
1612 4.4191 0
1767 4.3819 0
1792 4.3794 0
666 4.3712 0
1350 4.3465 0
1626 4.3384 0
40 4.3285 0
1581 4.3271 0
1463 4.2994 0
1476 4.2942 0
1614 4.2564 0
1497 4.2450 0
1298 4.2308 0
1615 4.2256 0
1461 4.2225 0
1564 4.1322 0
1663 4.1203 0
1561 4.1192 0
1570 4.0985 0
69 4.0983 0
1651 4.0855 0
1607 4.0621 0
1184 4.0545 0
1580 4.0318 0
1255 4.0224 0
1456 4.0222 0
1473 3.8951 0
1485 3.8381 0
1688 3.8273 0
1447 3.8236 0
1616 3.8208 0
1491 3.7969 0
1687 3.7797 0
1479 3.7755 0
1177 3.7742 0
258 3.7638 0
850 3.7589 0
1492 3.7526 0
1979 3.7484 0
655 3.7383 0
399 3.7361 0
1573 3.7348 0
304 3.7287 0
1460 3.7204 0
964 3.6976 0
1486 3.6963 0
1457 3.6860 0
1558 3.6793 0
39 3.6731 0
1639 3.6485 0
1674 3.6393 0
1297 3.6388 0
89 3.6072 0
1470 3.5839 0
1451 3.5781 0
451 3.5694 0
1182 3.5429 0
1467 3.5174 0
1632 3.4895 0
1032 3.4887 0
1649 3.4772 0
382 3.4758 0
1991 3.4595 0
1592 3.4384 0
999 3.4072 0
380 3.3907 0
1502 3.3779 1
1388 3.3499 0
1624 3.3496 0
1480 3.3234 0
676 3.2717 0
1658 3.2633 0
293 3.2379 0
93 3.2325 0
255 3.2123 0
688 3.2034 0
1459 3.1690 0
1488 3.1566 0
972 3.1557 0
524 3.1241 0
947 3.0986 0
658 3.0927 0
723 3.0891 0
1734 3.0873 0
912 3.0565 0
1602 3.0493 0
1653 3.0287 0
659 3.0200 0
689 3.0143 0
1699 3.0111 0
630 3.0054 0
59 2.9971 0
662 2.9966 0
1692 2.9791 0
1613 2.9728 0
1952 2.9619 0
1223 2.9173 0
395 2.8870 0
522 2.8492 0
1662 2.8215 0
542 2.7876 0
1315 2.7778 0
485 2.7748 0
685 2.7723 0
1258 2.7680 0
1721 2.7339 0
1693 2.7321 0
1399 2.7144 0
283 2.7054 0
359 2.6973 0
665 2.6933 0
818 2.6826 0
1267 2.6654 0
1402 2.6644 0
756 2.6372 0
1287 2.6357 0
547 2.6349 0
77 2.6291 0
989 2.5950 0
50 2.5949 0
1630 2.5308 0
1695 2.5168 0
1951 2.5107 0
1746 2.4682 0
1371 2.4675 0
1475 2.4675 0
682 2.4537 0
1620 2.4523 0
1294 2.4390 0
1166 2.4319 0
384 2.4299 0
1469 2.4123 0
1494 2.3777 0
1025 2.3706 0
64 2.3694 0
337 2.3657 0
111 2.3601 0
1804 2.3541 0
958 2.3535 0
877 2.3478 0
456 2.3470 0
1754 2.3449 0
1283 2.3424 0
1316 2.3399 0
1682 2.3253 0
1684 2.3198 0
1396 2.3180 0
1452 2.3163 0
744 2.3097 0
534 2.2701 0
1044 2.2699 0
1777 2.2500 0
1339 2.2443 0
312 2.2236 0
991 2.2177 0
9 2.2089 0
1585 2.1969 0
669 2.1949 0
1254 2.1859 0
975 2.1825 0
527 2.1816 0
1455 2.1586 0
280 2.1562 0
1501 2.1520 1
957 2.1434 0
386 2.1372 0
1609 2.1247 0
1234 2.1231 0
905 2.1148 0
1293 2.1119 0
98 2.1021 0
1605 2.0961 0
385 2.0551 0
1342 2.0345 0
1769 2.0329 0
1567 2.0228 0
800 2.0168 0
51 1.9999 0
1045 1.9892 0
660 1.9879 0
1641 1.9805 0
645 1.9644 0
599 1.9527 0
916 1.9470 0
539 1.9421 0
184 1.9358 0
371 1.9239 0
1655 1.9164 0
185 1.8855 0
699 1.8703 0
672 1.8598 0
1887 1.8597 0
968 1.8219 0
1453 1.7935 0
577 1.7920 0
692 1.7855 0
674 1.7846 0
1006 1.7842 0
507 1.7797 0
751 1.7788 0
504 1.7496 0
1348 1.7398 0
1496 1.7379 0
1042 1.7349 0
1481 1.7328 0
626 1.7326 0
1289 1.7309 0
1331 1.7160 0
842 1.6958 0
1608 1.6907 0
775 1.6872 0
1214 1.6866 0
1889 1.6734 0
365 1.6733 0
544 1.6681 0
1362 1.6680 0
574 1.6661 0
400 1.6586 0
1673 1.6528 0
5 1.6518 0
613 1.6313 0
374 1.6300 0
717 1.6228 0
1299 1.6065 0
661 1.6028 0
1686 1.6018 0
1600 1.5958 0
1278 1.5949 0
1743 1.5910 0
966 1.5891 0
445 1.5885 0
1422 1.5728 0
1295 1.5706 0
1604 1.5691 0
1446 1.5684 0
1667 1.5609 0
444 1.5584 0
488 1.5525 0
1384 1.5467 0
1193 1.5367 0
1284 1.5246 0
830 1.5179 0
979 1.5162 0
1715 1.5162 0
1093 1.5150 0
939 1.4894 0
1107 1.4860 0
851 1.4818 0
1253 1.4698 0
91 1.4691 0
1425 1.4672 0
1789 1.4670 0
973 1.4541 0
535 1.4533 0
1326 1.4476 0
1409 1.4419 0
1418 1.4417 0
1484 1.4406 0
1636 1.4343 0
1379 1.4327 0
1730 1.4206 0
909 1.4078 0
1763 1.4074 0
823 1.3993 0
1288 1.3976 0
1257 1.3904 0
326 1.3839 0
980 1.3835 0
528 1.3771 0
34 1.3752 0
867 1.3695 0
469 1.3683 0
1377 1.3667 0
354 1.3651 0
389 1.3623 0
978 1.3574 0
1462 1.3286 0
24 1.3262 0
1290 1.3220 0
1785 1.3193 0
687 1.3188 0
340 1.3089 0
1826 1.3036 0
518 1.2906 0
1273 1.2824 0
1251 1.2776 0
1068 1.2475 0
636 1.2409 0
1438 1.2356 0
370 1.2205 0
664 1.2052 0
1338 1.2045 0
1354 1.1913 0
474 1.1759 0
1218 1.1757 0
1640 1.1272 0
172 1.1219 0
1143 1.1201 0
937 1.1041 0
97 1.1032 0
629 1.1022 0
379 1.1018 0
318 1.0970 0
500 1.0932 0
1910 1.0916 0
1670 1.0907 0
1971 1.0790 0
1372 1.0609 0
1783 1.0481 0
1403 1.0393 0
8 1.0293 0
641 1.0201 0
888 1.0090 0
1656 1.0078 0
1665 0.9870 0
1919 0.9869 0
49 0.9860 0
99 0.9731 0
297 0.9707 0
537 0.9701 0
733 0.9665 0
714 0.9525 0
532 0.9525 0
298 0.9430 0
1466 0.9407 0
327 0.9354 0
994 0.9256 0
92 0.9231 0
1381 0.9210 0
350 0.9167 0
1603 0.9154 0
1669 0.9002 0
1753 0.8861 0
807 0.8832 0
1643 0.8758 0
119 0.8757 0
815 0.8704 0
543 0.8651 0
313 0.8535 0
1644 0.8523 0
1770 0.8509 0
783 0.8334 0
1975 0.8314 0
993 0.8287 0
721 0.8266 0
652 0.8250 0
1083 0.7991 0
1014 0.7956 0
724 0.7806 0
1358 0.7797 0
1069 0.7703 0
848 0.7636 0
1780 0.7630 0
1202 0.7487 0
1189 0.7484 0
426 0.7375 0
344 0.7355 0
352 0.7341 0
720 0.7216 0
1905 0.7197 0
745 0.7176 0
1645 0.7125 0
83 0.6996 0
1161 0.6981 0
1241 0.6951 0
541 0.6876 0
1078 0.6827 0
1660 0.6684 0
376 0.6662 0
1988 0.6642 0
1628 0.6502 0
1939 0.6360 0
873 0.6352 0
1357 0.6326 0
1268 0.6304 0
76 0.6301 0
1366 0.6273 0
878 0.6246 0
1659 0.6215 0
675 0.6111 0
1397 0.5993 0
1041 0.5849 0
1683 0.5799 0
180 0.5781 0
668 0.5622 0
204 0.5563 0
786 0.5489 0
969 0.5436 0
1192 0.5427 0
196 0.5406 0
988 0.5390 0
1825 0.5325 0
694 0.5313 0
1736 0.5167 0
366 0.5162 0
466 0.5136 0
822 0.5084 0
1271 0.5031 0
1136 0.5000 0
357 0.4903 0
1369 0.4888 0
1311 0.4858 0
879 0.4849 0
803 0.4838 0
611 0.4823 0
267 0.4779 0
698 0.4724 0
1187 0.4639 0
832 0.4606 0
1163 0.4537 0
351 0.4515 0
1784 0.4412 0
446 0.4359 0
1664 0.4347 0
265 0.4246 0
1468 0.4208 0
408 0.4195 0
1834 0.4184 0
501 0.4181 0
863 0.4105 0
1698 0.4092 0
1009 0.4079 0
1312 0.3934 0
396 0.3930 0
432 0.3882 0
893 0.3856 0
375 0.3705 0
1797 0.3627 0
11 0.3592 0
1374 0.3503 0
1364 0.3461 0
1261 0.3441 0
1483 0.3384 0
1621 0.3256 0
1652 0.3246 0
1281 0.3201 0
924 0.3186 0
63 0.3162 0
167 0.3161 0
789 0.3074 0
393 0.3036 0
1208 0.2994 0
1646 0.2935 0
289 0.2929 0
1900 0.2847 0
683 0.2708 0
1920 0.2699 0
1185 0.2669 0
704 0.2666 0
1359 0.2524 0
1796 0.2422 0
1147 0.2300 0
884 0.2276 0
150 0.2176 0
737 0.2172 0
1732 0.2044 0
1881 0.1873 0
743 0.1863 0
970 0.1798 0
364 0.1765 0
262 0.1660 0
1932 0.1652 0
1633 0.1648 0
792 0.1605 0
1174 0.1510 0
620 0.1485 0
308 0.1483 0
890 0.1465 0
1064 0.1443 0
1668 0.1409 0
928 0.1348 0
759 0.1309 0
368 0.1292 0
1047 0.1200 0
397 0.1184 0
1766 0.1173 0
900 0.1154 0
741 0.1036 0
951 0.1018 0
28 0.0896 0
663 0.0633 0
1914 0.0628 0
394 0.0516 0
1950 0.0492 0
932 0.0461 0
1820 0.0440 0
959 0.0425 0
1761 0.0375 0
1867 0.0329 0
1707 0.0288 0
981 0.0276 0
1017 0.0253 0
54 0.0156 0
1108 0.0091 0
644 0.0088 0
353 0.0073 0
1778 0.0070 0
465 0.0047 0
1098 -0.0192 0
983 -0.0225 0
1873 -0.0317 0
494 -0.0351 0
1292 -0.0366 0
1360 -0.0389 0
424 -0.0439 0
844 -0.0463 0
491 -0.0497 0
780 -0.0511 0
1553 -0.0528 0
1286 -0.0597 0
367 -0.0644 0
1477 -0.0681 0
1631 -0.0742 0
1127 -0.0745 0
1685 -0.0776 0
358 -0.0785 0
1016 -0.0809 0
272 -0.0858 0
1719 -0.0870 0
739 -0.0918 0
16 -0.0921 0
356 -0.0926 0
200 -0.1005 0
1347 -0.1079 0
15 -0.1107 0
369 -0.1166 0
985 -0.1222 0
457 -0.1229 0
785 -0.1257 0
971 -0.1344 0
1394 -0.1377 0
1448 -0.1385 0
179 -0.1452 0
753 -0.1489 0
195 -0.1496 0
1280 -0.1498 0
726 -0.1651 0
943 -0.1663 0
42 -0.1712 0
30 -0.1748 0
781 -0.2130 0
1756 -0.2139 0
1909 -0.2184 0
1228 -0.2218 0
791 -0.2225 0
1157 -0.2360 0
917 -0.2370 0
1167 -0.2376 0
982 -0.2377 0
1627 -0.2402 0
44 -0.2404 0
1149 -0.2419 0
1232 -0.2468 0
56 -0.2502 0
1217 -0.2536 0
811 -0.2565 0
777 -0.2648 0
1252 -0.2723 0
1019 -0.2786 0
271 -0.2795 0
53 -0.2870 0
306 -0.2920 0
1875 -0.3210 0
1634 -0.3237 0
1304 -0.3247 0
390 -0.3253 0
901 -0.3329 0
26 -0.3342 0
871 -0.3348 0
548 -0.3372 0
1431 -0.3373 0
758 -0.3429 0
1072 -0.3430 0
1489 -0.3437 0
1282 -0.3457 0
12 -0.3457 0
1741 -0.3510 0
762 -0.3516 0
10 -0.3563 0
1197 -0.3621 0
360 -0.3628 0
1264 -0.3633 0
1961 -0.3639 0
435 -0.3754 0
730 -0.3759 0
1087 -0.3783 0
1236 -0.3813 0
907 -0.3851 0
1169 -0.3863 0
715 -0.3981 0
38 -0.4009 0
1346 -0.4105 0
31 -0.4163 0
87 -0.4175 0
1159 -0.4209 0
1247 -0.4320 0
1015 -0.4335 0
1773 -0.4336 0
1749 -0.4386 0
260 -0.4473 0
1265 -0.4487 0
1370 -0.4601 0
281 -0.4604 0
930 -0.4606 0
1060 -0.4662 0
1086 -0.4708 0
1697 -0.4713 0
955 -0.4740 0
1942 -0.4741 0
480 -0.4792 0
1738 -0.4845 0
453 -0.4866 0
891 -0.4909 0
1941 -0.4987 0
1413 -0.4996 0
827 -0.5050 0
1994 -0.5053 0
1424 -0.5063 0
1877 -0.5203 0
549 -0.5214 0
498 -0.5229 0
1002 -0.5245 0
1237 -0.5246 0
523 -0.5268 0
302 -0.5305 0
487 -0.5320 0
1330 -0.5382 0
731 -0.5390 0
348 -0.5393 0
1996 -0.5479 0
1243 -0.5600 0
1211 -0.5622 0
835 -0.5805 0
387 -0.5819 0
48 -0.5852 0
7 -0.5858 0
1138 -0.5863 0
324 -0.5903 0
1313 -0.5903 0
1618 -0.5942 0
1272 -0.5942 0
1923 -0.5986 0
127 -0.6081 0
225 -0.6111 0
607 -0.6219 0
998 -0.6229 0
967 -0.6241 0
1860 -0.6298 0
1772 -0.6332 0
920 -0.6336 0
322 -0.6376 0
1336 -0.6409 0
760 -0.6430 0
1058 -0.6472 0
526 -0.6539 0
285 -0.6554 0
1277 -0.6576 0
1285 -0.6604 0
650 -0.6674 0
479 -0.6681 0
1351 -0.6688 0
1013 -0.6700 0
963 -0.6712 0
1171 -0.6718 0
372 -0.6745 0
787 -0.6757 0
779 -0.6766 0
1363 -0.6819 0
1100 -0.6819 0
546 -0.6822 0
1610 -0.6959 0
1075 -0.7005 0
259 -0.7016 0
1731 -0.7076 0
1024 -0.7108 0
1788 -0.7124 0
1375 -0.7197 0
836 -0.7248 0
1901 -0.7254 0
1207 -0.7264 0
388 -0.7286 0
420 -0.7335 0
1291 -0.7341 0
1703 -0.7356 0
330 -0.7371 0
992 -0.7405 0
1723 -0.7408 0
1033 -0.7411 0
1903 -0.7483 0
70 -0.7497 0
1172 -0.7498 0
1040 -0.7557 0
21 -0.7696 0
1088 -0.7705 0
693 -0.7799 0
377 -0.7831 0
1908 -0.7851 0
1139 -0.7856 0
997 -0.7871 0
335 -0.7872 0
1180 -0.7916 0
986 -0.7958 0
622 -0.8035 0
1112 -0.8193 0
1714 -0.8331 0
307 -0.8434 0
1870 -0.8465 0
320 -0.8575 0
1309 -0.8581 0
519 -0.8626 0
1365 -0.8632 0
230 -0.8652 0
1121 -0.8683 0
1782 -0.8705 0
1992 -0.8759 0
1967 -0.8770 0
1824 -0.8773 0
303 -0.8776 0
1053 -0.8803 0
1378 -0.8823 0
333 -0.8900 0
362 -0.8960 0
913 -0.8990 0
1329 -0.9019 0
82 -0.9100 0
538 -0.9133 0
1722 -0.9140 0
411 -0.9174 0
840 -0.9310 0
1918 -0.9328 0
1333 -0.9363 0
1081 -0.9377 0
218 -0.9382 0
134 -0.9413 0
1944 -0.9461 0
169 -0.9497 0
1829 -0.9578 0
1276 -0.9664 0
1011 -0.9678 0
264 -0.9689 0
945 -0.9753 0
1296 -0.9799 0
1269 -0.9894 0
1152 -0.9906 0
852 -0.9909 0
697 -0.9963 0
882 -1.0110 0
865 -1.0162 0
36 -1.0180 0
19 -1.0196 0
606 -1.0226 0
266 -1.0231 0
1199 -1.0403 0
1937 -1.0443 0
960 -1.0445 0
1642 -1.0504 0
455 -1.0570 0
854 -1.0584 0
768 -1.0628 0
402 -1.0686 0
702 -1.0723 0
25 -1.0726 0
1318 -1.0741 0
392 -1.0751 0
1046 -1.0776 0
334 -1.0788 0
213 -1.0789 0
1835 -1.0823 0
1117 -1.0823 0
1034 -1.0871 0
1194 -1.0926 0
1175 -1.0933 0
1676 -1.1082 0
1367 -1.1199 0
452 -1.1235 0
531 -1.1237 0
1008 -1.1240 0
1793 -1.1280 0
1049 -1.1294 0
883 -1.1352 0
1982 -1.1353 0
515 -1.1374 0
168 -1.1396 0
417 -1.1417 0
935 -1.1481 0
45 -1.1540 0
108 -1.1585 0
1324 -1.1612 0
1440 -1.1620 0
705 -1.1655 0
1263 -1.1675 0
713 -1.1698 0
765 -1.1733 0
1404 -1.1748 0
1050 -1.1756 0
1062 -1.1807 0
1190 -1.1807 0
55 -1.1906 0
391 -1.1915 0
1349 -1.1916 0
349 -1.1931 0
151 -1.1946 0
1341 -1.2074 0
1373 -1.2088 0
410 -1.2205 0
919 -1.2260 0
746 -1.2325 0
953 -1.2369 0
1003 -1.2373 0
1052 -1.2412 0
84 -1.2415 0
1998 -1.2417 0
37 -1.2426 0
1657 -1.2471 0
423 -1.2502 0
643 -1.2535 0
373 -1.2569 0
648 -1.2577 0
470 -1.2587 0
1983 -1.2595 0
615 -1.2617 0
332 -1.2633 0
1700 -1.2634 0
1063 -1.2665 0
1856 -1.2702 0
1061 -1.2716 0
254 -1.2759 0
678 -1.2848 0
1156 -1.2874 0
1936 -1.2880 0
279 -1.2884 0
60 -1.2895 0
1858 -1.2913 0
1650 -1.2954 0
1319 -1.2964 0
473 -1.2998 0
1407 -1.3015 0
263 -1.3034 0
1383 -1.3039 0
1393 -1.3081 0
286 -1.3098 0
1962 -1.3114 0
257 -1.3176 0
1028 -1.3205 0
437 -1.3209 0
954 -1.3216 0
1260 -1.3274 0
177 -1.3392 0
1250 -1.3408 0
881 -1.3421 0
342 -1.3580 0
1080 -1.3618 0
1406 -1.3665 0
503 -1.3675 0
1832 -1.3679 0
1048 -1.3680 0
1327 -1.3685 0
1661 -1.3689 0
585 -1.3715 0
164 -1.3786 0
1810 -1.3845 0
1219 -1.3915 0
1095 -1.3928 0
695 -1.3993 0
764 -1.4005 0
497 -1.4046 0
974 -1.4062 0
1956 -1.4094 0
582 -1.4103 0
1943 -1.4111 0
1186 -1.4161 0
875 -1.4230 0
1989 -1.4242 0
74 -1.4245 0
32 -1.4279 0
1262 -1.4309 0
1023 -1.4380 0
925 -1.4387 0
1176 -1.4390 0
464 -1.4439 0
492 -1.4467 0
1963 -1.4478 0
1997 -1.4499 0
1106 -1.4509 0
853 -1.4518 0
1814 -1.4548 0
681 -1.4555 0
241 -1.4560 0
798 -1.4652 0
1332 -1.4727 0
493 -1.4728 0
1039 -1.4743 0
990 -1.4746 0
383 -1.4768 0
1238 -1.4816 0
667 -1.4880 0
1392 -1.4881 0
1934 -1.4885 0
81 -1.4890 0
868 -1.4897 0
309 -1.4937 0
170 -1.4968 0
1391 -1.5019 0
1701 -1.5052 0
1124 -1.5075 0
892 -1.5188 0
1021 -1.5226 0
618 -1.5230 0
1917 -1.5239 0
458 -1.5310 0
1082 -1.5320 0
1085 -1.5330 0
67 -1.5394 0
1679 -1.5446 0
1145 -1.5513 0
767 -1.5588 0
1904 -1.5652 0
1179 -1.5669 0
65 -1.5707 0
1795 -1.5712 0
914 -1.5746 0
484 -1.5801 0
1879 -1.5820 0
1317 -1.5838 0
1986 -1.5857 0
165 -1.5865 0
1862 -1.5884 0
1322 -1.5932 0
933 -1.5976 0
1031 -1.5993 0
1340 -1.6013 0
163 -1.6036 0
1035 -1.6074 0
984 -1.6084 0
987 -1.6137 0
211 -1.6161 0
161 -1.6199 0
1702 -1.6228 0
1866 -1.6318 0
1601 -1.6347 0
310 -1.6417 0
1328 -1.6422 0
2 -1.6475 0
1760 -1.6479 0
1395 -1.6481 0
513 -1.6511 0
1056 -1.6555 0
1474 -1.6561 0
1419 -1.6663 0
261 -1.6759 0
1841 -1.6801 0
1913 -1.6810 0
378 -1.6814 0
1210 -1.6859 0
41 -1.6891 0
1141 -1.6895 0
72 -1.6940 0
778 -1.6962 0
1960 -1.6982 0
103 -1.7021 0
363 -1.7048 0
343 -1.7052 0
1414 -1.7055 0
1389 -1.7068 0
1320 -1.7123 0
1995 -1.7159 0
178 -1.7204 0
1070 -1.7214 0
1191 -1.7216 0
1376 -1.7241 0
1 -1.7375 0
1270 -1.7375 0
1472 -1.7437 0
1987 -1.7501 0
1412 -1.7553 0
1201 -1.7562 0
1705 -1.7593 0
1791 -1.7641 0
1119 -1.7674 0
1137 -1.7677 0
14 -1.7738 0
1845 -1.7746 0
1966 -1.7769 0
1821 -1.7830 0
782 -1.7903 0
1802 -1.7918 0
461 -1.7939 0
525 -1.7979 0
502 -1.7996 0
336 -1.8028 0
1074 -1.8068 0
1128 -1.8078 0
1759 -1.8125 0
1882 -1.8128 0
1980 -1.8128 0
1915 -1.8156 0
794 -1.8185 0
496 -1.8194 0
174 -1.8217 0
1677 -1.8218 0
1146 -1.8219 0
227 -1.8230 0
62 -1.8231 0
282 -1.8258 0
1755 -1.8281 0
1325 -1.8337 0
1812 -1.8367 0
1235 -1.8388 0
686 -1.8423 0
1097 -1.8436 0
1800 -1.8445 0
1181 -1.8463 0
275 -1.8472 0
1696 -1.8610 0
627 -1.8623 0
1764 -1.8629 0
1239 -1.8645 0
235 -1.8689 0
949 -1.8693 0
1079 -1.8774 0
1439 -1.8843 0
419 -1.8876 0
29 -1.8906 0
1178 -1.9024 0
747 -1.9032 0
799 -1.9068 0
27 -1.9092 0
763 -1.9098 0
581 -1.9113 0
1911 -1.9127 0
1666 -1.9138 0
825 -1.9143 0
194 -1.9181 0
639 -1.9270 0
591 -1.9292 0
897 -1.9298 0
1151 -1.9346 0
413 -1.9417 0
509 -1.9422 0
956 -1.9442 0
1115 -1.9478 0
550 -1.9508 0
475 -1.9532 0
1004 -1.9574 0
317 -1.9588 0
201 -1.9597 0
603 -1.9634 0
1168 -1.9640 0
46 -1.9642 0
940 -1.9654 0
564 -1.9700 0
754 -1.9711 0
961 -1.9738 0
558 -1.9756 0
1010 -1.9769 0
1809 -1.9810 0
1246 -1.9828 0
1387 -1.9908 0
1768 -1.9924 0
418 -1.9942 0
520 -1.9950 0
1434 -1.9988 0
750 -1.9989 0
1337 -2.0019 0
551 -2.0036 0
1001 -2.0108 0
428 -2.0119 0
911 -2.0121 0
1906 -2.0189 0
1029 -2.0269 0
903 -2.0277 0
483 -2.0285 0
1206 -2.0292 0
1985 -2.0309 0
1000 -2.0322 0
1619 -2.0343 0
1977 -2.0347 0
284 -2.0381 0
1787 -2.0473 0
923 -2.0488 0
1240 -2.0517 0
628 -2.0527 0
1964 -2.0570 0
855 -2.0623 0
864 -2.0645 0
647 -2.0698 0
247 -2.0744 0
861 -2.0765 0
338 -2.0767 0
885 -2.0843 0
1851 -2.0850 0
1160 -2.0889 0
1305 -2.0898 0
482 -2.0938 0
553 -2.0954 0
1926 -2.0976 0
996 -2.0978 0
331 -2.1014 0
1109 -2.1016 0
1245 -2.1147 0
1059 -2.1147 0
1907 -2.1226 0
1043 -2.1229 0
872 -2.1273 0
1449 -2.1277 0
1758 -2.1333 0
486 -2.1335 0
203 -2.1358 0
1831 -2.1396 0
434 -2.1416 0
1894 -2.1426 0
1993 -2.1446 0
962 -2.1537 0
788 -2.1552 0
123 -2.1576 0
1148 -2.1579 0
346 -2.1583 0
1807 -2.1653 0
115 -2.1664 0
1744 -2.1664 0
826 -2.1679 0
477 -2.1691 0
860 -2.1778 0
1916 -2.1850 0
748 -2.1870 0
1776 -2.1904 0
936 -2.1904 0
291 -2.1928 0
1427 -2.1945 0
242 -2.1946 0
1854 -2.1967 0
1130 -2.2017 0
1216 -2.2063 0
555 -2.2211 0
162 -2.2214 0
133 -2.2239 0
269 -2.2275 0
233 -2.2285 0
508 -2.2374 0
1717 -2.2402 0
361 -2.2419 0
190 -2.2448 0
858 -2.2449 0
1924 -2.2465 0
709 -2.2641 0
977 -2.2808 0
1931 -2.2852 0
1170 -2.2983 0
1852 -2.2996 0
1323 -2.3010 0
1213 -2.3030 0
1067 -2.3057 0
617 -2.3195 0
1410 -2.3207 0
742 -2.3221 0
1969 -2.3259 0
96 -2.3289 0
614 -2.3304 0
450 -2.3318 0
1266 -2.3391 0
1071 -2.3405 0
294 -2.3459 0
489 -2.3469 0
1897 -2.3482 0
1310 -2.3494 0
206 -2.3527 0
1142 -2.3529 0
319 -2.3537 0
773 -2.3592 0
1129 -2.3598 0
1848 -2.3598 0
1302 -2.3690 0
1279 -2.3713 0
1984 -2.3790 0
517 -2.3800 0
929 -2.3874 0
301 -2.3900 0
1899 -2.3904 0
735 -2.3961 0
292 -2.3974 0
1038 -2.3984 0
722 -2.4004 0
1126 -2.4005 0
1307 -2.4060 0
631 -2.4096 0
1972 -2.4131 0
1417 -2.4163 0
47 -2.4184 0
876 -2.4187 0
1244 -2.4206 0
1231 -2.4216 0
619 -2.4239 0
1055 -2.4254 0
575 -2.4267 0
908 -2.4268 0
228 -2.4338 0
640 -2.4341 0
1073 -2.4362 0
869 -2.4367 0
296 -2.4424 0
158 -2.4464 0
1712 -2.4477 0
175 -2.4554 0
790 -2.4590 0
795 -2.4597 0
602 -2.4611 0
182 -2.4648 0
796 -2.4690 0
316 -2.4754 0
268 -2.4789 0
1955 -2.4856 0
922 -2.4865 0
642 -2.4878 0
638 -2.4896 0
1857 -2.4907 0
1421 -2.4908 0
1007 -2.5008 0
817 -2.5012 0
829 -2.5013 0
130 -2.5025 0
1757 -2.5155 0
898 -2.5178 0
1415 -2.5200 0
610 -2.5232 0
1096 -2.5251 0
821 -2.5265 0
906 -2.5479 0
579 -2.5485 0
1275 -2.5519 0
813 -2.5520 0
948 -2.5523 0
20 -2.5527 0
1259 -2.5609 0
106 -2.5632 0
347 -2.5643 0
1005 -2.5721 0
776 -2.5737 0
1212 -2.5768 0
1436 -2.5822 0
216 -2.5835 0
1893 -2.5838 0
505 -2.5856 0
6 -2.5864 0
612 -2.5864 0
193 -2.5930 0
1368 -2.5942 0
1745 -2.5979 0
239 -2.6042 0
237 -2.6081 0
1751 -2.6090 0
1933 -2.6094 0
1054 -2.6107 0
449 -2.6124 0
1030 -2.6131 0
755 -2.6149 0
1306 -2.6199 0
623 -2.6206 0
1334 -2.6250 0
219 -2.6286 0
1711 -2.6362 0
460 -2.6381 0
454 -2.6403 0
1803 -2.6460 0
147 -2.6466 0
1813 -2.6474 0
512 -2.6492 0
899 -2.6500 0
1728 -2.6549 0
173 -2.6582 0
1110 -2.6583 0
1428 -2.6617 0
57 -2.6647 0
1681 -2.6672 0
927 -2.6714 0
440 -2.6907 0
256 -2.6928 0
938 -2.6932 0
104 -2.7066 0
814 -2.7136 0
278 -2.7212 0
1249 -2.7231 0
100 -2.7232 0
772 -2.7303 0
1356 -2.7364 0
1938 -2.7398 0
403 -2.7420 0
166 -2.7422 0
122 -2.7459 0
1164 -2.7465 0
1691 -2.7563 0
155 -2.7594 0
252 -2.7596 0
533 -2.7659 0
608 -2.7661 0
1099 -2.7676 0
448 -2.7677 0
1898 -2.7679 0
1123 -2.7710 0
797 -2.7771 0
73 -2.7773 0
1726 -2.7829 0
160 -2.7849 0
315 -2.7882 0
1158 -2.7897 0
824 -2.7901 0
183 -2.7935 0
118 -2.7972 0
1426 -2.7982 0
153 -2.8001 0
1765 -2.8022 0
1842 -2.8063 0
1386 -2.8100 0
601 -2.8138 0
1957 -2.8167 0
1380 -2.8167 0
1026 -2.8189 0
148 -2.8236 0
145 -2.8256 0
784 -2.8287 0
101 -2.8287 0
22 -2.8298 0
805 -2.8314 0
1786 -2.8333 0
1116 -2.8335 0
1233 -2.8405 0
578 -2.8431 0
1091 -2.8449 0
1230 -2.8513 0
490 -2.8534 0
918 -2.8601 0
1027 -2.8606 0
1131 -2.8621 0
328 -2.8646 0
1105 -2.8647 0
472 -2.8666 0
1432 -2.8718 0
716 -2.8729 0
1720 -2.8743 0
841 -2.8765 0
952 -2.8768 0
18 -2.8807 0
1437 -2.8809 0
478 -2.8817 0
649 -2.8833 0
1198 -2.8889 0
23 -2.8929 0
246 -2.9038 0
1103 -2.9056 0
846 -2.9087 0
1429 -2.9102 0
1779 -2.9110 0
1303 -2.9113 0
1884 -2.9327 0
734 -2.9345 0
712 -2.9378 0
251 -2.9405 0
1114 -2.9432 0
197 -2.9447 0
635 -2.9452 0
137 -2.9492 0
1443 -2.9503 0
931 -2.9512 0
621 -2.9517 0
1416 -2.9519 0
1876 -2.9613 0
995 -2.9658 0
157 -2.9672 0
1076 -2.9752 0
1949 -2.9757 0
229 -2.9762 0
1435 -2.9781 0
896 -2.9852 0
1400 -2.9891 0
499 -2.9920 0
248 -2.9938 0
1929 -2.9940 0
604 -3.0017 0
407 -3.0039 0
1221 -3.0051 0
323 -3.0124 0
188 -3.0154 0
0 -3.0196 0
1808 -3.0231 0
1242 -3.0235 0
1912 -3.0262 0
1224 -3.0288 0
1335 -3.0314 0
1846 -3.0365 0
1227 -3.0374 0
810 -3.0378 0
441 -3.0408 0
1321 -3.0556 0
1411 -3.0673 0
1805 -3.0693 0
804 -3.0719 0
156 -3.0736 0
1925 -3.0755 0
276 -3.0757 0
514 -3.0782 0
314 -3.0833 0
495 -3.0849 0
409 -3.0880 0
3 -3.0883 0
43 -3.0929 0
1836 -3.0934 0
1886 -3.0992 0
1118 -3.1025 0
1092 -3.1034 0
1935 -3.1040 0
68 -3.1061 0
471 -3.1078 0
1940 -3.1096 0
249 -3.1141 0
707 -3.1182 0
152 -3.1260 0
311 -3.1316 0
1104 -3.1320 0
142 -3.1343 0
149 -3.1422 0
727 -3.1453 0
1928 -3.1535 0
329 -3.1614 0
1953 -3.1622 0
1423 -3.1643 0
1204 -3.1707 0
35 -3.1723 0
637 -3.1729 0
769 -3.1806 0
1959 -3.1842 0
427 -3.1878 0
181 -3.1983 0
1308 -3.2067 0
1981 -3.2187 0
217 -3.2211 0
1716 -3.2243 0
1891 -3.2262 0
1132 -3.2443 0
1990 -3.2568 0
270 -3.2700 0
13 -3.2904 0
205 -3.3031 0
1345 -3.3097 0
171 -3.3127 0
511 -3.3161 0
708 -3.3164 0
926 -3.3206 0
1948 -3.3226 0
816 -3.3262 0
1729 -3.3283 0
584 -3.3304 0
710 -3.3471 0
116 -3.3506 0
915 -3.3529 0
199 -3.3562 0
476 -3.3580 0
1135 -3.3647 0
1162 -3.3653 0
774 -3.3669 0
1999 -3.3704 0
719 -3.3941 0
1144 -3.3960 0
1968 -3.3997 0
902 -3.4000 0
1706 -3.4010 0
1973 -3.4023 0
1444 -3.4060 0
600 -3.4110 0
802 -3.4115 0
1853 -3.4286 0
1150 -3.4343 0
1828 -3.4376 0
1883 -3.4412 0
1965 -3.4416 0
1256 -3.4436 0
1861 -3.4458 0
1165 -3.4466 0
1865 -3.4476 0
345 -3.4489 0
412 -3.4507 0
1823 -3.4529 0
431 -3.4541 0
1762 -3.4547 0
1300 -3.4663 0
847 -3.4686 0
1036 -3.4755 0
1840 -3.4772 0
79 -3.4783 0
300 -3.4863 0
1209 -3.4971 0
586 -3.5010 0
1833 -3.5149 0
1863 -3.5162 0
75 -3.5166 0
1101 -3.5169 0
1203 -3.5200 0
1850 -3.5217 0
1930 -3.5298 0
887 -3.5318 0
85 -3.5319 0
1725 -3.5327 0
1747 -3.5327 0
1220 -3.5369 0
1922 -3.5388 0
207 -3.5431 0
1205 -3.5446 0
1441 -3.5521 0
1958 -3.5528 0
1713 -3.5535 0
1051 -3.5536 0
401 -3.5555 0
1869 -3.5570 0
1084 -3.5571 0
238 -3.5589 0
1927 -3.5622 0
105 -3.5657 0
1830 -3.5802 0
1838 -3.5839 0
124 -3.5898 0
1844 -3.5929 0
1709 -3.5987 0
1880 -3.6098 0
545 -3.6155 0
136 -3.6244 0
1970 -3.6261 0
253 -3.6266 0
700 -3.6300 0
941 -3.6444 0
221 -3.6445 0
530 -3.6557 0
1066 -3.6579 0
1420 -3.6615 0
198 -3.6700 0
1735 -3.6759 0
1978 -3.6761 0
757 -3.6766 0
1408 -3.6810 0
588 -3.6903 0
1811 -3.6919 0
425 -3.6959 0
433 -3.7014 0
222 -3.7207 0
859 -3.7239 0
1839 -3.7241 0
1225 -3.7242 0
231 -3.7267 0
1215 -3.7269 0
1781 -3.7293 0
592 -3.7344 0
1798 -3.7422 0
1343 -3.7423 0
646 -3.7471 0
565 -3.7494 0
341 -3.7518 0
740 -3.7663 0
609 -3.7809 0
1226 -3.7825 0
540 -3.7957 0
1122 -3.7963 0
1401 -3.8029 0
126 -3.8031 0
820 -3.8120 0
1037 -3.8146 0
770 -3.8227 0
1974 -3.8245 0
1140 -3.8266 0
129 -3.8315 0
325 -3.8414 0
1794 -3.8500 0
224 -3.8541 0
862 -3.8733 0
406 -3.8798 0
288 -3.8849 0
1742 -3.8919 0
703 -3.9031 0
144 -3.9040 0
405 -3.9087 0
1057 -3.9114 0
1344 -3.9173 0
414 -3.9176 0
624 -3.9203 0
1921 -3.9214 0
1895 -3.9253 0
1094 -3.9254 0
143 -3.9258 0
1946 -3.9297 0
752 -3.9323 0
833 -3.9348 0
552 -3.9372 0
102 -3.9499 0
1874 -3.9511 0
1752 -3.9554 0
212 -3.9578 0
1113 -3.9590 0
438 -3.9658 0
154 -3.9713 0
572 -3.9743 0
1837 -4.0040 0
771 -4.0051 0
58 -4.0088 0
1818 -4.0095 0
1018 -4.0100 0
236 -4.0186 0
234 -4.0225 0
66 -4.0263 0
561 -4.0282 0
1390 -4.0329 0
243 -4.0372 0
529 -4.0385 0
107 -4.0413 0
159 -4.0434 0
187 -4.0534 0
828 -4.0539 0
226 -4.0645 0
1888 -4.0672 0
1945 -4.0822 0
633 -4.0908 0
415 -4.1109 0
837 -4.1109 0
339 -4.1266 0
870 -4.1330 0
701 -4.1338 0
1871 -4.1356 0
1022 -4.1439 0
468 -4.1444 0
1183 -4.1525 0
240 -4.1538 0
1822 -4.1740 0
1902 -4.1778 0
442 -4.1910 0
580 -4.2083 0
1301 -4.2095 0
1733 -4.2098 0
809 -4.2150 0
467 -4.2193 0
78 -4.2213 0
189 -4.2289 0
866 -4.2396 0
1153 -4.2554 0
1490 -4.2554 0
121 -4.2644 0
208 -4.2696 0
1947 -4.2862 0
176 -4.2928 0
567 -4.2950 0
110 -4.2952 0
563 -4.2953 0
277 -4.2965 0
321 -4.3032 0
831 -4.3074 0
192 -4.3083 0
109 -4.3182 0
88 -4.3285 0
568 -4.3442 0
1718 -4.3524 0
506 -4.3561 0
214 -4.3638 0
738 -4.3664 0
1173 -4.3701 0
1430 -4.3706 0
510 -4.3880 0
1445 -4.3984 0
856 -4.4011 0
436 -4.4099 0
250 -4.4112 0
1815 -4.4232 0
1248 -4.4258 0
1120 -4.4276 0
1954 -4.4344 0
125 -4.4403 0
843 -4.4456 0
706 -4.4473 0
1089 -4.4478 0
625 -4.4502 0
33 -4.4636 0
946 -4.4723 0
1433 -4.4735 0
942 -4.4841 0
725 -4.4896 0
793 -4.4953 0
1727 -4.5002 0
274 -4.5071 0
766 -4.5089 0
299 -4.5122 0
209 -4.5126 0
52 -4.5131 0
895 -4.5175 0
1133 -4.5185 0
634 -4.5200 0
1801 -4.5213 0
857 -4.5289 0
117 -4.5464 0
1704 -4.5493 0
128 -4.5651 0
1775 -4.5699 0
113 -4.5716 0
112 -4.5923 0
839 -4.5934 0
562 -4.6077 0
1077 -4.6143 0
1154 -4.6216 0
571 -4.6265 0
1111 -4.6287 0
1229 -4.6560 0
749 -4.6696 0
1200 -4.6903 0
1799 -4.6943 0
80 -4.7081 0
146 -4.7093 0
587 -4.7144 0
481 -4.7174 0
589 -4.7235 0
220 -4.7384 0
560 -4.7388 0
191 -4.7395 0
141 -4.7735 0
186 -4.8106 0
1155 -4.8312 0
1819 -4.8317 0
729 -4.8379 0
1020 -4.8404 0
874 -4.8618 0
1739 -4.8735 0
1885 -4.8836 0
139 -4.8840 0
718 -4.8848 0
1849 -4.8871 0
921 -4.8872 0
536 -4.8916 0
1748 -4.8951 0
732 -4.8960 0
1976 -4.9070 0
583 -4.9325 0
1740 -4.9362 0
273 -4.9419 0
1843 -4.9500 0
71 -4.9526 0
90 -4.9591 0
1872 -4.9679 0
1385 -4.9746 0
430 -5.0296 0
597 -5.0622 0
245 -5.1169 0
886 -5.1244 0
1868 -5.1354 0
1892 -5.1406 0
880 -5.1460 0
1816 -5.1682 0
632 -5.1762 0
215 -5.1836 0
598 -5.1841 0
728 -5.1944 0
556 -5.1996 0
910 -5.2148 0
416 -5.2207 0
557 -5.2669 0
812 -5.2820 0
1878 -5.2947 0
616 -5.2954 0
1442 -5.3110 0
422 -5.3379 0
569 -5.3753 0
1859 -5.3934 0
573 -5.4041 0
1817 -5.4189 0
232 -5.4243 0
808 -5.4323 0
1188 -5.4359 0
138 -5.4492 0
114 -5.5168 0
244 -5.5342 0
834 -5.5701 0
132 -5.5807 0
1710 -5.5870 0
443 -5.6285 0
1065 -5.6374 0
806 -5.6626 0
4 -5.6689 0
1708 -5.6721 0
86 -5.6819 0
1890 -5.7063 0
605 -5.7687 0
845 -5.7747 0
135 -5.7915 0
1806 -5.7922 0
223 -5.8459 0
838 -5.8577 0
554 -5.8603 0
594 -5.8629 0
904 -5.8632 0
1827 -5.8750 0
576 -5.8811 0
1196 -5.8917 0
1125 -5.9614 0
736 -5.9636 0
761 -6.0082 0
1896 -6.0160 0
429 -6.0174 0
140 -6.0501 0
1855 -6.0809 0
1222 -6.0920 0
894 -6.1377 0
404 -6.1547 0
295 -6.1650 0
421 -6.2150 0
1724 -6.2222 0
202 -6.2383 0
559 -6.2824 0
595 -6.3157 0
1012 -6.3257 0
801 -6.3500 0
566 -6.4075 0
439 -6.4706 0
596 -6.4936 0
593 -6.5017 0
447 -6.5078 0
1405 -6.5159 0
819 -6.5662 0
849 -6.6121 0
1847 -6.6241 0
287 -6.6652 0
590 -6.7366 0
459 -6.8101 0
210 -6.8891 0
95 -6.9197 0
1314 -6.9246 0
889 -6.9615 0
120 -7.0502 0
1864 -7.1553 0
944 -7.1569 0
94 -7.3060 0
934 -7.3299 0
516 -7.4955 0
131 -7.6188 0
1102 -7.6223 0
570 -7.6841 0
711 -8.6872 0
