1572 34.0950 1
1589 28.3313 1
1576 27.3077 1
1569 26.2750 1
1568 26.2332 1
1593 25.3814 1
1587 24.6597 1
1554 24.2508 1
1573 24.1330 1
1594 23.5686 1
1595 22.4581 1
1578 22.3392 1
1563 22.1775 1
1597 21.9311 1
1559 21.9179 1
1591 21.3687 1
1556 21.1496 1
1552 21.1201 1
1588 20.2499 1
1570 20.2177 1
1566 19.5367 1
1579 18.4846 1
1577 18.1751 1
1590 17.5430 1
1584 17.3061 1
1582 17.1574 1
1562 16.2981 1
1560 15.7989 1
1551 15.4091 1
1596 14.8975 1
1583 14.1574 1
1599 14.1496 1
39 13.9466 0
1510 13.8730 0
1567 13.8561 1
1539 13.4515 0
1581 13.3398 1
1550 12.4152 1
1555 12.2441 1
1571 12.2001 1
1586 12.1906 1
1523 12.0639 0
1557 11.8845 1
1574 11.8095 1
1524 11.6531 0
1598 11.5044 1
1611 11.3142 0
1531 10.3573 0
1521 10.3285 0
1623 10.1892 0
965 10.0909 0
1614 9.9255 0
684 9.9217 0
1558 9.8902 1
1382 9.5834 0
1511 9.5383 0
1515 9.5105 0
1525 9.3184 0
1565 9.2149 1
1518 9.0815 0
1504 9.0789 0
671 9.0357 0
1352 8.9763 0
1514 8.9399 0
1388 8.9058 0
1630 8.9036 0
1535 8.8386 0
1493 8.7734 0
1503 8.6853 0
1482 8.6649 0
1607 8.6641 0
1688 8.6586 0
999 8.5994 0
1398 8.5086 0
1592 8.4898 1
1612 8.4896 0
691 8.4449 0
1625 8.3221 0
1547 8.2627 0
1653 8.1242 0
1544 8.1125 0
680 8.0886 0
1355 7.9915 0
1774 7.9882 0
1602 7.9526 0
673 7.8674 0
1274 7.8456 0
993 7.8366 0
93 7.7218 0
1536 7.7184 0
1500 7.6937 0
1532 7.6704 0
1458 7.6278 0
1680 7.5995 0
1517 7.4395 0
1808 7.4180 0
1737 7.3944 0
1350 7.3907 0
1223 7.3042 0
1508 7.2188 0
485 7.1639 0
1642 7.1539 0
1533 7.0962 0
1487 7.0715 0
1530 7.0518 0
1692 7.0487 0
1687 7.0282 0
651 7.0160 0
1512 6.9933 0
1166 6.9834 0
1651 6.9681 0
1526 6.9137 0
1615 6.8389 0
1509 6.8329 0
950 6.8259 0
1606 6.7995 0
77 6.7936 0
1464 6.7097 0
1498 6.6868 0
1548 6.6757 0
1459 6.6755 0
792 6.6488 0
1527 6.6472 0
1520 6.6243 0
522 6.5891 0
1516 6.4391 0
1161 6.4178 0
1480 6.4036 0
1585 6.3870 1
1580 6.3494 1
1662 6.3370 0
1628 6.2966 0
69 6.2030 0
1655 6.1949 0
1042 6.1822 0
1522 6.1802 0
1663 6.1328 0
775 6.0803 0
1609 6.0285 0
1694 5.9980 0
1541 5.9972 0
1671 5.9716 0
1743 5.9557 0
975 5.9451 0
626 5.9418 0
1457 5.9101 0
1699 5.9051 0
1632 5.9026 0
1695 5.8812 0
1561 5.8655 1
1361 5.8448 0
1471 5.8031 0
654 5.7902 0
1278 5.7725 0
1626 5.7406 0
1348 5.7370 0
1622 5.7223 0
40 5.7042 0
1721 5.6798 0
1537 5.6758 0
1190 5.6754 0
669 5.6191 0
1467 5.6062 0
779 5.5663 0
1638 5.5267 0
1529 5.5247 0
1461 5.5202 0
1519 5.5071 0
744 5.4724 0
969 5.4489 0
1575 5.4398 1
1543 5.4297 0
1777 5.3530 0
677 5.3527 0
1637 5.3202 0
1675 5.2980 0
1658 5.2807 0
968 5.2700 0
1456 5.2634 0
521 5.2582 0
807 5.2579 0
398 5.2018 0
390 5.2006 0
696 5.1763 0
1656 5.1711 0
213 5.1648 0
1649 5.1572 0
1338 5.1136 0
781 5.0842 0
1281 5.0790 0
1476 5.0765 0
1673 5.0741 0
1865 5.0654 0
967 5.0494 0
964 5.0458 0
1479 5.0447 0
9 5.0404 0
888 5.0127 0
1679 4.9497 0
723 4.9248 0
1690 4.9109 0
1528 4.8817 0
1678 4.8350 0
958 4.8321 0
989 4.8238 0
1564 4.7794 1
1670 4.7592 0
726 4.7258 0
1489 4.7071 0
1168 4.6940 0
1473 4.6812 0
1657 4.6713 0
1478 4.6536 0
1672 4.6516 0
997 4.6467 0
1506 4.6438 0
1298 4.6414 0
840 4.6398 0
1771 4.6012 0
1177 4.5940 0
499 4.5822 0
1465 4.5437 0
64 4.5437 0
1379 4.5427 0
656 4.5333 0
1124 4.5176 0
1167 4.5114 0
1689 4.5047 0
1600 4.5007 0
1767 4.4834 0
1616 4.4774 0
1396 4.4721 0
1746 4.4390 0
1454 4.4110 0
1534 4.3866 0
1797 4.3702 0
1397 4.3692 0
1693 4.3670 0
1105 4.3617 0
1502 4.3595 0
751 4.3594 0
2 4.3561 0
1312 4.3528 0
1750 4.3522 0
1159 4.3412 0
1134 4.3377 0
1682 4.3306 0
1354 4.3241 0
1497 4.3212 0
1608 4.3160 0
987 4.3156 0
1684 4.3054 0
1542 4.3015 0
699 4.2667 0
190 4.2659 0
1296 4.2655 0
34 4.2597 0
690 4.2474 0
1698 4.2448 0
1325 4.2352 0
657 4.2268 0
971 4.2121 0
89 4.1847 0
818 4.1844 0
1488 4.1803 0
991 4.1783 0
1715 4.1742 0
451 4.1713 0
970 4.1708 0
692 4.1420 0
1295 4.1173 0
1268 4.1103 0
5 4.0912 0
1041 4.0880 0
980 4.0674 0
1540 4.0307 0
1648 4.0204 0
848 4.0121 0
1654 4.0042 0
1240 3.9987 0
1683 3.9959 0
1422 3.9888 0
1495 3.9876 0
988 3.9748 0
695 3.9739 0
653 3.9716 0
832 3.9547 0
1419 3.9500 0
1499 3.9500 0
1258 3.9398 0
1635 3.9380 0
1661 3.9312 0
1546 3.9166 0
1788 3.9142 0
1703 3.8975 0
1545 3.8902 0
1032 3.8896 0
184 3.8561 0
972 3.8532 0
1447 3.8363 0
955 3.8298 0
1643 3.8271 0
1634 3.7983 0
354 3.7927 0
1809 3.7887 0
1549 3.7758 0
29 3.7644 0
800 3.7567 0
1645 3.7541 0
759 3.7491 0
1650 3.7443 0
1792 3.7137 0
1732 3.7096 0
1553 3.6967 1
463 3.6782 0
1299 3.6775 0
1486 3.6718 0
836 3.6682 0
1629 3.6657 0
1353 3.6604 0
1357 3.6473 0
308 3.6284 0
1358 3.6237 0
1485 3.6039 0
1730 3.6034 0
1450 3.6013 0
1785 3.5983 0
1195 3.5945 0
395 3.5764 0
1157 3.5754 0
1838 3.5689 0
1384 3.5593 0
784 3.5592 0
46 3.5524 0
831 3.5505 0
1331 3.5492 0
1513 3.5441 0
313 3.5352 0
842 3.5307 0
1470 3.4728 0
1484 3.4660 0
124 3.4634 0
772 3.4521 0
1667 3.4421 0
1047 3.4398 0
1156 3.4151 0
1939 3.4086 0
230 3.4042 0
1070 3.3925 0
879 3.3769 0
1943 3.3738 0
1920 3.3730 0
1636 3.3728 0
986 3.3619 0
164 3.3489 0
1045 3.3243 0
1015 3.3145 0
1024 3.2853 0
1783 3.2645 0
305 3.2635 0
1393 3.2576 0
54 3.2271 0
1463 3.2162 0
676 3.2064 0
1668 3.2014 0
765 3.1965 0
1160 3.1921 0
924 3.1669 0
486 3.1635 0
1613 3.1550 0
976 3.1520 0
527 3.1459 0
1481 3.1454 0
51 3.1401 0
1617 3.1253 0
337 3.1240 0
1360 3.1237 0
824 3.1096 0
1288 3.0857 0
1778 3.0855 0
1538 3.0627 0
97 3.0588 0
0 3.0539 0
1507 3.0365 0
741 3.0362 0
994 3.0299 0
61 3.0243 0
884 3.0153 0
777 3.0076 0
1182 2.9889 0
574 2.9871 0
739 2.9847 0
1462 2.9769 0
1977 2.9583 0
1474 2.9572 0
294 2.9543 0
457 2.9475 0
1919 2.9460 0
1647 2.9452 0
25 2.9379 0
783 2.9377 0
1603 2.9372 0
1460 2.9349 0
1451 2.9330 0
981 2.9256 0
445 2.9253 0
674 2.9233 0
979 2.9202 0
532 2.9186 0
1466 2.8877 0
666 2.8869 0
283 2.8658 0
82 2.8605 0
71 2.8575 0
1214 2.8546 0
419 2.8530 0
460 2.8513 0
685 2.8502 0
167 2.8430 0
678 2.8236 0
537 2.8210 0
90 2.8191 0
630 2.8067 0
479 2.8005 0
91 2.7964 0
1604 2.7930 0
788 2.7717 0
688 2.7696 0
1851 2.7649 0
961 2.7621 0
365 2.7510 0
1691 2.7504 0
1891 2.7499 0
1196 2.7429 0
456 2.7423 0
200 2.7372 0
733 2.7326 0
217 2.7222 0
1494 2.7058 0
465 2.6915 0
704 2.6884 0
1342 2.6838 0
786 2.6835 0
659 2.6736 0
1228 2.6464 0
1875 2.6437 0
1019 2.6334 0
1121 2.6266 0
1761 2.6209 0
1421 2.6122 0
122 2.5939 0
636 2.5765 0
1989 2.5701 0
830 2.5608 0
488 2.5607 0
355 2.5506 0
218 2.5432 0
1795 2.5418 0
258 2.5412 0
50 2.5325 0
773 2.5257 0
1990 2.5119 0
469 2.4963 0
1505 2.4873 0
1686 2.4865 0
1633 2.4806 0
359 2.4719 0
1028 2.4644 0
1805 2.4572 0
379 2.4531 0
67 2.4525 0
1646 2.4512 0
1128 2.4447 0
1241 2.4396 0
762 2.4391 0
153 2.4368 0
1034 2.4289 0
746 2.4196 0
1293 2.4157 0
1290 2.4157 0
371 2.4151 0
1453 2.4112 0
528 2.4057 0
756 2.4042 0
73 2.3980 0
63 2.3975 0
940 2.3897 0
1163 2.3884 0
1834 2.3854 0
966 2.3808 0
1297 2.3803 0
1197 2.3801 0
844 2.3771 0
803 2.3756 0
1669 2.3745 0
1618 2.3700 0
1289 2.3337 0
133 2.3277 0
1260 2.3260 0
214 2.3154 0
850 2.3027 0
1074 2.3011 0
169 2.2913 0
100 2.2889 0
1491 2.2760 0
577 2.2717 0
444 2.2631 0
1665 2.2609 0
59 2.2479 0
641 2.2476 0
292 2.2294 0
702 2.2289 0
1127 2.2216 0
1639 2.2152 0
462 2.2112 0
828 2.2041 0
270 2.2025 0
306 2.2014 0
8 2.2001 0
1754 2.1799 0
795 2.1797 0
1130 2.1792 0
1475 2.1670 0
1991 2.1644 0
1833 2.1644 0
1208 2.1611 0
867 2.1579 0
1997 2.1544 0
357 2.1526 0
1143 2.1506 0
645 2.1477 0
1967 2.1388 0
670 2.1329 0
1251 2.1220 0
1879 2.1164 0
349 2.1082 0
1960 2.0991 0
959 2.0942 0
817 2.0778 0
1000 2.0762 0
655 2.0715 0
116 2.0668 0
1294 2.0639 0
534 2.0562 0
1780 2.0466 0
1126 2.0453 0
1769 2.0431 0
1469 2.0427 0
1957 2.0323 0
1026 2.0320 0
1381 2.0299 0
1044 2.0122 0
822 2.0073 0
1492 2.0013 0
394 2.0006 0
823 1.9932 0
1423 1.9910 0
1217 1.9841 0
303 1.9767 0
863 1.9663 0
1992 1.9628 0
1659 1.9573 0
1790 1.9520 0
977 1.9477 0
1941 1.9417 0
983 1.9267 0
825 1.9263 0
1254 1.9205 0
1308 1.9153 0
31 1.9145 0
185 1.9143 0
992 1.9000 0
643 1.8961 0
1696 1.8876 0
820 1.8847 0
1246 1.8823 0
1641 1.8761 0
1257 1.8744 0
1877 1.8677 0
1979 1.8661 0
714 1.8632 0
1098 1.8608 0
1681 1.8604 0
1022 1.8558 0
290 1.8553 0
1652 1.8539 0
785 1.8490 0
14 1.8465 0
255 1.8438 0
400 1.8361 0
1025 1.8360 0
370 1.8297 0
547 1.8178 0
1252 1.8154 0
973 1.8080 0
1169 1.8057 0
1183 1.7957 0
1996 1.7929 0
764 1.7866 0
619 1.7859 0
408 1.7844 0
1784 1.7712 0
266 1.7652 0
1339 1.7616 0
382 1.7595 0
1117 1.7583 0
1316 1.7448 0
60 1.7317 0
650 1.7299 0
1745 1.7274 0
1009 1.7213 0
1631 1.7188 0
1905 1.7139 0
44 1.7132 0
1247 1.7103 0
524 1.7095 0
1425 1.7051 0
1362 1.7050 0
1378 1.7021 0
683 1.7003 0
1674 1.6976 0
1085 1.6893 0
1090 1.6864 0
1697 1.6854 0
1164 1.6740 0
353 1.6736 0
1729 1.6725 0
1936 1.6675 0
985 1.6633 0
568 1.6598 0
204 1.6531 0
662 1.6505 0
1053 1.6491 0
1158 1.6488 0
1237 1.6464 0
1162 1.6448 0
1477 1.6317 0
431 1.6275 0
1455 1.6258 0
18 1.6248 0
730 1.6171 0
1078 1.6161 0
893 1.6143 0
548 1.6076 0
1420 1.6075 0
679 1.6073 0
1080 1.5796 0
1974 1.5706 0
1442 1.5645 0
49 1.5641 0
827 1.5633 0
1204 1.5570 0
1889 1.5527 0
1145 1.5503 0
366 1.5482 0
1068 1.5480 0
1605 1.5465 0
1040 1.5352 0
878 1.5279 0
1765 1.5274 0
668 1.5230 0
15 1.5177 0
721 1.5135 0
1238 1.5086 0
388 1.5019 0
372 1.5007 0
418 1.5005 0
17 1.5002 0
128 1.4963 0
42 1.4943 0
1848 1.4902 0
1984 1.4883 0
1283 1.4793 0
208 1.4782 0
1371 1.4769 0
1601 1.4765 0
1202 1.4745 0
424 1.4679 0
914 1.4558 0
1414 1.4470 0
1287 1.4435 0
1931 1.4429 0
92 1.4406 0
1452 1.4394 0
1193 1.4367 0
1029 1.4276 0
383 1.4244 0
227 1.4230 0
1863 1.4138 0
814 1.4084 0
812 1.4076 0
978 1.4073 0
715 1.4042 0
1948 1.4042 0
599 1.4006 0
13 1.3954 0
257 1.3952 0
816 1.3935 0
802 1.3930 0
1736 1.3862 0
1820 1.3824 0
672 1.3779 0
83 1.3727 0
951 1.3670 0
1267 1.3593 0
1828 1.3537 0
1007 1.3510 0
1395 1.3501 0
821 1.3492 0
1239 1.3481 0
16 1.3477 0
1829 1.3474 0
790 1.3404 0
826 1.3400 0
364 1.3351 0
1755 1.3346 0
453 1.3262 0
24 1.3242 0
1057 1.3115 0
1284 1.3089 0
330 1.3080 0
410 1.3052 0
1677 1.3049 0
265 1.3001 0
1620 1.2987 0
1326 1.2927 0
1446 1.2923 0
1448 1.2711 0
381 1.2698 0
1640 1.2690 0
1707 1.2668 0
108 1.2647 0
417 1.2628 0
375 1.2622 0
797 1.2621 0
1255 1.2579 0
853 1.2401 0
1273 1.2395 0
368 1.2317 0
791 1.2288 0
1412 1.2256 0
1387 1.2256 0
404 1.2236 0
1333 1.2166 0
1845 1.1948 0
747 1.1920 0
1199 1.1887 0
810 1.1781 0
466 1.1754 0
881 1.1653 0
1374 1.1630 0
1400 1.1558 0
312 1.1529 0
1372 1.1522 0
648 1.1509 0
1136 1.1508 0
847 1.1461 0
1002 1.1430 0
420 1.1396 0
1998 1.1388 0
717 1.1378 0
1719 1.1366 0
1147 1.1321 0
1830 1.1304 0
1243 1.1213 0
84 1.1101 0
957 1.1089 0
196 1.1072 0
1364 1.0892 0
960 1.0877 0
334 1.0854 0
1285 1.0719 0
745 1.0648 0
897 1.0600 0
1184 1.0598 0
298 1.0560 0
1860 1.0510 0
1444 1.0497 0
180 1.0436 0
385 1.0400 0
1269 1.0388 0
665 1.0382 0
1952 1.0379 0
1221 1.0345 0
1903 1.0300 0
1716 1.0266 0
1282 1.0261 0
811 1.0207 0
660 1.0198 0
1213 1.0168 0
179 1.0144 0
27 1.0144 0
1961 1.0140 0
1242 1.0106 0
658 0.9993 0
815 0.9969 0
1366 0.9957 0
497 0.9908 0
316 0.9894 0
937 0.9880 0
737 0.9855 0
411 0.9792 0
629 0.9772 0
10 0.9761 0
7 0.9750 0
1185 0.9730 0
782 0.9724 0
1262 0.9713 0
755 0.9702 0
504 0.9699 0
473 0.9639 0
694 0.9627 0
954 0.9603 0
1723 0.9576 0
1181 0.9572 0
1286 0.9494 0
284 0.9482 0
350 0.9469 0
1855 0.9438 0
173 0.9430 0
1087 0.9427 0
835 0.9398 0
886 0.9377 0
1218 0.9358 0
932 0.9345 0
1224 0.9335 0
242 0.9228 0
1363 0.9172 0
28 0.9126 0
829 0.9100 0
1266 0.9025 0
1060 0.8995 0
262 0.8986 0
1706 0.8939 0
1768 0.8931 0
890 0.8927 0
508 0.8841 0
873 0.8809 0
1149 0.8804 0
1205 0.8682 0
652 0.8670 0
228 0.8656 0
929 0.8623 0
1172 0.8613 0
434 0.8502 0
1187 0.8467 0
1432 0.8460 0
1233 0.8453 0
380 0.8439 0
440 0.8380 0
1152 0.8364 0
1171 0.8360 0
1211 0.8320 0
447 0.8195 0
386 0.8157 0
1624 0.8152 0
26 0.8079 0
384 0.8062 0
351 0.8028 0
1988 0.7999 0
212 0.7918 0
399 0.7911 0
1365 0.7833 0
1399 0.7826 0
793 0.7773 0
663 0.7748 0
1881 0.7736 0
1676 0.7698 0
1311 0.7601 0
1660 0.7595 0
1341 0.7531 0
1727 0.7531 0
1075 0.7515 0
376 0.7507 0
1409 0.7473 0
1198 0.7466 0
1951 0.7459 0
249 0.7450 0
1483 0.7428 0
229 0.7396 0
340 0.7343 0
30 0.7325 0
1403 0.7288 0
1793 0.7249 0
1088 0.7214 0
487 0.7208 0
211 0.7202 0
1046 0.7193 0
1438 0.7175 0
53 0.7151 0
996 0.7106 0
1280 0.7090 0
846 0.7029 0
461 0.7018 0
1245 0.7013 0
1911 0.6977 0
225 0.6940 0
107 0.6894 0
373 0.6829 0
1621 0.6814 0
1749 0.6706 0
1664 0.6673 0
1369 0.6614 0
544 0.6607 0
1219 0.6594 0
1327 0.6554 0
11 0.6549 0
1014 0.6531 0
363 0.6486 0
1993 0.6481 0
76 0.6471 0
367 0.6459 0
1501 0.6369 0
722 0.6338 0
1194 0.6317 0
269 0.6270 0
1216 0.6254 0
1704 0.6237 0
682 0.6223 0
142 0.6189 0
1853 0.6185 0
1048 0.6088 0
1050 0.6022 0
1013 0.5985 0
392 0.5976 0
1441 0.5961 0
1947 0.5957 0
1752 0.5822 0
1867 0.5812 0
681 0.5759 0
1253 0.5720 0
1822 0.5710 0
387 0.5708 0
98 0.5705 0
396 0.5696 0
296 0.5666 0
1377 0.5641 0
758 0.5625 0
263 0.5600 0
1234 0.5517 0
304 0.5501 0
1976 0.5500 0
809 0.5475 0
1610 0.5435 0
1142 0.5376 0
1731 0.5368 0
1264 0.5299 0
854 0.5281 0
1175 0.5252 0
774 0.5241 0
780 0.5199 0
1315 0.5180 0
1035 0.5134 0
613 0.5131 0
1944 0.5047 0
1766 0.5007 0
984 0.4967 0
474 0.4897 0
1718 0.4870 0
1370 0.4856 0
377 0.4845 0
1016 0.4832 0
348 0.4794 0
1734 0.4741 0
1058 0.4673 0
861 0.4663 0
237 0.4617 0
1051 0.4580 0
1209 0.4574 0
912 0.4570 0
1231 0.4559 0
1712 0.4546 0
787 0.4544 0
1735 0.4536 0
923 0.4493 0
1191 0.4317 0
713 0.4305 0
804 0.4304 0
1982 0.4286 0
1277 0.4283 0
96 0.4221 0
168 0.4131 0
611 0.4126 0
709 0.4106 0
1917 0.4087 0
45 0.4059 0
389 0.4054 0
538 0.4019 0
956 0.4006 0
930 0.3972 0
1272 0.3832 0
1317 0.3789 0
272 0.3750 0
1279 0.3736 0
1812 0.3704 0
591 0.3688 0
506 0.3599 0
12 0.3584 0
1036 0.3581 0
491 0.3499 0
1305 0.3491 0
358 0.3481 0
144 0.3471 0
899 0.3424 0
401 0.3424 0
1055 0.3422 0
193 0.3418 0
1744 0.3351 0
1644 0.3344 0
644 0.3340 0
1236 0.3319 0
235 0.3258 0
1837 0.3253 0
1188 0.3248 0
391 0.3246 0
402 0.3194 0
1893 0.3176 0
998 0.3166 0
760 0.3106 0
1946 0.2907 0
1138 0.2870 0
768 0.2864 0
789 0.2809 0
1994 0.2774 0
216 0.2730 0
1003 0.2704 0
1107 0.2686 0
70 0.2664 0
1789 0.2639 0
320 0.2629 0
234 0.2628 0
1932 0.2597 0
1728 0.2585 0
1965 0.2531 0
1008 0.2517 0
963 0.2457 0
798 0.2419 0
201 0.2407 0
1259 0.2366 0
282 0.2317 0
1824 0.2305 0
1323 0.2291 0
1061 0.2248 0
1291 0.2245 0
1874 0.2177 0
766 0.2171 0
361 0.2161 0
615 0.2097 0
1914 0.2095 0
467 0.2065 0
374 0.2012 0
1179 0.2010 0
620 0.2009 0
148 0.2008 0
1123 0.2004 0
293 0.1966 0
885 0.1898 0
81 0.1863 0
1985 0.1802 0
369 0.1742 0
23 0.1727 0
1052 0.1691 0
1122 0.1686 0
1086 0.1631 0
1666 0.1621 0
1930 0.1568 0
693 0.1515 0
805 0.1470 0
1472 0.1452 0
127 0.1428 0
1980 0.1363 0
920 0.1363 0
251 0.1280 0
697 0.1244 0
743 0.1243 0
1909 0.1205 0
1908 0.1054 0
1104 0.0998 0
111 0.0993 0
219 0.0963 0
301 0.0946 0
1986 0.0908 0
1437 0.0880 0
87 0.0849 0
1106 0.0784 0
903 0.0775 0
1962 0.0726 0
285 0.0684 0
415 0.0675 0
794 0.0673 0
378 0.0670 0
233 0.0642 0
1322 0.0631 0
1975 0.0623 0
1402 0.0587 0
1942 0.0584 0
220 0.0579 0
1100 0.0572 0
188 0.0535 0
1309 0.0514 0
426 0.0457 0
664 0.0429 0
36 0.0398 0
851 0.0380 0
1968 0.0362 0
159 0.0355 0
1929 0.0348 0
1740 0.0338 0
1119 0.0331 0
260 0.0328 0
1235 0.0234 0
602 0.0223 0
1263 0.0192 0
512 0.0145 0
1079 0.0131 0
264 0.0092 0
129 0.0090 0
273 0.0088 0
1229 0.0087 0
582 0.0062 0
597 0.0038 0
748 0.0022 0
143 -0.0022 0
307 -0.0158 0
106 -0.0191 0
689 -0.0204 0
62 -0.0209 0
338 -0.0248 0
492 -0.0251 0
195 -0.0266 0
207 -0.0266 0
41 -0.0296 0
631 -0.0296 0
1431 -0.0337 0
1753 -0.0409 0
1910 -0.0436 0
1440 -0.0454 0
1063 -0.0474 0
393 -0.0623 0
32 -0.0702 0
335 -0.0737 0
1856 -0.0756 0
1020 -0.0783 0
1394 -0.0815 0
1758 -0.0824 0
170 -0.0844 0
430 -0.0947 0
808 -0.0974 0
115 -0.0986 0
754 -0.1004 0
1705 -0.1007 0
938 -0.1023 0
1091 -0.1043 0
1227 -0.1061 0
403 -0.1103 0
1763 -0.1141 0
883 -0.1155 0
1230 -0.1167 0
437 -0.1196 0
1433 -0.1203 0
982 -0.1211 0
945 -0.1247 0
1207 -0.1262 0
1011 -0.1265 0
1898 -0.1323 0
622 -0.1346 0
1351 -0.1406 0
261 -0.1418 0
1271 -0.1465 0
99 -0.1544 0
1005 -0.1563 0
407 -0.1632 0
1066 -0.1654 0
442 -0.1662 0
877 -0.1662 0
633 -0.1709 0
432 -0.1710 0
1915 -0.1761 0
515 -0.1763 0
868 -0.1780 0
1 -0.1799 0
1870 -0.1849 0
74 -0.1856 0
1212 -0.1921 0
118 -0.2002 0
767 -0.2008 0
1773 -0.2053 0
281 -0.2063 0
667 -0.2085 0
1200 -0.2121 0
352 -0.2169 0
428 -0.2178 0
1760 -0.2202 0
909 -0.2225 0
675 -0.2237 0
701 -0.2267 0
47 -0.2280 0
1928 -0.2300 0
423 -0.2380 0
1770 -0.2393 0
1894 -0.2394 0
647 -0.2407 0
1468 -0.2482 0
894 -0.2613 0
1073 -0.2614 0
1702 -0.2680 0
331 -0.2715 0
770 -0.2860 0
687 -0.2862 0
412 -0.2938 0
1823 -0.3031 0
858 -0.3145 0
990 -0.3164 0
1004 -0.3172 0
409 -0.3235 0
1762 -0.3312 0
1186 -0.3325 0
1987 -0.3343 0
518 -0.3357 0
1685 -0.3359 0
617 -0.3369 0
324 -0.3370 0
56 -0.3414 0
742 -0.3418 0
1375 -0.3443 0
455 -0.3534 0
172 -0.3555 0
1711 -0.3556 0
1717 -0.3687 0
362 -0.3693 0
1882 -0.3729 0
1964 -0.3768 0
1938 -0.3786 0
493 -0.3811 0
332 -0.3844 0
1756 -0.3846 0
66 -0.3866 0
297 -0.3886 0
162 -0.3896 0
317 -0.3936 0
1151 -0.3946 0
1999 -0.3996 0
1401 -0.4131 0
1868 -0.4148 0
1410 -0.4152 0
1276 -0.4196 0
1120 -0.4262 0
65 -0.4264 0
342 -0.4267 0
475 -0.4280 0
1069 -0.4295 0
480 -0.4372 0
343 -0.4457 0
1049 -0.4495 0
72 -0.4530 0
1023 -0.4554 0
244 -0.4568 0
1916 -0.4637 0
238 -0.4651 0
525 -0.4668 0
119 -0.4679 0
464 -0.4715 0
1924 -0.4782 0
1037 -0.4799 0
871 -0.4808 0
1791 -0.4826 0
1978 -0.4842 0
85 -0.4889 0
1415 -0.4910 0
507 -0.4937 0
1330 -0.5037 0
1918 -0.5097 0
1329 -0.5112 0
1346 -0.5118 0
1176 -0.5124 0
1937 -0.5148 0
1256 -0.5154 0
1082 -0.5156 0
471 -0.5188 0
1056 -0.5195 0
558 -0.5208 0
1064 -0.5237 0
865 -0.5263 0
1072 -0.5264 0
857 -0.5338 0
1165 -0.5401 0
1926 -0.5467 0
406 -0.5495 0
333 -0.5503 0
1627 -0.5528 0
206 -0.5536 0
1359 -0.5544 0
130 -0.5602 0
88 -0.5611 0
712 -0.5641 0
1772 -0.5646 0
710 -0.5662 0
520 -0.5694 0
1232 -0.5698 0
1925 -0.5709 0
1726 -0.5793 0
750 -0.5799 0
356 -0.5838 0
323 -0.5865 0
397 -0.5902 0
1318 -0.5924 0
1010 -0.5931 0
1154 -0.5936 0
1813 -0.5949 0
1170 -0.5954 0
1899 -0.5967 0
543 -0.5994 0
839 -0.6003 0
1210 -0.6057 0
22 -0.6117 0
325 -0.6124 0
1900 -0.6135 0
614 -0.6158 0
117 -0.6163 0
175 -0.6210 0
476 -0.6283 0
1713 -0.6285 0
194 -0.6304 0
1411 -0.6333 0
898 -0.6335 0
458 -0.6353 0
1955 -0.6428 0
1801 -0.6465 0
4 -0.6475 0
891 -0.6567 0
849 -0.6573 0
470 -0.6584 0
618 -0.6590 0
1265 -0.6592 0
1250 -0.6600 0
1084 -0.6614 0
1406 -0.6737 0
197 -0.6848 0
500 -0.6867 0
425 -0.6939 0
585 -0.6978 0
278 -0.6989 0
698 -0.6997 0
151 -0.7010 0
171 -0.7044 0
112 -0.7117 0
550 -0.7138 0
719 -0.7197 0
1794 -0.7206 0
1006 -0.7210 0
919 -0.7232 0
1192 -0.7240 0
1083 -0.7292 0
232 -0.7308 0
1427 -0.7330 0
1973 -0.7402 0
123 -0.7443 0
134 -0.7663 0
1449 -0.7701 0
1347 -0.7712 0
427 -0.7729 0
801 -0.7753 0
1367 -0.7758 0
1383 -0.7776 0
496 -0.7789 0
902 -0.7811 0
215 -0.7820 0
309 -0.7877 0
539 -0.7878 0
852 -0.7880 0
1950 -0.7919 0
753 -0.7955 0
1150 -0.7987 0
545 -0.7991 0
490 -0.8006 0
289 -0.8049 0
1757 -0.8102 0
1934 -0.8241 0
1368 -0.8298 0
935 -0.8300 0
1407 -0.8319 0
513 -0.8428 0
1141 -0.8463 0
1337 -0.8686 0
222 -0.8724 0
514 -0.8736 0
1097 -0.8758 0
1907 -0.8800 0
1244 -0.8855 0
542 -0.8869 0
1380 -0.8898 0
163 -0.8938 0
1722 -0.8963 0
19 -0.9009 0
1033 -0.9030 0
1109 -0.9038 0
519 -0.9041 0
1852 -0.9089 0
916 -0.9169 0
55 -0.9178 0
1093 -0.9224 0
1115 -0.9344 0
35 -0.9372 0
724 -0.9392 0
661 -0.9398 0
913 -0.9419 0
731 -0.9436 0
1292 -0.9472 0
1017 -0.9474 0
974 -0.9498 0
1725 -0.9509 0
1747 -0.9509 0
855 -0.9544 0
604 -0.9551 0
327 -0.9588 0
1804 -0.9687 0
706 -0.9696 0
246 -0.9782 0
226 -0.9785 0
3 -0.9797 0
178 -0.9800 0
267 -0.9898 0
79 -0.9905 0
1320 -1.0004 0
259 -1.0099 0
1301 -1.0107 0
495 -1.0148 0
933 -1.0221 0
1983 -1.0231 0
199 -1.0235 0
953 -1.0332 0
482 -1.0347 0
563 -1.0354 0
429 -1.0455 0
1275 -1.0498 0
20 -1.0505 0
120 -1.0587 0
502 -1.0615 0
925 -1.0637 0
716 -1.0638 0
1862 -1.0648 0
489 -1.0650 0
157 -1.0707 0
299 -1.0744 0
628 -1.0773 0
1700 -1.0805 0
523 -1.0977 0
1970 -1.0991 0
452 -1.1013 0
345 -1.1027 0
635 -1.1034 0
1857 -1.1038 0
1392 -1.1043 0
1434 -1.1089 0
1922 -1.1093 0
738 -1.1098 0
435 -1.1120 0
1043 -1.1141 0
136 -1.1171 0
1336 -1.1231 0
860 -1.1336 0
271 -1.1363 0
446 -1.1371 0
541 -1.1379 0
1021 -1.1388 0
531 -1.1414 0
421 -1.1426 0
1114 -1.1462 0
454 -1.1522 0
52 -1.1576 0
186 -1.1583 0
1059 -1.1613 0
1071 -1.1622 0
1307 -1.1686 0
911 -1.1693 0
241 -1.1701 0
252 -1.1710 0
43 -1.1739 0
1995 -1.1751 0
1424 -1.1767 0
813 -1.1798 0
1876 -1.1802 0
1332 -1.1815 0
720 -1.1870 0
837 -1.1904 0
1619 -1.1988 0
864 -1.2052 0
481 -1.2074 0
1886 -1.2091 0
1089 -1.2116 0
875 -1.2156 0
1873 -1.2156 0
1062 -1.2177 0
181 -1.2188 0
121 -1.2212 0
1739 -1.2239 0
1963 -1.2350 0
1782 -1.2437 0
845 -1.2469 0
1959 -1.2492 0
1940 -1.2500 0
101 -1.2530 0
517 -1.2548 0
1972 -1.2635 0
1270 -1.2663 0
177 -1.2691 0
161 -1.2726 0
483 -1.2733 0
1892 -1.2772 0
1759 -1.2790 0
928 -1.2856 0
48 -1.2883 0
1139 -1.2884 0
734 -1.2894 0
1129 -1.2961 0
254 -1.2970 0
145 -1.3060 0
322 -1.3104 0
1081 -1.3110 0
360 -1.3124 0
841 -1.3159 0
1027 -1.3234 0
80 -1.3262 0
1969 -1.3271 0
1945 -1.3286 0
872 -1.3305 0
279 -1.3306 0
155 -1.3313 0
1137 -1.3348 0
752 -1.3369 0
1831 -1.3377 0
339 -1.3413 0
1180 -1.3438 0
1496 -1.3490 0
1733 -1.3497 0
68 -1.3508 0
1720 -1.3525 0
182 -1.3583 0
917 -1.3613 0
1095 -1.3633 0
892 -1.3639 0
439 -1.3733 0
763 -1.3780 0
146 -1.3834 0
326 -1.3881 0
859 -1.3881 0
1261 -1.3919 0
433 -1.3948 0
315 -1.3959 0
1300 -1.4026 0
529 -1.4065 0
1112 -1.4097 0
114 -1.4119 0
1038 -1.4123 0
1835 -1.4341 0
711 -1.4369 0
1413 -1.4373 0
1741 -1.4406 0
796 -1.4448 0
896 -1.4516 0
962 -1.4539 0
727 -1.4574 0
1131 -1.4594 0
329 -1.4605 0
1439 -1.4683 0
910 -1.4751 0
405 -1.4808 0
1226 -1.4821 0
799 -1.4827 0
449 -1.4834 0
546 -1.4861 0
1201 -1.4887 0
540 -1.4903 0
1966 -1.4909 0
1921 -1.4923 0
1904 -1.4972 0
291 -1.4981 0
1404 -1.5040 0
1373 -1.5083 0
1869 -1.5095 0
1389 -1.5284 0
209 -1.5332 0
183 -1.5337 0
1001 -1.5409 0
478 -1.5428 0
286 -1.5523 0
526 -1.5606 0
1902 -1.5612 0
1225 -1.5629 0
1391 -1.5732 0
38 -1.5732 0
901 -1.5772 0
686 -1.5776 0
336 -1.5836 0
887 -1.5885 0
1077 -1.5898 0
436 -1.5915 0
1385 -1.5989 0
1821 -1.6097 0
1779 -1.6098 0
939 -1.6117 0
1220 -1.6130 0
1799 -1.6136 0
1714 -1.6188 0
1901 -1.6231 0
135 -1.6252 0
413 -1.6372 0
1818 -1.6379 0
995 -1.6390 0
1819 -1.6400 0
221 -1.6434 0
58 -1.6518 0
769 -1.6579 0
806 -1.6602 0
565 -1.6612 0
922 -1.6629 0
1811 -1.6641 0
1923 -1.6655 0
1810 -1.6673 0
1897 -1.6693 0
509 -1.6717 0
949 -1.6771 0
948 -1.6822 0
1839 -1.6853 0
1913 -1.6874 0
907 -1.6898 0
1426 -1.6937 0
1174 -1.6956 0
1807 -1.6970 0
1895 -1.6990 0
1110 -1.6991 0
1328 -1.7037 0
1304 -1.7139 0
952 -1.7149 0
1108 -1.7205 0
104 -1.7380 0
1738 -1.7396 0
160 -1.7416 0
1858 -1.7435 0
607 -1.7445 0
943 -1.7484 0
105 -1.7549 0
638 -1.7578 0
637 -1.7600 0
174 -1.7628 0
498 -1.7725 0
1443 -1.7739 0
1927 -1.7758 0
1018 -1.7770 0
494 -1.7778 0
268 -1.7798 0
1878 -1.7808 0
472 -1.7864 0
1132 -1.7867 0
1148 -1.7972 0
1096 -1.8019 0
1310 -1.8099 0
915 -1.8115 0
103 -1.8137 0
757 -1.8148 0
1386 -1.8151 0
564 -1.8240 0
535 -1.8251 0
621 -1.8323 0
1113 -1.8354 0
1390 -1.8357 0
1324 -1.8369 0
778 -1.8372 0
1408 -1.8375 0
1887 -1.8397 0
1144 -1.8410 0
1958 -1.8422 0
1742 -1.8436 0
1319 -1.8451 0
555 -1.8462 0
203 -1.8515 0
1816 -1.8526 0
843 -1.8559 0
1248 -1.8603 0
1803 -1.8608 0
624 -1.8622 0
1249 -1.8640 0
882 -1.8642 0
876 -1.8713 0
1796 -1.8736 0
245 -1.8776 0
1445 -1.8784 0
1430 -1.8788 0
1099 -1.8859 0
927 -1.8916 0
311 -1.8937 0
1155 -1.8940 0
1802 -1.8969 0
248 -1.8972 0
1065 -1.8985 0
484 -1.8997 0
443 -1.9140 0
1030 -1.9144 0
1031 -1.9277 0
139 -1.9284 0
1827 -1.9449 0
132 -1.9608 0
224 -1.9747 0
1751 -1.9765 0
1012 -1.9785 0
247 -1.9788 0
1189 -1.9807 0
584 -1.9808 0
21 -1.9825 0
147 -1.9830 0
708 -1.9872 0
205 -1.9927 0
344 -1.9934 0
735 -1.9939 0
1825 -1.9974 0
165 -1.9993 0
1102 -2.0012 0
276 -2.0062 0
947 -2.0063 0
78 -2.0185 0
776 -2.0296 0
1206 -2.0364 0
1846 -2.0390 0
589 -2.0395 0
110 -2.0432 0
552 -2.0619 0
1345 -2.0645 0
1116 -2.0666 0
347 -2.0679 0
1146 -2.0733 0
707 -2.0745 0
1067 -2.0941 0
1135 -2.0964 0
579 -2.1026 0
1340 -2.1029 0
606 -2.1077 0
1912 -2.1106 0
918 -2.1140 0
580 -2.1337 0
553 -2.1361 0
176 -2.1416 0
236 -2.1484 0
441 -2.1505 0
1417 -2.1520 0
1118 -2.1527 0
736 -2.1600 0
1949 -2.1719 0
895 -2.1729 0
1418 -2.1834 0
1376 -2.1838 0
287 -2.1869 0
75 -2.1920 0
1103 -2.1957 0
438 -2.2047 0
1215 -2.2060 0
612 -2.2130 0
1806 -2.2150 0
572 -2.2214 0
904 -2.2285 0
516 -2.2302 0
819 -2.2320 0
150 -2.2371 0
414 -2.2403 0
594 -2.2421 0
1933 -2.2507 0
1787 -2.2583 0
477 -2.2732 0
870 -2.2862 0
600 -2.2951 0
448 -2.2990 0
346 -2.3069 0
1344 -2.3105 0
1953 -2.3229 0
57 -2.3239 0
505 -2.3270 0
838 -2.3328 0
700 -2.3333 0
640 -2.3511 0
1786 -2.3582 0
601 -2.3607 0
239 -2.3620 0
1203 -2.3640 0
422 -2.3671 0
328 -2.3816 0
1094 -2.3829 0
874 -2.3830 0
1906 -2.3844 0
705 -2.3973 0
243 -2.4007 0
501 -2.4032 0
1111 -2.4053 0
936 -2.4078 0
1490 -2.4114 0
158 -2.4206 0
1429 -2.4227 0
1178 -2.4238 0
1748 -2.4305 0
280 -2.4312 0
1885 -2.4329 0
642 -2.4332 0
530 -2.4367 0
1436 -2.4379 0
189 -2.4466 0
198 -2.4551 0
1222 -2.4558 0
314 -2.4585 0
277 -2.4626 0
1836 -2.4661 0
1776 -2.4668 0
567 -2.4706 0
126 -2.4720 0
946 -2.5096 0
1173 -2.5113 0
33 -2.5141 0
231 -2.5200 0
1101 -2.5211 0
318 -2.5230 0
1954 -2.5233 0
942 -2.5253 0
1800 -2.5269 0
581 -2.5306 0
1935 -2.5322 0
1076 -2.5425 0
566 -2.5471 0
416 -2.5607 0
603 -2.5743 0
941 -2.5885 0
141 -2.5949 0
302 -2.6058 0
310 -2.6092 0
295 -2.6112 0
921 -2.6131 0
1866 -2.6138 0
1844 -2.6249 0
503 -2.6310 0
1764 -2.6380 0
866 -2.6511 0
627 -2.6522 0
300 -2.6523 0
646 -2.6540 0
536 -2.6580 0
1847 -2.6737 0
533 -2.6862 0
1798 -2.6870 0
1054 -2.6936 0
718 -2.6978 0
639 -2.7049 0
6 -2.7054 0
578 -2.7169 0
610 -2.7292 0
556 -2.7480 0
1842 -2.7576 0
761 -2.7663 0
109 -2.7772 0
554 -2.7864 0
906 -2.7933 0
1349 -2.8031 0
926 -2.8055 0
592 -2.8102 0
1701 -2.8165 0
288 -2.8278 0
1781 -2.8344 0
275 -2.8479 0
511 -2.8528 0
1854 -2.8550 0
625 -2.8572 0
274 -2.8606 0
1709 -2.8609 0
732 -2.8620 0
1832 -2.8658 0
1302 -2.8723 0
1039 -2.8754 0
1843 -2.8807 0
1956 -2.9009 0
623 -2.9210 0
725 -2.9275 0
102 -2.9416 0
223 -2.9484 0
900 -2.9538 0
561 -2.9565 0
1435 -2.9574 0
1880 -2.9647 0
1883 -2.9752 0
1356 -3.0217 0
1850 -3.0293 0
1971 -3.0303 0
749 -3.0334 0
166 -3.0376 0
125 -3.0500 0
256 -3.0578 0
586 -3.0814 0
593 -3.0919 0
608 -3.0969 0
192 -3.0976 0
729 -3.1120 0
1306 -3.1207 0
944 -3.1293 0
210 -3.1380 0
1335 -3.1397 0
1864 -3.1482 0
113 -3.1579 0
549 -3.1678 0
728 -3.1681 0
95 -3.1759 0
575 -3.1868 0
450 -3.1875 0
833 -3.2004 0
596 -3.2110 0
649 -3.2281 0
137 -3.2568 0
1140 -3.2606 0
869 -3.2610 0
1815 -3.3134 0
880 -3.3137 0
1872 -3.3357 0
1125 -3.3361 0
588 -3.3442 0
1981 -3.3640 0
152 -3.3653 0
634 -3.3706 0
856 -3.3886 0
1884 -3.4137 0
86 -3.4221 0
862 -3.4270 0
253 -3.4295 0
595 -3.4318 0
1871 -3.4664 0
510 -3.4932 0
571 -3.4933 0
149 -3.5063 0
1303 -3.5222 0
740 -3.5403 0
1313 -3.5605 0
37 -3.5791 0
321 -3.5794 0
609 -3.5871 0
616 -3.6116 0
140 -3.6119 0
154 -3.6336 0
557 -3.6379 0
1153 -3.6449 0
834 -3.6495 0
1861 -3.6667 0
1775 -3.6823 0
771 -3.7069 0
250 -3.7158 0
1708 -3.7355 0
1849 -3.7488 0
1334 -3.7751 0
1092 -3.8063 0
905 -3.8159 0
1710 -3.8620 0
187 -3.8715 0
1428 -3.8722 0
138 -3.8991 0
908 -3.9195 0
468 -3.9281 0
598 -3.9544 0
240 -3.9625 0
94 -4.0073 0
560 -4.0220 0
191 -4.0517 0
459 -4.0526 0
156 -4.1261 0
319 -4.2220 0
569 -4.2328 0
562 -4.2858 0
590 -4.2897 0
341 -4.3037 0
1724 -4.3138 0
1343 -4.3315 0
703 -4.3452 0
1133 -4.3908 0
1405 -4.4152 0
1840 -4.4308 0
1888 -4.4471 0
202 -4.5034 0
931 -4.5879 0
934 -4.6873 0
1859 -4.7091 0
1826 -4.7386 0
1416 -4.7399 0
632 -4.8132 0
573 -4.8732 0
1890 -4.9614 0
131 -4.9630 0
1896 -4.9942 0
1314 -5.0118 0
1814 -5.1049 0
576 -5.1866 0
1321 -5.2223 0
559 -5.2907 0
551 -5.3369 0
1817 -5.3840 0
583 -5.6758 0
1841 -5.8318 0
605 -5.9831 0
889 -6.5087 0
570 -6.5474 0
587 -7.5784 0
