1641 25.4613 1
1627 21.1234 1
1626 20.7670 1
1607 20.6760 1
1646 19.3111 1
1622 18.7357 1
1628 18.7081 1
1608 18.3982 1
1648 16.8903 1
1606 16.7974 1
1637 16.5168 1
1617 16.4347 1
1614 16.3102 1
1647 16.2247 1
1618 16.1662 1
1636 16.0849 1
1616 16.0278 1
1601 15.6041 1
1611 15.5750 1
1639 14.4677 1
1645 14.2522 1
1638 14.1672 1
1634 13.5637 1
1632 13.2095 1
1602 13.1376 1
1624 12.9106 1
1605 12.7578 1
1620 12.6734 1
1644 12.5185 1
1609 12.3988 1
456 12.3846 0
1635 12.2110 1
1640 12.1364 1
1623 11.7980 1
1643 11.5268 1
1621 11.3447 1
1604 11.1504 1
1615 10.8025 1
684 10.5794 0
1633 10.5549 1
1603 10.2216 1
1613 10.0482 1
1600 9.9329 1
1629 9.7590 1
950 9.2209 0
1612 9.0528 1
1560 8.9286 0
1680 8.6720 0
1582 8.6382 0
1653 8.2602 0
1264 8.2444 0
1630 8.1482 1
1699 8.0448 0
1570 7.9684 0
1473 7.6749 0
677 7.5825 0
1625 7.4723 1
992 7.4656 0
1548 7.3710 0
1896 7.2264 0
1379 7.1721 0
1479 7.1642 0
1567 7.1004 0
1361 7.0481 0
1457 6.9731 0
1671 6.8010 0
29 6.5919 0
1631 6.5486 1
1499 6.5427 0
1679 6.4921 0
1350 6.4821 0
1398 6.4801 0
1461 6.2407 0
1487 6.1535 0
1494 6.0535 0
1460 6.0360 0
1296 6.0347 0
1450 6.0249 0
691 5.9959 0
1573 5.9856 0
699 5.9502 0
1358 5.9227 0
1694 5.7966 0
1502 5.7683 0
958 5.7595 0
1765 5.7163 0
1283 5.6973 0
690 5.6702 0
1388 5.6641 0
1619 5.6398 1
1555 5.4352 0
988 5.3924 0
449 5.3911 0
1469 5.3782 0
1673 5.3161 0
1774 5.3150 0
1532 5.3110 0
1497 5.3108 0
1568 5.2984 0
1185 5.2881 0
1463 5.1555 0
1662 5.1516 0
1552 5.1440 0
1471 5.1336 0
951 5.1183 0
1495 5.0999 0
1550 5.0997 0
1599 5.0925 0
959 5.0074 0
1678 4.9997 0
973 4.9858 0
964 4.9326 0
1551 4.8744 0
671 4.7974 0
1281 4.7547 0
1931 4.7513 0
993 4.7094 0
1597 4.6388 0
1500 4.6244 0
1486 4.6142 0
1663 4.5952 0
967 4.5844 0
978 4.5324 0
1577 4.5145 0
1556 4.5100 0
1891 4.5098 0
1465 4.4632 0
1654 4.4562 0
1542 4.4316 0
1672 4.3825 0
651 4.3268 0
1763 4.3109 0
1523 4.3078 0
1498 4.2990 0
1464 4.2945 0
1462 4.2703 0
1693 4.2540 0
981 4.2479 0
1456 4.2467 0
1594 4.2441 0
0 4.2053 0
1159 4.1974 0
1569 4.1903 0
1511 4.1889 0
1610 4.1756 1
1559 4.1630 0
656 4.1315 0
1493 4.1193 0
1045 4.0959 0
1459 4.0843 0
1595 4.0690 0
997 4.0684 0
1117 4.0479 0
1476 4.0406 0
1260 4.0394 0
1257 4.0008 0
1353 3.9723 0
1451 3.9085 0
1863 3.8512 0
1274 3.8393 0
983 3.8183 0
1596 3.8126 0
1491 3.8042 0
1593 3.8019 0
1261 3.7987 0
1522 3.7969 0
1485 3.7956 0
1282 3.7828 0
1535 3.7502 0
1642 3.7439 1
1543 3.7300 0
1686 3.7273 0
966 3.7116 0
969 3.6836 0
999 3.6385 0
1458 3.6321 0
1562 3.6185 0
1002 3.6156 0
670 3.6128 0
1482 3.6051 0
1177 3.5848 0
1547 3.5676 0
1453 3.5661 0
1690 3.5656 0
1652 3.5037 0
1032 3.4923 0
1566 3.4328 0
871 3.4140 0
1489 3.4084 0
1468 3.3405 0
1962 3.3265 0
1481 3.3183 0
1009 3.3027 0
972 3.2598 0
1293 3.2395 0
1251 3.2335 0
1510 3.1950 0
977 3.1864 0
473 3.1752 0
1576 3.1600 0
1268 3.1326 0
476 3.1291 0
1478 3.1060 0
526 3.1016 0
1354 3.0706 0
980 3.0399 0
673 3.0389 0
1454 3.0269 0
989 2.9954 0
982 2.9826 0
1011 2.9772 0
955 2.9409 0
1649 2.9386 1
1277 2.9318 0
523 2.9241 0
650 2.9071 0
1272 2.8986 0
1438 2.8559 0
717 2.8432 0
994 2.7947 0
1514 2.7839 0
486 2.7729 0
996 2.7668 0
349 2.7594 0
985 2.7505 0
468 2.7391 0
1910 2.7341 0
1483 2.7216 0
489 2.6787 0
1278 2.6638 0
513 2.6631 0
600 2.6506 0
1898 2.6299 0
1875 2.6269 0
1258 2.5965 0
1512 2.5827 0
1472 2.5801 0
539 2.5733 0
1352 2.5653 0
1557 2.5647 0
960 2.5150 0
1152 2.4959 0
1948 2.4601 0
488 2.4440 0
1589 2.4377 0
184 2.4148 0
1357 2.3963 0
469 2.3897 0
1179 2.3630 0
888 2.3615 0
1504 2.3508 0
1579 2.3458 0
1536 2.3351 0
1477 2.3208 0
512 2.3185 0
535 2.3120 0
1421 2.2835 0
475 2.2776 0
1684 2.2723 0
654 2.2559 0
1157 2.2484 0
850 2.2442 0
186 2.2424 0
1000 2.2249 0
953 2.2179 0
494 2.2111 0
1234 2.1953 0
1267 2.1767 0
1692 2.1622 0
1279 2.1573 0
1658 2.1564 0
1193 2.1206 0
1688 2.1163 0
1591 2.1148 0
899 2.1073 0
1527 2.1061 0
1008 2.0855 0
1675 2.0809 0
1677 2.0713 0
1687 2.0529 0
1869 2.0328 0
455 2.0293 0
463 2.0291 0
1521 2.0205 0
897 2.0179 0
237 2.0069 0
1590 1.9874 0
1006 1.9832 0
1528 1.9751 0
1308 1.9676 0
1650 1.9546 0
1578 1.9515 0
1518 1.9369 0
957 1.9351 0
986 1.9261 0
1533 1.9032 0
452 1.8920 0
688 1.8817 0
1396 1.8735 0
647 1.8593 0
1924 1.8387 0
1900 1.8321 0
624 1.8271 0
1977 1.8173 0
457 1.8144 0
1294 1.7985 0
679 1.7961 0
1423 1.7918 0
1656 1.7834 0
975 1.7715 0
965 1.7681 0
1540 1.7673 0
638 1.7658 0
998 1.7546 0
1286 1.7368 0
1751 1.7364 0
1284 1.7338 0
1287 1.7305 0
542 1.7071 0
898 1.6947 0
1386 1.6793 0
1537 1.6675 0
1584 1.6621 0
1876 1.6518 0
1689 1.6271 0
1047 1.6271 0
1143 1.6219 0
652 1.6057 0
680 1.5970 0
1394 1.5869 0
1894 1.5844 0
478 1.5806 0
1440 1.5574 0
1366 1.5394 0
1766 1.5287 0
1587 1.5073 0
970 1.4992 0
1297 1.4978 0
39 1.4857 0
1195 1.4754 0
1290 1.4731 0
208 1.4581 0
1288 1.4516 0
1360 1.4436 0
495 1.4403 0
1975 1.4373 0
14 1.4189 0
378 1.4075 0
1289 1.4061 0
894 1.4011 0
649 1.3819 0
308 1.3569 0
347 1.3555 0
1377 1.3502 0
538 1.3458 0
1588 1.3418 0
1135 1.3369 0
1025 1.3272 0
892 1.3136 0
1370 1.3121 0
1323 1.3035 0
1455 1.3008 0
474 1.2984 0
315 1.2952 0
630 1.2916 0
1182 1.2757 0
1855 1.2707 0
111 1.2683 0
979 1.2582 0
657 1.2506 0
1271 1.2287 0
1795 1.2285 0
529 1.2264 0
1580 1.2134 0
1276 1.2059 0
923 1.2044 0
1916 1.2010 0
1269 1.1895 0
768 1.1745 0
326 1.1656 0
792 1.1620 0
775 1.1516 0
1905 1.1507 0
1355 1.1464 0
323 1.1460 0
1987 1.1360 0
42 1.1358 0
1695 1.1323 0
188 1.1245 0
1985 1.1042 0
6 1.1005 0
1427 1.0844 0
971 1.0840 0
1681 1.0836 0
419 1.0831 0
1492 1.0658 0
874 1.0607 0
165 1.0603 0
1676 1.0538 0
311 1.0441 0
1971 1.0374 0
1657 1.0333 0
1158 1.0031 0
991 0.9952 0
1660 0.9731 0
1893 0.9662 0
1405 0.9616 0
1381 0.9459 0
497 0.9418 0
112 0.9400 0
1683 0.9327 0
466 0.9126 0
1520 0.8869 0
1899 0.8859 0
1364 0.8776 0
1553 0.8671 0
200 0.8650 0
1041 0.8617 0
1696 0.8607 0
864 0.8567 0
617 0.8558 0
555 0.8535 0
1755 0.8337 0
1767 0.8306 0
968 0.8276 0
1253 0.8165 0
1927 0.8008 0
1431 0.7969 0
1549 0.7917 0
255 0.7907 0
1449 0.7882 0
1199 0.7877 0
1345 0.7841 0
1224 0.7609 0
1659 0.7518 0
434 0.7514 0
1436 0.7465 0
1995 0.7404 0
1655 0.7352 0
1100 0.7205 0
1432 0.7108 0
1372 0.7059 0
1669 0.7052 0
496 0.6979 0
541 0.6726 0
1961 0.6617 0
1670 0.6568 0
1691 0.6486 0
1682 0.6441 0
626 0.6379 0
1384 0.6320 0
1452 0.6237 0
1998 0.6132 0
1295 0.5846 0
1951 0.5838 0
1208 0.5808 0
404 0.5730 0
693 0.5704 0
106 0.5655 0
1867 0.5598 0
887 0.5566 0
1273 0.5494 0
1003 0.5384 0
1411 0.5278 0
867 0.5260 0
1240 0.5045 0
884 0.5024 0
1259 0.4976 0
371 0.4944 0
1190 0.4842 0
974 0.4826 0
1853 0.4789 0
1685 0.4738 0
1698 0.4704 0
575 0.4652 0
327 0.4606 0
676 0.4442 0
346 0.4407 0
105 0.4407 0
696 0.4321 0
1474 0.4294 0
1270 0.4264 0
1519 0.4169 0
1219 0.4102 0
1409 0.3633 0
1779 0.3577 0
493 0.3513 0
1019 0.3490 0
471 0.3466 0
136 0.3462 0
1470 0.3450 0
1904 0.3307 0
1339 0.3300 0
1857 0.3262 0
1868 0.3241 0
653 0.3224 0
1325 0.3156 0
521 0.3132 0
1574 0.3062 0
1992 0.2991 0
381 0.2982 0
345 0.2705 0
1254 0.2627 0
1141 0.2624 0
1359 0.2587 0
1389 0.2527 0
1252 0.2502 0
1490 0.2274 0
1769 0.2124 0
540 0.1987 0
1561 0.1976 0
1382 0.1970 0
856 0.1947 0
694 0.1822 0
1262 0.1783 0
1142 0.1745 0
329 0.1689 0
273 0.1643 0
855 0.1591 0
1661 0.1556 0
759 0.1468 0
1329 0.1453 0
1387 0.1350 0
1034 0.1348 0
1238 0.1340 0
1417 0.1256 0
1015 0.1218 0
1249 0.1179 0
1480 0.0950 0
179 0.0934 0
1936 0.0888 0
1467 0.0861 0
444 0.0848 0
851 0.0836 0
1391 0.0800 0
204 0.0787 0
1965 0.0786 0
470 0.0625 0
235 0.0547 0
883 0.0380 0
508 0.0371 0
318 0.0314 0
1122 0.0297 0
343 0.0221 0
1674 0.0192 0
659 0.0177 0
127 0.0166 0
185 0.0142 0
1915 0.0074 0
213 -0.0031 0
660 -0.0215 0
1782 -0.0496 0
340 -0.0581 0
2 -0.0589 0
1298 -0.0675 0
1914 -0.0691 0
1062 -0.0847 0
689 -0.0856 0
480 -0.0881 0
1563 -0.0920 0
1151 -0.0988 0
896 -0.0994 0
916 -0.1018 0
502 -0.1024 0
316 -0.1037 0
1571 -0.1069 0
1147 -0.1104 0
547 -0.1112 0
1531 -0.1121 0
685 -0.1249 0
1505 -0.1340 0
1529 -0.1446 0
1363 -0.1446 0
780 -0.1459 0
209 -0.1499 0
1194 -0.1533 0
485 -0.1544 0
229 -0.1558 0
1882 -0.1667 0
860 -0.1762 0
878 -0.1781 0
1164 -0.1820 0
520 -0.1872 0
1362 -0.1960 0
1221 -0.1983 0
891 -0.1992 0
1317 -0.2063 0
1138 -0.2124 0
1330 -0.2178 0
249 -0.2189 0
107 -0.2197 0
1399 -0.2277 0
1148 -0.2332 0
458 -0.2338 0
1785 -0.2354 0
1911 -0.2433 0
862 -0.2451 0
1171 -0.2545 0
1369 -0.2598 0
1991 -0.2610 0
1846 -0.2623 0
1444 -0.2690 0
1934 -0.2715 0
219 -0.2729 0
1862 -0.2809 0
655 -0.2872 0
1207 -0.2947 0
1365 -0.3001 0
40 -0.3042 0
1871 -0.3079 0
1892 -0.3133 0
303 -0.3284 0
507 -0.3403 0
44 -0.3444 0
692 -0.3505 0
1447 -0.3676 0
576 -0.3677 0
778 -0.3712 0
937 -0.3715 0
1202 -0.3717 0
1434 -0.3729 0
1418 -0.3776 0
398 -0.3897 0
504 -0.3907 0
1124 -0.3934 0
1416 -0.4028 0
1028 -0.4291 0
1403 -0.4339 0
1304 -0.4381 0
1031 -0.4411 0
879 -0.4537 0
1383 -0.4725 0
1558 -0.4728 0
1285 -0.4761 0
484 -0.4768 0
534 -0.4768 0
1651 -0.4783 0
1343 -0.4797 0
952 -0.4877 0
1197 -0.5021 0
1667 -0.5064 0
595 -0.5066 0
490 -0.5103 0
472 -0.5123 0
1446 -0.5207 0
1565 -0.5210 0
1245 -0.5257 0
1484 -0.5268 0
1953 -0.5279 0
320 -0.5293 0
16 -0.5316 0
459 -0.5382 0
1265 -0.5415 0
1186 -0.5446 0
756 -0.5489 0
296 -0.5490 0
1064 -0.5498 0
668 -0.5525 0
1166 -0.5619 0
527 -0.5636 0
1933 -0.5704 0
548 -0.5711 0
461 -0.5720 0
1783 -0.5744 0
1949 -0.5785 0
1770 -0.5874 0
1378 -0.5989 0
524 -0.6014 0
53 -0.6038 0
243 -0.6061 0
1299 -0.6063 0
1943 -0.6146 0
697 -0.6147 0
1375 -0.6218 0
260 -0.6231 0
1016 -0.6319 0
873 -0.6341 0
148 -0.6364 0
1858 -0.6368 0
1280 -0.6460 0
1040 -0.6462 0
1973 -0.6463 0
1027 -0.6519 0
1109 -0.6605 0
1024 -0.6724 0
1777 -0.6748 0
1351 -0.6866 0
863 -0.6915 0
1404 -0.6962 0
201 -0.6978 0
1939 -0.6986 0
1127 -0.7007 0
1794 -0.7015 0
8 -0.7123 0
1374 -0.7133 0
787 -0.7228 0
1564 -0.7264 0
477 -0.7303 0
12 -0.7350 0
1509 -0.7398 0
1367 -0.7409 0
1187 -0.7528 0
1316 -0.7594 0
453 -0.7629 0
167 -0.7636 0
566 -0.7687 0
248 -0.7713 0
1188 -0.7731 0
1592 -0.7762 0
172 -0.7780 0
1191 -0.7791 0
1534 -0.7805 0
206 -0.7961 0
1043 -0.8003 0
1448 -0.8031 0
448 -0.8054 0
228 -0.8076 0
1300 -0.8079 0
151 -0.8098 0
95 -0.8125 0
1546 -0.8175 0
578 -0.8193 0
1215 -0.8228 0
678 -0.8278 0
1881 -0.8308 0
1292 -0.8394 0
196 -0.8443 0
1392 -0.8536 0
859 -0.8582 0
1167 -0.8625 0
1443 -0.8664 0
482 -0.8687 0
886 -0.8697 0
1697 -0.8725 0
1244 -0.8787 0
1180 -0.8934 0
1748 -0.8937 0
67 -0.8987 0
1496 -0.9139 0
1664 -0.9163 0
1218 -0.9212 0
373 -0.9219 0
1437 -0.9482 0
132 -0.9497 0
1046 -0.9520 0
348 -0.9707 0
1880 -0.9772 0
376 -0.9809 0
852 -0.9877 0
239 -0.9880 0
858 -0.9934 0
1030 -0.9971 0
1085 -1.0030 0
277 -1.0047 0
1313 -1.0093 0
625 -1.0381 0
790 -1.0437 0
674 -1.0485 0
909 -1.0562 0
1319 -1.0601 0
409 -1.0610 0
1963 -1.0676 0
781 -1.0791 0
1275 -1.0797 0
1864 -1.0812 0
1223 -1.0815 0
501 -1.0834 0
1524 -1.0894 0
518 -1.0898 0
644 -1.0943 0
1989 -1.0981 0
222 -1.0990 0
1229 -1.1093 0
1017 -1.1127 0
310 -1.1176 0
893 -1.1208 0
537 -1.1274 0
1988 -1.1350 0
528 -1.1351 0
1538 -1.1378 0
332 -1.1416 0
1014 -1.1423 0
1400 -1.1455 0
1928 -1.1502 0
1572 -1.1514 0
1395 -1.1596 0
1475 -1.1688 0
553 -1.1706 0
72 -1.1762 0
460 -1.1766 0
1150 -1.1831 0
1348 -1.1925 0
436 -1.1970 0
1581 -1.1978 0
1922 -1.1990 0
1508 -1.1992 0
746 -1.2040 0
1010 -1.2250 0
1428 -1.2327 0
1206 -1.2346 0
242 -1.2389 0
1424 -1.2455 0
1441 -1.2471 0
583 -1.2515 0
1942 -1.2536 0
536 -1.2637 0
1668 -1.2654 0
21 -1.2748 0
1110 -1.2833 0
853 -1.2921 0
767 -1.2945 0
875 -1.2991 0
866 -1.3019 0
987 -1.3153 0
1248 -1.3219 0
984 -1.3306 0
1513 -1.3365 0
1921 -1.3403 0
462 -1.3438 0
672 -1.3596 0
336 -1.3621 0
1331 -1.3626 0
1336 -1.3632 0
128 -1.3659 0
1877 -1.3776 0
3 -1.3800 0
1919 -1.3836 0
1341 -1.3867 0
321 -1.3892 0
254 -1.3894 0
420 -1.3933 0
695 -1.3965 0
1792 -1.3995 0
218 -1.4047 0
751 -1.4090 0
1342 -1.4115 0
5 -1.4143 0
312 -1.4153 0
230 -1.4159 0
754 -1.4188 0
1544 -1.4280 0
1488 -1.4351 0
560 -1.4484 0
570 -1.4519 0
487 -1.4535 0
1368 -1.4612 0
234 -1.4625 0
1466 -1.4789 0
233 -1.4814 0
492 -1.4820 0
1906 -1.4821 0
23 -1.4843 0
1373 -1.4889 0
1964 -1.4923 0
1123 -1.5004 0
1256 -1.5009 0
734 -1.5018 0
100 -1.5019 0
658 -1.5084 0
1903 -1.5113 0
1412 -1.5155 0
1145 -1.5207 0
1407 -1.5250 0
865 -1.5359 0
203 -1.5377 0
1007 -1.5467 0
615 -1.5564 0
662 -1.5595 0
433 -1.5612 0
666 -1.5701 0
1861 -1.5754 0
15 -1.5817 0
598 -1.5868 0
1947 -1.5885 0
1986 -1.5981 0
1980 -1.6037 0
1083 -1.6071 0
334 -1.6210 0
573 -1.6344 0
304 -1.6464 0
1907 -1.6479 0
920 -1.6481 0
1760 -1.6596 0
1346 -1.6771 0
1397 -1.6796 0
335 -1.7041 0
1545 -1.7059 0
1022 -1.7072 0
1121 -1.7112 0
1266 -1.7115 0
963 -1.7127 0
241 -1.7311 0
244 -1.7348 0
1420 -1.7350 0
1978 -1.7357 0
1410 -1.7392 0
227 -1.7396 0
687 -1.7432 0
1236 -1.7447 0
1425 -1.7477 0
1060 -1.7503 0
317 -1.7509 0
1068 -1.7530 0
584 -1.7677 0
1960 -1.7794 0
60 -1.7803 0
225 -1.7955 0
1920 -1.7980 0
1414 -1.7981 0
581 -1.8042 0
47 -1.8050 0
1430 -1.8122 0
1371 -1.8182 0
1255 -1.8230 0
890 -1.8302 0
1913 -1.8338 0
586 -1.8390 0
1242 -1.8415 0
1228 -1.8416 0
639 -1.8433 0
1149 -1.8541 0
215 -1.8602 0
1108 -1.8740 0
1966 -1.8866 0
212 -1.8869 0
1132 -1.8917 0
451 -1.8985 0
588 -1.9017 0
562 -1.9019 0
618 -1.9021 0
1326 -1.9141 0
1049 -1.9191 0
464 -1.9194 0
18 -1.9309 0
743 -1.9316 0
1944 -1.9320 0
270 -1.9371 0
1745 -1.9386 0
543 -1.9548 0
79 -1.9588 0
1959 -1.9651 0
881 -1.9731 0
1929 -1.9750 0
703 -1.9798 0
245 -1.9840 0
1993 -1.9859 0
1851 -1.9872 0
1172 -1.9882 0
325 -1.9912 0
1144 -1.9998 0
1873 -2.0032 0
1442 -2.0051 0
1340 -2.0066 0
32 -2.0067 0
491 -2.0085 0
1178 -2.0110 0
885 -2.0144 0
30 -2.0213 0
1073 -2.0223 0
1781 -2.0236 0
1503 -2.0308 0
221 -2.0349 0
1001 -2.0359 0
1051 -2.0366 0
1070 -2.0483 0
1327 -2.0510 0
465 -2.0552 0
211 -2.0552 0
445 -2.0703 0
930 -2.0747 0
367 -2.0761 0
330 -2.0830 0
1515 -2.0839 0
1231 -2.0862 0
1666 -2.0920 0
352 -2.0972 0
370 -2.0987 0
1957 -2.1037 0
1310 -2.1040 0
720 -2.1072 0
75 -2.1075 0
789 -2.1158 0
291 -2.1173 0
266 -2.1199 0
748 -2.1204 0
1247 -2.1207 0
1956 -2.1212 0
331 -2.1245 0
1115 -2.1253 0
889 -2.1389 0
675 -2.1400 0
299 -2.1438 0
723 -2.1458 0
1376 -2.1487 0
141 -2.1496 0
1020 -2.1496 0
718 -2.1543 0
1402 -2.1561 0
1923 -2.1630 0
146 -2.1645 0
1598 -2.1697 0
608 -2.1785 0
745 -2.1823 0
1784 -2.2002 0
1155 -2.2015 0
262 -2.2026 0
976 -2.2059 0
1393 -2.2071 0
1885 -2.2081 0
1305 -2.2104 0
1235 -2.2134 0
861 -2.2165 0
391 -2.2175 0
1954 -2.2207 0
1912 -2.2225 0
454 -2.2227 0
1035 -2.2260 0
190 -2.2277 0
1764 -2.2318 0
728 -2.2332 0
1192 -2.2374 0
1119 -2.2399 0
1926 -2.2400 0
1997 -2.2471 0
314 -2.2471 0
387 -2.2494 0
914 -2.2514 0
1338 -2.2540 0
1874 -2.2587 0
1146 -2.2635 0
192 -2.2641 0
313 -2.2652 0
90 -2.2677 0
34 -2.2696 0
574 -2.2698 0
479 -2.2738 0
1665 -2.2750 0
872 -2.2753 0
1390 -2.2868 0
1042 -2.2932 0
771 -2.2950 0
1422 -2.2980 0
1332 -2.3034 0
377 -2.3050 0
1349 -2.3178 0
140 -2.3183 0
1974 -2.3208 0
301 -2.3218 0
932 -2.3250 0
1715 -2.3332 0
306 -2.3419 0
220 -2.3440 0
309 -2.3443 0
328 -2.3548 0
1237 -2.3563 0
1241 -2.3586 0
774 -2.3617 0
214 -2.3654 0
1433 -2.3722 0
410 -2.3728 0
522 -2.3766 0
1170 -2.3881 0
1583 -2.3953 0
1129 -2.3969 0
1133 -2.3972 0
1181 -2.3995 0
1153 -2.4058 0
1239 -2.4105 0
567 -2.4293 0
369 -2.4323 0
247 -2.4359 0
1309 -2.4411 0
426 -2.4424 0
1752 -2.4496 0
1113 -2.4496 0
705 -2.4510 0
1506 -2.4541 0
397 -2.4542 0
846 -2.4570 0
1222 -2.4613 0
1018 -2.4650 0
43 -2.4655 0
86 -2.4720 0
1719 -2.4771 0
663 -2.4834 0
83 -2.4842 0
940 -2.4857 0
1994 -2.4862 0
431 -2.4868 0
722 -2.4914 0
629 -2.4940 0
1983 -2.4960 0
24 -2.4968 0
1758 -2.4975 0
779 -2.5050 0
811 -2.5100 0
236 -2.5118 0
1137 -2.5170 0
876 -2.5230 0
545 -2.5238 0
954 -2.5254 0
962 -2.5261 0
1955 -2.5317 0
961 -2.5361 0
765 -2.5393 0
224 -2.5416 0
101 -2.5424 0
1263 -2.5556 0
519 -2.5559 0
931 -2.5639 0
1082 -2.5666 0
1753 -2.5675 0
609 -2.5688 0
1347 -2.5785 0
1415 -2.5953 0
664 -2.5957 0
612 -2.6004 0
17 -2.6026 0
1435 -2.6044 0
1029 -2.6119 0
880 -2.6279 0
797 -2.6314 0
716 -2.6352 0
1895 -2.6371 0
62 -2.6380 0
1909 -2.6438 0
1761 -2.6465 0
895 -2.6503 0
1081 -2.6553 0
1860 -2.6588 0
956 -2.6697 0
1886 -2.6698 0
1161 -2.6700 0
284 -2.6766 0
506 -2.6802 0
157 -2.6916 0
740 -2.6973 0
1312 -2.6974 0
1501 -2.6992 0
358 -2.6995 0
1168 -2.7044 0
559 -2.7092 0
65 -2.7103 0
571 -2.7165 0
1328 -2.7197 0
1762 -2.7214 0
217 -2.7287 0
344 -2.7403 0
401 -2.7454 0
750 -2.7501 0
169 -2.7532 0
509 -2.7546 0
1996 -2.7557 0
1401 -2.7573 0
594 -2.7609 0
1320 -2.7616 0
1114 -2.7635 0
226 -2.7643 0
707 -2.7660 0
713 -2.7679 0
89 -2.7743 0
280 -2.7835 0
1845 -2.7851 0
842 -2.7876 0
1004 -2.7917 0
1038 -2.7920 0
166 -2.7921 0
1189 -2.8002 0
1156 -2.8017 0
1136 -2.8063 0
841 -2.8077 0
38 -2.8167 0
1419 -2.8201 0
307 -2.8217 0
13 -2.8277 0
1852 -2.8415 0
1940 -2.8416 0
374 -2.8420 0
1865 -2.8487 0
854 -2.8502 0
995 -2.8554 0
1908 -2.8573 0
1525 -2.8600 0
577 -2.8633 0
782 -2.8681 0
1209 -2.8749 0
195 -2.8789 0
1052 -2.8796 0
835 -2.8807 0
46 -2.8895 0
1106 -2.8901 0
882 -2.8999 0
1797 -2.9079 0
561 -2.9158 0
1917 -2.9258 0
418 -2.9295 0
1984 -2.9372 0
580 -2.9405 0
1788 -2.9552 0
1793 -2.9651 0
1356 -2.9778 0
709 -2.9799 0
1023 -2.9811 0
1243 -2.9838 0
216 -2.9864 0
276 -2.9869 0
868 -2.9879 0
735 -2.9909 0
1200 -2.9927 0
142 -2.9956 0
1233 -2.9961 0
1134 -3.0012 0
63 -3.0072 0
1080 -3.0074 0
93 -3.0086 0
155 -3.0166 0
739 -3.0194 0
702 -3.0235 0
25 -3.0239 0
76 -3.0243 0
362 -3.0331 0
20 -3.0403 0
762 -3.0408 0
402 -3.0429 0
68 -3.0432 0
1140 -3.0446 0
1380 -3.0477 0
1972 -3.0490 0
532 -3.0503 0
36 -3.0552 0
549 -3.0633 0
1087 -3.0683 0
1901 -3.0728 0
938 -3.0733 0
1526 -3.0767 0
231 -3.0773 0
4 -3.0800 0
905 -3.0806 0
902 -3.0830 0
342 -3.0854 0
408 -3.0946 0
119 -3.0977 0
108 -3.1051 0
168 -3.1071 0
19 -3.1073 0
796 -3.1078 0
99 -3.1114 0
546 -3.1123 0
384 -3.1153 0
379 -3.1166 0
1318 -3.1213 0
69 -3.1278 0
126 -3.1283 0
33 -3.1300 0
1088 -3.1463 0
1013 -3.1476 0
272 -3.1506 0
1291 -3.1558 0
1708 -3.1680 0
1938 -3.1770 0
1307 -3.1808 0
1575 -3.1814 0
1048 -3.1921 0
773 -3.1987 0
607 -3.2023 0
414 -3.2041 0
1217 -3.2079 0
589 -3.2175 0
202 -3.2180 0
1967 -3.2206 0
945 -3.2228 0
267 -3.2242 0
372 -3.2322 0
261 -3.2395 0
517 -3.2506 0
52 -3.2515 0
50 -3.2549 0
1162 -3.2569 0
432 -3.2576 0
385 -3.2623 0
182 -3.2687 0
1128 -3.2786 0
1005 -3.2830 0
1439 -3.2952 0
403 -3.2958 0
1 -3.2986 0
515 -3.2998 0
1333 -3.3007 0
98 -3.3048 0
1925 -3.3075 0
149 -3.3094 0
1204 -3.3222 0
1160 -3.3266 0
758 -3.3390 0
741 -3.3442 0
1884 -3.3508 0
708 -3.3639 0
1058 -3.3689 0
341 -3.3702 0
710 -3.3713 0
990 -3.3719 0
725 -3.3733 0
1870 -3.3735 0
389 -3.3798 0
627 -3.3820 0
786 -3.3925 0
1999 -3.3932 0
122 -3.3952 0
1302 -3.4079 0
467 -3.4106 0
1768 -3.4153 0
430 -3.4186 0
802 -3.4196 0
572 -3.4200 0
1072 -3.4202 0
1120 -3.4203 0
64 -3.4230 0
530 -3.4240 0
747 -3.4370 0
109 -3.4384 0
753 -3.4412 0
288 -3.4428 0
1918 -3.4517 0
382 -3.4625 0
94 -3.4673 0
360 -3.4779 0
87 -3.4796 0
198 -3.4826 0
511 -3.4872 0
1097 -3.4875 0
1941 -3.5008 0
599 -3.5018 0
1791 -3.5030 0
791 -3.5039 0
424 -3.5109 0
368 -3.5149 0
752 -3.5219 0
1118 -3.5222 0
1201 -3.5279 0
258 -3.5307 0
582 -3.5309 0
1050 -3.5321 0
357 -3.5360 0
1825 -3.5413 0
71 -3.5449 0
1790 -3.5492 0
1979 -3.5601 0
927 -3.5614 0
400 -3.5639 0
1516 -3.5660 0
45 -3.5663 0
1175 -3.5664 0
514 -3.5667 0
1883 -3.5671 0
1850 -3.5707 0
1445 -3.5759 0
1250 -3.5797 0
131 -3.5801 0
604 -3.5809 0
415 -3.5829 0
355 -3.5837 0
1213 -3.5907 0
96 -3.5934 0
257 -3.6066 0
1530 -3.6130 0
1707 -3.6178 0
440 -3.6182 0
1163 -3.6214 0
1075 -3.6236 0
665 -3.6272 0
1778 -3.6305 0
176 -3.6319 0
232 -3.6332 0
1756 -3.6350 0
175 -3.6426 0
295 -3.6467 0
1090 -3.6494 0
525 -3.6565 0
118 -3.6608 0
924 -3.6693 0
1729 -3.6777 0
1322 -3.6806 0
918 -3.6818 0
749 -3.6831 0
103 -3.6879 0
150 -3.7043 0
324 -3.7055 0
1771 -3.7074 0
1246 -3.7092 0
143 -3.7107 0
1126 -3.7125 0
446 -3.7196 0
557 -3.7309 0
207 -3.7353 0
1111 -3.7489 0
1211 -3.7508 0
1776 -3.7624 0
1413 -3.7628 0
134 -3.7702 0
1107 -3.7708 0
161 -3.7730 0
73 -3.7753 0
1173 -3.7763 0
138 -3.7781 0
711 -3.7804 0
1311 -3.7849 0
1079 -3.7966 0
1232 -3.7987 0
1982 -3.8022 0
764 -3.8044 0
240 -3.8053 0
776 -3.8074 0
1205 -3.8137 0
421 -3.8160 0
396 -3.8160 0
450 -3.8201 0
640 -3.8343 0
1772 -3.8347 0
1836 -3.8464 0
949 -3.8531 0
1821 -3.8562 0
724 -3.8577 0
1517 -3.8661 0
97 -3.8713 0
706 -3.8734 0
1044 -3.8743 0
1585 -3.8762 0
82 -3.8796 0
481 -3.8846 0
1039 -3.8865 0
48 -3.8881 0
505 -3.8930 0
1703 -3.8931 0
114 -3.8976 0
1101 -3.8999 0
813 -3.9008 0
795 -3.9009 0
1057 -3.9063 0
70 -3.9069 0
585 -3.9151 0
683 -3.9189 0
769 -3.9238 0
1408 -3.9262 0
116 -3.9316 0
1063 -3.9351 0
763 -3.9355 0
1227 -3.9456 0
1968 -3.9471 0
933 -3.9570 0
405 -3.9643 0
1033 -3.9684 0
193 -3.9723 0
701 -3.9811 0
170 -3.9852 0
287 -3.9865 0
110 -3.9958 0
1176 -3.9974 0
1210 -3.9977 0
592 -3.9982 0
794 -3.9990 0
1196 -4.0012 0
1315 -4.0082 0
271 -4.0101 0
1554 -4.0109 0
1056 -4.0178 0
399 -4.0214 0
180 -4.0267 0
498 -4.0268 0
268 -4.0312 0
1754 -4.0337 0
412 -4.0362 0
380 -4.0524 0
251 -4.0529 0
319 -4.0586 0
1102 -4.0629 0
1183 -4.0664 0
1872 -4.0672 0
1932 -4.0754 0
510 -4.0763 0
147 -4.0870 0
102 -4.0952 0
783 -4.0954 0
1125 -4.1015 0
1890 -4.1026 0
187 -4.1072 0
1104 -4.1101 0
731 -4.1235 0
742 -4.1285 0
256 -4.1305 0
757 -4.1321 0
1036 -4.1347 0
823 -4.1381 0
821 -4.1399 0
129 -4.1423 0
238 -4.1423 0
1344 -4.1424 0
1130 -4.1458 0
359 -4.1551 0
929 -4.1633 0
837 -4.1659 0
601 -4.1711 0
363 -4.1829 0
183 -4.1833 0
733 -4.1842 0
1198 -4.1849 0
1702 -4.1892 0
56 -4.1907 0
292 -4.1914 0
760 -4.1947 0
160 -4.1987 0
603 -4.1991 0
269 -4.2013 0
715 -4.2027 0
274 -4.2034 0
11 -4.2042 0
298 -4.2070 0
1712 -4.2092 0
1720 -4.2119 0
252 -4.2259 0
911 -4.2319 0
1958 -4.2340 0
844 -4.2343 0
9 -4.2350 0
171 -4.2377 0
66 -4.2579 0
302 -4.2588 0
556 -4.2595 0
1724 -4.2643 0
877 -4.2668 0
714 -4.2676 0
429 -4.2694 0
333 -4.2782 0
922 -4.2798 0
788 -4.2862 0
777 -4.2971 0
593 -4.3097 0
500 -4.3148 0
1337 -4.3214 0
350 -4.3329 0
1406 -4.3357 0
947 -4.3389 0
499 -4.3424 0
264 -4.3469 0
1902 -4.3487 0
438 -4.3488 0
305 -4.3511 0
869 -4.3559 0
738 -4.3654 0
643 -4.3677 0
1095 -4.3686 0
388 -4.3706 0
1076 -4.3824 0
1750 -4.3881 0
1131 -4.3903 0
297 -4.3929 0
417 -4.4004 0
483 -4.4035 0
551 -4.4114 0
1541 -4.4179 0
1773 -4.4206 0
1799 -4.4255 0
1733 -4.4256 0
737 -4.4319 0
145 -4.4335 0
1301 -4.4445 0
104 -4.4482 0
58 -4.4517 0
704 -4.4530 0
721 -4.4539 0
210 -4.4708 0
191 -4.4716 0
827 -4.4747 0
442 -4.4881 0
579 -4.4898 0
935 -4.4925 0
1026 -4.4982 0
564 -4.5011 0
1314 -4.5090 0
246 -4.5090 0
667 -4.5095 0
1096 -4.5193 0
516 -4.5307 0
610 -4.5315 0
133 -4.5332 0
290 -4.5376 0
406 -4.5531 0
1854 -4.5548 0
1713 -4.5556 0
54 -4.5600 0
565 -4.5697 0
1976 -4.5757 0
339 -4.5824 0
726 -4.5911 0
1012 -4.5976 0
605 -4.6004 0
356 -4.6065 0
1981 -4.6140 0
1091 -4.6163 0
1174 -4.6165 0
632 -4.6192 0
730 -4.6235 0
293 -4.6331 0
1426 -4.6355 0
1429 -4.6421 0
1838 -4.6466 0
785 -4.6480 0
634 -4.6523 0
163 -4.6574 0
1214 -4.6594 0
809 -4.6691 0
901 -4.6761 0
907 -4.6835 0
1116 -4.6896 0
1759 -4.6929 0
1970 -4.6930 0
383 -4.6970 0
682 -4.6978 0
447 -4.6985 0
91 -4.6999 0
810 -4.7040 0
845 -4.7041 0
322 -4.7046 0
669 -4.7059 0
1848 -4.7074 0
838 -4.7223 0
31 -4.7453 0
281 -4.7479 0
857 -4.7500 0
57 -4.7548 0
900 -4.7552 0
766 -4.7557 0
437 -4.7778 0
1866 -4.7781 0
61 -4.7817 0
1946 -4.7950 0
921 -4.7957 0
392 -4.8051 0
1807 -4.8146 0
125 -4.8149 0
1879 -4.8183 0
279 -4.8265 0
354 -4.8292 0
407 -4.8294 0
906 -4.8351 0
7 -4.8469 0
159 -4.8546 0
1103 -4.8599 0
278 -4.8663 0
1888 -4.8664 0
259 -4.8681 0
729 -4.8694 0
139 -4.8696 0
641 -4.8759 0
144 -4.8783 0
1726 -4.8812 0
1810 -4.8823 0
300 -4.8882 0
1878 -4.9086 0
803 -4.9119 0
1990 -4.9125 0
338 -4.9278 0
1824 -4.9388 0
1744 -4.9423 0
1775 -4.9477 0
622 -4.9505 0
1021 -4.9562 0
925 -4.9582 0
386 -4.9637 0
130 -4.9646 0
1507 -4.9650 0
395 -4.9650 0
194 -4.9679 0
351 -4.9817 0
1055 -4.9933 0
427 -5.0022 0
799 -5.0275 0
365 -5.0300 0
645 -5.0305 0
1054 -5.0339 0
1203 -5.0413 0
928 -5.0498 0
646 -5.0527 0
1859 -5.0530 0
1303 -5.0548 0
913 -5.0581 0
1952 -5.0629 0
908 -5.0649 0
55 -5.0699 0
1808 -5.0721 0
1334 -5.0747 0
1823 -5.0747 0
199 -5.0767 0
1738 -5.0908 0
946 -5.0964 0
597 -5.1119 0
755 -5.1145 0
623 -5.1164 0
948 -5.1197 0
1935 -5.1292 0
1324 -5.1322 0
1225 -5.1401 0
1798 -5.1440 0
1801 -5.1504 0
1735 -5.1540 0
135 -5.1581 0
428 -5.1616 0
1833 -5.1664 0
250 -5.1666 0
156 -5.1822 0
1105 -5.1845 0
904 -5.2038 0
375 -5.2076 0
1226 -5.2111 0
503 -5.2121 0
602 -5.2306 0
912 -5.2320 0
124 -5.2329 0
616 -5.2338 0
393 -5.2356 0
1742 -5.2458 0
366 -5.2522 0
833 -5.2600 0
1721 -5.2740 0
807 -5.3016 0
74 -5.3020 0
361 -5.3027 0
1815 -5.3062 0
1969 -5.3089 0
936 -5.3101 0
413 -5.3108 0
154 -5.3224 0
1950 -5.3337 0
282 -5.3438 0
558 -5.3570 0
51 -5.3583 0
698 -5.3618 0
1053 -5.3640 0
28 -5.3670 0
1709 -5.3682 0
1728 -5.3823 0
1212 -5.3881 0
620 -5.4067 0
849 -5.4084 0
1154 -5.4099 0
533 -5.4246 0
173 -5.4391 0
832 -5.4459 0
1220 -5.4564 0
798 -5.4576 0
364 -5.4687 0
1086 -5.5034 0
1093 -5.5068 0
1165 -5.5436 0
121 -5.5572 0
1074 -5.5627 0
443 -5.5725 0
1704 -5.5826 0
1077 -5.5890 0
614 -5.5898 0
1586 -5.5902 0
770 -5.6022 0
681 -5.6056 0
177 -5.6154 0
1094 -5.6162 0
727 -5.6292 0
285 -5.6377 0
1829 -5.6400 0
944 -5.6490 0
275 -5.6524 0
804 -5.6579 0
1789 -5.6641 0
1717 -5.6694 0
81 -5.6880 0
439 -5.6982 0
1730 -5.6994 0
411 -5.7035 0
1061 -5.7081 0
1897 -5.7083 0
1757 -5.7111 0
1796 -5.7137 0
1743 -5.7303 0
1306 -5.7349 0
1139 -5.7361 0
1089 -5.7376 0
686 -5.7404 0
941 -5.7405 0
59 -5.7464 0
26 -5.7675 0
120 -5.7681 0
661 -5.7739 0
441 -5.7754 0
917 -5.7768 0
394 -5.8377 0
732 -5.8520 0
942 -5.8591 0
1780 -5.8657 0
289 -5.8761 0
1718 -5.8784 0
49 -5.8862 0
910 -5.8892 0
1889 -5.8957 0
1834 -5.8990 0
1700 -5.9004 0
611 -5.9106 0
1037 -5.9134 0
943 -5.9172 0
1840 -5.9184 0
631 -5.9273 0
37 -5.9300 0
1831 -5.9319 0
1216 -5.9320 0
1937 -5.9321 0
189 -5.9380 0
939 -5.9389 0
1078 -5.9497 0
1722 -5.9615 0
286 -5.9872 0
563 -5.9872 0
772 -5.9989 0
1184 -6.0052 0
1749 -6.0061 0
88 -6.0145 0
92 -6.0244 0
1067 -6.0249 0
1786 -6.0293 0
700 -6.0350 0
1335 -6.0571 0
205 -6.0822 0
78 -6.0960 0
1812 -6.1038 0
1787 -6.1206 0
1945 -6.1239 0
819 -6.1449 0
1739 -6.1450 0
1099 -6.1614 0
1705 -6.1616 0
591 -6.1637 0
633 -6.1687 0
784 -6.1915 0
1813 -6.2263 0
162 -6.2359 0
223 -6.2389 0
1710 -6.2586 0
744 -6.2591 0
840 -6.2621 0
35 -6.2891 0
919 -6.3119 0
1842 -6.3214 0
552 -6.3237 0
830 -6.3252 0
606 -6.3310 0
80 -6.3424 0
137 -6.3440 0
793 -6.3609 0
843 -6.3849 0
115 -6.4055 0
836 -6.4080 0
808 -6.4174 0
915 -6.4197 0
1746 -6.4236 0
1805 -6.4264 0
77 -6.4295 0
425 -6.4452 0
337 -6.4465 0
27 -6.4912 0
1706 -6.4950 0
178 -6.5031 0
117 -6.5132 0
84 -6.5151 0
870 -6.5215 0
712 -6.5466 0
1930 -6.5510 0
390 -6.5793 0
1809 -6.5865 0
265 -6.6173 0
817 -6.6373 0
1084 -6.6527 0
1539 -6.6583 0
719 -6.6609 0
422 -6.6697 0
113 -6.6752 0
1818 -6.6814 0
824 -6.7040 0
263 -6.7439 0
253 -6.7473 0
903 -6.7587 0
568 -6.7678 0
1844 -6.7853 0
435 -6.7888 0
1740 -6.7911 0
544 -6.8111 0
1736 -6.8238 0
648 -6.8346 0
85 -6.8439 0
636 -6.8503 0
1385 -6.8554 0
825 -6.8685 0
152 -6.8860 0
353 -6.8866 0
847 -6.9472 0
1711 -6.9521 0
1059 -6.9547 0
839 -6.9772 0
635 -6.9804 0
613 -6.9835 0
848 -6.9853 0
596 -6.9874 0
812 -7.0178 0
181 -7.0219 0
1847 -7.0265 0
1822 -7.0455 0
621 -7.0578 0
1837 -7.0848 0
22 -7.0966 0
10 -7.1050 0
761 -7.1061 0
174 -7.1069 0
153 -7.1073 0
1098 -7.1271 0
123 -7.1482 0
554 -7.1570 0
1065 -7.1891 0
1701 -7.2118 0
1725 -7.2285 0
1747 -7.2285 0
1169 -7.2762 0
590 -7.2913 0
628 -7.2952 0
531 -7.3091 0
1816 -7.3240 0
806 -7.3423 0
1731 -7.3440 0
1737 -7.3667 0
934 -7.3779 0
1716 -7.3799 0
1827 -7.4016 0
1230 -7.4245 0
1803 -7.4566 0
820 -7.4641 0
416 -7.4862 0
587 -7.5375 0
926 -7.5428 0
826 -7.5687 0
283 -7.5733 0
1741 -7.6220 0
1714 -7.6391 0
41 -7.6499 0
423 -7.6781 0
1887 -7.7271 0
834 -7.7521 0
822 -7.8099 0
1723 -7.8243 0
816 -7.8321 0
164 -7.8580 0
1071 -7.8763 0
1849 -7.8889 0
1828 -7.8965 0
829 -7.9069 0
1841 -7.9308 0
814 -7.9716 0
1814 -7.9720 0
1112 -8.0035 0
158 -8.0126 0
1066 -8.0330 0
1832 -8.1243 0
569 -8.1285 0
1806 -8.1423 0
197 -8.2683 0
1835 -8.2865 0
801 -8.2946 0
815 -8.3987 0
642 -8.4599 0
619 -8.4755 0
1800 -8.5310 0
637 -8.5416 0
1734 -8.6773 0
1804 -8.7399 0
1069 -8.8139 0
1843 -8.9413 0
736 -8.9605 0
831 -8.9982 0
1321 -9.0860 0
1727 -9.1434 0
805 -9.1768 0
1732 -9.2094 0
1839 -9.2607 0
1802 -9.3136 0
294 -9.3958 0
1817 -9.5404 0
1819 -9.7679 0
1830 -9.8157 0
818 -9.8753 0
1856 -9.9041 0
1820 -9.9970 0
1826 -10.0269 0
800 -10.0513 0
1092 -10.2513 0
550 -10.3185 0
828 -10.8641 0
1811 -10.9816 0
