1658 23.1250 1
1650 22.7749 1
1673 22.6855 1
1662 21.5987 1
1663 20.8340 1
1659 20.3686 1
1688 20.1775 1
1667 19.1991 1
1653 19.1200 1
1692 19.0552 1
1679 18.4485 1
1651 18.1719 1
1690 17.5579 1
1680 17.3545 1
1694 17.0667 1
1652 16.6264 1
1655 16.4162 1
1676 16.1337 1
1656 15.6919 1
1689 15.6488 1
1671 15.6342 1
1677 15.5630 1
1675 15.5162 1
1687 15.4960 1
1678 14.8558 1
1665 14.7028 1
1695 14.6340 1
1683 14.2467 1
1657 14.0057 1
1664 13.8839 1
1661 13.8095 1
1686 13.0210 1
1684 12.4645 1
997 11.9657 0
1693 11.5649 1
1669 11.5459 1
1685 10.9308 1
1670 10.5899 1
676 10.5885 0
1660 10.4569 1
981 10.0129 0
1696 9.5434 1
398 9.2203 0
867 9.1626 0
1674 9.1324 1
1632 9.0266 0
522 8.9683 0
457 8.8778 0
1672 8.7963 1
1295 8.7820 0
1697 8.7055 1
1666 8.6398 1
1698 8.6013 1
955 8.2339 0
1699 7.9768 1
1691 7.9610 1
959 7.9176 0
1355 7.7164 0
689 7.4363 0
978 7.2501 0
993 7.0605 0
1269 7.0430 0
1377 7.0130 0
967 6.9741 0
340 6.8519 0
973 6.7982 0
1668 6.7648 1
998 6.5827 0
1465 6.5648 0
546 6.5433 0
964 6.4305 0
1273 6.3894 0
1121 6.3886 0
884 6.3211 0
1479 6.2646 0
343 6.2348 0
354 6.2223 0
1456 6.2186 0
1274 6.0932 0
950 6.0540 0
988 6.0306 0
469 6.0286 0
999 5.9922 0
332 5.9755 0
1633 5.9197 0
1597 5.9125 0
1382 5.8735 0
1362 5.8640 0
1654 5.8492 1
1599 5.7886 0
650 5.7352 0
1483 5.7292 0
1272 5.6767 0
1338 5.6458 0
1682 5.6440 1
1681 5.6226 1
767 5.5686 0
971 5.4756 0
1047 5.4680 0
685 5.4568 0
1497 5.4024 0
1279 5.1615 0
1591 5.1608 0
979 5.1087 0
983 5.0815 0
1381 5.0795 0
1364 5.0685 0
1595 5.0518 0
1248 5.0338 0
1068 5.0049 0
975 5.0012 0
1374 4.9834 0
996 4.9676 0
1194 4.9257 0
1060 4.9237 0
775 4.8567 0
1555 4.8302 0
1499 4.8226 0
1017 4.8155 0
1482 4.7665 0
970 4.7664 0
1544 4.7661 0
1337 4.7492 0
1532 4.6488 0
1635 4.6165 0
1370 4.5569 0
765 4.5508 0
1359 4.5480 0
1369 4.5294 0
1286 4.5066 0
694 4.4716 0
1340 4.4714 0
395 4.4039 0
1360 4.3908 0
488 4.3750 0
327 4.3670 0
366 4.3567 0
788 4.3479 0
1281 4.3339 0
940 4.3272 0
958 4.3209 0
960 4.3106 0
539 4.2993 0
1451 4.2827 0
1510 4.2434 0
1502 4.2238 0
792 4.1878 0
1460 4.1414 0
1459 4.1275 0
1352 4.0932 0
1423 4.0914 0
1289 4.0813 0
1567 4.0488 0
1939 4.0460 0
1358 4.0112 0
1221 4.0005 0
1061 3.9744 0
453 3.9603 0
1351 3.9406 0
1533 3.9216 0
456 3.8935 0
1518 3.8855 0
1375 3.8658 0
1491 3.8255 0
1614 3.8190 0
951 3.7752 0
382 3.7255 0
434 3.7028 0
1498 3.6960 0
345 3.6834 0
665 3.6799 0
1941 3.6751 0
1350 3.6695 0
972 3.6338 0
1032 3.6129 0
1537 3.6063 0
324 3.5999 0
989 3.5632 0
863 3.5485 0
1467 3.5399 0
40 3.5200 0
1557 3.5089 0
797 3.5044 0
1454 3.4944 0
1613 3.4862 0
1495 3.4767 0
986 3.4624 0
982 3.4367 0
372 3.4324 0
1458 3.4266 0
693 3.3937 0
1354 3.3928 0
1388 3.3641 0
1605 3.3591 0
925 3.3506 0
1258 3.3502 0
305 3.3183 0
1398 3.3127 0
1641 3.3100 0
1016 3.3083 0
965 3.2837 0
521 3.2501 0
50 3.2371 0
1407 3.2343 0
1584 3.2337 0
1590 3.1789 0
879 3.1592 0
1513 3.1472 0
1014 3.1469 0
408 3.1455 0
486 3.1338 0
373 3.1320 0
1512 3.1035 0
1229 3.0961 0
1991 3.0250 0
1600 3.0175 0
1137 3.0129 0
1297 2.9869 0
873 2.9852 0
1514 2.9510 0
1486 2.9254 0
367 2.9143 0
928 2.8825 0
389 2.8721 0
350 2.8601 0
1366 2.8578 0
1395 2.8441 0
1508 2.8382 0
1296 2.8311 0
1386 2.8310 0
1471 2.8200 0
351 2.8189 0
370 2.7939 0
1070 2.7775 0
1287 2.7713 0
980 2.7583 0
1427 2.7490 0
312 2.7459 0
761 2.7322 0
1224 2.7294 0
1463 2.7286 0
1478 2.7125 0
1470 2.7100 0
1551 2.7081 0
1422 2.6892 0
355 2.6865 0
994 2.6664 0
1505 2.6632 0
371 2.6582 0
368 2.6525 0
1571 2.6350 0
1476 2.6322 0
1122 2.6241 0
1601 2.5887 0
1608 2.5843 0
1485 2.5815 0
379 2.5694 0
1455 2.5524 0
1928 2.5482 0
1927 2.4943 0
957 2.4896 0
1607 2.4680 0
1074 2.4670 0
356 2.4530 0
376 2.4528 0
890 2.4429 0
1500 2.4374 0
365 2.4347 0
678 2.3947 0
1030 2.3743 0
1588 2.3581 0
1474 2.3572 0
444 2.3544 0
1097 2.3357 0
1378 2.3317 0
549 2.3249 0
991 2.3156 0
1936 2.3066 0
985 2.3002 0
1127 2.2866 0
364 2.2781 0
391 2.2781 0
1058 2.2774 0
1579 2.2622 0
1611 2.2603 0
651 2.2582 0
1528 2.2565 0
342 2.2523 0
452 2.2490 0
691 2.2364 0
322 2.2280 0
917 2.2182 0
352 2.2091 0
1257 2.2073 0
1462 2.1809 0
1252 2.1729 0
1468 2.1622 0
463 2.1572 0
361 2.1413 0
1039 2.1338 0
690 2.1196 0
1326 2.0877 0
1511 2.0872 0
1524 2.0724 0
496 2.0649 0
1523 2.0525 0
1075 2.0517 0
886 2.0189 0
1394 2.0170 0
1553 2.0098 0
1561 2.0092 0
574 2.0039 0
1548 1.9995 0
1363 1.9991 0
1028 1.9967 0
1637 1.9811 0
969 1.9797 0
1598 1.9756 0
1592 1.9718 0
672 1.9657 0
1452 1.9606 0
1123 1.9473 0
1348 1.9450 0
301 1.9419 0
344 1.9408 0
968 1.9392 0
1477 1.9331 0
924 1.9234 0
1072 1.9120 0
1285 1.8896 0
1293 1.8579 0
903 1.8371 0
1575 1.8274 0
1311 1.8194 0
1241 1.8182 0
397 1.8160 0
1062 1.8124 0
768 1.8114 0
888 1.7984 0
877 1.7950 0
500 1.7886 0
1411 1.7717 0
470 1.7678 0
67 1.7590 0
1090 1.7451 0
1636 1.7428 0
745 1.7330 0
1278 1.7196 0
1119 1.7047 0
1481 1.7018 0
1487 1.6998 0
1489 1.6985 0
779 1.6915 0
385 1.6846 0
1298 1.6792 0
1568 1.6772 0
1284 1.6583 0
524 1.6572 0
675 1.6547 0
1473 1.6500 0
1520 1.6452 0
1550 1.6185 0
1540 1.6179 0
1509 1.6168 0
1751 1.6162 0
538 1.6074 0
1373 1.6068 0
1624 1.6063 0
1171 1.6056 0
966 1.6018 0
1008 1.5908 0
510 1.5754 0
1593 1.5752 0
1531 1.5705 0
1389 1.5687 0
1492 1.5552 0
1255 1.5543 0
668 1.5493 0
1367 1.5406 0
1869 1.5376 0
1609 1.5367 0
1594 1.5240 0
380 1.5064 0
1371 1.5044 0
674 1.5031 0
1010 1.4852 0
1543 1.4851 0
1634 1.4752 0
1146 1.4683 0
1361 1.4652 0
1586 1.4608 0
1294 1.4567 0
1288 1.4384 0
204 1.4277 0
1522 1.4239 0
358 1.4221 0
654 1.4170 0
362 1.4109 0
1647 1.4018 0
1469 1.3937 0
535 1.3791 0
543 1.3688 0
1134 1.3581 0
1929 1.3495 0
1620 1.3391 0
1461 1.3235 0
545 1.3190 0
323 1.3041 0
1227 1.3007 0
309 1.2880 0
933 1.2863 0
1013 1.2842 0
465 1.2815 0
947 1.2712 0
1228 1.2706 0
1120 1.2627 0
337 1.2511 0
1559 1.2475 0
695 1.2410 0
1493 1.2393 0
375 1.2299 0
1527 1.2245 0
920 1.2236 0
1457 1.2217 0
237 1.2217 0
1282 1.2081 0
317 1.2079 0
1566 1.2011 0
1392 1.1973 0
1316 1.1689 0
359 1.1677 0
179 1.1668 0
1384 1.1651 0
1519 1.1598 0
1223 1.1528 0
399 1.1455 0
697 1.1442 0
392 1.1348 0
381 1.1330 0
1085 1.1325 0
326 1.1074 0
992 1.0973 0
331 1.0917 0
795 1.0841 0
169 1.0788 0
523 1.0740 0
1147 1.0739 0
1091 1.0721 0
467 1.0523 0
1549 1.0514 0
1949 1.0511 0
1564 1.0475 0
1612 1.0337 0
1372 1.0313 0
1904 1.0290 0
1475 1.0242 0
1916 1.0230 0
487 1.0194 0
984 1.0011 0
909 0.9832 0
976 0.9825 0
1264 0.9786 0
854 0.9594 0
1357 0.9525 0
1346 0.9480 0
901 0.9340 0
1573 0.9327 0
328 0.9196 0
1276 0.9167 0
537 0.9160 0
1222 0.9125 0
218 0.9094 0
1484 0.8955 0
1563 0.8843 0
1450 0.8694 0
952 0.8560 0
659 0.8522 0
1565 0.8520 0
1049 0.8479 0
1905 0.8423 0
1640 0.8387 0
449 0.8383 0
1390 0.8346 0
781 0.8238 0
508 0.8109 0
1336 0.8049 0
316 0.8031 0
1765 0.7994 0
245 0.7943 0
1935 0.7885 0
213 0.7846 0
396 0.7754 0
670 0.7748 0
673 0.7726 0
388 0.7719 0
777 0.7681 0
400 0.7680 0
445 0.7623 0
1535 0.7495 0
1235 0.7445 0
311 0.7413 0
1251 0.7253 0
1009 0.7249 0
384 0.7225 0
1576 0.7076 0
1242 0.7059 0
223 0.6993 0
660 0.6923 0
1582 0.6705 0
431 0.6701 0
1638 0.6691 0
1910 0.6690 0
348 0.6562 0
1752 0.6504 0
1391 0.6494 0
387 0.6447 0
1206 0.6418 0
1240 0.6371 0
1618 0.6207 0
756 0.6172 0
484 0.6164 0
507 0.6156 0
1166 0.6113 0
977 0.6059 0
1967 0.6019 0
1583 0.5981 0
1277 0.5887 0
1562 0.5804 0
548 0.5756 0
303 0.5741 0
393 0.5715 0
657 0.5670 0
1449 0.5540 0
1035 0.5517 0
1569 0.5428 0
208 0.5425 0
825 0.5413 0
954 0.5300 0
717 0.5286 0
1645 0.5230 0
1040 0.5210 0
415 0.5154 0
1026 0.5132 0
472 0.5073 0
655 0.5057 0
1015 0.5007 0
1304 0.4982 0
357 0.4971 0
1480 0.4928 0
935 0.4928 0
349 0.4887 0
418 0.4880 0
1260 0.4816 0
1622 0.4720 0
1948 0.4650 0
1200 0.4560 0
1917 0.4502 0
1331 0.4307 0
1280 0.4258 0
363 0.4232 0
419 0.4214 0
1923 0.4140 0
1064 0.4080 0
1558 0.4043 0
1313 0.3906 0
386 0.3876 0
93 0.3865 0
214 0.3865 0
201 0.3849 0
1059 0.3847 0
1125 0.3788 0
1387 0.3722 0
911 0.3612 0
852 0.3564 0
1093 0.3528 0
1400 0.3528 0
1630 0.3467 0
1341 0.3409 0
1774 0.3343 0
662 0.3343 0
1466 0.3314 0
1301 0.3299 0
1050 0.3265 0
1399 0.3228 0
1615 0.3077 0
243 0.3025 0
527 0.2915 0
462 0.2889 0
1275 0.2823 0
284 0.2774 0
1604 0.2639 0
474 0.2538 0
735 0.2476 0
240 0.2343 0
872 0.2320 0
1626 0.2271 0
448 0.2267 0
306 0.2251 0
1249 0.2229 0
962 0.2222 0
1051 0.2190 0
1556 0.2179 0
907 0.2098 0
44 0.2051 0
1323 0.1959 0
713 0.1931 0
1259 0.1773 0
1494 0.1666 0
1393 0.1606 0
904 0.1594 0
1617 0.1568 0
762 0.1405 0
1128 0.1376 0
1448 0.1223 0
1180 0.1170 0
390 0.1160 0
1145 0.1132 0
1383 0.1086 0
881 0.1076 0
1552 0.1019 0
1574 0.1015 0
963 0.0961 0
1541 0.0910 0
878 0.0870 0
1315 0.0830 0
773 0.0825 0
526 0.0773 0
604 0.0698 0
1095 0.0558 0
460 0.0456 0
658 0.0420 0
943 0.0374 0
1185 0.0352 0
334 0.0328 0
1580 0.0150 0
353 0.0136 0
891 0.0073 0
1490 0.0064 0
151 0.0034 0
1290 0.0023 0
318 -0.0021 0
790 -0.0113 0
513 -0.0186 0
1253 -0.0246 0
1234 -0.0251 0
936 -0.0314 0
420 -0.0318 0
1515 -0.0342 0
1132 -0.0414 0
602 -0.0533 0
1442 -0.0584 0
369 -0.0622 0
1063 -0.0668 0
1753 -0.0729 0
1763 -0.0740 0
333 -0.0761 0
929 -0.0766 0
1536 -0.0817 0
759 -0.0845 0
325 -0.0932 0
1261 -0.0937 0
751 -0.0950 0
1606 -0.0969 0
1187 -0.0995 0
1496 -0.1047 0
743 -0.1073 0
378 -0.1166 0
211 -0.1171 0
948 -0.1179 0
1875 -0.1238 0
1587 -0.1240 0
1143 -0.1309 0
1743 -0.1323 0
168 -0.1373 0
1041 -0.1455 0
440 -0.1485 0
1472 -0.1492 0
696 -0.1501 0
502 -0.1533 0
1179 -0.1719 0
242 -0.1769 0
533 -0.1785 0
896 -0.1870 0
1339 -0.2038 0
84 -0.2098 0
1610 -0.2140 0
1368 -0.2217 0
1238 -0.2226 0
1507 -0.2260 0
1250 -0.2279 0
251 -0.2339 0
1464 -0.2384 0
786 -0.2432 0
1130 -0.2439 0
1191 -0.2487 0
221 -0.2556 0
731 -0.2573 0
529 -0.2722 0
922 -0.2740 0
919 -0.2761 0
485 -0.2802 0
1903 -0.2986 0
849 -0.3068 0
800 -0.3083 0
435 -0.3087 0
394 -0.3134 0
377 -0.3146 0
1140 -0.3207 0
914 -0.3241 0
780 -0.3265 0
1596 -0.3313 0
1589 -0.3318 0
1055 -0.3338 0
663 -0.3427 0
360 -0.3439 0
308 -0.3498 0
945 -0.3568 0
547 -0.3571 0
1783 -0.3626 0
432 -0.3636 0
461 -0.3702 0
244 -0.3743 0
1342 -0.3798 0
1271 -0.3834 0
718 -0.3838 0
1931 -0.3923 0
1025 -0.4025 0
1376 -0.4088 0
778 -0.4090 0
100 -0.4142 0
1082 -0.4178 0
906 -0.4180 0
1925 -0.4299 0
1343 -0.4306 0
656 -0.4318 0
1267 -0.4347 0
893 -0.4356 0
1646 -0.4387 0
320 -0.4508 0
1244 -0.4520 0
1619 -0.4524 0
626 -0.4572 0
930 -0.4608 0
887 -0.4718 0
1268 -0.4756 0
882 -0.4761 0
905 -0.4807 0
868 -0.4865 0
758 -0.5244 0
1918 -0.5444 0
1625 -0.5526 0
1488 -0.5548 0
684 -0.5611 0
401 -0.5773 0
1365 -0.5786 0
730 -0.5894 0
1546 -0.5917 0
1283 -0.5927 0
631 -0.6051 0
1529 -0.6155 0
1737 -0.6175 0
835 -0.6283 0
1204 -0.6333 0
1086 -0.6402 0
923 -0.6430 0
1004 -0.6463 0
1184 -0.6581 0
1992 -0.6606 0
1396 -0.6611 0
1038 -0.6625 0
785 -0.6652 0
407 -0.6657 0
1920 -0.6697 0
616 -0.6850 0
1124 -0.6927 0
68 -0.6970 0
409 -0.6974 0
374 -0.6977 0
841 -0.7029 0
1380 -0.7106 0
961 -0.7189 0
1347 -0.7222 0
1155 -0.7223 0
722 -0.7400 0
540 -0.7464 0
1034 -0.7506 0
1639 -0.7520 0
1446 -0.7540 0
1218 -0.7615 0
1209 -0.7648 0
1328 -0.7650 0
1766 -0.7689 0
1578 -0.7714 0
1231 -0.7742 0
1851 -0.7788 0
1324 -0.7827 0
1349 -0.7860 0
1193 -0.7909 0
1525 -0.7920 0
926 -0.7943 0
165 -0.7944 0
498 -0.7972 0
1046 -0.8037 0
167 -0.8049 0
518 -0.8067 0
1052 -0.8092 0
1506 -0.8106 0
447 -0.8171 0
1246 -0.8173 0
1629 -0.8195 0
1771 -0.8234 0
1409 -0.8244 0
405 -0.8258 0
454 -0.8290 0
466 -0.8453 0
464 -0.8584 0
491 -0.8594 0
1926 -0.8600 0
330 -0.8654 0
1770 -0.8691 0
720 -0.8700 0
707 -0.8704 0
229 -0.8730 0
712 -0.8754 0
1207 -0.8812 0
1089 -0.8829 0
1644 -0.8962 0
1570 -0.9010 0
799 -0.9048 0
1602 -0.9155 0
1334 -0.9270 0
185 -0.9289 0
680 -0.9316 0
1404 -0.9362 0
740 -0.9371 0
1417 -0.9496 0
1542 -0.9513 0
87 -0.9592 0
217 -0.9665 0
39 -0.9670 0
1100 -0.9788 0
446 -0.9844 0
1236 -0.9872 0
1219 -0.9875 0
520 -0.9881 0
336 -0.9894 0
794 -1.0007 0
609 -1.0108 0
53 -1.0121 0
1262 -1.0220 0
473 -1.0276 0
1758 -1.0403 0
402 -1.0463 0
876 -1.0485 0
241 -1.0505 0
1435 -1.0544 0
709 -1.0630 0
519 -1.0656 0
212 -1.0674 0
1530 -1.0777 0
347 -1.0808 0
542 -1.0825 0
411 -1.0853 0
1534 -1.0867 0
1292 -1.0912 0
410 -1.0947 0
459 -1.0981 0
512 -1.0986 0
883 -1.0995 0
1215 -1.1110 0
679 -1.1156 0
1933 -1.1158 0
514 -1.1202 0
927 -1.1229 0
207 -1.1279 0
1453 -1.1279 0
813 -1.1365 0
1942 -1.1369 0
439 -1.1382 0
1083 -1.1416 0
1088 -1.1490 0
236 -1.1538 0
939 -1.1573 0
974 -1.1577 0
1913 -1.1598 0
483 -1.1604 0
222 -1.1650 0
1306 -1.1651 0
206 -1.1748 0
855 -1.1811 0
1071 -1.1873 0
111 -1.1891 0
1577 -1.1904 0
1190 -1.1910 0
710 -1.1941 0
900 -1.1967 0
1011 -1.2002 0
1776 -1.2010 0
1254 -1.2045 0
1024 -1.2084 0
1642 -1.2091 0
225 -1.2105 0
1037 -1.2159 0
1410 -1.2174 0
688 -1.2202 0
853 -1.2202 0
1759 -1.2224 0
899 -1.2269 0
1379 -1.2284 0
302 -1.2384 0
1056 -1.2414 0
383 -1.2475 0
885 -1.2483 0
1545 -1.2513 0
839 -1.2537 0
941 -1.2560 0
1320 -1.2620 0
1631 -1.2660 0
1210 -1.2674 0
1048 -1.2687 0
346 -1.2776 0
1079 -1.2821 0
1212 -1.2936 0
1057 -1.2937 0
618 -1.2976 0
1616 -1.2984 0
748 -1.3015 0
990 -1.3028 0
1317 -1.3069 0
568 -1.3097 0
1434 -1.3147 0
1975 -1.3179 0
617 -1.3206 0
1554 -1.3253 0
1603 -1.3257 0
1441 -1.3286 0
652 -1.3307 0
1643 -1.3337 0
1138 -1.3355 0
1957 -1.3428 0
1208 -1.3475 0
814 -1.3518 0
664 -1.3706 0
1333 -1.3715 0
1504 -1.3739 0
458 -1.3789 0
1418 -1.3837 0
504 -1.3996 0
1736 -1.4023 0
1425 -1.4041 0
531 -1.4069 0
932 -1.4120 0
677 -1.4150 0
789 -1.4162 0
892 -1.4484 0
987 -1.4500 0
216 -1.4513 0
1033 -1.4649 0
310 -1.4699 0
772 -1.4724 0
739 -1.4795 0
823 -1.4799 0
1730 -1.4816 0
1538 -1.4869 0
1111 -1.4915 0
1087 -1.4942 0
1177 -1.4986 0
1237 -1.5047 0
255 -1.5059 0
1943 -1.5109 0
871 -1.5142 0
1045 -1.5147 0
1163 -1.5185 0
741 -1.5200 0
1405 -1.5202 0
1182 -1.5234 0
1649 -1.5284 0
1314 -1.5313 0
918 -1.5329 0
1233 -1.5359 0
956 -1.5360 0
1159 -1.5381 0
1332 -1.5456 0
437 -1.5604 0
1787 -1.5692 0
1299 -1.5805 0
1924 -1.5851 0
1265 -1.5887 0
827 -1.5930 0
1756 -1.5937 0
1076 -1.5974 0
846 -1.5995 0
1882 -1.5996 0
534 -1.6035 0
1768 -1.6036 0
1291 -1.6081 0
1879 -1.6100 0
750 -1.6154 0
1799 -1.6162 0
649 -1.6167 0
426 -1.6188 0
479 -1.6207 0
666 -1.6211 0
188 -1.6237 0
1096 -1.6247 0
1067 -1.6253 0
1036 -1.6259 0
1080 -1.6375 0
1907 -1.6379 0
787 -1.6431 0
791 -1.6493 0
501 -1.6513 0
1031 -1.6551 0
1922 -1.6587 0
1162 -1.6607 0
1521 -1.6635 0
1107 -1.6672 0
47 -1.6701 0
1247 -1.6740 0
860 -1.6847 0
760 -1.6887 0
1214 -1.6892 0
228 -1.6918 0
1065 -1.7059 0
238 -1.7067 0
1824 -1.7103 0
1433 -1.7154 0
133 -1.7404 0
329 -1.7510 0
172 -1.7534 0
624 -1.7534 0
671 -1.7570 0
811 -1.7597 0
1909 -1.7621 0
481 -1.7644 0
875 -1.7676 0
1310 -1.7680 0
724 -1.7735 0
815 -1.7756 0
1005 -1.7769 0
1621 -1.7877 0
1777 -1.7885 0
1115 -1.7899 0
404 -1.7944 0
584 -1.7973 0
946 -1.8012 0
732 -1.8097 0
248 -1.8142 0
1900 -1.8270 0
902 -1.8287 0
1944 -1.8387 0
1867 -1.8412 0
1019 -1.8440 0
1309 -1.8487 0
1447 -1.8525 0
995 -1.8534 0
734 -1.8616 0
733 -1.8642 0
723 -1.8648 0
736 -1.8683 0
183 -1.8770 0
1156 -1.8778 0
1000 -1.8876 0
1585 -1.8918 0
48 -1.9033 0
1914 -1.9048 0
1126 -1.9189 0
493 -1.9340 0
490 -1.9369 0
497 -1.9383 0
155 -1.9406 0
1560 -1.9470 0
1838 -1.9470 0
75 -1.9485 0
1526 -1.9574 0
1081 -1.9597 0
1226 -1.9603 0
622 -1.9617 0
1044 -1.9619 0
232 -1.9709 0
247 -1.9778 0
908 -1.9914 0
314 -2.0200 0
339 -2.0209 0
1901 -2.0248 0
1881 -2.0291 0
1547 -2.0330 0
1003 -2.0350 0
1110 -2.0368 0
833 -2.0424 0
810 -2.0534 0
1243 -2.0647 0
525 -2.0707 0
159 -2.0950 0
130 -2.1017 0
607 -2.1025 0
1443 -2.1130 0
1022 -2.1164 0
277 -2.1164 0
450 -2.1171 0
897 -2.1346 0
1216 -2.1425 0
1344 -2.1438 0
1703 -2.1474 0
859 -2.1508 0
747 -2.1657 0
489 -2.1751 0
403 -2.1807 0
728 -2.1808 0
73 -2.1828 0
1403 -2.1865 0
1745 -2.1898 0
220 -2.1906 0
1167 -2.1969 0
1136 -2.2001 0
1303 -2.2085 0
1213 -2.2089 0
1385 -2.2089 0
1203 -2.2126 0
1012 -2.2139 0
1397 -2.2183 0
180 -2.2274 0
949 -2.2282 0
1152 -2.2304 0
661 -2.2314 0
1415 -2.2382 0
866 -2.2391 0
150 -2.2432 0
611 -2.2453 0
1312 -2.2523 0
1516 -2.2535 0
746 -2.2685 0
296 -2.2692 0
1151 -2.2724 0
60 -2.2741 0
1439 -2.2748 0
770 -2.2936 0
682 -2.3021 0
89 -2.3071 0
1966 -2.3071 0
1891 -2.3116 0
705 -2.3166 0
1353 -2.3190 0
1027 -2.3221 0
716 -2.3275 0
307 -2.3308 0
246 -2.3414 0
737 -2.3416 0
702 -2.3460 0
1007 -2.3474 0
541 -2.3632 0
638 -2.3745 0
1263 -2.3806 0
239 -2.3847 0
196 -2.3848 0
1077 -2.3848 0
157 -2.3853 0
1043 -2.3859 0
1186 -2.3897 0
719 -2.3927 0
417 -2.4079 0
851 -2.4110 0
744 -2.4116 0
725 -2.4161 0
424 -2.4215 0
475 -2.4231 0
1432 -2.4289 0
753 -2.4295 0
699 -2.4306 0
1084 -2.4331 0
313 -2.4409 0
1959 -2.4573 0
52 -2.4575 0
1239 -2.4587 0
1444 -2.4589 0
646 -2.4649 0
1020 -2.4699 0
1778 -2.4707 0
1440 -2.4719 0
633 -2.4739 0
844 -2.4748 0
1002 -2.4784 0
1750 -2.4857 0
1719 -2.4918 0
1501 -2.4973 0
555 -2.4979 0
1414 -2.4983 0
1908 -2.5170 0
1302 -2.5182 0
714 -2.5286 0
683 -2.5289 0
15 -2.5330 0
838 -2.5349 0
55 -2.5358 0
203 -2.5407 0
1141 -2.5465 0
1421 -2.5494 0
1539 -2.5531 0
1053 -2.5545 0
335 -2.5707 0
931 -2.5776 0
1142 -2.5856 0
1116 -2.5888 0
842 -2.5913 0
1102 -2.6014 0
1998 -2.6016 0
1161 -2.6046 0
315 -2.6061 0
292 -2.6106 0
429 -2.6323 0
1976 -2.6351 0
1915 -2.6354 0
77 -2.6481 0
341 -2.6501 0
783 -2.6623 0
509 -2.6673 0
1078 -2.6704 0
1790 -2.6757 0
1921 -2.6778 0
215 -2.6808 0
532 -2.6826 0
653 -2.6856 0
703 -2.6938 0
272 -2.6963 0
874 -2.6985 0
494 -2.7142 0
1978 -2.7156 0
291 -2.7230 0
1623 -2.7311 0
422 -2.7379 0
821 -2.7454 0
1899 -2.7455 0
1962 -2.7598 0
1741 -2.7628 0
1197 -2.7672 0
1195 -2.7678 0
17 -2.7723 0
127 -2.7784 0
506 -2.7803 0
802 -2.7830 0
1307 -2.7831 0
856 -2.7836 0
455 -2.7841 0
1178 -2.7864 0
1983 -2.7897 0
1707 -2.7917 0
451 -2.8022 0
1792 -2.8027 0
1883 -2.8049 0
869 -2.8112 0
161 -2.8128 0
807 -2.8150 0
219 -2.8236 0
1412 -2.8265 0
701 -2.8278 0
97 -2.8297 0
83 -2.8316 0
433 -2.8321 0
1785 -2.8336 0
1807 -2.8374 0
1791 -2.8393 0
528 -2.8403 0
1581 -2.8498 0
249 -2.8504 0
1769 -2.8536 0
110 -2.8545 0
1716 -2.8549 0
858 -2.8564 0
267 -2.8598 0
938 -2.8617 0
300 -2.8624 0
1266 -2.8659 0
99 -2.8690 0
806 -2.8783 0
571 -2.8783 0
200 -2.8944 0
582 -2.8951 0
428 -2.8972 0
1648 -2.8972 0
700 -2.9015 0
766 -2.9016 0
64 -2.9030 0
199 -2.9061 0
1996 -2.9104 0
1993 -2.9245 0
517 -2.9250 0
1006 -2.9252 0
230 -2.9278 0
577 -2.9303 0
1718 -2.9329 0
234 -2.9411 0
1305 -2.9423 0
202 -2.9429 0
708 -2.9637 0
1023 -2.9641 0
1270 -2.9697 0
1947 -2.9713 0
468 -2.9724 0
136 -2.9853 0
1232 -2.9913 0
861 -2.9945 0
1438 -3.0071 0
771 -3.0107 0
43 -3.0248 0
1572 -3.0381 0
156 -3.0414 0
1503 -3.0430 0
430 -3.0483 0
536 -3.0525 0
69 -3.0526 0
495 -3.0531 0
258 -3.0577 0
634 -3.0586 0
252 -3.0642 0
1201 -3.0752 0
1104 -3.0752 0
1168 -3.0785 0
591 -3.0814 0
603 -3.0825 0
1144 -3.0853 0
1042 -3.0866 0
274 -3.0892 0
1001 -3.0906 0
287 -3.1000 0
290 -3.1121 0
412 -3.1166 0
585 -3.1263 0
915 -3.1284 0
610 -3.1318 0
564 -3.1360 0
1937 -3.1363 0
1726 -3.1400 0
319 -3.1416 0
752 -3.1422 0
647 -3.1465 0
898 -3.1523 0
1761 -3.1533 0
1803 -3.1540 0
567 -3.1565 0
706 -3.1623 0
1628 -3.1679 0
864 -3.1698 0
56 -3.1709 0
774 -3.1744 0
1986 -3.1772 0
1356 -3.1795 0
681 -3.1835 0
1994 -3.1882 0
628 -3.1926 0
1627 -3.1964 0
1795 -3.1976 0
1972 -3.1994 0
1728 -3.2063 0
1744 -3.2141 0
235 -3.2265 0
820 -3.2266 0
1202 -3.2277 0
105 -3.2289 0
1988 -3.2367 0
195 -3.2376 0
1861 -3.2467 0
281 -3.2478 0
1895 -3.2533 0
614 -3.2570 0
114 -3.2570 0
1245 -3.2581 0
578 -3.2609 0
288 -3.2641 0
1217 -3.2655 0
642 -3.2676 0
1995 -3.2722 0
1953 -3.2783 0
757 -3.2802 0
54 -3.2816 0
175 -3.2862 0
194 -3.2981 0
912 -3.2982 0
193 -3.3020 0
1424 -3.3057 0
1176 -3.3059 0
636 -3.3103 0
184 -3.3121 0
1230 -3.3157 0
79 -3.3169 0
727 -3.3205 0
1963 -3.3282 0
1810 -3.3356 0
1779 -3.3397 0
1793 -3.3411 0
1862 -3.3417 0
862 -3.3428 0
126 -3.3452 0
1984 -3.3489 0
227 -3.3493 0
414 -3.3829 0
1101 -3.3851 0
1413 -3.3853 0
1139 -3.3867 0
916 -3.3917 0
166 -3.3974 0
1919 -3.4022 0
1108 -3.4066 0
1330 -3.4123 0
1029 -3.4137 0
482 -3.4335 0
1172 -3.4467 0
1308 -3.4515 0
231 -3.4529 0
1066 -3.4661 0
1789 -3.4679 0
270 -3.4720 0
62 -3.4743 0
233 -3.4795 0
1150 -3.4799 0
715 -3.4854 0
843 -3.4893 0
143 -3.4959 0
894 -3.4997 0
812 -3.5049 0
170 -3.5055 0
738 -3.5085 0
128 -3.5106 0
850 -3.5152 0
1225 -3.5173 0
1408 -3.5252 0
1114 -3.5335 0
406 -3.5355 0
1874 -3.5393 0
769 -3.5432 0
1118 -3.5432 0
1746 -3.5477 0
530 -3.5533 0
125 -3.5558 0
224 -3.5613 0
796 -3.5641 0
427 -3.5709 0
1749 -3.5803 0
742 -3.5838 0
293 -3.5875 0
1973 -3.5929 0
91 -3.5938 0
503 -3.5941 0
1951 -3.5964 0
1211 -3.5990 0
817 -3.5998 0
1754 -3.6050 0
1946 -3.6063 0
492 -3.6067 0
1710 -3.6087 0
1845 -3.6238 0
282 -3.6279 0
1886 -3.6285 0
421 -3.6362 0
1069 -3.6376 0
190 -3.6432 0
32 -3.6437 0
754 -3.6455 0
1877 -3.6473 0
692 -3.6490 0
556 -3.6644 0
1832 -3.6647 0
942 -3.6752 0
76 -3.6792 0
822 -3.7000 0
1517 -3.7002 0
763 -3.7048 0
338 -3.7065 0
304 -3.7073 0
704 -3.7097 0
1857 -3.7189 0
92 -3.7207 0
803 -3.7231 0
1319 -3.7266 0
782 -3.7278 0
265 -3.7279 0
921 -3.7317 0
442 -3.7346 0
1256 -3.7384 0
599 -3.7406 0
1960 -3.7530 0
1981 -3.7537 0
937 -3.7542 0
630 -3.7566 0
109 -3.7576 0
1129 -3.7615 0
776 -3.7669 0
103 -3.7679 0
805 -3.7725 0
1402 -3.7829 0
1938 -3.7895 0
138 -3.7899 0
1889 -3.7913 0
572 -3.7935 0
96 -3.7943 0
1729 -3.7949 0
1300 -3.7951 0
819 -3.7974 0
1428 -3.7988 0
1205 -3.7991 0
1870 -3.7999 0
1112 -3.8018 0
643 -3.8152 0
1748 -3.8178 0
639 -3.8274 0
1327 -3.8312 0
1021 -3.8322 0
443 -3.8363 0
1911 -3.8423 0
1876 -3.8426 0
1930 -3.8451 0
29 -3.8481 0
1109 -3.8492 0
621 -3.8501 0
1164 -3.8577 0
20 -3.8613 0
1192 -3.8620 0
581 -3.8625 0
1158 -3.8668 0
1964 -3.8691 0
516 -3.8818 0
1329 -3.8897 0
1188 -3.9028 0
1325 -3.9055 0
544 -3.9072 0
192 -3.9140 0
1742 -3.9195 0
148 -3.9197 0
1858 -3.9262 0
104 -3.9290 0
135 -3.9306 0
1345 -3.9388 0
141 -3.9398 0
1801 -3.9407 0
257 -3.9459 0
1105 -3.9505 0
1436 -3.9611 0
1437 -3.9703 0
5 -3.9879 0
299 -3.9893 0
1940 -3.9937 0
1721 -3.9955 0
1854 -4.0027 0
262 -4.0033 0
837 -4.0116 0
1971 -4.0172 0
834 -4.0188 0
1157 -4.0202 0
278 -4.0206 0
471 -4.0299 0
59 -4.0334 0
1864 -4.0350 0
1318 -4.0368 0
294 -4.0381 0
295 -4.0393 0
687 -4.0509 0
1735 -4.0528 0
1757 -4.0573 0
804 -4.0593 0
553 -4.0607 0
1117 -4.0607 0
944 -4.0709 0
1892 -4.0797 0
1990 -4.0822 0
1999 -4.0867 0
1784 -4.0942 0
1711 -4.0948 0
108 -4.1002 0
1103 -4.1008 0
667 -4.1055 0
116 -4.1061 0
147 -4.1068 0
289 -4.1088 0
1987 -4.1156 0
1106 -4.1159 0
1416 -4.1177 0
1829 -4.1215 0
1 -4.1249 0
625 -4.1356 0
953 -4.1396 0
1701 -4.1503 0
1932 -4.1765 0
1401 -4.1901 0
1853 -4.1968 0
1135 -4.2090 0
476 -4.2138 0
1426 -4.2150 0
1955 -4.2314 0
1797 -4.2324 0
1823 -4.2340 0
182 -4.2383 0
106 -4.2414 0
1113 -4.2591 0
63 -4.2647 0
726 -4.2671 0
0 -4.2692 0
1170 -4.2979 0
588 -4.3007 0
641 -4.3012 0
1985 -4.3018 0
583 -4.3077 0
134 -4.3114 0
1445 -4.3120 0
1843 -4.3212 0
158 -4.3248 0
413 -4.3254 0
132 -4.3273 0
95 -4.3291 0
1934 -4.3299 0
749 -4.3322 0
1773 -4.3325 0
1099 -4.3470 0
1982 -4.3503 0
1997 -4.3550 0
1848 -4.3609 0
1715 -4.3623 0
798 -4.3640 0
1702 -4.3646 0
1154 -4.3683 0
721 -4.3856 0
1731 -4.3937 0
1430 -4.3941 0
1954 -4.3999 0
1980 -4.4006 0
269 -4.4050 0
1989 -4.4067 0
1952 -4.4097 0
669 -4.4137 0
1912 -4.4171 0
640 -4.4174 0
1713 -4.4188 0
1945 -4.4189 0
423 -4.4212 0
297 -4.4249 0
250 -4.4382 0
565 -4.4443 0
1406 -4.4461 0
41 -4.4482 0
477 -4.4507 0
163 -4.4612 0
831 -4.4834 0
98 -4.4840 0
298 -4.4926 0
1181 -4.4927 0
27 -4.4972 0
836 -4.5010 0
81 -4.5019 0
857 -4.5156 0
575 -4.5216 0
145 -4.5260 0
1961 -4.5292 0
119 -4.5323 0
1965 -4.5441 0
1887 -4.5455 0
1863 -4.5486 0
499 -4.5531 0
1906 -4.5786 0
186 -4.5788 0
619 -4.5838 0
1160 -4.5847 0
1322 -4.6012 0
1958 -4.6016 0
254 -4.6035 0
1834 -4.6065 0
1979 -4.6154 0
260 -4.6170 0
1189 -4.6382 0
828 -4.6399 0
612 -4.6500 0
425 -4.6603 0
279 -4.6735 0
173 -4.6784 0
71 -4.6791 0
613 -4.6796 0
152 -4.6910 0
1712 -4.6966 0
149 -4.6973 0
848 -4.7002 0
1704 -4.7187 0
1788 -4.7353 0
1894 -4.7382 0
832 -4.7429 0
1131 -4.7578 0
18 -4.7665 0
1018 -4.7692 0
826 -4.7800 0
209 -4.7812 0
1420 -4.7880 0
1866 -4.7892 0
321 -4.7903 0
1815 -4.8054 0
1865 -4.8060 0
261 -4.8102 0
1098 -4.8123 0
1198 -4.8154 0
283 -4.8221 0
645 -4.8352 0
1723 -4.8369 0
580 -4.8408 0
1738 -4.8433 0
441 -4.8484 0
198 -4.8499 0
865 -4.8765 0
1812 -4.8788 0
627 -4.8798 0
764 -4.8899 0
1739 -4.8926 0
1321 -4.8943 0
1755 -4.8996 0
101 -4.9052 0
1837 -4.9074 0
139 -4.9145 0
1809 -4.9160 0
112 -4.9162 0
72 -4.9162 0
1846 -4.9288 0
1054 -4.9467 0
1885 -4.9628 0
511 -4.9655 0
1153 -4.9877 0
586 -4.9912 0
1969 -4.9967 0
1844 -5.0129 0
829 -5.0235 0
275 -5.0314 0
7 -5.0323 0
268 -5.0335 0
1165 -5.0364 0
61 -5.0374 0
1794 -5.0398 0
913 -5.0425 0
505 -5.0513 0
478 -5.0571 0
137 -5.0610 0
276 -5.0620 0
1780 -5.0652 0
174 -5.0729 0
113 -5.0737 0
266 -5.0828 0
66 -5.0878 0
416 -5.0903 0
210 -5.1001 0
1173 -5.1019 0
1148 -5.1032 0
1092 -5.1063 0
1781 -5.1224 0
644 -5.1291 0
1852 -5.1345 0
177 -5.1355 0
264 -5.1389 0
1956 -5.1579 0
560 -5.1684 0
623 -5.1768 0
1709 -5.1934 0
1706 -5.2006 0
558 -5.2082 0
1871 -5.2098 0
146 -5.2101 0
94 -5.2103 0
601 -5.2152 0
1722 -5.2156 0
34 -5.2170 0
153 -5.2404 0
1720 -5.2405 0
880 -5.2466 0
176 -5.2472 0
118 -5.2483 0
840 -5.2569 0
1196 -5.2578 0
88 -5.2752 0
1828 -5.2783 0
438 -5.2849 0
85 -5.3014 0
1873 -5.3015 0
606 -5.3137 0
1968 -5.3183 0
845 -5.3301 0
1174 -5.3422 0
648 -5.3535 0
124 -5.3548 0
818 -5.3620 0
698 -5.3676 0
1764 -5.3729 0
1977 -5.3741 0
171 -5.3743 0
1860 -5.3775 0
24 -5.3778 0
1700 -5.3782 0
1724 -5.3828 0
594 -5.3854 0
187 -5.4028 0
273 -5.4049 0
1898 -5.4075 0
226 -5.4093 0
1734 -5.4248 0
107 -5.4253 0
3 -5.4255 0
600 -5.4268 0
142 -5.4288 0
816 -5.4331 0
1767 -5.4411 0
256 -5.4415 0
1762 -5.4434 0
1732 -5.4468 0
436 -5.4508 0
589 -5.4533 0
629 -5.4570 0
1855 -5.4596 0
1884 -5.4774 0
1902 -5.4822 0
1878 -5.4825 0
729 -5.4829 0
162 -5.5031 0
480 -5.5075 0
1821 -5.5132 0
1073 -5.5146 0
1970 -5.5404 0
1431 -5.5472 0
259 -5.5478 0
830 -5.5485 0
181 -5.5501 0
65 -5.5682 0
1740 -5.5690 0
51 -5.5712 0
1833 -5.5767 0
1429 -5.5866 0
620 -5.5987 0
12 -5.6005 0
122 -5.6062 0
1868 -5.6112 0
1094 -5.6208 0
33 -5.6255 0
793 -5.6496 0
90 -5.6549 0
280 -5.6639 0
784 -5.6703 0
1808 -5.6920 0
597 -5.6990 0
1717 -5.6992 0
205 -5.7091 0
1733 -5.7179 0
286 -5.7227 0
1974 -5.7303 0
847 -5.7417 0
21 -5.7471 0
26 -5.7561 0
1836 -5.7563 0
1804 -5.7566 0
1849 -5.7744 0
808 -5.7781 0
824 -5.7813 0
895 -5.7864 0
576 -5.7952 0
189 -5.7963 0
2 -5.7985 0
1782 -5.8038 0
82 -5.8380 0
74 -5.8420 0
78 -5.8433 0
144 -5.8490 0
1893 -5.8571 0
253 -5.8652 0
1842 -5.8701 0
550 -5.8793 0
1708 -5.8797 0
1888 -5.8955 0
1950 -5.8994 0
285 -5.9083 0
1798 -5.9407 0
160 -5.9431 0
1850 -5.9695 0
1183 -5.9715 0
1856 -5.9778 0
140 -5.9821 0
1811 -6.0044 0
1786 -6.0053 0
13 -6.0115 0
46 -6.0234 0
870 -6.0235 0
615 -6.0281 0
686 -6.0402 0
1335 -6.0495 0
70 -6.0572 0
58 -6.0618 0
570 -6.0629 0
551 -6.0644 0
1772 -6.0747 0
1831 -6.0801 0
191 -6.1069 0
598 -6.1078 0
25 -6.1248 0
263 -6.1313 0
1199 -6.1482 0
57 -6.1520 0
1818 -6.1933 0
102 -6.2030 0
1714 -6.2116 0
115 -6.2176 0
1725 -6.2258 0
1747 -6.2258 0
1796 -6.2347 0
801 -6.2447 0
557 -6.2701 0
1816 -6.2779 0
910 -6.3146 0
31 -6.3167 0
45 -6.3186 0
563 -6.3242 0
86 -6.3278 0
605 -6.3493 0
1175 -6.3674 0
1220 -6.3739 0
6 -6.4136 0
16 -6.4632 0
1897 -6.4917 0
14 -6.4954 0
121 -6.4955 0
1822 -6.5488 0
197 -6.5513 0
164 -6.5722 0
1760 -6.5737 0
1820 -6.5856 0
1705 -6.5936 0
1805 -6.5981 0
123 -6.5999 0
80 -6.6058 0
1819 -6.6085 0
561 -6.6151 0
579 -6.6180 0
1727 -6.6298 0
11 -6.6359 0
1880 -6.6374 0
23 -6.6483 0
1149 -6.7055 0
934 -6.7340 0
1840 -6.7419 0
515 -6.7861 0
569 -6.8192 0
36 -6.8338 0
559 -6.8490 0
1830 -6.8498 0
755 -6.8699 0
1839 -6.8922 0
1133 -6.9102 0
608 -6.9151 0
120 -6.9190 0
552 -6.9250 0
587 -6.9257 0
129 -6.9327 0
154 -6.9720 0
271 -6.9732 0
1419 -6.9750 0
1835 -6.9841 0
1825 -6.9944 0
595 -6.9960 0
554 -6.9962 0
1813 -7.0329 0
809 -7.0392 0
1847 -7.0489 0
635 -7.0599 0
178 -7.0692 0
889 -7.0924 0
637 -7.1046 0
117 -7.1154 0
30 -7.1731 0
1890 -7.2384 0
19 -7.3114 0
1802 -7.3290 0
42 -7.3327 0
596 -7.3374 0
590 -7.4036 0
49 -7.4495 0
1775 -7.4902 0
4 -7.5014 0
1800 -7.6112 0
38 -7.6135 0
37 -7.6232 0
1814 -7.6329 0
711 -7.7255 0
592 -7.8139 0
1169 -7.9292 0
9 -8.0942 0
632 -8.1065 0
566 -8.1366 0
593 -8.2115 0
1827 -8.3237 0
28 -8.3688 0
8 -8.3780 0
131 -8.3921 0
1826 -8.4141 0
22 -8.4279 0
1806 -8.4428 0
573 -8.5250 0
1872 -8.6771 0
1841 -8.9321 0
1896 -9.0253 0
10 -9.0790 0
1817 -9.3142 0
562 -9.4943 0
35 -9.8440 0
1859 -10.3021 0
