1701 26.9562 1
1743 26.1824 1
1712 24.2852 1
1717 23.9533 1
1709 23.8395 1
1739 22.4581 1
1723 22.3252 1
1700 21.9434 1
1725 21.5250 1
1747 21.5250 1
1731 21.4727 1
1708 20.9541 1
1707 20.3885 1
1732 20.3148 1
1714 18.7907 1
1734 18.3876 1
1716 17.9163 1
1730 17.7645 1
1729 17.4833 1
1711 17.2345 1
1742 16.6075 1
1702 16.5891 1
294 16.4499 0
1713 16.3766 1
1740 15.6913 1
1727 15.5671 1
1718 14.5314 1
1800 14.5007 0
56 14.4941 0
1735 13.9319 1
69 13.8808 0
1710 13.7781 1
1703 13.6336 1
1724 13.5702 1
51 13.4751 0
1704 13.2275 1
1748 13.0715 1
1728 13.0221 1
1715 12.9807 1
54 12.9321 0
1738 12.7908 1
1741 12.7331 1
1744 12.7315 1
88 12.6637 0
64 12.2954 0
77 12.1824 0
82 12.1471 0
92 11.6986 0
1812 11.6168 0
63 11.5204 0
1706 11.4982 1
1719 11.3667 1
1722 10.9439 1
1736 10.7994 1
61 10.6010 0
1733 10.4724 1
1822 10.4023 0
1746 10.2925 1
1720 10.2711 1
98 10.2256 0
80 10.1844 0
1749 9.9786 1
57 9.9629 0
81 9.9373 0
1721 9.7338 1
91 9.6348 0
1737 9.5977 1
1726 9.5375 1
1820 9.4242 0
79 9.4044 0
1819 9.3611 0
1807 9.3430 0
60 9.3357 0
1825 9.3137 0
96 9.3137 0
89 9.0209 0
97 8.9916 0
74 8.9705 0
1844 8.9696 0
1198 8.8524 0
59 8.5977 0
1823 8.4045 0
1815 8.2503 0
640 8.2286 0
1814 8.0726 0
95 8.0313 0
86 8.0121 0
1705 7.8084 1
1856 7.7815 0
76 7.6827 0
49 7.5638 0
94 7.5607 0
90 7.4894 0
642 7.4824 0
83 7.4757 0
1843 7.4556 0
619 7.4371 0
1804 7.3076 0
99 7.0370 0
58 6.9636 0
1835 6.9604 0
62 6.8957 0
55 6.8840 0
1847 6.8350 0
120 6.7096 0
942 6.6233 0
1831 6.4892 0
1889 6.4859 0
27 6.4697 0
1130 6.3064 0
121 6.2912 0
1160 6.2727 0
78 6.1986 0
1176 6.1180 0
251 6.0182 0
72 5.9972 0
1796 5.9216 0
52 5.8811 0
68 5.8627 0
1506 5.8251 0
71 5.7992 0
263 5.7742 0
627 5.7689 0
423 5.7478 0
1849 5.7298 0
1854 5.7058 0
19 5.6929 0
1818 5.6252 0
75 5.5918 0
298 5.4952 0
1848 5.4865 0
38 5.2056 0
1598 5.1415 0
1571 5.0459 0
623 5.0026 0
1816 4.9976 0
134 4.9896 0
1817 4.9391 0
261 4.9295 0
1827 4.9011 0
1580 4.8483 0
1965 4.7882 0
53 4.7556 0
93 4.7396 0
1312 4.6841 0
84 4.6580 0
1802 4.6572 0
41 4.6511 0
1803 4.6402 0
934 4.6280 0
1805 4.6187 0
1018 4.5400 0
22 4.5172 0
1808 4.5144 0
171 4.4566 0
638 4.4426 0
1163 4.4321 0
1539 4.4084 0
70 4.3751 0
1801 4.3730 0
1828 4.3659 0
1839 4.3593 0
929 4.3489 0
250 4.3416 0
641 4.3274 0
1832 4.3124 0
1790 4.2940 0
603 4.2573 0
87 4.2279 0
1288 4.1913 0
305 4.1833 0
174 4.1519 0
635 4.1065 0
831 3.9949 0
454 3.9854 0
283 3.9853 0
1873 3.9644 0
1885 3.9282 0
142 3.9158 0
645 3.8945 0
1182 3.7776 0
1256 3.7716 0
613 3.7686 0
1780 3.7256 0
1826 3.6920 0
1564 3.6830 0
1859 3.6428 0
1836 3.6194 0
1102 3.6176 0
1841 3.5959 0
1821 3.5801 0
50 3.5798 0
154 3.5295 0
132 3.5089 0
1169 3.5029 0
67 3.4979 0
583 3.4884 0
1811 3.4809 0
1860 3.4595 0
1785 3.4537 0
143 3.4064 0
1756 3.3862 0
1952 3.3649 0
1321 3.3426 0
1183 3.2994 0
1772 3.2444 0
276 3.2307 0
644 3.2158 0
1503 3.2092 0
606 3.1864 0
1153 3.1557 0
1806 3.1152 0
605 3.0732 0
191 3.0488 0
1155 3.0326 0
1761 2.9991 0
602 2.9900 0
6 2.9655 0
620 2.9238 0
290 2.9019 0
1042 2.8726 0
281 2.8624 0
1964 2.8592 0
1027 2.8503 0
1888 2.8134 0
1322 2.7974 0
256 2.7831 0
1940 2.7681 0
1750 2.7543 0
1165 2.7484 0
636 2.7342 0
1745 2.6868 1
265 2.6706 0
267 2.6668 0
1 2.6249 0
608 2.6025 0
818 2.5996 0
1833 2.5954 0
1507 2.5795 0
910 2.5793 0
1869 2.5710 0
268 2.5508 0
621 2.5383 0
1809 2.5197 0
292 2.5195 0
1945 2.5194 0
101 2.5175 0
1779 2.5067 0
285 2.4614 0
1152 2.4499 0
146 2.3917 0
1918 2.3790 0
1773 2.3218 0
259 2.2821 0
1842 2.2551 0
65 2.2146 0
17 2.2075 0
1898 2.1920 0
1574 2.1606 0
1846 2.1553 0
260 2.1486 0
66 2.1223 0
284 2.1038 0
1189 2.0955 0
1891 2.0798 0
1156 2.0434 0
85 2.0404 0
278 2.0189 0
239 1.9643 0
632 1.9491 0
1958 1.9334 0
5 1.9227 0
1231 1.8822 0
346 1.8809 0
843 1.8658 0
1930 1.8642 0
123 1.8559 0
252 1.8485 0
643 1.8350 0
119 1.8324 0
1356 1.8048 0
842 1.7976 0
192 1.7862 0
141 1.7726 0
1944 1.7539 0
286 1.7530 0
223 1.7424 0
1541 1.7369 0
897 1.7143 0
513 1.7103 0
116 1.7078 0
610 1.6891 0
149 1.6829 0
1167 1.6629 0
254 1.6483 0
634 1.6441 0
1969 1.6360 0
1829 1.6209 0
274 1.6208 0
1192 1.5973 0
139 1.5823 0
187 1.5776 0
1984 1.5737 0
1195 1.5701 0
1178 1.5659 0
832 1.5600 0
1757 1.5552 0
1769 1.5502 0
1770 1.5465 0
618 1.5349 0
288 1.5284 0
876 1.5206 0
1196 1.5138 0
1335 1.4860 0
156 1.4623 0
144 1.4353 0
1379 1.3996 0
1592 1.3920 0
612 1.3900 0
1393 1.3885 0
1517 1.3733 0
616 1.3265 0
1151 1.3157 0
1515 1.3136 0
185 1.3135 0
1813 1.2964 0
1963 1.2882 0
1890 1.2872 0
258 1.2742 0
609 1.2689 0
1181 1.2676 0
269 1.2634 0
11 1.2575 0
866 1.2529 0
614 1.2470 0
1170 1.2464 0
270 1.2412 0
275 1.2031 0
590 1.2013 0
1171 1.2004 0
629 1.1951 0
1830 1.1751 0
1094 1.1678 0
1344 1.1646 0
1824 1.1553 0
877 1.1500 0
2 1.1378 0
406 1.1137 0
1168 1.0885 0
108 1.0689 0
819 1.0632 0
331 1.0407 0
617 1.0372 0
1390 1.0224 0
1912 1.0126 0
1793 0.9988 0
10 0.9977 0
1175 0.9921 0
1211 0.9563 0
1837 0.9397 0
203 0.9336 0
860 0.9318 0
1154 0.9260 0
1990 0.9075 0
159 0.8901 0
1977 0.8558 0
849 0.8430 0
217 0.8426 0
836 0.8306 0
1777 0.8299 0
1199 0.8245 0
1117 0.8231 0
1786 0.8183 0
667 0.7977 0
1197 0.7940 0
1754 0.7911 0
486 0.7635 0
280 0.7503 0
1799 0.7254 0
282 0.7246 0
839 0.6963 0
1864 0.6897 0
948 0.6758 0
37 0.6656 0
129 0.6624 0
32 0.6515 0
28 0.6402 0
104 0.6189 0
1996 0.6098 0
1203 0.6095 0
611 0.6085 0
1139 0.5942 0
1629 0.5859 0
868 0.5820 0
793 0.5773 0
1872 0.5772 0
1301 0.5755 0
1974 0.5590 0
1855 0.5312 0
1877 0.5136 0
162 0.5025 0
1959 0.4915 0
1752 0.4758 0
1978 0.4612 0
1516 0.4590 0
138 0.4583 0
296 0.4563 0
115 0.4553 0
1915 0.4483 0
628 0.4382 0
1534 0.4372 0
1164 0.4367 0
279 0.4364 0
42 0.4347 0
177 0.4106 0
1162 0.3901 0
1480 0.3892 0
787 0.3787 0
1179 0.3440 0
1275 0.3439 0
428 0.3432 0
519 0.3407 0
1866 0.3329 0
1753 0.3279 0
755 0.3014 0
804 0.2975 0
1798 0.2930 0
615 0.2847 0
624 0.2839 0
1926 0.2834 0
1956 0.2821 0
1133 0.2687 0
175 0.2653 0
859 0.2641 0
1509 0.2619 0
912 0.2559 0
572 0.2461 0
1759 0.2378 0
896 0.2211 0
1791 0.2089 0
1101 0.1839 0
147 0.1820 0
790 0.1558 0
807 0.1414 0
105 0.1387 0
631 0.1377 0
314 0.1376 0
1787 0.1259 0
1054 0.1255 0
1838 0.1209 0
272 0.1196 0
1220 0.1181 0
1922 0.1103 0
737 0.0985 0
1530 0.0860 0
1190 0.0853 0
124 0.0790 0
1782 0.0767 0
1583 0.0713 0
1883 0.0671 0
862 0.0466 0
127 0.0412 0
150 -0.0076 0
1776 -0.0245 0
15 -0.0277 0
1318 -0.0345 0
1943 -0.0483 0
1239 -0.0507 0
172 -0.0558 0
1871 -0.0586 0
851 -0.0636 0
698 -0.0656 0
647 -0.0728 0
1762 -0.0867 0
189 -0.0867 0
1893 -0.0965 0
813 -0.1082 0
103 -0.1149 0
857 -0.1149 0
21 -0.1482 0
899 -0.1523 0
1015 -0.1530 0
840 -0.1541 0
1999 -0.1634 0
542 -0.1657 0
883 -0.1666 0
289 -0.1876 0
977 -0.1986 0
503 -0.2018 0
1185 -0.2021 0
639 -0.2028 0
1310 -0.2331 0
481 -0.2332 0
1187 -0.2521 0
527 -0.2545 0
534 -0.2578 0
1161 -0.2809 0
1116 -0.2836 0
1979 -0.2934 0
1216 -0.2950 0
520 -0.3153 0
1424 -0.3354 0
73 -0.3405 0
102 -0.3441 0
871 -0.3457 0
264 -0.3554 0
515 -0.3631 0
20 -0.3700 0
548 -0.3720 0
822 -0.3772 0
12 -0.3873 0
1789 -0.3900 0
976 -0.4006 0
1981 -0.4056 0
1586 -0.4257 0
1021 -0.4267 0
199 -0.4315 0
1332 -0.4697 0
1166 -0.4730 0
828 -0.4737 0
1971 -0.4914 0
844 -0.5141 0
569 -0.5412 0
855 -0.5440 0
806 -0.5448 0
848 -0.5665 0
817 -0.5830 0
153 -0.5842 0
1951 -0.5845 0
536 -0.5849 0
922 -0.6171 0
1931 -0.6180 0
193 -0.6191 0
1755 -0.6231 0
1142 -0.6269 0
1037 -0.6307 0
1315 -0.6416 0
1775 -0.6469 0
1109 -0.6496 0
1950 -0.6547 0
833 -0.6577 0
1627 -0.6657 0
198 -0.6749 0
188 -0.6827 0
835 -0.6851 0
26 -0.6897 0
335 -0.6946 0
1867 -0.7082 0
1783 -0.7107 0
1886 -0.7116 0
1989 -0.7263 0
1477 -0.7402 0
550 -0.7494 0
1794 -0.7505 0
1961 -0.7548 0
1928 -0.7634 0
1953 -0.7644 0
1993 -0.7657 0
1488 -0.7758 0
1219 -0.7856 0
794 -0.7860 0
1781 -0.7934 0
210 -0.7958 0
1887 -0.8000 0
1114 -0.8017 0
1596 -0.8040 0
509 -0.8112 0
861 -0.8122 0
106 -0.8152 0
887 -0.8164 0
113 -0.8194 0
1184 -0.8356 0
450 -0.8383 0
35 -0.8497 0
118 -0.8572 0
287 -0.8588 0
126 -0.8629 0
646 -0.8718 0
1778 -0.8727 0
125 -0.8746 0
531 -0.8750 0
148 -0.8784 0
1932 -0.8792 0
1135 -0.8893 0
1850 -0.8902 0
1765 -0.8981 0
160 -0.8988 0
1329 -0.9038 0
1174 -0.9046 0
1795 -0.9049 0
1879 -0.9097 0
649 -0.9134 0
1788 -0.9183 0
221 -0.9231 0
197 -0.9237 0
1150 -0.9370 0
1148 -0.9392 0
1901 -0.9397 0
293 -0.9545 0
846 -0.9565 0
1112 -0.9630 0
151 -0.9896 0
810 -0.9920 0
1994 -0.9961 0
170 -0.9972 0
1145 -0.9982 0
678 -0.9999 0
816 -1.0108 0
814 -1.0119 0
1982 -1.0166 0
1797 -1.0326 0
630 -1.0491 0
495 -1.0552 0
880 -1.0607 0
299 -1.0660 0
255 -1.0684 0
1955 -1.0838 0
117 -1.0872 0
1455 -1.0926 0
1810 -1.0948 0
247 -1.1063 0
990 -1.1131 0
195 -1.1225 0
164 -1.1301 0
1763 -1.1325 0
575 -1.1353 0
585 -1.1365 0
1035 -1.1510 0
181 -1.1513 0
686 -1.1592 0
304 -1.1616 0
158 -1.1642 0
1043 -1.1747 0
1983 -1.1785 0
1784 -1.1891 0
122 -1.1975 0
1214 -1.2005 0
212 -1.2067 0
1970 -1.2083 0
885 -1.2275 0
543 -1.2289 0
1314 -1.2309 0
633 -1.2427 0
227 -1.2486 0
1292 -1.2695 0
262 -1.2731 0
1338 -1.2801 0
1767 -1.2807 0
1397 -1.2813 0
213 -1.3051 0
1973 -1.3065 0
1339 -1.3221 0
1307 -1.3325 0
648 -1.3382 0
858 -1.3391 0
1230 -1.3403 0
140 -1.3446 0
1010 -1.3588 0
1245 -1.3651 0
1372 -1.3683 0
596 -1.3742 0
1585 -1.3761 0
1980 -1.3774 0
1764 -1.3880 0
956 -1.3959 0
1995 -1.4020 0
1129 -1.4052 0
16 -1.4060 0
1896 -1.4073 0
706 -1.4076 0
1158 -1.4146 0
1851 -1.4187 0
815 -1.4226 0
1606 -1.4281 0
1276 -1.4447 0
549 -1.4448 0
1558 -1.4450 0
500 -1.4619 0
1012 -1.4709 0
317 -1.4787 0
43 -1.4818 0
1273 -1.4836 0
1331 -1.4945 0
449 -1.4968 0
39 -1.5012 0
1352 -1.5160 0
1536 -1.5273 0
110 -1.5335 0
510 -1.5408 0
1308 -1.5480 0
482 -1.5782 0
107 -1.5874 0
1857 -1.5878 0
180 -1.5914 0
1383 -1.5925 0
1300 -1.5932 0
1545 -1.5972 0
341 -1.6029 0
586 -1.6032 0
826 -1.6062 0
568 -1.6085 0
1865 -1.6122 0
561 -1.6130 0
626 -1.6239 0
776 -1.6344 0
33 -1.6349 0
300 -1.6379 0
226 -1.6544 0
480 -1.6584 0
1906 -1.6615 0
1902 -1.6662 0
112 -1.6699 0
1131 -1.6703 0
578 -1.6705 0
1870 -1.6727 0
582 -1.6799 0
1900 -1.6843 0
297 -1.6941 0
1330 -1.6960 0
865 -1.6975 0
1320 -1.7018 0
565 -1.7121 0
1157 -1.7133 0
1845 -1.7184 0
1268 -1.7245 0
1751 -1.7291 0
1648 -1.7301 0
601 -1.7389 0
1337 -1.7435 0
668 -1.7458 0
1768 -1.7592 0
1144 -1.7635 0
1387 -1.7657 0
1345 -1.7750 0
533 -1.7787 0
622 -1.7922 0
891 -1.7986 0
219 -1.8057 0
216 -1.8076 0
277 -1.8149 0
1031 -1.8339 0
1897 -1.8355 0
1365 -1.8389 0
1210 -1.8508 0
580 -1.8508 0
841 -1.8548 0
1236 -1.8567 0
152 -1.8681 0
1209 -1.8752 0
378 -1.8816 0
703 -1.9131 0
1874 -1.9180 0
637 -1.9197 0
1862 -1.9230 0
176 -1.9363 0
1140 -1.9468 0
1875 -1.9484 0
337 -1.9497 0
1581 -1.9498 0
196 -1.9605 0
416 -1.9622 0
1554 -1.9831 0
1766 -1.9889 0
926 -1.9967 0
1758 -1.9994 0
1235 -2.0072 0
1525 -2.0258 0
679 -2.0298 0
1373 -2.0327 0
1212 -2.0421 0
1884 -2.0461 0
1186 -2.0529 0
1193 -2.0569 0
1223 -2.0580 0
1241 -2.0666 0
1376 -2.0709 0
333 -2.0730 0
1333 -2.0743 0
853 -2.0885 0
784 -2.0915 0
145 -2.0925 0
1986 -2.0948 0
939 -2.0954 0
878 -2.0995 0
1363 -2.1107 0
1868 -2.1161 0
1173 -2.1192 0
1962 -2.1412 0
1285 -2.1433 0
1191 -2.1484 0
502 -2.1496 0
908 -2.1505 0
1107 -2.1615 0
805 -2.1710 0
131 -2.1721 0
711 -2.1738 0
4 -2.1779 0
347 -2.1855 0
242 -2.1896 0
3 -2.1917 0
338 -2.1930 0
1909 -2.1948 0
1225 -2.1997 0
1123 -2.2004 0
774 -2.2019 0
309 -2.2081 0
1354 -2.2128 0
856 -2.2218 0
845 -2.2263 0
692 -2.2278 0
1760 -2.2381 0
451 -2.2437 0
511 -2.2507 0
413 -2.2608 0
1125 -2.2776 0
1640 -2.2787 0
1159 -2.2798 0
1188 -2.2823 0
114 -2.2865 0
1911 -2.2922 0
484 -2.2932 0
130 -2.2951 0
1326 -2.3025 0
607 -2.3074 0
194 -2.3075 0
1389 -2.3078 0
523 -2.3108 0
811 -2.3112 0
1521 -2.3297 0
1840 -2.3303 0
266 -2.3319 0
928 -2.3515 0
1597 -2.3520 0
597 -2.3554 0
1942 -2.3581 0
850 -2.3648 0
898 -2.3658 0
1957 -2.3708 0
1243 -2.3715 0
168 -2.3804 0
1968 -2.3826 0
1624 -2.3914 0
1853 -2.3934 0
662 -2.4014 0
1504 -2.4049 0
184 -2.4051 0
1572 -2.4139 0
680 -2.4182 0
1263 -2.4241 0
540 -2.4272 0
625 -2.4279 0
581 -2.4294 0
1020 -2.4302 0
1317 -2.4373 0
907 -2.4381 0
1852 -2.4396 0
604 -2.4430 0
1299 -2.4456 0
446 -2.4457 0
220 -2.4472 0
1531 -2.4525 0
1967 -2.4560 0
190 -2.4657 0
854 -2.4683 0
785 -2.4712 0
927 -2.4728 0
1367 -2.4732 0
1590 -2.4775 0
789 -2.4777 0
564 -2.4778 0
34 -2.4783 0
1048 -2.4845 0
1457 -2.4848 0
697 -2.4852 0
1242 -2.4911 0
1098 -2.4969 0
592 -2.4979 0
1920 -2.4979 0
183 -2.5002 0
895 -2.5036 0
474 -2.5037 0
163 -2.5135 0
1960 -2.5206 0
209 -2.5266 0
165 -2.5365 0
1642 -2.5398 0
992 -2.5592 0
302 -2.5717 0
1914 -2.5741 0
307 -2.5996 0
208 -2.6032 0
1923 -2.6045 0
932 -2.6045 0
1555 -2.6096 0
412 -2.6143 0
1309 -2.6207 0
954 -2.6337 0
1917 -2.6341 0
1528 -2.6405 0
499 -2.6409 0
1910 -2.6435 0
902 -2.6454 0
1913 -2.6545 0
1022 -2.6588 0
344 -2.6647 0
824 -2.6790 0
1399 -2.6791 0
945 -2.6808 0
1502 -2.6863 0
757 -2.6969 0
504 -2.7083 0
1349 -2.7112 0
1892 -2.7134 0
1366 -2.7195 0
1248 -2.7228 0
1924 -2.7285 0
1025 -2.7359 0
961 -2.7403 0
246 -2.7413 0
852 -2.7507 0
665 -2.7516 0
1446 -2.7552 0
483 -2.7621 0
1277 -2.7654 0
322 -2.7666 0
456 -2.7704 0
1324 -2.7723 0
497 -2.7863 0
1385 -2.8086 0
1774 -2.8107 0
758 -2.8122 0
501 -2.8147 0
1589 -2.8197 0
682 -2.8257 0
920 -2.8304 0
166 -2.8308 0
1540 -2.8639 0
1402 -2.8783 0
1904 -2.8814 0
1619 -2.8829 0
554 -2.8867 0
178 -2.8879 0
1126 -2.8897 0
29 -2.8977 0
763 -2.9042 0
1111 -2.9073 0
1876 -2.9135 0
1538 -2.9169 0
773 -2.9171 0
1408 -2.9204 0
13 -2.9264 0
1563 -2.9306 0
422 -2.9327 0
1001 -2.9371 0
798 -2.9426 0
882 -2.9464 0
906 -2.9466 0
659 -2.9478 0
567 -2.9489 0
1505 -2.9744 0
1262 -2.9753 0
1143 -2.9785 0
892 -2.9808 0
1578 -2.9832 0
760 -2.9887 0
946 -2.9932 0
800 -2.9936 0
1319 -2.9961 0
1134 -2.9963 0
1565 -3.0020 0
1200 -3.0021 0
1561 -3.0113 0
827 -3.0239 0
1040 -3.0253 0
505 -3.0263 0
1899 -3.0274 0
173 -3.0287 0
1771 -3.0304 0
1972 -3.0324 0
155 -3.0327 0
1620 -3.0367 0
788 -3.0388 0
918 -3.0396 0
541 -3.0517 0
111 -3.0519 0
762 -3.0528 0
478 -3.0639 0
18 -3.0701 0
1278 -3.0796 0
522 -3.0921 0
1306 -3.0970 0
780 -3.0971 0
0 -3.1134 0
1649 -3.1164 0
1136 -3.1201 0
1998 -3.1313 0
693 -3.1319 0
938 -3.1372 0
24 -3.1431 0
1557 -3.1480 0
1259 -3.1531 0
1113 -3.1538 0
875 -3.1545 0
44 -3.1584 0
591 -3.1597 0
1013 -3.1635 0
1579 -3.1703 0
555 -3.1716 0
802 -3.1765 0
797 -3.1835 0
1947 -3.1843 0
695 -3.1867 0
933 -3.1869 0
1462 -3.1890 0
1644 -3.1970 0
1253 -3.1978 0
202 -3.2008 0
779 -3.2128 0
1684 -3.2157 0
461 -3.2215 0
1377 -3.2301 0
1103 -3.2315 0
723 -3.2334 0
231 -3.2355 0
952 -3.2379 0
924 -3.2430 0
514 -3.2460 0
588 -3.2504 0
864 -3.2529 0
462 -3.2615 0
1439 -3.2630 0
525 -3.2645 0
1954 -3.2652 0
45 -3.2669 0
1237 -3.2672 0
36 -3.2675 0
1927 -3.2757 0
1474 -3.2761 0
1368 -3.2801 0
599 -3.2823 0
518 -3.2827 0
1553 -3.2880 0
1641 -3.2908 0
685 -3.2928 0
1584 -3.2936 0
1925 -3.2996 0
430 -3.3014 0
1030 -3.3042 0
770 -3.3090 0
944 -3.3091 0
837 -3.3263 0
754 -3.3294 0
1435 -3.3400 0
1347 -3.3416 0
1858 -3.3431 0
1552 -3.3475 0
1115 -3.3501 0
544 -3.3560 0
438 -3.3662 0
829 -3.3679 0
777 -3.3717 0
935 -3.3774 0
870 -3.3833 0
1316 -3.3942 0
1304 -3.4006 0
1599 -3.4065 0
900 -3.4082 0
435 -3.4154 0
963 -3.4258 0
765 -3.4287 0
1666 -3.4339 0
1622 -3.4352 0
237 -3.4488 0
743 -3.4563 0
675 -3.4605 0
566 -3.4624 0
1975 -3.4639 0
683 -3.4662 0
248 -3.4697 0
1665 -3.4785 0
325 -3.4890 0
1265 -3.4950 0
472 -3.4952 0
1556 -3.5030 0
7 -3.5120 0
136 -3.5160 0
186 -3.5226 0
546 -3.5290 0
781 -3.5315 0
553 -3.5319 0
916 -3.5342 0
1646 -3.5417 0
1792 -3.5425 0
808 -3.5455 0
1313 -3.5457 0
766 -3.5522 0
1119 -3.5530 0
1526 -3.5539 0
1247 -3.5540 0
1097 -3.5564 0
128 -3.5577 0
1232 -3.5593 0
339 -3.5655 0
821 -3.5659 0
1127 -3.5668 0
1559 -3.5738 0
1177 -3.5787 0
1254 -3.5796 0
448 -3.5869 0
211 -3.5878 0
823 -3.5920 0
1026 -3.5937 0
1894 -3.5963 0
1394 -3.5970 0
517 -3.5980 0
1604 -3.6076 0
1639 -3.6097 0
1603 -3.6140 0
310 -3.6153 0
1267 -3.6185 0
782 -3.6196 0
1493 -3.6264 0
1988 -3.6352 0
1086 -3.6521 0
820 -3.6589 0
577 -3.6665 0
1863 -3.6685 0
1047 -3.6733 0
1987 -3.6734 0
1218 -3.6991 0
666 -3.6991 0
257 -3.7005 0
135 -3.7029 0
23 -3.7074 0
1966 -3.7136 0
1290 -3.7214 0
1226 -3.7281 0
1612 -3.7385 0
1452 -3.7435 0
215 -3.7441 0
1490 -3.7459 0
1411 -3.7473 0
312 -3.7518 0
1621 -3.7566 0
1305 -3.7579 0
301 -3.7611 0
873 -3.7673 0
235 -3.7674 0
664 -3.7697 0
1019 -3.7715 0
222 -3.7742 0
1244 -3.7752 0
1468 -3.7831 0
169 -3.7932 0
830 -3.7937 0
1033 -3.8042 0
234 -3.8043 0
1992 -3.8069 0
1328 -3.8152 0
1587 -3.8169 0
921 -3.8202 0
1513 -3.8209 0
838 -3.8253 0
687 -3.8273 0
1000 -3.8342 0
729 -3.8374 0
336 -3.8414 0
475 -3.8418 0
867 -3.8431 0
1206 -3.8442 0
1510 -3.8491 0
1132 -3.8538 0
332 -3.8694 0
1334 -3.8763 0
560 -3.8834 0
752 -3.8914 0
1264 -3.8960 0
1908 -3.8973 0
1202 -3.9007 0
1418 -3.9088 0
884 -3.9142 0
530 -3.9177 0
1327 -3.9196 0
512 -3.9209 0
700 -3.9217 0
167 -3.9224 0
1628 -3.9333 0
1222 -3.9337 0
1392 -3.9341 0
1371 -3.9354 0
345 -3.9373 0
1137 -3.9404 0
595 -3.9421 0
463 -3.9555 0
397 -3.9561 0
253 -3.9573 0
1643 -3.9604 0
1615 -3.9650 0
1096 -3.9661 0
1089 -3.9698 0
834 -3.9714 0
308 -3.9743 0
1523 -3.9767 0
769 -3.9800 0
1560 -3.9826 0
551 -3.9841 0
825 -3.9858 0
1594 -3.9863 0
1669 -3.9974 0
1935 -4.0046 0
903 -4.0051 0
455 -4.0059 0
1895 -4.0067 0
1447 -4.0082 0
669 -4.0109 0
229 -4.0136 0
436 -4.0170 0
759 -4.0209 0
1569 -4.0251 0
1602 -4.0263 0
1407 -4.0324 0
694 -4.0331 0
1697 -4.0342 0
681 -4.0343 0
726 -4.0381 0
1391 -4.0381 0
559 -4.0533 0
677 -4.0594 0
1370 -4.0603 0
306 -4.0612 0
911 -4.0629 0
975 -4.0653 0
1916 -4.0695 0
471 -4.0714 0
232 -4.0727 0
238 -4.0796 0
230 -4.0807 0
487 -4.0858 0
796 -4.0956 0
466 -4.0976 0
1938 -4.1044 0
1907 -4.1050 0
243 -4.1085 0
157 -4.1148 0
403 -4.1167 0
1412 -4.1182 0
893 -4.1197 0
1524 -4.1213 0
1073 -4.1299 0
538 -4.1328 0
1618 -4.1334 0
547 -4.1389 0
1105 -4.1493 0
909 -4.1670 0
249 -4.1674 0
722 -4.1733 0
753 -4.1794 0
426 -4.1913 0
1044 -4.1944 0
1880 -4.2009 0
424 -4.2110 0
224 -4.2121 0
1568 -4.2123 0
1034 -4.2124 0
1496 -4.2381 0
761 -4.2427 0
200 -4.2497 0
1576 -4.2508 0
1045 -4.2561 0
863 -4.2694 0
1378 -4.2697 0
161 -4.2725 0
1486 -4.2725 0
9 -4.2742 0
137 -4.2793 0
1008 -4.2874 0
476 -4.2921 0
1593 -4.2933 0
47 -4.3030 0
600 -4.3040 0
995 -4.3060 0
1601 -4.3074 0
651 -4.3076 0
874 -4.3083 0
526 -4.3099 0
374 -4.3235 0
1201 -4.3273 0
411 -4.3275 0
869 -4.3303 0
494 -4.3307 0
1081 -4.3386 0
1546 -4.3539 0
1266 -4.3575 0
1289 -4.3596 0
1078 -4.3640 0
1057 -4.3647 0
1529 -4.3687 0
442 -4.3770 0
1946 -4.3839 0
225 -4.3852 0
1228 -4.3860 0
1696 -4.3865 0
1104 -4.3865 0
941 -4.3906 0
803 -4.3929 0
1519 -4.4093 0
718 -4.4108 0
1939 -4.4110 0
334 -4.4181 0
1443 -4.4183 0
913 -4.4184 0
1997 -4.4196 0
558 -4.4212 0
1532 -4.4265 0
1472 -4.4350 0
291 -4.4375 0
1386 -4.4395 0
1229 -4.4595 0
444 -4.4661 0
321 -4.4684 0
485 -4.4690 0
1549 -4.4709 0
1406 -4.4774 0
1341 -4.4797 0
1575 -4.4837 0
1270 -4.4837 0
489 -4.4913 0
1577 -4.4936 0
1547 -4.5010 0
1106 -4.5018 0
425 -4.5039 0
1985 -4.5139 0
1591 -4.5139 0
1861 -4.5189 0
962 -4.5200 0
1146 -4.5201 0
330 -4.5221 0
1921 -4.5248 0
886 -4.5348 0
764 -4.5351 0
812 -4.5352 0
205 -4.5398 0
1440 -4.5439 0
795 -4.5456 0
1077 -4.5567 0
1454 -4.5593 0
1426 -4.5663 0
1566 -4.5675 0
894 -4.5700 0
715 -4.5754 0
496 -4.5765 0
987 -4.5787 0
671 -4.5909 0
650 -4.5928 0
1834 -4.5957 0
930 -4.5998 0
799 -4.6025 0
1296 -4.6028 0
710 -4.6076 0
1271 -4.6286 0
1172 -4.6343 0
320 -4.6355 0
1257 -4.6399 0
1014 -4.6459 0
768 -4.6462 0
1340 -4.6498 0
598 -4.6579 0
1949 -4.6653 0
1936 -4.6653 0
889 -4.6682 0
1261 -4.6720 0
1194 -4.6835 0
1878 -4.6907 0
786 -4.6911 0
1149 -4.6980 0
1348 -4.6985 0
1024 -4.6990 0
1937 -4.7149 0
1250 -4.7153 0
661 -4.7257 0
1537 -4.7279 0
1055 -4.7306 0
1573 -4.7368 0
1249 -4.7405 0
1028 -4.7420 0
1087 -4.7593 0
1004 -4.7788 0
984 -4.7802 0
574 -4.7827 0
750 -4.7856 0
1084 -4.7883 0
1645 -4.8044 0
1294 -4.8071 0
1610 -4.8093 0
1881 -4.8116 0
1120 -4.8190 0
539 -4.8241 0
1240 -4.8301 0
379 -4.8307 0
1570 -4.8319 0
720 -4.8481 0
1948 -4.8527 0
303 -4.8622 0
319 -4.8636 0
1286 -4.8667 0
1458 -4.8679 0
427 -4.8696 0
133 -4.8743 0
490 -4.8756 0
570 -4.8775 0
1380 -4.8779 0
532 -4.8816 0
417 -4.8835 0
324 -4.8863 0
1661 -4.8888 0
316 -4.8987 0
1647 -4.9008 0
1522 -4.9111 0
1630 -4.9137 0
1260 -4.9175 0
1039 -4.9189 0
1668 -4.9256 0
716 -4.9458 0
937 -4.9619 0
1233 -4.9652 0
1657 -4.9748 0
1903 -4.9750 0
1205 -4.9772 0
1463 -4.9819 0
1036 -4.9819 0
658 -4.9869 0
1919 -4.9934 0
1252 -4.9997 0
744 -5.0031 0
1346 -5.0063 0
792 -5.0076 0
923 -5.0120 0
418 -5.0161 0
739 -5.0181 0
1064 -5.0259 0
1395 -5.0325 0
1905 -5.0367 0
206 -5.0370 0
783 -5.0383 0
713 -5.0429 0
704 -5.0461 0
1476 -5.0479 0
342 -5.0495 0
584 -5.0559 0
1311 -5.0653 0
1687 -5.0786 0
917 -5.0802 0
233 -5.0819 0
109 -5.0914 0
241 -5.0929 0
1003 -5.0963 0
1382 -5.0965 0
673 -5.1000 0
323 -5.1003 0
1660 -5.1057 0
468 -5.1068 0
1544 -5.1287 0
524 -5.1310 0
507 -5.1325 0
1941 -5.1359 0
778 -5.1395 0
727 -5.1429 0
1017 -5.1558 0
1180 -5.1559 0
40 -5.1778 0
1234 -5.1896 0
537 -5.1941 0
1336 -5.2009 0
1051 -5.2079 0
452 -5.2112 0
1110 -5.2118 0
1679 -5.2121 0
48 -5.2171 0
974 -5.2205 0
528 -5.2287 0
369 -5.2362 0
672 -5.2413 0
1608 -5.2500 0
508 -5.2530 0
545 -5.2536 0
1002 -5.2543 0
1934 -5.2548 0
271 -5.2644 0
516 -5.2652 0
1323 -5.2661 0
1595 -5.2706 0
1633 -5.2752 0
1637 -5.2873 0
1501 -5.2925 0
1066 -5.2947 0
1207 -5.2953 0
30 -5.2969 0
1138 -5.3299 0
881 -5.3416 0
847 -5.3464 0
381 -5.3548 0
1626 -5.3554 0
204 -5.3647 0
1213 -5.3693 0
343 -5.3781 0
1432 -5.3786 0
1453 -5.3867 0
1623 -5.3882 0
380 -5.3935 0
402 -5.3999 0
767 -5.4018 0
421 -5.4059 0
1011 -5.4069 0
1520 -5.4085 0
295 -5.4116 0
1375 -5.4123 0
1269 -5.4228 0
663 -5.4240 0
1613 -5.4318 0
179 -5.4391 0
702 -5.4404 0
809 -5.4425 0
1279 -5.4485 0
1469 -5.4506 0
747 -5.4507 0
652 -5.4563 0
1551 -5.4589 0
931 -5.4603 0
1009 -5.4664 0
943 -5.4718 0
731 -5.4766 0
1533 -5.4772 0
1381 -5.4776 0
801 -5.4799 0
1634 -5.4808 0
207 -5.4862 0
721 -5.4948 0
1281 -5.4952 0
689 -5.5007 0
1052 -5.5032 0
1444 -5.5225 0
1224 -5.5255 0
965 -5.5299 0
915 -5.5461 0
1283 -5.5470 0
1032 -5.5532 0
552 -5.5549 0
1083 -5.5625 0
736 -5.5638 0
1007 -5.5731 0
1046 -5.5743 0
1882 -5.5782 0
398 -5.5857 0
1360 -5.5908 0
228 -5.5954 0
1651 -5.6025 0
440 -5.6028 0
1465 -5.6096 0
25 -5.6109 0
1041 -5.6131 0
654 -5.6195 0
1588 -5.6243 0
936 -5.6244 0
1342 -5.6284 0
1298 -5.6299 0
273 -5.6304 0
1303 -5.6383 0
1441 -5.6437 0
1238 -5.6512 0
1698 -5.6552 0
1512 -5.6557 0
725 -5.6578 0
914 -5.6651 0
1681 -5.6652 0
182 -5.6677 0
1484 -5.6716 0
318 -5.6753 0
1005 -5.6842 0
904 -5.6871 0
1582 -5.6872 0
1929 -5.7137 0
1364 -5.7161 0
1678 -5.7185 0
245 -5.7338 0
414 -5.7361 0
1423 -5.7486 0
1396 -5.7608 0
1652 -5.7632 0
1535 -5.7642 0
1414 -5.7682 0
1058 -5.7744 0
1409 -5.7796 0
1609 -5.7810 0
960 -5.7859 0
373 -5.7863 0
432 -5.7878 0
1434 -5.7914 0
1442 -5.8018 0
1438 -5.8101 0
738 -5.8138 0
594 -5.8287 0
473 -5.8338 0
491 -5.8411 0
1272 -5.8515 0
1221 -5.8538 0
8 -5.8588 0
352 -5.8599 0
1567 -5.8599 0
1933 -5.8723 0
458 -5.8744 0
1631 -5.8781 0
350 -5.8795 0
563 -5.8844 0
1685 -5.8920 0
968 -5.8932 0
701 -5.8962 0
1617 -5.9046 0
1297 -5.9074 0
349 -5.9123 0
1343 -5.9144 0
901 -5.9168 0
1448 -5.9176 0
240 -5.9220 0
734 -5.9343 0
957 -5.9363 0
14 -5.9412 0
925 -5.9471 0
688 -5.9554 0
888 -5.9570 0
1430 -5.9630 0
749 -5.9765 0
1425 -5.9779 0
1049 -5.9787 0
655 -5.9858 0
377 -6.0370 0
1655 -6.0410 0
1369 -6.0416 0
1682 -6.0570 0
969 -6.0739 0
1023 -6.0813 0
529 -6.0835 0
1401 -6.0869 0
1355 -6.0907 0
429 -6.1008 0
410 -6.1065 0
1483 -6.1079 0
949 -6.1176 0
1459 -6.1189 0
699 -6.1233 0
328 -6.1239 0
748 -6.1298 0
1122 -6.1318 0
367 -6.1374 0
1092 -6.1495 0
1246 -6.1561 0
890 -6.1604 0
712 -6.1616 0
1108 -6.1669 0
1215 -6.1837 0
1527 -6.1873 0
1016 -6.1877 0
772 -6.1948 0
1361 -6.2037 0
1204 -6.2197 0
1508 -6.2211 0
1478 -6.2272 0
1449 -6.2360 0
1388 -6.2380 0
1293 -6.2428 0
1075 -6.2444 0
1282 -6.2452 0
1362 -6.2535 0
707 -6.2556 0
1451 -6.2605 0
1658 -6.2659 0
493 -6.2693 0
775 -6.2714 0
1065 -6.2714 0
1562 -6.2714 0
1359 -6.2876 0
1514 -6.2937 0
746 -6.2978 0
1464 -6.3262 0
311 -6.3555 0
431 -6.3558 0
905 -6.3586 0
1616 -6.3749 0
401 -6.3767 0
1291 -6.3983 0
415 -6.4023 0
966 -6.4196 0
1491 -6.4207 0
1124 -6.4216 0
1656 -6.4290 0
1691 -6.4308 0
1121 -6.4358 0
576 -6.4405 0
1069 -6.4410 0
1128 -6.4565 0
1208 -6.4617 0
1419 -6.4670 0
1053 -6.4719 0
236 -6.4816 0
479 -6.4896 0
719 -6.4945 0
557 -6.4959 0
1082 -6.4969 0
437 -6.4977 0
1494 -6.5006 0
593 -6.5079 0
1141 -6.5091 0
1384 -6.5122 0
991 -6.5166 0
1100 -6.5215 0
571 -6.5386 0
1650 -6.5453 0
1445 -6.5515 0
740 -6.5586 0
313 -6.5699 0
705 -6.5904 0
1636 -6.6019 0
771 -6.6041 0
1091 -6.6043 0
1638 -6.6079 0
994 -6.6174 0
1482 -6.6177 0
1287 -6.6198 0
214 -6.6202 0
940 -6.6220 0
467 -6.6494 0
1475 -6.6515 0
506 -6.6543 0
728 -6.6554 0
709 -6.6573 0
751 -6.6626 0
1428 -6.6689 0
879 -6.6716 0
1497 -6.6721 0
465 -6.6741 0
1284 -6.6978 0
1274 -6.7032 0
1353 -6.7075 0
579 -6.7104 0
1006 -6.7141 0
589 -6.7200 0
1677 -6.7264 0
433 -6.7348 0
791 -6.7354 0
360 -6.7363 0
419 -6.7389 0
1280 -6.7433 0
1688 -6.7462 0
1542 -6.7478 0
872 -6.7535 0
1068 -6.7557 0
1405 -6.7815 0
1350 -6.7832 0
315 -6.7835 0
1683 -6.7947 0
986 -6.7987 0
982 -6.8068 0
657 -6.8115 0
972 -6.8174 0
717 -6.8243 0
656 -6.8289 0
676 -6.8314 0
1088 -6.8441 0
1481 -6.8614 0
439 -6.8657 0
1358 -6.8719 0
447 -6.8724 0
1217 -6.8843 0
363 -6.8853 0
1460 -6.8869 0
1325 -6.8946 0
1421 -6.8976 0
329 -6.9025 0
1427 -6.9084 0
741 -6.9162 0
587 -6.9250 0
1029 -6.9399 0
31 -6.9426 0
1056 -6.9451 0
1147 -6.9609 0
400 -6.9641 0
46 -6.9838 0
407 -6.9888 0
1079 -6.9898 0
1518 -6.9942 0
327 -6.9989 0
1976 -7.0031 0
1467 -7.0082 0
562 -7.0132 0
556 -7.0195 0
1351 -7.0196 0
1699 -7.0198 0
1302 -7.0394 0
724 -7.0416 0
399 -7.0445 0
1511 -7.0482 0
100 -7.0738 0
371 -7.0750 0
1543 -7.0763 0
441 -7.0840 0
989 -7.1075 0
218 -7.1240 0
1690 -7.1307 0
1670 -7.1323 0
396 -7.1371 0
1450 -7.1374 0
970 -7.1566 0
1410 -7.1611 0
1431 -7.1630 0
573 -7.1652 0
1605 -7.1711 0
201 -7.1799 0
1625 -7.1809 0
998 -7.1896 0
1437 -7.2022 0
714 -7.2042 0
1635 -7.2534 0
488 -7.2618 0
1600 -7.2768 0
1038 -7.2810 0
1499 -7.2839 0
735 -7.2868 0
1607 -7.3017 0
383 -7.3184 0
420 -7.3487 0
1473 -7.3526 0
1074 -7.3544 0
1118 -7.3604 0
366 -7.3734 0
443 -7.3826 0
348 -7.3950 0
464 -7.4038 0
1076 -7.4156 0
384 -7.4331 0
1050 -7.4391 0
386 -7.4401 0
1258 -7.4415 0
1420 -7.4465 0
1694 -7.4523 0
1071 -7.4688 0
1654 -7.4814 0
1466 -7.5030 0
340 -7.5111 0
953 -7.5273 0
1664 -7.5388 0
359 -7.5447 0
1403 -7.5448 0
1429 -7.5625 0
362 -7.5661 0
919 -7.5879 0
460 -7.6097 0
1227 -7.6191 0
1255 -7.6354 0
708 -7.6601 0
1471 -7.6716 0
696 -7.6719 0
1085 -7.6913 0
756 -7.7056 0
1070 -7.7360 0
1059 -7.7373 0
674 -7.7387 0
1417 -7.7450 0
983 -7.7486 0
1251 -7.7623 0
979 -7.7873 0
1374 -7.7885 0
405 -7.8121 0
999 -7.8122 0
742 -7.8475 0
1404 -7.8510 0
470 -7.8775 0
1062 -7.8901 0
453 -7.9094 0
684 -7.9172 0
1689 -7.9252 0
356 -7.9388 0
996 -7.9402 0
1674 -7.9736 0
1667 -8.0058 0
1662 -8.0172 0
1357 -8.0310 0
971 -8.0346 0
1492 -8.0411 0
355 -8.0439 0
1500 -8.0462 0
745 -8.0639 0
375 -8.0686 0
733 -8.0691 0
370 -8.0703 0
1422 -8.0789 0
1413 -8.0868 0
1295 -8.1005 0
1680 -8.1100 0
1991 -8.1246 0
690 -8.1368 0
955 -8.1370 0
1485 -8.1397 0
385 -8.1519 0
392 -8.1523 0
372 -8.1726 0
1663 -8.1835 0
1632 -8.2080 0
357 -8.2092 0
1080 -8.2219 0
1611 -8.2241 0
409 -8.2313 0
389 -8.2725 0
1461 -8.2774 0
1692 -8.2928 0
1400 -8.2929 0
1479 -8.2936 0
457 -8.3061 0
1672 -8.3395 0
1456 -8.3472 0
947 -8.3505 0
985 -8.3538 0
1061 -8.3706 0
521 -8.3837 0
958 -8.4034 0
434 -8.4048 0
1489 -8.4234 0
973 -8.4266 0
1436 -8.4284 0
1398 -8.4449 0
730 -8.4454 0
1470 -8.4541 0
1676 -8.4702 0
1693 -8.4709 0
978 -8.4892 0
244 -8.5012 0
1550 -8.5274 0
358 -8.5444 0
394 -8.5480 0
670 -8.5648 0
959 -8.5890 0
1498 -8.6427 0
691 -8.6507 0
477 -8.6523 0
445 -8.6525 0
368 -8.6644 0
951 -8.6649 0
387 -8.6695 0
1415 -8.7173 0
361 -8.7179 0
1686 -8.7211 0
732 -8.7305 0
469 -8.7316 0
391 -8.7679 0
459 -8.7719 0
964 -8.7823 0
395 -8.7976 0
498 -8.7977 0
1067 -8.8819 0
390 -8.9223 0
1095 -8.9492 0
1433 -8.9954 0
980 -9.0008 0
967 -9.0552 0
1614 -9.0570 0
1072 -9.0992 0
376 -9.1035 0
326 -9.1785 0
950 -9.2072 0
353 -9.2854 0
988 -9.3315 0
365 -9.4143 0
393 -9.4228 0
351 -9.4255 0
388 -9.4358 0
993 -9.4970 0
653 -9.5014 0
492 -9.5174 0
1416 -9.5654 0
535 -9.6063 0
660 -9.6120 0
1093 -9.6386 0
354 -9.6696 0
981 -9.7347 0
1063 -9.7916 0
1060 -9.9264 0
364 -9.9792 0
404 -9.9914 0
1653 -10.0528 0
382 -10.0852 0
1673 -10.2194 0
1675 -10.2419 0
1659 -10.2944 0
408 -10.3034 0
1099 -10.3921 0
1548 -10.4095 0
997 -10.4522 0
1487 -10.5555 0
1695 -10.7241 0
1671 -11.0182 0
1090 -11.4957 0
1495 -12.4640 0
