1758 35.4237 1
1780 32.5290 1
1759 30.6833 1
1763 28.0319 1
1772 26.3938 1
1754 25.6749 1
1793 24.8592 1
1768 24.6062 1
1798 24.0385 1
1795 23.5468 1
1799 22.0117 1
1784 21.7476 1
1756 20.4514 1
1774 20.0655 1
1765 19.0679 1
1751 18.3846 1
1779 17.2605 1
1750 17.0899 1
1790 16.7795 1
1786 16.6063 1
1752 16.0985 1
1755 15.7600 1
1778 15.6057 1
1792 15.5226 1
1787 15.1004 1
1788 15.0388 1
1764 15.0134 1
1762 14.9967 1
1753 14.6221 1
1797 14.5367 1
1781 13.6019 1
1767 13.3662 1
1775 13.2438 1
1757 13.0206 1
1782 12.9919 1
1776 12.9301 1
1760 12.9073 1
1766 12.6255 1
1791 12.5308 1
1785 12.0831 1
1503 11.3429 0
1770 11.2828 1
1794 11.0152 1
736 10.4373 0
1771 10.2827 1
615 10.1116 0
1184 9.7559 0
1164 9.7428 0
1783 9.6915 1
1761 9.1023 1
833 9.0868 0
1897 8.7885 0
992 8.5185 0
1946 8.3813 0
1709 8.3518 0
1971 8.2951 0
26 8.1187 0
706 7.5405 0
1796 7.5379 1
1773 7.2529 1
6 7.2432 0
1504 7.1626 0
293 6.8955 0
1197 6.8297 0
1618 6.6876 0
1616 6.5765 0
612 6.3516 0
1301 6.2813 0
1179 6.2578 0
1551 6.2403 0
1560 6.0578 0
1628 6.0464 0
1556 5.9761 0
1165 5.9755 0
10 5.9521 0
1521 5.8808 0
1344 5.8398 0
0 5.7649 0
646 5.7381 0
1603 5.7226 0
1621 5.6350 0
623 5.6095 0
302 5.5940 0
1887 5.5614 0
424 5.5419 0
1609 5.5116 0
1577 5.4942 0
1855 5.4481 0
1741 5.4219 0
1789 5.3779 1
1526 5.3027 0
230 5.2392 0
1044 5.1361 0
1623 5.1256 0
1582 5.1248 0
1546 5.1244 0
642 5.0990 0
1155 5.0403 0
1987 5.0229 0
742 5.0084 0
1596 4.9722 0
260 4.9512 0
1525 4.9448 0
621 4.8852 0
1643 4.8489 0
1536 4.8239 0
1321 4.7537 0
33 4.7500 0
630 4.7326 0
1517 4.6994 0
1587 4.6731 0
1396 4.6525 0
1601 4.6364 0
254 4.6301 0
1734 4.6079 0
1515 4.5594 0
1541 4.5228 0
617 4.4993 0
78 4.4887 0
1152 4.4670 0
234 4.4324 0
1199 4.4235 0
728 4.4002 0
1951 4.3910 0
1745 4.3661 0
1506 4.2982 0
1599 4.2349 0
1516 4.1834 0
1039 4.1461 0
1159 4.1342 0
1158 4.0982 0
732 4.0760 0
1962 4.0682 0
968 3.9805 0
1606 3.9308 0
1170 3.9272 0
605 3.9232 0
1622 3.8813 0
28 3.8562 0
410 3.8463 0
1700 3.8379 0
1510 3.8340 0
719 3.7408 0
1452 3.6955 0
722 3.6789 0
187 3.6238 0
1602 3.6205 0
271 3.6065 0
1354 3.5386 0
39 3.5344 0
1574 3.5204 0
3 3.4730 0
633 3.4545 0
603 3.4237 0
686 3.4171 0
41 3.4087 0
1007 3.3981 0
1567 3.3808 0
281 3.3778 0
1891 3.3572 0
1611 3.3456 0
1892 3.3189 0
740 3.3093 0
1566 3.2999 0
1024 3.2975 0
1696 3.2925 0
275 3.2838 0
1807 3.2835 0
463 3.2778 0
1595 3.2686 0
1023 3.2663 0
501 3.2511 0
38 3.1962 0
1739 3.1573 0
1777 3.1187 1
19 3.1162 0
540 3.0891 0
1353 3.0660 0
713 3.0517 0
255 3.0176 0
21 3.0120 0
667 2.9969 0
1737 2.9941 0
725 2.9315 0
1325 2.9191 0
1769 2.9012 1
1803 2.8912 0
1593 2.8844 0
37 2.8768 0
701 2.8700 0
384 2.8512 0
1390 2.8264 0
1960 2.7988 0
47 2.7917 0
613 2.7912 0
273 2.7510 0
27 2.7338 0
1629 2.7301 0
263 2.7275 0
1549 2.7231 0
1583 2.7008 0
976 2.6998 0
716 2.6782 0
838 2.6294 0
42 2.6194 0
1557 2.6159 0
1031 2.6117 0
1340 2.6079 0
709 2.6009 0
45 2.5792 0
1594 2.5701 0
644 2.5494 0
1117 2.5046 0
147 2.4914 0
514 2.4823 0
1615 2.4791 0
1507 2.4556 0
280 2.4505 0
1195 2.4436 0
204 2.4342 0
1189 2.4340 0
1723 2.4276 0
1645 2.4179 0
1981 2.3899 0
616 2.3800 0
1036 2.3173 0
711 2.3031 0
703 2.2841 0
1552 2.2743 0
1986 2.2511 0
1974 2.2312 0
1626 2.2304 0
1589 2.2295 0
727 2.2189 0
723 2.2164 0
1534 2.2017 0
637 2.1983 0
486 2.1899 0
609 2.1826 0
130 2.1766 0
749 2.1679 0
1168 2.1636 0
111 2.1557 0
1604 2.1464 0
1559 2.1284 0
84 2.1273 0
24 2.1258 0
1973 2.1130 0
1978 2.1001 0
1707 2.0981 0
1638 2.0979 0
1590 2.0971 0
1642 2.0894 0
1192 2.0608 0
1703 2.0508 0
961 2.0483 0
1151 2.0361 0
1725 2.0349 0
1747 2.0349 0
1712 2.0148 0
1711 2.0127 0
16 2.0122 0
1533 2.0094 0
747 1.9919 0
1586 1.9880 0
1646 1.9870 0
553 1.9809 0
702 1.9800 0
262 1.9786 0
451 1.9711 0
1554 1.9680 0
1535 1.9590 0
700 1.9444 0
1953 1.9205 0
17 1.9171 0
731 1.9069 0
350 1.8978 0
357 1.8969 0
46 1.8934 0
1252 1.8870 0
1561 1.8812 0
606 1.8782 0
1598 1.8660 0
1980 1.8656 0
1178 1.8435 0
460 1.8432 0
29 1.8376 0
710 1.8373 0
1860 1.8224 0
1150 1.8084 0
1849 1.7950 0
1107 1.7687 0
32 1.7624 0
1157 1.7420 0
446 1.7397 0
450 1.7272 0
1726 1.7219 0
632 1.7139 0
1581 1.7100 0
1825 1.7071 0
227 1.6937 0
192 1.6920 0
604 1.6820 0
1977 1.6717 0
1979 1.6607 0
990 1.6602 0
1464 1.6482 0
1742 1.6325 0
1961 1.6224 0
101 1.6136 0
1722 1.5998 0
1183 1.5959 0
292 1.5886 0
748 1.5777 0
1627 1.5774 0
60 1.5767 0
1307 1.5629 0
1377 1.5622 0
359 1.5438 0
1584 1.5346 0
1630 1.5305 0
132 1.5229 0
965 1.5148 0
1008 1.5046 0
899 1.4902 0
1608 1.4866 0
1350 1.4694 0
1874 1.4594 0
1186 1.4590 0
1048 1.4535 0
1558 1.4430 0
1524 1.4421 0
1995 1.4365 0
730 1.4310 0
510 1.4293 0
413 1.4287 0
1531 1.4033 0
387 1.3915 0
1610 1.3850 0
40 1.3804 0
744 1.3766 0
462 1.3671 0
1457 1.3668 0
712 1.3560 0
708 1.3527 0
635 1.3416 0
1564 1.3387 0
342 1.3337 0
611 1.3274 0
98 1.3212 0
651 1.3089 0
649 1.2946 0
360 1.2930 0
1815 1.2825 0
1819 1.2752 0
634 1.2728 0
1984 1.2687 0
272 1.2687 0
1578 1.2634 0
1570 1.2575 0
587 1.2545 0
245 1.2493 0
497 1.2337 0
1173 1.2266 0
267 1.2245 0
1182 1.2098 0
1994 1.2080 0
1486 1.2057 0
25 1.1928 0
1832 1.1837 0
622 1.1796 0
15 1.1601 0
224 1.1520 0
184 1.1304 0
1290 1.0922 0
647 1.0893 0
705 1.0715 0
734 1.0674 0
542 1.0655 0
256 1.0539 0
1518 1.0538 0
1714 1.0357 0
521 1.0229 0
1185 1.0196 0
741 1.0193 0
1538 1.0173 0
1732 1.0086 0
1898 1.0068 0
253 1.0012 0
636 0.9777 0
270 0.9735 0
851 0.9638 0
14 0.9544 0
1835 0.9527 0
70 0.9525 0
125 0.9412 0
721 0.9408 0
841 0.9398 0
1540 0.9318 0
1568 0.9309 0
1161 0.9255 0
1620 0.8952 0
356 0.8841 0
1547 0.8797 0
386 0.8597 0
1511 0.8355 0
20 0.8316 0
1523 0.8165 0
1193 0.8131 0
1833 0.8079 0
482 0.8029 0
974 0.8028 0
1471 0.7943 0
114 0.7905 0
1579 0.7873 0
1497 0.7803 0
185 0.7788 0
381 0.7730 0
212 0.7652 0
1964 0.7580 0
1945 0.7531 0
983 0.7453 0
1843 0.7396 0
541 0.7393 0
1885 0.7310 0
388 0.7243 0
1963 0.6976 0
620 0.6903 0
707 0.6898 0
11 0.6757 0
286 0.6555 0
261 0.6496 0
487 0.6454 0
610 0.6402 0
522 0.6379 0
991 0.6377 0
1543 0.6344 0
1701 0.6288 0
515 0.6175 0
1145 0.6088 0
1824 0.5835 0
1315 0.5718 0
369 0.5707 0
1010 0.5474 0
9 0.5440 0
1613 0.5199 0
362 0.5061 0
361 0.5053 0
1544 0.4924 0
399 0.4887 0
22 0.4873 0
299 0.4859 0
374 0.4839 0
8 0.4702 0
1708 0.4556 0
83 0.4556 0
575 0.4460 0
383 0.4457 0
1572 0.4406 0
1181 0.4299 0
508 0.4246 0
1710 0.4205 0
624 0.4155 0
745 0.4136 0
1106 0.3935 0
735 0.3834 0
43 0.3775 0
1940 0.3613 0
258 0.3558 0
1500 0.3541 0
967 0.3528 0
1958 0.3438 0
23 0.3419 0
1402 0.3368 0
1160 0.3345 0
1872 0.3297 0
1834 0.3288 0
465 0.3201 0
1 0.3196 0
1569 0.2927 0
1047 0.2922 0
583 0.2827 0
789 0.2748 0
1804 0.2511 0
638 0.2403 0
5 0.2359 0
1514 0.2282 0
683 0.2267 0
643 0.2264 0
1715 0.2023 0
650 0.1924 0
1020 0.1859 0
1356 0.1850 0
1026 0.1844 0
331 0.1816 0
88 0.1806 0
561 0.1750 0
127 0.1740 0
156 0.1733 0
584 0.1550 0
746 0.1521 0
1379 0.1494 0
1563 0.1440 0
1644 0.1272 0
392 0.1171 0
1138 0.1167 0
333 0.0997 0
31 0.0796 0
389 0.0734 0
843 0.0667 0
773 0.0581 0
1480 0.0467 0
1096 0.0411 0
1322 0.0387 0
12 0.0347 0
628 0.0330 0
337 0.0288 0
121 0.0256 0
380 0.0195 0
1545 -0.0161 0
49 -0.0193 0
1513 -0.0227 0
193 -0.0366 0
1944 -0.0416 0
520 -0.0451 0
566 -0.0475 0
523 -0.0654 0
786 -0.0660 0
469 -0.0677 0
264 -0.0690 0
484 -0.0727 0
391 -0.0758 0
310 -0.0797 0
972 -0.0812 0
608 -0.0979 0
1873 -0.0988 0
1706 -0.1133 0
1476 -0.1158 0
283 -0.1201 0
959 -0.1207 0
1469 -0.1307 0
1954 -0.1350 0
1641 -0.1370 0
93 -0.1399 0
1636 -0.1400 0
1959 -0.1678 0
1607 -0.1807 0
373 -0.1935 0
936 -0.1984 0
1335 -0.2052 0
988 -0.2065 0
629 -0.2073 0
958 -0.2090 0
679 -0.2181 0
1539 -0.2270 0
257 -0.2320 0
1969 -0.2345 0
1612 -0.2386 0
1899 -0.2494 0
1999 -0.2577 0
526 -0.2583 0
984 -0.2746 0
77 -0.2810 0
455 -0.2893 0
233 -0.2988 0
571 -0.2989 0
189 -0.3016 0
599 -0.3058 0
780 -0.3180 0
1162 -0.3216 0
500 -0.3260 0
422 -0.3272 0
1268 -0.3337 0
1314 -0.3422 0
1043 -0.3447 0
1975 -0.3548 0
1600 -0.3696 0
549 -0.3703 0
7 -0.3840 0
358 -0.3859 0
1996 -0.3911 0
1910 -0.3932 0
322 -0.3961 0
1154 -0.3969 0
480 -0.4091 0
505 -0.4216 0
737 -0.4269 0
1142 -0.4366 0
1395 -0.4419 0
1955 -0.4431 0
107 -0.4514 0
1889 -0.4592 0
355 -0.4603 0
627 -0.4629 0
290 -0.4691 0
353 -0.4738 0
134 -0.4809 0
1187 -0.4854 0
1134 -0.4898 0
913 -0.4921 0
172 -0.4930 0
495 -0.4939 0
165 -0.4941 0
978 -0.4945 0
1749 -0.4956 0
56 -0.4988 0
1805 -0.4992 0
1196 -0.4995 0
868 -0.5191 0
1115 -0.5268 0
1736 -0.5270 0
301 -0.5299 0
1950 -0.5306 0
351 -0.5343 0
503 -0.5508 0
1733 -0.5515 0
278 -0.5538 0
1625 -0.5575 0
1509 -0.5630 0
1909 -0.5655 0
174 -0.5737 0
171 -0.5765 0
1635 -0.5937 0
1355 -0.5975 0
44 -0.5978 0
1527 -0.6085 0
1502 -0.6105 0
161 -0.6198 0
600 -0.6225 0
76 -0.6242 0
252 -0.6323 0
237 -0.6358 0
1294 -0.6377 0
382 -0.6429 0
1489 -0.6430 0
266 -0.6439 0
1190 -0.6439 0
738 -0.6489 0
368 -0.6490 0
1580 -0.6501 0
897 -0.6567 0
30 -0.6567 0
1493 -0.6630 0
407 -0.6691 0
979 -0.6714 0
211 -0.6790 0
1351 -0.6837 0
160 -0.6900 0
813 -0.6909 0
1358 -0.6931 0
591 -0.6946 0
1203 -0.7027 0
973 -0.7073 0
370 -0.7079 0
1932 -0.7097 0
141 -0.7097 0
1555 -0.7129 0
397 -0.7148 0
2 -0.7169 0
1040 -0.7204 0
426 -0.7281 0
698 -0.7283 0
1573 -0.7303 0
663 -0.7402 0
1718 -0.7551 0
1143 -0.7579 0
966 -0.7619 0
1018 -0.7645 0
247 -0.7680 0
1323 -0.7754 0
527 -0.7771 0
544 -0.7788 0
1262 -0.7817 0
51 -0.7833 0
509 -0.7858 0
1242 -0.7911 0
456 -0.7979 0
200 -0.7993 0
601 -0.8000 0
232 -0.8059 0
969 -0.8110 0
805 -0.8145 0
377 -0.8156 0
297 -0.8358 0
136 -0.8415 0
1649 -0.8459 0
1520 -0.8488 0
694 -0.8623 0
149 -0.8713 0
970 -0.8714 0
1717 -0.8732 0
1375 -0.8794 0
291 -0.8844 0
695 -0.8849 0
724 -0.8936 0
481 -0.8946 0
1729 -0.8983 0
884 -0.8998 0
896 -0.9092 0
367 -0.9109 0
1907 -0.9139 0
1678 -0.9283 0
1989 -0.9295 0
1025 -0.9326 0
531 -0.9337 0
1965 -0.9337 0
352 -0.9356 0
1512 -0.9410 0
1484 -0.9425 0
85 -0.9445 0
1746 -0.9589 0
341 -0.9620 0
157 -0.9680 0
989 -0.9715 0
106 -0.9813 0
1269 -0.9816 0
140 -0.9854 0
1704 -0.9871 0
1597 -0.9871 0
715 -0.9876 0
390 -1.0061 0
1651 -1.0091 0
18 -1.0113 0
1983 -1.0166 0
1997 -1.0172 0
1716 -1.0227 0
1724 -1.0239 0
475 -1.0244 0
349 -1.0307 0
839 -1.0401 0
641 -1.0541 0
1530 -1.0568 0
994 -1.0597 0
1656 -1.0598 0
939 -1.0693 0
964 -1.0696 0
577 -1.0701 0
223 -1.0724 0
148 -1.0734 0
1496 -1.0805 0
376 -1.0835 0
718 -1.0852 0
648 -1.0884 0
1146 -1.0928 0
1324 -1.0968 0
940 -1.0985 0
190 -1.0991 0
567 -1.1005 0
1942 -1.1017 0
432 -1.1099 0
1532 -1.1108 0
595 -1.1129 0
92 -1.1165 0
403 -1.1166 0
1882 -1.1168 0
699 -1.1171 0
1665 -1.1303 0
208 -1.1381 0
87 -1.1427 0
238 -1.1458 0
1310 -1.1495 0
1316 -1.1595 0
395 -1.1606 0
36 -1.1608 0
1499 -1.1666 0
1347 -1.1690 0
678 -1.1739 0
364 -1.1774 0
1585 -1.1893 0
1463 -1.1958 0
890 -1.1958 0
269 -1.2040 0
569 -1.2089 0
1553 -1.2093 0
239 -1.2106 0
1952 -1.2113 0
1988 -1.2130 0
1169 -1.2147 0
614 -1.2153 0
338 -1.2179 0
873 -1.2269 0
760 -1.2271 0
1276 -1.2333 0
1648 -1.2343 0
1972 -1.2375 0
295 -1.2602 0
416 -1.2614 0
1864 -1.2675 0
1823 -1.2830 0
394 -1.2936 0
720 -1.3047 0
113 -1.3102 0
598 -1.3141 0
467 -1.3163 0
1505 -1.3173 0
423 -1.3193 0
1812 -1.3246 0
375 -1.3256 0
1896 -1.3334 0
951 -1.3480 0
827 -1.3495 0
1522 -1.3584 0
1306 -1.3653 0
671 -1.3654 0
534 -1.3720 0
105 -1.3731 0
1455 -1.3737 0
1260 -1.3757 0
836 -1.3814 0
1458 -1.3833 0
143 -1.3857 0
998 -1.3865 0
1937 -1.3878 0
100 -1.3943 0
1461 -1.3967 0
692 -1.3982 0
1634 -1.4003 0
1730 -1.4015 0
222 -1.4051 0
34 -1.4066 0
57 -1.4071 0
276 -1.4150 0
1562 -1.4155 0
72 -1.4189 0
682 -1.4269 0
1719 -1.4283 0
1078 -1.4391 0
1948 -1.4416 0
999 -1.4442 0
363 -1.4455 0
1385 -1.4525 0
1037 -1.4552 0
1633 -1.4582 0
194 -1.4617 0
1256 -1.4669 0
733 -1.4680 0
1836 -1.4754 0
61 -1.4782 0
1927 -1.4846 0
289 -1.4847 0
436 -1.4866 0
1033 -1.4914 0
210 -1.4944 0
1826 -1.5081 0
1998 -1.5082 0
1450 -1.5086 0
1477 -1.5121 0
1212 -1.5133 0
197 -1.5178 0
1300 -1.5210 0
1005 -1.5252 0
977 -1.5275 0
1250 -1.5353 0
1163 -1.5369 0
1939 -1.5390 0
607 -1.5433 0
934 -1.5455 0
828 -1.5487 0
393 -1.5709 0
947 -1.5719 0
1004 -1.5728 0
420 -1.5730 0
1274 -1.5839 0
209 -1.5851 0
454 -1.5903 0
517 -1.5910 0
1009 -1.5919 0
1371 -1.5928 0
1956 -1.5950 0
1248 -1.5952 0
714 -1.5983 0
1191 -1.6036 0
1605 -1.6049 0
653 -1.6112 0
1297 -1.6153 0
652 -1.6257 0
142 -1.6263 0
693 -1.6269 0
729 -1.6305 0
767 -1.6309 0
878 -1.6311 0
908 -1.6344 0
1639 -1.6402 0
1198 -1.6430 0
519 -1.6500 0
1014 -1.6530 0
177 -1.6560 0
167 -1.6589 0
1312 -1.6594 0
1685 -1.6649 0
4 -1.6654 0
207 -1.6686 0
1866 -1.6715 0
971 -1.6777 0
48 -1.6787 0
1372 -1.6788 0
458 -1.6811 0
1209 -1.6818 0
993 -1.6829 0
1427 -1.6852 0
1049 -1.6881 0
404 -1.6898 0
1854 -1.6982 0
325 -1.7034 0
726 -1.7057 0
1571 -1.7100 0
1684 -1.7116 0
995 -1.7128 0
997 -1.7139 0
332 -1.7180 0
1473 -1.7183 0
250 -1.7272 0
691 -1.7298 0
1890 -1.7370 0
804 -1.7403 0
1244 -1.7491 0
102 -1.7507 0
704 -1.7541 0
74 -1.7551 0
288 -1.7620 0
1871 -1.7621 0
1219 -1.7644 0
1565 -1.7709 0
1249 -1.7718 0
474 -1.7723 0
1034 -1.7772 0
1900 -1.7777 0
1012 -1.7833 0
1970 -1.7838 0
268 -1.7850 0
279 -1.7881 0
1992 -1.7884 0
1114 -1.7942 0
277 -1.8014 0
175 -1.8037 0
1743 -1.8037 0
771 -1.8048 0
242 -1.8072 0
191 -1.8080 0
1993 -1.8172 0
131 -1.8203 0
631 -1.8273 0
1915 -1.8307 0
1282 -1.8314 0
91 -1.8322 0
576 -1.8325 0
1398 -1.8339 0
1013 -1.8365 0
1254 -1.8367 0
155 -1.8391 0
860 -1.8409 0
578 -1.8452 0
196 -1.8461 0
952 -1.8541 0
1369 -1.8555 0
900 -1.8555 0
681 -1.8686 0
1388 -1.8700 0
138 -1.8719 0
63 -1.8743 0
1330 -1.8744 0
119 -1.8744 0
316 -1.8781 0
452 -1.8814 0
1257 -1.8875 0
1669 -1.8931 0
782 -1.8961 0
1901 -1.9030 0
68 -1.9078 0
284 -1.9184 0
1694 -1.9204 0
1001 -1.9207 0
953 -1.9234 0
818 -1.9301 0
163 -1.9336 0
512 -1.9382 0
13 -1.9465 0
948 -1.9487 0
166 -1.9496 0
987 -1.9497 0
1926 -1.9499 0
1046 -1.9567 0
203 -1.9577 0
788 -1.9628 0
298 -1.9664 0
867 -1.9729 0
910 -1.9759 0
385 -1.9818 0
1660 -1.9838 0
743 -1.9853 0
1985 -1.9904 0
954 -1.9998 0
1172 -2.0096 0
96 -2.0106 0
912 -2.0110 0
1346 -2.0147 0
1309 -2.0170 0
863 -2.0185 0
929 -2.0242 0
850 -2.0265 0
1702 -2.0296 0
1407 -2.0326 0
312 -2.0332 0
104 -2.0337 0
996 -2.0388 0
546 -2.0409 0
1693 -2.0451 0
1365 -2.0497 0
1575 -2.0510 0
1177 -2.0581 0
1383 -2.0585 0
428 -2.0586 0
1280 -2.0685 0
1491 -2.0687 0
645 -2.0690 0
666 -2.0732 0
309 -2.0785 0
1875 -2.0787 0
1318 -2.0821 0
626 -2.0897 0
518 -2.0912 0
1679 -2.0964 0
365 -2.0984 0
1175 -2.0993 0
1867 -2.1058 0
379 -2.1062 0
690 -2.1082 0
170 -2.1102 0
62 -2.1149 0
79 -2.1166 0
1320 -2.1207 0
1930 -2.1237 0
89 -2.1296 0
221 -2.1330 0
1856 -2.1335 0
412 -2.1338 0
907 -2.1358 0
1666 -2.1392 0
1591 -2.1420 0
69 -2.1456 0
1713 -2.1474 0
883 -2.1514 0
1670 -2.1528 0
1216 -2.1546 0
1637 -2.1566 0
1744 -2.1582 0
1828 -2.1594 0
800 -2.1624 0
296 -2.1632 0
1424 -2.1734 0
1542 -2.1788 0
981 -2.1793 0
145 -2.1796 0
59 -2.1819 0
1296 -2.1848 0
1218 -2.1896 0
673 -2.1966 0
82 -2.1991 0
1038 -2.2096 0
1925 -2.2098 0
625 -2.2100 0
251 -2.2154 0
199 -2.2207 0
1328 -2.2228 0
687 -2.2230 0
1022 -2.2257 0
842 -2.2272 0
1352 -2.2355 0
1188 -2.2388 0
524 -2.2397 0
586 -2.2475 0
1331 -2.2477 0
640 -2.2479 0
1894 -2.2495 0
1267 -2.2657 0
1652 -2.2661 0
1361 -2.2706 0
305 -2.2774 0
807 -2.2811 0
1482 -2.2812 0
1740 -2.2869 0
1731 -2.2914 0
1362 -2.2914 0
65 -2.2995 0
1000 -2.3041 0
414 -2.3050 0
1528 -2.3066 0
573 -2.3067 0
590 -2.3077 0
1336 -2.3086 0
1112 -2.3131 0
822 -2.3154 0
1394 -2.3165 0
537 -2.3214 0
50 -2.3234 0
122 -2.3258 0
1490 -2.3328 0
688 -2.3347 0
285 -2.3451 0
1631 -2.3481 0
1180 -2.3528 0
1735 -2.3553 0
753 -2.3588 0
848 -2.3591 0
419 -2.3603 0
1086 -2.3616 0
1225 -2.3667 0
655 -2.3710 0
1277 -2.3748 0
123 -2.3796 0
198 -2.3935 0
1406 -2.3972 0
150 -2.4030 0
1550 -2.4065 0
1102 -2.4091 0
837 -2.4141 0
1923 -2.4168 0
1917 -2.4172 0
1485 -2.4339 0
447 -2.4394 0
502 -2.4408 0
1266 -2.4417 0
1208 -2.4421 0
677 -2.4505 0
1295 -2.4533 0
1231 -2.4561 0
550 -2.4594 0
124 -2.4633 0
1879 -2.4648 0
739 -2.4687 0
1529 -2.4692 0
215 -2.4700 0
1508 -2.4722 0
1921 -2.4764 0
1378 -2.4821 0
1967 -2.4836 0
120 -2.4847 0
1281 -2.4853 0
1380 -2.4903 0
917 -2.4907 0
564 -2.4915 0
1949 -2.4916 0
545 -2.4966 0
654 -2.4969 0
1368 -2.4975 0
570 -2.4990 0
195 -2.5021 0
348 -2.5040 0
1943 -2.5091 0
1298 -2.5134 0
1426 -2.5160 0
618 -2.5179 0
853 -2.5191 0
823 -2.5271 0
1139 -2.5311 0
1376 -2.5312 0
1654 -2.5317 0
1576 -2.5355 0
216 -2.5390 0
809 -2.5452 0
665 -2.5490 0
802 -2.5581 0
1918 -2.5622 0
901 -2.5652 0
1232 -2.5672 0
1317 -2.5712 0
1614 -2.5797 0
596 -2.5800 0
602 -2.5853 0
345 -2.5884 0
1211 -2.5925 0
1017 -2.5938 0
982 -2.5945 0
1647 -2.5979 0
1462 -2.6019 0
1302 -2.6036 0
562 -2.6053 0
1202 -2.6061 0
1349 -2.6099 0
324 -2.6100 0
674 -2.6132 0
1688 -2.6274 0
103 -2.6416 0
1617 -2.6496 0
1914 -2.6529 0
680 -2.6541 0
158 -2.6573 0
1674 -2.6693 0
126 -2.6732 0
117 -2.6735 0
259 -2.6755 0
1632 -2.6758 0
985 -2.6787 0
225 -2.6869 0
1397 -2.6992 0
483 -2.6995 0
1653 -2.7111 0
489 -2.7126 0
1877 -2.7149 0
300 -2.7174 0
343 -2.7227 0
980 -2.7266 0
857 -2.7283 0
803 -2.7299 0
235 -2.7338 0
1243 -2.7352 0
1672 -2.7383 0
366 -2.7439 0
494 -2.7458 0
797 -2.7485 0
536 -2.7536 0
877 -2.7557 0
1042 -2.7583 0
1886 -2.7638 0
1287 -2.7661 0
548 -2.7662 0
265 -2.7662 0
1841 -2.7670 0
35 -2.7815 0
1650 -2.7848 0
1451 -2.7882 0
159 -2.7943 0
1982 -2.7961 0
202 -2.8037 0
1311 -2.8061 0
619 -2.8115 0
871 -2.8149 0
146 -2.8176 0
1370 -2.8306 0
1990 -2.8310 0
1721 -2.8404 0
1339 -2.8406 0
217 -2.8457 0
1273 -2.8528 0
1140 -2.8537 0
1253 -2.8566 0
1097 -2.8567 0
1035 -2.8597 0
1903 -2.8644 0
1278 -2.8656 0
963 -2.8669 0
226 -2.8674 0
236 -2.8678 0
1928 -2.8712 0
920 -2.8752 0
835 -2.8755 0
1689 -2.8763 0
597 -2.8838 0
1264 -2.8868 0
1288 -2.8877 0
547 -2.8938 0
1831 -2.8995 0
1386 -2.9090 0
916 -2.9096 0
1468 -2.9218 0
1474 -2.9354 0
1391 -2.9356 0
1460 -2.9365 0
1682 -2.9373 0
778 -2.9389 0
870 -2.9567 0
904 -2.9568 0
1305 -2.9668 0
1966 -2.9724 0
99 -2.9729 0
307 -2.9745 0
960 -2.9795 0
1174 -2.9801 0
54 -2.9822 0
1149 -2.9828 0
205 -2.9851 0
1924 -2.9975 0
862 -3.0013 0
398 -3.0041 0
1913 -3.0090 0
1640 -3.0125 0
935 -3.0129 0
118 -3.0137 0
1912 -3.0138 0
852 -3.0143 0
594 -3.0227 0
1069 -3.0237 0
128 -3.0239 0
110 -3.0280 0
1800 -3.0339 0
1537 -3.0341 0
1113 -3.0398 0
1105 -3.0409 0
440 -3.0418 0
1906 -3.0441 0
115 -3.0457 0
449 -3.0464 0
764 -3.0503 0
1829 -3.0556 0
1176 -3.0590 0
1124 -3.0598 0
499 -3.0606 0
1848 -3.0769 0
1101 -3.0839 0
1881 -3.0879 0
108 -3.0924 0
1194 -3.0935 0
396 -3.0952 0
1015 -3.0973 0
490 -3.1029 0
1487 -3.1097 0
162 -3.1102 0
1241 -3.1106 0
168 -3.1108 0
717 -3.1255 0
1236 -3.1368 0
1728 -3.1525 0
327 -3.1584 0
1156 -3.1596 0
1348 -3.1642 0
811 -3.1693 0
311 -3.1830 0
435 -3.1854 0
528 -3.1885 0
313 -3.1905 0
1214 -3.1958 0
1153 -3.2000 0
1698 -3.2107 0
885 -3.2143 0
956 -3.2176 0
154 -3.2180 0
574 -3.2185 0
859 -3.2185 0
945 -3.2241 0
903 -3.2276 0
1366 -3.2276 0
1483 -3.2362 0
1132 -3.2371 0
1215 -3.2385 0
1699 -3.2487 0
888 -3.2487 0
1387 -3.2516 0
411 -3.2520 0
1947 -3.2530 0
504 -3.2551 0
1233 -3.2572 0
442 -3.2715 0
346 -3.2739 0
66 -3.2771 0
220 -3.2772 0
1220 -3.2799 0
930 -3.2886 0
75 -3.2912 0
1016 -3.2921 0
1334 -3.2951 0
418 -3.2977 0
139 -3.3057 0
585 -3.3122 0
1275 -3.3185 0
417 -3.3204 0
1210 -3.3230 0
1876 -3.3251 0
657 -3.3262 0
1680 -3.3277 0
1667 -3.3278 0
498 -3.3291 0
1270 -3.3346 0
320 -3.3369 0
173 -3.3440 0
1456 -3.3487 0
1338 -3.3494 0
844 -3.3497 0
402 -3.3549 0
1495 -3.3574 0
1230 -3.3668 0
453 -3.3674 0
176 -3.3691 0
1748 -3.3760 0
1658 -3.3805 0
1931 -3.3831 0
52 -3.3878 0
1027 -3.3883 0
282 -3.3926 0
241 -3.3960 0
1675 -3.3977 0
1392 -3.3998 0
1360 -3.4034 0
892 -3.4099 0
1029 -3.4167 0
1519 -3.4215 0
925 -3.4248 0
1326 -3.4270 0
1313 -3.4283 0
1030 -3.4298 0
314 -3.4391 0
229 -3.4454 0
1846 -3.4466 0
64 -3.4479 0
1861 -3.4554 0
676 -3.4582 0
372 -3.4634 0
116 -3.4685 0
815 -3.4691 0
1303 -3.4756 0
1624 -3.4799 0
433 -3.4803 0
539 -3.4840 0
1919 -3.4858 0
1465 -3.4878 0
445 -3.4932 0
1454 -3.5145 0
133 -3.5224 0
1393 -3.5261 0
1902 -3.5284 0
1032 -3.5312 0
406 -3.5336 0
249 -3.5385 0
565 -3.5387 0
1720 -3.5415 0
339 -3.5458 0
1922 -3.5517 0
468 -3.5554 0
86 -3.5578 0
183 -3.5580 0
1852 -3.5668 0
1364 -3.5670 0
759 -3.5673 0
1619 -3.5682 0
552 -3.5745 0
891 -3.5757 0
1432 -3.5797 0
425 -3.5926 0
696 -3.5929 0
164 -3.5950 0
1408 -3.6088 0
1592 -3.6135 0
491 -3.6176 0
246 -3.6199 0
1304 -3.6201 0
1141 -3.6223 0
218 -3.6306 0
304 -3.6324 0
317 -3.6329 0
1148 -3.6368 0
927 -3.6465 0
533 -3.6542 0
902 -3.6648 0
90 -3.6654 0
95 -3.6659 0
1206 -3.6730 0
882 -3.6762 0
461 -3.6787 0
1279 -3.6792 0
1357 -3.6831 0
560 -3.6844 0
1883 -3.6898 0
672 -3.6901 0
1382 -3.6930 0
1068 -3.6973 0
669 -3.7025 0
1308 -3.7045 0
581 -3.7063 0
1342 -3.7082 0
1888 -3.7108 0
1100 -3.7119 0
153 -3.7123 0
906 -3.7151 0
441 -3.7161 0
1293 -3.7169 0
1935 -3.7227 0
1880 -3.7233 0
1814 -3.7280 0
511 -3.7295 0
909 -3.7295 0
840 -3.7321 0
488 -3.7333 0
1255 -3.7343 0
1472 -3.7351 0
670 -3.7366 0
1171 -3.7404 0
1121 -3.7465 0
572 -3.7506 0
893 -3.7557 0
1858 -3.7571 0
1284 -3.7589 0
1389 -3.7615 0
473 -3.7630 0
861 -3.7661 0
1687 -3.7731 0
335 -3.7733 0
774 -3.7815 0
1991 -3.7851 0
81 -3.7987 0
1934 -3.8035 0
1329 -3.8049 0
675 -3.8119 0
928 -3.8181 0
129 -3.8290 0
754 -3.8331 0
1820 -3.8514 0
1842 -3.8520 0
808 -3.8541 0
180 -3.8626 0
1908 -3.8677 0
757 -3.8685 0
1125 -3.8692 0
444 -3.8701 0
1929 -3.8702 0
219 -3.8756 0
329 -3.8803 0
151 -3.8806 0
905 -3.8859 0
1041 -3.8874 0
1028 -3.8952 0
932 -3.8965 0
1681 -3.8993 0
887 -3.9048 0
1727 -3.9074 0
1479 -3.9096 0
776 -3.9193 0
1131 -3.9219 0
443 -3.9289 0
766 -3.9314 0
1055 -3.9328 0
1830 -3.9352 0
144 -3.9356 0
1130 -3.9376 0
323 -3.9390 0
1019 -3.9435 0
1659 -3.9487 0
1444 -3.9519 0
67 -3.9540 0
1263 -3.9546 0
321 -3.9568 0
1217 -3.9586 0
1434 -3.9638 0
656 -3.9642 0
872 -3.9776 0
55 -3.9778 0
661 -3.9902 0
213 -3.9949 0
1968 -3.9964 0
1478 -3.9971 0
1863 -4.0019 0
1002 -4.0081 0
1054 -4.0083 0
1705 -4.0094 0
80 -4.0094 0
937 -4.0160 0
1021 -4.0179 0
924 -4.0206 0
336 -4.0350 0
347 -4.0388 0
957 -4.0417 0
1332 -4.0420 0
1271 -4.0558 0
466 -4.0637 0
1272 -4.0711 0
415 -4.0750 0
668 -4.0751 0
639 -4.0835 0
1108 -4.0887 0
1205 -4.0898 0
1481 -4.0958 0
1265 -4.0970 0
814 -4.1084 0
1853 -4.1086 0
793 -4.1130 0
135 -4.1137 0
1246 -4.1163 0
1816 -4.1172 0
1673 -4.1196 0
832 -4.1310 0
1333 -4.1407 0
1337 -4.1488 0
555 -4.1536 0
525 -4.1538 0
244 -4.1600 0
880 -4.1822 0
431 -4.1836 0
1851 -4.1851 0
1859 -4.1962 0
684 -4.2035 0
1259 -4.2041 0
1104 -4.2077 0
240 -4.2103 0
697 -4.2133 0
306 -4.2196 0
1801 -4.2219 0
664 -4.2321 0
1459 -4.2334 0
1056 -4.2390 0
1201 -4.2427 0
1686 -4.2431 0
328 -4.2459 0
1341 -4.2496 0
875 -4.2501 0
1126 -4.2515 0
1410 -4.2592 0
795 -4.2643 0
400 -4.2645 0
1098 -4.2669 0
689 -4.2709 0
922 -4.2756 0
421 -4.2803 0
1399 -4.2830 0
898 -4.2840 0
1439 -4.2887 0
1367 -4.2980 0
750 -4.3035 0
1657 -4.3039 0
1655 -4.3060 0
1821 -4.3068 0
1470 -4.3069 0
201 -4.3108 0
1895 -4.3149 0
1668 -4.3167 0
946 -4.3294 0
1381 -4.3453 0
437 -4.3515 0
1345 -4.3524 0
1292 -4.3629 0
593 -4.3716 0
1123 -4.3764 0
371 -4.3826 0
378 -4.3887 0
354 -4.3912 0
319 -4.4184 0
792 -4.4234 0
1116 -4.4262 0
1862 -4.4277 0
1118 -4.4335 0
1690 -4.4390 0
1920 -4.4482 0
1661 -4.4546 0
1073 -4.4571 0
294 -4.4608 0
864 -4.4689 0
1084 -4.4712 0
926 -4.4712 0
1289 -4.4797 0
457 -4.4847 0
1286 -4.4850 0
949 -4.4911 0
109 -4.4974 0
962 -4.4984 0
1662 -4.5106 0
1663 -4.5134 0
97 -4.5159 0
303 -4.5178 0
427 -4.5357 0
830 -4.5358 0
768 -4.5377 0
895 -4.5387 0
1319 -4.5406 0
405 -4.5411 0
879 -4.5468 0
556 -4.5501 0
53 -4.5509 0
855 -4.5516 0
1089 -4.5541 0
1938 -4.5616 0
955 -4.5668 0
318 -4.5790 0
1006 -4.5795 0
846 -4.5854 0
911 -4.5899 0
1235 -4.5905 0
1374 -4.5983 0
1071 -4.6043 0
849 -4.6205 0
894 -4.6253 0
1226 -4.6271 0
763 -4.6350 0
1045 -4.6382 0
492 -4.6439 0
918 -4.6471 0
1498 -4.6490 0
1588 -4.6494 0
471 -4.6501 0
1448 -4.6595 0
1676 -4.6603 0
315 -4.6649 0
1128 -4.6656 0
1738 -4.6665 0
779 -4.6699 0
248 -4.6716 0
1109 -4.6749 0
919 -4.6787 0
274 -4.6801 0
1933 -4.6818 0
660 -4.6862 0
152 -4.6943 0
1905 -4.6973 0
186 -4.7041 0
330 -4.7146 0
588 -4.7148 0
1283 -4.7327 0
582 -4.7359 0
1234 -4.7533 0
1692 -4.7586 0
1247 -4.7621 0
1467 -4.7755 0
472 -4.7798 0
430 -4.7809 0
493 -4.7823 0
1076 -4.7853 0
1957 -4.7901 0
1363 -4.8010 0
1200 -4.8017 0
1085 -4.8076 0
1475 -4.8155 0
775 -4.8169 0
554 -4.8172 0
914 -4.8206 0
1488 -4.8232 0
944 -4.8257 0
1664 -4.8337 0
1808 -4.8436 0
1111 -4.8478 0
931 -4.8499 0
559 -4.8661 0
530 -4.8695 0
206 -4.8736 0
1207 -4.8764 0
845 -4.8902 0
179 -4.8957 0
178 -4.9005 0
326 -4.9052 0
1501 -4.9066 0
790 -4.9087 0
1405 -4.9165 0
921 -4.9180 0
975 -4.9196 0
915 -4.9225 0
476 -4.9253 0
496 -4.9339 0
214 -4.9352 0
798 -4.9367 0
1403 -4.9367 0
761 -4.9376 0
1229 -4.9383 0
1213 -4.9385 0
1103 -4.9405 0
858 -4.9449 0
1166 -4.9495 0
1245 -4.9497 0
1057 -4.9501 0
1261 -4.9536 0
1204 -4.9573 0
58 -4.9578 0
810 -4.9589 0
847 -4.9596 0
1811 -4.9670 0
869 -4.9761 0
308 -4.9841 0
1137 -4.9849 0
1053 -4.9864 0
1299 -4.9904 0
1081 -5.0046 0
816 -5.0181 0
1050 -5.0183 0
287 -5.0192 0
1840 -5.0192 0
478 -5.0237 0
1425 -5.0243 0
817 -5.0318 0
470 -5.0340 0
1077 -5.0348 0
794 -5.0421 0
765 -5.0426 0
1167 -5.0470 0
1120 -5.0494 0
543 -5.0506 0
1893 -5.0602 0
1911 -5.0863 0
1691 -5.0906 0
551 -5.0962 0
532 -5.0978 0
1916 -5.1136 0
1817 -5.1174 0
1221 -5.1202 0
1067 -5.1230 0
758 -5.1301 0
334 -5.1311 0
181 -5.1535 0
169 -5.1621 0
529 -5.1635 0
1818 -5.1644 0
71 -5.1689 0
866 -5.1698 0
796 -5.1719 0
770 -5.1743 0
112 -5.1819 0
1011 -5.1850 0
787 -5.1868 0
1418 -5.1886 0
1237 -5.1991 0
1228 -5.2074 0
1447 -5.2153 0
1494 -5.2256 0
942 -5.2332 0
1061 -5.2334 0
1878 -5.2600 0
507 -5.2717 0
865 -5.2777 0
1082 -5.2813 0
340 -5.2866 0
448 -5.3049 0
1430 -5.3085 0
485 -5.3133 0
1839 -5.3142 0
580 -5.3333 0
1359 -5.3382 0
1110 -5.3459 0
568 -5.3521 0
1847 -5.3546 0
1446 -5.3662 0
856 -5.3681 0
1129 -5.3713 0
1936 -5.3758 0
1066 -5.3800 0
881 -5.3809 0
751 -5.3860 0
938 -5.3977 0
1677 -5.4070 0
1868 -5.4108 0
1548 -5.4127 0
801 -5.4151 0
1453 -5.4279 0
1683 -5.4305 0
1058 -5.4306 0
94 -5.4446 0
1285 -5.4510 0
831 -5.4519 0
137 -5.4591 0
1373 -5.4859 0
781 -5.4881 0
182 -5.5026 0
1844 -5.5050 0
1695 -5.5213 0
228 -5.5226 0
1904 -5.5252 0
923 -5.5524 0
777 -5.5625 0
1809 -5.5708 0
886 -5.5728 0
506 -5.5786 0
1062 -5.5886 0
1092 -5.5918 0
558 -5.5922 0
762 -5.5998 0
1466 -5.6052 0
1094 -5.6073 0
464 -5.6080 0
1227 -5.6099 0
243 -5.6120 0
513 -5.6158 0
408 -5.6303 0
1492 -5.6320 0
1063 -5.6412 0
1222 -5.6430 0
1422 -5.6487 0
1052 -5.6549 0
1119 -5.6611 0
1813 -5.6842 0
1343 -5.6853 0
516 -5.6929 0
1064 -5.7115 0
1850 -5.7136 0
1428 -5.7159 0
1239 -5.7265 0
662 -5.7308 0
1438 -5.7488 0
231 -5.7559 0
785 -5.7604 0
477 -5.7731 0
535 -5.7971 0
1865 -5.8002 0
933 -5.8121 0
806 -5.8188 0
1869 -5.8248 0
1003 -5.8299 0
1412 -5.8301 0
1810 -5.8327 0
755 -5.8677 0
1258 -5.8689 0
756 -5.8718 0
1837 -5.8950 0
1870 -5.9119 0
876 -5.9148 0
1135 -5.9254 0
1671 -5.9282 0
854 -5.9326 0
1400 -5.9629 0
1144 -5.9660 0
824 -5.9880 0
1414 -5.9915 0
409 -5.9940 0
1409 -6.0114 0
401 -6.0654 0
1075 -6.0658 0
1051 -6.0753 0
1223 -6.0991 0
1976 -6.1038 0
1291 -6.1415 0
659 -6.1431 0
1437 -6.1488 0
950 -6.1501 0
1074 -6.1650 0
829 -6.1777 0
1088 -6.1821 0
1697 -6.1832 0
1941 -6.1998 0
188 -6.2417 0
1401 -6.2584 0
752 -6.2662 0
799 -6.2719 0
1087 -6.3118 0
1327 -6.3383 0
685 -6.3840 0
429 -6.3862 0
783 -6.4203 0
1079 -6.4249 0
1845 -6.4278 0
1136 -6.4678 0
1857 -6.4720 0
826 -6.4773 0
941 -6.4795 0
1440 -6.5235 0
1384 -6.5340 0
769 -6.5495 0
1133 -6.5822 0
1404 -6.5824 0
439 -6.6349 0
820 -6.6373 0
1095 -6.6658 0
479 -6.6717 0
563 -6.6765 0
834 -6.6833 0
434 -6.6935 0
1433 -6.7040 0
1449 -6.7291 0
1083 -6.7506 0
1122 -6.7858 0
658 -6.7910 0
1884 -6.8025 0
557 -6.8345 0
986 -6.8500 0
592 -6.8508 0
1802 -6.8731 0
459 -6.8828 0
1429 -6.9518 0
819 -6.9549 0
1059 -6.9731 0
943 -7.0115 0
791 -7.0586 0
1060 -7.0659 0
1443 -7.0984 0
589 -7.1253 0
772 -7.1417 0
538 -7.1690 0
1806 -7.2945 0
1420 -7.3333 0
1822 -7.3905 0
438 -7.4005 0
579 -7.4315 0
1072 -7.4384 0
1838 -7.4528 0
1091 -7.4801 0
1080 -7.5122 0
1445 -7.5289 0
1441 -7.5602 0
344 -7.5782 0
1224 -7.6554 0
1147 -7.6735 0
1240 -7.7875 0
1238 -7.8798 0
1070 -7.8815 0
1251 -7.9135 0
1411 -7.9327 0
825 -7.9643 0
1127 -7.9995 0
1415 -8.1110 0
784 -8.1597 0
1099 -8.1750 0
1435 -8.2396 0
1423 -8.2616 0
1417 -8.3785 0
1436 -8.3835 0
73 -8.3964 0
1065 -8.4217 0
821 -8.4507 0
1090 -8.7044 0
1413 -8.9112 0
1419 -8.9512 0
1431 -8.9859 0
1421 -9.0677 0
1093 -9.1418 0
1827 -9.5806 0
889 -9.8649 0
812 -10.1770 0
1442 -10.2946 0
1416 -10.3069 0
874 -11.0770 0
