1802 37.7648 1
1827 33.9328 1
1816 31.6416 1
1842 30.6159 1
1817 30.4337 1
1820 30.2160 1
1806 27.9114 1
1822 26.9090 1
1826 26.8386 1
1838 26.3236 1
1818 25.2019 1
1811 24.7977 1
1837 23.6078 1
1840 22.2794 1
1841 22.1469 1
1814 21.9361 1
1844 21.8825 1
1843 21.3309 1
1830 21.1267 1
1849 21.0269 1
1831 20.8071 1
1819 20.6928 1
1805 20.6454 1
1810 18.0367 1
1808 17.8598 1
1848 16.5276 1
1839 15.5147 1
1804 15.2719 1
1809 15.1487 1
1847 15.1129 1
1821 14.5459 1
1832 14.3024 1
1829 13.5015 1
1813 13.0545 1
1812 12.5380 1
1823 12.1162 1
1801 11.8998 1
1800 10.0261 1
1803 9.7598 1
78 9.2385 0
1836 8.6700 1
69 8.3587 0
80 8.1595 0
1828 8.1452 1
70 7.9536 0
1835 7.9007 1
876 7.6230 0
1825 7.3402 1
608 7.1192 0
1720 7.0091 0
1705 6.9709 0
1815 6.9543 1
60 6.8564 0
57 6.6549 0
1727 6.6166 0
833 6.5311 0
632 6.4342 0
294 6.3854 0
174 6.2765 0
51 6.2393 0
191 6.2064 0
1834 6.1870 1
1730 6.1111 0
1709 6.0885 0
121 6.0139 0
1701 5.8570 0
52 5.7849 0
76 5.7690 0
1888 5.7655 0
590 5.7317 0
1717 5.7132 0
90 5.7082 0
205 5.6761 0
1945 5.6271 0
1722 5.4516 0
1220 5.4327 0
635 5.4276 0
1183 5.4015 0
1230 5.3831 0
1718 5.3254 0
440 5.2336 0
177 5.2020 0
37 5.1928 0
1897 4.9348 0
58 4.9212 0
1198 4.8724 0
1777 4.8514 0
96 4.8502 0
550 4.8300 0
843 4.7413 0
85 4.7208 0
1721 4.7133 0
256 4.6828 0
1322 4.6740 0
1716 4.6437 0
627 4.6191 0
1725 4.5661 0
1747 4.5661 0
259 4.5009 0
263 4.5003 0
74 4.4998 0
95 4.4979 0
99 4.4945 0
152 4.4148 0
1856 4.4099 0
912 4.4004 0
82 4.3959 0
1748 4.3886 0
1738 4.3820 0
1845 4.3439 1
1728 4.3206 0
1807 4.3046 1
1742 4.2879 0
1335 4.2737 0
1710 4.2696 0
154 4.2485 0
92 4.2399 0
139 4.1875 0
86 4.1626 0
1731 4.1382 0
144 4.1310 0
582 4.1263 0
142 4.1231 0
1744 4.1220 0
305 4.1191 0
1855 4.0678 0
189 4.0472 0
55 4.0393 0
6 4.0286 0
71 4.0036 0
829 3.9562 0
274 3.9044 0
22 3.8887 0
1862 3.8839 0
435 3.8828 0
623 3.8127 0
1196 3.8058 0
1740 3.8014 0
1887 3.7979 0
81 3.7897 0
1733 3.7832 0
278 3.7428 0
284 3.7387 0
1965 3.6552 0
94 3.6516 0
1027 3.6510 0
1702 3.6472 0
1775 3.6262 0
1982 3.5868 0
1130 3.5811 0
1724 3.5622 0
611 3.5613 0
77 3.5407 0
619 3.5385 0
605 3.5020 0
1713 3.4972 0
606 3.4759 0
1711 3.4576 0
1883 3.4501 0
636 3.4117 0
1189 3.4115 0
187 3.3809 0
1860 3.3744 0
64 3.3591 0
56 3.3558 0
1879 3.3503 0
837 3.3116 0
61 3.2843 0
1859 3.2734 0
1866 3.2447 0
65 3.2415 0
1175 3.2290 0
1833 3.2146 1
83 3.2052 0
1864 3.1943 0
98 3.1839 0
646 3.1744 0
896 3.1623 0
1 3.1525 0
1824 3.1391 1
116 3.1323 0
72 3.1258 0
1743 3.1164 0
292 3.1109 0
1735 3.0919 0
603 3.0859 0
75 3.0536 0
88 3.0338 0
1786 3.0223 0
1706 2.9702 0
1712 2.9680 0
129 2.9652 0
1729 2.9519 0
1704 2.9359 0
1723 2.9293 0
1746 2.9207 0
289 2.9134 0
62 2.9004 0
143 2.8745 0
120 2.8739 0
1739 2.8677 0
1732 2.8222 0
1153 2.8179 0
1169 2.8170 0
1054 2.8163 0
610 2.7928 0
158 2.7720 0
250 2.7579 0
171 2.7538 0
629 2.7426 0
176 2.7394 0
286 2.7351 0
131 2.7195 0
640 2.7068 0
264 2.7028 0
1764 2.6960 0
716 2.6791 0
285 2.6755 0
53 2.6313 0
164 2.6167 0
645 2.6099 0
79 2.6024 0
123 2.5820 0
1891 2.5577 0
298 2.5551 0
628 2.5044 0
38 2.4916 0
223 2.4882 0
251 2.4716 0
1877 2.4539 0
145 2.4304 0
1762 2.4289 0
134 2.4067 0
269 2.3907 0
54 2.3545 0
288 2.3517 0
153 2.3313 0
1890 2.3083 0
1154 2.2878 0
267 2.2599 0
276 2.2541 0
1714 2.2455 0
27 2.2196 0
425 2.2091 0
836 2.2048 0
197 2.2031 0
1199 2.1725 0
1918 2.1486 0
500 2.1422 0
1872 2.1275 0
1853 2.1217 0
41 2.0874 0
1773 2.0847 0
1156 2.0796 0
35 2.0583 0
607 2.0551 0
1741 2.0482 0
148 2.0230 0
146 2.0203 0
246 2.0158 0
1700 1.9979 0
1779 1.9894 0
1231 1.9795 0
1181 1.9495 0
91 1.9373 0
265 1.9274 0
877 1.9058 0
620 1.9025 0
637 1.8915 0
181 1.8411 0
1402 1.8341 0
13 1.8269 0
34 1.8238 0
1151 1.8202 0
612 1.7978 0
1168 1.7818 0
871 1.7527 0
297 1.7472 0
634 1.7459 0
282 1.7402 0
59 1.7321 0
1707 1.7311 0
1749 1.7156 0
141 1.7136 0
934 1.7108 0
1957 1.7073 0
667 1.6916 0
1854 1.6723 0
686 1.6475 0
1708 1.6452 0
1964 1.6450 0
1155 1.6404 0
1648 1.6376 0
942 1.6301 0
563 1.6029 0
1794 1.5934 0
1994 1.5925 0
715 1.5898 0
1004 1.5788 0
1791 1.5783 0
1176 1.5686 0
26 1.5679 0
824 1.5389 0
1893 1.5345 0
747 1.5249 0
280 1.5142 0
254 1.4956 0
68 1.4897 0
622 1.4891 0
18 1.4832 0
416 1.4647 0
1796 1.4636 0
283 1.4563 0
226 1.4314 0
175 1.3993 0
260 1.3966 0
1173 1.3896 0
67 1.3796 0
1314 1.3728 0
583 1.3727 0
625 1.3644 0
413 1.3470 0
97 1.3451 0
93 1.3436 0
648 1.3315 0
261 1.3286 0
564 1.3272 0
410 1.3113 0
642 1.3012 0
515 1.2943 0
585 1.2920 0
117 1.2887 0
273 1.2577 0
279 1.2411 0
1745 1.2347 0
163 1.2190 0
1990 1.2157 0
84 1.2125 0
621 1.2119 0
1217 1.1887 0
415 1.1752 0
1961 1.1695 0
406 1.1636 0
857 1.1521 0
531 1.1507 0
1170 1.1482 0
1785 1.1452 0
1851 1.1370 0
190 1.1273 0
173 1.1202 0
124 1.1071 0
32 1.0999 0
281 1.0747 0
860 1.0741 0
1959 1.0683 0
1983 1.0420 0
810 1.0395 0
1165 1.0307 0
17 1.0154 0
1152 1.0054 0
268 0.9930 0
1197 0.9804 0
149 0.9798 0
170 0.9734 0
1160 0.9702 0
700 0.9567 0
1993 0.9493 0
601 0.9483 0
818 0.9335 0
19 0.9272 0
180 0.9237 0
1429 0.9227 0
702 0.9152 0
252 0.8873 0
49 0.8853 0
1010 0.8747 0
1850 0.8724 0
1312 0.8706 0
1715 0.8606 0
828 0.8560 0
10 0.8456 0
599 0.8406 0
1139 0.8383 0
841 0.8373 0
198 0.8222 0
591 0.8056 0
87 0.7889 0
140 0.7860 0
21 0.7851 0
208 0.7823 0
661 0.7764 0
213 0.7710 0
89 0.7618 0
73 0.7543 0
1782 0.7472 0
0 0.7414 0
1021 0.7276 0
938 0.7027 0
643 0.6918 0
1980 0.6814 0
614 0.6606 0
128 0.6582 0
203 0.6421 0
178 0.6378 0
596 0.6212 0
513 0.6125 0
1539 0.5789 0
575 0.5782 0
1134 0.5716 0
1042 0.5714 0
63 0.5663 0
569 0.5656 0
1703 0.5515 0
1873 0.5471 0
1008 0.5467 0
706 0.5391 0
704 0.5339 0
439 0.5296 0
638 0.5206 0
216 0.5203 0
1408 0.5163 0
454 0.5132 0
511 0.5131 0
196 0.5038 0
238 0.5001 0
1117 0.4768 0
192 0.4765 0
1125 0.4731 0
1950 0.4731 0
20 0.4695 0
1203 0.4575 0
577 0.4518 0
423 0.4455 0
270 0.4427 0
816 0.4381 0
587 0.4241 0
108 0.4240 0
217 0.3897 0
1761 0.3732 0
115 0.3697 0
961 0.3469 0
119 0.3430 0
160 0.3368 0
641 0.3293 0
1113 0.3259 0
43 0.3241 0
1922 0.3175 0
1177 0.3086 0
1984 0.3053 0
1195 0.3001 0
442 0.2994 0
127 0.2964 0
1296 0.2960 0
103 0.2947 0
592 0.2823 0
613 0.2735 0
1734 0.2728 0
1719 0.2723 0
862 0.2628 0
1986 0.2627 0
1163 0.2600 0
138 0.2560 0
711 0.2380 0
1889 0.2250 0
272 0.2156 0
1150 0.2146 0
104 0.1787 0
1938 0.1770 0
101 0.1734 0
739 0.1711 0
568 0.1665 0
1885 0.1661 0
1974 0.1518 0
1880 0.1289 0
444 0.1131 0
1431 0.1090 0
1319 0.1089 0
1726 0.1070 0
741 0.0708 0
30 0.0655 0
1428 0.0566 0
122 0.0457 0
183 0.0385 0
1123 0.0342 0
517 0.0211 0
801 0.0047 0
840 -0.0166 0
11 -0.0234 0
271 -0.0308 0
310 -0.0412 0
156 -0.0434 0
1159 -0.0486 0
209 -0.0500 0
39 -0.0512 0
1979 -0.0551 0
1968 -0.0613 0
1852 -0.0704 0
1094 -0.0747 0
433 -0.0750 0
882 -0.0782 0
1793 -0.0813 0
1438 -0.0830 0
1206 -0.0890 0
1114 -0.0892 0
618 -0.0895 0
1963 -0.0947 0
566 -0.0966 0
1371 -0.0983 0
617 -0.1014 0
411 -0.1032 0
926 -0.1045 0
644 -0.1048 0
1901 -0.1115 0
1019 -0.1191 0
227 -0.1238 0
976 -0.1245 0
210 -0.1296 0
275 -0.1491 0
552 -0.1497 0
830 -0.1513 0
447 -0.1524 0
737 -0.1621 0
940 -0.1753 0
1065 -0.1940 0
615 -0.2175 0
185 -0.2419 0
726 -0.2423 0
1300 -0.2465 0
222 -0.2493 0
1187 -0.2564 0
1178 -0.2598 0
1205 -0.2602 0
45 -0.2615 0
1760 -0.2660 0
1981 -0.2724 0
639 -0.2780 0
1018 -0.2928 0
721 -0.2979 0
417 -0.3001 0
402 -0.3040 0
1406 -0.3128 0
1952 -0.3130 0
687 -0.3142 0
1861 -0.3142 0
1309 -0.3230 0
1926 -0.3253 0
162 -0.3258 0
228 -0.3262 0
125 -0.3267 0
1953 -0.3270 0
1558 -0.3276 0
889 -0.3333 0
1958 -0.3341 0
633 -0.3347 0
434 -0.3370 0
481 -0.3379 0
1038 -0.3468 0
1988 -0.3477 0
1876 -0.3515 0
1946 -0.3535 0
555 -0.3755 0
1930 -0.3900 0
1245 -0.3915 0
1881 -0.4003 0
1978 -0.4088 0
420 -0.4139 0
744 -0.4204 0
429 -0.4214 0
1940 -0.4312 0
1944 -0.4320 0
551 -0.4324 0
1044 -0.4361 0
1776 -0.4382 0
1886 -0.4417 0
1182 -0.4494 0
1583 -0.4520 0
1157 -0.4529 0
1098 -0.4762 0
868 -0.4772 0
1755 -0.4787 0
669 -0.4863 0
1432 -0.4888 0
650 -0.4892 0
1858 -0.4961 0
1311 -0.4962 0
1383 -0.4967 0
262 -0.4969 0
449 -0.5173 0
290 -0.5315 0
941 -0.5327 0
407 -0.5432 0
1158 -0.5487 0
257 -0.5490 0
436 -0.5499 0
438 -0.5528 0
1956 -0.5662 0
1781 -0.5753 0
266 -0.5754 0
450 -0.5825 0
287 -0.5870 0
1917 -0.5897 0
1164 -0.5919 0
1129 -0.6046 0
1103 -0.6055 0
1356 -0.6098 0
1256 -0.6184 0
1161 -0.6201 0
1630 -0.6319 0
1874 -0.6373 0
219 -0.6384 0
1446 -0.6560 0
1112 -0.6579 0
692 -0.6598 0
647 -0.6635 0
565 -0.6674 0
1737 -0.6697 0
1772 -0.6758 0
155 -0.6796 0
698 -0.6811 0
851 -0.6828 0
1424 -0.6872 0
1798 -0.6883 0
137 -0.6886 0
1530 -0.6887 0
1767 -0.6894 0
1007 -0.6935 0
987 -0.6970 0
1086 -0.7169 0
1306 -0.7176 0
1035 -0.7190 0
8 -0.7253 0
953 -0.7253 0
258 -0.7263 0
811 -0.7270 0
1863 -0.7323 0
593 -0.7331 0
1753 -0.7335 0
1865 -0.7407 0
1037 -0.7432 0
1999 -0.7533 0
1971 -0.7621 0
1390 -0.7628 0
581 -0.7752 0
462 -0.7797 0
1995 -0.7806 0
1066 -0.7806 0
560 -0.7834 0
1347 -0.7888 0
1846 -0.7906 1
1960 -0.7930 0
231 -0.7973 0
1769 -0.7976 0
859 -0.8014 0
1592 -0.8093 0
1210 -0.8111 0
681 -0.8159 0
195 -0.8241 0
344 -0.8320 0
990 -0.8390 0
102 -0.8434 0
147 -0.8489 0
247 -0.8548 0
1506 -0.8558 0
1313 -0.8649 0
161 -0.8657 0
106 -0.8769 0
501 -0.8871 0
299 -0.9024 0
1102 -0.9037 0
1329 -0.9133 0
600 -0.9149 0
586 -0.9259 0
1372 -0.9281 0
405 -0.9300 0
1141 -0.9301 0
28 -0.9343 0
1572 -0.9360 0
1998 -0.9374 0
713 -0.9479 0
105 -0.9557 0
114 -0.9560 0
630 -0.9589 0
199 -0.9621 0
1900 -0.9626 0
9 -0.9742 0
338 -0.9774 0
400 -0.9819 0
111 -0.9828 0
1179 -0.9836 0
1924 -0.9839 0
159 -0.9874 0
337 -0.9946 0
952 -0.9958 0
561 -1.0094 0
616 -1.0101 0
1875 -1.0269 0
682 -1.0366 0
548 -1.0370 0
1976 -1.0419 0
1184 -1.0461 0
157 -1.0517 0
974 -1.0517 0
418 -1.0578 0
1563 -1.0595 0
215 -1.0647 0
1276 -1.0712 0
1253 -1.0712 0
428 -1.0749 0
1334 -1.0760 0
1119 -1.0849 0
945 -1.0942 0
813 -1.1004 0
202 -1.1017 0
150 -1.1080 0
602 -1.1092 0
1884 -1.1099 0
703 -1.1106 0
624 -1.1202 0
304 -1.1265 0
1977 -1.1296 0
42 -1.1326 0
110 -1.1331 0
33 -1.1344 0
532 -1.1375 0
870 -1.1378 0
1586 -1.1399 0
1898 -1.1481 0
1970 -1.1534 0
1913 -1.1560 0
1507 -1.1585 0
1996 -1.1587 0
1770 -1.1602 0
1284 -1.1626 0
1216 -1.1649 0
598 -1.1663 0
1778 -1.1717 0
113 -1.1849 0
900 -1.1869 0
1928 -1.1910 0
734 -1.1994 0
1896 -1.2094 0
1588 -1.2109 0
853 -1.2185 0
1997 -1.2201 0
504 -1.2264 0
1932 -1.2274 0
803 -1.2328 0
965 -1.2335 0
1379 -1.2375 0
1162 -1.2385 0
1942 -1.2438 0
1307 -1.2440 0
514 -1.2448 0
168 -1.2493 0
675 -1.2496 0
1517 -1.2521 0
503 -1.2549 0
234 -1.2579 0
220 -1.2591 0
749 -1.2610 0
341 -1.2644 0
48 -1.2658 0
814 -1.2666 0
1133 -1.2923 0
1955 -1.3001 0
1477 -1.3020 0
1105 -1.3020 0
295 -1.3038 0
895 -1.3066 0
1784 -1.3101 0
1502 -1.3127 0
1188 -1.3164 0
211 -1.3167 0
969 -1.3170 0
1264 -1.3187 0
1892 -1.3209 0
1757 -1.3220 0
1292 -1.3254 0
595 -1.3312 0
412 -1.3327 0
427 -1.3343 0
1049 -1.3416 0
875 -1.3487 0
1024 -1.3524 0
866 -1.3536 0
1581 -1.3540 0
1172 -1.3587 0
729 -1.3634 0
1919 -1.3651 0
1947 -1.3655 0
1186 -1.3687 0
831 -1.3776 0
1320 -1.3781 0
985 -1.3862 0
1966 -1.3894 0
1787 -1.4005 0
927 -1.4102 0
712 -1.4113 0
1185 -1.4117 0
668 -1.4215 0
1232 -1.4223 0
738 -1.4273 0
880 -1.4278 0
200 -1.4284 0
1951 -1.4334 0
1046 -1.4372 0
1247 -1.4375 0
1985 -1.4381 0
1349 -1.4403 0
1043 -1.4410 0
1097 -1.4435 0
1503 -1.4441 0
1589 -1.4488 0
549 -1.4569 0
1031 -1.4585 0
609 -1.4616 0
1989 -1.4620 0
1790 -1.4638 0
755 -1.4692 0
1050 -1.4735 0
1124 -1.4786 0
736 -1.4805 0
403 -1.4813 0
1587 -1.4817 0
1417 -1.4818 0
172 -1.4835 0
1556 -1.4854 0
578 -1.4901 0
685 -1.4948 0
572 -1.5009 0
421 -1.5071 0
233 -1.5084 0
528 -1.5206 0
1665 -1.5264 0
1219 -1.5265 0
1915 -1.5267 0
1201 -1.5277 0
597 -1.5296 0
1056 -1.5431 0
221 -1.5442 0
723 -1.5487 0
1754 -1.5498 0
1570 -1.5536 0
1273 -1.5595 0
133 -1.5600 0
887 -1.5613 0
924 -1.5632 0
760 -1.5638 0
962 -1.5668 0
339 -1.5758 0
1439 -1.5800 0
1145 -1.5872 0
580 -1.5922 0
839 -1.5970 0
1321 -1.6008 0
1266 -1.6008 0
852 -1.6010 0
1212 -1.6042 0
4 -1.6048 0
1069 -1.6052 0
728 -1.6080 0
1972 -1.6091 0
1795 -1.6108 0
5 -1.6155 0
543 -1.6175 0
451 -1.6178 0
346 -1.6212 0
169 -1.6254 0
1365 -1.6260 0
558 -1.6414 0
1571 -1.6509 0
505 -1.6606 0
1419 -1.6624 0
1142 -1.6638 0
1962 -1.6716 0
1106 -1.6738 0
525 -1.6755 0
936 -1.6784 0
1174 -1.6798 0
671 -1.6798 0
873 -1.6898 0
689 -1.6903 0
1542 -1.6957 0
1261 -1.6997 0
542 -1.7031 0
1239 -1.7042 0
349 -1.7125 0
793 -1.7265 0
1277 -1.7266 0
293 -1.7272 0
1310 -1.7334 0
1590 -1.7351 0
867 -1.7399 0
714 -1.7399 0
50 -1.7477 0
1867 -1.7497 0
1325 -1.7530 0
1488 -1.7585 0
296 -1.7679 0
1080 -1.7709 0
740 -1.7709 0
822 -1.7711 0
798 -1.7733 0
1528 -1.7747 0
1397 -1.7762 0
7 -1.7807 0
1792 -1.7823 0
861 -1.7839 0
626 -1.7860 0
193 -1.7961 0
1341 -1.7969 0
1344 -1.7981 0
1016 -1.8134 0
194 -1.8182 0
1236 -1.8194 0
1869 -1.8198 0
1289 -1.8206 0
1906 -1.8226 0
206 -1.8232 0
878 -1.8249 0
330 -1.8257 0
1373 -1.8429 0
1576 -1.8432 0
1148 -1.8442 0
1005 -1.8505 0
107 -1.8507 0
1051 -1.8529 0
1328 -1.8545 0
850 -1.8560 0
855 -1.8563 0
1578 -1.8610 0
302 -1.8633 0
844 -1.8673 0
553 -1.8688 0
1363 -1.8707 0
1331 -1.8715 0
1367 -1.8861 0
1894 -1.8869 0
1595 -1.8873 0
1789 -1.8912 0
1288 -1.8913 0
604 -1.8949 0
1541 -1.8963 0
1516 -1.8997 0
1935 -1.9019 0
1585 -1.9030 0
1949 -1.9064 0
1937 -1.9291 0
1788 -1.9302 0
1423 -1.9353 0
518 -1.9392 0
1909 -1.9436 0
910 -1.9439 0
1606 -1.9454 0
109 -1.9486 0
683 -1.9533 0
484 -1.9537 0
947 -1.9595 0
1254 -1.9609 0
1540 -1.9618 0
718 -1.9626 0
1584 -1.9636 0
679 -1.9677 0
118 -1.9744 0
1257 -1.9802 0
1554 -1.9825 0
1604 -1.9881 0
15 -1.9895 0
1317 -1.9903 0
968 -1.9924 0
1081 -1.9935 0
949 -1.9965 0
419 -1.9997 0
467 -2.0014 0
1132 -2.0120 0
701 -2.0226 0
1573 -2.0247 0
401 -2.0300 0
1171 -2.0302 0
937 -2.0327 0
823 -2.0337 0
883 -2.0377 0
502 -2.0397 0
984 -2.0412 0
1594 -2.0433 0
135 -2.0451 0
789 -2.0479 0
1987 -2.0576 0
1401 -2.0653 0
1969 -2.0704 0
1318 -2.0736 0
567 -2.0754 0
443 -2.0781 0
1138 -2.0805 0
544 -2.0841 0
182 -2.0845 0
554 -2.1000 0
832 -2.1001 0
1073 -2.1007 0
47 -2.1026 0
1591 -2.1027 0
1799 -2.1052 0
1474 -2.1096 0
1642 -2.1108 0
1629 -2.1156 0
710 -2.1332 0
249 -2.1414 0
921 -2.1452 0
1143 -2.1465 0
480 -2.1501 0
787 -2.1527 0
1878 -2.1529 0
1192 -2.1568 0
1370 -2.1602 0
1973 -2.1687 0
314 -2.1945 0
727 -2.1948 0
708 -2.1955 0
725 -2.1979 0
186 -2.2087 0
1286 -2.2106 0
1074 -2.2163 0
1445 -2.2184 0
253 -2.2210 0
1137 -2.2276 0
3 -2.2317 0
1013 -2.2351 0
891 -2.2387 0
16 -2.2393 0
1613 -2.2404 0
1333 -2.2512 0
1654 -2.2525 0
527 -2.2538 0
29 -2.2569 0
66 -2.2609 0
184 -2.2648 0
1954 -2.2666 0
1759 -2.2732 0
1610 -2.2807 0
594 -2.2824 0
23 -2.2833 0
906 -2.2844 0
1780 -2.2849 0
1768 -2.2855 0
743 -2.2860 0
1593 -2.2881 0
432 -2.2938 0
545 -2.2979 0
1225 -2.3002 0
224 -2.3037 0
570 -2.3149 0
557 -2.3202 0
1666 -2.3227 0
999 -2.3229 0
1034 -2.3230 0
1899 -2.3271 0
720 -2.3376 0
1193 -2.3453 0
1929 -2.3491 0
1191 -2.3509 0
1649 -2.3510 0
474 -2.3552 0
666 -2.3556 0
1575 -2.3594 0
731 -2.3600 0
1553 -2.3626 0
1420 -2.3629 0
1868 -2.3738 0
1443 -2.3745 0
1144 -2.3803 0
1621 -2.3868 0
1211 -2.3988 0
970 -2.4000 0
408 -2.4006 0
1101 -2.4054 0
1020 -2.4107 0
414 -2.4114 0
1233 -2.4116 0
1389 -2.4205 0
12 -2.4334 0
1202 -2.4369 0
1529 -2.4376 0
576 -2.4424 0
165 -2.4447 0
506 -2.4486 0
130 -2.4537 0
848 -2.4548 0
1166 -2.4567 0
1657 -2.4575 0
237 -2.4668 0
584 -2.4703 0
1534 -2.4704 0
46 -2.4710 0
166 -2.4738 0
1268 -2.4742 0
579 -2.4791 0
1871 -2.4850 0
892 -2.4929 0
1598 -2.4933 0
1902 -2.5007 0
424 -2.5009 0
235 -2.5047 0
1221 -2.5056 0
989 -2.5105 0
1003 -2.5153 0
507 -2.5159 0
705 -2.5192 0
885 -2.5205 0
680 -2.5295 0
1122 -2.5341 0
132 -2.5358 0
1933 -2.5362 0
960 -2.5453 0
1285 -2.5458 0
662 -2.5473 0
1895 -2.5518 0
1418 -2.5587 0
1077 -2.5613 0
1574 -2.5651 0
1076 -2.5659 0
1002 -2.5757 0
835 -2.5859 0
333 -2.5868 0
463 -2.5922 0
1560 -2.5957 0
522 -2.5958 0
916 -2.5997 0
846 -2.6053 0
735 -2.6097 0
1393 -2.6103 0
1752 -2.6119 0
483 -2.6135 0
1520 -2.6236 0
347 -2.6247 0
255 -2.6294 0
1243 -2.6434 0
649 -2.6447 0
1237 -2.6463 0
1756 -2.6502 0
991 -2.6516 0
1376 -2.6535 0
652 -2.6582 0
1911 -2.6632 0
520 -2.6753 0
1948 -2.6826 0
1908 -2.6894 0
1561 -2.6928 0
1472 -2.6929 0
1030 -2.7007 0
956 -2.7030 0
31 -2.7032 0
24 -2.7041 0
426 -2.7223 0
807 -2.7225 0
1939 -2.7235 0
1509 -2.7258 0
44 -2.7277 0
1235 -2.7282 0
1416 -2.7298 0
1512 -2.7308 0
1083 -2.7354 0
948 -2.7354 0
672 -2.7404 0
982 -2.7423 0
1263 -2.7429 0
1505 -2.7436 0
1670 -2.7451 0
1226 -2.7463 0
1569 -2.7469 0
573 -2.7489 0
1870 -2.7510 0
914 -2.7510 0
1552 -2.7736 0
225 -2.7756 0
207 -2.7762 0
1336 -2.7774 0
1579 -2.7803 0
913 -2.7807 0
915 -2.7821 0
1519 -2.7860 0
1204 -2.7909 0
746 -2.7967 0
748 -2.7969 0
769 -2.7980 0
1912 -2.8024 0
1088 -2.8088 0
838 -2.8141 0
1531 -2.8156 0
291 -2.8180 0
1687 -2.8242 0
966 -2.8256 0
1783 -2.8264 0
1330 -2.8280 0
530 -2.8287 0
1750 -2.8421 0
1765 -2.8465 0
1096 -2.8483 0
112 -2.8498 0
1167 -2.8518 0
864 -2.8605 0
899 -2.8673 0
1338 -2.8700 0
1943 -2.8750 0
1427 -2.8797 0
1089 -2.8919 0
1340 -2.8922 0
1091 -2.8975 0
1078 -2.9035 0
1001 -2.9136 0
1436 -2.9221 0
978 -2.9332 0
334 -2.9381 0
1127 -2.9393 0
897 -2.9394 0
1290 -2.9397 0
845 -2.9466 0
1047 -2.9470 0
858 -2.9472 0
1425 -2.9483 0
1360 -2.9490 0
1580 -2.9493 0
724 -2.9500 0
1250 -2.9525 0
1092 -2.9533 0
475 -2.9584 0
1934 -2.9595 0
151 -2.9595 0
1229 -2.9631 0
631 -2.9636 0
908 -2.9637 0
1411 -2.9703 0
212 -2.9763 0
929 -2.9814 0
1392 -2.9844 0
482 -2.9856 0
1682 -2.9872 0
820 -2.9877 0
1305 -2.9879 0
1426 -2.9883 0
1032 -2.9916 0
1524 -2.9952 0
776 -3.0061 0
1925 -3.0090 0
1596 -3.0113 0
1040 -3.0127 0
972 -3.0153 0
1260 -3.0217 0
1758 -3.0255 0
1223 -3.0280 0
460 -3.0284 0
804 -3.0320 0
1064 -3.0335 0
863 -3.0458 0
1180 -3.0504 0
14 -3.0540 0
1603 -3.0545 0
1469 -3.0553 0
430 -3.0560 0
126 -3.0574 0
1366 -3.0616 0
1559 -3.0637 0
1387 -3.0675 0
919 -3.0681 0
242 -3.0721 0
1326 -3.0724 0
1515 -3.0762 0
1012 -3.0765 0
244 -3.0810 0
1577 -3.0812 0
1923 -3.0920 0
1508 -3.0934 0
277 -3.0962 0
1582 -3.0976 0
188 -3.0977 0
1025 -3.1026 0
1882 -3.1026 0
1304 -3.1110 0
546 -3.1113 0
944 -3.1119 0
1241 -3.1153 0
1618 -3.1194 0
1126 -3.1209 0
785 -3.1222 0
588 -3.1229 0
1916 -3.1233 0
688 -3.1236 0
1324 -3.1242 0
1452 -3.1324 0
719 -3.1356 0
827 -3.1387 0
1265 -3.1388 0
529 -3.1436 0
722 -3.1452 0
523 -3.1505 0
1410 -3.1569 0
335 -3.1643 0
767 -3.1662 0
1299 -3.1672 0
1684 -3.1765 0
1766 -3.1788 0
1921 -3.1806 0
437 -3.1812 0
1079 -3.1842 0
331 -3.1864 0
1910 -3.1884 0
782 -3.1951 0
431 -3.1960 0
1927 -3.1975 0
655 -3.2022 0
1549 -3.2070 0
1905 -3.2164 0
1433 -3.2269 0
1120 -3.2378 0
1323 -3.2394 0
808 -3.2474 0
973 -3.2498 0
1087 -3.2531 0
574 -3.2548 0
486 -3.2569 0
1275 -3.2627 0
495 -3.2661 0
1914 -3.2710 0
1055 -3.2799 0
1413 -3.2810 0
917 -3.2812 0
1407 -3.2828 0
1453 -3.2842 0
1504 -3.2845 0
1444 -3.2859 0
902 -3.2949 0
1011 -3.2988 0
1234 -3.3018 0
1430 -3.3053 0
1348 -3.3096 0
1082 -3.3115 0
308 -3.3134 0
1412 -3.3267 0
998 -3.3283 0
571 -3.3316 0
1448 -3.3341 0
1006 -3.3356 0
1568 -3.3364 0
232 -3.3417 0
1346 -3.3448 0
1207 -3.3608 0
36 -3.3621 0
1107 -3.3634 0
939 -3.3641 0
888 -3.3668 0
1975 -3.3742 0
452 -3.3751 0
794 -3.3762 0
943 -3.3788 0
1545 -3.3788 0
487 -3.3868 0
963 -3.3880 0
562 -3.3899 0
537 -3.3908 0
1421 -3.3918 0
248 -3.3922 0
995 -3.3962 0
1564 -3.3967 0
1565 -3.4004 0
1920 -3.4022 0
797 -3.4048 0
1385 -3.4130 0
1435 -3.4149 0
1449 -3.4175 0
1071 -3.4219 0
1555 -3.4236 0
1440 -3.4273 0
1907 -3.4278 0
1936 -3.4393 0
448 -3.4400 0
894 -3.4417 0
1140 -3.4421 0
1394 -3.4454 0
805 -3.4471 0
1375 -3.4504 0
1640 -3.4516 0
1053 -3.4525 0
1441 -3.4601 0
494 -3.4637 0
1218 -3.4642 0
446 -3.4668 0
1269 -3.4694 0
1316 -3.4772 0
1022 -3.4808 0
516 -3.4813 0
1200 -3.4869 0
1651 -3.4884 0
1566 -3.4900 0
301 -3.4952 0
1403 -3.4993 0
1551 -3.5094 0
802 -3.5138 0
1600 -3.5156 0
1797 -3.5262 0
458 -3.5303 0
1480 -3.5404 0
521 -3.5414 0
1457 -3.5427 0
1048 -3.5442 0
1308 -3.5501 0
445 -3.5512 0
1354 -3.5580 0
1514 -3.5609 0
909 -3.5679 0
1691 -3.5681 0
842 -3.5693 0
778 -3.5695 0
1599 -3.5710 0
898 -3.5731 0
1302 -3.5744 0
1294 -3.5852 0
1033 -3.5917 0
1639 -3.5938 0
693 -3.5989 0
1337 -3.6003 0
536 -3.6124 0
374 -3.6144 0
1698 -3.6349 0
25 -3.6413 0
653 -3.6506 0
1029 -3.6545 0
1070 -3.6587 0
659 -3.6588 0
1228 -3.6621 0
378 -3.6744 0
1015 -3.6817 0
1931 -3.6854 0
1039 -3.6903 0
1405 -3.6905 0
983 -3.6910 0
1496 -3.7031 0
1045 -3.7159 0
1343 -3.7218 0
1116 -3.7224 0
761 -3.7279 0
932 -3.7281 0
538 -3.7288 0
1115 -3.7327 0
757 -3.7338 0
1736 -3.7338 0
768 -3.7384 0
676 -3.7391 0
1238 -3.7422 0
790 -3.7449 0
1536 -3.7610 0
1473 -3.7644 0
1062 -3.7677 0
742 -3.7782 0
1537 -3.7792 0
343 -3.7849 0
1215 -3.7897 0
1624 -3.7985 0
201 -3.8005 0
1763 -3.8013 0
497 -3.8066 0
409 -3.8110 0
1378 -3.8142 0
307 -3.8147 0
332 -3.8204 0
397 -3.8221 0
317 -3.8302 0
664 -3.8316 0
540 -3.8332 0
1041 -3.8378 0
1068 -3.8428 0
988 -3.8450 0
1059 -3.8483 0
732 -3.8483 0
1622 -3.8496 0
1224 -3.8512 0
806 -3.8627 0
697 -3.8629 0
1293 -3.8708 0
977 -3.8710 0
1627 -3.8718 0
1014 -3.8739 0
1194 -3.8754 0
1315 -3.8809 0
230 -3.8817 0
1669 -3.8832 0
1271 -3.8849 0
1131 -3.8851 0
508 -3.8851 0
510 -3.8931 0
1681 -3.9148 0
967 -3.9165 0
556 -3.9200 0
485 -3.9215 0
1391 -3.9255 0
980 -3.9305 0
1332 -3.9320 0
1249 -3.9341 0
1617 -3.9344 0
1857 -3.9365 0
694 -3.9463 0
373 -3.9519 0
766 -3.9573 0
1146 -3.9589 0
707 -3.9694 0
872 -3.9781 0
1128 -3.9796 0
1544 -3.9806 0
815 -3.9975 0
1222 -4.0077 0
1339 -4.0109 0
1267 -4.0151 0
1467 -4.0271 0
441 -4.0309 0
1941 -4.0325 0
771 -4.0339 0
796 -4.0418 0
1442 -4.0454 0
1497 -4.0499 0
1214 -4.0636 0
100 -4.0870 0
1342 -4.0900 0
1283 -4.0944 0
1967 -4.0944 0
167 -4.1037 0
1085 -4.1066 0
547 -4.1082 0
1623 -4.1092 0
1111 -4.1125 0
345 -4.1225 0
1631 -4.1228 0
204 -4.1233 0
559 -4.1246 0
1644 -4.1289 0
1240 -4.1303 0
865 -4.1318 0
534 -4.1414 0
1513 -4.1422 0
992 -4.1439 0
1602 -4.1481 0
1562 -4.1501 0
456 -4.1545 0
1522 -4.1589 0
218 -4.1598 0
1567 -4.1663 0
709 -4.1674 0
493 -4.1677 0
951 -4.1717 0
770 -4.1773 0
1482 -4.1798 0
1377 -4.1823 0
1463 -4.1833 0
1991 -4.1866 0
1301 -4.1878 0
1036 -4.1881 0
1451 -4.1903 0
1244 -4.2010 0
300 -4.2114 0
1492 -4.2137 0
1399 -4.2251 0
461 -4.2302 0
971 -4.2318 0
1380 -4.2386 0
1262 -4.2428 0
657 -4.2441 0
651 -4.2449 0
979 -4.2459 0
1903 -4.2479 0
1992 -4.2503 0
465 -4.2519 0
930 -4.2575 0
1075 -4.2608 0
1641 -4.2609 0
380 -4.2636 0
1525 -4.2650 0
1904 -4.2910 0
1414 -4.3021 0
472 -4.3025 0
1009 -4.3026 0
658 -4.3063 0
1280 -4.3200 0
993 -4.3214 0
398 -4.3222 0
1052 -4.3237 0
404 -4.3345 0
1352 -4.3369 0
901 -4.3395 0
954 -4.3418 0
817 -4.3451 0
753 -4.3462 0
745 -4.3473 0
774 -4.3475 0
1447 -4.3477 0
730 -4.3511 0
1523 -4.3528 0
311 -4.3558 0
918 -4.3577 0
958 -4.3603 0
674 -4.3622 0
1538 -4.3625 0
834 -4.3811 0
752 -4.3872 0
1434 -4.3872 0
1696 -4.3903 0
1213 -4.3944 0
179 -4.3950 0
1270 -4.3977 0
519 -4.4019 0
466 -4.4053 0
245 -4.4080 0
957 -4.4127 0
471 -4.4172 0
773 -4.4219 0
1327 -4.4352 0
779 -4.4385 0
849 -4.4402 0
1017 -4.4427 0
1345 -4.4430 0
925 -4.4435 0
1272 -4.4457 0
1248 -4.4507 0
1252 -4.4519 0
869 -4.4552 0
819 -4.4654 0
847 -4.4673 0
1493 -4.4688 0
214 -4.4745 0
239 -4.4892 0
1501 -4.4996 0
1647 -4.5026 0
241 -4.5037 0
764 -4.5038 0
1246 -4.5070 0
1028 -4.5105 0
884 -4.5124 0
1095 -4.5133 0
322 -4.5187 0
1660 -4.5240 0
1374 -4.5263 0
312 -4.5334 0
1279 -4.5348 0
1259 -4.5372 0
1190 -4.5377 0
1619 -4.5390 0
240 -4.5479 0
1355 -4.5579 0
355 -4.5638 0
1468 -4.5691 0
890 -4.5711 0
809 -4.5716 0
1510 -4.5732 0
1063 -4.5753 0
369 -4.5939 0
750 -4.5961 0
1255 -4.6027 0
946 -4.6035 0
886 -4.6114 0
935 -4.6183 0
381 -4.6387 0
1678 -4.6394 0
342 -4.6416 0
1462 -4.6572 0
1628 -4.6573 0
321 -4.6630 0
1476 -4.6689 0
1550 -4.6799 0
1674 -4.6811 0
526 -4.6835 0
673 -4.6837 0
677 -4.6971 0
328 -4.6997 0
512 -4.6998 0
490 -4.7055 0
920 -4.7112 0
236 -4.7199 0
324 -4.7229 0
959 -4.7281 0
1608 -4.7351 0
309 -4.7391 0
1612 -4.7400 0
986 -4.7407 0
136 -4.7534 0
763 -4.7567 0
1490 -4.7594 0
1650 -4.7615 0
541 -4.7683 0
1643 -4.7688 0
1386 -4.7705 0
1060 -4.7821 0
997 -4.7898 0
786 -4.7968 0
496 -4.7987 0
1483 -4.8012 0
1454 -4.8050 0
656 -4.8144 0
1149 -4.8155 0
964 -4.8207 0
1278 -4.8254 0
1121 -4.8307 0
509 -4.8361 0
1100 -4.8371 0
695 -4.8429 0
243 -4.8475 0
800 -4.8487 0
1109 -4.8538 0
1258 -4.8581 0
1615 -4.8588 0
457 -4.8589 0
777 -4.8628 0
1297 -4.8733 0
479 -4.8762 0
455 -4.8794 0
319 -4.8802 0
1685 -4.8811 0
2 -4.8925 0
1369 -4.9007 0
1400 -4.9040 0
326 -4.9048 0
1494 -4.9064 0
325 -4.9079 0
229 -4.9098 0
665 -4.9121 0
1626 -4.9135 0
1023 -4.9137 0
313 -4.9166 0
758 -4.9186 0
1295 -4.9245 0
320 -4.9340 0
975 -4.9345 0
1084 -4.9370 0
1546 -4.9389 0
1135 -4.9486 0
854 -4.9488 0
1652 -4.9500 0
812 -4.9574 0
799 -4.9597 0
1458 -4.9690 0
1751 -4.9728 0
1491 -4.9765 0
684 -4.9796 0
1057 -4.9822 0
470 -4.9826 0
1350 -4.9897 0
1384 -4.9905 0
357 -5.0139 0
1532 -5.0188 0
717 -5.0206 0
690 -5.0222 0
1470 -5.0281 0
1637 -5.0397 0
1362 -5.0419 0
1638 -5.0450 0
1656 -5.0498 0
1404 -5.0511 0
524 -5.0520 0
1667 -5.0610 0
1625 -5.0634 0
1242 -5.0635 0
1281 -5.0708 0
1466 -5.0725 0
904 -5.0731 0
491 -5.0863 0
1058 -5.0913 0
994 -5.0917 0
360 -5.0952 0
1771 -5.1004 0
1061 -5.1040 0
923 -5.1274 0
678 -5.1298 0
1601 -5.1353 0
1364 -5.1507 0
1464 -5.1542 0
1486 -5.1635 0
874 -5.1676 0
754 -5.1693 0
783 -5.1723 0
1527 -5.1775 0
1381 -5.1788 0
589 -5.1834 0
821 -5.1851 0
1616 -5.1862 0
533 -5.1896 0
1415 -5.1930 0
539 -5.2072 0
1353 -5.2236 0
1475 -5.2308 0
826 -5.2309 0
1485 -5.2481 0
856 -5.2531 0
1484 -5.2574 0
1495 -5.2579 0
996 -5.2616 0
1697 -5.2728 0
352 -5.2745 0
379 -5.2818 0
1620 -5.2945 0
1500 -5.2954 0
1460 -5.2994 0
1481 -5.3082 0
1026 -5.3148 0
1526 -5.3188 0
1208 -5.3216 0
363 -5.3260 0
315 -5.3403 0
1303 -5.3460 0
464 -5.3485 0
1658 -5.3541 0
699 -5.3682 0
981 -5.3758 0
1368 -5.3776 0
1099 -5.3853 0
1437 -5.3905 0
40 -5.4095 0
306 -5.4204 0
1668 -5.4218 0
881 -5.4318 0
367 -5.4339 0
1395 -5.4353 0
1459 -5.4409 0
1679 -5.4419 0
1409 -5.4592 0
318 -5.4689 0
931 -5.4754 0
1287 -5.4771 0
1251 -5.4793 0
933 -5.4822 0
1359 -5.4863 0
1655 -5.4901 0
399 -5.4923 0
1455 -5.4930 0
1291 -5.4996 0
1535 -5.5005 0
1499 -5.5023 0
1634 -5.5033 0
1683 -5.5037 0
1661 -5.5051 0
1686 -5.5054 0
1108 -5.5072 0
1396 -5.5105 0
654 -5.5186 0
1609 -5.5189 0
1067 -5.5234 0
893 -5.5338 0
825 -5.5344 0
955 -5.5444 0
1000 -5.5587 0
336 -5.5676 0
316 -5.5890 0
1358 -5.5999 0
1688 -5.6095 0
323 -5.6338 0
1676 -5.6390 0
1478 -5.6459 0
1361 -5.6731 0
1110 -5.6732 0
1450 -5.6798 0
391 -5.6807 0
1465 -5.6880 0
377 -5.6987 0
759 -5.7212 0
1689 -5.7264 0
905 -5.7330 0
1147 -5.7556 0
392 -5.7630 0
788 -5.7702 0
1664 -5.7748 0
922 -5.7758 0
340 -5.7865 0
1274 -5.7961 0
348 -5.8155 0
1677 -5.8272 0
1104 -5.8506 0
765 -5.8660 0
383 -5.8687 0
1209 -5.8940 0
453 -5.8974 0
422 -5.9071 0
535 -5.9387 0
371 -5.9394 0
879 -5.9459 0
1533 -5.9665 0
1645 -5.9674 0
1663 -5.9702 0
792 -5.9752 0
473 -5.9853 0
784 -5.9971 0
756 -6.0034 0
1693 -6.0277 0
1672 -6.0291 0
469 -6.0309 0
1774 -6.0348 0
1518 -6.0386 0
780 -6.0398 0
1282 -6.0400 0
781 -6.0710 0
1072 -6.0829 0
478 -6.0937 0
477 -6.0942 0
733 -6.0968 0
1382 -6.1022 0
366 -6.1057 0
1479 -6.1120 0
1548 -6.1423 0
691 -6.1657 0
356 -6.1693 0
362 -6.2153 0
1487 -6.2155 0
1136 -6.2204 0
751 -6.2263 0
1511 -6.2264 0
670 -6.2316 0
1557 -6.2496 0
1635 -6.2504 0
795 -6.2511 0
1646 -6.2756 0
387 -6.2774 0
303 -6.2845 0
1690 -6.2920 0
375 -6.3007 0
476 -6.3247 0
1605 -6.3284 0
1633 -6.3447 0
372 -6.3698 0
1351 -6.3782 0
370 -6.3899 0
907 -6.4298 0
1597 -6.4860 0
327 -6.4984 0
1694 -6.5324 0
1489 -6.5442 0
1461 -6.5735 0
385 -6.6073 0
663 -6.6077 0
1090 -6.6208 0
1607 -6.6252 0
1422 -6.6498 0
950 -6.6806 0
1227 -6.6825 0
1547 -6.7276 0
1673 -6.7347 0
1456 -6.7746 0
911 -6.8281 0
1680 -6.8565 0
1636 -6.8704 0
1611 -6.8764 0
928 -6.8825 0
1298 -6.8896 0
660 -6.9026 0
489 -6.9039 0
384 -6.9160 0
1675 -6.9210 0
396 -6.9235 0
1471 -6.9288 0
386 -6.9356 0
359 -6.9564 0
329 -6.9796 0
351 -6.9814 0
365 -7.0203 0
390 -7.0290 0
1699 -7.0309 0
353 -7.0408 0
394 -7.0566 0
1543 -7.0878 0
368 -7.1175 0
382 -7.2612 0
1659 -7.2692 0
488 -7.2717 0
350 -7.2736 0
358 -7.3309 0
1521 -7.3408 0
762 -7.3492 0
1498 -7.4066 0
791 -7.4822 0
1671 -7.4982 0
1093 -7.5003 0
389 -7.5710 0
1118 -7.5794 0
376 -7.6502 0
395 -7.6599 0
393 -7.7358 0
775 -7.7543 0
772 -7.7862 0
1632 -7.8133 0
903 -7.8530 0
696 -7.9017 0
1692 -7.9042 0
388 -7.9287 0
1398 -7.9418 0
1695 -7.9746 0
1388 -7.9768 0
364 -8.1438 0
1357 -8.1447 0
1662 -8.1859 0
354 -8.4186 0
499 -8.6860 0
1614 -9.0121 0
1653 -9.0244 0
492 -9.1859 0
498 -9.3373 0
361 -9.5609 0
459 -9.6409 0
468 -10.4276 0
