1859 30.6058 1
1872 26.8804 1
1857 22.6174 1
1868 22.2465 1
1850 21.1833 1
1897 20.8595 1
1878 19.0198 1
1880 18.7543 1
1890 18.6865 1
1869 18.4839 1
1893 17.6981 1
1863 16.8240 1
1864 16.0759 1
1861 16.0290 1
1858 15.8779 1
1895 15.7252 1
1896 15.6003 1
1898 14.7648 1
1894 14.2522 1
1871 13.4675 1
587 12.8367 0
1853 12.4733 1
1885 12.3257 1
114 11.8692 0
1884 11.5507 1
627 11.2568 0
1851 11.1960 1
1855 11.0219 1
936 10.8327 0
1860 10.7812 1
1999 10.3987 0
1899 10.3088 1
1888 10.2931 1
132 10.2758 0
1892 10.2062 1
595 10.1272 0
1852 10.0308 1
1875 10.0025 1
339 9.9004 0
1866 9.7668 1
1915 9.5746 0
715 9.5054 0
1887 9.3442 1
198 9.3166 0
1876 9.1223 1
714 8.8110 0
1886 8.7919 1
559 8.6914 0
1891 8.6512 1
429 8.5672 0
1981 8.5098 0
1882 8.2924 1
131 8.2577 0
901 8.0798 0
632 7.9820 0
1117 7.4492 0
147 7.2897 0
1807 7.2875 0
1821 7.1065 0
154 7.0953 0
717 7.0861 0
1978 7.0611 0
427 7.0157 0
700 6.9228 0
141 6.9053 0
1874 6.8900 1
125 6.8406 0
1906 6.7407 0
725 6.7191 0
1865 6.7044 1
734 6.6964 0
0 6.6626 0
1698 6.6028 0
1149 6.5500 0
949 6.5201 0
593 6.5128 0
1814 6.5097 0
1817 6.4969 0
1931 6.4451 0
747 6.4394 0
202 6.4283 0
712 6.4117 0
1762 6.3611 0
231 6.3522 0
917 6.3182 0
1862 6.3157 1
941 6.3045 0
596 6.2810 0
600 6.2034 0
440 6.1650 0
276 6.1302 0
588 6.0514 0
1961 5.9013 0
583 5.7643 0
1854 5.7401 1
1110 5.6755 0
188 5.6369 0
1867 5.6194 1
1954 5.6014 0
1806 5.5934 0
716 5.5820 0
710 5.5559 0
1256 5.5441 0
536 5.5265 0
557 5.4842 0
702 5.4821 0
1305 5.4473 0
556 5.4447 0
718 5.4410 0
551 5.4070 0
511 5.4060 0
1973 5.3746 0
433 5.2743 0
226 5.2615 0
602 5.2452 0
136 5.2416 0
210 5.2400 0
438 5.2029 0
744 5.1621 0
739 5.1230 0
1325 5.1220 0
1829 5.1044 0
1881 5.0496 1
130 5.0410 0
1794 5.0331 0
1856 5.0296 1
570 5.0288 0
708 4.9948 0
1114 4.9791 0
270 4.9785 0
1791 4.9743 0
728 4.9512 0
1825 4.9473 0
1966 4.8805 0
1982 4.8747 0
4 4.8622 0
1949 4.8434 0
1969 4.8248 0
421 4.8228 0
608 4.7885 0
647 4.7766 0
1775 4.7736 0
203 4.7702 0
952 4.7406 0
919 4.7343 0
182 4.6966 0
249 4.6841 0
940 4.6614 0
1097 4.6340 0
261 4.6288 0
1148 4.6205 0
575 4.6044 0
561 4.5723 0
29 4.5647 0
743 4.5217 0
1722 4.5099 0
562 4.4637 0
1753 4.4572 0
1959 4.4529 0
1800 4.4521 0
569 4.4512 0
589 4.4416 0
6 4.4035 0
1714 4.4017 0
435 4.3581 0
1385 4.3515 0
1840 4.3428 0
209 4.2859 0
738 4.2630 0
138 4.2618 0
1912 4.1934 0
1841 4.1909 0
594 4.1903 0
1314 4.1832 0
1408 4.1658 0
1901 4.1570 0
186 4.1138 0
1786 4.0850 0
720 4.0767 0
729 4.0622 0
605 4.0276 0
102 4.0100 0
32 3.9936 0
1127 3.9785 0
278 3.9739 0
121 3.9690 0
1319 3.9669 0
560 3.9608 0
1943 3.9415 0
554 3.9332 0
707 3.9319 0
1710 3.9312 0
1970 3.9144 0
483 3.8914 0
1733 3.8636 0
139 3.8556 0
1767 3.8382 0
1879 3.8062 1
576 3.8017 0
1793 3.7855 0
477 3.7845 0
947 3.7724 0
555 3.7508 0
296 3.7486 0
189 3.7466 0
532 3.7367 0
1832 3.7157 0
727 3.7136 0
499 3.7121 0
740 3.7045 0
573 3.6997 0
260 3.6913 0
33 3.6879 0
1144 3.6823 0
577 3.6662 0
1910 3.6655 0
1953 3.6582 0
1873 3.6487 1
1606 3.6349 0
719 3.6239 0
450 3.5971 0
1985 3.5615 0
1986 3.5427 0
704 3.5340 0
918 3.5332 0
448 3.5167 0
833 3.5026 0
416 3.4986 0
1125 3.4624 0
1646 3.4592 0
1803 3.4533 0
1835 3.4454 0
1141 3.4371 0
280 3.4125 0
1739 3.3864 0
721 3.3694 0
1302 3.3687 0
1938 3.3660 0
35 3.3616 0
1621 3.3316 0
713 3.3276 0
1666 3.3249 0
601 3.3084 0
244 3.3017 0
1760 3.2979 0
109 3.2928 0
23 3.2861 0
1934 3.2651 0
1958 3.2625 0
741 3.2614 0
934 3.2547 0
442 3.2542 0
13 3.2310 0
1436 3.2265 0
1987 3.2076 0
1013 3.1999 0
1980 3.1972 0
610 3.1912 0
590 3.1870 0
41 3.1860 0
65 3.1846 0
862 3.1595 0
113 3.1537 0
926 3.1530 0
1823 3.1478 0
1174 3.1458 0
101 3.1359 0
945 3.1334 0
1995 3.1292 0
1924 3.1178 0
1705 3.1143 0
1424 3.1056 0
1801 3.0989 0
654 3.0988 0
1990 3.0915 0
1626 3.0848 0
1907 3.0830 0
349 3.0751 0
927 3.0713 0
1335 3.0701 0
1799 3.0675 0
400 3.0643 0
549 3.0602 0
586 3.0557 0
149 3.0492 0
1847 3.0452 0
1963 3.0362 0
251 3.0272 0
724 3.0232 0
628 3.0116 0
711 2.9975 0
939 2.9939 0
755 2.9922 0
529 2.9922 0
12 2.9853 0
247 2.9763 0
880 2.9736 0
267 2.9667 0
432 2.9569 0
540 2.9561 0
37 2.9461 0
611 2.9408 0
112 2.9243 0
1724 2.9117 0
1160 2.9045 0
1742 2.8970 0
494 2.8791 0
288 2.8628 0
1764 2.8580 0
1719 2.8391 0
566 2.8329 0
1410 2.8283 0
42 2.7967 0
1964 2.7938 0
1808 2.7830 0
1998 2.7825 0
1977 2.7562 0
1944 2.7412 0
911 2.7401 0
268 2.7393 0
1483 2.7359 0
409 2.7302 0
459 2.7215 0
735 2.7155 0
436 2.7116 0
1741 2.6997 0
26 2.6842 0
1826 2.6833 0
220 2.6765 0
634 2.6586 0
1745 2.6436 0
908 2.6322 0
19 2.6200 0
1925 2.6052 0
916 2.6026 0
39 2.6014 0
165 2.5913 0
1796 2.5874 0
248 2.5807 0
644 2.5684 0
1815 2.5629 0
1819 2.5605 0
636 2.5566 0
482 2.5428 0
592 2.5323 0
191 2.5213 0
1727 2.5210 0
1659 2.5193 0
1423 2.5111 0
1843 2.5100 0
1956 2.5100 0
553 2.5070 0
1490 2.5043 0
1748 2.5033 0
1923 2.4942 0
402 2.4908 0
905 2.4874 0
38 2.4622 0
921 2.4541 0
748 2.4540 0
456 2.4497 0
1972 2.4427 0
1824 2.4382 0
584 2.4294 0
250 2.4258 0
1153 2.4173 0
1838 2.4167 0
582 2.4101 0
120 2.3874 0
1816 2.3849 0
1142 2.3760 0
1356 2.3741 0
403 2.3730 0
638 2.3695 0
563 2.3660 0
254 2.3644 0
1150 2.3632 0
609 2.3510 0
1974 2.3462 0
571 2.3361 0
1811 2.3340 0
1567 2.3314 0
257 2.3286 0
1965 2.3260 0
117 2.3187 0
500 2.3179 0
1822 2.3127 0
937 2.3068 0
1918 2.2983 0
639 2.2982 0
137 2.2941 0
1962 2.2696 0
1713 2.2686 0
1188 2.2646 0
1624 2.2595 0
895 2.2563 0
1245 2.2560 0
1827 2.2299 0
749 2.2291 0
119 2.2271 0
413 2.2190 0
234 2.2121 0
1955 2.2113 0
813 2.1927 0
1667 2.1917 0
274 2.1806 0
1849 2.1777 0
1989 2.1675 0
389 2.1647 0
299 2.1625 0
508 2.1598 0
443 2.1574 0
1627 2.1485 0
1818 2.1462 0
737 2.1336 0
1729 2.1335 0
1929 2.1270 0
510 2.1227 0
531 2.1178 0
1180 2.1163 0
625 2.1083 0
1784 2.1075 0
567 2.0944 0
648 2.0940 0
1848 2.0889 0
1472 2.0803 0
1189 2.0726 0
434 2.0708 0
1179 2.0696 0
703 2.0692 0
731 2.0598 0
931 2.0574 0
1701 2.0545 0
1975 2.0526 0
1152 2.0492 0
746 2.0470 0
498 2.0450 0
1082 2.0230 0
1307 2.0172 0
526 2.0123 0
1781 2.0039 0
262 1.9856 0
492 1.9809 0
473 1.9771 0
1902 1.9682 0
1971 1.9464 0
1720 1.9452 0
889 1.9402 0
1185 1.9381 0
1239 1.9169 0
1842 1.9070 0
100 1.9041 0
1758 1.8971 0
1870 1.8965 1
1608 1.8874 0
28 1.8774 0
295 1.8748 0
1877 1.8698 1
525 1.8575 0
122 1.8507 0
71 1.8420 0
723 1.8363 0
520 1.8359 0
618 1.8339 0
179 1.8260 0
414 1.8209 0
640 1.8203 0
599 1.8143 0
1810 1.8026 0
630 1.8018 0
468 1.7938 0
86 1.7728 0
1418 1.7663 0
948 1.7529 0
598 1.7506 0
176 1.7504 0
624 1.7489 0
990 1.7463 0
219 1.7337 0
148 1.7303 0
180 1.7292 0
1728 1.7280 0
1957 1.7254 0
516 1.7201 0
956 1.7160 0
156 1.7146 0
1327 1.7119 0
1232 1.6795 0
558 1.6744 0
1101 1.6671 0
253 1.6556 0
123 1.6483 0
1960 1.6450 0
470 1.6439 0
46 1.6434 0
115 1.6432 0
1379 1.6419 0
208 1.6310 0
1343 1.6255 0
1708 1.6218 0
410 1.6180 0
1111 1.6163 0
920 1.6157 0
423 1.6104 0
1262 1.6057 0
698 1.6057 0
417 1.5962 0
381 1.5901 0
1215 1.5879 0
513 1.5865 0
411 1.5857 0
352 1.5817 0
1652 1.5649 0
1795 1.5628 0
1889 1.5611 1
472 1.5581 0
1021 1.5493 0
612 1.5385 0
126 1.5380 0
1023 1.5353 0
1191 1.5297 0
228 1.5286 0
699 1.5203 0
620 1.5110 0
175 1.5005 0
1967 1.4988 0
22 1.4982 0
1135 1.4892 0
1619 1.4859 0
851 1.4705 0
150 1.4652 0
1193 1.4542 0
227 1.4457 0
1725 1.4369 0
1747 1.4369 0
1405 1.4216 0
1911 1.4203 0
281 1.4139 0
1113 1.4031 0
291 1.4008 0
1016 1.3902 0
144 1.3867 0
66 1.3772 0
3 1.3737 0
7 1.3714 0
481 1.3695 0
277 1.3691 0
902 1.3682 0
1073 1.3665 0
1984 1.3626 0
75 1.3588 0
1052 1.3585 0
1164 1.3558 0
1782 1.3521 0
1202 1.3488 0
476 1.3461 0
419 1.3387 0
129 1.3384 0
104 1.3321 0
1641 1.3280 0
1198 1.3232 0
935 1.3100 0
550 1.3077 0
1603 1.3060 0
1213 1.3053 0
107 1.3034 0
537 1.2961 0
1195 1.2954 0
823 1.2931 0
705 1.2876 0
1429 1.2863 0
21 1.2733 0
143 1.2729 0
439 1.2725 0
271 1.2676 0
1734 1.2582 0
16 1.2576 0
256 1.2428 0
1623 1.2406 0
1830 1.2393 0
1979 1.2330 0
960 1.2320 0
606 1.2235 0
906 1.2149 0
135 1.2144 0
1610 1.2046 0
1802 1.1918 0
1677 1.1889 0
1833 1.1885 0
1994 1.1780 0
1286 1.1762 0
460 1.1755 0
20 1.1748 0
1640 1.1687 0
1226 1.1558 0
407 1.1439 0
72 1.1435 0
152 1.1428 0
1756 1.1398 0
142 1.1378 0
68 1.1283 0
980 1.1275 0
963 1.1271 0
1649 1.1262 0
930 1.1171 0
1631 1.1049 0
356 1.1037 0
1900 1.1021 0
564 1.0907 0
1812 1.0719 0
1676 1.0685 0
1928 1.0683 0
1309 1.0661 0
1935 1.0550 0
552 1.0505 0
515 1.0501 0
591 1.0391 0
1199 1.0345 0
1836 1.0345 0
464 1.0344 0
145 1.0327 0
212 1.0279 0
915 1.0099 0
841 1.0074 0
1757 1.0065 0
159 1.0045 0
1158 0.9959 0
14 0.9940 0
1916 0.9857 0
1947 0.9833 0
127 0.9817 0
108 0.9794 0
541 0.9703 0
1037 0.9661 0
106 0.9640 0
810 0.9523 0
401 0.9509 0
572 0.9477 0
1048 0.9461 0
597 0.9423 0
279 0.9403 0
579 0.9363 0
1266 0.9249 0
1704 0.9221 0
382 0.9185 0
269 0.9152 0
1018 0.9129 0
475 0.9127 0
420 0.9109 0
1735 0.9054 0
496 0.9047 0
1247 0.9000 0
446 0.8976 0
74 0.8883 0
1220 0.8845 0
1492 0.8838 0
45 0.8756 0
660 0.8691 0
408 0.8689 0
287 0.8648 0
682 0.8578 0
406 0.8505 0
134 0.8482 0
1328 0.8426 0
309 0.8374 0
534 0.8368 0
292 0.8362 0
27 0.8244 0
701 0.8232 0
1133 0.8194 0
1651 0.8107 0
1076 0.8098 0
1804 0.8092 0
1809 0.8072 0
1192 0.8033 0
1622 0.8010 0
1289 0.7960 0
1081 0.7900 0
1993 0.7821 0
886 0.7780 0
837 0.7694 0
565 0.7691 0
385 0.7634 0
603 0.7587 0
1486 0.7480 0
235 0.7446 0
88 0.7430 0
1208 0.7419 0
923 0.7411 0
162 0.7386 0
578 0.7313 0
1416 0.7306 0
1717 0.7275 0
1056 0.6991 0
1281 0.6911 0
166 0.6822 0
298 0.6786 0
943 0.6766 0
1065 0.6739 0
617 0.6723 0
1945 0.6658 0
1834 0.6654 0
899 0.6620 0
480 0.6564 0
224 0.6540 0
1983 0.6536 0
24 0.6502 0
681 0.6445 0
686 0.6393 0
222 0.6355 0
726 0.6304 0
789 0.6277 0
1306 0.6267 0
944 0.6143 0
1828 0.6142 0
1282 0.6117 0
393 0.6093 0
1917 0.6082 0
463 0.5776 0
1670 0.5726 0
1650 0.5659 0
1005 0.5572 0
547 0.5509 0
163 0.5473 0
1062 0.5408 0
646 0.5385 0
412 0.5318 0
1321 0.5291 0
60 0.5291 0
157 0.5216 0
418 0.5129 0
1645 0.5099 0
697 0.5087 0
445 0.5079 0
1087 0.5052 0
1932 0.5013 0
171 0.4974 0
1709 0.4970 0
237 0.4870 0
962 0.4866 0
57 0.4852 0
1618 0.4811 0
430 0.4727 0
1268 0.4712 0
190 0.4648 0
1178 0.4611 0
1792 0.4596 0
1914 0.4574 0
985 0.4489 0
1926 0.4488 0
984 0.4473 0
1139 0.4424 0
509 0.4407 0
1738 0.4399 0
1648 0.4394 0
1615 0.4361 0
1773 0.4347 0
1844 0.4332 0
489 0.4301 0
1109 0.4296 0
1 0.4293 0
392 0.4275 0
706 0.4270 0
1988 0.4263 0
1323 0.4256 0
239 0.4249 0
1078 0.4248 0
946 0.4242 0
195 0.4238 0
1909 0.4192 0
1779 0.4158 0
1170 0.4070 0
187 0.4055 0
1230 0.4018 0
925 0.4008 0
428 0.3967 0
548 0.3966 0
614 0.3851 0
543 0.3773 0
1604 0.3620 0
11 0.3573 0
1272 0.3544 0
641 0.3441 0
1128 0.3263 0
484 0.3240 0
932 0.3162 0
404 0.3121 0
1797 0.3098 0
1169 0.3091 0
783 0.3064 0
1471 0.3043 0
15 0.3040 0
1129 0.2945 0
297 0.2929 0
1059 0.2927 0
1181 0.2926 0
1254 0.2890 0
218 0.2885 0
491 0.2869 0
1186 0.2747 0
1470 0.2719 0
1777 0.2547 0
78 0.2508 0
95 0.2464 0
1702 0.2455 0
1206 0.2455 0
1205 0.2430 0
466 0.2382 0
1228 0.2272 0
1329 0.2237 0
1726 0.2026 0
1370 0.1976 0
581 0.1962 0
205 0.1944 0
47 0.1931 0
80 0.1797 0
1346 0.1795 0
615 0.1765 0
910 0.1748 0
394 0.1743 0
360 0.1611 0
1279 0.1596 0
140 0.1593 0
503 0.1515 0
1165 0.1439 0
386 0.1437 0
1069 0.1399 0
357 0.1358 0
1996 0.1284 0
1968 0.1218 0
1780 0.1191 0
1066 0.1152 0
422 0.1070 0
1077 0.1065 0
258 0.1059 0
155 0.0958 0
635 0.0906 0
1444 0.0794 0
1657 0.0763 0
170 0.0560 0
1172 0.0519 0
996 0.0489 0
922 0.0476 0
539 0.0447 0
981 0.0432 0
1883 0.0431 1
146 0.0428 0
225 0.0372 0
1679 0.0360 0
1831 0.0304 0
1723 0.0271 0
666 0.0134 0
1541 0.0124 0
192 0.0042 0
652 -0.0023 0
1051 -0.0028 0
665 -0.0044 0
1613 -0.0081 0
181 -0.0123 0
388 -0.0173 0
1096 -0.0266 0
178 -0.0272 0
1032 -0.0385 0
342 -0.0434 0
174 -0.0436 0
465 -0.0452 0
128 -0.0465 0
1908 -0.0494 0
1946 -0.0496 0
771 -0.0566 0
518 -0.0587 0
273 -0.0591 0
286 -0.0595 0
1499 -0.0679 0
1494 -0.0747 0
161 -0.0789 0
1609 -0.0801 0
105 -0.0810 0
1755 -0.0911 0
736 -0.0938 0
1322 -0.0944 0
1787 -0.1007 0
942 -0.1026 0
1010 -0.1092 0
293 -0.1096 0
1697 -0.1135 0
351 -0.1246 0
1406 -0.1247 0
1334 -0.1252 0
527 -0.1253 0
236 -0.1487 0
626 -0.1505 0
938 -0.1520 0
1276 -0.1524 0
1508 -0.1562 0
1060 -0.1655 0
1397 -0.1704 0
1813 -0.1738 0
1558 -0.1755 0
266 -0.1770 0
1532 -0.1788 0
1086 -0.1791 0
1341 -0.1793 0
1940 -0.1804 0
809 -0.1888 0
1951 -0.1940 0
845 -0.1984 0
1913 -0.2052 0
1434 -0.2056 0
1839 -0.2078 0
574 -0.2104 0
896 -0.2176 0
215 -0.2211 0
1212 -0.2213 0
1761 -0.2238 0
1421 -0.2253 0
1513 -0.2257 0
1976 -0.2275 0
1798 -0.2289 0
1203 -0.2341 0
387 -0.2345 0
1922 -0.2438 0
1227 -0.2489 0
649 -0.2544 0
504 -0.2565 0
843 -0.2596 0
216 -0.2646 0
819 -0.2708 0
384 -0.2711 0
405 -0.2728 0
1297 -0.2754 0
1788 -0.2771 0
1089 -0.2776 0
290 -0.2782 0
629 -0.2787 0
1805 -0.2797 0
1845 -0.2797 0
1776 -0.2803 0
246 -0.2871 0
867 -0.2890 0
1293 -0.2957 0
778 -0.3019 0
201 -0.3034 0
391 -0.3082 0
48 -0.3215 0
1234 -0.3217 0
1320 -0.3243 0
1138 -0.3256 0
1785 -0.3310 0
1036 -0.3381 0
415 -0.3388 0
1997 -0.3590 0
1047 -0.3612 0
904 -0.3616 0
643 -0.3653 0
1661 -0.3679 0
501 -0.3707 0
974 -0.3711 0
124 -0.3894 0
913 -0.3907 0
1430 -0.3928 0
1237 -0.3941 0
199 -0.4004 0
1311 -0.4027 0
197 -0.4034 0
1837 -0.4102 0
458 -0.4111 0
1700 -0.4217 0
1770 -0.4295 0
399 -0.4304 0
18 -0.4322 0
1772 -0.4337 0
1620 -0.4353 0
1105 -0.4390 0
1200 -0.4449 0
1155 -0.4458 0
839 -0.4500 0
338 -0.4509 0
1083 -0.4610 0
1100 -0.4619 0
1115 -0.4646 0
1143 -0.4669 0
852 -0.4690 0
1390 -0.4709 0
677 -0.4738 0
34 -0.4760 0
742 -0.4761 0
1131 -0.4776 0
1026 -0.4791 0
362 -0.4833 0
1145 -0.4863 0
1112 -0.4902 0
1064 -0.4911 0
825 -0.4957 0
683 -0.4964 0
1040 -0.4964 0
242 -0.4976 0
898 -0.5011 0
240 -0.5015 0
490 -0.5129 0
263 -0.5131 0
211 -0.5146 0
506 -0.5150 0
245 -0.5221 0
545 -0.5230 0
36 -0.5241 0
265 -0.5315 0
585 -0.5320 0
441 -0.5327 0
196 -0.5347 0
530 -0.5375 0
378 -0.5412 0
488 -0.5427 0
1132 -0.5447 0
637 -0.5478 0
331 -0.5514 0
30 -0.5549 0
623 -0.5553 0
1759 -0.5565 0
358 -0.5572 0
676 -0.5603 0
986 -0.5627 0
243 -0.5709 0
455 -0.5721 0
1014 -0.5729 0
341 -0.5784 0
954 -0.5787 0
1312 -0.5842 0
1273 -0.5849 0
1004 -0.5888 0
512 -0.5914 0
1257 -0.5919 0
668 -0.5956 0
153 -0.5993 0
1176 -0.6007 0
1707 -0.6029 0
580 -0.6111 0
667 -0.6140 0
53 -0.6195 0
425 -0.6226 0
396 -0.6226 0
451 -0.6231 0
300 -0.6261 0
961 -0.6344 0
1304 -0.6351 0
912 -0.6359 0
864 -0.6408 0
1267 -0.6465 0
169 -0.6473 0
1404 -0.6476 0
194 -0.6498 0
1006 -0.6574 0
1285 -0.6636 0
1458 -0.6636 0
760 -0.6685 0
1236 -0.6712 0
1936 -0.6726 0
1187 -0.6786 0
907 -0.6811 0
1217 -0.6852 0
834 -0.6926 0
1414 -0.6927 0
1449 -0.7011 0
368 -0.7016 0
989 -0.7053 0
1265 -0.7072 0
1789 -0.7125 0
1035 -0.7137 0
951 -0.7160 0
933 -0.7160 0
1300 -0.7214 0
831 -0.7315 0
1991 -0.7363 0
680 -0.7381 0
59 -0.7381 0
1731 -0.7394 0
10 -0.7428 0
471 -0.7477 0
238 -0.7480 0
1350 -0.7493 0
255 -0.7529 0
1318 -0.7619 0
894 -0.7621 0
336 -0.7671 0
1104 -0.7731 0
1345 -0.7752 0
1372 -0.7781 0
183 -0.7783 0
979 -0.7847 0
1952 -0.7861 0
1038 -0.7872 0
366 -0.7873 0
347 -0.7890 0
1600 -0.7901 0
892 -0.7904 0
1628 -0.7963 0
645 -0.8019 0
444 -0.8068 0
1637 -0.8113 0
1061 -0.8114 0
695 -0.8120 0
881 -0.8165 0
1360 -0.8198 0
1426 -0.8211 0
221 -0.8288 0
1950 -0.8334 0
502 -0.8338 0
1937 -0.8362 0
887 -0.8410 0
1663 -0.8483 0
1905 -0.8546 0
1518 -0.8558 0
1241 -0.8592 0
447 -0.8625 0
1347 -0.8628 0
642 -0.8639 0
875 -0.8703 0
514 -0.8731 0
1511 -0.8769 0
1740 -0.8820 0
859 -0.8835 0
367 -0.8905 0
374 -0.8919 0
524 -0.8922 0
505 -0.8964 0
750 -0.8988 0
1034 -0.9020 0
1425 -0.9044 0
1560 -0.9053 0
85 -0.9064 0
659 -0.9084 0
359 -0.9123 0
375 -0.9129 0
1920 -0.9137 0
1674 -0.9171 0
806 -0.9174 0
1080 -0.9209 0
1480 -0.9213 0
568 -0.9224 0
1106 -0.9227 0
607 -0.9268 0
116 -0.9293 0
1427 -0.9366 0
62 -0.9400 0
1769 -0.9404 0
321 -0.9410 0
1031 -0.9448 0
1681 -0.9620 0
1250 -0.9625 0
1277 -0.9639 0
1074 -0.9646 0
1103 -0.9653 0
1022 -0.9662 0
172 -0.9687 0
982 -0.9690 0
909 -0.9691 0
1151 -0.9760 0
364 -0.9771 0
1001 -0.9784 0
55 -0.9798 0
709 -0.9864 0
317 -0.9918 0
1070 -0.9935 0
1846 -0.9974 0
272 -0.9975 0
479 -0.9982 0
1438 -1.0005 0
1477 -1.0018 0
49 -1.0022 0
1264 -1.0082 0
1768 -1.0134 0
1699 -1.0148 0
1002 -1.0189 0
353 -1.0202 0
1211 -1.0204 0
1054 -1.0266 0
1481 -1.0266 0
1402 -1.0274 0
99 -1.0298 0
1274 -1.0299 0
1177 -1.0386 0
1551 -1.0402 0
1409 -1.0404 0
924 -1.0417 0
1290 -1.0430 0
651 -1.0472 0
1344 -1.0532 0
90 -1.0542 0
1292 -1.0573 0
1428 -1.0618 0
1765 -1.0672 0
1222 -1.0720 0
177 -1.0849 0
1582 -1.0849 0
289 -1.0874 0
1017 -1.0905 0
1049 -1.0906 0
1439 -1.0915 0
1703 -1.0947 0
821 -1.1008 0
1201 -1.1064 0
184 -1.1128 0
9 -1.1286 0
538 -1.1299 0
1612 -1.1301 0
50 -1.1303 0
1046 -1.1378 0
1296 -1.1379 0
674 -1.1417 0
1332 -1.1439 0
223 -1.1511 0
1204 -1.1512 0
1098 -1.1513 0
1033 -1.1542 0
493 -1.1566 0
535 -1.1577 0
780 -1.1714 0
858 -1.1766 0
1678 -1.1771 0
1057 -1.1773 0
461 -1.1790 0
452 -1.1791 0
1519 -1.1813 0
160 -1.1823 0
1744 -1.1843 0
679 -1.1860 0
1294 -1.1990 0
1684 -1.2038 0
306 -1.2064 0
869 -1.2072 0
310 -1.2142 0
722 -1.2149 0
467 -1.2237 0
1596 -1.2272 0
462 -1.2285 0
1030 -1.2335 0
83 -1.2345 0
1011 -1.2377 0
1754 -1.2384 0
1466 -1.2435 0
776 -1.2437 0
1219 -1.2442 0
669 -1.2451 0
110 -1.2498 0
315 -1.2501 0
671 -1.2532 0
1553 -1.2545 0
259 -1.2571 0
1443 -1.2639 0
1126 -1.2659 0
1171 -1.2680 0
517 -1.2689 0
782 -1.2694 0
206 -1.2734 0
252 -1.2734 0
1039 -1.2813 0
1291 -1.2813 0
885 -1.2882 0
857 -1.2942 0
1497 -1.2973 0
1711 -1.2977 0
1412 -1.3001 0
1594 -1.3028 0
207 -1.3047 0
877 -1.3083 0
523 -1.3089 0
1028 -1.3109 0
275 -1.3109 0
914 -1.3136 0
96 -1.3146 0
1310 -1.3170 0
1173 -1.3176 0
1743 -1.3183 0
1090 -1.3189 0
1715 -1.3220 0
1027 -1.3223 0
118 -1.3252 0
1644 -1.3283 0
1349 -1.3308 0
168 -1.3351 0
860 -1.3384 0
1570 -1.3430 0
1903 -1.3456 0
870 -1.3552 0
1440 -1.3627 0
929 -1.3638 0
656 -1.3642 0
426 -1.3670 0
1042 -1.3683 0
371 -1.3723 0
897 -1.3764 0
1634 -1.3792 0
900 -1.3801 0
233 -1.3848 0
284 -1.3862 0
1376 -1.3864 0
613 -1.3868 0
767 -1.3870 0
383 -1.3917 0
1260 -1.3920 0
1330 -1.3942 0
449 -1.3951 0
70 -1.3967 0
1147 -1.4015 0
1716 -1.4016 0
1783 -1.4018 0
968 -1.4039 0
622 -1.4053 0
214 -1.4138 0
173 -1.4200 0
1468 -1.4254 0
878 -1.4298 0
79 -1.4334 0
1301 -1.4402 0
1020 -1.4617 0
1396 -1.4637 0
1629 -1.4651 0
1067 -1.4682 0
1752 -1.4725 0
1441 -1.4788 0
1464 -1.4791 0
692 -1.4848 0
816 -1.4860 0
323 -1.4899 0
830 -1.4960 0
664 -1.4968 0
1156 -1.4971 0
973 -1.5127 0
753 -1.5209 0
1933 -1.5310 0
1442 -1.5331 0
1948 -1.5337 0
1647 -1.5345 0
1157 -1.5348 0
1015 -1.5381 0
1053 -1.5382 0
1712 -1.5417 0
673 -1.5437 0
1383 -1.5468 0
1043 -1.5489 0
1243 -1.5617 0
675 -1.5629 0
1592 -1.5637 0
1393 -1.5688 0
474 -1.5703 0
616 -1.5775 0
5 -1.5814 0
1437 -1.5831 0
1749 -1.5832 0
808 -1.5856 0
1175 -1.5859 0
801 -1.5882 0
486 -1.5896 0
1288 -1.5969 0
1432 -1.6031 0
380 -1.6033 0
1088 -1.6039 0
1469 -1.6041 0
326 -1.6155 0
1452 -1.6212 0
1252 -1.6244 0
856 -1.6260 0
1496 -1.6344 0
995 -1.6481 0
1068 -1.6503 0
1660 -1.6512 0
1632 -1.6545 0
955 -1.6555 0
1482 -1.6568 0
431 -1.6583 0
1216 -1.6643 0
1225 -1.6672 0
1224 -1.6752 0
847 -1.6756 0
1079 -1.6783 0
397 -1.6816 0
1102 -1.6826 0
1218 -1.6836 0
1919 -1.7007 0
1778 -1.7123 0
1766 -1.7180 0
1271 -1.7188 0
763 -1.7196 0
1706 -1.7317 0
1491 -1.7336 0
1024 -1.7357 0
754 -1.7411 0
355 -1.7517 0
1696 -1.7522 0
1665 -1.7541 0
1556 -1.7565 0
1642 -1.7635 0
745 -1.7696 0
1278 -1.7718 0
761 -1.7723 0
1240 -1.7734 0
1395 -1.7757 0
1275 -1.7865 0
1197 -1.7867 0
1636 -1.7887 0
1942 -1.7890 0
1643 -1.7891 0
1653 -1.7986 0
1718 -1.7988 0
52 -1.7989 0
694 -1.7989 0
1094 -1.8226 0
229 -1.8226 0
1555 -1.8269 0
1502 -1.8364 0
365 -1.8406 0
454 -1.8449 0
953 -1.8449 0
1084 -1.8540 0
863 -1.8595 0
1391 -1.8671 0
876 -1.8703 0
1435 -1.8717 0
872 -1.8739 0
1478 -1.8777 0
1584 -1.8784 0
688 -1.8802 0
1403 -1.8805 0
285 -1.8808 0
98 -1.8832 0
1400 -1.8847 0
1589 -1.8873 0
204 -1.8880 0
1595 -1.8924 0
1579 -1.8954 0
1331 -1.8977 0
650 -1.8979 0
379 -1.8999 0
264 -1.9141 0
453 -1.9321 0
304 -1.9337 0
8 -1.9413 0
959 -1.9516 0
335 -1.9522 0
363 -1.9544 0
1231 -1.9546 0
928 -1.9569 0
1630 -1.9574 0
1921 -1.9610 0
200 -1.9616 0
966 -1.9664 0
1365 -1.9723 0
213 -1.9736 0
1685 -1.9737 0
976 -1.9743 0
794 -1.9752 0
1790 -1.9786 0
354 -1.9863 0
1354 -1.9876 0
1050 -1.9878 0
866 -1.9908 0
1583 -1.9948 0
730 -1.9992 0
17 -2.0005 0
1590 -2.0031 0
844 -2.0060 0
1261 -2.0085 0
91 -2.0097 0
1233 -2.0156 0
1095 -2.0162 0
662 -2.0192 0
1249 -2.0218 0
1357 -2.0289 0
853 -2.0390 0
1562 -2.0497 0
283 -2.0523 0
1140 -2.0540 0
838 -2.0557 0
546 -2.0565 0
732 -2.0580 0
370 -2.0804 0
1475 -2.0829 0
1540 -2.0835 0
1638 -2.0885 0
1194 -2.0948 0
185 -2.0990 0
31 -2.1044 0
774 -2.1120 0
1238 -2.1141 0
1545 -2.1159 0
333 -2.1264 0
836 -2.1265 0
832 -2.1314 0
111 -2.1321 0
997 -2.1327 0
1607 -2.1374 0
485 -2.1406 0
1751 -2.1436 0
1639 -2.1498 0
696 -2.1525 0
1690 -2.1534 0
164 -2.1546 0
891 -2.1557 0
469 -2.1591 0
798 -2.1628 0
398 -2.1645 0
1601 -2.1738 0
1617 -2.1775 0
1633 -2.1776 0
1446 -2.1847 0
1419 -2.1885 0
883 -2.1924 0
1433 -2.1952 0
1750 -2.1971 0
758 -2.1991 0
305 -2.2018 0
1455 -2.2099 0
1605 -2.2109 0
1161 -2.2113 0
1559 -2.2241 0
1387 -2.2253 0
1904 -2.2258 0
528 -2.2362 0
1694 -2.2441 0
1124 -2.2445 0
768 -2.2473 0
1108 -2.2482 0
1533 -2.2523 0
301 -2.2534 0
1730 -2.2549 0
1244 -2.2562 0
849 -2.2598 0
390 -2.2703 0
1116 -2.2736 0
519 -2.2758 0
1308 -2.2888 0
998 -2.2938 0
103 -2.2967 0
971 -2.3004 0
87 -2.3088 0
1992 -2.3094 0
1270 -2.3126 0
63 -2.3135 0
311 -2.3308 0
294 -2.3312 0
1134 -2.3330 0
1394 -2.3375 0
802 -2.3454 0
1930 -2.3485 0
1691 -2.3489 0
1008 -2.3513 0
1737 -2.3522 0
1159 -2.3645 0
1207 -2.3650 0
533 -2.3654 0
828 -2.3685 0
1136 -2.3716 0
133 -2.3739 0
1407 -2.3813 0
1473 -2.3823 0
1366 -2.3835 0
1007 -2.3848 0
811 -2.3857 0
1577 -2.3952 0
1283 -2.3984 0
395 -2.3998 0
1284 -2.4001 0
769 -2.4030 0
230 -2.4104 0
56 -2.4156 0
827 -2.4174 0
631 -2.4257 0
1445 -2.4348 0
1463 -2.4370 0
334 -2.4395 0
657 -2.4557 0
861 -2.4608 0
1137 -2.4625 0
1263 -2.4674 0
329 -2.4678 0
343 -2.4737 0
1259 -2.4827 0
457 -2.4844 0
1269 -2.4866 0
1635 -2.5094 0
1339 -2.5095 0
1392 -2.5201 0
1479 -2.5259 0
1411 -2.5394 0
865 -2.5408 0
1210 -2.5422 0
43 -2.5479 0
1459 -2.5510 0
661 -2.5531 0
1361 -2.5574 0
871 -2.5580 0
424 -2.5617 0
824 -2.5740 0
1549 -2.5809 0
633 -2.5862 0
542 -2.5894 0
1342 -2.5935 0
1401 -2.6117 0
658 -2.6129 0
1448 -2.6148 0
92 -2.6191 0
621 -2.6211 0
1029 -2.6216 0
978 -2.6216 0
328 -2.6251 0
1003 -2.6289 0
1420 -2.6309 0
1091 -2.6321 0
1460 -2.6327 0
1588 -2.6328 0
687 -2.6346 0
1593 -2.6579 0
1672 -2.6597 0
478 -2.6626 0
1122 -2.6627 0
766 -2.6630 0
318 -2.6660 0
1658 -2.6664 0
67 -2.6716 0
1085 -2.6731 0
241 -2.6807 0
1581 -2.6838 0
773 -2.7002 0
1336 -2.7061 0
653 -2.7074 0
835 -2.7079 0
1686 -2.7098 0
1431 -2.7107 0
604 -2.7133 0
1315 -2.7176 0
320 -2.7178 0
840 -2.7211 0
1599 -2.7219 0
2 -2.7398 0
76 -2.7400 0
1566 -2.7467 0
785 -2.7526 0
1107 -2.7530 0
81 -2.7596 0
1371 -2.7603 0
969 -2.7754 0
1248 -2.7806 0
1413 -2.7899 0
1242 -2.7922 0
307 -2.7962 0
1546 -2.8039 0
44 -2.8121 0
1614 -2.8190 0
497 -2.8557 0
319 -2.8572 0
796 -2.8573 0
678 -2.8591 0
1820 -2.8682 0
1298 -2.8685 0
757 -2.8686 0
1055 -2.8690 0
303 -2.8738 0
1669 -2.8841 0
685 -2.8853 0
1338 -2.8868 0
693 -2.8873 0
1120 -2.8877 0
1183 -2.8897 0
1417 -2.8905 0
800 -2.8969 0
893 -2.8996 0
1154 -2.9003 0
1358 -2.9096 0
330 -2.9115 0
1474 -2.9224 0
1668 -2.9266 0
1235 -2.9300 0
1326 -2.9314 0
1092 -2.9395 0
1732 -2.9447 0
1625 -2.9467 0
1616 -2.9564 0
1602 -2.9715 0
790 -2.9792 0
957 -2.9810 0
1687 -2.9841 0
1664 -2.9871 0
1506 -2.9905 0
1462 -3.0090 0
777 -3.0138 0
882 -3.0142 0
1317 -3.0186 0
689 -3.0261 0
1352 -3.0351 0
377 -3.0370 0
1746 -3.0427 0
1565 -3.0509 0
1071 -3.0586 0
345 -3.0617 0
1505 -3.0629 0
1415 -3.0686 0
1075 -3.0726 0
1561 -3.0738 0
372 -3.0769 0
846 -3.0779 0
1209 -3.0815 0
1675 -3.0887 0
983 -3.0896 0
54 -3.0945 0
752 -3.1017 0
1941 -3.1081 0
987 -3.1122 0
437 -3.1154 0
507 -3.1160 0
495 -3.1167 0
1568 -3.1233 0
1683 -3.1290 0
158 -3.1325 0
1324 -3.1407 0
1130 -3.1467 0
770 -3.1488 0
1045 -3.1494 0
314 -3.1511 0
1585 -3.1669 0
94 -3.1728 0
325 -3.1732 0
791 -3.1732 0
1563 -3.1770 0
1654 -3.1803 0
1573 -3.1893 0
958 -3.1901 0
1539 -3.2041 0
1465 -3.2154 0
51 -3.2160 0
1184 -3.2316 0
1534 -3.2331 0
1493 -3.2413 0
487 -3.2445 0
1340 -3.2475 0
670 -3.2489 0
1501 -3.2518 0
1688 -3.2561 0
1072 -3.2616 0
1489 -3.2651 0
1044 -3.2705 0
1682 -3.2759 0
1456 -3.2759 0
1253 -3.2775 0
151 -3.2905 0
1019 -3.2959 0
1514 -3.3060 0
1229 -3.3066 0
350 -3.3081 0
58 -3.3110 0
312 -3.3173 0
797 -3.3324 0
1576 -3.3399 0
282 -3.3417 0
1313 -3.3485 0
972 -3.3498 0
1182 -3.3731 0
1939 -3.3747 0
855 -3.3785 0
1000 -3.3845 0
775 -3.3895 0
346 -3.4003 0
373 -3.4064 0
1246 -3.4133 0
1119 -3.4215 0
765 -3.4233 0
1009 -3.4237 0
1580 -3.4254 0
1099 -3.4344 0
1454 -3.4345 0
1167 -3.4409 0
994 -3.4561 0
544 -3.4578 0
812 -3.4660 0
1457 -3.4733 0
992 -3.4746 0
1190 -3.4748 0
691 -3.4776 0
61 -3.4795 0
1522 -3.4801 0
1012 -3.4887 0
977 -3.5146 0
1461 -3.5149 0
25 -3.5157 0
1662 -3.5310 0
1123 -3.5414 0
1422 -3.5497 0
1569 -3.5523 0
1316 -3.5695 0
804 -3.5736 0
1586 -3.5741 0
1166 -3.5754 0
232 -3.5916 0
1377 -3.5946 0
167 -3.5951 0
1451 -3.5961 0
1093 -3.6028 0
1673 -3.6115 0
786 -3.6293 0
1488 -3.6324 0
1538 -3.6340 0
1537 -3.6418 0
82 -3.6456 0
822 -3.6485 0
1118 -3.6527 0
1363 -3.6543 0
1348 -3.6595 0
805 -3.6759 0
842 -3.6807 0
826 -3.6807 0
619 -3.6832 0
970 -3.6984 0
818 -3.7039 0
316 -3.7066 0
1299 -3.7094 0
1382 -3.7100 0
787 -3.7189 0
663 -3.7320 0
308 -3.7332 0
1495 -3.7360 0
820 -3.7467 0
1355 -3.7477 0
73 -3.7530 0
756 -3.7542 0
795 -3.7613 0
759 -3.7841 0
988 -3.7975 0
84 -3.7985 0
1484 -3.8028 0
327 -3.8124 0
807 -3.8231 0
1656 -3.8244 0
217 -3.8250 0
975 -3.8267 0
788 -3.8367 0
672 -3.8572 0
1503 -3.8632 0
1693 -3.8635 0
764 -3.8723 0
814 -3.8846 0
1689 -3.8918 0
1196 -3.8990 0
890 -3.9007 0
313 -3.9034 0
1146 -3.9194 0
1453 -3.9374 0
376 -3.9418 0
1295 -3.9438 0
1504 -3.9445 0
348 -3.9510 0
781 -3.9574 0
1389 -3.9614 0
1163 -3.9616 0
1557 -3.9737 0
1399 -3.9778 0
1380 -3.9804 0
1287 -4.0040 0
1528 -4.0070 0
1280 -4.0092 0
332 -4.0108 0
815 -4.0195 0
1542 -4.0216 0
817 -4.0375 0
1364 -4.0574 0
93 -4.0657 0
1368 -4.0735 0
521 -4.0811 0
1258 -4.0863 0
888 -4.0915 0
1168 -4.1068 0
884 -4.1106 0
1447 -4.1403 0
1255 -4.1445 0
967 -4.1462 0
1221 -4.1492 0
850 -4.1762 0
344 -4.1808 0
361 -4.1840 0
1529 -4.1893 0
965 -4.2008 0
1512 -4.2106 0
322 -4.2250 0
340 -4.2300 0
1367 -4.2307 0
1373 -4.2416 0
1058 -4.2436 0
1375 -4.2533 0
779 -4.2652 0
1520 -4.2894 0
1507 -4.2947 0
1655 -4.3225 0
1476 -4.3351 0
1927 -4.3429 0
522 -4.3476 0
655 -4.3705 0
1378 -4.3805 0
69 -4.3841 0
1524 -4.3879 0
89 -4.4189 0
1162 -4.4236 0
799 -4.4281 0
991 -4.4319 0
1695 -4.4354 0
1548 -4.4474 0
64 -4.4916 0
1564 -4.4930 0
1763 -4.4932 0
792 -4.4986 0
950 -4.5100 0
1587 -4.5169 0
1771 -4.5444 0
1591 -4.5495 0
1353 -4.5717 0
193 -4.5827 0
1303 -4.5837 0
829 -4.5874 0
1515 -4.6023 0
993 -4.6035 0
1680 -4.6186 0
848 -4.6556 0
874 -4.6711 0
1333 -4.6715 0
369 -4.6884 0
1362 -4.7156 0
1530 -4.7164 0
1578 -4.7278 0
97 -4.7363 0
1671 -4.7455 0
77 -4.7596 0
1550 -4.7820 0
854 -4.7831 0
793 -4.7940 0
1214 -4.8012 0
1025 -4.8287 0
873 -4.8332 0
784 -4.8493 0
1251 -4.8507 0
324 -4.8744 0
1527 -4.8796 0
903 -4.8834 0
1369 -4.8883 0
1517 -4.9036 0
337 -4.9220 0
1598 -4.9279 0
803 -4.9364 0
1544 -4.9573 0
868 -5.0036 0
1531 -5.0299 0
1516 -5.0338 0
1381 -5.0442 0
1063 -5.0787 0
1574 -5.1021 0
1571 -5.1114 0
1498 -5.1140 0
1736 -5.1287 0
690 -5.1721 0
733 -5.1907 0
1521 -5.1911 0
1487 -5.2379 0
772 -5.2634 0
1450 -5.3161 0
1121 -5.3352 0
1611 -5.3510 0
1359 -5.3549 0
1384 -5.3673 0
751 -5.3990 0
1774 -5.4029 0
1543 -5.4343 0
1374 -5.4576 0
1041 -5.4912 0
1386 -5.5041 0
684 -5.5124 0
1337 -5.5655 0
1500 -5.5981 0
1721 -5.6000 0
1467 -5.7928 0
1509 -5.8302 0
1535 -5.8321 0
879 -5.8411 0
999 -5.8723 0
1572 -5.9174 0
762 -5.9932 0
1547 -6.0136 0
1575 -6.1492 0
40 -6.1612 0
1525 -6.2234 0
1223 -6.2625 0
1552 -6.2934 0
1510 -6.3630 0
1692 -6.3971 0
302 -6.4132 0
1523 -6.5019 0
1526 -6.5543 0
1485 -6.8062 0
964 -6.8603 0
1554 -7.0947 0
1597 -7.1416 0
1398 -7.4684 0
1388 -7.4755 0
1536 -7.8365 0
1351 -8.3137 0
