1927 27.1551 1
1939 25.1583 1
1901 23.9961 1
1926 21.8351 1
1911 21.4925 1
1943 20.3744 1
1923 20.2121 1
1928 20.1661 1
1949 19.3368 1
1944 19.2746 1
1916 18.8936 1
1935 18.2780 1
1918 18.2572 1
1908 17.0396 1
1922 16.6905 1
1904 16.0804 1
1931 15.5497 1
1920 15.4258 1
1936 15.2601 1
1929 15.0750 1
239 14.8220 0
1924 14.2937 1
1947 14.2570 1
1914 14.2076 1
1925 14.0300 1
1912 13.1452 1
1902 12.5908 1
232 11.6680 0
1917 11.5480 1
179 11.3971 0
1960 11.1248 0
1910 10.9757 1
1948 10.6135 1
228 10.5101 0
1913 10.3624 1
241 10.0336 0
209 9.8217 0
248 9.7793 0
1940 9.7261 1
1921 9.7000 1
1878 9.6152 0
249 9.5325 0
119 9.4623 0
225 9.1035 0
1903 8.7695 1
1937 8.7651 1
178 8.7421 0
107 8.7167 0
140 8.4015 0
185 8.2960 0
218 8.1641 0
158 8.0321 0
197 7.7177 0
1942 7.6535 1
231 7.5644 0
155 7.5327 0
229 7.5143 0
1230 7.5116 0
196 7.3512 0
1946 7.3342 1
212 7.2520 0
236 7.1910 0
205 7.1703 0
194 7.0988 0
150 7.0461 0
1932 6.9328 1
191 6.9013 0
169 6.8549 0
183 6.7972 0
188 6.7814 0
1840 6.7410 0
240 6.7128 0
162 6.6832 0
1900 6.5113 1
1915 6.4599 1
176 6.4424 0
1436 6.4413 0
217 6.4123 0
246 6.3692 0
44 6.3373 0
175 6.2874 0
1869 6.2234 0
1894 6.2030 0
1938 6.1792 1
1982 6.1703 0
1974 6.1382 0
282 6.0735 0
233 6.0291 0
1854 5.9685 0
144 5.9611 0
186 5.9099 0
1955 5.8361 0
206 5.8093 0
192 5.8090 0
161 5.7289 0
202 5.7229 0
184 5.6857 0
170 5.6848 0
224 5.6846 0
181 5.6737 0
1895 5.6690 0
250 5.6555 0
244 5.6168 0
1963 5.6117 0
62 5.6092 0
1865 5.5837 0
1038 5.5688 0
1624 5.5574 0
139 5.5056 0
227 5.4903 0
1967 5.4524 0
1809 5.4418 0
211 5.4362 0
122 5.4159 0
1941 5.4040 1
1576 5.3080 0
135 5.3032 0
164 5.3005 0
1828 5.2783 0
105 5.2725 0
115 5.2556 0
13 5.2529 0
173 5.2507 0
102 5.2398 0
151 5.2012 0
1572 5.1820 0
195 5.1820 0
210 5.1479 0
1397 5.1341 0
1568 5.1074 0
1054 5.0681 0
1993 5.0520 0
215 4.9821 0
34 4.9726 0
1110 4.9670 0
1968 4.9177 0
1810 4.9143 0
267 4.8968 0
1811 4.8760 0
265 4.8455 0
201 4.8135 0
112 4.8104 0
166 4.8088 0
261 4.8086 0
245 4.7972 0
120 4.7777 0
219 4.7648 0
1970 4.7627 0
222 4.7366 0
1876 4.7286 0
1868 4.7281 0
163 4.7043 0
116 4.6954 0
207 4.6886 0
238 4.6398 0
137 4.6155 0
1954 4.5889 0
1909 4.5843 1
1000 4.5784 0
25 4.5736 0
1402 4.5731 0
124 4.5690 0
703 4.5634 0
1930 4.5543 1
447 4.5377 0
1880 4.5365 0
216 4.5187 0
1988 4.5106 0
1983 4.4751 0
1855 4.4690 0
41 4.4658 0
1582 4.4004 0
1045 4.3791 0
1131 4.3673 0
160 4.3596 0
1719 4.3475 0
1872 4.3411 0
1619 4.3351 0
1206 4.3343 0
220 4.2932 0
506 4.2625 0
148 4.2449 0
136 4.2443 0
1966 4.2304 0
138 4.1978 0
1233 4.1929 0
243 4.1622 0
1959 4.1549 0
159 4.1337 0
145 4.1246 0
1881 4.1047 0
199 4.1007 0
221 4.0705 0
117 4.0526 0
104 4.0244 0
1975 4.0193 0
242 3.9810 0
1838 3.9641 0
1814 3.9414 0
193 3.9271 0
1822 3.9263 0
1144 3.9011 0
1803 3.8888 0
157 3.8781 0
1435 3.8464 0
1997 3.8221 0
1334 3.8203 0
326 3.8078 0
1736 3.8023 0
153 3.7806 0
204 3.7782 0
1826 3.7778 0
1727 3.7691 0
1957 3.7611 0
1052 3.7545 0
344 3.7522 0
109 3.7331 0
1979 3.7289 0
129 3.6678 0
1417 3.6452 0
174 3.6402 0
1569 3.6187 0
1836 3.6174 0
1950 3.5937 0
1861 3.5662 0
118 3.5602 0
1701 3.5461 0
165 3.5334 0
986 3.5300 0
127 3.5153 0
1563 3.5048 0
311 3.4787 0
177 3.4780 0
1413 3.4729 0
1610 3.4619 0
1805 3.4610 0
1424 3.4487 0
128 3.4414 0
1862 3.4317 0
1890 3.4311 0
1581 3.4308 0
1420 3.4175 0
1419 3.4173 0
1999 3.4051 0
1990 3.3895 0
1830 3.3785 0
198 3.3700 0
168 3.3568 0
339 3.3418 0
1885 3.3380 0
208 3.3115 0
76 3.3045 0
1377 3.2996 0
1570 3.2454 0
98 3.2277 0
1853 3.2120 0
1831 3.2031 0
415 3.2015 0
749 3.1995 0
1973 3.1834 0
1684 3.1684 0
1874 3.1631 0
131 3.1536 0
1077 3.1397 0
640 3.1390 0
1866 3.1371 0
903 3.1354 0
18 3.1268 0
110 3.1045 0
1609 3.0732 0
1342 3.0696 0
594 3.0628 0
182 3.0496 0
1641 3.0389 0
1980 3.0349 0
1976 3.0298 0
1445 3.0288 0
1743 3.0095 0
190 2.9957 0
376 2.9800 0
36 2.9642 0
525 2.9376 0
269 2.9331 0
113 2.9083 0
1829 2.9029 0
1296 2.9003 0
1808 2.8887 0
503 2.8868 0
712 2.8855 0
1933 2.8817 1
1081 2.8773 0
2 2.8758 0
1446 2.8671 0
1086 2.8463 0
1555 2.8356 0
1437 2.8242 0
1750 2.8062 0
1172 2.8040 0
1879 2.7954 0
1899 2.7920 0
71 2.7892 0
247 2.7839 0
1847 2.7787 0
1842 2.7713 0
237 2.7597 0
1998 2.7590 0
56 2.7549 0
1851 2.7513 0
167 2.7417 0
230 2.7377 0
735 2.7171 0
256 2.7169 0
1711 2.7100 0
132 2.6966 0
35 2.6673 0
695 2.6671 0
538 2.6563 0
17 2.6553 0
1231 2.6263 0
1986 2.6152 0
403 2.6118 0
1793 2.6094 0
590 2.6037 0
1092 2.5974 0
404 2.5883 0
722 2.5846 0
1659 2.5789 0
1871 2.5730 0
1833 2.5650 0
323 2.5635 0
278 2.5582 0
1994 2.5568 0
1827 2.5460 0
1234 2.5457 0
1989 2.5360 0
1416 2.5351 0
411 2.5328 0
623 2.5301 0
834 2.5191 0
234 2.5119 0
1662 2.5071 0
111 2.5063 0
1578 2.5052 0
1742 2.4975 0
141 2.4867 0
1242 2.4644 0
1438 2.4158 0
1964 2.4127 0
1215 2.4125 0
1190 2.4065 0
792 2.3995 0
548 2.3978 0
824 2.3953 0
304 2.3919 0
517 2.3916 0
729 2.3915 0
223 2.3802 0
200 2.3757 0
1587 2.3748 0
180 2.3711 0
1577 2.3703 0
1120 2.3407 0
106 2.3400 0
542 2.3377 0
1857 2.3301 0
1663 2.3277 0
560 2.3245 0
313 2.3203 0
130 2.3098 0
1219 2.3073 0
1856 2.2973 0
1850 2.2866 0
1893 2.2792 0
66 2.2673 0
1401 2.2617 0
1443 2.2538 0
279 2.2444 0
1406 2.2124 0
1111 2.2112 0
1517 2.2070 0
1066 2.2046 0
1875 2.1810 0
438 2.1724 0
1594 2.1589 0
1905 2.1540 1
1789 2.1488 0
273 2.1410 0
1188 2.1235 0
189 2.1231 0
187 2.1216 0
444 2.1160 0
1209 2.1004 0
1637 2.0998 0
1082 2.0848 0
1519 2.0812 0
1098 2.0749 0
1236 2.0748 0
19 2.0666 0
739 2.0653 0
1114 2.0636 0
941 2.0633 0
156 2.0574 0
316 2.0475 0
1507 2.0423 0
869 2.0341 0
1765 2.0339 0
1882 2.0329 0
1907 2.0305 1
776 2.0172 0
149 2.0164 0
1593 2.0099 0
302 2.0093 0
226 2.0006 0
692 1.9889 0
1227 1.9837 0
1076 1.9792 0
1702 1.9690 0
1714 1.9667 0
16 1.9460 0
1802 1.9458 0
1552 1.9458 0
1722 1.9409 0
705 1.9371 0
530 1.9257 0
786 1.9171 0
1565 1.9067 0
1414 1.9053 0
90 1.9047 0
203 1.8991 0
1604 1.8803 0
619 1.8734 0
146 1.8642 0
1513 1.8567 0
1174 1.8448 0
532 1.8431 0
1524 1.8422 0
1956 1.8365 0
1180 1.8312 0
1660 1.8300 0
1723 1.8296 0
1531 1.8291 0
1216 1.8227 0
1564 1.8109 0
264 1.8106 0
523 1.8005 0
1777 1.7994 0
1325 1.7989 0
1877 1.7951 0
133 1.7889 0
1800 1.7886 0
1945 1.7844 1
121 1.7758 0
1239 1.7660 0
943 1.7520 0
1343 1.7421 0
152 1.7406 0
1898 1.7373 0
1494 1.7334 0
600 1.7302 0
1567 1.7214 0
42 1.7147 0
1433 1.7055 0
605 1.6930 0
1071 1.6917 0
1884 1.6866 0
143 1.6852 0
930 1.6694 0
1140 1.6678 0
1238 1.6647 0
1405 1.6614 0
292 1.6564 0
610 1.6527 0
1579 1.6470 0
1203 1.6416 0
1207 1.6322 0
1985 1.6266 0
552 1.6213 0
1083 1.6151 0
15 1.6074 0
1213 1.6037 0
1551 1.6002 0
1863 1.5971 0
516 1.5937 0
496 1.5893 0
70 1.5839 0
1647 1.5832 0
328 1.5751 0
1037 1.5702 0
154 1.5633 0
74 1.5519 0
714 1.5505 0
788 1.5502 0
475 1.5421 0
704 1.5345 0
1724 1.5133 0
484 1.5048 0
1441 1.5035 0
1108 1.4994 0
928 1.4936 0
466 1.4858 0
726 1.4765 0
1995 1.4671 0
1756 1.4661 0
1448 1.4532 0
1255 1.4510 0
1591 1.4435 0
1888 1.4399 0
397 1.4392 0
1279 1.4377 0
715 1.4364 0
12 1.4314 0
1559 1.4314 0
1646 1.4310 0
214 1.4271 0
1775 1.4181 0
1404 1.4167 0
1449 1.4146 0
643 1.4114 0
172 1.4066 0
518 1.4058 0
1228 1.4027 0
1421 1.3995 0
601 1.3995 0
645 1.3926 0
718 1.3895 0
1873 1.3830 0
836 1.3798 0
839 1.3752 0
1825 1.3746 0
1393 1.3736 0
820 1.3729 0
1412 1.3708 0
748 1.3699 0
1710 1.3672 0
1063 1.3638 0
1984 1.3574 0
1746 1.3563 0
1987 1.3538 0
1629 1.3526 0
251 1.3508 0
1589 1.3395 0
1336 1.3386 0
1562 1.3360 0
1640 1.3352 0
574 1.3346 0
379 1.3240 0
1429 1.3086 0
1025 1.2997 0
126 1.2968 0
405 1.2966 0
1858 1.2904 0
108 1.2899 0
1361 1.2868 0
1240 1.2804 0
510 1.2680 0
28 1.2667 0
1658 1.2650 0
442 1.2582 0
1415 1.2542 0
1592 1.2516 0
1687 1.2513 0
68 1.2405 0
725 1.2369 0
1530 1.2325 0
1566 1.2286 0
1598 1.2243 0
48 1.2220 0
655 1.2158 0
125 1.2109 0
745 1.2041 0
258 1.1991 0
1734 1.1942 0
1728 1.1940 0
1613 1.1902 0
1730 1.1870 0
1735 1.1869 0
134 1.1840 0
817 1.1798 0
687 1.1769 0
1897 1.1716 0
1844 1.1571 0
1060 1.1571 0
87 1.1524 0
1096 1.1521 0
1431 1.1428 0
470 1.1415 0
680 1.1391 0
294 1.1366 0
1726 1.1284 0
1425 1.1277 0
1812 1.1248 0
4 1.1227 0
1837 1.1184 0
1273 1.1135 0
92 1.1120 0
288 1.1102 0
807 1.0923 0
260 1.0911 0
350 1.0761 0
545 1.0757 0
1738 1.0606 0
1969 1.0565 0
1021 1.0505 0
1525 1.0459 0
1667 1.0348 0
362 1.0347 0
1595 1.0312 0
1309 1.0262 0
1571 1.0193 0
23 1.0162 0
1584 1.0087 0
1264 1.0021 0
1919 0.9949 1
419 0.9943 0
1247 0.9934 0
701 0.9857 0
1824 0.9827 0
823 0.9810 0
1977 0.9798 0
1444 0.9797 0
235 0.9789 0
528 0.9769 0
424 0.9713 0
1703 0.9690 0
441 0.9665 0
1549 0.9637 0
1214 0.9580 0
39 0.9539 0
833 0.9472 0
768 0.9461 0
300 0.9345 0
1125 0.9343 0
296 0.9330 0
744 0.9306 0
583 0.9269 0
275 0.9225 0
1049 0.9139 0
1113 0.9091 0
1426 0.9053 0
1074 0.8972 0
1644 0.8892 0
342 0.8850 0
1574 0.8840 0
1892 0.8837 0
257 0.8624 0
577 0.8608 0
1290 0.8568 0
504 0.8566 0
586 0.8543 0
1845 0.8472 0
388 0.8386 0
1232 0.8371 0
1599 0.8327 0
1030 0.8253 0
321 0.8239 0
1442 0.8200 0
1166 0.8131 0
392 0.8111 0
1041 0.8099 0
290 0.8054 0
81 0.8024 0
1981 0.8011 0
473 0.7921 0
1246 0.7802 0
1301 0.7790 0
1972 0.7720 0
505 0.7708 0
1198 0.7653 0
37 0.7646 0
734 0.7642 0
1575 0.7627 0
1694 0.7568 0
1005 0.7527 0
1883 0.7522 0
557 0.7503 0
370 0.7423 0
957 0.7404 0
1745 0.7402 0
1958 0.7371 0
1733 0.7291 0
710 0.7197 0
287 0.7186 0
1834 0.7156 0
564 0.7069 0
377 0.7033 0
1434 0.6935 0
561 0.6923 0
926 0.6896 0
1031 0.6894 0
305 0.6888 0
1408 0.6877 0
1860 0.6848 0
1821 0.6838 0
1537 0.6824 0
1040 0.6791 0
1864 0.6756 0
1951 0.6735 0
277 0.6573 0
919 0.6530 0
1962 0.6495 0
747 0.6415 0
713 0.6383 0
1791 0.6336 0
1204 0.6292 0
1785 0.6252 0
360 0.6249 0
103 0.6216 0
1178 0.6180 0
740 0.6178 0
472 0.6161 0
1012 0.6138 0
22 0.6116 0
1635 0.6113 0
387 0.6112 0
550 0.6094 0
1044 0.6075 0
584 0.6066 0
358 0.6057 0
414 0.6020 0
1042 0.5986 0
89 0.5973 0
485 0.5963 0
585 0.5963 0
1017 0.5960 0
1597 0.5954 0
1014 0.5951 0
1638 0.5932 0
1088 0.5875 0
297 0.5858 0
920 0.5845 0
1713 0.5826 0
315 0.5796 0
1536 0.5628 0
5 0.5616 0
849 0.5612 0
1553 0.5605 0
1503 0.5576 0
57 0.5541 0
1717 0.5480 0
527 0.5370 0
254 0.5297 0
1588 0.5279 0
280 0.5268 0
1801 0.5260 0
406 0.5255 0
1648 0.5232 0
1356 0.5207 0
318 0.5207 0
1447 0.5202 0
743 0.5197 0
440 0.5189 0
1428 0.5163 0
1686 0.5092 0
702 0.5071 0
884 0.5049 0
468 0.5019 0
501 0.4986 0
731 0.4964 0
329 0.4963 0
1488 0.4927 0
1585 0.4853 0
1681 0.4790 0
367 0.4761 0
555 0.4759 0
482 0.4731 0
1971 0.4695 0
922 0.4628 0
1700 0.4623 0
1048 0.4589 0
838 0.4504 0
716 0.4493 0
1252 0.4460 0
742 0.4460 0
8 0.4364 0
1278 0.4301 0
1307 0.4265 0
613 0.4206 0
1556 0.4181 0
663 0.4163 0
1411 0.4153 0
1839 0.4122 0
33 0.4120 0
728 0.4059 0
255 0.4037 0
3 0.3986 0
995 0.3920 0
1953 0.3900 0
927 0.3851 0
10 0.3750 0
1516 0.3748 0
1118 0.3733 0
756 0.3727 0
1991 0.3625 0
1107 0.3594 0
514 0.3588 0
1788 0.3573 0
915 0.3526 0
1754 0.3511 0
1053 0.3503 0
1806 0.3489 0
531 0.3441 0
1249 0.3361 0
1121 0.3349 0
1129 0.3349 0
1029 0.3303 0
9 0.3298 0
63 0.3296 0
1095 0.3282 0
1753 0.3247 0
1540 0.3233 0
708 0.3232 0
1818 0.3221 0
1352 0.3162 0
49 0.3089 0
934 0.3031 0
1526 0.3026 0
1817 0.3015 0
55 0.2996 0
952 0.2957 0
1542 0.2894 0
886 0.2881 0
629 0.2858 0
1558 0.2821 0
393 0.2801 0
464 0.2794 0
1697 0.2788 0
1223 0.2721 0
1211 0.2719 0
1645 0.2659 0
1934 0.2656 1
917 0.2647 0
931 0.2629 0
543 0.2574 0
738 0.2535 0
375 0.2530 0
1835 0.2493 0
1430 0.2481 0
632 0.2461 0
1506 0.2408 0
1123 0.2394 0
1327 0.2341 0
1505 0.2313 0
1026 0.2305 0
1024 0.2282 0
437 0.2273 0
908 0.2272 0
1509 0.2265 0
1050 0.2261 0
1632 0.2259 0
283 0.2259 0
1 0.2247 0
1220 0.2245 0
723 0.2159 0
719 0.2096 0
1319 0.2087 0
1302 0.2076 0
1001 0.2050 0
1427 0.2030 0
1965 0.2026 0
100 0.1955 0
741 0.1924 0
1679 0.1832 0
1731 0.1796 0
1739 0.1786 0
918 0.1770 0
1078 0.1759 0
1795 0.1743 0
1187 0.1688 0
1781 0.1612 0
591 0.1609 0
1625 0.1603 0
0 0.1585 0
622 0.1512 0
1666 0.1397 0
1606 0.1384 0
1080 0.1381 0
1749 0.1343 0
1978 0.1258 0
795 0.1250 0
21 0.1245 0
990 0.1240 0
443 0.1203 0
319 0.1147 0
1705 0.1142 0
357 0.1114 0
1201 0.1004 0
439 0.1002 0
335 0.0999 0
780 0.0991 0
1732 0.0987 0
1573 0.0911 0
73 0.0906 0
717 0.0902 0
395 0.0827 0
804 0.0735 0
1423 0.0648 0
1355 0.0597 0
476 0.0584 0
707 0.0575 0
93 0.0558 0
1741 0.0556 0
698 0.0512 0
434 0.0511 0
539 0.0488 0
1790 0.0464 0
1533 0.0425 0
685 0.0415 0
1590 0.0403 0
1561 0.0397 0
420 0.0394 0
1225 0.0391 0
1328 0.0349 0
322 0.0334 0
1158 0.0286 0
1193 0.0275 0
1103 0.0250 0
352 0.0196 0
1099 0.0174 0
1314 0.0106 0
72 0.0046 0
1212 0.0025 0
1323 0.0006 0
396 -0.0055 0
299 -0.0067 0
1769 -0.0070 0
69 -0.0073 0
1676 -0.0112 0
1689 -0.0127 0
123 -0.0177 0
1127 -0.0190 0
1725 -0.0200 0
1747 -0.0200 0
650 -0.0293 0
1642 -0.0305 0
1051 -0.0322 0
53 -0.0347 0
904 -0.0362 0
810 -0.0374 0
794 -0.0375 0
1729 -0.0377 0
1241 -0.0427 0
1544 -0.0429 0
462 -0.0469 0
65 -0.0545 0
1772 -0.0545 0
519 -0.0556 0
1768 -0.0582 0
474 -0.0588 0
1823 -0.0598 0
1192 -0.0617 0
1518 -0.0664 0
1119 -0.0709 0
597 -0.0719 0
491 -0.0726 0
1778 -0.0772 0
885 -0.0799 0
1846 -0.0800 0
1039 -0.0963 0
1020 -0.0972 0
535 -0.0974 0
1065 -0.0981 0
142 -0.1026 0
1059 -0.1082 0
1217 -0.1104 0
656 -0.1112 0
1766 -0.1115 0
1796 -0.1207 0
1652 -0.1232 0
536 -0.1265 0
495 -0.1336 0
1028 -0.1390 0
1816 -0.1392 0
1210 -0.1419 0
1554 -0.1440 0
994 -0.1454 0
59 -0.1456 0
1541 -0.1508 0
732 -0.1511 0
1179 -0.1569 0
171 -0.1588 0
661 -0.1648 0
1706 -0.1650 0
1539 -0.1713 0
881 -0.1715 0
1422 -0.1722 0
213 -0.1727 0
1764 -0.1752 0
852 -0.1754 0
1403 -0.1756 0
452 -0.1775 0
91 -0.1786 0
1715 -0.1794 0
1952 -0.1795 0
899 -0.1803 0
458 -0.1804 0
1132 -0.1806 0
1786 -0.1898 0
1075 -0.1899 0
837 -0.1922 0
1346 -0.1938 0
1418 -0.2049 0
1813 -0.2135 0
1704 -0.2137 0
822 -0.2145 0
1678 -0.2193 0
700 -0.2278 0
1387 -0.2364 0
720 -0.2519 0
1560 -0.2555 0
436 -0.2593 0
526 -0.2605 0
1618 -0.2606 0
1109 -0.2611 0
502 -0.2702 0
1804 -0.2722 0
1184 -0.2771 0
96 -0.2780 0
1771 -0.2835 0
1101 -0.2840 0
1596 -0.2871 0
1035 -0.3019 0
1145 -0.3046 0
99 -0.3143 0
83 -0.3198 0
262 -0.3257 0
587 -0.3282 0
1439 -0.3316 0
706 -0.3367 0
1010 -0.3372 0
1870 -0.3386 0
77 -0.3388 0
1069 -0.3403 0
1237 -0.3472 0
368 -0.3479 0
1820 -0.3491 0
1097 -0.3522 0
20 -0.3534 0
426 -0.3562 0
580 -0.3638 0
490 -0.3647 0
386 -0.3649 0
389 -0.3705 0
1194 -0.3744 0
14 -0.3790 0
1654 -0.3794 0
1961 -0.3822 0
1159 -0.3834 0
289 -0.3875 0
688 -0.3902 0
64 -0.3942 0
1677 -0.3948 0
1058 -0.3993 0
1326 -0.4004 0
1650 -0.4018 0
332 -0.4026 0
372 -0.4070 0
1473 -0.4096 0
1841 -0.4108 0
1455 -0.4112 0
1514 -0.4117 0
463 -0.4124 0
1630 -0.4150 0
1887 -0.4201 0
987 -0.4215 0
1627 -0.4239 0
1779 -0.4262 0
799 -0.4271 0
61 -0.4288 0
1867 -0.4327 0
31 -0.4345 0
1003 -0.4375 0
1329 -0.4404 0
524 -0.4408 0
1608 -0.4421 0
1797 -0.4437 0
1501 -0.4481 0
724 -0.4526 0
263 -0.4534 0
1748 -0.4541 0
778 -0.4549 0
1707 -0.4554 0
11 -0.4558 0
1807 -0.4584 0
1335 -0.4674 0
1699 -0.4693 0
1780 -0.4722 0
1235 -0.4803 0
385 -0.4814 0
400 -0.4846 0
541 -0.4883 0
1504 -0.4903 0
1626 -0.4906 0
1391 -0.4974 0
1341 -0.4996 0
765 -0.5008 0
634 -0.5010 0
51 -0.5096 0
567 -0.5106 0
533 -0.5107 0
1280 -0.5154 0
962 -0.5198 0
709 -0.5243 0
1636 -0.5253 0
391 -0.5273 0
1690 -0.5342 0
29 -0.5365 0
1056 -0.5368 0
947 -0.5380 0
975 -0.5386 0
1510 -0.5397 0
1787 -0.5432 0
596 -0.5472 0
1142 -0.5524 0
1616 -0.5530 0
1282 -0.5539 0
673 -0.5572 0
479 -0.5604 0
50 -0.5630 0
1281 -0.5661 0
1752 -0.5682 0
478 -0.5698 0
1475 -0.5701 0
1316 -0.5718 0
1859 -0.5763 0
380 -0.5783 0
1770 -0.5805 0
1139 -0.5841 0
489 -0.5861 0
648 -0.5867 0
334 -0.5940 0
101 -0.5994 0
549 -0.5996 0
515 -0.5999 0
1399 -0.6049 0
309 -0.6093 0
1479 -0.6114 0
1112 -0.6142 0
1298 -0.6164 0
1130 -0.6236 0
1685 -0.6289 0
1244 -0.6300 0
390 -0.6314 0
1200 -0.6317 0
1191 -0.6337 0
785 -0.6392 0
259 -0.6396 0
26 -0.6447 0
762 -0.6448 0
522 -0.6461 0
835 -0.6512 0
1243 -0.6513 0
945 -0.6517 0
317 -0.6609 0
1534 -0.6612 0
445 -0.6637 0
274 -0.6661 0
1737 -0.6673 0
427 -0.6691 0
320 -0.6717 0
85 -0.6738 0
1798 -0.6751 0
1360 -0.6757 0
347 -0.6804 0
1070 -0.6848 0
1400 -0.6874 0
551 -0.6889 0
1275 -0.6950 0
773 -0.7105 0
1163 -0.7122 0
1819 -0.7170 0
672 -0.7201 0
1467 -0.7222 0
813 -0.7241 0
872 -0.7250 0
1852 -0.7279 0
1665 -0.7303 0
1189 -0.7309 0
1708 -0.7336 0
1152 -0.7368 0
336 -0.7369 0
1067 -0.7372 0
456 -0.7406 0
499 -0.7410 0
461 -0.7413 0
1557 -0.7466 0
412 -0.7486 0
906 -0.7503 0
963 -0.7525 0
693 -0.7527 0
750 -0.7531 0
1602 -0.7543 0
639 -0.7641 0
1532 -0.7644 0
565 -0.7677 0
417 -0.7713 0
1696 -0.7750 0
925 -0.7760 0
253 -0.7779 0
1348 -0.7781 0
381 -0.7786 0
898 -0.7838 0
691 -0.7857 0
86 -0.7926 0
1522 -0.7987 0
1155 -0.8035 0
114 -0.8111 0
1671 -0.8117 0
1622 -0.8118 0
1305 -0.8124 0
341 -0.8165 0
1344 -0.8170 0
1464 -0.8224 0
498 -0.8227 0
1162 -0.8235 0
721 -0.8257 0
1776 -0.8264 0
1409 -0.8268 0
1312 -0.8298 0
896 -0.8334 0
1631 -0.8371 0
615 -0.8375 0
1774 -0.8382 0
753 -0.8441 0
281 -0.8453 0
363 -0.8514 0
410 -0.8559 0
1848 -0.8561 0
581 -0.8575 0
450 -0.8611 0
1815 -0.8714 0
1084 -0.8745 0
1744 -0.8763 0
1380 -0.8853 0
348 -0.8855 0
324 -0.8890 0
435 -0.8924 0
1291 -0.8989 0
766 -0.8991 0
364 -0.9044 0
1062 -0.9047 0
544 -0.9074 0
1018 -0.9133 0
582 -0.9202 0
1906 -0.9237 1
1992 -0.9275 0
1284 -0.9347 0
842 -0.9402 0
1202 -0.9407 0
1759 -0.9409 0
520 -0.9424 0
948 -0.9434 0
1621 -0.9457 0
446 -0.9468 0
383 -0.9508 0
1375 -0.9521 0
1150 -0.9535 0
1016 -0.9560 0
857 -0.9575 0
507 -0.9587 0
1633 -0.9617 0
1669 -0.9618 0
1580 -0.9623 0
270 -0.9700 0
1395 -0.9735 0
1528 -0.9762 0
644 -0.9767 0
1761 -0.9773 0
1149 -0.9787 0
682 -0.9820 0
1182 -0.9871 0
453 -0.9924 0
455 -0.9944 0
1262 -0.9971 0
595 -1.0006 0
1674 -1.0007 0
1390 -1.0027 0
477 -1.0082 0
1757 -1.0084 0
413 -1.0147 0
353 -1.0171 0
1137 -1.0205 0
1128 -1.0216 0
1164 -1.0235 0
1600 -1.0245 0
1500 -1.0265 0
1221 -1.0316 0
284 -1.0334 0
1245 -1.0346 0
1169 -1.0426 0
382 -1.0451 0
1036 -1.0453 0
43 -1.0465 0
46 -1.0466 0
829 -1.0591 0
1792 -1.0602 0
481 -1.0604 0
953 -1.0609 0
737 -1.0655 0
876 -1.0672 0
47 -1.0686 0
1294 -1.0724 0
430 -1.0747 0
946 -1.0759 0
374 -1.0767 0
902 -1.0767 0
761 -1.0770 0
1079 -1.0837 0
608 -1.0913 0
1670 -1.0924 0
800 -1.0968 0
365 -1.0968 0
402 -1.0969 0
1266 -1.0971 0
1482 -1.0972 0
1339 -1.0978 0
678 -1.0982 0
1151 -1.0988 0
27 -1.1017 0
755 -1.1026 0
631 -1.1073 0
1007 -1.1075 0
1612 -1.1076 0
1269 -1.1147 0
38 -1.1173 0
746 -1.1219 0
534 -1.1291 0
1392 -1.1318 0
512 -1.1363 0
843 -1.1388 0
781 -1.1399 0
1891 -1.1488 0
24 -1.1491 0
905 -1.1556 0
467 -1.1566 0
863 -1.1589 0
944 -1.1610 0
976 -1.1651 0
797 -1.1654 0
1293 -1.1699 0
752 -1.1732 0
1322 -1.1826 0
940 -1.1847 0
487 -1.1884 0
1046 -1.1898 0
1181 -1.1902 0
921 -1.1917 0
1767 -1.1979 0
578 -1.1988 0
511 -1.1994 0
408 -1.2009 0
830 -1.2059 0
1170 -1.2140 0
54 -1.2156 0
1116 -1.2158 0
1465 -1.2180 0
1160 -1.2261 0
646 -1.2281 0
1122 -1.2284 0
1195 -1.2374 0
1353 -1.2441 0
1607 -1.2456 0
480 -1.2503 0
1462 -1.2581 0
1760 -1.2589 0
1146 -1.2619 0
266 -1.2627 0
1617 -1.2654 0
1461 -1.2670 0
378 -1.2691 0
1358 -1.2718 0
1087 -1.2773 0
1333 -1.2854 0
1384 -1.2885 0
1491 -1.2916 0
1085 -1.2917 0
866 -1.2925 0
1091 -1.2982 0
657 -1.3012 0
727 -1.3076 0
774 -1.3080 0
767 -1.3100 0
1379 -1.3142 0
1324 -1.3144 0
1133 -1.3157 0
1680 -1.3184 0
268 -1.3198 0
664 -1.3208 0
911 -1.3211 0
483 -1.3286 0
891 -1.3323 0
448 -1.3328 0
652 -1.3342 0
1523 -1.3441 0
814 -1.3448 0
1480 -1.3584 0
1493 -1.3652 0
1331 -1.3703 0
147 -1.3708 0
771 -1.3724 0
955 -1.3733 0
642 -1.3772 0
606 -1.3783 0
1466 -1.3790 0
60 -1.3851 0
1183 -1.3853 0
307 -1.3855 0
421 -1.3927 0
1832 -1.3943 0
1226 -1.3964 0
651 -1.4048 0
1068 -1.4053 0
1784 -1.4094 0
1758 -1.4146 0
1317 -1.4167 0
1197 -1.4199 0
471 -1.4224 0
1332 -1.4233 0
1508 -1.4249 0
1033 -1.4314 0
647 -1.4317 0
1498 -1.4350 0
1022 -1.4353 0
271 -1.4373 0
546 -1.4398 0
1643 -1.4433 0
1105 -1.4435 0
760 -1.4440 0
1093 -1.4479 0
1407 -1.4481 0
1521 -1.4569 0
1515 -1.4650 0
1186 -1.4654 0
1651 -1.4654 0
1773 -1.4697 0
916 -1.4738 0
1176 -1.4769 0
1205 -1.4779 0
45 -1.4800 0
1168 -1.4804 0
1601 -1.4905 0
1089 -1.4949 0
429 -1.4956 0
1762 -1.4973 0
1185 -1.4975 0
1693 -1.5040 0
1586 -1.5044 0
1661 -1.5077 0
954 -1.5218 0
862 -1.5340 0
626 -1.5417 0
859 -1.5446 0
272 -1.5450 0
1410 -1.5467 0
303 -1.5492 0
1340 -1.5589 0
793 -1.5599 0
306 -1.5645 0
977 -1.5689 0
607 -1.5800 0
894 -1.5843 0
1004 -1.5860 0
338 -1.5992 0
276 -1.6032 0
75 -1.6049 0
1495 -1.6130 0
1286 -1.6137 0
1896 -1.6195 0
1276 -1.6226 0
355 -1.6245 0
579 -1.6249 0
1270 -1.6261 0
1683 -1.6277 0
1718 -1.6287 0
88 -1.6294 0
612 -1.6296 0
327 -1.6320 0
791 -1.6335 0
759 -1.6336 0
1763 -1.6353 0
832 -1.6359 0
32 -1.6375 0
1371 -1.6384 0
1668 -1.6416 0
1695 -1.6469 0
1354 -1.6507 0
1104 -1.6556 0
1138 -1.6564 0
1310 -1.6752 0
764 -1.6850 0
1349 -1.6855 0
1457 -1.6858 0
1486 -1.6883 0
1520 -1.6918 0
1229 -1.6928 0
488 -1.6965 0
401 -1.7012 0
851 -1.7079 0
598 -1.7080 0
422 -1.7109 0
7 -1.7141 0
1161 -1.7143 0
690 -1.7152 0
758 -1.7156 0
529 -1.7208 0
563 -1.7212 0
1783 -1.7215 0
684 -1.7336 0
779 -1.7382 0
860 -1.7411 0
892 -1.7524 0
772 -1.7561 0
1073 -1.7603 0
1171 -1.7647 0
1295 -1.7668 0
1450 -1.7725 0
1347 -1.7733 0
777 -1.7779 0
754 -1.7783 0
82 -1.7803 0
30 -1.7871 0
1175 -1.7875 0
569 -1.7923 0
1368 -1.7976 0
1366 -1.8006 0
937 -1.8022 0
1545 -1.8024 0
1470 -1.8052 0
770 -1.8085 0
637 -1.8132 0
95 -1.8154 0
811 -1.8198 0
454 -1.8245 0
1148 -1.8280 0
1456 -1.8350 0
252 -1.8373 0
1656 -1.8381 0
1117 -1.8387 0
1034 -1.8390 0
1363 -1.8399 0
457 -1.8401 0
399 -1.8408 0
1688 -1.8441 0
1177 -1.8525 0
409 -1.8557 0
497 -1.8628 0
337 -1.8668 0
1009 -1.8674 0
1720 -1.8681 0
469 -1.8686 0
667 -1.8886 0
1543 -1.8916 0
831 -1.8917 0
942 -1.8969 0
1023 -1.9027 0
1692 -1.9053 0
1453 -1.9113 0
1357 -1.9114 0
783 -1.9143 0
354 -1.9163 0
627 -1.9204 0
1378 -1.9207 0
1321 -1.9212 0
1487 -1.9216 0
325 -1.9284 0
588 -1.9286 0
1477 -1.9362 0
1011 -1.9367 0
345 -1.9387 0
1315 -1.9420 0
1372 -1.9427 0
333 -1.9468 0
1440 -1.9548 0
1362 -1.9666 0
1782 -1.9713 0
1886 -1.9717 0
751 -1.9740 0
312 -1.9760 0
1396 -1.9779 0
1224 -1.9805 0
961 -1.9842 0
1136 -1.9854 0
1165 -1.9860 0
356 -1.9880 0
97 -1.9898 0
635 -1.9899 0
1313 -1.9993 0
1649 -2.0066 0
1454 -2.0077 0
509 -2.0102 0
1527 -2.0134 0
1365 -2.0223 0
802 -2.0228 0
1369 -2.0239 0
730 -2.0254 0
78 -2.0264 0
1261 -2.0333 0
1639 -2.0357 0
416 -2.0384 0
1008 -2.0451 0
1218 -2.0489 0
1308 -2.0522 0
433 -2.0541 0
1167 -2.0542 0
407 -2.0582 0
856 -2.0653 0
1013 -2.0748 0
589 -2.0750 0
675 -2.0796 0
630 -2.0808 0
841 -2.0810 0
803 -2.0844 0
1675 -2.0864 0
683 -2.0907 0
1751 -2.0939 0
1090 -2.0961 0
343 -2.0999 0
1250 -2.1106 0
291 -2.1176 0
848 -2.1247 0
1072 -2.1248 0
67 -2.1363 0
1106 -2.1392 0
1208 -2.1451 0
620 -2.1467 0
1996 -2.1618 0
58 -2.1646 0
1709 -2.1647 0
575 -2.1669 0
1721 -2.1704 0
932 -2.1724 0
1153 -2.1853 0
1019 -2.1978 0
1222 -2.1981 0
1451 -2.2022 0
1474 -2.2078 0
1497 -2.2133 0
677 -2.2276 0
855 -2.2373 0
459 -2.2396 0
1603 -2.2473 0
929 -2.2512 0
636 -2.2568 0
1468 -2.2570 0
950 -2.2648 0
418 -2.2701 0
1538 -2.2722 0
912 -2.2731 0
936 -2.2736 0
812 -2.2931 0
784 -2.3018 0
1605 -2.3095 0
686 -2.3116 0
566 -2.3148 0
1615 -2.3196 0
1304 -2.3247 0
513 -2.3354 0
789 -2.3428 0
1623 -2.3563 0
796 -2.3594 0
1682 -2.3626 0
431 -2.3700 0
625 -2.3719 0
428 -2.3738 0
1664 -2.3881 0
633 -2.3913 0
602 -2.3931 0
1338 -2.3995 0
676 -2.3999 0
371 -2.4005 0
628 -2.4031 0
1253 -2.4036 0
775 -2.4060 0
286 -2.4089 0
1134 -2.4242 0
654 -2.4260 0
540 -2.4264 0
1546 -2.4309 0
1583 -2.4352 0
1061 -2.4487 0
1268 -2.4516 0
1383 -2.4594 0
895 -2.4620 0
1337 -2.4715 0
1485 -2.4767 0
361 -2.4796 0
877 -2.4989 0
310 -2.5052 0
1376 -2.5070 0
494 -2.5096 0
933 -2.5155 0
757 -2.5248 0
782 -2.5360 0
1015 -2.5408 0
1620 -2.5473 0
1047 -2.5475 0
769 -2.5494 0
1143 -2.5522 0
1478 -2.5552 0
763 -2.5577 0
985 -2.5582 0
679 -2.5595 0
828 -2.5615 0
432 -2.5629 0
617 -2.5661 0
671 -2.5726 0
873 -2.5740 0
1794 -2.5748 0
40 -2.5785 0
330 -2.5803 0
1350 -2.5827 0
298 -2.5884 0
423 -2.5925 0
293 -2.5936 0
711 -2.6008 0
1657 -2.6011 0
553 -2.6157 0
935 -2.6159 0
1277 -2.6191 0
1799 -2.6227 0
996 -2.6338 0
1611 -2.6387 0
1547 -2.6466 0
1306 -2.6623 0
1843 -2.6676 0
1496 -2.6806 0
1351 -2.6842 0
825 -2.6855 0
1452 -2.6868 0
949 -2.6912 0
1740 -2.6968 0
340 -2.7045 0
1381 -2.7046 0
1254 -2.7052 0
1548 -2.7053 0
1698 -2.7078 0
1469 -2.7184 0
1458 -2.7277 0
1628 -2.7302 0
1057 -2.7326 0
1032 -2.7334 0
801 -2.7364 0
486 -2.7452 0
887 -2.7466 0
295 -2.7514 0
870 -2.7529 0
1849 -2.7561 0
999 -2.7639 0
939 -2.7685 0
878 -2.7696 0
547 -2.7735 0
508 -2.7780 0
1263 -2.7821 0
923 -2.7821 0
901 -2.7834 0
308 -2.8011 0
861 -2.8019 0
798 -2.8051 0
816 -2.8134 0
621 -2.8188 0
599 -2.8201 0
1289 -2.8309 0
840 -2.8401 0
366 -2.8457 0
1115 -2.8522 0
346 -2.8557 0
1267 -2.8692 0
556 -2.8725 0
349 -2.8732 0
1345 -2.8745 0
359 -2.8768 0
1511 -2.8918 0
611 -2.8934 0
373 -2.9001 0
465 -2.9104 0
1373 -2.9329 0
1529 -2.9358 0
1712 -2.9399 0
451 -2.9443 0
537 -2.9499 0
681 -2.9582 0
668 -2.9593 0
1320 -2.9604 0
1716 -2.9615 0
1385 -2.9622 0
394 -2.9649 0
1364 -2.9671 0
974 -2.9694 0
500 -2.9709 0
1196 -2.9890 0
1027 -3.0042 0
1199 -3.0063 0
1100 -3.0086 0
1653 -3.0189 0
1265 -3.0392 0
558 -3.0397 0
384 -3.0613 0
992 -3.0629 0
951 -3.0709 0
1271 -3.0832 0
1288 -3.0850 0
1655 -3.0865 0
1889 -3.0875 0
1459 -3.0940 0
867 -3.0953 0
984 -3.0967 0
1272 -3.0985 0
865 -3.1006 0
1156 -3.1036 0
924 -3.1169 0
854 -3.1213 0
844 -3.1388 0
1550 -3.1392 0
907 -3.1542 0
805 -3.1544 0
910 -3.1546 0
1755 -3.1661 0
603 -3.1665 0
1476 -3.1667 0
1002 -3.1707 0
1370 -3.1868 0
875 -3.1899 0
871 -3.1907 0
1499 -3.1912 0
1094 -3.1920 0
1367 -3.2089 0
369 -3.2090 0
1460 -3.2122 0
79 -3.2180 0
80 -3.2339 0
1055 -3.2363 0
1388 -3.2369 0
662 -3.2442 0
1248 -3.2463 0
914 -3.2471 0
1285 -3.2581 0
1257 -3.2710 0
1472 -3.2855 0
398 -3.2857 0
1386 -3.3050 0
897 -3.3056 0
1330 -3.3294 0
1394 -3.3296 0
638 -3.3383 0
573 -3.3420 0
845 -3.3434 0
972 -3.3466 0
568 -3.3552 0
900 -3.3620 0
1673 -3.3675 0
618 -3.3707 0
1154 -3.3762 0
614 -3.3846 0
853 -3.3869 0
351 -3.3936 0
52 -3.3970 0
879 -3.4004 0
956 -3.4015 0
787 -3.4229 0
665 -3.4275 0
938 -3.4426 0
696 -3.4578 0
1287 -3.4650 0
94 -3.4709 0
888 -3.4975 0
1432 -3.5012 0
858 -3.5027 0
1512 -3.5089 0
1141 -3.5168 0
819 -3.5186 0
1303 -3.5254 0
1124 -3.5316 0
1483 -3.5320 0
669 -3.5330 0
1359 -3.5405 0
576 -3.5414 0
883 -3.5575 0
571 -3.5687 0
1484 -3.5712 0
733 -3.5839 0
1292 -3.5845 0
736 -3.6001 0
1471 -3.6289 0
331 -3.6305 0
1672 -3.6376 0
1256 -3.6481 0
827 -3.6829 0
1259 -3.6843 0
314 -3.6876 0
670 -3.6900 0
592 -3.7002 0
1492 -3.7018 0
815 -3.7227 0
1318 -3.7275 0
1043 -3.7303 0
965 -3.7303 0
6 -3.7405 0
460 -3.7467 0
1374 -3.7610 0
559 -3.7678 0
697 -3.7770 0
1463 -3.7945 0
562 -3.7976 0
1300 -3.8011 0
84 -3.8079 0
971 -3.8170 0
989 -3.8267 0
1102 -3.8672 0
674 -3.8735 0
653 -3.8741 0
1634 -3.8853 0
694 -3.8853 0
570 -3.8880 0
689 -3.8961 0
1260 -3.8966 0
1064 -3.9557 0
969 -3.9664 0
1251 -3.9707 0
1126 -4.0089 0
1274 -4.0117 0
1157 -4.0164 0
699 -4.0437 0
1389 -4.0576 0
449 -4.0661 0
808 -4.0738 0
847 -4.1331 0
301 -4.1349 0
666 -4.1593 0
968 -4.1727 0
880 -4.1897 0
616 -4.2128 0
806 -4.2439 0
1297 -4.2533 0
604 -4.2650 0
1535 -4.2696 0
1173 -4.2831 0
889 -4.2879 0
890 -4.2934 0
572 -4.3071 0
641 -4.3174 0
285 -4.3523 0
882 -4.3547 0
846 -4.3730 0
1614 -4.3950 0
521 -4.3986 0
893 -4.4599 0
593 -4.4940 0
425 -4.5263 0
658 -4.5479 0
1481 -4.5732 0
1691 -4.5762 0
790 -4.5927 0
991 -4.6011 0
998 -4.6355 0
964 -4.6568 0
1398 -4.6652 0
913 -4.6782 0
1135 -4.6844 0
982 -4.6948 0
1006 -4.6950 0
1147 -4.7008 0
624 -4.7151 0
850 -4.8214 0
1258 -4.8383 0
1382 -4.8934 0
1489 -4.9793 0
660 -4.9831 0
609 -4.9832 0
1299 -5.0120 0
554 -5.0371 0
966 -5.0495 0
649 -5.0546 0
970 -5.0632 0
1502 -5.0718 0
980 -5.0790 0
1490 -5.1173 0
818 -5.1215 0
997 -5.1524 0
659 -5.2032 0
979 -5.2063 0
826 -5.2186 0
909 -5.2545 0
1311 -5.3514 0
988 -5.5113 0
493 -5.5740 0
809 -5.7271 0
993 -5.7348 0
967 -5.8073 0
959 -5.8178 0
960 -5.9519 0
958 -5.9846 0
492 -5.9884 0
983 -6.0738 0
821 -6.0741 0
864 -6.4101 0
973 -7.0037 0
868 -7.0117 0
978 -7.2129 0
981 -8.0381 0
1283 -8.1667 0
874 -9.6962 0
