1970 30.5581 1
1974 27.8474 1
1973 26.4580 1
1978 25.4981 1
1954 24.5844 1
1971 22.1528 1
1979 21.9647 1
1975 21.3725 1
1969 21.2944 1
1995 21.1186 1
1959 21.0718 1
1955 20.0893 1
1981 19.0971 1
1980 17.8857 1
1963 17.8447 1
1972 17.6631 1
1961 17.3858 1
1984 16.8160 1
1950 16.6099 1
1997 16.4130 1
1999 16.0296 1
1960 15.7657 1
1986 15.3612 1
136 14.4088 0
1967 14.3090 1
1855 14.2214 0
1977 14.0089 1
1976 13.8121 1
162 13.6377 0
1983 13.5712 1
1998 13.2307 1
1989 13.0430 1
1993 12.8800 1
1987 12.8618 1
1962 12.8605 1
1949 12.7819 0
1994 12.2221 1
1939 12.0545 0
1928 12.0080 0
1916 11.9436 0
1957 11.8614 1
1965 11.8015 1
1902 11.6628 0
1966 11.6220 1
1927 11.5245 0
1964 11.3785 1
1911 11.2436 0
1985 11.1884 1
139 11.0266 0
1951 10.9387 1
1991 10.7965 1
265 10.7621 0
107 10.7381 0
1940 10.6709 0
249 10.5973 0
1938 10.4256 0
120 10.4184 0
1947 10.3955 0
1982 10.3544 1
1968 10.2811 1
1943 10.2133 0
1901 9.8562 0
1926 9.8144 0
1710 9.7507 0
1990 9.7385 1
197 9.7231 0
1922 9.6406 0
119 9.6239 0
186 9.4440 0
1953 9.2620 1
176 9.2215 0
115 9.2111 0
101 9.1242 0
1923 9.1144 0
276 9.1100 0
175 9.0415 0
181 8.8844 0
1874 8.8340 0
1932 8.8285 0
183 8.7719 0
1929 8.7025 0
153 8.6047 0
1948 8.5791 0
1908 8.4509 0
128 8.3027 0
179 8.2961 0
1931 8.2615 0
198 8.2080 0
6 8.1962 0
1944 8.1785 0
1917 8.1750 0
1956 8.1562 1
134 8.1017 0
1859 8.0943 0
170 8.0917 0
159 8.0799 0
1907 8.0782 0
194 8.0771 0
141 8.0673 0
596 7.9287 0
1925 7.9276 0
1868 7.8663 0
236 7.8525 0
1920 7.7421 0
1878 7.6828 0
105 7.6485 0
117 7.6111 0
144 7.5402 0
163 7.5359 0
184 7.5264 0
164 7.5239 0
1043 7.5146 0
1903 7.4826 0
1936 7.3185 0
149 7.2963 0
169 7.2784 0
549 7.2365 0
146 7.2317 0
145 7.2136 0
238 7.2044 0
178 7.2010 0
185 7.0974 0
1988 7.0803 1
182 6.9498 0
1924 6.9358 0
124 6.8208 0
173 6.7815 0
155 6.6137 0
125 6.6082 0
189 6.5807 0
100 6.5530 0
1861 6.5046 0
157 6.4941 0
1843 6.3928 0
188 6.3858 0
110 6.3841 0
1872 6.3808 0
4 6.3738 0
1849 6.3721 0
1946 6.3343 0
167 6.2687 0
122 6.2466 0
1876 6.2415 0
226 6.2251 0
532 6.1946 0
127 6.1525 0
123 6.1350 0
233 6.1262 0
132 6.1258 0
126 6.1175 0
594 6.0746 0
536 6.0394 0
218 5.9819 0
212 5.9743 0
143 5.9598 0
168 5.9448 0
1880 5.9272 0
239 5.9212 0
546 5.9164 0
1893 5.8588 0
1921 5.7580 0
171 5.7443 0
191 5.6937 0
102 5.6654 0
232 5.5793 0
1808 5.5701 0
130 5.5656 0
1992 5.5349 1
1930 5.5256 0
1789 5.5193 0
947 5.5099 0
1864 5.5013 0
1765 5.4996 0
104 5.4502 0
506 5.4364 0
526 5.3884 0
500 5.3667 0
116 5.3345 0
849 5.3219 0
1895 5.3037 0
604 5.1833 0
280 5.1470 0
627 5.1282 0
1937 5.1101 0
1117 5.1077 0
1154 5.1027 0
1894 5.0903 0
187 5.0741 0
190 5.0555 0
9 5.0503 0
820 5.0412 0
1110 5.0357 0
228 5.0253 0
297 5.0144 0
1912 5.0138 0
926 4.9912 0
817 4.9862 0
229 4.9555 0
1826 4.9355 0
1092 4.9199 0
114 4.9010 0
600 4.8989 0
261 4.8844 0
292 4.8764 0
717 4.8622 0
525 4.8554 0
165 4.8420 0
250 4.8295 0
256 4.8110 0
129 4.8067 0
215 4.7901 0
148 4.7839 0
1204 4.7651 0
166 4.7499 0
140 4.6896 0
903 4.6774 0
1213 4.6762 0
13 4.6708 0
634 4.6508 0
1848 4.6376 0
279 4.6320 0
43 4.6060 0
547 4.6059 0
150 4.6035 0
918 4.5903 0
824 4.5799 0
137 4.5796 0
248 4.5686 0
231 4.5631 0
1877 4.5275 0
540 4.5116 0
296 4.5015 0
912 4.4483 0
936 4.4453 0
253 4.4369 0
244 4.4355 0
234 4.4295 0
1888 4.4199 0
580 4.3900 0
1941 4.3782 0
161 4.3761 0
1704 4.3690 0
1897 4.3646 0
0 4.3547 0
1918 4.3517 0
1853 4.3457 0
1836 4.3325 0
1810 4.3296 0
808 4.3233 0
1071 4.3149 0
1230 4.2918 0
605 4.2859 0
227 4.2702 0
282 4.2608 0
1890 4.2398 0
208 4.2379 0
441 4.2332 0
941 4.2239 0
504 4.2198 0
1840 4.2064 0
1913 4.2054 0
199 4.2025 0
1097 4.1629 0
269 4.1494 0
205 4.1390 0
1862 4.1210 0
142 4.1111 0
251 4.1075 0
530 4.1043 0
266 4.0709 0
160 4.0705 0
822 4.0573 0
1197 4.0550 0
601 4.0538 0
1745 4.0508 0
832 4.0413 0
1159 4.0320 0
588 4.0277 0
583 4.0160 0
1795 4.0159 0
447 4.0056 0
202 4.0049 0
158 4.0002 0
246 3.9756 0
1143 3.9716 0
519 3.9547 0
1914 3.9304 0
1108 3.9291 0
1722 3.9219 0
156 3.9208 0
138 3.9071 0
1857 3.9059 0
154 3.9044 0
207 3.8935 0
637 3.8886 0
1821 3.8744 0
196 3.8641 0
1958 3.8566 1
1832 3.8506 0
1833 3.8499 0
551 3.8412 0
25 3.8222 0
1904 3.8113 0
113 3.8036 0
1192 3.7976 0
192 3.7770 0
118 3.7759 0
611 3.7701 0
1835 3.7630 0
901 3.7466 0
1424 3.7317 0
288 3.7292 0
1819 3.6927 0
1785 3.6535 0
931 3.6399 0
554 3.6209 0
1945 3.6065 0
1219 3.5974 0
1838 3.5689 0
1865 3.5659 0
111 3.5504 0
1329 3.5476 0
1659 3.5471 0
1910 3.5400 0
1441 3.5347 0
414 3.5328 0
833 3.5302 0
1234 3.5295 0
943 3.5249 0
112 3.5246 0
1701 3.5214 0
629 3.5170 0
1870 3.5133 0
1233 3.5086 0
1900 3.5075 0
1896 3.5041 0
206 3.4967 0
241 3.4860 0
917 3.4725 0
1179 3.4696 0
1242 3.4649 0
1254 3.4647 0
1831 3.4240 0
902 3.4217 0
443 3.4164 0
1885 3.3979 0
618 3.3946 0
1935 3.3872 0
612 3.3843 0
692 3.3713 0
1636 3.3569 0
1788 3.3263 0
1618 3.3225 0
1038 3.3154 0
409 3.3130 0
807 3.3104 0
44 3.3030 0
535 3.2917 0
407 3.2884 0
1000 3.2724 0
1405 3.2697 0
1050 3.2691 0
272 3.2632 0
1098 3.2613 0
1397 3.2349 0
552 3.2347 0
216 3.2338 0
1748 3.2166 0
1811 3.2093 0
1540 3.2004 0
401 3.2004 0
247 3.1965 0
1083 3.1896 0
1884 3.1829 0
559 3.1750 0
830 3.1641 0
326 3.1631 0
1065 3.1568 0
287 3.1381 0
135 3.1344 0
1081 3.1326 0
1807 3.1266 0
1170 3.1261 0
625 3.1260 0
1847 3.1249 0
1570 3.1147 0
511 3.1078 0
907 3.0774 0
729 3.0638 0
846 3.0520 0
905 3.0508 0
1711 3.0492 0
274 3.0471 0
566 3.0444 0
147 3.0421 0
1871 3.0273 0
1436 3.0232 0
437 3.0184 0
1942 2.9957 0
21 2.9868 0
921 2.9792 0
270 2.9742 0
718 2.9677 0
1879 2.9674 0
180 2.9665 0
404 2.9605 0
1221 2.9592 0
508 2.9576 0
585 2.9513 0
1500 2.9467 0
946 2.9464 0
1513 2.9463 0
1077 2.9340 0
1174 2.9282 0
1246 2.9277 0
837 2.9203 0
517 2.8827 0
1628 2.8795 0
1909 2.8697 0
1814 2.8693 0
1076 2.8523 0
825 2.8324 0
402 2.8240 0
515 2.8221 0
608 2.8195 0
1581 2.8150 0
273 2.8148 0
628 2.8111 0
1739 2.7923 0
919 2.7834 0
1860 2.7807 0
531 2.7728 0
131 2.7716 0
1086 2.7575 0
1809 2.7474 0
1714 2.7362 0
438 2.7326 0
1717 2.7279 0
278 2.7203 0
581 2.7183 0
1514 2.7179 0
1844 2.7121 0
8 2.7120 0
913 2.7104 0
1430 2.7098 0
1772 2.7021 0
1782 2.6997 0
193 2.6804 0
222 2.6794 0
1095 2.6770 0
286 2.6723 0
1616 2.6646 0
151 2.6604 0
121 2.6432 0
1431 2.6404 0
152 2.6335 0
31 2.6301 0
1899 2.6209 0
3 2.6186 0
295 2.5975 0
1445 2.5799 0
221 2.5785 0
927 2.5620 0
646 2.5520 0
610 2.5476 0
1158 2.5375 0
1798 2.5375 0
624 2.5366 0
1420 2.5363 0
340 2.5349 0
908 2.5308 0
939 2.5286 0
267 2.5255 0
1815 2.5247 0
108 2.5065 0
1336 2.5004 0
1892 2.4902 0
1532 2.4881 0
200 2.4835 0
635 2.4835 0
851 2.4757 0
1447 2.4690 0
1644 2.4496 0
263 2.4330 0
933 2.4286 0
260 2.4234 0
560 2.4180 0
1727 2.3977 0
1734 2.3771 0
935 2.3641 0
34 2.3609 0
224 2.3570 0
71 2.3545 0
949 2.3505 0
823 2.3415 0
558 2.3247 0
828 2.3236 0
1777 2.3133 0
10 2.3128 0
537 2.3117 0
739 2.3108 0
571 2.2981 0
1060 2.2939 0
563 2.2928 0
503 2.2740 0
243 2.2681 0
1934 2.2640 0
1866 2.2583 0
1416 2.2420 0
1779 2.2417 0
1001 2.2252 0
109 2.2237 0
948 2.2219 0
1164 2.2182 0
1188 2.2164 0
1829 2.1867 0
512 2.1809 0
1522 2.1681 0
904 2.1671 0
442 2.1665 0
640 2.1610 0
1542 2.1604 0
579 2.1540 0
714 2.1505 0
647 2.1432 0
35 2.1420 0
1276 2.1377 0
1624 2.1359 0
421 2.1243 0
84 2.1212 0
1805 2.1146 0
1625 2.1112 0
1681 2.1034 0
648 2.1028 0
1203 2.1001 0
1439 2.0977 0
403 2.0975 0
1294 2.0931 0
1804 2.0902 0
603 2.0893 0
1438 2.0849 0
522 2.0744 0
976 2.0671 0
920 2.0634 0
1053 2.0621 0
36 2.0612 0
928 2.0604 0
756 2.0536 0
219 2.0406 0
85 2.0337 0
1206 2.0336 0
133 2.0169 0
1545 2.0136 0
299 2.0118 0
911 1.9967 0
465 1.9957 0
570 1.9755 0
440 1.9683 0
417 1.9644 0
1882 1.9575 0
343 1.9531 0
1305 1.9343 0
834 1.9263 0
556 1.9257 0
277 1.9255 0
1898 1.9206 0
1155 1.9176 0
203 1.9146 0
5 1.9133 0
230 1.9112 0
602 1.9081 0
217 1.9065 0
225 1.8916 0
1887 1.8905 0
1239 1.8904 0
240 1.8890 0
460 1.8865 0
1891 1.8776 0
1793 1.8730 0
491 1.8629 0
592 1.8568 0
1851 1.8524 0
411 1.8510 0
1187 1.8479 0
1875 1.8463 0
1058 1.8459 0
505 1.8451 0
567 1.8433 0
220 1.8372 0
1639 1.8335 0
700 1.8298 0
501 1.8288 0
1856 1.8164 0
1755 1.8149 0
195 1.8120 0
479 1.7989 0
801 1.7936 0
1426 1.7923 0
42 1.7922 0
1229 1.7862 0
1418 1.7760 0
242 1.7736 0
399 1.7661 0
541 1.7645 0
430 1.7630 0
930 1.7627 0
1207 1.7486 0
1408 1.7424 0
815 1.7300 0
761 1.7272 0
695 1.7200 0
1527 1.7147 0
1080 1.7012 0
444 1.6992 0
806 1.6986 0
1827 1.6961 0
172 1.6952 0
940 1.6948 0
259 1.6940 0
591 1.6914 0
595 1.6903 0
211 1.6865 0
1069 1.6815 0
435 1.6748 0
539 1.6746 0
542 1.6716 0
831 1.6696 0
1094 1.6612 0
406 1.6581 0
1740 1.6581 0
590 1.6540 0
1725 1.6538 0
1747 1.6538 0
862 1.6510 0
574 1.6506 0
516 1.6422 0
1563 1.6415 0
802 1.6341 0
103 1.6338 0
1437 1.6311 0
1742 1.6242 0
209 1.6218 0
1562 1.6183 0
1208 1.6174 0
1419 1.6136 0
1172 1.6131 0
1231 1.6080 0
1830 1.6047 0
922 1.6037 0
72 1.6019 0
257 1.5863 0
843 1.5862 0
1812 1.5842 0
906 1.5817 0
1915 1.5784 0
1535 1.5778 0
872 1.5777 0
621 1.5755 0
1109 1.5752 0
302 1.5729 0
1546 1.5727 0
390 1.5725 0
1212 1.5624 0
836 1.5614 0
436 1.5608 0
463 1.5607 0
1713 1.5580 0
589 1.5574 0
1415 1.5480 0
1504 1.5480 0
306 1.5456 0
1413 1.5435 0
617 1.5432 0
1763 1.5423 0
76 1.5396 0
1816 1.5390 0
1817 1.5300 0
1770 1.5254 0
1023 1.5216 0
1054 1.5198 0
1450 1.5159 0
1093 1.4997 0
293 1.4855 0
845 1.4809 0
1237 1.4612 0
555 1.4501 0
12 1.4461 0
1569 1.4445 0
1247 1.4442 0
281 1.4387 0
1404 1.4304 0
623 1.4277 0
663 1.4248 0
1518 1.4245 0
557 1.4204 0
1398 1.4144 0
1905 1.4143 0
1520 1.4115 0
1759 1.4055 0
797 1.3998 0
1088 1.3975 0
289 1.3965 0
331 1.3725 0
1834 1.3720 0
838 1.3700 0
1322 1.3675 0
1079 1.3639 0
1186 1.3560 0
451 1.3556 0
1429 1.3550 0
1707 1.3535 0
814 1.3478 0
529 1.3450 0
994 1.3439 0
1775 1.3436 0
392 1.3415 0
424 1.3403 0
1402 1.3391 0
1648 1.3337 0
338 1.3323 0
1610 1.3241 0
523 1.3196 0
1791 1.3142 0
1284 1.3047 0
986 1.2940 0
379 1.2927 0
1066 1.2863 0
1818 1.2831 0
255 1.2826 0
1142 1.2704 0
821 1.2703 0
1243 1.2636 0
1056 1.2581 0
284 1.2568 0
1409 1.2540 0
520 1.2519 0
1845 1.2517 0
925 1.2506 0
1741 1.2445 0
245 1.2316 0
1275 1.2196 0
1653 1.2193 0
415 1.2190 0
1824 1.2178 0
1446 1.1961 0
1082 1.1929 0
613 1.1923 0
1217 1.1875 0
1443 1.1711 0
510 1.1690 0
1813 1.1617 0
1205 1.1591 0
1003 1.1588 0
1538 1.1587 0
1218 1.1511 0
46 1.1497 0
1428 1.1462 0
1543 1.1455 0
776 1.1416 0
1617 1.1402 0
432 1.1388 0
329 1.1338 0
1919 1.1298 0
1735 1.1261 0
746 1.1229 0
439 1.1186 0
848 1.1151 0
1822 1.1107 0
482 1.1096 0
1215 1.1064 0
1533 1.1042 0
680 1.1039 0
569 1.1033 0
307 1.1033 0
1708 1.1017 0
1839 1.0986 0
724 1.0985 0
1052 1.0966 0
1470 1.0917 0
74 1.0832 0
1529 1.0826 0
1657 1.0708 0
868 1.0674 0
68 1.0650 0
1828 1.0648 0
470 1.0643 0
1024 1.0643 0
990 1.0627 0
1125 1.0550 0
1585 1.0537 0
235 1.0413 0
1803 1.0407 0
527 1.0406 0
1051 1.0328 0
881 1.0304 0
1638 1.0254 0
252 1.0242 0
1350 1.0240 0
1168 1.0196 0
1459 1.0091 0
1715 1.0058 0
548 1.0029 0
1528 1.0011 0
962 0.9996 0
38 0.9981 0
1059 0.9898 0
1724 0.9892 0
1933 0.9845 0
900 0.9815 0
1440 0.9807 0
1776 0.9785 0
223 0.9779 0
1672 0.9722 0
300 0.9677 0
1723 0.9668 0
271 0.9640 0
408 0.9593 0
1266 0.9564 0
1468 0.9549 0
889 0.9538 0
1236 0.9529 0
1863 0.9481 0
448 0.9425 0
597 0.9416 0
99 0.9390 0
1414 0.9365 0
285 0.9359 0
1211 0.9348 0
743 0.9332 0
1548 0.9276 0
965 0.9250 0
387 0.9237 0
1536 0.9233 0
1790 0.9214 0
1267 0.9197 0
1293 0.9192 0
636 0.9181 0
1391 0.9165 0
1565 0.9126 0
275 0.9121 0
1869 0.9119 0
62 0.9113 0
1444 0.9107 0
1425 0.9006 0
944 0.8989 0
396 0.8964 0
1078 0.8906 0
1112 0.8661 0
1091 0.8661 0
942 0.8648 0
514 0.8640 0
1062 0.8579 0
1756 0.8578 0
643 0.8515 0
1044 0.8486 0
1099 0.8469 0
1327 0.8419 0
1150 0.8384 0
384 0.8293 0
1609 0.8286 0
1503 0.8225 0
575 0.8186 0
1729 0.8137 0
70 0.8106 0
1222 0.8051 0
1598 0.8045 0
201 0.7998 0
878 0.7975 0
1850 0.7935 0
645 0.7912 0
1550 0.7833 0
47 0.7814 0
545 0.7803 0
932 0.7801 0
524 0.7778 0
599 0.7732 0
620 0.7677 0
937 0.7666 0
16 0.7656 0
210 0.7547 0
1295 0.7483 0
405 0.7458 0
1873 0.7344 0
573 0.7340 0
1806 0.7156 0
1709 0.7147 0
1084 0.7142 0
896 0.7125 0
1667 0.7107 0
1129 0.7097 0
1786 0.7086 0
353 0.7068 0
79 0.7059 0
1140 0.7055 0
1403 0.7034 0
1453 0.6987 0
1278 0.6908 0
1530 0.6880 0
534 0.6806 0
893 0.6804 0
1151 0.6594 0
1134 0.6564 0
1464 0.6556 0
1224 0.6489 0
106 0.6453 0
1411 0.6441 0
1733 0.6302 0
642 0.6227 0
1858 0.6207 0
1 0.6107 0
952 0.6100 0
361 0.6035 0
1433 0.6017 0
528 0.6016 0
1227 0.5971 0
357 0.5863 0
2 0.5858 0
811 0.5831 0
819 0.5812 0
327 0.5795 0
412 0.5739 0
693 0.5706 0
1235 0.5705 0
1498 0.5614 0
1452 0.5468 0
564 0.5455 0
41 0.5389 0
1314 0.5228 0
507 0.5175 0
1412 0.5071 0
1631 0.5069 0
1640 0.5045 0
1448 0.5041 0
1781 0.5029 0
1113 0.5014 0
1629 0.4972 0
665 0.4884 0
1762 0.4853 0
1410 0.4771 0
1074 0.4740 0
429 0.4728 0
1867 0.4694 0
1041 0.4652 0
1394 0.4621 0
339 0.4621 0
1273 0.4608 0
1228 0.4552 0
1111 0.4524 0
7 0.4520 0
1588 0.4446 0
88 0.4422 0
1475 0.4405 0
638 0.4399 0
1488 0.4396 0
885 0.4377 0
17 0.4300 0
90 0.4287 0
1087 0.4245 0
1198 0.4225 0
1351 0.4216 0
1390 0.4159 0
30 0.4154 0
1334 0.4090 0
1321 0.4073 0
237 0.4064 0
264 0.3987 0
262 0.3981 0
487 0.3821 0
309 0.3723 0
214 0.3722 0
773 0.3693 0
1568 0.3688 0
805 0.3652 0
1193 0.3635 0
616 0.3632 0
1200 0.3613 0
1473 0.3567 0
1175 0.3553 0
518 0.3550 0
598 0.3508 0
1700 0.3499 0
816 0.3495 0
485 0.3492 0
473 0.3440 0
1220 0.3331 0
1249 0.3329 0
413 0.3267 0
20 0.3264 0
66 0.3260 0
1173 0.3230 0
1075 0.3181 0
1026 0.3153 0
899 0.3115 0
1801 0.3097 0
826 0.3074 0
945 0.3073 0
1323 0.3023 0
1031 0.2795 0
1185 0.2733 0
916 0.2725 0
1525 0.2724 0
311 0.2679 0
291 0.2634 0
730 0.2565 0
49 0.2540 0
929 0.2480 0
1048 0.2444 0
96 0.2253 0
1299 0.2233 0
174 0.2177 0
1033 0.2144 0
1090 0.2138 0
1171 0.2135 0
268 0.2130 0
321 0.2123 0
204 0.2120 0
298 0.2114 0
400 0.2081 0
1162 0.2065 0
1716 0.2043 0
1034 0.2017 0
1537 0.1999 0
626 0.1992 0
1241 0.1954 0
383 0.1920 0
632 0.1893 0
678 0.1854 0
1576 0.1703 0
1572 0.1663 0
1694 0.1613 0
19 0.1600 0
1325 0.1588 0
576 0.1561 0
1422 0.1534 0
577 0.1500 0
1703 0.1496 0
768 0.1493 0
1728 0.1435 0
812 0.1401 0
341 0.1397 0
301 0.1354 0
57 0.1301 0
1195 0.1292 0
650 0.1285 0
660 0.1275 0
1823 0.1206 0
1601 0.1129 0
1342 0.1093 0
1881 0.1017 0
1577 0.1009 0
48 0.0981 0
1238 0.0965 0
325 0.0951 0
850 0.0916 0
283 0.0894 0
1103 0.0861 0
1764 0.0853 0
1393 0.0813 0
258 0.0807 0
1152 0.0756 0
1637 0.0687 0
1030 0.0673 0
1651 0.0664 0
394 0.0651 0
1769 0.0622 0
1061 0.0612 0
720 0.0596 0
728 0.0594 0
685 0.0593 0
1189 0.0591 0
1209 0.0510 0
45 0.0486 0
1766 0.0415 0
915 0.0379 0
323 0.0370 0
1524 0.0369 0
1886 0.0361 0
1477 0.0356 0
333 0.0354 0
445 0.0346 0
1435 0.0345 0
804 0.0336 0
1248 0.0307 0
1406 0.0304 0
1067 0.0093 0
1190 0.0088 0
1474 0.0077 0
964 0.0054 0
466 0.0043 0
856 -0.0019 0
1064 -0.0038 0
78 -0.0038 0
869 -0.0073 0
18 -0.0106 0
1750 -0.0127 0
839 -0.0152 0
1372 -0.0172 0
1320 -0.0214 0
1778 -0.0260 0
1544 -0.0260 0
865 -0.0263 0
1712 -0.0269 0
1664 -0.0286 0
1732 -0.0341 0
593 -0.0360 0
433 -0.0488 0
24 -0.0493 0
1141 -0.0520 0
1752 -0.0644 0
1749 -0.0668 0
1202 -0.0717 0
953 -0.0719 0
1089 -0.0730 0
543 -0.0752 0
1820 -0.0783 0
294 -0.0805 0
894 -0.0827 0
497 -0.0830 0
1165 -0.0839 0
87 -0.0840 0
1396 -0.0885 0
631 -0.0898 0
1307 -0.0955 0
56 -0.1010 0
461 -0.1097 0
177 -0.1134 0
562 -0.1173 0
1688 -0.1183 0
615 -0.1237 0
28 -0.1293 0
863 -0.1314 0
1180 -0.1373 0
987 -0.1396 0
1726 -0.1413 0
425 -0.1414 0
607 -0.1431 0
1751 -0.1452 0
955 -0.1498 0
786 -0.1551 0
312 -0.1583 0
1194 -0.1591 0
1339 -0.1595 0
1244 -0.1656 0
1338 -0.1668 0
359 -0.1719 0
52 -0.1734 0
1182 -0.1800 0
671 -0.1860 0
803 -0.1871 0
393 -0.1879 0
1684 -0.1939 0
769 -0.1944 0
1578 -0.2035 0
319 -0.2066 0
1605 -0.2078 0
1434 -0.2083 0
1057 -0.2096 0
352 -0.2129 0
1442 -0.2185 0
655 -0.2213 0
1369 -0.2350 0
1646 -0.2357 0
1531 -0.2375 0
366 -0.2421 0
561 -0.2486 0
1128 -0.2493 0
847 -0.2528 0
1622 -0.2531 0
454 -0.2540 0
1037 -0.2563 0
375 -0.2618 0
1042 -0.2642 0
58 -0.2774 0
1800 -0.2778 0
1643 -0.2820 0
1621 -0.2831 0
1286 -0.2833 0
363 -0.2910 0
741 -0.2926 0
347 -0.2944 0
909 -0.2969 0
704 -0.3011 0
1263 -0.3070 0
619 -0.3087 0
1157 -0.3113 0
609 -0.3129 0
1400 -0.3135 0
29 -0.3190 0
1771 -0.3212 0
1698 -0.3242 0
1551 -0.3278 0
22 -0.3284 0
606 -0.3289 0
1517 -0.3331 0
474 -0.3346 0
254 -0.3377 0
924 -0.3377 0
1328 -0.3379 0
1516 -0.3389 0
1825 -0.3405 0
1761 -0.3441 0
385 -0.3470 0
1512 -0.3538 0
397 -0.3546 0
290 -0.3584 0
60 -0.3587 0
1906 -0.3593 0
886 -0.3597 0
1156 -0.3622 0
374 -0.3780 0
1063 -0.3782 0
1070 -0.3836 0
1068 -0.3861 0
213 -0.3862 0
1461 -0.3864 0
1008 -0.3900 0
1674 -0.3903 0
1279 -0.3999 0
410 -0.4005 0
788 -0.4012 0
1358 -0.4021 0
1602 -0.4021 0
1501 -0.4023 0
1486 -0.4032 0
422 -0.4088 0
1331 -0.4146 0
354 -0.4168 0
1302 -0.4216 0
1719 -0.4296 0
494 -0.4307 0
1417 -0.4364 0
1407 -0.4378 0
1392 -0.4437 0
1365 -0.4449 0
1356 -0.4450 0
65 -0.4488 0
852 -0.4504 0
974 -0.4516 0
1505 -0.4529 0
1163 -0.4578 0
484 -0.4597 0
1675 -0.4641 0
1085 -0.4663 0
995 -0.4680 0
322 -0.4681 0
1497 -0.4691 0
33 -0.4698 0
578 -0.4790 0
533 -0.4795 0
55 -0.4849 0
723 -0.4868 0
649 -0.4879 0
464 -0.4979 0
1594 -0.5033 0
726 -0.5035 0
736 -0.5050 0
419 -0.5051 0
1167 -0.5083 0
305 -0.5096 0
774 -0.5120 0
777 -0.5124 0
706 -0.5140 0
1252 -0.5143 0
324 -0.5164 0
1696 -0.5235 0
356 -0.5279 0
345 -0.5323 0
781 -0.5337 0
26 -0.5394 0
1731 -0.5395 0
1421 -0.5405 0
1510 -0.5410 0
765 -0.5431 0
866 -0.5439 0
763 -0.5441 0
810 -0.5447 0
1456 -0.5465 0
992 -0.5475 0
871 -0.5480 0
427 -0.5520 0
1139 -0.5600 0
1457 -0.5631 0
1226 -0.5648 0
471 -0.5654 0
572 -0.5664 0
521 -0.5726 0
1579 -0.5765 0
1635 -0.5819 0
351 -0.5839 0
1496 -0.5984 0
1495 -0.5989 0
1045 -0.5993 0
550 -0.6039 0
1615 -0.6091 0
423 -0.6172 0
80 -0.6184 0
355 -0.6256 0
1662 -0.6277 0
1553 -0.6300 0
923 -0.6313 0
791 -0.6513 0
1587 -0.6572 0
565 -0.6589 0
835 -0.6634 0
1312 -0.6665 0
697 -0.6686 0
1280 -0.6704 0
664 -0.6712 0
334 -0.6724 0
1145 -0.6733 0
1131 -0.6739 0
310 -0.6801 0
1380 -0.6807 0
1642 -0.6808 0
1485 -0.6866 0
1353 -0.6879 0
661 -0.6884 0
1649 -0.6885 0
23 -0.6895 0
1511 -0.6972 0
957 -0.6983 0
898 -0.7102 0
968 -0.7108 0
544 -0.7121 0
1309 -0.7145 0
365 -0.7150 0
674 -0.7212 0
1883 -0.7242 0
840 -0.7332 0
1670 -0.7333 0
1288 -0.7343 0
751 -0.7347 0
1718 -0.7395 0
553 -0.7397 0
1055 -0.7421 0
1660 -0.7458 0
1852 -0.7491 0
446 -0.7507 0
1481 -0.7514 0
1010 -0.7533 0
1491 -0.7576 0
458 -0.7595 0
97 -0.7610 0
1377 -0.7624 0
1627 -0.7659 0
1523 -0.7744 0
1271 -0.7766 0
938 -0.7792 0
1191 -0.7796 0
1600 -0.7840 0
1245 -0.7878 0
800 -0.7913 0
418 -0.7922 0
1736 -0.7933 0
1240 -0.7941 0
1029 -0.7943 0
1582 -0.7950 0
1116 -0.7958 0
1160 -0.7981 0
538 -0.7989 0
1586 -0.8037 0
337 -0.8041 0
426 -0.8123 0
386 -0.8155 0
453 -0.8228 0
455 -0.8237 0
715 -0.8281 0
1467 -0.8344 0
1575 -0.8533 0
1106 -0.8579 0
1378 -0.8593 0
364 -0.8658 0
676 -0.8703 0
1183 -0.8723 0
342 -0.8734 0
1256 -0.8751 0
380 -0.8800 0
880 -0.8819 0
644 -0.8841 0
656 -0.8843 0
587 -0.8848 0
963 -0.8901 0
1123 -0.8940 0
1303 -0.8970 0
1306 -0.8984 0
495 -0.9006 0
15 -0.9073 0
1556 -0.9109 0
977 -0.9179 0
752 -0.9221 0
1482 -0.9287 0
1021 -0.9383 0
478 -0.9434 0
1792 -0.9458 0
1315 -0.9469 0
754 -0.9524 0
93 -0.9550 0
1679 -0.9634 0
1645 -0.9727 0
1469 -0.9783 0
1290 -0.9799 0
1996 -0.9814 1
1753 -0.9847 0
1310 -0.9931 0
428 -0.9989 0
37 -0.9994 0
1385 -1.0031 0
783 -1.0048 0
958 -1.0048 0
1462 -1.0058 0
690 -1.0075 0
1335 -1.0084 0
1006 -1.0119 0
1534 -1.0133 0
1757 -1.0146 0
1120 -1.0157 0
1014 -1.0186 0
416 -1.0293 0
694 -1.0295 0
51 -1.0307 0
985 -1.0400 0
1072 -1.0442 0
1591 -1.0448 0
1596 -1.0500 0
509 -1.0530 0
775 -1.0627 0
699 -1.0662 0
1794 -1.0707 0
954 -1.0727 0
1114 -1.0737 0
1107 -1.0779 0
1552 -1.0869 0
11 -1.0941 0
1841 -1.0945 0
771 -1.0999 0
1427 -1.1017 0
782 -1.1026 0
1773 -1.1050 0
716 -1.1056 0
956 -1.1093 0
1255 -1.1119 0
722 -1.1139 0
809 -1.1164 0
1432 -1.1198 0
1375 -1.1225 0
780 -1.1344 0
1465 -1.1350 0
328 -1.1387 0
883 -1.1407 0
703 -1.1457 0
1787 -1.1531 0
27 -1.1533 0
1837 -1.1564 0
614 -1.1574 0
1541 -1.1640 0
1289 -1.1720 0
914 -1.1721 0
434 -1.1739 0
798 -1.1767 0
1297 -1.1769 0
795 -1.1821 0
467 -1.1861 0
420 -1.1874 0
792 -1.1909 0
1593 -1.1933 0
1138 -1.1934 0
1225 -1.1944 0
1250 -1.1973 0
1599 -1.1981 0
759 -1.1990 0
388 -1.2021 0
32 -1.2054 0
857 -1.2100 0
1493 -1.2120 0
330 -1.2127 0
1767 -1.2383 0
346 -1.2401 0
1181 -1.2421 0
737 -1.2451 0
1386 -1.2506 0
1049 -1.2514 0
1346 -1.2522 0
1005 -1.2648 0
483 -1.2707 0
1341 -1.2719 0
1292 -1.2719 0
1360 -1.2734 0
1669 -1.2823 0
1526 -1.2893 0
1760 -1.2920 0
1641 -1.2942 0
586 -1.3037 0
1283 -1.3061 0
1560 -1.3076 0
1678 -1.3098 0
431 -1.3177 0
1178 -1.3178 0
1401 -1.3186 0
779 -1.3189 0
890 -1.3200 0
675 -1.3202 0
859 -1.3219 0
360 -1.3255 0
1454 -1.3269 0
984 -1.3279 0
1690 -1.3286 0
767 -1.3295 0
498 -1.3346 0
657 -1.3376 0
1115 -1.3414 0
1210 -1.3490 0
1345 -1.3521 0
853 -1.3539 0
304 -1.3564 0
1784 -1.3614 0
1251 -1.3775 0
1558 -1.3905 0
1216 -1.3935 0
53 -1.3936 0
1096 -1.4048 0
1269 -1.4100 0
1854 -1.4120 0
1744 -1.4163 0
732 -1.4194 0
1035 -1.4237 0
753 -1.4258 0
480 -1.4283 0
1607 -1.4315 0
1780 -1.4343 0
371 -1.4361 0
1399 -1.4414 0
462 -1.4439 0
476 -1.4533 0
1291 -1.4599 0
1799 -1.4619 0
1846 -1.4622 0
867 -1.4640 0
622 -1.4684 0
489 -1.4707 0
1686 -1.4744 0
842 -1.4749 0
813 -1.4793 0
639 -1.4826 0
1494 -1.4848 0
770 -1.4848 0
362 -1.4852 0
1282 -1.4899 0
1508 -1.4951 0
1223 -1.4963 0
950 -1.4966 0
1743 -1.5014 0
1101 -1.5036 0
1666 -1.5064 0
1682 -1.5108 0
1330 -1.5147 0
1754 -1.5179 0
1478 -1.5208 0
367 -1.5250 0
1036 -1.5255 0
313 -1.5290 0
875 -1.5312 0
758 -1.5321 0
475 -1.5378 0
1619 -1.5382 0
1268 -1.5419 0
1768 -1.5463 0
652 -1.5482 0
502 -1.5558 0
790 -1.5593 0
794 -1.5649 0
477 -1.5677 0
1319 -1.5705 0
1492 -1.5728 0
315 -1.5766 0
1025 -1.5770 0
1549 -1.5807 0
961 -1.5811 0
82 -1.5814 0
1232 -1.5842 0
459 -1.5876 0
98 -1.5927 0
1693 -1.5948 0
1774 -1.5986 0
1395 -1.6109 0
1371 -1.6116 0
1702 -1.6124 0
755 -1.6130 0
1015 -1.6198 0
1567 -1.6216 0
1506 -1.6218 0
1476 -1.6221 0
376 -1.6266 0
1349 -1.6280 0
318 -1.6314 0
979 -1.6356 0
672 -1.6394 0
348 -1.6454 0
1466 -1.6495 0
1153 -1.6522 0
67 -1.6525 0
1300 -1.6537 0
1104 -1.6539 0
1214 -1.6555 0
633 -1.6609 0
1144 -1.6697 0
1298 -1.6736 0
1603 -1.6767 0
934 -1.6768 0
978 -1.6813 0
1583 -1.6847 0
568 -1.6851 0
1124 -1.6899 0
677 -1.6911 0
1177 -1.6941 0
973 -1.6992 0
858 -1.7033 0
1590 -1.7084 0
966 -1.7123 0
373 -1.7126 0
317 -1.7160 0
785 -1.7252 0
350 -1.7253 0
673 -1.7260 0
1039 -1.7262 0
1166 -1.7274 0
910 -1.7277 0
1623 -1.7325 0
1499 -1.7339 0
662 -1.7380 0
1354 -1.7447 0
873 -1.7572 0
1460 -1.7602 0
757 -1.7621 0
1561 -1.7728 0
1161 -1.7928 0
668 -1.8001 0
1668 -1.8048 0
1383 -1.8059 0
711 -1.8128 0
1573 -1.8216 0
1002 -1.8253 0
1650 -1.8272 0
1451 -1.8286 0
449 -1.8310 0
1574 -1.8339 0
1589 -1.8362 0
1539 -1.8369 0
951 -1.8381 0
95 -1.8398 0
641 -1.8417 0
860 -1.8423 0
1176 -1.8479 0
708 -1.8543 0
1316 -1.8548 0
991 -1.8549 0
1011 -1.8561 0
1697 -1.8601 0
1889 -1.8692 0
94 -1.8704 0
1126 -1.8737 0
892 -1.8750 0
1519 -1.8783 0
734 -1.8820 0
1509 -1.8827 0
891 -1.8835 0
1387 -1.8840 0
1364 -1.8863 0
381 -1.8879 0
793 -1.8925 0
1705 -1.8964 0
1264 -1.8997 0
1595 -1.9085 0
1606 -1.9108 0
784 -1.9131 0
1270 -1.9301 0
1013 -1.9386 0
1348 -1.9414 0
1381 -1.9530 0
705 -1.9563 0
960 -1.9570 0
1802 -1.9606 0
981 -1.9611 0
469 -1.9652 0
721 -1.9693 0
738 -1.9707 0
682 -1.9726 0
1317 -1.9735 0
696 -1.9812 0
747 -1.9820 0
1620 -1.9848 0
1685 -1.9881 0
1196 -1.9951 0
1136 -1.9978 0
1287 -2.0000 0
1362 -2.0062 0
789 -2.0079 0
1463 -2.0097 0
1359 -2.0109 0
1253 -2.0146 0
1260 -2.0429 0
691 -2.0453 0
457 -2.0485 0
1633 -2.0510 0
1012 -2.0531 0
870 -2.0539 0
344 -2.0642 0
1199 -2.0643 0
1592 -2.0663 0
844 -2.0719 0
1105 -2.0755 0
681 -2.0773 0
1020 -2.0782 0
584 -2.0848 0
1019 -2.0868 0
764 -2.1074 0
967 -2.1121 0
358 -2.1144 0
698 -2.1164 0
1842 -2.1215 0
1647 -2.1270 0
796 -2.1276 0
1022 -2.1290 0
1361 -2.1375 0
91 -2.1394 0
713 -2.1467 0
83 -2.1473 0
398 -2.1493 0
1296 -2.1493 0
969 -2.1517 0
855 -2.1551 0
971 -2.1571 0
760 -2.1604 0
1671 -2.1643 0
1257 -2.1671 0
391 -2.1677 0
827 -2.1729 0
799 -2.1788 0
1130 -2.1814 0
1455 -2.1910 0
687 -2.1929 0
1665 -2.1947 0
983 -2.2010 0
369 -2.2034 0
702 -2.2038 0
1484 -2.2100 0
395 -2.2127 0
1277 -2.2176 0
1471 -2.2200 0
1507 -2.2209 0
1952 -2.2283 1
778 -2.2359 0
39 -2.2381 0
749 -2.2429 0
1201 -2.2463 0
688 -2.2475 0
316 -2.2602 0
452 -2.2611 0
81 -2.2638 0
841 -2.2649 0
368 -2.2666 0
1376 -2.2713 0
1040 -2.2754 0
1676 -2.2805 0
1368 -2.2819 0
1343 -2.2836 0
1555 -2.2854 0
1073 -2.2953 0
731 -2.2968 0
1472 -2.2996 0
684 -2.3021 0
1272 -2.3021 0
787 -2.3163 0
1184 -2.3174 0
1281 -2.3256 0
1028 -2.3291 0
1324 -2.3346 0
1483 -2.3374 0
1612 -2.3423 0
1127 -2.3470 0
701 -2.3471 0
468 -2.3479 0
1687 -2.3486 0
1737 -2.3513 0
1379 -2.3671 0
1584 -2.3779 0
1689 -2.3820 0
1746 -2.3879 0
86 -2.3922 0
1262 -2.4037 0
1479 -2.4111 0
1796 -2.4205 0
1265 -2.4256 0
1580 -2.4403 0
1449 -2.4440 0
1340 -2.4448 0
314 -2.4457 0
1261 -2.4495 0
1047 -2.4498 0
389 -2.4513 0
493 -2.4520 0
59 -2.4525 0
989 -2.4556 0
1423 -2.4746 0
1318 -2.4759 0
378 -2.4778 0
1017 -2.4783 0
874 -2.4936 0
320 -2.4959 0
1027 -2.4989 0
683 -2.5045 0
669 -2.5052 0
818 -2.5073 0
1487 -2.5088 0
725 -2.5133 0
975 -2.5186 0
1308 -2.5192 0
1611 -2.5371 0
1355 -2.5383 0
630 -2.5421 0
1135 -2.5493 0
1347 -2.5590 0
1566 -2.5714 0
1100 -2.5744 0
1004 -2.5751 0
1137 -2.5776 0
727 -2.5786 0
658 -2.5814 0
982 -2.5870 0
689 -2.5982 0
1326 -2.6112 0
1564 -2.6167 0
1009 -2.6222 0
972 -2.6254 0
73 -2.6279 0
1389 -2.6297 0
1146 -2.6391 0
1502 -2.6414 0
1169 -2.6427 0
1333 -2.6681 0
1720 -2.6822 0
382 -2.6832 0
1730 -2.6890 0
1018 -2.6898 0
1652 -2.6989 0
61 -2.7015 0
1133 -2.7073 0
1613 -2.7121 0
666 -2.7245 0
1604 -2.7335 0
377 -2.7519 0
1301 -2.7534 0
651 -2.7544 0
1352 -2.7569 0
712 -2.7819 0
888 -2.7827 0
582 -2.8032 0
659 -2.8199 0
1654 -2.8205 0
1683 -2.8208 0
1658 -2.8243 0
854 -2.8375 0
1373 -2.8498 0
766 -2.8512 0
679 -2.8600 0
1119 -2.8680 0
1332 -2.8780 0
959 -2.8786 0
89 -2.8846 0
1337 -2.9036 0
670 -2.9062 0
336 -2.9079 0
1521 -2.9263 0
1458 -2.9279 0
745 -2.9307 0
1738 -2.9315 0
997 -2.9361 0
332 -2.9561 0
980 -2.9613 0
897 -2.9694 0
1706 -2.9966 0
1147 -3.0028 0
92 -3.0072 0
1597 -3.0161 0
1382 -3.0250 0
970 -3.0254 0
876 -3.0290 0
513 -3.0477 0
884 -3.0484 0
1547 -3.0584 0
481 -3.0832 0
1490 -3.0945 0
887 -3.1015 0
877 -3.1361 0
864 -3.1407 0
370 -3.1503 0
450 -3.1573 0
654 -3.1620 0
308 -3.1786 0
998 -3.1803 0
1148 -3.1821 0
710 -3.1877 0
1367 -3.1898 0
772 -3.2173 0
996 -3.2211 0
1344 -3.2407 0
492 -3.2449 0
993 -3.2476 0
1758 -3.2555 0
472 -3.2662 0
303 -3.2664 0
1783 -3.2675 0
349 -3.2728 0
1370 -3.2748 0
742 -3.2857 0
667 -3.3117 0
1630 -3.3124 0
709 -3.3178 0
1374 -3.3237 0
762 -3.3259 0
1366 -3.3408 0
1692 -3.3448 0
1695 -3.3465 0
1118 -3.3475 0
879 -3.3582 0
744 -3.3613 0
1102 -3.3873 0
1797 -3.4048 0
1608 -3.4056 0
335 -3.4080 0
1677 -3.4090 0
1515 -3.4190 0
54 -3.4277 0
1132 -3.4308 0
490 -3.4562 0
1122 -3.4602 0
1046 -3.4616 0
496 -3.4775 0
1673 -3.4892 0
50 -3.4939 0
829 -3.5120 0
1655 -3.5289 0
988 -3.5515 0
372 -3.5636 0
1388 -3.5684 0
1363 -3.5757 0
740 -3.5942 0
1007 -3.5947 0
1634 -3.5974 0
488 -3.6085 0
1632 -3.6513 0
77 -3.6624 0
707 -3.6649 0
1559 -3.6964 0
686 -3.6995 0
1614 -3.7021 0
748 -3.7124 0
1721 -3.7277 0
1699 -3.8015 0
75 -3.8068 0
653 -3.8136 0
750 -3.8285 0
861 -3.8317 0
1285 -3.8459 0
733 -3.9008 0
1489 -3.9067 0
69 -3.9170 0
999 -3.9216 0
882 -3.9253 0
1656 -3.9451 0
1121 -3.9683 0
1480 -3.9845 0
1357 -4.0047 0
735 -4.0158 0
1313 -4.1090 0
40 -4.2359 0
1032 -4.2421 0
1259 -4.2826 0
1304 -4.3246 0
1661 -4.3750 0
63 -4.3989 0
1680 -4.4145 0
14 -4.4245 0
1663 -4.4315 0
1311 -4.5551 0
895 -4.5673 0
1571 -4.6075 0
1384 -4.6131 0
1626 -4.7094 0
1691 -4.7165 0
1016 -4.7752 0
64 -4.9012 0
1557 -4.9310 0
1149 -4.9332 0
719 -4.9724 0
1258 -5.0497 0
1554 -5.1247 0
499 -5.1502 0
486 -6.5409 0
1274 -7.0487 0
456 -9.2098 0
