30 29.4901 1
35 29.4140 1
29 28.9327 1
8 26.2029 1
14 25.6004 1
42 25.2843 1
10 24.6813 1
23 24.3432 1
38 23.8453 1
28 23.6801 1
25 21.9328 1
0 21.6266 1
16 21.4166 1
2 21.1372 1
34 21.1080 1
46 20.6709 1
18 20.5313 1
37 20.3586 1
6 19.6036 1
33 19.1055 1
13 18.7392 1
24 18.3039 1
5 17.3432 1
26 16.8792 1
19 16.6162 1
1736 16.4958 0
43 15.9353 1
45 15.7731 1
36 15.5327 1
12 15.3701 1
20 14.9897 1
9 14.6389 1
4 14.4276 1
31 13.6048 1
22 13.4405 1
15 13.0178 1
11 12.4819 1
48 12.2616 1
39 11.6420 1
7 10.8512 1
21 10.7481 1
47 9.9953 1
1 8.7737 1
49 8.7038 1
942 8.3447 0
32 7.8689 1
838 7.8421 0
271 7.5933 0
44 7.5383 1
182 7.5241 0
1105 7.3633 0
1232 7.3427 0
601 7.0032 0
1717 6.8777 0
1581 6.8198 0
1216 6.7881 0
1891 6.7132 0
3 6.5943 1
1849 6.4527 0
235 6.3454 0
1718 6.3420 0
569 6.3384 0
571 6.1818 0
1351 6.1099 0
417 6.0127 0
506 5.9978 0
494 5.9022 0
120 5.8241 0
1625 5.7327 0
17 5.7079 1
64 5.6831 0
861 5.6820 0
551 5.6770 0
637 5.6681 0
269 5.6612 0
977 5.6584 0
438 5.6449 0
1554 5.6384 0
1073 5.5762 0
692 5.4596 0
230 5.3842 0
1210 5.3608 0
688 5.2009 0
608 5.1714 0
41 5.0824 1
1704 5.0727 0
96 4.9967 0
910 4.9663 0
1767 4.9324 0
1489 4.9211 0
921 4.9140 0
915 4.9044 0
577 4.8153 0
1177 4.7213 0
297 4.6902 0
298 4.6720 0
600 4.6351 0
349 4.5807 0
1820 4.5721 0
66 4.5685 0
1547 4.5354 0
1092 4.5302 0
1894 4.5030 0
1028 4.4951 0
1760 4.4730 0
599 4.4585 0
1098 4.4222 0
1358 4.4053 0
1906 4.4048 0
40 4.3096 1
553 4.2989 0
691 4.2785 0
1706 4.1974 0
840 4.1885 0
934 4.1846 0
1539 4.1339 0
681 4.1211 0
1805 4.1167 0
669 4.1061 0
1977 4.0906 0
872 4.0824 0
1502 4.0623 0
923 4.0446 0
542 4.0240 0
1369 3.9593 0
263 3.9264 0
552 3.9082 0
1573 3.8988 0
1778 3.8471 0
1340 3.8215 0
1157 3.8014 0
1801 3.7959 0
1837 3.7675 0
1117 3.7481 0
1168 3.7298 0
503 3.7264 0
58 3.6990 0
270 3.6644 0
567 3.6572 0
581 3.6516 0
944 3.6494 0
61 3.6384 0
69 3.6351 0
1523 3.6085 0
1708 3.6037 0
1406 3.6007 0
1887 3.5828 0
1126 3.5678 0
842 3.5332 0
1165 3.5212 0
1184 3.5152 0
442 3.5033 0
1386 3.5016 0
643 3.4992 0
451 3.4984 0
1758 3.4910 0
1191 3.4857 0
1378 3.4781 0
286 3.4690 0
1435 3.4579 0
1263 3.4536 0
1882 3.4288 0
216 3.4005 0
1380 3.3787 0
71 3.3634 0
1349 3.3492 0
481 3.3396 0
441 3.3284 0
1388 3.3271 0
1784 3.3245 0
273 3.3161 0
902 3.3037 0
1094 3.3009 0
654 3.2945 0
558 3.2828 0
702 3.2732 0
866 3.2499 0
1914 3.2354 0
743 3.2158 0
254 3.2140 0
1865 3.2079 0
93 3.2076 0
446 3.1952 0
550 3.1924 0
1930 3.1870 0
97 3.1858 0
1603 3.1755 0
27 3.1725 1
1333 3.1696 0
683 3.1633 0
1525 3.1432 0
410 3.1302 0
1148 3.1285 0
589 3.1249 0
1138 3.1210 0
266 3.0752 0
1181 3.0739 0
404 3.0619 0
467 3.0605 0
943 3.0585 0
257 3.0521 0
671 3.0457 0
809 3.0447 0
773 3.0248 0
869 3.0092 0
871 2.9955 0
1753 2.9943 0
1395 2.9749 0
433 2.9739 0
1872 2.9324 0
1079 2.9081 0
1861 2.9021 0
81 2.9000 0
565 2.8678 0
436 2.8648 0
644 2.8630 0
402 2.8611 0
428 2.8582 0
653 2.8459 0
699 2.8404 0
655 2.8330 0
698 2.8297 0
582 2.8238 0
1836 2.8115 0
126 2.8107 0
1883 2.8004 0
1551 2.7907 0
1860 2.7886 0
1719 2.7849 0
1643 2.7821 0
1114 2.7782 0
400 2.7616 0
1504 2.7596 0
1225 2.7512 0
1797 2.7511 0
1192 2.7458 0
86 2.7451 0
1426 2.7346 0
1116 2.7327 0
1088 2.7267 0
413 2.7265 0
1076 2.7235 0
1159 2.7235 0
734 2.7235 0
1063 2.7204 0
1939 2.7121 0
1938 2.7093 0
560 2.7076 0
532 2.6908 0
541 2.6859 0
1933 2.6855 0
1359 2.6841 0
1945 2.6785 0
1771 2.6729 0
612 2.6698 0
561 2.6674 0
1189 2.6659 0
1709 2.6645 0
1769 2.6642 0
805 2.6602 0
833 2.6538 0
1185 2.6534 0
618 2.6515 0
343 2.6251 0
1796 2.6074 0
1356 2.5956 0
429 2.5911 0
1808 2.5694 0
1947 2.5658 0
1103 2.5511 0
1863 2.5484 0
90 2.5444 0
822 2.5419 0
1828 2.5384 0
843 2.5309 0
1877 2.5274 0
616 2.5231 0
1869 2.5173 0
57 2.5171 0
1099 2.5019 0
1170 2.4799 0
1254 2.4745 0
1125 2.4742 0
1081 2.4709 0
1321 2.4616 0
800 2.4590 0
586 2.4553 0
1023 2.4544 0
491 2.4289 0
1284 2.4230 0
1066 2.4170 0
1818 2.4054 0
1792 2.4047 0
205 2.4043 0
651 2.3856 0
1172 2.3831 0
1870 2.3573 0
823 2.3405 0
440 2.3401 0
72 2.3353 0
1243 2.3285 0
321 2.3038 0
1878 2.3017 0
579 2.2920 0
478 2.2669 0
1106 2.2507 0
1131 2.2497 0
68 2.2323 0
1929 2.2264 0
1864 2.2199 0
1733 2.2194 0
1729 2.2150 0
1077 2.2091 0
994 2.2056 0
1903 2.2046 0
850 2.2046 0
1735 2.2034 0
118 2.1949 0
1236 2.1934 0
1935 2.1786 0
1553 2.1493 0
938 2.1464 0
530 2.1448 0
1896 2.1428 0
1496 2.1417 0
1124 2.1379 0
1866 2.1356 0
1990 2.1245 0
592 2.1202 0
299 2.1188 0
1001 2.1119 0
638 2.1091 0
1917 2.1078 0
918 2.1074 0
498 2.1041 0
115 2.1008 0
1220 2.0980 0
904 2.0943 0
1134 2.0923 0
529 2.0887 0
447 2.0881 0
1831 2.0776 0
533 2.0701 0
604 2.0686 0
1548 2.0686 0
163 2.0672 0
598 2.0545 0
594 2.0484 0
82 2.0445 0
1452 2.0441 0
52 2.0413 0
1051 2.0373 0
1738 2.0345 0
341 2.0329 0
444 2.0308 0
771 2.0257 0
1803 2.0209 0
1396 2.0179 0
88 2.0174 0
98 2.0149 0
92 2.0146 0
1322 2.0098 0
927 2.0014 0
1886 2.0008 0
875 1.9951 0
1867 1.9934 0
525 1.9849 0
1714 1.9773 0
1827 1.9663 0
448 1.9647 0
1642 1.9637 0
1755 1.9624 0
764 1.9445 0
1071 1.9406 0
1503 1.9260 0
907 1.9244 0
181 1.9225 0
207 1.9133 0
629 1.9093 0
1413 1.8868 0
965 1.8855 0
1892 1.8789 0
1953 1.8750 0
1556 1.8645 0
131 1.8644 0
1268 1.8626 0
173 1.8551 0
259 1.8461 0
178 1.8444 0
1875 1.8389 0
878 1.8269 0
877 1.8266 0
1110 1.8224 0
1821 1.8205 0
607 1.8159 0
1262 1.8159 0
198 1.8128 0
1748 1.8021 0
557 1.8011 0
1309 1.7977 0
1301 1.7819 0
1368 1.7814 0
416 1.7791 0
486 1.7767 0
536 1.7710 0
289 1.7602 0
148 1.7506 0
1782 1.7463 0
1302 1.7457 0
1407 1.7452 0
562 1.7433 0
789 1.7432 0
63 1.7297 0
477 1.7295 0
1154 1.7229 0
1059 1.7185 0
1517 1.7158 0
896 1.7143 0
1757 1.7023 0
1326 1.6934 0
133 1.6895 0
641 1.6892 0
1707 1.6884 0
611 1.6847 0
584 1.6819 0
51 1.6814 0
603 1.6786 0
171 1.6785 0
295 1.6705 0
267 1.6661 0
1606 1.6659 0
293 1.6644 0
80 1.6633 0
700 1.6587 0
1764 1.6566 0
916 1.6545 0
474 1.6509 0
564 1.6492 0
189 1.6473 0
60 1.6471 0
500 1.6466 0
1950 1.6437 0
672 1.6406 0
401 1.6372 0
1572 1.6340 0
1069 1.6332 0
1621 1.6262 0
1367 1.6238 0
1976 1.6200 0
1772 1.6188 0
70 1.6067 0
1937 1.5987 0
1705 1.5916 0
1623 1.5912 0
1834 1.5843 0
1552 1.5809 0
1579 1.5786 0
1389 1.5782 0
260 1.5776 0
469 1.5771 0
421 1.5678 0
1574 1.5664 0
1583 1.5646 0
1365 1.5579 0
535 1.5573 0
1160 1.5551 0
662 1.5549 0
1845 1.5503 0
1762 1.5433 0
497 1.5424 0
423 1.5358 0
1847 1.5325 0
1725 1.5278 0
1747 1.5278 0
572 1.5267 0
334 1.5138 0
158 1.5125 0
836 1.5097 0
1307 1.5057 0
455 1.5055 0
1800 1.5047 0
1773 1.4999 0
264 1.4936 0
1570 1.4796 0
261 1.4741 0
591 1.4723 0
1193 1.4713 0
108 1.4709 0
1968 1.4708 0
563 1.4702 0
1749 1.4659 0
1700 1.4654 0
858 1.4627 0
443 1.4586 0
632 1.4555 0
471 1.4539 0
56 1.4147 0
1478 1.4112 0
905 1.4104 0
630 1.4039 0
647 1.4003 0
1360 1.3944 0
1629 1.3942 0
1040 1.3931 0
414 1.3834 0
484 1.3811 0
454 1.3748 0
1777 1.3618 0
624 1.3614 0
867 1.3486 0
834 1.3472 0
1944 1.3414 0
160 1.3321 0
450 1.3309 0
1853 1.3241 0
1541 1.3214 0
1873 1.3209 0
1398 1.3192 0
424 1.3190 0
1957 1.3128 0
1898 1.3123 0
458 1.3113 0
1726 1.3041 0
757 1.2985 0
949 1.2984 0
1300 1.2950 0
437 1.2881 0
1375 1.2880 0
868 1.2834 0
1524 1.2825 0
204 1.2713 0
1696 1.2651 0
1313 1.2633 0
963 1.2591 0
615 1.2559 0
164 1.2548 0
1052 1.2512 0
330 1.2498 0
1055 1.2497 0
312 1.2493 0
1034 1.2478 0
407 1.2438 0
1245 1.2418 0
933 1.2334 0
1806 1.2275 0
519 1.2256 0
1555 1.2201 0
768 1.2173 0
947 1.2160 0
956 1.2072 0
406 1.2053 0
431 1.1936 0
1946 1.1911 0
1439 1.1897 0
684 1.1875 0
1074 1.1873 0
657 1.1828 0
1609 1.1753 0
606 1.1716 0
405 1.1640 0
1965 1.1627 0
898 1.1594 0
1993 1.1552 0
1899 1.1472 0
1561 1.1448 0
331 1.1434 0
403 1.1366 0
847 1.1316 0
1750 1.1270 0
1578 1.1217 0
590 1.1073 0
588 1.1070 0
919 1.1052 0
583 1.1016 0
1575 1.0984 0
554 1.0932 0
153 1.0926 0
1141 1.0909 0
85 1.0879 0
1855 1.0854 0
1593 1.0848 0
835 1.0806 0
609 1.0786 0
128 1.0720 0
593 1.0715 0
1888 1.0617 0
908 1.0576 0
1128 1.0535 0
1612 1.0495 0
610 1.0402 0
1048 1.0384 0
940 1.0374 0
621 1.0259 0
1879 1.0246 0
614 1.0189 0
74 1.0186 0
585 1.0127 0
1053 1.0124 0
544 1.0091 0
941 1.0007 0
802 1.0003 0
911 0.9994 0
1986 0.9943 0
1838 0.9916 0
931 0.9900 0
1433 0.9880 0
1039 0.9873 0
435 0.9861 0
807 0.9806 0
824 0.9787 0
1438 0.9737 0
851 0.9723 0
1100 0.9714 0
798 0.9642 0
935 0.9582 0
1002 0.9579 0
1815 0.9575 0
706 0.9570 0
885 0.9541 0
1742 0.9512 0
1535 0.9501 0
680 0.9392 0
1830 0.9375 0
1751 0.9333 0
806 0.9329 0
576 0.9321 0
129 0.9308 0
211 0.9286 0
1310 0.9274 0
797 0.9203 0
279 0.9165 0
420 0.9109 0
1492 0.9104 0
787 0.9097 0
300 0.9095 0
515 0.9067 0
1344 0.9057 0
1774 0.9022 0
412 0.8987 0
1811 0.8963 0
1794 0.8923 0
1065 0.8874 0
313 0.8844 0
142 0.8760 0
1084 0.8755 0
152 0.8752 0
575 0.8725 0
856 0.8652 0
280 0.8624 0
1779 0.8619 0
283 0.8504 0
987 0.8456 0
1343 0.8366 0
1558 0.8312 0
1566 0.8304 0
1366 0.8230 0
1712 0.8221 0
829 0.8184 0
419 0.8101 0
238 0.8099 0
89 0.8076 0
894 0.7996 0
511 0.7981 0
1713 0.7858 0
1711 0.7841 0
1732 0.7841 0
418 0.7733 0
387 0.7700 0
831 0.7663 0
1509 0.7625 0
817 0.7609 0
1824 0.7586 0
1015 0.7584 0
1987 0.7555 0
1078 0.7521 0
1618 0.7445 0
1672 0.7410 0
1249 0.7406 0
1615 0.7376 0
1604 0.7344 0
619 0.7339 0
1319 0.7333 0
1577 0.7324 0
1569 0.7276 0
1795 0.7246 0
76 0.7234 0
302 0.7217 0
190 0.7211 0
1370 0.7143 0
1328 0.7095 0
1589 0.7083 0
1471 0.7062 0
573 0.7034 0
776 0.7023 0
1790 0.6935 0
1588 0.6856 0
232 0.6834 0
227 0.6831 0
596 0.6808 0
239 0.6797 0
1447 0.6790 0
79 0.6783 0
812 0.6765 0
1475 0.6746 0
1175 0.6722 0
247 0.6690 0
1354 0.6665 0
1211 0.6646 0
1381 0.6642 0
1152 0.6638 0
784 0.6632 0
1586 0.6620 0
1802 0.6592 0
1308 0.6574 0
275 0.6507 0
176 0.6434 0
976 0.6341 0
945 0.6328 0
1021 0.6270 0
250 0.6218 0
124 0.6110 0
155 0.6103 0
1454 0.6093 0
1133 0.6046 0
106 0.6016 0
521 0.5998 0
1727 0.5978 0
490 0.5959 0
1062 0.5938 0
514 0.5927 0
1399 0.5861 0
1151 0.5850 0
1153 0.5787 0
282 0.5770 0
1972 0.5757 0
1317 0.5749 0
288 0.5697 0
408 0.5582 0
1371 0.5519 0
690 0.5510 0
568 0.5471 0
642 0.5441 0
620 0.5427 0
1266 0.5356 0
1120 0.5276 0
1122 0.5270 0
145 0.5242 0
1083 0.5175 0
693 0.5145 0
1132 0.5136 0
1102 0.5050 0
660 0.4997 0
766 0.4993 0
197 0.4984 0
493 0.4877 0
1885 0.4807 0
127 0.4788 0
1610 0.4787 0
901 0.4764 0
1890 0.4752 0
492 0.4703 0
1761 0.4642 0
830 0.4631 0
1971 0.4615 0
1920 0.4579 0
556 0.4544 0
210 0.4496 0
860 0.4437 0
1775 0.4405 0
170 0.4391 0
1608 0.4334 0
1299 0.4284 0
231 0.4275 0
415 0.4222 0
287 0.4222 0
1095 0.4167 0
870 0.4163 0
1720 0.4157 0
1715 0.4112 0
1204 0.4095 0
194 0.4056 0
1567 0.4008 0
1167 0.3969 0
1576 0.3955 0
314 0.3952 0
1486 0.3948 0
883 0.3934 0
1199 0.3853 0
209 0.3773 0
1862 0.3715 0
1611 0.3676 0
855 0.3660 0
122 0.3585 0
307 0.3542 0
1582 0.3484 0
132 0.3467 0
782 0.3435 0
119 0.3429 0
336 0.3380 0
1080 0.3353 0
1045 0.3350 0
347 0.3334 0
922 0.3324 0
729 0.3319 0
1825 0.3302 0
175 0.3267 0
886 0.3206 0
1741 0.3165 0
1785 0.3158 0
221 0.3110 0
832 0.3081 0
473 0.3061 0
78 0.3022 0
892 0.3016 0
862 0.2982 0
1857 0.2965 0
527 0.2957 0
924 0.2939 0
623 0.2872 0
1634 0.2866 0
338 0.2839 0
242 0.2805 0
880 0.2747 0
1376 0.2729 0
1067 0.2720 0
154 0.2716 0
682 0.2697 0
761 0.2696 0
1984 0.2599 0
995 0.2594 0
95 0.2588 0
1330 0.2513 0
1563 0.2507 0
1591 0.2476 0
1139 0.2433 0
1627 0.2431 0
1901 0.2415 0
1056 0.2314 0
613 0.2217 0
587 0.2186 0
1822 0.2141 0
1871 0.2135 0
501 0.2134 0
1728 0.2057 0
1260 0.2035 0
1000 0.2022 0
853 0.2008 0
1895 0.2008 0
1224 0.1962 0
1809 0.1948 0
1949 0.1915 0
1980 0.1884 0
1909 0.1864 0
696 0.1860 0
634 0.1628 0
1622 0.1620 0
1646 0.1615 0
1915 0.1611 0
1109 0.1559 0
1335 0.1440 0
1473 0.1413 0
631 0.1359 0
1595 0.1355 0
1923 0.1272 0
1431 0.1256 0
1123 0.1208 0
1791 0.1187 0
1880 0.1180 0
1884 0.1178 0
1584 0.1138 0
84 0.1130 0
677 0.1096 0
1839 0.1083 0
1889 0.0971 0
1960 0.0943 0
482 0.0942 0
1418 0.0936 0
1362 0.0913 0
1445 0.0888 0
1628 0.0868 0
1018 0.0866 0
55 0.0835 0
1135 0.0828 0
969 0.0807 0
578 0.0804 0
1267 0.0798 0
276 0.0777 0
953 0.0707 0
1054 0.0706 0
187 0.0705 0
1919 0.0702 0
1112 0.0678 0
1082 0.0627 0
863 0.0601 0
430 0.0591 0
1699 0.0572 0
1564 0.0571 0
1235 0.0571 0
844 0.0553 0
648 0.0548 0
818 0.0519 0
710 0.0482 0
605 0.0414 0
248 0.0409 0
427 0.0350 0
316 0.0337 0
1531 0.0305 0
1259 0.0276 0
1568 0.0273 0
308 0.0227 0
77 0.0222 0
984 0.0211 0
876 0.0208 0
597 0.0208 0
1995 0.0176 0
678 0.0158 0
107 0.0120 0
548 0.0087 0
1918 0.0078 0
1518 0.0040 0
1280 0.0024 0
1003 -0.0003 0
1325 -0.0053 0
143 -0.0062 0
1217 -0.0079 0
1897 -0.0111 0
926 -0.0115 0
754 -0.0139 0
246 -0.0199 0
645 -0.0208 0
218 -0.0320 0
1997 -0.0342 0
1702 -0.0362 0
820 -0.0376 0
899 -0.0383 0
738 -0.0394 0
752 -0.0399 0
54 -0.0433 0
1457 -0.0469 0
848 -0.0473 0
1022 -0.0480 0
1402 -0.0500 0
296 -0.0516 0
913 -0.0563 0
540 -0.0575 0
1907 -0.0582 0
346 -0.0607 0
121 -0.0639 0
633 -0.0698 0
1813 -0.0723 0
1449 -0.0821 0
1320 -0.0845 0
1256 -0.0891 0
1150 -0.0900 0
1196 -0.0940 0
1737 -0.0951 0
508 -0.1000 0
281 -0.1020 0
1383 -0.1079 0
1372 -0.1082 0
1089 -0.1131 0
580 -0.1169 0
1453 -0.1217 0
1494 -0.1255 0
1334 -0.1315 0
745 -0.1370 0
1730 -0.1415 0
137 -0.1439 0
801 -0.1442 0
1203 -0.1463 0
411 -0.1500 0
753 -0.1546 0
150 -0.1641 0
262 -0.1670 0
255 -0.1695 0
1483 -0.1754 0
765 -0.1810 0
1723 -0.1825 0
566 -0.1841 0
1162 -0.1859 0
117 -0.1874 0
1780 -0.1883 0
193 -0.1889 0
1197 -0.1925 0
1289 -0.1935 0
62 -0.1938 0
317 -0.1992 0
1421 -0.2001 0
985 -0.2050 0
1846 -0.2085 0
1024 -0.2115 0
1529 -0.2130 0
1598 -0.2218 0
1766 -0.2321 0
146 -0.2346 0
1814 -0.2358 0
1786 -0.2367 0
185 -0.2405 0
1487 -0.2484 0
480 -0.2517 0
75 -0.2565 0
1881 -0.2624 0
1789 -0.2630 0
1101 -0.2702 0
1851 -0.2713 0
1149 -0.2747 0
325 -0.2765 0
649 -0.2773 0
1255 -0.2805 0
1756 -0.2819 0
973 -0.2914 0
906 -0.2915 0
1954 -0.2970 0
183 -0.2970 0
425 -0.3032 0
617 -0.3050 0
852 -0.3070 0
993 -0.3073 0
966 -0.3092 0
459 -0.3104 0
1385 -0.3120 0
741 -0.3134 0
315 -0.3159 0
252 -0.3185 0
531 -0.3220 0
1163 -0.3236 0
1374 -0.3267 0
1390 -0.3271 0
65 -0.3283 0
950 -0.3284 0
1461 -0.3340 0
1464 -0.3366 0
1195 -0.3388 0
679 -0.3398 0
1498 -0.3399 0
796 -0.3407 0
882 -0.3426 0
195 -0.3442 0
1739 -0.3504 0
946 -0.3505 0
291 -0.3533 0
1212 -0.3535 0
1816 -0.3544 0
1417 -0.3552 0
1587 -0.3559 0
1703 -0.3617 0
1868 -0.3632 0
1219 -0.3703 0
1276 -0.3710 0
873 -0.3716 0
659 -0.3757 0
1546 -0.3800 0
1793 -0.3802 0
640 -0.3836 0
549 -0.3896 0
742 -0.3907 0
1352 -0.3932 0
1562 -0.3945 0
1281 -0.3956 0
392 -0.3956 0
393 -0.4003 0
1046 -0.4011 0
547 -0.4016 0
939 -0.4082 0
1992 -0.4132 0
1318 -0.4145 0
499 -0.4229 0
1037 -0.4255 0
1155 -0.4342 0
1833 -0.4404 0
1807 -0.4431 0
434 -0.4442 0
397 -0.4459 0
1633 -0.4507 0
1754 -0.4524 0
1070 -0.4537 0
958 -0.4549 0
988 -0.4578 0
123 -0.4656 0
1140 -0.4671 0
1842 -0.4688 0
1415 -0.4688 0
1091 -0.4777 0
1137 -0.4797 0
1874 -0.4826 0
432 -0.4837 0
891 -0.4846 0
929 -0.4866 0
839 -0.4877 0
91 -0.4911 0
1731 -0.4917 0
1532 -0.4945 0
1590 -0.4954 0
516 -0.4962 0
721 -0.4969 0
109 -0.4992 0
1912 -0.5015 0
1215 -0.5072 0
816 -0.5104 0
837 -0.5124 0
1985 -0.5180 0
636 -0.5221 0
258 -0.5241 0
595 -0.5254 0
323 -0.5255 0
409 -0.5269 0
191 -0.5292 0
1746 -0.5319 0
510 -0.5333 0
1607 -0.5437 0
1087 -0.5446 0
1507 -0.5469 0
725 -0.5493 0
348 -0.5545 0
138 -0.5557 0
1613 -0.5571 0
555 -0.5608 0
1974 -0.5616 0
1166 -0.5635 0
1854 -0.5718 0
968 -0.5737 0
778 -0.5762 0
920 -0.5776 0
859 -0.5794 0
726 -0.5824 0
1783 -0.5837 0
1645 -0.5857 0
1982 -0.5870 0
811 -0.5885 0
1543 -0.5902 0
1174 -0.5905 0
445 -0.5963 0
1844 -0.5992 0
1178 -0.6000 0
102 -0.6070 0
1817 -0.6075 0
1118 -0.6116 0
215 -0.6118 0
162 -0.6132 0
1908 -0.6180 0
1213 -0.6194 0
1392 -0.6238 0
770 -0.6243 0
1697 -0.6252 0
1966 -0.6307 0
893 -0.6308 0
799 -0.6308 0
167 -0.6313 0
1104 -0.6447 0
234 -0.6451 0
1740 -0.6460 0
658 -0.6474 0
1605 -0.6557 0
715 -0.6580 0
1788 -0.6605 0
1027 -0.6638 0
274 -0.6692 0
1144 -0.6729 0
1651 -0.6731 0
1346 -0.6745 0
1414 -0.6788 0
1928 -0.6803 0
1183 -0.6804 0
1614 -0.6812 0
639 -0.6815 0
780 -0.6829 0
635 -0.6846 0
1287 -0.6895 0
1339 -0.6905 0
854 -0.6974 0
897 -0.6989 0
1998 -0.7018 0
328 -0.7022 0
213 -0.7054 0
675 -0.7054 0
1361 -0.7090 0
375 -0.7106 0
294 -0.7113 0
319 -0.7141 0
73 -0.7174 0
1580 -0.7216 0
1858 -0.7236 0
814 -0.7243 0
507 -0.7245 0
1423 -0.7246 0
1408 -0.7252 0
256 -0.7287 0
1763 -0.7338 0
1594 -0.7340 0
1999 -0.7361 0
1522 -0.7369 0
513 -0.7395 0
335 -0.7410 0
1363 -0.7459 0
1444 -0.7493 0
1288 -0.7537 0
1044 -0.7598 0
290 -0.7633 0
1655 -0.7647 0
959 -0.7649 0
1391 -0.7663 0
1304 -0.7677 0
1387 -0.7679 0
980 -0.7758 0
105 -0.7828 0
1961 -0.7837 0
1119 -0.7839 0
1247 -0.7842 0
857 -0.7850 0
545 -0.7957 0
1798 -0.7958 0
352 -0.7969 0
505 -0.8019 0
237 -0.8025 0
845 -0.8056 0
460 -0.8080 0
1500 -0.8100 0
912 -0.8114 0
781 -0.8119 0
1240 -0.8142 0
1425 -0.8165 0
646 -0.8166 0
1776 -0.8168 0
736 -0.8204 0
1429 -0.8227 0
1996 -0.8228 0
1270 -0.8250 0
1458 -0.8253 0
1829 -0.8306 0
1068 -0.8310 0
1011 -0.8341 0
149 -0.8360 0
292 -0.8371 0
810 -0.8395 0
1530 -0.8422 0
1032 -0.8425 0
1559 -0.8452 0
199 -0.8476 0
1042 -0.8500 0
1721 -0.8514 0
687 -0.8590 0
1373 -0.8655 0
518 -0.8696 0
903 -0.8710 0
559 -0.8748 0
475 -0.8775 0
332 -0.8804 0
1485 -0.8841 0
1978 -0.8850 0
384 -0.8870 0
992 -0.8885 0
755 -0.8898 0
368 -0.8917 0
864 -0.8944 0
83 -0.9006 0
602 -0.9052 0
1377 -0.9063 0
1121 -0.9063 0
180 -0.9114 0
967 -0.9119 0
228 -0.9127 0
1924 -0.9135 0
177 -0.9173 0
788 -0.9192 0
665 -0.9241 0
1006 -0.9285 0
67 -0.9309 0
1687 -0.9323 0
1058 -0.9359 0
1382 -0.9411 0
951 -0.9427 0
887 -0.9477 0
1434 -0.9547 0
1324 -0.9560 0
1306 -0.9561 0
970 -0.9703 0
253 -0.9827 0
1472 -0.9848 0
1440 -0.9870 0
449 -0.9908 0
1925 -0.9920 0
674 -0.9998 0
278 -1.0027 0
1519 -1.0066 0
1409 -1.0109 0
1050 -1.0151 0
917 -1.0165 0
1932 -1.0172 0
1437 -1.0189 0
625 -1.0217 0
972 -1.0223 0
786 -1.0256 0
1430 -1.0290 0
1620 -1.0315 0
1446 -1.0346 0
1484 -1.0390 0
1768 -1.0524 0
1441 -1.0540 0
774 -1.0563 0
1994 -1.0563 0
366 -1.0589 0
340 -1.0594 0
1848 -1.0594 0
1357 -1.0619 0
251 -1.0639 0
790 -1.0682 0
1759 -1.0688 0
1443 -1.0690 0
707 -1.0742 0
174 -1.0805 0
1463 -1.0913 0
1602 -1.0934 0
804 -1.0939 0
1955 -1.0954 0
1639 -1.0971 0
320 -1.1162 0
1242 -1.1170 0
747 -1.1275 0
1876 -1.1278 0
1229 -1.1287 0
1983 -1.1297 0
737 -1.1319 0
930 -1.1341 0
1427 -1.1342 0
1355 -1.1414 0
1261 -1.1419 0
627 -1.1494 0
751 -1.1505 0
1948 -1.1514 0
626 -1.1547 0
1347 -1.1566 0
543 -1.1634 0
468 -1.1711 0
1601 -1.1713 0
661 -1.1716 0
1599 -1.1717 0
1030 -1.1747 0
1004 -1.1769 0
783 -1.1816 0
652 -1.1828 0
1060 -1.1854 0
827 -1.1901 0
509 -1.1933 0
383 -1.1937 0
1514 -1.1976 0
879 -1.2041 0
310 -1.2042 0
978 -1.2101 0
673 -1.2145 0
268 -1.2167 0
1010 -1.2201 0
395 -1.2204 0
685 -1.2206 0
1913 -1.2240 0
1031 -1.2297 0
223 -1.2392 0
937 -1.2405 0
1336 -1.2409 0
961 -1.2410 0
1520 -1.2423 0
1424 -1.2471 0
712 -1.2490 0
656 -1.2492 0
1902 -1.2493 0
936 -1.2524 0
1722 -1.2552 0
537 -1.2572 0
1557 -1.2575 0
998 -1.2705 0
1230 -1.2740 0
1404 -1.2921 0
362 -1.2929 0
815 -1.2932 0
1648 -1.2963 0
111 -1.2992 0
1410 -1.3022 0
1981 -1.3071 0
512 -1.3089 0
333 -1.3124 0
1734 -1.3160 0
996 -1.3171 0
1179 -1.3224 0
206 -1.3242 0
1526 -1.3315 0
229 -1.3350 0
110 -1.3377 0
1544 -1.3389 0
759 -1.3441 0
426 -1.3459 0
1964 -1.3522 0
1420 -1.3548 0
1026 -1.3562 0
794 -1.3606 0
327 -1.3628 0
528 -1.3650 0
1934 -1.3720 0
1893 -1.3720 0
1341 -1.3728 0
1850 -1.3770 0
1208 -1.3814 0
94 -1.3857 0
87 -1.3857 0
1653 -1.3929 0
1521 -1.4008 0
1506 -1.4015 0
466 -1.4027 0
1394 -1.4052 0
1958 -1.4112 0
1033 -1.4142 0
1038 -1.4156 0
948 -1.4213 0
1202 -1.4216 0
1455 -1.4217 0
50 -1.4219 0
1285 -1.4236 0
954 -1.4251 0
1173 -1.4280 0
367 -1.4280 0
1649 -1.4281 0
1129 -1.4286 0
890 -1.4289 0
828 -1.4296 0
380 -1.4350 0
1049 -1.4495 0
1501 -1.4502 0
889 -1.4508 0
1201 -1.4524 0
1959 -1.4561 0
1161 -1.4599 0
385 -1.4616 0
846 -1.4619 0
1188 -1.4632 0
354 -1.4655 0
1549 -1.4732 0
1804 -1.4757 0
1020 -1.4885 0
472 -1.4916 0
1305 -1.4937 0
339 -1.4940 0
1542 -1.4943 0
819 -1.4963 0
462 -1.4965 0
728 -1.4969 0
1315 -1.4976 0
203 -1.4992 0
1419 -1.5059 0
628 -1.5097 0
1239 -1.5100 0
1969 -1.5121 0
112 -1.5134 0
1970 -1.5187 0
1115 -1.5195 0
991 -1.5240 0
342 -1.5263 0
1710 -1.5328 0
983 -1.5383 0
1298 -1.5425 0
695 -1.5435 0
104 -1.5454 0
803 -1.5489 0
1279 -1.5504 0
1252 -1.5551 0
504 -1.5578 0
1510 -1.5597 0
1952 -1.5617 0
489 -1.5658 0
1136 -1.5716 0
100 -1.5723 0
1258 -1.5750 0
225 -1.5775 0
1560 -1.5786 0
1467 -1.5794 0
813 -1.5827 0
1940 -1.5900 0
1233 -1.5912 0
758 -1.6035 0
1596 -1.6044 0
1505 -1.6048 0
1744 -1.6053 0
244 -1.6089 0
750 -1.6098 0
1951 -1.6257 0
744 -1.6327 0
1716 -1.6343 0
1190 -1.6356 0
1819 -1.6385 0
1619 -1.6401 0
1108 -1.6408 0
1956 -1.6443 0
1342 -1.6455 0
1291 -1.6480 0
986 -1.6580 0
793 -1.6592 0
1491 -1.6610 0
664 -1.6662 0
233 -1.6679 0
704 -1.6688 0
769 -1.6688 0
517 -1.6704 0
337 -1.6714 0
240 -1.6715 0
1275 -1.6718 0
772 -1.6720 0
1412 -1.6727 0
1469 -1.6732 0
739 -1.6750 0
711 -1.6768 0
1164 -1.6776 0
1436 -1.6876 0
322 -1.6929 0
103 -1.6933 0
975 -1.6962 0
1227 -1.7008 0
272 -1.7013 0
1169 -1.7018 0
1632 -1.7022 0
306 -1.7201 0
1221 -1.7206 0
1962 -1.7225 0
156 -1.7325 0
989 -1.7377 0
1432 -1.7379 0
888 -1.7405 0
1064 -1.7424 0
895 -1.7425 0
1493 -1.7427 0
1823 -1.7432 0
463 -1.7441 0
226 -1.7465 0
1537 -1.7518 0
1158 -1.7542 0
371 -1.7584 0
914 -1.7589 0
1176 -1.7673 0
1656 -1.7730 0
999 -1.7740 0
1014 -1.7754 0
186 -1.7777 0
1364 -1.7786 0
224 -1.7834 0
196 -1.7842 0
974 -1.7869 0
116 -1.7927 0
1635 -1.8042 0
1312 -1.8090 0
1200 -1.8165 0
1348 -1.8250 0
1926 -1.8309 0
370 -1.8330 0
1841 -1.8403 0
1571 -1.8417 0
650 -1.8483 0
1332 -1.8518 0
1597 -1.8546 0
1277 -1.8566 0
1269 -1.8601 0
825 -1.8619 0
1274 -1.8648 0
1146 -1.8648 0
982 -1.8698 0
399 -1.8727 0
439 -1.8804 0
1428 -1.8811 0
1482 -1.8846 0
719 -1.9001 0
1323 -1.9016 0
470 -1.9036 0
1534 -1.9039 0
1743 -1.9093 0
785 -1.9113 0
570 -1.9118 0
265 -1.9242 0
663 -1.9290 0
841 -1.9412 0
791 -1.9451 0
925 -1.9464 0
1832 -1.9472 0
1910 -1.9492 0
1550 -1.9578 0
1290 -1.9580 0
214 -1.9620 0
1205 -1.9620 0
1680 -1.9622 0
285 -1.9630 0
1675 -1.9662 0
1765 -1.9674 0
1303 -1.9695 0
1670 -1.9736 0
1527 -1.9759 0
1911 -1.9946 0
1257 -1.9953 0
1701 -2.0002 0
495 -2.0011 0
546 -2.0063 0
1626 -2.0140 0
1226 -2.0216 0
130 -2.0370 0
1490 -2.0448 0
1826 -2.0498 0
1036 -2.0538 0
1238 -2.0568 0
386 -2.0569 0
1379 -2.0619 0
723 -2.0621 0
166 -2.0632 0
1442 -2.0666 0
1041 -2.0733 0
1630 -2.0739 0
1617 -2.0782 0
222 -2.0810 0
1329 -2.0874 0
219 -2.0880 0
668 -2.0892 0
1025 -2.0952 0
1724 -2.0982 0
1248 -2.0985 0
1043 -2.1069 0
303 -2.1115 0
157 -2.1118 0
1029 -2.1172 0
667 -2.1173 0
502 -2.1173 0
849 -2.1208 0
161 -2.1271 0
483 -2.1295 0
952 -2.1358 0
208 -2.1448 0
1223 -2.1454 0
1400 -2.1475 0
1107 -2.1526 0
1086 -2.1533 0
1657 -2.1607 0
622 -2.1642 0
324 -2.1660 0
1085 -2.1690 0
301 -2.1702 0
1182 -2.1727 0
1927 -2.1735 0
101 -2.1751 0
1698 -2.1753 0
1393 -2.1769 0
718 -2.1788 0
1338 -2.1837 0
1538 -2.1846 0
1963 -2.1904 0
1292 -2.2019 0
763 -2.2052 0
1198 -2.2129 0
243 -2.2134 0
184 -2.2137 0
358 -2.2272 0
1093 -2.2283 0
241 -2.2286 0
732 -2.2290 0
1231 -2.2334 0
701 -2.2336 0
1145 -2.2354 0
716 -2.2364 0
144 -2.2370 0
928 -2.2372 0
932 -2.2384 0
1688 -2.2398 0
1448 -2.2421 0
1659 -2.2426 0
99 -2.2458 0
1667 -2.2515 0
1075 -2.2515 0
1770 -2.2564 0
538 -2.2638 0
1035 -2.2656 0
1669 -2.2760 0
1973 -2.2821 0
522 -2.2868 0
881 -2.2868 0
1264 -2.2915 0
1856 -2.2937 0
724 -2.2946 0
220 -2.2999 0
808 -2.3020 0
520 -2.3059 0
1689 -2.3157 0
1460 -2.3175 0
134 -2.3176 0
1916 -2.3253 0
775 -2.3254 0
391 -2.3257 0
479 -2.3267 0
1156 -2.3271 0
526 -2.3281 0
574 -2.3292 0
767 -2.3304 0
344 -2.3315 0
59 -2.3357 0
703 -2.3370 0
1481 -2.3373 0
139 -2.3422 0
309 -2.3438 0
1644 -2.3489 0
1057 -2.3499 0
720 -2.3520 0
284 -2.3554 0
1787 -2.3586 0
389 -2.3608 0
1690 -2.3615 0
1072 -2.3619 0
1650 -2.3635 0
981 -2.3651 0
388 -2.3748 0
1781 -2.3778 0
249 -2.3806 0
305 -2.3830 0
1008 -2.3844 0
1528 -2.3930 0
169 -2.3988 0
1422 -2.4110 0
740 -2.4112 0
971 -2.4272 0
488 -2.4284 0
1130 -2.4349 0
1296 -2.4364 0
326 -2.4436 0
1113 -2.4461 0
1661 -2.4527 0
1450 -2.4550 0
1314 -2.4642 0
1943 -2.4681 0
865 -2.4697 0
114 -2.4761 0
1654 -2.4848 0
1353 -2.4860 0
1516 -2.5001 0
1512 -2.5032 0
496 -2.5076 0
1468 -2.5134 0
1194 -2.5254 0
1273 -2.5276 0
1253 -2.5311 0
1592 -2.5350 0
749 -2.5374 0
1640 -2.5385 0
53 -2.5419 0
979 -2.5459 0
1019 -2.5513 0
1350 -2.5598 0
1988 -2.5636 0
374 -2.5649 0
1337 -2.5663 0
1250 -2.5677 0
1470 -2.5685 0
1499 -2.5722 0
422 -2.5744 0
960 -2.5808 0
964 -2.5908 0
1477 -2.5988 0
457 -2.6009 0
1209 -2.6159 0
464 -2.6212 0
1936 -2.6224 0
1515 -2.6244 0
1466 -2.6263 0
1405 -2.6389 0
670 -2.6420 0
1142 -2.6459 0
1384 -2.6588 0
398 -2.6610 0
1017 -2.6615 0
1942 -2.6651 0
1251 -2.6690 0
1636 -2.6710 0
1931 -2.6855 0
394 -2.6934 0
1171 -2.6937 0
356 -2.7059 0
1835 -2.7226 0
201 -2.7262 0
212 -2.7274 0
1451 -2.7281 0
329 -2.7412 0
826 -2.7430 0
172 -2.7481 0
1096 -2.7511 0
245 -2.7524 0
1111 -2.7534 0
1664 -2.7585 0
1488 -2.7604 0
1246 -2.7625 0
1286 -2.7907 0
1147 -2.7920 0
962 -2.7965 0
1692 -2.8018 0
900 -2.8028 0
378 -2.8083 0
1295 -2.8109 0
147 -2.8112 0
1061 -2.8183 0
1016 -2.8250 0
1012 -2.8252 0
1403 -2.8275 0
1922 -2.8320 0
1411 -2.8358 0
779 -2.8407 0
909 -2.8452 0
1187 -2.8493 0
373 -2.8510 0
722 -2.8511 0
1265 -2.8536 0
1641 -2.8660 0
1143 -2.8716 0
709 -2.8831 0
1683 -2.8910 0
1585 -2.9164 0
1631 -2.9165 0
1311 -2.9229 0
666 -2.9243 0
1316 -2.9308 0
1647 -2.9379 0
1921 -2.9423 0
1624 -2.9456 0
1685 -2.9494 0
1684 -2.9585 0
141 -2.9627 0
318 -2.9745 0
686 -2.9852 0
1677 -2.9861 0
236 -2.9976 0
1459 -3.0047 0
1679 -3.0085 0
1513 -3.0111 0
1097 -3.0140 0
523 -3.0290 0
1005 -3.0307 0
379 -3.0353 0
364 -3.0404 0
1840 -3.0446 0
1244 -3.0446 0
200 -3.0478 0
1979 -3.0489 0
735 -3.0583 0
795 -3.0602 0
372 -3.0637 0
1474 -3.0648 0
1859 -3.0734 0
135 -3.0763 0
377 -3.0966 0
369 -3.0975 0
1693 -3.1138 0
355 -3.1321 0
1345 -3.1352 0
381 -3.1416 0
311 -3.1421 0
1745 -3.1445 0
1694 -3.1483 0
1127 -3.1555 0
1678 -3.1563 0
1660 -3.1579 0
1663 -3.1669 0
884 -3.1782 0
1540 -3.1827 0
1479 -3.1932 0
1674 -3.1964 0
1991 -3.2075 0
1271 -3.2136 0
365 -3.2258 0
1278 -3.2266 0
1545 -3.2314 0
1222 -3.2329 0
694 -3.2475 0
756 -3.2479 0
465 -3.2567 0
1214 -3.2669 0
1013 -3.2717 0
1941 -3.2727 0
1799 -3.2792 0
1658 -3.2809 0
534 -3.2958 0
1600 -3.2965 0
874 -3.2980 0
990 -3.3056 0
1852 -3.3062 0
1565 -3.3112 0
1234 -3.3184 0
748 -3.3342 0
382 -3.3415 0
476 -3.3446 0
1810 -3.3474 0
1508 -3.3518 0
1752 -3.3558 0
1691 -3.3744 0
1682 -3.3751 0
277 -3.3772 0
1397 -3.3838 0
760 -3.3846 0
1401 -3.3917 0
136 -3.3921 0
453 -3.3942 0
1497 -3.4113 0
1637 -3.4213 0
539 -3.4220 0
1666 -3.4319 0
485 -3.4339 0
351 -3.4351 0
452 -3.4512 0
159 -3.4592 0
1186 -3.4801 0
957 -3.4935 0
487 -3.4961 0
1686 -3.5004 0
997 -3.5033 0
524 -3.5237 0
1237 -3.5295 0
1695 -3.5333 0
1671 -3.5507 0
1616 -3.5544 0
345 -3.5622 0
713 -3.5798 0
1294 -3.5850 0
1283 -3.5882 0
1476 -3.5888 0
1456 -3.6139 0
360 -3.6238 0
1900 -3.6242 0
1272 -3.6271 0
1293 -3.6301 0
217 -3.6348 0
179 -3.6531 0
357 -3.6542 0
461 -3.6608 0
676 -3.6659 0
456 -3.7028 0
113 -3.7159 0
1218 -3.7197 0
697 -3.7246 0
151 -3.7304 0
1905 -3.7375 0
1967 -3.7426 0
1638 -3.7480 0
708 -3.7683 0
1495 -3.8014 0
1465 -3.8203 0
188 -3.8509 0
821 -3.8564 0
304 -3.8779 0
192 -3.8830 0
1668 -3.9032 0
165 -3.9113 0
202 -3.9138 0
1652 -3.9236 0
1297 -3.9400 0
1989 -3.9456 0
1904 -3.9533 0
731 -3.9688 0
1843 -3.9911 0
140 -4.0066 0
1090 -4.0089 0
1241 -4.0418 0
1009 -4.0531 0
359 -4.0740 0
1681 -4.1411 0
125 -4.1518 0
727 -4.1775 0
1047 -4.2021 0
1180 -4.2202 0
350 -4.2521 0
1812 -4.2714 0
1511 -4.2953 0
733 -4.3009 0
792 -4.3433 0
390 -4.3516 0
1206 -4.3561 0
1207 -4.3933 0
1228 -4.5178 0
730 -4.5525 0
363 -4.5870 0
1662 -4.6532 0
1665 -4.6549 0
376 -4.6839 0
1007 -4.7120 0
1327 -4.7615 0
1975 -4.7810 0
168 -4.8198 0
1282 -4.8573 0
689 -4.8594 0
1536 -4.9354 0
1331 -4.9584 0
1462 -5.0089 0
1533 -5.0480 0
714 -5.1357 0
353 -5.1637 0
1676 -5.1769 0
955 -5.2413 0
361 -5.3128 0
777 -5.3797 0
396 -5.5194 0
762 -5.5385 0
1673 -5.6555 0
1480 -5.7301 0
1416 -5.9119 0
705 -6.1632 0
717 -7.5250 0
746 -8.6407 0
