79 33.4230 1
98 29.9244 1
95 26.4238 1
92 24.9933 1
70 22.5163 1
89 22.0989 1
54 21.1884 1
61 20.6431 1
63 20.2913 1
96 20.1184 1
71 19.3419 1
82 19.3170 1
56 19.3076 1
62 18.9554 1
64 18.7371 1
76 18.4012 1
51 18.3393 1
74 18.2265 1
69 18.1885 1
67 18.1407 1
80 18.0312 1
57 17.3016 1
1746 16.7943 0
94 16.6191 1
60 16.4596 1
83 16.3772 1
58 16.1402 1
50 16.1217 1
55 16.0949 1
1730 15.8784 0
1718 15.3225 0
81 15.3207 1
75 15.1083 1
1748 14.7588 0
86 14.4967 1
84 14.0463 1
1729 14.0246 0
90 13.6737 1
294 13.6459 0
78 13.4727 1
99 13.2803 1
91 13.1791 1
72 13.1048 1
1744 13.0479 0
1740 12.6657 0
77 12.6330 1
85 12.4228 1
88 12.2485 1
1720 11.9871 0
59 11.8072 1
53 11.7899 1
121 11.5184 0
1706 11.5123 0
52 11.0420 1
68 10.9365 1
1130 10.1995 0
1700 10.0962 0
1732 9.9398 0
93 9.9055 1
1731 9.8740 0
1702 9.8583 0
1825 9.7594 0
1815 9.6622 0
1709 9.5541 0
1716 9.5467 0
1736 9.3251 0
1773 9.3174 0
1735 9.3086 0
1712 9.1654 0
87 8.9369 1
1721 8.9224 0
1707 8.6820 0
97 8.6667 1
1722 8.6608 0
1742 8.6376 0
1725 8.6307 0
1747 8.6307 0
1819 8.5844 0
1701 8.2274 0
1734 8.2267 0
1726 8.1006 0
1198 8.0372 0
1715 7.9791 0
284 7.6650 0
73 7.6485 1
1571 7.5117 0
251 7.5030 0
267 7.4021 0
1042 7.3839 0
1506 7.2710 0
66 7.2149 1
1723 7.2129 0
22 7.0596 0
1743 7.0465 0
283 7.0414 0
1708 6.8948 0
1814 6.8169 0
934 6.6864 0
298 6.5915 0
1724 6.5360 0
1182 6.5262 0
1711 6.4253 0
955 6.3365 0
1189 6.3263 0
1749 6.2939 0
1854 6.2749 0
1717 6.2713 0
1018 6.2098 0
642 6.1954 0
490 6.1652 0
605 6.1522 0
1849 6.0348 0
1719 5.9910 0
1792 5.9720 0
499 5.8437 0
895 5.7743 0
261 5.7418 0
1153 5.6991 0
1737 5.6210 0
638 5.6157 0
1952 5.5297 0
1185 5.4363 0
1301 5.4043 0
1846 5.3774 0
5 5.3632 0
272 5.3290 0
154 5.3053 0
1156 5.3022 0
1836 5.2626 0
1828 5.2164 0
1239 5.2097 0
1770 5.1910 0
193 5.1639 0
259 5.0121 0
217 4.9918 0
1316 4.9850 0
1820 4.9523 0
1183 4.8832 0
1844 4.8702 0
1801 4.8179 0
1843 4.8051 0
191 4.7862 0
1750 4.7459 0
1816 4.7241 0
1579 4.7195 0
1175 4.7127 0
1883 4.6829 0
623 4.6695 0
1783 4.5876 0
1308 4.5136 0
1387 4.4063 0
1848 4.4032 0
1727 4.3934 0
1804 4.3590 0
1889 4.3503 0
65 4.3395 1
985 4.2660 0
277 4.2236 0
168 4.1925 0
1163 4.1642 0
644 4.1140 0
1361 4.0725 0
1807 4.0428 0
1703 3.9874 0
1509 3.9768 0
1888 3.9694 0
1166 3.9605 0
1851 3.9327 0
1733 3.8997 0
468 3.8365 0
258 3.8318 0
1821 3.8220 0
1817 3.8072 0
1169 3.7971 0
1389 3.7740 0
1833 3.7530 0
1958 3.7528 0
171 3.7462 0
1714 3.7378 0
1728 3.7323 0
1176 3.7231 0
861 3.7121 0
214 3.7100 0
1102 3.6397 0
781 3.6315 0
39 3.5626 0
1196 3.5524 0
195 3.5183 0
793 3.5157 0
296 3.4993 0
603 3.4970 0
1037 3.4680 0
116 3.4564 0
192 3.4281 0
648 3.4220 0
1326 3.3830 0
1757 3.3483 0
1035 3.3165 0
1241 3.3107 0
1304 3.3025 0
1996 3.2903 0
1502 3.2572 0
27 3.2560 0
1811 3.2256 0
1798 3.2238 0
1402 3.2152 0
1534 3.2082 0
627 3.1627 0
899 3.1599 0
1869 3.1562 0
722 3.1291 0
1841 3.1260 0
275 3.1187 0
1565 3.1045 0
929 3.0870 0
1713 3.0693 0
288 3.0689 0
286 3.0610 0
789 3.0600 0
1826 3.0540 0
1 3.0338 0
794 3.0310 0
1151 3.0172 0
1805 2.9686 0
1802 2.9658 0
1847 2.9643 0
1835 2.9536 0
404 2.9475 0
619 2.9475 0
254 2.9457 0
1834 2.9390 0
174 2.9379 0
1840 2.8950 0
167 2.8754 0
1598 2.8666 0
428 2.8360 0
1117 2.8331 0
1845 2.8302 0
635 2.8220 0
608 2.8156 0
859 2.8127 0
1909 2.7975 0
616 2.7958 0
799 2.7598 0
1705 2.7536 0
1885 2.7309 0
1813 2.7263 0
640 2.7056 0
1778 2.7026 0
736 2.6921 0
465 2.6903 0
280 2.6887 0
614 2.6641 0
305 2.6560 0
274 2.6545 0
1867 2.6409 0
1172 2.6259 0
1252 2.6176 0
1745 2.5652 0
1133 2.5647 0
1015 2.5640 0
1197 2.5595 0
1788 2.5514 0
1046 2.4809 0
414 2.4772 0
169 2.4758 0
610 2.4604 0
26 2.4572 0
1574 2.4493 0
1822 2.4465 0
976 2.4442 0
221 2.4372 0
1111 2.4364 0
1331 2.4349 0
1752 2.4337 0
1789 2.3896 0
401 2.3895 0
1313 2.3819 0
1231 2.3796 0
1278 2.3605 0
742 2.3578 0
1036 2.3467 0
1780 2.3061 0
633 2.2974 0
216 2.2561 0
1808 2.2548 0
1445 2.2488 0
1704 2.2486 0
593 2.2471 0
1136 2.2463 0
1195 2.2396 0
10 2.2372 0
150 2.2293 0
1377 2.2256 0
142 2.2182 0
1583 2.2140 0
650 2.2084 0
290 2.2031 0
520 2.1982 0
1174 2.1853 0
1150 2.1779 0
1824 2.1756 0
342 2.1670 0
481 2.1591 0
213 2.1502 0
882 2.1346 0
190 2.1202 0
1005 2.1198 0
790 2.1047 0
866 2.1013 0
932 2.0984 0
1177 2.0979 0
289 2.0900 0
877 2.0895 0
407 2.0453 0
1761 2.0241 0
1386 2.0171 0
1765 2.0124 0
598 2.0088 0
1563 2.0077 0
1034 1.9959 0
287 1.9790 0
1710 1.9787 0
1457 1.9761 0
513 1.9728 0
766 1.9712 0
1044 1.9702 0
223 1.9640 0
1539 1.9635 0
461 1.9378 0
1168 1.9348 0
1367 1.9322 0
1339 1.9230 0
578 1.9150 0
1914 1.9136 0
1299 1.8949 0
1592 1.8900 0
1864 1.8694 0
1790 1.8666 0
580 1.8663 0
1758 1.8658 0
849 1.8546 0
335 1.8476 0
143 1.8414 0
1338 1.8344 0
1354 1.8330 0
1179 1.8151 0
1312 1.8070 0
1152 1.8062 0
1795 1.7984 0
813 1.7956 0
855 1.7843 0
843 1.7798 0
498 1.7794 0
1160 1.7704 0
1004 1.7673 0
1013 1.7535 0
1210 1.7478 0
1818 1.7433 0
1016 1.7295 0
285 1.7247 0
1593 1.7059 0
1919 1.6877 0
1564 1.6860 0
788 1.6765 0
631 1.6764 0
390 1.6753 0
1192 1.6752 0
543 1.6587 0
1556 1.6586 0
1541 1.6542 0
281 1.6528 0
1199 1.6479 0
570 1.6458 0
1823 1.6456 0
1793 1.6327 0
1812 1.6296 0
706 1.6292 0
1580 1.6231 0
467 1.6102 0
1577 1.6034 0
599 1.6005 0
618 1.5979 0
589 1.5977 0
562 1.5816 0
1405 1.5738 0
862 1.5671 0
1029 1.5656 0
357 1.5635 0
101 1.5472 0
1317 1.5435 0
1323 1.5393 0
721 1.5310 0
397 1.5252 0
876 1.5220 0
1280 1.5181 0
181 1.5154 0
1803 1.5051 0
575 1.5032 0
1008 1.5030 0
1940 1.5025 0
140 1.4995 0
1905 1.4926 0
149 1.4924 0
711 1.4859 0
1507 1.4661 0
1254 1.4589 0
391 1.4499 0
1859 1.4454 0
1739 1.4416 0
1223 1.4377 0
567 1.4305 0
1391 1.4275 0
1876 1.4247 0
1277 1.4208 0
1118 1.4192 0
772 1.4172 0
1594 1.4148 0
430 1.4132 0
197 1.4075 0
956 1.4013 0
4 1.3935 0
558 1.3890 0
21 1.3879 0
395 1.3798 0
1393 1.3768 0
1866 1.3741 0
1681 1.3670 0
1298 1.3654 0
587 1.3588 0
456 1.3577 0
11 1.3566 0
1028 1.3523 0
1001 1.3495 0
1027 1.3286 0
392 1.3231 0
857 1.3140 0
1865 1.3077 0
1472 1.3060 0
702 1.3025 0
586 1.2934 0
270 1.2931 0
48 1.2913 0
1992 1.2899 0
1800 1.2899 0
1369 1.2714 0
1558 1.2709 0
1474 1.2693 0
406 1.2669 0
1590 1.2653 0
573 1.2615 0
175 1.2601 0
451 1.2580 0
559 1.2529 0
1754 1.2462 0
292 1.2447 0
787 1.2355 0
865 1.2231 0
111 1.2160 0
1026 1.2139 0
1965 1.2128 0
434 1.2100 0
821 1.2000 0
276 1.1991 0
534 1.1936 0
1856 1.1923 0
904 1.1900 0
1931 1.1890 0
1934 1.1869 0
858 1.1826 0
28 1.1686 0
1343 1.1652 0
436 1.1651 0
1994 1.1645 0
232 1.1556 0
330 1.1508 0
250 1.1499 0
730 1.1352 0
1201 1.1343 0
1167 1.1256 0
1467 1.1247 0
1171 1.1123 0
1630 1.1061 0
1327 1.1049 0
833 1.1049 0
1827 1.1039 0
1454 1.0995 0
915 1.0983 0
1926 1.0970 0
466 1.0966 0
1964 1.0856 0
474 1.0774 0
1399 1.0741 0
199 1.0720 0
347 1.0600 0
860 1.0543 0
761 1.0516 0
805 1.0485 0
749 1.0403 0
1480 1.0372 0
563 1.0340 0
1038 1.0338 0
679 1.0336 0
868 1.0285 0
554 1.0119 0
459 1.0044 0
1342 0.9996 0
864 0.9991 0
120 0.9964 0
386 0.9920 0
1200 0.9898 0
765 0.9856 0
1862 0.9815 0
476 0.9782 0
797 0.9744 0
1530 0.9687 0
1129 0.9679 0
1423 0.9673 0
316 0.9609 0
503 0.9539 0
134 0.9508 0
1173 0.9391 0
875 0.9347 0
159 0.9307 0
1785 0.9279 0
720 0.9275 0
1665 0.9206 0
776 0.9202 0
1831 0.9193 0
1392 0.9140 0
1984 0.9126 0
350 0.9073 0
219 0.9060 0
242 0.8908 0
961 0.8847 0
1181 0.8836 0
1233 0.8836 0
1157 0.8817 0
1378 0.8690 0
173 0.8674 0
432 0.8673 0
891 0.8497 0
1435 0.8427 0
263 0.8415 0
122 0.8390 0
727 0.8326 0
1493 0.8114 0
145 0.8105 0
1521 0.8081 0
108 0.8023 0
1988 0.7973 0
1250 0.7955 0
1751 0.7845 0
1601 0.7788 0
1559 0.7740 0
685 0.7728 0
130 0.7711 0
1566 0.7675 0
838 0.7642 0
770 0.7515 0
1458 0.7435 0
703 0.7412 0
1335 0.7408 0
1595 0.7369 0
1022 0.7332 0
1666 0.7327 0
655 0.7323 0
1690 0.7220 0
1058 0.7160 0
409 0.7141 0
1741 0.7120 0
919 0.7081 0
1927 0.7072 0
1089 0.7054 0
0 0.7046 0
1561 0.7039 0
1165 0.7025 0
1660 0.6987 0
1269 0.6970 0
429 0.6892 0
355 0.6777 0
641 0.6769 0
625 0.6760 0
1562 0.6752 0
489 0.6719 0
1294 0.6687 0
1553 0.6640 0
394 0.6545 0
374 0.6505 0
851 0.6475 0
968 0.6462 0
1586 0.6325 0
23 0.6237 0
1084 0.6203 0
1873 0.6165 0
1373 0.6151 0
364 0.6085 0
1650 0.6081 0
1897 0.6037 0
334 0.6033 0
1209 0.6028 0
417 0.5998 0
1064 0.5993 0
1903 0.5943 0
1341 0.5753 0
1011 0.5692 0
1832 0.5589 0
1009 0.5582 0
1017 0.5531 0
1809 0.5453 0
1045 0.5451 0
759 0.5449 0
1784 0.5346 0
1698 0.5245 0
255 0.5206 0
651 0.5187 0
683 0.5178 0
632 0.5153 0
1143 0.5133 0
892 0.5090 0
1925 0.5089 0
1023 0.5000 0
356 0.4974 0
609 0.4952 0
615 0.4933 0
1910 0.4913 0
1306 0.4837 0
1872 0.4804 0
1887 0.4742 0
1187 0.4728 0
196 0.4712 0
177 0.4695 0
709 0.4674 0
611 0.4673 0
1829 0.4627 0
975 0.4624 0
1193 0.4603 0
1898 0.4580 0
798 0.4529 0
1855 0.4509 0
1608 0.4494 0
1781 0.4468 0
279 0.4419 0
321 0.4405 0
522 0.4362 0
123 0.4358 0
1838 0.4350 0
903 0.4024 0
591 0.3906 0
360 0.3859 0
135 0.3855 0
383 0.3693 0
1503 0.3659 0
1412 0.3585 0
597 0.3466 0
393 0.3439 0
1881 0.3434 0
1775 0.3432 0
1080 0.3404 0
1523 0.3375 0
592 0.3356 0
37 0.3332 0
415 0.3205 0
179 0.3125 0
701 0.3021 0
412 0.3018 0
1158 0.2894 0
247 0.2871 0
542 0.2813 0
1544 0.2813 0
1255 0.2757 0
431 0.2727 0
293 0.2726 0
1019 0.2722 0
189 0.2683 0
1573 0.2595 0
1362 0.2578 0
1275 0.2541 0
1363 0.2437 0
1696 0.2412 0
773 0.2355 0
160 0.2314 0
1774 0.2273 0
1390 0.2265 0
346 0.2263 0
477 0.2238 0
161 0.2201 0
951 0.2141 0
886 0.2124 0
1515 0.2117 0
695 0.2109 0
1868 0.2099 0
548 0.1986 0
495 0.1969 0
313 0.1937 0
1381 0.1905 0
231 0.1805 0
746 0.1802 0
1131 0.1588 0
561 0.1587 0
1794 0.1582 0
1995 0.1562 0
1860 0.1534 0
1900 0.1484 0
141 0.1402 0
1322 0.1393 0
630 0.1366 0
792 0.1357 0
1871 0.1341 0
368 0.1276 0
1806 0.1166 0
1582 0.1162 0
912 0.1126 0
389 0.1124 0
533 0.1051 0
194 0.0937 0
105 0.0934 0
572 0.0928 0
871 0.0876 0
1429 0.0856 0
1258 0.0851 0
370 0.0807 0
1526 0.0759 0
729 0.0702 0
1510 0.0670 0
894 0.0520 0
1315 0.0504 0
629 0.0410 0
1452 0.0390 0
19 0.0306 0
2 0.0294 0
850 0.0284 0
1853 0.0284 0
433 0.0230 0
588 0.0213 0
758 0.0209 0
1948 0.0191 0
29 0.0185 0
1501 0.0052 0
1936 0.0050 0
1145 0.0019 0
1076 -0.0002 0
828 -0.0079 0
1279 -0.0108 0
163 -0.0179 0
1870 -0.0210 0
1459 -0.0223 0
500 -0.0243 0
523 -0.0256 0
845 -0.0392 0
555 -0.0461 0
148 -0.0486 0
1537 -0.0506 0
977 -0.0549 0
556 -0.0563 0
780 -0.0578 0
1967 -0.0660 0
1334 -0.0666 0
448 -0.0670 0
375 -0.0678 0
1033 -0.0690 0
444 -0.0722 0
1891 -0.0742 0
1699 -0.0823 0
979 -0.0839 0
358 -0.0859 0
138 -0.0905 0
265 -0.0916 0
1365 -0.0951 0
802 -0.0956 0
837 -0.0978 0
1932 -0.1077 0
1791 -0.1092 0
1155 -0.1121 0
1517 -0.1126 0
596 -0.1157 0
712 -0.1165 0
935 -0.1174 0
1610 -0.1200 0
269 -0.1206 0
333 -0.1215 0
253 -0.1263 0
104 -0.1321 0
816 -0.1378 0
1484 -0.1425 0
1915 -0.1448 0
1991 -0.1534 0
896 -0.1540 0
1756 -0.1560 0
376 -0.1633 0
1139 -0.1669 0
1471 -0.1669 0
1440 -0.1674 0
320 -0.1678 0
1140 -0.1691 0
1372 -0.1707 0
1667 -0.1778 0
351 -0.1802 0
46 -0.1899 0
454 -0.1924 0
617 -0.2000 0
1572 -0.2036 0
1398 -0.2063 0
733 -0.2100 0
1049 -0.2114 0
1014 -0.2131 0
114 -0.2171 0
883 -0.2187 0
718 -0.2228 0
124 -0.2229 0
999 -0.2267 0
1360 -0.2278 0
1288 -0.2308 0
1505 -0.2323 0
815 -0.2433 0
1262 -0.2482 0
33 -0.2482 0
387 -0.2553 0
885 -0.2626 0
457 -0.2645 0
719 -0.2651 0
852 -0.2658 0
323 -0.2687 0
1549 -0.2807 0
560 -0.2840 0
745 -0.2846 0
750 -0.2891 0
953 -0.2896 0
643 -0.2918 0
1395 -0.3003 0
396 -0.3031 0
1324 -0.3160 0
887 -0.3199 0
757 -0.3278 0
16 -0.3295 0
1895 -0.3323 0
314 -0.3344 0
210 -0.3367 0
873 -0.3385 0
15 -0.3451 0
723 -0.3465 0
1933 -0.3499 0
1420 -0.3512 0
1607 -0.3512 0
1766 -0.3547 0
1065 -0.3578 0
252 -0.3598 0
1202 -0.3636 0
1486 -0.3666 0
1682 -0.3691 0
768 -0.3761 0
18 -0.3769 0
1570 -0.3784 0
1738 -0.3883 0
717 -0.3904 0
445 -0.4092 0
1144 -0.4115 0
304 -0.4118 0
545 -0.4143 0
238 -0.4146 0
1260 -0.4178 0
439 -0.4198 0
1127 -0.4329 0
354 -0.4343 0
435 -0.4375 0
229 -0.4384 0
1417 -0.4405 0
1439 -0.4446 0
1787 -0.4491 0
820 -0.4503 0
1799 -0.4509 0
1441 -0.4535 0
297 -0.4549 0
1401 -0.4568 0
1404 -0.4607 0
1190 -0.4645 0
1768 -0.4652 0
1990 -0.4690 0
566 -0.4697 0
463 -0.4736 0
1957 -0.4781 0
1886 -0.4799 0
1249 -0.4810 0
153 -0.4832 0
1528 -0.4835 0
388 -0.4838 0
732 -0.4877 0
1245 -0.4902 0
552 -0.4936 0
382 -0.4936 0
856 -0.4999 0
1942 -0.5033 0
1753 -0.5039 0
479 -0.5054 0
1040 -0.5073 0
1651 -0.5114 0
1469 -0.5117 0
1861 -0.5136 0
1347 -0.5171 0
1284 -0.5197 0
1842 -0.5254 0
1066 -0.5307 0
1091 -0.5359 0
739 -0.5361 0
707 -0.5363 0
1504 -0.5381 0
1349 -0.5381 0
553 -0.5426 0
420 -0.5468 0
677 -0.5484 0
826 -0.5496 0
1576 -0.5540 0
1587 -0.5568 0
273 -0.5569 0
209 -0.5584 0
43 -0.5594 0
1999 -0.5697 0
424 -0.5716 0
362 -0.5718 0
848 -0.5727 0
180 -0.5799 0
1858 -0.5836 0
1918 -0.5882 0
1228 -0.5927 0
317 -0.5944 0
647 -0.5945 0
1094 -0.5951 0
1351 -0.5974 0
925 -0.6008 0
726 -0.6050 0
1274 -0.6105 0
1520 -0.6192 0
419 -0.6225 0
1447 -0.6259 0
1055 -0.6279 0
1218 -0.6320 0
1319 -0.6399 0
240 -0.6415 0
878 -0.6445 0
1519 -0.6448 0
488 -0.6494 0
526 -0.6526 0
413 -0.6593 0
1928 -0.6598 0
1499 -0.6605 0
1039 -0.6636 0
753 -0.6708 0
332 -0.6734 0
1444 -0.6752 0
538 -0.6826 0
1159 -0.6853 0
1407 -0.6872 0
243 -0.6905 0
422 -0.6921 0
1589 -0.6926 0
810 -0.6945 0
353 -0.7011 0
1496 -0.7012 0
1591 -0.7039 0
403 -0.7080 0
1289 -0.7123 0
200 -0.7147 0
913 -0.7147 0
1643 -0.7178 0
584 -0.7206 0
621 -0.7241 0
487 -0.7245 0
1446 -0.7261 0
692 -0.7266 0
1488 -0.7267 0
371 -0.7273 0
1569 -0.7321 0
853 -0.7407 0
1350 -0.7422 0
713 -0.7438 0
9 -0.7504 0
836 -0.7562 0
369 -0.7595 0
1203 -0.7600 0
1516 -0.7646 0
767 -0.7648 0
1463 -0.7682 0
1243 -0.7689 0
1930 -0.7693 0
469 -0.7753 0
775 -0.7761 0
1425 -0.7773 0
1225 -0.7801 0
1214 -0.7859 0
239 -0.7909 0
44 -0.7932 0
352 -0.7958 0
1180 -0.7958 0
1346 -0.7968 0
475 -0.7994 0
1374 -0.7994 0
1902 -0.8084 0
462 -0.8084 0
446 -0.8133 0
1051 -0.8162 0
139 -0.8196 0
880 -0.8224 0
172 -0.8228 0
1532 -0.8237 0
1943 -0.8244 0
447 -0.8247 0
1554 -0.8256 0
928 -0.8283 0
1555 -0.8326 0
1332 -0.8369 0
743 -0.8414 0
846 -0.8416 0
1830 -0.8472 0
1024 -0.8497 0
1292 -0.8500 0
530 -0.8519 0
1797 -0.8533 0
824 -0.8558 0
1418 -0.8562 0
541 -0.8580 0
137 -0.8586 0
1141 -0.8588 0
924 -0.8590 0
1668 -0.8616 0
1266 -0.8633 0
1937 -0.8680 0
668 -0.8704 0
1473 -0.8712 0
1649 -0.8738 0
931 -0.8755 0
107 -0.8775 0
187 -0.8798 0
1596 -0.8836 0
735 -0.8859 0
367 -0.8921 0
1307 -0.8945 0
911 -0.8951 0
1433 -0.8960 0
590 -0.8962 0
565 -0.8978 0
423 -0.9028 0
779 -0.9036 0
1370 -0.9040 0
1557 -0.9042 0
1356 -0.9088 0
1772 -0.9135 0
1546 -0.9142 0
965 -0.9161 0
990 -0.9213 0
1154 -0.9218 0
1359 -0.9222 0
380 -0.9237 0
646 -0.9250 0
1850 -0.9282 0
225 -0.9293 0
740 -0.9293 0
700 -0.9325 0
1348 -0.9344 0
943 -0.9363 0
1529 -0.9487 0
453 -0.9510 0
366 -0.9549 0
747 -0.9602 0
1481 -0.9621 0
152 -0.9662 0
676 -0.9716 0
170 -0.9735 0
809 -0.9770 0
1344 -0.9810 0
410 -0.9935 0
1105 -0.9941 0
1226 -0.9943 0
1025 -0.9946 0
698 -1.0056 0
620 -1.0078 0
1661 -1.0095 0
748 -1.0128 0
708 -1.0135 0
1431 -1.0150 0
226 -1.0223 0
728 -1.0281 0
1451 -1.0304 0
486 -1.0318 0
230 -1.0325 0
981 -1.0350 0
295 -1.0382 0
539 -1.0387 0
1961 -1.0421 0
1162 -1.0432 0
1945 -1.0519 0
569 -1.0562 0
234 -1.0574 0
237 -1.0577 0
1191 -1.0589 0
1383 -1.0607 0
164 -1.0647 0
248 -1.0672 0
40 -1.0697 0
1397 -1.0755 0
505 -1.0783 0
1432 -1.0805 0
585 -1.0863 0
1240 -1.0912 0
1062 -1.0982 0
449 -1.0989 0
939 -1.1035 0
1912 -1.1040 0
1578 -1.1055 0
634 -1.1076 0
1771 -1.1082 0
948 -1.1091 0
1950 -1.1137 0
303 -1.1137 0
1380 -1.1174 0
672 -1.1174 0
938 -1.1183 0
235 -1.1199 0
1264 -1.1225 0
636 -1.1240 0
1536 -1.1257 0
512 -1.1281 0
151 -1.1282 0
1953 -1.1315 0
1340 -1.1331 0
564 -1.1356 0
1908 -1.1412 0
384 -1.1430 0
1863 -1.1446 0
1186 -1.1454 0
1394 -1.1465 0
1070 -1.1493 0
1567 -1.1532 0
983 -1.1560 0
1692 -1.1579 0
1892 -1.1585 0
1030 -1.1648 0
1678 -1.1650 0
260 -1.1659 0
1048 -1.1735 0
1689 -1.1771 0
1170 -1.1870 0
1779 -1.1926 0
1007 -1.1989 0
1476 -1.2008 0
993 -1.2015 0
760 -1.2018 0
888 -1.2025 0
659 -1.2104 0
345 -1.2191 0
115 -1.2200 0
1969 -1.2205 0
1318 -1.2205 0
1077 -1.2230 0
34 -1.2231 0
483 -1.2240 0
361 -1.2250 0
411 -1.2282 0
900 -1.2306 0
1879 -1.2322 0
1837 -1.2334 0
24 -1.2339 0
1896 -1.2359 0
385 -1.2392 0
738 -1.2428 0
832 -1.2433 0
256 -1.2438 0
529 -1.2450 0
1989 -1.2451 0
1657 -1.2452 0
132 -1.2457 0
176 -1.2538 0
1054 -1.2542 0
952 -1.2549 0
808 -1.2574 0
1635 -1.2591 0
537 -1.2678 0
1031 -1.2748 0
1126 -1.2777 0
1379 -1.2778 0
576 -1.2780 0
442 -1.2794 0
996 -1.2847 0
245 -1.2855 0
1248 -1.2892 0
710 -1.2894 0
1686 -1.2898 0
336 -1.2996 0
889 -1.3001 0
1857 -1.3026 0
1072 -1.3062 0
1419 -1.3064 0
881 -1.3079 0
777 -1.3103 0
994 -1.3124 0
1161 -1.3184 0
1229 -1.3187 0
547 -1.3209 0
1568 -1.3222 0
571 -1.3223 0
493 -1.3240 0
1656 -1.3247 0
847 -1.3260 0
807 -1.3281 0
1642 -1.3292 0
613 -1.3300 0
1498 -1.3323 0
1482 -1.3337 0
202 -1.3355 0
211 -1.3373 0
325 -1.3385 0
1664 -1.3398 0
1396 -1.3452 0
1782 -1.3476 0
1777 -1.3482 0
331 -1.3487 0
1917 -1.3494 0
527 -1.3512 0
1552 -1.3523 0
1693 -1.3533 0
839 -1.3558 0
182 -1.3588 0
1893 -1.3611 0
1400 -1.3653 0
1164 -1.3686 0
1993 -1.3690 0
220 -1.3712 0
1533 -1.3725 0
1345 -1.3770 0
20 -1.3812 0
989 -1.3848 0
1227 -1.3869 0
379 -1.3886 0
1606 -1.3914 0
158 -1.3921 0
455 -1.3959 0
1492 -1.3969 0
437 -1.3976 0
1142 -1.3977 0
872 -1.4000 0
1123 -1.4008 0
1251 -1.4026 0
540 -1.4050 0
497 -1.4084 0
664 -1.4090 0
1491 -1.4111 0
823 -1.4136 0
112 -1.4212 0
1477 -1.4241 0
774 -1.4263 0
416 -1.4282 0
1611 -1.4300 0
1485 -1.4351 0
1057 -1.4448 0
1135 -1.4465 0
278 -1.4479 0
1003 -1.4522 0
1256 -1.4589 0
1041 -1.4607 0
1194 -1.4615 0
962 -1.4649 0
771 -1.4713 0
1333 -1.4713 0
874 -1.4761 0
1531 -1.4861 0
1460 -1.4875 0
399 -1.4885 0
639 -1.4895 0
1021 -1.4934 0
577 -1.4967 0
178 -1.4981 0
741 -1.5001 0
1456 -1.5009 0
946 -1.5023 0
1982 -1.5031 0
1442 -1.5039 0
524 -1.5086 0
762 -1.5087 0
1281 -1.5092 0
1602 -1.5098 0
1087 -1.5105 0
579 -1.5173 0
1514 -1.5253 0
1759 -1.5308 0
1329 -1.5333 0
806 -1.5423 0
1384 -1.5457 0
1068 -1.5483 0
299 -1.5533 0
1443 -1.5533 0
1998 -1.5542 0
41 -1.5560 0
1877 -1.5606 0
310 -1.5615 0
1560 -1.5638 0
1687 -1.5650 0
228 -1.5672 0
626 -1.5710 0
944 -1.5751 0
1328 -1.5788 0
491 -1.5798 0
1246 -1.5802 0
1259 -1.5805 0
1290 -1.5822 0
898 -1.5830 0
986 -1.5901 0
1450 -1.5909 0
1213 -1.5927 0
1671 -1.5938 0
1337 -1.5938 0
1212 -1.5971 0
769 -1.6004 0
1979 -1.6024 0
306 -1.6067 0
657 -1.6075 0
1204 -1.6134 0
897 -1.6230 0
1053 -1.6231 0
184 -1.6254 0
930 -1.6254 0
1137 -1.6260 0
914 -1.6311 0
1597 -1.6317 0
1464 -1.6347 0
144 -1.6456 0
1052 -1.6465 0
1074 -1.6605 0
208 -1.6639 0
1755 -1.6645 0
594 -1.6669 0
344 -1.6677 0
1314 -1.6681 0
817 -1.6715 0
1188 -1.6747 0
185 -1.6754 0
1763 -1.6777 0
1216 -1.6786 0
1612 -1.6857 0
1012 -1.6876 0
205 -1.6898 0
1512 -1.6913 0
38 -1.6953 0
1941 -1.7001 0
1293 -1.7048 0
136 -1.7079 0
1921 -1.7166 0
1371 -1.7237 0
1478 -1.7249 0
704 -1.7263 0
1609 -1.7266 0
1116 -1.7277 0
1321 -1.7285 0
1242 -1.7339 0
680 -1.7340 0
1422 -1.7373 0
830 -1.7388 0
1122 -1.7409 0
1764 -1.7433 0
201 -1.7454 0
125 -1.7470 0
984 -1.7496 0
1899 -1.7534 0
918 -1.7574 0
551 -1.7579 0
1971 -1.7598 0
485 -1.7634 0
1584 -1.7645 0
854 -1.7653 0
734 -1.7707 0
662 -1.7751 0
1620 -1.7765 0
1107 -1.7766 0
978 -1.7840 0
119 -1.7906 0
1890 -1.7942 0
381 -1.7967 0
1655 -1.7972 0
1355 -1.7999 0
1208 -1.8021 0
535 -1.8033 0
1924 -1.8033 0
365 -1.8077 0
103 -1.8093 0
1627 -1.8094 0
1296 -1.8121 0
1677 -1.8141 0
1215 -1.8204 0
1273 -1.8216 0
693 -1.8243 0
818 -1.8249 0
506 -1.8250 0
514 -1.8265 0
1675 -1.8287 0
1178 -1.8298 0
1222 -1.8349 0
678 -1.8381 0
458 -1.8497 0
341 -1.8526 0
624 -1.8535 0
941 -1.8567 0
1653 -1.8574 0
689 -1.8576 0
1513 -1.8591 0
893 -1.8612 0
1483 -1.8643 0
1581 -1.8669 0
1375 -1.8714 0
870 -1.8784 0
425 -1.8785 0
945 -1.8791 0
1263 -1.8798 0
30 -1.8817 0
501 -1.8837 0
1453 -1.8856 0
1309 -1.8892 0
963 -1.8901 0
1585 -1.8925 0
1078 -1.8942 0
1032 -1.8954 0
1669 -1.8981 0
212 -1.8992 0
1148 -1.9054 0
494 -1.9059 0
1679 -1.9091 0
705 -1.9102 0
783 -1.9134 0
863 -1.9137 0
1097 -1.9190 0
1120 -1.9228 0
262 -1.9253 0
337 -1.9268 0
372 -1.9415 0
1059 -1.9444 0
1050 -1.9457 0
812 -1.9458 0
359 -1.9518 0
1095 -1.9520 0
825 -1.9588 0
1125 -1.9596 0
207 -1.9597 0
1839 -1.9620 0
1237 -1.9657 0
583 -1.9658 0
244 -1.9685 0
1962 -1.9738 0
473 -1.9766 0
6 -1.9782 0
147 -1.9859 0
804 -1.9977 0
1438 -1.9984 0
665 -2.0051 0
8 -2.0124 0
1997 -2.0154 0
1981 -2.0232 0
1551 -2.0319 0
910 -2.0337 0
574 -2.0340 0
328 -2.0376 0
969 -2.0408 0
1352 -2.0439 0
1874 -2.0467 0
796 -2.0503 0
1786 -2.0527 0
1244 -2.0597 0
1410 -2.0611 0
1224 -2.0688 0
308 -2.0700 0
443 -2.0707 0
450 -2.0724 0
1542 -2.0731 0
1376 -2.0780 0
1272 -2.0783 0
1977 -2.0798 0
45 -2.0809 0
1697 -2.0823 0
1232 -2.0838 0
954 -2.0840 0
691 -2.0847 0
1524 -2.0851 0
1810 -2.1023 0
1112 -2.1045 0
222 -2.1112 0
1364 -2.1116 0
282 -2.1116 0
233 -2.1149 0
1056 -2.1160 0
31 -2.1236 0
1633 -2.1248 0
518 -2.1284 0
1508 -2.1313 0
604 -2.1326 0
1604 -2.1329 0
764 -2.1360 0
257 -2.1396 0
1121 -2.1399 0
1096 -2.1403 0
1247 -2.1456 0
1115 -2.1462 0
1330 -2.1521 0
1305 -2.1522 0
1295 -2.1562 0
1276 -2.1567 0
156 -2.1642 0
165 -2.1653 0
1147 -2.1719 0
1099 -2.1775 0
811 -2.1775 0
13 -2.1813 0
1449 -2.1835 0
1956 -2.1846 0
1060 -2.1945 0
460 -2.1951 0
884 -2.2031 0
714 -2.2036 0
960 -2.2039 0
1947 -2.2046 0
1672 -2.2057 0
1490 -2.2062 0
1983 -2.2065 0
725 -2.2077 0
1470 -2.2087 0
17 -2.2090 0
602 -2.2132 0
974 -2.2138 0
12 -2.2141 0
49 -2.2274 0
1978 -2.2299 0
972 -2.2346 0
1659 -2.2351 0
1762 -2.2390 0
1287 -2.2489 0
510 -2.2496 0
1085 -2.2522 0
100 -2.2545 0
441 -2.2553 0
206 -2.2566 0
649 -2.2602 0
682 -2.2623 0
1684 -2.2625 0
557 -2.2638 0
1002 -2.2654 0
1075 -2.2715 0
511 -2.2735 0
1368 -2.2897 0
203 -2.2898 0
1000 -2.2901 0
1614 -2.2936 0
1487 -2.2974 0
841 -2.2974 0
907 -2.3017 0
656 -2.3029 0
204 -2.3036 0
667 -2.3049 0
1090 -2.3050 0
958 -2.3053 0
509 -2.3055 0
268 -2.3176 0
1913 -2.3197 0
752 -2.3234 0
606 -2.3241 0
1109 -2.3243 0
264 -2.3313 0
933 -2.3344 0
957 -2.3406 0
1760 -2.3428 0
1619 -2.3435 0
581 -2.3435 0
998 -2.3537 0
755 -2.3595 0
1625 -2.3625 0
408 -2.3628 0
338 -2.3664 0
1599 -2.3669 0
1220 -2.3676 0
867 -2.3710 0
1646 -2.3712 0
1093 -2.3734 0
803 -2.3799 0
1286 -2.3817 0
992 -2.3848 0
844 -2.3912 0
363 -2.3972 0
1980 -2.4106 0
426 -2.4115 0
1680 -2.4163 0
546 -2.4210 0
319 -2.4214 0
398 -2.4224 0
378 -2.4234 0
302 -2.4301 0
675 -2.4309 0
1408 -2.4323 0
1067 -2.4352 0
1880 -2.4377 0
508 -2.4398 0
1411 -2.4459 0
470 -2.4475 0
1430 -2.4487 0
1424 -2.4530 0
418 -2.4546 0
916 -2.4582 0
607 -2.4591 0
502 -2.4597 0
1683 -2.4606 0
1132 -2.4757 0
218 -2.4824 0
1882 -2.4828 0
1951 -2.4831 0
973 -2.4872 0
478 -2.4879 0
1382 -2.4884 0
1944 -2.4904 0
1069 -2.4916 0
7 -2.4968 0
670 -2.5002 0
829 -2.5006 0
536 -2.5012 0
1427 -2.5013 0
402 -2.5062 0
840 -2.5100 0
666 -2.5124 0
532 -2.5164 0
504 -2.5259 0
405 -2.5268 0
1923 -2.5298 0
1291 -2.5306 0
1221 -2.5315 0
1907 -2.5463 0
966 -2.5503 0
1206 -2.5560 0
215 -2.5565 0
102 -2.5574 0
1300 -2.5592 0
146 -2.5607 0
377 -2.5633 0
909 -2.5636 0
1079 -2.5658 0
1662 -2.5727 0
1465 -2.5740 0
1010 -2.5807 0
1522 -2.5824 0
1645 -2.5878 0
1366 -2.5895 0
1434 -2.5971 0
927 -2.6095 0
724 -2.6119 0
1082 -2.6156 0
521 -2.6165 0
1974 -2.6194 0
1047 -2.6196 0
995 -2.6206 0
1104 -2.6314 0
1852 -2.6350 0
329 -2.6356 0
113 -2.6369 0
312 -2.6387 0
1409 -2.6398 0
1904 -2.6425 0
801 -2.6527 0
982 -2.6570 0
318 -2.6599 0
715 -2.6649 0
600 -2.6756 0
908 -2.6803 0
687 -2.6810 0
819 -2.6988 0
249 -2.7015 0
1320 -2.7087 0
645 -2.7128 0
1960 -2.7175 0
544 -2.7180 0
133 -2.7219 0
756 -2.7233 0
42 -2.7284 0
699 -2.7291 0
1525 -2.7499 0
814 -2.7504 0
653 -2.7515 0
842 -2.7530 0
1353 -2.7567 0
1098 -2.7587 0
1261 -2.7593 0
784 -2.7641 0
1257 -2.7648 0
183 -2.7659 0
549 -2.7673 0
516 -2.7674 0
471 -2.7682 0
1796 -2.7691 0
744 -2.7708 0
1916 -2.7746 0
1462 -2.7753 0
1550 -2.7846 0
1535 -2.7888 0
1083 -2.7897 0
1497 -2.7939 0
628 -2.7940 0
1219 -2.7947 0
373 -2.8035 0
1658 -2.8197 0
786 -2.8341 0
1906 -2.8342 0
1149 -2.8459 0
1297 -2.8491 0
980 -2.8512 0
1114 -2.8547 0
595 -2.8573 0
754 -2.8586 0
1986 -2.8612 0
1146 -2.8647 0
1938 -2.8750 0
1063 -2.8751 0
109 -2.8751 0
1776 -2.8772 0
1236 -2.8774 0
166 -2.8800 0
971 -2.8913 0
198 -2.8969 0
311 -2.9008 0
1475 -2.9009 0
1006 -2.9024 0
890 -2.9051 0
1205 -2.9064 0
568 -2.9087 0
128 -2.9089 0
1540 -2.9106 0
1086 -2.9117 0
1100 -2.9130 0
1310 -2.9345 0
1884 -2.9370 0
987 -2.9393 0
822 -2.9440 0
1088 -2.9533 0
831 -2.9717 0
1920 -2.9728 0
1875 -2.9748 0
1428 -2.9818 0
157 -2.9843 0
1134 -2.9863 0
1769 -2.9888 0
1972 -2.9931 0
1922 -3.0078 0
1673 -3.0079 0
1436 -3.0120 0
131 -3.0193 0
1358 -3.0246 0
1968 -3.0262 0
309 -3.0278 0
1694 -3.0286 0
778 -3.0341 0
937 -3.0355 0
1238 -3.0377 0
601 -3.0417 0
1588 -3.0473 0
1211 -3.0482 0
785 -3.0490 0
1603 -3.0518 0
1468 -3.0522 0
1963 -3.0597 0
1285 -3.0613 0
920 -3.0686 0
300 -3.0713 0
737 -3.0756 0
1946 -3.0763 0
827 -3.0884 0
1385 -3.0954 0
1641 -3.0968 0
1184 -3.0980 0
519 -3.1012 0
1437 -3.1037 0
324 -3.1044 0
663 -3.1143 0
997 -3.1172 0
1935 -3.1181 0
427 -3.1255 0
1973 -3.1255 0
1691 -3.1275 0
970 -3.1372 0
921 -3.1428 0
967 -3.1433 0
106 -3.1527 0
686 -3.1569 0
1479 -3.1589 0
1270 -3.1607 0
440 -3.1745 0
1101 -3.1753 0
681 -3.1758 0
800 -3.1841 0
1518 -3.1921 0
688 -3.1925 0
438 -3.2103 0
1413 -3.2131 0
1959 -3.2141 0
1538 -3.2159 0
1124 -3.2171 0
1234 -3.2352 0
795 -3.2379 0
697 -3.2422 0
1545 -3.2553 0
922 -3.2565 0
343 -3.2575 0
1911 -3.2615 0
1527 -3.2634 0
482 -3.2661 0
1670 -3.2739 0
1628 -3.2814 0
246 -3.2875 0
622 -3.2919 0
690 -3.2963 0
1600 -3.2968 0
637 -3.2976 0
1495 -3.3024 0
763 -3.3081 0
1110 -3.3084 0
1494 -3.3088 0
517 -3.3090 0
905 -3.3112 0
1302 -3.3141 0
1894 -3.3158 0
791 -3.3166 0
1103 -3.3170 0
126 -3.3217 0
1253 -3.3237 0
1325 -3.3273 0
654 -3.3306 0
550 -3.3519 0
127 -3.3540 0
652 -3.3632 0
155 -3.3722 0
472 -3.3752 0
1615 -3.3959 0
902 -3.3979 0
291 -3.4036 0
271 -3.4044 0
1466 -3.4185 0
1613 -3.4289 0
464 -3.4316 0
1688 -3.4334 0
942 -3.4360 0
528 -3.4372 0
1489 -3.4449 0
1128 -3.4533 0
186 -3.4546 0
1448 -3.4832 0
1878 -3.4837 0
751 -3.4851 0
452 -3.4880 0
1426 -3.4971 0
782 -3.5110 0
3 -3.5248 0
531 -3.5323 0
1929 -3.5366 0
339 -3.5433 0
1970 -3.5535 0
671 -3.5596 0
1939 -3.5640 0
1901 -3.5650 0
835 -3.5696 0
906 -3.5802 0
1268 -3.5924 0
1632 -3.5935 0
1282 -3.5980 0
492 -3.5996 0
117 -3.6030 0
1020 -3.6047 0
1637 -3.6061 0
926 -3.6090 0
188 -3.6137 0
1217 -3.6154 0
236 -3.6363 0
1271 -3.6372 0
1311 -3.6457 0
1461 -3.6487 0
1575 -3.6559 0
315 -3.6722 0
349 -3.6760 0
162 -3.6762 0
1106 -3.6942 0
348 -3.7033 0
716 -3.7123 0
307 -3.7185 0
1663 -3.7186 0
515 -3.7238 0
1414 -3.7311 0
14 -3.7387 0
1092 -3.7423 0
241 -3.7434 0
1455 -3.7445 0
684 -3.7488 0
660 -3.7558 0
1639 -3.7636 0
1616 -3.7954 0
25 -3.7982 0
227 -3.8017 0
1674 -3.8096 0
484 -3.8298 0
696 -3.8430 0
129 -3.8784 0
658 -3.9006 0
1235 -3.9042 0
988 -3.9059 0
1403 -3.9063 0
1767 -3.9372 0
1415 -3.9439 0
669 -3.9660 0
1622 -3.9668 0
1624 -3.9796 0
1640 -3.9854 0
1966 -3.9953 0
1388 -4.0047 0
1061 -4.0077 0
1267 -4.0219 0
1113 -4.0268 0
949 -4.0287 0
1631 -4.0411 0
1081 -4.0417 0
1621 -4.0436 0
917 -4.0651 0
1421 -4.0740 0
879 -4.0776 0
1685 -4.0798 0
1547 -4.0873 0
923 -4.1009 0
1623 -4.1013 0
1618 -4.1120 0
612 -4.1183 0
110 -4.1193 0
991 -4.1357 0
1955 -4.1392 0
1629 -4.1594 0
1119 -4.1609 0
694 -4.1657 0
1108 -4.1776 0
1416 -4.1842 0
1605 -4.1959 0
400 -4.2060 0
1676 -4.2212 0
1975 -4.2223 0
496 -4.2564 0
1949 -4.2659 0
1073 -4.2687 0
1357 -4.3280 0
959 -4.3458 0
1644 -4.3557 0
1283 -4.3650 0
421 -4.3766 0
901 -4.3954 0
1638 -4.4068 0
327 -4.4098 0
1695 -4.4276 0
940 -4.4338 0
834 -4.4587 0
322 -4.5155 0
1406 -4.5449 0
35 -4.5473 0
582 -4.5732 0
1265 -4.5811 0
1230 -4.5824 0
266 -4.5965 0
674 -4.6017 0
869 -4.6026 0
1987 -4.6373 0
1985 -4.6628 0
36 -4.6696 0
1636 -4.7523 0
1303 -4.7731 0
936 -4.8321 0
1543 -4.8401 0
1548 -4.8493 0
1138 -4.8809 0
964 -4.8856 0
1634 -4.9083 0
326 -4.9400 0
1511 -4.9864 0
507 -5.0382 0
1647 -5.0820 0
661 -5.0966 0
1043 -5.1156 0
224 -5.1461 0
1336 -5.1540 0
947 -5.1554 0
301 -5.2247 0
1954 -5.2362 0
673 -5.2736 0
1071 -5.2781 0
480 -5.2978 0
1652 -5.3177 0
950 -5.3383 0
1617 -5.3893 0
1976 -5.4110 0
118 -5.4213 0
340 -5.5193 0
1207 -5.7597 0
731 -5.8987 0
47 -5.9446 0
1654 -6.0119 0
525 -6.1729 0
1626 -6.2032 0
32 -6.2554 0
1500 -6.6717 0
1648 -7.8822 0
