115 29.4305 1
135 29.1843 1
114 28.7878 1
144 25.1612 1
117 25.1115 1
131 24.4483 1
128 24.3683 1
113 24.2579 1
127 24.1363 1
116 22.8414 1
130 22.5502 1
147 21.7440 1
112 21.4170 1
100 21.3376 1
124 20.9367 1
104 20.4458 1
141 20.2032 1
119 20.1951 1
129 20.0854 1
139 20.0557 1
125 20.0367 1
122 19.6436 1
107 19.0772 1
132 18.9427 1
110 18.7525 1
134 18.3561 1
145 18.1592 1
138 17.0688 1
178 16.9406 0
136 16.7566 1
101 16.7043 1
126 16.0585 1
120 15.9681 1
102 15.9244 1
149 15.6655 1
118 15.0694 1
137 14.5510 1
109 14.2536 1
1921 13.7503 0
146 13.4020 1
108 13.0899 1
239 12.9788 0
209 12.6297 0
142 12.2209 1
111 12.0935 1
1932 12.0631 0
140 12.0203 1
148 11.8595 1
1990 11.8205 0
123 11.2985 1
236 11.2457 0
1997 10.7735 0
105 10.7405 1
152 10.7128 0
232 10.2684 0
1974 10.2216 0
226 10.1837 0
186 9.9762 0
261 9.4545 0
189 9.4098 0
1948 9.2711 0
1920 9.0250 0
1969 8.9034 0
121 8.8564 1
170 8.8312 0
188 8.7455 0
1983 8.7285 0
164 8.6872 0
1885 8.6811 0
143 8.6714 1
1966 8.3488 0
223 8.3056 0
1912 8.2521 0
1917 8.2320 0
1960 8.0040 0
194 7.9530 0
231 7.5062 0
207 7.5018 0
1976 7.4849 0
1968 7.4765 0
185 7.4525 0
208 7.4160 0
103 7.4096 1
181 7.3769 0
1950 7.3451 0
1981 7.2599 0
227 7.1827 0
1986 7.0698 0
936 7.0319 0
1170 6.9966 0
1892 6.9889 0
1868 6.9877 0
1904 6.8722 0
106 6.7543 1
210 6.7534 0
1902 6.7205 0
1898 6.6949 0
279 6.6834 0
1092 6.6728 0
206 6.6440 0
166 6.6346 0
217 6.5409 0
1893 6.5262 0
157 6.4288 0
1958 6.4071 0
1973 6.3994 0
218 6.3605 0
1947 6.2307 0
247 6.2307 0
198 6.1961 0
1956 6.1729 0
1736 6.1495 0
228 6.1222 0
1939 6.0169 0
1944 6.0124 0
294 5.9497 0
165 5.9347 0
262 5.9255 0
1955 5.8790 0
1985 5.8063 0
1940 5.7978 0
203 5.7975 0
266 5.7883 0
1961 5.7589 0
246 5.7325 0
260 5.7233 0
1897 5.6841 0
169 5.6181 0
1871 5.5455 0
1957 5.5092 0
1998 5.5089 0
1994 5.4979 0
1972 5.4848 0
1874 5.4785 0
1886 5.4419 0
1970 5.4386 0
1908 5.4141 0
1975 5.4065 0
1078 5.3828 0
1989 5.3754 0
183 5.3379 0
1880 5.3133 0
545 5.2993 0
35 5.2362 0
1915 5.2158 0
1809 5.1988 0
1959 5.1600 0
182 5.1112 0
161 5.0907 0
1930 5.0843 0
191 5.0470 0
1158 5.0450 0
1982 5.0356 0
192 5.0337 0
1061 5.0251 0
220 4.9985 0
536 4.9813 0
1630 4.9803 0
202 4.9657 0
1877 4.9542 0
1916 4.9516 0
211 4.9450 0
1979 4.9317 0
160 4.9197 0
287 4.9169 0
1894 4.9015 0
205 4.8869 0
1822 4.8661 0
1984 4.8531 0
32 4.8395 0
224 4.8183 0
163 4.7899 0
249 4.7846 0
1927 4.7780 0
222 4.7591 0
1993 4.7427 0
1228 4.7422 0
244 4.7363 0
245 4.7285 0
1962 4.6621 0
1977 4.6567 0
278 4.6526 0
1244 4.6110 0
1845 4.6048 0
807 4.6037 0
176 4.5855 0
1931 4.5694 0
1922 4.5360 0
1076 4.5212 0
1965 4.5170 0
1928 4.5105 0
1995 4.4965 0
296 4.4463 0
755 4.4386 0
180 4.4268 0
824 4.3934 0
1829 4.3683 0
13 4.3475 0
215 4.3418 0
74 4.3359 0
1082 4.3357 0
1088 4.2978 0
1910 4.2960 0
500 4.2883 0
1878 4.2717 0
1742 4.2307 0
1914 4.2237 0
1000 4.2203 0
213 4.2168 0
1051 4.2028 0
1926 4.1911 0
1946 4.1865 0
1929 4.1819 0
193 4.1751 0
173 4.1699 0
1918 4.1583 0
1830 4.1162 0
1094 4.1145 0
716 4.0735 0
155 4.0659 0
265 4.0658 0
1844 4.0447 0
1081 4.0397 0
687 3.9958 0
72 3.9911 0
1848 3.9890 0
425 3.9760 0
1748 3.9499 0
1840 3.9053 0
153 3.8952 0
1192 3.8744 0
1175 3.8583 0
66 3.8436 0
1834 3.8298 0
437 3.8294 0
1847 3.7856 0
1071 3.7817 0
1562 3.7636 0
1971 3.7463 0
800 3.7406 0
151 3.7163 0
263 3.7037 0
1954 3.6828 0
1924 3.6596 0
602 3.6559 0
219 3.6506 0
253 3.6071 0
243 3.6028 0
801 3.5994 0
216 3.5984 0
162 3.5746 0
546 3.5309 0
251 3.5299 0
1074 3.5242 0
639 3.5235 0
1711 3.4962 0
1403 3.4747 0
1967 3.4552 0
731 3.4490 0
1086 3.4457 0
274 3.4449 0
756 3.4356 0
532 3.4355 0
804 3.4149 0
1850 3.4067 0
1808 3.3971 0
1866 3.3899 0
175 3.3848 0
1831 3.3752 0
1080 3.3729 0
1935 3.3717 0
1059 3.3683 0
323 3.3560 0
1735 3.3427 0
600 3.3263 0
280 3.3194 0
838 3.2975 0
1188 3.2815 0
1704 3.2727 0
259 3.2617 0
201 3.2410 0
625 3.2248 0
1978 3.1712 0
34 3.1515 0
250 3.1504 0
828 3.1292 0
1063 3.1186 0
1833 3.1086 0
269 3.0944 0
640 3.0856 0
1745 3.0833 0
1869 3.0741 0
1097 3.0167 0
1213 3.0071 0
177 2.9927 0
282 2.9753 0
22 2.9710 0
25 2.9694 0
44 2.9621 0
1999 2.9620 0
1980 2.9370 0
1987 2.9369 0
21 2.9244 0
1963 2.9235 0
1729 2.9167 0
1827 2.9146 0
1073 2.9015 0
1651 2.9001 0
503 2.8948 0
1099 2.8752 0
405 2.8741 0
1873 2.8569 0
159 2.8493 0
1911 2.8452 0
1813 2.8422 0
1899 2.8355 0
560 2.8139 0
133 2.8029 1
608 2.7982 0
271 2.7773 0
779 2.7649 0
150 2.7471 0
36 2.7073 0
1067 2.7049 0
1662 2.7026 0
990 2.7004 0
47 2.7001 0
1181 2.6921 0
1414 2.6871 0
1079 2.6823 0
940 2.6769 0
613 2.6725 0
1945 2.6603 0
171 2.6556 0
1050 2.6358 0
1819 2.6288 0
1720 2.6279 0
1397 2.6083 0
1913 2.6054 0
1727 2.6050 0
1901 2.5954 0
456 2.5949 0
1065 2.5826 0
168 2.5749 0
832 2.5744 0
1846 2.5738 0
1791 2.5583 0
1053 2.5578 0
1849 2.5374 0
190 2.5370 0
632 2.5337 0
1077 2.5330 0
187 2.5301 0
158 2.5201 0
1855 2.5091 0
822 2.5066 0
1029 2.4999 0
1750 2.4628 0
19 2.4448 0
1155 2.4429 0
406 2.4399 0
241 2.4315 0
633 2.4305 0
267 2.4281 0
1207 2.4248 0
414 2.4224 0
1938 2.4137 0
458 2.3973 0
1085 2.3936 0
1237 2.3643 0
1852 2.3613 0
1851 2.3603 0
407 2.3476 0
70 2.3334 0
1699 2.3260 0
197 2.3170 0
1824 2.3074 0
479 2.3070 0
1854 2.2987 0
1744 2.2967 0
1740 2.2942 0
1953 2.2918 0
90 2.2826 0
833 2.2768 0
1943 2.2667 0
601 2.2645 0
1891 2.2553 0
830 2.2503 0
1187 2.2251 0
326 2.2106 0
1128 2.2032 0
225 2.1969 0
1733 2.1944 0
237 2.1934 0
688 2.1900 0
1619 2.1874 0
444 2.1787 0
8 2.1527 0
1951 2.1492 0
242 2.1430 0
1817 2.1424 0
229 2.1271 0
901 2.1100 0
174 2.0999 0
1083 2.0974 0
506 2.0917 0
1196 2.0826 0
1640 2.0772 0
1401 2.0692 0
1430 2.0513 0
195 2.0486 0
270 2.0480 0
1923 2.0463 0
1862 2.0448 0
1419 2.0368 0
643 2.0309 0
257 2.0265 0
565 2.0199 0
1887 2.0114 0
6 2.0109 0
1618 2.0024 0
1812 2.0015 0
768 1.9977 0
4 1.9937 0
1622 1.9936 0
240 1.9926 0
1839 1.9901 0
291 1.9892 0
899 1.9883 0
1247 1.9753 0
1062 1.9688 0
1853 1.9507 0
292 1.9397 0
1418 1.9336 0
9 1.9232 0
1585 1.9213 0
1220 1.9167 0
515 1.8884 0
591 1.8717 0
1867 1.8646 0
212 1.8623 0
1949 1.8614 0
1552 1.8501 0
1183 1.8430 0
339 1.8397 0
1066 1.8170 0
1408 1.8163 0
465 1.8100 0
256 1.8087 0
1 1.8008 0
1883 1.7930 0
1572 1.7884 0
440 1.7744 0
196 1.7681 0
1151 1.7660 0
1806 1.7600 0
781 1.7400 0
3 1.7385 0
747 1.7257 0
11 1.7224 0
1775 1.7219 0
297 1.7187 0
1069 1.7129 0
1996 1.7121 0
1517 1.7080 0
637 1.6897 0
1659 1.6863 0
28 1.6839 0
657 1.6829 0
30 1.6686 0
1202 1.6615 0
820 1.6599 0
1815 1.6542 0
415 1.6530 0
1810 1.6409 0
154 1.6391 0
1227 1.6373 0
1445 1.6341 0
808 1.6326 0
18 1.6285 0
1713 1.6114 0
466 1.6043 0
1952 1.6033 0
1072 1.6018 0
1895 1.5982 0
692 1.5968 0
1805 1.5876 0
20 1.5820 0
288 1.5803 0
435 1.5785 0
563 1.5728 0
551 1.5643 0
1857 1.5617 0
699 1.5572 0
76 1.5564 0
575 1.5556 0
1165 1.5551 0
1642 1.5519 0
1631 1.5496 0
408 1.5441 0
1435 1.5351 0
541 1.5226 0
1564 1.5198 0
1448 1.5172 0
184 1.5051 0
1657 1.5035 0
258 1.5030 0
1452 1.4996 0
1821 1.4927 0
1836 1.4880 0
523 1.4863 0
1803 1.4853 0
1890 1.4828 0
387 1.4800 0
37 1.4772 0
1338 1.4730 0
1616 1.4649 0
1420 1.4521 0
60 1.4511 0
1863 1.4508 0
338 1.4377 0
1023 1.4361 0
1936 1.4351 0
1098 1.4297 0
1648 1.4216 0
451 1.4207 0
1937 1.4010 0
540 1.3882 0
1934 1.3844 0
817 1.3824 0
1068 1.3804 0
603 1.3788 0
1624 1.3783 0
1722 1.3777 0
1447 1.3765 0
1461 1.3744 0
1826 1.3687 0
1070 1.3661 0
784 1.3631 0
1800 1.3611 0
638 1.3593 0
1641 1.3504 0
1075 1.3496 0
235 1.3481 0
1219 1.3447 0
1710 1.3340 0
62 1.3337 0
1150 1.3249 0
1793 1.3214 0
1714 1.3181 0
1245 1.3173 0
1988 1.3149 0
286 1.3145 0
592 1.3133 0
816 1.3071 0
1859 1.3063 0
1043 1.3020 0
669 1.3003 0
1581 1.2913 0
99 1.2878 0
1235 1.2770 0
1942 1.2707 0
558 1.2642 0
1436 1.2610 0
442 1.2549 0
1811 1.2508 0
519 1.2475 0
1239 1.2434 0
199 1.2338 0
1172 1.2234 0
847 1.2103 0
1224 1.2099 0
1578 1.2078 0
1222 1.2049 0
1672 1.1983 0
1798 1.1965 0
557 1.1929 0
511 1.1907 0
1856 1.1832 0
1609 1.1807 0
1679 1.1791 0
1394 1.1772 0
450 1.1753 0
1692 1.1679 0
1402 1.1484 0
548 1.1460 0
645 1.1457 0
1900 1.1380 0
703 1.1329 0
549 1.1182 0
1964 1.1171 0
79 1.1127 0
1882 1.1123 0
10 1.1116 0
93 1.1105 0
23 1.1082 0
1502 1.1062 0
595 1.1012 0
233 1.0954 0
1896 1.0953 0
1160 1.0949 0
829 1.0933 0
791 1.0876 0
1095 1.0860 0
1688 1.0825 0
290 1.0806 0
31 1.0754 0
418 1.0697 0
1105 1.0594 0
341 1.0574 0
200 1.0459 0
436 1.0433 0
707 1.0407 0
1879 1.0305 0
441 1.0288 0
1248 1.0230 0
505 1.0141 0
412 1.0141 0
82 1.0092 0
1041 1.0085 0
1663 1.0049 0
1056 0.9970 0
43 0.9889 0
986 0.9888 0
411 0.9749 0
1794 0.9711 0
167 0.9673 0
976 0.9598 0
1636 0.9563 0
831 0.9482 0
1559 0.9468 0
759 0.9419 0
1024 0.9416 0
1780 0.9374 0
221 0.9299 0
941 0.9210 0
1215 0.9196 0
71 0.9163 0
661 0.9106 0
1316 0.9081 0
1421 0.9064 0
179 0.8948 0
987 0.8941 0
610 0.8926 0
1211 0.8878 0
714 0.8814 0
298 0.8799 0
621 0.8771 0
1719 0.8602 0
1117 0.8515 0
1008 0.8408 0
634 0.8376 0
95 0.8360 0
1176 0.8347 0
1091 0.8330 0
1405 0.8328 0
1683 0.8323 0
1858 0.8285 0
88 0.8234 0
1406 0.8096 0
810 0.7927 0
907 0.7919 0
1096 0.7816 0
87 0.7805 0
681 0.7783 0
1431 0.7781 0
1126 0.7688 0
1802 0.7640 0
1608 0.7617 0
1650 0.7590 0
1715 0.7485 0
467 0.7465 0
764 0.7464 0
1148 0.7437 0
594 0.7421 0
1060 0.7379 0
585 0.7338 0
268 0.7240 0
1754 0.7233 0
272 0.7202 0
1724 0.7176 0
547 0.7126 0
729 0.7098 0
1872 0.7024 0
1121 0.6986 0
761 0.6971 0
1779 0.6966 0
1054 0.6847 0
15 0.6837 0
283 0.6726 0
618 0.6700 0
96 0.6598 0
1208 0.6582 0
1582 0.6481 0
839 0.6465 0
1820 0.6375 0
886 0.6375 0
559 0.6325 0
561 0.6299 0
577 0.6283 0
775 0.6272 0
1655 0.6270 0
974 0.6199 0
1620 0.6177 0
57 0.6153 0
1466 0.6005 0
1514 0.5994 0
589 0.5922 0
1231 0.5897 0
647 0.5797 0
234 0.5779 0
45 0.5608 0
1702 0.5571 0
837 0.5551 0
1726 0.5531 0
484 0.5511 0
786 0.5350 0
1717 0.5240 0
533 0.5238 0
1021 0.5055 0
542 0.5026 0
1415 0.4990 0
1660 0.4974 0
609 0.4957 0
701 0.4956 0
718 0.4836 0
38 0.4809 0
851 0.4806 0
1738 0.4804 0
646 0.4798 0
27 0.4794 0
1205 0.4638 0
1828 0.4637 0
1903 0.4574 0
455 0.4565 0
1010 0.4560 0
1159 0.4471 0
631 0.4445 0
1617 0.4419 0
502 0.4383 0
757 0.4268 0
848 0.4253 0
310 0.4238 0
1725 0.4224 0
1747 0.4224 0
230 0.4154 0
1842 0.4117 0
845 0.4098 0
1816 0.4047 0
819 0.4026 0
1673 0.3838 0
1785 0.3809 0
1861 0.3778 0
402 0.3762 0
776 0.3751 0
438 0.3693 0
1243 0.3652 0
739 0.3641 0
1701 0.3560 0
1639 0.3543 0
1708 0.3540 0
1870 0.3519 0
1706 0.3498 0
1400 0.3486 0
1030 0.3449 0
1818 0.3389 0
1264 0.3382 0
446 0.3358 0
802 0.3348 0
1925 0.3342 0
744 0.3313 0
1052 0.3289 0
1677 0.3281 0
1252 0.3268 0
480 0.3257 0
1707 0.3233 0
1732 0.3151 0
619 0.3128 0
905 0.3119 0
648 0.3081 0
172 0.3076 0
612 0.3067 0
1807 0.3038 0
1838 0.2973 0
1018 0.2876 0
1470 0.2748 0
573 0.2604 0
1933 0.2522 0
758 0.2509 0
751 0.2500 0
1204 0.2460 0
1209 0.2455 0
33 0.2349 0
769 0.2305 0
1084 0.2201 0
534 0.2177 0
429 0.2169 0
255 0.2118 0
572 0.2110 0
0 0.2107 0
767 0.2035 0
1583 0.1934 0
516 0.1895 0
1426 0.1894 0
1626 0.1873 0
1129 0.1869 0
642 0.1745 0
55 0.1729 0
916 0.1632 0
1525 0.1606 0
1446 0.1560 0
1428 0.1551 0
1629 0.1538 0
403 0.1506 0
985 0.1497 0
1223 0.1396 0
611 0.1382 0
1814 0.1276 0
1782 0.1261 0
1764 0.1219 0
1240 0.1170 0
285 0.1141 0
276 0.1108 0
606 0.0977 0
419 0.0937 0
401 0.0936 0
54 0.0916 0
1221 0.0907 0
1560 0.0725 0
1907 0.0719 0
474 0.0669 0
344 0.0659 0
806 0.0627 0
443 0.0602 0
352 0.0522 0
543 0.0501 0
1047 0.0415 0
1941 0.0402 0
992 0.0338 0
1340 0.0320 0
749 0.0255 0
1058 0.0249 0
1036 0.0234 0
1433 0.0221 0
923 0.0214 0
1530 0.0108 0
1206 0.0091 0
1055 0.0089 0
248 0.0086 0
1647 0.0040 0
14 0.0032 0
1103 0.0030 0
80 0.0013 0
417 -0.0005 0
622 -0.0054 0
535 -0.0098 0
508 -0.0105 0
17 -0.0138 0
555 -0.0169 0
727 -0.0178 0
1881 -0.0186 0
840 -0.0195 0
929 -0.0219 0
605 -0.0235 0
497 -0.0248 0
1336 -0.0263 0
1491 -0.0267 0
580 -0.0276 0
432 -0.0282 0
1718 -0.0396 0
663 -0.0399 0
1992 -0.0426 0
1837 -0.0429 0
238 -0.0453 0
1605 -0.0471 0
522 -0.0488 0
865 -0.0513 0
1167 -0.0553 0
1190 -0.0586 0
698 -0.0594 0
1669 -0.0692 0
795 -0.0718 0
763 -0.0720 0
1027 -0.0721 0
1236 -0.0806 0
1005 -0.0818 0
42 -0.0819 0
473 -0.0825 0
83 -0.0857 0
1441 -0.0891 0
434 -0.0918 0
316 -0.0928 0
1135 -0.0965 0
1417 -0.1029 0
1383 -0.1039 0
1022 -0.1094 0
1557 -0.1138 0
85 -0.1144 0
494 -0.1145 0
935 -0.1191 0
1234 -0.1205 0
1835 -0.1258 0
809 -0.1260 0
1801 -0.1317 0
1110 -0.1347 0
1760 -0.1367 0
1216 -0.1380 0
273 -0.1520 0
1203 -0.1567 0
1671 -0.1774 0
1259 -0.1781 0
1875 -0.1905 0
1698 -0.1912 0
1462 -0.1966 0
284 -0.1986 0
293 -0.1997 0
1606 -0.2034 0
1217 -0.2035 0
447 -0.2131 0
623 -0.2144 0
1723 -0.2294 0
24 -0.2298 0
1131 -0.2339 0
1020 -0.2385 0
1130 -0.2412 0
67 -0.2494 0
75 -0.2503 0
464 -0.2548 0
842 -0.2564 0
510 -0.2566 0
1658 -0.2580 0
748 -0.2611 0
86 -0.2658 0
1825 -0.2659 0
1116 -0.2662 0
1016 -0.2728 0
1703 -0.2743 0
1481 -0.2778 0
423 -0.2790 0
7 -0.2802 0
773 -0.2864 0
468 -0.2889 0
1290 -0.3037 0
1017 -0.3051 0
826 -0.3060 0
1472 -0.3088 0
1474 -0.3144 0
459 -0.3144 0
943 -0.3170 0
1335 -0.3175 0
863 -0.3189 0
629 -0.3208 0
1442 -0.3253 0
955 -0.3283 0
635 -0.3370 0
965 -0.3394 0
1443 -0.3413 0
1407 -0.3421 0
1438 -0.3497 0
1823 -0.3509 0
526 -0.3574 0
1716 -0.3626 0
1322 -0.3641 0
1425 -0.3664 0
1057 -0.3672 0
1432 -0.3676 0
89 -0.3708 0
1424 -0.3735 0
29 -0.3821 0
626 -0.3828 0
834 -0.3838 0
921 -0.3872 0
1229 -0.3909 0
488 -0.3925 0
1173 -0.3955 0
1535 -0.3964 0
1194 -0.3965 0
1743 -0.4004 0
448 -0.4039 0
1776 -0.4048 0
1004 -0.4050 0
750 -0.4057 0
427 -0.4197 0
1753 -0.4204 0
63 -0.4212 0
628 -0.4253 0
355 -0.4257 0
984 -0.4279 0
1547 -0.4343 0
1756 -0.4372 0
968 -0.4445 0
1479 -0.4448 0
1601 -0.4493 0
780 -0.4524 0
482 -0.4525 0
375 -0.4552 0
1459 -0.4572 0
825 -0.4593 0
946 -0.4595 0
814 -0.4617 0
1757 -0.4651 0
1485 -0.4718 0
1090 -0.4730 0
1044 -0.4762 0
1646 -0.4815 0
50 -0.4831 0
303 -0.4841 0
295 -0.4857 0
433 -0.4909 0
953 -0.4926 0
94 -0.5001 0
1788 -0.5003 0
1154 -0.5007 0
1042 -0.5072 0
1191 -0.5089 0
1312 -0.5143 0
397 -0.5166 0
805 -0.5176 0
538 -0.5179 0
789 -0.5185 0
579 -0.5311 0
980 -0.5313 0
917 -0.5315 0
84 -0.5320 0
1728 -0.5348 0
1152 -0.5360 0
1139 -0.5366 0
709 -0.5382 0
1790 -0.5421 0
1758 -0.5427 0
1567 -0.5456 0
963 -0.5524 0
531 -0.5538 0
598 -0.5538 0
528 -0.5604 0
1792 -0.5675 0
1731 -0.5727 0
537 -0.5745 0
156 -0.5888 0
644 -0.5924 0
1273 -0.5941 0
1140 -0.5960 0
766 -0.5995 0
1664 -0.6020 0
1064 -0.6034 0
1287 -0.6187 0
1301 -0.6249 0
616 -0.6260 0
798 -0.6268 0
1876 -0.6278 0
420 -0.6283 0
1621 -0.6353 0
620 -0.6458 0
1778 -0.6541 0
1477 -0.6582 0
1576 -0.6639 0
869 -0.6649 0
357 -0.6746 0
1705 -0.6746 0
470 -0.6762 0
1575 -0.6781 0
1238 -0.6802 0
299 -0.6853 0
48 -0.6973 0
445 -0.6983 0
1478 -0.7042 0
981 -0.7089 0
1749 -0.7138 0
860 -0.7165 0
252 -0.7203 0
393 -0.7236 0
56 -0.7245 0
1440 -0.7245 0
12 -0.7275 0
1249 -0.7281 0
1157 -0.7292 0
1242 -0.7350 0
652 -0.7354 0
449 -0.7379 0
1412 -0.7445 0
1423 -0.7451 0
799 -0.7493 0
1682 -0.7495 0
812 -0.7574 0
1410 -0.7600 0
1256 -0.7638 0
1275 -0.7677 0
562 -0.7686 0
1198 -0.7694 0
1905 -0.7700 0
796 -0.7719 0
771 -0.7729 0
593 -0.7730 0
1496 -0.7741 0
900 -0.7751 0
735 -0.7753 0
1888 -0.7753 0
1577 -0.7796 0
1864 -0.7831 0
1667 -0.7852 0
843 -0.7876 0
346 -0.7882 0
897 -0.7884 0
302 -0.7913 0
1884 -0.7929 0
439 -0.7946 0
772 -0.7998 0
1012 -0.8018 0
512 -0.8023 0
305 -0.8059 0
1768 -0.8062 0
311 -0.8120 0
204 -0.8136 0
1396 -0.8181 0
894 -0.8207 0
939 -0.8317 0
426 -0.8330 0
793 -0.8337 0
1439 -0.8410 0
1411 -0.8440 0
1328 -0.8443 0
498 -0.8456 0
1037 -0.8472 0
1685 -0.8478 0
1164 -0.8516 0
949 -0.8548 0
1299 -0.8578 0
254 -0.8606 0
1465 -0.8643 0
16 -0.8670 0
491 -0.8695 0
314 -0.8740 0
582 -0.8745 0
961 -0.8753 0
1513 -0.8757 0
1545 -0.8758 0
1784 -0.8776 0
1199 -0.8790 0
333 -0.8795 0
51 -0.8866 0
1504 -0.8918 0
331 -0.8933 0
1246 -0.8974 0
1680 -0.9009 0
91 -0.9016 0
413 -0.9109 0
774 -0.9112 0
1860 -0.9257 0
1225 -0.9261 0
61 -0.9263 0
964 -0.9277 0
327 -0.9335 0
529 -0.9357 0
1382 -0.9369 0
1889 -0.9459 0
1520 -0.9482 0
1653 -0.9498 0
1124 -0.9508 0
556 -0.9509 0
392 -0.9522 0
975 -0.9530 0
1274 -0.9541 0
578 -0.9544 0
504 -0.9564 0
695 -0.9594 0
835 -0.9631 0
1796 -0.9677 0
1741 -0.9681 0
1347 -0.9770 0
1276 -0.9775 0
725 -0.9781 0
1377 -0.9937 0
1499 -0.9946 0
1034 -0.9977 0
277 -0.9980 0
524 -0.9991 0
1323 -1.0024 0
1665 -1.0027 0
1233 -1.0051 0
1166 -1.0090 0
1592 -1.0165 0
530 -1.0377 0
934 -1.0421 0
300 -1.0432 0
777 -1.0448 0
770 -1.0449 0
489 -1.0460 0
1277 -1.0482 0
1111 -1.0484 0
1437 -1.0497 0
351 -1.0541 0
1180 -1.0549 0
461 -1.0577 0
1604 -1.0583 0
1200 -1.0591 0
5 -1.0592 0
1571 -1.0617 0
1168 -1.0767 0
1040 -1.0768 0
1554 -1.0796 0
1770 -1.0854 0
852 -1.0860 0
702 -1.0878 0
928 -1.0891 0
787 -1.0903 0
1519 -1.0948 0
1087 -1.0993 0
942 -1.1032 0
1089 -1.1068 0
1678 -1.1121 0
902 -1.1135 0
514 -1.1243 0
1163 -1.1293 0
1404 -1.1353 0
1357 -1.1442 0
343 -1.1502 0
1762 -1.1525 0
658 -1.1597 0
693 -1.1615 0
520 -1.1630 0
815 -1.1686 0
927 -1.1696 0
1777 -1.1741 0
1214 -1.1755 0
1906 -1.1759 0
368 -1.1813 0
1026 -1.1884 0
1589 -1.1963 0
1625 -1.2002 0
803 -1.2054 0
264 -1.2082 0
1556 -1.2084 0
1331 -1.2102 0
1112 -1.2112 0
69 -1.2114 0
977 -1.2122 0
421 -1.2211 0
1666 -1.2215 0
275 -1.2218 0
404 -1.2281 0
904 -1.2288 0
1656 -1.2398 0
1201 -1.2466 0
1484 -1.2472 0
1486 -1.2494 0
1327 -1.2507 0
1546 -1.2524 0
672 -1.2538 0
918 -1.2569 0
1329 -1.2653 0
409 -1.2680 0
737 -1.2708 0
1449 -1.2780 0
650 -1.2798 0
1684 -1.2805 0
430 -1.2875 0
1730 -1.2891 0
914 -1.2943 0
1178 -1.2951 0
797 -1.2963 0
1212 -1.3024 0
1598 -1.3105 0
908 -1.3127 0
995 -1.3132 0
1586 -1.3135 0
1102 -1.3149 0
371 -1.3220 0
39 -1.3265 0
378 -1.3268 0
564 -1.3303 0
98 -1.3347 0
685 -1.3418 0
1115 -1.3430 0
1540 -1.3472 0
778 -1.3476 0
1643 -1.3477 0
1330 -1.3498 0
1416 -1.3530 0
588 -1.3536 0
1709 -1.3541 0
1909 -1.3570 0
715 -1.3591 0
951 -1.3600 0
41 -1.3608 0
1143 -1.3622 0
527 -1.3641 0
1359 -1.3667 0
26 -1.3680 0
1001 -1.3700 0
501 -1.3708 0
697 -1.3719 0
1649 -1.3775 0
380 -1.3786 0
1550 -1.3798 0
856 -1.3838 0
704 -1.3958 0
452 -1.3963 0
948 -1.3978 0
313 -1.4013 0
453 -1.4027 0
214 -1.4030 0
743 -1.4071 0
1385 -1.4073 0
896 -1.4078 0
1494 -1.4080 0
1294 -1.4081 0
721 -1.4083 0
956 -1.4108 0
1773 -1.4154 0
319 -1.4178 0
328 -1.4195 0
762 -1.4207 0
1529 -1.4209 0
713 -1.4256 0
915 -1.4265 0
1218 -1.4272 0
1156 -1.4298 0
65 -1.4316 0
1497 -1.4337 0
1280 -1.4345 0
1343 -1.4392 0
994 -1.4397 0
1492 -1.4414 0
1250 -1.4416 0
604 -1.4429 0
1108 -1.4446 0
1141 -1.4463 0
1644 -1.4523 0
46 -1.4619 0
1311 -1.4634 0
539 -1.4657 0
1132 -1.4663 0
741 -1.4677 0
1633 -1.4678 0
841 -1.4766 0
1674 -1.4790 0
324 -1.4793 0
1045 -1.4839 0
1539 -1.4850 0
1712 -1.4853 0
318 -1.4899 0
1493 -1.4938 0
1344 -1.4981 0
1693 -1.5029 0
979 -1.5038 0
872 -1.5051 0
576 -1.5066 0
544 -1.5159 0
58 -1.5176 0
1278 -1.5186 0
821 -1.5193 0
347 -1.5261 0
615 -1.5261 0
321 -1.5270 0
349 -1.5283 0
487 -1.5351 0
1350 -1.5363 0
1339 -1.5393 0
993 -1.5419 0
1136 -1.5468 0
1694 -1.5481 0
933 -1.5534 0
1266 -1.5590 0
366 -1.5619 0
1498 -1.5626 0
312 -1.5655 0
1919 -1.5675 0
1366 -1.5713 0
2 -1.5798 0
911 -1.5816 0
1254 -1.5861 0
1495 -1.5898 0
1610 -1.5945 0
1522 -1.5953 0
844 -1.5976 0
1319 -1.6000 0
1696 -1.6075 0
1145 -1.6075 0
400 -1.6077 0
362 -1.6093 0
1210 -1.6095 0
1797 -1.6138 0
1597 -1.6157 0
1381 -1.6191 0
662 -1.6195 0
978 -1.6225 0
1393 -1.6284 0
891 -1.6288 0
596 -1.6289 0
1014 -1.6299 0
754 -1.6313 0
1635 -1.6418 0
1455 -1.6434 0
1721 -1.6437 0
782 -1.6440 0
374 -1.6471 0
945 -1.6473 0
1387 -1.6512 0
385 -1.6584 0
49 -1.6586 0
694 -1.6643 0
1161 -1.6656 0
469 -1.6826 0
315 -1.6877 0
1189 -1.6922 0
1734 -1.6983 0
710 -1.7001 0
1358 -1.7037 0
1049 -1.7098 0
850 -1.7122 0
967 -1.7203 0
1787 -1.7220 0
895 -1.7240 0
792 -1.7242 0
1691 -1.7322 0
906 -1.7345 0
1232 -1.7440 0
723 -1.7482 0
1177 -1.7494 0
1751 -1.7511 0
1565 -1.7528 0
507 -1.7532 0
745 -1.7555 0
659 -1.7562 0
1356 -1.7562 0
1832 -1.7595 0
783 -1.7640 0
1388 -1.7641 0
660 -1.7687 0
861 -1.7728 0
1652 -1.7758 0
898 -1.7827 0
909 -1.7846 0
1372 -1.7856 0
1365 -1.7876 0
391 -1.7883 0
1568 -1.7907 0
1142 -1.7916 0
753 -1.7920 0
1668 -1.7942 0
1118 -1.7949 0
334 -1.7959 0
356 -1.7972 0
1579 -1.7989 0
1528 -1.7993 0
1031 -1.7994 0
1772 -1.8006 0
81 -1.8020 0
345 -1.8030 0
679 -1.8036 0
370 -1.8042 0
64 -1.8059 0
92 -1.8059 0
910 -1.8089 0
1537 -1.8137 0
1661 -1.8146 0
517 -1.8156 0
1467 -1.8164 0
1305 -1.8169 0
457 -1.8212 0
382 -1.8302 0
1627 -1.8376 0
388 -1.8405 0
1048 -1.8437 0
1512 -1.8450 0
1783 -1.8519 0
583 -1.8541 0
937 -1.8560 0
372 -1.8563 0
389 -1.8582 0
930 -1.8638 0
1509 -1.8642 0
78 -1.8643 0
1038 -1.8699 0
983 -1.8705 0
1739 -1.8765 0
1444 -1.8809 0
1230 -1.8834 0
1153 -1.8868 0
1755 -1.8885 0
1119 -1.8886 0
486 -1.8887 0
1628 -1.8887 0
301 -1.8923 0
1561 -1.8975 0
1594 -1.8980 0
857 -1.9051 0
358 -1.9065 0
654 -1.9125 0
996 -1.9162 0
656 -1.9164 0
1422 -1.9167 0
1687 -1.9176 0
683 -1.9264 0
982 -1.9265 0
690 -1.9272 0
1386 -1.9283 0
513 -1.9293 0
870 -1.9317 0
1120 -1.9324 0
641 -1.9385 0
1313 -1.9405 0
1555 -1.9488 0
1346 -1.9496 0
1595 -1.9522 0
673 -1.9526 0
952 -1.9616 0
1614 -1.9635 0
913 -1.9672 0
752 -1.9682 0
1799 -1.9724 0
708 -1.9749 0
823 -1.9892 0
367 -1.9920 0
1389 -1.9967 0
1093 -1.9996 0
422 -2.0044 0
1841 -2.0076 0
73 -2.0086 0
1670 -2.0170 0
1341 -2.0204 0
1324 -2.0225 0
1460 -2.0262 0
1113 -2.0339 0
1689 -2.0339 0
1006 -2.0343 0
691 -2.0390 0
1771 -2.0394 0
1409 -2.0409 0
1241 -2.0479 0
972 -2.0559 0
649 -2.0568 0
1471 -2.0572 0
1645 -2.0572 0
686 -2.0659 0
1548 -2.0675 0
309 -2.0685 0
350 -2.0693 0
674 -2.0714 0
922 -2.0813 0
1374 -2.0821 0
969 -2.0900 0
989 -2.0906 0
1308 -2.1056 0
1865 -2.1090 0
653 -2.1110 0
550 -2.1130 0
931 -2.1145 0
1603 -2.1149 0
52 -2.1178 0
1392 -2.1249 0
1570 -2.1273 0
1675 -2.1315 0
785 -2.1341 0
475 -2.1446 0
281 -2.1479 0
971 -2.1497 0
871 -2.1551 0
1298 -2.1560 0
728 -2.1600 0
700 -2.1690 0
1482 -2.1718 0
1789 -2.1741 0
866 -2.1746 0
1843 -2.1754 0
1279 -2.1784 0
53 -2.1823 0
1681 -2.1832 0
1318 -2.1835 0
970 -2.1865 0
1690 -2.1872 0
1109 -2.1909 0
499 -2.1917 0
859 -2.1920 0
1523 -2.1954 0
678 -2.2066 0
1147 -2.2083 0
614 -2.2111 0
734 -2.2152 0
1463 -2.2176 0
1686 -2.2189 0
1195 -2.2222 0
395 -2.2237 0
719 -2.2258 0
1267 -2.2355 0
1162 -2.2363 0
481 -2.2415 0
1391 -2.2448 0
599 -2.2481 0
1638 -2.2499 0
307 -2.2515 0
836 -2.2527 0
849 -2.2529 0
889 -2.2567 0
1551 -2.2596 0
879 -2.2616 0
1171 -2.2617 0
997 -2.2725 0
1291 -2.2790 0
518 -2.2871 0
1317 -2.2884 0
1398 -2.2902 0
1766 -2.3091 0
962 -2.3116 0
1134 -2.3150 0
1508 -2.3184 0
1226 -2.3212 0
369 -2.3257 0
471 -2.3277 0
1123 -2.3298 0
1600 -2.3306 0
340 -2.3340 0
1302 -2.3350 0
1114 -2.3429 0
862 -2.3439 0
760 -2.3462 0
1370 -2.3502 0
790 -2.3507 0
379 -2.3568 0
1003 -2.3571 0
97 -2.3580 0
463 -2.3609 0
813 -2.3651 0
1637 -2.3713 0
1623 -2.3720 0
855 -2.3751 0
1413 -2.3769 0
1558 -2.3877 0
1553 -2.3913 0
1263 -2.3937 0
569 -2.3964 0
373 -2.3978 0
424 -2.3980 0
581 -2.4033 0
1035 -2.4073 0
320 -2.4086 0
1255 -2.4140 0
570 -2.4150 0
1368 -2.4255 0
317 -2.4314 0
1137 -2.4323 0
1599 -2.4383 0
306 -2.4428 0
566 -2.4437 0
1464 -2.4445 0
1676 -2.4448 0
765 -2.4481 0
1611 -2.4519 0
677 -2.4525 0
1563 -2.4528 0
77 -2.4533 0
1379 -2.4555 0
1046 -2.4580 0
1767 -2.4593 0
1282 -2.4600 0
1584 -2.4701 0
1700 -2.4843 0
788 -2.4926 0
1615 -2.4954 0
304 -2.5039 0
818 -2.5071 0
289 -2.5094 0
1174 -2.5146 0
607 -2.5150 0
308 -2.5165 0
1795 -2.5259 0
1434 -2.5265 0
574 -2.5277 0
665 -2.5313 0
711 -2.5318 0
676 -2.5378 0
1453 -2.5416 0
1531 -2.5418 0
881 -2.5530 0
1737 -2.5542 0
1542 -2.5551 0
462 -2.5597 0
1746 -2.5629 0
999 -2.5662 0
950 -2.5701 0
947 -2.5759 0
959 -2.5772 0
1360 -2.5773 0
476 -2.5792 0
477 -2.5853 0
1349 -2.5854 0
552 -2.5859 0
399 -2.5953 0
877 -2.5983 0
1268 -2.6014 0
1342 -2.6038 0
493 -2.6094 0
1473 -2.6256 0
1138 -2.6347 0
1534 -2.6359 0
1107 -2.6375 0
617 -2.6389 0
919 -2.6456 0
827 -2.6459 0
1269 -2.6515 0
630 -2.6559 0
1390 -2.6563 0
1125 -2.6616 0
1457 -2.6617 0
1399 -2.6630 0
554 -2.6637 0
1526 -2.6668 0
1032 -2.6689 0
867 -2.6727 0
354 -2.6731 0
1106 -2.6735 0
1310 -2.6738 0
1483 -2.6776 0
336 -2.6812 0
1007 -2.6956 0
1458 -2.7016 0
1566 -2.7019 0
1507 -2.7044 0
733 -2.7090 0
1587 -2.7168 0
1634 -2.7189 0
1456 -2.7192 0
1376 -2.7228 0
717 -2.7239 0
571 -2.7346 0
1013 -2.7365 0
1632 -2.7493 0
1378 -2.7512 0
410 -2.7549 0
1260 -2.7597 0
597 -2.7621 0
396 -2.7648 0
1270 -2.7723 0
1011 -2.7749 0
1469 -2.7752 0
846 -2.7761 0
1384 -2.7781 0
1186 -2.7900 0
655 -2.7920 0
682 -2.7927 0
1345 -2.7930 0
973 -2.7941 0
1002 -2.8002 0
888 -2.8024 0
885 -2.8118 0
348 -2.8126 0
920 -2.8136 0
329 -2.8183 0
495 -2.8193 0
1380 -2.8203 0
365 -2.8286 0
1752 -2.8340 0
1607 -2.8402 0
878 -2.8417 0
1304 -2.8429 0
1580 -2.8490 0
1804 -2.8497 0
740 -2.8502 0
1261 -2.8510 0
1182 -2.8537 0
1590 -2.8585 0
883 -2.8609 0
794 -2.8651 0
1541 -2.8723 0
1429 -2.8750 0
1284 -2.8790 0
876 -2.8907 0
584 -2.8939 0
1505 -2.8967 0
1654 -2.8978 0
924 -2.8983 0
1468 -2.9071 0
1122 -2.9133 0
590 -2.9146 0
746 -2.9226 0
68 -2.9244 0
880 -2.9246 0
398 -2.9278 0
1451 -2.9306 0
1039 -2.9326 0
724 -2.9337 0
1593 -2.9458 0
386 -2.9493 0
1521 -2.9584 0
1272 -2.9615 0
1371 -2.9661 0
1133 -2.9666 0
811 -2.9684 0
1285 -2.9761 0
738 -2.9764 0
59 -2.9792 0
509 -2.9795 0
1015 -2.9803 0
1488 -2.9821 0
1100 -2.9868 0
384 -2.9930 0
720 -3.0032 0
667 -3.0066 0
1334 -3.0154 0
1613 -3.0210 0
1283 -3.0353 0
567 -3.0488 0
890 -3.0617 0
957 -3.0654 0
664 -3.0697 0
1169 -3.0742 0
1475 -3.0763 0
332 -3.0776 0
1476 -3.0840 0
1695 -3.0974 0
1588 -3.0999 0
668 -3.1020 0
858 -3.1024 0
1573 -3.1112 0
1759 -3.1156 0
998 -3.1247 0
1296 -3.1270 0
1489 -3.1395 0
1786 -3.1429 0
521 -3.1484 0
1501 -3.1550 0
1297 -3.1583 0
1362 -3.1603 0
1295 -3.1639 0
1697 -3.1640 0
1025 -3.1643 0
1487 -3.1729 0
1454 -3.1794 0
1028 -3.1800 0
525 -3.1887 0
925 -3.1892 0
689 -3.1895 0
991 -3.1956 0
1427 -3.2027 0
1351 -3.2059 0
1363 -3.2066 0
726 -3.2092 0
1193 -3.2613 0
736 -3.2755 0
478 -3.2869 0
1991 -3.2917 0
675 -3.2983 0
1364 -3.3064 0
1765 -3.3090 0
377 -3.3107 0
1146 -3.3165 0
1309 -3.3201 0
730 -3.3220 0
330 -3.3472 0
1569 -3.3533 0
1361 -3.3605 0
1506 -3.3688 0
1490 -3.3796 0
854 -3.3872 0
875 -3.3935 0
1307 -3.3969 0
892 -3.3971 0
988 -3.3976 0
1510 -3.3993 0
1769 -3.4044 0
1179 -3.4084 0
903 -3.4105 0
1527 -3.4119 0
1352 -3.4154 0
732 -3.4215 0
1367 -3.4275 0
359 -3.4354 0
712 -3.4392 0
912 -3.4504 0
1355 -3.4548 0
1314 -3.4603 0
1258 -3.4661 0
1543 -3.4834 0
1265 -3.4945 0
1450 -3.5057 0
472 -3.5181 0
1591 -3.5183 0
960 -3.5273 0
586 -3.5373 0
1101 -3.5389 0
1293 -3.5421 0
684 -3.5474 0
893 -3.5548 0
485 -3.5582 0
431 -3.5583 0
1320 -3.5643 0
1253 -3.5700 0
496 -3.5743 0
680 -3.5775 0
1257 -3.5895 0
722 -3.6321 0
1303 -3.6332 0
454 -3.6345 0
882 -3.6437 0
381 -3.6662 0
1503 -3.6740 0
1596 -3.6774 0
958 -3.6892 0
1286 -3.6900 0
1333 -3.6924 0
624 -3.7031 0
926 -3.7051 0
1251 -3.7091 0
40 -3.7300 0
954 -3.7318 0
666 -3.7407 0
966 -3.7507 0
325 -3.7582 0
1292 -3.7731 0
742 -3.7910 0
1544 -3.7985 0
1602 -3.8077 0
1369 -3.8127 0
342 -3.8304 0
1127 -3.8455 0
705 -3.8518 0
1354 -3.8637 0
932 -3.8828 0
873 -3.8832 0
416 -3.8872 0
864 -3.8893 0
1326 -3.8923 0
1761 -3.8924 0
887 -3.9123 0
1774 -3.9185 0
483 -3.9230 0
1185 -3.9230 0
376 -3.9335 0
1518 -3.9361 0
696 -3.9533 0
428 -3.9557 0
627 -3.9575 0
853 -3.9593 0
363 -3.9931 0
1373 -4.0200 0
1524 -4.0211 0
938 -4.0315 0
1480 -4.0361 0
1289 -4.0367 0
1395 -4.0407 0
1515 -4.0537 0
1574 -4.0580 0
1781 -4.0674 0
1500 -4.0688 0
492 -4.0842 0
1144 -4.1008 0
1612 -4.1017 0
460 -4.1387 0
1532 -4.1474 0
490 -4.1517 0
1332 -4.1654 0
1184 -4.1731 0
1271 -4.1787 0
587 -4.1829 0
1019 -4.2005 0
651 -4.2130 0
335 -4.2211 0
322 -4.2275 0
1262 -4.2467 0
884 -4.2603 0
1321 -4.3111 0
868 -4.3362 0
568 -4.3733 0
1375 -4.3768 0
1009 -4.4217 0
1033 -4.4221 0
1763 -4.4230 0
1353 -4.4322 0
1511 -4.5068 0
1549 -4.5849 0
706 -4.6043 0
353 -4.6187 0
337 -4.6448 0
390 -4.7635 0
364 -4.7679 0
1306 -4.7983 0
944 -4.8399 0
394 -4.8419 0
1197 -4.8519 0
874 -4.8613 0
1533 -4.8651 0
1348 -4.8727 0
1104 -4.9983 0
383 -5.0088 0
360 -5.0194 0
553 -5.0737 0
1337 -5.1235 0
1538 -5.1869 0
1281 -5.2093 0
1288 -5.4528 0
1536 -5.5111 0
636 -5.5172 0
670 -5.5467 0
1325 -5.6608 0
1149 -5.7041 0
671 -5.8529 0
1300 -5.9958 0
1516 -6.0041 0
1315 -6.4811 0
361 -8.0136 0
