185 26.0599 1
192 25.1499 1
181 24.3389 1
166 24.0518 1
163 23.6956 1
150 22.7880 1
197 21.9720 1
188 21.1634 1
165 20.6587 1
164 20.5541 1
161 20.4130 1
189 20.3506 1
170 20.0827 1
178 19.7809 1
199 19.0868 1
191 18.5797 1
157 18.2818 1
151 17.9444 1
175 16.5225 1
169 16.2946 1
179 15.8832 1
194 15.5697 1
173 15.5267 1
162 15.1741 1
160 14.7545 1
190 14.6818 1
176 14.1463 1
153 13.8349 1
119 13.7572 0
152 13.6209 1
167 13.2700 1
224 13.1624 0
249 13.0413 0
183 12.9907 1
155 12.9851 1
1956 12.8514 0
1983 12.5552 0
186 12.4495 1
139 12.3755 0
1945 12.0849 0
187 11.6664 1
1926 11.3485 0
1949 11.3093 0
120 11.2704 0
154 11.1929 1
231 11.1729 0
184 10.8379 1
1916 10.7495 0
1974 10.5674 0
220 10.3736 0
232 10.2232 0
116 10.0355 0
215 10.0072 0
1939 9.9051 0
209 9.8881 0
136 9.8090 0
145 9.7921 0
1931 9.7440 0
1904 9.7011 0
1932 9.6025 0
105 9.5534 0
1910 9.4618 0
144 9.3107 0
229 9.2972 0
1982 9.2346 0
1989 9.2119 0
205 9.1931 0
1929 9.0868 0
198 8.9974 1
140 8.9865 0
243 8.9297 0
138 8.8622 0
1970 8.8477 0
1946 8.8452 0
177 8.7973 1
1938 8.7005 0
262 8.6236 0
1975 8.4013 0
503 8.3823 0
115 8.3590 0
1985 8.2993 0
1920 8.2767 0
1928 8.2688 0
107 8.2504 0
156 8.2466 1
1829 8.2223 0
1943 8.1973 0
1950 8.1372 0
206 8.1258 0
208 8.1083 0
239 8.0784 0
1979 8.0665 0
113 8.0432 0
196 7.9867 1
1958 7.8622 0
227 7.8558 0
1935 7.7590 0
1955 7.7345 0
217 7.6814 0
223 7.6658 0
990 7.5850 0
253 7.5175 0
233 7.3861 0
171 7.3405 1
213 7.3108 0
1913 7.3001 0
1968 7.2647 0
256 7.2624 0
158 7.2591 1
222 7.2241 0
1994 7.2091 0
1936 7.1503 0
279 7.1328 0
1997 7.1243 0
1957 7.1094 0
101 7.1087 0
1803 7.1023 0
236 7.0777 0
1954 7.0064 0
122 7.0062 0
203 6.9037 0
235 6.9028 0
108 6.8994 0
207 6.8791 0
126 6.8699 0
1930 6.8138 0
1980 6.7651 0
1865 6.7400 0
1984 6.7321 0
159 6.7100 1
172 6.7035 1
218 6.6754 0
117 6.6311 0
193 6.6229 1
1940 6.6070 0
110 6.5575 0
296 6.5220 0
1948 6.5020 0
228 6.4865 0
202 6.4169 0
1845 6.4076 0
1990 6.3959 0
112 6.2862 0
124 6.2565 0
1902 6.2279 0
244 6.1339 0
219 6.0911 0
1963 6.0790 0
104 6.0574 0
137 6.0490 0
1917 6.0471 0
134 6.0171 0
1967 6.0020 0
1736 5.9628 0
1901 5.9528 0
211 5.9053 0
843 5.8895 0
1981 5.8662 0
1973 5.8141 0
250 5.7184 0
216 5.7125 0
1918 5.7100 0
135 5.6671 0
261 5.6532 0
103 5.6470 0
267 5.6285 0
247 5.6140 0
200 5.5930 0
1960 5.5548 0
1834 5.5427 0
1900 5.5309 0
1986 5.5289 0
245 5.5051 0
1924 5.4884 0
1972 5.4806 0
1864 5.4779 0
1545 5.4721 0
240 5.4695 0
1921 5.3846 0
1947 5.3788 0
1995 5.3634 0
133 5.2958 0
1927 5.2381 0
1961 5.2376 0
201 5.2218 0
149 5.2070 0
257 5.2032 0
833 5.1715 0
1999 5.1498 0
1977 5.1454 0
1436 5.1240 0
246 5.0424 0
530 5.0259 0
131 5.0030 0
258 4.9976 0
1976 4.9917 0
1846 4.9270 0
102 4.9174 0
1988 4.9064 0
392 4.9001 0
148 4.8978 0
1962 4.8913 0
1810 4.8193 0
1616 4.8062 0
212 4.8050 0
237 4.7447 0
182 4.7379 1
1435 4.7132 0
174 4.6907 1
1833 4.6882 0
8 4.6728 0
1953 4.6572 0
1824 4.6298 0
34 4.5978 0
130 4.5881 0
1944 4.5756 0
1465 4.5611 0
238 4.5554 0
210 4.5378 0
1438 4.5334 0
1406 4.5086 0
141 4.4858 0
146 4.4794 0
1828 4.4515 0
1914 4.4464 0
1885 4.4449 0
1912 4.4309 0
44 4.4046 0
1752 4.3629 0
1811 4.3406 0
1922 4.3245 0
1966 4.3234 0
128 4.3146 0
695 4.3073 0
260 4.2710 0
1908 4.1969 0
438 4.1909 0
25 4.1770 0
1839 4.1524 0
1414 4.1449 0
1619 4.1390 0
1867 4.1377 0
1969 4.1295 0
1809 4.1195 0
1402 4.1035 0
1335 4.0964 0
1934 4.0901 0
807 4.0521 0
35 4.0345 0
437 3.9936 0
31 3.9833 0
1814 3.9744 0
125 3.9274 0
109 3.9068 0
681 3.8901 0
297 3.8794 0
714 3.8767 0
1877 3.8743 0
1141 3.8653 0
722 3.8499 0
1443 3.8347 0
1640 3.8334 0
280 3.7938 0
272 3.7665 0
1993 3.7286 0
1915 3.7228 0
1840 3.7099 0
1925 3.6958 0
1880 3.6848 0
577 3.6594 0
252 3.6294 0
147 3.6215 0
1139 3.6140 0
1812 3.6072 0
255 3.6059 0
1805 3.6022 0
18 3.5944 0
266 3.5789 0
1836 3.5744 0
1808 3.5625 0
263 3.5507 0
804 3.5492 0
1823 3.5446 0
276 3.5411 0
259 3.5386 0
563 3.5264 0
1092 3.5228 0
692 3.5161 0
1535 3.5086 0
72 3.5048 0
47 3.4846 0
114 3.4723 0
1933 3.4100 0
273 3.3978 0
282 3.3913 0
242 3.3811 0
1894 3.3797 0
268 3.3587 0
1056 3.3571 0
1937 3.3388 0
1411 3.3270 0
801 3.3110 0
1893 3.2914 0
516 3.2851 0
1404 3.2834 0
819 3.2784 0
168 3.2758 1
1998 3.2637 0
1878 3.2521 0
1775 3.2351 0
100 3.2285 0
84 3.2160 0
9 3.1908 0
1624 3.1357 0
1848 3.1300 0
281 3.1219 0
225 3.1217 0
1987 3.1198 0
1907 3.1136 0
1872 3.1071 0
1082 3.1047 0
805 3.1031 0
724 3.0792 0
1971 3.0508 0
1879 3.0177 0
1942 2.9922 0
180 2.9453 1
142 2.9401 0
214 2.9251 0
1245 2.8809 0
1077 2.8662 0
74 2.8658 0
286 2.8544 0
1801 2.8502 0
295 2.8484 0
829 2.8379 0
1911 2.8135 0
718 2.8004 0
708 2.7825 0
1959 2.7647 0
1815 2.7581 0
1866 2.7572 0
1909 2.7512 0
583 2.7456 0
1618 2.7439 0
1448 2.6908 0
1859 2.6750 0
564 2.6701 0
1838 2.6692 0
30 2.6545 0
869 2.6441 0
195 2.6432 1
820 2.6300 0
1817 2.6249 0
402 2.5988 0
248 2.5981 0
254 2.5897 0
458 2.5782 0
1711 2.5752 0
936 2.5662 0
127 2.5582 0
1667 2.5520 0
1847 2.5299 0
1074 2.5297 0
1078 2.5297 0
129 2.5261 0
810 2.5127 0
1647 2.5025 0
1759 2.4876 0
1881 2.4300 0
1405 2.4150 0
288 2.4148 0
479 2.4106 0
1660 2.4033 0
265 2.4006 0
687 2.3957 0
1830 2.3874 0
542 2.3845 0
143 2.3756 0
1614 2.3747 0
511 2.3714 0
1831 2.3712 0
234 2.3609 0
274 2.3496 0
436 2.3301 0
1763 2.3262 0
1853 2.3025 0
1951 2.2718 0
623 2.2704 0
595 2.2678 0
408 2.2575 0
720 2.1953 0
1854 2.1914 0
735 2.1876 0
1832 2.1786 0
1601 2.1710 0
1400 2.1658 0
737 2.1302 0
106 2.1235 0
270 2.1150 0
1403 2.1076 0
132 2.1003 0
1678 2.0963 0
731 2.0671 0
1844 2.0632 0
808 2.0508 0
699 2.0436 0
62 2.0433 0
323 2.0364 0
745 2.0351 0
287 2.0289 0
824 2.0274 0
20 2.0210 0
45 2.0209 0
1266 2.0198 0
14 2.0132 0
1806 1.9752 0
1637 1.9700 0
1793 1.9566 0
828 1.9481 0
226 1.9421 0
1642 1.9421 0
111 1.9400 0
485 1.9337 0
1098 1.9271 0
800 1.9125 0
1572 1.9010 0
1742 1.8885 0
278 1.8878 0
715 1.8868 0
387 1.8841 0
1780 1.8812 0
1416 1.8738 0
1779 1.8651 0
1858 1.8563 0
1888 1.8559 0
1876 1.8516 0
1273 1.8491 0
1965 1.8476 0
1115 1.8367 0
821 1.8289 0
7 1.8076 0
230 1.8063 0
1421 1.8018 0
919 1.8005 0
1525 1.7988 0
1629 1.7868 0
123 1.7845 0
1892 1.7768 0
591 1.7683 0
802 1.7669 0
826 1.7653 0
1021 1.7636 0
1790 1.7609 0
1750 1.7568 0
1923 1.7520 0
285 1.7508 0
561 1.7500 0
121 1.7453 0
36 1.7215 0
839 1.7193 0
734 1.7175 0
1514 1.7092 0
1103 1.7046 0
1070 1.6985 0
275 1.6918 0
1401 1.6843 0
1837 1.6820 0
1818 1.6775 0
1898 1.6766 0
1855 1.6484 0
1843 1.6479 0
1644 1.6411 0
1613 1.6404 0
756 1.6402 0
1446 1.6320 0
1071 1.6296 0
1663 1.5991 0
852 1.5973 0
1633 1.5917 0
1540 1.5876 0
1461 1.5830 0
1424 1.5783 0
1903 1.5615 0
1086 1.5594 0
1964 1.5593 0
548 1.5427 0
506 1.5354 0
1431 1.5009 0
1813 1.4942 0
1407 1.4775 0
1896 1.4752 0
1038 1.4736 0
1884 1.4667 0
397 1.4644 0
46 1.4600 0
1432 1.4589 0
1562 1.4539 0
1905 1.4500 0
648 1.4469 0
1861 1.4465 0
1641 1.4422 0
909 1.4375 0
1827 1.4341 0
939 1.4317 0
504 1.4191 0
447 1.4185 0
1517 1.3965 0
1728 1.3964 0
497 1.3960 0
916 1.3905 0
1630 1.3885 0
1069 1.3806 0
1468 1.3806 0
48 1.3780 0
291 1.3717 0
1890 1.3464 0
532 1.3396 0
1159 1.3378 0
277 1.3211 0
1582 1.3119 0
1008 1.3011 0
696 1.2976 0
376 1.2754 0
851 1.2669 0
1096 1.2652 0
1638 1.2647 0
837 1.2645 0
1252 1.2645 0
664 1.2612 0
1236 1.2596 0
1426 1.2537 0
70 1.2423 0
1804 1.2341 0
657 1.2165 0
60 1.2046 0
1622 1.2012 0
1856 1.1978 0
551 1.1959 0
1227 1.1925 0
1548 1.1898 0
1634 1.1844 0
26 1.1840 0
1422 1.1825 0
830 1.1819 0
1445 1.1709 0
1418 1.1695 0
90 1.1603 0
747 1.1597 0
1338 1.1539 0
1631 1.1430 0
1459 1.1427 0
1762 1.1418 0
118 1.1387 0
1534 1.1340 0
1308 1.1284 0
341 1.1261 0
1802 1.1168 0
702 1.1166 0
1205 1.1034 0
1887 1.1006 0
11 1.0993 0
271 1.0911 0
816 1.0883 0
835 1.0810 0
1341 1.0777 0
601 1.0776 0
639 1.0654 0
21 1.0650 0
352 1.0616 0
901 1.0555 0
553 1.0534 0
355 1.0529 0
298 1.0459 0
1785 1.0427 0
703 1.0377 0
965 1.0346 0
433 1.0229 0
40 1.0193 0
1756 1.0173 0
1821 1.0122 0
1052 1.0102 0
13 1.0072 0
221 1.0055 0
1897 0.9989 0
621 0.9936 0
582 0.9895 0
524 0.9856 0
1220 0.9823 0
1792 0.9814 0
1486 0.9756 0
1397 0.9702 0
832 0.9627 0
845 0.9552 0
1594 0.9542 0
1458 0.9500 0
861 0.9437 0
1474 0.9345 0
1024 0.9312 0
651 0.9102 0
1704 0.9068 0
71 0.9048 0
1084 0.9040 0
634 0.8990 0
1822 0.8960 0
636 0.8935 0
590 0.8809 0
910 0.8759 0
477 0.8583 0
406 0.8528 0
32 0.8511 0
56 0.8442 0
1434 0.8392 0
395 0.8335 0
1043 0.8250 0
251 0.8196 0
1991 0.8171 0
1849 0.8138 0
831 0.8065 0
85 0.8034 0
22 0.8027 0
1794 0.7980 0
440 0.7920 0
1820 0.7888 0
1066 0.7743 0
1215 0.7569 0
698 0.7525 0
716 0.7494 0
1835 0.7489 0
15 0.7479 0
725 0.7432 0
1606 0.7393 0
96 0.7381 0
293 0.7252 0
6 0.7206 0
1208 0.7192 0
241 0.7145 0
1204 0.7129 0
693 0.7110 0
586 0.7102 0
1286 0.7087 0
1353 0.7075 0
1419 0.7039 0
886 0.6980 0
1566 0.6861 0
204 0.6758 0
1063 0.6599 0
1552 0.6465 0
466 0.6411 0
1609 0.6370 0
1724 0.6366 0
17 0.6347 0
926 0.6338 0
1745 0.6321 0
1899 0.6296 0
1108 0.6264 0
768 0.6238 0
441 0.6213 0
659 0.6195 0
653 0.6151 0
1415 0.6125 0
1713 0.6052 0
1852 0.5961 0
1467 0.5930 0
1978 0.5860 0
1626 0.5815 0
442 0.5796 0
713 0.5740 0
470 0.5736 0
1170 0.5700 0
1871 0.5586 0
1748 0.5578 0
726 0.5555 0
1777 0.5549 0
934 0.5513 0
1247 0.5474 0
38 0.5473 0
814 0.5460 0
1578 0.5349 0
1581 0.5325 0
900 0.5253 0
1237 0.5233 0
899 0.5213 0
1180 0.5152 0
1648 0.5118 0
701 0.5050 0
1620 0.4888 0
23 0.4842 0
918 0.4812 0
1116 0.4810 0
1059 0.4731 0
99 0.4711 0
1862 0.4684 0
749 0.4683 0
1617 0.4670 0
10 0.4651 0
1203 0.4650 0
1520 0.4616 0
680 0.4553 0
838 0.4551 0
1733 0.4522 0
94 0.4457 0
809 0.4438 0
1919 0.4306 0
1356 0.4304 0
520 0.4292 0
1585 0.4259 0
269 0.4246 0
557 0.4218 0
1484 0.4186 0
1342 0.4145 0
1420 0.3968 0
640 0.3877 0
1477 0.3833 0
1442 0.3791 0
1496 0.3790 0
1457 0.3771 0
478 0.3752 0
1083 0.3670 0
370 0.3550 0
357 0.3480 0
906 0.3470 0
1040 0.3440 0
1639 0.3316 0
289 0.3232 0
894 0.3221 0
1441 0.3214 0
682 0.3155 0
1868 0.3112 0
1559 0.3088 0
306 0.3087 0
673 0.3082 0
1091 0.3003 0
992 0.2995 0
635 0.2989 0
666 0.2986 0
1708 0.2964 0
608 0.2942 0
358 0.2900 0
1482 0.2864 0
661 0.2847 0
1653 0.2758 0
1895 0.2758 0
351 0.2693 0
1275 0.2661 0
1202 0.2657 0
462 0.2634 0
1118 0.2574 0
1051 0.2567 0
473 0.2534 0
57 0.2530 0
1080 0.2525 0
1254 0.2453 0
1891 0.2426 0
49 0.2392 0
76 0.2361 0
1772 0.2307 0
1427 0.2289 0
688 0.2226 0
66 0.2210 0
1699 0.2030 0
1241 0.1999 0
1428 0.1995 0
1076 0.1839 0
405 0.1789 0
964 0.1749 0
848 0.1720 0
1000 0.1713 0
264 0.1709 0
1238 0.1690 0
676 0.1684 0
333 0.1682 0
1531 0.1646 0
396 0.1638 0
1697 0.1630 0
1598 0.1624 0
1500 0.1620 0
371 0.1607 0
505 0.1500 0
1172 0.1479 0
1284 0.1475 0
1519 0.1452 0
1528 0.1445 0
1192 0.1440 0
806 0.1407 0
316 0.1403 0
446 0.1310 0
597 0.1297 0
986 0.1183 0
27 0.1080 0
1462 0.1078 0
738 0.1064 0
1705 0.0876 0
1094 0.0872 0
1243 0.0834 0
382 0.0812 0
1213 0.0773 0
1053 0.0771 0
1726 0.0738 0
534 0.0737 0
1526 0.0725 0
375 0.0718 0
380 0.0703 0
818 0.0699 0
1212 0.0637 0
1570 0.0634 0
1573 0.0621 0
844 0.0596 0
1718 0.0590 0
1449 0.0533 0
359 0.0511 0
962 0.0462 0
1408 0.0462 0
817 0.0454 0
1328 0.0424 0
1447 0.0415 0
1863 0.0368 0
445 0.0351 0
1155 0.0295 0
1702 0.0287 0
1183 0.0130 0
866 0.0127 0
378 0.0107 0
1883 0.0080 0
388 0.0062 0
1529 0.0055 0
1178 0.0042 0
1207 0.0041 0
1874 0.0006 0
1561 -0.0097 0
89 -0.0103 0
82 -0.0165 0
356 -0.0177 0
1430 -0.0203 0
1542 -0.0240 0
1851 -0.0267 0
847 -0.0269 0
1842 -0.0374 0
1425 -0.0374 0
61 -0.0472 0
723 -0.0475 0
588 -0.0506 0
771 -0.0531 0
576 -0.0537 0
1632 -0.0554 0
1316 -0.0561 0
1239 -0.0602 0
24 -0.0605 0
1433 -0.0623 0
1882 -0.0634 0
1161 -0.0637 0
763 -0.0706 0
283 -0.0715 0
1857 -0.0749 0
704 -0.0776 0
1741 -0.0791 0
1306 -0.0795 0
976 -0.0802 0
940 -0.0835 0
368 -0.0846 0
1539 -0.0862 0
1553 -0.0878 0
1299 -0.0910 0
451 -0.0912 0
41 -0.0940 0
1216 -0.0962 0
950 -0.0986 0
555 -0.1037 0
1754 -0.1049 0
1807 -0.1057 0
93 -0.1082 0
1541 -0.1125 0
1334 -0.1163 0
1729 -0.1205 0
1017 -0.1287 0
1060 -0.1292 0
798 -0.1315 0
411 -0.1341 0
515 -0.1350 0
706 -0.1361 0
1394 -0.1390 0
299 -0.1421 0
1301 -0.1460 0
360 -0.1536 0
1230 -0.1618 0
1219 -0.1622 0
1492 -0.1650 0
825 -0.1652 0
517 -0.1665 0
803 -0.1673 0
1635 -0.1740 0
1703 -0.1770 0
469 -0.1814 0
319 -0.1833 0
1875 -0.1840 0
1217 -0.1847 0
1505 -0.1856 0
1185 -0.1858 0
1210 -0.1875 0
415 -0.1909 0
1764 -0.1929 0
1611 -0.1990 0
389 -0.2002 0
1186 -0.2021 0
354 -0.2040 0
1 -0.2052 0
1671 -0.2062 0
1048 -0.2083 0
1377 -0.2088 0
741 -0.2194 0
985 -0.2197 0
1085 -0.2206 0
1264 -0.2231 0
1621 -0.2255 0
1112 -0.2273 0
740 -0.2292 0
1590 -0.2309 0
444 -0.2316 0
384 -0.2327 0
552 -0.2340 0
1869 -0.2379 0
719 -0.2420 0
957 -0.2423 0
1679 -0.2483 0
1522 -0.2500 0
1175 -0.2528 0
1350 -0.2550 0
1010 -0.2615 0
1826 -0.2644 0
459 -0.2659 0
596 -0.2667 0
1577 -0.2687 0
1290 -0.2749 0
513 -0.2758 0
949 -0.2854 0
920 -0.2913 0
1464 -0.2914 0
372 -0.2917 0
1490 -0.2989 0
1110 -0.3064 0
1636 -0.3078 0
1314 -0.3092 0
1518 -0.3117 0
452 -0.3123 0
1233 -0.3150 0
1417 -0.3174 0
1755 -0.3239 0
739 -0.3256 0
1543 -0.3270 0
495 -0.3301 0
1119 -0.3309 0
1698 -0.3325 0
744 -0.3342 0
1720 -0.3417 0
1761 -0.3473 0
884 -0.3518 0
1113 -0.3523 0
669 -0.3561 0
766 -0.3621 0
691 -0.3629 0
559 -0.3661 0
1131 -0.3749 0
1816 -0.3865 0
362 -0.3871 0
443 -0.3886 0
841 -0.3921 0
1516 -0.3933 0
1312 -0.3943 0
1485 -0.3956 0
1589 -0.4008 0
599 -0.4024 0
1439 -0.4026 0
1143 -0.4072 0
88 -0.4109 0
665 -0.4111 0
1765 -0.4156 0
728 -0.4166 0
541 -0.4176 0
364 -0.4195 0
1556 -0.4228 0
528 -0.4241 0
1513 -0.4259 0
1452 -0.4280 0
721 -0.4366 0
885 -0.4378 0
776 -0.4493 0
690 -0.4494 0
1440 -0.4498 0
1497 -0.4612 0
865 -0.4666 0
1732 -0.4671 0
428 -0.4724 0
1491 -0.4738 0
1164 -0.4748 0
1508 -0.4756 0
1558 -0.4785 0
732 -0.4832 0
629 -0.4911 0
641 -0.5140 0
1453 -0.5158 0
1819 -0.5174 0
1782 -0.5178 0
1475 -0.5225 0
1392 -0.5268 0
654 -0.5308 0
644 -0.5377 0
951 -0.5390 0
1599 -0.5392 0
628 -0.5399 0
521 -0.5427 0
815 -0.5518 0
1423 -0.5569 0
1701 -0.5571 0
700 -0.5593 0
1099 -0.5647 0
68 -0.5657 0
1151 -0.5690 0
1214 -0.5720 0
1850 -0.5721 0
1065 -0.5726 0
312 -0.5743 0
612 -0.5774 0
952 -0.5838 0
600 -0.5838 0
338 -0.5851 0
1413 -0.5979 0
645 -0.6031 0
1221 -0.6059 0
1456 -0.6083 0
840 -0.6130 0
1690 -0.6157 0
1870 -0.6167 0
318 -0.6174 0
518 -0.6175 0
1530 -0.6214 0
898 -0.6255 0
571 -0.6328 0
1460 -0.6386 0
1089 -0.6407 0
574 -0.6417 0
1495 -0.6438 0
679 -0.6455 0
929 -0.6534 0
1744 -0.6611 0
560 -0.6690 0
1546 -0.6724 0
707 -0.6736 0
1798 -0.6804 0
1209 -0.6816 0
304 -0.6823 0
531 -0.6825 0
1538 -0.6895 0
347 -0.6963 0
1095 -0.7012 0
1191 -0.7094 0
567 -0.7107 0
1501 -0.7125 0
1276 -0.7139 0
1560 -0.7144 0
463 -0.7218 0
547 -0.7305 0
888 -0.7329 0
1825 -0.7336 0
419 -0.7416 0
610 -0.7417 0
393 -0.7430 0
1791 -0.7439 0
1992 -0.7494 0
1487 -0.7580 0
423 -0.7677 0
784 -0.7680 0
1050 -0.7691 0
1569 -0.7761 0
570 -0.7779 0
603 -0.7814 0
663 -0.7840 0
1222 -0.7856 0
846 -0.7858 0
0 -0.7861 0
1148 -0.7873 0
292 -0.7886 0
369 -0.7911 0
4 -0.7955 0
1224 -0.7972 0
1760 -0.8017 0
28 -0.8160 0
1211 -0.8194 0
1563 -0.8219 0
366 -0.8266 0
394 -0.8295 0
1776 -0.8344 0
507 -0.8369 0
989 -0.8408 0
656 -0.8433 0
1757 -0.8587 0
412 -0.8616 0
685 -0.8641 0
743 -0.8676 0
1783 -0.8718 0
562 -0.8740 0
1145 -0.8750 0
1512 -0.8790 0
1106 -0.8855 0
892 -0.8856 0
1684 -0.8886 0
414 -0.8917 0
39 -0.8979 0
812 -0.9025 0
1591 -0.9026 0
413 -0.9047 0
1018 -0.9050 0
1294 -0.9062 0
822 -0.9081 0
1200 -0.9093 0
658 -0.9111 0
1715 -0.9121 0
29 -0.9122 0
1749 -0.9153 0
1149 -0.9185 0
922 -0.9187 0
1346 -0.9281 0
1174 -0.9301 0
95 -0.9339 0
1731 -0.9343 0
1117 -0.9404 0
450 -0.9440 0
65 -0.9497 0
1061 -0.9517 0
1498 -0.9550 0
742 -0.9557 0
981 -0.9577 0
500 -0.9597 0
379 -0.9610 0
1189 -0.9613 0
943 -0.9639 0
300 -0.9691 0
1576 -0.9735 0
294 -0.9769 0
572 -0.9785 0
896 -0.9794 0
1088 -0.9800 0
383 -0.9829 0
1681 -0.9855 0
1235 -0.9933 0
753 -0.9959 0
519 -0.9994 0
1610 -1.0090 0
647 -1.0110 0
759 -1.0230 0
508 -1.0243 0
1281 -1.0246 0
43 -1.0270 0
3 -1.0272 0
87 -1.0307 0
307 -1.0357 0
684 -1.0397 0
1735 -1.0427 0
1504 -1.0434 0
1555 -1.0489 0
930 -1.0509 0
1339 -1.0518 0
935 -1.0566 0
1494 -1.0584 0
1740 -1.0619 0
1014 -1.0641 0
1129 -1.0672 0
1336 -1.0729 0
1041 -1.0738 0
51 -1.0742 0
946 -1.0807 0
1228 -1.0843 0
711 -1.0866 0
1941 -1.0919 0
932 -1.0937 0
315 -1.0985 0
1873 -1.0995 0
1067 -1.1110 0
498 -1.1125 0
435 -1.1130 0
1789 -1.1144 0
290 -1.1162 0
1568 -1.1188 0
611 -1.1229 0
37 -1.1233 0
1081 -1.1281 0
514 -1.1290 0
1579 -1.1323 0
1488 -1.1378 0
533 -1.1532 0
1766 -1.1573 0
98 -1.1609 0
1090 -1.1611 0
1466 -1.1626 0
482 -1.1686 0
1463 -1.1847 0
1734 -1.1866 0
1218 -1.1883 0
568 -1.1884 0
1658 -1.1962 0
1886 -1.1977 0
19 -1.2115 0
746 -1.2130 0
1073 -1.2175 0
1349 -1.2239 0
16 -1.2301 0
1379 -1.2364 0
1646 -1.2381 0
1593 -1.2382 0
1234 -1.2412 0
1587 -1.2446 0
1023 -1.2448 0
1102 -1.2461 0
594 -1.2511 0
1746 -1.2548 0
1692 -1.2586 0
1544 -1.2609 0
1450 -1.2631 0
1549 -1.2637 0
1595 -1.2653 0
1608 -1.2702 0
614 -1.2713 0
573 -1.2757 0
874 -1.2809 0
1605 -1.2858 0
480 -1.2895 0
1177 -1.2896 0
67 -1.2917 0
785 -1.3064 0
535 -1.3086 0
404 -1.3087 0
1600 -1.3099 0
2 -1.3110 0
1302 -1.3146 0
1645 -1.3149 0
399 -1.3220 0
710 -1.3238 0
613 -1.3388 0
398 -1.3394 0
1317 -1.3407 0
1481 -1.3418 0
367 -1.3433 0
1480 -1.3491 0
1176 -1.3498 0
1550 -1.3521 0
1429 -1.3685 0
1206 -1.3736 0
593 -1.3738 0
1527 -1.3750 0
627 -1.3759 0
717 -1.3770 0
1841 -1.3779 0
923 -1.3806 0
1596 -1.3851 0
381 -1.3899 0
1232 -1.3960 0
860 -1.3969 0
867 -1.4030 0
310 -1.4074 0
540 -1.4099 0
605 -1.4109 0
609 -1.4129 0
1437 -1.4139 0
1768 -1.4143 0
1109 -1.4145 0
1240 -1.4151 0
905 -1.4163 0
471 -1.4168 0
326 -1.4191 0
1584 -1.4194 0
1627 -1.4258 0
1163 -1.4305 0
1583 -1.4319 0
1352 -1.4324 0
391 -1.4367 0
1037 -1.4395 0
409 -1.4420 0
895 -1.4431 0
386 -1.4440 0
1004 -1.4457 0
1033 -1.4492 0
1111 -1.4512 0
1158 -1.4560 0
426 -1.4588 0
536 -1.4603 0
1661 -1.4699 0
488 -1.4701 0
575 -1.4709 0
1680 -1.4726 0
1557 -1.4764 0
418 -1.4771 0
1331 -1.4811 0
606 -1.4859 0
1787 -1.4875 0
42 -1.4958 0
789 -1.5046 0
448 -1.5055 0
467 -1.5094 0
914 -1.5095 0
539 -1.5117 0
1511 -1.5144 0
1295 -1.5153 0
1654 -1.5156 0
1268 -1.5156 0
622 -1.5181 0
1444 -1.5208 0
1499 -1.5221 0
1298 -1.5282 0
1493 -1.5336 0
566 -1.5337 0
607 -1.5346 0
643 -1.5418 0
1282 -1.5446 0
1365 -1.5451 0
461 -1.5462 0
1072 -1.5468 0
1483 -1.5475 0
523 -1.5479 0
55 -1.5509 0
417 -1.5550 0
907 -1.5595 0
882 -1.5597 0
1001 -1.5598 0
1758 -1.5608 0
54 -1.5619 0
1674 -1.5658 0
1287 -1.5729 0
91 -1.5758 0
924 -1.5773 0
650 -1.5777 0
1607 -1.5778 0
1743 -1.5816 0
1612 -1.5820 0
512 -1.5820 0
1510 -1.5821 0
1509 -1.5835 0
1688 -1.5898 0
331 -1.5910 0
736 -1.5914 0
1778 -1.6031 0
857 -1.6050 0
1533 -1.6076 0
1470 -1.6100 0
1047 -1.6114 0
83 -1.6140 0
1799 -1.6150 0
1551 -1.6173 0
1173 -1.6177 0
322 -1.6202 0
1469 -1.6252 0
982 -1.6388 0
52 -1.6401 0
1537 -1.6451 0
484 -1.6491 0
921 -1.6517 0
420 -1.6523 0
569 -1.6539 0
678 -1.6579 0
385 -1.6631 0
764 -1.6685 0
1567 -1.6737 0
947 -1.6755 0
729 -1.6792 0
897 -1.6810 0
73 -1.6819 0
1246 -1.6848 0
1727 -1.6868 0
550 -1.6923 0
1097 -1.6979 0
917 -1.6994 0
491 -1.7052 0
1597 -1.7067 0
792 -1.7081 0
400 -1.7218 0
975 -1.7219 0
432 -1.7233 0
730 -1.7246 0
1536 -1.7257 0
538 -1.7283 0
999 -1.7346 0
1263 -1.7383 0
996 -1.7430 0
1144 -1.7437 0
1256 -1.7487 0
1035 -1.7500 0
1354 -1.7502 0
1451 -1.7579 0
350 -1.7586 0
1524 -1.7592 0
439 -1.7630 0
1270 -1.7711 0
1315 -1.7718 0
1722 -1.7751 0
625 -1.7800 0
709 -1.7843 0
941 -1.7857 0
81 -1.7885 0
1366 -1.7888 0
1380 -1.7895 0
1181 -1.7925 0
963 -1.7952 0
1156 -1.7985 0
92 -1.7996 0
1952 -1.8016 0
58 -1.8023 0
1330 -1.8030 0
344 -1.8046 0
1473 -1.8066 0
733 -1.8142 0
1171 -1.8229 0
1168 -1.8234 0
1045 -1.8272 0
1201 -1.8275 0
683 -1.8307 0
836 -1.8314 0
872 -1.8329 0
662 -1.8333 0
337 -1.8390 0
1565 -1.8419 0
959 -1.8430 0
1044 -1.8445 0
1672 -1.8498 0
1455 -1.8522 0
793 -1.8526 0
1075 -1.8529 0
1267 -1.8540 0
1293 -1.8629 0
526 -1.8630 0
1604 -1.8635 0
374 -1.8755 0
652 -1.8784 0
979 -1.8789 0
1385 -1.8793 0
632 -1.8837 0
1309 -1.8843 0
619 -1.8965 0
425 -1.8986 0
1016 -1.9022 0
403 -1.9115 0
889 -1.9161 0
1479 -1.9200 0
490 -1.9209 0
579 -1.9260 0
1087 -1.9370 0
313 -1.9392 0
974 -1.9407 0
1248 -1.9436 0
493 -1.9443 0
1628 -1.9500 0
672 -1.9507 0
1319 -1.9513 0
972 -1.9574 0
674 -1.9582 0
668 -1.9583 0
1231 -1.9593 0
649 -1.9623 0
422 -1.9701 0
937 -1.9762 0
1675 -1.9771 0
1093 -1.9773 0
1770 -1.9779 0
86 -1.9790 0
522 -1.9803 0
1771 -1.9830 0
365 -1.9900 0
321 -1.9905 0
849 -1.9907 0
1396 -1.9960 0
554 -1.9972 0
912 -2.0015 0
527 -2.0046 0
332 -2.0060 0
955 -2.0158 0
933 -2.0174 0
1307 -2.0202 0
811 -2.0217 0
1651 -2.0244 0
984 -2.0298 0
1677 -2.0355 0
1694 -2.0420 0
1489 -2.0431 0
667 -2.0439 0
782 -2.0474 0
1714 -2.0477 0
1659 -2.0496 0
97 -2.0503 0
1738 -2.0535 0
421 -2.0597 0
1321 -2.0663 0
928 -2.0774 0
633 -2.0781 0
1026 -2.0798 0
325 -2.0813 0
1100 -2.0813 0
585 -2.0866 0
870 -2.0872 0
1602 -2.0927 0
1739 -2.0936 0
1034 -2.0941 0
1521 -2.0997 0
1229 -2.1002 0
783 -2.1014 0
1800 -2.1038 0
925 -2.1054 0
309 -2.1088 0
1588 -2.1110 0
324 -2.1165 0
377 -2.1237 0
328 -2.1252 0
1399 -2.1265 0
455 -2.1388 0
1025 -2.1404 0
994 -2.1445 0
931 -2.1449 0
1716 -2.1500 0
1188 -2.1513 0
284 -2.1573 0
1472 -2.1596 0
712 -2.1646 0
545 -2.1683 0
1769 -2.1698 0
1242 -2.1703 0
1104 -2.1704 0
1062 -2.1776 0
556 -2.1798 0
1140 -2.1906 0
1124 -2.1925 0
1706 -2.1951 0
602 -2.1962 0
487 -2.2018 0
827 -2.2021 0
589 -2.2075 0
77 -2.2123 0
1277 -2.2156 0
1683 -2.2163 0
1412 -2.2322 0
1031 -2.2364 0
525 -2.2376 0
1324 -2.2416 0
544 -2.2439 0
80 -2.2498 0
1054 -2.2531 0
1615 -2.2615 0
1323 -2.2668 0
694 -2.2708 0
761 -2.2720 0
537 -2.2728 0
978 -2.2739 0
1244 -2.2800 0
1719 -2.2820 0
345 -2.2822 0
1996 -2.2887 0
314 -2.2890 0
1150 -2.2906 0
1249 -2.2915 0
1571 -2.2921 0
760 -2.2931 0
1310 -2.2961 0
758 -2.2982 0
823 -2.2989 0
754 -2.3013 0
1345 -2.3062 0
1515 -2.3066 0
5 -2.3079 0
770 -2.3087 0
464 -2.3102 0
401 -2.3107 0
913 -2.3182 0
988 -2.3186 0
958 -2.3278 0
853 -2.3296 0
430 -2.3298 0
1669 -2.3310 0
1194 -2.3343 0
1255 -2.3348 0
1049 -2.3377 0
1318 -2.3389 0
1329 -2.3423 0
69 -2.3429 0
1643 -2.3510 0
973 -2.3590 0
1725 -2.3602 0
1747 -2.3602 0
773 -2.3616 0
953 -2.3625 0
748 -2.3645 0
1198 -2.3707 0
465 -2.3744 0
1603 -2.3747 0
1625 -2.3753 0
494 -2.3790 0
968 -2.3814 0
431 -2.3862 0
617 -2.3885 0
880 -2.3886 0
1005 -2.3903 0
1655 -2.3964 0
1507 -2.3965 0
1649 -2.3976 0
977 -2.3979 0
646 -2.4028 0
1064 -2.4033 0
1547 -2.4041 0
1036 -2.4127 0
1554 -2.4142 0
1322 -2.4238 0
1506 -2.4265 0
1133 -2.4273 0
1042 -2.4298 0
1029 -2.4304 0
671 -2.4346 0
677 -2.4427 0
474 -2.4440 0
453 -2.4602 0
584 -2.4618 0
1523 -2.4633 0
79 -2.4663 0
1393 -2.4695 0
855 -2.4777 0
881 -2.4781 0
620 -2.4844 0
410 -2.4857 0
1471 -2.4869 0
993 -2.4901 0
948 -2.4986 0
12 -2.4990 0
53 -2.4990 0
302 -2.4990 0
1682 -2.5040 0
1195 -2.5126 0
1564 -2.5198 0
1906 -2.5224 0
529 -2.5296 0
343 -2.5306 0
1153 -2.5452 0
954 -2.5599 0
1476 -2.5602 0
565 -2.5603 0
1695 -2.5605 0
1027 -2.5756 0
997 -2.5847 0
308 -2.5895 0
346 -2.5898 0
1723 -2.5898 0
1592 -2.5899 0
638 -2.5907 0
1652 -2.5944 0
774 -2.5984 0
1717 -2.6030 0
311 -2.6065 0
1707 -2.6139 0
1388 -2.6166 0
796 -2.6169 0
429 -2.6173 0
1003 -2.6180 0
1193 -2.6208 0
757 -2.6212 0
1253 -2.6296 0
1623 -2.6296 0
991 -2.6302 0
340 -2.6325 0
961 -2.6384 0
1250 -2.6426 0
454 -2.6428 0
64 -2.6447 0
1303 -2.6480 0
1152 -2.6483 0
489 -2.6529 0
1055 -2.6581 0
980 -2.6588 0
1384 -2.6626 0
1138 -2.6750 0
457 -2.6803 0
1325 -2.6890 0
891 -2.6907 0
769 -2.6913 0
578 -2.6926 0
1670 -2.6955 0
834 -2.7010 0
353 -2.7014 0
1687 -2.7077 0
1160 -2.7092 0
1372 -2.7110 0
1709 -2.7114 0
887 -2.7117 0
871 -2.7134 0
581 -2.7196 0
1199 -2.7215 0
416 -2.7221 0
434 -2.7244 0
752 -2.7261 0
580 -2.7303 0
618 -2.7315 0
797 -2.7327 0
549 -2.7377 0
334 -2.7401 0
320 -2.7422 0
373 -2.7484 0
786 -2.7553 0
705 -2.7709 0
303 -2.7713 0
1079 -2.7770 0
1326 -2.7812 0
1022 -2.7847 0
390 -2.7852 0
427 -2.7981 0
1122 -2.7991 0
1689 -2.8013 0
1347 -2.8048 0
546 -2.8122 0
1058 -2.8122 0
305 -2.8126 0
775 -2.8153 0
327 -2.8183 0
1693 -2.8288 0
407 -2.8363 0
1398 -2.8378 0
791 -2.8418 0
1381 -2.8431 0
873 -2.8474 0
1280 -2.8511 0
1355 -2.8567 0
1196 -2.8721 0
876 -2.8773 0
317 -2.8811 0
1575 -2.8815 0
1788 -2.8820 0
1020 -2.8820 0
1011 -2.8948 0
1304 -2.8994 0
501 -2.9024 0
944 -2.9033 0
1030 -2.9058 0
938 -2.9075 0
1187 -2.9248 0
856 -2.9345 0
496 -2.9476 0
969 -2.9482 0
59 -2.9484 0
675 -2.9555 0
670 -2.9637 0
799 -2.9718 0
750 -2.9721 0
615 -2.9846 0
1225 -2.9955 0
1796 -2.9978 0
1387 -3.0057 0
626 -3.0059 0
971 -3.0125 0
449 -3.0135 0
1666 -3.0226 0
339 -3.0292 0
1332 -3.0425 0
1028 -3.0459 0
1503 -3.0576 0
1363 -3.0600 0
1223 -3.0621 0
1154 -3.0634 0
1265 -3.0642 0
1383 -3.0727 0
558 -3.0946 0
967 -3.0976 0
1359 -3.1011 0
945 -3.1210 0
1157 -3.1220 0
486 -3.1232 0
637 -3.1235 0
460 -3.1284 0
850 -3.1297 0
863 -3.1301 0
960 -3.1310 0
1391 -3.1310 0
1197 -3.1399 0
1382 -3.1482 0
1410 -3.1540 0
1774 -3.1581 0
927 -3.1864 0
361 -3.1905 0
63 -3.1995 0
1340 -3.2039 0
1362 -3.2082 0
1685 -3.2120 0
787 -3.2155 0
1737 -3.2275 0
1665 -3.2315 0
878 -3.2354 0
1300 -3.2419 0
543 -3.2439 0
336 -3.2462 0
78 -3.2478 0
1261 -3.2506 0
1668 -3.2514 0
587 -3.2535 0
1114 -3.2625 0
456 -3.2696 0
1107 -3.2704 0
1068 -3.2713 0
875 -3.2729 0
1136 -3.2733 0
1409 -3.2736 0
1101 -3.2744 0
1262 -3.2750 0
983 -3.2764 0
779 -3.2799 0
481 -3.2811 0
1333 -3.2813 0
795 -3.2839 0
1182 -3.2900 0
868 -3.2938 0
1226 -3.2978 0
472 -3.2992 0
1370 -3.3017 0
502 -3.3034 0
1179 -3.3174 0
1686 -3.3193 0
1296 -3.3282 0
75 -3.3358 0
1142 -3.3367 0
778 -3.3559 0
1773 -3.3800 0
363 -3.3815 0
1781 -3.3823 0
765 -3.3865 0
1361 -3.3885 0
1662 -3.3955 0
854 -3.4218 0
1753 -3.4357 0
642 -3.4408 0
942 -3.4410 0
1373 -3.4418 0
1580 -3.4443 0
1712 -3.4453 0
908 -3.4555 0
755 -3.4614 0
1057 -3.4740 0
966 -3.4752 0
1269 -3.4764 0
1135 -3.4897 0
1009 -3.4986 0
1134 -3.5110 0
1279 -3.5181 0
1368 -3.5201 0
1012 -3.5335 0
1320 -3.5358 0
1305 -3.5484 0
1371 -3.5502 0
655 -3.5504 0
1327 -3.5577 0
1260 -3.5676 0
1126 -3.5695 0
1278 -3.5993 0
1251 -3.6000 0
1169 -3.6084 0
604 -3.6096 0
877 -3.6106 0
1364 -3.6107 0
1313 -3.6245 0
781 -3.6262 0
970 -3.6293 0
842 -3.6333 0
911 -3.6370 0
1784 -3.6578 0
1121 -3.6765 0
1691 -3.6786 0
686 -3.6789 0
858 -3.6990 0
1357 -3.7051 0
1046 -3.7140 0
1120 -3.7226 0
762 -3.7254 0
1586 -3.7446 0
1532 -3.7572 0
772 -3.7601 0
1032 -3.7613 0
1376 -3.7622 0
1795 -3.7670 0
915 -3.7725 0
1343 -3.7767 0
1664 -3.7808 0
510 -3.7955 0
1574 -3.8090 0
1378 -3.8138 0
660 -3.8140 0
1860 -3.8519 0
301 -3.8709 0
1390 -3.8853 0
1700 -3.9074 0
1348 -3.9163 0
50 -3.9290 0
1344 -3.9360 0
998 -3.9368 0
1337 -3.9451 0
1786 -3.9617 0
862 -3.9624 0
1105 -3.9638 0
1013 -3.9640 0
751 -3.9676 0
1128 -3.9702 0
1454 -3.9908 0
1015 -3.9952 0
780 -4.0010 0
1374 -4.0070 0
1288 -4.0149 0
475 -4.0323 0
1167 -4.0332 0
859 -4.0746 0
1657 -4.0801 0
1721 -4.0856 0
631 -4.0984 0
598 -4.1018 0
1656 -4.1031 0
995 -4.1196 0
1797 -4.1240 0
813 -4.1376 0
1007 -4.1479 0
1502 -4.1583 0
777 -4.1597 0
883 -4.1824 0
1006 -4.1840 0
767 -4.2010 0
1367 -4.2236 0
1039 -4.2327 0
1162 -4.2395 0
1127 -4.2479 0
492 -4.2563 0
697 -4.2646 0
1650 -4.2711 0
1767 -4.2733 0
330 -4.2876 0
987 -4.2886 0
1258 -4.2977 0
790 -4.3082 0
956 -4.3321 0
624 -4.3606 0
903 -4.3797 0
1019 -4.3903 0
1386 -4.3997 0
1389 -4.4030 0
1673 -4.4075 0
592 -4.4086 0
1478 -4.4087 0
476 -4.4189 0
879 -4.4328 0
727 -4.4497 0
1291 -4.4529 0
1165 -4.4750 0
1272 -4.5005 0
1889 -4.5032 0
1146 -4.5653 0
1123 -4.5869 0
1730 -4.6050 0
689 -4.6154 0
1676 -4.6175 0
902 -4.6185 0
616 -4.6186 0
864 -4.6300 0
1710 -4.6318 0
1130 -4.6331 0
1166 -4.6609 0
890 -4.6902 0
483 -4.6928 0
1289 -4.6969 0
33 -4.7130 0
1696 -4.7774 0
424 -4.7841 0
468 -4.8138 0
348 -4.8315 0
630 -4.8563 0
904 -4.8627 0
1137 -4.8834 0
1292 -4.9319 0
335 -4.9378 0
1297 -4.9525 0
1257 -4.9525 0
1283 -4.9611 0
1125 -4.9764 0
1259 -4.9866 0
1184 -5.0711 0
794 -5.2358 0
1271 -5.2739 0
1751 -5.3182 0
1274 -5.3561 0
342 -5.3738 0
329 -5.3990 0
1375 -5.4033 0
1395 -5.4165 0
1147 -5.4396 0
509 -5.4520 0
788 -5.4953 0
499 -5.6614 0
1002 -5.6958 0
1358 -5.7485 0
349 -6.0227 0
1132 -6.0479 0
1285 -6.1471 0
1190 -6.1538 0
1369 -6.2081 0
1311 -6.2275 0
1360 -6.3385 0
893 -6.9217 0
1351 -8.1188 0
