217 29.5377 1
209 28.7215 1
212 25.9044 1
244 23.9868 1
228 23.4618 1
216 22.6997 1
232 22.0884 1
201 21.9044 1
242 21.7857 1
224 21.1929 1
220 20.3618 1
239 19.8583 1
222 18.9780 1
240 18.8634 1
249 18.6327 1
202 17.9146 1
218 17.8581 1
229 17.7887 1
213 17.3640 1
243 17.1106 1
200 16.9838 1
245 16.5986 1
206 16.4454 1
207 16.0707 1
223 15.9263 1
215 15.2334 1
137 15.2160 0
237 15.1418 1
236 15.0837 1
208 14.7591 1
221 14.6924 1
188 14.6904 0
211 13.8838 1
1975 13.6552 0
219 13.6396 1
225 13.1881 1
192 12.8111 0
231 12.5873 1
227 12.5154 1
203 11.4842 1
205 11.4613 1
204 11.2047 1
166 10.8712 0
1985 10.7402 0
158 10.6735 0
186 10.6627 0
164 10.4277 0
214 10.3103 1
138 10.2909 0
165 10.1269 0
233 10.1179 1
1910 10.0992 0
230 10.0736 1
246 10.0635 1
1931 10.0186 0
155 9.9869 0
119 9.9134 0
131 9.7516 0
185 9.5981 0
109 9.3124 0
157 9.2439 0
1982 9.2337 0
234 9.2091 1
1916 9.1306 0
1921 8.9795 0
139 8.8002 0
161 8.7978 0
151 8.7789 0
112 8.7563 0
115 8.5726 0
1920 8.5548 0
250 8.5210 0
1904 8.3546 0
106 8.3428 0
1926 8.3101 0
178 8.0583 0
107 8.0010 0
1989 7.9563 0
1929 7.9337 0
1939 7.9041 0
176 7.8555 0
104 7.8422 0
113 7.7836 0
117 7.7156 0
160 7.7048 0
177 7.6999 0
141 7.6670 0
1932 7.5407 0
1948 7.5138 0
238 7.4901 1
1946 7.2999 0
1949 7.2565 0
116 7.2364 0
179 7.1799 0
248 7.1695 1
169 7.0302 0
190 6.9792 0
197 6.8804 0
1938 6.8108 0
114 6.7389 0
184 6.7279 0
257 6.6290 0
1934 6.6206 0
189 6.5551 0
1913 6.5289 0
181 6.4613 0
210 6.4159 1
1829 6.3844 0
125 6.3695 0
1834 6.3375 0
1894 6.2843 0
198 6.2723 0
136 6.2443 0
135 6.2353 0
1810 6.1388 0
7 6.1317 0
194 6.1186 0
182 6.0923 0
1077 5.9692 0
1974 5.8505 0
183 5.8368 0
1935 5.7627 0
1840 5.7032 0
105 5.6604 0
1436 5.6183 0
253 5.6007 0
145 5.5648 0
1814 5.5307 0
127 5.4852 0
167 5.4797 0
129 5.4761 0
545 5.4056 0
1102 5.3743 0
1917 5.3198 0
170 5.2962 0
1893 5.2910 0
128 5.2723 0
163 5.2608 0
191 5.2547 0
1220 5.2429 0
195 5.1312 0
1945 5.1124 0
1885 5.0909 0
146 5.0365 0
241 5.0353 1
1083 4.9682 0
1082 4.9535 0
1936 4.9530 0
1616 4.8887 0
187 4.8833 0
254 4.8634 0
632 4.8195 0
134 4.7521 0
1969 4.7381 0
156 4.7117 0
1912 4.6844 0
1944 4.6834 0
140 4.6636 0
261 4.6013 0
265 4.5456 0
1915 4.5325 0
1958 4.4997 0
1977 4.4574 0
530 4.4454 0
1879 4.4280 0
100 4.4251 0
1940 4.3878 0
1943 4.3507 0
110 4.3375 0
101 4.3348 0
120 4.3326 0
34 4.3324 0
910 4.3027 0
154 4.2695 0
1924 4.2542 0
162 4.1844 0
1983 4.1823 0
196 4.1539 0
1880 4.1203 0
122 4.1023 0
1631 4.0987 0
1947 4.0961 0
159 4.0858 0
152 4.0684 0
1296 4.0598 0
806 4.0547 0
1928 4.0526 0
262 4.0488 0
639 4.0208 0
1976 3.9149 0
144 3.9146 0
247 3.9032 1
1443 3.8708 0
143 3.8646 0
5 3.8554 0
103 3.8361 0
1080 3.8142 0
1954 3.7792 0
133 3.7696 0
962 3.7630 0
1711 3.7365 0
171 3.7123 0
175 3.6827 0
126 3.6466 0
148 3.6463 0
326 3.6453 0
25 3.6295 0
1901 3.6262 0
1942 3.5833 0
1071 3.5719 0
149 3.5351 0
1956 3.5135 0
1937 3.5132 0
1074 3.5092 0
130 3.5069 0
884 3.5024 0
692 3.4973 0
1854 3.4853 0
561 3.4359 0
542 3.4295 0
1953 3.4290 0
1793 3.3777 0
199 3.3599 0
564 3.3587 0
1862 3.3532 0
413 3.3423 0
18 3.3320 0
1998 3.3232 0
1923 3.3214 0
1968 3.3200 0
808 3.3186 0
1052 3.3166 0
13 3.2957 0
937 3.2940 0
124 3.2645 0
1762 3.2638 0
269 3.2581 0
940 3.2413 0
1735 3.2290 0
906 3.2268 0
72 3.2180 0
259 3.1977 0
405 3.1926 0
1999 3.1610 0
506 3.1583 0
731 3.1493 0
1922 3.1484 0
716 3.1419 0
1895 3.1390 0
285 3.1351 0
810 3.1062 0
1088 3.0914 0
226 3.0848 1
297 3.0649 0
1525 3.0580 0
407 3.0558 0
1882 3.0486 0
147 3.0327 0
1660 3.0230 0
108 3.0148 0
1600 3.0022 0
1865 2.9938 0
287 2.9918 0
1875 2.9554 0
1955 2.9307 0
1933 2.9196 0
739 2.9106 0
482 2.9062 0
193 2.8938 0
990 2.8918 0
829 2.8695 0
1836 2.8695 0
1861 2.8220 0
647 2.8218 0
1051 2.8047 0
60 2.8042 0
1973 2.7969 0
1878 2.7824 0
1742 2.7690 0
1995 2.7663 0
1752 2.7637 0
714 2.7626 0
1864 2.7595 0
1775 2.7488 0
800 2.7322 0
1898 2.7286 0
1899 2.7280 0
1092 2.7112 0
408 2.7097 0
338 2.6946 0
761 2.6945 0
35 2.6726 0
1907 2.6657 0
1979 2.6534 0
1902 2.6499 0
1609 2.6484 0
1116 2.6474 0
56 2.6309 0
1040 2.6222 0
1086 2.6079 0
441 2.5931 0
1739 2.5925 0
531 2.5912 0
87 2.5902 0
153 2.5832 0
1401 2.5675 0
579 2.5620 0
1855 2.5562 0
1987 2.5451 0
1819 2.5375 0
150 2.5349 0
1970 2.5295 0
1759 2.5121 0
1421 2.4997 0
922 2.4873 0
1831 2.4827 0
1909 2.4779 0
1963 2.4753 0
1892 2.4680 0
1967 2.4633 0
1273 2.4575 0
1232 2.4460 0
1017 2.4349 0
68 2.4339 0
1230 2.4197 0
1065 2.4101 0
66 2.4089 0
1238 2.3859 0
1960 2.3844 0
1089 2.3812 0
1888 2.3709 0
1056 2.3701 0
274 2.3692 0
102 2.3603 0
1414 2.3520 0
1950 2.3392 0
1780 2.3387 0
1911 2.3362 0
1750 2.3319 0
1425 2.3093 0
741 2.2873 0
833 2.2863 0
1900 2.2838 0
470 2.2833 0
235 2.2708 1
1206 2.2621 0
1679 2.2447 0
256 2.2443 0
838 2.2359 0
595 2.2295 0
1424 2.2121 0
1959 2.2005 0
1817 2.1991 0
291 2.1953 0
98 2.1926 0
1988 2.1917 0
1962 2.1822 0
54 2.1816 0
1881 2.1624 0
1678 2.1610 0
1841 2.1598 0
519 2.1408 0
1891 2.1305 0
1095 2.1264 0
681 2.1009 0
1270 2.1004 0
1406 2.0979 0
270 2.0952 0
1050 2.0841 0
180 2.0830 0
1069 2.0622 0
173 2.0293 0
8 2.0226 0
1059 2.0095 0
1629 2.0050 0
132 1.9991 0
1070 1.9950 0
1845 1.9944 0
264 1.9721 0
436 1.9654 0
882 1.9478 0
986 1.9476 0
74 1.9377 0
1927 1.9315 0
718 1.9156 0
1918 1.9078 0
1925 1.9046 0
1705 1.8996 0
915 1.8957 0
1485 1.8868 0
1828 1.8819 0
111 1.8771 0
528 1.8616 0
293 1.8550 0
1768 1.8510 0
1640 1.8450 0
1098 1.8216 0
1150 1.8177 0
744 1.8173 0
588 1.8167 0
582 1.8074 0
1844 1.7998 0
1984 1.7995 0
591 1.7993 0
1813 1.7798 0
905 1.7781 0
283 1.7780 0
901 1.7748 0
428 1.7698 0
118 1.7682 0
1754 1.7634 0
82 1.7629 0
725 1.7539 0
1914 1.7475 0
828 1.7271 0
976 1.7241 0
1803 1.7240 0
453 1.7204 0
1624 1.7101 0
698 1.7039 0
1853 1.6955 0
1005 1.6854 0
1826 1.6805 0
348 1.6755 0
1790 1.6723 0
1718 1.6690 0
1846 1.6648 0
804 1.6629 0
577 1.6629 0
1745 1.6561 0
1448 1.6556 0
535 1.6490 0
1993 1.6436 0
1172 1.6418 0
1078 1.6286 0
1981 1.6262 0
485 1.6043 0
280 1.6034 0
260 1.5921 0
952 1.5831 0
288 1.5663 0
427 1.5628 0
862 1.5549 0
1986 1.5328 0
514 1.5328 0
1781 1.5292 0
279 1.5270 0
67 1.5259 0
1957 1.5166 0
1400 1.5068 0
504 1.4951 0
1579 1.4913 0
1438 1.4847 0
406 1.4838 0
834 1.4788 0
1779 1.4741 0
1642 1.4720 0
1876 1.4710 0
819 1.4641 0
1872 1.4559 0
1215 1.4556 0
600 1.4499 0
1720 1.4479 0
275 1.4315 0
747 1.4271 0
1405 1.4262 0
1081 1.4239 0
886 1.4193 0
1076 1.4026 0
1178 1.3948 0
1808 1.3851 0
174 1.3734 0
123 1.3685 0
1024 1.3618 0
440 1.3598 0
1653 1.3366 0
918 1.3306 0
667 1.3261 0
32 1.3229 0
310 1.3054 0
500 1.3018 0
282 1.2968 0
1728 1.2943 0
401 1.2909 0
478 1.2891 0
1402 1.2875 0
278 1.2830 0
1811 1.2793 0
1809 1.2636 0
414 1.2563 0
869 1.2562 0
623 1.2561 0
1237 1.2561 0
19 1.2553 0
824 1.2549 0
1431 1.2538 0
1091 1.2521 0
295 1.2462 0
1971 1.2333 0
1244 1.2306 0
1637 1.2270 0
1722 1.2233 0
1042 1.2125 0
1418 1.2089 0
1794 1.2076 0
442 1.2076 0
699 1.2035 0
47 1.2008 0
1833 1.1978 0
1053 1.1962 0
1094 1.1917 0
1096 1.1854 0
830 1.1751 0
944 1.1711 0
546 1.1663 0
415 1.1451 0
1066 1.1429 0
644 1.1427 0
1366 1.1338 0
433 1.1318 0
1758 1.1194 0
1205 1.1174 0
573 1.1138 0
9 1.1125 0
1847 1.1122 0
438 1.1084 0
1619 1.1014 0
1625 1.0996 0
1242 1.0932 0
1868 1.0893 0
1729 1.0830 0
1084 1.0816 0
99 1.0781 0
1310 1.0685 0
562 1.0586 0
517 1.0546 0
942 1.0531 0
267 1.0525 0
272 1.0501 0
1085 1.0416 0
1461 1.0410 0
1016 1.0350 0
822 1.0341 0
1858 1.0321 0
1284 1.0300 0
30 1.0298 0
402 1.0218 0
1842 1.0178 0
121 1.0162 0
1825 1.0148 0
1079 1.0105 0
1442 1.0070 0
931 1.0032 0
1566 0.9947 0
801 0.9914 0
1117 0.9880 0
95 0.9869 0
1212 0.9859 0
39 0.9839 0
1763 0.9783 0
1464 0.9769 0
1684 0.9769 0
1008 0.9760 0
1757 0.9734 0
1203 0.9613 0
31 0.9521 0
1994 0.9396 0
1459 0.9271 0
1839 0.9210 0
586 0.9146 0
1812 0.9096 0
1275 0.9071 0
1869 0.8961 0
1815 0.8910 0
560 0.8878 0
763 0.8872 0
1806 0.8845 0
985 0.8823 0
1181 0.8773 0
1951 0.8744 0
686 0.8736 0
1966 0.8664 0
1838 0.8613 0
1192 0.8537 0
771 0.8511 0
568 0.8493 0
1866 0.8484 0
1247 0.8480 0
1761 0.8442 0
425 0.8400 0
1830 0.8340 0
805 0.8319 0
762 0.8305 0
1890 0.8271 0
21 0.8241 0
1060 0.8232 0
1930 0.8170 0
90 0.8056 0
1335 0.8041 0
1047 0.7990 0
271 0.7925 0
1038 0.7803 0
826 0.7734 0
593 0.7656 0
1432 0.7618 0
1822 0.7588 0
276 0.7577 0
1787 0.7566 0
1417 0.7530 0
1647 0.7495 0
437 0.7493 0
907 0.7440 0
1799 0.7432 0
1055 0.7401 0
466 0.7349 0
345 0.7316 0
1468 0.7290 0
1397 0.7275 0
44 0.7243 0
304 0.7171 0
172 0.7170 0
333 0.7167 0
83 0.7165 0
51 0.7120 0
753 0.7020 0
532 0.6989 0
1688 0.6944 0
70 0.6940 0
676 0.6928 0
1445 0.6916 0
1850 0.6811 0
1021 0.6793 0
524 0.6732 0
1738 0.6725 0
1225 0.6648 0
1823 0.6559 0
1164 0.6436 0
848 0.6361 0
1743 0.6344 0
721 0.6059 0
1034 0.6038 0
1978 0.5913 0
403 0.5834 0
715 0.5788 0
635 0.5755 0
511 0.5733 0
1392 0.5722 0
845 0.5716 0
729 0.5655 0
1001 0.5615 0
956 0.5590 0
1805 0.5534 0
1334 0.5495 0
908 0.5492 0
479 0.5486 0
557 0.5475 0
23 0.5471 0
1857 0.5451 0
949 0.5412 0
648 0.5391 0
1897 0.5372 0
700 0.5345 0
1204 0.5327 0
1618 0.5302 0
1723 0.5269 0
610 0.5222 0
576 0.5151 0
1638 0.5148 0
1062 0.5100 0
347 0.5086 0
807 0.4997 0
743 0.4980 0
1446 0.4958 0
1804 0.4927 0
548 0.4926 0
643 0.4853 0
852 0.4806 0
861 0.4804 0
469 0.4774 0
1980 0.4762 0
735 0.4752 0
567 0.4706 0
46 0.4700 0
563 0.4681 0
965 0.4640 0
404 0.4567 0
1770 0.4564 0
802 0.4489 0
1433 0.4441 0
583 0.4410 0
515 0.4216 0
534 0.4189 0
734 0.4129 0
556 0.4086 0
703 0.3995 0
503 0.3949 0
1093 0.3941 0
142 0.3939 0
1886 0.3936 0
1553 0.3897 0
1776 0.3852 0
936 0.3750 0
1158 0.3722 0
1214 0.3710 0
298 0.3590 0
458 0.3551 0
1785 0.3545 0
168 0.3497 0
1590 0.3408 0
20 0.3383 0
1874 0.3361 0
251 0.3336 0
1889 0.3327 0
943 0.3287 0
1778 0.3183 0
1314 0.3166 0
832 0.3165 0
294 0.3156 0
1990 0.3076 0
292 0.3031 0
580 0.3018 0
1481 0.2955 0
1755 0.2926 0
1651 0.2922 0
1863 0.2909 0
1207 0.2904 0
916 0.2900 0
598 0.2840 0
505 0.2833 0
94 0.2811 0
1997 0.2784 0
1449 0.2780 0
1707 0.2747 0
1213 0.2681 0
1837 0.2608 0
387 0.2606 0
1764 0.2583 0
1569 0.2557 0
1265 0.2511 0
1593 0.2508 0
1180 0.2476 0
299 0.2462 0
1791 0.2413 0
816 0.2390 0
778 0.2364 0
430 0.2334 0
1972 0.2324 0
1189 0.2312 0
1341 0.2283 0
1090 0.2280 0
1067 0.2247 0
875 0.2216 0
1168 0.2146 0
85 0.2110 0
52 0.2109 0
1404 0.2072 0
1191 0.2021 0
820 0.2010 0
1185 0.2000 0
1497 0.1960 0
1730 0.1923 0
849 0.1910 0
1611 0.1895 0
1877 0.1893 0
1887 0.1879 0
342 0.1838 0
559 0.1810 0
518 0.1681 0
953 0.1633 0
1211 0.1621 0
1252 0.1611 0
685 0.1608 0
839 0.1580 0
817 0.1461 0
840 0.1442 0
484 0.1431 0
1048 0.1369 0
1239 0.1315 0
929 0.1275 0
435 0.1258 0
622 0.1218 0
1216 0.1119 0
634 0.1090 0
409 0.1086 0
263 0.1082 0
277 0.1027 0
1465 0.0949 0
1595 0.0834 0
1690 0.0827 0
1675 0.0806 0
1964 0.0793 0
1644 0.0778 0
1109 0.0719 0
1415 0.0699 0
1476 0.0696 0
1486 0.0631 0
892 0.0603 0
1403 0.0551 0
1113 0.0549 0
1667 0.0537 0
447 0.0454 0
812 0.0433 0
296 0.0428 0
1419 0.0421 0
589 0.0413 0
1264 0.0310 0
1701 0.0250 0
756 0.0223 0
1792 0.0188 0
550 0.0178 0
454 0.0172 0
927 0.0138 0
1635 0.0104 0
45 0.0046 0
1423 0.0032 0
645 0.0006 0
1219 0.0004 0
1411 -0.0019 0
11 -0.0039 0
65 -0.0060 0
1669 -0.0077 0
473 -0.0143 0
323 -0.0157 0
999 -0.0213 0
96 -0.0265 0
1765 -0.0272 0
1457 -0.0287 0
1941 -0.0296 0
526 -0.0340 0
75 -0.0469 0
258 -0.0491 0
930 -0.0532 0
71 -0.0559 0
1426 -0.0575 0
1312 -0.0663 0
420 -0.0682 0
1416 -0.0701 0
1140 -0.0723 0
773 -0.0748 0
1699 -0.0748 0
1430 -0.0765 0
252 -0.0790 0
1460 -0.0813 0
444 -0.0822 0
1439 -0.0828 0
1347 -0.0877 0
946 -0.0879 0
1581 -0.0883 0
1824 -0.0892 0
1263 -0.0906 0
1379 -0.0915 0
2 -0.0926 0
1177 -0.0938 0
1479 -0.0952 0
1820 -0.0983 0
1634 -0.0983 0
1756 -0.0987 0
903 -0.0999 0
525 -0.1014 0
501 -0.1015 0
625 -0.1021 0
1694 -0.1089 0
1054 -0.1247 0
898 -0.1266 0
932 -0.1296 0
1796 -0.1347 0
1594 -0.1364 0
27 -0.1435 0
823 -0.1438 0
1517 -0.1447 0
933 -0.1449 0
951 -0.1468 0
1673 -0.1487 0
1641 -0.1489 0
88 -0.1503 0
368 -0.1512 0
1965 -0.1620 0
62 -0.1667 0
989 -0.1744 0
1677 -0.1749 0
748 -0.1750 0
1848 -0.1770 0
900 -0.1861 0
673 -0.1923 0
28 -0.1948 0
1316 -0.1948 0
1365 -0.1976 0
1240 -0.2055 0
1702 -0.2065 0
1816 -0.2077 0
1772 -0.2094 0
1110 -0.2104 0
961 -0.2116 0
1309 -0.2136 0
266 -0.2171 0
1709 -0.2196 0
81 -0.2309 0
1852 -0.2361 0
26 -0.2376 0
1434 -0.2379 0
1698 -0.2381 0
1194 -0.2391 0
1798 -0.2395 0
1867 -0.2483 0
268 -0.2500 0
1717 -0.2580 0
843 -0.2615 0
286 -0.2625 0
1582 -0.2682 0
1282 -0.2706 0
1210 -0.2760 0
1153 -0.2805 0
443 -0.2836 0
1716 -0.2855 0
939 -0.2861 0
821 -0.2873 0
1118 -0.2933 0
432 -0.2960 0
79 -0.3010 0
1410 -0.3137 0
449 -0.3154 0
1422 -0.3182 0
1535 -0.3194 0
1873 -0.3231 0
1458 -0.3253 0
1856 -0.3305 0
1456 -0.3370 0
1413 -0.3421 0
1135 -0.3448 0
419 -0.3452 0
1338 -0.3465 0
1420 -0.3478 0
463 -0.3509 0
49 -0.3522 0
1749 -0.3522 0
1608 -0.3558 0
1495 -0.3604 0
1332 -0.3636 0
1807 -0.3672 0
1243 -0.3697 0
1266 -0.3709 0
477 -0.3709 0
418 -0.3723 0
657 -0.3800 0
651 -0.3863 0
1407 -0.3868 0
934 -0.3880 0
3 -0.3889 0
1797 -0.3925 0
487 -0.3950 0
1328 -0.3970 0
979 -0.3973 0
992 -0.3974 0
701 -0.3976 0
1227 -0.3981 0
837 -0.4033 0
601 -0.4037 0
574 -0.4067 0
92 -0.4070 0
607 -0.4083 0
446 -0.4089 0
866 -0.4187 0
1195 -0.4194 0
330 -0.4326 0
1176 -0.4338 0
1 -0.4434 0
1370 -0.4442 0
1262 -0.4455 0
551 -0.4498 0
1604 -0.4512 0
43 -0.4512 0
621 -0.4526 0
24 -0.4542 0
935 -0.4575 0
1665 -0.4579 0
344 -0.4750 0
590 -0.4769 0
480 -0.4788 0
1003 -0.4838 0
1087 -0.4862 0
76 -0.4886 0
1777 -0.4888 0
619 -0.4898 0
1649 -0.4963 0
1408 -0.4964 0
1148 -0.5002 0
273 -0.5003 0
1715 -0.5034 0
749 -0.5065 0
312 -0.5069 0
1290 -0.5093 0
724 -0.5107 0
1444 -0.5115 0
1202 -0.5122 0
1255 -0.5135 0
603 -0.5145 0
954 -0.5159 0
1435 -0.5196 0
1726 -0.5227 0
300 -0.5278 0
1475 -0.5306 0
1599 -0.5316 0
1061 -0.5422 0
1802 -0.5485 0
1744 -0.5497 0
1903 -0.5508 0
894 -0.5525 0
513 -0.5560 0
1010 -0.5581 0
696 -0.5597 0
1129 -0.5607 0
1139 -0.5612 0
1706 -0.5669 0
682 -0.5696 0
776 -0.5762 0
17 -0.5763 0
1992 -0.5769 0
983 -0.5797 0
378 -0.5805 0
1256 -0.5838 0
1201 -0.5866 0
465 -0.5871 0
284 -0.5935 0
1233 -0.5937 0
909 -0.5959 0
1570 -0.5983 0
553 -0.5985 0
474 -0.6010 0
22 -0.6025 0
1859 -0.6048 0
663 -0.6102 0
981 -0.6117 0
523 -0.6125 0
980 -0.6140 0
448 -0.6150 0
1748 -0.6154 0
1463 -0.6158 0
1683 -0.6188 0
93 -0.6207 0
1474 -0.6271 0
1451 -0.6291 0
1183 -0.6319 0
64 -0.6372 0
1908 -0.6386 0
825 -0.6388 0
558 -0.6401 0
831 -0.6416 0
1896 -0.6427 0
1871 -0.6427 0
1991 -0.6583 0
1320 -0.6613 0
510 -0.6628 0
1746 -0.6649 0
803 -0.6677 0
1036 -0.6690 0
957 -0.6711 0
1063 -0.6734 0
391 -0.6753 0
328 -0.6772 0
0 -0.6809 0
764 -0.6857 0
1818 -0.6870 0
1376 -0.6889 0
1663 -0.6902 0
1555 -0.6905 0
450 -0.6913 0
1350 -0.6913 0
1342 -0.7025 0
710 -0.7087 0
1719 -0.7087 0
57 -0.7128 0
1152 -0.7137 0
1643 -0.7181 0
1477 -0.7253 0
1156 -0.7287 0
1827 -0.7294 0
925 -0.7339 0
1714 -0.7350 0
585 -0.7378 0
1576 -0.7383 0
575 -0.7502 0
1801 -0.7503 0
41 -0.7506 0
917 -0.7511 0
1097 -0.7549 0
859 -0.7595 0
978 -0.7688 0
381 -0.7739 0
290 -0.7752 0
1490 -0.7777 0
760 -0.7780 0
512 -0.7781 0
1559 -0.7781 0
1473 -0.7802 0
1277 -0.7813 0
666 -0.7841 0
1501 -0.7858 0
343 -0.7869 0
1961 -0.7884 0
865 -0.7894 0
1733 -0.7911 0
1708 -0.8044 0
1361 -0.8066 0
1004 -0.8071 0
1659 -0.8094 0
1843 -0.8126 0
1236 -0.8144 0
809 -0.8151 0
1572 -0.8172 0
1103 -0.8241 0
785 -0.8269 0
1327 -0.8308 0
1440 -0.8318 0
973 -0.8355 0
1851 -0.8361 0
36 -0.8366 0
495 -0.8374 0
424 -0.8381 0
1161 -0.8415 0
768 -0.8445 0
313 -0.8491 0
913 -0.8492 0
48 -0.8541 0
451 -0.8560 0
1193 -0.8594 0
1577 -0.8625 0
1044 -0.8666 0
412 -0.8700 0
780 -0.8732 0
695 -0.8745 0
1736 -0.8759 0
1039 -0.8815 0
1276 -0.8822 0
702 -0.8862 0
1633 -0.8890 0
928 -0.8898 0
1388 -0.8903 0
1428 -0.8908 0
1567 -0.8914 0
1563 -0.8933 0
1784 -0.8947 0
687 -0.9012 0
597 -0.9027 0
650 -0.9042 0
1412 -0.9047 0
1045 -0.9065 0
1075 -0.9101 0
755 -0.9127 0
993 -0.9142 0
1905 -0.9145 0
1122 -0.9212 0
1557 -0.9216 0
1682 -0.9256 0
1518 -0.9368 0
1860 -0.9381 0
494 -0.9406 0
911 -0.9432 0
888 -0.9460 0
1399 -0.9465 0
1919 -0.9486 0
439 -0.9520 0
757 -0.9522 0
1159 -0.9659 0
434 -0.9663 0
1318 -0.9671 0
255 -0.9677 0
948 -0.9714 0
1613 -0.9729 0
549 -0.9736 0
1741 -0.9746 0
726 -0.9822 0
1551 -0.9844 0
400 -0.9859 0
1142 -0.9860 0
1208 -0.9928 0
1766 -0.9940 0
1029 -1.0011 0
722 -1.0057 0
1187 -1.0058 0
306 -1.0083 0
1740 -1.0204 0
445 -1.0228 0
728 -1.0268 0
1356 -1.0291 0
4 -1.0336 0
1482 -1.0350 0
1556 -1.0439 0
641 -1.0442 0
516 -1.0466 0
63 -1.0467 0
885 -1.0588 0
1658 -1.0625 0
708 -1.0652 0
1492 -1.0666 0
61 -1.0698 0
1561 -1.0712 0
1106 -1.0715 0
758 -1.0822 0
640 -1.0854 0
16 -1.0873 0
914 -1.0914 0
1849 -1.0920 0
902 -1.1040 0
10 -1.1042 0
539 -1.1115 0
89 -1.1146 0
1513 -1.1229 0
1100 -1.1259 0
346 -1.1272 0
452 -1.1310 0
1597 -1.1374 0
1188 -1.1375 0
719 -1.1385 0
1800 -1.1391 0
460 -1.1400 0
1452 -1.1403 0
1199 -1.1408 0
339 -1.1432 0
411 -1.1494 0
1280 -1.1500 0
1072 -1.1501 0
397 -1.1542 0
1753 -1.1546 0
1727 -1.1573 0
1429 -1.1592 0
1447 -1.1600 0
596 -1.1626 0
1545 -1.1633 0
982 -1.1666 0
540 -1.1670 0
1020 -1.1682 0
847 -1.1689 0
1571 -1.1702 0
745 -1.1750 0
1696 -1.1753 0
529 -1.1806 0
380 -1.1860 0
1160 -1.1874 0
547 -1.1908 0
1589 -1.1915 0
1710 -1.1928 0
704 -1.1931 0
421 -1.1946 0
688 -1.1964 0
883 -1.1980 0
920 -1.1990 0
475 -1.2016 0
1583 -1.2024 0
1298 -1.2030 0
1027 -1.2034 0
926 -1.2040 0
1952 -1.2071 0
69 -1.2072 0
1731 -1.2125 0
1732 -1.2137 0
836 -1.2153 0
1620 -1.2164 0
497 -1.2178 0
1269 -1.2188 0
855 -1.2220 0
520 -1.2221 0
1441 -1.2233 0
1632 -1.2250 0
375 -1.2328 0
711 -1.2338 0
341 -1.2345 0
1484 -1.2396 0
1131 -1.2397 0
606 -1.2410 0
91 -1.2426 0
605 -1.2484 0
1703 -1.2492 0
1169 -1.2508 0
1832 -1.2520 0
1617 -1.2534 0
924 -1.2557 0
1612 -1.2573 0
584 -1.2587 0
1591 -1.2645 0
1023 -1.2669 0
362 -1.2704 0
1321 -1.2737 0
1226 -1.2772 0
1681 -1.2773 0
429 -1.2773 0
1712 -1.2785 0
578 -1.2819 0
533 -1.2825 0
1524 -1.2830 0
410 -1.2832 0
1870 -1.2840 0
521 -1.2944 0
1585 -1.3024 0
615 -1.3084 0
1223 -1.3103 0
1331 -1.3124 0
766 -1.3141 0
1693 -1.3150 0
371 -1.3153 0
370 -1.3171 0
1299 -1.3191 0
1293 -1.3242 0
958 -1.3278 0
1058 -1.3285 0
1470 -1.3345 0
281 -1.3357 0
1372 -1.3403 0
668 -1.3464 0
896 -1.3468 0
84 -1.3535 0
1251 -1.3579 0
352 -1.3580 0
963 -1.3596 0
1670 -1.3602 0
690 -1.3652 0
815 -1.3672 0
1541 -1.3703 0
493 -1.3743 0
856 -1.3779 0
880 -1.3789 0
571 -1.3813 0
1505 -1.3834 0
1782 -1.3857 0
1575 -1.3872 0
1359 -1.3905 0
1724 -1.3951 0
1568 -1.3955 0
1099 -1.4022 0
327 -1.4023 0
1769 -1.4050 0
1391 -1.4062 0
629 -1.4089 0
1509 -1.4150 0
316 -1.4153 0
733 -1.4202 0
899 -1.4241 0
959 -1.4263 0
975 -1.4288 0
555 -1.4371 0
1687 -1.4389 0
707 -1.4391 0
642 -1.4416 0
835 -1.4471 0
311 -1.4560 0
1011 -1.4592 0
1657 -1.4626 0
508 -1.4649 0
1674 -1.4683 0
572 -1.4695 0
871 -1.4716 0
782 -1.4736 0
1012 -1.4739 0
14 -1.4744 0
889 -1.4781 0
309 -1.4781 0
536 -1.4851 0
1155 -1.4865 0
655 -1.4867 0
1685 -1.4893 0
538 -1.4930 0
1043 -1.4937 0
1821 -1.4945 0
1234 -1.4950 0
857 -1.4954 0
1666 -1.4976 0
1246 -1.5001 0
1049 -1.5011 0
55 -1.5053 0
752 -1.5059 0
941 -1.5070 0
656 -1.5158 0
795 -1.5205 0
1668 -1.5231 0
1346 -1.5240 0
620 -1.5259 0
1317 -1.5322 0
1558 -1.5373 0
1250 -1.5388 0
1692 -1.5404 0
1455 -1.5405 0
569 -1.5406 0
1713 -1.5412 0
1144 -1.5416 0
679 -1.5490 0
738 -1.5575 0
713 -1.5635 0
543 -1.5645 0
1175 -1.5701 0
1381 -1.5739 0
1650 -1.5741 0
1437 -1.5743 0
891 -1.5794 0
1573 -1.5902 0
790 -1.5951 0
355 -1.5972 0
919 -1.5973 0
1725 -1.5990 0
1747 -1.5990 0
1652 -1.6047 0
50 -1.6049 0
814 -1.6052 0
1671 -1.6062 0
781 -1.6202 0
1018 -1.6318 0
541 -1.6344 0
1605 -1.6350 0
366 -1.6369 0
496 -1.6425 0
633 -1.6428 0
42 -1.6440 0
1295 -1.6455 0
581 -1.6482 0
1377 -1.6482 0
1721 -1.6511 0
796 -1.6527 0
319 -1.6531 0
1697 -1.6536 0
798 -1.6550 0
498 -1.6560 0
1496 -1.6562 0
1662 -1.6640 0
854 -1.6663 0
1170 -1.6692 0
395 -1.6696 0
646 -1.6755 0
1471 -1.6793 0
1562 -1.6819 0
592 -1.6828 0
1483 -1.6880 0
1467 -1.6958 0
723 -1.6960 0
358 -1.6961 0
1120 -1.7006 0
1107 -1.7074 0
818 -1.7192 0
1228 -1.7197 0
1349 -1.7265 0
97 -1.7276 0
608 -1.7308 0
846 -1.7335 0
1217 -1.7362 0
423 -1.7372 0
468 -1.7432 0
612 -1.7435 0
750 -1.7519 0
1648 -1.7538 0
1906 -1.7568 0
570 -1.7588 0
1472 -1.7659 0
912 -1.7746 0
786 -1.7780 0
1343 -1.7830 0
1111 -1.7830 0
1835 -1.7871 0
464 -1.7906 0
1409 -1.7941 0
1564 -1.7978 0
1602 -1.7988 0
461 -1.7992 0
1245 -1.8022 0
1499 -1.8067 0
841 -1.8076 0
307 -1.8207 0
1623 -1.8230 0
455 -1.8231 0
1026 -1.8241 0
732 -1.8296 0
720 -1.8337 0
1218 -1.8362 0
1362 -1.8369 0
1307 -1.8381 0
769 -1.8406 0
1636 -1.8454 0
851 -1.8494 0
740 -1.8502 0
994 -1.8519 0
1508 -1.8546 0
1883 -1.8608 0
467 -1.8685 0
1491 -1.8753 0
1598 -1.8758 0
552 -1.8769 0
792 -1.8892 0
289 -1.8912 0
537 -1.8931 0
1174 -1.8954 0
364 -1.8959 0
995 -1.8963 0
1700 -1.8969 0
1157 -1.8986 0
1032 -1.9018 0
945 -1.9026 0
867 -1.9036 0
382 -1.9037 0
59 -1.9070 0
594 -1.9082 0
1488 -1.9088 0
1532 -1.9138 0
1646 -1.9149 0
996 -1.9162 0
1035 -1.9173 0
1627 -1.9208 0
1278 -1.9211 0
844 -1.9265 0
1360 -1.9317 0
765 -1.9347 0
566 -1.9370 0
693 -1.9470 0
389 -1.9497 0
1355 -1.9529 0
502 -1.9531 0
374 -1.9612 0
1222 -1.9631 0
1514 -1.9646 0
1528 -1.9685 0
1737 -1.9766 0
40 -1.9770 0
1348 -1.9781 0
77 -1.9832 0
388 -1.9851 0
1565 -1.9876 0
712 -1.9910 0
1315 -1.9955 0
1645 -1.9962 0
1022 -1.9978 0
315 -2.0001 0
1248 -2.0052 0
955 -2.0099 0
354 -2.0111 0
1540 -2.0130 0
1596 -2.0198 0
1529 -2.0216 0
1367 -2.0262 0
363 -2.0270 0
1198 -2.0277 0
895 -2.0285 0
1383 -2.0297 0
984 -2.0304 0
1628 -2.0317 0
1145 -2.0353 0
385 -2.0370 0
691 -2.0409 0
674 -2.0456 0
86 -2.0462 0
1330 -2.0469 0
1689 -2.0495 0
705 -2.0539 0
321 -2.0600 0
1506 -2.0627 0
1235 -2.0628 0
1015 -2.0664 0
987 -2.0666 0
1386 -2.0667 0
968 -2.0694 0
964 -2.0748 0
1286 -2.0772 0
1033 -2.0789 0
670 -2.0800 0
1186 -2.0832 0
1285 -2.0864 0
393 -2.0875 0
1373 -2.0933 0
1626 -2.0963 0
636 -2.1008 0
332 -2.1029 0
554 -2.1127 0
1607 -2.1144 0
972 -2.1175 0
1584 -2.1278 0
372 -2.1280 0
1134 -2.1316 0
1554 -2.1323 0
988 -2.1338 0
1221 -2.1380 0
1163 -2.1382 0
491 -2.1387 0
624 -2.1398 0
1427 -2.1412 0
499 -2.1412 0
1578 -2.1447 0
1704 -2.1456 0
921 -2.1458 0
669 -2.1463 0
659 -2.1492 0
15 -2.1543 0
1182 -2.1565 0
1112 -2.1566 0
1654 -2.1579 0
1151 -2.1587 0
858 -2.1594 0
73 -2.1650 0
1686 -2.1683 0
1259 -2.1732 0
392 -2.1777 0
1522 -2.1828 0
1520 -2.1893 0
1774 -2.1903 0
1324 -2.1938 0
357 -2.1969 0
1751 -2.1995 0
1661 -2.1998 0
877 -2.2021 0
1149 -2.2069 0
706 -2.2107 0
759 -2.2192 0
599 -2.2223 0
974 -2.2241 0
58 -2.2255 0
462 -2.2299 0
1610 -2.2343 0
938 -2.2463 0
1064 -2.2478 0
1184 -2.2479 0
1539 -2.2581 0
1537 -2.2621 0
770 -2.2640 0
1179 -2.2703 0
1656 -2.2704 0
969 -2.2715 0
1603 -2.2716 0
1322 -2.2816 0
1068 -2.2840 0
997 -2.2852 0
1166 -2.2924 0
53 -2.2972 0
746 -2.2977 0
897 -2.3031 0
1115 -2.3043 0
878 -2.3142 0
457 -2.3186 0
1394 -2.3189 0
1025 -2.3195 0
1512 -2.3231 0
37 -2.3252 0
1371 -2.3267 0
1396 -2.3338 0
853 -2.3342 0
417 -2.3367 0
966 -2.3401 0
947 -2.3413 0
1037 -2.3438 0
1480 -2.3508 0
1304 -2.3509 0
377 -2.3526 0
1301 -2.3598 0
394 -2.3662 0
1374 -2.3771 0
33 -2.3786 0
1336 -2.3813 0
1592 -2.3818 0
488 -2.3819 0
1363 -2.3853 0
1294 -2.3858 0
1329 -2.3932 0
1028 -2.3944 0
799 -2.3972 0
489 -2.3974 0
1788 -2.4005 0
1601 -2.4057 0
617 -2.4095 0
416 -2.4109 0
1767 -2.4126 0
356 -2.4130 0
1333 -2.4162 0
1734 -2.4193 0
38 -2.4251 0
1502 -2.4269 0
1173 -2.4330 0
1196 -2.4335 0
874 -2.4380 0
1534 -2.4393 0
1507 -2.4400 0
471 -2.4421 0
876 -2.4506 0
1143 -2.4530 0
637 -2.4542 0
314 -2.4569 0
788 -2.4570 0
1130 -2.4684 0
680 -2.4713 0
1209 -2.4878 0
1030 -2.4896 0
1308 -2.4915 0
870 -2.4915 0
660 -2.4975 0
677 -2.4982 0
661 -2.5032 0
1274 -2.5108 0
1128 -2.5120 0
1760 -2.5173 0
1339 -2.5225 0
1606 -2.5261 0
1292 -2.5276 0
811 -2.5365 0
303 -2.5367 0
1136 -2.5383 0
1795 -2.5385 0
1369 -2.5396 0
1387 -2.5399 0
1469 -2.5414 0
960 -2.5422 0
1680 -2.5423 0
998 -2.5445 0
1771 -2.5449 0
887 -2.5539 0
396 -2.5540 0
967 -2.5579 0
1279 -2.5594 0
1241 -2.5898 0
1621 -2.5970 0
772 -2.5989 0
1639 -2.6009 0
791 -2.6035 0
1466 -2.6117 0
774 -2.6140 0
1124 -2.6168 0
797 -2.6178 0
783 -2.6197 0
1261 -2.6324 0
1786 -2.6327 0
318 -2.6367 0
1057 -2.6381 0
335 -2.6417 0
977 -2.6421 0
1789 -2.6424 0
737 -2.6440 0
1364 -2.6483 0
350 -2.6580 0
522 -2.6603 0
1530 -2.6611 0
1014 -2.6654 0
1587 -2.6654 0
1287 -2.6761 0
1344 -2.6762 0
1884 -2.6780 0
881 -2.6869 0
1526 -2.6884 0
1382 -2.6926 0
827 -2.6932 0
1114 -2.6935 0
1303 -2.6947 0
334 -2.7003 0
384 -2.7101 0
80 -2.7124 0
751 -2.7145 0
1368 -2.7164 0
379 -2.7165 0
842 -2.7217 0
1319 -2.7219 0
1773 -2.7331 0
317 -2.7365 0
337 -2.7419 0
1231 -2.7444 0
626 -2.7491 0
1229 -2.7578 0
1498 -2.7603 0
671 -2.7604 0
1267 -2.7634 0
1133 -2.7638 0
329 -2.7651 0
544 -2.7678 0
868 -2.7802 0
675 -2.7859 0
486 -2.7876 0
742 -2.7895 0
1453 -2.7927 0
727 -2.7940 0
1337 -2.7944 0
1655 -2.7952 0
1454 -2.8019 0
1326 -2.8028 0
991 -2.8041 0
1676 -2.8054 0
614 -2.8071 0
565 -2.8071 0
662 -2.8152 0
1478 -2.8160 0
709 -2.8205 0
971 -2.8249 0
1323 -2.8262 0
923 -2.8321 0
1695 -2.8324 0
1253 -2.8334 0
1996 -2.8440 0
490 -2.8459 0
340 -2.8527 0
1257 -2.8531 0
602 -2.8584 0
860 -2.8604 0
689 -2.8689 0
305 -2.8706 0
970 -2.8720 0
1494 -2.8754 0
649 -2.8779 0
767 -2.8794 0
658 -2.8797 0
1289 -2.8897 0
399 -2.8906 0
694 -2.8942 0
1224 -2.8994 0
398 -2.9224 0
1493 -2.9231 0
1019 -2.9462 0
1300 -2.9518 0
1073 -2.9518 0
1783 -2.9608 0
1398 -2.9684 0
779 -2.9705 0
1615 -2.9734 0
1297 -2.9767 0
481 -2.9780 0
1672 -2.9837 0
1165 -2.9842 0
459 -2.9886 0
1119 -2.9899 0
873 -3.0043 0
1345 -3.0061 0
320 -3.0163 0
1305 -3.0190 0
1281 -3.0199 0
12 -3.0249 0
1378 -3.0275 0
1384 -3.0323 0
369 -3.0334 0
789 -3.0342 0
1630 -3.0357 0
322 -3.0409 0
1390 -3.0555 0
324 -3.0606 0
1313 -3.0664 0
638 -3.0775 0
813 -3.0800 0
1385 -3.0829 0
784 -3.0864 0
1395 -3.0886 0
1664 -3.0897 0
1123 -3.0903 0
665 -3.0910 0
1254 -3.0927 0
1171 -3.1130 0
1200 -3.1196 0
872 -3.1342 0
367 -3.1437 0
476 -3.1534 0
1249 -3.1709 0
1560 -3.1712 0
654 -3.1725 0
1108 -3.1736 0
1126 -3.1832 0
336 -3.1855 0
1306 -3.1861 0
1104 -3.1988 0
426 -3.2148 0
1260 -3.2218 0
1325 -3.2291 0
29 -3.2412 0
492 -3.2535 0
376 -3.2674 0
1389 -3.2691 0
1132 -3.2741 0
697 -3.2886 0
78 -3.3012 0
386 -3.3032 0
609 -3.3160 0
1550 -3.3165 0
1614 -3.3194 0
604 -3.3227 0
1141 -3.3263 0
1291 -3.3270 0
1549 -3.3327 0
431 -3.3352 0
383 -3.3420 0
1527 -3.3429 0
1691 -3.3520 0
6 -3.3679 0
1450 -3.3728 0
1167 -3.3765 0
1462 -3.3881 0
1105 -3.3886 0
349 -3.3906 0
1487 -3.3972 0
1146 -3.4022 0
664 -3.4121 0
793 -3.4217 0
630 -3.4397 0
1121 -3.4492 0
1162 -3.4506 0
794 -3.4778 0
587 -3.4854 0
684 -3.4926 0
353 -3.5047 0
1138 -3.5141 0
1393 -3.5149 0
1586 -3.5163 0
360 -3.5203 0
864 -3.5234 0
1354 -3.5363 0
1311 -3.5363 0
618 -3.5379 0
507 -3.5511 0
1358 -3.5585 0
1000 -3.5605 0
787 -3.5663 0
390 -3.5704 0
1580 -3.5723 0
754 -3.5754 0
1500 -3.5829 0
1380 -3.6162 0
1622 -3.6347 0
653 -3.6499 0
904 -3.6503 0
301 -3.6517 0
863 -3.6546 0
325 -3.6577 0
1127 -3.6693 0
1546 -3.6696 0
613 -3.6805 0
302 -3.6813 0
1353 -3.6950 0
483 -3.7010 0
422 -3.7185 0
1544 -3.7224 0
1552 -3.7343 0
1503 -3.7451 0
950 -3.7738 0
472 -3.7918 0
1542 -3.8054 0
652 -3.8124 0
1548 -3.8264 0
373 -3.8293 0
717 -3.8433 0
1588 -3.8480 0
775 -3.8506 0
527 -3.8524 0
672 -3.8727 0
683 -3.8732 0
1574 -3.9204 0
611 -3.9236 0
1351 -3.9320 0
1271 -3.9673 0
1154 -3.9707 0
1489 -3.9747 0
365 -3.9847 0
628 -4.0139 0
1137 -4.0257 0
1375 -4.0259 0
1531 -4.0549 0
678 -4.0985 0
1302 -4.1163 0
736 -4.1215 0
308 -4.1734 0
1340 -4.1854 0
1521 -4.1878 0
730 -4.1940 0
1515 -4.2077 0
359 -4.2091 0
1357 -4.2465 0
631 -4.3382 0
1013 -4.3444 0
777 -4.3883 0
351 -4.4017 0
331 -4.4403 0
1523 -4.4648 0
1352 -4.4848 0
1533 -4.4954 0
850 -4.5566 0
1046 -4.5644 0
1002 -4.5817 0
1510 -4.5933 0
1268 -4.6840 0
890 -4.6972 0
1272 -4.7716 0
627 -4.8370 0
1547 -4.8434 0
1543 -4.9049 0
1504 -4.9234 0
1147 -4.9745 0
1511 -4.9779 0
1519 -4.9806 0
1006 -4.9989 0
616 -5.0101 0
1197 -5.0388 0
1516 -5.0407 0
1007 -5.1089 0
1288 -5.2014 0
1125 -5.2143 0
1031 -5.2781 0
1283 -5.3301 0
879 -5.3781 0
1041 -5.3812 0
1538 -5.4041 0
1190 -5.5699 0
893 -5.6233 0
1009 -6.1399 0
1101 -6.6854 0
509 -6.8003 0
456 -6.9470 0
1258 -7.0790 0
1536 -7.2307 0
361 -7.2769 0
