295 27.6139 1
250 26.3406 1
259 25.8758 1
252 25.8327 1
298 24.5297 1
280 22.9324 1
283 22.6363 1
268 21.8427 1
258 21.6118 1
279 21.4216 1
291 20.9118 1
286 20.7397 1
287 20.4774 1
270 20.3106 1
271 19.8427 1
297 19.6980 1
296 19.3820 1
269 19.2140 1
254 18.9531 1
272 18.8459 1
260 18.6357 1
294 18.5642 1
288 18.3059 1
275 17.8277 1
281 17.8162 1
263 17.4927 1
266 17.3163 1
253 17.1372 1
277 15.9467 1
289 14.8972 1
255 14.0935 1
285 13.8937 1
293 13.8484 1
257 13.6007 1
261 12.7524 1
256 12.3947 1
267 12.3355 1
273 11.8087 1
77 11.5874 0
299 11.3098 1
262 10.5294 1
292 10.3908 1
174 9.9264 0
177 9.4647 0
1952 9.1458 0
274 9.0481 1
164 8.7150 0
150 8.6752 0
1745 8.6545 0
82 8.6041 0
1730 8.5281 0
265 8.3357 1
1744 8.2507 0
1706 8.2336 0
1932 7.9708 0
1878 7.9283 0
60 7.8419 0
648 7.8338 0
51 7.8047 0
64 7.7707 0
89 7.6879 0
142 7.5006 0
276 7.4951 1
188 7.4676 0
1130 7.4649 0
1715 7.4501 0
189 7.4307 0
59 7.4050 0
171 7.2409 0
1832 7.1685 0
61 7.0905 0
1102 6.9223 0
1823 6.7317 0
1702 6.6290 0
1725 6.6057 0
1747 6.6057 0
264 6.5835 1
1718 6.5446 0
282 6.5027 1
96 6.4934 0
1101 6.4457 0
1175 6.4114 0
93 6.3443 0
640 6.3317 0
1735 6.3241 0
1701 6.3032 0
1759 6.2267 0
1198 6.2123 0
1155 6.2006 0
592 6.1658 0
558 6.1577 0
90 6.1205 0
54 6.0972 0
91 6.0904 0
134 6.0829 0
158 6.0767 0
278 6.0552 1
162 6.0056 0
131 5.9730 0
141 5.9487 0
57 5.8866 0
121 5.8798 0
69 5.8789 0
1129 5.8770 0
212 5.8454 0
65 5.8401 0
1732 5.8296 0
1445 5.8167 0
55 5.7621 0
140 5.6930 0
628 5.6121 0
1308 5.5959 0
1950 5.5577 0
1176 5.5110 0
1951 5.5090 0
98 5.4848 0
1720 5.4562 0
1721 5.3903 0
1854 5.3848 0
63 5.3690 0
97 5.3617 0
1746 5.3337 0
22 5.3030 0
1183 5.2951 0
160 5.2908 0
1023 5.2349 0
613 5.2301 0
78 5.1714 0
284 5.1145 1
76 5.0091 0
80 4.9855 0
1866 4.9382 0
1186 4.9337 0
161 4.9007 0
1748 4.8906 0
1931 4.8735 0
157 4.8557 0
83 4.8399 0
74 4.8173 0
1819 4.7860 0
1996 4.7525 0
1729 4.6358 0
1912 4.6276 0
1915 4.5873 0
1723 4.5821 0
1517 4.5529 0
1782 4.5519 0
108 4.5425 0
511 4.4885 0
102 4.4323 0
178 4.4156 0
1800 4.4104 0
1997 4.4061 0
1934 4.3824 0
1969 4.3764 0
1749 4.3684 0
1709 4.3589 0
99 4.3576 0
92 4.3522 0
1843 4.3220 0
1902 4.2885 0
251 4.2451 1
632 4.2314 0
1731 4.2024 0
139 4.1473 0
187 4.1352 0
1740 4.0791 0
1109 4.0442 0
166 4.0172 0
1858 3.9855 0
1230 3.9226 0
119 3.9180 0
234 3.8858 0
1906 3.8793 0
1742 3.8778 0
627 3.8676 0
1793 3.8424 0
203 3.8230 0
115 3.7981 0
1835 3.7979 0
1525 3.7930 0
81 3.7664 0
1139 3.7646 0
232 3.7579 0
829 3.7384 0
1716 3.7258 0
290 3.6913 1
103 3.6771 0
144 3.6711 0
95 3.6638 0
1821 3.6594 0
1853 3.6555 0
703 3.5272 0
1311 3.5173 0
117 3.5171 0
231 3.4926 0
1743 3.4916 0
1863 3.4885 0
1571 3.4851 0
107 3.4457 0
1726 3.4419 0
1598 3.4384 0
755 3.4313 0
79 3.4238 0
1135 3.4031 0
1809 3.3877 0
1859 3.3846 0
1825 3.3813 0
38 3.3788 0
1889 3.3640 0
625 3.3567 0
1246 3.3334 0
1897 3.3246 0
644 3.3222 0
163 3.3134 0
10 3.3104 0
392 3.3009 0
226 3.2934 0
247 3.2863 0
137 3.2854 0
352 3.2655 0
1964 3.2484 0
56 3.2448 0
567 3.2285 0
88 3.1922 0
1958 3.1841 0
1712 3.1617 0
1738 3.1561 0
75 3.1434 0
1798 3.1042 0
1994 3.0940 0
611 3.0766 0
112 3.0610 0
1153 3.0537 0
1792 3.0524 0
152 3.0496 0
1850 3.0056 0
1530 2.9912 0
185 2.9886 0
100 2.9846 0
1880 2.9715 0
536 2.9582 0
375 2.9389 0
1719 2.9327 0
559 2.9257 0
216 2.9048 0
1852 2.8871 0
1112 2.8826 0
151 2.8788 0
243 2.8770 0
122 2.8482 0
1727 2.8307 0
1174 2.8137 0
1886 2.7904 0
1705 2.7830 0
116 2.7691 0
1192 2.7647 0
101 2.7641 0
170 2.7629 0
165 2.7497 0
1245 2.7282 0
155 2.6926 0
1775 2.6842 0
70 2.6368 0
186 2.6366 0
1165 2.6353 0
246 2.6215 0
192 2.6124 0
837 2.6059 0
1514 2.5950 0
1335 2.5879 0
41 2.5389 0
1150 2.5298 0
3 2.5246 0
1847 2.4790 0
612 2.4669 0
1185 2.4517 0
148 2.4299 0
0 2.4231 0
505 2.4131 0
1231 2.3947 0
561 2.3919 0
1803 2.3748 0
1978 2.3355 0
105 2.3200 0
1989 2.3085 0
1868 2.3028 0
156 2.2997 0
1945 2.2993 0
1711 2.2975 0
1708 2.2409 0
1984 2.2403 0
1885 2.2002 0
149 2.1977 0
1539 2.1964 0
1881 2.1903 0
563 2.1887 0
1151 2.1858 0
579 2.1723 0
154 2.1484 0
1893 2.1236 0
1728 2.1210 0
147 2.1185 0
180 2.0962 0
1042 2.0798 0
1779 2.0722 0
193 2.0683 0
1896 2.0573 0
1535 2.0486 0
715 2.0274 0
37 2.0214 0
590 2.0069 0
635 2.0037 0
1806 1.9957 0
1993 1.9769 0
812 1.9725 0
94 1.9544 0
33 1.9529 0
818 1.9322 0
1507 1.9304 0
87 1.9285 0
451 1.8962 0
1506 1.8928 0
220 1.8913 0
387 1.8907 0
1960 1.8729 0
1797 1.8483 0
1756 1.8255 0
153 1.8200 0
1974 1.8148 0
1757 1.8106 0
389 1.7993 0
608 1.7849 0
120 1.7727 0
1815 1.7712 0
222 1.7613 0
175 1.7546 0
132 1.7471 0
1540 1.7449 0
706 1.7356 0
21 1.7276 0
1904 1.7261 0
573 1.7228 0
1946 1.7179 0
1780 1.7112 0
1877 1.7062 0
1898 1.7030 0
636 1.7030 0
72 1.6991 0
199 1.6973 0
1545 1.6843 0
145 1.6640 0
913 1.6549 0
225 1.6506 0
1785 1.6471 0
575 1.6421 0
1764 1.6398 0
85 1.6357 0
1816 1.6319 0
1822 1.6314 0
1773 1.6235 0
1839 1.6032 0
868 1.5952 0
384 1.5950 0
1142 1.5939 0
976 1.5739 0
1791 1.5739 0
211 1.5688 0
1794 1.5683 0
86 1.5555 0
1196 1.5493 0
1849 1.5407 0
1979 1.5342 0
14 1.5289 0
1924 1.5265 0
735 1.5114 0
1888 1.5034 0
1339 1.5026 0
1982 1.4998 0
179 1.4986 0
645 1.4907 0
629 1.4868 0
1722 1.4791 0
596 1.4635 0
1895 1.4495 0
1943 1.4450 0
1197 1.4416 0
619 1.4353 0
26 1.4298 0
638 1.4280 0
1804 1.4123 0
1986 1.4072 0
1851 1.4069 0
181 1.3975 0
1805 1.3925 0
46 1.3889 0
1856 1.3868 0
406 1.3796 0
1393 1.3765 0
27 1.3748 0
872 1.3736 0
198 1.3590 0
1707 1.3572 0
393 1.3555 0
634 1.3446 0
1990 1.3403 0
1181 1.3265 0
1717 1.3250 0
1703 1.3016 0
562 1.2982 0
1957 1.2979 0
159 1.2881 0
1913 1.2871 0
136 1.2853 0
1848 1.2699 0
1884 1.2686 0
1988 1.2649 0
1910 1.2605 0
1860 1.2509 0
1867 1.2502 0
1503 1.2303 0
1154 1.2288 0
239 1.2072 0
1755 1.1966 0
113 1.1959 0
1772 1.1922 0
205 1.1615 0
1103 1.1583 0
228 1.1374 0
1714 1.1120 0
15 1.1029 0
586 1.1019 0
202 1.1009 0
739 1.1005 0
1837 1.1001 0
1158 1.0992 0
1922 1.0911 0
130 1.0886 0
1790 1.0885 0
1959 1.0792 0
52 1.0698 0
219 1.0656 0
1976 1.0557 0
1802 1.0503 0
615 1.0437 0
1828 1.0353 0
566 1.0313 0
1872 1.0288 0
349 1.0257 0
493 1.0242 0
62 1.0147 0
1944 1.0046 0
1887 1.0026 0
1166 0.9900 0
456 0.9885 0
700 0.9820 0
40 0.9744 0
135 0.9724 0
939 0.9594 0
1189 0.9515 0
1879 0.9400 0
1710 0.9393 0
472 0.9311 0
704 0.9125 0
947 0.9007 0
28 0.8923 0
1894 0.8918 0
58 0.8616 0
1178 0.8594 0
503 0.8509 0
1975 0.8494 0
1754 0.8454 0
593 0.8442 0
191 0.8376 0
194 0.8356 0
35 0.8193 0
839 0.8135 0
633 0.8080 0
1812 0.8068 0
969 0.8062 0
138 0.8047 0
1940 0.7979 0
409 0.7966 0
368 0.7957 0
692 0.7907 0
580 0.7833 0
833 0.7828 0
614 0.7716 0
1641 0.7685 0
1977 0.7503 0
555 0.7460 0
1763 0.7450 0
747 0.7424 0
639 0.7358 0
1956 0.7242 0
603 0.7242 0
1148 0.7235 0
1814 0.7222 0
1666 0.7105 0
104 0.6997 0
606 0.6940 0
577 0.6744 0
447 0.6739 0
880 0.6690 0
1799 0.6650 0
1173 0.6638 0
84 0.6580 0
1141 0.6532 0
1160 0.6412 0
1970 0.6386 0
892 0.6365 0
110 0.6286 0
1971 0.6218 0
1869 0.6079 0
1193 0.6076 0
1833 0.6070 0
1811 0.6035 0
734 0.6015 0
605 0.6002 0
1882 0.5992 0
1117 0.5963 0
646 0.5853 0
1795 0.5704 0
356 0.5556 0
1037 0.5471 0
221 0.5370 0
1163 0.5327 0
1572 0.5244 0
554 0.5214 0
50 0.5213 0
572 0.5203 0
1830 0.5191 0
1558 0.5114 0
310 0.5089 0
367 0.5068 0
1618 0.4999 0
1170 0.4802 0
1891 0.4775 0
1999 0.4586 0
1737 0.4519 0
1995 0.4423 0
1516 0.4390 0
1980 0.4317 0
1182 0.4264 0
214 0.4137 0
1222 0.4130 0
67 0.4123 0
1131 0.4023 0
1534 0.3986 0
1179 0.3903 0
1967 0.3893 0
125 0.3870 0
1865 0.3869 0
1768 0.3849 0
1001 0.3810 0
1157 0.3784 0
383 0.3761 0
953 0.3651 0
599 0.3636 0
1920 0.3622 0
1704 0.3617 0
450 0.3596 0
1556 0.3589 0
1918 0.3550 0
1619 0.3435 0
1018 0.3431 0
1111 0.3328 0
1767 0.3196 0
386 0.3192 0
1972 0.3180 0
1620 0.3159 0
1213 0.3060 0
830 0.2994 0
172 0.2984 0
123 0.2968 0
111 0.2847 0
1169 0.2829 0
952 0.2818 0
1104 0.2765 0
183 0.2701 0
68 0.2700 0
974 0.2698 0
1713 0.2698 0
1914 0.2665 0
1519 0.2604 0
1963 0.2599 0
355 0.2506 0
637 0.2472 0
454 0.2444 0
941 0.2426 0
1 0.2425 0
1921 0.2339 0
1983 0.2310 0
1164 0.2291 0
39 0.2181 0
601 0.2163 0
215 0.1940 0
622 0.1871 0
610 0.1670 0
1871 0.1614 0
1831 0.1608 0
643 0.1546 0
1741 0.1522 0
878 0.1452 0
217 0.1446 0
1801 0.1412 0
1105 0.1380 0
1210 0.1250 0
1824 0.1238 0
991 0.1226 0
127 0.1220 0
1005 0.1211 0
1892 0.1199 0
1675 0.1195 0
19 0.1164 0
1026 0.1137 0
1724 0.0986 0
206 0.0964 0
978 0.0916 0
380 0.0842 0
1698 0.0835 0
1022 0.0828 0
860 0.0739 0
583 0.0644 0
801 0.0625 0
1152 0.0578 0
990 0.0572 0
987 0.0558 0
1955 0.0544 0
49 0.0535 0
1874 0.0506 0
465 0.0407 0
237 0.0391 0
1244 0.0306 0
1471 0.0284 0
1241 0.0283 0
1857 0.0246 0
744 0.0213 0
1808 -0.0072 0
1981 -0.0072 0
1281 -0.0079 0
1813 -0.0130 0
1239 -0.0165 0
968 -0.0204 0
1312 -0.0269 0
1156 -0.0326 0
647 -0.0341 0
1574 -0.0406 0
1890 -0.0525 0
1408 -0.0541 0
1761 -0.0591 0
1954 -0.0605 0
965 -0.0633 0
895 -0.0646 0
1592 -0.0803 0
1280 -0.0910 0
1622 -0.0951 0
740 -0.1051 0
36 -0.1195 0
1143 -0.1209 0
707 -0.1210 0
1734 -0.1284 0
1926 -0.1413 0
727 -0.1419 0
1862 -0.1421 0
210 -0.1424 0
824 -0.1455 0
1903 -0.1461 0
209 -0.1497 0
238 -0.1498 0
1159 -0.1507 0
53 -0.1628 0
466 -0.1663 0
828 -0.1664 0
168 -0.1672 0
1024 -0.1688 0
401 -0.1820 0
702 -0.1905 0
705 -0.1978 0
979 -0.1985 0
146 -0.2040 0
681 -0.2148 0
1783 -0.2156 0
1919 -0.2171 0
233 -0.2295 0
1842 -0.2316 0
1554 -0.2435 0
235 -0.2441 0
1405 -0.2759 0
1781 -0.2828 0
1015 -0.2840 0
421 -0.2915 0
1899 -0.2916 0
983 -0.2918 0
6 -0.2977 0
1432 -0.3033 0
1640 -0.3094 0
1966 -0.3183 0
1020 -0.3212 0
722 -0.3242 0
1106 -0.3311 0
951 -0.3315 0
581 -0.3347 0
114 -0.3407 0
1933 -0.3434 0
439 -0.3468 0
1953 -0.3488 0
764 -0.3657 0
609 -0.3700 0
1829 -0.3704 0
118 -0.3814 0
1883 -0.3861 0
1769 -0.3907 0
1817 -0.3907 0
653 -0.3936 0
1998 -0.4020 0
1325 -0.4041 0
1290 -0.4262 0
403 -0.4290 0
1840 -0.4321 0
724 -0.4340 0
494 -0.4341 0
1965 -0.4352 0
851 -0.4486 0
1021 -0.4502 0
986 -0.4619 0
620 -0.4639 0
748 -0.4653 0
1048 -0.4798 0
424 -0.4857 0
195 -0.4893 0
1167 -0.4907 0
1827 -0.4954 0
1855 -0.5074 0
11 -0.5083 0
807 -0.5144 0
1334 -0.5206 0
1733 -0.5274 0
1900 -0.5323 0
1949 -0.5326 0
585 -0.5373 0
859 -0.5468 0
997 -0.5536 0
395 -0.5552 0
827 -0.5578 0
1585 -0.5738 0
34 -0.5742 0
1177 -0.5779 0
208 -0.5811 0
996 -0.5861 0
1114 -0.5880 0
1787 -0.5969 0
712 -0.6032 0
1509 -0.6156 0
749 -0.6222 0
564 -0.6250 0
1580 -0.6264 0
588 -0.6302 0
223 -0.6406 0
1628 -0.6420 0
1845 -0.6488 0
1973 -0.6524 0
515 -0.6542 0
1314 -0.6571 0
1161 -0.6576 0
654 -0.6683 0
190 -0.6799 0
568 -0.6839 0
737 -0.6881 0
1826 -0.6932 0
1807 -0.7006 0
12 -0.7025 0
1820 -0.7052 0
642 -0.7095 0
733 -0.7135 0
1750 -0.7190 0
227 -0.7382 0
1168 -0.7409 0
167 -0.7427 0
417 -0.7476 0
616 -0.7576 0
894 -0.7580 0
45 -0.7639 0
961 -0.7684 0
776 -0.7690 0
394 -0.7726 0
1298 -0.7748 0
529 -0.7800 0
1108 -0.7852 0
793 -0.7877 0
1901 -0.7877 0
305 -0.8010 0
887 -0.8074 0
1925 -0.8093 0
1321 -0.8168 0
745 -0.8192 0
1263 -0.8198 0
838 -0.8261 0
683 -0.8295 0
143 -0.8363 0
236 -0.8368 0
1115 -0.8448 0
436 -0.8484 0
718 -0.8494 0
438 -0.8524 0
527 -0.8566 0
207 -0.8623 0
1836 -0.8642 0
1563 -0.8648 0
1876 -0.8674 0
126 -0.8694 0
1180 -0.8729 0
595 -0.8740 0
1144 -0.8949 0
819 -0.9014 0
729 -0.9021 0
649 -0.9031 0
1226 -0.9044 0
1199 -0.9107 0
1613 -0.9170 0
550 -0.9192 0
242 -0.9256 0
1051 -0.9321 0
1452 -0.9335 0
16 -0.9362 0
1568 -0.9392 0
836 -0.9472 0
711 -0.9560 0
1034 -0.9586 0
1961 -0.9729 0
1776 -0.9869 0
1586 -0.9909 0
196 -0.9960 0
13 -0.9970 0
1528 -1.0044 0
623 -1.0066 0
1583 -1.0128 0
433 -1.0162 0
742 -1.0199 0
351 -1.0200 0
1687 -1.0247 0
844 -1.0258 0
815 -1.0310 0
1316 -1.0314 0
1486 -1.0460 0
249 -1.0480 0
1305 -1.0493 0
435 -1.0494 0
1016 -1.0496 0
7 -1.0501 0
1128 -1.0505 0
1632 -1.0553 0
1765 -1.0573 0
710 -1.0579 0
862 -1.0607 0
966 -1.0619 0
362 -1.0648 0
578 -1.0683 0
1600 -1.0700 0
831 -1.0724 0
984 -1.0752 0
1121 -1.0810 0
425 -1.0856 0
1093 -1.0957 0
963 -1.0958 0
728 -1.1016 0
673 -1.1096 0
443 -1.1152 0
972 -1.1229 0
461 -1.1259 0
307 -1.1304 0
541 -1.1350 0
1328 -1.1394 0
176 -1.1421 0
1758 -1.1448 0
667 -1.1526 0
741 -1.1531 0
720 -1.1542 0
530 -1.1542 0
809 -1.1565 0
1336 -1.1587 0
1699 -1.1659 0
1435 -1.1737 0
1276 -1.1773 0
1810 -1.1777 0
1844 -1.1789 0
1329 -1.1809 0
17 -1.1821 0
820 -1.1823 0
1063 -1.1925 0
814 -1.1980 0
999 -1.2002 0
245 -1.2029 0
499 -1.2052 0
173 -1.2201 0
1077 -1.2344 0
1303 -1.2346 0
1762 -1.2363 0
551 -1.2380 0
915 -1.2396 0
534 -1.2503 0
1013 -1.2524 0
714 -1.2532 0
1208 -1.2548 0
716 -1.2553 0
607 -1.2610 0
631 -1.2684 0
876 -1.2694 0
385 -1.2847 0
1788 -1.2863 0
431 -1.2902 0
169 -1.3010 0
621 -1.3027 0
9 -1.3031 0
1634 -1.3034 0
1029 -1.3047 0
1232 -1.3073 0
484 -1.3077 0
1596 -1.3086 0
804 -1.3101 0
516 -1.3112 0
1133 -1.3122 0
934 -1.3162 0
213 -1.3188 0
584 -1.3212 0
1566 -1.3250 0
1630 -1.3316 0
1917 -1.3336 0
1908 -1.3342 0
849 -1.3408 0
374 -1.3477 0
109 -1.3515 0
1195 -1.3595 0
182 -1.3647 0
1875 -1.3675 0
1254 -1.3691 0
1377 -1.3705 0
1510 -1.3731 0
1907 -1.3758 0
1753 -1.3760 0
1113 -1.3761 0
1700 -1.3937 0
773 -1.3955 0
128 -1.4048 0
873 -1.4180 0
1036 -1.4192 0
725 -1.4206 0
1331 -1.4206 0
1929 -1.4266 0
488 -1.4301 0
617 -1.4394 0
371 -1.4412 0
1846 -1.4414 0
726 -1.4454 0
1266 -1.4455 0
1220 -1.4489 0
411 -1.4535 0
1621 -1.4577 0
738 -1.4601 0
397 -1.4644 0
1513 -1.4729 0
1789 -1.4808 0
1606 -1.4908 0
204 -1.4919 0
1834 -1.4956 0
1670 -1.5003 0
864 -1.5034 0
1770 -1.5056 0
552 -1.5111 0
897 -1.5136 0
1491 -1.5150 0
1188 -1.5227 0
313 -1.5234 0
42 -1.5249 0
571 -1.5333 0
1838 -1.5397 0
898 -1.5413 0
1873 -1.5431 0
1056 -1.5520 0
973 -1.5533 0
1205 -1.5537 0
1541 -1.5540 0
358 -1.5550 0
1784 -1.5560 0
468 -1.5573 0
766 -1.5623 0
1520 -1.5755 0
1938 -1.5849 0
921 -1.5865 0
641 -1.5952 0
124 -1.5961 0
1564 -1.6155 0
1074 -1.6192 0
736 -1.6249 0
1145 -1.6307 0
1215 -1.6382 0
717 -1.6429 0
816 -1.6557 0
769 -1.6578 0
1424 -1.6606 0
1309 -1.6616 0
1313 -1.6704 0
767 -1.6749 0
366 -1.6807 0
1278 -1.6815 0
491 -1.6850 0
1930 -1.6868 0
1247 -1.6941 0
1302 -1.7064 0
521 -1.7142 0
916 -1.7145 0
308 -1.7235 0
66 -1.7255 0
889 -1.7297 0
1649 -1.7338 0
1936 -1.7383 0
404 -1.7388 0
1496 -1.7422 0
1383 -1.7432 0
1987 -1.7446 0
20 -1.7497 0
802 -1.7503 0
686 -1.7541 0
1942 -1.7558 0
1665 -1.7579 0
1739 -1.7606 0
1786 -1.7644 0
597 -1.7697 0
1490 -1.7714 0
779 -1.7760 0
1625 -1.7780 0
1172 -1.7835 0
847 -1.7948 0
44 -1.7953 0
1538 -1.7987 0
759 -1.7998 0
600 -1.8008 0
229 -1.8055 0
1629 -1.8058 0
1927 -1.8165 0
795 -1.8177 0
1533 -1.8235 0
861 -1.8247 0
708 -1.8289 0
1546 -1.8314 0
314 -1.8322 0
248 -1.8429 0
848 -1.8461 0
1033 -1.8557 0
1031 -1.8564 0
1379 -1.8614 0
1006 -1.8615 0
1049 -1.8625 0
1608 -1.8657 0
1447 -1.8677 0
1524 -1.8681 0
1771 -1.8770 0
197 -1.8877 0
981 -1.8920 0
1389 -1.8923 0
43 -1.8938 0
1138 -1.8960 0
1562 -1.8966 0
1214 -1.8971 0
1397 -1.8988 0
891 -1.9019 0
582 -1.9022 0
751 -1.9135 0
1570 -1.9155 0
569 -1.9257 0
1286 -1.9290 0
1217 -1.9314 0
1116 -1.9316 0
1537 -1.9348 0
1326 -1.9371 0
1646 -1.9406 0
1097 -1.9465 0
863 -1.9485 0
430 -1.9551 0
2 -1.9627 0
106 -1.9650 0
1639 -1.9655 0
775 -1.9711 0
699 -1.9763 0
1411 -1.9782 0
1661 -1.9791 0
1590 -1.9803 0
730 -1.9805 0
1985 -1.9843 0
1532 -1.9936 0
1426 -1.9936 0
483 -2.0000 0
841 -2.0002 0
244 -2.0023 0
1483 -2.0071 0
826 -2.0074 0
1094 -2.0118 0
1162 -2.0151 0
980 -2.0181 0
932 -2.0190 0
967 -2.0218 0
388 -2.0228 0
691 -2.0268 0
1968 -2.0328 0
943 -2.0341 0
344 -2.0536 0
926 -2.0549 0
1273 -2.0618 0
1468 -2.0620 0
1107 -2.0666 0
1508 -2.0776 0
1429 -2.0796 0
1581 -2.0814 0
765 -2.0822 0
810 -2.0861 0
429 -2.0960 0
1126 -2.0996 0
347 -2.1082 0
1673 -2.1109 0
1110 -2.1130 0
1043 -2.1136 0
964 -2.1226 0
514 -2.1260 0
1550 -2.1283 0
1651 -2.1403 0
930 -2.1463 0
1582 -2.1479 0
1861 -2.1482 0
1412 -2.1503 0
721 -2.1531 0
1000 -2.1553 0
1470 -2.1553 0
1627 -2.1562 0
31 -2.1614 0
805 -2.1642 0
1052 -2.1652 0
789 -2.1672 0
842 -2.1673 0
993 -2.1675 0
780 -2.1680 0
1301 -2.1772 0
230 -2.1777 0
490 -2.1816 0
1679 -2.1852 0
688 -2.1869 0
1387 -2.1882 0
1137 -2.1998 0
1928 -2.2053 0
1624 -2.2079 0
576 -2.2113 0
369 -2.2149 0
1082 -2.2162 0
350 -2.2190 0
184 -2.2230 0
129 -2.2240 0
774 -2.2340 0
1223 -2.2360 0
304 -2.2417 0
1642 -2.2484 0
1027 -2.2536 0
457 -2.2557 0
501 -2.2572 0
701 -2.2579 0
48 -2.2605 0
513 -2.2624 0
1454 -2.2633 0
1132 -2.2662 0
1579 -2.2691 0
1004 -2.2740 0
391 -2.2745 0
1645 -2.2774 0
918 -2.2803 0
746 -2.2859 0
657 -2.2977 0
671 -2.2977 0
1916 -2.2980 0
506 -2.3093 0
888 -2.3099 0
1194 -2.3154 0
1549 -2.3173 0
1351 -2.3175 0
1330 -2.3264 0
1391 -2.3307 0
883 -2.3309 0
680 -2.3372 0
1086 -2.3374 0
713 -2.3401 0
1962 -2.3418 0
743 -2.3426 0
988 -2.3437 0
1682 -2.3619 0
423 -2.3644 0
877 -2.3705 0
1100 -2.3749 0
47 -2.3751 0
405 -2.3780 0
1346 -2.3810 0
760 -2.3819 0
1594 -2.3824 0
357 -2.3883 0
1218 -2.3883 0
29 -2.3907 0
777 -2.3909 0
1119 -2.3918 0
1358 -2.3952 0
852 -2.3975 0
1398 -2.4011 0
1248 -2.4042 0
840 -2.4108 0
455 -2.4142 0
1017 -2.4256 0
1206 -2.4260 0
1035 -2.4263 0
1332 -2.4304 0
823 -2.4330 0
1777 -2.4339 0
1235 -2.4372 0
1472 -2.4393 0
399 -2.4405 0
652 -2.4521 0
960 -2.4596 0
1187 -2.4776 0
989 -2.4779 0
995 -2.4808 0
956 -2.4850 0
719 -2.4999 0
1065 -2.5010 0
1307 -2.5021 0
1909 -2.5042 0
787 -2.5068 0
1399 -2.5081 0
1561 -2.5116 0
1433 -2.5129 0
1310 -2.5172 0
5 -2.5192 0
624 -2.5219 0
330 -2.5255 0
1557 -2.5293 0
517 -2.5328 0
1014 -2.5360 0
4 -2.5361 0
370 -2.5363 0
832 -2.5367 0
1091 -2.5387 0
1300 -2.5401 0
1267 -2.5415 0
792 -2.5479 0
218 -2.5541 0
1386 -2.5603 0
1216 -2.5620 0
1548 -2.5635 0
1338 -2.5639 0
886 -2.5640 0
396 -2.5702 0
556 -2.5706 0
1512 -2.5707 0
1390 -2.5756 0
1146 -2.5797 0
1542 -2.5801 0
1289 -2.5801 0
1395 -2.5828 0
1228 -2.5845 0
1595 -2.5866 0
1489 -2.5947 0
899 -2.5982 0
813 -2.6100 0
1577 -2.6104 0
200 -2.6163 0
858 -2.6201 0
1684 -2.6220 0
938 -2.6259 0
958 -2.6272 0
442 -2.6275 0
1025 -2.6329 0
420 -2.6329 0
1674 -2.6366 0
1653 -2.6369 0
977 -2.6386 0
929 -2.6388 0
687 -2.6390 0
589 -2.6489 0
462 -2.6499 0
660 -2.6565 0
1457 -2.6575 0
1438 -2.6607 0
574 -2.6625 0
1462 -2.6654 0
1818 -2.6746 0
602 -2.6793 0
1633 -2.6796 0
446 -2.6886 0
1463 -2.6891 0
920 -2.6893 0
1125 -2.6921 0
945 -2.6945 0
1219 -2.6958 0
342 -2.6964 0
1404 -2.6997 0
333 -2.7063 0
1544 -2.7071 0
1650 -2.7136 0
1440 -2.7164 0
23 -2.7196 0
458 -2.7220 0
1361 -2.7236 0
1234 -2.7249 0
528 -2.7274 0
1257 -2.7281 0
959 -2.7288 0
1306 -2.7296 0
382 -2.7411 0
885 -2.7472 0
890 -2.7519 0
481 -2.7608 0
496 -2.7611 0
1304 -2.7672 0
321 -2.7689 0
843 -2.7698 0
1523 -2.7712 0
1341 -2.7912 0
912 -2.7973 0
1992 -2.8088 0
1560 -2.8090 0
1357 -2.8133 0
1923 -2.8169 0
452 -2.8171 0
1123 -2.8209 0
18 -2.8231 0
1012 -2.8232 0
1552 -2.8252 0
591 -2.8280 0
335 -2.8308 0
407 -2.8386 0
811 -2.8436 0
604 -2.8470 0
1601 -2.8487 0
1663 -2.8657 0
1669 -2.8746 0
1430 -2.8759 0
526 -2.8886 0
1277 -2.8902 0
928 -2.8904 0
651 -2.8942 0
73 -2.8994 0
1578 -2.9022 0
1697 -2.9055 0
1752 -2.9056 0
853 -2.9061 0
1460 -2.9080 0
1841 -2.9082 0
1911 -2.9115 0
473 -2.9146 0
1464 -2.9171 0
1589 -2.9186 0
1991 -2.9236 0
1359 -2.9252 0
1211 -2.9253 0
937 -2.9275 0
1536 -2.9292 0
1322 -2.9391 0
412 -2.9404 0
1342 -2.9449 0
1527 -2.9449 0
1660 -2.9454 0
1654 -2.9490 0
1466 -2.9493 0
1343 -2.9509 0
806 -2.9512 0
778 -2.9527 0
1422 -2.9558 0
909 -2.9602 0
1505 -2.9604 0
1760 -2.9687 0
419 -2.9699 0
1677 -2.9708 0
962 -2.9716 0
825 -2.9721 0
1349 -2.9800 0
1522 -2.9842 0
896 -2.9870 0
1427 -2.9917 0
1453 -2.9933 0
548 -2.9954 0
312 -2.9983 0
821 -2.9998 0
1066 -3.0032 0
1315 -3.0035 0
1190 -3.0055 0
800 -3.0073 0
1488 -3.0112 0
970 -3.0120 0
1672 -3.0160 0
448 -3.0204 0
532 -3.0222 0
998 -3.0261 0
1935 -3.0293 0
1045 -3.0299 0
1362 -3.0304 0
224 -3.0313 0
1221 -3.0365 0
1526 -3.0416 0
784 -3.0472 0
512 -3.0497 0
495 -3.0501 0
1003 -3.0511 0
1664 -3.0587 0
1050 -3.0630 0
817 -3.0714 0
1046 -3.0768 0
432 -3.0775 0
723 -3.0818 0
1320 -3.0855 0
1374 -3.0924 0
650 -3.0933 0
25 -3.0971 0
971 -3.1123 0
523 -3.1143 0
698 -3.1143 0
522 -3.1178 0
678 -3.1204 0
695 -3.1230 0
1360 -3.1236 0
1637 -3.1265 0
1053 -3.1319 0
1140 -3.1345 0
354 -3.1348 0
557 -3.1364 0
1864 -3.1365 0
525 -3.1388 0
1870 -3.1410 0
1593 -3.1419 0
770 -3.1420 0
1229 -3.1432 0
1092 -3.1533 0
1124 -3.1535 0
1353 -3.1565 0
479 -3.1594 0
540 -3.1623 0
1149 -3.1625 0
444 -3.1685 0
133 -3.1702 0
544 -3.1703 0
1096 -3.1835 0
1500 -3.1836 0
1356 -3.1849 0
1603 -3.1850 0
1030 -3.1861 0
1319 -3.1915 0
1456 -3.1941 0
1446 -3.2095 0
1292 -3.2109 0
1054 -3.2115 0
1406 -3.2144 0
1459 -3.2146 0
1416 -3.2150 0
1044 -3.2204 0
626 -3.2206 0
332 -3.2215 0
1567 -3.2230 0
323 -3.2231 0
783 -3.2248 0
1067 -3.2346 0
504 -3.2372 0
732 -3.2389 0
919 -3.2427 0
1569 -3.2445 0
1088 -3.2463 0
870 -3.2485 0
1543 -3.2500 0
489 -3.2611 0
1502 -3.2614 0
365 -3.2703 0
1380 -3.2720 0
1575 -3.2734 0
906 -3.2792 0
415 -3.2792 0
32 -3.2881 0
1591 -3.2908 0
598 -3.2966 0
618 -3.2976 0
1941 -3.2980 0
1551 -3.3015 0
1058 -3.3029 0
1683 -3.3067 0
1553 -3.3113 0
449 -3.3175 0
756 -3.3183 0
1352 -3.3204 0
794 -3.3211 0
985 -3.3228 0
1040 -3.3230 0
1381 -3.3248 0
931 -3.3283 0
587 -3.3441 0
437 -3.3450 0
955 -3.3528 0
1200 -3.3547 0
1599 -3.3702 0
659 -3.3747 0
1064 -3.3767 0
398 -3.3810 0
545 -3.3814 0
1573 -3.3844 0
339 -3.3912 0
1431 -3.3934 0
1484 -3.3939 0
1369 -3.3945 0
1492 -3.3955 0
594 -3.3966 0
71 -3.4016 0
1434 -3.4020 0
693 -3.4103 0
1420 -3.4128 0
486 -3.4152 0
337 -3.4175 0
1392 -3.4199 0
520 -3.4244 0
1905 -3.4445 0
306 -3.4528 0
1501 -3.4637 0
1032 -3.4680 0
1184 -3.4744 0
948 -3.4751 0
533 -3.4769 0
480 -3.4844 0
240 -3.4876 0
1474 -3.4877 0
1515 -3.4881 0
709 -3.4885 0
845 -3.4967 0
376 -3.5018 0
1078 -3.5024 0
850 -3.5030 0
547 -3.5034 0
1623 -3.5191 0
1451 -3.5208 0
1657 -3.5209 0
378 -3.5223 0
927 -3.5262 0
1075 -3.5278 0
1400 -3.5318 0
379 -3.5329 0
1371 -3.5333 0
531 -3.5345 0
460 -3.5392 0
884 -3.5409 0
797 -3.5426 0
1614 -3.5447 0
1323 -3.5463 0
1070 -3.5470 0
752 -3.5510 0
1085 -3.5546 0
498 -3.5638 0
1090 -3.5656 0
1774 -3.5671 0
1659 -3.5677 0
539 -3.5741 0
1487 -3.5777 0
935 -3.5890 0
1191 -3.5994 0
668 -3.6010 0
1087 -3.6102 0
1295 -3.6166 0
682 -3.6167 0
445 -3.6179 0
453 -3.6249 0
822 -3.6269 0
1518 -3.6285 0
882 -3.6480 0
570 -3.6481 0
334 -3.6485 0
757 -3.6490 0
542 -3.6551 0
856 -3.6651 0
922 -3.6765 0
1652 -3.6771 0
359 -3.6822 0
1477 -3.6891 0
319 -3.7013 0
1385 -3.7068 0
485 -3.7072 0
1203 -3.7074 0
538 -3.7085 0
1778 -3.7091 0
661 -3.7126 0
675 -3.7134 0
1565 -3.7194 0
372 -3.7225 0
474 -3.7230 0
1069 -3.7269 0
1008 -3.7276 0
875 -3.7287 0
924 -3.7357 0
201 -3.7621 0
1439 -3.7708 0
1394 -3.7755 0
1364 -3.7841 0
1667 -3.7941 0
507 -3.8015 0
1479 -3.8102 0
1555 -3.8108 0
1354 -3.8129 0
879 -3.8148 0
535 -3.8292 0
1529 -3.8296 0
1947 -3.8305 0
331 -3.8327 0
1010 -3.8397 0
1378 -3.8405 0
1274 -3.8442 0
1631 -3.8468 0
630 -3.8473 0
781 -3.8543 0
1120 -3.8551 0
1255 -3.8563 0
422 -3.8617 0
508 -3.8698 0
1367 -3.8783 0
1171 -3.8794 0
1481 -3.8828 0
1259 -3.8863 0
672 -3.9004 0
1465 -3.9006 0
771 -3.9014 0
1436 -3.9126 0
669 -3.9135 0
923 -3.9162 0
1559 -3.9195 0
1617 -3.9233 0
835 -3.9264 0
855 -3.9275 0
381 -3.9331 0
1038 -3.9366 0
772 -3.9469 0
509 -3.9598 0
1467 -3.9639 0
345 -3.9654 0
1375 -3.9679 0
1531 -3.9725 0
309 -3.9745 0
1396 -3.9852 0
1658 -3.9900 0
1610 -3.9906 0
917 -3.9954 0
320 -3.9993 0
1680 -3.9997 0
8 -4.0001 0
1275 -4.0015 0
685 -4.0049 0
1587 -4.0117 0
1690 -4.0121 0
1766 -4.0157 0
1694 -4.0169 0
1403 -4.0205 0
1939 -4.0236 0
1696 -4.0261 0
1648 -4.0261 0
543 -4.0338 0
324 -4.0350 0
768 -4.0364 0
992 -4.0405 0
1324 -4.0417 0
1441 -4.0478 0
467 -4.0493 0
336 -4.0552 0
24 -4.0582 0
1626 -4.0594 0
905 -4.0664 0
1948 -4.0665 0
390 -4.0669 0
1609 -4.0765 0
1695 -4.0797 0
662 -4.0815 0
1252 -4.0858 0
982 -4.0912 0
537 -4.0979 0
1388 -4.1051 0
1345 -4.1066 0
933 -4.1163 0
957 -4.1247 0
679 -4.1287 0
1294 -4.1363 0
1083 -4.1461 0
413 -4.1560 0
1283 -4.1668 0
1384 -4.1735 0
1079 -4.1761 0
1616 -4.1800 0
565 -4.1826 0
1260 -4.1840 0
908 -4.1909 0
1421 -4.1955 0
1240 -4.1964 0
1224 -4.1995 0
1644 -4.2024 0
471 -4.2103 0
1249 -4.2264 0
1678 -4.2299 0
867 -4.2406 0
1370 -4.2413 0
1136 -4.2479 0
1365 -4.2548 0
1605 -4.2588 0
900 -4.2715 0
1372 -4.2767 0
343 -4.2798 0
1068 -4.2879 0
1262 -4.2978 0
1656 -4.3033 0
946 -4.3115 0
1134 -4.3162 0
1081 -4.3233 0
799 -4.3342 0
500 -4.3413 0
1419 -4.3519 0
1478 -4.3569 0
663 -4.3586 0
1796 -4.3661 0
684 -4.3819 0
1236 -4.3846 0
1057 -4.3855 0
1317 -4.3895 0
1253 -4.3947 0
1685 -4.4015 0
1080 -4.4068 0
1363 -4.4148 0
674 -4.4183 0
869 -4.4208 0
1409 -4.4374 0
1368 -4.4419 0
1418 -4.4494 0
1269 -4.4516 0
689 -4.4545 0
329 -4.4579 0
1084 -4.4609 0
1604 -4.4706 0
1366 -4.4730 0
410 -4.4741 0
666 -4.4748 0
786 -4.4822 0
1401 -4.4824 0
874 -4.4831 0
363 -4.4840 0
1636 -4.4906 0
1493 -4.4978 0
1497 -4.4978 0
318 -4.5118 0
901 -4.5128 0
1692 -4.5151 0
1327 -4.5206 0
731 -4.5211 0
1348 -4.5239 0
1611 -4.5334 0
1458 -4.5345 0
1340 -4.5365 0
497 -4.5528 0
1073 -4.5533 0
1059 -4.5536 0
1202 -4.5618 0
1291 -4.5690 0
1355 -4.5727 0
1250 -4.5808 0
519 -4.5813 0
328 -4.5820 0
1407 -4.5846 0
1425 -4.5851 0
1414 -4.5880 0
1688 -4.5944 0
315 -4.5950 0
1437 -4.6061 0
1521 -4.6116 0
1455 -4.6147 0
1243 -4.6174 0
1402 -4.6185 0
950 -4.6187 0
1204 -4.6283 0
1122 -4.6341 0
902 -4.6354 0
803 -4.6412 0
1002 -4.6429 0
341 -4.6488 0
911 -4.6510 0
1047 -4.6511 0
925 -4.6520 0
1282 -4.6562 0
1498 -4.6566 0
1485 -4.6633 0
524 -4.6723 0
1382 -4.6795 0
1095 -4.6799 0
1473 -4.6959 0
1373 -4.6963 0
690 -4.6969 0
1270 -4.7065 0
903 -4.7077 0
949 -4.7171 0
1207 -4.7315 0
360 -4.7392 0
492 -4.7598 0
1668 -4.7622 0
30 -4.7784 0
1272 -4.7831 0
338 -4.7937 0
1039 -4.7976 0
428 -4.7995 0
476 -4.8044 0
346 -4.8136 0
1376 -4.8204 0
782 -4.8249 0
857 -4.8425 0
303 -4.8465 0
1428 -4.8498 0
1511 -4.8623 0
463 -4.8680 0
340 -4.8685 0
427 -4.8717 0
1461 -4.8718 0
1264 -4.8728 0
1615 -4.8754 0
477 -4.8779 0
676 -4.8955 0
434 -4.8963 0
1071 -4.9004 0
1347 -4.9182 0
1076 -4.9220 0
846 -4.9246 0
440 -4.9299 0
1237 -4.9359 0
1937 -4.9365 0
1751 -4.9369 0
469 -4.9374 0
914 -4.9382 0
1635 -4.9388 0
1469 -4.9483 0
796 -4.9595 0
1691 -4.9726 0
854 -4.9751 0
753 -4.9759 0
1597 -4.9810 0
785 -4.9914 0
696 -5.0005 0
364 -5.0127 0
518 -5.0246 0
1041 -5.0258 0
1681 -5.0313 0
1061 -5.0443 0
1442 -5.0582 0
1072 -5.0832 0
994 -5.0835 0
414 -5.0847 0
834 -5.0933 0
1413 -5.1026 0
1576 -5.1059 0
1118 -5.1238 0
1288 -5.1253 0
1279 -5.1258 0
1480 -5.1278 0
866 -5.1285 0
1444 -5.1328 0
373 -5.1444 0
1647 -5.1639 0
1060 -5.1640 0
790 -5.1691 0
1693 -5.1723 0
907 -5.1751 0
441 -5.1789 0
1495 -5.1817 0
763 -5.1932 0
402 -5.2249 0
1499 -5.2436 0
871 -5.2451 0
459 -5.2946 0
1602 -5.3098 0
1028 -5.3101 0
1417 -5.3198 0
1547 -5.3269 0
808 -5.3298 0
1299 -5.3418 0
1062 -5.3474 0
549 -5.3504 0
1449 -5.3616 0
475 -5.3658 0
317 -5.3681 0
655 -5.3831 0
758 -5.4092 0
1350 -5.4201 0
893 -5.4261 0
1011 -5.4641 0
1410 -5.4666 0
502 -5.4761 0
1265 -5.4800 0
1242 -5.4804 0
470 -5.5012 0
1225 -5.5154 0
1607 -5.5324 0
754 -5.5341 0
400 -5.5405 0
416 -5.5474 0
1588 -5.5499 0
408 -5.5530 0
1127 -5.5758 0
560 -5.6042 0
1476 -5.6248 0
1055 -5.6271 0
1098 -5.6297 0
664 -5.6328 0
750 -5.6336 0
1450 -5.6413 0
1287 -5.6414 0
1147 -5.6546 0
1297 -5.6658 0
482 -5.6831 0
546 -5.6856 0
975 -5.6861 0
1504 -5.7261 0
487 -5.7381 0
1296 -5.7445 0
1643 -5.7484 0
865 -5.7496 0
1638 -5.7584 0
761 -5.7633 0
1227 -5.7658 0
1209 -5.7834 0
881 -5.7924 0
426 -5.8054 0
1494 -5.8176 0
1443 -5.8357 0
1318 -5.8573 0
656 -5.8652 0
510 -5.8718 0
788 -5.8786 0
1655 -5.8792 0
311 -5.8803 0
316 -5.8921 0
665 -5.8952 0
936 -5.9137 0
1736 -5.9578 0
1423 -5.9780 0
942 -5.9838 0
1676 -6.0175 0
553 -6.0239 0
326 -6.0302 0
464 -6.0600 0
1415 -6.0944 0
348 -6.1303 0
302 -6.1304 0
1475 -6.1365 0
658 -6.1382 0
1238 -6.1518 0
1671 -6.1612 0
1019 -6.1751 0
1584 -6.2717 0
1284 -6.2784 0
694 -6.2786 0
1337 -6.3499 0
798 -6.3558 0
418 -6.3651 0
478 -6.3903 0
1099 -6.3954 0
791 -6.4361 0
241 -6.4820 0
1268 -6.4844 0
353 -6.4922 0
1212 -6.5122 0
677 -6.5687 0
1256 -6.6403 0
1482 -6.7131 0
1201 -6.7379 0
322 -6.7554 0
1686 -6.7716 0
762 -6.7757 0
1448 -6.7831 0
1285 -6.7919 0
1612 -6.8378 0
327 -6.8523 0
1261 -6.9331 0
1662 -7.0857 0
1233 -7.0951 0
904 -7.1361 0
1258 -7.2795 0
1271 -7.2886 0
300 -7.3198 0
670 -7.3220 0
1333 -7.4635 0
325 -7.4937 0
1089 -7.5581 0
377 -7.7172 0
361 -7.7597 0
1344 -7.8815 0
1293 -8.0381 0
1689 -8.1705 0
944 -8.2933 0
910 -8.3021 0
954 -8.4977 0
940 -8.5920 0
697 -8.6065 0
1007 -9.1250 0
301 -9.3192 0
1251 -9.8094 0
1009 -10.6705 0
