322 35.0100 1
325 33.6508 1
326 24.6987 1
301 21.9947 1
315 21.1049 1
329 20.4223 1
303 19.4773 1
318 18.5394 1
317 18.2570 1
321 17.2485 1
302 16.8759 1
310 16.5341 1
340 16.2776 1
319 15.5165 1
316 15.1318 1
510 14.8909 0
1302 14.4732 0
300 14.3961 1
324 14.1984 1
327 13.8750 1
336 13.6995 1
343 13.3901 1
332 12.2514 1
1305 11.6795 0
344 11.3000 1
890 11.2319 0
323 11.1130 1
312 11.0125 1
348 10.6874 1
1344 10.4616 0
827 10.3292 0
507 10.2081 0
311 10.1691 1
477 10.0673 0
341 9.9866 1
1384 9.7925 0
345 9.4015 1
335 9.3245 1
691 9.3170 0
320 9.0721 1
328 9.0460 1
1161 8.9523 0
863 8.8291 0
677 8.5046 0
349 8.2688 1
533 8.0793 0
1303 7.9702 0
1104 7.9514 0
1111 7.8562 0
1387 7.8162 0
1317 7.7906 0
307 7.7006 1
903 7.3867 0
549 7.3752 0
1612 7.3654 0
1246 7.2976 0
1340 7.0890 0
330 7.0619 1
1249 7.0456 0
1186 6.9419 0
305 6.9381 1
313 6.9198 1
604 6.8774 0
771 6.7885 0
501 6.7805 0
1400 6.7496 0
798 6.7384 0
1683 6.7166 0
1147 6.6852 0
1124 6.6810 0
1132 6.6290 0
791 6.5468 0
1131 6.5006 0
1695 6.4631 0
672 6.4613 0
337 6.3969 1
954 6.3949 0
308 6.3647 1
1101 6.1923 0
502 6.1861 0
489 6.1342 0
1137 6.0805 0
1171 6.0712 0
1500 6.0065 0
1347 6.0010 0
834 5.9357 0
697 5.9237 0
544 5.9063 0
361 5.8180 0
616 5.7881 0
1368 5.7432 0
788 5.6896 0
630 5.6748 0
1134 5.6733 0
803 5.6596 0
1333 5.6514 0
1444 5.6385 0
1321 5.6036 0
750 5.5826 0
1324 5.5532 0
1146 5.5365 0
331 5.5307 1
1395 5.5301 0
684 5.4832 0
799 5.4665 0
1122 5.4649 0
460 5.4470 0
1767 5.4252 0
505 5.3910 0
1308 5.3339 0
1315 5.3165 0
479 5.2891 0
1468 5.2305 0
48 5.1958 0
883 5.1673 0
514 5.1043 0
338 5.0683 1
487 5.0585 0
1365 5.0543 0
879 5.0528 0
853 5.0293 0
536 4.9990 0
1676 4.9753 0
1100 4.9631 0
1354 4.9534 0
868 4.9438 0
473 4.9318 0
872 4.9136 0
876 4.8898 0
1334 4.8551 0
546 4.8532 0
889 4.8492 0
1439 4.8416 0
1262 4.8415 0
1670 4.8167 0
1461 4.7842 0
453 4.7578 0
650 4.7535 0
1358 4.6943 0
1138 4.6742 0
523 4.6650 0
1323 4.6433 0
422 4.6380 0
652 4.5837 0
1136 4.5603 0
985 4.5381 0
1290 4.5308 0
637 4.5252 0
1320 4.5236 0
1336 4.5045 0
1675 4.4671 0
235 4.4195 0
346 4.4059 1
1304 4.3885 0
373 4.3885 0
670 4.3674 0
173 4.3573 0
951 4.3347 0
306 4.3343 1
1060 4.3294 0
789 4.3124 0
1180 4.2877 0
347 4.2758 1
488 4.2423 0
885 4.2354 0
955 4.2321 0
1038 4.1822 0
1015 4.1746 0
224 4.1630 0
1244 4.1376 0
1119 4.1237 0
1664 4.1157 0
334 4.1150 1
492 4.1073 0
1575 4.0703 0
767 4.0609 0
1039 4.0395 0
279 4.0374 0
524 4.0327 0
624 4.0157 0
241 3.9843 0
530 3.9342 0
1660 3.9269 0
796 3.8617 0
1432 3.8484 0
1075 3.8469 0
1687 3.8337 0
1309 3.8296 0
1024 3.8278 0
1380 3.8236 0
314 3.8084 1
891 3.7979 0
1361 3.7941 0
864 3.7875 0
846 3.7874 0
1369 3.7468 0
1375 3.7356 0
1789 3.7262 0
647 3.7242 0
1888 3.7230 0
3 3.7121 0
851 3.7098 0
1992 3.7024 0
1407 3.6972 0
1118 3.6918 0
877 3.6688 0
1135 3.6549 0
768 3.6359 0
174 3.6338 0
1263 3.6283 0
763 3.5930 0
1673 3.5922 0
1352 3.5634 0
2 3.5495 0
1140 3.5384 0
490 3.5016 0
1109 3.4920 0
1364 3.4850 0
1610 3.4784 0
542 3.4621 0
526 3.4484 0
1738 3.4413 0
674 3.4305 0
465 3.4223 0
1127 3.4172 0
1433 3.3688 0
1411 3.3572 0
339 3.3570 1
495 3.3525 0
1318 3.3027 0
574 3.2859 0
611 3.2829 0
166 3.2686 0
1905 3.2515 0
1424 3.2470 0
649 3.2462 0
878 3.2392 0
1113 3.2202 0
617 3.2179 0
1034 3.2080 0
1975 3.2044 0
1691 3.2038 0
486 3.2034 0
1062 3.2026 0
1524 3.2012 0
53 3.1970 0
1776 3.1963 0
475 3.1765 0
1991 3.1759 0
191 3.1489 0
1115 3.1436 0
695 3.1230 0
926 3.1174 0
1173 3.1016 0
910 3.0986 0
381 3.0926 0
430 3.0915 0
35 3.0854 0
32 3.0796 0
1392 3.0613 0
840 3.0599 0
669 3.0539 0
1330 3.0490 0
1221 3.0417 0
515 3.0416 0
1028 3.0350 0
1049 3.0297 0
618 3.0050 0
655 3.0033 0
884 2.9874 0
1501 2.9819 0
1178 2.9706 0
874 2.9674 0
1282 2.9610 0
1441 2.9608 0
1149 2.9420 0
690 2.9408 0
1418 2.9325 0
1089 2.9155 0
531 2.9146 0
1256 2.8922 0
761 2.8785 0
1899 2.8511 0
1126 2.8481 0
1644 2.8141 0
1225 2.8116 0
1689 2.8080 0
722 2.8059 0
856 2.8056 0
1240 2.7933 0
513 2.7925 0
629 2.7914 0
781 2.7827 0
1615 2.7825 0
1145 2.7758 0
1796 2.7728 0
289 2.7522 0
870 2.7390 0
150 2.7087 0
342 2.7059 1
1685 2.6950 0
1657 2.6866 0
1270 2.6864 0
1162 2.6847 0
1174 2.6728 0
1646 2.6719 0
1125 2.6591 0
476 2.6466 0
214 2.6359 0
1222 2.6325 0
894 2.6292 0
1351 2.6178 0
1434 2.6101 0
689 2.6098 0
1332 2.5857 0
1116 2.5847 0
1475 2.5814 0
765 2.5804 0
1120 2.5764 0
543 2.5759 0
1297 2.5757 0
858 2.5744 0
1105 2.5614 0
867 2.5572 0
1160 2.5518 0
1130 2.5476 0
1690 2.5378 0
1385 2.5320 0
1061 2.5250 0
880 2.5233 0
1108 2.5138 0
609 2.5091 0
1605 2.4954 0
426 2.4948 0
735 2.4927 0
233 2.4900 0
467 2.4882 0
1316 2.4851 0
333 2.4823 1
1741 2.4735 0
1194 2.4697 0
757 2.4562 0
1343 2.4529 0
520 2.4452 0
1078 2.4405 0
452 2.4321 0
253 2.4167 0
1349 2.4090 0
496 2.4075 0
454 2.4009 0
1085 2.3965 0
1345 2.3908 0
1301 2.3881 0
972 2.3827 0
1188 2.3665 0
829 2.3657 0
540 2.3602 0
581 2.3449 0
887 2.3326 0
1029 2.3263 0
504 2.3202 0
472 2.3079 0
783 2.3079 0
109 2.2904 0
1259 2.2896 0
1771 2.2801 0
658 2.2487 0
449 2.2483 0
67 2.2354 0
1235 2.2328 0
408 2.2291 0
1360 2.2278 0
1296 2.2257 0
228 2.2214 0
390 2.2129 0
1588 2.2090 0
764 2.2014 0
1184 2.2001 0
1405 2.1808 0
1190 2.1718 0
1554 2.1690 0
1707 2.1681 0
659 2.1637 0
251 2.1482 0
678 2.1244 0
1128 2.1193 0
1710 2.1180 0
1210 2.1059 0
181 2.1051 0
852 2.0886 0
1764 2.0885 0
1903 2.0776 0
1068 2.0667 0
1307 2.0622 0
1401 2.0613 0
1285 2.0575 0
797 2.0479 0
1048 2.0146 0
1940 2.0020 0
469 1.9956 0
1404 1.9831 0
431 1.9826 0
1876 1.9734 0
628 1.9723 0
512 1.9546 0
1904 1.9542 0
787 1.9501 0
923 1.9402 0
1014 1.9390 0
1870 1.9377 0
1093 1.9234 0
1388 1.9170 0
1112 1.9115 0
770 1.9106 0
156 1.9032 0
1697 1.9028 0
1163 1.8991 0
1319 1.8959 0
1602 1.8939 0
480 1.8935 0
886 1.8893 0
1377 1.8783 0
1248 1.8751 0
1651 1.8557 0
639 1.8554 0
1314 1.8489 0
758 1.8350 0
518 1.8178 0
552 1.7999 0
1033 1.7989 0
694 1.7945 0
353 1.7872 0
1214 1.7784 0
1736 1.7736 0
1770 1.7641 0
113 1.7429 0
1760 1.7206 0
1064 1.7193 0
855 1.7185 0
1057 1.7129 0
441 1.7081 0
627 1.6831 0
1012 1.6774 0
1854 1.6758 0
1229 1.6757 0
278 1.6746 0
304 1.6675 1
1655 1.6604 0
40 1.6600 0
1036 1.6597 0
484 1.6230 0
1967 1.6159 0
1169 1.6156 0
1419 1.6154 0
193 1.6154 0
1003 1.6127 0
607 1.6113 0
806 1.5979 0
988 1.5929 0
1790 1.5822 0
861 1.5817 0
815 1.5783 0
662 1.5759 0
1000 1.5630 0
199 1.5583 0
456 1.5573 0
1488 1.5523 0
493 1.5508 0
6 1.5504 0
584 1.5439 0
1215 1.5410 0
642 1.5366 0
589 1.5251 0
535 1.5236 0
1193 1.5215 0
1412 1.5185 0
1654 1.5169 0
873 1.5031 0
1328 1.4963 0
1693 1.4897 0
1026 1.4781 0
1431 1.4718 0
1389 1.4682 0
163 1.4667 0
153 1.4619 0
1604 1.4572 0
1391 1.4569 0
1153 1.4568 0
854 1.4564 0
1020 1.4559 0
1322 1.4536 0
882 1.4511 0
1871 1.4505 0
766 1.4464 0
621 1.4242 0
828 1.4218 0
1715 1.4165 0
1684 1.4055 0
725 1.4051 0
754 1.4049 0
1677 1.4019 0
1280 1.3953 0
1143 1.3926 0
1172 1.3875 0
369 1.3855 0
443 1.3816 0
956 1.3811 0
1072 1.3788 0
1438 1.3781 0
152 1.3772 0
1275 1.3729 0
1462 1.3687 0
517 1.3589 0
1142 1.3546 0
968 1.3522 0
1968 1.3491 0
106 1.3364 0
309 1.3339 1
1276 1.3214 0
159 1.3138 0
668 1.3066 0
994 1.3024 0
1141 1.2980 0
1129 1.2961 0
578 1.2900 0
826 1.2891 0
1179 1.2845 0
732 1.2774 0
881 1.2768 0
1281 1.2735 0
782 1.2697 0
1449 1.2646 0
1230 1.2611 0
478 1.2610 0
292 1.2538 0
893 1.2528 0
1661 1.2518 0
824 1.2503 0
866 1.2460 0
859 1.2234 0
240 1.1875 0
1585 1.1873 0
414 1.1793 0
1908 1.1770 0
586 1.1703 0
522 1.1623 0
776 1.1620 0
1648 1.1608 0
1264 1.1517 0
1114 1.1442 0
202 1.1300 0
385 1.1251 0
1409 1.1248 0
1659 1.1216 0
112 1.1199 0
1642 1.1176 0
1359 1.1151 0
814 1.1150 0
930 1.1078 0
1311 1.1036 0
1216 1.0988 0
966 1.0974 0
1413 1.0903 0
1410 1.0870 0
1154 1.0802 0
1890 1.0780 0
1019 1.0770 0
841 1.0746 0
1257 1.0665 0
282 1.0655 0
1094 1.0534 0
1067 1.0497 0
243 1.0489 0
461 1.0437 0
1223 1.0357 0
1459 1.0312 0
1606 1.0310 0
225 1.0309 0
1428 1.0306 0
944 1.0302 0
1440 1.0203 0
915 1.0194 0
1688 1.0171 0
506 1.0164 0
1312 1.0138 0
1445 1.0114 0
234 1.0025 0
195 1.0001 0
1266 0.9998 0
1091 0.9952 0
1231 0.9939 0
1337 0.9918 0
752 0.9909 0
1238 0.9909 0
933 0.9903 0
1241 0.9857 0
192 0.9807 0
1781 0.9703 0
178 0.9692 0
511 0.9679 0
1665 0.9571 0
1753 0.9517 0
1191 0.9497 0
1632 0.9493 0
1117 0.9477 0
907 0.9417 0
835 0.9363 0
1200 0.9361 0
1935 0.9341 0
1603 0.9286 0
1909 0.9267 0
1170 0.9212 0
1306 0.9198 0
648 0.9187 0
1242 0.9139 0
123 0.9091 0
547 0.9079 0
1370 0.9048 0
262 0.9020 0
1768 0.8987 0
1065 0.8856 0
1937 0.8824 0
1044 0.8737 0
709 0.8499 0
525 0.8498 0
1300 0.8498 0
245 0.8491 0
1016 0.8422 0
1346 0.8363 0
429 0.8356 0
1643 0.8330 0
491 0.8313 0
1694 0.8274 0
601 0.8269 0
999 0.8252 0
831 0.8124 0
748 0.8113 0
541 0.8085 0
1076 0.8039 0
1721 0.8029 0
1711 0.8027 0
1087 0.7993 0
1106 0.7968 0
145 0.7926 0
1224 0.7919 0
1498 0.7795 0
812 0.7775 0
1123 0.7775 0
562 0.7766 0
1383 0.7743 0
603 0.7741 0
1245 0.7655 0
36 0.7579 0
1195 0.7556 0
608 0.7515 0
1234 0.7509 0
1719 0.7442 0
1631 0.7406 0
1379 0.7331 0
1310 0.7306 0
729 0.7285 0
1791 0.6983 0
221 0.6972 0
43 0.6965 0
675 0.6950 0
905 0.6867 0
1217 0.6839 0
1090 0.6766 0
869 0.6706 0
1799 0.6595 0
176 0.6554 0
1728 0.6513 0
1564 0.6471 0
545 0.6365 0
651 0.6343 0
1627 0.6340 0
1971 0.6327 0
1580 0.6324 0
1043 0.6311 0
97 0.6297 0
693 0.6291 0
979 0.6283 0
1071 0.6246 0
1437 0.6242 0
1150 0.6226 0
1007 0.6141 0
1355 0.6124 0
808 0.5914 0
733 0.5850 0
500 0.5847 0
1507 0.5839 0
619 0.5810 0
682 0.5768 0
705 0.5689 0
1374 0.5660 0
849 0.5582 0
1470 0.5467 0
537 0.5438 0
667 0.5414 0
23 0.5412 0
534 0.5393 0
1399 0.5368 0
100 0.5356 0
366 0.5323 0
1373 0.5298 0
895 0.5297 0
580 0.5287 0
1201 0.5280 0
1574 0.5161 0
236 0.5123 0
416 0.5116 0
1786 0.5100 0
65 0.5072 0
977 0.5050 0
127 0.4974 0
566 0.4940 0
1682 0.4907 0
653 0.4874 0
175 0.4715 0
1058 0.4711 0
760 0.4651 0
730 0.4629 0
63 0.4614 0
945 0.4613 0
1236 0.4566 0
1638 0.4564 0
1963 0.4537 0
1357 0.4466 0
790 0.4403 0
614 0.4391 0
1555 0.4317 0
38 0.4317 0
875 0.4267 0
1712 0.4218 0
1973 0.4190 0
631 0.4178 0
1794 0.4166 0
1745 0.4141 0
698 0.4118 0
1429 0.4116 0
1839 0.4112 0
391 0.4108 0
1203 0.4063 0
811 0.4059 0
862 0.4044 0
158 0.3986 0
162 0.3976 0
457 0.3962 0
1505 0.3943 0
588 0.3771 0
1197 0.3765 0
602 0.3739 0
200 0.3735 0
1394 0.3669 0
1614 0.3615 0
892 0.3612 0
900 0.3570 0
738 0.3526 0
1674 0.3522 0
1717 0.3493 0
1716 0.3479 0
636 0.3479 0
1739 0.3470 0
794 0.3470 0
45 0.3459 0
1483 0.3408 0
817 0.3387 0
368 0.3317 0
1121 0.3286 0
1239 0.3260 0
909 0.3258 0
593 0.3164 0
350 0.3122 0
728 0.3044 0
801 0.2958 0
1092 0.2943 0
516 0.2910 0
481 0.2852 0
50 0.2850 0
1686 0.2839 0
1185 0.2836 0
1452 0.2783 0
1970 0.2744 0
197 0.2741 0
1183 0.2739 0
822 0.2723 0
538 0.2721 0
165 0.2720 0
1398 0.2719 0
740 0.2687 0
1181 0.2663 0
1182 0.2651 0
1167 0.2575 0
1047 0.2570 0
984 0.2554 0
638 0.2528 0
1382 0.2463 0
265 0.2352 0
374 0.2347 0
897 0.2331 0
1417 0.2331 0
696 0.2277 0
1696 0.2226 0
1363 0.2148 0
1338 0.2135 0
1133 0.2131 0
1415 0.2120 0
468 0.2067 0
1288 0.2062 0
1955 0.2055 0
953 0.1969 0
898 0.1944 0
928 0.1874 0
1050 0.1856 0
573 0.1831 0
1348 0.1740 0
774 0.1660 0
1951 0.1650 0
772 0.1615 0
819 0.1536 0
970 0.1471 0
1342 0.1444 0
641 0.1383 0
1286 0.1375 0
1947 0.1154 0
76 0.1144 0
1386 0.1075 0
701 0.1065 0
1860 0.1058 0
896 0.1028 0
664 0.1009 0
904 0.0996 0
532 0.0956 0
1668 0.0949 0
1845 0.0931 0
1025 0.0803 0
1070 0.0792 0
1708 0.0790 0
378 0.0771 0
1757 0.0739 0
521 0.0678 0
727 0.0636 0
666 0.0627 0
198 0.0601 0
17 0.0601 0
1063 0.0600 0
172 0.0540 0
600 0.0533 0
1356 0.0489 0
170 0.0484 0
1366 0.0444 0
1892 0.0390 0
187 0.0384 0
1519 0.0327 0
1099 0.0324 0
87 0.0295 0
1103 0.0180 0
403 0.0179 0
1139 0.0179 0
445 0.0177 0
818 0.0142 0
528 0.0137 0
993 0.0102 0
1279 0.0094 0
539 0.0040 0
922 0.0025 0
1516 0.0024 0
244 -0.0004 0
376 -0.0007 0
950 -0.0030 0
989 -0.0082 0
1652 -0.0104 0
1917 -0.0112 0
1557 -0.0144 0
161 -0.0205 0
679 -0.0309 0
207 -0.0391 0
713 -0.0415 0
142 -0.0433 0
681 -0.0478 0
1490 -0.0483 0
1283 -0.0489 0
633 -0.0520 0
219 -0.0547 0
208 -0.0565 0
1341 -0.0576 0
280 -0.0577 0
1474 -0.0606 0
1919 -0.0611 0
1443 -0.0694 0
1442 -0.0699 0
1921 -0.0699 0
31 -0.0845 0
1032 -0.0855 0
284 -0.0890 0
154 -0.0960 0
656 -0.0976 0
1209 -0.0985 0
1327 -0.1003 0
1298 -0.1033 0
1164 -0.1059 0
463 -0.1094 0
1202 -0.1187 0
1653 -0.1190 0
830 -0.1205 0
1095 -0.1212 0
1156 -0.1218 0
269 -0.1222 0
499 -0.1255 0
1658 -0.1278 0
1906 -0.1330 0
146 -0.1343 0
1737 -0.1375 0
1734 -0.1389 0
1663 -0.1402 0
1941 -0.1414 0
1247 -0.1459 0
1107 -0.1508 0
640 -0.1528 0
755 -0.1557 0
961 -0.1592 0
1372 -0.1597 0
1726 -0.1604 0
425 -0.1616 0
1206 -0.1653 0
25 -0.1704 0
582 -0.1706 0
1218 -0.1827 0
1148 -0.1859 0
559 -0.1884 0
359 -0.1893 0
212 -0.1898 0
1617 -0.1944 0
1393 -0.1947 0
1097 -0.2008 0
1207 -0.2036 0
825 -0.2099 0
274 -0.2192 0
703 -0.2200 0
249 -0.2220 0
917 -0.2225 0
810 -0.2326 0
998 -0.2341 0
1313 -0.2349 0
634 -0.2363 0
1600 -0.2370 0
995 -0.2401 0
1669 -0.2411 0
832 -0.2428 0
1623 -0.2450 0
708 -0.2452 0
1907 -0.2453 0
570 -0.2453 0
579 -0.2468 0
992 -0.2475 0
1458 -0.2477 0
1367 -0.2491 0
1667 -0.2511 0
1758 -0.2584 0
1066 -0.2621 0
1964 -0.2706 0
845 -0.2709 0
189 -0.2748 0
203 -0.2752 0
1466 -0.2860 0
553 -0.2994 0
1561 -0.3025 0
1883 -0.3053 0
1881 -0.3068 0
1913 -0.3077 0
459 -0.3143 0
1406 -0.3143 0
1295 -0.3214 0
137 -0.3287 0
1269 -0.3288 0
1607 -0.3295 0
963 -0.3306 0
1542 -0.3320 0
59 -0.3337 0
1521 -0.3438 0
1787 -0.3501 0
1054 -0.3542 0
1376 -0.3554 0
1212 -0.3584 0
1175 -0.3607 0
1988 -0.3630 0
1912 -0.3744 0
1528 -0.3919 0
56 -0.3945 0
15 -0.3947 0
1381 -0.3998 0
1826 -0.4000 0
850 -0.4022 0
1930 -0.4100 0
1957 -0.4180 0
1476 -0.4216 0
1168 -0.4305 0
126 -0.4337 0
151 -0.4344 0
450 -0.4407 0
1472 -0.4408 0
1649 -0.4411 0
842 -0.4422 0
118 -0.4452 0
780 -0.4479 0
462 -0.4541 0
1502 -0.4544 0
1869 -0.4614 0
973 -0.4636 0
800 -0.4658 0
1933 -0.4856 0
1011 -0.4861 0
182 -0.4916 0
1017 -0.4916 0
364 -0.4945 0
1165 -0.4979 0
1959 -0.5034 0
587 -0.5036 0
1084 -0.5116 0
1779 -0.5117 0
281 -0.5148 0
605 -0.5197 0
398 -0.5205 0
1656 -0.5211 0
1628 -0.5213 0
247 -0.5218 0
1565 -0.5254 0
785 -0.5285 0
1485 -0.5309 0
268 -0.5330 0
1996 -0.5333 0
857 -0.5367 0
704 -0.5393 0
991 -0.5449 0
1040 -0.5521 0
931 -0.5582 0
1082 -0.5595 0
906 -0.5596 0
967 -0.5597 0
1874 -0.5661 0
1219 -0.5662 0
379 -0.5675 0
1055 -0.5689 0
103 -0.5724 0
1778 -0.5725 0
792 -0.5750 0
1491 -0.5750 0
271 -0.5755 0
1037 -0.5798 0
215 -0.5820 0
1243 -0.5859 0
848 -0.5867 0
190 -0.5893 0
527 -0.5904 0
1204 -0.5951 0
248 -0.5959 0
986 -0.5964 0
958 -0.5965 0
1378 -0.5992 0
1956 -0.6027 0
37 -0.6063 0
1088 -0.6078 0
1587 -0.6111 0
415 -0.6117 0
943 -0.6141 0
1756 -0.6148 0
400 -0.6226 0
267 -0.6244 0
1448 -0.6254 0
599 -0.6266 0
942 -0.6274 0
1851 -0.6279 0
470 -0.6357 0
519 -0.6362 0
718 -0.6413 0
222 -0.6476 0
1549 -0.6479 0
55 -0.6518 0
428 -0.6534 0
1976 -0.6616 0
33 -0.6617 0
1777 -0.6672 0
1512 -0.6702 0
79 -0.6729 0
871 -0.6733 0
395 -0.6745 0
1102 -0.6746 0
1518 -0.6860 0
1031 -0.6877 0
1679 -0.6878 0
971 -0.6889 0
706 -0.6914 0
252 -0.6923 0
1291 -0.6949 0
1972 -0.7067 0
982 -0.7080 0
1942 -0.7105 0
836 -0.7110 0
1985 -0.7122 0
1396 -0.7140 0
1601 -0.7180 0
561 -0.7251 0
1650 -0.7259 0
1069 -0.7312 0
1390 -0.7466 0
1720 -0.7481 0
661 -0.7492 0
1807 -0.7533 0
556 -0.7537 0
1570 -0.7543 0
1254 -0.7567 0
371 -0.7599 0
1545 -0.7610 0
731 -0.7635 0
1009 -0.7651 0
1633 -0.7672 0
1882 -0.7684 0
1630 -0.7685 0
1875 -0.7702 0
688 -0.7726 0
1858 -0.7728 0
1144 -0.7733 0
124 -0.7741 0
140 -0.7790 0
665 -0.7858 0
1550 -0.7864 0
1237 -0.7885 0
1841 -0.7915 0
1086 -0.7995 0
925 -0.8019 0
51 -0.8023 0
550 -0.8046 0
419 -0.8047 0
242 -0.8057 0
1862 -0.8083 0
1759 -0.8147 0
1408 -0.8366 0
773 -0.8367 0
508 -0.8373 0
712 -0.8389 0
952 -0.8409 0
1010 -0.8457 0
1522 -0.8471 0
978 -0.8521 0
1598 -0.8565 0
1701 -0.8617 0
1952 -0.8670 0
795 -0.8680 0
1961 -0.8746 0
1865 -0.8777 0
1455 -0.8798 0
1478 -0.8864 0
183 -0.8871 0
1634 -0.9053 0
1586 -0.9071 0
107 -0.9114 0
554 -0.9138 0
751 -0.9141 0
83 -0.9144 0
52 -0.9197 0
960 -0.9199 0
1051 -0.9235 0
813 -0.9240 0
393 -0.9254 0
360 -0.9277 0
927 -0.9284 0
680 -0.9347 0
1425 -0.9399 0
1423 -0.9411 0
1979 -0.9427 0
745 -0.9491 0
1335 -0.9515 0
104 -0.9528 0
388 -0.9555 0
1999 -0.9579 0
1255 -0.9582 0
1966 -0.9627 0
671 -0.9641 0
111 -0.9657 0
185 -0.9667 0
839 -0.9696 0
264 -0.9711 0
375 -0.9716 0
957 -0.9743 0
987 -0.9966 0
75 -0.9984 0
807 -1.0001 0
164 -1.0023 0
1980 -1.0041 0
401 -1.0069 0
1705 -1.0132 0
914 -1.0175 0
455 -1.0176 0
687 -1.0205 0
816 -1.0217 0
380 -1.0227 0
1735 -1.0281 0
255 -1.0327 0
1834 -1.0403 0
786 -1.0464 0
1867 -1.0482 0
1529 -1.0497 0
793 -1.0539 0
1864 -1.0543 0
1727 -1.0552 0
1022 -1.0567 0
149 -1.0609 0
213 -1.0622 0
1267 -1.0626 0
186 -1.0630 0
969 -1.0636 0
58 -1.0662 0
1226 -1.0756 0
204 -1.0801 0
646 -1.0821 0
218 -1.0833 0
959 -1.0868 0
778 -1.0898 0
983 -1.0907 0
1233 -1.0915 0
1636 -1.0924 0
49 -1.0936 0
1698 -1.0937 0
483 -1.0944 0
196 -1.1002 0
1176 -1.1003 0
1639 -1.1023 0
451 -1.1131 0
1479 -1.1200 0
1265 -1.1205 0
714 -1.1273 0
427 -1.1302 0
509 -1.1328 0
42 -1.1398 0
1506 -1.1399 0
389 -1.1403 0
1558 -1.1410 0
1548 -1.1418 0
291 -1.1452 0
205 -1.1455 0
1096 -1.1536 0
503 -1.1544 0
1253 -1.1598 0
1021 -1.1664 0
110 -1.1710 0
1447 -1.1724 0
657 -1.1742 0
237 -1.1803 0
590 -1.1840 0
432 -1.1856 0
710 -1.1856 0
564 -1.1861 0
1945 -1.1863 0
246 -1.1876 0
1546 -1.1923 0
1477 -1.1957 0
777 -1.2023 0
1453 -1.2065 0
1006 -1.2127 0
1818 -1.2146 0
1056 -1.2220 0
1709 -1.2297 0
1166 -1.2298 0
1151 -1.2338 0
78 -1.2342 0
1629 -1.2443 0
626 -1.2451 0
762 -1.2482 0
85 -1.2525 0
131 -1.2572 0
298 -1.2600 0
1998 -1.2671 0
1271 -1.2677 0
1073 -1.2741 0
1495 -1.2751 0
95 -1.2770 0
1613 -1.2845 0
529 -1.2870 0
1421 -1.2883 0
1983 -1.2908 0
1426 -1.2943 0
8 -1.2980 0
1925 -1.2984 0
387 -1.3060 0
61 -1.3079 0
383 -1.3089 0
1544 -1.3121 0
1859 -1.3154 0
296 -1.3166 0
1722 -1.3169 0
939 -1.3193 0
167 -1.3212 0
1856 -1.3215 0
1978 -1.3246 0
1551 -1.3272 0
206 -1.3274 0
1436 -1.3360 0
444 -1.3436 0
138 -1.3442 0
84 -1.3507 0
180 -1.3598 0
1750 -1.3631 0
73 -1.3656 0
916 -1.3684 0
223 -1.3723 0
399 -1.3776 0
105 -1.3787 0
595 -1.3832 0
620 -1.3889 0
1397 -1.3898 0
1045 -1.3923 0
948 -1.4003 0
1232 -1.4026 0
179 -1.4053 0
1435 -1.4101 0
402 -1.4103 0
13 -1.4105 0
1427 -1.4115 0
548 -1.4127 0
362 -1.4128 0
1155 -1.4142 0
1680 -1.4164 0
1192 -1.4169 0
567 -1.4225 0
1766 -1.4244 0
277 -1.4252 0
69 -1.4320 0
583 -1.4321 0
458 -1.4323 0
1621 -1.4380 0
372 -1.4438 0
918 -1.4462 0
1793 -1.4481 0
981 -1.4482 0
1749 -1.4579 0
1672 -1.4608 0
93 -1.4620 0
418 -1.4624 0
565 -1.4627 0
1277 -1.4643 0
1110 -1.4705 0
1927 -1.4728 0
1804 -1.4749 0
1293 -1.4751 0
295 -1.4804 0
1946 -1.4837 0
1292 -1.4876 0
68 -1.4879 0
1788 -1.4884 0
1027 -1.4889 0
1042 -1.4921 0
1993 -1.4984 0
155 -1.4989 0
723 -1.5023 0
597 -1.5025 0
1666 -1.5029 0
1609 -1.5029 0
1508 -1.5070 0
1868 -1.5079 0
726 -1.5109 0
1005 -1.5132 0
692 -1.5176 0
168 -1.5198 0
1329 -1.5201 0
1402 -1.5242 0
141 -1.5368 0
802 -1.5382 0
913 -1.5388 0
1986 -1.5391 0
1944 -1.5439 0
125 -1.5549 0
1702 -1.5573 0
94 -1.5618 0
1853 -1.5619 0
1520 -1.5621 0
1954 -1.5685 0
1923 -1.5699 0
585 -1.5708 0
784 -1.5716 0
1590 -1.5726 0
759 -1.5731 0
299 -1.5821 0
439 -1.5830 0
286 -1.5846 0
1592 -1.5877 0
1706 -1.5910 0
551 -1.5959 0
888 -1.6009 0
622 -1.6046 0
1416 -1.6125 0
157 -1.6172 0
996 -1.6202 0
9 -1.6237 0
384 -1.6243 0
720 -1.6265 0
122 -1.6290 0
1608 -1.6348 0
1703 -1.6369 0
471 -1.6373 0
1732 -1.6426 0
1414 -1.6496 0
88 -1.6510 0
1772 -1.6518 0
1469 -1.6534 0
293 -1.6552 0
756 -1.6562 0
1074 -1.6579 0
1252 -1.6622 0
229 -1.6622 0
1982 -1.6626 0
1994 -1.6648 0
1430 -1.6689 0
1597 -1.6711 0
635 -1.6758 0
1080 -1.6767 0
1645 -1.6787 0
1984 -1.6841 0
775 -1.6881 0
997 -1.6890 0
932 -1.6913 0
947 -1.6948 0
1700 -1.6993 0
1924 -1.7016 0
411 -1.7018 0
447 -1.7037 0
1616 -1.7090 0
1494 -1.7165 0
1046 -1.7193 0
1 -1.7224 0
1159 -1.7227 0
1446 -1.7227 0
719 -1.7231 0
358 -1.7255 0
435 -1.7295 0
80 -1.7313 0
1774 -1.7334 0
1059 -1.7368 0
1499 -1.7401 0
644 -1.7433 0
805 -1.7438 0
497 -1.7448 0
976 -1.7487 0
1939 -1.7489 0
474 -1.7507 0
406 -1.7511 0
1471 -1.7559 0
1950 -1.7613 0
4 -1.7653 0
804 -1.7667 0
1936 -1.7708 0
30 -1.7717 0
685 -1.7728 0
143 -1.7772 0
1177 -1.7817 0
1576 -1.7877 0
1857 -1.7932 0
227 -1.7985 0
72 -1.8004 0
663 -1.8012 0
211 -1.8047 0
1914 -1.8059 0
612 -1.8124 0
1489 -1.8150 0
865 -1.8174 0
365 -1.8299 0
1052 -1.8395 0
423 -1.8400 0
209 -1.8403 0
266 -1.8409 0
90 -1.8413 0
965 -1.8451 0
1568 -1.8511 0
92 -1.8519 0
632 -1.8537 0
1773 -1.8651 0
117 -1.8663 0
700 -1.8671 0
1900 -1.8715 0
1948 -1.8786 0
1731 -1.8986 0
615 -1.9024 0
413 -1.9090 0
288 -1.9124 0
273 -1.9136 0
1362 -1.9159 0
1278 -1.9164 0
1671 -1.9188 0
5 -1.9256 0
673 -1.9260 0
809 -1.9477 0
837 -1.9484 0
1635 -1.9500 0
410 -1.9503 0
1001 -1.9523 0
1157 -1.9561 0
1896 -1.9582 0
129 -1.9615 0
1836 -1.9690 0
1492 -1.9697 0
1748 -1.9708 0
1637 -1.9750 0
1641 -1.9791 0
135 -1.9797 0
1294 -1.9805 0
1981 -1.9837 0
20 -1.9850 0
1480 -1.9855 0
924 -1.9856 0
1713 -1.9914 0
1562 -1.9955 0
844 -1.9983 0
485 -1.9997 0
1769 -2.0000 0
1714 -2.0002 0
46 -2.0023 0
285 -2.0036 0
394 -2.0078 0
98 -2.0105 0
396 -2.0146 0
610 -2.0177 0
716 -2.0269 0
1989 -2.0280 0
937 -2.0290 0
1497 -2.0353 0
555 -2.0466 0
1208 -2.0485 0
1953 -2.0507 0
421 -2.0522 0
116 -2.0586 0
820 -2.0636 0
86 -2.0686 0
1958 -2.0724 0
686 -2.0766 0
1211 -2.0814 0
1473 -2.0923 0
1420 -2.0926 0
1838 -2.0989 0
1928 -2.1000 0
351 -2.1013 0
1704 -2.1019 0
847 -2.1019 0
1213 -2.1041 0
741 -2.1046 0
1013 -2.1099 0
744 -2.1109 0
1287 -2.1131 0
12 -2.1154 0
1662 -2.1300 0
257 -2.1312 0
363 -2.1327 0
1765 -2.1330 0
1692 -2.1368 0
290 -2.1458 0
367 -2.1512 0
74 -2.1590 0
71 -2.1690 0
1272 -2.1693 0
356 -2.1772 0
81 -2.1846 0
962 -2.1862 0
250 -2.1877 0
201 -2.1966 0
26 -2.1966 0
1053 -2.1973 0
420 -2.2059 0
1943 -2.2166 0
1450 -2.2181 0
1451 -2.2245 0
132 -2.2267 0
1932 -2.2281 0
908 -2.2375 0
1456 -2.2563 0
1509 -2.2620 0
1484 -2.2637 0
287 -2.2739 0
437 -2.2748 0
260 -2.2792 0
1326 -2.2827 0
1746 -2.2841 0
1220 -2.2855 0
1723 -2.2877 0
417 -2.2896 0
119 -2.2918 0
1353 -2.2953 0
1822 -2.3058 0
1929 -2.3075 0
843 -2.3087 0
606 -2.3147 0
29 -2.3150 0
1995 -2.3160 0
990 -2.3177 0
177 -2.3235 0
769 -2.3252 0
1299 -2.3266 0
1467 -2.3355 0
133 -2.3411 0
1898 -2.3517 0
1284 -2.3520 0
1599 -2.3526 0
1742 -2.3540 0
1743 -2.3546 0
1198 -2.3566 0
1083 -2.3654 0
259 -2.3726 0
139 -2.3743 0
405 -2.3845 0
1718 -2.3870 0
1041 -2.3901 0
1081 -2.3904 0
60 -2.3942 0
1901 -2.3945 0
949 -2.4006 0
563 -2.4009 0
1800 -2.4025 0
194 -2.4037 0
1846 -2.4064 0
1918 -2.4101 0
1997 -2.4103 0
1538 -2.4115 0
676 -2.4130 0
715 -2.4154 0
108 -2.4210 0
448 -2.4213 0
82 -2.4243 0
1228 -2.4260 0
724 -2.4312 0
707 -2.4339 0
1581 -2.4372 0
1724 -2.4377 0
1795 -2.4419 0
860 -2.4444 0
1855 -2.4459 0
16 -2.4538 0
1877 -2.4574 0
1782 -2.4629 0
217 -2.4741 0
263 -2.4752 0
1775 -2.4756 0
1699 -2.4778 0
1729 -2.4783 0
1350 -2.4806 0
1619 -2.4833 0
1187 -2.4856 0
1002 -2.4861 0
438 -2.5110 0
596 -2.5129 0
823 -2.5153 0
1030 -2.5196 0
19 -2.5377 0
1023 -2.5582 0
275 -2.5616 0
753 -2.5621 0
1754 -2.5654 0
1595 -2.5668 0
0 -2.5705 0
238 -2.5768 0
899 -2.5879 0
354 -2.5914 0
1196 -2.5926 0
1481 -2.5954 0
1534 -2.5973 0
1626 -2.5987 0
1573 -2.6001 0
39 -2.6005 0
1681 -2.6045 0
466 -2.6079 0
660 -2.6084 0
1873 -2.6133 0
557 -2.6151 0
1004 -2.6216 0
1879 -2.6300 0
1803 -2.6354 0
654 -2.6379 0
1762 -2.6467 0
24 -2.6567 0
742 -2.6625 0
1812 -2.6637 0
736 -2.6772 0
409 -2.6842 0
625 -2.7013 0
1593 -2.7018 0
1730 -2.7059 0
377 -2.7078 0
1725 -2.7088 0
1747 -2.7088 0
560 -2.7212 0
1578 -2.7219 0
623 -2.7267 0
1403 -2.7340 0
148 -2.7463 0
21 -2.7608 0
1783 -2.7609 0
1751 -2.7622 0
1579 -2.7652 0
1625 -2.7658 0
442 -2.7679 0
1824 -2.7710 0
96 -2.7732 0
47 -2.7744 0
920 -2.7745 0
1763 -2.7752 0
1250 -2.7793 0
382 -2.7795 0
1591 -2.7845 0
464 -2.7865 0
1463 -2.7879 0
1079 -2.7894 0
1594 -2.7951 0
1008 -2.7998 0
1569 -2.8024 0
1813 -2.8032 0
1960 -2.8052 0
749 -2.8068 0
220 -2.8213 0
1893 -2.8358 0
62 -2.8410 0
1802 -2.8440 0
1515 -2.8557 0
144 -2.8603 0
746 -2.8621 0
1077 -2.8651 0
1850 -2.8653 0
210 -2.8719 0
1827 -2.8745 0
1926 -2.8745 0
1457 -2.8786 0
1922 -2.8835 0
498 -2.8875 0
160 -2.8892 0
1199 -2.8965 0
902 -2.8996 0
779 -2.9036 0
1325 -2.9121 0
232 -2.9140 0
1806 -2.9158 0
494 -2.9176 0
256 -2.9191 0
18 -2.9226 0
27 -2.9271 0
1910 -2.9301 0
169 -2.9302 0
1205 -2.9394 0
683 -2.9482 0
1158 -2.9531 0
1780 -2.9553 0
1969 -2.9601 0
1990 -2.9651 0
1733 -2.9687 0
598 -2.9748 0
294 -2.9786 0
1611 -2.9806 0
171 -2.9846 0
1422 -2.9855 0
1460 -2.9964 0
121 -2.9976 0
734 -3.0055 0
1784 -3.0115 0
1189 -3.0118 0
912 -3.0217 0
1889 -3.0232 0
1496 -3.0266 0
101 -3.0283 0
1537 -3.0284 0
1962 -3.0287 0
1987 -3.0396 0
134 -3.0398 0
14 -3.0463 0
184 -3.0478 0
10 -3.0481 0
946 -3.0541 0
1583 -3.0637 0
1251 -3.0648 0
1965 -3.0696 0
1464 -3.0719 0
1831 -3.0755 0
1035 -3.0784 0
1931 -3.0964 0
1744 -3.1026 0
1830 -3.1029 0
1844 -3.1046 0
128 -3.1084 0
1273 -3.1172 0
1949 -3.1215 0
739 -3.1235 0
41 -3.1344 0
270 -3.1475 0
1797 -3.1527 0
934 -3.1607 0
1828 -3.1786 0
412 -3.1865 0
974 -3.1900 0
404 -3.1913 0
980 -3.1956 0
120 -3.1958 0
821 -3.2000 0
77 -3.2040 0
230 -3.2209 0
114 -3.2226 0
239 -3.2279 0
1761 -3.2293 0
1536 -3.2390 0
357 -3.2472 0
1886 -3.2528 0
702 -3.2592 0
1331 -3.2622 0
1596 -3.2674 0
188 -3.2700 0
1454 -3.2733 0
1260 -3.2762 0
1916 -3.2856 0
254 -3.2892 0
1861 -3.2914 0
1678 -3.2999 0
717 -3.3017 0
1503 -3.3158 0
1863 -3.3215 0
297 -3.3219 0
397 -3.3365 0
1752 -3.3403 0
276 -3.3411 0
1755 -3.3428 0
1482 -3.3430 0
1566 -3.3530 0
929 -3.3542 0
392 -3.3578 0
1911 -3.3708 0
1527 -3.3910 0
1532 -3.3937 0
1842 -3.3975 0
1884 -3.3979 0
919 -3.4001 0
258 -3.4071 0
1547 -3.4297 0
44 -3.4327 0
1543 -3.4528 0
571 -3.4530 0
1540 -3.4535 0
70 -3.4558 0
99 -3.4627 0
446 -3.4640 0
34 -3.4769 0
433 -3.4773 0
352 -3.4784 0
1840 -3.4785 0
1847 -3.4866 0
1866 -3.4918 0
1553 -3.4978 0
743 -3.5002 0
1740 -3.5012 0
424 -3.5154 0
721 -3.5194 0
568 -3.5244 0
283 -3.5405 0
115 -3.5420 0
231 -3.5472 0
711 -3.5583 0
57 -3.5585 0
964 -3.5722 0
911 -3.5732 0
935 -3.5752 0
1018 -3.5835 0
1785 -3.5877 0
569 -3.5915 0
136 -3.5955 0
1268 -3.6051 0
833 -3.6065 0
355 -3.6287 0
28 -3.6330 0
436 -3.6379 0
645 -3.6404 0
434 -3.6446 0
1880 -3.6503 0
643 -3.6569 0
1640 -3.6752 0
1289 -3.6815 0
1974 -3.6828 0
1647 -3.6835 0
1339 -3.7011 0
1486 -3.7353 0
1098 -3.7580 0
272 -3.7904 0
838 -3.7942 0
1819 -3.8154 0
386 -3.8270 0
1622 -3.8529 0
1805 -3.8535 0
1820 -3.8562 0
1227 -3.8621 0
572 -3.8638 0
1920 -3.8658 0
975 -3.8667 0
1371 -3.8728 0
64 -3.8760 0
1872 -3.8887 0
938 -3.9021 0
1977 -3.9130 0
1938 -3.9177 0
11 -3.9244 0
1891 -3.9318 0
737 -3.9605 0
440 -3.9613 0
1816 -3.9631 0
1825 -3.9699 0
1852 -4.0145 0
1584 -4.0237 0
22 -4.0294 0
576 -4.0547 0
1792 -4.0571 0
1571 -4.0735 0
1814 -4.0874 0
577 -4.0890 0
1559 -4.1070 0
575 -4.1070 0
940 -4.1621 0
130 -4.1685 0
592 -4.1753 0
1487 -4.1803 0
558 -4.1959 0
1541 -4.2073 0
594 -4.2160 0
7 -4.2405 0
216 -4.2446 0
613 -4.2476 0
1258 -4.2622 0
901 -4.2674 0
1887 -4.2732 0
1934 -4.2809 0
921 -4.3073 0
1837 -4.3229 0
1567 -4.3253 0
1895 -4.3538 0
370 -4.3672 0
407 -4.3933 0
66 -4.4315 0
1915 -4.4492 0
1885 -4.4620 0
482 -4.5265 0
1552 -4.5333 0
1809 -4.5588 0
1829 -4.5610 0
941 -4.5948 0
1261 -4.5967 0
1513 -4.6160 0
89 -4.6538 0
1835 -4.6909 0
1810 -4.7138 0
54 -4.7247 0
1152 -4.7438 0
1815 -4.7508 0
1808 -4.7577 0
91 -4.7600 0
102 -4.7817 0
1801 -4.7818 0
1618 -4.7822 0
699 -4.7975 0
261 -4.7988 0
1878 -4.8377 0
1511 -4.8527 0
1817 -4.8668 0
1577 -4.8723 0
1848 -4.8838 0
1620 -4.9591 0
1556 -4.9797 0
1823 -4.9957 0
1530 -5.0003 0
1514 -5.0271 0
1624 -5.0882 0
1465 -5.0914 0
1821 -5.1269 0
936 -5.1293 0
1843 -5.1441 0
1572 -5.1796 0
226 -5.2037 0
1504 -5.2196 0
1582 -5.2549 0
1563 -5.2842 0
1894 -5.3403 0
1902 -5.3406 0
591 -5.3416 0
1531 -5.5160 0
1517 -5.5487 0
1589 -5.7315 0
1811 -5.7583 0
1798 -5.8512 0
1832 -5.8974 0
1560 -5.9117 0
1523 -5.9258 0
1526 -6.1189 0
147 -6.2171 0
1833 -6.2577 0
747 -6.3157 0
1539 -6.5762 0
1535 -6.5791 0
1274 -6.7072 0
1525 -6.7511 0
1897 -6.7546 0
1493 -7.2879 0
1510 -7.4336 0
1533 -7.5594 0
1849 -7.6235 0
