351 25.6747 1
396 24.6220 1
361 24.2547 1
353 24.2280 1
356 23.9496 1
376 23.4346 1
384 22.9559 1
364 22.2332 1
377 21.8584 1
383 21.2323 1
382 20.5716 1
359 20.1196 1
389 19.9138 1
395 19.4393 1
394 19.1695 1
388 19.0125 1
357 18.8013 1
391 18.7318 1
365 18.6000 1
352 18.4966 1
350 18.4711 1
368 18.2289 1
390 18.1549 1
367 17.9384 1
370 17.8813 1
385 17.7060 1
392 17.6516 1
393 17.3341 1
355 17.3341 1
386 16.3413 1
399 16.1581 1
358 16.0907 1
397 15.6632 1
372 15.4071 1
363 14.4102 1
362 14.2043 1
1014 13.7428 0
1253 13.4306 0
354 13.1372 1
381 12.6414 1
398 12.4227 1
366 12.3411 1
960 11.5698 0
380 11.3961 1
373 11.2304 1
379 11.2286 1
971 11.1227 0
375 11.0482 1
1588 11.0149 0
1272 10.9719 0
308 10.8380 0
340 10.7999 0
998 10.7200 0
997 10.6475 0
369 10.5866 1
360 10.5852 1
950 10.5667 0
1023 10.3983 0
966 10.3194 0
1668 10.3109 0
996 10.2517 0
970 9.9068 0
387 9.7929 1
959 9.7828 0
1013 9.6567 0
988 9.6307 0
1035 9.5816 0
1664 9.3022 0
972 9.2094 0
1016 9.0697 0
954 9.0041 0
746 8.8827 0
982 8.7658 0
1375 8.7443 0
1674 8.6933 0
1591 8.5114 0
732 8.4853 0
1573 8.4552 0
969 8.3137 0
1353 8.1670 0
1004 8.1315 0
1285 8.1288 0
1695 8.0749 0
1257 8.0088 0
1357 7.9498 0
697 7.8986 0
967 7.8368 0
1007 7.7987 0
995 7.6736 0
1650 7.5893 0
301 7.5491 0
1274 7.4612 0
1427 7.3713 0
973 7.3513 0
539 7.3513 0
1394 7.3266 0
994 7.3058 0
471 7.0967 0
717 7.0872 0
1281 6.9955 0
1297 6.9616 0
1283 6.7762 0
689 6.7760 0
665 6.7029 0
371 6.6944 1
1661 6.6436 0
1046 6.6123 0
1258 6.6106 0
1337 6.5716 0
1259 6.5622 0
1250 6.5390 0
502 6.4708 0
999 6.3326 0
1331 6.3200 0
1569 6.3024 0
955 6.2750 0
991 6.2479 0
981 6.1901 0
1002 6.1234 0
1005 6.0938 0
1292 6.0767 0
40 5.9918 0
1382 5.9850 0
374 5.9642 1
989 5.9391 0
378 5.9360 1
1340 5.9099 0
1020 5.8655 0
675 5.8485 0
1669 5.8393 0
1289 5.8170 0
1594 5.8009 0
1012 5.7915 0
1671 5.6993 0
733 5.5444 0
1691 5.5160 0
1670 5.4454 0
1476 5.3995 0
1596 5.3526 0
736 5.3487 0
1026 5.3453 0
674 5.3427 0
467 5.3170 0
1683 5.3067 0
985 5.2751 0
1032 5.2246 0
1675 5.1980 0
1484 5.1060 0
964 5.0929 0
492 5.0871 0
1592 5.0763 0
1348 5.0691 0
1477 5.0339 0
329 4.9880 0
978 4.9789 0
1584 4.9744 0
1040 4.9308 0
659 4.9161 0
1061 4.9145 0
1252 4.9096 0
983 4.9087 0
1677 4.9052 0
521 4.8864 0
1363 4.8824 0
1593 4.8779 0
1676 4.8424 0
1667 4.8360 0
336 4.8277 0
1589 4.8172 0
1574 4.7858 0
854 4.7537 0
1685 4.7421 0
975 4.7180 0
1227 4.7020 0
676 4.6789 0
1511 4.6576 0
1279 4.6521 0
678 4.6292 0
1017 4.6291 0
1423 4.6049 0
1489 4.5978 0
1599 4.5611 0
1490 4.5463 0
1493 4.5153 0
1417 4.5026 0
472 4.4886 0
1291 4.4801 0
945 4.4644 0
1492 4.4633 0
538 4.4574 0
1374 4.4531 0
868 4.4421 0
457 4.3471 0
987 4.2973 0
1409 4.2506 0
1466 4.2428 0
1132 4.2342 0
767 4.2106 0
455 4.1605 0
1362 4.1600 0
750 4.1547 0
1673 4.0295 0
1595 4.0267 0
1036 4.0112 0
1147 3.9937 0
1686 3.9840 0
1125 3.9696 0
1286 3.9640 0
487 3.9417 0
1025 3.9414 0
1265 3.9263 0
1295 3.9118 0
1137 3.9114 0
1261 3.9041 0
474 3.8834 0
322 3.8609 0
730 3.8310 0
1009 3.8268 0
311 3.8065 0
343 3.7873 0
1255 3.7799 0
1510 3.7724 0
332 3.7098 0
1465 3.6927 0
1068 3.6864 0
1480 3.6392 0
963 3.6370 0
1364 3.6361 0
979 3.6272 0
483 3.6253 0
1680 3.6197 0
691 3.6157 0
1615 3.6139 0
670 3.6040 0
751 3.5959 0
1508 3.5948 0
761 3.5716 0
488 3.5565 0
1479 3.5502 0
461 3.5493 0
325 3.5449 0
334 3.5417 0
426 3.5365 0
1535 3.5299 0
1580 3.5144 0
658 3.5082 0
460 3.5062 0
1451 3.4947 0
1384 3.4819 0
1049 3.4816 0
496 3.4496 0
881 3.4483 0
1652 3.4322 0
1941 3.4304 0
1293 3.4231 0
1072 3.4197 0
893 3.4169 0
657 3.4111 0
1288 3.3964 0
1138 3.3540 0
754 3.3311 0
1992 3.3062 0
1783 3.2982 0
1422 3.2929 0
1600 3.2869 0
1079 3.2443 0
1267 3.2217 0
1544 3.2003 0
489 3.1967 0
1666 3.1860 0
1655 3.1683 0
1037 3.1428 0
1370 3.1417 0
1570 3.1291 0
459 3.1018 0
1665 3.0925 0
656 3.0881 0
328 3.0779 0
695 3.0716 0
324 3.0688 0
1587 3.0410 0
992 3.0388 0
690 3.0322 0
1271 3.0299 0
1658 3.0244 0
797 2.9953 0
980 2.9741 0
1590 2.9569 0
974 2.9445 0
463 2.9351 0
1566 2.9260 0
1343 2.9211 0
766 2.9207 0
993 2.9195 0
456 2.9051 0
1575 2.8994 0
1620 2.8860 0
1774 2.8855 0
1119 2.8825 0
1264 2.8737 0
1467 2.8535 0
693 2.8507 0
1034 2.8461 0
724 2.8260 0
312 2.8195 0
1613 2.8190 0
303 2.7999 0
1048 2.7773 0
758 2.7461 0
1519 2.7403 0
315 2.7345 0
694 2.7318 0
1276 2.7273 0
1019 2.7268 0
984 2.7245 0
1488 2.7117 0
318 2.7069 0
490 2.7039 0
1299 2.7028 0
1697 2.6993 0
1136 2.6876 0
574 2.6842 0
769 2.6824 0
1688 2.6800 0
1326 2.6780 0
1287 2.6647 0
1028 2.6477 0
1377 2.6302 0
793 2.6290 0
962 2.6198 0
1645 2.6032 0
1075 2.5824 0
169 2.5799 0
888 2.5523 0
1598 2.5505 0
1538 2.5358 0
872 2.5304 0
1146 2.4991 0
1298 2.4826 0
1659 2.4811 0
1529 2.4535 0
1843 2.4271 0
756 2.4186 0
1266 2.4138 0
968 2.4001 0
469 2.3847 0
1694 2.3781 0
1563 2.3716 0
1228 2.3646 0
1552 2.3539 0
1296 2.3524 0
320 2.3334 0
1325 2.3138 0
1660 2.3009 0
1332 2.2966 0
958 2.2904 0
1366 2.2895 0
1381 2.2883 0
1583 2.2839 0
668 2.2825 0
1606 2.2627 0
1041 2.2613 0
1434 2.2493 0
515 2.2461 0
1684 2.2314 0
462 2.2308 0
345 2.2255 0
1698 2.2252 0
1586 2.2171 0
1518 2.1784 0
172 2.1557 0
1428 2.1550 0
1555 2.1548 0
529 2.1435 0
784 2.1364 0
1269 2.1350 0
1623 2.1348 0
1687 2.1266 0
1114 2.1246 0
684 2.1218 0
1127 2.1142 0
1254 2.0748 0
846 2.0729 0
1071 2.0721 0
1550 2.0696 0
533 2.0583 0
1304 2.0542 0
1626 2.0535 0
545 2.0501 0
1672 2.0478 0
422 2.0455 0
1995 2.0429 0
1313 2.0405 0
1327 2.0316 0
495 2.0225 0
1884 2.0162 0
1347 2.0105 0
1334 2.0098 0
1000 1.9977 0
1262 1.9792 0
1056 1.9661 0
961 1.9619 0
476 1.9510 0
1389 1.9503 0
281 1.9468 0
1763 1.9294 0
664 1.9288 0
1383 1.9197 0
709 1.9100 0
1662 1.9098 0
1579 1.9022 0
1470 1.8969 0
1311 1.8818 0
252 1.8781 0
909 1.8773 0
680 1.8593 0
925 1.8571 0
796 1.8473 0
1678 1.8472 0
1346 1.8459 0
1874 1.8398 0
1273 1.8323 0
1207 1.8313 0
701 1.8280 0
1414 1.8222 0
1403 1.8107 0
1516 1.8013 0
1410 1.8003 0
1260 1.7817 0
1256 1.7812 0
626 1.7723 0
630 1.7598 0
792 1.7591 0
1656 1.7534 0
772 1.7506 0
1469 1.7474 0
543 1.7278 0
1651 1.7220 0
731 1.7208 0
1559 1.7191 0
1006 1.7149 0
1277 1.7097 0
1439 1.7075 0
1499 1.7071 0
509 1.7059 0
1554 1.7044 0
1249 1.7005 0
1263 1.6963 0
1582 1.6844 0
1624 1.5994 0
73 1.5946 0
1500 1.5925 0
1657 1.5867 0
775 1.5760 0
1690 1.5642 0
1567 1.5640 0
1654 1.5640 0
1085 1.5618 0
977 1.5588 0
1498 1.5561 0
1379 1.5502 0
669 1.5385 0
507 1.5308 0
1692 1.5256 0
1483 1.5251 0
263 1.5231 0
1897 1.5116 0
1576 1.4988 0
1543 1.4934 0
1693 1.4860 0
776 1.4755 0
1354 1.4679 0
1097 1.4561 0
1558 1.4433 0
1571 1.4417 0
1689 1.4412 0
799 1.4376 0
1905 1.4373 0
193 1.4352 0
540 1.4272 0
778 1.4224 0
448 1.4029 0
1953 1.4003 0
290 1.3926 0
1524 1.3912 0
520 1.3893 0
1453 1.3676 0
1053 1.3653 0
1022 1.3645 0
1124 1.3489 0
1461 1.3382 0
1200 1.3356 0
1495 1.3301 0
1432 1.3272 0
1099 1.3213 0
774 1.3160 0
1039 1.3061 0
1412 1.3047 0
752 1.2981 0
867 1.2905 0
317 1.2743 0
1533 1.2717 0
1452 1.2704 0
1218 1.2695 0
1925 1.2663 0
1120 1.2569 0
1367 1.2562 0
1474 1.2535 0
1294 1.2504 0
1512 1.2489 0
1460 1.2450 0
853 1.2403 0
1359 1.2367 0
1528 1.2282 0
714 1.2266 0
1900 1.2246 0
431 1.2231 0
1537 1.2223 0
1328 1.2157 0
1091 1.2134 0
295 1.2080 0
863 1.2048 0
673 1.2037 0
1372 1.1814 0
795 1.1810 0
1577 1.1802 0
1310 1.1792 0
1553 1.1790 0
764 1.1704 0
1514 1.1676 0
718 1.1578 0
666 1.1562 0
1568 1.1545 0
445 1.1415 0
1404 1.1230 0
1497 1.1146 0
1585 1.1133 0
1360 1.0675 0
323 1.0629 0
1978 1.0559 0
1557 1.0554 0
1373 1.0427 0
1338 1.0345 0
1849 1.0285 0
1612 1.0262 0
1284 1.0238 0
1646 1.0198 0
1621 1.0151 0
654 1.0090 0
957 1.0070 0
44 0.9993 0
1799 0.9860 0
1681 0.9799 0
1208 0.9758 0
662 0.9742 0
1158 0.9732 0
1556 0.9618 0
1545 0.9596 0
1419 0.9569 0
1123 0.9519 0
1008 0.9466 0
1385 0.9419 0
1317 0.9383 0
565 0.9373 0
1546 0.9357 0
1059 0.9343 0
672 0.9341 0
523 0.9314 0
1472 0.9292 0
1632 0.9247 0
602 0.9236 0
1551 0.9210 0
873 0.9102 0
306 0.9033 0
473 0.9014 0
1485 0.8976 0
1268 0.8973 0
1194 0.8917 0
771 0.8914 0
1679 0.8911 0
1771 0.8897 0
1530 0.8859 0
1663 0.8816 0
1415 0.8701 0
651 0.8681 0
1319 0.8523 0
1122 0.8493 0
1308 0.8473 0
1540 0.8398 0
1361 0.8378 0
896 0.8305 0
1024 0.8297 0
876 0.8292 0
1391 0.8243 0
1376 0.8219 0
791 0.8146 0
823 0.8034 0
570 0.7949 0
737 0.7919 0
894 0.7897 0
430 0.7848 0
652 0.7846 0
721 0.7765 0
525 0.7635 0
653 0.7603 0
248 0.7584 0
283 0.7519 0
81 0.7499 0
230 0.7469 0
420 0.7447 0
1015 0.7445 0
783 0.7397 0
1393 0.7291 0
289 0.7248 0
546 0.7229 0
1067 0.7165 0
25 0.7149 0
877 0.7080 0
1603 0.7071 0
518 0.7051 0
1442 0.7027 0
1396 0.7021 0
1696 0.7002 0
1401 0.6949 0
477 0.6559 0
547 0.6450 0
453 0.6442 0
1407 0.6420 0
713 0.6416 0
1399 0.6318 0
650 0.6283 0
677 0.6273 0
1121 0.6262 0
856 0.6215 0
700 0.6178 0
779 0.6097 0
719 0.6070 0
1027 0.6031 0
270 0.6026 0
1130 0.5965 0
1395 0.5911 0
157 0.5900 0
1449 0.5807 0
1411 0.5640 0
891 0.5532 0
1481 0.5513 0
1174 0.5466 0
741 0.5408 0
486 0.5164 0
722 0.5087 0
464 0.5007 0
951 0.4905 0
685 0.4894 0
1770 0.4817 0
299 0.4793 0
271 0.4739 0
446 0.4681 0
745 0.4460 0
1290 0.4420 0
1765 0.4339 0
1448 0.4304 0
875 0.4094 0
1487 0.4068 0
1471 0.4066 0
1457 0.3927 0
879 0.3926 0
1134 0.3919 0
1234 0.3904 0
1486 0.3837 0
1398 0.3806 0
1464 0.3754 0
1787 0.3725 0
1031 0.3638 0
1565 0.3537 0
1923 0.3528 0
498 0.3518 0
1536 0.3508 0
1282 0.3479 0
451 0.3461 0
1797 0.3420 0
1640 0.3337 0
1653 0.3298 0
890 0.3152 0
924 0.3130 0
339 0.3081 0
1456 0.3037 0
1047 0.2996 0
1320 0.2962 0
1144 0.2947 0
46 0.2908 0
696 0.2844 0
1100 0.2784 0
1074 0.2751 0
1597 0.2719 0
1306 0.2617 0
465 0.2567 0
348 0.2534 0
1561 0.2371 0
536 0.2228 0
1350 0.2215 0
1776 0.2150 0
1371 0.2085 0
1241 0.1927 0
594 0.1914 0
1578 0.1883 0
16 0.1865 0
1699 0.1739 0
584 0.1723 0
860 0.1618 0
936 0.1538 0
1777 0.1441 0
1522 0.1437 0
1482 0.1435 0
491 0.1391 0
1339 0.1344 0
726 0.1328 0
1369 0.1293 0
21 0.1271 0
1280 0.1156 0
965 0.1094 0
850 0.1063 0
454 0.1048 0
2 0.1018 0
1413 0.0875 0
1532 0.0817 0
852 0.0763 0
1630 0.0729 0
499 0.0726 0
302 0.0714 0
1602 0.0552 0
1324 0.0545 0
479 0.0533 0
1050 0.0501 0
1133 0.0492 0
274 0.0395 0
1087 0.0316 0
1092 0.0281 0
1445 0.0242 0
1622 0.0209 0
887 0.0070 0
1226 0.0043 0
514 -0.0035 0
1425 -0.0043 0
1548 -0.0147 0
69 -0.0212 0
760 -0.0228 0
286 -0.0276 0
1852 -0.0297 0
1505 -0.0310 0
1229 -0.0337 0
742 -0.0348 0
585 -0.0427 0
898 -0.0552 0
275 -0.0591 0
1782 -0.0606 0
747 -0.0656 0
475 -0.0688 0
513 -0.0730 0
253 -0.0834 0
688 -0.0918 0
1641 -0.1098 0
777 -0.1169 0
953 -0.1183 0
708 -0.1184 0
895 -0.1283 0
503 -0.1286 0
892 -0.1428 0
986 -0.1462 0
544 -0.1465 0
1309 -0.1474 0
864 -0.1496 0
798 -0.1591 0
813 -0.1612 0
1780 -0.1635 0
1444 -0.1684 0
1618 -0.1703 0
555 -0.1712 0
655 -0.1729 0
1520 -0.1809 0
712 -0.1811 0
1064 -0.1816 0
865 -0.1940 0
85 -0.1962 0
89 -0.1964 0
1527 -0.2001 0
847 -0.2015 0
1270 -0.2065 0
679 -0.2120 0
548 -0.2129 0
728 -0.2190 0
1503 -0.2242 0
277 -0.2278 0
1788 -0.2308 0
1062 -0.2350 0
770 -0.2451 0
346 -0.2460 0
254 -0.2468 0
1055 -0.2511 0
541 -0.2572 0
1628 -0.2636 0
331 -0.2678 0
342 -0.2697 0
1368 -0.2698 0
1441 -0.2802 0
759 -0.2823 0
692 -0.2849 0
661 -0.2910 0
1251 -0.2956 0
1187 -0.2974 0
1191 -0.2984 0
424 -0.3002 0
1648 -0.3033 0
1927 -0.3051 0
211 -0.3074 0
1966 -0.3100 0
272 -0.3179 0
409 -0.3211 0
1275 -0.3376 0
1126 -0.3377 0
1859 -0.3419 0
1128 -0.3449 0
1030 -0.3470 0
405 -0.3614 0
1979 -0.3642 0
91 -0.3647 0
1388 -0.3732 0
1405 -0.3736 0
768 -0.3776 0
1148 -0.3803 0
1408 -0.3810 0
1214 -0.3903 0
1003 -0.3944 0
607 -0.3957 0
466 -0.3958 0
947 -0.4006 0
1455 -0.4013 0
185 -0.4058 0
305 -0.4063 0
1564 -0.4117 0
1206 -0.4127 0
1429 -0.4137 0
1300 -0.4161 0
1973 -0.4200 0
683 -0.4207 0
1793 -0.4311 0
1098 -0.4321 0
526 -0.4371 0
321 -0.4379 0
293 -0.4489 0
184 -0.4533 0
1754 -0.4606 0
1768 -0.4647 0
1541 -0.4769 0
705 -0.4783 0
307 -0.4806 0
855 -0.4828 0
1933 -0.4887 0
861 -0.4891 0
1610 -0.4952 0
404 -0.5043 0
1090 -0.5057 0
1190 -0.5113 0
1895 -0.5180 0
180 -0.5183 0
1750 -0.5247 0
589 -0.5266 0
1968 -0.5301 0
314 -0.5374 0
952 -0.5456 0
327 -0.5469 0
663 -0.5527 0
410 -0.5546 0
480 -0.5566 0
485 -0.5582 0
1962 -0.5600 0
1161 -0.5603 0
1060 -0.5606 0
727 -0.5607 0
1643 -0.5628 0
1994 -0.5698 0
862 -0.5715 0
580 -0.5746 0
537 -0.5753 0
904 -0.5782 0
780 -0.5792 0
1225 -0.5804 0
822 -0.5822 0
9 -0.5864 0
900 -0.5906 0
1069 -0.6003 0
349 -0.6024 0
1352 -0.6079 0
1525 -0.6127 0
1753 -0.6244 0
1971 -0.6246 0
841 -0.6247 0
1323 -0.6250 0
1112 -0.6266 0
18 -0.6285 0
878 -0.6308 0
1344 -0.6373 0
497 -0.6541 0
1458 -0.6637 0
435 -0.6658 0
1437 -0.6669 0
534 -0.6687 0
1914 -0.6719 0
1421 -0.6766 0
851 -0.6794 0
1322 -0.6796 0
1043 -0.6802 0
1980 -0.6843 0
1450 -0.6864 0
587 -0.6879 0
31 -0.6917 0
78 -0.6918 0
749 -0.6931 0
1910 -0.6937 0
883 -0.6973 0
880 -0.7017 0
156 -0.7067 0
240 -0.7087 0
842 -0.7087 0
1642 -0.7132 0
508 -0.7180 0
264 -0.7213 0
414 -0.7301 0
344 -0.7371 0
415 -0.7380 0
1018 -0.7460 0
787 -0.7491 0
341 -0.7501 0
319 -0.7507 0
257 -0.7528 0
15 -0.7558 0
64 -0.7610 0
782 -0.7612 0
97 -0.7616 0
1539 -0.7671 0
304 -0.7707 0
660 -0.7722 0
1853 -0.7728 0
821 -0.7758 0
153 -0.7916 0
1045 -0.7927 0
739 -0.7976 0
1549 -0.8015 0
1649 -0.8063 0
1051 -0.8067 0
716 -0.8110 0
1908 -0.8136 0
1180 -0.8196 0
1721 -0.8261 0
1076 -0.8288 0
1818 -0.8350 0
1781 -0.8433 0
1862 -0.8456 0
1238 -0.8487 0
219 -0.8496 0
789 -0.8568 0
1526 -0.8580 0
1844 -0.8586 0
757 -0.8630 0
671 -0.8679 0
1491 -0.8720 0
1463 -0.8771 0
1792 -0.8771 0
1468 -0.8778 0
126 -0.8783 0
1560 -0.8876 0
439 -0.8900 0
1572 -0.8958 0
1617 -0.9000 0
897 -0.9017 0
87 -0.9017 0
524 -0.9030 0
1507 -0.9035 0
1896 -0.9086 0
1873 -0.9116 0
706 -0.9143 0
411 -0.9190 0
1759 -0.9307 0
1607 -0.9315 0
1358 -0.9341 0
458 -0.9353 0
1183 -0.9353 0
1149 -0.9358 0
273 -0.9370 0
1562 -0.9384 0
484 -0.9517 0
720 -0.9560 0
785 -0.9570 0
1746 -0.9635 0
1903 -0.9703 0
1965 -0.9752 0
990 -0.9787 0
1790 -0.9809 0
95 -0.9822 0
1093 -0.9828 0
1392 -0.9920 0
763 -0.9933 0
447 -0.9963 0
1893 -0.9983 0
1197 -1.0127 0
1904 -1.0164 0
94 -1.0200 0
527 -1.0322 0
1118 -1.0504 0
834 -1.0551 0
449 -1.0600 0
1975 -1.0641 0
258 -1.0699 0
1011 -1.0797 0
1998 -1.0826 0
49 -1.0852 0
1473 -1.0945 0
885 -1.1045 0
140 -1.1052 0
1182 -1.1099 0
276 -1.1131 0
1883 -1.1152 0
1926 -1.1216 0
1789 -1.1279 0
930 -1.1322 0
1967 -1.1337 0
517 -1.1365 0
1440 -1.1603 0
1887 -1.1667 0
1608 -1.1669 0
1936 -1.1730 0
870 -1.1851 0
285 -1.1876 0
1832 -1.1891 0
1172 -1.1966 0
1899 -1.2068 0
1804 -1.2111 0
1315 -1.2119 0
1386 -1.2224 0
1997 -1.2243 0
1159 -1.2267 0
1506 -1.2284 0
1209 -1.2314 0
1179 -1.2394 0
1236 -1.2414 0
535 -1.2418 0
77 -1.2435 0
623 -1.2552 0
1430 -1.2574 0
786 -1.2582 0
1101 -1.2603 0
45 -1.2604 0
1837 -1.2604 0
33 -1.2610 0
130 -1.2626 0
52 -1.2794 0
743 -1.2799 0
738 -1.2922 0
196 -1.2976 0
921 -1.2976 0
1760 -1.2985 0
335 -1.2992 0
88 -1.3001 0
1534 -1.3010 0
1278 -1.3145 0
512 -1.3227 0
1639 -1.3277 0
1402 -1.3283 0
1057 -1.3306 0
1751 -1.3314 0
1963 -1.3315 0
1219 -1.3320 0
1243 -1.3394 0
1066 -1.3415 0
1857 -1.3473 0
1611 -1.3562 0
1961 -1.3569 0
50 -1.3607 0
1351 -1.3618 0
416 -1.3636 0
519 -1.3746 0
1163 -1.3791 0
55 -1.3813 0
788 -1.3834 0
622 -1.3844 0
1390 -1.3850 0
702 -1.3854 0
1868 -1.3863 0
1826 -1.3925 0
590 -1.3961 0
59 -1.3999 0
601 -1.4037 0
1502 -1.4107 0
1916 -1.4126 0
1875 -1.4132 0
914 -1.4190 0
1635 -1.4229 0
923 -1.4254 0
1082 -1.4302 0
1816 -1.4312 0
165 -1.4368 0
686 -1.4387 0
1426 -1.4464 0
1647 -1.4494 0
432 -1.4496 0
1193 -1.4503 0
1609 -1.4511 0
1970 -1.4514 0
564 -1.4516 0
441 -1.4526 0
481 -1.4545 0
1823 -1.4546 0
1494 -1.4549 0
549 -1.4588 0
1633 -1.4622 0
915 -1.4637 0
1627 -1.4747 0
707 -1.4791 0
832 -1.4992 0
704 -1.5014 0
773 -1.5023 0
1710 -1.5030 0
976 -1.5063 0
1880 -1.5081 0
889 -1.5275 0
1870 -1.5431 0
482 -1.5450 0
1145 -1.5511 0
500 -1.5550 0
1201 -1.5588 0
744 -1.5591 0
282 -1.5612 0
42 -1.5625 0
1987 -1.5695 0
452 -1.5713 0
1730 -1.5756 0
188 -1.5852 0
1807 -1.5887 0
559 -1.6012 0
1131 -1.6014 0
1397 -1.6032 0
1824 -1.6033 0
12 -1.6041 0
1542 -1.6152 0
1909 -1.6153 0
1775 -1.6196 0
1881 -1.6214 0
710 -1.6221 0
931 -1.6261 0
425 -1.6292 0
1420 -1.6303 0
1244 -1.6335 0
493 -1.6374 0
174 -1.6384 0
522 -1.6398 0
1105 -1.6478 0
1080 -1.6492 0
201 -1.6497 0
434 -1.6516 0
269 -1.6525 0
560 -1.6560 0
929 -1.6598 0
326 -1.6608 0
1867 -1.6626 0
1913 -1.6644 0
419 -1.6665 0
1929 -1.6684 0
781 -1.6845 0
1993 -1.6877 0
99 -1.6892 0
1864 -1.6926 0
1321 -1.6930 0
922 -1.6932 0
1820 -1.6963 0
1083 -1.7074 0
207 -1.7134 0
1791 -1.7197 0
105 -1.7274 0
1984 -1.7328 0
468 -1.7339 0
347 -1.7404 0
1604 -1.7421 0
1 -1.7448 0
1956 -1.7468 0
1378 -1.7497 0
1235 -1.7573 0
93 -1.7584 0
83 -1.7642 0
222 -1.7670 0
1616 -1.7735 0
840 -1.7772 0
1342 -1.7780 0
1164 -1.7857 0
874 -1.7904 0
1052 -1.7952 0
1167 -1.7972 0
1063 -1.8037 0
687 -1.8075 0
698 -1.8154 0
1318 -1.8169 0
1073 -1.8228 0
1889 -1.8241 0
1827 -1.8248 0
20 -1.8336 0
1436 -1.8357 0
859 -1.8359 0
723 -1.8393 0
1501 -1.8399 0
168 -1.8401 0
266 -1.8419 0
141 -1.8462 0
1333 -1.8516 0
250 -1.8585 0
1447 -1.8620 0
1851 -1.8706 0
176 -1.8750 0
1475 -1.8823 0
1755 -1.8904 0
735 -1.8963 0
179 -1.8984 0
418 -1.8992 0
14 -1.9032 0
442 -1.9114 0
1078 -1.9123 0
1010 -1.9123 0
204 -1.9200 0
1821 -1.9238 0
164 -1.9276 0
187 -1.9298 0
1303 -1.9301 0
1314 -1.9340 0
1794 -1.9356 0
1237 -1.9359 0
1919 -1.9360 0
528 -1.9374 0
1400 -1.9405 0
1171 -1.9417 0
245 -1.9451 0
1113 -1.9492 0
333 -1.9492 0
899 -1.9539 0
58 -1.9582 0
1928 -1.9591 0
1858 -1.9597 0
926 -1.9620 0
1946 -1.9703 0
280 -1.9744 0
1922 -1.9778 0
1605 -1.9779 0
825 -1.9785 0
109 -1.9820 0
1938 -1.9824 0
30 -1.9828 0
1625 -1.9836 0
1406 -1.9837 0
1886 -1.9846 0
1983 -1.9847 0
1240 -1.9863 0
1785 -1.9950 0
132 -1.9959 0
167 -1.9961 0
1065 -2.0055 0
794 -2.0116 0
0 -2.0122 0
1637 -2.0165 0
858 -2.0213 0
171 -2.0261 0
63 -2.0306 0
1902 -2.0391 0
1513 -2.0455 0
1833 -2.0520 0
147 -2.0528 0
1341 -2.0529 0
681 -2.0561 0
1619 -2.0665 0
1752 -2.0697 0
1044 -2.0721 0
259 -2.0727 0
1738 -2.0736 0
1831 -2.0751 0
1086 -2.0793 0
1892 -2.0830 0
1345 -2.0830 0
1581 -2.0833 0
1496 -2.0853 0
1224 -2.0876 0
412 -2.0888 0
1424 -2.0938 0
916 -2.0943 0
1247 -2.1017 0
1871 -2.1021 0
618 -2.1110 0
581 -2.1179 0
1784 -2.1203 0
1822 -2.1230 0
1217 -2.1250 0
1305 -2.1258 0
309 -2.1289 0
11 -2.1327 0
818 -2.1333 0
1185 -2.1335 0
1356 -2.1358 0
62 -2.1393 0
532 -2.1417 0
191 -2.1419 0
1798 -2.1591 0
612 -2.1592 0
845 -2.1672 0
287 -2.1675 0
37 -2.1687 0
54 -2.1752 0
251 -2.1752 0
1959 -2.1836 0
1077 -2.1847 0
1835 -2.1912 0
279 -2.1925 0
1115 -2.1984 0
1986 -2.2012 0
1805 -2.2043 0
1021 -2.2069 0
1117 -2.2087 0
159 -2.2169 0
1907 -2.2187 0
242 -2.2213 0
1312 -2.2221 0
56 -2.2226 0
214 -2.2319 0
917 -2.2325 0
443 -2.2355 0
1221 -2.2385 0
173 -2.2419 0
297 -2.2431 0
1116 -2.2438 0
566 -2.2445 0
1999 -2.2471 0
506 -2.2523 0
234 -2.2552 0
830 -2.2567 0
256 -2.2618 0
1029 -2.2620 0
92 -2.2622 0
1981 -2.2667 0
1129 -2.2677 0
1614 -2.2740 0
1111 -2.2779 0
1156 -2.2784 0
869 -2.2840 0
1817 -2.2955 0
225 -2.2980 0
1521 -2.3021 0
1951 -2.3042 0
1842 -2.3113 0
753 -2.3171 0
639 -2.3231 0
313 -2.3271 0
667 -2.3297 0
1416 -2.3331 0
1222 -2.3343 0
427 -2.3350 0
910 -2.3364 0
1223 -2.3428 0
66 -2.3432 0
808 -2.3446 0
1932 -2.3504 0
316 -2.3520 0
1795 -2.3576 0
265 -2.3686 0
1173 -2.3721 0
1365 -2.3730 0
642 -2.3925 0
1058 -2.3941 0
908 -2.3984 0
765 -2.3992 0
933 -2.4004 0
1601 -2.4009 0
1745 -2.4032 0
90 -2.4041 0
1915 -2.4058 0
1166 -2.4077 0
554 -2.4084 0
1088 -2.4086 0
1184 -2.4202 0
1761 -2.4234 0
1762 -2.4238 0
1349 -2.4264 0
255 -2.4289 0
1878 -2.4310 0
802 -2.4344 0
645 -2.4354 0
408 -2.4388 0
1195 -2.4445 0
819 -2.4490 0
221 -2.4543 0
556 -2.4559 0
1974 -2.4652 0
71 -2.4662 0
1839 -2.4677 0
41 -2.4752 0
1205 -2.4789 0
1189 -2.4836 0
429 -2.4847 0
82 -2.4866 0
1248 -2.4884 0
803 -2.4929 0
1769 -2.4932 0
715 -2.4960 0
809 -2.5016 0
1756 -2.5074 0
1836 -2.5141 0
1108 -2.5395 0
29 -2.5460 0
163 -2.5472 0
1845 -2.5491 0
1779 -2.5495 0
1107 -2.5510 0
1459 -2.5547 0
125 -2.5608 0
98 -2.5690 0
1812 -2.5694 0
1890 -2.5697 0
1095 -2.5713 0
637 -2.5720 0
403 -2.5790 0
1882 -2.5824 0
1800 -2.5859 0
1509 -2.5863 0
1802 -2.5867 0
1143 -2.5874 0
575 -2.5927 0
1634 -2.5933 0
1682 -2.5940 0
578 -2.6003 0
229 -2.6023 0
1949 -2.6025 0
1976 -2.6115 0
1803 -2.6162 0
1840 -2.6215 0
43 -2.6273 0
107 -2.6273 0
1168 -2.6289 0
1819 -2.6364 0
1828 -2.6377 0
1454 -2.6390 0
1316 -2.6403 0
1876 -2.6428 0
814 -2.6512 0
576 -2.6619 0
636 -2.6668 0
552 -2.6693 0
1042 -2.6744 0
61 -2.6783 0
927 -2.6820 0
162 -2.6947 0
907 -2.6952 0
1178 -2.6974 0
530 -2.6991 0
406 -2.7085 0
1847 -2.7112 0
1162 -2.7130 0
1523 -2.7170 0
866 -2.7183 0
86 -2.7196 0
65 -2.7330 0
844 -2.7393 0
155 -2.7437 0
96 -2.7448 0
1154 -2.7535 0
1964 -2.7564 0
632 -2.7580 0
1140 -2.7700 0
884 -2.7726 0
725 -2.7890 0
1203 -2.7942 0
1150 -2.8000 0
1772 -2.8007 0
1329 -2.8024 0
103 -2.8092 0
75 -2.8125 0
1860 -2.8206 0
790 -2.8217 0
152 -2.8218 0
148 -2.8250 0
437 -2.8346 0
617 -2.8353 0
401 -2.8406 0
166 -2.8463 0
1740 -2.8483 0
47 -2.8505 0
1084 -2.8561 0
1001 -2.8564 0
568 -2.8590 0
1106 -2.8609 0
260 -2.8610 0
711 -2.8642 0
629 -2.8679 0
1921 -2.8697 0
1934 -2.8747 0
593 -2.8752 0
1778 -2.8762 0
1757 -2.8783 0
337 -2.8796 0
511 -2.8796 0
1096 -2.8836 0
615 -2.8879 0
531 -2.8927 0
1202 -2.8971 0
192 -2.8989 0
51 -2.9006 0
118 -2.9040 0
213 -2.9071 0
504 -2.9302 0
494 -2.9316 0
84 -2.9326 0
569 -2.9333 0
1418 -2.9467 0
871 -2.9512 0
839 -2.9534 0
1990 -2.9535 0
1186 -2.9607 0
1815 -2.9649 0
136 -2.9661 0
154 -2.9699 0
208 -2.9705 0
940 -2.9714 0
1988 -2.9727 0
1809 -2.9764 0
938 -2.9767 0
1942 -2.9942 0
57 -2.9991 0
1192 -3.0065 0
1443 -3.0085 0
1764 -3.0219 0
699 -3.0251 0
199 -3.0270 0
1850 -3.0290 0
1638 -3.0305 0
1380 -3.0375 0
112 -3.0392 0
563 -3.0447 0
1433 -3.0465 0
1841 -3.0474 0
291 -3.0481 0
330 -3.0555 0
613 -3.0622 0
215 -3.0650 0
682 -3.0662 0
1920 -3.0691 0
161 -3.0712 0
183 -3.0775 0
28 -3.0797 0
1813 -3.0819 0
150 -3.0853 0
1869 -3.0862 0
831 -3.0987 0
1806 -3.1024 0
1330 -3.1077 0
1199 -3.1197 0
643 -3.1250 0
1748 -3.1320 0
641 -3.1359 0
1081 -3.1381 0
288 -3.1382 0
1957 -3.1394 0
1504 -3.1411 0
1070 -3.1696 0
1231 -3.1717 0
1152 -3.1798 0
1239 -3.1814 0
1515 -3.1823 0
1139 -3.1830 0
8 -3.1866 0
621 -3.1893 0
1703 -3.1919 0
956 -3.1930 0
1912 -3.1945 0
1985 -3.2007 0
298 -3.2023 0
1924 -3.2105 0
1629 -3.2110 0
402 -3.2194 0
206 -3.2214 0
53 -3.2238 0
820 -3.2348 0
640 -3.2388 0
194 -3.2414 0
835 -3.2440 0
217 -3.2499 0
17 -3.2517 0
1894 -3.2563 0
241 -3.2567 0
1215 -3.2745 0
928 -3.2796 0
1033 -3.2802 0
943 -3.2856 0
1891 -3.2880 0
1872 -3.2981 0
1911 -3.2999 0
175 -3.3059 0
1517 -3.3090 0
1722 -3.3173 0
39 -3.3261 0
550 -3.3285 0
68 -3.3352 0
932 -3.3362 0
123 -3.3480 0
407 -3.3537 0
1110 -3.3639 0
1176 -3.3663 0
117 -3.3747 0
510 -3.3845 0
76 -3.3852 0
1245 -3.3863 0
567 -3.3881 0
1838 -3.3993 0
886 -3.4052 0
438 -3.4090 0
1054 -3.4189 0
1210 -3.4247 0
190 -3.4265 0
1462 -3.4268 0
436 -3.4273 0
231 -3.4300 0
151 -3.4404 0
624 -3.4405 0
1169 -3.4543 0
138 -3.4609 0
70 -3.4653 0
920 -3.4796 0
941 -3.4845 0
27 -3.4863 0
1177 -3.4883 0
268 -3.4900 0
1644 -3.4917 0
212 -3.4920 0
906 -3.4994 0
815 -3.5095 0
13 -3.5163 0
948 -3.5164 0
400 -3.5180 0
882 -3.5203 0
1478 -3.5206 0
1773 -3.5289 0
106 -3.5302 0
837 -3.5312 0
1937 -3.5354 0
610 -3.5367 0
833 -3.5432 0
247 -3.5438 0
944 -3.5444 0
1102 -3.5455 0
913 -3.5535 0
903 -3.5568 0
1982 -3.5572 0
24 -3.5604 0
1811 -3.5614 0
824 -3.5763 0
1160 -3.5804 0
1945 -3.5871 0
227 -3.5966 0
557 -3.5982 0
1948 -3.6047 0
237 -3.6081 0
1089 -3.6094 0
200 -3.6106 0
1958 -3.6107 0
470 -3.6159 0
1830 -3.6195 0
428 -3.6217 0
551 -3.6222 0
1766 -3.6248 0
1181 -3.6257 0
423 -3.6308 0
110 -3.6327 0
826 -3.6423 0
1135 -3.6477 0
296 -3.6538 0
1547 -3.6598 0
838 -3.6615 0
186 -3.6703 0
440 -3.6703 0
202 -3.6765 0
67 -3.6807 0
34 -3.6877 0
32 -3.6911 0
1211 -3.6944 0
1814 -3.6949 0
646 -3.7002 0
1387 -3.7107 0
1939 -3.7136 0
1991 -3.7157 0
604 -3.7243 0
1796 -3.7260 0
595 -3.7339 0
1935 -3.7341 0
1196 -3.7348 0
1954 -3.7349 0
599 -3.7359 0
131 -3.7364 0
937 -3.7458 0
811 -3.7497 0
3 -3.7497 0
588 -3.7531 0
100 -3.7557 0
421 -3.7591 0
19 -3.7705 0
124 -3.7769 0
1960 -3.7817 0
582 -3.7829 0
1866 -3.7878 0
800 -3.7915 0
26 -3.7991 0
1744 -3.8007 0
1142 -3.8112 0
591 -3.8143 0
1901 -3.8228 0
631 -3.8294 0
1155 -3.8363 0
478 -3.8387 0
1038 -3.8405 0
198 -3.8411 0
5 -3.8424 0
284 -3.8462 0
848 -3.8506 0
729 -3.8522 0
35 -3.8526 0
1716 -3.8665 0
1301 -3.8677 0
571 -3.8759 0
573 -3.8810 0
1737 -3.8897 0
417 -3.8919 0
748 -3.8921 0
79 -3.9050 0
1972 -3.9175 0
1810 -3.9178 0
1863 -3.9195 0
1631 -3.9393 0
1749 -3.9409 0
583 -3.9410 0
949 -3.9421 0
939 -3.9462 0
1094 -3.9500 0
501 -3.9630 0
644 -3.9644 0
144 -3.9700 0
1435 -3.9771 0
608 -3.9852 0
586 -3.9858 0
38 -3.9914 0
1531 -3.9951 0
1829 -4.0004 0
300 -4.0027 0
1104 -4.0057 0
1335 -4.0198 0
1758 -4.0212 0
236 -4.0284 0
177 -4.0390 0
1848 -4.0409 0
261 -4.0450 0
294 -4.0491 0
1204 -4.0514 0
1734 -4.0601 0
205 -4.0795 0
246 -4.0900 0
905 -4.0908 0
572 -4.1024 0
450 -4.1024 0
1705 -4.1054 0
1715 -4.1293 0
592 -4.1350 0
114 -4.1376 0
1906 -4.1440 0
1103 -4.1451 0
145 -4.1455 0
1879 -4.1467 0
23 -4.1510 0
338 -4.1546 0
1431 -4.1607 0
1728 -4.1667 0
1719 -4.1685 0
170 -4.1719 0
1969 -4.1735 0
1989 -4.1880 0
911 -4.1885 0
912 -4.1949 0
1141 -4.1958 0
143 -4.1984 0
1636 -4.2028 0
755 -4.2075 0
1706 -4.2105 0
6 -4.2276 0
762 -4.2477 0
935 -4.2498 0
1336 -4.2520 0
178 -4.2526 0
1702 -4.2563 0
226 -4.2873 0
849 -4.2889 0
181 -4.3011 0
857 -4.3016 0
625 -4.3018 0
127 -4.3019 0
197 -4.3065 0
195 -4.3159 0
1165 -4.3399 0
1977 -4.3472 0
553 -4.3564 0
901 -4.3589 0
1157 -4.3603 0
233 -4.3621 0
611 -4.3635 0
1950 -4.3711 0
1801 -4.3728 0
817 -4.3752 0
1109 -4.3752 0
218 -4.3810 0
232 -4.3814 0
149 -4.3854 0
72 -4.3863 0
1885 -4.3878 0
1153 -4.3883 0
102 -4.3890 0
740 -4.3896 0
505 -4.3935 0
209 -4.3990 0
806 -4.4210 0
648 -4.4220 0
1733 -4.4232 0
649 -4.4241 0
628 -4.4378 0
562 -4.4392 0
558 -4.4393 0
292 -4.4429 0
1918 -4.4466 0
101 -4.4505 0
243 -4.4519 0
1188 -4.4562 0
128 -4.4565 0
1917 -4.4592 0
620 -4.4679 0
121 -4.4728 0
48 -4.4733 0
596 -4.4920 0
119 -4.5158 0
828 -4.5305 0
1731 -4.5467 0
1732 -4.5749 0
1232 -4.5755 0
934 -4.5809 0
1846 -4.5812 0
1931 -4.5827 0
244 -4.5886 0
1302 -4.5978 0
1888 -4.6018 0
598 -4.6082 0
577 -4.6298 0
223 -4.6307 0
1786 -4.6346 0
1743 -4.6588 0
160 -4.6639 0
616 -4.6675 0
1729 -4.6740 0
104 -4.6753 0
129 -4.6794 0
603 -4.6806 0
1898 -4.6863 0
1877 -4.6880 0
108 -4.6920 0
116 -4.6993 0
600 -4.7170 0
238 -4.7229 0
1212 -4.7353 0
634 -4.7527 0
1707 -4.7538 0
836 -4.7598 0
579 -4.7607 0
1713 -4.7613 0
1861 -4.7804 0
142 -4.7831 0
1446 -4.7865 0
1198 -4.7869 0
433 -4.7899 0
4 -4.7920 0
134 -4.7997 0
561 -4.8020 0
111 -4.8031 0
902 -4.8112 0
1709 -4.8140 0
805 -4.8191 0
1726 -4.8207 0
278 -4.8312 0
619 -4.8315 0
810 -4.8328 0
158 -4.8404 0
1952 -4.8635 0
1704 -4.8739 0
182 -4.8762 0
827 -4.8863 0
1151 -4.8989 0
1170 -4.9069 0
1947 -4.9161 0
734 -4.9171 0
816 -4.9192 0
146 -4.9235 0
1714 -4.9342 0
606 -4.9447 0
703 -4.9697 0
1216 -4.9826 0
597 -5.0151 0
1230 -5.0238 0
1767 -5.0411 0
1242 -5.0454 0
1741 -5.0619 0
1307 -5.0667 0
1725 -5.0761 0
1747 -5.0761 0
310 -5.0878 0
1233 -5.1099 0
804 -5.1171 0
542 -5.1179 0
605 -5.1180 0
1955 -5.1254 0
614 -5.1270 0
239 -5.1438 0
807 -5.2315 0
1701 -5.2350 0
22 -5.2436 0
1825 -5.2526 0
516 -5.2543 0
1943 -5.2698 0
1720 -5.2749 0
1727 -5.2929 0
249 -5.2940 0
609 -5.2960 0
262 -5.2973 0
1856 -5.3064 0
638 -5.3082 0
919 -5.3118 0
267 -5.3836 0
1944 -5.4103 0
635 -5.4308 0
220 -5.4508 0
135 -5.4527 0
1438 -5.4663 0
60 -5.5065 0
1808 -5.5201 0
235 -5.5254 0
633 -5.5349 0
133 -5.5477 0
1718 -5.5793 0
647 -5.5845 0
139 -5.5896 0
36 -5.6029 0
210 -5.6034 0
1246 -5.6307 0
1742 -5.6600 0
7 -5.6691 0
1834 -5.6970 0
1355 -5.6979 0
1735 -5.7251 0
1996 -5.7671 0
113 -5.7718 0
120 -5.7886 0
1854 -5.7998 0
122 -5.8008 0
1717 -5.8314 0
801 -5.8661 0
1712 -5.9528 0
1220 -5.9838 0
1855 -5.9853 0
918 -6.0056 0
843 -6.0638 0
1700 -6.0657 0
74 -6.1147 0
413 -6.1799 0
203 -6.1935 0
444 -6.2315 0
1940 -6.2538 0
137 -6.2605 0
1930 -6.3028 0
228 -6.4022 0
216 -6.4231 0
189 -6.4233 0
1175 -6.4759 0
80 -6.4798 0
829 -6.5037 0
946 -6.5652 0
224 -6.5993 0
1724 -6.6168 0
812 -6.9902 0
10 -7.0929 0
1865 -7.2461 0
1723 -7.2993 0
627 -7.4800 0
1213 -7.4837 0
1708 -7.6537 0
1739 -7.7077 0
115 -7.7527 0
1711 -8.0667 0
942 -8.6247 0
1736 -9.6267 0
