421 25.8067 1
439 25.7214 1
400 24.6464 1
427 23.8935 1
417 23.5972 1
443 23.5438 1
940 23.3291 0
413 22.4224 1
401 22.2537 1
402 21.8930 1
445 21.6970 1
408 21.1536 1
429 21.1524 1
404 21.1183 1
418 20.2858 1
405 20.2112 1
420 19.5202 1
440 19.4136 1
434 19.1388 1
407 19.0675 1
433 18.9833 1
442 18.6641 1
447 18.6039 1
423 18.0668 1
409 17.9677 1
422 17.4343 1
414 17.4176 1
403 16.8795 1
415 16.7833 1
446 16.4473 1
448 16.3680 1
412 15.6351 1
435 15.6147 1
410 15.0063 1
425 14.6787 1
436 14.0097 1
424 13.6049 1
411 13.2990 1
419 13.2730 1
437 12.4511 1
441 12.1814 1
438 10.8670 1
936 10.7353 0
444 10.6089 1
596 10.5470 0
430 10.3851 1
7 9.6225 0
1884 9.5938 0
1232 9.4234 0
944 9.2602 0
557 9.0561 0
551 8.9435 0
945 8.6866 0
509 8.5983 0
569 8.5300 0
941 8.2203 0
942 7.8292 0
587 7.8195 0
432 7.8005 1
1216 7.7105 0
660 7.3892 0
572 7.1968 0
865 7.1840 0
901 7.0742 0
810 6.9893 0
416 6.7911 1
480 6.7487 0
1906 6.6261 0
499 6.6258 0
1878 6.5101 0
917 6.4297 0
426 6.3519 1
1808 6.2381 0
1874 6.2308 0
906 6.2008 0
683 6.1884 0
1242 6.0688 0
577 6.0198 0
1833 6.0013 0
910 5.9339 0
431 5.9289 1
44 5.8760 0
428 5.7020 1
814 5.6440 0
592 5.6016 0
214 5.4750 0
571 5.4221 0
1585 5.4031 0
578 5.3793 0
552 5.3728 0
1408 5.3489 0
1098 5.2745 0
1409 5.2170 0
719 5.2150 0
1806 5.1986 0
1957 5.0889 0
1192 5.0633 0
121 4.9917 0
130 4.9223 0
1030 4.8016 0
1842 4.7491 0
1026 4.7399 0
390 4.7287 0
47 4.7058 0
1055 4.6860 0
645 4.6709 0
1837 4.5563 0
871 4.5012 0
52 4.4329 0
1240 4.4235 0
506 4.3794 0
584 4.3767 0
699 4.3194 0
809 4.2689 0
830 4.2104 0
1681 4.1884 0
1084 4.1839 0
949 4.1785 0
597 4.0166 0
563 3.9918 0
591 3.9621 0
13 3.9413 0
4 3.9379 0
921 3.9096 0
1818 3.8999 0
747 3.8818 0
353 3.8154 0
734 3.8012 0
698 3.7971 0
479 3.7946 0
516 3.7867 0
874 3.7152 0
710 3.6988 0
1158 3.6953 0
791 3.6821 0
1887 3.6510 0
918 3.6460 0
902 3.5994 0
1800 3.5978 0
702 3.5821 0
939 3.5366 0
679 3.5171 0
143 3.4994 0
1044 3.4980 0
915 3.4584 0
602 3.4506 0
1828 3.4254 0
1008 3.4185 0
1213 3.3955 0
1181 3.3832 0
948 3.3794 0
935 3.3712 0
913 3.3601 0
1407 3.3589 0
1789 3.3410 0
1066 3.3287 0
925 3.3220 0
30 3.3192 0
1073 3.3183 0
1857 3.3028 0
564 3.2891 0
369 3.2699 0
937 3.2634 0
946 3.2421 0
1082 3.2380 0
1070 3.2356 0
947 3.2075 0
1879 3.1984 0
1256 3.1984 0
1033 3.1803 0
567 3.1626 0
926 3.1568 0
726 3.1551 0
1204 3.1421 0
406 3.1271 1
1214 3.0918 0
1880 3.0859 0
1861 3.0780 0
558 3.0694 0
9 3.0623 0
1220 3.0600 0
1241 3.0027 0
882 2.9461 0
929 2.9392 0
848 2.9251 0
938 2.9150 0
1850 2.9117 0
568 2.8988 0
1893 2.8593 0
18 2.8421 0
1188 2.8415 0
866 2.8142 0
147 2.7899 0
1260 2.7811 0
907 2.7572 0
114 2.7519 0
1801 2.7324 0
585 2.6575 0
1870 2.6459 0
595 2.6428 0
943 2.6401 0
582 2.6103 0
1969 2.6086 0
1001 2.5979 0
1429 2.5776 0
1083 2.5639 0
594 2.5375 0
1069 2.5375 0
247 2.5230 0
1934 2.5202 0
686 2.4999 0
954 2.4874 0
707 2.4856 0
1526 2.4657 0
1736 2.4475 0
377 2.4326 0
215 2.4326 0
758 2.4293 0
489 2.4206 0
1036 2.4152 0
1704 2.4129 0
806 2.4056 0
503 2.4029 0
711 2.3802 0
554 2.3723 0
11 2.3640 0
31 2.3553 0
732 2.3370 0
661 2.3290 0
579 2.3059 0
857 2.3036 0
1267 2.3029 0
908 2.2911 0
1034 2.2842 0
1713 2.2738 0
900 2.2536 0
933 2.2500 0
1037 2.2243 0
1278 2.2136 0
793 2.1961 0
669 2.1894 0
1007 2.1869 0
1882 2.1749 0
665 2.1310 0
1390 2.1286 0
685 2.1232 0
1096 2.1086 0
859 2.1044 0
1907 2.0901 0
1217 2.0892 0
1830 2.0878 0
449 2.0871 1
32 2.0869 0
1838 2.0817 0
911 2.0653 0
1446 2.0398 0
720 2.0281 0
29 2.0250 0
1889 2.0212 0
238 2.0180 0
1867 2.0149 0
1903 1.9955 0
744 1.9881 0
1059 1.9826 0
1399 1.9807 0
743 1.9797 0
148 1.9724 0
836 1.9707 0
1018 1.9638 0
1811 1.9605 0
246 1.9572 0
1871 1.9425 0
1496 1.9323 0
566 1.9284 0
118 1.9163 0
124 1.8936 0
1512 1.8762 0
106 1.8699 0
1244 1.8684 0
647 1.8658 0
17 1.8563 0
1751 1.8512 0
838 1.8421 0
1027 1.7940 0
682 1.7827 0
606 1.7753 0
1081 1.7736 0
355 1.7728 0
795 1.7719 0
729 1.7663 0
1074 1.7658 0
839 1.7635 0
1477 1.7587 0
928 1.7507 0
1852 1.7401 0
1897 1.7375 0
492 1.7359 0
392 1.7269 0
728 1.7099 0
588 1.7029 0
1794 1.6993 0
1945 1.6979 0
533 1.6897 0
912 1.6890 0
1205 1.6692 0
614 1.6638 0
25 1.6636 0
1727 1.6611 0
952 1.6572 0
125 1.6493 0
1009 1.6221 0
733 1.6146 0
576 1.6092 0
583 1.6044 0
668 1.6028 0
1212 1.5986 0
1329 1.5949 0
593 1.5872 0
1541 1.5846 0
1741 1.5730 0
750 1.5660 0
550 1.5647 0
146 1.5635 0
1136 1.5628 0
716 1.5583 0
511 1.5557 0
808 1.5543 0
1088 1.5496 0
663 1.5410 0
1696 1.5176 0
338 1.5120 0
1886 1.5112 0
8 1.5093 0
46 1.4832 0
802 1.4831 0
133 1.4534 0
226 1.4492 0
681 1.4447 0
128 1.4441 0
10 1.4423 0
1829 1.4421 0
535 1.4318 0
1079 1.4221 0
776 1.4170 0
932 1.4155 0
672 1.3896 0
329 1.3847 0
364 1.3747 0
1977 1.3700 0
818 1.3558 0
1478 1.3507 0
559 1.3392 0
27 1.3336 0
1371 1.3278 0
1311 1.3264 0
65 1.3232 0
1206 1.3209 0
916 1.3189 0
1606 1.3018 0
1040 1.3007 0
1031 1.2903 0
786 1.2861 0
24 1.2583 0
869 1.2556 0
1065 1.2545 0
837 1.2540 0
328 1.2510 0
363 1.2490 0
1255 1.2480 0
1299 1.2475 0
1864 1.2168 0
1071 1.2143 0
1766 1.2115 0
513 1.2101 0
880 1.2051 0
483 1.1959 0
833 1.1869 0
1110 1.1869 0
15 1.1866 0
727 1.1767 0
805 1.1680 0
136 1.1607 0
1048 1.1298 0
790 1.1297 0
1815 1.1260 0
934 1.1228 0
1492 1.1169 0
990 1.1167 0
920 1.1075 0
680 1.1023 0
1834 1.1018 0
653 1.0993 0
1705 1.0880 0
1263 1.0866 0
715 1.0830 0
34 1.0786 0
1762 1.0756 0
821 1.0733 0
20 1.0721 0
216 1.0699 0
598 1.0665 0
1199 1.0596 0
1215 1.0575 0
1339 1.0477 0
182 1.0420 0
1742 1.0412 0
980 1.0407 0
648 1.0398 0
825 1.0323 0
1809 1.0289 0
1250 1.0252 0
1024 1.0155 0
1592 1.0126 0
467 1.0098 0
1253 1.0060 0
1292 1.0047 0
1734 0.9997 0
847 0.9966 0
193 0.9938 0
1389 0.9833 0
787 0.9622 0
1046 0.9597 0
752 0.9522 0
356 0.9464 0
1099 0.9389 0
693 0.9343 0
580 0.9275 0
581 0.9262 0
465 0.9260 0
1805 0.9255 0
58 0.9249 0
1142 0.9138 0
348 0.9108 0
1233 0.9065 0
1013 0.9044 0
1415 0.8989 0
824 0.8941 0
227 0.8792 0
1116 0.8766 0
625 0.8660 0
1097 0.8660 0
829 0.8590 0
1003 0.8531 0
706 0.8443 0
50 0.8438 0
1010 0.8320 0
1885 0.8314 0
1515 0.8299 0
1011 0.8289 0
701 0.8193 0
471 0.8134 0
1385 0.8108 0
1087 0.8044 0
1423 0.7906 0
905 0.7821 0
1077 0.7695 0
1891 0.7585 0
1700 0.7569 0
372 0.7539 0
1118 0.7523 0
1078 0.7463 0
562 0.7425 0
845 0.7357 0
742 0.7339 0
1223 0.7329 0
823 0.7215 0
903 0.7208 0
360 0.7162 0
820 0.7046 0
101 0.7028 0
497 0.6991 0
1322 0.6968 0
322 0.6931 0
697 0.6902 0
1086 0.6879 0
1618 0.6851 0
1875 0.6817 0
575 0.6801 0
23 0.6789 0
897 0.6761 0
1539 0.6654 0
816 0.6626 0
100 0.6607 0
676 0.6590 0
723 0.6558 0
393 0.6552 0
1706 0.6529 0
1563 0.6476 0
975 0.6443 0
709 0.6400 0
1523 0.6399 0
1270 0.6370 0
1929 0.6352 0
1802 0.6287 0
473 0.6271 0
570 0.6261 0
1504 0.6260 0
455 0.6222 0
1075 0.6199 0
957 0.6171 0
1589 0.6164 0
1813 0.6082 0
120 0.6013 0
1537 0.5999 0
264 0.5960 0
491 0.5957 0
1836 0.5866 0
875 0.5749 0
319 0.5737 0
321 0.5714 0
375 0.5599 0
1053 0.5562 0
1739 0.5538 0
395 0.5530 0
320 0.5414 0
1254 0.5409 0
1432 0.5404 0
1786 0.5391 0
1277 0.5306 0
708 0.5274 0
1863 0.5246 0
553 0.5197 0
899 0.5172 0
510 0.5171 0
1839 0.5155 0
731 0.5131 0
832 0.5088 0
1781 0.5070 0
336 0.5065 0
129 0.5051 0
1525 0.5040 0
870 0.4989 0
16 0.4984 0
1245 0.4955 0
909 0.4833 0
251 0.4823 0
893 0.4809 0
537 0.4772 0
772 0.4704 0
1621 0.4678 0
904 0.4635 0
659 0.4561 0
1201 0.4472 0
93 0.4397 0
315 0.4391 0
1343 0.4385 0
782 0.4383 0
1021 0.4363 0
66 0.4335 0
674 0.4274 0
1196 0.4236 0
1824 0.4216 0
1895 0.4206 0
1236 0.4167 0
526 0.4115 0
1004 0.4045 0
1340 0.4031 0
1421 0.4004 0
555 0.3982 0
861 0.3947 0
21 0.3823 0
919 0.3787 0
358 0.3719 0
351 0.3675 0
1473 0.3522 0
799 0.3441 0
1284 0.3342 0
461 0.3319 0
635 0.3317 0
1091 0.3158 0
388 0.2948 0
844 0.2929 0
1708 0.2924 0
721 0.2791 0
1224 0.2562 0
1230 0.2477 0
914 0.2329 0
1731 0.2199 0
529 0.2177 0
1239 0.2169 0
1855 0.2156 0
641 0.2119 0
1938 0.2005 0
37 0.1985 0
677 0.1975 0
1846 0.1847 0
137 0.1779 0
666 0.1774 0
514 0.1771 0
481 0.1728 0
1584 0.1693 0
362 0.1644 0
1777 0.1642 0
846 0.1625 0
714 0.1601 0
235 0.1534 0
1056 0.1488 0
1820 0.1475 0
1038 0.1470 0
180 0.1435 0
1817 0.1338 0
972 0.1262 0
1634 0.1243 0
589 0.1211 0
1152 0.1198 0
1894 0.1187 0
1411 0.1114 0
1211 0.1057 0
740 0.0920 0
1287 0.0850 0
1922 0.0847 0
1959 0.0837 0
386 0.0809 0
1289 0.0770 0
1247 0.0759 0
1865 0.0733 0
1764 0.0727 0
365 0.0614 0
532 0.0530 0
1480 0.0528 0
885 0.0505 0
269 0.0498 0
1832 0.0480 0
1803 0.0451 0
1251 0.0427 0
1892 0.0427 0
1722 0.0363 0
879 0.0338 0
33 0.0331 0
1823 0.0255 0
599 0.0238 0
1848 0.0075 0
1275 0.0016 0
789 -0.0015 0
1094 -0.0032 0
357 -0.0067 0
476 -0.0095 0
801 -0.0114 0
1293 -0.0191 0
347 -0.0206 0
1132 -0.0237 0
973 -0.0240 0
619 -0.0270 0
104 -0.0271 0
1796 -0.0287 0
1451 -0.0299 0
718 -0.0324 0
1203 -0.0340 0
1334 -0.0450 0
1362 -0.0521 0
389 -0.0551 0
1581 -0.0552 0
1996 -0.0608 0
1869 -0.0634 0
1095 -0.0635 0
817 -0.0666 0
1993 -0.0741 0
730 -0.0751 0
523 -0.0771 0
1312 -0.0778 0
1814 -0.0819 0
1455 -0.0835 0
1714 -0.0845 0
1780 -0.0961 0
1972 -0.0985 0
366 -0.1020 0
807 -0.1062 0
468 -0.1068 0
1974 -0.1077 0
317 -0.1223 0
1076 -0.1225 0
662 -0.1229 0
507 -0.1301 0
391 -0.1308 0
896 -0.1441 0
1383 -0.1462 0
1760 -0.1532 0
302 -0.1609 0
475 -0.1624 0
1052 -0.1733 0
1643 -0.1734 0
1847 -0.1741 0
924 -0.1777 0
1610 -0.1807 0
1431 -0.1829 0
688 -0.1833 0
1844 -0.1976 0
195 -0.2043 0
1841 -0.2070 0
556 -0.2086 0
1191 -0.2089 0
367 -0.2191 0
1501 -0.2480 0
1481 -0.2497 0
456 -0.2515 0
1560 -0.2552 0
1738 -0.2596 0
738 -0.2609 0
132 -0.2628 0
927 -0.2648 0
1785 -0.2684 0
979 -0.2706 0
800 -0.2749 0
995 -0.2814 0
1744 -0.2858 0
774 -0.2862 0
713 -0.2865 0
459 -0.2885 0
835 -0.2898 0
196 -0.3049 0
898 -0.3090 0
784 -0.3139 0
1042 -0.3171 0
1222 -0.3239 0
675 -0.3286 0
498 -0.3442 0
600 -0.3450 0
1 -0.3451 0
1990 -0.3497 0
843 -0.3565 0
834 -0.3601 0
273 -0.3701 0
1733 -0.3738 0
1961 -0.3767 0
1702 -0.3857 0
519 -0.3870 0
3 -0.3880 0
71 -0.3881 0
1588 -0.3889 0
826 -0.3900 0
26 -0.3927 0
1826 -0.3984 0
1890 -0.3990 0
1810 -0.4032 0
1851 -0.4048 0
617 -0.4183 0
463 -0.4201 0
108 -0.4221 0
171 -0.4281 0
1655 -0.4282 0
700 -0.4326 0
687 -0.4335 0
894 -0.4394 0
855 -0.4428 0
883 -0.4495 0
352 -0.4531 0
1965 -0.4575 0
1092 -0.4612 0
634 -0.4630 0
1561 -0.4658 0
1229 -0.4711 0
1297 -0.4796 0
1577 -0.4803 0
1454 -0.5056 0
86 -0.5109 0
12 -0.5220 0
819 -0.5265 0
969 -0.5281 0
35 -0.5306 0
1460 -0.5326 0
1131 -0.5405 0
1413 -0.5457 0
633 -0.5471 0
49 -0.5475 0
502 -0.5499 0
1472 -0.5508 0
986 -0.5621 0
1662 -0.5633 0
831 -0.5651 0
889 -0.5679 0
477 -0.5769 0
314 -0.5796 0
656 -0.5839 0
1659 -0.5862 0
257 -0.5869 0
1441 -0.5871 0
673 -0.5878 0
42 -0.5896 0
1534 -0.6007 0
77 -0.6018 0
318 -0.6020 0
57 -0.6034 0
219 -0.6060 0
1827 -0.6207 0
1337 -0.6274 0
70 -0.6337 0
968 -0.6383 0
670 -0.6415 0
1373 -0.6418 0
342 -0.6420 0
815 -0.6472 0
525 -0.6492 0
620 -0.6509 0
1985 -0.6530 0
1089 -0.6540 0
828 -0.6583 0
1269 -0.6688 0
737 -0.6734 0
761 -0.6767 0
1273 -0.6770 0
1966 -0.6782 0
1424 -0.6804 0
1967 -0.6825 0
1318 -0.6874 0
613 -0.6880 0
531 -0.6896 0
1503 -0.6930 0
983 -0.6984 0
611 -0.7049 0
610 -0.7089 0
1198 -0.7210 0
770 -0.7264 0
739 -0.7296 0
334 -0.7322 0
1354 -0.7337 0
895 -0.7398 0
45 -0.7449 0
1999 -0.7486 0
545 -0.7510 0
1816 -0.7554 0
605 -0.7586 0
134 -0.7612 0
176 -0.7638 0
67 -0.7640 0
1970 -0.7644 0
840 -0.7725 0
308 -0.7771 0
1954 -0.7812 0
1156 -0.7826 0
956 -0.7827 0
1620 -0.7835 0
335 -0.7864 0
796 -0.7898 0
654 -0.7914 0
40 -0.7967 0
1063 -0.7973 0
1609 -0.7995 0
1593 -0.8128 0
1935 -0.8161 0
1652 -0.8181 0
1381 -0.8251 0
1328 -0.8273 0
1457 -0.8278 0
722 -0.8343 0
1231 -0.8407 0
573 -0.8431 0
1670 -0.8454 0
1639 -0.8457 0
1997 -0.8570 0
768 -0.8593 0
658 -0.8640 0
453 -0.8662 0
590 -0.8670 0
987 -0.8707 0
1002 -0.8759 0
399 -0.8767 0
1831 -0.8773 0
1784 -0.8801 0
1043 -0.8822 0
704 -0.8825 0
1159 -0.8828 0
1450 -0.8851 0
1883 -0.8895 0
380 -0.8900 0
43 -0.8907 0
466 -0.8927 0
385 -0.9020 0
1556 -0.9061 0
374 -0.9065 0
764 -0.9142 0
794 -0.9167 0
1187 -0.9168 0
117 -0.9208 0
126 -0.9231 0
1522 -0.9283 0
741 -0.9317 0
383 -0.9336 0
1930 -0.9409 0
1898 -0.9414 0
798 -0.9452 0
1468 -0.9476 0
1310 -0.9481 0
1268 -0.9511 0
346 -0.9517 0
1773 -0.9535 0
220 -0.9539 0
1039 -0.9540 0
1510 -0.9573 0
804 -0.9627 0
1605 -0.9628 0
1633 -0.9666 0
1958 -0.9676 0
1754 -0.9777 0
1982 -0.9802 0
1502 -0.9820 0
6 -0.9832 0
1636 -0.9857 0
175 -0.9866 0
1105 -0.9874 0
1184 -0.9930 0
1491 -0.9930 0
184 -0.9932 0
922 -0.9952 0
1638 -0.9999 0
1697 -1.0002 0
1049 -1.0018 0
1825 -1.0021 0
646 -1.0039 0
213 -1.0042 0
528 -1.0086 0
339 -1.0115 0
1960 -1.0150 0
1725 -1.0161 0
1747 -1.0161 0
1279 -1.0229 0
1737 -1.0254 0
1093 -1.0307 0
1711 -1.0316 0
187 -1.0344 0
359 -1.0362 0
28 -1.0367 0
891 -1.0372 0
1508 -1.0374 0
1845 -1.0393 0
1752 -1.0429 0
748 -1.0488 0
469 -1.0520 0
1035 -1.0560 0
84 -1.0581 0
75 -1.0603 0
144 -1.0607 0
299 -1.0608 0
1356 -1.0630 0
1282 -1.0657 0
1649 -1.0715 0
295 -1.0740 0
1054 -1.0791 0
79 -1.0875 0
751 -1.0901 0
1873 -1.0912 0
472 -1.0920 0
260 -1.0926 0
142 -1.0929 0
890 -1.0931 0
149 -1.0955 0
223 -1.0960 0
1391 -1.0967 0
36 -1.0996 0
1226 -1.0997 0
1576 -1.1004 0
561 -1.1027 0
1793 -1.1031 0
667 -1.1043 0
1928 -1.1081 0
989 -1.1129 0
1235 -1.1180 0
1963 -1.1290 0
1782 -1.1324 0
1012 -1.1337 0
1872 -1.1368 0
371 -1.1437 0
1418 -1.1438 0
690 -1.1446 0
341 -1.1487 0
288 -1.1575 0
237 -1.1614 0
85 -1.1735 0
282 -1.1769 0
300 -1.1770 0
856 -1.1778 0
705 -1.1795 0
1615 -1.1809 0
1792 -1.1878 0
1367 -1.1879 0
284 -1.1975 0
493 -1.1998 0
694 -1.2048 0
159 -1.2080 0
1798 -1.2085 0
565 -1.2094 0
1562 -1.2106 0
664 -1.2132 0
1365 -1.2134 0
1821 -1.2186 0
278 -1.2192 0
1177 -1.2198 0
967 -1.2250 0
1347 -1.2254 0
1397 -1.2294 0
296 -1.2326 0
41 -1.2359 0
603 -1.2368 0
1975 -1.2380 0
325 -1.2475 0
1386 -1.2503 0
678 -1.2548 0
1819 -1.2568 0
1067 -1.2657 0
1130 -1.2660 0
520 -1.2774 0
1632 -1.2786 0
854 -1.2806 0
1998 -1.2847 0
849 -1.2878 0
1341 -1.2884 0
1444 -1.2892 0
725 -1.2897 0
1530 -1.2933 0
1372 -1.3001 0
1976 -1.3016 0
96 -1.3017 0
1567 -1.3063 0
1868 -1.3066 0
1569 -1.3080 0
1298 -1.3116 0
652 -1.3159 0
1376 -1.3180 0
1439 -1.3243 0
754 -1.3287 0
376 -1.3298 0
1261 -1.3358 0
1401 -1.3379 0
1917 -1.3403 0
812 -1.3446 0
1984 -1.3491 0
860 -1.3514 0
212 -1.3575 0
244 -1.3581 0
1595 -1.3592 0
394 -1.3611 0
1941 -1.3612 0
1243 -1.3641 0
482 -1.3650 0
274 -1.3671 0
332 -1.3749 0
1324 -1.3782 0
0 -1.3787 0
109 -1.3787 0
97 -1.3828 0
1779 -1.3830 0
1394 -1.3838 0
1758 -1.3868 0
211 -1.3923 0
384 -1.3938 0
1106 -1.3952 0
1221 -1.3956 0
90 -1.3958 0
1133 -1.3969 0
1911 -1.4072 0
1061 -1.4096 0
1015 -1.4116 0
234 -1.4189 0
496 -1.4237 0
39 -1.4337 0
1995 -1.4346 0
1570 -1.4401 0
657 -1.4449 0
1724 -1.4471 0
1602 -1.4477 0
387 -1.4491 0
218 -1.4550 0
544 -1.4583 0
655 -1.4596 0
1135 -1.4686 0
1604 -1.4705 0
1987 -1.4714 0
1058 -1.4737 0
1412 -1.4790 0
1511 -1.4819 0
1355 -1.4880 0
574 -1.4905 0
354 -1.4951 0
644 -1.4967 0
1366 -1.4979 0
1689 -1.4987 0
1166 -1.5032 0
1080 -1.5077 0
745 -1.5130 0
1359 -1.5156 0
961 -1.5163 0
1756 -1.5273 0
1529 -1.5280 0
1804 -1.5334 0
547 -1.5351 0
1573 -1.5369 0
111 -1.5415 0
630 -1.5446 0
290 -1.5447 0
1674 -1.5471 0
1051 -1.5473 0
974 -1.5513 0
368 -1.5549 0
612 -1.5609 0
1234 -1.5619 0
736 -1.5633 0
996 -1.5710 0
1427 -1.5725 0
1014 -1.5748 0
340 -1.5782 0
1140 -1.5803 0
542 -1.5824 0
1064 -1.5859 0
1335 -1.5889 0
181 -1.5891 0
345 -1.5892 0
1259 -1.5896 0
1680 -1.5902 0
1307 -1.5912 0
486 -1.5917 0
1050 -1.5940 0
309 -1.5964 0
1691 -1.5965 0
1953 -1.5985 0
1853 -1.6006 0
1266 -1.6043 0
1899 -1.6053 0
22 -1.6067 0
1964 -1.6071 0
769 -1.6112 0
1020 -1.6172 0
224 -1.6273 0
135 -1.6400 0
1060 -1.6458 0
177 -1.6503 0
1164 -1.6507 0
1624 -1.6570 0
240 -1.6624 0
1403 -1.6642 0
74 -1.6685 0
775 -1.6718 0
1285 -1.6745 0
689 -1.6748 0
1716 -1.6794 0
530 -1.6823 0
501 -1.6845 0
757 -1.6854 0
1330 -1.6892 0
205 -1.6895 0
167 -1.6900 0
1029 -1.6912 0
14 -1.6913 0
204 -1.6919 0
1956 -1.6979 0
1686 -1.7063 0
464 -1.7100 0
123 -1.7144 0
462 -1.7203 0
1395 -1.7236 0
960 -1.7261 0
623 -1.7279 0
1918 -1.7293 0
1437 -1.7317 0
965 -1.7333 0
780 -1.7412 0
1840 -1.7456 0
1986 -1.7466 0
1265 -1.7478 0
1888 -1.7492 0
1673 -1.7552 0
712 -1.7580 0
271 -1.7598 0
88 -1.7623 0
703 -1.7657 0
988 -1.7724 0
517 -1.7913 0
1709 -1.7941 0
1835 -1.7972 0
1513 -1.7973 0
1378 -1.8017 0
1005 -1.8022 0
963 -1.8026 0
1720 -1.8055 0
923 -1.8081 0
749 -1.8086 0
164 -1.8125 0
1948 -1.8224 0
1189 -1.8359 0
773 -1.8369 0
1291 -1.8406 0
1134 -1.8408 0
103 -1.8495 0
1317 -1.8495 0
1456 -1.8539 0
984 -1.8542 0
753 -1.8579 0
1107 -1.8626 0
198 -1.8632 0
378 -1.8647 0
38 -1.8660 0
1750 -1.8665 0
1937 -1.8693 0
484 -1.8699 0
1474 -1.8733 0
1550 -1.8738 0
500 -1.8757 0
1667 -1.8771 0
797 -1.8782 0
1006 -1.8799 0
1128 -1.8810 0
305 -1.8819 0
1849 -1.8822 0
994 -1.8851 0
312 -1.8872 0
1535 -1.8872 0
1100 -1.8890 0
1126 -1.8945 0
115 -1.8946 0
1138 -1.8987 0
1651 -1.8988 0
280 -1.8992 0
1559 -1.9006 0
59 -1.9019 0
1129 -1.9049 0
1435 -1.9050 0
1193 -1.9141 0
1440 -1.9177 0
1955 -1.9238 0
1866 -1.9272 0
1992 -1.9283 0
1363 -1.9283 0
1629 -1.9341 0
236 -1.9345 0
1703 -1.9373 0
91 -1.9392 0
872 -1.9409 0
266 -1.9410 0
94 -1.9469 0
1493 -1.9476 0
1237 -1.9491 0
1924 -1.9509 0
1896 -1.9528 0
242 -1.9544 0
1862 -1.9561 0
1544 -1.9575 0
292 -1.9596 0
1249 -1.9611 0
396 -1.9631 0
785 -1.9668 0
1369 -1.9685 0
971 -1.9720 0
1740 -1.9754 0
863 -1.9762 0
1248 -1.9836 0
95 -1.9847 0
1915 -1.9855 0
361 -1.9856 0
1400 -1.9985 0
981 -2.0022 0
1547 -2.0030 0
316 -2.0074 0
1154 -2.0095 0
1771 -2.0126 0
1642 -2.0140 0
122 -2.0173 0
560 -2.0238 0
1306 -2.0251 0
1528 -2.0292 0
1252 -2.0307 0
1599 -2.0361 0
1690 -2.0368 0
158 -2.0424 0
765 -2.0446 0
1627 -2.0457 0
1019 -2.0469 0
1370 -2.0470 0
1151 -2.0481 0
982 -2.0531 0
1338 -2.0593 0
953 -2.0646 0
78 -2.0740 0
1344 -2.0749 0
991 -2.0755 0
886 -2.0766 0
1994 -2.0801 0
1921 -2.0841 0
650 -2.0869 0
207 -2.0900 0
1483 -2.0922 0
261 -2.0933 0
1723 -2.0937 0
862 -2.0940 0
651 -2.0973 0
1364 -2.0976 0
68 -2.1110 0
1505 -2.1132 0
1769 -2.1197 0
976 -2.1292 0
822 -2.1297 0
763 -2.1345 0
1546 -2.1376 0
1710 -2.1445 0
1980 -2.1478 0
286 -2.1514 0
1125 -2.1523 0
1482 -2.1524 0
1745 -2.1573 0
170 -2.1675 0
888 -2.1676 0
671 -2.1677 0
1558 -2.1680 0
1905 -2.1735 0
534 -2.1765 0
1943 -2.1788 0
382 -2.1789 0
1258 -2.1846 0
1843 -2.1871 0
1165 -2.1907 0
1521 -2.1998 0
1028 -2.1999 0
1726 -2.2018 0
458 -2.2089 0
696 -2.2123 0
766 -2.2142 0
1486 -2.2236 0
1856 -2.2260 0
1425 -2.2273 0
1675 -2.2295 0
1669 -2.2397 0
1603 -2.2406 0
297 -2.2413 0
1666 -2.2422 0
864 -2.2570 0
141 -2.2575 0
1575 -2.2647 0
1968 -2.2679 0
813 -2.2710 0
248 -2.2711 0
1112 -2.2745 0
381 -2.2770 0
1349 -2.2792 0
153 -2.2864 0
522 -2.2880 0
622 -2.2882 0
72 -2.2940 0
370 -2.2981 0
1271 -2.3043 0
265 -2.3049 0
1313 -2.3071 0
1358 -2.3120 0
323 -2.3127 0
293 -2.3182 0
1940 -2.3186 0
150 -2.3228 0
267 -2.3237 0
1607 -2.3291 0
538 -2.3291 0
283 -2.3349 0
1462 -2.3378 0
684 -2.3491 0
1360 -2.3494 0
881 -2.3497 0
62 -2.3559 0
1319 -2.3562 0
270 -2.3582 0
190 -2.3585 0
638 -2.3612 0
1572 -2.3645 0
1988 -2.3683 0
852 -2.3687 0
1854 -2.3705 0
1628 -2.3716 0
841 -2.3737 0
1150 -2.3872 0
19 -2.3910 0
1410 -2.3985 0
1647 -2.4005 0
56 -2.4217 0
1699 -2.4219 0
1859 -2.4249 0
1909 -2.4259 0
1688 -2.4267 0
586 -2.4298 0
174 -2.4304 0
69 -2.4328 0
1594 -2.4360 0
1812 -2.4398 0
1120 -2.4453 0
1778 -2.4491 0
632 -2.4551 0
1072 -2.4569 0
1912 -2.4570 0
1554 -2.4578 0
268 -2.4584 0
1822 -2.4601 0
183 -2.4606 0
1654 -2.4613 0
1219 -2.4618 0
1795 -2.4642 0
1475 -2.4642 0
1090 -2.4690 0
1608 -2.4717 0
931 -2.4777 0
1598 -2.4777 0
229 -2.4788 0
1170 -2.4788 0
1582 -2.4823 0
232 -2.4827 0
81 -2.4907 0
1981 -2.4946 0
1141 -2.4984 0
604 -2.5041 0
1626 -2.5041 0
157 -2.5054 0
350 -2.5063 0
1023 -2.5067 0
1304 -2.5090 0
162 -2.5097 0
1698 -2.5129 0
842 -2.5160 0
200 -2.5209 0
488 -2.5353 0
1644 -2.5393 0
1416 -2.5495 0
1601 -2.5512 0
1694 -2.5529 0
1393 -2.5664 0
1678 -2.5680 0
1553 -2.5699 0
1471 -2.5761 0
487 -2.5791 0
1799 -2.5833 0
119 -2.5869 0
505 -2.5910 0
250 -2.5918 0
138 -2.5919 0
470 -2.5941 0
73 -2.5970 0
1631 -2.5988 0
1499 -2.6021 0
1717 -2.6087 0
858 -2.6106 0
735 -2.6125 0
1656 -2.6141 0
993 -2.6217 0
1791 -2.6232 0
1979 -2.6269 0
1565 -2.6287 0
618 -2.6318 0
276 -2.6326 0
1925 -2.6365 0
1518 -2.6439 0
199 -2.6453 0
970 -2.6473 0
116 -2.6521 0
1568 -2.6522 0
788 -2.6536 0
1939 -2.6659 0
1179 -2.6680 0
173 -2.6681 0
1520 -2.6737 0
1692 -2.6764 0
1419 -2.6813 0
1062 -2.6820 0
1374 -2.6826 0
1858 -2.6892 0
1591 -2.6905 0
285 -2.6953 0
474 -2.7013 0
1392 -2.7021 0
1533 -2.7072 0
379 -2.7114 0
1368 -2.7202 0
1283 -2.7203 0
263 -2.7227 0
1225 -2.7262 0
1336 -2.7302 0
1902 -2.7333 0
343 -2.7335 0
478 -2.7381 0
1303 -2.7402 0
60 -2.7489 0
178 -2.7559 0
1375 -2.7620 0
1463 -2.7660 0
1950 -2.7663 0
811 -2.7718 0
1746 -2.7766 0
1807 -2.7808 0
868 -2.7810 0
771 -2.7823 0
222 -2.7831 0
1759 -2.7833 0
867 -2.7842 0
1947 -2.7850 0
1860 -2.7883 0
112 -2.7903 0
451 -2.7938 0
1272 -2.8029 0
89 -2.8089 0
191 -2.8096 0
1262 -2.8118 0
1701 -2.8156 0
962 -2.8179 0
950 -2.8216 0
1719 -2.8267 0
1664 -2.8381 0
1971 -2.8390 0
102 -2.8415 0
172 -2.8427 0
154 -2.8489 0
82 -2.8561 0
1041 -2.8619 0
1616 -2.8667 0
110 -2.8688 0
1057 -2.8732 0
998 -2.8735 0
1163 -2.8847 0
1684 -2.8854 0
1587 -2.8944 0
333 -2.8947 0
515 -2.9004 0
139 -2.9056 0
1936 -2.9072 0
695 -2.9140 0
1175 -2.9143 0
1174 -2.9143 0
1068 -2.9205 0
1227 -2.9227 0
1949 -2.9257 0
145 -2.9267 0
1148 -2.9310 0
107 -2.9316 0
1467 -2.9429 0
1264 -2.9548 0
1382 -2.9553 0
878 -2.9569 0
1301 -2.9629 0
1952 -2.9638 0
1881 -2.9655 0
113 -2.9656 0
281 -2.9661 0
349 -2.9667 0
1495 -2.9672 0
1276 -2.9682 0
1294 -2.9741 0
179 -2.9747 0
1507 -2.9796 0
1137 -2.9827 0
255 -2.9849 0
1772 -2.9876 0
1162 -2.9884 0
1788 -2.9903 0
521 -3.0010 0
512 -3.0048 0
1149 -3.0052 0
1566 -3.0111 0
1983 -3.0111 0
1348 -3.0137 0
992 -3.0185 0
1144 -3.0227 0
1153 -3.0234 0
156 -3.0317 0
210 -3.0348 0
1047 -3.0416 0
1155 -3.0420 0
643 -3.0525 0
778 -3.0564 0
398 -3.0578 0
152 -3.0581 0
1280 -3.0585 0
105 -3.0591 0
876 -3.0648 0
1361 -3.0666 0
1127 -3.0668 0
1527 -3.0709 0
1017 -3.0744 0
1353 -3.0759 0
1497 -3.0802 0
231 -3.0841 0
1542 -3.0857 0
508 -3.0863 0
61 -3.0931 0
1458 -3.0936 0
1531 -3.0946 0
140 -3.0947 0
262 -3.0954 0
1729 -3.0976 0
827 -3.0990 0
762 -3.1004 0
803 -3.1021 0
1730 -3.1032 0
217 -3.1125 0
1877 -3.1146 0
951 -3.1180 0
55 -3.1194 0
1453 -3.1204 0
1693 -3.1228 0
1617 -3.1232 0
1978 -3.1267 0
999 -3.1337 0
1352 -3.1438 0
397 -3.1456 0
1564 -3.1457 0
1876 -3.1461 0
930 -3.1476 0
1768 -3.1480 0
717 -3.1484 0
1927 -3.1531 0
609 -3.1567 0
1749 -3.1614 0
1342 -3.1657 0
1571 -3.1672 0
1913 -3.1727 0
1113 -3.1765 0
539 -3.1781 0
536 -3.1839 0
1640 -3.1864 0
1597 -3.1876 0
2 -3.1920 0
1200 -3.1949 0
884 -3.1956 0
1320 -3.1960 0
1000 -3.1978 0
76 -3.2026 0
490 -3.2105 0
1707 -3.2140 0
1797 -3.2234 0
1420 -3.2264 0
1436 -3.2275 0
1552 -3.2335 0
1578 -3.2380 0
1168 -3.2418 0
1946 -3.2435 0
1657 -3.2439 0
228 -3.2453 0
98 -3.2491 0
959 -3.2514 0
201 -3.2523 0
1290 -3.2638 0
1422 -3.2643 0
327 -3.2645 0
1677 -3.2674 0
1300 -3.2700 0
636 -3.2725 0
1555 -3.2781 0
1536 -3.2797 0
966 -3.2869 0
1951 -3.2899 0
631 -3.2902 0
87 -3.2915 0
1622 -3.3055 0
1916 -3.3060 0
1517 -3.3078 0
873 -3.3202 0
1590 -3.3211 0
1728 -3.3238 0
548 -3.3296 0
1583 -3.3314 0
92 -3.3316 0
1449 -3.3318 0
1645 -3.3358 0
245 -3.3487 0
99 -3.3513 0
628 -3.3546 0
289 -3.3569 0
1932 -3.3584 0
1944 -3.3625 0
1787 -3.3662 0
460 -3.3672 0
1209 -3.3799 0
616 -3.3807 0
997 -3.3817 0
1908 -3.3859 0
230 -3.3943 0
1274 -3.3943 0
626 -3.4023 0
169 -3.4046 0
608 -3.4137 0
253 -3.4141 0
5 -3.4158 0
1687 -3.4187 0
1333 -3.4196 0
48 -3.4231 0
1194 -3.4358 0
1045 -3.4398 0
1323 -3.4400 0
160 -3.4437 0
978 -3.4504 0
1195 -3.4509 0
1658 -3.4540 0
1612 -3.4610 0
792 -3.4635 0
1743 -3.4729 0
1238 -3.4906 0
1022 -3.4981 0
1314 -3.4986 0
310 -3.5071 0
621 -3.5132 0
80 -3.5271 0
1923 -3.5283 0
767 -3.5285 0
1351 -3.5387 0
1402 -3.5454 0
83 -3.5502 0
1753 -3.5559 0
781 -3.5572 0
1532 -3.5770 0
1586 -3.5779 0
1182 -3.5817 0
1904 -3.5878 0
1210 -3.5900 0
1447 -3.5978 0
783 -3.6008 0
1309 -3.6011 0
853 -3.6025 0
1623 -3.6064 0
324 -3.6080 0
1506 -3.6096 0
637 -3.6097 0
1770 -3.6103 0
1085 -3.6104 0
540 -3.6152 0
642 -3.6188 0
1538 -3.6409 0
1735 -3.6479 0
1452 -3.6540 0
277 -3.6579 0
1748 -3.6706 0
373 -3.6723 0
543 -3.6791 0
1490 -3.6792 0
1464 -3.6794 0
1160 -3.6795 0
692 -3.6815 0
1443 -3.6841 0
225 -3.6854 0
779 -3.6914 0
1671 -3.7004 0
1646 -3.7128 0
64 -3.7145 0
759 -3.7218 0
272 -3.7249 0
1914 -3.7300 0
1516 -3.7305 0
1257 -3.7343 0
1488 -3.7357 0
1123 -3.7364 0
1121 -3.7413 0
1124 -3.7457 0
1489 -3.7478 0
161 -3.7520 0
1548 -3.7551 0
1103 -3.7598 0
1434 -3.7620 0
1614 -3.7635 0
1430 -3.7693 0
1619 -3.7723 0
304 -3.7725 0
303 -3.7783 0
306 -3.7788 0
958 -3.7877 0
1357 -3.7881 0
1143 -3.7976 0
1718 -3.8121 0
1398 -3.8197 0
208 -3.8258 0
1611 -3.8263 0
629 -3.8318 0
163 -3.8356 0
1228 -3.8362 0
1613 -3.8403 0
1147 -3.8506 0
450 -3.8531 0
494 -3.8606 0
1108 -3.8663 0
1635 -3.8728 0
955 -3.8795 0
1763 -3.8801 0
301 -3.8853 0
221 -3.8867 0
527 -3.8890 0
1765 -3.8912 0
755 -3.8965 0
326 -3.8973 0
1406 -3.8976 0
1630 -3.9107 0
624 -3.9148 0
1549 -3.9174 0
1117 -3.9179 0
1183 -3.9284 0
1485 -3.9395 0
1387 -3.9395 0
1169 -3.9429 0
1466 -3.9465 0
1648 -3.9471 0
1663 -3.9483 0
1426 -3.9565 0
1025 -3.9797 0
1115 -3.9856 0
330 -3.9867 0
1901 -3.9916 0
1755 -3.9957 0
1494 -4.0068 0
1288 -4.0070 0
1775 -4.0083 0
63 -4.0135 0
155 -4.0273 0
1989 -4.0461 0
1326 -4.0712 0
209 -4.0714 0
1672 -4.0766 0
313 -4.0802 0
1543 -4.0834 0
607 -4.0876 0
1139 -4.1064 0
1350 -4.1071 0
185 -4.1094 0
1600 -4.1127 0
241 -4.1455 0
1973 -4.1467 0
1295 -4.1605 0
1325 -4.1650 0
615 -4.1694 0
777 -4.1736 0
1761 -4.1772 0
1197 -4.1805 0
1122 -4.1865 0
189 -4.1885 0
1685 -4.1886 0
287 -4.1988 0
307 -4.2002 0
1102 -4.2010 0
1173 -4.2167 0
1479 -4.2207 0
601 -4.2239 0
1732 -4.2263 0
1465 -4.2440 0
1557 -4.2549 0
541 -4.2671 0
1345 -4.2700 0
524 -4.2869 0
1114 -4.2965 0
546 -4.2971 0
256 -4.2979 0
252 -4.2999 0
877 -4.3022 0
1767 -4.3052 0
1109 -4.3124 0
1625 -4.3192 0
279 -4.3354 0
186 -4.3539 0
1712 -4.3545 0
1161 -4.3627 0
1721 -4.3673 0
724 -4.3703 0
1417 -4.3744 0
1545 -4.3837 0
298 -4.3840 0
1145 -4.3871 0
1208 -4.3888 0
311 -4.3918 0
1476 -4.3949 0
1327 -4.3988 0
1551 -4.4006 0
233 -4.4101 0
1286 -4.4180 0
291 -4.4202 0
985 -4.4217 0
1509 -4.4262 0
1146 -4.4345 0
639 -4.4382 0
1459 -4.4474 0
1487 -4.4524 0
1305 -4.4561 0
1433 -4.4672 0
649 -4.4807 0
1438 -4.4826 0
1218 -4.4831 0
1171 -4.4831 0
1661 -4.4831 0
254 -4.4838 0
1900 -4.4892 0
127 -4.4898 0
294 -4.4941 0
457 -4.5291 0
206 -4.5436 0
331 -4.5614 0
166 -4.5675 0
1461 -4.5694 0
851 -4.5796 0
452 -4.5831 0
1484 -4.5901 0
518 -4.5989 0
1346 -4.6232 0
1679 -4.6557 0
1524 -4.6573 0
51 -4.6580 0
1514 -4.6584 0
1776 -4.6594 0
259 -4.6760 0
504 -4.6873 0
1384 -4.6979 0
1202 -4.6990 0
454 -4.7191 0
131 -4.7452 0
1111 -4.7503 0
1650 -4.7573 0
1119 -4.7839 0
249 -4.7854 0
485 -4.7932 0
165 -4.7936 0
887 -4.7985 0
495 -4.8024 0
850 -4.8032 0
202 -4.8197 0
1933 -4.8341 0
1682 -4.8534 0
1157 -4.8679 0
1500 -4.8830 0
188 -4.8957 0
1757 -4.8991 0
1445 -4.9124 0
1172 -4.9138 0
1469 -4.9766 0
1962 -4.9788 0
1574 -4.9953 0
1377 -4.9990 0
1540 -5.0042 0
1919 -5.0098 0
1178 -5.0140 0
549 -5.0193 0
1715 -5.0216 0
1641 -5.0309 0
1016 -5.0318 0
1379 -5.0375 0
1207 -5.0481 0
54 -5.0545 0
1246 -5.0612 0
1991 -5.0793 0
1498 -5.1025 0
1308 -5.1157 0
1920 -5.1159 0
197 -5.1181 0
746 -5.1187 0
1774 -5.1356 0
1186 -5.1644 0
1660 -5.1672 0
337 -5.1864 0
1296 -5.2028 0
1396 -5.2198 0
1104 -5.2202 0
1405 -5.2430 0
243 -5.2950 0
1185 -5.3201 0
1783 -5.3737 0
1414 -5.4445 0
1176 -5.4481 0
53 -5.4492 0
151 -5.4582 0
1428 -5.4891 0
1448 -5.5188 0
1653 -5.5478 0
194 -5.5688 0
627 -5.5832 0
258 -5.5888 0
1790 -5.5901 0
1316 -5.5915 0
892 -5.6206 0
1579 -5.6297 0
760 -5.6548 0
1032 -5.6693 0
239 -5.6904 0
1596 -5.7207 0
203 -5.7401 0
1942 -5.7813 0
1580 -5.7939 0
168 -5.8186 0
1281 -5.8208 0
344 -5.8410 0
1926 -5.8559 0
275 -5.8979 0
1380 -5.9266 0
640 -5.9769 0
1388 -5.9983 0
1180 -6.0141 0
1637 -6.0179 0
1331 -6.0281 0
1668 -6.0289 0
1442 -6.0891 0
1519 -6.1032 0
192 -6.1033 0
1315 -6.1795 0
1665 -6.1858 0
1470 -6.2162 0
1683 -6.2330 0
756 -6.3539 0
1404 -6.3553 0
1101 -6.4119 0
1332 -6.4895 0
1695 -6.5548 0
1302 -6.5689 0
1910 -6.6236 0
1167 -6.8826 0
977 -6.9688 0
964 -7.1689 0
1931 -7.4232 0
1676 -7.6633 0
1321 -7.7955 0
1190 -8.2718 0
691 -8.2949 0
