587 36.9446 1
554 33.6185 1
592 32.1824 1
562 31.6975 1
556 30.3007 1
579 28.8834 1
593 28.1336 1
580 28.0363 1
563 27.4846 1
558 26.0049 1
589 25.2100 1
573 24.6910 1
576 23.3599 1
571 23.0230 1
586 22.8762 1
594 22.4890 1
572 22.3872 1
588 21.9014 1
569 21.8946 1
570 20.9399 1
559 20.2753 1
566 20.2277 1
596 19.9641 1
567 19.4909 1
585 19.2301 1
598 19.1088 1
552 18.0934 1
553 17.4077 1
575 17.0057 1
561 15.5179 1
595 15.3589 1
555 14.7568 1
416 12.7815 0
719 12.6909 0
581 12.2518 1
550 12.1289 1
557 12.0791 1
551 11.7397 1
597 11.2495 1
565 10.8451 1
590 10.4496 1
564 9.9865 1
599 9.8495 1
591 9.7933 1
409 9.0836 0
361 8.5089 0
401 8.3406 0
568 8.2593 1
577 8.2344 1
1976 8.0987 0
695 7.8039 0
718 7.7772 0
582 7.6876 1
417 7.3260 0
583 7.2405 1
1216 7.1973 0
494 7.0512 0
1210 6.9538 0
702 6.7530 0
700 6.7527 0
1329 6.4652 0
425 6.3346 0
944 6.2840 0
942 6.2426 0
1301 6.1708 0
578 6.1392 1
1823 6.1061 0
360 6.0283 0
450 5.8954 0
1833 5.8394 0
717 5.6363 0
442 5.5541 0
441 5.4814 0
529 5.3119 0
560 5.3085 1
725 5.2537 0
405 5.1369 0
727 5.1298 0
1082 5.0674 0
530 4.9111 0
584 4.8489 1
720 4.8357 0
928 4.8340 0
830 4.8041 0
734 4.7790 0
911 4.7707 0
699 4.7514 0
1335 4.7394 0
444 4.7162 0
264 4.7004 0
706 4.6528 0
481 4.5787 0
809 4.5787 0
1280 4.5715 0
505 4.5710 0
1226 4.5424 0
1232 4.5261 0
1957 4.4763 0
647 4.3920 0
421 4.3841 0
716 4.3584 0
1861 4.3536 0
1110 4.3485 0
645 4.3340 0
926 4.3259 0
433 4.3114 0
1197 4.2819 0
574 4.2359 1
1705 4.1289 0
4 4.0816 0
747 4.0598 0
1800 4.0416 0
749 3.9855 0
722 3.9251 0
1987 3.9223 0
804 3.9173 0
21 3.9093 0
705 3.8685 0
403 3.8659 0
812 3.8490 0
819 3.8429 0
45 3.8261 0
1186 3.8173 0
1081 3.8077 0
1868 3.7682 0
711 3.7573 0
1148 3.7476 0
415 3.7461 0
439 3.7404 0
447 3.7115 0
406 3.7098 0
1220 3.6891 0
707 3.6649 0
414 3.6289 0
1608 3.5897 0
509 3.5808 0
446 3.5783 0
715 3.5054 0
429 3.4839 0
745 3.4819 0
738 3.4631 0
686 3.4521 0
828 3.4126 0
737 3.3974 0
894 3.3943 0
726 3.3857 0
404 3.3777 0
801 3.3744 0
1757 3.3192 0
435 3.3177 0
1385 3.3119 0
721 3.3089 0
407 3.2686 0
1391 3.2622 0
1969 3.2378 0
66 3.1932 0
736 3.1559 0
916 3.1523 0
364 3.1285 0
1855 3.1276 0
349 3.1271 0
943 3.0962 0
443 3.0856 0
1850 3.0681 0
516 3.0633 0
839 3.0588 0
606 3.0452 0
511 3.0261 0
1307 3.0153 0
739 3.0133 0
824 2.9764 0
296 2.9764 0
1860 2.9669 0
20 2.9315 0
1646 2.9120 0
1480 2.8843 0
438 2.8488 0
1819 2.8461 0
919 2.8396 0
436 2.8394 0
1033 2.8060 0
331 2.8044 0
1038 2.7973 0
899 2.7891 0
1934 2.7820 0
710 2.7657 0
714 2.7648 0
46 2.7586 0
1889 2.7559 0
1902 2.7427 0
1706 2.7276 0
1837 2.7231 0
1886 2.7143 0
712 2.6968 0
1149 2.6855 0
600 2.6451 0
918 2.6411 0
1401 2.6372 0
744 2.6278 0
1031 2.6253 0
833 2.6116 0
7 2.6104 0
843 2.6022 0
1878 2.5444 0
390 2.5342 0
1614 2.5199 0
945 2.5116 0
827 2.5068 0
641 2.5057 0
353 2.4866 0
1402 2.4833 0
1852 2.4746 0
266 2.4716 0
158 2.4492 0
448 2.4460 0
1201 2.4198 0
818 2.4134 0
1744 2.4066 0
838 2.4014 0
125 2.3935 0
84 2.3862 0
813 2.3813 0
1020 2.3702 0
1610 2.3598 0
1842 2.3502 0
731 2.3434 0
423 2.3434 0
732 2.3358 0
704 2.3292 0
1810 2.3070 0
1096 2.2897 0
1867 2.2880 0
1113 2.2776 0
1073 2.2772 0
1117 2.2702 0
953 2.2572 0
625 2.2517 0
223 2.2366 0
480 2.2258 0
1021 2.2166 0
187 2.1769 0
840 2.1757 0
807 2.1717 0
907 2.1493 0
778 2.1431 0
743 2.1255 0
1105 2.1251 0
1879 2.1218 0
1152 2.0903 0
445 2.0867 0
1897 2.0854 0
1872 2.0646 0
746 2.0537 0
728 2.0291 0
1801 2.0238 0
1215 2.0146 0
137 2.0003 0
1116 1.9897 0
816 1.9790 0
1755 1.9527 0
764 1.9524 0
836 1.9467 0
1306 1.9447 0
1012 1.9197 0
1066 1.9072 0
273 1.9042 0
841 1.8975 0
1625 1.8871 0
947 1.8822 0
210 1.8652 0
1870 1.8521 0
1786 1.8361 0
227 1.8320 0
1001 1.8286 0
889 1.8269 0
1907 1.8247 0
921 1.8209 0
510 1.8048 0
1432 1.8015 0
90 1.7981 0
806 1.7929 0
735 1.7768 0
1312 1.7638 0
1263 1.7600 0
1863 1.7592 0
424 1.7570 0
1621 1.7551 0
269 1.7528 0
1029 1.7341 0
1982 1.7128 0
741 1.7074 0
820 1.7059 0
1300 1.7013 0
1718 1.6931 0
1244 1.6723 0
1361 1.6571 0
1645 1.6405 0
420 1.6382 0
941 1.6364 0
412 1.6323 0
802 1.6222 0
78 1.6183 0
831 1.5864 0
842 1.5702 0
980 1.5531 0
418 1.5500 0
851 1.5412 0
307 1.5410 0
533 1.5351 0
1131 1.5159 0
29 1.5089 0
1938 1.5064 0
1054 1.5021 0
1795 1.4985 0
410 1.4965 0
484 1.4864 0
1193 1.4835 0
1135 1.4768 0
372 1.4706 0
440 1.4700 0
1841 1.4694 0
413 1.4658 0
49 1.4598 0
1158 1.4580 0
1895 1.4505 0
612 1.4456 0
1128 1.4336 0
52 1.4154 0
1077 1.4148 0
632 1.4003 0
880 1.3789 0
1142 1.3728 0
1832 1.3563 0
1854 1.3559 0
1343 1.3480 0
1352 1.3369 0
901 1.3342 0
752 1.3159 0
1766 1.3103 0
1429 1.3099 0
497 1.3047 0
1644 1.2917 0
251 1.2855 0
182 1.2834 0
614 1.2788 0
673 1.2686 0
299 1.2571 0
1305 1.2560 0
1974 1.2519 0
724 1.2331 0
1399 1.2317 0
703 1.2304 0
789 1.2166 0
782 1.2165 0
1161 1.2093 0
177 1.2059 0
1104 1.2015 0
475 1.1993 0
59 1.1962 0
1762 1.1953 0
683 1.1841 0
347 1.1780 0
1058 1.1620 0
1638 1.1600 0
1164 1.1413 0
44 1.1284 0
226 1.1180 0
1985 1.1136 0
667 1.0949 0
1240 1.0864 0
1961 1.0782 0
1788 1.0777 0
837 1.0771 0
498 1.0750 0
1834 1.0620 0
832 1.0567 0
1002 1.0477 0
1231 1.0457 0
904 1.0439 0
501 1.0435 0
1838 1.0430 0
282 1.0409 0
1351 1.0397 0
1243 1.0318 0
1966 1.0305 0
1760 1.0274 0
1843 1.0221 0
1205 1.0192 0
1390 0.9946 0
1880 0.9786 0
1871 0.9765 0
208 0.9650 0
13 0.9617 0
1798 0.9446 0
1 0.9418 0
419 0.9338 0
1809 0.9328 0
996 0.9249 0
1246 0.9102 0
340 0.9101 0
1129 0.8977 0
1230 0.8962 0
536 0.8917 0
882 0.8858 0
256 0.8730 0
1978 0.8715 0
1977 0.8682 0
369 0.8663 0
148 0.8629 0
1884 0.8519 0
1818 0.8384 0
1781 0.8380 0
923 0.8322 0
1318 0.8232 0
903 0.8205 0
1739 0.8074 0
1478 0.8030 0
365 0.8008 0
156 0.7994 0
1601 0.7937 0
935 0.7894 0
36 0.7833 0
1633 0.7791 0
934 0.7783 0
1887 0.7638 0
1141 0.7582 0
126 0.7564 0
1631 0.7503 0
1043 0.7398 0
24 0.7346 0
85 0.7218 0
1150 0.7191 0
862 0.7173 0
1930 0.7085 0
920 0.7054 0
1548 0.7043 0
1995 0.6918 0
605 0.6893 0
1405 0.6882 0
817 0.6753 0
648 0.6726 0
939 0.6716 0
267 0.6654 0
681 0.6549 0
257 0.6472 0
470 0.6447 0
938 0.6429 0
810 0.6423 0
1069 0.6414 0
677 0.6414 0
1649 0.6390 0
1321 0.6239 0
247 0.6229 0
1446 0.6120 0
1412 0.5999 0
1710 0.5936 0
75 0.5931 0
10 0.5924 0
1101 0.5904 0
1114 0.5752 0
459 0.5750 0
1408 0.5723 0
906 0.5668 0
753 0.5614 0
963 0.5465 0
682 0.5433 0
1183 0.5383 0
865 0.5263 0
723 0.5224 0
936 0.5189 0
109 0.5132 0
1413 0.4976 0
729 0.4973 0
748 0.4969 0
1165 0.4871 0
1266 0.4845 0
1704 0.4574 0
471 0.4537 0
411 0.4527 0
292 0.4512 0
1102 0.4488 0
1874 0.4417 0
1048 0.4411 0
506 0.4328 0
646 0.4304 0
363 0.4300 0
1839 0.4235 0
1725 0.4217 0
1747 0.4217 0
1349 0.4188 0
1847 0.4169 0
1383 0.4145 0
479 0.4123 0
1357 0.4118 0
19 0.4002 0
477 0.3988 0
829 0.3985 0
160 0.3892 0
1958 0.3723 0
1144 0.3643 0
1893 0.3620 0
1086 0.3569 0
814 0.3564 0
1999 0.3560 0
1964 0.3548 0
432 0.3520 0
669 0.3474 0
1857 0.3400 0
687 0.3275 0
1808 0.3273 0
120 0.3260 0
1111 0.3243 0
288 0.3230 0
492 0.3178 0
620 0.3135 0
785 0.2943 0
1965 0.2902 0
917 0.2882 0
1416 0.2852 0
1634 0.2835 0
1963 0.2761 0
1155 0.2733 0
1618 0.2715 0
493 0.2701 0
422 0.2680 0
540 0.2506 0
1846 0.2437 0
383 0.2428 0
330 0.2421 0
114 0.2332 0
537 0.2330 0
1003 0.2286 0
41 0.2211 0
1044 0.2134 0
931 0.2085 0
60 0.2054 0
74 0.2016 0
730 0.1982 0
1865 0.1942 0
80 0.1860 0
619 0.1784 0
1952 0.1759 0
969 0.1697 0
238 0.1657 0
1906 0.1646 0
849 0.1644 0
195 0.1622 0
58 0.1602 0
1053 0.1596 0
379 0.1534 0
1632 0.1498 0
1636 0.1478 0
455 0.1465 0
392 0.1462 0
763 0.1457 0
1828 0.1422 0
1436 0.1229 0
343 0.1155 0
776 0.1146 0
1292 0.1120 0
427 0.1120 0
1998 0.1092 0
1954 0.0984 0
395 0.0976 0
176 0.0919 0
1431 0.0896 0
483 0.0883 0
742 0.0831 0
525 0.0793 0
386 0.0769 0
402 0.0769 0
458 0.0718 0
200 0.0718 0
146 0.0611 0
482 0.0525 0
1112 0.0479 0
434 0.0469 0
293 0.0466 0
1037 0.0411 0
1327 0.0330 0
276 0.0222 0
1968 0.0196 0
895 0.0171 0
308 0.0035 0
26 0.0024 0
1738 -0.0052 0
231 -0.0079 0
186 -0.0106 0
654 -0.0173 0
1245 -0.0216 0
1106 -0.0222 0
147 -0.0360 0
740 -0.0363 0
136 -0.0368 0
1325 -0.0377 0
822 -0.0406 0
962 -0.0442 0
1792 -0.0460 0
984 -0.0468 0
465 -0.0476 0
1358 -0.0514 0
708 -0.0626 0
460 -0.0643 0
1956 -0.0650 0
400 -0.0695 0
100 -0.0709 0
656 -0.0757 0
1779 -0.0791 0
871 -0.0796 0
1603 -0.0801 0
503 -0.0831 0
1160 -0.0863 0
1866 -0.0867 0
821 -0.0878 0
857 -0.0901 0
196 -0.0936 0
883 -0.0950 0
388 -0.0950 0
634 -0.1028 0
649 -0.1075 0
1862 -0.1092 0
1004 -0.1101 0
1890 -0.1127 0
1627 -0.1180 0
1604 -0.1262 0
1477 -0.1347 0
47 -0.1432 0
796 -0.1438 0
37 -0.1442 0
1883 -0.1505 0
913 -0.1611 0
1397 -0.1688 0
1720 -0.1705 0
166 -0.1747 0
951 -0.1753 0
1439 -0.1755 0
175 -0.1781 0
1993 -0.1856 0
1204 -0.1892 0
531 -0.1893 0
362 -0.1947 0
966 -0.1972 0
1864 -0.2011 0
265 -0.2111 0
180 -0.2120 0
1052 -0.2219 0
608 -0.2231 0
76 -0.2240 0
1000 -0.2266 0
661 -0.2280 0
815 -0.2288 0
1359 -0.2325 0
65 -0.2338 0
860 -0.2352 0
366 -0.2357 0
1830 -0.2391 0
663 -0.2530 0
1815 -0.2630 0
927 -0.2636 0
502 -0.2644 0
890 -0.2708 0
1875 -0.2735 0
973 -0.2775 0
1203 -0.2816 0
905 -0.2834 0
878 -0.2883 0
1392 -0.2932 0
825 -0.2955 0
660 -0.2955 0
1773 -0.3046 0
515 -0.3070 0
526 -0.3098 0
1563 -0.3101 0
1794 -0.3110 0
153 -0.3117 0
123 -0.3130 0
42 -0.3207 0
1354 -0.3267 0
1892 -0.3314 0
1291 -0.3406 0
43 -0.3423 0
1083 -0.3591 0
1059 -0.3613 0
132 -0.3703 0
1722 -0.3868 0
861 -0.3905 0
1426 -0.3934 0
1108 -0.3953 0
211 -0.4049 0
1561 -0.4110 0
1424 -0.4157 0
1503 -0.4216 0
1127 -0.4241 0
1371 -0.4247 0
643 -0.4273 0
277 -0.4285 0
523 -0.4320 0
464 -0.4349 0
1094 -0.4380 0
1311 -0.4389 0
305 -0.4411 0
1829 -0.4430 0
1615 -0.4437 0
1026 -0.4479 0
1453 -0.4530 0
1896 -0.4560 0
1466 -0.4666 0
1133 -0.4701 0
377 -0.4703 0
150 -0.4752 0
1223 -0.4898 0
426 -0.4904 0
1911 -0.4915 0
1496 -0.4954 0
1922 -0.4966 0
635 -0.5057 0
879 -0.5139 0
27 -0.5141 0
1139 -0.5154 0
456 -0.5161 0
244 -0.5184 0
701 -0.5275 0
679 -0.5306 0
507 -0.5368 0
499 -0.5466 0
1825 -0.5478 0
1067 -0.5485 0
624 -0.5495 0
1894 -0.5537 0
1900 -0.5545 0
854 -0.5665 0
1336 -0.5678 0
1212 -0.5815 0
547 -0.5837 0
961 -0.5943 0
193 -0.6171 0
1394 -0.6182 0
1314 -0.6254 0
25 -0.6276 0
1620 -0.6350 0
1585 -0.6358 0
834 -0.6372 0
672 -0.6398 0
149 -0.6433 0
1639 -0.6435 0
1735 -0.6474 0
255 -0.6587 0
991 -0.6609 0
473 -0.6631 0
77 -0.6636 0
1623 -0.6645 0
1802 -0.6656 0
11 -0.6669 0
613 -0.6699 0
1056 -0.6754 0
1097 -0.6818 0
519 -0.6845 0
1087 -0.6878 0
62 -0.6904 0
48 -0.6932 0
33 -0.6981 0
1435 -0.7031 0
338 -0.7036 0
1817 -0.7059 0
329 -0.7076 0
16 -0.7093 0
15 -0.7183 0
868 -0.7206 0
989 -0.7252 0
385 -0.7272 0
1873 -0.7279 0
1955 -0.7347 0
1175 -0.7418 0
1970 -0.7433 0
1057 -0.7454 0
912 -0.7490 0
517 -0.7523 0
1013 -0.7565 0
1643 -0.7577 0
617 -0.7584 0
163 -0.7612 0
1941 -0.7612 0
1996 -0.7627 0
1708 -0.7644 0
1698 -0.7663 0
108 -0.7686 0
858 -0.7724 0
637 -0.7758 0
1418 -0.7765 0
206 -0.7804 0
1853 -0.7813 0
399 -0.7903 0
622 -0.7910 0
341 -0.7912 0
541 -0.7975 0
999 -0.7999 0
430 -0.8061 0
40 -0.8073 0
1434 -0.8102 0
1991 -0.8165 0
22 -0.8216 0
1816 -0.8261 0
1181 -0.8318 0
1049 -0.8335 0
1100 -0.8356 0
1745 -0.8460 0
122 -0.8473 0
1457 -0.8481 0
808 -0.8535 0
1586 -0.8543 0
1356 -0.8643 0
678 -0.8708 0
393 -0.8752 0
1445 -0.8754 0
1241 -0.8783 0
297 -0.8792 0
1425 -0.8835 0
1806 -0.8949 0
844 -0.8953 0
852 -0.9042 0
380 -0.9084 0
1126 -0.9147 0
653 -0.9204 0
1378 -0.9276 0
1811 -0.9281 0
542 -0.9297 0
1785 -0.9304 0
1366 -0.9337 0
1410 -0.9341 0
491 -0.9408 0
159 -0.9429 0
910 -0.9440 0
1138 -0.9448 0
607 -0.9456 0
1076 -0.9465 0
1415 -0.9552 0
644 -0.9560 0
698 -0.9611 0
1365 -0.9613 0
952 -0.9698 0
1984 -0.9698 0
1799 -0.9759 0
1699 -0.9787 0
1320 -0.9789 0
1257 -0.9880 0
1606 -0.9900 0
1726 -0.9902 0
658 -0.9916 0
221 -0.9930 0
1099 -0.9955 0
1731 -0.9958 0
1882 -0.9979 0
908 -0.9991 0
8 -1.0021 0
1384 -1.0031 0
940 -1.0072 0
23 -1.0076 0
1270 -1.0087 0
192 -1.0095 0
151 -1.0189 0
1670 -1.0201 0
219 -1.0265 0
803 -1.0292 0
929 -1.0310 0
1733 -1.0330 0
1109 -1.0353 0
1628 -1.0357 0
847 -1.0393 0
662 -1.0415 0
1492 -1.0439 0
933 -1.0529 0
1092 -1.0572 0
811 -1.0626 0
358 -1.0642 0
1891 -1.0651 0
1199 -1.0656 0
896 -1.0689 0
408 -1.0752 0
281 -1.0782 0
1924 -1.0915 0
88 -1.0917 0
113 -1.0978 0
845 -1.0999 0
14 -1.1055 0
1714 -1.1098 0
1237 -1.1150 0
1851 -1.1175 0
545 -1.1194 0
512 -1.1210 0
948 -1.1234 0
1925 -1.1262 0
333 -1.1282 0
1764 -1.1284 0
86 -1.1373 0
1071 -1.1390 0
1330 -1.1433 0
621 -1.1438 0
1777 -1.1454 0
280 -1.1476 0
885 -1.1524 0
960 -1.1562 0
990 -1.1568 0
1617 -1.1591 0
1386 -1.1609 0
902 -1.1618 0
1063 -1.1691 0
376 -1.1710 0
1444 -1.1738 0
1019 -1.1759 0
1973 -1.1803 0
1805 -1.1837 0
218 -1.1840 0
1793 -1.1855 0
1319 -1.1859 0
1888 -1.1862 0
1980 -1.1874 0
1006 -1.1875 0
1858 -1.1896 0
1140 -1.1967 0
1948 -1.1995 0
1182 -1.1999 0
1322 -1.2129 0
1302 -1.2132 0
609 -1.2140 0
1501 -1.2142 0
826 -1.2145 0
1804 -1.2151 0
130 -1.2168 0
18 -1.2196 0
1723 -1.2244 0
374 -1.2284 0
1060 -1.2312 0
659 -1.2327 0
1217 -1.2335 0
875 -1.2338 0
1176 -1.2367 0
775 -1.2444 0
53 -1.2478 0
306 -1.2486 0
1262 -1.2492 0
170 -1.2497 0
755 -1.2515 0
1972 -1.2583 0
1640 -1.2673 0
954 -1.2696 0
1034 -1.2743 0
535 -1.2766 0
1953 -1.2769 0
1282 -1.2778 0
284 -1.2779 0
462 -1.2786 0
373 -1.2802 0
1407 -1.2874 0
1079 -1.2899 0
859 -1.2900 0
1406 -1.2954 0
1344 -1.2978 0
1754 -1.3068 0
173 -1.3115 0
1224 -1.3116 0
274 -1.3124 0
1213 -1.3125 0
252 -1.3199 0
675 -1.3247 0
167 -1.3268 0
1622 -1.3280 0
1218 -1.3291 0
488 -1.3292 0
733 -1.3321 0
946 -1.3323 0
1259 -1.3327 0
107 -1.3352 0
1242 -1.3482 0
1727 -1.3558 0
135 -1.3630 0
1369 -1.3665 0
165 -1.3709 0
155 -1.3731 0
1440 -1.3752 0
1719 -1.3762 0
9 -1.3765 0
174 -1.3772 0
57 -1.3782 0
103 -1.3790 0
1271 -1.3806 0
1981 -1.3849 0
1236 -1.3889 0
161 -1.3891 0
1713 -1.3904 0
303 -1.3919 0
1613 -1.3921 0
1022 -1.3935 0
35 -1.4014 0
215 -1.4074 0
1098 -1.4112 0
1389 -1.4123 0
291 -1.4164 0
1368 -1.4197 0
1174 -1.4223 0
348 -1.4261 0
1572 -1.4270 0
1362 -1.4301 0
327 -1.4320 0
971 -1.4367 0
1120 -1.4395 0
771 -1.4475 0
105 -1.4493 0
603 -1.4494 0
339 -1.4495 0
323 -1.4522 0
1782 -1.4554 0
97 -1.4566 0
1345 -1.4571 0
472 -1.4617 0
318 -1.4639 0
1813 -1.4662 0
1103 -1.4713 0
375 -1.4833 0
1387 -1.4857 0
1807 -1.4877 0
1787 -1.4939 0
294 -1.4952 0
1062 -1.4954 0
118 -1.5037 0
988 -1.5041 0
611 -1.5045 0
602 -1.5097 0
243 -1.5135 0
520 -1.5141 0
1944 -1.5201 0
1192 -1.5205 0
1250 -1.5254 0
1885 -1.5263 0
245 -1.5266 0
713 -1.5270 0
1364 -1.5298 0
1848 -1.5299 0
758 -1.5402 0
1611 -1.5452 0
298 -1.5498 0
1030 -1.5526 0
1326 -1.5531 0
237 -1.5613 0
835 -1.5665 0
314 -1.5689 0
1721 -1.5690 0
317 -1.5701 0
784 -1.5732 0
300 -1.5777 0
1018 -1.5804 0
1093 -1.5814 0
665 -1.5867 0
337 -1.5892 0
1367 -1.5898 0
351 -1.5900 0
846 -1.5918 0
495 -1.5921 0
70 -1.5967 0
1005 -1.6003 0
983 -1.6027 0
915 -1.6048 0
1564 -1.6067 0
1143 -1.6071 0
970 -1.6072 0
1748 -1.6079 0
995 -1.6109 0
967 -1.6131 0
1154 -1.6156 0
870 -1.6226 0
352 -1.6310 0
1814 -1.6328 0
490 -1.6410 0
32 -1.6439 0
1370 -1.6450 0
1648 -1.6454 0
508 -1.6471 0
1010 -1.6473 0
1945 -1.6494 0
1074 -1.6525 0
1170 -1.6535 0
229 -1.6544 0
1701 -1.6544 0
101 -1.6547 0
888 -1.6551 0
0 -1.6569 0
982 -1.6596 0
17 -1.6727 0
823 -1.6731 0
1844 -1.6745 0
133 -1.6844 0
428 -1.6855 0
674 -1.6864 0
437 -1.6912 0
191 -1.6942 0
1095 -1.6991 0
1876 -1.7028 0
1741 -1.7046 0
1458 -1.7048 0
998 -1.7093 0
639 -1.7232 0
207 -1.7343 0
61 -1.7345 0
261 -1.7391 0
3 -1.7396 0
1247 -1.7437 0
304 -1.7456 0
1337 -1.7627 0
1836 -1.7653 0
848 -1.7680 0
172 -1.7687 0
367 -1.7793 0
1729 -1.7794 0
183 -1.7801 0
1276 -1.7809 0
335 -1.7840 0
1404 -1.7840 0
1124 -1.8064 0
157 -1.8106 0
110 -1.8141 0
234 -1.8175 0
638 -1.8188 0
91 -1.8209 0
1967 -1.8247 0
657 -1.8282 0
1188 -1.8340 0
1375 -1.8372 0
51 -1.8390 0
302 -1.8445 0
949 -1.8454 0
709 -1.8467 0
1017 -1.8482 0
198 -1.8538 0
1994 -1.8546 0
278 -1.8567 0
1903 -1.8585 0
769 -1.8598 0
774 -1.8629 0
1084 -1.8659 0
1609 -1.8705 0
1328 -1.8732 0
181 -1.8734 0
461 -1.8752 0
1915 -1.8753 0
1502 -1.8848 0
685 -1.8974 0
1918 -1.8995 0
1373 -1.9019 0
1211 -1.9036 0
1115 -1.9037 0
1409 -1.9071 0
881 -1.9092 0
1380 -1.9135 0
93 -1.9146 0
1379 -1.9186 0
798 -1.9191 0
262 -1.9193 0
124 -1.9233 0
370 -1.9251 0
1483 -1.9275 0
359 -1.9282 0
142 -1.9334 0
285 -1.9358 0
1381 -1.9406 0
891 -1.9411 0
1267 -1.9425 0
1008 -1.9456 0
1014 -1.9561 0
1265 -1.9591 0
1035 -1.9656 0
1707 -1.9673 0
28 -1.9679 0
1051 -1.9689 0
356 -1.9724 0
164 -1.9782 0
1290 -1.9877 0
319 -1.9920 0
601 -1.9956 0
1027 -2.0022 0
233 -2.0040 0
1046 -2.0051 0
94 -2.0122 0
1346 -2.0133 0
354 -2.0156 0
1070 -2.0258 0
140 -2.0260 0
972 -2.0280 0
1473 -2.0292 0
295 -2.0339 0
1036 -2.0380 0
1414 -2.0384 0
676 -2.0397 0
1592 -2.0398 0
791 -2.0412 0
1061 -2.0452 0
1107 -2.0530 0
171 -2.0557 0
1055 -2.0600 0
1303 -2.0609 0
760 -2.0639 0
872 -2.0650 0
313 -2.0674 0
259 -2.0689 0
514 -2.0692 0
1742 -2.0720 0
627 -2.0735 0
1740 -2.0749 0
1899 -2.0847 0
1156 -2.0897 0
1256 -2.0900 0
431 -2.0974 0
30 -2.0998 0
1960 -2.1007 0
1642 -2.1037 0
391 -2.1071 0
1253 -2.1142 0
1324 -2.1149 0
631 -2.1185 0
1225 -2.1236 0
922 -2.1299 0
139 -2.1305 0
131 -2.1334 0
1940 -2.1358 0
1901 -2.1380 0
1132 -2.1388 0
371 -2.1424 0
1990 -2.1428 0
476 -2.1454 0
957 -2.1487 0
452 -2.1633 0
1784 -2.1637 0
228 -2.1640 0
761 -2.1689 0
1912 -2.1695 0
1310 -2.1704 0
1768 -2.1705 0
332 -2.1740 0
680 -2.1780 0
856 -2.1828 0
89 -2.1861 0
224 -2.1884 0
1334 -2.1924 0
1202 -2.1955 0
532 -2.2158 0
1481 -2.2178 0
1712 -2.2255 0
1824 -2.2260 0
1583 -2.2292 0
1624 -2.2321 0
1395 -2.2330 0
250 -2.2339 0
1936 -2.2341 0
1171 -2.2356 0
974 -2.2398 0
1619 -2.2406 0
1667 -2.2429 0
1419 -2.2545 0
1905 -2.2605 0
787 -2.2630 0
1971 -2.2703 0
1374 -2.2714 0
1134 -2.2725 0
696 -2.2729 0
900 -2.2760 0
666 -2.2788 0
1831 -2.2810 0
396 -2.2833 0
693 -2.2835 0
1898 -2.2854 0
249 -2.2936 0
1177 -2.2939 0
454 -2.2951 0
1522 -2.2969 0
1372 -2.2991 0
1567 -2.3007 0
246 -2.3019 0
987 -2.3020 0
1209 -2.3073 0
1983 -2.3124 0
1827 -2.3200 0
1382 -2.3262 0
1605 -2.3303 0
235 -2.3342 0
1233 -2.3416 0
387 -2.3480 0
544 -2.3503 0
1737 -2.3530 0
487 -2.3533 0
104 -2.3540 0
1009 -2.3559 0
72 -2.3570 0
199 -2.3570 0
1919 -2.3578 0
1239 -2.3580 0
1616 -2.3582 0
389 -2.3583 0
82 -2.3599 0
203 -2.3699 0
1078 -2.3702 0
1859 -2.3714 0
1975 -2.3770 0
1758 -2.3803 0
1959 -2.3807 0
1574 -2.3828 0
216 -2.3941 0
1732 -2.3957 0
312 -2.3963 0
240 -2.4014 0
50 -2.4146 0
1776 -2.4148 0
1455 -2.4345 0
1675 -2.4362 0
71 -2.4373 0
290 -2.4424 0
1702 -2.4431 0
664 -2.4544 0
1398 -2.4552 0
111 -2.4583 0
1032 -2.4588 0
616 -2.4594 0
1602 -2.4602 0
1932 -2.4634 0
640 -2.4655 0
121 -2.4670 0
214 -2.4685 0
1064 -2.4723 0
225 -2.4730 0
976 -2.4765 0
1652 -2.4766 0
81 -2.4793 0
346 -2.4871 0
1427 -2.4874 0
1091 -2.4944 0
83 -2.4990 0
106 -2.5006 0
55 -2.5120 0
152 -2.5131 0
633 -2.5141 0
642 -2.5163 0
355 -2.5202 0
321 -2.5290 0
96 -2.5423 0
1751 -2.5450 0
311 -2.5476 0
324 -2.5484 0
979 -2.5486 0
1221 -2.5499 0
1803 -2.5504 0
1011 -2.5530 0
1085 -2.5539 0
6 -2.5655 0
1607 -2.5686 0
950 -2.5700 0
102 -2.5701 0
283 -2.5723 0
99 -2.5742 0
68 -2.5745 0
1734 -2.5753 0
336 -2.5801 0
326 -2.5807 0
1822 -2.5845 0
119 -2.5850 0
309 -2.5863 0
626 -2.5865 0
1780 -2.5945 0
1304 -2.5952 0
275 -2.5953 0
1219 -2.6071 0
959 -2.6211 0
1651 -2.6241 0
1641 -2.6278 0
31 -2.6313 0
1840 -2.6325 0
866 -2.6349 0
1166 -2.6407 0
548 -2.6422 0
1088 -2.6466 0
1962 -2.6471 0
790 -2.6475 0
1746 -2.6491 0
1451 -2.6501 0
1709 -2.6540 0
1761 -2.6541 0
1024 -2.6547 0
1666 -2.6548 0
1703 -2.6631 0
1489 -2.6897 0
1506 -2.6909 0
1486 -2.7017 0
1297 -2.7084 0
268 -2.7141 0
1711 -2.7170 0
1041 -2.7173 0
289 -2.7174 0
1949 -2.7222 0
689 -2.7226 0
34 -2.7228 0
397 -2.7238 0
254 -2.7297 0
992 -2.7318 0
1348 -2.7331 0
1075 -2.7456 0
1881 -2.7484 0
1068 -2.7534 0
869 -2.7614 0
1769 -2.7622 0
786 -2.7675 0
958 -2.7677 0
893 -2.7698 0
1179 -2.7719 0
1173 -2.7727 0
1849 -2.7759 0
384 -2.7802 0
1121 -2.7868 0
378 -2.7909 0
978 -2.7940 0
956 -2.7999 0
1229 -2.8009 0
1728 -2.8091 0
1979 -2.8101 0
138 -2.8102 0
1283 -2.8134 0
230 -2.8223 0
1928 -2.8271 0
1947 -2.8305 0
1796 -2.8325 0
630 -2.8410 0
143 -2.8420 0
1507 -2.8436 0
69 -2.8481 0
1411 -2.8518 0
1137 -2.8546 0
205 -2.8570 0
1724 -2.8589 0
877 -2.8627 0
688 -2.8633 0
1512 -2.8645 0
1988 -2.8652 0
1187 -2.8720 0
1153 -2.8739 0
260 -2.8756 0
1770 -2.8807 0
671 -2.8875 0
368 -2.8916 0
1877 -2.8920 0
1206 -2.8941 0
1772 -2.9019 0
382 -2.9028 0
1198 -2.9029 0
286 -2.9036 0
513 -2.9043 0
154 -2.9057 0
1589 -2.9080 0
1235 -2.9139 0
87 -2.9236 0
757 -2.9475 0
1749 -2.9516 0
394 -2.9554 0
1015 -2.9582 0
1464 -2.9595 0
1775 -2.9649 0
1146 -2.9652 0
242 -2.9752 0
1443 -2.9762 0
1441 -2.9768 0
39 -2.9816 0
222 -2.9863 0
1518 -2.9918 0
1571 -2.9924 0
1200 -2.9925 0
853 -2.9932 0
287 -2.9947 0
1360 -2.9958 0
618 -2.9977 0
1007 -3.0030 0
474 -3.0084 0
325 -3.0113 0
201 -3.0135 0
1765 -3.0206 0
1946 -3.0253 0
751 -3.0269 0
652 -3.0303 0
1065 -3.0310 0
1647 -3.0316 0
1820 -3.0318 0
1471 -3.0321 0
521 -3.0327 0
1556 -3.0362 0
543 -3.0366 0
636 -3.0369 0
1388 -3.0396 0
1437 -3.0410 0
623 -3.0501 0
1376 -3.0501 0
63 -3.0521 0
310 -3.0544 0
350 -3.0578 0
1264 -3.0611 0
485 -3.0657 0
1789 -3.0717 0
909 -3.0720 0
1532 -3.0736 0
212 -3.0752 0
1637 -3.0754 0
780 -3.0773 0
162 -3.0803 0
129 -3.0810 0
993 -3.0811 0
185 -3.0874 0
79 -3.0896 0
800 -3.0900 0
1255 -3.0908 0
1937 -3.0908 0
1664 -3.0944 0
981 -3.0970 0
1308 -3.0997 0
209 -3.1027 0
1509 -3.1121 0
1227 -3.1122 0
1569 -3.1125 0
539 -3.1139 0
279 -3.1159 0
873 -3.1204 0
1275 -3.1208 0
190 -3.1209 0
1558 -3.1329 0
1341 -3.1360 0
1472 -3.1370 0
1317 -3.1509 0
189 -3.1619 0
1363 -3.1621 0
1433 -3.1644 0
1997 -3.1680 0
1185 -3.1833 0
985 -3.1856 0
793 -3.1935 0
504 -3.2018 0
855 -3.2074 0
220 -3.2074 0
1042 -3.2108 0
1700 -3.2269 0
867 -3.2307 0
1684 -3.2339 0
1845 -3.2404 0
886 -3.2429 0
1196 -3.2464 0
56 -3.2465 0
898 -3.2496 0
141 -3.2530 0
697 -3.2560 0
38 -3.2622 0
449 -3.2658 0
263 -3.2761 0
986 -3.2763 0
765 -3.2794 0
1986 -3.2861 0
1421 -3.2865 0
887 -3.2898 0
270 -3.2904 0
1577 -3.2924 0
1333 -3.3009 0
655 -3.3033 0
1163 -3.3067 0
650 -3.3073 0
1208 -3.3098 0
1460 -3.3138 0
1950 -3.3168 0
1715 -3.3333 0
1125 -3.3413 0
1487 -3.3414 0
1050 -3.3440 0
1449 -3.3462 0
668 -3.3524 0
95 -3.3661 0
1943 -3.3718 0
1222 -3.3769 0
117 -3.3833 0
1791 -3.3897 0
328 -3.3909 0
1249 -3.3928 0
178 -3.3935 0
1929 -3.4065 0
754 -3.4076 0
1159 -3.4104 0
1417 -3.4176 0
1588 -3.4193 0
496 -3.4197 0
315 -3.4259 0
1612 -3.4302 0
1493 -3.4306 0
179 -3.4335 0
937 -3.4350 0
1821 -3.4371 0
864 -3.4391 0
1340 -3.4466 0
453 -3.4473 0
1490 -3.4485 0
1438 -3.4492 0
1626 -3.4572 0
197 -3.4582 0
1147 -3.4618 0
1495 -3.4623 0
253 -3.4632 0
1530 -3.4648 0
925 -3.4650 0
1717 -3.4695 0
768 -3.4766 0
1730 -3.4835 0
965 -3.4844 0
202 -3.4845 0
1072 -3.4846 0
1295 -3.4859 0
468 -3.4953 0
1430 -3.4990 0
1299 -3.5105 0
1039 -3.5190 0
1499 -3.5194 0
67 -3.5196 0
1089 -3.5207 0
92 -3.5222 0
1527 -3.5240 0
1273 -3.5243 0
322 -3.5270 0
1539 -3.5324 0
1655 -3.5326 0
914 -3.5468 0
1396 -3.5532 0
64 -3.5576 0
1285 -3.5579 0
1989 -3.5725 0
1591 -3.5802 0
1145 -3.5821 0
1685 -3.5834 0
1393 -3.5864 0
1130 -3.6001 0
1544 -3.6014 0
788 -3.6092 0
781 -3.6147 0
1508 -3.6195 0
1935 -3.6208 0
169 -3.6309 0
1917 -3.6314 0
1659 -3.6370 0
1254 -3.6413 0
316 -3.6486 0
1914 -3.6593 0
1184 -3.6631 0
1916 -3.6652 0
98 -3.6770 0
1189 -3.6828 0
750 -3.6925 0
1315 -3.6947 0
1016 -3.6959 0
1420 -3.6977 0
381 -3.7019 0
1992 -3.7029 0
930 -3.7047 0
145 -3.7114 0
1599 -3.7208 0
1309 -3.7257 0
1403 -3.7285 0
232 -3.7339 0
248 -3.7413 0
770 -3.7566 0
334 -3.7567 0
766 -3.7587 0
797 -3.7634 0
258 -3.7649 0
144 -3.7760 0
134 -3.7760 0
691 -3.7822 0
271 -3.7836 0
1123 -3.7863 0
1933 -3.7976 0
128 -3.7994 0
1468 -3.8001 0
1281 -3.8051 0
1573 -3.8081 0
1743 -3.8107 0
805 -3.8115 0
467 -3.8143 0
1178 -3.8176 0
1338 -3.8229 0
1581 -3.8253 0
799 -3.8364 0
651 -3.8373 0
1169 -3.8408 0
1511 -3.8432 0
615 -3.8514 0
1913 -3.8519 0
357 -3.8551 0
1023 -3.8572 0
884 -3.8581 0
320 -3.8667 0
1931 -3.8737 0
767 -3.8773 0
863 -3.8819 0
1927 -3.8857 0
527 -3.8981 0
628 -3.9006 0
795 -3.9027 0
500 -3.9036 0
54 -3.9125 0
1835 -3.9184 0
1681 -3.9223 0
236 -3.9285 0
1296 -3.9358 0
1570 -3.9382 0
1689 -3.9459 0
1654 -3.9533 0
994 -3.9585 0
1672 -3.9590 0
1550 -3.9621 0
670 -3.9774 0
1422 -3.9796 0
489 -3.9816 0
1260 -3.9900 0
112 -3.9906 0
1778 -3.9974 0
1498 -4.0131 0
1194 -4.0217 0
1697 -4.0335 0
73 -4.0416 0
692 -4.0528 0
1690 -4.0579 0
1463 -4.0580 0
924 -4.0589 0
1904 -4.0600 0
1195 -4.0644 0
1514 -4.0649 0
1688 -4.0709 0
1459 -4.0716 0
457 -4.0751 0
1214 -4.0764 0
1323 -4.0771 0
756 -4.0782 0
538 -4.0789 0
12 -4.0873 0
1469 -4.0925 0
1452 -4.0960 0
1921 -4.1091 0
1590 -4.1105 0
345 -4.1309 0
528 -4.1488 0
1428 -4.1549 0
1191 -4.1599 0
1475 -4.1694 0
876 -4.1713 0
301 -4.1757 0
1856 -4.1889 0
1494 -4.1916 0
892 -4.1990 0
1939 -4.2066 0
1529 -4.2153 0
239 -4.2307 0
1541 -4.2416 0
1207 -4.2520 0
1339 -4.2528 0
1826 -4.2611 0
1542 -4.2688 0
1286 -4.2695 0
1491 -4.2776 0
1355 -4.2797 0
1691 -4.2797 0
1248 -4.2894 0
1313 -4.2923 0
1025 -4.2973 0
684 -4.3006 0
1756 -4.3043 0
932 -4.3095 0
604 -4.3276 0
1660 -4.3297 0
1909 -4.3392 0
1678 -4.3434 0
1598 -4.3448 0
217 -4.3482 0
1600 -4.3503 0
1752 -4.3528 0
1537 -4.3676 0
1515 -4.3852 0
1951 -4.3976 0
772 -4.3987 0
398 -4.3990 0
463 -4.4046 0
1767 -4.4051 0
610 -4.4081 0
466 -4.4178 0
342 -4.4181 0
1683 -4.4191 0
1122 -4.4202 0
1119 -4.4302 0
1028 -4.4302 0
1450 -4.4433 0
1278 -4.4481 0
1342 -4.4694 0
5 -4.4769 0
168 -4.4842 0
1289 -4.4843 0
1090 -4.4849 0
773 -4.5210 0
1442 -4.5284 0
1812 -4.5334 0
1047 -4.5397 0
1521 -4.5438 0
1151 -4.5458 0
794 -4.5543 0
1180 -4.5894 0
1288 -4.5965 0
1908 -4.6370 0
1269 -4.6527 0
194 -4.6530 0
1400 -4.6631 0
1629 -4.6689 0
534 -4.6843 0
522 -4.7100 0
1677 -4.7186 0
1869 -4.7322 0
1228 -4.7395 0
1347 -4.7411 0
1479 -4.7510 0
1716 -4.7526 0
1528 -4.7613 0
1350 -4.7713 0
1505 -4.7717 0
1519 -4.7721 0
783 -4.7745 0
1695 -4.7745 0
1268 -4.7822 0
1485 -4.8069 0
1524 -4.8173 0
1759 -4.8184 0
1790 -4.8456 0
1575 -4.8556 0
874 -4.8726 0
451 -4.8787 0
1673 -4.8932 0
897 -4.8943 0
1277 -4.9034 0
1488 -4.9118 0
1167 -4.9262 0
1423 -4.9533 0
1293 -4.9540 0
1279 -4.9574 0
1535 -4.9591 0
1553 -4.9616 0
1447 -4.9848 0
1461 -5.0039 0
1593 -5.0165 0
1557 -5.0182 0
694 -5.0269 0
1251 -5.0302 0
1136 -5.0356 0
1694 -5.0472 0
1080 -5.0561 0
1234 -5.0778 0
204 -5.0836 0
968 -5.0879 0
1510 -5.0912 0
1547 -5.1002 0
1682 -5.1071 0
1474 -5.1096 0
1294 -5.1212 0
1045 -5.1249 0
629 -5.1298 0
1332 -5.1361 0
1520 -5.1505 0
1261 -5.1712 0
344 -5.1730 0
184 -5.1748 0
1252 -5.1811 0
1926 -5.1967 0
272 -5.2126 0
1696 -5.2274 0
1454 -5.2345 0
1377 -5.2429 0
1465 -5.2534 0
1753 -5.2547 0
759 -5.2595 0
116 -5.2708 0
1594 -5.2769 0
1587 -5.2775 0
1118 -5.2887 0
518 -5.3131 0
469 -5.3236 0
478 -5.3293 0
1272 -5.3444 0
549 -5.3521 0
1674 -5.3689 0
1238 -5.3810 0
1526 -5.3876 0
1668 -5.3886 0
1566 -5.3920 0
1538 -5.4009 0
1578 -5.4138 0
1693 -5.4356 0
127 -5.4404 0
1658 -5.4443 0
1661 -5.4460 0
1284 -5.4497 0
779 -5.4581 0
1662 -5.4603 0
1562 -5.4781 0
1172 -5.4810 0
1540 -5.4824 0
1456 -5.5202 0
1630 -5.5239 0
1484 -5.5329 0
1568 -5.5366 0
850 -5.5506 0
1679 -5.5549 0
524 -5.5640 0
1513 -5.5662 0
1910 -5.5736 0
213 -5.5936 0
241 -5.6059 0
997 -5.6062 0
1663 -5.6529 0
1595 -5.6672 0
1656 -5.6708 0
1331 -5.6760 0
1549 -5.7133 0
188 -5.7147 0
690 -5.7219 0
1797 -5.7228 0
1470 -5.7370 0
792 -5.7462 0
1750 -5.7591 0
1920 -5.8030 0
115 -5.8177 0
1523 -5.8332 0
1476 -5.8413 0
1517 -5.8885 0
1162 -5.9321 0
2 -5.9328 0
1552 -5.9410 0
975 -5.9587 0
1546 -5.9626 0
1559 -5.9824 0
1584 -5.9952 0
1671 -6.0309 0
955 -6.0707 0
977 -6.0822 0
1686 -6.0955 0
1040 -6.0955 0
1497 -6.1178 0
1771 -6.1409 0
1560 -6.2025 0
1551 -6.2161 0
1525 -6.2207 0
1467 -6.2305 0
486 -6.2375 0
1274 -6.2530 0
1462 -6.2578 0
1287 -6.2637 0
1500 -6.2700 0
1680 -6.2708 0
1555 -6.2761 0
1657 -6.3814 0
1190 -6.3915 0
1665 -6.3946 0
1482 -6.4354 0
1923 -6.4875 0
1783 -6.4972 0
1650 -6.5557 0
1582 -6.5949 0
1534 -6.6125 0
1168 -6.6150 0
1635 -6.6715 0
1763 -6.6838 0
1579 -6.6954 0
1298 -6.7021 0
1576 -6.7115 0
1669 -6.7638 0
1565 -6.7739 0
777 -6.7864 0
1692 -6.8108 0
1774 -6.8326 0
1533 -6.8500 0
1531 -6.9781 0
546 -6.9868 0
1504 -7.0022 0
1316 -7.1310 0
1448 -7.1461 0
1653 -7.1530 0
1687 -7.1655 0
1157 -7.1671 0
762 -7.3410 0
1580 -7.3419 0
1942 -7.3738 0
1258 -7.4455 0
1554 -7.7199 0
964 -7.8326 0
1596 -7.8793 0
1597 -7.9155 0
1353 -8.1732 0
1545 -8.2110 0
1516 -8.3806 0
1543 -8.4943 0
1536 -8.7918 0
1676 -9.0836 0
1736 -10.0792 0
