616 32.4103 1
627 30.4463 1
638 28.3679 1
609 25.0241 1
634 24.9470 1
604 24.1569 1
633 23.9738 1
620 21.8150 1
605 21.4255 1
642 20.4774 1
611 18.5033 1
649 18.3851 1
628 17.7799 1
614 17.6610 1
619 16.9811 1
603 16.8748 1
630 16.6550 1
646 16.4158 1
617 16.0407 1
635 15.4230 1
606 15.1435 1
636 15.0936 1
610 14.8799 1
624 14.5353 1
1736 13.4165 0
647 12.4448 1
612 11.8708 1
626 11.8022 1
615 11.5459 1
613 11.2309 1
1057 11.1653 0
618 11.0667 1
621 10.9934 1
1214 10.8118 0
1767 10.5209 0
608 10.0825 1
631 10.0317 1
1773 9.9726 0
1165 9.4888 0
417 9.2564 0
1834 8.8373 0
632 8.4064 1
639 8.3333 1
648 8.3181 1
1169 8.2325 0
413 8.1429 0
1489 8.1096 0
1166 8.0376 0
622 7.8645 1
601 7.5788 1
3 7.4060 0
637 7.3442 1
1167 7.3199 0
1873 7.2976 0
1789 7.2318 0
890 7.0467 0
1958 7.0437 0
1198 7.0074 0
1718 6.9791 0
22 6.9653 0
226 6.9307 0
544 6.9033 0
1794 6.8757 0
1470 6.8734 0
12 6.7628 0
640 6.7541 1
1532 6.7228 0
908 6.6905 0
1189 6.6579 0
903 6.5894 0
1704 6.5405 0
1065 6.5030 0
440 6.5017 0
625 6.4020 1
760 6.3895 0
1630 6.3878 0
1173 6.3539 0
1151 6.3494 0
607 6.3352 1
1220 6.3143 0
1769 6.3087 0
644 6.3046 1
1175 6.2697 0
811 6.1903 0
1801 6.1501 0
1303 6.0171 0
402 6.0063 0
1178 5.9974 0
1888 5.9534 0
1852 5.9096 0
1706 5.8816 0
51 5.8512 0
643 5.8244 1
27 5.8240 0
1192 5.7284 0
654 5.6720 0
1877 5.6696 0
1812 5.6456 0
707 5.5466 0
1826 5.5185 0
1835 5.5140 0
1116 5.5049 0
143 5.4844 0
923 5.4669 0
1301 5.4667 0
465 5.4391 0
41 5.3934 0
571 5.3593 0
337 5.3592 0
1788 5.3572 0
1762 5.3359 0
1839 5.3018 0
1485 5.2921 0
1153 5.2727 0
446 5.2519 0
1314 5.2243 0
1803 5.2142 0
1996 5.2068 0
755 5.1872 0
579 5.1610 0
1894 5.1420 0
1725 5.0974 0
1747 5.0974 0
949 5.0847 0
1795 5.0729 0
1856 5.0489 0
765 5.0362 0
1705 5.0307 0
874 4.9965 0
1891 4.9826 0
1157 4.9798 0
563 4.9774 0
1887 4.9577 0
204 4.9364 0
902 4.9329 0
557 4.9307 0
1170 4.8912 0
262 4.8857 0
1473 4.8577 0
1628 4.8569 0
1447 4.8389 0
773 4.8170 0
1896 4.8099 0
1719 4.7976 0
590 4.7890 0
1785 4.7662 0
1041 4.6815 0
686 4.6751 0
1321 4.6719 0
1188 4.6616 0
70 4.6481 0
993 4.6331 0
1855 4.5992 0
819 4.5966 0
301 4.5927 0
1761 4.5736 0
568 4.5322 0
623 4.5281 1
1865 4.5210 0
947 4.5066 0
120 4.5016 0
777 4.5013 0
310 4.4914 0
550 4.4718 0
964 4.4718 0
585 4.4556 0
264 4.4499 0
641 4.4435 1
1743 4.4434 0
1176 4.4335 0
1959 4.3763 0
1764 4.3736 0
948 4.3503 0
1578 4.3471 0
932 4.3369 0
494 4.3361 0
1815 4.3348 0
348 4.3324 0
1387 4.3230 0
299 4.3219 0
275 4.2923 0
267 4.2856 0
1837 4.2777 0
1154 4.2703 0
911 4.2542 0
577 4.2540 0
1462 4.2491 0
1819 4.2407 0
1117 4.2404 0
775 4.2247 0
1246 4.1874 0
1724 4.1849 0
10 4.1841 0
715 4.1815 0
1471 4.1754 0
878 4.1508 0
1206 4.1176 0
487 4.1119 0
1507 4.1067 0
806 4.1017 0
1492 4.1008 0
290 4.0890 0
1230 4.0826 0
1876 4.0802 0
1586 4.0634 0
667 4.0573 0
1818 4.0566 0
1054 4.0542 0
1183 4.0497 0
530 4.0482 0
1828 4.0432 0
1727 4.0361 0
1564 4.0328 0
730 4.0108 0
1817 3.9848 0
928 3.9728 0
1711 3.9639 0
801 3.9602 0
913 3.9424 0
1770 3.9304 0
280 3.9157 0
505 3.9096 0
26 3.8924 0
935 3.8914 0
174 3.8887 0
584 3.8879 0
1992 3.8862 0
977 3.8633 0
1841 3.8612 0
1808 3.8533 0
1691 3.8529 0
1464 3.8528 0
1866 3.8459 0
205 3.8448 0
1494 3.8337 0
987 3.8199 0
546 3.7960 0
946 3.7917 0
1150 3.7816 0
1021 3.7780 0
29 3.7656 0
506 3.7581 0
1552 3.7542 0
1642 3.7402 0
1648 3.7095 0
1327 3.7090 0
1155 3.7077 0
600 3.7058 1
53 3.6952 0
63 3.6829 0
14 3.6766 0
28 3.6735 0
102 3.6642 0
88 3.6634 0
134 3.6594 0
189 3.6455 0
785 3.6349 0
1451 3.6334 0
1991 3.6320 0
1453 3.6314 0
820 3.6124 0
1488 3.5949 0
942 3.5913 0
1775 3.5818 0
812 3.5752 0
848 3.5707 0
687 3.5477 0
558 3.5400 0
258 3.5311 0
15 3.5289 0
1714 3.5275 0
1723 3.5274 0
1181 3.5187 0
139 3.5172 0
921 3.5147 0
919 3.5010 0
1212 3.4884 0
836 3.4806 0
748 3.4704 0
1185 3.4566 0
288 3.4563 0
1626 3.4554 0
1732 3.4348 0
1753 3.4267 0
133 3.4203 0
1836 3.4076 0
410 3.3932 0
551 3.3927 0
33 3.3924 0
1729 3.3851 0
943 3.3808 0
1106 3.3684 0
1393 3.3662 0
77 3.3584 0
500 3.3516 0
1316 3.3425 0
1525 3.3352 0
1493 3.3225 0
1939 3.3172 0
1160 3.3119 0
1032 3.3077 0
1814 3.2984 0
333 3.2843 0
1922 3.2797 0
1204 3.2773 0
930 3.2767 0
282 3.2355 0
210 3.2213 0
853 3.2134 0
501 3.2110 0
1979 3.2074 0
826 3.2048 0
1156 3.1927 0
1141 3.1913 0
698 3.1907 0
1742 3.1861 0
32 3.1832 0
1726 3.1830 0
1191 3.1790 0
1024 3.1706 0
674 3.1701 0
741 3.1627 0
374 3.1556 0
1581 3.1545 0
1571 3.1467 0
1844 3.1403 0
1653 3.1389 0
246 3.1378 0
815 3.1376 0
596 3.1171 0
879 3.1155 0
1583 3.1084 0
522 3.1044 0
645 3.0954 1
1864 3.0937 0
1872 3.0930 0
203 3.0906 0
1923 3.0829 0
256 3.0812 0
1197 3.0739 0
703 3.0663 0
1163 3.0574 0
1184 3.0479 0
1064 3.0455 0
1080 3.0313 0
1651 3.0277 0
6 3.0270 0
1758 3.0234 0
576 3.0224 0
593 3.0182 0
564 3.0082 0
94 3.0016 0
1806 2.9911 0
1918 2.9884 0
1355 2.9864 0
1824 2.9778 0
936 2.9769 0
1937 2.9765 0
1780 2.9732 0
1179 2.9644 0
847 2.9623 0
1781 2.9589 0
1190 2.9585 0
829 2.9557 0
164 2.9556 0
1750 2.9429 0
276 2.9286 0
1531 2.9264 0
1964 2.9150 0
1854 2.8983 0
816 2.8876 0
742 2.8867 0
1649 2.8816 0
1182 2.8753 0
123 2.8700 0
934 2.8550 0
1902 2.8508 0
171 2.8451 0
904 2.8447 0
863 2.8408 0
918 2.8399 0
789 2.8387 0
466 2.8373 0
629 2.8317 1
154 2.8299 0
938 2.8295 0
795 2.8251 0
90 2.8241 0
582 2.8182 0
1499 2.8144 0
1722 2.8110 0
1213 2.8096 0
572 2.8076 0
444 2.8002 0
1307 2.7961 0
235 2.7912 0
30 2.7769 0
1800 2.7622 0
36 2.7512 0
602 2.7475 1
1342 2.7457 0
1811 2.7424 0
1171 2.7408 0
870 2.7360 0
1944 2.7331 0
1524 2.7171 0
1804 2.7055 0
1039 2.7014 0
813 2.6993 0
1825 2.6979 0
599 2.6949 0
1886 2.6753 0
1006 2.6550 0
39 2.6256 0
1152 2.6193 0
531 2.6180 0
1005 2.6116 0
693 2.6113 0
661 2.6109 0
255 2.6095 0
1851 2.5895 0
1942 2.5835 0
509 2.5574 0
810 2.5540 0
976 2.5419 0
916 2.5347 0
905 2.5320 0
1490 2.5291 0
1603 2.5198 0
959 2.5192 0
400 2.5113 0
1798 2.5105 0
1486 2.5101 0
195 2.5019 0
981 2.5008 0
1734 2.4891 0
1755 2.4864 0
1216 2.4856 0
266 2.4854 0
969 2.4823 0
831 2.4813 0
416 2.4811 0
1861 2.4804 0
681 2.4764 0
1833 2.4718 0
1463 2.4702 0
802 2.4658 0
278 2.4502 0
80 2.4484 0
1702 2.4437 0
925 2.4318 0
1196 2.4229 0
984 2.4204 0
1813 2.4197 0
927 2.4148 0
737 2.4142 0
851 2.4114 0
1481 2.4048 0
1741 2.4047 0
159 2.4031 0
1890 2.3997 0
11 2.3947 0
1786 2.3781 0
1622 2.3766 0
516 2.3756 0
1478 2.3750 0
1757 2.3714 0
1111 2.3688 0
1210 2.3626 0
87 2.3577 0
1226 2.3572 0
1920 2.3499 0
115 2.3403 0
907 2.3279 0
1483 2.3156 0
7 2.3131 0
1941 2.3106 0
1713 2.3031 0
804 2.3009 0
825 2.2944 0
113 2.2863 0
1044 2.2838 0
872 2.2834 0
1042 2.2830 0
850 2.2806 0
705 2.2802 0
828 2.2737 0
1195 2.2733 0
1474 2.2576 0
1951 2.2483 0
1574 2.2455 0
1947 2.2454 0
952 2.2448 0
265 2.2378 0
1623 2.2334 0
1376 2.2256 0
1700 2.2191 0
268 2.2143 0
814 2.2123 0
1928 2.2115 0
1627 2.2105 0
263 2.2006 0
404 2.1877 0
1018 2.1858 0
457 2.1849 0
45 2.1816 0
726 2.1775 0
146 2.1724 0
1205 2.1670 0
1840 2.1658 0
1078 2.1654 0
1466 2.1597 0
1749 2.1537 0
1487 2.1524 0
937 2.1471 0
128 2.1460 0
883 2.1447 0
1510 2.1403 0
1682 2.1373 0
251 2.1360 0
1730 2.1358 0
764 2.1351 0
833 2.1330 0
688 2.1267 0
817 2.1155 0
1379 2.1145 0
365 2.1112 0
1100 2.1054 0
1746 2.1046 0
1582 2.0898 0
4 2.0837 0
1091 2.0835 0
1496 2.0794 0
1516 2.0675 0
1476 2.0653 0
1076 2.0608 0
74 2.0560 0
1898 2.0520 0
549 2.0514 0
1778 2.0510 0
534 2.0475 0
1972 2.0430 0
238 2.0423 0
406 2.0390 0
1553 2.0360 0
1138 2.0330 0
1709 2.0287 0
535 2.0278 0
5 2.0197 0
1331 2.0141 0
234 2.0103 0
1618 2.0083 0
170 2.0014 0
1838 2.0009 0
132 1.9991 0
20 1.9983 0
58 1.9944 0
917 1.9910 0
973 1.9899 0
447 1.9848 0
369 1.9833 0
82 1.9806 0
1915 1.9721 0
37 1.9627 0
1901 1.9570 0
1860 1.9461 0
1952 1.9457 0
1799 1.9441 0
364 1.9353 0
722 1.9257 0
1215 1.9211 0
1329 1.9189 0
1177 1.9183 0
669 1.9176 0
65 1.9130 0
740 1.9125 0
965 1.9094 0
1479 1.9054 0
1934 1.9041 0
49 1.9037 0
61 1.9018 0
1149 1.8982 0
953 1.8961 0
1850 1.8897 0
163 1.8876 0
1945 1.8867 0
1050 1.8740 0
944 1.8732 0
1917 1.8584 0
552 1.8565 0
941 1.8526 0
1779 1.8355 0
1771 1.8233 0
199 1.8121 0
1056 1.8108 0
873 1.8067 0
129 1.8059 0
1508 1.7994 0
683 1.7969 0
279 1.7817 0
945 1.7773 0
1754 1.7722 0
1971 1.7662 0
888 1.7651 0
2 1.7646 0
1336 1.7457 0
1161 1.7369 0
1611 1.7367 0
966 1.7351 0
1708 1.7301 0
790 1.7283 0
1981 1.7280 0
248 1.7232 0
1689 1.7184 0
967 1.7088 0
48 1.7056 0
1452 1.6958 0
562 1.6896 0
34 1.6886 0
366 1.6769 0
1731 1.6755 0
1906 1.6674 0
1797 1.6654 0
1737 1.6597 0
1870 1.6569 0
673 1.6562 0
96 1.6522 0
887 1.6515 0
43 1.6475 0
1506 1.6468 0
794 1.6443 0
42 1.6397 0
1087 1.6355 0
1880 1.6305 0
1967 1.6241 0
1859 1.6213 0
1034 1.6202 0
347 1.6139 0
433 1.6037 0
1290 1.6033 0
1639 1.6026 0
1497 1.6017 0
1889 1.5857 0
391 1.5836 0
788 1.5813 0
1613 1.5757 0
1539 1.5733 0
718 1.5714 0
1617 1.5699 0
988 1.5631 0
671 1.5532 0
906 1.5517 0
209 1.5511 0
1523 1.5499 0
896 1.5496 0
1280 1.5486 0
841 1.5474 0
121 1.5467 0
1988 1.5411 0
1655 1.5379 0
1530 1.5340 0
504 1.5321 0
1294 1.5319 0
434 1.5308 0
392 1.5227 0
1 1.5221 0
1131 1.5220 0
514 1.5135 0
482 1.5084 0
1970 1.5082 0
1784 1.5081 0
1221 1.5023 0
1252 1.4964 0
83 1.4939 0
1863 1.4927 0
177 1.4865 0
1717 1.4861 0
1752 1.4828 0
592 1.4827 0
85 1.4797 0
1534 1.4786 0
1832 1.4751 0
1829 1.4740 0
69 1.4732 0
951 1.4702 0
1796 1.4696 0
287 1.4666 0
823 1.4641 0
1503 1.4640 0
839 1.4637 0
1658 1.4603 0
1484 1.4558 0
442 1.4542 0
968 1.4528 0
78 1.4515 0
845 1.4514 0
54 1.4488 0
1659 1.4476 0
1397 1.4470 0
1688 1.4438 0
297 1.4431 0
485 1.4377 0
1910 1.4336 0
1558 1.4313 0
354 1.4293 0
1760 1.4242 0
1517 1.4214 0
805 1.4173 0
743 1.4147 0
1692 1.4117 0
1848 1.4109 0
1897 1.4107 0
21 1.4074 0
729 1.4050 0
809 1.3969 0
1878 1.3901 0
1460 1.3797 0
24 1.3797 0
293 1.3780 0
1733 1.3774 0
1701 1.3770 0
1791 1.3752 0
1721 1.3716 0
728 1.3666 0
980 1.3573 0
665 1.3560 0
1807 1.3536 0
569 1.3463 0
46 1.3456 0
666 1.3369 0
1268 1.3353 0
98 1.3299 0
1821 1.3287 0
1820 1.3282 0
60 1.3002 0
678 1.2924 0
1847 1.2921 0
421 1.2911 0
583 1.2889 0
1456 1.2744 0
218 1.2726 0
1950 1.2709 0
1893 1.2642 0
524 1.2632 0
780 1.2621 0
1629 1.2618 0
1341 1.2597 0
1782 1.2568 0
970 1.2518 0
1823 1.2484 0
38 1.2468 0
837 1.2443 0
1459 1.2393 0
778 1.2278 0
1186 1.2266 0
289 1.2261 0
1756 1.2210 0
1879 1.2202 0
147 1.2170 0
1180 1.2167 0
298 1.2163 0
1323 1.2129 0
588 1.2123 0
1495 1.1994 0
733 1.1924 0
327 1.1908 0
523 1.1891 0
1884 1.1859 0
437 1.1848 0
1518 1.1806 0
1707 1.1797 0
1469 1.1755 0
1556 1.1744 0
223 1.1677 0
1843 1.1599 0
286 1.1524 0
111 1.1509 0
1669 1.1508 0
1491 1.1445 0
57 1.1440 0
1612 1.1345 0
1247 1.1337 0
31 1.1327 0
1868 1.1325 0
744 1.1290 0
1203 1.1289 0
1288 1.1274 0
1830 1.1235 0
518 1.1227 0
1561 1.1204 0
1853 1.1142 0
270 1.1142 0
1903 1.1105 0
1549 1.1072 0
117 1.1068 0
536 1.1060 0
1335 1.0981 0
1384 1.0962 0
527 1.0923 0
561 1.0922 0
423 1.0914 0
672 1.0900 0
1899 1.0857 0
1846 1.0845 0
653 1.0841 0
1519 1.0835 0
296 1.0762 0
0 1.0745 0
1554 1.0715 0
76 1.0664 0
253 1.0648 0
652 1.0618 0
1396 1.0580 0
1110 1.0560 0
412 1.0533 0
992 1.0486 0
1792 1.0477 0
1385 1.0454 0
1882 1.0372 0
1228 1.0364 0
542 1.0331 0
651 1.0327 0
1308 1.0276 0
241 1.0241 0
1822 1.0220 0
1351 1.0149 0
1504 1.0127 0
1073 1.0076 0
999 1.0076 0
1644 1.0064 0
1548 1.0056 0
182 1.0004 0
1172 0.9987 0
225 0.9980 0
242 0.9955 0
704 0.9944 0
1482 0.9939 0
958 0.9938 0
1088 0.9920 0
1960 0.9900 0
749 0.9841 0
407 0.9819 0
396 0.9803 0
13 0.9802 0
513 0.9793 0
368 0.9764 0
1428 0.9691 0
961 0.9690 0
1090 0.9685 0
1667 0.9593 0
1587 0.9501 0
525 0.9397 0
1728 0.9355 0
1875 0.9353 0
1690 0.9272 0
1845 0.9251 0
1309 0.9245 0
1809 0.9198 0
1744 0.9188 0
1202 0.9168 0
1256 0.9156 0
306 0.9074 0
92 0.9062 0
1596 0.9034 0
1455 0.9008 0
23 0.8975 0
59 0.8913 0
1657 0.8873 0
1132 0.8871 0
1240 0.8829 0
453 0.8823 0
1849 0.8820 0
1790 0.8808 0
319 0.8736 0
1187 0.8695 0
491 0.8684 0
330 0.8642 0
67 0.8601 0
187 0.8600 0
1660 0.8597 0
1266 0.8532 0
1283 0.8518 0
1468 0.8496 0
1052 0.8465 0
1636 0.8400 0
1356 0.8310 0
1712 0.8292 0
933 0.8287 0
1002 0.8234 0
1745 0.8215 0
191 0.8208 0
1584 0.8207 0
867 0.8139 0
1572 0.8134 0
19 0.8123 0
663 0.8111 0
1666 0.8109 0
1248 0.8107 0
1061 0.8012 0
1698 0.7917 0
1957 0.7905 0
435 0.7854 0
679 0.7832 0
294 0.7811 0
349 0.7804 0
216 0.7768 0
747 0.7765 0
284 0.7750 0
537 0.7744 0
1589 0.7724 0
1986 0.7683 0
388 0.7608 0
1368 0.7580 0
1223 0.7523 0
838 0.7479 0
1085 0.7460 0
1129 0.7442 0
8 0.7423 0
1993 0.7410 0
1509 0.7407 0
909 0.7388 0
304 0.7377 0
1620 0.7363 0
1234 0.7320 0
259 0.7302 0
352 0.7255 0
55 0.7227 0
168 0.7202 0
901 0.7158 0
1480 0.7151 0
1199 0.7141 0
1605 0.7138 0
1615 0.7108 0
797 0.7104 0
1113 0.7093 0
1339 0.7089 0
429 0.7045 0
114 0.6985 0
1020 0.6977 0
587 0.6971 0
483 0.6970 0
1380 0.6930 0
176 0.6907 0
978 0.6888 0
106 0.6795 0
1538 0.6723 0
1738 0.6694 0
1382 0.6635 0
1990 0.6634 0
1254 0.6627 0
1577 0.6573 0
86 0.6492 0
781 0.6486 0
515 0.6471 0
1071 0.6450 0
122 0.6427 0
62 0.6362 0
1631 0.6277 0
1881 0.6276 0
153 0.6247 0
1694 0.6230 0
1051 0.6227 0
1231 0.6143 0
1016 0.6137 0
1600 0.6104 0
751 0.6101 0
782 0.6093 0
1148 0.6075 0
701 0.6020 0
891 0.6020 0
215 0.5978 0
1467 0.5977 0
857 0.5948 0
260 0.5893 0
172 0.5880 0
498 0.5852 0
1338 0.5798 0
316 0.5737 0
1084 0.5691 0
1867 0.5691 0
787 0.5687 0
1693 0.5667 0
281 0.5595 0
100 0.5535 0
353 0.5447 0
699 0.5405 0
1871 0.5403 0
723 0.5389 0
1634 0.5364 0
528 0.5335 0
713 0.5305 0
900 0.5225 0
1515 0.5212 0
137 0.5198 0
1543 0.5189 0
50 0.5159 0
497 0.5147 0
64 0.5145 0
144 0.5123 0
1457 0.5120 0
408 0.5097 0
460 0.5062 0
181 0.5059 0
230 0.5025 0
1074 0.4998 0
196 0.4987 0
655 0.4969 0
1300 0.4962 0
481 0.4957 0
124 0.4941 0
363 0.4919 0
1563 0.4907 0
97 0.4869 0
998 0.4859 0
1940 0.4828 0
1063 0.4760 0
56 0.4657 0
807 0.4637 0
940 0.4602 0
1159 0.4577 0
939 0.4554 0
443 0.4513 0
1559 0.4497 0
1312 0.4406 0
179 0.4405 0
682 0.4382 0
1059 0.4328 0
1929 0.4299 0
1672 0.4271 0
355 0.4266 0
1450 0.4195 0
307 0.4141 0
190 0.4053 0
1579 0.4027 0
1805 0.4001 0
452 0.3942 0
1500 0.3907 0
183 0.3863 0
914 0.3823 0
1966 0.3766 0
1542 0.3731 0
818 0.3698 0
1353 0.3643 0
175 0.3576 0
1168 0.3555 0
1989 0.3535 0
1787 0.3523 0
1987 0.3483 0
1679 0.3470 0
273 0.3467 0
1555 0.3456 0
1164 0.3440 0
1919 0.3332 0
581 0.3291 0
1222 0.3284 0
843 0.3250 0
662 0.3244 0
503 0.3231 0
371 0.3182 0
1968 0.3176 0
1134 0.3028 0
375 0.3025 0
1885 0.2974 0
1931 0.2949 0
1022 0.2920 0
1625 0.2899 0
1766 0.2719 0
271 0.2714 0
1560 0.2705 0
1802 0.2701 0
660 0.2699 0
1435 0.2678 0
18 0.2651 0
1083 0.2595 0
1454 0.2588 0
141 0.2576 0
929 0.2574 0
84 0.2541 0
418 0.2481 0
450 0.2460 0
1751 0.2402 0
595 0.2396 0
573 0.2337 0
292 0.2266 0
559 0.2243 0
277 0.2242 0
1334 0.2235 0
1245 0.2191 0
926 0.2174 0
233 0.2141 0
427 0.2128 0
1936 0.2123 0
1066 0.2108 0
1143 0.2036 0
1332 0.2024 0
594 0.1999 0
1067 0.1989 0
1895 0.1891 0
1643 0.1858 0
1776 0.1843 0
990 0.1826 0
1126 0.1824 0
81 0.1809 0
1974 0.1806 0
770 0.1775 0
130 0.1773 0
1072 0.1728 0
1715 0.1722 0
1997 0.1692 0
1674 0.1655 0
1075 0.1605 0
1716 0.1562 0
1395 0.1548 0
1735 0.1515 0
824 0.1462 0
1004 0.1462 0
1010 0.1458 0
261 0.1452 0
387 0.1448 0
162 0.1419 0
597 0.1417 0
198 0.1376 0
145 0.1369 0
734 0.1320 0
436 0.1278 0
1095 0.1270 0
1562 0.1258 0
1961 0.1221 0
512 0.1194 0
800 0.1164 0
1720 0.1085 0
1017 0.1067 0
1348 0.1037 0
862 0.1034 0
971 0.0870 0
1472 0.0798 0
519 0.0784 0
118 0.0671 0
745 0.0665 0
1422 0.0653 0
511 0.0629 0
342 0.0616 0
1772 0.0605 0
979 0.0596 0
1043 0.0574 0
1544 0.0555 0
1640 0.0518 0
1962 0.0511 0
725 0.0458 0
1402 0.0394 0
1200 0.0278 0
1924 0.0239 0
1145 0.0183 0
835 0.0077 0
1418 0.0067 0
832 0.0032 0
411 0.0021 0
714 -0.0075 0
1536 -0.0081 0
95 -0.0093 0
148 -0.0125 0
309 -0.0130 0
245 -0.0152 0
47 -0.0179 0
1097 -0.0203 0
108 -0.0213 0
140 -0.0246 0
480 -0.0251 0
1765 -0.0278 0
864 -0.0311 0
1710 -0.0374 0
68 -0.0431 0
399 -0.0477 0
1242 -0.0484 0
1229 -0.0542 0
167 -0.0580 0
361 -0.0586 0
1930 -0.0645 0
724 -0.0646 0
93 -0.0673 0
1609 -0.0675 0
344 -0.0683 0
736 -0.0798 0
1621 -0.0801 0
1458 -0.0803 0
1069 -0.0805 0
1607 -0.0873 0
362 -0.0878 0
1570 -0.0904 0
920 -0.0913 0
158 -0.0925 0
1345 -0.0926 0
1925 -0.0942 0
1597 -0.0947 0
1573 -0.0957 0
1278 -0.1028 0
771 -0.1029 0
586 -0.1031 0
798 -0.1072 0
194 -0.1097 0
727 -0.1103 0
821 -0.1122 0
1763 -0.1155 0
1513 -0.1197 0
1956 -0.1263 0
1842 -0.1274 0
1408 -0.1295 0
1641 -0.1338 0
893 -0.1344 0
1227 -0.1360 0
1650 -0.1362 0
1740 -0.1362 0
1568 -0.1376 0
972 -0.1440 0
892 -0.1454 0
1520 -0.1484 0
827 -0.1486 0
808 -0.1522 0
1994 -0.1725 0
75 -0.1779 0
532 -0.1788 0
1352 -0.1815 0
1827 -0.1820 0
983 -0.1849 0
324 -0.1865 0
9 -0.1870 0
477 -0.1963 0
753 -0.1963 0
1410 -0.1991 0
1243 -0.2009 0
373 -0.2009 0
1602 -0.2180 0
1477 -0.2190 0
880 -0.2203 0
702 -0.2204 0
1119 -0.2237 0
254 -0.2252 0
243 -0.2281 0
311 -0.2314 0
706 -0.2400 0
1965 -0.2432 0
834 -0.2436 0
567 -0.2515 0
1244 -0.2535 0
1831 -0.2605 0
1975 -0.2606 0
754 -0.2615 0
1541 -0.2678 0
1122 -0.2821 0
792 -0.2824 0
1127 -0.2834 0
1328 -0.2839 0
257 -0.2845 0
285 -0.2993 0
1816 -0.3018 0
1286 -0.3060 0
372 -0.3081 0
554 -0.3083 0
1703 -0.3115 0
963 -0.3136 0
1528 -0.3204 0
107 -0.3238 0
1103 -0.3323 0
479 -0.3331 0
1058 -0.3346 0
555 -0.3377 0
1595 -0.3396 0
1330 -0.3400 0
1774 -0.3412 0
889 -0.3415 0
1616 -0.3456 0
1908 -0.3494 0
1003 -0.3495 0
510 -0.3506 0
360 -0.3509 0
694 -0.3512 0
1055 -0.3524 0
1112 -0.3579 0
326 -0.3617 0
695 -0.3656 0
502 -0.3658 0
910 -0.3715 0
1407 -0.3735 0
677 -0.3752 0
1369 -0.3754 0
197 -0.3776 0
842 -0.3818 0
1955 -0.3827 0
739 -0.3858 0
1211 -0.3994 0
424 -0.4045 0
1295 -0.4099 0
799 -0.4111 0
237 -0.4174 0
956 -0.4202 0
350 -0.4268 0
389 -0.4268 0
1892 -0.4277 0
25 -0.4286 0
1598 -0.4293 0
135 -0.4355 0
72 -0.4365 0
269 -0.4370 0
1883 -0.4385 0
110 -0.4387 0
1315 -0.4433 0
840 -0.4522 0
1858 -0.4522 0
779 -0.4525 0
720 -0.4582 0
317 -0.4600 0
960 -0.4659 0
138 -0.4736 0
221 -0.4790 0
336 -0.4817 0
732 -0.4827 0
302 -0.4900 0
1913 -0.4917 0
656 -0.4917 0
470 -0.5177 0
529 -0.5188 0
1357 -0.5253 0
1793 -0.5319 0
1070 -0.5332 0
1302 -0.5339 0
228 -0.5366 0
1980 -0.5375 0
877 -0.5377 0
1580 -0.5385 0
1912 -0.5459 0
1998 -0.5471 0
1347 -0.5522 0
1144 -0.5527 0
791 -0.5549 0
1547 -0.5555 0
401 -0.5558 0
1235 -0.5561 0
700 -0.5571 0
44 -0.5589 0
670 -0.5598 0
428 -0.5620 0
469 -0.5663 0
1514 -0.5743 0
1608 -0.5809 0
1546 -0.5826 0
517 -0.5828 0
1365 -0.5848 0
1299 -0.5857 0
213 -0.5887 0
1943 -0.5898 0
846 -0.5939 0
783 -0.6083 0
202 -0.6159 0
99 -0.6233 0
570 -0.6261 0
40 -0.6293 0
1040 -0.6298 0
472 -0.6298 0
1094 -0.6314 0
1142 -0.6328 0
156 -0.6332 0
478 -0.6378 0
1938 -0.6383 0
1424 -0.6391 0
1624 -0.6397 0
1857 -0.6407 0
1403 -0.6449 0
1322 -0.6515 0
1358 -0.6525 0
495 -0.6582 0
675 -0.6600 0
1264 -0.6639 0
659 -0.6639 0
116 -0.6662 0
1905 -0.6664 0
1162 -0.6680 0
200 -0.6683 0
272 -0.6689 0
1390 -0.6710 0
358 -0.6733 0
658 -0.6767 0
1438 -0.6787 0
1973 -0.6825 0
1984 -0.6846 0
1370 -0.6954 0
1935 -0.6962 0
1431 -0.7058 0
1522 -0.7063 0
1926 -0.7071 0
1601 -0.7071 0
757 -0.7165 0
393 -0.7182 0
1219 -0.7195 0
1768 -0.7217 0
206 -0.7278 0
496 -0.7305 0
556 -0.7316 0
793 -0.7323 0
1297 -0.7358 0
430 -0.7401 0
1349 -0.7433 0
224 -0.7501 0
1081 -0.7551 0
227 -0.7609 0
868 -0.7635 0
1015 -0.7656 0
1400 -0.7744 0
1115 -0.7796 0
1098 -0.7839 0
160 -0.7850 0
1217 -0.7906 0
338 -0.7983 0
192 -0.7986 0
1333 -0.8114 0
591 -0.8132 0
212 -0.8134 0
689 -0.8140 0
1699 -0.8155 0
1527 -0.8160 0
16 -0.8202 0
419 -0.8222 0
922 -0.8323 0
425 -0.8398 0
735 -0.8424 0
575 -0.8469 0
991 -0.8511 0
178 -0.8554 0
1249 -0.8575 0
173 -0.8583 0
303 -0.8583 0
738 -0.8599 0
252 -0.8625 0
1652 -0.8675 0
1557 -0.8692 0
91 -0.8722 0
538 -0.8732 0
986 -0.8792 0
448 -0.8947 0
974 -0.9029 0
1446 -0.9042 0
1372 -0.9140 0
150 -0.9229 0
283 -0.9299 0
380 -0.9362 0
1001 -0.9397 0
1101 -0.9409 0
157 -0.9459 0
680 -0.9508 0
1954 -0.9521 0
710 -0.9524 0
1093 -0.9600 0
1237 -0.9631 0
1566 -0.9634 0
1236 -0.9646 0
1194 -0.9719 0
314 -0.9818 0
394 -0.9822 0
849 -0.9864 0
305 -0.9868 0
1089 -0.9870 0
89 -0.9887 0
1124 -0.9907 0
1656 -0.9933 0
876 -0.9936 0
125 -1.0003 0
1033 -1.0026 0
217 -1.0028 0
1096 -1.0087 0
127 -1.0090 0
1354 -1.0104 0
1610 -1.0154 0
395 -1.0208 0
566 -1.0219 0
1748 -1.0228 0
830 -1.0240 0
390 -1.0243 0
345 -1.0274 0
1326 -1.0293 0
1366 -1.0317 0
104 -1.0327 0
1306 -1.0353 0
844 -1.0428 0
1444 -1.0506 0
1360 -1.0541 0
1904 -1.0549 0
17 -1.0641 0
445 -1.0672 0
708 -1.0687 0
912 -1.0804 0
1475 -1.0936 0
553 -1.1072 0
685 -1.1083 0
1383 -1.1231 0
451 -1.1257 0
323 -1.1287 0
1977 -1.1299 0
1320 -1.1328 0
1647 -1.1333 0
1207 -1.1428 0
962 -1.1528 0
300 -1.1568 0
1953 -1.1660 0
1671 -1.1680 0
931 -1.1696 0
1551 -1.1740 0
1104 -1.1761 0
1606 -1.1792 0
1425 -1.1821 0
1683 -1.1830 0
381 -1.1877 0
1999 -1.1883 0
1036 -1.1911 0
1911 -1.1932 0
1614 -1.1944 0
473 -1.1960 0
1049 -1.2045 0
1670 -1.2088 0
236 -1.2104 0
1680 -1.2108 0
471 -1.2114 0
1405 -1.2238 0
142 -1.2240 0
166 -1.2284 0
1265 -1.2347 0
1995 -1.2364 0
1963 -1.2425 0
580 -1.2497 0
1079 -1.2555 0
1130 -1.2633 0
1783 -1.2638 0
1060 -1.2641 0
1604 -1.2750 0
339 -1.2756 0
989 -1.2756 0
1869 -1.2785 0
1565 -1.2800 0
758 -1.2814 0
1344 -1.2815 0
291 -1.2853 0
1232 -1.2915 0
1068 -1.2929 0
1284 -1.2969 0
315 -1.2973 0
180 -1.3026 0
1030 -1.3065 0
1983 -1.3118 0
716 -1.3139 0
420 -1.3277 0
709 -1.3281 0
560 -1.3315 0
1927 -1.3341 0
803 -1.3384 0
1777 -1.3410 0
1137 -1.3421 0
1909 -1.3500 0
1590 -1.3578 0
1533 -1.3595 0
331 -1.3598 0
1035 -1.3603 0
1025 -1.3616 0
335 -1.3753 0
1045 -1.3916 0
1526 -1.3965 0
1914 -1.3996 0
1461 -1.4028 0
340 -1.4036 0
1921 -1.4069 0
1521 -1.4145 0
219 -1.4194 0
463 -1.4269 0
541 -1.4324 0
1907 -1.4336 0
1224 -1.4361 0
1398 -1.4369 0
109 -1.4411 0
250 -1.4430 0
1260 -1.4447 0
1233 -1.4490 0
664 -1.4585 0
201 -1.4594 0
1378 -1.4600 0
1540 -1.4627 0
1739 -1.4647 0
871 -1.4664 0
545 -1.4709 0
1399 -1.4731 0
985 -1.4768 0
719 -1.4824 0
721 -1.4908 0
1900 -1.4945 0
35 -1.4978 0
1241 -1.4991 0
1099 -1.5002 0
1174 -1.5013 0
982 -1.5022 0
66 -1.5046 0
882 -1.5072 0
432 -1.5080 0
1270 -1.5146 0
1567 -1.5199 0
274 -1.5243 0
684 -1.5258 0
1678 -1.5284 0
774 -1.5315 0
414 -1.5334 0
776 -1.5433 0
321 -1.5477 0
1985 -1.5490 0
403 -1.5509 0
1139 -1.5587 0
152 -1.5666 0
490 -1.5741 0
1646 -1.5747 0
1046 -1.5785 0
762 -1.5875 0
1537 -1.5886 0
1343 -1.5915 0
886 -1.5918 0
1635 -1.5919 0
860 -1.5925 0
499 -1.5953 0
1594 -1.6006 0
441 -1.6011 0
103 -1.6033 0
220 -1.6046 0
1014 -1.6140 0
1193 -1.6218 0
1291 -1.6301 0
484 -1.6428 0
548 -1.6456 0
526 -1.6476 0
1361 -1.6507 0
578 -1.6655 0
881 -1.6683 0
1293 -1.6731 0
105 -1.6754 0
1545 -1.6777 0
1350 -1.6790 0
1697 -1.6803 0
222 -1.6882 0
1209 -1.6972 0
1371 -1.7212 0
1946 -1.7273 0
359 -1.7282 0
1862 -1.7293 0
1324 -1.7314 0
1123 -1.7350 0
574 -1.7392 0
543 -1.7394 0
1416 -1.7423 0
1976 -1.7432 0
351 -1.7435 0
318 -1.7443 0
1759 -1.7513 0
1550 -1.7557 0
295 -1.7575 0
1287 -1.7593 0
1013 -1.7623 0
1133 -1.7626 0
1535 -1.7661 0
456 -1.7681 0
1638 -1.7727 0
1239 -1.7731 0
1948 -1.7739 0
1037 -1.7796 0
1933 -1.7820 0
1102 -1.7837 0
1529 -1.7842 0
1502 -1.7868 0
1107 -1.7881 0
1978 -1.7905 0
1053 -1.7923 0
207 -1.7938 0
759 -1.7974 0
884 -1.8006 0
357 -1.8048 0
1282 -1.8052 0
1125 -1.8066 0
1654 -1.8096 0
1077 -1.8111 0
1109 -1.8114 0
1337 -1.8258 0
1426 -1.8316 0
1325 -1.8352 0
379 -1.8431 0
1386 -1.8434 0
1969 -1.8439 0
464 -1.8459 0
1949 -1.8757 0
869 -1.8794 0
343 -1.8828 0
1665 -1.8839 0
377 -1.8874 0
1364 -1.8911 0
468 -1.8966 0
1662 -1.8988 0
994 -1.8998 0
367 -1.8998 0
1279 -1.9183 0
161 -1.9197 0
101 -1.9274 0
1147 -1.9313 0
71 -1.9353 0
1576 -1.9417 0
370 -1.9493 0
508 -1.9621 0
589 -1.9623 0
488 -1.9646 0
244 -1.9662 0
1505 -1.9693 0
112 -1.9917 0
676 -1.9954 0
397 -1.9982 0
1086 -2.0023 0
1038 -2.0120 0
1593 -2.0314 0
752 -2.0336 0
1420 -2.0354 0
772 -2.0374 0
1588 -2.0508 0
924 -2.0523 0
1340 -2.0529 0
768 -2.0610 0
915 -2.0682 0
1406 -2.0734 0
1687 -2.0760 0
895 -2.0849 0
1569 -2.0881 0
247 -2.0905 0
1298 -2.0910 0
691 -2.0928 0
438 -2.1021 0
439 -2.1062 0
1916 -2.1172 0
455 -2.1185 0
1031 -2.1286 0
1225 -2.1332 0
492 -2.1382 0
486 -2.1400 0
650 -2.1422 0
1392 -2.1518 0
131 -2.1530 0
1448 -2.1545 0
211 -2.1606 0
1585 -2.1650 0
1218 -2.1652 0
79 -2.1656 0
1121 -2.1661 0
1637 -2.1673 0
231 -2.1681 0
1208 -2.1829 0
1661 -2.1874 0
1000 -2.2121 0
1114 -2.2129 0
1105 -2.2132 0
1305 -2.2262 0
547 -2.2351 0
1062 -2.2353 0
1318 -2.2416 0
796 -2.2519 0
712 -2.2550 0
1158 -2.2554 0
769 -2.2574 0
786 -2.2605 0
1498 -2.2710 0
240 -2.2796 0
1592 -2.2800 0
185 -2.2888 0
493 -2.2990 0
540 -2.3002 0
1275 -2.3202 0
312 -2.3239 0
151 -2.3374 0
322 -2.3435 0
894 -2.3450 0
1026 -2.3510 0
995 -2.3635 0
52 -2.3666 0
476 -2.3824 0
822 -2.3847 0
668 -2.3888 0
1434 -2.3905 0
341 -2.3934 0
1146 -2.3973 0
711 -2.4010 0
1432 -2.4013 0
858 -2.4013 0
1675 -2.4068 0
1140 -2.4078 0
184 -2.4132 0
332 -2.4277 0
1276 -2.4316 0
690 -2.4360 0
717 -2.4593 0
1313 -2.4717 0
378 -2.4823 0
1599 -2.4832 0
1310 -2.4873 0
405 -2.4929 0
459 -2.4941 0
382 -2.4942 0
1681 -2.4964 0
1982 -2.5062 0
1048 -2.5078 0
1663 -2.5209 0
155 -2.5258 0
1359 -2.5337 0
1118 -2.5403 0
474 -2.5589 0
520 -2.5634 0
1257 -2.5643 0
214 -2.5715 0
1253 -2.5806 0
746 -2.5810 0
1289 -2.5844 0
449 -2.5881 0
1201 -2.5894 0
1120 -2.6034 0
1092 -2.6087 0
1377 -2.6132 0
386 -2.6189 0
997 -2.6316 0
320 -2.6365 0
852 -2.6379 0
1664 -2.6500 0
1311 -2.6510 0
1255 -2.6627 0
149 -2.6633 0
1389 -2.6639 0
1511 -2.6675 0
1012 -2.6676 0
1319 -2.6677 0
426 -2.6736 0
1374 -2.6788 0
383 -2.6797 0
475 -2.6810 0
1591 -2.6858 0
1668 -2.6873 0
1412 -2.7089 0
461 -2.7306 0
975 -2.7426 0
1258 -2.7906 0
1363 -2.8030 0
1271 -2.8223 0
313 -2.8246 0
1285 -2.8269 0
398 -2.8406 0
409 -2.8414 0
356 -2.8464 0
1346 -2.8476 0
232 -2.8487 0
1019 -2.8676 0
467 -2.8712 0
249 -2.8783 0
415 -2.8831 0
1029 -2.8836 0
1440 -2.8945 0
1417 -2.9040 0
1292 -2.9234 0
856 -2.9368 0
1695 -2.9383 0
539 -2.9458 0
657 -2.9497 0
208 -2.9527 0
1401 -2.9536 0
1414 -2.9578 0
784 -2.9682 0
1437 -2.9749 0
1632 -2.9761 0
731 -2.9800 0
885 -2.9884 0
763 -2.9913 0
1575 -2.9971 0
950 -3.0025 0
431 -3.0095 0
1409 -3.0193 0
521 -3.0543 0
1423 -3.0559 0
697 -3.0834 0
565 -3.0929 0
1008 -3.0942 0
1512 -3.1212 0
454 -3.1501 0
136 -3.1541 0
126 -3.1614 0
1128 -3.1637 0
119 -3.1785 0
1874 -3.1864 0
458 -3.1893 0
1082 -3.1919 0
384 -3.2060 0
1281 -3.2093 0
897 -3.2117 0
1238 -3.2121 0
329 -3.2381 0
1932 -3.2424 0
1261 -3.2441 0
1439 -3.2522 0
1274 -3.3006 0
1810 -3.3018 0
767 -3.3052 0
1465 -3.3122 0
1007 -3.3254 0
598 -3.3265 0
1645 -3.3467 0
385 -3.3543 0
1277 -3.3616 0
1296 -3.3947 0
1317 -3.3966 0
866 -3.4122 0
1501 -3.4362 0
1262 -3.4396 0
692 -3.4398 0
1381 -3.4420 0
1250 -3.4554 0
1135 -3.4763 0
1633 -3.5328 0
756 -3.5385 0
188 -3.5514 0
1685 -3.6006 0
239 -3.6047 0
1259 -3.6298 0
1676 -3.6404 0
957 -3.6415 0
1362 -3.6472 0
165 -3.6589 0
186 -3.6651 0
1304 -3.7019 0
1619 -3.7104 0
169 -3.7384 0
334 -3.7460 0
1108 -3.7700 0
1404 -3.8013 0
854 -3.8870 0
1429 -3.8872 0
750 -3.8946 0
1375 -3.8964 0
1441 -3.9179 0
1433 -3.9245 0
1677 -3.9303 0
193 -3.9891 0
1684 -3.9975 0
73 -4.0184 0
1047 -4.0228 0
1445 -4.0710 0
1415 -4.1120 0
1263 -4.1355 0
1009 -4.1500 0
1430 -4.1610 0
1388 -4.1936 0
328 -4.1993 0
1419 -4.2068 0
898 -4.2091 0
376 -4.2094 0
1028 -4.2353 0
859 -4.2738 0
696 -4.2956 0
1251 -4.3046 0
1011 -4.3081 0
422 -4.3285 0
1367 -4.3287 0
1436 -4.3293 0
1273 -4.3752 0
1267 -4.3756 0
507 -4.3801 0
1272 -4.3998 0
761 -4.4043 0
1673 -4.4270 0
954 -4.4296 0
1413 -4.4510 0
1696 -4.4518 0
875 -4.4780 0
346 -4.4846 0
1373 -4.5533 0
766 -4.6199 0
229 -4.6244 0
1391 -4.6741 0
1686 -4.6923 0
996 -4.7081 0
1443 -4.7679 0
1136 -4.7853 0
1269 -4.7973 0
1427 -4.8155 0
1027 -4.8436 0
861 -4.8833 0
1411 -4.8918 0
489 -5.0210 0
1394 -5.0335 0
462 -5.0572 0
855 -5.0702 0
1449 -5.1420 0
533 -5.1426 0
325 -5.1834 0
955 -5.3410 0
899 -5.5821 0
1442 -5.7481 0
308 -6.0318 0
1421 -6.0758 0
1023 -6.3213 0
865 -6.3615 0
