684 35.8714 1
670 33.5511 1
696 33.0231 1
666 31.4605 1
680 31.1430 1
656 27.6312 1
671 27.0468 1
682 23.7793 1
658 22.4456 1
688 22.0604 1
679 21.9441 1
686 21.5726 1
665 20.3057 1
673 19.6283 1
652 17.5005 1
668 17.3052 1
1523 17.1759 0
681 17.0159 1
661 16.6542 1
687 16.5415 1
676 16.1936 1
699 16.1882 1
662 15.9287 1
667 15.7975 1
690 15.4835 1
675 15.4694 1
685 15.4533 1
664 14.4466 1
669 14.2369 1
659 14.1887 1
683 13.7627 1
1548 13.4812 0
1353 13.2761 0
678 13.1258 1
698 12.9697 1
697 12.6045 1
1330 12.2665 0
1362 11.4239 0
654 11.3357 1
694 10.9966 1
689 10.8559 1
535 10.6578 0
1626 10.2887 0
691 10.2115 1
1597 9.6259 0
1763 9.6168 0
663 9.5005 1
360 9.4144 0
1478 9.3634 0
1623 9.3603 0
444 8.4425 0
32 8.3806 0
1359 8.2100 0
657 8.2063 1
1611 8.1135 0
1607 8.1035 0
30 8.0712 0
506 8.0333 0
672 7.8830 1
677 7.8403 1
653 7.7683 1
106 7.7186 0
1617 7.5373 0
655 7.5296 1
1560 7.4836 0
674 7.4744 1
1588 7.4658 0
1625 7.3460 0
191 7.2836 0
173 7.1959 0
1357 7.0999 0
1504 7.0389 0
1547 7.0233 0
1542 6.8727 0
507 6.8327 0
1521 6.7993 0
1086 6.7622 0
1649 6.7537 0
1510 6.6640 0
1637 6.6064 0
1662 6.5540 0
1498 6.5291 0
1589 6.4886 0
1873 6.3698 0
1612 6.3083 0
1070 6.2913 0
300 6.2589 0
1622 6.2279 0
1074 6.2231 0
1500 6.2149 0
1373 6.1813 0
1647 6.1629 0
660 6.1531 1
469 6.1329 0
1543 6.1294 0
695 6.0806 1
950 6.0707 0
1455 6.0194 0
482 6.0124 0
40 6.0089 0
1143 5.9880 0
1690 5.9737 0
1641 5.9329 0
842 5.9284 0
1340 5.9067 0
1629 5.8921 0
109 5.8910 0
1082 5.8724 0
1149 5.8375 0
1148 5.8261 0
1655 5.8175 0
1197 5.7688 0
592 5.6975 0
1313 5.6756 0
119 5.6584 0
47 5.5628 0
1532 5.5460 0
1056 5.5400 0
979 5.5076 0
1956 5.4970 0
1608 5.4916 0
563 5.4804 0
801 5.4656 0
1517 5.4004 0
1093 5.3994 0
879 5.3734 0
1671 5.3714 0
692 5.3497 1
1107 5.3484 0
1475 5.3305 0
1598 5.3243 0
408 5.2923 0
1364 5.2669 0
630 5.2517 0
923 5.2178 0
1526 5.2128 0
1388 5.1712 0
1489 5.1357 0
1050 5.1333 0
568 5.1212 0
361 5.0758 0
1395 5.0692 0
651 5.0665 1
1933 5.0566 0
1412 5.0426 0
364 5.0394 0
1961 5.0383 0
1039 5.0322 0
1541 4.9982 0
1606 4.9918 0
1559 4.9599 0
528 4.9526 0
1358 4.9420 0
1363 4.9370 0
901 4.9296 0
1503 4.9278 0
1515 4.9030 0
1911 4.8844 0
1186 4.8536 0
1582 4.8439 0
1557 4.8381 0
714 4.8155 0
830 4.7951 0
1996 4.7932 0
1367 4.7821 0
1239 4.7473 0
1648 4.7312 0
1632 4.7304 0
359 4.7266 0
732 4.7037 0
1658 4.6933 0
185 4.6931 0
432 4.6892 0
1654 4.6528 0
1458 4.6470 0
1493 4.6409 0
808 4.6319 0
1352 4.6234 0
1244 4.6198 0
1059 4.6116 0
1476 4.6009 0
1704 4.5880 0
1361 4.5607 0
515 4.5583 0
1667 4.5556 0
170 4.5455 0
826 4.5425 0
409 4.5151 0
1604 4.5116 0
382 4.5078 0
353 4.5002 0
1552 4.4826 0
1110 4.4800 0
324 4.4778 0
1772 4.4648 0
1673 4.4329 0
470 4.4267 0
625 4.4184 0
1399 4.4141 0
1465 4.4120 0
1136 4.4051 0
1678 4.3937 0
1652 4.3812 0
1355 4.3206 0
25 4.3156 0
1459 4.3006 0
1453 4.2935 0
1614 4.2883 0
903 4.2784 0
1605 4.2622 0
1781 4.2288 0
1645 4.2103 0
227 4.2078 0
1090 4.1933 0
424 4.1389 0
1932 4.1082 0
1951 4.0948 0
1584 4.0880 0
1525 4.0871 0
1381 4.0723 0
1565 4.0606 0
1023 4.0559 0
1591 4.0359 0
1573 4.0343 0
129 4.0193 0
1945 4.0118 0
1407 3.9940 0
1376 3.9863 0
318 3.9517 0
1643 3.9495 0
1424 3.9468 0
1486 3.9460 0
186 3.9334 0
1646 3.9301 0
1527 3.9166 0
1615 3.9074 0
1633 3.8966 0
21 3.8874 0
1536 3.8764 0
1663 3.8505 0
782 3.8495 0
837 3.8440 0
1450 3.7906 0
1693 3.7752 0
532 3.7554 0
1487 3.7475 0
1386 3.7411 0
1616 3.7391 0
44 3.7349 0
1924 3.7295 0
1473 3.7288 0
471 3.7169 0
1119 3.7053 0
1534 3.6987 0
379 3.6972 0
780 3.6847 0
1627 3.6782 0
1 3.6669 0
1052 3.6613 0
739 3.6442 0
1628 3.6374 0
53 3.6353 0
620 3.6131 0
1413 3.6037 0
1875 3.5750 0
1661 3.5745 0
1410 3.5535 0
1568 3.5501 0
1451 3.5492 0
1545 3.5461 0
650 3.5278 1
1080 3.5102 0
629 3.5047 0
1581 3.5022 0
1522 3.4934 0
181 3.4849 0
1192 3.4821 0
334 3.4770 0
1125 3.4561 0
1516 3.4286 0
1674 3.4214 0
366 3.4194 0
1087 3.4158 0
1480 3.4076 0
1699 3.3841 0
1570 3.3809 0
354 3.3724 0
840 3.3631 0
1609 3.3606 0
123 3.3560 0
1485 3.3366 0
1578 3.3166 0
1191 3.3126 0
503 3.3099 0
1555 3.3081 0
1389 3.3024 0
1457 3.2896 0
809 3.2865 0
1544 3.2694 0
1091 3.2635 0
162 3.2613 0
844 3.2517 0
1034 3.2312 0
1499 3.2214 0
1021 3.2134 0
1092 3.2118 0
450 3.2083 0
1366 3.2018 0
1384 3.1886 0
1531 3.1848 0
1870 3.1770 0
1199 3.1688 0
1538 3.1590 0
1762 3.1501 0
1692 3.1405 0
795 3.1304 0
1099 3.1268 0
1069 3.1143 0
427 3.0877 0
1166 3.0857 0
1596 3.0822 0
1636 3.0800 0
1477 3.0779 0
1561 3.0691 0
204 3.0590 0
1122 3.0557 0
1550 3.0544 0
1679 3.0536 0
577 3.0513 0
1076 3.0510 0
458 3.0488 0
1055 3.0314 0
237 3.0270 0
1890 3.0254 0
1850 3.0240 0
325 3.0221 0
1428 3.0030 0
319 3.0006 0
917 2.9960 0
1567 2.9861 0
1135 2.9794 0
1115 2.9611 0
539 2.9599 0
479 2.9581 0
1593 2.9535 0
421 2.9499 0
1343 2.9305 0
1182 2.9302 0
986 2.9279 0
369 2.9238 0
1497 2.9217 0
912 2.9209 0
1603 2.9052 0
763 2.8972 0
464 2.8965 0
1447 2.8933 0
1150 2.8913 0
1479 2.8909 0
1546 2.8857 0
974 2.8808 0
1088 2.8796 0
1146 2.8731 0
145 2.8697 0
876 2.8630 0
791 2.8542 0
1580 2.8537 0
1631 2.8527 0
1794 2.8235 0
126 2.8234 0
1556 2.8153 0
1787 2.7948 0
1490 2.7896 0
580 2.7881 0
551 2.7839 0
357 2.7817 0
1784 2.7619 0
1219 2.7546 0
1520 2.7427 0
1640 2.7420 0
423 2.7384 0
710 2.7354 0
1085 2.7330 0
773 2.7315 0
1173 2.7295 0
1446 2.7160 0
969 2.7082 0
411 2.7044 0
327 2.6998 0
1983 2.6997 0
1696 2.6981 0
429 2.6867 0
560 2.6860 0
1215 2.6840 0
1514 2.6779 0
991 2.6734 0
1618 2.6709 0
320 2.6624 0
1613 2.6567 0
972 2.6567 0
814 2.6440 0
622 2.6372 0
1466 2.6361 0
1394 2.6295 0
1853 2.6195 0
1941 2.6048 0
716 2.6045 0
1116 2.5984 0
440 2.5888 0
701 2.5840 0
754 2.5811 0
1587 2.5654 0
1602 2.5645 0
601 2.5638 0
1533 2.5630 0
8 2.5594 0
462 2.5572 0
437 2.5530 0
199 2.5492 0
973 2.5443 0
1189 2.5408 0
1595 2.5384 0
1624 2.5357 0
1768 2.5282 0
608 2.5250 0
1345 2.5111 0
167 2.5000 0
1317 2.4972 0
1509 2.4880 0
1839 2.4850 0
255 2.4850 0
1237 2.4722 0
1969 2.4673 0
1471 2.4665 0
1963 2.4659 0
957 2.4650 0
1454 2.4578 0
1051 2.4523 0
7 2.4512 0
271 2.4510 0
897 2.4481 0
20 2.4467 0
873 2.4446 0
1563 2.4407 0
1114 2.4299 0
1227 2.4257 0
1098 2.4160 0
1798 2.4159 0
1224 2.4142 0
465 2.4067 0
1569 2.4035 0
322 2.3977 0
932 2.3974 0
376 2.3934 0
533 2.3915 0
246 2.3896 0
459 2.3896 0
1053 2.3848 0
1425 2.3839 0
1217 2.3832 0
188 2.3788 0
380 2.3787 0
176 2.3753 0
1575 2.3752 0
572 2.3729 0
426 2.3676 0
1205 2.3661 0
921 2.3599 0
1644 2.3595 0
196 2.3590 0
175 2.3530 0
10 2.3514 0
1118 2.3418 0
452 2.3398 0
693 2.3352 1
1566 2.3319 0
1216 2.3319 0
1482 2.3274 0
705 2.3121 0
1077 2.3087 0
1511 2.3041 0
612 2.3010 0
446 2.2864 0
1108 2.2826 0
626 2.2825 0
1878 2.2821 0
1238 2.2804 0
239 2.2691 0
1048 2.2616 0
639 2.2608 0
824 2.2597 0
1680 2.2591 0
513 2.2588 0
1621 2.2571 0
308 2.2560 0
1137 2.2506 0
1583 2.2485 0
14 2.2444 0
1398 2.2333 0
315 2.2330 0
1992 2.2258 0
163 2.2222 0
822 2.2213 0
1422 2.2135 0
1657 2.2052 0
1083 2.2022 0
1577 2.2006 0
1456 2.1944 0
1066 2.1930 0
1140 2.1912 0
990 2.1855 0
384 2.1763 0
1247 2.1673 0
544 2.1533 0
24 2.1338 0
1229 2.1318 0
1128 2.1302 0
1937 2.1253 0
1651 2.1226 0
925 2.1208 0
1894 2.1188 0
497 2.1114 0
1242 2.1071 0
704 2.0899 0
260 2.0897 0
18 2.0875 0
1046 2.0873 0
816 2.0871 0
405 2.0818 0
709 2.0752 0
906 2.0696 0
1939 2.0636 0
733 2.0608 0
336 2.0604 0
902 2.0581 0
530 2.0518 0
1929 2.0355 0
1512 2.0319 0
1081 2.0291 0
777 2.0287 0
184 2.0235 0
1181 2.0230 0
142 2.0200 0
189 2.0173 0
896 2.0172 0
301 2.0136 0
1409 2.0042 0
952 1.9995 0
1669 1.9970 0
1230 1.9960 0
1218 1.9941 0
834 1.9864 0
1049 1.9806 0
1639 1.9801 0
1045 1.9663 0
1147 1.9646 0
802 1.9620 0
935 1.9615 0
1948 1.9567 0
1112 1.9518 0
1685 1.9487 0
419 1.9476 0
1142 1.9472 0
1780 1.9373 0
536 1.9360 0
853 1.9335 0
153 1.9298 0
1554 1.9296 0
1619 1.9253 0
480 1.9237 0
417 1.9236 0
31 1.9219 0
1912 1.9112 0
1072 1.9100 0
541 1.9088 0
187 1.9083 0
1675 1.9068 0
1063 1.9053 0
395 1.9048 0
1928 1.8967 0
1068 1.8963 0
948 1.8960 0
401 1.8948 0
1915 1.8911 0
1777 1.8879 0
1686 1.8822 0
1635 1.8815 0
49 1.8801 0
178 1.8754 0
1210 1.8744 0
1436 1.8704 0
1947 1.8576 0
1765 1.8512 0
1985 1.8487 0
1065 1.8414 0
1576 1.8411 0
1061 1.8411 0
180 1.8347 0
388 1.8250 0
1249 1.8215 0
66 1.8206 0
339 1.8125 0
466 1.8105 0
218 1.8098 0
390 1.8004 0
1073 1.7933 0
1024 1.7870 0
800 1.7805 0
1423 1.7794 0
615 1.7783 0
829 1.7708 0
646 1.7689 0
1007 1.7619 0
779 1.7599 0
1162 1.7591 0
1774 1.7556 0
1177 1.7521 0
473 1.7409 0
1221 1.7371 0
1014 1.7368 0
1130 1.7207 0
365 1.7203 0
11 1.7189 0
930 1.7182 0
1380 1.7150 0
1960 1.7146 0
491 1.7130 0
1978 1.7121 0
15 1.7098 0
831 1.6901 0
59 1.6878 0
329 1.6859 0
817 1.6810 0
370 1.6757 0
584 1.6745 0
1269 1.6644 0
1968 1.6594 0
321 1.6565 0
1374 1.6523 0
1505 1.6479 0
1109 1.6424 0
1448 1.6397 0
728 1.6372 0
1001 1.6363 0
900 1.6340 0
1354 1.6322 0
155 1.6310 0
16 1.6296 0
1694 1.6285 0
1463 1.6284 0
445 1.6234 0
35 1.6145 0
1594 1.6132 0
435 1.6128 0
331 1.6032 0
118 1.6005 0
810 1.6004 0
1558 1.5991 0
579 1.5796 0
637 1.5778 0
524 1.5773 0
1104 1.5687 0
400 1.5637 0
1339 1.5616 0
9 1.5595 0
1123 1.5591 0
1990 1.5578 0
1103 1.5553 0
38 1.5510 0
1120 1.5505 0
399 1.5505 0
1397 1.5479 0
1586 1.5471 0
1371 1.5433 0
1936 1.5413 0
1981 1.5398 0
1236 1.5304 0
1687 1.5298 0
818 1.5250 0
1285 1.5218 0
1319 1.5214 0
740 1.5186 0
847 1.5162 0
1495 1.5131 0
344 1.5120 0
1751 1.5119 0
715 1.5091 0
1243 1.5079 0
1129 1.5078 0
1888 1.5010 0
823 1.4982 0
1601 1.4925 0
1698 1.4899 0
1369 1.4798 0
169 1.4643 0
781 1.4640 0
205 1.4628 0
557 1.4548 0
274 1.4493 0
1845 1.4475 0
1084 1.4318 0
1245 1.4261 0
494 1.4248 0
1213 1.4207 0
192 1.4090 0
984 1.4089 0
276 1.4083 0
1460 1.4066 0
1733 1.3986 0
820 1.3980 0
1106 1.3972 0
1955 1.3898 0
150 1.3850 0
29 1.3850 0
1095 1.3824 0
1518 1.3797 0
1771 1.3739 0
1754 1.3656 0
3 1.3655 0
1935 1.3648 0
534 1.3647 0
1908 1.3640 0
1067 1.3542 0
1954 1.3354 0
1706 1.3331 0
160 1.3316 0
394 1.3300 0
1390 1.3261 0
1461 1.3187 0
265 1.3141 0
72 1.3113 0
1254 1.3097 0
734 1.3094 0
944 1.3093 0
874 1.3089 0
525 1.3006 0
406 1.3003 0
1009 1.2958 0
1753 1.2945 0
148 1.2921 0
1782 1.2909 0
854 1.2896 0
1788 1.2867 0
787 1.2857 0
1240 1.2851 0
486 1.2850 0
1906 1.2801 0
193 1.2615 0
1158 1.2574 0
1234 1.2553 0
606 1.2504 0
1408 1.2500 0
1141 1.2479 0
940 1.2478 0
1695 1.2475 0
1094 1.2428 0
907 1.2375 0
128 1.2366 0
226 1.2365 0
799 1.2322 0
1165 1.2275 0
1406 1.2231 0
463 1.2177 0
1867 1.2125 0
574 1.2125 0
45 1.2109 0
256 1.2076 0
1670 1.2039 0
806 1.1998 0
988 1.1984 0
1382 1.1975 0
1927 1.1858 0
1228 1.1837 0
93 1.1836 0
340 1.1805 0
1251 1.1800 0
1501 1.1779 0
1966 1.1744 0
17 1.1726 0
1513 1.1677 0
943 1.1562 0
355 1.1533 0
108 1.1455 0
614 1.1438 0
1914 1.1437 0
442 1.1390 0
420 1.1341 0
1152 1.1340 0
107 1.1275 0
783 1.1260 0
811 1.1215 0
554 1.1188 0
1419 1.1161 0
1976 1.1144 0
1881 1.1088 0
1999 1.1077 0
241 1.1065 0
1519 1.0963 0
1494 1.0927 0
1356 1.0917 0
1668 1.0870 0
1800 1.0850 0
1351 1.0849 0
753 1.0815 0
761 1.0786 0
936 1.0754 0
738 1.0694 0
558 1.0652 0
1916 1.0646 0
1426 1.0621 0
633 1.0596 0
1100 1.0592 0
62 1.0549 0
121 1.0539 0
1248 1.0498 0
439 1.0426 0
474 1.0375 0
240 1.0275 0
19 1.0268 0
1759 1.0240 0
1496 1.0188 0
1396 1.0169 0
414 1.0150 0
839 1.0085 0
970 1.0041 0
282 1.0017 0
284 0.9954 0
757 0.9946 0
1925 0.9939 0
1036 0.9928 0
1193 0.9893 0
1769 0.9873 0
1171 0.9807 0
415 0.9807 0
1920 0.9805 0
719 0.9752 0
403 0.9712 0
4 0.9712 0
1946 0.9711 0
735 0.9705 0
303 0.9683 0
273 0.9658 0
645 0.9634 0
1537 0.9626 0
1972 0.9624 0
1571 0.9614 0
1018 0.9598 0
251 0.9594 0
1549 0.9575 0
1702 0.9545 0
1871 0.9501 0
508 0.9501 0
1508 0.9449 0
1528 0.9415 0
209 0.9318 0
183 0.9300 0
407 0.9282 0
1712 0.9250 0
391 0.9244 0
1750 0.9189 0
65 0.9167 0
149 0.9114 0
392 0.9101 0
538 0.9086 0
1905 0.9080 0
6 0.9071 0
434 0.9061 0
1203 0.9043 0
1688 0.8996 0
1222 0.8878 0
396 0.8845 0
198 0.8831 0
433 0.8802 0
512 0.8728 0
266 0.8726 0
1979 0.8711 0
133 0.8690 0
1553 0.8657 0
1676 0.8609 0
748 0.8603 0
1079 0.8599 0
919 0.8598 0
1760 0.8580 0
1899 0.8484 0
351 0.8440 0
233 0.8435 0
522 0.8353 0
1415 0.8321 0
385 0.8319 0
1346 0.8309 0
1307 0.8266 0
316 0.8177 0
1417 0.8133 0
195 0.8104 0
1252 0.8098 0
1311 0.8071 0
807 0.7899 0
1002 0.7893 0
389 0.7865 0
1844 0.7842 0
1403 0.7817 0
1414 0.7811 0
1592 0.7798 0
1836 0.7790 0
332 0.7740 0
1689 0.7728 0
1438 0.7701 0
600 0.7629 0
428 0.7619 0
644 0.7482 0
939 0.7448 0
311 0.7430 0
517 0.7409 0
1443 0.7380 0
835 0.7376 0
911 0.7319 0
792 0.7306 0
1225 0.7295 0
443 0.7268 0
1131 0.7208 0
1491 0.7203 0
1973 0.7170 0
1530 0.7114 0
960 0.7074 0
356 0.7044 0
1211 0.7002 0
550 0.6948 0
1535 0.6924 0
721 0.6922 0
775 0.6909 0
980 0.6897 0
1303 0.6895 0
28 0.6889 0
500 0.6883 0
1683 0.6863 0
1998 0.6841 0
1375 0.6813 0
905 0.6789 0
137 0.6739 0
1435 0.6729 0
1918 0.6709 0
1378 0.6664 0
1282 0.6648 0
94 0.6565 0
564 0.6508 0
585 0.6467 0
1989 0.6430 0
1464 0.6394 0
786 0.6379 0
1385 0.6333 0
67 0.6325 0
1524 0.6280 0
993 0.6238 0
1492 0.6226 0
825 0.6219 0
124 0.6078 0
1659 0.5998 0
621 0.5984 0
1000 0.5969 0
1766 0.5955 0
794 0.5948 0
127 0.5931 0
2 0.5895 0
958 0.5879 0
448 0.5840 0
1950 0.5808 0
229 0.5808 0
102 0.5714 0
182 0.5571 0
1325 0.5555 0
1902 0.5487 0
335 0.5445 0
997 0.5425 0
1714 0.5390 0
457 0.5383 0
640 0.5250 0
860 0.5227 0
555 0.5218 0
1824 0.5120 0
307 0.5081 0
798 0.4945 0
1638 0.4915 0
1139 0.4843 0
210 0.4828 0
703 0.4825 0
1590 0.4812 0
1931 0.4745 0
74 0.4729 0
1539 0.4729 0
1656 0.4677 0
1796 0.4496 0
1970 0.4484 0
110 0.4415 0
412 0.4295 0
1893 0.4202 0
756 0.4182 0
34 0.4180 0
1350 0.4152 0
976 0.4133 0
916 0.4121 0
713 0.4119 0
346 0.4081 0
1653 0.4080 0
413 0.4077 0
104 0.3964 0
1101 0.3963 0
286 0.3955 0
1987 0.3920 0
1016 0.3878 0
1037 0.3826 0
1441 0.3807 0
975 0.3790 0
1043 0.3734 0
812 0.3693 0
1724 0.3644 0
1892 0.3639 0
510 0.3554 0
884 0.3524 0
179 0.3482 0
373 0.3404 0
1183 0.3371 0
1204 0.3330 0
378 0.3301 0
1650 0.3228 0
1434 0.3214 0
1349 0.3139 0
244 0.3126 0
152 0.3025 0
1677 0.3010 0
938 0.2998 0
981 0.2991 0
926 0.2924 0
1481 0.2897 0
1062 0.2780 0
1044 0.2775 0
899 0.2761 0
1167 0.2729 0
1235 0.2709 0
489 0.2678 0
964 0.2660 0
845 0.2656 0
1437 0.2618 0
1898 0.2610 0
505 0.2593 0
1159 0.2556 0
472 0.2544 0
101 0.2491 0
312 0.2280 0
338 0.2255 0
707 0.2236 0
743 0.2163 0
348 0.2150 0
43 0.2131 0
213 0.2110 0
961 0.2097 0
1452 0.1981 0
1980 0.1952 0
88 0.1949 0
383 0.1945 0
1810 0.1931 0
112 0.1928 0
1529 0.1919 0
1684 0.1871 0
1157 0.1811 0
1986 0.1802 0
438 0.1790 0
867 0.1787 0
559 0.1773 0
989 0.1689 0
398 0.1664 0
828 0.1636 0
1907 0.1626 0
135 0.1550 0
436 0.1459 0
217 0.1440 0
1620 0.1418 0
1195 0.1380 0
1791 0.1356 0
207 0.1347 0
1113 0.1241 0
1634 0.1227 0
371 0.1220 0
422 0.1216 0
272 0.1205 0
1179 0.1189 0
323 0.1186 0
951 0.1151 0
933 0.1140 0
987 0.1138 0
565 0.1120 0
1430 0.1108 0
456 0.1107 0
1233 0.1084 0
1944 0.1075 0
269 0.1044 0
454 0.1020 0
519 0.1006 0
358 0.0998 0
946 0.0994 0
945 0.0984 0
1664 0.0981 0
1370 0.0950 0
797 0.0892 0
744 0.0887 0
42 0.0882 0
1940 0.0831 0
1904 0.0818 0
1304 0.0796 0
147 0.0763 0
527 0.0718 0
910 0.0693 0
864 0.0671 0
982 0.0597 0
1808 0.0519 0
726 0.0484 0
623 0.0472 0
772 0.0471 0
1795 0.0344 0
478 0.0248 0
1903 0.0107 0
1572 0.0089 0
1360 0.0063 0
1862 0.0051 0
1610 0.0029 0
741 -0.0036 0
76 -0.0058 0
1060 -0.0068 0
511 -0.0076 0
447 -0.0094 0
1917 -0.0132 0
1432 -0.0157 0
927 -0.0167 0
134 -0.0179 0
144 -0.0278 0
1703 -0.0308 0
1900 -0.0321 0
13 -0.0349 0
1847 -0.0374 0
146 -0.0390 0
589 -0.0461 0
1387 -0.0506 0
1889 -0.0572 0
804 -0.0587 0
1660 -0.0672 0
863 -0.0700 0
27 -0.0746 0
302 -0.0751 0
702 -0.0769 0
852 -0.0791 0
1078 -0.1015 0
317 -0.1023 0
1748 -0.1029 0
849 -0.1055 0
291 -0.1089 0
1830 -0.1100 0
1405 -0.1126 0
1792 -0.1186 0
1993 -0.1190 0
98 -0.1232 0
278 -0.1335 0
77 -0.1352 0
1467 -0.1372 0
402 -0.1419 0
1401 -0.1446 0
1778 -0.1452 0
1739 -0.1504 0
1957 -0.1594 0
526 -0.1613 0
1185 -0.1644 0
1377 -0.1678 0
1444 -0.1729 0
1710 -0.1733 0
1767 -0.1766 0
441 -0.1792 0
593 -0.1819 0
1207 -0.1825 0
725 -0.1830 0
731 -0.1846 0
1745 -0.1846 0
455 -0.1855 0
1952 -0.1860 0
610 -0.1902 0
111 -0.1928 0
1188 -0.1952 0
220 -0.1990 0
1035 -0.1997 0
832 -0.1999 0
755 -0.2055 0
502 -0.2071 0
1047 -0.2084 0
232 -0.2086 0
190 -0.2165 0
1991 -0.2218 0
1004 -0.2222 0
931 -0.2248 0
1713 -0.2296 0
1071 -0.2362 0
116 -0.2418 0
1057 -0.2437 0
264 -0.2491 0
404 -0.2527 0
1198 -0.2551 0
542 -0.2554 0
1786 -0.2587 0
1392 -0.2591 0
1913 -0.2604 0
91 -0.2607 0
967 -0.2614 0
1010 -0.2619 0
838 -0.2644 0
453 -0.2651 0
866 -0.2658 0
1926 -0.2660 0
758 -0.2678 0
1295 -0.2699 0
1075 -0.2733 0
594 -0.2741 0
172 -0.2766 0
1026 -0.2771 0
571 -0.2791 0
819 -0.2792 0
1312 -0.2800 0
924 -0.2892 0
643 -0.2926 0
1174 -0.2930 0
1187 -0.2941 0
46 -0.2952 0
1642 -0.2966 0
122 -0.3018 0
1134 -0.3053 0
764 -0.3171 0
1846 -0.3172 0
1746 -0.3274 0
1470 -0.3274 0
297 -0.3287 0
521 -0.3313 0
1562 -0.3331 0
1184 -0.3364 0
1306 -0.3451 0
1738 -0.3451 0
1223 -0.3514 0
868 -0.3533 0
766 -0.3533 0
1175 -0.3608 0
1719 -0.3629 0
86 -0.3630 0
430 -0.3705 0
1019 -0.3713 0
865 -0.3725 0
983 -0.3754 0
368 -0.3766 0
418 -0.3775 0
523 -0.3789 0
1942 -0.3798 0
1153 -0.3837 0
117 -0.3837 0
638 -0.3838 0
537 -0.3917 0
1064 -0.3928 0
410 -0.3948 0
846 -0.3987 0
1579 -0.4021 0
36 -0.4135 0
295 -0.4212 0
509 -0.4221 0
1585 -0.4304 0
166 -0.4310 0
52 -0.4330 0
1962 -0.4352 0
1868 -0.4438 0
157 -0.4445 0
649 -0.4447 0
1682 -0.4454 0
475 -0.4484 0
587 -0.4566 0
805 -0.4620 0
882 -0.4647 0
1337 -0.4649 0
1949 -0.4708 0
103 -0.4731 0
1484 -0.4757 0
1033 -0.4759 0
635 -0.4765 0
165 -0.4767 0
343 -0.4785 0
634 -0.4796 0
154 -0.4848 0
1982 -0.4860 0
636 -0.4861 0
387 -0.4894 0
449 -0.4914 0
712 -0.4949 0
1038 -0.4957 0
498 -0.4962 0
1709 -0.4982 0
200 -0.5012 0
1691 -0.5018 0
1190 -0.5045 0
855 -0.5060 0
1866 -0.5135 0
231 -0.5218 0
1032 -0.5222 0
1483 -0.5267 0
603 -0.5284 0
1264 -0.5395 0
722 -0.5418 0
762 -0.5528 0
877 -0.5584 0
1124 -0.5589 0
1860 -0.5612 0
1838 -0.5619 0
1921 -0.5634 0
1168 -0.5639 0
1832 -0.5707 0
547 -0.5711 0
890 -0.5715 0
1964 -0.5719 0
1214 -0.5751 0
1209 -0.5768 0
836 -0.5769 0
1338 -0.5811 0
476 -0.5842 0
1439 -0.5979 0
1876 -0.5993 0
768 -0.6022 0
1469 -0.6026 0
1429 -0.6032 0
23 -0.6033 0
1842 -0.6062 0
12 -0.6087 0
769 -0.6156 0
518 -0.6177 0
1445 -0.6213 0
460 -0.6259 0
929 -0.6318 0
1922 -0.6333 0
158 -0.6366 0
1722 -0.6373 0
1028 -0.6374 0
529 -0.6454 0
1472 -0.6538 0
309 -0.6541 0
1310 -0.6576 0
431 -0.6584 0
1420 -0.6588 0
1997 -0.6602 0
299 -0.6611 0
1241 -0.6644 0
151 -0.6734 0
531 -0.6911 0
971 -0.7046 0
1324 -0.7048 0
1169 -0.7117 0
1790 -0.7139 0
1829 -0.7154 0
1133 -0.7172 0
328 -0.7350 0
730 -0.7364 0
962 -0.7370 0
1294 -0.7388 0
998 -0.7421 0
201 -0.7482 0
1196 -0.7488 0
1155 -0.7525 0
1054 -0.7530 0
56 -0.7617 0
850 -0.7617 0
493 -0.7625 0
1974 -0.7649 0
1823 -0.7694 0
296 -0.7739 0
1910 -0.7765 0
1206 -0.7774 0
22 -0.7780 0
1721 -0.7800 0
1540 -0.7861 0
1025 -0.7865 0
1681 -0.7910 0
1154 -0.8001 0
1468 -0.8014 0
81 -0.8021 0
1923 -0.8043 0
1809 -0.8050 0
999 -0.8092 0
252 -0.8134 0
618 -0.8147 0
326 -0.8175 0
1599 -0.8262 0
1806 -0.8300 0
1278 -0.8387 0
784 -0.8490 0
591 -0.8492 0
230 -0.8578 0
520 -0.8607 0
759 -0.8616 0
556 -0.8653 0
1943 -0.8676 0
487 -0.8709 0
540 -0.8730 0
1869 -0.8738 0
851 -0.8754 0
1551 -0.8801 0
262 -0.8860 0
249 -0.8872 0
1287 -0.8919 0
1144 -0.8927 0
1411 -0.8933 0
1872 -0.8941 0
1502 -0.8962 0
1779 -0.8976 0
561 -0.9027 0
208 -0.9051 0
1764 -0.9058 0
211 -0.9081 0
1958 -0.9086 0
1773 -0.9133 0
298 -0.9195 0
1732 -0.9224 0
543 -0.9229 0
848 -0.9253 0
718 -0.9259 0
841 -0.9266 0
1731 -0.9415 0
1822 -0.9438 0
381 -0.9503 0
1818 -0.9524 0
73 -0.9562 0
949 -0.9604 0
562 -0.9608 0
767 -0.9630 0
1416 -0.9662 0
1715 -0.9678 0
1200 -0.9703 0
132 -0.9708 0
1967 -0.9727 0
1391 -0.9744 0
619 -0.9785 0
770 -0.9815 0
159 -0.9842 0
1886 -0.9876 0
821 -0.9908 0
886 -0.9911 0
352 -0.9921 0
516 -1.0081 0
599 -1.0086 0
57 -1.0124 0
268 -1.0143 0
349 -1.0188 0
602 -1.0200 0
996 -1.0221 0
1328 -1.0229 0
1819 -1.0257 0
1320 -1.0316 0
751 -1.0411 0
174 -1.0421 0
920 -1.0523 0
362 -1.0527 0
1716 -1.0545 0
1290 -1.0556 0
60 -1.0579 0
83 -1.0583 0
869 -1.0613 0
720 -1.0616 0
827 -1.0628 0
156 -1.0639 0
1965 -1.0675 0
1421 -1.0686 0
724 -1.0741 0
1672 -1.0768 0
248 -1.0782 0
546 -1.0849 0
609 -1.0889 0
1804 -1.0977 0
1882 -1.0978 0
647 -1.0994 0
1145 -1.1018 0
891 -1.1036 0
1705 -1.1063 0
1012 -1.1123 0
1232 -1.1171 0
1697 -1.1186 0
1194 -1.1192 0
947 -1.1219 0
341 -1.1248 0
224 -1.1251 0
1368 -1.1262 0
490 -1.1317 0
1132 -1.1342 0
1971 -1.1362 0
1040 -1.1369 0
1728 -1.1397 0
774 -1.1409 0
1995 -1.1432 0
968 -1.1455 0
235 -1.1459 0
48 -1.1504 0
1736 -1.1588 0
566 -1.1602 0
641 -1.1604 0
1896 -1.1652 0
216 -1.1691 0
708 -1.1711 0
496 -1.1722 0
304 -1.1723 0
236 -1.1748 0
1164 -1.1852 0
26 -1.1884 0
1296 -1.1915 0
963 -1.1968 0
977 -1.1989 0
1127 -1.2010 0
1327 -1.2034 0
1097 -1.2057 0
484 -1.2117 0
1877 -1.2124 0
477 -1.2130 0
1089 -1.2133 0
1851 -1.2144 0
377 -1.2145 0
1742 -1.2181 0
143 -1.2181 0
1011 -1.2229 0
495 -1.2249 0
760 -1.2260 0
1744 -1.2265 0
1344 -1.2378 0
1749 -1.2381 0
1372 -1.2414 0
548 -1.2459 0
140 -1.2485 0
1138 -1.2501 0
89 -1.2554 0
425 -1.2586 0
883 -1.2591 0
1404 -1.2624 0
985 -1.2679 0
1880 -1.2683 0
1402 -1.2695 0
367 -1.2697 0
727 -1.2718 0
1208 -1.2724 0
1857 -1.2776 0
375 -1.2791 0
345 -1.2802 0
1825 -1.2828 0
1433 -1.2851 0
1160 -1.2882 0
1334 -1.2949 0
245 -1.2951 0
85 -1.3041 0
1988 -1.3111 0
965 -1.3129 0
293 -1.3130 0
1901 -1.3140 0
1735 -1.3161 0
1717 -1.3202 0
96 -1.3282 0
1797 -1.3297 0
197 -1.3310 0
1348 -1.3318 0
0 -1.3336 0
582 -1.3442 0
1858 -1.3550 0
1776 -1.3625 0
261 -1.3668 0
1323 -1.3717 0
1727 -1.3761 0
752 -1.3815 0
796 -1.3847 0
1400 -1.3857 0
113 -1.3942 0
1220 -1.3979 0
1959 -1.4031 0
393 -1.4048 0
1178 -1.4089 0
1440 -1.4091 0
1864 -1.4093 0
1263 -1.4105 0
1725 -1.4108 0
1747 -1.4108 0
605 -1.4116 0
1365 -1.4152 0
115 -1.4271 0
69 -1.4338 0
1302 -1.4449 0
576 -1.4479 0
294 -1.4553 0
888 -1.4561 0
1756 -1.4570 0
1707 -1.4608 0
250 -1.4631 0
942 -1.4665 0
292 -1.4667 0
1802 -1.4703 0
99 -1.4879 0
616 -1.4914 0
33 -1.4953 0
1827 -1.4970 0
1630 -1.4987 0
1442 -1.4997 0
893 -1.5005 0
567 -1.5017 0
1151 -1.5048 0
314 -1.5159 0
1852 -1.5174 0
263 -1.5175 0
1121 -1.5208 0
280 -1.5236 0
267 -1.5301 0
55 -1.5319 0
789 -1.5339 0
1231 -1.5341 0
1277 -1.5379 0
878 -1.5466 0
880 -1.5592 0
1309 -1.5610 0
750 -1.5691 0
959 -1.5694 0
171 -1.5765 0
918 -1.5810 0
1020 -1.5819 0
813 -1.5871 0
765 -1.5898 0
895 -1.5929 0
776 -1.5984 0
100 -1.6026 0
941 -1.6098 0
1726 -1.6203 0
63 -1.6220 0
1564 -1.6249 0
504 -1.6303 0
1117 -1.6340 0
1730 -1.6348 0
1729 -1.6394 0
105 -1.6409 0
1170 -1.6452 0
1811 -1.6471 0
1793 -1.6509 0
289 -1.6544 0
1305 -1.6545 0
177 -1.6548 0
1666 -1.6559 0
1975 -1.6573 0
238 -1.6602 0
1288 -1.6605 0
1799 -1.6629 0
613 -1.6643 0
1884 -1.6647 0
333 -1.6674 0
1005 -1.6735 0
1783 -1.6760 0
70 -1.6840 0
1789 -1.6847 0
1977 -1.6892 0
275 -1.6990 0
386 -1.6999 0
887 -1.7069 0
815 -1.7088 0
1418 -1.7111 0
745 -1.7121 0
1314 -1.7144 0
1879 -1.7226 0
549 -1.7251 0
1665 -1.7289 0
992 -1.7295 0
803 -1.7334 0
1212 -1.7392 0
1805 -1.7459 0
552 -1.7499 0
1226 -1.7510 0
234 -1.7548 0
1058 -1.7548 0
1393 -1.7588 0
306 -1.7641 0
1253 -1.7715 0
1202 -1.7761 0
1379 -1.7791 0
749 -1.7807 0
1859 -1.7819 0
202 -1.7824 0
1176 -1.7841 0
1261 -1.7884 0
1775 -1.7899 0
894 -1.7909 0
468 -1.7911 0
790 -1.7982 0
617 -1.8000 0
1718 -1.8018 0
1953 -1.8031 0
994 -1.8115 0
1723 -1.8129 0
84 -1.8292 0
575 -1.8352 0
1841 -1.8363 0
966 -1.8395 0
131 -1.8406 0
1895 -1.8415 0
595 -1.8491 0
347 -1.8610 0
1031 -1.8630 0
1700 -1.8699 0
114 -1.8718 0
87 -1.8849 0
1347 -1.8934 0
723 -1.8941 0
898 -1.8941 0
862 -1.9055 0
771 -1.9123 0
1938 -1.9133 0
61 -1.9139 0
1022 -1.9149 0
717 -1.9227 0
1156 -1.9227 0
257 -1.9302 0
861 -1.9314 0
913 -1.9319 0
71 -1.9480 0
1246 -1.9486 0
700 -1.9507 0
1262 -1.9507 0
215 -1.9509 0
843 -1.9561 0
92 -1.9583 0
1815 -1.9592 0
1803 -1.9730 0
1488 -1.9737 0
1711 -1.9805 0
1006 -1.9832 0
1427 -1.9843 0
1855 -1.9848 0
1331 -1.9858 0
1318 -1.9861 0
1574 -1.9944 0
1462 -1.9990 0
922 -2.0050 0
225 -2.0122 0
492 -2.0134 0
285 -2.0159 0
1111 -2.0216 0
737 -2.0232 0
68 -2.0237 0
139 -2.0252 0
1383 -2.0316 0
578 -2.0404 0
64 -2.0487 0
904 -2.0513 0
206 -2.0606 0
37 -2.0644 0
747 -2.0648 0
259 -2.0841 0
1861 -2.0951 0
1720 -2.1015 0
871 -2.1055 0
928 -2.1077 0
1755 -2.1087 0
214 -2.1227 0
1840 -2.1231 0
1891 -2.1232 0
889 -2.1261 0
1930 -2.1264 0
858 -2.1507 0
281 -2.1515 0
342 -2.1545 0
1329 -2.1554 0
290 -2.1587 0
914 -2.1644 0
1274 -2.1696 0
778 -2.1893 0
288 -2.1983 0
374 -2.2099 0
1474 -2.2168 0
954 -2.2257 0
1279 -2.2288 0
1740 -2.2374 0
5 -2.2428 0
1984 -2.2428 0
604 -2.2535 0
488 -2.2603 0
1758 -2.2657 0
1275 -2.2678 0
624 -2.2786 0
859 -2.2923 0
631 -2.2987 0
499 -2.3108 0
120 -2.3117 0
590 -2.3142 0
1831 -2.3165 0
270 -2.3170 0
514 -2.3192 0
937 -2.3226 0
372 -2.3263 0
1003 -2.3276 0
203 -2.3284 0
1291 -2.3575 0
330 -2.3646 0
1105 -2.3668 0
461 -2.3680 0
596 -2.3688 0
416 -2.3748 0
573 -2.3923 0
1027 -2.3976 0
79 -2.4022 0
1276 -2.4058 0
97 -2.4102 0
219 -2.4192 0
337 -2.4277 0
856 -2.4371 0
1761 -2.4440 0
1299 -2.4588 0
467 -2.4590 0
1816 -2.4683 0
1883 -2.4723 0
1834 -2.4787 0
1286 -2.4819 0
1326 -2.4860 0
1271 -2.4963 0
141 -2.4975 0
785 -2.4976 0
1273 -2.4992 0
742 -2.5039 0
51 -2.5060 0
1741 -2.5091 0
857 -2.5102 0
287 -2.5227 0
788 -2.5246 0
501 -2.5311 0
1431 -2.5328 0
581 -2.5332 0
1826 -2.5357 0
1785 -2.5370 0
305 -2.5397 0
161 -2.5436 0
1708 -2.5452 0
1737 -2.5501 0
1743 -2.5528 0
627 -2.5669 0
1321 -2.5673 0
39 -2.5711 0
136 -2.5874 0
164 -2.6141 0
570 -2.6215 0
1126 -2.6215 0
736 -2.6229 0
1293 -2.6419 0
1507 -2.6465 0
1297 -2.6495 0
82 -2.6511 0
1887 -2.6557 0
125 -2.6580 0
397 -2.6843 0
58 -2.6876 0
1833 -2.7017 0
1161 -2.7076 0
1332 -2.7148 0
277 -2.7192 0
607 -2.7203 0
313 -2.7297 0
485 -2.7522 0
350 -2.7539 0
1994 -2.7833 0
1015 -2.7960 0
1849 -2.8193 0
1506 -2.8257 0
870 -2.8315 0
1770 -2.8412 0
1180 -2.8433 0
1813 -2.8685 0
1013 -2.8694 0
1341 -2.8704 0
583 -2.8857 0
1848 -2.8986 0
1752 -2.9055 0
875 -2.9197 0
1336 -2.9214 0
247 -2.9279 0
1449 -2.9310 0
915 -2.9429 0
54 -2.9464 0
1163 -2.9568 0
1008 -2.9652 0
1801 -2.9676 0
1600 -2.9697 0
90 -2.9987 0
1255 -3.0150 0
1874 -3.0269 0
1017 -3.0448 0
363 -3.0499 0
729 -3.0552 0
258 -3.0571 0
1102 -3.0631 0
885 -3.0853 0
1837 -3.0976 0
1342 -3.1020 0
243 -3.1371 0
1843 -3.1597 0
706 -3.1655 0
1701 -3.1698 0
545 -3.2006 0
1280 -3.2059 0
995 -3.2063 0
222 -3.2077 0
953 -3.2176 0
978 -3.2285 0
1096 -3.2291 0
310 -3.2301 0
1322 -3.2368 0
1256 -3.2486 0
1268 -3.2554 0
1270 -3.2593 0
451 -3.2644 0
1301 -3.2820 0
1257 -3.2898 0
1042 -3.2982 0
1919 -3.3215 0
1267 -3.3274 0
1029 -3.3305 0
41 -3.3436 0
1934 -3.3504 0
228 -3.3515 0
1041 -3.3659 0
908 -3.3712 0
632 -3.3760 0
597 -3.3821 0
881 -3.3976 0
1854 -3.4078 0
223 -3.4126 0
1284 -3.4252 0
80 -3.4268 0
279 -3.4656 0
1863 -3.4691 0
833 -3.4797 0
95 -3.5662 0
1734 -3.5938 0
1266 -3.5982 0
1265 -3.6066 0
1172 -3.6199 0
138 -3.6290 0
1300 -3.6340 0
50 -3.6403 0
130 -3.6433 0
1812 -3.6438 0
1897 -3.6653 0
194 -3.6887 0
1250 -3.6950 0
1885 -3.6987 0
569 -3.7085 0
1201 -3.7493 0
78 -3.7628 0
611 -3.7681 0
586 -3.7768 0
648 -3.8018 0
909 -3.8089 0
746 -3.8425 0
1030 -3.8457 0
553 -3.8614 0
1757 -3.8663 0
1817 -3.8872 0
1308 -3.8948 0
1821 -3.8954 0
711 -3.9077 0
1856 -3.9159 0
254 -3.9291 0
221 -3.9496 0
1814 -3.9545 0
1260 -3.9640 0
628 -4.0015 0
793 -4.0053 0
1298 -4.0106 0
1807 -4.0192 0
642 -4.0262 0
1281 -4.0268 0
956 -4.1371 0
212 -4.1509 0
75 -4.1685 0
1292 -4.1961 0
1820 -4.1970 0
481 -4.1973 0
892 -4.3055 0
1909 -4.3081 0
955 -4.3096 0
588 -4.3184 0
283 -4.4362 0
934 -4.5520 0
168 -4.6128 0
1316 -4.6686 0
872 -4.6874 0
1283 -4.6883 0
1333 -4.8121 0
253 -4.8138 0
598 -4.8480 0
1828 -4.8693 0
1259 -4.9143 0
1289 -4.9920 0
1272 -5.0578 0
242 -5.1825 0
1335 -5.2400 0
483 -5.2408 0
1315 -5.9960 0
1258 -6.1391 0
1865 -6.5821 0
1835 -7.1788 0
