746 32.2599 1
747 31.3301 1
717 29.4571 1
727 28.6757 1
728 28.3303 1
742 28.3293 1
705 26.3593 1
731 25.4089 1
701 25.2863 1
711 24.9082 1
748 24.6756 1
744 24.4043 1
730 23.6837 1
709 23.6294 1
722 22.8699 1
749 22.6699 1
734 22.1242 1
736 21.8143 1
735 21.6742 1
707 21.4350 1
706 21.2547 1
726 21.1642 1
716 21.1572 1
740 21.0060 1
704 20.8923 1
703 20.8766 1
741 20.8609 1
714 20.8189 1
712 20.7914 1
737 20.5472 1
713 20.3882 1
738 20.3500 1
725 20.2318 1
710 20.1448 1
715 20.1132 1
708 20.0195 1
724 19.0143 1
723 18.9086 1
732 17.2337 1
719 16.8034 1
739 16.7083 1
745 16.4127 1
702 16.3318 1
720 15.6530 1
1096 15.3584 0
721 14.1067 1
718 13.3995 1
733 12.9474 1
743 9.5946 1
1752 9.1832 0
587 8.6783 0
584 8.4520 0
700 8.3335 1
360 8.1439 0
868 7.5842 0
1852 7.5361 0
577 6.8334 0
1745 6.4816 0
594 6.3104 0
125 6.3039 0
1213 6.2670 0
599 6.0128 0
377 5.9472 0
361 5.9469 0
373 5.8014 0
1063 5.7117 0
591 5.6774 0
1416 5.6385 0
1561 5.5802 0
369 5.3598 0
574 5.2553 0
570 4.7292 0
1755 4.6597 0
564 4.6300 0
1760 4.5958 0
1799 4.5119 0
1104 4.3746 0
1334 4.3473 0
789 4.3389 0
1621 4.2619 0
539 4.2567 0
576 4.2231 0
1306 4.2156 0
913 4.1491 0
411 4.1481 0
653 4.1344 0
557 3.9959 0
1751 3.9794 0
1399 3.8372 0
841 3.8112 0
959 3.8004 0
519 3.7897 0
1886 3.6519 0
1012 3.6178 0
683 3.5766 0
84 3.5719 0
299 3.5697 0
923 3.5405 0
446 3.5179 0
1337 3.4780 0
729 3.4532 1
1638 3.4362 0
552 3.3795 0
598 3.3320 0
1496 3.3272 0
417 3.2840 0
1202 3.1922 0
595 3.1795 0
1850 3.1758 0
812 3.0439 0
516 3.0434 0
1127 3.0394 0
257 3.0235 0
1311 2.9831 0
641 2.9313 0
1756 2.9207 0
187 2.9025 0
295 2.8485 0
41 2.8352 0
645 2.7600 0
227 2.7079 0
695 2.6883 0
78 2.6463 0
938 2.6384 0
363 2.6352 0
911 2.5940 0
1021 2.5923 0
462 2.5877 0
1759 2.5807 0
147 2.5567 0
383 2.5522 0
15 2.5031 0
580 2.4921 0
660 2.4135 0
508 2.3921 0
916 2.3821 0
568 2.3505 0
809 2.3302 0
1843 2.3295 0
961 2.3255 0
1884 2.3123 0
1056 2.3024 0
1245 2.2994 0
390 2.2954 0
1793 2.2940 0
614 2.2859 0
1344 2.2572 0
1787 2.2205 0
1342 2.2105 0
1766 2.1919 0
905 2.1367 0
3 2.1119 0
1757 2.0930 0
561 2.0788 0
364 2.0752 0
597 2.0632 0
1203 2.0569 0
1433 2.0443 0
1214 2.0250 0
941 2.0001 0
1610 1.9566 0
665 1.9460 0
1683 1.9252 0
443 1.9133 0
220 1.8917 0
409 1.8662 0
441 1.8508 0
837 1.8168 0
1115 1.7853 0
554 1.7757 0
18 1.7706 0
1882 1.7418 0
1483 1.7250 0
954 1.6901 0
1762 1.6780 0
873 1.6748 0
1325 1.6632 0
190 1.6615 0
1775 1.6462 0
17 1.6397 0
1217 1.6195 0
1794 1.6175 0
435 1.6089 0
556 1.5277 0
1830 1.5147 0
447 1.5091 0
901 1.5008 0
563 1.5003 0
810 1.4937 0
805 1.4813 0
555 1.4810 0
922 1.4644 0
379 1.4558 0
1054 1.4535 0
396 1.4492 0
1210 1.4491 0
1057 1.4479 0
1212 1.4452 0
514 1.4428 0
1233 1.4328 0
1484 1.4311 0
166 1.4188 0
947 1.4077 0
399 1.4022 0
838 1.3836 0
1474 1.3795 0
511 1.3743 0
531 1.3742 0
90 1.3660 0
359 1.3624 0
353 1.3560 0
1905 1.3494 0
102 1.3460 0
534 1.3295 0
851 1.3252 0
1489 1.3174 0
1447 1.3065 0
1250 1.2891 0
632 1.2879 0
231 1.2766 0
573 1.2664 0
273 1.2662 0
1789 1.2504 0
432 1.2467 0
946 1.2383 0
1781 1.2189 0
1205 1.2085 0
530 1.1974 0
979 1.1967 0
904 1.1860 0
403 1.1827 0
553 1.1805 0
445 1.1737 0
820 1.1699 0
1385 1.1675 0
162 1.1573 0
246 1.1520 0
1934 1.1427 0
1765 1.1393 0
288 1.1332 0
566 1.1269 0
1364 1.1246 0
274 1.1142 0
1053 1.1031 0
350 1.1015 0
1121 1.0869 0
433 1.0868 0
890 1.0849 0
1672 1.0779 0
1218 1.0778 0
1066 1.0694 0
945 1.0654 0
920 1.0650 0
919 1.0569 0
1763 1.0548 0
997 1.0534 0
357 1.0364 0
828 1.0274 0
1134 1.0267 0
1371 1.0173 0
1346 1.0153 0
918 1.0136 0
1880 1.0117 0
1426 1.0068 0
1470 1.0032 0
416 1.0026 0
1770 1.0017 0
661 0.9882 0
1691 0.9814 0
254 0.9641 0
827 0.9619 0
1783 0.9567 0
676 0.9563 0
1408 0.9352 0
1031 0.9240 0
948 0.9178 0
137 0.9125 0
1863 0.9059 0
436 0.9006 0
136 0.8873 0
65 0.8642 0
939 0.8503 0
438 0.8418 0
1314 0.8312 0
302 0.8204 0
1754 0.8183 0
1833 0.8181 0
405 0.8154 0
1795 0.8083 0
148 0.8076 0
968 0.7935 0
1226 0.7864 0
1084 0.7835 0
835 0.7754 0
283 0.7725 0
503 0.7710 0
601 0.7587 0
1530 0.7571 0
1074 0.7545 0
13 0.7498 0
888 0.7484 0
550 0.7317 0
1073 0.7269 0
1467 0.7226 0
141 0.7221 0
1780 0.7212 0
470 0.6965 0
218 0.6937 0
85 0.6922 0
814 0.6908 0
201 0.6903 0
971 0.6897 0
1785 0.6894 0
917 0.6886 0
693 0.6871 0
1563 0.6774 0
210 0.6553 0
386 0.6452 0
807 0.6444 0
613 0.6440 0
1644 0.6439 0
494 0.6331 0
1232 0.6072 0
418 0.6043 0
1029 0.6041 0
391 0.5908 0
775 0.5886 0
627 0.5745 0
1906 0.5728 0
365 0.5615 0
528 0.5504 0
376 0.5283 0
1237 0.5249 0
424 0.5196 0
47 0.5073 0
1682 0.5009 0
565 0.4953 0
559 0.4912 0
367 0.4894 0
1026 0.4868 0
397 0.4865 0
1331 0.4857 0
1088 0.4851 0
180 0.4726 0
1620 0.4684 0
1037 0.4541 0
1930 0.4395 0
506 0.4308 0
833 0.4082 0
675 0.4071 0
1982 0.3902 0
1391 0.3841 0
171 0.3690 0
929 0.3682 0
589 0.3597 0
134 0.3579 0
217 0.3568 0
654 0.3552 0
596 0.3550 0
1341 0.3501 0
517 0.3489 0
1044 0.3471 0
292 0.3404 0
970 0.3285 0
1887 0.3277 0
1014 0.3250 0
331 0.3127 0
586 0.3078 0
857 0.3048 0
1824 0.3010 0
406 0.2999 0
442 0.2965 0
1390 0.2962 0
1039 0.2794 0
578 0.2782 0
133 0.2773 0
569 0.2712 0
1060 0.2661 0
200 0.2604 0
1055 0.2597 0
276 0.2565 0
921 0.2508 0
466 0.2499 0
121 0.2386 0
291 0.2329 0
408 0.2308 0
40 0.2210 0
1316 0.2198 0
1768 0.2141 0
936 0.2136 0
535 0.2113 0
100 0.2113 0
1792 0.2109 0
7 0.2094 0
174 0.2035 0
1352 0.1965 0
935 0.1949 0
1786 0.1924 0
928 0.1788 0
388 0.1759 0
401 0.1737 0
659 0.1714 0
196 0.1712 0
1154 0.1704 0
1108 0.1678 0
571 0.1613 0
1113 0.1529 0
1351 0.1513 0
1899 0.1403 0
156 0.1289 0
164 0.1262 0
223 0.1261 0
243 0.1182 0
1329 0.1175 0
903 0.1172 0
266 0.1165 0
669 0.0990 0
1808 0.0976 0
1806 0.0888 0
1200 0.0879 0
1991 0.0877 0
1070 0.0828 0
258 0.0701 0
1874 0.0564 0
1354 0.0539 0
1058 0.0467 0
1569 0.0390 0
536 0.0350 0
356 0.0330 0
1845 0.0271 0
1370 0.0243 0
1879 0.0223 0
74 0.0150 0
429 -0.0063 0
238 -0.0091 0
46 -0.0110 0
1468 -0.0119 0
183 -0.0179 0
1111 -0.0185 0
846 -0.0195 0
297 -0.0310 0
906 -0.0424 0
63 -0.0467 0
802 -0.0477 0
532 -0.0540 0
1019 -0.0574 0
1359 -0.0618 0
755 -0.0696 0
984 -0.0716 0
981 -0.0720 0
972 -0.0722 0
1097 -0.0779 0
927 -0.0799 0
521 -0.0874 0
1315 -0.0946 0
1856 -0.0972 0
988 -0.1008 0
1347 -0.1040 0
16 -0.1249 0
879 -0.1275 0
666 -0.1286 0
332 -0.1308 0
1658 -0.1344 0
155 -0.1359 0
1374 -0.1368 0
142 -0.1379 0
836 -0.1392 0
1817 -0.1395 0
234 -0.1422 0
1779 -0.1428 0
543 -0.1470 0
583 -0.1522 0
431 -0.1638 0
1490 -0.1704 0
1085 -0.1706 0
392 -0.1719 0
263 -0.1723 0
1599 -0.1725 0
1158 -0.1742 0
420 -0.1766 0
1616 -0.1801 0
1 -0.1824 0
278 -0.1865 0
991 -0.1871 0
233 -0.1967 0
816 -0.1983 0
1427 -0.1986 0
439 -0.1990 0
287 -0.2025 0
1758 -0.2044 0
402 -0.2066 0
1193 -0.2133 0
168 -0.2180 0
256 -0.2192 0
1460 -0.2212 0
585 -0.2261 0
1778 -0.2388 0
1403 -0.2403 0
953 -0.2449 0
1324 -0.2469 0
440 -0.2511 0
1125 -0.2603 0
551 -0.2641 0
354 -0.2655 0
491 -0.2697 0
1465 -0.2699 0
1773 -0.2807 0
1001 -0.2836 0
1811 -0.2840 0
544 -0.2961 0
1993 -0.2970 0
130 -0.2973 0
1938 -0.3008 0
1471 -0.3049 0
1141 -0.3055 0
825 -0.3071 0
1659 -0.3081 0
1387 -0.3149 0
1890 -0.3182 0
1839 -0.3236 0
404 -0.3290 0
1059 -0.3308 0
22 -0.3361 0
625 -0.3367 0
909 -0.3417 0
358 -0.3475 0
1851 -0.3530 0
509 -0.3575 0
819 -0.3586 0
412 -0.3604 0
345 -0.3657 0
520 -0.3697 0
407 -0.3729 0
414 -0.3746 0
252 -0.3751 0
1144 -0.3792 0
71 -0.3839 0
1043 -0.3860 0
1929 -0.3888 0
962 -0.3939 0
1248 -0.4007 0
26 -0.4115 0
484 -0.4160 0
588 -0.4170 0
1767 -0.4387 0
1834 -0.4395 0
949 -0.4460 0
1798 -0.4463 0
1004 -0.4506 0
529 -0.4534 0
931 -0.4557 0
352 -0.4562 0
940 -0.4585 0
400 -0.4758 0
1304 -0.4888 0
1957 -0.4911 0
413 -0.4916 0
1076 -0.4918 0
1228 -0.4943 0
185 -0.4956 0
389 -0.5047 0
113 -0.5073 0
1052 -0.5106 0
1274 -0.5135 0
1996 -0.5146 0
211 -0.5197 0
384 -0.5205 0
1320 -0.5219 0
1800 -0.5222 0
423 -0.5227 0
362 -0.5281 0
371 -0.5311 0
176 -0.5349 0
542 -0.5365 0
159 -0.5407 0
679 -0.5495 0
973 -0.5507 0
1220 -0.5507 0
648 -0.5528 0
1857 -0.5570 0
867 -0.5596 0
689 -0.5667 0
1405 -0.5669 0
801 -0.5761 0
108 -0.5766 0
208 -0.5772 0
1362 -0.5797 0
51 -0.5818 0
1061 -0.5822 0
215 -0.5824 0
1764 -0.5825 0
1651 -0.5837 0
1114 -0.5837 0
301 -0.5865 0
934 -0.5899 0
1366 -0.5938 0
27 -0.5952 0
1312 -0.6053 0
1897 -0.6113 0
114 -0.6186 0
191 -0.6239 0
1791 -0.6253 0
593 -0.6291 0
415 -0.6333 0
1266 -0.6336 0
895 -0.6367 0
1049 -0.6425 0
425 -0.6427 0
1753 -0.6428 0
626 -0.6439 0
1242 -0.6601 0
1803 -0.6708 0
1837 -0.6776 0
410 -0.6813 0
1696 -0.6903 0
982 -0.7000 0
1678 -0.7005 0
1705 -0.7049 0
338 -0.7079 0
101 -0.7106 0
214 -0.7118 0
1551 -0.7120 0
343 -0.7129 0
109 -0.7134 0
95 -0.7138 0
368 -0.7239 0
1035 -0.7276 0
1394 -0.7292 0
317 -0.7324 0
1411 -0.7353 0
1036 -0.7353 0
1666 -0.7371 0
1776 -0.7387 0
606 -0.7405 0
1192 -0.7408 0
275 -0.7468 0
452 -0.7482 0
908 -0.7587 0
926 -0.7687 0
260 -0.7690 0
1595 -0.7707 0
366 -0.7754 0
1937 -0.7822 0
293 -0.7884 0
907 -0.7984 0
839 -0.7993 0
1318 -0.7993 0
1446 -0.8007 0
1082 -0.8042 0
1987 -0.8075 0
1448 -0.8173 0
540 -0.8189 0
1907 -0.8282 0
374 -0.8291 0
1966 -0.8315 0
448 -0.8323 0
1633 -0.8340 0
1903 -0.8342 0
264 -0.8392 0
1472 -0.8423 0
145 -0.8440 0
393 -0.8448 0
1859 -0.8472 0
39 -0.8501 0
161 -0.8503 0
1606 -0.8564 0
426 -0.8571 0
1955 -0.8594 0
1455 -0.8615 0
194 -0.8673 0
1829 -0.8674 0
1020 -0.8693 0
1187 -0.8886 0
419 -0.8911 0
925 -0.8934 0
1222 -0.8939 0
978 -0.9053 0
682 -0.9075 0
1769 -0.9132 0
612 -0.9143 0
937 -0.9151 0
1432 -0.9185 0
844 -0.9201 0
575 -0.9209 0
523 -0.9251 0
647 -0.9296 0
944 -0.9312 0
1790 -0.9355 0
1832 -0.9430 0
355 -0.9447 0
205 -0.9502 0
444 -0.9542 0
1326 -0.9575 0
983 -0.9633 0
1539 -0.9659 0
281 -0.9739 0
1761 -0.9842 0
1953 -0.9847 0
1872 -0.9858 0
1313 -0.9864 0
1397 -0.9867 0
179 -0.9997 0
1898 -1.0095 0
1618 -1.0107 0
604 -1.0109 0
1348 -1.0158 0
1299 -1.0175 0
1246 -1.0254 0
235 -1.0266 0
650 -1.0359 0
1124 -1.0427 0
259 -1.0446 0
1665 -1.0448 0
1989 -1.0490 0
1207 -1.0522 0
630 -1.0546 0
1805 -1.0557 0
848 -1.0564 0
902 -1.0579 0
1892 -1.0598 0
1208 -1.0616 0
1979 -1.0639 0
1567 -1.0706 0
394 -1.0714 0
1980 -1.0745 0
1975 -1.0809 0
1588 -1.0902 0
197 -1.0910 0
1280 -1.0975 0
1289 -1.1094 0
500 -1.1104 0
107 -1.1176 0
1970 -1.1188 0
207 -1.1194 0
998 -1.1304 0
1436 -1.1319 0
1558 -1.1326 0
1821 -1.1338 0
1438 -1.1351 0
308 -1.1359 0
558 -1.1480 0
14 -1.1493 0
150 -1.1496 0
1046 -1.1525 0
1477 -1.1586 0
505 -1.1681 0
1809 -1.1685 0
989 -1.1695 0
1216 -1.1723 0
1171 -1.1736 0
437 -1.1782 0
351 -1.1832 0
1949 -1.1833 0
1095 -1.1875 0
1386 -1.1895 0
52 -1.1909 0
1507 -1.1951 0
824 -1.1967 0
1194 -1.1982 0
870 -1.1991 0
1838 -1.1994 0
1564 -1.2006 0
280 -1.2084 0
1376 -1.2104 0
990 -1.2241 0
1381 -1.2245 0
1818 -1.2308 0
1119 -1.2350 0
77 -1.2354 0
1945 -1.2360 0
1774 -1.2451 0
165 -1.2471 0
1777 -1.2490 0
1896 -1.2529 0
93 -1.2536 0
11 -1.2544 0
178 -1.2578 0
250 -1.2637 0
1128 -1.2706 0
1188 -1.2739 0
818 -1.2739 0
1492 -1.2742 0
1451 -1.2820 0
522 -1.2897 0
115 -1.2939 0
422 -1.2959 0
1051 -1.3005 0
1537 -1.3040 0
1360 -1.3058 0
1815 -1.3062 0
646 -1.3072 0
1840 -1.3123 0
826 -1.3201 0
226 -1.3207 0
1461 -1.3219 0
830 -1.3224 0
340 -1.3236 0
1667 -1.3267 0
329 -1.3281 0
960 -1.3306 0
1357 -1.3316 0
1179 -1.3345 0
1849 -1.3367 0
1071 -1.3373 0
1495 -1.3378 0
1439 -1.3396 0
1023 -1.3414 0
1231 -1.3420 0
1935 -1.3449 0
823 -1.3504 0
541 -1.3521 0
421 -1.3543 0
1247 -1.3584 0
1152 -1.3610 0
1873 -1.3629 0
1782 -1.3648 0
140 -1.3658 0
1493 -1.3680 0
1013 -1.3714 0
1080 -1.3728 0
487 -1.3748 0
1639 -1.3799 0
878 -1.3847 0
285 -1.3865 0
1358 -1.3882 0
1529 -1.3898 0
1956 -1.3930 0
1077 -1.3986 0
811 -1.4012 0
547 -1.4012 0
631 -1.4015 0
965 -1.4026 0
1221 -1.4038 0
1120 -1.4059 0
1632 -1.4093 0
1881 -1.4097 0
1913 -1.4103 0
1042 -1.4126 0
1473 -1.4144 0
1816 -1.4153 0
1871 -1.4241 0
146 -1.4249 0
298 -1.4252 0
1234 -1.4321 0
605 -1.4398 0
143 -1.4403 0
1129 -1.4410 0
572 -1.4442 0
380 -1.4538 0
1684 -1.4598 0
1977 -1.4616 0
546 -1.4643 0
1969 -1.4744 0
1444 -1.4749 0
1771 -1.4760 0
1544 -1.4765 0
1725 -1.4791 0
1747 -1.4791 0
8 -1.4801 0
1481 -1.4843 0
1590 -1.4848 0
370 -1.4859 0
1486 -1.4891 0
1478 -1.4894 0
1865 -1.4950 0
151 -1.4998 0
817 -1.5066 0
993 -1.5073 0
1804 -1.5073 0
1007 -1.5097 0
277 -1.5099 0
560 -1.5122 0
1067 -1.5175 0
323 -1.5209 0
1649 -1.5237 0
1068 -1.5238 0
967 -1.5241 0
1033 -1.5299 0
1276 -1.5307 0
157 -1.5309 0
1503 -1.5337 0
1784 -1.5369 0
454 -1.5375 0
4 -1.5421 0
964 -1.5436 0
262 -1.5447 0
670 -1.5457 0
1102 -1.5472 0
1895 -1.5494 0
91 -1.5524 0
459 -1.5538 0
111 -1.5545 0
1336 -1.5566 0
1812 -1.5710 0
1628 -1.5731 0
1065 -1.5771 0
110 -1.5807 0
845 -1.5846 0
512 -1.5852 0
1631 -1.5856 0
1094 -1.5872 0
1668 -1.5880 0
1078 -1.5884 0
1566 -1.5896 0
1984 -1.5958 0
306 -1.5961 0
104 -1.5979 0
1950 -1.6006 0
1686 -1.6055 0
829 -1.6065 0
628 -1.6083 0
524 -1.6087 0
236 -1.6106 0
1243 -1.6114 0
1146 -1.6156 0
88 -1.6186 0
1155 -1.6187 0
1820 -1.6269 0
562 -1.6274 0
213 -1.6299 0
1940 -1.6362 0
267 -1.6364 0
1695 -1.6373 0
1034 -1.6425 0
1479 -1.6433 0
1428 -1.6453 0
672 -1.6550 0
1236 -1.6558 0
1008 -1.6576 0
1963 -1.6584 0
986 -1.6586 0
467 -1.6607 0
1487 -1.6608 0
290 -1.6609 0
1091 -1.6609 0
20 -1.6638 0
1819 -1.6697 0
1577 -1.6724 0
1500 -1.6731 0
103 -1.6751 0
1083 -1.6780 0
1112 -1.6784 0
1086 -1.6849 0
1842 -1.6873 0
199 -1.6929 0
637 -1.6949 0
1241 -1.6980 0
999 -1.6987 0
1733 -1.7008 0
966 -1.7008 0
567 -1.7024 0
1418 -1.7059 0
1858 -1.7073 0
1224 -1.7119 0
545 -1.7148 0
1912 -1.7190 0
184 -1.7228 0
1603 -1.7279 0
912 -1.7294 0
118 -1.7336 0
804 -1.7365 0
1010 -1.7378 0
1452 -1.7398 0
843 -1.7472 0
1199 -1.7486 0
1380 -1.7494 0
1396 -1.7534 0
1349 -1.7571 0
1861 -1.7582 0
1617 -1.7583 0
482 -1.7610 0
49 -1.7615 0
1343 -1.7645 0
1464 -1.7660 0
832 -1.7674 0
1117 -1.7724 0
305 -1.7729 0
847 -1.7763 0
192 -1.7776 0
1772 -1.7781 0
138 -1.7788 0
1172 -1.7817 0
1847 -1.7823 0
860 -1.7895 0
1262 -1.7918 0
636 -1.7947 0
618 -1.7963 0
182 -1.8000 0
753 -1.8078 0
611 -1.8117 0
1650 -1.8120 0
1922 -1.8141 0
427 -1.8171 0
1184 -1.8303 0
1317 -1.8305 0
144 -1.8319 0
894 -1.8457 0
1676 -1.8469 0
815 -1.8476 0
1958 -1.8495 0
1459 -1.8506 0
1425 -1.8530 0
658 -1.8549 0
1995 -1.8638 0
633 -1.8647 0
172 -1.8665 0
1087 -1.8679 0
1515 -1.8736 0
1519 -1.8737 0
222 -1.8741 0
282 -1.8779 0
504 -1.8812 0
31 -1.8891 0
662 -1.8899 0
1574 -1.8940 0
1302 -1.8952 0
1661 -1.8973 0
1435 -1.8977 0
763 -1.9034 0
1591 -1.9037 0
1410 -1.9039 0
269 -1.9105 0
251 -1.9182 0
1137 -1.9231 0
1627 -1.9238 0
1740 -1.9242 0
1823 -1.9261 0
963 -1.9285 0
1174 -1.9290 0
135 -1.9292 0
1498 -1.9342 0
1101 -1.9344 0
375 -1.9356 0
1510 -1.9443 0
889 -1.9484 0
1453 -1.9498 0
668 -1.9502 0
1664 -1.9517 0
1688 -1.9536 0
834 -1.9552 0
1878 -1.9581 0
1395 -1.9589 0
1994 -1.9590 0
1985 -1.9628 0
1533 -1.9631 0
1048 -1.9638 0
914 -1.9693 0
1524 -1.9721 0
1634 -1.9723 0
1796 -1.9760 0
173 -1.9809 0
1538 -1.9825 0
10 -1.9875 0
198 -1.9893 0
1123 -1.9936 0
1653 -1.9940 0
526 -1.9945 0
1100 -1.9990 0
1463 -1.9990 0
582 -1.9995 0
969 -2.0027 0
206 -2.0032 0
1625 -2.0042 0
1488 -2.0089 0
822 -2.0090 0
1972 -2.0119 0
152 -2.0203 0
1655 -2.0211 0
1201 -2.0215 0
883 -2.0247 0
310 -2.0299 0
1110 -2.0314 0
951 -2.0320 0
1570 -2.0363 0
1983 -2.0389 0
590 -2.0391 0
43 -2.0405 0
1038 -2.0443 0
163 -2.0448 0
1585 -2.0456 0
249 -2.0462 0
1393 -2.0462 0
36 -2.0486 0
0 -2.0493 0
1372 -2.0523 0
1069 -2.0571 0
1583 -2.0574 0
62 -2.0593 0
175 -2.0605 0
1392 -2.0608 0
57 -2.0636 0
624 -2.0639 0
464 -2.0708 0
502 -2.0720 0
1050 -2.0724 0
1462 -2.0733 0
1373 -2.0734 0
434 -2.0740 0
193 -2.0776 0
324 -2.0807 0
247 -2.0808 0
852 -2.0811 0
1652 -2.0822 0
1491 -2.0863 0
1156 -2.0869 0
195 -2.0910 0
1646 -2.1023 0
1369 -2.1063 0
1802 -2.1070 0
335 -2.1087 0
1807 -2.1159 0
1593 -2.1241 0
667 -2.1247 0
372 -2.1275 0
224 -2.1277 0
1801 -2.1387 0
9 -2.1400 0
1545 -2.1403 0
253 -2.1404 0
655 -2.1406 0
1669 -2.1421 0
261 -2.1446 0
1443 -2.1449 0
225 -2.1462 0
1030 -2.1510 0
1902 -2.1517 0
644 -2.1557 0
1005 -2.1635 0
1122 -2.1643 0
1643 -2.1680 0
382 -2.1759 0
1556 -2.1761 0
1860 -2.1807 0
887 -2.1844 0
976 -2.1845 0
1708 -2.1851 0
347 -2.1893 0
1572 -2.1900 0
1355 -2.1903 0
1699 -2.1952 0
1480 -2.1974 0
398 -2.1988 0
880 -2.1991 0
1378 -2.1999 0
1431 -2.2102 0
1698 -2.2119 0
1442 -2.2186 0
649 -2.2231 0
876 -2.2244 0
1142 -2.2263 0
1542 -2.2263 0
272 -2.2341 0
1744 -2.2359 0
33 -2.2360 0
1041 -2.2372 0
170 -2.2410 0
1206 -2.2423 0
1340 -2.2476 0
1180 -2.2486 0
1445 -2.2489 0
1967 -2.2515 0
1681 -2.2596 0
186 -2.2639 0
76 -2.2690 0
1677 -2.2726 0
1165 -2.2742 0
497 -2.2754 0
1149 -2.2779 0
1401 -2.2800 0
1499 -2.2805 0
1645 -2.2805 0
1848 -2.2838 0
1587 -2.2840 0
652 -2.2841 0
994 -2.2867 0
1797 -2.2879 0
1414 -2.2884 0
1855 -2.2888 0
1075 -2.2936 0
1209 -2.2941 0
240 -2.2953 0
681 -2.2962 0
139 -2.3084 0
1235 -2.3101 0
1656 -2.3146 0
943 -2.3151 0
1846 -2.3162 0
124 -2.3178 0
123 -2.3254 0
1640 -2.3254 0
1602 -2.3266 0
1974 -2.3289 0
996 -2.3292 0
1825 -2.3310 0
974 -2.3317 0
1928 -2.3329 0
1741 -2.3332 0
620 -2.3332 0
1828 -2.3337 0
44 -2.3339 0
1671 -2.3355 0
1959 -2.3394 0
821 -2.3405 0
37 -2.3410 0
617 -2.3434 0
1535 -2.3503 0
457 -2.3514 0
59 -2.3566 0
316 -2.3573 0
1497 -2.3580 0
1548 -2.3596 0
1692 -2.3603 0
265 -2.3616 0
29 -2.3616 0
1992 -2.3720 0
221 -2.3722 0
1660 -2.3733 0
1458 -2.3737 0
1952 -2.3743 0
153 -2.3747 0
21 -2.3790 0
1211 -2.3791 0
98 -2.3794 0
1375 -2.3834 0
581 -2.3845 0
664 -2.3888 0
177 -2.3902 0
1017 -2.3909 0
1389 -2.3928 0
1032 -2.3936 0
533 -2.3940 0
1422 -2.4000 0
995 -2.4002 0
1964 -2.4028 0
1457 -2.4055 0
116 -2.4074 0
1290 -2.4093 0
1148 -2.4131 0
1145 -2.4210 0
128 -2.4233 0
1106 -2.4303 0
1159 -2.4368 0
1836 -2.4382 0
1600 -2.4414 0
1680 -2.4427 0
1540 -2.4456 0
1328 -2.4482 0
1345 -2.4496 0
1406 -2.4530 0
1864 -2.4535 0
1925 -2.4537 0
1307 -2.4567 0
1613 -2.4630 0
686 -2.4634 0
1788 -2.4645 0
1064 -2.4647 0
1303 -2.4732 0
1363 -2.4748 0
268 -2.4753 0
687 -2.4792 0
204 -2.4818 0
651 -2.4838 0
896 -2.4845 0
1322 -2.4904 0
321 -2.4929 0
465 -2.4947 0
1420 -2.4988 0
24 -2.5043 0
1918 -2.5075 0
255 -2.5076 0
318 -2.5084 0
1642 -2.5092 0
1437 -2.5149 0
1506 -2.5161 0
674 -2.5198 0
1581 -2.5229 0
1400 -2.5246 0
1746 -2.5279 0
1263 -2.5292 0
549 -2.5320 0
1689 -2.5330 0
154 -2.5334 0
1398 -2.5339 0
1750 -2.5367 0
378 -2.5406 0
1361 -2.5525 0
1093 -2.5526 0
1835 -2.5562 0
1648 -2.5592 0
760 -2.5598 0
1814 -2.5654 0
279 -2.5660 0
1062 -2.5714 0
1239 -2.5718 0
1579 -2.5728 0
289 -2.5786 0
603 -2.5792 0
1402 -2.5817 0
806 -2.5820 0
778 -2.5837 0
1999 -2.5859 0
950 -2.5871 0
1269 -2.5891 0
1690 -2.5926 0
38 -2.5938 0
1466 -2.5959 0
958 -2.5969 0
430 -2.5980 0
131 -2.5988 0
1893 -2.6007 0
643 -2.6026 0
395 -2.6039 0
1598 -2.6040 0
97 -2.6047 0
1139 -2.6091 0
622 -2.6100 0
813 -2.6119 0
296 -2.6131 0
219 -2.6148 0
42 -2.6227 0
1508 -2.6233 0
1229 -2.6253 0
270 -2.6278 0
1885 -2.6291 0
286 -2.6331 0
471 -2.6347 0
1098 -2.6366 0
1186 -2.6528 0
25 -2.6557 0
1227 -2.6592 0
189 -2.6634 0
160 -2.6656 0
1009 -2.6669 0
1163 -2.6699 0
1541 -2.6789 0
1866 -2.6815 0
1941 -2.6838 0
34 -2.6855 0
1126 -2.6857 0
1636 -2.6868 0
980 -2.6876 0
1528 -2.6877 0
1891 -2.6885 0
122 -2.6889 0
1028 -2.6960 0
1353 -2.6977 0
1589 -2.6977 0
1072 -2.7021 0
493 -2.7045 0
341 -2.7056 0
58 -2.7076 0
932 -2.7099 0
330 -2.7107 0
607 -2.7116 0
1440 -2.7194 0
891 -2.7247 0
853 -2.7255 0
910 -2.7261 0
698 -2.7270 0
1961 -2.7289 0
1204 -2.7298 0
1407 -2.7373 0
1253 -2.7398 0
86 -2.7418 0
1876 -2.7423 0
1549 -2.7446 0
1573 -2.7480 0
915 -2.7488 0
871 -2.7515 0
129 -2.7533 0
1875 -2.7543 0
1223 -2.7674 0
1383 -2.7748 0
952 -2.7786 0
1512 -2.7815 0
527 -2.7823 0
1713 -2.7838 0
1601 -2.7862 0
1388 -2.7891 0
1662 -2.7912 0
387 -2.7922 0
862 -2.8013 0
1532 -2.8029 0
1728 -2.8130 0
488 -2.8244 0
1000 -2.8295 0
782 -2.8314 0
685 -2.8350 0
1675 -2.8377 0
1323 -2.8404 0
634 -2.8446 0
1841 -2.8468 0
1594 -2.8604 0
602 -2.8670 0
56 -2.8760 0
1933 -2.8761 0
1943 -2.8767 0
1103 -2.8774 0
1469 -2.8842 0
1249 -2.8859 0
1749 -2.8917 0
309 -2.8953 0
1900 -2.9054 0
1888 -2.9082 0
48 -2.9099 0
663 -2.9112 0
1424 -2.9124 0
1720 -2.9155 0
1279 -2.9393 0
1719 -2.9397 0
673 -2.9405 0
322 -2.9419 0
83 -2.9451 0
1592 -2.9461 0
600 -2.9464 0
548 -2.9482 0
1971 -2.9569 0
1730 -2.9589 0
1295 -2.9593 0
1706 -2.9598 0
127 -2.9621 0
1526 -2.9704 0
1511 -2.9740 0
1901 -2.9760 0
773 -2.9761 0
449 -2.9770 0
181 -2.9804 0
1327 -2.9834 0
1962 -2.9857 0
1738 -2.9907 0
1412 -2.9912 0
1116 -2.9923 0
1309 -2.9963 0
1951 -2.9970 0
1183 -3.0003 0
1826 -3.0009 0
117 -3.0027 0
869 -3.0113 0
1175 -3.0123 0
1605 -3.0131 0
537 -3.0203 0
149 -3.0212 0
1986 -3.0229 0
635 -3.0299 0
1367 -3.0302 0
1960 -3.0339 0
691 -3.0407 0
930 -3.0421 0
1109 -3.0448 0
513 -3.0450 0
1988 -3.0462 0
1877 -3.0506 0
881 -3.0517 0
334 -3.0533 0
1904 -3.0546 0
1703 -3.0553 0
1997 -3.0564 0
1321 -3.0571 0
1883 -3.0573 0
1384 -3.0656 0
1813 -3.0670 0
1978 -3.0735 0
692 -3.0749 0
808 -3.0760 0
1673 -3.0880 0
1449 -3.0889 0
312 -3.0915 0
1981 -3.0958 0
515 -3.1033 0
81 -3.1065 0
1164 -3.1082 0
485 -3.1106 0
1926 -3.1119 0
1081 -3.1125 0
1867 -3.1174 0
1608 -3.1180 0
73 -3.1299 0
1476 -3.1302 0
6 -3.1332 0
1191 -3.1337 0
228 -3.1408 0
70 -3.1449 0
94 -3.1564 0
348 -3.1568 0
1509 -3.1605 0
1722 -3.1657 0
1968 -3.1733 0
428 -3.1742 0
1965 -3.1747 0
232 -3.1753 0
66 -3.1759 0
1576 -3.1796 0
245 -3.1821 0
1350 -3.1878 0
1936 -3.1947 0
1822 -3.2049 0
1238 -3.2070 0
480 -3.2118 0
1947 -3.2122 0
1450 -3.2283 0
1197 -3.2303 0
854 -3.2315 0
458 -3.2328 0
1734 -3.2447 0
1584 -3.2457 0
342 -3.2495 0
1162 -3.2503 0
1518 -3.2517 0
1215 -3.2563 0
451 -3.2569 0
209 -3.2589 0
758 -3.2712 0
831 -3.2783 0
82 -3.2892 0
525 -3.2918 0
1694 -3.2963 0
385 -3.2973 0
1915 -3.2998 0
32 -3.3009 0
450 -3.3060 0
865 -3.3085 0
1623 -3.3142 0
132 -3.3181 0
1679 -3.3185 0
1831 -3.3224 0
507 -3.3245 0
1230 -3.3311 0
800 -3.3328 0
609 -3.3340 0
119 -3.3354 0
840 -3.3394 0
1330 -3.3397 0
481 -3.3486 0
1368 -3.3498 0
68 -3.3503 0
987 -3.3558 0
1456 -3.3560 0
1434 -3.3565 0
688 -3.3664 0
1948 -3.3678 0
1520 -3.3730 0
89 -3.3741 0
319 -3.3760 0
1612 -3.3774 0
1018 -3.3811 0
1365 -3.3857 0
892 -3.3861 0
1670 -3.3867 0
1647 -3.3899 0
112 -3.4000 0
300 -3.4014 0
1954 -3.4055 0
1138 -3.4085 0
1092 -3.4098 0
1894 -3.4113 0
1105 -3.4174 0
1267 -3.4176 0
105 -3.4195 0
349 -3.4202 0
1181 -3.4227 0
327 -3.4258 0
325 -3.4300 0
126 -3.4368 0
1555 -3.4394 0
468 -3.4418 0
307 -3.4430 0
1107 -3.4431 0
1430 -3.4478 0
856 -3.4533 0
779 -3.4584 0
339 -3.4591 0
697 -3.4646 0
242 -3.4647 0
1176 -3.4652 0
1604 -3.4669 0
314 -3.4690 0
1870 -3.4762 0
1854 -3.4778 0
1944 -3.4783 0
1827 -3.4814 0
1674 -3.4860 0
1090 -3.4869 0
237 -3.4959 0
1423 -3.4993 0
54 -3.5017 0
1629 -3.5048 0
1047 -3.5056 0
1305 -3.5085 0
188 -3.5091 0
1932 -3.5102 0
992 -3.5146 0
284 -3.5178 0
1256 -3.5214 0
1185 -3.5248 0
1335 -3.5287 0
315 -3.5314 0
1135 -3.5383 0
474 -3.5392 0
1919 -3.5395 0
61 -3.5477 0
473 -3.5478 0
1571 -3.5484 0
60 -3.5513 0
1697 -3.5529 0
1580 -3.5561 0
1404 -3.5561 0
1911 -3.5565 0
271 -3.5618 0
87 -3.5657 0
1513 -3.5704 0
1485 -3.5812 0
1338 -3.5873 0
756 -3.5887 0
1132 -3.5903 0
623 -3.5979 0
158 -3.6052 0
1277 -3.6069 0
472 -3.6115 0
1173 -3.6115 0
1502 -3.6179 0
1161 -3.6186 0
768 -3.6220 0
229 -3.6230 0
1356 -3.6280 0
1868 -3.6283 0
1609 -3.6295 0
304 -3.6328 0
381 -3.6349 0
499 -3.6449 0
1731 -3.6503 0
900 -3.6581 0
1178 -3.6609 0
202 -3.6631 0
1169 -3.6659 0
239 -3.6676 0
1973 -3.6729 0
333 -3.6774 0
956 -3.6776 0
579 -3.6833 0
780 -3.7075 0
1379 -3.7165 0
461 -3.7185 0
1255 -3.7213 0
1946 -3.7259 0
1494 -3.7272 0
538 -3.7333 0
1909 -3.7342 0
1482 -3.7350 0
328 -3.7353 0
1160 -3.7434 0
1016 -3.7470 0
680 -3.7471 0
1615 -3.7503 0
1516 -3.7523 0
1742 -3.7630 0
1195 -3.7754 0
1917 -3.7772 0
1976 -3.7808 0
1002 -3.7847 0
1721 -3.7868 0
64 -3.7869 0
337 -3.7900 0
55 -3.7977 0
1527 -3.7987 0
754 -3.7990 0
230 -3.8057 0
1240 -3.8095 0
1099 -3.8160 0
797 -3.8189 0
1596 -3.8341 0
1189 -3.8359 0
203 -3.8391 0
1853 -3.8422 0
1377 -3.8462 0
244 -3.8570 0
1908 -3.8697 0
167 -3.8708 0
608 -3.8775 0
80 -3.8785 0
169 -3.8847 0
1553 -3.8856 0
690 -3.8858 0
1265 -3.8891 0
1611 -3.8932 0
1685 -3.8987 0
1190 -3.8999 0
1219 -3.9007 0
619 -3.9017 0
1927 -3.9043 0
874 -3.9044 0
1089 -3.9084 0
1429 -3.9101 0
1015 -3.9123 0
1916 -3.9154 0
1889 -3.9155 0
1693 -3.9172 0
518 -3.9185 0
1257 -3.9185 0
1559 -3.9218 0
35 -3.9246 0
1505 -3.9249 0
1225 -3.9285 0
1862 -3.9293 0
479 -3.9312 0
120 -3.9312 0
1275 -3.9369 0
294 -3.9446 0
791 -3.9485 0
657 -3.9667 0
884 -3.9852 0
336 -3.9931 0
1170 -3.9969 0
1920 -4.0013 0
1252 -4.0033 0
770 -4.0034 0
1166 -4.0140 0
872 -4.0162 0
1619 -4.0202 0
1157 -4.0206 0
1292 -4.0247 0
346 -4.0356 0
933 -4.0366 0
1723 -4.0391 0
1308 -4.0441 0
45 -4.0468 0
1150 -4.0473 0
942 -4.0535 0
1543 -4.0552 0
877 -4.0650 0
788 -4.0675 0
1417 -4.0707 0
320 -4.0801 0
1521 -4.0810 0
765 -4.0872 0
1140 -4.0891 0
1554 -4.0897 0
106 -4.0900 0
1332 -4.0902 0
1990 -4.0971 0
1578 -4.1056 0
629 -4.1088 0
1003 -4.1158 0
1382 -4.1181 0
924 -4.1253 0
490 -4.1360 0
23 -4.1386 0
1924 -4.1392 0
796 -4.1413 0
1131 -4.1433 0
699 -4.1448 0
621 -4.1532 0
498 -4.1560 0
475 -4.1583 0
19 -4.1584 0
1319 -4.1619 0
12 -4.1639 0
69 -4.1682 0
75 -4.1779 0
616 -4.1901 0
53 -4.2010 0
1546 -4.2068 0
1133 -4.2459 0
1704 -4.2466 0
1810 -4.2561 0
897 -4.2614 0
1310 -4.2665 0
1282 -4.2710 0
678 -4.2753 0
677 -4.2759 0
483 -4.3116 0
1514 -4.3185 0
1534 -4.3190 0
28 -4.3191 0
799 -4.3193 0
1079 -4.3237 0
1914 -4.3328 0
453 -4.3344 0
1663 -4.3350 0
463 -4.3363 0
326 -4.3430 0
885 -4.3562 0
863 -4.3594 0
1635 -4.3626 0
642 -4.3631 0
99 -4.3646 0
1285 -4.3787 0
1244 -4.3856 0
886 -4.3943 0
1040 -4.3983 0
1702 -4.3991 0
759 -4.4018 0
1441 -4.4024 0
311 -4.4112 0
1622 -4.4153 0
639 -4.4334 0
1560 -4.4381 0
1286 -4.4398 0
1501 -4.4526 0
1022 -4.4556 0
752 -4.4586 0
1844 -4.4610 0
313 -4.4634 0
1168 -4.4650 0
858 -4.4672 0
864 -4.4753 0
2 -4.4796 0
1167 -4.4799 0
899 -4.4812 0
793 -4.4875 0
1291 -4.4993 0
1726 -4.5022 0
1586 -4.5035 0
1607 -4.5103 0
1415 -4.5137 0
486 -4.5157 0
344 -4.5201 0
1409 -4.5235 0
1536 -4.5244 0
1196 -4.5261 0
785 -4.5321 0
1657 -4.5404 0
1270 -4.5422 0
1568 -4.5465 0
866 -4.5512 0
1727 -4.5529 0
1294 -4.5617 0
241 -4.5698 0
798 -4.5805 0
1300 -4.5944 0
1654 -4.5949 0
1575 -4.6018 0
771 -4.6044 0
510 -4.6142 0
1260 -4.6167 0
776 -4.6227 0
1942 -4.6276 0
1011 -4.6400 0
855 -4.6417 0
216 -4.6432 0
1454 -4.6437 0
72 -4.6462 0
1333 -4.6473 0
1921 -4.6477 0
96 -4.6531 0
750 -4.6553 0
1869 -4.6564 0
1339 -4.6566 0
92 -4.6613 0
696 -4.6660 0
842 -4.6699 0
792 -4.6732 0
610 -4.6736 0
1301 -4.6770 0
767 -4.6791 0
955 -4.6901 0
1024 -4.6955 0
781 -4.6970 0
861 -4.6988 0
1687 -4.6995 0
1025 -4.7034 0
489 -4.7083 0
1717 -4.7331 0
975 -4.7404 0
50 -4.7645 0
1737 -4.7764 0
1718 -4.7845 0
1525 -4.7881 0
766 -4.8004 0
1998 -4.8046 0
1531 -4.8061 0
1597 -4.8376 0
67 -4.8592 0
849 -4.8592 0
1413 -4.8696 0
1287 -4.8885 0
777 -4.9113 0
1297 -4.9177 0
1153 -4.9255 0
1504 -4.9267 0
898 -4.9358 0
1552 -4.9379 0
5 -4.9591 0
1421 -4.9595 0
477 -4.9624 0
1254 -4.9704 0
882 -4.9733 0
501 -4.9757 0
1259 -4.9948 0
1143 -5.0079 0
774 -5.0089 0
1732 -5.0148 0
303 -5.0195 0
957 -5.0249 0
1271 -5.0380 0
694 -5.0380 0
1562 -5.0412 0
1517 -5.0507 0
757 -5.0673 0
1283 -5.0678 0
803 -5.0683 0
784 -5.0743 0
30 -5.0788 0
1273 -5.0789 0
615 -5.0802 0
1711 -5.0807 0
1198 -5.0885 0
1177 -5.0959 0
656 -5.1043 0
1715 -5.1119 0
79 -5.1127 0
786 -5.1277 0
671 -5.1509 0
1724 -5.1555 0
1268 -5.1595 0
1027 -5.1597 0
1614 -5.1609 0
1288 -5.1680 0
1565 -5.1731 0
495 -5.1734 0
640 -5.1812 0
496 -5.1844 0
1939 -5.1903 0
985 -5.2109 0
1729 -5.2187 0
1130 -5.2448 0
1272 -5.2647 0
1700 -5.2665 0
751 -5.2821 0
1557 -5.3233 0
795 -5.3298 0
1281 -5.3316 0
1182 -5.3493 0
1582 -5.3523 0
1118 -5.3700 0
1714 -5.3988 0
875 -5.4226 0
1419 -5.4236 0
1710 -5.4271 0
592 -5.4353 0
790 -5.4401 0
1136 -5.4430 0
769 -5.4529 0
1931 -5.4729 0
1006 -5.4858 0
684 -5.4941 0
248 -5.5381 0
1701 -5.5469 0
1637 -5.5763 0
1550 -5.5908 0
1923 -5.6329 0
1522 -5.6621 0
1523 -5.6655 0
1641 -5.7148 0
787 -5.7263 0
1151 -5.7448 0
455 -5.7529 0
1716 -5.7984 0
1147 -5.8443 0
1910 -5.8511 0
859 -5.8529 0
1748 -5.8651 0
764 -5.9194 0
1298 -5.9263 0
1475 -5.9360 0
476 -5.9492 0
977 -5.9883 0
783 -5.9912 0
1261 -6.0063 0
1707 -6.1059 0
1712 -6.1418 0
1278 -6.1542 0
1624 -6.1556 0
1045 -6.2053 0
1296 -6.2315 0
469 -6.2323 0
638 -6.2371 0
212 -6.2773 0
794 -6.3416 0
850 -6.3601 0
893 -6.3653 0
460 -6.4000 0
1293 -6.4526 0
1739 -6.4745 0
1547 -6.4798 0
1264 -6.5225 0
478 -6.5593 0
1626 -6.5674 0
761 -6.5946 0
1735 -6.7815 0
1743 -6.8898 0
772 -6.8922 0
1284 -7.0770 0
1709 -7.3499 0
492 -7.4314 0
1736 -7.4928 0
456 -7.7714 0
1630 -7.7986 0
1258 -8.0522 0
1251 -8.3118 0
762 -8.3494 0
