772 30.2396 1
795 27.4521 1
777 26.6306 1
760 25.8216 1
792 25.3066 1
781 24.4346 1
766 23.2935 1
779 22.6087 1
774 20.4090 1
762 20.3510 1
750 20.2902 1
783 19.9743 1
770 19.9704 1
761 19.9454 1
794 19.6710 1
784 19.5464 1
759 18.6208 1
754 17.5382 1
751 17.0051 1
796 16.9807 1
787 16.8785 1
793 16.7782 1
799 16.6641 1
771 15.9035 1
773 15.7206 1
767 15.6960 1
769 15.4658 1
752 15.1618 1
765 15.0945 1
758 14.6447 1
782 14.5631 1
788 14.1732 1
785 13.7992 1
791 12.7909 1
776 12.3192 1
757 12.2433 1
984 12.0695 0
790 11.9797 1
763 11.6399 1
778 11.5587 1
798 11.4869 1
1263 11.2628 0
872 10.9077 0
780 10.4581 1
786 9.6583 1
789 9.1556 1
764 8.9420 1
755 8.8040 1
303 8.7695 0
321 8.7363 0
1291 8.6882 0
1333 8.6803 0
863 8.3703 0
893 8.2822 0
797 8.2783 1
308 7.9554 0
309 7.8033 0
590 7.7751 0
1118 7.7091 0
1023 7.6876 0
452 7.5930 0
881 7.5162 0
1393 7.4932 0
328 7.3717 0
1344 7.3610 0
1022 7.2494 0
1259 7.1000 0
694 7.0269 0
1121 6.9789 0
483 6.9243 0
1015 6.9003 0
1089 6.8974 0
995 6.7701 0
1292 6.7688 0
1488 6.6886 0
1293 6.5877 0
602 6.5874 0
1131 6.5774 0
1289 6.4654 0
422 6.3714 0
875 6.3398 0
886 6.3215 0
1147 6.2941 0
670 6.2428 0
342 6.1854 0
1368 6.1134 0
1225 6.0596 0
756 6.0329 1
1384 5.9992 0
1269 5.9693 0
1553 5.9201 0
310 5.9107 0
1136 5.8368 0
1265 5.7875 0
911 5.7763 0
974 5.7487 0
869 5.5985 0
1326 5.5314 0
336 5.4653 0
349 5.2849 0
1409 5.2845 0
1250 5.2234 0
333 5.2204 0
775 5.2109 1
1331 5.2058 0
1385 5.2017 0
857 5.1832 0
963 5.1816 0
1661 5.0888 0
678 5.0710 0
879 5.0648 0
1039 5.0514 0
331 5.0424 0
1011 5.0386 0
925 5.0250 0
1580 5.0043 0
997 4.9796 0
803 4.9263 0
1140 4.9073 0
666 4.9026 0
931 4.8995 0
455 4.8750 0
1138 4.8727 0
1132 4.8630 0
745 4.8583 0
1414 4.7877 0
922 4.7833 0
850 4.7749 0
930 4.7646 0
672 4.7616 0
1260 4.7539 0
334 4.7434 0
1332 4.6843 0
544 4.6734 0
877 4.6595 0
731 4.5963 0
1565 4.5885 0
1437 4.5742 0
1079 4.5734 0
460 4.5529 0
953 4.5278 0
457 4.5011 0
977 4.4693 0
1466 4.4513 0
1223 4.4275 0
1072 4.4094 0
687 4.4015 0
1430 4.3114 0
1383 4.2943 0
956 4.2801 0
1063 4.2739 0
1338 4.2587 0
493 4.2462 0
1716 4.2271 0
1410 4.2114 0
768 4.2058 1
1330 4.1871 0
363 4.1709 0
1002 4.1657 0
1941 4.1154 0
1318 4.1143 0
454 4.0856 0
674 4.0309 0
944 4.0046 0
904 4.0038 0
461 3.9918 0
736 3.9172 0
667 3.9088 0
1685 3.8957 0
804 3.8944 0
1302 3.8745 0
1102 3.8518 0
908 3.8419 0
696 3.7968 0
318 3.7944 0
311 3.7742 0
1078 3.7427 0
1145 3.7357 0
1099 3.7237 0
1258 3.7132 0
812 3.6807 0
1435 3.6620 0
319 3.6527 0
813 3.6469 0
12 3.6468 0
854 3.6360 0
1395 3.6108 0
1360 3.5969 0
870 3.5667 0
1398 3.5653 0
379 3.5379 0
396 3.5371 0
1006 3.5257 0
479 3.5257 0
1426 3.5172 0
753 3.5037 1
345 3.4938 0
1027 3.4437 0
1266 3.4206 0
1271 3.4160 0
490 3.4144 0
281 3.4037 0
1434 3.4028 0
631 3.4024 0
1097 3.3936 0
1322 3.3568 0
337 3.3488 0
394 3.3430 0
1501 3.3165 0
569 3.3155 0
1340 3.2983 0
855 3.2937 0
856 3.2914 0
1146 3.2795 0
330 3.2754 0
390 3.2680 0
451 3.2678 0
683 3.2497 0
864 3.2477 0
1440 3.2460 0
621 3.2133 0
1469 3.2034 0
979 3.1927 0
1036 3.1911 0
1261 3.1872 0
313 3.1855 0
1652 3.1761 0
1298 3.1680 0
80 3.1607 0
915 3.1563 0
36 3.1544 0
891 3.1515 0
1100 3.1136 0
874 3.0959 0
316 3.0547 0
826 3.0453 0
579 3.0441 0
1010 3.0118 0
1067 2.9846 0
1279 2.9683 0
825 2.9543 0
859 2.9413 0
58 2.9368 0
914 2.9367 0
1299 2.9340 0
1272 2.9114 0
467 2.8908 0
1239 2.8706 0
1310 2.8705 0
1695 2.8663 0
1166 2.8628 0
1317 2.8581 0
622 2.8530 0
458 2.8425 0
604 2.8405 0
430 2.8139 0
1237 2.8058 0
698 2.8006 0
697 2.7950 0
1449 2.7917 0
1251 2.7859 0
1085 2.7817 0
1324 2.7789 0
75 2.7674 0
1028 2.7628 0
306 2.7537 0
1643 2.7518 0
290 2.7510 0
1441 2.7342 0
842 2.7110 0
882 2.7065 0
314 2.6750 0
1054 2.6633 0
1676 2.6604 0
1764 2.6457 0
1209 2.5695 0
1462 2.5690 0
966 2.5649 0
1288 2.5505 0
360 2.5384 0
478 2.5228 0
955 2.5108 0
1038 2.5099 0
481 2.5095 0
733 2.4973 0
858 2.4683 0
369 2.4676 0
946 2.4676 0
480 2.4589 0
1631 2.4464 0
1227 2.4452 0
332 2.4302 0
476 2.4228 0
871 2.4117 0
1202 2.3992 0
538 2.3920 0
1264 2.3914 0
1055 2.3678 0
320 2.3487 0
1400 2.3477 0
748 2.3420 0
1171 2.3335 0
1257 2.3243 0
1673 2.3208 0
663 2.3102 0
329 2.3046 0
1025 2.2958 0
806 2.2792 0
1094 2.2788 0
934 2.2471 0
118 2.2317 0
499 2.2241 0
495 2.2114 0
1404 2.1880 0
1674 2.1803 0
1374 2.1793 0
709 2.1713 0
916 2.1370 0
1319 2.1343 0
341 2.1338 0
965 2.1274 0
1278 2.1264 0
1120 2.1215 0
315 2.1156 0
1429 2.1120 0
849 2.1087 0
496 2.1030 0
1249 2.1019 0
1070 2.0912 0
730 2.0885 0
1776 2.0737 0
938 2.0640 0
428 2.0550 0
923 2.0527 0
1883 2.0367 0
900 2.0241 0
682 2.0174 0
1300 2.0050 0
1367 1.9969 0
1283 1.9959 0
1234 1.9938 0
474 1.9805 0
937 1.9677 0
1448 1.9650 0
1167 1.9601 0
951 1.9568 0
1687 1.9552 0
1382 1.9419 0
831 1.9409 0
927 1.9380 0
3 1.9356 0
1377 1.9264 0
887 1.9245 0
1273 1.9231 0
827 1.9214 0
1380 1.9207 0
83 1.9025 0
513 1.8931 0
1420 1.8781 0
1005 1.8698 0
1585 1.8684 0
2 1.8578 0
1355 1.8532 0
1277 1.8523 0
1228 1.8514 0
550 1.8229 0
453 1.8217 0
71 1.8178 0
533 1.8171 0
1226 1.8072 0
65 1.7995 0
1017 1.7970 0
289 1.7936 0
317 1.7931 0
968 1.7842 0
987 1.7818 0
459 1.7799 0
1101 1.7741 0
326 1.7696 0
1073 1.7676 0
475 1.7675 0
1677 1.7631 0
880 1.7626 0
50 1.7618 0
885 1.7593 0
1532 1.7466 0
344 1.7448 0
1363 1.7167 0
1047 1.7132 0
190 1.7073 0
957 1.7002 0
686 1.7002 0
441 1.6872 0
272 1.6846 0
811 1.6801 0
657 1.6771 0
1335 1.6758 0
1870 1.6722 0
1124 1.6588 0
1003 1.6573 0
1427 1.6395 0
1475 1.6379 0
1433 1.6343 0
541 1.6330 0
1254 1.6261 0
837 1.6231 0
298 1.6202 0
1656 1.6195 0
1137 1.6082 0
1422 1.5988 0
1032 1.5987 0
348 1.5908 0
1376 1.5891 0
548 1.5840 0
700 1.5816 0
906 1.5709 0
801 1.5669 0
1153 1.5637 0
1369 1.5521 0
433 1.5510 0
33 1.5488 0
1009 1.5390 0
1290 1.5370 0
999 1.5338 0
1608 1.5181 0
1148 1.5133 0
581 1.5115 0
1238 1.5100 0
1321 1.5024 0
1447 1.4967 0
591 1.4920 0
335 1.4878 0
1083 1.4877 0
652 1.4871 0
1320 1.4671 0
473 1.4642 0
948 1.4634 0
498 1.4623 0
1270 1.4609 0
1218 1.4545 0
489 1.4502 0
262 1.4501 0
1858 1.4456 0
691 1.4327 0
1311 1.4312 0
1065 1.4246 0
743 1.3824 0
1796 1.3771 0
1403 1.3762 0
823 1.3719 0
86 1.3694 0
1287 1.3679 0
902 1.3658 0
584 1.3657 0
668 1.3452 0
1323 1.3368 0
1389 1.3293 0
648 1.3264 0
1068 1.3241 0
1431 1.3184 0
807 1.3176 0
1203 1.3143 0
889 1.3126 0
681 1.3092 0
356 1.3031 0
327 1.2983 0
1013 1.2959 0
1190 1.2934 0
978 1.2904 0
1211 1.2858 0
1240 1.2774 0
1207 1.2736 0
456 1.2656 0
1312 1.2598 0
588 1.2575 0
508 1.2516 0
1037 1.2370 0
1178 1.2341 0
26 1.2335 0
1058 1.2307 0
954 1.2296 0
1412 1.2248 0
1655 1.2200 0
1406 1.2160 0
1908 1.2113 0
67 1.1987 0
464 1.1944 0
1160 1.1927 0
689 1.1920 0
829 1.1900 0
1738 1.1842 0
1313 1.1785 0
1394 1.1755 0
1345 1.1746 0
1794 1.1677 0
1770 1.1513 0
971 1.1285 0
693 1.1258 0
1375 1.1246 0
224 1.1204 0
106 1.1202 0
501 1.1192 0
1057 1.1106 0
24 1.1080 0
201 1.1077 0
347 1.1067 0
1781 1.1064 0
140 1.1031 0
1246 1.0957 0
1044 1.0947 0
639 1.0857 0
1060 1.0846 0
1295 1.0736 0
1309 1.0713 0
1164 1.0671 0
525 1.0656 0
1314 1.0640 0
1415 1.0631 0
301 1.0628 0
1783 1.0560 0
986 1.0483 0
250 1.0474 0
1602 1.0440 0
53 1.0423 0
865 1.0405 0
1062 1.0273 0
595 1.0210 0
1219 1.0195 0
1241 1.0174 0
1365 1.0037 0
469 0.9984 0
815 0.9894 0
1666 0.9882 0
655 0.9844 0
439 0.9696 0
629 0.9636 0
1388 0.9606 0
1737 0.9602 0
637 0.9400 0
583 0.9281 0
819 0.9223 0
1923 0.9203 0
662 0.9193 0
1407 0.9189 0
1413 0.9170 0
73 0.9152 0
382 0.9129 0
1128 0.9121 0
1442 0.9072 0
1357 0.9064 0
1026 0.8978 0
1244 0.8925 0
1854 0.8901 0
397 0.8899 0
1046 0.8891 0
719 0.8881 0
1767 0.8842 0
1505 0.8841 0
173 0.8793 0
1654 0.8772 0
1445 0.8732 0
983 0.8700 0
1352 0.8685 0
835 0.8583 0
1527 0.8557 0
1156 0.8512 0
378 0.8417 0
892 0.8402 0
424 0.8401 0
486 0.8368 0
1723 0.8347 0
641 0.8342 0
818 0.8336 0
982 0.8174 0
1663 0.8139 0
640 0.8018 0
427 0.7999 0
1077 0.7971 0
722 0.7902 0
1144 0.7859 0
675 0.7831 0
1911 0.7826 0
549 0.7697 0
1390 0.7683 0
381 0.7674 0
307 0.7665 0
1343 0.7647 0
1692 0.7586 0
1502 0.7585 0
1123 0.7570 0
1491 0.7327 0
1749 0.7272 0
607 0.7113 0
1405 0.7091 0
471 0.7068 0
1194 0.6999 0
352 0.6981 0
1031 0.6949 0
30 0.6932 0
545 0.6914 0
1341 0.6899 0
1693 0.6892 0
913 0.6868 0
845 0.6861 0
656 0.6787 0
996 0.6646 0
1048 0.6641 0
1476 0.6609 0
1832 0.6545 0
919 0.6541 0
1856 0.6515 0
1328 0.6466 0
1576 0.6411 0
990 0.6319 0
253 0.6313 0
1487 0.6302 0
426 0.6274 0
522 0.6232 0
1349 0.6150 0
322 0.6093 0
1417 0.6072 0
448 0.6045 0
1035 0.6000 0
661 0.5990 0
565 0.5985 0
1091 0.5957 0
515 0.5956 0
302 0.5893 0
420 0.5802 0
1255 0.5801 0
1371 0.5763 0
1180 0.5739 0
537 0.5713 0
1149 0.5696 0
1586 0.5593 0
468 0.5567 0
998 0.5539 0
385 0.5481 0
1112 0.5367 0
896 0.5298 0
1134 0.5229 0
1141 0.5172 0
658 0.5150 0
1169 0.4994 0
727 0.4974 0
1126 0.4973 0
1125 0.4914 0
732 0.4903 0
1452 0.4887 0
1495 0.4875 0
1053 0.4872 0
650 0.4837 0
1346 0.4801 0
609 0.4789 0
910 0.4750 0
660 0.4703 0
615 0.4664 0
507 0.4617 0
241 0.4581 0
713 0.4547 0
699 0.4522 0
202 0.4392 0
1176 0.4392 0
28 0.4383 0
1444 0.4373 0
1904 0.4333 0
450 0.4285 0
1262 0.4234 0
960 0.4128 0
392 0.3911 0
1201 0.3894 0
1191 0.3803 0
1235 0.3655 0
268 0.3508 0
323 0.3324 0
1833 0.3311 0
1030 0.3299 0
1051 0.3289 0
1937 0.3260 0
1480 0.3245 0
1049 0.3165 0
612 0.3070 0
897 0.3061 0
742 0.3059 0
1386 0.2998 0
628 0.2917 0
1712 0.2847 0
1130 0.2821 0
1798 0.2788 0
939 0.2743 0
477 0.2737 0
817 0.2715 0
820 0.2675 0
975 0.2524 0
1364 0.2461 0
1162 0.2398 0
1888 0.2363 0
1214 0.2336 0
1479 0.2239 0
1454 0.2233 0
1657 0.2137 0
729 0.2102 0
1511 0.2024 0
1253 0.1978 0
556 0.1976 0
918 0.1971 0
1690 0.1957 0
883 0.1948 0
502 0.1796 0
802 0.1759 0
706 0.1743 0
1285 0.1735 0
840 0.1712 0
603 0.1684 0
1889 0.1668 0
917 0.1543 0
1373 0.1528 0
1286 0.1496 0
1090 0.1471 0
546 0.1416 0
1242 0.1408 0
1275 0.1375 0
1033 0.1343 0
285 0.1319 0
1757 0.1271 0
1852 0.1158 0
1061 0.1134 0
705 0.1076 0
558 0.1068 0
1071 0.1036 0
1446 0.1017 0
1635 0.1014 0
1056 0.1002 0
1230 0.0989 0
1096 0.0908 0
1790 0.0897 0
1093 0.0874 0
1105 0.0821 0
258 0.0817 0
487 0.0796 0
597 0.0795 0
365 0.0772 0
1129 0.0771 0
103 0.0661 0
491 0.0613 0
599 0.0580 0
1743 0.0555 0
472 0.0529 0
1196 0.0397 0
403 0.0394 0
1075 0.0353 0
1347 0.0308 0
346 0.0182 0
1296 0.0119 0
1669 0.0094 0
1914 0.0060 0
1034 -0.0064 0
1329 -0.0069 0
366 -0.0084 0
109 -0.0241 0
1064 -0.0266 0
354 -0.0302 0
425 -0.0317 0
42 -0.0456 0
1682 -0.0479 0
1086 -0.0532 0
1316 -0.0533 0
901 -0.0584 0
1634 -0.0680 0
573 -0.0686 0
633 -0.0808 0
488 -0.0822 0
1439 -0.0822 0
275 -0.0855 0
810 -0.0903 0
1782 -0.0969 0
614 -0.1006 0
1813 -0.1013 0
1378 -0.1030 0
994 -0.1075 0
1204 -0.1183 0
926 -0.1207 0
832 -0.1261 0
414 -0.1302 0
1391 -0.1306 0
1045 -0.1320 0
384 -0.1328 0
1575 -0.1342 0
605 -0.1396 0
1540 -0.1399 0
712 -0.1459 0
1805 -0.1496 0
816 -0.1504 0
1557 -0.1527 0
324 -0.1589 0
418 -0.1593 0
295 -0.1594 0
805 -0.1613 0
1301 -0.1693 0
416 -0.1696 0
1425 -0.1704 0
1161 -0.1710 0
1018 -0.1745 0
492 -0.1778 0
824 -0.1786 0
993 -0.1796 0
1645 -0.1819 0
1116 -0.1825 0
1222 -0.1829 0
1280 -0.1841 0
1372 -0.1853 0
1665 -0.1940 0
921 -0.2009 0
1428 -0.2016 0
688 -0.2134 0
566 -0.2183 0
72 -0.2261 0
1173 -0.2360 0
274 -0.2451 0
838 -0.2468 0
500 -0.2501 0
1040 -0.2523 0
96 -0.2603 0
1205 -0.2607 0
1158 -0.2668 0
284 -0.2673 0
1084 -0.2736 0
1744 -0.2738 0
1906 -0.2763 0
1069 -0.2949 0
1362 -0.2963 0
1763 -0.3027 0
374 -0.3038 0
41 -0.3042 0
393 -0.3046 0
95 -0.3111 0
497 -0.3178 0
844 -0.3228 0
905 -0.3244 0
860 -0.3255 0
1572 -0.3263 0
866 -0.3265 0
618 -0.3270 0
1647 -0.3300 0
325 -0.3368 0
1392 -0.3379 0
1336 -0.3442 0
1477 -0.3464 0
1533 -0.3482 0
991 -0.3554 0
82 -0.3602 0
596 -0.3603 0
848 -0.3638 0
898 -0.3693 0
1772 -0.3726 0
586 -0.3819 0
1903 -0.3832 0
484 -0.3886 0
1498 -0.3899 0
1844 -0.3947 0
1630 -0.3949 0
847 -0.4005 0
645 -0.4034 0
1529 -0.4035 0
362 -0.4093 0
1578 -0.4115 0
1339 -0.4145 0
836 -0.4203 0
1807 -0.4357 0
1935 -0.4389 0
263 -0.4464 0
1281 -0.4468 0
52 -0.4496 0
1461 -0.4672 0
389 -0.4696 0
1342 -0.4697 0
135 -0.4703 0
45 -0.4711 0
1694 -0.4733 0
1500 -0.4787 0
1229 -0.4823 0
1233 -0.4828 0
932 -0.4969 0
1098 -0.5045 0
1303 -0.5138 0
20 -0.5168 0
99 -0.5187 0
518 -0.5191 0
1835 -0.5197 0
174 -0.5210 0
846 -0.5219 0
1698 -0.5264 0
1701 -0.5268 0
517 -0.5315 0
300 -0.5319 0
1115 -0.5336 0
421 -0.5443 0
903 -0.5455 0
1024 -0.5487 0
14 -0.5502 0
632 -0.5553 0
1185 -0.5594 0
659 -0.5609 0
878 -0.5648 0
933 -0.5679 0
305 -0.5681 0
1919 -0.5689 0
1728 -0.5762 0
187 -0.5833 0
1741 -0.5836 0
1215 -0.5836 0
1672 -0.5840 0
1804 -0.5910 0
1208 -0.5914 0
49 -0.5979 0
888 -0.5991 0
1199 -0.6032 0
1294 -0.6156 0
1224 -0.6173 0
462 -0.6175 0
1356 -0.6191 0
200 -0.6201 0
988 -0.6206 0
296 -0.6233 0
1771 -0.6275 0
853 -0.6299 0
958 -0.6308 0
252 -0.6359 0
1066 -0.6407 0
519 -0.6420 0
828 -0.6474 0
821 -0.6509 0
976 -0.6518 0
834 -0.6635 0
1198 -0.6709 0
1675 -0.6737 0
1719 -0.6760 0
504 -0.6785 0
1177 -0.6831 0
1354 -0.6834 0
386 -0.6850 0
627 -0.6879 0
16 -0.6896 0
1632 -0.6912 0
1297 -0.6927 0
970 -0.7046 0
985 -0.7098 0
372 -0.7101 0
524 -0.7117 0
1087 -0.7163 0
1946 -0.7166 0
1828 -0.7186 0
646 -0.7219 0
1758 -0.7260 0
1555 -0.7306 0
358 -0.7327 0
340 -0.7346 0
924 -0.7351 0
375 -0.7383 0
277 -0.7398 0
1709 -0.7436 0
1315 -0.7489 0
404 -0.7514 0
1588 -0.7515 0
1766 -0.7532 0
312 -0.7562 0
1658 -0.7637 0
1748 -0.7729 0
725 -0.7789 0
1408 -0.7824 0
613 -0.7833 0
1397 -0.7855 0
1074 -0.7856 0
88 -0.7856 0
105 -0.7859 0
94 -0.7906 0
1143 -0.7968 0
1114 -0.7989 0
1029 -0.8010 0
1247 -0.8020 0
1484 -0.8032 0
1107 -0.8044 0
1436 -0.8050 0
1109 -0.8066 0
1735 -0.8164 0
1898 -0.8212 0
1680 -0.8219 0
5 -0.8287 0
1351 -0.8327 0
388 -0.8354 0
1592 -0.8359 0
254 -0.8374 0
91 -0.8378 0
1052 -0.8383 0
1930 -0.8389 0
1304 -0.8446 0
377 -0.8460 0
1472 -0.8569 0
959 -0.8588 0
738 -0.8669 0
721 -0.8700 0
1681 -0.8767 0
236 -0.8769 0
1755 -0.8776 0
225 -0.8836 0
1188 -0.8936 0
1587 -0.8959 0
112 -0.9047 0
1842 -0.9092 0
1399 -0.9171 0
1256 -0.9188 0
1617 -0.9297 0
447 -0.9319 0
1337 -0.9380 0
1172 -0.9434 0
884 -0.9499 0
1699 -0.9515 0
1684 -0.9518 0
1014 -0.9541 0
223 -0.9576 0
582 -0.9585 0
293 -0.9639 0
601 -0.9733 0
852 -0.9853 0
626 -0.9969 0
1059 -0.9987 0
216 -1.0021 0
445 -1.0046 0
338 -1.0088 0
578 -1.0166 0
619 -1.0197 0
11 -1.0215 0
1707 -1.0284 0
749 -1.0349 0
715 -1.0370 0
1182 -1.0393 0
1703 -1.0426 0
1361 -1.0433 0
1542 -1.0453 0
57 -1.0485 0
1007 -1.0506 0
367 -1.0554 0
153 -1.0577 0
1041 -1.0581 0
81 -1.0591 0
1001 -1.0599 0
568 -1.0689 0
1549 -1.0704 0
444 -1.0760 0
401 -1.0930 0
739 -1.0938 0
1564 -1.0948 0
685 -1.0951 0
669 -1.0974 0
59 -1.1022 0
635 -1.1055 0
339 -1.1132 0
435 -1.1164 0
534 -1.1178 0
1174 -1.1180 0
567 -1.1211 0
410 -1.1244 0
141 -1.1247 0
158 -1.1254 0
1474 -1.1280 0
1307 -1.1323 0
800 -1.1342 0
1679 -1.1383 0
1691 -1.1395 0
147 -1.1444 0
380 -1.1476 0
1221 -1.1480 0
945 -1.1531 0
1419 -1.1547 0
1387 -1.1567 0
1183 -1.1571 0
243 -1.1636 0
1497 -1.1662 0
431 -1.1682 0
1308 -1.1720 0
1872 -1.1748 0
861 -1.1763 0
233 -1.1767 0
1727 -1.1832 0
1688 -1.1843 0
973 -1.1864 0
288 -1.1955 0
411 -1.1994 0
899 -1.2024 0
267 -1.2083 0
562 -1.2099 0
620 -1.2107 0
443 -1.2283 0
1381 -1.2283 0
1507 -1.2292 0
1088 -1.2322 0
29 -1.2329 0
862 -1.2379 0
56 -1.2396 0
907 -1.2414 0
1370 -1.2436 0
1276 -1.2492 0
409 -1.2509 0
574 -1.2572 0
1990 -1.2593 0
1050 -1.2596 0
941 -1.2624 0
1103 -1.2639 0
1000 -1.2651 0
70 -1.2656 0
1942 -1.2704 0
1624 -1.2752 0
643 -1.2753 0
1726 -1.2771 0
964 -1.2808 0
561 -1.2813 0
1932 -1.2859 0
1797 -1.2859 0
383 -1.2974 0
744 -1.3000 0
611 -1.3003 0
1760 -1.3038 0
353 -1.3043 0
950 -1.3060 0
255 -1.3066 0
1306 -1.3139 0
405 -1.3144 0
429 -1.3161 0
1016 -1.3205 0
516 -1.3285 0
1245 -1.3304 0
1095 -1.3339 0
1359 -1.3388 0
1660 -1.3543 0
1366 -1.3606 0
1494 -1.3611 0
1713 -1.3665 0
133 -1.3687 0
1563 -1.3701 0
1165 -1.3702 0
1543 -1.3728 0
1650 -1.3729 0
131 -1.3814 0
423 -1.3850 0
87 -1.3853 0
54 -1.3867 0
85 -1.3899 0
287 -1.3904 0
283 -1.3928 0
1284 -1.3967 0
1119 -1.3994 0
1718 -1.4006 0
279 -1.4023 0
1492 -1.4031 0
391 -1.4055 0
38 -1.4100 0
1756 -1.4174 0
220 -1.4184 0
967 -1.4205 0
1396 -1.4222 0
1232 -1.4238 0
634 -1.4295 0
449 -1.4323 0
969 -1.4341 0
740 -1.4372 0
364 -1.4379 0
1113 -1.4467 0
1605 -1.4468 0
259 -1.4484 0
708 -1.4551 0
1913 -1.4625 0
1546 -1.4626 0
1825 -1.4657 0
350 -1.4680 0
398 -1.4806 0
291 -1.4843 0
528 -1.4856 0
437 -1.4956 0
1604 -1.4969 0
1740 -1.4970 0
1139 -1.4977 0
436 -1.5001 0
935 -1.5026 0
1456 -1.5114 0
1991 -1.5120 0
1451 -1.5177 0
1626 -1.5228 0
1612 -1.5267 0
132 -1.5267 0
1443 -1.5297 0
1678 -1.5338 0
1150 -1.5363 0
1885 -1.5501 0
1212 -1.5506 0
1811 -1.5519 0
1192 -1.5546 0
606 -1.5555 0
1706 -1.5606 0
1879 -1.5676 0
1720 -1.5739 0
1597 -1.5795 0
1552 -1.5817 0
961 -1.5878 0
1912 -1.5962 0
417 -1.5976 0
276 -1.5981 0
890 -1.6087 0
1603 -1.6113 0
1358 -1.6144 0
280 -1.6151 0
1775 -1.6199 0
895 -1.6267 0
1135 -1.6281 0
1168 -1.6285 0
1401 -1.6287 0
1724 -1.6408 0
1732 -1.6411 0
1110 -1.6430 0
1402 -1.6430 0
547 -1.6451 0
664 -1.6477 0
741 -1.6585 0
1151 -1.6595 0
692 -1.6611 0
419 -1.6627 0
371 -1.6635 0
355 -1.6647 0
151 -1.6675 0
1607 -1.6714 0
1305 -1.6732 0
649 -1.6805 0
523 -1.6872 0
1236 -1.6879 0
531 -1.6885 0
192 -1.6935 0
1133 -1.6948 0
947 -1.6950 0
1325 -1.6957 0
1421 -1.6959 0
1581 -1.7121 0
466 -1.7130 0
1561 -1.7139 0
494 -1.7153 0
199 -1.7153 0
1243 -1.7159 0
10 -1.7217 0
27 -1.7237 0
193 -1.7285 0
625 -1.7344 0
1274 -1.7358 0
1606 -1.7397 0
808 -1.7402 0
1774 -1.7420 0
162 -1.7434 0
559 -1.7456 0
35 -1.7466 0
163 -1.7494 0
1535 -1.7497 0
1671 -1.7498 0
361 -1.7535 0
1577 -1.7632 0
74 -1.7656 0
7 -1.7683 0
1206 -1.7766 0
1558 -1.7766 0
1106 -1.7804 0
1636 -1.7837 0
1752 -1.7857 0
992 -1.7858 0
598 -1.7878 0
1252 -1.7896 0
1696 -1.7902 0
1786 -1.7905 0
1579 -1.7978 0
152 -1.8065 0
1459 -1.8071 0
1640 -1.8075 0
270 -1.8127 0
1800 -1.8294 0
1170 -1.8339 0
69 -1.8340 0
710 -1.8397 0
1584 -1.8402 0
115 -1.8411 0
110 -1.8454 0
1021 -1.8564 0
247 -1.8568 0
47 -1.8569 0
180 -1.8590 0
104 -1.8629 0
1327 -1.8664 0
1122 -1.8665 0
113 -1.8671 0
511 -1.8678 0
1008 -1.8679 0
399 -1.8731 0
1836 -1.8772 0
1705 -1.8798 0
1082 -1.8813 0
1560 -1.8880 0
177 -1.8939 0
77 -1.8962 0
463 -1.9008 0
1861 -1.9025 0
920 -1.9074 0
830 -1.9164 0
679 -1.9167 0
1152 -1.9169 0
1633 -1.9171 0
1189 -1.9191 0
716 -1.9240 0
1460 -1.9248 0
1801 -1.9334 0
1193 -1.9429 0
1531 -1.9438 0
1004 -1.9498 0
630 -1.9504 0
48 -1.9612 0
557 -1.9655 0
432 -1.9693 0
912 -1.9732 0
928 -1.9761 0
1195 -1.9766 0
214 -1.9801 0
116 -1.9818 0
535 -1.9835 0
943 -1.9837 0
22 -1.9863 0
1739 -1.9890 0
138 -1.9902 0
1700 -1.9905 0
1210 -1.9935 0
1746 -1.9946 0
673 -1.9984 0
1418 -1.9992 0
1668 -1.9999 0
1642 -2.0114 0
1438 -2.0164 0
1773 -2.0205 0
1522 -2.0236 0
671 -2.0249 0
1485 -2.0264 0
1810 -2.0267 0
1905 -2.0275 0
1465 -2.0283 0
278 -2.0321 0
1717 -2.0367 0
1528 -2.0388 0
1831 -2.0391 0
839 -2.0524 0
203 -2.0531 0
1554 -2.0552 0
1187 -2.0659 0
221 -2.0680 0
1478 -2.0696 0
952 -2.0699 0
64 -2.0706 0
1992 -2.0727 0
677 -2.0736 0
514 -2.0777 0
1104 -2.0812 0
1513 -2.0848 0
1163 -2.0947 0
1154 -2.1062 0
195 -2.1081 0
245 -2.1090 0
157 -2.1117 0
822 -2.1124 0
587 -2.1161 0
412 -2.1174 0
734 -2.1196 0
269 -2.1197 0
1936 -2.1221 0
189 -2.1226 0
1815 -2.1254 0
1521 -2.1282 0
530 -2.1303 0
1197 -2.1316 0
724 -2.1317 0
1708 -2.1320 0
182 -2.1347 0
154 -2.1495 0
1753 -2.1545 0
1217 -2.1551 0
239 -2.1555 0
1907 -2.1607 0
1457 -2.1620 0
212 -2.1627 0
1847 -2.1778 0
929 -2.1786 0
1761 -2.1832 0
1865 -2.1967 0
711 -2.2004 0
100 -2.2061 0
576 -2.2068 0
1638 -2.2070 0
636 -2.2094 0
1596 -2.2140 0
814 -2.2153 0
1216 -2.2203 0
593 -2.2244 0
130 -2.2255 0
851 -2.2262 0
395 -2.2268 0
126 -2.2273 0
1890 -2.2382 0
442 -2.2425 0
1042 -2.2427 0
1620 -2.2516 0
343 -2.2558 0
415 -2.2559 0
294 -2.2612 0
1733 -2.2697 0
505 -2.2704 0
543 -2.2797 0
1722 -2.2823 0
238 -2.2866 0
1711 -2.2902 0
1615 -2.2918 0
1519 -2.2941 0
512 -2.2951 0
876 -2.2965 0
1849 -2.2981 0
1411 -2.3022 0
728 -2.3051 0
207 -2.3053 0
1515 -2.3075 0
1081 -2.3128 0
304 -2.3150 0
6 -2.3151 0
589 -2.3210 0
15 -2.3213 0
108 -2.3251 0
198 -2.3256 0
1220 -2.3281 0
1432 -2.3371 0
251 -2.3380 0
1348 -2.3398 0
1589 -2.3429 0
127 -2.3432 0
19 -2.3533 0
1610 -2.3566 0
150 -2.3597 0
610 -2.3697 0
1142 -2.3698 0
536 -2.3709 0
1458 -2.3761 0
553 -2.3790 0
282 -2.4004 0
1471 -2.4050 0
1200 -2.4052 0
1721 -2.4065 0
521 -2.4263 0
84 -2.4336 0
1778 -2.4364 0
13 -2.4380 0
1493 -2.4515 0
1601 -2.4558 0
1416 -2.4581 0
1876 -2.4629 0
89 -2.4640 0
1619 -2.4643 0
78 -2.4661 0
1667 -2.4669 0
1538 -2.4754 0
1851 -2.4758 0
97 -2.4780 0
166 -2.4787 0
1467 -2.4818 0
1591 -2.4830 0
408 -2.4838 0
563 -2.4867 0
684 -2.4917 0
1873 -2.4919 0
1846 -2.4933 0
1379 -2.5004 0
1662 -2.5032 0
571 -2.5042 0
286 -2.5085 0
552 -2.5100 0
485 -2.5111 0
1080 -2.5162 0
122 -2.5195 0
1453 -2.5202 0
726 -2.5264 0
564 -2.5347 0
1754 -2.5378 0
1648 -2.5381 0
949 -2.5404 0
1702 -2.5439 0
1821 -2.5492 0
1779 -2.5502 0
156 -2.5503 0
1179 -2.5563 0
9 -2.5696 0
1996 -2.5755 0
114 -2.5760 0
92 -2.5772 0
540 -2.5805 0
1043 -2.5815 0
532 -2.5885 0
219 -2.5927 0
206 -2.5929 0
111 -2.5948 0
1998 -2.5987 0
527 -2.6009 0
1076 -2.6033 0
1827 -2.6118 0
1644 -2.6119 0
1512 -2.6145 0
1127 -2.6153 0
357 -2.6217 0
351 -2.6248 0
1659 -2.6254 0
690 -2.6268 0
139 -2.6293 0
1806 -2.6341 0
1423 -2.6368 0
407 -2.6382 0
1623 -2.6383 0
1802 -2.6415 0
1267 -2.6423 0
608 -2.6438 0
229 -2.6483 0
510 -2.6497 0
509 -2.6508 0
271 -2.6552 0
1921 -2.6562 0
1837 -2.6575 0
1092 -2.6580 0
1933 -2.6618 0
93 -2.6691 0
1824 -2.6693 0
1629 -2.6759 0
735 -2.6805 0
376 -2.6850 0
1704 -2.6955 0
1751 -2.7024 0
17 -2.7104 0
1697 -2.7216 0
237 -2.7252 0
1020 -2.7333 0
647 -2.7467 0
1574 -2.7494 0
161 -2.7523 0
1947 -2.7541 0
1965 -2.7556 0
179 -2.7569 0
1819 -2.7591 0
506 -2.7634 0
1878 -2.7652 0
972 -2.7663 0
695 -2.7690 0
1 -2.7695 0
1499 -2.7705 0
570 -2.7756 0
503 -2.7822 0
1353 -2.7873 0
1793 -2.7886 0
25 -2.7907 0
1989 -2.7925 0
1541 -2.7945 0
119 -2.7948 0
470 -2.7968 0
1742 -2.7982 0
1686 -2.8008 0
117 -2.8019 0
1869 -2.8054 0
1590 -2.8057 0
1213 -2.8100 0
1646 -2.8128 0
134 -2.8149 0
1175 -2.8158 0
1959 -2.8171 0
434 -2.8178 0
1248 -2.8256 0
1784 -2.8283 0
1915 -2.8284 0
406 -2.8311 0
1598 -2.8334 0
40 -2.8344 0
644 -2.8359 0
1731 -2.8383 0
4 -2.8437 0
181 -2.8460 0
197 -2.8542 0
1925 -2.8557 0
171 -2.8560 0
585 -2.8580 0
809 -2.8585 0
232 -2.8616 0
1818 -2.8642 0
1551 -2.8662 0
1729 -2.8715 0
242 -2.8765 0
1823 -2.8834 0
1909 -2.8849 0
44 -2.8928 0
142 -2.8957 0
1566 -2.8968 0
55 -2.8986 0
1850 -2.9003 0
1814 -2.9104 0
962 -2.9122 0
297 -2.9126 0
520 -2.9156 0
46 -2.9165 0
942 -2.9189 0
465 -2.9226 0
600 -2.9285 0
265 -2.9294 0
1537 -2.9297 0
0 -2.9321 0
1874 -2.9331 0
1616 -2.9340 0
1628 -2.9441 0
707 -2.9488 0
1463 -2.9533 0
124 -2.9550 0
1734 -2.9555 0
31 -2.9557 0
1725 -2.9562 0
1747 -2.9562 0
1508 -2.9601 0
400 -2.9614 0
1968 -2.9628 0
1863 -2.9657 0
1670 -2.9739 0
1562 -2.9804 0
1900 -2.9826 0
183 -2.9831 0
1715 -2.9853 0
368 -2.9873 0
1791 -2.9908 0
387 -3.0093 0
248 -3.0151 0
1884 -3.0175 0
61 -3.0182 0
210 -3.0230 0
526 -3.0474 0
1931 -3.0532 0
1514 -3.0559 0
1902 -3.0564 0
185 -3.0568 0
222 -3.0596 0
1789 -3.0649 0
1231 -3.0671 0
1184 -3.0735 0
575 -3.0741 0
1186 -3.0750 0
1649 -3.0759 0
1653 -3.0782 0
833 -3.0799 0
680 -3.0881 0
1621 -3.0931 0
1887 -3.0970 0
1664 -3.0983 0
1952 -3.1149 0
172 -3.1177 0
1556 -3.1261 0
167 -3.1263 0
413 -3.1307 0
1111 -3.1389 0
723 -3.1414 0
1482 -3.1453 0
175 -3.1477 0
1683 -3.1528 0
841 -3.1534 0
1559 -3.1625 0
981 -3.1662 0
1019 -3.1679 0
1539 -3.1872 0
1637 -3.1887 0
234 -3.1969 0
560 -3.2121 0
704 -3.2128 0
21 -3.2145 0
1964 -3.2151 0
1967 -3.2230 0
1570 -3.2251 0
1117 -3.2264 0
1920 -3.2269 0
145 -3.2306 0
1841 -3.2406 0
62 -3.2518 0
1613 -3.2542 0
79 -3.2574 0
1520 -3.2606 0
165 -3.2627 0
989 -3.2645 0
264 -3.2739 0
226 -3.2739 0
940 -3.2750 0
244 -3.2759 0
1571 -3.2804 0
32 -3.2880 0
1839 -3.2959 0
446 -3.2978 0
1945 -3.3056 0
1988 -3.3074 0
1550 -3.3142 0
39 -3.3157 0
1593 -3.3174 0
1917 -3.3237 0
1862 -3.3330 0
1544 -3.3337 0
1926 -3.3414 0
1769 -3.3444 0
1762 -3.3490 0
1639 -3.3570 0
894 -3.3627 0
256 -3.3696 0
676 -3.3698 0
1940 -3.3699 0
1922 -3.3744 0
121 -3.3849 0
260 -3.3870 0
1897 -3.3900 0
68 -3.3901 0
188 -3.3920 0
1569 -3.4024 0
572 -3.4025 0
230 -3.4064 0
1424 -3.4086 0
194 -3.4092 0
1627 -3.4137 0
718 -3.4322 0
624 -3.4362 0
623 -3.4430 0
149 -3.4479 0
651 -3.4557 0
143 -3.4651 0
873 -3.4676 0
37 -3.4677 0
1614 -3.4692 0
1820 -3.4745 0
867 -3.4876 0
101 -3.4889 0
529 -3.4894 0
128 -3.4935 0
1822 -3.4986 0
1509 -3.5003 0
703 -3.5052 0
144 -3.5147 0
160 -3.5148 0
1792 -3.5157 0
359 -3.5166 0
102 -3.5178 0
204 -3.5396 0
1826 -3.5415 0
1594 -3.5451 0
1530 -3.5461 0
665 -3.5519 0
170 -3.5531 0
1689 -3.5549 0
66 -3.5628 0
159 -3.5631 0
1877 -3.5668 0
1944 -3.5805 0
1450 -3.5886 0
701 -3.5905 0
1948 -3.5911 0
168 -3.5919 0
23 -3.6024 0
1490 -3.6090 0
482 -3.6277 0
1972 -3.6279 0
1567 -3.6369 0
1534 -3.6403 0
1483 -3.6508 0
76 -3.6539 0
1108 -3.6634 0
125 -3.6703 0
1817 -3.6711 0
1611 -3.6783 0
1618 -3.6864 0
34 -3.6951 0
1548 -3.7006 0
1481 -3.7026 0
1958 -3.7079 0
720 -3.7124 0
1809 -3.7138 0
211 -3.7316 0
63 -3.7397 0
1651 -3.7434 0
1951 -3.7471 0
555 -3.7567 0
1506 -3.7634 0
261 -3.7711 0
60 -3.7783 0
1843 -3.7806 0
1795 -3.7857 0
1012 -3.8034 0
1765 -3.8173 0
98 -3.8214 0
1927 -3.8320 0
539 -3.8376 0
642 -3.8426 0
551 -3.8460 0
702 -3.8488 0
205 -3.8510 0
123 -3.8513 0
1759 -3.8570 0
1938 -3.8571 0
1892 -3.8573 0
980 -3.8851 0
1181 -3.8855 0
616 -3.8860 0
1785 -3.8896 0
438 -3.8911 0
196 -3.8954 0
1768 -3.9019 0
554 -3.9052 0
1840 -3.9123 0
228 -3.9356 0
1473 -3.9372 0
1641 -3.9486 0
1518 -3.9595 0
146 -3.9611 0
1455 -3.9655 0
638 -3.9703 0
176 -3.9849 0
184 -3.9923 0
617 -4.0094 0
266 -4.0344 0
246 -4.0378 0
213 -4.0429 0
370 -4.0497 0
1504 -4.0656 0
1600 -4.0765 0
164 -4.0790 0
1976 -4.1051 0
542 -4.1069 0
1803 -4.1087 0
231 -4.1095 0
1496 -4.1104 0
1816 -4.1153 0
653 -4.1362 0
1853 -4.1371 0
1470 -4.1636 0
1622 -4.1683 0
1871 -4.1763 0
1547 -4.1854 0
1971 -4.1990 0
1891 -4.2096 0
292 -4.2133 0
909 -4.2290 0
1977 -4.2363 0
1159 -4.2590 0
1982 -4.2632 0
1730 -4.2721 0
8 -4.2741 0
1268 -4.2862 0
1875 -4.2882 0
373 -4.2968 0
737 -4.3043 0
1714 -4.3086 0
1882 -4.3216 0
1881 -4.3420 0
218 -4.3525 0
1516 -4.3538 0
215 -4.3587 0
1599 -4.3702 0
1486 -4.3759 0
440 -4.3766 0
1830 -4.3984 0
1834 -4.4003 0
1987 -4.4190 0
1848 -4.4275 0
1868 -4.4385 0
1710 -4.4418 0
1978 -4.4421 0
1867 -4.4616 0
1934 -4.4900 0
1155 -4.4915 0
402 -4.5150 0
1568 -4.5225 0
1984 -4.5243 0
1845 -4.5328 0
1886 -4.5490 0
1157 -4.5557 0
1960 -4.5756 0
1969 -4.5873 0
1918 -4.6052 0
129 -4.6113 0
594 -4.6181 0
1910 -4.6478 0
592 -4.6510 0
1282 -4.6575 0
1780 -4.6588 0
1750 -4.6671 0
1812 -4.6699 0
43 -4.6793 0
1999 -4.6801 0
1986 -4.6898 0
18 -4.7031 0
1799 -4.7231 0
714 -4.7249 0
1808 -4.7322 0
273 -4.7378 0
1829 -4.7486 0
843 -4.7520 0
1985 -4.7612 0
1787 -4.7798 0
120 -4.7878 0
1609 -4.7943 0
148 -4.7960 0
1777 -4.8105 0
1962 -4.8179 0
1526 -4.8289 0
1901 -4.8349 0
1955 -4.8502 0
1582 -4.8598 0
747 -4.8609 0
137 -4.8834 0
1517 -4.8870 0
1860 -4.9030 0
1866 -4.9232 0
654 -4.9333 0
1503 -4.9356 0
1916 -4.9790 0
178 -4.9808 0
1975 -4.9828 0
1993 -4.9889 0
1468 -4.9950 0
1924 -5.0222 0
136 -5.0294 0
186 -5.0447 0
1545 -5.0998 0
208 -5.1028 0
1954 -5.1040 0
299 -5.1216 0
868 -5.1251 0
1893 -5.1417 0
1980 -5.1442 0
1464 -5.1455 0
1928 -5.1503 0
107 -5.1555 0
1943 -5.1881 0
1595 -5.1923 0
240 -5.2142 0
1899 -5.2158 0
1961 -5.2365 0
1981 -5.2859 0
249 -5.2893 0
1625 -5.3454 0
1838 -5.3541 0
155 -5.3559 0
1983 -5.3902 0
217 -5.3991 0
1966 -5.4097 0
191 -5.4486 0
1489 -5.4707 0
1788 -5.4736 0
209 -5.4975 0
51 -5.5195 0
1950 -5.5482 0
1949 -5.5720 0
235 -5.6023 0
90 -5.6573 0
1583 -5.6726 0
1957 -5.7546 0
580 -5.8557 0
1859 -5.8571 0
257 -5.8574 0
1979 -5.8591 0
227 -5.8613 0
936 -5.8804 0
1523 -5.9072 0
1956 -5.9884 0
1745 -6.0158 0
1994 -6.0356 0
1896 -6.0367 0
1855 -6.1557 0
1536 -6.1969 0
1864 -6.2222 0
1524 -6.2227 0
1880 -6.2497 0
169 -6.2915 0
1997 -6.3002 0
577 -6.3062 0
1510 -6.3100 0
1350 -6.3415 0
1995 -6.3565 0
1895 -6.5476 0
1929 -6.5963 0
1973 -6.5997 0
1334 -6.6727 0
1953 -6.8223 0
1573 -6.9563 0
1963 -7.1169 0
1939 -7.2452 0
1857 -7.3172 0
1970 -7.3583 0
1525 -7.8534 0
1974 -7.8560 0
1894 -8.1780 0
717 -9.0529 0
1736 -9.4850 0
746 -9.7895 0
