800 29.2657 1
828 28.6343 1
822 27.7507 1
843 26.5768 1
812 23.5796 1
806 23.4825 1
801 23.1434 1
821 22.8037 1
819 21.6053 1
845 21.0556 1
826 21.0376 1
820 20.6984 1
831 20.3598 1
808 20.0525 1
829 19.4308 1
817 19.0055 1
804 18.9579 1
825 18.8560 1
805 18.6657 1
803 18.5154 1
815 18.4838 1
802 18.1507 1
818 18.0461 1
848 17.7175 1
807 16.8952 1
814 16.6419 1
1071 16.2584 0
833 15.9872 1
832 15.0157 1
816 14.5041 1
840 14.0072 1
844 13.6721 1
836 13.5842 1
830 13.5660 1
839 13.1656 1
837 12.6627 1
841 12.5053 1
824 12.2668 1
847 12.1694 1
809 12.1574 1
1092 12.0714 0
924 11.7779 0
835 11.5037 1
846 11.4412 1
834 11.1133 1
849 10.2778 1
1059 9.8929 0
823 9.7875 1
1243 9.5822 0
838 9.2900 1
1976 9.1643 0
928 9.1478 0
441 9.0719 0
1832 8.8265 0
785 8.5901 0
1093 8.4900 0
827 8.3857 1
1089 8.3350 0
1318 8.1710 0
428 8.1414 0
1097 8.1087 0
496 8.1085 0
133 7.9652 0
1073 7.8868 0
1088 7.7886 0
1050 7.6153 0
493 7.4872 0
1090 7.3211 0
927 7.2401 0
472 7.2235 0
1098 7.2091 0
1480 7.1447 0
762 6.8340 0
932 6.7755 0
914 6.7083 0
811 6.7020 1
912 6.4760 0
1069 6.3669 0
910 6.3497 0
1087 6.3195 0
865 6.2127 0
1024 6.1792 0
492 6.1748 0
1681 6.1531 0
1067 6.1442 0
810 6.1423 1
1065 6.0200 0
681 6.0187 0
1843 5.9853 0
1846 5.9612 0
1074 5.9242 0
1084 5.8890 0
1066 5.8888 0
1099 5.7681 0
1833 5.7428 0
32 5.7248 0
1094 5.7211 0
1205 5.7033 0
1984 5.6960 0
645 5.6725 0
1906 5.6614 0
1103 5.6252 0
309 5.5416 0
1109 5.5343 0
857 5.5335 0
1809 5.5133 0
560 5.4054 0
1226 5.3945 0
123 5.3565 0
646 5.3398 0
1819 5.3090 0
1070 5.2937 0
173 5.2824 0
512 5.2603 0
278 5.2518 0
926 5.2484 0
1727 5.2384 0
1945 5.2250 0
47 5.2001 0
1108 5.1440 0
931 5.1416 0
599 5.1153 0
1305 5.0857 0
333 5.0341 0
1233 4.9427 0
641 4.9287 0
1106 4.9229 0
282 4.9134 0
903 4.8856 0
1197 4.8762 0
1053 4.8689 0
1113 4.8610 0
461 4.8545 0
1141 4.8510 0
1336 4.8223 0
582 4.7848 0
909 4.7631 0
1312 4.7372 0
1061 4.7133 0
745 4.7044 0
1051 4.6836 0
1710 4.6735 0
1121 4.6522 0
1058 4.6392 0
1091 4.6363 0
919 4.5742 0
405 4.5487 0
17 4.4997 0
1033 4.4858 0
1335 4.4708 0
1060 4.4528 0
1711 4.4285 0
1408 4.4233 0
885 4.3962 0
470 4.3307 0
771 4.3299 0
264 4.3082 0
1171 4.3057 0
1095 4.2577 0
120 4.2460 0
269 4.2392 0
915 4.2360 0
1930 4.2262 0
790 4.1951 0
1742 4.1825 0
1107 4.1804 0
1085 4.1651 0
547 4.1363 0
1805 4.1190 0
761 4.1107 0
851 4.0976 0
246 4.0637 0
1218 4.0558 0
1385 4.0446 0
694 4.0393 0
1075 4.0367 0
444 4.0358 0
292 3.9992 0
900 3.9864 0
1068 3.9780 0
1947 3.9617 0
584 3.9535 0
1212 3.9463 0
460 3.9447 0
1830 3.9183 0
198 3.8988 0
1080 3.8935 0
1101 3.8927 0
1293 3.8806 0
1164 3.8784 0
842 3.8708 1
1941 3.8365 0
1314 3.8000 0
1072 3.7802 0
1246 3.7311 0
1392 3.7121 0
731 3.6812 0
1889 3.6760 0
871 3.6666 0
621 3.6352 0
500 3.6124 0
1021 3.5947 0
416 3.5903 0
597 3.5814 0
1204 3.5787 0
374 3.5628 0
1104 3.5511 0
1131 3.5479 0
755 3.5448 0
585 3.5256 0
1083 3.5249 0
1847 3.5111 0
798 3.5064 0
1174 3.5010 0
122 3.4926 0
363 3.4779 0
870 3.4744 0
1521 3.4719 0
485 3.4628 0
1148 3.4419 0
1745 3.4194 0
1200 3.4159 0
705 3.4141 0
563 3.4106 0
894 3.3901 0
1972 3.3889 0
766 3.3640 0
1198 3.3626 0
1744 3.3320 0
854 3.3008 0
77 3.2992 0
920 3.2954 0
1230 3.2828 0
935 3.2749 0
744 3.2700 0
1155 3.2694 0
235 3.2666 0
84 3.2567 0
1184 3.2484 0
1320 3.2188 0
550 3.2116 0
1077 3.1759 0
933 3.1758 0
1147 3.1681 0
436 3.1656 0
1076 3.1624 0
129 3.1450 0
1414 3.1386 0
1741 3.1342 0
922 3.1338 0
649 3.1249 0
483 3.1236 0
1078 3.1038 0
777 3.0822 0
1082 3.0663 0
774 3.0621 0
1801 3.0608 0
929 3.0599 0
946 3.0562 0
531 3.0549 0
795 3.0508 0
1149 3.0502 0
148 3.0408 0
1064 3.0317 0
614 3.0302 0
360 3.0298 0
1100 3.0164 0
1220 3.0160 0
11 2.9800 0
1043 2.9794 0
1771 2.9771 0
1704 2.9670 0
1791 2.9464 0
1418 2.9418 0
323 2.9403 0
1991 2.9340 0
1564 2.9193 0
1081 2.9131 0
369 2.9048 0
1786 2.8983 0
757 2.8874 0
907 2.8853 0
1834 2.8751 0
1062 2.8705 0
1213 2.8615 0
699 2.8539 0
515 2.8462 0
1126 2.8450 0
406 2.8365 0
536 2.8355 0
1777 2.8330 0
1105 2.8133 0
864 2.8071 0
142 2.7676 0
619 2.7599 0
1352 2.7442 0
412 2.7336 0
532 2.7242 0
741 2.7225 0
1056 2.7138 0
238 2.7119 0
930 2.7072 0
591 2.6982 0
943 2.6911 0
1356 2.6781 0
906 2.6757 0
697 2.6616 0
108 2.6254 0
1271 2.6095 0
1850 2.6086 0
1736 2.5951 0
772 2.5936 0
447 2.5713 0
537 2.5565 0
859 2.5524 0
938 2.5488 0
1187 2.5451 0
1194 2.5374 0
103 2.5346 0
1160 2.5314 0
1054 2.5200 0
410 2.5168 0
1142 2.5059 0
145 2.4580 0
711 2.4533 0
786 2.4525 0
1182 2.4453 0
303 2.4240 0
1723 2.4138 0
1145 2.3979 0
1227 2.3826 0
1222 2.3741 0
1828 2.3711 0
1055 2.3685 0
753 2.3673 0
637 2.3650 0
1063 2.3545 0
1721 2.3525 0
1365 2.3313 0
1952 2.3306 0
1983 2.3304 0
965 2.3283 0
1987 2.3276 0
1052 2.3120 0
1283 2.3076 0
146 2.3011 0
1371 2.2957 0
580 2.2814 0
414 2.2804 0
1401 2.2798 0
1788 2.2653 0
1997 2.2609 0
1703 2.2605 0
1267 2.2461 0
1322 2.2393 0
1111 2.2388 0
1124 2.2353 0
937 2.2003 0
1511 2.1999 0
294 2.1930 0
301 2.1847 0
942 2.1796 0
1756 2.1712 0
44 2.1712 0
1429 2.1543 0
283 2.1352 0
742 2.1319 0
879 2.1252 0
616 2.1252 0
342 2.1245 0
267 2.1236 0
1753 2.1156 0
773 2.1109 0
1838 2.1017 0
1135 2.0865 0
1706 2.0854 0
1439 2.0832 0
791 2.0713 0
479 2.0696 0
606 2.0643 0
528 2.0634 0
948 2.0602 0
549 2.0597 0
899 2.0512 0
319 2.0430 0
1245 2.0325 0
1175 2.0306 0
22 2.0138 0
1296 2.0100 0
506 2.0066 0
1856 2.0065 0
498 1.9974 0
437 1.9965 0
653 1.9960 0
1572 1.9958 0
1776 1.9843 0
347 1.9830 0
1116 1.9794 0
760 1.9786 0
1256 1.9763 0
1961 1.9607 0
1848 1.9599 0
27 1.9364 0
566 1.9331 0
1824 1.9211 0
170 1.9144 0
341 1.9085 0
921 1.8945 0
1022 1.8920 0
595 1.8848 0
1725 1.8843 0
1747 1.8843 0
904 1.8807 0
175 1.8776 0
733 1.8714 0
639 1.8699 0
698 1.8694 0
1177 1.8690 0
1530 1.8632 0
327 1.8596 0
1789 1.8535 0
1349 1.8431 0
409 1.8260 0
1410 1.8242 0
1443 1.8192 0
1963 1.8122 0
1143 1.8102 0
415 1.7992 0
572 1.7975 0
1816 1.7916 0
1468 1.7888 0
1257 1.7809 0
1738 1.7734 0
1426 1.7718 0
552 1.7712 0
1740 1.7617 0
9 1.7546 0
442 1.7543 0
1373 1.7527 0
8 1.7469 0
372 1.7312 0
314 1.7301 0
1391 1.7298 0
949 1.7225 0
1822 1.7082 0
568 1.7069 0
408 1.7051 0
25 1.7024 0
1158 1.7017 0
784 1.6871 0
1367 1.6862 0
1388 1.6854 0
799 1.6808 0
1587 1.6755 0
613 1.6703 0
411 1.6678 0
1812 1.6657 0
1751 1.6510 0
628 1.6376 0
51 1.6342 0
1818 1.6319 0
1165 1.6278 0
781 1.6211 0
1516 1.6160 0
423 1.6128 0
1823 1.5988 0
1501 1.5985 0
541 1.5983 0
1851 1.5913 0
625 1.5742 0
1291 1.5722 0
866 1.5696 0
176 1.5688 0
503 1.5629 0
1965 1.5586 0
569 1.5555 0
590 1.5520 0
1307 1.5478 0
1178 1.5398 0
1798 1.5354 0
594 1.5329 0
1565 1.5206 0
881 1.5183 0
623 1.5163 0
1202 1.5151 0
1764 1.4969 0
571 1.4920 0
1133 1.4879 0
1354 1.4873 0
797 1.4635 0
895 1.4617 0
1162 1.4614 0
592 1.4471 0
484 1.4263 0
1237 1.4237 0
1079 1.4195 0
1140 1.4132 0
438 1.4129 0
1199 1.3974 0
90 1.3973 0
1512 1.3894 0
1950 1.3816 0
1466 1.3816 0
1302 1.3702 0
1700 1.3660 0
1136 1.3613 0
356 1.3586 0
1008 1.3477 0
1134 1.3373 0
1544 1.3365 0
1937 1.3295 0
1112 1.3219 0
290 1.3214 0
1173 1.3179 0
1057 1.3133 0
1800 1.3122 0
1007 1.3102 0
74 1.3091 0
923 1.3071 0
1152 1.3070 0
424 1.3006 0
487 1.2991 0
1533 1.2966 0
1348 1.2962 0
144 1.2957 0
87 1.2925 0
609 1.2874 0
529 1.2837 0
796 1.2791 0
636 1.2767 0
1324 1.2758 0
1119 1.2725 0
203 1.2672 0
626 1.2624 0
340 1.2610 0
1086 1.2604 0
1737 1.2537 0
1575 1.2530 0
1150 1.2410 0
902 1.2355 0
759 1.2350 0
305 1.2339 0
1649 1.2317 0
399 1.2311 0
110 1.2305 0
726 1.2286 0
974 1.2260 0
905 1.2184 0
769 1.2092 0
1917 1.2083 0
1732 1.2057 0
1045 1.2042 0
551 1.2042 0
1545 1.2042 0
1811 1.2007 0
208 1.1998 0
1192 1.1936 0
1294 1.1901 0
507 1.1759 0
445 1.1713 0
951 1.1702 0
1242 1.1638 0
443 1.1589 0
118 1.1587 0
426 1.1569 0
446 1.1554 0
793 1.1525 0
1221 1.1402 0
1705 1.1376 0
1758 1.1305 0
747 1.1217 0
782 1.1192 0
1292 1.1069 0
704 1.1069 0
667 1.1017 0
1286 1.0997 0
770 1.0960 0
343 1.0944 0
1462 1.0871 0
91 1.0849 0
1343 1.0837 0
852 1.0767 0
1161 1.0683 0
1195 1.0670 0
1139 1.0620 0
36 1.0608 0
1837 1.0549 0
197 1.0493 0
1728 1.0456 0
1326 1.0436 0
1911 1.0431 0
587 1.0398 0
1225 1.0396 0
116 1.0358 0
648 1.0346 0
1044 1.0308 0
1890 1.0299 0
908 1.0228 0
1210 1.0184 0
1006 1.0166 0
1726 1.0158 0
765 1.0131 0
183 1.0121 0
220 1.0055 0
1170 1.0050 0
990 1.0043 0
1790 1.0029 0
94 1.0018 0
1957 1.0009 0
67 1.0007 0
1553 0.9940 0
1730 0.9923 0
1144 0.9868 0
1694 0.9817 0
66 0.9810 0
182 0.9801 0
1475 0.9726 0
642 0.9725 0
570 0.9717 0
1303 0.9622 0
557 0.9588 0
1251 0.9552 0
396 0.9519 0
1951 0.9465 0
620 0.9427 0
1589 0.9413 0
1201 0.9355 0
128 0.9254 0
403 0.9227 0
622 0.9217 0
1115 0.9144 0
853 0.9067 0
394 0.9057 0
1583 0.9041 0
615 0.8892 0
1300 0.8727 0
565 0.8699 0
1308 0.8669 0
458 0.8624 0
754 0.8623 0
1839 0.8526 0
1827 0.8494 0
1355 0.8474 0
20 0.8418 0
505 0.8408 0
787 0.8399 0
1750 0.8382 0
1364 0.8353 0
860 0.8247 0
1263 0.8191 0
1734 0.8016 0
265 0.7853 0
723 0.7840 0
1829 0.7840 0
896 0.7830 0
1396 0.7820 0
813 0.7766 1
1347 0.7700 0
1096 0.7694 0
850 0.7678 0
1810 0.7641 0
1378 0.7577 0
210 0.7461 0
1137 0.7378 0
478 0.7316 0
1186 0.7304 0
1196 0.7301 0
1990 0.7169 0
49 0.7136 0
1577 0.7127 0
655 0.7084 0
893 0.7025 0
635 0.7017 0
897 0.6926 0
261 0.6907 0
1110 0.6859 0
1223 0.6852 0
1321 0.6762 0
1806 0.6707 0
1265 0.6695 0
1301 0.6677 0
664 0.6647 0
24 0.6586 0
693 0.6350 0
1419 0.6337 0
1247 0.6319 0
1333 0.6296 0
1515 0.6266 0
439 0.6203 0
1754 0.6182 0
544 0.6157 0
554 0.6123 0
1840 0.6122 0
451 0.6090 0
1907 0.6048 0
1179 0.6036 0
1852 0.6013 0
1576 0.5928 0
1541 0.5925 0
1444 0.5895 0
41 0.5786 0
1003 0.5757 0
1802 0.5739 0
105 0.5724 0
1550 0.5721 0
1766 0.5673 0
700 0.5623 0
433 0.5609 0
1128 0.5597 0
596 0.5523 0
206 0.5510 0
1817 0.5509 0
326 0.5363 0
936 0.5257 0
143 0.5221 0
111 0.5208 0
1715 0.5126 0
1588 0.5123 0
1181 0.5115 0
1836 0.5082 0
1804 0.5053 0
1980 0.5001 0
1219 0.4988 0
86 0.4978 0
666 0.4963 0
610 0.4959 0
364 0.4853 0
379 0.4844 0
1555 0.4802 0
293 0.4772 0
243 0.4767 0
856 0.4759 0
1731 0.4562 0
1702 0.4518 0
1366 0.4430 0
417 0.4396 0
517 0.4384 0
794 0.4253 0
1919 0.4249 0
59 0.4238 0
763 0.4187 0
1877 0.4128 0
1536 0.4125 0
85 0.4118 0
534 0.3967 0
407 0.3915 0
1772 0.3888 0
553 0.3880 0
688 0.3872 0
669 0.3867 0
1027 0.3844 0
1768 0.3843 0
1752 0.3837 0
1557 0.3713 0
788 0.3672 0
1970 0.3637 0
1114 0.3600 0
1733 0.3596 0
126 0.3443 0
1986 0.3436 0
634 0.3429 0
1224 0.3415 0
1955 0.3414 0
1316 0.3395 0
1729 0.3308 0
362 0.3242 0
1325 0.3231 0
1796 0.3130 0
1831 0.3111 0
1482 0.3053 0
858 0.2997 0
1652 0.2990 0
1623 0.2957 0
1884 0.2956 0
1185 0.2956 0
633 0.2956 0
191 0.2857 0
35 0.2851 0
756 0.2777 0
455 0.2753 0
331 0.2706 0
1317 0.2695 0
388 0.2694 0
34 0.2641 0
1211 0.2620 0
163 0.2442 0
371 0.2427 0
1503 0.2357 0
1616 0.2348 0
288 0.2315 0
1584 0.2314 0
719 0.2297 0
15 0.2233 0
1400 0.2178 0
1413 0.2158 0
521 0.2156 0
1151 0.2110 0
598 0.2095 0
79 0.2043 0
1447 0.1984 0
1169 0.1970 0
1345 0.1915 0
312 0.1885 0
1259 0.1807 0
113 0.1801 0
863 0.1794 0
1329 0.1759 0
380 0.1747 0
328 0.1717 0
1298 0.1711 0
504 0.1686 0
577 0.1587 0
911 0.1580 0
150 0.1568 0
1522 0.1521 0
1974 0.1517 0
10 0.1498 0
1132 0.1489 0
1241 0.1486 0
273 0.1483 0
1123 0.1455 0
330 0.1425 0
365 0.1398 0
1129 0.1394 0
425 0.1358 0
355 0.1351 0
672 0.1339 0
1713 0.1317 0
562 0.1302 0
913 0.1301 0
686 0.1275 0
353 0.1181 0
945 0.1140 0
874 0.1109 0
268 0.1085 0
576 0.1068 0
450 0.1040 0
322 0.1012 0
1306 0.0986 0
1387 0.0956 0
1716 0.0948 0
190 0.0933 0
482 0.0916 0
527 0.0880 0
1994 0.0870 0
1031 0.0854 0
1431 0.0852 0
337 0.0812 0
63 0.0803 0
223 0.0801 0
1578 0.0722 0
579 0.0705 0
1757 0.0533 0
581 0.0498 0
1939 0.0496 0
739 0.0422 0
564 0.0365 0
652 0.0343 0
687 0.0333 0
779 0.0324 0
1903 0.0268 0
1492 0.0175 0
501 0.0168 0
1238 0.0149 0
702 0.0146 0
775 0.0114 0
1612 0.0075 0
1979 0.0074 0
631 0.0066 0
1437 0.0054 0
1368 -0.0138 0
607 -0.0169 0
1845 -0.0207 0
1626 -0.0266 0
522 -0.0479 0
611 -0.0484 0
233 -0.0520 0
31 -0.0598 0
1240 -0.0617 0
901 -0.0620 0
986 -0.0642 0
60 -0.0647 0
1784 -0.0656 0
925 -0.0669 0
332 -0.0692 0
1403 -0.0746 0
1739 -0.0751 0
991 -0.0762 0
1835 -0.0796 0
752 -0.0809 0
984 -0.0819 0
573 -0.0829 0
180 -0.0830 0
1993 -0.0867 0
1861 -0.0914 0
1017 -0.1037 0
334 -0.1042 0
730 -0.1113 0
748 -0.1116 0
1563 -0.1191 0
1463 -0.1196 0
1770 -0.1211 0
1328 -0.1234 0
716 -0.1351 0
574 -0.1390 0
1799 -0.1411 0
1146 -0.1434 0
886 -0.1436 0
1374 -0.1502 0
1372 -0.1508 0
413 -0.1528 0
1585 -0.1550 0
480 -0.1608 0
214 -0.1650 0
1685 -0.1729 0
1518 -0.1769 0
1759 -0.1805 0
1231 -0.1881 0
1395 -0.1886 0
55 -0.1887 0
1779 -0.1890 0
1760 -0.1899 0
1724 -0.1965 0
1154 -0.2006 0
1820 -0.2008 0
888 -0.2045 0
727 -0.2051 0
1933 -0.2078 0
1295 -0.2083 0
174 -0.2089 0
715 -0.2150 0
1235 -0.2158 0
1357 -0.2180 0
296 -0.2193 0
1808 -0.2198 0
310 -0.2206 0
348 -0.2214 0
1189 -0.2218 0
855 -0.2256 0
1276 -0.2336 0
720 -0.2371 0
1423 -0.2372 0
737 -0.2419 0
721 -0.2432 0
1284 -0.2459 0
1762 -0.2485 0
1712 -0.2702 0
660 -0.2704 0
162 -0.2706 0
768 -0.2723 0
516 -0.2748 0
1532 -0.2765 0
1968 -0.2769 0
1714 -0.2890 0
767 -0.2971 0
1960 -0.2973 0
1892 -0.2990 0
1912 -0.3052 0
778 -0.3116 0
1285 -0.3214 0
1778 -0.3220 0
1656 -0.3248 0
1870 -0.3306 0
511 -0.3341 0
1534 -0.3343 0
137 -0.3356 0
1871 -0.3416 0
1855 -0.3507 0
164 -0.3530 0
195 -0.3615 0
1020 -0.3639 0
462 -0.3645 0
453 -0.3777 0
1012 -0.3781 0
377 -0.3796 0
1964 -0.3897 0
1122 -0.3898 0
558 -0.3900 0
1780 -0.3962 0
947 -0.4021 0
1932 -0.4023 0
1 -0.4045 0
956 -0.4049 0
861 -0.4058 0
1370 -0.4069 0
586 -0.4094 0
1330 -0.4095 0
1436 -0.4141 0
1825 -0.4180 0
1708 -0.4192 0
139 -0.4224 0
229 -0.4303 0
318 -0.4320 0
383 -0.4375 0
1787 -0.4380 0
677 -0.4408 0
18 -0.4414 0
1183 -0.4429 0
216 -0.4625 0
1168 -0.4689 0
1337 -0.4694 0
375 -0.4710 0
308 -0.4711 0
1440 -0.4741 0
1858 -0.4743 0
185 -0.4767 0
1190 -0.4824 0
152 -0.4853 0
196 -0.4853 0
789 -0.4901 0
1537 -0.5002 0
1252 -0.5003 0
141 -0.5004 0
918 -0.5099 0
1559 -0.5146 0
346 -0.5174 0
1340 -0.5184 0
1397 -0.5206 0
7 -0.5218 0
651 -0.5272 0
589 -0.5344 0
1018 -0.5375 0
1390 -0.5403 0
1232 -0.5454 0
119 -0.5454 0
302 -0.5467 0
624 -0.5475 0
277 -0.5510 0
422 -0.5514 0
663 -0.5515 0
1594 -0.5548 0
1013 -0.5612 0
1203 -0.5641 0
1327 -0.5657 0
1879 -0.5678 0
21 -0.5748 0
1019 -0.5762 0
1488 -0.5872 0
1491 -0.5918 0
477 -0.5927 0
307 -0.6007 0
131 -0.6073 0
1047 -0.6082 0
274 -0.6116 0
101 -0.6195 0
138 -0.6220 0
875 -0.6302 0
644 -0.6317 0
792 -0.6386 0
1978 -0.6396 0
1249 -0.6435 0
491 -0.6440 0
1159 -0.6442 0
495 -0.6486 0
1887 -0.6540 0
211 -0.6577 0
1319 -0.6625 0
519 -0.6674 0
1854 -0.6678 0
1841 -0.6723 0
325 -0.6753 0
1290 -0.6775 0
729 -0.6788 0
869 -0.6790 0
1229 -0.6818 0
1398 -0.6855 0
1394 -0.6897 0
430 -0.6925 0
1001 -0.6946 0
1009 -0.7041 0
78 -0.7045 0
722 -0.7069 0
1216 -0.7078 0
1561 -0.7127 0
1797 -0.7141 0
966 -0.7170 0
1206 -0.7221 0
1487 -0.7263 0
1598 -0.7282 0
281 -0.7346 0
630 -0.7403 0
329 -0.7428 0
1769 -0.7446 0
358 -0.7447 0
891 -0.7465 0
1011 -0.7472 0
872 -0.7498 0
545 -0.7527 0
605 -0.7555 0
1748 -0.7621 0
1707 -0.7626 0
207 -0.7657 0
1415 -0.7658 0
1180 -0.7687 0
632 -0.7790 0
1807 -0.7872 0
134 -0.7905 0
1792 -0.7909 0
471 -0.7915 0
1038 -0.7935 0
1193 -0.7954 0
1433 -0.8120 0
1282 -0.8120 0
1117 -0.8122 0
1393 -0.8189 0
1528 -0.8293 0
13 -0.8338 0
1496 -0.8410 0
724 -0.8412 0
941 -0.8456 0
1120 -0.8547 0
939 -0.8606 0
1581 -0.8679 0
882 -0.8695 0
1156 -0.8696 0
1781 -0.8738 0
696 -0.8762 0
338 -0.8768 0
508 -0.8790 0
1959 -0.8844 0
178 -0.8888 0
1346 -0.8888 0
459 -0.8917 0
1505 -0.8919 0
253 -0.8996 0
147 -0.9001 0
490 -0.9024 0
1556 -0.9129 0
1749 -0.9141 0
359 -0.9149 0
1615 -0.9160 0
262 -0.9166 0
1596 -0.9204 0
1004 -0.9277 0
344 -0.9282 0
1735 -0.9285 0
1153 -0.9287 0
1309 -0.9299 0
678 -0.9301 0
976 -0.9344 0
1266 -0.9353 0
1568 -0.9396 0
92 -0.9399 0
603 -0.9423 0
679 -0.9447 0
99 -0.9484 0
124 -0.9498 0
30 -0.9559 0
1794 -0.9561 0
1785 -0.9573 0
1592 -0.9588 0
351 -0.9589 0
52 -0.9635 0
463 -0.9643 0
661 -0.9662 0
65 -0.9736 0
1380 -0.9742 0
1925 -0.9749 0
257 -0.9754 0
1746 -0.9775 0
88 -0.9834 0
1506 -0.9837 0
304 -0.9941 0
1163 -0.9958 0
1552 -0.9974 0
200 -0.9979 0
556 -1.0054 0
890 -1.0082 0
1435 -1.0101 0
743 -1.0108 0
270 -1.0214 0
657 -1.0266 0
168 -1.0280 0
418 -1.0315 0
324 -1.0321 0
93 -1.0347 0
578 -1.0405 0
275 -1.0524 0
988 -1.0557 0
1442 -1.0563 0
1803 -1.0637 0
1508 -1.0691 0
960 -1.0803 0
1288 -1.0898 0
1888 -1.0914 0
1690 -1.0932 0
1434 -1.0960 0
880 -1.0990 0
1928 -1.0991 0
1507 -1.1025 0
1130 -1.1041 0
502 -1.1115 0
1902 -1.1120 0
1406 -1.1147 0
695 -1.1178 0
429 -1.1256 0
540 -1.1257 0
750 -1.1357 0
740 -1.1379 0
386 -1.1508 0
612 -1.1706 0
601 -1.1717 0
1691 -1.1722 0
1701 -1.1774 0
1281 -1.1789 0
1526 -1.1826 0
1944 -1.1846 0
306 -1.1869 0
135 -1.1918 0
1015 -1.1995 0
61 -1.2107 0
533 -1.2132 0
1929 -1.2149 0
714 -1.2150 0
475 -1.2181 0
604 -1.2187 0
736 -1.2226 0
706 -1.2242 0
1998 -1.2290 0
957 -1.2301 0
878 -1.2315 0
1586 -1.2345 0
1773 -1.2354 0
1814 -1.2376 0
682 -1.2412 0
250 -1.2416 0
177 -1.2419 0
1315 -1.2443 0
588 -1.2456 0
1591 -1.2478 0
1953 -1.2478 0
1720 -1.2483 0
187 -1.2496 0
466 -1.2521 0
155 -1.2599 0
1383 -1.2603 0
1973 -1.2637 0
1922 -1.2641 0
1188 -1.2646 0
1253 -1.2686 0
1500 -1.2718 0
316 -1.2740 0
993 -1.2801 0
1862 -1.2864 0
1582 -1.2885 0
285 -1.2966 0
1761 -1.2978 0
1718 -1.3014 0
1399 -1.3046 0
1125 -1.3079 0
1863 -1.3113 0
1853 -1.3140 0
440 -1.3151 0
153 -1.3163 0
149 -1.3184 0
1425 -1.3191 0
404 -1.3228 0
315 -1.3257 0
617 -1.3273 0
959 -1.3329 0
1250 -1.3333 0
1719 -1.3334 0
184 -1.3340 0
28 -1.3445 0
224 -1.3493 0
1901 -1.3507 0
1665 -1.3508 0
1272 -1.3511 0
1389 -1.3542 0
1409 -1.3613 0
1860 -1.3643 0
125 -1.3652 0
985 -1.3683 0
1510 -1.3692 0
361 -1.3745 0
1849 -1.3760 0
1402 -1.3829 0
961 -1.3866 0
1344 -1.3885 0
1793 -1.3886 0
432 -1.3890 0
1042 -1.3946 0
758 -1.3966 0
691 -1.3985 0
26 -1.4003 0
1896 -1.4005 0
708 -1.4049 0
189 -1.4074 0
1248 -1.4076 0
373 -1.4118 0
514 -1.4122 0
1157 -1.4123 0
53 -1.4195 0
1940 -1.4212 0
1334 -1.4250 0
395 -1.4341 0
241 -1.4377 0
385 -1.4399 0
201 -1.4461 0
299 -1.4462 0
575 -1.4463 0
1239 -1.4494 0
100 -1.4549 0
1872 -1.4626 0
321 -1.4666 0
1297 -1.4746 0
732 -1.4750 0
1341 -1.4761 0
4 -1.4788 0
1538 -1.4799 0
1539 -1.4800 0
286 -1.4803 0
1034 -1.4817 0
1422 -1.4826 0
19 -1.4897 0
1028 -1.5065 0
401 -1.5070 0
1217 -1.5078 0
1966 -1.5090 0
317 -1.5105 0
256 -1.5179 0
1407 -1.5188 0
172 -1.5280 0
202 -1.5378 0
525 -1.5384 0
1573 -1.5387 0
1208 -1.5397 0
488 -1.5461 0
336 -1.5473 0
1709 -1.5484 0
225 -1.5519 0
1815 -1.5595 0
972 -1.5632 0
227 -1.5653 0
734 -1.5763 0
559 -1.5772 0
1176 -1.5845 0
107 -1.5855 0
1900 -1.5868 0
1696 -1.5925 0
339 -1.5957 0
313 -1.6072 0
776 -1.6098 0
944 -1.6167 0
1381 -1.6207 0
390 -1.6214 0
381 -1.6300 0
1826 -1.6315 0
543 -1.6388 0
1813 -1.6456 0
1599 -1.6465 0
266 -1.6529 0
311 -1.6577 0
1404 -1.6586 0
1864 -1.6604 0
420 -1.6670 0
1289 -1.6690 0
473 -1.6720 0
1842 -1.6751 0
284 -1.6802 0
764 -1.6827 0
1904 -1.6841 0
783 -1.6924 0
1299 -1.6962 0
917 -1.6963 0
352 -1.6995 0
104 -1.7050 0
1995 -1.7105 0
287 -1.7108 0
1597 -1.7122 0
1969 -1.7149 0
1717 -1.7219 0
1481 -1.7252 0
1603 -1.7279 0
1234 -1.7286 0
1625 -1.7363 0
689 -1.7445 0
1331 -1.7478 0
1360 -1.7498 0
62 -1.7521 0
249 -1.7533 0
1571 -1.7565 0
384 -1.7593 0
402 -1.7665 0
37 -1.7668 0
1683 -1.7675 0
387 -1.7683 0
393 -1.7684 0
1472 -1.7732 0
1474 -1.7736 0
887 -1.7767 0
1971 -1.7767 0
725 -1.7805 0
1363 -1.7808 0
1699 -1.7861 0
1127 -1.7865 0
673 -1.7867 0
1954 -1.7894 0
1927 -1.7911 0
23 -1.7959 0
1908 -1.7981 0
1722 -1.8059 0
654 -1.8063 0
354 -1.8070 0
602 -1.8116 0
54 -1.8171 0
538 -1.8182 0
989 -1.8218 0
16 -1.8223 0
1412 -1.8270 0
1025 -1.8290 0
1236 -1.8292 0
1743 -1.8326 0
780 -1.8330 0
1386 -1.8354 0
751 -1.8364 0
1605 -1.8414 0
1869 -1.8450 0
530 -1.8486 0
80 -1.8546 0
112 -1.8591 0
452 -1.8670 0
349 -1.8672 0
486 -1.8707 0
674 -1.8728 0
1593 -1.8749 0
1670 -1.8755 0
1457 -1.8775 0
1362 -1.8801 0
1686 -1.8827 0
1273 -1.8832 0
1875 -1.8877 0
1999 -1.8909 0
1611 -1.8923 0
1376 -1.8942 0
1010 -1.9001 0
1684 -1.9019 0
1996 -1.9199 0
391 -1.9229 0
1207 -1.9350 0
457 -1.9351 0
1382 -1.9381 0
873 -1.9433 0
121 -1.9486 0
659 -1.9503 0
979 -1.9532 0
255 -1.9537 0
561 -1.9538 0
1172 -1.9566 0
158 -1.9567 0
1935 -1.9568 0
276 -1.9618 0
670 -1.9638 0
1755 -1.9645 0
1574 -1.9691 0
68 -1.9709 0
1441 -1.9734 0
247 -1.9774 0
3 -1.9912 0
662 -1.9950 0
1918 -1.9955 0
583 -1.9974 0
140 -2.0016 0
263 -2.0042 0
685 -2.0065 0
1600 -2.0076 0
245 -2.0083 0
967 -2.0092 0
542 -2.0103 0
1560 -2.0143 0
1948 -2.0157 0
1540 -2.0166 0
117 -2.0178 0
546 -2.0309 0
1648 -2.0338 0
366 -2.0399 0
1369 -2.0509 0
520 -2.0560 0
738 -2.0615 0
962 -2.0630 0
494 -2.0654 0
1602 -2.0681 0
982 -2.0722 0
1339 -2.0757 0
638 -2.0770 0
1562 -2.0800 0
1873 -2.0923 0
1279 -2.0953 0
33 -2.0971 0
219 -2.0997 0
1857 -2.1000 0
513 -2.1033 0
76 -2.1066 0
72 -2.1079 0
1569 -2.1160 0
980 -2.1165 0
1981 -2.1168 0
1876 -2.1224 0
1458 -2.1238 0
627 -2.1277 0
1767 -2.1278 0
883 -2.1304 0
1866 -2.1395 0
1654 -2.1432 0
95 -2.1432 0
955 -2.1445 0
1138 -2.1503 0
954 -2.1514 0
421 -2.1588 0
345 -2.1637 0
1262 -2.1682 0
242 -2.1694 0
969 -2.1707 0
280 -2.1753 0
600 -2.1801 0
335 -2.1841 0
1651 -2.1905 0
81 -2.2002 0
523 -2.2007 0
1698 -2.2032 0
1338 -2.2041 0
181 -2.2147 0
1350 -2.2148 0
999 -2.2151 0
194 -2.2154 0
1166 -2.2173 0
368 -2.2178 0
297 -2.2287 0
718 -2.2289 0
1451 -2.2294 0
1631 -2.2321 0
45 -2.2412 0
1886 -2.2425 0
109 -2.2426 0
1270 -2.2428 0
1002 -2.2445 0
102 -2.2471 0
1895 -2.2503 0
1000 -2.2566 0
1118 -2.2568 0
1264 -2.2584 0
1570 -2.2680 0
1215 -2.2689 0
665 -2.2794 0
1610 -2.2885 0
98 -2.2971 0
1214 -2.3003 0
1893 -2.3050 0
629 -2.3106 0
244 -2.3108 0
171 -2.3121 0
1384 -2.3128 0
136 -2.3133 0
357 -2.3165 0
398 -2.3236 0
389 -2.3247 0
916 -2.3395 0
1209 -2.3396 0
975 -2.3411 0
97 -2.3411 0
1883 -2.3413 0
1666 -2.3442 0
1914 -2.3494 0
427 -2.3496 0
218 -2.3534 0
1982 -2.3545 0
1287 -2.3570 0
1988 -2.3629 0
1590 -2.3675 0
1313 -2.3700 0
1967 -2.3759 0
75 -2.3835 0
1029 -2.3881 0
291 -2.3908 0
151 -2.3928 0
749 -2.3967 0
1844 -2.3992 0
1102 -2.3994 0
205 -2.4052 0
647 -2.4062 0
567 -2.4066 0
1405 -2.4081 0
1924 -2.4140 0
713 -2.4163 0
1558 -2.4172 0
1495 -2.4187 0
963 -2.4247 0
971 -2.4283 0
1416 -2.4341 0
382 -2.4351 0
1865 -2.4410 0
58 -2.4417 0
271 -2.4434 0
1517 -2.4469 0
157 -2.4514 0
1977 -2.4557 0
1535 -2.4581 0
392 -2.4589 0
448 -2.4696 0
1543 -2.4823 0
1663 -2.4840 0
1351 -2.4865 0
1542 -2.4998 0
1469 -2.5004 0
1454 -2.5015 0
710 -2.5023 0
48 -2.5212 0
1795 -2.5232 0
934 -2.5237 0
683 -2.5238 0
57 -2.5428 0
1032 -2.5469 0
675 -2.5476 0
1310 -2.5491 0
260 -2.5507 0
1361 -2.5514 0
69 -2.5523 0
608 -2.5606 0
1519 -2.5623 0
40 -2.5667 0
1661 -2.5685 0
1424 -2.5712 0
1897 -2.5738 0
862 -2.5746 0
952 -2.5752 0
892 -2.5805 0
1674 -2.5815 0
199 -2.5847 0
640 -2.5858 0
1411 -2.5911 0
1546 -2.5914 0
618 -2.5946 0
397 -2.6016 0
1926 -2.6044 0
1455 -2.6193 0
499 -2.6212 0
1048 -2.6247 0
193 -2.6272 0
1566 -2.6291 0
127 -2.6312 0
1261 -2.6485 0
1899 -2.6502 0
1859 -2.6541 0
555 -2.6615 0
987 -2.6681 0
1509 -2.6695 0
70 -2.6721 0
465 -2.6786 0
300 -2.6906 0
435 -2.6916 0
1450 -2.7063 0
1490 -2.7108 0
1452 -2.7176 0
1268 -2.7270 0
1464 -2.7419 0
658 -2.7509 0
467 -2.7657 0
643 -2.7749 0
1323 -2.7778 0
1375 -2.7821 0
431 -2.7897 0
876 -2.8014 0
1614 -2.8035 0
156 -2.8036 0
1499 -2.8053 0
106 -2.8093 0
1005 -2.8093 0
1942 -2.8107 0
1695 -2.8114 0
707 -2.8117 0
167 -2.8178 0
378 -2.8192 0
43 -2.8206 0
1525 -2.8235 0
89 -2.8244 0
454 -2.8251 0
1882 -2.8263 0
1520 -2.8290 0
1531 -2.8328 0
1269 -2.8336 0
165 -2.8375 0
701 -2.8375 0
1244 -2.8467 0
1913 -2.8515 0
1453 -2.8518 0
221 -2.8533 0
1664 -2.8561 0
1946 -2.8620 0
728 -2.8689 0
1527 -2.8727 0
1483 -2.8728 0
690 -2.8796 0
1529 -2.8801 0
259 -2.8837 0
204 -2.8843 0
234 -2.8873 0
481 -2.8926 0
1014 -2.8946 0
970 -2.9029 0
548 -2.9034 0
1567 -2.9041 0
524 -2.9128 0
1030 -2.9194 0
1420 -2.9218 0
320 -2.9290 0
434 -2.9343 0
539 -2.9369 0
1040 -2.9384 0
56 -2.9511 0
1604 -2.9543 0
1905 -2.9549 0
1311 -2.9785 0
668 -2.9869 0
64 -2.9922 0
50 -2.9952 0
154 -3.0011 0
1580 -3.0129 0
476 -3.0171 0
1956 -3.0221 0
160 -3.0333 0
1254 -3.0335 0
1692 -3.0424 0
188 -3.0449 0
400 -3.0471 0
1639 -3.0502 0
1958 -3.0644 0
82 -3.0718 0
1682 -3.0743 0
1607 -3.0781 0
717 -3.0806 0
1655 -3.0884 0
240 -3.0894 0
12 -3.0995 0
1332 -3.0998 0
1260 -3.1030 0
258 -3.1062 0
1774 -3.1201 0
159 -3.1295 0
114 -3.1332 0
1359 -3.1363 0
995 -3.1369 0
213 -3.1518 0
232 -3.1545 0
1630 -3.1641 0
236 -3.1642 0
593 -3.1709 0
1992 -3.1816 0
367 -3.1878 0
1618 -3.1944 0
983 -3.2020 0
1672 -3.2030 0
1898 -3.2071 0
1763 -3.2091 0
1920 -3.2196 0
237 -3.2322 0
656 -3.2334 0
1280 -3.2346 0
992 -3.2460 0
1693 -3.2534 0
1547 -3.2537 0
1821 -3.2605 0
712 -3.2606 0
1504 -3.2636 0
1645 -3.2741 0
1601 -3.2744 0
735 -3.2868 0
468 -3.2885 0
1943 -3.2903 0
1191 -3.2929 0
1782 -3.2953 0
83 -3.2992 0
1037 -3.3029 0
1551 -3.3056 0
1432 -3.3114 0
998 -3.3117 0
71 -3.3127 0
889 -3.3131 0
1868 -3.3140 0
231 -3.3202 0
1938 -3.3208 0
370 -3.3281 0
692 -3.3382 0
1548 -3.3419 0
132 -3.3441 0
252 -3.3460 0
1473 -3.3492 0
981 -3.3539 0
1485 -3.3546 0
289 -3.3549 0
1026 -3.3613 0
867 -3.3826 0
489 -3.3869 0
884 -3.3874 0
1502 -3.3956 0
1467 -3.4092 0
973 -3.4265 0
1258 -3.4316 0
39 -3.4465 0
251 -3.4584 0
1167 -3.4635 0
868 -3.4667 0
1934 -3.4670 0
1430 -3.4687 0
1617 -3.4712 0
1486 -3.4759 0
46 -3.4764 0
419 -3.4774 0
1417 -3.4778 0
222 -3.4864 0
1949 -3.4944 0
1477 -3.5021 0
226 -3.5023 0
179 -3.5085 0
1255 -3.5091 0
1962 -3.5582 0
298 -3.5587 0
474 -3.5588 0
212 -3.5602 0
650 -3.5612 0
1554 -3.5720 0
1916 -3.5917 0
248 -3.5953 0
1035 -3.5974 0
1304 -3.6020 0
1642 -3.6041 0
1579 -3.6066 0
192 -3.6136 0
73 -3.6139 0
1985 -3.6151 0
130 -3.6159 0
1448 -3.6308 0
1459 -3.6370 0
166 -3.6475 0
1421 -3.6479 0
1445 -3.6576 0
1036 -3.6674 0
1880 -3.6693 0
671 -3.6831 0
1689 -3.6867 0
1697 -3.6997 0
1275 -3.7039 0
1936 -3.7061 0
1446 -3.7113 0
14 -3.7217 0
6 -3.7279 0
1783 -3.7392 0
1775 -3.7475 0
464 -3.7854 0
680 -3.7865 0
96 -3.7899 0
1624 -3.7950 0
898 -3.7974 0
1909 -3.8042 0
940 -3.8072 0
676 -3.8190 0
1619 -3.8313 0
1634 -3.8427 0
1379 -3.8430 0
684 -3.8518 0
703 -3.8579 0
272 -3.8598 0
1377 -3.8777 0
1465 -3.8860 0
1765 -3.9178 0
1498 -3.9207 0
169 -3.9262 0
1039 -3.9295 0
1636 -3.9428 0
449 -3.9565 0
2 -3.9574 0
968 -3.9797 0
1353 -3.9803 0
295 -3.9881 0
746 -3.9903 0
1016 -3.9952 0
1549 -3.9979 0
1989 -4.0027 0
497 -4.0094 0
1659 -4.0137 0
1878 -4.0183 0
997 -4.0194 0
1476 -4.0234 0
1677 -4.0291 0
1643 -4.0343 0
1460 -4.0389 0
1669 -4.0509 0
978 -4.0518 0
1621 -4.0586 0
1228 -4.0833 0
115 -4.0887 0
1049 -4.1084 0
1041 -4.1256 0
1867 -4.1344 0
1427 -4.1457 0
1635 -4.1496 0
1489 -4.1542 0
1658 -4.1589 0
1278 -4.1738 0
1667 -4.1771 0
1342 -4.1829 0
1678 -4.1862 0
877 -4.1897 0
953 -4.1936 0
1595 -4.2034 0
977 -4.2320 0
1277 -4.2672 0
709 -4.2819 0
217 -4.2835 0
456 -4.2839 0
161 -4.2857 0
1456 -4.2997 0
1478 -4.3097 0
186 -4.3371 0
1622 -4.3376 0
958 -4.3609 0
1470 -4.3673 0
254 -4.3788 0
1449 -4.3863 0
1274 -4.4048 0
1673 -4.4093 0
1915 -4.4199 0
350 -4.4246 0
1646 -4.4437 0
518 -4.4904 0
1923 -4.5186 0
209 -4.5194 0
1680 -4.5393 0
1514 -4.5440 0
239 -4.5662 0
950 -4.5805 0
42 -4.5995 0
1513 -4.6150 0
1660 -4.6274 0
1894 -4.6379 0
1620 -4.6638 0
469 -4.6725 0
1921 -4.6730 0
1885 -4.6894 0
1975 -4.7086 0
1628 -4.7333 0
1638 -4.7369 0
1688 -4.7388 0
1687 -4.7388 0
1657 -4.7395 0
994 -4.7577 0
535 -4.7631 0
376 -4.7739 0
996 -4.7740 0
1494 -4.7823 0
1644 -4.7875 0
1662 -4.8599 0
230 -4.8795 0
1523 -4.8871 0
1633 -4.9174 0
1874 -4.9197 0
215 -4.9606 0
1358 -4.9741 0
1524 -4.9984 0
29 -5.0002 0
1461 -5.0416 0
526 -5.0566 0
1438 -5.0836 0
1640 -5.1336 0
1679 -5.1453 0
1609 -5.1574 0
1891 -5.1912 0
1637 -5.2323 0
509 -5.2530 0
510 -5.2674 0
1023 -5.2846 0
1497 -5.3359 0
228 -5.3618 0
1675 -5.4188 0
1671 -5.4911 0
1493 -5.4923 0
1471 -5.4955 0
1931 -5.5038 0
1046 -5.5123 0
1676 -5.5465 0
38 -5.5633 0
1629 -5.6017 0
1668 -5.6232 0
1632 -5.7709 0
1881 -5.8145 0
964 -5.8683 0
1910 -5.8929 0
1428 -5.9763 0
1479 -5.9843 0
279 -6.0530 0
0 -6.0871 0
1606 -6.2107 0
1613 -6.2382 0
1627 -6.3670 0
1484 -6.6424 0
1647 -6.7563 0
1653 -6.8495 0
5 -6.8875 0
1608 -6.9456 0
1650 -7.9007 0
1641 -8.4495 0
