949 27.1503 1
901 27.0409 1
902 25.7323 1
944 25.4293 1
920 24.9837 1
946 23.3886 1
948 23.1891 1
911 23.0804 1
918 22.7255 1
935 22.3217 1
942 21.6747 1
912 21.5945 1
904 20.9201 1
905 20.8505 1
906 20.4668 1
914 19.8167 1
908 19.7841 1
936 19.6509 1
947 19.5026 1
939 19.4887 1
937 18.8967 1
931 18.7619 1
907 18.3781 1
919 18.2738 1
941 17.7899 1
909 17.7825 1
917 17.4783 1
933 16.5694 1
900 16.4877 1
910 16.4305 1
943 16.3060 1
421 16.0724 0
922 15.4157 1
932 15.2473 1
428 15.2264 0
927 14.7913 1
915 14.7787 1
928 14.6779 1
913 14.2188 1
925 13.6773 1
808 13.4133 0
926 13.4030 1
903 12.3438 1
921 11.8310 1
929 11.4925 1
940 11.2595 1
938 11.1874 1
438 11.0805 0
923 10.2526 1
834 10.2255 0
916 9.7324 1
226 9.2371 0
934 9.2240 1
790 9.0355 0
825 8.8286 0
400 8.5190 0
924 8.4397 1
1116 8.3524 0
810 8.2420 0
448 8.1824 0
557 8.1088 0
595 8.0901 0
444 8.0470 0
1906 8.0357 0
401 7.9761 0
569 7.9416 0
417 7.8908 0
440 7.7537 0
427 7.7232 0
1884 7.7087 0
1098 7.6796 0
826 7.6057 0
845 7.5235 0
761 7.4499 0
432 7.4456 0
402 7.3486 0
1054 7.2869 0
806 7.2721 0
439 7.2436 0
423 7.2269 0
743 7.1858 0
418 7.1743 0
409 7.1590 0
410 7.1582 0
1232 7.1281 0
1957 7.1002 0
817 6.9913 0
847 6.8237 0
846 6.8220 0
435 6.7556 0
594 6.7260 0
443 6.6482 0
1073 6.6429 0
821 6.5478 0
413 6.5409 0
683 6.4780 0
859 6.4344 0
734 6.3526 0
587 6.3521 0
1089 6.3164 0
843 6.2099 0
841 6.2057 0
433 6.1983 0
481 6.1939 0
403 6.1654 0
576 6.1534 0
556 6.1461 0
1071 6.1089 0
930 6.0852 1
812 6.0370 0
1067 6.0097 0
811 5.9610 0
412 5.9328 0
802 5.9261 0
1079 5.8877 0
719 5.8726 0
762 5.7958 0
1226 5.7837 0
407 5.7751 0
848 5.7306 0
446 5.7106 0
596 5.7050 0
564 5.7025 0
831 5.6901 0
480 5.6707 0
1329 5.6532 0
445 5.6338 0
383 5.5511 0
434 5.5336 0
363 5.5331 0
1201 5.5171 0
665 5.5000 0
498 5.4543 0
1734 5.4439 0
422 5.4323 0
405 5.4075 0
494 5.3582 0
1084 5.3420 0
416 5.2729 0
1240 5.2544 0
1093 5.2220 0
710 5.1609 0
882 5.1478 0
597 5.1239 0
1478 5.1222 0
945 5.1054 1
588 5.0175 0
702 4.9315 0
602 4.9256 0
583 4.9167 0
1256 4.9111 0
1023 4.9070 0
1110 4.8969 0
1874 4.8542 0
554 4.8495 0
195 4.8437 0
849 4.8251 0
551 4.8086 0
66 4.7619 0
844 4.7555 0
1037 4.7452 0
764 4.7230 0
953 4.7088 0
1870 4.7026 0
720 4.5973 0
1033 4.5896 0
130 4.5389 0
1184 4.5359 0
300 4.4807 0
309 4.4650 0
1739 4.4616 0
700 4.4309 0
1852 4.4302 0
1907 4.4046 0
509 4.3939 0
521 4.3926 0
584 4.3825 0
1206 4.3363 0
1511 4.3017 0
742 4.2432 0
1069 4.2201 0
1897 4.2072 0
424 4.2018 0
202 4.2007 0
1030 4.1861 0
803 4.1221 0
1217 4.1172 0
830 4.1130 0
857 4.1032 0
585 4.1010 0
478 4.0889 0
1887 4.0848 0
1075 4.0634 0
565 4.0632 0
828 4.0434 0
820 4.0433 0
1096 4.0100 0
301 3.9951 0
420 3.9916 0
1704 3.9836 0
1656 3.9761 0
801 3.9613 0
838 3.9577 0
1140 3.9353 0
390 3.9347 0
1149 3.9299 0
1700 3.9279 0
1142 3.9268 0
804 3.8945 0
835 3.8877 0
591 3.8793 0
1444 3.7916 0
492 3.7737 0
52 3.7695 0
740 3.7531 0
1741 3.7483 0
1077 3.7307 0
1057 3.7218 0
697 3.7086 0
1861 3.7083 0
1426 3.6908 0
470 3.6752 0
1053 3.6527 0
1044 3.6445 0
552 3.6398 0
721 3.6393 0
1087 3.6382 0
1938 3.6267 0
17 3.5934 0
415 3.5687 0
1431 3.5520 0
693 3.5454 0
614 3.5289 0
738 3.5231 0
447 3.5221 0
579 3.5220 0
1026 3.5171 0
660 3.4949 0
353 3.4871 0
865 3.4853 0
813 3.4819 0
1144 3.4789 0
1689 3.4524 0
1737 3.4402 0
431 3.4393 0
1242 3.4313 0
712 3.4142 0
306 3.3958 0
823 3.3693 0
425 3.3527 0
593 3.3472 0
1416 3.3418 0
705 3.3392 0
327 3.3144 0
818 3.3100 0
1429 3.2878 0
1052 3.2818 0
1505 3.2667 0
598 3.2570 0
47 3.2196 0
1701 3.2194 0
1652 3.2121 0
133 3.2090 0
354 3.2085 0
408 3.1872 0
861 3.1741 0
563 3.1735 0
1006 3.1556 0
20 3.1533 0
1268 3.1478 0
592 3.1318 0
1083 3.1246 0
1399 3.1242 0
819 3.1013 0
732 3.0894 0
1371 3.0652 0
782 3.0630 0
1879 3.0614 0
1390 2.9801 0
1076 2.9743 0
1090 2.9672 0
44 2.9590 0
568 2.9533 0
577 2.9449 0
223 2.9420 0
1696 2.9419 0
1081 2.9321 0
1694 2.9059 0
1046 2.8918 0
1260 2.8852 0
1708 2.8769 0
1736 2.8750 0
685 2.8747 0
1413 2.8710 0
956 2.8613 0
1188 2.8560 0
79 2.8539 0
625 2.8530 0
1270 2.8303 0
1786 2.8210 0
785 2.8171 0
869 2.8050 0
1031 2.7977 0
1521 2.7933 0
1435 2.7911 0
771 2.7830 0
437 2.7728 0
1442 2.7573 0
1271 2.7495 0
1094 2.7426 0
1533 2.7420 0
399 2.7397 0
419 2.7347 0
1864 2.7320 0
711 2.7249 0
627 2.7206 0
1880 2.7162 0
815 2.7070 0
1114 2.7046 0
805 2.7008 0
674 2.6982 0
366 2.6949 0
1717 2.6912 0
871 2.6873 0
1062 2.6850 0
1086 2.6584 0
1082 2.6565 0
1227 2.6479 0
1299 2.6429 0
1097 2.6389 0
537 2.6347 0
1855 2.5759 0
1315 2.5753 0
472 2.5686 0
1997 2.5643 0
725 2.5628 0
348 2.5503 0
1909 2.5413 0
1225 2.5342 0
277 2.5313 0
570 2.5274 0
832 2.5206 0
1212 2.5195 0
776 2.5165 0
1889 2.5154 0
1245 2.5105 0
575 2.5049 0
1327 2.5048 0
1008 2.4993 0
426 2.4787 0
800 2.4754 0
731 2.4702 0
1666 2.4626 0
1099 2.4623 0
1048 2.4508 0
894 2.4448 0
1373 2.4416 0
1837 2.4398 0
411 2.4212 0
1292 2.4170 0
1436 2.3956 0
436 2.3925 0
599 2.3880 0
1418 2.3863 0
1105 2.3837 0
1203 2.3808 0
1106 2.3745 0
1236 2.3589 0
1712 2.3419 0
1409 2.3127 0
484 2.3116 0
578 2.3086 0
613 2.3062 0
1941 2.2930 0
1731 2.2910 0
890 2.2857 0
814 2.2814 0
754 2.2810 0
550 2.2801 0
1318 2.2729 0
729 2.2564 0
562 2.2537 0
1548 2.2520 0
379 2.2361 0
114 2.2355 0
733 2.2266 0
1038 2.2262 0
816 2.2103 0
491 2.2089 0
581 2.2084 0
682 2.1908 0
1160 2.1824 0
1860 2.1817 0
839 2.1761 0
455 2.1707 0
787 2.1697 0
1066 2.1695 0
1501 2.1662 0
1063 2.1636 0
1410 2.1632 0
364 2.1573 0
316 2.1566 0
571 2.1565 0
78 2.1554 0
1058 2.1530 0
1966 2.1500 0
645 2.1395 0
62 2.1279 0
545 2.1268 0
1169 2.1265 0
4 2.0981 0
1441 2.0942 0
866 2.0931 0
501 2.0770 0
1107 2.0759 0
142 2.0689 0
1799 2.0544 0
1320 2.0496 0
1072 2.0459 0
1408 2.0355 0
333 2.0213 0
589 2.0168 0
80 2.0158 0
560 2.0114 0
1687 2.0077 0
359 2.0025 0
1162 1.9899 0
1464 1.9896 0
827 1.9842 0
1060 1.9831 0
1902 1.9780 0
442 1.9742 0
707 1.9725 0
517 1.9663 0
1177 1.9640 0
1450 1.9613 0
747 1.9612 0
1760 1.9465 0
1586 1.9359 0
1209 1.9342 0
717 1.9308 0
632 1.9305 0
305 1.9304 0
36 1.9162 0
661 1.9126 0
461 1.9103 0
757 1.9087 0
414 1.9084 0
94 1.9039 0
1007 1.8855 0
429 1.8835 0
1515 1.8689 0
1012 1.8590 0
302 1.8548 0
1059 1.8543 0
148 1.8533 0
1284 1.8412 0
784 1.8349 0
125 1.8283 0
1009 1.8144 0
238 1.8093 0
795 1.8034 0
1414 1.7878 0
766 1.7863 0
1161 1.7838 0
1296 1.7805 0
1300 1.7674 0
822 1.7631 0
1337 1.7567 0
630 1.7543 0
1095 1.7454 0
240 1.7427 0
1321 1.7279 0
708 1.7242 0
1930 1.7108 0
1092 1.7046 0
774 1.6896 0
360 1.6894 0
1724 1.6884 0
1246 1.6782 0
1423 1.6771 0
1265 1.6751 0
1512 1.6728 0
809 1.6657 0
793 1.6642 0
558 1.6632 0
296 1.6613 0
1247 1.6501 0
84 1.6291 0
1720 1.6252 0
1406 1.6144 0
572 1.6128 0
1415 1.6094 0
566 1.6090 0
1758 1.6049 0
875 1.5927 0
1796 1.5839 0
1411 1.5826 0
1113 1.5810 0
1283 1.5786 0
531 1.5767 0
1723 1.5692 0
836 1.5627 0
1681 1.5624 0
1078 1.5505 0
24 1.5485 0
1959 1.5444 0
464 1.5356 0
1709 1.5338 0
716 1.5306 0
71 1.5245 0
1070 1.5234 0
1934 1.5099 0
1343 1.5006 0
1219 1.4943 0
1508 1.4830 0
1481 1.4799 0
547 1.4730 0
1733 1.4680 0
1003 1.4552 0
1251 1.4536 0
1710 1.4533 0
1267 1.4531 0
430 1.4513 0
479 1.4443 0
799 1.4405 0
1243 1.4366 0
503 1.4226 0
394 1.4188 0
840 1.4145 0
335 1.4145 0
763 1.4107 0
1064 1.4039 0
1001 1.3871 0
1154 1.3818 0
1029 1.3798 0
606 1.3680 0
990 1.3651 0
1131 1.3628 0
1024 1.3627 0
1891 1.3626 0
1339 1.3625 0
746 1.3566 0
77 1.3558 0
1342 1.3500 0
1665 1.3497 0
714 1.3490 0
377 1.3410 0
1713 1.3267 0
573 1.3237 0
872 1.3179 0
1893 1.3061 0
1231 1.3019 0
1051 1.2987 0
1133 1.2979 0
229 1.2883 0
477 1.2852 0
37 1.2782 0
1527 1.2464 0
319 1.2428 0
1326 1.2411 0
493 1.2407 0
338 1.2321 0
737 1.2316 0
553 1.2294 0
1311 1.2175 0
730 1.2085 0
367 1.2070 0
1156 1.2043 0
748 1.1990 0
1977 1.1929 0
1878 1.1912 0
778 1.1860 0
1703 1.1852 0
898 1.1823 0
1434 1.1714 0
510 1.1654 0
1022 1.1616 0
759 1.1429 0
1662 1.1395 0
347 1.1346 0
290 1.1285 0
530 1.1234 0
824 1.1221 0
246 1.1057 0
1263 1.1046 0
1433 1.1004 0
672 1.0923 0
1727 1.0832 0
1716 1.0810 0
1275 1.0792 0
1238 1.0770 0
276 1.0714 0
1205 1.0680 0
1401 1.0664 0
1291 1.0534 0
544 1.0530 0
728 1.0471 0
765 1.0387 0
67 1.0386 0
1729 1.0356 0
176 1.0302 0
580 1.0244 0
1933 1.0170 0
1043 1.0047 0
369 0.9963 0
1857 0.9950 0
384 0.9882 0
1126 0.9874 0
1735 0.9840 0
561 0.9811 0
147 0.9804 0
1592 0.9790 0
1856 0.9711 0
525 0.9710 0
669 0.9686 0
641 0.9617 0
1676 0.9617 0
842 0.9609 0
586 0.9599 0
206 0.9573 0
365 0.9383 0
1136 0.9349 0
1036 0.9170 0
1808 0.9165 0
326 0.9136 0
41 0.9095 0
1886 0.9076 0
471 0.8933 0
1208 0.8911 0
1969 0.8865 0
330 0.8859 0
386 0.8797 0
58 0.8784 0
1055 0.8645 0
1707 0.8640 0
452 0.8529 0
460 0.8527 0
1230 0.8481 0
670 0.8398 0
1541 0.8347 0
1065 0.8326 0
248 0.8240 0
179 0.8234 0
1141 0.8164 0
87 0.8120 0
896 0.7954 0
1982 0.7940 0
963 0.7929 0
1425 0.7885 0
340 0.7796 0
1832 0.7732 0
124 0.7661 0
1129 0.7658 0
1492 0.7654 0
718 0.7629 0
789 0.7584 0
542 0.7564 0
724 0.7525 0
1472 0.7430 0
75 0.7416 0
1282 0.7269 0
385 0.7200 0
874 0.7180 0
1135 0.7141 0
1537 0.7089 0
11 0.7084 0
1049 0.7074 0
1403 0.7049 0
1385 0.7028 0
752 0.7010 0
516 0.7000 0
1307 0.6946 0
1661 0.6928 0
1873 0.6875 0
1237 0.6854 0
1819 0.6838 0
773 0.6786 0
282 0.6785 0
1035 0.6774 0
1697 0.6763 0
1673 0.6733 0
1766 0.6726 0
1937 0.6699 0
235 0.6697 0
289 0.6589 0
1659 0.6564 0
736 0.6544 0
1978 0.6352 0
633 0.6319 0
73 0.6262 0
224 0.6225 0
807 0.6144 0
356 0.6119 0
1068 0.6084 0
329 0.6047 0
622 0.6034 0
244 0.6026 0
1520 0.6013 0
1528 0.5998 0
1050 0.5987 0
1538 0.5977 0
16 0.5939 0
1473 0.5913 0
406 0.5884 0
1655 0.5872 0
1806 0.5851 0
1085 0.5773 0
1784 0.5764 0
1532 0.5754 0
361 0.5714 0
1341 0.5662 0
1495 0.5658 0
512 0.5630 0
690 0.5516 0
404 0.5395 0
1391 0.5384 0
1545 0.5374 0
698 0.5344 0
794 0.5342 0
791 0.5294 0
1621 0.5292 0
1334 0.5261 0
1437 0.5253 0
1847 0.5111 0
1964 0.5087 0
631 0.5061 0
666 0.5039 0
1544 0.5036 0
212 0.5022 0
686 0.5015 0
1443 0.5008 0
1748 0.5002 0
227 0.4969 0
744 0.4919 0
1850 0.4911 0
1061 0.4844 0
380 0.4822 0
1985 0.4819 0
833 0.4794 0
643 0.4732 0
191 0.4687 0
1526 0.4673 0
1769 0.4640 0
1764 0.4431 0
95 0.4378 0
798 0.4367 0
441 0.4357 0
292 0.4344 0
1744 0.4135 0
32 0.4062 0
243 0.4057 0
1020 0.4010 0
1002 0.3988 0
1702 0.3986 0
1195 0.3934 0
215 0.3795 0
1863 0.3791 0
713 0.3778 0
753 0.3745 0
796 0.3697 0
334 0.3689 0
74 0.3673 0
1919 0.3646 0
251 0.3629 0
1672 0.3589 0
1740 0.3571 0
468 0.3561 0
264 0.3561 0
99 0.3558 0
1039 0.3544 0
284 0.3496 0
1207 0.3488 0
1451 0.3446 0
1134 0.3353 0
1865 0.3337 0
1890 0.3331 0
1805 0.3221 0
582 0.3186 0
1335 0.3138 0
772 0.3106 0
1216 0.3070 0
1686 0.3001 0
837 0.2909 0
555 0.2890 0
1305 0.2801 0
662 0.2721 0
482 0.2702 0
1838 0.2668 0
668 0.2636 0
1815 0.2598 0
214 0.2388 0
507 0.2384 0
1714 0.2379 0
1120 0.2365 0
210 0.2273 0
1080 0.2244 0
1102 0.2239 0
1419 0.2226 0
1011 0.2188 0
1639 0.2166 0
1726 0.2122 0
1574 0.2114 0
451 0.2107 0
1159 0.2061 0
880 0.2060 0
1336 0.1981 0
962 0.1847 0
769 0.1760 0
617 0.1733 0
548 0.1696 0
1833 0.1621 0
1685 0.1606 0
1836 0.1552 0
984 0.1515 0
1610 0.1486 0
1010 0.1452 0
1970 0.1419 0
786 0.1366 0
1935 0.1335 0
996 0.1278 0
658 0.1226 0
1961 0.1219 0
974 0.1190 0
897 0.1134 0
1220 0.1099 0
1362 0.1099 0
881 0.1078 0
749 0.1070 0
1670 0.1054 0
141 0.1018 0
1842 0.0978 0
123 0.0953 0
1019 0.0951 0
1322 0.0940 0
1513 0.0908 0
689 0.0863 0
1211 0.0860 0
715 0.0809 0
1440 0.0801 0
1895 0.0690 0
184 0.0672 0
1420 0.0657 0
1314 0.0637 0
1125 0.0624 0
675 0.0624 0
10 0.0489 0
559 0.0472 0
1128 0.0370 0
1312 0.0354 0
1809 0.0342 0
1179 0.0330 0
667 0.0320 0
139 0.0294 0
678 0.0261 0
1843 0.0258 0
1692 0.0228 0
299 0.0198 0
611 0.0157 0
193 0.0081 0
1259 -0.0057 0
362 -0.0058 0
1297 -0.0077 0
1034 -0.0080 0
450 -0.0097 0
726 -0.0160 0
885 -0.0168 0
1000 -0.0214 0
173 -0.0322 0
1239 -0.0416 0
664 -0.0435 0
1990 -0.0438 0
727 -0.0473 0
1404 -0.0528 0
459 -0.0529 0
1200 -0.0546 0
1922 -0.0579 0
1333 -0.0602 0
201 -0.0715 0
1407 -0.0738 0
499 -0.0745 0
328 -0.0807 0
1103 -0.0922 0
986 -0.0960 0
495 -0.0982 0
722 -0.1015 0
1365 -0.1098 0
1056 -0.1116 0
1262 -0.1117 0
1956 -0.1151 0
659 -0.1173 0
1351 -0.1187 0
172 -0.1199 0
1657 -0.1213 0
1218 -0.1221 0
39 -0.1282 0
863 -0.1292 0
1534 -0.1297 0
351 -0.1331 0
758 -0.1336 0
992 -0.1500 0
200 -0.1514 0
1510 -0.1517 0
1250 -0.1541 0
458 -0.1582 0
1667 -0.1636 0
1585 -0.1637 0
879 -0.1692 0
266 -0.1697 0
1539 -0.1824 0
1751 -0.1838 0
1854 -0.1848 0
1170 -0.1858 0
1446 -0.1914 0
1458 -0.1958 0
1719 -0.1966 0
1013 -0.2003 0
1196 -0.2026 0
889 -0.2032 0
1108 -0.2053 0
1801 -0.2065 0
396 -0.2067 0
1612 -0.2072 0
1014 -0.2092 0
895 -0.2096 0
1851 -0.2201 0
663 -0.2310 0
1664 -0.2318 0
38 -0.2385 0
496 -0.2413 0
1100 -0.2432 0
1223 -0.2452 0
1198 -0.2462 0
701 -0.2532 0
1885 -0.2566 0
23 -0.2591 0
1882 -0.2731 0
274 -0.2801 0
888 -0.2858 0
165 -0.2915 0
1293 -0.2928 0
1999 -0.3018 0
1728 -0.3020 0
1814 -0.3055 0
1210 -0.3197 0
899 -0.3206 0
656 -0.3212 0
653 -0.3224 0
321 -0.3341 0
1743 -0.3422 0
1088 -0.3424 0
269 -0.3426 0
634 -0.3449 0
381 -0.3482 0
527 -0.3489 0
395 -0.3496 0
1455 -0.3559 0
1875 -0.3599 0
1757 -0.3635 0
695 -0.3659 0
1974 -0.3672 0
271 -0.3677 0
1181 -0.3718 0
1004 -0.3719 0
779 -0.3724 0
323 -0.3786 0
221 -0.3885 0
1828 -0.3895 0
607 -0.3895 0
1360 -0.3899 0
1536 -0.3922 0
483 -0.3935 0
673 -0.4013 0
620 -0.4040 0
203 -0.4042 0
237 -0.4061 0
995 -0.4077 0
1480 -0.4134 0
1235 -0.4151 0
1877 -0.4153 0
858 -0.4204 0
1816 -0.4246 0
1563 -0.4280 0
216 -0.4281 0
7 -0.4298 0
1485 -0.4314 0
1266 -0.4354 0
132 -0.4386 0
870 -0.4421 0
1654 -0.4439 0
1447 -0.4445 0
86 -0.4477 0
1348 -0.4527 0
308 -0.4655 0
1174 -0.4721 0
1649 -0.4727 0
1378 -0.4737 0
152 -0.4748 0
1199 -0.4805 0
313 -0.4827 0
97 -0.4829 0
511 -0.4830 0
268 -0.4841 0
118 -0.4873 0
1848 -0.4957 0
1449 -0.4962 0
1516 -0.4979 0
751 -0.4989 0
1496 -0.5028 0
1109 -0.5051 0
196 -0.5066 0
1669 -0.5103 0
1787 -0.5114 0
392 -0.5178 0
1257 -0.5216 0
567 -0.5309 0
1193 -0.5339 0
781 -0.5347 0
1328 -0.5374 0
891 -0.5419 0
654 -0.5440 0
1718 -0.5440 0
1130 -0.5449 0
1376 -0.5460 0
1123 -0.5465 0
1345 -0.5486 0
234 -0.5498 0
64 -0.5629 0
241 -0.5712 0
1448 -0.5714 0
1202 -0.5765 0
76 -0.5792 0
768 -0.5804 0
474 -0.5808 0
488 -0.5826 0
1192 -0.5837 0
1042 -0.5955 0
104 -0.6049 0
1306 -0.6069 0
156 -0.6119 0
855 -0.6152 0
1364 -0.6162 0
126 -0.6204 0
532 -0.6242 0
128 -0.6277 0
735 -0.6333 0
0 -0.6362 0
12 -0.6420 0
657 -0.6421 0
56 -0.6504 0
1253 -0.6549 0
1867 -0.6637 0
1349 -0.6723 0
1430 -0.6732 0
1224 -0.6785 0
343 -0.6847 0
1824 -0.6861 0
1018 -0.6869 0
208 -0.6875 0
273 -0.6910 0
1475 -0.6935 0
270 -0.6974 0
1454 -0.7037 0
1800 -0.7075 0
770 -0.7155 0
1432 -0.7164 0
1045 -0.7196 0
121 -0.7281 0
21 -0.7390 0
1911 -0.7530 0
143 -0.7550 0
508 -0.7714 0
788 -0.7722 0
1132 -0.7764 0
1540 -0.7780 0
1975 -0.7792 0
854 -0.7805 0
285 -0.7830 0
1803 -0.7972 0
242 -0.8027 0
1872 -0.8039 0
374 -0.8054 0
49 -0.8089 0
350 -0.8096 0
1157 -0.8120 0
1952 -0.8179 0
1303 -0.8201 0
681 -0.8239 0
628 -0.8266 0
1995 -0.8293 0
1684 -0.8373 0
1344 -0.8384 0
1017 -0.8404 0
1367 -0.8464 0
1397 -0.8618 0
247 -0.8627 0
279 -0.8631 0
68 -0.8700 0
109 -0.8767 0
1940 -0.8817 0
473 -0.8830 0
288 -0.8836 0
1171 -0.8875 0
371 -0.8876 0
1254 -0.8897 0
1422 -0.8938 0
245 -0.8947 0
50 -0.8962 0
792 -0.8989 0
19 -0.9012 0
182 -0.9027 0
1725 -0.9150 0
1747 -0.9150 0
180 -0.9216 0
59 -0.9241 0
85 -0.9243 0
342 -0.9253 0
1233 -0.9323 0
1984 -0.9342 0
649 -0.9486 0
317 -0.9486 0
741 -0.9517 0
980 -0.9526 0
168 -0.9529 0
1503 -0.9540 0
295 -0.9556 0
1445 -0.9573 0
337 -0.9609 0
1255 -0.9621 0
358 -0.9621 0
648 -0.9621 0
1730 -0.9625 0
954 -0.9635 0
150 -0.9728 0
1841 -0.9855 0
1301 -0.9880 0
1732 -0.9910 0
635 -0.9933 0
1793 -1.0015 0
679 -1.0039 0
1844 -1.0049 0
1439 -1.0083 0
1979 -1.0083 0
1483 -1.0110 0
1405 -1.0141 0
1241 -1.0146 0
171 -1.0148 0
332 -1.0167 0
1834 -1.0183 0
1111 -1.0210 0
1427 -1.0211 0
1682 -1.0228 0
1366 -1.0245 0
1189 -1.0265 0
1866 -1.0266 0
994 -1.0270 0
166 -1.0281 0
355 -1.0297 0
1221 -1.0372 0
55 -1.0402 0
850 -1.0440 0
110 -1.0454 0
1705 -1.0472 0
90 -1.0478 0
775 -1.0480 0
388 -1.0505 0
1918 -1.0507 0
1813 -1.0532 0
883 -1.0596 0
755 -1.0625 0
1572 -1.0649 0
783 -1.0694 0
1980 -1.0695 0
1749 -1.0721 0
1688 -1.0780 0
376 -1.0781 0
475 -1.0899 0
1770 -1.0906 0
263 -1.0952 0
14 -1.0987 0
1529 -1.1018 0
25 -1.1076 0
146 -1.1121 0
1771 -1.1124 0
1347 -1.1137 0
1555 -1.1157 0
860 -1.1203 0
1047 -1.1284 0
1896 -1.1320 0
199 -1.1339 0
601 -1.1396 0
1412 -1.1399 0
1546 -1.1463 0
1789 -1.1491 0
1289 -1.1510 0
1721 -1.1570 0
780 -1.1572 0
122 -1.1584 0
1987 -1.1594 0
619 -1.1607 0
1482 -1.1665 0
1288 -1.1685 0
500 -1.1695 0
1888 -1.1714 0
111 -1.1733 0
322 -1.1751 0
1900 -1.1755 0
370 -1.1792 0
1903 -1.1865 0
1091 -1.1874 0
1967 -1.1917 0
1752 -1.1979 0
605 -1.2019 0
1883 -1.2027 0
1558 -1.2035 0
1194 -1.2106 0
1506 -1.2113 0
856 -1.2115 0
45 -1.2140 0
233 -1.2165 0
1571 -1.2257 0
69 -1.2289 0
877 -1.2293 0
1456 -1.2304 0
46 -1.2337 0
1600 -1.2404 0
1493 -1.2408 0
1421 -1.2426 0
1522 -1.2445 0
1383 -1.2485 0
1175 -1.2493 0
157 -1.2561 0
324 -1.2561 0
1463 -1.2576 0
1756 -1.2590 0
175 -1.2592 0
1460 -1.2773 0
1915 -1.2809 0
129 -1.2812 0
219 -1.2851 0
1577 -1.2867 0
777 -1.2884 0
1074 -1.2905 0
1818 -1.2951 0
318 -1.3020 0
1551 -1.3094 0
1370 -1.3165 0
181 -1.3188 0
1502 -1.3192 0
3 -1.3263 0
27 -1.3265 0
93 -1.3265 0
312 -1.3289 0
61 -1.3304 0
1146 -1.3330 0
1643 -1.3398 0
1372 -1.3404 0
1677 -1.3405 0
375 -1.3465 0
1313 -1.3504 0
228 -1.3677 0
1229 -1.3770 0
760 -1.3820 0
42 -1.3834 0
1524 -1.3868 0
1191 -1.3870 0
1118 -1.3937 0
647 -1.3967 0
1155 -1.3991 0
1993 -1.4023 0
1143 -1.4095 0
15 -1.4113 0
252 -1.4124 0
1945 -1.4154 0
262 -1.4252 0
1823 -1.4285 0
529 -1.4383 0
51 -1.4413 0
1531 -1.4430 0
1027 -1.4466 0
526 -1.4467 0
1145 -1.4514 0
490 -1.4530 0
1762 -1.4578 0
1148 -1.4586 0
1248 -1.4617 0
158 -1.4636 0
1804 -1.4637 0
1988 -1.4672 0
1477 -1.4856 0
642 -1.4877 0
1706 -1.4898 0
1691 -1.4907 0
1330 -1.4953 0
862 -1.4971 0
644 -1.4982 0
998 -1.5114 0
1835 -1.5172 0
283 -1.5196 0
1032 -1.5197 0
72 -1.5212 0
1849 -1.5246 0
1025 -1.5252 0
1115 -1.5265 0
1137 -1.5320 0
1324 -1.5384 0
1968 -1.5394 0
1587 -1.5401 0
60 -1.5452 0
96 -1.5460 0
393 -1.5462 0
1469 -1.5466 0
538 -1.5476 0
462 -1.5478 0
767 -1.5570 0
851 -1.5570 0
886 -1.5613 0
603 -1.5688 0
1402 -1.5705 0
957 -1.5739 0
1124 -1.5745 0
1438 -1.5766 0
1499 -1.5778 0
155 -1.5788 0
1651 -1.5806 0
1338 -1.5809 0
1417 -1.5823 0
1972 -1.5837 0
968 -1.5862 0
609 -1.5882 0
281 -1.5888 0
1382 -1.5906 0
535 -1.5917 0
497 -1.5964 0
1976 -1.5977 0
1392 -1.5997 0
1150 -1.6100 0
178 -1.6112 0
225 -1.6166 0
1634 -1.6171 0
1518 -1.6188 0
636 -1.6197 0
1680 -1.6216 0
1214 -1.6287 0
696 -1.6288 0
101 -1.6293 0
1489 -1.6307 0
92 -1.6352 0
1028 -1.6370 0
1981 -1.6406 0
1904 -1.6424 0
485 -1.6474 0
249 -1.6497 0
135 -1.6512 0
1564 -1.6555 0
293 -1.6576 0
1951 -1.6608 0
183 -1.6642 0
232 -1.6669 0
519 -1.6706 0
1963 -1.6734 0
1755 -1.6766 0
574 -1.6792 0
1309 -1.6811 0
372 -1.6825 0
102 -1.6838 0
204 -1.6866 0
893 -1.6875 0
706 -1.6892 0
1187 -1.6923 0
91 -1.6976 0
65 -1.7005 0
89 -1.7070 0
513 -1.7081 0
1738 -1.7096 0
533 -1.7142 0
382 -1.7160 0
884 -1.7177 0
975 -1.7222 0
159 -1.7243 0
528 -1.7331 0
1386 -1.7384 0
1567 -1.7494 0
600 -1.7500 0
618 -1.7510 0
1180 -1.7513 0
1811 -1.7524 0
1394 -1.7541 0
43 -1.7573 0
48 -1.7606 0
1507 -1.7633 0
1332 -1.7678 0
1822 -1.7707 0
1316 -1.7711 0
457 -1.7723 0
1671 -1.7738 0
1197 -1.7800 0
278 -1.7929 0
1698 -1.7942 0
145 -1.7985 0
1468 -1.8072 0
1642 -1.8073 0
966 -1.8150 0
878 -1.8157 0
1917 -1.8237 0
162 -1.8248 0
487 -1.8257 0
345 -1.8359 0
745 -1.8401 0
352 -1.8406 0
1674 -1.8426 0
1820 -1.8465 0
53 -1.8499 0
100 -1.8524 0
1881 -1.8615 0
1368 -1.8623 0
134 -1.8701 0
1759 -1.8707 0
207 -1.8729 0
655 -1.8735 0
1650 -1.8744 0
1166 -1.8760 0
373 -1.8806 0
1462 -1.8822 0
610 -1.8996 0
34 -1.9017 0
629 -1.9060 0
1576 -1.9085 0
1561 -1.9114 0
454 -1.9141 0
514 -1.9147 0
750 -1.9172 0
391 -1.9179 0
164 -1.9239 0
864 -1.9296 0
1523 -1.9348 0
1294 -1.9393 0
797 -1.9473 0
389 -1.9493 0
13 -1.9493 0
646 -1.9502 0
1568 -1.9521 0
1504 -1.9522 0
1599 -1.9526 0
1286 -1.9582 0
504 -1.9600 0
357 -1.9674 0
1346 -1.9714 0
1476 -1.9883 0
1792 -1.9895 0
1381 -1.9917 0
26 -1.9922 0
30 -1.9959 0
1186 -2.0034 0
1122 -2.0057 0
709 -2.0132 0
28 -2.0232 0
1213 -2.0247 0
320 -2.0337 0
704 -2.0349 0
287 -2.0373 0
194 -2.0421 0
1559 -2.0492 0
502 -2.0534 0
892 -2.0581 0
1658 -2.0621 0
1604 -2.0804 0
57 -2.0811 0
254 -2.0816 0
1295 -2.0831 0
676 -2.0855 0
829 -2.0856 0
1901 -2.0884 0
1859 -2.0913 0
331 -2.0914 0
1040 -2.0918 0
18 -2.0936 0
1991 -2.0949 0
1005 -2.0949 0
1244 -2.0991 0
1497 -2.0999 0
687 -2.1030 0
1500 -2.1075 0
368 -2.1117 0
378 -2.1219 0
1317 -2.1245 0
465 -2.1287 0
1359 -2.1311 0
1519 -2.1502 0
341 -2.1531 0
1310 -2.1543 0
608 -2.1557 0
1167 -2.1639 0
267 -2.1750 0
336 -2.1759 0
623 -2.1766 0
868 -2.1772 0
1948 -2.1824 0
260 -2.1911 0
81 -2.1936 0
1535 -2.1961 0
1021 -2.1976 0
1821 -2.1997 0
739 -2.2042 0
1112 -2.2063 0
486 -2.2086 0
6 -2.2086 0
1858 -2.2105 0
1163 -2.2122 0
1325 -2.2133 0
298 -2.2234 0
1228 -2.2244 0
1466 -2.2250 0
518 -2.2291 0
1261 -2.2303 0
650 -2.2321 0
398 -2.2336 0
1928 -2.2349 0
1222 -2.2361 0
1273 -2.2364 0
1618 -2.2375 0
222 -2.2385 0
105 -2.2404 0
640 -2.2440 0
1690 -2.2455 0
1722 -2.2464 0
489 -2.2469 0
1550 -2.2510 0
1943 -2.2526 0
1277 -2.2552 0
387 -2.2609 0
626 -2.2620 0
63 -2.2658 0
103 -2.2684 0
972 -2.2718 0
1746 -2.2750 0
1971 -2.2807 0
315 -2.2868 0
867 -2.2879 0
1912 -2.2891 0
113 -2.2913 0
1675 -2.2959 0
1829 -2.3088 0
98 -2.3099 0
1104 -2.3140 0
314 -2.3152 0
1593 -2.3205 0
1357 -2.3206 0
1845 -2.3267 0
1424 -2.3267 0
1353 -2.3278 0
280 -2.3295 0
1947 -2.3343 0
1825 -2.3387 0
253 -2.3461 0
29 -2.3464 0
1994 -2.3535 0
307 -2.3608 0
35 -2.3612 0
1914 -2.3637 0
1583 -2.3754 0
1164 -2.3773 0
951 -2.3780 0
1374 -2.3807 0
397 -2.3822 0
1452 -2.3874 0
979 -2.3908 0
853 -2.3964 0
1 -2.3987 0
286 -2.4021 0
163 -2.4110 0
1530 -2.4130 0
5 -2.4137 0
999 -2.4142 0
1695 -2.4145 0
297 -2.4174 0
108 -2.4296 0
1319 -2.4313 0
1781 -2.4317 0
1699 -2.4346 0
1954 -2.4381 0
205 -2.4392 0
466 -2.4490 0
106 -2.4504 0
1151 -2.4522 0
621 -2.4558 0
211 -2.4573 0
149 -2.4605 0
1817 -2.4635 0
170 -2.4636 0
1204 -2.4659 0
1553 -2.4692 0
873 -2.4701 0
604 -2.4779 0
1152 -2.4806 0
1308 -2.4852 0
1777 -2.4912 0
310 -2.4948 0
1279 -2.5007 0
1428 -2.5105 0
213 -2.5107 0
1862 -2.5134 0
970 -2.5142 0
1387 -2.5246 0
1839 -2.5294 0
144 -2.5330 0
1653 -2.5396 0
9 -2.5418 0
1620 -2.5497 0
116 -2.5499 0
680 -2.5552 0
1742 -2.5626 0
987 -2.5633 0
1924 -2.5656 0
1302 -2.5658 0
154 -2.5762 0
239 -2.5780 0
33 -2.5792 0
1465 -2.5823 0
1542 -2.5861 0
965 -2.5871 0
541 -2.5882 0
1400 -2.5894 0
1298 -2.5940 0
1287 -2.5951 0
1121 -2.6189 0
476 -2.6227 0
703 -2.6371 0
1913 -2.6464 0
469 -2.6508 0
1355 -2.6544 0
1575 -2.6578 0
346 -2.6614 0
590 -2.6652 0
1892 -2.6662 0
1830 -2.6678 0
255 -2.6842 0
1172 -2.6901 0
616 -2.6976 0
1615 -2.6985 0
1605 -2.7030 0
1965 -2.7046 0
136 -2.7119 0
160 -2.7119 0
1953 -2.7249 0
1168 -2.7267 0
989 -2.7299 0
217 -2.7323 0
192 -2.7324 0
723 -2.7537 0
1958 -2.7560 0
1812 -2.7573 0
257 -2.7678 0
1754 -2.7774 0
1619 -2.7893 0
120 -2.7909 0
1581 -2.7924 0
83 -2.7950 0
1827 -2.7982 0
1272 -2.8028 0
1569 -2.8086 0
1549 -2.8107 0
1165 -2.8109 0
261 -2.8156 0
22 -2.8182 0
311 -2.8250 0
1955 -2.8282 0
8 -2.8288 0
82 -2.8293 0
699 -2.8371 0
1375 -2.8431 0
1491 -2.8550 0
449 -2.8551 0
1147 -2.8575 0
1178 -2.8645 0
1139 -2.8757 0
1773 -2.8782 0
1761 -2.8824 0
1290 -2.8843 0
220 -2.8873 0
463 -2.8881 0
303 -2.8936 0
624 -2.8936 0
1983 -2.8962 0
1471 -2.8977 0
218 -2.8989 0
54 -2.9031 0
1487 -2.9040 0
1679 -2.9050 0
1363 -2.9165 0
1601 -2.9192 0
1923 -2.9230 0
671 -2.9313 0
1998 -2.9360 0
1767 -2.9370 0
1960 -2.9430 0
1916 -2.9452 0
1398 -3.0029 0
505 -3.0051 0
31 -3.0055 0
1543 -3.0058 0
117 -3.0091 0
153 -3.0107 0
506 -3.0111 0
1578 -3.0119 0
950 -3.0164 0
1711 -3.0224 0
40 -3.0257 0
1636 -3.0327 0
637 -3.0343 0
1927 -3.0350 0
70 -3.0368 0
1380 -3.0441 0
1683 -3.0498 0
1269 -3.0562 0
756 -3.0588 0
304 -3.0645 0
651 -3.0760 0
1779 -3.0780 0
349 -3.0815 0
1276 -3.0824 0
1498 -3.0902 0
1715 -3.0979 0
1776 -3.1234 0
1041 -3.1241 0
1547 -3.1303 0
259 -3.1323 0
1992 -3.1413 0
1525 -3.1521 0
291 -3.1587 0
1356 -3.1640 0
520 -3.1644 0
1925 -3.1771 0
177 -3.1908 0
961 -3.2001 0
1944 -3.2342 0
852 -3.2385 0
250 -3.2426 0
1395 -3.2432 0
1802 -3.2468 0
339 -3.2474 0
1173 -3.2522 0
272 -3.2528 0
1185 -3.2565 0
1127 -3.2617 0
1595 -3.2639 0
1996 -3.2701 0
876 -3.2957 0
1389 -3.2964 0
534 -3.2989 0
1215 -3.3062 0
1274 -3.3113 0
1807 -3.3151 0
1660 -3.3251 0
1788 -3.3294 0
1869 -3.3421 0
1949 -3.3445 0
151 -3.3485 0
258 -3.3502 0
1624 -3.3567 0
198 -3.3570 0
1613 -3.3618 0
1258 -3.3620 0
1457 -3.3723 0
1119 -3.3786 0
523 -3.3883 0
1570 -3.3894 0
977 -3.3980 0
1474 -3.4017 0
1898 -3.4032 0
112 -3.4088 0
1946 -3.4105 0
1920 -3.4169 0
1625 -3.4288 0
1369 -3.4302 0
1015 -3.4306 0
1304 -3.4454 0
887 -3.4484 0
1590 -3.4489 0
1588 -3.4657 0
982 -3.4664 0
1514 -3.4671 0
1323 -3.4783 0
952 -3.4864 0
187 -3.5030 0
1565 -3.5298 0
988 -3.5318 0
467 -3.5321 0
1936 -3.5329 0
137 -3.5462 0
549 -3.5496 0
231 -3.5604 0
131 -3.5626 0
677 -3.5626 0
971 -3.5907 0
256 -3.5987 0
1871 -3.6078 0
1285 -3.6128 0
1556 -3.6148 0
1479 -3.6176 0
1470 -3.6205 0
1899 -3.6210 0
344 -3.6214 0
638 -3.6219 0
1249 -3.6334 0
536 -3.6356 0
1467 -3.6377 0
694 -3.6462 0
1602 -3.6470 0
1591 -3.6476 0
1490 -3.6497 0
1484 -3.6511 0
107 -3.6554 0
1853 -3.6568 0
958 -3.6638 0
692 -3.6641 0
325 -3.6881 0
185 -3.6887 0
174 -3.6906 0
1560 -3.6916 0
1678 -3.7073 0
1790 -3.7098 0
1280 -3.7409 0
230 -3.7444 0
1868 -3.7452 0
1234 -3.7482 0
1973 -3.7580 0
1942 -3.7656 0
1929 -3.7724 0
140 -3.7817 0
1638 -3.7878 0
1352 -3.7939 0
1153 -3.7967 0
1782 -3.8003 0
138 -3.8034 0
1794 -3.8059 0
1791 -3.8081 0
1486 -3.8186 0
1494 -3.8234 0
612 -3.8464 0
1797 -3.8536 0
1939 -3.8597 0
1905 -3.8842 0
294 -3.8938 0
1606 -3.8965 0
115 -3.9187 0
265 -3.9254 0
209 -3.9410 0
1517 -3.9432 0
1663 -3.9468 0
1117 -3.9493 0
639 -3.9501 0
1589 -3.9553 0
960 -3.9827 0
1627 -4.0021 0
543 -4.0034 0
1768 -4.0077 0
1798 -4.0400 0
1750 -4.0435 0
1176 -4.0516 0
1598 -4.0694 0
236 -4.0701 0
1584 -4.0798 0
1183 -4.0799 0
973 -4.0895 0
1775 -4.0902 0
197 -4.0915 0
955 -4.0965 0
188 -4.0988 0
1509 -4.1083 0
1354 -4.1233 0
1138 -4.1390 0
1377 -4.1392 0
1281 -4.1457 0
1831 -4.1493 0
1388 -4.1524 0
186 -4.1543 0
522 -4.1576 0
167 -4.1584 0
1780 -4.1600 0
189 -4.1922 0
1158 -4.2128 0
1453 -4.2450 0
190 -4.2454 0
88 -4.2520 0
540 -4.2639 0
985 -4.2700 0
1278 -4.2821 0
1016 -4.2845 0
127 -4.3000 0
1765 -4.3089 0
1573 -4.3304 0
969 -4.3305 0
1648 -4.3371 0
993 -4.3436 0
1932 -4.3682 0
1647 -4.3683 0
1607 -4.3783 0
1745 -4.3806 0
1628 -4.3840 0
991 -4.3989 0
1608 -4.4017 0
1623 -4.4097 0
453 -4.4187 0
981 -4.4254 0
1331 -4.4256 0
119 -4.4266 0
1894 -4.4333 0
1554 -4.4605 0
1908 -4.4655 0
539 -4.4690 0
1876 -4.4931 0
1840 -4.4972 0
1826 -4.5319 0
1459 -4.5359 0
1358 -4.5364 0
1753 -4.5523 0
983 -4.6096 0
1622 -4.6107 0
161 -4.6232 0
275 -4.6250 0
1264 -4.6263 0
1557 -4.6291 0
1631 -4.6618 0
1785 -4.6633 0
976 -4.6900 0
1594 -4.7180 0
1640 -4.7316 0
1182 -4.7359 0
1384 -4.7387 0
1668 -4.7440 0
978 -4.7567 0
2 -4.7608 0
1846 -4.7657 0
1629 -4.7757 0
688 -4.7863 0
1488 -4.7879 0
1616 -4.8081 0
169 -4.8199 0
1101 -4.8241 0
1795 -4.8243 0
1962 -4.8297 0
1617 -4.8388 0
1644 -4.9085 0
1989 -4.9156 0
1461 -4.9516 0
524 -4.9636 0
1633 -4.9690 0
1632 -4.9758 0
1379 -4.9762 0
1635 -4.9821 0
1986 -5.0003 0
1614 -5.0408 0
1630 -5.0584 0
1562 -5.0700 0
652 -5.0905 0
684 -5.0941 0
959 -5.0959 0
967 -5.0998 0
1926 -5.1321 0
515 -5.1391 0
1252 -5.1408 0
1931 -5.1525 0
1637 -5.1686 0
1693 -5.2676 0
1566 -5.2842 0
1340 -5.3051 0
1396 -5.3256 0
1393 -5.3577 0
456 -5.3673 0
1190 -5.3807 0
1609 -5.4977 0
1350 -5.5041 0
1921 -5.5128 0
1552 -5.6360 0
1626 -5.6892 0
1579 -5.7556 0
615 -5.7698 0
1950 -5.8244 0
1810 -5.9754 0
1580 -6.0021 0
1603 -6.0040 0
691 -6.0518 0
1910 -6.0630 0
1582 -6.1476 0
1778 -6.1535 0
1596 -6.1536 0
1772 -6.2249 0
997 -6.3263 0
1361 -6.4518 0
1774 -6.8440 0
1597 -7.0064 0
1645 -7.0287 0
1611 -7.0425 0
546 -7.0582 0
1763 -7.3199 0
1783 -7.4856 0
964 -7.5982 0
1641 -7.7712 0
1646 -8.3883 0
