959 25.7452 1
967 24.4367 1
978 24.0071 1
971 23.4157 1
991 23.1644 1
988 22.8866 1
964 22.8044 1
997 22.6063 1
969 22.1198 1
981 22.0466 1
973 21.5959 1
983 21.1931 1
987 20.7400 1
979 18.5881 1
982 17.9246 1
960 17.8716 1
966 17.8039 1
970 17.3348 1
998 17.1843 1
965 16.3728 1
958 15.0760 1
996 14.9236 1
953 14.7227 1
995 14.6116 1
972 14.2585 1
993 13.7663 1
992 13.4074 1
980 12.7494 1
950 12.6603 1
999 12.3530 1
994 12.2168 1
984 11.9708 1
968 11.9519 1
974 11.1052 1
1650 11.0325 0
1461 10.3597 0
1668 10.2335 0
952 10.0697 1
337 9.6282 0
1634 9.3928 0
1879 9.2547 0
1258 8.7386 0
306 8.6099 0
241 8.5169 0
1002 8.4451 0
976 8.2911 1
1677 7.9912 0
1272 7.9785 0
985 7.9512 1
1264 7.8072 0
588 7.7928 0
338 7.7918 0
977 7.6655 1
449 7.6373 0
539 7.6332 0
764 7.4680 0
479 7.2624 0
465 7.1701 0
1274 7.1187 0
1348 6.9808 0
1344 6.9458 0
1673 6.8031 0
36 6.7450 0
1473 6.7265 0
1261 6.6332 0
1296 6.6269 0
1601 6.5884 0
1149 6.5736 0
1187 6.5537 0
951 6.4524 1
1543 6.4133 0
1987 6.4098 0
130 6.3850 0
602 6.3832 0
989 6.3492 1
1259 6.2453 0
510 6.2425 0
1676 6.2125 0
1207 6.1219 0
767 6.1103 0
378 6.0637 0
502 5.9376 0
1783 5.9220 0
546 5.8922 0
535 5.7393 0
955 5.6207 1
611 5.5902 0
3 5.5847 0
1277 5.5683 0
129 5.5122 0
1297 5.5045 0
1635 5.5043 0
1774 5.4749 0
1257 5.4678 0
361 5.4638 0
457 5.4510 0
1190 5.4433 0
936 5.4303 0
986 5.3741 1
1471 5.3665 0
961 5.3638 1
453 5.3545 0
1642 5.3434 0
434 5.3324 0
684 5.3114 0
1384 5.2984 0
372 5.2779 0
1397 5.2713 0
1957 5.2682 0
751 5.2454 0
534 5.2422 0
1454 5.1981 0
789 5.1925 0
788 5.1630 0
1311 5.0909 0
307 5.0656 0
485 5.0643 0
264 5.0548 0
1610 5.0422 0
1697 5.0196 0
100 4.9707 0
783 4.9425 0
1214 4.9301 0
295 4.9084 0
555 4.9075 0
1657 4.8303 0
1266 4.8293 0
1375 4.8133 0
1268 4.7610 0
1695 4.6775 0
1664 4.6679 0
461 4.6415 0
1470 4.6297 0
101 4.6047 0
1934 4.5772 0
365 4.5306 0
1497 4.4994 0
888 4.4911 0
1287 4.4839 0
526 4.4248 0
1452 4.4116 0
778 4.4059 0
124 4.3806 0
6 4.3696 0
1254 4.3436 0
345 4.3425 0
1017 4.3315 0
893 4.3301 0
407 4.3175 0
1674 4.3085 0
1962 4.3060 0
1382 4.3055 0
1022 4.3040 0
741 4.2888 0
471 4.2830 0
910 4.2829 0
107 4.2420 0
1923 4.2339 0
1996 4.2284 0
523 4.2185 0
1006 4.1963 0
1641 4.1923 0
1502 4.1910 0
467 4.1712 0
975 4.1351 1
1323 4.1294 0
283 4.1099 0
1682 4.1049 0
1662 4.1016 0
1047 4.1010 0
1669 4.0895 0
1057 4.0783 0
1763 4.0778 0
1653 4.0765 0
1451 4.0694 0
1511 4.0683 0
1666 4.0599 0
1325 4.0498 0
650 4.0134 0
956 3.9891 1
694 3.9499 0
1881 3.9311 0
481 3.9224 0
1041 3.9160 0
963 3.9110 1
550 3.9073 0
1609 3.8949 0
49 3.8909 0
297 3.8861 0
106 3.8860 0
766 3.8765 0
1992 3.8570 0
575 3.8479 0
674 3.8278 0
127 3.8172 0
957 3.8068 1
147 3.7955 0
1065 3.7910 0
1032 3.7871 0
1364 3.7587 0
1295 3.7555 0
1030 3.7257 0
1985 3.7202 0
962 3.7108 1
304 3.7108 0
1693 3.7030 0
1743 3.6874 0
518 3.6834 0
114 3.6805 0
1234 3.6794 0
382 3.6625 0
1617 3.6618 0
1489 3.6606 0
1142 3.6563 0
195 3.6513 0
1289 3.6352 0
506 3.5940 0
1542 3.5669 0
464 3.5505 0
1283 3.5456 0
1049 3.5040 0
350 3.4957 0
522 3.4826 0
1494 3.4792 0
1479 3.4745 0
1573 3.4563 0
1591 3.4536 0
1792 3.4426 0
1483 3.4409 0
398 3.4363 0
1893 3.4317 0
316 3.4276 0
1191 3.4222 0
1447 3.4134 0
1595 3.4125 0
1585 3.3952 0
474 3.3748 0
469 3.3617 0
1034 3.3533 0
755 3.3279 0
466 3.3166 0
1428 3.3041 0
1265 3.2897 0
1244 3.2800 0
282 3.2767 0
532 3.2626 0
1675 3.2391 0
468 3.2344 0
1176 3.2143 0
63 3.2043 0
676 3.2012 0
1722 3.1699 0
463 3.1693 0
1579 3.1650 0
1487 3.1613 0
252 3.1604 0
291 3.1586 0
1228 3.1558 0
1839 3.1509 0
1485 3.1505 0
524 3.1501 0
1279 3.1464 0
1689 3.1459 0
1474 3.1453 0
1523 3.1246 0
1541 3.1227 0
1285 3.1203 0
563 3.1146 0
1291 3.1095 0
1270 3.1078 0
1620 3.1032 0
1870 3.0978 0
886 3.0887 0
1536 3.0831 0
439 3.0827 0
1691 3.0728 0
1710 3.0599 0
1124 3.0518 0
1278 3.0467 0
149 3.0462 0
497 3.0158 0
515 2.9991 0
1685 2.9932 0
1350 2.9597 0
1048 2.9548 0
476 2.9270 0
1493 2.9092 0
432 2.8918 0
1885 2.8911 0
1338 2.8886 0
1504 2.8824 0
509 2.8781 0
1498 2.8677 0
1698 2.8564 0
1537 2.8521 0
1678 2.8515 0
1507 2.8459 0
731 2.8451 0
1410 2.8303 0
1583 2.8276 0
1147 2.8265 0
517 2.8145 0
872 2.8109 0
211 2.7864 0
275 2.7700 0
1466 2.7589 0
747 2.7554 0
1446 2.7457 0
1608 2.7435 0
1944 2.7332 0
1074 2.7293 0
598 2.7283 0
1549 2.7273 0
1600 2.7254 0
132 2.7253 0
1546 2.7217 0
1571 2.7142 0
796 2.6877 0
487 2.6854 0
1522 2.6816 0
1388 2.6610 0
310 2.6451 0
754 2.6445 0
1533 2.6415 0
359 2.6287 0
668 2.6188 0
1568 2.6143 0
1688 2.6076 0
655 2.5954 0
1499 2.5855 0
493 2.5749 0
226 2.5651 0
499 2.5614 0
1138 2.5339 0
1597 2.5282 0
1460 2.5237 0
1960 2.5145 0
867 2.5114 0
1578 2.5114 0
38 2.5113 0
220 2.5083 0
1256 2.5021 0
678 2.4945 0
377 2.4809 0
1778 2.4803 0
1998 2.4786 0
1025 2.4649 0
240 2.4641 0
1554 2.4609 0
83 2.4551 0
771 2.4410 0
1901 2.4392 0
1527 2.4126 0
1448 2.4104 0
542 2.4100 0
1624 2.4082 0
1223 2.4049 0
884 2.4030 0
1250 2.4008 0
217 2.3942 0
1211 2.3763 0
1612 2.3668 0
1284 2.3563 0
791 2.3511 0
118 2.3410 0
723 2.3400 0
805 2.3375 0
104 2.3300 0
1424 2.3252 0
1458 2.3182 0
234 2.3128 0
500 2.3020 0
1292 2.2927 0
1425 2.2827 0
1618 2.2768 0
451 2.2736 0
1954 2.2701 0
1882 2.2696 0
1614 2.2605 0
769 2.2592 0
1886 2.2590 0
697 2.2581 0
1648 2.2527 0
423 2.2527 0
1026 2.2485 0
645 2.2381 0
531 2.2318 0
1514 2.2310 0
583 2.2270 0
596 2.2257 0
1765 2.2221 0
1503 2.2207 0
759 2.2203 0
1294 2.2190 0
1453 2.2158 0
1417 2.2123 0
1059 2.2102 0
333 2.2064 0
1967 2.2027 0
117 2.1979 0
460 2.1909 0
1946 2.1885 0
268 2.1859 0
134 2.1851 0
93 2.1804 0
1253 2.1800 0
1467 2.1787 0
103 2.1714 0
637 2.1698 0
1959 2.1624 0
1550 2.1610 0
1667 2.1608 0
1079 2.1548 0
1430 2.1528 0
125 2.1518 0
1772 2.1477 0
227 2.1446 0
1298 2.1419 0
1596 2.1402 0
1462 2.1328 0
1586 2.1233 0
156 2.0996 0
1535 2.0870 0
1580 2.0858 0
135 2.0824 0
842 2.0821 0
311 2.0744 0
1671 2.0734 0
1299 2.0705 0
1592 2.0705 0
1121 2.0661 0
707 2.0652 0
1630 2.0639 0
1310 2.0596 0
1588 2.0539 0
1530 2.0405 0
290 2.0390 0
1672 2.0271 0
115 2.0193 0
390 2.0133 0
892 1.9904 0
1508 1.9871 0
780 1.9762 0
437 1.9631 0
1333 1.9440 0
1280 1.9422 0
628 1.9418 0
1615 1.9364 0
401 1.9328 0
218 1.9327 0
1360 1.9319 0
1213 1.9297 0
1383 1.9247 0
761 1.9216 0
237 1.9148 0
1450 1.9121 0
675 1.9111 0
1852 1.9065 0
909 1.9000 0
1269 1.8972 0
1552 1.8968 0
1107 1.8958 0
851 1.8945 0
1651 1.8877 0
1919 1.8837 0
1951 1.8826 0
1627 1.8822 0
489 1.8780 0
1654 1.8778 0
669 1.8753 0
1978 1.8743 0
190 1.8732 0
1286 1.8676 0
776 1.8638 0
430 1.8558 0
1166 1.8557 0
1501 1.8397 0
167 1.8342 0
233 1.8336 0
298 1.8313 0
1249 1.8287 0
1558 1.8180 0
1705 1.8166 0
1658 1.8035 0
1598 1.8021 0
1559 1.8005 0
235 1.7949 0
1631 1.7827 0
7 1.7813 0
1636 1.7792 0
1789 1.7740 0
626 1.7736 0
1078 1.7731 0
1538 1.7646 0
42 1.7645 0
1972 1.7642 0
1632 1.7598 0
1332 1.7546 0
1108 1.7530 0
1248 1.7495 0
1109 1.7490 0
385 1.7452 0
24 1.7431 0
396 1.7428 0
1661 1.7275 0
448 1.7219 0
1368 1.7135 0
1178 1.7032 0
672 1.7025 0
1629 1.7005 0
1293 1.7002 0
549 1.6950 0
1087 1.6941 0
376 1.6919 0
545 1.6871 0
1465 1.6791 0
353 1.6778 0
366 1.6698 0
1355 1.6600 0
750 1.6503 0
228 1.6439 0
344 1.6331 0
374 1.6325 0
455 1.6318 0
1357 1.6287 0
491 1.6279 0
281 1.6258 0
215 1.6246 0
730 1.6236 0
1594 1.6174 0
1755 1.6167 0
144 1.6060 0
1354 1.6057 0
1476 1.6051 0
187 1.5994 0
890 1.5924 0
1061 1.5912 0
109 1.5886 0
1221 1.5852 0
1069 1.5834 0
1421 1.5807 0
1204 1.5782 0
212 1.5780 0
716 1.5724 0
429 1.5673 0
1574 1.5626 0
1374 1.5622 0
1394 1.5600 0
1457 1.5544 0
1569 1.5510 0
1091 1.5501 0
1356 1.5460 0
1252 1.5452 0
1513 1.5421 0
1857 1.5307 0
1396 1.5278 0
249 1.5242 0
1094 1.5241 0
1245 1.5155 0
1111 1.4973 0
1275 1.4948 0
1956 1.4923 0
300 1.4907 0
516 1.4895 0
1226 1.4872 0
787 1.4860 0
918 1.4807 0
930 1.4756 0
1589 1.4754 0
514 1.4744 0
1506 1.4702 0
201 1.4693 0
1990 1.4682 0
1105 1.4669 0
1518 1.4617 0
528 1.4613 0
388 1.4554 0
1486 1.4552 0
1739 1.4529 0
896 1.4473 0
505 1.4387 0
363 1.4348 0
1377 1.4340 0
797 1.4310 0
1640 1.4249 0
1921 1.4246 0
1036 1.4176 0
1092 1.4143 0
1556 1.4104 0
323 1.4097 0
752 1.4085 0
836 1.4084 0
1071 1.4069 0
1782 1.4060 0
758 1.3979 0
1752 1.3955 0
1973 1.3941 0
75 1.3902 0
140 1.3800 0
158 1.3779 0
1496 1.3756 0
1989 1.3751 0
454 1.3727 0
1068 1.3723 0
1702 1.3720 0
287 1.3661 0
1628 1.3639 0
850 1.3639 0
559 1.3565 0
355 1.3478 0
658 1.3445 0
1680 1.3330 0
1237 1.3294 0
775 1.3291 0
1484 1.3267 0
1336 1.3256 0
320 1.3201 0
786 1.3174 0
1911 1.3120 0
1540 1.3102 0
1997 1.3034 0
1064 1.2951 0
1760 1.2914 0
1603 1.2850 0
1409 1.2831 0
1647 1.2810 0
110 1.2715 0
236 1.2706 0
607 1.2607 0
1531 1.2607 0
1235 1.2562 0
1986 1.2409 0
1562 1.2397 0
1605 1.2371 0
1643 1.2325 0
285 1.2287 0
1208 1.2200 0
663 1.2156 0
770 1.2145 0
527 1.2118 0
373 1.2102 0
1622 1.2061 0
1874 1.2056 0
1565 1.2035 0
1481 1.2029 0
1358 1.2022 0
1670 1.1950 0
17 1.1943 0
1878 1.1917 0
247 1.1845 0
426 1.1844 0
1587 1.1794 0
504 1.1771 0
1337 1.1763 0
1582 1.1761 0
1229 1.1751 0
1659 1.1735 0
1016 1.1721 0
84 1.1720 0
256 1.1697 0
686 1.1647 0
1607 1.1632 0
718 1.1584 0
1660 1.1569 0
1613 1.1546 0
1809 1.1543 0
760 1.1541 0
902 1.1499 0
1555 1.1425 0
1136 1.1417 0
1215 1.1361 0
1950 1.1330 0
483 1.1257 0
1867 1.1196 0
560 1.1169 0
1638 1.1114 0
1255 1.1072 0
1276 1.1043 0
265 1.1026 0
582 1.0994 0
1100 1.0935 0
1370 1.0924 0
1119 1.0824 0
1440 1.0816 0
1937 1.0724 0
1088 1.0646 0
713 1.0606 0
1021 1.0591 0
358 1.0525 0
404 1.0518 0
1203 1.0495 0
369 1.0467 0
257 1.0465 0
184 1.0434 0
1791 1.0419 0
1056 1.0383 0
200 1.0373 0
1761 1.0356 0
1488 1.0335 0
1590 1.0312 0
1509 1.0304 0
446 1.0251 0
1738 1.0229 0
207 1.0226 0
1687 1.0198 0
1895 1.0132 0
861 1.0101 0
1251 0.9992 0
1971 0.9985 0
538 0.9959 0
1183 0.9939 0
722 0.9924 0
1042 0.9898 0
1999 0.9882 0
773 0.9870 0
490 0.9822 0
1495 0.9796 0
508 0.9759 0
1770 0.9688 0
1456 0.9650 0
16 0.9637 0
73 0.9590 0
462 0.9567 0
544 0.9566 0
1319 0.9564 0
512 0.9543 0
50 0.9540 0
1746 0.9495 0
1776 0.9478 0
756 0.9476 0
196 0.9467 0
1135 0.9449 0
450 0.9443 0
394 0.9438 0
1288 0.9435 0
1398 0.9335 0
51 0.9304 0
1575 0.9283 0
328 0.9280 0
181 0.9241 0
1468 0.9225 0
224 0.9202 0
1029 0.9145 0
877 0.9140 0
1444 0.9132 0
1655 0.9105 0
1263 0.9096 0
520 0.9021 0
1315 0.9001 0
1988 0.8986 0
1267 0.8974 0
784 0.8936 0
1966 0.8922 0
1422 0.8896 0
1512 0.8873 0
692 0.8849 0
1052 0.8829 0
688 0.8828 0
1515 0.8827 0
1044 0.8799 0
1222 0.8790 0
496 0.8676 0
261 0.8671 0
795 0.8670 0
1126 0.8662 0
440 0.8578 0
1539 0.8490 0
276 0.8488 0
1860 0.8450 0
1271 0.8441 0
1273 0.8440 0
1339 0.8440 0
1526 0.8322 0
576 0.8296 0
1955 0.8266 0
1062 0.8226 0
1701 0.8153 0
705 0.8142 0
593 0.8060 0
946 0.8056 0
255 0.8034 0
1423 0.7997 0
1173 0.7996 0
701 0.7893 0
371 0.7887 0
1082 0.7861 0
1227 0.7842 0
1051 0.7798 0
940 0.7788 0
1085 0.7785 0
652 0.7764 0
1832 0.7704 0
40 0.7690 0
1120 0.7638 0
168 0.7637 0
136 0.7628 0
492 0.7606 0
1969 0.7590 0
209 0.7561 0
1037 0.7468 0
1853 0.7418 0
1361 0.7399 0
1721 0.7388 0
519 0.7329 0
1964 0.7288 0
375 0.7280 0
1241 0.7143 0
1380 0.7131 0
1217 0.7090 0
536 0.7089 0
418 0.7086 0
1472 0.7059 0
540 0.7043 0
1993 0.6982 0
1912 0.6969 0
1482 0.6930 0
1233 0.6921 0
308 0.6905 0
243 0.6898 0
81 0.6874 0
164 0.6861 0
1243 0.6829 0
1097 0.6812 0
990 0.6811 1
1260 0.6805 0
336 0.6776 0
354 0.6772 0
69 0.6770 0
367 0.6757 0
480 0.6745 0
1891 0.6713 0
269 0.6707 0
1905 0.6681 0
631 0.6660 0
569 0.6638 0
1406 0.6630 0
933 0.6620 0
854 0.6588 0
948 0.6579 0
379 0.6552 0
286 0.6504 0
98 0.6487 0
1020 0.6340 0
128 0.6334 0
161 0.6320 0
1938 0.6288 0
397 0.6232 0
1438 0.6137 0
1850 0.6086 0
1426 0.5987 0
1602 0.5741 0
1795 0.5662 0
1028 0.5633 0
177 0.5624 0
1961 0.5613 0
1800 0.5604 0
581 0.5557 0
790 0.5517 0
405 0.5424 0
411 0.5415 0
1132 0.5370 0
816 0.5336 0
714 0.5313 0
473 0.5294 0
1089 0.5270 0
798 0.5179 0
1312 0.5161 0
660 0.5161 0
1321 0.5130 0
1890 0.5127 0
1492 0.5124 0
21 0.5120 0
1024 0.5118 0
1756 0.5103 0
1376 0.5096 0
1431 0.5065 0
1195 0.5034 0
1066 0.4957 0
232 0.4955 0
1455 0.4909 0
1137 0.4835 0
312 0.4821 0
318 0.4819 0
1123 0.4660 0
1779 0.4645 0
381 0.4634 0
1414 0.4601 0
640 0.4532 0
1224 0.4507 0
641 0.4449 0
1762 0.4446 0
822 0.4419 0
659 0.4345 0
1769 0.4333 0
1970 0.4320 0
1875 0.4283 0
571 0.4280 0
293 0.4228 0
47 0.4210 0
459 0.4168 0
225 0.4160 0
1663 0.4111 0
623 0.4108 0
1977 0.4064 0
146 0.4004 0
1711 0.3951 0
1439 0.3933 0
1110 0.3925 0
525 0.3883 0
202 0.3726 0
151 0.3682 0
585 0.3677 0
1566 0.3621 0
1725 0.3614 0
1747 0.3614 0
1004 0.3596 0
1652 0.3582 0
442 0.3564 0
352 0.3550 0
529 0.3512 0
362 0.3507 0
799 0.3501 0
380 0.3460 0
1163 0.3451 0
753 0.3435 0
1933 0.3386 0
944 0.3367 0
391 0.3364 0
768 0.3336 0
1118 0.3299 0
543 0.3263 0
1922 0.3247 0
239 0.3178 0
420 0.3086 0
727 0.2947 0
1281 0.2934 0
1593 0.2934 0
1917 0.2930 0
1599 0.2919 0
894 0.2917 0
1146 0.2899 0
364 0.2847 0
1806 0.2846 0
1979 0.2843 0
1469 0.2810 0
1054 0.2807 0
827 0.2783 0
1842 0.2766 0
272 0.2742 0
1104 0.2658 0
1427 0.2643 0
1113 0.2636 0
633 0.2620 0
424 0.2607 0
1000 0.2597 0
242 0.2578 0
303 0.2571 0
561 0.2560 0
618 0.2549 0
1619 0.2548 0
488 0.2539 0
1194 0.2519 0
1877 0.2510 0
1393 0.2379 0
1282 0.2373 0
594 0.2350 0
1548 0.2348 0
1948 0.2335 0
280 0.2284 0
651 0.2261 0
1883 0.2246 0
1694 0.2238 0
1345 0.2219 0
608 0.2179 0
1737 0.2136 0
334 0.2092 0
1080 0.2043 0
1517 0.2034 0
45 0.2014 0
1351 0.2007 0
1242 0.1977 0
1014 0.1947 0
1505 0.1938 0
1442 0.1882 0
1816 0.1849 0
102 0.1845 0
1914 0.1839 0
143 0.1814 0
744 0.1806 0
452 0.1788 0
1712 0.1764 0
873 0.1645 0
1328 0.1636 0
475 0.1590 0
1626 0.1583 0
1327 0.1573 0
1520 0.1571 0
1633 0.1565 0
1 0.1547 0
1940 0.1521 0
1432 0.1505 0
351 0.1489 0
1681 0.1454 0
1703 0.1451 0
733 0.1439 0
704 0.1437 0
938 0.1404 0
1606 0.1384 0
1046 0.1379 0
1510 0.1331 0
932 0.1329 0
1418 0.1225 0
1106 0.1158 0
219 0.1119 0
772 0.1076 0
393 0.1045 0
1141 0.1015 0
899 0.1005 0
1165 0.0964 0
419 0.0887 0
1900 0.0884 0
934 0.0859 0
1196 0.0794 0
1584 0.0788 0
1103 0.0784 0
1477 0.0746 0
1963 0.0744 0
832 0.0732 0
916 0.0723 0
1086 0.0721 0
1090 0.0707 0
1576 0.0677 0
486 0.0658 0
1403 0.0646 0
173 0.0628 0
1898 0.0623 0
1920 0.0564 0
141 0.0549 0
1907 0.0533 0
1128 0.0522 0
319 0.0508 0
1876 0.0499 0
1139 0.0488 0
592 0.0469 0
1754 0.0433 0
601 0.0392 0
1909 0.0369 0
1083 0.0352 0
213 0.0337 0
1560 0.0333 0
1845 0.0332 0
1781 0.0320 0
324 0.0313 0
259 0.0306 0
1645 0.0261 0
1644 0.0257 0
584 0.0200 0
870 0.0176 0
1101 0.0147 0
687 0.0093 0
1209 0.0088 0
1871 0.0086 0
915 0.0065 0
1790 0.0064 0
1545 0.0037 0
315 0.0020 0
666 -0.0103 0
537 -0.0170 0
1192 -0.0213 0
416 -0.0233 0
1463 -0.0323 0
193 -0.0327 0
708 -0.0354 0
908 -0.0443 0
1151 -0.0449 0
1625 -0.0456 0
1443 -0.0466 0
216 -0.0535 0
260 -0.0605 0
1544 -0.0668 0
1706 -0.0669 0
54 -0.0724 0
763 -0.0731 0
748 -0.0806 0
435 -0.0827 0
189 -0.0931 0
1699 -0.0954 0
737 -0.0971 0
1127 -0.0982 0
1407 -0.0988 0
811 -0.0997 0
1372 -0.1048 0
1757 -0.1058 0
74 -0.1108 0
503 -0.1130 0
1459 -0.1161 0
921 -0.1183 0
301 -0.1186 0
302 -0.1188 0
587 -0.1198 0
1420 -0.1199 0
1400 -0.1221 0
1144 -0.1236 0
159 -0.1239 0
1341 -0.1255 0
914 -0.1273 0
1084 -0.1376 0
1437 -0.1403 0
905 -0.1416 0
395 -0.1435 0
1392 -0.1493 0
1823 -0.1543 0
1849 -0.1559 0
1050 -0.1576 0
689 -0.1577 0
387 -0.1580 0
865 -0.1609 0
881 -0.1651 0
313 -0.1658 0
1340 -0.1680 0
1837 -0.1719 0
1968 -0.1722 0
782 -0.1744 0
1621 -0.1752 0
370 -0.1760 0
1053 -0.1763 0
1861 -0.1773 0
1231 -0.1785 0
1449 -0.1809 0
949 -0.1878 0
325 -0.1922 0
664 -0.1984 0
2 -0.1987 0
547 -0.1988 0
670 -0.2012 0
263 -0.2065 0
1055 -0.2074 0
1611 -0.2098 0
1735 -0.2099 0
1727 -0.2189 0
1831 -0.2276 0
1304 -0.2334 0
774 -0.2344 0
1570 -0.2364 0
1820 -0.2374 0
777 -0.2394 0
1521 -0.2396 0
1817 -0.2437 0
1067 -0.2437 0
1140 -0.2459 0
661 -0.2462 0
1750 -0.2502 0
925 -0.2522 0
1015 -0.2546 0
901 -0.2559 0
591 -0.2571 0
425 -0.2589 0
294 -0.2621 0
879 -0.2626 0
1717 -0.2638 0
1943 -0.2675 0
1219 -0.2708 0
409 -0.2729 0
1742 -0.2748 0
1859 -0.2756 0
162 -0.2768 0
1723 -0.2786 0
1058 -0.2857 0
126 -0.2872 0
1799 -0.2885 0
501 -0.2921 0
199 -0.2979 0
1729 -0.3012 0
1200 -0.3020 0
685 -0.3033 0
709 -0.3062 0
1856 -0.3094 0
1528 -0.3120 0
1077 -0.3131 0
875 -0.3133 0
1794 -0.3186 0
1433 -0.3187 0
1567 -0.3213 0
1932 -0.3261 0
172 -0.3291 0
1524 -0.3295 0
1404 -0.3315 0
1728 -0.3336 0
757 -0.3340 0
1821 -0.3388 0
647 -0.3436 0
441 -0.3451 0
1915 -0.3487 0
574 -0.3494 0
1408 -0.3515 0
1684 -0.3540 0
414 -0.3563 0
1827 -0.3579 0
643 -0.3709 0
5 -0.3773 0
1866 -0.3779 0
1679 -0.3824 0
157 -0.3930 0
427 -0.3957 0
1072 -0.3963 0
86 -0.3963 0
169 -0.3973 0
356 -0.4029 0
579 -0.4060 0
1786 -0.4065 0
1331 -0.4083 0
1342 -0.4098 0
656 -0.4154 0
853 -0.4157 0
1134 -0.4212 0
945 -0.4237 0
59 -0.4248 0
913 -0.4264 0
1381 -0.4276 0
1096 -0.4294 0
1205 -0.4308 0
186 -0.4319 0
341 -0.4334 0
458 -0.4383 0
35 -0.4385 0
87 -0.4404 0
1167 -0.4440 0
792 -0.4448 0
830 -0.4489 0
408 -0.4506 0
152 -0.4530 0
9 -0.4602 0
1464 -0.4622 0
831 -0.4641 0
1847 -0.4701 0
1220 -0.4715 0
170 -0.4732 0
145 -0.4759 0
1379 -0.4776 0
779 -0.4781 0
804 -0.4836 0
97 -0.4842 0
1389 -0.4902 0
210 -0.4924 0
244 -0.4927 0
399 -0.4954 0
632 -0.4960 0
1572 -0.4982 0
165 -0.5046 0
1616 -0.5071 0
278 -0.5105 0
250 -0.5125 0
1475 -0.5130 0
1908 -0.5209 0
1262 -0.5210 0
111 -0.5249 0
572 -0.5298 0
1793 -0.5303 0
1811 -0.5312 0
939 -0.5366 0
178 -0.5394 0
1759 -0.5405 0
679 -0.5436 0
155 -0.5437 0
120 -0.5477 0
1070 -0.5534 0
1434 -0.5624 0
1995 -0.5636 0
813 -0.5636 0
1491 -0.5641 0
1529 -0.5667 0
386 -0.5680 0
417 -0.5711 0
1683 -0.5761 0
690 -0.5780 0
342 -0.5822 0
1981 -0.5828 0
513 -0.5842 0
245 -0.5863 0
838 -0.5870 0
1099 -0.5883 0
691 -0.5918 0
1145 -0.5929 0
321 -0.5936 0
116 -0.6003 0
1547 -0.6042 0
92 -0.6075 0
402 -0.6107 0
1704 -0.6124 0
273 -0.6131 0
197 -0.6142 0
1844 -0.6254 0
1749 -0.6345 0
1309 -0.6350 0
1335 -0.6361 0
495 -0.6375 0
954 -0.6426 1
1692 -0.6436 0
1924 -0.6438 0
1824 -0.6443 0
1148 -0.6512 0
153 -0.6564 0
90 -0.6574 0
567 -0.6577 0
597 -0.6580 0
412 -0.6591 0
1690 -0.6599 0
1833 -0.6615 0
1218 -0.6625 0
1387 -0.6647 0
389 -0.6689 0
179 -0.6705 0
794 -0.6711 0
1013 -0.6726 0
1807 -0.6736 0
1162 -0.6795 0
1834 -0.6831 0
1983 -0.6861 0
648 -0.6895 0
762 -0.6905 0
929 -0.6918 0
702 -0.6958 0
740 -0.6966 0
1787 -0.6984 0
180 -0.7016 0
681 -0.7022 0
205 -0.7054 0
206 -0.7058 0
819 -0.7076 0
1365 -0.7082 0
1846 -0.7188 0
553 -0.7266 0
725 -0.7332 0
880 -0.7334 0
1975 -0.7435 0
329 -0.7443 0
222 -0.7461 0
887 -0.7483 0
61 -0.7636 0
65 -0.7668 0
1719 -0.7674 0
1564 -0.7682 0
864 -0.7730 0
935 -0.7793 0
91 -0.7861 0
1478 -0.7877 0
907 -0.7892 0
662 -0.7900 0
911 -0.7913 0
148 -0.7936 0
622 -0.8015 0
1785 -0.8049 0
863 -0.8052 0
494 -0.8105 0
1031 -0.8115 0
335 -0.8118 0
923 -0.8151 0
25 -0.8200 0
1775 -0.8221 0
194 -0.8264 0
498 -0.8299 0
1035 -0.8310 0
1744 -0.8312 0
1076 -0.8320 0
1768 -0.8323 0
192 -0.8325 0
436 -0.8344 0
57 -0.8385 0
621 -0.8494 0
1329 -0.8530 0
1063 -0.8539 0
1862 -0.8548 0
56 -0.8643 0
824 -0.8644 0
673 -0.8651 0
557 -0.8671 0
624 -0.8685 0
406 -0.8710 0
1114 -0.8744 0
729 -0.8870 0
1815 -0.8887 0
891 -0.8896 0
43 -0.8983 0
1168 -0.8988 0
604 -0.9028 0
719 -0.9060 0
11 -0.9136 0
1581 -0.9147 0
889 -0.9173 0
72 -0.9182 0
900 -0.9257 0
19 -0.9259 0
903 -0.9278 0
871 -0.9326 0
1713 -0.9343 0
1801 -0.9348 0
823 -0.9352 0
422 -0.9409 0
1003 -0.9440 0
327 -0.9449 0
1884 -0.9540 0
1868 -0.9556 0
1941 -0.9560 0
556 -0.9571 0
58 -0.9582 0
1927 -0.9603 0
1731 -0.9610 0
835 -0.9660 0
1346 -0.9725 0
1316 -0.9752 0
1902 -0.9756 0
1577 -0.9774 0
1011 -0.9797 0
415 -0.9813 0
1005 -0.9814 0
1043 -0.9883 0
568 -0.9902 0
507 -0.9924 0
403 -0.9937 0
183 -1.0059 0
142 -1.0087 0
150 -1.0107 0
1665 -1.0118 0
1009 -1.0144 0
570 -1.0155 0
113 -1.0172 0
558 -1.0241 0
1639 -1.0245 0
511 -1.0247 0
1008 -1.0255 0
348 -1.0277 0
1189 -1.0294 0
715 -1.0305 0
1159 -1.0305 0
1125 -1.0328 0
1075 -1.0338 0
105 -1.0345 0
846 -1.0354 0
37 -1.0375 0
1889 -1.0382 0
613 -1.0401 0
271 -1.0433 0
208 -1.0471 0
39 -1.0472 0
1709 -1.0490 0
1714 -1.0517 0
1551 -1.0525 0
62 -1.0531 0
1326 -1.0538 0
599 -1.0545 0
1347 -1.0604 0
76 -1.0766 0
1873 -1.0814 0
612 -1.0904 0
1929 -1.0916 0
31 -1.0927 0
270 -1.1001 0
657 -1.1013 0
912 -1.1026 0
277 -1.1043 0
332 -1.1052 0
1180 -1.1168 0
1828 -1.1184 0
1646 -1.1226 0
878 -1.1235 0
862 -1.1237 0
1236 -1.1273 0
472 -1.1298 0
1887 -1.1326 0
639 -1.1352 0
812 -1.1396 0
1904 -1.1398 0
1952 -1.1400 0
1803 -1.1448 0
1170 -1.1487 0
1366 -1.1490 0
839 -1.1500 0
1239 -1.1517 0
810 -1.1522 0
906 -1.1604 0
383 -1.1676 0
548 -1.1682 0
1095 -1.1691 0
1869 -1.1698 0
818 -1.1736 0
800 -1.1763 0
667 -1.1892 0
699 -1.1897 0
809 -1.1897 0
1172 -1.1899 0
1363 -1.1906 0
85 -1.1922 0
781 -1.1954 0
95 -1.2024 0
299 -1.2053 0
642 -1.2058 0
665 -1.2068 0
266 -1.2094 0
1804 -1.2111 0
860 -1.2123 0
1081 -1.2208 0
1160 -1.2227 0
904 -1.2254 0
943 -1.2258 0
413 -1.2263 0
720 -1.2273 0
1480 -1.2281 0
1322 -1.2300 0
131 -1.2342 0
533 -1.2354 0
343 -1.2436 0
230 -1.2582 0
1980 -1.2601 0
1206 -1.2601 0
1805 -1.2605 0
68 -1.2667 0
484 -1.2694 0
470 -1.2700 0
1802 -1.2739 0
1519 -1.2773 0
1216 -1.2777 0
1945 -1.2802 0
1984 -1.2869 0
615 -1.2895 0
1872 -1.2945 0
859 -1.2978 0
41 -1.2980 0
23 -1.3031 0
1247 -1.3058 0
89 -1.3075 0
368 -1.3085 0
1718 -1.3085 0
610 -1.3102 0
785 -1.3108 0
765 -1.3174 0
1290 -1.3221 0
1974 -1.3228 0
807 -1.3233 0
1563 -1.3235 0
1758 -1.3360 0
706 -1.3381 0
941 -1.3395 0
1343 -1.3421 0
340 -1.3503 0
349 -1.3504 0
1306 -1.3522 0
71 -1.3531 0
248 -1.3539 0
1317 -1.3609 0
88 -1.3622 0
108 -1.3647 0
868 -1.3656 0
1720 -1.3665 0
1740 -1.3686 0
44 -1.3689 0
288 -1.3707 0
477 -1.3753 0
1843 -1.3758 0
13 -1.3804 0
1152 -1.3822 0
1656 -1.3828 0
1715 -1.3831 0
221 -1.3886 0
541 -1.3967 0
603 -1.4029 0
1730 -1.4053 0
1416 -1.4072 0
121 -1.4078 0
1073 -1.4158 0
1500 -1.4178 0
1098 -1.4194 0
112 -1.4232 0
309 -1.4267 0
1202 -1.4283 0
858 -1.4301 0
410 -1.4389 0
1686 -1.4421 0
1561 -1.4455 0
1371 -1.4462 0
1490 -1.4499 0
710 -1.4558 0
1093 -1.4571 0
1773 -1.4587 0
739 -1.4599 0
384 -1.4666 0
77 -1.4730 0
346 -1.4749 0
279 -1.4751 0
1175 -1.4751 0
728 -1.4779 0
1830 -1.4800 0
53 -1.4812 0
296 -1.4825 0
1193 -1.4889 0
27 -1.4892 0
1045 -1.4936 0
357 -1.4978 0
204 -1.5065 0
262 -1.5075 0
1604 -1.5185 0
1516 -1.5309 0
1808 -1.5320 0
849 -1.5415 0
883 -1.5477 0
1060 -1.5483 0
1391 -1.5557 0
274 -1.5574 0
1182 -1.5612 0
1825 -1.5643 0
289 -1.5657 0
1880 -1.5751 0
1780 -1.5780 0
1851 -1.5858 0
14 -1.5885 0
724 -1.5896 0
700 -1.5945 0
1157 -1.5972 0
1405 -1.5984 0
1848 -1.6044 0
246 -1.6050 0
1864 -1.6179 0
1994 -1.6263 0
1897 -1.6280 0
139 -1.6306 0
927 -1.6314 0
1916 -1.6344 0
806 -1.6373 0
1965 -1.6376 0
1903 -1.6422 0
855 -1.6428 0
123 -1.6436 0
1399 -1.6468 0
736 -1.6521 0
1788 -1.6560 0
1238 -1.6620 0
1412 -1.6658 0
1010 -1.6782 0
258 -1.6878 0
1131 -1.6883 0
803 -1.6931 0
840 -1.7074 0
99 -1.7133 0
1155 -1.7148 0
133 -1.7163 0
119 -1.7204 0
1201 -1.7236 0
826 -1.7249 0
1716 -1.7261 0
917 -1.7302 0
1199 -1.7334 0
703 -1.7352 0
1835 -1.7361 0
882 -1.7417 0
1419 -1.7422 0
445 -1.7467 0
1001 -1.7480 0
564 -1.7487 0
392 -1.7530 0
1553 -1.7534 0
1378 -1.7592 0
1707 -1.7649 0
96 -1.7665 0
331 -1.7728 0
1708 -1.7766 0
1129 -1.7771 0
1976 -1.7856 0
625 -1.7887 0
1942 -1.7892 0
857 -1.7903 0
646 -1.7914 0
600 -1.7949 0
1936 -1.7980 0
1892 -1.7992 0
203 -1.8030 0
801 -1.8059 0
742 -1.8107 0
924 -1.8112 0
1840 -1.8143 0
898 -1.8157 0
223 -1.8164 0
734 -1.8202 0
1230 -1.8262 0
1928 -1.8268 0
1829 -1.8312 0
1112 -1.8341 0
577 -1.8364 0
1115 -1.8388 0
1930 -1.8415 0
1353 -1.8437 0
1040 -1.8485 0
166 -1.8504 0
1188 -1.8571 0
1324 -1.8696 0
1174 -1.8707 0
732 -1.8709 0
1390 -1.8710 0
1798 -1.8804 0
1855 -1.8821 0
4 -1.8829 0
619 -1.8947 0
606 -1.9034 0
317 -1.9059 0
1751 -1.9124 0
1826 -1.9139 0
29 -1.9146 0
326 -1.9165 0
175 -1.9175 0
653 -1.9254 0
52 -1.9285 0
400 -1.9348 0
735 -1.9390 0
1764 -1.9402 0
1212 -1.9412 0
82 -1.9488 0
1925 -1.9530 0
1741 -1.9570 0
1156 -1.9629 0
1198 -1.9675 0
176 -1.9723 0
922 -1.9753 0
1732 -1.9756 0
1153 -1.9817 0
444 -1.9818 0
1784 -1.9853 0
20 -1.9910 0
1700 -1.9932 0
160 -1.9937 0
696 -1.9972 0
1557 -1.9994 0
1939 -2.0029 0
314 -2.0035 0
456 -2.0056 0
1766 -2.0066 0
1819 -2.0092 0
1401 -2.0244 0
1395 -2.0281 0
1797 -2.0283 0
1385 -2.0389 0
1033 -2.0438 0
12 -2.0575 0
1435 -2.0727 0
1726 -2.0732 0
174 -2.0957 0
820 -2.0958 0
214 -2.0973 0
942 -2.1037 0
1441 -2.1065 0
1429 -2.1070 0
185 -2.1126 0
671 -2.1221 0
1225 -2.1267 0
1185 -2.1308 0
64 -2.1322 0
1753 -2.1322 0
926 -2.1391 0
609 -2.1392 0
1745 -2.1432 0
347 -2.1457 0
478 -2.1481 0
1771 -2.1519 0
847 -2.1526 0
937 -2.1540 0
1894 -2.1583 0
1330 -2.1596 0
711 -2.1609 0
1858 -2.1650 0
530 -2.1677 0
447 -2.1745 0
1724 -2.1823 0
638 -2.1828 0
1320 -2.1865 0
814 -2.1905 0
339 -2.1975 0
254 -2.1984 0
1822 -2.2023 0
30 -2.2065 0
1863 -2.2143 0
1796 -2.2201 0
1534 -2.2294 0
852 -2.2297 0
562 -2.2328 0
947 -2.2374 0
1734 -2.2396 0
1130 -2.2411 0
726 -2.2475 0
885 -2.2491 0
154 -2.2509 0
78 -2.2518 0
1841 -2.2583 0
833 -2.2677 0
1818 -2.2731 0
746 -2.2736 0
191 -2.2818 0
1349 -2.2873 0
1814 -2.2912 0
712 -2.3033 0
122 -2.3034 0
251 -2.3036 0
866 -2.3143 0
931 -2.3213 0
1637 -2.3234 0
1246 -2.3251 0
749 -2.3432 0
1158 -2.3482 0
616 -2.3519 0
182 -2.3559 0
1935 -2.3646 0
578 -2.3657 0
644 -2.3742 0
1240 -2.3781 0
874 -2.3794 0
94 -2.3812 0
1953 -2.3826 0
70 -2.3833 0
856 -2.3836 0
808 -2.4137 0
438 -2.4179 0
482 -2.4207 0
1023 -2.4220 0
1623 -2.4240 0
1896 -2.4290 0
171 -2.4375 0
330 -2.4405 0
1150 -2.4418 0
897 -2.4429 0
1308 -2.4627 0
815 -2.4639 0
1161 -2.4715 0
34 -2.4858 0
1402 -2.4926 0
1301 -2.4992 0
1133 -2.5074 0
1305 -2.5157 0
848 -2.5208 0
721 -2.5232 0
1143 -2.5285 0
1122 -2.5319 0
421 -2.5339 0
586 -2.5504 0
1918 -2.5551 0
1982 -2.5567 0
654 -2.5647 0
605 -2.5656 0
1154 -2.5665 0
1019 -2.5698 0
1369 -2.5902 0
229 -2.5970 0
1436 -2.5996 0
1039 -2.6005 0
231 -2.6025 0
1362 -2.6111 0
1947 -2.6184 0
617 -2.6219 0
292 -2.6225 0
1958 -2.6281 0
55 -2.6343 0
163 -2.6350 0
521 -2.6400 0
928 -2.6492 0
443 -2.6610 0
1931 -2.6698 0
680 -2.6757 0
305 -2.6781 0
745 -2.6880 0
634 -2.7193 0
15 -2.7194 0
1696 -2.7217 0
8 -2.7227 0
825 -2.7284 0
1367 -2.7507 0
238 -2.7569 0
629 -2.7777 0
573 -2.7891 0
1359 -2.7942 0
837 -2.7957 0
620 -2.8072 0
1532 -2.8091 0
1210 -2.8118 0
1736 -2.8264 0
614 -2.8328 0
844 -2.8351 0
1748 -2.8577 0
743 -2.8666 0
1027 -2.8666 0
198 -2.8750 0
821 -2.8790 0
1117 -2.8809 0
66 -2.8979 0
682 -2.9001 0
1838 -2.9050 0
552 -2.9082 0
876 -2.9083 0
138 -2.9109 0
322 -2.9148 0
1184 -2.9184 0
1334 -2.9225 0
649 -2.9382 0
1991 -2.9402 0
1525 -2.9548 0
188 -2.9672 0
845 -2.9703 0
253 -2.9738 0
1197 -2.9801 0
1313 -2.9883 0
683 -2.9902 0
693 -2.9941 0
46 -3.0041 0
33 -3.0150 0
1386 -3.0418 0
431 -3.0433 0
137 -3.0496 0
1899 -3.0671 0
698 -3.0679 0
1018 -3.0858 0
1865 -3.0870 0
1314 -3.0923 0
1116 -3.0974 0
1733 -3.1041 0
589 -3.1052 0
1373 -3.1072 0
695 -3.1112 0
1445 -3.1126 0
1777 -3.1351 0
1810 -3.1409 0
1767 -3.1458 0
1888 -3.1587 0
1411 -3.1660 0
1415 -3.1681 0
1812 -3.1832 0
635 -3.1912 0
1813 -3.1932 0
1318 -3.2062 0
834 -3.2233 0
433 -3.2260 0
1179 -3.2307 0
595 -3.2472 0
817 -3.2631 0
1181 -3.2637 0
841 -3.2869 0
1186 -3.2947 0
1352 -3.3081 0
1303 -3.3195 0
1649 -3.3397 0
869 -3.3719 0
565 -3.3772 0
802 -3.3958 0
793 -3.3967 0
1836 -3.4172 0
630 -3.4455 0
636 -3.4671 0
1164 -3.4945 0
80 -3.4991 0
1169 -3.5101 0
22 -3.5307 0
895 -3.5487 0
1910 -3.5679 0
554 -3.5976 0
1926 -3.6006 0
627 -3.6059 0
1949 -3.6414 0
1413 -3.6532 0
32 -3.6550 0
48 -3.6719 0
920 -3.6769 0
79 -3.7273 0
284 -3.7879 0
566 -3.8413 0
360 -3.8766 0
1302 -3.8795 0
10 -3.9686 0
1906 -3.9813 0
428 -4.0090 0
1038 -4.0129 0
1913 -4.0154 0
677 -4.0295 0
0 -4.0773 0
551 -4.0996 0
717 -4.1199 0
1300 -4.1299 0
18 -4.2077 0
67 -4.2327 0
1307 -4.2350 0
1171 -4.2723 0
1102 -4.2782 0
1177 -4.3444 0
1007 -4.3902 0
1854 -4.4150 0
1232 -4.4192 0
28 -4.4554 0
267 -4.7497 0
60 -4.8233 0
738 -4.8870 0
829 -4.9343 0
919 -4.9702 0
580 -5.6435 0
590 -5.8316 0
828 -6.1201 0
26 -6.5199 0
843 -7.0271 0
1012 -7.5616 0
