1019 33.4779 1
1009 33.1445 1
1007 32.2629 1
1012 29.3083 1
1039 24.5796 1
1016 24.0633 1
1029 22.0929 1
1041 20.6168 1
1046 20.2921 1
1005 19.4152 1
1023 18.5953 1
1014 17.3255 1
1035 17.3038 1
1002 16.1203 1
1020 15.7498 1
1049 15.3384 1
1010 15.1251 1
1037 15.0667 1
1013 14.9117 1
1022 14.5492 1
1036 14.1230 1
1011 13.7825 1
1038 13.6580 1
1006 12.5572 1
1004 12.4968 1
1031 12.4771 1
1032 11.6173 1
1008 10.7702 1
1326 10.1357 0
1048 10.0385 1
1026 10.0276 1
1018 10.0027 1
1000 9.8689 1
494 9.5765 0
1567 9.3184 0
691 9.2581 0
1253 9.2455 0
1549 9.2436 0
379 9.2401 0
1028 9.2126 1
476 9.1896 0
884 9.1112 0
1017 9.0759 1
390 8.9693 0
850 8.9528 0
399 8.8613 0
1027 8.6031 1
1209 8.5698 0
1420 8.3995 0
383 8.3079 0
1415 8.2170 0
1040 8.1557 1
1246 7.9847 0
1274 7.8512 0
360 7.8502 0
391 7.7706 0
1283 7.7123 0
1045 7.7004 1
308 7.5670 0
1398 7.5390 0
1271 7.4887 0
879 7.4694 0
1671 7.4309 0
597 7.3478 0
1327 7.3395 0
1176 7.2789 0
1210 7.1771 0
464 7.1672 0
1258 7.1022 0
588 7.0937 0
1422 7.0932 0
1285 7.0582 0
530 7.0412 0
372 6.9571 0
877 6.9167 0
364 6.9044 0
397 6.8663 0
1251 6.8592 0
1189 6.8151 0
482 6.7819 0
431 6.7297 0
624 6.7121 0
1179 6.6987 0
1788 6.6901 0
1693 6.6759 0
1057 6.6669 0
1632 6.6267 0
483 6.5480 0
348 6.4875 0
471 6.4184 0
872 6.3864 0
1390 6.3772 0
833 6.3644 0
674 6.3583 0
813 6.2928 0
1044 6.2926 1
1630 6.2716 0
1429 6.2705 0
1562 6.2435 0
334 6.2345 0
1783 6.2336 0
457 6.1589 0
860 6.0994 0
768 6.0779 0
732 6.0632 0
1260 6.0560 0
1686 6.0543 0
1196 6.0448 0
1282 6.0240 0
717 6.0220 0
465 6.0195 0
346 5.9328 0
373 5.9286 0
1232 5.9231 0
1991 5.9131 0
365 5.9092 0
1547 5.8595 0
1832 5.8517 0
456 5.8444 0
376 5.8314 0
601 5.8205 0
1755 5.8135 0
1773 5.7933 0
1239 5.7647 0
386 5.7548 0
1003 5.7537 1
829 5.7468 0
836 5.6934 0
1280 5.6617 0
890 5.6589 0
1240 5.6395 0
693 5.6386 0
859 5.5948 0
367 5.5915 0
1236 5.5252 0
893 5.5145 0
1637 5.4681 0
1679 5.4648 0
885 5.4350 0
701 5.4213 0
502 5.4061 0
864 5.3422 0
712 5.3379 0
354 5.3311 0
977 5.3282 0
956 5.3216 0
950 5.3189 0
1413 5.2628 0
1363 5.2612 0
1614 5.2605 0
41 5.2576 0
1649 5.2150 0
696 5.2083 0
1226 5.1847 0
359 5.1739 0
474 5.1712 0
595 5.1408 0
749 5.0996 0
1560 5.0851 0
709 5.0765 0
27 5.0447 0
1690 5.0439 0
488 4.9892 0
1169 4.9604 0
1034 4.9283 1
78 4.9177 0
1765 4.9064 0
1287 4.8838 0
1047 4.8571 1
1123 4.8566 0
368 4.8556 0
351 4.8387 0
1347 4.8234 0
1425 4.7812 0
1198 4.7696 0
312 4.7651 0
1328 4.7605 0
485 4.7519 0
937 4.7200 0
974 4.6807 0
1052 4.6624 0
1342 4.6564 0
1103 4.6464 0
1485 4.6451 0
958 4.6349 0
1284 4.6348 0
394 4.6345 0
617 4.6192 0
1218 4.6042 0
540 4.5929 0
1442 4.5921 0
484 4.5731 0
1316 4.5527 0
1412 4.5382 0
566 4.5322 0
357 4.5247 0
1428 4.5097 0
1382 4.4984 0
398 4.4942 0
1312 4.4918 0
1158 4.4835 0
1353 4.4828 0
389 4.4784 0
1548 4.4663 0
489 4.4657 0
1277 4.4540 0
1163 4.4316 0
356 4.3755 0
1167 4.3554 0
271 4.3364 0
1228 4.3234 0
1368 4.3083 0
895 4.3030 0
670 4.2957 0
73 4.2896 0
201 4.2760 0
172 4.2733 0
1775 4.2722 0
1557 4.2654 0
352 4.2642 0
1663 4.2598 0
481 4.2283 0
1721 4.2015 0
229 4.1971 0
675 4.1933 0
450 4.1731 0
313 4.1723 0
1214 4.1717 0
780 4.1677 0
1416 4.1660 0
651 4.1507 0
756 4.1428 0
1448 4.1382 0
1206 4.1038 0
858 4.0992 0
574 4.0622 0
1678 4.0581 0
1508 4.0528 0
1238 4.0273 0
1558 4.0211 0
344 4.0159 0
340 4.0141 0
491 4.0072 0
1514 4.0056 0
1311 3.9950 0
327 3.9828 0
370 3.9812 0
91 3.9610 0
1067 3.9445 0
353 3.9378 0
543 3.9338 0
1444 3.9289 0
393 3.9182 0
548 3.9056 0
315 3.8986 0
1269 3.8957 0
395 3.8855 0
785 3.8406 0
210 3.8267 0
1691 3.8150 0
1766 3.8107 0
1683 3.8055 0
892 3.8022 0
1427 3.7999 0
1403 3.7960 0
1613 3.7884 0
350 3.7789 0
1275 3.7776 0
1372 3.7762 0
571 3.7650 0
289 3.7636 0
264 3.7493 0
861 3.7490 0
565 3.7485 0
1156 3.7358 0
230 3.7337 0
331 3.7079 0
1132 3.7055 0
683 3.7039 0
314 3.6990 0
496 3.6923 0
385 3.6898 0
1472 3.6858 0
1190 3.6850 0
358 3.6814 0
1575 3.6694 0
762 3.6612 0
1909 3.6543 0
1393 3.6527 0
475 3.6356 0
382 3.6328 0
1952 3.6297 0
1291 3.6283 0
319 3.6127 0
1471 3.6087 0
1641 3.6086 0
320 3.5875 0
999 3.5849 0
75 3.5689 0
1550 3.5644 0
1043 3.5586 1
1756 3.5402 0
994 3.5395 0
1307 3.5332 0
1278 3.5301 0
324 3.5130 0
1350 3.5127 0
1323 3.5002 0
721 3.4970 0
1117 3.4949 0
1480 3.4928 0
810 3.4848 0
837 3.4807 0
1905 3.4791 0
1787 3.4762 0
362 3.4384 0
459 3.4378 0
1270 3.4341 0
812 3.4250 0
1241 3.4192 0
898 3.4186 0
1611 3.4168 0
897 3.4109 0
1374 3.4102 0
1526 3.4071 0
1235 3.4045 0
326 3.4006 0
752 3.3867 0
1257 3.3859 0
1426 3.3821 0
77 3.3750 0
380 3.3677 0
852 3.3558 0
1202 3.3435 0
1449 3.3412 0
369 3.3267 0
1024 3.3237 1
835 3.3229 0
1874 3.3127 0
418 3.3078 0
1301 3.3022 0
1325 3.2916 0
1090 3.2884 0
1432 3.2723 0
335 3.2704 0
1195 3.2692 0
1365 3.2676 0
336 3.2656 0
1033 3.2643 1
1609 3.2599 0
1075 3.2594 0
1159 3.2584 0
1553 3.2504 0
1751 3.2429 0
1913 3.2287 0
1358 3.2277 0
466 3.2123 0
1322 3.2114 0
1421 3.2074 0
1479 3.2033 0
374 3.1879 0
925 3.1864 0
396 3.1825 0
714 3.1714 0
463 3.1620 0
1665 3.1483 0
325 3.1482 0
388 3.1460 0
1621 3.1313 0
1293 3.1300 0
1770 3.1050 0
1193 3.1011 0
875 3.0863 0
1799 3.0757 0
472 3.0713 0
1437 3.0518 0
384 3.0471 0
1489 3.0363 0
1268 3.0299 0
615 3.0150 0
1395 3.0021 0
676 2.9956 0
1144 2.9955 0
682 2.9862 0
300 2.9828 0
1622 2.9744 0
598 2.9572 0
1387 2.9538 0
490 2.9525 0
1147 2.9466 0
1487 2.9456 0
363 2.9455 0
1379 2.9323 0
1692 2.9282 0
874 2.9271 0
1410 2.9194 0
1297 2.9097 0
677 2.8998 0
535 2.8949 0
1135 2.8948 0
468 2.8910 0
720 2.8888 0
1456 2.8854 0
1367 2.8834 0
1208 2.8825 0
1300 2.8765 0
855 2.8741 0
606 2.8725 0
773 2.8698 0
48 2.8612 0
876 2.8558 0
1383 2.8519 0
1055 2.8496 0
559 2.8483 0
1796 2.8475 0
1249 2.8454 0
1467 2.8445 0
1436 2.8386 0
1417 2.8329 0
26 2.8322 0
1146 2.8270 0
83 2.8238 0
94 2.8231 0
381 2.8137 0
1021 2.8021 1
1402 2.8014 0
931 2.7988 0
1497 2.7808 0
779 2.7807 0
545 2.7781 0
792 2.7770 0
628 2.7755 0
1638 2.7695 0
473 2.7637 0
1068 2.7592 0
343 2.7429 0
272 2.7421 0
305 2.7400 0
1225 2.7394 0
869 2.7368 0
997 2.7333 0
1230 2.7311 0
1091 2.7270 0
1617 2.7244 0
769 2.7198 0
930 2.7052 0
922 2.6993 0
649 2.6973 0
5 2.6966 0
330 2.6951 0
1635 2.6910 0
1255 2.6872 0
1015 2.6852 1
1674 2.6739 0
915 2.6653 0
1309 2.6488 0
857 2.6469 0
1532 2.6459 0
1001 2.6417 1
913 2.6220 0
1901 2.6147 0
1281 2.5797 0
1440 2.5777 0
739 2.5653 0
1476 2.5596 0
1658 2.5592 0
378 2.5532 0
1843 2.5508 0
1288 2.5500 0
526 2.5461 0
1304 2.5361 0
1331 2.5301 0
1081 2.5294 0
1065 2.5280 0
1110 2.5256 0
1313 2.5250 0
1730 2.5244 0
1085 2.5233 0
1378 2.5150 0
1667 2.5150 0
242 2.5079 0
653 2.5073 0
371 2.5016 0
1295 2.4969 0
1798 2.4929 0
1577 2.4887 0
1324 2.4881 0
1660 2.4836 0
886 2.4810 0
392 2.4801 0
1355 2.4770 0
1377 2.4712 0
1513 2.4678 0
972 2.4674 0
1687 2.4659 0
775 2.4647 0
478 2.4569 0
1604 2.4542 0
1510 2.4497 0
219 2.4483 0
1579 2.4462 0
1130 2.4326 0
159 2.4289 0
1935 2.4270 0
1114 2.4240 0
1495 2.4207 0
1079 2.4171 0
1460 2.4146 0
225 2.4137 0
1610 2.4105 0
454 2.4105 0
133 2.3996 0
1987 2.3933 0
1623 2.3897 0
59 2.3799 0
614 2.3798 0
842 2.3783 0
1675 2.3728 0
1401 2.3711 0
1262 2.3680 0
746 2.3657 0
1352 2.3653 0
517 2.3463 0
1461 2.3431 0
1042 2.3344 1
1566 2.3300 0
204 2.3283 0
1455 2.3264 0
1668 2.3148 0
561 2.3126 0
195 2.3071 0
53 2.3067 0
1639 2.2997 0
458 2.2991 0
948 2.2982 0
39 2.2974 0
520 2.2908 0
329 2.2899 0
1388 2.2887 0
1066 2.2792 0
1759 2.2771 0
447 2.2710 0
513 2.2637 0
904 2.2599 0
20 2.2583 0
730 2.2495 0
891 2.2436 0
316 2.2425 0
1458 2.2302 0
1642 2.2274 0
375 2.2264 0
495 2.2157 0
738 2.2154 0
1925 2.2120 0
1227 2.2116 0
1408 2.1967 0
575 2.1933 0
1852 2.1913 0
1464 2.1899 0
1695 2.1812 0
477 2.1802 0
862 2.1748 0
1624 2.1633 0
120 2.1620 0
221 2.1532 0
1771 2.1490 0
1896 2.1443 0
1125 2.1382 0
511 2.1365 0
1058 2.1334 0
1289 2.1333 0
1351 2.1265 0
856 2.1256 0
584 2.1173 0
1636 2.1090 0
1112 2.1029 0
957 2.1028 0
1640 2.1024 0
87 2.1017 0
435 2.1003 0
661 2.0852 0
1680 2.0814 0
1529 2.0799 0
1906 2.0776 0
803 2.0652 0
1576 2.0639 0
1128 2.0606 0
638 2.0605 0
1466 2.0517 0
498 2.0496 0
681 2.0462 0
781 2.0447 0
964 2.0395 0
698 2.0383 0
1797 2.0306 0
686 2.0278 0
1625 2.0276 0
68 2.0195 0
1247 2.0172 0
953 2.0154 0
1174 1.9996 0
1414 1.9977 0
486 1.9899 0
636 1.9841 0
263 1.9788 0
1344 1.9780 0
883 1.9767 0
321 1.9752 0
1588 1.9730 0
1025 1.9706 1
1119 1.9705 0
1107 1.9697 0
1095 1.9691 0
67 1.9662 0
1200 1.9641 0
1590 1.9574 0
1768 1.9476 0
292 1.9455 0
1540 1.9393 0
889 1.9375 0
1488 1.9370 0
742 1.9346 0
523 1.9323 0
1615 1.9281 0
827 1.9244 0
1596 1.9208 0
1784 1.9207 0
715 1.9202 0
1593 1.9196 0
1585 1.9138 0
1655 1.9136 0
322 1.9126 0
508 1.9121 0
199 1.9117 0
551 1.9102 0
1080 1.9078 0
1465 1.9074 0
234 1.9062 0
1699 1.9000 0
577 1.8938 0
690 1.8924 0
1100 1.8886 0
1519 1.8879 0
1170 1.8873 0
1478 1.8829 0
995 1.8732 0
1343 1.8720 0
1077 1.8653 0
1310 1.8645 0
868 1.8568 0
1895 1.8555 0
1116 1.8538 0
1919 1.8525 0
1392 1.8519 0
1643 1.8381 0
1237 1.8375 0
665 1.8348 0
1644 1.8264 0
1089 1.8263 0
662 1.8233 0
887 1.8189 0
1172 1.8097 0
1666 1.8055 0
934 1.8050 0
1290 1.8025 0
1375 1.7968 0
1524 1.7929 0
97 1.7901 0
1335 1.7793 0
1780 1.7774 0
1470 1.7768 0
1662 1.7766 0
1292 1.7677 0
180 1.7664 0
992 1.7605 0
642 1.7592 0
1261 1.7581 0
1376 1.7576 0
1669 1.7536 0
1498 1.7477 0
791 1.7468 0
1752 1.7442 0
194 1.7438 0
996 1.7395 0
1569 1.7347 0
440 1.7336 0
668 1.7330 0
1534 1.7260 0
1883 1.7204 0
1072 1.7202 0
1373 1.7180 0
499 1.7170 0
1124 1.7169 0
1889 1.7134 0
743 1.7049 0
1250 1.7043 0
1360 1.7022 0
1646 1.7004 0
1194 1.6994 0
453 1.6991 0
1998 1.6938 0
1505 1.6899 0
1516 1.6874 0
342 1.6834 0
1603 1.6755 0
1475 1.6613 0
524 1.6572 0
1648 1.6551 0
38 1.6530 0
1447 1.6499 0
1308 1.6440 0
843 1.6414 0
1430 1.6304 0
736 1.6295 0
251 1.6288 0
455 1.6220 0
1056 1.6211 0
541 1.6134 0
1219 1.6105 0
1790 1.6090 0
1920 1.6038 0
678 1.5988 0
1220 1.5973 0
783 1.5934 0
1061 1.5924 0
480 1.5924 0
1203 1.5861 0
947 1.5798 0
888 1.5788 0
430 1.5717 0
570 1.5648 0
1184 1.5636 0
1273 1.5560 0
1435 1.5558 0
1252 1.5508 0
1661 1.5494 0
607 1.5478 0
1984 1.5470 0
567 1.5462 0
528 1.5461 0
1682 1.5350 0
333 1.5349 0
854 1.5261 0
424 1.5240 0
908 1.5208 0
660 1.5193 0
1698 1.5149 0
1166 1.5127 0
605 1.5064 0
788 1.5046 0
916 1.5002 0
1369 1.4997 0
1083 1.4980 0
512 1.4953 0
240 1.4947 0
183 1.4920 0
1647 1.4887 0
1782 1.4860 0
193 1.4831 0
932 1.4785 0
126 1.4660 0
1833 1.4577 0
1634 1.4541 0
1926 1.4512 0
1656 1.4485 0
1778 1.4458 0
1789 1.4408 0
1030 1.4305 1
799 1.4250 0
245 1.4194 0
1221 1.4054 0
99 1.4034 0
1769 1.4010 0
347 1.3948 0
966 1.3903 0
711 1.3832 0
917 1.3757 0
1916 1.3715 0
549 1.3678 0
1306 1.3613 0
1760 1.3588 0
967 1.3508 0
1574 1.3489 0
332 1.3464 0
1696 1.3379 0
987 1.3372 0
618 1.3359 0
667 1.3335 0
1746 1.3329 0
656 1.3313 0
110 1.3272 0
757 1.3226 0
1619 1.3222 0
1339 1.3212 0
1404 1.3150 0
532 1.3061 0
1207 1.2974 0
1463 1.2932 0
809 1.2931 0
989 1.2918 0
849 1.2664 0
232 1.2654 0
1177 1.2637 0
1599 1.2602 0
1370 1.2578 0
1319 1.2575 0
695 1.2549 0
990 1.2543 0
899 1.2445 0
1157 1.2406 0
1082 1.2393 0
811 1.2317 0
818 1.2242 0
307 1.2234 0
317 1.2232 0
1653 1.2129 0
1744 1.2112 0
1725 1.2112 0
1747 1.2112 0
28 1.2077 0
765 1.2042 0
1443 1.2020 0
273 1.2018 0
31 1.1970 0
569 1.1929 0
1694 1.1905 0
795 1.1884 0
93 1.1854 0
244 1.1841 0
1754 1.1836 0
671 1.1804 0
487 1.1779 0
1900 1.1704 0
504 1.1580 0
152 1.1475 0
414 1.1472 0
834 1.1452 0
1968 1.1443 0
1434 1.1390 0
679 1.1321 0
493 1.1282 0
733 1.1193 0
23 1.1153 0
109 1.1152 0
900 1.1144 0
1216 1.1134 0
1772 1.1131 0
1050 1.1110 0
1070 1.1059 0
288 1.1057 0
798 1.0878 0
820 1.0847 0
608 1.0826 0
815 1.0802 0
1192 1.0682 0
787 1.0674 0
1484 1.0601 0
1607 1.0592 0
979 1.0555 0
2 1.0515 0
427 1.0477 0
644 1.0471 0
1581 1.0374 0
1804 1.0372 0
1482 1.0350 0
21 1.0342 0
1618 1.0331 0
673 1.0262 0
1710 1.0176 0
839 1.0144 0
1899 1.0133 0
1054 1.0116 0
613 1.0114 0
1233 1.0028 0
602 1.0019 0
1518 0.9953 0
1520 0.9941 0
11 0.9800 0
1620 0.9797 0
105 0.9795 0
519 0.9792 0
168 0.9744 0
1224 0.9728 0
844 0.9699 0
1862 0.9681 0
338 0.9652 0
1431 0.9643 0
538 0.9606 0
1556 0.9554 0
1931 0.9540 0
1597 0.9532 0
328 0.9528 0
689 0.9490 0
929 0.9466 0
1853 0.9428 0
1069 0.9336 0
558 0.9298 0
840 0.9297 0
1185 0.9235 0
141 0.9173 0
1171 0.9063 0
582 0.9062 0
1303 0.8991 0
776 0.8920 0
1980 0.8886 0
303 0.8885 0
1349 0.8762 0
741 0.8754 0
147 0.8713 0
1151 0.8710 0
824 0.8701 0
643 0.8695 0
729 0.8671 0
1299 0.8612 0
218 0.8608 0
1705 0.8601 0
1201 0.8537 0
9 0.8481 0
1481 0.8450 0
1923 0.8416 0
1439 0.8379 0
578 0.8356 0
47 0.8343 0
745 0.8342 0
796 0.8321 0
1793 0.8316 0
349 0.8298 0
537 0.8276 0
1582 0.8273 0
1503 0.8265 0
1732 0.8261 0
1499 0.8241 0
1121 0.8239 0
846 0.8236 0
426 0.8204 0
1060 0.8178 0
311 0.8153 0
1570 0.8143 0
1102 0.8133 0
1528 0.8069 0
1676 0.8066 0
1612 0.8013 0
527 0.7907 0
719 0.7885 0
255 0.7858 0
547 0.7814 0
982 0.7812 0
664 0.7798 0
1592 0.7785 0
445 0.7758 0
1716 0.7750 0
12 0.7693 0
434 0.7647 0
269 0.7613 0
896 0.7608 0
1522 0.7494 0
1740 0.7475 0
1677 0.7406 0
902 0.7402 0
1204 0.7352 0
786 0.7317 0
1152 0.7229 0
60 0.7168 0
650 0.7167 0
841 0.7113 0
1819 0.7081 0
24 0.7073 0
216 0.7040 0
603 0.7027 0
1265 0.7025 0
71 0.6988 0
514 0.6979 0
1231 0.6956 0
412 0.6951 0
1272 0.6947 0
1445 0.6687 0
663 0.6664 0
1767 0.6663 0
241 0.6630 0
1244 0.6600 0
1538 0.6591 0
1915 0.6577 0
778 0.6577 0
1587 0.6565 0
80 0.6540 0
882 0.6517 0
355 0.6476 0
754 0.6395 0
51 0.6360 0
1645 0.6202 0
318 0.6149 0
1162 0.6104 0
1469 0.6077 0
40 0.6022 0
1953 0.5974 0
1340 0.5966 0
1491 0.5952 0
1473 0.5933 0
1763 0.5928 0
222 0.5909 0
1362 0.5900 0
867 0.5852 0
46 0.5839 0
1506 0.5801 0
1477 0.5799 0
33 0.5792 0
1600 0.5775 0
1559 0.5747 0
282 0.5746 0
1531 0.5727 0
153 0.5723 0
1423 0.5645 0
1142 0.5627 0
619 0.5551 0
1785 0.5441 0
611 0.5388 0
1120 0.5376 0
1921 0.5358 0
1386 0.5356 0
740 0.5353 0
927 0.5351 0
248 0.5347 0
581 0.5326 0
894 0.5323 0
1093 0.5318 0
501 0.5241 0
1580 0.5231 0
794 0.5203 0
952 0.5120 0
1864 0.5033 0
1959 0.5030 0
1542 0.5028 0
941 0.5011 0
438 0.4958 0
52 0.4949 0
161 0.4914 0
1820 0.4842 0
223 0.4778 0
1074 0.4769 0
284 0.4610 0
1384 0.4580 0
727 0.4561 0
544 0.4545 0
1626 0.4538 0
1137 0.4473 0
518 0.4432 0
1535 0.4423 0
1806 0.4389 0
1949 0.4338 0
1565 0.4315 0
1062 0.4242 0
444 0.4108 0
654 0.4075 0
750 0.4054 0
1943 0.4027 0
1842 0.3991 0
1199 0.3910 0
612 0.3909 0
492 0.3868 0
1718 0.3836 0
1381 0.3822 0
387 0.3769 0
1318 0.3760 0
1259 0.3724 0
586 0.3719 0
1433 0.3716 0
1104 0.3706 0
831 0.3698 0
975 0.3672 0
988 0.3653 0
1654 0.3618 0
361 0.3606 0
1441 0.3537 0
1802 0.3526 0
658 0.3412 0
1502 0.3336 0
1406 0.3282 0
1879 0.3274 0
1633 0.3268 0
160 0.3266 0
1357 0.3253 0
1397 0.3165 0
420 0.3158 0
1877 0.3072 0
413 0.3049 0
1911 0.2984 0
1139 0.2982 0
275 0.2937 0
1493 0.2866 0
921 0.2856 0
516 0.2847 0
945 0.2764 0
510 0.2760 0
753 0.2709 0
993 0.2539 0
467 0.2448 0
1726 0.2428 0
1689 0.2385 0
863 0.2351 0
1946 0.2316 0
1468 0.2308 0
1938 0.2262 0
7 0.2234 0
1243 0.2164 0
873 0.2154 0
281 0.2154 0
202 0.2152 0
1088 0.2075 0
1492 0.2074 0
267 0.2066 0
61 0.2039 0
659 0.1994 0
793 0.1959 0
1391 0.1945 0
806 0.1931 0
1496 0.1919 0
55 0.1904 0
58 0.1830 0
1396 0.1829 0
290 0.1782 0
432 0.1734 0
1126 0.1732 0
1541 0.1721 0
345 0.1664 0
797 0.1633 0
1419 0.1607 0
637 0.1566 0
1394 0.1508 0
1910 0.1489 0
1616 0.1475 0
1366 0.1404 0
1681 0.1378 0
1602 0.1321 0
1276 0.1305 0
1178 0.1298 0
1145 0.1294 0
1438 0.1283 0
506 0.1229 0
243 0.1201 0
572 0.1117 0
1791 0.1089 0
933 0.1033 0
1150 0.1011 0
70 0.1008 0
1453 0.0998 0
880 0.0984 0
969 0.0980 0
1134 0.0928 0
428 0.0864 0
1546 0.0860 0
1544 0.0830 0
748 0.0820 0
1457 0.0803 0
1298 0.0762 0
43 0.0731 0
249 0.0688 0
655 0.0651 0
515 0.0633 0
1821 0.0574 0
49 0.0566 0
1525 0.0515 0
1942 0.0511 0
237 0.0501 0
16 0.0479 0
1168 0.0473 0
1598 0.0472 0
1761 0.0430 0
1608 0.0409 0
568 0.0388 0
1500 0.0359 0
1229 0.0339 0
1888 0.0309 0
212 0.0262 0
1242 0.0248 0
1897 0.0248 0
620 0.0179 0
1211 0.0166 0
1451 0.0083 0
497 0.0057 0
1703 -0.0070 0
1536 -0.0099 0
1601 -0.0141 0
425 -0.0163 0
1059 -0.0178 0
870 -0.0186 0
1286 -0.0187 0
954 -0.0187 0
184 -0.0198 0
1356 -0.0356 0
801 -0.0364 0
1545 -0.0393 0
1628 -0.0394 0
419 -0.0482 0
1697 -0.0562 0
214 -0.0574 0
1589 -0.0594 0
616 -0.0660 0
1774 -0.0689 0
279 -0.0697 0
1825 -0.0699 0
878 -0.0706 0
928 -0.0734 0
534 -0.0739 0
962 -0.0768 0
1992 -0.0769 0
1824 -0.0796 0
554 -0.0796 0
1161 -0.0799 0
188 -0.0821 0
703 -0.0862 0
411 -0.0878 0
525 -0.0946 0
1631 -0.0971 0
1527 -0.1004 0
761 -0.1039 0
1865 -0.1061 0
1891 -0.1099 0
262 -0.1127 0
1551 -0.1152 0
1182 -0.1201 0
1454 -0.1267 0
1715 -0.1273 0
1108 -0.1344 0
1256 -0.1349 0
955 -0.1357 0
283 -0.1362 0
645 -0.1380 0
1314 -0.1444 0
853 -0.1457 0
1490 -0.1467 0
760 -0.1525 0
807 -0.1576 0
285 -0.1614 0
145 -0.1684 0
635 -0.1696 0
699 -0.1700 0
1870 -0.1733 0
1462 -0.1734 0
235 -0.1756 0
1111 -0.1787 0
576 -0.1884 0
469 -0.1893 0
8 -0.2012 0
415 -0.2065 0
1459 -0.2072 0
657 -0.2083 0
1154 -0.2101 0
634 -0.2131 0
1474 -0.2141 0
1094 -0.2154 0
1411 -0.2163 0
1989 -0.2168 0
14 -0.2168 0
1212 -0.2179 0
164 -0.2204 0
626 -0.2210 0
1719 -0.2214 0
1076 -0.2228 0
1818 -0.2253 0
823 -0.2300 0
713 -0.2387 0
422 -0.2394 0
726 -0.2412 0
1073 -0.2452 0
1685 -0.2581 0
197 -0.2592 0
1409 -0.2618 0
228 -0.2691 0
866 -0.2694 0
96 -0.2725 0
19 -0.2737 0
217 -0.2739 0
1672 -0.2783 0
881 -0.2796 0
1359 -0.2799 0
366 -0.2805 0
1846 -0.2895 0
789 -0.2903 0
377 -0.2913 0
734 -0.2932 0
764 -0.2960 0
1954 -0.3020 0
1813 -0.3041 0
92 -0.3045 0
34 -0.3054 0
1405 -0.3065 0
1164 -0.3092 0
555 -0.3120 0
451 -0.3235 0
56 -0.3237 0
106 -0.3241 0
774 -0.3264 0
1122 -0.3289 0
1776 -0.3335 0
641 -0.3360 0
542 -0.3461 0
1341 -0.3512 0
718 -0.3590 0
1507 -0.3639 0
817 -0.3643 0
406 -0.3692 0
666 -0.3713 0
323 -0.3728 0
1217 -0.3732 0
247 -0.3819 0
1591 -0.3827 0
1731 -0.3870 0
1555 -0.3891 0
405 -0.3912 0
1063 -0.3918 0
610 -0.3941 0
1858 -0.3968 0
1595 -0.4021 0
252 -0.4027 0
98 -0.4065 0
708 -0.4193 0
790 -0.4291 0
1389 -0.4312 0
1160 -0.4320 0
1933 -0.4454 0
1332 -0.4455 0
1483 -0.4488 0
304 -0.4504 0
1979 -0.4504 0
1723 -0.4515 0
700 -0.4516 0
1561 -0.4536 0
452 -0.4612 0
341 -0.4676 0
1051 -0.4677 0
1084 -0.4750 0
1866 -0.4793 0
819 -0.4825 0
1955 -0.4841 0
402 -0.4859 0
706 -0.4892 0
302 -0.4919 0
652 -0.4933 0
25 -0.4950 0
1333 -0.4986 0
1764 -0.4996 0
1296 -0.5013 0
1573 -0.5031 0
630 -0.5096 0
1963 -0.5159 0
1399 -0.5175 0
1841 -0.5210 0
521 -0.5212 0
851 -0.5272 0
238 -0.5293 0
1651 -0.5358 0
692 -0.5363 0
1650 -0.5365 0
1801 -0.5393 0
287 -0.5393 0
1354 -0.5394 0
1826 -0.5426 0
751 -0.5493 0
37 -0.5523 0
309 -0.5560 0
503 -0.5569 0
85 -0.5573 0
1792 -0.5604 0
1807 -0.5606 0
782 -0.5618 0
1827 -0.5639 0
1684 -0.5748 0
1338 -0.5814 0
1673 -0.5862 0
211 -0.5867 0
940 -0.5934 0
590 -0.5952 0
1971 -0.5994 0
1078 -0.5995 0
1978 -0.6054 0
1779 -0.6068 0
1205 -0.6117 0
800 -0.6138 0
771 -0.6161 0
1966 -0.6182 0
1149 -0.6209 0
1875 -0.6264 0
1749 -0.6275 0
1887 -0.6353 0
1835 -0.6478 0
560 -0.6546 0
1188 -0.6603 0
0 -0.6682 0
910 -0.6684 0
1186 -0.6769 0
1688 -0.6812 0
1722 -0.6850 0
15 -0.6863 0
1777 -0.6879 0
697 -0.6929 0
1113 -0.6934 0
621 -0.7124 0
539 -0.7125 0
919 -0.7147 0
138 -0.7203 0
57 -0.7209 0
1847 -0.7216 0
157 -0.7240 0
971 -0.7256 0
1869 -0.7282 0
600 -0.7399 0
1317 -0.7412 0
1197 -0.7474 0
1917 -0.7486 0
64 -0.7497 0
54 -0.7499 0
1951 -0.7548 0
400 -0.7556 0
18 -0.7606 0
1939 -0.7667 0
32 -0.7679 0
82 -0.7688 0
871 -0.7700 0
1903 -0.7767 0
1988 -0.7795 0
181 -0.7830 0
1757 -0.7835 0
107 -0.7885 0
1138 -0.7903 0
1737 -0.7980 0
1501 -0.8084 0
1568 -0.8102 0
983 -0.8123 0
1822 -0.8136 0
816 -0.8190 0
728 -0.8197 0
1936 -0.8200 0
1109 -0.8301 0
1450 -0.8303 0
30 -0.8312 0
277 -0.8427 0
1279 -0.8456 0
1515 -0.8511 0
907 -0.8524 0
1097 -0.8661 0
162 -0.8687 0
1811 -0.8694 0
134 -0.8751 0
266 -0.8813 0
65 -0.8841 0
1627 -0.8867 0
213 -0.8895 0
112 -0.8902 0
1817 -0.8934 0
1904 -0.8986 0
1305 -0.9115 0
339 -0.9199 0
1099 -0.9219 0
1994 -0.9224 0
239 -0.9231 0
914 -0.9257 0
1329 -0.9294 0
1361 -0.9325 0
1709 -0.9332 0
1849 -0.9358 0
408 -0.9370 0
1191 -0.9376 0
903 -0.9389 0
770 -0.9391 0
1087 -0.9408 0
95 -0.9448 0
1982 -0.9452 0
1713 -0.9476 0
265 -0.9485 0
479 -0.9493 0
1961 -0.9496 0
1336 -0.9566 0
1848 -0.9590 0
1805 -0.9632 0
66 -0.9656 0
1981 -0.9703 0
828 -0.9713 0
1881 -0.9716 0
1543 -0.9724 0
1659 -0.9793 0
724 -0.9801 0
1155 -0.9819 0
1890 -0.9831 0
759 -0.9859 0
74 -0.9952 0
704 -1.0096 0
694 -1.0097 0
901 -1.0101 0
978 -1.0110 0
1320 -1.0170 0
1552 -1.0175 0
939 -1.0270 0
802 -1.0309 0
253 -1.0337 0
1267 -1.0339 0
573 -1.0347 0
1762 -1.0358 0
1118 -1.0379 0
1181 -1.0397 0
50 -1.0407 0
1594 -1.0422 0
1348 -1.0490 0
1884 -1.0592 0
108 -1.0616 0
167 -1.0671 0
1868 -1.0697 0
984 -1.0704 0
1127 -1.0773 0
1407 -1.0794 0
631 -1.0853 0
1053 -1.0919 0
231 -1.0928 0
911 -1.0983 0
685 -1.1084 0
767 -1.1122 0
220 -1.1165 0
1872 -1.1202 0
461 -1.1228 0
155 -1.1285 0
1509 -1.1289 0
436 -1.1296 0
306 -1.1338 0
946 -1.1342 0
460 -1.1457 0
207 -1.1567 0
1248 -1.1572 0
1264 -1.1610 0
148 -1.1621 0
826 -1.1744 0
1758 -1.1753 0
825 -1.1801 0
1927 -1.1829 0
1294 -1.1840 0
1977 -1.1865 0
625 -1.2012 0
766 -1.2034 0
88 -1.2045 0
206 -1.2050 0
735 -1.2090 0
1816 -1.2170 0
1860 -1.2184 0
1831 -1.2265 0
123 -1.2284 0
76 -1.2321 0
710 -1.2392 0
1750 -1.2403 0
1571 -1.2427 0
1720 -1.2474 0
1823 -1.2486 0
755 -1.2540 0
1064 -1.2544 0
536 -1.2561 0
905 -1.2582 0
1829 -1.2605 0
646 -1.2627 0
1486 -1.2648 0
926 -1.2651 0
1873 -1.2714 0
1173 -1.2751 0
562 -1.2752 0
163 -1.2754 0
1086 -1.2852 0
1180 -1.2942 0
301 -1.2949 0
763 -1.2971 0
1996 -1.2976 0
1708 -1.3012 0
154 -1.3031 0
1929 -1.3034 0
1812 -1.3051 0
1863 -1.3099 0
169 -1.3102 0
270 -1.3113 0
1753 -1.3177 0
90 -1.3202 0
814 -1.3238 0
591 -1.3271 0
1345 -1.3371 0
585 -1.3375 0
1266 -1.3491 0
449 -1.3551 0
1924 -1.3576 0
1795 -1.3680 0
1781 -1.3688 0
1521 -1.3731 0
949 -1.3754 0
848 -1.3820 0
633 -1.3826 0
462 -1.3860 0
1983 -1.3869 0
772 -1.3948 0
1175 -1.3986 0
1670 -1.3994 0
1838 -1.4008 0
142 -1.4035 0
1712 -1.4042 0
599 -1.4119 0
298 -1.4202 0
805 -1.4209 0
777 -1.4311 0
938 -1.4325 0
310 -1.4348 0
1605 -1.4350 0
1330 -1.4361 0
1140 -1.4405 0
1364 -1.4406 0
200 -1.4442 0
1786 -1.4449 0
1724 -1.4465 0
114 -1.4540 0
404 -1.4707 0
1537 -1.4708 0
291 -1.4712 0
961 -1.4767 0
1234 -1.4778 0
687 -1.4800 0
1993 -1.4833 0
1092 -1.4888 0
89 -1.4933 0
1748 -1.4943 0
830 -1.5003 0
416 -1.5165 0
943 -1.5203 0
81 -1.5272 0
1452 -1.5276 0
1733 -1.5281 0
104 -1.5344 0
604 -1.5372 0
1851 -1.5455 0
980 -1.5479 0
920 -1.5577 0
1999 -1.5713 0
295 -1.5776 0
1986 -1.5827 0
185 -1.5835 0
986 -1.5915 0
507 -1.5932 0
1101 -1.5994 0
166 -1.6011 0
236 -1.6081 0
688 -1.6259 0
942 -1.6260 0
1908 -1.6273 0
103 -1.6327 0
442 -1.6377 0
254 -1.6402 0
1245 -1.6462 0
963 -1.6550 0
968 -1.6561 0
1424 -1.6584 0
1815 -1.6608 0
1727 -1.6656 0
1153 -1.6660 0
1809 -1.6684 0
1810 -1.6708 0
529 -1.6738 0
100 -1.6833 0
1839 -1.6899 0
102 -1.6967 0
122 -1.7114 0
1572 -1.7262 0
1937 -1.7340 0
1912 -1.7445 0
500 -1.7516 0
1940 -1.7551 0
129 -1.7614 0
1143 -1.7641 0
1222 -1.7767 0
10 -1.7770 0
1902 -1.7788 0
1115 -1.7813 0
470 -1.7966 0
1830 -1.7979 0
17 -1.8025 0
923 -1.8031 0
1922 -1.8088 0
443 -1.8092 0
63 -1.8116 0
6 -1.8120 0
410 -1.8149 0
845 -1.8190 0
274 -1.8239 0
293 -1.8288 0
1907 -1.8328 0
111 -1.8382 0
1844 -1.8394 0
423 -1.8625 0
1400 -1.8679 0
1652 -1.8728 0
1794 -1.8777 0
589 -1.8858 0
935 -1.8872 0
261 -1.8974 0
448 -1.9005 0
1223 -1.9063 0
669 -1.9167 0
1893 -1.9173 0
117 -1.9178 0
924 -1.9348 0
1859 -1.9504 0
1187 -1.9519 0
1960 -1.9526 0
1584 -1.9529 0
409 -1.9568 0
1973 -1.9584 0
151 -1.9590 0
1494 -1.9606 0
1803 -1.9677 0
144 -1.9710 0
173 -1.9733 0
178 -1.9785 0
1704 -1.9892 0
1950 -2.0004 0
69 -2.0114 0
747 -2.0119 0
1914 -2.0196 0
1539 -2.0327 0
705 -2.0334 0
198 -2.0433 0
116 -2.0445 0
1302 -2.0460 0
1530 -2.0792 0
22 -2.0795 0
1734 -2.0837 0
981 -2.0916 0
1504 -2.0981 0
260 -2.1098 0
1129 -2.1116 0
13 -2.1143 0
158 -2.1194 0
1512 -2.1244 0
187 -2.1246 0
1878 -2.1305 0
186 -2.1328 0
45 -2.1386 0
1964 -2.1399 0
1711 -2.1416 0
1985 -2.1430 0
1337 -2.1460 0
86 -2.1466 0
1918 -2.1540 0
737 -2.1561 0
258 -2.1751 0
672 -2.1755 0
1967 -2.1772 0
1739 -2.1773 0
294 -2.1854 0
433 -2.1874 0
707 -2.1974 0
1380 -2.1985 0
912 -2.2030 0
226 -2.2081 0
640 -2.2097 0
1523 -2.2189 0
725 -2.2347 0
1885 -2.2470 0
1840 -2.2648 0
550 -2.2710 0
1990 -2.2839 0
838 -2.2895 0
1564 -2.2936 0
865 -2.3033 0
1876 -2.3079 0
280 -2.3149 0
182 -2.3183 0
1976 -2.3203 0
1995 -2.3217 0
1928 -2.3345 0
1856 -2.3357 0
72 -2.3381 0
276 -2.3401 0
1098 -2.3426 0
170 -2.3439 0
1517 -2.3464 0
208 -2.3473 0
175 -2.3486 0
1834 -2.3571 0
579 -2.3608 0
680 -2.3662 0
1554 -2.3662 0
29 -2.3671 0
146 -2.3733 0
1956 -2.3781 0
224 -2.3783 0
1845 -2.3818 0
1837 -2.3861 0
609 -2.3862 0
1850 -2.3886 0
702 -2.3917 0
1742 -2.4064 0
189 -2.4094 0
130 -2.4302 0
139 -2.4473 0
1657 -2.4578 0
918 -2.4594 0
1962 -2.4599 0
622 -2.4623 0
1215 -2.4661 0
1882 -2.4675 0
1511 -2.4692 0
522 -2.4753 0
1930 -2.4767 0
1096 -2.4823 0
1578 -2.4842 0
847 -2.4855 0
421 -2.4887 0
1 -2.4895 0
1738 -2.4923 0
1867 -2.4936 0
1898 -2.4947 0
209 -2.4986 0
1970 -2.5067 0
1934 -2.5160 0
1808 -2.5183 0
1700 -2.5313 0
1606 -2.5351 0
1965 -2.5435 0
596 -2.5448 0
627 -2.5524 0
1941 -2.5537 0
191 -2.5680 0
1855 -2.5710 0
784 -2.5762 0
1346 -2.5765 0
177 -2.5861 0
1854 -2.5924 0
125 -2.5956 0
1148 -2.5967 0
44 -2.5972 0
998 -2.5977 0
716 -2.6111 0
1717 -2.6254 0
744 -2.6268 0
79 -2.6329 0
906 -2.6353 0
1133 -2.6472 0
991 -2.6700 0
1958 -2.6723 0
4 -2.6822 0
268 -2.6840 0
1714 -2.7030 0
156 -2.7051 0
533 -2.7121 0
623 -2.7199 0
965 -2.7208 0
1836 -2.7213 0
441 -2.7233 0
1136 -2.7240 0
337 -2.7308 0
196 -2.7339 0
118 -2.7453 0
1892 -2.7557 0
684 -2.7621 0
1131 -2.7656 0
1183 -2.7674 0
143 -2.7783 0
821 -2.7806 0
299 -2.7857 0
1828 -2.7863 0
1385 -2.7913 0
1729 -2.7980 0
1701 -2.8132 0
137 -2.8303 0
1702 -2.8337 0
1945 -2.8427 0
1743 -2.8528 0
1947 -2.8605 0
593 -2.8788 0
1563 -2.8825 0
722 -2.9025 0
1106 -2.9113 0
639 -2.9212 0
176 -2.9246 0
259 -2.9259 0
233 -2.9419 0
140 -2.9421 0
62 -2.9429 0
804 -2.9434 0
583 -2.9623 0
580 -2.9653 0
205 -2.9825 0
1735 -2.9828 0
171 -3.0108 0
1972 -3.0237 0
1629 -3.0270 0
648 -3.0391 0
909 -3.0468 0
546 -3.0537 0
531 -3.0581 0
403 -3.0720 0
629 -3.0905 0
429 -3.1109 0
632 -3.1203 0
215 -3.1215 0
439 -3.1335 0
973 -3.1484 0
1944 -3.1624 0
944 -3.1741 0
976 -3.1784 0
1969 -3.1868 0
1857 -3.1949 0
84 -3.2011 0
150 -3.2120 0
190 -3.2202 0
1707 -3.2389 0
165 -3.2494 0
36 -3.2496 0
1165 -3.2503 0
553 -3.2702 0
127 -3.2767 0
951 -3.2795 0
1997 -3.2982 0
1586 -3.3117 0
564 -3.3158 0
1728 -3.3168 0
278 -3.3208 0
113 -3.3212 0
960 -3.3257 0
286 -3.3289 0
35 -3.3355 0
758 -3.3373 0
135 -3.3418 0
936 -3.3433 0
250 -3.3446 0
1871 -3.3448 0
1975 -3.3474 0
557 -3.3828 0
505 -3.3831 0
552 -3.3889 0
556 -3.3906 0
1418 -3.4259 0
246 -3.4333 0
121 -3.4398 0
1664 -3.4513 0
296 -3.4898 0
1706 -3.5107 0
1141 -3.5125 0
592 -3.5364 0
1213 -3.5646 0
179 -3.5681 0
1071 -3.5746 0
1446 -3.5755 0
1334 -3.5819 0
1861 -3.5922 0
1254 -3.5965 0
203 -3.6063 0
1957 -3.6116 0
1533 -3.6156 0
1741 -3.6202 0
437 -3.6276 0
1894 -3.6428 0
174 -3.6571 0
1948 -3.6577 0
136 -3.6599 0
970 -3.6773 0
985 -3.6806 0
647 -3.6989 0
124 -3.6999 0
723 -3.7009 0
407 -3.7246 0
42 -3.7562 0
1932 -3.7808 0
119 -3.7987 0
808 -3.8734 0
731 -3.9195 0
256 -3.9473 0
1800 -3.9484 0
131 -3.9557 0
1105 -3.9691 0
1583 -3.9710 0
1745 -4.0246 0
227 -4.0553 0
128 -4.0603 0
417 -4.0714 0
3 -4.1391 0
1880 -4.1579 0
1371 -4.3438 0
822 -4.3719 0
594 -4.3918 0
192 -4.3948 0
1974 -4.4350 0
832 -4.4662 0
257 -4.4881 0
132 -4.5063 0
101 -4.6187 0
563 -4.6761 0
1814 -4.7647 0
1886 -4.7743 0
446 -4.8757 0
297 -4.9753 0
401 -5.2396 0
1315 -5.2561 0
149 -5.2953 0
1321 -5.4122 0
115 -5.5400 0
587 -5.5561 0
959 -6.4417 0
1263 -6.7020 0
509 -7.5367 0
1736 -9.8009 0
