1088 28.0137 1
1092 25.5048 1
1081 23.4703 1
1078 23.1407 1
1089 22.8288 1
1080 22.5119 1
1061 21.9594 1
1055 20.9909 1
1050 20.9420 1
1099 20.7794 1
1070 20.3169 1
1071 20.1085 1
1065 19.8767 1
1095 19.3197 1
1098 19.0492 1
1087 19.0423 1
1072 18.1473 1
1060 17.7821 1
1091 17.7793 1
1068 17.7557 1
1094 17.6564 1
1067 17.6430 1
1076 17.5159 1
1059 17.4992 1
1084 17.1475 1
1090 17.1194 1
1074 16.9667 1
1069 16.9038 1
1085 16.8305 1
1063 16.7790 1
1062 16.3964 1
1093 15.0892 1
1066 14.6916 1
1051 14.2992 1
1073 14.0924 1
1052 13.8074 1
1053 13.3755 1
1097 12.9755 1
1056 12.8138 1
1083 12.6277 1
1079 12.2830 1
1058 12.1527 1
904 11.7208 0
761 11.3763 0
742 10.0099 0
1075 9.9761 1
781 9.9492 0
730 9.2519 0
428 9.1529 0
846 8.9090 0
1086 8.8754 1
800 8.5398 0
1410 8.4018 0
822 8.3454 0
915 8.3255 0
753 8.2136 0
914 7.8399 0
1034 7.8273 0
795 7.7954 0
1082 7.5181 1
806 7.4564 0
788 7.3350 0
826 7.3160 0
923 7.0886 0
832 6.9289 0
1194 6.9289 0
764 6.8442 0
825 6.7725 0
808 6.6763 0
810 6.6198 0
567 6.5247 0
1242 6.5236 0
828 6.4758 0
579 6.4018 0
441 6.3897 0
1203 6.3104 0
1077 6.2249 1
848 6.2177 0
910 6.1631 0
1797 6.1393 0
925 6.1316 0
790 5.9075 0
729 5.8909 0
869 5.8855 0
782 5.8489 0
348 5.8411 0
528 5.8144 0
1243 5.7822 0
771 5.7633 0
900 5.5360 0
944 5.5177 0
310 5.5106 0
763 5.5076 0
1202 5.4981 0
1212 5.4621 0
745 5.4495 0
597 5.4088 0
303 5.3907 0
1215 5.3812 0
1233 5.2887 0
779 5.2496 0
1057 5.1778 1
943 5.0614 0
829 5.0485 0
1201 5.0403 0
1054 5.0242 1
791 5.0233 0
837 4.9863 0
840 4.9697 0
762 4.9511 0
821 4.8991 0
581 4.8862 0
1400 4.8859 0
1296 4.8517 0
766 4.7830 0
805 4.6916 0
290 4.6743 0
1448 4.6549 0
743 4.5410 0
1443 4.5330 0
1218 4.5321 0
390 4.5276 0
470 4.5257 0
195 4.5147 0
1148 4.4912 0
804 4.4669 0
911 4.4280 0
759 4.3920 0
693 4.3785 0
696 4.3775 0
849 4.3662 0
479 4.3354 0
636 4.3328 0
1425 4.3108 0
482 4.2793 0
1116 4.2609 0
530 4.2537 0
327 4.2214 0
841 4.2164 0
1435 4.2041 0
736 4.1841 0
815 4.1629 0
1424 4.1440 0
532 4.0848 0
801 4.0848 0
942 4.0843 0
709 4.0606 0
655 4.0468 0
657 4.0095 0
931 4.0011 0
661 3.9985 0
834 3.9643 0
1128 3.9515 0
333 3.9388 0
1643 3.9324 0
920 3.9312 0
1426 3.9289 0
789 3.9059 0
537 3.9051 0
751 3.8991 0
754 3.8847 0
1879 3.8825 0
681 3.8707 0
697 3.8660 0
765 3.8195 0
1370 3.8164 0
306 3.8082 0
847 3.7968 0
508 3.7759 0
691 3.7292 0
599 3.7266 0
906 3.7035 0
1542 3.6774 0
726 3.6695 0
773 3.6617 0
580 3.6509 0
694 3.6078 0
1225 3.5941 0
823 3.5769 0
602 3.5708 0
1100 3.5472 0
820 3.5350 0
1293 3.4998 0
334 3.4955 0
17 3.4929 0
1446 3.4670 0
1107 3.4655 0
796 3.4551 0
1449 3.4530 0
824 3.4232 0
816 3.4149 0
772 3.4059 0
1237 3.3889 0
437 3.3681 0
1403 3.3515 0
590 3.3410 0
740 3.3410 0
1941 3.3259 0
802 3.2790 0
360 3.2654 0
756 3.2412 0
204 3.2382 0
487 3.2305 0
922 3.2156 0
535 3.1809 0
1442 3.1740 0
1430 3.1694 0
571 3.1663 0
1685 3.1095 0
1382 3.1031 0
190 3.0931 0
818 3.0929 0
703 3.0799 0
817 3.0741 0
4 3.0723 0
674 3.0663 0
722 3.0651 0
534 3.0618 0
1180 3.0575 0
1751 3.0561 0
223 3.0527 0
302 3.0523 0
311 3.0237 0
1433 3.0231 0
886 3.0088 0
724 3.0048 0
359 2.9700 0
1127 2.9687 0
516 2.9504 0
41 2.9412 0
25 2.9353 0
1414 2.9314 0
369 2.9160 0
560 2.9116 0
496 2.9037 0
415 2.8828 0
836 2.8795 0
951 2.8736 0
827 2.8708 0
946 2.8686 0
748 2.8664 0
812 2.8594 0
1211 2.8556 0
24 2.8541 0
833 2.8468 0
436 2.8410 0
757 2.8403 0
956 2.8376 0
793 2.8318 0
921 2.8261 0
711 2.8149 0
1044 2.8148 0
1501 2.7981 0
698 2.7884 0
814 2.7852 0
767 2.7667 0
769 2.7537 0
246 2.7491 0
1126 2.7264 0
137 2.7202 0
1064 2.7198 1
913 2.7111 0
1431 2.7005 0
558 2.6976 0
588 2.6912 0
774 2.6877 0
1401 2.6778 0
173 2.6730 0
501 2.6556 0
598 2.6512 0
809 2.6431 0
308 2.6400 0
1906 2.6309 0
511 2.6184 0
168 2.6056 0
1991 2.6027 0
1241 2.5740 0
26 2.5440 0
1907 2.5408 0
777 2.5286 0
1220 2.5251 0
984 2.5185 0
916 2.5081 0
413 2.4929 0
845 2.4900 0
1217 2.4804 0
1314 2.4666 0
554 2.4665 0
714 2.4595 0
584 2.4576 0
838 2.4521 0
563 2.4491 0
565 2.4408 0
839 2.4343 0
1409 2.4255 0
600 2.4051 0
429 2.4007 0
819 2.3999 0
522 2.3942 0
784 2.3941 0
937 2.3848 0
1466 2.3678 0
1428 2.3609 0
1419 2.3429 0
1210 2.3214 0
1676 2.3156 0
504 2.3117 0
690 2.3115 0
407 2.3100 0
749 2.2941 0
949 2.2911 0
1406 2.2896 0
1735 2.2770 0
361 2.2744 0
672 2.2560 0
1206 2.2539 0
863 2.2527 0
1947 2.2448 0
464 2.2384 0
1445 2.2293 0
1405 2.2247 0
935 2.2034 0
1423 2.1958 0
738 2.1937 0
1360 2.1827 0
927 2.1782 0
432 2.1735 0
309 2.1648 0
503 2.1622 0
1996 2.1573 0
1255 2.1567 0
908 2.1450 0
785 2.1238 0
741 2.0985 0
7 2.0950 0
1652 2.0796 0
379 2.0736 0
383 2.0696 0
316 2.0261 0
344 2.0257 0
1219 2.0039 0
562 1.9973 0
879 1.9872 0
912 1.9835 0
705 1.9831 0
633 1.9788 0
45 1.9705 0
1121 1.9652 0
550 1.9538 0
1402 1.9446 0
1002 1.9419 0
506 1.9418 0
1105 1.9399 0
559 1.9382 0
568 1.9369 0
319 1.9296 0
564 1.9249 0
857 1.9218 0
1862 1.9120 0
683 1.9050 0
544 1.9026 0
715 1.8989 0
416 1.8971 0
639 1.8947 0
500 1.8853 0
596 1.8795 0
667 1.8763 0
244 1.8752 0
932 1.8615 0
1898 1.8602 0
353 1.8468 0
133 1.8460 0
427 1.8301 0
770 1.8299 0
458 1.8108 0
202 1.8086 0
1236 1.8051 0
315 1.8048 0
786 1.7878 0
1120 1.7862 0
328 1.7551 0
872 1.7521 0
1096 1.7335 1
3 1.7258 0
787 1.7225 0
226 1.7190 0
491 1.7069 0
719 1.7059 0
1564 1.7056 0
1317 1.7054 0
687 1.6946 0
478 1.6938 0
453 1.6881 0
1476 1.6809 0
720 1.6791 0
525 1.6758 0
542 1.6684 0
349 1.6615 0
1439 1.6557 0
739 1.6543 0
1498 1.6535 0
621 1.6502 0
1291 1.6333 0
865 1.6324 0
1140 1.6313 0
347 1.6140 0
1870 1.6122 0
625 1.6071 0
1238 1.6056 0
507 1.5976 0
505 1.5946 0
735 1.5934 0
1432 1.5884 0
1440 1.5847 0
1863 1.5827 0
32 1.5812 0
1436 1.5802 0
323 1.5785 0
1213 1.5741 0
1418 1.5705 0
606 1.5692 0
1110 1.5690 0
445 1.5619 0
498 1.5574 0
274 1.5553 0
1861 1.5524 0
891 1.5405 0
1752 1.5210 0
1232 1.5053 0
831 1.5021 0
409 1.4986 0
329 1.4970 0
799 1.4969 0
556 1.4954 0
30 1.4880 0
439 1.4871 0
682 1.4842 0
905 1.4817 0
1397 1.4731 0
16 1.4564 0
109 1.4499 0
106 1.4477 0
35 1.4381 0
182 1.4358 0
519 1.4262 0
902 1.4174 0
990 1.4172 0
1263 1.4143 0
1003 1.4084 0
342 1.4072 0
881 1.4028 0
985 1.4026 0
1106 1.3878 0
442 1.3864 0
631 1.3849 0
1205 1.3840 0
326 1.3749 0
324 1.3707 0
1145 1.3652 0
803 1.3573 0
731 1.3490 0
1384 1.3394 0
641 1.3229 0
517 1.3228 0
576 1.3202 0
364 1.3192 0
1407 1.3099 0
8 1.3096 0
721 1.3066 0
1420 1.3024 0
123 1.3022 0
497 1.3011 0
666 1.2955 0
752 1.2864 0
457 1.2823 0
430 1.2811 0
874 1.2806 0
426 1.2732 0
1441 1.2728 0
1299 1.2715 0
1939 1.2691 0
1292 1.2647 0
1810 1.2603 0
768 1.2582 0
896 1.2576 0
1227 1.2548 0
732 1.2531 0
1357 1.2475 0
408 1.2470 0
414 1.2439 0
1038 1.2406 0
783 1.2336 0
1834 1.2310 0
1226 1.2292 0
1131 1.2200 0
1019 1.2198 0
919 1.2191 0
444 1.2185 0
1113 1.2159 0
317 1.2068 0
450 1.2059 0
421 1.1805 0
1491 1.1773 0
798 1.1765 0
405 1.1759 0
1958 1.1678 0
15 1.1648 0
340 1.1614 0
747 1.1568 0
164 1.1556 0
1850 1.1534 0
1266 1.1532 0
1574 1.1446 0
1608 1.1418 0
332 1.1406 0
262 1.1399 0
660 1.1398 0
1204 1.1396 0
422 1.1308 0
1987 1.1289 0
222 1.1186 0
1412 1.1169 0
1662 1.1091 0
1612 1.0990 0
948 1.0939 0
1429 1.0885 0
1889 1.0865 0
242 1.0791 0
49 1.0764 0
412 1.0720 0
339 1.0703 0
1022 1.0634 0
938 1.0614 0
1129 1.0512 0
1740 1.0474 0
645 1.0469 0
128 1.0461 0
1214 1.0406 0
933 1.0381 0
1239 1.0331 0
701 1.0328 0
1326 1.0204 0
245 1.0174 0
1234 1.0166 0
811 1.0052 0
1380 1.0038 0
889 1.0015 0
733 1.0010 0
1884 0.9845 0
1327 0.9821 0
924 0.9778 0
1739 0.9714 0
1396 0.9701 0
830 0.9629 0
1836 0.9625 0
321 0.9525 0
1707 0.9508 0
1666 0.9502 0
593 0.9461 0
1575 0.9374 0
1141 0.9366 0
1135 0.9290 0
1792 0.9250 0
399 0.9205 0
656 0.9110 0
952 0.9055 0
618 0.9035 0
929 0.8990 0
42 0.8981 0
216 0.8927 0
706 0.8869 0
727 0.8822 0
480 0.8746 0
797 0.8710 0
813 0.8710 0
240 0.8687 0
423 0.8598 0
1118 0.8509 0
1905 0.8225 0
1125 0.8112 0
1694 0.8111 0
1398 0.8099 0
300 0.8098 0
103 0.8060 0
356 0.8042 0
669 0.7947 0
592 0.7938 0
1938 0.7892 0
582 0.7867 0
424 0.7810 0
1259 0.7779 0
1174 0.7713 0
1903 0.7710 0
301 0.7683 0
47 0.7645 0
1744 0.7608 0
573 0.7599 0
1132 0.7510 0
1427 0.7483 0
331 0.7432 0
1877 0.7360 0
11 0.7308 0
472 0.7267 0
1368 0.7204 0
490 0.7199 0
459 0.7154 0
1976 0.7129 0
1321 0.7105 0
1394 0.7095 0
1473 0.7089 0
1395 0.7060 0
1805 0.7042 0
1937 0.7001 0
689 0.6968 0
1651 0.6694 0
963 0.6603 0
221 0.6601 0
1352 0.6583 0
1416 0.6566 0
577 0.6554 0
664 0.6472 0
620 0.6459 0
345 0.6422 0
953 0.6292 0
265 0.6268 0
934 0.6250 0
1240 0.6221 0
1470 0.6212 0
659 0.6182 0
975 0.6142 0
1438 0.6103 0
688 0.6083 0
1417 0.6039 0
1900 0.6034 0
452 0.6026 0
776 0.5982 0
67 0.5919 0
903 0.5911 0
198 0.5834 0
74 0.5787 0
31 0.5742 0
1392 0.5729 0
1147 0.5716 0
1485 0.5693 0
670 0.5631 0
1183 0.5566 0
1917 0.5426 0
1496 0.5322 0
775 0.5204 0
1494 0.5164 0
901 0.5102 0
66 0.5081 0
196 0.5074 0
126 0.5067 0
718 0.5023 0
219 0.5013 0
909 0.4995 0
907 0.4948 0
1415 0.4858 0
1692 0.4735 0
843 0.4683 0
1629 0.4683 0
673 0.4673 0
1223 0.4662 0
750 0.4616 0
1408 0.4562 0
1761 0.4503 0
986 0.4467 0
113 0.4424 0
1796 0.4416 0
1112 0.4380 0
460 0.4325 0
702 0.4312 0
1315 0.4295 0
640 0.4294 0
1246 0.4289 0
699 0.4264 0
1036 0.4185 0
180 0.4184 0
1404 0.4163 0
686 0.4086 0
1734 0.4027 0
604 0.4012 0
1845 0.4011 0
1021 0.3981 0
1922 0.3917 0
1029 0.3862 0
9 0.3783 0
1385 0.3733 0
708 0.3731 0
1902 0.3662 0
1585 0.3569 0
1535 0.3529 0
475 0.3419 0
1032 0.3406 0
1345 0.3374 0
543 0.3301 0
1929 0.3268 0
918 0.3235 0
744 0.3212 0
1930 0.3140 0
1329 0.3020 0
1682 0.2961 0
205 0.2786 0
365 0.2761 0
1343 0.2727 0
622 0.2665 0
36 0.2641 0
1244 0.2625 0
1344 0.2600 0
257 0.2560 0
230 0.2556 0
955 0.2466 0
354 0.2437 0
179 0.2385 0
1505 0.2377 0
1119 0.2258 0
1245 0.2254 0
566 0.2242 0
170 0.2191 0
518 0.2188 0
1700 0.2163 0
737 0.2144 0
494 0.2118 0
250 0.2064 0
723 0.2053 0
251 0.2037 0
1588 0.2020 0
1325 0.2010 0
1115 0.1837 0
758 0.1837 0
1616 0.1832 0
1413 0.1758 0
363 0.1728 0
418 0.1718 0
646 0.1660 0
866 0.1609 0
1846 0.1555 0
1124 0.1486 0
675 0.1483 0
159 0.1427 0
1935 0.1416 0
1334 0.1406 0
84 0.1309 0
1434 0.1295 0
1656 0.1246 0
1689 0.1233 0
19 0.1148 0
589 0.1111 0
343 0.1098 0
549 0.1083 0
1886 0.1042 0
1122 0.1016 0
1681 0.0947 0
201 0.0907 0
663 0.0791 0
601 0.0770 0
1969 0.0756 0
1847 0.0654 0
1318 0.0619 0
1257 0.0612 0
531 0.0596 0
844 0.0571 0
1320 0.0529 0
1936 0.0508 0
1683 0.0473 0
594 0.0450 0
1142 0.0410 0
401 0.0386 0
1914 0.0386 0
546 0.0367 0
402 0.0347 0
410 0.0343 0
1250 0.0263 0
145 0.0245 0
850 0.0240 0
465 0.0231 0
1411 0.0201 0
1249 0.0196 0
1943 0.0141 0
700 0.0113 0
794 0.0063 0
1948 -0.0032 0
1957 -0.0058 0
388 -0.0070 0
1017 -0.0072 0
1271 -0.0135 0
1507 -0.0146 0
206 -0.0174 0
282 -0.0232 0
1733 -0.0304 0
1289 -0.0334 0
704 -0.0401 0
1391 -0.0434 0
146 -0.0439 0
1014 -0.0446 0
725 -0.0452 0
1488 -0.0526 0
451 -0.0566 0
212 -0.0584 0
1927 -0.0597 0
129 -0.0745 0
1978 -0.0753 0
650 -0.0778 0
1331 -0.0814 0
1529 -0.0884 0
1312 -0.0897 0
1104 -0.1002 0
1823 -0.1012 0
856 -0.1013 0
1911 -0.1020 0
1539 -0.1068 0
586 -0.1083 0
1039 -0.1104 0
585 -0.1109 0
643 -0.1139 0
939 -0.1139 0
1920 -0.1213 0
572 -0.1264 0
110 -0.1272 0
163 -0.1281 0
936 -0.1305 0
1698 -0.1333 0
665 -0.1334 0
208 -0.1417 0
529 -0.1476 0
21 -0.1504 0
1511 -0.1533 0
1693 -0.1591 0
1661 -0.1608 0
2 -0.1611 0
547 -0.1617 0
87 -0.1632 0
176 -0.1706 0
755 -0.1728 0
411 -0.1735 0
440 -0.1753 0
231 -0.1761 0
162 -0.1789 0
39 -0.1790 0
1818 -0.1807 0
1891 -0.1837 0
513 -0.1852 0
1619 -0.1877 0
1282 -0.1904 0
1966 -0.1919 0
1444 -0.1931 0
1912 -0.1941 0
1305 -0.1946 0
1822 -0.1994 0
887 -0.2071 0
1049 -0.2132 0
455 -0.2157 0
1519 -0.2209 0
1837 -0.2228 0
1114 -0.2228 0
1631 -0.2249 0
325 -0.2358 0
1200 -0.2381 0
484 -0.2434 0
50 -0.2466 0
1758 -0.2515 0
892 -0.2567 0
1857 -0.2607 0
734 -0.2685 0
1136 -0.2788 0
1316 -0.2844 0
77 -0.2857 0
1154 -0.2875 0
1858 -0.2929 0
224 -0.2931 0
238 -0.2939 0
214 -0.2958 0
1565 -0.2966 0
1965 -0.2972 0
1829 -0.2999 0
406 -0.3003 0
614 -0.3022 0
1001 -0.3025 0
100 -0.3071 0
1399 -0.3077 0
609 -0.3096 0
1353 -0.3113 0
945 -0.3126 0
1541 -0.3130 0
1703 -0.3171 0
679 -0.3178 0
1723 -0.3193 0
1209 -0.3200 0
148 -0.3204 0
138 -0.3263 0
1527 -0.3353 0
1421 -0.3395 0
1604 -0.3415 0
207 -0.3474 0
1801 -0.3555 0
778 -0.3568 0
545 -0.3601 0
241 -0.3620 0
515 -0.3686 0
476 -0.3689 0
73 -0.3702 0
541 -0.3762 0
1265 -0.3804 0
1011 -0.3812 0
557 -0.3824 0
13 -0.3838 0
1103 -0.3900 0
1878 -0.3949 0
52 -0.4055 0
1010 -0.4060 0
870 -0.4076 0
1506 -0.4126 0
468 -0.4151 0
85 -0.4164 0
536 -0.4171 0
1009 -0.4255 0
859 -0.4258 0
561 -0.4290 0
64 -0.4301 0
1726 -0.4310 0
1804 -0.4359 0
341 -0.4366 0
574 -0.4390 0
1472 -0.4413 0
713 -0.4446 0
403 -0.4463 0
1478 -0.4530 0
1333 -0.4535 0
1248 -0.4547 0
1033 -0.4548 0
385 -0.4564 0
237 -0.4586 0
1904 -0.4614 0
471 -0.4696 0
1346 -0.4716 0
512 -0.4746 0
1309 -0.4788 0
1230 -0.4816 0
637 -0.4912 0
917 -0.4933 0
538 -0.4935 0
1137 -0.4952 0
105 -0.4991 0
1319 -0.5006 0
18 -0.5066 0
443 -0.5083 0
1925 -0.5090 0
835 -0.5113 0
139 -0.5230 0
578 -0.5250 0
654 -0.5292 0
1832 -0.5305 0
243 -0.5375 0
1046 -0.5432 0
685 -0.5442 0
1035 -0.5450 0
1513 -0.5452 0
527 -0.5480 0
197 -0.5602 0
22 -0.5677 0
1388 -0.5681 0
1459 -0.5759 0
350 -0.5809 0
1458 -0.5817 0
1699 -0.5901 0
595 -0.5951 0
962 -0.6004 0
607 -0.6035 0
1988 -0.6094 0
120 -0.6176 0
71 -0.6204 0
930 -0.6230 0
1330 -0.6237 0
1247 -0.6342 0
1521 -0.6367 0
634 -0.6367 0
217 -0.6419 0
1655 -0.6445 0
131 -0.6470 0
5 -0.6474 0
1913 -0.6519 0
1222 -0.6538 0
1101 -0.6540 0
293 -0.6650 0
194 -0.6728 0
695 -0.6741 0
842 -0.6741 0
1893 -0.6787 0
307 -0.6808 0
1251 -0.6844 0
1208 -0.6851 0
435 -0.6883 0
1634 -0.6917 0
710 -0.6932 0
1146 -0.6937 0
533 -0.6942 0
313 -0.6952 0
653 -0.6958 0
1609 -0.6985 0
1495 -0.6997 0
1450 -0.7072 0
569 -0.7134 0
46 -0.7226 0
1020 -0.7230 0
433 -0.7248 0
1839 -0.7258 0
658 -0.7294 0
853 -0.7298 0
493 -0.7324 0
1602 -0.7353 0
1908 -0.7355 0
1303 -0.7425 0
526 -0.7446 0
1649 -0.7454 0
1143 -0.7495 0
1149 -0.7538 0
289 -0.7586 0
462 -0.7615 0
1355 -0.7629 0
1452 -0.7645 0
1006 -0.7652 0
1928 -0.7657 0
143 -0.7668 0
995 -0.7678 0
1611 -0.7695 0
712 -0.7768 0
1841 -0.7805 0
999 -0.7814 0
1366 -0.7827 0
1866 -0.7831 0
1998 -0.7845 0
649 -0.7853 0
728 -0.7872 0
1474 -0.7884 0
871 -0.7895 0
880 -0.7908 0
1123 -0.7944 0
1422 -0.7946 0
1024 -0.7980 0
1959 -0.8008 0
746 -0.8012 0
1843 -0.8040 0
1717 -0.8163 0
447 -0.8210 0
23 -0.8235 0
974 -0.8253 0
1729 -0.8264 0
1469 -0.8367 0
1851 -0.8432 0
72 -0.8499 0
1984 -0.8524 0
1786 -0.8539 0
1043 -0.8549 0
854 -0.8648 0
1447 -0.8721 0
1336 -0.8799 0
172 -0.8820 0
118 -0.8821 0
420 -0.8843 0
1026 -0.8857 0
1031 -0.8911 0
792 -0.8918 0
716 -0.8945 0
125 -0.8963 0
662 -0.9023 0
165 -0.9045 0
950 -0.9049 0
1453 -0.9115 0
1940 -0.9127 0
1376 -0.9157 0
135 -0.9181 0
1719 -0.9213 0
1295 -0.9216 0
1738 -0.9322 0
807 -0.9334 0
225 -0.9426 0
1658 -0.9426 0
1916 -0.9503 0
177 -0.9528 0
1492 -0.9540 0
220 -0.9541 0
1855 -0.9559 0
1737 -0.9563 0
199 -0.9586 0
619 -0.9624 0
150 -0.9639 0
20 -0.9676 0
91 -0.9697 0
481 -0.9778 0
119 -0.9802 0
144 -0.9836 0
591 -0.9875 0
1885 -0.9884 0
1667 -0.9896 0
130 -0.9925 0
346 -0.9937 0
1873 -1.0037 0
28 -1.0060 0
1824 -1.0111 0
285 -1.0111 0
926 -1.0112 0
979 -1.0185 0
1048 -1.0202 0
961 -1.0257 0
1854 -1.0287 0
988 -1.0303 0
1945 -1.0354 0
616 -1.0374 0
1844 -1.0411 0
1216 -1.0458 0
1173 -1.0459 0
1465 -1.0477 0
467 -1.0531 0
298 -1.0558 0
1672 -1.0587 0
1909 -1.0591 0
684 -1.0598 0
1165 -1.0655 0
1821 -1.0660 0
29 -1.0674 0
855 -1.0717 0
1313 -1.0827 0
483 -1.1068 0
1373 -1.1117 0
203 -1.1118 0
893 -1.1135 0
1771 -1.1187 0
1356 -1.1211 0
318 -1.1270 0
151 -1.1284 0
382 -1.1290 0
338 -1.1305 0
575 -1.1376 0
875 -1.1394 0
1625 -1.1440 0
1256 -1.1468 0
86 -1.1566 0
94 -1.1567 0
228 -1.1593 0
174 -1.1623 0
1235 -1.1627 0
1812 -1.1632 0
1015 -1.1693 0
1970 -1.1697 0
1806 -1.1699 0
291 -1.1750 0
1980 -1.1787 0
1304 -1.1803 0
1224 -1.1804 0
954 -1.1825 0
1621 -1.1842 0
1983 -1.1846 0
987 -1.1856 0
1890 -1.1915 0
1221 -1.1947 0
1300 -1.1958 0
495 -1.1970 0
1133 -1.2037 0
1708 -1.2038 0
381 -1.2052 0
1156 -1.2074 0
297 -1.2091 0
51 -1.2091 0
1267 -1.2099 0
623 -1.2107 0
970 -1.2107 0
1882 -1.2144 0
1665 -1.2164 0
1347 -1.2205 0
1162 -1.2218 0
1669 -1.2220 0
233 -1.2232 0
485 -1.2267 0
1852 -1.2279 0
1989 -1.2321 0
1533 -1.2408 0
1830 -1.2413 0
474 -1.2459 0
1324 -1.2501 0
394 -1.2502 0
1730 -1.2531 0
374 -1.2591 0
1756 -1.2659 0
1828 -1.2666 0
1688 -1.2680 0
1999 -1.2709 0
1171 -1.2776 0
1207 -1.2777 0
1968 -1.2798 0
370 -1.2824 0
780 -1.2865 0
1919 -1.2879 0
193 -1.2902 0
1731 -1.2905 0
1766 -1.2955 0
1642 -1.3056 0
362 -1.3118 0
587 -1.3120 0
692 -1.3143 0
1323 -1.3182 0
1134 -1.3188 0
678 -1.3207 0
249 -1.3210 0
33 -1.3211 0
269 -1.3221 0
140 -1.3225 0
1827 -1.3230 0
890 -1.3259 0
392 -1.3321 0
10 -1.3332 0
417 -1.3364 0
1328 -1.3370 0
366 -1.3375 0
1883 -1.3387 0
551 -1.3414 0
1915 -1.3421 0
1576 -1.3462 0
358 -1.3467 0
88 -1.3485 0
1586 -1.3548 0
1587 -1.3571 0
108 -1.3582 0
647 -1.3617 0
1985 -1.3642 0
1918 -1.3642 0
1838 -1.3671 0
34 -1.3689 0
434 -1.3693 0
1802 -1.3707 0
1109 -1.3757 0
947 -1.3850 0
1720 -1.3881 0
1932 -1.3909 0
1228 -1.3947 0
973 -1.3955 0
161 -1.3968 0
209 -1.4075 0
152 -1.4088 0
852 -1.4110 0
1789 -1.4124 0
941 -1.4162 0
446 -1.4193 0
1111 -1.4193 0
1633 -1.4199 0
760 -1.4204 0
278 -1.4218 0
1340 -1.4233 0
1712 -1.4236 0
1814 -1.4248 0
1728 -1.4302 0
613 -1.4345 0
1993 -1.4368 0
876 -1.4378 0
1108 -1.4583 0
888 -1.4585 0
477 -1.4601 0
116 -1.4613 0
969 -1.4680 0
928 -1.4725 0
102 -1.4783 0
1921 -1.4832 0
1605 -1.4841 0
1711 -1.4867 0
1553 -1.4910 0
1516 -1.4948 0
1754 -1.4974 0
336 -1.5068 0
58 -1.5149 0
1647 -1.5181 0
330 -1.5220 0
448 -1.5250 0
993 -1.5306 0
1041 -1.5357 0
141 -1.5366 0
466 -1.5412 0
982 -1.5439 0
1714 -1.5456 0
1229 -1.5491 0
978 -1.5509 0
882 -1.5554 0
885 -1.5657 0
1160 -1.5705 0
1016 -1.5730 0
1871 -1.5739 0
1369 -1.5829 0
502 -1.5846 0
92 -1.5894 0
1537 -1.5899 0
1139 -1.6002 0
438 -1.6003 0
1387 -1.6012 0
1659 -1.6044 0
61 -1.6083 0
524 -1.6126 0
1480 -1.6131 0
1374 -1.6145 0
1842 -1.6146 0
555 -1.6238 0
59 -1.6291 0
312 -1.6300 0
1874 -1.6310 0
861 -1.6323 0
877 -1.6362 0
1791 -1.6389 0
122 -1.6409 0
469 -1.6446 0
117 -1.6452 0
112 -1.6505 0
883 -1.6530 0
1674 -1.6567 0
1479 -1.6568 0
1892 -1.6621 0
160 -1.6640 0
1037 -1.6656 0
1956 -1.6657 0
1144 -1.6795 0
1004 -1.6796 0
1172 -1.6826 0
965 -1.6826 0
610 -1.6836 0
583 -1.6841 0
79 -1.6853 0
1548 -1.6860 0
239 -1.6910 0
473 -1.6971 0
1972 -1.6978 0
548 -1.7027 0
1270 -1.7057 0
1808 -1.7197 0
864 -1.7198 0
419 -1.7207 0
1679 -1.7257 0
1705 -1.7288 0
183 -1.7303 0
99 -1.7316 0
1627 -1.7323 0
63 -1.7339 0
1876 -1.7450 0
1018 -1.7454 0
305 -1.7493 0
275 -1.7499 0
1351 -1.7512 0
1231 -1.7601 0
1008 -1.7714 0
1868 -1.7806 0
1532 -1.7806 0
273 -1.7808 0
1671 -1.7811 0
570 -1.7819 0
1175 -1.7845 0
1760 -1.7874 0
1820 -1.7924 0
335 -1.7930 0
1190 -1.7939 0
1923 -1.7961 0
304 -1.7974 0
1799 -1.8001 0
540 -1.8036 0
153 -1.8071 0
1638 -1.8099 0
400 -1.8144 0
1559 -1.8146 0
1455 -1.8146 0
166 -1.8235 0
1000 -1.8270 0
1294 -1.8273 0
258 -1.8344 0
624 -1.8354 0
1298 -1.8371 0
976 -1.8401 0
1117 -1.8415 0
1028 -1.8449 0
1767 -1.8496 0
1743 -1.8527 0
707 -1.8596 0
1363 -1.8596 0
1276 -1.8608 0
1530 -1.8612 0
253 -1.8651 0
1278 -1.8665 0
337 -1.8718 0
267 -1.8725 0
521 -1.8732 0
185 -1.8797 0
894 -1.8857 0
314 -1.8877 0
377 -1.8904 0
287 -1.8922 0
552 -1.8935 0
1817 -1.8948 0
1657 -1.8963 0
263 -1.8968 0
1701 -1.8992 0
380 -1.9023 0
372 -1.9025 0
1636 -1.9139 0
991 -1.9144 0
259 -1.9172 0
1831 -1.9184 0
12 -1.9187 0
62 -1.9252 0
1677 -1.9259 0
1709 -1.9311 0
1809 -1.9316 0
1580 -1.9344 0
1264 -1.9350 0
396 -1.9374 0
1840 -1.9427 0
1704 -1.9533 0
1467 -1.9540 0
1187 -1.9543 0
27 -1.9551 0
611 -1.9553 0
1721 -1.9599 0
1813 -1.9649 0
1558 -1.9664 0
1337 -1.9674 0
292 -1.9741 0
858 -1.9767 0
56 -1.9791 0
1632 -1.9803 0
395 -1.9829 0
218 -1.9837 0
1451 -1.9913 0
1979 -1.9920 0
1800 -1.9948 0
1464 -1.9963 0
1990 -1.9983 0
1361 -2.0035 0
1670 -2.0051 0
75 -2.0054 0
1161 -2.0054 0
40 -2.0163 0
425 -2.0245 0
1349 -2.0253 0
1753 -2.0272 0
1192 -2.0273 0
1955 -2.0303 0
1833 -2.0337 0
1977 -2.0350 0
210 -2.0392 0
1710 -2.0406 0
523 -2.0424 0
1815 -2.0427 0
227 -2.0428 0
1012 -2.0431 0
1778 -2.0478 0
1727 -2.0485 0
1477 -2.0494 0
155 -2.0550 0
124 -2.0562 0
1042 -2.0606 0
1695 -2.0799 0
1931 -2.0850 0
114 -2.0931 0
1807 -2.0933 0
1005 -2.0940 0
1992 -2.1076 0
181 -2.1101 0
1284 -2.1151 0
1302 -2.1195 0
1775 -2.1217 0
1718 -2.1244 0
895 -2.1244 0
1673 -2.1263 0
966 -2.1275 0
283 -2.1304 0
1803 -2.1348 0
158 -2.1361 0
142 -2.1408 0
127 -2.1449 0
1520 -2.1495 0
391 -2.1502 0
147 -2.1526 0
1578 -2.1529 0
1025 -2.1569 0
107 -2.1592 0
1724 -2.1602 0
603 -2.1615 0
1826 -2.1634 0
1547 -2.1697 0
188 -2.1698 0
1779 -2.1704 0
1499 -2.1723 0
1273 -2.1731 0
264 -2.1790 0
449 -2.1824 0
1952 -2.1832 0
211 -2.1932 0
1933 -2.1943 0
111 -2.1949 0
1967 -2.1958 0
1949 -2.1961 0
371 -2.1977 0
1736 -2.1992 0
232 -2.2035 0
1964 -2.2051 0
1013 -2.2051 0
1544 -2.2062 0
492 -2.2075 0
1486 -2.2076 0
1490 -2.2083 0
1934 -2.2099 0
1383 -2.2108 0
186 -2.2143 0
1 -2.2172 0
940 -2.2196 0
1686 -2.2199 0
397 -2.2206 0
510 -2.2239 0
149 -2.2259 0
175 -2.2390 0
1269 -2.2412 0
286 -2.2415 0
270 -2.2449 0
1367 -2.2451 0
1639 -2.2457 0
213 -2.2482 0
1138 -2.2492 0
271 -2.2506 0
1762 -2.2522 0
635 -2.2536 0
1690 -2.2589 0
1512 -2.2599 0
1279 -2.2647 0
272 -2.2668 0
1626 -2.2674 0
1475 -2.2695 0
1288 -2.2709 0
83 -2.2727 0
1262 -2.2756 0
1027 -2.2770 0
867 -2.2848 0
1528 -2.2854 0
677 -2.2870 0
1390 -2.2881 0
1869 -2.2902 0
499 -2.2926 0
1867 -2.2939 0
376 -2.2976 0
1982 -2.2978 0
431 -2.2991 0
1540 -2.2999 0
1191 -2.3015 0
375 -2.3034 0
1750 -2.3087 0
1167 -2.3092 0
1275 -2.3111 0
968 -2.3140 0
608 -2.3157 0
1386 -2.3181 0
1628 -2.3202 0
1880 -2.3204 0
514 -2.3254 0
1887 -2.3272 0
1680 -2.3331 0
378 -2.3343 0
1986 -2.3383 0
1178 -2.3426 0
1188 -2.3454 0
1664 -2.3511 0
1926 -2.3539 0
69 -2.3552 0
1644 -2.3639 0
1285 -2.3657 0
972 -2.3671 0
1372 -2.3691 0
651 -2.3711 0
1748 -2.3715 0
1348 -2.3720 0
200 -2.3769 0
1995 -2.3795 0
1555 -2.3811 0
626 -2.3959 0
1332 -2.3970 0
959 -2.3972 0
1023 -2.3992 0
1571 -2.4018 0
1365 -2.4057 0
1894 -2.4059 0
1895 -2.4076 0
189 -2.4084 0
187 -2.4089 0
55 -2.4130 0
192 -2.4147 0
1776 -2.4183 0
1678 -2.4273 0
234 -2.4290 0
1552 -2.4306 0
93 -2.4336 0
983 -2.4361 0
1954 -2.4379 0
1774 -2.4386 0
1741 -2.4419 0
157 -2.4436 0
1468 -2.4482 0
1254 -2.4682 0
1865 -2.4711 0
1963 -2.4758 0
43 -2.4811 0
351 -2.4818 0
851 -2.4874 0
1186 -2.4922 0
0 -2.4995 0
1816 -2.5042 0
1975 -2.5094 0
248 -2.5145 0
1607 -2.5244 0
1781 -2.5261 0
1660 -2.5324 0
1617 -2.5332 0
1483 -2.5337 0
1545 -2.5342 0
1536 -2.5391 0
1378 -2.5395 0
1572 -2.5412 0
276 -2.5413 0
1184 -2.5546 0
404 -2.5624 0
1007 -2.5659 0
1787 -2.5713 0
78 -2.5722 0
489 -2.5740 0
1794 -2.5800 0
996 -2.5959 0
1377 -2.6087 0
1504 -2.6100 0
1364 -2.6119 0
1899 -2.6142 0
95 -2.6163 0
957 -2.6167 0
1047 -2.6216 0
80 -2.6247 0
280 -2.6309 0
54 -2.6322 0
627 -2.6380 0
1811 -2.6386 0
284 -2.6397 0
1583 -2.6487 0
294 -2.6490 0
322 -2.6530 0
642 -2.6535 0
461 -2.6590 0
1150 -2.6599 0
1950 -2.6715 0
1359 -2.6823 0
44 -2.6878 0
281 -2.6883 0
977 -2.6895 0
1872 -2.6912 0
236 -2.6944 0
1702 -2.6966 0
320 -2.7006 0
1960 -2.7006 0
1518 -2.7037 0
605 -2.7169 0
1543 -2.7170 0
1864 -2.7193 0
215 -2.7206 0
1522 -2.7224 0
630 -2.7244 0
1924 -2.7320 0
169 -2.7327 0
1768 -2.7333 0
644 -2.7346 0
268 -2.7377 0
992 -2.7437 0
1358 -2.7438 0
76 -2.7496 0
1493 -2.7547 0
1584 -2.7570 0
1570 -2.7623 0
964 -2.7624 0
1471 -2.7626 0
1974 -2.7678 0
1755 -2.7722 0
229 -2.7726 0
156 -2.7745 0
1910 -2.7790 0
1618 -2.7796 0
1274 -2.7833 0
1785 -2.7898 0
1481 -2.7954 0
1176 -2.7977 0
1437 -2.8008 0
1793 -2.8069 0
454 -2.8118 0
1725 -2.8275 0
1747 -2.8275 0
1287 -2.8277 0
1997 -2.8282 0
235 -2.8293 0
994 -2.8369 0
1508 -2.8552 0
1554 -2.8563 0
1045 -2.8563 0
717 -2.8567 0
184 -2.8577 0
1944 -2.8605 0
652 -2.8606 0
296 -2.8665 0
1462 -2.8679 0
989 -2.8682 0
191 -2.8719 0
1546 -2.8785 0
539 -2.8837 0
1199 -2.8968 0
1742 -2.9037 0
1487 -2.9038 0
671 -2.9069 0
98 -2.9218 0
1197 -2.9276 0
638 -2.9399 0
1515 -2.9406 0
1307 -2.9408 0
82 -2.9441 0
958 -2.9486 0
1166 -2.9487 0
367 -2.9498 0
1593 -2.9604 0
1716 -2.9636 0
1322 -2.9641 0
981 -2.9700 0
520 -2.9718 0
1102 -2.9758 0
1601 -2.9843 0
1853 -2.9923 0
1770 -3.0016 0
1341 -3.0017 0
1901 -3.0042 0
1457 -3.0052 0
1896 -3.0061 0
1525 -3.0138 0
386 -3.0150 0
90 -3.0242 0
1283 -3.0281 0
14 -3.0413 0
884 -3.0515 0
1301 -3.0522 0
104 -3.0544 0
393 -3.0592 0
1856 -3.0609 0
154 -3.0621 0
1971 -3.0712 0
68 -3.0726 0
1538 -3.0759 0
860 -3.0764 0
81 -3.0778 0
980 -3.0781 0
1592 -3.0862 0
1942 -3.0872 0
1715 -3.0997 0
486 -3.1045 0
1177 -3.1135 0
355 -3.1276 0
1849 -3.1303 0
384 -3.1387 0
1953 -3.1420 0
676 -3.1463 0
1193 -3.1532 0
1780 -3.1574 0
1819 -3.1606 0
1253 -3.1639 0
1589 -3.1674 0
648 -3.1677 0
862 -3.1838 0
1732 -3.1912 0
352 -3.1915 0
1946 -3.1947 0
1030 -3.2027 0
1577 -3.2027 0
1500 -3.2038 0
1994 -3.2104 0
632 -3.2180 0
1848 -3.2208 0
1563 -3.2210 0
1663 -3.2292 0
1777 -3.2350 0
1675 -3.2404 0
1153 -3.2407 0
57 -3.2428 0
1561 -3.2441 0
1757 -3.2443 0
53 -3.2465 0
1764 -3.2522 0
1460 -3.2693 0
167 -3.2703 0
1306 -3.2705 0
1881 -3.2769 0
1713 -3.2835 0
288 -3.2889 0
1260 -3.2957 0
1749 -3.2988 0
1371 -3.3092 0
295 -3.3168 0
1624 -3.3185 0
680 -3.3202 0
1603 -3.3268 0
357 -3.3275 0
897 -3.3337 0
1597 -3.3426 0
387 -3.3541 0
1596 -3.3577 0
1745 -3.3623 0
1534 -3.3797 0
132 -3.3856 0
1277 -3.3861 0
1195 -3.3916 0
1951 -3.3941 0
1389 -3.3948 0
1461 -3.4103 0
1569 -3.4123 0
1169 -3.4224 0
1961 -3.4301 0
1653 -3.4331 0
1549 -3.4344 0
1962 -3.4498 0
1888 -3.4577 0
553 -3.4671 0
1790 -3.4674 0
1338 -3.4828 0
1697 -3.4913 0
960 -3.4941 0
1454 -3.4961 0
1335 -3.5064 0
668 -3.5346 0
1784 -3.5350 0
1746 -3.5381 0
1514 -3.5428 0
1310 -3.5449 0
1648 -3.5615 0
1375 -3.5800 0
1684 -3.5828 0
878 -3.5841 0
373 -3.5923 0
37 -3.5953 0
121 -3.5996 0
1654 -3.6010 0
1510 -3.6146 0
1706 -3.6352 0
1581 -3.6522 0
1556 -3.6551 0
1773 -3.6574 0
1668 -3.6625 0
873 -3.6654 0
171 -3.6655 0
1875 -3.6782 0
971 -3.6792 0
1497 -3.6818 0
1503 -3.6952 0
1170 -3.6972 0
178 -3.7085 0
1788 -3.7109 0
1526 -3.7119 0
1557 -3.7137 0
256 -3.7211 0
1354 -3.7246 0
60 -3.7325 0
65 -3.7428 0
899 -3.7440 0
967 -3.7459 0
89 -3.7476 0
1181 -3.7563 0
1362 -3.7604 0
1859 -3.7605 0
1484 -3.7618 0
488 -3.7619 0
612 -3.7734 0
1463 -3.7952 0
115 -3.7994 0
998 -3.8004 0
1825 -3.8035 0
1615 -3.8051 0
1130 -3.8094 0
1502 -3.8212 0
398 -3.8402 0
261 -3.8544 0
1517 -3.8716 0
1579 -3.8731 0
1582 -3.8740 0
1591 -3.8820 0
898 -3.8890 0
615 -3.8964 0
1482 -3.9021 0
1573 -3.9140 0
1189 -3.9200 0
252 -3.9273 0
1286 -3.9364 0
97 -3.9383 0
1650 -3.9421 0
1640 -3.9435 0
1509 -3.9533 0
1981 -3.9634 0
1769 -3.9659 0
1782 -3.9687 0
1551 -3.9750 0
48 -3.9750 0
1623 -3.9805 0
997 -4.0110 0
277 -4.0344 0
1393 -4.0345 0
1164 -4.0445 0
1630 -4.0600 0
1381 -4.0772 0
1763 -4.0773 0
38 -4.0899 0
1297 -4.1001 0
617 -4.1006 0
368 -4.1037 0
70 -4.1271 0
266 -4.1289 0
1620 -4.1349 0
299 -4.1463 0
1897 -4.1552 0
101 -4.1646 0
1973 -4.1811 0
1152 -4.1849 0
1456 -4.1873 0
96 -4.1879 0
1308 -4.1888 0
1798 -4.2069 0
509 -4.2080 0
254 -4.2084 0
1151 -4.2209 0
1560 -4.2387 0
1835 -4.2601 0
389 -4.2673 0
1606 -4.2686 0
134 -4.2696 0
1280 -4.2748 0
1311 -4.3076 0
1261 -4.3121 0
1598 -4.3260 0
1765 -4.3275 0
1258 -4.3315 0
1523 -4.3362 0
136 -4.3459 0
1040 -4.3479 0
1531 -4.3613 0
1185 -4.3669 0
1567 -4.3728 0
260 -4.3771 0
1600 -4.3804 0
1645 -4.3847 0
1635 -4.4042 0
1179 -4.4273 0
1198 -4.4779 0
1646 -4.4805 0
6 -4.4962 0
1860 -4.5245 0
1182 -4.5273 0
1759 -4.5587 0
1524 -4.5857 0
279 -4.5896 0
1290 -4.6353 0
628 -4.6477 0
1489 -4.6649 0
1696 -4.6777 0
1795 -4.7072 0
1163 -4.7185 0
1594 -4.7385 0
1614 -4.7400 0
1590 -4.7824 0
1687 -4.7862 0
1281 -4.8021 0
1722 -4.8259 0
1168 -4.8583 0
1196 -4.8705 0
1272 -4.9848 0
1691 -5.0002 0
1566 -5.0221 0
1613 -5.0447 0
463 -5.0547 0
247 -5.0638 0
1252 -5.0673 0
1595 -5.1347 0
1342 -5.1672 0
1599 -5.2573 0
1550 -5.2753 0
1610 -5.3064 0
868 -5.4417 0
1637 -5.4721 0
1155 -5.5048 0
1339 -5.5087 0
1562 -5.5422 0
255 -5.6346 0
1568 -5.7688 0
1157 -5.7879 0
1783 -5.8295 0
1379 -5.8885 0
1159 -5.9266 0
1268 -5.9595 0
1622 -6.0645 0
1772 -6.1804 0
1158 -6.2133 0
629 -6.2375 0
1641 -6.2598 0
1350 -7.1714 0
456 -7.6706 0
