1104 27.4916 1
1105 25.4066 1
1120 25.3318 1
1149 24.1199 1
1108 23.8956 1
1103 21.8319 1
1133 21.8309 1
1143 21.4723 1
1101 21.3204 1
1139 21.1294 1
1112 20.8314 1
1111 20.5637 1
1106 20.3376 1
1115 19.7446 1
1137 18.9702 1
1135 18.8148 1
1125 18.7222 1
1109 18.6296 1
1113 18.3823 1
1114 18.2447 1
1123 17.6725 1
1119 17.4752 1
1132 17.3033 1
1122 17.1539 1
1121 16.8262 1
1129 16.6823 1
1128 15.8883 1
1302 15.7199 0
1145 13.7891 1
1305 13.4818 0
1134 13.3610 1
1130 13.3209 1
1107 13.2641 1
1141 13.1233 1
1116 12.9175 1
349 12.0860 0
1147 11.9742 1
1311 11.9432 0
1102 11.4051 1
1136 10.8045 1
313 10.6322 0
1308 10.5972 0
1110 9.6313 1
1124 9.5840 1
1230 9.4449 0
1259 9.4254 0
1100 9.3813 1
1330 9.3214 0
1144 9.3170 1
767 9.0734 0
1127 9.0307 1
1146 8.9289 1
1148 8.9120 1
1374 8.8629 0
1126 8.5346 1
755 8.3560 0
1313 8.0331 0
893 7.8907 0
1131 7.8030 1
326 7.2313 0
769 7.1843 0
1142 7.0751 1
1015 7.0030 0
1346 6.9908 0
827 6.9831 0
1348 6.5480 0
1544 6.4904 0
1176 6.3842 0
1810 6.1773 0
798 6.1771 0
1329 6.1099 0
1304 6.0913 0
528 6.0789 0
864 5.9685 0
1262 5.8577 0
1290 5.8462 0
1270 5.8170 0
460 5.8066 0
303 5.7996 0
1307 5.7568 0
1952 5.7126 0
305 5.6863 0
372 5.6792 0
65 5.5918 0
770 5.5443 0
468 5.5333 0
697 5.5027 0
1300 5.4735 0
868 5.4459 0
1171 5.4348 0
322 5.4278 0
1748 5.3974 0
1292 5.3850 0
299 5.3774 0
794 5.3767 0
93 5.3525 0
490 5.3467 0
1012 5.3074 0
1303 5.2620 0
472 5.2494 0
1996 5.2426 0
97 5.2150 0
1138 5.1466 1
689 5.1186 0
320 5.0560 0
335 5.0496 0
475 4.9624 0
1850 4.9619 0
797 4.9610 0
493 4.9458 0
1376 4.9399 0
336 4.8963 0
527 4.8728 0
1269 4.7955 0
949 4.7591 0
1022 4.7235 0
1364 4.6711 0
373 4.6302 0
87 4.6148 0
55 4.5923 0
955 4.5714 0
1715 4.5519 0
1297 4.5358 0
492 4.5282 0
325 4.5034 0
1265 4.5005 0
783 4.4945 0
752 4.4830 0
757 4.4529 0
1118 4.4496 1
1317 4.4309 0
694 4.3815 0
877 4.3494 0
1002 4.3482 0
982 4.3396 0
75 4.3376 0
1254 4.2897 0
333 4.2620 0
1412 4.2562 0
687 4.2424 0
1174 4.1988 0
671 4.1962 0
660 4.1888 0
872 4.1747 0
873 4.1415 0
1413 4.1349 0
1310 4.1195 0
750 4.0890 0
1232 4.0259 0
952 4.0178 0
1445 4.0111 0
1341 3.9949 0
876 3.9835 0
1369 3.9570 0
921 3.9541 0
765 3.9523 0
786 3.9320 0
1140 3.9231 1
73 3.8877 0
1175 3.8808 0
476 3.8722 0
781 3.8635 0
796 3.8259 0
1320 3.8105 0
1363 3.8099 0
1285 3.8029 0
637 3.7927 0
778 3.7925 0
776 3.7905 0
1337 3.7738 0
1167 3.7430 0
811 3.7328 0
803 3.7221 0
1272 3.7011 0
1512 3.7009 0
1423 3.6729 0
530 3.6726 0
314 3.6283 0
1194 3.5935 0
858 3.5888 0
513 3.5771 0
328 3.5664 0
454 3.5488 0
1271 3.5439 0
1490 3.5353 0
284 3.5317 0
799 3.5286 0
933 3.5252 0
321 3.5251 0
779 3.5234 0
1941 3.5124 0
332 3.5087 0
473 3.5037 0
545 3.4970 0
780 3.4217 0
668 3.4214 0
14 3.3770 0
1730 3.3329 0
1336 3.2967 0
1377 3.2958 0
496 3.2952 0
1324 3.2943 0
785 3.2695 0
772 3.2508 0
1488 3.2201 0
995 3.2162 0
1716 3.2158 0
334 3.2125 0
1944 3.2002 0
874 3.1999 0
1784 3.1923 0
1345 3.1780 0
1249 3.1756 0
1357 3.1607 0
343 3.1606 0
1375 3.1573 0
766 3.1531 0
292 3.1345 0
954 3.1342 0
340 3.1006 0
329 3.0940 0
344 3.0887 0
664 3.0866 0
1429 3.0804 0
1153 3.0693 0
761 3.0598 0
462 3.0583 0
1257 3.0520 0
345 3.0472 0
774 3.0333 0
1665 3.0263 0
854 3.0173 0
878 2.9804 0
1844 2.9686 0
1291 2.9647 0
675 2.9436 0
294 2.9335 0
1287 2.9045 0
397 2.9001 0
330 2.8979 0
853 2.8673 0
1335 2.8665 0
66 2.8621 0
1933 2.8607 0
311 2.8458 0
754 2.8457 0
240 2.8324 0
226 2.8189 0
1383 2.8059 0
739 2.7950 0
1661 2.7745 0
489 2.7505 0
501 2.7385 0
1097 2.7359 0
1385 2.7087 0
68 2.6976 0
947 2.6940 0
64 2.6916 0
759 2.6817 0
1256 2.6716 0
1023 2.6700 0
886 2.6620 0
773 2.6568 0
1567 2.6529 0
1500 2.6507 0
1309 2.6393 0
883 2.6388 0
1437 2.6309 0
963 2.6146 0
1075 2.6142 0
1186 2.6086 0
863 2.5919 0
662 2.5565 0
324 2.5395 0
891 2.5316 0
851 2.5186 0
1213 2.5099 0
315 2.4954 0
1417 2.4884 0
1710 2.4867 0
398 2.4635 0
1387 2.4590 0
1019 2.4496 0
960 2.4472 0
1318 2.4413 0
880 2.4293 0
1151 2.4252 0
760 2.4236 0
224 2.4112 0
879 2.4060 0
1505 2.3842 0
737 2.3834 0
1282 2.3800 0
317 2.3734 0
793 2.3715 0
1058 2.3655 0
1362 2.3642 0
887 2.3586 0
1367 2.3534 0
1011 2.3457 0
60 2.3445 0
839 2.3325 0
784 2.3283 0
229 2.3182 0
1553 2.3166 0
1373 2.3108 0
649 2.3061 0
855 2.3007 0
1384 2.2963 0
94 2.2838 0
875 2.2761 0
624 2.2737 0
998 2.2692 0
3 2.2596 0
787 2.2553 0
483 2.2412 0
1195 2.2311 0
762 2.2293 0
1899 2.2231 0
867 2.2227 0
1591 2.2196 0
331 2.2169 0
829 2.1695 0
1314 2.1694 0
897 2.1676 0
971 2.1647 0
1919 2.1559 0
1188 2.1558 0
894 2.1430 0
1216 2.1392 0
586 2.1374 0
499 2.1252 0
342 2.1108 0
618 2.1084 0
1093 2.1023 0
1226 2.0967 0
1372 2.0944 0
1419 2.0828 0
1721 2.0810 0
1342 2.0692 0
1187 2.0677 0
282 2.0629 0
970 2.0451 0
885 2.0447 0
1361 2.0350 0
142 2.0336 0
988 2.0242 0
704 2.0041 0
463 2.0033 0
1395 1.9945 0
1881 1.9849 0
1029 1.9835 0
1045 1.9637 0
966 1.9599 0
1180 1.9552 0
1827 1.9443 0
639 1.9324 0
288 1.9252 0
543 1.9129 0
1334 1.9119 0
221 1.9105 0
110 1.8888 0
312 1.8871 0
1040 1.8806 0
1027 1.8799 0
217 1.8797 0
1010 1.8689 0
1333 1.8607 0
1812 1.8603 0
495 1.8530 0
1081 1.8499 0
1020 1.8346 0
840 1.8315 0
658 1.8301 0
1386 1.7978 0
327 1.7937 0
461 1.7933 0
233 1.7792 0
1359 1.7735 0
1298 1.7641 0
267 1.7549 0
96 1.7502 0
4 1.7443 0
866 1.7297 0
974 1.7271 0
410 1.7220 0
498 1.7220 0
962 1.7144 0
1691 1.7101 0
494 1.7045 0
1684 1.7026 0
48 1.7004 0
470 1.7003 0
277 1.6964 0
1239 1.6938 0
1328 1.6840 0
29 1.6711 0
433 1.6680 0
1501 1.6652 0
740 1.6605 0
849 1.6598 0
1709 1.6540 0
983 1.6355 0
1013 1.6199 0
1062 1.6070 0
428 1.6063 0
77 1.5985 0
319 1.5981 0
1392 1.5918 0
627 1.5882 0
210 1.5863 0
347 1.5855 0
700 1.5735 0
1117 1.5723 1
1163 1.5659 0
1801 1.5609 0
1283 1.5505 0
477 1.5496 0
484 1.5405 0
1547 1.5391 0
906 1.5369 0
481 1.5332 0
1528 1.5250 0
967 1.5249 0
1370 1.5247 0
1072 1.5235 0
59 1.5210 0
1858 1.5051 0
1306 1.5031 0
455 1.4916 0
1871 1.4820 0
54 1.4756 0
409 1.4715 0
1157 1.4701 0
1838 1.4499 0
159 1.4420 0
566 1.4419 0
751 1.4393 0
296 1.4248 0
247 1.4223 0
959 1.4211 0
1534 1.4186 0
997 1.4185 0
363 1.4175 0
1877 1.4098 0
1006 1.4079 0
265 1.4067 0
1592 1.4027 0
861 1.3970 0
1209 1.3924 0
1813 1.3898 0
408 1.3796 0
1352 1.3759 0
471 1.3746 0
459 1.3715 0
1685 1.3661 0
736 1.3658 0
792 1.3627 0
693 1.3450 0
856 1.3422 0
308 1.3283 0
728 1.3250 0
1568 1.3203 0
1378 1.3187 0
1405 1.3154 0
1064 1.3128 0
1843 1.3006 0
92 1.2988 0
488 1.2986 0
1295 1.2961 0
674 1.2953 0
815 1.2930 0
1162 1.2803 0
374 1.2798 0
378 1.2719 0
823 1.2557 0
337 1.2557 0
1675 1.2541 0
1319 1.2518 0
257 1.2516 0
1061 1.2510 0
1288 1.2454 0
581 1.2426 0
1225 1.2339 0
1028 1.2307 0
1253 1.2307 0
309 1.2228 0
924 1.2218 0
842 1.2212 0
5 1.2138 0
1745 1.2123 0
12 1.2113 0
1098 1.2104 0
977 1.1982 0
1475 1.1888 0
451 1.1868 0
1839 1.1846 0
1322 1.1844 0
149 1.1833 0
1674 1.1812 0
512 1.1792 0
549 1.1744 0
1889 1.1645 0
318 1.1494 0
1326 1.1444 0
2 1.1434 0
1537 1.1397 0
573 1.1299 0
859 1.1248 0
1738 1.1146 0
758 1.0985 0
1193 1.0966 0
377 1.0963 0
734 1.0921 0
1695 1.0901 0
1472 1.0871 0
1184 1.0731 0
667 1.0678 0
1909 1.0632 0
23 1.0603 0
844 1.0603 0
941 1.0596 0
1197 1.0588 0
611 1.0576 0
368 1.0565 0
1388 1.0300 0
1258 1.0290 0
606 1.0286 0
890 1.0170 0
1435 1.0143 0
1368 1.0137 0
729 1.0091 0
256 1.0090 0
648 1.0058 0
681 0.9966 0
777 0.9921 0
615 0.9912 0
385 0.9851 0
1937 0.9820 0
712 0.9732 0
99 0.9725 0
341 0.9690 0
685 0.9642 0
1536 0.9630 0
307 0.9600 0
89 0.9570 0
628 0.9538 0
790 0.9531 0
1677 0.9507 0
1323 0.9421 0
1340 0.9401 0
1095 0.9347 0
1575 0.9335 0
749 0.9303 0
380 0.9254 0
403 0.9253 0
951 0.9203 0
795 0.9145 0
1354 0.9114 0
531 0.9066 0
701 0.9058 0
214 0.9053 0
1160 0.8929 0
540 0.8849 0
850 0.8812 0
1399 0.8799 0
525 0.8791 0
898 0.8629 0
1735 0.8548 0
584 0.8531 0
160 0.8516 0
768 0.8483 0
67 0.8391 0
1440 0.8226 0
1014 0.8186 0
1806 0.8150 0
763 0.8115 0
1625 0.8092 0
1021 0.8086 0
537 0.8050 0
825 0.8043 0
908 0.7990 0
714 0.7731 0
1016 0.7718 0
1836 0.7704 0
818 0.7691 0
1477 0.7549 0
1284 0.7474 0
718 0.7419 0
1669 0.7340 0
1155 0.7335 0
1590 0.7320 0
1829 0.7319 0
1503 0.7272 0
1210 0.7115 0
346 0.7114 0
393 0.7049 0
561 0.7040 0
400 0.7026 0
640 0.6935 0
862 0.6862 0
1033 0.6830 0
1245 0.6804 0
926 0.6738 0
406 0.6685 0
665 0.6662 0
909 0.6604 0
684 0.6540 0
1895 0.6506 0
204 0.6497 0
1349 0.6490 0
1332 0.6350 0
1074 0.6281 0
1673 0.6227 0
1338 0.6194 0
1870 0.6136 0
350 0.6129 0
672 0.6126 0
1327 0.6086 0
1690 0.6064 0
705 0.5832 0
1001 0.5828 0
1683 0.5806 0
1832 0.5790 0
603 0.5751 0
1201 0.5725 0
557 0.5712 0
1491 0.5694 0
1577 0.5654 0
1883 0.5641 0
1814 0.5636 0
79 0.5634 0
1035 0.5618 0
608 0.5589 0
1903 0.5576 0
914 0.5562 0
251 0.5521 0
847 0.5448 0
1251 0.5412 0
551 0.5338 0
1389 0.5320 0
32 0.5317 0
1434 0.5312 0
1530 0.5306 0
1565 0.5226 0
976 0.5179 0
1425 0.5131 0
1261 0.5091 0
1415 0.5081 0
1822 0.5029 0
659 0.4882 0
622 0.4863 0
889 0.4791 0
546 0.4691 0
82 0.4677 0
771 0.4658 0
49 0.4587 0
653 0.4503 0
1908 0.4455 0
52 0.4449 0
629 0.4391 0
1522 0.4350 0
1017 0.4226 0
510 0.4210 0
1154 0.4166 0
715 0.4161 0
1325 0.4142 0
991 0.4134 0
1347 0.4046 0
582 0.4037 0
733 0.3845 0
630 0.3819 0
1365 0.3759 0
836 0.3739 0
721 0.3725 0
362 0.3724 0
1682 0.3701 0
1574 0.3655 0
652 0.3549 0
731 0.3416 0
1275 0.3394 0
1521 0.3361 0
1398 0.3296 0
1089 0.3294 0
302 0.3239 0
457 0.3202 0
698 0.3187 0
917 0.3065 0
446 0.2935 0
1343 0.2877 0
249 0.2830 0
918 0.2791 0
401 0.2745 0
452 0.2728 0
1321 0.2694 0
1573 0.2622 0
882 0.2597 0
644 0.2559 0
339 0.2476 0
555 0.2466 0
604 0.2444 0
1663 0.2383 0
435 0.2324 0
626 0.2241 0
511 0.2208 0
1173 0.2206 0
989 0.2104 0
1085 0.2012 0
225 0.1963 0
837 0.1902 0
574 0.1842 0
1169 0.1834 0
415 0.1819 0
264 0.1709 0
1076 0.1663 0
448 0.1556 0
1267 0.1455 0
981 0.1433 0
892 0.1297 0
269 0.1287 0
932 0.1235 0
1557 0.1230 0
1266 0.1163 0
1888 0.1133 0
174 0.1130 0
1456 0.1096 0
920 0.1072 0
95 0.1011 0
560 0.0965 0
937 0.0962 0
387 0.0953 0
1379 0.0889 0
834 0.0889 0
1964 0.0826 0
1520 0.0813 0
999 0.0807 0
529 0.0765 0
716 0.0765 0
1380 0.0739 0
725 0.0738 0
1166 0.0725 0
696 0.0722 0
590 0.0684 0
654 0.0653 0
58 0.0544 0
1802 0.0532 0
996 0.0499 0
405 0.0443 0
669 0.0437 0
1069 0.0431 0
414 0.0414 0
788 0.0348 0
1220 0.0289 0
131 0.0278 0
547 0.0249 0
1632 0.0234 0
1830 0.0189 0
916 0.0135 0
440 0.0067 0
1717 0.0059 0
1206 0.0024 0
676 0.0011 0
467 -0.0044 0
1280 -0.0082 0
832 -0.0131 0
896 -0.0202 0
1263 -0.0365 0
1316 -0.0368 0
443 -0.0404 0
1992 -0.0413 0
456 -0.0420 0
1687 -0.0463 0
650 -0.0575 0
45 -0.0609 0
480 -0.0630 0
708 -0.0630 0
956 -0.0669 0
1315 -0.0669 0
1391 -0.0696 0
1177 -0.0766 0
588 -0.0773 0
713 -0.0797 0
1407 -0.1003 0
436 -0.1062 0
1223 -0.1119 0
686 -0.1261 0
1273 -0.1293 0
1250 -0.1323 0
381 -0.1418 0
250 -0.1441 0
1845 -0.1445 0
179 -0.1501 0
273 -0.1592 0
1038 -0.1600 0
514 -0.1605 0
1056 -0.1607 0
813 -0.1615 0
391 -0.1673 0
1804 -0.1674 0
1529 -0.1683 0
28 -0.1742 0
1811 -0.1803 0
158 -0.1840 0
1032 -0.1928 0
682 -0.1936 0
881 -0.1956 0
216 -0.1997 0
1252 -0.2056 0
565 -0.2102 0
289 -0.2156 0
1918 -0.2160 0
1478 -0.2197 0
252 -0.2216 0
1068 -0.2223 0
1645 -0.2283 0
558 -0.2283 0
33 -0.2328 0
521 -0.2331 0
1199 -0.2416 0
1621 -0.2427 0
1934 -0.2482 0
911 -0.2488 0
1831 -0.2529 0
1063 -0.2543 0
1299 -0.2662 0
978 -0.2739 0
430 -0.2801 0
610 -0.2812 0
1746 -0.2814 0
1628 -0.2921 0
821 -0.2982 0
139 -0.2993 0
1705 -0.3026 0
1604 -0.3032 0
246 -0.3039 0
1469 -0.3095 0
1086 -0.3140 0
1882 -0.3144 0
804 -0.3176 0
1099 -0.3246 0
554 -0.3285 0
1381 -0.3299 0
1506 -0.3302 0
108 -0.3310 0
993 -0.3331 0
453 -0.3413 0
735 -0.3422 0
478 -0.3443 0
1485 -0.3494 0
691 -0.3520 0
720 -0.3558 0
507 -0.3565 0
1509 -0.3573 0
103 -0.3576 0
1489 -0.3583 0
1005 -0.3646 0
595 -0.3745 0
625 -0.3757 0
1279 -0.3850 0
814 -0.3856 0
564 -0.3994 0
1892 -0.4020 0
1231 -0.4048 0
50 -0.4061 0
1024 -0.4099 0
670 -0.4129 0
1281 -0.4142 0
426 -0.4155 0
1693 -0.4194 0
710 -0.4198 0
1507 -0.4249 0
123 -0.4278 0
1 -0.4311 0
1087 -0.4334 0
1090 -0.4350 0
213 -0.4417 0
1938 -0.4419 0
268 -0.4436 0
287 -0.4465 0
1823 -0.4508 0
1018 -0.4573 0
198 -0.4587 0
1926 -0.4617 0
1868 -0.4632 0
1243 -0.4637 0
1841 -0.4641 0
1276 -0.4655 0
1835 -0.4680 0
371 -0.4709 0
1091 -0.4715 0
1463 -0.4742 0
703 -0.4753 0
348 -0.4758 0
1390 -0.4787 0
848 -0.4804 0
69 -0.4809 0
732 -0.4877 0
127 -0.4948 0
26 -0.4986 0
121 -0.4991 0
634 -0.5052 0
969 -0.5111 0
1809 -0.5115 0
646 -0.5129 0
972 -0.5155 0
370 -0.5164 0
1878 -0.5174 0
938 -0.5255 0
212 -0.5354 0
1170 -0.5359 0
1935 -0.5390 0
1394 -0.5398 0
1596 -0.5430 0
1260 -0.5448 0
748 -0.5469 0
1837 -0.5528 0
575 -0.5585 0
1366 -0.5666 0
1401 -0.5686 0
1631 -0.5711 0
1356 -0.5735 0
1200 -0.5784 0
616 -0.5832 0
541 -0.5895 0
1457 -0.5921 0
1848 -0.5944 0
548 -0.5949 0
1351 -0.5970 0
929 -0.5981 0
600 -0.5998 0
578 -0.6039 0
985 -0.6063 0
835 -0.6066 0
1518 -0.6066 0
1235 -0.6075 0
1570 -0.6128 0
57 -0.6192 0
990 -0.6281 0
1400 -0.6296 0
1816 -0.6370 0
888 -0.6372 0
413 -0.6375 0
1915 -0.6393 0
365 -0.6497 0
1185 -0.6578 0
570 -0.6607 0
831 -0.6610 0
957 -0.6613 0
542 -0.6626 0
271 -0.6635 0
0 -0.6649 0
80 -0.6651 0
10 -0.6697 0
352 -0.6701 0
1067 -0.6714 0
1740 -0.6720 0
1783 -0.6847 0
738 -0.6849 0
244 -0.6928 0
357 -0.6932 0
237 -0.7047 0
702 -0.7117 0
580 -0.7120 0
190 -0.7144 0
723 -0.7146 0
1613 -0.7159 0
1855 -0.7179 0
375 -0.7199 0
1731 -0.7230 0
425 -0.7248 0
1660 -0.7265 0
602 -0.7354 0
845 -0.7354 0
905 -0.7355 0
709 -0.7393 0
181 -0.7413 0
220 -0.7446 0
1268 -0.7522 0
168 -0.7539 0
1697 -0.7628 0
1587 -0.7636 0
1707 -0.7650 0
1922 -0.7680 0
491 -0.7686 0
361 -0.7706 0
1917 -0.7781 0
388 -0.7783 0
133 -0.7795 0
923 -0.7799 0
1274 -0.7804 0
846 -0.7876 0
1982 -0.7904 0
431 -0.7914 0
1857 -0.7920 0
1036 -0.7924 0
1767 -0.7930 0
609 -0.8039 0
1047 -0.8064 0
744 -0.8077 0
1659 -0.8091 0
1051 -0.8110 0
1825 -0.8157 0
1168 -0.8158 0
945 -0.8159 0
141 -0.8162 0
931 -0.8162 0
474 -0.8219 0
524 -0.8257 0
1643 -0.8265 0
85 -0.8273 0
1344 -0.8273 0
1558 -0.8308 0
1393 -0.8319 0
1459 -0.8327 0
1670 -0.8433 0
1050 -0.8493 0
1034 -0.8561 0
429 -0.8634 0
223 -0.8677 0
81 -0.8721 0
1706 -0.8772 0
356 -0.8793 0
1082 -0.8808 0
228 -0.8846 0
800 -0.8972 0
1854 -0.8997 0
358 -0.9004 0
567 -0.9017 0
1808 -0.9017 0
1198 -0.9047 0
234 -0.9104 0
242 -0.9115 0
1579 -0.9164 0
1786 -0.9257 0
860 -0.9284 0
775 -0.9310 0
445 -0.9310 0
1039 -0.9501 0
420 -0.9513 0
1516 -0.9515 0
936 -0.9517 0
24 -0.9570 0
683 -0.9590 0
1519 -0.9604 0
180 -0.9621 0
979 -0.9642 0
638 -0.9654 0
1073 -0.9667 0
647 -0.9763 0
389 -0.9799 0
619 -0.9854 0
1714 -0.9874 0
469 -0.9904 0
1444 -0.9909 0
1255 -0.9916 0
1439 -0.9922 0
173 -0.9935 0
386 -0.9936 0
1009 -0.9951 0
266 -0.9983 0
245 -1.0051 0
182 -1.0093 0
592 -1.0104 0
1059 -1.0116 0
134 -1.0152 0
984 -1.0155 0
822 -1.0169 0
1652 -1.0170 0
13 -1.0182 0
717 -1.0208 0
764 -1.0210 0
1077 -1.0290 0
509 -1.0358 0
901 -1.0368 0
1840 -1.0389 0
1159 -1.0448 0
562 -1.0451 0
276 -1.0484 0
1666 -1.0567 0
1046 -1.0593 0
404 -1.0614 0
666 -1.0685 0
1218 -1.0685 0
1821 -1.0690 0
1053 -1.0732 0
1921 -1.0781 0
1824 -1.0816 0
412 -1.0855 0
450 -1.0856 0
572 -1.0924 0
487 -1.0950 0
78 -1.0975 0
1083 -1.0981 0
1371 -1.0994 0
1668 -1.1004 0
382 -1.1037 0
56 -1.1103 0
1563 -1.1149 0
1339 -1.1149 0
1820 -1.1227 0
613 -1.1285 0
1554 -1.1322 0
1586 -1.1332 0
262 -1.1363 0
402 -1.1423 0
1436 -1.1425 0
283 -1.1462 0
1052 -1.1486 0
1190 -1.1545 0
432 -1.1574 0
746 -1.1636 0
1289 -1.1677 0
973 -1.1699 0
607 -1.1796 0
1676 -1.1840 0
1312 -1.1847 0
117 -1.1879 0
1479 -1.1894 0
1799 -1.1907 0
538 -1.1926 0
568 -1.1940 0
1550 -1.1946 0
171 -1.1949 0
1004 -1.1974 0
118 -1.1999 0
61 -1.2018 0
91 -1.2053 0
243 -1.2081 0
1869 -1.2149 0
1277 -1.2164 0
782 -1.2186 0
1984 -1.2220 0
1222 -1.2234 0
132 -1.2247 0
1049 -1.2268 0
726 -1.2328 0
506 -1.2370 0
1229 -1.2372 0
1842 -1.2425 0
15 -1.2427 0
690 -1.2447 0
641 -1.2458 0
419 -1.2497 0
1646 -1.2521 0
1630 -1.2557 0
1458 -1.2565 0
727 -1.2571 0
1863 -1.2650 0
1849 -1.2680 0
515 -1.2779 0
447 -1.2806 0
1191 -1.2807 0
651 -1.2827 0
1483 -1.2867 0
1718 -1.2879 0
830 -1.2984 0
852 -1.3027 0
1581 -1.3048 0
76 -1.3074 0
1879 -1.3078 0
1600 -1.3084 0
522 -1.3106 0
633 -1.3111 0
620 -1.3117 0
1511 -1.3151 0
83 -1.3171 0
1635 -1.3193 0
841 -1.3196 0
1079 -1.3261 0
556 -1.3296 0
36 -1.3301 0
1866 -1.3319 0
632 -1.3367 0
1241 -1.3379 0
27 -1.3412 0
392 -1.3413 0
571 -1.3436 0
37 -1.3472 0
1484 -1.3473 0
802 -1.3474 0
1603 -1.3617 0
1723 -1.3626 0
1852 -1.3656 0
699 -1.3669 0
1914 -1.3698 0
1864 -1.3721 0
291 -1.3723 0
1876 -1.3740 0
1968 -1.3818 0
1927 -1.3829 0
1942 -1.3856 0
559 -1.3891 0
741 -1.3966 0
1729 -1.4121 0
1797 -1.4217 0
146 -1.4245 0
42 -1.4312 0
369 -1.4332 0
612 -1.4363 0
1943 -1.4459 0
948 -1.4494 0
1769 -1.4601 0
1800 -1.4686 0
663 -1.4695 0
1007 -1.4704 0
913 -1.4710 0
1906 -1.4715 0
1286 -1.4748 0
1482 -1.4816 0
1538 -1.4865 0
219 -1.4869 0
1242 -1.4899 0
869 -1.4944 0
1301 -1.4998 0
1408 -1.5037 0
753 -1.5112 0
113 -1.5133 0
631 -1.5166 0
505 -1.5172 0
43 -1.5173 0
500 -1.5198 0
1994 -1.5211 0
986 -1.5222 0
1599 -1.5242 0
323 -1.5246 0
1884 -1.5332 0
1066 -1.5350 0
278 -1.5415 0
870 -1.5450 0
88 -1.5465 0
1524 -1.5534 0
678 -1.5567 0
1618 -1.5571 0
263 -1.5576 0
1826 -1.5588 0
1548 -1.5624 0
1931 -1.5633 0
1092 -1.5652 0
1182 -1.5658 0
438 -1.5693 0
1649 -1.5726 0
1950 -1.5761 0
222 -1.5771 0
1679 -1.5778 0
449 -1.5781 0
1983 -1.5825 0
1244 -1.5930 0
140 -1.5936 0
1986 -1.5957 0
987 -1.6023 0
143 -1.6042 0
1946 -1.6098 0
130 -1.6387 0
1165 -1.6446 0
1694 -1.6506 0
395 -1.6566 0
1686 -1.6570 0
636 -1.6582 0
1930 -1.6726 0
1777 -1.6737 0
1875 -1.6882 0
300 -1.6895 0
1331 -1.6918 0
1204 -1.6935 0
943 -1.6947 0
98 -1.7005 0
643 -1.7034 0
1178 -1.7083 0
1965 -1.7094 0
1655 -1.7120 0
1540 -1.7126 0
1409 -1.7157 0
552 -1.7169 0
63 -1.7196 0
1726 -1.7230 0
166 -1.7270 0
1580 -1.7271 0
1719 -1.7361 0
1981 -1.7477 0
1569 -1.7522 0
1859 -1.7619 0
884 -1.7630 0
1588 -1.7640 0
31 -1.7644 0
1402 -1.7648 0
238 -1.7686 0
86 -1.7704 0
172 -1.7732 0
912 -1.7741 0
1000 -1.7742 0
1096 -1.7773 0
1749 -1.7840 0
1179 -1.7857 0
1041 -1.7868 0
1468 -1.7904 0
1753 -1.7908 0
1634 -1.7951 0
1164 -1.7979 0
1623 -1.7987 0
444 -1.8002 0
194 -1.8021 0
1963 -1.8092 0
922 -1.8095 0
418 -1.8130 0
621 -1.8181 0
544 -1.8185 0
1562 -1.8198 0
1905 -1.8221 0
502 -1.8263 0
1728 -1.8287 0
1355 -1.8317 0
939 -1.8335 0
1042 -1.8397 0
1847 -1.8403 0
1422 -1.8435 0
816 -1.8442 0
1452 -1.8446 0
1421 -1.8483 0
673 -1.8514 0
1606 -1.8532 0
1724 -1.8552 0
1860 -1.8570 0
904 -1.8575 0
1654 -1.8599 0
274 -1.8621 0
927 -1.8696 0
38 -1.8721 0
1904 -1.8751 0
1642 -1.8751 0
20 -1.8781 0
1959 -1.8784 0
1060 -1.8828 0
1196 -1.8856 0
1818 -1.8880 0
416 -1.8888 0
40 -1.8904 0
1607 -1.8958 0
1953 -1.8968 0
1803 -1.8973 0
576 -1.8991 0
1817 -1.9029 0
1622 -1.9162 0
464 -1.9168 0
1221 -1.9230 0
1973 -1.9326 0
953 -1.9344 0
1088 -1.9365 0
819 -1.9404 0
1481 -1.9420 0
53 -1.9447 0
51 -1.9572 0
1450 -1.9587 0
1865 -1.9609 0
1208 -1.9774 0
1924 -1.9777 0
907 -1.9826 0
1815 -1.9836 0
919 -1.9839 0
532 -1.9859 0
147 -1.9893 0
1887 -1.9992 0
421 -2.0012 0
1495 -2.0017 0
1912 -2.0023 0
1678 -2.0026 0
1957 -2.0059 0
379 -2.0165 0
360 -2.0178 0
1508 -2.0182 0
1853 -2.0244 0
1846 -2.0397 0
1656 -2.0402 0
1898 -2.0419 0
1460 -2.0495 0
1492 -2.0495 0
1760 -2.0503 0
434 -2.0553 0
903 -2.0622 0
817 -2.0622 0
1240 -2.0623 0
1025 -2.0648 0
1651 -2.0745 0
1172 -2.0816 0
107 -2.0832 0
1094 -2.0861 0
601 -2.0964 0
11 -2.1045 0
351 -2.1069 0
396 -2.1072 0
458 -2.1104 0
1514 -2.1144 0
126 -2.1184 0
791 -2.1288 0
1156 -2.1314 0
465 -2.1331 0
167 -2.1340 0
895 -2.1375 0
1699 -2.1396 0
1650 -2.1426 0
239 -2.1428 0
935 -2.1450 0
1708 -2.1484 0
411 -2.1504 0
1031 -2.1512 0
439 -2.1523 0
1594 -2.1549 0
1453 -2.1562 0
942 -2.1624 0
1358 -2.1663 0
1404 -2.1690 0
1598 -2.1696 0
944 -2.1712 0
1572 -2.1772 0
1900 -2.1773 0
593 -2.1776 0
594 -2.1818 0
975 -2.1818 0
940 -2.1888 0
154 -2.1894 0
656 -2.1913 0
1966 -2.1949 0
1664 -2.1968 0
508 -2.1971 0
1741 -2.2069 0
241 -2.2078 0
1925 -2.2113 0
925 -2.2131 0
1620 -2.2158 0
175 -2.2168 0
1585 -2.2191 0
1874 -2.2206 0
1224 -2.2215 0
1770 -2.2264 0
1227 -2.2309 0
1997 -2.2317 0
1602 -2.2360 0
1427 -2.2417 0
994 -2.2449 0
1700 -2.2478 0
1551 -2.2487 0
218 -2.2556 0
1070 -2.2561 0
1247 -2.2648 0
310 -2.2677 0
286 -2.2688 0
135 -2.2705 0
201 -2.2747 0
1030 -2.2750 0
1065 -2.2795 0
1780 -2.2811 0
232 -2.2853 0
1658 -2.2873 0
1805 -2.2888 0
1008 -2.2896 0
1246 -2.2931 0
195 -2.2937 0
1796 -2.2986 0
1215 -2.2989 0
915 -2.2999 0
399 -2.3166 0
1211 -2.3180 0
789 -2.3233 0
1152 -2.3248 0
550 -2.3266 0
1071 -2.3268 0
6 -2.3304 0
1549 -2.3312 0
1782 -2.3312 0
553 -2.3319 0
125 -2.3327 0
367 -2.3332 0
248 -2.3341 0
1698 -2.3387 0
1432 -2.3393 0
236 -2.3415 0
1720 -2.3523 0
1872 -2.3530 0
1205 -2.3540 0
138 -2.3641 0
1560 -2.3642 0
197 -2.3648 0
46 -2.3675 0
1532 -2.3691 0
486 -2.3741 0
422 -2.3794 0
1476 -2.4031 0
111 -2.4041 0
1939 -2.4069 0
1497 -2.4169 0
285 -2.4218 0
114 -2.4264 0
270 -2.4273 0
100 -2.4278 0
871 -2.4297 0
1902 -2.4300 0
19 -2.4310 0
745 -2.4319 0
1293 -2.4337 0
1044 -2.4365 0
719 -2.4458 0
353 -2.4463 0
930 -2.4500 0
62 -2.4517 0
1248 -2.4569 0
655 -2.4758 0
1189 -2.4760 0
1641 -2.4773 0
22 -2.4790 0
1499 -2.4796 0
202 -2.4887 0
1470 -2.4892 0
253 -2.5012 0
1566 -2.5078 0
8 -2.5189 0
1737 -2.5193 0
44 -2.5237 0
304 -2.5266 0
1541 -2.5278 0
1451 -2.5281 0
1891 -2.5341 0
1778 -2.5437 0
152 -2.5453 0
205 -2.5456 0
1633 -2.5570 0
1978 -2.5588 0
200 -2.5612 0
1217 -2.5681 0
144 -2.5684 0
1787 -2.5699 0
279 -2.5726 0
1441 -2.5780 0
1657 -2.5847 0
1150 -2.5921 0
679 -2.5949 0
1689 -2.5970 0
1228 -2.6056 0
466 -2.6059 0
1795 -2.6084 0
900 -2.6130 0
364 -2.6136 0
1993 -2.6170 0
1601 -2.6227 0
1758 -2.6258 0
1510 -2.6309 0
293 -2.6323 0
1702 -2.6340 0
1744 -2.6368 0
1595 -2.6381 0
865 -2.6427 0
1886 -2.6452 0
1449 -2.6512 0
597 -2.6518 0
1531 -2.6529 0
1990 -2.6544 0
1264 -2.6633 0
301 -2.6634 0
657 -2.6643 0
1979 -2.6675 0
1237 -2.6681 0
1897 -2.6710 0
1003 -2.6730 0
1680 -2.6752 0
1161 -2.6792 0
254 -2.6800 0
730 -2.6829 0
255 -2.6908 0
442 -2.6989 0
70 -2.7044 0
1949 -2.7098 0
747 -2.7151 0
71 -2.7157 0
1080 -2.7176 0
1474 -2.7241 0
1360 -2.7257 0
533 -2.7263 0
359 -2.7315 0
828 -2.7376 0
1513 -2.7378 0
1612 -2.7392 0
109 -2.7398 0
826 -2.7402 0
183 -2.7427 0
151 -2.7429 0
1987 -2.7447 0
208 -2.7464 0
1192 -2.7506 0
479 -2.7585 0
1207 -2.7592 0
1913 -2.7603 0
857 -2.7630 0
661 -2.7633 0
1688 -2.7647 0
535 -2.7707 0
1433 -2.7731 0
1929 -2.7758 0
824 -2.7771 0
801 -2.7799 0
1593 -2.7805 0
186 -2.7839 0
591 -2.7884 0
577 -2.7932 0
1785 -2.8007 0
1653 -2.8118 0
427 -2.8194 0
1712 -2.8201 0
1615 -2.8229 0
1776 -2.8311 0
1834 -2.8345 0
1894 -2.8346 0
742 -2.8359 0
366 -2.8489 0
589 -2.8528 0
1781 -2.8562 0
306 -2.8563 0
1977 -2.8581 0
355 -2.8593 0
1733 -2.8597 0
812 -2.8635 0
1048 -2.8664 0
677 -2.8701 0
1611 -2.8702 0
1480 -2.8762 0
1819 -2.8841 0
579 -2.8899 0
1462 -2.8959 0
1923 -2.9001 0
207 -2.9019 0
290 -2.9022 0
354 -2.9044 0
1667 -2.9046 0
1743 -2.9048 0
1619 -2.9194 0
910 -2.9198 0
1486 -2.9286 0
163 -2.9329 0
743 -2.9344 0
1988 -2.9379 0
1234 -2.9396 0
1564 -2.9455 0
1561 -2.9541 0
1181 -2.9590 0
1517 -2.9603 0
1559 -2.9640 0
1972 -2.9791 0
1461 -2.9810 0
1794 -2.9965 0
230 -3.0023 0
72 -3.0085 0
1851 -3.0118 0
1771 -3.0140 0
30 -3.0216 0
376 -3.0250 0
156 -3.0259 0
1928 -3.0270 0
1350 -3.0544 0
390 -3.0650 0
1742 -3.0654 0
16 -3.0745 0
517 -3.0754 0
1945 -3.0853 0
1515 -3.0863 0
1910 -3.0936 0
1696 -3.0957 0
1954 -3.0965 0
534 -3.1047 0
1958 -3.1071 0
1936 -3.1099 0
968 -3.1150 0
1496 -3.1165 0
298 -3.1192 0
90 -3.1201 0
1054 -3.1209 0
1158 -3.1210 0
523 -3.1275 0
1278 -3.1307 0
1202 -3.1348 0
722 -3.1369 0
209 -3.1420 0
211 -3.1463 0
102 -3.1474 0
928 -3.1511 0
1589 -3.1523 0
902 -3.1615 0
1464 -3.1826 0
384 -3.1860 0
980 -3.1862 0
1183 -3.1894 0
231 -3.1900 0
1296 -3.1920 0
1916 -3.2024 0
539 -3.2039 0
1504 -3.2039 0
642 -3.2052 0
155 -3.2149 0
1454 -3.2223 0
1681 -3.2256 0
1867 -3.2284 0
1637 -3.2369 0
599 -3.2394 0
1578 -3.2495 0
1672 -3.2551 0
756 -3.2575 0
1901 -3.2584 0
383 -3.2587 0
807 -3.2596 0
585 -3.2639 0
193 -3.2646 0
199 -3.2760 0
587 -3.2800 0
520 -3.2913 0
394 -3.3004 0
177 -3.3140 0
623 -3.3155 0
1961 -3.3157 0
1989 -3.3197 0
1526 -3.3242 0
1236 -3.3319 0
1701 -3.3396 0
1788 -3.3446 0
157 -3.3467 0
1775 -3.3469 0
964 -3.3506 0
645 -3.3570 0
407 -3.3648 0
1037 -3.3650 0
1382 -3.3668 0
1543 -3.3765 0
1502 -3.3804 0
519 -3.3873 0
1546 -3.3878 0
635 -3.3909 0
1493 -3.3982 0
992 -3.3989 0
187 -3.3995 0
617 -3.4004 0
105 -3.4044 0
1998 -3.4172 0
137 -3.4343 0
1955 -3.4404 0
1627 -3.4544 0
1527 -3.4552 0
1727 -3.4556 0
1985 -3.4564 0
1533 -3.4594 0
806 -3.4621 0
1947 -3.4645 0
833 -3.4684 0
18 -3.4698 0
1880 -3.4729 0
1907 -3.4752 0
1969 -3.4778 0
688 -3.4793 0
1722 -3.4807 0
34 -3.4808 0
1426 -3.4876 0
7 -3.4941 0
1431 -3.4942 0
1026 -3.5044 0
1597 -3.5200 0
115 -3.5266 0
261 -3.5285 0
188 -3.5360 0
417 -3.5440 0
1974 -3.5443 0
1473 -3.5644 0
958 -3.5676 0
497 -3.5758 0
1640 -3.5766 0
843 -3.5900 0
1704 -3.5999 0
176 -3.6011 0
1754 -3.6072 0
707 -3.6185 0
39 -3.6252 0
605 -3.6262 0
148 -3.6264 0
206 -3.6266 0
122 -3.6280 0
1991 -3.6386 0
1084 -3.6394 0
1703 -3.6587 0
1410 -3.6671 0
74 -3.6735 0
153 -3.6770 0
1614 -3.6866 0
1571 -3.6874 0
1608 -3.6892 0
1420 -3.6951 0
275 -3.6955 0
1397 -3.7032 0
1757 -3.7126 0
1862 -3.7139 0
1692 -3.7345 0
808 -3.7390 0
596 -3.7518 0
235 -3.7533 0
1873 -3.7606 0
1995 -3.7751 0
1294 -3.7770 0
1203 -3.7810 0
482 -3.7856 0
1856 -3.7878 0
104 -3.7892 0
437 -3.8208 0
1406 -3.8231 0
1890 -3.8236 0
1736 -3.8254 0
120 -3.8299 0
1487 -3.8333 0
260 -3.8456 0
598 -3.8459 0
1932 -3.8559 0
1713 -3.8595 0
946 -3.8658 0
805 -3.8741 0
9 -3.8813 0
1552 -3.8873 0
1861 -3.8873 0
1807 -3.8979 0
1438 -3.8990 0
164 -3.8994 0
1624 -3.9013 0
1768 -3.9030 0
695 -3.9147 0
965 -3.9147 0
281 -3.9591 0
215 -3.9600 0
1885 -3.9634 0
1238 -3.9636 0
485 -3.9640 0
106 -3.9660 0
1790 -3.9692 0
1555 -3.9771 0
145 -3.9835 0
1636 -3.9859 0
1779 -3.9883 0
504 -3.9905 0
1442 -3.9926 0
706 -4.0047 0
1764 -4.0100 0
1725 -4.0374 0
1747 -4.0374 0
1455 -4.0417 0
21 -4.0444 0
1962 -4.0492 0
1424 -4.0545 0
1671 -4.0564 0
1828 -4.0627 0
185 -4.0633 0
129 -4.0648 0
1766 -4.0695 0
272 -4.0783 0
178 -4.0848 0
116 -4.0914 0
503 -4.1063 0
128 -4.1067 0
1734 -4.1071 0
1732 -4.1134 0
41 -4.1174 0
518 -4.1180 0
1428 -4.1284 0
1525 -4.1297 0
1956 -4.1379 0
162 -4.1379 0
112 -4.1431 0
536 -4.1516 0
1833 -4.1629 0
1980 -4.1789 0
280 -4.1826 0
165 -4.2056 0
820 -4.2072 0
810 -4.2142 0
1043 -4.2240 0
1582 -4.2295 0
1626 -4.2353 0
1920 -4.2650 0
1212 -4.2719 0
1466 -4.2931 0
1971 -4.2961 0
1711 -4.3036 0
258 -4.3086 0
441 -4.3353 0
259 -4.3362 0
1539 -4.3402 0
614 -4.3558 0
680 -4.3753 0
196 -4.3789 0
516 -4.3818 0
1793 -4.3837 0
692 -4.4088 0
1773 -4.4089 0
1447 -4.4151 0
1798 -4.4153 0
1896 -4.4174 0
170 -4.4345 0
1542 -4.4594 0
101 -4.4597 0
1751 -4.5007 0
1498 -4.5022 0
1411 -4.5082 0
1214 -4.5340 0
1467 -4.5739 0
150 -4.5816 0
25 -4.6081 0
295 -4.6182 0
1535 -4.6207 0
563 -4.6353 0
1556 -4.6375 0
1976 -4.6741 0
1951 -4.6891 0
191 -4.7014 0
1761 -4.7084 0
934 -4.7145 0
203 -4.7206 0
724 -4.7310 0
161 -4.7324 0
1446 -4.7365 0
1443 -4.7381 0
711 -4.7546 0
1583 -4.7683 0
1494 -4.7795 0
1755 -4.8118 0
569 -4.8176 0
1418 -4.8247 0
1739 -4.8263 0
1792 -4.8306 0
809 -4.8356 0
316 -4.8479 0
950 -4.8550 0
1765 -4.8784 0
424 -4.9067 0
1584 -4.9188 0
1960 -4.9231 0
1752 -4.9239 0
1396 -4.9604 0
1576 -5.0211 0
1762 -5.0345 0
1789 -5.0502 0
1940 -5.0728 0
17 -5.0748 0
1644 -5.1055 0
1893 -5.1215 0
1967 -5.1472 0
1055 -5.1593 0
526 -5.1665 0
583 -5.2036 0
1999 -5.2115 0
1911 -5.2150 0
136 -5.2391 0
184 -5.2903 0
1057 -5.2992 0
1970 -5.3332 0
1639 -5.3381 0
189 -5.3758 0
961 -5.3955 0
1610 -5.4450 0
1975 -5.4569 0
124 -5.4730 0
899 -5.4972 0
1774 -5.5097 0
1219 -5.5154 0
1523 -5.5443 0
297 -5.5495 0
1638 -5.5557 0
838 -5.5895 0
423 -5.6140 0
338 -5.6186 0
1414 -5.6427 0
1750 -5.6669 0
1756 -5.7008 0
1948 -5.7055 0
1078 -5.7313 0
1416 -5.7452 0
1763 -5.7960 0
1403 -5.8034 0
1353 -5.8262 0
1609 -5.8757 0
1545 -5.9236 0
1759 -5.9450 0
1465 -5.9594 0
1617 -5.9681 0
1605 -6.0035 0
84 -6.0178 0
169 -6.0385 0
1791 -6.0636 0
1233 -6.2325 0
1471 -6.2593 0
192 -6.3580 0
227 -6.4047 0
1662 -6.4055 0
1772 -6.5523 0
1430 -6.5726 0
1648 -6.6078 0
1629 -6.7812 0
1647 -6.7906 0
35 -7.2372 0
47 -7.2746 0
119 -7.3631 0
1616 -7.4407 0
1448 -7.8145 0
