1157 35.7218 1
1190 29.3336 1
1160 26.1074 1
1156 25.2138 1
1175 24.7198 1
1168 24.5932 1
1169 24.1875 1
1182 22.7606 1
1196 22.1283 1
1165 21.8719 1
1183 21.8225 1
1163 19.6597 1
1159 19.3142 1
1162 18.5258 1
1151 18.2005 1
1198 18.0579 1
1184 17.6050 1
1179 17.4793 1
1152 16.8829 1
1154 16.8368 1
1199 16.3995 1
1178 16.1901 1
1170 15.7389 1
1186 15.0667 1
1181 15.0257 1
1167 14.6427 1
1189 14.5226 1
1173 14.3299 1
1153 14.0133 1
1177 13.8667 1
1158 13.3934 1
616 13.1907 0
1161 13.1884 1
1197 12.7661 1
1188 12.4400 1
1786 12.3935 0
1150 12.3845 1
638 11.2961 0
1195 11.2699 1
1798 11.2533 0
80 10.9397 0
642 10.8355 0
1155 10.7574 1
1185 9.8723 1
615 9.8090 0
1180 9.7130 1
1172 9.5557 1
1166 9.4839 1
1164 9.2574 1
1812 9.2511 0
1665 9.0801 0
1724 8.8966 0
268 8.6449 0
1787 8.5859 0
1722 8.2122 0
1764 8.2082 0
629 7.8186 0
1316 7.7202 0
621 7.6508 0
1176 7.6231 1
627 7.6224 0
635 7.5836 0
1848 7.4469 0
1770 7.3553 0
876 7.3452 0
1706 7.2507 0
1303 7.2276 0
1885 7.2124 0
1772 7.1811 0
614 7.1328 0
1719 7.1177 0
632 7.0978 0
259 7.0958 0
620 6.9693 0
1921 6.9486 0
605 6.8073 0
83 6.8000 0
1773 6.6943 0
255 6.6917 0
1791 6.5850 0
1326 6.5811 0
686 6.4973 0
644 6.4689 0
1018 6.4525 0
1187 6.4337 1
28 6.4108 0
610 6.4059 0
1723 6.3926 0
138 6.3566 0
1759 6.3145 0
1854 6.2954 0
70 6.2443 0
260 6.2179 0
75 6.2139 0
43 6.1309 0
640 6.0256 0
878 6.0108 0
1393 5.9573 0
634 5.9522 0
78 5.8940 0
1332 5.8859 0
874 5.8853 0
1721 5.8832 0
1125 5.8753 0
1803 5.8489 0
633 5.8288 0
96 5.7939 0
646 5.7848 0
286 5.7387 0
1276 5.6879 0
1342 5.6864 0
624 5.6456 0
1795 5.6345 0
177 5.6339 0
92 5.5993 0
617 5.5623 0
612 5.4806 0
39 5.4731 0
1825 5.4430 0
622 5.4418 0
1781 5.4172 0
1715 5.3979 0
1860 5.3553 0
1716 5.3104 0
1784 5.2669 0
22 5.1431 0
1745 5.1229 0
1819 5.1187 0
309 5.0873 0
619 5.0561 0
1768 5.0096 0
628 5.0087 0
1718 5.0001 0
1024 4.9303 0
2 4.9300 0
61 4.9123 0
121 4.9069 0
51 4.9024 0
1334 4.9013 0
1192 4.8725 1
242 4.8583 0
1815 4.8378 0
1321 4.8320 0
693 4.8268 0
689 4.8073 0
1802 4.7994 0
873 4.7974 0
76 4.7887 0
1799 4.7681 0
1853 4.7420 0
67 4.7223 0
864 4.7033 0
609 4.6823 0
1817 4.6792 0
1776 4.6509 0
269 4.6457 0
1025 4.6348 0
603 4.5941 0
54 4.5685 0
1760 4.5454 0
53 4.4848 0
160 4.4391 0
60 4.4385 0
189 4.4177 0
623 4.3905 0
1804 4.3714 0
158 4.3705 0
12 4.3564 0
1026 4.3531 0
1830 4.3477 0
853 4.3458 0
289 4.2797 0
515 4.2774 0
82 4.2382 0
1733 4.2344 0
1725 4.2325 0
1747 4.2325 0
647 4.2216 0
1335 4.2207 0
1193 4.2169 1
604 4.2118 0
1171 4.2104 1
373 4.2011 0
1701 4.1990 0
1742 4.1910 0
1623 4.1906 0
1822 4.1839 0
608 4.1660 0
894 4.1527 0
1753 4.1323 0
1732 4.1137 0
277 4.1042 0
1767 4.0966 0
27 4.0370 0
1788 4.0323 0
827 4.0260 0
1729 4.0242 0
606 4.0064 0
1031 4.0063 0
265 4.0009 0
1468 3.9863 0
256 3.9841 0
1756 3.9802 0
1710 3.9776 0
99 3.9572 0
1826 3.9464 0
1339 3.9359 0
1807 3.9182 0
683 3.9083 0
57 3.8786 0
1794 3.8753 0
1711 3.8743 0
1579 3.8616 0
1888 3.8302 0
272 3.8301 0
1735 3.8273 0
1749 3.8137 0
294 3.7917 0
1516 3.7876 0
1841 3.7419 0
280 3.7389 0
261 3.7373 0
1838 3.6985 0
1707 3.6882 0
19 3.6815 0
794 3.6525 0
1130 3.6244 0
643 3.6179 0
667 3.6165 0
302 3.5981 0
1331 3.5522 0
283 3.5507 0
271 3.5262 0
1748 3.5234 0
23 3.5192 0
601 3.5014 0
1330 3.4926 0
1994 3.4697 0
1174 3.4695 1
1981 3.4547 0
631 3.4482 0
835 3.4389 0
89 3.4385 0
1813 3.4364 0
178 3.4113 0
114 3.4079 0
1896 3.3870 0
275 3.3612 0
250 3.3555 0
1893 3.3498 0
72 3.3470 0
1856 3.3211 0
125 3.3026 0
1873 3.2874 0
1396 3.2819 0
1042 3.2603 0
252 3.2373 0
637 3.2303 0
331 3.2243 0
1101 3.2174 0
858 3.2052 0
1700 3.1787 0
1267 3.1776 0
1780 3.1774 0
1340 3.1766 0
10 3.1664 0
1146 3.1527 0
1831 3.1411 0
298 3.1351 0
1845 3.1332 0
1789 3.1295 0
746 3.1111 0
187 3.1031 0
273 3.0860 0
33 3.0823 0
1336 3.0573 0
1312 3.0442 0
639 3.0408 0
104 3.0373 0
505 3.0273 0
183 3.0078 0
919 3.0014 0
342 2.9861 0
1806 2.9474 0
263 2.9350 0
68 2.9245 0
1344 2.9209 0
137 2.9039 0
1462 2.9030 0
1717 2.8955 0
1712 2.8920 0
127 2.8911 0
1503 2.8867 0
431 2.8820 0
1946 2.8455 0
870 2.8345 0
1730 2.8294 0
1809 2.8141 0
1906 2.7982 0
569 2.7875 0
1743 2.7726 0
94 2.7711 0
136 2.7639 0
295 2.7258 0
903 2.7198 0
1869 2.7187 0
1586 2.7075 0
1376 2.7023 0
1950 2.6900 0
246 2.6857 0
1037 2.6788 0
135 2.6752 0
1964 2.6715 0
153 2.6654 0
171 2.6638 0
1649 2.6578 0
1294 2.6549 0
1805 2.6510 0
1704 2.6458 0
291 2.6452 0
285 2.6411 0
1366 2.6405 0
1951 2.6262 0
1769 2.5938 0
977 2.5789 0
1849 2.5787 0
1953 2.5756 0
1790 2.5583 0
717 2.5550 0
976 2.5520 0
814 2.5443 0
1044 2.5401 0
1775 2.5389 0
1754 2.5360 0
101 2.5031 0
175 2.5005 0
1894 2.4979 0
1952 2.4958 0
1731 2.4938 0
1045 2.4853 0
1897 2.4812 0
154 2.4796 0
449 2.4593 0
1740 2.4485 0
97 2.4468 0
848 2.4402 0
281 2.4301 0
253 2.4082 0
1720 2.3996 0
330 2.3824 0
859 2.3673 0
1974 2.3598 0
95 2.3549 0
815 2.3525 0
1328 2.3365 0
1536 2.3283 0
1360 2.3237 0
254 2.3167 0
81 2.3149 0
887 2.3020 0
1571 2.2897 0
1580 2.2894 0
278 2.2852 0
139 2.2829 0
1816 2.2595 0
345 2.2539 0
1912 2.2517 0
1568 2.2269 0
1320 2.2266 0
86 2.2263 0
65 2.2104 0
1839 2.2100 0
463 2.1945 0
79 2.1941 0
209 2.1889 0
73 2.1729 0
1961 2.1665 0
1346 2.1496 0
1866 2.1438 0
1814 2.1412 0
147 2.1308 0
630 2.1267 0
1847 2.1250 0
611 2.1196 0
5 2.1102 0
1924 2.1056 0
98 2.1005 0
538 2.0845 0
675 2.0823 0
1506 2.0806 0
116 2.0768 0
1519 2.0758 0
649 2.0718 0
607 2.0624 0
117 2.0599 0
270 2.0558 0
625 2.0505 0
1958 2.0472 0
549 2.0388 0
895 2.0316 0
1918 2.0196 0
1926 2.0155 0
499 2.0129 0
1325 2.0080 0
1777 2.0074 0
1835 2.0040 0
50 2.0030 0
1800 1.9952 0
145 1.9929 0
777 1.9926 0
144 1.9794 0
238 1.9755 0
266 1.9688 0
924 1.9602 0
284 1.9590 0
546 1.9515 0
1681 1.9502 0
212 1.9403 0
84 1.9358 0
292 1.9350 0
1452 1.9347 0
58 1.9170 0
1288 1.9170 0
115 1.9154 0
1821 1.9127 0
1398 1.8924 0
1305 1.8844 0
1727 1.8826 0
293 1.8789 0
297 1.8646 0
1757 1.8646 0
234 1.8615 0
613 1.8613 0
1338 1.8597 0
890 1.8580 0
1358 1.8468 0
1758 1.8355 0
1827 1.8252 0
1808 1.8028 0
403 1.8027 0
1656 1.7974 0
1960 1.7948 0
1942 1.7780 0
892 1.7754 0
592 1.7388 0
1324 1.7346 0
1738 1.7346 0
1369 1.7261 0
288 1.7163 0
1351 1.7159 0
113 1.7145 0
1930 1.7139 0
56 1.7056 0
1763 1.7053 0
1855 1.6918 0
1990 1.6866 0
868 1.6793 0
1651 1.6779 0
296 1.6771 0
123 1.6662 0
1036 1.6608 0
264 1.6465 0
1782 1.6438 0
64 1.6402 0
1362 1.6399 0
112 1.6367 0
1670 1.6337 0
484 1.6216 0
205 1.5958 0
38 1.5853 0
1986 1.5747 0
551 1.5718 0
1883 1.5522 0
221 1.5498 0
1702 1.5445 0
1277 1.5415 0
287 1.5383 0
1463 1.5376 0
274 1.5316 0
1472 1.5222 0
14 1.5200 0
1867 1.5191 0
979 1.5136 0
1922 1.5046 0
1840 1.4984 0
1395 1.4951 0
1985 1.4949 0
1103 1.4931 0
1507 1.4905 0
1752 1.4861 0
433 1.4824 0
1206 1.4769 0
1741 1.4767 0
559 1.4697 0
852 1.4647 0
124 1.4626 0
1135 1.4594 0
1880 1.4589 0
140 1.4563 0
1551 1.4531 0
1454 1.4496 0
1563 1.4395 0
1015 1.4302 0
219 1.4283 0
1914 1.4249 0
324 1.4073 0
1829 1.4030 0
215 1.3941 0
626 1.3909 0
860 1.3896 0
1962 1.3842 0
1842 1.3626 0
225 1.3498 0
1517 1.3469 0
1565 1.3446 0
1734 1.3368 0
1859 1.3337 0
888 1.3316 0
543 1.3270 0
1917 1.3206 0
600 1.3159 0
1968 1.3103 0
1762 1.3101 0
1379 1.3057 0
69 1.3055 0
1005 1.3042 0
1755 1.3022 0
1142 1.3014 0
1521 1.2899 0
1877 1.2812 0
424 1.2801 0
856 1.2751 0
45 1.2724 0
102 1.2569 0
824 1.2541 0
1509 1.2525 0
290 1.2416 0
1887 1.2331 0
1123 1.2271 0
149 1.2258 0
618 1.2175 0
1381 1.2137 0
934 1.2119 0
1222 1.2079 0
1546 1.2053 0
1337 1.2001 0
1895 1.1987 0
1871 1.1878 0
1744 1.1822 0
517 1.1768 0
103 1.1758 0
1820 1.1732 0
1726 1.1678 0
1945 1.1674 0
1540 1.1628 0
251 1.1625 0
1818 1.1558 0
862 1.1547 0
641 1.1493 0
1851 1.1475 0
1778 1.1446 0
249 1.1436 0
1119 1.1431 0
1811 1.1332 0
170 1.1281 0
1306 1.1274 0
1846 1.1245 0
1713 1.1197 0
181 1.1185 0
193 1.1169 0
1373 1.1167 0
880 1.1153 0
813 1.1135 0
1231 1.1108 0
1043 1.0936 0
1844 1.0889 0
1872 1.0865 0
143 1.0799 0
1599 1.0792 0
1834 1.0702 0
1973 1.0691 0
671 1.0377 0
1301 1.0365 0
299 1.0365 0
509 1.0327 0
932 1.0307 0
1558 1.0278 0
107 1.0275 0
1682 1.0218 0
200 1.0200 0
1279 1.0159 0
361 1.0116 0
1857 1.0076 0
1975 1.0009 0
765 0.9982 0
1302 0.9831 0
1534 0.9814 0
262 0.9725 0
1308 0.9699 0
1372 0.9660 0
1194 0.9652 1
1708 0.9652 0
199 0.9641 0
1977 0.9602 0
85 0.9586 0
1688 0.9498 0
258 0.9454 0
920 0.9369 0
636 0.9364 0
1464 0.9249 0
839 0.9221 0
973 0.9211 0
1796 0.9159 0
164 0.9149 0
661 0.9057 0
1923 0.8985 0
29 0.8980 0
1451 0.8959 0
111 0.8869 0
867 0.8809 0
1703 0.8693 0
541 0.8672 0
1367 0.8652 0
990 0.8470 0
1666 0.8356 0
1525 0.8229 0
1115 0.8166 0
332 0.8141 0
1705 0.8088 0
811 0.8087 0
992 0.8067 0
1779 0.8053 0
134 0.8030 0
1587 0.8023 0
226 0.8002 0
257 0.7972 0
1963 0.7939 0
1363 0.7902 0
340 0.7856 0
1890 0.7848 0
706 0.7801 0
174 0.7796 0
0 0.7680 0
339 0.7652 0
314 0.7625 0
156 0.7427 0
1929 0.7420 0
203 0.7379 0
55 0.7363 0
1532 0.7348 0
100 0.7329 0
1903 0.7295 0
305 0.7282 0
1482 0.7236 0
1343 0.7230 0
918 0.7224 0
1908 0.7199 0
248 0.7181 0
721 0.7141 0
1030 0.7106 0
88 0.7065 0
91 0.7027 0
1518 0.6959 0
141 0.6901 0
16 0.6823 0
222 0.6815 0
276 0.6775 0
678 0.6715 0
1901 0.6676 0
573 0.6670 0
1925 0.6648 0
90 0.6614 0
1147 0.6586 0
1252 0.6553 0
507 0.6535 0
662 0.6500 0
1984 0.6340 0
1033 0.6172 0
1550 0.6166 0
523 0.6073 0
493 0.6034 0
159 0.6019 0
1508 0.6006 0
1035 0.5888 0
861 0.5862 0
1139 0.5831 0
110 0.5738 0
1485 0.5716 0
1230 0.5715 0
1939 0.5682 0
1378 0.5572 0
413 0.5464 0
539 0.5447 0
1590 0.5434 0
1972 0.5425 0
1524 0.5398 0
1380 0.5372 0
974 0.5346 0
1927 0.5316 0
1957 0.5306 0
37 0.5284 0
956 0.5236 0
1109 0.5207 0
1750 0.5197 0
1137 0.5179 0
669 0.5147 0
1988 0.5125 0
374 0.5094 0
989 0.5053 0
809 0.5045 0
1771 0.5044 0
1793 0.5012 0
307 0.4977 0
1510 0.4914 0
1543 0.4852 0
213 0.4833 0
148 0.4791 0
658 0.4742 0
1545 0.4702 0
63 0.4701 0
1783 0.4676 0
1356 0.4654 0
1313 0.4641 0
951 0.4613 0
1371 0.4602 0
1931 0.4588 0
71 0.4563 0
232 0.4533 0
1746 0.4518 0
335 0.4462 0
1833 0.4461 0
150 0.4452 0
17 0.4414 0
49 0.4407 0
1086 0.4404 0
1659 0.4363 0
36 0.4352 0
133 0.4291 0
808 0.4267 0
1889 0.4221 0
1940 0.4198 0
245 0.4124 0
1898 0.3949 0
1314 0.3893 0
1020 0.3834 0
26 0.3568 0
1108 0.3561 0
536 0.3428 0
841 0.3296 0
282 0.3222 0
875 0.3211 0
40 0.3166 0
131 0.3131 0
936 0.3094 0
1679 0.3086 0
267 0.3057 0
1220 0.3034 0
1564 0.3020 0
1117 0.3016 0
1359 0.3005 0
818 0.2881 0
419 0.2875 0
1110 0.2874 0
993 0.2873 0
516 0.2870 0
211 0.2820 0
168 0.2759 0
1386 0.2753 0
1936 0.2717 0
829 0.2716 0
1374 0.2656 0
1311 0.2609 0
568 0.2582 0
163 0.2567 0
1843 0.2559 0
1650 0.2493 0
166 0.2467 0
1570 0.2433 0
1233 0.2421 0
512 0.2393 0
1864 0.2338 0
896 0.2206 0
787 0.2136 0
35 0.2134 0
130 0.2124 0
1589 0.2123 0
1862 0.2099 0
1102 0.2056 0
584 0.2040 0
1577 0.2038 0
1471 0.1990 0
1980 0.1983 0
1475 0.1970 0
1106 0.1909 0
1389 0.1840 0
430 0.1772 0
41 0.1699 0
1204 0.1697 0
1480 0.1666 0
1121 0.1615 0
1538 0.1595 0
343 0.1590 0
142 0.1481 0
311 0.1479 0
304 0.1463 0
1310 0.1313 0
552 0.1227 0
537 0.1212 0
1284 0.1180 0
1654 0.1179 0
1143 0.1135 0
1581 0.1134 0
1766 0.1068 0
52 0.1045 0
1528 0.1039 0
902 0.1036 0
786 0.0984 0
326 0.0966 0
961 0.0859 0
1387 0.0853 0
797 0.0799 0
1970 0.0696 0
1751 0.0689 0
849 0.0670 0
106 0.0635 0
59 0.0600 0
18 0.0576 0
451 0.0532 0
1954 0.0340 0
1556 0.0289 0
1498 0.0200 0
969 0.0184 0
672 0.0147 0
597 0.0115 0
1141 0.0096 0
591 0.0090 0
577 0.0074 0
472 0.0058 0
1111 0.0041 0
1672 0.0018 0
1283 0.0006 0
682 -0.0006 0
792 -0.0061 0
1064 -0.0081 0
1353 -0.0142 0
663 -0.0164 0
47 -0.0166 0
1287 -0.0203 0
514 -0.0204 0
806 -0.0218 0
952 -0.0243 0
24 -0.0251 0
46 -0.0259 0
120 -0.0263 0
668 -0.0268 0
1714 -0.0315 0
202 -0.0326 0
435 -0.0328 0
1928 -0.0334 0
1997 -0.0351 0
1459 -0.0471 0
760 -0.0472 0
327 -0.0509 0
664 -0.0553 0
214 -0.0573 0
913 -0.0574 0
1983 -0.0605 0
6 -0.0607 0
1675 -0.0622 0
991 -0.0644 0
1935 -0.0652 0
1530 -0.0657 0
702 -0.0690 0
834 -0.0734 0
1217 -0.0818 0
1420 -0.0831 0
452 -0.0928 0
453 -0.0940 0
1347 -0.0946 0
1408 -0.0989 0
360 -0.1015 0
1598 -0.1029 0
1514 -0.1117 0
1594 -0.1131 0
1909 -0.1153 0
1254 -0.1330 0
1979 -0.1343 0
1886 -0.1442 0
1269 -0.1454 0
1697 -0.1474 0
1967 -0.1474 0
48 -0.1624 0
836 -0.1647 0
884 -0.1666 0
1075 -0.1685 0
1341 -0.1705 0
1286 -0.1819 0
1801 -0.1859 0
1995 -0.1886 0
970 -0.1900 0
329 -0.1905 0
239 -0.1906 0
434 -0.1982 0
688 -0.1983 0
854 -0.1992 0
1785 -0.2001 0
520 -0.2154 0
562 -0.2201 0
917 -0.2218 0
585 -0.2225 0
501 -0.2321 0
129 -0.2324 0
1219 -0.2355 0
939 -0.2477 0
474 -0.2576 0
1 -0.2655 0
1966 -0.2705 0
1561 -0.2737 0
105 -0.2799 0
1915 -0.2944 0
1555 -0.2960 0
666 -0.2962 0
1322 -0.2973 0
198 -0.2973 0
196 -0.2975 0
1268 -0.2989 0
161 -0.2989 0
122 -0.3041 0
1138 -0.3069 0
1657 -0.3072 0
526 -0.3100 0
31 -0.3171 0
1006 -0.3320 0
454 -0.3402 0
1982 -0.3452 0
1345 -0.3457 0
925 -0.3483 0
173 -0.3498 0
679 -0.3526 0
843 -0.3530 0
978 -0.3554 0
1572 -0.3555 0
185 -0.3587 0
1226 -0.3593 0
916 -0.3716 0
34 -0.3721 0
421 -0.3756 0
313 -0.3827 0
375 -0.3832 0
1641 -0.3849 0
914 -0.3855 0
8 -0.3882 0
780 -0.4029 0
186 -0.4079 0
1487 -0.4079 0
1122 -0.4103 0
566 -0.4156 0
1993 -0.4190 0
132 -0.4201 0
347 -0.4225 0
197 -0.4233 0
997 -0.4374 0
1810 -0.4389 0
1660 -0.4453 0
1445 -0.4475 0
42 -0.4507 0
1850 -0.4529 0
971 -0.4538 0
437 -0.4543 0
370 -0.4569 0
1863 -0.4580 0
1630 -0.4596 0
1899 -0.4644 0
1278 -0.4666 0
1104 -0.4671 0
949 -0.4672 0
1253 -0.4677 0
1823 -0.4700 0
687 -0.4715 0
570 -0.4770 0
1399 -0.4787 0
11 -0.4812 0
1595 -0.4917 0
648 -0.4934 0
1891 -0.4949 0
531 -0.4975 0
857 -0.5028 0
685 -0.5030 0
1874 -0.5052 0
1012 -0.5052 0
1483 -0.5056 0
1557 -0.5105 0
228 -0.5128 0
575 -0.5153 0
1687 -0.5157 0
417 -0.5167 0
863 -0.5206 0
522 -0.5309 0
513 -0.5309 0
1047 -0.5348 0
564 -0.5436 0
1919 -0.5444 0
855 -0.5453 0
790 -0.5502 0
3 -0.5566 0
217 -0.5646 0
344 -0.5660 0
476 -0.5667 0
579 -0.5711 0
1392 -0.5773 0
1613 -0.5826 0
1591 -0.5839 0
1021 -0.5873 0
881 -0.5892 0
1593 -0.5944 0
1824 -0.5985 0
1934 -0.6080 0
527 -0.6177 0
62 -0.6221 0
1309 -0.6341 0
1653 -0.6533 0
712 -0.6538 0
883 -0.6628 0
1370 -0.6726 0
157 -0.6747 0
1218 -0.6759 0
1875 -0.6770 0
1491 -0.6808 0
1765 -0.6838 0
1999 -0.6855 0
1246 -0.6862 0
9 -0.6928 0
960 -0.6973 0
882 -0.6995 0
555 -0.6998 0
1364 -0.7020 0
1271 -0.7075 0
1932 -0.7107 0
871 -0.7113 0
1881 -0.7146 0
1300 -0.7176 0
1407 -0.7210 0
318 -0.7251 0
957 -0.7285 0
713 -0.7313 0
1318 -0.7322 0
965 -0.7325 0
490 -0.7361 0
1691 -0.7380 0
980 -0.7413 0
406 -0.7451 0
1500 -0.7468 0
496 -0.7496 0
30 -0.7497 0
653 -0.7530 0
1054 -0.7613 0
1683 -0.7629 0
21 -0.7656 0
1272 -0.7728 0
32 -0.7734 0
488 -0.7763 0
911 -0.7806 0
180 -0.7861 0
192 -0.7894 0
1673 -0.7980 0
1240 -0.7994 0
1531 -0.8038 0
1124 -0.8053 0
698 -0.8060 0
659 -0.8064 0
1212 -0.8075 0
1434 -0.8083 0
208 -0.8101 0
279 -0.8142 0
851 -0.8188 0
152 -0.8254 0
1971 -0.8274 0
1520 -0.8296 0
357 -0.8329 0
218 -0.8367 0
487 -0.8423 0
1039 -0.8513 0
220 -0.8577 0
1470 -0.8618 0
1947 -0.8634 0
595 -0.8644 0
889 -0.8650 0
998 -0.8662 0
1728 -0.8700 0
1133 -0.8765 0
77 -0.8770 0
128 -0.8805 0
1008 -0.8844 0
660 -0.8848 0
146 -0.8920 0
738 -0.8955 0
1956 -0.8969 0
1664 -0.9071 0
1669 -0.9075 0
1128 -0.9077 0
1694 -0.9082 0
346 -0.9138 0
500 -0.9146 0
1295 -0.9168 0
707 -0.9174 0
1547 -0.9189 0
711 -0.9291 0
1229 -0.9352 0
380 -0.9353 0
983 -0.9394 0
1621 -0.9405 0
25 -0.9437 0
1959 -0.9509 0
1792 -0.9535 0
1298 -0.9544 0
1004 -0.9548 0
912 -0.9611 0
1486 -0.9676 0
162 -0.9725 0
1582 -0.9756 0
742 -0.9775 0
1112 -0.9785 0
378 -0.9792 0
718 -0.9802 0
1467 -0.9811 0
1003 -0.9932 0
645 -0.9947 0
1868 -0.9995 0
366 -1.0065 0
243 -1.0082 0
1255 -1.0116 0
230 -1.0150 0
426 -1.0161 0
1290 -1.0175 0
1001 -1.0262 0
768 -1.0292 0
1566 -1.0293 0
734 -1.0346 0
981 -1.0402 0
1145 -1.0448 0
1904 -1.0508 0
899 -1.0516 0
770 -1.0558 0
547 -1.0563 0
7 -1.0571 0
586 -1.0666 0
425 -1.0756 0
1668 -1.0798 0
399 -1.0818 0
1695 -1.0860 0
1241 -1.0874 0
676 -1.0917 0
1234 -1.0925 0
948 -1.0966 0
720 -1.1015 0
348 -1.1053 0
511 -1.1121 0
844 -1.1194 0
1709 -1.1229 0
87 -1.1254 0
1992 -1.1264 0
736 -1.1288 0
1955 -1.1295 0
1317 -1.1357 0
1578 -1.1386 0
670 -1.1442 0
947 -1.1515 0
708 -1.1520 0
1537 -1.1534 0
384 -1.1571 0
803 -1.1581 0
317 -1.1595 0
337 -1.1636 0
938 -1.1664 0
420 -1.1674 0
1761 -1.1726 0
1134 -1.1864 0
1600 -1.1907 0
1049 -1.1908 0
779 -1.1952 0
1297 -1.1979 0
1072 -1.1983 0
301 -1.2006 0
521 -1.2070 0
651 -1.2115 0
999 -1.2117 0
4 -1.2162 0
1023 -1.2195 0
891 -1.2195 0
1879 -1.2250 0
1315 -1.2283 0
1048 -1.2361 0
247 -1.2371 0
1576 -1.2446 0
842 -1.2452 0
846 -1.2513 0
1584 -1.2513 0
1774 -1.2583 0
897 -1.2611 0
1913 -1.2625 0
398 -1.2644 0
828 -1.2703 0
1592 -1.2724 0
1526 -1.2750 0
1430 -1.2808 0
994 -1.2886 0
1416 -1.2900 0
540 -1.2907 0
1473 -1.3007 0
483 -1.3008 0
1323 -1.3044 0
322 -1.3046 0
118 -1.3062 0
1469 -1.3105 0
391 -1.3198 0
665 -1.3201 0
847 -1.3235 0
502 -1.3241 0
1642 -1.3243 0
840 -1.3255 0
389 -1.3264 0
1127 -1.3268 0
1949 -1.3269 0
1828 -1.3319 0
1349 -1.3324 0
1046 -1.3342 0
1626 -1.3369 0
237 -1.3374 0
915 -1.3483 0
933 -1.3493 0
204 -1.3499 0
1216 -1.3515 0
303 -1.3668 0
1013 -1.3701 0
1412 -1.3730 0
1736 -1.3737 0
1615 -1.3739 0
1490 -1.3741 0
755 -1.3743 0
1622 -1.3790 0
1474 -1.3831 0
1900 -1.3852 0
793 -1.3938 0
1385 -1.3982 0
1583 -1.3996 0
821 -1.4022 0
1016 -1.4034 0
959 -1.4073 0
817 -1.4076 0
447 -1.4132 0
1096 -1.4133 0
407 -1.4151 0
1105 -1.4200 0
962 -1.4296 0
1585 -1.4336 0
195 -1.4392 0
982 -1.4398 0
1136 -1.4422 0
906 -1.4491 0
1248 -1.4577 0
74 -1.4589 0
1017 -1.4633 0
898 -1.4644 0
553 -1.4671 0
1262 -1.4678 0
534 -1.4701 0
1097 -1.4796 0
439 -1.4815 0
108 -1.4816 0
404 -1.4847 0
423 -1.4898 0
927 -1.4913 0
1504 -1.4951 0
599 -1.4979 0
1260 -1.4990 0
816 -1.5035 0
704 -1.5114 0
1559 -1.5157 0
446 -1.5160 0
574 -1.5253 0
1285 -1.5308 0
1427 -1.5322 0
336 -1.5365 0
1281 -1.5387 0
1457 -1.5405 0
652 -1.5412 0
1684 -1.5425 0
1620 -1.5431 0
1383 -1.5480 0
879 -1.5494 0
1205 -1.5501 0
367 -1.5519 0
495 -1.5664 0
1456 -1.5694 0
1916 -1.5710 0
371 -1.5735 0
1882 -1.5750 0
1348 -1.5760 0
737 -1.5764 0
674 -1.5828 0
772 -1.5831 0
1232 -1.5879 0
1247 -1.5890 0
1911 -1.5907 0
504 -1.5925 0
368 -1.5928 0
576 -1.5935 0
461 -1.6012 0
1920 -1.6034 0
1019 -1.6048 0
1573 -1.6141 0
1797 -1.6147 0
1242 -1.6171 0
930 -1.6178 0
1698 -1.6197 0
757 -1.6215 0
1384 -1.6244 0
1214 -1.6248 0
725 -1.6291 0
176 -1.6360 0
1628 -1.6428 0
244 -1.6480 0
893 -1.6488 0
762 -1.6563 0
422 -1.6614 0
929 -1.6619 0
1655 -1.6664 0
184 -1.6664 0
1553 -1.6686 0
1610 -1.6743 0
427 -1.6865 0
1073 -1.6884 0
1631 -1.6884 0
1737 -1.6900 0
1686 -1.6956 0
1943 -1.6963 0
1477 -1.7000 0
805 -1.7032 0
191 -1.7062 0
802 -1.7162 0
126 -1.7214 0
1676 -1.7256 0
866 -1.7266 0
179 -1.7292 0
785 -1.7320 0
1998 -1.7333 0
1405 -1.7371 0
1493 -1.7387 0
1368 -1.7501 0
1273 -1.7542 0
812 -1.7554 0
1304 -1.7559 0
1144 -1.7572 0
386 -1.7603 0
554 -1.7615 0
119 -1.7618 0
1357 -1.7660 0
942 -1.7723 0
673 -1.7734 0
1350 -1.7789 0
1484 -1.7789 0
1494 -1.7792 0
935 -1.7813 0
1476 -1.7816 0
1126 -1.7846 0
442 -1.7888 0
316 -1.7966 0
381 -1.7980 0
1685 -1.8002 0
826 -1.8016 0
984 -1.8046 0
729 -1.8051 0
441 -1.8074 0
1191 -1.8113 1
1624 -1.8132 0
450 -1.8137 0
207 -1.8221 0
901 -1.8270 0
1245 -1.8312 0
1203 -1.8326 0
508 -1.8329 0
1291 -1.8343 0
1495 -1.8391 0
1418 -1.8392 0
363 -1.8446 0
1460 -1.8450 0
1541 -1.8507 0
1832 -1.8512 0
900 -1.8513 0
1409 -1.8518 0
1678 -1.8541 0
1040 -1.8543 0
503 -1.8574 0
837 -1.8654 0
1989 -1.8657 0
320 -1.8658 0
1282 -1.8765 0
356 -1.8859 0
1619 -1.9103 0
801 -1.9149 0
1458 -1.9160 0
315 -1.9176 0
1489 -1.9179 0
877 -1.9181 0
865 -1.9189 0
1944 -1.9225 0
830 -1.9397 0
654 -1.9425 0
1107 -1.9427 0
1100 -1.9430 0
165 -1.9484 0
1690 -1.9486 0
1836 -1.9530 0
1941 -1.9536 0
1991 -1.9540 0
355 -1.9566 0
719 -1.9606 0
405 -1.9638 0
400 -1.9644 0
224 -1.9679 0
1202 -1.9730 0
727 -1.9781 0
926 -1.9794 0
1068 -1.9827 0
1415 -1.9831 0
995 -1.9869 0
1007 -1.9939 0
1693 -2.0010 0
354 -2.0058 0
753 -2.0087 0
409 -2.0166 0
227 -2.0253 0
1878 -2.0327 0
1614 -2.0393 0
567 -2.0395 0
1307 -2.0413 0
850 -2.0428 0
697 -2.0442 0
480 -2.0456 0
710 -2.0466 0
491 -2.0494 0
477 -2.0505 0
362 -2.0547 0
323 -2.0606 0
958 -2.0638 0
1029 -2.0641 0
1250 -2.0668 0
194 -2.0669 0
1413 -2.0758 0
1027 -2.0762 0
1837 -2.0821 0
593 -2.0830 0
1090 -2.0847 0
328 -2.0874 0
739 -2.0894 0
475 -2.0909 0
394 -2.1009 0
922 -2.1015 0
428 -2.1124 0
1264 -2.1269 0
556 -2.1270 0
1574 -2.1292 0
1377 -2.1318 0
1544 -2.1395 0
155 -2.1408 0
1562 -2.1472 0
1978 -2.1489 0
1058 -2.1501 0
941 -2.1548 0
1627 -2.1562 0
1539 -2.1599 0
401 -2.1615 0
1677 -2.1702 0
1390 -2.1710 0
1113 -2.1742 0
545 -2.1752 0
236 -2.1780 0
376 -2.1789 0
465 -2.1818 0
743 -2.1837 0
1265 -2.1855 0
1938 -2.1910 0
429 -2.1961 0
728 -2.1971 0
1411 -2.1990 0
13 -2.2005 0
580 -2.2058 0
550 -2.2077 0
231 -2.2105 0
1442 -2.2147 0
885 -2.2196 0
810 -2.2202 0
382 -2.2205 0
747 -2.2234 0
445 -2.2267 0
1429 -2.2280 0
781 -2.2298 0
1667 -2.2322 0
1085 -2.2377 0
436 -2.2387 0
1221 -2.2393 0
1149 -2.2419 0
235 -2.2539 0
411 -2.2546 0
410 -2.2596 0
1527 -2.2729 0
310 -2.2737 0
869 -2.2737 0
387 -2.2819 0
1529 -2.2902 0
535 -2.2945 0
1625 -2.3014 0
352 -2.3038 0
1987 -2.3069 0
533 -2.3075 0
1431 -2.3077 0
723 -2.3179 0
1689 -2.3182 0
444 -2.3192 0
1858 -2.3207 0
1548 -2.3310 0
1453 -2.3386 0
1535 -2.3442 0
726 -2.3445 0
1041 -2.3460 0
1329 -2.3500 0
206 -2.3503 0
1602 -2.3507 0
1512 -2.3525 0
1238 -2.3550 0
799 -2.3559 0
832 -2.3564 0
767 -2.3628 0
1391 -2.3712 0
946 -2.3713 0
229 -2.3895 0
457 -2.3900 0
782 -2.3916 0
1569 -2.3966 0
1488 -2.4015 0
748 -2.4033 0
1406 -2.4061 0
1905 -2.4116 0
1365 -2.4237 0
1680 -2.4261 0
1515 -2.4274 0
1441 -2.4312 0
730 -2.4381 0
482 -2.4388 0
383 -2.4399 0
560 -2.4430 0
1327 -2.4436 0
415 -2.4554 0
1002 -2.4600 0
300 -2.4643 0
578 -2.4681 0
1739 -2.4716 0
1499 -2.4731 0
557 -2.4754 0
358 -2.4790 0
319 -2.4801 0
1892 -2.4883 0
1210 -2.4902 0
1375 -2.4916 0
518 -2.5010 0
353 -2.5060 0
845 -2.5090 0
1239 -2.5179 0
359 -2.5208 0
1211 -2.5234 0
722 -2.5244 0
583 -2.5262 0
1093 -2.5296 0
216 -2.5331 0
1513 -2.5352 0
751 -2.5388 0
740 -2.5529 0
223 -2.5544 0
1910 -2.5686 0
699 -2.5690 0
109 -2.5753 0
1061 -2.5895 0
393 -2.5895 0
1148 -2.5912 0
369 -2.5960 0
1433 -2.6007 0
1129 -2.6063 0
1696 -2.6102 0
395 -2.6128 0
1965 -2.6153 0
955 -2.6180 0
544 -2.6181 0
596 -2.6325 0
1907 -2.6396 0
996 -2.6486 0
694 -2.6534 0
1497 -2.6555 0
1076 -2.6569 0
1419 -2.6605 0
1087 -2.6631 0
1388 -2.6777 0
778 -2.6841 0
735 -2.6881 0
1996 -2.6891 0
1270 -2.6925 0
773 -2.6938 0
972 -2.6989 0
172 -2.7016 0
1224 -2.7019 0
700 -2.7069 0
1296 -2.7071 0
466 -2.7093 0
1505 -2.7102 0
789 -2.7169 0
558 -2.7284 0
462 -2.7313 0
1319 -2.7341 0
1435 -2.7365 0
943 -2.7384 0
341 -2.7387 0
1618 -2.7439 0
598 -2.7462 0
1937 -2.7490 0
822 -2.7534 0
1444 -2.7541 0
909 -2.7570 0
594 -2.7619 0
210 -2.7710 0
440 -2.7816 0
418 -2.7874 0
807 -2.7924 0
1501 -2.7969 0
745 -2.7993 0
741 -2.8028 0
1423 -2.8034 0
1492 -2.8096 0
988 -2.8102 0
1394 -2.8195 0
385 -2.8243 0
532 -2.8247 0
587 -2.8317 0
744 -2.8345 0
908 -2.8346 0
1884 -2.8346 0
1658 -2.8346 0
1402 -2.8414 0
325 -2.8465 0
1249 -2.8501 0
1266 -2.8629 0
1596 -2.8635 0
151 -2.8672 0
1099 -2.8678 0
372 -2.8694 0
1091 -2.8706 0
714 -2.8738 0
510 -2.8753 0
820 -2.8843 0
471 -2.8851 0
167 -2.8968 0
1014 -2.8987 0
921 -2.9036 0
1116 -2.9058 0
571 -2.9135 0
680 -2.9140 0
456 -2.9163 0
470 -2.9194 0
233 -2.9233 0
1257 -2.9271 0
590 -2.9406 0
1699 -2.9439 0
1032 -2.9444 0
240 -2.9458 0
1200 -2.9502 0
831 -2.9535 0
1132 -2.9583 0
443 -2.9585 0
1552 -2.9603 0
1213 -2.9605 0
1560 -2.9618 0
182 -2.9649 0
1082 -2.9683 0
904 -2.9890 0
1280 -2.9912 0
1496 -2.9949 0
1481 -3.0012 0
1609 -3.0036 0
966 -3.0062 0
306 -3.0307 0
485 -3.0312 0
489 -3.0343 0
1401 -3.0426 0
333 -3.0521 0
1424 -3.0585 0
481 -3.0637 0
1692 -3.0731 0
1616 -3.0832 0
1439 -3.0856 0
529 -3.0880 0
968 -3.1035 0
1861 -3.1115 0
1466 -3.1123 0
561 -3.1131 0
467 -3.1158 0
771 -3.1397 0
1223 -3.1480 0
963 -3.1487 0
388 -3.1632 0
1292 -3.1632 0
928 -3.1681 0
1523 -3.1684 0
93 -3.1918 0
967 -3.1946 0
692 -3.1966 0
438 -3.1990 0
800 -3.2038 0
414 -3.2102 0
1056 -3.2278 0
650 -3.2322 0
1637 -3.2434 0
655 -3.2447 0
761 -3.2552 0
1333 -3.2570 0
823 -3.2589 0
764 -3.2637 0
1478 -3.2835 0
1235 -3.2867 0
1852 -3.2953 0
1022 -3.2961 0
1575 -3.2966 0
1865 -3.2982 0
1011 -3.2993 0
1603 -3.3202 0
1243 -3.3216 0
1933 -3.3228 0
1404 -3.3306 0
416 -3.3399 0
1201 -3.3405 0
1948 -3.3427 0
312 -3.3460 0
519 -3.3471 0
1236 -3.3504 0
1131 -3.3506 0
905 -3.3511 0
1065 -3.3536 0
987 -3.3567 0
1533 -3.3569 0
581 -3.3866 0
460 -3.3880 0
1120 -3.3911 0
1000 -3.3961 0
1661 -3.4002 0
795 -3.4073 0
15 -3.4204 0
986 -3.4272 0
931 -3.4278 0
1902 -3.4284 0
432 -3.4297 0
1612 -3.4339 0
1258 -3.4482 0
1397 -3.4492 0
1361 -3.4497 0
1542 -3.4515 0
582 -3.4535 0
1066 -3.4613 0
1060 -3.4631 0
1244 -3.4661 0
1450 -3.4662 0
1446 -3.4696 0
886 -3.4762 0
937 -3.4768 0
1077 -3.4800 0
572 -3.4826 0
1400 -3.4926 0
1554 -3.4964 0
775 -3.5032 0
349 -3.5104 0
1549 -3.5114 0
1422 -3.5181 0
412 -3.5193 0
478 -3.5221 0
365 -3.5304 0
684 -3.5389 0
1071 -3.5415 0
759 -3.5542 0
492 -3.5553 0
1050 -3.5637 0
241 -3.5675 0
1567 -3.5856 0
701 -3.5907 0
907 -3.5908 0
1426 -3.5914 0
1461 -3.6022 0
589 -3.6029 0
1479 -3.6075 0
838 -3.6138 0
1140 -3.6197 0
724 -3.6209 0
506 -3.6256 0
825 -3.6283 0
201 -3.6375 0
788 -3.6386 0
1355 -3.6565 0
715 -3.6580 0
1432 -3.6610 0
1640 -3.6754 0
1436 -3.6877 0
1263 -3.7086 0
656 -3.7204 0
695 -3.7230 0
944 -3.7269 0
749 -3.7473 0
940 -3.7486 0
20 -3.7524 0
588 -3.7536 0
473 -3.7564 0
1440 -3.7708 0
1088 -3.7713 0
752 -3.7783 0
1057 -3.7829 0
1215 -3.7918 0
1671 -3.7927 0
1969 -3.7977 0
494 -3.8095 0
733 -3.8126 0
66 -3.8301 0
1876 -3.8307 0
377 -3.8344 0
188 -3.8349 0
1092 -3.8463 0
953 -3.8590 0
1403 -3.8728 0
321 -3.8811 0
796 -3.8840 0
1098 -3.8851 0
1606 -3.8869 0
1293 -3.8976 0
498 -3.9239 0
1062 -3.9243 0
774 -3.9249 0
1228 -3.9381 0
1502 -3.9483 0
350 -3.9507 0
1207 -3.9567 0
1094 -3.9690 0
1652 -3.9698 0
602 -3.9752 0
1010 -3.9786 0
1095 -3.9850 0
1084 -3.9904 0
1648 -3.9946 0
459 -3.9961 0
397 -3.9994 0
1437 -4.0081 0
1428 -4.0141 0
776 -4.0167 0
530 -4.0203 0
1083 -4.0205 0
1028 -4.0263 0
1069 -4.0320 0
1410 -4.0373 0
798 -4.0459 0
524 -4.0476 0
1256 -4.0516 0
705 -4.0703 0
1522 -4.0722 0
351 -4.0771 0
528 -4.0863 0
1251 -4.0945 0
1299 -4.1042 0
954 -4.1082 0
468 -4.1144 0
1063 -4.1271 0
1009 -4.1373 0
1611 -4.1407 0
396 -4.1410 0
1635 -4.1512 0
1275 -4.1623 0
1052 -4.1719 0
833 -4.1725 0
497 -4.1884 0
1289 -4.1902 0
1354 -4.1985 0
923 -4.2020 0
1455 -4.2087 0
681 -4.2121 0
44 -4.2132 0
758 -4.2194 0
677 -4.2289 0
1053 -4.2400 0
1449 -4.2523 0
525 -4.2719 0
563 -4.2883 0
975 -4.3101 0
1051 -4.3104 0
819 -4.3169 0
763 -4.3223 0
1870 -4.3263 0
1646 -4.3290 0
690 -4.3305 0
1038 -4.3337 0
783 -4.3396 0
448 -4.3758 0
945 -4.3866 0
1601 -4.3909 0
716 -4.3963 0
1034 -4.4011 0
1629 -4.4023 0
910 -4.4165 0
308 -4.4282 0
1674 -4.4339 0
364 -4.4402 0
703 -4.4646 0
732 -4.4649 0
1639 -4.4706 0
1597 -4.5019 0
1055 -4.5149 0
1078 -4.5499 0
1227 -4.5538 0
1588 -4.5675 0
1059 -4.5830 0
334 -4.5871 0
1605 -4.5893 0
1352 -4.5920 0
390 -4.6275 0
1511 -4.6290 0
1604 -4.6614 0
804 -4.6771 0
455 -4.6870 0
486 -4.6889 0
542 -4.7350 0
1633 -4.7350 0
964 -4.7434 0
1645 -4.7764 0
1421 -4.7843 0
1237 -4.8100 0
1209 -4.8265 0
1114 -4.8298 0
1425 -4.8368 0
1607 -4.8471 0
1259 -4.8825 0
657 -4.8959 0
1080 -4.8962 0
458 -4.9064 0
1274 -4.9267 0
338 -4.9353 0
1417 -4.9536 0
709 -4.9649 0
565 -5.0050 0
872 -5.0392 0
769 -5.0413 0
1636 -5.0487 0
408 -5.0666 0
1662 -5.0710 0
1067 -5.0881 0
1070 -5.1102 0
696 -5.1181 0
1118 -5.2318 0
766 -5.2521 0
750 -5.2522 0
1382 -5.2657 0
1976 -5.2759 0
784 -5.2850 0
1443 -5.3056 0
1074 -5.3658 0
754 -5.3733 0
985 -5.3771 0
1617 -5.4117 0
479 -5.4131 0
1081 -5.4217 0
1663 -5.4637 0
1447 -5.4710 0
1208 -5.4908 0
379 -5.4941 0
392 -5.5089 0
1438 -5.5284 0
1647 -5.5551 0
1225 -5.5694 0
402 -5.5975 0
169 -5.6439 0
469 -5.6466 0
1632 -5.6709 0
1608 -5.7330 0
1089 -5.7828 0
791 -5.8387 0
548 -5.8449 0
1261 -5.8591 0
1465 -5.8646 0
190 -5.9022 0
1634 -5.9091 0
756 -6.0584 0
1079 -6.3646 0
1643 -6.3726 0
1644 -6.6507 0
1638 -6.6851 0
464 -6.7344 0
950 -6.7653 0
1448 -7.1079 0
691 -7.1442 0
731 -7.2765 0
1414 -7.7156 0
