1248 30.9471 1
1233 26.1696 1
1224 26.1655 1
1200 24.7942 1
1235 24.4173 1
1221 24.3234 1
1222 24.0399 1
1246 23.9736 1
1229 21.4556 1
1202 19.5384 1
1238 17.9587 1
1225 17.3743 1
1212 17.0965 1
1247 17.0956 1
1236 16.4681 1
1996 16.2683 0
1244 15.7660 1
1213 15.4447 1
1240 15.2663 1
1203 14.4460 1
1231 13.9375 1
1209 13.6190 1
1223 13.3321 1
1232 13.1135 1
1208 12.7351 1
1214 12.4593 1
1207 12.3266 1
1204 11.8591 1
1217 11.5395 1
1227 11.2731 1
1241 10.9918 1
1206 10.7531 1
1447 10.7141 0
1130 10.5051 0
1682 10.4645 0
1416 10.4036 0
1228 10.3890 1
1403 10.1315 0
1419 9.9911 0
1676 9.8724 0
1201 9.6817 1
1038 9.6194 0
1211 9.5468 1
1421 9.5246 0
1991 9.4246 0
1442 9.4174 0
1215 9.4083 1
1448 9.3281 0
491 9.2696 0
284 9.1961 0
1430 9.1896 0
565 8.9850 0
1443 8.6569 0
1426 8.6042 0
1205 8.5328 1
1237 8.4867 1
1751 8.4463 0
528 8.2709 0
1234 8.2409 1
1431 8.2117 0
1425 8.1227 0
1249 8.0398 1
482 7.9703 0
1402 7.9442 0
329 7.8735 0
1411 7.8273 0
1400 7.7817 0
1438 7.7787 0
464 7.7537 0
954 7.7098 0
1219 7.6238 1
1436 7.6022 0
810 7.5605 0
1242 7.4999 1
1420 7.4953 0
1446 7.4129 0
1210 7.3453 1
504 7.3191 0
1315 7.2669 0
1239 7.1035 1
597 7.0951 0
1401 6.9092 0
1433 6.7797 0
899 6.7394 0
1491 6.6992 0
1662 6.6151 0
1439 6.5789 0
516 6.5732 0
1905 6.5292 0
1230 6.4946 1
241 6.4379 0
1145 6.3199 0
1380 6.2056 0
188 6.1895 0
450 6.1609 0
844 6.1341 0
1397 6.1080 0
1345 6.1041 0
1449 6.1034 0
1902 6.0923 0
1077 5.9914 0
438 5.9380 0
650 5.8521 0
1378 5.8488 0
168 5.8416 0
986 5.8400 0
421 5.8364 0
1414 5.8202 0
1437 5.7578 0
1070 5.7002 0
1243 5.6481 1
1216 5.6304 1
1933 5.5675 0
886 5.5456 0
827 5.5325 0
648 5.4362 0
578 5.4332 0
1142 5.4000 0
1351 5.3751 0
489 5.3410 0
964 5.3223 0
1140 5.2836 0
1423 5.2637 0
1245 5.2605 1
1191 5.2477 0
338 5.2220 0
1429 5.2165 0
1787 5.2041 0
501 5.1750 0
369 5.1726 0
1058 5.1452 0
1415 5.1347 0
1186 5.1192 0
1044 5.1009 0
497 5.0785 0
488 5.0582 0
1432 5.0424 0
468 5.0291 0
302 4.9735 0
519 4.9534 0
1342 4.9306 0
524 4.9259 0
1082 4.8741 0
1424 4.8652 0
1278 4.8515 0
763 4.8386 0
169 4.8173 0
753 4.8046 0
1405 4.7859 0
1444 4.7747 0
1865 4.7740 0
1029 4.7326 0
151 4.7177 0
756 4.6963 0
1428 4.6820 0
456 4.6756 0
1616 4.6662 0
1876 4.6031 0
194 4.5732 0
458 4.5504 0
663 4.5348 0
1060 4.5316 0
1404 4.5207 0
561 4.4622 0
1226 4.4518 1
505 4.4482 0
1406 4.4179 0
1441 4.4079 0
470 4.3878 0
1858 4.3621 0
1470 4.3229 0
190 4.2544 0
1461 4.2509 0
1341 4.2477 0
390 4.2377 0
1010 4.2306 0
655 4.2130 0
1799 4.1959 0
724 4.1945 0
1989 4.1851 0
1467 4.1828 0
1422 4.1724 0
903 4.1609 0
635 4.1585 0
403 4.1464 0
865 4.1179 0
475 4.1102 0
1692 4.1084 0
453 4.1073 0
518 4.1072 0
1218 4.0962 1
1450 4.0726 0
786 4.0676 0
1908 4.0648 0
1155 4.0264 0
325 3.9905 0
1127 3.9800 0
1635 3.9735 0
396 3.9607 0
1407 3.9462 0
1050 3.9325 0
814 3.9231 0
1344 3.9186 0
889 3.8733 0
1102 3.8576 0
156 3.8501 0
704 3.8459 0
1435 3.8398 0
709 3.8254 0
1930 3.8196 0
262 3.8147 0
133 3.8066 0
879 3.8035 0
137 3.7935 0
1549 3.7883 0
1734 3.7824 0
1013 3.7595 0
1135 3.7504 0
292 3.7157 0
811 3.7123 0
344 3.7072 0
1856 3.6944 0
1864 3.6796 0
1304 3.6756 0
627 3.6719 0
320 3.6650 0
214 3.6485 0
695 3.6442 0
1028 3.6386 0
864 3.6094 0
201 3.6047 0
1131 3.5741 0
522 3.5361 0
1294 3.5252 0
1494 3.5176 0
1306 3.4869 0
1129 3.4720 0
1408 3.4650 0
1336 3.4629 0
1480 3.4591 0
1220 3.4517 1
563 3.4473 0
1057 3.4436 0
1585 3.4345 0
857 3.4319 0
628 3.4199 0
1644 3.4175 0
957 3.4101 0
1395 3.3901 0
1107 3.3896 0
102 3.3696 0
1846 3.3639 0
590 3.3351 0
1007 3.3295 0
1033 3.3284 0
1804 3.3205 0
1903 3.3105 0
378 3.3069 0
167 3.3055 0
1358 3.3010 0
552 3.2945 0
730 3.2888 0
1967 3.2883 0
485 3.2838 0
517 3.2813 0
1663 3.2660 0
199 3.2621 0
656 3.2608 0
692 3.2162 0
556 3.2106 0
1261 3.1977 0
466 3.1917 0
273 3.1878 0
318 3.1877 0
1647 3.1804 0
598 3.1674 0
240 3.1637 0
305 3.1592 0
444 3.1574 0
733 3.1514 0
890 3.1486 0
837 3.1405 0
346 3.1293 0
161 3.1289 0
1327 3.1163 0
1488 3.1138 0
228 3.1053 0
1096 3.1016 0
699 3.0906 0
279 3.0810 0
1110 3.0560 0
449 3.0542 0
1745 3.0453 0
1009 3.0400 0
963 3.0374 0
884 3.0337 0
193 3.0310 0
1605 3.0157 0
53 3.0046 0
1389 2.9818 0
350 2.9760 0
762 2.9651 0
1417 2.9464 0
278 2.9446 0
379 2.8936 0
955 2.8818 0
705 2.8798 0
1381 2.8697 0
462 2.8680 0
1455 2.8678 0
534 2.8480 0
1756 2.8464 0
1386 2.8369 0
334 2.8345 0
577 2.8330 0
1355 2.8267 0
661 2.8257 0
1275 2.8235 0
631 2.8175 0
66 2.8001 0
1554 2.7977 0
1410 2.7924 0
200 2.7681 0
1674 2.7598 0
1465 2.7558 0
455 2.7493 0
574 2.7467 0
304 2.7203 0
317 2.7082 0
1916 2.7080 0
775 2.7057 0
236 2.6960 0
1638 2.6848 0
157 2.6578 0
816 2.6527 0
1391 2.6480 0
268 2.6473 0
231 2.6411 0
1679 2.6411 0
251 2.6303 0
1936 2.6286 0
928 2.6266 0
1739 2.6195 0
897 2.6161 0
1948 2.5858 0
1087 2.5849 0
342 2.5804 0
206 2.5649 0
1890 2.5623 0
78 2.5601 0
1363 2.5491 0
426 2.5377 0
419 2.5346 0
235 2.5320 0
1957 2.5204 0
483 2.5129 0
1713 2.5113 0
511 2.4861 0
1001 2.4794 0
790 2.4772 0
478 2.4760 0
1774 2.4698 0
1934 2.4609 0
1034 2.4339 0
1633 2.4290 0
332 2.4062 0
1788 2.4054 0
1763 2.4031 0
316 2.3891 0
1658 2.3860 0
876 2.3649 0
326 2.3622 0
1785 2.3588 0
1695 2.3567 0
1810 2.3433 0
560 2.3375 0
1413 2.3307 0
1418 2.3209 0
539 2.3176 0
202 2.3173 0
313 2.3103 0
507 2.3080 0
265 2.3049 0
803 2.3046 0
895 2.2817 0
377 2.2737 0
962 2.2736 0
1835 2.2726 0
1926 2.2638 0
1003 2.2456 0
961 2.2387 0
80 2.2382 0
1193 2.2368 0
1472 2.2287 0
829 2.2107 0
1319 2.2106 0
1586 2.1928 0
1459 2.1840 0
526 2.1812 0
477 2.1737 0
50 2.1732 0
1952 2.1696 0
582 2.1648 0
8 2.1599 0
743 2.1587 0
1907 2.1451 0
1919 2.1190 0
300 2.1159 0
622 2.0996 0
1462 2.0988 0
220 2.0946 0
1062 2.0889 0
423 2.0841 0
1360 2.0792 0
1874 2.0783 0
287 2.0710 0
748 2.0661 0
431 2.0643 0
87 2.0599 0
221 2.0544 0
1741 2.0522 0
1759 2.0471 0
1469 2.0451 0
1387 2.0435 0
1169 2.0399 0
1545 2.0387 0
807 2.0377 0
1390 2.0376 0
1289 2.0367 0
1661 2.0352 0
735 2.0343 0
1812 2.0319 0
328 2.0104 0
1507 2.0071 0
542 2.0041 0
587 1.9999 0
520 1.9811 0
1668 1.9653 0
1075 1.9646 0
1955 1.9597 0
944 1.9440 0
640 1.9385 0
1877 1.9335 0
494 1.9313 0
834 1.9259 0
591 1.9235 0
553 1.9182 0
1377 1.9174 0
703 1.9146 0
1677 1.9143 0
584 1.9079 0
1869 1.9045 0
140 1.9036 0
544 1.8936 0
813 1.8920 0
180 1.8896 0
186 1.8861 0
508 1.8834 0
740 1.8821 0
443 1.8817 0
509 1.8737 0
529 1.8665 0
1111 1.8618 0
681 1.8581 0
1350 1.8580 0
353 1.8571 0
1182 1.8543 0
749 1.8541 0
1427 1.8417 0
701 1.8393 0
1080 1.8355 0
685 1.8279 0
510 1.8236 0
713 1.8233 0
335 1.8227 0
1673 1.8179 0
1665 1.8177 0
345 1.8142 0
1068 1.8055 0
774 1.8053 0
1282 1.7949 0
222 1.7927 0
562 1.7910 0
550 1.7881 0
1323 1.7858 0
1723 1.7856 0
203 1.7855 0
1144 1.7822 0
1052 1.7719 0
1660 1.7693 0
1434 1.7641 0
777 1.7627 0
874 1.7585 0
31 1.7522 0
1678 1.7501 0
1255 1.7486 0
364 1.7465 0
486 1.7388 0
146 1.7339 0
1495 1.7321 0
1305 1.7320 0
1181 1.7270 0
1686 1.7247 0
36 1.7203 0
1027 1.7189 0
149 1.7154 0
589 1.7115 0
204 1.7056 0
1950 1.7022 0
715 1.7015 0
1943 1.6981 0
1988 1.6967 0
788 1.6946 0
243 1.6867 0
1086 1.6756 0
1636 1.6749 0
599 1.6735 0
174 1.6655 0
718 1.6380 0
1768 1.6126 0
839 1.6067 0
89 1.5990 0
1122 1.5974 0
339 1.5872 0
258 1.5810 0
1576 1.5771 0
460 1.5728 0
436 1.5727 0
1084 1.5719 0
1749 1.5678 0
621 1.5562 0
1474 1.5560 0
383 1.5470 0
479 1.5451 0
714 1.5344 0
267 1.5330 0
809 1.5293 0
1689 1.5261 0
1720 1.5253 0
564 1.5252 0
197 1.5192 0
746 1.5125 0
849 1.5114 0
1547 1.5112 0
1047 1.5027 0
1042 1.4977 0
1379 1.4951 0
1667 1.4923 0
1497 1.4880 0
337 1.4767 0
45 1.4684 0
1321 1.4684 0
1700 1.4619 0
926 1.4588 0
1861 1.4573 0
249 1.4519 0
1900 1.4447 0
487 1.4387 0
1136 1.4380 0
825 1.4371 0
3 1.4334 0
946 1.4332 0
755 1.4251 0
789 1.4213 0
272 1.4122 0
1154 1.4112 0
1079 1.4049 0
1746 1.4014 0
1021 1.4002 0
1697 1.3974 0
1333 1.3892 0
513 1.3820 0
956 1.3816 0
152 1.3799 0
1904 1.3788 0
1942 1.3771 0
1064 1.3751 0
433 1.3625 0
1340 1.3599 0
1680 1.3573 0
1972 1.3540 0
476 1.3538 0
1639 1.3536 0
859 1.3490 0
888 1.3474 0
1393 1.3446 0
1347 1.3419 0
741 1.3387 0
1775 1.3348 0
196 1.3325 0
873 1.3186 0
861 1.3143 0
607 1.3126 0
697 1.3066 0
1141 1.2999 0
700 1.2898 0
1992 1.2868 0
430 1.2848 0
1251 1.2844 0
1887 1.2836 0
1684 1.2781 0
1369 1.2775 0
312 1.2773 0
551 1.2618 0
1385 1.2447 0
935 1.2422 0
651 1.2370 0
1683 1.2355 0
855 1.2337 0
649 1.2314 0
1134 1.2263 0
791 1.2241 0
710 1.2232 0
847 1.2223 0
234 1.2169 0
1153 1.2153 0
812 1.2118 0
27 1.2113 0
7 1.2081 0
277 1.2071 0
1716 1.2001 0
230 1.1984 0
708 1.1961 0
1708 1.1949 0
711 1.1900 0
950 1.1871 0
1412 1.1821 0
1882 1.1717 0
1769 1.1694 0
1179 1.1675 0
1361 1.1667 0
1881 1.1565 0
1384 1.1548 0
1180 1.1462 0
1883 1.1417 0
1067 1.1292 0
56 1.1283 0
160 1.1264 0
158 1.1250 0
11 1.1213 0
1440 1.1177 0
113 1.1079 0
760 1.0975 0
1866 1.0862 0
752 1.0862 0
838 1.0843 0
1505 1.0783 0
1878 1.0717 0
1498 1.0685 0
554 1.0646 0
125 1.0618 0
1008 1.0603 0
852 1.0538 0
1617 1.0522 0
1796 1.0501 0
1166 1.0474 0
1752 1.0382 0
1066 1.0371 0
1857 1.0341 0
1611 1.0340 0
5 1.0327 0
805 1.0288 0
1911 1.0186 0
941 1.0125 0
101 1.0112 0
184 1.0107 0
1685 1.0086 0
1250 1.0079 0
212 0.9957 0
1254 0.9938 0
1371 0.9897 0
1797 0.9858 0
1557 0.9815 0
1484 0.9810 0
866 0.9803 0
1054 0.9802 0
1496 0.9766 0
1095 0.9762 0
49 0.9734 0
1816 0.9710 0
783 0.9692 0
1533 0.9657 0
1150 0.9655 0
1807 0.9646 0
1464 0.9567 0
296 0.9539 0
427 0.9499 0
1320 0.9492 0
1101 0.9490 0
653 0.9443 0
9 0.9441 0
1651 0.9424 0
162 0.9398 0
465 0.9391 0
917 0.9389 0
571 0.9354 0
1481 0.9208 0
657 0.9194 0
1913 0.9141 0
1115 0.9134 0
418 0.9129 0
871 0.9035 0
1466 0.9016 0
1061 0.8978 0
1504 0.8871 0
1675 0.8864 0
1476 0.8847 0
17 0.8834 0
1659 0.8817 0
1892 0.8768 0
1109 0.8714 0
1766 0.8664 0
938 0.8605 0
1274 0.8586 0
1019 0.8542 0
1138 0.8518 0
290 0.8483 0
535 0.8465 0
1543 0.8411 0
1076 0.8394 0
400 0.8240 0
1317 0.8233 0
473 0.8200 0
1108 0.8189 0
1527 0.8152 0
1097 0.8125 0
1593 0.8084 0
1277 0.8072 0
1728 0.8038 0
1349 0.7927 0
1693 0.7883 0
1631 0.7869 0
1793 0.7845 0
851 0.7813 0
1671 0.7695 0
1280 0.7648 0
881 0.7553 0
1359 0.7547 0
1986 0.7531 0
1925 0.7510 0
882 0.7467 0
1649 0.7454 0
943 0.7407 0
1709 0.7373 0
797 0.7369 0
1513 0.7344 0
801 0.7297 0
437 0.7283 0
586 0.7269 0
1 0.7252 0
356 0.7247 0
1778 0.7200 0
4 0.7104 0
1295 0.7102 0
512 0.7053 0
581 0.7019 0
1664 0.6974 0
281 0.6959 0
1999 0.6906 0
1802 0.6773 0
322 0.6663 0
1870 0.6645 0
155 0.6600 0
315 0.6499 0
580 0.6491 0
349 0.6483 0
393 0.6481 0
793 0.6450 0
411 0.6424 0
442 0.6380 0
461 0.6317 0
1765 0.6284 0
1642 0.6281 0
1704 0.6279 0
1156 0.6170 0
1118 0.6165 0
1691 0.6163 0
382 0.6128 0
1123 0.6061 0
218 0.6058 0
1595 0.6050 0
223 0.6030 0
596 0.5924 0
480 0.5923 0
1194 0.5798 0
47 0.5772 0
824 0.5750 0
924 0.5688 0
1392 0.5675 0
1699 0.5647 0
759 0.5617 0
1162 0.5524 0
836 0.5502 0
371 0.5466 0
1148 0.5463 0
1789 0.5452 0
1838 0.5440 0
885 0.5426 0
1920 0.5411 0
576 0.5405 0
1993 0.5348 0
568 0.5275 0
1698 0.5244 0
1040 0.5227 0
1542 0.5213 0
1731 0.5208 0
406 0.5203 0
1575 0.5141 0
722 0.5005 0
1167 0.4943 0
1483 0.4909 0
659 0.4908 0
1043 0.4907 0
1839 0.4884 0
1852 0.4832 0
435 0.4812 0
341 0.4808 0
728 0.4801 0
413 0.4792 0
74 0.4759 0
588 0.4651 0
289 0.4619 0
1954 0.4598 0
1927 0.4565 0
1962 0.4554 0
1840 0.4507 0
1588 0.4496 0
1783 0.4483 0
336 0.4477 0
546 0.4435 0
459 0.4393 0
900 0.4320 0
1879 0.4275 0
1629 0.4235 0
1969 0.4176 0
288 0.4129 0
678 0.4115 0
1501 0.4086 0
548 0.4046 0
557 0.3920 0
1173 0.3913 0
1055 0.3781 0
1053 0.3747 0
1790 0.3717 0
738 0.3684 0
142 0.3664 0
310 0.3624 0
1017 0.3617 0
1958 0.3580 0
1712 0.3537 0
306 0.3514 0
1011 0.3489 0
1800 0.3467 0
86 0.3417 0
820 0.3407 0
91 0.3406 0
1895 0.3391 0
229 0.3326 0
90 0.3323 0
247 0.3318 0
916 0.3293 0
1997 0.3218 0
297 0.3197 0
1779 0.3179 0
1069 0.3140 0
388 0.3096 0
636 0.3095 0
676 0.3041 0
1036 0.3038 0
397 0.3006 0
1851 0.3005 0
1083 0.3000 0
1782 0.2967 0
1937 0.2907 0
1188 0.2900 0
1382 0.2884 0
1703 0.2840 0
1609 0.2823 0
1253 0.2746 0
1648 0.2710 0
1081 0.2656 0
525 0.2642 0
1831 0.2623 0
1004 0.2622 0
245 0.2607 0
420 0.2595 0
892 0.2579 0
1460 0.2525 0
567 0.2500 0
103 0.2468 0
93 0.2464 0
1690 0.2424 0
1454 0.2408 0
1139 0.2380 0
799 0.2371 0
23 0.2323 0
94 0.2289 0
110 0.2273 0
608 0.2238 0
911 0.2223 0
543 0.2126 0
696 0.2107 0
62 0.2013 0
414 0.2010 0
274 0.1992 0
1168 0.1955 0
1834 0.1943 0
276 0.1852 0
687 0.1851 0
176 0.1833 0
398 0.1797 0
531 0.1787 0
1300 0.1741 0
784 0.1739 0
40 0.1726 0
1568 0.1716 0
1331 0.1713 0
1468 0.1686 0
1820 0.1686 0
434 0.1686 0
454 0.1620 0
537 0.1598 0
1973 0.1580 0
1924 0.1546 0
2 0.1544 0
1375 0.1538 0
333 0.1428 0
192 0.1397 0
416 0.1391 0
669 0.1388 0
794 0.1374 0
1850 0.1254 0
870 0.1243 0
1365 0.1211 0
1918 0.1206 0
732 0.1200 0
1970 0.1174 0
291 0.1163 0
1063 0.1081 0
1526 0.1060 0
1515 0.1011 0
1932 0.0971 0
698 0.0964 0
55 0.0962 0
368 0.0916 0
314 0.0889 0
1285 0.0850 0
1824 0.0834 0
1578 0.0827 0
106 0.0812 0
1653 0.0797 0
225 0.0731 0
330 0.0694 0
73 0.0681 0
1318 0.0663 0
932 0.0576 0
75 0.0497 0
1301 0.0480 0
1666 0.0429 0
758 0.0412 0
166 0.0405 0
1827 0.0390 0
572 0.0371 0
1479 0.0342 0
1590 0.0288 0
425 0.0286 0
1792 0.0281 0
1592 0.0267 0
1597 0.0192 0
1005 0.0135 0
1113 0.0121 0
294 0.0075 0
893 0.0049 0
1737 0.0018 0
1291 0.0010 0
429 -0.0017 0
1909 -0.0029 0
925 -0.0032 0
645 -0.0066 0
401 -0.0074 0
1299 -0.0082 0
846 -0.0128 0
1767 -0.0141 0
673 -0.0149 0
391 -0.0159 0
452 -0.0178 0
79 -0.0226 0
216 -0.0302 0
1630 -0.0306 0
579 -0.0308 0
1522 -0.0367 0
215 -0.0400 0
25 -0.0551 0
1733 -0.0555 0
1266 -0.0600 0
532 -0.0653 0
779 -0.0713 0
1012 -0.0738 0
1546 -0.0752 0
1817 -0.0776 0
856 -0.0800 0
1959 -0.0846 0
1550 -0.0932 0
1099 -0.0949 0
1551 -0.1041 0
1183 -0.1048 0
412 -0.1057 0
159 -0.1149 0
1409 -0.1151 0
376 -0.1220 0
1116 -0.1224 0
609 -0.1233 0
1269 -0.1275 0
85 -0.1284 0
717 -0.1330 0
1257 -0.1355 0
1798 -0.1388 0
948 -0.1392 0
1998 -0.1497 0
1030 -0.1519 0
405 -0.1612 0
1399 -0.1621 0
1556 -0.1621 0
1888 -0.1631 0
1582 -0.1633 0
463 -0.1647 0
1938 -0.1718 0
723 -0.1729 0
1755 -0.1767 0
523 -0.1782 0
239 -0.1786 0
1316 -0.1822 0
804 -0.1838 0
765 -0.1879 0
422 -0.1909 0
625 -0.1915 0
1632 -0.1941 0
172 -0.1945 0
498 -0.1958 0
618 -0.1980 0
605 -0.2005 0
514 -0.2009 0
1529 -0.2014 0
842 -0.2058 0
887 -0.2068 0
1985 -0.2181 0
506 -0.2242 0
869 -0.2252 0
392 -0.2262 0
800 -0.2344 0
975 -0.2346 0
1284 -0.2377 0
1252 -0.2388 0
1174 -0.2424 0
343 -0.2441 0
165 -0.2444 0
293 -0.2453 0
1092 -0.2453 0
484 -0.2456 0
18 -0.2463 0
1780 -0.2476 0
877 -0.2511 0
1073 -0.2513 0
252 -0.2531 0
48 -0.2559 0
1338 -0.2685 0
1944 -0.2755 0
1366 -0.2824 0
301 -0.2826 0
321 -0.2839 0
1941 -0.2851 0
1791 -0.2868 0
1899 -0.2872 0
1106 -0.2876 0
1456 -0.2883 0
13 -0.2893 0
1995 -0.2894 0
682 -0.2916 0
92 -0.2926 0
358 -0.2954 0
394 -0.2959 0
52 -0.2961 0
1089 -0.3045 0
817 -0.3062 0
147 -0.3076 0
1960 -0.3118 0
233 -0.3139 0
404 -0.3163 0
457 -0.3249 0
257 -0.3277 0
1014 -0.3302 0
1694 -0.3312 0
98 -0.3361 0
968 -0.3380 0
253 -0.3394 0
1178 -0.3397 0
848 -0.3435 0
348 -0.3442 0
908 -0.3453 0
737 -0.3458 0
1308 -0.3487 0
6 -0.3508 0
264 -0.3525 0
566 -0.3618 0
105 -0.3644 0
880 -0.3662 0
1125 -0.3679 0
1035 -0.3692 0
1565 -0.3729 0
46 -0.3753 0
619 -0.3766 0
1478 -0.3776 0
307 -0.3795 0
1256 -0.3868 0
707 -0.3901 0
1570 -0.3948 0
1951 -0.3953 0
1625 -0.3955 0
123 -0.3979 0
126 -0.4029 0
1325 -0.4033 0
1477 -0.4127 0
706 -0.4180 0
585 -0.4181 0
819 -0.4181 0
1818 -0.4196 0
375 -0.4223 0
232 -0.4234 0
280 -0.4237 0
726 -0.4275 0
1445 -0.4277 0
547 -0.4293 0
1398 -0.4319 0
646 -0.4327 0
1297 -0.4352 0
751 -0.4373 0
1726 -0.4374 0
594 -0.4399 0
802 -0.4425 0
1541 -0.4430 0
285 -0.4498 0
227 -0.4545 0
1637 -0.4549 0
1286 -0.4581 0
1337 -0.4602 0
352 -0.4602 0
891 -0.4608 0
112 -0.4614 0
1352 -0.4645 0
1298 -0.4651 0
237 -0.4669 0
34 -0.4689 0
154 -0.4749 0
1656 -0.4812 0
1710 -0.4843 0
43 -0.4867 0
1185 -0.4892 0
745 -0.4893 0
60 -0.4912 0
1085 -0.4916 0
913 -0.4973 0
530 -0.4974 0
815 -0.4984 0
898 -0.4995 0
395 -0.5025 0
1564 -0.5080 0
380 -0.5112 0
1396 -0.5118 0
1373 -0.5149 0
1983 -0.5156 0
111 -0.5269 0
1523 -0.5298 0
939 -0.5313 0
1619 -0.5344 0
385 -0.5345 0
493 -0.5366 0
1562 -0.5396 0
26 -0.5398 0
1260 -0.5412 0
1192 -0.5421 0
129 -0.5453 0
1307 -0.5458 0
1528 -0.5492 0
1681 -0.5564 0
408 -0.5594 0
41 -0.5617 0
373 -0.5623 0
729 -0.5683 0
1094 -0.5683 0
1198 -0.5699 0
1935 -0.5742 0
407 -0.5750 0
183 -0.5799 0
1572 -0.5804 0
690 -0.5814 0
148 -0.5817 0
1581 -0.5891 0
1872 -0.5900 0
540 -0.5933 0
469 -0.5933 0
1607 -0.5945 0
1558 -0.5963 0
569 -0.5974 0
1126 -0.6099 0
1024 -0.6107 0
1332 -0.6128 0
1555 -0.6138 0
734 -0.6177 0
1947 -0.6216 0
1929 -0.6228 0
1105 -0.6231 0
1303 -0.6274 0
77 -0.6286 0
958 -0.6325 0
211 -0.6374 0
1624 -0.6392 0
1657 -0.6408 0
20 -0.6434 0
440 -0.6442 0
1654 -0.6443 0
860 -0.6455 0
1311 -0.6502 0
1051 -0.6508 0
1823 -0.6511 0
796 -0.6538 0
1560 -0.6565 0
63 -0.6621 0
1172 -0.6622 0
179 -0.6653 0
1841 -0.6721 0
644 -0.6725 0
1559 -0.6749 0
1524 -0.6809 0
499 -0.6810 0
1894 -0.6849 0
1031 -0.6852 0
933 -0.6892 0
1262 -0.6896 0
1730 -0.6913 0
64 -0.6943 0
324 -0.6950 0
1458 -0.6962 0
668 -0.6968 0
634 -0.6995 0
1259 -0.7060 0
1016 -0.7074 0
1475 -0.7119 0
1544 -0.7210 0
135 -0.7229 0
1814 -0.7253 0
441 -0.7270 0
1368 -0.7282 0
952 -0.7283 0
1452 -0.7289 0
907 -0.7339 0
1672 -0.7355 0
1825 -0.7376 0
1655 -0.7391 0
298 -0.7410 0
244 -0.7510 0
778 -0.7523 0
1296 -0.7533 0
1329 -0.7623 0
44 -0.7624 0
1949 -0.7634 0
972 -0.7660 0
1521 -0.7685 0
424 -0.7689 0
1608 -0.7702 0
1889 -0.7809 0
1717 -0.7813 0
119 -0.7842 0
1921 -0.7845 0
1707 -0.7926 0
1601 -0.7935 0
1287 -0.7948 0
731 -0.7953 0
821 -0.7967 0
88 -0.7988 0
122 -0.8024 0
1589 -0.8047 0
662 -0.8048 0
1701 -0.8082 0
1977 -0.8108 0
642 -0.8222 0
219 -0.8261 0
439 -0.8290 0
178 -0.8296 0
1088 -0.8307 0
792 -0.8309 0
1370 -0.8322 0
35 -0.8324 0
1152 -0.8343 0
65 -0.8345 0
1037 -0.8351 0
767 -0.8378 0
1279 -0.8417 0
1901 -0.8425 0
719 -0.8432 0
902 -0.8440 0
1848 -0.8460 0
84 -0.8488 0
1362 -0.8552 0
1781 -0.8590 0
448 -0.8602 0
1367 -0.8639 0
1754 -0.8647 0
67 -0.8653 0
1383 -0.8702 0
1794 -0.8754 0
1732 -0.8787 0
1826 -0.8809 0
1641 -0.8809 0
660 -0.8915 0
366 -0.8917 0
1725 -0.8951 0
1747 -0.8951 0
1906 -0.8968 0
1940 -0.8990 0
1587 -0.9018 0
286 -0.9092 0
1795 -0.9112 0
1293 -0.9163 0
541 -0.9171 0
1176 -0.9182 0
127 -0.9247 0
1612 -0.9256 0
985 -0.9327 0
1696 -0.9398 0
919 -0.9410 0
238 -0.9418 0
1579 -0.9423 0
361 -0.9496 0
654 -0.9499 0
1598 -0.9504 0
769 -0.9519 0
1714 -0.9548 0
1953 -0.9569 0
739 -0.9580 0
1922 -0.9584 0
83 -0.9633 0
1531 -0.9671 0
620 -0.9687 0
311 -0.9756 0
947 -0.9758 0
136 -0.9770 0
1591 -0.9853 0
647 -0.9921 0
600 -0.9935 0
990 -0.9938 0
878 -0.9967 0
1539 -1.0007 0
1980 -1.0031 0
845 -1.0047 0
1966 -1.0051 0
76 -1.0053 0
945 -1.0077 0
1272 -1.0090 0
929 -1.0130 0
208 -1.0131 0
606 -1.0191 0
224 -1.0198 0
150 -1.0304 0
270 -1.0330 0
1343 -1.0384 0
347 -1.0406 0
1982 -1.0409 0
1453 -1.0440 0
575 -1.0519 0
1910 -1.0527 0
689 -1.0579 0
623 -1.0603 0
1583 -1.0604 0
1594 -1.0616 0
1744 -1.0649 0
593 -1.0657 0
665 -1.0672 0
495 -1.0680 0
381 -1.0697 0
1643 -1.0742 0
170 -1.0764 0
868 -1.0775 0
100 -1.0793 0
595 -1.0794 0
363 -1.0834 0
1276 -1.0840 0
1829 -1.0849 0
1688 -1.0860 0
1584 -1.0863 0
16 -1.0913 0
331 -1.0936 0
370 -1.0944 0
1748 -1.0947 0
95 -1.0977 0
1098 -1.0994 0
1137 -1.0999 0
1764 -1.1022 0
266 -1.1062 0
255 -1.1072 0
555 -1.1128 0
1538 -1.1153 0
1604 -1.1159 0
1854 -1.1180 0
81 -1.1184 0
1771 -1.1189 0
727 -1.1216 0
1482 -1.1295 0
776 -1.1308 0
61 -1.1311 0
248 -1.1315 0
1574 -1.1325 0
1187 -1.1332 0
658 -1.1337 0
823 -1.1350 0
1821 -1.1358 0
1945 -1.1375 0
1844 -1.1378 0
1813 -1.1402 0
1724 -1.1442 0
1990 -1.1447 0
1264 -1.1448 0
1509 -1.1454 0
712 -1.1535 0
1388 -1.1546 0
210 -1.1550 0
1120 -1.1642 0
1650 -1.1656 0
1757 -1.1665 0
21 -1.1673 0
702 -1.1734 0
538 -1.1753 0
1339 -1.1768 0
409 -1.1786 0
327 -1.1812 0
1815 -1.1814 0
1151 -1.1817 0
256 -1.1818 0
1114 -1.1824 0
610 -1.1932 0
1743 -1.1945 0
1197 -1.2047 0
116 -1.2083 0
177 -1.2148 0
1602 -1.2158 0
527 -1.2160 0
207 -1.2166 0
637 -1.2170 0
1640 -1.2206 0
720 -1.2233 0
145 -1.2237 0
1946 -1.2244 0
1886 -1.2245 0
1314 -1.2253 0
428 -1.2296 0
108 -1.2304 0
616 -1.2358 0
1348 -1.2372 0
915 -1.2515 0
795 -1.2525 0
132 -1.2532 0
1041 -1.2534 0
905 -1.2658 0
15 -1.2676 0
818 -1.2725 0
533 -1.2764 0
822 -1.2771 0
58 -1.2804 0
782 -1.2828 0
362 -1.2855 0
863 -1.2866 0
914 -1.2894 0
104 -1.2900 0
242 -1.2943 0
643 -1.2962 0
614 -1.2987 0
387 -1.2996 0
1190 -1.3010 0
1537 -1.3013 0
1963 -1.3036 0
1965 -1.3137 0
927 -1.3180 0
1867 -1.3193 0
355 -1.3249 0
1914 -1.3297 0
205 -1.3312 0
906 -1.3327 0
558 -1.3377 0
742 -1.3404 0
978 -1.3431 0
1762 -1.3443 0
1026 -1.3494 0
1271 -1.3520 0
99 -1.3532 0
323 -1.3537 0
1133 -1.3572 0
71 -1.3612 0
1288 -1.3654 0
1893 -1.3711 0
965 -1.3740 0
833 -1.3748 0
1553 -1.3763 0
1931 -1.3765 0
1103 -1.3801 0
1670 -1.3821 0
980 -1.3839 0
672 -1.3912 0
1500 -1.3938 0
1738 -1.4010 0
1571 -1.4028 0
96 -1.4028 0
1163 -1.4041 0
1267 -1.4081 0
357 -1.4091 0
33 -1.4132 0
213 -1.4139 0
1928 -1.4187 0
1809 -1.4199 0
922 -1.4203 0
1987 -1.4245 0
1195 -1.4266 0
1493 -1.4452 0
1994 -1.4459 0
417 -1.4534 0
72 -1.4553 0
70 -1.4565 0
1048 -1.4601 0
389 -1.4603 0
1334 -1.4616 0
930 -1.4659 0
989 -1.4666 0
1072 -1.4671 0
1511 -1.4728 0
549 -1.4799 0
1265 -1.4820 0
1506 -1.4821 0
1046 -1.4840 0
1853 -1.4918 0
1535 -1.4926 0
770 -1.4991 0
1842 -1.5028 0
1312 -1.5041 0
138 -1.5049 0
22 -1.5073 0
1310 -1.5213 0
1830 -1.5216 0
1112 -1.5312 0
684 -1.5322 0
754 -1.5323 0
536 -1.5324 0
1806 -1.5424 0
603 -1.5430 0
1158 -1.5480 0
175 -1.5545 0
633 -1.5567 0
120 -1.5646 0
1330 -1.5647 0
940 -1.5762 0
1761 -1.5796 0
198 -1.5799 0
1015 -1.5845 0
365 -1.5883 0
1492 -1.5955 0
1984 -1.5960 0
1372 -1.5976 0
1875 -1.6142 0
181 -1.6155 0
109 -1.6201 0
1871 -1.6269 0
445 -1.6271 0
1979 -1.6325 0
1620 -1.6401 0
153 -1.6446 0
189 -1.6489 0
386 -1.6492 0
904 -1.6584 0
626 -1.6606 0
867 -1.6614 0
354 -1.6657 0
246 -1.6675 0
1032 -1.6692 0
38 -1.6737 0
1975 -1.6797 0
993 -1.6853 0
1705 -1.6953 0
1124 -1.6960 0
503 -1.6963 0
1939 -1.6977 0
1540 -1.6997 0
781 -1.7024 0
1915 -1.7067 0
1335 -1.7083 0
841 -1.7112 0
617 -1.7120 0
1811 -1.7135 0
1056 -1.7205 0
1302 -1.7239 0
1258 -1.7253 0
226 -1.7266 0
1860 -1.7282 0
39 -1.7302 0
744 -1.7312 0
831 -1.7331 0
124 -1.7418 0
402 -1.7420 0
750 -1.7460 0
1487 -1.7466 0
1486 -1.7485 0
949 -1.7565 0
1074 -1.7571 0
1059 -1.7636 0
446 -1.7698 0
1364 -1.7755 0
360 -1.7774 0
1164 -1.7780 0
1354 -1.7788 0
858 -1.7808 0
471 -1.7842 0
171 -1.7864 0
999 -1.7876 0
772 -1.7940 0
1165 -1.7962 0
1563 -1.8035 0
664 -1.8040 0
1569 -1.8045 0
725 -1.8053 0
30 -1.8070 0
688 -1.8161 0
57 -1.8191 0
1128 -1.8227 0
59 -1.8237 0
910 -1.8250 0
787 -1.8261 0
1018 -1.8271 0
447 -1.8295 0
303 -1.8296 0
1801 -1.8299 0
1161 -1.8314 0
32 -1.8335 0
308 -1.8347 0
1760 -1.8352 0
1758 -1.8373 0
24 -1.8376 0
37 -1.8458 0
1687 -1.8537 0
592 -1.8627 0
721 -1.8641 0
573 -1.8659 0
29 -1.8680 0
1880 -1.8717 0
254 -1.8764 0
670 -1.8794 0
68 -1.8838 0
832 -1.8902 0
1978 -1.8906 0
798 -1.8920 0
1171 -1.8929 0
1270 -1.9057 0
982 -1.9089 0
984 -1.9109 0
613 -1.9144 0
1512 -1.9148 0
309 -1.9165 0
1721 -1.9217 0
953 -1.9262 0
515 -1.9266 0
1753 -1.9293 0
1777 -1.9296 0
1772 -1.9310 0
693 -1.9378 0
275 -1.9378 0
632 -1.9412 0
1884 -1.9452 0
1049 -1.9463 0
638 -1.9514 0
54 -1.9543 0
143 -1.9607 0
1711 -1.9625 0
1613 -1.9629 0
1281 -1.9702 0
1981 -1.9767 0
1971 -1.9770 0
1199 -1.9850 0
1718 -1.9873 0
666 -1.9926 0
1322 -1.9933 0
1499 -1.9963 0
780 -1.9985 0
615 -1.9997 0
1473 -1.9998 0
502 -2.0049 0
921 -2.0074 0
1548 -2.0144 0
1776 -2.0160 0
747 -2.0178 0
1093 -2.0197 0
1912 -2.0199 0
1859 -2.0199 0
1104 -2.0226 0
359 -2.0252 0
69 -2.0309 0
490 -2.0332 0
1863 -2.0382 0
629 -2.0515 0
1770 -2.0548 0
1715 -2.0558 0
604 -2.0591 0
163 -2.0608 0
399 -2.0707 0
1328 -2.0790 0
1100 -2.0996 0
757 -2.1028 0
195 -2.1054 0
260 -2.1072 0
415 -2.1121 0
1750 -2.1134 0
1121 -2.1152 0
1313 -2.1222 0
282 -2.1274 0
1610 -2.1282 0
481 -2.1295 0
1196 -2.1332 0
467 -2.1466 0
51 -2.1708 0
840 -2.1733 0
1873 -2.1824 0
1599 -2.1854 0
611 -2.1939 0
121 -2.2023 0
319 -2.2026 0
1722 -2.2120 0
601 -2.2157 0
1964 -2.2179 0
1836 -2.2213 0
1132 -2.2229 0
1786 -2.2259 0
1819 -2.2299 0
474 -2.2407 0
1263 -2.2408 0
854 -2.2448 0
862 -2.2457 0
351 -2.2461 0
583 -2.2475 0
107 -2.2562 0
432 -2.2725 0
374 -2.2807 0
1845 -2.2813 0
1374 -2.2845 0
830 -2.2872 0
806 -2.2907 0
1862 -2.2948 0
1740 -2.2989 0
624 -2.3019 0
500 -2.3161 0
686 -2.3200 0
372 -2.3223 0
1855 -2.3308 0
1627 -2.3394 0
1837 -2.3408 0
652 -2.3435 0
144 -2.3446 0
1735 -2.3452 0
694 -2.3500 0
1268 -2.3541 0
1324 -2.3631 0
1000 -2.3658 0
1490 -2.3732 0
771 -2.3742 0
1394 -2.3786 0
570 -2.3950 0
118 -2.4017 0
261 -2.4071 0
1091 -2.4080 0
545 -2.4128 0
1170 -2.4142 0
1290 -2.4179 0
987 -2.4308 0
1071 -2.4371 0
641 -2.4517 0
843 -2.4634 0
667 -2.4642 0
936 -2.4729 0
1634 -2.4772 0
918 -2.4786 0
677 -2.4791 0
826 -2.4916 0
976 -2.5068 0
1552 -2.5074 0
1039 -2.5088 0
1517 -2.5100 0
1514 -2.5104 0
909 -2.5112 0
988 -2.5197 0
1669 -2.5256 0
1463 -2.5275 0
164 -2.5317 0
1956 -2.5358 0
82 -2.5395 0
894 -2.5400 0
1525 -2.5546 0
912 -2.5590 0
671 -2.5650 0
1849 -2.5733 0
1727 -2.5734 0
131 -2.5769 0
1025 -2.5787 0
639 -2.5949 0
1847 -2.6023 0
1621 -2.6040 0
139 -2.6071 0
295 -2.6106 0
1520 -2.6118 0
996 -2.6234 0
1628 -2.6290 0
283 -2.6292 0
937 -2.6320 0
134 -2.6395 0
1736 -2.6586 0
1566 -2.6603 0
271 -2.6630 0
951 -2.6710 0
1357 -2.6717 0
679 -2.6739 0
19 -2.6748 0
1596 -2.6896 0
521 -2.6899 0
883 -2.7105 0
835 -2.7259 0
12 -2.7291 0
1561 -2.7299 0
1022 -2.7353 0
299 -2.7366 0
1968 -2.7409 0
991 -2.7494 0
1580 -2.7531 0
1485 -2.7568 0
209 -2.7628 0
1808 -2.7742 0
602 -2.7784 0
875 -2.7823 0
492 -2.7840 0
1702 -2.7984 0
1976 -2.8003 0
1618 -2.8039 0
1626 -2.8050 0
1614 -2.8066 0
1090 -2.8067 0
1896 -2.8072 0
934 -2.8072 0
1897 -2.8160 0
1652 -2.8183 0
967 -2.8186 0
1706 -2.8221 0
1117 -2.8309 0
1508 -2.8379 0
1346 -2.8384 0
1376 -2.8414 0
923 -2.8504 0
1917 -2.8596 0
1600 -2.8686 0
1353 -2.8718 0
1502 -2.8802 0
1536 -2.8816 0
384 -2.8833 0
983 -2.8848 0
185 -2.8899 0
981 -2.8924 0
1078 -2.8984 0
10 -2.9089 0
1020 -2.9102 0
187 -2.9111 0
1623 -2.9331 0
1518 -2.9402 0
1923 -2.9632 0
559 -2.9705 0
973 -2.9765 0
808 -2.9824 0
931 -2.9854 0
1143 -2.9887 0
130 -3.0000 0
1451 -3.0170 0
675 -3.0203 0
850 -3.0214 0
974 -3.0286 0
1534 -3.0463 0
217 -3.0520 0
1045 -3.0663 0
979 -3.0672 0
1283 -3.0738 0
496 -3.0749 0
966 -3.0801 0
995 -3.0809 0
853 -3.0927 0
97 -3.0974 0
716 -3.1060 0
1147 -3.1094 0
1292 -3.1138 0
1773 -3.1233 0
896 -3.1325 0
1530 -3.1350 0
0 -3.1469 0
1646 -3.1538 0
250 -3.1589 0
1822 -3.1712 0
970 -3.1776 0
773 -3.1836 0
1805 -3.2231 0
451 -3.2300 0
1146 -3.2570 0
1606 -3.2643 0
182 -3.2670 0
1577 -3.2706 0
828 -3.2810 0
768 -3.2882 0
1160 -3.2933 0
1784 -3.3107 0
1326 -3.3156 0
1961 -3.3262 0
1184 -3.3298 0
920 -3.3331 0
1742 -3.3490 0
1868 -3.3605 0
1119 -3.3748 0
872 -3.3892 0
367 -3.4010 0
901 -3.4043 0
942 -3.4288 0
269 -3.4440 0
1189 -3.4471 0
992 -3.4682 0
1065 -3.5027 0
971 -3.5074 0
998 -3.5262 0
1885 -3.5348 0
761 -3.5402 0
340 -3.5609 0
959 -3.5843 0
1457 -3.6112 0
785 -3.6286 0
612 -3.6362 0
766 -3.6779 0
680 -3.6805 0
42 -3.7008 0
1177 -3.7106 0
736 -3.7301 0
1356 -3.7381 0
764 -3.7397 0
1573 -3.7429 0
1974 -3.7445 0
1309 -3.7468 0
410 -3.7666 0
1175 -3.7721 0
1273 -3.7796 0
191 -3.7987 0
472 -3.8448 0
997 -3.8598 0
1645 -3.8684 0
1833 -3.8921 0
28 -3.9020 0
259 -3.9103 0
960 -3.9169 0
1567 -3.9294 0
1516 -3.9343 0
1729 -3.9343 0
14 -3.9454 0
1891 -3.9699 0
1157 -3.9724 0
115 -3.9859 0
117 -4.0449 0
1832 -4.0527 0
1149 -4.1657 0
1828 -4.1678 0
128 -4.1797 0
1503 -4.1854 0
1159 -4.2988 0
691 -4.3023 0
263 -4.3547 0
1898 -4.3814 0
969 -4.3904 0
630 -4.3992 0
1719 -4.4349 0
141 -4.4420 0
1532 -4.4654 0
114 -4.4797 0
1843 -4.5632 0
173 -4.6480 0
683 -4.6516 0
1622 -4.6940 0
1603 -4.9354 0
1803 -5.0124 0
994 -5.2521 0
674 -5.2667 0
1023 -5.3131 0
977 -5.3277 0
1471 -5.3493 0
1489 -5.4330 0
1002 -5.4591 0
1006 -5.5143 0
1615 -5.6519 0
1510 -6.1862 0
1519 -7.0813 0
