1258 32.7441 1
1272 25.8614 1
1287 24.3954 1
1271 23.7966 1
1267 22.3372 1
1261 22.2255 1
1274 21.9590 1
1268 20.1301 1
1281 19.7118 1
1265 19.5704 1
1289 18.3113 1
1283 18.2134 1
1292 18.1255 1
1250 17.7565 1
1284 17.0284 1
1285 16.5292 1
1288 16.2602 1
1251 15.6361 1
1256 15.4327 1
893 15.0444 0
1257 14.7431 1
1260 13.7852 1
1279 13.7669 1
1291 13.6085 1
1286 13.4585 1
1298 13.2262 1
1259 13.1890 1
1300 12.9752 0
1275 12.8973 1
954 12.8321 0
1002 12.5817 0
1293 12.5073 1
1278 12.1293 1
1273 11.7719 1
1006 11.1669 0
875 11.1310 0
898 10.8399 0
1030 10.6619 0
1040 10.6302 0
1297 10.4601 1
1041 10.3595 0
1294 10.2089 1
1277 10.1800 1
1270 10.1676 1
492 10.0764 0
1254 9.8785 1
955 9.8147 0
995 9.7287 0
778 9.6179 0
478 9.4472 0
1309 9.3729 0
1310 9.3130 0
1290 9.2830 1
881 9.2507 0
461 9.0218 0
1339 8.9889 0
963 8.9567 0
750 8.6915 0
1253 8.5806 1
1522 8.3825 0
1011 8.3682 0
1630 8.3429 0
1252 8.1861 1
1295 7.9288 1
1547 7.8804 0
769 7.8655 0
874 7.8073 0
1269 7.7857 1
885 7.7375 0
1027 7.6791 0
784 7.6055 0
1264 7.5655 1
1299 7.4799 1
1276 7.3040 1
854 7.1479 0
752 7.0274 0
994 7.0077 0
1318 7.0072 0
1562 6.9591 0
1333 6.9509 0
483 6.9232 0
1379 6.9213 0
312 6.7938 0
1554 6.5898 0
957 6.5870 0
758 6.5663 0
977 6.5467 0
1475 6.5105 0
1382 6.4849 0
1003 6.4795 0
975 6.4197 0
864 6.3678 0
1550 6.3476 0
785 6.3177 0
1255 6.2801 1
1315 6.2595 0
1512 6.2278 0
1147 6.2192 0
796 6.2130 0
1022 6.1909 0
1280 6.1251 1
1263 6.0613 1
1262 6.0279 1
1338 5.9055 0
850 5.8533 0
398 5.8218 0
1266 5.7141 1
1009 5.6893 0
1028 5.6242 0
486 5.6114 0
378 5.5975 0
992 5.5963 0
1118 5.5844 0
456 5.5820 0
1025 5.5590 0
545 5.4813 0
1553 5.4292 0
397 5.3911 0
1013 5.3752 0
962 5.2822 0
363 5.2666 0
328 5.2664 0
1045 5.2447 0
858 5.2378 0
871 5.2160 0
1032 5.1569 0
866 5.1120 0
525 5.1041 0
855 5.0575 0
1282 4.9795 1
1568 4.9713 0
1327 4.9645 0
1046 4.9504 0
1322 4.9463 0
1000 4.9336 0
1672 4.9332 0
1015 4.9202 0
1696 4.9122 0
377 4.9047 0
1319 4.8927 0
1575 4.8668 0
455 4.8146 0
1348 4.8075 0
1531 4.7072 0
776 4.6955 0
1518 4.6567 0
764 4.6557 0
1537 4.6440 0
1365 4.6039 0
980 4.5895 0
381 4.5568 0
1126 4.5052 0
1684 4.4977 0
1599 4.4843 0
1482 4.4836 0
1584 4.4571 0
337 4.4503 0
1133 4.4250 0
1047 4.4091 0
400 4.3826 0
1501 4.3606 0
1019 4.3069 0
1332 4.2958 0
1574 4.2933 0
1306 4.2825 0
974 4.2599 0
959 4.2510 0
1328 4.2151 0
1008 4.2123 0
897 4.1944 0
1637 4.1925 0
960 4.1588 0
448 4.1581 0
1528 4.1578 0
248 4.1548 0
987 4.1346 0
1697 4.1254 0
1308 4.1225 0
958 4.1048 0
1383 4.0969 0
985 4.0870 0
1573 4.0786 0
966 4.0719 0
469 4.0689 0
1427 4.0589 0
1504 4.0418 0
892 4.0382 0
1567 4.0299 0
247 4.0116 0
1941 4.0032 0
460 3.9826 0
865 3.9601 0
387 3.9395 0
582 3.9199 0
1010 3.9012 0
867 3.8892 0
1505 3.8698 0
872 3.8538 0
1349 3.8493 0
859 3.8466 0
1138 3.8208 0
1449 3.8178 0
772 3.8069 0
978 3.8052 0
351 3.7641 0
535 3.7366 0
1634 3.7172 0
852 3.6987 0
1385 3.6913 0
1624 3.6722 0
1023 3.6719 0
937 3.6638 0
783 3.6082 0
73 3.5917 0
452 3.5905 0
1600 3.5751 0
228 3.5740 0
1123 3.4869 0
1500 3.4534 0
1687 3.4495 0
488 3.4490 0
1012 3.4445 0
998 3.4441 0
1335 3.4394 0
1440 3.4021 0
1513 3.3859 0
502 3.3677 0
982 3.3565 0
1502 3.3482 0
1488 3.3440 0
463 3.3426 0
766 3.3394 0
334 3.3338 0
474 3.2874 0
1569 3.2631 0
1321 3.2103 0
1681 3.1952 0
385 3.1864 0
374 3.1773 0
485 3.1614 0
1017 3.1444 0
1337 3.1417 0
786 3.1345 0
1645 3.1300 0
841 3.1072 0
386 3.1065 0
798 3.0987 0
1371 3.0898 0
617 3.0561 0
787 3.0367 0
1590 3.0232 0
1125 2.9913 0
538 2.9835 0
1304 2.9801 0
1626 2.9763 0
1689 2.9710 0
449 2.9481 0
1529 2.9388 0
399 2.9358 0
922 2.9237 0
1524 2.9145 0
1039 2.9078 0
509 2.9013 0
1134 2.8926 0
762 2.8698 0
731 2.8515 0
823 2.8389 0
1127 2.8388 0
314 2.8369 0
909 2.8339 0
618 2.8193 0
1376 2.8167 0
767 2.8135 0
1105 2.7746 0
1654 2.7637 0
467 2.7524 0
1552 2.7329 0
430 2.7316 0
66 2.7235 0
1523 2.7171 0
1350 2.7064 0
1218 2.6679 0
367 2.6571 0
548 2.6518 0
1368 2.6506 0
1375 2.6421 0
1508 2.6244 0
521 2.6138 0
335 2.5956 0
522 2.5694 0
924 2.5545 0
1346 2.5245 0
1676 2.4947 0
1664 2.4681 0
668 2.4313 0
891 2.4244 0
1029 2.4170 0
976 2.4075 0
1018 2.3825 0
996 2.3557 0
853 2.3545 0
372 2.3531 0
1909 2.3484 0
1296 2.3428 1
336 2.3029 0
1320 2.2981 0
1515 2.2655 0
856 2.2443 0
938 2.2369 0
462 2.2354 0
908 2.2344 0
862 2.2339 0
453 2.2062 0
870 2.1949 0
1663 2.1915 0
883 2.1883 0
1439 2.1830 0
1448 2.1511 0
1615 2.1463 0
835 2.1461 0
1132 2.1452 0
1536 2.1445 0
1580 2.1437 0
771 2.1015 0
869 2.0973 0
1519 2.0898 0
1686 2.0804 0
127 2.0779 0
507 2.0748 0
309 2.0719 0
330 2.0690 0
451 2.0528 0
346 2.0418 0
1520 2.0300 0
370 2.0268 0
1668 2.0250 0
1374 2.0195 0
1311 2.0191 0
1564 2.0143 0
770 2.0012 0
1064 2.0002 0
345 1.9954 0
1409 1.9921 0
1163 1.9344 0
1557 1.9314 0
754 1.9246 0
967 1.9191 0
623 1.9168 0
928 1.9141 0
886 1.9018 0
48 1.8979 0
38 1.8921 0
348 1.8859 0
1083 1.8832 0
1434 1.8813 0
1313 1.8806 0
481 1.8633 0
1049 1.8498 0
1641 1.8493 0
1370 1.8464 0
797 1.8385 0
1596 1.8119 0
1583 1.8093 0
1437 1.8016 0
1797 1.7996 0
1680 1.7968 0
628 1.7932 0
362 1.7908 0
1367 1.7860 0
1005 1.7831 0
1653 1.7796 0
1363 1.7764 0
1325 1.7743 0
475 1.7739 0
1122 1.7661 0
301 1.7645 0
1444 1.7583 0
1317 1.7394 0
380 1.7342 0
964 1.7263 0
1774 1.7258 0
426 1.7251 0
760 1.7013 0
1340 1.6978 0
1655 1.6861 0
1467 1.6774 0
774 1.6716 0
792 1.6682 0
849 1.6593 0
912 1.6548 0
757 1.6494 0
537 1.6485 0
1014 1.6451 0
1225 1.6401 0
1677 1.6196 0
311 1.6180 0
393 1.6166 0
1343 1.6083 0
971 1.6078 0
799 1.6065 0
779 1.5971 0
1646 1.5949 0
341 1.5848 0
610 1.5818 0
1613 1.5670 0
23 1.5591 0
457 1.5472 0
877 1.5364 0
657 1.5341 0
1016 1.5297 0
1650 1.5104 0
1100 1.5100 0
968 1.5096 0
1323 1.5079 0
882 1.5063 0
768 1.4985 0
1314 1.4974 0
1089 1.4865 0
501 1.4816 0
1079 1.4766 0
1342 1.4712 0
1137 1.4628 0
1949 1.4464 0
578 1.4438 0
1464 1.4430 0
495 1.4423 0
1238 1.4406 0
1200 1.4337 0
230 1.4320 0
1344 1.4237 0
1391 1.4160 0
790 1.4130 0
490 1.4104 0
1514 1.4080 0
1533 1.4055 0
1208 1.4025 0
523 1.4014 0
111 1.4007 0
896 1.3924 0
431 1.3892 0
1329 1.3813 0
1544 1.3745 0
1635 1.3726 0
1099 1.3692 0
1769 1.3648 0
219 1.3516 0
371 1.3481 0
1372 1.3474 0
860 1.3432 0
1549 1.3155 0
1429 1.3142 0
1120 1.3016 0
404 1.3011 0
1670 1.2993 0
1031 1.2880 0
1075 1.2733 0
343 1.2725 0
861 1.2672 0
1456 1.2478 0
961 1.2477 0
1540 1.2419 0
926 1.2413 0
1392 1.2374 0
506 1.2321 0
1229 1.2278 0
368 1.2256 0
1151 1.2251 0
320 1.2090 0
315 1.2000 0
953 1.1960 0
1820 1.1891 0
1594 1.1859 0
358 1.1833 0
1378 1.1626 0
1330 1.1609 0
1418 1.1595 0
1219 1.1563 0
1211 1.1554 0
344 1.1534 0
1004 1.1475 0
391 1.1420 0
929 1.1358 0
1404 1.1053 0
517 1.0971 0
347 1.0921 0
1849 1.0828 0
933 1.0761 0
1619 1.0619 0
1671 1.0541 0
476 1.0520 0
373 1.0483 0
1326 1.0466 0
508 1.0462 0
1324 1.0413 0
58 1.0359 0
1577 1.0154 0
493 1.0097 0
1493 1.0032 0
1560 0.9968 0
1020 0.9722 0
624 0.9481 0
1693 0.9480 0
308 0.9478 0
1236 0.9458 0
1582 0.9451 0
894 0.9088 0
1243 0.9048 0
1591 0.8860 0
1462 0.8844 0
1194 0.8778 0
322 0.8735 0
763 0.8726 0
1648 0.8710 0
602 0.8622 0
878 0.8575 0
1226 0.8544 0
1417 0.8543 0
229 0.8539 0
843 0.8356 0
1703 0.8352 0
759 0.8193 0
518 0.7745 0
832 0.7380 0
1527 0.7373 0
1913 0.7348 0
997 0.7341 0
489 0.7338 0
1043 0.7264 0
1033 0.7208 0
880 0.7151 0
466 0.7039 0
1136 0.6967 0
1571 0.6900 0
182 0.6842 0
1146 0.6833 0
591 0.6595 0
782 0.6515 0
753 0.6324 0
20 0.6224 0
793 0.6140 0
1869 0.6089 0
1883 0.6083 0
879 0.6076 0
1675 0.5741 0
1691 0.5723 0
983 0.5688 0
434 0.5544 0
887 0.5370 0
1223 0.5348 0
1180 0.5281 0
1400 0.5170 0
1530 0.5133 0
1639 0.5123 0
956 0.4935 0
39 0.4857 0
609 0.4732 0
1607 0.4521 0
487 0.4483 0
1207 0.4459 0
1870 0.4379 0
649 0.4287 0
42 0.4262 0
1407 0.4181 0
1695 0.4146 0
1968 0.4145 0
788 0.4143 0
1336 0.4095 0
1566 0.4092 0
216 0.4050 0
989 0.3982 0
1072 0.3943 0
794 0.3897 0
1551 0.3882 0
907 0.3844 0
780 0.3740 0
1640 0.3699 0
471 0.3670 0
915 0.3596 0
761 0.3567 0
1602 0.3533 0
1511 0.3481 0
289 0.3443 0
1674 0.3401 0
914 0.3323 0
1521 0.3301 0
1535 0.3262 0
300 0.3145 0
631 0.3099 0
1517 0.3095 0
184 0.3089 0
940 0.3079 0
607 0.3008 0
237 0.2995 0
222 0.2928 0
1924 0.2925 0
333 0.2879 0
375 0.2818 0
352 0.2747 0
694 0.2722 0
999 0.2708 0
87 0.2558 0
951 0.2546 0
1377 0.2537 0
1316 0.2520 0
927 0.2418 0
1657 0.2373 0
1124 0.2360 0
325 0.2338 0
973 0.2201 0
733 0.2058 0
1405 0.2056 0
677 0.2026 0
1659 0.2001 0
465 0.1965 0
1685 0.1956 0
1559 0.1938 0
1303 0.1835 0
1682 0.1811 0
1198 0.1784 0
1098 0.1705 0
202 0.1704 0
211 0.1632 0
1035 0.1611 0
1614 0.1585 0
37 0.1514 0
376 0.1499 0
1497 0.1383 0
1620 0.1361 0
1587 0.1313 0
884 0.1197 0
499 0.1169 0
1249 0.1163 0
1095 0.1151 0
921 0.1129 0
1622 0.1123 0
305 0.1122 0
167 0.0975 0
1347 0.0909 0
1558 0.0773 0
1494 0.0706 0
1205 0.0619 0
1565 0.0591 0
857 0.0545 0
876 0.0544 0
9 0.0489 0
1595 0.0483 0
1665 0.0463 0
5 0.0343 0
930 0.0343 0
662 0.0339 0
512 0.0273 0
1914 0.0212 0
225 0.0054 0
1509 -0.0007 0
873 -0.0067 0
1341 -0.0146 0
1096 -0.0178 0
306 -0.0208 0
318 -0.0243 0
1652 -0.0255 0
842 -0.0302 0
510 -0.0303 0
1443 -0.0395 0
1421 -0.0418 0
984 -0.0443 0
1862 -0.0451 0
1216 -0.0524 0
71 -0.0573 0
970 -0.0631 0
45 -0.0663 0
1739 -0.0923 0
1481 -0.0926 0
520 -0.0979 0
1737 -0.0998 0
30 -0.1000 0
519 -0.1102 0
1534 -0.1129 0
245 -0.1183 0
420 -0.1265 0
473 -0.1265 0
12 -0.1272 0
1546 -0.1344 0
846 -0.1452 0
1230 -0.1484 0
480 -0.1532 0
1195 -0.1553 0
811 -0.1595 0
827 -0.1739 0
1714 -0.1809 0
1694 -0.1833 0
1692 -0.1846 0
1394 -0.1995 0
664 -0.2054 0
831 -0.2061 0
326 -0.2097 0
1454 -0.2130 0
1393 -0.2215 0
1633 -0.2218 0
1937 -0.2288 0
751 -0.2324 0
1406 -0.2329 0
72 -0.2532 0
636 -0.2561 0
931 -0.2575 0
1709 -0.2663 0
553 -0.2781 0
1604 -0.2846 0
477 -0.2871 0
1555 -0.2890 0
1542 -0.2929 0
1051 -0.2970 0
484 -0.3037 0
1204 -0.3052 0
1102 -0.3099 0
1576 -0.3170 0
1362 -0.3256 0
416 -0.3410 0
1589 -0.3489 0
1171 -0.3525 0
1936 -0.3545 0
1423 -0.3590 0
1939 -0.3601 0
389 -0.3659 0
803 -0.3714 0
1698 -0.3731 0
1899 -0.3734 0
1933 -0.3794 0
925 -0.3860 0
1717 -0.3877 0
1831 -0.3887 0
350 -0.3935 0
1399 -0.3940 0
899 -0.4136 0
151 -0.4146 0
1234 -0.4209 0
1585 -0.4357 0
1688 -0.4383 0
1054 -0.4419 0
527 -0.4536 0
569 -0.4627 0
1603 -0.4672 0
1472 -0.4687 0
965 -0.4740 0
900 -0.4748 0
327 -0.4767 0
1435 -0.4769 0
1237 -0.4800 0
1450 -0.4802 0
414 -0.4911 0
1666 -0.5001 0
0 -0.5063 0
366 -0.5139 0
242 -0.5213 0
918 -0.5253 0
1438 -0.5353 0
1001 -0.5358 0
1836 -0.5459 0
528 -0.5465 0
324 -0.5478 0
1563 -0.5501 0
526 -0.5526 0
1373 -0.5612 0
319 -0.5671 0
815 -0.5721 0
1548 -0.5787 0
533 -0.5789 0
1224 -0.5793 0
1627 -0.5814 0
1593 -0.5816 0
304 -0.5832 0
529 -0.5853 0
6 -0.5854 0
287 -0.5910 0
944 -0.5926 0
388 -0.5959 0
901 -0.5997 0
332 -0.6065 0
639 -0.6136 0
942 -0.6232 0
1461 -0.6257 0
190 -0.6279 0
307 -0.6295 0
1910 -0.6313 0
82 -0.6317 0
583 -0.6357 0
1570 -0.6413 0
1366 -0.6523 0
979 -0.6564 0
863 -0.6626 0
1700 -0.6687 0
560 -0.6765 0
773 -0.6815 0
1638 -0.6826 0
1701 -0.6881 0
1728 -0.6953 0
949 -0.7010 0
1925 -0.7030 0
1891 -0.7049 0
1896 -0.7118 0
497 -0.7130 0
604 -0.7151 0
1586 -0.7152 0
91 -0.7210 0
85 -0.7243 0
504 -0.7293 0
1656 -0.7335 0
1170 -0.7416 0
708 -0.7438 0
19 -0.7522 0
283 -0.7545 0
1452 -0.7712 0
920 -0.7715 0
433 -0.7715 0
1526 -0.7802 0
840 -0.7826 0
988 -0.7829 0
92 -0.7857 0
118 -0.7858 0
1858 -0.7869 0
1713 -0.7877 0
1699 -0.7885 0
1121 -0.7902 0
208 -0.7965 0
1601 -0.7986 0
1592 -0.7989 0
356 -0.8023 0
1172 -0.8192 0
419 -0.8199 0
890 -0.8241 0
581 -0.8280 0
1135 -0.8291 0
1578 -0.8294 0
1743 -0.8301 0
947 -0.8374 0
1572 -0.8383 0
213 -0.8415 0
1690 -0.8419 0
916 -0.8438 0
1140 -0.8456 0
1457 -0.8483 0
821 -0.8571 0
354 -0.8816 0
906 -0.8835 0
1545 -0.8915 0
1636 -0.8934 0
1164 -0.8935 0
1119 -0.8993 0
756 -0.8995 0
845 -0.9030 0
35 -0.9052 0
49 -0.9060 0
1516 -0.9176 0
224 -0.9259 0
1927 -0.9330 0
716 -0.9344 0
1733 -0.9383 0
214 -0.9417 0
105 -0.9419 0
408 -0.9442 0
55 -0.9543 0
1525 -0.9714 0
515 -0.9724 0
888 -0.9760 0
193 -0.9776 0
1487 -0.9845 0
1381 -0.9852 0
1903 -0.9867 0
454 -0.9959 0
1507 -0.9974 0
321 -1.0056 0
238 -1.0099 0
1410 -1.0166 0
1193 -1.0261 0
808 -1.0267 0
993 -1.0321 0
1612 -1.0321 0
1159 -1.0324 0
1235 -1.0336 0
445 -1.0351 0
313 -1.0443 0
1658 -1.0488 0
1738 -1.0529 0
1441 -1.0543 0
1240 -1.0554 0
1352 -1.0626 0
1581 -1.0632 0
943 -1.0741 0
661 -1.0787 0
1931 -1.0811 0
464 -1.0919 0
1741 -1.0938 0
470 -1.0938 0
1302 -1.0990 0
1919 -1.1047 0
713 -1.1061 0
1422 -1.1125 0
1923 -1.1253 0
1543 -1.1268 0
157 -1.1315 0
1734 -1.1347 0
1579 -1.1377 0
1389 -1.1378 0
1885 -1.1414 0
1991 -1.1432 0
1073 -1.1442 0
1412 -1.1443 0
29 -1.1469 0
99 -1.1477 0
355 -1.1484 0
138 -1.1491 0
218 -1.1493 0
1080 -1.1503 0
1777 -1.1541 0
44 -1.1608 0
1642 -1.1647 0
285 -1.1756 0
777 -1.1789 0
339 -1.1870 0
212 -1.1878 0
539 -1.1889 0
1804 -1.1909 0
1131 -1.2042 0
1495 -1.2112 0
169 -1.2129 0
302 -1.2149 0
1707 -1.2151 0
1167 -1.2279 0
33 -1.2350 0
1907 -1.2442 0
1598 -1.2442 0
424 -1.2539 0
540 -1.2596 0
268 -1.2599 0
402 -1.2602 0
836 -1.2644 0
1428 -1.2694 0
1077 -1.2713 0
365 -1.2734 0
692 -1.2739 0
482 -1.2747 0
531 -1.2800 0
544 -1.2814 0
1977 -1.2818 0
1609 -1.2841 0
1732 -1.2936 0
1463 -1.2966 0
1629 -1.3077 0
382 -1.3082 0
472 -1.3114 0
68 -1.3130 0
1935 -1.3144 0
986 -1.3147 0
1331 -1.3177 0
1062 -1.3191 0
427 -1.3202 0
932 -1.3213 0
1128 -1.3224 0
1647 -1.3226 0
1661 -1.3265 0
1588 -1.3281 0
650 -1.3490 0
1177 -1.3548 0
206 -1.3565 0
638 -1.3686 0
1946 -1.3690 0
600 -1.3934 0
729 -1.3934 0
895 -1.3938 0
1828 -1.3963 0
1942 -1.3984 0
126 -1.3999 0
834 -1.4017 0
1824 -1.4044 0
437 -1.4049 0
395 -1.4068 0
1201 -1.4148 0
1895 -1.4167 0
403 -1.4183 0
948 -1.4198 0
171 -1.4256 0
1168 -1.4273 0
945 -1.4350 0
697 -1.4363 0
1901 -1.4443 0
1026 -1.4527 0
1822 -1.4541 0
236 -1.4550 0
342 -1.4563 0
1710 -1.4563 0
641 -1.4592 0
139 -1.4632 0
317 -1.4651 0
8 -1.4684 0
215 -1.4746 0
1107 -1.4774 0
651 -1.4836 0
1242 -1.4838 0
1835 -1.4967 0
1953 -1.5002 0
132 -1.5074 0
24 -1.5080 0
34 -1.5084 0
43 -1.5092 0
181 -1.5108 0
498 -1.5139 0
825 -1.5155 0
165 -1.5156 0
425 -1.5159 0
1761 -1.5224 0
1683 -1.5307 0
479 -1.5324 0
411 -1.5329 0
31 -1.5352 0
1606 -1.5365 0
643 -1.5407 0
939 -1.5502 0
524 -1.5617 0
1191 -1.5658 0
1426 -1.5672 0
64 -1.5707 0
543 -1.5818 0
1447 -1.5854 0
1465 -1.5871 0
1765 -1.5918 0
1090 -1.5926 0
394 -1.5929 0
496 -1.5955 0
969 -1.5972 0
1231 -1.6023 0
1660 -1.6025 0
1415 -1.6069 0
1816 -1.6132 0
1460 -1.6152 0
1345 -1.6187 0
438 -1.6201 0
1539 -1.6229 0
1148 -1.6240 0
1813 -1.6267 0
1621 -1.6299 0
818 -1.6309 0
1827 -1.6427 0
1206 -1.6461 0
61 -1.6584 0
418 -1.6625 0
1959 -1.6630 0
1433 -1.6680 0
458 -1.6786 0
1024 -1.6811 0
542 -1.6824 0
1506 -1.6842 0
316 -1.6960 0
1538 -1.7009 0
513 -1.7063 0
1174 -1.7124 0
1103 -1.7165 0
349 -1.7206 0
1436 -1.7246 0
1838 -1.7288 0
1084 -1.7332 0
233 -1.7488 0
611 -1.7505 0
95 -1.7533 0
1369 -1.7561 0
1413 -1.7571 0
1085 -1.7604 0
1069 -1.7638 0
428 -1.7652 0
443 -1.7702 0
81 -1.7714 0
1453 -1.7736 0
196 -1.7742 0
201 -1.7800 0
172 -1.7808 0
112 -1.7848 0
1355 -1.7859 0
97 -1.7862 0
1483 -1.7879 0
1746 -1.7967 0
1416 -1.7999 0
143 -1.8004 0
902 -1.8037 0
1776 -1.8088 0
1044 -1.8128 0
1900 -1.8134 0
254 -1.8140 0
1861 -1.8180 0
1442 -1.8212 0
1632 -1.8343 0
392 -1.8356 0
1605 -1.8416 0
86 -1.8432 0
676 -1.8541 0
690 -1.8542 0
1425 -1.8575 0
685 -1.8621 0
1673 -1.8665 0
1430 -1.8676 0
270 -1.8744 0
1187 -1.8797 0
565 -1.8843 0
576 -1.8875 0
934 -1.8887 0
574 -1.9013 0
69 -1.9017 0
409 -1.9021 0
1364 -1.9036 0
153 -1.9089 0
917 -1.9104 0
183 -1.9118 0
140 -1.9143 0
14 -1.9166 0
1491 -1.9180 0
1735 -1.9192 0
281 -1.9210 0
1420 -1.9242 0
1938 -1.9269 0
838 -1.9341 0
1424 -1.9367 0
1431 -1.9418 0
536 -1.9425 0
77 -1.9457 0
675 -1.9468 0
199 -1.9473 0
52 -1.9610 0
1984 -1.9628 0
1807 -1.9677 0
340 -1.9707 0
613 -1.9724 0
83 -1.9799 0
1875 -1.9803 0
637 -1.9808 0
413 -1.9901 0
1920 -1.9929 0
620 -1.9954 0
106 -1.9975 0
57 -2.0018 0
1144 -2.0037 0
384 -2.0045 0
805 -2.0050 0
253 -2.0065 0
221 -2.0090 0
18 -2.0113 0
154 -2.0162 0
357 -2.0169 0
1042 -2.0172 0
781 -2.0181 0
290 -2.0220 0
514 -2.0261 0
981 -2.0264 0
745 -2.0388 0
547 -2.0389 0
1178 -2.0396 0
665 -2.0411 0
1076 -2.0459 0
1922 -2.0467 0
730 -2.0488 0
1980 -2.0542 0
1618 -2.0554 0
678 -2.0566 0
1842 -2.0574 0
135 -2.0585 0
194 -2.0660 0
1484 -2.0679 0
1805 -2.0684 0
923 -2.0752 0
1384 -2.0780 0
1113 -2.0833 0
1199 -2.0836 0
1720 -2.0861 0
243 -2.1007 0
736 -2.1021 0
439 -2.1028 0
56 -2.1083 0
709 -2.1141 0
1312 -2.1147 0
1972 -2.1166 0
198 -2.1175 0
1469 -2.1201 0
146 -2.1281 0
719 -2.1301 0
817 -2.1323 0
595 -2.1376 0
1380 -2.1405 0
1810 -2.1440 0
1248 -2.1453 0
534 -2.1478 0
561 -2.1611 0
1854 -2.1683 0
1841 -2.1700 0
621 -2.1723 0
1990 -2.1815 0
1241 -2.1846 0
1978 -2.1854 0
848 -2.1865 0
353 -2.1900 0
244 -2.1953 0
634 -2.2011 0
1060 -2.2028 0
743 -2.2028 0
941 -2.2153 0
1492 -2.2154 0
1995 -2.2155 0
819 -2.2176 0
1459 -2.2317 0
1068 -2.2340 0
16 -2.2356 0
910 -2.2359 0
401 -2.2380 0
432 -2.2386 0
619 -2.2496 0
436 -2.2547 0
1724 -2.2567 0
1048 -2.2585 0
1876 -2.2588 0
1809 -2.2613 0
1802 -2.2638 0
62 -2.2733 0
919 -2.2745 0
277 -2.2756 0
383 -2.2780 0
166 -2.2783 0
844 -2.2788 0
663 -2.2800 0
672 -2.2830 0
889 -2.2868 0
807 -2.2875 0
1623 -2.2882 0
633 -2.2954 0
616 -2.2983 0
1106 -2.3065 0
1212 -2.3082 0
626 -2.3115 0
1926 -2.3124 0
1110 -2.3178 0
1036 -2.3202 0
410 -2.3215 0
1468 -2.3233 0
27 -2.3270 0
234 -2.3275 0
1037 -2.3440 0
1997 -2.3470 0
1844 -2.3505 0
1220 -2.3554 0
950 -2.3562 0
822 -2.3615 0
1498 -2.3643 0
1851 -2.3648 0
241 -2.3652 0
700 -2.3695 0
1541 -2.3699 0
1966 -2.3903 0
1678 -2.3905 0
1334 -2.3915 0
839 -2.3925 0
721 -2.4009 0
1055 -2.4011 0
765 -2.4039 0
435 -2.4099 0
800 -2.4154 0
1071 -2.4190 0
1038 -2.4195 0
710 -2.4231 0
1233 -2.4241 0
1892 -2.4285 0
1916 -2.4302 0
1397 -2.4422 0
271 -2.4429 0
1727 -2.4460 0
1221 -2.4493 0
110 -2.4510 0
232 -2.4547 0
1832 -2.4721 0
630 -2.4736 0
1471 -2.4813 0
1305 -2.4871 0
704 -2.4950 0
599 -2.5042 0
820 -2.5050 0
1162 -2.5173 0
217 -2.5295 0
299 -2.5297 0
1749 -2.5339 0
1889 -2.5457 0
1093 -2.5601 0
1477 -2.5656 0
282 -2.5703 0
1610 -2.5720 0
640 -2.5752 0
96 -2.5798 0
323 -2.5806 0
41 -2.5811 0
1912 -2.6018 0
338 -2.6071 0
2 -2.6102 0
1411 -2.6153 0
1860 -2.6174 0
990 -2.6198 0
28 -2.6253 0
586 -2.6292 0
50 -2.6326 0
1451 -2.6400 0
128 -2.6518 0
830 -2.6579 0
1988 -2.6618 0
1971 -2.6629 0
642 -2.6656 0
1091 -2.6832 0
1156 -2.6876 0
1821 -2.6881 0
1985 -2.6891 0
1853 -2.6948 0
1185 -2.6964 0
1643 -2.6986 0
11 -2.7023 0
180 -2.7058 0
1998 -2.7075 0
25 -2.7085 0
1962 -2.7109 0
288 -2.7151 0
468 -2.7178 0
674 -2.7184 0
1 -2.7187 0
1719 -2.7254 0
220 -2.7290 0
707 -2.7295 0
246 -2.7366 0
70 -2.7426 0
1408 -2.7431 0
1157 -2.7519 0
605 -2.7535 0
632 -2.7588 0
491 -2.7639 0
1108 -2.7652 0
1881 -2.7701 0
541 -2.7842 0
1007 -2.7892 0
207 -2.7913 0
123 -2.7921 0
141 -2.7935 0
175 -2.7983 0
1149 -2.7992 0
725 -2.7999 0
379 -2.8014 0
156 -2.8017 0
1801 -2.8045 0
1356 -2.8119 0
1800 -2.8250 0
359 -2.8269 0
802 -2.8357 0
1445 -2.8412 0
200 -2.8512 0
1961 -2.8557 0
1814 -2.8559 0
1173 -2.8615 0
1944 -2.8706 0
47 -2.8716 0
412 -2.8734 0
161 -2.8807 0
1479 -2.8814 0
1597 -2.8862 0
1616 -2.8980 0
1611 -2.9027 0
1496 -2.9046 0
905 -2.9088 0
1679 -2.9104 0
1960 -2.9136 0
1965 -2.9150 0
575 -2.9153 0
1712 -2.9157 0
422 -2.9193 0
573 -2.9195 0
936 -2.9231 0
303 -2.9250 0
1419 -2.9251 0
791 -2.9269 0
235 -2.9338 0
21 -2.9352 0
195 -2.9391 0
1470 -2.9402 0
1740 -2.9464 0
188 -2.9601 0
935 -2.9611 0
1150 -2.9631 0
129 -2.9649 0
59 -2.9780 0
658 -2.9796 0
1867 -2.9813 0
1141 -2.9828 0
669 -2.9902 0
1730 -2.9915 0
1947 -2.9945 0
1760 -2.9954 0
494 -2.9979 0
1897 -3.0007 0
1952 -3.0016 0
1905 -3.0019 0
851 -3.0035 0
1455 -3.0049 0
550 -3.0089 0
1874 -3.0178 0
1486 -3.0228 0
667 -3.0232 0
1446 -3.0259 0
1721 -3.0272 0
904 -3.0301 0
1160 -3.0352 0
552 -3.0359 0
833 -3.0387 0
1731 -3.0397 0
972 -3.0406 0
654 -3.0437 0
133 -3.0484 0
1058 -3.0494 0
1360 -3.0499 0
1052 -3.0520 0
689 -3.0571 0
1503 -3.0585 0
1228 -3.0623 0
1848 -3.0628 0
450 -3.0632 0
1203 -3.0675 0
795 -3.0781 0
1153 -3.0804 0
1781 -3.0808 0
530 -3.0845 0
1644 -3.0866 0
275 -3.0930 0
1898 -3.1078 0
1669 -3.1123 0
564 -3.1166 0
1928 -3.1171 0
627 -3.1190 0
1852 -3.1199 0
46 -3.1211 0
93 -3.1233 0
406 -3.1265 0
705 -3.1290 0
1056 -3.1298 0
1955 -3.1325 0
1184 -3.1360 0
1921 -3.1393 0
812 -3.1424 0
1112 -3.1427 0
1628 -3.1433 0
1993 -3.1435 0
1189 -3.1435 0
1818 -3.1437 0
273 -3.1461 0
789 -3.1514 0
415 -3.1561 0
1145 -3.1572 0
712 -3.1616 0
1893 -3.1621 0
255 -3.1626 0
1975 -3.1633 0
603 -3.1708 0
405 -3.1802 0
150 -3.1815 0
946 -3.1823 0
272 -3.1840 0
1489 -3.1860 0
1845 -3.1909 0
1161 -3.1927 0
1499 -3.1958 0
1244 -3.1968 0
1705 -3.2000 0
1918 -3.2012 0
1840 -3.2026 0
1940 -3.2094 0
240 -3.2114 0
1882 -3.2143 0
440 -3.2180 0
1617 -3.2196 0
1196 -3.2199 0
1166 -3.2203 0
90 -3.2222 0
210 -3.2234 0
724 -3.2268 0
53 -3.2288 0
1386 -3.2325 0
556 -3.2381 0
816 -3.2404 0
1353 -3.2440 0
608 -3.2464 0
1929 -3.2508 0
913 -3.2528 0
1139 -3.2534 0
155 -3.2559 0
447 -3.2567 0
1354 -3.2585 0
446 -3.2648 0
1179 -3.2658 0
728 -3.2707 0
1239 -3.2714 0
1667 -3.2734 0
1911 -3.2764 0
1631 -3.2822 0
264 -3.2841 0
331 -3.2873 0
261 -3.2886 0
1053 -3.2897 0
1143 -3.2906 0
748 -3.2955 0
65 -3.3060 0
1222 -3.3095 0
1485 -3.3149 0
1130 -3.3245 0
1826 -3.3250 0
1158 -3.3267 0
732 -3.3270 0
814 -3.3276 0
390 -3.3287 0
1510 -3.3344 0
505 -3.3391 0
588 -3.3437 0
952 -3.3462 0
1983 -3.3477 0
1625 -3.3512 0
122 -3.3515 0
1748 -3.3599 0
1359 -3.3606 0
117 -3.3848 0
670 -3.3861 0
1863 -3.3883 0
1403 -3.3883 0
1742 -3.3946 0
259 -3.3954 0
622 -3.3972 0
1908 -3.3975 0
1708 -3.4175 0
32 -3.4184 0
1307 -3.4208 0
310 -3.4259 0
755 -3.4414 0
1704 -3.4512 0
1396 -3.4517 0
1979 -3.4563 0
868 -3.4585 0
260 -3.4802 0
735 -3.5008 0
606 -3.5024 0
598 -3.5026 0
1817 -3.5083 0
740 -3.5097 0
1116 -3.5146 0
1834 -3.5293 0
646 -3.5386 0
1890 -3.5388 0
1837 -3.5434 0
829 -3.5512 0
1388 -3.5516 0
723 -3.5525 0
1994 -3.5535 0
1034 -3.5540 0
1855 -3.5617 0
1716 -3.5781 0
652 -3.5821 0
1839 -3.5843 0
94 -3.5891 0
4 -3.5979 0
1094 -3.6073 0
1770 -3.6154 0
63 -3.6197 0
1215 -3.6275 0
1395 -3.6308 0
824 -3.6318 0
442 -3.6344 0
804 -3.6359 0
1803 -3.6459 0
1954 -3.6501 0
1078 -3.6522 0
585 -3.6564 0
136 -3.6628 0
251 -3.6676 0
252 -3.6791 0
249 -3.6814 0
644 -3.6869 0
258 -3.6916 0
75 -3.6942 0
1812 -3.6967 0
1059 -3.6974 0
1856 -3.7010 0
718 -3.7030 0
1996 -3.7058 0
1830 -3.7079 0
113 -3.7240 0
291 -3.7247 0
89 -3.7290 0
209 -3.7319 0
162 -3.7329 0
1561 -3.7330 0
54 -3.7359 0
1114 -3.7360 0
1081 -3.7363 0
1432 -3.7393 0
809 -3.7411 0
1188 -3.7422 0
22 -3.7448 0
1723 -3.7557 0
1066 -3.7579 0
17 -3.7595 0
1904 -3.7631 0
274 -3.7663 0
810 -3.7691 0
1711 -3.7719 0
187 -3.7726 0
1986 -3.7776 0
655 -3.7777 0
1823 -3.7828 0
1702 -3.7864 0
714 -3.7864 0
1117 -3.7906 0
1868 -3.7983 0
1398 -3.8007 0
1176 -3.8047 0
192 -3.8070 0
239 -3.8083 0
1934 -3.8120 0
1906 -3.8139 0
298 -3.8218 0
459 -3.8348 0
1864 -3.8353 0
116 -3.8483 0
741 -3.8579 0
1197 -3.8594 0
329 -3.8608 0
1992 -3.8617 0
88 -3.8640 0
1245 -3.8864 0
1943 -3.8866 0
568 -3.8927 0
1473 -3.8943 0
1794 -3.8985 0
1915 -3.9037 0
1964 -3.9041 0
1181 -3.9179 0
991 -3.9222 0
1811 -3.9279 0
1142 -3.9288 0
421 -3.9299 0
555 -3.9310 0
659 -3.9384 0
1771 -3.9455 0
1608 -3.9477 0
1808 -3.9510 0
1829 -3.9530 0
26 -3.9595 0
589 -3.9702 0
1847 -3.9721 0
204 -3.9817 0
124 -3.9840 0
1888 -3.9849 0
837 -3.9851 0
177 -3.9875 0
1458 -3.9896 0
594 -3.9907 0
441 -3.9940 0
696 -3.9954 0
1109 -4.0055 0
653 -4.0074 0
1165 -4.0107 0
1662 -4.0178 0
1556 -4.0189 0
1414 -4.0237 0
1726 -4.0283 0
597 -4.0328 0
1358 -4.0428 0
159 -4.0488 0
1390 -4.0549 0
1879 -4.0595 0
1357 -4.0699 0
546 -4.0774 0
1763 -4.0789 0
775 -4.0811 0
203 -4.0865 0
1999 -4.1119 0
737 -4.1263 0
269 -4.1272 0
142 -4.1275 0
1152 -4.1351 0
1729 -4.1355 0
1886 -4.1410 0
1209 -4.1460 0
1101 -4.1464 0
1232 -4.1467 0
511 -4.1482 0
806 -4.1551 0
263 -4.1592 0
1050 -4.1594 0
158 -4.1604 0
168 -4.1605 0
744 -4.1664 0
1917 -4.1750 0
720 -4.1798 0
615 -4.1816 0
1361 -4.1894 0
131 -4.1895 0
429 -4.1919 0
1154 -4.1927 0
1873 -4.1931 0
612 -4.1945 0
847 -4.1950 0
1213 -4.2022 0
369 -4.2028 0
148 -4.2074 0
13 -4.2085 0
1217 -4.2132 0
1930 -4.2206 0
1067 -4.2320 0
739 -4.2347 0
1061 -4.2363 0
722 -4.2493 0
614 -4.2509 0
1087 -4.2591 0
570 -4.2648 0
1227 -4.2652 0
666 -4.2675 0
1175 -4.2696 0
179 -4.2828 0
1532 -4.2846 0
1982 -4.2889 0
1795 -4.3006 0
1945 -4.3097 0
1715 -4.3123 0
144 -4.3235 0
1902 -4.3241 0
293 -4.3345 0
1111 -4.3396 0
1865 -4.3427 0
549 -4.3497 0
152 -4.3732 0
1169 -4.3799 0
1887 -4.3799 0
500 -4.3846 0
205 -4.3866 0
1757 -4.3906 0
1718 -4.3947 0
114 -4.3987 0
1843 -4.4010 0
590 -4.4028 0
1021 -4.4032 0
601 -4.4060 0
423 -4.4100 0
15 -4.4101 0
1783 -4.4145 0
1973 -4.4149 0
223 -4.4277 0
734 -4.4287 0
1651 -4.4364 0
173 -4.4466 0
1806 -4.4523 0
1074 -4.4535 0
1850 -4.4545 0
625 -4.4602 0
503 -4.4609 0
1401 -4.4658 0
1987 -4.4672 0
698 -4.4674 0
1725 -4.4758 0
1747 -4.4758 0
1833 -4.4767 0
7 -4.5126 0
1877 -4.5178 0
1951 -4.5184 0
629 -4.5303 0
686 -4.5318 0
417 -4.5335 0
726 -4.5449 0
364 -4.5457 0
176 -4.5550 0
1065 -4.5594 0
104 -4.6011 0
226 -4.6012 0
813 -4.6087 0
516 -4.6112 0
1755 -4.6136 0
1070 -4.6148 0
1086 -4.6166 0
551 -4.6315 0
656 -4.6413 0
295 -4.6470 0
1785 -4.6477 0
635 -4.6511 0
648 -4.6720 0
1183 -4.6745 0
1981 -4.6771 0
185 -4.6800 0
1793 -4.7086 0
671 -4.7116 0
284 -4.7155 0
1057 -4.7167 0
265 -4.7386 0
1974 -4.7407 0
149 -4.7567 0
100 -4.7621 0
1976 -4.7643 0
1866 -4.7804 0
101 -4.7865 0
250 -4.7902 0
1932 -4.7909 0
647 -4.7920 0
645 -4.7971 0
559 -4.8012 0
186 -4.8119 0
1744 -4.8401 0
1387 -4.8628 0
108 -4.8667 0
1956 -4.8745 0
257 -4.8757 0
1722 -4.8841 0
197 -4.8899 0
1884 -4.8923 0
1190 -4.8984 0
160 -4.9010 0
1819 -4.9071 0
1476 -4.9090 0
1948 -4.9404 0
74 -4.9602 0
279 -4.9610 0
1115 -4.9724 0
134 -4.9957 0
79 -5.0107 0
1970 -5.0212 0
1480 -5.0256 0
36 -5.0349 0
1859 -5.0375 0
286 -5.0413 0
911 -5.0491 0
567 -5.0493 0
660 -5.0548 0
84 -5.0598 0
1182 -5.0622 0
407 -5.0666 0
1092 -5.0822 0
296 -5.1048 0
1474 -5.1054 0
1202 -5.1194 0
3 -5.1198 0
596 -5.1282 0
557 -5.1299 0
1815 -5.1580 0
130 -5.1637 0
1989 -5.1760 0
687 -5.1876 0
1192 -5.1879 0
297 -5.2006 0
1301 -5.2063 0
1789 -5.2073 0
1969 -5.2236 0
1872 -5.2264 0
1649 -5.2358 0
1846 -5.2465 0
693 -5.2620 0
715 -5.2654 0
826 -5.2781 0
40 -5.2820 0
231 -5.2866 0
170 -5.3014 0
278 -5.3019 0
1967 -5.3025 0
98 -5.3063 0
711 -5.3084 0
1825 -5.3410 0
738 -5.3459 0
227 -5.3726 0
1097 -5.3780 0
1764 -5.3811 0
109 -5.3878 0
702 -5.4099 0
189 -5.4150 0
1082 -5.4191 0
562 -5.4333 0
1796 -5.4378 0
1210 -5.4454 0
396 -5.4480 0
749 -5.4551 0
1779 -5.4591 0
444 -5.4680 0
51 -5.4701 0
1063 -5.4956 0
1246 -5.5244 0
191 -5.5250 0
78 -5.5286 0
828 -5.5386 0
1778 -5.5389 0
681 -5.5445 0
1857 -5.5601 0
256 -5.5764 0
1790 -5.5767 0
174 -5.5867 0
1880 -5.5916 0
673 -5.5926 0
572 -5.5992 0
103 -5.6041 0
801 -5.6376 0
587 -5.6488 0
360 -5.6567 0
10 -5.6577 0
1155 -5.6759 0
699 -5.6855 0
683 -5.6857 0
742 -5.6891 0
1104 -5.7015 0
701 -5.7164 0
1766 -5.7199 0
121 -5.7352 0
1963 -5.7566 0
1490 -5.7626 0
163 -5.7758 0
566 -5.7869 0
679 -5.7979 0
1754 -5.8199 0
1784 -5.8212 0
178 -5.8216 0
1247 -5.8222 0
579 -5.8329 0
164 -5.8486 0
1466 -5.8543 0
703 -5.8705 0
76 -5.8798 0
292 -5.8826 0
1772 -5.8833 0
1186 -5.9199 0
1788 -5.9767 0
115 -5.9892 0
1762 -5.9913 0
571 -6.0410 0
1129 -6.0537 0
276 -6.0853 0
1402 -6.0863 0
120 -6.0905 0
706 -6.1607 0
727 -6.1815 0
593 -6.1844 0
266 -6.1863 0
684 -6.1917 0
688 -6.1979 0
1214 -6.1984 0
1878 -6.2088 0
80 -6.2259 0
680 -6.2378 0
294 -6.2989 0
1750 -6.3008 0
1706 -6.3037 0
280 -6.3229 0
1478 -6.3464 0
119 -6.3976 0
554 -6.3983 0
267 -6.4008 0
1782 -6.4179 0
747 -6.4215 0
584 -6.4232 0
1088 -6.4349 0
145 -6.4676 0
1958 -6.5038 0
102 -6.5397 0
262 -6.5855 0
1871 -6.6471 0
903 -6.6473 0
558 -6.6646 0
746 -6.7627 0
1780 -6.7955 0
1950 -6.8214 0
1759 -6.8883 0
107 -6.9137 0
1751 -7.0035 0
1775 -7.0132 0
1773 -7.0849 0
592 -7.2077 0
1767 -7.2114 0
60 -7.2243 0
67 -7.2787 0
563 -7.3171 0
1756 -7.3336 0
1351 -7.3419 0
147 -7.3466 0
1745 -7.3858 0
577 -7.5726 0
361 -7.6027 0
125 -7.8052 0
691 -7.8472 0
695 -7.8637 0
1758 -7.8840 0
1752 -7.9533 0
1736 -7.9551 0
1798 -8.0703 0
1786 -8.0986 0
1957 -8.1248 0
532 -8.2374 0
682 -8.3152 0
1792 -8.3178 0
137 -8.3702 0
1894 -8.5037 0
580 -8.5193 0
1799 -8.6498 0
1768 -8.7422 0
717 -8.7947 0
1753 -8.8455 0
1791 -9.8884 0
1787 -10.7314 0
