1321 25.8698 1
1346 25.6792 1
1315 23.1164 1
1333 22.7768 1
1324 22.7317 1
1341 21.8016 1
1337 21.6034 1
1302 21.5202 1
1332 20.1956 1
1318 18.4597 1
1330 17.6656 1
1320 17.5394 1
1342 15.8953 1
1334 15.4098 1
1115 14.0774 0
1338 13.9022 1
1250 13.7588 0
1306 13.6853 1
1309 13.3548 1
1300 13.2048 1
636 13.1249 0
1349 12.6429 1
1347 12.2509 1
1028 12.0324 0
1316 11.7816 1
1319 11.2793 1
1301 11.0658 1
1015 10.7867 0
1313 10.4217 1
330 10.3680 0
1314 10.3132 1
553 10.1934 0
1317 10.1871 1
1307 10.1411 1
1348 10.0193 1
1328 9.9560 1
1323 9.9222 1
1304 9.6992 1
1310 9.5310 1
865 9.3192 0
341 9.0868 0
1303 9.0614 1
1308 9.0179 1
1305 8.8389 1
1290 8.8324 0
1108 8.6669 0
762 8.5822 0
854 8.5804 0
1103 8.5099 0
313 8.5089 0
1139 8.4010 0
462 8.3864 0
335 8.3325 0
1146 8.3319 0
1153 8.2742 0
629 8.1570 0
910 8.0740 0
924 8.0123 0
1033 8.0012 0
885 7.8527 0
1326 7.7132 1
1262 7.5880 0
472 7.5037 0
1180 7.4632 0
1047 7.3677 0
1373 7.3625 0
1136 7.3010 0
48 7.2525 0
1345 7.2241 1
1169 7.1409 0
944 7.1121 0
761 7.0535 0
533 7.0528 0
495 7.0279 0
1121 7.0173 0
1263 7.0041 0
452 7.0039 0
757 6.9907 0
1370 6.9906 0
1331 6.9119 1
1365 6.8553 0
915 6.7790 0
325 6.6412 0
977 6.6253 0
938 6.6191 0
1339 6.5867 1
309 6.5624 0
1374 6.5486 0
866 6.5325 0
1272 6.5301 0
1736 6.4765 0
1151 6.4561 0
892 6.4275 0
1176 6.3474 0
233 6.3368 0
1490 6.3097 0
1392 6.2741 0
1123 6.2529 0
1251 6.2364 0
1286 6.1528 0
671 6.1363 0
798 6.1057 0
1311 6.0560 1
1343 6.0336 1
1335 6.0295 1
835 5.9949 0
821 5.9903 0
1186 5.9884 0
1133 5.9584 0
994 5.9422 0
790 5.9066 0
858 5.8976 0
481 5.8656 0
345 5.8330 0
954 5.8297 0
1106 5.7268 0
857 5.7162 0
493 5.6957 0
955 5.6824 0
1344 5.6238 1
1312 5.5740 1
956 5.5690 0
478 5.5666 0
1724 5.5543 0
496 5.5411 0
488 5.5292 0
1366 5.4747 0
1194 5.4393 0
1484 5.4291 0
346 5.3966 0
1387 5.3654 0
328 5.3624 0
1089 5.3028 0
623 5.3005 0
1273 5.2688 0
1172 5.2507 0
882 5.2373 0
1279 5.2173 0
1697 5.2125 0
864 5.2009 0
853 5.1488 0
771 5.1260 0
719 5.0924 0
1661 5.0767 0
73 5.0711 0
888 5.0554 0
1120 5.0473 0
750 5.0016 0
1276 4.9465 0
476 4.9387 0
344 4.9364 0
539 4.8857 0
451 4.8790 0
1101 4.8700 0
899 4.8439 0
1909 4.8193 0
763 4.7832 0
876 4.7759 0
337 4.7436 0
1112 4.7132 0
1367 4.6761 0
667 4.6331 0
998 4.6217 0
1144 4.6186 0
586 4.6152 0
426 4.6033 0
897 4.5884 0
855 4.5481 0
856 4.5437 0
1104 4.5299 0
546 4.5004 0
827 4.4970 0
1336 4.4930 1
1105 4.4915 0
284 4.4828 0
1733 4.4749 0
1285 4.4694 0
1942 4.4359 0
1293 4.4262 0
1111 4.4145 0
428 4.4129 0
660 4.3876 0
1174 4.3770 0
615 4.3764 0
521 4.3708 0
1025 4.3707 0
1265 4.3537 0
1376 4.3505 0
1377 4.3493 0
347 4.3346 0
1881 4.3303 0
1271 4.3297 0
766 4.3142 0
749 4.3019 0
1209 4.2563 0
1364 4.2548 0
1445 4.2275 0
722 4.1822 0
1329 4.1520 1
319 4.1469 0
877 4.1465 0
1645 4.1280 0
1372 4.0807 0
68 4.0689 0
1434 4.0654 0
1412 4.0611 0
1062 4.0518 0
1413 4.0388 0
1168 4.0328 0
1109 4.0211 0
1135 4.0132 0
221 4.0122 0
914 3.9936 0
1375 3.9849 0
474 3.9667 0
1385 3.9642 0
1178 3.9283 0
943 3.9281 0
543 3.9273 0
1635 3.9209 0
1171 3.9158 0
1677 3.8854 0
333 3.8729 0
416 3.8582 0
1568 3.8511 0
332 3.8408 0
1156 3.8316 0
694 3.8275 0
887 3.8261 0
1259 3.8055 0
1030 3.7979 0
794 3.7881 0
1140 3.7858 0
490 3.7755 0
1197 3.7597 0
1407 3.7445 0
212 3.7392 0
1275 3.7324 0
880 3.7305 0
611 3.7187 0
957 3.7070 0
799 3.6826 0
1226 3.6815 0
859 3.6608 0
796 3.6581 0
1867 3.6459 0
552 3.6390 0
834 3.6124 0
1689 3.6061 0
792 3.6006 0
1396 3.5952 0
1781 3.5948 0
1371 3.5881 0
248 3.5772 0
449 3.5726 0
916 3.5711 0
1696 3.5643 0
1162 3.5604 0
94 3.5578 0
1625 3.5498 0
1480 3.5493 0
1269 3.5456 0
228 3.5353 0
1710 3.5272 0
1137 3.5218 0
1388 3.5200 0
1861 3.5152 0
1122 3.5107 0
1291 3.5088 0
738 3.5083 0
691 3.4978 0
1233 3.4978 0
932 3.4906 0
1650 3.4881 0
1130 3.4796 0
1161 3.4763 0
550 3.4618 0
331 3.4555 0
318 3.4304 0
1281 3.4210 0
360 3.4120 0
788 3.3751 0
50 3.3633 0
1189 3.3539 0
1143 3.3515 0
808 3.2950 0
926 3.2925 0
1352 3.2876 0
323 3.2858 0
1187 3.2816 0
1325 3.2805 1
861 3.2788 0
971 3.2669 0
774 3.2604 0
831 3.2591 0
1096 3.2474 0
306 3.2470 0
317 3.2419 0
1941 3.2329 0
1288 3.2269 0
343 3.2170 0
1676 3.2101 0
1356 3.2040 0
760 3.1931 0
745 3.1911 0
454 3.1845 0
1087 3.1828 0
1127 3.1796 0
1665 3.1738 0
422 3.1640 0
975 3.1629 0
339 3.1621 0
303 3.1612 0
461 3.1339 0
795 3.1301 0
797 3.1277 0
1073 3.1262 0
1147 3.1239 0
473 3.1230 0
1340 3.1153 1
1488 3.1107 0
931 3.0975 0
875 3.0916 0
230 3.0822 0
986 3.0810 0
891 3.0736 0
870 3.0723 0
852 3.0557 0
1129 3.0552 0
1877 3.0484 0
1045 3.0466 0
1193 3.0435 0
1163 3.0297 0
97 3.0291 0
1540 3.0258 0
1070 3.0156 0
1195 3.0155 0
753 3.0108 0
1027 2.9965 0
1660 2.9936 0
1391 2.9914 0
779 2.9908 0
1031 2.9857 0
1764 2.9678 0
898 2.9627 0
1612 2.9625 0
1158 2.9601 0
1741 2.9410 0
1131 2.9296 0
696 2.9211 0
1203 2.9189 0
1406 2.9061 0
735 2.9059 0
697 2.8946 0
1211 2.8901 0
862 2.8857 0
607 2.8816 0
202 2.8793 0
1072 2.8634 0
1596 2.8582 0
933 2.8554 0
1624 2.8394 0
1201 2.8296 0
782 2.8290 0
1845 2.8285 0
311 2.8196 0
1378 2.8159 0
243 2.8066 0
1500 2.7893 0
1427 2.7824 0
1409 2.7794 0
651 2.7725 0
654 2.7635 0
507 2.7581 0
1190 2.7529 0
1826 2.7423 0
1012 2.7380 0
1895 2.7207 0
1506 2.6999 0
214 2.6935 0
1429 2.6853 0
723 2.6695 0
505 2.6663 0
737 2.6355 0
1188 2.6336 0
316 2.6252 0
598 2.6169 0
985 2.6131 0
321 2.6125 0
381 2.6034 0
83 2.5990 0
314 2.5920 0
1007 2.5913 0
909 2.5889 0
1249 2.5802 0
1664 2.5761 0
158 2.5674 0
1018 2.5631 0
894 2.5553 0
1685 2.5470 0
767 2.5373 0
736 2.5279 0
1166 2.4992 0
1440 2.4966 0
849 2.4965 0
727 2.4947 0
1778 2.4912 0
70 2.4895 0
71 2.4796 0
1216 2.4741 0
1363 2.4716 0
1668 2.4712 0
705 2.4695 0
1182 2.4695 0
650 2.4509 0
1173 2.4506 0
1472 2.4415 0
342 2.4376 0
922 2.4357 0
770 2.4341 0
336 2.4336 0
1758 2.4300 0
822 2.4206 0
55 2.4110 0
1494 2.4074 0
149 2.4003 0
1394 2.3838 0
1368 2.3826 0
1093 2.3807 0
1270 2.3716 0
1663 2.3603 0
632 2.3545 0
777 2.3535 0
1032 2.3354 0
1684 2.3246 0
1604 2.3014 0
843 2.2883 0
1723 2.2798 0
378 2.2738 0
811 2.2719 0
1128 2.2701 0
513 2.2688 0
1634 2.2655 0
743 2.2519 0
740 2.2405 0
1553 2.2395 0
903 2.2281 0
942 2.2208 0
1680 2.2203 0
247 2.2117 0
905 2.2112 0
1361 2.2106 0
708 2.2102 0
307 2.2072 0
1243 2.2002 0
1016 2.1985 0
304 2.1932 0
542 2.1913 0
1017 2.1865 0
587 2.1821 0
791 2.1752 0
1738 2.1573 0
156 2.1559 0
1841 2.1498 0
1600 2.1390 0
52 2.1278 0
960 2.1274 0
38 2.1215 0
329 2.1193 0
324 2.1134 0
825 2.1020 0
829 2.1006 0
881 2.0989 0
1386 2.0947 0
470 2.0927 0
1268 2.0698 0
871 2.0680 0
868 2.0620 0
845 2.0575 0
873 2.0550 0
1362 2.0501 0
622 2.0407 0
1721 2.0212 0
350 1.9946 0
1875 1.9899 0
1638 1.9898 0
367 1.9863 0
814 1.9747 0
508 1.9741 0
709 1.9706 0
1253 1.9665 0
649 1.9590 0
1199 1.9539 0
712 1.9391 0
1449 1.9360 0
1381 1.9246 0
704 1.9093 0
1252 1.9090 0
327 1.9082 0
1384 1.8965 0
663 1.8870 0
357 1.8811 0
502 1.8705 0
1424 1.8674 0
889 1.8661 0
803 1.8571 0
1114 1.8500 0
441 1.8497 0
1261 1.8315 0
1952 1.8312 0
1354 1.8310 0
1524 1.8276 0
874 1.8163 0
1919 1.8132 0
1202 1.8126 0
1292 1.8125 0
893 1.8096 0
211 1.8069 0
869 1.7952 0
1299 1.7867 0
1011 1.7862 0
895 1.7825 0
724 1.7786 0
477 1.7734 0
1415 1.7697 0
1390 1.7682 0
561 1.7551 0
648 1.7545 0
1100 1.7488 0
641 1.7308 0
376 1.7299 0
1551 1.7250 0
1369 1.7199 0
1010 1.7185 0
370 1.7130 0
1067 1.7097 0
860 1.7032 0
618 1.6961 0
961 1.6815 0
1917 1.6762 0
1274 1.6758 0
75 1.6684 0
1298 1.6662 0
1296 1.6650 0
1267 1.6558 0
455 1.6402 0
769 1.6390 0
1422 1.6377 0
1790 1.6353 0
1417 1.6277 0
1119 1.6274 0
1400 1.6242 0
372 1.6036 0
768 1.5976 0
1501 1.5910 0
198 1.5720 0
1776 1.5632 0
1700 1.5472 0
1393 1.5442 0
1899 1.5386 0
639 1.5386 0
523 1.5344 0
785 1.5332 0
841 1.5324 0
1619 1.5304 0
1040 1.5178 0
468 1.5151 0
1807 1.5088 0
570 1.4989 0
1675 1.4960 0
1284 1.4865 0
1408 1.4818 0
780 1.4813 0
706 1.4780 0
1555 1.4660 0
1580 1.4408 0
1198 1.4406 0
976 1.4386 0
1078 1.4224 0
1149 1.4209 0
1511 1.4205 0
121 1.4172 0
1154 1.4150 0
1085 1.4097 0
1479 1.4080 0
1185 1.4049 0
1475 1.3974 0
1042 1.3965 0
1254 1.3957 0
1237 1.3879 0
666 1.3878 0
1492 1.3864 0
1456 1.3853 0
765 1.3744 0
848 1.3724 0
1740 1.3622 0
896 1.3615 0
1912 1.3571 0
1606 1.3417 0
1623 1.3358 0
989 1.3335 0
613 1.3325 0
775 1.3320 0
813 1.3294 0
26 1.3279 0
527 1.3220 0
776 1.3212 0
1008 1.3206 0
1258 1.3175 0
1613 1.3102 0
1055 1.3081 0
1796 1.3056 0
591 1.3048 0
820 1.2922 0
229 1.2916 0
1734 1.2895 0
377 1.2791 0
1768 1.2748 0
1654 1.2737 0
1846 1.2660 0
1746 1.2591 0
729 1.2560 0
219 1.2463 0
846 1.2391 0
241 1.2378 0
1695 1.2346 0
1277 1.2340 0
310 1.2312 0
918 1.2260 0
1380 1.2260 0
1718 1.2158 0
815 1.2090 0
655 1.2085 0
1637 1.1963 0
728 1.1948 0
1212 1.1947 0
1294 1.1828 0
628 1.1787 0
759 1.1761 0
1419 1.1759 0
1485 1.1686 0
65 1.1684 0
1322 1.1668 1
626 1.1592 0
720 1.1556 0
398 1.1549 0
1246 1.1541 0
1590 1.1520 0
326 1.1447 0
529 1.1439 0
746 1.1434 0
1681 1.1281 0
1936 1.1274 0
177 1.1253 0
498 1.1239 0
510 1.1205 0
1786 1.1163 0
524 1.1141 0
1050 1.1093 0
1937 1.1067 0
1164 1.1038 0
1191 1.0812 0
675 1.0731 0
1099 1.0709 0
1107 1.0709 0
1465 1.0688 0
1458 1.0648 0
475 1.0638 0
1053 1.0596 0
1602 1.0531 0
1404 1.0531 0
1230 1.0500 0
1134 1.0484 0
1113 1.0473 0
1177 1.0463 0
1707 1.0435 0
1102 1.0376 0
373 1.0304 0
1451 1.0220 0
1482 1.0171 0
1068 1.0142 0
1716 1.0085 0
1683 1.0055 0
459 1.0012 0
806 0.9949 0
668 0.9860 0
534 0.9633 0
1035 0.9631 0
941 0.9612 0
817 0.9541 0
970 0.9539 0
1507 0.9451 0
205 0.9383 0
1872 0.9381 0
990 0.9335 0
240 0.9323 0
256 0.9317 0
1652 0.9285 0
1860 0.9275 0
1124 0.9261 0
772 0.9158 0
725 0.9136 0
60 0.9117 0
621 0.9093 0
1659 0.8978 0
322 0.8937 0
517 0.8925 0
1509 0.8919 0
499 0.8898 0
595 0.8846 0
1282 0.8766 0
1666 0.8751 0
1728 0.8743 0
1399 0.8739 0
1468 0.8724 0
1453 0.8699 0
1694 0.8657 0
850 0.8649 0
778 0.8608 0
1132 0.8590 0
883 0.8573 0
1218 0.8562 0
1283 0.8552 0
1714 0.8508 0
1227 0.8501 0
1443 0.8432 0
1882 0.8398 0
551 0.8378 0
1157 0.8356 0
338 0.8304 0
925 0.8281 0
560 0.8159 0
1505 0.8087 0
154 0.7998 0
1071 0.7989 0
927 0.7941 0
1771 0.7688 0
1658 0.7642 0
515 0.7607 0
1529 0.7583 0
92 0.7555 0
1357 0.7362 0
1579 0.7342 0
1454 0.7309 0
755 0.7252 0
234 0.7192 0
1587 0.7129 0
276 0.7126 0
1787 0.7091 0
18 0.7065 0
450 0.7062 0
1118 0.7033 0
1359 0.7033 0
962 0.7025 0
1717 0.7010 0
1256 0.7002 0
1223 0.6959 0
5 0.6937 0
1257 0.6862 0
610 0.6858 0
1090 0.6729 0
42 0.6695 0
225 0.6687 0
293 0.6685 0
385 0.6669 0
213 0.6634 0
1125 0.6586 0
1462 0.6546 0
812 0.6501 0
1058 0.6482 0
1760 0.6473 0
594 0.6426 0
635 0.6424 0
847 0.6354 0
653 0.6300 0
483 0.6271 0
1848 0.6241 0
710 0.6238 0
731 0.6162 0
804 0.6125 0
299 0.6106 0
1455 0.6104 0
1148 0.6100 0
447 0.6079 0
1737 0.6060 0
436 0.6021 0
726 0.6005 0
1855 0.5933 0
59 0.5922 0
1442 0.5900 0
1705 0.5877 0
1181 0.5820 0
1793 0.5792 0
1889 0.5734 0
1854 0.5676 0
1038 0.5659 0
375 0.5649 0
1059 0.5614 0
754 0.5579 0
460 0.5570 0
1636 0.5477 0
487 0.5354 0
758 0.5312 0
952 0.5294 0
485 0.5251 0
453 0.5239 0
1264 0.5182 0
842 0.5144 0
237 0.5107 0
1435 0.5100 0
721 0.5091 0
805 0.5081 0
429 0.4956 0
816 0.4945 0
711 0.4909 0
1558 0.4901 0
1964 0.4868 0
1686 0.4840 0
457 0.4833 0
1865 0.4825 0
246 0.4661 0
1739 0.4641 0
1024 0.4586 0
1692 0.4584 0
1655 0.4552 0
1935 0.4513 0
95 0.4510 0
1159 0.4490 0
1240 0.4485 0
58 0.4451 0
1858 0.4414 0
703 0.4397 0
1727 0.4365 0
1469 0.4351 0
254 0.4348 0
393 0.4328 0
698 0.4325 0
53 0.4303 0
1804 0.4261 0
569 0.4211 0
1757 0.4108 0
562 0.3953 0
242 0.3921 0
403 0.3913 0
1603 0.3859 0
439 0.3846 0
996 0.3787 0
1116 0.3777 0
300 0.3768 0
1084 0.3735 0
1 0.3697 0
574 0.3673 0
445 0.3672 0
1599 0.3654 0
484 0.3543 0
1886 0.3536 0
509 0.3486 0
1946 0.3406 0
672 0.3386 0
491 0.3367 0
1441 0.3280 0
1687 0.3245 0
1908 0.3206 0
371 0.3190 0
397 0.3148 0
1152 0.3136 0
582 0.3135 0
1383 0.3058 0
1754 0.3054 0
151 0.2825 0
716 0.2819 0
1633 0.2777 0
1095 0.2735 0
951 0.2705 0
713 0.2671 0
516 0.2631 0
581 0.2585 0
262 0.2560 0
1060 0.2535 0
1206 0.2530 0
906 0.2515 0
1565 0.2514 0
686 0.2493 0
1160 0.2461 0
1986 0.2448 0
168 0.2385 0
652 0.2370 0
197 0.2363 0
522 0.2338 0
1074 0.2318 0
912 0.2229 0
1098 0.2186 0
159 0.2152 0
1784 0.2147 0
1467 0.2133 0
253 0.2132 0
1926 0.2061 0
979 0.2053 0
1752 0.2046 0
1410 0.2040 0
1690 0.2033 0
1766 0.2027 0
222 0.1980 0
24 0.1939 0
1561 0.1897 0
1921 0.1894 0
88 0.1813 0
1094 0.1778 0
382 0.1762 0
1242 0.1757 0
1477 0.1702 0
1698 0.1673 0
443 0.1662 0
425 0.1609 0
379 0.1575 0
1175 0.1543 0
603 0.1532 0
643 0.1479 0
238 0.1464 0
1913 0.1434 0
1001 0.1417 0
1487 0.1327 0
1516 0.1303 0
245 0.1289 0
1601 0.1261 0
545 0.1252 0
489 0.1223 0
1879 0.1208 0
793 0.1143 0
1205 0.1110 0
752 0.1069 0
730 0.1058 0
1554 0.1054 0
315 0.1011 0
86 0.0910 0
358 0.0891 0
4 0.0856 0
1682 0.0830 0
430 0.0824 0
547 0.0811 0
1395 0.0681 0
1355 0.0672 0
34 0.0653 0
1402 0.0652 0
1869 0.0631 0
1923 0.0581 0
1142 0.0552 0
49 0.0550 0
634 0.0548 0
1897 0.0525 0
1531 0.0429 0
978 0.0410 0
1876 0.0394 0
63 0.0346 0
1753 0.0341 0
1145 0.0310 0
886 0.0292 0
1280 0.0270 0
786 0.0223 0
458 0.0207 0
1444 0.0206 0
32 0.0131 0
465 0.0125 0
1592 0.0066 0
480 0.0029 0
152 0.0024 0
1669 -0.0007 0
1699 -0.0107 0
110 -0.0249 0
1499 -0.0257 0
1800 -0.0300 0
1126 -0.0316 0
637 -0.0340 0
72 -0.0356 0
467 -0.0399 0
305 -0.0412 0
1924 -0.0466 0
701 -0.0480 0
1871 -0.0523 0
1019 -0.0558 0
1691 -0.0574 0
867 -0.0576 0
920 -0.0585 0
984 -0.0592 0
427 -0.0598 0
828 -0.0668 0
773 -0.0681 0
744 -0.0683 0
514 -0.0771 0
689 -0.0878 0
410 -0.0881 0
1560 -0.0895 0
1117 -0.0962 0
781 -0.1104 0
432 -0.1194 0
702 -0.1209 0
1034 -0.1223 0
601 -0.1259 0
414 -0.1301 0
1688 -0.1348 0
160 -0.1369 0
556 -0.1370 0
285 -0.1410 0
519 -0.1420 0
982 -0.1492 0
512 -0.1723 0
320 -0.1738 0
1770 -0.1754 0
541 -0.1765 0
1234 -0.1789 0
1870 -0.1884 0
1803 -0.1884 0
1761 -0.1911 0
334 -0.1946 0
1862 -0.1962 0
1476 -0.2058 0
929 -0.2070 0
1221 -0.2115 0
1207 -0.2262 0
537 -0.2276 0
1048 -0.2294 0
1241 -0.2306 0
884 -0.2307 0
374 -0.2353 0
1460 -0.2375 0
578 -0.2407 0
1662 -0.2457 0
81 -0.2464 0
1988 -0.2485 0
662 -0.2511 0
431 -0.2533 0
974 -0.2554 0
77 -0.2596 0
80 -0.2646 0
1014 -0.2691 0
1868 -0.2726 0
290 -0.2741 0
851 -0.2779 0
1901 -0.2790 0
506 -0.2816 0
1564 -0.2828 0
14 -0.2831 0
1892 -0.2864 0
1898 -0.2904 0
930 -0.2950 0
525 -0.2968 0
1138 -0.3036 0
1906 -0.3084 0
155 -0.3088 0
1003 -0.3175 0
966 -0.3188 0
1933 -0.3304 0
717 -0.3307 0
267 -0.3315 0
783 -0.3325 0
1656 -0.3353 0
923 -0.3356 0
57 -0.3370 0
945 -0.3390 0
1532 -0.3479 0
1389 -0.3512 0
800 -0.3608 0
520 -0.3618 0
818 -0.3621 0
878 -0.3645 0
61 -0.3700 0
748 -0.3762 0
949 -0.3827 0
1155 -0.3930 0
99 -0.3940 0
235 -0.4007 0
85 -0.4028 0
196 -0.4067 0
1260 -0.4166 0
1777 -0.4170 0
1489 -0.4253 0
1167 -0.4275 0
700 -0.4286 0
531 -0.4321 0
1670 -0.4329 0
658 -0.4349 0
1632 -0.4394 0
264 -0.4454 0
1418 -0.4476 0
296 -0.4497 0
1470 -0.4523 0
482 -0.4567 0
1528 -0.4570 0
340 -0.4580 0
564 -0.4601 0
733 -0.4634 0
1575 -0.4640 0
832 -0.4672 0
1091 -0.4674 0
1570 -0.4768 0
946 -0.4807 0
579 -0.4875 0
500 -0.4940 0
1543 -0.4968 0
644 -0.4974 0
1584 -0.5016 0
412 -0.5034 0
1726 -0.5053 0
1431 -0.5086 0
1884 -0.5118 0
1065 -0.5260 0
742 -0.5265 0
395 -0.5280 0
1618 -0.5344 0
1005 -0.5355 0
1360 -0.5367 0
597 -0.5386 0
958 -0.5412 0
1857 -0.5456 0
997 -0.5485 0
54 -0.5600 0
362 -0.5626 0
1463 -0.5690 0
79 -0.5708 0
1701 -0.5708 0
183 -0.5750 0
411 -0.5791 0
199 -0.5808 0
1620 -0.5859 0
1810 -0.5873 0
1213 -0.5939 0
1916 -0.5973 0
631 -0.6026 0
1439 -0.6033 0
1215 -0.6047 0
56 -0.6059 0
384 -0.6163 0
1092 -0.6226 0
1255 -0.6249 0
682 -0.6322 0
1023 -0.6328 0
1749 -0.6345 0
1720 -0.6434 0
501 -0.6539 0
17 -0.6640 0
826 -0.6641 0
359 -0.6675 0
1828 -0.6704 0
1083 -0.6720 0
1780 -0.6756 0
1631 -0.6822 0
36 -0.6840 0
612 -0.6841 0
232 -0.6862 0
1486 -0.6867 0
1823 -0.6903 0
415 -0.6923 0
1642 -0.6969 0
599 -0.6969 0
363 -0.6973 0
223 -0.6982 0
1521 -0.7035 0
614 -0.7038 0
87 -0.7088 0
640 -0.7105 0
1833 -0.7138 0
784 -0.7155 0
1914 -0.7193 0
1750 -0.7235 0
1557 -0.7294 0
1088 -0.7347 0
289 -0.7368 0
1927 -0.7446 0
1082 -0.7613 0
1502 -0.7700 0
308 -0.7776 0
1289 -0.7812 0
1297 -0.7828 0
292 -0.7839 0
901 -0.7879 0
1819 -0.7894 0
1830 -0.7910 0
1411 -0.7971 0
1559 -0.8037 0
1818 -0.8073 0
1856 -0.8079 0
1774 -0.8084 0
1459 -0.8091 0
1938 -0.8097 0
273 -0.8141 0
1141 -0.8153 0
1497 -0.8160 0
1571 -0.8203 0
1066 -0.8225 0
1900 -0.8275 0
1950 -0.8361 0
1483 -0.8364 0
1248 -0.8378 0
1673 -0.8403 0
1423 -0.8433 0
249 -0.8529 0
1266 -0.8545 0
1287 -0.8606 0
1743 -0.8650 0
645 -0.8678 0
1866 -0.8694 0
1649 -0.8695 0
699 -0.8720 0
1672 -0.8730 0
911 -0.8737 0
789 -0.8754 0
1629 -0.8775 0
1379 -0.8851 0
1825 -0.8873 0
657 -0.8912 0
389 -0.8931 0
1527 -0.9020 0
904 -0.9055 0
1495 -0.9081 0
399 -0.9152 0
1518 -0.9184 0
383 -0.9238 0
670 -0.9241 0
142 -0.9256 0
368 -0.9279 0
1544 -0.9280 0
437 -0.9288 0
1925 -0.9290 0
1992 -0.9319 0
1029 -0.9366 0
1204 -0.9370 0
394 -0.9416 0
274 -0.9467 0
1491 -0.9545 0
1430 -0.9690 0
302 -0.9761 0
824 -0.9785 0
1574 -0.9804 0
1767 -0.9813 0
900 -0.9851 0
693 -0.9890 0
391 -0.9932 0
819 -0.9938 0
1080 -0.9954 0
690 -1.0018 0
204 -1.0033 0
999 -1.0061 0
1464 -1.0068 0
349 -1.0172 0
1432 -1.0250 0
364 -1.0256 0
606 -1.0304 0
1949 -1.0315 0
418 -1.0382 0
538 -1.0391 0
1405 -1.0405 0
630 -1.0450 0
406 -1.0499 0
935 -1.0576 0
1934 -1.0578 0
1859 -1.0587 0
1075 -1.0669 0
1513 -1.0685 0
1795 -1.0696 0
576 -1.0719 0
224 -1.0740 0
413 -1.0755 0
173 -1.0777 0
1519 -1.0838 0
1013 -1.0870 0
172 -1.0907 0
1646 -1.0947 0
1437 -1.0966 0
171 -1.1047 0
627 -1.1151 0
608 -1.1304 0
1069 -1.1330 0
1628 -1.1357 0
1918 -1.1408 0
67 -1.1417 0
1643 -1.1470 0
557 -1.1581 0
96 -1.1594 0
1911 -1.1613 0
1621 -1.1642 0
251 -1.1643 0
1940 -1.1662 0
236 -1.1686 0
1885 -1.1705 0
1538 -1.1716 0
983 -1.1726 0
27 -1.1825 0
407 -1.1848 0
511 -1.1874 0
732 -1.1893 0
1994 -1.1901 0
1779 -1.1903 0
1578 -1.1928 0
1769 -1.1936 0
1722 -1.1955 0
257 -1.1969 0
1450 -1.1972 0
659 -1.2006 0
69 -1.2074 0
836 -1.2086 0
1657 -1.2123 0
366 -1.2156 0
1626 -1.2167 0
1056 -1.2214 0
175 -1.2240 0
161 -1.2253 0
1839 -1.2385 0
1880 -1.2397 0
387 -1.2407 0
1863 -1.2408 0
673 -1.2410 0
688 -1.2425 0
907 -1.2448 0
386 -1.2497 0
863 -1.2508 0
528 -1.2558 0
669 -1.2709 0
103 -1.2719 0
1446 -1.2734 0
433 -1.2747 0
244 -1.2770 0
28 -1.2775 0
287 -1.2809 0
642 -1.2815 0
408 -1.2818 0
707 -1.2850 0
43 -1.2866 0
1843 -1.2871 0
1998 -1.2926 0
190 -1.2935 0
1577 -1.2949 0
40 -1.3005 0
1711 -1.3008 0
354 -1.3044 0
1517 -1.3108 0
201 -1.3221 0
928 -1.3229 0
624 -1.3248 0
810 -1.3281 0
590 -1.3350 0
1595 -1.3369 0
1196 -1.3448 0
1801 -1.3459 0
486 -1.3461 0
388 -1.3534 0
1064 -1.3552 0
1416 -1.3600 0
1703 -1.3651 0
1397 -1.3671 0
16 -1.3710 0
568 -1.3718 0
44 -1.3786 0
1679 -1.3800 0
1968 -1.3823 0
217 -1.3874 0
1903 -1.3880 0
220 -1.3924 0
992 -1.3963 0
1729 -1.3968 0
1231 -1.3972 0
1702 -1.3978 0
1210 -1.3989 0
844 -1.4031 0
466 -1.4123 0
1678 -1.4154 0
1693 -1.4253 0
1735 -1.4257 0
1615 -1.4260 0
421 -1.4287 0
1076 -1.4378 0
1928 -1.4391 0
1009 -1.4420 0
1481 -1.4426 0
1831 -1.4435 0
1278 -1.4446 0
1542 -1.4492 0
540 -1.4518 0
348 -1.4584 0
1605 -1.4598 0
105 -1.4626 0
464 -1.4635 0
1817 -1.4642 0
1840 -1.4691 0
1457 -1.4695 0
1077 -1.4709 0
1930 -1.4715 0
74 -1.4729 0
1004 -1.4735 0
1433 -1.4782 0
157 -1.4807 0
1888 -1.4911 0
1597 -1.4912 0
182 -1.4992 0
84 -1.5007 0
288 -1.5049 0
1021 -1.5062 0
216 -1.5170 0
153 -1.5229 0
995 -1.5233 0
1838 -1.5235 0
265 -1.5305 0
518 -1.5311 0
1836 -1.5424 0
1947 -1.5438 0
680 -1.5466 0
1217 -1.5495 0
113 -1.5514 0
839 -1.5552 0
46 -1.5622 0
1179 -1.5666 0
1622 -1.5704 0
503 -1.5712 0
588 -1.5750 0
838 -1.5762 0
1496 -1.5780 0
1715 -1.5814 0
463 -1.5842 0
1627 -1.5908 0
1814 -1.5934 0
479 -1.5955 0
179 -1.5979 0
802 -1.5996 0
1420 -1.6003 0
1647 -1.6035 0
281 -1.6047 0
1978 -1.6049 0
1850 -1.6078 0
919 -1.6141 0
1512 -1.6190 0
1295 -1.6208 0
492 -1.6215 0
291 -1.6215 0
681 -1.6249 0
1228 -1.6263 0
1192 -1.6298 0
1566 -1.6355 0
12 -1.6363 0
1822 -1.6383 0
620 -1.6462 0
1421 -1.6472 0
268 -1.6478 0
1980 -1.6512 0
837 -1.6626 0
1671 -1.6634 0
352 -1.6721 0
1829 -1.6725 0
1239 -1.6731 0
1971 -1.6758 0
1945 -1.6777 0
3 -1.6837 0
33 -1.6845 0
602 -1.6849 0
567 -1.6954 0
180 -1.6976 0
1759 -1.7021 0
1835 -1.7110 0
1020 -1.7110 0
677 -1.7138 0
215 -1.7281 0
972 -1.7367 0
714 -1.7370 0
1832 -1.7371 0
166 -1.7384 0
739 -1.7390 0
163 -1.7425 0
1853 -1.7442 0
646 -1.7444 0
1954 -1.7488 0
497 -1.7562 0
401 -1.7572 0
91 -1.7597 0
1522 -1.7609 0
619 -1.7644 0
108 -1.7681 0
605 -1.7693 0
589 -1.7713 0
1550 -1.7722 0
1607 -1.7726 0
76 -1.7755 0
218 -1.7769 0
471 -1.7820 0
206 -1.7851 0
1061 -1.7895 0
1037 -1.7913 0
1591 -1.7955 0
1852 -1.8012 0
9 -1.8027 0
937 -1.8054 0
566 -1.8096 0
1086 -1.8098 0
138 -1.8145 0
1640 -1.8160 0
39 -1.8165 0
1170 -1.8287 0
908 -1.8351 0
444 -1.8400 0
1742 -1.8430 0
734 -1.8446 0
555 -1.8458 0
1049 -1.8516 0
948 -1.8538 0
1546 -1.8648 0
1398 -1.8683 0
1428 -1.8698 0
1653 -1.8770 0
258 -1.8788 0
823 -1.8789 0
1054 -1.8838 0
1929 -1.8870 0
1802 -1.8940 0
1842 -1.8967 0
405 -1.9000 0
1562 -1.9012 0
548 -1.9018 0
1184 -1.9039 0
1556 -1.9063 0
1983 -1.9107 0
150 -1.9138 0
78 -1.9202 0
596 -1.9266 0
695 -1.9284 0
1327 -1.9296 1
419 -1.9304 0
741 -1.9331 0
1498 -1.9355 0
939 -1.9381 0
715 -1.9414 0
967 -1.9418 0
1536 -1.9466 0
1165 -1.9474 0
565 -1.9490 0
1887 -1.9542 0
1044 -1.9551 0
1541 -1.9563 0
1051 -1.9578 0
1549 -1.9594 0
434 -1.9610 0
1955 -1.9652 0
1026 -1.9725 0
104 -1.9728 0
203 -1.9771 0
764 -1.9820 0
1943 -1.9949 0
1508 -1.9953 0
679 -1.9954 0
1905 -1.9961 0
902 -1.9982 0
1110 -2.0032 0
687 -2.0034 0
8 -2.0046 0
1821 -2.0052 0
1436 -2.0131 0
106 -2.0131 0
1915 -2.0263 0
1611 -2.0312 0
879 -2.0347 0
1351 -2.0439 0
120 -2.0470 0
1520 -2.0493 0
1525 -2.0503 0
1225 -2.0509 0
200 -2.0524 0
1922 -2.0535 0
1762 -2.0565 0
917 -2.0593 0
532 -2.0601 0
1220 -2.0635 0
1981 -2.0658 0
187 -2.0672 0
575 -2.0678 0
1537 -2.0686 0
1798 -2.0698 0
1514 -2.0724 0
685 -2.0801 0
872 -2.0840 0
580 -2.0879 0
1785 -2.0895 0
283 -2.0977 0
993 -2.0995 0
181 -2.1013 0
1797 -2.1027 0
965 -2.1073 0
583 -2.1100 0
1630 -2.1150 0
1022 -2.1174 0
1959 -2.1237 0
1907 -2.1276 0
1837 -2.1308 0
840 -2.1351 0
1057 -2.1407 0
141 -2.1418 0
1006 -2.1494 0
123 -2.1496 0
1582 -2.1503 0
1890 -2.1504 0
82 -2.1516 0
718 -2.1517 0
573 -2.1546 0
45 -2.1626 0
1794 -2.1684 0
143 -2.1696 0
625 -2.1714 0
1229 -2.1718 0
973 -2.1720 0
684 -2.1742 0
62 -2.1746 0
277 -2.1826 0
1238 -2.1871 0
1667 -2.1902 0
1960 -2.1903 0
210 -2.1968 0
1526 -2.2062 0
1461 -2.2072 0
361 -2.2083 0
1639 -2.2085 0
165 -2.2088 0
801 -2.2126 0
1748 -2.2142 0
420 -2.2173 0
89 -2.2175 0
1816 -2.2196 0
400 -2.2212 0
921 -2.2228 0
101 -2.2476 0
549 -2.2490 0
1953 -2.2512 0
145 -2.2589 0
1896 -2.2593 0
1982 -2.2597 0
1948 -2.2630 0
250 -2.2755 0
1991 -2.2812 0
1939 -2.3020 0
1993 -2.3046 0
1808 -2.3048 0
536 -2.3105 0
1967 -2.3116 0
118 -2.3154 0
1827 -2.3210 0
1904 -2.3217 0
13 -2.3228 0
661 -2.3265 0
275 -2.3311 0
23 -2.3323 0
544 -2.3351 0
787 -2.3448 0
1731 -2.3453 0
355 -2.3553 0
424 -2.3640 0
1958 -2.3640 0
448 -2.3659 0
1382 -2.3667 0
1569 -2.3739 0
647 -2.3789 0
504 -2.3853 0
1183 -2.3853 0
1503 -2.3911 0
494 -2.3935 0
1610 -2.3995 0
991 -2.4112 0
1773 -2.4161 0
174 -2.4180 0
278 -2.4193 0
1403 -2.4298 0
1081 -2.4364 0
1719 -2.4387 0
134 -2.4482 0
11 -2.4600 0
1755 -2.4611 0
353 -2.4653 0
934 -2.4794 0
1478 -2.4818 0
1809 -2.4859 0
604 -2.4902 0
126 -2.4911 0
1783 -2.4969 0
231 -2.4987 0
239 -2.5051 0
1039 -2.5059 0
1593 -2.5083 0
656 -2.5088 0
1744 -2.5107 0
1965 -2.5144 0
940 -2.5206 0
194 -2.5249 0
35 -2.5249 0
1674 -2.5261 0
1987 -2.5313 0
260 -2.5343 0
1534 -2.5402 0
1730 -2.5419 0
22 -2.5464 0
19 -2.5487 0
1944 -2.5526 0
112 -2.5555 0
169 -2.5592 0
1799 -2.5633 0
1873 -2.5734 0
571 -2.5753 0
1756 -2.5780 0
1990 -2.5810 0
1214 -2.5961 0
409 -2.5968 0
947 -2.5978 0
1874 -2.6248 0
380 -2.6331 0
1708 -2.6364 0
1473 -2.6432 0
1545 -2.6457 0
1834 -2.6499 0
1985 -2.6500 0
15 -2.6586 0
25 -2.6587 0
1931 -2.6624 0
1910 -2.6678 0
365 -2.6682 0
1063 -2.6683 0
1813 -2.6808 0
1806 -2.6896 0
981 -2.6912 0
1713 -2.6939 0
162 -2.6942 0
271 -2.6950 0
1782 -2.6969 0
609 -2.6990 0
298 -2.7053 0
140 -2.7072 0
600 -2.7085 0
1425 -2.7094 0
617 -2.7117 0
1791 -2.7160 0
442 -2.7212 0
1951 -2.7334 0
1150 -2.7338 0
1609 -2.7379 0
185 -2.7398 0
1245 -2.7566 0
1041 -2.7567 0
1963 -2.7633 0
259 -2.7640 0
137 -2.7677 0
1989 -2.7687 0
0 -2.7710 0
1581 -2.7725 0
133 -2.7805 0
1208 -2.7818 0
109 -2.7919 0
1984 -2.7980 0
469 -2.7999 0
1573 -2.8045 0
282 -2.8050 0
98 -2.8123 0
1594 -2.8236 0
178 -2.8302 0
572 -2.8310 0
1789 -2.8429 0
1805 -2.8438 0
125 -2.8532 0
1548 -2.8541 0
64 -2.8578 0
1247 -2.8580 0
1996 -2.8610 0
1751 -2.8623 0
31 -2.8640 0
66 -2.8710 0
1036 -2.8813 0
144 -2.8830 0
1224 -2.8863 0
93 -2.8879 0
1812 -2.8892 0
6 -2.8916 0
1235 -2.8997 0
402 -2.9118 0
1815 -2.9123 0
1002 -2.9231 0
51 -2.9363 0
1973 -2.9376 0
351 -2.9411 0
1644 -2.9501 0
936 -2.9509 0
252 -2.9591 0
435 -2.9758 0
1641 -2.9808 0
1046 -2.9984 0
209 -3.0183 0
261 -3.0205 0
111 -3.0207 0
584 -3.0355 0
127 -3.0423 0
526 -3.0511 0
1709 -3.0580 0
1515 -3.0595 0
1712 -3.0773 0
1358 -3.0791 0
1533 -3.0918 0
1883 -3.0975 0
807 -3.0998 0
263 -3.1013 0
1539 -3.1168 0
664 -3.1202 0
959 -3.1286 0
1471 -3.1292 0
1864 -3.1370 0
1966 -3.1559 0
830 -3.1610 0
1586 -3.1635 0
1891 -3.1676 0
950 -3.1763 0
116 -3.1837 0
1811 -3.1875 0
1052 -3.1896 0
1474 -3.1906 0
577 -3.1969 0
2 -3.1996 0
1530 -3.2057 0
683 -3.2083 0
184 -3.2104 0
440 -3.2300 0
312 -3.2368 0
369 -3.2412 0
1765 -3.2446 0
390 -3.2947 0
1847 -3.2987 0
297 -3.2987 0
139 -3.3030 0
269 -3.3057 0
270 -3.3059 0
1792 -3.3066 0
638 -3.3249 0
833 -3.3338 0
208 -3.3490 0
1894 -3.3531 0
1466 -3.3588 0
751 -3.3642 0
913 -3.3674 0
676 -3.3688 0
980 -3.3793 0
1788 -3.3880 0
1588 -3.3940 0
1401 -3.3941 0
1706 -3.3948 0
1079 -3.4001 0
592 -3.4045 0
1745 -3.4070 0
1535 -3.4106 0
124 -3.4234 0
122 -3.4517 0
176 -3.4538 0
633 -3.4559 0
186 -3.4602 0
128 -3.4644 0
1448 -3.4710 0
21 -3.4728 0
756 -3.4831 0
1589 -3.4961 0
1097 -3.5069 0
1200 -3.5095 0
29 -3.5345 0
1219 -3.5348 0
255 -3.5496 0
1844 -3.5513 0
423 -3.5521 0
1414 -3.5740 0
279 -3.5873 0
1567 -3.6011 0
114 -3.6052 0
890 -3.6057 0
1617 -3.6135 0
195 -3.6202 0
968 -3.6233 0
167 -3.6386 0
1222 -3.6427 0
1972 -3.6429 0
1956 -3.6449 0
1732 -3.6530 0
301 -3.6600 0
963 -3.6638 0
1236 -3.6886 0
674 -3.6900 0
417 -3.7061 0
1999 -3.7092 0
117 -3.7185 0
678 -3.7328 0
988 -3.7456 0
1961 -3.7651 0
554 -3.7720 0
1824 -3.7759 0
7 -3.7904 0
1608 -3.7910 0
1975 -3.8077 0
146 -3.8184 0
446 -3.8325 0
207 -3.8912 0
969 -3.8931 0
1353 -3.9019 0
147 -3.9047 0
1547 -3.9061 0
953 -3.9243 0
131 -3.9258 0
559 -3.9305 0
135 -3.9640 0
30 -3.9788 0
1576 -3.9925 0
286 -3.9962 0
530 -3.9968 0
1552 -4.0053 0
1878 -4.0153 0
665 -4.0349 0
1452 -4.0385 0
396 -4.0530 0
37 -4.0545 0
1000 -4.0598 0
593 -4.0670 0
100 -4.0726 0
1426 -4.0846 0
1232 -4.0855 0
1920 -4.0965 0
404 -4.0988 0
227 -4.1003 0
1244 -4.1301 0
189 -4.1351 0
1350 -4.1364 0
747 -4.1560 0
535 -4.1658 0
1893 -4.1779 0
563 -4.1820 0
294 -4.1934 0
272 -4.1975 0
226 -4.2063 0
1725 -4.2254 0
1747 -4.2254 0
136 -4.2267 0
1438 -4.2352 0
295 -4.2381 0
280 -4.2408 0
1772 -4.2456 0
129 -4.2610 0
809 -4.3183 0
1563 -4.3320 0
1932 -4.3398 0
585 -4.3559 0
1585 -4.3644 0
1851 -4.3737 0
1957 -4.4112 0
1651 -4.4772 0
1979 -4.4777 0
356 -4.4898 0
10 -4.5063 0
266 -4.5134 0
170 -4.5289 0
115 -4.5633 0
191 -4.5637 0
1995 -4.5644 0
1614 -4.5657 0
193 -4.5802 0
148 -4.5828 0
130 -4.5850 0
20 -4.5875 0
1504 -4.6162 0
1572 -4.6448 0
1962 -4.6579 0
1997 -4.6741 0
1447 -4.6931 0
1977 -4.7061 0
164 -4.7280 0
1902 -4.7819 0
692 -4.7863 0
1043 -4.8301 0
987 -4.8357 0
964 -4.8409 0
1616 -4.8659 0
1704 -4.8998 0
47 -4.9177 0
1820 -4.9543 0
1970 -5.1479 0
438 -5.1696 0
1523 -5.2335 0
616 -5.2850 0
456 -5.3243 0
41 -5.4404 0
192 -5.4666 0
132 -5.4913 0
188 -5.5371 0
558 -5.6217 0
1849 -5.6888 0
90 -5.7575 0
1976 -5.8293 0
1510 -5.8381 0
107 -5.9622 0
1763 -5.9968 0
119 -6.0269 0
1974 -6.0528 0
102 -6.0613 0
1648 -6.0713 0
1775 -6.0778 0
1598 -6.0794 0
392 -6.5206 0
1583 -6.6829 0
1493 -6.7273 0
1969 -7.9142 0
