1351 32.7071 1
1369 25.1339 1
1386 24.1585 1
1359 23.6377 1
1358 22.8493 1
1367 19.8122 1
1380 19.1250 1
1378 18.9606 1
1395 18.9439 1
1355 18.2481 1
1389 18.1338 1
1364 17.9341 1
1373 17.7593 1
1381 17.4714 1
1350 17.1289 1
1362 17.0948 1
652 16.1071 0
1360 15.9835 1
1375 15.7841 1
1597 14.6734 0
1398 14.6719 1
1396 14.6601 1
1354 14.4061 1
1363 13.5622 1
1372 13.0863 1
1635 12.6149 0
1361 12.3082 1
1466 12.0456 0
775 11.7136 0
1376 11.7090 1
1686 11.7019 0
1662 11.3788 0
1391 11.2727 1
1371 11.1960 1
1357 11.1834 1
1532 11.0950 0
1337 11.0156 0
1366 10.8924 1
1348 10.8742 0
1392 10.3452 1
1390 10.3010 1
1368 10.2671 1
1652 10.2641 0
1352 10.2196 1
1656 10.0975 0
1356 10.0675 1
626 9.8882 0
1387 9.8395 1
1689 9.8144 0
858 9.6640 0
1322 9.5866 0
1374 9.4530 1
877 9.4265 0
1565 9.3399 0
1531 9.3120 0
1611 9.2402 0
1345 9.1700 0
1691 9.0694 0
1633 8.9805 0
689 8.8731 0
688 8.8265 0
655 8.7806 0
862 8.7598 0
676 8.7258 0
1377 8.6786 1
854 8.6687 0
1603 8.6346 0
1646 8.6325 0
1680 8.5960 0
1783 8.5937 0
1370 8.5915 1
1657 8.5442 0
1399 8.4993 1
1607 8.4696 0
1465 8.4587 0
1687 8.4159 0
1388 8.4083 1
1692 8.3162 0
1379 8.2991 1
975 8.2414 0
1102 8.2201 0
1526 8.2100 0
1671 8.2060 0
1663 8.1904 0
1301 8.1407 0
1533 8.0903 0
1127 8.0129 0
871 8.0114 0
1561 7.9917 0
1296 7.9813 0
1673 7.9553 0
1480 7.9175 0
1647 7.8551 0
1394 7.7027 1
241 7.6995 0
1393 7.6625 1
868 7.6496 0
1138 7.6383 0
1645 7.6380 0
1383 7.5507 1
1515 7.5157 0
658 7.4953 0
1681 7.3884 0
1664 7.3852 0
1310 7.3827 0
1471 7.3822 0
1349 7.3665 0
1498 7.3375 0
1146 7.3330 0
1677 7.3062 0
1644 7.2953 0
1467 7.2422 0
1511 7.2412 0
1678 7.2007 0
1047 7.1794 0
1605 7.1754 0
1696 7.0621 0
685 7.0503 0
1684 7.0275 0
660 7.0013 0
860 6.9851 0
1523 6.9530 0
1479 6.9529 0
1317 6.8628 0
469 6.8183 0
1679 6.7994 0
1549 6.7937 0
675 6.7859 0
1304 6.7719 0
1384 6.7714 1
857 6.7560 0
1191 6.7302 0
1766 6.7258 0
1382 6.6703 1
938 6.6542 0
855 6.6533 0
1768 6.6503 0
1778 6.6151 0
1617 6.5933 0
1494 6.5807 0
677 6.5350 0
1688 6.5303 0
1774 6.5136 0
1693 6.4988 0
866 6.4988 0
1655 6.4960 0
1027 6.4955 0
630 6.4885 0
1668 6.4558 0
1504 6.4544 0
1209 6.4184 0
668 6.3877 0
1685 6.3820 0
985 6.3733 0
794 6.3702 0
1346 6.3617 0
1365 6.3571 1
958 6.3122 0
1499 6.3118 0
1273 6.3055 0
1614 6.2918 0
968 6.2793 0
1455 6.2562 0
1011 6.2528 0
1672 6.2448 0
1588 6.2362 0
1654 6.2263 0
1251 6.2110 0
1313 6.1801 0
680 6.1744 0
1606 6.1469 0
856 6.1341 0
1353 6.1144 1
791 6.1103 0
1584 6.1054 0
1625 6.0737 0
53 6.0683 0
410 6.0072 0
672 6.0053 0
1521 6.0037 0
1527 5.9757 0
1269 5.9732 0
1121 5.9627 0
1658 5.9602 0
1574 5.9369 0
1876 5.9221 0
1638 5.9196 0
1487 5.8977 0
1433 5.8926 0
314 5.8651 0
546 5.8593 0
983 5.8562 0
1552 5.8513 0
1122 5.8422 0
1608 5.8421 0
1302 5.7728 0
1513 5.7634 0
1264 5.7622 0
1636 5.7226 0
1460 5.7172 0
233 5.6952 0
1140 5.6809 0
1699 5.6721 0
748 5.6493 0
1683 5.6228 0
724 5.6221 0
1690 5.6117 0
1228 5.6011 0
1495 5.5462 0
454 5.5271 0
1623 5.5259 0
1675 5.4410 0
950 5.4127 0
662 5.4004 0
1166 5.3968 0
1454 5.3744 0
1482 5.3493 0
945 5.3425 0
888 5.3249 0
1057 5.3142 0
1547 5.3111 0
1632 5.2989 0
1602 5.2875 0
361 5.2836 0
1626 5.2730 0
751 5.2699 0
1128 5.2591 0
1544 5.2558 0
694 5.2350 0
1318 5.2179 0
1674 5.2024 0
942 5.1956 0
665 5.1642 0
398 5.1639 0
1422 5.1564 0
1536 5.1527 0
970 5.1332 0
1669 5.1171 0
879 5.0696 0
346 5.0650 0
1509 5.0641 0
850 5.0575 0
1007 5.0403 0
1486 5.0308 0
1577 5.0091 0
997 4.9790 0
1543 4.9621 0
1771 4.9600 0
989 4.9575 0
998 4.9493 0
1476 4.9409 0
1497 4.9105 0
723 4.9066 0
1586 4.9062 0
1475 4.8566 0
1765 4.8557 0
1650 4.8482 0
345 4.8429 0
853 4.8382 0
1694 4.8235 0
536 4.8198 0
967 4.8186 0
709 4.8159 0
1274 4.8100 0
1234 4.8090 0
1307 4.7762 0
691 4.7657 0
894 4.7548 0
587 4.7503 0
1324 4.7468 0
884 4.7392 0
1470 4.7341 0
416 4.7236 0
1629 4.7150 0
777 4.7085 0
1609 4.6987 0
873 4.6907 0
307 4.6706 0
731 4.6673 0
1385 4.6562 1
882 4.6461 0
1259 4.6370 0
1148 4.6274 0
822 4.6236 0
1512 4.6199 0
964 4.6095 0
1682 4.5992 0
1028 4.5975 0
1541 4.5768 0
875 4.5764 0
753 4.5748 0
1457 4.5740 0
335 4.5503 0
1158 4.5433 0
1560 4.5207 0
1152 4.5032 0
746 4.5008 0
960 4.4984 0
717 4.4815 0
1456 4.4705 0
1637 4.4681 0
505 4.4485 0
1469 4.4455 0
1068 4.4437 0
556 4.4431 0
594 4.4384 0
1343 4.4318 0
1911 4.4266 0
1507 4.4061 0
1643 4.3960 0
1661 4.3946 0
1290 4.3813 0
1627 4.3772 0
1639 4.3596 0
1347 4.3481 0
1428 4.3427 0
1030 4.3322 0
1162 4.2974 0
40 4.2956 0
740 4.2737 0
1331 4.2656 0
1144 4.2466 0
349 4.2414 0
687 4.2368 0
656 4.2340 0
769 4.2319 0
1525 4.2203 0
1268 4.2083 0
33 4.2070 0
1895 4.2040 0
1323 4.1959 0
1753 4.1928 0
1697 4.1645 0
725 4.1557 0
1101 4.1531 0
1196 4.1299 0
1451 4.1198 0
1659 4.1148 0
966 4.1115 0
1326 4.0988 0
883 4.0861 0
1277 4.0836 0
645 4.0709 0
1520 4.0406 0
1601 4.0201 0
712 4.0167 0
993 4.0111 0
1570 4.0110 0
1107 4.0071 0
1344 3.9995 0
792 3.9796 0
1562 3.9770 0
1870 3.9728 0
1578 3.9724 0
891 3.9436 0
863 3.9412 0
657 3.9397 0
1260 3.9375 0
659 3.9357 0
847 3.9329 0
1194 3.9325 0
1064 3.9249 0
1881 3.9217 0
1233 3.9045 0
1505 3.8950 0
1518 3.8947 0
607 3.8785 0
903 3.8708 0
1529 3.8705 0
1665 3.8630 0
1591 3.8485 0
650 3.8459 0
738 3.8443 0
1333 3.8352 0
701 3.8192 0
1653 3.8081 0
852 3.8056 0
1341 3.7925 0
407 3.7869 0
1413 3.7855 0
1875 3.7720 0
303 3.7706 0
1415 3.7462 0
887 3.7458 0
994 3.7410 0
336 3.7394 0
745 3.7196 0
1556 3.7192 0
1458 3.7142 0
1015 3.7133 0
1615 3.7067 0
501 3.7009 0
1058 3.6939 0
1493 3.6748 0
957 3.6695 0
813 3.6603 0
552 3.6587 0
86 3.6427 0
971 3.6400 0
1320 3.6176 0
44 3.6131 0
757 3.6025 0
1492 3.5967 0
1542 3.5875 0
762 3.5700 0
1596 3.5698 0
899 3.5677 0
513 3.5669 0
1172 3.5644 0
1743 3.5628 0
705 3.5573 0
1132 3.5536 0
1261 3.5534 0
389 3.5138 0
1599 3.5120 0
1437 3.5109 0
1412 3.5007 0
589 3.4934 0
1488 3.4818 0
896 3.4731 0
1631 3.4711 0
972 3.4367 0
1695 3.4265 0
1575 3.4263 0
664 3.4263 0
1311 3.4184 0
568 3.4129 0
496 3.4110 0
1634 3.4036 0
452 3.3945 0
15 3.3817 0
418 3.3811 0
133 3.3780 0
449 3.3755 0
475 3.3625 0
1409 3.3556 0
1424 3.3437 0
867 3.3417 0
1514 3.3290 0
1293 3.3275 0
1279 3.3215 0
671 3.3118 0
1167 3.3094 0
347 3.2976 0
486 3.2942 0
1136 3.2883 0
897 3.2858 0
357 3.2838 0
553 3.2719 0
1397 3.2673 1
591 3.2644 0
1510 3.2614 0
7 3.2612 0
1538 3.2598 0
1177 3.2594 0
478 3.2469 0
464 3.2451 0
1004 3.2435 0
977 3.2416 0
798 3.2370 0
940 3.2270 0
420 3.2102 0
1537 3.2052 0
1061 3.2030 0
1120 3.1862 0
991 3.1859 0
463 3.1838 0
382 3.1831 0
539 3.1797 0
378 3.1771 0
1039 3.1771 0
1612 3.1741 0
210 3.1683 0
780 3.1546 0
344 3.1474 0
1676 3.1307 0
404 3.1265 0
1232 3.1256 0
984 3.1176 0
1751 3.0819 0
1220 3.0791 0
1698 3.0774 0
379 3.0668 0
1853 3.0661 0
236 3.0537 0
1421 3.0523 0
1223 3.0491 0
842 3.0455 0
1108 3.0419 0
816 3.0268 0
1477 3.0265 0
1628 3.0177 0
1340 3.0151 0
1572 3.0079 0
1249 3.0072 0
1459 3.0067 0
1164 3.0034 0
1242 3.0021 0
1453 3.0006 0
1534 3.0006 0
1147 2.9949 0
1557 2.9910 0
118 2.9810 0
622 2.9748 0
1450 2.9746 0
412 2.9719 0
663 2.9706 0
1137 2.9555 0
507 2.9517 0
497 2.9503 0
1123 2.9495 0
43 2.9443 0
889 2.9403 0
706 2.9263 0
532 2.9254 0
1582 2.9207 0
783 2.9200 0
912 2.9165 0
1551 2.9109 0
1213 2.9076 0
1500 2.9056 0
42 2.9039 0
1725 2.8945 0
1747 2.8945 0
1314 2.8915 0
735 2.8893 0
331 2.8884 0
768 2.8838 0
1563 2.8773 0
444 2.8727 0
510 2.8622 0
1604 2.8393 0
308 2.8385 0
782 2.8365 0
683 2.8356 0
1761 2.8340 0
529 2.8303 0
1491 2.8301 0
1062 2.8178 0
1587 2.8164 0
1750 2.8151 0
699 2.8117 0
204 2.8079 0
1485 2.8076 0
1229 2.8056 0
649 2.7889 0
504 2.7876 0
574 2.7776 0
1767 2.7768 0
1342 2.7702 0
819 2.7680 0
1000 2.7592 0
1502 2.7575 0
1168 2.7569 0
733 2.7499 0
555 2.7459 0
1221 2.7417 0
1503 2.7402 0
1235 2.7288 0
1443 2.7235 0
613 2.7194 0
1224 2.7181 0
788 2.7117 0
201 2.7077 0
1119 2.7052 0
865 2.7046 0
1589 2.7034 0
1201 2.7010 0
1648 2.6958 0
1081 2.6932 0
697 2.6920 0
1610 2.6909 0
366 2.6872 0
264 2.6839 0
1253 2.6805 0
1088 2.6767 0
1238 2.6644 0
923 2.6594 0
885 2.6572 0
570 2.6541 0
1016 2.6530 0
956 2.6466 0
734 2.6428 0
1779 2.6424 0
300 2.6399 0
1600 2.6265 0
1992 2.6222 0
987 2.6182 0
726 2.6043 0
1090 2.6038 0
1622 2.5850 0
324 2.5818 0
1649 2.5811 0
653 2.5726 0
892 2.5715 0
354 2.5715 0
1776 2.5710 0
320 2.5673 0
576 2.5581 0
1524 2.5580 0
364 2.5457 0
1550 2.5446 0
1113 2.5260 0
1298 2.5244 0
615 2.5236 0
1795 2.5222 0
1842 2.5219 0
1831 2.5115 0
756 2.5084 0
240 2.5061 0
1581 2.5056 0
817 2.5008 0
1807 2.4981 0
1010 2.4981 0
749 2.4871 0
708 2.4842 0
1618 2.4830 0
1706 2.4815 0
415 2.4783 0
598 2.4771 0
684 2.4769 0
1483 2.4677 0
1882 2.4623 0
1474 2.4622 0
1785 2.4622 0
1442 2.4592 0
1667 2.4550 0
1528 2.4537 0
373 2.4533 0
765 2.4504 0
600 2.4354 0
424 2.4240 0
631 2.4208 0
895 2.4167 0
1616 2.4142 0
422 2.4062 0
572 2.4030 0
1319 2.3999 0
718 2.3991 0
737 2.3964 0
484 2.3955 0
1041 2.3950 0
805 2.3926 0
457 2.3875 0
1211 2.3741 0
1145 2.3713 0
703 2.3675 0
1827 2.3642 0
654 2.3482 0
1187 2.3477 0
921 2.3425 0
434 2.3408 0
1129 2.3368 0
1072 2.3268 0
359 2.3202 0
542 2.3184 0
1555 2.3139 0
1005 2.3110 0
490 2.3084 0
1517 2.2866 0
1754 2.2852 0
519 2.2844 0
839 2.2827 0
962 2.2820 0
1430 2.2746 0
828 2.2741 0
524 2.2654 0
1215 2.2611 0
1038 2.2606 0
673 2.2545 0
981 2.2508 0
317 2.2348 0
533 2.2216 0
414 2.2175 0
566 2.2092 0
982 2.2071 0
203 2.2029 0
821 2.2007 0
1516 2.1962 0
795 2.1956 0
493 2.1910 0
1620 2.1838 0
727 2.1834 0
801 2.1806 0
1282 2.1785 0
772 2.1762 0
5 2.1649 0
129 2.1598 0
841 2.1589 0
230 2.1529 0
695 2.1449 0
1724 2.1438 0
127 2.1426 0
1508 2.1406 0
316 2.1388 0
690 2.1385 0
360 2.1234 0
1501 2.1231 0
543 2.1229 0
1559 2.1227 0
1055 2.1196 0
1312 2.1150 0
1063 2.1147 0
1621 2.1145 0
774 2.1134 0
1297 2.1064 0
1481 2.1061 0
1944 2.1061 0
425 2.1017 0
541 2.0978 0
355 2.0968 0
341 2.0925 0
1898 2.0808 0
1095 2.0784 0
1548 2.0735 0
206 2.0731 0
800 2.0721 0
521 2.0713 0
1133 2.0650 0
1243 2.0601 0
919 2.0585 0
681 2.0544 0
755 2.0372 0
327 2.0369 0
1160 2.0340 0
48 2.0300 0
754 2.0191 0
1883 2.0084 0
427 2.0060 0
405 1.9996 0
611 1.9957 0
309 1.9938 0
1171 1.9893 0
1034 1.9880 0
763 1.9878 0
886 1.9867 0
1703 1.9833 0
1330 1.9809 0
1159 1.9767 0
527 1.9760 0
73 1.9741 0
1050 1.9614 0
429 1.9525 0
986 1.9524 0
1489 1.9523 0
880 1.9518 0
1788 1.9468 0
1773 1.9447 0
831 1.9308 0
384 1.9213 0
1202 1.9207 0
1642 1.9206 0
2 1.9123 0
1325 1.9095 0
1182 1.9085 0
329 1.9074 0
1651 1.9046 0
1258 1.9044 0
173 1.9027 0
380 1.9010 0
1315 1.8966 0
799 1.8942 0
1787 1.8843 0
419 1.8825 0
1285 1.8806 0
1580 1.8661 0
1040 1.8657 0
1816 1.8647 0
978 1.8520 0
999 1.8517 0
109 1.8426 0
614 1.8281 0
719 1.8265 0
621 1.8193 0
835 1.8015 0
1784 1.7997 0
790 1.7980 0
1937 1.7924 0
1204 1.7917 0
306 1.7874 0
870 1.7829 0
538 1.7827 0
1933 1.7825 0
1197 1.7814 0
1071 1.7750 0
1540 1.7693 0
456 1.7686 0
1722 1.7674 0
750 1.7605 0
713 1.7598 0
608 1.7446 0
1407 1.7406 0
1809 1.7387 0
557 1.7301 0
54 1.7220 0
1284 1.7166 0
1934 1.7142 0
522 1.7106 0
338 1.7087 0
1270 1.7069 0
1879 1.7049 0
1801 1.7042 0
1619 1.7017 0
1478 1.6844 0
1188 1.6832 0
646 1.6816 0
588 1.6793 0
678 1.6787 0
1097 1.6745 0
1032 1.6743 0
1796 1.6722 0
1183 1.6719 0
1670 1.6634 0
961 1.6565 0
720 1.6471 0
1017 1.6407 0
1053 1.6395 0
1447 1.6346 0
411 1.6283 0
898 1.6274 0
474 1.6212 0
878 1.6211 0
406 1.6171 0
340 1.6160 0
597 1.6156 0
1115 1.6154 0
651 1.6117 0
387 1.6100 0
1892 1.6061 0
778 1.6031 0
1212 1.5926 0
1490 1.5921 0
1957 1.5920 0
4 1.5865 0
1112 1.5849 0
337 1.5830 0
1425 1.5805 0
423 1.5776 0
45 1.5699 0
641 1.5632 0
1522 1.5595 0
625 1.5484 0
1955 1.5481 0
1085 1.5319 0
1154 1.5288 0
369 1.5239 0
1252 1.5215 0
302 1.5202 0
433 1.5168 0
728 1.5116 0
123 1.5113 0
332 1.5104 0
803 1.5063 0
779 1.4953 0
1918 1.4907 0
1118 1.4901 0
1463 1.4885 0
1567 1.4810 0
1009 1.4800 0
1124 1.4789 0
1309 1.4681 0
1247 1.4445 0
890 1.4440 0
1033 1.4426 0
16 1.4422 0
1660 1.4349 0
1086 1.4288 0
980 1.4261 0
1749 1.4203 0
797 1.4056 0
1001 1.4047 0
1332 1.4004 0
686 1.3974 0
955 1.3973 0
491 1.3858 0
1886 1.3854 0
1079 1.3843 0
902 1.3833 0
506 1.3765 0
1278 1.3746 0
1777 1.3712 0
988 1.3707 0
796 1.3683 0
848 1.3645 0
679 1.3636 0
301 1.3635 0
460 1.3626 0
1414 1.3603 0
1861 1.3595 0
299 1.3556 0
1306 1.3470 0
1329 1.3422 0
1419 1.3365 0
330 1.3356 0
49 1.3343 0
1280 1.3337 0
932 1.3337 0
1169 1.3332 0
1446 1.3329 0
182 1.3280 0
872 1.3276 0
1473 1.3261 0
459 1.3226 0
1640 1.3185 0
1401 1.3172 0
1733 1.3155 0
1800 1.3061 0
391 1.3030 0
781 1.3000 0
562 1.2977 0
851 1.2963 0
325 1.2892 0
1726 1.2873 0
1420 1.2840 0
670 1.2805 0
1410 1.2667 0
1704 1.2661 0
381 1.2607 0
1770 1.2521 0
1190 1.2431 0
1178 1.2273 0
1545 1.2266 0
973 1.2181 0
455 1.2160 0
1839 1.2142 0
1406 1.2105 0
3 1.2086 0
1025 1.2062 0
752 1.2034 0
1438 1.2031 0
34 1.1842 0
1461 1.1815 0
1255 1.1798 0
1873 1.1798 0
1216 1.1777 0
861 1.1777 0
1321 1.1689 0
767 1.1680 0
365 1.1673 0
1199 1.1661 0
826 1.1611 0
1763 1.1611 0
1 1.1576 0
710 1.1559 0
722 1.1515 0
1272 1.1508 0
864 1.1468 0
1583 1.1417 0
1300 1.1410 0
342 1.1357 0
1564 1.1329 0
1711 1.1315 0
94 1.1315 0
784 1.1245 0
606 1.1242 0
836 1.1154 0
1104 1.1145 0
106 1.1112 0
36 1.1094 0
32 1.1088 0
1156 1.1068 0
1111 1.0946 0
1613 1.0934 0
1998 1.0760 0
586 1.0757 0
88 1.0709 0
24 1.0612 0
1096 1.0531 0
804 1.0530 0
1775 1.0470 0
1719 1.0449 0
1423 1.0383 0
1295 1.0382 0
1972 1.0376 0
845 1.0373 0
375 1.0371 0
112 1.0355 0
1712 1.0340 0
992 1.0297 0
666 1.0273 0
186 1.0247 0
1019 1.0217 0
1701 1.0207 0
339 1.0206 0
806 1.0172 0
818 1.0171 0
218 1.0150 0
837 1.0106 0
225 1.0100 0
1808 1.0056 0
674 1.0052 0
1244 1.0002 0
619 0.9997 0
1772 0.9991 0
1996 0.9974 0
1973 0.9953 0
137 0.9930 0
451 0.9810 0
624 0.9807 0
472 0.9802 0
479 0.9686 0
212 0.9585 0
1142 0.9585 0
65 0.9490 0
367 0.9305 0
698 0.9226 0
580 0.9183 0
789 0.9137 0
876 0.9104 0
440 0.9104 0
1441 0.9069 0
1825 0.9030 0
1044 0.8943 0
328 0.8916 0
1590 0.8868 0
448 0.8866 0
442 0.8823 0
333 0.8752 0
534 0.8700 0
368 0.8679 0
1248 0.8666 0
1985 0.8590 0
1417 0.8586 0
692 0.8503 0
1558 0.8461 0
1117 0.8443 0
1440 0.8440 0
1448 0.8400 0
844 0.8349 0
1833 0.8336 0
62 0.8257 0
1948 0.8219 0
1418 0.8178 0
1826 0.8175 0
930 0.8112 0
386 0.8031 0
995 0.8005 0
453 0.7915 0
953 0.7876 0
770 0.7872 0
1100 0.7849 0
1624 0.7845 0
1484 0.7828 0
1535 0.7828 0
1554 0.7828 0
913 0.7819 0
786 0.7804 0
590 0.7794 0
1924 0.7776 0
604 0.7767 0
1752 0.7766 0
371 0.7717 0
917 0.7527 0
1070 0.7424 0
812 0.7394 0
1884 0.7345 0
1869 0.7341 0
814 0.7329 0
1149 0.7283 0
1283 0.7258 0
1091 0.7257 0
584 0.7185 0
1546 0.7182 0
1781 0.7180 0
1338 0.7085 0
362 0.7075 0
1217 0.7057 0
531 0.7053 0
924 0.7053 0
198 0.7052 0
825 0.7034 0
29 0.7009 0
1434 0.6987 0
1240 0.6980 0
21 0.6752 0
743 0.6742 0
667 0.6730 0
1837 0.6690 0
914 0.6688 0
1416 0.6679 0
1782 0.6670 0
1114 0.6638 0
1275 0.6599 0
1791 0.6571 0
601 0.6418 0
1245 0.6389 0
1222 0.6375 0
1723 0.6328 0
1445 0.6260 0
824 0.6234 0
1262 0.6181 0
318 0.6179 0
13 0.6175 0
1732 0.6160 0
620 0.6159 0
759 0.6145 0
758 0.6116 0
1991 0.6106 0
1641 0.6060 0
1087 0.6028 0
639 0.6021 0
30 0.5966 0
1746 0.5947 0
605 0.5784 0
787 0.5738 0
573 0.5715 0
834 0.5706 0
1716 0.5694 0
1449 0.5670 0
1193 0.5634 0
110 0.5570 0
1411 0.5487 0
8 0.5470 0
974 0.5422 0
47 0.5368 0
1566 0.5364 0
1790 0.5262 0
1840 0.5253 0
642 0.5148 0
1181 0.5127 0
284 0.5084 0
1427 0.5074 0
1976 0.5059 0
46 0.5030 0
1078 0.4968 0
473 0.4953 0
744 0.4950 0
396 0.4930 0
1734 0.4840 0
881 0.4765 0
1919 0.4690 0
1180 0.4671 0
353 0.4641 0
1299 0.4629 0
1105 0.4592 0
1822 0.4556 0
1856 0.4534 0
1429 0.4526 0
571 0.4507 0
760 0.4427 0
512 0.4413 0
1141 0.4321 0
278 0.4276 0
471 0.4264 0
1941 0.4242 0
929 0.4231 0
1227 0.4217 0
1327 0.4193 0
243 0.4179 0
1954 0.4159 0
282 0.4157 0
693 0.4105 0
859 0.4097 0
596 0.4061 0
470 0.4035 0
122 0.4025 0
1568 0.4000 0
969 0.3881 0
1943 0.3847 0
540 0.3829 0
135 0.3812 0
823 0.3749 0
374 0.3742 0
52 0.3610 0
927 0.3602 0
528 0.3551 0
1060 0.3551 0
976 0.3542 0
610 0.3541 0
1214 0.3540 0
81 0.3522 0
1241 0.3508 0
952 0.3461 0
461 0.3386 0
1263 0.3371 0
1595 0.3370 0
239 0.3354 0
1219 0.3333 0
811 0.3245 0
1705 0.3217 0
911 0.3142 0
904 0.3051 0
1271 0.3030 0
1165 0.2927 0
1920 0.2900 0
1848 0.2881 0
1210 0.2853 0
1935 0.2789 0
1813 0.2783 0
1530 0.2774 0
815 0.2768 0
1630 0.2730 0
377 0.2720 0
436 0.2696 0
1173 0.2676 0
111 0.2674 0
965 0.2673 0
535 0.2634 0
820 0.2607 0
1968 0.2582 0
17 0.2579 0
119 0.2548 0
906 0.2543 0
508 0.2532 0
1666 0.2508 0
577 0.2467 0
1896 0.2454 0
518 0.2415 0
313 0.2395 0
1942 0.2391 0
237 0.2375 0
1426 0.2365 0
951 0.2162 0
80 0.2127 0
266 0.2105 0
1303 0.2097 0
1830 0.2088 0
348 0.2071 0
190 0.2038 0
1900 0.2032 0
1835 0.2020 0
417 0.1966 0
1403 0.1955 0
640 0.1944 0
305 0.1932 0
846 0.1850 0
408 0.1840 0
1738 0.1830 0
1328 0.1826 0
28 0.1815 0
1891 0.1803 0
1042 0.1801 0
1506 0.1776 0
196 0.1736 0
1110 0.1729 0
1008 0.1614 0
628 0.1573 0
252 0.1530 0
352 0.1530 0
154 0.1520 0
261 0.1346 0
202 0.1250 0
1018 0.1175 0
1092 0.1170 0
1051 0.1163 0
742 0.1000 0
704 0.0917 0
569 0.0897 0
1810 0.0891 0
996 0.0822 0
585 0.0798 0
928 0.0679 0
711 0.0591 0
1200 0.0551 0
1702 0.0518 0
1093 0.0509 0
50 0.0478 0
669 0.0472 0
167 0.0464 0
1922 0.0463 0
1553 0.0462 0
702 0.0434 0
647 0.0418 0
1946 0.0403 0
1139 0.0361 0
370 0.0233 0
1987 0.0226 0
595 0.0207 0
385 0.0178 0
488 0.0125 0
1021 0.0101 0
401 0.0083 0
383 0.0042 0
554 -0.0008 0
525 -0.0060 0
1901 -0.0084 0
944 -0.0109 0
1939 -0.0135 0
926 -0.0209 0
446 -0.0262 0
1902 -0.0278 0
1846 -0.0313 0
319 -0.0317 0
1002 -0.0355 0
363 -0.0367 0
234 -0.0376 0
376 -0.0409 0
635 -0.0459 0
1022 -0.0476 0
520 -0.0489 0
445 -0.0502 0
551 -0.0536 0
495 -0.0563 0
1947 -0.0583 0
1286 -0.0584 0
403 -0.0592 0
582 -0.0593 0
1207 -0.0630 0
1237 -0.0643 0
550 -0.0775 0
1908 -0.0786 0
1265 -0.0805 0
559 -0.0833 0
1336 -0.0912 0
1993 -0.0951 0
1731 -0.0970 0
1134 -0.0998 0
1496 -0.1008 0
388 -0.1008 0
494 -0.1026 0
1877 -0.1081 0
1868 -0.1091 0
343 -0.1105 0
458 -0.1133 0
1866 -0.1134 0
612 -0.1180 0
1585 -0.1201 0
476 -0.1206 0
273 -0.1236 0
200 -0.1242 0
545 -0.1257 0
1045 -0.1282 0
1059 -0.1333 0
1986 -0.1363 0
1439 -0.1378 0
229 -0.1406 0
1339 -0.1428 0
85 -0.1461 0
1910 -0.1485 0
1031 -0.1503 0
1728 -0.1555 0
1106 -0.1569 0
447 -0.1580 0
905 -0.1591 0
732 -0.1602 0
1143 -0.1681 0
609 -0.1685 0
1744 -0.1717 0
1938 -0.1819 0
108 -0.1823 0
1014 -0.1852 0
869 -0.1874 0
126 -0.1908 0
1236 -0.1935 0
1292 -0.1973 0
946 -0.1989 0
1161 -0.2001 0
395 -0.2097 0
291 -0.2132 0
31 -0.2186 0
1889 -0.2200 0
1076 -0.2209 0
514 -0.2235 0
1940 -0.2330 0
1594 -0.2359 0
57 -0.2462 0
1153 -0.2497 0
1226 -0.2524 0
311 -0.2574 0
1926 -0.2645 0
297 -0.2657 0
147 -0.2679 0
918 -0.2679 0
393 -0.2748 0
721 -0.2781 0
1912 -0.2813 0
1571 -0.2814 0
12 -0.2837 0
66 -0.2852 0
114 -0.2854 0
269 -0.2868 0
1867 -0.2899 0
1903 -0.2941 0
168 -0.2956 0
1769 -0.2959 0
1758 -0.2983 0
793 -0.2985 0
1713 -0.3014 0
979 -0.3061 0
102 -0.3066 0
643 -0.3070 0
548 -0.3084 0
244 -0.3138 0
1925 -0.3168 0
830 -0.3209 0
390 -0.3254 0
747 -0.3277 0
1225 -0.3314 0
1218 -0.3338 0
485 -0.3358 0
910 -0.3389 0
1174 -0.3410 0
350 -0.3450 0
1988 -0.3454 0
426 -0.3549 0
1921 -0.3569 0
431 -0.3681 0
1802 -0.3693 0
75 -0.3696 0
567 -0.3744 0
1189 -0.3752 0
402 -0.3815 0
1082 -0.3894 0
1909 -0.3914 0
1116 -0.3919 0
716 -0.3923 0
941 -0.3935 0
487 -0.4005 0
1176 -0.4081 0
394 -0.4104 0
802 -0.4107 0
1915 -0.4132 0
874 -0.4148 0
19 -0.4188 0
1257 -0.4206 0
1997 -0.4206 0
1043 -0.4293 0
1923 -0.4357 0
275 -0.4360 0
1080 -0.4409 0
438 -0.4423 0
1806 -0.4424 0
1804 -0.4437 0
372 -0.4515 0
935 -0.4529 0
1829 -0.4546 0
334 -0.4573 0
482 -0.4670 0
259 -0.4719 0
152 -0.4729 0
1871 -0.4798 0
1464 -0.4817 0
1874 -0.4819 0
1841 -0.4819 0
1962 -0.4858 0
741 -0.4941 0
1013 -0.5090 0
153 -0.5124 0
171 -0.5129 0
1049 -0.5194 0
1916 -0.5257 0
948 -0.5270 0
579 -0.5281 0
564 -0.5296 0
1741 -0.5338 0
633 -0.5376 0
1845 -0.5444 0
1003 -0.5450 0
76 -0.5462 0
1971 -0.5547 0
1756 -0.5560 0
1797 -0.5621 0
1539 -0.5662 0
14 -0.5770 0
399 -0.5783 0
1155 -0.5807 0
1717 -0.5817 0
1184 -0.5819 0
1729 -0.5848 0
920 -0.5938 0
1462 -0.6024 0
1569 -0.6249 0
1334 -0.6309 0
1287 -0.6408 0
128 -0.6484 0
1792 -0.6494 0
1576 -0.6536 0
1927 -0.6567 0
238 -0.6572 0
351 -0.6586 0
1904 -0.6652 0
1727 -0.6658 0
561 -0.6701 0
1821 -0.6739 0
1851 -0.6794 0
246 -0.6805 0
397 -0.6834 0
184 -0.6837 0
730 -0.6848 0
1742 -0.6863 0
481 -0.6881 0
1195 -0.6942 0
165 -0.6954 0
1799 -0.6969 0
20 -0.6994 0
158 -0.7134 0
1289 -0.7153 0
1708 -0.7199 0
96 -0.7203 0
1208 -0.7220 0
560 -0.7275 0
1067 -0.7303 0
358 -0.7351 0
1468 -0.7410 0
1811 -0.7442 0
249 -0.7461 0
682 -0.7470 0
1737 -0.7498 0
1760 -0.7511 0
1862 -0.7552 0
432 -0.7575 0
1897 -0.7590 0
67 -0.7655 0
83 -0.7656 0
808 -0.7663 0
592 -0.7673 0
441 -0.7730 0
298 -0.7750 0
1989 -0.7750 0
97 -0.7780 0
1858 -0.7800 0
537 -0.7853 0
409 -0.7930 0
6 -0.7946 0
58 -0.7958 0
1593 -0.7961 0
849 -0.7961 0
400 -0.8004 0
263 -0.8027 0
293 -0.8179 0
1852 -0.8250 0
773 -0.8270 0
1335 -0.8277 0
1281 -0.8283 0
1764 -0.8297 0
1899 -0.8415 0
1408 -0.8420 0
245 -0.8439 0
634 -0.8444 0
1824 -0.8465 0
149 -0.8488 0
575 -0.8535 0
145 -0.8537 0
1847 -0.8574 0
1860 -0.8576 0
1786 -0.8663 0
156 -0.8692 0
226 -0.8705 0
1436 -0.8716 0
466 -0.8812 0
1849 -0.8855 0
1700 -0.8875 0
500 -0.8912 0
37 -0.8919 0
413 -0.8980 0
1721 -0.9028 0
56 -0.9068 0
1074 -0.9070 0
214 -0.9094 0
235 -0.9101 0
1157 -0.9113 0
1065 -0.9184 0
1893 -0.9243 0
1739 -0.9459 0
1977 -0.9600 0
10 -0.9638 0
290 -0.9649 0
517 -0.9674 0
954 -0.9693 0
1710 -0.9698 0
833 -0.9709 0
1956 -0.9711 0
1707 -0.9801 0
829 -0.9836 0
265 -0.9898 0
9 -0.9928 0
143 -0.9973 0
256 -0.9987 0
1932 -0.9993 0
1820 -1.0160 0
1103 -1.0205 0
1863 -1.0280 0
931 -1.0308 0
1444 -1.0325 0
1951 -1.0329 0
1084 -1.0402 0
1250 -1.0405 0
1066 -1.0410 0
248 -1.0412 0
1431 -1.0413 0
1798 -1.0465 0
1995 -1.0530 0
356 -1.0628 0
1757 -1.0653 0
623 -1.0663 0
523 -1.0684 0
38 -1.0778 0
41 -1.0894 0
502 -1.0923 0
132 -1.0932 0
766 -1.0957 0
242 -1.0992 0
785 -1.0998 0
1836 -1.1010 0
1838 -1.1035 0
1748 -1.1054 0
435 -1.1084 0
558 -1.1123 0
71 -1.1135 0
25 -1.1187 0
1905 -1.1312 0
1054 -1.1318 0
1206 -1.1334 0
1720 -1.1346 0
323 -1.1352 0
1718 -1.1379 0
1780 -1.1517 0
1592 -1.1519 0
180 -1.1522 0
222 -1.1539 0
251 -1.1543 0
489 -1.1560 0
1980 -1.1561 0
515 -1.1562 0
100 -1.1579 0
1246 -1.1594 0
1805 -1.1633 0
281 -1.1661 0
23 -1.1733 0
1073 -1.1764 0
593 -1.1839 0
933 -1.1938 0
1266 -1.2004 0
194 -1.2027 0
922 -1.2047 0
901 -1.2072 0
1579 -1.2101 0
1029 -1.2113 0
907 -1.2226 0
277 -1.2229 0
1231 -1.2236 0
1953 -1.2256 0
1928 -1.2260 0
1125 -1.2268 0
247 -1.2343 0
1914 -1.2354 0
177 -1.2371 0
810 -1.2456 0
583 -1.2516 0
1762 -1.2546 0
1913 -1.2550 0
1052 -1.2582 0
27 -1.2587 0
1432 -1.2635 0
79 -1.2683 0
285 -1.2697 0
78 -1.2767 0
739 -1.2770 0
511 -1.2893 0
0 -1.2931 0
270 -1.3079 0
1069 -1.3173 0
146 -1.3202 0
1819 -1.3237 0
1872 -1.3291 0
221 -1.3295 0
1740 -1.3366 0
1936 -1.3370 0
1179 -1.3420 0
1291 -1.3430 0
91 -1.3440 0
1083 -1.3441 0
1817 -1.3504 0
1981 -1.3505 0
1960 -1.3581 0
1793 -1.3604 0
700 -1.3648 0
213 -1.3700 0
125 -1.3755 0
1857 -1.3791 0
617 -1.3809 0
578 -1.3823 0
807 -1.3831 0
74 -1.3882 0
175 -1.3933 0
1906 -1.3958 0
160 -1.3962 0
428 -1.3983 0
430 -1.4028 0
936 -1.4045 0
1230 -1.4062 0
629 -1.4084 0
1818 -1.4099 0
70 -1.4124 0
465 -1.4197 0
176 -1.4214 0
1598 -1.4270 0
736 -1.4287 0
1966 -1.4363 0
616 -1.4369 0
809 -1.4398 0
124 -1.4403 0
764 -1.4433 0
274 -1.4434 0
1961 -1.4469 0
1983 -1.4482 0
1865 -1.4536 0
115 -1.4543 0
1519 -1.4584 0
1035 -1.4665 0
136 -1.4686 0
526 -1.4695 0
1135 -1.4711 0
1859 -1.4721 0
599 -1.4750 0
893 -1.4786 0
255 -1.4810 0
1109 -1.4867 0
211 -1.5054 0
1056 -1.5106 0
98 -1.5170 0
104 -1.5175 0
1192 -1.5184 0
1098 -1.5204 0
231 -1.5227 0
169 -1.5238 0
142 -1.5388 0
250 -1.5398 0
547 -1.5466 0
1952 -1.5477 0
39 -1.5493 0
1294 -1.5530 0
1239 -1.5555 0
707 -1.5581 0
63 -1.5596 0
483 -1.5659 0
480 -1.5749 0
1950 -1.5771 0
1175 -1.5820 0
1316 -1.5893 0
1967 -1.5897 0
224 -1.5974 0
1402 -1.5983 0
1472 -1.6034 0
69 -1.6127 0
183 -1.6129 0
1844 -1.6137 0
117 -1.6144 0
272 -1.6221 0
105 -1.6244 0
618 -1.6403 0
68 -1.6451 0
990 -1.6500 0
1735 -1.6539 0
1094 -1.6654 0
257 -1.6681 0
216 -1.6861 0
1099 -1.6896 0
1709 -1.6919 0
103 -1.6925 0
1814 -1.6944 0
949 -1.6951 0
64 -1.7070 0
1880 -1.7247 0
832 -1.7260 0
439 -1.7300 0
1075 -1.7306 0
603 -1.7458 0
1894 -1.7471 0
113 -1.7486 0
11 -1.7506 0
563 -1.7590 0
220 -1.7627 0
761 -1.7669 0
1186 -1.7717 0
1949 -1.7823 0
943 -1.7859 0
227 -1.7862 0
498 -1.7887 0
1759 -1.7937 0
1878 -1.7968 0
93 -1.8027 0
1151 -1.8027 0
1978 -1.8051 0
312 -1.8066 0
26 -1.8073 0
925 -1.8104 0
549 -1.8152 0
963 -1.8164 0
544 -1.8220 0
638 -1.8284 0
1907 -1.8285 0
87 -1.8391 0
1999 -1.8413 0
959 -1.8470 0
55 -1.8583 0
1024 -1.8618 0
450 -1.8683 0
254 -1.8714 0
310 -1.8722 0
1020 -1.8741 0
840 -1.8742 0
72 -1.8814 0
1276 -1.8875 0
581 -1.8930 0
1288 -1.8959 0
205 -1.8969 0
1931 -1.8985 0
116 -1.9125 0
1890 -1.9127 0
228 -1.9131 0
602 -1.9267 0
215 -1.9293 0
35 -1.9322 0
315 -1.9387 0
187 -1.9517 0
661 -1.9524 0
151 -1.9575 0
1308 -1.9602 0
321 -1.9613 0
131 -1.9665 0
1755 -1.9795 0
1205 -1.9839 0
900 -1.9881 0
144 -1.9909 0
1959 -1.9941 0
1452 -1.9972 0
1012 -2.0086 0
18 -2.0472 0
771 -2.0502 0
188 -2.0528 0
1843 -2.0550 0
1965 -2.0703 0
715 -2.0758 0
1130 -2.0802 0
82 -2.0830 0
22 -2.0893 0
637 -2.1077 0
644 -2.1104 0
130 -2.1265 0
1150 -2.1399 0
462 -2.1449 0
1126 -2.1625 0
1979 -2.1842 0
916 -2.2012 0
295 -2.2183 0
392 -2.2213 0
95 -2.2268 0
232 -2.2278 0
1037 -2.2285 0
138 -2.2346 0
84 -2.2413 0
59 -2.2482 0
155 -2.2662 0
636 -2.2722 0
260 -2.2747 0
1832 -2.2756 0
172 -2.2885 0
89 -2.2955 0
1305 -2.3381 0
217 -2.3544 0
696 -2.3547 0
843 -2.3568 0
286 -2.3629 0
1812 -2.3634 0
1864 -2.3753 0
827 -2.3799 0
1405 -2.3841 0
141 -2.4039 0
632 -2.4056 0
1714 -2.4094 0
92 -2.4236 0
776 -2.4310 0
1046 -2.4328 0
304 -2.4568 0
1006 -2.4842 0
157 -2.4846 0
1203 -2.4901 0
283 -2.5086 0
1850 -2.5104 0
627 -2.5251 0
1573 -2.5668 0
1854 -2.5748 0
1036 -2.5820 0
170 -2.5847 0
1400 -2.5996 0
162 -2.6043 0
1089 -2.6106 0
1917 -2.6150 0
1048 -2.6278 0
937 -2.6397 0
1990 -2.6405 0
648 -2.6440 0
1834 -2.6508 0
1984 -2.6600 0
166 -2.6628 0
915 -2.6752 0
288 -2.6817 0
209 -2.6959 0
443 -2.6963 0
503 -2.7030 0
1929 -2.7087 0
101 -2.7193 0
139 -2.7446 0
565 -2.7630 0
1855 -2.7766 0
1887 -2.7899 0
1185 -2.7997 0
179 -2.8091 0
1745 -2.8121 0
939 -2.8288 0
714 -2.8367 0
90 -2.8427 0
1945 -2.8449 0
1077 -2.8497 0
258 -2.8576 0
1963 -2.8736 0
174 -2.8739 0
477 -2.8991 0
1823 -2.9070 0
326 -2.9091 0
99 -2.9134 0
140 -2.9147 0
838 -2.9351 0
1888 -2.9494 0
181 -2.9500 0
729 -2.9525 0
120 -2.9797 0
207 -2.9854 0
292 -2.9911 0
468 -3.0026 0
289 -3.0089 0
908 -3.0118 0
1163 -3.0119 0
1982 -3.0337 0
1715 -3.0471 0
1170 -3.0476 0
199 -3.0546 0
271 -3.0579 0
280 -3.0642 0
253 -3.0654 0
934 -3.0676 0
219 -3.0717 0
121 -3.0746 0
1964 -3.1511 0
1131 -3.2001 0
1828 -3.2117 0
294 -3.2153 0
51 -3.2204 0
1435 -3.2362 0
1254 -3.2466 0
1930 -3.2501 0
163 -3.2566 0
1256 -3.2675 0
1815 -3.2832 0
262 -3.3066 0
492 -3.3112 0
909 -3.3284 0
1794 -3.3330 0
61 -3.3479 0
134 -3.3807 0
499 -3.3961 0
185 -3.4008 0
437 -3.4526 0
1958 -3.5140 0
467 -3.5607 0
1736 -3.5688 0
159 -3.6044 0
287 -3.6382 0
276 -3.6506 0
107 -3.6601 0
148 -3.6814 0
1404 -3.6814 0
208 -3.7035 0
197 -3.7499 0
1789 -3.8176 0
195 -3.8768 0
178 -3.8990 0
322 -3.9045 0
1885 -3.9543 0
509 -4.0191 0
421 -4.0216 0
268 -4.0370 0
77 -4.0627 0
161 -4.0861 0
189 -4.1023 0
1994 -4.1097 0
267 -4.1470 0
1969 -4.2503 0
1198 -4.2613 0
60 -4.2712 0
150 -4.2774 0
1803 -4.2962 0
1974 -4.3425 0
1970 -4.4122 0
1026 -4.4364 0
1023 -4.4675 0
223 -4.6891 0
192 -4.7513 0
1975 -4.8453 0
947 -4.9119 0
191 -4.9923 0
1730 -5.0295 0
164 -5.0450 0
516 -5.0958 0
193 -5.1898 0
296 -5.3362 0
530 -5.4309 0
279 -6.0463 0
1267 -6.9906 0
