1421 31.4034 1
1416 30.6073 1
1419 29.7649 1
1436 25.5790 1
1442 25.3613 1
1415 25.2488 1
1403 25.2365 1
1411 25.1508 1
1441 24.6230 1
1420 23.9729 1
1423 22.8701 1
1414 21.6386 1
1448 20.8509 1
1443 20.8231 1
1446 20.7192 1
1438 20.1998 1
1449 19.9630 1
1413 19.8595 1
1404 19.4407 1
1400 19.3312 1
1401 19.1371 1
1428 18.3650 1
1430 17.2593 1
1431 16.4728 1
1405 16.1803 1
1417 16.0967 1
1412 15.1843 1
1426 15.1786 1
1437 14.8790 1
1432 14.8721 1
1217 13.9521 0
1444 13.5867 1
464 13.4413 0
1445 13.2836 1
1208 12.8271 0
1435 12.8192 1
1434 12.3633 1
1433 12.3473 1
1402 12.3315 1
1440 11.7719 1
1227 10.7284 0
489 10.3057 0
1439 10.2761 1
1418 10.0028 1
1406 9.8906 1
1409 9.8367 1
1425 9.7338 1
1410 9.6804 1
1238 8.9281 0
1207 8.8674 0
431 8.7369 0
459 8.6717 0
471 8.6148 0
1427 8.5768 1
869 8.4141 0
468 8.4119 0
470 8.2273 0
504 8.1540 0
458 8.0257 0
477 7.9045 0
1461 7.8988 0
1865 7.7410 0
1447 7.6739 1
1209 7.6226 0
497 7.3873 0
1236 7.1166 0
478 7.0246 0
1224 6.9630 0
1429 6.9402 1
1235 6.8862 0
1249 6.6612 0
1933 6.5292 0
1247 6.4960 0
1200 6.4661 0
482 6.4331 0
321 6.3621 0
498 6.3033 0
1991 6.3015 0
1576 6.2933 0
1248 5.9990 0
963 5.9510 0
438 5.7922 0
396 5.7567 0
934 5.7162 0
476 5.6644 0
581 5.5980 0
1240 5.5915 0
378 5.5507 0
526 5.4425 0
1296 5.3763 0
1380 5.3647 0
1118 5.2750 0
528 5.2310 0
950 5.2109 0
455 5.1991 0
1221 5.1193 0
1057 5.0559 0
661 5.0522 0
475 5.0330 0
492 5.0117 0
338 4.9419 0
102 4.9279 0
1289 4.9242 0
334 4.9060 0
695 4.9050 0
1397 4.8739 0
1060 4.8702 0
473 4.8505 0
1638 4.8210 0
524 4.8207 0
578 4.7497 0
595 4.7299 0
169 4.5861 0
724 4.5565 0
1233 4.5396 0
1616 4.5374 0
1267 4.5308 0
756 4.5133 0
758 4.5111 0
1533 4.5010 0
480 4.4801 0
318 4.4565 0
1593 4.4421 0
1644 4.4264 0
1203 4.4130 0
1905 4.4077 0
1619 4.3898 0
943 4.3715 0
325 4.3545 0
1212 4.3544 0
1368 4.3501 0
496 4.3435 0
1229 4.2429 0
1549 4.2232 0
1201 4.1893 0
1218 4.1864 0
519 4.1791 0
312 4.1174 0
930 4.1044 0
566 4.0991 0
1205 4.0793 0
1228 4.0561 0
791 4.0560 0
525 4.0475 0
964 4.0287 0
203 3.9874 0
1668 3.9812 0
1231 3.9715 0
1242 3.9534 0
1255 3.9462 0
544 3.9334 0
462 3.9325 0
1424 3.9152 1
1122 3.9142 0
1237 3.8375 0
946 3.8345 0
565 3.8274 0
664 3.8234 0
1266 3.8161 0
1054 3.7796 0
1624 3.7600 0
1467 3.7454 0
1327 3.7281 0
1941 3.7136 0
304 3.6972 0
1086 3.6954 0
491 3.6782 0
87 3.6570 0
1202 3.6563 0
1605 3.6199 0
306 3.6143 0
518 3.5915 0
1323 3.5845 0
1466 3.5701 0
1954 3.5657 0
583 3.5232 0
560 3.5160 0
73 3.4820 0
562 3.4650 0
1554 3.4601 0
735 3.4362 0
738 3.4201 0
927 3.4017 0
1261 3.3973 0
1083 3.3764 0
1345 3.3669 0
1422 3.3348 1
712 3.3223 0
310 3.2959 0
704 3.2946 0
1450 3.2808 0
241 3.2626 0
602 3.2590 0
1985 3.2582 0
1077 3.2570 0
346 3.2475 0
450 3.2461 0
986 3.2339 0
803 3.2269 0
579 3.2226 0
1315 3.2226 0
186 3.2192 0
1213 3.2071 0
302 3.1864 0
692 3.1774 0
1211 3.1732 0
1522 3.1641 0
1052 3.1556 0
886 3.1545 0
1225 3.1423 0
66 3.1356 0
1094 3.1223 0
907 3.1221 0
1082 3.1047 0
1538 3.0956 0
1181 3.0923 0
315 3.0573 0
535 3.0569 0
1245 3.0406 0
37 3.0318 0
563 3.0161 0
322 3.0064 0
711 2.9950 0
554 2.9679 0
508 2.9626 0
580 2.9611 0
517 2.9566 0
1251 2.9533 0
1234 2.9409 0
931 2.9359 0
1223 2.9226 0
1527 2.9158 0
1319 2.9090 0
1408 2.9060 1
1358 2.9050 0
1136 2.8783 0
454 2.8737 0
1053 2.8622 0
1073 2.8399 0
1540 2.8172 0
898 2.8128 0
834 2.8111 0
1244 2.8088 0
1099 2.8003 0
1222 2.7934 0
1911 2.7817 0
1050 2.7747 0
962 2.7606 0
1058 2.7511 0
1029 2.7226 0
1535 2.7128 0
984 2.7122 0
593 2.7095 0
844 2.7050 0
1996 2.6878 0
625 2.6865 0
1676 2.6750 0
1591 2.6703 0
713 2.6572 0
1464 2.6452 0
6 2.6315 0
1470 2.6040 0
730 2.6016 0
1629 2.5894 0
485 2.5753 0
319 2.5689 0
556 2.5685 0
778 2.5638 0
235 2.5543 0
1214 2.5355 0
1649 2.5283 0
1999 2.5229 0
1504 2.5197 0
1123 2.5155 0
1395 2.5108 0
531 2.5018 0
11 2.4899 0
866 2.4682 0
1253 2.4590 0
398 2.4584 0
1246 2.4473 0
341 2.4323 0
1454 2.4131 0
1546 2.4034 0
1647 2.3816 0
273 2.3506 0
1496 2.3294 0
759 2.3114 0
1131 2.3102 0
774 2.3057 0
156 2.3032 0
763 2.2967 0
904 2.2598 0
925 2.2561 0
484 2.2518 0
703 2.2466 0
589 2.2366 0
1851 2.2330 0
47 2.2247 0
1542 2.2171 0
35 2.2068 0
1232 2.2012 0
594 2.2005 0
572 2.1944 0
1282 2.1930 0
876 2.1757 0
1067 2.1757 0
1063 2.1660 0
1291 2.1641 0
1142 2.1639 0
1913 2.1521 0
889 2.1472 0
320 2.1411 0
714 2.1355 0
941 2.1220 0
1949 2.1167 0
1265 2.1074 0
1501 2.0991 0
180 2.0983 0
1916 2.0952 0
1001 2.0906 0
771 2.0879 0
1511 2.0853 0
184 2.0838 0
1955 2.0804 0
1555 2.0795 0
1508 2.0786 0
1551 2.0680 0
1127 2.0633 0
530 2.0498 0
784 2.0459 0
1978 2.0444 0
1883 2.0384 0
38 2.0332 0
1909 2.0279 0
1206 2.0269 0
1543 2.0266 0
1056 2.0055 0
636 2.0055 0
910 2.0030 0
574 1.9936 0
1329 1.9916 0
1009 1.9791 0
423 1.9684 0
905 1.9648 0
1295 1.9600 0
394 1.9567 0
890 1.9554 0
573 1.9369 0
1215 1.9356 0
1286 1.9351 0
466 1.9155 0
1210 1.9084 0
390 1.9035 0
1541 1.8961 0
1594 1.8933 0
933 1.8752 0
1980 1.8652 0
1640 1.8545 0
1568 1.8536 0
1861 1.8531 0
1579 1.8512 0
1484 1.8511 0
1332 1.8394 0
1080 1.8323 0
249 1.8251 0
452 1.8168 0
752 1.8013 0
1459 1.7933 0
151 1.7845 0
361 1.7824 0
590 1.7692 0
908 1.7635 0
1079 1.7615 0
522 1.7541 0
823 1.7455 0
1375 1.7414 0
41 1.7268 0
1989 1.7181 0
487 1.7160 0
856 1.7092 0
1769 1.7045 0
371 1.6947 0
600 1.6934 0
1919 1.6901 0
788 1.6774 0
1074 1.6733 0
331 1.6714 0
162 1.6707 0
520 1.6692 0
426 1.6632 0
188 1.6591 0
753 1.6560 0
924 1.6429 0
1043 1.6381 0
534 1.6330 0
776 1.6322 0
538 1.6291 0
547 1.6247 0
1351 1.6231 0
1038 1.6179 0
1070 1.6158 0
592 1.6132 0
481 1.6108 0
764 1.6068 0
909 1.6031 0
1254 1.6006 0
1271 1.5975 0
1239 1.5969 0
1126 1.5912 0
750 1.5867 0
1545 1.5854 0
472 1.5850 0
7 1.5778 0
926 1.5722 0
542 1.5713 0
0 1.5675 0
746 1.5656 0
1494 1.5642 0
1920 1.5581 0
587 1.5518 0
855 1.5497 0
915 1.5492 0
1272 1.5464 0
1010 1.5416 0
1674 1.5399 0
199 1.5298 0
743 1.5275 0
161 1.5274 0
307 1.5106 0
419 1.4815 0
1297 1.4806 0
948 1.4783 0
796 1.4720 0
947 1.4507 0
872 1.4483 0
276 1.4461 0
350 1.4387 0
991 1.4304 0
550 1.4290 0
1087 1.4277 0
155 1.4242 0
32 1.4236 0
392 1.4190 0
676 1.4143 0
773 1.4131 0
231 1.3968 0
586 1.3899 0
1513 1.3872 0
697 1.3866 0
1520 1.3853 0
599 1.3839 0
219 1.3811 0
1528 1.3731 0
444 1.3728 0
1585 1.3633 0
456 1.3527 0
1048 1.3421 0
460 1.3323 0
1598 1.3274 0
1820 1.3267 0
1336 1.3244 0
1796 1.3211 0
20 1.3117 0
1950 1.3113 0
512 1.3101 0
1592 1.3081 0
717 1.3049 0
1951 1.3003 0
21 1.2981 0
557 1.2973 0
23 1.2936 0
1279 1.2926 0
1487 1.2888 0
194 1.2833 0
922 1.2809 0
1595 1.2793 0
1943 1.2782 0
176 1.2733 0
317 1.2676 0
1556 1.2607 0
1390 1.2551 0
1641 1.2527 0
938 1.2476 0
1144 1.2434 0
1076 1.2189 0
25 1.2170 0
1959 1.2104 0
1636 1.2082 0
1230 1.2069 0
195 1.1970 0
733 1.1899 0
1590 1.1892 0
330 1.1837 0
388 1.1832 0
370 1.1805 0
980 1.1790 0
1907 1.1731 0
1864 1.1721 0
706 1.1720 0
1781 1.1585 0
539 1.1523 0
385 1.1499 0
449 1.1447 0
1998 1.1408 0
790 1.1403 0
1587 1.1367 0
1667 1.1275 0
1838 1.1274 0
1095 1.1201 0
474 1.1168 0
1639 1.1162 0
1960 1.1142 0
1925 1.1101 0
843 1.1060 0
1064 1.1028 0
1583 1.1028 0
1519 1.1015 0
1695 1.0927 0
1572 1.0795 0
1648 1.0676 0
432 1.0647 0
1526 1.0641 0
270 1.0594 0
9 1.0557 0
316 1.0532 0
840 1.0498 0
1816 1.0491 0
540 1.0486 0
1219 1.0481 0
1062 1.0462 0
383 1.0412 0
956 1.0279 0
511 1.0211 0
1516 1.0089 0
1047 1.0031 0
1961 0.9949 0
1475 0.9882 0
670 0.9807 0
978 0.9794 0
799 0.9754 0
1365 0.9699 0
1030 0.9632 0
300 0.9627 0
618 0.9541 0
987 0.9483 0
1962 0.9443 0
1085 0.9428 0
379 0.9414 0
112 0.9382 0
467 0.9326 0
809 0.9321 0
1274 0.9297 0
1539 0.9295 0
1976 0.9270 0
1270 0.9246 0
974 0.9228 0
715 0.9162 0
1900 0.9160 0
1041 0.9132 0
1936 0.9115 0
911 0.9113 0
1392 0.9027 0
902 0.9017 0
954 0.8983 0
1662 0.8953 0
1089 0.8911 0
502 0.8899 0
326 0.8815 0
227 0.8769 0
1970 0.8768 0
700 0.8667 0
1763 0.8639 0
1305 0.8638 0
328 0.8581 0
561 0.8528 0
1066 0.8509 0
707 0.8506 0
1356 0.8453 0
1642 0.8432 0
311 0.8421 0
1903 0.8372 0
1465 0.8347 0
510 0.8342 0
762 0.8317 0
657 0.8305 0
1609 0.8272 0
919 0.8252 0
42 0.8250 0
278 0.8228 0
577 0.8155 0
301 0.8140 0
693 0.8132 0
1145 0.8119 0
1772 0.8103 0
1988 0.8087 0
1084 0.8071 0
1697 0.7958 0
1537 0.7921 0
708 0.7915 0
710 0.7794 0
1241 0.7784 0
364 0.7750 0
157 0.7739 0
958 0.7735 0
650 0.7683 0
415 0.7675 0
1326 0.7648 0
196 0.7605 0
1948 0.7590 0
709 0.7524 0
673 0.7497 0
105 0.7483 0
486 0.7475 0
43 0.7404 0
230 0.7363 0
551 0.7288 0
845 0.7208 0
1378 0.7195 0
1391 0.7178 0
1768 0.7163 0
1578 0.7144 0
1125 0.7055 0
576 0.7054 0
1975 0.7015 0
1505 0.6885 0
16 0.6766 0
36 0.6717 0
1924 0.6711 0
1767 0.6698 0
490 0.6660 0
393 0.6647 0
1775 0.6577 0
718 0.6491 0
479 0.6473 0
1311 0.6448 0
1000 0.6371 0
1632 0.6332 0
509 0.6313 0
1963 0.6233 0
1643 0.6193 0
732 0.6124 0
972 0.6102 0
741 0.6045 0
8 0.6042 0
1518 0.6014 0
337 0.5999 0
1582 0.5998 0
1548 0.5915 0
200 0.5903 0
874 0.5900 0
1515 0.5815 0
289 0.5812 0
469 0.5797 0
1627 0.5777 0
1536 0.5732 0
1517 0.5730 0
1474 0.5723 0
1325 0.5713 0
646 0.5694 0
1966 0.5694 0
748 0.5689 0
1226 0.5687 0
766 0.5653 0
928 0.5630 0
335 0.5617 0
140 0.5581 0
643 0.5504 0
1154 0.5491 0
529 0.5459 0
332 0.5423 0
1550 0.5402 0
1281 0.5372 0
1473 0.5354 0
959 0.5339 0
1191 0.5331 0
1977 0.5186 0
1186 0.5180 0
824 0.5097 0
222 0.5094 0
916 0.5075 0
1288 0.4923 0
1102 0.4813 0
852 0.4728 0
1529 0.4695 0
202 0.4654 0
1677 0.4648 0
345 0.4639 0
1682 0.4615 0
900 0.4590 0
802 0.4581 0
1059 0.4569 0
631 0.4548 0
1161 0.4540 0
739 0.4516 0
929 0.4485 0
892 0.4470 0
1256 0.4450 0
192 0.4354 0
1407 0.4282 1
150 0.4280 0
606 0.4276 0
309 0.4211 0
1930 0.4208 0
1078 0.4182 0
165 0.4132 0
1664 0.4128 0
1032 0.4117 0
988 0.4083 0
1892 0.4078 0
1164 0.4021 0
31 0.4017 0
961 0.3994 0
443 0.3987 0
48 0.3954 0
427 0.3935 0
381 0.3909 0
395 0.3903 0
1602 0.3838 0
1110 0.3829 0
1287 0.3823 0
805 0.3779 0
1792 0.3779 0
488 0.3771 0
1633 0.3731 0
359 0.3716 0
537 0.3671 0
1547 0.3653 0
914 0.3652 0
1562 0.3631 0
1294 0.3584 0
1263 0.3560 0
850 0.3503 0
846 0.3502 0
1797 0.3497 0
187 0.3451 0
1613 0.3432 0
1745 0.3269 0
329 0.3247 0
1617 0.3203 0
1013 0.3184 0
297 0.3088 0
833 0.3064 0
567 0.3052 0
1396 0.3028 0
1973 0.2964 0
153 0.2964 0
888 0.2821 0
1065 0.2781 0
1491 0.2773 0
884 0.2737 0
1860 0.2717 0
668 0.2701 0
324 0.2693 0
601 0.2641 0
729 0.2553 0
2 0.2546 0
655 0.2447 0
734 0.2406 0
825 0.2392 0
336 0.2354 0
1901 0.2328 0
1174 0.2309 0
358 0.2305 0
430 0.2300 0
1341 0.2267 0
727 0.2235 0
1672 0.2211 0
728 0.2159 0
597 0.2153 0
677 0.2103 0
1088 0.2019 0
400 0.1999 0
871 0.1945 0
1051 0.1935 0
1986 0.1907 0
1350 0.1906 0
1821 0.1866 0
1216 0.1861 0
1007 0.1795 0
125 0.1736 0
1140 0.1726 0
1090 0.1715 0
532 0.1714 0
810 0.1591 0
1607 0.1544 0
1841 0.1525 0
951 0.1519 0
1637 0.1519 0
260 0.1408 0
1827 0.1395 0
52 0.1384 0
1220 0.1367 0
514 0.1364 0
598 0.1287 0
832 0.1214 0
1243 0.1188 0
1880 0.1148 0
236 0.1137 0
1992 0.1092 0
154 0.1088 0
495 0.1070 0
851 0.1067 0
1285 0.1055 0
1942 0.0991 0
838 0.0893 0
182 0.0886 0
206 0.0859 0
1333 0.0831 0
1298 0.0777 0
10 0.0715 0
720 0.0664 0
837 0.0662 0
1967 0.0643 0
451 0.0623 0
781 0.0580 0
1663 0.0578 0
548 0.0504 0
607 0.0503 0
885 0.0500 0
425 0.0491 0
955 0.0484 0
1631 0.0467 0
1560 0.0458 0
1802 0.0401 0
1138 0.0335 0
465 0.0323 0
1525 0.0235 0
1856 0.0184 0
1858 0.0176 0
168 0.0172 0
244 0.0051 0
136 0.0042 0
564 0.0004 0
226 -0.0014 0
1061 -0.0114 0
1984 -0.0137 0
439 -0.0140 0
1761 -0.0178 0
1894 -0.0186 0
375 -0.0238 0
1604 -0.0378 0
1134 -0.0400 0
1670 -0.0406 0
1779 -0.0407 0
1791 -0.0408 0
1360 -0.0419 0
604 -0.0441 0
1599 -0.0457 0
71 -0.0491 0
754 -0.0500 0
1904 -0.0519 0
1026 -0.0540 0
147 -0.0541 0
74 -0.0645 0
1981 -0.0652 0
1483 -0.0684 0
1713 -0.0718 0
45 -0.0798 0
30 -0.0835 0
891 -0.0840 0
821 -0.0855 0
515 -0.0860 0
327 -0.0863 0
1133 -0.0873 0
1383 -0.0968 0
1344 -0.0997 0
1141 -0.1023 0
323 -0.1082 0
1046 -0.1155 0
940 -0.1157 0
1766 -0.1159 0
1512 -0.1246 0
1349 -0.1276 0
1190 -0.1284 0
295 -0.1284 0
1334 -0.1293 0
1857 -0.1296 0
1969 -0.1309 0
797 -0.1354 0
380 -0.1356 0
1340 -0.1366 0
995 -0.1395 0
800 -0.1443 0
969 -0.1448 0
193 -0.1459 0
582 -0.1511 0
782 -0.1547 0
190 -0.1554 0
1031 -0.1593 0
369 -0.1638 0
813 -0.1693 0
953 -0.1743 0
1570 -0.1746 0
917 -0.1781 0
1310 -0.1799 0
1818 -0.1812 0
982 -0.1835 0
1559 -0.1843 0
1304 -0.1917 0
240 -0.1991 0
827 -0.1991 0
1666 -0.2072 0
1846 -0.2098 0
973 -0.2109 0
148 -0.2121 0
1114 -0.2149 0
1573 -0.2165 0
623 -0.2181 0
448 -0.2232 0
1283 -0.2243 0
1025 -0.2303 0
314 -0.2308 0
571 -0.2313 0
651 -0.2315 0
286 -0.2317 0
1852 -0.2335 0
1929 -0.2342 0
1601 -0.2354 0
1971 -0.2362 0
920 -0.2379 0
84 -0.2385 0
649 -0.2480 0
1751 -0.2550 0
1120 -0.2582 0
705 -0.2603 0
205 -0.2644 0
352 -0.2661 0
699 -0.2675 0
516 -0.2687 0
1777 -0.2704 0
545 -0.2745 0
372 -0.2755 0
505 -0.2923 0
1993 -0.2973 0
1581 -0.3002 0
1979 -0.3054 0
434 -0.3113 0
627 -0.3195 0
1879 -0.3195 0
1786 -0.3200 0
1139 -0.3236 0
255 -0.3245 0
568 -0.3377 0
1982 -0.3477 0
1495 -0.3495 0
1806 -0.3509 0
39 -0.3521 0
1842 -0.3558 0
1035 -0.3574 0
622 -0.3591 0
1658 -0.3611 0
903 -0.3649 0
1608 -0.3729 0
1003 -0.3737 0
1893 -0.3738 0
1661 -0.3748 0
719 -0.3755 0
793 -0.3767 0
1167 -0.3771 0
1693 -0.3805 0
894 -0.3810 0
1260 -0.3821 0
949 -0.3878 0
5 -0.3883 0
816 -0.3883 0
402 -0.3907 0
808 -0.3925 0
662 -0.3975 0
685 -0.3983 0
1458 -0.3991 0
921 -0.4044 0
17 -0.4061 0
1553 -0.4081 0
789 -0.4102 0
1908 -0.4125 0
1876 -0.4185 0
292 -0.4194 0
377 -0.4206 0
1793 -0.4244 0
1309 -0.4277 0
1755 -0.4304 0
351 -0.4312 0
1914 -0.4322 0
360 -0.4327 0
1915 -0.4348 0
1957 -0.4364 0
1569 -0.4368 0
215 -0.4378 0
145 -0.4384 0
113 -0.4389 0
1313 -0.4464 0
1596 -0.4494 0
1500 -0.4507 0
119 -0.4522 0
1514 -0.4554 0
1372 -0.4568 0
172 -0.4573 0
913 -0.4575 0
549 -0.4620 0
740 -0.4655 0
499 -0.4677 0
428 -0.4726 0
912 -0.4733 0
1575 -0.4746 0
817 -0.4786 0
1385 -0.4789 0
274 -0.4792 0
682 -0.4808 0
1671 -0.4818 0
365 -0.4819 0
1257 -0.4838 0
1197 -0.4863 0
160 -0.4865 0
1698 -0.4875 0
696 -0.4875 0
368 -0.4900 0
1623 -0.4928 0
167 -0.4930 0
1728 -0.4963 0
981 -0.5111 0
523 -0.5127 0
1910 -0.5128 0
1931 -0.5178 0
1877 -0.5209 0
887 -0.5223 0
644 -0.5246 0
166 -0.5268 0
1558 -0.5278 0
1033 -0.5325 0
29 -0.5333 0
494 -0.5358 0
258 -0.5394 0
1660 -0.5394 0
1824 -0.5452 0
384 -0.5467 0
1507 -0.5490 0
1348 -0.5491 0
1918 -0.5546 0
268 -0.5558 0
1480 -0.5572 0
296 -0.5649 0
1361 -0.5652 0
146 -0.5654 0
507 -0.5675 0
228 -0.5708 0
397 -0.5761 0
678 -0.5809 0
463 -0.5810 0
815 -0.5881 0
1680 -0.5906 0
1015 -0.6095 0
663 -0.6115 0
899 -0.6216 0
998 -0.6228 0
421 -0.6267 0
1612 -0.6325 0
376 -0.6336 0
1093 -0.6353 0
272 -0.6425 0
1037 -0.6476 0
1873 -0.6520 0
883 -0.6575 0
4 -0.6627 0
609 -0.6650 0
1293 -0.6652 0
831 -0.6660 0
1625 -0.6688 0
751 -0.6688 0
189 -0.6688 0
723 -0.6806 0
1055 -0.6836 0
985 -0.6857 0
596 -0.6897 0
1021 -0.6956 0
1277 -0.6978 0
879 -0.6978 0
942 -0.6997 0
1453 -0.7026 0
1278 -0.7047 0
197 -0.7052 0
979 -0.7108 0
779 -0.7108 0
291 -0.7144 0
897 -0.7147 0
559 -0.7158 0
901 -0.7235 0
1258 -0.7256 0
722 -0.7300 0
353 -0.7311 0
1187 -0.7338 0
1331 -0.7340 0
1972 -0.7382 0
109 -0.7384 0
1096 -0.7396 0
1760 -0.7410 0
1155 -0.7438 0
860 -0.7439 0
1068 -0.7444 0
183 -0.7450 0
849 -0.7493 0
1983 -0.7529 0
422 -0.7543 0
1531 -0.7548 0
416 -0.7615 0
1776 -0.7647 0
1964 -0.7651 0
1679 -0.7709 0
836 -0.7716 0
1284 -0.7732 0
1626 -0.7776 0
1620 -0.7792 0
742 -0.7799 0
248 -0.7846 0
344 -0.7870 0
382 -0.7881 0
138 -0.7947 0
224 -0.7957 0
100 -0.7973 0
1072 -0.8000 0
1881 -0.8051 0
1932 -0.8083 0
1502 -0.8124 0
804 -0.8143 0
124 -0.8199 0
1614 -0.8285 0
614 -0.8324 0
79 -0.8372 0
1300 -0.8413 0
570 -0.8422 0
543 -0.8459 0
749 -0.8496 0
1588 -0.8524 0
1778 -0.8541 0
935 -0.8578 0
285 -0.8595 0
1069 -0.8607 0
1179 -0.8622 0
362 -0.8630 0
18 -0.8677 0
1635 -0.8682 0
356 -0.8692 0
174 -0.8708 0
975 -0.8725 0
1468 -0.8732 0
1023 -0.8734 0
966 -0.8782 0
859 -0.8783 0
1927 -0.8791 0
85 -0.8803 0
867 -0.8811 0
313 -0.8838 0
665 -0.8840 0
1150 -0.8847 0
575 -0.8871 0
1863 -0.8889 0
19 -0.8903 0
993 -0.8932 0
744 -0.8989 0
68 -0.8995 0
1886 -0.9008 0
1902 -0.9067 0
1044 -0.9079 0
1822 -0.9086 0
238 -0.9156 0
1953 -0.9177 0
1787 -0.9187 0
24 -0.9188 0
769 -0.9197 0
1566 -0.9222 0
1878 -0.9234 0
1264 -0.9288 0
281 -0.9293 0
1328 -0.9317 0
1194 -0.9332 0
1320 -0.9358 0
1011 -0.9375 0
1782 -0.9384 0
254 -0.9411 0
1965 -0.9425 0
1563 -0.9426 0
1008 -0.9436 0
453 -0.9462 0
875 -0.9466 0
1472 -0.9508 0
40 -0.9535 0
1610 -0.9538 0
13 -0.9554 0
262 -0.9613 0
1481 -0.9629 0
163 -0.9634 0
1990 -0.9639 0
132 -0.9646 0
918 -0.9690 0
303 -0.9722 0
1148 -0.9755 0
957 -0.9808 0
411 -0.9832 0
820 -0.9841 0
1773 -0.9841 0
15 -0.9864 0
882 -0.9873 0
1762 -1.0036 0
170 -1.0059 0
1621 -1.0083 0
939 -1.0124 0
1386 -1.0146 0
191 -1.0170 0
1589 -1.0232 0
1654 -1.0260 0
701 -1.0358 0
853 -1.0359 0
1042 -1.0494 0
621 -1.0514 0
1193 -1.0544 0
521 -1.0606 0
1182 -1.0609 0
1040 -1.0649 0
1262 -1.0716 0
1482 -1.0743 0
725 -1.0759 0
1506 -1.0775 0
1306 -1.0798 0
737 -1.0809 0
91 -1.0823 0
1888 -1.0869 0
181 -1.0869 0
558 -1.0879 0
1685 -1.0903 0
1987 -1.0991 0
386 -1.1030 0
541 -1.1108 0
1107 -1.1116 0
1737 -1.1157 0
387 -1.1175 0
989 -1.1218 0
104 -1.1259 0
1493 -1.1304 0
1891 -1.1334 0
1318 -1.1445 0
584 -1.1457 0
691 -1.1482 0
1922 -1.1563 0
1780 -1.1580 0
3 -1.1610 0
366 -1.1619 0
1847 -1.1629 0
656 -1.1704 0
848 -1.1717 0
348 -1.1746 0
811 -1.1786 0
1523 -1.1788 0
110 -1.1821 0
1994 -1.1898 0
1840 -1.1953 0
429 -1.1970 0
1384 -1.2033 0
1292 -1.2043 0
245 -1.2119 0
944 -1.2177 0
881 -1.2178 0
159 -1.2258 0
726 -1.2259 0
1524 -1.2267 0
1995 -1.2285 0
658 -1.2308 0
667 -1.2325 0
1028 -1.2344 0
1544 -1.2383 0
1884 -1.2395 0
1275 -1.2403 0
1530 -1.2421 0
1754 -1.2456 0
857 -1.2460 0
1498 -1.2464 0
1071 -1.2590 0
1686 -1.2598 0
173 -1.2599 0
1947 -1.2655 0
1859 -1.2669 0
1828 -1.2695 0
1124 -1.2723 0
1521 -1.2738 0
442 -1.2745 0
770 -1.2749 0
106 -1.2754 0
1387 -1.2783 0
1830 -1.2815 0
1645 -1.2843 0
252 -1.2845 0
1789 -1.2862 0
1353 -1.2898 0
906 -1.2904 0
786 -1.2905 0
1839 -1.2962 0
1115 -1.2984 0
129 -1.2994 0
814 -1.3010 0
1399 -1.3042 0
1882 -1.3050 0
865 -1.3073 0
152 -1.3093 0
1488 -1.3106 0
1890 -1.3118 0
822 -1.3235 0
1940 -1.3252 0
1720 -1.3278 0
78 -1.3299 0
373 -1.3307 0
757 -1.3332 0
659 -1.3411 0
1937 -1.3411 0
1280 -1.3456 0
1019 -1.3545 0
1704 -1.3566 0
945 -1.3598 0
46 -1.3619 0
1699 -1.3646 0
116 -1.3674 0
893 -1.3724 0
1092 -1.3730 0
409 -1.3748 0
445 -1.3749 0
501 -1.3832 0
617 -1.3832 0
555 -1.3848 0
1571 -1.3859 0
34 -1.3923 0
1628 -1.4020 0
1935 -1.4044 0
1268 -1.4070 0
772 -1.4083 0
500 -1.4088 0
1678 -1.4106 0
1584 -1.4120 0
761 -1.4147 0
280 -1.4152 0
1098 -1.4173 0
1912 -1.4191 0
1188 -1.4211 0
1322 -1.4247 0
785 -1.4251 0
1708 -1.4307 0
354 -1.4361 0
608 -1.4373 0
1867 -1.4381 0
783 -1.4453 0
1452 -1.4462 0
1346 -1.4526 0
1848 -1.4616 0
265 -1.4653 0
1 -1.4662 0
243 -1.4700 0
1314 -1.4740 0
437 -1.4753 0
1618 -1.4764 0
1165 -1.4795 0
835 -1.4803 0
1382 -1.4805 0
49 -1.4809 0
1002 -1.4836 0
1034 -1.4909 0
842 -1.4951 0
1870 -1.4960 0
1339 -1.4960 0
861 -1.4961 0
1813 -1.4962 0
1926 -1.4987 0
1968 -1.5100 0
1804 -1.5119 0
1497 -1.5122 0
585 -1.5208 0
201 -1.5209 0
1921 -1.5276 0
1774 -1.5314 0
1455 -1.5321 0
1477 -1.5343 0
1836 -1.5408 0
863 -1.5475 0
818 -1.5560 0
237 -1.5586 0
1359 -1.5645 0
666 -1.5651 0
694 -1.5660 0
211 -1.5674 0
118 -1.5742 0
1866 -1.5747 0
229 -1.5762 0
287 -1.5791 0
1823 -1.5800 0
133 -1.5856 0
95 -1.5859 0
26 -1.5920 0
1606 -1.5920 0
1075 -1.5939 0
690 -1.5951 0
279 -1.5981 0
1752 -1.5982 0
220 -1.6011 0
198 -1.6049 0
1795 -1.6060 0
457 -1.6072 0
1895 -1.6113 0
130 -1.6123 0
441 -1.6179 0
841 -1.6226 0
1389 -1.6230 0
877 -1.6254 0
1162 -1.6319 0
1100 -1.6321 0
1119 -1.6395 0
212 -1.6427 0
58 -1.6444 0
1634 -1.6466 0
1580 -1.6480 0
990 -1.6550 0
1952 -1.6628 0
923 -1.6633 0
1785 -1.6643 0
932 -1.6678 0
137 -1.6679 0
1116 -1.6707 0
1269 -1.6720 0
1027 -1.6792 0
671 -1.6813 0
1872 -1.6827 0
828 -1.6840 0
503 -1.6912 0
637 -1.6936 0
1896 -1.6961 0
28 -1.6992 0
1180 -1.7023 0
1724 -1.7049 0
1759 -1.7065 0
225 -1.7067 0
401 -1.7124 0
22 -1.7126 0
721 -1.7131 0
1974 -1.7149 0
436 -1.7161 0
284 -1.7223 0
1814 -1.7250 0
111 -1.7299 0
90 -1.7348 0
1317 -1.7349 0
1906 -1.7378 0
1862 -1.7406 0
873 -1.7474 0
681 -1.7482 0
1746 -1.7490 0
33 -1.7495 0
605 -1.7570 0
403 -1.7571 0
1850 -1.7625 0
858 -1.7662 0
1204 -1.7692 0
895 -1.7719 0
1622 -1.7742 0
1303 -1.7748 0
1815 -1.7791 0
347 -1.7864 0
736 -1.7874 0
552 -1.7988 0
64 -1.7988 0
620 -1.8011 0
1343 -1.8033 0
1478 -1.8041 0
645 -1.8067 0
1853 -1.8071 0
996 -1.8133 0
812 -1.8168 0
1381 -1.8200 0
122 -1.8220 0
1805 -1.8258 0
1564 -1.8342 0
342 -1.8421 0
569 -1.8436 0
389 -1.8440 0
251 -1.8490 0
349 -1.8547 0
1367 -1.8553 0
1808 -1.8568 0
970 -1.8576 0
367 -1.8581 0
1276 -1.8583 0
1199 -1.8600 0
826 -1.8630 0
305 -1.8716 0
461 -1.8722 0
233 -1.8734 0
1097 -1.8742 0
374 -1.8806 0
1567 -1.8824 0
355 -1.8891 0
1398 -1.8906 0
1945 -1.8906 0
1784 -1.8963 0
343 -1.8965 0
1958 -1.8977 0
1561 -1.9005 0
1684 -1.9024 0
1363 -1.9054 0
698 -1.9056 0
1091 -1.9059 0
1694 -1.9102 0
629 -1.9249 0
1869 -1.9261 0
1741 -1.9298 0
62 -1.9321 0
702 -1.9387 0
1045 -1.9407 0
747 -1.9410 0
1376 -1.9420 0
1369 -1.9434 0
1335 -1.9435 0
424 -1.9450 0
937 -1.9559 0
414 -1.9570 0
218 -1.9607 0
1312 -1.9674 0
1577 -1.9683 0
216 -1.9692 0
108 -1.9711 0
1997 -1.9713 0
1137 -1.9794 0
1196 -1.9799 0
177 -1.9836 0
1534 -1.9880 0
1831 -1.9904 0
1456 -1.9914 0
1646 -1.9949 0
965 -1.9971 0
1017 -2.0016 0
333 -2.0018 0
1885 -2.0018 0
1652 -2.0097 0
1944 -2.0100 0
1371 -2.0104 0
807 -2.0155 0
72 -2.0172 0
795 -2.0175 0
527 -2.0189 0
968 -2.0271 0
14 -2.0288 0
1757 -2.0291 0
588 -2.0334 0
1166 -2.0336 0
1849 -2.0352 0
179 -2.0368 0
298 -2.0378 0
1956 -2.0413 0
768 -2.0475 0
967 -2.0528 0
1250 -2.0534 0
266 -2.0570 0
1081 -2.0572 0
277 -2.0603 0
1790 -2.0676 0
847 -2.0697 0
213 -2.0746 0
408 -2.0780 0
1826 -2.0795 0
1600 -2.0801 0
1887 -2.0812 0
308 -2.0865 0
126 -2.0917 0
56 -2.0930 0
12 -2.0933 0
234 -2.0941 0
1897 -2.0948 0
101 -2.0955 0
1132 -2.0971 0
1357 -2.1016 0
81 -2.1016 0
149 -2.1121 0
1479 -2.1144 0
1374 -2.1169 0
103 -2.1230 0
1611 -2.1279 0
1733 -2.1310 0
533 -2.1369 0
1129 -2.1448 0
1834 -2.1457 0
86 -2.1473 0
1552 -2.1619 0
88 -2.1621 0
1586 -2.1658 0
80 -2.1662 0
854 -2.1678 0
1874 -2.1708 0
674 -2.1723 0
1321 -2.1734 0
391 -2.1833 0
716 -2.1847 0
553 -2.1857 0
271 -2.1968 0
1655 -2.1971 0
632 -2.1997 0
689 -2.2015 0
1731 -2.2016 0
684 -2.2033 0
1503 -2.2169 0
1771 -2.2178 0
787 -2.2179 0
640 -2.2210 0
1370 -2.2212 0
1147 -2.2440 0
293 -2.2450 0
870 -2.2478 0
1807 -2.2492 0
127 -2.2496 0
99 -2.2519 0
1703 -2.2523 0
435 -2.2674 0
1347 -2.2705 0
209 -2.2716 0
128 -2.2737 0
829 -2.2754 0
1036 -2.2760 0
263 -2.2763 0
175 -2.2779 0
767 -2.2806 0
1307 -2.2821 0
669 -2.2900 0
1917 -2.2919 0
1817 -2.2935 0
1657 -2.2939 0
1105 -2.2949 0
506 -2.2960 0
994 -2.3101 0
1739 -2.3111 0
1810 -2.3130 0
363 -2.3151 0
1168 -2.3267 0
1014 -2.3267 0
55 -2.3354 0
239 -2.3420 0
1565 -2.3421 0
418 -2.3458 0
686 -2.3462 0
1460 -2.3467 0
1173 -2.3485 0
339 -2.3550 0
952 -2.3576 0
634 -2.3624 0
208 -2.3655 0
493 -2.3680 0
675 -2.3732 0
123 -2.3744 0
1854 -2.3750 0
1178 -2.3772 0
261 -2.3794 0
59 -2.3809 0
1734 -2.3824 0
483 -2.3836 0
983 -2.3849 0
616 -2.3856 0
880 -2.3975 0
775 -2.4077 0
780 -2.4205 0
1855 -2.4236 0
253 -2.4287 0
257 -2.4301 0
1756 -2.4306 0
1103 -2.4317 0
1337 -2.4351 0
1749 -2.4359 0
1798 -2.4410 0
1113 -2.4414 0
862 -2.4496 0
53 -2.4567 0
1152 -2.4584 0
619 -2.4605 0
992 -2.4611 0
185 -2.4659 0
1736 -2.4728 0
1302 -2.4776 0
633 -2.4812 0
1379 -2.4860 0
1845 -2.4866 0
1393 -2.4928 0
256 -2.4959 0
1829 -2.4978 0
1192 -2.5047 0
406 -2.5056 0
1683 -2.5058 0
1659 -2.5094 0
801 -2.5099 0
1928 -2.5102 0
628 -2.5132 0
1486 -2.5175 0
1750 -2.5181 0
44 -2.5301 0
164 -2.5326 0
777 -2.5361 0
997 -2.5365 0
613 -2.5373 0
1301 -2.5391 0
290 -2.5469 0
1006 -2.5495 0
660 -2.5564 0
1738 -2.5610 0
405 -2.5612 0
1938 -2.5646 0
999 -2.5654 0
214 -2.5691 0
1109 -2.5870 0
340 -2.5922 0
1183 -2.5922 0
1794 -2.5934 0
1469 -2.5949 0
1492 -2.5971 0
1499 -2.5994 0
1170 -2.6000 0
1510 -2.6015 0
1259 -2.6067 0
1462 -2.6083 0
1252 -2.6120 0
120 -2.6168 0
1825 -2.6211 0
247 -2.6298 0
221 -2.6407 0
1653 -2.6439 0
1557 -2.6464 0
1748 -2.6478 0
117 -2.6522 0
65 -2.6594 0
536 -2.6635 0
1833 -2.6685 0
97 -2.6697 0
745 -2.6759 0
92 -2.6770 0
755 -2.6832 0
653 -2.6835 0
1705 -2.6869 0
1692 -2.6938 0
1764 -2.6973 0
1923 -2.7011 0
960 -2.7035 0
1835 -2.7050 0
93 -2.7086 0
1020 -2.7128 0
1049 -2.7175 0
27 -2.7241 0
839 -2.7368 0
1630 -2.7374 0
683 -2.7483 0
1889 -2.7489 0
1104 -2.7507 0
142 -2.7512 0
57 -2.7534 0
158 -2.7539 0
1388 -2.7630 0
1765 -2.7656 0
977 -2.7660 0
259 -2.7701 0
1354 -2.7945 0
1273 -2.7955 0
1185 -2.7972 0
1946 -2.7975 0
610 -2.7994 0
1149 -2.7998 0
615 -2.8017 0
1490 -2.8028 0
1574 -2.8215 0
433 -2.8251 0
1184 -2.8264 0
107 -2.8374 0
1299 -2.8395 0
672 -2.8470 0
171 -2.8547 0
1012 -2.8614 0
1106 -2.8683 0
1650 -2.8701 0
864 -2.8710 0
1899 -2.8713 0
283 -2.8809 0
679 -2.8834 0
1744 -2.8941 0
1108 -2.8974 0
1394 -2.8984 0
830 -2.9001 0
1837 -2.9141 0
1715 -2.9248 0
1799 -2.9265 0
1719 -2.9273 0
1783 -2.9311 0
1689 -2.9313 0
1811 -2.9386 0
89 -2.9394 0
1355 -2.9417 0
440 -2.9434 0
1788 -2.9441 0
878 -2.9536 0
806 -2.9556 0
654 -2.9636 0
626 -2.9656 0
1801 -2.9711 0
1717 -2.9734 0
1128 -2.9818 0
1712 -2.9886 0
63 -2.9920 0
135 -2.9955 0
765 -2.9997 0
1146 -3.0036 0
1934 -3.0069 0
413 -3.0092 0
98 -3.0148 0
246 -3.0189 0
69 -3.0221 0
1377 -3.0306 0
207 -3.0319 0
1004 -3.0339 0
1330 -3.0346 0
77 -3.0507 0
794 -3.0649 0
1189 -3.0682 0
648 -3.0780 0
1675 -3.0802 0
1171 -3.0804 0
896 -3.0894 0
1809 -3.0972 0
819 -3.1052 0
288 -3.1167 0
1163 -3.1278 0
417 -3.1435 0
139 -3.1460 0
687 -3.1474 0
50 -3.1589 0
1022 -3.1665 0
792 -3.1772 0
1471 -3.1910 0
1195 -3.1942 0
267 -3.2013 0
1111 -3.2046 0
76 -3.2116 0
1451 -3.2130 0
1875 -3.2148 0
1844 -3.2163 0
1812 -3.2202 0
1726 -3.2237 0
680 -3.2310 0
1308 -3.2331 0
591 -3.2344 0
178 -3.2357 0
1753 -3.2371 0
1696 -3.2402 0
1509 -3.2404 0
1758 -3.2463 0
357 -3.2494 0
1651 -3.2540 0
399 -3.2619 0
1723 -3.2652 0
144 -3.2926 0
1157 -3.3095 0
1707 -3.3155 0
114 -3.3175 0
1463 -3.3209 0
936 -3.3426 0
61 -3.3506 0
971 -3.3525 0
250 -3.3593 0
1373 -3.3670 0
731 -3.3672 0
1939 -3.3906 0
1476 -3.4006 0
1172 -3.4214 0
1803 -3.4217 0
1160 -3.4267 0
1832 -3.4313 0
603 -3.4342 0
1871 -3.4443 0
204 -3.4510 0
275 -3.4643 0
1324 -3.4733 0
639 -3.4805 0
1016 -3.5080 0
60 -3.5098 0
647 -3.5111 0
1725 -3.5303 0
1747 -3.5303 0
94 -3.5425 0
1691 -3.5533 0
242 -3.5733 0
688 -3.5737 0
420 -3.5906 0
760 -3.6074 0
217 -3.6153 0
1156 -3.6286 0
1039 -3.6393 0
1005 -3.6446 0
83 -3.6684 0
143 -3.6742 0
447 -3.6848 0
642 -3.6856 0
641 -3.6946 0
1690 -3.7240 0
1732 -3.7390 0
1175 -3.7424 0
1615 -3.7430 0
1159 -3.7608 0
1362 -3.7768 0
1681 -3.7899 0
1716 -3.8056 0
1130 -3.8121 0
1338 -3.8273 0
1819 -3.8276 0
546 -3.8416 0
446 -3.8974 0
1153 -3.9011 0
1843 -3.9242 0
1018 -3.9337 0
1898 -3.9540 0
1290 -3.9599 0
611 -3.9750 0
1688 -3.9770 0
1714 -3.9921 0
1457 -3.9943 0
1673 -3.9944 0
1800 -4.0023 0
1366 -4.0122 0
121 -4.0298 0
67 -4.0535 0
70 -4.0577 0
1687 -4.0765 0
1143 -4.0776 0
410 -4.0890 0
131 -4.0958 0
223 -4.1043 0
1135 -4.1111 0
624 -4.1209 0
1024 -4.1313 0
612 -4.1422 0
1342 -4.1439 0
1121 -4.1558 0
269 -4.1621 0
1700 -4.1629 0
412 -4.1965 0
134 -4.1972 0
798 -4.2118 0
51 -4.2460 0
1158 -4.2524 0
1151 -4.2682 0
1665 -4.2911 0
96 -4.2978 0
82 -4.3213 0
635 -4.3244 0
210 -4.3460 0
1485 -4.3572 0
638 -4.3616 0
141 -4.3707 0
1597 -4.4086 0
1101 -4.4718 0
1743 -4.4721 0
264 -4.4785 0
976 -4.4798 0
1117 -4.4902 0
1727 -4.5143 0
1656 -4.5386 0
294 -4.5552 0
407 -4.5926 0
232 -4.5946 0
282 -4.6181 0
1710 -4.6615 0
868 -4.6626 0
1868 -4.6645 0
299 -4.6775 0
1176 -4.6855 0
513 -4.6880 0
1701 -4.6897 0
54 -4.6922 0
1770 -4.7278 0
652 -4.7498 0
1709 -4.7539 0
1364 -4.7544 0
75 -4.7880 0
1742 -4.7953 0
1722 -4.8284 0
1352 -4.8837 0
404 -4.9034 0
1603 -4.9701 0
1718 -5.0884 0
1721 -5.0991 0
1735 -5.1462 0
1198 -5.1471 0
1729 -5.1527 0
1730 -5.1840 0
1740 -5.2901 0
115 -5.3162 0
1177 -5.4242 0
1316 -5.4348 0
1169 -5.5667 0
1669 -5.6096 0
630 -5.6211 0
1112 -5.7952 0
1702 -5.8032 0
1711 -5.8346 0
1489 -6.0027 0
1706 -6.3050 0
1532 -6.4781 0
