1474 30.0610 1
1490 29.6096 1
1499 25.9806 1
1473 25.9230 1
1450 24.5608 1
1484 23.8816 1
1478 23.8326 1
1476 23.7949 1
1462 23.7374 1
1492 23.3001 1
1451 22.7072 1
1460 22.6694 1
1463 21.9407 1
1495 21.9358 1
1469 21.6067 1
1453 21.1301 1
1479 20.7756 1
1464 19.6070 1
1489 19.5332 1
1468 19.3205 1
1456 19.3186 1
1454 19.0515 1
1497 18.9976 1
1485 18.9718 1
1455 18.9361 1
1486 18.4393 1
1483 18.0778 1
1496 17.0435 1
1481 16.9472 1
1494 16.7155 1
1487 16.1226 1
1472 15.7025 1
1471 15.6541 1
1493 14.9885 1
1482 14.8100 1
1452 14.3896 1
1459 14.2267 1
1353 13.8918 0
1498 13.8005 1
1458 13.7697 1
1466 13.4437 1
1465 12.2693 1
1470 12.1236 1
1610 11.7858 0
1611 11.5459 0
1480 11.4420 1
1461 11.4351 1
1617 11.2661 0
1597 11.2098 0
1467 10.9883 1
691 10.9731 0
1783 10.8162 0
651 10.4377 0
1457 10.2002 1
1388 9.9357 0
1488 9.8463 1
1653 9.5116 0
1628 9.2671 0
1549 9.1305 0
1600 9.0619 0
361 8.7426 0
1510 8.6570 0
1612 8.6439 0
1532 8.4966 0
1607 8.3750 0
1477 8.2556 1
696 7.9407 0
516 7.7401 0
1763 7.6799 0
1672 7.6225 0
1635 7.5555 0
1644 7.5235 0
462 7.4942 0
1629 7.3094 0
1647 7.2174 0
1616 7.2104 0
1648 7.1975 0
1398 7.1929 0
331 7.1808 0
1357 7.1688 0
1614 6.8763 0
1161 6.7746 0
1007 6.7475 0
396 6.7298 0
1608 6.7261 0
1627 6.6818 0
1669 6.5937 0
684 6.5876 0
394 6.5102 0
1992 6.4470 0
1041 6.3683 0
964 6.2272 0
950 6.2198 0
656 6.2134 0
1210 6.1294 0
1631 6.0580 0
338 6.0029 0
1550 5.9991 0
1551 5.9971 0
1219 5.9930 0
682 5.9376 0
1643 5.9161 0
775 5.8999 0
364 5.8835 0
1350 5.8559 0
1662 5.8447 0
1792 5.8286 0
1693 5.7910 0
1535 5.6819 0
1637 5.6734 0
304 5.6398 0
1699 5.6181 0
1162 5.5985 0
1523 5.5966 0
1241 5.5568 0
1177 5.5416 0
1361 5.5239 0
1009 5.5238 0
1671 5.4938 0
1045 5.4875 0
1546 5.4479 0
1521 5.4454 0
1396 5.4260 0
5 5.3928 0
357 5.3791 0
660 5.3430 0
453 5.3002 0
1526 5.2746 0
1548 5.2484 0
67 5.1979 0
350 5.1843 0
1599 5.1605 0
276 5.1583 0
1605 5.1250 0
1522 5.0699 0
1656 5.0360 0
1625 5.0097 0
1680 4.9702 0
1633 4.9436 0
1428 4.9377 0
1688 4.9189 0
654 4.9053 0
1602 4.8774 0
1638 4.8637 0
1542 4.8540 0
1538 4.8507 0
1636 4.8488 0
1536 4.8032 0
1145 4.7967 0
958 4.7951 0
2 4.7708 0
1202 4.7703 0
678 4.7580 0
1127 4.7476 0
1294 4.7071 0
168 4.6707 0
1354 4.6602 0
1622 4.6399 0
1533 4.6255 0
1534 4.6186 0
1543 4.6147 0
221 4.6065 0
1384 4.6025 0
1603 4.5922 0
457 4.5890 0
1504 4.5827 0
751 4.5550 0
1682 4.5502 0
1761 4.5497 0
965 4.5361 0
652 4.5311 0
40 4.5238 0
1491 4.5224 1
842 4.5221 0
467 4.5130 0
1681 4.5111 0
1679 4.5001 0
1676 4.4972 0
673 4.4938 0
1207 4.4889 0
292 4.4873 0
1650 4.4814 0
1942 4.4809 0
1604 4.4387 0
306 4.4248 0
670 4.4240 0
1692 4.4158 0
382 4.4135 0
1651 4.3862 0
565 4.3802 0
1658 4.3632 0
1565 4.3434 0
1516 4.3416 0
1233 4.3361 0
544 4.3151 0
1324 4.2958 0
1278 4.2350 0
1753 4.2206 0
71 4.2203 0
1377 4.2054 0
604 4.2000 0
1325 4.1751 0
1580 4.1510 0
1837 4.1437 0
1639 4.1276 0
1694 4.1078 0
1500 4.0847 0
1228 4.0733 0
553 4.0636 0
103 4.0555 0
231 4.0177 0
890 4.0133 0
1601 4.0091 0
1214 4.0043 0
1695 3.9858 0
54 3.9810 0
1537 3.9724 0
1307 3.9469 0
1678 3.9294 0
469 3.9252 0
1657 3.9249 0
1124 3.9155 0
1655 3.8979 0
1649 3.8900 0
485 3.8891 0
1342 3.8784 0
1197 3.8688 0
607 3.8481 0
1433 3.8300 0
1634 3.8294 0
1661 3.8230 0
301 3.8177 0
1947 3.8026 0
581 3.8016 0
879 3.7982 0
791 3.7895 0
732 3.7822 0
664 3.7602 0
1376 3.7533 0
712 3.7309 0
680 3.7013 0
1286 3.6993 0
1654 3.6792 0
1545 3.6736 0
1068 3.6583 0
549 3.6094 0
1659 3.5958 0
365 3.5750 0
913 3.5745 0
783 3.5276 0
355 3.5270 0
204 3.5208 0
1333 3.5192 0
1064 3.5169 0
1362 3.5159 0
729 3.5112 0
1355 3.4958 0
379 3.4861 0
1641 3.4822 0
756 3.4624 0
1055 3.4499 0
111 3.4440 0
1382 3.4110 0
1508 3.4052 0
1400 3.3844 0
1360 3.3696 0
737 3.3683 0
1509 3.3678 0
1515 3.3578 0
647 3.3486 0
369 3.3312 0
161 3.3070 0
1347 3.2880 0
1298 3.2825 0
955 3.2385 0
850 3.2367 0
690 3.1775 0
1787 3.1664 0
1502 3.1645 0
1438 3.1606 0
999 3.1601 0
1768 3.1580 0
1531 3.1344 0
1778 3.1305 0
1517 3.1293 0
1418 3.1288 0
992 3.1276 0
390 3.1155 0
1609 3.1132 0
1774 3.0927 0
1425 3.0918 0
755 3.0752 0
1632 3.0750 0
1501 3.0571 0
993 3.0548 0
975 3.0449 0
689 3.0224 0
1320 3.0206 0
1765 2.9887 0
626 2.9871 0
1143 2.9789 0
410 2.9673 0
1756 2.9543 0
1623 2.9537 0
699 2.9530 0
693 2.9521 0
1416 2.9396 0
313 2.9321 0
201 2.9245 0
366 2.9220 0
235 2.9193 0
1613 2.9099 0
242 2.9074 0
779 2.9066 0
859 2.9056 0
1048 2.9046 0
1640 2.8944 0
1626 2.8940 0
789 2.8926 0
1195 2.8901 0
439 2.8886 0
1930 2.8849 0
1766 2.8778 0
741 2.8675 0
1252 2.8645 0
359 2.8630 0
1759 2.8628 0
522 2.8569 0
1134 2.8412 0
674 2.8404 0
687 2.8271 0
1905 2.8259 0
1341 2.8248 0
1114 2.8134 0
1287 2.8130 0
1615 2.8117 0
354 2.7831 0
513 2.7692 0
980 2.7351 0
629 2.7331 0
1169 2.7058 0
694 2.7053 0
1280 2.7005 0
1299 2.6946 0
1664 2.6944 0
1511 2.6927 0
1251 2.6895 0
1174 2.6872 0
936 2.6843 0
1293 2.6765 0
1448 2.6697 0
1569 2.6677 0
13 2.6535 0
1618 2.6466 0
184 2.6116 0
1780 2.6070 0
1118 2.6030 0
1281 2.5969 0
759 2.5966 0
1562 2.5918 0
407 2.5904 0
1057 2.5656 0
1201 2.5413 0
1570 2.5369 0
412 2.5301 0
504 2.5300 0
1518 2.5293 0
353 2.5175 0
1561 2.5114 0
527 2.5053 0
1203 2.5004 0
1563 2.4948 0
1856 2.4927 0
1683 2.4872 0
1090 2.4759 0
809 2.4522 0
1547 2.4458 0
1184 2.4375 0
1142 2.4156 0
1422 2.4118 0
1529 2.4022 0
1402 2.4013 0
1191 2.3976 0
1337 2.3965 0
75 2.3829 0
326 2.3599 0
408 2.3521 0
483 2.3503 0
376 2.3322 0
418 2.3297 0
384 2.3245 0
60 2.3240 0
391 2.3113 0
1557 2.3041 0
99 2.3020 0
1512 2.2981 0
233 2.2980 0
12 2.2952 0
1582 2.2910 0
446 2.2674 0
1359 2.2635 0
994 2.2626 0
1578 2.2606 0
81 2.2421 0
618 2.2343 0
271 2.2339 0
1239 2.2316 0
1328 2.2060 0
1907 2.1926 0
454 2.1872 0
1234 2.1860 0
1775 2.1733 0
50 2.1730 0
17 2.1708 0
1102 2.1705 0
794 2.1704 0
970 2.1659 0
881 2.1631 0
706 2.1569 0
480 2.1466 0
663 2.1221 0
395 2.1217 0
295 2.1160 0
327 2.1136 0
1208 2.0856 0
293 2.0854 0
207 2.0772 0
695 2.0730 0
200 2.0724 0
1786 2.0682 0
711 2.0680 0
78 2.0523 0
1525 2.0509 0
1247 2.0434 0
1782 2.0417 0
1876 2.0331 0
1379 2.0288 0
1645 2.0275 0
572 2.0211 0
1862 2.0190 0
1296 2.0131 0
715 2.0081 0
1128 2.0057 0
167 1.9993 0
1685 1.9985 0
1882 1.9970 0
1019 1.9941 0
952 1.9940 0
1769 1.9884 0
803 1.9839 0
136 1.9837 0
193 1.9759 0
1268 1.9745 0
1351 1.9535 0
723 1.9453 0
1660 1.9405 0
1003 1.9388 0
631 1.9387 0
1475 1.9378 1
1209 1.9349 0
1552 1.9289 0
671 1.9260 0
724 1.8988 0
749 1.8981 0
727 1.8937 0
1104 1.8904 0
1035 1.8889 0
1527 1.8871 0
986 1.8862 0
377 1.8853 0
795 1.8802 0
1403 1.8779 0
1520 1.8687 0
833 1.8643 0
1674 1.8516 0
1258 1.8497 0
1147 1.8484 0
1919 1.8449 0
1303 1.8421 0
452 1.8388 0
1078 1.8192 0
1933 1.8147 0
1141 1.8100 0
1306 1.8060 0
580 1.7908 0
389 1.7867 0
754 1.7786 0
1168 1.7755 0
968 1.7726 0
1894 1.7704 0
214 1.7679 0
1673 1.7579 0
938 1.7564 0
43 1.7552 0
655 1.7527 0
1119 1.7372 0
1560 1.7356 0
1044 1.7301 0
1555 1.7273 0
420 1.7263 0
1431 1.7254 0
692 1.7220 0
1061 1.7153 0
1052 1.7153 0
1825 1.7091 0
1558 1.7076 0
1575 1.7045 0
1566 1.7029 0
1698 1.6997 0
1369 1.6822 0
284 1.6816 0
311 1.6807 0
1276 1.6715 0
909 1.6615 0
521 1.6488 0
940 1.6461 0
68 1.6447 0
1097 1.6377 0
1909 1.6299 0
1156 1.6232 0
792 1.6205 0
15 1.6129 0
316 1.6047 0
1505 1.5984 0
156 1.5933 0
197 1.5864 0
1940 1.5848 0
1309 1.5774 0
1594 1.5702 0
1524 1.5691 0
1185 1.5624 0
677 1.5612 0
1588 1.5546 0
773 1.5492 0
1793 1.5487 0
1374 1.5466 0
19 1.5414 0
743 1.5363 0
636 1.5276 0
1708 1.5177 0
777 1.5087 0
451 1.5056 0
1430 1.5002 0
996 1.4892 0
1758 1.4871 0
1579 1.4830 0
1646 1.4804 0
1587 1.4763 0
1302 1.4697 0
1316 1.4683 0
1642 1.4635 0
902 1.4632 0
348 1.4628 0
740 1.4611 0
1079 1.4518 0
524 1.4488 0
1372 1.4399 0
1215 1.4293 0
1390 1.4278 0
1026 1.4274 0
368 1.4268 0
373 1.4246 0
942 1.4234 0
80 1.4175 0
1784 1.4119 0
402 1.4112 0
1988 1.3964 0
1067 1.3912 0
149 1.3853 0
1352 1.3844 0
493 1.3841 0
1366 1.3821 0
616 1.3753 0
542 1.3696 0
601 1.3680 0
1606 1.3614 0
1072 1.3611 0
274 1.3598 0
1715 1.3580 0
1332 1.3548 0
1288 1.3501 0
1032 1.3458 0
969 1.3451 0
1380 1.3451 0
1399 1.3285 0
1262 1.3193 0
308 1.3191 0
1668 1.3179 0
733 1.3175 0
861 1.3089 0
1049 1.3049 0
1115 1.2986 0
486 1.2972 0
1596 1.2960 0
1363 1.2956 0
213 1.2821 0
988 1.2755 0
1225 1.2720 0
252 1.2714 0
1212 1.2573 0
243 1.2445 0
717 1.2415 0
896 1.2343 0
731 1.2297 0
1034 1.2281 0
589 1.2280 0
230 1.2278 0
1062 1.2268 0
1248 1.2012 0
215 1.1982 0
1772 1.1958 0
434 1.1941 0
702 1.1784 0
1541 1.1773 0
1737 1.1645 0
1911 1.1602 0
1406 1.1559 0
1904 1.1556 0
889 1.1551 0
1447 1.1492 0
445 1.1480 0
669 1.1478 0
109 1.1457 0
1690 1.1369 0
1858 1.1362 0
887 1.1323 0
411 1.1320 0
241 1.1319 0
290 1.1267 0
650 1.1248 0
900 1.1206 0
1368 1.1202 0
951 1.1192 0
675 1.1148 0
853 1.1144 0
63 1.1102 0
1373 1.1084 0
360 1.1071 0
1514 1.1066 0
1405 1.1024 0
1506 1.1020 0
1559 1.0910 0
672 1.0853 0
683 1.0836 0
788 1.0818 0
1060 1.0816 0
1513 1.0740 0
419 1.0674 0
746 1.0668 0
479 1.0640 0
676 1.0542 0
263 1.0399 0
1013 1.0385 0
1900 1.0301 0
1733 1.0217 0
957 1.0202 0
307 1.0148 0
1686 1.0144 0
312 1.0125 0
932 1.0113 0
25 1.0106 0
830 1.0103 0
1042 1.0061 0
753 1.0049 0
1046 1.0044 0
666 1.0004 0
1735 0.9992 0
806 0.9984 0
1386 0.9972 0
518 0.9953 0
255 0.9933 0
1058 0.9879 0
254 0.9859 0
688 0.9807 0
762 0.9789 0
1179 0.9744 0
1577 0.9730 0
971 0.9590 0
1432 0.9582 0
1590 0.9532 0
1387 0.9492 0
69 0.9466 0
1799 0.9412 0
947 0.9407 0
825 0.9399 0
1381 0.9361 0
598 0.9358 0
545 0.9320 0
1875 0.9280 0
1264 0.9268 0
763 0.9231 0
385 0.9203 0
155 0.9155 0
1345 0.9084 0
584 0.9067 0
630 0.8939 0
1063 0.8882 0
1437 0.8856 0
1687 0.8821 0
372 0.8813 0
1256 0.8773 0
977 0.8707 0
1031 0.8641 0
1734 0.8619 0
285 0.8558 0
841 0.8534 0
837 0.8507 0
64 0.8419 0
941 0.8410 0
1111 0.8388 0
927 0.8385 0
797 0.8344 0
1741 0.8340 0
657 0.8254 0
435 0.8243 0
1088 0.8239 0
362 0.8217 0
720 0.8116 0
1592 0.8094 0
1100 0.7965 0
0 0.7959 0
914 0.7956 0
945 0.7899 0
1404 0.7898 0
541 0.7895 0
432 0.7887 0
1719 0.7866 0
1011 0.7808 0
1781 0.7788 0
1339 0.7787 0
466 0.7760 0
1581 0.7697 0
973 0.7694 0
1528 0.7691 0
1790 0.7684 0
344 0.7677 0
514 0.7674 0
423 0.7645 0
229 0.7632 0
1282 0.7631 0
1574 0.7621 0
1016 0.7606 0
249 0.7561 0
24 0.7548 0
1539 0.7524 0
330 0.7457 0
1206 0.7433 0
1887 0.7415 0
1630 0.7386 0
1749 0.7335 0
73 0.7291 0
700 0.7180 0
933 0.7160 0
991 0.7060 0
356 0.6977 0
1093 0.6921 0
1383 0.6866 0
494 0.6813 0
1336 0.6788 0
1014 0.6786 0
698 0.6771 0
495 0.6708 0
1813 0.6573 0
1835 0.6556 0
1077 0.6537 0
1777 0.6534 0
183 0.6501 0
275 0.6493 0
568 0.6445 0
1652 0.6399 0
1865 0.6376 0
1923 0.6347 0
388 0.6333 0
1408 0.6330 0
442 0.6327 0
239 0.6319 0
154 0.6305 0
62 0.6277 0
1833 0.6240 0
1717 0.6226 0
1047 0.6219 0
1109 0.6203 0
1936 0.6177 0
1393 0.6158 0
1223 0.6060 0
1449 0.6037 0
371 0.6027 0
91 0.5967 0
428 0.5942 0
113 0.5942 0
340 0.5929 0
1754 0.5878 0
1789 0.5853 0
1903 0.5794 0
1150 0.5792 0
989 0.5785 0
1677 0.5780 0
1948 0.5747 0
95 0.5717 0
765 0.5702 0
140 0.5667 0
624 0.5576 0
981 0.5534 0
1667 0.5493 0
1441 0.5456 0
884 0.5454 0
946 0.5449 0
383 0.5438 0
1080 0.5372 0
1507 0.5365 0
785 0.5365 0
297 0.5341 0
1861 0.5325 0
1410 0.5312 0
538 0.5310 0
564 0.5287 0
1663 0.5276 0
53 0.5272 0
1113 0.5272 0
1144 0.5270 0
1036 0.5232 0
567 0.5232 0
291 0.5158 0
739 0.5114 0
1190 0.5087 0
1440 0.5047 0
351 0.5027 0
1691 0.5002 0
97 0.4992 0
194 0.4984 0
870 0.4982 0
358 0.4965 0
1591 0.4885 0
937 0.4881 0
1089 0.4847 0
1186 0.4814 0
967 0.4808 0
983 0.4778 0
374 0.4768 0
125 0.4767 0
323 0.4701 0
1329 0.4678 0
245 0.4610 0
1010 0.4601 0
1951 0.4569 0
1242 0.4524 0
566 0.4509 0
211 0.4481 0
1721 0.4473 0
1025 0.4449 0
1255 0.4429 0
1037 0.4428 0
1140 0.4425 0
978 0.4411 0
1443 0.4369 0
593 0.4303 0
488 0.4281 0
422 0.4264 0
1556 0.4257 0
363 0.4242 0
1744 0.4208 0
929 0.4198 0
766 0.4188 0
1244 0.4140 0
734 0.4137 0
1323 0.4122 0
537 0.4082 0
1689 0.4004 0
393 0.3996 0
1243 0.3944 0
790 0.3928 0
625 0.3925 0
780 0.3895 0
1982 0.3895 0
1284 0.3859 0
949 0.3856 0
1221 0.3785 0
867 0.3783 0
1107 0.3779 0
1053 0.3774 0
805 0.3765 0
1087 0.3730 0
1937 0.3724 0
20 0.3708 0
1218 0.3704 0
84 0.3653 0
1773 0.3622 0
1196 0.3592 0
345 0.3588 0
1739 0.3586 0
1378 0.3563 0
1023 0.3536 0
1732 0.3536 0
1755 0.3494 0
658 0.3476 0
548 0.3473 0
328 0.3464 0
801 0.3460 0
1785 0.3384 0
437 0.3334 0
1598 0.3318 0
761 0.3309 0
1030 0.3260 0
6 0.3252 0
397 0.3182 0
335 0.3151 0
985 0.3145 0
728 0.3057 0
158 0.3052 0
1788 0.3002 0
827 0.3002 0
240 0.2999 0
1818 0.2992 0
257 0.2987 0
172 0.2940 0
266 0.2930 0
1395 0.2904 0
387 0.2761 0
730 0.2745 0
106 0.2735 0
196 0.2721 0
1020 0.2657 0
458 0.2651 0
460 0.2646 0
722 0.2618 0
905 0.2598 0
570 0.2563 0
1117 0.2524 0
1166 0.2487 0
590 0.2474 0
1962 0.2449 0
1576 0.2401 0
1670 0.2380 0
1394 0.2350 0
888 0.2331 0
1085 0.2276 0
1908 0.2250 0
848 0.2214 0
1029 0.2180 0
94 0.2137 0
816 0.2127 0
286 0.2119 0
79 0.2092 0
337 0.2068 0
1198 0.2060 0
1697 0.2045 0
525 0.2008 0
1624 0.1986 0
1129 0.1875 0
697 0.1818 0
873 0.1813 0
1846 0.1805 0
210 0.1774 0
52 0.1753 0
1311 0.1712 0
911 0.1704 0
512 0.1655 0
1584 0.1654 0
1040 0.1598 0
1194 0.1578 0
910 0.1575 0
1849 0.1536 0
828 0.1512 0
118 0.1457 0
426 0.1439 0
1101 0.1437 0
1103 0.1431 0
1776 0.1415 0
253 0.1401 0
1718 0.1387 0
1427 0.1324 0
1424 0.1277 0
555 0.1275 0
838 0.1240 0
826 0.1219 0
1564 0.1187 0
262 0.1172 0
1370 0.1123 0
843 0.1114 0
1205 0.1081 0
781 0.1077 0
1746 0.1063 0
505 0.1029 0
701 0.0986 0
334 0.0926 0
997 0.0905 0
223 0.0886 0
380 0.0795 0
1797 0.0778 0
83 0.0766 0
851 0.0741 0
583 0.0736 0
903 0.0697 0
571 0.0692 0
238 0.0680 0
1446 0.0674 0
1106 0.0606 0
1397 0.0590 0
1666 0.0557 0
1593 0.0551 0
659 0.0540 0
398 0.0534 0
1553 0.0531 0
1331 0.0525 0
836 0.0460 0
744 0.0427 0
531 0.0417 0
956 0.0417 0
3 0.0324 0
41 0.0302 0
925 0.0160 0
415 0.0154 0
46 0.0131 0
1922 0.0002 0
840 -0.0033 0
599 -0.0051 0
1160 -0.0057 0
1008 -0.0069 0
1364 -0.0070 0
1770 -0.0072 0
1204 -0.0076 0
1435 -0.0082 0
707 -0.0094 0
1976 -0.0109 0
1906 -0.0204 0
685 -0.0208 0
1619 -0.0226 0
465 -0.0230 0
1987 -0.0232 0
378 -0.0247 0
343 -0.0273 0
440 -0.0277 0
1050 -0.0282 0
98 -0.0309 0
901 -0.0405 0
747 -0.0415 0
1279 -0.0438 0
708 -0.0479 0
1200 -0.0490 0
302 -0.0507 0
1295 -0.0530 0
559 -0.0616 0
258 -0.0670 0
1275 -0.0726 0
1389 -0.0735 0
1620 -0.0767 0
237 -0.0770 0
1250 -0.0793 0
1426 -0.0897 0
771 -0.0958 0
1081 -0.0966 0
1503 -0.0978 0
1764 -0.0980 0
653 -0.1005 0
381 -0.1045 0
500 -0.1060 0
1877 -0.1117 0
998 -0.1129 0
1199 -0.1148 0
18 -0.1159 0
1586 -0.1161 0
1706 -0.1167 0
39 -0.1205 0
1414 -0.1230 0
539 -0.1352 0
923 -0.1384 0
487 -0.1409 0
1367 -0.1458 0
352 -0.1520 0
1595 -0.1537 0
1235 -0.1576 0
574 -0.1613 0
709 -0.1640 0
721 -0.1648 0
1099 -0.1673 0
209 -0.1679 0
135 -0.1685 0
48 -0.1701 0
1326 -0.1709 0
244 -0.1748 0
1108 -0.1786 0
917 -0.1789 0
289 -0.1792 0
849 -0.1828 0
665 -0.1884 0
847 -0.1920 0
1159 -0.1957 0
1193 -0.1958 0
1589 -0.1986 0
1411 -0.2020 0
1270 -0.2040 0
1073 -0.2041 0
679 -0.2062 0
823 -0.2125 0
1227 -0.2138 0
1182 -0.2147 0
1415 -0.2214 0
614 -0.2223 0
770 -0.2226 0
1573 -0.2249 0
844 -0.2292 0
924 -0.2355 0
1002 -0.2443 0
224 -0.2534 0
1972 -0.2538 0
972 -0.2588 0
1743 -0.2688 0
1767 -0.2833 0
431 -0.2861 0
132 -0.2872 0
1095 -0.2905 0
433 -0.2915 0
1965 -0.2968 0
1926 -0.2981 0
474 -0.2983 0
1771 -0.3000 0
220 -0.3013 0
895 -0.3020 0
417 -0.3037 0
1918 -0.3053 0
810 -0.3070 0
597 -0.3071 0
1957 -0.3139 0
1173 -0.3140 0
920 -0.3175 0
1094 -0.3176 0
1229 -0.3178 0
745 -0.3202 0
713 -0.3225 0
4 -0.3251 0
66 -0.3261 0
718 -0.3287 0
277 -0.3318 0
880 -0.3322 0
272 -0.3323 0
1 -0.3327 0
1540 -0.3331 0
1305 -0.3347 0
1842 -0.3374 0
1889 -0.3408 0
1338 -0.3451 0
463 -0.3483 0
1120 -0.3496 0
195 -0.3606 0
802 -0.3634 0
1260 -0.3663 0
1442 -0.3667 0
930 -0.3719 0
961 -0.3722 0
1716 -0.3743 0
868 -0.3754 0
885 -0.3765 0
1154 -0.3789 0
962 -0.3790 0
288 -0.3826 0
36 -0.3842 0
10 -0.3854 0
491 -0.3893 0
1945 -0.3912 0
934 -0.3936 0
375 -0.3940 0
333 -0.3990 0
421 -0.4076 0
1277 -0.4088 0
90 -0.4096 0
1675 -0.4099 0
367 -0.4129 0
1001 -0.4233 0
1152 -0.4271 0
1953 -0.4288 0
738 -0.4298 0
1796 -0.4322 0
787 -0.4326 0
65 -0.4351 0
1071 -0.4361 0
414 -0.4395 0
1245 -0.4524 0
1238 -0.4566 0
1931 -0.4571 0
1123 -0.4589 0
1963 -0.4590 0
1814 -0.4597 0
1779 -0.4629 0
876 -0.4639 0
703 -0.4669 0
667 -0.4688 0
32 -0.4690 0
966 -0.4809 0
1171 -0.4818 0
710 -0.4825 0
953 -0.4847 0
1033 -0.4858 0
147 -0.4883 0
1745 -0.4915 0
894 -0.4950 0
1730 -0.4987 0
892 -0.5021 0
1874 -0.5024 0
124 -0.5063 0
622 -0.5117 0
405 -0.5131 0
1806 -0.5136 0
519 -0.5163 0
1924 -0.5185 0
45 -0.5192 0
904 -0.5207 0
726 -0.5209 0
1066 -0.5211 0
1012 -0.5221 0
883 -0.5271 0
705 -0.5271 0
1817 -0.5307 0
757 -0.5318 0
804 -0.5323 0
1021 -0.5355 0
1038 -0.5373 0
1263 -0.5378 0
173 -0.5428 0
279 -0.5438 0
296 -0.5460 0
1006 -0.5461 0
392 -0.5514 0
1217 -0.5543 0
1172 -0.5544 0
1178 -0.5573 0
1315 -0.5602 0
1164 -0.5636 0
102 -0.5637 0
1750 -0.5674 0
100 -0.5678 0
1585 -0.5770 0
86 -0.5832 0
324 -0.5867 0
370 -0.5931 0
1391 -0.5932 0
1249 -0.6144 0
878 -0.6166 0
855 -0.6176 0
456 -0.6204 0
1116 -0.6247 0
108 -0.6256 0
185 -0.6260 0
464 -0.6280 0
1871 -0.6299 0
58 -0.6339 0
169 -0.6346 0
93 -0.6349 0
346 -0.6352 0
758 -0.6422 0
321 -0.6436 0
1290 -0.6450 0
1841 -0.6471 0
1920 -0.6487 0
142 -0.6507 0
228 -0.6540 0
436 -0.6553 0
1112 -0.6579 0
1096 -0.6586 0
317 -0.6589 0
1358 -0.6619 0
342 -0.6639 0
600 -0.6665 0
88 -0.6682 0
1434 -0.6687 0
1848 -0.6702 0
767 -0.6709 0
281 -0.6733 0
1222 -0.6733 0
1703 -0.6743 0
1137 -0.6747 0
1420 -0.6756 0
34 -0.6792 0
1712 -0.6808 0
409 -0.6810 0
406 -0.6812 0
534 -0.6890 0
1149 -0.6976 0
179 -0.7003 0
1334 -0.7029 0
429 -0.7087 0
912 -0.7091 0
1091 -0.7102 0
1409 -0.7107 0
319 -0.7115 0
817 -0.7139 0
979 -0.7183 0
218 -0.7198 0
269 -0.7211 0
793 -0.7247 0
959 -0.7257 0
748 -0.7265 0
336 -0.7304 0
1192 -0.7375 0
532 -0.7381 0
716 -0.7394 0
349 -0.7412 0
1914 -0.7428 0
1702 -0.7429 0
862 -0.7497 0
305 -0.7506 0
1110 -0.7519 0
56 -0.7525 0
332 -0.7561 0
742 -0.7562 0
1714 -0.7582 0
786 -0.7604 0
893 -0.7607 0
31 -0.7632 0
427 -0.7658 0
1183 -0.7674 0
318 -0.7686 0
948 -0.7706 0
89 -0.7730 0
441 -0.7734 0
1915 -0.7798 0
602 -0.7809 0
1356 -0.7841 0
191 -0.7894 0
592 -0.7900 0
1371 -0.7990 0
1224 -0.7997 0
510 -0.8033 0
1665 -0.8043 0
130 -0.8057 0
1807 -0.8081 0
110 -0.8107 0
877 -0.8137 0
1519 -0.8185 0
123 -0.8204 0
1726 -0.8205 0
443 -0.8232 0
863 -0.8232 0
424 -0.8284 0
497 -0.8287 0
1121 -0.8290 0
1762 -0.8314 0
649 -0.8318 0
1126 -0.8324 0
386 -0.8388 0
1267 -0.8457 0
1724 -0.8466 0
871 -0.8473 0
1757 -0.8488 0
447 -0.8509 0
16 -0.8548 0
1910 -0.8549 0
1253 -0.8564 0
1791 -0.8571 0
182 -0.8606 0
399 -0.8608 0
1863 -0.8676 0
1567 -0.8688 0
812 -0.8692 0
234 -0.8705 0
1436 -0.8728 0
1991 -0.8741 0
217 -0.8758 0
799 -0.8770 0
1146 -0.8789 0
1760 -0.8798 0
278 -0.8808 0
163 -0.8838 0
543 -0.8874 0
1728 -0.8900 0
1131 -0.8908 0
821 -0.8993 0
298 -0.9099 0
1891 -0.9107 0
112 -0.9170 0
508 -0.9219 0
1348 -0.9234 0
303 -0.9244 0
144 -0.9301 0
857 -0.9366 0
1330 -0.9384 0
891 -0.9391 0
448 -0.9410 0
1271 -0.9479 0
1043 -0.9534 0
1795 -0.9539 0
822 -0.9553 0
400 -0.9594 0
137 -0.9685 0
1881 -0.9685 0
259 -0.9911 0
134 -0.9922 0
1070 -0.9935 0
236 -0.9950 0
897 -0.9974 0
1015 -1.0025 0
960 -1.0045 0
250 -1.0075 0
1423 -1.0143 0
1827 -1.0155 0
450 -1.0219 0
1136 -1.0299 0
982 -1.0322 0
976 -1.0332 0
1959 -1.0352 0
1707 -1.0421 0
872 -1.0535 0
1939 -1.0605 0
1740 -1.0639 0
1401 -1.0653 0
1413 -1.0672 0
1751 -1.0697 0
186 -1.0713 0
540 -1.0779 0
1237 -1.0858 0
339 -1.0947 0
270 -1.1038 0
38 -1.1069 0
1621 -1.1084 0
1820 -1.1175 0
1028 -1.1246 0
309 -1.1294 0
26 -1.1311 0
129 -1.1337 0
1004 -1.1420 0
1928 -1.1460 0
1572 -1.1471 0
1105 -1.1507 0
1312 -1.1546 0
1076 -1.1553 0
203 -1.1587 0
1000 -1.1625 0
198 -1.1640 0
918 -1.1651 0
523 -1.1662 0
260 -1.1729 0
562 -1.1765 0
511 -1.1806 0
551 -1.1806 0
1313 -1.1809 0
1439 -1.2075 0
613 -1.2136 0
784 -1.2164 0
1236 -1.2195 0
1978 -1.2199 0
104 -1.2290 0
1701 -1.2291 0
735 -1.2340 0
478 -1.2340 0
558 -1.2357 0
547 -1.2373 0
1898 -1.2481 0
484 -1.2496 0
1731 -1.2511 0
916 -1.2525 0
603 -1.2544 0
835 -1.2553 0
1157 -1.2701 0
819 -1.2722 0
404 -1.2728 0
856 -1.2729 0
133 -1.2743 0
116 -1.2757 0
1912 -1.2778 0
28 -1.2789 0
1266 -1.2827 0
807 -1.2854 0
813 -1.2898 0
143 -1.2951 0
939 -1.3020 0
1855 -1.3029 0
55 -1.3031 0
1860 -1.3045 0
202 -1.3088 0
1949 -1.3115 0
347 -1.3147 0
21 -1.3152 0
1412 -1.3222 0
299 -1.3253 0
320 -1.3284 0
176 -1.3343 0
1429 -1.3376 0
1895 -1.3386 0
151 -1.3390 0
1709 -1.3395 0
341 -1.3449 0
280 -1.3500 0
1086 -1.3531 0
768 -1.3547 0
273 -1.3638 0
605 -1.3714 0
77 -1.3856 0
846 -1.3952 0
864 -1.3952 0
1815 -1.3958 0
615 -1.4016 0
612 -1.4108 0
1444 -1.4108 0
1188 -1.4162 0
1065 -1.4203 0
1985 -1.4210 0
662 -1.4228 0
704 -1.4315 0
621 -1.4336 0
1859 -1.4360 0
1125 -1.4360 0
1845 -1.4373 0
839 -1.4402 0
1180 -1.4405 0
1139 -1.4448 0
648 -1.4461 0
153 -1.4463 0
1098 -1.4535 0
645 -1.4607 0
1729 -1.4733 0
1998 -1.4792 0
1821 -1.4811 0
811 -1.4827 0
1878 -1.4852 0
49 -1.4854 0
736 -1.4857 0
1092 -1.4898 0
444 -1.4902 0
212 -1.4915 0
1132 -1.4924 0
1899 -1.4938 0
51 -1.4966 0
1989 -1.5016 0
471 -1.5035 0
1344 -1.5055 0
1240 -1.5055 0
1696 -1.5075 0
798 -1.5238 0
1870 -1.5275 0
1927 -1.5330 0
591 -1.5331 0
760 -1.5331 0
1890 -1.5340 0
1571 -1.5350 0
152 -1.5385 0
586 -1.5411 0
1810 -1.5415 0
187 -1.5434 0
141 -1.5475 0
1189 -1.5484 0
162 -1.5512 0
921 -1.5658 0
637 -1.5669 0
1322 -1.5684 0
1544 -1.5769 0
926 -1.5783 0
1283 -1.5788 0
1163 -1.5793 0
1059 -1.5793 0
1857 -1.5847 0
643 -1.5856 0
1346 -1.5892 0
119 -1.5984 0
507 -1.6024 0
908 -1.6041 0
1530 -1.6041 0
633 -1.6046 0
76 -1.6049 0
282 -1.6051 0
44 -1.6059 0
1122 -1.6201 0
1738 -1.6219 0
1986 -1.6239 0
1273 -1.6322 0
931 -1.6373 0
268 -1.6388 0
1794 -1.6389 0
1977 -1.6389 0
714 -1.6415 0
796 -1.6432 0
987 -1.6461 0
907 -1.6483 0
416 -1.6527 0
617 -1.6546 0
248 -1.6602 0
579 -1.6649 0
845 -1.6682 0
1725 -1.6703 0
1747 -1.6703 0
300 -1.6743 0
772 -1.6782 0
1138 -1.6798 0
1318 -1.6822 0
808 -1.6874 0
686 -1.6898 0
502 -1.7054 0
105 -1.7153 0
546 -1.7189 0
774 -1.7199 0
1056 -1.7243 0
188 -1.7244 0
1051 -1.7302 0
170 -1.7474 0
585 -1.7480 0
1269 -1.7538 0
1713 -1.7564 0
61 -1.7570 0
165 -1.7619 0
919 -1.7644 0
226 -1.7646 0
120 -1.7647 0
23 -1.7665 0
1297 -1.7671 0
42 -1.7680 0
1022 -1.7718 0
1700 -1.7758 0
922 -1.7764 0
413 -1.7777 0
1084 -1.7784 0
646 -1.7844 0
639 -1.7866 0
750 -1.7875 0
1349 -1.7929 0
1968 -1.7967 0
1176 -1.7978 0
644 -1.8014 0
425 -1.8016 0
1879 -1.8055 0
264 -1.8106 0
222 -1.8214 0
1392 -1.8220 0
609 -1.8222 0
29 -1.8256 0
287 -1.8333 0
984 -1.8447 0
800 -1.8472 0
159 -1.8489 0
92 -1.8529 0
1720 -1.8657 0
459 -1.8669 0
1935 -1.8701 0
1317 -1.8806 0
1902 -1.8825 0
131 -1.8842 0
128 -1.8868 0
915 -1.8907 0
322 -1.8913 0
1314 -1.8918 0
1946 -1.8922 0
1952 -1.8960 0
831 -1.8993 0
1812 -1.8998 0
627 -1.9083 0
1445 -1.9114 0
1808 -1.9120 0
1840 -1.9131 0
1257 -1.9150 0
1158 -1.9151 0
70 -1.9155 0
1274 -1.9193 0
329 -1.9208 0
554 -1.9212 0
1742 -1.9268 0
472 -1.9272 0
219 -1.9278 0
1956 -1.9315 0
1310 -1.9325 0
906 -1.9371 0
310 -1.9394 0
1319 -1.9397 0
1327 -1.9498 0
96 -1.9628 0
582 -1.9753 0
1335 -1.9792 0
1385 -1.9858 0
1954 -1.9860 0
1075 -1.9911 0
1934 -1.9983 0
557 -1.9986 0
995 -2.0046 0
1272 -2.0154 0
1246 -2.0202 0
899 -2.0258 0
815 -2.0310 0
438 -2.0332 0
1568 -2.0345 0
1308 -2.0414 0
834 -2.0439 0
1816 -2.0548 0
1301 -2.0672 0
114 -2.0713 0
82 -2.0724 0
1925 -2.0766 0
1024 -2.0808 0
503 -2.0820 0
509 -2.0843 0
641 -2.0986 0
1069 -2.0986 0
854 -2.1029 0
829 -2.1030 0
1710 -2.1031 0
7 -2.1093 0
1811 -2.1145 0
1365 -2.1182 0
1261 -2.1218 0
719 -2.1255 0
1054 -2.1366 0
569 -2.1369 0
1967 -2.1420 0
8 -2.1441 0
1130 -2.1451 0
189 -2.1470 0
1005 -2.1560 0
1886 -2.1581 0
1983 -2.1674 0
1027 -2.1713 0
401 -2.1746 0
157 -2.1838 0
1824 -2.1870 0
638 -2.1901 0
515 -2.1922 0
935 -2.1925 0
115 -2.1927 0
87 -2.1966 0
898 -2.1972 0
47 -2.2036 0
1800 -2.2090 0
865 -2.2096 0
37 -2.2143 0
1213 -2.2154 0
661 -2.2206 0
1901 -2.2220 0
517 -2.2281 0
954 -2.2319 0
1017 -2.2390 0
1955 -2.2507 0
1897 -2.2569 0
294 -2.2606 0
283 -2.2609 0
117 -2.2663 0
138 -2.2674 0
1148 -2.2722 0
1752 -2.2808 0
632 -2.2834 0
782 -2.2860 0
85 -2.2870 0
1999 -2.2945 0
1723 -2.2963 0
818 -2.2981 0
1838 -2.3144 0
1153 -2.3161 0
1883 -2.3170 0
610 -2.3199 0
824 -2.3249 0
1304 -2.3341 0
315 -2.3386 0
561 -2.3391 0
860 -2.3395 0
681 -2.3438 0
560 -2.3505 0
1074 -2.3587 0
314 -2.3692 0
725 -2.3694 0
1018 -2.3778 0
869 -2.3899 0
1421 -2.3988 0
490 -2.4066 0
529 -2.4099 0
1135 -2.4157 0
59 -2.4192 0
882 -2.4218 0
875 -2.4274 0
1873 -2.4328 0
820 -2.4334 0
1979 -2.4348 0
11 -2.4366 0
1973 -2.4402 0
1854 -2.4479 0
180 -2.4534 0
1722 -2.4618 0
886 -2.4668 0
449 -2.4670 0
208 -2.4694 0
1083 -2.4704 0
1884 -2.4821 0
1289 -2.4927 0
563 -2.5027 0
501 -2.5052 0
814 -2.5120 0
1843 -2.5174 0
578 -2.5232 0
1893 -2.5236 0
232 -2.5320 0
1944 -2.5537 0
832 -2.5564 0
1888 -2.5577 0
171 -2.5603 0
1917 -2.5605 0
943 -2.5635 0
536 -2.5650 0
526 -2.5668 0
1829 -2.5723 0
852 -2.5788 0
577 -2.5809 0
475 -2.5896 0
752 -2.5906 0
1916 -2.6143 0
1929 -2.6147 0
146 -2.6209 0
1554 -2.6233 0
530 -2.6290 0
121 -2.6311 0
1232 -2.6386 0
588 -2.6388 0
216 -2.6402 0
14 -2.6422 0
528 -2.6472 0
1852 -2.6534 0
164 -2.6576 0
430 -2.6583 0
199 -2.6592 0
1798 -2.6669 0
1711 -2.6702 0
1850 -2.6764 0
256 -2.6799 0
1231 -2.6856 0
492 -2.6972 0
174 -2.6984 0
1167 -2.6994 0
628 -2.7032 0
72 -2.7074 0
1375 -2.7117 0
206 -2.7231 0
1291 -2.7274 0
1748 -2.7349 0
1943 -2.7464 0
990 -2.7500 0
573 -2.7544 0
177 -2.7627 0
1822 -2.7628 0
1851 -2.7754 0
1419 -2.7857 0
205 -2.7921 0
1170 -2.7926 0
139 -2.7953 0
1417 -2.8007 0
1975 -2.8016 0
858 -2.8575 0
247 -2.8693 0
1847 -2.8811 0
1039 -2.8825 0
1684 -2.8850 0
30 -2.8899 0
1950 -2.8961 0
1340 -2.8977 0
874 -2.8988 0
595 -2.9085 0
1727 -2.9114 0
1892 -2.9116 0
265 -2.9191 0
1921 -2.9318 0
587 -2.9433 0
74 -2.9469 0
1343 -2.9482 0
498 -2.9485 0
1969 -2.9522 0
1980 -2.9622 0
192 -2.9645 0
481 -2.9682 0
535 -2.9687 0
1265 -2.9723 0
550 -2.9736 0
1155 -2.9801 0
1407 -2.9805 0
57 -2.9880 0
175 -2.9940 0
1990 -2.9956 0
1830 -3.0038 0
251 -3.0135 0
1984 -3.0149 0
225 -3.0208 0
533 -3.0280 0
127 -3.0359 0
145 -3.0446 0
506 -3.0493 0
122 -3.0606 0
596 -3.0615 0
1259 -3.0696 0
33 -3.0735 0
866 -3.0749 0
1981 -3.0762 0
576 -3.1159 0
1964 -3.1277 0
1736 -3.1410 0
1151 -3.1454 0
520 -3.1496 0
325 -3.1557 0
611 -3.1642 0
1226 -3.1721 0
1839 -3.1822 0
101 -3.2107 0
1300 -3.2111 0
635 -3.2164 0
552 -3.2209 0
606 -3.2364 0
227 -3.2416 0
160 -3.2483 0
473 -3.2621 0
1230 -3.2639 0
620 -3.2693 0
9 -3.2846 0
482 -3.2875 0
1844 -3.2957 0
1941 -3.3013 0
1082 -3.3029 0
963 -3.3171 0
1913 -3.3378 0
1165 -3.3379 0
1966 -3.3393 0
1864 -3.3598 0
1805 -3.3814 0
178 -3.3885 0
634 -3.3894 0
1211 -3.3949 0
1961 -3.4081 0
1802 -3.4115 0
403 -3.4134 0
1292 -3.4410 0
642 -3.4435 0
1869 -3.4579 0
166 -3.4592 0
668 -3.4637 0
246 -3.4663 0
1971 -3.4792 0
1836 -3.4830 0
1704 -3.4924 0
1181 -3.4942 0
470 -3.4999 0
776 -3.5047 0
1285 -3.5353 0
1583 -3.5393 0
928 -3.5781 0
1866 -3.5967 0
608 -3.6352 0
1705 -3.6411 0
27 -3.6442 0
619 -3.6508 0
190 -3.6747 0
1187 -3.6776 0
496 -3.6977 0
575 -3.7080 0
461 -3.7236 0
1175 -3.7266 0
769 -3.7276 0
1831 -3.7507 0
1254 -3.7552 0
1994 -3.7766 0
1819 -3.7784 0
1801 -3.7806 0
35 -3.8284 0
148 -3.8397 0
267 -3.8438 0
1872 -3.8545 0
1220 -3.8553 0
22 -3.8593 0
1809 -3.8718 0
1867 -3.8721 0
1995 -3.8726 0
1880 -3.8771 0
1938 -3.8878 0
594 -3.8967 0
1823 -3.9107 0
1321 -3.9243 0
107 -3.9262 0
640 -3.9378 0
944 -4.0029 0
974 -4.0052 0
1834 -4.0082 0
1960 -4.0358 0
764 -4.0619 0
1804 -4.0759 0
1932 -4.0792 0
476 -4.1451 0
556 -4.1553 0
1826 -4.1865 0
1993 -4.2035 0
1997 -4.2327 0
1828 -4.2865 0
778 -4.3212 0
1996 -4.3413 0
181 -4.3956 0
1868 -4.4188 0
150 -4.4493 0
126 -4.6145 0
1216 -4.7607 0
1133 -4.7608 0
1803 -4.8293 0
468 -4.8305 0
1896 -4.8323 0
1832 -4.8803 0
489 -4.9003 0
1958 -4.9803 0
261 -5.0449 0
477 -5.1260 0
623 -5.1744 0
499 -5.4015 0
1853 -5.5763 0
455 -5.7195 0
1974 -5.7434 0
1885 -6.3740 0
1970 -6.5912 0
