1536 31.2858 1
1533 26.8476 1
1523 25.2309 1
1510 24.6526 1
1516 23.6436 1
1515 23.4885 1
1511 22.3071 1
1531 22.1592 1
1504 21.7529 1
1353 20.5362 0
1519 19.9676 1
1520 19.7636 1
1534 19.3654 1
1509 19.0914 1
1543 18.9087 1
1527 18.6240 1
1542 18.5962 1
1538 18.5216 1
1525 18.1972 1
1526 17.9649 1
1513 17.5177 1
1503 17.3478 1
1539 16.9517 1
1514 16.7811 1
1512 16.7611 1
1547 16.7366 1
1540 16.2993 1
680 16.1987 0
1535 15.3075 1
1544 15.2865 1
671 14.9838 0
1530 14.7330 1
1596 14.5865 0
1532 14.5449 1
1517 14.3331 1
1507 14.1474 1
1537 13.6301 1
1184 13.0923 0
1548 12.9793 1
1500 12.8746 1
684 12.7859 0
1545 12.7552 1
1582 12.6892 0
1521 12.4498 1
1518 12.4497 1
1524 12.2950 1
1493 12.2236 0
1529 11.9884 1
1541 11.9124 1
1506 11.8531 1
1546 11.5115 1
1528 11.3472 1
690 11.1847 0
1549 11.1352 1
1552 10.5213 0
1597 9.9001 0
1508 9.8635 1
673 9.8143 0
691 9.8125 0
1505 9.6339 1
1566 9.4701 0
1559 9.3225 0
1637 9.2670 0
1581 9.0962 0
1487 9.0547 0
1578 9.0144 0
1574 8.8837 0
1398 8.8250 0
1355 8.7010 0
656 8.6950 0
1560 8.6635 0
1587 8.5862 0
1588 8.5777 0
1575 8.4738 0
1556 8.1880 0
1498 8.0976 0
1580 7.9367 0
1583 7.8706 0
1771 7.8115 0
1501 7.7218 1
1573 7.6423 0
1647 7.4780 0
1611 7.1325 0
1450 7.1243 0
1522 7.0678 1
1593 7.0025 0
1565 6.9969 0
1550 6.9933 0
1584 6.9691 0
1577 6.8697 0
1571 6.8473 0
696 6.7465 0
1629 6.5617 0
370 6.4912 0
1465 6.3969 0
1598 6.3097 0
629 6.2542 0
1456 6.1538 0
1576 6.1099 0
1032 6.0856 0
1797 6.0128 0
1774 5.9718 0
1454 5.9570 0
1586 5.8596 0
359 5.8425 0
1555 5.8276 0
1563 5.8011 0
1622 5.7895 0
1623 5.7495 0
1589 5.7432 0
1478 5.6855 0
1458 5.6815 0
1579 5.6670 0
1568 5.5782 0
1268 5.5778 0
1457 5.5185 0
521 5.5070 0
381 5.5003 0
1625 5.3272 0
1143 5.2922 0
1459 5.2760 0
1195 5.2656 0
1592 5.2069 0
1482 5.1904 0
950 5.1349 0
355 5.1022 0
1777 5.1000 0
850 5.0927 0
664 5.0845 0
1476 5.0644 0
1654 5.0406 0
679 5.0290 0
1463 4.9913 0
1352 4.9812 0
651 4.9491 0
1635 4.9383 0
432 4.9297 0
1475 4.9077 0
1638 4.8818 0
1626 4.8771 0
1614 4.8200 0
1784 4.8177 0
1594 4.7948 0
1680 4.7848 0
1687 4.7768 0
451 4.7671 0
643 4.7171 0
1570 4.6676 0
682 4.6472 0
964 4.6088 0
1567 4.5648 0
1595 4.5593 0
111 4.5270 0
1497 4.4079 0
1495 4.4015 0
1671 4.3487 0
1678 4.3418 0
1274 4.3370 0
258 4.2931 0
1607 4.2709 0
1473 4.2429 0
975 4.2287 0
398 4.2050 0
674 4.1883 0
1663 4.1584 0
1639 4.1457 0
1471 4.1432 0
900 4.0610 0
1167 4.0564 0
1119 4.0462 0
912 4.0345 0
1325 4.0252 0
1166 4.0048 0
1467 3.9976 0
392 3.9450 0
1558 3.9347 0
1486 3.9057 0
1287 3.8758 0
1881 3.8374 0
1299 3.8199 0
654 3.7543 0
867 3.7495 0
1632 3.7240 0
1617 3.7190 0
1920 3.7114 0
842 3.7020 0
636 3.6909 0
1612 3.6874 0
1190 3.6508 0
40 3.6483 0
1613 3.6464 0
1951 3.6406 0
670 3.6092 0
1821 3.5474 0
1769 3.5375 0
1627 3.5215 0
1674 3.5153 0
1499 3.5074 0
1606 3.5070 0
909 3.5013 0
1753 3.4784 0
357 3.4706 0
1609 3.4634 0
1572 3.4387 0
1177 3.4088 0
1396 3.4077 0
652 3.3819 0
1557 3.3688 0
184 3.3593 0
304 3.3587 0
1554 3.3554 0
1453 3.3437 0
1350 3.3374 0
354 3.3054 0
1767 3.2970 0
389 3.2903 0
1090 3.2888 0
724 3.2520 0
1603 3.2332 0
991 3.2163 0
1002 3.2017 0
1460 3.1996 0
1909 3.1938 0
1772 3.1789 0
1093 3.1781 0
1590 3.1747 0
1604 3.1655 0
1746 3.1262 0
658 3.0856 0
661 3.0325 0
1562 3.0188 0
1388 3.0165 0
1569 3.0030 0
1619 2.9920 0
395 2.9707 0
668 2.9199 0
59 2.9133 0
527 2.9066 0
1636 2.9034 0
290 2.9030 0
266 2.9003 0
1464 2.8920 0
340 2.8677 0
17 2.8485 0
665 2.8415 0
1551 2.8393 0
1591 2.8277 0
469 2.8272 0
507 2.7953 0
1675 2.7848 0
1697 2.7600 0
688 2.7419 0
1016 2.7376 0
1640 2.7311 0
666 2.7274 0
1295 2.6929 0
657 2.6463 0
1258 2.6416 0
384 2.6355 0
1624 2.6184 0
54 2.6151 0
1644 2.6010 0
1313 2.5874 0
1107 2.5391 0
1422 2.5374 0
399 2.5366 0
382 2.5079 0
1267 2.5061 0
1288 2.4986 0
263 2.4925 0
630 2.4848 0
1649 2.4846 0
1610 2.4789 0
380 2.4733 0
1672 2.4655 0
974 2.4155 0
524 2.4106 0
1952 2.3982 0
1971 2.3963 0
1634 2.3939 0
1795 2.3837 0
1690 2.3760 0
1602 2.3727 0
5 2.3621 0
1783 2.3507 0
1658 2.3474 0
531 2.3366 0
1189 2.3300 0
1564 2.3297 0
1485 2.2918 0
1714 2.2813 0
1357 2.2790 0
1354 2.2725 0
1655 2.2613 0
1361 2.2506 0
1692 2.2249 0
309 2.2064 0
1364 2.1918 0
1782 2.1904 0
356 2.1800 0
275 2.1739 0
677 2.1723 0
1298 2.1676 0
1730 2.1627 0
169 2.1456 0
1761 2.1111 0
662 2.1022 0
394 2.1001 0
1689 2.0859 0
873 2.0433 0
1261 2.0380 0
91 2.0226 0
1862 2.0184 0
1652 2.0078 0
1585 1.9895 0
1633 1.9878 0
271 1.9877 0
1134 1.9830 0
1006 1.9661 0
999 1.9599 0
1438 1.9524 0
1031 1.9516 0
1451 1.9462 0
699 1.9420 0
959 1.9342 0
41 1.9230 0
976 1.9159 0
697 1.9131 0
324 1.9110 0
365 1.9024 0
1025 1.9022 0
897 1.9015 0
1979 1.8872 0
1605 1.8759 0
653 1.8669 0
1721 1.8410 0
898 1.8289 0
1653 1.8187 0
279 1.8100 0
1608 1.8077 0
965 1.7868 0
1693 1.7764 0
172 1.7683 0
537 1.7617 0
1009 1.7576 0
376 1.7403 0
1382 1.7392 0
1648 1.7363 0
352 1.7296 0
1754 1.7184 0
367 1.7021 0
1294 1.6972 0
1007 1.6922 0
1561 1.6875 0
426 1.6801 0
731 1.6730 0
1251 1.6680 0
504 1.6549 0
306 1.6514 0
1763 1.6288 0
283 1.6212 0
1621 1.6189 0
1732 1.6024 0
375 1.5994 0
69 1.5946 0
1790 1.5834 0
1667 1.5781 0
49 1.5751 0
463 1.5738 0
1411 1.5220 0
1377 1.5190 0
385 1.5083 0
972 1.5019 0
526 1.5015 0
471 1.4939 0
1641 1.4918 0
1281 1.4917 0
1174 1.4884 0
676 1.4859 0
1699 1.4831 0
1043 1.4485 0
968 1.4447 0
386 1.4374 0
61 1.4356 0
387 1.4322 0
335 1.4269 0
312 1.4204 0
1685 1.4053 0
1686 1.3918 0
1180 1.3863 0
1684 1.3819 0
372 1.3804 0
612 1.3720 0
1910 1.3583 0
1080 1.3528 0
1339 1.3511 0
1628 1.3508 0
877 1.3340 0
1956 1.3292 0
1095 1.3252 0
1283 1.3203 0
1765 1.3168 0
958 1.3081 0
383 1.3079 0
1169 1.3061 0
99 1.3003 0
1615 1.2922 0
348 1.2780 0
1492 1.2587 0
1282 1.2547 0
1185 1.2431 0
1390 1.2221 0
685 1.2177 0
920 1.2175 0
981 1.2140 0
626 1.2116 0
308 1.2095 0
1284 1.2082 0
1064 1.2027 0
683 1.1846 0
388 1.1830 0
351 1.1827 0
1157 1.1798 0
1749 1.1707 0
884 1.1674 0
1011 1.1662 0
1120 1.1338 0
518 1.1238 0
462 1.1231 0
485 1.1159 0
1477 1.1053 0
350 1.1028 0
669 1.0988 0
1494 1.0957 0
980 1.0668 0
547 1.0634 0
1172 1.0601 0
1455 1.0593 0
1502 1.0527 1
1980 1.0477 0
31 1.0407 0
655 1.0318 0
1630 1.0315 0
1466 1.0210 0
358 1.0195 0
832 1.0055 0
1491 1.0048 0
1199 1.0045 0
1280 1.0015 0
1791 1.0002 0
1962 0.9962 0
1469 0.9926 0
371 0.9732 0
969 0.9713 0
293 0.9712 0
180 0.9699 0
39 0.9664 0
992 0.9562 0
1620 0.9496 0
509 0.9440 0
534 0.9323 0
1553 0.9316 0
1631 0.9222 0
1256 0.9143 0
694 0.8721 0
1676 0.8669 0
780 0.8617 0
901 0.8586 0
543 0.8561 0
905 0.8551 0
55 0.8535 0
255 0.8531 0
876 0.8518 0
252 0.8515 0
613 0.8471 0
1275 0.8430 0
703 0.8406 0
1719 0.8356 0
310 0.8332 0
1331 0.8312 0
723 0.8312 0
624 0.8311 0
1669 0.8308 0
1234 0.8305 0
1911 0.8298 0
1380 0.8269 0
1197 0.8147 0
930 0.7988 0
1046 0.7782 0
1127 0.7772 0
902 0.7717 0
235 0.7620 0
92 0.7618 0
710 0.7612 0
319 0.7516 0
1162 0.7497 0
1900 0.7479 0
1599 0.7371 0
291 0.7264 0
1179 0.7157 0
1479 0.7112 0
1665 0.6999 0
1646 0.6976 0
1424 0.6934 0
1146 0.6812 0
607 0.6795 0
1645 0.6780 0
1698 0.6745 0
1673 0.6719 0
1490 0.6709 0
869 0.6693 0
1041 0.6634 0
1496 0.6604 0
924 0.6505 0
928 0.6438 0
402 0.6367 0
410 0.6354 0
1734 0.6264 0
548 0.6244 0
1087 0.6171 0
1362 0.6130 0
1804 0.6064 0
400 0.6034 0
1662 0.6011 0
1964 0.5998 0
645 0.5764 0
1186 0.5744 0
988 0.5732 0
948 0.5694 0
1019 0.5592 0
1371 0.5557 0
987 0.5530 0
445 0.5464 0
1125 0.5461 0
1616 0.5437 0
1751 0.5399 0
659 0.5362 0
162 0.5356 0
1601 0.5315 0
1643 0.5265 0
1020 0.5220 0
985 0.5217 0
411 0.5213 0
1452 0.5195 0
1360 0.5195 0
1219 0.5093 0
1332 0.5086 0
1792 0.4981 0
11 0.4944 0
675 0.4934 0
9 0.4874 0
592 0.4859 0
368 0.4834 0
1750 0.4824 0
1437 0.4762 0
1793 0.4759 0
1600 0.4701 0
12 0.4674 0
678 0.4647 0
1290 0.4610 0
153 0.4592 0
337 0.4568 0
532 0.4545 0
993 0.4536 0
204 0.4494 0
1682 0.4424 0
698 0.4363 0
818 0.4327 0
1447 0.4320 0
878 0.4256 0
272 0.4184 0
1108 0.4183 0
1014 0.4044 0
458 0.4029 0
1694 0.4024 0
1618 0.3924 0
538 0.3836 0
1942 0.3832 0
16 0.3779 0
452 0.3771 0
951 0.3769 0
1409 0.3678 0
994 0.3678 0
374 0.3668 0
494 0.3646 0
1489 0.3587 0
967 0.3346 0
330 0.3240 0
892 0.3213 0
926 0.3173 0
914 0.3116 0
1914 0.3109 0
1406 0.3078 0
15 0.3068 0
1894 0.3014 0
1986 0.2963 0
1932 0.2861 0
998 0.2821 0
792 0.2806 0
1255 0.2797 0
1427 0.2695 0
1304 0.2679 0
56 0.2652 0
1737 0.2588 0
1035 0.2538 0
1159 0.2371 0
520 0.2129 0
1039 0.2105 0
1315 0.2104 0
939 0.2088 0
281 0.2084 0
558 0.2005 0
158 0.1958 0
618 0.1882 0
786 0.1826 0
1289 0.1780 0
1759 0.1757 0
1049 0.1713 0
1930 0.1683 0
1171 0.1590 0
1484 0.1558 0
134 0.1530 0
1118 0.1472 0
1786 0.1469 0
424 0.1382 0
1163 0.1380 0
962 0.1154 0
1440 0.1135 0
1756 0.1135 0
1040 0.1128 0
601 0.1109 0
313 0.1068 0
970 0.1008 0
977 0.1000 0
978 0.0995 0
366 0.0976 0
362 0.0871 0
692 0.0862 0
1766 0.0835 0
497 0.0818 0
1758 0.0750 0
1021 0.0695 0
1346 0.0689 0
2 0.0618 0
709 0.0608 0
38 0.0534 0
1416 0.0518 0
957 0.0478 0
472 0.0429 0
525 0.0418 0
1271 0.0414 0
823 0.0336 0
68 0.0322 0
62 0.0271 0
1826 0.0195 0
1010 0.0188 0
377 0.0182 0
1045 0.0103 0
194 0.0032 0
1069 0.0030 0
10 -0.0009 0
1297 -0.0106 0
966 -0.0110 0
53 -0.0151 0
947 -0.0157 0
1860 -0.0167 0
602 -0.0189 0
1042 -0.0298 0
259 -0.0303 0
650 -0.0308 0
1404 -0.0439 0
1873 -0.0442 0
1968 -0.0560 0
1363 -0.0569 0
1053 -0.0608 0
1480 -0.0612 0
409 -0.0614 0
457 -0.0640 0
64 -0.0689 0
167 -0.0746 0
459 -0.0797 0
753 -0.0806 0
446 -0.0852 0
830 -0.0990 0
1148 -0.0991 0
1182 -0.1072 0
1356 -0.1126 0
1823 -0.1148 0
408 -0.1196 0
496 -0.1226 0
1112 -0.1249 0
1992 -0.1268 0
945 -0.1321 0
1931 -0.1392 0
37 -0.1393 0
1293 -0.1425 0
300 -0.1543 0
102 -0.1587 0
687 -0.1624 0
397 -0.1835 0
297 -0.1878 0
1776 -0.1885 0
946 -0.1892 0
1481 -0.1948 0
748 -0.1980 0
1055 -0.2014 0
835 -0.2030 0
1418 -0.2189 0
1397 -0.2203 0
1117 -0.2213 0
927 -0.2224 0
1368 -0.2225 0
1033 -0.2230 0
1773 -0.2230 0
344 -0.2290 0
1105 -0.2324 0
285 -0.2343 0
248 -0.2359 0
276 -0.2380 0
542 -0.2387 0
1365 -0.2422 0
1779 -0.2432 0
34 -0.2453 0
735 -0.2457 0
923 -0.2493 0
1448 -0.2516 0
474 -0.2535 0
431 -0.2579 0
1344 -0.2745 0
922 -0.2787 0
1799 -0.2790 0
1875 -0.2804 0
1137 -0.2835 0
1023 -0.2839 0
466 -0.2875 0
1651 -0.2930 0
24 -0.2977 0
1123 -0.2983 0
502 -0.3068 0
1994 -0.3072 0
81 -0.3081 0
1054 -0.3112 0
83 -0.3200 0
298 -0.3374 0
620 -0.3425 0
1260 -0.3426 0
0 -0.3463 0
1780 -0.3486 0
478 -0.3512 0
822 -0.3557 0
1991 -0.3563 0
1661 -0.3602 0
1073 -0.3689 0
1973 -0.3701 0
729 -0.3708 0
1128 -0.3717 0
1257 -0.3744 0
1286 -0.3773 0
574 -0.3794 0
1933 -0.3988 0
1252 -0.4012 0
88 -0.4031 0
1679 -0.4180 0
188 -0.4358 0
1787 -0.4363 0
1238 -0.4384 0
302 -0.4397 0
971 -0.4400 0
1394 -0.4410 0
1950 -0.4463 0
1027 -0.4488 0
1342 -0.4514 0
1194 -0.4541 0
1193 -0.4608 0
910 -0.4679 0
883 -0.4699 0
97 -0.4761 0
1078 -0.4819 0
1004 -0.4845 0
1317 -0.4850 0
907 -0.4888 0
512 -0.4931 0
1250 -0.4984 0
791 -0.4995 0
919 -0.5000 0
1410 -0.5006 0
1876 -0.5043 0
721 -0.5177 0
327 -0.5257 0
332 -0.5274 0
1891 -0.5276 0
1960 -0.5344 0
848 -0.5380 0
63 -0.5423 0
1731 -0.5434 0
1333 -0.5440 0
21 -0.5451 0
1696 -0.5493 0
908 -0.5518 0
1096 -0.5543 0
1081 -0.5569 0
318 -0.5615 0
887 -0.5629 0
1870 -0.5689 0
230 -0.5694 0
499 -0.5709 0
119 -0.5710 0
1961 -0.5736 0
129 -0.5740 0
1008 -0.5789 0
1425 -0.5831 0
619 -0.5907 0
1124 -0.5920 0
517 -0.5930 0
872 -0.6034 0
1832 -0.6075 0
448 -0.6078 0
983 -0.6085 0
1993 -0.6101 0
1768 -0.6149 0
693 -0.6194 0
577 -0.6226 0
615 -0.6262 0
503 -0.6277 0
289 -0.6279 0
434 -0.6279 0
1461 -0.6285 0
617 -0.6292 0
1666 -0.6293 0
338 -0.6298 0
672 -0.6337 0
303 -0.6339 0
1311 -0.6381 0
1417 -0.6391 0
846 -0.6400 0
1319 -0.6413 0
1399 -0.6440 0
1181 -0.6449 0
540 -0.6451 0
1072 -0.6471 0
393 -0.6494 0
128 -0.6542 0
1901 -0.6568 0
273 -0.6610 0
295 -0.6642 0
1370 -0.6644 0
1068 -0.6672 0
1988 -0.6812 0
852 -0.6861 0
553 -0.6876 0
1373 -0.6888 0
997 -0.6937 0
1760 -0.6961 0
1000 -0.6978 0
1277 -0.6984 0
89 -0.7034 0
1269 -0.7105 0
1314 -0.7107 0
1316 -0.7171 0
510 -0.7178 0
522 -0.7205 0
813 -0.7257 0
1091 -0.7266 0
1048 -0.7273 0
46 -0.7331 0
1738 -0.7359 0
785 -0.7376 0
695 -0.7390 0
325 -0.7405 0
185 -0.7448 0
963 -0.7562 0
1668 -0.7567 0
973 -0.7606 0
1279 -0.7607 0
396 -0.7658 0
440 -0.7676 0
1262 -0.7689 0
809 -0.7706 0
689 -0.7715 0
1441 -0.7783 0
1715 -0.7797 0
1859 -0.7800 0
1722 -0.7825 0
1656 -0.7873 0
1208 -0.7927 0
933 -0.8084 0
364 -0.8141 0
1898 -0.8157 0
1488 -0.8221 0
168 -0.8231 0
1336 -0.8344 0
256 -0.8374 0
76 -0.8403 0
486 -0.8403 0
14 -0.8408 0
778 -0.8454 0
1285 -0.8454 0
1449 -0.8467 0
1384 -0.8468 0
1150 -0.8500 0
1323 -0.8507 0
67 -0.8511 0
1121 -0.8555 0
1076 -0.8592 0
1650 -0.8681 0
1428 -0.8684 0
44 -0.8724 0
112 -0.8730 0
1683 -0.8753 0
1236 -0.8789 0
1030 -0.8790 0
286 -0.8817 0
464 -0.8824 0
1309 -0.8833 0
343 -0.8859 0
1924 -0.8880 0
29 -0.8913 0
1098 -0.8959 0
631 -0.8978 0
1877 -0.9022 0
641 -0.9033 0
1099 -0.9072 0
475 -0.9088 0
1959 -0.9092 0
127 -0.9102 0
1972 -0.9162 0
322 -0.9184 0
1334 -0.9207 0
1359 -0.9222 0
501 -0.9302 0
756 -0.9394 0
51 -0.9397 0
1178 -0.9450 0
28 -0.9506 0
1395 -0.9507 0
1414 -0.9526 0
1681 -0.9556 0
1432 -0.9558 0
917 -0.9615 0
50 -0.9616 0
660 -0.9647 0
782 -0.9687 0
1273 -0.9728 0
353 -0.9756 0
779 -0.9761 0
935 -0.9778 0
849 -0.9833 0
1266 -0.9856 0
1086 -0.9871 0
1728 -0.9894 0
893 -0.9913 0
603 -1.0031 0
1659 -1.0087 0
1998 -1.0100 0
498 -1.0159 0
990 -1.0163 0
529 -1.0181 0
805 -1.0279 0
891 -1.0418 0
1060 -1.0430 0
450 -1.0438 0
1695 -1.0551 0
705 -1.0570 0
1138 -1.0601 0
1338 -1.0614 0
1434 -1.0640 0
784 -1.0660 0
982 -1.0735 0
1126 -1.0828 0
254 -1.0829 0
495 -1.0973 0
1770 -1.0986 0
108 -1.1004 0
4 -1.1017 0
27 -1.1023 0
1483 -1.1024 0
1348 -1.1058 0
331 -1.1093 0
151 -1.1134 0
637 -1.1156 0
1104 -1.1219 0
1981 -1.1312 0
1265 -1.1420 0
1978 -1.1465 0
943 -1.1514 0
840 -1.1622 0
489 -1.1646 0
82 -1.1699 0
177 -1.1748 0
1122 -1.1750 0
1642 -1.1844 0
1217 -1.1869 0
30 -1.1897 0
320 -1.1983 0
1989 -1.1998 0
233 -1.2022 0
1005 -1.2149 0
1433 -1.2166 0
853 -1.2174 0
423 -1.2207 0
1713 -1.2239 0
237 -1.2239 0
1374 -1.2300 0
1079 -1.2335 0
98 -1.2355 0
1385 -1.2362 0
513 -1.2409 0
1160 -1.2428 0
1253 -1.2434 0
749 -1.2494 0
1044 -1.2542 0
704 -1.2545 0
931 -1.2563 0
1953 -1.2594 0
953 -1.2618 0
1789 -1.2745 0
916 -1.2823 0
1670 -1.2847 0
42 -1.2883 0
260 -1.2924 0
1919 -1.2924 0
1703 -1.2933 0
1136 -1.3100 0
461 -1.3118 0
8 -1.3124 0
1915 -1.3276 0
1115 -1.3310 0
73 -1.3312 0
444 -1.3361 0
1038 -1.3375 0
1358 -1.3391 0
860 -1.3418 0
1788 -1.3430 0
261 -1.3461 0
514 -1.3462 0
888 -1.3479 0
1987 -1.3533 0
712 -1.3555 0
1152 -1.3556 0
420 -1.3562 0
1278 -1.3562 0
488 -1.3567 0
960 -1.3570 0
1028 -1.3601 0
43 -1.3621 0
851 -1.3661 0
1949 -1.3669 0
549 -1.3696 0
1966 -1.3701 0
535 -1.3755 0
855 -1.3801 0
921 -1.3809 0
1851 -1.3834 0
373 -1.3857 0
1366 -1.3859 0
435 -1.3865 0
1955 -1.3894 0
182 -1.3896 0
644 -1.3919 0
1963 -1.3942 0
600 -1.3945 0
1868 -1.4051 0
36 -1.4064 0
1923 -1.4091 0
544 -1.4224 0
6 -1.4247 0
1156 -1.4274 0
476 -1.4359 0
19 -1.4361 0
1842 -1.4416 0
305 -1.4450 0
589 -1.4504 0
811 -1.4536 0
316 -1.4617 0
764 -1.4630 0
1677 -1.4638 0
1856 -1.4670 0
508 -1.4693 0
844 -1.4732 0
1059 -1.4736 0
1913 -1.4805 0
519 -1.4892 0
1052 -1.4927 0
1307 -1.4935 0
1470 -1.4936 0
1218 -1.4958 0
568 -1.5151 0
1310 -1.5191 0
1882 -1.5198 0
1017 -1.5212 0
1207 -1.5220 0
1954 -1.5231 0
1155 -1.5333 0
961 -1.5359 0
1330 -1.5403 0
663 -1.5444 0
1863 -1.5449 0
1657 -1.5452 0
815 -1.5470 0
156 -1.5490 0
1812 -1.5500 0
762 -1.5504 0
1660 -1.5515 0
1381 -1.5515 0
1725 -1.5519 0
1747 -1.5519 0
541 -1.5537 0
758 -1.5586 0
1263 -1.5626 0
186 -1.5628 0
1092 -1.5628 0
572 -1.5633 0
406 -1.5738 0
390 -1.5749 0
454 -1.5754 0
1899 -1.5778 0
264 -1.5921 0
895 -1.5982 0
379 -1.5993 0
783 -1.6058 0
1446 -1.6314 0
1312 -1.6405 0
1349 -1.6422 0
1834 -1.6426 0
800 -1.6457 0
1825 -1.6473 0
492 -1.6490 0
1191 -1.6535 0
1013 -1.6584 0
1084 -1.6585 0
1254 -1.6603 0
1062 -1.6639 0
826 -1.6712 0
949 -1.6715 0
269 -1.6774 0
733 -1.6783 0
763 -1.6841 0
1165 -1.6850 0
768 -1.6896 0
241 -1.6915 0
1941 -1.6949 0
1001 -1.7007 0
777 -1.7010 0
1824 -1.7025 0
1376 -1.7035 0
794 -1.7083 0
1085 -1.7110 0
941 -1.7112 0
1807 -1.7119 0
1852 -1.7124 0
117 -1.7168 0
718 -1.7171 0
567 -1.7192 0
1375 -1.7244 0
1383 -1.7248 0
996 -1.7286 0
57 -1.7330 0
1192 -1.7350 0
1057 -1.7360 0
745 -1.7370 0
1345 -1.7425 0
803 -1.7439 0
1328 -1.7446 0
989 -1.7510 0
103 -1.7536 0
165 -1.7567 0
77 -1.7574 0
515 -1.7587 0
667 -1.7618 0
1051 -1.7620 0
1975 -1.7666 0
740 -1.7687 0
1412 -1.7691 0
118 -1.7705 0
1712 -1.7813 0
1245 -1.7828 0
144 -1.7887 0
579 -1.7945 0
871 -1.7946 0
1430 -1.7972 0
1741 -1.7978 0
1074 -1.8057 0
1292 -1.8143 0
413 -1.8176 0
773 -1.8222 0
1889 -1.8233 0
1114 -1.8280 0
1905 -1.8306 0
1990 -1.8327 0
287 -1.8328 0
622 -1.8383 0
1058 -1.8390 0
1100 -1.8398 0
122 -1.8403 0
1324 -1.8429 0
628 -1.8450 0
124 -1.8452 0
1796 -1.8480 0
1785 -1.8567 0
1050 -1.8588 0
280 -1.8606 0
490 -1.8607 0
484 -1.8608 0
1423 -1.8612 0
26 -1.8620 0
1997 -1.8627 0
1707 -1.8654 0
135 -1.8704 0
732 -1.8789 0
1393 -1.8794 0
437 -1.8850 0
443 -1.8910 0
225 -1.8933 0
468 -1.8940 0
614 -1.8950 0
33 -1.8954 0
419 -1.8964 0
1845 -1.8975 0
728 -1.8980 0
1196 -1.9004 0
1065 -1.9011 0
307 -1.9013 0
755 -1.9050 0
48 -1.9130 0
1445 -1.9134 0
1999 -1.9149 0
686 -1.9177 0
218 -1.9241 0
606 -1.9290 0
1442 -1.9294 0
1037 -1.9297 0
952 -1.9320 0
610 -1.9374 0
1778 -1.9390 0
171 -1.9405 0
196 -1.9429 0
1249 -1.9446 0
937 -1.9505 0
1865 -1.9543 0
1306 -1.9574 0
539 -1.9621 0
195 -1.9647 0
1843 -1.9671 0
1387 -1.9737 0
1853 -1.9738 0
1803 -1.9746 0
1726 -1.9790 0
467 -1.9810 0
1702 -1.9840 0
608 -1.9857 0
47 -1.9989 0
447 -2.0012 0
885 -2.0033 0
1723 -2.0045 0
1228 -2.0054 0
754 -2.0138 0
247 -2.0154 0
227 -2.0279 0
270 -2.0349 0
1740 -2.0401 0
265 -2.0413 0
580 -2.0415 0
1982 -2.0451 0
725 -2.0535 0
743 -2.0571 0
315 -2.0625 0
481 -2.0628 0
1468 -2.0672 0
1435 -2.0674 0
1781 -2.0721 0
1209 -2.0731 0
93 -2.0750 0
1408 -2.0752 0
500 -2.0825 0
1372 -2.0882 0
1347 -2.0886 0
1270 -2.1013 0
918 -2.1043 0
734 -2.1059 0
925 -2.1090 0
936 -2.1103 0
1161 -2.1119 0
429 -2.1126 0
929 -2.1131 0
1326 -2.1239 0
847 -2.1257 0
765 -2.1319 0
1132 -2.1376 0
1936 -2.1385 0
621 -2.1464 0
1995 -2.1549 0
1318 -2.1579 0
35 -2.1584 0
585 -2.1630 0
550 -2.1653 0
465 -2.1675 0
790 -2.1678 0
1094 -2.1693 0
1838 -2.1716 0
1241 -2.1724 0
856 -2.1747 0
530 -2.1784 0
1429 -2.1857 0
361 -2.1871 0
1858 -2.1918 0
363 -2.1925 0
995 -2.1933 0
1187 -2.1934 0
460 -2.1942 0
1884 -2.2000 0
1135 -2.2018 0
96 -2.2026 0
797 -2.2043 0
639 -2.2114 0
391 -2.2205 0
1857 -2.2211 0
1928 -2.2240 0
339 -2.2247 0
1403 -2.2278 0
1742 -2.2279 0
1147 -2.2293 0
1717 -2.2297 0
1243 -2.2303 0
1426 -2.2304 0
1259 -2.2311 0
412 -2.2329 0
1405 -2.2336 0
940 -2.2395 0
956 -2.2417 0
1386 -2.2425 0
827 -2.2432 0
750 -2.2442 0
32 -2.2455 0
299 -2.2479 0
528 -2.2493 0
1015 -2.2505 0
314 -2.2509 0
769 -2.2518 0
934 -2.2526 0
150 -2.2528 0
1926 -2.2543 0
470 -2.2588 0
1688 -2.2611 0
267 -2.2614 0
896 -2.2643 0
1211 -2.2705 0
1291 -2.2800 0
1902 -2.2845 0
87 -2.2846 0
253 -2.2894 0
1887 -2.2896 0
7 -2.2955 0
722 -2.2956 0
911 -2.3078 0
1223 -2.3203 0
1327 -2.3247 0
86 -2.3269 0
1896 -2.3277 0
1129 -2.3302 0
238 -2.3441 0
744 -2.3458 0
106 -2.3465 0
155 -2.3466 0
560 -2.3493 0
1151 -2.3494 0
18 -2.3501 0
141 -2.3504 0
564 -2.3515 0
493 -2.3540 0
1139 -2.3577 0
1264 -2.3584 0
1413 -2.3585 0
573 -2.3595 0
1391 -2.3626 0
1047 -2.3646 0
1755 -2.3650 0
342 -2.3655 0
771 -2.3696 0
1379 -2.3739 0
1024 -2.3752 0
1272 -2.3757 0
1700 -2.3782 0
802 -2.3791 0
700 -2.3799 0
604 -2.3853 0
157 -2.3889 0
1367 -2.3897 0
1762 -2.3941 0
140 -2.3972 0
706 -2.4000 0
1248 -2.4014 0
1743 -2.4042 0
1216 -2.4066 0
1083 -2.4087 0
65 -2.4097 0
211 -2.4134 0
581 -2.4136 0
751 -2.4143 0
1907 -2.4150 0
593 -2.4158 0
741 -2.4178 0
627 -2.4186 0
1944 -2.4322 0
1805 -2.4340 0
1154 -2.4420 0
1400 -2.4449 0
747 -2.4499 0
101 -2.4516 0
1935 -2.4536 0
881 -2.4549 0
1231 -2.4562 0
1322 -2.4574 0
1340 -2.4600 0
1806 -2.4647 0
1302 -2.4680 0
1075 -2.4703 0
1912 -2.4708 0
115 -2.4713 0
1200 -2.4714 0
480 -2.4716 0
136 -2.4731 0
449 -2.4750 0
25 -2.4802 0
1305 -2.4809 0
523 -2.4835 0
251 -2.4838 0
1227 -2.4846 0
788 -2.4861 0
640 -2.4901 0
142 -2.4945 0
649 -2.4958 0
164 -2.5004 0
1897 -2.5050 0
979 -2.5071 0
1925 -2.5103 0
716 -2.5164 0
1984 -2.5168 0
775 -2.5179 0
1341 -2.5293 0
487 -2.5313 0
556 -2.5374 0
187 -2.5379 0
875 -2.5417 0
854 -2.5445 0
984 -2.5479 0
825 -2.5499 0
1691 -2.5573 0
1337 -2.5580 0
1392 -2.5612 0
1070 -2.5621 0
1173 -2.5649 0
1066 -2.5649 0
787 -2.5674 0
329 -2.5692 0
1871 -2.5711 0
795 -2.5734 0
347 -2.5749 0
1088 -2.5760 0
559 -2.5771 0
1444 -2.5775 0
1303 -2.5792 0
1321 -2.5853 0
341 -2.5883 0
913 -2.5889 0
635 -2.5911 0
1170 -2.5975 0
455 -2.5996 0
1937 -2.6018 0
808 -2.6087 0
932 -2.6091 0
346 -2.6099 0
1867 -2.6199 0
1276 -2.6252 0
1224 -2.6364 0
1056 -2.6371 0
1389 -2.6375 0
1664 -2.6466 0
1831 -2.6484 0
1022 -2.6533 0
1215 -2.6567 0
1242 -2.6569 0
477 -2.6614 0
1140 -2.6663 0
1916 -2.6710 0
334 -2.6817 0
71 -2.6819 0
1983 -2.6838 0
938 -2.6842 0
1811 -2.6923 0
623 -2.6965 0
1142 -2.6982 0
646 -2.6993 0
859 -2.7012 0
154 -2.7018 0
336 -2.7039 0
74 -2.7059 0
701 -2.7160 0
85 -2.7179 0
1320 -2.7235 0
328 -2.7244 0
616 -2.7276 0
401 -2.7285 0
1237 -2.7293 0
143 -2.7332 0
45 -2.7363 0
713 -2.7419 0
75 -2.7429 0
702 -2.7452 0
278 -2.7473 0
221 -2.7476 0
1904 -2.7519 0
862 -2.7638 0
865 -2.7685 0
820 -2.7700 0
1996 -2.7710 0
1229 -2.7736 0
1130 -2.7743 0
201 -2.7748 0
1810 -2.7819 0
766 -2.7839 0
257 -2.7864 0
1883 -2.7893 0
189 -2.7920 0
1943 -2.8054 0
1407 -2.8074 0
1908 -2.8142 0
1705 -2.8147 0
321 -2.8175 0
415 -2.8175 0
594 -2.8278 0
554 -2.8343 0
879 -2.8401 0
296 -2.8477 0
1474 -2.8518 0
1061 -2.8546 0
439 -2.8624 0
491 -2.8674 0
730 -2.8740 0
418 -2.8757 0
1879 -2.8799 0
638 -2.8805 0
1888 -2.8942 0
796 -2.8961 0
1077 -2.9012 0
152 -2.9020 0
1939 -2.9076 0
1144 -2.9171 0
642 -2.9172 0
1965 -2.9224 0
1946 -2.9286 0
1752 -2.9317 0
1109 -2.9405 0
821 -2.9414 0
1886 -2.9418 0
1110 -2.9419 0
609 -2.9422 0
1203 -2.9445 0
707 -2.9472 0
1701 -2.9543 0
1003 -2.9557 0
1089 -2.9610 0
1794 -2.9616 0
1800 -2.9693 0
715 -2.9818 0
1071 -2.9824 0
268 -2.9857 0
828 -2.9862 0
311 -2.9876 0
1018 -2.9900 0
757 -2.9911 0
52 -3.0023 0
1764 -3.0070 0
565 -3.0088 0
1226 -3.0141 0
1836 -3.0161 0
1967 -3.0184 0
1849 -3.0253 0
436 -3.0268 0
282 -3.0314 0
882 -3.0384 0
236 -3.0395 0
555 -3.0397 0
1940 -3.0398 0
146 -3.0410 0
726 -3.0439 0
479 -3.0449 0
1757 -3.0531 0
583 -3.0542 0
216 -3.0558 0
166 -3.0577 0
1704 -3.0605 0
217 -3.0623 0
720 -3.0642 0
1918 -3.0677 0
536 -3.0682 0
711 -3.0719 0
817 -3.0759 0
1439 -3.0770 0
1929 -3.0809 0
1820 -3.0827 0
1840 -3.0858 0
360 -3.0862 0
889 -3.0870 0
1893 -3.0907 0
1421 -3.0919 0
288 -3.0963 0
1300 -3.0964 0
228 -3.0965 0
1970 -3.0966 0
1872 -3.0968 0
1917 -3.0970 0
453 -3.0994 0
545 -3.1000 0
1866 -3.1112 0
179 -3.1118 0
210 -3.1149 0
799 -3.1160 0
866 -3.1181 0
1847 -3.1196 0
1230 -3.1245 0
1835 -3.1273 0
416 -3.1337 0
482 -3.1341 0
752 -3.1381 0
551 -3.1430 0
836 -3.1479 0
1828 -3.1526 0
759 -3.1588 0
870 -3.1607 0
213 -3.1680 0
1308 -3.1683 0
1420 -3.1697 0
1798 -3.1702 0
1026 -3.1703 0
132 -3.1856 0
1977 -3.1916 0
1850 -3.1989 0
505 -3.1999 0
611 -3.2026 0
986 -3.2033 0
1212 -3.2038 0
841 -3.2074 0
333 -3.2087 0
203 -3.2107 0
1472 -3.2111 0
739 -3.2192 0
1 -3.2224 0
561 -3.2224 0
192 -3.2271 0
824 -3.2288 0
533 -3.2297 0
1206 -3.2332 0
1716 -3.2351 0
193 -3.2394 0
1861 -3.2485 0
473 -3.2518 0
183 -3.2537 0
738 -3.2539 0
1106 -3.2545 0
100 -3.2620 0
1202 -3.2690 0
874 -3.2776 0
1153 -3.2797 0
1903 -3.2842 0
245 -3.2847 0
442 -3.2923 0
209 -3.2948 0
163 -3.2952 0
834 -3.3003 0
1301 -3.3023 0
632 -3.3057 0
1841 -3.3079 0
159 -3.3129 0
1198 -3.3174 0
1113 -3.3182 0
219 -3.3239 0
575 -3.3254 0
760 -3.3272 0
66 -3.3318 0
1247 -3.3320 0
1168 -3.3324 0
1141 -3.3366 0
190 -3.3405 0
126 -3.3411 0
262 -3.3420 0
404 -3.3427 0
1351 -3.3453 0
438 -3.3479 0
578 -3.3488 0
1892 -3.3559 0
880 -3.3575 0
116 -3.3623 0
148 -3.3628 0
345 -3.3656 0
1880 -3.3664 0
161 -3.3746 0
774 -3.3755 0
1848 -3.3789 0
552 -3.3815 0
284 -3.3827 0
378 -3.3851 0
954 -3.3936 0
1748 -3.3946 0
72 -3.4008 0
904 -3.4028 0
105 -3.4126 0
1034 -3.4147 0
1101 -3.4187 0
837 -3.4191 0
1744 -3.4244 0
770 -3.4247 0
1711 -3.4258 0
798 -3.4274 0
84 -3.4278 0
1802 -3.4285 0
250 -3.4291 0
843 -3.4342 0
1063 -3.4353 0
863 -3.4499 0
242 -3.4527 0
1378 -3.4555 0
456 -3.4558 0
1436 -3.4640 0
226 -3.4763 0
422 -3.4783 0
899 -3.4799 0
906 -3.4807 0
214 -3.4816 0
1927 -3.4882 0
1906 -3.4899 0
323 -3.4923 0
199 -3.5136 0
174 -3.5289 0
200 -3.5352 0
590 -3.5369 0
845 -3.5407 0
1822 -3.5418 0
1830 -3.5479 0
123 -3.5507 0
1175 -3.5530 0
1221 -3.5584 0
110 -3.5670 0
428 -3.5721 0
776 -3.5725 0
1938 -3.5823 0
736 -3.5824 0
145 -3.5848 0
1240 -3.5897 0
1775 -3.5907 0
207 -3.5916 0
22 -3.5974 0
1827 -3.6005 0
191 -3.6118 0
727 -3.6177 0
1067 -3.6200 0
1948 -3.6412 0
1969 -3.6438 0
1213 -3.6559 0
1878 -3.6645 0
1462 -3.6677 0
833 -3.6710 0
582 -3.6767 0
1176 -3.6935 0
317 -3.6989 0
1816 -3.6992 0
562 -3.7003 0
1818 -3.7052 0
858 -3.7169 0
576 -3.7297 0
1895 -3.7345 0
1012 -3.7350 0
1718 -3.7375 0
625 -3.7445 0
595 -3.7565 0
1706 -3.7577 0
1343 -3.7588 0
915 -3.7690 0
294 -3.7726 0
586 -3.7742 0
403 -3.7744 0
767 -3.7785 0
1864 -3.7813 0
903 -3.7834 0
772 -3.7868 0
1235 -3.7880 0
861 -3.7886 0
1220 -3.7913 0
955 -3.7985 0
857 -3.8121 0
708 -3.8161 0
1133 -3.8350 0
1869 -3.8383 0
249 -3.8429 0
234 -3.8575 0
243 -3.8582 0
1214 -3.8603 0
239 -3.8606 0
175 -3.8624 0
206 -3.8653 0
244 -3.8661 0
301 -3.8720 0
170 -3.8796 0
104 -3.8899 0
807 -3.8984 0
1036 -3.9004 0
1222 -3.9046 0
427 -3.9062 0
1813 -3.9101 0
506 -3.9221 0
79 -3.9317 0
222 -3.9342 0
1111 -3.9560 0
160 -3.9598 0
78 -3.9702 0
121 -3.9771 0
839 -3.9780 0
70 -3.9799 0
58 -3.9823 0
1808 -3.9879 0
205 -3.9958 0
425 -3.9985 0
80 -3.9989 0
1727 -3.9990 0
173 -4.0036 0
591 -4.0075 0
864 -4.0089 0
838 -4.0192 0
1145 -4.0209 0
133 -4.0262 0
1839 -4.0313 0
292 -4.0398 0
719 -4.0537 0
130 -4.0641 0
1443 -4.0650 0
648 -4.0658 0
181 -4.0865 0
1745 -4.0877 0
868 -4.0984 0
178 -4.1012 0
1837 -4.1067 0
13 -4.1081 0
430 -4.1128 0
1103 -4.1144 0
890 -4.1222 0
563 -4.1335 0
714 -4.1340 0
1369 -4.1383 0
1817 -4.1386 0
681 -4.1389 0
944 -4.1401 0
20 -4.1425 0
1733 -4.1460 0
1854 -4.1558 0
1296 -4.1564 0
516 -4.1730 0
831 -4.1804 0
197 -4.1933 0
1164 -4.1938 0
1985 -4.1958 0
1329 -4.2188 0
3 -4.2238 0
326 -4.2301 0
109 -4.2308 0
793 -4.2331 0
369 -4.2345 0
1401 -4.2384 0
804 -4.2393 0
511 -4.2415 0
1890 -4.2537 0
1809 -4.2543 0
814 -4.2580 0
441 -4.2607 0
229 -4.2663 0
742 -4.2687 0
1205 -4.2714 0
131 -4.2767 0
1829 -4.2989 0
1431 -4.3273 0
1945 -4.3308 0
1082 -4.3313 0
599 -4.3332 0
737 -4.3532 0
1244 -4.3714 0
421 -4.3842 0
546 -4.4140 0
1736 -4.4141 0
139 -4.4261 0
1874 -4.4435 0
274 -4.4591 0
1335 -4.4697 0
816 -4.4843 0
176 -4.4911 0
1974 -4.5076 0
1801 -4.5100 0
417 -4.5275 0
1402 -4.5366 0
1239 -4.5385 0
1233 -4.5442 0
557 -4.5492 0
231 -4.5492 0
1739 -4.5622 0
1131 -4.5696 0
23 -4.5789 0
405 -4.5822 0
1116 -4.5964 0
584 -4.6050 0
1225 -4.6278 0
433 -4.6302 0
1720 -4.6691 0
113 -4.6824 0
1846 -4.6827 0
1188 -4.6890 0
1814 -4.6948 0
801 -4.6997 0
1735 -4.7295 0
1149 -4.7403 0
1029 -4.7426 0
60 -4.7459 0
240 -4.7496 0
215 -4.8150 0
942 -4.8203 0
1419 -4.8204 0
1947 -4.8218 0
1976 -4.8222 0
1921 -4.8273 0
94 -4.8388 0
1183 -4.8463 0
1415 -4.8485 0
407 -4.8549 0
90 -4.8668 0
566 -4.8821 0
138 -4.8884 0
1246 -4.9241 0
894 -4.9417 0
1201 -4.9451 0
483 -4.9518 0
246 -4.9640 0
1958 -4.9712 0
1709 -5.0138 0
208 -5.0174 0
1729 -5.0416 0
605 -5.0802 0
634 -5.0817 0
220 -5.1104 0
1158 -5.1254 0
1844 -5.1409 0
1922 -5.1490 0
1710 -5.1597 0
1885 -5.1831 0
349 -5.1873 0
571 -5.1942 0
198 -5.1964 0
781 -5.2015 0
789 -5.2258 0
569 -5.2324 0
1097 -5.2572 0
633 -5.2695 0
120 -5.2979 0
1819 -5.3622 0
1724 -5.3933 0
647 -5.4076 0
886 -5.4107 0
114 -5.4357 0
1815 -5.4422 0
277 -5.4599 0
829 -5.4892 0
1934 -5.5382 0
806 -5.5460 0
107 -5.5472 0
717 -5.5741 0
587 -5.6463 0
149 -5.6528 0
1210 -5.6847 0
1855 -5.7042 0
588 -5.7063 0
147 -5.7258 0
812 -5.7337 0
1957 -5.7663 0
570 -5.7687 0
95 -5.7829 0
1833 -5.8171 0
1102 -5.8941 0
819 -5.9372 0
746 -5.9468 0
125 -5.9566 0
414 -6.0038 0
232 -6.0679 0
810 -6.0776 0
761 -6.0791 0
597 -6.0905 0
212 -6.1292 0
1232 -6.3166 0
598 -6.3444 0
223 -6.3827 0
1708 -6.4613 0
137 -6.5578 0
224 -6.6458 0
202 -6.8286 0
596 -6.9199 0
1204 -6.9806 0
