1573 32.1696 1
1566 29.4074 1
1576 27.9627 1
1593 27.4059 1
1595 24.4297 1
1594 24.0820 1
1556 23.9316 1
1582 23.5202 1
1583 23.4107 1
1552 22.9690 1
1579 22.9086 1
1588 22.1417 1
1589 22.0386 1
1559 21.8507 1
1578 21.0953 1
1597 20.9930 1
1584 20.8070 1
1596 20.8065 1
1554 20.2097 1
1569 19.8273 1
1555 19.7514 1
1587 19.4778 1
1591 18.9284 1
1568 18.9004 1
1581 18.4084 1
1523 18.2793 0
1560 17.8963 1
1551 16.8933 1
1570 16.8596 1
1572 16.8534 1
1493 16.5768 0
1580 16.5183 1
1562 15.7665 1
1563 15.7348 1
1575 14.2580 1
1599 14.1382 1
1590 14.0458 1
1577 13.9937 1
1567 13.9508 1
1592 13.8004 1
1550 13.4957 1
1565 13.3520 1
1571 13.3348 1
1510 13.2760 0
1388 12.2398 0
1487 12.0807 0
1611 11.8795 0
1598 11.8235 1
1521 11.6795 0
1585 11.6256 1
684 11.0837 0
965 10.9934 0
1531 10.9190 0
671 10.5578 0
1524 10.4415 0
1454 10.3981 0
1557 10.3804 1
680 10.2893 0
691 10.1663 0
1635 9.8169 0
1612 9.8091 0
1352 9.6348 0
466 9.4651 0
1553 9.2260 1
1482 9.1206 0
1539 9.0630 0
1625 9.0553 0
1761 8.9016 0
93 8.8982 0
626 8.8840 0
1508 8.8401 0
1530 8.8216 0
486 8.7318 0
980 8.7130 0
1517 8.6333 0
1586 8.5452 1
1518 8.5409 0
1382 8.4828 0
1547 8.3862 0
1463 8.3727 0
1525 8.2951 0
1736 8.1646 0
1398 8.1330 0
1602 8.1099 0
1532 8.1026 0
499 8.0300 0
1515 7.9267 0
1647 7.8744 0
1457 7.7884 0
1274 7.7538 0
1355 7.7254 0
1353 7.6684 0
1615 7.5947 0
1509 7.5853 0
976 7.5736 0
1537 7.3799 0
1626 7.2937 0
1653 7.2686 0
1526 7.1627 0
1543 7.1467 0
1480 7.1384 0
1502 7.1094 0
1504 7.1047 0
463 7.1045 0
1489 7.0767 0
1548 7.0587 0
1541 7.0561 0
1278 6.9994 0
1623 6.9654 0
1514 6.9527 0
975 6.9518 0
1258 6.8766 0
1630 6.8607 0
969 6.8319 0
1476 6.7906 0
1281 6.7315 0
1503 6.7097 0
664 6.6711 0
1298 6.5786 0
1466 6.5566 0
1669 6.5313 0
1465 6.5156 0
1603 6.4510 0
1423 6.3813 0
1484 6.3188 0
954 6.2743 0
1357 6.2563 0
1177 6.2423 0
1561 6.2121 1
424 6.1974 0
950 6.1862 0
1558 6.1615 1
451 6.1153 0
1617 6.0856 0
1574 6.0714 1
1354 6.0054 0
1542 5.9978 0
1469 5.9919 0
987 5.9861 0
382 5.9523 0
1637 5.9401 0
842 5.9371 0
275 5.9177 0
1605 5.9076 0
656 5.8931 0
1513 5.8922 0
1730 5.8805 0
1780 5.8391 0
1743 5.8319 0
1648 5.7107 0
1527 5.7018 0
1361 5.6921 0
1045 5.6111 0
91 5.6073 0
1462 5.5950 0
724 5.5862 0
1498 5.5777 0
673 5.5756 0
1190 5.5416 0
1546 5.5174 0
1657 5.5144 0
690 5.5107 0
1600 5.4349 0
1536 5.4302 0
1622 5.4246 0
1607 5.4189 0
1467 5.3705 0
1252 5.3701 0
1511 5.3619 0
1693 5.3291 0
1459 5.2968 0
1609 5.2845 0
396 5.2571 0
751 5.2103 0
630 5.1893 0
651 5.1810 0
1371 5.1786 0
1564 5.1694 1
1649 5.1556 0
1286 5.1435 0
1157 5.1193 0
959 5.1031 0
1519 5.0666 0
1610 5.0525 0
1614 5.0510 0
993 5.0019 0
1041 4.9714 0
1894 4.9149 0
1535 4.9117 0
1777 4.8992 0
1785 4.8778 0
1638 4.8705 0
1268 4.8666 0
1007 4.8611 0
1670 4.8151 0
1156 4.7986 0
696 4.7862 0
1699 4.7614 0
756 4.7409 0
1080 4.7264 0
1533 4.6559 0
999 4.6349 0
1545 4.6307 0
1471 4.5983 0
1721 4.5875 0
1795 4.5741 0
964 4.5655 0
1606 4.5638 0
792 4.5574 0
1047 4.5424 0
1350 4.4920 0
364 4.4486 0
1644 4.3991 0
1613 4.3867 0
1616 4.3656 0
1187 4.3531 0
1478 4.3299 0
1500 4.3298 0
1538 4.3288 0
456 4.3076 0
677 4.2984 0
1009 4.2960 0
1629 4.2922 0
777 4.2822 0
1325 4.2575 0
1636 4.2121 0
77 4.2053 0
1506 4.2042 0
997 4.2042 0
1680 4.2038 0
64 4.2003 0
850 4.1946 0
1627 4.1906 0
981 4.1888 0
988 4.1320 0
384 4.1274 0
1522 4.1218 0
190 4.1051 0
354 4.1032 0
1490 4.0982 0
1051 4.0947 0
1534 4.0696 0
1396 4.0617 0
1793 4.0583 0
1658 4.0085 0
1746 4.0058 0
643 4.0008 0
620 4.0000 0
1316 3.9801 0
1228 3.9787 0
784 3.9769 0
958 3.9726 0
1339 3.9686 0
518 3.9620 0
962 3.9477 0
1655 3.9273 0
654 3.9243 0
1631 3.9239 0
1495 3.9115 0
615 3.9060 0
184 3.9019 0
69 3.9006 0
1691 3.8954 0
5 3.8890 0
1639 3.8762 0
779 3.8675 0
1477 3.8505 0
1196 3.8457 0
1650 3.8295 0
1715 3.8261 0
655 3.8093 0
89 3.7778 0
961 3.7531 0
458 3.7521 0
1640 3.7505 0
1453 3.7493 0
1692 3.7431 0
1654 3.7410 0
1608 3.7375 0
1673 3.7262 0
217 3.7245 0
780 3.7066 0
1628 3.7002 0
1641 3.6953 0
1516 3.6872 0
1475 3.6794 0
1676 3.6319 0
97 3.6105 0
1646 3.6095 0
377 3.6018 0
1040 3.6000 0
1621 3.5957 0
0 3.5866 0
1282 3.5854 0
1677 3.5845 0
1804 3.5810 0
1694 3.5741 0
355 3.5706 0
1360 3.5576 0
1019 3.5193 0
1674 3.5127 0
775 3.5027 0
1520 3.5010 0
762 3.4952 0
1754 3.4787 0
731 3.4499 0
1671 3.4416 0
695 3.4373 0
1348 3.4359 0
1342 3.4301 0
723 3.4281 0
1266 3.4178 0
754 3.3898 0
699 3.3000 0
1512 3.2896 0
678 3.2887 0
1162 3.2798 0
1456 3.2760 0
1479 3.2755 0
1668 3.2711 0
1662 3.2600 0
1364 3.2532 0
1234 3.2532 0
509 3.2494 0
1774 3.2272 0
40 3.2230 0
1765 3.2078 0
791 3.2055 0
258 3.2049 0
1768 3.1993 0
1397 3.1911 0
1695 3.1682 0
991 3.1631 0
395 3.1304 0
63 3.1266 0
1661 3.1087 0
1295 3.1076 0
213 3.0967 0
348 3.0899 0
467 3.0818 0
39 3.0782 0
692 3.0776 0
2 3.0710 0
1289 3.0570 0
1687 3.0554 0
674 3.0471 0
967 3.0444 0
394 3.0424 0
1181 3.0395 0
1287 3.0327 0
1297 3.0302 0
1016 3.0291 0
371 3.0101 0
1312 3.0032 0
1486 3.0016 0
1169 2.9946 0
629 2.9877 0
1909 2.9877 0
968 2.9494 0
1499 2.9421 0
977 2.9150 0
676 2.9066 0
379 2.9005 0
1732 2.8889 0
1296 2.8861 0
709 2.8853 0
1444 2.8820 0
390 2.8619 0
1769 2.8575 0
464 2.8151 0
1036 2.8057 0
99 2.7946 0
794 2.7871 0
263 2.7838 0
59 2.7717 0
342 2.7356 0
1251 2.7349 0
1179 2.7241 0
1458 2.7231 0
867 2.7230 0
102 2.7110 0
972 2.7050 0
469 2.7024 0
1425 2.6860 0
54 2.6845 0
397 2.6830 0
468 2.6777 0
1257 2.6763 0
1195 2.6736 0
528 2.6733 0
485 2.6712 0
783 2.6518 0
1410 2.6508 0
1698 2.6291 0
758 2.6269 0
805 2.6261 0
194 2.6255 0
283 2.6219 0
1375 2.6201 0
87 2.6116 0
527 2.6102 0
475 2.6091 0
337 2.5961 0
1675 2.5891 0
1447 2.5670 0
329 2.5432 0
1485 2.5419 0
153 2.5269 0
957 2.5155 0
447 2.5148 0
366 2.5044 0
462 2.5001 0
1042 2.4977 0
1284 2.4951 0
1293 2.4925 0
1951 2.4919 0
820 2.4919 0
1651 2.4914 0
370 2.4871 0
1678 2.4854 0
215 2.4835 0
1288 2.4748 0
982 2.4663 0
1868 2.4545 0
1544 2.4504 0
492 2.4406 0
244 2.4223 0
970 2.4183 0
1078 2.4172 0
1645 2.4110 0
1714 2.4100 0
1992 2.4078 0
512 2.4000 0
330 2.3990 0
1427 2.3854 0
1663 2.3787 0
1681 2.3780 0
759 2.3684 0
960 2.3637 0
1448 2.3616 0
863 2.3513 0
1783 2.3435 0
169 2.3397 0
807 2.3379 0
1264 2.3377 0
1148 2.3348 0
548 2.3317 0
1723 2.3112 0
1494 2.3010 0
1163 2.2991 0
487 2.2977 0
118 2.2922 0
457 2.2830 0
1990 2.2827 0
1227 2.2811 0
1697 2.2736 0
404 2.2690 0
1642 2.2611 0
81 2.2508 0
1501 2.2476 0
1279 2.2367 0
27 2.2323 0
1384 2.2260 0
1652 2.2084 0
1690 2.2064 0
361 2.2062 0
645 2.2057 0
1667 2.2049 0
765 2.1863 0
1491 2.1841 0
1216 2.1696 0
661 2.1679 0
1942 2.1356 0
398 2.1313 0
325 2.1125 0
1497 2.1014 0
1422 2.0926 0
1006 2.0899 0
832 2.0824 0
1161 2.0807 0
885 2.0804 0
1643 2.0733 0
352 2.0547 0
92 2.0530 0
490 2.0420 0
1914 2.0389 0
1620 2.0372 0
320 2.0360 0
1377 2.0346 0
1118 2.0296 0
1941 2.0286 0
1931 2.0278 0
1166 2.0222 0
1260 2.0182 0
1198 2.0100 0
688 2.0093 0
1915 2.0064 0
1272 2.0052 0
1145 2.0042 0
211 2.0016 0
574 1.9901 0
1473 1.9900 0
392 1.9838 0
1160 1.9717 0
694 1.9693 0
82 1.9679 0
522 1.9668 0
1250 1.9656 0
1032 1.9608 0
1124 1.9469 0
1055 1.9445 0
1238 1.9401 0
1025 1.9391 0
334 1.9267 0
111 1.9256 0
1488 1.9116 0
372 1.9102 0
380 1.9089 0
1077 1.9060 0
308 1.9023 0
1182 1.9017 0
1241 1.9008 0
636 1.8958 0
989 1.8935 0
312 1.8933 0
400 1.8727 0
1455 1.8684 0
18 1.8668 0
652 1.8621 0
838 1.8615 0
1152 1.8514 0
1823 1.8468 0
143 1.8449 0
998 1.8316 0
389 1.8315 0
180 1.8298 0
955 1.8238 0
973 1.8111 0
353 1.8022 0
1189 1.7942 0
1604 1.7920 0
1474 1.7890 0
1770 1.7888 0
1767 1.7857 0
453 1.7835 0
1372 1.7825 0
1672 1.7825 0
1331 1.7805 0
978 1.7798 0
1267 1.7770 0
209 1.7759 0
1327 1.7734 0
902 1.7724 0
1797 1.7722 0
1788 1.7715 0
1323 1.7684 0
1074 1.7624 0
951 1.7612 0
168 1.7505 0
1347 1.7485 0
1689 1.7415 0
1452 1.7384 0
344 1.7276 0
1024 1.7263 0
602 1.7211 0
1022 1.7182 0
1402 1.7125 0
1624 1.7108 0
356 1.7043 0
1240 1.6970 0
1315 1.6926 0
1794 1.6917 0
61 1.6875 0
1632 1.6841 0
1760 1.6781 0
927 1.6780 0
653 1.6767 0
1244 1.6734 0
1745 1.6698 0
1679 1.6541 0
1290 1.6539 0
1688 1.6514 0
750 1.6497 0
1470 1.6485 0
1167 1.6482 0
1731 1.6399 0
1704 1.6338 0
9 1.6249 0
1540 1.6246 0
669 1.6219 0
476 1.6177 0
689 1.6064 0
218 1.5984 0
365 1.5963 0
201 1.5925 0
1877 1.5886 0
797 1.5876 0
159 1.5847 0
1199 1.5770 0
1035 1.5704 0
1172 1.5682 0
1920 1.5616 0
1309 1.5601 0
385 1.5583 0
1618 1.5561 0
971 1.5559 0
924 1.5451 0
363 1.5423 0
1002 1.5395 0
544 1.5356 0
893 1.5343 0
1656 1.5288 0
293 1.5242 0
1363 1.5235 0
1450 1.5232 0
495 1.5165 0
1528 1.5147 0
1261 1.5103 0
1421 1.5046 0
200 1.5034 0
399 1.5022 0
1438 1.4961 0
388 1.4914 0
1076 1.4911 0
1247 1.4890 0
1460 1.4743 0
335 1.4727 0
1685 1.4672 0
786 1.4655 0
1100 1.4622 0
1134 1.4524 0
1011 1.4509 0
947 1.4492 0
986 1.4450 0
956 1.4429 0
1910 1.4321 0
1209 1.4300 0
1749 1.4253 0
127 1.4247 0
310 1.4233 0
823 1.4227 0
1130 1.4129 0
151 1.4128 0
897 1.4124 0
930 1.4115 0
532 1.4011 0
1411 1.4003 0
1875 1.3989 0
228 1.3981 0
1200 1.3970 0
1461 1.3915 0
1683 1.3886 0
1529 1.3872 0
795 1.3871 0
1168 1.3867 0
1659 1.3778 0
1185 1.3773 0
1393 1.3613 0
668 1.3603 0
1283 1.3510 0
1633 1.3498 0
1242 1.3496 0
641 1.3475 0
383 1.3471 0
336 1.3366 0
7 1.3359 0
1449 1.3310 0
1020 1.3282 0
658 1.3275 0
1930 1.3274 0
124 1.3267 0
1028 1.3261 0
1159 1.3248 0
1192 1.3162 0
1703 1.3139 0
1005 1.3108 0
1442 1.3027 0
204 1.2939 0
1265 1.2934 0
313 1.2847 0
56 1.2835 0
624 1.2716 0
1432 1.2641 0
265 1.2640 0
359 1.2586 0
1716 1.2545 0
704 1.2545 0
455 1.2502 0
1796 1.2473 0
1430 1.2470 0
229 1.2454 0
1773 1.2366 0
785 1.2330 0
1263 1.2321 0
483 1.2301 0
1464 1.2280 0
1053 1.2272 0
488 1.2271 0
489 1.2252 0
1666 1.2230 0
1294 1.2169 0
822 1.2115 0
1763 1.2066 0
470 1.1967 0
51 1.1851 0
1138 1.1779 0
272 1.1752 0
1146 1.1748 0
454 1.1723 0
1700 1.1695 0
442 1.1686 0
44 1.1474 0
161 1.1369 0
542 1.1341 0
787 1.1321 0
1682 1.1319 0
1184 1.1237 0
992 1.1205 0
172 1.1186 0
236 1.1136 0
367 1.1127 0
1068 1.1088 0
1236 1.1058 0
1821 1.1008 0
1319 1.0985 0
351 1.0978 0
613 1.0949 0
230 1.0935 0
1370 1.0847 0
436 1.0835 0
1059 1.0809 0
1908 1.0709 0
247 1.0676 0
508 1.0638 0
1686 1.0587 0
407 1.0559 0
1079 1.0544 0
607 1.0535 0
1277 1.0518 0
1784 1.0413 0
1737 1.0385 0
357 1.0346 0
1762 1.0315 0
983 1.0280 0
665 1.0202 0
1719 1.0099 0
1507 1.0083 0
1143 1.0046 0
326 1.0025 0
1437 1.0012 0
1772 1.0009 0
798 0.9993 0
83 0.9993 0
1174 0.9983 0
1725 0.9979 0
1747 0.9979 0
144 0.9971 0
675 0.9967 0
985 0.9964 0
1014 0.9917 0
1696 0.9910 0
1549 0.9789 0
233 0.9735 0
1299 0.9728 0
1619 0.9694 0
285 0.9626 0
240 0.9621 0
71 0.9587 0
800 0.9476 0
682 0.9424 0
167 0.9420 0
670 0.9398 0
1121 0.9394 0
737 0.9384 0
261 0.9309 0
1046 0.9307 0
966 0.9268 0
1158 0.9265 0
1248 0.9157 0
1778 0.9115 0
873 0.9046 0
952 0.8987 0
214 0.8962 0
491 0.8941 0
303 0.8899 0
68 0.8857 0
1834 0.8824 0
128 0.8788 0
474 0.8770 0
1147 0.8676 0
1337 0.8647 0
290 0.8647 0
1243 0.8608 0
534 0.8579 0
577 0.8554 0
439 0.8542 0
802 0.8498 0
1256 0.8488 0
848 0.8455 0
494 0.8450 0
387 0.8400 0
235 0.8370 0
375 0.8316 0
1832 0.8309 0
662 0.8305 0
650 0.8262 0
788 0.8195 0
851 0.8102 0
67 0.8097 0
984 0.8014 0
49 0.7978 0
948 0.7972 0
1213 0.7936 0
446 0.7898 0
835 0.7861 0
434 0.7843 0
914 0.7769 0
1253 0.7748 0
1262 0.7688 0
657 0.7674 0
994 0.7663 0
10 0.7568 0
1481 0.7443 0
340 0.7442 0
478 0.7437 0
1505 0.7427 0
844 0.7416 0
1441 0.7415 0
98 0.7414 0
1901 0.7402 0
1023 0.7384 0
134 0.7340 0
220 0.7313 0
1057 0.7304 0
744 0.7298 0
1401 0.7290 0
281 0.7229 0
1333 0.7146 0
276 0.7132 0
1424 0.7084 0
1336 0.7080 0
88 0.7034 0
772 0.7028 0
1781 0.7014 0
1660 0.7012 0
420 0.6991 0
1782 0.6905 0
1065 0.6872 0
1900 0.6860 0
1408 0.6858 0
813 0.6829 0
996 0.6781 0
1237 0.6675 0
1150 0.6653 0
438 0.6635 0
497 0.6629 0
332 0.6598 0
963 0.6596 0
406 0.6532 0
21 0.6480 0
1409 0.6407 0
1440 0.6352 0
1366 0.6331 0
431 0.6265 0
1862 0.6239 0
41 0.6220 0
339 0.6217 0
423 0.6213 0
733 0.6184 0
479 0.6165 0
1090 0.6163 0
1709 0.6159 0
945 0.6116 0
55 0.6004 0
1758 0.5997 0
188 0.5964 0
1015 0.5902 0
31 0.5897 0
374 0.5896 0
1071 0.5871 0
773 0.5850 0
1208 0.5837 0
721 0.5803 0
266 0.5750 0
426 0.5713 0
376 0.5677 0
419 0.5635 0
1000 0.5578 0
140 0.5571 0
386 0.5555 0
249 0.5495 0
1889 0.5491 0
208 0.5416 0
452 0.5388 0
877 0.5382 0
1066 0.5362 0
227 0.5116 0
445 0.5078 0
378 0.4906 0
815 0.4901 0
1052 0.4899 0
1882 0.4813 0
697 0.4782 0
864 0.4772 0
503 0.4721 0
86 0.4634 0
471 0.4602 0
1125 0.4589 0
824 0.4534 0
767 0.4434 0
741 0.4406 0
226 0.4387 0
1417 0.4315 0
1128 0.4288 0
1439 0.4286 0
1684 0.4237 0
481 0.4189 0
1285 0.4087 0
119 0.4068 0
1664 0.4025 0
133 0.3933 0
123 0.3868 0
1001 0.3700 0
311 0.3697 0
1013 0.3682 0
362 0.3657 0
1376 0.3650 0
1750 0.3643 0
1122 0.3603 0
990 0.3566 0
546 0.3550 0
393 0.3538 0
1004 0.3511 0
1902 0.3492 0
292 0.3343 0
1073 0.3306 0
1012 0.3288 0
1399 0.3281 0
1801 0.3270 0
1029 0.3199 0
108 0.3178 0
343 0.3138 0
1064 0.3125 0
1374 0.3122 0
745 0.3079 0
1952 0.3072 0
1385 0.3065 0
1419 0.3059 0
1271 0.3045 0
1362 0.3044 0
853 0.3039 0
549 0.3037 0
65 0.3019 0
207 0.3015 0
578 0.3006 0
747 0.2975 0
358 0.2952 0
1496 0.2853 0
1197 0.2749 0
1310 0.2720 0
1269 0.2627 0
685 0.2603 0
84 0.2550 0
1223 0.2518 0
1483 0.2501 0
100 0.2444 0
116 0.2378 0
306 0.2366 0
1254 0.2336 0
1394 0.2319 0
1634 0.2312 0
768 0.2307 0
122 0.2289 0
381 0.2268 0
790 0.2239 0
782 0.2184 0
46 0.2154 0
1420 0.2118 0
498 0.2113 0
766 0.2084 0
1328 0.2047 0
1752 0.1958 0
1987 0.1957 0
241 0.1905 0
1097 0.1873 0
560 0.1866 0
409 0.1856 0
1039 0.1830 0
943 0.1828 0
974 0.1763 0
278 0.1754 0
1127 0.1727 0
411 0.1709 0
698 0.1695 0
1665 0.1680 0
912 0.1645 0
1311 0.1632 0
1381 0.1631 0
855 0.1585 0
732 0.1550 0
896 0.1516 0
38 0.1511 0
1713 0.1507 0
763 0.1351 0
818 0.1344 0
34 0.1316 0
849 0.1256 0
1365 0.1244 0
854 0.1194 0
171 0.1182 0
90 0.1166 0
888 0.1157 0
264 0.1089 0
101 0.1062 0
25 0.1041 0
73 0.1025 0
722 0.0992 0
1373 0.0991 0
1136 0.0968 0
1276 0.0916 0
1056 0.0908 0
307 0.0906 0
1344 0.0853 0
644 0.0754 0
1775 0.0745 0
859 0.0715 0
12 0.0714 0
1207 0.0680 0
1702 0.0667 0
1214 0.0630 0
1993 0.0627 0
239 0.0581 0
1082 0.0489 0
1204 0.0383 0
1756 0.0347 0
259 0.0301 0
225 0.0291 0
1123 0.0273 0
904 0.0232 0
1939 0.0151 0
540 0.0098 0
242 0.0060 0
920 0.0035 0
1840 0.0018 0
887 0.0007 0
287 -0.0004 0
1275 -0.0006 0
666 -0.0021 0
1881 -0.0036 0
1126 -0.0047 0
1194 -0.0068 0
299 -0.0092 0
1091 -0.0152 0
136 -0.0153 0
1851 -0.0232 0
1744 -0.0239 0
770 -0.0250 0
1008 -0.0273 0
297 -0.0282 0
1280 -0.0300 0
1338 -0.0300 0
1734 -0.0334 0
1202 -0.0367 0
1324 -0.0377 0
1860 -0.0388 0
1089 -0.0395 0
121 -0.0405 0
291 -0.0417 0
1141 -0.0452 0
1368 -0.0458 0
757 -0.0473 0
672 -0.0545 0
1853 -0.0555 0
1738 -0.0569 0
1021 -0.0600 0
11 -0.0619 0
923 -0.0685 0
1996 -0.0734 0
196 -0.0741 0
683 -0.0777 0
1701 -0.0800 0
1905 -0.0823 0
726 -0.0826 0
301 -0.0924 0
1030 -0.0938 0
1873 -0.0966 0
799 -0.0997 0
1740 -0.1022 0
502 -0.1057 0
1472 -0.1090 0
1026 -0.1102 0
563 -0.1167 0
482 -0.1177 0
1255 -0.1256 0
1229 -0.1263 0
752 -0.1267 0
796 -0.1281 0
589 -0.1286 0
687 -0.1337 0
1084 -0.1347 0
861 -0.1360 0
338 -0.1362 0
1414 -0.1391 0
523 -0.1418 0
705 -0.1437 0
572 -0.1495 0
1412 -0.1506 0
1759 -0.1532 0
809 -0.1564 0
1378 -0.1614 0
1050 -0.1644 0
1099 -0.1674 0
543 -0.1694 0
243 -0.1701 0
1043 -0.1726 0
1307 -0.1792 0
286 -0.1833 0
1063 -0.1847 0
1451 -0.1849 0
1358 -0.1849 0
913 -0.1854 0
37 -0.1873 0
222 -0.1885 0
164 -0.1942 0
521 -0.1975 0
477 -0.1993 0
302 -0.2021 0
769 -0.2053 0
373 -0.2060 0
1345 -0.2109 0
1727 -0.2124 0
995 -0.2179 0
32 -0.2207 0
324 -0.2208 0
1048 -0.2209 0
1845 -0.2240 0
1332 -0.2247 0
347 -0.2259 0
1712 -0.2286 0
1890 -0.2340 0
847 -0.2344 0
273 -0.2350 0
921 -0.2351 0
459 -0.2356 0
195 -0.2437 0
928 -0.2440 0
1054 -0.2477 0
1826 -0.2514 0
17 -0.2529 0
1235 -0.2529 0
1601 -0.2538 0
1140 -0.2607 0
1998 -0.2622 0
875 -0.2626 0
1390 -0.2636 0
1224 -0.2640 0
323 -0.2642 0
1892 -0.2645 0
1413 -0.2681 0
210 -0.2727 0
520 -0.2747 0
1292 -0.2780 0
946 -0.2818 0
1191 -0.2824 0
45 -0.2837 0
814 -0.2888 0
1061 -0.2901 0
1383 -0.2935 0
940 -0.2942 0
1948 -0.2948 0
1764 -0.2953 0
793 -0.2975 0
538 -0.3025 0
590 -0.3032 0
145 -0.3061 0
443 -0.3129 0
1320 -0.3182 0
1318 -0.3198 0
1999 -0.3207 0
461 -0.3232 0
245 -0.3262 0
640 -0.3271 0
1069 -0.3287 0
1925 -0.3293 0
30 -0.3314 0
294 -0.3335 0
507 -0.3393 0
1706 -0.3497 0
901 -0.3537 0
1428 -0.3546 0
1027 -0.3604 0
659 -0.3616 0
163 -0.3620 0
1771 -0.3641 0
1259 -0.3688 0
448 -0.3717 0
473 -0.3731 0
831 -0.3780 0
718 -0.3827 0
255 -0.3830 0
568 -0.3840 0
898 -0.3848 0
1291 -0.3853 0
391 -0.3898 0
328 -0.3925 0
96 -0.3967 0
185 -0.4030 0
610 -0.4071 0
938 -0.4082 0
1919 -0.4086 0
774 -0.4122 0
1060 -0.4134 0
1899 -0.4150 0
1400 -0.4168 0
1314 -0.4173 0
1443 -0.4190 0
1989 -0.4191 0
282 -0.4216 0
1317 -0.4223 0
279 -0.4245 0
47 -0.4265 0
526 -0.4288 0
315 -0.4305 0
1351 -0.4310 0
1833 -0.4327 0
803 -0.4330 0
368 -0.4347 0
1805 -0.4395 0
1270 -0.4428 0
305 -0.4475 0
917 -0.4491 0
1955 -0.4492 0
1273 -0.4517 0
1433 -0.4528 0
432 -0.4545 0
129 -0.4547 0
421 -0.4708 0
52 -0.4771 0
1406 -0.4778 0
504 -0.4787 0
1367 -0.4845 0
53 -0.4901 0
531 -0.4903 0
742 -0.4938 0
915 -0.4956 0
1219 -0.4971 0
1217 -0.4991 0
309 -0.5009 0
1037 -0.5016 0
1468 -0.5037 0
1226 -0.5073 0
1923 -0.5077 0
1776 -0.5106 0
529 -0.5115 0
513 -0.5129 0
1119 -0.5130 0
496 -0.5137 0
234 -0.5159 0
953 -0.5164 0
8 -0.5173 0
760 -0.5181 0
1825 -0.5211 0
1766 -0.5225 0
1492 -0.5242 0
1330 -0.5402 0
1098 -0.5407 0
876 -0.5417 0
1819 -0.5469 0
321 -0.5514 0
1879 -0.5600 0
271 -0.5633 0
79 -0.5636 0
635 -0.5638 0
1346 -0.5648 0
237 -0.5655 0
781 -0.5692 0
1088 -0.5702 0
660 -0.5771 0
1843 -0.5907 0
1933 -0.5914 0
1058 -0.5917 0
1193 -0.5967 0
1171 -0.6038 0
1369 -0.6133 0
601 -0.6182 0
1429 -0.6188 0
881 -0.6196 0
418 -0.6203 0
493 -0.6214 0
808 -0.6240 0
1049 -0.6281 0
158 -0.6302 0
1962 -0.6343 0
1836 -0.6347 0
1418 -0.6387 0
830 -0.6394 0
1010 -0.6438 0
642 -0.6564 0
254 -0.6578 0
298 -0.6579 0
349 -0.6717 0
1903 -0.6799 0
345 -0.6806 0
1206 -0.6816 0
599 -0.6841 0
919 -0.6847 0
565 -0.6860 0
15 -0.6886 0
327 -0.6907 0
679 -0.6930 0
295 -0.6947 0
216 -0.6986 0
1093 -0.6996 0
1891 -0.7026 0
1817 -0.7086 0
1848 -0.7173 0
1816 -0.7174 0
1180 -0.7244 0
1446 -0.7244 0
1820 -0.7248 0
1943 -0.7293 0
811 -0.7367 0
60 -0.7372 0
1726 -0.7393 0
1856 -0.7400 0
1017 -0.7418 0
437 -0.7438 0
1997 -0.7470 0
1824 -0.7484 0
929 -0.7612 0
1857 -0.7666 0
1965 -0.7668 0
427 -0.7705 0
444 -0.7727 0
232 -0.7770 0
1062 -0.7770 0
922 -0.7801 0
1831 -0.7805 0
1960 -0.7815 0
346 -0.7875 0
403 -0.7924 0
58 -0.7930 0
1842 -0.7954 0
1779 -0.7956 0
1926 -0.7959 0
631 -0.8015 0
530 -0.8073 0
1070 -0.8136 0
536 -0.8136 0
1211 -0.8157 0
1144 -0.8177 0
135 -0.8217 0
1790 -0.8230 0
94 -0.8237 0
402 -0.8260 0
1971 -0.8303 0
979 -0.8326 0
869 -0.8328 0
817 -0.8362 0
1878 -0.8411 0
1978 -0.8429 0
1827 -0.8471 0
1924 -0.8493 0
252 -0.8501 0
1870 -0.8502 0
1137 -0.8519 0
894 -0.8527 0
1828 -0.8571 0
1164 -0.8599 0
524 -0.8609 0
1095 -0.8649 0
1757 -0.8671 0
76 -0.8737 0
1871 -0.8751 0
1389 -0.8769 0
1341 -0.8799 0
857 -0.8817 0
1979 -0.8840 0
132 -0.8852 0
146 -0.8859 0
1003 -0.8911 0
715 -0.8924 0
1956 -0.8948 0
1789 -0.8957 0
866 -0.8996 0
1222 -0.9028 0
1387 -0.9062 0
1947 -0.9075 0
460 -0.9075 0
878 -0.9125 0
179 -0.9231 0
256 -0.9321 0
480 -0.9346 0
545 -0.9369 0
1959 -0.9405 0
1379 -0.9413 0
1707 -0.9458 0
417 -0.9477 0
776 -0.9513 0
1218 -0.9545 0
1966 -0.9601 0
1929 -0.9629 0
484 -0.9673 0
1403 -0.9707 0
595 -0.9767 0
1859 -0.9770 0
748 -0.9780 0
1086 -0.9836 0
1802 -0.9862 0
582 -0.9870 0
1131 -0.9910 0
1132 -0.9922 0
189 -0.9925 0
871 -0.9930 0
13 -0.9937 0
115 -0.9937 0
1705 -0.9966 0
1798 -1.0017 0
1249 -1.0063 0
1173 -1.0089 0
1916 -1.0123 0
186 -1.0209 0
1809 -1.0215 0
1096 -1.0242 0
16 -1.0252 0
932 -1.0306 0
949 -1.0344 0
564 -1.0362 0
1717 -1.0413 0
75 -1.0439 0
541 -1.0455 0
284 -1.0467 0
126 -1.0491 0
1221 -1.0517 0
316 -1.0530 0
829 -1.0547 0
837 -1.0621 0
1753 -1.0669 0
933 -1.0683 0
14 -1.0692 0
860 -1.0709 0
612 -1.0826 0
1893 -1.0836 0
1407 -1.0837 0
519 -1.0860 0
1906 -1.0951 0
1953 -1.0975 0
939 -1.1007 0
1103 -1.1050 0
1818 -1.1073 0
412 -1.1113 0
553 -1.1127 0
663 -1.1161 0
1395 -1.1190 0
1968 -1.1249 0
1829 -1.1294 0
753 -1.1324 0
907 -1.1341 0
1359 -1.1345 0
66 -1.1403 0
1896 -1.1416 0
1300 -1.1420 0
1898 -1.1470 0
148 -1.1490 0
1847 -1.1498 0
1872 -1.1502 0
1954 -1.1521 0
289 -1.1603 0
193 -1.1606 0
221 -1.1613 0
1852 -1.1622 0
369 -1.1676 0
1755 -1.1708 0
1154 -1.1712 0
1431 -1.1713 0
639 -1.1756 0
1340 -1.1779 0
472 -1.1804 0
269 -1.1804 0
1838 -1.1811 0
1112 -1.1818 0
834 -1.1876 0
1729 -1.1906 0
50 -1.1955 0
57 -1.1983 0
112 -1.1988 0
941 -1.2036 0
149 -1.2050 0
288 -1.2053 0
908 -1.2070 0
514 -1.2085 0
1415 -1.2090 0
177 -1.2324 0
870 -1.2357 0
1917 -1.2363 0
900 -1.2384 0
1105 -1.2389 0
862 -1.2462 0
840 -1.2469 0
1308 -1.2527 0
1120 -1.2551 0
1728 -1.2555 0
1787 -1.2604 0
1886 -1.2610 0
535 -1.2632 0
909 -1.2712 0
778 -1.2730 0
879 -1.2806 0
441 -1.2848 0
1205 -1.2862 0
1940 -1.2862 0
883 -1.2984 0
1110 -1.3000 0
764 -1.3014 0
872 -1.3025 0
157 -1.3199 0
1151 -1.3209 0
1937 -1.3212 0
322 -1.3233 0
1822 -1.3298 0
925 -1.3342 0
1888 -1.3394 0
1813 -1.3402 0
1921 -1.3432 0
1718 -1.3465 0
1958 -1.3499 0
62 -1.3530 0
693 -1.3563 0
603 -1.3614 0
1722 -1.3634 0
1928 -1.3646 0
300 -1.3659 0
755 -1.3676 0
1306 -1.3721 0
547 -1.3727 0
1322 -1.3731 0
1107 -1.3759 0
1911 -1.3803 0
836 -1.3815 0
1392 -1.3863 0
1863 -1.3877 0
1972 -1.3879 0
649 -1.3913 0
120 -1.3928 0
304 -1.4081 0
1927 -1.4165 0
1944 -1.4184 0
1220 -1.4255 0
1405 -1.4284 0
1303 -1.4292 0
701 -1.4366 0
425 -1.4389 0
580 -1.4395 0
510 -1.4420 0
1108 -1.4428 0
1165 -1.4443 0
165 -1.4526 0
1203 -1.4583 0
1334 -1.4583 0
1326 -1.4601 0
617 -1.4647 0
592 -1.4671 0
1724 -1.4700 0
1986 -1.4732 0
821 -1.4760 0
1081 -1.4956 0
716 -1.4995 0
551 -1.5036 0
882 -1.5138 0
935 -1.5150 0
1188 -1.5162 0
1835 -1.5228 0
1313 -1.5239 0
1075 -1.5251 0
1391 -1.5292 0
429 -1.5293 0
1980 -1.5326 0
206 -1.5376 0
1950 -1.5385 0
812 -1.5402 0
1304 -1.5420 0
555 -1.5428 0
1733 -1.5446 0
1085 -1.5475 0
1210 -1.5494 0
219 -1.5502 0
3 -1.5547 0
314 -1.5592 0
1356 -1.5594 0
632 -1.5629 0
789 -1.5714 0
1176 -1.5737 0
895 -1.5750 0
224 -1.5754 0
1426 -1.5815 0
428 -1.5841 0
350 -1.5845 0
1349 -1.5906 0
1231 -1.5922 0
1094 -1.5968 0
1837 -1.5993 0
562 -1.6049 0
414 -1.6092 0
1386 -1.6117 0
839 -1.6147 0
827 -1.6216 0
1149 -1.6217 0
846 -1.6254 0
594 -1.6330 0
410 -1.6365 0
739 -1.6369 0
113 -1.6369 0
138 -1.6388 0
22 -1.6469 0
1988 -1.6472 0
318 -1.6491 0
24 -1.6542 0
1973 -1.6563 0
717 -1.6637 0
1874 -1.6702 0
162 -1.6708 0
557 -1.6810 0
106 -1.6836 0
681 -1.6867 0
1748 -1.6887 0
585 -1.6902 0
317 -1.6907 0
1072 -1.6962 0
1380 -1.6981 0
183 -1.6995 0
801 -1.6995 0
1246 -1.7027 0
1866 -1.7070 0
729 -1.7076 0
205 -1.7099 0
1932 -1.7116 0
1800 -1.7185 0
1807 -1.7288 0
500 -1.7367 0
1885 -1.7374 0
618 -1.7404 0
1741 -1.7498 0
43 -1.7536 0
1967 -1.7545 0
506 -1.7585 0
253 -1.7598 0
105 -1.7615 0
1305 -1.7703 0
1846 -1.7750 0
891 -1.7760 0
899 -1.7823 0
1434 -1.7825 0
810 -1.7876 0
1907 -1.7903 0
1239 -1.7940 0
525 -1.7955 0
1201 -1.7981 0
95 -1.7984 0
852 -1.8012 0
70 -1.8024 0
23 -1.8109 0
1739 -1.8168 0
251 -1.8181 0
936 -1.8193 0
1946 -1.8202 0
1880 -1.8255 0
1735 -1.8259 0
155 -1.8269 0
1812 -1.8334 0
1975 -1.8336 0
1981 -1.8383 0
139 -1.8427 0
804 -1.8529 0
1135 -1.8538 0
727 -1.8557 0
166 -1.8625 0
1034 -1.8663 0
735 -1.8668 0
711 -1.8705 0
1092 -1.8721 0
892 -1.8799 0
137 -1.8888 0
1113 -1.8889 0
700 -1.8905 0
430 -1.8945 0
1791 -1.8974 0
74 -1.9203 0
19 -1.9205 0
706 -1.9237 0
1811 -1.9356 0
35 -1.9387 0
223 -1.9447 0
1982 -1.9452 0
816 -1.9513 0
331 -1.9548 0
1876 -1.9714 0
1895 -1.9723 0
571 -1.9782 0
1864 -1.9795 0
931 -1.9901 0
416 -1.9914 0
730 -1.9951 0
1792 -1.9994 0
341 -2.0002 0
868 -2.0010 0
401 -2.0079 0
33 -2.0123 0
1170 -2.0170 0
746 -2.0176 0
638 -2.0181 0
619 -2.0190 0
160 -2.0199 0
408 -2.0239 0
1117 -2.0272 0
581 -2.0276 0
611 -2.0286 0
686 -2.0308 0
173 -2.0486 0
248 -2.0514 0
1883 -2.0519 0
865 -2.0549 0
1404 -2.0550 0
1142 -2.0588 0
710 -2.0615 0
1815 -2.0626 0
257 -2.0677 0
449 -2.0800 0
884 -2.0849 0
1116 -2.0879 0
104 -2.0940 0
1087 -2.0948 0
926 -2.0969 0
648 -2.1030 0
1106 -2.1037 0
1175 -2.1070 0
625 -2.1077 0
1038 -2.1083 0
117 -2.1099 0
828 -2.1191 0
1936 -2.1220 0
874 -2.1334 0
435 -2.1430 0
1 -2.1586 0
1102 -2.1610 0
1445 -2.1679 0
1018 -2.1739 0
246 -2.1797 0
174 -2.1818 0
130 -2.1872 0
1139 -2.1946 0
1031 -2.1997 0
841 -2.2034 0
103 -2.2053 0
515 -2.2061 0
1083 -2.2151 0
4 -2.2163 0
29 -2.2258 0
141 -2.2288 0
72 -2.2295 0
78 -2.2315 0
1977 -2.2330 0
181 -2.2393 0
1786 -2.2396 0
26 -2.2437 0
1991 -2.2484 0
42 -2.2551 0
465 -2.2555 0
937 -2.2560 0
561 -2.2578 0
152 -2.2596 0
558 -2.2634 0
501 -2.2635 0
1329 -2.2650 0
567 -2.2725 0
142 -2.2725 0
175 -2.2737 0
1869 -2.2744 0
1033 -2.2818 0
415 -2.2866 0
918 -2.2936 0
267 -2.3030 0
270 -2.3039 0
433 -2.3170 0
199 -2.3240 0
637 -2.3312 0
576 -2.3375 0
1435 -2.3385 0
440 -2.3389 0
622 -2.3420 0
1934 -2.3455 0
647 -2.3496 0
1849 -2.3522 0
1964 -2.3595 0
749 -2.3676 0
131 -2.3688 0
720 -2.3703 0
192 -2.3731 0
36 -2.3882 0
1913 -2.3906 0
1961 -2.3908 0
1230 -2.3917 0
296 -2.3929 0
856 -2.3962 0
231 -2.3995 0
734 -2.4011 0
1044 -2.4169 0
905 -2.4203 0
703 -2.4226 0
559 -2.4237 0
1839 -2.4263 0
178 -2.4323 0
1949 -2.4406 0
608 -2.4411 0
1830 -2.4449 0
584 -2.4568 0
1186 -2.4575 0
154 -2.4620 0
604 -2.4638 0
110 -2.4649 0
771 -2.4650 0
1215 -2.4687 0
1803 -2.4708 0
1111 -2.4727 0
667 -2.4845 0
916 -2.4942 0
1844 -2.4949 0
1114 -2.4953 0
280 -2.4971 0
825 -2.5051 0
1938 -2.5222 0
109 -2.5248 0
1887 -2.5494 0
1983 -2.5726 0
539 -2.5809 0
1850 -2.5828 0
1183 -2.5832 0
1994 -2.5874 0
1867 -2.5885 0
702 -2.5967 0
1067 -2.5968 0
1985 -2.6007 0
1436 -2.6010 0
28 -2.6026 0
1904 -2.6056 0
413 -2.6064 0
1912 -2.6089 0
743 -2.6229 0
516 -2.6345 0
262 -2.6372 0
550 -2.6512 0
187 -2.6555 0
570 -2.6655 0
1711 -2.6791 0
736 -2.6791 0
1225 -2.6839 0
713 -2.6895 0
197 -2.7026 0
911 -2.7065 0
170 -2.7219 0
1984 -2.7223 0
156 -2.7249 0
740 -2.7252 0
552 -2.7252 0
634 -2.7276 0
1806 -2.7346 0
1129 -2.7379 0
944 -2.7535 0
1178 -2.7647 0
6 -2.7663 0
1335 -2.7671 0
517 -2.7714 0
260 -2.7752 0
182 -2.7786 0
1343 -2.7930 0
85 -2.7943 0
858 -2.7951 0
405 -2.7972 0
1133 -2.8005 0
573 -2.8047 0
591 -2.8123 0
605 -2.8144 0
586 -2.8239 0
1810 -2.8270 0
886 -2.8351 0
537 -2.8361 0
1245 -2.8420 0
614 -2.8644 0
48 -2.8672 0
606 -2.8701 0
1884 -2.8978 0
761 -2.8995 0
238 -2.9053 0
889 -2.9079 0
826 -2.9276 0
1212 -2.9307 0
203 -2.9412 0
1976 -2.9494 0
1301 -2.9534 0
1963 -2.9578 0
646 -2.9684 0
845 -2.9916 0
1321 -2.9990 0
176 -3.0119 0
714 -3.0141 0
569 -3.0319 0
593 -3.0325 0
191 -3.0581 0
333 -3.0695 0
1720 -3.0993 0
1232 -3.0997 0
1109 -3.1005 0
566 -3.1218 0
1710 -3.1264 0
1808 -3.1428 0
596 -3.1439 0
600 -3.1774 0
1855 -3.1858 0
1416 -3.1882 0
212 -3.2296 0
806 -3.2630 0
616 -3.2703 0
633 -3.2707 0
277 -3.2750 0
1865 -3.2844 0
906 -3.2964 0
1858 -3.3041 0
147 -3.3086 0
1814 -3.3226 0
942 -3.3249 0
910 -3.3336 0
1957 -3.3344 0
1153 -3.3563 0
422 -3.3846 0
1742 -3.3911 0
819 -3.3998 0
319 -3.4179 0
708 -3.4199 0
1995 -3.4233 0
621 -3.4502 0
627 -3.4526 0
360 -3.4625 0
198 -3.5029 0
1751 -3.5041 0
1233 -3.5071 0
1969 -3.5239 0
1104 -3.5454 0
609 -3.5574 0
707 -3.5583 0
80 -3.5688 0
1115 -3.6173 0
903 -3.6302 0
1302 -3.6383 0
1861 -3.6499 0
728 -3.7034 0
274 -3.7323 0
450 -3.7398 0
1918 -3.7493 0
268 -3.7542 0
575 -3.7575 0
1101 -3.7624 0
1155 -3.8114 0
20 -3.8315 0
107 -3.8965 0
597 -3.9225 0
125 -3.9891 0
1945 -3.9917 0
628 -4.0018 0
114 -4.0141 0
1935 -4.0405 0
583 -4.0591 0
1970 -4.0863 0
1922 -4.0939 0
250 -4.1202 0
1799 -4.1318 0
1854 -4.1855 0
1708 -4.1900 0
890 -4.1940 0
623 -4.2189 0
725 -4.2253 0
1841 -4.2406 0
150 -4.2720 0
511 -4.2917 0
202 -4.2929 0
579 -4.2946 0
598 -4.3145 0
880 -4.4329 0
1897 -4.4983 0
505 -4.5130 0
556 -4.5903 0
554 -4.6929 0
738 -4.7483 0
587 -4.8079 0
833 -4.8216 0
843 -4.8443 0
719 -4.8870 0
588 -5.0322 0
934 -5.2556 0
533 -5.3809 0
1974 -5.6540 0
712 -5.8925 0
