1646 28.7331 1
1645 28.6601 1
1641 28.1871 1
1627 28.0919 1
1636 24.2867 1
1648 23.9676 1
1644 23.6062 1
1647 23.5298 1
1622 22.8536 1
1638 22.5032 1
1603 22.1314 1
1606 21.2589 1
1640 20.6305 1
1615 20.3554 1
1617 20.0222 1
1629 19.9072 1
1637 19.7696 1
1626 19.6037 1
1607 19.5302 1
1608 19.2513 1
1628 18.1484 1
1614 18.0869 1
1616 17.3145 1
1633 17.0881 1
1639 16.9285 1
1611 16.4921 1
1634 16.3052 1
1601 16.2465 1
1604 15.9504 1
1605 15.8222 1
1613 15.5429 1
1631 15.1481 1
1632 14.9685 1
1609 14.9459 1
1618 14.8696 1
1620 14.8275 1
1602 14.3147 1
1624 14.2961 1
677 13.0524 0
1643 12.8610 1
1264 12.7288 0
1612 12.6700 1
1623 11.5452 1
456 11.2694 0
1388 10.5031 0
1619 10.4413 1
1635 10.2909 1
1361 10.1433 0
1621 9.9791 1
1600 8.1821 1
1282 7.9521 0
1489 7.7750 0
1493 7.4715 0
1630 7.4363 1
992 7.2420 0
486 7.0134 0
1597 6.9164 0
1891 6.8987 0
1471 6.8510 0
1642 6.7868 1
1502 6.5630 0
1522 6.5468 0
1560 6.3736 0
684 6.3703 0
1352 6.3343 0
1476 6.2161 0
1573 6.1262 0
1486 5.9738 0
950 5.9378 0
1479 5.9353 0
1599 5.8873 0
1379 5.8444 0
1456 5.7820 0
1478 5.6660 0
1499 5.5285 0
656 5.3598 0
1552 5.2997 0
1457 5.2972 0
1462 5.2676 0
1453 5.1347 0
1490 5.1332 0
1463 5.1301 0
1653 4.8983 0
1547 4.8693 0
1498 4.8656 0
958 4.8172 0
1465 4.7812 0
1567 4.6705 0
1497 4.6169 0
1281 4.6046 0
1610 4.5671 1
469 4.5600 0
1625 4.5397 1
1769 4.5354 0
1268 4.4708 0
1354 4.4694 0
1469 4.4161 0
1041 4.3595 0
1460 4.3560 0
1671 4.2794 0
1350 4.2415 0
1680 4.2220 0
1896 4.1387 0
1550 4.1336 0
1473 4.0299 0
1495 4.0098 0
1582 3.9271 0
1663 3.9126 0
688 3.8446 0
186 3.8207 0
989 3.8005 0
1566 3.7800 0
1569 3.7645 0
964 3.7448 0
1924 3.7373 0
1765 3.7134 0
1548 3.6488 0
1276 3.6027 0
1570 3.5965 0
1898 3.5883 0
1290 3.5382 0
977 3.5275 0
691 3.5034 0
1477 3.4911 0
1594 3.4861 0
1286 3.4768 0
1450 3.4476 0
1931 3.4421 0
1595 3.4202 0
654 3.3970 0
1562 3.3955 0
694 3.3665 0
1678 3.3330 0
1774 3.2892 0
1261 3.2868 0
1523 3.2601 0
1788 3.2573 0
1518 3.2208 0
1863 3.2165 0
1355 3.1479 0
630 3.1258 0
1551 3.1179 0
652 3.0949 0
1568 3.0595 0
1455 3.0407 0
1875 3.0354 0
624 3.0346 0
541 3.0340 0
1894 3.0267 0
1695 2.9977 0
1532 2.9761 0
670 2.9685 0
497 2.9303 0
1483 2.8992 0
1662 2.8388 0
1353 2.8345 0
1555 2.8288 0
1557 2.8256 0
523 2.8212 0
1596 2.8069 0
1487 2.7953 0
1280 2.7167 0
1459 2.7046 0
1006 2.7019 0
1358 2.6292 0
1543 2.6117 0
1693 2.5783 0
663 2.5727 0
464 2.5701 0
1855 2.5010 0
1658 2.4976 0
1584 2.4597 0
699 2.4468 0
1043 2.4460 0
650 2.4123 0
1531 2.3878 0
1357 2.3839 0
680 2.3368 0
1910 2.3259 0
664 2.3224 0
1117 2.3201 0
1862 2.3093 0
542 2.2917 0
1257 2.2807 0
1699 2.2736 0
1649 2.2690 1
1876 2.2547 0
1514 2.2505 0
1020 2.2259 0
975 2.2185 0
1670 2.2161 0
1654 2.2052 0
1948 2.2000 0
716 2.1539 0
1045 2.1151 0
1258 2.1113 0
696 2.1038 0
1949 2.0873 0
1591 2.0773 0
311 2.0716 0
484 2.0618 0
600 2.0368 0
1466 2.0272 0
679 2.0168 0
1481 1.9933 0
1475 1.9681 0
1288 1.9655 0
1679 1.9564 0
1461 1.9267 0
1143 1.9132 0
1508 1.8809 0
1588 1.8794 0
692 1.8695 0
536 1.8648 0
1278 1.8536 0
1660 1.8208 0
320 1.8153 0
301 1.7967 0
449 1.7921 0
1000 1.7803 0
1694 1.7710 0
1009 1.7588 0
1698 1.7352 0
1283 1.7325 0
899 1.7127 0
1763 1.6971 0
1578 1.6940 0
495 1.6892 0
349 1.6637 0
884 1.6322 0
1767 1.6007 0
1133 1.5994 0
1100 1.5840 0
1987 1.5670 0
1468 1.5633 0
678 1.5566 0
957 1.5508 0
1580 1.5324 0
1899 1.4827 0
465 1.4725 0
40 1.4722 0
1590 1.4712 0
1589 1.4435 0
673 1.4371 0
1561 1.4363 0
555 1.4360 0
548 1.4163 0
1277 1.4041 0
1766 1.3995 0
473 1.3961 0
1285 1.3939 0
1853 1.3759 0
1779 1.3585 0
651 1.3401 0
239 1.3218 0
1669 1.3131 0
1309 1.3115 0
1521 1.2969 0
1452 1.2833 0
1377 1.2692 0
1271 1.2657 0
1542 1.2590 0
1032 1.2520 0
1297 1.2497 0
1396 1.2134 0
540 1.2126 0
1482 1.1928 0
1243 1.1388 0
1458 1.1361 0
1951 1.1129 0
1437 1.1094 0
1504 1.1046 0
1554 1.1031 0
1474 1.0804 0
1382 1.0742 0
1511 1.0710 0
897 1.0569 0
1197 1.0562 0
756 1.0499 0
1002 1.0330 0
1267 1.0222 0
1344 1.0069 0
1012 1.0057 0
475 1.0040 0
697 0.9708 0
204 0.9619 0
1792 0.9614 0
29 0.9504 0
1218 0.9157 0
1954 0.9114 0
1795 0.9096 0
1592 0.9085 0
1494 0.8980 0
1587 0.8845 0
671 0.8641 0
1782 0.8572 0
1783 0.8481 0
1303 0.8366 0
980 0.8291 0
1325 0.8280 0
1761 0.8230 0
1451 0.8119 0
1650 0.8045 0
1122 0.7995 0
1882 0.7970 0
1973 0.7815 0
625 0.7810 0
560 0.7794 0
586 0.7601 0
717 0.7599 0
1892 0.7500 0
1985 0.7497 0
985 0.7460 0
1327 0.7445 0
1510 0.7304 0
1147 0.7288 0
574 0.7255 0
1868 0.7214 0
470 0.7153 0
0 0.7134 0
482 0.7089 0
1177 0.6729 0
999 0.6716 0
316 0.6589 0
488 0.6457 0
1427 0.6318 0
502 0.6317 0
626 0.6247 0
1869 0.6174 0
1019 0.6090 0
1692 0.5990 0
463 0.5933 0
1470 0.5918 0
1428 0.5763 0
1955 0.5704 0
780 0.5682 0
106 0.5616 0
617 0.5609 0
291 0.5574 0
458 0.5558 0
1652 0.5553 0
348 0.5366 0
1262 0.5286 0
1252 0.5186 0
612 0.5186 0
669 0.5183 0
1491 0.5101 0
1339 0.4967 0
894 0.4939 0
1673 0.4920 0
1858 0.4872 0
1998 0.4751 0
1684 0.4712 0
1438 0.4530 0
1319 0.4518 0
570 0.4377 0
1011 0.4366 0
1500 0.4179 0
639 0.4153 0
1421 0.4034 0
1284 0.3980 0
42 0.3969 0
1564 0.3954 0
318 0.3920 0
1697 0.3910 0
1424 0.3880 0
118 0.3835 0
308 0.3834 0
1464 0.3613 0
1574 0.3605 0
210 0.3598 0
1384 0.3499 0
1191 0.3375 0
1492 0.3374 0
1108 0.3224 0
1323 0.3049 0
1272 0.3006 0
512 0.2986 0
1152 0.2981 0
1215 0.2975 0
450 0.2925 0
492 0.2635 0
325 0.2615 0
382 0.2608 0
1576 0.2521 0
1104 0.2504 0
583 0.2503 0
967 0.2500 0
1251 0.2493 0
1755 0.2490 0
695 0.2415 0
53 0.2409 0
1294 0.2351 0
1273 0.2334 0
993 0.2319 0
1501 0.2102 0
1971 0.2096 0
132 0.1992 0
660 0.1949 0
1159 0.1907 0
346 0.1868 0
1989 0.1861 0
850 0.1796 0
1228 0.1744 0
720 0.1729 0
1293 0.1596 0
1527 0.1575 0
432 0.1522 0
1675 0.1515 0
1677 0.1396 0
666 0.1334 0
277 0.1280 0
1797 0.1280 0
1485 0.1269 0
373 0.1202 0
312 0.1185 0
686 0.1065 0
1025 0.0961 0
200 0.0782 0
873 0.0771 0
1977 0.0759 0
1962 0.0740 0
1296 0.0725 0
371 0.0703 0
535 0.0597 0
1394 0.0576 0
419 0.0557 0
1119 0.0412 0
1418 0.0373 0
690 0.0294 0
466 0.0294 0
1329 0.0260 0
1238 0.0232 0
1341 0.0231 0
1886 0.0081 0
1484 0.0066 0
1513 0.0019 0
682 -0.0126 0
1556 -0.0158 0
315 -0.0247 0
1915 -0.0289 0
1688 -0.0403 0
1916 -0.0738 0
1170 -0.0750 0
1583 -0.0897 0
952 -0.0911 0
655 -0.0948 0
1287 -0.1029 0
490 -0.1164 0
1538 -0.1209 0
576 -0.1217 0
615 -0.1240 0
1536 -0.1450 0
1857 -0.1648 0
1593 -0.1703 0
1667 -0.1751 0
1454 -0.1819 0
434 -0.1823 0
1988 -0.1961 0
303 -0.1963 0
165 -0.1982 0
1674 -0.2127 0
327 -0.2153 0
378 -0.2179 0
324 -0.2400 0
107 -0.2429 0
1777 -0.2596 0
647 -0.2610 0
1524 -0.2643 0
727 -0.2670 0
62 -0.2756 0
1579 -0.2765 0
476 -0.2851 0
1546 -0.2889 0
1512 -0.2931 0
510 -0.2955 0
1496 -0.2964 0
3 -0.3138 0
1298 -0.3170 0
1016 -0.3178 0
207 -0.3280 0
1923 -0.3373 0
188 -0.3392 0
940 -0.3422 0
1364 -0.3499 0
1128 -0.3536 0
1913 -0.3538 0
347 -0.3567 0
307 -0.3618 0
1942 -0.3690 0
1655 -0.3720 0
237 -0.3747 0
978 -0.3765 0
687 -0.3788 0
898 -0.3903 0
233 -0.3919 0
1860 -0.3927 0
384 -0.3934 0
1480 -0.3952 0
526 -0.4032 0
1893 -0.4158 0
454 -0.4174 0
1936 -0.4280 0
248 -0.4300 0
1657 -0.4364 0
1010 -0.4418 0
1992 -0.4444 0
524 -0.4471 0
229 -0.4548 0
1295 -0.4550 0
1927 -0.4579 0
960 -0.4604 0
507 -0.4610 0
582 -0.4652 0
791 -0.4766 0
1260 -0.4786 0
565 -0.4801 0
12 -0.4821 0
610 -0.4926 0
1888 -0.4933 0
457 -0.4939 0
676 -0.4942 0
1391 -0.4950 0
996 -0.4965 0
191 -0.4988 0
1307 -0.5065 0
969 -0.5353 0
841 -0.5370 0
1444 -0.5401 0
998 -0.5403 0
299 -0.5427 0
462 -0.5438 0
1540 -0.5444 0
1778 -0.5466 0
300 -0.5469 0
1873 -0.5491 0
485 -0.5615 0
196 -0.5629 0
513 -0.5685 0
1029 -0.5785 0
1436 -0.5864 0
1690 -0.6006 0
4 -0.6069 0
381 -0.6091 0
448 -0.6146 0
1691 -0.6196 0
573 -0.6212 0
775 -0.6217 0
1965 -0.6263 0
236 -0.6267 0
1559 -0.6464 0
1549 -0.6497 0
249 -0.6517 0
909 -0.6551 0
1199 -0.6566 0
1995 -0.6598 0
1113 -0.6601 0
155 -0.6602 0
1659 -0.6616 0
231 -0.6675 0
1368 -0.6699 0
322 -0.6868 0
1867 -0.6902 0
1960 -0.6977 0
994 -0.7056 0
1565 -0.7074 0
1709 -0.7101 0
1784 -0.7122 0
581 -0.7129 0
1416 -0.7199 0
1961 -0.7245 0
15 -0.7259 0
1039 -0.7313 0
215 -0.7353 0
1274 -0.7373 0
1932 -0.7420 0
480 -0.7439 0
1146 -0.7465 0
1881 -0.7490 0
1193 -0.7528 0
1515 -0.7599 0
1919 -0.7606 0
105 -0.7702 0
1753 -0.7704 0
420 -0.7803 0
966 -0.7843 0
339 -0.7848 0
1890 -0.7937 0
1270 -0.7942 0
1978 -0.7967 0
184 -0.8019 0
1049 -0.8033 0
1901 -0.8043 0
887 -0.8270 0
792 -0.8332 0
662 -0.8411 0
1558 -0.8474 0
1064 -0.8546 0
1179 -0.8565 0
1405 -0.8579 0
962 -0.8579 0
1173 -0.8583 0
1676 -0.8671 0
1372 -0.8704 0
1411 -0.8742 0
1447 -0.8832 0
1363 -0.8891 0
1683 -0.8894 0
1920 -0.8964 0
689 -0.8978 0
988 -0.9026 0
768 -0.9050 0
751 -0.9115 0
402 -0.9153 0
1047 -0.9196 0
1440 -0.9199 0
101 -0.9266 0
1345 -0.9277 0
504 -0.9280 0
1967 -0.9283 0
1310 -0.9317 0
1525 -0.9366 0
1398 -0.9403 0
1389 -0.9411 0
1689 -0.9426 0
867 -0.9448 0
1254 -0.9756 0
657 -0.9770 0
172 -0.9806 0
685 -0.9817 0
1305 -0.9904 0
649 -0.9912 0
853 -1.0052 0
452 -1.0126 0
709 -1.0240 0
566 -1.0247 0
637 -1.0259 0
398 -1.0269 0
477 -1.0465 0
112 -1.0516 0
169 -1.0520 0
1375 -1.0578 0
90 -1.0605 0
1397 -1.0633 0
1745 -1.0635 0
1374 -1.0660 0
1911 -1.0675 0
1338 -1.0683 0
208 -1.0810 0
971 -1.0864 0
370 -1.0932 0
981 -1.0968 0
1929 -1.1006 0
842 -1.1034 0
1785 -1.1055 0
1859 -1.1133 0
737 -1.1154 0
260 -1.1273 0
335 -1.1291 0
1007 -1.1359 0
675 -1.1404 0
244 -1.1407 0
1249 -1.1469 0
1164 -1.1475 0
1528 -1.1538 0
1308 -1.1650 0
343 -1.1681 0
1760 -1.1774 0
731 -1.1817 0
1871 -1.1826 0
788 -1.1864 0
508 -1.1881 0
1959 -1.1941 0
1895 -1.1965 0
1966 -1.1968 0
1553 -1.1993 0
1017 -1.2042 0
580 -1.2100 0
724 -1.2129 0
1387 -1.2200 0
472 -1.2202 0
1719 -1.2211 0
1313 -1.2215 0
1417 -1.2225 0
505 -1.2277 0
869 -1.2296 0
983 -1.2500 0
1975 -1.2504 0
608 -1.2525 0
431 -1.2609 0
1664 -1.2613 0
515 -1.2625 0
1347 -1.2677 0
1124 -1.2704 0
494 -1.2736 0
589 -1.2760 0
658 -1.2781 0
746 -1.2807 0
667 -1.2818 0
471 -1.2867 0
1467 -1.2871 0
1986 -1.2921 0
124 -1.2935 0
1672 -1.2948 0
665 -1.2997 0
1253 -1.3022 0
972 -1.3031 0
1348 -1.3031 0
1940 -1.3046 0
1185 -1.3127 0
1171 -1.3160 0
521 -1.3169 0
1982 -1.3170 0
1668 -1.3215 0
393 -1.3271 0
893 -1.3334 0
1581 -1.3411 0
1794 -1.3423 0
1365 -1.3467 0
1577 -1.3502 0
982 -1.3514 0
1545 -1.3597 0
340 -1.3649 0
1333 -1.3665 0
1279 -1.3667 0
527 -1.3716 0
376 -1.3720 0
1509 -1.3762 0
997 -1.3779 0
136 -1.3804 0
1300 -1.3834 0
970 -1.3901 0
1004 -1.3935 0
1472 -1.3955 0
387 -1.4169 0
668 -1.4367 0
1366 -1.4371 0
789 -1.4397 0
1144 -1.4531 0
166 -1.4531 0
1682 -1.4548 0
255 -1.4569 0
1488 -1.4580 0
43 -1.4590 0
653 -1.4608 0
1981 -1.4617 0
520 -1.4666 0
493 -1.4684 0
865 -1.4694 0
1449 -1.4709 0
773 -1.4713 0
474 -1.4727 0
1914 -1.4771 0
1529 -1.4776 0
1999 -1.4806 0
478 -1.4864 0
1392 -1.4879 0
1537 -1.4906 0
740 -1.4923 0
1900 -1.4938 0
336 -1.4939 0
1686 -1.4969 0
1439 -1.4972 0
1972 -1.4998 0
879 -1.5059 0
593 -1.5145 0
1933 -1.5167 0
66 -1.5170 0
1441 -1.5238 0
1422 -1.5295 0
781 -1.5304 0
1120 -1.5358 0
222 -1.5422 0
344 -1.5422 0
1370 -1.5551 0
412 -1.5559 0
214 -1.5615 0
1696 -1.5845 0
1861 -1.5897 0
1410 -1.5952 0
1195 -1.5961 0
247 -1.5992 0
1399 -1.6019 0
1953 -1.6116 0
1921 -1.6178 0
126 -1.6200 0
6 -1.6265 0
71 -1.6288 0
185 -1.6312 0
13 -1.6373 0
1138 -1.6427 0
338 -1.6430 0
148 -1.6544 0
1040 -1.6557 0
855 -1.6596 0
1015 -1.6644 0
85 -1.6689 0
1150 -1.6730 0
1245 -1.6786 0
1359 -1.6801 0
1234 -1.6848 0
209 -1.6970 0
257 -1.6975 0
518 -1.6981 0
1993 -1.7014 0
1423 -1.7031 0
1079 -1.7046 0
1685 -1.7084 0
968 -1.7186 0
102 -1.7263 0
1681 -1.7356 0
868 -1.7376 0
755 -1.7377 0
1028 -1.7419 0
1030 -1.7494 0
461 -1.7509 0
127 -1.7537 0
595 -1.7574 0
863 -1.7632 0
1520 -1.7632 0
1963 -1.7739 0
1401 -1.7757 0
1786 -1.7757 0
1376 -1.7775 0
928 -1.7781 0
1905 -1.7851 0
1851 -1.7874 0
1 -1.7905 0
991 -1.7930 0
358 -1.7953 0
1768 -1.7972 0
241 -1.7973 0
1008 -1.8006 0
888 -1.8064 0
16 -1.8109 0
1687 -1.8154 0
1412 -1.8155 0
1275 -1.8212 0
1367 -1.8221 0
1980 -1.8222 0
1291 -1.8293 0
785 -1.8375 0
1770 -1.8393 0
30 -1.8499 0
1904 -1.8512 0
1976 -1.8519 0
1822 -1.8529 0
559 -1.8537 0
331 -1.8595 0
543 -1.8595 0
24 -1.8621 0
302 -1.8658 0
193 -1.8665 0
973 -1.8665 0
953 -1.8681 0
1109 -1.8745 0
1151 -1.8778 0
702 -1.8872 0
672 -1.8904 0
1340 -1.8958 0
920 -1.8960 0
575 -1.8967 0
1123 -1.9059 0
1796 -1.9090 0
149 -1.9113 0
598 -1.9114 0
1336 -1.9127 0
594 -1.9188 0
1383 -1.9207 0
1209 -1.9219 0
1575 -1.9308 0
489 -1.9422 0
883 -1.9462 0
1062 -1.9493 0
334 -1.9590 0
759 -1.9595 0
321 -1.9665 0
1167 -1.9684 0
1661 -1.9776 0
389 -1.9780 0
297 -1.9809 0
326 -1.9857 0
1137 -1.9901 0
1404 -1.9945 0
1505 -1.9961 0
323 -2.0013 0
547 -2.0042 0
310 -2.0059 0
1356 -2.0089 0
1539 -2.0119 0
1874 -2.0141 0
1126 -2.0192 0
787 -2.0203 0
385 -2.0211 0
1850 -2.0268 0
1432 -2.0328 0
1506 -2.0393 0
896 -2.0474 0
572 -2.0506 0
1912 -2.0544 0
375 -2.0580 0
1872 -2.0589 0
1773 -2.0598 0
1928 -2.0611 0
1210 -2.0611 0
1013 -2.0671 0
1161 -2.0745 0
851 -2.0758 0
427 -2.0766 0
1979 -2.0774 0
1182 -2.0782 0
362 -2.0804 0
1378 -2.0807 0
951 -2.0814 0
129 -2.0873 0
1266 -2.0890 0
1118 -2.0915 0
511 -2.0974 0
622 -2.0995 0
1289 -2.1019 0
1360 -2.1043 0
1317 -2.1088 0
644 -2.1106 0
1311 -2.1158 0
1535 -2.1163 0
1443 -2.1177 0
1380 -2.1262 0
1793 -2.1284 0
329 -2.1290 0
1446 -2.1330 0
955 -2.1337 0
256 -2.1367 0
72 -2.1495 0
319 -2.1520 0
961 -2.1537 0
836 -2.1541 0
643 -2.1580 0
496 -2.1598 0
1386 -2.1603 0
1244 -2.1630 0
1005 -2.1643 0
406 -2.1662 0
243 -2.1682 0
1381 -2.1712 0
638 -2.1771 0
987 -2.1786 0
786 -2.1786 0
1255 -2.1787 0
1842 -2.1791 0
1906 -2.1792 0
1096 -2.1876 0
1880 -2.1910 0
860 -2.2029 0
754 -2.2100 0
1656 -2.2120 0
1003 -2.2157 0
607 -2.2164 0
1337 -2.2169 0
1415 -2.2174 0
342 -2.2194 0
418 -2.2222 0
1256 -2.2263 0
1014 -2.2289 0
1110 -2.2294 0
1517 -2.2340 0
1314 -2.2356 0
167 -2.2382 0
762 -2.2393 0
1114 -2.2410 0
1129 -2.2427 0
1754 -2.2427 0
1127 -2.2446 0
131 -2.2519 0
1943 -2.2526 0
553 -2.2562 0
954 -2.2565 0
1425 -2.2570 0
1435 -2.2646 0
1585 -2.2658 0
429 -2.2663 0
1057 -2.2666 0
735 -2.2693 0
1870 -2.2698 0
1101 -2.2720 0
659 -2.2731 0
734 -2.2803 0
20 -2.2805 0
1964 -2.3011 0
1991 -2.3050 0
111 -2.3078 0
483 -2.3095 0
273 -2.3100 0
683 -2.3125 0
1922 -2.3127 0
609 -2.3131 0
878 -2.3191 0
862 -2.3211 0
317 -2.3216 0
783 -2.3223 0
154 -2.3223 0
721 -2.3320 0
1328 -2.3348 0
1259 -2.3368 0
31 -2.3369 0
49 -2.3400 0
567 -2.3423 0
245 -2.3434 0
1362 -2.3445 0
538 -2.3454 0
352 -2.3553 0
633 -2.3637 0
620 -2.3661 0
723 -2.3676 0
266 -2.3696 0
765 -2.3697 0
86 -2.3728 0
744 -2.3729 0
1586 -2.3782 0
491 -2.3791 0
1799 -2.3830 0
192 -2.3871 0
487 -2.3886 0
374 -2.3894 0
1748 -2.3899 0
1265 -2.3941 0
718 -2.3955 0
1304 -2.4052 0
44 -2.4060 0
1081 -2.4063 0
33 -2.4099 0
544 -2.4101 0
227 -2.4109 0
525 -2.4130 0
528 -2.4131 0
19 -2.4156 0
779 -2.4191 0
1433 -2.4279 0
128 -2.4352 0
1909 -2.4374 0
1598 -2.4377 0
1073 -2.4501 0
1519 -2.4505 0
534 -2.4537 0
1198 -2.4576 0
986 -2.4590 0
379 -2.4595 0
1035 -2.4629 0
503 -2.4633 0
5 -2.4650 0
1269 -2.4661 0
1434 -2.4695 0
561 -2.4715 0
109 -2.4745 0
1448 -2.4797 0
1027 -2.4808 0
877 -2.4931 0
719 -2.4985 0
1571 -2.5006 0
1780 -2.5007 0
228 -2.5013 0
388 -2.5059 0
1918 -2.5098 0
1229 -2.5127 0
380 -2.5128 0
1178 -2.5157 0
1302 -2.5160 0
83 -2.5200 0
1060 -2.5245 0
587 -2.5338 0
1299 -2.5355 0
1651 -2.5367 0
276 -2.5417 0
455 -2.5478 0
1148 -2.5500 0
1836 -2.5501 0
1781 -2.5514 0
562 -2.5552 0
1946 -2.5582 0
519 -2.5598 0
1186 -2.5608 0
159 -2.5667 0
391 -2.5691 0
871 -2.5701 0
1162 -2.5719 0
1925 -2.5927 0
1503 -2.6040 0
1808 -2.6069 0
1968 -2.6168 0
423 -2.6202 0
17 -2.6223 0
180 -2.6314 0
1703 -2.6326 0
1239 -2.6360 0
230 -2.6380 0
1390 -2.6404 0
73 -2.6408 0
797 -2.6413 0
1969 -2.6424 0
1533 -2.6494 0
386 -2.6537 0
285 -2.6613 0
739 -2.6642 0
68 -2.6667 0
1974 -2.6686 0
1141 -2.6719 0
1132 -2.6819 0
854 -2.6828 0
1526 -2.6887 0
1242 -2.6898 0
1369 -2.6913 0
142 -2.7080 0
537 -2.7123 0
48 -2.7225 0
1413 -2.7259 0
823 -2.7282 0
130 -2.7313 0
100 -2.7333 0
629 -2.7385 0
47 -2.7394 0
749 -2.7437 0
415 -2.7438 0
411 -2.7486 0
1790 -2.7521 0
225 -2.7521 0
119 -2.7524 0
69 -2.7611 0
930 -2.7652 0
674 -2.7668 0
88 -2.7740 0
1292 -2.7769 0
794 -2.7772 0
81 -2.7776 0
835 -2.7823 0
945 -2.7854 0
764 -2.7895 0
949 -2.7924 0
861 -2.7958 0
234 -2.8019 0
1715 -2.8035 0
886 -2.8120 0
1947 -2.8175 0
314 -2.8190 0
400 -2.8222 0
1775 -2.8222 0
368 -2.8229 0
1219 -2.8257 0
226 -2.8284 0
187 -2.8295 0
1758 -2.8322 0
426 -2.8355 0
367 -2.8389 0
747 -2.8428 0
1351 -2.8446 0
442 -2.8457 0
175 -2.8508 0
365 -2.8543 0
1201 -2.8603 0
1371 -2.8629 0
330 -2.8639 0
332 -2.8653 0
459 -2.8667 0
328 -2.8792 0
1516 -2.8802 0
1306 -2.8869 0
460 -2.8887 0
1772 -2.8895 0
1125 -2.8938 0
1983 -2.8966 0
703 -2.9037 0
661 -2.9045 0
21 -2.9052 0
1563 -2.9073 0
108 -2.9073 0
50 -2.9090 0
1926 -2.9139 0
444 -2.9144 0
1431 -2.9151 0
341 -2.9153 0
1018 -2.9157 0
1997 -2.9163 0
1139 -2.9175 0
532 -2.9188 0
1095 -2.9237 0
201 -2.9263 0
1231 -2.9320 0
1140 -2.9323 0
408 -2.9337 0
38 -2.9341 0
1941 -2.9354 0
1330 -2.9380 0
46 -2.9417 0
1034 -2.9417 0
64 -2.9418 0
1157 -2.9439 0
578 -2.9439 0
93 -2.9446 0
732 -2.9448 0
601 -2.9467 0
1430 -2.9514 0
591 -2.9550 0
1990 -2.9576 0
531 -2.9601 0
1776 -2.9603 0
604 -2.9616 0
796 -2.9638 0
892 -2.9680 0
1058 -2.9692 0
95 -2.9693 0
8 -2.9721 0
907 -2.9724 0
1713 -2.9739 0
1324 -2.9774 0
1541 -2.9777 0
1247 -2.9780 0
1429 -2.9788 0
1738 -2.9837 0
424 -2.9860 0
1103 -2.9866 0
1373 -2.9915 0
588 -2.9926 0
1342 -2.9938 0
1956 -2.9948 0
1750 -2.9966 0
1728 -2.9987 0
309 -2.9997 0
2 -3.0012 0
782 -3.0018 0
976 -3.0041 0
738 -3.0063 0
397 -3.0065 0
784 -3.0082 0
554 -3.0120 0
947 -3.0228 0
23 -3.0277 0
410 -3.0289 0
183 -3.0389 0
355 -3.0400 0
1908 -3.0463 0
1420 -3.0487 0
965 -3.0516 0
522 -3.0546 0
1903 -3.0619 0
710 -3.0670 0
539 -3.0711 0
714 -3.0712 0
156 -3.0744 0
1031 -3.0760 0
1237 -3.0785 0
113 -3.0863 0
32 -3.0943 0
1938 -3.0956 0
110 -3.0969 0
750 -3.0973 0
284 -3.1023 0
1864 -3.1074 0
927 -3.1174 0
769 -3.1201 0
1200 -3.1219 0
441 -3.1263 0
1176 -3.1266 0
151 -3.1284 0
305 -3.1286 0
1952 -3.1332 0
218 -3.1338 0
1174 -3.1351 0
514 -3.1411 0
705 -3.1424 0
1208 -3.1432 0
306 -3.1442 0
407 -3.1454 0
974 -3.1475 0
704 -3.1652 0
1230 -3.1677 0
395 -3.1738 0
929 -3.1783 0
1158 -3.1785 0
1142 -3.1816 0
1409 -3.1879 0
99 -3.1905 0
864 -3.1939 0
1544 -3.1939 0
1022 -3.1944 0
220 -3.1966 0
933 -3.1967 0
698 -3.1975 0
59 -3.2039 0
1530 -3.2161 0
134 -3.2180 0
135 -3.2194 0
1207 -3.2231 0
529 -3.2231 0
55 -3.2233 0
416 -3.2245 0
146 -3.2254 0
91 -3.2279 0
942 -3.2286 0
777 -3.2381 0
211 -3.2411 0
831 -3.2469 0
700 -3.2473 0
1115 -3.2481 0
271 -3.2505 0
350 -3.2564 0
1111 -3.2630 0
891 -3.2733 0
798 -3.2743 0
634 -3.2796 0
763 -3.2969 0
1145 -3.3017 0
1349 -3.3032 0
98 -3.3163 0
1743 -3.3217 0
1217 -3.3273 0
938 -3.3283 0
304 -3.3294 0
902 -3.3306 0
728 -3.3309 0
97 -3.3343 0
1134 -3.3358 0
959 -3.3409 0
752 -3.3421 0
568 -3.3427 0
859 -3.3455 0
1211 -3.3484 0
923 -3.3507 0
1866 -3.3525 0
1878 -3.3531 0
852 -3.3560 0
1224 -3.3603 0
1194 -3.3606 0
811 -3.3616 0
1408 -3.3631 0
1051 -3.3665 0
1720 -3.3667 0
1036 -3.3688 0
1155 -3.3743 0
790 -3.3747 0
1106 -3.3848 0
76 -3.3871 0
917 -3.3881 0
1884 -3.3908 0
963 -3.3926 0
219 -3.3926 0
25 -3.4104 0
1250 -3.4112 0
1240 -3.4122 0
18 -3.4173 0
1762 -3.4192 0
224 -3.4299 0
645 -3.4334 0
117 -3.4348 0
809 -3.4353 0
715 -3.4365 0
179 -3.4371 0
221 -3.4377 0
366 -3.4380 0
1112 -3.4394 0
1180 -3.4395 0
372 -3.4404 0
1403 -3.4417 0
745 -3.4432 0
1332 -3.4509 0
1764 -3.4535 0
1213 -3.4547 0
1222 -3.4564 0
425 -3.4616 0
140 -3.4643 0
1236 -3.4655 0
1393 -3.4711 0
79 -3.4719 0
606 -3.4734 0
725 -3.4749 0
198 -3.4758 0
840 -3.4764 0
1414 -3.4855 0
1534 -3.4868 0
1934 -3.4913 0
1202 -3.4920 0
122 -3.4928 0
453 -3.4935 0
726 -3.4970 0
948 -3.4979 0
1121 -3.5021 0
1771 -3.5165 0
876 -3.5170 0
89 -3.5171 0
776 -3.5176 0
599 -3.5189 0
1135 -3.5270 0
1426 -3.5284 0
404 -3.5312 0
203 -3.5378 0
104 -3.5423 0
1756 -3.5477 0
1046 -3.5494 0
438 -3.5555 0
232 -3.5558 0
261 -3.5679 0
1717 -3.5694 0
313 -3.5730 0
849 -3.5734 0
34 -3.5771 0
501 -3.5796 0
1930 -3.5800 0
1346 -3.5824 0
571 -3.5869 0
1343 -3.5888 0
1666 -3.5892 0
772 -3.5909 0
35 -3.5931 0
1153 -3.5966 0
9 -3.5989 0
206 -3.5991 0
708 -3.6008 0
706 -3.6021 0
922 -3.6026 0
240 -3.6027 0
1726 -3.6067 0
1787 -3.6124 0
1385 -3.6129 0
270 -3.6200 0
1944 -3.6211 0
1068 -3.6251 0
87 -3.6258 0
354 -3.6267 0
405 -3.6328 0
70 -3.6334 0
139 -3.6384 0
189 -3.6547 0
1749 -3.6563 0
701 -3.6581 0
26 -3.6586 0
150 -3.6590 0
1865 -3.6594 0
114 -3.6615 0
1400 -3.6632 0
757 -3.6658 0
268 -3.6697 0
881 -3.6721 0
345 -3.6723 0
1889 -3.6755 0
1190 -3.6786 0
1055 -3.6830 0
799 -3.6861 0
585 -3.6925 0
235 -3.6945 0
58 -3.6958 0
1136 -3.6975 0
7 -3.6983 0
758 -3.7007 0
1189 -3.7013 0
803 -3.7046 0
176 -3.7059 0
640 -3.7068 0
1107 -3.7100 0
430 -3.7102 0
1196 -3.7157 0
1572 -3.7166 0
143 -3.7197 0
905 -3.7227 0
846 -3.7262 0
1751 -3.7273 0
1970 -3.7308 0
713 -3.7313 0
1407 -3.7434 0
1318 -3.7509 0
1395 -3.7559 0
856 -3.7578 0
1001 -3.7641 0
1175 -3.7726 0
213 -3.7732 0
901 -3.7778 0
1937 -3.7794 0
103 -3.7840 0
1188 -3.7847 0
1885 -3.7851 0
611 -3.7868 0
741 -3.7926 0
941 -3.7946 0
641 -3.7948 0
557 -3.7962 0
1739 -3.8015 0
766 -3.8066 0
931 -3.8090 0
1021 -3.8423 0
440 -3.8439 0
530 -3.8455 0
409 -3.8514 0
1917 -3.8634 0
770 -3.8677 0
357 -3.8694 0
866 -3.8737 0
729 -3.8828 0
546 -3.8832 0
1839 -3.8878 0
623 -3.8893 0
1331 -3.8992 0
743 -3.9072 0
1320 -3.9094 0
1935 -3.9184 0
827 -3.9194 0
712 -3.9229 0
995 -3.9298 0
1206 -3.9355 0
1724 -3.9371 0
602 -3.9494 0
628 -3.9499 0
1077 -3.9552 0
1907 -3.9571 0
795 -3.9737 0
401 -3.9777 0
545 -3.9782 0
1702 -3.9820 0
199 -3.9883 0
41 -3.9897 0
1759 -3.9908 0
613 -3.9968 0
1406 -3.9986 0
1791 -3.9989 0
14 -4.0019 0
1847 -4.0028 0
1994 -4.0042 0
446 -4.0131 0
74 -4.0219 0
190 -4.0236 0
1038 -4.0292 0
275 -4.0473 0
1056 -4.0480 0
605 -4.0562 0
1757 -4.0626 0
251 -4.0658 0
1712 -4.0682 0
631 -4.0693 0
1050 -4.0749 0
1102 -4.0767 0
1746 -4.0827 0
1075 -4.0836 0
52 -4.0861 0
1445 -4.0879 0
1099 -4.0933 0
939 -4.1015 0
858 -4.1042 0
116 -4.1047 0
1131 -4.1072 0
1042 -4.1089 0
1902 -4.1095 0
1708 -4.1147 0
1181 -4.1182 0
890 -4.1241 0
1897 -4.1248 0
1716 -4.1258 0
549 -4.1262 0
295 -4.1282 0
1048 -4.1319 0
913 -4.1370 0
722 -4.1517 0
157 -4.1552 0
1166 -4.1577 0
1798 -4.1609 0
67 -4.1659 0
252 -4.1692 0
1813 -4.1695 0
359 -4.1703 0
1225 -4.1742 0
28 -4.1764 0
171 -4.1803 0
1054 -4.1858 0
592 -4.1859 0
956 -4.1869 0
1442 -4.1877 0
1214 -4.1882 0
1854 -4.1884 0
351 -4.1909 0
264 -4.1958 0
748 -4.1969 0
1083 -4.2008 0
147 -4.2046 0
918 -4.2127 0
1950 -4.2150 0
296 -4.2150 0
272 -4.2179 0
479 -4.2246 0
1729 -4.2283 0
767 -4.2287 0
141 -4.2349 0
1192 -4.2458 0
238 -4.2497 0
1183 -4.2605 0
1838 -4.2612 0
22 -4.2633 0
138 -4.2643 0
1322 -4.2688 0
1721 -4.2734 0
1827 -4.2738 0
551 -4.2739 0
168 -4.2763 0
293 -4.2800 0
925 -4.2817 0
1701 -4.2828 0
875 -4.2859 0
1037 -4.2921 0
1846 -4.2958 0
1735 -4.2968 0
360 -4.2980 0
65 -4.3010 0
363 -4.3089 0
162 -4.3107 0
451 -4.3143 0
1752 -4.3169 0
1883 -4.3173 0
1335 -4.3192 0
56 -4.3192 0
84 -4.3216 0
889 -4.3355 0
445 -4.3406 0
75 -4.3423 0
1246 -4.3482 0
1879 -4.3541 0
1063 -4.3660 0
1984 -4.3677 0
1026 -4.3705 0
123 -4.3706 0
390 -4.3768 0
1301 -4.3773 0
60 -4.3780 0
37 -4.3813 0
1740 -4.3824 0
39 -4.3892 0
1312 -4.3943 0
558 -4.4105 0
1223 -4.4135 0
926 -4.4197 0
1741 -4.4207 0
736 -4.4300 0
807 -4.4302 0
282 -4.4349 0
45 -4.4359 0
435 -4.4435 0
1221 -4.4470 0
924 -4.4527 0
603 -4.4529 0
646 -4.4570 0
813 -4.4577 0
144 -4.4649 0
361 -4.4719 0
115 -4.4737 0
1801 -4.4777 0
1061 -4.4797 0
636 -4.4802 0
778 -4.4948 0
195 -4.5030 0
1848 -4.5081 0
1939 -4.5094 0
11 -4.5157 0
1241 -4.5199 0
872 -4.5201 0
552 -4.5242 0
1737 -4.5300 0
946 -4.5306 0
1165 -4.5418 0
1707 -4.5534 0
693 -4.5577 0
1093 -4.5619 0
821 -4.5664 0
153 -4.5699 0
1816 -4.5784 0
1733 -4.5836 0
1829 -4.5853 0
54 -4.5863 0
1082 -4.5908 0
1052 -4.5908 0
681 -4.5938 0
262 -4.6040 0
1710 -4.6084 0
834 -4.6101 0
618 -4.6139 0
1076 -4.6272 0
121 -4.6316 0
990 -4.6331 0
1078 -4.6353 0
908 -4.6410 0
577 -4.6417 0
1090 -4.6507 0
885 -4.6526 0
774 -4.6615 0
1205 -4.6651 0
1248 -4.6668 0
1220 -4.6732 0
279 -4.6735 0
1830 -4.6740 0
934 -4.6812 0
1066 -4.6861 0
1704 -4.6863 0
337 -4.6870 0
364 -4.6876 0
880 -4.6888 0
1810 -4.6920 0
57 -4.6969 0
377 -4.7037 0
292 -4.7139 0
286 -4.7378 0
1163 -4.7399 0
152 -4.7408 0
1094 -4.7452 0
556 -4.7461 0
1507 -4.7483 0
202 -4.7531 0
621 -4.7685 0
133 -4.7696 0
733 -4.7711 0
1263 -4.7923 0
753 -4.7934 0
1105 -4.8015 0
96 -4.8064 0
1419 -4.8304 0
392 -4.8328 0
844 -4.8334 0
1844 -4.8370 0
1023 -4.8375 0
921 -4.8419 0
533 -4.8421 0
509 -4.8430 0
61 -4.8469 0
447 -4.8472 0
436 -4.8492 0
1326 -4.8507 0
421 -4.8513 0
1315 -4.8519 0
1334 -4.8525 0
1187 -4.8552 0
830 -4.8632 0
217 -4.8853 0
936 -4.8979 0
274 -4.9021 0
1825 -4.9033 0
870 -4.9135 0
1802 -4.9139 0
1744 -4.9147 0
1172 -4.9246 0
1996 -4.9251 0
707 -4.9327 0
1840 -4.9335 0
414 -4.9365 0
212 -4.9397 0
94 -4.9426 0
1086 -4.9546 0
1116 -4.9556 0
1843 -4.9557 0
467 -4.9657 0
394 -4.9680 0
979 -4.9770 0
550 -4.9781 0
816 -4.9785 0
1053 -4.9882 0
1184 -4.9957 0
833 -5.0153 0
498 -5.0155 0
278 -5.0168 0
63 -5.0232 0
468 -5.0275 0
1841 -5.0300 0
597 -5.0362 0
1033 -5.0383 0
1204 -5.0388 0
1831 -5.0460 0
832 -5.0548 0
910 -5.0561 0
1216 -5.0620 0
802 -5.0735 0
1714 -5.0841 0
771 -5.0899 0
937 -5.0904 0
635 -5.1179 0
1154 -5.1205 0
506 -5.1272 0
182 -5.1280 0
614 -5.1281 0
857 -5.1318 0
254 -5.1450 0
817 -5.1470 0
298 -5.1482 0
517 -5.1508 0
1705 -5.1543 0
1226 -5.1581 0
815 -5.1646 0
904 -5.1722 0
1832 -5.1784 0
819 -5.1825 0
163 -5.1901 0
1070 -5.1938 0
437 -5.1988 0
120 -5.2115 0
82 -5.2155 0
1731 -5.2198 0
269 -5.2263 0
280 -5.2278 0
1149 -5.2281 0
584 -5.2500 0
1080 -5.2572 0
1097 -5.2672 0
1856 -5.2685 0
845 -5.2764 0
161 -5.2859 0
1958 -5.2866 0
825 -5.2879 0
932 -5.2933 0
793 -5.2938 0
439 -5.2950 0
443 -5.3030 0
1852 -5.3043 0
1800 -5.3084 0
812 -5.3214 0
1887 -5.3221 0
1789 -5.3271 0
1957 -5.3296 0
250 -5.3393 0
125 -5.3449 0
616 -5.3496 0
500 -5.3535 0
1821 -5.3624 0
882 -5.3768 0
173 -5.3782 0
596 -5.3786 0
818 -5.3838 0
943 -5.3849 0
1072 -5.3863 0
1085 -5.3949 0
1877 -5.3972 0
1235 -5.4010 0
160 -5.4243 0
1845 -5.4296 0
839 -5.4303 0
283 -5.4330 0
895 -5.4356 0
760 -5.4370 0
903 -5.4396 0
1806 -5.4717 0
287 -5.4754 0
78 -5.4760 0
906 -5.4790 0
619 -5.4841 0
1833 -5.4853 0
912 -5.4897 0
1321 -5.4908 0
92 -5.4974 0
1807 -5.5018 0
711 -5.5149 0
1824 -5.5189 0
1837 -5.5297 0
10 -5.5330 0
259 -5.5366 0
399 -5.5446 0
1849 -5.5573 0
1945 -5.5584 0
648 -5.5600 0
194 -5.5656 0
369 -5.5733 0
632 -5.5872 0
1232 -5.5962 0
1087 -5.6117 0
1059 -5.6161 0
1819 -5.6366 0
289 -5.6452 0
1402 -5.6539 0
824 -5.6773 0
428 -5.6815 0
1718 -5.6857 0
1130 -5.6919 0
170 -5.7113 0
205 -5.7193 0
919 -5.7197 0
263 -5.7374 0
417 -5.7445 0
1212 -5.7531 0
1227 -5.7536 0
837 -5.7574 0
1091 -5.7699 0
403 -5.7830 0
216 -5.7897 0
333 -5.8196 0
564 -5.8346 0
847 -5.8400 0
822 -5.8442 0
916 -5.8482 0
1722 -5.8624 0
36 -5.9100 0
874 -5.9157 0
1820 -5.9200 0
158 -5.9307 0
1665 -5.9412 0
935 -5.9539 0
288 -5.9626 0
290 -5.9695 0
396 -6.0117 0
1805 -6.0269 0
1098 -6.0550 0
145 -6.0620 0
1809 -6.0674 0
1168 -6.0723 0
900 -6.0738 0
1725 -6.0860 0
1747 -6.0860 0
413 -6.0891 0
51 -6.1101 0
1089 -6.1314 0
1823 -6.1362 0
1203 -6.1606 0
265 -6.1610 0
1069 -6.1659 0
1316 -6.1875 0
1065 -6.2076 0
356 -6.2132 0
1734 -6.2168 0
1804 -6.2325 0
804 -6.2341 0
242 -6.2580 0
814 -6.2598 0
281 -6.2610 0
569 -6.2613 0
801 -6.2812 0
1818 -6.2840 0
1742 -6.2921 0
1067 -6.2970 0
808 -6.3105 0
1727 -6.3218 0
730 -6.3218 0
353 -6.3244 0
1834 -6.3258 0
294 -6.3304 0
838 -6.3402 0
642 -6.3575 0
1817 -6.3990 0
915 -6.4199 0
1803 -6.4385 0
499 -6.4654 0
433 -6.4790 0
800 -6.4873 0
77 -6.4950 0
1024 -6.5296 0
984 -6.5552 0
829 -6.5585 0
246 -6.5610 0
1074 -6.5884 0
1044 -6.5912 0
178 -6.6076 0
481 -6.6118 0
27 -6.6274 0
914 -6.6521 0
761 -6.6763 0
806 -6.6814 0
1812 -6.6815 0
1815 -6.7093 0
742 -6.7257 0
181 -6.7364 0
422 -6.7524 0
1084 -6.7530 0
563 -6.7565 0
1814 -6.8144 0
1732 -6.8202 0
843 -6.8331 0
1160 -6.8535 0
848 -6.8739 0
516 -6.8835 0
174 -6.8932 0
197 -6.9203 0
258 -6.9330 0
177 -6.9573 0
253 -6.9914 0
627 -7.0575 0
223 -7.0851 0
1730 -7.1385 0
1828 -7.1401 0
826 -7.1620 0
911 -7.2041 0
1723 -7.2075 0
1156 -7.2454 0
590 -7.2784 0
1088 -7.2875 0
1711 -7.3098 0
80 -7.3761 0
267 -7.3973 0
820 -7.4420 0
1811 -7.4496 0
805 -7.4599 0
1169 -7.5899 0
1233 -7.6133 0
1706 -7.6751 0
137 -7.6814 0
1700 -7.7148 0
1826 -7.7584 0
383 -7.7656 0
579 -7.8206 0
1835 -7.8267 0
828 -7.9420 0
164 -8.1329 0
810 -8.2773 0
1092 -8.3172 0
1071 -8.6218 0
944 -8.6760 0
1736 -10.9201 0
