1673 32.5918 1
1665 28.3465 1
1657 26.8111 1
1656 26.2716 1
1650 26.1624 1
1676 24.9295 1
1688 24.5650 1
1662 23.4901 1
1652 21.9934 1
1658 21.9625 1
1686 21.8630 1
1669 21.7335 1
1659 21.5211 1
1687 20.3734 1
1692 20.2227 1
1691 19.9672 1
1664 19.6269 1
1695 19.2474 1
1683 19.1702 1
1653 18.9002 1
1671 18.3969 1
1680 17.7857 1
1689 17.6804 1
1684 17.5758 1
1696 17.3789 1
1677 17.3183 1
1663 17.2422 1
1685 16.8808 1
1690 15.9478 1
1694 15.8642 1
1679 15.8200 1
1661 15.4078 1
1666 15.3977 1
1675 14.8157 1
1651 14.6642 1
1655 14.5618 1
1678 13.7441 1
1670 13.2054 1
1674 12.8302 1
1668 12.2493 1
1667 12.0520 1
1660 12.0147 1
1654 11.9180 1
1672 11.5594 1
1682 11.1521 1
997 10.8404 0
1479 10.3382 0
1467 9.8269 0
955 9.6740 0
1693 9.6727 1
996 9.5849 0
1350 9.4520 0
1047 9.2412 0
1681 8.9329 1
676 8.8822 0
689 8.7110 0
1632 8.7102 0
1697 8.6348 1
469 8.6334 0
1497 8.5273 0
1355 8.3593 0
1597 8.2376 0
546 8.0843 0
767 7.8796 0
1633 7.5862 0
1456 7.5190 0
971 7.4537 0
867 7.3989 0
1698 7.3169 1
1362 7.1889 0
1377 6.9676 0
970 6.9596 0
354 6.9164 0
697 6.9128 0
457 6.8876 0
301 6.8343 0
650 6.7944 0
1465 6.7640 0
960 6.7543 0
981 6.6078 0
1360 6.5660 0
1061 6.3757 0
1699 6.3126 1
1272 6.2951 0
1337 6.2893 0
1359 6.1824 0
950 6.1769 0
998 6.1385 0
398 6.1108 0
1121 5.9961 0
1381 5.9495 0
668 5.8563 0
1338 5.8493 0
1364 5.7741 0
685 5.7690 0
1470 5.7502 0
1599 5.7495 0
1600 5.7192 0
1476 5.7104 0
1030 5.6856 0
1483 5.5869 0
1635 5.5663 0
884 5.5535 0
1278 5.5478 0
986 5.5255 0
1484 5.4887 0
1485 5.4283 0
982 5.4080 0
1595 5.3096 0
1459 5.2964 0
1370 5.2898 0
1499 5.2739 0
1366 5.2654 0
1584 5.2434 0
1371 5.2245 0
1379 5.1805 0
373 5.1247 0
1269 5.0808 0
1482 5.0286 0
967 4.9406 0
665 4.8778 0
1342 4.8534 0
690 4.8462 0
1375 4.8316 0
959 4.7521 0
1460 4.6738 0
964 4.6524 0
925 4.6445 0
1481 4.6076 0
1474 4.6064 0
1607 4.5782 0
973 4.5714 0
1471 4.5350 0
674 4.5320 0
1353 4.4496 0
1268 4.4399 0
972 4.4183 0
1469 4.4040 0
792 4.3990 0
917 4.3906 0
1286 4.3674 0
344 4.3601 0
1273 4.3467 0
1455 4.3339 0
983 4.3043 0
312 4.3034 0
1274 4.2847 0
329 4.2699 0
1363 4.2404 0
868 4.2261 0
391 4.1967 0
920 4.1257 0
1261 4.1217 0
1297 4.0950 0
522 4.0932 0
1457 4.0839 0
659 4.0732 0
382 4.0672 0
1765 4.0479 0
995 4.0380 0
1252 4.0362 0
1372 4.0257 0
1452 4.0175 0
863 4.0118 0
1374 4.0107 0
1575 3.9926 0
1462 3.9758 0
1495 3.9384 0
340 3.9355 0
1229 3.9334 0
1296 3.9308 0
343 3.9259 0
367 3.8902 0
389 3.8836 0
1486 3.8422 0
1039 3.8121 0
357 3.7623 0
366 3.7620 0
1097 3.7579 0
940 3.7137 0
1559 3.6763 0
452 3.6662 0
746 3.6631 0
658 3.6593 0
1194 3.6563 0
919 3.6154 0
1348 3.6107 0
994 3.5863 0
1490 3.5719 0
841 3.5445 0
1354 3.5323 0
487 3.5283 0
680 3.5182 0
1382 3.5047 0
1250 3.5028 0
1075 3.4854 0
1347 3.4818 0
1343 3.4778 0
1645 3.4699 0
378 3.4443 0
1528 3.4024 0
1551 3.3847 0
1502 3.3670 0
1498 3.3567 0
999 3.3300 0
463 3.3200 0
1427 3.3167 0
1295 3.2988 0
324 3.2935 0
968 3.2899 0
356 3.2663 0
359 3.2648 0
1567 3.2580 0
521 3.2414 0
989 3.1953 0
399 3.1879 0
486 3.1685 0
1590 3.1338 0
877 3.1096 0
1555 3.1032 0
365 3.0863 0
1941 3.0596 0
980 3.0568 0
1399 3.0540 0
1096 3.0425 0
890 3.0320 0
1386 3.0269 0
1161 3.0266 0
976 3.0228 0
1357 3.0175 0
1464 3.0034 0
1258 3.0017 0
352 3.0012 0
1387 2.9972 0
1248 2.9756 0
40 2.9709 0
675 2.9702 0
1388 2.9465 0
1571 2.9212 0
368 2.9096 0
1326 2.8675 0
1647 2.8421 0
1367 2.8215 0
913 2.8134 0
975 2.8125 0
1493 2.8103 0
1127 2.8099 0
1260 2.8075 0
1279 2.8044 0
326 2.7880 0
1298 2.7806 0
1119 2.7592 0
488 2.7278 0
694 2.7275 0
906 2.7089 0
1533 2.7080 0
1389 2.6946 0
652 2.6938 0
1391 2.6674 0
1040 2.6323 0
1500 2.6298 0
904 2.6291 0
957 2.6279 0
1028 2.6234 0
229 2.6024 0
1451 2.5965 0
1341 2.5933 0
1537 2.5907 0
348 2.5831 0
1510 2.5820 0
1553 2.5654 0
320 2.5612 0
985 2.5516 0
317 2.5514 0
400 2.5473 0
345 2.5385 0
1316 2.5335 0
1588 2.5291 0
1478 2.5063 0
914 2.4956 0
1508 2.4950 0
878 2.4552 0
1238 2.4530 0
1373 2.4442 0
1544 2.4359 0
392 2.4235 0
351 2.3946 0
1200 2.3922 0
518 2.3880 0
1614 2.3693 0
1523 2.3676 0
1524 2.3667 0
1282 2.3584 0
888 2.3479 0
1013 2.3104 0
1513 2.2929 0
1032 2.2819 0
1520 2.2748 0
1369 2.2739 0
1137 2.2527 0
1394 2.2394 0
337 2.2367 0
695 2.2366 0
539 2.2009 0
1458 2.1845 0
1352 2.1709 0
513 2.1674 0
1557 2.1495 0
456 2.1472 0
1422 2.1412 0
499 2.1265 0
520 2.1190 0
1512 2.1106 0
1340 2.1055 0
956 2.1048 0
993 2.1038 0
353 2.1035 0
1064 2.0773 0
188 2.0753 0
949 2.0720 0
335 2.0719 0
1477 2.0691 0
305 2.0663 0
1545 2.0655 0
1287 2.0376 0
1630 2.0302 0
371 2.0293 0
322 2.0278 0
873 2.0153 0
1561 2.0050 0
524 2.0040 0
386 2.0035 0
397 1.9931 0
1613 1.9694 0
44 1.9671 0
390 1.9635 0
1146 1.9566 0
376 1.9476 0
380 1.9367 0
657 1.9313 0
377 1.9302 0
1008 1.9176 0
912 1.9158 0
1646 1.9042 0
988 1.9008 0
1128 1.8913 0
626 1.8821 0
1276 1.8794 0
1601 1.8787 0
1014 1.8696 0
1134 1.8624 0
1281 1.8569 0
1558 1.8360 0
748 1.8276 0
1532 1.8246 0
464 1.8169 0
902 1.8121 0
1228 1.7963 0
794 1.7814 0
793 1.7770 0
1554 1.7769 0
1534 1.7709 0
1171 1.7674 0
1549 1.7617 0
978 1.7572 0
1385 1.7481 0
300 1.7444 0
1290 1.7362 0
355 1.7286 0
693 1.7206 0
1358 1.7112 0
854 1.7105 0
1949 1.7071 0
1275 1.6875 0
1068 1.6817 0
1259 1.6782 0
383 1.6779 0
952 1.6694 0
1774 1.6509 0
717 1.6509 0
779 1.6350 0
454 1.6324 0
1180 1.6272 0
1619 1.6203 0
411 1.6051 0
1576 1.5944 0
731 1.5752 0
1221 1.5699 0
1035 1.5536 0
394 1.5423 0
1191 1.5326 0
384 1.5277 0
492 1.5167 0
507 1.4982 0
1583 1.4976 0
407 1.4820 0
526 1.4781 0
418 1.4741 0
896 1.4702 0
1565 1.4616 0
1253 1.4608 0
1519 1.4480 0
1594 1.4479 0
1577 1.4441 0
374 1.4437 0
364 1.4398 0
1592 1.4267 0
953 1.4129 0
327 1.4039 0
947 1.3756 0
395 1.3734 0
1086 1.3719 0
1324 1.3703 0
1224 1.3655 0
1055 1.3636 0
361 1.3627 0
1395 1.3553 0
761 1.3413 0
1468 1.3393 0
1222 1.3202 0
538 1.3078 0
1450 1.2987 0
1384 1.2964 0
1294 1.2953 0
1255 1.2899 0
332 1.2888 0
1454 1.2771 0
1284 1.2618 0
496 1.2565 0
545 1.2480 0
939 1.2358 0
709 1.2329 0
1120 1.2238 0
1489 1.2103 0
1017 1.1840 0
1124 1.1741 0
447 1.1705 0
424 1.1653 0
886 1.1648 0
654 1.1645 0
404 1.1572 0
430 1.1566 0
388 1.1452 0
363 1.1418 0
977 1.1380 0
1509 1.1254 0
1162 1.1220 0
510 1.1062 0
604 1.1045 0
167 1.1024 0
678 1.0939 0
1163 1.0884 0
923 1.0793 0
448 1.0706 0
1799 1.0693 0
1515 1.0633 0
490 1.0609 0
1935 1.0599 0
311 1.0570 0
1311 1.0510 0
381 1.0390 0
409 1.0274 0
427 1.0183 0
617 1.0158 0
1376 1.0057 0
372 1.0016 0
1550 0.9973 0
1494 0.9912 0
248 0.9860 0
1378 0.9848 0
405 0.9827 0
1463 0.9822 0
879 0.9785 0
901 0.9666 0
204 0.9614 0
461 0.9561 0
484 0.9554 0
323 0.9539 0
1536 0.9510 0
1569 0.9435 0
979 0.9434 0
1586 0.9257 0
420 0.9183 0
780 0.9156 0
318 0.9132 0
1104 0.9049 0
1637 0.8953 0
958 0.8917 0
862 0.8840 0
419 0.8794 0
393 0.8770 0
1257 0.8677 0
1108 0.8656 0
656 0.8618 0
1529 0.8606 0
662 0.8601 0
1634 0.8480 0
1562 0.8452 0
936 0.8443 0
1472 0.8440 0
1090 0.8385 0
1640 0.8128 0
991 0.8118 0
1235 0.8082 0
548 0.8018 0
1280 0.7991 0
1620 0.7984 0
549 0.7856 0
467 0.7784 0
673 0.7750 0
727 0.7691 0
1525 0.7682 0
303 0.7588 0
797 0.7570 0
740 0.7525 0
713 0.7459 0
911 0.7432 0
724 0.7355 0
966 0.7255 0
661 0.7254 0
1123 0.7233 0
408 0.7199 0
385 0.7050 0
1641 0.7031 0
1015 0.7025 0
1505 0.6963 0
509 0.6844 0
459 0.6759 0
1041 0.6731 0
1642 0.6730 0
336 0.6725 0
990 0.6652 0
1007 0.6636 0
1016 0.6633 0
1492 0.6484 0
214 0.6471 0
853 0.6442 0
1617 0.6333 0
1612 0.6325 0
1639 0.6211 0
1997 0.6179 0
1398 0.6178 0
1882 0.6116 0
962 0.6013 0
1453 0.5897 0
937 0.5810 0
247 0.5785 0
136 0.5745 0
1277 0.5736 0
1526 0.5730 0
325 0.5730 0
1609 0.5717 0
1249 0.5564 0
736 0.5562 0
1615 0.5548 0
1580 0.5510 0
434 0.5476 0
1936 0.5355 0
1407 0.5296 0
1593 0.5248 0
1241 0.5225 0
1072 0.5221 0
759 0.5063 0
460 0.5047 0
1038 0.5001 0
1618 0.4953 0
1605 0.4891 0
362 0.4735 0
684 0.4726 0
350 0.4666 0
1560 0.4635 0
1262 0.4582 0
1437 0.4511 0
489 0.4445 0
1473 0.4410 0
672 0.4276 0
1234 0.4256 0
236 0.4230 0
358 0.4176 0
1909 0.4160 0
1392 0.4100 0
302 0.4046 0
240 0.4032 0
1540 0.4005 0
1905 0.3968 0
1288 0.3966 0
935 0.3942 0
929 0.3881 0
242 0.3880 0
194 0.3735 0
1351 0.3723 0
370 0.3710 0
1188 0.3699 0
1591 0.3696 0
887 0.3631 0
1552 0.3616 0
284 0.3529 0
655 0.3491 0
1442 0.3418 0
221 0.3379 0
1010 0.3278 0
1921 0.3222 0
244 0.3211 0
951 0.3194 0
422 0.3113 0
1227 0.3096 0
453 0.2782 0
412 0.2774 0
683 0.2739 0
1264 0.2706 0
169 0.2692 0
531 0.2593 0
1029 0.2530 0
1293 0.2487 0
1012 0.2442 0
1638 0.2407 0
379 0.2387 0
954 0.2301 0
1604 0.2216 0
1610 0.2209 0
425 0.2183 0
1310 0.2111 0
1900 0.2067 0
1783 0.2039 0
1491 0.1927 0
1643 0.1849 0
1323 0.1834 0
948 0.1730 0
765 0.1645 0
1158 0.1574 0
1514 0.1479 0
245 0.1449 0
776 0.1409 0
208 0.1341 0
1611 0.1332 0
984 0.1314 0
1602 0.1288 0
442 0.1131 0
1193 0.1096 0
1771 0.1035 0
1026 0.0972 0
1522 0.0916 0
930 0.0825 0
1475 0.0823 0
707 0.0792 0
965 0.0777 0
93 0.0688 0
445 0.0685 0
547 0.0631 0
664 0.0488 0
151 0.0487 0
1118 0.0455 0
439 0.0390 0
1265 0.0385 0
1159 0.0289 0
402 0.0137 0
508 0.0033 0
375 0.0007 0
618 -0.0033 0
1910 -0.0092 0
225 -0.0195 0
775 -0.0224 0
1140 -0.0318 0
660 -0.0353 0
1167 -0.0366 0
1206 -0.0483 0
1570 -0.0542 0
157 -0.0591 0
1390 -0.0651 0
701 -0.0678 0
1289 -0.0725 0
1777 -0.0750 0
443 -0.0777 0
1313 -0.0820 0
1448 -0.0857 0
1418 -0.0867 0
1568 -0.0884 0
726 -0.0921 0
945 -0.0986 0
1942 -0.0999 0
1433 -0.1006 0
1624 -0.1017 0
908 -0.1178 0
1062 -0.1179 0
1177 -0.1221 0
1488 -0.1238 0
852 -0.1255 0
725 -0.1301 0
1187 -0.1318 0
705 -0.1334 0
895 -0.1335 0
224 -0.1392 0
750 -0.1419 0
757 -0.1423 0
1393 -0.1430 0
763 -0.1441 0
1051 -0.1459 0
1504 -0.1566 0
184 -0.1587 0
721 -0.1622 0
723 -0.1653 0
1317 -0.1653 0
857 -0.1684 0
1071 -0.1698 0
1606 -0.1765 0
1916 -0.1772 0
574 -0.1802 0
1336 -0.1805 0
1943 -0.1844 0
1365 -0.1858 0
308 -0.1940 0
874 -0.2122 0
898 -0.2145 0
756 -0.2171 0
369 -0.2231 0
1752 -0.2302 0
1535 -0.2403 0
1207 -0.2429 0
663 -0.2474 0
1589 -0.2490 0
1925 -0.2490 0
410 -0.2511 0
111 -0.2554 0
468 -0.2594 0
1100 -0.2601 0
1043 -0.2754 0
1563 -0.2777 0
827 -0.2859 0
497 -0.2903 0
708 -0.2927 0
1027 -0.2928 0
435 -0.2951 0
783 -0.2981 0
627 -0.3004 0
1060 -0.3024 0
215 -0.3036 0
1913 -0.3096 0
543 -0.3123 0
1050 -0.3124 0
540 -0.3141 0
1023 -0.3153 0
1254 -0.3214 0
1346 -0.3241 0
432 -0.3334 0
1406 -0.3399 0
555 -0.3422 0
905 -0.3463 0
1102 -0.3472 0
1125 -0.3480 0
1566 -0.3497 0
1923 -0.3568 0
396 -0.3584 0
201 -0.3607 0
172 -0.3611 0
1236 -0.3623 0
891 -0.3624 0
360 -0.3655 0
777 -0.3668 0
1130 -0.3683 0
718 -0.3732 0
1184 -0.3784 0
1219 -0.3792 0
1572 -0.3849 0
238 -0.3896 0
907 -0.3937 0
472 -0.3986 0
1432 -0.4099 0
165 -0.4220 0
768 -0.4257 0
114 -0.4258 0
1138 -0.4316 0
946 -0.4388 0
475 -0.4425 0
313 -0.4441 0
798 -0.4480 0
1270 -0.4543 0
1542 -0.4569 0
1953 -0.4697 0
1156 -0.4703 0
1842 -0.4741 0
1608 -0.4849 0
415 -0.4864 0
1812 -0.4894 0
855 -0.4905 0
1285 -0.4927 0
421 -0.4980 0
1749 -0.5024 0
1267 -0.5097 0
1304 -0.5113 0
417 -0.5124 0
514 -0.5152 0
651 -0.5154 0
1046 -0.5220 0
15 -0.5263 0
1020 -0.5268 0
1530 -0.5362 0
1315 -0.5380 0
1518 -0.5408 0
387 -0.5442 0
1487 -0.5481 0
1466 -0.5513 0
423 -0.5605 0
1548 -0.5628 0
1543 -0.5678 0
909 -0.5796 0
1636 -0.5829 0
719 -0.5879 0
1628 -0.5882 0
1111 -0.5890 0
876 -0.5940 0
616 -0.6004 0
941 -0.6009 0
1339 -0.6079 0
1331 -0.6083 0
179 -0.6099 0
277 -0.6119 0
1172 -0.6121 0
1596 -0.6148 0
141 -0.6169 0
1547 -0.6194 0
788 -0.6213 0
1003 -0.6232 0
963 -0.6245 0
602 -0.6248 0
218 -0.6264 0
861 -0.6316 0
199 -0.6327 0
498 -0.6346 0
1091 -0.6352 0
1145 -0.6390 0
403 -0.6458 0
541 -0.6472 0
99 -0.6497 0
1770 -0.6537 0
1037 -0.6547 0
449 -0.6573 0
527 -0.6588 0
339 -0.6607 0
933 -0.6629 0
1306 -0.6660 0
1933 -0.6661 0
1299 -0.6816 0
918 -0.6826 0
1766 -0.6865 0
196 -0.6879 0
1319 -0.6882 0
1283 -0.6944 0
856 -0.7004 0
609 -0.7078 0
1059 -0.7117 0
1112 -0.7266 0
1231 -0.7269 0
1126 -0.7292 0
316 -0.7298 0
1208 -0.7321 0
446 -0.7348 0
315 -0.7440 0
927 -0.7460 0
39 -0.7505 0
1585 -0.7624 0
1271 -0.7648 0
735 -0.7716 0
309 -0.7811 0
900 -0.7870 0
117 -0.7874 0
401 -0.7885 0
1157 -0.7937 0
1511 -0.7990 0
1796 -0.8016 0
733 -0.8201 0
1574 -0.8222 0
677 -0.8223 0
1975 -0.8226 0
1160 -0.8246 0
1361 -0.8277 0
1122 -0.8291 0
50 -0.8301 0
1327 -0.8303 0
1380 -0.8314 0
883 -0.8364 0
1546 -0.8387 0
745 -0.8475 0
1903 -0.8509 0
969 -0.8532 0
529 -0.8571 0
1058 -0.8597 0
687 -0.8613 0
433 -0.8650 0
1579 -0.8666 0
1004 -0.8667 0
924 -0.8668 0
1527 -0.8766 0
1538 -0.8810 0
1067 -0.8856 0
1404 -0.8859 0
1147 -0.8911 0
1179 -0.8939 0
237 -0.8979 0
875 -0.8981 0
795 -0.8986 0
744 -0.9053 0
1920 -0.9086 0
1417 -0.9118 0
1242 -0.9134 0
342 -0.9137 0
222 -0.9137 0
31 -0.9144 0
987 -0.9192 0
1813 -0.9216 0
922 -0.9222 0
1244 -0.9402 0
1151 -0.9454 0
1113 -0.9460 0
1621 -0.9483 0
1918 -0.9509 0
147 -0.9531 0
1937 -0.9577 0
881 -0.9601 0
1516 -0.9646 0
166 -0.9691 0
1649 -0.9722 0
1133 -0.9736 0
711 -0.9753 0
1307 -0.9779 0
642 -0.9782 0
206 -0.9828 0
781 -0.9843 0
180 -0.9848 0
1587 -0.9908 0
1195 -0.9939 0
938 -1.0003 0
1763 -1.0003 0
1924 -1.0023 0
307 -1.0136 0
1578 -1.0141 0
1703 -1.0169 0
1907 -1.0230 0
786 -1.0272 0
476 -1.0315 0
1085 -1.0317 0
207 -1.0350 0
1011 -1.0358 0
710 -1.0372 0
1622 -1.0397 0
799 -1.0508 0
1644 -1.0532 0
1728 -1.0559 0
830 -1.0560 0
1057 -1.0597 0
346 -1.0709 0
1995 -1.0881 0
154 -1.0913 0
1256 -1.1018 0
630 -1.1045 0
1751 -1.1072 0
1598 -1.1073 0
1185 -1.1073 0
347 -1.1082 0
1985 -1.1093 0
1009 -1.1094 0
754 -1.1094 0
1052 -1.1157 0
1816 -1.1167 0
858 -1.1186 0
882 -1.1193 0
926 -1.1212 0
1804 -1.1235 0
1196 -1.1348 0
473 -1.1403 0
728 -1.1405 0
523 -1.1411 0
68 -1.1465 0
1082 -1.1483 0
1892 -1.1487 0
897 -1.1515 0
1517 -1.1541 0
1430 -1.1580 0
722 -1.1644 0
865 -1.1650 0
974 -1.1659 0
109 -1.1714 0
144 -1.1842 0
1926 -1.1857 0
1334 -1.1907 0
519 -1.1933 0
1132 -1.1950 0
537 -1.2005 0
1938 -1.2058 0
692 -1.2067 0
73 -1.2116 0
1166 -1.2155 0
1867 -1.2199 0
1759 -1.2257 0
860 -1.2275 0
766 -1.2317 0
899 -1.2322 0
671 -1.2360 0
702 -1.2361 0
1881 -1.2380 0
869 -1.2394 0
1843 -1.2476 0
328 -1.2477 0
1063 -1.2552 0
159 -1.2561 0
1503 -1.2563 0
1904 -1.2577 0
889 -1.2633 0
716 -1.2684 0
97 -1.2713 0
474 -1.2798 0
1345 -1.2946 0
1869 -1.2958 0
135 -1.2966 0
1201 -1.3062 0
770 -1.3085 0
314 -1.3210 0
1809 -1.3236 0
712 -1.3294 0
1237 -1.3323 0
1582 -1.3326 0
1000 -1.3380 0
171 -1.3399 0
1875 -1.3405 0
243 -1.3420 0
1411 -1.3471 0
306 -1.3490 0
1962 -1.3500 0
186 -1.3559 0
1025 -1.3578 0
813 -1.3591 0
1501 -1.3619 0
252 -1.3649 0
1461 -1.3672 0
143 -1.3713 0
110 -1.3714 0
81 -1.3728 0
992 -1.3797 0
931 -1.3800 0
670 -1.3823 0
270 -1.3832 0
234 -1.3900 0
732 -1.3958 0
1396 -1.4019 0
1815 -1.4029 0
751 -1.4032 0
1981 -1.4039 0
1793 -1.4056 0
1212 -1.4112 0
1906 -1.4166 0
762 -1.4238 0
1005 -1.4250 0
436 -1.4281 0
1824 -1.4311 0
1716 -1.4327 0
1908 -1.4332 0
1095 -1.4353 0
55 -1.4361 0
1992 -1.4403 0
870 -1.4446 0
1976 -1.4470 0
720 -1.4481 0
331 -1.4481 0
130 -1.4583 0
155 -1.4633 0
641 -1.4663 0
1044 -1.4681 0
105 -1.4693 0
737 -1.4702 0
691 -1.4728 0
1033 -1.4730 0
1093 -1.4736 0
500 -1.4736 0
525 -1.4824 0
1968 -1.4877 0
778 -1.4961 0
1849 -1.5001 0
150 -1.5109 0
903 -1.5171 0
1439 -1.5215 0
253 -1.5226 0
1895 -1.5251 0
1603 -1.5268 0
1318 -1.5309 0
1507 -1.5327 0
1719 -1.5373 0
426 -1.5394 0
349 -1.5447 0
1449 -1.5580 0
1874 -1.5588 0
212 -1.5591 0
1178 -1.5595 0
429 -1.5605 0
440 -1.5634 0
1982 -1.5708 0
1748 -1.5721 0
1383 -1.5740 0
892 -1.5780 0
1045 -1.5802 0
1626 -1.5841 0
1079 -1.5852 0
502 -1.5852 0
226 -1.5860 0
544 -1.5873 0
1320 -1.5885 0
1314 -1.5972 0
406 -1.6032 0
239 -1.6037 0
631 -1.6089 0
479 -1.6159 0
1967 -1.6191 0
1034 -1.6196 0
1722 -1.6198 0
1713 -1.6227 0
1303 -1.6333 0
274 -1.6336 0
1740 -1.6399 0
281 -1.6407 0
431 -1.6435 0
880 -1.6650 0
1344 -1.6734 0
1837 -1.6759 0
168 -1.6796 0
1168 -1.6805 0
961 -1.6843 0
1328 -1.6844 0
1024 -1.6885 0
128 -1.6909 0
1795 -1.6910 0
104 -1.6926 0
1811 -1.7033 0
1521 -1.7045 0
1855 -1.7070 0
1625 -1.7129 0
451 -1.7193 0
1080 -1.7200 0
790 -1.7209 0
1480 -1.7217 0
1204 -1.7232 0
1831 -1.7238 0
1292 -1.7254 0
285 -1.7254 0
1400 -1.7268 0
1053 -1.7288 0
1036 -1.7406 0
1991 -1.7408 0
462 -1.7433 0
134 -1.7493 0
1164 -1.7508 0
1001 -1.7567 0
1901 -1.7589 0
1899 -1.7593 0
747 -1.7713 0
139 -1.7720 0
1848 -1.7754 0
1074 -1.7758 0
1983 -1.7770 0
1541 -1.7770 0
1756 -1.7836 0
1776 -1.7914 0
638 -1.7939 0
75 -1.8022 0
1356 -1.8037 0
1116 -1.8075 0
1887 -1.8098 0
669 -1.8154 0
1803 -1.8172 0
934 -1.8206 0
86 -1.8224 0
1861 -1.8238 0
1860 -1.8274 0
202 -1.8293 0
1223 -1.8294 0
1564 -1.8331 0
1556 -1.8366 0
100 -1.8374 0
95 -1.8384 0
64 -1.8418 0
1322 -1.8462 0
414 -1.8579 0
1721 -1.8584 0
734 -1.8647 0
698 -1.8648 0
1806 -1.8673 0
319 -1.8713 0
228 -1.8727 0
1896 -1.8789 0
1851 -1.8793 0
1835 -1.8797 0
928 -1.8797 0
43 -1.8824 0
1170 -1.8875 0
714 -1.8896 0
1627 -1.8903 0
1973 -1.9019 0
485 -1.9078 0
1977 -1.9142 0
866 -1.9184 0
679 -1.9202 0
193 -1.9222 0
504 -1.9272 0
1426 -1.9327 0
706 -1.9335 0
112 -1.9481 0
54 -1.9613 0
466 -1.9648 0
742 -1.9677 0
48 -1.9768 0
52 -1.9800 0
1805 -1.9802 0
1738 -1.9847 0
295 -1.9853 0
1959 -1.9872 0
1309 -1.9887 0
1154 -1.9898 0
1927 -1.9920 0
200 -1.9954 0
85 -1.9981 0
1408 -2.0001 0
416 -2.0007 0
1403 -2.0028 0
1081 -2.0044 0
1435 -2.0055 0
1349 -2.0062 0
283 -2.0079 0
249 -2.0170 0
1573 -2.0177 0
738 -2.0233 0
62 -2.0343 0
772 -2.0354 0
1247 -2.0431 0
18 -2.0456 0
1817 -2.0503 0
1794 -2.0526 0
1048 -2.0529 0
1832 -2.0536 0
1873 -2.0578 0
46 -2.0601 0
1531 -2.0614 0
213 -2.0642 0
140 -2.0671 0
535 -2.0733 0
289 -2.0735 0
1865 -2.0737 0
1914 -2.0774 0
1789 -2.0827 0
839 -2.0830 0
67 -2.0840 0
557 -2.0892 0
1961 -2.0931 0
1769 -2.0945 0
118 -2.0949 0
703 -2.1009 0
1827 -2.1033 0
321 -2.1072 0
1329 -2.1078 0
227 -2.1078 0
1117 -2.1162 0
932 -2.1179 0
578 -2.1184 0
96 -2.1187 0
34 -2.1208 0
787 -2.1231 0
133 -2.1244 0
1173 -2.1254 0
1496 -2.1259 0
1928 -2.1342 0
1291 -2.1343 0
470 -2.1400 0
1049 -2.1428 0
126 -2.1447 0
1084 -2.1453 0
570 -2.1470 0
176 -2.1512 0
217 -2.1531 0
610 -2.1566 0
1192 -2.1618 0
591 -2.1620 0
1974 -2.1672 0
1425 -2.1683 0
1780 -2.1722 0
132 -2.1731 0
125 -2.1741 0
533 -2.1780 0
501 -2.1785 0
791 -2.1793 0
1826 -2.1811 0
1648 -2.1836 0
915 -2.1844 0
286 -2.1899 0
944 -2.1943 0
1240 -2.2078 0
65 -2.2098 0
1368 -2.2169 0
1940 -2.2177 0
480 -2.2227 0
871 -2.2263 0
1929 -2.2272 0
758 -2.2279 0
1088 -2.2291 0
700 -2.2350 0
823 -2.2398 0
894 -2.2403 0
153 -2.2436 0
1409 -2.2477 0
292 -2.2493 0
564 -2.2504 0
1853 -2.2511 0
749 -2.2530 0
257 -2.2545 0
605 -2.2572 0
280 -2.2605 0
1784 -2.2640 0
181 -2.2677 0
89 -2.2700 0
1415 -2.2726 0
704 -2.2731 0
1539 -2.2738 0
263 -2.2782 0
210 -2.2796 0
1922 -2.2841 0
458 -2.2846 0
1864 -2.2850 0
1019 -2.2854 0
1115 -2.2867 0
1214 -2.2877 0
428 -2.2969 0
1978 -2.2971 0
1753 -2.3031 0
1948 -2.3039 0
1736 -2.3047 0
121 -2.3051 0
304 -2.3078 0
1822 -2.3094 0
1737 -2.3109 0
1251 -2.3110 0
1308 -2.3116 0
1808 -2.3121 0
1070 -2.3143 0
739 -2.3149 0
943 -2.3177 0
495 -2.3180 0
1972 -2.3182 0
1169 -2.3192 0
864 -2.3206 0
1762 -2.3240 0
333 -2.3281 0
1105 -2.3289 0
1969 -2.3337 0
138 -2.3371 0
1724 -2.3404 0
12 -2.3467 0
1266 -2.3513 0
1883 -2.3535 0
1056 -2.3606 0
483 -2.3624 0
1797 -2.3636 0
27 -2.3668 0
1870 -2.3784 0
834 -2.3795 0
59 -2.3864 0
582 -2.3883 0
512 -2.3915 0
203 -2.3924 0
1199 -2.3976 0
1616 -2.4024 0
119 -2.4085 0
1440 -2.4087 0
1810 -2.4101 0
1717 -2.4105 0
1042 -2.4122 0
921 -2.4160 0
1979 -2.4268 0
220 -2.4279 0
1802 -2.4313 0
1217 -2.4430 0
0 -2.4455 0
287 -2.4506 0
116 -2.4521 0
272 -2.4545 0
233 -2.4552 0
666 -2.4639 0
241 -2.4713 0
1838 -2.4746 0
1750 -2.4799 0
1143 -2.4859 0
1931 -2.4883 0
1209 -2.4973 0
56 -2.4997 0
1971 -2.5056 0
796 -2.5115 0
847 -2.5134 0
1312 -2.5157 0
1939 -2.5165 0
1631 -2.5179 0
1218 -2.5220 0
821 -2.5275 0
851 -2.5288 0
1998 -2.5326 0
1144 -2.5328 0
330 -2.5345 0
1428 -2.5386 0
1438 -2.5402 0
108 -2.5425 0
69 -2.5493 0
87 -2.5515 0
625 -2.5544 0
760 -2.5578 0
552 -2.5594 0
559 -2.5622 0
1988 -2.5653 0
183 -2.5682 0
1862 -2.5699 0
1707 -2.5703 0
1956 -2.5735 0
1022 -2.5744 0
161 -2.5802 0
1782 -2.5825 0
279 -2.5834 0
1232 -2.5839 0
565 -2.5839 0
819 -2.5840 0
491 -2.5851 0
211 -2.5852 0
124 -2.5856 0
1966 -2.5912 0
607 -2.5914 0
1447 -2.5927 0
149 -2.5933 0
5 -2.5940 0
269 -2.5960 0
1889 -2.5967 0
113 -2.5982 0
1416 -2.5993 0
1701 -2.6016 0
1999 -2.6022 0
127 -2.6061 0
1893 -2.6072 0
1139 -2.6084 0
942 -2.6214 0
146 -2.6248 0
1730 -2.6271 0
536 -2.6370 0
1891 -2.6409 0
275 -2.6439 0
91 -2.6472 0
682 -2.6491 0
1506 -2.6521 0
647 -2.6523 0
1205 -2.6596 0
1897 -2.6604 0
82 -2.6607 0
730 -2.6619 0
846 -2.6625 0
1820 -2.6653 0
1993 -2.6716 0
752 -2.6816 0
1410 -2.6843 0
83 -2.6853 0
1006 -2.6853 0
33 -2.6859 0
79 -2.6871 0
187 -2.6928 0
156 -2.6976 0
621 -2.6990 0
603 -2.7028 0
1333 -2.7062 0
729 -2.7083 0
782 -2.7123 0
1885 -2.7131 0
1984 -2.7152 0
646 -2.7158 0
493 -2.7185 0
556 -2.7199 0
190 -2.7222 0
1190 -2.7236 0
259 -2.7293 0
1405 -2.7321 0
624 -2.7343 0
1957 -2.7370 0
1069 -2.7377 0
1790 -2.7474 0
1443 -2.7518 0
1129 -2.7539 0
835 -2.7541 0
20 -2.7587 0
1787 -2.7635 0
290 -2.7753 0
152 -2.7798 0
1136 -2.7827 0
653 -2.7853 0
338 -2.7910 0
94 -2.7958 0
102 -2.8065 0
1845 -2.8090 0
789 -2.8091 0
1944 -2.8187 0
1821 -2.8197 0
1989 -2.8250 0
341 -2.8252 0
581 -2.8257 0
1764 -2.8274 0
1852 -2.8312 0
1745 -2.8354 0
1946 -2.8373 0
76 -2.8409 0
88 -2.8441 0
2 -2.8462 0
53 -2.8520 0
1919 -2.8539 0
1436 -2.8648 0
1733 -2.8683 0
1980 -2.8701 0
47 -2.8712 0
517 -2.8737 0
1829 -2.8738 0
1018 -2.8782 0
288 -2.8784 0
1704 -2.8852 0
1076 -2.8954 0
1230 -2.8967 0
1912 -2.8982 0
844 -2.9124 0
1110 -2.9192 0
299 -2.9217 0
13 -2.9283 0
175 -2.9403 0
1215 -2.9414 0
1858 -2.9431 0
57 -2.9449 0
1 -2.9458 0
1216 -2.9575 0
84 -2.9580 0
1099 -2.9601 0
1142 -2.9604 0
1077 -2.9604 0
1302 -2.9610 0
1934 -2.9646 0
619 -2.9682 0
628 -2.9707 0
1994 -2.9729 0
1915 -2.9747 0
1970 -2.9797 0
643 -2.9829 0
438 -2.9845 0
71 -2.9845 0
814 -2.9919 0
1054 -2.9924 0
1434 -2.9929 0
1734 -2.9938 0
1239 -2.9960 0
810 -2.9974 0
649 -3.0033 0
122 -3.0090 0
219 -3.0099 0
246 -3.0117 0
1844 -3.0126 0
437 -3.0133 0
1850 -3.0152 0
1761 -3.0237 0
530 -3.0290 0
542 -3.0316 0
1754 -3.0357 0
254 -3.0367 0
632 -3.0422 0
1174 -3.0458 0
1911 -3.0470 0
192 -3.0481 0
634 -3.0564 0
477 -3.0607 0
1932 -3.0612 0
1202 -3.0625 0
885 -3.0629 0
334 -3.0646 0
769 -3.0678 0
1397 -3.0682 0
1726 -3.0686 0
1847 -3.0771 0
1332 -3.0790 0
293 -3.0821 0
1226 -3.0860 0
250 -3.0864 0
811 -3.0886 0
1444 -3.0937 0
29 -3.0945 0
37 -3.1022 0
1421 -3.1052 0
1888 -3.1089 0
63 -3.1109 0
584 -3.1205 0
1964 -3.1212 0
1141 -3.1303 0
842 -3.1346 0
1731 -3.1378 0
9 -3.1382 0
859 -3.1505 0
271 -3.1619 0
45 -3.1623 0
1741 -3.1675 0
455 -3.1719 0
1955 -3.1720 0
1420 -3.1720 0
465 -3.1734 0
1830 -3.1770 0
32 -3.1811 0
162 -3.1869 0
251 -3.1927 0
1424 -3.1935 0
478 -3.1986 0
916 -3.2099 0
1581 -3.2102 0
1947 -3.2106 0
1089 -3.2163 0
441 -3.2180 0
230 -3.2187 0
534 -3.2225 0
148 -3.2226 0
1886 -3.2230 0
1836 -3.2236 0
1705 -3.2264 0
1917 -3.2320 0
614 -3.2331 0
639 -3.2403 0
1325 -3.2446 0
195 -3.2475 0
773 -3.2475 0
1785 -3.2479 0
191 -3.2514 0
1876 -3.2561 0
223 -3.2583 0
1807 -3.2627 0
1330 -3.2674 0
291 -3.2679 0
817 -3.2695 0
6 -3.2713 0
1818 -3.2739 0
1884 -3.2764 0
137 -3.2823 0
1233 -3.2844 0
1963 -3.2851 0
1954 -3.2883 0
174 -3.2899 0
129 -3.3015 0
23 -3.3092 0
106 -3.3098 0
77 -3.3108 0
298 -3.3151 0
845 -3.3170 0
1951 -3.3180 0
645 -3.3180 0
1743 -3.3197 0
1746 -3.3263 0
1106 -3.3269 0
611 -3.3307 0
1078 -3.3367 0
893 -3.3378 0
1107 -3.3379 0
1877 -3.3400 0
815 -3.3440 0
741 -3.3483 0
66 -3.3488 0
1152 -3.3612 0
115 -3.3700 0
743 -3.3705 0
1772 -3.3768 0
688 -3.3811 0
620 -3.3819 0
1181 -3.3842 0
585 -3.3869 0
1708 -3.3880 0
278 -3.3901 0
1930 -3.3951 0
615 -3.3952 0
78 -3.3990 0
1872 -3.4011 0
576 -3.4058 0
622 -3.4144 0
185 -3.4174 0
637 -3.4176 0
268 -3.4233 0
551 -3.4260 0
58 -3.4276 0
444 -3.4340 0
872 -3.4371 0
1990 -3.4396 0
1155 -3.4437 0
1880 -3.4555 0
1854 -3.4609 0
1211 -3.4656 0
164 -3.4660 0
261 -3.4761 0
1841 -3.4817 0
1868 -3.4826 0
266 -3.4839 0
1198 -3.4843 0
1856 -3.4910 0
1103 -3.4932 0
833 -3.4985 0
808 -3.5058 0
1423 -3.5088 0
1213 -3.5192 0
25 -3.5326 0
583 -3.5349 0
1729 -3.5352 0
1414 -3.5426 0
231 -3.5475 0
16 -3.5511 0
482 -3.5530 0
1958 -3.5639 0
21 -3.5710 0
1301 -3.5793 0
209 -3.5891 0
1225 -3.5913 0
1109 -3.5938 0
1031 -3.5981 0
850 -3.6026 0
1441 -3.6078 0
142 -3.6173 0
123 -3.6214 0
633 -3.6235 0
216 -3.6390 0
282 -3.6446 0
24 -3.6481 0
1189 -3.6509 0
589 -3.6516 0
1712 -3.6533 0
1706 -3.6607 0
92 -3.6618 0
843 -3.6659 0
41 -3.6735 0
1828 -3.6832 0
1710 -3.6850 0
1131 -3.6850 0
1757 -3.6881 0
1768 -3.6909 0
1986 -3.6928 0
17 -3.6938 0
1114 -3.6939 0
753 -3.6966 0
1305 -3.6996 0
481 -3.7083 0
1245 -3.7165 0
1758 -3.7195 0
831 -3.7212 0
255 -3.7261 0
1742 -3.7274 0
1629 -3.7308 0
1153 -3.7349 0
267 -3.7350 0
198 -3.7392 0
1098 -3.7423 0
568 -3.7458 0
1857 -3.7461 0
785 -3.7487 0
80 -3.7494 0
205 -3.7524 0
1823 -3.7592 0
1413 -3.7598 0
1775 -3.7720 0
1135 -3.7768 0
640 -3.7826 0
1165 -3.7827 0
38 -3.7843 0
593 -3.7906 0
1335 -3.7920 0
276 -3.7974 0
1960 -3.8002 0
3 -3.8098 0
553 -3.8119 0
1243 -3.8126 0
600 -3.8129 0
101 -3.8138 0
19 -3.8210 0
1183 -3.8239 0
1210 -3.8300 0
70 -3.8368 0
572 -3.8377 0
42 -3.8428 0
1760 -3.8519 0
596 -3.8614 0
503 -3.8654 0
1446 -3.8663 0
26 -3.8772 0
90 -3.8850 0
764 -3.8864 0
506 -3.8878 0
131 -3.8879 0
629 -3.8892 0
1871 -3.8907 0
623 -3.8921 0
1702 -3.9047 0
1720 -3.9061 0
849 -3.9157 0
1814 -3.9193 0
260 -3.9227 0
61 -3.9272 0
802 -3.9296 0
232 -3.9311 0
686 -3.9318 0
1700 -3.9473 0
1840 -3.9475 0
1781 -3.9485 0
1083 -3.9594 0
1819 -3.9599 0
613 -3.9626 0
160 -3.9679 0
832 -3.9749 0
145 -4.0077 0
598 -4.0094 0
1773 -4.0099 0
1148 -4.0103 0
1965 -4.0267 0
1714 -4.0294 0
715 -4.0328 0
1300 -4.0339 0
28 -4.0349 0
1176 -4.0445 0
608 -4.0483 0
1800 -4.0531 0
1890 -4.0576 0
606 -4.0596 0
1859 -4.0664 0
49 -4.0755 0
1839 -4.0827 0
1203 -4.0830 0
822 -4.0890 0
170 -4.0900 0
1735 -4.0972 0
1723 -4.1003 0
838 -4.1187 0
178 -4.1238 0
1002 -4.1324 0
511 -4.1389 0
197 -4.1599 0
297 -4.1667 0
1087 -4.1701 0
103 -4.1731 0
696 -4.1831 0
4 -4.1953 0
72 -4.1954 0
771 -4.2024 0
471 -4.2087 0
612 -4.2173 0
1021 -4.2253 0
532 -4.2277 0
774 -4.2454 0
848 -4.2487 0
1066 -4.2634 0
825 -4.2648 0
1846 -4.2739 0
1732 -4.2743 0
177 -4.2804 0
1834 -4.2876 0
818 -4.2885 0
1718 -4.2965 0
681 -4.3079 0
1429 -4.3110 0
413 -4.3192 0
264 -4.3218 0
820 -4.3229 0
1709 -4.3243 0
1623 -4.3306 0
258 -4.3309 0
1186 -4.3417 0
784 -4.3459 0
1725 -4.3462 0
1747 -4.3462 0
575 -4.3658 0
636 -4.3751 0
294 -4.3753 0
173 -4.3783 0
1401 -4.3823 0
1182 -4.3902 0
667 -4.3913 0
566 -4.4012 0
824 -4.4038 0
1711 -4.4179 0
1767 -4.4205 0
1263 -4.4226 0
699 -4.4306 0
1898 -4.4390 0
1715 -4.4455 0
635 -4.4525 0
1996 -4.4604 0
595 -4.4708 0
1744 -4.4853 0
1825 -4.4860 0
256 -4.4957 0
1863 -4.4995 0
158 -4.5004 0
265 -4.5052 0
51 -4.5329 0
528 -4.5455 0
30 -4.5498 0
1945 -4.5522 0
1094 -4.5554 0
8 -4.5714 0
74 -4.5810 0
594 -4.5877 0
1879 -4.5921 0
296 -4.5980 0
1431 -4.6063 0
1833 -4.6083 0
494 -4.6266 0
840 -4.6366 0
1878 -4.6468 0
580 -4.6516 0
120 -4.6595 0
573 -4.6817 0
1220 -4.6925 0
554 -4.6971 0
1786 -4.7156 0
1755 -4.7166 0
561 -4.7586 0
1779 -4.7720 0
1866 -4.7796 0
1101 -4.7973 0
1321 -4.8165 0
1150 -4.8526 0
1149 -4.8588 0
829 -4.8859 0
800 -4.9088 0
826 -4.9412 0
1791 -4.9413 0
11 -4.9521 0
1092 -4.9926 0
586 -4.9959 0
1197 -5.0070 0
805 -5.0406 0
1778 -5.0429 0
1902 -5.0445 0
1445 -5.0500 0
516 -5.0525 0
182 -5.0748 0
60 -5.0769 0
567 -5.0815 0
235 -5.1058 0
644 -5.1441 0
755 -5.1588 0
1412 -5.2153 0
804 -5.2177 0
1894 -5.2181 0
14 -5.2371 0
588 -5.2375 0
515 -5.2441 0
1739 -5.2441 0
1798 -5.2456 0
98 -5.2781 0
597 -5.3016 0
1952 -5.3146 0
910 -5.3175 0
7 -5.3195 0
1727 -5.3224 0
1801 -5.3528 0
560 -5.4042 0
816 -5.4181 0
189 -5.4445 0
1402 -5.4525 0
837 -5.4575 0
1788 -5.4730 0
1175 -5.4835 0
163 -5.4966 0
828 -5.5073 0
310 -5.5976 0
1950 -5.6435 0
450 -5.6465 0
1792 -5.6494 0
601 -5.6541 0
558 -5.6724 0
590 -5.6767 0
579 -5.6767 0
1246 -5.6993 0
1987 -5.7301 0
836 -5.7432 0
273 -5.7491 0
107 -5.7539 0
22 -5.7923 0
809 -5.8484 0
10 -5.8580 0
807 -5.8737 0
803 -5.8960 0
648 -5.9140 0
569 -5.9192 0
806 -5.9213 0
599 -5.9450 0
592 -5.9703 0
587 -5.9833 0
563 -6.0514 0
262 -6.0556 0
1065 -6.1537 0
577 -6.1546 0
1073 -6.2276 0
505 -6.2522 0
1419 -6.2543 0
562 -6.4730 0
35 -6.5336 0
550 -6.6396 0
812 -6.7405 0
801 -7.1373 0
36 -7.1535 0
571 -7.3130 0
