1712 30.0780 1
1700 28.0093 1
1709 27.7854 1
1743 26.9557 1
1739 26.4422 1
1701 24.7096 1
1702 24.1200 1
1729 23.6964 1
1736 23.3571 1
1711 23.2653 1
1732 22.1236 1
1735 21.4934 1
1707 21.3545 1
1723 21.3391 1
1717 21.0454 1
1730 20.2802 1
1734 19.5989 1
1708 19.4510 1
1727 19.3176 1
1714 19.0257 1
1731 18.4291 1
294 18.1635 0
1737 18.0782 1
1725 17.6319 1
1747 17.6319 1
1742 16.9606 1
1715 16.3300 1
1716 15.4836 1
1706 15.4765 1
1720 15.3269 1
1740 15.1124 1
1703 15.0809 1
1724 14.5149 1
1718 14.4560 1
1726 14.4149 1
77 14.1594 0
1710 13.9632 1
64 13.8846 0
1722 13.8588 1
1744 13.5509 1
89 13.3013 0
1728 13.1993 1
69 13.1986 0
79 12.7823 0
54 12.7333 0
80 12.0008 0
63 11.7125 0
1748 11.5746 1
1704 11.4636 1
51 10.9690 0
1749 10.8562 1
92 10.8137 0
1713 10.7966 1
1835 10.6748 0
1721 10.2609 1
59 10.1657 0
1741 9.8313 1
1733 9.4929 1
640 9.4495 0
60 9.3845 0
82 9.3276 0
1719 9.2290 1
1800 9.1704 0
1825 8.9163 0
96 8.7507 0
61 8.3150 0
98 8.2647 0
93 8.0912 0
56 8.0184 0
1746 7.8933 1
91 7.8773 0
267 7.8259 0
72 7.7124 0
76 7.6872 0
84 7.2819 0
55 7.2183 0
583 7.1353 0
642 7.0495 0
81 6.9312 0
1815 6.9192 0
1856 6.8714 0
1130 6.8179 0
62 6.7133 0
1183 6.6342 0
1750 6.6174 0
57 6.5241 0
1889 6.3849 0
1198 6.3503 0
1807 6.2153 0
261 6.1985 0
1848 5.9650 0
88 5.9051 0
298 5.8936 0
70 5.8181 0
1828 5.7822 0
1849 5.7365 0
1819 5.6544 0
1738 5.6199 1
1816 5.5792 0
619 5.5661 0
286 5.4026 0
1182 5.3784 0
1761 5.3636 0
27 5.3533 0
86 5.2287 0
19 5.0766 0
1833 4.8979 0
74 4.7612 0
1824 4.7534 0
71 4.5528 0
1822 4.5201 0
1571 4.4912 0
603 4.4466 0
58 4.4412 0
94 4.4179 0
78 4.2930 0
1952 4.2238 0
1798 4.2127 0
1823 4.2096 0
1844 4.1831 0
97 4.1723 0
1847 4.1031 0
1958 4.0489 0
1506 4.0027 0
75 3.9730 0
1886 3.9570 0
174 3.8671 0
1155 3.8478 0
1814 3.8422 0
1176 3.8353 0
22 3.7777 0
1018 3.7701 0
1785 3.6883 0
1705 3.6737 1
95 3.6491 0
259 3.6463 0
1790 3.6243 0
1820 3.6117 0
121 3.6036 0
1805 3.5986 0
1168 3.5483 0
101 3.5242 0
50 3.4820 0
1846 3.4792 0
87 3.4567 0
638 3.4288 0
1156 3.3978 0
1165 3.3934 0
171 3.3853 0
1772 3.3589 0
1564 3.3570 0
1808 3.3485 0
90 3.3252 0
1160 3.2946 0
1964 3.2813 0
1312 3.2623 0
1042 3.2591 0
1758 3.2572 0
275 3.2106 0
251 3.1974 0
1803 3.1916 0
1811 3.1401 0
1812 3.1377 0
1150 3.1173 0
67 3.1165 0
280 3.1148 0
616 3.1030 0
1843 3.0859 0
305 3.0730 0
1757 3.0722 0
1175 3.0391 0
1795 3.0306 0
1196 3.0139 0
203 2.9736 0
68 2.9594 0
1801 2.9456 0
158 2.9171 0
1854 2.9104 0
99 2.8748 0
283 2.8012 0
83 2.7621 0
648 2.7469 0
1779 2.7142 0
1965 2.6989 0
592 2.6981 0
52 2.6786 0
120 2.6382 0
1831 2.6010 0
1778 2.5934 0
1301 2.5853 0
195 2.5796 0
1153 2.5641 0
285 2.5641 0
1773 2.5100 0
1167 2.5098 0
258 2.4912 0
149 2.4825 0
1791 2.4487 0
605 2.4341 0
1756 2.4093 0
1804 2.3861 0
254 2.3542 0
596 2.3431 0
1151 2.3089 0
929 2.3088 0
17 2.3008 0
1802 2.2549 0
108 2.2294 0
1157 2.2204 0
255 2.2132 0
1754 2.1802 0
1855 2.1668 0
631 2.1309 0
623 2.1210 0
621 2.1132 0
1780 2.0690 0
1809 1.9991 0
142 1.9899 0
912 1.9890 0
175 1.9864 0
1940 1.9559 0
1817 1.9172 0
284 1.9116 0
1170 1.8870 0
1806 1.8712 0
1883 1.8570 0
1393 1.8527 0
177 1.8429 0
644 1.8125 0
895 1.7594 0
1969 1.7173 0
154 1.6977 0
1574 1.6920 0
1829 1.6754 0
123 1.6746 0
1539 1.6549 0
1836 1.6486 0
1827 1.6410 0
1185 1.5960 0
10 1.5319 0
1840 1.5162 0
265 1.4800 0
290 1.4777 0
667 1.4772 0
256 1.4142 0
937 1.4082 0
148 1.4025 0
1163 1.3878 0
260 1.3725 0
614 1.3724 0
1984 1.3678 0
53 1.3630 0
1839 1.3531 0
1994 1.3530 0
1770 1.3429 0
292 1.3323 0
217 1.3206 0
1164 1.3114 0
942 1.3002 0
1169 1.2946 0
1181 1.2897 0
272 1.2887 0
1793 1.2873 0
1859 1.2839 0
119 1.2669 0
1830 1.2659 0
1764 1.2653 0
1813 1.2639 0
1821 1.2446 0
1977 1.2410 0
1509 1.2197 0
1971 1.2159 0
277 1.2106 0
842 1.1885 0
37 1.1745 0
1173 1.1406 0
1897 1.1295 0
1356 1.1190 0
1507 1.1135 0
1135 1.1082 0
163 1.1019 0
1832 1.1010 0
1818 1.0961 0
223 1.0954 0
1166 1.0458 0
132 1.0450 0
1752 1.0350 0
1768 1.0283 0
250 1.0194 0
1521 1.0029 0
558 0.9936 0
1796 0.9791 0
575 0.9755 0
1898 0.9655 0
1751 0.9215 0
860 0.9022 0
1869 0.9021 0
1945 0.8773 0
1189 0.8771 0
609 0.8745 0
527 0.8441 0
279 0.8318 0
1197 0.8232 0
134 0.8168 0
633 0.8115 0
613 0.8055 0
849 0.7998 0
11 0.7980 0
288 0.7903 0
1154 0.7801 0
548 0.7676 0
635 0.7405 0
1788 0.7328 0
641 0.7212 0
423 0.7101 0
627 0.6991 0
1177 0.6967 0
1534 0.6762 0
1586 0.6619 0
173 0.6557 0
115 0.6533 0
1503 0.6518 0
839 0.6382 0
189 0.6357 0
1530 0.6325 0
269 0.6306 0
191 0.6242 0
65 0.6104 0
239 0.5853 0
1152 0.5813 0
615 0.5806 0
1765 0.5743 0
28 0.5591 0
1786 0.5549 0
1109 0.5523 0
934 0.5424 0
1036 0.5262 0
598 0.5247 0
1885 0.5209 0
686 0.5196 0
1037 0.4811 0
1759 0.4488 0
159 0.4457 0
1996 0.4409 0
1190 0.4252 0
1789 0.4031 0
1837 0.4013 0
41 0.4011 0
1541 0.3970 0
179 0.3945 0
278 0.3862 0
1598 0.3563 0
600 0.3450 0
1031 0.3411 0
1989 0.3387 0
85 0.3365 0
287 0.3360 0
6 0.3230 0
176 0.3180 0
297 0.3082 0
1974 0.2943 0
1877 0.2786 0
125 0.2700 0
276 0.2634 0
1753 0.2568 0
1930 0.2401 0
794 0.2376 0
406 0.2260 0
210 0.2187 0
608 0.2121 0
130 0.1858 0
1390 0.1833 0
1767 0.1771 0
281 0.1670 0
160 0.1652 0
185 0.1643 0
932 0.1561 0
1979 0.1456 0
12 0.1245 0
1838 0.1174 0
1580 0.1170 0
1995 0.1064 0
226 0.1027 0
170 0.0847 0
1860 0.0799 0
646 0.0563 0
252 0.0517 0
172 0.0465 0
1101 0.0465 0
882 0.0345 0
1563 0.0153 0
107 0.0023 0
679 -0.0090 0
1932 -0.0316 0
122 -0.0342 0
141 -0.0358 0
1755 -0.0454 0
1845 -0.0545 0
590 -0.0622 0
1950 -0.0691 0
192 -0.0724 0
1454 -0.0919 0
1745 -0.1019 1
1192 -0.1247 0
1140 -0.1578 0
1199 -0.1672 0
1851 -0.1720 0
1179 -0.1794 0
39 -0.1968 0
505 -0.1977 0
580 -0.1982 0
610 -0.2017 0
1776 -0.2062 0
116 -0.2131 0
617 -0.2169 0
1129 -0.2345 0
1784 -0.2726 0
843 -0.2770 0
221 -0.2773 0
1184 -0.2916 0
296 -0.3020 0
466 -0.3338 0
933 -0.3340 0
1188 -0.3868 0
414 -0.3931 0
1502 -0.3942 0
606 -0.3973 0
1797 -0.4139 0
866 -0.4281 0
1970 -0.4284 0
104 -0.4336 0
1999 -0.4471 0
629 -0.4783 0
33 -0.4895 0
787 -0.4934 0
883 -0.5080 0
649 -0.5097 0
1517 -0.5220 0
1162 -0.5224 0
1025 -0.5267 0
103 -0.5292 0
1792 -0.5328 0
643 -0.5358 0
1993 -0.5368 0
1990 -0.5434 0
1316 -0.5479 0
618 -0.5603 0
820 -0.5663 0
1888 -0.5674 0
168 -0.5765 0
1187 -0.5792 0
611 -0.5921 0
1787 -0.6016 0
1978 -0.6042 0
1871 -0.6058 0
178 -0.6097 0
1972 -0.6192 0
1555 -0.6255 0
263 -0.6290 0
152 -0.6363 0
143 -0.6437 0
1775 -0.6484 0
5 -0.6514 0
238 -0.6643 0
1887 -0.6662 0
264 -0.6693 0
66 -0.6709 0
1458 -0.6803 0
1161 -0.6810 0
1322 -0.6889 0
289 -0.6943 0
1951 -0.6984 0
146 -0.7040 0
1021 -0.7140 0
777 -0.7153 0
1195 -0.7244 0
885 -0.7311 0
501 -0.7727 0
871 -0.7834 0
810 -0.7953 0
1292 -0.7985 0
293 -0.8085 0
1371 -0.8099 0
634 -0.8136 0
282 -0.8150 0
232 -0.8230 0
1352 -0.8343 0
1826 -0.8718 0
262 -0.8750 0
1107 -0.8752 0
1117 -0.8774 0
1583 -0.8893 0
317 -0.8904 0
1960 -0.9023 0
772 -0.9222 0
1957 -0.9229 0
304 -0.9238 0
21 -0.9261 0
199 -0.9269 0
1997 -0.9361 0
897 -0.9366 0
916 -0.9437 0
139 -0.9465 0
1339 -0.9569 0
35 -0.9574 0
683 -0.9669 0
247 -0.9784 0
857 -0.9836 0
818 -1.0002 0
1373 -1.0012 0
786 -1.0116 0
1956 -1.0235 0
939 -1.0238 0
637 -1.0375 0
815 -1.0439 0
412 -1.0451 0
1610 -1.0465 0
859 -1.0544 0
1967 -1.0562 0
826 -1.0588 0
503 -1.0643 0
1331 -1.1070 0
1 -1.1100 0
1927 -1.1103 0
1321 -1.1162 0
770 -1.1210 0
1313 -1.1226 0
253 -1.1243 0
1850 -1.1403 0
632 -1.1479 0
645 -1.1538 0
3 -1.1540 0
162 -1.1645 0
438 -1.1653 0
417 -1.1840 0
481 -1.1847 0
807 -1.1850 0
698 -1.1920 0
1867 -1.1937 0
918 -1.1960 0
198 -1.2117 0
559 -1.2164 0
1048 -1.2186 0
1463 -1.2189 0
891 -1.2191 0
1307 -1.2226 0
562 -1.2227 0
828 -1.2232 0
586 -1.2300 0
1799 -1.2329 0
181 -1.2346 0
1022 -1.2441 0
1172 -1.2447 0
878 -1.2468 0
14 -1.2530 0
896 -1.2548 0
1239 -1.2557 0
341 -1.2595 0
314 -1.2607 0
1111 -1.2617 0
861 -1.2693 0
1332 -1.2727 0
620 -1.2821 0
569 -1.2828 0
291 -1.2936 0
1762 -1.3032 0
270 -1.3159 0
1841 -1.3204 0
729 -1.3253 0
1891 -1.3260 0
757 -1.3265 0
1810 -1.3311 0
235 -1.3315 0
111 -1.3319 0
1774 -1.3324 0
1159 -1.3385 0
227 -1.3549 0
131 -1.3599 0
1263 -1.3605 0
1046 -1.3637 0
1946 -1.3690 0
792 -1.3729 0
1477 -1.3860 0
1367 -1.3915 0
1938 -1.3917 0
1620 -1.4093 0
1962 -1.4102 0
1330 -1.4111 0
1769 -1.4191 0
1178 -1.4260 0
1763 -1.4309 0
1928 -1.4314 0
572 -1.4404 0
211 -1.4404 0
1963 -1.4437 0
1961 -1.4481 0
1142 -1.4492 0
887 -1.4570 0
1556 -1.4608 0
1942 -1.4630 0
579 -1.4708 0
571 -1.4739 0
231 -1.4826 0
566 -1.4962 0
1679 -1.4962 0
135 -1.4991 0
1349 -1.5113 0
1193 -1.5150 0
888 -1.5175 0
920 -1.5196 0
935 -1.5201 0
105 -1.5227 0
1783 -1.5254 0
1102 -1.5306 0
49 -1.5307 0
565 -1.5417 0
1027 -1.5448 0
1220 -1.5459 0
1399 -1.5485 0
824 -1.5588 0
165 -1.5590 0
687 -1.5606 0
1378 -1.5622 0
865 -1.5654 0
1864 -1.5662 0
1171 -1.5740 0
1915 -1.5788 0
1219 -1.5872 0
693 -1.5957 0
268 -1.5983 0
1049 -1.6134 0
784 -1.6203 0
612 -1.6235 0
216 -1.6248 0
597 -1.6286 0
1931 -1.6300 0
1299 -1.6313 0
1771 -1.6336 0
0 -1.6412 0
593 -1.6414 0
1601 -1.6427 0
1766 -1.6438 0
813 -1.6460 0
817 -1.6574 0
1397 -1.6578 0
900 -1.6589 0
1004 -1.6789 0
407 -1.6800 0
124 -1.6866 0
1558 -1.6893 0
295 -1.6895 0
4 -1.6966 0
1398 -1.6969 0
200 -1.7082 0
1308 -1.7090 0
1510 -1.7175 0
944 -1.7231 0
1900 -1.7257 0
858 -1.7283 0
403 -1.7340 0
555 -1.7402 0
1577 -1.7574 0
436 -1.7604 0
976 -1.7655 0
520 -1.7733 0
703 -1.7820 0
145 -1.7877 0
1879 -1.7924 0
567 -1.7940 0
1026 -1.7979 0
1907 -1.7985 0
1902 -1.8044 0
577 -1.8155 0
1315 -1.8158 0
1988 -1.8171 0
758 -1.8183 0
271 -1.8211 0
1515 -1.8248 0
1496 -1.8280 0
560 -1.8356 0
688 -1.8372 0
114 -1.8412 0
862 -1.8415 0
589 -1.8475 0
429 -1.8545 0
846 -1.8561 0
1842 -1.8569 0
1329 -1.8650 0
790 -1.8685 0
578 -1.8702 0
561 -1.8814 0
1918 -1.8901 0
127 -1.8923 0
1834 -1.8931 0
1862 -1.9096 0
509 -1.9103 0
573 -1.9114 0
1622 -1.9162 0
625 -1.9277 0
1572 -1.9419 0
832 -1.9449 0
1381 -1.9466 0
802 -1.9522 0
1519 -1.9538 0
513 -1.9558 0
534 -1.9634 0
1592 -1.9642 0
1565 -1.9691 0
138 -1.9721 0
875 -1.9769 0
347 -1.9833 0
1001 -1.9938 0
43 -1.9964 0
948 -2.0021 0
1922 -2.0038 0
102 -2.0302 0
943 -2.0303 0
1005 -2.0461 0
946 -2.0468 0
755 -2.0499 0
1782 -2.0601 0
1579 -2.0705 0
1863 -2.0749 0
840 -2.0785 0
1174 -2.0832 0
1457 -2.0847 0
1408 -2.0887 0
1561 -2.0895 0
836 -2.0898 0
838 -2.0963 0
1505 -2.1000 0
183 -2.1011 0
237 -2.1097 0
1858 -2.1147 0
1982 -2.1302 0
196 -2.1329 0
1006 -2.1388 0
1480 -2.1418 0
856 -2.1614 0
1328 -2.1620 0
1317 -2.1639 0
38 -2.1640 0
956 -2.1709 0
1523 -2.1774 0
873 -2.1799 0
310 -2.1876 0
1012 -2.1977 0
1980 -2.2007 0
1226 -2.2093 0
242 -2.2104 0
1873 -2.2113 0
1143 -2.2127 0
2 -2.2142 0
1223 -2.2148 0
801 -2.2180 0
1524 -2.2221 0
153 -2.2270 0
990 -2.2286 0
863 -2.2358 0
1872 -2.2450 0
570 -2.2474 0
775 -2.2524 0
1866 -2.2532 0
919 -2.2641 0
206 -2.2642 0
543 -2.2797 0
1983 -2.2831 0
164 -2.2901 0
1386 -2.2943 0
180 -2.2953 0
844 -2.2968 0
117 -2.3032 0
549 -2.3164 0
765 -2.3182 0
588 -2.3185 0
1424 -2.3210 0
666 -2.3223 0
760 -2.3256 0
209 -2.3259 0
307 -2.3270 0
371 -2.3290 0
768 -2.3308 0
941 -2.3406 0
1551 -2.3432 0
1514 -2.3436 0
1868 -2.3446 0
831 -2.3488 0
1245 -2.3498 0
155 -2.3518 0
1094 -2.3608 0
1781 -2.3644 0
1629 -2.3724 0
219 -2.3755 0
1777 -2.3767 0
903 -2.3831 0
113 -2.3853 0
449 -2.3913 0
845 -2.3925 0
922 -2.3950 0
622 -2.3958 0
601 -2.4022 0
677 -2.4029 0
1608 -2.4067 0
743 -2.4129 0
992 -2.4143 0
1486 -2.4146 0
850 -2.4148 0
274 -2.4149 0
1078 -2.4214 0
626 -2.4266 0
961 -2.4267 0
1471 -2.4276 0
1054 -2.4356 0
799 -2.4480 0
1126 -2.4507 0
774 -2.4545 0
1335 -2.4607 0
1387 -2.4626 0
1853 -2.4681 0
915 -2.4713 0
628 -2.4716 0
751 -2.4759 0
1305 -2.4839 0
798 -2.4872 0
1981 -2.4884 0
1760 -2.4929 0
522 -2.5031 0
444 -2.5075 0
243 -2.5088 0
931 -2.5090 0
1131 -2.5138 0
1112 -2.5146 0
374 -2.5235 0
1943 -2.5238 0
1320 -2.5308 0
876 -2.5363 0
266 -2.5476 0
1944 -2.5516 0
133 -2.5519 0
901 -2.5564 0
233 -2.5566 0
1254 -2.5634 0
186 -2.5663 0
554 -2.5692 0
599 -2.5731 0
1035 -2.5782 0
989 -2.5825 0
1874 -2.5883 0
811 -2.5886 0
454 -2.5890 0
1186 -2.5904 0
15 -2.5912 0
1489 -2.5936 0
977 -2.5946 0
913 -2.6032 0
1216 -2.6089 0
1912 -2.6136 0
451 -2.6175 0
1699 -2.6245 0
1300 -2.6254 0
166 -2.6300 0
1210 -2.6324 0
1231 -2.6371 0
544 -2.6386 0
979 -2.6399 0
136 -2.6461 0
536 -2.6486 0
515 -2.6504 0
309 -2.6520 0
1532 -2.6528 0
1619 -2.6537 0
439 -2.6588 0
212 -2.6615 0
585 -2.6639 0
1544 -2.6682 0
1472 -2.6741 0
654 -2.6800 0
1326 -2.6832 0
702 -2.6869 0
73 -2.6899 0
864 -2.6938 0
647 -2.6942 0
1537 -2.6945 0
144 -2.6990 0
780 -2.6996 0
911 -2.7005 0
680 -2.7089 0
1314 -2.7092 0
344 -2.7157 0
1986 -2.7161 0
1407 -2.7177 0
1591 -2.7213 0
1939 -2.7231 0
659 -2.7234 0
1318 -2.7302 0
797 -2.7314 0
1030 -2.7346 0
161 -2.7384 0
781 -2.7439 0
1642 -2.7452 0
541 -2.7495 0
636 -2.7510 0
1590 -2.7512 0
1531 -2.7543 0
855 -2.7580 0
808 -2.7605 0
722 -2.7619 0
1024 -2.7724 0
197 -2.7733 0
1044 -2.7757 0
30 -2.7827 0
1394 -2.7944 0
1097 -2.7965 0
1372 -2.7969 0
1528 -2.7998 0
514 -2.8016 0
1139 -2.8038 0
387 -2.8072 0
333 -2.8157 0
150 -2.8189 0
1194 -2.8196 0
1604 -2.8201 0
1926 -2.8203 0
500 -2.8205 0
651 -2.8225 0
425 -2.8227 0
564 -2.8251 0
607 -2.8319 0
490 -2.8348 0
428 -2.8425 0
816 -2.8441 0
1955 -2.8497 0
156 -2.8500 0
706 -2.8520 0
892 -2.8525 0
24 -2.8544 0
769 -2.8553 0
1581 -2.8558 0
126 -2.8589 0
868 -2.8605 0
1594 -2.8655 0
213 -2.8708 0
1366 -2.8756 0
1338 -2.8768 0
1504 -2.8807 0
847 -2.8833 0
563 -2.8879 0
1536 -2.8960 0
1899 -2.8964 0
511 -2.8977 0
899 -2.9032 0
1019 -2.9046 0
1289 -2.9087 0
36 -2.9111 0
442 -2.9151 0
529 -2.9165 0
1878 -2.9191 0
1354 -2.9197 0
1464 -2.9252 0
733 -2.9284 0
945 -2.9343 0
332 -2.9372 0
234 -2.9382 0
594 -2.9405 0
431 -2.9429 0
1992 -2.9511 0
1953 -2.9575 0
963 -2.9580 0
685 -2.9591 0
1144 -2.9603 0
48 -2.9651 0
789 -2.9655 0
1266 -2.9662 0
880 -2.9668 0
1493 -2.9729 0
1369 -2.9735 0
1149 -2.9790 0
1087 -2.9806 0
1222 -2.9877 0
480 -2.9915 0
1058 -2.9965 0
881 -2.9969 0
925 -2.9989 0
1260 -3.0062 0
537 -3.0137 0
483 -3.0221 0
112 -3.0268 0
494 -3.0293 0
740 -3.0330 0
812 -3.0393 0
975 -3.0428 0
1389 -3.0437 0
147 -3.0444 0
1043 -3.0445 0
909 -3.0477 0
450 -3.0544 0
1585 -3.0557 0
1568 -3.0623 0
793 -3.0639 0
1698 -3.0641 0
550 -3.0739 0
1469 -3.0752 0
833 -3.0774 0
835 -3.0777 0
1587 -3.0795 0
1666 -3.0806 0
1893 -3.0832 0
510 -3.0847 0
604 -3.0848 0
1325 -3.0869 0
624 -3.0876 0
375 -3.0880 0
1513 -3.0911 0
338 -3.0957 0
380 -3.1065 0
1180 -3.1093 0
1134 -3.1097 0
852 -3.1145 0
568 -3.1154 0
904 -3.1158 0
870 -3.1200 0
1516 -3.1215 0
1618 -3.1230 0
208 -3.1279 0
193 -3.1304 0
1355 -3.1350 0
1917 -3.1359 0
1351 -3.1397 0
540 -3.1415 0
894 -3.1444 0
1103 -3.1472 0
1008 -3.1538 0
1294 -3.1565 0
1275 -3.1575 0
1191 -3.1583 0
732 -3.1590 0
830 -3.1619 0
692 -3.1635 0
421 -3.1664 0
639 -3.1725 0
1545 -3.1766 0
1936 -3.1776 0
1884 -3.1801 0
1460 -3.1848 0
434 -3.1858 0
1484 -3.1872 0
1383 -3.1880 0
207 -3.1914 0
328 -3.1966 0
949 -3.2043 0
547 -3.2062 0
821 -3.2184 0
1064 -3.2190 0
1925 -3.2204 0
814 -3.2260 0
246 -3.2260 0
1388 -3.2292 0
805 -3.2317 0
1968 -3.2320 0
109 -3.2323 0
746 -3.2340 0
1045 -3.2340 0
723 -3.2352 0
167 -3.2414 0
1277 -3.2433 0
366 -3.2434 0
1146 -3.2436 0
40 -3.2438 0
1125 -3.2439 0
1309 -3.2454 0
837 -3.2469 0
316 -3.2485 0
1540 -3.2521 0
889 -3.2588 0
420 -3.2686 0
1396 -3.2771 0
1661 -3.2799 0
696 -3.2802 0
1013 -3.2828 0
1934 -3.2848 0
26 -3.2899 0
917 -3.2908 0
1023 -3.2945 0
1794 -3.2968 0
7 -3.3061 0
411 -3.3071 0
1520 -3.3080 0
1268 -3.3134 0
13 -3.3140 0
419 -3.3157 0
517 -3.3214 0
660 -3.3238 0
1908 -3.3263 0
877 -3.3303 0
678 -3.3304 0
1345 -3.3319 0
1084 -3.3370 0
1569 -3.3403 0
1589 -3.3407 0
433 -3.3411 0
700 -3.3488 0
1091 -3.3609 0
1010 -3.3664 0
1643 -3.3668 0
848 -3.3708 0
1896 -3.3712 0
415 -3.3826 0
1158 -3.3853 0
110 -3.3858 0
737 -3.3902 0
1363 -3.3912 0
1241 -3.3915 0
650 -3.3966 0
874 -3.3966 0
1923 -3.3979 0
1599 -3.4064 0
721 -3.4067 0
1132 -3.4083 0
1483 -3.4108 0
1857 -3.4116 0
717 -3.4127 0
151 -3.4150 0
905 -3.4160 0
907 -3.4186 0
1628 -3.4217 0
851 -3.4226 0
1451 -3.4245 0
458 -3.4285 0
1481 -3.4286 0
273 -3.4319 0
993 -3.4347 0
773 -3.4388 0
462 -3.4392 0
129 -3.4419 0
1487 -3.4447 0
707 -3.4451 0
140 -3.4478 0
1998 -3.4499 0
220 -3.4528 0
512 -3.4558 0
1455 -3.4566 0
45 -3.4588 0
1547 -3.4611 0
306 -3.4645 0
776 -3.4733 0
1391 -3.4764 0
1696 -3.4857 0
1374 -3.4909 0
1615 -3.4953 0
518 -3.4971 0
556 -3.4990 0
1582 -3.5032 0
551 -3.5035 0
1445 -3.5047 0
1681 -3.5062 0
662 -3.5100 0
953 -3.5137 0
1377 -3.5182 0
1596 -3.5182 0
1904 -3.5207 0
215 -3.5249 0
754 -3.5286 0
1115 -3.5289 0
187 -3.5292 0
1490 -3.5296 0
404 -3.5344 0
1376 -3.5371 0
1365 -3.5418 0
947 -3.5433 0
422 -3.5445 0
202 -3.5454 0
1913 -3.5463 0
1651 -3.5478 0
1954 -3.5627 0
1937 -3.5653 0
764 -3.5660 0
1880 -3.5663 0
1595 -3.5666 0
853 -3.5685 0
441 -3.5707 0
528 -3.5757 0
1256 -3.5794 0
1362 -3.5843 0
331 -3.5854 0
734 -3.5935 0
182 -3.5946 0
1114 -3.5948 0
725 -3.5960 0
1262 -3.5982 0
1914 -3.5983 0
819 -3.5985 0
1095 -3.6020 0
1240 -3.6141 0
914 -3.6203 0
1909 -3.6222 0
194 -3.6232 0
965 -3.6300 0
924 -3.6319 0
1017 -3.6343 0
1578 -3.6404 0
1346 -3.6430 0
530 -3.6503 0
1343 -3.6562 0
493 -3.6584 0
1959 -3.6587 0
1546 -3.6606 0
1649 -3.6735 0
1211 -3.6740 0
736 -3.6835 0
1015 -3.6864 0
738 -3.6874 0
672 -3.6923 0
1890 -3.6958 0
367 -3.6996 0
1020 -3.7063 0
100 -3.7069 0
1145 -3.7103 0
1566 -3.7111 0
1248 -3.7124 0
1247 -3.7140 0
1865 -3.7147 0
1327 -3.7150 0
997 -3.7159 0
343 -3.7160 0
804 -3.7223 0
1570 -3.7254 0
1876 -3.7322 0
1985 -3.7398 0
1910 -3.7400 0
1360 -3.7408 0
1976 -3.7508 0
936 -3.7649 0
1452 -3.7666 0
1966 -3.7667 0
670 -3.7755 0
1474 -3.7793 0
1682 -3.7817 0
699 -3.7896 0
486 -3.7932 0
323 -3.7935 0
1053 -3.7969 0
1456 -3.7990 0
1081 -3.8017 0
1123 -3.8050 0
1639 -3.8057 0
984 -3.8128 0
969 -3.8131 0
602 -3.8135 0
710 -3.8159 0
363 -3.8227 0
29 -3.8257 0
823 -3.8287 0
1921 -3.8328 0
44 -3.8345 0
452 -3.8412 0
128 -3.8413 0
987 -3.8503 0
1870 -3.8539 0
742 -3.8543 0
749 -3.8570 0
1553 -3.8629 0
432 -3.8637 0
1014 -3.8709 0
299 -3.8723 0
591 -3.8728 0
673 -3.8751 0
1033 -3.8753 0
225 -3.8756 0
1136 -3.8757 0
718 -3.8761 0
1304 -3.8788 0
1047 -3.8790 0
362 -3.8838 0
1334 -3.8838 0
829 -3.8909 0
474 -3.8950 0
516 -3.8962 0
1412 -3.8986 0
1201 -3.8988 0
1973 -3.9001 0
552 -3.9029 0
927 -3.9049 0
1494 -3.9060 0
1533 -3.9162 0
1392 -3.9170 0
1337 -3.9191 0
1593 -3.9288 0
118 -3.9322 0
664 -3.9343 0
1562 -3.9375 0
595 -3.9382 0
1063 -3.9446 0
1492 -3.9456 0
752 -3.9463 0
16 -3.9506 0
974 -3.9520 0
1875 -3.9532 0
1559 -3.9550 0
1324 -3.9606 0
1072 -3.9662 0
906 -3.9737 0
898 -3.9740 0
759 -3.9756 0
1526 -3.9815 0
1075 -3.9831 0
1270 -3.9852 0
1861 -3.9867 0
1919 -3.9987 0
999 -4.0008 0
1637 -4.0153 0
872 -4.0194 0
399 -4.0287 0
726 -4.0290 0
249 -4.0326 0
1200 -4.0332 0
1215 -4.0397 0
1242 -4.0537 0
386 -4.0575 0
1257 -4.0609 0
834 -4.0615 0
1206 -4.0648 0
1137 -4.0652 0
424 -4.0659 0
1552 -4.0669 0
1067 -4.0745 0
587 -4.0772 0
1499 -4.0836 0
711 -4.0885 0
20 -4.0964 0
1852 -4.0964 0
681 -4.0972 0
538 -4.1018 0
1478 -4.1025 0
1370 -4.1087 0
1691 -4.1097 0
1066 -4.1103 0
1250 -4.1107 0
1128 -4.1180 0
240 -4.1265 0
336 -4.1336 0
1529 -4.1351 0
1098 -4.1358 0
1121 -4.1392 0
653 -4.1552 0
910 -4.1556 0
952 -4.1587 0
34 -4.1602 0
921 -4.1727 0
184 -4.1735 0
1429 -4.1746 0
902 -4.1771 0
630 -4.1777 0
1624 -4.1799 0
1083 -4.1811 0
533 -4.1846 0
1085 -4.1951 0
1640 -4.1999 0
1491 -4.2057 0
1380 -4.2115 0
245 -4.2144 0
1283 -4.2248 0
1028 -4.2266 0
926 -4.2376 0
682 -4.2377 0
303 -4.2495 0
218 -4.2522 0
1527 -4.2571 0
1431 -4.2604 0
968 -4.2626 0
401 -4.2648 0
1538 -4.2683 0
689 -4.2723 0
1630 -4.2765 0
1542 -4.2768 0
713 -4.2781 0
1920 -4.2866 0
435 -4.2888 0
479 -4.2897 0
1148 -4.2913 0
1276 -4.2947 0
1621 -4.2948 0
1549 -4.3046 0
767 -4.3071 0
1274 -4.3128 0
229 -4.3164 0
157 -4.3194 0
1660 -4.3201 0
1584 -4.3202 0
1525 -4.3223 0
1606 -4.3227 0
1379 -4.3236 0
753 -4.3254 0
1633 -4.3394 0
893 -4.3419 0
506 -4.3451 0
334 -4.3458 0
1093 -4.3471 0
1303 -4.3542 0
1229 -4.3561 0
1440 -4.3604 0
766 -4.3633 0
204 -4.3665 0
1924 -4.3669 0
523 -4.3700 0
806 -4.3717 0
1290 -4.3738 0
1453 -4.3779 0
978 -4.3800 0
1557 -4.3842 0
1051 -4.3848 0
447 -4.3863 0
930 -4.3897 0
1987 -4.3939 0
782 -4.4075 0
257 -4.4105 0
1567 -4.4202 0
1692 -4.4265 0
1310 -4.4273 0
1279 -4.4301 0
1459 -4.4350 0
1113 -4.4420 0
42 -4.4436 0
1903 -4.4436 0
1634 -4.4489 0
416 -4.4496 0
771 -4.4588 0
526 -4.4661 0
1133 -4.4671 0
712 -4.4695 0
1573 -4.4791 0
1433 -4.4838 0
1906 -4.4934 0
656 -4.4945 0
1612 -4.4946 0
1364 -4.4961 0
1092 -4.4967 0
47 -4.5147 0
468 -4.5200 0
1086 -4.5206 0
106 -4.5225 0
205 -4.5237 0
463 -4.5264 0
410 -4.5291 0
330 -4.5327 0
671 -4.5341 0
1623 -4.5354 0
413 -4.5508 0
785 -4.5522 0
854 -4.5608 0
355 -4.5615 0
1689 -4.5634 0
695 -4.5635 0
663 -4.5690 0
827 -4.5712 0
532 -4.5731 0
1055 -4.5748 0
352 -4.5776 0
1607 -4.5823 0
778 -4.5848 0
1065 -4.5999 0
1076 -4.6003 0
669 -4.6018 0
448 -4.6029 0
339 -4.6088 0
1892 -4.6100 0
803 -4.6116 0
224 -4.6137 0
825 -4.6190 0
1269 -4.6222 0
1110 -4.6277 0
1357 -4.6284 0
437 -4.6353 0
1602 -4.6397 0
708 -4.6401 0
1225 -4.6552 0
1690 -4.6586 0
1447 -4.6715 0
1947 -4.6716 0
369 -4.6726 0
1488 -4.6737 0
991 -4.6799 0
1473 -4.6835 0
983 -4.6908 0
1295 -4.6913 0
1011 -4.6932 0
1554 -4.6942 0
1548 -4.6966 0
779 -4.7069 0
796 -4.7089 0
495 -4.7103 0
1895 -4.7110 0
137 -4.7177 0
1576 -4.7180 0
1278 -4.7186 0
1434 -4.7217 0
1672 -4.7257 0
393 -4.7290 0
1359 -4.7299 0
1016 -4.7302 0
1246 -4.7401 0
1911 -4.7451 0
1340 -4.7473 0
1311 -4.7529 0
720 -4.7529 0
327 -4.7529 0
1648 -4.7545 0
958 -4.7548 0
553 -4.7658 0
1508 -4.7689 0
1050 -4.7708 0
962 -4.7734 0
1697 -4.7775 0
745 -4.7840 0
1382 -4.7921 0
345 -4.7983 0
1402 -4.8051 0
1234 -4.8081 0
395 -4.8142 0
1124 -4.8145 0
1265 -4.8156 0
222 -4.8169 0
1462 -4.8179 0
728 -4.8242 0
230 -4.8281 0
1077 -4.8285 0
1641 -4.8290 0
762 -4.8305 0
973 -4.8344 0
890 -4.8355 0
1074 -4.8387 0
951 -4.8449 0
1237 -4.8492 0
1656 -4.8509 0
1348 -4.8525 0
1482 -4.8567 0
542 -4.8569 0
1605 -4.8581 0
1498 -4.8589 0
426 -4.8678 0
335 -4.8694 0
394 -4.8716 0
938 -4.8790 0
457 -4.8966 0
1039 -4.8983 0
244 -4.9024 0
1302 -4.9072 0
1614 -4.9080 0
1213 -4.9085 0
809 -4.9130 0
1003 -4.9132 0
1244 -4.9135 0
1881 -4.9136 0
694 -4.9205 0
1285 -4.9212 0
440 -4.9251 0
676 -4.9262 0
981 -4.9267 0
1082 -4.9280 0
346 -4.9295 0
228 -4.9332 0
471 -4.9362 0
1062 -4.9378 0
354 -4.9405 0
1100 -4.9436 0
1235 -4.9480 0
1342 -4.9492 0
735 -4.9531 0
701 -4.9654 0
1375 -4.9663 0
1627 -4.9680 0
23 -4.9746 0
841 -4.9755 0
1678 -4.9776 0
788 -4.9788 0
349 -4.9855 0
190 -4.9857 0
739 -4.9869 0
478 -4.9890 0
1385 -4.9946 0
1032 -4.9947 0
1361 -4.9964 0
966 -4.9966 0
1221 -4.9975 0
884 -5.0090 0
1105 -5.0216 0
744 -5.0328 0
1901 -5.0335 0
313 -5.0352 0
535 -5.0365 0
497 -5.0371 0
504 -5.0371 0
1068 -5.0419 0
342 -5.0431 0
248 -5.0487 0
971 -5.0499 0
1905 -5.0500 0
508 -5.0514 0
1228 -5.0664 0
800 -5.0674 0
1395 -5.0706 0
9 -5.0722 0
1306 -5.0849 0
1029 -5.0862 0
321 -5.0862 0
358 -5.0874 0
1080 -5.0879 0
1119 -5.0890 0
1468 -5.0927 0
1665 -5.0940 0
1057 -5.0955 0
1450 -5.0970 0
1205 -5.0983 0
584 -5.0995 0
1070 -5.1117 0
1550 -5.1144 0
1933 -5.1154 0
1288 -5.1262 0
545 -5.1353 0
994 -5.1363 0
750 -5.1366 0
1667 -5.1433 0
675 -5.1455 0
1465 -5.1484 0
357 -5.1491 0
1116 -5.1492 0
1609 -5.1521 0
446 -5.1565 0
1214 -5.1573 0
1613 -5.1594 0
391 -5.1681 0
557 -5.1693 0
576 -5.1723 0
467 -5.1727 0
1975 -5.1850 0
378 -5.1950 0
1298 -5.1964 0
1120 -5.2017 0
319 -5.2148 0
384 -5.2174 0
1203 -5.2222 0
1243 -5.2230 0
201 -5.2249 0
1141 -5.2260 0
709 -5.2271 0
1635 -5.2287 0
1106 -5.2390 0
1069 -5.2450 0
1104 -5.2503 0
1090 -5.2605 0
1625 -5.2610 0
1423 -5.2695 0
1002 -5.2726 0
1422 -5.2739 0
1438 -5.2749 0
1511 -5.2798 0
409 -5.2831 0
525 -5.2873 0
970 -5.2874 0
795 -5.2890 0
236 -5.2930 0
32 -5.2931 0
1659 -5.2992 0
430 -5.3028 0
998 -5.3042 0
453 -5.3086 0
1273 -5.3089 0
1929 -5.3089 0
427 -5.3108 0
822 -5.3123 0
1941 -5.3151 0
1444 -5.3179 0
867 -5.3215 0
308 -5.3251 0
1948 -5.3261 0
1653 -5.3310 0
657 -5.3370 0
31 -5.3391 0
668 -5.3479 0
908 -5.3485 0
445 -5.3508 0
1466 -5.3551 0
665 -5.3636 0
1518 -5.3679 0
1296 -5.3728 0
302 -5.3731 0
1611 -5.3775 0
1224 -5.3812 0
960 -5.3816 0
655 -5.3824 0
1418 -5.3859 0
1384 -5.3879 0
690 -5.3886 0
1894 -5.3933 0
1096 -5.3986 0
1052 -5.3992 0
1476 -5.4014 0
1495 -5.4191 0
1409 -5.4215 0
491 -5.4389 0
1686 -5.4396 0
1597 -5.4425 0
1230 -5.4491 0
1475 -5.4499 0
499 -5.4503 0
715 -5.4590 0
1252 -5.4655 0
1000 -5.4659 0
748 -5.4756 0
1512 -5.4977 0
1501 -5.5099 0
539 -5.5231 0
582 -5.5243 0
324 -5.5258 0
472 -5.5288 0
1202 -5.5322 0
886 -5.5347 0
1347 -5.5375 0
502 -5.5378 0
923 -5.5439 0
1138 -5.5519 0
1413 -5.5551 0
1284 -5.5602 0
581 -5.5644 0
1073 -5.5675 0
370 -5.5764 0
986 -5.5856 0
1543 -5.5874 0
169 -5.5907 0
1209 -5.6017 0
1060 -5.6052 0
1467 -5.6177 0
388 -5.6197 0
241 -5.6198 0
972 -5.6254 0
1280 -5.6318 0
461 -5.6358 0
1088 -5.6413 0
1600 -5.6421 0
1441 -5.6441 0
389 -5.6603 0
301 -5.6608 0
988 -5.6713 0
1056 -5.6723 0
928 -5.6754 0
484 -5.6765 0
1286 -5.6885 0
967 -5.6897 0
1358 -5.6948 0
783 -5.6998 0
1485 -5.7135 0
1336 -5.7137 0
716 -5.7220 0
329 -5.7317 0
1405 -5.7405 0
763 -5.7414 0
1291 -5.7507 0
1694 -5.7622 0
368 -5.7643 0
397 -5.7650 0
1108 -5.7673 0
465 -5.7704 0
1341 -5.7745 0
1535 -5.7760 0
1670 -5.7902 0
1439 -5.7915 0
1118 -5.7926 0
704 -5.7949 0
353 -5.7951 0
379 -5.7958 0
475 -5.7980 0
1687 -5.8005 0
1147 -5.8074 0
1368 -5.8105 0
1232 -5.8195 0
488 -5.8372 0
365 -5.8381 0
383 -5.8487 0
1657 -5.8553 0
1420 -5.8563 0
485 -5.8634 0
1631 -5.8724 0
1916 -5.8824 0
1669 -5.9100 0
1991 -5.9421 0
372 -5.9441 0
747 -5.9462 0
1497 -5.9468 0
684 -5.9539 0
398 -5.9572 0
361 -5.9653 0
1038 -5.9658 0
360 -5.9791 0
574 -5.9844 0
46 -5.9907 0
546 -5.9917 0
1204 -6.0026 0
443 -6.0126 0
373 -6.0231 0
382 -6.0354 0
1626 -6.0508 0
1122 -6.0511 0
1662 -6.0559 0
1500 -6.0650 0
1297 -6.0711 0
1249 -6.0776 0
364 -6.0786 0
351 -6.0796 0
982 -6.0938 0
1227 -6.0952 0
1404 -6.1238 0
1034 -6.1303 0
995 -6.1305 0
1935 -6.1344 0
1255 -6.1401 0
1603 -6.1515 0
1644 -6.1569 0
1253 -6.1593 0
1522 -6.1680 0
356 -6.1706 0
1238 -6.1754 0
1470 -6.1777 0
1218 -6.1779 0
1264 -6.1923 0
1271 -6.1931 0
1435 -6.1972 0
1217 -6.2077 0
869 -6.2289 0
791 -6.2305 0
1430 -6.2316 0
705 -6.2383 0
1099 -6.2392 0
959 -6.2405 0
392 -6.2416 0
300 -6.2481 0
396 -6.2530 0
1410 -6.2594 0
519 -6.2627 0
1323 -6.2649 0
214 -6.2777 0
1664 -6.2833 0
498 -6.2897 0
1560 -6.3333 0
1319 -6.3442 0
408 -6.3493 0
940 -6.3856 0
1059 -6.3870 0
756 -6.3876 0
652 -6.3961 0
1127 -6.4155 0
1411 -6.4370 0
761 -6.4387 0
741 -6.4387 0
879 -6.4419 0
507 -6.4461 0
1668 -6.4468 0
315 -6.4657 0
1683 -6.4753 0
320 -6.4871 0
312 -6.5101 0
188 -6.5254 0
25 -6.5393 0
521 -6.5449 0
1882 -6.5814 0
1251 -6.5841 0
1446 -6.5943 0
402 -6.5960 0
980 -6.6035 0
1655 -6.6250 0
1259 -6.6262 0
1675 -6.6293 0
311 -6.6383 0
1461 -6.6429 0
531 -6.6506 0
1684 -6.6509 0
1007 -6.6684 0
1432 -6.6730 0
724 -6.6758 0
318 -6.6784 0
1949 -6.6790 0
1040 -6.6869 0
1677 -6.7035 0
405 -6.7115 0
1089 -6.7190 0
1658 -6.7201 0
1479 -6.7346 0
1282 -6.7350 0
390 -6.7393 0
376 -6.7611 0
18 -6.7636 0
658 -6.7884 0
1041 -6.8034 0
350 -6.8064 0
1406 -6.8162 0
1403 -6.8374 0
1079 -6.8528 0
381 -6.8812 0
691 -6.8883 0
1617 -6.8896 0
460 -6.8900 0
1693 -6.9061 0
1236 -6.9248 0
400 -6.9278 0
727 -6.9287 0
496 -6.9335 0
1650 -6.9388 0
1575 -6.9393 0
455 -6.9507 0
1009 -6.9510 0
1688 -6.9518 0
1233 -6.9536 0
1636 -6.9688 0
1281 -6.9793 0
714 -6.9795 0
719 -7.0023 0
470 -7.0118 0
1287 -7.0170 0
1616 -7.0259 0
487 -7.0311 0
385 -7.0428 0
1426 -7.0476 0
1428 -7.0605 0
730 -7.0645 0
1645 -7.0748 0
661 -7.0869 0
1401 -7.0947 0
1647 -7.0976 0
1207 -7.0983 0
1071 -7.0997 0
1588 -7.1043 0
1427 -7.1656 0
340 -7.1939 0
524 -7.2004 0
1415 -7.2006 0
469 -7.2897 0
1652 -7.2981 0
492 -7.3131 0
1632 -7.3440 0
1685 -7.3556 0
337 -7.3641 0
1350 -7.3780 0
1671 -7.3951 0
482 -7.3973 0
674 -7.4228 0
1333 -7.4753 0
1261 -7.4909 0
1419 -7.5425 0
1344 -7.5476 0
1208 -7.5545 0
477 -7.5639 0
1293 -7.5666 0
359 -7.5867 0
1353 -7.6080 0
1437 -7.6082 0
377 -7.6282 0
964 -7.6389 0
985 -7.6664 0
1425 -7.6833 0
1061 -7.7024 0
1442 -7.7051 0
1443 -7.7598 0
418 -7.7867 0
8 -7.8009 0
1654 -7.8205 0
1680 -7.8393 0
1272 -7.8631 0
1267 -7.8948 0
473 -7.9614 0
1414 -7.9689 0
1638 -7.9738 0
348 -8.0024 0
326 -8.0288 0
1646 -8.1143 0
1258 -8.1157 0
459 -8.2460 0
957 -8.3244 0
996 -8.3332 0
1695 -8.3833 0
1400 -8.4291 0
489 -8.4655 0
322 -8.4737 0
456 -8.4785 0
1212 -8.4893 0
476 -8.5056 0
1449 -8.5375 0
1676 -8.6511 0
950 -8.6666 0
955 -8.7085 0
1448 -8.9153 0
325 -8.9361 0
1673 -8.9448 0
1416 -8.9723 0
1436 -8.9897 0
1421 -9.0951 0
1417 -9.1200 0
1663 -9.1327 0
464 -9.1571 0
954 -9.3130 0
697 -9.3317 0
1674 -9.7336 0
731 -10.7374 0
