1772 34.5609 1
1758 29.7225 1
1751 28.8287 1
1791 27.7784 1
1763 27.6378 1
1759 26.2812 1
1752 26.1594 1
1768 25.7285 1
1778 25.1605 1
1795 23.9604 1
1790 23.6221 1
1753 23.1563 1
1756 22.9537 1
1792 22.7940 1
1787 22.7343 1
1774 22.4273 1
1762 20.7662 1
1783 20.6631 1
1788 20.2375 1
1767 19.8487 1
1754 19.3401 1
1776 19.2835 1
1755 19.2295 1
1798 19.1712 1
1750 19.1280 1
1784 18.9563 1
1775 18.7493 1
1785 18.6910 1
1786 18.4769 1
1771 18.4731 1
1799 18.0195 1
1797 18.0029 1
1757 17.9182 1
1779 17.6282 1
1782 17.0053 1
1765 16.4101 1
1773 16.0926 1
1780 15.3928 1
1781 14.9836 1
1793 14.7191 1
1794 14.1980 1
1764 13.9028 1
615 13.5040 0
1770 13.2145 1
1766 12.5185 1
1789 12.2002 1
1761 11.9220 1
1164 11.7984 0
1796 11.6139 1
612 10.6594 0
1184 10.1146 0
1760 9.2772 1
1039 8.5363 0
642 7.9354 0
1946 7.9133 0
1951 7.8609 0
1197 7.8124 0
1396 7.7551 0
26 7.5719 0
1962 7.1212 0
1622 6.9043 0
1777 6.8052 1
1696 6.6512 0
1609 6.6134 0
28 6.5676 0
1170 6.5489 0
1561 6.4062 0
10 6.3202 0
1503 6.2331 0
1598 5.9807 0
254 5.9295 0
0 5.8645 0
706 5.8552 0
637 5.7153 0
1623 5.6781 0
992 5.6744 0
723 5.5621 0
29 5.5118 0
6 5.3872 0
33 5.3251 0
1741 5.2729 0
1158 5.2283 0
1549 5.0992 0
275 4.9908 0
1516 4.8426 0
1157 4.8424 0
1350 4.8142 0
19 4.8116 0
35 4.7876 0
651 4.7699 0
1596 4.7158 0
1584 4.7035 0
1603 4.6683 0
1709 4.6638 0
1152 4.6061 0
1971 4.5434 0
1526 4.4859 0
41 4.4606 0
1574 4.4466 0
271 4.4162 0
1620 4.3773 0
1601 4.3482 0
1500 4.2939 0
1628 4.2730 0
1551 4.2613 0
1599 4.2449 0
1769 4.2007 1
1730 4.1222 0
1595 4.0724 0
1621 4.0486 0
310 4.0409 0
629 4.0188 0
1629 4.0022 0
624 3.9676 0
1031 3.9426 0
736 3.8759 0
1618 3.8152 0
255 3.8035 0
1533 3.8030 0
293 3.7821 0
1580 3.7741 0
1159 3.7612 0
1557 3.7251 0
1274 3.7177 0
632 3.7169 0
1193 3.6950 0
1199 3.6718 0
1186 3.6568 0
711 3.6465 0
1007 3.6462 0
1638 3.5734 0
1897 3.5613 0
3 3.5476 0
1610 3.5069 0
1615 3.5063 0
1510 3.4995 0
1726 3.4851 0
1543 3.4197 0
1452 3.3903 0
27 3.3699 0
22 3.3638 0
646 3.3489 0
1 3.3420 0
682 3.2844 0
1887 3.2550 0
1855 3.2418 0
1535 3.2207 0
1524 3.2190 0
1606 3.2015 0
234 3.1946 0
204 3.1710 0
617 3.1468 0
272 3.1375 0
14 3.1345 0
1604 3.1271 0
1515 3.1174 0
17 3.0948 0
8 3.0940 0
959 3.0934 0
1521 3.0739 0
1547 3.0527 0
1517 3.0295 0
1872 3.0027 0
1182 2.9962 0
1556 2.9722 0
1583 2.9438 0
12 2.9383 0
1252 2.9312 0
147 2.9257 0
1616 2.9090 0
299 2.8964 0
1155 2.8924 0
605 2.8082 0
1737 2.7896 0
47 2.7661 0
1564 2.7395 0
1352 2.7350 0
1570 2.7323 0
1745 2.7172 0
1589 2.7169 0
1502 2.6682 0
1891 2.6407 0
81 2.6401 0
1860 2.6370 0
622 2.6344 0
260 2.6224 0
1567 2.6209 0
1507 2.5985 0
1539 2.5936 0
527 2.5700 0
1579 2.5616 0
643 2.5612 0
46 2.5301 0
583 2.5103 0
1608 2.4862 0
1545 2.4792 0
1722 2.4575 0
613 2.4329 0
1117 2.4243 0
384 2.4232 0
1582 2.3948 0
747 2.3921 0
1525 2.3566 0
1740 2.3519 0
1700 2.3250 0
342 2.3194 0
1353 2.3177 0
230 2.3159 0
1594 2.2969 0
301 2.2652 0
1172 2.2459 0
1835 2.2381 0
1165 2.2328 0
760 2.2262 0
1569 2.2147 0
450 2.2137 0
1736 2.2039 0
644 2.1900 0
1739 2.1829 0
1036 2.1404 0
1987 2.1230 0
968 2.1155 0
813 2.1023 0
1873 2.1018 0
1566 2.0930 0
514 2.0866 0
1833 2.0858 0
1168 2.0696 0
13 2.0587 0
2 2.0579 0
1727 2.0574 0
24 2.0276 0
1644 2.0186 0
1379 2.0091 0
1980 1.9970 0
30 1.9934 0
713 1.9879 0
394 1.9756 0
727 1.9738 0
606 1.9709 0
34 1.9627 0
1734 1.9487 0
601 1.9466 0
630 1.9345 0
1590 1.9338 0
1189 1.9259 0
37 1.9255 0
609 1.8978 0
603 1.8879 0
1643 1.8754 0
38 1.8578 0
616 1.8494 0
1178 1.8423 0
1627 1.8297 0
462 1.8144 0
1614 1.8099 0
1560 1.8033 0
1825 1.8018 0
1965 1.7988 0
641 1.7849 0
883 1.7810 0
742 1.7762 0
1461 1.7752 0
1714 1.7721 0
45 1.7361 0
1732 1.7212 0
1538 1.6912 0
1981 1.6734 0
1536 1.6730 0
51 1.6723 0
127 1.6392 0
1874 1.6084 0
851 1.5922 0
1958 1.5916 0
381 1.5895 0
746 1.5741 0
174 1.5660 0
1358 1.5620 0
1602 1.5580 0
620 1.5558 0
1803 1.5521 0
1725 1.5477 0
1747 1.5477 0
1489 1.5409 0
1195 1.5368 0
98 1.5179 0
1641 1.5150 0
621 1.4878 0
700 1.4851 0
36 1.4840 0
18 1.4743 0
1555 1.4661 0
1325 1.4654 0
1856 1.4634 0
1967 1.4600 0
184 1.4512 0
724 1.4405 0
404 1.4261 0
187 1.4229 0
1925 1.4228 0
63 1.4086 0
717 1.4041 0
1717 1.3979 0
78 1.3694 0
1012 1.3661 0
692 1.3651 0
1096 1.3571 0
1504 1.3519 0
1593 1.3435 0
1037 1.3421 0
1986 1.3325 0
961 1.3282 0
16 1.3277 0
1613 1.3231 0
286 1.3016 0
1581 1.2834 0
1486 1.2820 0
1150 1.2723 0
9 1.2575 0
653 1.2561 0
60 1.2538 0
1294 1.2297 0
873 1.2153 0
728 1.2117 0
1830 1.2117 0
1552 1.2021 0
387 1.1782 0
833 1.1657 0
732 1.1569 0
93 1.1532 0
1942 1.1473 0
192 1.1431 0
702 1.1310 0
1493 1.1235 0
355 1.1234 0
1826 1.1222 0
633 1.1193 0
42 1.1140 0
1708 1.1098 0
101 1.0910 0
1636 1.0884 0
899 1.0769 0
712 1.0547 0
232 1.0410 0
469 1.0284 0
70 1.0237 0
1048 1.0168 0
1154 1.0146 0
4 1.0044 0
1351 1.0028 0
1625 1.0022 0
125 1.0002 0
878 0.9993 0
679 0.9987 0
1506 0.9979 0
1026 0.9978 0
1541 0.9941 0
1712 0.9839 0
1626 0.9821 0
574 0.9686 0
1188 0.9607 0
1611 0.9605 0
15 0.9564 0
65 0.9522 0
281 0.9492 0
1713 0.9487 0
667 0.9439 0
1390 0.9343 0
1459 0.9127 0
1984 0.8834 0
257 0.8786 0
360 0.8759 0
1648 0.8632 0
1192 0.8596 0
291 0.8596 0
1600 0.8590 0
1978 0.8570 0
1997 0.8368 0
253 0.8348 0
1979 0.8284 0
1743 0.8237 0
205 0.8125 0
1307 0.8082 0
1161 0.8031 0
1334 0.7883 0
1509 0.7866 0
765 0.7858 0
722 0.7843 0
84 0.7743 0
1577 0.7742 0
958 0.7723 0
1910 0.7694 0
1388 0.7670 0
737 0.7657 0
1639 0.7604 0
1355 0.7508 0
1532 0.7445 0
716 0.7438 0
39 0.7436 0
744 0.7279 0
838 0.7045 0
1824 0.7038 0
76 0.7001 0
424 0.6990 0
1665 0.6948 0
1703 0.6773 0
350 0.6678 0
1571 0.6676 0
1908 0.6664 0
1546 0.6561 0
1715 0.6552 0
399 0.6551 0
1040 0.6533 0
1467 0.6486 0
1162 0.6457 0
1972 0.6437 0
55 0.6416 0
1956 0.6262 0
132 0.6215 0
1645 0.6179 0
686 0.6166 0
1823 0.5805 0
1321 0.5781 0
1724 0.5733 0
1314 0.5654 0
82 0.5645 0
1961 0.5496 0
31 0.5491 0
638 0.5425 0
273 0.5404 0
518 0.5288 0
1511 0.5262 0
357 0.5187 0
550 0.5112 0
1563 0.4941 0
749 0.4883 0
688 0.4872 0
1316 0.4854 0
43 0.4853 0
522 0.4847 0
1496 0.4796 0
295 0.4785 0
591 0.4770 0
1398 0.4760 0
11 0.4601 0
989 0.4581 0
741 0.4499 0
1153 0.4358 0
1268 0.4288 0
726 0.4051 0
25 0.3966 0
1973 0.3699 0
623 0.3620 0
604 0.3565 0
1718 0.3505 0
1176 0.3488 0
1527 0.3450 0
356 0.3441 0
207 0.3436 0
1354 0.3409 0
934 0.3314 0
1179 0.3293 0
482 0.3268 0
939 0.3208 0
1749 0.3139 0
1721 0.3121 0
721 0.2961 0
1468 0.2875 0
1190 0.2850 0
598 0.2479 0
1553 0.2443 0
590 0.2386 0
1977 0.2359 0
1028 0.2259 0
677 0.2251 0
571 0.2250 0
1023 0.2172 0
1573 0.2067 0
892 0.2043 0
600 0.1966 0
1464 0.1934 0
1807 0.1896 0
1185 0.1776 0
1171 0.1727 0
698 0.1578 0
7 0.1497 0
1892 0.1467 0
509 0.1430 0
211 0.1382 0
160 0.1363 0
1529 0.1344 0
5 0.1263 0
1994 0.1180 0
1138 0.1178 0
48 0.1137 0
670 0.1133 0
1315 0.1122 0
1518 0.1107 0
1262 0.1027 0
373 0.1027 0
1804 0.1013 0
431 0.0965 0
156 0.0944 0
1815 0.0917 0
370 0.0840 0
1960 0.0712 0
1301 0.0710 0
1849 0.0701 0
1463 0.0500 0
862 0.0491 0
1711 0.0475 0
1820 0.0447 0
515 0.0419 0
107 0.0384 0
566 0.0274 0
1607 0.0247 0
161 0.0229 0
647 -0.0014 0
368 -0.0154 0
1723 -0.0191 0
1004 -0.0362 0
1269 -0.0378 0
23 -0.0453 0
1042 -0.0460 0
1014 -0.0481 0
1458 -0.0686 0
1857 -0.0702 0
114 -0.0729 0
1993 -0.0747 0
56 -0.0781 0
903 -0.0833 0
349 -0.0846 0
541 -0.0859 0
1894 -0.0932 0
235 -0.0937 0
649 -0.1000 0
1534 -0.1115 0
256 -0.1215 0
857 -0.1232 0
1898 -0.1273 0
1476 -0.1281 0
1586 -0.1286 0
383 -0.1347 0
1955 -0.1376 0
148 -0.1403 0
1576 -0.1416 0
584 -0.1445 0
1702 -0.1511 0
575 -0.1544 0
263 -0.1550 0
870 -0.1635 0
456 -0.1783 0
1633 -0.1830 0
1919 -0.1995 0
1196 -0.2117 0
1559 -0.2185 0
262 -0.2295 0
258 -0.2408 0
544 -0.2457 0
21 -0.2509 0
1260 -0.2565 0
1650 -0.2572 0
650 -0.2667 0
40 -0.2799 0
1646 -0.2813 0
1963 -0.2907 0
991 -0.2929 0
330 -0.3033 0
822 -0.3208 0
242 -0.3227 0
446 -0.3257 0
1035 -0.3351 0
1181 -0.3363 0
826 -0.3432 0
780 -0.3504 0
117 -0.3509 0
208 -0.3550 0
897 -0.3612 0
542 -0.3720 0
704 -0.3839 0
1999 -0.3844 0
1395 -0.3851 0
1592 -0.3866 0
261 -0.3884 0
1380 -0.3931 0
1377 -0.3951 0
709 -0.4007 0
1841 -0.4060 0
1901 -0.4155 0
1854 -0.4169 0
283 -0.4178 0
1049 -0.4244 0
719 -0.4246 0
331 -0.4256 0
1612 -0.4256 0
236 -0.4411 0
200 -0.4428 0
1701 -0.4438 0
868 -0.4446 0
391 -0.4517 0
270 -0.4600 0
1393 -0.4631 0
1950 -0.4707 0
111 -0.4741 0
909 -0.4784 0
994 -0.4874 0
1929 -0.4955 0
1473 -0.4971 0
1742 -0.4976 0
472 -0.5015 0
89 -0.5057 0
1558 -0.5144 0
1025 -0.5169 0
209 -0.5202 0
1457 -0.5296 0
276 -0.5309 0
316 -0.5357 0
876 -0.5401 0
1531 -0.5429 0
734 -0.5445 0
1204 -0.5451 0
1686 -0.5451 0
1834 -0.5469 0
1231 -0.5478 0
570 -0.5514 0
1544 -0.5539 0
302 -0.5567 0
1863 -0.5771 0
663 -0.5900 0
1020 -0.5958 0
487 -0.5983 0
1913 -0.6025 0
964 -0.6044 0
1707 -0.6075 0
1617 -0.6097 0
1836 -0.6191 0
265 -0.6204 0
1202 -0.6489 0
1974 -0.6594 0
57 -0.6603 0
1044 -0.6623 0
289 -0.6653 0
1896 -0.6702 0
1954 -0.6723 0
1995 -0.6769 0
707 -0.6806 0
351 -0.6857 0
92 -0.6961 0
407 -0.7015 0
635 -0.7068 0
610 -0.7100 0
1365 -0.7200 0
1885 -0.7325 0
1953 -0.7327 0
1821 -0.7390 0
976 -0.7481 0
1540 -0.7507 0
1634 -0.7522 0
1344 -0.7568 0
1424 -0.7569 0
1640 -0.7770 0
359 -0.7772 0
695 -0.7791 0
508 -0.7834 0
1905 -0.7982 0
520 -0.8046 0
1043 -0.8056 0
608 -0.8105 0
850 -0.8117 0
252 -0.8260 0
1632 -0.8268 0
1689 -0.8315 0
1266 -0.8336 0
49 -0.8383 0
1728 -0.8413 0
1921 -0.8666 0
497 -0.8692 0
526 -0.8695 0
97 -0.8700 0
441 -0.8759 0
290 -0.8794 0
1145 -0.8801 0
1173 -0.8833 0
1513 -0.8847 0
1948 -0.8864 0
884 -0.8889 0
309 -0.8961 0
154 -0.9017 0
521 -0.9040 0
1322 -0.9068 0
963 -0.9148 0
1693 -0.9151 0
1347 -0.9161 0
895 -0.9190 0
1107 -0.9357 0
1989 -0.9390 0
1568 -0.9419 0
634 -0.9432 0
1684 -0.9441 0
1298 -0.9470 0
366 -0.9704 0
1041 -0.9762 0
1915 -0.9777 0
990 -0.9779 0
380 -0.9812 0
486 -0.9838 0
540 -0.9856 0
389 -0.9885 0
1402 -0.9897 0
738 -0.9964 0
1328 -0.9966 0
1303 -0.9989 0
44 -0.9995 0
1587 -1.0027 0
1923 -1.0056 0
1177 -1.0102 0
1480 -1.0130 0
149 -1.0141 0
731 -1.0151 0
134 -1.0176 0
1918 -1.0183 0
1124 -1.0236 0
977 -1.0272 0
190 -1.0288 0
1280 -1.0306 0
1937 -1.0327 0
781 -1.0339 0
1360 -1.0343 0
1944 -1.0456 0
1340 -1.0460 0
203 -1.0467 0
451 -1.0494 0
1814 -1.0546 0
611 -1.0597 0
91 -1.0599 0
485 -1.0611 0
1542 -1.0625 0
1914 -1.0627 0
83 -1.0641 0
1682 -1.0652 0
853 -1.0742 0
1106 -1.0755 0
607 -1.0769 0
503 -1.0824 0
549 -1.0826 0
304 -1.0853 0
1497 -1.0854 0
1175 -1.0919 0
965 -1.0941 0
353 -1.1035 0
1733 -1.1052 0
367 -1.1105 0
410 -1.1106 0
1930 -1.1106 0
771 -1.1141 0
267 -1.1211 0
1588 -1.1244 0
1537 -1.1255 0
539 -1.1307 0
1512 -1.1334 0
1690 -1.1345 0
1899 -1.1438 0
863 -1.1505 0
1847 -1.1511 0
710 -1.1530 0
1970 -1.1541 0
59 -1.1543 0
1562 -1.1581 0
305 -1.1591 0
504 -1.1728 0
847 -1.1735 0
386 -1.1821 0
947 -1.1822 0
1969 -1.1907 0
1256 -1.1941 0
953 -1.1946 0
936 -1.1982 0
1530 -1.2019 0
1438 -1.2024 0
1647 -1.2084 0
1656 -1.2112 0
655 -1.2138 0
88 -1.2187 0
1909 -1.2223 0
648 -1.2249 0
358 -1.2325 0
1469 -1.2356 0
69 -1.2383 0
1926 -1.2402 0
285 -1.2506 0
1018 -1.2520 0
1802 -1.2530 0
1471 -1.2550 0
628 -1.2622 0
834 -1.2626 0
1361 -1.2649 0
1299 -1.2655 0
1484 -1.2677 0
523 -1.2689 0
510 -1.2744 0
1964 -1.2758 0
1624 -1.2775 0
1187 -1.2868 0
1688 -1.2895 0
614 -1.2908 0
691 -1.2913 0
501 -1.2948 0
50 -1.3004 0
352 -1.3180 0
1263 -1.3233 0
96 -1.3237 0
1005 -1.3270 0
1528 -1.3296 0
58 -1.3434 0
141 -1.3446 0
266 -1.3463 0
1840 -1.3467 0
1488 -1.3504 0
1453 -1.3578 0
1882 -1.3600 0
1811 -1.3647 0
118 -1.3688 0
1871 -1.3711 0
1996 -1.3745 0
463 -1.3754 0
871 -1.3771 0
158 -1.3806 0
1991 -1.3871 0
1312 -1.3936 0
690 -1.3940 0
1523 -1.4000 0
61 -1.4034 0
1450 -1.4078 0
247 -1.4142 0
1369 -1.4181 0
1731 -1.4231 0
981 -1.4249 0
1945 -1.4256 0
20 -1.4288 0
189 -1.4353 0
1844 -1.4430 0
375 -1.4480 0
1851 -1.4481 0
362 -1.4484 0
1578 -1.4495 0
1151 -1.4594 0
396 -1.4598 0
860 -1.4598 0
171 -1.4633 0
1302 -1.4660 0
227 -1.4673 0
1295 -1.4726 0
578 -1.4726 0
1242 -1.4771 0
393 -1.4771 0
1491 -1.4890 0
130 -1.4946 0
568 -1.4970 0
1244 -1.5016 0
198 -1.5020 0
1630 -1.5023 0
666 -1.5034 0
1288 -1.5080 0
1009 -1.5140 0
115 -1.5186 0
1637 -1.5195 0
416 -1.5223 0
167 -1.5230 0
371 -1.5299 0
553 -1.5374 0
1277 -1.5388 0
1889 -1.5391 0
1418 -1.5394 0
619 -1.5498 0
1853 -1.5609 0
1947 -1.5615 0
126 -1.5650 0
1968 -1.5698 0
567 -1.5764 0
1029 -1.5783 0
730 -1.5784 0
1387 -1.5800 0
1819 -1.5813 0
339 -1.5838 0
534 -1.5859 0
1746 -1.5896 0
973 -1.5924 0
222 -1.5946 0
1597 -1.6000 0
573 -1.6042 0
1829 -1.6079 0
1591 -1.6113 0
1000 -1.6124 0
465 -1.6127 0
233 -1.6146 0
701 -1.6155 0
86 -1.6164 0
777 -1.6204 0
1038 -1.6208 0
1550 -1.6246 0
419 -1.6475 0
382 -1.6492 0
1010 -1.6525 0
654 -1.6563 0
725 -1.6565 0
392 -1.6615 0
887 -1.6640 0
1680 -1.6669 0
552 -1.6693 0
1729 -1.6720 0
729 -1.6743 0
1024 -1.6864 0
1075 -1.6911 0
1021 -1.6918 0
413 -1.6957 0
1828 -1.7050 0
377 -1.7058 0
1146 -1.7064 0
374 -1.7107 0
395 -1.7118 0
788 -1.7164 0
388 -1.7165 0
426 -1.7169 0
317 -1.7174 0
1290 -1.7233 0
491 -1.7249 0
599 -1.7361 0
1183 -1.7492 0
1738 -1.7506 0
1371 -1.7532 0
221 -1.7560 0
1704 -1.7695 0
1386 -1.7696 0
693 -1.7709 0
131 -1.7718 0
64 -1.7789 0
239 -1.7797 0
1907 -1.7799 0
332 -1.7802 0
1383 -1.7831 0
1505 -1.7882 0
969 -1.7996 0
1940 -1.8003 0
930 -1.8020 0
1289 -1.8063 0
238 -1.8067 0
1483 -1.8119 0
121 -1.8151 0
1246 -1.8171 0
1019 -1.8215 0
467 -1.8219 0
308 -1.8267 0
1372 -1.8310 0
1474 -1.8333 0
1169 -1.8355 0
343 -1.8379 0
978 -1.8418 0
68 -1.8420 0
1514 -1.8445 0
1013 -1.8478 0
220 -1.8514 0
142 -1.8536 0
1886 -1.8574 0
660 -1.8604 0
1462 -1.8605 0
32 -1.8648 0
587 -1.8714 0
1008 -1.8714 0
1805 -1.8715 0
297 -1.8727 0
280 -1.8777 0
72 -1.8790 0
1382 -1.8831 0
1572 -1.9003 0
1975 -1.9006 0
1101 -1.9040 0
212 -1.9086 0
1631 -1.9125 0
999 -1.9129 0
298 -1.9147 0
561 -1.9183 0
809 -1.9222 0
215 -1.9233 0
143 -1.9264 0
548 -1.9340 0
1332 -1.9341 0
1222 -1.9390 0
1692 -1.9401 0
1460 -1.9423 0
1927 -1.9527 0
1678 -1.9583 0
1166 -1.9625 0
201 -1.9637 0
1381 -1.9644 0
1180 -1.9669 0
743 -1.9686 0
1219 -1.9762 0
1931 -1.9809 0
183 -1.9862 0
1310 -1.9932 0
1378 -1.9937 0
888 -1.9980 0
669 -2.0093 0
1309 -2.0109 0
279 -2.0111 0
1990 -2.0122 0
307 -2.0126 0
678 -2.0213 0
185 -2.0240 0
1902 -2.0273 0
1890 -2.0452 0
1800 -2.0455 0
1508 -2.0460 0
1735 -2.0466 0
538 -2.0474 0
1032 -2.0480 0
1917 -2.0522 0
740 -2.0604 0
705 -2.0671 0
1520 -2.0675 0
138 -2.0676 0
1619 -2.0681 0
449 -2.0689 0
926 -2.0702 0
1121 -2.0706 0
376 -2.0716 0
340 -2.0738 0
1827 -2.0744 0
773 -2.0763 0
1817 -2.0767 0
1869 -2.0772 0
864 -2.0796 0
627 -2.0826 0
1667 -2.0831 0
397 -2.0858 0
176 -2.0940 0
277 -2.0980 0
1255 -2.1013 0
1687 -2.1139 0
1006 -2.1144 0
805 -2.1162 0
877 -2.1187 0
1706 -2.1198 0
217 -2.1208 0
739 -2.1211 0
1045 -2.1238 0
532 -2.1255 0
77 -2.1261 0
1672 -2.1276 0
972 -2.1291 0
993 -2.1303 0
1167 -2.1305 0
1548 -2.1323 0
478 -2.1323 0
1635 -2.1363 0
1305 -2.1460 0
172 -2.1470 0
1519 -2.1527 0
1392 -2.1554 0
543 -2.1555 0
1330 -2.1638 0
1016 -2.1652 0
1300 -2.1668 0
80 -2.1687 0
452 -2.1759 0
748 -2.1777 0
53 -2.1847 0
1140 -2.1876 0
1565 -2.1891 0
770 -2.1913 0
882 -2.1985 0
1046 -2.1986 0
1651 -2.2065 0
1389 -2.2079 0
867 -2.2106 0
755 -2.2121 0
1125 -2.2134 0
1430 -2.2217 0
1346 -2.2235 0
1451 -2.2266 0
1304 -2.2377 0
414 -2.2383 0
1998 -2.2390 0
782 -2.2399 0
1893 -2.2400 0
54 -2.2430 0
1213 -2.2460 0
412 -2.2475 0
124 -2.2525 0
1001 -2.2592 0
733 -2.2600 0
983 -2.2612 0
985 -2.2659 0
1027 -2.2666 0
1324 -2.2695 0
1662 -2.2707 0
177 -2.2749 0
1408 -2.2757 0
699 -2.2767 0
1011 -2.2795 0
1716 -2.2873 0
259 -2.2881 0
1858 -2.2911 0
626 -2.2922 0
1883 -2.2929 0
269 -2.2933 0
1983 -2.2945 0
1801 -2.2951 0
1279 -2.3044 0
1349 -2.3047 0
1813 -2.3068 0
928 -2.3096 0
585 -2.3118 0
1034 -2.3172 0
640 -2.3190 0
454 -2.3191 0
960 -2.3196 0
1174 -2.3206 0
1966 -2.3266 0
237 -2.3289 0
1867 -2.3345 0
987 -2.3416 0
1481 -2.3421 0
1132 -2.3425 0
1928 -2.3438 0
759 -2.3481 0
1126 -2.3489 0
1487 -2.3499 0
432 -2.3554 0
1949 -2.3567 0
284 -2.3586 0
250 -2.3672 0
1394 -2.3675 0
1114 -2.3701 0
135 -2.3723 0
1287 -2.3729 0
962 -2.3749 0
248 -2.3765 0
1215 -2.3767 0
1191 -2.3778 0
1959 -2.3793 0
475 -2.3811 0
1033 -2.3841 0
1475 -2.3846 0
720 -2.3906 0
103 -2.3953 0
1699 -2.4016 0
846 -2.4077 0
753 -2.4081 0
249 -2.4145 0
354 -2.4156 0
1839 -2.4157 0
546 -2.4162 0
1660 -2.4167 0
495 -2.4182 0
1605 -2.4212 0
447 -2.4255 0
145 -2.4277 0
1345 -2.4353 0
1939 -2.4360 0
536 -2.4407 0
745 -2.4414 0
1988 -2.4443 0
933 -2.4530 0
229 -2.4540 0
314 -2.4657 0
363 -2.4691 0
1331 -2.4701 0
1313 -2.4712 0
1270 -2.4736 0
1366 -2.4812 0
1320 -2.4927 0
155 -2.4980 0
1404 -2.5038 0
1943 -2.5043 0
225 -2.5061 0
586 -2.5190 0
1254 -2.5247 0
224 -2.5265 0
778 -2.5275 0
102 -2.5275 0
264 -2.5283 0
1447 -2.5339 0
1666 -2.5355 0
113 -2.5356 0
300 -2.5360 0
1258 -2.5395 0
429 -2.5449 0
1225 -2.5474 0
1719 -2.5478 0
956 -2.5494 0
338 -2.5513 0
789 -2.5514 0
1281 -2.5524 0
458 -2.5527 0
1203 -2.5539 0
708 -2.5543 0
245 -2.5554 0
169 -2.5608 0
1160 -2.5624 0
1385 -2.5653 0
1401 -2.5664 0
180 -2.5666 0
369 -2.5673 0
1934 -2.5680 0
703 -2.5701 0
547 -2.5719 0
558 -2.5726 0
163 -2.5748 0
645 -2.5750 0
1420 -2.5839 0
786 -2.5852 0
807 -2.5856 0
345 -2.5886 0
1163 -2.5955 0
1903 -2.5985 0
787 -2.6021 0
347 -2.6023 0
1130 -2.6077 0
800 -2.6102 0
411 -2.6151 0
364 -2.6166 0
108 -2.6196 0
1275 -2.6266 0
422 -2.6308 0
945 -2.6339 0
891 -2.6361 0
576 -2.6364 0
1848 -2.6413 0
998 -2.6427 0
1575 -2.6439 0
122 -2.6489 0
1501 -2.6490 0
1439 -2.6522 0
1982 -2.6531 0
1492 -2.6594 0
1327 -2.6625 0
480 -2.6651 0
1912 -2.6679 0
246 -2.6742 0
1200 -2.6808 0
329 -2.6812 0
865 -2.6866 0
379 -2.6869 0
1286 -2.6888 0
365 -2.6889 0
1911 -2.6922 0
511 -2.6933 0
823 -2.6942 0
1265 -2.6964 0
1843 -2.7073 0
175 -2.7089 0
178 -2.7096 0
1668 -2.7177 0
565 -2.7179 0
804 -2.7180 0
385 -2.7200 0
843 -2.7265 0
1808 -2.7312 0
1057 -2.7324 0
327 -2.7342 0
1904 -2.7351 0
524 -2.7402 0
856 -2.7429 0
1932 -2.7431 0
1311 -2.7476 0
1679 -2.7518 0
1744 -2.7526 0
1478 -2.7526 0
841 -2.7535 0
197 -2.7564 0
1338 -2.7658 0
311 -2.7709 0
67 -2.7710 0
1064 -2.7755 0
872 -2.7768 0
1922 -2.7784 0
1015 -2.7801 0
90 -2.7848 0
988 -2.7908 0
1250 -2.7918 0
984 -2.7945 0
1842 -2.7956 0
62 -2.7958 0
1108 -2.7961 0
924 -2.7979 0
505 -2.7987 0
560 -2.7987 0
967 -2.7987 0
913 -2.8028 0
1455 -2.8029 0
594 -2.8054 0
1816 -2.8063 0
922 -2.8117 0
593 -2.8138 0
1306 -2.8178 0
952 -2.8243 0
1261 -2.8269 0
1022 -2.8452 0
1206 -2.8456 0
1864 -2.8458 0
1329 -2.8462 0
1229 -2.8467 0
1880 -2.8521 0
420 -2.8542 0
683 -2.8594 0
1477 -2.8603 0
951 -2.8605 0
1705 -2.8633 0
1248 -2.8641 0
1900 -2.8657 0
146 -2.8687 0
1642 -2.8709 0
551 -2.8755 0
336 -2.8764 0
182 -2.8791 0
1339 -2.8813 0
1139 -2.8878 0
52 -2.8931 0
1357 -2.8963 0
1112 -2.8991 0
1427 -2.9004 0
1669 -2.9031 0
1494 -2.9043 0
157 -2.9061 0
1323 -2.9132 0
1156 -2.9165 0
1194 -2.9166 0
484 -2.9182 0
483 -2.9205 0
288 -2.9243 0
1283 -2.9264 0
1499 -2.9323 0
162 -2.9348 0
1866 -2.9413 0
287 -2.9425 0
1128 -2.9449 0
696 -2.9502 0
152 -2.9510 0
1992 -2.9524 0
423 -2.9544 0
104 -2.9550 0
1317 -2.9555 0
1335 -2.9583 0
735 -2.9593 0
1585 -2.9640 0
757 -2.9660 0
900 -2.9691 0
954 -2.9702 0
436 -2.9764 0
488 -2.9807 0
1376 -2.9815 0
1068 -2.9818 0
694 -2.9819 0
194 -2.9861 0
802 -2.9884 0
1397 -2.9913 0
917 -2.9938 0
715 -3.0006 0
320 -3.0073 0
1952 -3.0079 0
1444 -3.0190 0
398 -3.0269 0
979 -3.0287 0
880 -3.0297 0
140 -3.0298 0
120 -3.0312 0
1333 -3.0324 0
406 -3.0328 0
631 -3.0349 0
1002 -3.0385 0
986 -3.0400 0
79 -3.0403 0
128 -3.0420 0
577 -3.0442 0
219 -3.0604 0
811 -3.0632 0
1985 -3.0642 0
1831 -3.0682 0
1276 -3.0698 0
697 -3.0711 0
337 -3.0712 0
1257 -3.0768 0
403 -3.0781 0
1681 -3.0810 0
341 -3.0833 0
1416 -3.0877 0
502 -3.0881 0
837 -3.0883 0
768 -3.0893 0
303 -3.0897 0
474 -3.0959 0
970 -3.0972 0
346 -3.1006 0
881 -3.1039 0
852 -3.1049 0
251 -3.1074 0
85 -3.1136 0
1234 -3.1172 0
672 -3.1190 0
772 -3.1233 0
896 -3.1279 0
110 -3.1310 0
1264 -3.1436 0
849 -3.1480 0
842 -3.1517 0
1490 -3.1599 0
438 -3.1623 0
1428 -3.1626 0
1470 -3.1647 0
955 -3.1663 0
1399 -3.1697 0
618 -3.1722 0
1649 -3.1729 0
1653 -3.1733 0
94 -3.1754 0
99 -3.1766 0
71 -3.1796 0
1336 -3.1801 0
1846 -3.1833 0
718 -3.1877 0
106 -3.1884 0
824 -3.1945 0
775 -3.1987 0
1093 -3.2035 0
1104 -3.2064 0
1129 -3.2093 0
74 -3.2120 0
442 -3.2208 0
206 -3.2231 0
1671 -3.2272 0
1218 -3.2317 0
751 -3.2339 0
885 -3.2347 0
1720 -3.2359 0
1694 -3.2363 0
1214 -3.2389 0
1356 -3.2398 0
1143 -3.2429 0
937 -3.2439 0
537 -3.2496 0
306 -3.2511 0
1076 -3.2527 0
905 -3.2568 0
1364 -3.2590 0
1216 -3.2600 0
1211 -3.2615 0
794 -3.2623 0
437 -3.2647 0
1818 -3.2671 0
1391 -3.2695 0
1109 -3.2711 0
1935 -3.2732 0
243 -3.2746 0
845 -3.2765 0
636 -3.2778 0
95 -3.2781 0
1434 -3.2802 0
1243 -3.2806 0
1343 -3.2893 0
1282 -3.2941 0
919 -3.2954 0
1134 -3.2985 0
840 -3.2985 0
1318 -3.3014 0
555 -3.3038 0
1228 -3.3075 0
1326 -3.3094 0
1710 -3.3132 0
105 -3.3178 0
1368 -3.3199 0
315 -3.3208 0
932 -3.3213 0
790 -3.3219 0
795 -3.3295 0
1924 -3.3357 0
1111 -3.3414 0
136 -3.3425 0
241 -3.3497 0
1812 -3.3518 0
971 -3.3610 0
328 -3.3663 0
1142 -3.3689 0
898 -3.3692 0
313 -3.3736 0
1115 -3.3820 0
656 -3.3859 0
941 -3.3881 0
1067 -3.3891 0
75 -3.3930 0
466 -3.4006 0
1838 -3.4021 0
430 -3.4064 0
816 -3.4271 0
1654 -3.4285 0
848 -3.4355 0
779 -3.4356 0
975 -3.4428 0
982 -3.4543 0
1272 -3.4561 0
1877 -3.4591 0
1061 -3.4602 0
836 -3.4618 0
1137 -3.4644 0
996 -3.4662 0
596 -3.4666 0
1432 -3.4722 0
1881 -3.4751 0
1292 -3.4759 0
1482 -3.4776 0
1658 -3.4814 0
1655 -3.4826 0
1123 -3.4827 0
425 -3.4855 0
1374 -3.4857 0
1047 -3.4871 0
191 -3.4948 0
1485 -3.4948 0
168 -3.5002 0
808 -3.5034 0
244 -3.5072 0
1241 -3.5131 0
995 -3.5277 0
453 -3.5316 0
129 -3.5328 0
1422 -3.5336 0
1201 -3.5367 0
920 -3.5402 0
324 -3.5406 0
1249 -3.5411 0
493 -3.5507 0
639 -3.5539 0
908 -3.5601 0
112 -3.5665 0
1058 -3.5687 0
1084 -3.5748 0
464 -3.5781 0
1862 -3.5794 0
428 -3.5802 0
1017 -3.5845 0
1938 -3.5880 0
292 -3.5954 0
1498 -3.5967 0
1370 -3.6044 0
421 -3.6094 0
223 -3.6109 0
817 -3.6116 0
1670 -3.6153 0
471 -3.6183 0
797 -3.6185 0
196 -3.6244 0
1308 -3.6287 0
1465 -3.6332 0
513 -3.6354 0
525 -3.6360 0
1433 -3.6372 0
927 -3.6420 0
890 -3.6422 0
533 -3.6443 0
335 -3.6474 0
199 -3.6520 0
278 -3.6523 0
1205 -3.6529 0
1296 -3.6634 0
323 -3.6665 0
1868 -3.6697 0
980 -3.6709 0
1936 -3.6711 0
1456 -3.6730 0
1273 -3.6734 0
798 -3.6802 0
1976 -3.6882 0
915 -3.7044 0
499 -3.7077 0
165 -3.7099 0
1144 -3.7216 0
1253 -3.7285 0
500 -3.7285 0
1030 -3.7343 0
1363 -3.7359 0
859 -3.7404 0
1359 -3.7422 0
1373 -3.7446 0
1056 -3.7454 0
1865 -3.7475 0
1403 -3.7541 0
116 -3.7550 0
916 -3.7591 0
507 -3.7619 0
950 -3.7657 0
793 -3.7671 0
974 -3.7728 0
1102 -3.7747 0
588 -3.7754 0
193 -3.7781 0
1920 -3.7798 0
921 -3.7826 0
912 -3.7959 0
673 -3.7992 0
1674 -3.8014 0
528 -3.8076 0
531 -3.8127 0
1861 -3.8155 0
1691 -3.8190 0
468 -3.8276 0
806 -3.8282 0
512 -3.8291 0
681 -3.8423 0
1657 -3.8427 0
799 -3.8453 0
435 -3.8481 0
1087 -3.8505 0
1888 -3.8518 0
929 -3.8519 0
1748 -3.8574 0
268 -3.8574 0
1409 -3.8728 0
1367 -3.8772 0
133 -3.8779 0
901 -3.8789 0
1238 -3.8836 0
1466 -3.8901 0
752 -3.8950 0
966 -3.8952 0
1933 -3.8969 0
687 -3.9034 0
766 -3.9116 0
1845 -3.9157 0
1122 -3.9200 0
1078 -3.9209 0
164 -3.9227 0
519 -3.9235 0
754 -3.9246 0
325 -3.9277 0
1426 -3.9347 0
1479 -3.9421 0
1069 -3.9422 0
756 -3.9449 0
1698 -3.9449 0
1495 -3.9488 0
417 -3.9520 0
564 -3.9522 0
1875 -3.9568 0
1131 -3.9621 0
1437 -3.9637 0
139 -3.9643 0
556 -3.9681 0
1259 -3.9684 0
595 -3.9695 0
1237 -3.9813 0
274 -3.9848 0
1284 -3.9872 0
213 -3.9877 0
319 -3.9929 0
1677 -3.9953 0
1406 -3.9995 0
378 -4.0007 0
714 -4.0024 0
535 -4.0030 0
758 -4.0037 0
938 -4.0051 0
1226 -4.0064 0
657 -4.0091 0
792 -4.0139 0
231 -4.0180 0
1148 -4.0194 0
855 -4.0201 0
1073 -4.0266 0
1425 -4.0267 0
1410 -4.0267 0
218 -4.0379 0
282 -4.0385 0
1092 -4.0397 0
1906 -4.0431 0
361 -4.0522 0
569 -4.0567 0
907 -4.0617 0
496 -4.0623 0
1220 -4.0639 0
179 -4.0641 0
1297 -4.0654 0
1652 -4.0738 0
296 -4.0740 0
1066 -4.0800 0
1245 -4.0902 0
415 -4.0924 0
1375 -4.0927 0
1850 -4.0949 0
1876 -4.0978 0
1127 -4.0996 0
1085 -4.1007 0
1554 -4.1031 0
889 -4.1065 0
529 -4.1072 0
997 -4.1091 0
832 -4.1130 0
440 -4.1151 0
1878 -4.1164 0
1809 -4.1164 0
481 -4.1194 0
545 -4.1206 0
893 -4.1223 0
1236 -4.1246 0
830 -4.1273 0
597 -4.1302 0
1449 -4.1331 0
828 -4.1397 0
1086 -4.1400 0
137 -4.1433 0
1051 -4.1438 0
1859 -4.1517 0
1223 -4.1564 0
517 -4.1593 0
372 -4.1597 0
1239 -4.1614 0
123 -4.1625 0
869 -4.1711 0
1224 -4.1750 0
1119 -4.1773 0
875 -4.1806 0
1060 -4.1864 0
750 -4.1921 0
1342 -4.2051 0
1118 -4.2061 0
153 -4.2079 0
1207 -4.2232 0
1212 -4.2422 0
1095 -4.2430 0
1879 -4.2459 0
506 -4.2558 0
1062 -4.2585 0
1054 -4.2590 0
460 -4.2785 0
433 -4.2787 0
1081 -4.2876 0
186 -4.2959 0
625 -4.3080 0
151 -4.3091 0
589 -4.3116 0
1895 -4.3126 0
1341 -4.3158 0
839 -4.3194 0
1472 -4.3218 0
818 -4.3373 0
344 -4.3390 0
1832 -4.3502 0
1100 -4.3536 0
1319 -4.3546 0
489 -4.3551 0
1659 -4.3554 0
159 -4.3657 0
1407 -4.3718 0
1105 -4.3842 0
1230 -4.3860 0
166 -4.3892 0
858 -4.3926 0
444 -4.3930 0
829 -4.3949 0
902 -4.3962 0
949 -4.3976 0
1440 -4.4032 0
1806 -4.4039 0
796 -4.4256 0
814 -4.4270 0
1454 -4.4334 0
785 -4.4381 0
815 -4.4445 0
294 -4.4456 0
894 -4.4473 0
1852 -4.4513 0
401 -4.4569 0
1209 -4.4573 0
443 -4.4649 0
1429 -4.4821 0
1443 -4.4844 0
559 -4.4909 0
783 -4.5048 0
784 -4.5067 0
940 -4.5191 0
492 -4.5200 0
1446 -4.5228 0
195 -4.5245 0
470 -4.5302 0
1210 -4.5316 0
1198 -4.5456 0
861 -4.5574 0
1247 -4.5679 0
1675 -4.5714 0
333 -4.5846 0
1810 -4.5883 0
1053 -4.5900 0
439 -4.5936 0
918 -4.5980 0
664 -4.6072 0
312 -4.6084 0
1941 -4.6154 0
150 -4.6221 0
1208 -4.6233 0
1884 -4.6244 0
216 -4.6430 0
1267 -4.6554 0
1291 -4.6589 0
835 -4.6662 0
659 -4.6664 0
791 -4.6794 0
1442 -4.6876 0
948 -4.6963 0
1348 -4.6965 0
321 -4.6985 0
448 -4.6992 0
1661 -4.6997 0
1071 -4.7063 0
1278 -4.7126 0
944 -4.7137 0
87 -4.7165 0
1522 -4.7183 0
434 -4.7328 0
925 -4.7337 0
322 -4.7345 0
210 -4.7474 0
671 -4.7521 0
1362 -4.7525 0
476 -4.7543 0
652 -4.7561 0
1916 -4.7721 0
827 -4.7777 0
831 -4.7814 0
1337 -4.7902 0
144 -4.7975 0
554 -4.7976 0
1079 -4.8000 0
935 -4.8104 0
854 -4.8136 0
803 -4.8187 0
1072 -4.8212 0
1448 -4.8255 0
821 -4.8405 0
1098 -4.8496 0
348 -4.8631 0
923 -4.8671 0
1113 -4.8695 0
689 -4.8730 0
1293 -4.8870 0
866 -4.8881 0
445 -4.8925 0
674 -4.9017 0
675 -4.9301 0
776 -4.9383 0
1285 -4.9491 0
326 -4.9538 0
825 -4.9550 0
1141 -4.9563 0
581 -4.9620 0
494 -4.9640 0
820 -4.9662 0
763 -4.9671 0
1103 -4.9728 0
931 -4.9816 0
844 -4.9878 0
1221 -4.9934 0
1384 -4.9954 0
1271 -4.9977 0
1240 -5.0033 0
1697 -5.0224 0
1685 -5.0285 0
1405 -5.0314 0
1133 -5.0393 0
170 -5.0473 0
1050 -5.0489 0
418 -5.0735 0
202 -5.0815 0
109 -5.0902 0
457 -5.0922 0
173 -5.0963 0
662 -5.0972 0
490 -5.0994 0
774 -5.1175 0
390 -5.1196 0
402 -5.1316 0
904 -5.1374 0
879 -5.1483 0
1065 -5.1551 0
240 -5.1556 0
557 -5.1633 0
1822 -5.1838 0
680 -5.1896 0
764 -5.1945 0
1235 -5.2024 0
1870 -5.2028 0
1082 -5.2037 0
769 -5.2071 0
946 -5.2378 0
1094 -5.2474 0
427 -5.2584 0
886 -5.2637 0
562 -5.2644 0
119 -5.2910 0
461 -5.3102 0
1090 -5.3186 0
767 -5.3318 0
1217 -5.3356 0
1411 -5.3471 0
1683 -5.3493 0
810 -5.3719 0
1116 -5.3795 0
572 -5.4115 0
1676 -5.4154 0
684 -5.4248 0
1413 -5.4303 0
1400 -5.4341 0
914 -5.4482 0
1135 -5.4700 0
66 -5.4743 0
214 -5.5084 0
957 -5.5183 0
1091 -5.5235 0
1003 -5.5245 0
1441 -5.5316 0
1097 -5.5396 0
318 -5.5436 0
473 -5.5554 0
685 -5.5583 0
100 -5.5638 0
665 -5.5830 0
943 -5.5867 0
1415 -5.6250 0
801 -5.6449 0
1232 -5.6468 0
477 -5.6506 0
1837 -5.6567 0
1063 -5.6672 0
592 -5.6793 0
602 -5.6863 0
761 -5.6894 0
1663 -5.7052 0
1110 -5.7195 0
1088 -5.7285 0
516 -5.7466 0
658 -5.7504 0
676 -5.7648 0
1074 -5.7760 0
1414 -5.7853 0
226 -5.7996 0
762 -5.8009 0
1436 -5.8019 0
1664 -5.8095 0
942 -5.8227 0
409 -5.8323 0
1431 -5.8328 0
582 -5.8467 0
530 -5.8593 0
1059 -5.8768 0
1445 -5.8810 0
405 -5.9131 0
1083 -5.9159 0
1417 -5.9314 0
228 -5.9602 0
1421 -5.9756 0
1136 -5.9765 0
408 -5.9768 0
400 -5.9991 0
819 -6.0099 0
1077 -6.0164 0
455 -6.0185 0
1673 -6.0206 0
1055 -6.0309 0
1147 -6.0877 0
580 -6.0988 0
1099 -6.1117 0
1080 -6.1168 0
73 -6.1389 0
911 -6.1417 0
1695 -6.2146 0
1070 -6.2309 0
479 -6.2398 0
874 -6.2429 0
563 -6.2593 0
188 -6.3644 0
668 -6.3705 0
1120 -6.4176 0
1227 -6.4203 0
812 -6.4219 0
906 -6.4432 0
334 -6.4999 0
1957 -6.5110 0
1233 -6.5565 0
910 -6.6432 0
1412 -6.6707 0
1149 -6.7777 0
1089 -6.9021 0
1052 -6.9576 0
181 -7.0094 0
1251 -7.0514 0
498 -7.1064 0
579 -7.1543 0
661 -7.1707 0
459 -7.2228 0
1419 -7.3107 0
1423 -7.3274 0
1435 -7.8431 0
