1810 31.2672 1
1811 26.9033 1
1844 26.5878 1
1802 26.5351 1
1826 26.4150 1
1820 26.1118 1
1827 25.3961 1
1841 24.7804 1
1813 24.5112 1
1816 24.4267 1
1837 23.8702 1
1849 23.7582 1
1817 23.7540 1
1818 23.4880 1
1814 22.7803 1
1835 22.7748 1
1843 22.6799 1
1838 22.4275 1
1848 21.2925 1
1831 21.0233 1
1812 20.6921 1
1803 20.6831 1
1840 20.2880 1
1806 20.1596 1
1801 20.0317 1
1828 19.4987 1
1809 18.9910 1
1829 18.8377 1
1830 18.4236 1
1822 17.6239 1
1832 17.4628 1
1819 17.2768 1
1815 16.9740 1
1808 16.9130 1
1821 16.9079 1
1842 16.5994 1
1805 15.8611 1
1807 14.6636 1
1833 13.8163 1
1839 13.3495 1
1823 13.3493 1
1804 12.9750 1
1824 12.4449 1
1847 12.2848 1
1834 12.2688 1
1800 10.6200 1
174 10.5820 0
1825 10.1417 1
1836 8.4596 1
57 8.2762 0
1846 8.1280 1
1705 7.6996 0
1722 7.3990 0
22 7.3774 0
177 7.3489 0
80 7.3145 0
72 7.1930 0
256 7.1016 0
1775 7.0401 0
1715 6.9360 0
1845 6.7671 1
264 6.6842 0
590 6.5842 0
51 6.4843 0
1729 6.3990 0
294 6.3273 0
1883 6.2428 0
37 6.1108 0
1742 6.0933 0
1886 6.0674 0
60 5.8152 0
1183 5.7543 0
89 5.6958 0
1220 5.5197 0
1720 5.3308 0
1725 5.3210 0
1747 5.3210 0
1706 5.2823 0
1718 5.2134 0
1748 5.2031 0
1711 5.1744 0
59 5.1556 0
64 5.1528 0
61 5.1052 0
282 5.0680 0
1196 5.0495 0
265 4.9342 0
1727 4.8947 0
1887 4.7977 0
843 4.7674 0
1994 4.7236 0
82 4.5921 0
1702 4.5438 0
96 4.5348 0
90 4.5045 0
1888 4.5043 0
164 4.4623 0
1856 4.3958 0
258 4.3811 0
191 4.3722 0
143 4.3465 0
1731 4.2973 0
70 4.2852 0
1138 4.2685 0
267 4.1955 0
103 4.0985 0
250 4.0681 0
69 4.0046 0
1945 3.9927 0
1717 3.9343 0
1176 3.9318 0
1777 3.9018 0
1965 3.8861 0
54 3.8749 0
92 3.8661 0
605 3.7505 0
425 3.7380 0
259 3.7321 0
1730 3.6918 0
648 3.6822 0
121 3.6122 0
1976 3.6077 0
1735 3.5718 0
79 3.5689 0
1716 3.5264 0
88 3.4961 0
298 3.4835 0
76 3.4641 0
833 3.4540 0
1704 3.4078 0
818 3.3755 0
1897 3.3720 0
1853 3.3707 0
78 3.3503 0
1713 3.3234 0
1322 3.3084 0
261 3.3040 0
1707 3.2869 0
623 3.2715 0
1335 3.2674 0
1744 3.2594 0
10 3.2591 0
288 3.2432 0
1563 3.2285 0
1710 3.2209 0
1712 3.2154 0
608 3.1201 0
603 3.1106 0
1709 3.1026 0
860 3.0370 0
1740 3.0246 0
84 3.0173 0
644 3.0155 0
619 3.0154 0
876 3.0001 0
160 2.9951 0
205 2.9842 0
213 2.9667 0
1749 2.9652 0
1862 2.9520 0
171 2.9271 0
1198 2.9118 0
98 2.9097 0
1894 2.8834 0
163 2.8714 0
1723 2.8593 0
1773 2.8586 0
280 2.8567 0
274 2.8160 0
1700 2.8148 0
1721 2.8089 0
1885 2.8000 0
1154 2.7954 0
192 2.7851 0
197 2.7707 0
1738 2.7585 0
620 2.7577 0
74 2.7396 0
58 2.7354 0
62 2.7315 0
158 2.7313 0
635 2.7273 0
1958 2.7206 0
216 2.6948 0
1572 2.6891 0
558 2.6825 0
91 2.6697 0
1762 2.6685 0
144 2.6631 0
1728 2.6629 0
189 2.6589 0
170 2.6551 0
1732 2.6405 0
1974 2.6147 0
440 2.6059 0
1964 2.5635 0
85 2.5553 0
1004 2.5015 0
0 2.4790 0
53 2.4591 0
837 2.4422 0
1798 2.3964 0
154 2.3847 0
1175 2.3735 0
1269 2.3683 0
611 2.3612 0
77 2.3515 0
1743 2.3371 0
1530 2.3356 0
627 2.3311 0
1151 2.3087 0
176 2.2995 0
87 2.2993 0
1860 2.2976 0
14 2.2475 0
1165 2.2109 0
632 2.2097 0
148 2.2014 0
6 2.1932 0
413 2.1857 0
804 2.1784 0
276 2.1707 0
1506 2.1443 0
254 2.1389 0
820 2.1299 0
257 2.1155 0
175 2.0940 0
68 2.0891 0
1173 2.0785 0
575 2.0642 0
283 2.0510 0
628 2.0118 0
563 1.9996 0
285 1.9833 0
1701 1.9672 0
86 1.9639 0
878 1.9624 0
252 1.9428 0
1786 1.9375 0
614 1.9288 0
1917 1.9214 0
1708 1.9177 0
647 1.9139 0
314 1.8896 0
1714 1.8759 0
260 1.8752 0
598 1.8602 0
1866 1.8599 0
1733 1.8320 0
71 1.8239 0
263 1.8198 0
99 1.7994 0
583 1.7974 0
1859 1.7920 0
238 1.7880 0
1736 1.7791 0
1571 1.7748 0
1230 1.7714 0
1157 1.7672 0
1898 1.7642 0
297 1.7557 0
284 1.7533 0
592 1.7506 0
146 1.7380 0
1589 1.7306 0
1746 1.7129 0
26 1.7033 0
417 1.6945 0
1785 1.6827 0
95 1.6780 0
94 1.6606 0
1863 1.6333 0
640 1.6168 0
634 1.6135 0
1539 1.5514 0
1793 1.5493 0
645 1.5432 0
1855 1.5329 0
120 1.5299 0
1130 1.5244 0
633 1.5198 0
116 1.5016 0
104 1.4988 0
1719 1.4955 0
1864 1.4950 0
612 1.4936 0
304 1.4894 0
1027 1.4769 0
636 1.4542 0
1877 1.4341 0
593 1.4247 0
1950 1.4245 0
1167 1.4076 0
1153 1.4032 0
1963 1.4000 0
406 1.3995 0
568 1.3986 0
643 1.3786 0
203 1.3728 0
1780 1.3700 0
97 1.3590 0
269 1.3247 0
819 1.3228 0
13 1.3219 0
1850 1.3081 0
1779 1.2871 0
1873 1.2745 0
1953 1.2725 0
1971 1.2710 0
871 1.2592 0
1922 1.2578 0
1852 1.2503 0
1851 1.2414 0
1745 1.2171 0
1553 1.2161 0
115 1.2155 0
39 1.1926 0
138 1.1754 0
1741 1.1740 0
1938 1.1483 0
896 1.1378 0
1865 1.1164 0
275 1.1063 0
610 1.0967 0
1918 1.0945 0
1872 1.0936 0
179 1.0834 0
73 1.0765 0
566 1.0698 0
607 1.0649 0
1734 1.0574 0
585 1.0307 0
27 1.0306 0
209 1.0230 0
829 1.0144 0
529 1.0136 0
1155 1.0021 0
943 0.9927 0
153 0.9913 0
1586 0.9784 0
19 0.9728 0
1507 0.9650 0
286 0.9516 0
123 0.9514 0
180 0.9434 0
273 0.9265 0
1939 0.9095 0
49 0.9046 0
52 0.8999 0
63 0.8961 0
639 0.8919 0
630 0.8868 0
1556 0.8670 0
552 0.8630 0
270 0.8583 0
287 0.8582 0
1189 0.8572 0
1928 0.8548 0
1854 0.8491 0
1703 0.8420 0
1021 0.8419 0
807 0.8304 0
990 0.8273 0
305 0.8165 0
1150 0.7944 0
11 0.7872 0
272 0.7692 0
1984 0.7612 0
38 0.7609 0
1139 0.7552 0
185 0.7396 0
1018 0.7224 0
1796 0.7211 0
1152 0.7187 0
299 0.7125 0
839 0.7053 0
824 0.6921 0
1170 0.6749 0
1181 0.6689 0
934 0.6669 0
226 0.6659 0
1112 0.6617 0
622 0.6362 0
134 0.6325 0
557 0.6312 0
296 0.6289 0
875 0.6278 0
646 0.6276 0
1383 0.6109 0
266 0.6092 0
582 0.6091 0
642 0.6044 0
801 0.6024 0
1724 0.5995 0
199 0.5913 0
279 0.5796 0
1767 0.5789 0
1544 0.5645 0
447 0.5640 0
181 0.5595 0
125 0.5462 0
1584 0.5379 0
555 0.5374 0
1995 0.5359 0
251 0.5324 0
1980 0.5320 0
28 0.5211 0
569 0.5120 0
386 0.5116 0
1961 0.5061 0
487 0.5036 0
514 0.4996 0
997 0.4931 0
1132 0.4923 0
1880 0.4867 0
278 0.4693 0
281 0.4555 0
1156 0.4539 0
1182 0.4498 0
1665 0.4473 0
215 0.4425 0
1726 0.4388 0
1970 0.4364 0
1889 0.4313 0
916 0.4297 0
415 0.4240 0
1983 0.4140 0
895 0.4117 0
1993 0.4012 0
1977 0.3999 0
1408 0.3981 0
983 0.3941 0
1739 0.3834 0
1583 0.3822 0
56 0.3796 0
1594 0.3782 0
1334 0.3660 0
55 0.3595 0
1519 0.3558 0
93 0.3498 0
707 0.3466 0
1564 0.3444 0
587 0.3327 0
515 0.3301 0
1596 0.3208 0
1178 0.3126 0
255 0.3124 0
793 0.3056 0
295 0.3051 0
341 0.2998 0
979 0.2756 0
162 0.2565 0
1890 0.2541 0
553 0.2371 0
1574 0.2350 0
649 0.2288 0
1757 0.2232 0
429 0.2200 0
223 0.2127 0
1986 0.2089 0
1163 0.2023 0
1921 0.1970 0
21 0.1969 0
599 0.1902 0
1185 0.1898 0
1168 0.1795 0
706 0.1763 0
81 0.1697 0
638 0.1632 0
65 0.1509 0
23 0.1465 0
1117 0.1441 0
1558 0.1420 0
1755 0.1307 0
142 0.1282 0
493 0.1157 0
1990 0.0993 0
1552 0.0992 0
310 0.0966 0
1201 0.0862 0
122 0.0836 0
1106 0.0766 0
1626 0.0448 0
151 0.0441 0
117 0.0381 0
1979 0.0335 0
83 0.0317 0
1035 0.0306 0
114 0.0242 0
442 0.0225 0
1294 0.0209 0
139 0.0086 0
596 0.0072 0
810 -0.0061 0
1528 -0.0155 0
1936 -0.0224 0
744 -0.0254 0
606 -0.0282 0
29 -0.0291 0
887 -0.0367 0
1 -0.0446 0
1005 -0.0489 0
686 -0.0508 0
1737 -0.0518 0
1982 -0.0666 0
217 -0.0806 0
1025 -0.0973 0
293 -0.1215 0
1630 -0.1220 0
618 -0.1243 0
370 -0.1354 0
1197 -0.1416 0
1869 -0.1599 0
108 -0.1615 0
974 -0.1691 0
1312 -0.1705 0
531 -0.1740 0
1086 -0.1804 0
380 -0.1839 0
67 -0.1850 0
581 -0.1856 0
976 -0.2025 0
102 -0.2032 0
147 -0.2073 0
573 -0.2075 0
136 -0.2121 0
43 -0.2139 0
145 -0.2162 0
107 -0.2167 0
625 -0.2212 0
34 -0.2273 0
1525 -0.2287 0
838 -0.2310 0
150 -0.2341 0
1996 -0.2398 0
277 -0.2470 0
1896 -0.2476 0
1893 -0.2591 0
437 -0.2649 0
289 -0.2692 0
1311 -0.2708 0
597 -0.2735 0
101 -0.2757 0
358 -0.2811 0
362 -0.2820 0
852 -0.2843 0
1981 -0.2896 0
594 -0.2935 0
211 -0.2936 0
1253 -0.2949 0
450 -0.2960 0
615 -0.2969 0
1524 -0.2990 0
1794 -0.3060 0
33 -0.3142 0
714 -0.3172 0
1989 -0.3273 0
840 -0.3286 0
586 -0.3435 0
1013 -0.3436 0
716 -0.3455 0
929 -0.3514 0
1959 -0.3529 0
1008 -0.3566 0
100 -0.3610 0
1952 -0.3611 0
206 -0.3746 0
416 -0.3855 0
1867 -0.3927 0
1591 -0.3984 0
246 -0.4014 0
1301 -0.4091 0
1540 -0.4093 0
813 -0.4111 0
702 -0.4126 0
1166 -0.4194 0
571 -0.4329 0
1331 -0.4345 0
1554 -0.4345 0
494 -0.4383 0
609 -0.4400 0
1891 -0.4430 0
613 -0.4438 0
129 -0.4449 0
173 -0.4454 0
1101 -0.4481 0
1472 -0.4487 0
1393 -0.4524 0
156 -0.4548 0
433 -0.4570 0
551 -0.4835 0
621 -0.4866 0
1160 -0.4884 0
18 -0.4920 0
1593 -0.4949 0
48 -0.4971 0
1314 -0.4979 0
1929 -0.5050 0
1592 -0.5104 0
1791 -0.5181 0
149 -0.5219 0
769 -0.5353 0
161 -0.5355 0
570 -0.5395 0
178 -0.5435 0
183 -0.5467 0
1895 -0.5499 0
1957 -0.5559 0
1559 -0.5593 0
198 -0.5646 0
877 -0.5665 0
517 -0.5675 0
231 -0.5742 0
7 -0.6003 0
574 -0.6045 0
182 -0.6129 0
567 -0.6183 0
410 -0.6184 0
815 -0.6210 0
1566 -0.6213 0
617 -0.6261 0
133 -0.6344 0
1503 -0.6513 0
45 -0.6546 0
1907 -0.6577 0
1598 -0.6651 0
1226 -0.6696 0
856 -0.6748 0
467 -0.6770 0
631 -0.6803 0
1044 -0.6807 0
9 -0.6814 0
572 -0.6850 0
1042 -0.6981 0
1925 -0.7024 0
1861 -0.7030 0
1577 -0.7080 0
1300 -0.7096 0
20 -0.7116 0
1941 -0.7136 0
505 -0.7170 0
1573 -0.7194 0
752 -0.7244 0
128 -0.7299 0
405 -0.7301 0
1868 -0.7325 0
1510 -0.7388 0
218 -0.7476 0
851 -0.7477 0
262 -0.7631 0
1784 -0.7641 0
562 -0.7669 0
1582 -0.7754 0
1968 -0.7813 0
1304 -0.7836 0
911 -0.7837 0
412 -0.7864 0
1858 -0.7878 0
577 -0.7890 0
141 -0.7900 0
1514 -0.7975 0
1666 -0.7987 0
739 -0.7989 0
1930 -0.8087 0
1125 -0.8179 0
30 -0.8214 0
579 -0.8219 0
1404 -0.8226 0
219 -0.8291 0
196 -0.8339 0
1363 -0.8350 0
1054 -0.8485 0
137 -0.8530 0
816 -0.8601 0
969 -0.8751 0
741 -0.8754 0
1199 -0.8768 0
15 -0.8847 0
1177 -0.8848 0
1753 -0.8888 0
387 -0.8895 0
1317 -0.8975 0
75 -0.9003 0
17 -0.9013 0
641 -0.9014 0
1595 -0.9063 0
135 -0.9126 0
1978 -0.9142 0
1411 -0.9251 0
700 -0.9295 0
844 -0.9304 0
140 -0.9312 0
1960 -0.9322 0
119 -0.9487 0
42 -0.9498 0
1210 -0.9592 0
1932 -0.9662 0
1754 -0.9665 0
1927 -0.9701 0
1402 -0.9806 0
1991 -0.9815 0
668 -0.9829 0
1158 -0.9964 0
939 -0.9972 0
637 -0.9995 0
1212 -1.0040 0
152 -1.0071 0
1019 -1.0089 0
368 -1.0113 0
1299 -1.0114 0
1770 -1.0123 0
786 -1.0156 0
1276 -1.0267 0
1017 -1.0295 0
530 -1.0365 0
268 -1.0399 0
723 -1.0486 0
481 -1.0542 0
1569 -1.0545 0
1310 -1.0581 0
755 -1.0586 0
159 -1.0622 0
559 -1.0647 0
1782 -1.0703 0
1576 -1.0751 0
1127 -1.0754 0
1919 -1.0755 0
1223 -1.0756 0
550 -1.0771 0
130 -1.0778 0
1579 -1.0811 0
1169 -1.0865 0
1164 -1.0940 0
941 -1.0943 0
392 -1.1004 0
1520 -1.1020 0
1899 -1.1022 0
960 -1.1050 0
190 -1.1072 0
113 -1.1158 0
1900 -1.1169 0
961 -1.1306 0
1161 -1.1320 0
124 -1.1338 0
155 -1.1374 0
193 -1.1382 0
1578 -1.1397 0
503 -1.1474 0
760 -1.1534 0
1180 -1.1557 0
1030 -1.1565 0
111 -1.1623 0
1179 -1.1698 0
912 -1.1741 0
411 -1.1744 0
1143 -1.1802 0
1509 -1.1821 0
253 -1.1827 0
106 -1.1893 0
841 -1.1920 0
1875 -1.1922 0
1024 -1.1930 0
495 -1.2002 0
831 -1.2005 0
1022 -1.2008 0
830 -1.2017 0
1356 -1.2025 0
187 -1.2065 0
1871 -1.2066 0
1585 -1.2100 0
516 -1.2106 0
372 -1.2117 0
936 -1.2140 0
525 -1.2152 0
1188 -1.2279 0
50 -1.2281 0
1295 -1.2317 0
1216 -1.2465 0
538 -1.2484 0
778 -1.2506 0
1517 -1.2533 0
576 -1.2613 0
882 -1.2623 0
388 -1.2653 0
402 -1.2658 0
873 -1.2715 0
1194 -1.2731 0
1567 -1.2740 0
1336 -1.2759 0
1205 -1.2771 0
465 -1.2782 0
105 -1.2801 0
1570 -1.2801 0
688 -1.2873 0
1313 -1.2881 0
1172 -1.2886 0
1972 -1.2898 0
991 -1.2943 0
667 -1.2991 0
403 -1.2993 0
1761 -1.3005 0
1534 -1.3099 0
434 -1.3118 0
584 -1.3158 0
1102 -1.3255 0
828 -1.3266 0
1095 -1.3271 0
446 -1.3367 0
5 -1.3393 0
1795 -1.3417 0
564 -1.3418 0
1217 -1.3506 0
391 -1.3717 0
1541 -1.3741 0
1273 -1.3768 0
1590 -1.3791 0
1879 -1.3808 0
1477 -1.3890 0
624 -1.3935 0
616 -1.3953 0
1231 -1.3967 0
35 -1.3995 0
857 -1.4022 0
1065 -1.4026 0
291 -1.4098 0
1985 -1.4108 0
1190 -1.4202 0
1910 -1.4266 0
832 -1.4281 0
436 -1.4415 0
747 -1.4439 0
522 -1.4644 0
1349 -1.4703 0
290 -1.4730 0
31 -1.4768 0
292 -1.4852 0
208 -1.4892 0
1123 -1.4939 0
371 -1.4944 0
967 -1.4988 0
734 -1.4991 0
787 -1.4997 0
817 -1.5011 0
836 -1.5158 0
4 -1.5183 0
435 -1.5236 0
1113 -1.5249 0
1260 -1.5294 0
814 -1.5326 0
1618 -1.5337 0
601 -1.5350 0
1587 -1.5400 0
1769 -1.5433 0
1537 -1.5485 0
1790 -1.5530 0
1069 -1.5567 0
1926 -1.5579 0
546 -1.5712 0
537 -1.5751 0
809 -1.5753 0
1103 -1.5756 0
222 -1.5780 0
1289 -1.5827 0
1915 -1.5831 0
1376 -1.5898 0
1266 -1.5940 0
1513 -1.5942 0
1642 -1.5963 0
973 -1.5994 0
1367 -1.5996 0
782 -1.6014 0
367 -1.6036 0
951 -1.6087 0
1999 -1.6130 0
374 -1.6266 0
350 -1.6266 0
1159 -1.6282 0
978 -1.6284 0
1372 -1.6323 0
864 -1.6324 0
1624 -1.6327 0
451 -1.6349 0
112 -1.6459 0
40 -1.6495 0
789 -1.6496 0
1218 -1.6546 0
1347 -1.6547 0
711 -1.6561 0
165 -1.6578 0
1561 -1.6635 0
1407 -1.6697 0
1037 -1.6712 0
1518 -1.6717 0
1371 -1.6761 0
497 -1.6769 0
1432 -1.6829 0
501 -1.6858 0
881 -1.6896 0
1424 -1.6902 0
1378 -1.6956 0
126 -1.6962 0
692 -1.6987 0
16 -1.7007 0
1876 -1.7020 0
389 -1.7021 0
687 -1.7051 0
891 -1.7063 0
1137 -1.7076 0
935 -1.7078 0
1908 -1.7094 0
131 -1.7359 0
1141 -1.7369 0
1881 -1.7410 0
1756 -1.7476 0
1121 -1.7562 0
1308 -1.7592 0
965 -1.7622 0
490 -1.7658 0
767 -1.7700 0
376 -1.7714 0
770 -1.7804 0
195 -1.7856 0
589 -1.7859 0
230 -1.7861 0
725 -1.7869 0
420 -1.7900 0
963 -1.7926 0
381 -1.7962 0
41 -1.8012 0
1931 -1.8032 0
404 -1.8033 0
664 -1.8135 0
462 -1.8147 0
1944 -1.8227 0
1760 -1.8277 0
561 -1.8345 0
823 -1.8357 0
560 -1.8383 0
397 -1.8397 0
1581 -1.8420 0
1764 -1.8561 0
221 -1.8571 0
366 -1.8589 0
1254 -1.8628 0
1126 -1.8644 0
1651 -1.8647 0
580 -1.8661 0
554 -1.8727 0
980 -1.8767 0
1555 -1.8775 0
892 -1.8793 0
118 -1.8808 0
1075 -1.8883 0
1192 -1.8969 0
683 -1.8986 0
680 -1.8987 0
681 -1.8994 0
1029 -1.9164 0
1389 -1.9251 0
1997 -1.9321 0
874 -1.9391 0
962 -1.9450 0
926 -1.9475 0
157 -1.9527 0
369 -1.9568 0
999 -1.9625 0
132 -1.9654 0
355 -1.9655 0
685 -1.9728 0
749 -1.9748 0
604 -1.9821 0
849 -1.9832 0
1248 -1.9841 0
1187 -1.9846 0
414 -1.9870 0
167 -2.0028 0
703 -2.0033 0
1255 -2.0065 0
449 -2.0069 0
1962 -2.0074 0
1058 -2.0120 0
44 -2.0125 0
461 -2.0208 0
1914 -2.0212 0
12 -2.0238 0
713 -2.0266 0
127 -2.0280 0
46 -2.0290 0
1399 -2.0326 0
1560 -2.0329 0
1934 -2.0350 0
498 -2.0432 0
1998 -2.0483 0
958 -2.0608 0
1406 -2.0624 0
168 -2.0702 0
921 -2.0713 0
352 -2.0729 0
506 -2.0785 0
1912 -2.0803 0
1946 -2.0863 0
227 -2.0864 0
738 -2.0932 0
981 -2.0982 0
1237 -2.1009 0
952 -2.1106 0
307 -2.1138 0
1235 -2.1141 0
338 -2.1159 0
699 -2.1167 0
1531 -2.1174 0
375 -2.1209 0
863 -2.1210 0
343 -2.1254 0
743 -2.1299 0
1969 -2.1314 0
332 -2.1331 0
812 -2.1363 0
1445 -2.1364 0
718 -2.1461 0
1361 -2.1490 0
984 -2.1519 0
1064 -2.1561 0
1122 -2.1678 0
1204 -2.1769 0
900 -2.1856 0
1203 -2.1880 0
919 -2.1883 0
835 -2.1884 0
805 -2.1924 0
248 -2.1936 0
1174 -2.2005 0
444 -2.2024 0
855 -2.2026 0
797 -2.2031 0
1660 -2.2099 0
1354 -2.2171 0
1020 -2.2221 0
1878 -2.2223 0
478 -2.2297 0
423 -2.2298 0
483 -2.2308 0
430 -2.2324 0
398 -2.2330 0
1083 -2.2343 0
1221 -2.2349 0
764 -2.2371 0
1229 -2.2425 0
940 -2.2471 0
1243 -2.2487 0
1698 -2.2513 0
821 -2.2551 0
1535 -2.2551 0
1002 -2.2591 0
1483 -2.2605 0
715 -2.2632 0
1686 -2.2633 0
1392 -2.2656 0
454 -2.2731 0
244 -2.2733 0
1562 -2.2736 0
520 -2.2859 0
742 -2.2863 0
110 -2.2889 0
347 -2.2896 0
1038 -2.2900 0
1332 -2.2914 0
888 -2.2940 0
708 -2.2947 0
802 -2.2979 0
504 -2.2986 0
1913 -2.2987 0
237 -2.3027 0
271 -2.3045 0
1328 -2.3052 0
1252 -2.3061 0
1352 -2.3093 0
1417 -2.3115 0
679 -2.3124 0
1091 -2.3165 0
726 -2.3183 0
1357 -2.3220 0
8 -2.3261 0
811 -2.3293 0
730 -2.3300 0
985 -2.3314 0
1788 -2.3330 0
948 -2.3447 0
1600 -2.3477 0
704 -2.3496 0
1245 -2.3517 0
918 -2.3557 0
1905 -2.3575 0
870 -2.3634 0
247 -2.3689 0
513 -2.3831 0
511 -2.3885 0
578 -2.3910 0
721 -2.3933 0
1496 -2.3937 0
333 -2.3944 0
324 -2.3990 0
1620 -2.4092 0
917 -2.4111 0
800 -2.4124 0
1386 -2.4129 0
496 -2.4163 0
629 -2.4188 0
24 -2.4201 0
1379 -2.4330 0
626 -2.4331 0
1508 -2.4336 0
1405 -2.4359 0
1115 -2.4368 0
1292 -2.4384 0
1954 -2.4415 0
1475 -2.4444 0
1924 -2.4456 0
966 -2.4471 0
207 -2.4493 0
1339 -2.4498 0
1434 -2.4625 0
1277 -2.4643 0
1346 -2.4673 0
500 -2.4698 0
898 -2.4711 0
1771 -2.4728 0
1758 -2.4805 0
349 -2.4836 0
970 -2.4842 0
418 -2.4844 0
1365 -2.4852 0
989 -2.4872 0
1387 -2.4931 0
868 -2.4949 0
521 -2.4950 0
308 -2.4978 0
351 -2.4991 0
753 -2.5059 0
1568 -2.5092 0
1902 -2.5094 0
717 -2.5097 0
220 -2.5100 0
772 -2.5103 0
922 -2.5111 0
399 -2.5124 0
591 -2.5134 0
1259 -2.5134 0
653 -2.5140 0
1480 -2.5140 0
588 -2.5183 0
602 -2.5287 0
1046 -2.5352 0
306 -2.5378 0
774 -2.5384 0
1195 -2.5394 0
532 -2.5442 0
1274 -2.5449 0
1488 -2.5473 0
409 -2.5494 0
1668 -2.5527 0
1049 -2.5575 0
867 -2.5581 0
1750 -2.5594 0
854 -2.5629 0
1431 -2.5629 0
25 -2.5633 0
1316 -2.5633 0
845 -2.5640 0
172 -2.5667 0
858 -2.5673 0
1787 -2.5705 0
1129 -2.5719 0
773 -2.5746 0
1904 -2.5752 0
395 -2.5769 0
1374 -2.5773 0
722 -2.5810 0
792 -2.5820 0
1222 -2.5839 0
1056 -2.5844 0
1257 -2.5874 0
232 -2.5893 0
758 -2.5976 0
312 -2.6008 0
737 -2.6020 0
652 -2.6075 0
1288 -2.6126 0
419 -2.6246 0
1789 -2.6276 0
1148 -2.6285 0
448 -2.6341 0
2 -2.6387 0
768 -2.6407 0
945 -2.6443 0
928 -2.6488 0
803 -2.6517 0
777 -2.6559 0
1942 -2.6666 0
1441 -2.6725 0
234 -2.6761 0
971 -2.6762 0
600 -2.6802 0
846 -2.6837 0
1043 -2.6985 0
1016 -2.7026 0
466 -2.7029 0
1975 -2.7101 0
1516 -2.7167 0
1193 -2.7177 0
1285 -2.7195 0
675 -2.7201 0
848 -2.7217 0
1370 -2.7260 0
194 -2.7412 0
1691 -2.7422 0
337 -2.7433 0
746 -2.7453 0
485 -2.7647 0
982 -2.7674 0
1987 -2.7712 0
1094 -2.7746 0
1992 -2.7765 0
393 -2.7784 0
527 -2.7823 0
1076 -2.7873 0
784 -2.7883 0
1766 -2.7938 0
186 -2.8097 0
1327 -2.8114 0
1940 -2.8116 0
431 -2.8121 0
1752 -2.8140 0
1575 -2.8180 0
1321 -2.8181 0
1397 -2.8274 0
883 -2.8300 0
1272 -2.8303 0
1309 -2.8316 0
1307 -2.8318 0
1623 -2.8336 0
879 -2.8353 0
1110 -2.8356 0
1550 -2.8366 0
166 -2.8414 0
47 -2.8430 0
1452 -2.8500 0
662 -2.8554 0
1283 -2.8589 0
1380 -2.8602 0
1319 -2.8638 0
1329 -2.8650 0
757 -2.8704 0
1200 -2.8744 0
1366 -2.8753 0
771 -2.8786 0
1947 -2.8847 0
956 -2.8854 0
993 -2.8854 0
200 -2.8879 0
866 -2.8885 0
439 -2.8920 0
1988 -2.8957 0
673 -2.8980 0
862 -2.9038 0
456 -2.9057 0
1066 -2.9089 0
880 -2.9107 0
1548 -2.9125 0
689 -2.9144 0
1956 -2.9195 0
1265 -2.9210 0
1032 -2.9349 0
323 -2.9352 0
486 -2.9399 0
331 -2.9443 0
659 -2.9470 0
1036 -2.9511 0
408 -2.9629 0
666 -2.9645 0
1171 -2.9796 0
346 -2.9820 0
698 -2.9898 0
1418 -2.9903 0
1048 -2.9923 0
853 -2.9943 0
1326 -2.9975 0
1146 -3.0016 0
1010 -3.0084 0
1699 -3.0103 0
1241 -3.0151 0
1011 -3.0176 0
1670 -3.0255 0
1759 -3.0277 0
669 -3.0325 0
1099 -3.0379 0
463 -3.0419 0
1098 -3.0486 0
1275 -3.0498 0
1486 -3.0533 0
972 -3.0535 0
1045 -3.0545 0
1124 -3.0607 0
1973 -3.0662 0
826 -3.0666 0
1233 -3.0674 0
1966 -3.0796 0
987 -3.0798 0
1429 -3.0836 0
1435 -3.0855 0
548 -3.0861 0
1284 -3.0947 0
1324 -3.0957 0
1799 -3.0973 0
32 -3.0984 0
1874 -3.1007 0
1251 -3.1060 0
1074 -3.1078 0
1446 -3.1099 0
780 -3.1103 0
242 -3.1113 0
109 -3.1118 0
1439 -3.1156 0
1373 -3.1177 0
1390 -3.1196 0
1078 -3.1227 0
354 -3.1377 0
1412 -3.1401 0
1536 -3.1403 0
661 -3.1494 0
693 -3.1547 0
861 -3.1557 0
1649 -3.1630 0
765 -3.1630 0
1481 -3.1748 0
1206 -3.1758 0
1937 -3.1759 0
1186 -3.1819 0
228 -3.1842 0
889 -3.1911 0
1547 -3.1946 0
798 -3.1953 0
1315 -3.2002 0
535 -3.2037 0
1682 -3.2057 0
438 -3.2076 0
1413 -3.2077 0
595 -3.2081 0
210 -3.2135 0
654 -3.2137 0
728 -3.2142 0
1211 -3.2151 0
443 -3.2156 0
785 -3.2202 0
996 -3.2213 0
1133 -3.2262 0
988 -3.2297 0
736 -3.2355 0
946 -3.2394 0
806 -3.2398 0
942 -3.2427 0
1246 -3.2543 0
1599 -3.2547 0
474 -3.2579 0
1491 -3.2643 0
379 -3.2660 0
1943 -3.2684 0
475 -3.2690 0
1279 -3.2740 0
1901 -3.2762 0
1409 -3.2764 0
959 -3.2796 0
1935 -3.2804 0
519 -3.2812 0
1654 -3.2829 0
745 -3.2834 0
1955 -3.2912 0
1458 -3.2915 0
905 -3.2952 0
1396 -3.2966 0
1142 -3.3009 0
1343 -3.3024 0
400 -3.3108 0
1949 -3.3127 0
968 -3.3135 0
1683 -3.3139 0
458 -3.3149 0
365 -3.3204 0
650 -3.3217 0
1239 -3.3239 0
894 -3.3265 0
1014 -3.3278 0
1369 -3.3294 0
671 -3.3299 0
1368 -3.3301 0
1420 -3.3311 0
931 -3.3312 0
1286 -3.3323 0
720 -3.3400 0
1052 -3.3434 0
330 -3.3485 0
441 -3.3490 0
1191 -3.3530 0
1460 -3.3573 0
1781 -3.3623 0
674 -3.3675 0
1145 -3.3712 0
1438 -3.3724 0
1442 -3.3726 0
544 -3.3738 0
1457 -3.3782 0
1256 -3.3850 0
528 -3.3925 0
1667 -3.3947 0
1051 -3.3953 0
1077 -3.3985 0
1228 -3.4058 0
488 -3.4060 0
850 -3.4063 0
1384 -3.4073 0
445 -3.4079 0
432 -3.4109 0
1207 -3.4244 0
1391 -3.4251 0
1696 -3.4301 0
363 -3.4366 0
565 -3.4373 0
1003 -3.4395 0
930 -3.4434 0
1542 -3.4551 0
872 -3.4559 0
457 -3.4654 0
357 -3.4657 0
885 -3.4703 0
1340 -3.4749 0
1884 -3.4785 0
1028 -3.4807 0
1219 -3.4815 0
1678 -3.4857 0
66 -3.4860 0
233 -3.4871 0
401 -3.4873 0
712 -3.4888 0
1870 -3.4894 0
1903 -3.4928 0
710 -3.4964 0
1538 -3.5000 0
1492 -3.5032 0
676 -3.5162 0
188 -3.5236 0
1375 -3.5299 0
1768 -3.5300 0
384 -3.5340 0
727 -3.5375 0
1444 -3.5407 0
1281 -3.5477 0
482 -3.5497 0
907 -3.5510 0
1529 -3.5544 0
319 -3.5575 0
1073 -3.5610 0
1001 -3.5683 0
556 -3.5686 0
847 -3.5722 0
1031 -3.5739 0
1119 -3.5778 0
1128 -3.5786 0
224 -3.5840 0
1951 -3.5841 0
1523 -3.5903 0
378 -3.5907 0
356 -3.5938 0
825 -3.5985 0
677 -3.5994 0
243 -3.6047 0
502 -3.6051 0
225 -3.6078 0
986 -3.6193 0
1778 -3.6221 0
1610 -3.6296 0
1381 -3.6410 0
1423 -3.6450 0
1006 -3.6452 0
998 -3.6466 0
751 -3.6536 0
1512 -3.6572 0
1613 -3.6595 0
1792 -3.6602 0
1557 -3.6650 0
1916 -3.6676 0
1772 -3.6685 0
1262 -3.6699 0
480 -3.6731 0
1092 -3.6749 0
1920 -3.6772 0
665 -3.6781 0
471 -3.6792 0
1208 -3.6793 0
1041 -3.6836 0
512 -3.6889 0
477 -3.6892 0
302 -3.6901 0
1338 -3.6909 0
1892 -3.6928 0
1911 -3.6970 0
1135 -3.7089 0
245 -3.7090 0
1659 -3.7172 0
1527 -3.7184 0
427 -3.7231 0
382 -3.7256 0
1471 -3.7308 0
1320 -3.7329 0
1948 -3.7399 0
1081 -3.7402 0
1490 -3.7406 0
1134 -3.7556 0
523 -3.7579 0
1213 -3.7585 0
655 -3.7638 0
1224 -3.7651 0
1664 -3.7679 0
701 -3.7680 0
1440 -3.7730 0
1250 -3.7753 0
1394 -3.7757 0
1621 -3.7778 0
1427 -3.7792 0
1675 -3.7812 0
1923 -3.7833 0
1433 -3.7838 0
339 -3.7986 0
1325 -3.7999 0
1264 -3.8118 0
1362 -3.8160 0
212 -3.8164 0
1588 -3.8188 0
1090 -3.8205 0
992 -3.8218 0
373 -3.8225 0
534 -3.8253 0
1360 -3.8287 0
453 -3.8310 0
932 -3.8320 0
748 -3.8343 0
1280 -3.8374 0
518 -3.8383 0
775 -3.8411 0
1765 -3.8452 0
1857 -3.8545 0
541 -3.8556 0
1909 -3.8603 0
1882 -3.8666 0
1449 -3.8700 0
906 -3.8715 0
1100 -3.8731 0
1149 -3.8756 0
1293 -3.8783 0
1015 -3.8794 0
1685 -3.8796 0
1426 -3.8863 0
938 -3.8887 0
543 -3.9015 0
886 -3.9025 0
1249 -3.9058 0
1398 -3.9088 0
407 -3.9139 0
1681 -3.9173 0
901 -3.9186 0
1443 -3.9213 0
1109 -3.9227 0
361 -3.9241 0
1271 -3.9253 0
3 -3.9297 0
1108 -3.9303 0
1580 -3.9327 0
539 -3.9417 0
678 -3.9484 0
1549 -3.9503 0
1543 -3.9554 0
428 -3.9582 0
975 -3.9583 0
344 -3.9602 0
759 -3.9613 0
536 -3.9628 0
1105 -3.9687 0
1565 -3.9704 0
1318 -3.9742 0
909 -3.9898 0
1502 -3.9926 0
470 -3.9972 0
766 -3.9998 0
169 -3.9998 0
336 -4.0017 0
995 -4.0034 0
1202 -4.0070 0
735 -4.0073 0
1616 -4.0114 0
1097 -4.0132 0
695 -4.0145 0
827 -4.0185 0
1060 -4.0278 0
1505 -4.0278 0
953 -4.0299 0
1082 -4.0309 0
1967 -4.0326 0
925 -4.0371 0
1470 -4.0436 0
249 -4.0528 0
1085 -4.0619 0
1247 -4.0632 0
1261 -4.0654 0
1359 -4.0697 0
184 -4.0749 0
1227 -4.0758 0
1401 -4.0839 0
913 -4.0878 0
547 -4.0905 0
1087 -4.0934 0
794 -4.0976 0
1499 -4.0993 0
1351 -4.1072 0
455 -4.1214 0
740 -4.1261 0
1403 -4.1277 0
1040 -4.1397 0
1628 -4.1444 0
1648 -4.1464 0
897 -4.1475 0
1382 -4.1479 0
318 -4.1489 0
235 -4.1603 0
651 -4.1614 0
660 -4.1733 0
1416 -4.1745 0
1111 -4.1763 0
781 -4.1771 0
733 -4.1865 0
1500 -4.1873 0
1410 -4.1889 0
1684 -4.1892 0
1385 -4.1958 0
1270 -4.2048 0
1484 -4.2068 0
796 -4.2077 0
1546 -4.2090 0
1415 -4.2126 0
396 -4.2212 0
682 -4.2368 0
317 -4.2391 0
345 -4.2397 0
1162 -4.2408 0
977 -4.2425 0
1107 -4.2438 0
1291 -4.2469 0
452 -4.2474 0
1348 -4.2491 0
865 -4.2716 0
927 -4.2772 0
923 -4.2791 0
359 -4.2831 0
1296 -4.2844 0
1063 -4.3028 0
1447 -4.3054 0
783 -4.3107 0
1084 -4.3131 0
239 -4.3167 0
1059 -4.3482 0
1453 -4.3514 0
1533 -4.3565 0
719 -4.3582 0
460 -4.3591 0
1140 -4.3627 0
1657 -4.3688 0
1697 -4.3831 0
1436 -4.3851 0
1071 -4.3973 0
1236 -4.4010 0
1522 -4.4112 0
545 -4.4138 0
1622 -4.4145 0
426 -4.4221 0
1012 -4.4235 0
1551 -4.4340 0
884 -4.4355 0
1184 -4.4430 0
1454 -4.4440 0
1244 -4.4489 0
315 -4.4620 0
1511 -4.4665 0
947 -4.4756 0
201 -4.4898 0
1026 -4.4945 0
799 -4.4960 0
1067 -4.4993 0
1425 -4.5143 0
1689 -4.5153 0
1489 -4.5171 0
1080 -4.5205 0
1302 -4.5241 0
1278 -4.5266 0
842 -4.5307 0
1290 -4.5331 0
893 -4.5332 0
1694 -4.5431 0
1053 -4.5445 0
1144 -4.5451 0
1050 -4.5487 0
1674 -4.5571 0
1673 -4.5620 0
1933 -4.5631 0
1532 -4.5767 0
1456 -4.5789 0
822 -4.5797 0
1687 -4.5830 0
340 -4.5845 0
509 -4.5848 0
1695 -4.5929 0
1225 -4.6027 0
1306 -4.6102 0
1114 -4.6160 0
1615 -4.6192 0
672 -4.6220 0
1240 -4.6246 0
394 -4.6395 0
1242 -4.6490 0
313 -4.6499 0
705 -4.6532 0
1330 -4.6532 0
859 -4.6585 0
1093 -4.6596 0
236 -4.6612 0
484 -4.6674 0
1640 -4.6703 0
729 -4.6733 0
1482 -4.6867 0
1466 -4.6878 0
1776 -4.6881 0
937 -4.7032 0
1690 -4.7093 0
790 -4.7194 0
924 -4.7236 0
1451 -4.7255 0
1494 -4.7284 0
1034 -4.7310 0
1783 -4.7310 0
320 -4.7351 0
1238 -4.7384 0
377 -4.7510 0
491 -4.7734 0
508 -4.7917 0
1088 -4.7935 0
1459 -4.7986 0
1605 -4.8008 0
1364 -4.8037 0
1267 -4.8078 0
385 -4.8145 0
776 -4.8171 0
1298 -4.8201 0
1072 -4.8217 0
204 -4.8235 0
1545 -4.8309 0
1467 -4.8495 0
1430 -4.8541 0
1136 -4.8590 0
869 -4.8807 0
342 -4.8879 0
1055 -4.8939 0
1669 -4.8961 0
1797 -4.8986 0
657 -4.9134 0
360 -4.9157 0
1147 -4.9162 0
1631 -4.9186 0
1033 -4.9271 0
1263 -4.9289 0
994 -4.9320 0
1422 -4.9339 0
964 -4.9387 0
1501 -4.9428 0
1650 -4.9467 0
479 -4.9469 0
1521 -4.9533 0
1606 -4.9560 0
1906 -4.9621 0
920 -4.9744 0
1068 -4.9753 0
1234 -4.9807 0
684 -4.9990 0
1625 -5.0032 0
795 -5.0070 0
240 -5.0198 0
1089 -5.0241 0
383 -5.0261 0
750 -5.0269 0
1395 -5.0275 0
1643 -5.0308 0
334 -5.0404 0
732 -5.0503 0
241 -5.0547 0
1303 -5.0578 0
1526 -5.0648 0
1215 -5.0651 0
1493 -5.0790 0
1671 -5.0889 0
1000 -5.0929 0
549 -5.0930 0
459 -5.1097 0
1688 -5.1152 0
1057 -5.1211 0
1652 -5.1283 0
1258 -5.1439 0
1655 -5.1790 0
214 -5.1851 0
472 -5.1871 0
1079 -5.1885 0
1639 -5.1955 0
1672 -5.2025 0
36 -5.2047 0
1609 -5.2148 0
1116 -5.2177 0
1602 -5.2286 0
1344 -5.2296 0
422 -5.2414 0
421 -5.2429 0
311 -5.2448 0
328 -5.2492 0
1619 -5.2705 0
1337 -5.2730 0
1323 -5.2782 0
526 -5.2845 0
663 -5.2959 0
1428 -5.3002 0
890 -5.3020 0
914 -5.3070 0
1463 -5.3120 0
1469 -5.3132 0
507 -5.3155 0
756 -5.3179 0
1487 -5.3438 0
202 -5.3449 0
1656 -5.3530 0
510 -5.3540 0
1350 -5.3583 0
1214 -5.3608 0
353 -5.3679 0
524 -5.3715 0
335 -5.3727 0
322 -5.3827 0
309 -5.3853 0
1663 -5.3967 0
1653 -5.3987 0
1297 -5.3998 0
1333 -5.4078 0
690 -5.4227 0
779 -5.4239 0
469 -5.4280 0
1282 -5.4368 0
949 -5.4435 0
424 -5.4464 0
329 -5.4615 0
540 -5.4620 0
1608 -5.4660 0
694 -5.4675 0
303 -5.4683 0
1614 -5.4774 0
902 -5.4825 0
1070 -5.4891 0
1358 -5.4943 0
691 -5.5059 0
1131 -5.5136 0
1009 -5.5221 0
1464 -5.5221 0
1515 -5.5265 0
656 -5.5297 0
658 -5.5376 0
1341 -5.5409 0
788 -5.5475 0
808 -5.5508 0
957 -5.5511 0
1693 -5.5574 0
1120 -5.5640 0
301 -5.5751 0
1763 -5.5847 0
709 -5.5926 0
1498 -5.6023 0
316 -5.6175 0
1061 -5.6217 0
915 -5.6257 0
1611 -5.6259 0
1437 -5.6355 0
327 -5.6386 0
1603 -5.6452 0
1118 -5.6894 0
1400 -5.7027 0
1473 -5.7047 0
1232 -5.7133 0
1062 -5.7188 0
903 -5.7199 0
1629 -5.7221 0
499 -5.7280 0
1414 -5.7323 0
1421 -5.7478 0
1774 -5.7534 0
1419 -5.7912 0
364 -5.7962 0
1478 -5.8048 0
1355 -5.8301 0
325 -5.8381 0
1504 -5.8506 0
899 -5.8541 0
1497 -5.8544 0
1377 -5.8548 0
1474 -5.8577 0
1455 -5.8599 0
1047 -5.8603 0
944 -5.8608 0
754 -5.8800 0
1287 -5.8813 0
1495 -5.8971 0
670 -5.9312 0
1676 -5.9360 0
1345 -5.9454 0
724 -5.9517 0
1268 -5.9522 0
1461 -5.9586 0
904 -5.9783 0
1601 -5.9794 0
908 -6.0333 0
933 -6.0352 0
1632 -6.0565 0
473 -6.0582 0
1637 -6.0731 0
1677 -6.0757 0
348 -6.0807 0
321 -6.0809 0
1096 -6.0997 0
1658 -6.1378 0
492 -6.1451 0
697 -6.1685 0
1692 -6.1923 0
326 -6.1937 0
1661 -6.2400 0
1023 -6.2761 0
1633 -6.2815 0
1641 -6.2864 0
1604 -6.2925 0
1007 -6.3885 0
1627 -6.3919 0
533 -6.3948 0
229 -6.4301 0
954 -6.4348 0
489 -6.5016 0
1450 -6.5504 0
1597 -6.5821 0
1485 -6.5876 0
1644 -6.5988 0
763 -6.6010 0
468 -6.6251 0
542 -6.6702 0
834 -6.6942 0
1353 -6.7456 0
762 -6.7698 0
1305 -6.8113 0
1679 -6.8359 0
1342 -6.8498 0
1612 -6.8535 0
1617 -6.8652 0
910 -6.8712 0
1104 -6.8873 0
1634 -6.9138 0
464 -6.9172 0
731 -6.9763 0
1680 -6.9850 0
1479 -7.0114 0
1636 -7.0207 0
1647 -7.0571 0
476 -7.0894 0
1448 -7.0907 0
1468 -7.1055 0
300 -7.1356 0
1635 -7.2042 0
955 -7.2425 0
950 -7.2448 0
761 -7.2972 0
791 -7.3640 0
1646 -7.5124 0
1388 -7.5661 0
1209 -7.6161 0
1465 -7.6244 0
1662 -7.6361 0
696 -7.7233 0
1607 -7.7896 0
1462 -7.8394 0
1638 -7.8406 0
1476 -7.9180 0
1039 -7.9607 0
1751 -7.9902 0
1645 -8.7091 0
390 -8.9058 0
