1939 29.6014 1
1943 27.6265 1
1928 25.6839 1
1910 24.0872 1
1949 23.3549 1
1947 22.9953 1
1927 22.8145 1
1923 22.7531 1
1935 22.3447 1
1929 21.0003 1
1926 20.7373 1
1948 20.4185 1
1904 20.2748 1
1916 20.0434 1
1944 19.8130 1
1940 19.7962 1
1901 19.5051 1
1931 19.4184 1
1918 18.6840 1
1922 16.3105 1
1902 15.7954 1
1936 15.6774 1
1914 15.3054 1
1917 15.2157 1
1925 15.0235 1
1911 14.7909 1
1920 14.6160 1
1924 14.3083 1
1934 14.1008 1
1913 14.0412 1
188 12.9079 0
179 12.3248 0
239 12.2392 0
197 12.1414 0
169 11.8831 0
232 11.6847 0
1942 11.4984 1
1988 11.2824 0
1900 11.2550 1
1908 11.2215 1
119 11.1553 0
241 10.9625 0
1912 10.9192 1
205 10.4438 0
207 10.1989 0
1946 9.8775 1
1915 9.8247 1
225 9.7605 0
209 9.4192 0
246 9.1719 0
1938 8.8485 1
236 8.7661 0
1865 8.7045 0
217 8.6554 0
1903 8.5941 1
194 8.2845 0
1921 8.2803 1
202 8.1341 0
191 7.9825 0
161 7.9263 0
178 7.8091 0
1894 7.6940 0
1982 7.6839 0
249 7.6639 0
155 7.4981 0
137 7.3616 0
177 7.3059 0
231 7.2814 0
218 7.1768 0
212 7.1557 0
227 7.0019 0
1803 6.8837 0
1932 6.8699 1
116 6.8648 0
228 6.8436 0
192 6.7640 0
1967 6.7084 0
160 6.6418 0
213 6.6320 0
1937 6.5448 1
203 6.5117 0
1711 6.3954 0
1930 6.3153 1
168 6.2935 0
1909 6.2728 1
1750 6.2352 0
170 6.1874 0
206 6.1645 0
230 6.0942 0
1999 6.0778 0
1829 6.0713 0
1989 6.0398 0
1494 6.0341 0
1845 6.0284 0
215 5.9987 0
185 5.9720 0
248 5.9534 0
1828 5.9465 0
1960 5.9397 0
167 5.9335 0
196 5.8977 0
1983 5.8720 0
1974 5.8429 0
240 5.8205 0
1981 5.7947 0
145 5.7892 0
1969 5.7046 0
1998 5.6952 0
198 5.6113 0
151 5.5950 0
186 5.5600 0
256 5.5561 0
1956 5.5505 0
143 5.4797 0
1609 5.4713 0
140 5.4668 0
224 5.2809 0
115 5.2232 0
1517 5.1821 0
165 5.1440 0
1965 5.1422 0
109 5.1380 0
1810 5.1082 0
1840 5.0698 0
1966 5.0697 0
244 5.0655 0
1962 5.0476 0
150 5.0076 0
183 4.9577 0
139 4.9304 0
176 4.9107 0
1402 4.8587 0
245 4.8563 0
1397 4.8526 0
131 4.7974 0
107 4.7930 0
163 4.7912 0
279 4.7109 0
219 4.6829 0
1954 4.6720 0
1945 4.6493 1
1881 4.6344 0
1736 4.6140 0
1986 4.6089 0
234 4.6072 0
158 4.5978 0
181 4.5835 0
1876 4.5796 0
1424 4.5410 0
1975 4.5173 0
990 4.4729 0
1808 4.4455 0
184 4.4361 0
1038 4.4297 0
1619 4.3745 0
1273 4.3007 0
152 4.3007 0
1443 4.2989 0
250 4.2825 0
175 4.2765 0
149 4.2201 0
138 4.2116 0
104 4.2042 0
39 4.2015 0
74 4.1670 0
195 4.1568 0
1436 4.1199 0
216 4.1112 0
311 4.0790 0
258 4.0682 0
1446 4.0495 0
1955 4.0457 0
1907 4.0433 1
1684 4.0308 0
157 4.0287 0
1854 4.0241 0
1814 4.0075 0
437 3.9655 0
1172 3.9568 0
208 3.8835 0
1701 3.8794 0
67 3.8780 0
211 3.8694 0
190 3.8570 0
1973 3.8287 0
1215 3.8285 0
235 3.8124 0
36 3.8068 0
1968 3.8064 0
136 3.7994 0
1822 3.7961 0
166 3.7500 0
1997 3.7407 0
1905 3.7267 1
1743 3.6995 0
532 3.6982 0
189 3.6971 0
1414 3.6958 0
577 3.6932 0
267 3.6794 0
1525 3.6742 0
1419 3.6417 0
1448 3.6334 0
121 3.6257 0
105 3.5684 0
1970 3.5608 0
56 3.5540 0
222 3.5531 0
193 3.5152 0
1708 3.5146 0
1836 3.4808 0
129 3.4627 0
1950 3.4245 0
1421 3.4231 0
171 3.4137 0
326 3.3933 0
44 3.3793 0
1624 3.3779 0
122 3.3758 0
1976 3.3580 0
590 3.3418 0
62 3.3383 0
54 3.3340 0
1951 3.3266 0
1957 3.3104 0
1877 3.2901 0
287 3.2796 0
144 3.2786 0
233 3.2568 0
1080 3.2505 0
200 3.2382 0
1214 3.2313 0
300 3.2279 0
1880 3.2090 0
291 3.2032 0
220 3.1797 0
128 3.1692 0
503 3.1398 0
1941 3.1294 1
516 3.1048 0
98 3.0596 0
70 3.0491 0
1663 3.0470 0
68 3.0456 0
1296 3.0378 0
223 3.0356 0
415 3.0260 0
103 3.0186 0
1513 3.0097 0
1726 3.0090 0
262 3.0038 0
1885 2.9709 0
833 2.9354 0
1985 2.9215 0
1438 2.9179 0
692 2.9161 0
156 2.9063 0
278 2.9003 0
1933 2.8939 1
238 2.8843 0
1919 2.8775 1
242 2.8690 0
117 2.8400 0
182 2.8389 0
1088 2.8347 0
261 2.8224 0
1742 2.8145 0
1724 2.7849 0
1405 2.7823 0
513 2.7790 0
640 2.7734 0
695 2.7541 0
162 2.7460 0
50 2.7390 0
1874 2.7382 0
201 2.7371 0
1980 2.7277 0
1264 2.7262 0
1872 2.7200 0
1204 2.7109 0
237 2.7104 0
1084 2.7011 0
1282 2.6871 0
1679 2.6812 0
1855 2.6774 0
174 2.6753 0
623 2.6691 0
204 2.6599 0
843 2.6288 0
127 2.5992 0
1958 2.5959 0
159 2.5774 0
548 2.5737 0
72 2.5632 0
1206 2.5628 0
76 2.5592 0
1637 2.5477 0
243 2.5320 0
549 2.5226 0
1729 2.5177 0
214 2.5111 0
1984 2.5076 0
1898 2.4941 0
83 2.4908 0
153 2.4854 0
124 2.4823 0
1416 2.4712 0
1431 2.4698 0
1732 2.4666 0
1878 2.4550 0
1727 2.4346 0
41 2.4332 0
1209 2.4299 0
1433 2.4274 0
1864 2.4080 0
1401 2.4033 0
1422 2.3686 0
112 2.3574 0
304 2.3495 0
102 2.3461 0
1464 2.3393 0
1092 2.3282 0
524 2.3120 0
253 2.3096 0
210 2.3092 0
229 2.3079 0
708 2.3067 0
1325 2.3031 0
1796 2.2835 0
247 2.2789 0
120 2.2774 0
1963 2.2773 0
280 2.2670 0
111 2.2578 0
35 2.2575 0
1847 2.2563 0
1993 2.2394 0
1301 2.2346 0
600 2.2281 0
1990 2.2219 0
1239 2.2069 0
1144 2.1975 0
1831 2.1767 0
180 2.1736 0
113 2.1385 0
834 2.1297 0
1280 2.1253 0
482 2.1162 0
31 2.1125 0
1453 2.1057 0
8 2.0979 0
154 2.0976 0
1660 2.0905 0
703 2.0866 0
1641 2.0802 0
906 2.0594 0
45 2.0575 0
260 2.0497 0
1021 2.0465 0
1613 2.0451 0
1247 2.0378 0
1995 2.0241 0
768 2.0181 0
1647 2.0069 0
1514 2.0015 0
511 1.9926 0
1465 1.9891 0
639 1.9781 0
1979 1.9652 0
1219 1.9648 0
1060 1.9592 0
714 1.9568 0
1255 1.9455 0
73 1.9413 0
884 1.9307 0
1868 1.9263 0
1049 1.9234 0
1635 1.9232 0
48 1.9223 0
1638 1.9201 0
985 1.9079 0
99 1.9053 0
1964 1.8998 0
1953 1.8920 0
1987 1.8827 0
1074 1.8821 0
1063 1.8700 0
1411 1.8684 0
1844 1.8604 0
1735 1.8444 0
1579 1.8358 0
1780 1.8351 0
1977 1.8330 0
1714 1.8201 0
61 1.8148 0
1582 1.8144 0
1846 1.8081 0
23 1.8060 0
1851 1.8033 0
1082 1.8001 0
542 1.7990 0
1001 1.7968 0
1748 1.7945 0
1207 1.7914 0
407 1.7854 0
376 1.7825 0
1861 1.7800 0
1678 1.7742 0
1442 1.7625 0
1102 1.7580 0
106 1.7409 0
737 1.7347 0
1418 1.7342 0
1857 1.7322 0
1205 1.7283 0
1702 1.7208 0
1181 1.7142 0
908 1.7016 0
1238 1.6977 0
1812 1.6975 0
1168 1.6919 0
1797 1.6911 0
1749 1.6892 0
1994 1.6884 0
187 1.6825 0
962 1.6823 0
473 1.6649 0
1188 1.6597 0
1722 1.6557 0
1482 1.6519 0
657 1.6453 0
1879 1.6384 0
1430 1.6296 0
9 1.6228 0
297 1.6075 0
808 1.5976 0
735 1.5971 0
869 1.5930 0
810 1.5923 0
1208 1.5918 0
436 1.5884 0
629 1.5863 0
523 1.5849 0
71 1.5846 0
1024 1.5836 0
949 1.5801 0
272 1.5698 0
1098 1.5658 0
1778 1.5624 0
644 1.5533 0
1491 1.5508 0
1428 1.5483 0
1025 1.5464 0
1118 1.5292 0
1768 1.5283 0
1640 1.5171 0
1045 1.5152 0
976 1.5140 0
1155 1.5127 0
164 1.5061 0
1805 1.5051 0
1420 1.5020 0
265 1.4921 0
619 1.4902 0
1779 1.4885 0
79 1.4825 0
1893 1.4669 0
1000 1.4639 0
292 1.4566 0
1036 1.4502 0
1236 1.4489 0
1449 1.4424 0
1971 1.4331 0
142 1.4269 0
1719 1.4143 0
387 1.4041 0
1531 1.4029 0
1400 1.3996 0
1862 1.3902 0
1083 1.3860 0
2 1.3839 0
316 1.3770 0
517 1.3764 0
350 1.3661 0
268 1.3648 0
141 1.3609 0
753 1.3306 0
804 1.3277 0
526 1.3260 0
1621 1.3212 0
1076 1.3125 0
470 1.3037 0
19 1.3036 0
528 1.2968 0
484 1.2952 0
25 1.2936 0
934 1.2903 0
1081 1.2893 0
1056 1.2797 0
66 1.2778 0
466 1.2703 0
1739 1.2669 0
1562 1.2517 0
1404 1.2496 0
1227 1.2494 0
1644 1.2344 0
1069 1.2152 0
1858 1.2089 0
1992 1.2033 0
1441 1.1991 0
918 1.1853 0
1053 1.1778 0
433 1.1763 0
497 1.1704 0
1051 1.1679 0
1972 1.1675 0
315 1.1643 0
148 1.1638 0
1557 1.1635 0
108 1.1627 0
7 1.1617 0
1811 1.1604 0
130 1.1569 0
1479 1.1549 0
1186 1.1447 0
1572 1.1442 0
756 1.1426 0
3 1.1399 0
813 1.1375 0
1815 1.1362 0
807 1.1350 0
729 1.1342 0
930 1.1335 0
1066 1.1309 0
110 1.1296 0
1848 1.1277 0
1632 1.1261 0
1827 1.1242 0
1152 1.1157 0
1435 1.1117 0
1495 1.0806 0
1342 1.0801 0
525 1.0763 0
892 1.0726 0
1086 1.0708 0
519 1.0663 0
1710 1.0630 0
935 1.0530 0
1715 1.0513 0
1680 1.0490 0
643 1.0476 0
951 1.0432 0
1991 1.0416 0
1833 1.0403 0
1791 1.0311 0
1578 1.0286 0
133 1.0215 0
1016 1.0176 0
1450 1.0140 0
337 1.0105 0
1191 1.0040 0
1600 0.9971 0
1445 0.9971 0
720 0.9965 0
1488 0.9850 0
1906 0.9775 1
450 0.9715 0
1217 0.9647 0
34 0.9629 0
1159 0.9575 0
535 0.9489 0
1323 0.9489 0
441 0.9449 0
370 0.9441 0
43 0.9435 0
257 0.9426 0
1892 0.9389 0
1801 0.9323 0
1728 0.9222 0
1277 0.9212 0
296 0.9121 0
1813 0.9093 0
1959 0.9087 0
1570 0.9087 0
1526 0.9083 0
1824 0.9077 0
254 0.9035 0
1026 0.8991 0
838 0.8911 0
1018 0.8884 0
1866 0.8860 0
610 0.8800 0
928 0.8784 0
1859 0.8780 0
1793 0.8779 0
428 0.8683 0
96 0.8616 0
1757 0.8517 0
1754 0.8341 0
26 0.8341 0
1361 0.8287 0
1598 0.8189 0
1559 0.8124 0
1377 0.7994 0
1077 0.7916 0
1151 0.7841 0
1681 0.7821 0
1496 0.7771 0
763 0.7759 0
1356 0.7711 0
1883 0.7665 0
1455 0.7627 0
114 0.7627 0
172 0.7614 0
1667 0.7607 0
1481 0.7600 0
1769 0.7586 0
1231 0.7559 0
1234 0.7532 0
1835 0.7488 0
1636 0.7444 0
1821 0.7434 0
285 0.7407 0
1741 0.7383 0
1765 0.7376 0
1809 0.7365 0
1693 0.7354 0
625 0.7260 0
1078 0.7243 0
1629 0.7185 0
886 0.7170 0
1761 0.7165 0
847 0.7105 0
1642 0.6967 0
478 0.6795 0
1211 0.6730 0
1116 0.6717 0
1630 0.6634 0
13 0.6546 0
1785 0.6529 0
135 0.6526 0
1786 0.6455 0
845 0.6340 0
28 0.6338 0
14 0.6284 0
1884 0.6256 0
1775 0.6212 0
1604 0.6158 0
1439 0.6126 0
1232 0.6106 0
251 0.6102 0
1461 0.6082 0
1070 0.6068 0
1616 0.5999 0
506 0.5979 0
1407 0.5977 0
925 0.5949 0
1895 0.5914 0
1890 0.5893 0
282 0.5844 0
961 0.5842 0
1294 0.5830 0
255 0.5824 0
226 0.5752 0
557 0.5716 0
567 0.5661 0
638 0.5655 0
321 0.5645 0
453 0.5628 0
1646 0.5613 0
53 0.5501 0
707 0.5404 0
1 0.5376 0
1096 0.5372 0
259 0.5316 0
1042 0.5306 0
1541 0.5265 0
439 0.5130 0
536 0.5100 0
1425 0.5065 0
1899 0.5050 0
1869 0.5032 0
1316 0.5025 0
95 0.5016 0
134 0.4933 0
816 0.4856 0
685 0.4839 0
1738 0.4796 0
80 0.4776 0
75 0.4739 0
1891 0.4730 0
273 0.4693 0
1153 0.4672 0
1746 0.4611 0
1687 0.4592 0
824 0.4479 0
1432 0.4463 0
1062 0.4336 0
1568 0.4296 0
1978 0.4256 0
1770 0.4232 0
518 0.4218 0
1284 0.4217 0
344 0.4214 0
82 0.4170 0
1875 0.4149 0
1631 0.4123 0
1293 0.3977 0
1524 0.3922 0
1697 0.3873 0
937 0.3869 0
101 0.3853 0
1581 0.3819 0
1148 0.3781 0
613 0.3729 0
16 0.3628 0
173 0.3625 0
1417 0.3602 0
1804 0.3585 0
1008 0.3533 0
12 0.3522 0
1569 0.3482 0
1577 0.3447 0
85 0.3391 0
302 0.3378 0
1545 0.3366 0
63 0.3363 0
1403 0.3316 0
1334 0.3312 0
1037 0.3290 0
510 0.3213 0
817 0.3155 0
663 0.3131 0
1252 0.3053 0
776 0.3041 0
442 0.3004 0
1471 0.2936 0
293 0.2902 0
313 0.2890 0
323 0.2866 0
1601 0.2853 0
495 0.2850 0
718 0.2811 0
1185 0.2802 0
615 0.2772 0
305 0.2730 0
430 0.2692 0
60 0.2678 0
87 0.2622 0
11 0.2502 0
953 0.2465 0
485 0.2375 0
89 0.2308 0
1567 0.2241 0
378 0.2227 0
1830 0.2212 0
1341 0.2178 0
852 0.2172 0
1180 0.2164 0
672 0.2150 0
15 0.2117 0
294 0.2096 0
88 0.2091 0
271 0.2091 0
1558 0.2090 0
1731 0.2075 0
1590 0.2061 0
381 0.2041 0
836 0.2025 0
545 0.1993 0
740 0.1947 0
1654 0.1915 0
704 0.1888 0
1276 0.1874 0
1176 0.1873 0
1072 0.1845 0
1476 0.1840 0
1546 0.1756 0
907 0.1702 0
1571 0.1591 0
1091 0.1546 0
1093 0.1514 0
5 0.1423 0
715 0.1353 0
942 0.1343 0
1338 0.1256 0
1469 0.1253 0
1462 0.1191 0
1564 0.1171 0
952 0.1089 0
1095 0.0957 0
1094 0.0925 0
1309 0.0920 0
395 0.0857 0
1201 0.0765 0
655 0.0741 0
339 0.0705 0
1331 0.0684 0
802 0.0681 0
556 0.0637 0
1594 0.0626 0
1474 0.0616 0
527 0.0529 0
758 0.0471 0
1669 0.0457 0
1429 0.0416 0
582 0.0354 0
863 0.0237 0
1675 0.0236 0
1716 0.0212 0
1887 0.0177 0
1744 0.0165 0
1198 0.0158 0
1456 0.0141 0
1460 0.0139 0
1035 0.0116 0
1740 0.0068 0
632 0.0059 0
419 0.0006 0
401 -0.0013 0
1017 -0.0129 0
529 -0.0142 0
1703 -0.0153 0
284 -0.0274 0
1033 -0.0274 0
1961 -0.0299 0
1415 -0.0301 0
275 -0.0303 0
146 -0.0324 0
32 -0.0331 0
1720 -0.0379 0
1882 -0.0380 0
360 -0.0417 0
1627 -0.0589 0
1010 -0.0657 0
1447 -0.0698 0
1315 -0.0787 0
1213 -0.0825 0
1426 -0.0850 0
1040 -0.0864 0
848 -0.0894 0
1406 -0.0901 0
1618 -0.0933 0
1281 -0.0972 0
1241 -0.1007 0
1434 -0.1036 0
1734 -0.1100 0
438 -0.1110 0
1179 -0.1156 0
486 -0.1169 0
760 -0.1172 0
1472 -0.1212 0
1286 -0.1263 0
539 -0.1291 0
909 -0.1344 0
690 -0.1397 0
22 -0.1424 0
1505 -0.1455 0
1059 -0.1492 0
1625 -0.1495 0
1228 -0.1511 0
1535 -0.1512 0
1003 -0.1535 0
1575 -0.1546 0
1856 -0.1613 0
696 -0.1626 0
676 -0.1681 0
454 -0.1694 0
1823 -0.1698 0
1244 -0.1708 0
940 -0.1709 0
1789 -0.1772 0
1540 -0.1772 0
1649 -0.1790 0
266 -0.1801 0
1834 -0.1898 0
1240 -0.1904 0
274 -0.1909 0
1023 -0.1926 0
555 -0.1958 0
1792 -0.2039 0
594 -0.2061 0
307 -0.2116 0
1139 -0.2123 0
607 -0.2159 0
806 -0.2171 0
452 -0.2204 0
1615 -0.2218 0
126 -0.2218 0
596 -0.2234 0
1597 -0.2242 0
335 -0.2296 0
1486 -0.2312 0
1784 -0.2352 0
1507 -0.2376 0
1052 -0.2397 0
264 -0.2400 0
1120 -0.2427 0
1150 -0.2452 0
17 -0.2487 0
100 -0.2522 0
919 -0.2531 0
1141 -0.2559 0
955 -0.2561 0
57 -0.2579 0
501 -0.2598 0
1873 -0.2739 0
1178 -0.2741 0
1692 -0.2840 0
957 -0.2864 0
534 -0.2873 0
1047 -0.2897 0
929 -0.2921 0
1599 -0.2926 0
270 -0.2933 0
870 -0.2982 0
522 -0.2990 0
477 -0.2998 0
1087 -0.3015 0
739 -0.3024 0
55 -0.3045 0
1321 -0.3049 0
406 -0.3085 0
713 -0.3118 0
1499 -0.3126 0
881 -0.3180 0
648 -0.3186 0
1202 -0.3205 0
586 -0.3233 0
583 -0.3242 0
1713 -0.3254 0
1497 -0.3265 0
1192 -0.3270 0
1777 -0.3299 0
1225 -0.3345 0
563 -0.3362 0
1539 -0.3382 0
1437 -0.3390 0
4 -0.3403 0
1759 -0.3410 0
826 -0.3436 0
1802 -0.3471 0
561 -0.3484 0
1576 -0.3486 0
1707 -0.3523 0
1871 -0.3610 0
765 -0.3631 0
1193 -0.3733 0
1089 -0.3736 0
392 -0.3814 0
1212 -0.3832 0
1203 -0.3834 0
1117 -0.3836 0
90 -0.3868 0
1242 -0.3884 0
1807 -0.3912 0
903 -0.3936 0
458 -0.3938 0
900 -0.3952 0
1346 -0.4034 0
725 -0.4043 0
81 -0.4072 0
1266 -0.4074 0
1254 -0.4077 0
712 -0.4079 0
500 -0.4247 0
18 -0.4271 0
404 -0.4273 0
1509 -0.4301 0
0 -0.4372 0
1766 -0.4374 0
1245 -0.4385 0
1145 -0.4392 0
494 -0.4400 0
1278 -0.4413 0
1725 -0.4436 0
1747 -0.4436 0
1195 -0.4442 0
541 -0.4450 0
1551 -0.4468 0
1648 -0.4477 0
1129 -0.4480 0
1566 -0.4495 0
574 -0.4518 0
463 -0.4535 0
1107 -0.4540 0
631 -0.4579 0
1275 -0.4591 0
1839 -0.4592 0
132 -0.4601 0
595 -0.4623 0
1409 -0.4648 0
544 -0.4667 0
750 -0.4728 0
642 -0.4737 0
328 -0.4819 0
1468 -0.4835 0
820 -0.4907 0
1502 -0.4919 0
1189 -0.4956 0
1500 -0.5001 0
1825 -0.5029 0
1099 -0.5112 0
390 -0.5162 0
946 -0.5164 0
1896 -0.5176 0
1633 -0.5216 0
1262 -0.5225 0
298 -0.5302 0
375 -0.5327 0
1335 -0.5338 0
1554 -0.5357 0
726 -0.5373 0
474 -0.5389 0
1355 -0.5423 0
504 -0.5426 0
1897 -0.5426 0
1556 -0.5487 0
947 -0.5497 0
1653 -0.5526 0
277 -0.5647 0
221 -0.5648 0
1730 -0.5659 0
1751 -0.5826 0
421 -0.5831 0
585 -0.5872 0
621 -0.5910 0
975 -0.5915 0
338 -0.5920 0
856 -0.5921 0
118 -0.5933 0
832 -0.5938 0
1071 -0.5940 0
199 -0.5942 0
593 -0.5966 0
1555 -0.5992 0
1444 -0.6031 0
1156 -0.6032 0
701 -0.6062 0
1671 -0.6066 0
1458 -0.6147 0
69 -0.6180 0
724 -0.6200 0
568 -0.6206 0
1167 -0.6209 0
358 -0.6223 0
1090 -0.6246 0
1258 -0.6248 0
788 -0.6254 0
1134 -0.6299 0
1110 -0.6301 0
1328 -0.6303 0
1061 -0.6304 0
759 -0.6305 0
1717 -0.6337 0
669 -0.6354 0
1888 -0.6367 0
1412 -0.6377 0
1672 -0.6412 0
1788 -0.6418 0
1608 -0.6440 0
580 -0.6478 0
1459 -0.6488 0
1591 -0.6498 0
1506 -0.6551 0
1689 -0.6553 0
1503 -0.6573 0
1863 -0.6619 0
1085 -0.6637 0
1237 -0.6646 0
92 -0.6654 0
1698 -0.6682 0
1485 -0.6702 0
1065 -0.6704 0
1723 -0.6730 0
1852 -0.6757 0
681 -0.6765 0
1365 -0.6772 0
800 -0.6777 0
1267 -0.6794 0
1440 -0.6858 0
538 -0.6872 0
1529 -0.6875 0
738 -0.6875 0
402 -0.6924 0
1850 -0.6960 0
923 -0.7009 0
1952 -0.7031 0
1518 -0.7064 0
1372 -0.7079 0
435 -0.7142 0
1004 -0.7147 0
1030 -0.7163 0
752 -0.7202 0
269 -0.7273 0
926 -0.7339 0
364 -0.7350 0
956 -0.7357 0
748 -0.7388 0
605 -0.7389 0
1745 -0.7397 0
941 -0.7412 0
411 -0.7450 0
1079 -0.7453 0
1343 -0.7516 0
306 -0.7575 0
1366 -0.7657 0
1549 -0.7673 0
1279 -0.7677 0
801 -0.7691 0
540 -0.7694 0
889 -0.7721 0
1552 -0.7756 0
564 -0.7873 0
1392 -0.7929 0
1014 -0.7978 0
418 -0.7999 0
1184 -0.8145 0
1044 -0.8217 0
1327 -0.8226 0
1756 -0.8247 0
1345 -0.8290 0
888 -0.8311 0
1733 -0.8323 0
1860 -0.8380 0
21 -0.8419 0
1534 -0.8449 0
324 -0.8536 0
792 -0.8542 0
1504 -0.8571 0
1182 -0.8586 0
1408 -0.8614 0
1298 -0.8614 0
986 -0.8619 0
46 -0.8633 0
1162 -0.8654 0
1753 -0.8725 0
1737 -0.8738 0
459 -0.8821 0
1413 -0.8842 0
1565 -0.8887 0
403 -0.8913 0
995 -0.8917 0
491 -0.8935 0
1645 -0.8940 0
1410 -0.8944 0
397 -0.8978 0
1467 -0.8980 0
1688 -0.8986 0
849 -0.9047 0
1360 -0.9061 0
902 -0.9071 0
20 -0.9109 0
1782 -0.9151 0
749 -0.9157 0
1383 -0.9175 0
30 -0.9192 0
837 -0.9241 0
698 -0.9301 0
1218 -0.9411 0
27 -0.9434 0
1329 -0.9437 0
1384 -0.9454 0
47 -0.9462 0
744 -0.9469 0
480 -0.9473 0
650 -0.9474 0
469 -0.9510 0
1643 -0.9517 0
805 -0.9536 0
476 -0.9550 0
543 -0.9578 0
1522 -0.9604 0
97 -0.9681 0
1520 -0.9688 0
932 -0.9712 0
622 -0.9736 0
1344 -0.9759 0
608 -0.9763 0
920 -0.9790 0
1755 -0.9801 0
347 -0.9824 0
426 -0.9839 0
784 -0.9867 0
125 -0.9921 0
327 -0.9969 0
1484 -0.9985 0
1268 -0.9993 0
1842 -1.0016 0
1817 -1.0020 0
1312 -1.0041 0
1012 -1.0041 0
645 -1.0056 0
992 -1.0057 0
505 -1.0069 0
1457 -1.0078 0
396 -1.0108 0
410 -1.0147 0
573 -1.0184 0
954 -1.0220 0
289 -1.0312 0
1683 -1.0327 0
49 -1.0359 0
24 -1.0397 0
1657 -1.0460 0
1048 -1.0460 0
1265 -1.0465 0
1682 -1.0493 0
288 -1.0526 0
660 -1.0545 0
822 -1.0560 0
345 -1.0570 0
1589 -1.0574 0
1617 -1.0583 0
1314 -1.0591 0
1393 -1.0607 0
1160 -1.0644 0
743 -1.0724 0
578 -1.0847 0
1210 -1.0915 0
341 -1.0925 0
662 -1.0967 0
915 -1.0970 0
700 -1.1011 0
1396 -1.1028 0
29 -1.1091 0
939 -1.1164 0
42 -1.1221 0
927 -1.1223 0
1224 -1.1252 0
721 -1.1255 0
661 -1.1281 0
899 -1.1289 0
475 -1.1391 0
728 -1.1466 0
601 -1.1478 0
1009 -1.1496 0
722 -1.1503 0
1005 -1.1536 0
917 -1.1573 0
1587 -1.1573 0
1270 -1.1663 0
1818 -1.1666 0
963 -1.1666 0
1699 -1.1672 0
702 -1.1690 0
1140 -1.1712 0
1112 -1.1714 0
1838 -1.1719 0
412 -1.1721 0
371 -1.1758 0
363 -1.1786 0
780 -1.1801 0
1605 -1.1910 0
571 -1.1934 0
980 -1.1996 0
989 -1.2009 0
572 -1.2087 0
520 -1.2099 0
84 -1.2152 0
1776 -1.2154 0
1127 -1.2160 0
1379 -1.2172 0
1758 -1.2190 0
1690 -1.2201 0
687 -1.2212 0
1339 -1.2218 0
559 -1.2232 0
1704 -1.2246 0
719 -1.2255 0
1475 -1.2262 0
1380 -1.2280 0
1473 -1.2284 0
1220 -1.2290 0
1611 -1.2294 0
449 -1.2427 0
1249 -1.2431 0
1039 -1.2471 0
1658 -1.2541 0
866 -1.2577 0
457 -1.2586 0
1519 -1.2635 0
1427 -1.2688 0
1563 -1.2748 0
1371 -1.2765 0
1596 -1.2841 0
1670 -1.2842 0
429 -1.2855 0
368 -1.2864 0
1109 -1.2882 0
508 -1.2979 0
1068 -1.2982 0
351 -1.3014 0
1492 -1.3050 0
1050 -1.3067 0
1700 -1.3074 0
1348 -1.3137 0
51 -1.3162 0
444 -1.3237 0
1639 -1.3261 0
1288 -1.3337 0
842 -1.3403 0
1530 -1.3460 0
1694 -1.3481 0
91 -1.3483 0
734 -1.3488 0
1307 -1.3496 0
1261 -1.3519 0
384 -1.3528 0
1806 -1.3540 0
1712 -1.3544 0
1336 -1.3549 0
1041 -1.3551 0
891 -1.3558 0
372 -1.3579 0
882 -1.3601 0
1359 -1.3647 0
1790 -1.3669 0
1290 -1.3701 0
451 -1.3704 0
618 -1.3732 0
1853 -1.3737 0
741 -1.3789 0
1332 -1.3793 0
1560 -1.3794 0
1330 -1.3833 0
1131 -1.3835 0
1527 -1.3865 0
606 -1.3913 0
1295 -1.3915 0
1763 -1.3915 0
432 -1.3920 0
710 -1.3931 0
1610 -1.3943 0
1607 -1.3944 0
597 -1.3951 0
1544 -1.3953 0
1046 -1.4044 0
1370 -1.4067 0
862 -1.4164 0
1677 -1.4173 0
447 -1.4177 0
1816 -1.4193 0
1573 -1.4194 0
33 -1.4207 0
427 -1.4309 0
1478 -1.4367 0
1259 -1.4372 0
479 -1.4373 0
1533 -1.4403 0
1774 -1.4411 0
829 -1.4432 0
658 -1.4455 0
575 -1.4489 0
680 -1.4555 0
1595 -1.4571 0
1537 -1.4583 0
1620 -1.4614 0
1034 -1.4629 0
745 -1.4664 0
1177 -1.4675 0
905 -1.4699 0
1349 -1.4708 0
603 -1.4715 0
276 -1.4736 0
551 -1.4743 0
1783 -1.4767 0
781 -1.4781 0
646 -1.4878 0
1767 -1.4892 0
617 -1.4898 0
1317 -1.4923 0
502 -1.4927 0
1399 -1.4946 0
778 -1.4978 0
764 -1.4984 0
94 -1.5036 0
123 -1.5230 0
835 -1.5236 0
1157 -1.5237 0
823 -1.5246 0
887 -1.5317 0
635 -1.5317 0
651 -1.5446 0
1685 -1.5457 0
782 -1.5466 0
547 -1.5479 0
356 -1.5530 0
770 -1.5602 0
1274 -1.5646 0
507 -1.5646 0
1463 -1.5673 0
1795 -1.5675 0
281 -1.5685 0
1196 -1.5687 0
1512 -1.5711 0
290 -1.5712 0
855 -1.5735 0
1668 -1.5774 0
1221 -1.5791 0
828 -1.5795 0
550 -1.5799 0
1771 -1.5914 0
1376 -1.5918 0
1391 -1.5920 0
489 -1.5933 0
1490 -1.5975 0
591 -1.5981 0
354 -1.5983 0
1064 -1.5984 0
465 -1.6005 0
711 -1.6005 0
977 -1.6021 0
440 -1.6037 0
1454 -1.6064 0
1256 -1.6072 0
1487 -1.6103 0
1586 -1.6156 0
1543 -1.6158 0
1662 -1.6164 0
871 -1.6173 0
562 -1.6204 0
924 -1.6270 0
1216 -1.6282 0
488 -1.6284 0
874 -1.6285 0
1451 -1.6339 0
420 -1.6372 0
1528 -1.6382 0
498 -1.6419 0
1547 -1.6439 0
1111 -1.6476 0
1553 -1.6578 0
851 -1.6579 0
958 -1.6591 0
936 -1.6623 0
1340 -1.6643 0
1310 -1.6644 0
1230 -1.6739 0
385 -1.6761 0
933 -1.6827 0
1272 -1.6848 0
978 -1.6865 0
512 -1.6871 0
1291 -1.6877 0
546 -1.6901 0
1304 -1.6922 0
1223 -1.6971 0
811 -1.7007 0
1235 -1.7060 0
374 -1.7065 0
1652 -1.7094 0
1358 -1.7106 0
1498 -1.7111 0
1373 -1.7148 0
1623 -1.7183 0
388 -1.7201 0
330 -1.7250 0
1762 -1.7287 0
785 -1.7427 0
1015 -1.7440 0
52 -1.7456 0
1166 -1.7497 0
1130 -1.7501 0
1154 -1.7531 0
825 -1.7578 0
1163 -1.7590 0
1320 -1.7590 0
386 -1.7627 0
894 -1.7630 0
1097 -1.7640 0
1326 -1.7651 0
1381 -1.7664 0
1269 -1.7667 0
252 -1.7795 0
794 -1.7829 0
1067 -1.7848 0
1709 -1.7874 0
382 -1.7887 0
93 -1.7911 0
1423 -1.7926 0
1705 -1.7968 0
1299 -1.7979 0
1251 -1.8004 0
464 -1.8006 0
1174 -1.8014 0
1142 -1.8052 0
1606 -1.8073 0
1043 -1.8079 0
1523 -1.8088 0
994 -1.8092 0
839 -1.8107 0
821 -1.8126 0
295 -1.8129 0
515 -1.8135 0
1319 -1.8143 0
398 -1.8173 0
896 -1.8185 0
286 -1.8197 0
1583 -1.8214 0
1602 -1.8215 0
1787 -1.8230 0
424 -1.8233 0
830 -1.8318 0
1593 -1.8331 0
664 -1.8359 0
460 -1.8368 0
332 -1.8379 0
1550 -1.8395 0
1253 -1.8462 0
1054 -1.8484 0
533 -1.8497 0
1364 -1.8511 0
859 -1.8557 0
665 -1.8643 0
1243 -1.8662 0
530 -1.8716 0
659 -1.8729 0
86 -1.8893 0
1229 -1.8897 0
948 -1.8970 0
1659 -1.8981 0
921 -1.8997 0
773 -1.9007 0
468 -1.9010 0
699 -1.9012 0
1128 -1.9015 0
1263 -1.9015 0
1122 -1.9054 0
1622 -1.9127 0
1057 -1.9136 0
318 -1.9177 0
461 -1.9188 0
391 -1.9223 0
716 -1.9271 0
320 -1.9275 0
612 -1.9292 0
757 -1.9332 0
1794 -1.9357 0
1222 -1.9379 0
796 -1.9386 0
1470 -1.9427 0
809 -1.9429 0
357 -1.9434 0
860 -1.9461 0
552 -1.9470 0
1561 -1.9568 0
1508 -1.9594 0
1108 -1.9647 0
602 -1.9671 0
797 -1.9701 0
263 -1.9721 0
1103 -1.9765 0
1075 -1.9786 0
1194 -1.9904 0
599 -1.9920 0
993 -1.9942 0
1105 -2.0033 0
1634 -2.0042 0
554 -2.0115 0
1058 -2.0167 0
1007 -2.0196 0
566 -2.0209 0
1305 -2.0210 0
560 -2.0221 0
688 -2.0229 0
584 -2.0262 0
1135 -2.0272 0
1798 -2.0275 0
1493 -2.0297 0
521 -2.0305 0
1055 -2.0324 0
789 -2.0456 0
1510 -2.0466 0
1387 -2.0493 0
1628 -2.0494 0
1584 -2.0508 0
786 -2.0519 0
400 -2.0524 0
633 -2.0536 0
880 -2.0605 0
1386 -2.0802 0
653 -2.0870 0
913 -2.0882 0
1706 -2.0931 0
1199 -2.0944 0
968 -2.0945 0
1027 -2.1004 0
10 -2.1033 0
1650 -2.1044 0
689 -2.1138 0
434 -2.1215 0
1363 -2.1256 0
981 -2.1267 0
362 -2.1268 0
732 -2.1297 0
867 -2.1315 0
1996 -2.1321 0
1115 -2.1328 0
922 -2.1332 0
487 -2.1338 0
1136 -2.1341 0
1175 -2.1372 0
1378 -2.1391 0
309 -2.1391 0
499 -2.1399 0
59 -2.1402 0
1752 -2.1404 0
409 -2.1477 0
1772 -2.1521 0
987 -2.1530 0
1020 -2.1577 0
1161 -2.1620 0
380 -2.1620 0
751 -2.1622 0
898 -2.1630 0
317 -2.1650 0
774 -2.1685 0
393 -2.1686 0
37 -2.1831 0
1773 -2.1845 0
1781 -2.1919 0
1477 -2.1955 0
799 -2.1973 0
761 -2.2020 0
1375 -2.2070 0
312 -2.2120 0
746 -2.2132 0
1187 -2.2185 0
1483 -2.2195 0
423 -2.2224 0
1350 -2.2258 0
819 -2.2321 0
636 -2.2409 0
783 -2.2413 0
1313 -2.2449 0
576 -2.2481 0
1169 -2.2482 0
723 -2.2514 0
754 -2.2587 0
637 -2.2602 0
1362 -2.2611 0
1013 -2.2684 0
1870 -2.2729 0
1292 -2.2766 0
1466 -2.2783 0
346 -2.2800 0
1271 -2.2808 0
413 -2.2838 0
1592 -2.2869 0
589 -2.3002 0
965 -2.3074 0
64 -2.3116 0
844 -2.3126 0
609 -2.3161 0
945 -2.3177 0
769 -2.3276 0
1843 -2.3327 0
314 -2.3348 0
1246 -2.3367 0
455 -2.3372 0
1666 -2.3465 0
1603 -2.3499 0
342 -2.3604 0
1686 -2.3606 0
914 -2.3621 0
65 -2.3670 0
431 -2.3722 0
803 -2.3786 0
679 -2.3788 0
1114 -2.3802 0
1886 -2.3819 0
931 -2.3852 0
579 -2.3983 0
840 -2.4112 0
1260 -2.4137 0
1585 -2.4203 0
649 -2.4209 0
628 -2.4229 0
814 -2.4231 0
336 -2.4278 0
1760 -2.4287 0
379 -2.4383 0
1287 -2.4403 0
352 -2.4405 0
901 -2.4454 0
1764 -2.4454 0
1303 -2.4459 0
78 -2.4600 0
1480 -2.4683 0
1841 -2.4705 0
1515 -2.4731 0
348 -2.4767 0
408 -2.4813 0
877 -2.4817 0
1837 -2.4823 0
367 -2.4828 0
771 -2.4917 0
910 -2.4947 0
1394 -2.4986 0
448 -2.4995 0
611 -2.5000 0
1113 -2.5014 0
984 -2.5036 0
325 -2.5105 0
916 -2.5136 0
668 -2.5259 0
558 -2.5317 0
673 -2.5332 0
624 -2.5337 0
1011 -2.5430 0
1826 -2.5471 0
733 -2.5502 0
445 -2.5519 0
731 -2.5610 0
616 -2.5620 0
303 -2.5633 0
1800 -2.5689 0
1119 -2.5706 0
1395 -2.5737 0
705 -2.5749 0
1226 -2.5761 0
38 -2.5806 0
1197 -2.5808 0
960 -2.5814 0
964 -2.5874 0
467 -2.5963 0
399 -2.5997 0
787 -2.6007 0
912 -2.6026 0
1029 -2.6056 0
1170 -2.6072 0
1165 -2.6138 0
791 -2.6191 0
1501 -2.6210 0
812 -2.6291 0
417 -2.6312 0
456 -2.6365 0
736 -2.6368 0
1389 -2.6369 0
1626 -2.6424 0
943 -2.6496 0
1656 -2.6528 0
1489 -2.6539 0
982 -2.6540 0
588 -2.6549 0
1190 -2.6556 0
349 -2.6567 0
1368 -2.6603 0
58 -2.6616 0
1799 -2.6646 0
319 -2.6661 0
1031 -2.6684 0
147 -2.6698 0
626 -2.6888 0
1123 -2.6948 0
1233 -2.6962 0
405 -2.6985 0
366 -2.7024 0
677 -2.7042 0
1369 -2.7043 0
1574 -2.7064 0
1820 -2.7079 0
872 -2.7085 0
1300 -2.7125 0
747 -2.7198 0
1673 -2.7243 0
1655 -2.7287 0
77 -2.7301 0
853 -2.7362 0
983 -2.7388 0
876 -2.7469 0
1200 -2.7488 0
1385 -2.7490 0
1511 -2.7518 0
775 -2.7551 0
1696 -2.7564 0
1022 -2.7723 0
671 -2.7763 0
904 -2.7860 0
496 -2.7862 0
1183 -2.7901 0
446 -2.7915 0
369 -2.7982 0
634 -2.8084 0
1308 -2.8198 0
717 -2.8213 0
858 -2.8310 0
885 -2.8328 0
1548 -2.8419 0
1516 -2.8460 0
587 -2.8475 0
1158 -2.8497 0
353 -2.8500 0
483 -2.8539 0
389 -2.8575 0
897 -2.8607 0
1173 -2.8683 0
1542 -2.8710 0
1867 -2.8734 0
509 -2.8765 0
1819 -2.8765 0
1889 -2.8786 0
1390 -2.8794 0
1302 -2.8799 0
1285 -2.8851 0
333 -2.8860 0
355 -2.9012 0
1352 -2.9060 0
1651 -2.9105 0
1106 -2.9181 0
944 -2.9219 0
1146 -2.9254 0
793 -2.9313 0
846 -2.9359 0
674 -2.9364 0
301 -2.9406 0
322 -2.9433 0
299 -2.9482 0
682 -2.9491 0
1257 -2.9519 0
709 -2.9531 0
755 -2.9531 0
1133 -2.9616 0
873 -2.9616 0
998 -2.9662 0
416 -2.9692 0
865 -2.9775 0
1318 -2.9791 0
1019 -2.9821 0
1538 -2.9827 0
569 -2.9937 0
974 -2.9970 0
383 -2.9984 0
553 -3.0008 0
537 -3.0071 0
1164 -3.0113 0
1297 -3.0161 0
598 -3.0217 0
365 -3.0245 0
675 -3.0256 0
1143 -3.0310 0
604 -3.0313 0
831 -3.0347 0
890 -3.0360 0
1322 -3.0437 0
1337 -3.0518 0
490 -3.0595 0
911 -3.0684 0
443 -3.0735 0
841 -3.0757 0
620 -3.0795 0
857 -3.0858 0
1614 -3.0912 0
425 -3.1078 0
1721 -3.1115 0
1248 -3.1119 0
1171 -3.1127 0
772 -3.1336 0
973 -3.1394 0
1100 -3.1477 0
1367 -3.1546 0
762 -3.1551 0
999 -3.1557 0
693 -3.1558 0
1832 -3.1726 0
766 -3.1736 0
777 -3.1814 0
895 -3.1989 0
1661 -3.2054 0
471 -3.2071 0
570 -3.2140 0
1580 -3.2153 0
565 -3.2250 0
1718 -3.2295 0
340 -3.2439 0
815 -3.2700 0
334 -3.2800 0
514 -3.2822 0
875 -3.3040 0
652 -3.3322 0
1664 -3.3363 0
779 -3.3367 0
654 -3.3370 0
1398 -3.3410 0
1374 -3.3440 0
343 -3.3611 0
818 -3.3614 0
283 -3.3653 0
641 -3.3710 0
414 -3.3734 0
950 -3.3751 0
394 -3.3810 0
938 -3.3862 0
462 -3.3921 0
1674 -3.3922 0
972 -3.4156 0
1149 -3.4297 0
1125 -3.4371 0
790 -3.4371 0
1104 -3.4467 0
683 -3.4573 0
310 -3.4692 0
329 -3.4767 0
706 -3.4814 0
531 -3.4815 0
1006 -3.4945 0
308 -3.5423 0
40 -3.5464 0
1333 -3.5524 0
1311 -3.5743 0
656 -3.5794 0
6 -3.5830 0
377 -3.5834 0
359 -3.5847 0
878 -3.5894 0
1353 -3.6091 0
1676 -3.6148 0
1521 -3.6165 0
854 -3.6218 0
1452 -3.6248 0
970 -3.6500 0
481 -3.6501 0
1124 -3.6571 0
1588 -3.6717 0
667 -3.6762 0
1306 -3.7246 0
1612 -3.7307 0
361 -3.7331 0
1101 -3.7394 0
969 -3.7831 0
827 -3.7858 0
1388 -3.7956 0
373 -3.7991 0
1132 -3.8055 0
1073 -3.8062 0
1351 -3.8102 0
767 -3.8128 0
331 -3.8145 0
1028 -3.8191 0
1137 -3.8286 0
581 -3.8588 0
861 -3.8950 0
883 -3.8964 0
678 -3.9044 0
1250 -3.9080 0
1665 -3.9458 0
627 -3.9460 0
1695 -3.9604 0
879 -3.9702 0
798 -3.9970 0
742 -4.0016 0
1283 -4.0195 0
1382 -4.0401 0
697 -4.0875 0
864 -4.0973 0
991 -4.1183 0
1126 -4.1485 0
850 -4.1916 0
1324 -4.2087 0
1121 -4.2340 0
666 -4.3174 0
1849 -4.3388 0
979 -4.3531 0
727 -4.3606 0
691 -4.3619 0
1532 -4.3732 0
996 -4.3858 0
1354 -4.3996 0
1536 -4.3998 0
614 -4.4030 0
422 -4.4254 0
1347 -4.4259 0
730 -4.4484 0
492 -4.4965 0
472 -4.5066 0
647 -4.5143 0
1289 -4.5201 0
1138 -4.6042 0
1032 -4.6195 0
967 -4.6674 0
684 -4.7168 0
493 -4.8672 0
966 -4.9091 0
988 -4.9398 0
1357 -4.9671 0
694 -5.0464 0
868 -5.2254 0
592 -5.3490 0
1002 -5.3562 0
959 -5.3621 0
686 -5.4233 0
971 -5.4583 0
1691 -5.4858 0
893 -5.5849 0
1147 -5.6063 0
670 -5.6211 0
630 -5.7345 0
795 -5.8081 0
997 -5.8936 0
