1974 32.5597 1
1970 31.2550 1
1973 28.1670 1
1963 25.5811 1
1995 23.7109 1
1954 23.0631 1
1975 22.1337 1
1976 21.9703 1
1981 21.5407 1
1967 20.7444 1
1979 20.6153 1
1969 20.3902 1
1994 19.0214 1
1978 18.0853 1
1971 17.3368 1
1965 17.3335 1
1955 16.9948 1
1999 16.9112 1
1998 16.8135 1
1950 16.7425 1
1962 16.5909 1
1987 16.2883 1
1966 15.9139 1
1983 15.8106 1
1960 15.7746 1
1964 15.7389 1
1961 15.5747 1
1993 15.2191 1
1977 15.1746 1
1984 14.7413 1
1982 14.3942 1
1986 14.3348 1
1980 14.0403 1
1997 13.8392 1
1959 13.6140 1
136 13.4689 0
1972 13.4029 1
1957 13.2252 1
1953 12.9523 1
1956 12.9461 1
169 11.5580 0
1985 11.3445 1
107 10.7911 0
115 10.7787 0
179 10.7107 0
1855 10.6242 0
1989 10.5968 1
1943 10.4585 0
1948 10.3928 0
1916 10.3897 0
117 9.9596 0
1951 9.9211 1
155 9.7672 0
120 9.7574 0
130 9.6692 0
119 9.6549 0
1947 9.6518 0
1949 9.6338 0
1968 9.5923 1
1932 9.5169 0
131 9.4068 0
1938 9.2845 0
1988 9.1939 1
197 9.0896 0
1939 8.9605 0
249 8.8234 0
1990 8.5208 1
139 8.5137 0
1902 8.4111 0
198 8.3065 0
1901 8.2137 0
1894 8.0754 0
1917 8.0529 0
227 7.9374 0
189 7.9258 0
128 7.7626 0
1859 7.7460 0
122 7.6471 0
176 7.5858 0
126 7.5600 0
110 7.5319 0
1926 7.4890 0
146 7.4527 0
1944 7.4394 0
1958 7.3998 1
1907 7.2759 0
1043 7.2690 0
156 7.1537 0
181 7.0905 0
170 7.0622 0
1710 7.0511 0
1923 7.0156 0
134 6.9973 0
1874 6.9656 0
1868 6.9613 0
172 6.9368 0
159 6.9041 0
101 6.8906 0
188 6.8733 0
1931 6.8722 0
1920 6.8473 0
1893 6.7973 0
1922 6.7646 0
1880 6.7254 0
1911 6.6744 0
532 6.6544 0
1910 6.5923 0
165 6.5640 0
1940 6.5431 0
144 6.4081 0
194 6.3791 0
124 6.3538 0
164 6.3257 0
1929 6.2733 0
1000 6.2573 0
231 6.2536 0
186 6.2150 0
1897 6.1420 0
114 6.1280 0
185 6.0647 0
1928 6.0572 0
166 6.0459 0
203 6.0264 0
840 5.9709 0
108 5.9423 0
162 5.8599 0
127 5.8171 0
279 5.7811 0
1924 5.7298 0
1789 5.6409 0
1872 5.6176 0
1117 5.6094 0
113 5.5662 0
1930 5.5538 0
142 5.5473 0
148 5.5244 0
1945 5.5235 0
175 5.5220 0
1934 5.4686 0
1925 5.4406 0
1937 5.3948 0
160 5.3731 0
163 5.3685 0
623 5.2300 0
596 5.1780 0
208 5.1764 0
1991 5.1709 1
192 5.1393 0
1864 5.1243 0
143 5.0700 0
149 5.0636 0
1935 5.0559 0
100 5.0509 0
145 4.9916 0
1900 4.9869 0
153 4.9209 0
129 4.9105 0
215 4.8895 0
132 4.8544 0
102 4.8051 0
1927 4.7863 0
152 4.7691 0
554 4.7620 0
1913 4.7523 0
123 4.7478 0
178 4.6316 0
205 4.6018 0
919 4.5869 0
116 4.5827 0
1861 4.5342 0
183 4.5084 0
635 4.4979 0
1711 4.4931 0
1414 4.4712 0
1946 4.4653 0
137 4.4424 0
272 4.3752 0
207 4.3362 0
438 4.3247 0
1885 4.3145 0
125 4.2963 0
212 4.2716 0
585 4.2534 0
135 4.2456 0
830 4.2235 0
105 4.2001 0
150 4.1598 0
238 4.1222 0
1915 4.1178 0
202 4.1092 0
1092 4.1023 0
1903 4.0755 0
1867 4.0743 0
161 4.0739 0
547 4.0677 0
1908 4.0592 0
1919 4.0557 0
640 4.0479 0
292 4.0356 0
1143 4.0355 0
549 4.0144 0
168 4.0042 0
1866 3.9745 0
184 3.9558 0
1878 3.9457 0
157 3.9421 0
1918 3.8861 0
934 3.8643 0
1742 3.8599 0
236 3.8156 0
1936 3.8134 0
1942 3.8060 0
1791 3.8040 0
1912 3.7879 0
239 3.7661 0
226 3.7597 0
1424 3.7563 0
1750 3.7473 0
224 3.7409 0
1896 3.7354 0
1877 3.7265 0
141 3.7240 0
1234 3.7213 0
1540 3.7073 0
1832 3.6989 0
1752 3.6983 0
147 3.6925 0
171 3.6882 0
1921 3.6824 0
531 3.6782 0
540 3.6343 0
1821 3.6284 0
756 3.6251 0
588 3.6009 0
266 3.6002 0
612 3.5883 0
260 3.5832 0
218 3.5780 0
248 3.5716 0
276 3.5659 0
1788 3.5644 0
138 3.5420 0
692 3.5312 0
167 3.5270 0
151 3.5159 0
1904 3.5133 0
899 3.5078 0
1208 3.4799 0
35 3.4664 0
583 3.4587 0
1207 3.4534 0
401 3.4419 0
140 3.4321 0
1876 3.4201 0
235 3.3980 0
104 3.3939 0
286 3.3907 0
187 3.3561 0
1759 3.3459 0
539 3.3453 0
1847 3.3146 0
44 3.3047 0
280 3.2936 0
20 3.2788 0
291 3.2556 0
1545 3.2371 0
209 3.2221 0
1884 3.2076 0
594 3.1925 0
234 3.1886 0
281 3.1649 0
1204 3.1620 0
278 3.1378 0
1244 3.1293 0
295 3.1240 0
1808 3.1083 0
619 3.0868 0
600 3.0857 0
191 3.0833 0
1739 3.0534 0
407 3.0474 0
1805 3.0356 0
843 3.0258 0
717 3.0225 0
112 2.9932 0
265 2.9907 0
220 2.9588 0
936 2.9574 0
262 2.9556 0
182 2.9513 0
13 2.9455 0
1822 2.9416 0
21 2.9326 0
913 2.9243 0
1461 2.9207 0
1736 2.9199 0
991 2.9189 0
906 2.9185 0
173 2.9120 0
232 2.9094 0
908 2.8958 0
297 2.8820 0
521 2.8803 0
1782 2.8691 0
206 2.8595 0
949 2.8524 0
229 2.8365 0
1438 2.8011 0
1895 2.7633 0
1879 2.7601 0
1836 2.7473 0
580 2.7336 0
1155 2.7326 0
1865 2.7194 0
34 2.7098 0
387 2.6716 0
1840 2.6659 0
103 2.6649 0
1845 2.6630 0
1170 2.6622 0
807 2.6403 0
1843 2.6246 0
261 2.6147 0
210 2.6102 0
47 2.5910 0
256 2.5885 0
482 2.5815 0
628 2.5713 0
1405 2.5584 0
1914 2.5504 0
1081 2.5454 0
1464 2.5166 0
1411 2.4863 0
1430 2.4737 0
1150 2.4545 0
928 2.4487 0
251 2.4476 0
746 2.4264 0
611 2.4235 0
259 2.3925 0
1436 2.3736 0
764 2.3672 0
1785 2.3510 0
804 2.3450 0
213 2.3447 0
617 2.3440 0
250 2.3397 0
500 2.3393 0
268 2.3335 0
43 2.3314 0
1532 2.3304 0
247 2.3173 0
1875 2.3125 0
880 2.3031 0
252 2.3006 0
1215 2.2936 0
6 2.2906 0
287 2.2905 0
409 2.2798 0
1356 2.2774 0
1222 2.2745 0
8 2.2711 0
1094 2.2599 0
263 2.2594 0
555 2.2477 0
819 2.2470 0
270 2.2466 0
504 2.2349 0
1616 2.2343 0
1992 2.2262 1
1206 2.2224 0
1247 2.2109 0
905 2.1937 0
1891 2.1935 0
833 2.1929 0
1639 2.1809 0
575 2.1795 0
1401 2.1790 0
1892 2.1768 0
918 2.1745 0
1899 2.1718 0
1812 2.1607 0
241 2.1484 0
1735 2.1429 0
1231 2.1366 0
1826 2.1318 0
158 2.1303 0
1572 2.1274 0
921 2.1159 0
1815 2.1156 0
1227 2.1153 0
1890 2.0706 0
1844 2.0679 0
629 2.0618 0
1159 2.0567 0
1664 2.0550 0
1406 2.0456 0
437 2.0320 0
515 2.0300 0
1421 2.0285 0
1211 2.0283 0
1727 2.0165 0
1831 2.0157 0
1416 2.0098 0
195 2.0031 0
535 1.9947 0
1708 1.9883 0
637 1.9841 0
868 1.9621 0
1331 1.9533 0
180 1.9428 0
567 1.9382 0
200 1.9380 0
196 1.9331 0
1213 1.9263 0
832 1.9215 0
920 1.9179 0
285 1.9046 0
246 1.8968 0
508 1.8932 0
845 1.8894 0
293 1.8867 0
739 1.8839 0
816 1.8818 0
1862 1.8783 0
962 1.8749 0
953 1.8617 0
228 1.8301 0
1172 1.8244 0
299 1.8226 0
9 1.8218 0
1846 1.8210 0
294 1.8170 0
1688 1.8165 0
1305 1.8125 0
1220 1.8100 0
1684 1.8071 0
1514 1.8064 0
296 1.8044 0
48 1.7964 0
570 1.7912 0
76 1.7911 0
88 1.7808 0
274 1.7798 0
610 1.7736 0
1435 1.7660 0
838 1.7652 0
1713 1.7604 0
1178 1.7520 0
1431 1.7415 0
357 1.7336 0
1790 1.7293 0
1212 1.7184 0
676 1.6939 0
154 1.6853 0
1726 1.6810 0
503 1.6799 0
622 1.6771 0
1704 1.6723 0
240 1.6677 0
981 1.6670 0
1097 1.6578 0
470 1.6535 0
559 1.6494 0
1481 1.6454 0
1828 1.6408 0
525 1.6374 0
992 1.6216 0
257 1.6209 0
942 1.6203 0
18 1.6172 0
1722 1.6171 0
230 1.6159 0
1852 1.6124 0
1849 1.6063 0
808 1.6059 0
1301 1.6054 0
608 1.6025 0
1882 1.6002 0
1648 1.5961 0
190 1.5804 0
1618 1.5631 0
109 1.5586 0
1609 1.5565 0
42 1.5563 0
1598 1.5543 0
639 1.5451 0
665 1.5396 0
225 1.5345 0
1857 1.5337 0
199 1.5282 0
253 1.5274 0
1455 1.5273 0
243 1.5148 0
621 1.5015 0
1219 1.4945 0
1640 1.4928 0
601 1.4912 0
634 1.4858 0
817 1.4791 0
1839 1.4779 0
1394 1.4764 0
473 1.4515 0
41 1.4502 0
935 1.4483 0
1729 1.4429 0
4 1.4398 0
1701 1.4345 0
524 1.4340 0
847 1.4308 0
193 1.4290 0
133 1.4273 0
1838 1.4266 0
1733 1.4249 0
1779 1.4117 0
383 1.4074 0
66 1.4010 0
1748 1.3993 0
51 1.3962 0
937 1.3958 0
1887 1.3830 0
822 1.3812 0
1824 1.3732 0
1069 1.3714 0
541 1.3687 0
1933 1.3677 0
820 1.3619 0
769 1.3602 0
1426 1.3424 0
536 1.3368 0
1024 1.3367 0
1672 1.3338 0
1542 1.3144 0
1003 1.3023 0
1420 1.2870 0
903 1.2850 0
834 1.2827 0
204 1.2808 0
1941 1.2804 0
811 1.2797 0
1458 1.2781 0
642 1.2766 0
1233 1.2711 0
479 1.2555 0
337 1.2532 0
1728 1.2525 0
222 1.2429 0
826 1.2374 0
516 1.2340 0
517 1.2333 0
1116 1.2304 0
1379 1.2271 0
526 1.2223 0
563 1.2209 0
1740 1.2193 0
1714 1.2177 0
530 1.2153 0
1228 1.2113 0
800 1.2086 0
1816 1.2082 0
1734 1.2035 0
720 1.1998 0
806 1.1976 0
560 1.1933 0
1799 1.1842 0
341 1.1763 0
19 1.1757 0
1745 1.1747 0
1527 1.1727 0
565 1.1692 0
519 1.1683 0
1543 1.1650 0
801 1.1626 0
1273 1.1572 0
602 1.1469 0
1134 1.1434 0
1818 1.1394 0
1443 1.1305 0
1809 1.1238 0
1755 1.1218 0
1898 1.1213 0
32 1.1211 0
1881 1.1158 0
542 1.1149 0
1848 1.1094 0
548 1.1052 0
978 1.1034 0
433 1.1006 0
664 1.0983 0
1246 1.0902 0
449 1.0902 0
288 1.0874 0
1535 1.0867 0
211 1.0763 0
1407 1.0747 0
1525 1.0562 0
244 1.0541 0
533 1.0437 0
1447 1.0407 0
556 1.0385 0
310 1.0378 0
36 1.0311 0
814 1.0280 0
405 1.0272 0
1422 1.0258 0
912 1.0175 0
3 1.0159 0
939 1.0126 0
1432 1.0125 0
1086 1.0116 0
465 1.0091 0
1709 1.0052 0
1886 0.9951 0
1905 0.9947 0
638 0.9902 0
17 0.9901 0
657 0.9873 0
1192 0.9854 0
828 0.9843 0
1425 0.9818 0
1715 0.9777 0
1873 0.9764 0
1529 0.9761 0
1725 0.9758 0
1747 0.9758 0
512 0.9756 0
1909 0.9691 0
425 0.9640 0
421 0.9600 0
460 0.9578 0
82 0.9560 0
1466 0.9518 0
25 0.9470 0
550 0.9442 0
1807 0.9403 0
14 0.9383 0
106 0.9342 0
22 0.9337 0
1446 0.9293 0
1 0.9272 0
23 0.9250 0
1601 0.9175 0
442 0.9057 0
1109 0.9037 0
1834 0.9035 0
1063 0.9033 0
12 0.9015 0
1707 0.8738 0
872 0.8731 0
659 0.8726 0
564 0.8684 0
1858 0.8583 0
947 0.8512 0
940 0.8462 0
282 0.8383 0
593 0.8373 0
1042 0.8337 0
352 0.8296 0
367 0.8293 0
929 0.8263 0
1057 0.8205 0
1659 0.8196 0
505 0.8144 0
1465 0.8102 0
1629 0.8063 0
802 0.7930 0
1511 0.7902 0
436 0.7896 0
89 0.7890 0
1193 0.7857 0
889 0.7856 0
747 0.7822 0
30 0.7818 0
852 0.7794 0
223 0.7793 0
1245 0.7790 0
1829 0.7790 0
607 0.7635 0
1217 0.7581 0
80 0.7568 0
1810 0.7550 0
1827 0.7509 0
1717 0.7509 0
1396 0.7497 0
1491 0.7493 0
277 0.7398 0
1906 0.7391 0
1756 0.7315 0
338 0.7193 0
1883 0.7147 0
217 0.7022 0
959 0.6998 0
1225 0.6981 0
237 0.6965 0
1236 0.6958 0
930 0.6921 0
1798 0.6921 0
961 0.6904 0
1033 0.6793 0
1188 0.6791 0
1254 0.6777 0
258 0.6770 0
1098 0.6709 0
844 0.6697 0
1486 0.6634 0
255 0.6572 0
824 0.6539 0
1311 0.6537 0
1468 0.6517 0
1520 0.6516 0
1433 0.6511 0
592 0.6450 0
848 0.6388 0
520 0.6316 0
37 0.6292 0
869 0.6225 0
963 0.6144 0
1079 0.6123 0
1404 0.6118 0
1952 0.5990 1
1175 0.5925 0
1835 0.5900 0
909 0.5895 0
950 0.5890 0
118 0.5691 0
439 0.5669 0
1327 0.5662 0
702 0.5646 0
941 0.5623 0
298 0.5591 0
973 0.5571 0
219 0.5571 0
1513 0.5562 0
1187 0.5543 0
985 0.5498 0
1625 0.5385 0
283 0.5380 0
339 0.5315 0
1777 0.5277 0
714 0.5271 0
1445 0.5247 0
1167 0.5198 0
886 0.5180 0
1294 0.5163 0
1624 0.5160 0
7 0.5126 0
646 0.5054 0
1322 0.4960 0
1741 0.4946 0
1126 0.4908 0
538 0.4907 0
917 0.4903 0
1698 0.4876 0
375 0.4845 0
506 0.4823 0
1419 0.4788 0
1232 0.4748 0
458 0.4700 0
419 0.4658 0
1675 0.4633 0
1667 0.4540 0
1053 0.4512 0
1105 0.4493 0
582 0.4493 0
1474 0.4481 0
1001 0.4480 0
430 0.4463 0
1397 0.4433 0
1110 0.4429 0
1448 0.4415 0
1428 0.4407 0
284 0.4220 0
523 0.4214 0
1806 0.4082 0
625 0.4074 0
529 0.4026 0
1705 0.4011 0
1817 0.3947 0
613 0.3944 0
1006 0.3792 0
384 0.3774 0
1164 0.3733 0
1775 0.3730 0
633 0.3713 0
1621 0.3648 0
809 0.3638 0
84 0.3632 0
1103 0.3625 0
72 0.3611 0
90 0.3607 0
1731 0.3575 0
1492 0.3567 0
271 0.3560 0
1811 0.3441 0
1642 0.3413 0
507 0.3369 0
511 0.3302 0
359 0.3228 0
1538 0.3225 0
1622 0.3187 0
577 0.3181 0
581 0.3181 0
45 0.3123 0
1765 0.3114 0
1141 0.3087 0
1182 0.3021 0
987 0.3011 0
1084 0.3002 0
859 0.2980 0
647 0.2951 0
1530 0.2949 0
1023 0.2911 0
1996 0.2846 1
856 0.2845 0
96 0.2813 0
902 0.2804 0
1526 0.2788 0
1641 0.2784 0
1158 0.2734 0
99 0.2728 0
392 0.2724 0
1703 0.2588 0
177 0.2574 0
466 0.2489 0
269 0.2478 0
497 0.2429 0
609 0.2400 0
1442 0.2344 0
946 0.2195 0
1583 0.2174 0
1697 0.2151 0
1336 0.2139 0
1082 0.2133 0
1630 0.2114 0
685 0.2109 0
1093 0.2062 0
1679 0.2035 0
1724 0.2025 0
763 0.1980 0
68 0.1974 0
860 0.1931 0
693 0.1873 0
1749 0.1750 0
380 0.1744 0
509 0.1740 0
566 0.1712 0
1065 0.1681 0
366 0.1647 0
1195 0.1610 0
1644 0.1599 0
865 0.1575 0
402 0.1561 0
1851 0.1537 0
878 0.1442 0
678 0.1344 0
1380 0.1303 0
1732 0.1296 0
904 0.1277 0
1221 0.1125 0
1780 0.1124 0
661 0.1112 0
1434 0.1028 0
1820 0.0997 0
1562 0.0964 0
901 0.0958 0
1619 0.0943 0
1008 0.0847 0
606 0.0830 0
510 0.0828 0
907 0.0810 0
441 0.0548 0
1744 0.0538 0
892 0.0499 0
1418 0.0442 0
300 0.0395 0
821 0.0386 0
351 0.0378 0
1473 0.0352 0
491 0.0346 0
31 0.0340 0
573 0.0331 0
440 0.0324 0
1871 0.0322 0
1083 0.0283 0
432 0.0280 0
1888 0.0234 0
836 0.0200 0
976 0.0196 0
1075 0.0173 0
551 0.0146 0
1119 0.0111 0
273 0.0087 0
60 0.0040 0
870 -0.0015 0
1266 -0.0092 0
736 -0.0098 0
1129 -0.0099 0
1205 -0.0116 0
1636 -0.0147 0
558 -0.0161 0
1034 -0.0186 0
931 -0.0209 0
301 -0.0210 0
546 -0.0220 0
111 -0.0279 0
1202 -0.0282 0
1201 -0.0330 0
1814 -0.0347 0
404 -0.0411 0
1519 -0.0454 0
305 -0.0457 0
576 -0.0495 0
969 -0.0529 0
862 -0.0533 0
658 -0.0535 0
922 -0.0550 0
888 -0.0556 0
514 -0.0572 0
776 -0.0649 0
1853 -0.0742 0
1762 -0.0809 0
1218 -0.0853 0
915 -0.0857 0
700 -0.0861 0
631 -0.0871 0
1586 -0.0895 0
813 -0.0977 0
1366 -0.0993 0
589 -0.0995 0
1186 -0.1023 0
267 -0.1046 0
996 -0.1077 0
1823 -0.1098 0
1020 -0.1101 0
477 -0.1143 0
846 -0.1171 0
1402 -0.1237 0
1214 -0.1249 0
1183 -0.1309 0
1095 -0.1318 0
927 -0.1357 0
289 -0.1358 0
0 -0.1370 0
815 -0.1457 0
406 -0.1506 0
1470 -0.1516 0
1801 -0.1521 0
16 -0.1553 0
1091 -0.1578 0
1841 -0.1579 0
464 -0.1612 0
1451 -0.1684 0
1052 -0.1729 0
1494 -0.1750 0
522 -0.1758 0
423 -0.1772 0
363 -0.1791 0
418 -0.1810 0
699 -0.1814 0
1185 -0.1822 0
784 -0.1833 0
1190 -0.1854 0
926 -0.1866 0
1769 -0.1893 0
1548 -0.1945 0
1763 -0.2042 0
1238 -0.2088 0
1403 -0.2097 0
1264 -0.2109 0
1106 -0.2129 0
1459 -0.2197 0
1776 -0.2254 0
15 -0.2274 0
444 -0.2317 0
62 -0.2319 0
1358 -0.2321 0
1772 -0.2321 0
448 -0.2350 0
983 -0.2360 0
1276 -0.2362 0
396 -0.2448 0
627 -0.2448 0
823 -0.2450 0
275 -0.2467 0
1719 -0.2475 0
952 -0.2668 0
1522 -0.2695 0
403 -0.2703 0
954 -0.2703 0
1180 -0.2718 0
1345 -0.2728 0
988 -0.2741 0
1142 -0.2804 0
1349 -0.2822 0
24 -0.2853 0
603 -0.2867 0
1413 -0.2955 0
1833 -0.2961 0
1819 -0.2967 0
537 -0.2970 0
835 -0.2971 0
1308 -0.2986 0
793 -0.2998 0
1439 -0.3002 0
945 -0.3025 0
1485 -0.3045 0
1477 -0.3045 0
948 -0.3057 0
1161 -0.3076 0
354 -0.3099 0
216 -0.3124 0
1680 -0.3128 0
1255 -0.3133 0
1830 -0.3164 0
1860 -0.3254 0
1151 -0.3254 0
1334 -0.3280 0
1536 -0.3296 0
1061 -0.3315 0
1450 -0.3346 0
1154 -0.3351 0
1498 -0.3361 0
424 -0.3388 0
1657 -0.3408 0
1743 -0.3490 0
979 -0.3565 0
1051 -0.3606 0
980 -0.3653 0
1617 -0.3655 0
933 -0.3689 0
1108 -0.3703 0
1096 -0.3769 0
1692 -0.3781 0
1803 -0.3789 0
1114 -0.3828 0
1329 -0.3834 0
1359 -0.3840 0
1512 -0.3895 0
1224 -0.3952 0
501 -0.3987 0
412 -0.4088 0
1620 -0.4093 0
1229 -0.4137 0
502 -0.4150 0
1346 -0.4155 0
1124 -0.4174 0
11 -0.4265 0
10 -0.4273 0
644 -0.4294 0
597 -0.4300 0
1139 -0.4324 0
527 -0.4358 0
964 -0.4376 0
1770 -0.4406 0
989 -0.4417 0
774 -0.4450 0
1825 -0.4520 0
38 -0.4568 0
1267 -0.4639 0
1216 -0.4685 0
415 -0.4756 0
1115 -0.4779 0
632 -0.4820 0
924 -0.4855 0
1230 -0.4896 0
1660 -0.4904 0
552 -0.4911 0
355 -0.4959 0
805 -0.4984 0
591 -0.4990 0
242 -0.4997 0
849 -0.5000 0
1209 -0.5023 0
174 -0.5046 0
1181 -0.5061 0
718 -0.5073 0
968 -0.5098 0
1350 -0.5120 0
1415 -0.5127 0
1296 -0.5128 0
518 -0.5131 0
1774 -0.5143 0
1030 -0.5153 0
923 -0.5199 0
737 -0.5240 0
1389 -0.5293 0
882 -0.5303 0
1371 -0.5331 0
645 -0.5366 0
1585 -0.5427 0
1771 -0.5540 0
825 -0.5575 0
1335 -0.5626 0
663 -0.5634 0
1242 -0.5653 0
951 -0.5714 0
356 -0.5716 0
1048 -0.5719 0
1856 -0.5751 0
1026 -0.5756 0
1223 -0.5814 0
672 -0.5830 0
245 -0.5858 0
839 -0.5888 0
397 -0.5890 0
39 -0.5892 0
97 -0.5965 0
768 -0.5980 0
1087 -0.6018 0
1171 -0.6053 0
704 -0.6067 0
214 -0.6132 0
1544 -0.6146 0
1071 -0.6179 0
1870 -0.6249 0
1111 -0.6257 0
1564 -0.6283 0
624 -0.6304 0
604 -0.6315 0
485 -0.6334 0
810 -0.6342 0
1581 -0.6366 0
1248 -0.6375 0
1323 -0.6406 0
1409 -0.6478 0
29 -0.6523 0
543 -0.6525 0
1059 -0.6575 0
966 -0.6612 0
1696 -0.6618 0
1689 -0.6651 0
340 -0.6741 0
1793 -0.6772 0
1056 -0.6793 0
1184 -0.6826 0
571 -0.6829 0
1627 -0.6849 0
579 -0.6858 0
1088 -0.6878 0
414 -0.6889 0
1518 -0.6894 0
534 -0.6908 0
1113 -0.6910 0
342 -0.6912 0
1237 -0.6946 0
1408 -0.6946 0
1400 -0.7075 0
1795 -0.7086 0
61 -0.7122 0
1120 -0.7170 0
1332 -0.7214 0
1148 -0.7355 0
306 -0.7422 0
898 -0.7423 0
974 -0.7434 0
545 -0.7436 0
1441 -0.7456 0
1391 -0.7464 0
605 -0.7472 0
1295 -0.7474 0
1235 -0.7508 0
1549 -0.7550 0
1678 -0.7554 0
1628 -0.7563 0
1383 -0.7578 0
1099 -0.7580 0
1757 -0.7613 0
1135 -0.7627 0
494 -0.7636 0
662 -0.7662 0
994 -0.7685 0
324 -0.7692 0
957 -0.7696 0
695 -0.7792 0
1508 -0.7823 0
1637 -0.7928 0
851 -0.7936 0
753 -0.7942 0
1546 -0.7971 0
1078 -0.8022 0
1191 -0.8027 0
121 -0.8131 0
1594 -0.8150 0
544 -0.8151 0
50 -0.8184 0
1638 -0.8184 0
751 -0.8186 0
201 -0.8194 0
371 -0.8220 0
1392 -0.8270 0
233 -0.8303 0
863 -0.8371 0
1423 -0.8424 0
970 -0.8467 0
1479 -0.8478 0
895 -0.8491 0
779 -0.8623 0
1277 -0.8639 0
368 -0.8652 0
1440 -0.8654 0
894 -0.8654 0
1551 -0.8670 0
1700 -0.8693 0
1239 -0.8711 0
1452 -0.8712 0
74 -0.8739 0
1712 -0.8799 0
1483 -0.8842 0
568 -0.8868 0
389 -0.8895 0
1064 -0.8926 0
413 -0.8958 0
1293 -0.8967 0
1501 -0.8970 0
221 -0.8975 0
1615 -0.9052 0
49 -0.9070 0
595 -0.9091 0
841 -0.9105 0
386 -0.9105 0
1813 -0.9106 0
1357 -0.9136 0
58 -0.9180 0
447 -0.9190 0
1600 -0.9207 0
1517 -0.9331 0
1702 -0.9337 0
1319 -0.9418 0
1132 -0.9465 0
910 -0.9544 0
1076 -0.9583 0
435 -0.9619 0
1417 -0.9658 0
1631 -0.9684 0
1528 -0.9695 0
729 -0.9696 0
343 -0.9775 0
1487 -0.9794 0
1497 -0.9795 0
887 -0.9827 0
399 -0.9861 0
1802 -0.9875 0
881 -0.9897 0
1203 -0.9928 0
1385 -0.9952 0
1163 -0.9968 0
1850 -0.9972 0
1226 -1.0013 0
1889 -1.0019 0
378 -1.0100 0
1343 -1.0103 0
2 -1.0168 0
1041 -1.0188 0
1449 -1.0198 0
1168 -1.0234 0
451 -1.0236 0
1386 -1.0310 0
1558 -1.0346 0
995 -1.0370 0
1671 -1.0378 0
443 -1.0441 0
1654 -1.0443 0
495 -1.0480 0
960 -1.0487 0
986 -1.0554 0
1341 -1.0557 0
752 -1.0569 0
264 -1.0579 0
513 -1.0588 0
1670 -1.0594 0
1531 -1.0594 0
689 -1.0609 0
1578 -1.0614 0
641 -1.0640 0
450 -1.0655 0
1152 -1.0665 0
1090 -1.0698 0
1694 -1.0732 0
896 -1.0751 0
528 -1.0753 0
362 -1.0794 0
982 -1.0851 0
1165 -1.0868 0
1279 -1.0878 0
373 -1.0912 0
925 -1.0942 0
1282 -1.0948 0
569 -1.0950 0
57 -1.0963 0
1054 -1.0997 0
675 -1.1038 0
1377 -1.1061 0
446 -1.1071 0
553 -1.1120 0
1125 -1.1158 0
758 -1.1163 0
1243 -1.1234 0
1482 -1.1259 0
1140 -1.1269 0
314 -1.1272 0
977 -1.1278 0
53 -1.1296 0
40 -1.1320 0
1321 -1.1321 0
1372 -1.1345 0
829 -1.1351 0
1854 -1.1391 0
1649 -1.1392 0
972 -1.1400 0
1647 -1.1414 0
1582 -1.1461 0
754 -1.1500 0
858 -1.1504 0
1429 -1.1508 0
654 -1.1514 0
1738 -1.1533 0
307 -1.1570 0
393 -1.1605 0
1036 -1.1621 0
408 -1.1627 0
1144 -1.1643 0
967 -1.1652 0
316 -1.1652 0
28 -1.1661 0
1499 -1.1702 0
932 -1.1712 0
1651 -1.1725 0
914 -1.1779 0
1375 -1.1827 0
1563 -1.1847 0
1495 -1.1859 0
1412 -1.1860 0
1837 -1.1885 0
1687 -1.1960 0
871 -1.2015 0
1062 -1.2030 0
1460 -1.2038 0
46 -1.2058 0
911 -1.2075 0
812 -1.2095 0
1797 -1.2147 0
1681 -1.2166 0
1656 -1.2194 0
653 -1.2228 0
890 -1.2264 0
648 -1.2297 0
1753 -1.2391 0
326 -1.2395 0
87 -1.2408 0
370 -1.2415 0
724 -1.2445 0
5 -1.2478 0
1241 -1.2482 0
1067 -1.2491 0
1634 -1.2500 0
884 -1.2557 0
1133 -1.2589 0
620 -1.2646 0
484 -1.2655 0
557 -1.2677 0
1176 -1.2678 0
993 -1.2687 0
1550 -1.2689 0
1720 -1.2689 0
358 -1.2692 0
723 -1.2738 0
1509 -1.2817 0
254 -1.2831 0
1025 -1.2844 0
1292 -1.2855 0
1393 -1.2856 0
669 -1.2856 0
1200 -1.2900 0
1410 -1.2939 0
883 -1.2981 0
55 -1.3074 0
1027 -1.3076 0
1077 -1.3080 0
349 -1.3189 0
1668 -1.3218 0
757 -1.3221 0
866 -1.3266 0
916 -1.3315 0
1299 -1.3328 0
1256 -1.3350 0
1632 -1.3354 0
1796 -1.3389 0
1792 -1.3454 0
783 -1.3460 0
434 -1.3468 0
1456 -1.3506 0
1040 -1.3522 0
615 -1.3533 0
837 -1.3556 0
674 -1.3558 0
1605 -1.3657 0
971 -1.3665 0
65 -1.3669 0
1699 -1.3726 0
481 -1.3805 0
1004 -1.3896 0
796 -1.3897 0
315 -1.3898 0
1800 -1.3961 0
761 -1.3964 0
1653 -1.4014 0
1489 -1.4029 0
1328 -1.4031 0
680 -1.4043 0
376 -1.4050 0
708 -1.4099 0
1362 -1.4118 0
681 -1.4135 0
374 -1.4161 0
410 -1.4176 0
1662 -1.4271 0
1037 -1.4276 0
400 -1.4312 0
643 -1.4316 0
1145 -1.4357 0
1766 -1.4377 0
27 -1.4385 0
1287 -1.4422 0
1162 -1.4425 0
1174 -1.4441 0
1553 -1.4459 0
1360 -1.4496 0
322 -1.4532 0
1312 -1.4573 0
1652 -1.4584 0
328 -1.4600 0
1265 -1.4616 0
1737 -1.4616 0
873 -1.4625 0
716 -1.4651 0
1173 -1.4772 0
385 -1.4807 0
831 -1.4856 0
574 -1.4871 0
803 -1.4892 0
572 -1.4949 0
1674 -1.4967 0
1382 -1.5016 0
1388 -1.5017 0
679 -1.5046 0
598 -1.5052 0
1614 -1.5065 0
1381 -1.5065 0
1427 -1.5085 0
1505 -1.5100 0
333 -1.5106 0
1194 -1.5138 0
1017 -1.5141 0
379 -1.5158 0
1463 -1.5160 0
416 -1.5176 0
1268 -1.5179 0
70 -1.5229 0
897 -1.5270 0
687 -1.5273 0
1316 -1.5341 0
1471 -1.5393 0
1453 -1.5400 0
786 -1.5430 0
818 -1.5453 0
867 -1.5465 0
1502 -1.5468 0
1365 -1.5471 0
1275 -1.5503 0
1157 -1.5512 0
422 -1.5570 0
1284 -1.5572 0
304 -1.5573 0
459 -1.5633 0
1693 -1.5655 0
975 -1.5696 0
469 -1.5741 0
782 -1.5754 0
1842 -1.5810 0
1252 -1.5821 0
427 -1.5936 0
1080 -1.5937 0
1128 -1.5963 0
1068 -1.6008 0
1399 -1.6012 0
1686 -1.6026 0
759 -1.6031 0
1066 -1.6063 0
775 -1.6066 0
346 -1.6067 0
900 -1.6069 0
1291 -1.6074 0
78 -1.6093 0
984 -1.6149 0
428 -1.6172 0
1107 -1.6176 0
891 -1.6215 0
1039 -1.6227 0
377 -1.6237 0
372 -1.6266 0
1666 -1.6283 0
1575 -1.6308 0
1516 -1.6331 0
701 -1.6332 0
320 -1.6356 0
861 -1.6472 0
388 -1.6488 0
760 -1.6506 0
33 -1.6510 0
1005 -1.6525 0
1047 -1.6540 0
1761 -1.6551 0
1510 -1.6613 0
498 -1.6623 0
1364 -1.6625 0
1496 -1.6627 0
1533 -1.6646 0
1290 -1.6661 0
1577 -1.6724 0
1259 -1.6746 0
411 -1.6832 0
463 -1.6845 0
86 -1.6851 0
1604 -1.6890 0
1786 -1.6908 0
1570 -1.6962 0
1210 -1.7058 0
618 -1.7163 0
1643 -1.7171 0
1537 -1.7198 0
1457 -1.7222 0
616 -1.7258 0
1049 -1.7279 0
791 -1.7283 0
1060 -1.7288 0
1556 -1.7319 0
1472 -1.7327 0
1199 -1.7371 0
1669 -1.7409 0
578 -1.7444 0
1085 -1.7468 0
1149 -1.7484 0
71 -1.7487 0
1613 -1.7491 0
1286 -1.7502 0
365 -1.7508 0
1863 -1.7552 0
1303 -1.7579 0
308 -1.7580 0
331 -1.7583 0
1650 -1.7590 0
1608 -1.7591 0
850 -1.7603 0
492 -1.7606 0
1723 -1.7669 0
1718 -1.7669 0
1070 -1.7680 0
1283 -1.7686 0
777 -1.7699 0
1721 -1.7721 0
309 -1.7745 0
1153 -1.7839 0
1565 -1.7842 0
480 -1.7857 0
1022 -1.7934 0
1706 -1.7941 0
1104 -1.7948 0
417 -1.8000 0
488 -1.8066 0
1189 -1.8101 0
1552 -1.8107 0
1773 -1.8114 0
673 -1.8185 0
1136 -1.8197 0
1261 -1.8240 0
1469 -1.8316 0
1504 -1.8322 0
1112 -1.8352 0
1072 -1.8374 0
1297 -1.8397 0
381 -1.8453 0
744 -1.8512 0
1599 -1.8587 0
52 -1.8599 0
1074 -1.8640 0
311 -1.8697 0
649 -1.8700 0
1131 -1.8701 0
1384 -1.8740 0
726 -1.8794 0
990 -1.8838 0
561 -1.8860 0
1437 -1.8866 0
1559 -1.8875 0
1050 -1.8892 0
455 -1.8894 0
98 -1.8931 0
474 -1.8941 0
797 -1.8959 0
1663 -1.9050 0
85 -1.9074 0
453 -1.9108 0
1573 -1.9197 0
965 -1.9202 0
1475 -1.9211 0
1500 -1.9214 0
1610 -1.9230 0
944 -1.9282 0
1031 -1.9296 0
1368 -1.9301 0
958 -1.9321 0
590 -1.9338 0
787 -1.9375 0
943 -1.9377 0
875 -1.9415 0
1338 -1.9466 0
1310 -1.9472 0
1665 -1.9493 0
1146 -1.9527 0
1263 -1.9614 0
1280 -1.9647 0
1339 -1.9687 0
334 -1.9705 0
75 -1.9732 0
493 -1.9738 0
1260 -1.9886 0
79 -1.9947 0
1760 -2.0010 0
1179 -2.0032 0
1018 -2.0095 0
1645 -2.0228 0
461 -2.0262 0
1493 -2.0339 0
1590 -2.0357 0
1764 -2.0370 0
1147 -2.0408 0
1646 -2.0417 0
327 -2.0521 0
703 -2.0583 0
1012 -2.0600 0
798 -2.0605 0
652 -2.0612 0
1289 -2.0623 0
1177 -2.0630 0
312 -2.0716 0
999 -2.0760 0
1270 -2.0814 0
1029 -2.0864 0
938 -2.0913 0
1307 -2.0955 0
1196 -2.1001 0
1373 -2.1040 0
1568 -2.1081 0
1869 -2.1110 0
319 -2.1120 0
394 -2.1123 0
773 -2.1171 0
857 -2.1198 0
1661 -2.1213 0
1118 -2.1234 0
1021 -2.1284 0
864 -2.1346 0
1611 -2.1427 0
1768 -2.1431 0
290 -2.1474 0
1278 -2.1574 0
483 -2.1582 0
54 -2.1599 0
398 -2.1618 0
1137 -2.1619 0
395 -2.1636 0
345 -2.1654 0
721 -2.1696 0
81 -2.1751 0
1591 -2.1769 0
855 -2.1842 0
789 -2.1863 0
1778 -2.1864 0
998 -2.1944 0
765 -2.2022 0
1695 -2.2046 0
1567 -2.2074 0
1300 -2.2104 0
313 -2.2104 0
1606 -2.2114 0
64 -2.2173 0
1787 -2.2174 0
688 -2.2181 0
1197 -2.2258 0
1156 -2.2278 0
303 -2.2381 0
329 -2.2405 0
1313 -2.2406 0
1758 -2.2415 0
743 -2.2420 0
1444 -2.2458 0
853 -2.2462 0
1102 -2.2472 0
854 -2.2487 0
715 -2.2524 0
1340 -2.2549 0
69 -2.2570 0
842 -2.2614 0
1351 -2.2617 0
1462 -2.2625 0
1370 -2.2645 0
1484 -2.2647 0
1240 -2.2668 0
1683 -2.2682 0
323 -2.2721 0
361 -2.2733 0
711 -2.2734 0
1579 -2.2757 0
321 -2.2778 0
1754 -2.2865 0
587 -2.2889 0
1480 -2.2933 0
369 -2.2935 0
1354 -2.3024 0
1534 -2.3054 0
827 -2.3148 0
1002 -2.3163 0
391 -2.3167 0
1677 -2.3169 0
677 -2.3215 0
347 -2.3234 0
1281 -2.3282 0
390 -2.3337 0
1160 -2.3443 0
799 -2.3453 0
1101 -2.3468 0
1603 -2.3482 0
719 -2.3541 0
332 -2.3595 0
1342 -2.3633 0
707 -2.3663 0
1569 -2.3670 0
1378 -2.3677 0
1374 -2.3689 0
426 -2.3692 0
1198 -2.3852 0
1314 -2.3862 0
780 -2.3904 0
792 -2.3931 0
1607 -2.4119 0
1557 -2.4263 0
1044 -2.4289 0
1539 -2.4299 0
997 -2.4335 0
1089 -2.4355 0
457 -2.4359 0
770 -2.4391 0
1325 -2.4403 0
1390 -2.4522 0
710 -2.4560 0
1257 -2.4565 0
1288 -2.4601 0
795 -2.4705 0
1655 -2.4712 0
445 -2.4734 0
350 -2.4756 0
1476 -2.4940 0
317 -2.4944 0
454 -2.4972 0
655 -2.4973 0
781 -2.5053 0
1716 -2.5121 0
1166 -2.5125 0
683 -2.5149 0
713 -2.5271 0
1633 -2.5297 0
318 -2.5349 0
766 -2.5355 0
420 -2.5398 0
1130 -2.5399 0
1304 -2.5406 0
1123 -2.5430 0
599 -2.5515 0
1623 -2.5540 0
956 -2.5672 0
1014 -2.5700 0
1751 -2.5706 0
1691 -2.5710 0
1746 -2.5753 0
879 -2.5783 0
1794 -2.5796 0
467 -2.5939 0
1121 -2.5980 0
1306 -2.6003 0
1272 -2.6046 0
353 -2.6183 0
1058 -2.6189 0
1490 -2.6272 0
1781 -2.6307 0
762 -2.6337 0
1784 -2.6382 0
1032 -2.6460 0
471 -2.6501 0
1376 -2.6535 0
489 -2.6608 0
1524 -2.6636 0
456 -2.6639 0
1506 -2.6792 0
893 -2.6817 0
778 -2.6817 0
1045 -2.6846 0
767 -2.6897 0
67 -2.6952 0
772 -2.6998 0
1596 -2.7023 0
468 -2.7089 0
1138 -2.7121 0
487 -2.7198 0
1249 -2.7272 0
1344 -2.7422 0
614 -2.7452 0
1467 -2.7489 0
1595 -2.7545 0
650 -2.7573 0
56 -2.7574 0
712 -2.7608 0
478 -2.7747 0
1271 -2.7861 0
745 -2.8135 0
735 -2.8164 0
348 -2.8195 0
364 -2.8228 0
1571 -2.8354 0
630 -2.8374 0
1682 -2.8456 0
95 -2.8466 0
1317 -2.8472 0
755 -2.8474 0
684 -2.8554 0
626 -2.8555 0
325 -2.8603 0
771 -2.8613 0
1318 -2.8618 0
785 -2.8648 0
671 -2.8674 0
1330 -2.8678 0
725 -2.8692 0
1320 -2.8700 0
1038 -2.8738 0
1690 -2.8742 0
733 -2.8744 0
705 -2.8746 0
92 -2.8750 0
1804 -2.8761 0
1503 -2.8785 0
1560 -2.8802 0
1554 -2.8880 0
1635 -2.8888 0
1602 -2.8894 0
429 -2.8946 0
1367 -2.8955 0
1587 -2.8965 0
26 -2.8968 0
636 -2.9059 0
955 -2.9120 0
93 -2.9134 0
1258 -2.9234 0
1315 -2.9283 0
476 -2.9404 0
94 -2.9423 0
668 -2.9553 0
63 -2.9561 0
790 -2.9787 0
1122 -2.9915 0
1593 -3.0013 0
1347 -3.0049 0
874 -3.0128 0
690 -3.0236 0
1592 -3.0277 0
1324 -3.0283 0
1676 -3.0362 0
1363 -3.0470 0
1010 -3.0624 0
382 -3.0654 0
302 -3.0669 0
1262 -3.0773 0
885 -3.0845 0
788 -3.0848 0
1348 -3.0861 0
1395 -3.0863 0
1035 -3.0896 0
77 -3.0916 0
697 -3.0921 0
1541 -3.0958 0
562 -3.1037 0
1073 -3.1041 0
1253 -3.1061 0
1626 -3.1062 0
694 -3.1084 0
1369 -3.1096 0
656 -3.1179 0
667 -3.1194 0
330 -3.1306 0
660 -3.1355 0
732 -3.1440 0
1574 -3.1514 0
1589 -3.1523 0
1507 -3.1597 0
1398 -3.1690 0
1783 -3.1747 0
1013 -3.1777 0
336 -3.1804 0
452 -3.1826 0
1730 -3.1925 0
1685 -3.1929 0
1658 -3.2107 0
1387 -3.2164 0
1488 -3.2166 0
59 -3.2179 0
1333 -3.2202 0
741 -3.2244 0
1269 -3.2363 0
1547 -3.2728 0
1055 -3.2728 0
734 -3.2962 0
1767 -3.3147 0
698 -3.3173 0
344 -3.3185 0
730 -3.3212 0
1285 -3.3388 0
584 -3.3395 0
1274 -3.3587 0
1353 -3.3730 0
666 -3.3786 0
1454 -3.3828 0
1478 -3.3920 0
706 -3.3936 0
750 -3.4119 0
1580 -3.4132 0
1100 -3.4183 0
486 -3.4328 0
1046 -3.4446 0
1521 -3.4540 0
91 -3.4549 0
1588 -3.4717 0
1576 -3.4825 0
1566 -3.4915 0
651 -3.5079 0
877 -3.5312 0
83 -3.5335 0
1250 -3.5426 0
731 -3.5450 0
1251 -3.6130 0
73 -3.6511 0
360 -3.6584 0
1555 -3.6740 0
1302 -3.6856 0
728 -3.7293 0
1597 -3.7521 0
794 -3.7570 0
1015 -3.7606 0
1016 -3.7642 0
738 -3.7776 0
496 -3.7846 0
1673 -3.7853 0
1326 -3.8107 0
431 -3.8284 0
499 -3.8682 0
586 -3.9150 0
696 -3.9750 0
472 -3.9952 0
876 -4.0009 0
740 -4.0047 0
682 -4.0415 0
727 -4.1321 0
1019 -4.1387 0
670 -4.1557 0
462 -4.1705 0
475 -4.1835 0
1127 -4.1979 0
1361 -4.2101 0
1515 -4.2305 0
1561 -4.3284 0
742 -4.3312 0
1011 -4.4091 0
1298 -4.4446 0
1169 -4.4642 0
1337 -4.5415 0
1612 -4.6106 0
1309 -4.6248 0
686 -4.6333 0
1009 -4.7621 0
722 -4.7834 0
1523 -4.7910 0
748 -5.0323 0
749 -5.1133 0
709 -5.1344 0
335 -5.1639 0
1355 -5.1854 0
691 -5.1858 0
1028 -5.2189 0
490 -5.2413 0
1007 -5.2793 0
1584 -5.7848 0
1352 -6.3036 0
