bzDLXZ9acSBLFM.jpg
PsdADGGsxTrbXM.jpg
5021520076.jpg
309478474.jpg
5909027824.jpg
4902687869.jpg
Tu5Cw8EjKcXlyM.jpg
356766845.jpg
55124975.jpg
7402180904.jpg
lmMfiSuK7MRPpM.jpg
5849587447.jpg
3325600882.jpg
PcHcoPjOKsAybM.jpg
8305686400.jpg
3048493726.jpg
lsc51K3B_3f8pM.jpg
xnmjWMUhU0rySM.jpg
XLrZHhbuPjWsfM.jpg
l6y_1pbPnQQisM.jpg
367408004.jpg
JYMOuRbaM7UPVM.jpg
kTcheixI-9Jm1M.jpg
BlPk9SSp9TsyNM.jpg
543226869.jpg
16397956312.jpg
504321626.jpg
8183042916.jpg
mc_OAi8pHSlkzM.jpg
vKY1GEM36XEi-M.jpg
55124975.jpg
eL3es9vWnkbinM.jpg
3116792841.jpg
WjCeIvZFJWoWPM.jpg
6253478326.jpg
10371415653.jpg
HcZdSmcZH8w5WM.jpg
4796780409.jpg
aDmjJpDFPBhmwM.jpg
9ZKqwqtxdXmAWM.jpg
-C5ZG8akq6HNMM.jpg
5520142594.jpg
ey7JOweDbqLaNM.jpg
2lrRM_D0avGQbM.jpg
3887310175.jpg
fFEVmJOdskJJFM.jpg
2516767879.jpg
6838227149.jpg
2961500697.jpg
vO41Nx17x3xS3M.jpg
WYPP3l7COcHwXM.jpg
5175654342.jpg
15758266057.jpg
3844348478.jpg
5908470491.jpg
qQzva50tTPqWsM.jpg
17180175412.jpg
6336245482.jpg
FQTrWfzVqIOrCM.jpg
6250656391.jpg
YYRpBYCHeDbxMM.jpg
6166408337.jpg
v91-X8cFN94wWM.jpg
7h6fS7axsNh2PM.jpg
7589788528.jpg
5175051073.jpg
7996878171.jpg
4531229434.jpg
7049278131.jpg
3422230502.jpg
25020964456.jpg
2466254718.jpg
826392918.jpg
965429974.jpg
55124975.jpg
16212981187.jpg
PsdADGGsxTrbXM.jpg
gr3l55ZBazabLM.jpg
oJVUJ4EnTgs6nM.jpg
bgr6Z8IHryP4SM.jpg
kTcheixI-9Jm1M.jpg
oJVUJ4EnTgs6nM.jpg
6166408337.jpg
462542275.jpg
F5zocC4UMFbgrM.jpg
3264079277.jpg
Xtt0LqnAjK0OmM.jpg
cDCB28zxItQezM.jpg
je7A0lokR_JR6M.jpg
7761764.jpg
sbYc6Yd9YCBLAM.jpg
72944723.jpg
5176825325.jpg
9723618612.jpg
z_ksoPxaI3M9cM.jpg
nMcGoLuYPtMeLM.jpg
UzKDD4v7IG96qM.jpg
15866953320.jpg
826392918.jpg
55125833.jpg
8666310071.jpg
bzlGUzxB2zTPHM.jpg
2UeXvR0Gpxf16M.jpg
JhuS-hF6Wyv_sM.jpg
18852148985.jpg
2666326132.jpg
VW8P2Ga2NxEKEM.jpg
3ly19tHDW7Dg2M.jpg
Yfbm3BJF3RhJdM.jpg
16397956312.jpg
22243464124.jpg
DQCw0WnA9IIhkM.jpg
13681173303.jpg
6zh9ThXgu1E5xM.jpg
lsc51K3B_3f8pM.jpg
6123586194.jpg
BQarhcexnxP3IM.jpg
1178500606.jpg
89037464.jpg
8038055725.jpg
7078589267.jpg
462542275.jpg
4425890439.jpg
xTvN7ys0LDUO1M.jpg
12937287995.jpg
10999167015.jpg
uZ4HXzEDOEK2gM.jpg
2461009310.jpg
1nvOhGavILpf6M.jpg
25834994465.jpg
WDwp2cDNQVDxeM.jpg
qyNmx_DVp9Ob4M.jpg
11211657496.jpg
5039127525.jpg
16398237613.jpg
3116792841.jpg
2666326132.jpg
9308391918.jpg
421862487.jpg
2403344547.jpg
5849269341.jpg
12959246114.jpg
16397956312.jpg
ylzYF4r0KSSwmM.jpg
2568454055.jpg
4294533598.jpg
JhuS-hF6Wyv_sM.jpg
bDZtECN_QMtjkM.jpg
nODVcsBXTCTE4M.jpg
22877291561.jpg
9daMWhc1t3rYwM.jpg
vJkupkZ4voFrxM.jpg
14421042715.jpg
Ar-xfQREw_V1cM.jpg
bzlGUzxB2zTPHM.jpg
4138542342.jpg
3048493726.jpg
7AcoNE4VJMuv7M.jpg
5174292326.jpg
2295932864.jpg
543226869.jpg
4996664009.jpg
6862554582.jpg
5908470583.jpg
3692394139.jpg
4285031779.jpg
b8PzVWScwOk54M.jpg
3048493726.jpg
6620054237.jpg
10149899146.jpg
M2XrkJoAec86OM.jpg
4050442750.jpg
13689197684.jpg
3325600600.jpg
2974884587.jpg
tCpUVALUrLlPEM.jpg
4262364434.jpg
3395014588.jpg
4314612802.jpg
sNk4r_bVzJ-zPM.jpg
8757152355.jpg
8386470507.jpg
HE1VJc3RR6TCHM.jpg
4531232094.jpg
4gtMl1V2qMFSKM.jpg
9498724189.jpg
-C5ZG8akq6HNMM.jpg
2533803300.jpg
4003590462.jpg
2970345706.jpg
8bC04zytyVuxpM.jpg
4530598359.jpg
gfXh8k9mE3w9HM.jpg
6859496121.jpg
4gtMl1V2qMFSKM.jpg
4797410714.jpg
Ew1I6OnpOnCJfM.jpg
5020924407.jpg
9723647948.jpg
1395187026.jpg
5175051073.jpg
309478474.jpg
2251255295.jpg
5vG3ixxR9UC5aM.jpg
55125864.jpg
66313561.jpg
P_dUXrfzxXMYKM.jpg
hgJUWoAdTZ0e2M.jpg
5522885986.jpg
3708688189.jpg
5361399289.jpg
XGgCT26CBo83KM.jpg
gfXh8k9mE3w9HM.jpg
Y8xOi9vHn5poGM.jpg
2477872339.jpg
zz9X2FtVBBDGoM.jpg
8723290666.jpg
15993401983.jpg
Iybwwzz8LMzC1M.jpg
yT6HA9-3JkO2yM.jpg
4797410276.jpg
B9QAVfPUtJpBzM.jpg
379979102.jpg
25974778734.jpg
HIMohFUuUDYwHM.jpg
-FZSgp6R0b3k-M.jpg
_oU7smz0zeZlJM.jpg
6-MjFRrgYgGxFM.jpg
16397142021.jpg
1Md1L4LCYf9D1M.jpg
9415653451.jpg
gMKPEMzsVoiUtM.jpg
3324765561.jpg
xFd-TzQt64BktM.jpg
16397952912.jpg
clcBbftaMda4tM.jpg
476333437.jpg
15778832393.jpg
3256388208.jpg
5177431888.jpg
UvwhpRBySqoogM.jpg
e9pe8lyzfhwGhM.jpg
20995510246.jpg
5Jidw2wOLos63M.jpg
9498724189.jpg
4186442209.jpg
fiB0h_shYSyRqM.jpg
3284528402.jpg
10936725574.jpg
132250761.jpg
BQarhcexnxP3IM.jpg
6544458115.jpg
sHALYmwPy0wdUM.jpg
r-dp87PD28evEM.jpg
lsc51K3B_3f8pM.jpg
13344488875.jpg
Nqfdf6JV4JuoFM.jpg
EVkaBzlFSE17VM.jpg
9533234712.jpg
GTUwtN7IJKHS6M.jpg
l8hiJ40IiojzbM.jpg
8wpMg3moANrH-M.jpg
4496790519.jpg
6141809459.jpg
2569301250.jpg
7589788528.jpg
0jBBgSOwXLfttM.jpg
22447849737.jpg
4002371281.jpg
UZ8ZqTpnk17gDM.jpg
HJCQaKSfGQowbM.jpg
4080016114.jpg
8386470507.jpg
1332904243.jpg
22840158326.jpg
xeMvA7dLvv3iVM.jpg
3417767041.jpg
4718849094.jpg
6253478326.jpg
3487808470.jpg
55125005.jpg
2970345706.jpg
1404375378.jpg
238791270.jpg
5PC4WDOvyY-niM.jpg
15160253180.jpg
4816821467.jpg
3980559919.jpg
4gtMl1V2qMFSKM.jpg
16397952912.jpg
lqcSTX8Rw3E5iM.jpg
55124766.jpg
bSkZv4Uu7IscMM.jpg
wka3Q-P5kU4GsM.jpg
4166474430.jpg
55125130.jpg
DUpNx5Jml2lEgM.jpg
5039158227.jpg
3544173253.jpg
KEvyyCmk8hAANM.jpg
jYbpDc2XeanRtM.jpg
nklMYAj8rQ922M.jpg
8575408777.jpg
4530594589.jpg
weUZmlbRc778EM.jpg
8okY-hB10TAqNM.jpg
15034064321.jpg
16052354509.jpg
NtwIDTvkT5JLpM.jpg
14803886168.jpg
0_Al95zsMjxZ1M.jpg
4708728477.jpg
5E0K2kAVtPEbcM.jpg
5175655586.jpg
55125929.jpg
7516596656.jpg
BBvCAP73ZDhd1M.jpg
5029682096.jpg
4363789241.jpg
ylzYF4r0KSSwmM.jpg
3127245098.jpg
T3F7TsSb6MoZbM.jpg
5039934980.jpg
4294533598.jpg
14YZ7jCWbcmSNM.jpg
eBUOMsTIkiQhyM.jpg
Ew1I6OnpOnCJfM.jpg
l8hiJ40IiojzbM.jpg
5176831219.jpg
Ar-xfQREw_V1cM.jpg
1Md1L4LCYf9D1M.jpg
4788563404.jpg
2569296864.jpg
13344488875.jpg
sVbdaRnEX1IrqM.jpg
2598629117.jpg
22243464124.jpg
2568452345.jpg
4530598359.jpg
6240304219.jpg
22447849737.jpg
ylzYF4r0KSSwmM.jpg
xtUGYsrbJN8vsM.jpg
22245065813.jpg
490890119.jpg
BL1cYg8eImd0pM.jpg
gwLcpcmdn1sIYM.jpg
5601342858.jpg
nMcGoLuYPtMeLM.jpg
3859945250.jpg
5745733123.jpg
5745733123.jpg
9ZjMy1eIrUbCnM.jpg
2569280752.jpg
8124590088.jpg
265271087.jpg
4123023214.jpg
v83zc_Gy4xhfFM.jpg
kjcGi83JYfg5jM.jpg
Z4ZFwzoW1gLPUM.jpg
1284653216.jpg
22245065813.jpg
3060209152.jpg
U-MxjSxwM9l8xM.jpg
bgr6Z8IHryP4SM.jpg
7402180904.jpg
HJCQaKSfGQowbM.jpg
Wx740rbzyBDcLM.jpg
15055321055.jpg
16052354509.jpg
fD5u-HJI1E21wM.jpg
12959246114.jpg
2738117971.jpg
132250761.jpg
1045978231.jpg
bx2EAhTWTZyzVM.jpg
3ISjB0bs4L3Y0M.jpg
22675539168.jpg
22245065813.jpg
9533241958.jpg
vjQ9imQtdfaTZM.jpg
5849824868.jpg
kwN9Wb5XR04WQM.jpg
5846559290.jpg
6zh9ThXgu1E5xM.jpg
B9QAVfPUtJpBzM.jpg
WjCeIvZFJWoWPM.jpg
PsdADGGsxTrbXM.jpg
yr742LqE8Dp52M.jpg
N-s0iQG-kLOTbM.jpg
lNv1XY4D22416M.jpg
2569290860.jpg
6126480561.jpg
7BTM3jEuxBPU9M.jpg
aMRhdgFQYpNrcM.jpg
55125479.jpg
UtFFqciL0F8OrM.jpg
4554617703.jpg
7563030270.jpg
cXPH-QrR4CFdeM.jpg
W2n5tYG7CBgqfM.jpg
965429974.jpg
-6XkWDBSzz7hkM.jpg
242644419.jpg
588690361.jpg
3051326936.jpg
15034064321.jpg
e40nG_rzLo-J6M.jpg
rt7RtOymmLAKfM.jpg
356766845.jpg
4996494975.jpg
XLrZHhbuPjWsfM.jpg
14898251733.jpg
9-zORZnbsjgTSM.jpg
2010112146.jpg
3395014588.jpg
ajQwF6rtAV7wkM.jpg
14347805767.jpg
1284653216.jpg
5020915611.jpg
55126117.jpg
eBUOMsTIkiQhyM.jpg
HGDvY0riBSO9wM.jpg
A2UY5A-oQGJVSM.jpg
22447849737.jpg
yT6HA9-3JkO2yM.jpg
4996665289.jpg
8250001958.jpg
4531231860.jpg
1395187026.jpg
5404219391.jpg
22447849737.jpg
12489013595.jpg
8284591738.jpg
8666310071.jpg
16612559132.jpg
6253478326.jpg
4179882413.jpg
4531228900.jpg
T3F7TsSb6MoZbM.jpg
55126056.jpg
hLtQeWIHQGX3oM.jpg
8183042916.jpg
5363639359.jpg
8697032908.jpg
4080016114.jpg
1o9DjwQtESWBCM.jpg
BVom2ggi8krY6M.jpg
8434249001.jpg
USdzCypFAO0JhM.jpg
2010112146.jpg
m_fV5KqqvLpZAM.jpg
W78GCSBnMD1M7M.jpg
nMcGoLuYPtMeLM.jpg
g1TsHxLtkVbt8M.jpg
BQarhcexnxP3IM.jpg
XLrZHhbuPjWsfM.jpg
5E0K2kAVtPEbcM.jpg
U7TTIWGOxOgk8M.jpg
2494701710.jpg
Tswu8iBEMgVzfM.jpg
5175050587.jpg
PcHcoPjOKsAybM.jpg
5230824081.jpg
UZ8ZqTpnk17gDM.jpg
15357452440.jpg
13681173303.jpg
qpPEgbm6-pgsMM.jpg
55125833.jpg
kwN9Wb5XR04WQM.jpg
rurVCxJlDZFlFM.jpg
9RUQ-b9ncnMp-M.jpg
6dPP2me7dNE0YM.jpg
2598769520.jpg
16372900556.jpg
ZbaqT11HgnoRxM.jpg
iesgRdkZk4niPM.jpg
TZ7Mlswi5hmqMM.jpg
DUdApRw5J8l3EM.jpg
5021520076.jpg
361636742.jpg
18231525863.jpg
5039158227.jpg
6814491945.jpg
oJVUJ4EnTgs6nM.jpg
qxAvAyF6y-ZvjM.jpg
5-Uk-Wi3cffbXM.jpg
16397948872.jpg
SPrj8ui5MZVzJM.jpg
KEAR3kPnCG1zFM.jpg
12203319643.jpg
5175602904.jpg
CG1LmDb4pmPSbM.jpg
12203319643.jpg
nk4DXnjtjlxqoM.jpg
v7yhnhrXxFbBoM.jpg
IkdzSdvFYWXqrM.jpg
157020083.jpg
15160253180.jpg
4314612802.jpg
12203299024.jpg
4186442209.jpg
0stpFFb7VFe4cM.jpg
weUZmlbRc778EM.jpg
ZFmsIqHUcQAZrM.jpg
15160253180.jpg
jSfwDG39zHPdpM.jpg
2569301250.jpg
2569284806.jpg
A2UY5A-oQGJVSM.jpg
r-WPEHQqat0_AM.jpg
1nvJXZiGq4otKM.jpg
0X4iAKxfco4srM.jpg
4373611846.jpg
11216984743.jpg
7xXXuKW8PVahRM.jpg
dxM4gakYQYWmDM.jpg
2473910165.jpg
1804968654.jpg
4166474430.jpg
uV_fM2K3Au0HNM.jpg
202559030.jpg
vJkupkZ4voFrxM.jpg
43244945.jpg
5505674380.jpg
3472815250.jpg
qyNmx_DVp9Ob4M.jpg
uIh-h6aTiLfpKM.jpg
89037476.jpg
2445904696.jpg
zERuqPSs1yyAbM.jpg
16398883935.jpg
72950253.jpg
22474059329.jpg
jw814ngJxj4F2M.jpg
sG0Nj5R_kKG4PM.jpg
WYexOVokbfzeZM.jpg
379979102.jpg
2UeXvR0Gpxf16M.jpg
OiQZ2Lipqw8xWM.jpg
3435925065.jpg
5020927329.jpg
13689197684.jpg
209411509.jpg
1098010687.jpg
15648759915.jpg
15273830735.jpg
5021520076.jpg
6295329580.jpg
M222PdN-PN5r8M.jpg
2193405496.jpg
5029681414.jpg
8bC04zytyVuxpM.jpg
16052354509.jpg
5175051073.jpg
4373611846.jpg
sbBZZif-zpkAsM.jpg
14421042715.jpg
4996494975.jpg
