_waM4etWrDs1iM.jpg
PE7ULbFawSyZFM.jpg
4778106954.jpg
3359606599.jpg
5956901967.jpg
4693015053.jpg
RxgKATeoCq9xHM.jpg
3773033879.jpg
543985998.jpg
752997377.jpg
kohnO5AJBaBhGM.jpg
5887002399.jpg
3659919059.jpg
Osto-ypU3zCmVM.jpg
8355641448.jpg
3319576649.jpg
lD4MIfGdxaatJM.jpg
xmUNsUrH2xpbCM.jpg
Wcr3-WoK7RIoKM.jpg
kJvDQye2I05WIM.jpg
3773840934.jpg
KBoHHAQkBZEvsM.jpg
jdCN9ROQiCSakM.jpg
BYjsK28_IUWm2M.jpg
5397770542.jpg
15698482238.jpg
4976380182.jpg
8253286928.jpg
llcoGWDZhO5beM.jpg
uOejlHlsS0AoXM.jpg
5443174444.jpg
dCYHySy7z0ORFM.jpg
3360630492.jpg
VKBEbbe17UZLPM.jpg
6770069607.jpg
102317147.jpg
ILqgkqxgqpqH0M.jpg
463522254.jpg
YrjAfZcPqR2d1M.jpg
9YDx6kkEY-cviM.jpg
-2zkiFjQjF_KaM.jpg
5681618847.jpg
dXJlX1o34DyrJM.jpg
3222099995.jpg
3992067352.jpg
e5XV5A9SMYCRoM.jpg
2725785165.jpg
7179467737.jpg
3178698209.jpg
uV5ip8xdEmUEwM.jpg
V8Xfj7OfU75paM.jpg
5015775646.jpg
14833888349.jpg
3877471615.jpg
5934432791.jpg
oxViapoetk7sLM.jpg
16102409812.jpg
6887027055.jpg
F_dOegOY5tm9zM.jpg
6765678747.jpg
X1PNMYI79qzn9M.jpg
6498149119.jpg
tzMWKWbUqxxt0M.jpg
8078233045.jpg
7662111492.jpg
4jUMuviFd41ghM.jpg
7893471222.jpg
449496054.jpg
7364694610.jpg
3725601199.jpg
272537035.jpg
2654740820.jpg
8286664232.jpg
9473797702.jpg
543985998.jpg
15296619627.jpg
P3LPRM8ZvlCAfM.jpg
fBheiSjp9zz8RM.jpg
neuBxElZNQ1heM.jpg
_ilaLCAUHvqb6M.jpg
jD8znMyNiBD6PM.jpg
neuBxElZNQ1heM.jpg
6498151493.jpg
4558036939.jpg
FJV1aCEFHYxcdM.jpg
3536695140.jpg
WxbpfJQWYw1EcM.jpg
aRwAfbbZmvdETM.jpg
im9lPksTwiNnYM.jpg
7699846600.jpg
rpTYc_UedV_3pM.jpg
7364697714.jpg
5057253733.jpg
9513311341.jpg
zXlEH2IKzY0n4M.jpg
ma3u_4V55MQX7M.jpg
TWluLe1LbwGgDM.jpg
14884758266.jpg
8286664232.jpg
5589609235.jpg
8535960702.jpg
_xkpF8NbEDoEbM.jpg
3222097611.jpg
KsDTfq4pm2zN-M.jpg
16608671.jpg
2ptzOXeEdvup3M.jpg
TlJbRm7V_XCHsM.jpg
4069352845.jpg
Xb3k_Yi0FWglnM.jpg
15698482238.jpg
2272457608.jpg
EMoK9P8cd0iTaM.jpg
13254976164.jpg
7364691206.jpg
lD4MIfGdxaatJM.jpg
6349641156.jpg
B4hKP3yY__rP1M.jpg
11093773575.jpg
85769082.jpg
8150733683.jpg
7364694610.jpg
4558036939.jpg
4436469262.jpg
xNyrXHQWGsIAVM.jpg
11610208235.jpg
108073557.jpg
t6EJZpk6JyYB2M.jpg
26450567806.jpg
1864676073.jpg
2942041143.jpg
UksdOOyK4nlAgM.jpg
poqKppyCyHV52M.jpg
10891665945.jpg
4814801483.jpg
15915707418.jpg
3359811781.jpg
2ptzOXeEdvup3M.jpg
9063937177.jpg
4231834465.jpg
2591170822.jpg
5882678643.jpg
12385483344.jpg
15769435560.jpg
ySkMfaQIqT7JYM.jpg
2842882315.jpg
4310838940.jpg
L5yuj8FS-1G6EM.jpg
_IeUU5CMxpc_zM.jpg
mjtr6srWsG-KaM.jpg
248634011.jpg
ABsALRCQlC-FiM.jpg
uOejlHlsS0AoXM.jpg
14088454521.jpg
AW4DVgrFgsmLNM.jpg
_ytzEdADIoJ_uM.jpg
4176522066.jpg
3320564493.jpg
7893471222.jpg
4VHWznbnn1LfKM.jpg
25685045441.jpg
5394374168.jpg
471402828.jpg
7179469491.jpg
5934432791.jpg
3773841622.jpg
4287840573.jpg
_Gj_f4VTDOyLqM.jpg
3320564493.jpg
7007545954.jpg
10048126063.jpg
MwWCeie42pxNWM.jpg
40qjytgA8QpoiM.jpg
13376785313.jpg
36455507.jpg
3192570540.jpg
sNu0JedGKDXKjM.jpg
4233944640.jpg
3725601187.jpg
4316959608.jpg
rZR65-SrB2c1vM.jpg
85715480.jpg
84069772.jpg
I2mNstJ7_VaA9M.jpg
4528692010.jpg
475278633.jpg
9415703514.jpg
-A5cbzHZtQ8htM.jpg
2727048359.jpg
4084538018.jpg
3192570532.jpg
86HUBsTfXcq_sM.jpg
4441654576.jpg
ewcCE_5Y3RRbWM.jpg
7179468115.jpg
475278633.jpg
4675407865.jpg
F2sKFjhsMMEU0M.jpg
4777473187.jpg
9609617700.jpg
13553143414.jpg
4u02uAxTrft0_M.jpg
3359606599.jpg
2328116603.jpg
6200815936.jpg
5601662553.jpg
7017570339.jpg
Odwh1HnLJ0FHgM.jpg
gYVr6vvza6N7PM.jpg
5712879952.jpg
3773841896.jpg
5284137438.jpg
WWh--K9Tm3gSuM.jpg
eofyue9sjQbrVM.jpg
WyOcijv3r3NSLM.jpg
2676870867.jpg
zhdJTFHDD5PYCM.jpg
8566337874.jpg
14914323234.jpg
JZ9792LclCupnM.jpg
yKiVBkjVElkGIM.jpg
4675407865.jpg
ApYfmL2EPrCfOM.jpg
386162601.jpg
29621118.jpg
IC-oS4GLt_e_GM.jpg
-J_9utVw57A25M.jpg
YN94k3Lr08-4aM.jpg
62087470.jpg
15634776334.jpg
16998601540.jpg
9135799132.jpg
ehubihVEGiHv9M.jpg
3621969625.jpg
x9O_llN7CiMgHM.jpg
15698482238.jpg
b9knlq_xdAGSvM.jpg
4604391831.jpg
14851117209.jpg
3535725780.jpg
5062129933.jpg
TVeMonaczKd6zM.jpg
cXSrPEK0ALaZSM.jpg
2138721485.jpg
6-3FtlHqZ1EZ4M.jpg
9399548916.jpg
4207815318.jpg
eFdccmqYM3F8zM.jpg
3614841144.jpg
10361652383.jpg
12436339683.jpg
B4hKP3yY__rP1M.jpg
6cEyQ266E3GnSM.jpg
rO0vn4tAPoo3uM.jpg
q5ruweZK-HdaZM.jpg
lD4MIfGdxaatJM.jpg
12710172895.jpg
NgZRWNaTq40bQM.jpg
F2sKFjhsMMEU0M.jpg
9472769855.jpg
HIypp-3aBWZclM.jpg
kMfFfpbyRfaHvM.jpg
8720266772.jpg
4440873539.jpg
6444075967.jpg
2908798999.jpg
7646952438.jpg
0FNgYqZDXiNJUM.jpg
23014081560.jpg
4074782187.jpg
T46W_yfqLujRcM.jpg
IIu3rLNqqhePWM.jpg
411048483.jpg
84069772.jpg
12455546225.jpg
2392806807.jpg
xVE7infPtf496M.jpg
3725601197.jpg
458568663.jpg
6770050687.jpg
3725608909.jpg
5465803664.jpg
3192570540.jpg
13801415053.jpg
2591170612.jpg
603813014.jpg
14302894302.jpg
4675414419.jpg
4029374003.jpg
475278633.jpg
15685266162.jpg
l4xOgvlpiqyryM.jpg
5423822990.jpg
_hvOW9uLGUDziM.jpg
wXlpVy40tegy8M.jpg
4179190368.jpg
5484116241.jpg
EbopbS-Vhi6QbM.jpg
4830138711.jpg
3773032939.jpg
LMBNkKyR6FAkkM.jpg
icMI-NjHx56fYM.jpg
mqvuLIJWLNfbBM.jpg
8476985926.jpg
4440879575.jpg
wPGSqrDRyjkpsM.jpg
8705327.jpg
14227182663.jpg
14963409382.jpg
Nj0ao41EjkAumM.jpg
14134417993.jpg
0DuqYg0hkXPnCM.jpg
4558667460.jpg
5MVwjOwpV6YuxM.jpg
5015775646.jpg
5602428301.jpg
7548975930.jpg
AxyyVmYHWSSPaM.jpg
4789130204.jpg
4422550614.jpg
ySl2i5ZXdLpcTM.jpg
3362647710.jpg
R8LPYoPRhd2PrM.jpg
4892807171.jpg
4310838940.jpg
14204588682.jpg
cfCPlUypQ2TwqM.jpg
F5AJ0rICdTjYeM.jpg
kMfFfpbyRfaHvM.jpg
5057505418.jpg
AZMvHTq9-HjtSM.jpg
16998601540.jpg
4631391536.jpg
2908794431.jpg
12775747613.jpg
rc8zV7DXxMHrjM.jpg
298850082.jpg
2272457608.jpg
2829968103.jpg
4441650468.jpg
6713164.jpg
2306428865.jpg
ySl2i5ZXdLpcTM.jpg
xmUNsUrH2xpbCM.jpg
227961566.jpg
4696595029.jpg
B1el6x90BUO5iM.jpg
fDxeTpN5kxsjEM.jpg
5737971384.jpg
ma3u_4V55MQX7M.jpg
3946626307.jpg
5793857664.jpg
5793857664.jpg
A-xjLxG8QEkwNM.jpg
286309320.jpg
8219497461.jpg
2YfR_FABLAZ1fM.jpg
4129499446.jpg
tl4N40Yb_tACdM.jpg
jdCN9ROQiCSakM.jpg
Xe9VqLE4wQh5dM.jpg
11526001404.jpg
2279325552.jpg
334928551.jpg
SMVHp5GyfRXixM.jpg
_ilaLCAUHvqb6M.jpg
7477915126.jpg
IHQSpVpV2cCwRM.jpg
WF_OK-xfe6EAiM.jpg
14227214073.jpg
14963409382.jpg
dbmEQmpjtDouoM.jpg
12385483344.jpg
3012682331.jpg
12436339683.jpg
10293738265.jpg
_w_BH00GdeAH9M.jpg
4060850226.jpg
2352328585.jpg
227961566.jpg
9473348726.jpg
uZet5R8JzrHEyM.jpg
5887002399.jpg
k3XdHXdEGRwhMM.jpg
5860457608.jpg
7364691206.jpg
