iqnZbu0rS9n0NM.jpg
ae06OKHbUdOi3M.jpg
8194811811.jpg
4239345661.jpg
DHaP7vgkul_A4M.jpg
78nOQyAH3jTeuM.jpg
dz2yv-wk787HaM.jpg
5421289307.jpg
BE7HJgE3-u05sM.jpg
K68VWq6Jqp074M.jpg
pCdQbDM8EtDUpM.jpg
CYDbIpV7gRvHwM.jpg
4824431266.jpg
aclWCP1UyJYLAM.jpg
NsNfRuwVzAtImM.jpg
4088467904.jpg
pDwjj2ifFSz7AM.jpg
y4rcGfi3sIBepM.jpg
gAZoCiqFYpuhEM.jpg
oUwuYHhnmIhuwM.jpg
5488242268.jpg
YueAj7MEoErwJM.jpg
oSA9ykv-Do3YmM.jpg
VjpSs7vCLN6SlM.jpg
Az7yPF0Z4nhPYM.jpg
16449162590.jpg
8Dt5WBdteVDmXM.jpg
Mowane5OijhNZM.jpg
pchCkiu-czu-3M.jpg
vYvsTPP5lbo2hM.jpg
BE7HJgE3-u05sM.jpg
khFue_QcuMWxsM.jpg
4244621137.jpg
g34RrqYp4lPXqM.jpg
H0_apQiuRNeIkM.jpg
-mJK9Y1akqGubM.jpg
YXw-Antv_aDYsM.jpg
7595893274.jpg
hN-DsCYi5xfHWM.jpg
TVcDn2qGSDJtfM.jpg
-NVgOIHcVORM1M.jpg
C9MU8Ve9FxZeiM.jpg
ktDofcShJVuaVM.jpg
3_USwc_QGH8bmM.jpg
5fej6nPc17DjcM.jpg
l_pzohBmP__KwM.jpg
3212707448.jpg
IPMsvPBxXOSh2M.jpg
3L5h9ecbiKXT9M.jpg
w45HqEiS1pAbJM.jpg
ffl6Gs3jcIG7gM.jpg
9157811461.jpg
15042610927.jpg
5898100822.jpg
CoeTC7oVDCIuuM.jpg
rWYym3BOPbfTBM.jpg
19151310492.jpg
H1svQHlCnenVsM.jpg
XnPGDISFwWfcnM.jpg
H0_apQiuRNeIkM.jpg
gVNo0MeFEMM_xM.jpg
GP_3wZfbckwLqM.jpg
vH3m1ghXSN8bIM.jpg
LNAwoROsg_qNJM.jpg
KYLhTa3o5gSCIM.jpg
9112239593.jpg
L5-E2nUZTL6T4M.jpg
7002027121.jpg
Jkc0X52o84N9MM.jpg
4954656057.jpg
3205021393.jpg
3119674709.jpg
NQOTrZLl09nmkM.jpg
SjAevN61WIHTuM.jpg
BE7HJgE3-u05sM.jpg
15541191864.jpg
ae06OKHbUdOi3M.jpg
mLE4nT8Zqz81CM.jpg
r-fNpOA8N9-0oM.jpg
iYS1RfiBN9rymM.jpg
oSA9ykv-Do3YmM.jpg
r-fNpOA8N9-0oM.jpg
GP_3wZfbckwLqM.jpg
7028048137.jpg
XbjrSTq3xQdIQM.jpg
4703984617.jpg
gCuvSYS9iZ8jQM.jpg
j3088adX5C7x9M.jpg
nqssMkX_e3ONFM.jpg
KcZ6t0xYAnscUM.jpg
u8kRI5QgMUUOjM.jpg
JsYH_Jk0NYWMiM.jpg
9256308358.jpg
SuAoQrs9kbJJLM.jpg
zC9SOpZDBC4NeM.jpg
qTvfgRnYT18hPM.jpg
egC0W61DuqnYsM.jpg
15103201953.jpg
NQOTrZLl09nmkM.jpg
BwZS0HC1_dfZtM.jpg
P4JGshDzqx7D3M.jpg
ismvhiliNIQ5qM.jpg
3_USwc_QGH8bmM.jpg
Z-Adhn6x5rnjbM.jpg
1cqIdTca3WS2wM.jpg
3710698735.jpg
ewmewezFRktORM.jpg
6018018280.jpg
gdZaXyC5cSOLEM.jpg
16449162590.jpg
2701808191.jpg
WqbRSMj17wStHM.jpg
11782407343.jpg
Jg8QIm9No3L7EM.jpg
pDwjj2ifFSz7AM.jpg
FoKqq_boR00MjM.jpg
UjqsdkZXkjArKM.jpg
10147386414.jpg
Q22IfkCDOzmxqM.jpg
Lo8rYEbthmHEYM.jpg
Jkc0X52o84N9MM.jpg
7028048137.jpg
6DaKLtQ4YpHVsM.jpg
xbfMIqqbejvYNM.jpg
10999862625.jpg
0clh4p8qpwyJDM.jpg
v8CWeArw_NDemM.jpg
30jAgcuRyokf0M.jpg
2131542311.jpg
3666626124.jpg
fFIexiNiHNpcLM.jpg
s7C4zc800YQUzM.jpg
0clh4p8qpwyJDM.jpg
8471708130.jpg
16449162590.jpg
4239345661.jpg
3710698735.jpg
RNaOBs9shm-C0M.jpg
6268058891.jpg
3027461631.jpg
CWYlrDM83qTAUM.jpg
11000008874.jpg
16449162590.jpg
yW0wJkt11yJkHM.jpg
343421716.jpg
6802379556.jpg
Z-Adhn6x5rnjbM.jpg
iBQmEo9Ce5hb3M.jpg
qeIHwJ5uepdL2M.jpg
2857972226.jpg
TiWmH65L0COXUM.jpg
vYvsTPP5lbo2hM.jpg
13300362483.jpg
UKJx2JDl_5lPBM.jpg
ismvhiliNIQ5qM.jpg
6173542137.jpg
4088467904.jpg
L5-E2nUZTL6T4M.jpg
8no5ZEgj5rdkiM.jpg
2VT2q0PhjOjh9M.jpg
Az7yPF0Z4nhPYM.jpg
7mCpOOoS2-13pM.jpg
IUCozFfKT_6QuM.jpg
CoeTC7oVDCIuuM.jpg
5496212250.jpg
67JuXHR5tb9FKM.jpg
iBQmEo9Ce5hb3M.jpg
4088467904.jpg
HqQG9xFe3inWJM.jpg
-l-ek0KCpnuBNM.jpg
ZoeRw2dyrcI89M.jpg
6037006726.jpg
11782407343.jpg
4782411488.jpg
3QXGc7LBHTW1gM.jpg
uLk_c0tIHLzRPM.jpg
6268584900.jpg
488348123.jpg
6826788605.jpg
tvQl1t7CkHLckM.jpg
Q22IfkCDOzmxqM.jpg
OGdHEfWHAVSKpM.jpg
YVeghMvEsUS6UM.jpg
70226254.jpg
8102547815.jpg
RlzRSZkusM6_9M.jpg
-QfYYtgIrEtUJM.jpg
3234226597.jpg
6036996112.jpg
3L5h9ecbiKXT9M.jpg
QFj0krhRUvpfYM.jpg
6q2mfq29g6ZjyM.jpg
lxDciJedrQxwCM.jpg
IPaBkNq4VhUsyM.jpg
8102547815.jpg
7727893678.jpg
XHeBB60cbVccOM.jpg
812524160.jpg
T3f00gNPbqLXSM.jpg
11976929524.jpg
9112239593.jpg
4239345661.jpg
2702616276.jpg
FND0YoE8HaV9KM.jpg
BzI91UFED3J10M.jpg
HqQG9xFe3inWJM.jpg
a687XJ6sH-HQvM.jpg
mruGC7378JVQ3M.jpg
CIMV9eJKfZODrM.jpg
5500374205.jpg
9wZHI5OwQWFj9M.jpg
gAZoCiqFYpuhEM.jpg
lxDciJedrQxwCM.jpg
gG2L1SwOie6vWM.jpg
3203864446.jpg
zz0My6KNkg_ydM.jpg
PsHoRq7hpFjdPM.jpg
15205041898.jpg
YoBnlt9j-jshTM.jpg
yA9Xf9zYIIBiKM.jpg
7727893678.jpg
UjihTo9H4DydDM.jpg
5795706151.jpg
3710697075.jpg
YXcY9weHlKjrrM.jpg
-QfYYtgIrEtUJM.jpg
h9yBQdZD92cmuM.jpg
FND0YoE8HaV9KM.jpg
16249620128.jpg
20075644962.jpg
RQyqab2XrS3-3M.jpg
lsEY-2crYvmK6M.jpg
477648941.jpg
xaa27BvTsLnZIM.jpg
16360582499.jpg
jartt5TxtwpC5M.jpg
7453725950.jpg
15049899393.jpg
4703984617.jpg
9386144904.jpg
eYl5NFMf6_q5WM.jpg
kHS467uKwGNSdM.jpg
2432147593.jpg
EcAwW9onhYx_MM.jpg
RlzRSZkusM6_9M.jpg
6267310669.jpg
lcJihn2CZ4rsTM.jpg
4743869874.jpg
0Ghz7ZwehGS6_M.jpg
11659292805.jpg
UjqsdkZXkjArKM.jpg
HdEiu8AuSMu2jM.jpg
t_ys-t0SFE3TWM.jpg
sT5A-60c0pSPTM.jpg
pDwjj2ifFSz7AM.jpg
11717186666.jpg
_hwIXJegl933PM.jpg
XHeBB60cbVccOM.jpg
S9bsOBoY4x5f6M.jpg
YJ3jMygg5zBNvM.jpg
ojOT1BKKaZ5L8M.jpg
QWG0FMiTKN0UOM.jpg
6_6HbH9-ncSPKM.jpg
G7ImfTrUQ9FFyM.jpg
3625930926.jpg
KYLhTa3o5gSCIM.jpg
-dsYtdMH3kLtKM.jpg
2702565024.jpg
6036996112.jpg
eQizOKU2IMFOxM.jpg
YXw-Antv_aDYsM.jpg
6050830952.jpg
O781BN2-KfT78M.jpg
11659292805.jpg
2702692528.jpg
xxBFYbj_6X_S8M.jpg
493782428.jpg
7165931094.jpg
H0_apQiuRNeIkM.jpg
4998047440.jpg
BHgXyw58ouu-JM.jpg
3L5h9ecbiKXT9M.jpg
12363244285.jpg
2l6o0Y_U7dkRgM.jpg
F2sbq-jIcrKXuM.jpg
14486138379.jpg
7732669196.jpg
5vHaDSSpn0eGEM.jpg
8102547815.jpg
16360582499.jpg
pCdQbDM8EtDUpM.jpg
B6QWg_06LlzDQM.jpg
iNE7JKZ5GZMNHM.jpg
x8rkmhsCdPNNoM.jpg
6263355608.jpg
BNIgIOKtoSRmeM.jpg
X0l2V_8_VZSCtM.jpg
8471708130.jpg
5336797850.jpg
Z7AvjrSca_qWWM.jpg
nqssMkX_e3ONFM.jpg
qm4cpT6k8nx7EM.jpg
Op6pqudWmtjvuM.jpg
6hDnuwGx7gfjHM.jpg
wlXh7N7aHF3gPM.jpg
QJ-74p7OfCQYlM.jpg
13945697978.jpg
15205041898.jpg
_hwIXJegl933PM.jpg
13822062805.jpg
-beDdJhhYyGAgM.jpg
7165931094.jpg
Ec3u3FqBZwvDmM.jpg
9253470825.jpg
C1rj1_Be8qfrdM.jpg
KXYboPNuIg3itM.jpg
UjihTo9H4DydDM.jpg
8392219917.jpg
6DE2zeGEkQGveM.jpg
yW0wJkt11yJkHM.jpg
4244621137.jpg
dGq3JlpA0DRIOM.jpg
8737834668.jpg
6802379556.jpg
1392843824.jpg
kaZ4hNiFKA4YqM.jpg
XHeBB60cbVccOM.jpg
ojOT1BKKaZ5L8M.jpg
9376032463.jpg
UMHWBnY1UvajBM.jpg
20075644962.jpg
7453725950.jpg
3625930926.jpg
11717186666.jpg
tvQl1t7CkHLckM.jpg
3710697213.jpg
2701808191.jpg
3385649346.jpg
6q2mfq29g6ZjyM.jpg
Gvx00R_awACw9M.jpg
2702565024.jpg
yWd3YI0Nt72FtM.jpg
y4rcGfi3sIBepM.jpg
2701876633.jpg
7Wg3gGZ0BUS42M.jpg
UjqsdkZXkjArKM.jpg
mLE4nT8Zqz81CM.jpg
CIMV9eJKfZODrM.jpg
qTvfgRnYT18hPM.jpg
5O1b8aIQMqkupM.jpg
COBR7NBW_2J3OM.jpg
CR-2oDYkKPagbM.jpg
TYuAVoyK-Dq4bM.jpg
352442707.jpg
Mlv4zCvQpepFrM.jpg
3710697405.jpg
6128795921.jpg
vF_0WVX54Av89M.jpg
oSA9ykv-Do3YmM.jpg
gok2GeURhJ7UHM.jpg
10886733806.jpg
2701876633.jpg
4214439719.jpg
dz2yv-wk787HaM.jpg
iYS1RfiBN9rymM.jpg
JzM8_bZhepXWOM.jpg
YXcY9weHlKjrrM.jpg
g5UDUJkY9JHsTM.jpg
14122162687.jpg
15205041898.jpg
ktqxbIU4y39s8M.jpg
11000008874.jpg
3764069396.jpg
11659292805.jpg
-r5Jx7v_fDB1tM.jpg
iqnZbu0rS9n0NM.jpg
6018014638.jpg
2702679126.jpg
2701876633.jpg
S9bsOBoY4x5f6M.jpg
wOAdqqu_vEjLvM.jpg
CYDbIpV7gRvHwM.jpg
oUwuYHhnmIhuwM.jpg
CUTJCPY9h0uwOM.jpg
Jg8QIm9No3L7EM.jpg
UjihTo9H4DydDM.jpg
g34RrqYp4lPXqM.jpg
ae06OKHbUdOi3M.jpg
ye_lxSKK0DnfmM.jpg
_TVuPjFTb63M9M.jpg
ouZt8Mp383f3FM.jpg
359166048.jpg
G-fco2Q1hcknuM.jpg
LD_EAnYyQMDfzM.jpg
hN-DsCYi5xfHWM.jpg
Ba8CPCLDW_R_pM.jpg
eUZXTp1tH1GtNM.jpg
70226254.jpg
KYLhTa3o5gSCIM.jpg
jRYSu4OgIpo_lM.jpg
f6SEc-i4uZqr9M.jpg
SjAevN61WIHTuM.jpg
-NVgOIHcVORM1M.jpg
3027536394.jpg
CnL_29qli82lwM.jpg
4178698290.jpg
13945697978.jpg
k9h420MJMeOY6M.jpg
tEfQhk32QdJp5M.jpg
5336797850.jpg
7fyqKVknupylbM.jpg
gAZoCiqFYpuhEM.jpg
13893371871.jpg
QZ7yKrszzDPFtM.jpg
2169105366.jpg
4847776947.jpg
hWRgDUv8sVcewM.jpg
12913447484.jpg
10999862625.jpg
8102560220.jpg
C7QshwrV_DDQ1M.jpg
kMv1m5LGVYmjHM.jpg
YXcY9weHlKjrrM.jpg
TiWmH65L0COXUM.jpg
2702565024.jpg
yA9Xf9zYIIBiKM.jpg
8-TVkI2Vs6sZSM.jpg
Mowane5OijhNZM.jpg
7012840441.jpg
11976929524.jpg
AjcZvZp5NSq12M.jpg
2702565024.jpg
10760148414.jpg
NmABjqnAvaUiiM.jpg
P4JGshDzqx7D3M.jpg
16736335085.jpg
H0sQcf91hI11wM.jpg
6267310669.jpg
7-bsbsRlbVaruM.jpg
dGq3JlpA0DRIOM.jpg
C686c28mE81MNM.jpg
mVCHvbD7EEm_XM.jpg
Mlv4zCvQpepFrM.jpg
A7R7VstnA0-xyM.jpg
PsHoRq7hpFjdPM.jpg
6050830952.jpg
2131542311.jpg
VKCkOhNaUbezdM.jpg
OGdHEfWHAVSKpM.jpg
ePzBT2hF7dE9JM.jpg
2169105366.jpg
pMAYDohk2ILtKM.jpg
fCeE_JDZS5YilM.jpg
qTvfgRnYT18hPM.jpg
lrgue1CLXSS0bM.jpg
UjqsdkZXkjArKM.jpg
gAZoCiqFYpuhEM.jpg
Ec3u3FqBZwvDmM.jpg
e5S6UQP6E6XQmM.jpg
3205021393.jpg
dtpB_HrsFS5Z5M.jpg
9112239593.jpg
aclWCP1UyJYLAM.jpg
9684746574.jpg
eQizOKU2IMFOxM.jpg
14663476485.jpg
11782407343.jpg
rwHmNwlJtsL3vM.jpg
BwZS0HC1_dfZtM.jpg
oUwuYHhnmIhuwM.jpg
tHBY49iwpgaTJM.jpg
TFRTX_bjHCb0zM.jpg
Ist_42myBksz0M.jpg
3710697213.jpg
15976099048.jpg
h-VpebePO-dj9M.jpg
nFjQdwcNn4bVpM.jpg
dmbdba57mNacpM.jpg
X0l2V_8_VZSCtM.jpg
8194811811.jpg
5447231364.jpg
1Q5I5OPNRR46OM.jpg
8471708130.jpg
IMdUlCffiKPaLM.jpg
r-fNpOA8N9-0oM.jpg
rwj7bQLKwSCWjM.jpg
8102560064.jpg
16360582499.jpg
cVeh2-qWc1dITM.jpg
Z7AvjrSca_qWWM.jpg
10697497514.jpg
9112306541.jpg
Vju2hfioCpkTjM.jpg
10670385415.jpg
qeIHwJ5uepdL2M.jpg
vF_0WVX54Av89M.jpg
YfRL3nu4EDxArM.jpg
15004313690.jpg
14230558976.jpg
6826788605.jpg
10670385415.jpg
6267834014.jpg
-dsYtdMH3kLtKM.jpg
wlXh7N7aHF3gPM.jpg
h-VpebePO-dj9M.jpg
14486138379.jpg
nflaRq_r4EmJHM.jpg
3625930926.jpg
3564195997.jpg
TiWmH65L0COXUM.jpg
sT5A-60c0pSPTM.jpg
21310526.jpg
-beDdJhhYyGAgM.jpg
6DE2zeGEkQGveM.jpg
0v09M4mr4NmHvM.jpg
LNpPJ9jwOFSCWM.jpg
jmDvoRWO8omHxM.jpg
3203864446.jpg
1Q5I5OPNRR46OM.jpg
6263355608.jpg
v0dHorPM1SWfDM.jpg
23203857136.jpg
vYvsTPP5lbo2hM.jpg
6882075172.jpg
B6QWg_06LlzDQM.jpg
4979671716.jpg
s7C4zc800YQUzM.jpg
us0s8fVBSQkrdM.jpg
Q5-dyKw9jRf-fM.jpg
30jAgcuRyokf0M.jpg
ynRu5xAi43RWxM.jpg
16451633008.jpg
JwJiUzTLSyo7sM.jpg
2702580110.jpg
oKBbNxZRj-xjKM.jpg
t_ys-t0SFE3TWM.jpg
ffl6Gs3jcIG7gM.jpg
5725881055.jpg
3_USwc_QGH8bmM.jpg
a687XJ6sH-HQvM.jpg
4954656057.jpg
8194811811.jpg
11976929524.jpg
2432147593.jpg
0VYGSN6F3lDWyM.jpg
15004313690.jpg
14549162578.jpg
8194811811.jpg
H1svQHlCnenVsM.jpg
ZSLDo3g2O6XkEM.jpg
2701741787.jpg
8217651307.jpg
QFj0krhRUvpfYM.jpg
15205041898.jpg
9112239593.jpg
6DaKLtQ4YpHVsM.jpg
u5BujfQ8mbq5mM.jpg
13300362483.jpg
7fyqKVknupylbM.jpg
8102560220.jpg
Ypo4ZNFOClyA7M.jpg
5928464926.jpg
3563161188.jpg
4998047440.jpg
AjcZvZp5NSq12M.jpg
u8kRI5QgMUUOjM.jpg
f5sukVniVtxfNM.jpg
471818364.jpg
HdEiu8AuSMu2jM.jpg
VkNaTCIE-B7XFM.jpg
ewmewezFRktORM.jpg
9112306541.jpg
7595893274.jpg
bYxpichM54oqwM.jpg
8737834668.jpg
3mvYzbkROEuG_M.jpg
9386144904.jpg
s7C4zc800YQUzM.jpg
2701741787.jpg
9KiNt0F8ySTwRM.jpg
QFj0krhRUvpfYM.jpg
BqcOELYrGIqnFM.jpg
3563161188.jpg
-QfYYtgIrEtUJM.jpg
X0l2V_8_VZSCtM.jpg
NsNfRuwVzAtImM.jpg
-beDdJhhYyGAgM.jpg
4r21Ex-dqOLh0M.jpg
bYxpichM54oqwM.jpg
OtHPbeILCnAcxM.jpg
Gsh0TdwVaobZFM.jpg
2702580110.jpg
XnPGDISFwWfcnM.jpg
Az7yPF0Z4nhPYM.jpg
UjihTo9H4DydDM.jpg
azXfhF1Vp7JPVM.jpg
39473115.jpg
b-pr5wbi4-fgCM.jpg
477648941.jpg
y4rcGfi3sIBepM.jpg
2066118967.jpg
mruGC7378JVQ3M.jpg
11659292805.jpg
4214439719.jpg
FCWEjGXkZZiR1M.jpg
JwJiUzTLSyo7sM.jpg
7354412246.jpg
16451633008.jpg
4103893825.jpg
4845346124.jpg
a687XJ6sH-HQvM.jpg
pCdQbDM8EtDUpM.jpg
L3M21iTCbCBQRM.jpg
10886733806.jpg
eYl5NFMf6_q5WM.jpg
5447231364.jpg
6128795921.jpg
FTqGs-T8KV1fKM.jpg
4042967875.jpg
qm4cpT6k8nx7EM.jpg
2702691740.jpg
8102547815.jpg
493782428.jpg
Ec3u3FqBZwvDmM.jpg
Jg8QIm9No3L7EM.jpg
Op6pqudWmtjvuM.jpg
FTqGs-T8KV1fKM.jpg
7mCpOOoS2-13pM.jpg
Q22IfkCDOzmxqM.jpg
7732669196.jpg
dgG9QqF0A-Ro0M.jpg
ePzBT2hF7dE9JM.jpg
4979671716.jpg
6PHX839DVvMXsM.jpg
OtHPbeILCnAcxM.jpg
2702616276.jpg
WqbRSMj17wStHM.jpg
6uAIM2CKN-20tM.jpg
KdGywNf5vB3x9M.jpg
2664721752.jpg
TVcDn2qGSDJtfM.jpg
6486189281.jpg
Az7yPF0Z4nhPYM.jpg
8102547815.jpg
BE7HJgE3-u05sM.jpg
WOZxvwEtxR7saM.jpg
5878748652.jpg
Rq10IN0TOJLWDM.jpg
13698760.jpg
5029640963.jpg
_KjuxItnqyAzKM.jpg
12672397083.jpg
OGdHEfWHAVSKpM.jpg
0v09M4mr4NmHvM.jpg
Az7yPF0Z4nhPYM.jpg
nFjQdwcNn4bVpM.jpg
-emrZOigT-j0xM.jpg
FCWEjGXkZZiR1M.jpg
14122162687.jpg
ktDofcShJVuaVM.jpg
Vju2hfioCpkTjM.jpg
ZoeRw2dyrcI89M.jpg
TVcDn2qGSDJtfM.jpg
-aUUHYG8c9Ue0M.jpg
11659292805.jpg
OGdHEfWHAVSKpM.jpg
zz0My6KNkg_ydM.jpg
lrgue1CLXSS0bM.jpg
X0l2V_8_VZSCtM.jpg
Ypo4ZNFOClyA7M.jpg
3779391620.jpg
a1Iae5EHBOblyM.jpg
488348123.jpg
16736335085.jpg
9G88jdN6r6y1NM.jpg
6-mdt1oufFdRJM.jpg
2857972226.jpg
8217651307.jpg
oKBbNxZRj-xjKM.jpg
8Dt5WBdteVDmXM.jpg
9157811461.jpg
Y1xeMBZ21179RM.jpg
F2sbq-jIcrKXuM.jpg
2202691810.jpg
pDwjj2ifFSz7AM.jpg
9112239593.jpg
eQizOKU2IMFOxM.jpg
70226254.jpg
g5UDUJkY9JHsTM.jpg
7028027789.jpg
3710698735.jpg
3361529.jpg
s_zG3dboOl2YlM.jpg
KYLhTa3o5gSCIM.jpg
12446316253.jpg
70226254.jpg
3955104925.jpg
15205041898.jpg
3119674709.jpg
1306499987.jpg
QJ-74p7OfCQYlM.jpg
2C9YUV6x57E4fM.jpg
Mowane5OijhNZM.jpg
NQOTrZLl09nmkM.jpg
XbjrSTq3xQdIQM.jpg
DTMKOZZQMrSi7M.jpg
4845346124.jpg
mLE4nT8Zqz81CM.jpg
6268584900.jpg
9728334699.jpg
PY5_Lm509T7Y6M.jpg
EEX4Ilp7dbzGoM.jpg
uo-0WNZmITn4iM.jpg
uUUcekPS-_EcHM.jpg
r8vFfgyw2Oe_4M.jpg
rwHmNwlJtsL3vM.jpg
JwJiUzTLSyo7sM.jpg
C686c28mE81MNM.jpg
XbjrSTq3xQdIQM.jpg
3710697155.jpg
4323509165.jpg
11759621095.jpg
2702691740.jpg
-V2nRto94DhlHM.jpg
S9K0DM3p80PAdM.jpg
2664721752.jpg
eGzxYpTS1cfJGM.jpg
UjqsdkZXkjArKM.jpg
wPSHzqKXHgH6rM.jpg
7354412246.jpg
qnJ7PaHd-vOLYM.jpg
9386144904.jpg
6128795921.jpg
16451633008.jpg
mpiqZWL7fjstPM.jpg
ewmewezFRktORM.jpg
5O1b8aIQMqkupM.jpg
9684746574.jpg
5fej6nPc17DjcM.jpg
10670385415.jpg
11759621095.jpg
6DE2zeGEkQGveM.jpg
3636478627.jpg
F6C9P-1K7BCqxM.jpg
3203864446.jpg
352442707.jpg
TiWmH65L0COXUM.jpg
Z7AvjrSca_qWWM.jpg
5500374205.jpg
k9h420MJMeOY6M.jpg
4178698290.jpg
6263355608.jpg
YJ3jMygg5zBNvM.jpg
11759621095.jpg
rwHmNwlJtsL3vM.jpg
14549162578.jpg
9G88jdN6r6y1NM.jpg
YoBnlt9j-jshTM.jpg
12363244285.jpg
gAZoCiqFYpuhEM.jpg
xaa27BvTsLnZIM.jpg
9G88jdN6r6y1NM.jpg
20075644962.jpg
15049899393.jpg
16249620128.jpg
bXFuhnAxHDZu8M.jpg
8102547815.jpg
qeIHwJ5uepdL2M.jpg
8hLLKsMPDOH31M.jpg
14933725474.jpg
8511150761.jpg
a687XJ6sH-HQvM.jpg
hWRgDUv8sVcewM.jpg
11000008874.jpg
3027461631.jpg
C686c28mE81MNM.jpg
2202691810.jpg
lcJihn2CZ4rsTM.jpg
rwHmNwlJtsL3vM.jpg
5898100822.jpg
8Dt5WBdteVDmXM.jpg
HS295pAdWkFrlM.jpg
4846143230.jpg
GP_3wZfbckwLqM.jpg
352442707.jpg
4GAmQqP65RGByM.jpg
8no5ZEgj5rdkiM.jpg
LNpPJ9jwOFSCWM.jpg
G1TWHUohdrzw1M.jpg
4244621137.jpg
39473115.jpg
20075644962.jpg
dz2yv-wk787HaM.jpg
16249620128.jpg
Z6vS3gqgCSq3_M.jpg
4042967875.jpg
4846143230.jpg
ZJY7iSqxMUVF6M.jpg
SuAoQrs9kbJJLM.jpg
ZoeRw2dyrcI89M.jpg
DrG0BJtksriSaM.jpg
jmDvoRWO8omHxM.jpg
2066118967.jpg
REWo2cClPT0QBM.jpg
20075644962.jpg
ZKGFCrumITp6NM.jpg
6802379556.jpg
UA_-1whKP7-YLM.jpg
XHy-8wuiUr26kM.jpg
SuAoQrs9kbJJLM.jpg
3711509040.jpg
hdAMCqP_jpWlsM.jpg
3QXGc7LBHTW1gM.jpg
EUETbjnF5sLcKM.jpg
UA_-1whKP7-YLM.jpg
3955104925.jpg
OtHPbeILCnAcxM.jpg
4847776947.jpg
28594847.jpg
gAZoCiqFYpuhEM.jpg
H2RDj6Nr-aMHIM.jpg
5vHaDSSpn0eGEM.jpg
KXYboPNuIg3itM.jpg
0v09M4mr4NmHvM.jpg
23203857136.jpg
7354412246.jpg
x8rkmhsCdPNNoM.jpg
DHaP7vgkul_A4M.jpg
14933725474.jpg
bXFuhnAxHDZu8M.jpg
drazPIiGlnHafM.jpg
dB3dtBZD98RJLM.jpg
IUCozFfKT_6QuM.jpg
Wa5f4X3FK_dRfM.jpg
3710697075.jpg
Z-Adhn6x5rnjbM.jpg
ggS0VExCmCDjMM.jpg
akX7tsHgwqqTuM.jpg
6486189281.jpg
KdGywNf5vB3x9M.jpg
OtHPbeILCnAcxM.jpg
oSKdoXAJA4hOAM.jpg
19151310492.jpg
hs1rPlHvdFrJRM.jpg
FCWEjGXkZZiR1M.jpg
6802379556.jpg
9684746574.jpg
-l-ek0KCpnuBNM.jpg
3710698735.jpg
RxPPyY6MHvUZoM.jpg
SuAoQrs9kbJJLM.jpg
CIMV9eJKfZODrM.jpg
uLk_c0tIHLzRPM.jpg
BXSRp3TvLlDPbM.jpg
5560344562.jpg
iy_HCUZWAkgJOM.jpg
4239345661.jpg
LNpPJ9jwOFSCWM.jpg
XHy-8wuiUr26kM.jpg
h4ZUiDT6674NSM.jpg
e5S6UQP6E6XQmM.jpg
7002027121.jpg
13698760.jpg
10999939906.jpg
YpOHBDZTFfLHNM.jpg
vF_0WVX54Av89M.jpg
6173542137.jpg
8no5ZEgj5rdkiM.jpg
YpOHBDZTFfLHNM.jpg
SjAevN61WIHTuM.jpg
4244621137.jpg
Th5vXPjB6Z8xHM.jpg
5447231364.jpg
67JuXHR5tb9FKM.jpg
GAjyl4kvN-FVUM.jpg
Z-Adhn6x5rnjbM.jpg
2702565024.jpg
0clh4p8qpwyJDM.jpg
Op6pqudWmtjvuM.jpg
0v09M4mr4NmHvM.jpg
11782407343.jpg
3779391620.jpg
S9K0DM3p80PAdM.jpg
14122162687.jpg
13893371871.jpg
w_TWBiG8HCgpZM.jpg
8392219917.jpg
nflaRq_r4EmJHM.jpg
3710697213.jpg
8Dt5WBdteVDmXM.jpg
6802379556.jpg
2iZXHxFGB3-aAM.jpg
5vHaDSSpn0eGEM.jpg
yA9Xf9zYIIBiKM.jpg
__tno_H34kyK4M.jpg
7-bsbsRlbVaruM.jpg
7fyqKVknupylbM.jpg
4312713155.jpg
FTqGs-T8KV1fKM.jpg
ZJY7iSqxMUVF6M.jpg
Vju2hfioCpkTjM.jpg
9cGHCHkr9Nz-PM.jpg
11717186666.jpg
qnJ7PaHd-vOLYM.jpg
7fyqKVknupylbM.jpg
7028027789.jpg
-V2nRto94DhlHM.jpg
24X4rY83wmpvdM.jpg
ktqxbIU4y39s8M.jpg
D_KyGTVlc2z64M.jpg
Z-Adhn6x5rnjbM.jpg
2701876633.jpg
6-mdt1oufFdRJM.jpg
iBvq7IRIlwpwtM.jpg
h4ZUiDT6674NSM.jpg
3lc84rkXeIAiIM.jpg
0clh4p8qpwyJDM.jpg
g5UDUJkY9JHsTM.jpg
2857972226.jpg
ePzBT2hF7dE9JM.jpg
VKCkOhNaUbezdM.jpg
2857972226.jpg
15004313690.jpg
r6xLLagS05ueCM.jpg
LD_EAnYyQMDfzM.jpg
O781BN2-KfT78M.jpg
9728334699.jpg
2702557940.jpg
LKoup_iVeI6DFM.jpg
4103893825.jpg
g34RrqYp4lPXqM.jpg
Z-Adhn6x5rnjbM.jpg
10147386414.jpg
rKebncsDVAypNM.jpg
10999862625.jpg
15541191864.jpg
4979671716.jpg
2702557940.jpg
3955887494.jpg
6784605357.jpg
Z7AvjrSca_qWWM.jpg
78nOQyAH3jTeuM.jpg
4339700476.jpg
C7QshwrV_DDQ1M.jpg
7028052165.jpg
5496212250.jpg
oSKdoXAJA4hOAM.jpg
H1svQHlCnenVsM.jpg
xIhf461Zimu9WM.jpg
cMZw5fWxaIycHM.jpg
Ist_42myBksz0M.jpg
42lk1OAEZV0D5M.jpg
VkNaTCIE-B7XFM.jpg
9684746574.jpg
YfRL3nu4EDxArM.jpg
78nOQyAH3jTeuM.jpg
CNmVyey2ApNyNM.jpg
0VYGSN6F3lDWyM.jpg
ZSLDo3g2O6XkEM.jpg
10765070103.jpg
UjqsdkZXkjArKM.jpg
JzM8_bZhepXWOM.jpg
dGq3JlpA0DRIOM.jpg
493782428.jpg
Vju2hfioCpkTjM.jpg
3625930926.jpg
FSG8t_YY6KW2KM.jpg
6128795921.jpg
xaa27BvTsLnZIM.jpg
w_TWBiG8HCgpZM.jpg
3636478627.jpg
IMdUlCffiKPaLM.jpg
6-mdt1oufFdRJM.jpg
wOAdqqu_vEjLvM.jpg
r1AG4AIHWajzHM.jpg
KXYboPNuIg3itM.jpg
YaPxGQ_eDgeQYM.jpg
V7bKRz92UVzy2M.jpg
6268584900.jpg
qOCTS_HS5OMvmM.jpg
oSKdoXAJA4hOAM.jpg
6018014638.jpg
__tno_H34kyK4M.jpg
-dsYtdMH3kLtKM.jpg
ggS0VExCmCDjMM.jpg
IMdUlCffiKPaLM.jpg
u9rBKypyJSl0qM.jpg
6882075172.jpg
O_Wlak-dDX_dfM.jpg
5O1b8aIQMqkupM.jpg
dtpB_HrsFS5Z5M.jpg
LKoup_iVeI6DFM.jpg
yW0wJkt11yJkHM.jpg
-NVgOIHcVORM1M.jpg
2664721752.jpg
11759621095.jpg
2168299615.jpg
r8WK8ai6UzrftM.jpg
u5BujfQ8mbq5mM.jpg
BXSRp3TvLlDPbM.jpg
t_ys-t0SFE3TWM.jpg
gok2GeURhJ7UHM.jpg
dgG9QqF0A-Ro0M.jpg
__tno_H34kyK4M.jpg
3203864446.jpg
H0sQcf91hI11wM.jpg
83FG_yWDEd-A0M.jpg
u8kRI5QgMUUOjM.jpg
2C9YUV6x57E4fM.jpg
285871238.jpg
Slemx3-ZIAuyAM.jpg
2702616276.jpg
19157030885.jpg
CWYlrDM83qTAUM.jpg
f5sukVniVtxfNM.jpg
LOPCh6KPwBqN8M.jpg
a687XJ6sH-HQvM.jpg
4313448410.jpg
4846143230.jpg
8512264768.jpg
ye_lxSKK0DnfmM.jpg
YXcY9weHlKjrrM.jpg
t_ys-t0SFE3TWM.jpg
