oPWVBajrtPwo5M.jpg
hdx6vUxo9kRETM.jpg
L-43L7ORgBYqRM.jpg
A3LgZBaHrJpYCM.jpg
REOLXden1z_OhM.jpg
K3_xFYpEjmHfTM.jpg
jNMI0IKHL6UoIM.jpg
DOQNXWhBQYUpfM.jpg
OPfekwGFe_ydHM.jpg
WNgsC02Ted9BnM.jpg
sq1rC7zd3_O7iM.jpg
QxPNi_CLsHzPbM.jpg
BSV5rSuyAtpU4M.jpg
hWK3BJNMlY41pM.jpg
ZHR5yUaFt-nt0M.jpg
9JxqL7Eg0b3_LM.jpg
svQVhqOHHXMYhM.jpg
ygJUvhq3iDkNMM.jpg
laf2oeYW1n1SbM.jpg
s7wUcgOAogsHRM.jpg
DlDleha8TT2xqM.jpg
fn0VE9hO7TZfFM.jpg
s1kdB3PpNCfokM.jpg
cjcihTZqbfwKJM.jpg
OEOrg7v2gjyrCM.jpg
3635407881.jpg
MGPTIQhPo4hJhM.jpg
Yblovsb45ZMrbM.jpg
tJPkBHH2hUylLM.jpg
xAUTQwQHK3r5OM.jpg
OPfekwGFe_ydHM.jpg
q5vhnwg3O3x4TM.jpg
AKfLftO1dL5t0M.jpg
lD3j7tiYOnqUMM.jpg
TzVkRYwsa-DNvM.jpg
0C20hA6o85qYmM.jpg
f1ov0NdFX_HZPM.jpg
J_60Zs0RG1lE0M.jpg
mkr3h__AZTX2OM.jpg
biSoQCPzXv26aM.jpg
-54M9p5JYqMKgM.jpg
Q6QyHSfDVKsD0M.jpg
q9wJRzAy9fpmUM.jpg
8i6_S-LPlHk60M.jpg
EkTyYIQ4F0tyVM.jpg
qSjqjzQOmY7vJM.jpg
68XHmTfxU-hJRM.jpg
VMDzd7fuALER6M.jpg
8TtJkaJTT8ZUPM.jpg
xBhPwGJ9V5m_PM.jpg
l5Pe5MDu42xr9M.jpg
MrlJ84e3NkTLuM.jpg
2AoZ6v8cRW96kM.jpg
EKyKnDSW5e9KSM.jpg
R24X8zprGotxfM.jpg
ueQaqGr7ca65GM.jpg
3eLjYC_lOkYqIM.jpg
U2wGA6n1MTrMoM.jpg
eLeLUrY2ITBl4M.jpg
TvmO8c5dLFMjBM.jpg
lvrnVhn3wQSoXM.jpg
TUj9hUywuB9FYM.jpg
wvhFnoZV1lPWYM.jpg
YDQYgZDEKkDDMM.jpg
WnEjXRqTnVr_5M.jpg
MfWW8ZgGmBymHM.jpg
XVjgA_yIzGCMsM.jpg
IKsjixNOMOshhM.jpg
W1JdtetTFc75eM.jpg
CBH4C--VtG6q4M.jpg
65pV-Ve8J7TPaM.jpg
6455389881.jpg
YsEbhGBTZFp8TM.jpg
b5ov5_n1zHZ0_M.jpg
OMxF1g0F5--W8M.jpg
2xVNIqavpuGXeM.jpg
hYDD6lyrNRcu1M.jpg
qlqE2abVC02CGM.jpg
tufi2h1hUEsYFM.jpg
oAHVqi3Qcs4rtM.jpg
rtwYm8_z9mSO0M.jpg
tufi2h1hUEsYFM.jpg
TUj9hUywuB9FYM.jpg
ItoPy1uuP6dIGM.jpg
eG9ZHdOuyws41M.jpg
AwXzaNj_MeAYcM.jpg
lc7_oyOmEV5ZlM.jpg
oeceKLhhQvZEWM.jpg
rqw0eRjCNHy3aM.jpg
X0uBmAbLnklHUM.jpg
vKGA62_-C1JZ5M.jpg
WJzYu8zPEfZcHM.jpg
Mw1mLqXotuZHLM.jpg
bMs-wuWHv5MJHM.jpg
zoAS2lJhlxcYLM.jpg
tOID9SlZLlyxEM.jpg
kJ_VDp7eYJC63M.jpg
2Sz5UK_eqNwmfM.jpg
YsEbhGBTZFp8TM.jpg
PWgSJ80c7pcNxM.jpg
ZrZEGInRU_z5gM.jpg
oPWVBajrtPwo5M.jpg
8i4Ase43yVXU_M.jpg
fsMWa84wtnMR6M.jpg
40237489.jpg
7ZG2MGzaljegTM.jpg
kMPKQ8JgATyY3M.jpg
F0OMtRm8wLRD_M.jpg
ly0Evinc26pg5M.jpg
3635407881.jpg
4c1g9Qd-8sR1gM.jpg
dfi4n0lXB1aCZM.jpg
1YN4yTxbOhmqCM.jpg
W06PnG12H5SnMM.jpg
t-A0QP7UwHi8DM.jpg
SzdkuBMc2Hzl7M.jpg
c_c9yz-jP_5PYM.jpg
1356148933.jpg
_QeBHv0qYl3ibM.jpg
YS0_Q76AjiBvzM.jpg
W1JdtetTFc75eM.jpg
ItoPy1uuP6dIGM.jpg
HOkTI8g7POv6GM.jpg
yVl-jlhP7yoBsM.jpg
18250480.jpg
0rYNLgOiA7PeiM.jpg
wWGVeEZ-pD63WM.jpg
6164418228.jpg
4388219301.jpg
72958746.jpg
kvCqqYr6_2xMzM.jpg
ulC9zUhrcYs_fM.jpg
0sif7zqPVJ8iNM.jpg
LSn8OdGzj--OTM.jpg
365315918.jpg
A9QIZu1XXUy6qM.jpg
7ZG2MGzaljegTM.jpg
aQvqjYHPyA_LRM.jpg
GG1i2SP4QRUZWM.jpg
5iN1W_66ZxoL2M.jpg
QmVpToseelLbZM.jpg
1842357684.jpg
365315918.jpg
zNOhy-J0ZgLobM.jpg
6PugohXHth3qgM.jpg
GUyWMOmBeysc1M.jpg
fsMWa84wtnMR6M.jpg
nlnaHVZ-yaPamM.jpg
tQEFPRChSSHovM.jpg
5497141802.jpg
buX2vFto7aUvlM.jpg
xAUTQwQHK3r5OM.jpg
230251066.jpg
cC-Fo3QWIN6gRM.jpg
oUoqqlah1dcJlM.jpg
FajwMaMnDghJtM.jpg
9JxqL7Eg0b3_LM.jpg
XVjgA_yIzGCMsM.jpg
MYu1TxB_dYvgMM.jpg
5JuuqM8iulY-RM.jpg
OEOrg7v2gjyrCM.jpg
KMRxB8B0pGE81M.jpg
VSo9eHzmtpijLM.jpg
R8SbettBq8utNM.jpg
DuQhiDQZOO0imM.jpg
GQ0DrCKJZ65ehM.jpg
nkuvf-x88Lks8M.jpg
9JxqL7Eg0b3_LM.jpg
V5HGgSWjQZj0KM.jpg
0BTst5jXp2gCHM.jpg
gcuBFhEGSM9YFM.jpg
FDQzgZoJB1674M.jpg
1YN4yTxbOhmqCM.jpg
BRI02KhBhBEcmM.jpg
8b3Cl7UUjrUJiM.jpg
vWTF-TcFWvkUYM.jpg
GKT9Au10ZjJv4M.jpg
C27s50L8s-0XmM.jpg
GX2RAPDPfSQElM.jpg
vCqlQY2hNSCg6M.jpg
_I8SF9MPLV0RyM.jpg
ZVBT0dIldHyR2M.jpg
eohE-c2HWa2rWM.jpg
