Z1WvhWhFGU642M.jpg
HmVsek639pTLPM.jpg
4482491047.jpg
2zumnESzms2i2M.jpg
5495958398.jpg
4322863191.jpg
MzBC4nOR0IDTwM.jpg
3392336072.jpg
5124398036.jpg
6578345591.jpg
jr-tLhhMlEqulM.jpg
5455056106.jpg
3233903291.jpg
HGU9RCEL4AbhLM.jpg
7353489934.jpg
2940057546.jpg
k9DdXQd11ImccM.jpg
x8Jf_NVp6RGlRM.jpg
SGMZuq4YWiWk5M.jpg
hv_1TSTfTUYbKM.jpg
3470494036.jpg
CcyfnP5UvdrU3M.jpg
hQppYoZRNoJduM.jpg
9163110531.jpg
5054585121.jpg
16500091501.jpg
46232530.jpg
7214950216.jpg
kWFSow2a2XcWLM.jpg
v2mkBO82dYSA3M.jpg
5124398036.jpg
c0CQYFbLJWSRjM.jpg
3014548935.jpg
Q2GDzWAc16l2GM.jpg
5991438295.jpg
10255382736.jpg
AyVUM_SDXpT8AM.jpg
4262339437.jpg
VFoFgYzaYEi8SM.jpg
8920791553.jpg
-X9WtuPpPyZyBM.jpg
5317820857.jpg
cnfXhjJHdXnjzM.jpg
2872651687.jpg
3550889221.jpg
dDl-XW1ankH4fM.jpg
2491885142.jpg
6254120283.jpg
28346351.jpg
v4uiMfPxJVXKHM.jpg
PlIqadq28Rg-lM.jpg
4794054724.jpg
15445451196.jpg
3513297579.jpg
5481296133.jpg
ng5viurbxETeGM.jpg
1833752185.jpg
5PxKxGklTZiLhM.jpg
9720842047.jpg
5966800221.jpg
TB9rOwiOOXEX2M.jpg
5867035144.jpg
uKb1T6Hu6KUFoM.jpg
6TUguV2pABiVPM.jpg
6775442951.jpg
475967305.jpg
68897083.jpg
4084316090.jpg
6332924735.jpg
330162135.jpg
2486776097.jpg
2470617317.jpg
7236397742.jpg
856398110.jpg
5124398036.jpg
15960591896.jpg
HmVsek639pTLPM.jpg
diDHAsDTqbfZRM.jpg
maDRcAUL0oyeVM.jpg
YULH7q02PaQ3PM.jpg
hI5LbwEzpltpiM.jpg
ma-1uW28U-YTTM.jpg
5879528013.jpg
417105419.jpg
9654441118.jpg
317087176.jpg
SOq-3_UIbuBs3M.jpg
_Ip9qv7lXTgj_M.jpg
gqHiWI2onohy2M.jpg
6808858436.jpg
rWHYzuZB_jZs2M.jpg
646353906.jpg
4815384698.jpg
8627227248.jpg
zUq00O8nQhzVoM.jpg
l7pZ0HZSCESxfM.jpg
O-U5sFDZ5-W0aM.jpg
15605538680.jpg
7236397742.jpg
5203192065.jpg
7ZWEVaFnLlzn-M.jpg
ZB8fBEqrCs46fM.jpg
2870081780.jpg
Clnfv9CxZpRiwM.jpg
195245495.jpg
26Aua7X65_6mzM.jpg
OG4NniqQyGrWCM.jpg
363643431.jpg
TQ97vblAUOfeFM.jpg
16500091501.jpg
223981375.jpg
957182793.jpg
1347487165.jpg
6332480947.jpg
k9DdXQd11ImccM.jpg
5757481525.jpg
915130448.jpg
114504241.jpg
80632690.jpg
7170104710.jpg
6334206502.jpg
417105419.jpg
3KUTbPeF3_3msM.jpg
whVdrYi21q7AoM.jpg
1245272630.jpg
10926012.jpg
tyo8p_Z2RnY6jM.jpg
24579385812.jpg
20362202991.jpg
263994089.jpg
P6AgPV1Nga7CfM.jpg
ourcN8CYIq6d6M.jpg
10961472935.jpg
4531411384.jpg
1650084.jpg
301322337.jpg
27169819.jpg
8376955631.jpg
3819348003.jpg
2428129945.jpg
5450108929.jpg
12853234134.jpg
16500091501.jpg
yMnT2nn5Wjk50M.jpg
2545822226.jpg
3888827982.jpg
Clnfv9CxZpRiwM.jpg
X_ckR_Y1LKOgJM.jpg
lPM1mVo9drSM4M.jpg
2374538161.jpg
8_5dhw2S4uVADM.jpg
v2mkBO82dYSA3M.jpg
14267251988.jpg
9020507.jpg
ZHsqT9VDFrWMwM.jpg
3713441792.jpg
2940057546.jpg
6892072272.jpg
4716116914.jpg
2412155994.jpg
50438676.jpg
4368484037.jpg
6262058866.jpg
5482445681.jpg
347961179.jpg
387439581.jpg
XXe1FzVIjkNSaM.jpg
29457123.jpg
6143985934.jpg
10142282.jpg
Ee7cT2vcRw3gcM.jpg
3643470419.jpg
1347487165.jpg
3225070127.jpg
2855090255.jpg
sTzgIXHAjsqvFM.jpg
3829479606.jpg
327150460.jpg
390331338.jpg
r5BzEHtCcKXWZM.jpg
7r4i-HP2o-MdUM.jpg
7459805756.jpg
AMXNFaa4vh_UdM.jpg
413598228.jpg
4412012299.jpg
8447200336.jpg
-pSkIVCd8bT-nM.jpg
2503674582.jpg
363647817.jpg
28346352.jpg
8176256192.jpg
403384682.jpg
dc4OjEeNDpUzWM.jpg
6255869931.jpg
4412012299.jpg
4288226177.jpg
9651154611.jpg
443786175.jpg
8665048052.jpg
1347557872.jpg
475967305.jpg
3-lK2kpuwo0c0M.jpg
231294692.jpg
5686826152.jpg
5206196188.jpg
6158745145.jpg
HFhCN6ck8-ULrM.jpg
f8hbfGg8mTPUuM.jpg
535234076.jpg
347962307.jpg
4k_YA4HQGBeiiM.jpg
RWx1Ldbc_M0bUM.jpg
dc4OjEeNDpUzWM.jpg
St-dneFPxhbxGM.jpg
2472806495.jpg
zvMe6J2T8Ra9nM.jpg
7pSa7HM_IO0mqM.jpg
15651732029.jpg
BmjfYo0_9RygKM.jpg
xodqqkD6CrznaM.jpg
4288226177.jpg
9096491311.jpg
3486833420.jpg
26508800025.jpg
AYPHzVKaV2PCtM.jpg
-qJYeTA1jUceqM.jpg
UxzvdBm2yXNtrM.jpg
5692964178.jpg
16377258000.jpg
1BIrzZFA61CEzM.jpg
8418326300.jpg
dVDirAw2wgxYxM.jpg
3218127924.jpg
wV5wFNWHuk3fgM.jpg
16457086056.jpg
aFQeGhPlhZjhMM.jpg
4248020489.jpg
15564198130.jpg
31706914.jpg
4882841677.jpg
NqC3QVJ5oYFzGM.jpg
b8ml4C6vhx5imM.jpg
2123596396.jpg
5570919264.jpg
8447200336.jpg
3775536917.jpg
dJswntujNTyrmM.jpg
3189532635.jpg
10714523536.jpg
12RRVvgcAsh95M.jpg
915130638.jpg
6130793158.jpg
r5BzEHtCcKXWZM.jpg
pKB_H0I1efvhcM.jpg
k9DdXQd11ImccM.jpg
13053336253.jpg
Frb-B33ezxdbeM.jpg
9651141951.jpg
8502758815.jpg
9kT_-DhckWWhhM.jpg
i2Ql__SGhCvfNM.jpg
8199624711.jpg
4010171353.jpg
5823768928.jpg
26056672334.jpg
6757056855.jpg
0ZYnTXUx4H1ilM.jpg
2257863824.jpg
363647477.jpg
NeOaMCoclTkR9M.jpg
Arl4zOrEVqXHFM.jpg
36460508.jpg
7403974480.jpg
12RRVvgcAsh95M.jpg
2336574516.jpg
wobk6756zSBUNM.jpg
330161991.jpg
420825941.jpg
5969572316.jpg
331910734.jpg
5134862.jpg
28346352.jpg
1348442435.jpg
2427862240.jpg
5615674016.jpg
1492550899.jpg
42n0QUsTToYTvM.jpg
357306163.jpg
442208852.jpg
16448074736.jpg
jv0Zz73oA5YoTM.jpg
5079721444.jpg
YDER1nNnTZJOEM.jpg
w5hyYuYbVXUDlM.jpg
373965365.jpg
5156070016.jpg
9648572274.jpg
453330611.jpg
3373381395.jpg
DLmgg03CO83bNM.jpg
gph3ZL6iWfYTqM.jpg
lQw-un8aAhrXtM.jpg
7866474954.jpg
401804400.jpg
vtltPIhPyaGTCM.jpg
8193123943.jpg
146738187.jpg
15660298196.jpg
FzGLmHPTKTnHQM.jpg
14338541067.jpg
0Z8Ct8EqbM5_zM.jpg
4191671582.jpg
5561222350.jpg
479713288.jpg
520799783.jpg
66375813.jpg
9107774948.jpg
450943951.jpg
3991146199.jpg
ySvadDRq--bd0M.jpg
3014548935.jpg
Lx37XNDczorLFM.jpg
45929248.jpg
3888827982.jpg
145325772.jpg
bkFGQFk2dWMFVM.jpg
9651154611.jpg
i2Ql__SGhCvfNM.jpg
4841133336.jpg
90487083.jpg
1BIrzZFA61CEzM.jpg
