G-SJMb2DkEK-FM.jpg
8vW-3W_1oOiCNM.jpg
3702640954.jpg
24172316941.jpg
4157524054.jpg
362999544.jpg
9254985231.jpg
2851942431.jpg
4002760203.jpg
4983268147.jpg
X3vuZvrElEzelM.jpg
4150437173.jpg
2561618247.jpg
8949356499.jpg
5549879478.jpg
23973074200.jpg
Y0bSu5GUzebsjM.jpg
ulqn7G94r_XcOM.jpg
96487700.jpg
VUrr_SrX7fB4kM.jpg
28Kg477jxcABAM.jpg
8153211833.jpg
UlM-43O6mfqH8M.jpg
6991954361.jpg
3H6e-wNhdfc1EM.jpg
14980477230.jpg
3738115761.jpg
5416344747.jpg
Zbo0aaRJYQOVmM.jpg
ploQKq2DCosQeM.jpg
4002760203.jpg
LO6UlCVbcbftlM.jpg
24173041001.jpg
9436840541.jpg
4484892265.jpg
10710109686.jpg
7rddWf9SOIJ1PM.jpg
3598942941.jpg
BRmVj5AX1ofXBM.jpg
6580050641.jpg
-7hnU1HmXOmQ5M.jpg
4090590158.jpg
M0eGHWk1YnK_HM.jpg
239049530.jpg
3102131911.jpg
N8olY29EVD4o0M.jpg
1L8a5Fjxwh1VtM.jpg
4632496920.jpg
